<?xml version="1.0" encoding="UTF-8" ?>
<testsuite errors="0" failures="0" hostname="travis-job-7e232445-1879-4eb2-bab3-112976a81e52" name="ptolemy.domains.continuous.test.junit.JUnitTclTest" skipped="0" tests="156" time="74.141" timestamp="2018-12-14T03:00:55">
  <properties>
[...]
</properties>
  <testcase classname="ptolemy.util.test.junit.TclTests" name="[0] ThereAreNoTclTests (RunTclFile)" time="0.001" />
  <testcase classname="ptolemy.util.test.junit.AutoKnownFailedTests" name="[0] ThereAreNoKnowFailedTests (RunModel)" time="0.001" />
  <testcase classname="ptolemy.util.test.junit.AutoNameArchTests" name="[0] ThereAreNoAutoArchTests (RunModel)" time="0.002" />
  <testcase classname="ptolemy.util.test.junit.AutoTests" name="[0] /home/travis/build/icyphy/ptII/ptolemy/domains/continuous/test/auto/BouncingBall.xml (RunModel)" time="2.805" />
  <testcase classname="ptolemy.util.test.junit.AutoTests" name="[1] /home/travis/build/icyphy/ptII/ptolemy/domains/continuous/test/auto/BouncingBallWithoutGR.xml (RunModel)" time="0.998" />
  <testcase classname="ptolemy.util.test.junit.AutoTests" name="[2] /home/travis/build/icyphy/ptII/ptolemy/domains/continuous/test/auto/Brownian.xml (RunModel)" time="0.12" />
  <testcase classname="ptolemy.util.test.junit.AutoTests" name="[3] /home/travis/build/icyphy/ptII/ptolemy/domains/continuous/test/auto/CarTracking.xml (RunModel)" time="3.594" />
  <testcase classname="ptolemy.util.test.junit.AutoTests" name="[4] /home/travis/build/icyphy/ptII/ptolemy/domains/continuous/test/auto/CartPendulum.xml (RunModel)" time="0.531" />
  <testcase classname="ptolemy.util.test.junit.AutoTests" name="[5] /home/travis/build/icyphy/ptII/ptolemy/domains/continuous/test/auto/CausalityInterface10.xml (RunModel)" time="0.044" />
  <testcase classname="ptolemy.util.test.junit.AutoTests" name="[6] /home/travis/build/icyphy/ptII/ptolemy/domains/continuous/test/auto/CausalityInterface11.xml (RunModel)" time="0.033" />
  <testcase classname="ptolemy.util.test.junit.AutoTests" name="[7] /home/travis/build/icyphy/ptII/ptolemy/domains/continuous/test/auto/CausalityInterface12.xml (RunModel)" time="0.026" />
  <testcase classname="ptolemy.util.test.junit.AutoTests" name="[8] /home/travis/build/icyphy/ptII/ptolemy/domains/continuous/test/auto/CausalityInterface13.xml (RunModel)" time="0.03" />
  <testcase classname="ptolemy.util.test.junit.AutoTests" name="[9] /home/travis/build/icyphy/ptII/ptolemy/domains/continuous/test/auto/CausalityInterface14.xml (RunModel)" time="0.024" />
  <testcase classname="ptolemy.util.test.junit.AutoTests" name="[10] /home/travis/build/icyphy/ptII/ptolemy/domains/continuous/test/auto/CausalityInterface4.xml (RunModel)" time="0.033" />
  <testcase classname="ptolemy.util.test.junit.AutoTests" name="[11] /home/travis/build/icyphy/ptII/ptolemy/domains/continuous/test/auto/CausalityInterface5.xml (RunModel)" time="0.038" />
  <testcase classname="ptolemy.util.test.junit.AutoTests" name="[12] /home/travis/build/icyphy/ptII/ptolemy/domains/continuous/test/auto/CausalityInterface6.xml (RunModel)" time="0.024" />
  <testcase classname="ptolemy.util.test.junit.AutoTests" name="[13] /home/travis/build/icyphy/ptII/ptolemy/domains/continuous/test/auto/CausalityInterface7.xml (RunModel)" time="0.04" />
  <testcase classname="ptolemy.util.test.junit.AutoTests" name="[14] /home/travis/build/icyphy/ptII/ptolemy/domains/continuous/test/auto/CausalityInterface8.xml (RunModel)" time="0.034" />
  <testcase classname="ptolemy.util.test.junit.AutoTests" name="[15] /home/travis/build/icyphy/ptII/ptolemy/domains/continuous/test/auto/CausalityInterface9.xml (RunModel)" time="0.048" />
  <testcase classname="ptolemy.util.test.junit.AutoTests" name="[16] /home/travis/build/icyphy/ptII/ptolemy/domains/continuous/test/auto/CausalityInterfaceFeedback1.xml (RunModel)" time="0.035" />
  <testcase classname="ptolemy.util.test.junit.AutoTests" name="[17] /home/travis/build/icyphy/ptII/ptolemy/domains/continuous/test/auto/CausalityInterfaceFeedback2.xml (RunModel)" time="0.04" />
  <testcase classname="ptolemy.util.test.junit.AutoTests" name="[18] /home/travis/build/icyphy/ptII/ptolemy/domains/continuous/test/auto/CompareWithCurrentTime.xml (RunModel)" time="0.02" />
  <testcase classname="ptolemy.util.test.junit.AutoTests" name="[19] /home/travis/build/icyphy/ptII/ptolemy/domains/continuous/test/auto/ComparedClocks.xml (RunModel)" time="0.081" />
  <testcase classname="ptolemy.util.test.junit.AutoTests" name="[20] /home/travis/build/icyphy/ptII/ptolemy/domains/continuous/test/auto/ContinuousAOCClone.xml (RunModel)" time="2.756" />
  <testcase classname="ptolemy.util.test.junit.AutoTests" name="[21] /home/travis/build/icyphy/ptII/ptolemy/domains/continuous/test/auto/ContinuousClock.xml (RunModel)" time="0.09" />
  <testcase classname="ptolemy.util.test.junit.AutoTests" name="[22] /home/travis/build/icyphy/ptII/ptolemy/domains/continuous/test/auto/ContinuousInContinuous.xml (RunModel)" time="0.091" />
  <testcase classname="ptolemy.util.test.junit.AutoTests" name="[23] /home/travis/build/icyphy/ptII/ptolemy/domains/continuous/test/auto/ContinuousInContinuousInContinuous.xml (RunModel)" time="0.033" />
  <testcase classname="ptolemy.util.test.junit.AutoTests" name="[24] /home/travis/build/icyphy/ptII/ptolemy/domains/continuous/test/auto/ContinuousInDE.xml (RunModel)" time="0.125" />
  <testcase classname="ptolemy.util.test.junit.AutoTests" name="[25] /home/travis/build/icyphy/ptII/ptolemy/domains/continuous/test/auto/ContinuousInDE2.xml (RunModel)" time="0.051" />
  <testcase classname="ptolemy.util.test.junit.AutoTests" name="[26] /home/travis/build/icyphy/ptII/ptolemy/domains/continuous/test/auto/ContinuousInDE3.xml (RunModel)" time="0.053" />
  <testcase classname="ptolemy.util.test.junit.AutoTests" name="[27] /home/travis/build/icyphy/ptII/ptolemy/domains/continuous/test/auto/ContinuousInDE4.xml (RunModel)" time="0.036" />
  <testcase classname="ptolemy.util.test.junit.AutoTests" name="[28] /home/travis/build/icyphy/ptII/ptolemy/domains/continuous/test/auto/ContinuousInDEDifferentRefinements.xml (RunModel)" time="0.115" />
  <testcase classname="ptolemy.util.test.junit.AutoTests" name="[29] /home/travis/build/icyphy/ptII/ptolemy/domains/continuous/test/auto/ContinuousInDEDifferentRefinementsPreemptive.xml (RunModel)" time="0.093" />
  <testcase classname="ptolemy.util.test.junit.AutoTests" name="[30] /home/travis/build/icyphy/ptII/ptolemy/domains/continuous/test/auto/ContinuousInDEInContinuous2.xml (RunModel)" time="0.07" />
  <testcase classname="ptolemy.util.test.junit.AutoTests" name="[31] /home/travis/build/icyphy/ptII/ptolemy/domains/continuous/test/auto/ContinuousInDEInContinuous3.xml (RunModel)" time="0.064" />
  <testcase classname="ptolemy.util.test.junit.AutoTests" name="[32] /home/travis/build/icyphy/ptII/ptolemy/domains/continuous/test/auto/ContinuousInDEInput.xml (RunModel)" time="0.039" />
  <testcase classname="ptolemy.util.test.junit.AutoTests" name="[33] /home/travis/build/icyphy/ptII/ptolemy/domains/continuous/test/auto/ContinuousInDEInput2.xml (RunModel)" time="0.026" />
  <testcase classname="ptolemy.util.test.junit.AutoTests" name="[34] /home/travis/build/icyphy/ptII/ptolemy/domains/continuous/test/auto/ContinuousInDEInput3.xml (RunModel)" time="0.026" />
  <testcase classname="ptolemy.util.test.junit.AutoTests" name="[35] /home/travis/build/icyphy/ptII/ptolemy/domains/continuous/test/auto/ContinuousInDESharingRefinement.xml (RunModel)" time="0.18" />
  <testcase classname="ptolemy.util.test.junit.AutoTests" name="[36] /home/travis/build/icyphy/ptII/ptolemy/domains/continuous/test/auto/ContinuousInDEwithNoPorts.xml (RunModel)" time="0.015" />
  <testcase classname="ptolemy.util.test.junit.AutoTests" name="[37] /home/travis/build/icyphy/ptII/ptolemy/domains/continuous/test/auto/ContinuousInsideDE.xml (RunModel)" time="0.089" />
  <testcase classname="ptolemy.util.test.junit.AutoTests" name="[38] /home/travis/build/icyphy/ptII/ptolemy/domains/continuous/test/auto/ContinuousMerge1.xml (RunModel)" time="0.016" />
  <testcase classname="ptolemy.util.test.junit.AutoTests" name="[39] /home/travis/build/icyphy/ptII/ptolemy/domains/continuous/test/auto/ContinuousMerge2.xml (RunModel)" time="0.052" />
  <testcase classname="ptolemy.util.test.junit.AutoTests" name="[40] /home/travis/build/icyphy/ptII/ptolemy/domains/continuous/test/auto/ContinuousMerge3.xml (RunModel)" time="0.071" />
  <testcase classname="ptolemy.util.test.junit.AutoTests" name="[41] /home/travis/build/icyphy/ptII/ptolemy/domains/continuous/test/auto/ContinuousWithinContinuous.xml (RunModel)" time="0.064" />
  <testcase classname="ptolemy.util.test.junit.AutoTests" name="[42] /home/travis/build/icyphy/ptII/ptolemy/domains/continuous/test/auto/ContinuousWithinContinuous2.xml (RunModel)" time="0.075" />
  <testcase classname="ptolemy.util.test.junit.AutoTests" name="[43] /home/travis/build/icyphy/ptII/ptolemy/domains/continuous/test/auto/ContinuousWithinContinuous3.xml (RunModel)" time="0.026" />
  <testcase classname="ptolemy.util.test.junit.AutoTests" name="[44] /home/travis/build/icyphy/ptII/ptolemy/domains/continuous/test/auto/ContinuousWithinContinuous4.xml (RunModel)" time="0.094" />
  <testcase classname="ptolemy.util.test.junit.AutoTests" name="[45] /home/travis/build/icyphy/ptII/ptolemy/domains/continuous/test/auto/ContinuousWithinContinuous5.xml (RunModel)" time="0.029" />
  <testcase classname="ptolemy.util.test.junit.AutoTests" name="[46] /home/travis/build/icyphy/ptII/ptolemy/domains/continuous/test/auto/ContinuousWithinContinuous6.xml (RunModel)" time="0.037" />
  <testcase classname="ptolemy.util.test.junit.AutoTests" name="[47] /home/travis/build/icyphy/ptII/ptolemy/domains/continuous/test/auto/ContinuousWithinContinuous7.xml (RunModel)" time="0.073" />
  <testcase classname="ptolemy.util.test.junit.AutoTests" name="[48] /home/travis/build/icyphy/ptII/ptolemy/domains/continuous/test/auto/DCMotor.xml (RunModel)" time="14.235" />
  <testcase classname="ptolemy.util.test.junit.AutoTests" name="[49] /home/travis/build/icyphy/ptII/ptolemy/domains/continuous/test/auto/DEInContinuous.xml (RunModel)" time="0.032" />
  <testcase classname="ptolemy.util.test.junit.AutoTests" name="[50] /home/travis/build/icyphy/ptII/ptolemy/domains/continuous/test/auto/DEinContinuous2.xml (RunModel)" time="0.036" />
  <testcase classname="ptolemy.util.test.junit.AutoTests" name="[51] /home/travis/build/icyphy/ptII/ptolemy/domains/continuous/test/auto/Derivative.xml (RunModel)" time="0.21" />
  <testcase classname="ptolemy.util.test.junit.AutoTests" name="[52] /home/travis/build/icyphy/ptII/ptolemy/domains/continuous/test/auto/Derivative1.xml (RunModel)" time="0.065" />
  <testcase classname="ptolemy.util.test.junit.AutoTests" name="[53] /home/travis/build/icyphy/ptII/ptolemy/domains/continuous/test/auto/DiscreteClock.xml (RunModel)" time="0.014" />
  <testcase classname="ptolemy.util.test.junit.AutoTests" name="[54] /home/travis/build/icyphy/ptII/ptolemy/domains/continuous/test/auto/EfficiencyCurve.xml (RunModel)" time="0.127" />
  <testcase classname="ptolemy.util.test.junit.AutoTests" name="[55] /home/travis/build/icyphy/ptII/ptolemy/domains/continuous/test/auto/ExponentialResponse.xml (RunModel)" time="0.119" />
  <testcase classname="ptolemy.util.test.junit.AutoTests" name="[56] /home/travis/build/icyphy/ptII/ptolemy/domains/continuous/test/auto/ExponentialResponseRK45.xml (RunModel)" time="0.036" />
  <testcase classname="ptolemy.util.test.junit.AutoTests" name="[57] /home/travis/build/icyphy/ptII/ptolemy/domains/continuous/test/auto/Friction.xml (RunModel)" time="1.527" />
  <testcase classname="ptolemy.util.test.junit.AutoTests" name="[58] /home/travis/build/icyphy/ptII/ptolemy/domains/continuous/test/auto/FurutaPendulum.xml (RunModel)" time="3.81" />
  <testcase classname="ptolemy.util.test.junit.AutoTests" name="[59] /home/travis/build/icyphy/ptII/ptolemy/domains/continuous/test/auto/HierarchicalExecution.xml (RunModel)" time="2.172" />
  <testcase classname="ptolemy.util.test.junit.AutoTests" name="[60] /home/travis/build/icyphy/ptII/ptolemy/domains/continuous/test/auto/HybridPlant.xml (RunModel)" time="0.594" />
  <testcase classname="ptolemy.util.test.junit.AutoTests" name="[61] /home/travis/build/icyphy/ptII/ptolemy/domains/continuous/test/auto/Hysteresis.xml (RunModel)" time="0.174" />
  <testcase classname="ptolemy.util.test.junit.AutoTests" name="[62] /home/travis/build/icyphy/ptII/ptolemy/domains/continuous/test/auto/HysteresisWithRandomDelay.xml (RunModel)" time="0.223" />
  <testcase classname="ptolemy.util.test.junit.AutoTests" name="[63] /home/travis/build/icyphy/ptII/ptolemy/domains/continuous/test/auto/HysteresisWithRandomLosses.xml (RunModel)" time="2.378" />
  <testcase classname="ptolemy.util.test.junit.AutoTests" name="[64] /home/travis/build/icyphy/ptII/ptolemy/domains/continuous/test/auto/ImmediateTransitions.xml (RunModel)" time="0.041" />
  <testcase classname="ptolemy.util.test.junit.AutoTests" name="[65] /home/travis/build/icyphy/ptII/ptolemy/domains/continuous/test/auto/ImpulseFeedback.xml (RunModel)" time="0.025" />
  <testcase classname="ptolemy.util.test.junit.AutoTests" name="[66] /home/travis/build/icyphy/ptII/ptolemy/domains/continuous/test/auto/ImpulseFeedback2.xml (RunModel)" time="0.02" />
  <testcase classname="ptolemy.util.test.junit.AutoTests" name="[67] /home/travis/build/icyphy/ptII/ptolemy/domains/continuous/test/auto/IncreasingRatePoisson.xml (RunModel)" time="0.666" />
  <testcase classname="ptolemy.util.test.junit.AutoTests" name="[68] /home/travis/build/icyphy/ptII/ptolemy/domains/continuous/test/auto/InitialStateFeedback.xml (RunModel)" time="0.019" />
  <testcase classname="ptolemy.util.test.junit.AutoTests" name="[69] /home/travis/build/icyphy/ptII/ptolemy/domains/continuous/test/auto/Integration.xml (RunModel)" time="0.014" />
  <testcase classname="ptolemy.util.test.junit.AutoTests" name="[70] /home/travis/build/icyphy/ptII/ptolemy/domains/continuous/test/auto/Integration2.xml (RunModel)" time="0.089" />
  <testcase classname="ptolemy.util.test.junit.AutoTests" name="[71] /home/travis/build/icyphy/ptII/ptolemy/domains/continuous/test/auto/Integration3.xml (RunModel)" time="0.014" />
  <testcase classname="ptolemy.util.test.junit.AutoTests" name="[72] /home/travis/build/icyphy/ptII/ptolemy/domains/continuous/test/auto/Integration5.xml (RunModel)" time="0.025" />
  <testcase classname="ptolemy.util.test.junit.AutoTests" name="[73] /home/travis/build/icyphy/ptII/ptolemy/domains/continuous/test/auto/IntegratorImpulse.xml (RunModel)" time="0.011" />
  <testcase classname="ptolemy.util.test.junit.AutoTests" name="[74] /home/travis/build/icyphy/ptII/ptolemy/domains/continuous/test/auto/IntegratorImpulse2.xml (RunModel)" time="0.012" />
  <testcase classname="ptolemy.util.test.junit.AutoTests" name="[75] /home/travis/build/icyphy/ptII/ptolemy/domains/continuous/test/auto/LevelCrossing1.xml (RunModel)" time="0.013" />
  <testcase classname="ptolemy.util.test.junit.AutoTests" name="[76] /home/travis/build/icyphy/ptII/ptolemy/domains/continuous/test/auto/LevelCrossing2.xml (RunModel)" time="0.014" />
  <testcase classname="ptolemy.util.test.junit.AutoTests" name="[77] /home/travis/build/icyphy/ptII/ptolemy/domains/continuous/test/auto/LevelCrossing3.xml (RunModel)" time="0.013" />
  <testcase classname="ptolemy.util.test.junit.AutoTests" name="[78] /home/travis/build/icyphy/ptII/ptolemy/domains/continuous/test/auto/LevelCrossing4.xml (RunModel)" time="0.017" />
  <testcase classname="ptolemy.util.test.junit.AutoTests" name="[79] /home/travis/build/icyphy/ptII/ptolemy/domains/continuous/test/auto/LevelCrossing5.xml (RunModel)" time="0.014" />
  <testcase classname="ptolemy.util.test.junit.AutoTests" name="[80] /home/travis/build/icyphy/ptII/ptolemy/domains/continuous/test/auto/LevelCrossing6.xml (RunModel)" time="0.015" />
  <testcase classname="ptolemy.util.test.junit.AutoTests" name="[81] /home/travis/build/icyphy/ptII/ptolemy/domains/continuous/test/auto/LevelCrossingDetector.xml (RunModel)" time="0.045" />
  <testcase classname="ptolemy.util.test.junit.AutoTests" name="[82] /home/travis/build/icyphy/ptII/ptolemy/domains/continuous/test/auto/LevelCrossingDetectorDetectingDirections.xml (RunModel)" time="0.084" />
  <testcase classname="ptolemy.util.test.junit.AutoTests" name="[83] /home/travis/build/icyphy/ptII/ptolemy/domains/continuous/test/auto/LevelCrossingDetectorDetectsGlitches.xml (RunModel)" time="0.068" />
  <testcase classname="ptolemy.util.test.junit.AutoTests" name="[84] /home/travis/build/icyphy/ptII/ptolemy/domains/continuous/test/auto/LevelCrossingNoInitialOuput.xml (RunModel)" time="0.013" />
  <testcase classname="ptolemy.util.test.junit.AutoTests" name="[85] /home/travis/build/icyphy/ptII/ptolemy/domains/continuous/test/auto/LinearStateSpaceExample.xml (RunModel)" time="0.048" />
  <testcase classname="ptolemy.util.test.junit.AutoTests" name="[86] /home/travis/build/icyphy/ptII/ptolemy/domains/continuous/test/auto/Lorenz.xml (RunModel)" time="3.861" />
  <testcase classname="ptolemy.util.test.junit.AutoTests" name="[87] /home/travis/build/icyphy/ptII/ptolemy/domains/continuous/test/auto/LorenzDifferentialSystem.xml (RunModel)" time="1.223" />
  <testcase classname="ptolemy.util.test.junit.AutoTests" name="[88] /home/travis/build/icyphy/ptII/ptolemy/domains/continuous/test/auto/LorenzDifferentialSystemWithInput.xml (RunModel)" time="1.496" />
  <testcase classname="ptolemy.util.test.junit.AutoTests" name="[89] /home/travis/build/icyphy/ptII/ptolemy/domains/continuous/test/auto/LorenzDifferentialSystemWithTime.xml (RunModel)" time="0.792" />
  <testcase classname="ptolemy.util.test.junit.AutoTests" name="[90] /home/travis/build/icyphy/ptII/ptolemy/domains/continuous/test/auto/Microsteps.xml (RunModel)" time="0.025" />
  <testcase classname="ptolemy.util.test.junit.AutoTests" name="[91] /home/travis/build/icyphy/ptII/ptolemy/domains/continuous/test/auto/Modal1.xml (RunModel)" time="0.043" />
  <testcase classname="ptolemy.util.test.junit.AutoTests" name="[92] /home/travis/build/icyphy/ptII/ptolemy/domains/continuous/test/auto/Modal2.xml (RunModel)" time="0.047" />
  <testcase classname="ptolemy.util.test.junit.AutoTests" name="[93] /home/travis/build/icyphy/ptII/ptolemy/domains/continuous/test/auto/ModalTransitionGuardWithReset.xml (RunModel)" time="0.024" />
  <testcase classname="ptolemy.util.test.junit.AutoTests" name="[94] /home/travis/build/icyphy/ptII/ptolemy/domains/continuous/test/auto/ModalTransitionGuardWithResetUsingPreemptiveTransition.xml (RunModel)" time="0.029" />
  <testcase classname="ptolemy.util.test.junit.AutoTests" name="[95] /home/travis/build/icyphy/ptII/ptolemy/domains/continuous/test/auto/ModalTransitionGuardWithResetUsingPreemptiveTransition2.xml (RunModel)" time="0.027" />
  <testcase classname="ptolemy.util.test.junit.AutoTests" name="[96] /home/travis/build/icyphy/ptII/ptolemy/domains/continuous/test/auto/ModalTransitionGuardWithResetUsingPreemptiveTransition3.xml (RunModel)" time="0.027" />
  <testcase classname="ptolemy.util.test.junit.AutoTests" name="[97] /home/travis/build/icyphy/ptII/ptolemy/domains/continuous/test/auto/NewtonsCradle.xml (RunModel)" time="0.787" />
  <testcase classname="ptolemy.util.test.junit.AutoTests" name="[98] /home/travis/build/icyphy/ptII/ptolemy/domains/continuous/test/auto/NewtonsCradleAnimated.xml (RunModel)" time="1.247" />
  <testcase classname="ptolemy.util.test.junit.AutoTests" name="[99] /home/travis/build/icyphy/ptII/ptolemy/domains/continuous/test/auto/NewtonsCradleComplicated.xml (RunModel)" time="0.888" />
  <testcase classname="ptolemy.util.test.junit.AutoTests" name="[100] /home/travis/build/icyphy/ptII/ptolemy/domains/continuous/test/auto/NewtonsCradleNondeterministic.xml (RunModel)" time="0.694" />
  <testcase classname="ptolemy.util.test.junit.AutoTests" name="[101] /home/travis/build/icyphy/ptII/ptolemy/domains/continuous/test/auto/NewtonsCradlePerfectlyInelastic1.xml (RunModel)" time="1.229" />
  <testcase classname="ptolemy.util.test.junit.AutoTests" name="[102] /home/travis/build/icyphy/ptII/ptolemy/domains/continuous/test/auto/Noise.xml (RunModel)" time="0.176" />
  <testcase classname="ptolemy.util.test.junit.AutoTests" name="[103] /home/travis/build/icyphy/ptII/ptolemy/domains/continuous/test/auto/NoiseSpectrum.xml (RunModel)" time="0.754" />
  <testcase classname="ptolemy.util.test.junit.AutoTests" name="[104] /home/travis/build/icyphy/ptII/ptolemy/domains/continuous/test/auto/ParameterizedNewtonsCradleAnimated.xml (RunModel)" time="0.367" />
  <testcase classname="ptolemy.util.test.junit.AutoTests" name="[105] /home/travis/build/icyphy/ptII/ptolemy/domains/continuous/test/auto/ParameterizedNewtonsCradleAnimatedNondeterministic.xml (RunModel)" time="1.163" />
  <testcase classname="ptolemy.util.test.junit.AutoTests" name="[106] /home/travis/build/icyphy/ptII/ptolemy/domains/continuous/test/auto/Pendulum3D.xml (RunModel)" time="0.162" />
  <testcase classname="ptolemy.util.test.junit.AutoTests" name="[107] /home/travis/build/icyphy/ptII/ptolemy/domains/continuous/test/auto/PeriodicSampler.xml (RunModel)" time="0.009" />
  <testcase classname="ptolemy.util.test.junit.AutoTests" name="[108] /home/travis/build/icyphy/ptII/ptolemy/domains/continuous/test/auto/PeriodicSampler1.xml (RunModel)" time="0.037" />
  <testcase classname="ptolemy.util.test.junit.AutoTests" name="[109] /home/travis/build/icyphy/ptII/ptolemy/domains/continuous/test/auto/PeriodicSampler2.xml (RunModel)" time="0.064" />
  <testcase classname="ptolemy.util.test.junit.AutoTests" name="[110] /home/travis/build/icyphy/ptII/ptolemy/domains/continuous/test/auto/Poisson.xml (RunModel)" time="0.442" />
  <testcase classname="ptolemy.util.test.junit.AutoTests" name="[111] /home/travis/build/icyphy/ptII/ptolemy/domains/continuous/test/auto/PoissonClock.xml (RunModel)" time="0.011" />
  <testcase classname="ptolemy.util.test.junit.AutoTests" name="[112] /home/travis/build/icyphy/ptII/ptolemy/domains/continuous/test/auto/PoissonClock2.xml (RunModel)" time="0.012" />
  <testcase classname="ptolemy.util.test.junit.AutoTests" name="[113] /home/travis/build/icyphy/ptII/ptolemy/domains/continuous/test/auto/PortParameterHierarchy.xml (RunModel)" time="0.016" />
  <testcase classname="ptolemy.util.test.junit.AutoTests" name="[114] /home/travis/build/icyphy/ptII/ptolemy/domains/continuous/test/auto/RandomHybridPlant.xml (RunModel)" time="0.513" />
  <testcase classname="ptolemy.util.test.junit.AutoTests" name="[115] /home/travis/build/icyphy/ptII/ptolemy/domains/continuous/test/auto/ResetTransitionWithStartTime1.xml (RunModel)" time="0.024" />
  <testcase classname="ptolemy.util.test.junit.AutoTests" name="[116] /home/travis/build/icyphy/ptII/ptolemy/domains/continuous/test/auto/ResetTransitionWithStartTime2.xml (RunModel)" time="0.042" />
  <testcase classname="ptolemy.util.test.junit.AutoTests" name="[117] /home/travis/build/icyphy/ptII/ptolemy/domains/continuous/test/auto/ResetTransitionWithStartTime3.xml (RunModel)" time="0.038" />
  <testcase classname="ptolemy.util.test.junit.AutoTests" name="[118] /home/travis/build/icyphy/ptII/ptolemy/domains/continuous/test/auto/ResetTransitionWithStartTime4.xml (RunModel)" time="0.024" />
  <testcase classname="ptolemy.util.test.junit.AutoTests" name="[119] /home/travis/build/icyphy/ptII/ptolemy/domains/continuous/test/auto/ResetTransitionWithStartTime5.xml (RunModel)" time="0.032" />
  <testcase classname="ptolemy.util.test.junit.AutoTests" name="[120] /home/travis/build/icyphy/ptII/ptolemy/domains/continuous/test/auto/ResetTransitionWithStartTime6.xml (RunModel)" time="0.024" />
  <testcase classname="ptolemy.util.test.junit.AutoTests" name="[121] /home/travis/build/icyphy/ptII/ptolemy/domains/continuous/test/auto/SRinContinuous.xml (RunModel)" time="0.024" />
  <testcase classname="ptolemy.util.test.junit.AutoTests" name="[122] /home/travis/build/icyphy/ptII/ptolemy/domains/continuous/test/auto/SampledClocks.xml (RunModel)" time="0.022" />
  <testcase classname="ptolemy.util.test.junit.AutoTests" name="[123] /home/travis/build/icyphy/ptII/ptolemy/domains/continuous/test/auto/Satellite.xml (RunModel)" time="0.878" />
  <testcase classname="ptolemy.util.test.junit.AutoTests" name="[124] /home/travis/build/icyphy/ptII/ptolemy/domains/continuous/test/auto/SigmaDelta.xml (RunModel)" time="2.315" />
  <testcase classname="ptolemy.util.test.junit.AutoTests" name="[125] /home/travis/build/icyphy/ptII/ptolemy/domains/continuous/test/auto/SingleRefinement.xml (RunModel)" time="0.487" />
  <testcase classname="ptolemy.util.test.junit.AutoTests" name="[126] /home/travis/build/icyphy/ptII/ptolemy/domains/continuous/test/auto/SinuBouncingBall.xml (RunModel)" time="0.824" />
  <testcase classname="ptolemy.util.test.junit.AutoTests" name="[127] /home/travis/build/icyphy/ptII/ptolemy/domains/continuous/test/auto/Sinusoid.xml (RunModel)" time="0.016" />
  <testcase classname="ptolemy.util.test.junit.AutoTests" name="[128] /home/travis/build/icyphy/ptII/ptolemy/domains/continuous/test/auto/SinusoidInNoise.xml (RunModel)" time="0.911" />
  <testcase classname="ptolemy.util.test.junit.AutoTests" name="[129] /home/travis/build/icyphy/ptII/ptolemy/domains/continuous/test/auto/SinusoidRK45.xml (RunModel)" time="0.01" />
  <testcase classname="ptolemy.util.test.junit.AutoTests" name="[130] /home/travis/build/icyphy/ptII/ptolemy/domains/continuous/test/auto/SinusoidWithMultipleImpulses.xml (RunModel)" time="0.011" />
  <testcase classname="ptolemy.util.test.junit.AutoTests" name="[131] /home/travis/build/icyphy/ptII/ptolemy/domains/continuous/test/auto/SquareWave.xml (RunModel)" time="0.168" />
  <testcase classname="ptolemy.util.test.junit.AutoTests" name="[132] /home/travis/build/icyphy/ptII/ptolemy/domains/continuous/test/auto/Starmac.xml (RunModel)" time="3.394" />
  <testcase classname="ptolemy.util.test.junit.AutoTests" name="[133] /home/travis/build/icyphy/ptII/ptolemy/domains/continuous/test/auto/StaticUnits.xml (RunModel)" time="2.434" />
  <testcase classname="ptolemy.util.test.junit.AutoTests" name="[134] /home/travis/build/icyphy/ptII/ptolemy/domains/continuous/test/auto/StickyMasses.xml (RunModel)" time="0.182" />
  <testcase classname="ptolemy.util.test.junit.AutoTests" name="[135] /home/travis/build/icyphy/ptII/ptolemy/domains/continuous/test/auto/StopTime.xml (RunModel)" time="0.054" />
  <testcase classname="ptolemy.util.test.junit.AutoTests" name="[136] /home/travis/build/icyphy/ptII/ptolemy/domains/continuous/test/auto/StopTime2.xml (RunModel)" time="0.061" />
  <testcase classname="ptolemy.util.test.junit.AutoTests" name="[137] /home/travis/build/icyphy/ptII/ptolemy/domains/continuous/test/auto/Switch.xml (RunModel)" time="0.074" />
  <testcase classname="ptolemy.util.test.junit.AutoTests" name="[138] /home/travis/build/icyphy/ptII/ptolemy/domains/continuous/test/auto/Thermostat.xml (RunModel)" time="0.204" />
  <testcase classname="ptolemy.util.test.junit.AutoTests" name="[139] /home/travis/build/icyphy/ptII/ptolemy/domains/continuous/test/auto/TimeDelay.xml (RunModel)" time="0.015" />
  <testcase classname="ptolemy.util.test.junit.AutoTests" name="[140] /home/travis/build/icyphy/ptII/ptolemy/domains/continuous/test/auto/TimeDelay2.xml (RunModel)" time="0.024" />
  <testcase classname="ptolemy.util.test.junit.AutoTests" name="[141] /home/travis/build/icyphy/ptII/ptolemy/domains/continuous/test/auto/TimeDelay3.xml (RunModel)" time="0.014" />
  <testcase classname="ptolemy.util.test.junit.AutoTests" name="[142] /home/travis/build/icyphy/ptII/ptolemy/domains/continuous/test/auto/TransferAbsentToInside.xml (RunModel)" time="0.126" />
  <testcase classname="ptolemy.util.test.junit.AutoTests" name="[143] /home/travis/build/icyphy/ptII/ptolemy/domains/continuous/test/auto/Transmission.xml (RunModel)" time="0.701" />
  <testcase classname="ptolemy.util.test.junit.AutoTests" name="[144] /home/travis/build/icyphy/ptII/ptolemy/domains/continuous/test/auto/TriggeredContinuousClock.xml (RunModel)" time="0.066" />
  <testcase classname="ptolemy.util.test.junit.AutoTests" name="[145] /home/travis/build/icyphy/ptII/ptolemy/domains/continuous/test/auto/TwoMachineInfiniteBusControl.xml (RunModel)" time="2.76" />
  <testcase classname="ptolemy.util.test.junit.AutoTests" name="[146] /home/travis/build/icyphy/ptII/ptolemy/domains/continuous/test/auto/V2V.xml (RunModel)" time="0.74" />
  <testcase classname="ptolemy.util.test.junit.AutoTests" name="[147] /home/travis/build/icyphy/ptII/ptolemy/domains/continuous/test/auto/hierarchicalModalModel.xml (RunModel)" time="0.026" />
  <testcase classname="ptolemy.util.test.junit.AutoTests" name="[148] /home/travis/build/icyphy/ptII/ptolemy/domains/continuous/test/auto/hierarchicalModalModel1.xml (RunModel)" time="0.025" />
  <testcase classname="ptolemy.util.test.junit.AutoTests" name="[149] /home/travis/build/icyphy/ptII/ptolemy/domains/continuous/test/auto/hierarchicalModalModel2.xml (RunModel)" time="0.023" />
  <testcase classname="ptolemy.util.test.junit.AutoTests" name="[150] /home/travis/build/icyphy/ptII/ptolemy/domains/continuous/test/auto/hierarchicalModalModel3.xml (RunModel)" time="0.026" />
  <testcase classname="ptolemy.util.test.junit.AutoTests" name="[151] /home/travis/build/icyphy/ptII/ptolemy/domains/continuous/test/auto/hierarchicalModalModel4.xml (RunModel)" time="0.028" />
  <testcase classname="ptolemy.util.test.junit.AutoTests" name="[152] /home/travis/build/icyphy/ptII/ptolemy/domains/continuous/test/auto/junk.xml (RunModel)" time="0.137" />
  <system-out><![CDATA[No tcl tests in /home/travis/build/icyphy/ptII/ptolemy/domains/continuous/test
No auto/knownFailedTests/*.xml tests in /home/travis/build/icyphy/ptII/ptolemy/domains/continuous/test
No auto/linux-amd64/*.xml tests in /home/travis/build/icyphy/ptII/ptolemy/domains/continuous/test
AutoTests.java: About to close Vertx.
AutoTests.java: Vertx closed.

===========================================================================================
----------------- testing Fri Dec 14 03:00:56 UTC 2018 /home/travis/build/icyphy/ptII/ptolemy/domains/continuous/test/auto/BouncingBall.xml
----------------- Instantiating /home/travis/build/icyphy/ptII/ptolemy/domains/continuous/test/auto/BouncingBall.xml
2365 ms. Memory: 331776K Free: 259410K (78%)
----------------- Invoking toplevel() on ptolemy.moml.MoMLSimpleApplication@fe50259
----------------- Done invoking toplevel() on ptolemy.moml.MoMLSimpleApplication@fe50259
reloadAllAccessors: .BouncingBall

===========================================================================================
----------------- testing Fri Dec 14 03:00:58 UTC 2018 /home/travis/build/icyphy/ptII/ptolemy/domains/continuous/test/auto/BouncingBallWithoutGR.xml
----------------- Instantiating /home/travis/build/icyphy/ptII/ptolemy/domains/continuous/test/auto/BouncingBallWithoutGR.xml
853 ms. Memory: 331776K Free: 312532K (94%)
----------------- Invoking toplevel() on ptolemy.moml.MoMLSimpleApplication@479078c5
----------------- Done invoking toplevel() on ptolemy.moml.MoMLSimpleApplication@479078c5
reloadAllAccessors: .BouncingBallWithoutGR

===========================================================================================
----------------- testing Fri Dec 14 03:00:59 UTC 2018 /home/travis/build/icyphy/ptII/ptolemy/domains/continuous/test/auto/Brownian.xml
----------------- Instantiating /home/travis/build/icyphy/ptII/ptolemy/domains/continuous/test/auto/Brownian.xml
47 ms. Memory: 331776K Free: 293662K (89%)
----------------- Invoking toplevel() on ptolemy.moml.MoMLSimpleApplication@3143e7d5
----------------- Done invoking toplevel() on ptolemy.moml.MoMLSimpleApplication@3143e7d5
reloadAllAccessors: .Brownian

===========================================================================================
----------------- testing Fri Dec 14 03:00:59 UTC 2018 /home/travis/build/icyphy/ptII/ptolemy/domains/continuous/test/auto/CarTracking.xml
----------------- Instantiating /home/travis/build/icyphy/ptII/ptolemy/domains/continuous/test/auto/CarTracking.xml
3208 ms. Memory: 578048K Free: 442149K (76%)
----------------- Invoking toplevel() on ptolemy.moml.MoMLSimpleApplication@46562107
----------------- Done invoking toplevel() on ptolemy.moml.MoMLSimpleApplication@46562107
reloadAllAccessors: .CarTracking

===========================================================================================
----------------- testing Fri Dec 14 03:01:03 UTC 2018 /home/travis/build/icyphy/ptII/ptolemy/domains/continuous/test/auto/CartPendulum.xml
----------------- Instantiating /home/travis/build/icyphy/ptII/ptolemy/domains/continuous/test/auto/CartPendulum.xml
395 ms. Memory: 578048K Free: 334402K (58%)
----------------- Invoking toplevel() on ptolemy.moml.MoMLSimpleApplication@580885cc
----------------- Done invoking toplevel() on ptolemy.moml.MoMLSimpleApplication@580885cc
reloadAllAccessors: .CartPendulum

===========================================================================================
----------------- testing Fri Dec 14 03:01:04 UTC 2018 /home/travis/build/icyphy/ptII/ptolemy/domains/continuous/test/auto/CausalityInterface10.xml
----------------- Instantiating /home/travis/build/icyphy/ptII/ptolemy/domains/continuous/test/auto/CausalityInterface10.xml
10 ms. Memory: 578048K Free: 321045K (56%)
----------------- Invoking toplevel() on ptolemy.moml.MoMLSimpleApplication@364c7252
----------------- Done invoking toplevel() on ptolemy.moml.MoMLSimpleApplication@364c7252
reloadAllAccessors: .CausalityInterface10

===========================================================================================
----------------- testing Fri Dec 14 03:01:04 UTC 2018 /home/travis/build/icyphy/ptII/ptolemy/domains/continuous/test/auto/CausalityInterface11.xml
----------------- Instantiating /home/travis/build/icyphy/ptII/ptolemy/domains/continuous/test/auto/CausalityInterface11.xml
4 ms. Memory: 578048K Free: 308004K (53%)
----------------- Invoking toplevel() on ptolemy.moml.MoMLSimpleApplication@5a5b6e78
----------------- Done invoking toplevel() on ptolemy.moml.MoMLSimpleApplication@5a5b6e78
reloadAllAccessors: .CausalityInterface11

===========================================================================================
----------------- testing Fri Dec 14 03:01:04 UTC 2018 /home/travis/build/icyphy/ptII/ptolemy/domains/continuous/test/auto/CausalityInterface12.xml
----------------- Instantiating /home/travis/build/icyphy/ptII/ptolemy/domains/continuous/test/auto/CausalityInterface12.xml
4 ms. Memory: 578048K Free: 298158K (52%)
----------------- Invoking toplevel() on ptolemy.moml.MoMLSimpleApplication@777e935e
----------------- Done invoking toplevel() on ptolemy.moml.MoMLSimpleApplication@777e935e
reloadAllAccessors: .CausalityInterface12

===========================================================================================
----------------- testing Fri Dec 14 03:01:04 UTC 2018 /home/travis/build/icyphy/ptII/ptolemy/domains/continuous/test/auto/CausalityInterface13.xml
----------------- Instantiating /home/travis/build/icyphy/ptII/ptolemy/domains/continuous/test/auto/CausalityInterface13.xml
4 ms. Memory: 578048K Free: 285115K (49%)
----------------- Invoking toplevel() on ptolemy.moml.MoMLSimpleApplication@1318a1a3
----------------- Done invoking toplevel() on ptolemy.moml.MoMLSimpleApplication@1318a1a3
reloadAllAccessors: .CausalityInterface13

===========================================================================================
----------------- testing Fri Dec 14 03:01:04 UTC 2018 /home/travis/build/icyphy/ptII/ptolemy/domains/continuous/test/auto/CausalityInterface14.xml
----------------- Instantiating /home/travis/build/icyphy/ptII/ptolemy/domains/continuous/test/auto/CausalityInterface14.xml
6 ms. Memory: 578048K Free: 275285K (48%)
----------------- Invoking toplevel() on ptolemy.moml.MoMLSimpleApplication@1c0dc930
----------------- Done invoking toplevel() on ptolemy.moml.MoMLSimpleApplication@1c0dc930
reloadAllAccessors: .CausalityInterface14

===========================================================================================
----------------- testing Fri Dec 14 03:01:04 UTC 2018 /home/travis/build/icyphy/ptII/ptolemy/domains/continuous/test/auto/CausalityInterface4.xml
----------------- Instantiating /home/travis/build/icyphy/ptII/ptolemy/domains/continuous/test/auto/CausalityInterface4.xml
3 ms. Memory: 578048K Free: 265438K (46%)
----------------- Invoking toplevel() on ptolemy.moml.MoMLSimpleApplication@40f7810a
----------------- Done invoking toplevel() on ptolemy.moml.MoMLSimpleApplication@40f7810a
reloadAllAccessors: .CausalityInterface4

===========================================================================================
----------------- testing Fri Dec 14 03:01:04 UTC 2018 /home/travis/build/icyphy/ptII/ptolemy/domains/continuous/test/auto/CausalityInterface5.xml
----------------- Instantiating /home/travis/build/icyphy/ptII/ptolemy/domains/continuous/test/auto/CausalityInterface5.xml
3 ms. Memory: 578048K Free: 252323K (44%)
----------------- Invoking toplevel() on ptolemy.moml.MoMLSimpleApplication@6b687abe
----------------- Done invoking toplevel() on ptolemy.moml.MoMLSimpleApplication@6b687abe
reloadAllAccessors: .CausalityInterface5

===========================================================================================
----------------- testing Fri Dec 14 03:01:04 UTC 2018 /home/travis/build/icyphy/ptII/ptolemy/domains/continuous/test/auto/CausalityInterface6.xml
----------------- Instantiating /home/travis/build/icyphy/ptII/ptolemy/domains/continuous/test/auto/CausalityInterface6.xml
3 ms. Memory: 578048K Free: 239281K (41%)
----------------- Invoking toplevel() on ptolemy.moml.MoMLSimpleApplication@1f70fd4
----------------- Done invoking toplevel() on ptolemy.moml.MoMLSimpleApplication@1f70fd4
reloadAllAccessors: .CausalityInterface6

===========================================================================================
----------------- testing Fri Dec 14 03:01:04 UTC 2018 /home/travis/build/icyphy/ptII/ptolemy/domains/continuous/test/auto/CausalityInterface7.xml
----------------- Instantiating /home/travis/build/icyphy/ptII/ptolemy/domains/continuous/test/auto/CausalityInterface7.xml
11 ms. Memory: 578048K Free: 226157K (39%)
----------------- Invoking toplevel() on ptolemy.moml.MoMLSimpleApplication@61052216
----------------- Done invoking toplevel() on ptolemy.moml.MoMLSimpleApplication@61052216
reloadAllAccessors: .CausalityInterface7

===========================================================================================
----------------- testing Fri Dec 14 03:01:04 UTC 2018 /home/travis/build/icyphy/ptII/ptolemy/domains/continuous/test/auto/CausalityInterface8.xml
----------------- Instantiating /home/travis/build/icyphy/ptII/ptolemy/domains/continuous/test/auto/CausalityInterface8.xml
3 ms. Memory: 578048K Free: 213042K (37%)
----------------- Invoking toplevel() on ptolemy.moml.MoMLSimpleApplication@1bf0f2a8
----------------- Done invoking toplevel() on ptolemy.moml.MoMLSimpleApplication@1bf0f2a8
reloadAllAccessors: .CausalityInterface8

===========================================================================================
----------------- testing Fri Dec 14 03:01:04 UTC 2018 /home/travis/build/icyphy/ptII/ptolemy/domains/continuous/test/auto/CausalityInterface9.xml
----------------- Instantiating /home/travis/build/icyphy/ptII/ptolemy/domains/continuous/test/auto/CausalityInterface9.xml
10 ms. Memory: 578048K Free: 196634K (34%)
----------------- Invoking toplevel() on ptolemy.moml.MoMLSimpleApplication@f40ddb7
----------------- Done invoking toplevel() on ptolemy.moml.MoMLSimpleApplication@f40ddb7
reloadAllAccessors: .CausalityInterface9

===========================================================================================
----------------- testing Fri Dec 14 03:01:04 UTC 2018 /home/travis/build/icyphy/ptII/ptolemy/domains/continuous/test/auto/CausalityInterfaceFeedback1.xml
----------------- Instantiating /home/travis/build/icyphy/ptII/ptolemy/domains/continuous/test/auto/CausalityInterfaceFeedback1.xml
3 ms. Memory: 578048K Free: 183591K (32%)
----------------- Invoking toplevel() on ptolemy.moml.MoMLSimpleApplication@74635d9b
----------------- Done invoking toplevel() on ptolemy.moml.MoMLSimpleApplication@74635d9b
reloadAllAccessors: .CausalityInterfaceFeedback1

===========================================================================================
----------------- testing Fri Dec 14 03:01:04 UTC 2018 /home/travis/build/icyphy/ptII/ptolemy/domains/continuous/test/auto/CausalityInterfaceFeedback2.xml
----------------- Instantiating /home/travis/build/icyphy/ptII/ptolemy/domains/continuous/test/auto/CausalityInterfaceFeedback2.xml
6 ms. Memory: 578048K Free: 173753K (30%)
----------------- Invoking toplevel() on ptolemy.moml.MoMLSimpleApplication@3f5883a
----------------- Done invoking toplevel() on ptolemy.moml.MoMLSimpleApplication@3f5883a
reloadAllAccessors: .CausalityInterfaceFeedback2

===========================================================================================
----------------- testing Fri Dec 14 03:01:04 UTC 2018 /home/travis/build/icyphy/ptII/ptolemy/domains/continuous/test/auto/CompareWithCurrentTime.xml
----------------- Instantiating /home/travis/build/icyphy/ptII/ptolemy/domains/continuous/test/auto/CompareWithCurrentTime.xml
2 ms. Memory: 578048K Free: 167199K (29%)
----------------- Invoking toplevel() on ptolemy.moml.MoMLSimpleApplication@5e09468e
----------------- Done invoking toplevel() on ptolemy.moml.MoMLSimpleApplication@5e09468e
reloadAllAccessors: .CompareWithCurrentTime

===========================================================================================
----------------- testing Fri Dec 14 03:01:04 UTC 2018 /home/travis/build/icyphy/ptII/ptolemy/domains/continuous/test/auto/ComparedClocks.xml
----------------- Instantiating /home/travis/build/icyphy/ptII/ptolemy/domains/continuous/test/auto/ComparedClocks.xml
11 ms. Memory: 578048K Free: 147506K (26%)
----------------- Invoking toplevel() on ptolemy.moml.MoMLSimpleApplication@5fdb6e54
----------------- Done invoking toplevel() on ptolemy.moml.MoMLSimpleApplication@5fdb6e54
reloadAllAccessors: .ComparedClocks

===========================================================================================
----------------- testing Fri Dec 14 03:01:04 UTC 2018 /home/travis/build/icyphy/ptII/ptolemy/domains/continuous/test/auto/ContinuousAOCClone.xml
----------------- Instantiating /home/travis/build/icyphy/ptII/ptolemy/domains/continuous/test/auto/ContinuousAOCClone.xml
2540 ms. Memory: 872960K Free: 392587K (45%)
----------------- Invoking toplevel() on ptolemy.moml.MoMLSimpleApplication@31b97a05
----------------- Done invoking toplevel() on ptolemy.moml.MoMLSimpleApplication@31b97a05
reloadAllAccessors: .ContinuousAOCClone

===========================================================================================
----------------- testing Fri Dec 14 03:01:07 UTC 2018 /home/travis/build/icyphy/ptII/ptolemy/domains/continuous/test/auto/ContinuousClock.xml
----------------- Instantiating /home/travis/build/icyphy/ptII/ptolemy/domains/continuous/test/auto/ContinuousClock.xml
28 ms. Memory: 872960K Free: 358018K (41%)
----------------- Invoking toplevel() on ptolemy.moml.MoMLSimpleApplication@20c3fbe5
----------------- Done invoking toplevel() on ptolemy.moml.MoMLSimpleApplication@20c3fbe5
reloadAllAccessors: .ContinuousClock

===========================================================================================
----------------- testing Fri Dec 14 03:01:07 UTC 2018 /home/travis/build/icyphy/ptII/ptolemy/domains/continuous/test/auto/ContinuousInContinuous.xml
----------------- Instantiating /home/travis/build/icyphy/ptII/ptolemy/domains/continuous/test/auto/ContinuousInContinuous.xml
46 ms. Memory: 872960K Free: 330463K (38%)
----------------- Invoking toplevel() on ptolemy.moml.MoMLSimpleApplication@7560720e
----------------- Done invoking toplevel() on ptolemy.moml.MoMLSimpleApplication@7560720e
reloadAllAccessors: .ContinuousInContinuous

===========================================================================================
----------------- testing Fri Dec 14 03:01:07 UTC 2018 /home/travis/build/icyphy/ptII/ptolemy/domains/continuous/test/auto/ContinuousInContinuousInContinuous.xml
----------------- Instantiating /home/travis/build/icyphy/ptII/ptolemy/domains/continuous/test/auto/ContinuousInContinuousInContinuous.xml
9 ms. Memory: 872960K Free: 318674K (37%)
----------------- Invoking toplevel() on ptolemy.moml.MoMLSimpleApplication@62e85d35
----------------- Done invoking toplevel() on ptolemy.moml.MoMLSimpleApplication@62e85d35
reloadAllAccessors: .ContinuousInContinuousInContinuous

===========================================================================================
----------------- testing Fri Dec 14 03:01:07 UTC 2018 /home/travis/build/icyphy/ptII/ptolemy/domains/continuous/test/auto/ContinuousInDE.xml
----------------- Instantiating /home/travis/build/icyphy/ptII/ptolemy/domains/continuous/test/auto/ContinuousInDE.xml
102 ms. Memory: 872960K Free: 302948K (35%)
----------------- Invoking toplevel() on ptolemy.moml.MoMLSimpleApplication@5a999ffa
----------------- Done invoking toplevel() on ptolemy.moml.MoMLSimpleApplication@5a999ffa
reloadAllAccessors: .ContinuousInDE

===========================================================================================
----------------- testing Fri Dec 14 03:01:07 UTC 2018 /home/travis/build/icyphy/ptII/ptolemy/domains/continuous/test/auto/ContinuousInDE2.xml
----------------- Instantiating /home/travis/build/icyphy/ptII/ptolemy/domains/continuous/test/auto/ContinuousInDE2.xml
37 ms. Memory: 872960K Free: 283748K (33%)
----------------- Invoking toplevel() on ptolemy.moml.MoMLSimpleApplication@6adf2fb8
----------------- Done invoking toplevel() on ptolemy.moml.MoMLSimpleApplication@6adf2fb8
reloadAllAccessors: .ContinuousInDE2

===========================================================================================
----------------- testing Fri Dec 14 03:01:07 UTC 2018 /home/travis/build/icyphy/ptII/ptolemy/domains/continuous/test/auto/ContinuousInDE3.xml
----------------- Instantiating /home/travis/build/icyphy/ptII/ptolemy/domains/continuous/test/auto/ContinuousInDE3.xml
36 ms. Memory: 872960K Free: 268014K (31%)
----------------- Invoking toplevel() on ptolemy.moml.MoMLSimpleApplication@2b1ef288
----------------- Done invoking toplevel() on ptolemy.moml.MoMLSimpleApplication@2b1ef288
reloadAllAccessors: .ContinuousInDE3

===========================================================================================
----------------- testing Fri Dec 14 03:01:07 UTC 2018 /home/travis/build/icyphy/ptII/ptolemy/domains/continuous/test/auto/ContinuousInDE4.xml
----------------- Instantiating /home/travis/build/icyphy/ptII/ptolemy/domains/continuous/test/auto/ContinuousInDE4.xml
17 ms. Memory: 872960K Free: 256225K (29%)
----------------- Invoking toplevel() on ptolemy.moml.MoMLSimpleApplication@55d7de2c
----------------- Done invoking toplevel() on ptolemy.moml.MoMLSimpleApplication@55d7de2c
reloadAllAccessors: .ContinuousInDE4

===========================================================================================
----------------- testing Fri Dec 14 03:01:07 UTC 2018 /home/travis/build/icyphy/ptII/ptolemy/domains/continuous/test/auto/ContinuousInDEDifferentRefinements.xml
----------------- Instantiating /home/travis/build/icyphy/ptII/ptolemy/domains/continuous/test/auto/ContinuousInDEDifferentRefinements.xml
55 ms. Memory: 872960K Free: 220778K (25%)
----------------- Invoking toplevel() on ptolemy.moml.MoMLSimpleApplication@34a3633c
----------------- Done invoking toplevel() on ptolemy.moml.MoMLSimpleApplication@34a3633c
reloadAllAccessors: .ContinuousInDEDifferentRefinements

===========================================================================================
----------------- testing Fri Dec 14 03:01:08 UTC 2018 /home/travis/build/icyphy/ptII/ptolemy/domains/continuous/test/auto/ContinuousInDEDifferentRefinementsPreemptive.xml
----------------- Instantiating /home/travis/build/icyphy/ptII/ptolemy/domains/continuous/test/auto/ContinuousInDEDifferentRefinementsPreemptive.xml
45 ms. Memory: 872960K Free: 181867K (21%)
----------------- Invoking toplevel() on ptolemy.moml.MoMLSimpleApplication@1af7c67a
----------------- Done invoking toplevel() on ptolemy.moml.MoMLSimpleApplication@1af7c67a
reloadAllAccessors: .ContinuousInDEDifferentRefinementsPreemptive

===========================================================================================
----------------- testing Fri Dec 14 03:01:08 UTC 2018 /home/travis/build/icyphy/ptII/ptolemy/domains/continuous/test/auto/ContinuousInDEInContinuous2.xml
----------------- Instantiating /home/travis/build/icyphy/ptII/ptolemy/domains/continuous/test/auto/ContinuousInDEInContinuous2.xml
43 ms. Memory: 872960K Free: 162219K (19%)
----------------- Invoking toplevel() on ptolemy.moml.MoMLSimpleApplication@318a230b
----------------- Done invoking toplevel() on ptolemy.moml.MoMLSimpleApplication@318a230b
reloadAllAccessors: .ContinuousInDEInContinuous2

===========================================================================================
----------------- testing Fri Dec 14 03:01:08 UTC 2018 /home/travis/build/icyphy/ptII/ptolemy/domains/continuous/test/auto/ContinuousInDEInContinuous3.xml
----------------- Instantiating /home/travis/build/icyphy/ptII/ptolemy/domains/continuous/test/auto/ContinuousInDEInContinuous3.xml
37 ms. Memory: 872960K Free: 142539K (16%)
----------------- Invoking toplevel() on ptolemy.moml.MoMLSimpleApplication@3ea7c3c9
----------------- Done invoking toplevel() on ptolemy.moml.MoMLSimpleApplication@3ea7c3c9
reloadAllAccessors: .ContinuousInDEInContinuous3

===========================================================================================
----------------- testing Fri Dec 14 03:01:08 UTC 2018 /home/travis/build/icyphy/ptII/ptolemy/domains/continuous/test/auto/ContinuousInDEInput.xml
----------------- Instantiating /home/travis/build/icyphy/ptII/ptolemy/domains/continuous/test/auto/ContinuousInDEInput.xml
16 ms. Memory: 872960K Free: 130734K (15%)
----------------- Invoking toplevel() on ptolemy.moml.MoMLSimpleApplication@41a1ce85
----------------- Done invoking toplevel() on ptolemy.moml.MoMLSimpleApplication@41a1ce85
reloadAllAccessors: .ContinuousInDEInput

===========================================================================================
----------------- testing Fri Dec 14 03:01:08 UTC 2018 /home/travis/build/icyphy/ptII/ptolemy/domains/continuous/test/auto/ContinuousInDEInput2.xml
----------------- Instantiating /home/travis/build/icyphy/ptII/ptolemy/domains/continuous/test/auto/ContinuousInDEInput2.xml
12 ms. Memory: 872960K Free: 118929K (14%)
----------------- Invoking toplevel() on ptolemy.moml.MoMLSimpleApplication@59bf89f7
----------------- Done invoking toplevel() on ptolemy.moml.MoMLSimpleApplication@59bf89f7
reloadAllAccessors: .ContinuousInDEInput2

===========================================================================================
----------------- testing Fri Dec 14 03:01:08 UTC 2018 /home/travis/build/icyphy/ptII/ptolemy/domains/continuous/test/auto/ContinuousInDEInput3.xml
----------------- Instantiating /home/travis/build/icyphy/ptII/ptolemy/domains/continuous/test/auto/ContinuousInDEInput3.xml
12 ms. Memory: 872960K Free: 103667K (12%)
----------------- Invoking toplevel() on ptolemy.moml.MoMLSimpleApplication@45347ae5
----------------- Done invoking toplevel() on ptolemy.moml.MoMLSimpleApplication@45347ae5
reloadAllAccessors: .ContinuousInDEInput3

===========================================================================================
----------------- testing Fri Dec 14 03:01:08 UTC 2018 /home/travis/build/icyphy/ptII/ptolemy/domains/continuous/test/auto/ContinuousInDESharingRefinement.xml
----------------- Instantiating /home/travis/build/icyphy/ptII/ptolemy/domains/continuous/test/auto/ContinuousInDESharingRefinement.xml
157 ms. Memory: 873472K Free: 789760K (90%)
----------------- Invoking toplevel() on ptolemy.moml.MoMLSimpleApplication@45b253a2
----------------- Done invoking toplevel() on ptolemy.moml.MoMLSimpleApplication@45b253a2
reloadAllAccessors: .ContinuousInDESharingRefinement

===========================================================================================
----------------- testing Fri Dec 14 03:01:08 UTC 2018 /home/travis/build/icyphy/ptII/ptolemy/domains/continuous/test/auto/ContinuousInDEwithNoPorts.xml
----------------- Instantiating /home/travis/build/icyphy/ptII/ptolemy/domains/continuous/test/auto/ContinuousInDEwithNoPorts.xml
4 ms. Memory: 873472K Free: 777529K (89%)
----------------- Invoking toplevel() on ptolemy.moml.MoMLSimpleApplication@73498544
----------------- Done invoking toplevel() on ptolemy.moml.MoMLSimpleApplication@73498544
reloadAllAccessors: .ContinuousInDEwithNoPorts

===========================================================================================
----------------- testing Fri Dec 14 03:01:08 UTC 2018 /home/travis/build/icyphy/ptII/ptolemy/domains/continuous/test/auto/ContinuousInsideDE.xml
----------------- Instantiating /home/travis/build/icyphy/ptII/ptolemy/domains/continuous/test/auto/ContinuousInsideDE.xml
43 ms. Memory: 873472K Free: 757865K (87%)
----------------- Invoking toplevel() on ptolemy.moml.MoMLSimpleApplication@43e3cfaf
----------------- Done invoking toplevel() on ptolemy.moml.MoMLSimpleApplication@43e3cfaf
reloadAllAccessors: .ContinuousInsideDE

===========================================================================================
----------------- testing Fri Dec 14 03:01:08 UTC 2018 /home/travis/build/icyphy/ptII/ptolemy/domains/continuous/test/auto/ContinuousMerge1.xml
----------------- Instantiating /home/travis/build/icyphy/ptII/ptolemy/domains/continuous/test/auto/ContinuousMerge1.xml
3 ms. Memory: 873472K Free: 747678K (86%)
----------------- Invoking toplevel() on ptolemy.moml.MoMLSimpleApplication@67fe526d
----------------- Done invoking toplevel() on ptolemy.moml.MoMLSimpleApplication@67fe526d
reloadAllAccessors: .ContinuousMerge1

===========================================================================================
----------------- testing Fri Dec 14 03:01:08 UTC 2018 /home/travis/build/icyphy/ptII/ptolemy/domains/continuous/test/auto/ContinuousMerge2.xml
----------------- Instantiating /home/travis/build/icyphy/ptII/ptolemy/domains/continuous/test/auto/ContinuousMerge2.xml
11 ms. Memory: 873472K Free: 731773K (84%)
----------------- Invoking toplevel() on ptolemy.moml.MoMLSimpleApplication@26938b38
----------------- Done invoking toplevel() on ptolemy.moml.MoMLSimpleApplication@26938b38
reloadAllAccessors: .ContinuousMerge2

===========================================================================================
----------------- testing Fri Dec 14 03:01:08 UTC 2018 /home/travis/build/icyphy/ptII/ptolemy/domains/continuous/test/auto/ContinuousMerge3.xml
----------------- Instantiating /home/travis/build/icyphy/ptII/ptolemy/domains/continuous/test/auto/ContinuousMerge3.xml
45 ms. Memory: 873472K Free: 716054K (82%)
----------------- Invoking toplevel() on ptolemy.moml.MoMLSimpleApplication@3f0c1ddd
----------------- Done invoking toplevel() on ptolemy.moml.MoMLSimpleApplication@3f0c1ddd
reloadAllAccessors: .ContinuousMerge3

===========================================================================================
----------------- testing Fri Dec 14 03:01:08 UTC 2018 /home/travis/build/icyphy/ptII/ptolemy/domains/continuous/test/auto/ContinuousWithinContinuous.xml
----------------- Instantiating /home/travis/build/icyphy/ptII/ptolemy/domains/continuous/test/auto/ContinuousWithinContinuous.xml
42 ms. Memory: 873472K Free: 697992K (80%)
----------------- Invoking toplevel() on ptolemy.moml.MoMLSimpleApplication@46c2936e
----------------- Done invoking toplevel() on ptolemy.moml.MoMLSimpleApplication@46c2936e
reloadAllAccessors: .ContinuousWithinContinuous

===========================================================================================
----------------- testing Fri Dec 14 03:01:08 UTC 2018 /home/travis/build/icyphy/ptII/ptolemy/domains/continuous/test/auto/ContinuousWithinContinuous2.xml
----------------- Instantiating /home/travis/build/icyphy/ptII/ptolemy/domains/continuous/test/auto/ContinuousWithinContinuous2.xml
65 ms. Memory: 873472K Free: 686203K (79%)
----------------- Invoking toplevel() on ptolemy.moml.MoMLSimpleApplication@36f9aba4
----------------- Done invoking toplevel() on ptolemy.moml.MoMLSimpleApplication@36f9aba4
reloadAllAccessors: .ContinuousWithinContinuous2

===========================================================================================
----------------- testing Fri Dec 14 03:01:08 UTC 2018 /home/travis/build/icyphy/ptII/ptolemy/domains/continuous/test/auto/ContinuousWithinContinuous3.xml
----------------- Instantiating /home/travis/build/icyphy/ptII/ptolemy/domains/continuous/test/auto/ContinuousWithinContinuous3.xml
12 ms. Memory: 873472K Free: 674414K (77%)
----------------- Invoking toplevel() on ptolemy.moml.MoMLSimpleApplication@494e5a9c
----------------- Done invoking toplevel() on ptolemy.moml.MoMLSimpleApplication@494e5a9c
reloadAllAccessors: .ContinuousWithinContinuous3

===========================================================================================
----------------- testing Fri Dec 14 03:01:08 UTC 2018 /home/travis/build/icyphy/ptII/ptolemy/domains/continuous/test/auto/ContinuousWithinContinuous4.xml
----------------- Instantiating /home/travis/build/icyphy/ptII/ptolemy/domains/continuous/test/auto/ContinuousWithinContinuous4.xml
76 ms. Memory: 873472K Free: 652421K (75%)
----------------- Invoking toplevel() on ptolemy.moml.MoMLSimpleApplication@69a47745
----------------- Done invoking toplevel() on ptolemy.moml.MoMLSimpleApplication@69a47745
reloadAllAccessors: .ContinuousWithinContinuous4

===========================================================================================
----------------- testing Fri Dec 14 03:01:09 UTC 2018 /home/travis/build/icyphy/ptII/ptolemy/domains/continuous/test/auto/ContinuousWithinContinuous5.xml
----------------- Instantiating /home/travis/build/icyphy/ptII/ptolemy/domains/continuous/test/auto/ContinuousWithinContinuous5.xml
12 ms. Memory: 873472K Free: 640632K (73%)
----------------- Invoking toplevel() on ptolemy.moml.MoMLSimpleApplication@54064738
----------------- Done invoking toplevel() on ptolemy.moml.MoMLSimpleApplication@54064738
reloadAllAccessors: .ContinuousWithinContinuous5

===========================================================================================
----------------- testing Fri Dec 14 03:01:09 UTC 2018 /home/travis/build/icyphy/ptII/ptolemy/domains/continuous/test/auto/ContinuousWithinContinuous6.xml
----------------- Instantiating /home/travis/build/icyphy/ptII/ptolemy/domains/continuous/test/auto/ContinuousWithinContinuous6.xml
14 ms. Memory: 873472K Free: 628843K (72%)
----------------- Invoking toplevel() on ptolemy.moml.MoMLSimpleApplication@456652b1
----------------- Done invoking toplevel() on ptolemy.moml.MoMLSimpleApplication@456652b1
reloadAllAccessors: .ContinuousWithinContinuous6

===========================================================================================
----------------- testing Fri Dec 14 03:01:09 UTC 2018 /home/travis/build/icyphy/ptII/ptolemy/domains/continuous/test/auto/ContinuousWithinContinuous7.xml
----------------- Instantiating /home/travis/build/icyphy/ptII/ptolemy/domains/continuous/test/auto/ContinuousWithinContinuous7.xml
58 ms. Memory: 873472K Free: 614727K (70%)
----------------- Invoking toplevel() on ptolemy.moml.MoMLSimpleApplication@78c56924
----------------- Done invoking toplevel() on ptolemy.moml.MoMLSimpleApplication@78c56924
reloadAllAccessors: .ContinuousWithinContinuous7

===========================================================================================
----------------- testing Fri Dec 14 03:01:09 UTC 2018 /home/travis/build/icyphy/ptII/ptolemy/domains/continuous/test/auto/DCMotor.xml
----------------- Instantiating /home/travis/build/icyphy/ptII/ptolemy/domains/continuous/test/auto/DCMotor.xml
14149 ms. Memory: 697344K Free: 639382K (92%)
----------------- Invoking toplevel() on ptolemy.moml.MoMLSimpleApplication@434da128
----------------- Done invoking toplevel() on ptolemy.moml.MoMLSimpleApplication@434da128
reloadAllAccessors: .DCMotor

===========================================================================================
----------------- testing Fri Dec 14 03:01:23 UTC 2018 /home/travis/build/icyphy/ptII/ptolemy/domains/continuous/test/auto/DEInContinuous.xml
----------------- Instantiating /home/travis/build/icyphy/ptII/ptolemy/domains/continuous/test/auto/DEInContinuous.xml
11 ms. Memory: 697344K Free: 624031K (89%)
----------------- Invoking toplevel() on ptolemy.moml.MoMLSimpleApplication@fa4188f
----------------- Done invoking toplevel() on ptolemy.moml.MoMLSimpleApplication@fa4188f
reloadAllAccessors: .DEInContinuous

===========================================================================================
----------------- testing Fri Dec 14 03:01:23 UTC 2018 /home/travis/build/icyphy/ptII/ptolemy/domains/continuous/test/auto/DEinContinuous2.xml
----------------- Instantiating /home/travis/build/icyphy/ptII/ptolemy/domains/continuous/test/auto/DEinContinuous2.xml
7 ms. Memory: 697344K Free: 604291K (87%)
----------------- Invoking toplevel() on ptolemy.moml.MoMLSimpleApplication@6f713672
----------------- Done invoking toplevel() on ptolemy.moml.MoMLSimpleApplication@6f713672
reloadAllAccessors: .DEinContinuous2

===========================================================================================
----------------- testing Fri Dec 14 03:01:23 UTC 2018 /home/travis/build/icyphy/ptII/ptolemy/domains/continuous/test/auto/Derivative.xml
----------------- Instantiating /home/travis/build/icyphy/ptII/ptolemy/domains/continuous/test/auto/Derivative.xml
160 ms. Memory: 697344K Free: 567265K (81%)
----------------- Invoking toplevel() on ptolemy.moml.MoMLSimpleApplication@3024ce6e
----------------- Done invoking toplevel() on ptolemy.moml.MoMLSimpleApplication@3024ce6e
reloadAllAccessors: .Derivative2

===========================================================================================
----------------- testing Fri Dec 14 03:01:23 UTC 2018 /home/travis/build/icyphy/ptII/ptolemy/domains/continuous/test/auto/Derivative1.xml
----------------- Instantiating /home/travis/build/icyphy/ptII/ptolemy/domains/continuous/test/auto/Derivative1.xml
25 ms. Memory: 697344K Free: 547525K (79%)
----------------- Invoking toplevel() on ptolemy.moml.MoMLSimpleApplication@2ebfb468
----------------- Done invoking toplevel() on ptolemy.moml.MoMLSimpleApplication@2ebfb468
reloadAllAccessors: .Derivative1

===========================================================================================
----------------- testing Fri Dec 14 03:01:23 UTC 2018 /home/travis/build/icyphy/ptII/ptolemy/domains/continuous/test/auto/DiscreteClock.xml
----------------- Instantiating /home/travis/build/icyphy/ptII/ptolemy/domains/continuous/test/auto/DiscreteClock.xml
5 ms. Memory: 697344K Free: 533961K (77%)
----------------- Invoking toplevel() on ptolemy.moml.MoMLSimpleApplication@22b900a1
----------------- Done invoking toplevel() on ptolemy.moml.MoMLSimpleApplication@22b900a1
reloadAllAccessors: .DiscreteClock

===========================================================================================
----------------- testing Fri Dec 14 03:01:23 UTC 2018 /home/travis/build/icyphy/ptII/ptolemy/domains/continuous/test/auto/EfficiencyCurve.xml
----------------- Instantiating /home/travis/build/icyphy/ptII/ptolemy/domains/continuous/test/auto/EfficiencyCurve.xml
70 ms. Memory: 697344K Free: 521642K (75%)
----------------- Invoking toplevel() on ptolemy.moml.MoMLSimpleApplication@2978796
----------------- Done invoking toplevel() on ptolemy.moml.MoMLSimpleApplication@2978796
reloadAllAccessors: .EfficiencyCurve

===========================================================================================
----------------- testing Fri Dec 14 03:01:23 UTC 2018 /home/travis/build/icyphy/ptII/ptolemy/domains/continuous/test/auto/ExponentialResponse.xml
----------------- Instantiating /home/travis/build/icyphy/ptII/ptolemy/domains/continuous/test/auto/ExponentialResponse.xml
106 ms. Memory: 697344K Free: 495759K (71%)
----------------- Invoking toplevel() on ptolemy.moml.MoMLSimpleApplication@5d0417e8
----------------- Done invoking toplevel() on ptolemy.moml.MoMLSimpleApplication@5d0417e8
reloadAllAccessors: .ExponentialResponse

===========================================================================================
----------------- testing Fri Dec 14 03:01:24 UTC 2018 /home/travis/build/icyphy/ptII/ptolemy/domains/continuous/test/auto/ExponentialResponseRK45.xml
----------------- Instantiating /home/travis/build/icyphy/ptII/ptolemy/domains/continuous/test/auto/ExponentialResponseRK45.xml
25 ms. Memory: 697344K Free: 482194K (69%)
----------------- Invoking toplevel() on ptolemy.moml.MoMLSimpleApplication@389e9716
----------------- Done invoking toplevel() on ptolemy.moml.MoMLSimpleApplication@389e9716
reloadAllAccessors: .ExponentialResponseRK45

===========================================================================================
----------------- testing Fri Dec 14 03:01:24 UTC 2018 /home/travis/build/icyphy/ptII/ptolemy/domains/continuous/test/auto/Friction.xml
----------------- Instantiating /home/travis/build/icyphy/ptII/ptolemy/domains/continuous/test/auto/Friction.xml
1435 ms. Memory: 674816K Free: 614629K (91%)
----------------- Invoking toplevel() on ptolemy.moml.MoMLSimpleApplication@78fcc3d5
----------------- Done invoking toplevel() on ptolemy.moml.MoMLSimpleApplication@78fcc3d5
reloadAllAccessors: .Friction

===========================================================================================
----------------- testing Fri Dec 14 03:01:25 UTC 2018 /home/travis/build/icyphy/ptII/ptolemy/domains/continuous/test/auto/FurutaPendulum.xml
----------------- Instantiating /home/travis/build/icyphy/ptII/ptolemy/domains/continuous/test/auto/FurutaPendulum.xml
3645 ms. Memory: 674816K Free: 93211K (14%)
----------------- Invoking toplevel() on ptolemy.moml.MoMLSimpleApplication@3944bd9b
----------------- Done invoking toplevel() on ptolemy.moml.MoMLSimpleApplication@3944bd9b
reloadAllAccessors: .FurutaPendulum

===========================================================================================
----------------- testing Fri Dec 14 03:01:29 UTC 2018 /home/travis/build/icyphy/ptII/ptolemy/domains/continuous/test/auto/HierarchicalExecution.xml
----------------- Instantiating /home/travis/build/icyphy/ptII/ptolemy/domains/continuous/test/auto/HierarchicalExecution.xml
1820 ms. Memory: 645632K Free: 336512K (52%)
----------------- Invoking toplevel() on ptolemy.moml.MoMLSimpleApplication@440eb24c
----------------- Done invoking toplevel() on ptolemy.moml.MoMLSimpleApplication@440eb24c
reloadAllAccessors: .HierarchicalExecution

===========================================================================================
----------------- testing Fri Dec 14 03:01:31 UTC 2018 /home/travis/build/icyphy/ptII/ptolemy/domains/continuous/test/auto/HybridPlant.xml
----------------- Instantiating /home/travis/build/icyphy/ptII/ptolemy/domains/continuous/test/auto/HybridPlant.xml
532 ms. Memory: 619520K Free: 588049K (95%)
----------------- Invoking toplevel() on ptolemy.moml.MoMLSimpleApplication@335abb00
----------------- Done invoking toplevel() on ptolemy.moml.MoMLSimpleApplication@335abb00
reloadAllAccessors: .HybridPlant

===========================================================================================
----------------- testing Fri Dec 14 03:01:32 UTC 2018 /home/travis/build/icyphy/ptII/ptolemy/domains/continuous/test/auto/Hysteresis.xml
----------------- Instantiating /home/travis/build/icyphy/ptII/ptolemy/domains/continuous/test/auto/Hysteresis.xml
140 ms. Memory: 619520K Free: 517506K (84%)
----------------- Invoking toplevel() on ptolemy.moml.MoMLSimpleApplication@2c13f302
----------------- Done invoking toplevel() on ptolemy.moml.MoMLSimpleApplication@2c13f302
reloadAllAccessors: .Hysteresis

===========================================================================================
----------------- testing Fri Dec 14 03:01:32 UTC 2018 /home/travis/build/icyphy/ptII/ptolemy/domains/continuous/test/auto/HysteresisWithRandomDelay.xml
----------------- Instantiating /home/travis/build/icyphy/ptII/ptolemy/domains/continuous/test/auto/HysteresisWithRandomDelay.xml
168 ms. Memory: 619520K Free: 438174K (71%)
----------------- Invoking toplevel() on ptolemy.moml.MoMLSimpleApplication@496ff44a
----------------- Done invoking toplevel() on ptolemy.moml.MoMLSimpleApplication@496ff44a
reloadAllAccessors: .HysteresisWithRandomDelay

===========================================================================================
----------------- testing Fri Dec 14 03:01:32 UTC 2018 /home/travis/build/icyphy/ptII/ptolemy/domains/continuous/test/auto/HysteresisWithRandomLosses.xml
----------------- Instantiating /home/travis/build/icyphy/ptII/ptolemy/domains/continuous/test/auto/HysteresisWithRandomLosses.xml
2294 ms. Memory: 591872K Free: 171637K (29%)
----------------- Invoking toplevel() on ptolemy.moml.MoMLSimpleApplication@34d8ef2
----------------- Done invoking toplevel() on ptolemy.moml.MoMLSimpleApplication@34d8ef2
reloadAllAccessors: .HysteresisWithRandomLosses

===========================================================================================
----------------- testing Fri Dec 14 03:01:34 UTC 2018 /home/travis/build/icyphy/ptII/ptolemy/domains/continuous/test/auto/ImmediateTransitions.xml
----------------- Instantiating /home/travis/build/icyphy/ptII/ptolemy/domains/continuous/test/auto/ImmediateTransitions.xml
17 ms. Memory: 591872K Free: 156124K (26%)
----------------- Invoking toplevel() on ptolemy.moml.MoMLSimpleApplication@749e7dd8
----------------- Done invoking toplevel() on ptolemy.moml.MoMLSimpleApplication@749e7dd8
reloadAllAccessors: .ImmediateTransitions

===========================================================================================
----------------- testing Fri Dec 14 03:01:35 UTC 2018 /home/travis/build/icyphy/ptII/ptolemy/domains/continuous/test/auto/ImpulseFeedback.xml
----------------- Instantiating /home/travis/build/icyphy/ptII/ptolemy/domains/continuous/test/auto/ImpulseFeedback.xml
10 ms. Memory: 591872K Free: 147604K (25%)
----------------- Invoking toplevel() on ptolemy.moml.MoMLSimpleApplication@1cd48f3a
----------------- Done invoking toplevel() on ptolemy.moml.MoMLSimpleApplication@1cd48f3a
reloadAllAccessors: .ImpulseFeedback

===========================================================================================
----------------- testing Fri Dec 14 03:01:35 UTC 2018 /home/travis/build/icyphy/ptII/ptolemy/domains/continuous/test/auto/ImpulseFeedback2.xml
----------------- Instantiating /home/travis/build/icyphy/ptII/ptolemy/domains/continuous/test/auto/ImpulseFeedback2.xml
6 ms. Memory: 591872K Free: 139093K (24%)
----------------- Invoking toplevel() on ptolemy.moml.MoMLSimpleApplication@6ba87e7c
----------------- Done invoking toplevel() on ptolemy.moml.MoMLSimpleApplication@6ba87e7c
reloadAllAccessors: .ImpulseFeedback2

===========================================================================================
----------------- testing Fri Dec 14 03:01:35 UTC 2018 /home/travis/build/icyphy/ptII/ptolemy/domains/continuous/test/auto/IncreasingRatePoisson.xml
----------------- Instantiating /home/travis/build/icyphy/ptII/ptolemy/domains/continuous/test/auto/IncreasingRatePoisson.xml
644 ms. Memory: 565760K Free: 307808K (54%)
----------------- Invoking toplevel() on ptolemy.moml.MoMLSimpleApplication@62c88306
----------------- Done invoking toplevel() on ptolemy.moml.MoMLSimpleApplication@62c88306
reloadAllAccessors: .IncreasingRatePoisson

===========================================================================================
----------------- testing Fri Dec 14 03:01:35 UTC 2018 /home/travis/build/icyphy/ptII/ptolemy/domains/continuous/test/auto/InitialStateFeedback.xml
----------------- Instantiating /home/travis/build/icyphy/ptII/ptolemy/domains/continuous/test/auto/InitialStateFeedback.xml
8 ms. Memory: 565760K Free: 298286K (53%)
----------------- Invoking toplevel() on ptolemy.moml.MoMLSimpleApplication@66d10ac
----------------- Done invoking toplevel() on ptolemy.moml.MoMLSimpleApplication@66d10ac
reloadAllAccessors: .InitialStateFeedback

===========================================================================================
----------------- testing Fri Dec 14 03:01:35 UTC 2018 /home/travis/build/icyphy/ptII/ptolemy/domains/continuous/test/auto/Integration.xml
----------------- Instantiating /home/travis/build/icyphy/ptII/ptolemy/domains/continuous/test/auto/Integration.xml
1 ms. Memory: 565760K Free: 290202K (51%)
----------------- Invoking toplevel() on ptolemy.moml.MoMLSimpleApplication@2a329f5e
----------------- Done invoking toplevel() on ptolemy.moml.MoMLSimpleApplication@2a329f5e
reloadAllAccessors: .Integration

===========================================================================================
----------------- testing Fri Dec 14 03:01:35 UTC 2018 /home/travis/build/icyphy/ptII/ptolemy/domains/continuous/test/auto/Integration2.xml
----------------- Instantiating /home/travis/build/icyphy/ptII/ptolemy/domains/continuous/test/auto/Integration2.xml
75 ms. Memory: 565760K Free: 272277K (48%)
----------------- Invoking toplevel() on ptolemy.moml.MoMLSimpleApplication@470f882d
----------------- Done invoking toplevel() on ptolemy.moml.MoMLSimpleApplication@470f882d
reloadAllAccessors: .Integration2

===========================================================================================
----------------- testing Fri Dec 14 03:01:35 UTC 2018 /home/travis/build/icyphy/ptII/ptolemy/domains/continuous/test/auto/Integration3.xml
----------------- Instantiating /home/travis/build/icyphy/ptII/ptolemy/domains/continuous/test/auto/Integration3.xml
2 ms. Memory: 565760K Free: 264197K (47%)
----------------- Invoking toplevel() on ptolemy.moml.MoMLSimpleApplication@6b7bee31
----------------- Done invoking toplevel() on ptolemy.moml.MoMLSimpleApplication@6b7bee31
reloadAllAccessors: .Integration3

===========================================================================================
----------------- testing Fri Dec 14 03:01:35 UTC 2018 /home/travis/build/icyphy/ptII/ptolemy/domains/continuous/test/auto/Integration5.xml
----------------- Instantiating /home/travis/build/icyphy/ptII/ptolemy/domains/continuous/test/auto/Integration5.xml
2 ms. Memory: 565760K Free: 256118K (45%)
----------------- Invoking toplevel() on ptolemy.moml.MoMLSimpleApplication@15eb21ad
----------------- Done invoking toplevel() on ptolemy.moml.MoMLSimpleApplication@15eb21ad
reloadAllAccessors: .Integration5

===========================================================================================
----------------- testing Fri Dec 14 03:01:35 UTC 2018 /home/travis/build/icyphy/ptII/ptolemy/domains/continuous/test/auto/IntegratorImpulse.xml
----------------- Instantiating /home/travis/build/icyphy/ptII/ptolemy/domains/continuous/test/auto/IntegratorImpulse.xml
2 ms. Memory: 565760K Free: 247896K (44%)
----------------- Invoking toplevel() on ptolemy.moml.MoMLSimpleApplication@7dc1b882
----------------- Done invoking toplevel() on ptolemy.moml.MoMLSimpleApplication@7dc1b882
reloadAllAccessors: .IntegratorImpulse

===========================================================================================
----------------- testing Fri Dec 14 03:01:35 UTC 2018 /home/travis/build/icyphy/ptII/ptolemy/domains/continuous/test/auto/IntegratorImpulse2.xml
----------------- Instantiating /home/travis/build/icyphy/ptII/ptolemy/domains/continuous/test/auto/IntegratorImpulse2.xml
4 ms. Memory: 565760K Free: 239824K (42%)
----------------- Invoking toplevel() on ptolemy.moml.MoMLSimpleApplication@2cb32881
----------------- Done invoking toplevel() on ptolemy.moml.MoMLSimpleApplication@2cb32881
reloadAllAccessors: .IntegratorImpulse2

===========================================================================================
----------------- testing Fri Dec 14 03:01:35 UTC 2018 /home/travis/build/icyphy/ptII/ptolemy/domains/continuous/test/auto/LevelCrossing1.xml
----------------- Instantiating /home/travis/build/icyphy/ptII/ptolemy/domains/continuous/test/auto/LevelCrossing1.xml
2 ms. Memory: 565760K Free: 231752K (41%)
----------------- Invoking toplevel() on ptolemy.moml.MoMLSimpleApplication@10e1dcf6
----------------- Done invoking toplevel() on ptolemy.moml.MoMLSimpleApplication@10e1dcf6
reloadAllAccessors: .LevelCrossing1

===========================================================================================
----------------- testing Fri Dec 14 03:01:35 UTC 2018 /home/travis/build/icyphy/ptII/ptolemy/domains/continuous/test/auto/LevelCrossing2.xml
----------------- Instantiating /home/travis/build/icyphy/ptII/ptolemy/domains/continuous/test/auto/LevelCrossing2.xml
3 ms. Memory: 565760K Free: 223514K (40%)
----------------- Invoking toplevel() on ptolemy.moml.MoMLSimpleApplication@cd6ea29
----------------- Done invoking toplevel() on ptolemy.moml.MoMLSimpleApplication@cd6ea29
reloadAllAccessors: .LevelCrossing2

===========================================================================================
----------------- testing Fri Dec 14 03:01:35 UTC 2018 /home/travis/build/icyphy/ptII/ptolemy/domains/continuous/test/auto/LevelCrossing3.xml
----------------- Instantiating /home/travis/build/icyphy/ptII/ptolemy/domains/continuous/test/auto/LevelCrossing3.xml
3 ms. Memory: 565760K Free: 215436K (38%)
----------------- Invoking toplevel() on ptolemy.moml.MoMLSimpleApplication@16757f6c
----------------- Done invoking toplevel() on ptolemy.moml.MoMLSimpleApplication@16757f6c
reloadAllAccessors: .LevelCrossing3

===========================================================================================
----------------- testing Fri Dec 14 03:01:35 UTC 2018 /home/travis/build/icyphy/ptII/ptolemy/domains/continuous/test/auto/LevelCrossing4.xml
----------------- Instantiating /home/travis/build/icyphy/ptII/ptolemy/domains/continuous/test/auto/LevelCrossing4.xml
5 ms. Memory: 565760K Free: 207197K (37%)
----------------- Invoking toplevel() on ptolemy.moml.MoMLSimpleApplication@53e0b591
----------------- Done invoking toplevel() on ptolemy.moml.MoMLSimpleApplication@53e0b591
reloadAllAccessors: .LevelCrossing4

===========================================================================================
----------------- testing Fri Dec 14 03:01:36 UTC 2018 /home/travis/build/icyphy/ptII/ptolemy/domains/continuous/test/auto/LevelCrossing5.xml
----------------- Instantiating /home/travis/build/icyphy/ptII/ptolemy/domains/continuous/test/auto/LevelCrossing5.xml
3 ms. Memory: 565760K Free: 199118K (35%)
----------------- Invoking toplevel() on ptolemy.moml.MoMLSimpleApplication@2a377775
----------------- Done invoking toplevel() on ptolemy.moml.MoMLSimpleApplication@2a377775
reloadAllAccessors: .LevelCrossing5

===========================================================================================
[...]
----------------- Done invoking toplevel() on ptolemy.moml.MoMLSimpleApplication@35820c
reloadAllAccessors: .ResetTransitionWithStartTime6

===========================================================================================
----------------- testing Fri Dec 14 03:01:52 UTC 2018 /home/travis/build/icyphy/ptII/ptolemy/domains/continuous/test/auto/SRinContinuous.xml
----------------- Instantiating /home/travis/build/icyphy/ptII/ptolemy/domains/continuous/test/auto/SRinContinuous.xml
4 ms. Memory: 588800K Free: 64428K (11%)
----------------- Invoking toplevel() on ptolemy.moml.MoMLSimpleApplication@75fcfa2d
----------------- Done invoking toplevel() on ptolemy.moml.MoMLSimpleApplication@75fcfa2d
reloadAllAccessors: .SRinContinuous

===========================================================================================
----------------- testing Fri Dec 14 03:01:52 UTC 2018 /home/travis/build/icyphy/ptII/ptolemy/domains/continuous/test/auto/SampledClocks.xml
----------------- Instantiating /home/travis/build/icyphy/ptII/ptolemy/domains/continuous/test/auto/SampledClocks.xml
3 ms. Memory: 588800K Free: 53387K (9%)
----------------- Invoking toplevel() on ptolemy.moml.MoMLSimpleApplication@dee9a70
----------------- Done invoking toplevel() on ptolemy.moml.MoMLSimpleApplication@dee9a70
reloadAllAccessors: .SampledClocks

===========================================================================================
----------------- testing Fri Dec 14 03:01:52 UTC 2018 /home/travis/build/icyphy/ptII/ptolemy/domains/continuous/test/auto/Satellite.xml
----------------- Instantiating /home/travis/build/icyphy/ptII/ptolemy/domains/continuous/test/auto/Satellite.xml
855 ms. Memory: 572416K Free: 352978K (62%)
----------------- Invoking toplevel() on ptolemy.moml.MoMLSimpleApplication@6e58fe07
----------------- Done invoking toplevel() on ptolemy.moml.MoMLSimpleApplication@6e58fe07
reloadAllAccessors: .Satellite

===========================================================================================
----------------- testing Fri Dec 14 03:01:53 UTC 2018 /home/travis/build/icyphy/ptII/ptolemy/domains/continuous/test/auto/SigmaDelta.xml
----------------- Instantiating /home/travis/build/icyphy/ptII/ptolemy/domains/continuous/test/auto/SigmaDelta.xml
2174 ms. Memory: 549888K Free: 433072K (79%)
----------------- Invoking toplevel() on ptolemy.moml.MoMLSimpleApplication@6bde9675
----------------- Done invoking toplevel() on ptolemy.moml.MoMLSimpleApplication@6bde9675
reloadAllAccessors: .SigmaDelta

===========================================================================================
----------------- testing Fri Dec 14 03:01:55 UTC 2018 /home/travis/build/icyphy/ptII/ptolemy/domains/continuous/test/auto/SingleRefinement.xml
----------------- Instantiating /home/travis/build/icyphy/ptII/ptolemy/domains/continuous/test/auto/SingleRefinement.xml
312 ms. Memory: 549888K Free: 243048K (44%)
----------------- Invoking toplevel() on ptolemy.moml.MoMLSimpleApplication@107a0b71
----------------- Done invoking toplevel() on ptolemy.moml.MoMLSimpleApplication@107a0b71
reloadAllAccessors: .SingleRefinement

===========================================================================================
----------------- testing Fri Dec 14 03:01:56 UTC 2018 /home/travis/build/icyphy/ptII/ptolemy/domains/continuous/test/auto/SinuBouncingBall.xml
----------------- Instantiating /home/travis/build/icyphy/ptII/ptolemy/domains/continuous/test/auto/SinuBouncingBall.xml
749 ms. Memory: 522752K Free: 444426K (85%)
----------------- Invoking toplevel() on ptolemy.moml.MoMLSimpleApplication@2d6c9e39
----------------- Done invoking toplevel() on ptolemy.moml.MoMLSimpleApplication@2d6c9e39
reloadAllAccessors: .SinuBouncingBall

===========================================================================================
----------------- testing Fri Dec 14 03:01:57 UTC 2018 /home/travis/build/icyphy/ptII/ptolemy/domains/continuous/test/auto/Sinusoid.xml
----------------- Instantiating /home/travis/build/icyphy/ptII/ptolemy/domains/continuous/test/auto/Sinusoid.xml
4 ms. Memory: 522752K Free: 435378K (83%)
----------------- Invoking toplevel() on ptolemy.moml.MoMLSimpleApplication@4ea903d4
----------------- Done invoking toplevel() on ptolemy.moml.MoMLSimpleApplication@4ea903d4
reloadAllAccessors: .Sinusoid

===========================================================================================
----------------- testing Fri Dec 14 03:01:57 UTC 2018 /home/travis/build/icyphy/ptII/ptolemy/domains/continuous/test/auto/SinusoidInNoise.xml
----------------- Instantiating /home/travis/build/icyphy/ptII/ptolemy/domains/continuous/test/auto/SinusoidInNoise.xml
879 ms. Memory: 522752K Free: 232132K (44%)
----------------- Invoking toplevel() on ptolemy.moml.MoMLSimpleApplication@199063ff
----------------- Done invoking toplevel() on ptolemy.moml.MoMLSimpleApplication@199063ff
reloadAllAccessors: .SinusoidInNoise

===========================================================================================
----------------- testing Fri Dec 14 03:01:58 UTC 2018 /home/travis/build/icyphy/ptII/ptolemy/domains/continuous/test/auto/SinusoidRK45.xml
----------------- Instantiating /home/travis/build/icyphy/ptII/ptolemy/domains/continuous/test/auto/SinusoidRK45.xml
2 ms. Memory: 522752K Free: 224600K (43%)
----------------- Invoking toplevel() on ptolemy.moml.MoMLSimpleApplication@3b6f05ba
----------------- Done invoking toplevel() on ptolemy.moml.MoMLSimpleApplication@3b6f05ba
reloadAllAccessors: .SinusoidRK45

===========================================================================================
----------------- testing Fri Dec 14 03:01:58 UTC 2018 /home/travis/build/icyphy/ptII/ptolemy/domains/continuous/test/auto/SinusoidWithMultipleImpulses.xml
----------------- Instantiating /home/travis/build/icyphy/ptII/ptolemy/domains/continuous/test/auto/SinusoidWithMultipleImpulses.xml
3 ms. Memory: 522752K Free: 217068K (42%)
----------------- Invoking toplevel() on ptolemy.moml.MoMLSimpleApplication@2bf4d4e9
----------------- Done invoking toplevel() on ptolemy.moml.MoMLSimpleApplication@2bf4d4e9
reloadAllAccessors: .SinusoidWithMultipleImpulses

===========================================================================================
----------------- testing Fri Dec 14 03:01:58 UTC 2018 /home/travis/build/icyphy/ptII/ptolemy/domains/continuous/test/auto/SquareWave.xml
----------------- Instantiating /home/travis/build/icyphy/ptII/ptolemy/domains/continuous/test/auto/SquareWave.xml
145 ms. Memory: 522752K Free: 187497K (36%)
----------------- Invoking toplevel() on ptolemy.moml.MoMLSimpleApplication@4ee9f698
----------------- Done invoking toplevel() on ptolemy.moml.MoMLSimpleApplication@4ee9f698
reloadAllAccessors: .SquareWave

===========================================================================================
----------------- testing Fri Dec 14 03:01:58 UTC 2018 /home/travis/build/icyphy/ptII/ptolemy/domains/continuous/test/auto/Starmac.xml
----------------- Instantiating /home/travis/build/icyphy/ptII/ptolemy/domains/continuous/test/auto/Starmac.xml
3059 ms. Memory: 504832K Free: 226406K (45%)
----------------- Invoking toplevel() on ptolemy.moml.MoMLSimpleApplication@17c72706
----------------- Done invoking toplevel() on ptolemy.moml.MoMLSimpleApplication@17c72706
reloadAllAccessors: .Starmac

===========================================================================================
----------------- testing Fri Dec 14 03:02:01 UTC 2018 /home/travis/build/icyphy/ptII/ptolemy/domains/continuous/test/auto/StaticUnits.xml
----------------- Instantiating /home/travis/build/icyphy/ptII/ptolemy/domains/continuous/test/auto/StaticUnits.xml
2055 ms. Memory: 486912K Free: 139640K (29%)
----------------- Invoking toplevel() on ptolemy.moml.MoMLSimpleApplication@52005daa
----------------- Done invoking toplevel() on ptolemy.moml.MoMLSimpleApplication@52005daa
reloadAllAccessors: .StaticUnits

===========================================================================================
----------------- testing Fri Dec 14 03:02:04 UTC 2018 /home/travis/build/icyphy/ptII/ptolemy/domains/continuous/test/auto/StickyMasses.xml
----------------- Instantiating /home/travis/build/icyphy/ptII/ptolemy/domains/continuous/test/auto/StickyMasses.xml
125 ms. Memory: 486912K Free: 80683K (17%)
----------------- Invoking toplevel() on ptolemy.moml.MoMLSimpleApplication@3f119bd6
----------------- Done invoking toplevel() on ptolemy.moml.MoMLSimpleApplication@3f119bd6
reloadAllAccessors: .StickyMasses

===========================================================================================
----------------- testing Fri Dec 14 03:02:04 UTC 2018 /home/travis/build/icyphy/ptII/ptolemy/domains/continuous/test/auto/StopTime.xml
----------------- Instantiating /home/travis/build/icyphy/ptII/ptolemy/domains/continuous/test/auto/StopTime.xml
32 ms. Memory: 486912K Free: 51684K (11%)
----------------- Invoking toplevel() on ptolemy.moml.MoMLSimpleApplication@504effa6
----------------- Done invoking toplevel() on ptolemy.moml.MoMLSimpleApplication@504effa6
reloadAllAccessors: .StopTime

===========================================================================================
----------------- testing Fri Dec 14 03:02:04 UTC 2018 /home/travis/build/icyphy/ptII/ptolemy/domains/continuous/test/auto/StopTime2.xml
----------------- Instantiating /home/travis/build/icyphy/ptII/ptolemy/domains/continuous/test/auto/StopTime2.xml
37 ms. Memory: 486912K Free: 24655K (5%)
----------------- Invoking toplevel() on ptolemy.moml.MoMLSimpleApplication@31905ebc
----------------- Done invoking toplevel() on ptolemy.moml.MoMLSimpleApplication@31905ebc
reloadAllAccessors: .StopTime2

===========================================================================================
----------------- testing Fri Dec 14 03:02:04 UTC 2018 /home/travis/build/icyphy/ptII/ptolemy/domains/continuous/test/auto/Switch.xml
----------------- Instantiating /home/travis/build/icyphy/ptII/ptolemy/domains/continuous/test/auto/Switch.xml
42 ms. Memory: 463360K Free: 370933K (80%)
----------------- Invoking toplevel() on ptolemy.moml.MoMLSimpleApplication@53a981eb
----------------- Done invoking toplevel() on ptolemy.moml.MoMLSimpleApplication@53a981eb
reloadAllAccessors: .Switch

===========================================================================================
----------------- testing Fri Dec 14 03:02:04 UTC 2018 /home/travis/build/icyphy/ptII/ptolemy/domains/continuous/test/auto/Thermostat.xml
----------------- Instantiating /home/travis/build/icyphy/ptII/ptolemy/domains/continuous/test/auto/Thermostat.xml
175 ms. Memory: 463360K Free: 293381K (63%)
----------------- Invoking toplevel() on ptolemy.moml.MoMLSimpleApplication@3157060b
----------------- Done invoking toplevel() on ptolemy.moml.MoMLSimpleApplication@3157060b
reloadAllAccessors: .Thermostat

===========================================================================================
----------------- testing Fri Dec 14 03:02:04 UTC 2018 /home/travis/build/icyphy/ptII/ptolemy/domains/continuous/test/auto/TimeDelay.xml
----------------- Instantiating /home/travis/build/icyphy/ptII/ptolemy/domains/continuous/test/auto/TimeDelay.xml
6 ms. Memory: 463360K Free: 286694K (62%)
----------------- Invoking toplevel() on ptolemy.moml.MoMLSimpleApplication@36c2fa05
----------------- Done invoking toplevel() on ptolemy.moml.MoMLSimpleApplication@36c2fa05
reloadAllAccessors: .TimeDelay

===========================================================================================
----------------- testing Fri Dec 14 03:02:04 UTC 2018 /home/travis/build/icyphy/ptII/ptolemy/domains/continuous/test/auto/TimeDelay2.xml
----------------- Instantiating /home/travis/build/icyphy/ptII/ptolemy/domains/continuous/test/auto/TimeDelay2.xml
11 ms. Memory: 463360K Free: 276175K (60%)
----------------- Invoking toplevel() on ptolemy.moml.MoMLSimpleApplication@3f4e83ff
----------------- Done invoking toplevel() on ptolemy.moml.MoMLSimpleApplication@3f4e83ff
reloadAllAccessors: .TimeDelay2

===========================================================================================
----------------- testing Fri Dec 14 03:02:04 UTC 2018 /home/travis/build/icyphy/ptII/ptolemy/domains/continuous/test/auto/TimeDelay3.xml
----------------- Instantiating /home/travis/build/icyphy/ptII/ptolemy/domains/continuous/test/auto/TimeDelay3.xml
7 ms. Memory: 463360K Free: 269486K (58%)
----------------- Invoking toplevel() on ptolemy.moml.MoMLSimpleApplication@f74d291
----------------- Done invoking toplevel() on ptolemy.moml.MoMLSimpleApplication@f74d291
reloadAllAccessors: .TimeDelay3

===========================================================================================
----------------- testing Fri Dec 14 03:02:04 UTC 2018 /home/travis/build/icyphy/ptII/ptolemy/domains/continuous/test/auto/TransferAbsentToInside.xml
----------------- Instantiating /home/travis/build/icyphy/ptII/ptolemy/domains/continuous/test/auto/TransferAbsentToInside.xml
46 ms. Memory: 463360K Free: 211040K (46%)
----------------- Invoking toplevel() on ptolemy.moml.MoMLSimpleApplication@16843e68
----------------- Done invoking toplevel() on ptolemy.moml.MoMLSimpleApplication@16843e68
reloadAllAccessors: .TransferAbsentToInside

===========================================================================================
----------------- testing Fri Dec 14 03:02:05 UTC 2018 /home/travis/build/icyphy/ptII/ptolemy/domains/continuous/test/auto/Transmission.xml
----------------- Instantiating /home/travis/build/icyphy/ptII/ptolemy/domains/continuous/test/auto/Transmission.xml
660 ms. Memory: 445952K Free: 331951K (74%)
----------------- Invoking toplevel() on ptolemy.moml.MoMLSimpleApplication@7f693817
----------------- Done invoking toplevel() on ptolemy.moml.MoMLSimpleApplication@7f693817
reloadAllAccessors: .Transmission

===========================================================================================
----------------- testing Fri Dec 14 03:02:05 UTC 2018 /home/travis/build/icyphy/ptII/ptolemy/domains/continuous/test/auto/TriggeredContinuousClock.xml
----------------- Instantiating /home/travis/build/icyphy/ptII/ptolemy/domains/continuous/test/auto/TriggeredContinuousClock.xml
36 ms. Memory: 445952K Free: 298858K (67%)
----------------- Invoking toplevel() on ptolemy.moml.MoMLSimpleApplication@1d12045e
----------------- Done invoking toplevel() on ptolemy.moml.MoMLSimpleApplication@1d12045e
reloadAllAccessors: .TriggeredContinuousClock

===========================================================================================
----------------- testing Fri Dec 14 03:02:05 UTC 2018 /home/travis/build/icyphy/ptII/ptolemy/domains/continuous/test/auto/TwoMachineInfiniteBusControl.xml
----------------- Instantiating /home/travis/build/icyphy/ptII/ptolemy/domains/continuous/test/auto/TwoMachineInfiniteBusControl.xml
2609 ms. Memory: 430592K Free: 55616K (13%)
----------------- Invoking toplevel() on ptolemy.moml.MoMLSimpleApplication@4bbbd447
----------------- Done invoking toplevel() on ptolemy.moml.MoMLSimpleApplication@4bbbd447
reloadAllAccessors: .TwoMachineInfiniteBusControl

===========================================================================================
----------------- testing Fri Dec 14 03:02:08 UTC 2018 /home/travis/build/icyphy/ptII/ptolemy/domains/continuous/test/auto/V2V.xml
----------------- Instantiating /home/travis/build/icyphy/ptII/ptolemy/domains/continuous/test/auto/V2V.xml
629 ms. Memory: 413696K Free: 188828K (46%)
----------------- Invoking toplevel() on ptolemy.moml.MoMLSimpleApplication@3d30ce3
----------------- Done invoking toplevel() on ptolemy.moml.MoMLSimpleApplication@3d30ce3
reloadAllAccessors: .V2V

===========================================================================================
----------------- testing Fri Dec 14 03:02:09 UTC 2018 /home/travis/build/icyphy/ptII/ptolemy/domains/continuous/test/auto/hierarchicalModalModel.xml
----------------- Instantiating /home/travis/build/icyphy/ptII/ptolemy/domains/continuous/test/auto/hierarchicalModalModel.xml
5 ms. Memory: 413696K Free: 170096K (41%)
----------------- Invoking toplevel() on ptolemy.moml.MoMLSimpleApplication@990e38
----------------- Done invoking toplevel() on ptolemy.moml.MoMLSimpleApplication@990e38
reloadAllAccessors: .hierarchicalModalModel

===========================================================================================
----------------- testing Fri Dec 14 03:02:09 UTC 2018 /home/travis/build/icyphy/ptII/ptolemy/domains/continuous/test/auto/hierarchicalModalModel1.xml
----------------- Instantiating /home/travis/build/icyphy/ptII/ptolemy/domains/continuous/test/auto/hierarchicalModalModel1.xml
6 ms. Memory: 413696K Free: 154232K (37%)
----------------- Invoking toplevel() on ptolemy.moml.MoMLSimpleApplication@136ff49e
----------------- Done invoking toplevel() on ptolemy.moml.MoMLSimpleApplication@136ff49e
reloadAllAccessors: .hierarchicalModalModel1

===========================================================================================
----------------- testing Fri Dec 14 03:02:09 UTC 2018 /home/travis/build/icyphy/ptII/ptolemy/domains/continuous/test/auto/hierarchicalModalModel2.xml
----------------- Instantiating /home/travis/build/icyphy/ptII/ptolemy/domains/continuous/test/auto/hierarchicalModalModel2.xml
5 ms. Memory: 413696K Free: 138354K (33%)
----------------- Invoking toplevel() on ptolemy.moml.MoMLSimpleApplication@751e4235
----------------- Done invoking toplevel() on ptolemy.moml.MoMLSimpleApplication@751e4235
reloadAllAccessors: .hierarchicalModalModel2

===========================================================================================
----------------- testing Fri Dec 14 03:02:09 UTC 2018 /home/travis/build/icyphy/ptII/ptolemy/domains/continuous/test/auto/hierarchicalModalModel3.xml
----------------- Instantiating /home/travis/build/icyphy/ptII/ptolemy/domains/continuous/test/auto/hierarchicalModalModel3.xml
5 ms. Memory: 413696K Free: 124098K (30%)
----------------- Invoking toplevel() on ptolemy.moml.MoMLSimpleApplication@a3a220a
----------------- Done invoking toplevel() on ptolemy.moml.MoMLSimpleApplication@a3a220a
reloadAllAccessors: .hierarchicalModalModel3

===========================================================================================
----------------- testing Fri Dec 14 03:02:09 UTC 2018 /home/travis/build/icyphy/ptII/ptolemy/domains/continuous/test/auto/hierarchicalModalModel4.xml
----------------- Instantiating /home/travis/build/icyphy/ptII/ptolemy/domains/continuous/test/auto/hierarchicalModalModel4.xml
5 ms. Memory: 413696K Free: 108235K (26%)
----------------- Invoking toplevel() on ptolemy.moml.MoMLSimpleApplication@43730795
----------------- Done invoking toplevel() on ptolemy.moml.MoMLSimpleApplication@43730795
reloadAllAccessors: .hierarchicalModalModel4

===========================================================================================
----------------- testing Fri Dec 14 03:02:09 UTC 2018 /home/travis/build/icyphy/ptII/ptolemy/domains/continuous/test/auto/junk.xml
----------------- Instantiating /home/travis/build/icyphy/ptII/ptolemy/domains/continuous/test/auto/junk.xml
120 ms. Memory: 413696K Free: 75781K (18%)
----------------- Invoking toplevel() on ptolemy.moml.MoMLSimpleApplication@14617998
----------------- Done invoking toplevel() on ptolemy.moml.MoMLSimpleApplication@14617998
reloadAllAccessors: .junk
AutoTests.java: About to close Vertx.
AutoTests.java: Vertx closed.
]]></system-out>
  <system-err><![CDATA[Warning: '.IncreasingRatePoisson.NonStrictTest' The test produced only 392 tokens, yet the correctValues parameter was expecting 402 tokens.
Warning: '.Poisson.NonStrictTest' The test produced only 403 tokens, yet the correctValues parameter was expecting 430 tokens.
]]></system-err>
</testsuite>
