<?xml version="1.0" encoding="UTF-8" ?>
<testsuite errors="0" failures="0" hostname="travis-job-06eab21a-3ecf-4627-b419-28acad44eea4" name="ptolemy.domains.continuous.test.junit.JUnitTclTest" skipped="0" tests="156" time="76.684" timestamp="2019-07-18T04:48:53">
  <properties>
[...]
</properties>
  <testcase classname="ptolemy.util.test.junit.TclTests" name="[0] ThereAreNoTclTests (RunTclFile)" time="0.009" />
  <testcase classname="ptolemy.util.test.junit.AutoKnownFailedTests" name="[0] ThereAreNoKnowFailedTests (RunModel)" time="0.003" />
  <testcase classname="ptolemy.util.test.junit.AutoNameArchTests" name="[0] ThereAreNoAutoArchTests (RunModel)" time="0.023" />
  <testcase classname="ptolemy.util.test.junit.AutoTests" name="[0] /home/travis/build/icyphy/ptII/ptolemy/domains/continuous/test/auto/BouncingBall.xml (RunModel)" time="3.429" />
  <testcase classname="ptolemy.util.test.junit.AutoTests" name="[1] /home/travis/build/icyphy/ptII/ptolemy/domains/continuous/test/auto/BouncingBallWithoutGR.xml (RunModel)" time="1.012" />
  <testcase classname="ptolemy.util.test.junit.AutoTests" name="[2] /home/travis/build/icyphy/ptII/ptolemy/domains/continuous/test/auto/Brownian.xml (RunModel)" time="0.126" />
  <testcase classname="ptolemy.util.test.junit.AutoTests" name="[3] /home/travis/build/icyphy/ptII/ptolemy/domains/continuous/test/auto/CarTracking.xml (RunModel)" time="4.215" />
  <testcase classname="ptolemy.util.test.junit.AutoTests" name="[4] /home/travis/build/icyphy/ptII/ptolemy/domains/continuous/test/auto/CartPendulum.xml (RunModel)" time="0.548" />
  <testcase classname="ptolemy.util.test.junit.AutoTests" name="[5] /home/travis/build/icyphy/ptII/ptolemy/domains/continuous/test/auto/CausalityInterface10.xml (RunModel)" time="0.066" />
  <testcase classname="ptolemy.util.test.junit.AutoTests" name="[6] /home/travis/build/icyphy/ptII/ptolemy/domains/continuous/test/auto/CausalityInterface11.xml (RunModel)" time="0.035" />
  <testcase classname="ptolemy.util.test.junit.AutoTests" name="[7] /home/travis/build/icyphy/ptII/ptolemy/domains/continuous/test/auto/CausalityInterface12.xml (RunModel)" time="0.04" />
  <testcase classname="ptolemy.util.test.junit.AutoTests" name="[8] /home/travis/build/icyphy/ptII/ptolemy/domains/continuous/test/auto/CausalityInterface13.xml (RunModel)" time="0.024" />
  <testcase classname="ptolemy.util.test.junit.AutoTests" name="[9] /home/travis/build/icyphy/ptII/ptolemy/domains/continuous/test/auto/CausalityInterface14.xml (RunModel)" time="0.019" />
  <testcase classname="ptolemy.util.test.junit.AutoTests" name="[10] /home/travis/build/icyphy/ptII/ptolemy/domains/continuous/test/auto/CausalityInterface4.xml (RunModel)" time="0.032" />
  <testcase classname="ptolemy.util.test.junit.AutoTests" name="[11] /home/travis/build/icyphy/ptII/ptolemy/domains/continuous/test/auto/CausalityInterface5.xml (RunModel)" time="0.041" />
  <testcase classname="ptolemy.util.test.junit.AutoTests" name="[12] /home/travis/build/icyphy/ptII/ptolemy/domains/continuous/test/auto/CausalityInterface6.xml (RunModel)" time="0.026" />
  <testcase classname="ptolemy.util.test.junit.AutoTests" name="[13] /home/travis/build/icyphy/ptII/ptolemy/domains/continuous/test/auto/CausalityInterface7.xml (RunModel)" time="0.044" />
  <testcase classname="ptolemy.util.test.junit.AutoTests" name="[14] /home/travis/build/icyphy/ptII/ptolemy/domains/continuous/test/auto/CausalityInterface8.xml (RunModel)" time="0.056" />
  <testcase classname="ptolemy.util.test.junit.AutoTests" name="[15] /home/travis/build/icyphy/ptII/ptolemy/domains/continuous/test/auto/CausalityInterface9.xml (RunModel)" time="0.072" />
  <testcase classname="ptolemy.util.test.junit.AutoTests" name="[16] /home/travis/build/icyphy/ptII/ptolemy/domains/continuous/test/auto/CausalityInterfaceFeedback1.xml (RunModel)" time="0.048" />
  <testcase classname="ptolemy.util.test.junit.AutoTests" name="[17] /home/travis/build/icyphy/ptII/ptolemy/domains/continuous/test/auto/CausalityInterfaceFeedback2.xml (RunModel)" time="0.033" />
  <testcase classname="ptolemy.util.test.junit.AutoTests" name="[18] /home/travis/build/icyphy/ptII/ptolemy/domains/continuous/test/auto/CompareWithCurrentTime.xml (RunModel)" time="0.028" />
  <testcase classname="ptolemy.util.test.junit.AutoTests" name="[19] /home/travis/build/icyphy/ptII/ptolemy/domains/continuous/test/auto/ComparedClocks.xml (RunModel)" time="0.088" />
  <testcase classname="ptolemy.util.test.junit.AutoTests" name="[20] /home/travis/build/icyphy/ptII/ptolemy/domains/continuous/test/auto/ContinuousAOCClone.xml (RunModel)" time="2.849" />
  <testcase classname="ptolemy.util.test.junit.AutoTests" name="[21] /home/travis/build/icyphy/ptII/ptolemy/domains/continuous/test/auto/ContinuousClock.xml (RunModel)" time="0.093" />
  <testcase classname="ptolemy.util.test.junit.AutoTests" name="[22] /home/travis/build/icyphy/ptII/ptolemy/domains/continuous/test/auto/ContinuousInContinuous.xml (RunModel)" time="0.104" />
  <testcase classname="ptolemy.util.test.junit.AutoTests" name="[23] /home/travis/build/icyphy/ptII/ptolemy/domains/continuous/test/auto/ContinuousInContinuousInContinuous.xml (RunModel)" time="0.029" />
  <testcase classname="ptolemy.util.test.junit.AutoTests" name="[24] /home/travis/build/icyphy/ptII/ptolemy/domains/continuous/test/auto/ContinuousInDE.xml (RunModel)" time="0.136" />
  <testcase classname="ptolemy.util.test.junit.AutoTests" name="[25] /home/travis/build/icyphy/ptII/ptolemy/domains/continuous/test/auto/ContinuousInDE2.xml (RunModel)" time="0.063" />
  <testcase classname="ptolemy.util.test.junit.AutoTests" name="[26] /home/travis/build/icyphy/ptII/ptolemy/domains/continuous/test/auto/ContinuousInDE3.xml (RunModel)" time="0.056" />
  <testcase classname="ptolemy.util.test.junit.AutoTests" name="[27] /home/travis/build/icyphy/ptII/ptolemy/domains/continuous/test/auto/ContinuousInDE4.xml (RunModel)" time="0.034" />
  <testcase classname="ptolemy.util.test.junit.AutoTests" name="[28] /home/travis/build/icyphy/ptII/ptolemy/domains/continuous/test/auto/ContinuousInDEDifferentRefinements.xml (RunModel)" time="0.082" />
  <testcase classname="ptolemy.util.test.junit.AutoTests" name="[29] /home/travis/build/icyphy/ptII/ptolemy/domains/continuous/test/auto/ContinuousInDEDifferentRefinementsPreemptive.xml (RunModel)" time="0.102" />
  <testcase classname="ptolemy.util.test.junit.AutoTests" name="[30] /home/travis/build/icyphy/ptII/ptolemy/domains/continuous/test/auto/ContinuousInDEInContinuous2.xml (RunModel)" time="0.059" />
  <testcase classname="ptolemy.util.test.junit.AutoTests" name="[31] /home/travis/build/icyphy/ptII/ptolemy/domains/continuous/test/auto/ContinuousInDEInContinuous3.xml (RunModel)" time="0.058" />
  <testcase classname="ptolemy.util.test.junit.AutoTests" name="[32] /home/travis/build/icyphy/ptII/ptolemy/domains/continuous/test/auto/ContinuousInDEInput.xml (RunModel)" time="0.03" />
  <testcase classname="ptolemy.util.test.junit.AutoTests" name="[33] /home/travis/build/icyphy/ptII/ptolemy/domains/continuous/test/auto/ContinuousInDEInput2.xml (RunModel)" time="0.03" />
  <testcase classname="ptolemy.util.test.junit.AutoTests" name="[34] /home/travis/build/icyphy/ptII/ptolemy/domains/continuous/test/auto/ContinuousInDEInput3.xml (RunModel)" time="0.029" />
  <testcase classname="ptolemy.util.test.junit.AutoTests" name="[35] /home/travis/build/icyphy/ptII/ptolemy/domains/continuous/test/auto/ContinuousInDESharingRefinement.xml (RunModel)" time="0.181" />
  <testcase classname="ptolemy.util.test.junit.AutoTests" name="[36] /home/travis/build/icyphy/ptII/ptolemy/domains/continuous/test/auto/ContinuousInDEwithNoPorts.xml (RunModel)" time="0.022" />
  <testcase classname="ptolemy.util.test.junit.AutoTests" name="[37] /home/travis/build/icyphy/ptII/ptolemy/domains/continuous/test/auto/ContinuousInsideDE.xml (RunModel)" time="0.091" />
  <testcase classname="ptolemy.util.test.junit.AutoTests" name="[38] /home/travis/build/icyphy/ptII/ptolemy/domains/continuous/test/auto/ContinuousMerge1.xml (RunModel)" time="0.02" />
  <testcase classname="ptolemy.util.test.junit.AutoTests" name="[39] /home/travis/build/icyphy/ptII/ptolemy/domains/continuous/test/auto/ContinuousMerge2.xml (RunModel)" time="0.039" />
  <testcase classname="ptolemy.util.test.junit.AutoTests" name="[40] /home/travis/build/icyphy/ptII/ptolemy/domains/continuous/test/auto/ContinuousMerge3.xml (RunModel)" time="0.055" />
  <testcase classname="ptolemy.util.test.junit.AutoTests" name="[41] /home/travis/build/icyphy/ptII/ptolemy/domains/continuous/test/auto/ContinuousWithinContinuous.xml (RunModel)" time="0.047" />
  <testcase classname="ptolemy.util.test.junit.AutoTests" name="[42] /home/travis/build/icyphy/ptII/ptolemy/domains/continuous/test/auto/ContinuousWithinContinuous2.xml (RunModel)" time="0.075" />
  <testcase classname="ptolemy.util.test.junit.AutoTests" name="[43] /home/travis/build/icyphy/ptII/ptolemy/domains/continuous/test/auto/ContinuousWithinContinuous3.xml (RunModel)" time="0.043" />
  <testcase classname="ptolemy.util.test.junit.AutoTests" name="[44] /home/travis/build/icyphy/ptII/ptolemy/domains/continuous/test/auto/ContinuousWithinContinuous4.xml (RunModel)" time="0.081" />
  <testcase classname="ptolemy.util.test.junit.AutoTests" name="[45] /home/travis/build/icyphy/ptII/ptolemy/domains/continuous/test/auto/ContinuousWithinContinuous5.xml (RunModel)" time="0.045" />
  <testcase classname="ptolemy.util.test.junit.AutoTests" name="[46] /home/travis/build/icyphy/ptII/ptolemy/domains/continuous/test/auto/ContinuousWithinContinuous6.xml (RunModel)" time="0.031" />
  <testcase classname="ptolemy.util.test.junit.AutoTests" name="[47] /home/travis/build/icyphy/ptII/ptolemy/domains/continuous/test/auto/ContinuousWithinContinuous7.xml (RunModel)" time="0.064" />
  <testcase classname="ptolemy.util.test.junit.AutoTests" name="[48] /home/travis/build/icyphy/ptII/ptolemy/domains/continuous/test/auto/DCMotor.xml (RunModel)" time="13.313" />
  <testcase classname="ptolemy.util.test.junit.AutoTests" name="[49] /home/travis/build/icyphy/ptII/ptolemy/domains/continuous/test/auto/DEInContinuous.xml (RunModel)" time="0.029" />
  <testcase classname="ptolemy.util.test.junit.AutoTests" name="[50] /home/travis/build/icyphy/ptII/ptolemy/domains/continuous/test/auto/DEinContinuous2.xml (RunModel)" time="0.031" />
  <testcase classname="ptolemy.util.test.junit.AutoTests" name="[51] /home/travis/build/icyphy/ptII/ptolemy/domains/continuous/test/auto/Derivative.xml (RunModel)" time="0.242" />
  <testcase classname="ptolemy.util.test.junit.AutoTests" name="[52] /home/travis/build/icyphy/ptII/ptolemy/domains/continuous/test/auto/Derivative1.xml (RunModel)" time="0.062" />
  <testcase classname="ptolemy.util.test.junit.AutoTests" name="[53] /home/travis/build/icyphy/ptII/ptolemy/domains/continuous/test/auto/DiscreteClock.xml (RunModel)" time="0.019" />
  <testcase classname="ptolemy.util.test.junit.AutoTests" name="[54] /home/travis/build/icyphy/ptII/ptolemy/domains/continuous/test/auto/EfficiencyCurve.xml (RunModel)" time="0.117" />
  <testcase classname="ptolemy.util.test.junit.AutoTests" name="[55] /home/travis/build/icyphy/ptII/ptolemy/domains/continuous/test/auto/ExponentialResponse.xml (RunModel)" time="0.118" />
  <testcase classname="ptolemy.util.test.junit.AutoTests" name="[56] /home/travis/build/icyphy/ptII/ptolemy/domains/continuous/test/auto/ExponentialResponseRK45.xml (RunModel)" time="0.036" />
  <testcase classname="ptolemy.util.test.junit.AutoTests" name="[57] /home/travis/build/icyphy/ptII/ptolemy/domains/continuous/test/auto/Friction.xml (RunModel)" time="1.614" />
  <testcase classname="ptolemy.util.test.junit.AutoTests" name="[58] /home/travis/build/icyphy/ptII/ptolemy/domains/continuous/test/auto/FurutaPendulum.xml (RunModel)" time="3.526" />
  <testcase classname="ptolemy.util.test.junit.AutoTests" name="[59] /home/travis/build/icyphy/ptII/ptolemy/domains/continuous/test/auto/HierarchicalExecution.xml (RunModel)" time="2.197" />
  <testcase classname="ptolemy.util.test.junit.AutoTests" name="[60] /home/travis/build/icyphy/ptII/ptolemy/domains/continuous/test/auto/HybridPlant.xml (RunModel)" time="0.642" />
  <testcase classname="ptolemy.util.test.junit.AutoTests" name="[61] /home/travis/build/icyphy/ptII/ptolemy/domains/continuous/test/auto/Hysteresis.xml (RunModel)" time="0.211" />
  <testcase classname="ptolemy.util.test.junit.AutoTests" name="[62] /home/travis/build/icyphy/ptII/ptolemy/domains/continuous/test/auto/HysteresisWithRandomDelay.xml (RunModel)" time="0.22" />
  <testcase classname="ptolemy.util.test.junit.AutoTests" name="[63] /home/travis/build/icyphy/ptII/ptolemy/domains/continuous/test/auto/HysteresisWithRandomLosses.xml (RunModel)" time="2.493" />
  <testcase classname="ptolemy.util.test.junit.AutoTests" name="[64] /home/travis/build/icyphy/ptII/ptolemy/domains/continuous/test/auto/ImmediateTransitions.xml (RunModel)" time="0.03" />
  <testcase classname="ptolemy.util.test.junit.AutoTests" name="[65] /home/travis/build/icyphy/ptII/ptolemy/domains/continuous/test/auto/ImpulseFeedback.xml (RunModel)" time="0.019" />
  <testcase classname="ptolemy.util.test.junit.AutoTests" name="[66] /home/travis/build/icyphy/ptII/ptolemy/domains/continuous/test/auto/ImpulseFeedback2.xml (RunModel)" time="0.024" />
  <testcase classname="ptolemy.util.test.junit.AutoTests" name="[67] /home/travis/build/icyphy/ptII/ptolemy/domains/continuous/test/auto/IncreasingRatePoisson.xml (RunModel)" time="0.697" />
  <testcase classname="ptolemy.util.test.junit.AutoTests" name="[68] /home/travis/build/icyphy/ptII/ptolemy/domains/continuous/test/auto/InitialStateFeedback.xml (RunModel)" time="0.011" />
  <testcase classname="ptolemy.util.test.junit.AutoTests" name="[69] /home/travis/build/icyphy/ptII/ptolemy/domains/continuous/test/auto/Integration.xml (RunModel)" time="0.015" />
  <testcase classname="ptolemy.util.test.junit.AutoTests" name="[70] /home/travis/build/icyphy/ptII/ptolemy/domains/continuous/test/auto/Integration2.xml (RunModel)" time="0.103" />
  <testcase classname="ptolemy.util.test.junit.AutoTests" name="[71] /home/travis/build/icyphy/ptII/ptolemy/domains/continuous/test/auto/Integration3.xml (RunModel)" time="0.011" />
  <testcase classname="ptolemy.util.test.junit.AutoTests" name="[72] /home/travis/build/icyphy/ptII/ptolemy/domains/continuous/test/auto/Integration5.xml (RunModel)" time="0.011" />
  <testcase classname="ptolemy.util.test.junit.AutoTests" name="[73] /home/travis/build/icyphy/ptII/ptolemy/domains/continuous/test/auto/IntegratorImpulse.xml (RunModel)" time="0.009" />
  <testcase classname="ptolemy.util.test.junit.AutoTests" name="[74] /home/travis/build/icyphy/ptII/ptolemy/domains/continuous/test/auto/IntegratorImpulse2.xml (RunModel)" time="0.017" />
  <testcase classname="ptolemy.util.test.junit.AutoTests" name="[75] /home/travis/build/icyphy/ptII/ptolemy/domains/continuous/test/auto/LevelCrossing1.xml (RunModel)" time="0.013" />
  <testcase classname="ptolemy.util.test.junit.AutoTests" name="[76] /home/travis/build/icyphy/ptII/ptolemy/domains/continuous/test/auto/LevelCrossing2.xml (RunModel)" time="0.016" />
  <testcase classname="ptolemy.util.test.junit.AutoTests" name="[77] /home/travis/build/icyphy/ptII/ptolemy/domains/continuous/test/auto/LevelCrossing3.xml (RunModel)" time="0.012" />
  <testcase classname="ptolemy.util.test.junit.AutoTests" name="[78] /home/travis/build/icyphy/ptII/ptolemy/domains/continuous/test/auto/LevelCrossing4.xml (RunModel)" time="0.016" />
  <testcase classname="ptolemy.util.test.junit.AutoTests" name="[79] /home/travis/build/icyphy/ptII/ptolemy/domains/continuous/test/auto/LevelCrossing5.xml (RunModel)" time="0.014" />
  <testcase classname="ptolemy.util.test.junit.AutoTests" name="[80] /home/travis/build/icyphy/ptII/ptolemy/domains/continuous/test/auto/LevelCrossing6.xml (RunModel)" time="0.017" />
  <testcase classname="ptolemy.util.test.junit.AutoTests" name="[81] /home/travis/build/icyphy/ptII/ptolemy/domains/continuous/test/auto/LevelCrossingDetector.xml (RunModel)" time="0.037" />
  <testcase classname="ptolemy.util.test.junit.AutoTests" name="[82] /home/travis/build/icyphy/ptII/ptolemy/domains/continuous/test/auto/LevelCrossingDetectorDetectingDirections.xml (RunModel)" time="0.092" />
  <testcase classname="ptolemy.util.test.junit.AutoTests" name="[83] /home/travis/build/icyphy/ptII/ptolemy/domains/continuous/test/auto/LevelCrossingDetectorDetectsGlitches.xml (RunModel)" time="0.063" />
  <testcase classname="ptolemy.util.test.junit.AutoTests" name="[84] /home/travis/build/icyphy/ptII/ptolemy/domains/continuous/test/auto/LevelCrossingNoInitialOuput.xml (RunModel)" time="0.015" />
  <testcase classname="ptolemy.util.test.junit.AutoTests" name="[85] /home/travis/build/icyphy/ptII/ptolemy/domains/continuous/test/auto/LinearStateSpaceExample.xml (RunModel)" time="0.068" />
  <testcase classname="ptolemy.util.test.junit.AutoTests" name="[86] /home/travis/build/icyphy/ptII/ptolemy/domains/continuous/test/auto/Lorenz.xml (RunModel)" time="4.136" />
  <testcase classname="ptolemy.util.test.junit.AutoTests" name="[87] /home/travis/build/icyphy/ptII/ptolemy/domains/continuous/test/auto/LorenzDifferentialSystem.xml (RunModel)" time="1.012" />
  <testcase classname="ptolemy.util.test.junit.AutoTests" name="[88] /home/travis/build/icyphy/ptII/ptolemy/domains/continuous/test/auto/LorenzDifferentialSystemWithInput.xml (RunModel)" time="1.365" />
  <testcase classname="ptolemy.util.test.junit.AutoTests" name="[89] /home/travis/build/icyphy/ptII/ptolemy/domains/continuous/test/auto/LorenzDifferentialSystemWithTime.xml (RunModel)" time="0.786" />
  <testcase classname="ptolemy.util.test.junit.AutoTests" name="[90] /home/travis/build/icyphy/ptII/ptolemy/domains/continuous/test/auto/Microsteps.xml (RunModel)" time="0.023" />
  <testcase classname="ptolemy.util.test.junit.AutoTests" name="[91] /home/travis/build/icyphy/ptII/ptolemy/domains/continuous/test/auto/Modal1.xml (RunModel)" time="0.043" />
  <testcase classname="ptolemy.util.test.junit.AutoTests" name="[92] /home/travis/build/icyphy/ptII/ptolemy/domains/continuous/test/auto/Modal2.xml (RunModel)" time="0.051" />
  <testcase classname="ptolemy.util.test.junit.AutoTests" name="[93] /home/travis/build/icyphy/ptII/ptolemy/domains/continuous/test/auto/ModalTransitionGuardWithReset.xml (RunModel)" time="0.032" />
  <testcase classname="ptolemy.util.test.junit.AutoTests" name="[94] /home/travis/build/icyphy/ptII/ptolemy/domains/continuous/test/auto/ModalTransitionGuardWithResetUsingPreemptiveTransition.xml (RunModel)" time="0.032" />
  <testcase classname="ptolemy.util.test.junit.AutoTests" name="[95] /home/travis/build/icyphy/ptII/ptolemy/domains/continuous/test/auto/ModalTransitionGuardWithResetUsingPreemptiveTransition2.xml (RunModel)" time="0.039" />
  <testcase classname="ptolemy.util.test.junit.AutoTests" name="[96] /home/travis/build/icyphy/ptII/ptolemy/domains/continuous/test/auto/ModalTransitionGuardWithResetUsingPreemptiveTransition3.xml (RunModel)" time="0.027" />
  <testcase classname="ptolemy.util.test.junit.AutoTests" name="[97] /home/travis/build/icyphy/ptII/ptolemy/domains/continuous/test/auto/NewtonsCradle.xml (RunModel)" time="0.863" />
  <testcase classname="ptolemy.util.test.junit.AutoTests" name="[98] /home/travis/build/icyphy/ptII/ptolemy/domains/continuous/test/auto/NewtonsCradleAnimated.xml (RunModel)" time="1.314" />
  <testcase classname="ptolemy.util.test.junit.AutoTests" name="[99] /home/travis/build/icyphy/ptII/ptolemy/domains/continuous/test/auto/NewtonsCradleComplicated.xml (RunModel)" time="0.94" />
  <testcase classname="ptolemy.util.test.junit.AutoTests" name="[100] /home/travis/build/icyphy/ptII/ptolemy/domains/continuous/test/auto/NewtonsCradleNondeterministic.xml (RunModel)" time="0.745" />
  <testcase classname="ptolemy.util.test.junit.AutoTests" name="[101] /home/travis/build/icyphy/ptII/ptolemy/domains/continuous/test/auto/NewtonsCradlePerfectlyInelastic1.xml (RunModel)" time="1.288" />
  <testcase classname="ptolemy.util.test.junit.AutoTests" name="[102] /home/travis/build/icyphy/ptII/ptolemy/domains/continuous/test/auto/Noise.xml (RunModel)" time="0.208" />
  <testcase classname="ptolemy.util.test.junit.AutoTests" name="[103] /home/travis/build/icyphy/ptII/ptolemy/domains/continuous/test/auto/NoiseSpectrum.xml (RunModel)" time="0.785" />
  <testcase classname="ptolemy.util.test.junit.AutoTests" name="[104] /home/travis/build/icyphy/ptII/ptolemy/domains/continuous/test/auto/ParameterizedNewtonsCradleAnimated.xml (RunModel)" time="0.345" />
  <testcase classname="ptolemy.util.test.junit.AutoTests" name="[105] /home/travis/build/icyphy/ptII/ptolemy/domains/continuous/test/auto/ParameterizedNewtonsCradleAnimatedNondeterministic.xml (RunModel)" time="1.238" />
  <testcase classname="ptolemy.util.test.junit.AutoTests" name="[106] /home/travis/build/icyphy/ptII/ptolemy/domains/continuous/test/auto/Pendulum3D.xml (RunModel)" time="0.188" />
  <testcase classname="ptolemy.util.test.junit.AutoTests" name="[107] /home/travis/build/icyphy/ptII/ptolemy/domains/continuous/test/auto/PeriodicSampler.xml (RunModel)" time="0.012" />
  <testcase classname="ptolemy.util.test.junit.AutoTests" name="[108] /home/travis/build/icyphy/ptII/ptolemy/domains/continuous/test/auto/PeriodicSampler1.xml (RunModel)" time="0.041" />
  <testcase classname="ptolemy.util.test.junit.AutoTests" name="[109] /home/travis/build/icyphy/ptII/ptolemy/domains/continuous/test/auto/PeriodicSampler2.xml (RunModel)" time="0.071" />
  <testcase classname="ptolemy.util.test.junit.AutoTests" name="[110] /home/travis/build/icyphy/ptII/ptolemy/domains/continuous/test/auto/Poisson.xml (RunModel)" time="0.429" />
  <testcase classname="ptolemy.util.test.junit.AutoTests" name="[111] /home/travis/build/icyphy/ptII/ptolemy/domains/continuous/test/auto/PoissonClock.xml (RunModel)" time="0.016" />
  <testcase classname="ptolemy.util.test.junit.AutoTests" name="[112] /home/travis/build/icyphy/ptII/ptolemy/domains/continuous/test/auto/PoissonClock2.xml (RunModel)" time="0.015" />
  <testcase classname="ptolemy.util.test.junit.AutoTests" name="[113] /home/travis/build/icyphy/ptII/ptolemy/domains/continuous/test/auto/PortParameterHierarchy.xml (RunModel)" time="0.028" />
  <testcase classname="ptolemy.util.test.junit.AutoTests" name="[114] /home/travis/build/icyphy/ptII/ptolemy/domains/continuous/test/auto/RandomHybridPlant.xml (RunModel)" time="0.605" />
  <testcase classname="ptolemy.util.test.junit.AutoTests" name="[115] /home/travis/build/icyphy/ptII/ptolemy/domains/continuous/test/auto/ResetTransitionWithStartTime1.xml (RunModel)" time="0.035" />
  <testcase classname="ptolemy.util.test.junit.AutoTests" name="[116] /home/travis/build/icyphy/ptII/ptolemy/domains/continuous/test/auto/ResetTransitionWithStartTime2.xml (RunModel)" time="0.037" />
  <testcase classname="ptolemy.util.test.junit.AutoTests" name="[117] /home/travis/build/icyphy/ptII/ptolemy/domains/continuous/test/auto/ResetTransitionWithStartTime3.xml (RunModel)" time="0.046" />
  <testcase classname="ptolemy.util.test.junit.AutoTests" name="[118] /home/travis/build/icyphy/ptII/ptolemy/domains/continuous/test/auto/ResetTransitionWithStartTime4.xml (RunModel)" time="0.027" />
  <testcase classname="ptolemy.util.test.junit.AutoTests" name="[119] /home/travis/build/icyphy/ptII/ptolemy/domains/continuous/test/auto/ResetTransitionWithStartTime5.xml (RunModel)" time="0.037" />
  <testcase classname="ptolemy.util.test.junit.AutoTests" name="[120] /home/travis/build/icyphy/ptII/ptolemy/domains/continuous/test/auto/ResetTransitionWithStartTime6.xml (RunModel)" time="0.032" />
  <testcase classname="ptolemy.util.test.junit.AutoTests" name="[121] /home/travis/build/icyphy/ptII/ptolemy/domains/continuous/test/auto/SRinContinuous.xml (RunModel)" time="0.022" />
  <testcase classname="ptolemy.util.test.junit.AutoTests" name="[122] /home/travis/build/icyphy/ptII/ptolemy/domains/continuous/test/auto/SampledClocks.xml (RunModel)" time="0.037" />
  <testcase classname="ptolemy.util.test.junit.AutoTests" name="[123] /home/travis/build/icyphy/ptII/ptolemy/domains/continuous/test/auto/Satellite.xml (RunModel)" time="0.831" />
  <testcase classname="ptolemy.util.test.junit.AutoTests" name="[124] /home/travis/build/icyphy/ptII/ptolemy/domains/continuous/test/auto/SigmaDelta.xml (RunModel)" time="2.532" />
  <testcase classname="ptolemy.util.test.junit.AutoTests" name="[125] /home/travis/build/icyphy/ptII/ptolemy/domains/continuous/test/auto/SingleRefinement.xml (RunModel)" time="0.431" />
  <testcase classname="ptolemy.util.test.junit.AutoTests" name="[126] /home/travis/build/icyphy/ptII/ptolemy/domains/continuous/test/auto/SinuBouncingBall.xml (RunModel)" time="0.891" />
  <testcase classname="ptolemy.util.test.junit.AutoTests" name="[127] /home/travis/build/icyphy/ptII/ptolemy/domains/continuous/test/auto/Sinusoid.xml (RunModel)" time="0.02" />
  <testcase classname="ptolemy.util.test.junit.AutoTests" name="[128] /home/travis/build/icyphy/ptII/ptolemy/domains/continuous/test/auto/SinusoidInNoise.xml (RunModel)" time="1.05" />
  <testcase classname="ptolemy.util.test.junit.AutoTests" name="[129] /home/travis/build/icyphy/ptII/ptolemy/domains/continuous/test/auto/SinusoidRK45.xml (RunModel)" time="0.011" />
  <testcase classname="ptolemy.util.test.junit.AutoTests" name="[130] /home/travis/build/icyphy/ptII/ptolemy/domains/continuous/test/auto/SinusoidWithMultipleImpulses.xml (RunModel)" time="0.013" />
  <testcase classname="ptolemy.util.test.junit.AutoTests" name="[131] /home/travis/build/icyphy/ptII/ptolemy/domains/continuous/test/auto/SquareWave.xml (RunModel)" time="0.208" />
  <testcase classname="ptolemy.util.test.junit.AutoTests" name="[132] /home/travis/build/icyphy/ptII/ptolemy/domains/continuous/test/auto/Starmac.xml (RunModel)" time="3.412" />
  <testcase classname="ptolemy.util.test.junit.AutoTests" name="[133] /home/travis/build/icyphy/ptII/ptolemy/domains/continuous/test/auto/StaticUnits.xml (RunModel)" time="2.734" />
  <testcase classname="ptolemy.util.test.junit.AutoTests" name="[134] /home/travis/build/icyphy/ptII/ptolemy/domains/continuous/test/auto/StickyMasses.xml (RunModel)" time="0.196" />
  <testcase classname="ptolemy.util.test.junit.AutoTests" name="[135] /home/travis/build/icyphy/ptII/ptolemy/domains/continuous/test/auto/StopTime.xml (RunModel)" time="0.1" />
  <testcase classname="ptolemy.util.test.junit.AutoTests" name="[136] /home/travis/build/icyphy/ptII/ptolemy/domains/continuous/test/auto/StopTime2.xml (RunModel)" time="0.058" />
  <testcase classname="ptolemy.util.test.junit.AutoTests" name="[137] /home/travis/build/icyphy/ptII/ptolemy/domains/continuous/test/auto/Switch.xml (RunModel)" time="0.081" />
  <testcase classname="ptolemy.util.test.junit.AutoTests" name="[138] /home/travis/build/icyphy/ptII/ptolemy/domains/continuous/test/auto/Thermostat.xml (RunModel)" time="0.207" />
  <testcase classname="ptolemy.util.test.junit.AutoTests" name="[139] /home/travis/build/icyphy/ptII/ptolemy/domains/continuous/test/auto/TimeDelay.xml (RunModel)" time="0.013" />
  <testcase classname="ptolemy.util.test.junit.AutoTests" name="[140] /home/travis/build/icyphy/ptII/ptolemy/domains/continuous/test/auto/TimeDelay2.xml (RunModel)" time="0.027" />
  <testcase classname="ptolemy.util.test.junit.AutoTests" name="[141] /home/travis/build/icyphy/ptII/ptolemy/domains/continuous/test/auto/TimeDelay3.xml (RunModel)" time="0.011" />
  <testcase classname="ptolemy.util.test.junit.AutoTests" name="[142] /home/travis/build/icyphy/ptII/ptolemy/domains/continuous/test/auto/TransferAbsentToInside.xml (RunModel)" time="0.103" />
  <testcase classname="ptolemy.util.test.junit.AutoTests" name="[143] /home/travis/build/icyphy/ptII/ptolemy/domains/continuous/test/auto/Transmission.xml (RunModel)" time="0.806" />
  <testcase classname="ptolemy.util.test.junit.AutoTests" name="[144] /home/travis/build/icyphy/ptII/ptolemy/domains/continuous/test/auto/TriggeredContinuousClock.xml (RunModel)" time="0.072" />
  <testcase classname="ptolemy.util.test.junit.AutoTests" name="[145] /home/travis/build/icyphy/ptII/ptolemy/domains/continuous/test/auto/TwoMachineInfiniteBusControl.xml (RunModel)" time="2.969" />
  <testcase classname="ptolemy.util.test.junit.AutoTests" name="[146] /home/travis/build/icyphy/ptII/ptolemy/domains/continuous/test/auto/V2V.xml (RunModel)" time="0.89" />
  <testcase classname="ptolemy.util.test.junit.AutoTests" name="[147] /home/travis/build/icyphy/ptII/ptolemy/domains/continuous/test/auto/hierarchicalModalModel.xml (RunModel)" time="0.037" />
  <testcase classname="ptolemy.util.test.junit.AutoTests" name="[148] /home/travis/build/icyphy/ptII/ptolemy/domains/continuous/test/auto/hierarchicalModalModel1.xml (RunModel)" time="0.032" />
  <testcase classname="ptolemy.util.test.junit.AutoTests" name="[149] /home/travis/build/icyphy/ptII/ptolemy/domains/continuous/test/auto/hierarchicalModalModel2.xml (RunModel)" time="0.029" />
  <testcase classname="ptolemy.util.test.junit.AutoTests" name="[150] /home/travis/build/icyphy/ptII/ptolemy/domains/continuous/test/auto/hierarchicalModalModel3.xml (RunModel)" time="0.024" />
  <testcase classname="ptolemy.util.test.junit.AutoTests" name="[151] /home/travis/build/icyphy/ptII/ptolemy/domains/continuous/test/auto/hierarchicalModalModel4.xml (RunModel)" time="0.033" />
  <testcase classname="ptolemy.util.test.junit.AutoTests" name="[152] /home/travis/build/icyphy/ptII/ptolemy/domains/continuous/test/auto/junk.xml (RunModel)" time="0.163" />
  <system-out><![CDATA[No tcl tests in /home/travis/build/icyphy/ptII/ptolemy/domains/continuous/test
No auto/knownFailedTests/*.xml tests in /home/travis/build/icyphy/ptII/ptolemy/domains/continuous/test
No auto/linux-amd64/*.xml tests in /home/travis/build/icyphy/ptII/ptolemy/domains/continuous/test
AutoTests.java: About to close Vertx.
AutoTests.java: Vertx closed.

===========================================================================================
----------------- testing Thu Jul 18 04:48:54 UTC 2019 /home/travis/build/icyphy/ptII/ptolemy/domains/continuous/test/auto/BouncingBall.xml
----------------- Instantiating /home/travis/build/icyphy/ptII/ptolemy/domains/continuous/test/auto/BouncingBall.xml
2661 ms. Memory: 147456K Free: 96254K (65%)
----------------- Invoking toplevel() on ptolemy.moml.MoMLSimpleApplication@3c2b036b
----------------- Done invoking toplevel() on ptolemy.moml.MoMLSimpleApplication@3c2b036b
reloadAllAccessors: .BouncingBall

===========================================================================================
----------------- testing Thu Jul 18 04:48:57 UTC 2019 /home/travis/build/icyphy/ptII/ptolemy/domains/continuous/test/auto/BouncingBallWithoutGR.xml
----------------- Instantiating /home/travis/build/icyphy/ptII/ptolemy/domains/continuous/test/auto/BouncingBallWithoutGR.xml
857 ms. Memory: 177152K Free: 137715K (78%)
----------------- Invoking toplevel() on ptolemy.moml.MoMLSimpleApplication@83ab745
----------------- Done invoking toplevel() on ptolemy.moml.MoMLSimpleApplication@83ab745
reloadAllAccessors: .BouncingBallWithoutGR

===========================================================================================
----------------- testing Thu Jul 18 04:48:58 UTC 2019 /home/travis/build/icyphy/ptII/ptolemy/domains/continuous/test/auto/Brownian.xml
----------------- Instantiating /home/travis/build/icyphy/ptII/ptolemy/domains/continuous/test/auto/Brownian.xml
35 ms. Memory: 177152K Free: 128499K (73%)
----------------- Invoking toplevel() on ptolemy.moml.MoMLSimpleApplication@37c4c1eb
----------------- Done invoking toplevel() on ptolemy.moml.MoMLSimpleApplication@37c4c1eb
reloadAllAccessors: .Brownian

===========================================================================================
----------------- testing Thu Jul 18 04:48:58 UTC 2019 /home/travis/build/icyphy/ptII/ptolemy/domains/continuous/test/auto/CarTracking.xml
----------------- Instantiating /home/travis/build/icyphy/ptII/ptolemy/domains/continuous/test/auto/CarTracking.xml
3702 ms. Memory: 212992K Free: 104555K (49%)
----------------- Invoking toplevel() on ptolemy.moml.MoMLSimpleApplication@6964a76e
----------------- Done invoking toplevel() on ptolemy.moml.MoMLSimpleApplication@6964a76e
reloadAllAccessors: .CarTracking

===========================================================================================
----------------- testing Thu Jul 18 04:49:03 UTC 2019 /home/travis/build/icyphy/ptII/ptolemy/domains/continuous/test/auto/CartPendulum.xml
----------------- Instantiating /home/travis/build/icyphy/ptII/ptolemy/domains/continuous/test/auto/CartPendulum.xml
403 ms. Memory: 212992K Free: 137510K (65%)
----------------- Invoking toplevel() on ptolemy.moml.MoMLSimpleApplication@d4d9c88
----------------- Done invoking toplevel() on ptolemy.moml.MoMLSimpleApplication@d4d9c88
reloadAllAccessors: .CartPendulum

===========================================================================================
----------------- testing Thu Jul 18 04:49:03 UTC 2019 /home/travis/build/icyphy/ptII/ptolemy/domains/continuous/test/auto/CausalityInterface10.xml
----------------- Instantiating /home/travis/build/icyphy/ptII/ptolemy/domains/continuous/test/auto/CausalityInterface10.xml
13 ms. Memory: 212992K Free: 126897K (60%)
----------------- Invoking toplevel() on ptolemy.moml.MoMLSimpleApplication@442761e9
----------------- Done invoking toplevel() on ptolemy.moml.MoMLSimpleApplication@442761e9
reloadAllAccessors: .CausalityInterface10

===========================================================================================
----------------- testing Thu Jul 18 04:49:03 UTC 2019 /home/travis/build/icyphy/ptII/ptolemy/domains/continuous/test/auto/CausalityInterface11.xml
----------------- Instantiating /home/travis/build/icyphy/ptII/ptolemy/domains/continuous/test/auto/CausalityInterface11.xml
10 ms. Memory: 212992K Free: 120753K (57%)
----------------- Invoking toplevel() on ptolemy.moml.MoMLSimpleApplication@69e47c4b
----------------- Done invoking toplevel() on ptolemy.moml.MoMLSimpleApplication@69e47c4b
reloadAllAccessors: .CausalityInterface11

===========================================================================================
----------------- testing Thu Jul 18 04:49:03 UTC 2019 /home/travis/build/icyphy/ptII/ptolemy/domains/continuous/test/auto/CausalityInterface12.xml
----------------- Instantiating /home/travis/build/icyphy/ptII/ptolemy/domains/continuous/test/auto/CausalityInterface12.xml
11 ms. Memory: 212992K Free: 114609K (54%)
----------------- Invoking toplevel() on ptolemy.moml.MoMLSimpleApplication@3f123614
----------------- Done invoking toplevel() on ptolemy.moml.MoMLSimpleApplication@3f123614
reloadAllAccessors: .CausalityInterface12

===========================================================================================
----------------- testing Thu Jul 18 04:49:03 UTC 2019 /home/travis/build/icyphy/ptII/ptolemy/domains/continuous/test/auto/CausalityInterface13.xml
----------------- Instantiating /home/travis/build/icyphy/ptII/ptolemy/domains/continuous/test/auto/CausalityInterface13.xml
4 ms. Memory: 212992K Free: 108465K (51%)
----------------- Invoking toplevel() on ptolemy.moml.MoMLSimpleApplication@59a312f
----------------- Done invoking toplevel() on ptolemy.moml.MoMLSimpleApplication@59a312f
reloadAllAccessors: .CausalityInterface13

===========================================================================================
----------------- testing Thu Jul 18 04:49:03 UTC 2019 /home/travis/build/icyphy/ptII/ptolemy/domains/continuous/test/auto/CausalityInterface14.xml
----------------- Instantiating /home/travis/build/icyphy/ptII/ptolemy/domains/continuous/test/auto/CausalityInterface14.xml
3 ms. Memory: 212992K Free: 102817K (48%)
----------------- Invoking toplevel() on ptolemy.moml.MoMLSimpleApplication@2eacf66d
----------------- Done invoking toplevel() on ptolemy.moml.MoMLSimpleApplication@2eacf66d
reloadAllAccessors: .CausalityInterface14

===========================================================================================
----------------- testing Thu Jul 18 04:49:03 UTC 2019 /home/travis/build/icyphy/ptII/ptolemy/domains/continuous/test/auto/CausalityInterface4.xml
----------------- Instantiating /home/travis/build/icyphy/ptII/ptolemy/domains/continuous/test/auto/CausalityInterface4.xml
7 ms. Memory: 212992K Free: 96177K (45%)
----------------- Invoking toplevel() on ptolemy.moml.MoMLSimpleApplication@7a1dd601
----------------- Done invoking toplevel() on ptolemy.moml.MoMLSimpleApplication@7a1dd601
reloadAllAccessors: .CausalityInterface4

===========================================================================================
----------------- testing Thu Jul 18 04:49:03 UTC 2019 /home/travis/build/icyphy/ptII/ptolemy/domains/continuous/test/auto/CausalityInterface5.xml
----------------- Instantiating /home/travis/build/icyphy/ptII/ptolemy/domains/continuous/test/auto/CausalityInterface5.xml
8 ms. Memory: 212992K Free: 87985K (41%)
----------------- Invoking toplevel() on ptolemy.moml.MoMLSimpleApplication@553899b
----------------- Done invoking toplevel() on ptolemy.moml.MoMLSimpleApplication@553899b
reloadAllAccessors: .CausalityInterface5

===========================================================================================
----------------- testing Thu Jul 18 04:49:03 UTC 2019 /home/travis/build/icyphy/ptII/ptolemy/domains/continuous/test/auto/CausalityInterface6.xml
----------------- Instantiating /home/travis/build/icyphy/ptII/ptolemy/domains/continuous/test/auto/CausalityInterface6.xml
5 ms. Memory: 212992K Free: 82865K (39%)
----------------- Invoking toplevel() on ptolemy.moml.MoMLSimpleApplication@222476e3
----------------- Done invoking toplevel() on ptolemy.moml.MoMLSimpleApplication@222476e3
reloadAllAccessors: .CausalityInterface6

===========================================================================================
----------------- testing Thu Jul 18 04:49:03 UTC 2019 /home/travis/build/icyphy/ptII/ptolemy/domains/continuous/test/auto/CausalityInterface7.xml
----------------- Instantiating /home/travis/build/icyphy/ptII/ptolemy/domains/continuous/test/auto/CausalityInterface7.xml
10 ms. Memory: 212992K Free: 74159K (35%)
----------------- Invoking toplevel() on ptolemy.moml.MoMLSimpleApplication@65fa879d
----------------- Done invoking toplevel() on ptolemy.moml.MoMLSimpleApplication@65fa879d
reloadAllAccessors: .CausalityInterface7

===========================================================================================
----------------- testing Thu Jul 18 04:49:03 UTC 2019 /home/travis/build/icyphy/ptII/ptolemy/domains/continuous/test/auto/CausalityInterface8.xml
----------------- Instantiating /home/travis/build/icyphy/ptII/ptolemy/domains/continuous/test/auto/CausalityInterface8.xml
9 ms. Memory: 256000K Free: 233530K (91%)
----------------- Invoking toplevel() on ptolemy.moml.MoMLSimpleApplication@1ffe56df
----------------- Done invoking toplevel() on ptolemy.moml.MoMLSimpleApplication@1ffe56df
reloadAllAccessors: .CausalityInterface8

===========================================================================================
----------------- testing Thu Jul 18 04:49:03 UTC 2019 /home/travis/build/icyphy/ptII/ptolemy/domains/continuous/test/auto/CausalityInterface9.xml
----------------- Instantiating /home/travis/build/icyphy/ptII/ptolemy/domains/continuous/test/auto/CausalityInterface9.xml
13 ms. Memory: 256000K Free: 222266K (87%)
----------------- Invoking toplevel() on ptolemy.moml.MoMLSimpleApplication@18c6e7ce
----------------- Done invoking toplevel() on ptolemy.moml.MoMLSimpleApplication@18c6e7ce
reloadAllAccessors: .CausalityInterface9

===========================================================================================
----------------- testing Thu Jul 18 04:49:04 UTC 2019 /home/travis/build/icyphy/ptII/ptolemy/domains/continuous/test/auto/CausalityInterfaceFeedback1.xml
----------------- Instantiating /home/travis/build/icyphy/ptII/ptolemy/domains/continuous/test/auto/CausalityInterfaceFeedback1.xml
13 ms. Memory: 256000K Free: 215612K (84%)
----------------- Invoking toplevel() on ptolemy.moml.MoMLSimpleApplication@4078e3d3
----------------- Done invoking toplevel() on ptolemy.moml.MoMLSimpleApplication@4078e3d3
reloadAllAccessors: .CausalityInterfaceFeedback1

===========================================================================================
----------------- testing Thu Jul 18 04:49:04 UTC 2019 /home/travis/build/icyphy/ptII/ptolemy/domains/continuous/test/auto/CausalityInterfaceFeedback2.xml
----------------- Instantiating /home/travis/build/icyphy/ptII/ptolemy/domains/continuous/test/auto/CausalityInterfaceFeedback2.xml
8 ms. Memory: 256000K Free: 208940K (82%)
----------------- Invoking toplevel() on ptolemy.moml.MoMLSimpleApplication@7ff85b9e
----------------- Done invoking toplevel() on ptolemy.moml.MoMLSimpleApplication@7ff85b9e
reloadAllAccessors: .CausalityInterfaceFeedback2

===========================================================================================
----------------- testing Thu Jul 18 04:49:04 UTC 2019 /home/travis/build/icyphy/ptII/ptolemy/domains/continuous/test/auto/CompareWithCurrentTime.xml
----------------- Instantiating /home/travis/build/icyphy/ptII/ptolemy/domains/continuous/test/auto/CompareWithCurrentTime.xml
3 ms. Memory: 256000K Free: 204858K (80%)
----------------- Invoking toplevel() on ptolemy.moml.MoMLSimpleApplication@4df22fab
----------------- Done invoking toplevel() on ptolemy.moml.MoMLSimpleApplication@4df22fab
reloadAllAccessors: .CompareWithCurrentTime

===========================================================================================
----------------- testing Thu Jul 18 04:49:04 UTC 2019 /home/travis/build/icyphy/ptII/ptolemy/domains/continuous/test/auto/ComparedClocks.xml
----------------- Instantiating /home/travis/build/icyphy/ptII/ptolemy/domains/continuous/test/auto/ComparedClocks.xml
8 ms. Memory: 256000K Free: 189484K (74%)
----------------- Invoking toplevel() on ptolemy.moml.MoMLSimpleApplication@23db4522
----------------- Done invoking toplevel() on ptolemy.moml.MoMLSimpleApplication@23db4522
reloadAllAccessors: .ComparedClocks

===========================================================================================
----------------- testing Thu Jul 18 04:49:04 UTC 2019 /home/travis/build/icyphy/ptII/ptolemy/domains/continuous/test/auto/ContinuousAOCClone.xml
----------------- Instantiating /home/travis/build/icyphy/ptII/ptolemy/domains/continuous/test/auto/ContinuousAOCClone.xml
2631 ms. Memory: 256000K Free: 120319K (47%)
----------------- Invoking toplevel() on ptolemy.moml.MoMLSimpleApplication@5bee3dc5
----------------- Done invoking toplevel() on ptolemy.moml.MoMLSimpleApplication@5bee3dc5
reloadAllAccessors: .ContinuousAOCClone

===========================================================================================
----------------- testing Thu Jul 18 04:49:07 UTC 2019 /home/travis/build/icyphy/ptII/ptolemy/domains/continuous/test/auto/ContinuousClock.xml
----------------- Instantiating /home/travis/build/icyphy/ptII/ptolemy/domains/continuous/test/auto/ContinuousClock.xml
28 ms. Memory: 256000K Free: 98815K (39%)
----------------- Invoking toplevel() on ptolemy.moml.MoMLSimpleApplication@11053a93
----------------- Done invoking toplevel() on ptolemy.moml.MoMLSimpleApplication@11053a93
reloadAllAccessors: .ContinuousClock

===========================================================================================
----------------- testing Thu Jul 18 04:49:07 UTC 2019 /home/travis/build/icyphy/ptII/ptolemy/domains/continuous/test/auto/ContinuousInContinuous.xml
----------------- Instantiating /home/travis/build/icyphy/ptII/ptolemy/domains/continuous/test/auto/ContinuousInContinuous.xml
47 ms. Memory: 307200K Free: 278515K (91%)
----------------- Invoking toplevel() on ptolemy.moml.MoMLSimpleApplication@c870ca2
----------------- Done invoking toplevel() on ptolemy.moml.MoMLSimpleApplication@c870ca2
reloadAllAccessors: .ContinuousInContinuous

===========================================================================================
----------------- testing Thu Jul 18 04:49:07 UTC 2019 /home/travis/build/icyphy/ptII/ptolemy/domains/continuous/test/auto/ContinuousInContinuousInContinuous.xml
----------------- Instantiating /home/travis/build/icyphy/ptII/ptolemy/domains/continuous/test/auto/ContinuousInContinuousInContinuous.xml
7 ms. Memory: 307200K Free: 270833K (88%)
----------------- Invoking toplevel() on ptolemy.moml.MoMLSimpleApplication@4ab92308
----------------- Done invoking toplevel() on ptolemy.moml.MoMLSimpleApplication@4ab92308
reloadAllAccessors: .ContinuousInContinuousInContinuous

===========================================================================================
----------------- testing Thu Jul 18 04:49:07 UTC 2019 /home/travis/build/icyphy/ptII/ptolemy/domains/continuous/test/auto/ContinuousInDE.xml
----------------- Instantiating /home/travis/build/icyphy/ptII/ptolemy/domains/continuous/test/auto/ContinuousInDE.xml
111 ms. Memory: 307200K Free: 260593K (85%)
----------------- Invoking toplevel() on ptolemy.moml.MoMLSimpleApplication@2f8a4e2
----------------- Done invoking toplevel() on ptolemy.moml.MoMLSimpleApplication@2f8a4e2
reloadAllAccessors: .ContinuousInDE

===========================================================================================
----------------- testing Thu Jul 18 04:49:07 UTC 2019 /home/travis/build/icyphy/ptII/ptolemy/domains/continuous/test/auto/ContinuousInDE2.xml
----------------- Instantiating /home/travis/build/icyphy/ptII/ptolemy/domains/continuous/test/auto/ContinuousInDE2.xml
43 ms. Memory: 307200K Free: 250867K (82%)
----------------- Invoking toplevel() on ptolemy.moml.MoMLSimpleApplication@2b3b382f
----------------- Done invoking toplevel() on ptolemy.moml.MoMLSimpleApplication@2b3b382f
reloadAllAccessors: .ContinuousInDE2

===========================================================================================
----------------- testing Thu Jul 18 04:49:07 UTC 2019 /home/travis/build/icyphy/ptII/ptolemy/domains/continuous/test/auto/ContinuousInDE3.xml
----------------- Instantiating /home/travis/build/icyphy/ptII/ptolemy/domains/continuous/test/auto/ContinuousInDE3.xml
40 ms. Memory: 307200K Free: 241137K (78%)
----------------- Invoking toplevel() on ptolemy.moml.MoMLSimpleApplication@75202d24
----------------- Done invoking toplevel() on ptolemy.moml.MoMLSimpleApplication@75202d24
reloadAllAccessors: .ContinuousInDE3

===========================================================================================
----------------- testing Thu Jul 18 04:49:07 UTC 2019 /home/travis/build/icyphy/ptII/ptolemy/domains/continuous/test/auto/ContinuousInDE4.xml
----------------- Instantiating /home/travis/build/icyphy/ptII/ptolemy/domains/continuous/test/auto/ContinuousInDE4.xml
19 ms. Memory: 307200K Free: 234993K (76%)
----------------- Invoking toplevel() on ptolemy.moml.MoMLSimpleApplication@3308cc
----------------- Done invoking toplevel() on ptolemy.moml.MoMLSimpleApplication@3308cc
reloadAllAccessors: .ContinuousInDE4

===========================================================================================
----------------- testing Thu Jul 18 04:49:07 UTC 2019 /home/travis/build/icyphy/ptII/ptolemy/domains/continuous/test/auto/ContinuousInDEDifferentRefinements.xml
----------------- Instantiating /home/travis/build/icyphy/ptII/ptolemy/domains/continuous/test/auto/ContinuousInDEDifferentRefinements.xml
44 ms. Memory: 307200K Free: 203763K (66%)
----------------- Invoking toplevel() on ptolemy.moml.MoMLSimpleApplication@67d54ef0
----------------- Done invoking toplevel() on ptolemy.moml.MoMLSimpleApplication@67d54ef0
reloadAllAccessors: .ContinuousInDEDifferentRefinements

===========================================================================================
----------------- testing Thu Jul 18 04:49:07 UTC 2019 /home/travis/build/icyphy/ptII/ptolemy/domains/continuous/test/auto/ContinuousInDEDifferentRefinementsPreemptive.xml
----------------- Instantiating /home/travis/build/icyphy/ptII/ptolemy/domains/continuous/test/auto/ContinuousInDEDifferentRefinementsPreemptive.xml
52 ms. Memory: 307200K Free: 173043K (56%)
----------------- Invoking toplevel() on ptolemy.moml.MoMLSimpleApplication@57916ef5
----------------- Done invoking toplevel() on ptolemy.moml.MoMLSimpleApplication@57916ef5
reloadAllAccessors: .ContinuousInDEDifferentRefinementsPreemptive

===========================================================================================
----------------- testing Thu Jul 18 04:49:07 UTC 2019 /home/travis/build/icyphy/ptII/ptolemy/domains/continuous/test/auto/ContinuousInDEInContinuous2.xml
----------------- Instantiating /home/travis/build/icyphy/ptII/ptolemy/domains/continuous/test/auto/ContinuousInDEInContinuous2.xml
40 ms. Memory: 307200K Free: 161779K (53%)
----------------- Invoking toplevel() on ptolemy.moml.MoMLSimpleApplication@7fb59116
----------------- Done invoking toplevel() on ptolemy.moml.MoMLSimpleApplication@7fb59116
reloadAllAccessors: .ContinuousInDEInContinuous2

===========================================================================================
----------------- testing Thu Jul 18 04:49:07 UTC 2019 /home/travis/build/icyphy/ptII/ptolemy/domains/continuous/test/auto/ContinuousInDEInContinuous3.xml
----------------- Instantiating /home/travis/build/icyphy/ptII/ptolemy/domains/continuous/test/auto/ContinuousInDEInContinuous3.xml
33 ms. Memory: 307200K Free: 149491K (49%)
----------------- Invoking toplevel() on ptolemy.moml.MoMLSimpleApplication@5aebc515
----------------- Done invoking toplevel() on ptolemy.moml.MoMLSimpleApplication@5aebc515
reloadAllAccessors: .ContinuousInDEInContinuous3

===========================================================================================
----------------- testing Thu Jul 18 04:49:07 UTC 2019 /home/travis/build/icyphy/ptII/ptolemy/domains/continuous/test/auto/ContinuousInDEInput.xml
----------------- Instantiating /home/travis/build/icyphy/ptII/ptolemy/domains/continuous/test/auto/ContinuousInDEInput.xml
14 ms. Memory: 307200K Free: 142323K (46%)
----------------- Invoking toplevel() on ptolemy.moml.MoMLSimpleApplication@f3681c1
----------------- Done invoking toplevel() on ptolemy.moml.MoMLSimpleApplication@f3681c1
reloadAllAccessors: .ContinuousInDEInput

===========================================================================================
----------------- testing Thu Jul 18 04:49:07 UTC 2019 /home/travis/build/icyphy/ptII/ptolemy/domains/continuous/test/auto/ContinuousInDEInput2.xml
----------------- Instantiating /home/travis/build/icyphy/ptII/ptolemy/domains/continuous/test/auto/ContinuousInDEInput2.xml
12 ms. Memory: 307200K Free: 135155K (44%)
----------------- Invoking toplevel() on ptolemy.moml.MoMLSimpleApplication@19c65275
----------------- Done invoking toplevel() on ptolemy.moml.MoMLSimpleApplication@19c65275
reloadAllAccessors: .ContinuousInDEInput2

===========================================================================================
----------------- testing Thu Jul 18 04:49:08 UTC 2019 /home/travis/build/icyphy/ptII/ptolemy/domains/continuous/test/auto/ContinuousInDEInput3.xml
----------------- Instantiating /home/travis/build/icyphy/ptII/ptolemy/domains/continuous/test/auto/ContinuousInDEInput3.xml
12 ms. Memory: 307200K Free: 127987K (42%)
----------------- Invoking toplevel() on ptolemy.moml.MoMLSimpleApplication@5f1d8c90
----------------- Done invoking toplevel() on ptolemy.moml.MoMLSimpleApplication@5f1d8c90
reloadAllAccessors: .ContinuousInDEInput3

===========================================================================================
----------------- testing Thu Jul 18 04:49:08 UTC 2019 /home/travis/build/icyphy/ptII/ptolemy/domains/continuous/test/auto/ContinuousInDESharingRefinement.xml
----------------- Instantiating /home/travis/build/icyphy/ptII/ptolemy/domains/continuous/test/auto/ContinuousInDESharingRefinement.xml
154 ms. Memory: 307200K Free: 217336K (71%)
----------------- Invoking toplevel() on ptolemy.moml.MoMLSimpleApplication@369e0e12
----------------- Done invoking toplevel() on ptolemy.moml.MoMLSimpleApplication@369e0e12
reloadAllAccessors: .ContinuousInDESharingRefinement

===========================================================================================
----------------- testing Thu Jul 18 04:49:08 UTC 2019 /home/travis/build/icyphy/ptII/ptolemy/domains/continuous/test/auto/ContinuousInDEwithNoPorts.xml
----------------- Instantiating /home/travis/build/icyphy/ptII/ptolemy/domains/continuous/test/auto/ContinuousInDEwithNoPorts.xml
5 ms. Memory: 307200K Free: 212979K (69%)
----------------- Invoking toplevel() on ptolemy.moml.MoMLSimpleApplication@14d7dce0
----------------- Done invoking toplevel() on ptolemy.moml.MoMLSimpleApplication@14d7dce0
reloadAllAccessors: .ContinuousInDEwithNoPorts

===========================================================================================
----------------- testing Thu Jul 18 04:49:08 UTC 2019 /home/travis/build/icyphy/ptII/ptolemy/domains/continuous/test/auto/ContinuousInsideDE.xml
----------------- Instantiating /home/travis/build/icyphy/ptII/ptolemy/domains/continuous/test/auto/ContinuousInsideDE.xml
41 ms. Memory: 307200K Free: 201715K (66%)
----------------- Invoking toplevel() on ptolemy.moml.MoMLSimpleApplication@3e6a95c4
----------------- Done invoking toplevel() on ptolemy.moml.MoMLSimpleApplication@3e6a95c4
reloadAllAccessors: .ContinuousInsideDE

===========================================================================================
----------------- testing Thu Jul 18 04:49:08 UTC 2019 /home/travis/build/icyphy/ptII/ptolemy/domains/continuous/test/auto/ContinuousMerge1.xml
----------------- Instantiating /home/travis/build/icyphy/ptII/ptolemy/domains/continuous/test/auto/ContinuousMerge1.xml
3 ms. Memory: 307200K Free: 197619K (64%)
----------------- Invoking toplevel() on ptolemy.moml.MoMLSimpleApplication@13542f3e
----------------- Done invoking toplevel() on ptolemy.moml.MoMLSimpleApplication@13542f3e
reloadAllAccessors: .ContinuousMerge1

===========================================================================================
----------------- testing Thu Jul 18 04:49:08 UTC 2019 /home/travis/build/icyphy/ptII/ptolemy/domains/continuous/test/auto/ContinuousMerge2.xml
----------------- Instantiating /home/travis/build/icyphy/ptII/ptolemy/domains/continuous/test/auto/ContinuousMerge2.xml
15 ms. Memory: 307200K Free: 187379K (61%)
----------------- Invoking toplevel() on ptolemy.moml.MoMLSimpleApplication@167c135c
----------------- Done invoking toplevel() on ptolemy.moml.MoMLSimpleApplication@167c135c
reloadAllAccessors: .ContinuousMerge2

===========================================================================================
----------------- testing Thu Jul 18 04:49:08 UTC 2019 /home/travis/build/icyphy/ptII/ptolemy/domains/continuous/test/auto/ContinuousMerge3.xml
----------------- Instantiating /home/travis/build/icyphy/ptII/ptolemy/domains/continuous/test/auto/ContinuousMerge3.xml
39 ms. Memory: 307200K Free: 176625K (57%)
----------------- Invoking toplevel() on ptolemy.moml.MoMLSimpleApplication@be16e2c
----------------- Done invoking toplevel() on ptolemy.moml.MoMLSimpleApplication@be16e2c
reloadAllAccessors: .ContinuousMerge3

===========================================================================================
----------------- testing Thu Jul 18 04:49:08 UTC 2019 /home/travis/build/icyphy/ptII/ptolemy/domains/continuous/test/auto/ContinuousWithinContinuous.xml
----------------- Instantiating /home/travis/build/icyphy/ptII/ptolemy/domains/continuous/test/auto/ContinuousWithinContinuous.xml
33 ms. Memory: 307200K Free: 167923K (55%)
----------------- Invoking toplevel() on ptolemy.moml.MoMLSimpleApplication@73ca1606
----------------- Done invoking toplevel() on ptolemy.moml.MoMLSimpleApplication@73ca1606
reloadAllAccessors: .ContinuousWithinContinuous

===========================================================================================
----------------- testing Thu Jul 18 04:49:08 UTC 2019 /home/travis/build/icyphy/ptII/ptolemy/domains/continuous/test/auto/ContinuousWithinContinuous2.xml
----------------- Instantiating /home/travis/build/icyphy/ptII/ptolemy/domains/continuous/test/auto/ContinuousWithinContinuous2.xml
61 ms. Memory: 307200K Free: 157169K (51%)
----------------- Invoking toplevel() on ptolemy.moml.MoMLSimpleApplication@4fa04ad9
----------------- Done invoking toplevel() on ptolemy.moml.MoMLSimpleApplication@4fa04ad9
reloadAllAccessors: .ContinuousWithinContinuous2

===========================================================================================
----------------- testing Thu Jul 18 04:49:08 UTC 2019 /home/travis/build/icyphy/ptII/ptolemy/domains/continuous/test/auto/ContinuousWithinContinuous3.xml
----------------- Instantiating /home/travis/build/icyphy/ptII/ptolemy/domains/continuous/test/auto/ContinuousWithinContinuous3.xml
14 ms. Memory: 307200K Free: 150515K (49%)
----------------- Invoking toplevel() on ptolemy.moml.MoMLSimpleApplication@36f200e6
----------------- Done invoking toplevel() on ptolemy.moml.MoMLSimpleApplication@36f200e6
reloadAllAccessors: .ContinuousWithinContinuous3

===========================================================================================
----------------- testing Thu Jul 18 04:49:08 UTC 2019 /home/travis/build/icyphy/ptII/ptolemy/domains/continuous/test/auto/ContinuousWithinContinuous4.xml
----------------- Instantiating /home/travis/build/icyphy/ptII/ptolemy/domains/continuous/test/auto/ContinuousWithinContinuous4.xml
63 ms. Memory: 307200K Free: 138227K (45%)
----------------- Invoking toplevel() on ptolemy.moml.MoMLSimpleApplication@452da7fd
----------------- Done invoking toplevel() on ptolemy.moml.MoMLSimpleApplication@452da7fd
reloadAllAccessors: .ContinuousWithinContinuous4

===========================================================================================
----------------- testing Thu Jul 18 04:49:08 UTC 2019 /home/travis/build/icyphy/ptII/ptolemy/domains/continuous/test/auto/ContinuousWithinContinuous5.xml
----------------- Instantiating /home/travis/build/icyphy/ptII/ptolemy/domains/continuous/test/auto/ContinuousWithinContinuous5.xml
12 ms. Memory: 307200K Free: 131059K (43%)
----------------- Invoking toplevel() on ptolemy.moml.MoMLSimpleApplication@7039fd11
----------------- Done invoking toplevel() on ptolemy.moml.MoMLSimpleApplication@7039fd11
reloadAllAccessors: .ContinuousWithinContinuous5

===========================================================================================
----------------- testing Thu Jul 18 04:49:08 UTC 2019 /home/travis/build/icyphy/ptII/ptolemy/domains/continuous/test/auto/ContinuousWithinContinuous6.xml
----------------- Instantiating /home/travis/build/icyphy/ptII/ptolemy/domains/continuous/test/auto/ContinuousWithinContinuous6.xml
11 ms. Memory: 307200K Free: 123891K (40%)
----------------- Invoking toplevel() on ptolemy.moml.MoMLSimpleApplication@6c408842
----------------- Done invoking toplevel() on ptolemy.moml.MoMLSimpleApplication@6c408842
reloadAllAccessors: .ContinuousWithinContinuous6

===========================================================================================
----------------- testing Thu Jul 18 04:49:08 UTC 2019 /home/travis/build/icyphy/ptII/ptolemy/domains/continuous/test/auto/ContinuousWithinContinuous7.xml
----------------- Instantiating /home/travis/build/icyphy/ptII/ptolemy/domains/continuous/test/auto/ContinuousWithinContinuous7.xml
51 ms. Memory: 307200K Free: 113137K (37%)
----------------- Invoking toplevel() on ptolemy.moml.MoMLSimpleApplication@3554b91b
----------------- Done invoking toplevel() on ptolemy.moml.MoMLSimpleApplication@3554b91b
reloadAllAccessors: .ContinuousWithinContinuous7

===========================================================================================
----------------- testing Thu Jul 18 04:49:08 UTC 2019 /home/travis/build/icyphy/ptII/ptolemy/domains/continuous/test/auto/DCMotor.xml
----------------- Instantiating /home/travis/build/icyphy/ptII/ptolemy/domains/continuous/test/auto/DCMotor.xml
13194 ms. Memory: 307200K Free: 163976K (53%)
----------------- Invoking toplevel() on ptolemy.moml.MoMLSimpleApplication@2da2558f
----------------- Done invoking toplevel() on ptolemy.moml.MoMLSimpleApplication@2da2558f
reloadAllAccessors: .DCMotor

===========================================================================================
----------------- testing Thu Jul 18 04:49:22 UTC 2019 /home/travis/build/icyphy/ptII/ptolemy/domains/continuous/test/auto/DEInContinuous.xml
----------------- Instantiating /home/travis/build/icyphy/ptII/ptolemy/domains/continuous/test/auto/DEInContinuous.xml
16 ms. Memory: 307200K Free: 157832K (51%)
----------------- Invoking toplevel() on ptolemy.moml.MoMLSimpleApplication@2048b3b9
----------------- Done invoking toplevel() on ptolemy.moml.MoMLSimpleApplication@2048b3b9
reloadAllAccessors: .DEInContinuous

===========================================================================================
----------------- testing Thu Jul 18 04:49:22 UTC 2019 /home/travis/build/icyphy/ptII/ptolemy/domains/continuous/test/auto/DEinContinuous2.xml
----------------- Instantiating /home/travis/build/icyphy/ptII/ptolemy/domains/continuous/test/auto/DEinContinuous2.xml
8 ms. Memory: 307200K Free: 149626K (49%)
----------------- Invoking toplevel() on ptolemy.moml.MoMLSimpleApplication@2bb08172
----------------- Done invoking toplevel() on ptolemy.moml.MoMLSimpleApplication@2bb08172
reloadAllAccessors: .DEinContinuous2

===========================================================================================
----------------- testing Thu Jul 18 04:49:22 UTC 2019 /home/travis/build/icyphy/ptII/ptolemy/domains/continuous/test/auto/Derivative.xml
----------------- Instantiating /home/travis/build/icyphy/ptII/ptolemy/domains/continuous/test/auto/Derivative.xml
162 ms. Memory: 307200K Free: 120458K (39%)
----------------- Invoking toplevel() on ptolemy.moml.MoMLSimpleApplication@116cef4d
----------------- Done invoking toplevel() on ptolemy.moml.MoMLSimpleApplication@116cef4d
reloadAllAccessors: .Derivative2

===========================================================================================
----------------- testing Thu Jul 18 04:49:22 UTC 2019 /home/travis/build/icyphy/ptII/ptolemy/domains/continuous/test/auto/Derivative1.xml
----------------- Instantiating /home/travis/build/icyphy/ptII/ptolemy/domains/continuous/test/auto/Derivative1.xml
32 ms. Memory: 307200K Free: 289589K (94%)
----------------- Invoking toplevel() on ptolemy.moml.MoMLSimpleApplication@3505618
----------------- Done invoking toplevel() on ptolemy.moml.MoMLSimpleApplication@3505618
reloadAllAccessors: .Derivative1

===========================================================================================
----------------- testing Thu Jul 18 04:49:22 UTC 2019 /home/travis/build/icyphy/ptII/ptolemy/domains/continuous/test/auto/DiscreteClock.xml
----------------- Instantiating /home/travis/build/icyphy/ptII/ptolemy/domains/continuous/test/auto/DiscreteClock.xml
5 ms. Memory: 307200K Free: 284003K (92%)
----------------- Invoking toplevel() on ptolemy.moml.MoMLSimpleApplication@160f772e
----------------- Done invoking toplevel() on ptolemy.moml.MoMLSimpleApplication@160f772e
reloadAllAccessors: .DiscreteClock

===========================================================================================
----------------- testing Thu Jul 18 04:49:22 UTC 2019 /home/travis/build/icyphy/ptII/ptolemy/domains/continuous/test/auto/EfficiencyCurve.xml
----------------- Instantiating /home/travis/build/icyphy/ptII/ptolemy/domains/continuous/test/auto/EfficiencyCurve.xml
89 ms. Memory: 307200K Free: 274787K (89%)
----------------- Invoking toplevel() on ptolemy.moml.MoMLSimpleApplication@36308e4f
----------------- Done invoking toplevel() on ptolemy.moml.MoMLSimpleApplication@36308e4f
reloadAllAccessors: .EfficiencyCurve

===========================================================================================
----------------- testing Thu Jul 18 04:49:22 UTC 2019 /home/travis/build/icyphy/ptII/ptolemy/domains/continuous/test/auto/ExponentialResponse.xml
----------------- Instantiating /home/travis/build/icyphy/ptII/ptolemy/domains/continuous/test/auto/ExponentialResponse.xml
104 ms. Memory: 307200K Free: 258913K (84%)
----------------- Invoking toplevel() on ptolemy.moml.MoMLSimpleApplication@47a073f0
----------------- Done invoking toplevel() on ptolemy.moml.MoMLSimpleApplication@47a073f0
reloadAllAccessors: .ExponentialResponse

===========================================================================================
----------------- testing Thu Jul 18 04:49:22 UTC 2019 /home/travis/build/icyphy/ptII/ptolemy/domains/continuous/test/auto/ExponentialResponseRK45.xml
----------------- Instantiating /home/travis/build/icyphy/ptII/ptolemy/domains/continuous/test/auto/ExponentialResponseRK45.xml
26 ms. Memory: 307200K Free: 251745K (82%)
----------------- Invoking toplevel() on ptolemy.moml.MoMLSimpleApplication@6f049690
----------------- Done invoking toplevel() on ptolemy.moml.MoMLSimpleApplication@6f049690
reloadAllAccessors: .ExponentialResponseRK45

===========================================================================================
----------------- testing Thu Jul 18 04:49:22 UTC 2019 /home/travis/build/icyphy/ptII/ptolemy/domains/continuous/test/auto/Friction.xml
----------------- Instantiating /home/travis/build/icyphy/ptII/ptolemy/domains/continuous/test/auto/Friction.xml
1469 ms. Memory: 307200K Free: 192359K (63%)
----------------- Invoking toplevel() on ptolemy.moml.MoMLSimpleApplication@74019079
----------------- Done invoking toplevel() on ptolemy.moml.MoMLSimpleApplication@74019079
reloadAllAccessors: .Friction

===========================================================================================
----------------- testing Thu Jul 18 04:49:24 UTC 2019 /home/travis/build/icyphy/ptII/ptolemy/domains/continuous/test/auto/FurutaPendulum.xml
----------------- Instantiating /home/travis/build/icyphy/ptII/ptolemy/domains/continuous/test/auto/FurutaPendulum.xml
3361 ms. Memory: 307200K Free: 224802K (73%)
----------------- Invoking toplevel() on ptolemy.moml.MoMLSimpleApplication@76a6e362
----------------- Done invoking toplevel() on ptolemy.moml.MoMLSimpleApplication@76a6e362
reloadAllAccessors: .FurutaPendulum

===========================================================================================
----------------- testing Thu Jul 18 04:49:28 UTC 2019 /home/travis/build/icyphy/ptII/ptolemy/domains/continuous/test/auto/HierarchicalExecution.xml
----------------- Instantiating /home/travis/build/icyphy/ptII/ptolemy/domains/continuous/test/auto/HierarchicalExecution.xml
1889 ms. Memory: 307200K Free: 125776K (41%)
----------------- Invoking toplevel() on ptolemy.moml.MoMLSimpleApplication@670b5582
----------------- Done invoking toplevel() on ptolemy.moml.MoMLSimpleApplication@670b5582
reloadAllAccessors: .HierarchicalExecution

===========================================================================================
----------------- testing Thu Jul 18 04:49:30 UTC 2019 /home/travis/build/icyphy/ptII/ptolemy/domains/continuous/test/auto/HybridPlant.xml
----------------- Instantiating /home/travis/build/icyphy/ptII/ptolemy/domains/continuous/test/auto/HybridPlant.xml
573 ms. Memory: 368640K Free: 326293K (89%)
----------------- Invoking toplevel() on ptolemy.moml.MoMLSimpleApplication@3a7339f2
----------------- Done invoking toplevel() on ptolemy.moml.MoMLSimpleApplication@3a7339f2
reloadAllAccessors: .HybridPlant

===========================================================================================
----------------- testing Thu Jul 18 04:49:30 UTC 2019 /home/travis/build/icyphy/ptII/ptolemy/domains/continuous/test/auto/Hysteresis.xml
----------------- Instantiating /home/travis/build/icyphy/ptII/ptolemy/domains/continuous/test/auto/Hysteresis.xml
146 ms. Memory: 368640K Free: 264339K (72%)
----------------- Invoking toplevel() on ptolemy.moml.MoMLSimpleApplication@55de14ae
----------------- Done invoking toplevel() on ptolemy.moml.MoMLSimpleApplication@55de14ae
reloadAllAccessors: .Hysteresis

===========================================================================================
----------------- testing Thu Jul 18 04:49:31 UTC 2019 /home/travis/build/icyphy/ptII/ptolemy/domains/continuous/test/auto/HysteresisWithRandomDelay.xml
----------------- Instantiating /home/travis/build/icyphy/ptII/ptolemy/domains/continuous/test/auto/HysteresisWithRandomDelay.xml
176 ms. Memory: 368640K Free: 193173K (52%)
----------------- Invoking toplevel() on ptolemy.moml.MoMLSimpleApplication@54e72b93
----------------- Done invoking toplevel() on ptolemy.moml.MoMLSimpleApplication@54e72b93
reloadAllAccessors: .HysteresisWithRandomDelay

===========================================================================================
----------------- testing Thu Jul 18 04:49:31 UTC 2019 /home/travis/build/icyphy/ptII/ptolemy/domains/continuous/test/auto/HysteresisWithRandomLosses.xml
----------------- Instantiating /home/travis/build/icyphy/ptII/ptolemy/domains/continuous/test/auto/HysteresisWithRandomLosses.xml
2413 ms. Memory: 368640K Free: 336411K (91%)
----------------- Invoking toplevel() on ptolemy.moml.MoMLSimpleApplication@4a42cc25
----------------- Done invoking toplevel() on ptolemy.moml.MoMLSimpleApplication@4a42cc25
reloadAllAccessors: .HysteresisWithRandomLosses

===========================================================================================
----------------- testing Thu Jul 18 04:49:33 UTC 2019 /home/travis/build/icyphy/ptII/ptolemy/domains/continuous/test/auto/ImmediateTransitions.xml
----------------- Instantiating /home/travis/build/icyphy/ptII/ptolemy/domains/continuous/test/auto/ImmediateTransitions.xml
9 ms. Memory: 368640K Free: 325133K (88%)
----------------- Invoking toplevel() on ptolemy.moml.MoMLSimpleApplication@6a83e537
----------------- Done invoking toplevel() on ptolemy.moml.MoMLSimpleApplication@6a83e537
reloadAllAccessors: .ImmediateTransitions

===========================================================================================
----------------- testing Thu Jul 18 04:49:33 UTC 2019 /home/travis/build/icyphy/ptII/ptolemy/domains/continuous/test/auto/ImpulseFeedback.xml
----------------- Instantiating /home/travis/build/icyphy/ptII/ptolemy/domains/continuous/test/auto/ImpulseFeedback.xml
9 ms. Memory: 368640K Free: 319517K (87%)
----------------- Invoking toplevel() on ptolemy.moml.MoMLSimpleApplication@10572abc
----------------- Done invoking toplevel() on ptolemy.moml.MoMLSimpleApplication@10572abc
reloadAllAccessors: .ImpulseFeedback

===========================================================================================
----------------- testing Thu Jul 18 04:49:33 UTC 2019 /home/travis/build/icyphy/ptII/ptolemy/domains/continuous/test/auto/ImpulseFeedback2.xml
----------------- Instantiating /home/travis/build/icyphy/ptII/ptolemy/domains/continuous/test/auto/ImpulseFeedback2.xml
6 ms. Memory: 368640K Free: 313883K (85%)
----------------- Invoking toplevel() on ptolemy.moml.MoMLSimpleApplication@7630f8bd
----------------- Done invoking toplevel() on ptolemy.moml.MoMLSimpleApplication@7630f8bd
reloadAllAccessors: .ImpulseFeedback2

===========================================================================================
----------------- testing Thu Jul 18 04:49:33 UTC 2019 /home/travis/build/icyphy/ptII/ptolemy/domains/continuous/test/auto/IncreasingRatePoisson.xml
----------------- Instantiating /home/travis/build/icyphy/ptII/ptolemy/domains/continuous/test/auto/IncreasingRatePoisson.xml
671 ms. Memory: 368640K Free: 235735K (64%)
----------------- Invoking toplevel() on ptolemy.moml.MoMLSimpleApplication@4e64c5c2
----------------- Done invoking toplevel() on ptolemy.moml.MoMLSimpleApplication@4e64c5c2
reloadAllAccessors: .IncreasingRatePoisson

===========================================================================================
----------------- testing Thu Jul 18 04:49:34 UTC 2019 /home/travis/build/icyphy/ptII/ptolemy/domains/continuous/test/auto/InitialStateFeedback.xml
----------------- Instantiating /home/travis/build/icyphy/ptII/ptolemy/domains/continuous/test/auto/InitialStateFeedback.xml
3 ms. Memory: 368640K Free: 231143K (63%)
----------------- Invoking toplevel() on ptolemy.moml.MoMLSimpleApplication@3f14cb20
----------------- Done invoking toplevel() on ptolemy.moml.MoMLSimpleApplication@3f14cb20
reloadAllAccessors: .InitialStateFeedback

===========================================================================================
----------------- testing Thu Jul 18 04:49:34 UTC 2019 /home/travis/build/icyphy/ptII/ptolemy/domains/continuous/test/auto/Integration.xml
----------------- Instantiating /home/travis/build/icyphy/ptII/ptolemy/domains/continuous/test/auto/Integration.xml
6 ms. Memory: 368640K Free: 227047K (62%)
----------------- Invoking toplevel() on ptolemy.moml.MoMLSimpleApplication@6b828ec5
----------------- Done invoking toplevel() on ptolemy.moml.MoMLSimpleApplication@6b828ec5
reloadAllAccessors: .Integration

===========================================================================================
----------------- testing Thu Jul 18 04:49:34 UTC 2019 /home/travis/build/icyphy/ptII/ptolemy/domains/continuous/test/auto/Integration2.xml
----------------- Instantiating /home/travis/build/icyphy/ptII/ptolemy/domains/continuous/test/auto/Integration2.xml
84 ms. Memory: 368640K Free: 212711K (58%)
----------------- Invoking toplevel() on ptolemy.moml.MoMLSimpleApplication@2f7d0ad8
----------------- Done invoking toplevel() on ptolemy.moml.MoMLSimpleApplication@2f7d0ad8
reloadAllAccessors: .Integration2

===========================================================================================
----------------- testing Thu Jul 18 04:49:34 UTC 2019 /home/travis/build/icyphy/ptII/ptolemy/domains/continuous/test/auto/Integration3.xml
----------------- Instantiating /home/travis/build/icyphy/ptII/ptolemy/domains/continuous/test/auto/Integration3.xml
3 ms. Memory: 368640K Free: 208087K (56%)
----------------- Invoking toplevel() on ptolemy.moml.MoMLSimpleApplication@286895ad
----------------- Done invoking toplevel() on ptolemy.moml.MoMLSimpleApplication@286895ad
reloadAllAccessors: .Integration3

===========================================================================================
----------------- testing Thu Jul 18 04:49:34 UTC 2019 /home/travis/build/icyphy/ptII/ptolemy/domains/continuous/test/auto/Integration5.xml
----------------- Instantiating /home/travis/build/icyphy/ptII/ptolemy/domains/continuous/test/auto/Integration5.xml
2 ms. Memory: 368640K Free: 204005K (55%)
----------------- Invoking toplevel() on ptolemy.moml.MoMLSimpleApplication@5816be39
----------------- Done invoking toplevel() on ptolemy.moml.MoMLSimpleApplication@5816be39
reloadAllAccessors: .Integration5

===========================================================================================
----------------- testing Thu Jul 18 04:49:34 UTC 2019 /home/travis/build/icyphy/ptII/ptolemy/domains/continuous/test/auto/IntegratorImpulse.xml
----------------- Instantiating /home/travis/build/icyphy/ptII/ptolemy/domains/continuous/test/auto/IntegratorImpulse.xml
2 ms. Memory: 368640K Free: 199909K (54%)
----------------- Invoking toplevel() on ptolemy.moml.MoMLSimpleApplication@12a14007
----------------- Done invoking toplevel() on ptolemy.moml.MoMLSimpleApplication@12a14007
reloadAllAccessors: .IntegratorImpulse

===========================================================================================
----------------- testing Thu Jul 18 04:49:34 UTC 2019 /home/travis/build/icyphy/ptII/ptolemy/domains/continuous/test/auto/IntegratorImpulse2.xml
----------------- Instantiating /home/travis/build/icyphy/ptII/ptolemy/domains/continuous/test/auto/IntegratorImpulse2.xml
9 ms. Memory: 368640K Free: 195303K (53%)
----------------- Invoking toplevel() on ptolemy.moml.MoMLSimpleApplication@7ec7c7cd
----------------- Done invoking toplevel() on ptolemy.moml.MoMLSimpleApplication@7ec7c7cd
reloadAllAccessors: .IntegratorImpulse2

===========================================================================================
----------------- testing Thu Jul 18 04:49:34 UTC 2019 /home/travis/build/icyphy/ptII/ptolemy/domains/continuous/test/auto/LevelCrossing1.xml
----------------- Instantiating /home/travis/build/icyphy/ptII/ptolemy/domains/continuous/test/auto/LevelCrossing1.xml
3 ms. Memory: 368640K Free: 190183K (52%)
----------------- Invoking toplevel() on ptolemy.moml.MoMLSimpleApplication@d2ffb4b
----------------- Done invoking toplevel() on ptolemy.moml.MoMLSimpleApplication@d2ffb4b
reloadAllAccessors: .LevelCrossing1

===========================================================================================
----------------- testing Thu Jul 18 04:49:34 UTC 2019 /home/travis/build/icyphy/ptII/ptolemy/domains/continuous/test/auto/LevelCrossing2.xml
----------------- Instantiating /home/travis/build/icyphy/ptII/ptolemy/domains/continuous/test/auto/LevelCrossing2.xml
3 ms. Memory: 368640K Free: 185063K (50%)
----------------- Invoking toplevel() on ptolemy.moml.MoMLSimpleApplication@3518b346
----------------- Done invoking toplevel() on ptolemy.moml.MoMLSimpleApplication@3518b346
reloadAllAccessors: .LevelCrossing2

===========================================================================================
----------------- testing Thu Jul 18 04:49:34 UTC 2019 /home/travis/build/icyphy/ptII/ptolemy/domains/continuous/test/auto/LevelCrossing3.xml
----------------- Instantiating /home/travis/build/icyphy/ptII/ptolemy/domains/continuous/test/auto/LevelCrossing3.xml
3 ms. Memory: 368640K Free: 179943K (49%)
----------------- Invoking toplevel() on ptolemy.moml.MoMLSimpleApplication@1f7b2a71
----------------- Done invoking toplevel() on ptolemy.moml.MoMLSimpleApplication@1f7b2a71
reloadAllAccessors: .LevelCrossing3

===========================================================================================
----------------- testing Thu Jul 18 04:49:34 UTC 2019 /home/travis/build/icyphy/ptII/ptolemy/domains/continuous/test/auto/LevelCrossing4.xml
----------------- Instantiating /home/travis/build/icyphy/ptII/ptolemy/domains/continuous/test/auto/LevelCrossing4.xml
4 ms. Memory: 368640K Free: 174823K (47%)
----------------- Invoking toplevel() on ptolemy.moml.MoMLSimpleApplication@b541936
----------------- Done invoking toplevel() on ptolemy.moml.MoMLSimpleApplication@b541936
reloadAllAccessors: .LevelCrossing4

===========================================================================================
----------------- testing Thu Jul 18 04:49:34 UTC 2019 /home/travis/build/icyphy/ptII/ptolemy/domains/continuous/test/auto/LevelCrossing5.xml
----------------- Instantiating /home/travis/build/icyphy/ptII/ptolemy/domains/continuous/test/auto/LevelCrossing5.xml
3 ms. Memory: 368640K Free: 169703K (46%)
----------------- Invoking toplevel() on ptolemy.moml.MoMLSimpleApplication@7bf5322
----------------- Done invoking toplevel() on ptolemy.moml.MoMLSimpleApplication@7bf5322
reloadAllAccessors: .LevelCrossing5

===========================================================================================
[...]
----------------- testing Thu Jul 18 04:49:52 UTC 2019 /home/travis/build/icyphy/ptII/ptolemy/domains/continuous/test/auto/SRinContinuous.xml
----------------- Instantiating /home/travis/build/icyphy/ptII/ptolemy/domains/continuous/test/auto/SRinContinuous.xml
4 ms. Memory: 442368K Free: 267531K (60%)
----------------- Invoking toplevel() on ptolemy.moml.MoMLSimpleApplication@27a141b6
----------------- Done invoking toplevel() on ptolemy.moml.MoMLSimpleApplication@27a141b6
reloadAllAccessors: .SRinContinuous

===========================================================================================
----------------- testing Thu Jul 18 04:49:52 UTC 2019 /home/travis/build/icyphy/ptII/ptolemy/domains/continuous/test/auto/SampledClocks.xml
----------------- Instantiating /home/travis/build/icyphy/ptII/ptolemy/domains/continuous/test/auto/SampledClocks.xml
8 ms. Memory: 442368K Free: 254729K (58%)
----------------- Invoking toplevel() on ptolemy.moml.MoMLSimpleApplication@31633569
----------------- Done invoking toplevel() on ptolemy.moml.MoMLSimpleApplication@31633569
reloadAllAccessors: .SampledClocks

===========================================================================================
----------------- testing Thu Jul 18 04:49:52 UTC 2019 /home/travis/build/icyphy/ptII/ptolemy/domains/continuous/test/auto/Satellite.xml
----------------- Instantiating /home/travis/build/icyphy/ptII/ptolemy/domains/continuous/test/auto/Satellite.xml
803 ms. Memory: 442368K Free: 317222K (72%)
----------------- Invoking toplevel() on ptolemy.moml.MoMLSimpleApplication@657a7c4a
----------------- Done invoking toplevel() on ptolemy.moml.MoMLSimpleApplication@657a7c4a
reloadAllAccessors: .Satellite

===========================================================================================
----------------- testing Thu Jul 18 04:49:53 UTC 2019 /home/travis/build/icyphy/ptII/ptolemy/domains/continuous/test/auto/SigmaDelta.xml
----------------- Instantiating /home/travis/build/icyphy/ptII/ptolemy/domains/continuous/test/auto/SigmaDelta.xml
2366 ms. Memory: 442368K Free: 317849K (72%)
----------------- Invoking toplevel() on ptolemy.moml.MoMLSimpleApplication@78aec2d1
----------------- Done invoking toplevel() on ptolemy.moml.MoMLSimpleApplication@78aec2d1
reloadAllAccessors: .SigmaDelta

===========================================================================================
----------------- testing Thu Jul 18 04:49:55 UTC 2019 /home/travis/build/icyphy/ptII/ptolemy/domains/continuous/test/auto/SingleRefinement.xml
----------------- Instantiating /home/travis/build/icyphy/ptII/ptolemy/domains/continuous/test/auto/SingleRefinement.xml
303 ms. Memory: 442368K Free: 397835K (90%)
----------------- Invoking toplevel() on ptolemy.moml.MoMLSimpleApplication@331cc5cd
----------------- Done invoking toplevel() on ptolemy.moml.MoMLSimpleApplication@331cc5cd
reloadAllAccessors: .SingleRefinement

===========================================================================================
----------------- testing Thu Jul 18 04:49:55 UTC 2019 /home/travis/build/icyphy/ptII/ptolemy/domains/continuous/test/auto/SinuBouncingBall.xml
----------------- Instantiating /home/travis/build/icyphy/ptII/ptolemy/domains/continuous/test/auto/SinuBouncingBall.xml
818 ms. Memory: 442368K Free: 180268K (41%)
----------------- Invoking toplevel() on ptolemy.moml.MoMLSimpleApplication@54e91b39
----------------- Done invoking toplevel() on ptolemy.moml.MoMLSimpleApplication@54e91b39
reloadAllAccessors: .SinuBouncingBall

===========================================================================================
----------------- testing Thu Jul 18 04:49:56 UTC 2019 /home/travis/build/icyphy/ptII/ptolemy/domains/continuous/test/auto/Sinusoid.xml
----------------- Instantiating /home/travis/build/icyphy/ptII/ptolemy/domains/continuous/test/auto/Sinusoid.xml
5 ms. Memory: 442368K Free: 176172K (40%)
----------------- Invoking toplevel() on ptolemy.moml.MoMLSimpleApplication@633025f3
----------------- Done invoking toplevel() on ptolemy.moml.MoMLSimpleApplication@633025f3
reloadAllAccessors: .Sinusoid

===========================================================================================
----------------- testing Thu Jul 18 04:49:56 UTC 2019 /home/travis/build/icyphy/ptII/ptolemy/domains/continuous/test/auto/SinusoidInNoise.xml
----------------- Instantiating /home/travis/build/icyphy/ptII/ptolemy/domains/continuous/test/auto/SinusoidInNoise.xml
998 ms. Memory: 442368K Free: 305238K (69%)
----------------- Invoking toplevel() on ptolemy.moml.MoMLSimpleApplication@8daba07
----------------- Done invoking toplevel() on ptolemy.moml.MoMLSimpleApplication@8daba07
reloadAllAccessors: .SinusoidInNoise

===========================================================================================
----------------- testing Thu Jul 18 04:49:57 UTC 2019 /home/travis/build/icyphy/ptII/ptolemy/domains/continuous/test/auto/SinusoidRK45.xml
----------------- Instantiating /home/travis/build/icyphy/ptII/ptolemy/domains/continuous/test/auto/SinusoidRK45.xml
2 ms. Memory: 442368K Free: 301128K (68%)
----------------- Invoking toplevel() on ptolemy.moml.MoMLSimpleApplication@33f52f96
----------------- Done invoking toplevel() on ptolemy.moml.MoMLSimpleApplication@33f52f96
reloadAllAccessors: .SinusoidRK45

===========================================================================================
----------------- testing Thu Jul 18 04:49:57 UTC 2019 /home/travis/build/icyphy/ptII/ptolemy/domains/continuous/test/auto/SinusoidWithMultipleImpulses.xml
----------------- Instantiating /home/travis/build/icyphy/ptII/ptolemy/domains/continuous/test/auto/SinusoidWithMultipleImpulses.xml
4 ms. Memory: 442368K Free: 296536K (67%)
----------------- Invoking toplevel() on ptolemy.moml.MoMLSimpleApplication@698e1eef
----------------- Done invoking toplevel() on ptolemy.moml.MoMLSimpleApplication@698e1eef
reloadAllAccessors: .SinusoidWithMultipleImpulses

===========================================================================================
----------------- testing Thu Jul 18 04:49:57 UTC 2019 /home/travis/build/icyphy/ptII/ptolemy/domains/continuous/test/auto/SquareWave.xml
----------------- Instantiating /home/travis/build/icyphy/ptII/ptolemy/domains/continuous/test/auto/SquareWave.xml
176 ms. Memory: 442368K Free: 269398K (61%)
----------------- Invoking toplevel() on ptolemy.moml.MoMLSimpleApplication@3783c77f
----------------- Done invoking toplevel() on ptolemy.moml.MoMLSimpleApplication@3783c77f
reloadAllAccessors: .SquareWave

===========================================================================================
----------------- testing Thu Jul 18 04:49:58 UTC 2019 /home/travis/build/icyphy/ptII/ptolemy/domains/continuous/test/auto/Starmac.xml
----------------- Instantiating /home/travis/build/icyphy/ptII/ptolemy/domains/continuous/test/auto/Starmac.xml
3071 ms. Memory: 442368K Free: 216544K (49%)
----------------- Invoking toplevel() on ptolemy.moml.MoMLSimpleApplication@762c6131
----------------- Done invoking toplevel() on ptolemy.moml.MoMLSimpleApplication@762c6131
reloadAllAccessors: .Starmac

===========================================================================================
----------------- testing Thu Jul 18 04:50:01 UTC 2019 /home/travis/build/icyphy/ptII/ptolemy/domains/continuous/test/auto/StaticUnits.xml
----------------- Instantiating /home/travis/build/icyphy/ptII/ptolemy/domains/continuous/test/auto/StaticUnits.xml
2128 ms. Memory: 442368K Free: 269824K (61%)
----------------- Invoking toplevel() on ptolemy.moml.MoMLSimpleApplication@ff81d4c
----------------- Done invoking toplevel() on ptolemy.moml.MoMLSimpleApplication@ff81d4c
reloadAllAccessors: .StaticUnits

===========================================================================================
----------------- testing Thu Jul 18 04:50:04 UTC 2019 /home/travis/build/icyphy/ptII/ptolemy/domains/continuous/test/auto/StickyMasses.xml
----------------- Instantiating /home/travis/build/icyphy/ptII/ptolemy/domains/continuous/test/auto/StickyMasses.xml
143 ms. Memory: 442368K Free: 220672K (50%)
----------------- Invoking toplevel() on ptolemy.moml.MoMLSimpleApplication@416dedce
----------------- Done invoking toplevel() on ptolemy.moml.MoMLSimpleApplication@416dedce
reloadAllAccessors: .StickyMasses

===========================================================================================
----------------- testing Thu Jul 18 04:50:04 UTC 2019 /home/travis/build/icyphy/ptII/ptolemy/domains/continuous/test/auto/StopTime.xml
----------------- Instantiating /home/travis/build/icyphy/ptII/ptolemy/domains/continuous/test/auto/StopTime.xml
41 ms. Memory: 442368K Free: 196094K (44%)
----------------- Invoking toplevel() on ptolemy.moml.MoMLSimpleApplication@b41710
----------------- Done invoking toplevel() on ptolemy.moml.MoMLSimpleApplication@b41710
reloadAllAccessors: .StopTime

===========================================================================================
----------------- testing Thu Jul 18 04:50:04 UTC 2019 /home/travis/build/icyphy/ptII/ptolemy/domains/continuous/test/auto/StopTime2.xml
----------------- Instantiating /home/travis/build/icyphy/ptII/ptolemy/domains/continuous/test/auto/StopTime2.xml
34 ms. Memory: 442368K Free: 173568K (39%)
----------------- Invoking toplevel() on ptolemy.moml.MoMLSimpleApplication@27b3163d
----------------- Done invoking toplevel() on ptolemy.moml.MoMLSimpleApplication@27b3163d
reloadAllAccessors: .StopTime2

===========================================================================================
----------------- testing Thu Jul 18 04:50:04 UTC 2019 /home/travis/build/icyphy/ptII/ptolemy/domains/continuous/test/auto/Switch.xml
----------------- Instantiating /home/travis/build/icyphy/ptII/ptolemy/domains/continuous/test/auto/Switch.xml
60 ms. Memory: 442368K Free: 408627K (92%)
----------------- Invoking toplevel() on ptolemy.moml.MoMLSimpleApplication@5fbd7cbb
----------------- Done invoking toplevel() on ptolemy.moml.MoMLSimpleApplication@5fbd7cbb
reloadAllAccessors: .Switch

===========================================================================================
----------------- testing Thu Jul 18 04:50:04 UTC 2019 /home/travis/build/icyphy/ptII/ptolemy/domains/continuous/test/auto/Thermostat.xml
----------------- Instantiating /home/travis/build/icyphy/ptII/ptolemy/domains/continuous/test/auto/Thermostat.xml
184 ms. Memory: 442368K Free: 336345K (76%)
----------------- Invoking toplevel() on ptolemy.moml.MoMLSimpleApplication@286c1f0d
----------------- Done invoking toplevel() on ptolemy.moml.MoMLSimpleApplication@286c1f0d
reloadAllAccessors: .Thermostat

===========================================================================================
----------------- testing Thu Jul 18 04:50:04 UTC 2019 /home/travis/build/icyphy/ptII/ptolemy/domains/continuous/test/auto/TimeDelay.xml
----------------- Instantiating /home/travis/build/icyphy/ptII/ptolemy/domains/continuous/test/auto/TimeDelay.xml
5 ms. Memory: 442368K Free: 331769K (75%)
----------------- Invoking toplevel() on ptolemy.moml.MoMLSimpleApplication@15c21e6f
----------------- Done invoking toplevel() on ptolemy.moml.MoMLSimpleApplication@15c21e6f
reloadAllAccessors: .TimeDelay

===========================================================================================
----------------- testing Thu Jul 18 04:50:04 UTC 2019 /home/travis/build/icyphy/ptII/ptolemy/domains/continuous/test/auto/TimeDelay2.xml
----------------- Instantiating /home/travis/build/icyphy/ptII/ptolemy/domains/continuous/test/auto/TimeDelay2.xml
7 ms. Memory: 442368K Free: 322039K (73%)
----------------- Invoking toplevel() on ptolemy.moml.MoMLSimpleApplication@540a8157
----------------- Done invoking toplevel() on ptolemy.moml.MoMLSimpleApplication@540a8157
reloadAllAccessors: .TimeDelay2

===========================================================================================
----------------- testing Thu Jul 18 04:50:05 UTC 2019 /home/travis/build/icyphy/ptII/ptolemy/domains/continuous/test/auto/TimeDelay3.xml
----------------- Instantiating /home/travis/build/icyphy/ptII/ptolemy/domains/continuous/test/auto/TimeDelay3.xml
3 ms. Memory: 442368K Free: 317433K (72%)
----------------- Invoking toplevel() on ptolemy.moml.MoMLSimpleApplication@9c35a2
----------------- Done invoking toplevel() on ptolemy.moml.MoMLSimpleApplication@9c35a2
reloadAllAccessors: .TimeDelay3

===========================================================================================
----------------- testing Thu Jul 18 04:50:05 UTC 2019 /home/travis/build/icyphy/ptII/ptolemy/domains/continuous/test/auto/TransferAbsentToInside.xml
----------------- Instantiating /home/travis/build/icyphy/ptII/ptolemy/domains/continuous/test/auto/TransferAbsentToInside.xml
27 ms. Memory: 442368K Free: 264185K (60%)
----------------- Invoking toplevel() on ptolemy.moml.MoMLSimpleApplication@3e0faee
----------------- Done invoking toplevel() on ptolemy.moml.MoMLSimpleApplication@3e0faee
reloadAllAccessors: .TransferAbsentToInside

===========================================================================================
----------------- testing Thu Jul 18 04:50:05 UTC 2019 /home/travis/build/icyphy/ptII/ptolemy/domains/continuous/test/auto/Transmission.xml
----------------- Instantiating /home/travis/build/icyphy/ptII/ptolemy/domains/continuous/test/auto/Transmission.xml
776 ms. Memory: 442368K Free: 291825K (66%)
----------------- Invoking toplevel() on ptolemy.moml.MoMLSimpleApplication@2fadc7d6
----------------- Done invoking toplevel() on ptolemy.moml.MoMLSimpleApplication@2fadc7d6
reloadAllAccessors: .Transmission

===========================================================================================
----------------- testing Thu Jul 18 04:50:05 UTC 2019 /home/travis/build/icyphy/ptII/ptolemy/domains/continuous/test/auto/TriggeredContinuousClock.xml
----------------- Instantiating /home/travis/build/icyphy/ptII/ptolemy/domains/continuous/test/auto/TriggeredContinuousClock.xml
41 ms. Memory: 442368K Free: 262129K (59%)
----------------- Invoking toplevel() on ptolemy.moml.MoMLSimpleApplication@3f740cc5
----------------- Done invoking toplevel() on ptolemy.moml.MoMLSimpleApplication@3f740cc5
reloadAllAccessors: .TriggeredContinuousClock

===========================================================================================
----------------- testing Thu Jul 18 04:50:06 UTC 2019 /home/travis/build/icyphy/ptII/ptolemy/domains/continuous/test/auto/TwoMachineInfiniteBusControl.xml
----------------- Instantiating /home/travis/build/icyphy/ptII/ptolemy/domains/continuous/test/auto/TwoMachineInfiniteBusControl.xml
2841 ms. Memory: 442368K Free: 189875K (43%)
----------------- Invoking toplevel() on ptolemy.moml.MoMLSimpleApplication@5c3020a4
----------------- Done invoking toplevel() on ptolemy.moml.MoMLSimpleApplication@5c3020a4
reloadAllAccessors: .TwoMachineInfiniteBusControl

===========================================================================================
----------------- testing Thu Jul 18 04:50:08 UTC 2019 /home/travis/build/icyphy/ptII/ptolemy/domains/continuous/test/auto/V2V.xml
----------------- Instantiating /home/travis/build/icyphy/ptII/ptolemy/domains/continuous/test/auto/V2V.xml
777 ms. Memory: 442368K Free: 260482K (59%)
----------------- Invoking toplevel() on ptolemy.moml.MoMLSimpleApplication@6bb570a6
----------------- Done invoking toplevel() on ptolemy.moml.MoMLSimpleApplication@6bb570a6
reloadAllAccessors: .V2V

===========================================================================================
----------------- testing Thu Jul 18 04:50:09 UTC 2019 /home/travis/build/icyphy/ptII/ptolemy/domains/continuous/test/auto/hierarchicalModalModel.xml
----------------- Instantiating /home/travis/build/icyphy/ptII/ptolemy/domains/continuous/test/auto/hierarchicalModalModel.xml
8 ms. Memory: 442368K Free: 246674K (56%)
----------------- Invoking toplevel() on ptolemy.moml.MoMLSimpleApplication@51ab6358
----------------- Done invoking toplevel() on ptolemy.moml.MoMLSimpleApplication@51ab6358
reloadAllAccessors: .hierarchicalModalModel

===========================================================================================
----------------- testing Thu Jul 18 04:50:09 UTC 2019 /home/travis/build/icyphy/ptII/ptolemy/domains/continuous/test/auto/hierarchicalModalModel1.xml
----------------- Instantiating /home/travis/build/icyphy/ptII/ptolemy/domains/continuous/test/auto/hierarchicalModalModel1.xml
8 ms. Memory: 442368K Free: 232338K (53%)
----------------- Invoking toplevel() on ptolemy.moml.MoMLSimpleApplication@7358aa16
----------------- Done invoking toplevel() on ptolemy.moml.MoMLSimpleApplication@7358aa16
reloadAllAccessors: .hierarchicalModalModel1

===========================================================================================
----------------- testing Thu Jul 18 04:50:09 UTC 2019 /home/travis/build/icyphy/ptII/ptolemy/domains/continuous/test/auto/hierarchicalModalModel2.xml
----------------- Instantiating /home/travis/build/icyphy/ptII/ptolemy/domains/continuous/test/auto/hierarchicalModalModel2.xml
7 ms. Memory: 442368K Free: 220050K (50%)
----------------- Invoking toplevel() on ptolemy.moml.MoMLSimpleApplication@4d8b1bf4
----------------- Done invoking toplevel() on ptolemy.moml.MoMLSimpleApplication@4d8b1bf4
reloadAllAccessors: .hierarchicalModalModel2

===========================================================================================
----------------- testing Thu Jul 18 04:50:09 UTC 2019 /home/travis/build/icyphy/ptII/ptolemy/domains/continuous/test/auto/hierarchicalModalModel3.xml
----------------- Instantiating /home/travis/build/icyphy/ptII/ptolemy/domains/continuous/test/auto/hierarchicalModalModel3.xml
6 ms. Memory: 442368K Free: 209296K (47%)
----------------- Invoking toplevel() on ptolemy.moml.MoMLSimpleApplication@4c031e3c
----------------- Done invoking toplevel() on ptolemy.moml.MoMLSimpleApplication@4c031e3c
reloadAllAccessors: .hierarchicalModalModel3

===========================================================================================
----------------- testing Thu Jul 18 04:50:10 UTC 2019 /home/travis/build/icyphy/ptII/ptolemy/domains/continuous/test/auto/hierarchicalModalModel4.xml
----------------- Instantiating /home/travis/build/icyphy/ptII/ptolemy/domains/continuous/test/auto/hierarchicalModalModel4.xml
12 ms. Memory: 442368K Free: 197522K (45%)
----------------- Invoking toplevel() on ptolemy.moml.MoMLSimpleApplication@21845938
----------------- Done invoking toplevel() on ptolemy.moml.MoMLSimpleApplication@21845938
reloadAllAccessors: .hierarchicalModalModel4

===========================================================================================
----------------- testing Thu Jul 18 04:50:10 UTC 2019 /home/travis/build/icyphy/ptII/ptolemy/domains/continuous/test/auto/junk.xml
----------------- Instantiating /home/travis/build/icyphy/ptII/ptolemy/domains/continuous/test/auto/junk.xml
142 ms. Memory: 442368K Free: 172432K (39%)
----------------- Invoking toplevel() on ptolemy.moml.MoMLSimpleApplication@766d9913
----------------- Done invoking toplevel() on ptolemy.moml.MoMLSimpleApplication@766d9913
reloadAllAccessors: .junk
AutoTests.java: About to close Vertx.
AutoTests.java: Vertx closed.
]]></system-out>
  <system-err><![CDATA[Warning: '.HysteresisWithRandomDelay.NonStrictTest3' The test produced only 21 tokens, yet the correctValues parameter was expecting 30 tokens.
Warning: '.IncreasingRatePoisson.NonStrictTest' The test produced only 386 tokens, yet the correctValues parameter was expecting 402 tokens.
Warning: '.Poisson.NonStrictTest' The test produced only 392 tokens, yet the correctValues parameter was expecting 430 tokens.
]]></system-err>
</testsuite>
