<?xml version="1.0" encoding="UTF-8" ?>
<testsuite errors="0" failures="0" hostname="travis-job-72374447-c7e7-40d7-9e69-663d5399986d" name="ptolemy.domains.de.test.junit.JUnitTclTest" skipped="0" tests="101" time="143.257" timestamp="2019-10-29T06:09:31">
  <properties>
[...]
</properties>
  <testcase classname="ptolemy.util.test.junit.TclTests" name="[0] /home/travis/build/icyphy/ptII/ptolemy/domains/de/test/DependencyLoop.tcl (RunTclFile)" time="1.118" />
  <testcase classname="ptolemy.util.test.junit.TclTests" name="[1] /home/travis/build/icyphy/ptII/ptolemy/domains/de/test/RunDETestsAsQSS.tcl (RunTclFile)" time="98.088" />
  <testcase classname="ptolemy.util.test.junit.AutoKnownFailedTests" name="[0] /home/travis/build/icyphy/ptII/ptolemy/domains/de/test/auto/knownFailedTests/DESDFClockTest.xml (RunModel)" time="2.047" />
  <testcase classname="ptolemy.util.test.junit.AutoKnownFailedTests" name="[1] /home/travis/build/icyphy/ptII/ptolemy/domains/de/test/auto/knownFailedTests/DirectFeedback.xml (RunModel)" time="0.026" />
  <testcase classname="ptolemy.util.test.junit.AutoKnownFailedTests" name="[2] /home/travis/build/icyphy/ptII/ptolemy/domains/de/test/auto/knownFailedTests/FSMSource.xml (RunModel)" time="0.04" />
  <testcase classname="ptolemy.util.test.junit.AutoKnownFailedTests" name="[3] /home/travis/build/icyphy/ptII/ptolemy/domains/de/test/auto/knownFailedTests/HierarchicalModel.xml (RunModel)" time="0.053" />
  <testcase classname="ptolemy.util.test.junit.AutoKnownFailedTests" name="[4] /home/travis/build/icyphy/ptII/ptolemy/domains/de/test/auto/knownFailedTests/dependencyLoop.xml (RunModel)" time="0.043" />
  <testcase classname="ptolemy.util.test.junit.AutoKnownFailedTests" name="[5] /home/travis/build/icyphy/ptII/ptolemy/domains/de/test/auto/knownFailedTests/dependencyLoop2.xml (RunModel)" time="0.048" />
  <testcase classname="ptolemy.util.test.junit.AutoNameArchTests" name="[0] ThereAreNoAutoArchTests (RunModel)" time="0.005" />
  <testcase classname="ptolemy.util.test.junit.AutoTests" name="[0] /home/travis/build/icyphy/ptII/ptolemy/domains/de/test/auto/ActorDepthCalculation_actorWithoutPorts.xml (RunModel)" time="0.024" />
  <testcase classname="ptolemy.util.test.junit.AutoTests" name="[1] /home/travis/build/icyphy/ptII/ptolemy/domains/de/test/auto/AssemblyLine.xml (RunModel)" time="0.035" />
  <testcase classname="ptolemy.util.test.junit.AutoTests" name="[2] /home/travis/build/icyphy/ptII/ptolemy/domains/de/test/auto/CQBug1.xml (RunModel)" time="0.012" />
  <testcase classname="ptolemy.util.test.junit.AutoTests" name="[3] /home/travis/build/icyphy/ptII/ptolemy/domains/de/test/auto/CancelFireAt.xml (RunModel)" time="0.015" />
  <testcase classname="ptolemy.util.test.junit.AutoTests" name="[4] /home/travis/build/icyphy/ptII/ptolemy/domains/de/test/auto/CausalityAndComposabilityAnalysis.xml (RunModel)" time="0.021" />
  <testcase classname="ptolemy.util.test.junit.AutoTests" name="[5] /home/travis/build/icyphy/ptII/ptolemy/domains/de/test/auto/CausalityInterface1.xml (RunModel)" time="0.029" />
  <testcase classname="ptolemy.util.test.junit.AutoTests" name="[6] /home/travis/build/icyphy/ptII/ptolemy/domains/de/test/auto/CausalityInterface15.xml (RunModel)" time="0.026" />
  <testcase classname="ptolemy.util.test.junit.AutoTests" name="[7] /home/travis/build/icyphy/ptII/ptolemy/domains/de/test/auto/CausalityInterface2.xml (RunModel)" time="0.027" />
  <testcase classname="ptolemy.util.test.junit.AutoTests" name="[8] /home/travis/build/icyphy/ptII/ptolemy/domains/de/test/auto/CausalityInterface3.xml (RunModel)" time="0.017" />
  <testcase classname="ptolemy.util.test.junit.AutoTests" name="[9] /home/travis/build/icyphy/ptII/ptolemy/domains/de/test/auto/ClockDrift.xml (RunModel)" time="0.042" />
  <testcase classname="ptolemy.util.test.junit.AutoTests" name="[10] /home/travis/build/icyphy/ptII/ptolemy/domains/de/test/auto/ClockDriftAndValueChange.xml (RunModel)" time="0.04" />
  <testcase classname="ptolemy.util.test.junit.AutoTests" name="[11] /home/travis/build/icyphy/ptII/ptolemy/domains/de/test/auto/ClockDriftChange.xml (RunModel)" time="0.04" />
  <testcase classname="ptolemy.util.test.junit.AutoTests" name="[12] /home/travis/build/icyphy/ptII/ptolemy/domains/de/test/auto/ComposableCausalityAnalysis.xml (RunModel)" time="0.021" />
  <testcase classname="ptolemy.util.test.junit.AutoTests" name="[13] /home/travis/build/icyphy/ptII/ptolemy/domains/de/test/auto/DEFixedPointLimitation.xml (RunModel)" time="0.018" />
  <testcase classname="ptolemy.util.test.junit.AutoTests" name="[14] /home/travis/build/icyphy/ptII/ptolemy/domains/de/test/auto/DEScheduleTest.xml (RunModel)" time="0.028" />
  <testcase classname="ptolemy.util.test.junit.AutoTests" name="[15] /home/travis/build/icyphy/ptII/ptolemy/domains/de/test/auto/DEinDEwithStartTimes.xml (RunModel)" time="0.037" />
  <testcase classname="ptolemy.util.test.junit.AutoTests" name="[16] /home/travis/build/icyphy/ptII/ptolemy/domains/de/test/auto/DEinDEwithStartTimes2.xml (RunModel)" time="0.018" />
  <testcase classname="ptolemy.util.test.junit.AutoTests" name="[17] /home/travis/build/icyphy/ptII/ptolemy/domains/de/test/auto/DateDemo.xml (RunModel)" time="0.039" />
  <testcase classname="ptolemy.util.test.junit.AutoTests" name="[18] /home/travis/build/icyphy/ptII/ptolemy/domains/de/test/auto/DateToEvent.xml (RunModel)" time="2.05" />
  <testcase classname="ptolemy.util.test.junit.AutoTests" name="[19] /home/travis/build/icyphy/ptII/ptolemy/domains/de/test/auto/DepthTest1.xml (RunModel)" time="0.011" />
  <testcase classname="ptolemy.util.test.junit.AutoTests" name="[20] /home/travis/build/icyphy/ptII/ptolemy/domains/de/test/auto/DepthTest2.xml (RunModel)" time="0.027" />
  <testcase classname="ptolemy.util.test.junit.AutoTests" name="[21] /home/travis/build/icyphy/ptII/ptolemy/domains/de/test/auto/DepthTest3.xml (RunModel)" time="0.011" />
  <testcase classname="ptolemy.util.test.junit.AutoTests" name="[22] /home/travis/build/icyphy/ptII/ptolemy/domains/de/test/auto/DepthTest4.xml (RunModel)" time="0.025" />
  <testcase classname="ptolemy.util.test.junit.AutoTests" name="[23] /home/travis/build/icyphy/ptII/ptolemy/domains/de/test/auto/DepthTest5.xml (RunModel)" time="0.031" />
  <testcase classname="ptolemy.util.test.junit.AutoTests" name="[24] /home/travis/build/icyphy/ptII/ptolemy/domains/de/test/auto/DepthTest6.xml (RunModel)" time="0.018" />
  <testcase classname="ptolemy.util.test.junit.AutoTests" name="[25] /home/travis/build/icyphy/ptII/ptolemy/domains/de/test/auto/DepthTest7.xml (RunModel)" time="0.021" />
  <testcase classname="ptolemy.util.test.junit.AutoTests" name="[26] /home/travis/build/icyphy/ptII/ptolemy/domains/de/test/auto/EventToDate.xml (RunModel)" time="3.039" />
  <testcase classname="ptolemy.util.test.junit.AutoTests" name="[27] /home/travis/build/icyphy/ptII/ptolemy/domains/de/test/auto/FSM1.xml (RunModel)" time="0.043" />
  <testcase classname="ptolemy.util.test.junit.AutoTests" name="[28] /home/travis/build/icyphy/ptII/ptolemy/domains/de/test/auto/FSM7.xml (RunModel)" time="0.046" />
  <testcase classname="ptolemy.util.test.junit.AutoTests" name="[29] /home/travis/build/icyphy/ptII/ptolemy/domains/de/test/auto/Inspection.xml (RunModel)" time="0.053" />
  <testcase classname="ptolemy.util.test.junit.AutoTests" name="[30] /home/travis/build/icyphy/ptII/ptolemy/domains/de/test/auto/Iteration.xml (RunModel)" time="0.026" />
  <testcase classname="ptolemy.util.test.junit.AutoTests" name="[31] /home/travis/build/icyphy/ptII/ptolemy/domains/de/test/auto/LineFault.xml (RunModel)" time="0.718" />
  <testcase classname="ptolemy.util.test.junit.AutoTests" name="[32] /home/travis/build/icyphy/ptII/ptolemy/domains/de/test/auto/MergeModel1Add.xml (RunModel)" time="0.069" />
  <testcase classname="ptolemy.util.test.junit.AutoTests" name="[33] /home/travis/build/icyphy/ptII/ptolemy/domains/de/test/auto/MergeModel2Add.xml (RunModel)" time="0.048" />
  <testcase classname="ptolemy.util.test.junit.AutoTests" name="[34] /home/travis/build/icyphy/ptII/ptolemy/domains/de/test/auto/MergeModel3Add.xml (RunModel)" time="0.049" />
  <testcase classname="ptolemy.util.test.junit.AutoTests" name="[35] /home/travis/build/icyphy/ptII/ptolemy/domains/de/test/auto/MergeWithoutDiscard.xml (RunModel)" time="0.022" />
  <testcase classname="ptolemy.util.test.junit.AutoTests" name="[36] /home/travis/build/icyphy/ptII/ptolemy/domains/de/test/auto/Modal1.xml (RunModel)" time="0.04" />
  <testcase classname="ptolemy.util.test.junit.AutoTests" name="[37] /home/travis/build/icyphy/ptII/ptolemy/domains/de/test/auto/Modal2.xml (RunModel)" time="0.034" />
  <testcase classname="ptolemy.util.test.junit.AutoTests" name="[38] /home/travis/build/icyphy/ptII/ptolemy/domains/de/test/auto/Modal3.xml (RunModel)" time="0.048" />
  <testcase classname="ptolemy.util.test.junit.AutoTests" name="[39] /home/travis/build/icyphy/ptII/ptolemy/domains/de/test/auto/Modal4.xml (RunModel)" time="0.043" />
  <testcase classname="ptolemy.util.test.junit.AutoTests" name="[40] /home/travis/build/icyphy/ptII/ptolemy/domains/de/test/auto/Modal5.xml (RunModel)" time="0.037" />
  <testcase classname="ptolemy.util.test.junit.AutoTests" name="[41] /home/travis/build/icyphy/ptII/ptolemy/domains/de/test/auto/Modal6.xml (RunModel)" time="0.043" />
  <testcase classname="ptolemy.util.test.junit.AutoTests" name="[42] /home/travis/build/icyphy/ptII/ptolemy/domains/de/test/auto/Modal7.xml (RunModel)" time="0.032" />
  <testcase classname="ptolemy.util.test.junit.AutoTests" name="[43] /home/travis/build/icyphy/ptII/ptolemy/domains/de/test/auto/ModalModel.xml (RunModel)" time="0.2" />
  <testcase classname="ptolemy.util.test.junit.AutoTests" name="[44] /home/travis/build/icyphy/ptII/ptolemy/domains/de/test/auto/ModalSource.xml (RunModel)" time="0.025" />
  <testcase classname="ptolemy.util.test.junit.AutoTests" name="[45] /home/travis/build/icyphy/ptII/ptolemy/domains/de/test/auto/NonInterruptibleTimerZeroDelay.xml (RunModel)" time="0.011" />
  <testcase classname="ptolemy.util.test.junit.AutoTests" name="[46] /home/travis/build/icyphy/ptII/ptolemy/domains/de/test/auto/OpenQueueingNetwork.xml (RunModel)" time="2.851" />
  <testcase classname="ptolemy.util.test.junit.AutoTests" name="[47] /home/travis/build/icyphy/ptII/ptolemy/domains/de/test/auto/OpenQueuingNetwork.xml (RunModel)" time="0.316" />
  <testcase classname="ptolemy.util.test.junit.AutoTests" name="[48] /home/travis/build/icyphy/ptII/ptolemy/domains/de/test/auto/PeriodicSampler.xml (RunModel)" time="0.018" />
  <testcase classname="ptolemy.util.test.junit.AutoTests" name="[49] /home/travis/build/icyphy/ptII/ptolemy/domains/de/test/auto/PersistentIO.xml (RunModel)" time="0.029" />
  <testcase classname="ptolemy.util.test.junit.AutoTests" name="[50] /home/travis/build/icyphy/ptII/ptolemy/domains/de/test/auto/PortParameterResetOnInitialize.xml (RunModel)" time="0.011" />
  <testcase classname="ptolemy.util.test.junit.AutoTests" name="[51] /home/travis/build/icyphy/ptII/ptolemy/domains/de/test/auto/PortParameterUpdates.xml (RunModel)" time="0.016" />
  <testcase classname="ptolemy.util.test.junit.AutoTests" name="[52] /home/travis/build/icyphy/ptII/ptolemy/domains/de/test/auto/QueueAndServer.xml (RunModel)" time="0.027" />
  <testcase classname="ptolemy.util.test.junit.AutoTests" name="[53] /home/travis/build/icyphy/ptII/ptolemy/domains/de/test/auto/Records.xml (RunModel)" time="0.021" />
  <testcase classname="ptolemy.util.test.junit.AutoTests" name="[54] /home/travis/build/icyphy/ptII/ptolemy/domains/de/test/auto/ResetTransitionWithStartTime1.xml (RunModel)" time="0.022" />
  <testcase classname="ptolemy.util.test.junit.AutoTests" name="[55] /home/travis/build/icyphy/ptII/ptolemy/domains/de/test/auto/ResetTransitionWithStartTime2.xml (RunModel)" time="0.024" />
  <testcase classname="ptolemy.util.test.junit.AutoTests" name="[56] /home/travis/build/icyphy/ptII/ptolemy/domains/de/test/auto/ResetTransitionWithStartTime3.xml (RunModel)" time="0.025" />
  <testcase classname="ptolemy.util.test.junit.AutoTests" name="[57] /home/travis/build/icyphy/ptII/ptolemy/domains/de/test/auto/ResetTransitionWithStartTime4.xml (RunModel)" time="0.021" />
  <testcase classname="ptolemy.util.test.junit.AutoTests" name="[58] /home/travis/build/icyphy/ptII/ptolemy/domains/de/test/auto/ResettableTimer1.xml (RunModel)" time="0.012" />
  <testcase classname="ptolemy.util.test.junit.AutoTests" name="[59] /home/travis/build/icyphy/ptII/ptolemy/domains/de/test/auto/ResettableTimer2.xml (RunModel)" time="0.011" />
  <testcase classname="ptolemy.util.test.junit.AutoTests" name="[60] /home/travis/build/icyphy/ptII/ptolemy/domains/de/test/auto/ResettableTimer3.xml (RunModel)" time="0.01" />
  <testcase classname="ptolemy.util.test.junit.AutoTests" name="[61] /home/travis/build/icyphy/ptII/ptolemy/domains/de/test/auto/ResettableTimer4.xml (RunModel)" time="0.016" />
  <testcase classname="ptolemy.util.test.junit.AutoTests" name="[62] /home/travis/build/icyphy/ptII/ptolemy/domains/de/test/auto/ResettableTimer5.xml (RunModel)" time="0.016" />
  <testcase classname="ptolemy.util.test.junit.AutoTests" name="[63] /home/travis/build/icyphy/ptII/ptolemy/domains/de/test/auto/ResettableTimer6.xml (RunModel)" time="0.02" />
  <testcase classname="ptolemy.util.test.junit.AutoTests" name="[64] /home/travis/build/icyphy/ptII/ptolemy/domains/de/test/auto/ServerZeroDelay.xml (RunModel)" time="0.013" />
  <testcase classname="ptolemy.util.test.junit.AutoTests" name="[65] /home/travis/build/icyphy/ptII/ptolemy/domains/de/test/auto/SmartSender.xml (RunModel)" time="3.013" />
  <testcase classname="ptolemy.util.test.junit.AutoTests" name="[66] /home/travis/build/icyphy/ptII/ptolemy/domains/de/test/auto/ThreadedComposite.xml (RunModel)" time="0.143" />
  <testcase classname="ptolemy.util.test.junit.AutoTests" name="[67] /home/travis/build/icyphy/ptII/ptolemy/domains/de/test/auto/Time.xml (RunModel)" time="0.521" />
  <testcase classname="ptolemy.util.test.junit.AutoTests" name="[68] /home/travis/build/icyphy/ptII/ptolemy/domains/de/test/auto/TimeDelayZeroDelay.xml (RunModel)" time="0.028" />
  <testcase classname="ptolemy.util.test.junit.AutoTests" name="[69] /home/travis/build/icyphy/ptII/ptolemy/domains/de/test/auto/TimerZeroDelay.xml (RunModel)" time="0.013" />
  <testcase classname="ptolemy.util.test.junit.AutoTests" name="[70] /home/travis/build/icyphy/ptII/ptolemy/domains/de/test/auto/TimingParadox.xml (RunModel)" time="0.415" />
  <testcase classname="ptolemy.util.test.junit.AutoTests" name="[71] /home/travis/build/icyphy/ptII/ptolemy/domains/de/test/auto/TransferInputs.xml (RunModel)" time="0.019" />
  <testcase classname="ptolemy.util.test.junit.AutoTests" name="[72] /home/travis/build/icyphy/ptII/ptolemy/domains/de/test/auto/TransferOutputs2.xml (RunModel)" time="0.017" />
  <testcase classname="ptolemy.util.test.junit.AutoTests" name="[73] /home/travis/build/icyphy/ptII/ptolemy/domains/de/test/auto/Trilateration.xml (RunModel)" time="13.808" />
  <testcase classname="ptolemy.util.test.junit.AutoTests" name="[74] /home/travis/build/icyphy/ptII/ptolemy/domains/de/test/auto/TwoSigmaDelta.xml (RunModel)" time="2.303" />
  <testcase classname="ptolemy.util.test.junit.AutoTests" name="[75] /home/travis/build/icyphy/ptII/ptolemy/domains/de/test/auto/VariableDelay.xml (RunModel)" time="0.015" />
  <testcase classname="ptolemy.util.test.junit.AutoTests" name="[76] /home/travis/build/icyphy/ptII/ptolemy/domains/de/test/auto/VariableDelay2.xml (RunModel)" time="0.011" />
  <testcase classname="ptolemy.util.test.junit.AutoTests" name="[77] /home/travis/build/icyphy/ptII/ptolemy/domains/de/test/auto/VariableDelayZeroDelay.xml (RunModel)" time="0.016" />
  <testcase classname="ptolemy.util.test.junit.AutoTests" name="[78] /home/travis/build/icyphy/ptII/ptolemy/domains/de/test/auto/VariableDelayZeroDelay2.xml (RunModel)" time="0.012" />
  <testcase classname="ptolemy.util.test.junit.AutoTests" name="[79] /home/travis/build/icyphy/ptII/ptolemy/domains/de/test/auto/deInCt.xml (RunModel)" time="0.02" />
  <testcase classname="ptolemy.util.test.junit.AutoTests" name="[80] /home/travis/build/icyphy/ptII/ptolemy/domains/de/test/auto/deInCt2.xml (RunModel)" time="0.025" />
  <testcase classname="ptolemy.util.test.junit.AutoTests" name="[81] /home/travis/build/icyphy/ptII/ptolemy/domains/de/test/auto/dynamicCausalityInterface1.xml (RunModel)" time="0.02" />
  <testcase classname="ptolemy.util.test.junit.AutoTests" name="[82] /home/travis/build/icyphy/ptII/ptolemy/domains/de/test/auto/fsm_de_test.xml (RunModel)" time="0.03" />
  <testcase classname="ptolemy.util.test.junit.AutoTests" name="[83] /home/travis/build/icyphy/ptII/ptolemy/domains/de/test/auto/functionDependencyReconstruction.xml (RunModel)" time="0.036" />
  <testcase classname="ptolemy.util.test.junit.AutoTests" name="[84] /home/travis/build/icyphy/ptII/ptolemy/domains/de/test/auto/multirate.xml (RunModel)" time="0.016" />
  <testcase classname="ptolemy.util.test.junit.AutoTests" name="[85] /home/travis/build/icyphy/ptII/ptolemy/domains/de/test/auto/multirate2.xml (RunModel)" time="0.019" />
  <testcase classname="ptolemy.util.test.junit.AutoTests" name="[86] /home/travis/build/icyphy/ptII/ptolemy/domains/de/test/auto/realtime.xml (RunModel)" time="10.011" />
  <testcase classname="ptolemy.util.test.junit.AutoTests" name="[87] /home/travis/build/icyphy/ptII/ptolemy/domains/de/test/auto/relationGroup.xml (RunModel)" time="0.014" />
  <testcase classname="ptolemy.util.test.junit.AutoTests" name="[88] /home/travis/build/icyphy/ptII/ptolemy/domains/de/test/auto/relationGroup2.xml (RunModel)" time="0.009" />
  <testcase classname="ptolemy.util.test.junit.AutoTests" name="[89] /home/travis/build/icyphy/ptII/ptolemy/domains/de/test/auto/sortWithOpaquePorts.xml (RunModel)" time="0.017" />
  <testcase classname="ptolemy.util.test.junit.AutoTests" name="[90] /home/travis/build/icyphy/ptII/ptolemy/domains/de/test/auto/transferInputsandOutputs.xml (RunModel)" time="0.029" />
  <testcase classname="ptolemy.util.test.junit.AutoTests" name="[91] /home/travis/build/icyphy/ptII/ptolemy/domains/de/test/auto/triggerType.xml (RunModel)" time="0.01" />
  <system-out><![CDATA[/home/travis/build/icyphy/ptII/ptolemy/domains/de/test/DependencyLoop.tcl
testDefs.tcl: setting time out to 9000 seconds at Tue Oct 29 06:09:31 UTC 2019
103 ms. Memory: 120832K Free: 72008K (60%)
14 ms. Memory: 120832K Free: 54600K (45%)
/home/travis/build/icyphy/ptII/ptolemy/domains/de/test/RunDETestsAsQSS.tcl
Run the DE tests using ptolemy.domains.qss.test.QSSDirectorTest, which extends QSSDirector and prints a message in the constructors.
------------------ testing $PTII/ptolemy/domains/de/test/auto/knownFailedTests/DirectFeedback.xml (Known Failure) 
81 ms. Memory: 120832K Free: 48970K (41%)


==== $PTIIhome/travis/build/icyphy/ptII/ptolemy/domains/de/test/../../../../: Auto Automatic test in file $PTII/ptolemy/domains/de/test/auto/knownFailedTests/DirectFeedback.xml
==== Contents of test case:

	    # FIXME: we should use $relativeFilename here, but it
	    # might have backslashes under Windows, which causes no end
	    # of trouble.
	    createAndExecute $file
	    list {}
	
.... Test generated KNOWN error:
    while executing
ptolemy.kernel.util.IllegalActionException: Test fails in iteration 1.
Value was: 1.0. Should have been: 2.0
  in .DirectFeedback.Test
	at ptolemy.actor.lib.Test.fire(Test.java:268)
	at ptolemy.domains.de.kernel.DEDirector._fire(DEDirector.java:1949)
	at ptolemy.domains.de.kernel.DEDirector.fire(DEDirector.java:502)
	at ptolemy.actor.CompositeActor.fire(CompositeActor.java:455)
	at ptolemy.actor.Manager.iterate(Manager.java:851)
	at ptolemy.actor.Manager.execute(Manager.java:369)
	at ptolemy.actor.Manager.run(Manager.java:1263)
	at ptolemy.actor.Manager$PtolemyRunThread.run(Manager.java:1933)

    while executing
ptolemy.kernel.util.IllegalActionException: Test fails in iteration 1.
Value was: 1.0. Should have been: 2.0
  in .DirectFeedback.Test
    while executing
"java::new ptolemy.moml.MoMLSimpleApplication $file
"
    (procedure "createAndExecute" line 2)
    invoked from within
"createAndExecute $file"
    ("uplevel" body line 5)
    invoked from within
"uplevel $contents_of_test"
------------------ testing $PTII/ptolemy/domains/de/test/auto/knownFailedTests/dependencyLoop.xml (Known Failure) 
23 ms. Memory: 120832K Free: 45898K (38%)


==== $PTIIhome/travis/build/icyphy/ptII/ptolemy/domains/de/test/../../../../: Auto Automatic test in file $PTII/ptolemy/domains/de/test/auto/knownFailedTests/dependencyLoop.xml
==== Contents of test case:

	    # FIXME: we should use $relativeFilename here, but it
	    # might have backslashes under Windows, which causes no end
	    # of trouble.
	    createAndExecute $file
	    list {}
	
.... Test generated KNOWN error:
    while executing
ptolemy.kernel.util.IllegalActionException: Found a zero delay loop containing .dependencyLoop.original
  in .dependencyLoop and .dependencyLoop.original
	at ptolemy.actor.util.CausalityInterfaceForComposites._computeOutputPortDepth(CausalityInterfaceForComposites.java:759)
	at ptolemy.actor.util.CausalityInterfaceForComposites._computeInputDepth(CausalityInterfaceForComposites.java:696)
	at ptolemy.actor.util.CausalityInterfaceForComposites._computeOutputPortDepth(CausalityInterfaceForComposites.java:765)
	at ptolemy.actor.util.CausalityInterfaceForComposites._computeInputDepth(CausalityInterfaceForComposites.java:696)
	at ptolemy.actor.util.CausalityInterfaceForComposites._computeOutputPortDepth(CausalityInterfaceForComposites.java:765)
	at ptolemy.actor.util.CausalityInterfaceForComposites._computeInputDepth(CausalityInterfaceForComposites.java:696)
	at ptolemy.actor.util.CausalityInterfaceForComposites._computeActorDepth(CausalityInterfaceForComposites.java:532)
	at ptolemy.actor.util.CausalityInterfaceForComposites.checkForCycles(CausalityInterfaceForComposites.java:96)
	at ptolemy.domains.de.kernel.DEDirector.preinitialize(DEDirector.java:1338)
	at ptolemy.actor.CompositeActor.preinitialize(CompositeActor.java:1828)
	at ptolemy.actor.Manager.preinitializeAndResolveTypes(Manager.java:1040)
	at ptolemy.actor.Manager.initialize(Manager.java:710)
	at ptolemy.actor.Manager.execute(Manager.java:356)
	at ptolemy.actor.Manager.run(Manager.java:1263)
	at ptolemy.actor.Manager$PtolemyRunThread.run(Manager.java:1933)

    while executing
ptolemy.kernel.util.IllegalActionException: Found a zero delay loop containing .dependencyLoop.original
  in .dependencyLoop and .dependencyLoop.original
    while executing
"java::new ptolemy.moml.MoMLSimpleApplication $file
"
    (procedure "createAndExecute" line 2)
    invoked from within
"createAndExecute $file"
    ("uplevel" body line 5)
    invoked from within
"uplevel $contents_of_test"
------------------ testing $PTII/ptolemy/domains/de/test/auto/knownFailedTests/FSMSource.xml (Known Failure) 
94 ms. Memory: 120832K Free: 99606K (82%)
!!!! Auto was marked as failing, but now passes
------------------ testing $PTII/ptolemy/domains/de/test/auto/knownFailedTests/HierarchicalModel.xml (Known Failure) 
15 ms. Memory: 120832K Free: 82230K (68%)


==== $PTIIhome/travis/build/icyphy/ptII/ptolemy/domains/de/test/../../../../: Auto Automatic test in file $PTII/ptolemy/domains/de/test/auto/knownFailedTests/HierarchicalModel.xml
==== Contents of test case:

	    # FIXME: we should use $relativeFilename here, but it
	    # might have backslashes under Windows, which causes no end
	    # of trouble.
	    createAndExecute $file
	    list {}
	
.... Test generated KNOWN error:
    while executing
ptolemy.kernel.util.IllegalActionException: Found a zero delay loop containing .HierarchicalModel.A
  in .HierarchicalModel and .HierarchicalModel.A
	at ptolemy.actor.util.CausalityInterfaceForComposites._computeOutputPortDepth(CausalityInterfaceForComposites.java:759)
	at ptolemy.actor.util.CausalityInterfaceForComposites._computeInputDepth(CausalityInterfaceForComposites.java:696)
	at ptolemy.actor.util.CausalityInterfaceForComposites._computeOutputPortDepth(CausalityInterfaceForComposites.java:765)
	at ptolemy.actor.util.CausalityInterfaceForComposites._computeInputDepth(CausalityInterfaceForComposites.java:696)
	at ptolemy.actor.util.CausalityInterfaceForComposites._computeOutputPortDepth(CausalityInterfaceForComposites.java:765)
	at ptolemy.actor.util.CausalityInterfaceForComposites._computeInputDepth(CausalityInterfaceForComposites.java:696)
	at ptolemy.actor.util.CausalityInterfaceForComposites._computeActorDepth(CausalityInterfaceForComposites.java:532)
	at ptolemy.actor.util.CausalityInterfaceForComposites.checkForCycles(CausalityInterfaceForComposites.java:96)
	at ptolemy.domains.de.kernel.DEDirector.preinitialize(DEDirector.java:1338)
	at ptolemy.actor.CompositeActor.preinitialize(CompositeActor.java:1828)
	at ptolemy.actor.Manager.preinitializeAndResolveTypes(Manager.java:1040)
	at ptolemy.actor.Manager.initialize(Manager.java:710)
	at ptolemy.actor.Manager.execute(Manager.java:356)
	at ptolemy.actor.Manager.run(Manager.java:1263)
	at ptolemy.actor.Manager$PtolemyRunThread.run(Manager.java:1933)

    while executing
ptolemy.kernel.util.IllegalActionException: Found a zero delay loop containing .HierarchicalModel.A
  in .HierarchicalModel and .HierarchicalModel.A
    while executing
"java::new ptolemy.moml.MoMLSimpleApplication $file
"
    (procedure "createAndExecute" line 2)
    invoked from within
"createAndExecute $file"
    ("uplevel" body line 5)
    invoked from within
"uplevel $contents_of_test"
------------------ testing $PTII/ptolemy/domains/de/test/auto/knownFailedTests/dependencyLoop2.xml (Known Failure) 
27 ms. Memory: 120832K Free: 106522K (88%)


==== $PTIIhome/travis/build/icyphy/ptII/ptolemy/domains/de/test/../../../../: Auto Automatic test in file $PTII/ptolemy/domains/de/test/auto/knownFailedTests/dependencyLoop2.xml
==== Contents of test case:

	    # FIXME: we should use $relativeFilename here, but it
	    # might have backslashes under Windows, which causes no end
	    # of trouble.
	    createAndExecute $file
	    list {}
	
.... Test generated KNOWN error:
    while executing
ptolemy.kernel.util.IllegalActionException: Found a zero delay loop containing .dependencyLoop2.original
  in .dependencyLoop2 and .dependencyLoop2.original
	at ptolemy.actor.util.CausalityInterfaceForComposites._computeOutputPortDepth(CausalityInterfaceForComposites.java:759)
	at ptolemy.actor.util.CausalityInterfaceForComposites._computeInputDepth(CausalityInterfaceForComposites.java:696)
	at ptolemy.actor.util.CausalityInterfaceForComposites._computeOutputPortDepth(CausalityInterfaceForComposites.java:765)
	at ptolemy.actor.util.CausalityInterfaceForComposites._computeInputDepth(CausalityInterfaceForComposites.java:696)
	at ptolemy.actor.util.CausalityInterfaceForComposites._computeOutputPortDepth(CausalityInterfaceForComposites.java:765)
	at ptolemy.actor.util.CausalityInterfaceForComposites._computeInputDepth(CausalityInterfaceForComposites.java:696)
	at ptolemy.actor.util.CausalityInterfaceForComposites._computeActorDepth(CausalityInterfaceForComposites.java:532)
	at ptolemy.actor.util.CausalityInterfaceForComposites.checkForCycles(CausalityInterfaceForComposites.java:96)
	at ptolemy.domains.de.kernel.DEDirector.preinitialize(DEDirector.java:1338)
	at ptolemy.actor.CompositeActor.preinitialize(CompositeActor.java:1828)
	at ptolemy.actor.Manager.preinitializeAndResolveTypes(Manager.java:1040)
	at ptolemy.actor.Manager.initialize(Manager.java:710)
	at ptolemy.actor.Manager.execute(Manager.java:356)
	at ptolemy.actor.Manager.run(Manager.java:1263)
	at ptolemy.actor.Manager$PtolemyRunThread.run(Manager.java:1933)

    while executing
ptolemy.kernel.util.IllegalActionException: Found a zero delay loop containing .dependencyLoop2.original
  in .dependencyLoop2 and .dependencyLoop2.original
    while executing
"java::new ptolemy.moml.MoMLSimpleApplication $file
"
    (procedure "createAndExecute" line 2)
    invoked from within
"createAndExecute $file"
    ("uplevel" body line 5)
    invoked from within
"uplevel $contents_of_test"
------------------ testing $PTII/ptolemy/domains/de/test/auto/knownFailedTests/DESDFClockTest.xml (Known Failure) 
2074 ms. Memory: 120832K Free: 93376K (77%)


==== $PTIIhome/travis/build/icyphy/ptII/ptolemy/domains/de/test/../../../../: Auto Automatic test in file $PTII/ptolemy/domains/de/test/auto/knownFailedTests/DESDFClockTest.xml
==== Contents of test case:

	    # FIXME: we should use $relativeFilename here, but it
	    # might have backslashes under Windows, which causes no end
	    # of trouble.
	    createAndExecute $file
	    list {}
	
.... Test generated KNOWN error:
    while executing
ptolemy.kernel.util.IllegalActionException: Actor is not ready to fire.  Perhaps UpSample.prefire() returned false? Try debugging the actor by selecting "Listen to Actor".  Also, for SDF check moml for tokenConsumptionRate on input.
  in .DESDFClockTest.Play Bell.Copy1:SDF Director and .DESDFClockTest.Play Bell.UpSample
	at ptolemy.actor.sched.StaticSchedulingDirector.fire(StaticSchedulingDirector.java:227)
	at ptolemy.domains.sdf.kernel.SDFDirector.fire(SDFDirector.java:500)
	at ptolemy.actor.CompositeActor.fire(CompositeActor.java:455)
	at ptolemy.domains.de.kernel.DEDirector._fire(DEDirector.java:1949)
	at ptolemy.domains.de.kernel.DEDirector.fire(DEDirector.java:502)
	at ptolemy.actor.CompositeActor.fire(CompositeActor.java:455)
	at ptolemy.actor.Manager.iterate(Manager.java:851)
	at ptolemy.actor.Manager.execute(Manager.java:369)
	at ptolemy.actor.Manager.run(Manager.java:1263)
	at ptolemy.actor.Manager$PtolemyRunThread.run(Manager.java:1933)

    while executing
ptolemy.kernel.util.IllegalActionException: Actor is not ready to fire.  Perhaps UpSample.prefire() returned false? Try debugging the actor by selecting "Listen to Actor".  Also, for SDF check moml for tokenConsumptionRate on input.
  in .DESDFClockTest.Play Bell.Copy1:SDF Director and .DESDFClockTest.Play Bell.UpSample
    while executing
"java::new ptolemy.moml.MoMLSimpleApplication $file
"
    (procedure "createAndExecute" line 2)
    invoked from within
"createAndExecute $file"
    ("uplevel" body line 5)
    invoked from within
"uplevel $contents_of_test"
------------------ testing $PTII/ptolemy/domains/de/test/auto/ActorDepthCalculation_actorWithoutPorts.xml
auto.tcl: Setting watchdog for 200 seconds at Tue Oct 29 06:09:35 UTC 2019
6 ms. Memory: 120832K Free: 86154K (71%)
ptolemy.util.test.WatchDog.cancel(): canceling Tue Oct 29 06:09:35 UTC 2019
auto.tcl: Setting watchdog for 200 seconds at Tue Oct 29 06:09:35 UTC 2019
10 ms. Memory: 120832K Free: 84899K (70%)
ptolemy.util.test.WatchDog.cancel(): canceling Tue Oct 29 06:09:35 UTC 2019
------------------ testing $PTII/ptolemy/domains/de/test/auto/AssemblyLine.xml
auto.tcl: Setting watchdog for 200 seconds at Tue Oct 29 06:09:36 UTC 2019
15 ms. Memory: 45056K Free: 22471K (50%)
ptolemy.util.test.WatchDog.cancel(): canceling Tue Oct 29 06:09:36 UTC 2019
auto.tcl: Setting watchdog for 200 seconds at Tue Oct 29 06:09:36 UTC 2019
19 ms. Memory: 45056K Free: 21674K (48%)
ptolemy.util.test.WatchDog.cancel(): canceling Tue Oct 29 06:09:36 UTC 2019
------------------ testing $PTII/ptolemy/domains/de/test/auto/CQBug1.xml
auto.tcl: Setting watchdog for 200 seconds at Tue Oct 29 06:09:36 UTC 2019
16 ms. Memory: 45056K Free: 28435K (63%)
ptolemy.util.test.WatchDog.cancel(): canceling Tue Oct 29 06:09:36 UTC 2019
auto.tcl: Setting watchdog for 200 seconds at Tue Oct 29 06:09:36 UTC 2019
3 ms. Memory: 45056K Free: 28020K (62%)
ptolemy.util.test.WatchDog.cancel(): canceling Tue Oct 29 06:09:36 UTC 2019
------------------ testing $PTII/ptolemy/domains/de/test/auto/CancelFireAt.xml
auto.tcl: Setting watchdog for 200 seconds at Tue Oct 29 06:09:36 UTC 2019
19 ms. Memory: 45056K Free: 29719K (66%)
ptolemy.util.test.WatchDog.cancel(): canceling Tue Oct 29 06:09:36 UTC 2019
auto.tcl: Setting watchdog for 200 seconds at Tue Oct 29 06:09:36 UTC 2019
2 ms. Memory: 45056K Free: 29225K (65%)
ptolemy.util.test.WatchDog.cancel(): canceling Tue Oct 29 06:09:36 UTC 2019
------------------ testing $PTII/ptolemy/domains/de/test/auto/CausalityAndComposabilityAnalysis.xml
auto.tcl: Setting watchdog for 200 seconds at Tue Oct 29 06:09:36 UTC 2019
16 ms. Memory: 45056K Free: 27453K (61%)
ptolemy.util.test.WatchDog.cancel(): canceling Tue Oct 29 06:09:36 UTC 2019
auto.tcl: Setting watchdog for 200 seconds at Tue Oct 29 06:09:36 UTC 2019
6 ms. Memory: 45056K Free: 27022K (60%)
ptolemy.util.test.WatchDog.cancel(): canceling Tue Oct 29 06:09:36 UTC 2019
------------------ testing $PTII/ptolemy/domains/de/test/auto/CausalityInterface1.xml
auto.tcl: Setting watchdog for 200 seconds at Tue Oct 29 06:09:36 UTC 2019
44 ms. Memory: 45056K Free: 26410K (59%)
ptolemy.util.test.WatchDog.cancel(): canceling Tue Oct 29 06:09:36 UTC 2019
auto.tcl: Setting watchdog for 200 seconds at Tue Oct 29 06:09:36 UTC 2019
6 ms. Memory: 45056K Free: 25055K (56%)
ptolemy.util.test.WatchDog.cancel(): canceling Tue Oct 29 06:09:36 UTC 2019
------------------ testing $PTII/ptolemy/domains/de/test/auto/CausalityInterface15.xml
auto.tcl: Setting watchdog for 200 seconds at Tue Oct 29 06:09:36 UTC 2019
6 ms. Memory: 45056K Free: 25944K (58%)
ptolemy.util.test.WatchDog.cancel(): canceling Tue Oct 29 06:09:36 UTC 2019
auto.tcl: Setting watchdog for 200 seconds at Tue Oct 29 06:09:36 UTC 2019
8 ms. Memory: 45056K Free: 24859K (55%)
ptolemy.util.test.WatchDog.cancel(): canceling Tue Oct 29 06:09:37 UTC 2019
------------------ testing $PTII/ptolemy/domains/de/test/auto/CausalityInterface2.xml
auto.tcl: Setting watchdog for 200 seconds at Tue Oct 29 06:09:37 UTC 2019
6 ms. Memory: 45056K Free: 26999K (60%)
ptolemy.util.test.WatchDog.cancel(): canceling Tue Oct 29 06:09:37 UTC 2019
auto.tcl: Setting watchdog for 200 seconds at Tue Oct 29 06:09:37 UTC 2019
6 ms. Memory: 45056K Free: 26258K (58%)
ptolemy.util.test.WatchDog.cancel(): canceling Tue Oct 29 06:09:37 UTC 2019
------------------ testing $PTII/ptolemy/domains/de/test/auto/CausalityInterface3.xml
auto.tcl: Setting watchdog for 200 seconds at Tue Oct 29 06:09:37 UTC 2019
6 ms. Memory: 45056K Free: 26465K (59%)
ptolemy.util.test.WatchDog.cancel(): canceling Tue Oct 29 06:09:37 UTC 2019
auto.tcl: Setting watchdog for 200 seconds at Tue Oct 29 06:09:37 UTC 2019
5 ms. Memory: 45056K Free: 25658K (57%)
ptolemy.util.test.WatchDog.cancel(): canceling Tue Oct 29 06:09:37 UTC 2019
------------------ testing $PTII/ptolemy/domains/de/test/auto/ClockDrift.xml
auto.tcl: Setting watchdog for 200 seconds at Tue Oct 29 06:09:37 UTC 2019
99 ms. Memory: 45056K Free: 19070K (42%)
ptolemy.util.test.WatchDog.cancel(): canceling Tue Oct 29 06:09:37 UTC 2019
auto.tcl: Setting watchdog for 200 seconds at Tue Oct 29 06:09:37 UTC 2019
61 ms. Memory: 45056K Free: 16047K (36%)
ptolemy.util.test.WatchDog.cancel(): canceling Tue Oct 29 06:09:37 UTC 2019
------------------ testing $PTII/ptolemy/domains/de/test/auto/ClockDriftAndValueChange.xml
auto.tcl: Setting watchdog for 200 seconds at Tue Oct 29 06:09:37 UTC 2019
50 ms. Memory: 45056K Free: 19505K (43%)
ptolemy.util.test.WatchDog.cancel(): canceling Tue Oct 29 06:09:37 UTC 2019
auto.tcl: Setting watchdog for 200 seconds at Tue Oct 29 06:09:37 UTC 2019
40 ms. Memory: 45056K Free: 16565K (37%)
ptolemy.util.test.WatchDog.cancel(): canceling Tue Oct 29 06:09:37 UTC 2019
------------------ testing $PTII/ptolemy/domains/de/test/auto/ClockDriftChange.xml
auto.tcl: Setting watchdog for 200 seconds at Tue Oct 29 06:09:37 UTC 2019
31 ms. Memory: 45056K Free: 21175K (47%)
ptolemy.util.test.WatchDog.cancel(): canceling Tue Oct 29 06:09:37 UTC 2019
auto.tcl: Setting watchdog for 200 seconds at Tue Oct 29 06:09:37 UTC 2019
30 ms. Memory: 45056K Free: 18630K (41%)
ptolemy.util.test.WatchDog.cancel(): canceling Tue Oct 29 06:09:37 UTC 2019
------------------ testing $PTII/ptolemy/domains/de/test/auto/ComposableCausalityAnalysis.xml
auto.tcl: Setting watchdog for 200 seconds at Tue Oct 29 06:09:37 UTC 2019
3 ms. Memory: 45056K Free: 25729K (57%)
ptolemy.util.test.WatchDog.cancel(): canceling Tue Oct 29 06:09:37 UTC 2019
auto.tcl: Setting watchdog for 200 seconds at Tue Oct 29 06:09:37 UTC 2019
7 ms. Memory: 45056K Free: 24503K (54%)
ptolemy.util.test.WatchDog.cancel(): canceling Tue Oct 29 06:09:38 UTC 2019
------------------ testing $PTII/ptolemy/domains/de/test/auto/DEFixedPointLimitation.xml
auto.tcl: Setting watchdog for 200 seconds at Tue Oct 29 06:09:38 UTC 2019
3 ms. Memory: 45056K Free: 27143K (60%)
ptolemy.util.test.WatchDog.cancel(): canceling Tue Oct 29 06:09:38 UTC 2019
auto.tcl: Setting watchdog for 200 seconds at Tue Oct 29 06:09:38 UTC 2019
2 ms. Memory: 45056K Free: 26260K (58%)
ptolemy.util.test.WatchDog.cancel(): canceling Tue Oct 29 06:09:38 UTC 2019
------------------ testing $PTII/ptolemy/domains/de/test/auto/DEScheduleTest.xml
auto.tcl: Setting watchdog for 200 seconds at Tue Oct 29 06:09:38 UTC 2019
5 ms. Memory: 45056K Free: 27450K (61%)
ptolemy.util.test.WatchDog.cancel(): canceling Tue Oct 29 06:09:38 UTC 2019
auto.tcl: Setting watchdog for 200 seconds at Tue Oct 29 06:09:38 UTC 2019
4 ms. Memory: 45056K Free: 26665K (59%)
ptolemy.util.test.WatchDog.cancel(): canceling Tue Oct 29 06:09:38 UTC 2019
------------------ testing $PTII/ptolemy/domains/de/test/auto/DEinDEwithStartTimes.xml
auto.tcl: Setting watchdog for 200 seconds at Tue Oct 29 06:09:38 UTC 2019
8 ms. Memory: 45056K Free: 25651K (57%)
ptolemy.util.test.WatchDog.cancel(): canceling Tue Oct 29 06:09:38 UTC 2019
auto.tcl: Setting watchdog for 200 seconds at Tue Oct 29 06:09:38 UTC 2019
8 ms. Memory: 45056K Free: 24568K (55%)
ptolemy.util.test.WatchDog.cancel(): canceling Tue Oct 29 06:09:38 UTC 2019
------------------ testing $PTII/ptolemy/domains/de/test/auto/DEinDEwithStartTimes2.xml
auto.tcl: Setting watchdog for 200 seconds at Tue Oct 29 06:09:38 UTC 2019
9 ms. Memory: 45056K Free: 24900K (55%)
ptolemy.util.test.WatchDog.cancel(): canceling Tue Oct 29 06:09:38 UTC 2019
auto.tcl: Setting watchdog for 200 seconds at Tue Oct 29 06:09:38 UTC 2019
8 ms. Memory: 45056K Free: 23521K (52%)
ptolemy.util.test.WatchDog.cancel(): canceling Tue Oct 29 06:09:38 UTC 2019
------------------ testing $PTII/ptolemy/domains/de/test/auto/DateDemo.xml
auto.tcl: Setting watchdog for 200 seconds at Tue Oct 29 06:09:38 UTC 2019
14 ms. Memory: 45056K Free: 19707K (44%)
ptolemy.util.test.WatchDog.cancel(): canceling Tue Oct 29 06:09:38 UTC 2019
auto.tcl: Setting watchdog for 200 seconds at Tue Oct 29 06:09:38 UTC 2019
8 ms. Memory: 45056K Free: 18016K (40%)
ptolemy.util.test.WatchDog.cancel(): canceling Tue Oct 29 06:09:38 UTC 2019
------------------ testing $PTII/ptolemy/domains/de/test/auto/DateToEvent.xml
auto.tcl: Setting watchdog for 200 seconds at Tue Oct 29 06:09:38 UTC 2019
2013 ms. Memory: 45056K Free: 15084K (33%)
ptolemy.util.test.WatchDog.cancel(): canceling Tue Oct 29 06:09:40 UTC 2019
auto.tcl: Setting watchdog for 200 seconds at Tue Oct 29 06:09:40 UTC 2019
2006 ms. Memory: 45056K Free: 14388K (32%)
ptolemy.util.test.WatchDog.cancel(): canceling Tue Oct 29 06:09:42 UTC 2019
------------------ testing $PTII/ptolemy/domains/de/test/auto/DepthTest1.xml
auto.tcl: Setting watchdog for 200 seconds at Tue Oct 29 06:09:42 UTC 2019
5 ms. Memory: 45056K Free: 28377K (63%)
ptolemy.util.test.WatchDog.cancel(): canceling Tue Oct 29 06:09:42 UTC 2019
auto.tcl: Setting watchdog for 200 seconds at Tue Oct 29 06:09:42 UTC 2019
3 ms. Memory: 45056K Free: 27836K (62%)
ptolemy.util.test.WatchDog.cancel(): canceling Tue Oct 29 06:09:42 UTC 2019
------------------ testing $PTII/ptolemy/domains/de/test/auto/DepthTest2.xml
auto.tcl: Setting watchdog for 200 seconds at Tue Oct 29 06:09:42 UTC 2019
16 ms. Memory: 45056K Free: 25043K (56%)
ptolemy.util.test.WatchDog.cancel(): canceling Tue Oct 29 06:09:42 UTC 2019
auto.tcl: Setting watchdog for 200 seconds at Tue Oct 29 06:09:42 UTC 2019
2 ms. Memory: 45056K Free: 24561K (55%)
ptolemy.util.test.WatchDog.cancel(): canceling Tue Oct 29 06:09:42 UTC 2019
------------------ testing $PTII/ptolemy/domains/de/test/auto/DepthTest3.xml
auto.tcl: Setting watchdog for 200 seconds at Tue Oct 29 06:09:42 UTC 2019
2 ms. Memory: 45056K Free: 28679K (64%)
ptolemy.util.test.WatchDog.cancel(): canceling Tue Oct 29 06:09:42 UTC 2019
auto.tcl: Setting watchdog for 200 seconds at Tue Oct 29 06:09:42 UTC 2019
3 ms. Memory: 45056K Free: 28196K (63%)
ptolemy.util.test.WatchDog.cancel(): canceling Tue Oct 29 06:09:42 UTC 2019
------------------ testing $PTII/ptolemy/domains/de/test/auto/DepthTest4.xml
auto.tcl: Setting watchdog for 200 seconds at Tue Oct 29 06:09:42 UTC 2019
4 ms. Memory: 45056K Free: 26599K (59%)
ptolemy.util.test.WatchDog.cancel(): canceling Tue Oct 29 06:09:43 UTC 2019
auto.tcl: Setting watchdog for 200 seconds at Tue Oct 29 06:09:43 UTC 2019
3 ms. Memory: 45056K Free: 26217K (58%)
ptolemy.util.test.WatchDog.cancel(): canceling Tue Oct 29 06:09:43 UTC 2019
------------------ testing $PTII/ptolemy/domains/de/test/auto/DepthTest5.xml
auto.tcl: Setting watchdog for 200 seconds at Tue Oct 29 06:09:43 UTC 2019
5 ms. Memory: 45056K Free: 26331K (58%)
ptolemy.util.test.WatchDog.cancel(): canceling Tue Oct 29 06:09:43 UTC 2019
auto.tcl: Setting watchdog for 200 seconds at Tue Oct 29 06:09:43 UTC 2019
3 ms. Memory: 45056K Free: 25567K (57%)
ptolemy.util.test.WatchDog.cancel(): canceling Tue Oct 29 06:09:43 UTC 2019
------------------ testing $PTII/ptolemy/domains/de/test/auto/DepthTest6.xml
auto.tcl: Setting watchdog for 200 seconds at Tue Oct 29 06:09:43 UTC 2019
6 ms. Memory: 45056K Free: 25992K (58%)
ptolemy.util.test.WatchDog.cancel(): canceling Tue Oct 29 06:09:43 UTC 2019
auto.tcl: Setting watchdog for 200 seconds at Tue Oct 29 06:09:43 UTC 2019
3 ms. Memory: 45056K Free: 25602K (57%)
ptolemy.util.test.WatchDog.cancel(): canceling Tue Oct 29 06:09:43 UTC 2019
------------------ testing $PTII/ptolemy/domains/de/test/auto/DepthTest7.xml
auto.tcl: Setting watchdog for 200 seconds at Tue Oct 29 06:09:43 UTC 2019
3 ms. Memory: 45056K Free: 26522K (59%)
ptolemy.util.test.WatchDog.cancel(): canceling Tue Oct 29 06:09:43 UTC 2019
auto.tcl: Setting watchdog for 200 seconds at Tue Oct 29 06:09:43 UTC 2019
3 ms. Memory: 45056K Free: 26140K (58%)
ptolemy.util.test.WatchDog.cancel(): canceling Tue Oct 29 06:09:43 UTC 2019
------------------ testing $PTII/ptolemy/domains/de/test/auto/EventToDate.xml
auto.tcl: Setting watchdog for 200 seconds at Tue Oct 29 06:09:43 UTC 2019
3006 ms. Memory: 45056K Free: 17649K (39%)
ptolemy.util.test.WatchDog.cancel(): canceling Tue Oct 29 06:09:46 UTC 2019
auto.tcl: Setting watchdog for 200 seconds at Tue Oct 29 06:09:46 UTC 2019
3005 ms. Memory: 45056K Free: 16959K (38%)
ptolemy.util.test.WatchDog.cancel(): canceling Tue Oct 29 06:09:49 UTC 2019
------------------ testing $PTII/ptolemy/domains/de/test/auto/FSM1.xml
auto.tcl: Setting watchdog for 200 seconds at Tue Oct 29 06:09:49 UTC 2019
30 ms. Memory: 45056K Free: 18850K (42%)
ptolemy.util.test.WatchDog.cancel(): canceling Tue Oct 29 06:09:49 UTC 2019
auto.tcl: Setting watchdog for 200 seconds at Tue Oct 29 06:09:49 UTC 2019
18 ms. Memory: 45056K Free: 15591K (35%)
ptolemy.util.test.WatchDog.cancel(): canceling Tue Oct 29 06:09:49 UTC 2019
------------------ testing $PTII/ptolemy/domains/de/test/auto/FSM7.xml
auto.tcl: Setting watchdog for 200 seconds at Tue Oct 29 06:09:49 UTC 2019
20 ms. Memory: 45056K Free: 18775K (42%)
ptolemy.util.test.WatchDog.cancel(): canceling Tue Oct 29 06:09:49 UTC 2019
auto.tcl: Setting watchdog for 200 seconds at Tue Oct 29 06:09:49 UTC 2019
20 ms. Memory: 45056K Free: 15826K (35%)
ptolemy.util.test.WatchDog.cancel(): canceling Tue Oct 29 06:09:49 UTC 2019
------------------ testing $PTII/ptolemy/domains/de/test/auto/Inspection.xml
auto.tcl: Setting watchdog for 200 seconds at Tue Oct 29 06:09:49 UTC 2019
27 ms. Memory: 45056K Free: 18394K (41%)
ptolemy.util.test.WatchDog.cancel(): canceling Tue Oct 29 06:09:49 UTC 2019
auto.tcl: Setting watchdog for 200 seconds at Tue Oct 29 06:09:49 UTC 2019
24 ms. Memory: 45056K Free: 16858K (37%)
ptolemy.util.test.WatchDog.cancel(): canceling Tue Oct 29 06:09:49 UTC 2019
------------------ testing $PTII/ptolemy/domains/de/test/auto/Iteration.xml
auto.tcl: Setting watchdog for 200 seconds at Tue Oct 29 06:09:49 UTC 2019
13 ms. Memory: 45056K Free: 24349K (54%)
ptolemy.util.test.WatchDog.cancel(): canceling Tue Oct 29 06:09:50 UTC 2019
auto.tcl: Setting watchdog for 200 seconds at Tue Oct 29 06:09:50 UTC 2019
12 ms. Memory: 45056K Free: 23268K (52%)
ptolemy.util.test.WatchDog.cancel(): canceling Tue Oct 29 06:09:50 UTC 2019
------------------ testing $PTII/ptolemy/domains/de/test/auto/LineFault.xml
auto.tcl: Setting watchdog for 200 seconds at Tue Oct 29 06:09:50 UTC 2019
766 ms. Memory: 55296K Free: 38396K (69%)
ptolemy.util.test.WatchDog.cancel(): canceling Tue Oct 29 06:09:51 UTC 2019
auto.tcl: Setting watchdog for 200 seconds at Tue Oct 29 06:09:51 UTC 2019
657 ms. Memory: 55296K Free: 32775K (59%)
ptolemy.util.test.WatchDog.cancel(): canceling Tue Oct 29 06:09:51 UTC 2019
------------------ testing $PTII/ptolemy/domains/de/test/auto/MergeModel1Add.xml
auto.tcl: Setting watchdog for 200 seconds at Tue Oct 29 06:09:51 UTC 2019
27 ms. Memory: 51200K Free: 15891K (31%)
ptolemy.util.test.WatchDog.cancel(): canceling Tue Oct 29 06:09:52 UTC 2019
auto.tcl: Setting watchdog for 200 seconds at Tue Oct 29 06:09:52 UTC 2019
21 ms. Memory: 51200K Free: 14635K (29%)
ptolemy.util.test.WatchDog.cancel(): canceling Tue Oct 29 06:09:52 UTC 2019
------------------ testing $PTII/ptolemy/domains/de/test/auto/MergeModel2Add.xml
auto.tcl: Setting watchdog for 200 seconds at Tue Oct 29 06:09:52 UTC 2019
12 ms. Memory: 48128K Free: 15675K (33%)
ptolemy.util.test.WatchDog.cancel(): canceling Tue Oct 29 06:09:52 UTC 2019
auto.tcl: Setting watchdog for 200 seconds at Tue Oct 29 06:09:52 UTC 2019
12 ms. Memory: 48128K Free: 14000K (29%)
ptolemy.util.test.WatchDog.cancel(): canceling Tue Oct 29 06:09:52 UTC 2019
------------------ testing $PTII/ptolemy/domains/de/test/auto/MergeModel3Add.xml
auto.tcl: Setting watchdog for 200 seconds at Tue Oct 29 06:09:52 UTC 2019
11 ms. Memory: 48128K Free: 15438K (32%)
ptolemy.util.test.WatchDog.cancel(): canceling Tue Oct 29 06:09:52 UTC 2019
auto.tcl: Setting watchdog for 200 seconds at Tue Oct 29 06:09:52 UTC 2019
11 ms. Memory: 48128K Free: 14017K (29%)
ptolemy.util.test.WatchDog.cancel(): canceling Tue Oct 29 06:09:52 UTC 2019
------------------ testing $PTII/ptolemy/domains/de/test/auto/MergeWithoutDiscard.xml
auto.tcl: Setting watchdog for 200 seconds at Tue Oct 29 06:09:52 UTC 2019
2 ms. Memory: 48128K Free: 30298K (63%)
ptolemy.util.test.WatchDog.cancel(): canceling Tue Oct 29 06:09:52 UTC 2019
auto.tcl: Setting watchdog for 200 seconds at Tue Oct 29 06:09:52 UTC 2019
1 ms. Memory: 48128K Free: 29820K (62%)
ptolemy.util.test.WatchDog.cancel(): canceling Tue Oct 29 06:09:52 UTC 2019
------------------ testing $PTII/ptolemy/domains/de/test/auto/Modal1.xml
auto.tcl: Setting watchdog for 200 seconds at Tue Oct 29 06:09:52 UTC 2019
23 ms. Memory: 48128K Free: 22401K (47%)
ptolemy.util.test.WatchDog.cancel(): canceling Tue Oct 29 06:09:52 UTC 2019
auto.tcl: Setting watchdog for 200 seconds at Tue Oct 29 06:09:52 UTC 2019
27 ms. Memory: 48128K Free: 18836K (39%)
ptolemy.util.test.WatchDog.cancel(): canceling Tue Oct 29 06:09:52 UTC 2019
------------------ testing $PTII/ptolemy/domains/de/test/auto/Modal2.xml
auto.tcl: Setting watchdog for 200 seconds at Tue Oct 29 06:09:52 UTC 2019
23 ms. Memory: 48128K Free: 22013K (46%)
ptolemy.util.test.WatchDog.cancel(): canceling Tue Oct 29 06:09:52 UTC 2019
auto.tcl: Setting watchdog for 200 seconds at Tue Oct 29 06:09:52 UTC 2019
21 ms. Memory: 48128K Free: 18739K (39%)
ptolemy.util.test.WatchDog.cancel(): canceling Tue Oct 29 06:09:52 UTC 2019
------------------ testing $PTII/ptolemy/domains/de/test/auto/Modal3.xml
auto.tcl: Setting watchdog for 200 seconds at Tue Oct 29 06:09:52 UTC 2019
12 ms. Memory: 48128K Free: 21766K (45%)
ptolemy.util.test.WatchDog.cancel(): canceling Tue Oct 29 06:09:52 UTC 2019
auto.tcl: Setting watchdog for 200 seconds at Tue Oct 29 06:09:52 UTC 2019
15 ms. Memory: 48128K Free: 18752K (39%)
ptolemy.util.test.WatchDog.cancel(): canceling Tue Oct 29 06:09:52 UTC 2019
------------------ testing $PTII/ptolemy/domains/de/test/auto/Modal4.xml
auto.tcl: Setting watchdog for 200 seconds at Tue Oct 29 06:09:52 UTC 2019
15 ms. Memory: 48128K Free: 20984K (44%)
ptolemy.util.test.WatchDog.cancel(): canceling Tue Oct 29 06:09:52 UTC 2019
auto.tcl: Setting watchdog for 200 seconds at Tue Oct 29 06:09:52 UTC 2019
15 ms. Memory: 48128K Free: 17136K (36%)
ptolemy.util.test.WatchDog.cancel(): canceling Tue Oct 29 06:09:52 UTC 2019
------------------ testing $PTII/ptolemy/domains/de/test/auto/Modal5.xml
auto.tcl: Setting watchdog for 200 seconds at Tue Oct 29 06:09:53 UTC 2019
19 ms. Memory: 48128K Free: 20971K (44%)
ptolemy.util.test.WatchDog.cancel(): canceling Tue Oct 29 06:09:53 UTC 2019
auto.tcl: Setting watchdog for 200 seconds at Tue Oct 29 06:09:53 UTC 2019
17 ms. Memory: 48128K Free: 17322K (36%)
ptolemy.util.test.WatchDog.cancel(): canceling Tue Oct 29 06:09:53 UTC 2019
------------------ testing $PTII/ptolemy/domains/de/test/auto/Modal6.xml
auto.tcl: Setting watchdog for 200 seconds at Tue Oct 29 06:09:53 UTC 2019
21 ms. Memory: 48128K Free: 21733K (45%)
ptolemy.util.test.WatchDog.cancel(): canceling Tue Oct 29 06:09:53 UTC 2019
auto.tcl: Setting watchdog for 200 seconds at Tue Oct 29 06:09:53 UTC 2019
21 ms. Memory: 48128K Free: 18143K (38%)
ptolemy.util.test.WatchDog.cancel(): canceling Tue Oct 29 06:09:53 UTC 2019
------------------ testing $PTII/ptolemy/domains/de/test/auto/Modal7.xml
auto.tcl: Setting watchdog for 200 seconds at Tue Oct 29 06:09:53 UTC 2019
23 ms. Memory: 48128K Free: 20686K (43%)
ptolemy.util.test.WatchDog.cancel(): canceling Tue Oct 29 06:09:53 UTC 2019
auto.tcl: Setting watchdog for 200 seconds at Tue Oct 29 06:09:53 UTC 2019
12 ms. Memory: 48128K Free: 17333K (36%)
ptolemy.util.test.WatchDog.cancel(): canceling Tue Oct 29 06:09:53 UTC 2019
------------------ testing $PTII/ptolemy/domains/de/test/auto/ModalModel.xml
auto.tcl: Setting watchdog for 200 seconds at Tue Oct 29 06:09:53 UTC 2019
193 ms. Memory: 61440K Free: 26133K (43%)
ptolemy.util.test.WatchDog.cancel(): canceling Tue Oct 29 06:09:53 UTC 2019
auto.tcl: Setting watchdog for 200 seconds at Tue Oct 29 06:09:53 UTC 2019
214 ms. Memory: 61440K Free: 26581K (43%)
ptolemy.util.test.WatchDog.cancel(): canceling Tue Oct 29 06:09:53 UTC 2019
------------------ testing $PTII/ptolemy/domains/de/test/auto/ModalSource.xml
auto.tcl: Setting watchdog for 200 seconds at Tue Oct 29 06:09:53 UTC 2019
14 ms. Memory: 48128K Free: 25795K (54%)
ptolemy.util.test.WatchDog.cancel(): canceling Tue Oct 29 06:09:53 UTC 2019
auto.tcl: Setting watchdog for 200 seconds at Tue Oct 29 06:09:53 UTC 2019
6 ms. Memory: 48128K Free: 23747K (49%)
ptolemy.util.test.WatchDog.cancel(): canceling Tue Oct 29 06:09:54 UTC 2019
------------------ testing $PTII/ptolemy/domains/de/test/auto/NonInterruptibleTimerZeroDelay.xml
auto.tcl: Setting watchdog for 200 seconds at Tue Oct 29 06:09:54 UTC 2019
4 ms. Memory: 48128K Free: 30738K (64%)
ptolemy.util.test.WatchDog.cancel(): canceling Tue Oct 29 06:09:54 UTC 2019
auto.tcl: Setting watchdog for 200 seconds at Tue Oct 29 06:09:54 UTC 2019
3 ms. Memory: 48128K Free: 30083K (63%)
ptolemy.util.test.WatchDog.cancel(): canceling Tue Oct 29 06:09:54 UTC 2019
------------------ testing $PTII/ptolemy/domains/de/test/auto/OpenQueueingNetwork.xml
auto.tcl: Setting watchdog for 200 seconds at Tue Oct 29 06:09:54 UTC 2019
3017 ms. Memory: 84992K Free: 23762K (28%)
ptolemy.util.test.WatchDog.cancel(): canceling Tue Oct 29 06:09:57 UTC 2019
auto.tcl: Setting watchdog for 200 seconds at Tue Oct 29 06:09:57 UTC 2019
3075 ms. Memory: 84992K Free: 31375K (37%)
ptolemy.util.test.WatchDog.cancel(): canceling Tue Oct 29 06:10:00 UTC 2019
------------------ testing $PTII/ptolemy/domains/de/test/auto/OpenQueuingNetwork.xml
auto.tcl: Setting watchdog for 200 seconds at Tue Oct 29 06:10:00 UTC 2019
264 ms. Memory: 51200K Free: 14986K (29%)
ptolemy.util.test.WatchDog.cancel(): canceling Tue Oct 29 06:10:00 UTC 2019
auto.tcl: Setting watchdog for 200 seconds at Tue Oct 29 06:10:00 UTC 2019
266 ms. Memory: 51200K Free: 18583K (36%)
ptolemy.util.test.WatchDog.cancel(): canceling Tue Oct 29 06:10:01 UTC 2019
------------------ testing $PTII/ptolemy/domains/de/test/auto/PeriodicSampler.xml
auto.tcl: Setting watchdog for 200 seconds at Tue Oct 29 06:10:01 UTC 2019
2 ms. Memory: 48128K Free: 29936K (62%)
ptolemy.util.test.WatchDog.cancel(): canceling Tue Oct 29 06:10:01 UTC 2019
auto.tcl: Setting watchdog for 200 seconds at Tue Oct 29 06:10:01 UTC 2019
2 ms. Memory: 48128K Free: 29448K (61%)
ptolemy.util.test.WatchDog.cancel(): canceling Tue Oct 29 06:10:01 UTC 2019
------------------ testing $PTII/ptolemy/domains/de/test/auto/PersistentIO.xml
auto.tcl: Setting watchdog for 200 seconds at Tue Oct 29 06:10:01 UTC 2019
6 ms. Memory: 48128K Free: 24874K (52%)
ptolemy.util.test.WatchDog.cancel(): canceling Tue Oct 29 06:10:01 UTC 2019
auto.tcl: Setting watchdog for 200 seconds at Tue Oct 29 06:10:01 UTC 2019
4 ms. Memory: 48128K Free: 23420K (49%)
ptolemy.util.test.WatchDog.cancel(): canceling Tue Oct 29 06:10:01 UTC 2019
------------------ testing $PTII/ptolemy/domains/de/test/auto/PortParameterResetOnInitialize.xml
auto.tcl: Setting watchdog for 200 seconds at Tue Oct 29 06:10:01 UTC 2019
2 ms. Memory: 48128K Free: 29858K (62%)
ptolemy.util.test.WatchDog.cancel(): canceling Tue Oct 29 06:10:01 UTC 2019
auto.tcl: Setting watchdog for 200 seconds at Tue Oct 29 06:10:01 UTC 2019
2 ms. Memory: 48128K Free: 29356K (61%)
ptolemy.util.test.WatchDog.cancel(): canceling Tue Oct 29 06:10:01 UTC 2019
------------------ testing $PTII/ptolemy/domains/de/test/auto/PortParameterUpdates.xml
auto.tcl: Setting watchdog for 200 seconds at Tue Oct 29 06:10:01 UTC 2019
6 ms. Memory: 48128K Free: 28188K (59%)
ptolemy.util.test.WatchDog.cancel(): canceling Tue Oct 29 06:10:01 UTC 2019
auto.tcl: Setting watchdog for 200 seconds at Tue Oct 29 06:10:01 UTC 2019
3 ms. Memory: 48128K Free: 26972K (56%)
ptolemy.util.test.WatchDog.cancel(): canceling Tue Oct 29 06:10:01 UTC 2019
------------------ testing $PTII/ptolemy/domains/de/test/auto/QueueAndServer.xml
auto.tcl: Setting watchdog for 200 seconds at Tue Oct 29 06:10:01 UTC 2019
8 ms. Memory: 48128K Free: 27127K (56%)
ptolemy.util.test.WatchDog.cancel(): canceling Tue Oct 29 06:10:01 UTC 2019
auto.tcl: Setting watchdog for 200 seconds at Tue Oct 29 06:10:01 UTC 2019
7 ms. Memory: 48128K Free: 25899K (54%)
ptolemy.util.test.WatchDog.cancel(): canceling Tue Oct 29 06:10:01 UTC 2019
------------------ testing $PTII/ptolemy/domains/de/test/auto/Records.xml
auto.tcl: Setting watchdog for 200 seconds at Tue Oct 29 06:10:01 UTC 2019
4 ms. Memory: 48128K Free: 29392K (61%)
ptolemy.util.test.WatchDog.cancel(): canceling Tue Oct 29 06:10:01 UTC 2019
auto.tcl: Setting watchdog for 200 seconds at Tue Oct 29 06:10:01 UTC 2019
2 ms. Memory: 48128K Free: 28909K (60%)
ptolemy.util.test.WatchDog.cancel(): canceling Tue Oct 29 06:10:01 UTC 2019
------------------ testing $PTII/ptolemy/domains/de/test/auto/ResetTransitionWithStartTime1.xml
auto.tcl: Setting watchdog for 200 seconds at Tue Oct 29 06:10:01 UTC 2019
7 ms. Memory: 48128K Free: 26344K (55%)
ptolemy.util.test.WatchDog.cancel(): canceling Tue Oct 29 06:10:01 UTC 2019
auto.tcl: Setting watchdog for 200 seconds at Tue Oct 29 06:10:01 UTC 2019
8 ms. Memory: 48128K Free: 23824K (50%)
ptolemy.util.test.WatchDog.cancel(): canceling Tue Oct 29 06:10:01 UTC 2019
------------------ testing $PTII/ptolemy/domains/de/test/auto/ResetTransitionWithStartTime2.xml
auto.tcl: Setting watchdog for 200 seconds at Tue Oct 29 06:10:01 UTC 2019
6 ms. Memory: 48128K Free: 26299K (55%)
ptolemy.util.test.WatchDog.cancel(): canceling Tue Oct 29 06:10:01 UTC 2019
auto.tcl: Setting watchdog for 200 seconds at Tue Oct 29 06:10:01 UTC 2019
7 ms. Memory: 48128K Free: 23792K (49%)
ptolemy.util.test.WatchDog.cancel(): canceling Tue Oct 29 06:10:01 UTC 2019
------------------ testing $PTII/ptolemy/domains/de/test/auto/ResetTransitionWithStartTime3.xml
auto.tcl: Setting watchdog for 200 seconds at Tue Oct 29 06:10:01 UTC 2019
10 ms. Memory: 48128K Free: 26297K (55%)
ptolemy.util.test.WatchDog.cancel(): canceling Tue Oct 29 06:10:01 UTC 2019
auto.tcl: Setting watchdog for 200 seconds at Tue Oct 29 06:10:01 UTC 2019
9 ms. Memory: 48128K Free: 23761K (49%)
ptolemy.util.test.WatchDog.cancel(): canceling Tue Oct 29 06:10:01 UTC 2019
------------------ testing $PTII/ptolemy/domains/de/test/auto/ResetTransitionWithStartTime4.xml
auto.tcl: Setting watchdog for 200 seconds at Tue Oct 29 06:10:01 UTC 2019
15 ms. Memory: 48128K Free: 26998K (56%)
ptolemy.util.test.WatchDog.cancel(): canceling Tue Oct 29 06:10:01 UTC 2019
auto.tcl: Setting watchdog for 200 seconds at Tue Oct 29 06:10:01 UTC 2019
5 ms. Memory: 48128K Free: 25336K (53%)
ptolemy.util.test.WatchDog.cancel(): canceling Tue Oct 29 06:10:02 UTC 2019
------------------ testing $PTII/ptolemy/domains/de/test/auto/ResettableTimer1.xml
auto.tcl: Setting watchdog for 200 seconds at Tue Oct 29 06:10:02 UTC 2019
4 ms. Memory: 48128K Free: 30374K (63%)
ptolemy.util.test.WatchDog.cancel(): canceling Tue Oct 29 06:10:02 UTC 2019
auto.tcl: Setting watchdog for 200 seconds at Tue Oct 29 06:10:02 UTC 2019
3 ms. Memory: 48128K Free: 29430K (61%)
ptolemy.util.test.WatchDog.cancel(): canceling Tue Oct 29 06:10:02 UTC 2019
------------------ testing $PTII/ptolemy/domains/de/test/auto/ResettableTimer2.xml
auto.tcl: Setting watchdog for 200 seconds at Tue Oct 29 06:10:02 UTC 2019
3 ms. Memory: 48128K Free: 30431K (63%)
ptolemy.util.test.WatchDog.cancel(): canceling Tue Oct 29 06:10:02 UTC 2019
auto.tcl: Setting watchdog for 200 seconds at Tue Oct 29 06:10:02 UTC 2019
2 ms. Memory: 48128K Free: 29501K (61%)
ptolemy.util.test.WatchDog.cancel(): canceling Tue Oct 29 06:10:02 UTC 2019
------------------ testing $PTII/ptolemy/domains/de/test/auto/ResettableTimer3.xml
auto.tcl: Setting watchdog for 200 seconds at Tue Oct 29 06:10:02 UTC 2019
1 ms. Memory: 48128K Free: 30925K (64%)
ptolemy.util.test.WatchDog.cancel(): canceling Tue Oct 29 06:10:02 UTC 2019
auto.tcl: Setting watchdog for 200 seconds at Tue Oct 29 06:10:02 UTC 2019
1 ms. Memory: 48128K Free: 30468K (63%)
ptolemy.util.test.WatchDog.cancel(): canceling Tue Oct 29 06:10:02 UTC 2019
------------------ testing $PTII/ptolemy/domains/de/test/auto/ResettableTimer4.xml
auto.tcl: Setting watchdog for 200 seconds at Tue Oct 29 06:10:02 UTC 2019
2 ms. Memory: 48128K Free: 30939K (64%)
ptolemy.util.test.WatchDog.cancel(): canceling Tue Oct 29 06:10:02 UTC 2019
auto.tcl: Setting watchdog for 200 seconds at Tue Oct 29 06:10:02 UTC 2019
1 ms. Memory: 48128K Free: 30443K (63%)
ptolemy.util.test.WatchDog.cancel(): canceling Tue Oct 29 06:10:02 UTC 2019
------------------ testing $PTII/ptolemy/domains/de/test/auto/ResettableTimer5.xml
auto.tcl: Setting watchdog for 200 seconds at Tue Oct 29 06:10:02 UTC 2019
2 ms. Memory: 48128K Free: 30463K (63%)
ptolemy.util.test.WatchDog.cancel(): canceling Tue Oct 29 06:10:02 UTC 2019
auto.tcl: Setting watchdog for 200 seconds at Tue Oct 29 06:10:02 UTC 2019
2 ms. Memory: 48128K Free: 29526K (61%)
ptolemy.util.test.WatchDog.cancel(): canceling Tue Oct 29 06:10:02 UTC 2019
------------------ testing $PTII/ptolemy/domains/de/test/auto/ResettableTimer6.xml
auto.tcl: Setting watchdog for 200 seconds at Tue Oct 29 06:10:02 UTC 2019
2 ms. Memory: 48128K Free: 29904K (62%)
ptolemy.util.test.WatchDog.cancel(): canceling Tue Oct 29 06:10:02 UTC 2019
auto.tcl: Setting watchdog for 200 seconds at Tue Oct 29 06:10:02 UTC 2019
2 ms. Memory: 48128K Free: 29432K (61%)
ptolemy.util.test.WatchDog.cancel(): canceling Tue Oct 29 06:10:02 UTC 2019
------------------ testing $PTII/ptolemy/domains/de/test/auto/ServerZeroDelay.xml
auto.tcl: Setting watchdog for 200 seconds at Tue Oct 29 06:10:02 UTC 2019
2 ms. Memory: 48128K Free: 30422K (63%)
ptolemy.util.test.WatchDog.cancel(): canceling Tue Oct 29 06:10:02 UTC 2019
auto.tcl: Setting watchdog for 200 seconds at Tue Oct 29 06:10:02 UTC 2019
4 ms. Memory: 48128K Free: 29508K (61%)
ptolemy.util.test.WatchDog.cancel(): canceling Tue Oct 29 06:10:02 UTC 2019
------------------ testing $PTII/ptolemy/domains/de/test/auto/SmartSender.xml
auto.tcl: Setting watchdog for 200 seconds at Tue Oct 29 06:10:02 UTC 2019
3001 ms. Memory: 48128K Free: 30457K (63%)
ptolemy.util.test.WatchDog.cancel(): canceling Tue Oct 29 06:10:05 UTC 2019
auto.tcl: Setting watchdog for 200 seconds at Tue Oct 29 06:10:05 UTC 2019
3001 ms. Memory: 48128K Free: 29959K (62%)
ptolemy.util.test.WatchDog.cancel(): canceling Tue Oct 29 06:10:08 UTC 2019
------------------ testing $PTII/ptolemy/domains/de/test/auto/ThreadedComposite.xml
auto.tcl: Setting watchdog for 200 seconds at Tue Oct 29 06:10:08 UTC 2019
250 ms. Memory: 48128K Free: 11485K (24%)
ptolemy.util.test.WatchDog.cancel(): canceling Tue Oct 29 06:10:08 UTC 2019
auto.tcl: Setting watchdog for 200 seconds at Tue Oct 29 06:10:08 UTC 2019
152 ms. Memory: 48128K Free: 24642K (51%)
ptolemy.util.test.WatchDog.cancel(): canceling Tue Oct 29 06:10:09 UTC 2019
------------------ testing $PTII/ptolemy/domains/de/test/auto/Time.xml
auto.tcl: Setting watchdog for 200 seconds at Tue Oct 29 06:10:09 UTC 2019
665 ms. Memory: 48128K Free: 25467K (53%)
ptolemy.util.test.WatchDog.cancel(): canceling Tue Oct 29 06:10:09 UTC 2019
auto.tcl: Setting watchdog for 200 seconds at Tue Oct 29 06:10:09 UTC 2019
551 ms. Memory: 48128K Free: 21027K (44%)
ptolemy.util.test.WatchDog.cancel(): canceling Tue Oct 29 06:10:10 UTC 2019
------------------ testing $PTII/ptolemy/domains/de/test/auto/TimeDelayZeroDelay.xml
auto.tcl: Setting watchdog for 200 seconds at Tue Oct 29 06:10:10 UTC 2019
2 ms. Memory: 48128K Free: 30842K (64%)
ptolemy.util.test.WatchDog.cancel(): canceling Tue Oct 29 06:10:10 UTC 2019
auto.tcl: Setting watchdog for 200 seconds at Tue Oct 29 06:10:10 UTC 2019
3 ms. Memory: 48128K Free: 29960K (62%)
ptolemy.util.test.WatchDog.cancel(): canceling Tue Oct 29 06:10:10 UTC 2019
------------------ testing $PTII/ptolemy/domains/de/test/auto/TimerZeroDelay.xml
auto.tcl: Setting watchdog for 200 seconds at Tue Oct 29 06:10:10 UTC 2019
4 ms. Memory: 48128K Free: 30899K (64%)
ptolemy.util.test.WatchDog.cancel(): canceling Tue Oct 29 06:10:10 UTC 2019
auto.tcl: Setting watchdog for 200 seconds at Tue Oct 29 06:10:10 UTC 2019
3 ms. Memory: 48128K Free: 30389K (63%)
ptolemy.util.test.WatchDog.cancel(): canceling Tue Oct 29 06:10:10 UTC 2019
------------------ testing $PTII/ptolemy/domains/de/test/auto/TimingParadox.xml
auto.tcl: Setting watchdog for 200 seconds at Tue Oct 29 06:10:10 UTC 2019
365 ms. Memory: 48128K Free: 10020K (21%)
ptolemy.util.test.WatchDog.cancel(): canceling Tue Oct 29 06:10:11 UTC 2019
auto.tcl: Setting watchdog for 200 seconds at Tue Oct 29 06:10:11 UTC 2019
370 ms. Memory: 48128K Free: 18716K (39%)
ptolemy.util.test.WatchDog.cancel(): canceling Tue Oct 29 06:10:11 UTC 2019
------------------ testing $PTII/ptolemy/domains/de/test/auto/TransferInputs.xml
auto.tcl: Setting watchdog for 200 seconds at Tue Oct 29 06:10:11 UTC 2019
2 ms. Memory: 48128K Free: 28861K (60%)
ptolemy.util.test.WatchDog.cancel(): canceling Tue Oct 29 06:10:11 UTC 2019
auto.tcl: Setting watchdog for 200 seconds at Tue Oct 29 06:10:11 UTC 2019
2 ms. Memory: 48128K Free: 27994K (58%)
ptolemy.util.test.WatchDog.cancel(): canceling Tue Oct 29 06:10:11 UTC 2019
------------------ testing $PTII/ptolemy/domains/de/test/auto/TransferOutputs2.xml
auto.tcl: Setting watchdog for 200 seconds at Tue Oct 29 06:10:11 UTC 2019
3 ms. Memory: 48128K Free: 26299K (55%)
ptolemy.util.test.WatchDog.cancel(): canceling Tue Oct 29 06:10:11 UTC 2019
auto.tcl: Setting watchdog for 200 seconds at Tue Oct 29 06:10:11 UTC 2019
3 ms. Memory: 48128K Free: 24893K (52%)
ptolemy.util.test.WatchDog.cancel(): canceling Tue Oct 29 06:10:11 UTC 2019
------------------ testing $PTII/ptolemy/domains/de/test/auto/Trilateration.xml
auto.tcl: Setting watchdog for 200 seconds at Tue Oct 29 06:10:11 UTC 2019
17384 ms. Memory: 439296K Free: 185968K (42%)
ptolemy.util.test.WatchDog.cancel(): canceling Tue Oct 29 06:10:30 UTC 2019
auto.tcl: Setting watchdog for 200 seconds at Tue Oct 29 06:10:30 UTC 2019
12747 ms. Memory: 439296K Free: 337509K (77%)
ptolemy.util.test.WatchDog.cancel(): canceling Tue Oct 29 06:10:43 UTC 2019
------------------ testing $PTII/ptolemy/domains/de/test/auto/TwoSigmaDelta.xml
auto.tcl: Setting watchdog for 200 seconds at Tue Oct 29 06:10:43 UTC 2019
2916 ms. Memory: 89088K Free: 61825K (69%)
ptolemy.util.test.WatchDog.cancel(): canceling Tue Oct 29 06:10:46 UTC 2019
auto.tcl: Setting watchdog for 200 seconds at Tue Oct 29 06:10:46 UTC 2019
2465 ms. Memory: 89088K Free: 49016K (55%)
ptolemy.util.test.WatchDog.cancel(): canceling Tue Oct 29 06:10:48 UTC 2019
------------------ testing $PTII/ptolemy/domains/de/test/auto/VariableDelay.xml
auto.tcl: Setting watchdog for 200 seconds at Tue Oct 29 06:10:48 UTC 2019
3 ms. Memory: 51200K Free: 32417K (63%)
ptolemy.util.test.WatchDog.cancel(): canceling Tue Oct 29 06:10:48 UTC 2019
auto.tcl: Setting watchdog for 200 seconds at Tue Oct 29 06:10:48 UTC 2019
2 ms. Memory: 51200K Free: 31401K (61%)
ptolemy.util.test.WatchDog.cancel(): canceling Tue Oct 29 06:10:48 UTC 2019
------------------ testing $PTII/ptolemy/domains/de/test/auto/VariableDelay2.xml
auto.tcl: Setting watchdog for 200 seconds at Tue Oct 29 06:10:48 UTC 2019
8 ms. Memory: 51200K Free: 33343K (65%)
ptolemy.util.test.WatchDog.cancel(): canceling Tue Oct 29 06:10:49 UTC 2019
auto.tcl: Setting watchdog for 200 seconds at Tue Oct 29 06:10:49 UTC 2019
3 ms. Memory: 51200K Free: 32319K (63%)
ptolemy.util.test.WatchDog.cancel(): canceling Tue Oct 29 06:10:49 UTC 2019
------------------ testing $PTII/ptolemy/domains/de/test/auto/VariableDelayZeroDelay.xml
auto.tcl: Setting watchdog for 200 seconds at Tue Oct 29 06:10:49 UTC 2019
2 ms. Memory: 48128K Free: 30270K (63%)
ptolemy.util.test.WatchDog.cancel(): canceling Tue Oct 29 06:10:49 UTC 2019
auto.tcl: Setting watchdog for 200 seconds at Tue Oct 29 06:10:49 UTC 2019
3 ms. Memory: 48128K Free: 29756K (62%)
ptolemy.util.test.WatchDog.cancel(): canceling Tue Oct 29 06:10:49 UTC 2019
------------------ testing $PTII/ptolemy/domains/de/test/auto/VariableDelayZeroDelay2.xml
auto.tcl: Setting watchdog for 200 seconds at Tue Oct 29 06:10:49 UTC 2019
5 ms. Memory: 48128K Free: 30389K (63%)
ptolemy.util.test.WatchDog.cancel(): canceling Tue Oct 29 06:10:49 UTC 2019
auto.tcl: Setting watchdog for 200 seconds at Tue Oct 29 06:10:49 UTC 2019
2 ms. Memory: 48128K Free: 29244K (61%)
ptolemy.util.test.WatchDog.cancel(): canceling Tue Oct 29 06:10:49 UTC 2019
------------------ testing $PTII/ptolemy/domains/de/test/auto/deInCt.xml
auto.tcl: Setting watchdog for 200 seconds at Tue Oct 29 06:10:49 UTC 2019
0
1
1
1
0
0
0
0
0
1
1
1
0
0
0
1
1
1
0
0
0
1
1
1
0
0
0
1
1
1
0
0
0
1
1
1
0
0
0
0
0
1
1
1
0
0
0
1
1
1
0
0
0
1
1
1
17 ms. Memory: 48128K Free: 29242K (61%)
ptolemy.util.test.WatchDog.cancel(): canceling Tue Oct 29 06:10:49 UTC 2019
auto.tcl: Setting watchdog for 200 seconds at Tue Oct 29 06:10:49 UTC 2019
0
1
1
1
0
0
0
1
1
1
0
0
0
1
1
1
1
0
0
0
1
1
1
1
1
0
0
0
0
1
1
1
0
0
0
1
1
1
1
11 ms. Memory: 48128K Free: 27704K (58%)
ptolemy.util.test.WatchDog.cancel(): canceling Tue Oct 29 06:10:49 UTC 2019
------------------ testing $PTII/ptolemy/domains/de/test/auto/deInCt2.xml
auto.tcl: Setting watchdog for 200 seconds at Tue Oct 29 06:10:49 UTC 2019
0
1
1
1
0
0
1
1
1
0
0
1
1
1
0
0
1
1
1
0
0
1
1
1
0
0
1
1
1
0
0
1
1
1
0
0
1
1
1
0
0
0
13 ms. Memory: 48128K Free: 29293K (61%)
ptolemy.util.test.WatchDog.cancel(): canceling Tue Oct 29 06:10:49 UTC 2019
auto.tcl: Setting watchdog for 200 seconds at Tue Oct 29 06:10:49 UTC 2019
0
1
1
1
0
0
1
1
1
0
0
1
1
1
0
0
1
1
1
0
0
1
1
1
0
0
1
1
1
0
0
1
1
1
0
0
1
1
1
0
0
0
4 ms. Memory: 48128K Free: 27722K (58%)
ptolemy.util.test.WatchDog.cancel(): canceling Tue Oct 29 06:10:49 UTC 2019
------------------ testing $PTII/ptolemy/domains/de/test/auto/dynamicCausalityInterface1.xml
auto.tcl: Setting watchdog for 200 seconds at Tue Oct 29 06:10:49 UTC 2019
2 ms. Memory: 48128K Free: 25142K (52%)
ptolemy.util.test.WatchDog.cancel(): canceling Tue Oct 29 06:10:49 UTC 2019
auto.tcl: Setting watchdog for 200 seconds at Tue Oct 29 06:10:49 UTC 2019
2 ms. Memory: 48128K Free: 24628K (51%)
ptolemy.util.test.WatchDog.cancel(): canceling Tue Oct 29 06:10:49 UTC 2019
------------------ testing $PTII/ptolemy/domains/de/test/auto/fsm_de_test.xml
auto.tcl: Setting watchdog for 200 seconds at Tue Oct 29 06:10:49 UTC 2019
12 ms. Memory: 48128K Free: 25075K (52%)
ptolemy.util.test.WatchDog.cancel(): canceling Tue Oct 29 06:10:49 UTC 2019
auto.tcl: Setting watchdog for 200 seconds at Tue Oct 29 06:10:49 UTC 2019
19 ms. Memory: 48128K Free: 23027K (48%)
ptolemy.util.test.WatchDog.cancel(): canceling Tue Oct 29 06:10:49 UTC 2019
------------------ testing $PTII/ptolemy/domains/de/test/auto/functionDependencyReconstruction.xml
auto.tcl: Setting watchdog for 200 seconds at Tue Oct 29 06:10:49 UTC 2019
4 ms. Memory: 48128K Free: 19072K (40%)
ptolemy.util.test.WatchDog.cancel(): canceling Tue Oct 29 06:10:49 UTC 2019
auto.tcl: Setting watchdog for 200 seconds at Tue Oct 29 06:10:49 UTC 2019
3 ms. Memory: 48128K Free: 17385K (36%)
ptolemy.util.test.WatchDog.cancel(): canceling Tue Oct 29 06:10:49 UTC 2019
------------------ testing $PTII/ptolemy/domains/de/test/auto/multirate.xml
auto.tcl: Setting watchdog for 200 seconds at Tue Oct 29 06:10:49 UTC 2019
4 ms. Memory: 48128K Free: 27725K (58%)
ptolemy.util.test.WatchDog.cancel(): canceling Tue Oct 29 06:10:49 UTC 2019
auto.tcl: Setting watchdog for 200 seconds at Tue Oct 29 06:10:49 UTC 2019
3 ms. Memory: 48128K Free: 26456K (55%)
ptolemy.util.test.WatchDog.cancel(): canceling Tue Oct 29 06:10:49 UTC 2019
------------------ testing $PTII/ptolemy/domains/de/test/auto/multirate2.xml
auto.tcl: Setting watchdog for 200 seconds at Tue Oct 29 06:10:50 UTC 2019
10 ms. Memory: 48128K Free: 27901K (58%)
ptolemy.util.test.WatchDog.cancel(): canceling Tue Oct 29 06:10:50 UTC 2019
auto.tcl: Setting watchdog for 200 seconds at Tue Oct 29 06:10:50 UTC 2019
5 ms. Memory: 48128K Free: 26656K (55%)
ptolemy.util.test.WatchDog.cancel(): canceling Tue Oct 29 06:10:50 UTC 2019
------------------ testing $PTII/ptolemy/domains/de/test/auto/realtime.xml
auto.tcl: Setting watchdog for 200 seconds at Tue Oct 29 06:10:50 UTC 2019
10003 ms. Memory: 48128K Free: 29978K (62%)
ptolemy.util.test.WatchDog.cancel(): canceling Tue Oct 29 06:11:00 UTC 2019
auto.tcl: Setting watchdog for 200 seconds at Tue Oct 29 06:11:00 UTC 2019
10002 ms. Memory: 48128K Free: 29222K (61%)
ptolemy.util.test.WatchDog.cancel(): canceling Tue Oct 29 06:11:10 UTC 2019
------------------ testing $PTII/ptolemy/domains/de/test/auto/relationGroup.xml
auto.tcl: Setting watchdog for 200 seconds at Tue Oct 29 06:11:10 UTC 2019
2 ms. Memory: 48128K Free: 31027K (64%)
ptolemy.util.test.WatchDog.cancel(): canceling Tue Oct 29 06:11:10 UTC 2019
auto.tcl: Setting watchdog for 200 seconds at Tue Oct 29 06:11:10 UTC 2019
2 ms. Memory: 48128K Free: 30271K (63%)
ptolemy.util.test.WatchDog.cancel(): canceling Tue Oct 29 06:11:10 UTC 2019
------------------ testing $PTII/ptolemy/domains/de/test/auto/relationGroup2.xml
auto.tcl: Setting watchdog for 200 seconds at Tue Oct 29 06:11:10 UTC 2019
1 ms. Memory: 48128K Free: 31053K (65%)
ptolemy.util.test.WatchDog.cancel(): canceling Tue Oct 29 06:11:10 UTC 2019
auto.tcl: Setting watchdog for 200 seconds at Tue Oct 29 06:11:10 UTC 2019
2 ms. Memory: 48128K Free: 30298K (63%)
ptolemy.util.test.WatchDog.cancel(): canceling Tue Oct 29 06:11:10 UTC 2019
------------------ testing $PTII/ptolemy/domains/de/test/auto/sortWithOpaquePorts.xml
auto.tcl: Setting watchdog for 200 seconds at Tue Oct 29 06:11:10 UTC 2019
2 ms. Memory: 48128K Free: 29770K (62%)
ptolemy.util.test.WatchDog.cancel(): canceling Tue Oct 29 06:11:10 UTC 2019
auto.tcl: Setting watchdog for 200 seconds at Tue Oct 29 06:11:10 UTC 2019
3 ms. Memory: 48128K Free: 28760K (60%)
ptolemy.util.test.WatchDog.cancel(): canceling Tue Oct 29 06:11:10 UTC 2019
------------------ testing $PTII/ptolemy/domains/de/test/auto/transferInputsandOutputs.xml
auto.tcl: Setting watchdog for 200 seconds at Tue Oct 29 06:11:10 UTC 2019
7 ms. Memory: 48128K Free: 27214K (57%)
ptolemy.util.test.WatchDog.cancel(): canceling Tue Oct 29 06:11:10 UTC 2019
auto.tcl: Setting watchdog for 200 seconds at Tue Oct 29 06:11:10 UTC 2019
3 ms. Memory: 48128K Free: 26190K (54%)
ptolemy.util.test.WatchDog.cancel(): canceling Tue Oct 29 06:11:10 UTC 2019
------------------ testing $PTII/ptolemy/domains/de/test/auto/triggerType.xml
auto.tcl: Setting watchdog for 200 seconds at Tue Oct 29 06:11:10 UTC 2019
2 ms. Memory: 48128K Free: 30239K (63%)
ptolemy.util.test.WatchDog.cancel(): canceling Tue Oct 29 06:11:10 UTC 2019
auto.tcl: Setting watchdog for 200 seconds at Tue Oct 29 06:11:10 UTC 2019
2 ms. Memory: 48128K Free: 29255K (61%)
ptolemy.util.test.WatchDog.cancel(): canceling Tue Oct 29 06:11:10 UTC 2019
10/29/19 06:11:10
Failed: 0  Total Tests: 192  ((Passed: 187, Newly Passed: 1)  Known Failed: 5) /home/travis/build/icyphy/ptII/ptolemy/domains/de/test
10/29/19 06:11:10
Failed: 0  Total Tests: 192  ((Passed: 187, Newly Passed: 1)  Known Failed: 5) /home/travis/build/icyphy/ptII/ptolemy/domains/de/test
----------------- testing (KnownFailure) /home/travis/build/icyphy/ptII/ptolemy/domains/de/test/auto/knownFailedTests/DESDFClockTest.xml
2013 ms. Memory: 48128K Free: 23124K (48%)
Known Failure: java.lang.reflect.InvocationTargetException
----------------- testing (KnownFailure) /home/travis/build/icyphy/ptII/ptolemy/domains/de/test/auto/knownFailedTests/DirectFeedback.xml
9 ms. Memory: 48128K Free: 19538K (41%)
Known Failure: java.lang.reflect.InvocationTargetException
----------------- testing (KnownFailure) /home/travis/build/icyphy/ptII/ptolemy/domains/de/test/auto/knownFailedTests/FSMSource.xml
22 ms. Memory: 48128K Free: 11860K (25%)
----------------- testing (KnownFailure) /home/travis/build/icyphy/ptII/ptolemy/domains/de/test/auto/knownFailedTests/HierarchicalModel.xml
3 ms. Memory: 48128K Free: 21858K (45%)
Known Failure: java.lang.reflect.InvocationTargetException
----------------- testing (KnownFailure) /home/travis/build/icyphy/ptII/ptolemy/domains/de/test/auto/knownFailedTests/dependencyLoop.xml
8 ms. Memory: 48128K Free: 32503K (68%)
Known Failure: java.lang.reflect.InvocationTargetException
----------------- testing (KnownFailure) /home/travis/build/icyphy/ptII/ptolemy/domains/de/test/auto/knownFailedTests/dependencyLoop2.xml
8 ms. Memory: 48128K Free: 17578K (37%)
Known Failure: java.lang.reflect.InvocationTargetException
No auto/linux-amd64/*.xml tests in /home/travis/build/icyphy/ptII/ptolemy/domains/de/test
AutoTests.java: About to close Vertx.
AutoTests.java: Vertx closed.

===========================================================================================
----------------- testing Tue Oct 29 06:11:12 UTC 2019 /home/travis/build/icyphy/ptII/ptolemy/domains/de/test/auto/ActorDepthCalculation_actorWithoutPorts.xml
----------------- Instantiating /home/travis/build/icyphy/ptII/ptolemy/domains/de/test/auto/ActorDepthCalculation_actorWithoutPorts.xml
2 ms. Memory: 48128K Free: 11588K (24%)
----------------- Invoking toplevel() on ptolemy.moml.MoMLSimpleApplication@4ce6c99e
----------------- Done invoking toplevel() on ptolemy.moml.MoMLSimpleApplication@4ce6c99e
reloadAllAccessors: .ActorDepthCalculation_actorWithoutPorts

===========================================================================================
----------------- testing Tue Oct 29 06:11:12 UTC 2019 /home/travis/build/icyphy/ptII/ptolemy/domains/de/test/auto/AssemblyLine.xml
----------------- Instantiating /home/travis/build/icyphy/ptII/ptolemy/domains/de/test/auto/AssemblyLine.xml
4 ms. Memory: 48128K Free: 30366K (63%)
----------------- Invoking toplevel() on ptolemy.moml.MoMLSimpleApplication@483efcef
----------------- Done invoking toplevel() on ptolemy.moml.MoMLSimpleApplication@483efcef
reloadAllAccessors: .AssemblyLine

===========================================================================================
----------------- testing Tue Oct 29 06:11:12 UTC 2019 /home/travis/build/icyphy/ptII/ptolemy/domains/de/test/auto/CQBug1.xml
----------------- Instantiating /home/travis/build/icyphy/ptII/ptolemy/domains/de/test/auto/CQBug1.xml
3 ms. Memory: 48128K Free: 27489K (57%)
----------------- Invoking toplevel() on ptolemy.moml.MoMLSimpleApplication@235d42f1
----------------- Done invoking toplevel() on ptolemy.moml.MoMLSimpleApplication@235d42f1
reloadAllAccessors: .CQBug1

===========================================================================================
----------------- testing Tue Oct 29 06:11:13 UTC 2019 /home/travis/build/icyphy/ptII/ptolemy/domains/de/test/auto/CancelFireAt.xml
----------------- Instantiating /home/travis/build/icyphy/ptII/ptolemy/domains/de/test/auto/CancelFireAt.xml
1 ms. Memory: 48128K Free: 25099K (52%)
----------------- Invoking toplevel() on ptolemy.moml.MoMLSimpleApplication@47294cbe
----------------- Done invoking toplevel() on ptolemy.moml.MoMLSimpleApplication@47294cbe
reloadAllAccessors: .CancelFireAt

===========================================================================================
----------------- testing Tue Oct 29 06:11:13 UTC 2019 /home/travis/build/icyphy/ptII/ptolemy/domains/de/test/auto/CausalityAndComposabilityAnalysis.xml
----------------- Instantiating /home/travis/build/icyphy/ptII/ptolemy/domains/de/test/auto/CausalityAndComposabilityAnalysis.xml
10 ms. Memory: 48128K Free: 20979K (44%)
----------------- Invoking toplevel() on ptolemy.moml.MoMLSimpleApplication@6ec5b75a
----------------- Done invoking toplevel() on ptolemy.moml.MoMLSimpleApplication@6ec5b75a
reloadAllAccessors: .CausalityAndComposabilityAnalysis

===========================================================================================
----------------- testing Tue Oct 29 06:11:13 UTC 2019 /home/travis/build/icyphy/ptII/ptolemy/domains/de/test/auto/CausalityInterface1.xml
----------------- Instantiating /home/travis/build/icyphy/ptII/ptolemy/domains/de/test/auto/CausalityInterface1.xml
9 ms. Memory: 48128K Free: 16086K (33%)
----------------- Invoking toplevel() on ptolemy.moml.MoMLSimpleApplication@22697339
----------------- Done invoking toplevel() on ptolemy.moml.MoMLSimpleApplication@22697339
reloadAllAccessors: .CausalityInterface1

===========================================================================================
----------------- testing Tue Oct 29 06:11:13 UTC 2019 /home/travis/build/icyphy/ptII/ptolemy/domains/de/test/auto/CausalityInterface15.xml
----------------- Instantiating /home/travis/build/icyphy/ptII/ptolemy/domains/de/test/auto/CausalityInterface15.xml
6 ms. Memory: 48128K Free: 10683K (22%)
----------------- Invoking toplevel() on ptolemy.moml.MoMLSimpleApplication@1b0d432d
----------------- Done invoking toplevel() on ptolemy.moml.MoMLSimpleApplication@1b0d432d
reloadAllAccessors: .CausalityInterface15

===========================================================================================
----------------- testing Tue Oct 29 06:11:13 UTC 2019 /home/travis/build/icyphy/ptII/ptolemy/domains/de/test/auto/CausalityInterface2.xml
----------------- Instantiating /home/travis/build/icyphy/ptII/ptolemy/domains/de/test/auto/CausalityInterface2.xml
[...]
	at ptolemy.actor.Manager.run(Manager.java:1263)
	at ptolemy.actor.Manager$PtolemyRunThread.run(Manager.java:1933)
java.lang.RuntimeException: Execution failed
	at ptolemy.moml.MoMLSimpleApplication$UnloadThread.run(MoMLSimpleApplication.java:402)
Caused by: ptolemy.kernel.util.IllegalActionException: Actor is not ready to fire.  Perhaps UpSample.prefire() returned false? Try debugging the actor by selecting "Listen to Actor".  Also, for SDF check moml for tokenConsumptionRate on input.
  in .DESDFClockTest.Play Bell.Copy1:SDF Director and .DESDFClockTest.Play Bell.UpSample
	at ptolemy.actor.sched.StaticSchedulingDirector.fire(StaticSchedulingDirector.java:227)
	at ptolemy.domains.sdf.kernel.SDFDirector.fire(SDFDirector.java:500)
	at ptolemy.actor.CompositeActor.fire(CompositeActor.java:455)
	at ptolemy.domains.de.kernel.DEDirector._fire(DEDirector.java:1949)
	at ptolemy.domains.de.kernel.DEDirector.fire(DEDirector.java:502)
	at ptolemy.actor.CompositeActor.fire(CompositeActor.java:455)
	at ptolemy.actor.Manager.iterate(Manager.java:851)
	at ptolemy.actor.Manager.execute(Manager.java:369)
	at ptolemy.actor.Manager.run(Manager.java:1263)
	at ptolemy.actor.Manager$PtolemyRunThread.run(Manager.java:1933)
java.lang.reflect.InvocationTargetException
	at java.base/jdk.internal.reflect.NativeConstructorAccessorImpl.newInstance0(Native Method)
	at java.base/jdk.internal.reflect.NativeConstructorAccessorImpl.newInstance(NativeConstructorAccessorImpl.java:62)
	at java.base/jdk.internal.reflect.DelegatingConstructorAccessorImpl.newInstance(DelegatingConstructorAccessorImpl.java:45)
	at java.base/java.lang.reflect.Constructor.newInstance(Constructor.java:490)
	at ptolemy.util.test.junit.AutoKnownFailedTests.RunModel(AutoKnownFailedTests.java:105)
	at java.base/jdk.internal.reflect.NativeMethodAccessorImpl.invoke0(Native Method)
	at java.base/jdk.internal.reflect.NativeMethodAccessorImpl.invoke(NativeMethodAccessorImpl.java:62)
	at java.base/jdk.internal.reflect.DelegatingMethodAccessorImpl.invoke(DelegatingMethodAccessorImpl.java:43)
	at java.base/java.lang.reflect.Method.invoke(Method.java:566)
	at org.junit.runners.model.FrameworkMethod$1.runReflectiveCall(FrameworkMethod.java:44)
	at org.junit.internal.runners.model.ReflectiveCallable.run(ReflectiveCallable.java:15)
	at org.junit.runners.model.FrameworkMethod.invokeExplosively(FrameworkMethod.java:41)
	at junitparams.internal.InvokeParameterisedMethod.evaluate(InvokeParameterisedMethod.java:102)
	at org.junit.internal.runners.statements.FailOnTimeout$1.run(FailOnTimeout.java:28)
Caused by: ptolemy.kernel.util.IllegalActionException: Actor is not ready to fire.  Perhaps UpSample.prefire() returned false? Try debugging the actor by selecting "Listen to Actor".  Also, for SDF check moml for tokenConsumptionRate on input.
  in .DESDFClockTest.Play Bell.Copy1:SDF Director and .DESDFClockTest.Play Bell.UpSample
	at ptolemy.actor.sched.StaticSchedulingDirector.fire(StaticSchedulingDirector.java:227)
	at ptolemy.domains.sdf.kernel.SDFDirector.fire(SDFDirector.java:500)
	at ptolemy.actor.CompositeActor.fire(CompositeActor.java:455)
	at ptolemy.domains.de.kernel.DEDirector._fire(DEDirector.java:1949)
	at ptolemy.domains.de.kernel.DEDirector.fire(DEDirector.java:502)
	at ptolemy.actor.CompositeActor.fire(CompositeActor.java:455)
	at ptolemy.actor.Manager.iterate(Manager.java:851)
	at ptolemy.actor.Manager.execute(Manager.java:369)
	at ptolemy.actor.Manager.run(Manager.java:1263)
	at ptolemy.actor.Manager$PtolemyRunThread.run(Manager.java:1933)
java.lang.RuntimeException: Execution failed
	at ptolemy.moml.MoMLSimpleApplication$UnloadThread.run(MoMLSimpleApplication.java:402)
Caused by: ptolemy.kernel.util.IllegalActionException: Test fails in iteration 1.
Value was: 1.0. Should have been: 2.0
  in .DirectFeedback.Test
	at ptolemy.actor.lib.Test.fire(Test.java:268)
	at ptolemy.domains.de.kernel.DEDirector._fire(DEDirector.java:1949)
	at ptolemy.domains.de.kernel.DEDirector.fire(DEDirector.java:502)
	at ptolemy.actor.CompositeActor.fire(CompositeActor.java:455)
	at ptolemy.actor.Manager.iterate(Manager.java:851)
	at ptolemy.actor.Manager.execute(Manager.java:369)
	at ptolemy.actor.Manager.run(Manager.java:1263)
	at ptolemy.actor.Manager$PtolemyRunThread.run(Manager.java:1933)
java.lang.reflect.InvocationTargetException
	at java.base/jdk.internal.reflect.NativeConstructorAccessorImpl.newInstance0(Native Method)
	at java.base/jdk.internal.reflect.NativeConstructorAccessorImpl.newInstance(NativeConstructorAccessorImpl.java:62)
	at java.base/jdk.internal.reflect.DelegatingConstructorAccessorImpl.newInstance(DelegatingConstructorAccessorImpl.java:45)
	at java.base/java.lang.reflect.Constructor.newInstance(Constructor.java:490)
	at ptolemy.util.test.junit.AutoKnownFailedTests.RunModel(AutoKnownFailedTests.java:105)
	at java.base/jdk.internal.reflect.NativeMethodAccessorImpl.invoke0(Native Method)
	at java.base/jdk.internal.reflect.NativeMethodAccessorImpl.invoke(NativeMethodAccessorImpl.java:62)
	at java.base/jdk.internal.reflect.DelegatingMethodAccessorImpl.invoke(DelegatingMethodAccessorImpl.java:43)
	at java.base/java.lang.reflect.Method.invoke(Method.java:566)
	at org.junit.runners.model.FrameworkMethod$1.runReflectiveCall(FrameworkMethod.java:44)
	at org.junit.internal.runners.model.ReflectiveCallable.run(ReflectiveCallable.java:15)
	at org.junit.runners.model.FrameworkMethod.invokeExplosively(FrameworkMethod.java:41)
	at junitparams.internal.InvokeParameterisedMethod.evaluate(InvokeParameterisedMethod.java:102)
	at org.junit.internal.runners.statements.FailOnTimeout$1.run(FailOnTimeout.java:28)
Caused by: ptolemy.kernel.util.IllegalActionException: Test fails in iteration 1.
Value was: 1.0. Should have been: 2.0
  in .DirectFeedback.Test
	at ptolemy.actor.lib.Test.fire(Test.java:268)
	at ptolemy.domains.de.kernel.DEDirector._fire(DEDirector.java:1949)
	at ptolemy.domains.de.kernel.DEDirector.fire(DEDirector.java:502)
	at ptolemy.actor.CompositeActor.fire(CompositeActor.java:455)
	at ptolemy.actor.Manager.iterate(Manager.java:851)
	at ptolemy.actor.Manager.execute(Manager.java:369)
	at ptolemy.actor.Manager.run(Manager.java:1263)
	at ptolemy.actor.Manager$PtolemyRunThread.run(Manager.java:1933)
java.lang.RuntimeException: Execution failed
	at ptolemy.moml.MoMLSimpleApplication$UnloadThread.run(MoMLSimpleApplication.java:402)
Caused by: ptolemy.kernel.util.IllegalActionException: Found a zero delay loop containing .HierarchicalModel.A
  in .HierarchicalModel and .HierarchicalModel.A
	at ptolemy.actor.util.CausalityInterfaceForComposites._computeOutputPortDepth(CausalityInterfaceForComposites.java:759)
	at ptolemy.actor.util.CausalityInterfaceForComposites._computeInputDepth(CausalityInterfaceForComposites.java:696)
	at ptolemy.actor.util.CausalityInterfaceForComposites._computeOutputPortDepth(CausalityInterfaceForComposites.java:765)
	at ptolemy.actor.util.CausalityInterfaceForComposites._computeInputDepth(CausalityInterfaceForComposites.java:696)
	at ptolemy.actor.util.CausalityInterfaceForComposites._computeOutputPortDepth(CausalityInterfaceForComposites.java:765)
	at ptolemy.actor.util.CausalityInterfaceForComposites._computeInputDepth(CausalityInterfaceForComposites.java:696)
	at ptolemy.actor.util.CausalityInterfaceForComposites._computeActorDepth(CausalityInterfaceForComposites.java:532)
	at ptolemy.actor.util.CausalityInterfaceForComposites.checkForCycles(CausalityInterfaceForComposites.java:96)
	at ptolemy.domains.de.kernel.DEDirector.preinitialize(DEDirector.java:1338)
	at ptolemy.actor.CompositeActor.preinitialize(CompositeActor.java:1828)
	at ptolemy.actor.Manager.preinitializeAndResolveTypes(Manager.java:1040)
	at ptolemy.actor.Manager.initialize(Manager.java:710)
	at ptolemy.actor.Manager.execute(Manager.java:356)
	at ptolemy.actor.Manager.run(Manager.java:1263)
	at ptolemy.actor.Manager$PtolemyRunThread.run(Manager.java:1933)
java.lang.reflect.InvocationTargetException
	at java.base/jdk.internal.reflect.NativeConstructorAccessorImpl.newInstance0(Native Method)
	at java.base/jdk.internal.reflect.NativeConstructorAccessorImpl.newInstance(NativeConstructorAccessorImpl.java:62)
	at java.base/jdk.internal.reflect.DelegatingConstructorAccessorImpl.newInstance(DelegatingConstructorAccessorImpl.java:45)
	at java.base/java.lang.reflect.Constructor.newInstance(Constructor.java:490)
	at ptolemy.util.test.junit.AutoKnownFailedTests.RunModel(AutoKnownFailedTests.java:105)
	at java.base/jdk.internal.reflect.NativeMethodAccessorImpl.invoke0(Native Method)
	at java.base/jdk.internal.reflect.NativeMethodAccessorImpl.invoke(NativeMethodAccessorImpl.java:62)
	at java.base/jdk.internal.reflect.DelegatingMethodAccessorImpl.invoke(DelegatingMethodAccessorImpl.java:43)
	at java.base/java.lang.reflect.Method.invoke(Method.java:566)
	at org.junit.runners.model.FrameworkMethod$1.runReflectiveCall(FrameworkMethod.java:44)
	at org.junit.internal.runners.model.ReflectiveCallable.run(ReflectiveCallable.java:15)
	at org.junit.runners.model.FrameworkMethod.invokeExplosively(FrameworkMethod.java:41)
	at junitparams.internal.InvokeParameterisedMethod.evaluate(InvokeParameterisedMethod.java:102)
	at org.junit.internal.runners.statements.FailOnTimeout$1.run(FailOnTimeout.java:28)
Caused by: ptolemy.kernel.util.IllegalActionException: Found a zero delay loop containing .HierarchicalModel.A
  in .HierarchicalModel and .HierarchicalModel.A
	at ptolemy.actor.util.CausalityInterfaceForComposites._computeOutputPortDepth(CausalityInterfaceForComposites.java:759)
	at ptolemy.actor.util.CausalityInterfaceForComposites._computeInputDepth(CausalityInterfaceForComposites.java:696)
	at ptolemy.actor.util.CausalityInterfaceForComposites._computeOutputPortDepth(CausalityInterfaceForComposites.java:765)
	at ptolemy.actor.util.CausalityInterfaceForComposites._computeInputDepth(CausalityInterfaceForComposites.java:696)
	at ptolemy.actor.util.CausalityInterfaceForComposites._computeOutputPortDepth(CausalityInterfaceForComposites.java:765)
	at ptolemy.actor.util.CausalityInterfaceForComposites._computeInputDepth(CausalityInterfaceForComposites.java:696)
	at ptolemy.actor.util.CausalityInterfaceForComposites._computeActorDepth(CausalityInterfaceForComposites.java:532)
	at ptolemy.actor.util.CausalityInterfaceForComposites.checkForCycles(CausalityInterfaceForComposites.java:96)
	at ptolemy.domains.de.kernel.DEDirector.preinitialize(DEDirector.java:1338)
	at ptolemy.actor.CompositeActor.preinitialize(CompositeActor.java:1828)
	at ptolemy.actor.Manager.preinitializeAndResolveTypes(Manager.java:1040)
	at ptolemy.actor.Manager.initialize(Manager.java:710)
	at ptolemy.actor.Manager.execute(Manager.java:356)
	at ptolemy.actor.Manager.run(Manager.java:1263)
	at ptolemy.actor.Manager$PtolemyRunThread.run(Manager.java:1933)
java.lang.RuntimeException: Execution failed
	at ptolemy.moml.MoMLSimpleApplication$UnloadThread.run(MoMLSimpleApplication.java:402)
Caused by: ptolemy.kernel.util.IllegalActionException: Found a zero delay loop containing .dependencyLoop.original
  in .dependencyLoop and .dependencyLoop.original
	at ptolemy.actor.util.CausalityInterfaceForComposites._computeOutputPortDepth(CausalityInterfaceForComposites.java:759)
	at ptolemy.actor.util.CausalityInterfaceForComposites._computeInputDepth(CausalityInterfaceForComposites.java:696)
	at ptolemy.actor.util.CausalityInterfaceForComposites._computeOutputPortDepth(CausalityInterfaceForComposites.java:765)
	at ptolemy.actor.util.CausalityInterfaceForComposites._computeInputDepth(CausalityInterfaceForComposites.java:696)
	at ptolemy.actor.util.CausalityInterfaceForComposites._computeOutputPortDepth(CausalityInterfaceForComposites.java:765)
	at ptolemy.actor.util.CausalityInterfaceForComposites._computeInputDepth(CausalityInterfaceForComposites.java:696)
	at ptolemy.actor.util.CausalityInterfaceForComposites._computeActorDepth(CausalityInterfaceForComposites.java:532)
	at ptolemy.actor.util.CausalityInterfaceForComposites.checkForCycles(CausalityInterfaceForComposites.java:96)
	at ptolemy.domains.de.kernel.DEDirector.preinitialize(DEDirector.java:1338)
	at ptolemy.actor.CompositeActor.preinitialize(CompositeActor.java:1828)
	at ptolemy.actor.Manager.preinitializeAndResolveTypes(Manager.java:1040)
	at ptolemy.actor.Manager.initialize(Manager.java:710)
	at ptolemy.actor.Manager.execute(Manager.java:356)
	at ptolemy.actor.Manager.run(Manager.java:1263)
	at ptolemy.actor.Manager$PtolemyRunThread.run(Manager.java:1933)
java.lang.reflect.InvocationTargetException
	at java.base/jdk.internal.reflect.NativeConstructorAccessorImpl.newInstance0(Native Method)
	at java.base/jdk.internal.reflect.NativeConstructorAccessorImpl.newInstance(NativeConstructorAccessorImpl.java:62)
	at java.base/jdk.internal.reflect.DelegatingConstructorAccessorImpl.newInstance(DelegatingConstructorAccessorImpl.java:45)
	at java.base/java.lang.reflect.Constructor.newInstance(Constructor.java:490)
	at ptolemy.util.test.junit.AutoKnownFailedTests.RunModel(AutoKnownFailedTests.java:105)
	at java.base/jdk.internal.reflect.NativeMethodAccessorImpl.invoke0(Native Method)
	at java.base/jdk.internal.reflect.NativeMethodAccessorImpl.invoke(NativeMethodAccessorImpl.java:62)
	at java.base/jdk.internal.reflect.DelegatingMethodAccessorImpl.invoke(DelegatingMethodAccessorImpl.java:43)
	at java.base/java.lang.reflect.Method.invoke(Method.java:566)
	at org.junit.runners.model.FrameworkMethod$1.runReflectiveCall(FrameworkMethod.java:44)
	at org.junit.internal.runners.model.ReflectiveCallable.run(ReflectiveCallable.java:15)
	at org.junit.runners.model.FrameworkMethod.invokeExplosively(FrameworkMethod.java:41)
	at junitparams.internal.InvokeParameterisedMethod.evaluate(InvokeParameterisedMethod.java:102)
	at org.junit.internal.runners.statements.FailOnTimeout$1.run(FailOnTimeout.java:28)
Caused by: ptolemy.kernel.util.IllegalActionException: Found a zero delay loop containing .dependencyLoop.original
  in .dependencyLoop and .dependencyLoop.original
	at ptolemy.actor.util.CausalityInterfaceForComposites._computeOutputPortDepth(CausalityInterfaceForComposites.java:759)
	at ptolemy.actor.util.CausalityInterfaceForComposites._computeInputDepth(CausalityInterfaceForComposites.java:696)
	at ptolemy.actor.util.CausalityInterfaceForComposites._computeOutputPortDepth(CausalityInterfaceForComposites.java:765)
	at ptolemy.actor.util.CausalityInterfaceForComposites._computeInputDepth(CausalityInterfaceForComposites.java:696)
	at ptolemy.actor.util.CausalityInterfaceForComposites._computeOutputPortDepth(CausalityInterfaceForComposites.java:765)
	at ptolemy.actor.util.CausalityInterfaceForComposites._computeInputDepth(CausalityInterfaceForComposites.java:696)
	at ptolemy.actor.util.CausalityInterfaceForComposites._computeActorDepth(CausalityInterfaceForComposites.java:532)
	at ptolemy.actor.util.CausalityInterfaceForComposites.checkForCycles(CausalityInterfaceForComposites.java:96)
	at ptolemy.domains.de.kernel.DEDirector.preinitialize(DEDirector.java:1338)
	at ptolemy.actor.CompositeActor.preinitialize(CompositeActor.java:1828)
	at ptolemy.actor.Manager.preinitializeAndResolveTypes(Manager.java:1040)
	at ptolemy.actor.Manager.initialize(Manager.java:710)
	at ptolemy.actor.Manager.execute(Manager.java:356)
	at ptolemy.actor.Manager.run(Manager.java:1263)
	at ptolemy.actor.Manager$PtolemyRunThread.run(Manager.java:1933)
java.lang.RuntimeException: Execution failed
	at ptolemy.moml.MoMLSimpleApplication$UnloadThread.run(MoMLSimpleApplication.java:402)
Caused by: ptolemy.kernel.util.IllegalActionException: Found a zero delay loop containing .dependencyLoop2.original
  in .dependencyLoop2 and .dependencyLoop2.original
	at ptolemy.actor.util.CausalityInterfaceForComposites._computeOutputPortDepth(CausalityInterfaceForComposites.java:759)
	at ptolemy.actor.util.CausalityInterfaceForComposites._computeInputDepth(CausalityInterfaceForComposites.java:696)
	at ptolemy.actor.util.CausalityInterfaceForComposites._computeOutputPortDepth(CausalityInterfaceForComposites.java:765)
	at ptolemy.actor.util.CausalityInterfaceForComposites._computeInputDepth(CausalityInterfaceForComposites.java:696)
	at ptolemy.actor.util.CausalityInterfaceForComposites._computeOutputPortDepth(CausalityInterfaceForComposites.java:765)
	at ptolemy.actor.util.CausalityInterfaceForComposites._computeInputDepth(CausalityInterfaceForComposites.java:696)
	at ptolemy.actor.util.CausalityInterfaceForComposites._computeActorDepth(CausalityInterfaceForComposites.java:532)
	at ptolemy.actor.util.CausalityInterfaceForComposites.checkForCycles(CausalityInterfaceForComposites.java:96)
	at ptolemy.domains.de.kernel.DEDirector.preinitialize(DEDirector.java:1338)
	at ptolemy.actor.CompositeActor.preinitialize(CompositeActor.java:1828)
	at ptolemy.actor.Manager.preinitializeAndResolveTypes(Manager.java:1040)
	at ptolemy.actor.Manager.initialize(Manager.java:710)
	at ptolemy.actor.Manager.execute(Manager.java:356)
	at ptolemy.actor.Manager.run(Manager.java:1263)
	at ptolemy.actor.Manager$PtolemyRunThread.run(Manager.java:1933)
java.lang.reflect.InvocationTargetException
	at java.base/jdk.internal.reflect.NativeConstructorAccessorImpl.newInstance0(Native Method)
	at java.base/jdk.internal.reflect.NativeConstructorAccessorImpl.newInstance(NativeConstructorAccessorImpl.java:62)
	at java.base/jdk.internal.reflect.DelegatingConstructorAccessorImpl.newInstance(DelegatingConstructorAccessorImpl.java:45)
	at java.base/java.lang.reflect.Constructor.newInstance(Constructor.java:490)
	at ptolemy.util.test.junit.AutoKnownFailedTests.RunModel(AutoKnownFailedTests.java:105)
	at java.base/jdk.internal.reflect.NativeMethodAccessorImpl.invoke0(Native Method)
	at java.base/jdk.internal.reflect.NativeMethodAccessorImpl.invoke(NativeMethodAccessorImpl.java:62)
	at java.base/jdk.internal.reflect.DelegatingMethodAccessorImpl.invoke(DelegatingMethodAccessorImpl.java:43)
	at java.base/java.lang.reflect.Method.invoke(Method.java:566)
	at org.junit.runners.model.FrameworkMethod$1.runReflectiveCall(FrameworkMethod.java:44)
	at org.junit.internal.runners.model.ReflectiveCallable.run(ReflectiveCallable.java:15)
	at org.junit.runners.model.FrameworkMethod.invokeExplosively(FrameworkMethod.java:41)
	at junitparams.internal.InvokeParameterisedMethod.evaluate(InvokeParameterisedMethod.java:102)
	at org.junit.internal.runners.statements.FailOnTimeout$1.run(FailOnTimeout.java:28)
Caused by: ptolemy.kernel.util.IllegalActionException: Found a zero delay loop containing .dependencyLoop2.original
  in .dependencyLoop2 and .dependencyLoop2.original
	at ptolemy.actor.util.CausalityInterfaceForComposites._computeOutputPortDepth(CausalityInterfaceForComposites.java:759)
	at ptolemy.actor.util.CausalityInterfaceForComposites._computeInputDepth(CausalityInterfaceForComposites.java:696)
	at ptolemy.actor.util.CausalityInterfaceForComposites._computeOutputPortDepth(CausalityInterfaceForComposites.java:765)
	at ptolemy.actor.util.CausalityInterfaceForComposites._computeInputDepth(CausalityInterfaceForComposites.java:696)
	at ptolemy.actor.util.CausalityInterfaceForComposites._computeOutputPortDepth(CausalityInterfaceForComposites.java:765)
	at ptolemy.actor.util.CausalityInterfaceForComposites._computeInputDepth(CausalityInterfaceForComposites.java:696)
	at ptolemy.actor.util.CausalityInterfaceForComposites._computeActorDepth(CausalityInterfaceForComposites.java:532)
	at ptolemy.actor.util.CausalityInterfaceForComposites.checkForCycles(CausalityInterfaceForComposites.java:96)
	at ptolemy.domains.de.kernel.DEDirector.preinitialize(DEDirector.java:1338)
	at ptolemy.actor.CompositeActor.preinitialize(CompositeActor.java:1828)
	at ptolemy.actor.Manager.preinitializeAndResolveTypes(Manager.java:1040)
	at ptolemy.actor.Manager.initialize(Manager.java:710)
	at ptolemy.actor.Manager.execute(Manager.java:356)
	at ptolemy.actor.Manager.run(Manager.java:1263)
	at ptolemy.actor.Manager$PtolemyRunThread.run(Manager.java:1933)
]]></system-err>
</testsuite>
