<?xml version="1.0" encoding="UTF-8" ?>
<testsuite errors="0" failures="0" hostname="travis-job-d071886e-f76e-40da-9df3-4f76f544d960" name="ptolemy.demo.test.junit.JUnitTclTest" skipped="0" tests="23" time="53.239" timestamp="2019-12-24T06:41:56">
  <properties>
[...]
</properties>
  <testcase classname="ptolemy.util.test.junit.TclTests" name="[0] ThereAreNoTclTests (RunTclFile)" time="0.014" />
  <testcase classname="ptolemy.util.test.junit.AutoKnownFailedTests" name="[0] ThereAreNoKnowFailedTests (RunModel)" time="0.002" />
  <testcase classname="ptolemy.util.test.junit.AutoNameArchTests" name="[0] ThereAreNoAutoArchTests (RunModel)" time="0.019" />
  <testcase classname="ptolemy.util.test.junit.AutoTests" name="[0] /home/travis/build/icyphy/ptII/ptolemy/demo/test/auto/ChannelFaultModel.xml (RunModel)" time="1.013" />
  <testcase classname="ptolemy.util.test.junit.AutoTests" name="[1] /home/travis/build/icyphy/ptII/ptolemy/demo/test/auto/ContactorTester.xml (RunModel)" time="0.82" />
  <testcase classname="ptolemy.util.test.junit.AutoTests" name="[2] /home/travis/build/icyphy/ptII/ptolemy/demo/test/auto/FuelSystem.xml (RunModel)" time="7.104" />
  <testcase classname="ptolemy.util.test.junit.AutoTests" name="[3] /home/travis/build/icyphy/ptII/ptolemy/demo/test/auto/FuelSystem2Tanks.xml (RunModel)" time="0.761" />
  <testcase classname="ptolemy.util.test.junit.AutoTests" name="[4] /home/travis/build/icyphy/ptII/ptolemy/demo/test/auto/FuelSystemErrorHandling.xml (RunModel)" time="6.504" />
  <testcase classname="ptolemy.util.test.junit.AutoTests" name="[5] /home/travis/build/icyphy/ptII/ptolemy/demo/test/auto/FuelSystemOntology.xml (RunModel)" time="10.268" />
  <testcase classname="ptolemy.util.test.junit.AutoTests" name="[6] /home/travis/build/icyphy/ptII/ptolemy/demo/test/auto/FuelSystemQuantityManager.xml (RunModel)" time="0.786" />
  <testcase classname="ptolemy.util.test.junit.AutoTests" name="[7] /home/travis/build/icyphy/ptII/ptolemy/demo/test/auto/FuelSystemSingleTankImproved.xml (RunModel)" time="0.219" />
  <testcase classname="ptolemy.util.test.junit.AutoTests" name="[8] /home/travis/build/icyphy/ptII/ptolemy/demo/test/auto/GMMConvergenceAnalysis.xml (RunModel)" time="20.754" />
  <testcase classname="ptolemy.util.test.junit.AutoTests" name="[9] /home/travis/build/icyphy/ptII/ptolemy/demo/test/auto/GaussianMixtureModel.xml (RunModel)" time="0.084" />
  <testcase classname="ptolemy.util.test.junit.AutoTests" name="[10] /home/travis/build/icyphy/ptII/ptolemy/demo/test/auto/GeneratorRegulator.xml (RunModel)" time="0.356" />
  <testcase classname="ptolemy.util.test.junit.AutoTests" name="[11] /home/travis/build/icyphy/ptII/ptolemy/demo/test/auto/GeneratorRegulatorFMUProtector.xml (RunModel)" time="0.542" />
  <testcase classname="ptolemy.util.test.junit.AutoTests" name="[12] /home/travis/build/icyphy/ptII/ptolemy/demo/test/auto/GeneratorRegulatorProtector.xml (RunModel)" time="0.326" />
  <testcase classname="ptolemy.util.test.junit.AutoTests" name="[13] /home/travis/build/icyphy/ptII/ptolemy/demo/test/auto/GeneratorRegulatorProtectorTuLiP.xml (RunModel)" time="0.348" />
  <testcase classname="ptolemy.util.test.junit.AutoTests" name="[14] /home/travis/build/icyphy/ptII/ptolemy/demo/test/auto/GeneratorRegulatorProtectorWithBus.xml (RunModel)" time="0.328" />
  <testcase classname="ptolemy.util.test.junit.AutoTests" name="[15] /home/travis/build/icyphy/ptII/ptolemy/demo/test/auto/GeneratorRegulatorProtectorWithConstraintMonitor.xml (RunModel)" time="0.66" />
  <testcase classname="ptolemy.util.test.junit.AutoTests" name="[16] /home/travis/build/icyphy/ptII/ptolemy/demo/test/auto/GeneratorRegulatorProtectorWithProcessor.xml (RunModel)" time="0.481" />
  <testcase classname="ptolemy.util.test.junit.AutoTests" name="[17] /home/travis/build/icyphy/ptII/ptolemy/demo/test/auto/GeneratorRegulatorProtectorWithSpecification.xml (RunModel)" time="0.389" />
  <testcase classname="ptolemy.util.test.junit.AutoTests" name="[18] /home/travis/build/icyphy/ptII/ptolemy/demo/test/auto/GeneratorTester.xml (RunModel)" time="0.271" />
  <testcase classname="ptolemy.util.test.junit.AutoTests" name="[19] /home/travis/build/icyphy/ptII/ptolemy/demo/test/auto/HiddenMarkovModelAnalysis.xml (RunModel)" time="0.609" />
  <system-out><![CDATA[No tcl tests in /home/travis/build/icyphy/ptII/ptolemy/demo/test
No auto/knownFailedTests/*.xml tests in /home/travis/build/icyphy/ptII/ptolemy/demo/test
No auto/linux-amd64/*.xml tests in /home/travis/build/icyphy/ptII/ptolemy/demo/test
AutoTests.java: About to close Vertx.
AutoTests.java: Vertx closed.

===========================================================================================
----------------- testing Tue Dec 24 06:41:56 UTC 2019 /home/travis/build/icyphy/ptII/ptolemy/demo/test/auto/ChannelFaultModel.xml
----------------- Instantiating /home/travis/build/icyphy/ptII/ptolemy/demo/test/auto/ChannelFaultModel.xml
409 ms. Memory: 129024K Free: 87188K (68%)
----------------- Invoking toplevel() on ptolemy.moml.MoMLSimpleApplication@7b16971a
----------------- Done invoking toplevel() on ptolemy.moml.MoMLSimpleApplication@7b16971a
reloadAllAccessors: .ChannelFaultModel

===========================================================================================
----------------- testing Tue Dec 24 06:41:57 UTC 2019 /home/travis/build/icyphy/ptII/ptolemy/demo/test/auto/ContactorTester.xml
----------------- Instantiating /home/travis/build/icyphy/ptII/ptolemy/demo/test/auto/ContactorTester.xml
507 ms. Memory: 129024K Free: 108635K (84%)
----------------- Invoking toplevel() on ptolemy.moml.MoMLSimpleApplication@69319dbd
----------------- Done invoking toplevel() on ptolemy.moml.MoMLSimpleApplication@69319dbd
reloadAllAccessors: .ContactorTester

===========================================================================================
----------------- testing Tue Dec 24 06:41:58 UTC 2019 /home/travis/build/icyphy/ptII/ptolemy/demo/test/auto/FuelSystem.xml
----------------- Instantiating /home/travis/build/icyphy/ptII/ptolemy/demo/test/auto/FuelSystem.xml
7004 ms. Memory: 129024K Free: 85301K (66%)
----------------- Invoking toplevel() on ptolemy.moml.MoMLSimpleApplication@7c816d77
----------------- Done invoking toplevel() on ptolemy.moml.MoMLSimpleApplication@7c816d77
reloadAllAccessors: .FuelSystem

===========================================================================================
----------------- testing Tue Dec 24 06:42:05 UTC 2019 /home/travis/build/icyphy/ptII/ptolemy/demo/test/auto/FuelSystem2Tanks.xml
----------------- Instantiating /home/travis/build/icyphy/ptII/ptolemy/demo/test/auto/FuelSystem2Tanks.xml
477 ms. Memory: 158720K Free: 133842K (84%)
----------------- Invoking toplevel() on ptolemy.moml.MoMLSimpleApplication@2d1c95b5
----------------- Done invoking toplevel() on ptolemy.moml.MoMLSimpleApplication@2d1c95b5
reloadAllAccessors: .FuelSystem2Tanks

===========================================================================================
----------------- testing Tue Dec 24 06:42:06 UTC 2019 /home/travis/build/icyphy/ptII/ptolemy/demo/test/auto/FuelSystemErrorHandling.xml
----------------- Instantiating /home/travis/build/icyphy/ptII/ptolemy/demo/test/auto/FuelSystemErrorHandling.xml
6012 ms. Memory: 292864K Free: 140628K (48%)
----------------- Invoking toplevel() on ptolemy.moml.MoMLSimpleApplication@152ec372
----------------- Done invoking toplevel() on ptolemy.moml.MoMLSimpleApplication@152ec372
reloadAllAccessors: .FuelSystemErrorHandling

===========================================================================================
----------------- testing Tue Dec 24 06:42:12 UTC 2019 /home/travis/build/icyphy/ptII/ptolemy/demo/test/auto/FuelSystemOntology.xml
----------------- Instantiating /home/travis/build/icyphy/ptII/ptolemy/demo/test/auto/FuelSystemOntology.xml
10019 ms. Memory: 352256K Free: 184636K (52%)
----------------- Invoking toplevel() on ptolemy.moml.MoMLSimpleApplication@68c4e633
----------------- Done invoking toplevel() on ptolemy.moml.MoMLSimpleApplication@68c4e633
reloadAllAccessors: .FuelSystemOntology

===========================================================================================
----------------- testing Tue Dec 24 06:42:23 UTC 2019 /home/travis/build/icyphy/ptII/ptolemy/demo/test/auto/FuelSystemQuantityManager.xml
----------------- Instantiating /home/travis/build/icyphy/ptII/ptolemy/demo/test/auto/FuelSystemQuantityManager.xml
679 ms. Memory: 352256K Free: 279664K (79%)
----------------- Invoking toplevel() on ptolemy.moml.MoMLSimpleApplication@24a8e49b
----------------- Done invoking toplevel() on ptolemy.moml.MoMLSimpleApplication@24a8e49b
reloadAllAccessors: .FuelSystemQuantityManager

===========================================================================================
----------------- testing Tue Dec 24 06:42:24 UTC 2019 /home/travis/build/icyphy/ptII/ptolemy/demo/test/auto/FuelSystemSingleTankImproved.xml
----------------- Instantiating /home/travis/build/icyphy/ptII/ptolemy/demo/test/auto/FuelSystemSingleTankImproved.xml
174 ms. Memory: 352256K Free: 174192K (49%)
----------------- Invoking toplevel() on ptolemy.moml.MoMLSimpleApplication@415096e7
----------------- Done invoking toplevel() on ptolemy.moml.MoMLSimpleApplication@415096e7
reloadAllAccessors: .FuelSystemSingleTankImproved

===========================================================================================
----------------- testing Tue Dec 24 06:42:24 UTC 2019 /home/travis/build/icyphy/ptII/ptolemy/demo/test/auto/GMMConvergenceAnalysis.xml
----------------- Instantiating /home/travis/build/icyphy/ptII/ptolemy/demo/test/auto/GMMConvergenceAnalysis.xml
TableauFrame._addMenus: configuration == null?
TableauFrame._addMenus: configuration == null?
20541 ms. Memory: 538624K Free: 495962K (92%)
----------------- Invoking toplevel() on ptolemy.moml.MoMLSimpleApplication@2a19c7b1
----------------- Done invoking toplevel() on ptolemy.moml.MoMLSimpleApplication@2a19c7b1
reloadAllAccessors: .GMMConvergenceAnalysis

===========================================================================================
----------------- testing Tue Dec 24 06:42:45 UTC 2019 /home/travis/build/icyphy/ptII/ptolemy/demo/test/auto/GaussianMixtureModel.xml
----------------- Instantiating /home/travis/build/icyphy/ptII/ptolemy/demo/test/auto/GaussianMixtureModel.xml
24 ms. Memory: 538624K Free: 483130K (90%)
----------------- Invoking toplevel() on ptolemy.moml.MoMLSimpleApplication@6e84cbed
----------------- Done invoking toplevel() on ptolemy.moml.MoMLSimpleApplication@6e84cbed
reloadAllAccessors: .GaussianMixtureModel

===========================================================================================
----------------- testing Tue Dec 24 06:42:45 UTC 2019 /home/travis/build/icyphy/ptII/ptolemy/demo/test/auto/GeneratorRegulator.xml
----------------- Instantiating /home/travis/build/icyphy/ptII/ptolemy/demo/test/auto/GeneratorRegulator.xml
291 ms. Memory: 538624K Free: 438618K (81%)
----------------- Invoking toplevel() on ptolemy.moml.MoMLSimpleApplication@37c5b26d
----------------- Done invoking toplevel() on ptolemy.moml.MoMLSimpleApplication@37c5b26d
reloadAllAccessors: .GeneratorRegulator

===========================================================================================
----------------- testing Tue Dec 24 06:42:45 UTC 2019 /home/travis/build/icyphy/ptII/ptolemy/demo/test/auto/GeneratorRegulatorFMUProtector.xml
----------------- Instantiating /home/travis/build/icyphy/ptII/ptolemy/demo/test/auto/GeneratorRegulatorFMUProtector.xml
414 ms. Memory: 538624K Free: 391514K (73%)
----------------- Invoking toplevel() on ptolemy.moml.MoMLSimpleApplication@1d1a776c
----------------- Done invoking toplevel() on ptolemy.moml.MoMLSimpleApplication@1d1a776c
reloadAllAccessors: .GeneratorRegulatorFMUProtector

===========================================================================================
----------------- testing Tue Dec 24 06:42:45 UTC 2019 /home/travis/build/icyphy/ptII/ptolemy/demo/test/auto/GeneratorRegulatorProtector.xml
----------------- Instantiating /home/travis/build/icyphy/ptII/ptolemy/demo/test/auto/GeneratorRegulatorProtector.xml
275 ms. Memory: 538624K Free: 345434K (64%)
----------------- Invoking toplevel() on ptolemy.moml.MoMLSimpleApplication@30c18a0f
----------------- Done invoking toplevel() on ptolemy.moml.MoMLSimpleApplication@30c18a0f
reloadAllAccessors: .GeneratorRegulatorProtector

===========================================================================================
----------------- testing Tue Dec 24 06:42:46 UTC 2019 /home/travis/build/icyphy/ptII/ptolemy/demo/test/auto/GeneratorRegulatorProtectorTuLiP.xml
----------------- Instantiating /home/travis/build/icyphy/ptII/ptolemy/demo/test/auto/GeneratorRegulatorProtectorTuLiP.xml
292 ms. Memory: 538624K Free: 292696K (54%)
----------------- Invoking toplevel() on ptolemy.moml.MoMLSimpleApplication@64387d0a
----------------- Done invoking toplevel() on ptolemy.moml.MoMLSimpleApplication@64387d0a
reloadAllAccessors: .GeneratorRegulatorProtectorTuLiP

===========================================================================================
----------------- testing Tue Dec 24 06:42:46 UTC 2019 /home/travis/build/icyphy/ptII/ptolemy/demo/test/auto/GeneratorRegulatorProtectorWithBus.xml
----------------- Instantiating /home/travis/build/icyphy/ptII/ptolemy/demo/test/auto/GeneratorRegulatorProtectorWithBus.xml
259 ms. Memory: 538624K Free: 242010K (45%)
----------------- Invoking toplevel() on ptolemy.moml.MoMLSimpleApplication@7a9d10f2
----------------- Done invoking toplevel() on ptolemy.moml.MoMLSimpleApplication@7a9d10f2
reloadAllAccessors: .GeneratorRegulatorProtectorWithBus

===========================================================================================
----------------- testing Tue Dec 24 06:42:47 UTC 2019 /home/travis/build/icyphy/ptII/ptolemy/demo/test/auto/GeneratorRegulatorProtectorWithConstraintMonitor.xml
----------------- Instantiating /home/travis/build/icyphy/ptII/ptolemy/demo/test/auto/GeneratorRegulatorProtectorWithConstraintMonitor.xml
WARNING: The execution aspects in this model can influence the timing of actors by delaying the 
execution, potentially changing the behavior. There is no guarantee that actors fire at the 
time they request to be fired. 
Use Ptides for deterministic DE behavior that is not influenced by execution aspects. 

539 ms. Memory: 538624K Free: 467220K (87%)
----------------- Invoking toplevel() on ptolemy.moml.MoMLSimpleApplication@5d24781f
----------------- Done invoking toplevel() on ptolemy.moml.MoMLSimpleApplication@5d24781f
reloadAllAccessors: .GeneratorRegulatorProtectorWithConstraintMonitor

===========================================================================================
----------------- testing Tue Dec 24 06:42:47 UTC 2019 /home/travis/build/icyphy/ptII/ptolemy/demo/test/auto/GeneratorRegulatorProtectorWithProcessor.xml
----------------- Instantiating /home/travis/build/icyphy/ptII/ptolemy/demo/test/auto/GeneratorRegulatorProtectorWithProcessor.xml
WARNING: The execution aspects in this model can influence the timing of actors by delaying the 
execution, potentially changing the behavior. There is no guarantee that actors fire at the 
time they request to be fired. 
Use Ptides for deterministic DE behavior that is not influenced by execution aspects. 

361 ms. Memory: 538624K Free: 383068K (71%)
----------------- Invoking toplevel() on ptolemy.moml.MoMLSimpleApplication@50c3a6e8
----------------- Done invoking toplevel() on ptolemy.moml.MoMLSimpleApplication@50c3a6e8
reloadAllAccessors: .GeneratorRegulatorProtectorWithProcessor

===========================================================================================
----------------- testing Tue Dec 24 06:42:48 UTC 2019 /home/travis/build/icyphy/ptII/ptolemy/demo/test/auto/GeneratorRegulatorProtectorWithSpecification.xml
----------------- Instantiating /home/travis/build/icyphy/ptII/ptolemy/demo/test/auto/GeneratorRegulatorProtectorWithSpecification.xml
295 ms. Memory: 538624K Free: 304220K (56%)
----------------- Invoking toplevel() on ptolemy.moml.MoMLSimpleApplication@24a26098
----------------- Done invoking toplevel() on ptolemy.moml.MoMLSimpleApplication@24a26098
reloadAllAccessors: .GeneratorRegulatorProtectorWithSpecification

===========================================================================================
----------------- testing Tue Dec 24 06:42:48 UTC 2019 /home/travis/build/icyphy/ptII/ptolemy/demo/test/auto/GeneratorTester.xml
----------------- Instantiating /home/travis/build/icyphy/ptII/ptolemy/demo/test/auto/GeneratorTester.xml
223 ms. Memory: 538624K Free: 267356K (50%)
----------------- Invoking toplevel() on ptolemy.moml.MoMLSimpleApplication@157860d0
----------------- Done invoking toplevel() on ptolemy.moml.MoMLSimpleApplication@157860d0
reloadAllAccessors: .GeneratorTester

===========================================================================================
----------------- testing Tue Dec 24 06:42:48 UTC 2019 /home/travis/build/icyphy/ptII/ptolemy/demo/test/auto/HiddenMarkovModelAnalysis.xml
----------------- Instantiating /home/travis/build/icyphy/ptII/ptolemy/demo/test/auto/HiddenMarkovModelAnalysis.xml
522 ms. Memory: 538624K Free: 292142K (54%)
----------------- Invoking toplevel() on ptolemy.moml.MoMLSimpleApplication@77508e70
----------------- Done invoking toplevel() on ptolemy.moml.MoMLSimpleApplication@77508e70
reloadAllAccessors: .HiddenMarkovModelAnalysis
AutoTests.java: About to close Vertx.
AutoTests.java: Vertx closed.
]]></system-out>
  <system-err><![CDATA[Warning: Tried to create Export PDF menu item, but failed: java.lang.IndexOutOfBoundsException: Index: 0, Size: 0
Warning: Tried to create Export PDF menu item, but failed: java.lang.IndexOutOfBoundsException: Index: 0, Size: 0
Warning: '.HiddenMarkovModelAnalysis.NonStrictTest2' The test produced only 411 tokens, yet the correctValues parameter was expecting 418 tokens.
Warning: '.HiddenMarkovModelAnalysis.NonStrictTest3' The test produced only 821 tokens, yet the correctValues parameter was expecting 827 tokens.
]]></system-err>
</testsuite>
