<?xml version="1.0" encoding="UTF-8" ?>
<testsuite errors="0" failures="0" hostname="travis-job-9e730cf3-104e-4b45-8744-f6437cf1ca9f" name="ptolemy.domains.de.test.junit.JUnitTclTest" skipped="0" tests="101" time="123.793" timestamp="2020-02-09T06:55:27">
  <properties>
[...]
</properties>
  <testcase classname="ptolemy.util.test.junit.TclTests" name="[0] /home/travis/build/icyphy/ptII/ptolemy/domains/de/test/DependencyLoop.tcl (RunTclFile)" time="0.923" />
  <testcase classname="ptolemy.util.test.junit.TclTests" name="[1] /home/travis/build/icyphy/ptII/ptolemy/domains/de/test/RunDETestsAsQSS.tcl (RunTclFile)" time="83.443" />
  <testcase classname="ptolemy.util.test.junit.AutoKnownFailedTests" name="[0] /home/travis/build/icyphy/ptII/ptolemy/domains/de/test/auto/knownFailedTests/DESDFClockTest.xml (RunModel)" time="2.036" />
  <testcase classname="ptolemy.util.test.junit.AutoKnownFailedTests" name="[1] /home/travis/build/icyphy/ptII/ptolemy/domains/de/test/auto/knownFailedTests/DirectFeedback.xml (RunModel)" time="0.019" />
  <testcase classname="ptolemy.util.test.junit.AutoKnownFailedTests" name="[2] /home/travis/build/icyphy/ptII/ptolemy/domains/de/test/auto/knownFailedTests/FSMSource.xml (RunModel)" time="0.041" />
  <testcase classname="ptolemy.util.test.junit.AutoKnownFailedTests" name="[3] /home/travis/build/icyphy/ptII/ptolemy/domains/de/test/auto/knownFailedTests/HierarchicalModel.xml (RunModel)" time="0.071" />
  <testcase classname="ptolemy.util.test.junit.AutoKnownFailedTests" name="[4] /home/travis/build/icyphy/ptII/ptolemy/domains/de/test/auto/knownFailedTests/dependencyLoop.xml (RunModel)" time="0.046" />
  <testcase classname="ptolemy.util.test.junit.AutoKnownFailedTests" name="[5] /home/travis/build/icyphy/ptII/ptolemy/domains/de/test/auto/knownFailedTests/dependencyLoop2.xml (RunModel)" time="0.048" />
  <testcase classname="ptolemy.util.test.junit.AutoNameArchTests" name="[0] ThereAreNoAutoArchTests (RunModel)" time="0.002" />
  <testcase classname="ptolemy.util.test.junit.AutoTests" name="[0] /home/travis/build/icyphy/ptII/ptolemy/domains/de/test/auto/ActorDepthCalculation_actorWithoutPorts.xml (RunModel)" time="0.025" />
  <testcase classname="ptolemy.util.test.junit.AutoTests" name="[1] /home/travis/build/icyphy/ptII/ptolemy/domains/de/test/auto/AssemblyLine.xml (RunModel)" time="0.027" />
  <testcase classname="ptolemy.util.test.junit.AutoTests" name="[2] /home/travis/build/icyphy/ptII/ptolemy/domains/de/test/auto/CQBug1.xml (RunModel)" time="0.016" />
  <testcase classname="ptolemy.util.test.junit.AutoTests" name="[3] /home/travis/build/icyphy/ptII/ptolemy/domains/de/test/auto/CancelFireAt.xml (RunModel)" time="0.022" />
  <testcase classname="ptolemy.util.test.junit.AutoTests" name="[4] /home/travis/build/icyphy/ptII/ptolemy/domains/de/test/auto/CausalityAndComposabilityAnalysis.xml (RunModel)" time="0.014" />
  <testcase classname="ptolemy.util.test.junit.AutoTests" name="[5] /home/travis/build/icyphy/ptII/ptolemy/domains/de/test/auto/CausalityInterface1.xml (RunModel)" time="0.015" />
  <testcase classname="ptolemy.util.test.junit.AutoTests" name="[6] /home/travis/build/icyphy/ptII/ptolemy/domains/de/test/auto/CausalityInterface15.xml (RunModel)" time="0.019" />
  <testcase classname="ptolemy.util.test.junit.AutoTests" name="[7] /home/travis/build/icyphy/ptII/ptolemy/domains/de/test/auto/CausalityInterface2.xml (RunModel)" time="0.01" />
  <testcase classname="ptolemy.util.test.junit.AutoTests" name="[8] /home/travis/build/icyphy/ptII/ptolemy/domains/de/test/auto/CausalityInterface3.xml (RunModel)" time="0.015" />
  <testcase classname="ptolemy.util.test.junit.AutoTests" name="[9] /home/travis/build/icyphy/ptII/ptolemy/domains/de/test/auto/ClockDrift.xml (RunModel)" time="0.034" />
  <testcase classname="ptolemy.util.test.junit.AutoTests" name="[10] /home/travis/build/icyphy/ptII/ptolemy/domains/de/test/auto/ClockDriftAndValueChange.xml (RunModel)" time="0.029" />
  <testcase classname="ptolemy.util.test.junit.AutoTests" name="[11] /home/travis/build/icyphy/ptII/ptolemy/domains/de/test/auto/ClockDriftChange.xml (RunModel)" time="0.037" />
  <testcase classname="ptolemy.util.test.junit.AutoTests" name="[12] /home/travis/build/icyphy/ptII/ptolemy/domains/de/test/auto/ComposableCausalityAnalysis.xml (RunModel)" time="0.012" />
  <testcase classname="ptolemy.util.test.junit.AutoTests" name="[13] /home/travis/build/icyphy/ptII/ptolemy/domains/de/test/auto/DEFixedPointLimitation.xml (RunModel)" time="0.009" />
  <testcase classname="ptolemy.util.test.junit.AutoTests" name="[14] /home/travis/build/icyphy/ptII/ptolemy/domains/de/test/auto/DEScheduleTest.xml (RunModel)" time="0.018" />
  <testcase classname="ptolemy.util.test.junit.AutoTests" name="[15] /home/travis/build/icyphy/ptII/ptolemy/domains/de/test/auto/DEinDEwithStartTimes.xml (RunModel)" time="0.021" />
  <testcase classname="ptolemy.util.test.junit.AutoTests" name="[16] /home/travis/build/icyphy/ptII/ptolemy/domains/de/test/auto/DEinDEwithStartTimes2.xml (RunModel)" time="0.019" />
  <testcase classname="ptolemy.util.test.junit.AutoTests" name="[17] /home/travis/build/icyphy/ptII/ptolemy/domains/de/test/auto/DateDemo.xml (RunModel)" time="0.037" />
  <testcase classname="ptolemy.util.test.junit.AutoTests" name="[18] /home/travis/build/icyphy/ptII/ptolemy/domains/de/test/auto/DateToEvent.xml (RunModel)" time="2.041" />
  <testcase classname="ptolemy.util.test.junit.AutoTests" name="[19] /home/travis/build/icyphy/ptII/ptolemy/domains/de/test/auto/DepthTest1.xml (RunModel)" time="0.007" />
  <testcase classname="ptolemy.util.test.junit.AutoTests" name="[20] /home/travis/build/icyphy/ptII/ptolemy/domains/de/test/auto/DepthTest2.xml (RunModel)" time="0.021" />
  <testcase classname="ptolemy.util.test.junit.AutoTests" name="[21] /home/travis/build/icyphy/ptII/ptolemy/domains/de/test/auto/DepthTest3.xml (RunModel)" time="0.011" />
  <testcase classname="ptolemy.util.test.junit.AutoTests" name="[22] /home/travis/build/icyphy/ptII/ptolemy/domains/de/test/auto/DepthTest4.xml (RunModel)" time="0.02" />
  <testcase classname="ptolemy.util.test.junit.AutoTests" name="[23] /home/travis/build/icyphy/ptII/ptolemy/domains/de/test/auto/DepthTest5.xml (RunModel)" time="0.016" />
  <testcase classname="ptolemy.util.test.junit.AutoTests" name="[24] /home/travis/build/icyphy/ptII/ptolemy/domains/de/test/auto/DepthTest6.xml (RunModel)" time="0.013" />
  <testcase classname="ptolemy.util.test.junit.AutoTests" name="[25] /home/travis/build/icyphy/ptII/ptolemy/domains/de/test/auto/DepthTest7.xml (RunModel)" time="0.011" />
  <testcase classname="ptolemy.util.test.junit.AutoTests" name="[26] /home/travis/build/icyphy/ptII/ptolemy/domains/de/test/auto/EventToDate.xml (RunModel)" time="3.045" />
  <testcase classname="ptolemy.util.test.junit.AutoTests" name="[27] /home/travis/build/icyphy/ptII/ptolemy/domains/de/test/auto/FSM1.xml (RunModel)" time="0.039" />
  <testcase classname="ptolemy.util.test.junit.AutoTests" name="[28] /home/travis/build/icyphy/ptII/ptolemy/domains/de/test/auto/FSM7.xml (RunModel)" time="0.034" />
  <testcase classname="ptolemy.util.test.junit.AutoTests" name="[29] /home/travis/build/icyphy/ptII/ptolemy/domains/de/test/auto/Inspection.xml (RunModel)" time="0.046" />
  <testcase classname="ptolemy.util.test.junit.AutoTests" name="[30] /home/travis/build/icyphy/ptII/ptolemy/domains/de/test/auto/Iteration.xml (RunModel)" time="0.027" />
  <testcase classname="ptolemy.util.test.junit.AutoTests" name="[31] /home/travis/build/icyphy/ptII/ptolemy/domains/de/test/auto/LineFault.xml (RunModel)" time="0.59" />
  <testcase classname="ptolemy.util.test.junit.AutoTests" name="[32] /home/travis/build/icyphy/ptII/ptolemy/domains/de/test/auto/MergeModel1Add.xml (RunModel)" time="0.049" />
  <testcase classname="ptolemy.util.test.junit.AutoTests" name="[33] /home/travis/build/icyphy/ptII/ptolemy/domains/de/test/auto/MergeModel2Add.xml (RunModel)" time="0.038" />
  <testcase classname="ptolemy.util.test.junit.AutoTests" name="[34] /home/travis/build/icyphy/ptII/ptolemy/domains/de/test/auto/MergeModel3Add.xml (RunModel)" time="0.051" />
  <testcase classname="ptolemy.util.test.junit.AutoTests" name="[35] /home/travis/build/icyphy/ptII/ptolemy/domains/de/test/auto/MergeWithoutDiscard.xml (RunModel)" time="0.01" />
  <testcase classname="ptolemy.util.test.junit.AutoTests" name="[36] /home/travis/build/icyphy/ptII/ptolemy/domains/de/test/auto/Modal1.xml (RunModel)" time="0.026" />
  <testcase classname="ptolemy.util.test.junit.AutoTests" name="[37] /home/travis/build/icyphy/ptII/ptolemy/domains/de/test/auto/Modal2.xml (RunModel)" time="0.03" />
  <testcase classname="ptolemy.util.test.junit.AutoTests" name="[38] /home/travis/build/icyphy/ptII/ptolemy/domains/de/test/auto/Modal3.xml (RunModel)" time="0.03" />
  <testcase classname="ptolemy.util.test.junit.AutoTests" name="[39] /home/travis/build/icyphy/ptII/ptolemy/domains/de/test/auto/Modal4.xml (RunModel)" time="0.036" />
  <testcase classname="ptolemy.util.test.junit.AutoTests" name="[40] /home/travis/build/icyphy/ptII/ptolemy/domains/de/test/auto/Modal5.xml (RunModel)" time="0.036" />
  <testcase classname="ptolemy.util.test.junit.AutoTests" name="[41] /home/travis/build/icyphy/ptII/ptolemy/domains/de/test/auto/Modal6.xml (RunModel)" time="0.031" />
  <testcase classname="ptolemy.util.test.junit.AutoTests" name="[42] /home/travis/build/icyphy/ptII/ptolemy/domains/de/test/auto/Modal7.xml (RunModel)" time="0.032" />
  <testcase classname="ptolemy.util.test.junit.AutoTests" name="[43] /home/travis/build/icyphy/ptII/ptolemy/domains/de/test/auto/ModalModel.xml (RunModel)" time="0.18" />
  <testcase classname="ptolemy.util.test.junit.AutoTests" name="[44] /home/travis/build/icyphy/ptII/ptolemy/domains/de/test/auto/ModalSource.xml (RunModel)" time="0.026" />
  <testcase classname="ptolemy.util.test.junit.AutoTests" name="[45] /home/travis/build/icyphy/ptII/ptolemy/domains/de/test/auto/NonInterruptibleTimerZeroDelay.xml (RunModel)" time="0.012" />
  <testcase classname="ptolemy.util.test.junit.AutoTests" name="[46] /home/travis/build/icyphy/ptII/ptolemy/domains/de/test/auto/OpenQueueingNetwork.xml (RunModel)" time="2.416" />
  <testcase classname="ptolemy.util.test.junit.AutoTests" name="[47] /home/travis/build/icyphy/ptII/ptolemy/domains/de/test/auto/OpenQueuingNetwork.xml (RunModel)" time="0.295" />
  <testcase classname="ptolemy.util.test.junit.AutoTests" name="[48] /home/travis/build/icyphy/ptII/ptolemy/domains/de/test/auto/PeriodicSampler.xml (RunModel)" time="0.014" />
  <testcase classname="ptolemy.util.test.junit.AutoTests" name="[49] /home/travis/build/icyphy/ptII/ptolemy/domains/de/test/auto/PersistentIO.xml (RunModel)" time="0.035" />
  <testcase classname="ptolemy.util.test.junit.AutoTests" name="[50] /home/travis/build/icyphy/ptII/ptolemy/domains/de/test/auto/PortParameterResetOnInitialize.xml (RunModel)" time="0.011" />
  <testcase classname="ptolemy.util.test.junit.AutoTests" name="[51] /home/travis/build/icyphy/ptII/ptolemy/domains/de/test/auto/PortParameterUpdates.xml (RunModel)" time="0.014" />
  <testcase classname="ptolemy.util.test.junit.AutoTests" name="[52] /home/travis/build/icyphy/ptII/ptolemy/domains/de/test/auto/QueueAndServer.xml (RunModel)" time="0.018" />
  <testcase classname="ptolemy.util.test.junit.AutoTests" name="[53] /home/travis/build/icyphy/ptII/ptolemy/domains/de/test/auto/Records.xml (RunModel)" time="0.014" />
  <testcase classname="ptolemy.util.test.junit.AutoTests" name="[54] /home/travis/build/icyphy/ptII/ptolemy/domains/de/test/auto/ResetTransitionWithStartTime1.xml (RunModel)" time="0.017" />
  <testcase classname="ptolemy.util.test.junit.AutoTests" name="[55] /home/travis/build/icyphy/ptII/ptolemy/domains/de/test/auto/ResetTransitionWithStartTime2.xml (RunModel)" time="0.018" />
  <testcase classname="ptolemy.util.test.junit.AutoTests" name="[56] /home/travis/build/icyphy/ptII/ptolemy/domains/de/test/auto/ResetTransitionWithStartTime3.xml (RunModel)" time="0.017" />
  <testcase classname="ptolemy.util.test.junit.AutoTests" name="[57] /home/travis/build/icyphy/ptII/ptolemy/domains/de/test/auto/ResetTransitionWithStartTime4.xml (RunModel)" time="0.017" />
  <testcase classname="ptolemy.util.test.junit.AutoTests" name="[58] /home/travis/build/icyphy/ptII/ptolemy/domains/de/test/auto/ResettableTimer1.xml (RunModel)" time="0.011" />
  <testcase classname="ptolemy.util.test.junit.AutoTests" name="[59] /home/travis/build/icyphy/ptII/ptolemy/domains/de/test/auto/ResettableTimer2.xml (RunModel)" time="0.016" />
  <testcase classname="ptolemy.util.test.junit.AutoTests" name="[60] /home/travis/build/icyphy/ptII/ptolemy/domains/de/test/auto/ResettableTimer3.xml (RunModel)" time="0.009" />
  <testcase classname="ptolemy.util.test.junit.AutoTests" name="[61] /home/travis/build/icyphy/ptII/ptolemy/domains/de/test/auto/ResettableTimer4.xml (RunModel)" time="0.01" />
  <testcase classname="ptolemy.util.test.junit.AutoTests" name="[62] /home/travis/build/icyphy/ptII/ptolemy/domains/de/test/auto/ResettableTimer5.xml (RunModel)" time="0.01" />
  <testcase classname="ptolemy.util.test.junit.AutoTests" name="[63] /home/travis/build/icyphy/ptII/ptolemy/domains/de/test/auto/ResettableTimer6.xml (RunModel)" time="0.016" />
  <testcase classname="ptolemy.util.test.junit.AutoTests" name="[64] /home/travis/build/icyphy/ptII/ptolemy/domains/de/test/auto/ServerZeroDelay.xml (RunModel)" time="0.009" />
  <testcase classname="ptolemy.util.test.junit.AutoTests" name="[65] /home/travis/build/icyphy/ptII/ptolemy/domains/de/test/auto/SmartSender.xml (RunModel)" time="3.007" />
  <testcase classname="ptolemy.util.test.junit.AutoTests" name="[66] /home/travis/build/icyphy/ptII/ptolemy/domains/de/test/auto/ThreadedComposite.xml (RunModel)" time="0.278" />
  <testcase classname="ptolemy.util.test.junit.AutoTests" name="[67] /home/travis/build/icyphy/ptII/ptolemy/domains/de/test/auto/Time.xml (RunModel)" time="0.398" />
  <testcase classname="ptolemy.util.test.junit.AutoTests" name="[68] /home/travis/build/icyphy/ptII/ptolemy/domains/de/test/auto/TimeDelayZeroDelay.xml (RunModel)" time="0.015" />
  <testcase classname="ptolemy.util.test.junit.AutoTests" name="[69] /home/travis/build/icyphy/ptII/ptolemy/domains/de/test/auto/TimerZeroDelay.xml (RunModel)" time="0.01" />
  <testcase classname="ptolemy.util.test.junit.AutoTests" name="[70] /home/travis/build/icyphy/ptII/ptolemy/domains/de/test/auto/TimingParadox.xml (RunModel)" time="0.353" />
  <testcase classname="ptolemy.util.test.junit.AutoTests" name="[71] /home/travis/build/icyphy/ptII/ptolemy/domains/de/test/auto/TransferInputs.xml (RunModel)" time="0.016" />
  <testcase classname="ptolemy.util.test.junit.AutoTests" name="[72] /home/travis/build/icyphy/ptII/ptolemy/domains/de/test/auto/TransferOutputs2.xml (RunModel)" time="0.016" />
  <testcase classname="ptolemy.util.test.junit.AutoTests" name="[73] /home/travis/build/icyphy/ptII/ptolemy/domains/de/test/auto/Trilateration.xml (RunModel)" time="10.697" />
  <testcase classname="ptolemy.util.test.junit.AutoTests" name="[74] /home/travis/build/icyphy/ptII/ptolemy/domains/de/test/auto/TwoSigmaDelta.xml (RunModel)" time="1.881" />
  <testcase classname="ptolemy.util.test.junit.AutoTests" name="[75] /home/travis/build/icyphy/ptII/ptolemy/domains/de/test/auto/VariableDelay.xml (RunModel)" time="0.015" />
  <testcase classname="ptolemy.util.test.junit.AutoTests" name="[76] /home/travis/build/icyphy/ptII/ptolemy/domains/de/test/auto/VariableDelay2.xml (RunModel)" time="0.009" />
  <testcase classname="ptolemy.util.test.junit.AutoTests" name="[77] /home/travis/build/icyphy/ptII/ptolemy/domains/de/test/auto/VariableDelayZeroDelay.xml (RunModel)" time="0.013" />
  <testcase classname="ptolemy.util.test.junit.AutoTests" name="[78] /home/travis/build/icyphy/ptII/ptolemy/domains/de/test/auto/VariableDelayZeroDelay2.xml (RunModel)" time="0.01" />
  <testcase classname="ptolemy.util.test.junit.AutoTests" name="[79] /home/travis/build/icyphy/ptII/ptolemy/domains/de/test/auto/deInCt.xml (RunModel)" time="0.017" />
  <testcase classname="ptolemy.util.test.junit.AutoTests" name="[80] /home/travis/build/icyphy/ptII/ptolemy/domains/de/test/auto/deInCt2.xml (RunModel)" time="0.021" />
  <testcase classname="ptolemy.util.test.junit.AutoTests" name="[81] /home/travis/build/icyphy/ptII/ptolemy/domains/de/test/auto/dynamicCausalityInterface1.xml (RunModel)" time="0.023" />
  <testcase classname="ptolemy.util.test.junit.AutoTests" name="[82] /home/travis/build/icyphy/ptII/ptolemy/domains/de/test/auto/fsm_de_test.xml (RunModel)" time="0.031" />
  <testcase classname="ptolemy.util.test.junit.AutoTests" name="[83] /home/travis/build/icyphy/ptII/ptolemy/domains/de/test/auto/functionDependencyReconstruction.xml (RunModel)" time="0.03" />
  <testcase classname="ptolemy.util.test.junit.AutoTests" name="[84] /home/travis/build/icyphy/ptII/ptolemy/domains/de/test/auto/multirate.xml (RunModel)" time="0.016" />
  <testcase classname="ptolemy.util.test.junit.AutoTests" name="[85] /home/travis/build/icyphy/ptII/ptolemy/domains/de/test/auto/multirate2.xml (RunModel)" time="0.036" />
  <testcase classname="ptolemy.util.test.junit.AutoTests" name="[86] /home/travis/build/icyphy/ptII/ptolemy/domains/de/test/auto/realtime.xml (RunModel)" time="10.015" />
  <testcase classname="ptolemy.util.test.junit.AutoTests" name="[87] /home/travis/build/icyphy/ptII/ptolemy/domains/de/test/auto/relationGroup.xml (RunModel)" time="0.01" />
  <testcase classname="ptolemy.util.test.junit.AutoTests" name="[88] /home/travis/build/icyphy/ptII/ptolemy/domains/de/test/auto/relationGroup2.xml (RunModel)" time="0.008" />
  <testcase classname="ptolemy.util.test.junit.AutoTests" name="[89] /home/travis/build/icyphy/ptII/ptolemy/domains/de/test/auto/sortWithOpaquePorts.xml (RunModel)" time="0.019" />
  <testcase classname="ptolemy.util.test.junit.AutoTests" name="[90] /home/travis/build/icyphy/ptII/ptolemy/domains/de/test/auto/transferInputsandOutputs.xml (RunModel)" time="0.015" />
  <testcase classname="ptolemy.util.test.junit.AutoTests" name="[91] /home/travis/build/icyphy/ptII/ptolemy/domains/de/test/auto/triggerType.xml (RunModel)" time="0.006" />
  <system-out><![CDATA[/home/travis/build/icyphy/ptII/ptolemy/domains/de/test/DependencyLoop.tcl
testDefs.tcl: setting time out to 9000 seconds at Sun Feb 09 06:55:27 UTC 2020
77 ms. Memory: 129024K Free: 78792K (61%)
28 ms. Memory: 129024K Free: 61384K (48%)
/home/travis/build/icyphy/ptII/ptolemy/domains/de/test/RunDETestsAsQSS.tcl
Run the DE tests using ptolemy.domains.qss.test.QSSDirectorTest, which extends QSSDirector and prints a message in the constructors.
------------------ testing $PTII/ptolemy/domains/de/test/auto/knownFailedTests/DirectFeedback.xml (Known Failure) 
58 ms. Memory: 129024K Free: 55750K (43%)


==== $PTIIhome/travis/build/icyphy/ptII/ptolemy/domains/de/test/../../../../: Auto Automatic test in file $PTII/ptolemy/domains/de/test/auto/knownFailedTests/DirectFeedback.xml
==== Contents of test case:

	    # FIXME: we should use $relativeFilename here, but it
	    # might have backslashes under Windows, which causes no end
	    # of trouble.
	    createAndExecute $file
	    list {}
	
.... Test generated KNOWN error:
    while executing
ptolemy.kernel.util.IllegalActionException: Test fails in iteration 1.
Value was: 1.0. Should have been: 2.0
  in .DirectFeedback.Test
	at ptolemy.actor.lib.Test.fire(Test.java:268)
	at ptolemy.domains.de.kernel.DEDirector._fire(DEDirector.java:1949)
	at ptolemy.domains.de.kernel.DEDirector.fire(DEDirector.java:502)
	at ptolemy.actor.CompositeActor.fire(CompositeActor.java:455)
	at ptolemy.actor.Manager.iterate(Manager.java:851)
	at ptolemy.actor.Manager.execute(Manager.java:369)
	at ptolemy.actor.Manager.run(Manager.java:1263)
	at ptolemy.actor.Manager$PtolemyRunThread.run(Manager.java:1933)

    while executing
ptolemy.kernel.util.IllegalActionException: Test fails in iteration 1.
Value was: 1.0. Should have been: 2.0
  in .DirectFeedback.Test
    while executing
"java::new ptolemy.moml.MoMLSimpleApplication $file
"
    (procedure "createAndExecute" line 2)
    invoked from within
"createAndExecute $file"
    ("uplevel" body line 5)
    invoked from within
"uplevel $contents_of_test"
------------------ testing $PTII/ptolemy/domains/de/test/auto/knownFailedTests/dependencyLoop.xml (Known Failure) 
13 ms. Memory: 129024K Free: 52678K (41%)


==== $PTIIhome/travis/build/icyphy/ptII/ptolemy/domains/de/test/../../../../: Auto Automatic test in file $PTII/ptolemy/domains/de/test/auto/knownFailedTests/dependencyLoop.xml
==== Contents of test case:

	    # FIXME: we should use $relativeFilename here, but it
	    # might have backslashes under Windows, which causes no end
	    # of trouble.
	    createAndExecute $file
	    list {}
	
.... Test generated KNOWN error:
    while executing
ptolemy.kernel.util.IllegalActionException: Found a zero delay loop containing .dependencyLoop.original
  in .dependencyLoop and .dependencyLoop.original
	at ptolemy.actor.util.CausalityInterfaceForComposites._computeOutputPortDepth(CausalityInterfaceForComposites.java:759)
	at ptolemy.actor.util.CausalityInterfaceForComposites._computeInputDepth(CausalityInterfaceForComposites.java:696)
	at ptolemy.actor.util.CausalityInterfaceForComposites._computeOutputPortDepth(CausalityInterfaceForComposites.java:765)
	at ptolemy.actor.util.CausalityInterfaceForComposites._computeInputDepth(CausalityInterfaceForComposites.java:696)
	at ptolemy.actor.util.CausalityInterfaceForComposites._computeOutputPortDepth(CausalityInterfaceForComposites.java:765)
	at ptolemy.actor.util.CausalityInterfaceForComposites._computeInputDepth(CausalityInterfaceForComposites.java:696)
	at ptolemy.actor.util.CausalityInterfaceForComposites._computeActorDepth(CausalityInterfaceForComposites.java:532)
	at ptolemy.actor.util.CausalityInterfaceForComposites.checkForCycles(CausalityInterfaceForComposites.java:96)
	at ptolemy.domains.de.kernel.DEDirector.preinitialize(DEDirector.java:1338)
	at ptolemy.actor.CompositeActor.preinitialize(CompositeActor.java:1828)
	at ptolemy.actor.Manager.preinitializeAndResolveTypes(Manager.java:1040)
	at ptolemy.actor.Manager.initialize(Manager.java:710)
	at ptolemy.actor.Manager.execute(Manager.java:356)
	at ptolemy.actor.Manager.run(Manager.java:1263)
	at ptolemy.actor.Manager$PtolemyRunThread.run(Manager.java:1933)

    while executing
ptolemy.kernel.util.IllegalActionException: Found a zero delay loop containing .dependencyLoop.original
  in .dependencyLoop and .dependencyLoop.original
    while executing
"java::new ptolemy.moml.MoMLSimpleApplication $file
"
    (procedure "createAndExecute" line 2)
    invoked from within
"createAndExecute $file"
    ("uplevel" body line 5)
    invoked from within
"uplevel $contents_of_test"
------------------ testing $PTII/ptolemy/domains/de/test/auto/knownFailedTests/FSMSource.xml (Known Failure) 
92 ms. Memory: 129024K Free: 110473K (86%)
!!!! Auto was marked as failing, but now passes
------------------ testing $PTII/ptolemy/domains/de/test/auto/knownFailedTests/HierarchicalModel.xml (Known Failure) 
13 ms. Memory: 129024K Free: 93127K (72%)


==== $PTIIhome/travis/build/icyphy/ptII/ptolemy/domains/de/test/../../../../: Auto Automatic test in file $PTII/ptolemy/domains/de/test/auto/knownFailedTests/HierarchicalModel.xml
==== Contents of test case:

	    # FIXME: we should use $relativeFilename here, but it
	    # might have backslashes under Windows, which causes no end
	    # of trouble.
	    createAndExecute $file
	    list {}
	
.... Test generated KNOWN error:
    while executing
ptolemy.kernel.util.IllegalActionException: Found a zero delay loop containing .HierarchicalModel.A
  in .HierarchicalModel and .HierarchicalModel.A
	at ptolemy.actor.util.CausalityInterfaceForComposites._computeOutputPortDepth(CausalityInterfaceForComposites.java:759)
	at ptolemy.actor.util.CausalityInterfaceForComposites._computeInputDepth(CausalityInterfaceForComposites.java:696)
	at ptolemy.actor.util.CausalityInterfaceForComposites._computeOutputPortDepth(CausalityInterfaceForComposites.java:765)
	at ptolemy.actor.util.CausalityInterfaceForComposites._computeInputDepth(CausalityInterfaceForComposites.java:696)
	at ptolemy.actor.util.CausalityInterfaceForComposites._computeOutputPortDepth(CausalityInterfaceForComposites.java:765)
	at ptolemy.actor.util.CausalityInterfaceForComposites._computeInputDepth(CausalityInterfaceForComposites.java:696)
	at ptolemy.actor.util.CausalityInterfaceForComposites._computeActorDepth(CausalityInterfaceForComposites.java:532)
	at ptolemy.actor.util.CausalityInterfaceForComposites.checkForCycles(CausalityInterfaceForComposites.java:96)
	at ptolemy.domains.de.kernel.DEDirector.preinitialize(DEDirector.java:1338)
	at ptolemy.actor.CompositeActor.preinitialize(CompositeActor.java:1828)
	at ptolemy.actor.Manager.preinitializeAndResolveTypes(Manager.java:1040)
	at ptolemy.actor.Manager.initialize(Manager.java:710)
	at ptolemy.actor.Manager.execute(Manager.java:356)
	at ptolemy.actor.Manager.run(Manager.java:1263)
	at ptolemy.actor.Manager$PtolemyRunThread.run(Manager.java:1933)

    while executing
ptolemy.kernel.util.IllegalActionException: Found a zero delay loop containing .HierarchicalModel.A
  in .HierarchicalModel and .HierarchicalModel.A
    while executing
"java::new ptolemy.moml.MoMLSimpleApplication $file
"
    (procedure "createAndExecute" line 2)
    invoked from within
"createAndExecute $file"
    ("uplevel" body line 5)
    invoked from within
"uplevel $contents_of_test"
------------------ testing $PTII/ptolemy/domains/de/test/auto/knownFailedTests/dependencyLoop2.xml (Known Failure) 
5 ms. Memory: 129024K Free: 76727K (59%)


==== $PTIIhome/travis/build/icyphy/ptII/ptolemy/domains/de/test/../../../../: Auto Automatic test in file $PTII/ptolemy/domains/de/test/auto/knownFailedTests/dependencyLoop2.xml
==== Contents of test case:

	    # FIXME: we should use $relativeFilename here, but it
	    # might have backslashes under Windows, which causes no end
	    # of trouble.
	    createAndExecute $file
	    list {}
	
.... Test generated KNOWN error:
    while executing
ptolemy.kernel.util.IllegalActionException: Found a zero delay loop containing .dependencyLoop2.original
  in .dependencyLoop2 and .dependencyLoop2.original
	at ptolemy.actor.util.CausalityInterfaceForComposites._computeOutputPortDepth(CausalityInterfaceForComposites.java:759)
	at ptolemy.actor.util.CausalityInterfaceForComposites._computeInputDepth(CausalityInterfaceForComposites.java:696)
	at ptolemy.actor.util.CausalityInterfaceForComposites._computeOutputPortDepth(CausalityInterfaceForComposites.java:765)
	at ptolemy.actor.util.CausalityInterfaceForComposites._computeInputDepth(CausalityInterfaceForComposites.java:696)
	at ptolemy.actor.util.CausalityInterfaceForComposites._computeOutputPortDepth(CausalityInterfaceForComposites.java:765)
	at ptolemy.actor.util.CausalityInterfaceForComposites._computeInputDepth(CausalityInterfaceForComposites.java:696)
	at ptolemy.actor.util.CausalityInterfaceForComposites._computeActorDepth(CausalityInterfaceForComposites.java:532)
	at ptolemy.actor.util.CausalityInterfaceForComposites.checkForCycles(CausalityInterfaceForComposites.java:96)
	at ptolemy.domains.de.kernel.DEDirector.preinitialize(DEDirector.java:1338)
	at ptolemy.actor.CompositeActor.preinitialize(CompositeActor.java:1828)
	at ptolemy.actor.Manager.preinitializeAndResolveTypes(Manager.java:1040)
	at ptolemy.actor.Manager.initialize(Manager.java:710)
	at ptolemy.actor.Manager.execute(Manager.java:356)
	at ptolemy.actor.Manager.run(Manager.java:1263)
	at ptolemy.actor.Manager$PtolemyRunThread.run(Manager.java:1933)

    while executing
ptolemy.kernel.util.IllegalActionException: Found a zero delay loop containing .dependencyLoop2.original
  in .dependencyLoop2 and .dependencyLoop2.original
    while executing
"java::new ptolemy.moml.MoMLSimpleApplication $file
"
    (procedure "createAndExecute" line 2)
    invoked from within
"createAndExecute $file"
    ("uplevel" body line 5)
    invoked from within
"uplevel $contents_of_test"
------------------ testing $PTII/ptolemy/domains/de/test/auto/knownFailedTests/DESDFClockTest.xml (Known Failure) 
2066 ms. Memory: 129024K Free: 106989K (83%)


==== $PTIIhome/travis/build/icyphy/ptII/ptolemy/domains/de/test/../../../../: Auto Automatic test in file $PTII/ptolemy/domains/de/test/auto/knownFailedTests/DESDFClockTest.xml
==== Contents of test case:

	    # FIXME: we should use $relativeFilename here, but it
	    # might have backslashes under Windows, which causes no end
	    # of trouble.
	    createAndExecute $file
	    list {}
	
.... Test generated KNOWN error:
    while executing
ptolemy.kernel.util.IllegalActionException: Actor is not ready to fire.  Perhaps UpSample.prefire() returned false? Try debugging the actor by selecting "Listen to Actor".  Also, for SDF check moml for tokenConsumptionRate on input.
  in .DESDFClockTest.Play Bell.Copy1:SDF Director and .DESDFClockTest.Play Bell.UpSample
	at ptolemy.actor.sched.StaticSchedulingDirector.fire(StaticSchedulingDirector.java:227)
	at ptolemy.domains.sdf.kernel.SDFDirector.fire(SDFDirector.java:500)
	at ptolemy.actor.CompositeActor.fire(CompositeActor.java:455)
	at ptolemy.domains.de.kernel.DEDirector._fire(DEDirector.java:1949)
	at ptolemy.domains.de.kernel.DEDirector.fire(DEDirector.java:502)
	at ptolemy.actor.CompositeActor.fire(CompositeActor.java:455)
	at ptolemy.actor.Manager.iterate(Manager.java:851)
	at ptolemy.actor.Manager.execute(Manager.java:369)
	at ptolemy.actor.Manager.run(Manager.java:1263)
	at ptolemy.actor.Manager$PtolemyRunThread.run(Manager.java:1933)

    while executing
ptolemy.kernel.util.IllegalActionException: Actor is not ready to fire.  Perhaps UpSample.prefire() returned false? Try debugging the actor by selecting "Listen to Actor".  Also, for SDF check moml for tokenConsumptionRate on input.
  in .DESDFClockTest.Play Bell.Copy1:SDF Director and .DESDFClockTest.Play Bell.UpSample
    while executing
"java::new ptolemy.moml.MoMLSimpleApplication $file
"
    (procedure "createAndExecute" line 2)
    invoked from within
"createAndExecute $file"
    ("uplevel" body line 5)
    invoked from within
"uplevel $contents_of_test"
------------------ testing $PTII/ptolemy/domains/de/test/auto/ActorDepthCalculation_actorWithoutPorts.xml
auto.tcl: Setting watchdog for 200 seconds at Sun Feb 09 06:55:31 UTC 2020
7 ms. Memory: 129024K Free: 99293K (77%)
ptolemy.util.test.WatchDog.cancel(): canceling Sun Feb 09 06:55:31 UTC 2020
auto.tcl: Setting watchdog for 200 seconds at Sun Feb 09 06:55:31 UTC 2020
5 ms. Memory: 129024K Free: 97773K (76%)
ptolemy.util.test.WatchDog.cancel(): canceling Sun Feb 09 06:55:31 UTC 2020
------------------ testing $PTII/ptolemy/domains/de/test/auto/AssemblyLine.xml
auto.tcl: Setting watchdog for 200 seconds at Sun Feb 09 06:55:31 UTC 2020
7 ms. Memory: 51200K Free: 27483K (54%)
ptolemy.util.test.WatchDog.cancel(): canceling Sun Feb 09 06:55:31 UTC 2020
auto.tcl: Setting watchdog for 200 seconds at Sun Feb 09 06:55:31 UTC 2020
9 ms. Memory: 51200K Free: 26999K (53%)
ptolemy.util.test.WatchDog.cancel(): canceling Sun Feb 09 06:55:31 UTC 2020
------------------ testing $PTII/ptolemy/domains/de/test/auto/CQBug1.xml
auto.tcl: Setting watchdog for 200 seconds at Sun Feb 09 06:55:31 UTC 2020
11 ms. Memory: 51200K Free: 33249K (65%)
ptolemy.util.test.WatchDog.cancel(): canceling Sun Feb 09 06:55:31 UTC 2020
auto.tcl: Setting watchdog for 200 seconds at Sun Feb 09 06:55:31 UTC 2020
3 ms. Memory: 51200K Free: 33249K (65%)
ptolemy.util.test.WatchDog.cancel(): canceling Sun Feb 09 06:55:31 UTC 2020
------------------ testing $PTII/ptolemy/domains/de/test/auto/CancelFireAt.xml
auto.tcl: Setting watchdog for 200 seconds at Sun Feb 09 06:55:31 UTC 2020
15 ms. Memory: 51200K Free: 34466K (67%)
ptolemy.util.test.WatchDog.cancel(): canceling Sun Feb 09 06:55:31 UTC 2020
auto.tcl: Setting watchdog for 200 seconds at Sun Feb 09 06:55:31 UTC 2020
2 ms. Memory: 51200K Free: 33998K (66%)
ptolemy.util.test.WatchDog.cancel(): canceling Sun Feb 09 06:55:32 UTC 2020
------------------ testing $PTII/ptolemy/domains/de/test/auto/CausalityAndComposabilityAnalysis.xml
auto.tcl: Setting watchdog for 200 seconds at Sun Feb 09 06:55:32 UTC 2020
7 ms. Memory: 48128K Free: 29346K (61%)
ptolemy.util.test.WatchDog.cancel(): canceling Sun Feb 09 06:55:32 UTC 2020
auto.tcl: Setting watchdog for 200 seconds at Sun Feb 09 06:55:32 UTC 2020
8 ms. Memory: 48128K Free: 28898K (60%)
ptolemy.util.test.WatchDog.cancel(): canceling Sun Feb 09 06:55:32 UTC 2020
------------------ testing $PTII/ptolemy/domains/de/test/auto/CausalityInterface1.xml
auto.tcl: Setting watchdog for 200 seconds at Sun Feb 09 06:55:32 UTC 2020
37 ms. Memory: 48128K Free: 28116K (58%)
ptolemy.util.test.WatchDog.cancel(): canceling Sun Feb 09 06:55:32 UTC 2020
auto.tcl: Setting watchdog for 200 seconds at Sun Feb 09 06:55:32 UTC 2020
4 ms. Memory: 48128K Free: 26957K (56%)
ptolemy.util.test.WatchDog.cancel(): canceling Sun Feb 09 06:55:32 UTC 2020
------------------ testing $PTII/ptolemy/domains/de/test/auto/CausalityInterface15.xml
auto.tcl: Setting watchdog for 200 seconds at Sun Feb 09 06:55:32 UTC 2020
7 ms. Memory: 48128K Free: 28279K (59%)
ptolemy.util.test.WatchDog.cancel(): canceling Sun Feb 09 06:55:32 UTC 2020
auto.tcl: Setting watchdog for 200 seconds at Sun Feb 09 06:55:32 UTC 2020
5 ms. Memory: 48128K Free: 27334K (57%)
ptolemy.util.test.WatchDog.cancel(): canceling Sun Feb 09 06:55:32 UTC 2020
------------------ testing $PTII/ptolemy/domains/de/test/auto/CausalityInterface2.xml
auto.tcl: Setting watchdog for 200 seconds at Sun Feb 09 06:55:32 UTC 2020
4 ms. Memory: 48128K Free: 29224K (61%)
ptolemy.util.test.WatchDog.cancel(): canceling Sun Feb 09 06:55:32 UTC 2020
auto.tcl: Setting watchdog for 200 seconds at Sun Feb 09 06:55:32 UTC 2020
3 ms. Memory: 48128K Free: 28321K (59%)
ptolemy.util.test.WatchDog.cancel(): canceling Sun Feb 09 06:55:32 UTC 2020
------------------ testing $PTII/ptolemy/domains/de/test/auto/CausalityInterface3.xml
auto.tcl: Setting watchdog for 200 seconds at Sun Feb 09 06:55:32 UTC 2020
7 ms. Memory: 48128K Free: 28522K (59%)
ptolemy.util.test.WatchDog.cancel(): canceling Sun Feb 09 06:55:32 UTC 2020
auto.tcl: Setting watchdog for 200 seconds at Sun Feb 09 06:55:32 UTC 2020
5 ms. Memory: 48128K Free: 27844K (58%)
ptolemy.util.test.WatchDog.cancel(): canceling Sun Feb 09 06:55:32 UTC 2020
------------------ testing $PTII/ptolemy/domains/de/test/auto/ClockDrift.xml
auto.tcl: Setting watchdog for 200 seconds at Sun Feb 09 06:55:32 UTC 2020
81 ms. Memory: 48128K Free: 21117K (44%)
ptolemy.util.test.WatchDog.cancel(): canceling Sun Feb 09 06:55:32 UTC 2020
auto.tcl: Setting watchdog for 200 seconds at Sun Feb 09 06:55:32 UTC 2020
58 ms. Memory: 48128K Free: 18102K (38%)
ptolemy.util.test.WatchDog.cancel(): canceling Sun Feb 09 06:55:32 UTC 2020
------------------ testing $PTII/ptolemy/domains/de/test/auto/ClockDriftAndValueChange.xml
auto.tcl: Setting watchdog for 200 seconds at Sun Feb 09 06:55:32 UTC 2020
41 ms. Memory: 48128K Free: 21198K (44%)
ptolemy.util.test.WatchDog.cancel(): canceling Sun Feb 09 06:55:32 UTC 2020
auto.tcl: Setting watchdog for 200 seconds at Sun Feb 09 06:55:32 UTC 2020
28 ms. Memory: 48128K Free: 18363K (38%)
ptolemy.util.test.WatchDog.cancel(): canceling Sun Feb 09 06:55:32 UTC 2020
------------------ testing $PTII/ptolemy/domains/de/test/auto/ClockDriftChange.xml
auto.tcl: Setting watchdog for 200 seconds at Sun Feb 09 06:55:32 UTC 2020
19 ms. Memory: 48128K Free: 23247K (48%)
ptolemy.util.test.WatchDog.cancel(): canceling Sun Feb 09 06:55:33 UTC 2020
auto.tcl: Setting watchdog for 200 seconds at Sun Feb 09 06:55:33 UTC 2020
18 ms. Memory: 48128K Free: 20670K (43%)
ptolemy.util.test.WatchDog.cancel(): canceling Sun Feb 09 06:55:33 UTC 2020
------------------ testing $PTII/ptolemy/domains/de/test/auto/ComposableCausalityAnalysis.xml
auto.tcl: Setting watchdog for 200 seconds at Sun Feb 09 06:55:33 UTC 2020
5 ms. Memory: 48128K Free: 27824K (58%)
ptolemy.util.test.WatchDog.cancel(): canceling Sun Feb 09 06:55:33 UTC 2020
auto.tcl: Setting watchdog for 200 seconds at Sun Feb 09 06:55:33 UTC 2020
5 ms. Memory: 48128K Free: 26595K (55%)
ptolemy.util.test.WatchDog.cancel(): canceling Sun Feb 09 06:55:33 UTC 2020
------------------ testing $PTII/ptolemy/domains/de/test/auto/DEFixedPointLimitation.xml
auto.tcl: Setting watchdog for 200 seconds at Sun Feb 09 06:55:33 UTC 2020
4 ms. Memory: 48128K Free: 29257K (61%)
ptolemy.util.test.WatchDog.cancel(): canceling Sun Feb 09 06:55:33 UTC 2020
auto.tcl: Setting watchdog for 200 seconds at Sun Feb 09 06:55:33 UTC 2020
2 ms. Memory: 48128K Free: 28341K (59%)
ptolemy.util.test.WatchDog.cancel(): canceling Sun Feb 09 06:55:33 UTC 2020
------------------ testing $PTII/ptolemy/domains/de/test/auto/DEScheduleTest.xml
auto.tcl: Setting watchdog for 200 seconds at Sun Feb 09 06:55:33 UTC 2020
6 ms. Memory: 48128K Free: 29504K (61%)
ptolemy.util.test.WatchDog.cancel(): canceling Sun Feb 09 06:55:33 UTC 2020
auto.tcl: Setting watchdog for 200 seconds at Sun Feb 09 06:55:33 UTC 2020
3 ms. Memory: 48128K Free: 28756K (60%)
ptolemy.util.test.WatchDog.cancel(): canceling Sun Feb 09 06:55:33 UTC 2020
------------------ testing $PTII/ptolemy/domains/de/test/auto/DEinDEwithStartTimes.xml
auto.tcl: Setting watchdog for 200 seconds at Sun Feb 09 06:55:33 UTC 2020
12 ms. Memory: 48128K Free: 27682K (58%)
ptolemy.util.test.WatchDog.cancel(): canceling Sun Feb 09 06:55:33 UTC 2020
auto.tcl: Setting watchdog for 200 seconds at Sun Feb 09 06:55:33 UTC 2020
3 ms. Memory: 48128K Free: 26656K (55%)
ptolemy.util.test.WatchDog.cancel(): canceling Sun Feb 09 06:55:33 UTC 2020
------------------ testing $PTII/ptolemy/domains/de/test/auto/DEinDEwithStartTimes2.xml
auto.tcl: Setting watchdog for 200 seconds at Sun Feb 09 06:55:33 UTC 2020
7 ms. Memory: 48128K Free: 26889K (56%)
ptolemy.util.test.WatchDog.cancel(): canceling Sun Feb 09 06:55:33 UTC 2020
auto.tcl: Setting watchdog for 200 seconds at Sun Feb 09 06:55:33 UTC 2020
5 ms. Memory: 48128K Free: 25612K (53%)
ptolemy.util.test.WatchDog.cancel(): canceling Sun Feb 09 06:55:33 UTC 2020
------------------ testing $PTII/ptolemy/domains/de/test/auto/DateDemo.xml
auto.tcl: Setting watchdog for 200 seconds at Sun Feb 09 06:55:33 UTC 2020
24 ms. Memory: 48128K Free: 21253K (44%)
ptolemy.util.test.WatchDog.cancel(): canceling Sun Feb 09 06:55:33 UTC 2020
auto.tcl: Setting watchdog for 200 seconds at Sun Feb 09 06:55:33 UTC 2020
13 ms. Memory: 48128K Free: 19637K (41%)
ptolemy.util.test.WatchDog.cancel(): canceling Sun Feb 09 06:55:33 UTC 2020
------------------ testing $PTII/ptolemy/domains/de/test/auto/DateToEvent.xml
auto.tcl: Setting watchdog for 200 seconds at Sun Feb 09 06:55:33 UTC 2020
2015 ms. Memory: 48128K Free: 16948K (35%)
ptolemy.util.test.WatchDog.cancel(): canceling Sun Feb 09 06:55:35 UTC 2020
auto.tcl: Setting watchdog for 200 seconds at Sun Feb 09 06:55:35 UTC 2020
2006 ms. Memory: 48128K Free: 16217K (34%)
ptolemy.util.test.WatchDog.cancel(): canceling Sun Feb 09 06:55:37 UTC 2020
------------------ testing $PTII/ptolemy/domains/de/test/auto/DepthTest1.xml
auto.tcl: Setting watchdog for 200 seconds at Sun Feb 09 06:55:37 UTC 2020
2 ms. Memory: 48128K Free: 30321K (63%)
ptolemy.util.test.WatchDog.cancel(): canceling Sun Feb 09 06:55:37 UTC 2020
auto.tcl: Setting watchdog for 200 seconds at Sun Feb 09 06:55:37 UTC 2020
2 ms. Memory: 48128K Free: 29908K (62%)
ptolemy.util.test.WatchDog.cancel(): canceling Sun Feb 09 06:55:37 UTC 2020
------------------ testing $PTII/ptolemy/domains/de/test/auto/DepthTest2.xml
auto.tcl: Setting watchdog for 200 seconds at Sun Feb 09 06:55:37 UTC 2020
3 ms. Memory: 48128K Free: 27165K (56%)
ptolemy.util.test.WatchDog.cancel(): canceling Sun Feb 09 06:55:37 UTC 2020
auto.tcl: Setting watchdog for 200 seconds at Sun Feb 09 06:55:37 UTC 2020
3 ms. Memory: 48128K Free: 26725K (56%)
ptolemy.util.test.WatchDog.cancel(): canceling Sun Feb 09 06:55:37 UTC 2020
------------------ testing $PTII/ptolemy/domains/de/test/auto/DepthTest3.xml
auto.tcl: Setting watchdog for 200 seconds at Sun Feb 09 06:55:37 UTC 2020
2 ms. Memory: 48128K Free: 30651K (64%)
ptolemy.util.test.WatchDog.cancel(): canceling Sun Feb 09 06:55:37 UTC 2020
auto.tcl: Setting watchdog for 200 seconds at Sun Feb 09 06:55:37 UTC 2020
2 ms. Memory: 48128K Free: 30223K (63%)
ptolemy.util.test.WatchDog.cancel(): canceling Sun Feb 09 06:55:37 UTC 2020
------------------ testing $PTII/ptolemy/domains/de/test/auto/DepthTest4.xml
auto.tcl: Setting watchdog for 200 seconds at Sun Feb 09 06:55:38 UTC 2020
5 ms. Memory: 48128K Free: 29002K (60%)
ptolemy.util.test.WatchDog.cancel(): canceling Sun Feb 09 06:55:38 UTC 2020
auto.tcl: Setting watchdog for 200 seconds at Sun Feb 09 06:55:38 UTC 2020
3 ms. Memory: 48128K Free: 28289K (59%)
ptolemy.util.test.WatchDog.cancel(): canceling Sun Feb 09 06:55:38 UTC 2020
------------------ testing $PTII/ptolemy/domains/de/test/auto/DepthTest5.xml
auto.tcl: Setting watchdog for 200 seconds at Sun Feb 09 06:55:38 UTC 2020
3 ms. Memory: 48128K Free: 28145K (58%)
ptolemy.util.test.WatchDog.cancel(): canceling Sun Feb 09 06:55:38 UTC 2020
auto.tcl: Setting watchdog for 200 seconds at Sun Feb 09 06:55:38 UTC 2020
3 ms. Memory: 48128K Free: 27767K (58%)
ptolemy.util.test.WatchDog.cancel(): canceling Sun Feb 09 06:55:38 UTC 2020
------------------ testing $PTII/ptolemy/domains/de/test/auto/DepthTest6.xml
auto.tcl: Setting watchdog for 200 seconds at Sun Feb 09 06:55:38 UTC 2020
4 ms. Memory: 48128K Free: 28102K (58%)
ptolemy.util.test.WatchDog.cancel(): canceling Sun Feb 09 06:55:38 UTC 2020
auto.tcl: Setting watchdog for 200 seconds at Sun Feb 09 06:55:38 UTC 2020
2 ms. Memory: 48128K Free: 27682K (58%)
ptolemy.util.test.WatchDog.cancel(): canceling Sun Feb 09 06:55:38 UTC 2020
------------------ testing $PTII/ptolemy/domains/de/test/auto/DepthTest7.xml
auto.tcl: Setting watchdog for 200 seconds at Sun Feb 09 06:55:38 UTC 2020
5 ms. Memory: 48128K Free: 28690K (60%)
ptolemy.util.test.WatchDog.cancel(): canceling Sun Feb 09 06:55:38 UTC 2020
auto.tcl: Setting watchdog for 200 seconds at Sun Feb 09 06:55:38 UTC 2020
2 ms. Memory: 48128K Free: 27747K (58%)
ptolemy.util.test.WatchDog.cancel(): canceling Sun Feb 09 06:55:38 UTC 2020
------------------ testing $PTII/ptolemy/domains/de/test/auto/EventToDate.xml
auto.tcl: Setting watchdog for 200 seconds at Sun Feb 09 06:55:38 UTC 2020
3006 ms. Memory: 48128K Free: 19708K (41%)
ptolemy.util.test.WatchDog.cancel(): canceling Sun Feb 09 06:55:41 UTC 2020
auto.tcl: Setting watchdog for 200 seconds at Sun Feb 09 06:55:41 UTC 2020
3004 ms. Memory: 48128K Free: 19017K (40%)
ptolemy.util.test.WatchDog.cancel(): canceling Sun Feb 09 06:55:44 UTC 2020
------------------ testing $PTII/ptolemy/domains/de/test/auto/FSM1.xml
auto.tcl: Setting watchdog for 200 seconds at Sun Feb 09 06:55:44 UTC 2020
38 ms. Memory: 48128K Free: 20926K (43%)
ptolemy.util.test.WatchDog.cancel(): canceling Sun Feb 09 06:55:44 UTC 2020
auto.tcl: Setting watchdog for 200 seconds at Sun Feb 09 06:55:44 UTC 2020
26 ms. Memory: 48128K Free: 17676K (37%)
ptolemy.util.test.WatchDog.cancel(): canceling Sun Feb 09 06:55:44 UTC 2020
------------------ testing $PTII/ptolemy/domains/de/test/auto/FSM7.xml
auto.tcl: Setting watchdog for 200 seconds at Sun Feb 09 06:55:44 UTC 2020
15 ms. Memory: 48128K Free: 20615K (43%)
ptolemy.util.test.WatchDog.cancel(): canceling Sun Feb 09 06:55:44 UTC 2020
auto.tcl: Setting watchdog for 200 seconds at Sun Feb 09 06:55:44 UTC 2020
22 ms. Memory: 48128K Free: 17502K (36%)
ptolemy.util.test.WatchDog.cancel(): canceling Sun Feb 09 06:55:44 UTC 2020
------------------ testing $PTII/ptolemy/domains/de/test/auto/Inspection.xml
auto.tcl: Setting watchdog for 200 seconds at Sun Feb 09 06:55:44 UTC 2020
43 ms. Memory: 48128K Free: 20460K (43%)
ptolemy.util.test.WatchDog.cancel(): canceling Sun Feb 09 06:55:44 UTC 2020
auto.tcl: Setting watchdog for 200 seconds at Sun Feb 09 06:55:44 UTC 2020
27 ms. Memory: 48128K Free: 18722K (39%)
ptolemy.util.test.WatchDog.cancel(): canceling Sun Feb 09 06:55:44 UTC 2020
------------------ testing $PTII/ptolemy/domains/de/test/auto/Iteration.xml
auto.tcl: Setting watchdog for 200 seconds at Sun Feb 09 06:55:44 UTC 2020
6 ms. Memory: 48128K Free: 26172K (54%)
ptolemy.util.test.WatchDog.cancel(): canceling Sun Feb 09 06:55:44 UTC 2020
auto.tcl: Setting watchdog for 200 seconds at Sun Feb 09 06:55:44 UTC 2020
6 ms. Memory: 48128K Free: 24760K (51%)
ptolemy.util.test.WatchDog.cancel(): canceling Sun Feb 09 06:55:44 UTC 2020
------------------ testing $PTII/ptolemy/domains/de/test/auto/LineFault.xml
auto.tcl: Setting watchdog for 200 seconds at Sun Feb 09 06:55:44 UTC 2020
580 ms. Memory: 59392K Free: 38736K (65%)
ptolemy.util.test.WatchDog.cancel(): canceling Sun Feb 09 06:55:45 UTC 2020
auto.tcl: Setting watchdog for 200 seconds at Sun Feb 09 06:55:45 UTC 2020
494 ms. Memory: 59392K Free: 34668K (58%)
ptolemy.util.test.WatchDog.cancel(): canceling Sun Feb 09 06:55:46 UTC 2020
------------------ testing $PTII/ptolemy/domains/de/test/auto/MergeModel1Add.xml
auto.tcl: Setting watchdog for 200 seconds at Sun Feb 09 06:55:46 UTC 2020
18 ms. Memory: 55296K Free: 19314K (35%)
ptolemy.util.test.WatchDog.cancel(): canceling Sun Feb 09 06:55:46 UTC 2020
auto.tcl: Setting watchdog for 200 seconds at Sun Feb 09 06:55:46 UTC 2020
11 ms. Memory: 55296K Free: 17603K (32%)
ptolemy.util.test.WatchDog.cancel(): canceling Sun Feb 09 06:55:46 UTC 2020
------------------ testing $PTII/ptolemy/domains/de/test/auto/MergeModel2Add.xml
auto.tcl: Setting watchdog for 200 seconds at Sun Feb 09 06:55:46 UTC 2020
8 ms. Memory: 55296K Free: 21101K (38%)
ptolemy.util.test.WatchDog.cancel(): canceling Sun Feb 09 06:55:46 UTC 2020
auto.tcl: Setting watchdog for 200 seconds at Sun Feb 09 06:55:46 UTC 2020
8 ms. Memory: 55296K Free: 19373K (35%)
ptolemy.util.test.WatchDog.cancel(): canceling Sun Feb 09 06:55:46 UTC 2020
------------------ testing $PTII/ptolemy/domains/de/test/auto/MergeModel3Add.xml
auto.tcl: Setting watchdog for 200 seconds at Sun Feb 09 06:55:46 UTC 2020
10 ms. Memory: 55296K Free: 21346K (39%)
ptolemy.util.test.WatchDog.cancel(): canceling Sun Feb 09 06:55:46 UTC 2020
auto.tcl: Setting watchdog for 200 seconds at Sun Feb 09 06:55:46 UTC 2020
9 ms. Memory: 55296K Free: 19908K (36%)
ptolemy.util.test.WatchDog.cancel(): canceling Sun Feb 09 06:55:46 UTC 2020
------------------ testing $PTII/ptolemy/domains/de/test/auto/MergeWithoutDiscard.xml
auto.tcl: Setting watchdog for 200 seconds at Sun Feb 09 06:55:46 UTC 2020
2 ms. Memory: 55296K Free: 36245K (66%)
ptolemy.util.test.WatchDog.cancel(): canceling Sun Feb 09 06:55:46 UTC 2020
auto.tcl: Setting watchdog for 200 seconds at Sun Feb 09 06:55:46 UTC 2020
2 ms. Memory: 55296K Free: 35767K (65%)
ptolemy.util.test.WatchDog.cancel(): canceling Sun Feb 09 06:55:46 UTC 2020
------------------ testing $PTII/ptolemy/domains/de/test/auto/Modal1.xml
auto.tcl: Setting watchdog for 200 seconds at Sun Feb 09 06:55:46 UTC 2020
21 ms. Memory: 55296K Free: 27819K (50%)
ptolemy.util.test.WatchDog.cancel(): canceling Sun Feb 09 06:55:46 UTC 2020
auto.tcl: Setting watchdog for 200 seconds at Sun Feb 09 06:55:46 UTC 2020
15 ms. Memory: 55296K Free: 24323K (44%)
ptolemy.util.test.WatchDog.cancel(): canceling Sun Feb 09 06:55:46 UTC 2020
------------------ testing $PTII/ptolemy/domains/de/test/auto/Modal2.xml
auto.tcl: Setting watchdog for 200 seconds at Sun Feb 09 06:55:46 UTC 2020
23 ms. Memory: 55296K Free: 28240K (51%)
ptolemy.util.test.WatchDog.cancel(): canceling Sun Feb 09 06:55:46 UTC 2020
auto.tcl: Setting watchdog for 200 seconds at Sun Feb 09 06:55:46 UTC 2020
22 ms. Memory: 55296K Free: 24710K (45%)
ptolemy.util.test.WatchDog.cancel(): canceling Sun Feb 09 06:55:46 UTC 2020
------------------ testing $PTII/ptolemy/domains/de/test/auto/Modal3.xml
auto.tcl: Setting watchdog for 200 seconds at Sun Feb 09 06:55:46 UTC 2020
18 ms. Memory: 51200K Free: 23558K (46%)
ptolemy.util.test.WatchDog.cancel(): canceling Sun Feb 09 06:55:47 UTC 2020
auto.tcl: Setting watchdog for 200 seconds at Sun Feb 09 06:55:47 UTC 2020
13 ms. Memory: 51200K Free: 20622K (40%)
ptolemy.util.test.WatchDog.cancel(): canceling Sun Feb 09 06:55:47 UTC 2020
------------------ testing $PTII/ptolemy/domains/de/test/auto/Modal4.xml
auto.tcl: Setting watchdog for 200 seconds at Sun Feb 09 06:55:47 UTC 2020
33 ms. Memory: 51200K Free: 22819K (45%)
ptolemy.util.test.WatchDog.cancel(): canceling Sun Feb 09 06:55:47 UTC 2020
auto.tcl: Setting watchdog for 200 seconds at Sun Feb 09 06:55:47 UTC 2020
22 ms. Memory: 51200K Free: 19019K (37%)
ptolemy.util.test.WatchDog.cancel(): canceling Sun Feb 09 06:55:47 UTC 2020
------------------ testing $PTII/ptolemy/domains/de/test/auto/Modal5.xml
auto.tcl: Setting watchdog for 200 seconds at Sun Feb 09 06:55:47 UTC 2020
17 ms. Memory: 51200K Free: 22830K (45%)
ptolemy.util.test.WatchDog.cancel(): canceling Sun Feb 09 06:55:47 UTC 2020
auto.tcl: Setting watchdog for 200 seconds at Sun Feb 09 06:55:47 UTC 2020
17 ms. Memory: 51200K Free: 19006K (37%)
ptolemy.util.test.WatchDog.cancel(): canceling Sun Feb 09 06:55:47 UTC 2020
------------------ testing $PTII/ptolemy/domains/de/test/auto/Modal6.xml
auto.tcl: Setting watchdog for 200 seconds at Sun Feb 09 06:55:47 UTC 2020
18 ms. Memory: 51200K Free: 23578K (46%)
ptolemy.util.test.WatchDog.cancel(): canceling Sun Feb 09 06:55:47 UTC 2020
auto.tcl: Setting watchdog for 200 seconds at Sun Feb 09 06:55:47 UTC 2020
18 ms. Memory: 51200K Free: 19593K (38%)
ptolemy.util.test.WatchDog.cancel(): canceling Sun Feb 09 06:55:47 UTC 2020
------------------ testing $PTII/ptolemy/domains/de/test/auto/Modal7.xml
auto.tcl: Setting watchdog for 200 seconds at Sun Feb 09 06:55:47 UTC 2020
16 ms. Memory: 51200K Free: 22565K (44%)
ptolemy.util.test.WatchDog.cancel(): canceling Sun Feb 09 06:55:47 UTC 2020
auto.tcl: Setting watchdog for 200 seconds at Sun Feb 09 06:55:47 UTC 2020
14 ms. Memory: 51200K Free: 19005K (37%)
ptolemy.util.test.WatchDog.cancel(): canceling Sun Feb 09 06:55:47 UTC 2020
------------------ testing $PTII/ptolemy/domains/de/test/auto/ModalModel.xml
auto.tcl: Setting watchdog for 200 seconds at Sun Feb 09 06:55:47 UTC 2020
211 ms. Memory: 51200K Free: 16006K (31%)
ptolemy.util.test.WatchDog.cancel(): canceling Sun Feb 09 06:55:47 UTC 2020
auto.tcl: Setting watchdog for 200 seconds at Sun Feb 09 06:55:47 UTC 2020
188 ms. Memory: 61440K Free: 21765K (35%)
ptolemy.util.test.WatchDog.cancel(): canceling Sun Feb 09 06:55:48 UTC 2020
------------------ testing $PTII/ptolemy/domains/de/test/auto/ModalSource.xml
auto.tcl: Setting watchdog for 200 seconds at Sun Feb 09 06:55:48 UTC 2020
7 ms. Memory: 55296K Free: 31775K (57%)
ptolemy.util.test.WatchDog.cancel(): canceling Sun Feb 09 06:55:48 UTC 2020
auto.tcl: Setting watchdog for 200 seconds at Sun Feb 09 06:55:48 UTC 2020
6 ms. Memory: 55296K Free: 29727K (54%)
ptolemy.util.test.WatchDog.cancel(): canceling Sun Feb 09 06:55:48 UTC 2020
------------------ testing $PTII/ptolemy/domains/de/test/auto/NonInterruptibleTimerZeroDelay.xml
auto.tcl: Setting watchdog for 200 seconds at Sun Feb 09 06:55:48 UTC 2020
5 ms. Memory: 55296K Free: 36673K (66%)
ptolemy.util.test.WatchDog.cancel(): canceling Sun Feb 09 06:55:48 UTC 2020
auto.tcl: Setting watchdog for 200 seconds at Sun Feb 09 06:55:48 UTC 2020
3 ms. Memory: 55296K Free: 36064K (65%)
ptolemy.util.test.WatchDog.cancel(): canceling Sun Feb 09 06:55:48 UTC 2020
------------------ testing $PTII/ptolemy/domains/de/test/auto/OpenQueueingNetwork.xml
auto.tcl: Setting watchdog for 200 seconds at Sun Feb 09 06:55:48 UTC 2020
2797 ms. Memory: 89088K Free: 36356K (41%)
ptolemy.util.test.WatchDog.cancel(): canceling Sun Feb 09 06:55:51 UTC 2020
auto.tcl: Setting watchdog for 200 seconds at Sun Feb 09 06:55:51 UTC 2020
2398 ms. Memory: 107520K Free: 63923K (59%)
ptolemy.util.test.WatchDog.cancel(): canceling Sun Feb 09 06:55:53 UTC 2020
------------------ testing $PTII/ptolemy/domains/de/test/auto/OpenQueuingNetwork.xml
auto.tcl: Setting watchdog for 200 seconds at Sun Feb 09 06:55:53 UTC 2020
267 ms. Memory: 58368K Free: 32440K (56%)
ptolemy.util.test.WatchDog.cancel(): canceling Sun Feb 09 06:55:54 UTC 2020
auto.tcl: Setting watchdog for 200 seconds at Sun Feb 09 06:55:54 UTC 2020
251 ms. Memory: 58368K Free: 14276K (24%)
ptolemy.util.test.WatchDog.cancel(): canceling Sun Feb 09 06:55:54 UTC 2020
------------------ testing $PTII/ptolemy/domains/de/test/auto/PeriodicSampler.xml
auto.tcl: Setting watchdog for 200 seconds at Sun Feb 09 06:55:54 UTC 2020
4 ms. Memory: 51200K Free: 31816K (62%)
ptolemy.util.test.WatchDog.cancel(): canceling Sun Feb 09 06:55:54 UTC 2020
auto.tcl: Setting watchdog for 200 seconds at Sun Feb 09 06:55:54 UTC 2020
1 ms. Memory: 51200K Free: 31296K (61%)
ptolemy.util.test.WatchDog.cancel(): canceling Sun Feb 09 06:55:54 UTC 2020
------------------ testing $PTII/ptolemy/domains/de/test/auto/PersistentIO.xml
auto.tcl: Setting watchdog for 200 seconds at Sun Feb 09 06:55:54 UTC 2020
15 ms. Memory: 51200K Free: 26741K (52%)
ptolemy.util.test.WatchDog.cancel(): canceling Sun Feb 09 06:55:54 UTC 2020
auto.tcl: Setting watchdog for 200 seconds at Sun Feb 09 06:55:54 UTC 2020
4 ms. Memory: 51200K Free: 25221K (49%)
ptolemy.util.test.WatchDog.cancel(): canceling Sun Feb 09 06:55:54 UTC 2020
------------------ testing $PTII/ptolemy/domains/de/test/auto/PortParameterResetOnInitialize.xml
auto.tcl: Setting watchdog for 200 seconds at Sun Feb 09 06:55:54 UTC 2020
8 ms. Memory: 51200K Free: 31738K (62%)
ptolemy.util.test.WatchDog.cancel(): canceling Sun Feb 09 06:55:54 UTC 2020
auto.tcl: Setting watchdog for 200 seconds at Sun Feb 09 06:55:54 UTC 2020
3 ms. Memory: 51200K Free: 31228K (61%)
ptolemy.util.test.WatchDog.cancel(): canceling Sun Feb 09 06:55:54 UTC 2020
------------------ testing $PTII/ptolemy/domains/de/test/auto/PortParameterUpdates.xml
auto.tcl: Setting watchdog for 200 seconds at Sun Feb 09 06:55:54 UTC 2020
3 ms. Memory: 51200K Free: 30034K (59%)
ptolemy.util.test.WatchDog.cancel(): canceling Sun Feb 09 06:55:54 UTC 2020
auto.tcl: Setting watchdog for 200 seconds at Sun Feb 09 06:55:54 UTC 2020
3 ms. Memory: 51200K Free: 28796K (56%)
ptolemy.util.test.WatchDog.cancel(): canceling Sun Feb 09 06:55:54 UTC 2020
------------------ testing $PTII/ptolemy/domains/de/test/auto/QueueAndServer.xml
auto.tcl: Setting watchdog for 200 seconds at Sun Feb 09 06:55:54 UTC 2020
15 ms. Memory: 51200K Free: 28701K (56%)
ptolemy.util.test.WatchDog.cancel(): canceling Sun Feb 09 06:55:54 UTC 2020
auto.tcl: Setting watchdog for 200 seconds at Sun Feb 09 06:55:54 UTC 2020
8 ms. Memory: 51200K Free: 27229K (53%)
ptolemy.util.test.WatchDog.cancel(): canceling Sun Feb 09 06:55:54 UTC 2020
------------------ testing $PTII/ptolemy/domains/de/test/auto/Records.xml
auto.tcl: Setting watchdog for 200 seconds at Sun Feb 09 06:55:54 UTC 2020
3 ms. Memory: 51200K Free: 30970K (60%)
ptolemy.util.test.WatchDog.cancel(): canceling Sun Feb 09 06:55:54 UTC 2020
auto.tcl: Setting watchdog for 200 seconds at Sun Feb 09 06:55:54 UTC 2020
2 ms. Memory: 51200K Free: 30439K (59%)
ptolemy.util.test.WatchDog.cancel(): canceling Sun Feb 09 06:55:54 UTC 2020
------------------ testing $PTII/ptolemy/domains/de/test/auto/ResetTransitionWithStartTime1.xml
auto.tcl: Setting watchdog for 200 seconds at Sun Feb 09 06:55:54 UTC 2020
11 ms. Memory: 51200K Free: 28225K (55%)
ptolemy.util.test.WatchDog.cancel(): canceling Sun Feb 09 06:55:54 UTC 2020
auto.tcl: Setting watchdog for 200 seconds at Sun Feb 09 06:55:54 UTC 2020
6 ms. Memory: 51200K Free: 26177K (51%)
ptolemy.util.test.WatchDog.cancel(): canceling Sun Feb 09 06:55:54 UTC 2020
------------------ testing $PTII/ptolemy/domains/de/test/auto/ResetTransitionWithStartTime2.xml
auto.tcl: Setting watchdog for 200 seconds at Sun Feb 09 06:55:54 UTC 2020
7 ms. Memory: 51200K Free: 28216K (55%)
ptolemy.util.test.WatchDog.cancel(): canceling Sun Feb 09 06:55:54 UTC 2020
auto.tcl: Setting watchdog for 200 seconds at Sun Feb 09 06:55:54 UTC 2020
7 ms. Memory: 51200K Free: 26131K (51%)
ptolemy.util.test.WatchDog.cancel(): canceling Sun Feb 09 06:55:54 UTC 2020
------------------ testing $PTII/ptolemy/domains/de/test/auto/ResetTransitionWithStartTime3.xml
auto.tcl: Setting watchdog for 200 seconds at Sun Feb 09 06:55:54 UTC 2020
6 ms. Memory: 51200K Free: 28215K (55%)
ptolemy.util.test.WatchDog.cancel(): canceling Sun Feb 09 06:55:55 UTC 2020
auto.tcl: Setting watchdog for 200 seconds at Sun Feb 09 06:55:55 UTC 2020
6 ms. Memory: 51200K Free: 26130K (51%)
ptolemy.util.test.WatchDog.cancel(): canceling Sun Feb 09 06:55:55 UTC 2020
------------------ testing $PTII/ptolemy/domains/de/test/auto/ResetTransitionWithStartTime4.xml
auto.tcl: Setting watchdog for 200 seconds at Sun Feb 09 06:55:55 UTC 2020
7 ms. Memory: 51200K Free: 28602K (56%)
ptolemy.util.test.WatchDog.cancel(): canceling Sun Feb 09 06:55:55 UTC 2020
auto.tcl: Setting watchdog for 200 seconds at Sun Feb 09 06:55:55 UTC 2020
3 ms. Memory: 51200K Free: 27153K (53%)
ptolemy.util.test.WatchDog.cancel(): canceling Sun Feb 09 06:55:55 UTC 2020
------------------ testing $PTII/ptolemy/domains/de/test/auto/ResettableTimer1.xml
auto.tcl: Setting watchdog for 200 seconds at Sun Feb 09 06:55:55 UTC 2020
3 ms. Memory: 51200K Free: 32390K (63%)
ptolemy.util.test.WatchDog.cancel(): canceling Sun Feb 09 06:55:55 UTC 2020
auto.tcl: Setting watchdog for 200 seconds at Sun Feb 09 06:55:55 UTC 2020
2 ms. Memory: 51200K Free: 31709K (62%)
ptolemy.util.test.WatchDog.cancel(): canceling Sun Feb 09 06:55:55 UTC 2020
------------------ testing $PTII/ptolemy/domains/de/test/auto/ResettableTimer2.xml
auto.tcl: Setting watchdog for 200 seconds at Sun Feb 09 06:55:55 UTC 2020
2 ms. Memory: 51200K Free: 32442K (63%)
ptolemy.util.test.WatchDog.cancel(): canceling Sun Feb 09 06:55:55 UTC 2020
auto.tcl: Setting watchdog for 200 seconds at Sun Feb 09 06:55:55 UTC 2020
2 ms. Memory: 51200K Free: 31789K (62%)
ptolemy.util.test.WatchDog.cancel(): canceling Sun Feb 09 06:55:55 UTC 2020
------------------ testing $PTII/ptolemy/domains/de/test/auto/ResettableTimer3.xml
auto.tcl: Setting watchdog for 200 seconds at Sun Feb 09 06:55:55 UTC 2020
1 ms. Memory: 51200K Free: 32311K (63%)
ptolemy.util.test.WatchDog.cancel(): canceling Sun Feb 09 06:55:55 UTC 2020
auto.tcl: Setting watchdog for 200 seconds at Sun Feb 09 06:55:55 UTC 2020
1 ms. Memory: 51200K Free: 32311K (63%)
ptolemy.util.test.WatchDog.cancel(): canceling Sun Feb 09 06:55:55 UTC 2020
------------------ testing $PTII/ptolemy/domains/de/test/auto/ResettableTimer4.xml
auto.tcl: Setting watchdog for 200 seconds at Sun Feb 09 06:55:55 UTC 2020
1 ms. Memory: 51200K Free: 32324K (63%)
ptolemy.util.test.WatchDog.cancel(): canceling Sun Feb 09 06:55:55 UTC 2020
auto.tcl: Setting watchdog for 200 seconds at Sun Feb 09 06:55:55 UTC 2020
1 ms. Memory: 51200K Free: 31815K (62%)
ptolemy.util.test.WatchDog.cancel(): canceling Sun Feb 09 06:55:55 UTC 2020
------------------ testing $PTII/ptolemy/domains/de/test/auto/ResettableTimer5.xml
auto.tcl: Setting watchdog for 200 seconds at Sun Feb 09 06:55:55 UTC 2020
1 ms. Memory: 51200K Free: 31809K (62%)
ptolemy.util.test.WatchDog.cancel(): canceling Sun Feb 09 06:55:55 UTC 2020
auto.tcl: Setting watchdog for 200 seconds at Sun Feb 09 06:55:55 UTC 2020
2 ms. Memory: 51200K Free: 31302K (61%)
ptolemy.util.test.WatchDog.cancel(): canceling Sun Feb 09 06:55:55 UTC 2020
------------------ testing $PTII/ptolemy/domains/de/test/auto/ResettableTimer6.xml
auto.tcl: Setting watchdog for 200 seconds at Sun Feb 09 06:55:55 UTC 2020
2 ms. Memory: 51200K Free: 31798K (62%)
ptolemy.util.test.WatchDog.cancel(): canceling Sun Feb 09 06:55:55 UTC 2020
auto.tcl: Setting watchdog for 200 seconds at Sun Feb 09 06:55:55 UTC 2020
2 ms. Memory: 51200K Free: 31288K (61%)
ptolemy.util.test.WatchDog.cancel(): canceling Sun Feb 09 06:55:55 UTC 2020
------------------ testing $PTII/ptolemy/domains/de/test/auto/ServerZeroDelay.xml
auto.tcl: Setting watchdog for 200 seconds at Sun Feb 09 06:55:55 UTC 2020
4 ms. Memory: 51200K Free: 32303K (63%)
ptolemy.util.test.WatchDog.cancel(): canceling Sun Feb 09 06:55:55 UTC 2020
auto.tcl: Setting watchdog for 200 seconds at Sun Feb 09 06:55:55 UTC 2020
2 ms. Memory: 51200K Free: 31279K (61%)
ptolemy.util.test.WatchDog.cancel(): canceling Sun Feb 09 06:55:55 UTC 2020
------------------ testing $PTII/ptolemy/domains/de/test/auto/SmartSender.xml
auto.tcl: Setting watchdog for 200 seconds at Sun Feb 09 06:55:55 UTC 2020
3003 ms. Memory: 51200K Free: 31783K (62%)
ptolemy.util.test.WatchDog.cancel(): canceling Sun Feb 09 06:55:58 UTC 2020
auto.tcl: Setting watchdog for 200 seconds at Sun Feb 09 06:55:58 UTC 2020
3002 ms. Memory: 51200K Free: 31273K (61%)
ptolemy.util.test.WatchDog.cancel(): canceling Sun Feb 09 06:56:01 UTC 2020
------------------ testing $PTII/ptolemy/domains/de/test/auto/ThreadedComposite.xml
auto.tcl: Setting watchdog for 200 seconds at Sun Feb 09 06:56:01 UTC 2020
240 ms. Memory: 51200K Free: 12855K (25%)
ptolemy.util.test.WatchDog.cancel(): canceling Sun Feb 09 06:56:01 UTC 2020
auto.tcl: Setting watchdog for 200 seconds at Sun Feb 09 06:56:01 UTC 2020
150 ms. Memory: 61440K Free: 38506K (63%)
ptolemy.util.test.WatchDog.cancel(): canceling Sun Feb 09 06:56:02 UTC 2020
------------------ testing $PTII/ptolemy/domains/de/test/auto/Time.xml
auto.tcl: Setting watchdog for 200 seconds at Sun Feb 09 06:56:02 UTC 2020
415 ms. Memory: 55296K Free: 12971K (23%)
ptolemy.util.test.WatchDog.cancel(): canceling Sun Feb 09 06:56:02 UTC 2020
auto.tcl: Setting watchdog for 200 seconds at Sun Feb 09 06:56:02 UTC 2020
370 ms. Memory: 55296K Free: 23309K (42%)
ptolemy.util.test.WatchDog.cancel(): canceling Sun Feb 09 06:56:02 UTC 2020
------------------ testing $PTII/ptolemy/domains/de/test/auto/TimeDelayZeroDelay.xml
auto.tcl: Setting watchdog for 200 seconds at Sun Feb 09 06:56:02 UTC 2020
2 ms. Memory: 55296K Free: 36322K (66%)
ptolemy.util.test.WatchDog.cancel(): canceling Sun Feb 09 06:56:02 UTC 2020
auto.tcl: Setting watchdog for 200 seconds at Sun Feb 09 06:56:02 UTC 2020
2 ms. Memory: 55296K Free: 35857K (65%)
ptolemy.util.test.WatchDog.cancel(): canceling Sun Feb 09 06:56:02 UTC 2020
------------------ testing $PTII/ptolemy/domains/de/test/auto/TimerZeroDelay.xml
auto.tcl: Setting watchdog for 200 seconds at Sun Feb 09 06:56:03 UTC 2020
3 ms. Memory: 51200K Free: 32667K (64%)
ptolemy.util.test.WatchDog.cancel(): canceling Sun Feb 09 06:56:03 UTC 2020
auto.tcl: Setting watchdog for 200 seconds at Sun Feb 09 06:56:03 UTC 2020
1 ms. Memory: 51200K Free: 31840K (62%)
ptolemy.util.test.WatchDog.cancel(): canceling Sun Feb 09 06:56:03 UTC 2020
------------------ testing $PTII/ptolemy/domains/de/test/auto/TimingParadox.xml
auto.tcl: Setting watchdog for 200 seconds at Sun Feb 09 06:56:03 UTC 2020
299 ms. Memory: 51200K Free: 21950K (43%)
ptolemy.util.test.WatchDog.cancel(): canceling Sun Feb 09 06:56:03 UTC 2020
auto.tcl: Setting watchdog for 200 seconds at Sun Feb 09 06:56:03 UTC 2020
311 ms. Memory: 51200K Free: 13339K (26%)
ptolemy.util.test.WatchDog.cancel(): canceling Sun Feb 09 06:56:03 UTC 2020
------------------ testing $PTII/ptolemy/domains/de/test/auto/TransferInputs.xml
auto.tcl: Setting watchdog for 200 seconds at Sun Feb 09 06:56:03 UTC 2020
2 ms. Memory: 51200K Free: 30748K (60%)
ptolemy.util.test.WatchDog.cancel(): canceling Sun Feb 09 06:56:03 UTC 2020
auto.tcl: Setting watchdog for 200 seconds at Sun Feb 09 06:56:03 UTC 2020
2 ms. Memory: 51200K Free: 29820K (58%)
ptolemy.util.test.WatchDog.cancel(): canceling Sun Feb 09 06:56:03 UTC 2020
------------------ testing $PTII/ptolemy/domains/de/test/auto/TransferOutputs2.xml
auto.tcl: Setting watchdog for 200 seconds at Sun Feb 09 06:56:03 UTC 2020
2 ms. Memory: 51200K Free: 28177K (55%)
ptolemy.util.test.WatchDog.cancel(): canceling Sun Feb 09 06:56:03 UTC 2020
auto.tcl: Setting watchdog for 200 seconds at Sun Feb 09 06:56:03 UTC 2020
4 ms. Memory: 51200K Free: 26750K (52%)
ptolemy.util.test.WatchDog.cancel(): canceling Sun Feb 09 06:56:03 UTC 2020
------------------ testing $PTII/ptolemy/domains/de/test/auto/Trilateration.xml
auto.tcl: Setting watchdog for 200 seconds at Sun Feb 09 06:56:03 UTC 2020
11656 ms. Memory: 473088K Free: 236807K (50%)
ptolemy.util.test.WatchDog.cancel(): canceling Sun Feb 09 06:56:16 UTC 2020
auto.tcl: Setting watchdog for 200 seconds at Sun Feb 09 06:56:16 UTC 2020
9324 ms. Memory: 473088K Free: 415844K (88%)
ptolemy.util.test.WatchDog.cancel(): canceling Sun Feb 09 06:56:26 UTC 2020
------------------ testing $PTII/ptolemy/domains/de/test/auto/TwoSigmaDelta.xml
auto.tcl: Setting watchdog for 200 seconds at Sun Feb 09 06:56:26 UTC 2020
2327 ms. Memory: 89088K Free: 13041K (15%)
ptolemy.util.test.WatchDog.cancel(): canceling Sun Feb 09 06:56:28 UTC 2020
auto.tcl: Setting watchdog for 200 seconds at Sun Feb 09 06:56:28 UTC 2020
1870 ms. Memory: 89088K Free: 58576K (66%)
ptolemy.util.test.WatchDog.cancel(): canceling Sun Feb 09 06:56:30 UTC 2020
------------------ testing $PTII/ptolemy/domains/de/test/auto/VariableDelay.xml
auto.tcl: Setting watchdog for 200 seconds at Sun Feb 09 06:56:30 UTC 2020
3 ms. Memory: 55296K Free: 35313K (64%)
ptolemy.util.test.WatchDog.cancel(): canceling Sun Feb 09 06:56:30 UTC 2020
auto.tcl: Setting watchdog for 200 seconds at Sun Feb 09 06:56:30 UTC 2020
2 ms. Memory: 55296K Free: 34319K (62%)
ptolemy.util.test.WatchDog.cancel(): canceling Sun Feb 09 06:56:30 UTC 2020
------------------ testing $PTII/ptolemy/domains/de/test/auto/VariableDelay2.xml
auto.tcl: Setting watchdog for 200 seconds at Sun Feb 09 06:56:30 UTC 2020
3 ms. Memory: 55296K Free: 35712K (65%)
ptolemy.util.test.WatchDog.cancel(): canceling Sun Feb 09 06:56:30 UTC 2020
auto.tcl: Setting watchdog for 200 seconds at Sun Feb 09 06:56:30 UTC 2020
2 ms. Memory: 55296K Free: 35232K (64%)
ptolemy.util.test.WatchDog.cancel(): canceling Sun Feb 09 06:56:30 UTC 2020
------------------ testing $PTII/ptolemy/domains/de/test/auto/VariableDelayZeroDelay.xml
auto.tcl: Setting watchdog for 200 seconds at Sun Feb 09 06:56:30 UTC 2020
2 ms. Memory: 55296K Free: 36255K (66%)
ptolemy.util.test.WatchDog.cancel(): canceling Sun Feb 09 06:56:30 UTC 2020
auto.tcl: Setting watchdog for 200 seconds at Sun Feb 09 06:56:30 UTC 2020
2 ms. Memory: 55296K Free: 35711K (65%)
ptolemy.util.test.WatchDog.cancel(): canceling Sun Feb 09 06:56:30 UTC 2020
------------------ testing $PTII/ptolemy/domains/de/test/auto/VariableDelayZeroDelay2.xml
auto.tcl: Setting watchdog for 200 seconds at Sun Feb 09 06:56:30 UTC 2020
2 ms. Memory: 51200K Free: 32157K (63%)
ptolemy.util.test.WatchDog.cancel(): canceling Sun Feb 09 06:56:30 UTC 2020
auto.tcl: Setting watchdog for 200 seconds at Sun Feb 09 06:56:30 UTC 2020
2 ms. Memory: 51200K Free: 31133K (61%)
ptolemy.util.test.WatchDog.cancel(): canceling Sun Feb 09 06:56:30 UTC 2020
------------------ testing $PTII/ptolemy/domains/de/test/auto/deInCt.xml
auto.tcl: Setting watchdog for 200 seconds at Sun Feb 09 06:56:30 UTC 2020
0
1
1
1
0
0
0
1
1
1
0
0
0
1
1
1
0
0
0
0
0
1
1
1
0
0
0
0
1
1
1
1
0
0
0
0
16 ms. Memory: 51200K Free: 31131K (61%)
ptolemy.util.test.WatchDog.cancel(): canceling Sun Feb 09 06:56:30 UTC 2020
auto.tcl: Setting watchdog for 200 seconds at Sun Feb 09 06:56:30 UTC 2020
0
1
1
1
1
1
0
0
0
0
0
1
1
1
0
0
1
1
1
1
0
0
0
1
1
1
1
0
0
0
0
0
7 ms. Memory: 51200K Free: 29595K (58%)
ptolemy.util.test.WatchDog.cancel(): canceling Sun Feb 09 06:56:30 UTC 2020
------------------ testing $PTII/ptolemy/domains/de/test/auto/deInCt2.xml
auto.tcl: Setting watchdog for 200 seconds at Sun Feb 09 06:56:30 UTC 2020
0
1
1
1
0
0
1
1
1
0
0
1
1
1
0
0
1
1
1
0
0
1
1
1
0
0
1
1
1
0
0
1
1
1
0
0
1
1
1
0
0
0
15 ms. Memory: 51200K Free: 31132K (61%)
ptolemy.util.test.WatchDog.cancel(): canceling Sun Feb 09 06:56:30 UTC 2020
auto.tcl: Setting watchdog for 200 seconds at Sun Feb 09 06:56:30 UTC 2020
0
1
1
1
0
0
1
1
1
0
0
1
1
1
0
0
1
1
1
0
0
1
1
1
0
0
1
1
1
0
0
1
1
1
0
0
1
1
1
0
0
0
5 ms. Memory: 51200K Free: 29588K (58%)
ptolemy.util.test.WatchDog.cancel(): canceling Sun Feb 09 06:56:30 UTC 2020
------------------ testing $PTII/ptolemy/domains/de/test/auto/dynamicCausalityInterface1.xml
auto.tcl: Setting watchdog for 200 seconds at Sun Feb 09 06:56:30 UTC 2020
1 ms. Memory: 51200K Free: 27030K (53%)
ptolemy.util.test.WatchDog.cancel(): canceling Sun Feb 09 06:56:30 UTC 2020
auto.tcl: Setting watchdog for 200 seconds at Sun Feb 09 06:56:30 UTC 2020
1 ms. Memory: 51200K Free: 26532K (52%)
ptolemy.util.test.WatchDog.cancel(): canceling Sun Feb 09 06:56:30 UTC 2020
------------------ testing $PTII/ptolemy/domains/de/test/auto/fsm_de_test.xml
auto.tcl: Setting watchdog for 200 seconds at Sun Feb 09 06:56:31 UTC 2020
8 ms. Memory: 51200K Free: 26928K (53%)
ptolemy.util.test.WatchDog.cancel(): canceling Sun Feb 09 06:56:31 UTC 2020
auto.tcl: Setting watchdog for 200 seconds at Sun Feb 09 06:56:31 UTC 2020
6 ms. Memory: 51200K Free: 24880K (49%)
ptolemy.util.test.WatchDog.cancel(): canceling Sun Feb 09 06:56:31 UTC 2020
------------------ testing $PTII/ptolemy/domains/de/test/auto/functionDependencyReconstruction.xml
auto.tcl: Setting watchdog for 200 seconds at Sun Feb 09 06:56:31 UTC 2020
3 ms. Memory: 51200K Free: 20864K (41%)
ptolemy.util.test.WatchDog.cancel(): canceling Sun Feb 09 06:56:31 UTC 2020
auto.tcl: Setting watchdog for 200 seconds at Sun Feb 09 06:56:31 UTC 2020
3 ms. Memory: 51200K Free: 18726K (37%)
ptolemy.util.test.WatchDog.cancel(): canceling Sun Feb 09 06:56:31 UTC 2020
------------------ testing $PTII/ptolemy/domains/de/test/auto/multirate.xml
auto.tcl: Setting watchdog for 200 seconds at Sun Feb 09 06:56:31 UTC 2020
3 ms. Memory: 51200K Free: 29503K (58%)
ptolemy.util.test.WatchDog.cancel(): canceling Sun Feb 09 06:56:31 UTC 2020
auto.tcl: Setting watchdog for 200 seconds at Sun Feb 09 06:56:31 UTC 2020
3 ms. Memory: 51200K Free: 27824K (54%)
ptolemy.util.test.WatchDog.cancel(): canceling Sun Feb 09 06:56:31 UTC 2020
------------------ testing $PTII/ptolemy/domains/de/test/auto/multirate2.xml
auto.tcl: Setting watchdog for 200 seconds at Sun Feb 09 06:56:31 UTC 2020
3 ms. Memory: 51200K Free: 29525K (58%)
ptolemy.util.test.WatchDog.cancel(): canceling Sun Feb 09 06:56:31 UTC 2020
auto.tcl: Setting watchdog for 200 seconds at Sun Feb 09 06:56:31 UTC 2020
3 ms. Memory: 51200K Free: 28017K (55%)
ptolemy.util.test.WatchDog.cancel(): canceling Sun Feb 09 06:56:31 UTC 2020
------------------ testing $PTII/ptolemy/domains/de/test/auto/realtime.xml
auto.tcl: Setting watchdog for 200 seconds at Sun Feb 09 06:56:31 UTC 2020
10002 ms. Memory: 51200K Free: 31789K (62%)
ptolemy.util.test.WatchDog.cancel(): canceling Sun Feb 09 06:56:41 UTC 2020
auto.tcl: Setting watchdog for 200 seconds at Sun Feb 09 06:56:41 UTC 2020
10001 ms. Memory: 51200K Free: 31076K (61%)
ptolemy.util.test.WatchDog.cancel(): canceling Sun Feb 09 06:56:51 UTC 2020
------------------ testing $PTII/ptolemy/domains/de/test/auto/relationGroup.xml
auto.tcl: Setting watchdog for 200 seconds at Sun Feb 09 06:56:51 UTC 2020
4 ms. Memory: 51200K Free: 32852K (64%)
ptolemy.util.test.WatchDog.cancel(): canceling Sun Feb 09 06:56:51 UTC 2020
auto.tcl: Setting watchdog for 200 seconds at Sun Feb 09 06:56:51 UTC 2020
1 ms. Memory: 51200K Free: 32125K (63%)
ptolemy.util.test.WatchDog.cancel(): canceling Sun Feb 09 06:56:51 UTC 2020
------------------ testing $PTII/ptolemy/domains/de/test/auto/relationGroup2.xml
auto.tcl: Setting watchdog for 200 seconds at Sun Feb 09 06:56:51 UTC 2020
2 ms. Memory: 51200K Free: 32917K (64%)
ptolemy.util.test.WatchDog.cancel(): canceling Sun Feb 09 06:56:51 UTC 2020
auto.tcl: Setting watchdog for 200 seconds at Sun Feb 09 06:56:51 UTC 2020
1 ms. Memory: 51200K Free: 32415K (63%)
ptolemy.util.test.WatchDog.cancel(): canceling Sun Feb 09 06:56:51 UTC 2020
------------------ testing $PTII/ptolemy/domains/de/test/auto/sortWithOpaquePorts.xml
auto.tcl: Setting watchdog for 200 seconds at Sun Feb 09 06:56:51 UTC 2020
2 ms. Memory: 51200K Free: 31654K (62%)
ptolemy.util.test.WatchDog.cancel(): canceling Sun Feb 09 06:56:51 UTC 2020
auto.tcl: Setting watchdog for 200 seconds at Sun Feb 09 06:56:51 UTC 2020
2 ms. Memory: 51200K Free: 30631K (60%)
ptolemy.util.test.WatchDog.cancel(): canceling Sun Feb 09 06:56:51 UTC 2020
------------------ testing $PTII/ptolemy/domains/de/test/auto/transferInputsandOutputs.xml
auto.tcl: Setting watchdog for 200 seconds at Sun Feb 09 06:56:51 UTC 2020
2 ms. Memory: 51200K Free: 29098K (57%)
ptolemy.util.test.WatchDog.cancel(): canceling Sun Feb 09 06:56:51 UTC 2020
auto.tcl: Setting watchdog for 200 seconds at Sun Feb 09 06:56:51 UTC 2020
2 ms. Memory: 51200K Free: 28074K (55%)
ptolemy.util.test.WatchDog.cancel(): canceling Sun Feb 09 06:56:51 UTC 2020
------------------ testing $PTII/ptolemy/domains/de/test/auto/triggerType.xml
auto.tcl: Setting watchdog for 200 seconds at Sun Feb 09 06:56:51 UTC 2020
3 ms. Memory: 51200K Free: 32123K (63%)
ptolemy.util.test.WatchDog.cancel(): canceling Sun Feb 09 06:56:51 UTC 2020
auto.tcl: Setting watchdog for 200 seconds at Sun Feb 09 06:56:51 UTC 2020
1 ms. Memory: 51200K Free: 31111K (61%)
ptolemy.util.test.WatchDog.cancel(): canceling Sun Feb 09 06:56:51 UTC 2020
02/09/20 06:56:51
Failed: 0  Total Tests: 192  ((Passed: 187, Newly Passed: 1)  Known Failed: 5) /home/travis/build/icyphy/ptII/ptolemy/domains/de/test
02/09/20 06:56:51
Failed: 0  Total Tests: 192  ((Passed: 187, Newly Passed: 1)  Known Failed: 5) /home/travis/build/icyphy/ptII/ptolemy/domains/de/test
----------------- testing (KnownFailure) /home/travis/build/icyphy/ptII/ptolemy/domains/de/test/auto/knownFailedTests/DESDFClockTest.xml
2012 ms. Memory: 51200K Free: 25008K (49%)
Known Failure: java.lang.reflect.InvocationTargetException
----------------- testing (KnownFailure) /home/travis/build/icyphy/ptII/ptolemy/domains/de/test/auto/knownFailedTests/DirectFeedback.xml
2 ms. Memory: 51200K Free: 21422K (42%)
Known Failure: java.lang.reflect.InvocationTargetException
----------------- testing (KnownFailure) /home/travis/build/icyphy/ptII/ptolemy/domains/de/test/auto/knownFailedTests/FSMSource.xml
16 ms. Memory: 51200K Free: 13744K (27%)
----------------- testing (KnownFailure) /home/travis/build/icyphy/ptII/ptolemy/domains/de/test/auto/knownFailedTests/HierarchicalModel.xml
3 ms. Memory: 51200K Free: 25926K (51%)
Known Failure: java.lang.reflect.InvocationTargetException
----------------- testing (KnownFailure) /home/travis/build/icyphy/ptII/ptolemy/domains/de/test/auto/knownFailedTests/dependencyLoop.xml
2 ms. Memory: 51200K Free: 10598K (21%)
Known Failure: java.lang.reflect.InvocationTargetException
----------------- testing (KnownFailure) /home/travis/build/icyphy/ptII/ptolemy/domains/de/test/auto/knownFailedTests/dependencyLoop2.xml
7 ms. Memory: 51200K Free: 23625K (46%)
Known Failure: java.lang.reflect.InvocationTargetException
No auto/linux-amd64/*.xml tests in /home/travis/build/icyphy/ptII/ptolemy/domains/de/test
AutoTests.java: About to close Vertx.
AutoTests.java: Vertx closed.

===========================================================================================
----------------- testing Sun Feb 09 06:56:54 UTC 2020 /home/travis/build/icyphy/ptII/ptolemy/domains/de/test/auto/ActorDepthCalculation_actorWithoutPorts.xml
----------------- Instantiating /home/travis/build/icyphy/ptII/ptolemy/domains/de/test/auto/ActorDepthCalculation_actorWithoutPorts.xml
3 ms. Memory: 51200K Free: 16760K (33%)
----------------- Invoking toplevel() on ptolemy.moml.MoMLSimpleApplication@2f486462
----------------- Done invoking toplevel() on ptolemy.moml.MoMLSimpleApplication@2f486462
reloadAllAccessors: .ActorDepthCalculation_actorWithoutPorts

===========================================================================================
----------------- testing Sun Feb 09 06:56:54 UTC 2020 /home/travis/build/icyphy/ptII/ptolemy/domains/de/test/auto/AssemblyLine.xml
----------------- Instantiating /home/travis/build/icyphy/ptII/ptolemy/domains/de/test/auto/AssemblyLine.xml
4 ms. Memory: 51200K Free: 9906K (19%)
----------------- Invoking toplevel() on ptolemy.moml.MoMLSimpleApplication@7ce18e8
----------------- Done invoking toplevel() on ptolemy.moml.MoMLSimpleApplication@7ce18e8
reloadAllAccessors: .AssemblyLine

===========================================================================================
----------------- testing Sun Feb 09 06:56:54 UTC 2020 /home/travis/build/icyphy/ptII/ptolemy/domains/de/test/auto/CQBug1.xml
----------------- Instantiating /home/travis/build/icyphy/ptII/ptolemy/domains/de/test/auto/CQBug1.xml
1 ms. Memory: 51200K Free: 34592K (68%)
----------------- Invoking toplevel() on ptolemy.moml.MoMLSimpleApplication@6c08a657
----------------- Done invoking toplevel() on ptolemy.moml.MoMLSimpleApplication@6c08a657
reloadAllAccessors: .CQBug1

===========================================================================================
----------------- testing Sun Feb 09 06:56:54 UTC 2020 /home/travis/build/icyphy/ptII/ptolemy/domains/de/test/auto/CancelFireAt.xml
----------------- Instantiating /home/travis/build/icyphy/ptII/ptolemy/domains/de/test/auto/CancelFireAt.xml
10 ms. Memory: 51200K Free: 32107K (63%)
----------------- Invoking toplevel() on ptolemy.moml.MoMLSimpleApplication@745c1280
----------------- Done invoking toplevel() on ptolemy.moml.MoMLSimpleApplication@745c1280
reloadAllAccessors: .CancelFireAt

===========================================================================================
----------------- testing Sun Feb 09 06:56:54 UTC 2020 /home/travis/build/icyphy/ptII/ptolemy/domains/de/test/auto/CausalityAndComposabilityAnalysis.xml
----------------- Instantiating /home/travis/build/icyphy/ptII/ptolemy/domains/de/test/auto/CausalityAndComposabilityAnalysis.xml
1 ms. Memory: 51200K Free: 27778K (54%)
----------------- Invoking toplevel() on ptolemy.moml.MoMLSimpleApplication@74f0be85
----------------- Done invoking toplevel() on ptolemy.moml.MoMLSimpleApplication@74f0be85
reloadAllAccessors: .CausalityAndComposabilityAnalysis

===========================================================================================
----------------- testing Sun Feb 09 06:56:54 UTC 2020 /home/travis/build/icyphy/ptII/ptolemy/domains/de/test/auto/CausalityInterface1.xml
----------------- Instantiating /home/travis/build/icyphy/ptII/ptolemy/domains/de/test/auto/CausalityInterface1.xml
5 ms. Memory: 51200K Free: 22706K (44%)
----------------- Invoking toplevel() on ptolemy.moml.MoMLSimpleApplication@2c73f7cf
----------------- Done invoking toplevel() on ptolemy.moml.MoMLSimpleApplication@2c73f7cf
reloadAllAccessors: .CausalityInterface1

===========================================================================================
----------------- testing Sun Feb 09 06:56:54 UTC 2020 /home/travis/build/icyphy/ptII/ptolemy/domains/de/test/auto/CausalityInterface15.xml
----------------- Instantiating /home/travis/build/icyphy/ptII/ptolemy/domains/de/test/auto/CausalityInterface15.xml
3 ms. Memory: 51200K Free: 17424K (34%)
----------------- Invoking toplevel() on ptolemy.moml.MoMLSimpleApplication@6fc49d59
----------------- Done invoking toplevel() on ptolemy.moml.MoMLSimpleApplication@6fc49d59
reloadAllAccessors: .CausalityInterface15

===========================================================================================
----------------- testing Sun Feb 09 06:56:54 UTC 2020 /home/travis/build/icyphy/ptII/ptolemy/domains/de/test/auto/CausalityInterface2.xml
----------------- Instantiating /home/travis/build/icyphy/ptII/ptolemy/domains/de/test/auto/CausalityInterface2.xml
2 ms. Memory: 51200K Free: 12819K (25%)
[...]
	at ptolemy.actor.Manager.run(Manager.java:1263)
	at ptolemy.actor.Manager$PtolemyRunThread.run(Manager.java:1933)
java.lang.RuntimeException: Execution failed
	at ptolemy.moml.MoMLSimpleApplication$UnloadThread.run(MoMLSimpleApplication.java:402)
Caused by: ptolemy.kernel.util.IllegalActionException: Actor is not ready to fire.  Perhaps UpSample.prefire() returned false? Try debugging the actor by selecting "Listen to Actor".  Also, for SDF check moml for tokenConsumptionRate on input.
  in .DESDFClockTest.Play Bell.Copy1:SDF Director and .DESDFClockTest.Play Bell.UpSample
	at ptolemy.actor.sched.StaticSchedulingDirector.fire(StaticSchedulingDirector.java:227)
	at ptolemy.domains.sdf.kernel.SDFDirector.fire(SDFDirector.java:500)
	at ptolemy.actor.CompositeActor.fire(CompositeActor.java:455)
	at ptolemy.domains.de.kernel.DEDirector._fire(DEDirector.java:1949)
	at ptolemy.domains.de.kernel.DEDirector.fire(DEDirector.java:502)
	at ptolemy.actor.CompositeActor.fire(CompositeActor.java:455)
	at ptolemy.actor.Manager.iterate(Manager.java:851)
	at ptolemy.actor.Manager.execute(Manager.java:369)
	at ptolemy.actor.Manager.run(Manager.java:1263)
	at ptolemy.actor.Manager$PtolemyRunThread.run(Manager.java:1933)
java.lang.reflect.InvocationTargetException
	at java.base/jdk.internal.reflect.NativeConstructorAccessorImpl.newInstance0(Native Method)
	at java.base/jdk.internal.reflect.NativeConstructorAccessorImpl.newInstance(NativeConstructorAccessorImpl.java:62)
	at java.base/jdk.internal.reflect.DelegatingConstructorAccessorImpl.newInstance(DelegatingConstructorAccessorImpl.java:45)
	at java.base/java.lang.reflect.Constructor.newInstance(Constructor.java:490)
	at ptolemy.util.test.junit.AutoKnownFailedTests.RunModel(AutoKnownFailedTests.java:105)
	at java.base/jdk.internal.reflect.NativeMethodAccessorImpl.invoke0(Native Method)
	at java.base/jdk.internal.reflect.NativeMethodAccessorImpl.invoke(NativeMethodAccessorImpl.java:62)
	at java.base/jdk.internal.reflect.DelegatingMethodAccessorImpl.invoke(DelegatingMethodAccessorImpl.java:43)
	at java.base/java.lang.reflect.Method.invoke(Method.java:566)
	at org.junit.runners.model.FrameworkMethod$1.runReflectiveCall(FrameworkMethod.java:44)
	at org.junit.internal.runners.model.ReflectiveCallable.run(ReflectiveCallable.java:15)
	at org.junit.runners.model.FrameworkMethod.invokeExplosively(FrameworkMethod.java:41)
	at junitparams.internal.InvokeParameterisedMethod.evaluate(InvokeParameterisedMethod.java:102)
	at org.junit.internal.runners.statements.FailOnTimeout$1.run(FailOnTimeout.java:28)
Caused by: ptolemy.kernel.util.IllegalActionException: Actor is not ready to fire.  Perhaps UpSample.prefire() returned false? Try debugging the actor by selecting "Listen to Actor".  Also, for SDF check moml for tokenConsumptionRate on input.
  in .DESDFClockTest.Play Bell.Copy1:SDF Director and .DESDFClockTest.Play Bell.UpSample
	at ptolemy.actor.sched.StaticSchedulingDirector.fire(StaticSchedulingDirector.java:227)
	at ptolemy.domains.sdf.kernel.SDFDirector.fire(SDFDirector.java:500)
	at ptolemy.actor.CompositeActor.fire(CompositeActor.java:455)
	at ptolemy.domains.de.kernel.DEDirector._fire(DEDirector.java:1949)
	at ptolemy.domains.de.kernel.DEDirector.fire(DEDirector.java:502)
	at ptolemy.actor.CompositeActor.fire(CompositeActor.java:455)
	at ptolemy.actor.Manager.iterate(Manager.java:851)
	at ptolemy.actor.Manager.execute(Manager.java:369)
	at ptolemy.actor.Manager.run(Manager.java:1263)
	at ptolemy.actor.Manager$PtolemyRunThread.run(Manager.java:1933)
java.lang.RuntimeException: Execution failed
	at ptolemy.moml.MoMLSimpleApplication$UnloadThread.run(MoMLSimpleApplication.java:402)
Caused by: ptolemy.kernel.util.IllegalActionException: Test fails in iteration 1.
Value was: 1.0. Should have been: 2.0
  in .DirectFeedback.Test
	at ptolemy.actor.lib.Test.fire(Test.java:268)
	at ptolemy.domains.de.kernel.DEDirector._fire(DEDirector.java:1949)
	at ptolemy.domains.de.kernel.DEDirector.fire(DEDirector.java:502)
	at ptolemy.actor.CompositeActor.fire(CompositeActor.java:455)
	at ptolemy.actor.Manager.iterate(Manager.java:851)
	at ptolemy.actor.Manager.execute(Manager.java:369)
	at ptolemy.actor.Manager.run(Manager.java:1263)
	at ptolemy.actor.Manager$PtolemyRunThread.run(Manager.java:1933)
java.lang.reflect.InvocationTargetException
	at java.base/jdk.internal.reflect.NativeConstructorAccessorImpl.newInstance0(Native Method)
	at java.base/jdk.internal.reflect.NativeConstructorAccessorImpl.newInstance(NativeConstructorAccessorImpl.java:62)
	at java.base/jdk.internal.reflect.DelegatingConstructorAccessorImpl.newInstance(DelegatingConstructorAccessorImpl.java:45)
	at java.base/java.lang.reflect.Constructor.newInstance(Constructor.java:490)
	at ptolemy.util.test.junit.AutoKnownFailedTests.RunModel(AutoKnownFailedTests.java:105)
	at java.base/jdk.internal.reflect.NativeMethodAccessorImpl.invoke0(Native Method)
	at java.base/jdk.internal.reflect.NativeMethodAccessorImpl.invoke(NativeMethodAccessorImpl.java:62)
	at java.base/jdk.internal.reflect.DelegatingMethodAccessorImpl.invoke(DelegatingMethodAccessorImpl.java:43)
	at java.base/java.lang.reflect.Method.invoke(Method.java:566)
	at org.junit.runners.model.FrameworkMethod$1.runReflectiveCall(FrameworkMethod.java:44)
	at org.junit.internal.runners.model.ReflectiveCallable.run(ReflectiveCallable.java:15)
	at org.junit.runners.model.FrameworkMethod.invokeExplosively(FrameworkMethod.java:41)
	at junitparams.internal.InvokeParameterisedMethod.evaluate(InvokeParameterisedMethod.java:102)
	at org.junit.internal.runners.statements.FailOnTimeout$1.run(FailOnTimeout.java:28)
Caused by: ptolemy.kernel.util.IllegalActionException: Test fails in iteration 1.
Value was: 1.0. Should have been: 2.0
  in .DirectFeedback.Test
	at ptolemy.actor.lib.Test.fire(Test.java:268)
	at ptolemy.domains.de.kernel.DEDirector._fire(DEDirector.java:1949)
	at ptolemy.domains.de.kernel.DEDirector.fire(DEDirector.java:502)
	at ptolemy.actor.CompositeActor.fire(CompositeActor.java:455)
	at ptolemy.actor.Manager.iterate(Manager.java:851)
	at ptolemy.actor.Manager.execute(Manager.java:369)
	at ptolemy.actor.Manager.run(Manager.java:1263)
	at ptolemy.actor.Manager$PtolemyRunThread.run(Manager.java:1933)
java.lang.RuntimeException: Execution failed
	at ptolemy.moml.MoMLSimpleApplication$UnloadThread.run(MoMLSimpleApplication.java:402)
Caused by: ptolemy.kernel.util.IllegalActionException: Found a zero delay loop containing .HierarchicalModel.A
  in .HierarchicalModel and .HierarchicalModel.A
	at ptolemy.actor.util.CausalityInterfaceForComposites._computeOutputPortDepth(CausalityInterfaceForComposites.java:759)
	at ptolemy.actor.util.CausalityInterfaceForComposites._computeInputDepth(CausalityInterfaceForComposites.java:696)
	at ptolemy.actor.util.CausalityInterfaceForComposites._computeOutputPortDepth(CausalityInterfaceForComposites.java:765)
	at ptolemy.actor.util.CausalityInterfaceForComposites._computeInputDepth(CausalityInterfaceForComposites.java:696)
	at ptolemy.actor.util.CausalityInterfaceForComposites._computeOutputPortDepth(CausalityInterfaceForComposites.java:765)
	at ptolemy.actor.util.CausalityInterfaceForComposites._computeInputDepth(CausalityInterfaceForComposites.java:696)
	at ptolemy.actor.util.CausalityInterfaceForComposites._computeActorDepth(CausalityInterfaceForComposites.java:532)
	at ptolemy.actor.util.CausalityInterfaceForComposites.checkForCycles(CausalityInterfaceForComposites.java:96)
	at ptolemy.domains.de.kernel.DEDirector.preinitialize(DEDirector.java:1338)
	at ptolemy.actor.CompositeActor.preinitialize(CompositeActor.java:1828)
	at ptolemy.actor.Manager.preinitializeAndResolveTypes(Manager.java:1040)
	at ptolemy.actor.Manager.initialize(Manager.java:710)
	at ptolemy.actor.Manager.execute(Manager.java:356)
	at ptolemy.actor.Manager.run(Manager.java:1263)
	at ptolemy.actor.Manager$PtolemyRunThread.run(Manager.java:1933)
java.lang.reflect.InvocationTargetException
	at java.base/jdk.internal.reflect.NativeConstructorAccessorImpl.newInstance0(Native Method)
	at java.base/jdk.internal.reflect.NativeConstructorAccessorImpl.newInstance(NativeConstructorAccessorImpl.java:62)
	at java.base/jdk.internal.reflect.DelegatingConstructorAccessorImpl.newInstance(DelegatingConstructorAccessorImpl.java:45)
	at java.base/java.lang.reflect.Constructor.newInstance(Constructor.java:490)
	at ptolemy.util.test.junit.AutoKnownFailedTests.RunModel(AutoKnownFailedTests.java:105)
	at java.base/jdk.internal.reflect.NativeMethodAccessorImpl.invoke0(Native Method)
	at java.base/jdk.internal.reflect.NativeMethodAccessorImpl.invoke(NativeMethodAccessorImpl.java:62)
	at java.base/jdk.internal.reflect.DelegatingMethodAccessorImpl.invoke(DelegatingMethodAccessorImpl.java:43)
	at java.base/java.lang.reflect.Method.invoke(Method.java:566)
	at org.junit.runners.model.FrameworkMethod$1.runReflectiveCall(FrameworkMethod.java:44)
	at org.junit.internal.runners.model.ReflectiveCallable.run(ReflectiveCallable.java:15)
	at org.junit.runners.model.FrameworkMethod.invokeExplosively(FrameworkMethod.java:41)
	at junitparams.internal.InvokeParameterisedMethod.evaluate(InvokeParameterisedMethod.java:102)
	at org.junit.internal.runners.statements.FailOnTimeout$1.run(FailOnTimeout.java:28)
Caused by: ptolemy.kernel.util.IllegalActionException: Found a zero delay loop containing .HierarchicalModel.A
  in .HierarchicalModel and .HierarchicalModel.A
	at ptolemy.actor.util.CausalityInterfaceForComposites._computeOutputPortDepth(CausalityInterfaceForComposites.java:759)
	at ptolemy.actor.util.CausalityInterfaceForComposites._computeInputDepth(CausalityInterfaceForComposites.java:696)
	at ptolemy.actor.util.CausalityInterfaceForComposites._computeOutputPortDepth(CausalityInterfaceForComposites.java:765)
	at ptolemy.actor.util.CausalityInterfaceForComposites._computeInputDepth(CausalityInterfaceForComposites.java:696)
	at ptolemy.actor.util.CausalityInterfaceForComposites._computeOutputPortDepth(CausalityInterfaceForComposites.java:765)
	at ptolemy.actor.util.CausalityInterfaceForComposites._computeInputDepth(CausalityInterfaceForComposites.java:696)
	at ptolemy.actor.util.CausalityInterfaceForComposites._computeActorDepth(CausalityInterfaceForComposites.java:532)
	at ptolemy.actor.util.CausalityInterfaceForComposites.checkForCycles(CausalityInterfaceForComposites.java:96)
	at ptolemy.domains.de.kernel.DEDirector.preinitialize(DEDirector.java:1338)
	at ptolemy.actor.CompositeActor.preinitialize(CompositeActor.java:1828)
	at ptolemy.actor.Manager.preinitializeAndResolveTypes(Manager.java:1040)
	at ptolemy.actor.Manager.initialize(Manager.java:710)
	at ptolemy.actor.Manager.execute(Manager.java:356)
	at ptolemy.actor.Manager.run(Manager.java:1263)
	at ptolemy.actor.Manager$PtolemyRunThread.run(Manager.java:1933)
java.lang.RuntimeException: Execution failed
	at ptolemy.moml.MoMLSimpleApplication$UnloadThread.run(MoMLSimpleApplication.java:402)
Caused by: ptolemy.kernel.util.IllegalActionException: Found a zero delay loop containing .dependencyLoop.original
  in .dependencyLoop and .dependencyLoop.original
	at ptolemy.actor.util.CausalityInterfaceForComposites._computeOutputPortDepth(CausalityInterfaceForComposites.java:759)
	at ptolemy.actor.util.CausalityInterfaceForComposites._computeInputDepth(CausalityInterfaceForComposites.java:696)
	at ptolemy.actor.util.CausalityInterfaceForComposites._computeOutputPortDepth(CausalityInterfaceForComposites.java:765)
	at ptolemy.actor.util.CausalityInterfaceForComposites._computeInputDepth(CausalityInterfaceForComposites.java:696)
	at ptolemy.actor.util.CausalityInterfaceForComposites._computeOutputPortDepth(CausalityInterfaceForComposites.java:765)
	at ptolemy.actor.util.CausalityInterfaceForComposites._computeInputDepth(CausalityInterfaceForComposites.java:696)
	at ptolemy.actor.util.CausalityInterfaceForComposites._computeActorDepth(CausalityInterfaceForComposites.java:532)
	at ptolemy.actor.util.CausalityInterfaceForComposites.checkForCycles(CausalityInterfaceForComposites.java:96)
	at ptolemy.domains.de.kernel.DEDirector.preinitialize(DEDirector.java:1338)
	at ptolemy.actor.CompositeActor.preinitialize(CompositeActor.java:1828)
	at ptolemy.actor.Manager.preinitializeAndResolveTypes(Manager.java:1040)
	at ptolemy.actor.Manager.initialize(Manager.java:710)
	at ptolemy.actor.Manager.execute(Manager.java:356)
	at ptolemy.actor.Manager.run(Manager.java:1263)
	at ptolemy.actor.Manager$PtolemyRunThread.run(Manager.java:1933)
java.lang.reflect.InvocationTargetException
	at java.base/jdk.internal.reflect.NativeConstructorAccessorImpl.newInstance0(Native Method)
	at java.base/jdk.internal.reflect.NativeConstructorAccessorImpl.newInstance(NativeConstructorAccessorImpl.java:62)
	at java.base/jdk.internal.reflect.DelegatingConstructorAccessorImpl.newInstance(DelegatingConstructorAccessorImpl.java:45)
	at java.base/java.lang.reflect.Constructor.newInstance(Constructor.java:490)
	at ptolemy.util.test.junit.AutoKnownFailedTests.RunModel(AutoKnownFailedTests.java:105)
	at java.base/jdk.internal.reflect.NativeMethodAccessorImpl.invoke0(Native Method)
	at java.base/jdk.internal.reflect.NativeMethodAccessorImpl.invoke(NativeMethodAccessorImpl.java:62)
	at java.base/jdk.internal.reflect.DelegatingMethodAccessorImpl.invoke(DelegatingMethodAccessorImpl.java:43)
	at java.base/java.lang.reflect.Method.invoke(Method.java:566)
	at org.junit.runners.model.FrameworkMethod$1.runReflectiveCall(FrameworkMethod.java:44)
	at org.junit.internal.runners.model.ReflectiveCallable.run(ReflectiveCallable.java:15)
	at org.junit.runners.model.FrameworkMethod.invokeExplosively(FrameworkMethod.java:41)
	at junitparams.internal.InvokeParameterisedMethod.evaluate(InvokeParameterisedMethod.java:102)
	at org.junit.internal.runners.statements.FailOnTimeout$1.run(FailOnTimeout.java:28)
Caused by: ptolemy.kernel.util.IllegalActionException: Found a zero delay loop containing .dependencyLoop.original
  in .dependencyLoop and .dependencyLoop.original
	at ptolemy.actor.util.CausalityInterfaceForComposites._computeOutputPortDepth(CausalityInterfaceForComposites.java:759)
	at ptolemy.actor.util.CausalityInterfaceForComposites._computeInputDepth(CausalityInterfaceForComposites.java:696)
	at ptolemy.actor.util.CausalityInterfaceForComposites._computeOutputPortDepth(CausalityInterfaceForComposites.java:765)
	at ptolemy.actor.util.CausalityInterfaceForComposites._computeInputDepth(CausalityInterfaceForComposites.java:696)
	at ptolemy.actor.util.CausalityInterfaceForComposites._computeOutputPortDepth(CausalityInterfaceForComposites.java:765)
	at ptolemy.actor.util.CausalityInterfaceForComposites._computeInputDepth(CausalityInterfaceForComposites.java:696)
	at ptolemy.actor.util.CausalityInterfaceForComposites._computeActorDepth(CausalityInterfaceForComposites.java:532)
	at ptolemy.actor.util.CausalityInterfaceForComposites.checkForCycles(CausalityInterfaceForComposites.java:96)
	at ptolemy.domains.de.kernel.DEDirector.preinitialize(DEDirector.java:1338)
	at ptolemy.actor.CompositeActor.preinitialize(CompositeActor.java:1828)
	at ptolemy.actor.Manager.preinitializeAndResolveTypes(Manager.java:1040)
	at ptolemy.actor.Manager.initialize(Manager.java:710)
	at ptolemy.actor.Manager.execute(Manager.java:356)
	at ptolemy.actor.Manager.run(Manager.java:1263)
	at ptolemy.actor.Manager$PtolemyRunThread.run(Manager.java:1933)
java.lang.RuntimeException: Execution failed
	at ptolemy.moml.MoMLSimpleApplication$UnloadThread.run(MoMLSimpleApplication.java:402)
Caused by: ptolemy.kernel.util.IllegalActionException: Found a zero delay loop containing .dependencyLoop2.original
  in .dependencyLoop2 and .dependencyLoop2.original
	at ptolemy.actor.util.CausalityInterfaceForComposites._computeOutputPortDepth(CausalityInterfaceForComposites.java:759)
	at ptolemy.actor.util.CausalityInterfaceForComposites._computeInputDepth(CausalityInterfaceForComposites.java:696)
	at ptolemy.actor.util.CausalityInterfaceForComposites._computeOutputPortDepth(CausalityInterfaceForComposites.java:765)
	at ptolemy.actor.util.CausalityInterfaceForComposites._computeInputDepth(CausalityInterfaceForComposites.java:696)
	at ptolemy.actor.util.CausalityInterfaceForComposites._computeOutputPortDepth(CausalityInterfaceForComposites.java:765)
	at ptolemy.actor.util.CausalityInterfaceForComposites._computeInputDepth(CausalityInterfaceForComposites.java:696)
	at ptolemy.actor.util.CausalityInterfaceForComposites._computeActorDepth(CausalityInterfaceForComposites.java:532)
	at ptolemy.actor.util.CausalityInterfaceForComposites.checkForCycles(CausalityInterfaceForComposites.java:96)
	at ptolemy.domains.de.kernel.DEDirector.preinitialize(DEDirector.java:1338)
	at ptolemy.actor.CompositeActor.preinitialize(CompositeActor.java:1828)
	at ptolemy.actor.Manager.preinitializeAndResolveTypes(Manager.java:1040)
	at ptolemy.actor.Manager.initialize(Manager.java:710)
	at ptolemy.actor.Manager.execute(Manager.java:356)
	at ptolemy.actor.Manager.run(Manager.java:1263)
	at ptolemy.actor.Manager$PtolemyRunThread.run(Manager.java:1933)
java.lang.reflect.InvocationTargetException
	at java.base/jdk.internal.reflect.NativeConstructorAccessorImpl.newInstance0(Native Method)
	at java.base/jdk.internal.reflect.NativeConstructorAccessorImpl.newInstance(NativeConstructorAccessorImpl.java:62)
	at java.base/jdk.internal.reflect.DelegatingConstructorAccessorImpl.newInstance(DelegatingConstructorAccessorImpl.java:45)
	at java.base/java.lang.reflect.Constructor.newInstance(Constructor.java:490)
	at ptolemy.util.test.junit.AutoKnownFailedTests.RunModel(AutoKnownFailedTests.java:105)
	at java.base/jdk.internal.reflect.NativeMethodAccessorImpl.invoke0(Native Method)
	at java.base/jdk.internal.reflect.NativeMethodAccessorImpl.invoke(NativeMethodAccessorImpl.java:62)
	at java.base/jdk.internal.reflect.DelegatingMethodAccessorImpl.invoke(DelegatingMethodAccessorImpl.java:43)
	at java.base/java.lang.reflect.Method.invoke(Method.java:566)
	at org.junit.runners.model.FrameworkMethod$1.runReflectiveCall(FrameworkMethod.java:44)
	at org.junit.internal.runners.model.ReflectiveCallable.run(ReflectiveCallable.java:15)
	at org.junit.runners.model.FrameworkMethod.invokeExplosively(FrameworkMethod.java:41)
	at junitparams.internal.InvokeParameterisedMethod.evaluate(InvokeParameterisedMethod.java:102)
	at org.junit.internal.runners.statements.FailOnTimeout$1.run(FailOnTimeout.java:28)
Caused by: ptolemy.kernel.util.IllegalActionException: Found a zero delay loop containing .dependencyLoop2.original
  in .dependencyLoop2 and .dependencyLoop2.original
	at ptolemy.actor.util.CausalityInterfaceForComposites._computeOutputPortDepth(CausalityInterfaceForComposites.java:759)
	at ptolemy.actor.util.CausalityInterfaceForComposites._computeInputDepth(CausalityInterfaceForComposites.java:696)
	at ptolemy.actor.util.CausalityInterfaceForComposites._computeOutputPortDepth(CausalityInterfaceForComposites.java:765)
	at ptolemy.actor.util.CausalityInterfaceForComposites._computeInputDepth(CausalityInterfaceForComposites.java:696)
	at ptolemy.actor.util.CausalityInterfaceForComposites._computeOutputPortDepth(CausalityInterfaceForComposites.java:765)
	at ptolemy.actor.util.CausalityInterfaceForComposites._computeInputDepth(CausalityInterfaceForComposites.java:696)
	at ptolemy.actor.util.CausalityInterfaceForComposites._computeActorDepth(CausalityInterfaceForComposites.java:532)
	at ptolemy.actor.util.CausalityInterfaceForComposites.checkForCycles(CausalityInterfaceForComposites.java:96)
	at ptolemy.domains.de.kernel.DEDirector.preinitialize(DEDirector.java:1338)
	at ptolemy.actor.CompositeActor.preinitialize(CompositeActor.java:1828)
	at ptolemy.actor.Manager.preinitializeAndResolveTypes(Manager.java:1040)
	at ptolemy.actor.Manager.initialize(Manager.java:710)
	at ptolemy.actor.Manager.execute(Manager.java:356)
	at ptolemy.actor.Manager.run(Manager.java:1263)
	at ptolemy.actor.Manager$PtolemyRunThread.run(Manager.java:1933)
]]></system-err>
</testsuite>
