<?xml version="1.0" encoding="UTF-8" ?>
<testsuite errors="0" failures="0" hostname="travis-job-ccba781b-4682-4d6a-87d8-7e120c00c222" name="ptolemy.domains.continuous.test.junit.JUnitTclTest" skipped="0" tests="156" time="92.089" timestamp="2019-09-15T05:37:49">
  <properties>
[...]
</properties>
  <testcase classname="ptolemy.util.test.junit.TclTests" name="[0] ThereAreNoTclTests (RunTclFile)" time="0.009" />
  <testcase classname="ptolemy.util.test.junit.AutoKnownFailedTests" name="[0] ThereAreNoKnowFailedTests (RunModel)" time="0.01" />
  <testcase classname="ptolemy.util.test.junit.AutoNameArchTests" name="[0] ThereAreNoAutoArchTests (RunModel)" time="0.012" />
  <testcase classname="ptolemy.util.test.junit.AutoTests" name="[0] /home/travis/build/icyphy/ptII/ptolemy/domains/continuous/test/auto/BouncingBall.xml (RunModel)" time="3.789" />
  <testcase classname="ptolemy.util.test.junit.AutoTests" name="[1] /home/travis/build/icyphy/ptII/ptolemy/domains/continuous/test/auto/BouncingBallWithoutGR.xml (RunModel)" time="1.269" />
  <testcase classname="ptolemy.util.test.junit.AutoTests" name="[2] /home/travis/build/icyphy/ptII/ptolemy/domains/continuous/test/auto/Brownian.xml (RunModel)" time="0.144" />
  <testcase classname="ptolemy.util.test.junit.AutoTests" name="[3] /home/travis/build/icyphy/ptII/ptolemy/domains/continuous/test/auto/CarTracking.xml (RunModel)" time="5.322" />
  <testcase classname="ptolemy.util.test.junit.AutoTests" name="[4] /home/travis/build/icyphy/ptII/ptolemy/domains/continuous/test/auto/CartPendulum.xml (RunModel)" time="0.699" />
  <testcase classname="ptolemy.util.test.junit.AutoTests" name="[5] /home/travis/build/icyphy/ptII/ptolemy/domains/continuous/test/auto/CausalityInterface10.xml (RunModel)" time="0.084" />
  <testcase classname="ptolemy.util.test.junit.AutoTests" name="[6] /home/travis/build/icyphy/ptII/ptolemy/domains/continuous/test/auto/CausalityInterface11.xml (RunModel)" time="0.04" />
  <testcase classname="ptolemy.util.test.junit.AutoTests" name="[7] /home/travis/build/icyphy/ptII/ptolemy/domains/continuous/test/auto/CausalityInterface12.xml (RunModel)" time="0.045" />
  <testcase classname="ptolemy.util.test.junit.AutoTests" name="[8] /home/travis/build/icyphy/ptII/ptolemy/domains/continuous/test/auto/CausalityInterface13.xml (RunModel)" time="0.042" />
  <testcase classname="ptolemy.util.test.junit.AutoTests" name="[9] /home/travis/build/icyphy/ptII/ptolemy/domains/continuous/test/auto/CausalityInterface14.xml (RunModel)" time="0.033" />
  <testcase classname="ptolemy.util.test.junit.AutoTests" name="[10] /home/travis/build/icyphy/ptII/ptolemy/domains/continuous/test/auto/CausalityInterface4.xml (RunModel)" time="0.041" />
  <testcase classname="ptolemy.util.test.junit.AutoTests" name="[11] /home/travis/build/icyphy/ptII/ptolemy/domains/continuous/test/auto/CausalityInterface5.xml (RunModel)" time="0.049" />
  <testcase classname="ptolemy.util.test.junit.AutoTests" name="[12] /home/travis/build/icyphy/ptII/ptolemy/domains/continuous/test/auto/CausalityInterface6.xml (RunModel)" time="0.03" />
  <testcase classname="ptolemy.util.test.junit.AutoTests" name="[13] /home/travis/build/icyphy/ptII/ptolemy/domains/continuous/test/auto/CausalityInterface7.xml (RunModel)" time="0.049" />
  <testcase classname="ptolemy.util.test.junit.AutoTests" name="[14] /home/travis/build/icyphy/ptII/ptolemy/domains/continuous/test/auto/CausalityInterface8.xml (RunModel)" time="0.045" />
  <testcase classname="ptolemy.util.test.junit.AutoTests" name="[15] /home/travis/build/icyphy/ptII/ptolemy/domains/continuous/test/auto/CausalityInterface9.xml (RunModel)" time="0.061" />
  <testcase classname="ptolemy.util.test.junit.AutoTests" name="[16] /home/travis/build/icyphy/ptII/ptolemy/domains/continuous/test/auto/CausalityInterfaceFeedback1.xml (RunModel)" time="0.039" />
  <testcase classname="ptolemy.util.test.junit.AutoTests" name="[17] /home/travis/build/icyphy/ptII/ptolemy/domains/continuous/test/auto/CausalityInterfaceFeedback2.xml (RunModel)" time="0.043" />
  <testcase classname="ptolemy.util.test.junit.AutoTests" name="[18] /home/travis/build/icyphy/ptII/ptolemy/domains/continuous/test/auto/CompareWithCurrentTime.xml (RunModel)" time="0.038" />
  <testcase classname="ptolemy.util.test.junit.AutoTests" name="[19] /home/travis/build/icyphy/ptII/ptolemy/domains/continuous/test/auto/ComparedClocks.xml (RunModel)" time="0.106" />
  <testcase classname="ptolemy.util.test.junit.AutoTests" name="[20] /home/travis/build/icyphy/ptII/ptolemy/domains/continuous/test/auto/ContinuousAOCClone.xml (RunModel)" time="3.331" />
  <testcase classname="ptolemy.util.test.junit.AutoTests" name="[21] /home/travis/build/icyphy/ptII/ptolemy/domains/continuous/test/auto/ContinuousClock.xml (RunModel)" time="0.092" />
  <testcase classname="ptolemy.util.test.junit.AutoTests" name="[22] /home/travis/build/icyphy/ptII/ptolemy/domains/continuous/test/auto/ContinuousInContinuous.xml (RunModel)" time="0.104" />
  <testcase classname="ptolemy.util.test.junit.AutoTests" name="[23] /home/travis/build/icyphy/ptII/ptolemy/domains/continuous/test/auto/ContinuousInContinuousInContinuous.xml (RunModel)" time="0.03" />
  <testcase classname="ptolemy.util.test.junit.AutoTests" name="[24] /home/travis/build/icyphy/ptII/ptolemy/domains/continuous/test/auto/ContinuousInDE.xml (RunModel)" time="0.139" />
  <testcase classname="ptolemy.util.test.junit.AutoTests" name="[25] /home/travis/build/icyphy/ptII/ptolemy/domains/continuous/test/auto/ContinuousInDE2.xml (RunModel)" time="0.07" />
  <testcase classname="ptolemy.util.test.junit.AutoTests" name="[26] /home/travis/build/icyphy/ptII/ptolemy/domains/continuous/test/auto/ContinuousInDE3.xml (RunModel)" time="0.071" />
  <testcase classname="ptolemy.util.test.junit.AutoTests" name="[27] /home/travis/build/icyphy/ptII/ptolemy/domains/continuous/test/auto/ContinuousInDE4.xml (RunModel)" time="0.042" />
  <testcase classname="ptolemy.util.test.junit.AutoTests" name="[28] /home/travis/build/icyphy/ptII/ptolemy/domains/continuous/test/auto/ContinuousInDEDifferentRefinements.xml (RunModel)" time="0.137" />
  <testcase classname="ptolemy.util.test.junit.AutoTests" name="[29] /home/travis/build/icyphy/ptII/ptolemy/domains/continuous/test/auto/ContinuousInDEDifferentRefinementsPreemptive.xml (RunModel)" time="0.129" />
  <testcase classname="ptolemy.util.test.junit.AutoTests" name="[30] /home/travis/build/icyphy/ptII/ptolemy/domains/continuous/test/auto/ContinuousInDEInContinuous2.xml (RunModel)" time="0.077" />
  <testcase classname="ptolemy.util.test.junit.AutoTests" name="[31] /home/travis/build/icyphy/ptII/ptolemy/domains/continuous/test/auto/ContinuousInDEInContinuous3.xml (RunModel)" time="0.079" />
  <testcase classname="ptolemy.util.test.junit.AutoTests" name="[32] /home/travis/build/icyphy/ptII/ptolemy/domains/continuous/test/auto/ContinuousInDEInput.xml (RunModel)" time="0.045" />
  <testcase classname="ptolemy.util.test.junit.AutoTests" name="[33] /home/travis/build/icyphy/ptII/ptolemy/domains/continuous/test/auto/ContinuousInDEInput2.xml (RunModel)" time="0.047" />
  <testcase classname="ptolemy.util.test.junit.AutoTests" name="[34] /home/travis/build/icyphy/ptII/ptolemy/domains/continuous/test/auto/ContinuousInDEInput3.xml (RunModel)" time="0.041" />
  <testcase classname="ptolemy.util.test.junit.AutoTests" name="[35] /home/travis/build/icyphy/ptII/ptolemy/domains/continuous/test/auto/ContinuousInDESharingRefinement.xml (RunModel)" time="0.251" />
  <testcase classname="ptolemy.util.test.junit.AutoTests" name="[36] /home/travis/build/icyphy/ptII/ptolemy/domains/continuous/test/auto/ContinuousInDEwithNoPorts.xml (RunModel)" time="0.016" />
  <testcase classname="ptolemy.util.test.junit.AutoTests" name="[37] /home/travis/build/icyphy/ptII/ptolemy/domains/continuous/test/auto/ContinuousInsideDE.xml (RunModel)" time="0.092" />
  <testcase classname="ptolemy.util.test.junit.AutoTests" name="[38] /home/travis/build/icyphy/ptII/ptolemy/domains/continuous/test/auto/ContinuousMerge1.xml (RunModel)" time="0.02" />
  <testcase classname="ptolemy.util.test.junit.AutoTests" name="[39] /home/travis/build/icyphy/ptII/ptolemy/domains/continuous/test/auto/ContinuousMerge2.xml (RunModel)" time="0.053" />
  <testcase classname="ptolemy.util.test.junit.AutoTests" name="[40] /home/travis/build/icyphy/ptII/ptolemy/domains/continuous/test/auto/ContinuousMerge3.xml (RunModel)" time="0.085" />
  <testcase classname="ptolemy.util.test.junit.AutoTests" name="[41] /home/travis/build/icyphy/ptII/ptolemy/domains/continuous/test/auto/ContinuousWithinContinuous.xml (RunModel)" time="0.064" />
  <testcase classname="ptolemy.util.test.junit.AutoTests" name="[42] /home/travis/build/icyphy/ptII/ptolemy/domains/continuous/test/auto/ContinuousWithinContinuous2.xml (RunModel)" time="0.096" />
  <testcase classname="ptolemy.util.test.junit.AutoTests" name="[43] /home/travis/build/icyphy/ptII/ptolemy/domains/continuous/test/auto/ContinuousWithinContinuous3.xml (RunModel)" time="0.032" />
  <testcase classname="ptolemy.util.test.junit.AutoTests" name="[44] /home/travis/build/icyphy/ptII/ptolemy/domains/continuous/test/auto/ContinuousWithinContinuous4.xml (RunModel)" time="0.105" />
  <testcase classname="ptolemy.util.test.junit.AutoTests" name="[45] /home/travis/build/icyphy/ptII/ptolemy/domains/continuous/test/auto/ContinuousWithinContinuous5.xml (RunModel)" time="0.038" />
  <testcase classname="ptolemy.util.test.junit.AutoTests" name="[46] /home/travis/build/icyphy/ptII/ptolemy/domains/continuous/test/auto/ContinuousWithinContinuous6.xml (RunModel)" time="0.043" />
  <testcase classname="ptolemy.util.test.junit.AutoTests" name="[47] /home/travis/build/icyphy/ptII/ptolemy/domains/continuous/test/auto/ContinuousWithinContinuous7.xml (RunModel)" time="0.096" />
  <testcase classname="ptolemy.util.test.junit.AutoTests" name="[48] /home/travis/build/icyphy/ptII/ptolemy/domains/continuous/test/auto/DCMotor.xml (RunModel)" time="18.124" />
  <testcase classname="ptolemy.util.test.junit.AutoTests" name="[49] /home/travis/build/icyphy/ptII/ptolemy/domains/continuous/test/auto/DEInContinuous.xml (RunModel)" time="0.048" />
  <testcase classname="ptolemy.util.test.junit.AutoTests" name="[50] /home/travis/build/icyphy/ptII/ptolemy/domains/continuous/test/auto/DEinContinuous2.xml (RunModel)" time="0.04" />
  <testcase classname="ptolemy.util.test.junit.AutoTests" name="[51] /home/travis/build/icyphy/ptII/ptolemy/domains/continuous/test/auto/Derivative.xml (RunModel)" time="0.262" />
  <testcase classname="ptolemy.util.test.junit.AutoTests" name="[52] /home/travis/build/icyphy/ptII/ptolemy/domains/continuous/test/auto/Derivative1.xml (RunModel)" time="0.075" />
  <testcase classname="ptolemy.util.test.junit.AutoTests" name="[53] /home/travis/build/icyphy/ptII/ptolemy/domains/continuous/test/auto/DiscreteClock.xml (RunModel)" time="0.032" />
  <testcase classname="ptolemy.util.test.junit.AutoTests" name="[54] /home/travis/build/icyphy/ptII/ptolemy/domains/continuous/test/auto/EfficiencyCurve.xml (RunModel)" time="0.147" />
  <testcase classname="ptolemy.util.test.junit.AutoTests" name="[55] /home/travis/build/icyphy/ptII/ptolemy/domains/continuous/test/auto/ExponentialResponse.xml (RunModel)" time="0.153" />
  <testcase classname="ptolemy.util.test.junit.AutoTests" name="[56] /home/travis/build/icyphy/ptII/ptolemy/domains/continuous/test/auto/ExponentialResponseRK45.xml (RunModel)" time="0.05" />
  <testcase classname="ptolemy.util.test.junit.AutoTests" name="[57] /home/travis/build/icyphy/ptII/ptolemy/domains/continuous/test/auto/Friction.xml (RunModel)" time="2.212" />
  <testcase classname="ptolemy.util.test.junit.AutoTests" name="[58] /home/travis/build/icyphy/ptII/ptolemy/domains/continuous/test/auto/FurutaPendulum.xml (RunModel)" time="3.901" />
  <testcase classname="ptolemy.util.test.junit.AutoTests" name="[59] /home/travis/build/icyphy/ptII/ptolemy/domains/continuous/test/auto/HierarchicalExecution.xml (RunModel)" time="2.915" />
  <testcase classname="ptolemy.util.test.junit.AutoTests" name="[60] /home/travis/build/icyphy/ptII/ptolemy/domains/continuous/test/auto/HybridPlant.xml (RunModel)" time="0.768" />
  <testcase classname="ptolemy.util.test.junit.AutoTests" name="[61] /home/travis/build/icyphy/ptII/ptolemy/domains/continuous/test/auto/Hysteresis.xml (RunModel)" time="0.256" />
  <testcase classname="ptolemy.util.test.junit.AutoTests" name="[62] /home/travis/build/icyphy/ptII/ptolemy/domains/continuous/test/auto/HysteresisWithRandomDelay.xml (RunModel)" time="0.303" />
  <testcase classname="ptolemy.util.test.junit.AutoTests" name="[63] /home/travis/build/icyphy/ptII/ptolemy/domains/continuous/test/auto/HysteresisWithRandomLosses.xml (RunModel)" time="3.304" />
  <testcase classname="ptolemy.util.test.junit.AutoTests" name="[64] /home/travis/build/icyphy/ptII/ptolemy/domains/continuous/test/auto/ImmediateTransitions.xml (RunModel)" time="0.048" />
  <testcase classname="ptolemy.util.test.junit.AutoTests" name="[65] /home/travis/build/icyphy/ptII/ptolemy/domains/continuous/test/auto/ImpulseFeedback.xml (RunModel)" time="0.026" />
  <testcase classname="ptolemy.util.test.junit.AutoTests" name="[66] /home/travis/build/icyphy/ptII/ptolemy/domains/continuous/test/auto/ImpulseFeedback2.xml (RunModel)" time="0.024" />
  <testcase classname="ptolemy.util.test.junit.AutoTests" name="[67] /home/travis/build/icyphy/ptII/ptolemy/domains/continuous/test/auto/IncreasingRatePoisson.xml (RunModel)" time="0.997" />
  <testcase classname="ptolemy.util.test.junit.AutoTests" name="[68] /home/travis/build/icyphy/ptII/ptolemy/domains/continuous/test/auto/InitialStateFeedback.xml (RunModel)" time="0.017" />
  <testcase classname="ptolemy.util.test.junit.AutoTests" name="[69] /home/travis/build/icyphy/ptII/ptolemy/domains/continuous/test/auto/Integration.xml (RunModel)" time="0.018" />
  <testcase classname="ptolemy.util.test.junit.AutoTests" name="[70] /home/travis/build/icyphy/ptII/ptolemy/domains/continuous/test/auto/Integration2.xml (RunModel)" time="0.137" />
  <testcase classname="ptolemy.util.test.junit.AutoTests" name="[71] /home/travis/build/icyphy/ptII/ptolemy/domains/continuous/test/auto/Integration3.xml (RunModel)" time="0.014" />
  <testcase classname="ptolemy.util.test.junit.AutoTests" name="[72] /home/travis/build/icyphy/ptII/ptolemy/domains/continuous/test/auto/Integration5.xml (RunModel)" time="0.011" />
  <testcase classname="ptolemy.util.test.junit.AutoTests" name="[73] /home/travis/build/icyphy/ptII/ptolemy/domains/continuous/test/auto/IntegratorImpulse.xml (RunModel)" time="0.01" />
  <testcase classname="ptolemy.util.test.junit.AutoTests" name="[74] /home/travis/build/icyphy/ptII/ptolemy/domains/continuous/test/auto/IntegratorImpulse2.xml (RunModel)" time="0.017" />
  <testcase classname="ptolemy.util.test.junit.AutoTests" name="[75] /home/travis/build/icyphy/ptII/ptolemy/domains/continuous/test/auto/LevelCrossing1.xml (RunModel)" time="0.013" />
  <testcase classname="ptolemy.util.test.junit.AutoTests" name="[76] /home/travis/build/icyphy/ptII/ptolemy/domains/continuous/test/auto/LevelCrossing2.xml (RunModel)" time="0.017" />
  <testcase classname="ptolemy.util.test.junit.AutoTests" name="[77] /home/travis/build/icyphy/ptII/ptolemy/domains/continuous/test/auto/LevelCrossing3.xml (RunModel)" time="0.014" />
  <testcase classname="ptolemy.util.test.junit.AutoTests" name="[78] /home/travis/build/icyphy/ptII/ptolemy/domains/continuous/test/auto/LevelCrossing4.xml (RunModel)" time="0.016" />
  <testcase classname="ptolemy.util.test.junit.AutoTests" name="[79] /home/travis/build/icyphy/ptII/ptolemy/domains/continuous/test/auto/LevelCrossing5.xml (RunModel)" time="0.017" />
  <testcase classname="ptolemy.util.test.junit.AutoTests" name="[80] /home/travis/build/icyphy/ptII/ptolemy/domains/continuous/test/auto/LevelCrossing6.xml (RunModel)" time="0.014" />
  <testcase classname="ptolemy.util.test.junit.AutoTests" name="[81] /home/travis/build/icyphy/ptII/ptolemy/domains/continuous/test/auto/LevelCrossingDetector.xml (RunModel)" time="0.045" />
  <testcase classname="ptolemy.util.test.junit.AutoTests" name="[82] /home/travis/build/icyphy/ptII/ptolemy/domains/continuous/test/auto/LevelCrossingDetectorDetectingDirections.xml (RunModel)" time="0.115" />
  <testcase classname="ptolemy.util.test.junit.AutoTests" name="[83] /home/travis/build/icyphy/ptII/ptolemy/domains/continuous/test/auto/LevelCrossingDetectorDetectsGlitches.xml (RunModel)" time="0.074" />
  <testcase classname="ptolemy.util.test.junit.AutoTests" name="[84] /home/travis/build/icyphy/ptII/ptolemy/domains/continuous/test/auto/LevelCrossingNoInitialOuput.xml (RunModel)" time="0.019" />
  <testcase classname="ptolemy.util.test.junit.AutoTests" name="[85] /home/travis/build/icyphy/ptII/ptolemy/domains/continuous/test/auto/LinearStateSpaceExample.xml (RunModel)" time="0.092" />
  <testcase classname="ptolemy.util.test.junit.AutoTests" name="[86] /home/travis/build/icyphy/ptII/ptolemy/domains/continuous/test/auto/Lorenz.xml (RunModel)" time="4.684" />
  <testcase classname="ptolemy.util.test.junit.AutoTests" name="[87] /home/travis/build/icyphy/ptII/ptolemy/domains/continuous/test/auto/LorenzDifferentialSystem.xml (RunModel)" time="1.273" />
  <testcase classname="ptolemy.util.test.junit.AutoTests" name="[88] /home/travis/build/icyphy/ptII/ptolemy/domains/continuous/test/auto/LorenzDifferentialSystemWithInput.xml (RunModel)" time="1.409" />
  <testcase classname="ptolemy.util.test.junit.AutoTests" name="[89] /home/travis/build/icyphy/ptII/ptolemy/domains/continuous/test/auto/LorenzDifferentialSystemWithTime.xml (RunModel)" time="0.808" />
  <testcase classname="ptolemy.util.test.junit.AutoTests" name="[90] /home/travis/build/icyphy/ptII/ptolemy/domains/continuous/test/auto/Microsteps.xml (RunModel)" time="0.033" />
  <testcase classname="ptolemy.util.test.junit.AutoTests" name="[91] /home/travis/build/icyphy/ptII/ptolemy/domains/continuous/test/auto/Modal1.xml (RunModel)" time="0.05" />
  <testcase classname="ptolemy.util.test.junit.AutoTests" name="[92] /home/travis/build/icyphy/ptII/ptolemy/domains/continuous/test/auto/Modal2.xml (RunModel)" time="0.049" />
  <testcase classname="ptolemy.util.test.junit.AutoTests" name="[93] /home/travis/build/icyphy/ptII/ptolemy/domains/continuous/test/auto/ModalTransitionGuardWithReset.xml (RunModel)" time="0.038" />
  <testcase classname="ptolemy.util.test.junit.AutoTests" name="[94] /home/travis/build/icyphy/ptII/ptolemy/domains/continuous/test/auto/ModalTransitionGuardWithResetUsingPreemptiveTransition.xml (RunModel)" time="0.034" />
  <testcase classname="ptolemy.util.test.junit.AutoTests" name="[95] /home/travis/build/icyphy/ptII/ptolemy/domains/continuous/test/auto/ModalTransitionGuardWithResetUsingPreemptiveTransition2.xml (RunModel)" time="0.044" />
  <testcase classname="ptolemy.util.test.junit.AutoTests" name="[96] /home/travis/build/icyphy/ptII/ptolemy/domains/continuous/test/auto/ModalTransitionGuardWithResetUsingPreemptiveTransition3.xml (RunModel)" time="0.036" />
  <testcase classname="ptolemy.util.test.junit.AutoTests" name="[97] /home/travis/build/icyphy/ptII/ptolemy/domains/continuous/test/auto/NewtonsCradle.xml (RunModel)" time="1.011" />
  <testcase classname="ptolemy.util.test.junit.AutoTests" name="[98] /home/travis/build/icyphy/ptII/ptolemy/domains/continuous/test/auto/NewtonsCradleAnimated.xml (RunModel)" time="1.433" />
  <testcase classname="ptolemy.util.test.junit.AutoTests" name="[99] /home/travis/build/icyphy/ptII/ptolemy/domains/continuous/test/auto/NewtonsCradleComplicated.xml (RunModel)" time="0.92" />
  <testcase classname="ptolemy.util.test.junit.AutoTests" name="[100] /home/travis/build/icyphy/ptII/ptolemy/domains/continuous/test/auto/NewtonsCradleNondeterministic.xml (RunModel)" time="0.644" />
  <testcase classname="ptolemy.util.test.junit.AutoTests" name="[101] /home/travis/build/icyphy/ptII/ptolemy/domains/continuous/test/auto/NewtonsCradlePerfectlyInelastic1.xml (RunModel)" time="1.449" />
  <testcase classname="ptolemy.util.test.junit.AutoTests" name="[102] /home/travis/build/icyphy/ptII/ptolemy/domains/continuous/test/auto/Noise.xml (RunModel)" time="0.258" />
  <testcase classname="ptolemy.util.test.junit.AutoTests" name="[103] /home/travis/build/icyphy/ptII/ptolemy/domains/continuous/test/auto/NoiseSpectrum.xml (RunModel)" time="1.096" />
  <testcase classname="ptolemy.util.test.junit.AutoTests" name="[104] /home/travis/build/icyphy/ptII/ptolemy/domains/continuous/test/auto/ParameterizedNewtonsCradleAnimated.xml (RunModel)" time="0.442" />
  <testcase classname="ptolemy.util.test.junit.AutoTests" name="[105] /home/travis/build/icyphy/ptII/ptolemy/domains/continuous/test/auto/ParameterizedNewtonsCradleAnimatedNondeterministic.xml (RunModel)" time="1.339" />
  <testcase classname="ptolemy.util.test.junit.AutoTests" name="[106] /home/travis/build/icyphy/ptII/ptolemy/domains/continuous/test/auto/Pendulum3D.xml (RunModel)" time="0.203" />
  <testcase classname="ptolemy.util.test.junit.AutoTests" name="[107] /home/travis/build/icyphy/ptII/ptolemy/domains/continuous/test/auto/PeriodicSampler.xml (RunModel)" time="0.015" />
  <testcase classname="ptolemy.util.test.junit.AutoTests" name="[108] /home/travis/build/icyphy/ptII/ptolemy/domains/continuous/test/auto/PeriodicSampler1.xml (RunModel)" time="0.062" />
  <testcase classname="ptolemy.util.test.junit.AutoTests" name="[109] /home/travis/build/icyphy/ptII/ptolemy/domains/continuous/test/auto/PeriodicSampler2.xml (RunModel)" time="0.097" />
  <testcase classname="ptolemy.util.test.junit.AutoTests" name="[110] /home/travis/build/icyphy/ptII/ptolemy/domains/continuous/test/auto/Poisson.xml (RunModel)" time="0.542" />
  <testcase classname="ptolemy.util.test.junit.AutoTests" name="[111] /home/travis/build/icyphy/ptII/ptolemy/domains/continuous/test/auto/PoissonClock.xml (RunModel)" time="0.019" />
  <testcase classname="ptolemy.util.test.junit.AutoTests" name="[112] /home/travis/build/icyphy/ptII/ptolemy/domains/continuous/test/auto/PoissonClock2.xml (RunModel)" time="0.015" />
  <testcase classname="ptolemy.util.test.junit.AutoTests" name="[113] /home/travis/build/icyphy/ptII/ptolemy/domains/continuous/test/auto/PortParameterHierarchy.xml (RunModel)" time="0.039" />
  <testcase classname="ptolemy.util.test.junit.AutoTests" name="[114] /home/travis/build/icyphy/ptII/ptolemy/domains/continuous/test/auto/RandomHybridPlant.xml (RunModel)" time="0.739" />
  <testcase classname="ptolemy.util.test.junit.AutoTests" name="[115] /home/travis/build/icyphy/ptII/ptolemy/domains/continuous/test/auto/ResetTransitionWithStartTime1.xml (RunModel)" time="0.035" />
  <testcase classname="ptolemy.util.test.junit.AutoTests" name="[116] /home/travis/build/icyphy/ptII/ptolemy/domains/continuous/test/auto/ResetTransitionWithStartTime2.xml (RunModel)" time="0.041" />
  <testcase classname="ptolemy.util.test.junit.AutoTests" name="[117] /home/travis/build/icyphy/ptII/ptolemy/domains/continuous/test/auto/ResetTransitionWithStartTime3.xml (RunModel)" time="0.044" />
  <testcase classname="ptolemy.util.test.junit.AutoTests" name="[118] /home/travis/build/icyphy/ptII/ptolemy/domains/continuous/test/auto/ResetTransitionWithStartTime4.xml (RunModel)" time="0.028" />
  <testcase classname="ptolemy.util.test.junit.AutoTests" name="[119] /home/travis/build/icyphy/ptII/ptolemy/domains/continuous/test/auto/ResetTransitionWithStartTime5.xml (RunModel)" time="0.042" />
  <testcase classname="ptolemy.util.test.junit.AutoTests" name="[120] /home/travis/build/icyphy/ptII/ptolemy/domains/continuous/test/auto/ResetTransitionWithStartTime6.xml (RunModel)" time="0.031" />
  <testcase classname="ptolemy.util.test.junit.AutoTests" name="[121] /home/travis/build/icyphy/ptII/ptolemy/domains/continuous/test/auto/SRinContinuous.xml (RunModel)" time="0.024" />
  <testcase classname="ptolemy.util.test.junit.AutoTests" name="[122] /home/travis/build/icyphy/ptII/ptolemy/domains/continuous/test/auto/SampledClocks.xml (RunModel)" time="0.04" />
  <testcase classname="ptolemy.util.test.junit.AutoTests" name="[123] /home/travis/build/icyphy/ptII/ptolemy/domains/continuous/test/auto/Satellite.xml (RunModel)" time="0.776" />
  <testcase classname="ptolemy.util.test.junit.AutoTests" name="[124] /home/travis/build/icyphy/ptII/ptolemy/domains/continuous/test/auto/SigmaDelta.xml (RunModel)" time="2.665" />
  <testcase classname="ptolemy.util.test.junit.AutoTests" name="[125] /home/travis/build/icyphy/ptII/ptolemy/domains/continuous/test/auto/SingleRefinement.xml (RunModel)" time="0.608" />
  <testcase classname="ptolemy.util.test.junit.AutoTests" name="[126] /home/travis/build/icyphy/ptII/ptolemy/domains/continuous/test/auto/SinuBouncingBall.xml (RunModel)" time="0.992" />
  <testcase classname="ptolemy.util.test.junit.AutoTests" name="[127] /home/travis/build/icyphy/ptII/ptolemy/domains/continuous/test/auto/Sinusoid.xml (RunModel)" time="0.019" />
  <testcase classname="ptolemy.util.test.junit.AutoTests" name="[128] /home/travis/build/icyphy/ptII/ptolemy/domains/continuous/test/auto/SinusoidInNoise.xml (RunModel)" time="1.295" />
  <testcase classname="ptolemy.util.test.junit.AutoTests" name="[129] /home/travis/build/icyphy/ptII/ptolemy/domains/continuous/test/auto/SinusoidRK45.xml (RunModel)" time="0.012" />
  <testcase classname="ptolemy.util.test.junit.AutoTests" name="[130] /home/travis/build/icyphy/ptII/ptolemy/domains/continuous/test/auto/SinusoidWithMultipleImpulses.xml (RunModel)" time="0.016" />
  <testcase classname="ptolemy.util.test.junit.AutoTests" name="[131] /home/travis/build/icyphy/ptII/ptolemy/domains/continuous/test/auto/SquareWave.xml (RunModel)" time="0.21" />
  <testcase classname="ptolemy.util.test.junit.AutoTests" name="[132] /home/travis/build/icyphy/ptII/ptolemy/domains/continuous/test/auto/Starmac.xml (RunModel)" time="3.502" />
  <testcase classname="ptolemy.util.test.junit.AutoTests" name="[133] /home/travis/build/icyphy/ptII/ptolemy/domains/continuous/test/auto/StaticUnits.xml (RunModel)" time="3.118" />
  <testcase classname="ptolemy.util.test.junit.AutoTests" name="[134] /home/travis/build/icyphy/ptII/ptolemy/domains/continuous/test/auto/StickyMasses.xml (RunModel)" time="0.225" />
  <testcase classname="ptolemy.util.test.junit.AutoTests" name="[135] /home/travis/build/icyphy/ptII/ptolemy/domains/continuous/test/auto/StopTime.xml (RunModel)" time="0.089" />
  <testcase classname="ptolemy.util.test.junit.AutoTests" name="[136] /home/travis/build/icyphy/ptII/ptolemy/domains/continuous/test/auto/StopTime2.xml (RunModel)" time="0.074" />
  <testcase classname="ptolemy.util.test.junit.AutoTests" name="[137] /home/travis/build/icyphy/ptII/ptolemy/domains/continuous/test/auto/Switch.xml (RunModel)" time="0.092" />
  <testcase classname="ptolemy.util.test.junit.AutoTests" name="[138] /home/travis/build/icyphy/ptII/ptolemy/domains/continuous/test/auto/Thermostat.xml (RunModel)" time="0.233" />
  <testcase classname="ptolemy.util.test.junit.AutoTests" name="[139] /home/travis/build/icyphy/ptII/ptolemy/domains/continuous/test/auto/TimeDelay.xml (RunModel)" time="0.028" />
  <testcase classname="ptolemy.util.test.junit.AutoTests" name="[140] /home/travis/build/icyphy/ptII/ptolemy/domains/continuous/test/auto/TimeDelay2.xml (RunModel)" time="0.035" />
  <testcase classname="ptolemy.util.test.junit.AutoTests" name="[141] /home/travis/build/icyphy/ptII/ptolemy/domains/continuous/test/auto/TimeDelay3.xml (RunModel)" time="0.012" />
  <testcase classname="ptolemy.util.test.junit.AutoTests" name="[142] /home/travis/build/icyphy/ptII/ptolemy/domains/continuous/test/auto/TransferAbsentToInside.xml (RunModel)" time="0.135" />
  <testcase classname="ptolemy.util.test.junit.AutoTests" name="[143] /home/travis/build/icyphy/ptII/ptolemy/domains/continuous/test/auto/Transmission.xml (RunModel)" time="1.111" />
  <testcase classname="ptolemy.util.test.junit.AutoTests" name="[144] /home/travis/build/icyphy/ptII/ptolemy/domains/continuous/test/auto/TriggeredContinuousClock.xml (RunModel)" time="0.091" />
  <testcase classname="ptolemy.util.test.junit.AutoTests" name="[145] /home/travis/build/icyphy/ptII/ptolemy/domains/continuous/test/auto/TwoMachineInfiniteBusControl.xml (RunModel)" time="3.425" />
  <testcase classname="ptolemy.util.test.junit.AutoTests" name="[146] /home/travis/build/icyphy/ptII/ptolemy/domains/continuous/test/auto/V2V.xml (RunModel)" time="1.01" />
  <testcase classname="ptolemy.util.test.junit.AutoTests" name="[147] /home/travis/build/icyphy/ptII/ptolemy/domains/continuous/test/auto/hierarchicalModalModel.xml (RunModel)" time="0.041" />
  <testcase classname="ptolemy.util.test.junit.AutoTests" name="[148] /home/travis/build/icyphy/ptII/ptolemy/domains/continuous/test/auto/hierarchicalModalModel1.xml (RunModel)" time="0.036" />
  <testcase classname="ptolemy.util.test.junit.AutoTests" name="[149] /home/travis/build/icyphy/ptII/ptolemy/domains/continuous/test/auto/hierarchicalModalModel2.xml (RunModel)" time="0.033" />
  <testcase classname="ptolemy.util.test.junit.AutoTests" name="[150] /home/travis/build/icyphy/ptII/ptolemy/domains/continuous/test/auto/hierarchicalModalModel3.xml (RunModel)" time="0.029" />
  <testcase classname="ptolemy.util.test.junit.AutoTests" name="[151] /home/travis/build/icyphy/ptII/ptolemy/domains/continuous/test/auto/hierarchicalModalModel4.xml (RunModel)" time="0.03" />
  <testcase classname="ptolemy.util.test.junit.AutoTests" name="[152] /home/travis/build/icyphy/ptII/ptolemy/domains/continuous/test/auto/junk.xml (RunModel)" time="0.192" />
  <system-out><![CDATA[No tcl tests in /home/travis/build/icyphy/ptII/ptolemy/domains/continuous/test
No auto/knownFailedTests/*.xml tests in /home/travis/build/icyphy/ptII/ptolemy/domains/continuous/test
No auto/linux-amd64/*.xml tests in /home/travis/build/icyphy/ptII/ptolemy/domains/continuous/test
AutoTests.java: About to close Vertx.
AutoTests.java: Vertx closed.

===========================================================================================
----------------- testing Sun Sep 15 05:37:49 UTC 2019 /home/travis/build/icyphy/ptII/ptolemy/domains/continuous/test/auto/BouncingBall.xml
----------------- Instantiating /home/travis/build/icyphy/ptII/ptolemy/domains/continuous/test/auto/BouncingBall.xml
2930 ms. Memory: 145408K Free: 81278K (56%)
----------------- Invoking toplevel() on ptolemy.moml.MoMLSimpleApplication@fea8ac8
----------------- Done invoking toplevel() on ptolemy.moml.MoMLSimpleApplication@fea8ac8
reloadAllAccessors: .BouncingBall

===========================================================================================
----------------- testing Sun Sep 15 05:37:53 UTC 2019 /home/travis/build/icyphy/ptII/ptolemy/domains/continuous/test/auto/BouncingBallWithoutGR.xml
----------------- Instantiating /home/travis/build/icyphy/ptII/ptolemy/domains/continuous/test/auto/BouncingBallWithoutGR.xml
1114 ms. Memory: 175104K Free: 120170K (69%)
----------------- Invoking toplevel() on ptolemy.moml.MoMLSimpleApplication@251af5a8
----------------- Done invoking toplevel() on ptolemy.moml.MoMLSimpleApplication@251af5a8
reloadAllAccessors: .BouncingBallWithoutGR

===========================================================================================
----------------- testing Sun Sep 15 05:37:54 UTC 2019 /home/travis/build/icyphy/ptII/ptolemy/domains/continuous/test/auto/Brownian.xml
----------------- Instantiating /home/travis/build/icyphy/ptII/ptolemy/domains/continuous/test/auto/Brownian.xml
46 ms. Memory: 175104K Free: 111468K (64%)
----------------- Invoking toplevel() on ptolemy.moml.MoMLSimpleApplication@4237c2d6
----------------- Done invoking toplevel() on ptolemy.moml.MoMLSimpleApplication@4237c2d6
reloadAllAccessors: .Brownian

===========================================================================================
----------------- testing Sun Sep 15 05:37:54 UTC 2019 /home/travis/build/icyphy/ptII/ptolemy/domains/continuous/test/auto/CarTracking.xml
----------------- Instantiating /home/travis/build/icyphy/ptII/ptolemy/domains/continuous/test/auto/CarTracking.xml
4678 ms. Memory: 210944K Free: 174031K (83%)
----------------- Invoking toplevel() on ptolemy.moml.MoMLSimpleApplication@4071832e
----------------- Done invoking toplevel() on ptolemy.moml.MoMLSimpleApplication@4071832e
reloadAllAccessors: .CarTracking

===========================================================================================
----------------- testing Sun Sep 15 05:38:00 UTC 2019 /home/travis/build/icyphy/ptII/ptolemy/domains/continuous/test/auto/CartPendulum.xml
----------------- Instantiating /home/travis/build/icyphy/ptII/ptolemy/domains/continuous/test/auto/CartPendulum.xml
508 ms. Memory: 210944K Free: 82381K (39%)
----------------- Invoking toplevel() on ptolemy.moml.MoMLSimpleApplication@7bbcaa12
----------------- Done invoking toplevel() on ptolemy.moml.MoMLSimpleApplication@7bbcaa12
reloadAllAccessors: .CartPendulum

===========================================================================================
----------------- testing Sun Sep 15 05:38:00 UTC 2019 /home/travis/build/icyphy/ptII/ptolemy/domains/continuous/test/auto/CausalityInterface10.xml
----------------- Instantiating /home/travis/build/icyphy/ptII/ptolemy/domains/continuous/test/auto/CausalityInterface10.xml
28 ms. Memory: 210944K Free: 196717K (93%)
----------------- Invoking toplevel() on ptolemy.moml.MoMLSimpleApplication@d2dd10c
----------------- Done invoking toplevel() on ptolemy.moml.MoMLSimpleApplication@d2dd10c
reloadAllAccessors: .CausalityInterface10

===========================================================================================
----------------- testing Sun Sep 15 05:38:01 UTC 2019 /home/travis/build/icyphy/ptII/ptolemy/domains/continuous/test/auto/CausalityInterface11.xml
----------------- Instantiating /home/travis/build/icyphy/ptII/ptolemy/domains/continuous/test/auto/CausalityInterface11.xml
10 ms. Memory: 210944K Free: 190096K (90%)
----------------- Invoking toplevel() on ptolemy.moml.MoMLSimpleApplication@2062a04e
----------------- Done invoking toplevel() on ptolemy.moml.MoMLSimpleApplication@2062a04e
reloadAllAccessors: .CausalityInterface11

===========================================================================================
----------------- testing Sun Sep 15 05:38:01 UTC 2019 /home/travis/build/icyphy/ptII/ptolemy/domains/continuous/test/auto/CausalityInterface12.xml
----------------- Instantiating /home/travis/build/icyphy/ptII/ptolemy/domains/continuous/test/auto/CausalityInterface12.xml
14 ms. Memory: 210944K Free: 183952K (87%)
----------------- Invoking toplevel() on ptolemy.moml.MoMLSimpleApplication@66218eb1
----------------- Done invoking toplevel() on ptolemy.moml.MoMLSimpleApplication@66218eb1
reloadAllAccessors: .CausalityInterface12

===========================================================================================
----------------- testing Sun Sep 15 05:38:01 UTC 2019 /home/travis/build/icyphy/ptII/ptolemy/domains/continuous/test/auto/CausalityInterface13.xml
----------------- Instantiating /home/travis/build/icyphy/ptII/ptolemy/domains/continuous/test/auto/CausalityInterface13.xml
8 ms. Memory: 210944K Free: 177808K (84%)
----------------- Invoking toplevel() on ptolemy.moml.MoMLSimpleApplication@29b055b6
----------------- Done invoking toplevel() on ptolemy.moml.MoMLSimpleApplication@29b055b6
reloadAllAccessors: .CausalityInterface13

===========================================================================================
----------------- testing Sun Sep 15 05:38:01 UTC 2019 /home/travis/build/icyphy/ptII/ptolemy/domains/continuous/test/auto/CausalityInterface14.xml
----------------- Instantiating /home/travis/build/icyphy/ptII/ptolemy/domains/continuous/test/auto/CausalityInterface14.xml
5 ms. Memory: 210944K Free: 172160K (82%)
----------------- Invoking toplevel() on ptolemy.moml.MoMLSimpleApplication@7344aa00
----------------- Done invoking toplevel() on ptolemy.moml.MoMLSimpleApplication@7344aa00
reloadAllAccessors: .CausalityInterface14

===========================================================================================
----------------- testing Sun Sep 15 05:38:01 UTC 2019 /home/travis/build/icyphy/ptII/ptolemy/domains/continuous/test/auto/CausalityInterface4.xml
----------------- Instantiating /home/travis/build/icyphy/ptII/ptolemy/domains/continuous/test/auto/CausalityInterface4.xml
9 ms. Memory: 210944K Free: 165520K (78%)
----------------- Invoking toplevel() on ptolemy.moml.MoMLSimpleApplication@42f43a79
----------------- Done invoking toplevel() on ptolemy.moml.MoMLSimpleApplication@42f43a79
reloadAllAccessors: .CausalityInterface4

===========================================================================================
----------------- testing Sun Sep 15 05:38:01 UTC 2019 /home/travis/build/icyphy/ptII/ptolemy/domains/continuous/test/auto/CausalityInterface5.xml
----------------- Instantiating /home/travis/build/icyphy/ptII/ptolemy/domains/continuous/test/auto/CausalityInterface5.xml
9 ms. Memory: 210944K Free: 157838K (75%)
----------------- Invoking toplevel() on ptolemy.moml.MoMLSimpleApplication@74127ff1
----------------- Done invoking toplevel() on ptolemy.moml.MoMLSimpleApplication@74127ff1
reloadAllAccessors: .CausalityInterface5

===========================================================================================
----------------- testing Sun Sep 15 05:38:01 UTC 2019 /home/travis/build/icyphy/ptII/ptolemy/domains/continuous/test/auto/CausalityInterface6.xml
----------------- Instantiating /home/travis/build/icyphy/ptII/ptolemy/domains/continuous/test/auto/CausalityInterface6.xml
6 ms. Memory: 210944K Free: 152208K (72%)
----------------- Invoking toplevel() on ptolemy.moml.MoMLSimpleApplication@65e2cd0a
----------------- Done invoking toplevel() on ptolemy.moml.MoMLSimpleApplication@65e2cd0a
reloadAllAccessors: .CausalityInterface6

===========================================================================================
----------------- testing Sun Sep 15 05:38:01 UTC 2019 /home/travis/build/icyphy/ptII/ptolemy/domains/continuous/test/auto/CausalityInterface7.xml
----------------- Instantiating /home/travis/build/icyphy/ptII/ptolemy/domains/continuous/test/auto/CausalityInterface7.xml
10 ms. Memory: 210944K Free: 143502K (68%)
----------------- Invoking toplevel() on ptolemy.moml.MoMLSimpleApplication@47877764
----------------- Done invoking toplevel() on ptolemy.moml.MoMLSimpleApplication@47877764
reloadAllAccessors: .CausalityInterface7

===========================================================================================
----------------- testing Sun Sep 15 05:38:01 UTC 2019 /home/travis/build/icyphy/ptII/ptolemy/domains/continuous/test/auto/CausalityInterface8.xml
----------------- Instantiating /home/travis/build/icyphy/ptII/ptolemy/domains/continuous/test/auto/CausalityInterface8.xml
7 ms. Memory: 210944K Free: 134286K (64%)
----------------- Invoking toplevel() on ptolemy.moml.MoMLSimpleApplication@4c92f6a2
----------------- Done invoking toplevel() on ptolemy.moml.MoMLSimpleApplication@4c92f6a2
reloadAllAccessors: .CausalityInterface8

===========================================================================================
----------------- testing Sun Sep 15 05:38:01 UTC 2019 /home/travis/build/icyphy/ptII/ptolemy/domains/continuous/test/auto/CausalityInterface9.xml
----------------- Instantiating /home/travis/build/icyphy/ptII/ptolemy/domains/continuous/test/auto/CausalityInterface9.xml
10 ms. Memory: 210944K Free: 123536K (59%)
----------------- Invoking toplevel() on ptolemy.moml.MoMLSimpleApplication@77201570
----------------- Done invoking toplevel() on ptolemy.moml.MoMLSimpleApplication@77201570
reloadAllAccessors: .CausalityInterface9

===========================================================================================
----------------- testing Sun Sep 15 05:38:01 UTC 2019 /home/travis/build/icyphy/ptII/ptolemy/domains/continuous/test/auto/CausalityInterfaceFeedback1.xml
----------------- Instantiating /home/travis/build/icyphy/ptII/ptolemy/domains/continuous/test/auto/CausalityInterfaceFeedback1.xml
6 ms. Memory: 210944K Free: 116864K (55%)
----------------- Invoking toplevel() on ptolemy.moml.MoMLSimpleApplication@56b82a2a
----------------- Done invoking toplevel() on ptolemy.moml.MoMLSimpleApplication@56b82a2a
reloadAllAccessors: .CausalityInterfaceFeedback1

===========================================================================================
----------------- testing Sun Sep 15 05:38:01 UTC 2019 /home/travis/build/icyphy/ptII/ptolemy/domains/continuous/test/auto/CausalityInterfaceFeedback2.xml
----------------- Instantiating /home/travis/build/icyphy/ptII/ptolemy/domains/continuous/test/auto/CausalityInterfaceFeedback2.xml
8 ms. Memory: 210944K Free: 110224K (52%)
----------------- Invoking toplevel() on ptolemy.moml.MoMLSimpleApplication@f65d69b
----------------- Done invoking toplevel() on ptolemy.moml.MoMLSimpleApplication@f65d69b
reloadAllAccessors: .CausalityInterfaceFeedback2

===========================================================================================
----------------- testing Sun Sep 15 05:38:01 UTC 2019 /home/travis/build/icyphy/ptII/ptolemy/domains/continuous/test/auto/CompareWithCurrentTime.xml
----------------- Instantiating /home/travis/build/icyphy/ptII/ptolemy/domains/continuous/test/auto/CompareWithCurrentTime.xml
17 ms. Memory: 210944K Free: 106128K (50%)
----------------- Invoking toplevel() on ptolemy.moml.MoMLSimpleApplication@3bd0e79e
----------------- Done invoking toplevel() on ptolemy.moml.MoMLSimpleApplication@3bd0e79e
reloadAllAccessors: .CompareWithCurrentTime

===========================================================================================
----------------- testing Sun Sep 15 05:38:01 UTC 2019 /home/travis/build/icyphy/ptII/ptolemy/domains/continuous/test/auto/ComparedClocks.xml
----------------- Instantiating /home/travis/build/icyphy/ptII/ptolemy/domains/continuous/test/auto/ComparedClocks.xml
8 ms. Memory: 210944K Free: 90768K (43%)
----------------- Invoking toplevel() on ptolemy.moml.MoMLSimpleApplication@3d1cd6d1
----------------- Done invoking toplevel() on ptolemy.moml.MoMLSimpleApplication@3d1cd6d1
reloadAllAccessors: .ComparedClocks

===========================================================================================
----------------- testing Sun Sep 15 05:38:01 UTC 2019 /home/travis/build/icyphy/ptII/ptolemy/domains/continuous/test/auto/ContinuousAOCClone.xml
----------------- Instantiating /home/travis/build/icyphy/ptII/ptolemy/domains/continuous/test/auto/ContinuousAOCClone.xml
3001 ms. Memory: 253952K Free: 183165K (72%)
----------------- Invoking toplevel() on ptolemy.moml.MoMLSimpleApplication@54a46c27
----------------- Done invoking toplevel() on ptolemy.moml.MoMLSimpleApplication@54a46c27
reloadAllAccessors: .ContinuousAOCClone

===========================================================================================
----------------- testing Sun Sep 15 05:38:05 UTC 2019 /home/travis/build/icyphy/ptII/ptolemy/domains/continuous/test/auto/ContinuousClock.xml
----------------- Instantiating /home/travis/build/icyphy/ptII/ptolemy/domains/continuous/test/auto/ContinuousClock.xml
38 ms. Memory: 253952K Free: 161151K (63%)
----------------- Invoking toplevel() on ptolemy.moml.MoMLSimpleApplication@5f5f27e3
----------------- Done invoking toplevel() on ptolemy.moml.MoMLSimpleApplication@5f5f27e3
reloadAllAccessors: .ContinuousClock

===========================================================================================
----------------- testing Sun Sep 15 05:38:05 UTC 2019 /home/travis/build/icyphy/ptII/ptolemy/domains/continuous/test/auto/ContinuousInContinuous.xml
----------------- Instantiating /home/travis/build/icyphy/ptII/ptolemy/domains/continuous/test/auto/ContinuousInContinuous.xml
54 ms. Memory: 253952K Free: 137599K (54%)
----------------- Invoking toplevel() on ptolemy.moml.MoMLSimpleApplication@623fb30
----------------- Done invoking toplevel() on ptolemy.moml.MoMLSimpleApplication@623fb30
reloadAllAccessors: .ContinuousInContinuous

===========================================================================================
----------------- testing Sun Sep 15 05:38:05 UTC 2019 /home/travis/build/icyphy/ptII/ptolemy/domains/continuous/test/auto/ContinuousInContinuousInContinuous.xml
----------------- Instantiating /home/travis/build/icyphy/ptII/ptolemy/domains/continuous/test/auto/ContinuousInContinuousInContinuous.xml
7 ms. Memory: 253952K Free: 129917K (51%)
----------------- Invoking toplevel() on ptolemy.moml.MoMLSimpleApplication@76dedf88
----------------- Done invoking toplevel() on ptolemy.moml.MoMLSimpleApplication@76dedf88
reloadAllAccessors: .ContinuousInContinuousInContinuous

===========================================================================================
----------------- testing Sun Sep 15 05:38:05 UTC 2019 /home/travis/build/icyphy/ptII/ptolemy/domains/continuous/test/auto/ContinuousInDE.xml
----------------- Instantiating /home/travis/build/icyphy/ptII/ptolemy/domains/continuous/test/auto/ContinuousInDE.xml
105 ms. Memory: 253952K Free: 119167K (47%)
----------------- Invoking toplevel() on ptolemy.moml.MoMLSimpleApplication@351c9937
----------------- Done invoking toplevel() on ptolemy.moml.MoMLSimpleApplication@351c9937
reloadAllAccessors: .ContinuousInDE

===========================================================================================
----------------- testing Sun Sep 15 05:38:05 UTC 2019 /home/travis/build/icyphy/ptII/ptolemy/domains/continuous/test/auto/ContinuousInDE2.xml
----------------- Instantiating /home/travis/build/icyphy/ptII/ptolemy/domains/continuous/test/auto/ContinuousInDE2.xml
55 ms. Memory: 253952K Free: 109437K (43%)
----------------- Invoking toplevel() on ptolemy.moml.MoMLSimpleApplication@1f18cfa7
----------------- Done invoking toplevel() on ptolemy.moml.MoMLSimpleApplication@1f18cfa7
reloadAllAccessors: .ContinuousInDE2

===========================================================================================
----------------- testing Sun Sep 15 05:38:05 UTC 2019 /home/travis/build/icyphy/ptII/ptolemy/domains/continuous/test/auto/ContinuousInDE3.xml
----------------- Instantiating /home/travis/build/icyphy/ptII/ptolemy/domains/continuous/test/auto/ContinuousInDE3.xml
47 ms. Memory: 253952K Free: 99711K (39%)
----------------- Invoking toplevel() on ptolemy.moml.MoMLSimpleApplication@309f30cb
----------------- Done invoking toplevel() on ptolemy.moml.MoMLSimpleApplication@309f30cb
reloadAllAccessors: .ContinuousInDE3

===========================================================================================
----------------- testing Sun Sep 15 05:38:05 UTC 2019 /home/travis/build/icyphy/ptII/ptolemy/domains/continuous/test/auto/ContinuousInDE4.xml
----------------- Instantiating /home/travis/build/icyphy/ptII/ptolemy/domains/continuous/test/auto/ContinuousInDE4.xml
18 ms. Memory: 253952K Free: 93567K (37%)
----------------- Invoking toplevel() on ptolemy.moml.MoMLSimpleApplication@3357669c
----------------- Done invoking toplevel() on ptolemy.moml.MoMLSimpleApplication@3357669c
reloadAllAccessors: .ContinuousInDE4

===========================================================================================
----------------- testing Sun Sep 15 05:38:05 UTC 2019 /home/travis/build/icyphy/ptII/ptolemy/domains/continuous/test/auto/ContinuousInDEDifferentRefinements.xml
----------------- Instantiating /home/travis/build/icyphy/ptII/ptolemy/domains/continuous/test/auto/ContinuousInDEDifferentRefinements.xml
68 ms. Memory: 253952K Free: 212845K (84%)
----------------- Invoking toplevel() on ptolemy.moml.MoMLSimpleApplication@10823155
----------------- Done invoking toplevel() on ptolemy.moml.MoMLSimpleApplication@10823155
reloadAllAccessors: .ContinuousInDEDifferentRefinements

===========================================================================================
----------------- testing Sun Sep 15 05:38:05 UTC 2019 /home/travis/build/icyphy/ptII/ptolemy/domains/continuous/test/auto/ContinuousInDEDifferentRefinementsPreemptive.xml
----------------- Instantiating /home/travis/build/icyphy/ptII/ptolemy/domains/continuous/test/auto/ContinuousInDEDifferentRefinementsPreemptive.xml
67 ms. Memory: 253952K Free: 182125K (72%)
----------------- Invoking toplevel() on ptolemy.moml.MoMLSimpleApplication@c509cf
----------------- Done invoking toplevel() on ptolemy.moml.MoMLSimpleApplication@c509cf
reloadAllAccessors: .ContinuousInDEDifferentRefinementsPreemptive

===========================================================================================
----------------- testing Sun Sep 15 05:38:05 UTC 2019 /home/travis/build/icyphy/ptII/ptolemy/domains/continuous/test/auto/ContinuousInDEInContinuous2.xml
----------------- Instantiating /home/travis/build/icyphy/ptII/ptolemy/domains/continuous/test/auto/ContinuousInDEInContinuous2.xml
46 ms. Memory: 253952K Free: 170861K (67%)
----------------- Invoking toplevel() on ptolemy.moml.MoMLSimpleApplication@6651a8ea
----------------- Done invoking toplevel() on ptolemy.moml.MoMLSimpleApplication@6651a8ea
reloadAllAccessors: .ContinuousInDEInContinuous2

===========================================================================================
----------------- testing Sun Sep 15 05:38:05 UTC 2019 /home/travis/build/icyphy/ptII/ptolemy/domains/continuous/test/auto/ContinuousInDEInContinuous3.xml
----------------- Instantiating /home/travis/build/icyphy/ptII/ptolemy/domains/continuous/test/auto/ContinuousInDEInContinuous3.xml
44 ms. Memory: 253952K Free: 158573K (62%)
----------------- Invoking toplevel() on ptolemy.moml.MoMLSimpleApplication@b0aa9
----------------- Done invoking toplevel() on ptolemy.moml.MoMLSimpleApplication@b0aa9
reloadAllAccessors: .ContinuousInDEInContinuous3

===========================================================================================
----------------- testing Sun Sep 15 05:38:06 UTC 2019 /home/travis/build/icyphy/ptII/ptolemy/domains/continuous/test/auto/ContinuousInDEInput.xml
----------------- Instantiating /home/travis/build/icyphy/ptII/ptolemy/domains/continuous/test/auto/ContinuousInDEInput.xml
21 ms. Memory: 253952K Free: 151405K (60%)
----------------- Invoking toplevel() on ptolemy.moml.MoMLSimpleApplication@59627e14
----------------- Done invoking toplevel() on ptolemy.moml.MoMLSimpleApplication@59627e14
reloadAllAccessors: .ContinuousInDEInput

===========================================================================================
----------------- testing Sun Sep 15 05:38:06 UTC 2019 /home/travis/build/icyphy/ptII/ptolemy/domains/continuous/test/auto/ContinuousInDEInput2.xml
----------------- Instantiating /home/travis/build/icyphy/ptII/ptolemy/domains/continuous/test/auto/ContinuousInDEInput2.xml
17 ms. Memory: 253952K Free: 144237K (57%)
----------------- Invoking toplevel() on ptolemy.moml.MoMLSimpleApplication@6209b2e2
----------------- Done invoking toplevel() on ptolemy.moml.MoMLSimpleApplication@6209b2e2
reloadAllAccessors: .ContinuousInDEInput2

===========================================================================================
----------------- testing Sun Sep 15 05:38:06 UTC 2019 /home/travis/build/icyphy/ptII/ptolemy/domains/continuous/test/auto/ContinuousInDEInput3.xml
----------------- Instantiating /home/travis/build/icyphy/ptII/ptolemy/domains/continuous/test/auto/ContinuousInDEInput3.xml
16 ms. Memory: 253952K Free: 137069K (54%)
----------------- Invoking toplevel() on ptolemy.moml.MoMLSimpleApplication@1be27070
----------------- Done invoking toplevel() on ptolemy.moml.MoMLSimpleApplication@1be27070
reloadAllAccessors: .ContinuousInDEInput3

===========================================================================================
----------------- testing Sun Sep 15 05:38:06 UTC 2019 /home/travis/build/icyphy/ptII/ptolemy/domains/continuous/test/auto/ContinuousInDESharingRefinement.xml
----------------- Instantiating /home/travis/build/icyphy/ptII/ptolemy/domains/continuous/test/auto/ContinuousInDESharingRefinement.xml
207 ms. Memory: 253952K Free: 192500K (76%)
----------------- Invoking toplevel() on ptolemy.moml.MoMLSimpleApplication@44f5ebc0
----------------- Done invoking toplevel() on ptolemy.moml.MoMLSimpleApplication@44f5ebc0
reloadAllAccessors: .ContinuousInDESharingRefinement

===========================================================================================
----------------- testing Sun Sep 15 05:38:06 UTC 2019 /home/travis/build/icyphy/ptII/ptolemy/domains/continuous/test/auto/ContinuousInDEwithNoPorts.xml
----------------- Instantiating /home/travis/build/icyphy/ptII/ptolemy/domains/continuous/test/auto/ContinuousInDEwithNoPorts.xml
3 ms. Memory: 253952K Free: 187894K (74%)
----------------- Invoking toplevel() on ptolemy.moml.MoMLSimpleApplication@40f1601f
----------------- Done invoking toplevel() on ptolemy.moml.MoMLSimpleApplication@40f1601f
reloadAllAccessors: .ContinuousInDEwithNoPorts

===========================================================================================
----------------- testing Sun Sep 15 05:38:06 UTC 2019 /home/travis/build/icyphy/ptII/ptolemy/domains/continuous/test/auto/ContinuousInsideDE.xml
----------------- Instantiating /home/travis/build/icyphy/ptII/ptolemy/domains/continuous/test/auto/ContinuousInsideDE.xml
43 ms. Memory: 253952K Free: 176630K (70%)
----------------- Invoking toplevel() on ptolemy.moml.MoMLSimpleApplication@37391eb2
----------------- Done invoking toplevel() on ptolemy.moml.MoMLSimpleApplication@37391eb2
reloadAllAccessors: .ContinuousInsideDE

===========================================================================================
----------------- testing Sun Sep 15 05:38:06 UTC 2019 /home/travis/build/icyphy/ptII/ptolemy/domains/continuous/test/auto/ContinuousMerge1.xml
----------------- Instantiating /home/travis/build/icyphy/ptII/ptolemy/domains/continuous/test/auto/ContinuousMerge1.xml
4 ms. Memory: 253952K Free: 172006K (68%)
----------------- Invoking toplevel() on ptolemy.moml.MoMLSimpleApplication@2f3f9c74
----------------- Done invoking toplevel() on ptolemy.moml.MoMLSimpleApplication@2f3f9c74
reloadAllAccessors: .ContinuousMerge1

===========================================================================================
----------------- testing Sun Sep 15 05:38:06 UTC 2019 /home/travis/build/icyphy/ptII/ptolemy/domains/continuous/test/auto/ContinuousMerge2.xml
----------------- Instantiating /home/travis/build/icyphy/ptII/ptolemy/domains/continuous/test/auto/ContinuousMerge2.xml
17 ms. Memory: 253952K Free: 161780K (64%)
----------------- Invoking toplevel() on ptolemy.moml.MoMLSimpleApplication@18cd2725
----------------- Done invoking toplevel() on ptolemy.moml.MoMLSimpleApplication@18cd2725
reloadAllAccessors: .ContinuousMerge2

===========================================================================================
----------------- testing Sun Sep 15 05:38:06 UTC 2019 /home/travis/build/icyphy/ptII/ptolemy/domains/continuous/test/auto/ContinuousMerge3.xml
----------------- Instantiating /home/travis/build/icyphy/ptII/ptolemy/domains/continuous/test/auto/ContinuousMerge3.xml
58 ms. Memory: 253952K Free: 151030K (59%)
----------------- Invoking toplevel() on ptolemy.moml.MoMLSimpleApplication@1388c6f8
----------------- Done invoking toplevel() on ptolemy.moml.MoMLSimpleApplication@1388c6f8
reloadAllAccessors: .ContinuousMerge3

===========================================================================================
----------------- testing Sun Sep 15 05:38:06 UTC 2019 /home/travis/build/icyphy/ptII/ptolemy/domains/continuous/test/auto/ContinuousWithinContinuous.xml
----------------- Instantiating /home/travis/build/icyphy/ptII/ptolemy/domains/continuous/test/auto/ContinuousWithinContinuous.xml
46 ms. Memory: 253952K Free: 141300K (56%)
----------------- Invoking toplevel() on ptolemy.moml.MoMLSimpleApplication@3939d22a
----------------- Done invoking toplevel() on ptolemy.moml.MoMLSimpleApplication@3939d22a
reloadAllAccessors: .ContinuousWithinContinuous

===========================================================================================
----------------- testing Sun Sep 15 05:38:06 UTC 2019 /home/travis/build/icyphy/ptII/ptolemy/domains/continuous/test/auto/ContinuousWithinContinuous2.xml
----------------- Instantiating /home/travis/build/icyphy/ptII/ptolemy/domains/continuous/test/auto/ContinuousWithinContinuous2.xml
80 ms. Memory: 253952K Free: 130036K (51%)
----------------- Invoking toplevel() on ptolemy.moml.MoMLSimpleApplication@542183a6
----------------- Done invoking toplevel() on ptolemy.moml.MoMLSimpleApplication@542183a6
reloadAllAccessors: .ContinuousWithinContinuous2

===========================================================================================
----------------- testing Sun Sep 15 05:38:06 UTC 2019 /home/travis/build/icyphy/ptII/ptolemy/domains/continuous/test/auto/ContinuousWithinContinuous3.xml
----------------- Instantiating /home/travis/build/icyphy/ptII/ptolemy/domains/continuous/test/auto/ContinuousWithinContinuous3.xml
14 ms. Memory: 253952K Free: 123382K (49%)
----------------- Invoking toplevel() on ptolemy.moml.MoMLSimpleApplication@28f0ef1e
----------------- Done invoking toplevel() on ptolemy.moml.MoMLSimpleApplication@28f0ef1e
reloadAllAccessors: .ContinuousWithinContinuous3

===========================================================================================
----------------- testing Sun Sep 15 05:38:06 UTC 2019 /home/travis/build/icyphy/ptII/ptolemy/domains/continuous/test/auto/ContinuousWithinContinuous4.xml
----------------- Instantiating /home/travis/build/icyphy/ptII/ptolemy/domains/continuous/test/auto/ContinuousWithinContinuous4.xml
89 ms. Memory: 253952K Free: 110580K (44%)
----------------- Invoking toplevel() on ptolemy.moml.MoMLSimpleApplication@6c307677
----------------- Done invoking toplevel() on ptolemy.moml.MoMLSimpleApplication@6c307677
reloadAllAccessors: .ContinuousWithinContinuous4

===========================================================================================
----------------- testing Sun Sep 15 05:38:07 UTC 2019 /home/travis/build/icyphy/ptII/ptolemy/domains/continuous/test/auto/ContinuousWithinContinuous5.xml
----------------- Instantiating /home/travis/build/icyphy/ptII/ptolemy/domains/continuous/test/auto/ContinuousWithinContinuous5.xml
15 ms. Memory: 253952K Free: 103412K (41%)
----------------- Invoking toplevel() on ptolemy.moml.MoMLSimpleApplication@6dbe35a0
----------------- Done invoking toplevel() on ptolemy.moml.MoMLSimpleApplication@6dbe35a0
reloadAllAccessors: .ContinuousWithinContinuous5

===========================================================================================
----------------- testing Sun Sep 15 05:38:07 UTC 2019 /home/travis/build/icyphy/ptII/ptolemy/domains/continuous/test/auto/ContinuousWithinContinuous6.xml
----------------- Instantiating /home/travis/build/icyphy/ptII/ptolemy/domains/continuous/test/auto/ContinuousWithinContinuous6.xml
18 ms. Memory: 253952K Free: 96758K (38%)
----------------- Invoking toplevel() on ptolemy.moml.MoMLSimpleApplication@3a840778
----------------- Done invoking toplevel() on ptolemy.moml.MoMLSimpleApplication@3a840778
reloadAllAccessors: .ContinuousWithinContinuous6

===========================================================================================
----------------- testing Sun Sep 15 05:38:07 UTC 2019 /home/travis/build/icyphy/ptII/ptolemy/domains/continuous/test/auto/ContinuousWithinContinuous7.xml
----------------- Instantiating /home/travis/build/icyphy/ptII/ptolemy/domains/continuous/test/auto/ContinuousWithinContinuous7.xml
78 ms. Memory: 253952K Free: 236547K (93%)
----------------- Invoking toplevel() on ptolemy.moml.MoMLSimpleApplication@f455239
----------------- Done invoking toplevel() on ptolemy.moml.MoMLSimpleApplication@f455239
reloadAllAccessors: .ContinuousWithinContinuous7

===========================================================================================
----------------- testing Sun Sep 15 05:38:07 UTC 2019 /home/travis/build/icyphy/ptII/ptolemy/domains/continuous/test/auto/DCMotor.xml
----------------- Instantiating /home/travis/build/icyphy/ptII/ptolemy/domains/continuous/test/auto/DCMotor.xml
18001 ms. Memory: 253952K Free: 153038K (60%)
----------------- Invoking toplevel() on ptolemy.moml.MoMLSimpleApplication@e49823b
----------------- Done invoking toplevel() on ptolemy.moml.MoMLSimpleApplication@e49823b
reloadAllAccessors: .DCMotor

===========================================================================================
----------------- testing Sun Sep 15 05:38:25 UTC 2019 /home/travis/build/icyphy/ptII/ptolemy/domains/continuous/test/auto/DEInContinuous.xml
----------------- Instantiating /home/travis/build/icyphy/ptII/ptolemy/domains/continuous/test/auto/DEInContinuous.xml
23 ms. Memory: 253952K Free: 146901K (58%)
----------------- Invoking toplevel() on ptolemy.moml.MoMLSimpleApplication@6ef37b6a
----------------- Done invoking toplevel() on ptolemy.moml.MoMLSimpleApplication@6ef37b6a
reloadAllAccessors: .DEInContinuous

===========================================================================================
----------------- testing Sun Sep 15 05:38:25 UTC 2019 /home/travis/build/icyphy/ptII/ptolemy/domains/continuous/test/auto/DEinContinuous2.xml
----------------- Instantiating /home/travis/build/icyphy/ptII/ptolemy/domains/continuous/test/auto/DEinContinuous2.xml
11 ms. Memory: 253952K Free: 139223K (55%)
----------------- Invoking toplevel() on ptolemy.moml.MoMLSimpleApplication@34921aa5
----------------- Done invoking toplevel() on ptolemy.moml.MoMLSimpleApplication@34921aa5
reloadAllAccessors: .DEinContinuous2

===========================================================================================
----------------- testing Sun Sep 15 05:38:25 UTC 2019 /home/travis/build/icyphy/ptII/ptolemy/domains/continuous/test/auto/Derivative.xml
----------------- Instantiating /home/travis/build/icyphy/ptII/ptolemy/domains/continuous/test/auto/Derivative.xml
197 ms. Memory: 253952K Free: 110037K (43%)
----------------- Invoking toplevel() on ptolemy.moml.MoMLSimpleApplication@334c04c6
----------------- Done invoking toplevel() on ptolemy.moml.MoMLSimpleApplication@334c04c6
reloadAllAccessors: .Derivative2

===========================================================================================
----------------- testing Sun Sep 15 05:38:25 UTC 2019 /home/travis/build/icyphy/ptII/ptolemy/domains/continuous/test/auto/Derivative1.xml
----------------- Instantiating /home/travis/build/icyphy/ptII/ptolemy/domains/continuous/test/auto/Derivative1.xml
36 ms. Memory: 253952K Free: 96215K (38%)
----------------- Invoking toplevel() on ptolemy.moml.MoMLSimpleApplication@78b885f7
----------------- Done invoking toplevel() on ptolemy.moml.MoMLSimpleApplication@78b885f7
reloadAllAccessors: .Derivative1

===========================================================================================
----------------- testing Sun Sep 15 05:38:25 UTC 2019 /home/travis/build/icyphy/ptII/ptolemy/domains/continuous/test/auto/DiscreteClock.xml
----------------- Instantiating /home/travis/build/icyphy/ptII/ptolemy/domains/continuous/test/auto/DiscreteClock.xml
5 ms. Memory: 253952K Free: 91095K (36%)
----------------- Invoking toplevel() on ptolemy.moml.MoMLSimpleApplication@2b65ce0b
----------------- Done invoking toplevel() on ptolemy.moml.MoMLSimpleApplication@2b65ce0b
reloadAllAccessors: .DiscreteClock

===========================================================================================
----------------- testing Sun Sep 15 05:38:25 UTC 2019 /home/travis/build/icyphy/ptII/ptolemy/domains/continuous/test/auto/EfficiencyCurve.xml
----------------- Instantiating /home/travis/build/icyphy/ptII/ptolemy/domains/continuous/test/auto/EfficiencyCurve.xml
86 ms. Memory: 253952K Free: 232030K (91%)
----------------- Invoking toplevel() on ptolemy.moml.MoMLSimpleApplication@4b77dfe0
----------------- Done invoking toplevel() on ptolemy.moml.MoMLSimpleApplication@4b77dfe0
reloadAllAccessors: .EfficiencyCurve

===========================================================================================
----------------- testing Sun Sep 15 05:38:26 UTC 2019 /home/travis/build/icyphy/ptII/ptolemy/domains/continuous/test/auto/ExponentialResponse.xml
----------------- Instantiating /home/travis/build/icyphy/ptII/ptolemy/domains/continuous/test/auto/ExponentialResponse.xml
141 ms. Memory: 253952K Free: 216156K (85%)
----------------- Invoking toplevel() on ptolemy.moml.MoMLSimpleApplication@727c20ef
----------------- Done invoking toplevel() on ptolemy.moml.MoMLSimpleApplication@727c20ef
reloadAllAccessors: .ExponentialResponse

===========================================================================================
----------------- testing Sun Sep 15 05:38:26 UTC 2019 /home/travis/build/icyphy/ptII/ptolemy/domains/continuous/test/auto/ExponentialResponseRK45.xml
----------------- Instantiating /home/travis/build/icyphy/ptII/ptolemy/domains/continuous/test/auto/ExponentialResponseRK45.xml
36 ms. Memory: 253952K Free: 209502K (82%)
----------------- Invoking toplevel() on ptolemy.moml.MoMLSimpleApplication@4a7335a3
----------------- Done invoking toplevel() on ptolemy.moml.MoMLSimpleApplication@4a7335a3
reloadAllAccessors: .ExponentialResponseRK45

===========================================================================================
----------------- testing Sun Sep 15 05:38:26 UTC 2019 /home/travis/build/icyphy/ptII/ptolemy/domains/continuous/test/auto/Friction.xml
----------------- Instantiating /home/travis/build/icyphy/ptII/ptolemy/domains/continuous/test/auto/Friction.xml
2012 ms. Memory: 253952K Free: 233705K (92%)
----------------- Invoking toplevel() on ptolemy.moml.MoMLSimpleApplication@388c0245
----------------- Done invoking toplevel() on ptolemy.moml.MoMLSimpleApplication@388c0245
reloadAllAccessors: .Friction

===========================================================================================
----------------- testing Sun Sep 15 05:38:28 UTC 2019 /home/travis/build/icyphy/ptII/ptolemy/domains/continuous/test/auto/FurutaPendulum.xml
----------------- Instantiating /home/travis/build/icyphy/ptII/ptolemy/domains/continuous/test/auto/FurutaPendulum.xml
3696 ms. Memory: 253952K Free: 185691K (73%)
----------------- Invoking toplevel() on ptolemy.moml.MoMLSimpleApplication@514c22e8
----------------- Done invoking toplevel() on ptolemy.moml.MoMLSimpleApplication@514c22e8
reloadAllAccessors: .FurutaPendulum

===========================================================================================
----------------- testing Sun Sep 15 05:38:32 UTC 2019 /home/travis/build/icyphy/ptII/ptolemy/domains/continuous/test/auto/HierarchicalExecution.xml
----------------- Instantiating /home/travis/build/icyphy/ptII/ptolemy/domains/continuous/test/auto/HierarchicalExecution.xml
2206 ms. Memory: 253952K Free: 194529K (77%)
----------------- Invoking toplevel() on ptolemy.moml.MoMLSimpleApplication@9145ff5
----------------- Done invoking toplevel() on ptolemy.moml.MoMLSimpleApplication@9145ff5
reloadAllAccessors: .HierarchicalExecution

===========================================================================================
----------------- testing Sun Sep 15 05:38:35 UTC 2019 /home/travis/build/icyphy/ptII/ptolemy/domains/continuous/test/auto/HybridPlant.xml
----------------- Instantiating /home/travis/build/icyphy/ptII/ptolemy/domains/continuous/test/auto/HybridPlant.xml
699 ms. Memory: 253952K Free: 231165K (91%)
----------------- Invoking toplevel() on ptolemy.moml.MoMLSimpleApplication@5a5976b2
----------------- Done invoking toplevel() on ptolemy.moml.MoMLSimpleApplication@5a5976b2
reloadAllAccessors: .HybridPlant

===========================================================================================
----------------- testing Sun Sep 15 05:38:36 UTC 2019 /home/travis/build/icyphy/ptII/ptolemy/domains/continuous/test/auto/Hysteresis.xml
----------------- Instantiating /home/travis/build/icyphy/ptII/ptolemy/domains/continuous/test/auto/Hysteresis.xml
196 ms. Memory: 253952K Free: 169211K (67%)
----------------- Invoking toplevel() on ptolemy.moml.MoMLSimpleApplication@6659f358
----------------- Done invoking toplevel() on ptolemy.moml.MoMLSimpleApplication@6659f358
reloadAllAccessors: .Hysteresis

===========================================================================================
----------------- testing Sun Sep 15 05:38:36 UTC 2019 /home/travis/build/icyphy/ptII/ptolemy/domains/continuous/test/auto/HysteresisWithRandomDelay.xml
----------------- Instantiating /home/travis/build/icyphy/ptII/ptolemy/domains/continuous/test/auto/HysteresisWithRandomDelay.xml
245 ms. Memory: 253952K Free: 98045K (39%)
----------------- Invoking toplevel() on ptolemy.moml.MoMLSimpleApplication@2c5a8d95
----------------- Done invoking toplevel() on ptolemy.moml.MoMLSimpleApplication@2c5a8d95
reloadAllAccessors: .HysteresisWithRandomDelay

===========================================================================================
----------------- testing Sun Sep 15 05:38:36 UTC 2019 /home/travis/build/icyphy/ptII/ptolemy/domains/continuous/test/auto/HysteresisWithRandomLosses.xml
----------------- Instantiating /home/travis/build/icyphy/ptII/ptolemy/domains/continuous/test/auto/HysteresisWithRandomLosses.xml
3207 ms. Memory: 253952K Free: 106276K (42%)
----------------- Invoking toplevel() on ptolemy.moml.MoMLSimpleApplication@b426e48
----------------- Done invoking toplevel() on ptolemy.moml.MoMLSimpleApplication@b426e48
reloadAllAccessors: .HysteresisWithRandomLosses

===========================================================================================
----------------- testing Sun Sep 15 05:38:39 UTC 2019 /home/travis/build/icyphy/ptII/ptolemy/domains/continuous/test/auto/ImmediateTransitions.xml
----------------- Instantiating /home/travis/build/icyphy/ptII/ptolemy/domains/continuous/test/auto/ImmediateTransitions.xml
18 ms. Memory: 253952K Free: 95526K (38%)
----------------- Invoking toplevel() on ptolemy.moml.MoMLSimpleApplication@6a5155fd
----------------- Done invoking toplevel() on ptolemy.moml.MoMLSimpleApplication@6a5155fd
reloadAllAccessors: .ImmediateTransitions

===========================================================================================
----------------- testing Sun Sep 15 05:38:39 UTC 2019 /home/travis/build/icyphy/ptII/ptolemy/domains/continuous/test/auto/ImpulseFeedback.xml
----------------- Instantiating /home/travis/build/icyphy/ptII/ptolemy/domains/continuous/test/auto/ImpulseFeedback.xml
9 ms. Memory: 253952K Free: 89892K (35%)
----------------- Invoking toplevel() on ptolemy.moml.MoMLSimpleApplication@4c9a7740
----------------- Done invoking toplevel() on ptolemy.moml.MoMLSimpleApplication@4c9a7740
reloadAllAccessors: .ImpulseFeedback

===========================================================================================
----------------- testing Sun Sep 15 05:38:39 UTC 2019 /home/travis/build/icyphy/ptII/ptolemy/domains/continuous/test/auto/ImpulseFeedback2.xml
----------------- Instantiating /home/travis/build/icyphy/ptII/ptolemy/domains/continuous/test/auto/ImpulseFeedback2.xml
7 ms. Memory: 253952K Free: 234716K (92%)
----------------- Invoking toplevel() on ptolemy.moml.MoMLSimpleApplication@7e471a30
----------------- Done invoking toplevel() on ptolemy.moml.MoMLSimpleApplication@7e471a30
reloadAllAccessors: .ImpulseFeedback2

===========================================================================================
----------------- testing Sun Sep 15 05:38:39 UTC 2019 /home/travis/build/icyphy/ptII/ptolemy/domains/continuous/test/auto/IncreasingRatePoisson.xml
----------------- Instantiating /home/travis/build/icyphy/ptII/ptolemy/domains/continuous/test/auto/IncreasingRatePoisson.xml
968 ms. Memory: 253952K Free: 218928K (86%)
----------------- Invoking toplevel() on ptolemy.moml.MoMLSimpleApplication@33b20006
----------------- Done invoking toplevel() on ptolemy.moml.MoMLSimpleApplication@33b20006
reloadAllAccessors: .IncreasingRatePoisson

===========================================================================================
----------------- testing Sun Sep 15 05:38:40 UTC 2019 /home/travis/build/icyphy/ptII/ptolemy/domains/continuous/test/auto/InitialStateFeedback.xml
----------------- Instantiating /home/travis/build/icyphy/ptII/ptolemy/domains/continuous/test/auto/InitialStateFeedback.xml
4 ms. Memory: 253952K Free: 214336K (84%)
----------------- Invoking toplevel() on ptolemy.moml.MoMLSimpleApplication@227bb590
----------------- Done invoking toplevel() on ptolemy.moml.MoMLSimpleApplication@227bb590
reloadAllAccessors: .InitialStateFeedback

===========================================================================================
----------------- testing Sun Sep 15 05:38:41 UTC 2019 /home/travis/build/icyphy/ptII/ptolemy/domains/continuous/test/auto/Integration.xml
----------------- Instantiating /home/travis/build/icyphy/ptII/ptolemy/domains/continuous/test/auto/Integration.xml
5 ms. Memory: 253952K Free: 210240K (83%)
----------------- Invoking toplevel() on ptolemy.moml.MoMLSimpleApplication@2ecb2544
----------------- Done invoking toplevel() on ptolemy.moml.MoMLSimpleApplication@2ecb2544
reloadAllAccessors: .Integration

===========================================================================================
----------------- testing Sun Sep 15 05:38:41 UTC 2019 /home/travis/build/icyphy/ptII/ptolemy/domains/continuous/test/auto/Integration2.xml
----------------- Instantiating /home/travis/build/icyphy/ptII/ptolemy/domains/continuous/test/auto/Integration2.xml
109 ms. Memory: 253952K Free: 195904K (77%)
----------------- Invoking toplevel() on ptolemy.moml.MoMLSimpleApplication@7b5ad00b
----------------- Done invoking toplevel() on ptolemy.moml.MoMLSimpleApplication@7b5ad00b
reloadAllAccessors: .Integration2

===========================================================================================
----------------- testing Sun Sep 15 05:38:41 UTC 2019 /home/travis/build/icyphy/ptII/ptolemy/domains/continuous/test/auto/Integration3.xml
----------------- Instantiating /home/travis/build/icyphy/ptII/ptolemy/domains/continuous/test/auto/Integration3.xml
3 ms. Memory: 253952K Free: 191294K (75%)
----------------- Invoking toplevel() on ptolemy.moml.MoMLSimpleApplication@7b86882c
----------------- Done invoking toplevel() on ptolemy.moml.MoMLSimpleApplication@7b86882c
reloadAllAccessors: .Integration3

===========================================================================================
----------------- testing Sun Sep 15 05:38:41 UTC 2019 /home/travis/build/icyphy/ptII/ptolemy/domains/continuous/test/auto/Integration5.xml
----------------- Instantiating /home/travis/build/icyphy/ptII/ptolemy/domains/continuous/test/auto/Integration5.xml
2 ms. Memory: 253952K Free: 187198K (74%)
----------------- Invoking toplevel() on ptolemy.moml.MoMLSimpleApplication@6b222769
----------------- Done invoking toplevel() on ptolemy.moml.MoMLSimpleApplication@6b222769
reloadAllAccessors: .Integration5

===========================================================================================
----------------- testing Sun Sep 15 05:38:41 UTC 2019 /home/travis/build/icyphy/ptII/ptolemy/domains/continuous/test/auto/IntegratorImpulse.xml
----------------- Instantiating /home/travis/build/icyphy/ptII/ptolemy/domains/continuous/test/auto/IntegratorImpulse.xml
3 ms. Memory: 253952K Free: 183088K (72%)
----------------- Invoking toplevel() on ptolemy.moml.MoMLSimpleApplication@61c8a42b
----------------- Done invoking toplevel() on ptolemy.moml.MoMLSimpleApplication@61c8a42b
reloadAllAccessors: .IntegratorImpulse

===========================================================================================
----------------- testing Sun Sep 15 05:38:41 UTC 2019 /home/travis/build/icyphy/ptII/ptolemy/domains/continuous/test/auto/IntegratorImpulse2.xml
----------------- Instantiating /home/travis/build/icyphy/ptII/ptolemy/domains/continuous/test/auto/IntegratorImpulse2.xml
9 ms. Memory: 253952K Free: 178496K (70%)
----------------- Invoking toplevel() on ptolemy.moml.MoMLSimpleApplication@62151832
----------------- Done invoking toplevel() on ptolemy.moml.MoMLSimpleApplication@62151832
reloadAllAccessors: .IntegratorImpulse2

===========================================================================================
----------------- testing Sun Sep 15 05:38:41 UTC 2019 /home/travis/build/icyphy/ptII/ptolemy/domains/continuous/test/auto/LevelCrossing1.xml
----------------- Instantiating /home/travis/build/icyphy/ptII/ptolemy/domains/continuous/test/auto/LevelCrossing1.xml
3 ms. Memory: 253952K Free: 173376K (68%)
----------------- Invoking toplevel() on ptolemy.moml.MoMLSimpleApplication@32d100de
----------------- Done invoking toplevel() on ptolemy.moml.MoMLSimpleApplication@32d100de
reloadAllAccessors: .LevelCrossing1

===========================================================================================
----------------- testing Sun Sep 15 05:38:41 UTC 2019 /home/travis/build/icyphy/ptII/ptolemy/domains/continuous/test/auto/LevelCrossing2.xml
----------------- Instantiating /home/travis/build/icyphy/ptII/ptolemy/domains/continuous/test/auto/LevelCrossing2.xml
3 ms. Memory: 253952K Free: 168256K (66%)
----------------- Invoking toplevel() on ptolemy.moml.MoMLSimpleApplication@77d1fb44
----------------- Done invoking toplevel() on ptolemy.moml.MoMLSimpleApplication@77d1fb44
reloadAllAccessors: .LevelCrossing2

===========================================================================================
----------------- testing Sun Sep 15 05:38:41 UTC 2019 /home/travis/build/icyphy/ptII/ptolemy/domains/continuous/test/auto/LevelCrossing3.xml
----------------- Instantiating /home/travis/build/icyphy/ptII/ptolemy/domains/continuous/test/auto/LevelCrossing3.xml
2 ms. Memory: 253952K Free: 163136K (64%)
----------------- Invoking toplevel() on ptolemy.moml.MoMLSimpleApplication@5c3ff272
----------------- Done invoking toplevel() on ptolemy.moml.MoMLSimpleApplication@5c3ff272
reloadAllAccessors: .LevelCrossing3

===========================================================================================
----------------- testing Sun Sep 15 05:38:41 UTC 2019 /home/travis/build/icyphy/ptII/ptolemy/domains/continuous/test/auto/LevelCrossing4.xml
----------------- Instantiating /home/travis/build/icyphy/ptII/ptolemy/domains/continuous/test/auto/LevelCrossing4.xml
3 ms. Memory: 253952K Free: 158016K (62%)
----------------- Invoking toplevel() on ptolemy.moml.MoMLSimpleApplication@73bf8524
----------------- Done invoking toplevel() on ptolemy.moml.MoMLSimpleApplication@73bf8524
reloadAllAccessors: .LevelCrossing4

===========================================================================================
----------------- testing Sun Sep 15 05:38:41 UTC 2019 /home/travis/build/icyphy/ptII/ptolemy/domains/continuous/test/auto/LevelCrossing5.xml
----------------- Instantiating /home/travis/build/icyphy/ptII/ptolemy/domains/continuous/test/auto/LevelCrossing5.xml
3 ms. Memory: 253952K Free: 152896K (60%)
----------------- Invoking toplevel() on ptolemy.moml.MoMLSimpleApplication@393d8585
----------------- Done invoking toplevel() on ptolemy.moml.MoMLSimpleApplication@393d8585
reloadAllAccessors: .LevelCrossing5

===========================================================================================
[...]
reloadAllAccessors: .ResetTransitionWithStartTime6

===========================================================================================
----------------- testing Sun Sep 15 05:39:00 UTC 2019 /home/travis/build/icyphy/ptII/ptolemy/domains/continuous/test/auto/SRinContinuous.xml
----------------- Instantiating /home/travis/build/icyphy/ptII/ptolemy/domains/continuous/test/auto/SRinContinuous.xml
5 ms. Memory: 253952K Free: 151025K (59%)
----------------- Invoking toplevel() on ptolemy.moml.MoMLSimpleApplication@5044de29
----------------- Done invoking toplevel() on ptolemy.moml.MoMLSimpleApplication@5044de29
reloadAllAccessors: .SRinContinuous

===========================================================================================
----------------- testing Sun Sep 15 05:39:00 UTC 2019 /home/travis/build/icyphy/ptII/ptolemy/domains/continuous/test/auto/SampledClocks.xml
----------------- Instantiating /home/travis/build/icyphy/ptII/ptolemy/domains/continuous/test/auto/SampledClocks.xml
7 ms. Memory: 253952K Free: 138223K (54%)
----------------- Invoking toplevel() on ptolemy.moml.MoMLSimpleApplication@34bb9a8
----------------- Done invoking toplevel() on ptolemy.moml.MoMLSimpleApplication@34bb9a8
reloadAllAccessors: .SampledClocks

===========================================================================================
----------------- testing Sun Sep 15 05:39:00 UTC 2019 /home/travis/build/icyphy/ptII/ptolemy/domains/continuous/test/auto/Satellite.xml
----------------- Instantiating /home/travis/build/icyphy/ptII/ptolemy/domains/continuous/test/auto/Satellite.xml
753 ms. Memory: 253952K Free: 98417K (39%)
----------------- Invoking toplevel() on ptolemy.moml.MoMLSimpleApplication@1bba89bb
----------------- Done invoking toplevel() on ptolemy.moml.MoMLSimpleApplication@1bba89bb
reloadAllAccessors: .Satellite

===========================================================================================
----------------- testing Sun Sep 15 05:39:01 UTC 2019 /home/travis/build/icyphy/ptII/ptolemy/domains/continuous/test/auto/SigmaDelta.xml
----------------- Instantiating /home/travis/build/icyphy/ptII/ptolemy/domains/continuous/test/auto/SigmaDelta.xml
2535 ms. Memory: 253952K Free: 135320K (53%)
----------------- Invoking toplevel() on ptolemy.moml.MoMLSimpleApplication@4b3e8702
----------------- Done invoking toplevel() on ptolemy.moml.MoMLSimpleApplication@4b3e8702
reloadAllAccessors: .SigmaDelta

===========================================================================================
----------------- testing Sun Sep 15 05:39:04 UTC 2019 /home/travis/build/icyphy/ptII/ptolemy/domains/continuous/test/auto/SingleRefinement.xml
----------------- Instantiating /home/travis/build/icyphy/ptII/ptolemy/domains/continuous/test/auto/SingleRefinement.xml
468 ms. Memory: 305152K Free: 154372K (51%)
----------------- Invoking toplevel() on ptolemy.moml.MoMLSimpleApplication@197aac96
----------------- Done invoking toplevel() on ptolemy.moml.MoMLSimpleApplication@197aac96
reloadAllAccessors: .SingleRefinement

===========================================================================================
----------------- testing Sun Sep 15 05:39:04 UTC 2019 /home/travis/build/icyphy/ptII/ptolemy/domains/continuous/test/auto/SinuBouncingBall.xml
----------------- Instantiating /home/travis/build/icyphy/ptII/ptolemy/domains/continuous/test/auto/SinuBouncingBall.xml
892 ms. Memory: 305152K Free: 122657K (40%)
----------------- Invoking toplevel() on ptolemy.moml.MoMLSimpleApplication@5fe393bb
----------------- Done invoking toplevel() on ptolemy.moml.MoMLSimpleApplication@5fe393bb
reloadAllAccessors: .SinuBouncingBall

===========================================================================================
----------------- testing Sun Sep 15 05:39:05 UTC 2019 /home/travis/build/icyphy/ptII/ptolemy/domains/continuous/test/auto/Sinusoid.xml
----------------- Instantiating /home/travis/build/icyphy/ptII/ptolemy/domains/continuous/test/auto/Sinusoid.xml
5 ms. Memory: 305152K Free: 118378K (39%)
----------------- Invoking toplevel() on ptolemy.moml.MoMLSimpleApplication@7af8f2e3
----------------- Done invoking toplevel() on ptolemy.moml.MoMLSimpleApplication@7af8f2e3
reloadAllAccessors: .Sinusoid

===========================================================================================
----------------- testing Sun Sep 15 05:39:05 UTC 2019 /home/travis/build/icyphy/ptII/ptolemy/domains/continuous/test/auto/SinusoidInNoise.xml
----------------- Instantiating /home/travis/build/icyphy/ptII/ptolemy/domains/continuous/test/auto/SinusoidInNoise.xml
1229 ms. Memory: 305152K Free: 165124K (54%)
----------------- Invoking toplevel() on ptolemy.moml.MoMLSimpleApplication@1079fc65
----------------- Done invoking toplevel() on ptolemy.moml.MoMLSimpleApplication@1079fc65
reloadAllAccessors: .SinusoidInNoise

===========================================================================================
----------------- testing Sun Sep 15 05:39:07 UTC 2019 /home/travis/build/icyphy/ptII/ptolemy/domains/continuous/test/auto/SinusoidRK45.xml
----------------- Instantiating /home/travis/build/icyphy/ptII/ptolemy/domains/continuous/test/auto/SinusoidRK45.xml
4 ms. Memory: 305152K Free: 160998K (53%)
----------------- Invoking toplevel() on ptolemy.moml.MoMLSimpleApplication@5413f454
----------------- Done invoking toplevel() on ptolemy.moml.MoMLSimpleApplication@5413f454
reloadAllAccessors: .SinusoidRK45

===========================================================================================
----------------- testing Sun Sep 15 05:39:07 UTC 2019 /home/travis/build/icyphy/ptII/ptolemy/domains/continuous/test/auto/SinusoidWithMultipleImpulses.xml
----------------- Instantiating /home/travis/build/icyphy/ptII/ptolemy/domains/continuous/test/auto/SinusoidWithMultipleImpulses.xml
4 ms. Memory: 305152K Free: 156422K (51%)
----------------- Invoking toplevel() on ptolemy.moml.MoMLSimpleApplication@6f920d5f
----------------- Done invoking toplevel() on ptolemy.moml.MoMLSimpleApplication@6f920d5f
reloadAllAccessors: .SinusoidWithMultipleImpulses

===========================================================================================
----------------- testing Sun Sep 15 05:39:07 UTC 2019 /home/travis/build/icyphy/ptII/ptolemy/domains/continuous/test/auto/SquareWave.xml
----------------- Instantiating /home/travis/build/icyphy/ptII/ptolemy/domains/continuous/test/auto/SquareWave.xml
174 ms. Memory: 305152K Free: 129284K (42%)
----------------- Invoking toplevel() on ptolemy.moml.MoMLSimpleApplication@2b50d92f
----------------- Done invoking toplevel() on ptolemy.moml.MoMLSimpleApplication@2b50d92f
reloadAllAccessors: .SquareWave

===========================================================================================
----------------- testing Sun Sep 15 05:39:07 UTC 2019 /home/travis/build/icyphy/ptII/ptolemy/domains/continuous/test/auto/Starmac.xml
----------------- Instantiating /home/travis/build/icyphy/ptII/ptolemy/domains/continuous/test/auto/Starmac.xml
3088 ms. Memory: 305152K Free: 173939K (57%)
----------------- Invoking toplevel() on ptolemy.moml.MoMLSimpleApplication@77551ad6
----------------- Done invoking toplevel() on ptolemy.moml.MoMLSimpleApplication@77551ad6
reloadAllAccessors: .Starmac

===========================================================================================
----------------- testing Sun Sep 15 05:39:10 UTC 2019 /home/travis/build/icyphy/ptII/ptolemy/domains/continuous/test/auto/StaticUnits.xml
----------------- Instantiating /home/travis/build/icyphy/ptII/ptolemy/domains/continuous/test/auto/StaticUnits.xml
2099 ms. Memory: 305152K Free: 244226K (80%)
----------------- Invoking toplevel() on ptolemy.moml.MoMLSimpleApplication@5b2a49b6
----------------- Done invoking toplevel() on ptolemy.moml.MoMLSimpleApplication@5b2a49b6
reloadAllAccessors: .StaticUnits

===========================================================================================
----------------- testing Sun Sep 15 05:39:14 UTC 2019 /home/travis/build/icyphy/ptII/ptolemy/domains/continuous/test/auto/StickyMasses.xml
----------------- Instantiating /home/travis/build/icyphy/ptII/ptolemy/domains/continuous/test/auto/StickyMasses.xml
165 ms. Memory: 305152K Free: 195059K (64%)
----------------- Invoking toplevel() on ptolemy.moml.MoMLSimpleApplication@3046667e
----------------- Done invoking toplevel() on ptolemy.moml.MoMLSimpleApplication@3046667e
reloadAllAccessors: .StickyMasses

===========================================================================================
----------------- testing Sun Sep 15 05:39:14 UTC 2019 /home/travis/build/icyphy/ptII/ptolemy/domains/continuous/test/auto/StopTime.xml
----------------- Instantiating /home/travis/build/icyphy/ptII/ptolemy/domains/continuous/test/auto/StopTime.xml
62 ms. Memory: 305152K Free: 170483K (56%)
----------------- Invoking toplevel() on ptolemy.moml.MoMLSimpleApplication@64901983
----------------- Done invoking toplevel() on ptolemy.moml.MoMLSimpleApplication@64901983
reloadAllAccessors: .StopTime

===========================================================================================
----------------- testing Sun Sep 15 05:39:14 UTC 2019 /home/travis/build/icyphy/ptII/ptolemy/domains/continuous/test/auto/StopTime2.xml
----------------- Instantiating /home/travis/build/icyphy/ptII/ptolemy/domains/continuous/test/auto/StopTime2.xml
50 ms. Memory: 305152K Free: 148484K (49%)
----------------- Invoking toplevel() on ptolemy.moml.MoMLSimpleApplication@dedb104
----------------- Done invoking toplevel() on ptolemy.moml.MoMLSimpleApplication@dedb104
reloadAllAccessors: .StopTime2

===========================================================================================
----------------- testing Sun Sep 15 05:39:14 UTC 2019 /home/travis/build/icyphy/ptII/ptolemy/domains/continuous/test/auto/Switch.xml
----------------- Instantiating /home/travis/build/icyphy/ptII/ptolemy/domains/continuous/test/auto/Switch.xml
63 ms. Memory: 305152K Free: 123908K (41%)
----------------- Invoking toplevel() on ptolemy.moml.MoMLSimpleApplication@66f15e10
----------------- Done invoking toplevel() on ptolemy.moml.MoMLSimpleApplication@66f15e10
reloadAllAccessors: .Switch

===========================================================================================
----------------- testing Sun Sep 15 05:39:14 UTC 2019 /home/travis/build/icyphy/ptII/ptolemy/domains/continuous/test/auto/Thermostat.xml
----------------- Instantiating /home/travis/build/icyphy/ptII/ptolemy/domains/continuous/test/auto/Thermostat.xml
204 ms. Memory: 305152K Free: 233877K (77%)
----------------- Invoking toplevel() on ptolemy.moml.MoMLSimpleApplication@2eac3a2c
----------------- Done invoking toplevel() on ptolemy.moml.MoMLSimpleApplication@2eac3a2c
reloadAllAccessors: .Thermostat

===========================================================================================
----------------- testing Sun Sep 15 05:39:14 UTC 2019 /home/travis/build/icyphy/ptII/ptolemy/domains/continuous/test/auto/TimeDelay.xml
----------------- Instantiating /home/travis/build/icyphy/ptII/ptolemy/domains/continuous/test/auto/TimeDelay.xml
8 ms. Memory: 305152K Free: 228622K (75%)
----------------- Invoking toplevel() on ptolemy.moml.MoMLSimpleApplication@250fbcc3
----------------- Done invoking toplevel() on ptolemy.moml.MoMLSimpleApplication@250fbcc3
reloadAllAccessors: .TimeDelay

===========================================================================================
----------------- testing Sun Sep 15 05:39:14 UTC 2019 /home/travis/build/icyphy/ptII/ptolemy/domains/continuous/test/auto/TimeDelay2.xml
----------------- Instantiating /home/travis/build/icyphy/ptII/ptolemy/domains/continuous/test/auto/TimeDelay2.xml
10 ms. Memory: 305152K Free: 218902K (72%)
----------------- Invoking toplevel() on ptolemy.moml.MoMLSimpleApplication@ed5b856
----------------- Done invoking toplevel() on ptolemy.moml.MoMLSimpleApplication@ed5b856
reloadAllAccessors: .TimeDelay2

===========================================================================================
----------------- testing Sun Sep 15 05:39:14 UTC 2019 /home/travis/build/icyphy/ptII/ptolemy/domains/continuous/test/auto/TimeDelay3.xml
----------------- Instantiating /home/travis/build/icyphy/ptII/ptolemy/domains/continuous/test/auto/TimeDelay3.xml
3 ms. Memory: 305152K Free: 214278K (70%)
----------------- Invoking toplevel() on ptolemy.moml.MoMLSimpleApplication@4f4bc697
----------------- Done invoking toplevel() on ptolemy.moml.MoMLSimpleApplication@4f4bc697
reloadAllAccessors: .TimeDelay3

===========================================================================================
----------------- testing Sun Sep 15 05:39:14 UTC 2019 /home/travis/build/icyphy/ptII/ptolemy/domains/continuous/test/auto/TransferAbsentToInside.xml
----------------- Instantiating /home/travis/build/icyphy/ptII/ptolemy/domains/continuous/test/auto/TransferAbsentToInside.xml
36 ms. Memory: 305152K Free: 161558K (53%)
----------------- Invoking toplevel() on ptolemy.moml.MoMLSimpleApplication@25cba074
----------------- Done invoking toplevel() on ptolemy.moml.MoMLSimpleApplication@25cba074
reloadAllAccessors: .TransferAbsentToInside

===========================================================================================
----------------- testing Sun Sep 15 05:39:15 UTC 2019 /home/travis/build/icyphy/ptII/ptolemy/domains/continuous/test/auto/Transmission.xml
----------------- Instantiating /home/travis/build/icyphy/ptII/ptolemy/domains/continuous/test/auto/Transmission.xml
1079 ms. Memory: 305152K Free: 111678K (37%)
----------------- Invoking toplevel() on ptolemy.moml.MoMLSimpleApplication@6dbc7b0f
----------------- Done invoking toplevel() on ptolemy.moml.MoMLSimpleApplication@6dbc7b0f
reloadAllAccessors: .Transmission

===========================================================================================
----------------- testing Sun Sep 15 05:39:16 UTC 2019 /home/travis/build/icyphy/ptII/ptolemy/domains/continuous/test/auto/TriggeredContinuousClock.xml
----------------- Instantiating /home/travis/build/icyphy/ptII/ptolemy/domains/continuous/test/auto/TriggeredContinuousClock.xml
49 ms. Memory: 305152K Free: 263879K (86%)
----------------- Invoking toplevel() on ptolemy.moml.MoMLSimpleApplication@2828a1fc
----------------- Done invoking toplevel() on ptolemy.moml.MoMLSimpleApplication@2828a1fc
reloadAllAccessors: .TriggeredContinuousClock

===========================================================================================
----------------- testing Sun Sep 15 05:39:16 UTC 2019 /home/travis/build/icyphy/ptII/ptolemy/domains/continuous/test/auto/TwoMachineInfiniteBusControl.xml
----------------- Instantiating /home/travis/build/icyphy/ptII/ptolemy/domains/continuous/test/auto/TwoMachineInfiniteBusControl.xml
3258 ms. Memory: 305152K Free: 250867K (82%)
----------------- Invoking toplevel() on ptolemy.moml.MoMLSimpleApplication@3b881ec8
----------------- Done invoking toplevel() on ptolemy.moml.MoMLSimpleApplication@3b881ec8
reloadAllAccessors: .TwoMachineInfiniteBusControl

===========================================================================================
----------------- testing Sun Sep 15 05:39:19 UTC 2019 /home/travis/build/icyphy/ptII/ptolemy/domains/continuous/test/auto/V2V.xml
----------------- Instantiating /home/travis/build/icyphy/ptII/ptolemy/domains/continuous/test/auto/V2V.xml
919 ms. Memory: 305152K Free: 245386K (80%)
----------------- Invoking toplevel() on ptolemy.moml.MoMLSimpleApplication@517b4e43
----------------- Done invoking toplevel() on ptolemy.moml.MoMLSimpleApplication@517b4e43
reloadAllAccessors: .V2V

===========================================================================================
----------------- testing Sun Sep 15 05:39:20 UTC 2019 /home/travis/build/icyphy/ptII/ptolemy/domains/continuous/test/auto/hierarchicalModalModel.xml
----------------- Instantiating /home/travis/build/icyphy/ptII/ptolemy/domains/continuous/test/auto/hierarchicalModalModel.xml
9 ms. Memory: 305152K Free: 231036K (76%)
----------------- Invoking toplevel() on ptolemy.moml.MoMLSimpleApplication@7c4e5fdf
----------------- Done invoking toplevel() on ptolemy.moml.MoMLSimpleApplication@7c4e5fdf
reloadAllAccessors: .hierarchicalModalModel

===========================================================================================
----------------- testing Sun Sep 15 05:39:20 UTC 2019 /home/travis/build/icyphy/ptII/ptolemy/domains/continuous/test/auto/hierarchicalModalModel1.xml
----------------- Instantiating /home/travis/build/icyphy/ptII/ptolemy/domains/continuous/test/auto/hierarchicalModalModel1.xml
10 ms. Memory: 305152K Free: 216714K (71%)
----------------- Invoking toplevel() on ptolemy.moml.MoMLSimpleApplication@39a4a2de
----------------- Done invoking toplevel() on ptolemy.moml.MoMLSimpleApplication@39a4a2de
reloadAllAccessors: .hierarchicalModalModel1

===========================================================================================
----------------- testing Sun Sep 15 05:39:20 UTC 2019 /home/travis/build/icyphy/ptII/ptolemy/domains/continuous/test/auto/hierarchicalModalModel2.xml
----------------- Instantiating /home/travis/build/icyphy/ptII/ptolemy/domains/continuous/test/auto/hierarchicalModalModel2.xml
8 ms. Memory: 305152K Free: 204412K (67%)
----------------- Invoking toplevel() on ptolemy.moml.MoMLSimpleApplication@7c178387
----------------- Done invoking toplevel() on ptolemy.moml.MoMLSimpleApplication@7c178387
reloadAllAccessors: .hierarchicalModalModel2

===========================================================================================
----------------- testing Sun Sep 15 05:39:20 UTC 2019 /home/travis/build/icyphy/ptII/ptolemy/domains/continuous/test/auto/hierarchicalModalModel3.xml
----------------- Instantiating /home/travis/build/icyphy/ptII/ptolemy/domains/continuous/test/auto/hierarchicalModalModel3.xml
7 ms. Memory: 305152K Free: 193676K (63%)
----------------- Invoking toplevel() on ptolemy.moml.MoMLSimpleApplication@1f00d410
----------------- Done invoking toplevel() on ptolemy.moml.MoMLSimpleApplication@1f00d410
reloadAllAccessors: .hierarchicalModalModel3

===========================================================================================
----------------- testing Sun Sep 15 05:39:20 UTC 2019 /home/travis/build/icyphy/ptII/ptolemy/domains/continuous/test/auto/hierarchicalModalModel4.xml
----------------- Instantiating /home/travis/build/icyphy/ptII/ptolemy/domains/continuous/test/auto/hierarchicalModalModel4.xml
6 ms. Memory: 305152K Free: 181898K (60%)
----------------- Invoking toplevel() on ptolemy.moml.MoMLSimpleApplication@203a383
----------------- Done invoking toplevel() on ptolemy.moml.MoMLSimpleApplication@203a383
reloadAllAccessors: .hierarchicalModalModel4

===========================================================================================
----------------- testing Sun Sep 15 05:39:20 UTC 2019 /home/travis/build/icyphy/ptII/ptolemy/domains/continuous/test/auto/junk.xml
----------------- Instantiating /home/travis/build/icyphy/ptII/ptolemy/domains/continuous/test/auto/junk.xml
175 ms. Memory: 305152K Free: 157322K (52%)
----------------- Invoking toplevel() on ptolemy.moml.MoMLSimpleApplication@76e9ad14
----------------- Done invoking toplevel() on ptolemy.moml.MoMLSimpleApplication@76e9ad14
reloadAllAccessors: .junk
AutoTests.java: About to close Vertx.
AutoTests.java: Vertx closed.
]]></system-out>
  <system-err><![CDATA[Warning: '.HysteresisWithRandomDelay.NonStrictTest3' The test produced only 29 tokens, yet the correctValues parameter was expecting 30 tokens.
Warning: '.Poisson.NonStrictTest' The test produced only 375 tokens, yet the correctValues parameter was expecting 430 tokens.
]]></system-err>
</testsuite>
