<?xml version="1.0" encoding="UTF-8" ?>
<testsuite errors="0" failures="0" hostname="travis-job-302f1bc8-8b8e-4d70-91b3-342ca3c67202" name="ptolemy.domains.continuous.test.junit.JUnitTclTest" skipped="0" tests="156" time="84.282" timestamp="2019-07-10T17:43:44">
  <properties>
[...]
</properties>
  <testcase classname="ptolemy.util.test.junit.TclTests" name="[0] ThereAreNoTclTests (RunTclFile)" time="0.016" />
  <testcase classname="ptolemy.util.test.junit.AutoKnownFailedTests" name="[0] ThereAreNoKnowFailedTests (RunModel)" time="0.01" />
  <testcase classname="ptolemy.util.test.junit.AutoNameArchTests" name="[0] ThereAreNoAutoArchTests (RunModel)" time="0.024" />
  <testcase classname="ptolemy.util.test.junit.AutoTests" name="[0] /home/travis/build/icyphy/ptII/ptolemy/domains/continuous/test/auto/BouncingBall.xml (RunModel)" time="3.56" />
  <testcase classname="ptolemy.util.test.junit.AutoTests" name="[1] /home/travis/build/icyphy/ptII/ptolemy/domains/continuous/test/auto/BouncingBallWithoutGR.xml (RunModel)" time="1.063" />
  <testcase classname="ptolemy.util.test.junit.AutoTests" name="[2] /home/travis/build/icyphy/ptII/ptolemy/domains/continuous/test/auto/Brownian.xml (RunModel)" time="0.124" />
  <testcase classname="ptolemy.util.test.junit.AutoTests" name="[3] /home/travis/build/icyphy/ptII/ptolemy/domains/continuous/test/auto/CarTracking.xml (RunModel)" time="4.936" />
  <testcase classname="ptolemy.util.test.junit.AutoTests" name="[4] /home/travis/build/icyphy/ptII/ptolemy/domains/continuous/test/auto/CartPendulum.xml (RunModel)" time="0.596" />
  <testcase classname="ptolemy.util.test.junit.AutoTests" name="[5] /home/travis/build/icyphy/ptII/ptolemy/domains/continuous/test/auto/CausalityInterface10.xml (RunModel)" time="0.052" />
  <testcase classname="ptolemy.util.test.junit.AutoTests" name="[6] /home/travis/build/icyphy/ptII/ptolemy/domains/continuous/test/auto/CausalityInterface11.xml (RunModel)" time="0.033" />
  <testcase classname="ptolemy.util.test.junit.AutoTests" name="[7] /home/travis/build/icyphy/ptII/ptolemy/domains/continuous/test/auto/CausalityInterface12.xml (RunModel)" time="0.044" />
  <testcase classname="ptolemy.util.test.junit.AutoTests" name="[8] /home/travis/build/icyphy/ptII/ptolemy/domains/continuous/test/auto/CausalityInterface13.xml (RunModel)" time="0.05" />
  <testcase classname="ptolemy.util.test.junit.AutoTests" name="[9] /home/travis/build/icyphy/ptII/ptolemy/domains/continuous/test/auto/CausalityInterface14.xml (RunModel)" time="0.03" />
  <testcase classname="ptolemy.util.test.junit.AutoTests" name="[10] /home/travis/build/icyphy/ptII/ptolemy/domains/continuous/test/auto/CausalityInterface4.xml (RunModel)" time="0.073" />
  <testcase classname="ptolemy.util.test.junit.AutoTests" name="[11] /home/travis/build/icyphy/ptII/ptolemy/domains/continuous/test/auto/CausalityInterface5.xml (RunModel)" time="0.041" />
  <testcase classname="ptolemy.util.test.junit.AutoTests" name="[12] /home/travis/build/icyphy/ptII/ptolemy/domains/continuous/test/auto/CausalityInterface6.xml (RunModel)" time="0.025" />
  <testcase classname="ptolemy.util.test.junit.AutoTests" name="[13] /home/travis/build/icyphy/ptII/ptolemy/domains/continuous/test/auto/CausalityInterface7.xml (RunModel)" time="0.046" />
  <testcase classname="ptolemy.util.test.junit.AutoTests" name="[14] /home/travis/build/icyphy/ptII/ptolemy/domains/continuous/test/auto/CausalityInterface8.xml (RunModel)" time="0.048" />
  <testcase classname="ptolemy.util.test.junit.AutoTests" name="[15] /home/travis/build/icyphy/ptII/ptolemy/domains/continuous/test/auto/CausalityInterface9.xml (RunModel)" time="0.066" />
  <testcase classname="ptolemy.util.test.junit.AutoTests" name="[16] /home/travis/build/icyphy/ptII/ptolemy/domains/continuous/test/auto/CausalityInterfaceFeedback1.xml (RunModel)" time="0.038" />
  <testcase classname="ptolemy.util.test.junit.AutoTests" name="[17] /home/travis/build/icyphy/ptII/ptolemy/domains/continuous/test/auto/CausalityInterfaceFeedback2.xml (RunModel)" time="0.03" />
  <testcase classname="ptolemy.util.test.junit.AutoTests" name="[18] /home/travis/build/icyphy/ptII/ptolemy/domains/continuous/test/auto/CompareWithCurrentTime.xml (RunModel)" time="0.022" />
  <testcase classname="ptolemy.util.test.junit.AutoTests" name="[19] /home/travis/build/icyphy/ptII/ptolemy/domains/continuous/test/auto/ComparedClocks.xml (RunModel)" time="0.079" />
  <testcase classname="ptolemy.util.test.junit.AutoTests" name="[20] /home/travis/build/icyphy/ptII/ptolemy/domains/continuous/test/auto/ContinuousAOCClone.xml (RunModel)" time="3.142" />
  <testcase classname="ptolemy.util.test.junit.AutoTests" name="[21] /home/travis/build/icyphy/ptII/ptolemy/domains/continuous/test/auto/ContinuousClock.xml (RunModel)" time="0.108" />
  <testcase classname="ptolemy.util.test.junit.AutoTests" name="[22] /home/travis/build/icyphy/ptII/ptolemy/domains/continuous/test/auto/ContinuousInContinuous.xml (RunModel)" time="0.106" />
  <testcase classname="ptolemy.util.test.junit.AutoTests" name="[23] /home/travis/build/icyphy/ptII/ptolemy/domains/continuous/test/auto/ContinuousInContinuousInContinuous.xml (RunModel)" time="0.031" />
  <testcase classname="ptolemy.util.test.junit.AutoTests" name="[24] /home/travis/build/icyphy/ptII/ptolemy/domains/continuous/test/auto/ContinuousInDE.xml (RunModel)" time="0.161" />
  <testcase classname="ptolemy.util.test.junit.AutoTests" name="[25] /home/travis/build/icyphy/ptII/ptolemy/domains/continuous/test/auto/ContinuousInDE2.xml (RunModel)" time="0.059" />
  <testcase classname="ptolemy.util.test.junit.AutoTests" name="[26] /home/travis/build/icyphy/ptII/ptolemy/domains/continuous/test/auto/ContinuousInDE3.xml (RunModel)" time="0.072" />
  <testcase classname="ptolemy.util.test.junit.AutoTests" name="[27] /home/travis/build/icyphy/ptII/ptolemy/domains/continuous/test/auto/ContinuousInDE4.xml (RunModel)" time="0.039" />
  <testcase classname="ptolemy.util.test.junit.AutoTests" name="[28] /home/travis/build/icyphy/ptII/ptolemy/domains/continuous/test/auto/ContinuousInDEDifferentRefinements.xml (RunModel)" time="0.1" />
  <testcase classname="ptolemy.util.test.junit.AutoTests" name="[29] /home/travis/build/icyphy/ptII/ptolemy/domains/continuous/test/auto/ContinuousInDEDifferentRefinementsPreemptive.xml (RunModel)" time="0.096" />
  <testcase classname="ptolemy.util.test.junit.AutoTests" name="[30] /home/travis/build/icyphy/ptII/ptolemy/domains/continuous/test/auto/ContinuousInDEInContinuous2.xml (RunModel)" time="0.08" />
  <testcase classname="ptolemy.util.test.junit.AutoTests" name="[31] /home/travis/build/icyphy/ptII/ptolemy/domains/continuous/test/auto/ContinuousInDEInContinuous3.xml (RunModel)" time="0.079" />
  <testcase classname="ptolemy.util.test.junit.AutoTests" name="[32] /home/travis/build/icyphy/ptII/ptolemy/domains/continuous/test/auto/ContinuousInDEInput.xml (RunModel)" time="0.04" />
  <testcase classname="ptolemy.util.test.junit.AutoTests" name="[33] /home/travis/build/icyphy/ptII/ptolemy/domains/continuous/test/auto/ContinuousInDEInput2.xml (RunModel)" time="0.037" />
  <testcase classname="ptolemy.util.test.junit.AutoTests" name="[34] /home/travis/build/icyphy/ptII/ptolemy/domains/continuous/test/auto/ContinuousInDEInput3.xml (RunModel)" time="0.048" />
  <testcase classname="ptolemy.util.test.junit.AutoTests" name="[35] /home/travis/build/icyphy/ptII/ptolemy/domains/continuous/test/auto/ContinuousInDESharingRefinement.xml (RunModel)" time="0.208" />
  <testcase classname="ptolemy.util.test.junit.AutoTests" name="[36] /home/travis/build/icyphy/ptII/ptolemy/domains/continuous/test/auto/ContinuousInDEwithNoPorts.xml (RunModel)" time="0.023" />
  <testcase classname="ptolemy.util.test.junit.AutoTests" name="[37] /home/travis/build/icyphy/ptII/ptolemy/domains/continuous/test/auto/ContinuousInsideDE.xml (RunModel)" time="0.112" />
  <testcase classname="ptolemy.util.test.junit.AutoTests" name="[38] /home/travis/build/icyphy/ptII/ptolemy/domains/continuous/test/auto/ContinuousMerge1.xml (RunModel)" time="0.021" />
  <testcase classname="ptolemy.util.test.junit.AutoTests" name="[39] /home/travis/build/icyphy/ptII/ptolemy/domains/continuous/test/auto/ContinuousMerge2.xml (RunModel)" time="0.059" />
  <testcase classname="ptolemy.util.test.junit.AutoTests" name="[40] /home/travis/build/icyphy/ptII/ptolemy/domains/continuous/test/auto/ContinuousMerge3.xml (RunModel)" time="0.086" />
  <testcase classname="ptolemy.util.test.junit.AutoTests" name="[41] /home/travis/build/icyphy/ptII/ptolemy/domains/continuous/test/auto/ContinuousWithinContinuous.xml (RunModel)" time="0.068" />
  <testcase classname="ptolemy.util.test.junit.AutoTests" name="[42] /home/travis/build/icyphy/ptII/ptolemy/domains/continuous/test/auto/ContinuousWithinContinuous2.xml (RunModel)" time="0.103" />
  <testcase classname="ptolemy.util.test.junit.AutoTests" name="[43] /home/travis/build/icyphy/ptII/ptolemy/domains/continuous/test/auto/ContinuousWithinContinuous3.xml (RunModel)" time="0.033" />
  <testcase classname="ptolemy.util.test.junit.AutoTests" name="[44] /home/travis/build/icyphy/ptII/ptolemy/domains/continuous/test/auto/ContinuousWithinContinuous4.xml (RunModel)" time="0.11" />
  <testcase classname="ptolemy.util.test.junit.AutoTests" name="[45] /home/travis/build/icyphy/ptII/ptolemy/domains/continuous/test/auto/ContinuousWithinContinuous5.xml (RunModel)" time="0.043" />
  <testcase classname="ptolemy.util.test.junit.AutoTests" name="[46] /home/travis/build/icyphy/ptII/ptolemy/domains/continuous/test/auto/ContinuousWithinContinuous6.xml (RunModel)" time="0.053" />
  <testcase classname="ptolemy.util.test.junit.AutoTests" name="[47] /home/travis/build/icyphy/ptII/ptolemy/domains/continuous/test/auto/ContinuousWithinContinuous7.xml (RunModel)" time="0.108" />
  <testcase classname="ptolemy.util.test.junit.AutoTests" name="[48] /home/travis/build/icyphy/ptII/ptolemy/domains/continuous/test/auto/DCMotor.xml (RunModel)" time="15.827" />
  <testcase classname="ptolemy.util.test.junit.AutoTests" name="[49] /home/travis/build/icyphy/ptII/ptolemy/domains/continuous/test/auto/DEInContinuous.xml (RunModel)" time="0.042" />
  <testcase classname="ptolemy.util.test.junit.AutoTests" name="[50] /home/travis/build/icyphy/ptII/ptolemy/domains/continuous/test/auto/DEinContinuous2.xml (RunModel)" time="0.034" />
  <testcase classname="ptolemy.util.test.junit.AutoTests" name="[51] /home/travis/build/icyphy/ptII/ptolemy/domains/continuous/test/auto/Derivative.xml (RunModel)" time="0.232" />
  <testcase classname="ptolemy.util.test.junit.AutoTests" name="[52] /home/travis/build/icyphy/ptII/ptolemy/domains/continuous/test/auto/Derivative1.xml (RunModel)" time="0.053" />
  <testcase classname="ptolemy.util.test.junit.AutoTests" name="[53] /home/travis/build/icyphy/ptII/ptolemy/domains/continuous/test/auto/DiscreteClock.xml (RunModel)" time="0.017" />
  <testcase classname="ptolemy.util.test.junit.AutoTests" name="[54] /home/travis/build/icyphy/ptII/ptolemy/domains/continuous/test/auto/EfficiencyCurve.xml (RunModel)" time="0.101" />
  <testcase classname="ptolemy.util.test.junit.AutoTests" name="[55] /home/travis/build/icyphy/ptII/ptolemy/domains/continuous/test/auto/ExponentialResponse.xml (RunModel)" time="0.134" />
  <testcase classname="ptolemy.util.test.junit.AutoTests" name="[56] /home/travis/build/icyphy/ptII/ptolemy/domains/continuous/test/auto/ExponentialResponseRK45.xml (RunModel)" time="0.04" />
  <testcase classname="ptolemy.util.test.junit.AutoTests" name="[57] /home/travis/build/icyphy/ptII/ptolemy/domains/continuous/test/auto/Friction.xml (RunModel)" time="1.772" />
  <testcase classname="ptolemy.util.test.junit.AutoTests" name="[58] /home/travis/build/icyphy/ptII/ptolemy/domains/continuous/test/auto/FurutaPendulum.xml (RunModel)" time="3.989" />
  <testcase classname="ptolemy.util.test.junit.AutoTests" name="[59] /home/travis/build/icyphy/ptII/ptolemy/domains/continuous/test/auto/HierarchicalExecution.xml (RunModel)" time="2.218" />
  <testcase classname="ptolemy.util.test.junit.AutoTests" name="[60] /home/travis/build/icyphy/ptII/ptolemy/domains/continuous/test/auto/HybridPlant.xml (RunModel)" time="0.684" />
  <testcase classname="ptolemy.util.test.junit.AutoTests" name="[61] /home/travis/build/icyphy/ptII/ptolemy/domains/continuous/test/auto/Hysteresis.xml (RunModel)" time="0.209" />
  <testcase classname="ptolemy.util.test.junit.AutoTests" name="[62] /home/travis/build/icyphy/ptII/ptolemy/domains/continuous/test/auto/HysteresisWithRandomDelay.xml (RunModel)" time="0.246" />
  <testcase classname="ptolemy.util.test.junit.AutoTests" name="[63] /home/travis/build/icyphy/ptII/ptolemy/domains/continuous/test/auto/HysteresisWithRandomLosses.xml (RunModel)" time="2.541" />
  <testcase classname="ptolemy.util.test.junit.AutoTests" name="[64] /home/travis/build/icyphy/ptII/ptolemy/domains/continuous/test/auto/ImmediateTransitions.xml (RunModel)" time="0.042" />
  <testcase classname="ptolemy.util.test.junit.AutoTests" name="[65] /home/travis/build/icyphy/ptII/ptolemy/domains/continuous/test/auto/ImpulseFeedback.xml (RunModel)" time="0.024" />
  <testcase classname="ptolemy.util.test.junit.AutoTests" name="[66] /home/travis/build/icyphy/ptII/ptolemy/domains/continuous/test/auto/ImpulseFeedback2.xml (RunModel)" time="0.022" />
  <testcase classname="ptolemy.util.test.junit.AutoTests" name="[67] /home/travis/build/icyphy/ptII/ptolemy/domains/continuous/test/auto/IncreasingRatePoisson.xml (RunModel)" time="0.794" />
  <testcase classname="ptolemy.util.test.junit.AutoTests" name="[68] /home/travis/build/icyphy/ptII/ptolemy/domains/continuous/test/auto/InitialStateFeedback.xml (RunModel)" time="0.022" />
  <testcase classname="ptolemy.util.test.junit.AutoTests" name="[69] /home/travis/build/icyphy/ptII/ptolemy/domains/continuous/test/auto/Integration.xml (RunModel)" time="0.01" />
  <testcase classname="ptolemy.util.test.junit.AutoTests" name="[70] /home/travis/build/icyphy/ptII/ptolemy/domains/continuous/test/auto/Integration2.xml (RunModel)" time="0.093" />
  <testcase classname="ptolemy.util.test.junit.AutoTests" name="[71] /home/travis/build/icyphy/ptII/ptolemy/domains/continuous/test/auto/Integration3.xml (RunModel)" time="0.025" />
  <testcase classname="ptolemy.util.test.junit.AutoTests" name="[72] /home/travis/build/icyphy/ptII/ptolemy/domains/continuous/test/auto/Integration5.xml (RunModel)" time="0.012" />
  <testcase classname="ptolemy.util.test.junit.AutoTests" name="[73] /home/travis/build/icyphy/ptII/ptolemy/domains/continuous/test/auto/IntegratorImpulse.xml (RunModel)" time="0.012" />
  <testcase classname="ptolemy.util.test.junit.AutoTests" name="[74] /home/travis/build/icyphy/ptII/ptolemy/domains/continuous/test/auto/IntegratorImpulse2.xml (RunModel)" time="0.014" />
  <testcase classname="ptolemy.util.test.junit.AutoTests" name="[75] /home/travis/build/icyphy/ptII/ptolemy/domains/continuous/test/auto/LevelCrossing1.xml (RunModel)" time="0.015" />
  <testcase classname="ptolemy.util.test.junit.AutoTests" name="[76] /home/travis/build/icyphy/ptII/ptolemy/domains/continuous/test/auto/LevelCrossing2.xml (RunModel)" time="0.015" />
  <testcase classname="ptolemy.util.test.junit.AutoTests" name="[77] /home/travis/build/icyphy/ptII/ptolemy/domains/continuous/test/auto/LevelCrossing3.xml (RunModel)" time="0.015" />
  <testcase classname="ptolemy.util.test.junit.AutoTests" name="[78] /home/travis/build/icyphy/ptII/ptolemy/domains/continuous/test/auto/LevelCrossing4.xml (RunModel)" time="0.017" />
  <testcase classname="ptolemy.util.test.junit.AutoTests" name="[79] /home/travis/build/icyphy/ptII/ptolemy/domains/continuous/test/auto/LevelCrossing5.xml (RunModel)" time="0.018" />
  <testcase classname="ptolemy.util.test.junit.AutoTests" name="[80] /home/travis/build/icyphy/ptII/ptolemy/domains/continuous/test/auto/LevelCrossing6.xml (RunModel)" time="0.017" />
  <testcase classname="ptolemy.util.test.junit.AutoTests" name="[81] /home/travis/build/icyphy/ptII/ptolemy/domains/continuous/test/auto/LevelCrossingDetector.xml (RunModel)" time="0.044" />
  <testcase classname="ptolemy.util.test.junit.AutoTests" name="[82] /home/travis/build/icyphy/ptII/ptolemy/domains/continuous/test/auto/LevelCrossingDetectorDetectingDirections.xml (RunModel)" time="0.099" />
  <testcase classname="ptolemy.util.test.junit.AutoTests" name="[83] /home/travis/build/icyphy/ptII/ptolemy/domains/continuous/test/auto/LevelCrossingDetectorDetectsGlitches.xml (RunModel)" time="0.075" />
  <testcase classname="ptolemy.util.test.junit.AutoTests" name="[84] /home/travis/build/icyphy/ptII/ptolemy/domains/continuous/test/auto/LevelCrossingNoInitialOuput.xml (RunModel)" time="0.018" />
  <testcase classname="ptolemy.util.test.junit.AutoTests" name="[85] /home/travis/build/icyphy/ptII/ptolemy/domains/continuous/test/auto/LinearStateSpaceExample.xml (RunModel)" time="0.082" />
  <testcase classname="ptolemy.util.test.junit.AutoTests" name="[86] /home/travis/build/icyphy/ptII/ptolemy/domains/continuous/test/auto/Lorenz.xml (RunModel)" time="4.421" />
  <testcase classname="ptolemy.util.test.junit.AutoTests" name="[87] /home/travis/build/icyphy/ptII/ptolemy/domains/continuous/test/auto/LorenzDifferentialSystem.xml (RunModel)" time="1.136" />
  <testcase classname="ptolemy.util.test.junit.AutoTests" name="[88] /home/travis/build/icyphy/ptII/ptolemy/domains/continuous/test/auto/LorenzDifferentialSystemWithInput.xml (RunModel)" time="1.431" />
  <testcase classname="ptolemy.util.test.junit.AutoTests" name="[89] /home/travis/build/icyphy/ptII/ptolemy/domains/continuous/test/auto/LorenzDifferentialSystemWithTime.xml (RunModel)" time="0.772" />
  <testcase classname="ptolemy.util.test.junit.AutoTests" name="[90] /home/travis/build/icyphy/ptII/ptolemy/domains/continuous/test/auto/Microsteps.xml (RunModel)" time="0.025" />
  <testcase classname="ptolemy.util.test.junit.AutoTests" name="[91] /home/travis/build/icyphy/ptII/ptolemy/domains/continuous/test/auto/Modal1.xml (RunModel)" time="0.058" />
  <testcase classname="ptolemy.util.test.junit.AutoTests" name="[92] /home/travis/build/icyphy/ptII/ptolemy/domains/continuous/test/auto/Modal2.xml (RunModel)" time="0.054" />
  <testcase classname="ptolemy.util.test.junit.AutoTests" name="[93] /home/travis/build/icyphy/ptII/ptolemy/domains/continuous/test/auto/ModalTransitionGuardWithReset.xml (RunModel)" time="0.039" />
  <testcase classname="ptolemy.util.test.junit.AutoTests" name="[94] /home/travis/build/icyphy/ptII/ptolemy/domains/continuous/test/auto/ModalTransitionGuardWithResetUsingPreemptiveTransition.xml (RunModel)" time="0.034" />
  <testcase classname="ptolemy.util.test.junit.AutoTests" name="[95] /home/travis/build/icyphy/ptII/ptolemy/domains/continuous/test/auto/ModalTransitionGuardWithResetUsingPreemptiveTransition2.xml (RunModel)" time="0.031" />
  <testcase classname="ptolemy.util.test.junit.AutoTests" name="[96] /home/travis/build/icyphy/ptII/ptolemy/domains/continuous/test/auto/ModalTransitionGuardWithResetUsingPreemptiveTransition3.xml (RunModel)" time="0.028" />
  <testcase classname="ptolemy.util.test.junit.AutoTests" name="[97] /home/travis/build/icyphy/ptII/ptolemy/domains/continuous/test/auto/NewtonsCradle.xml (RunModel)" time="0.918" />
  <testcase classname="ptolemy.util.test.junit.AutoTests" name="[98] /home/travis/build/icyphy/ptII/ptolemy/domains/continuous/test/auto/NewtonsCradleAnimated.xml (RunModel)" time="1.477" />
  <testcase classname="ptolemy.util.test.junit.AutoTests" name="[99] /home/travis/build/icyphy/ptII/ptolemy/domains/continuous/test/auto/NewtonsCradleComplicated.xml (RunModel)" time="1.104" />
  <testcase classname="ptolemy.util.test.junit.AutoTests" name="[100] /home/travis/build/icyphy/ptII/ptolemy/domains/continuous/test/auto/NewtonsCradleNondeterministic.xml (RunModel)" time="0.742" />
  <testcase classname="ptolemy.util.test.junit.AutoTests" name="[101] /home/travis/build/icyphy/ptII/ptolemy/domains/continuous/test/auto/NewtonsCradlePerfectlyInelastic1.xml (RunModel)" time="1.575" />
  <testcase classname="ptolemy.util.test.junit.AutoTests" name="[102] /home/travis/build/icyphy/ptII/ptolemy/domains/continuous/test/auto/Noise.xml (RunModel)" time="0.21" />
  <testcase classname="ptolemy.util.test.junit.AutoTests" name="[103] /home/travis/build/icyphy/ptII/ptolemy/domains/continuous/test/auto/NoiseSpectrum.xml (RunModel)" time="0.841" />
  <testcase classname="ptolemy.util.test.junit.AutoTests" name="[104] /home/travis/build/icyphy/ptII/ptolemy/domains/continuous/test/auto/ParameterizedNewtonsCradleAnimated.xml (RunModel)" time="0.42" />
  <testcase classname="ptolemy.util.test.junit.AutoTests" name="[105] /home/travis/build/icyphy/ptII/ptolemy/domains/continuous/test/auto/ParameterizedNewtonsCradleAnimatedNondeterministic.xml (RunModel)" time="1.293" />
  <testcase classname="ptolemy.util.test.junit.AutoTests" name="[106] /home/travis/build/icyphy/ptII/ptolemy/domains/continuous/test/auto/Pendulum3D.xml (RunModel)" time="0.194" />
  <testcase classname="ptolemy.util.test.junit.AutoTests" name="[107] /home/travis/build/icyphy/ptII/ptolemy/domains/continuous/test/auto/PeriodicSampler.xml (RunModel)" time="0.012" />
  <testcase classname="ptolemy.util.test.junit.AutoTests" name="[108] /home/travis/build/icyphy/ptII/ptolemy/domains/continuous/test/auto/PeriodicSampler1.xml (RunModel)" time="0.042" />
  <testcase classname="ptolemy.util.test.junit.AutoTests" name="[109] /home/travis/build/icyphy/ptII/ptolemy/domains/continuous/test/auto/PeriodicSampler2.xml (RunModel)" time="0.086" />
  <testcase classname="ptolemy.util.test.junit.AutoTests" name="[110] /home/travis/build/icyphy/ptII/ptolemy/domains/continuous/test/auto/Poisson.xml (RunModel)" time="0.546" />
  <testcase classname="ptolemy.util.test.junit.AutoTests" name="[111] /home/travis/build/icyphy/ptII/ptolemy/domains/continuous/test/auto/PoissonClock.xml (RunModel)" time="0.016" />
  <testcase classname="ptolemy.util.test.junit.AutoTests" name="[112] /home/travis/build/icyphy/ptII/ptolemy/domains/continuous/test/auto/PoissonClock2.xml (RunModel)" time="0.015" />
  <testcase classname="ptolemy.util.test.junit.AutoTests" name="[113] /home/travis/build/icyphy/ptII/ptolemy/domains/continuous/test/auto/PortParameterHierarchy.xml (RunModel)" time="0.032" />
  <testcase classname="ptolemy.util.test.junit.AutoTests" name="[114] /home/travis/build/icyphy/ptII/ptolemy/domains/continuous/test/auto/RandomHybridPlant.xml (RunModel)" time="0.621" />
  <testcase classname="ptolemy.util.test.junit.AutoTests" name="[115] /home/travis/build/icyphy/ptII/ptolemy/domains/continuous/test/auto/ResetTransitionWithStartTime1.xml (RunModel)" time="0.04" />
  <testcase classname="ptolemy.util.test.junit.AutoTests" name="[116] /home/travis/build/icyphy/ptII/ptolemy/domains/continuous/test/auto/ResetTransitionWithStartTime2.xml (RunModel)" time="0.043" />
  <testcase classname="ptolemy.util.test.junit.AutoTests" name="[117] /home/travis/build/icyphy/ptII/ptolemy/domains/continuous/test/auto/ResetTransitionWithStartTime3.xml (RunModel)" time="0.046" />
  <testcase classname="ptolemy.util.test.junit.AutoTests" name="[118] /home/travis/build/icyphy/ptII/ptolemy/domains/continuous/test/auto/ResetTransitionWithStartTime4.xml (RunModel)" time="0.036" />
  <testcase classname="ptolemy.util.test.junit.AutoTests" name="[119] /home/travis/build/icyphy/ptII/ptolemy/domains/continuous/test/auto/ResetTransitionWithStartTime5.xml (RunModel)" time="0.048" />
  <testcase classname="ptolemy.util.test.junit.AutoTests" name="[120] /home/travis/build/icyphy/ptII/ptolemy/domains/continuous/test/auto/ResetTransitionWithStartTime6.xml (RunModel)" time="0.045" />
  <testcase classname="ptolemy.util.test.junit.AutoTests" name="[121] /home/travis/build/icyphy/ptII/ptolemy/domains/continuous/test/auto/SRinContinuous.xml (RunModel)" time="0.033" />
  <testcase classname="ptolemy.util.test.junit.AutoTests" name="[122] /home/travis/build/icyphy/ptII/ptolemy/domains/continuous/test/auto/SampledClocks.xml (RunModel)" time="0.041" />
  <testcase classname="ptolemy.util.test.junit.AutoTests" name="[123] /home/travis/build/icyphy/ptII/ptolemy/domains/continuous/test/auto/Satellite.xml (RunModel)" time="0.851" />
  <testcase classname="ptolemy.util.test.junit.AutoTests" name="[124] /home/travis/build/icyphy/ptII/ptolemy/domains/continuous/test/auto/SigmaDelta.xml (RunModel)" time="2.602" />
  <testcase classname="ptolemy.util.test.junit.AutoTests" name="[125] /home/travis/build/icyphy/ptII/ptolemy/domains/continuous/test/auto/SingleRefinement.xml (RunModel)" time="0.502" />
  <testcase classname="ptolemy.util.test.junit.AutoTests" name="[126] /home/travis/build/icyphy/ptII/ptolemy/domains/continuous/test/auto/SinuBouncingBall.xml (RunModel)" time="1.01" />
  <testcase classname="ptolemy.util.test.junit.AutoTests" name="[127] /home/travis/build/icyphy/ptII/ptolemy/domains/continuous/test/auto/Sinusoid.xml (RunModel)" time="0.023" />
  <testcase classname="ptolemy.util.test.junit.AutoTests" name="[128] /home/travis/build/icyphy/ptII/ptolemy/domains/continuous/test/auto/SinusoidInNoise.xml (RunModel)" time="1.105" />
  <testcase classname="ptolemy.util.test.junit.AutoTests" name="[129] /home/travis/build/icyphy/ptII/ptolemy/domains/continuous/test/auto/SinusoidRK45.xml (RunModel)" time="0.024" />
  <testcase classname="ptolemy.util.test.junit.AutoTests" name="[130] /home/travis/build/icyphy/ptII/ptolemy/domains/continuous/test/auto/SinusoidWithMultipleImpulses.xml (RunModel)" time="0.014" />
  <testcase classname="ptolemy.util.test.junit.AutoTests" name="[131] /home/travis/build/icyphy/ptII/ptolemy/domains/continuous/test/auto/SquareWave.xml (RunModel)" time="0.213" />
  <testcase classname="ptolemy.util.test.junit.AutoTests" name="[132] /home/travis/build/icyphy/ptII/ptolemy/domains/continuous/test/auto/Starmac.xml (RunModel)" time="3.463" />
  <testcase classname="ptolemy.util.test.junit.AutoTests" name="[133] /home/travis/build/icyphy/ptII/ptolemy/domains/continuous/test/auto/StaticUnits.xml (RunModel)" time="2.714" />
  <testcase classname="ptolemy.util.test.junit.AutoTests" name="[134] /home/travis/build/icyphy/ptII/ptolemy/domains/continuous/test/auto/StickyMasses.xml (RunModel)" time="0.206" />
  <testcase classname="ptolemy.util.test.junit.AutoTests" name="[135] /home/travis/build/icyphy/ptII/ptolemy/domains/continuous/test/auto/StopTime.xml (RunModel)" time="0.071" />
  <testcase classname="ptolemy.util.test.junit.AutoTests" name="[136] /home/travis/build/icyphy/ptII/ptolemy/domains/continuous/test/auto/StopTime2.xml (RunModel)" time="0.06" />
  <testcase classname="ptolemy.util.test.junit.AutoTests" name="[137] /home/travis/build/icyphy/ptII/ptolemy/domains/continuous/test/auto/Switch.xml (RunModel)" time="0.072" />
  <testcase classname="ptolemy.util.test.junit.AutoTests" name="[138] /home/travis/build/icyphy/ptII/ptolemy/domains/continuous/test/auto/Thermostat.xml (RunModel)" time="0.248" />
  <testcase classname="ptolemy.util.test.junit.AutoTests" name="[139] /home/travis/build/icyphy/ptII/ptolemy/domains/continuous/test/auto/TimeDelay.xml (RunModel)" time="0.018" />
  <testcase classname="ptolemy.util.test.junit.AutoTests" name="[140] /home/travis/build/icyphy/ptII/ptolemy/domains/continuous/test/auto/TimeDelay2.xml (RunModel)" time="0.031" />
  <testcase classname="ptolemy.util.test.junit.AutoTests" name="[141] /home/travis/build/icyphy/ptII/ptolemy/domains/continuous/test/auto/TimeDelay3.xml (RunModel)" time="0.017" />
  <testcase classname="ptolemy.util.test.junit.AutoTests" name="[142] /home/travis/build/icyphy/ptII/ptolemy/domains/continuous/test/auto/TransferAbsentToInside.xml (RunModel)" time="0.119" />
  <testcase classname="ptolemy.util.test.junit.AutoTests" name="[143] /home/travis/build/icyphy/ptII/ptolemy/domains/continuous/test/auto/Transmission.xml (RunModel)" time="0.867" />
  <testcase classname="ptolemy.util.test.junit.AutoTests" name="[144] /home/travis/build/icyphy/ptII/ptolemy/domains/continuous/test/auto/TriggeredContinuousClock.xml (RunModel)" time="0.092" />
  <testcase classname="ptolemy.util.test.junit.AutoTests" name="[145] /home/travis/build/icyphy/ptII/ptolemy/domains/continuous/test/auto/TwoMachineInfiniteBusControl.xml (RunModel)" time="3.175" />
  <testcase classname="ptolemy.util.test.junit.AutoTests" name="[146] /home/travis/build/icyphy/ptII/ptolemy/domains/continuous/test/auto/V2V.xml (RunModel)" time="0.932" />
  <testcase classname="ptolemy.util.test.junit.AutoTests" name="[147] /home/travis/build/icyphy/ptII/ptolemy/domains/continuous/test/auto/hierarchicalModalModel.xml (RunModel)" time="0.04" />
  <testcase classname="ptolemy.util.test.junit.AutoTests" name="[148] /home/travis/build/icyphy/ptII/ptolemy/domains/continuous/test/auto/hierarchicalModalModel1.xml (RunModel)" time="0.034" />
  <testcase classname="ptolemy.util.test.junit.AutoTests" name="[149] /home/travis/build/icyphy/ptII/ptolemy/domains/continuous/test/auto/hierarchicalModalModel2.xml (RunModel)" time="0.032" />
  <testcase classname="ptolemy.util.test.junit.AutoTests" name="[150] /home/travis/build/icyphy/ptII/ptolemy/domains/continuous/test/auto/hierarchicalModalModel3.xml (RunModel)" time="0.025" />
  <testcase classname="ptolemy.util.test.junit.AutoTests" name="[151] /home/travis/build/icyphy/ptII/ptolemy/domains/continuous/test/auto/hierarchicalModalModel4.xml (RunModel)" time="0.031" />
  <testcase classname="ptolemy.util.test.junit.AutoTests" name="[152] /home/travis/build/icyphy/ptII/ptolemy/domains/continuous/test/auto/junk.xml (RunModel)" time="0.165" />
  <system-out><![CDATA[No tcl tests in /home/travis/build/icyphy/ptII/ptolemy/domains/continuous/test
No auto/knownFailedTests/*.xml tests in /home/travis/build/icyphy/ptII/ptolemy/domains/continuous/test
No auto/linux-amd64/*.xml tests in /home/travis/build/icyphy/ptII/ptolemy/domains/continuous/test
AutoTests.java: About to close Vertx.
AutoTests.java: Vertx closed.

===========================================================================================
----------------- testing Wed Jul 10 17:43:45 UTC 2019 /home/travis/build/icyphy/ptII/ptolemy/domains/continuous/test/auto/BouncingBall.xml
----------------- Instantiating /home/travis/build/icyphy/ptII/ptolemy/domains/continuous/test/auto/BouncingBall.xml
2801 ms. Memory: 219136K Free: 182681K (83%)
----------------- Invoking toplevel() on ptolemy.moml.MoMLSimpleApplication@4feb266b
----------------- Done invoking toplevel() on ptolemy.moml.MoMLSimpleApplication@4feb266b
reloadAllAccessors: .BouncingBall

===========================================================================================
----------------- testing Wed Jul 10 17:43:48 UTC 2019 /home/travis/build/icyphy/ptII/ptolemy/domains/continuous/test/auto/BouncingBallWithoutGR.xml
----------------- Instantiating /home/travis/build/icyphy/ptII/ptolemy/domains/continuous/test/auto/BouncingBallWithoutGR.xml
892 ms. Memory: 219136K Free: 128600K (59%)
----------------- Invoking toplevel() on ptolemy.moml.MoMLSimpleApplication@2a7b1d88
----------------- Done invoking toplevel() on ptolemy.moml.MoMLSimpleApplication@2a7b1d88
reloadAllAccessors: .BouncingBallWithoutGR

===========================================================================================
----------------- testing Wed Jul 10 17:43:49 UTC 2019 /home/travis/build/icyphy/ptII/ptolemy/domains/continuous/test/auto/Brownian.xml
----------------- Instantiating /home/travis/build/icyphy/ptII/ptolemy/domains/continuous/test/auto/Brownian.xml
42 ms. Memory: 219136K Free: 119894K (55%)
----------------- Invoking toplevel() on ptolemy.moml.MoMLSimpleApplication@2fdd92c0
----------------- Done invoking toplevel() on ptolemy.moml.MoMLSimpleApplication@2fdd92c0
reloadAllAccessors: .Brownian

===========================================================================================
----------------- testing Wed Jul 10 17:43:49 UTC 2019 /home/travis/build/icyphy/ptII/ptolemy/domains/continuous/test/auto/CarTracking.xml
----------------- Instantiating /home/travis/build/icyphy/ptII/ptolemy/domains/continuous/test/auto/CarTracking.xml
4331 ms. Memory: 317440K Free: 232547K (73%)
----------------- Invoking toplevel() on ptolemy.moml.MoMLSimpleApplication@1f1f778b
----------------- Done invoking toplevel() on ptolemy.moml.MoMLSimpleApplication@1f1f778b
reloadAllAccessors: .CarTracking

===========================================================================================
----------------- testing Wed Jul 10 17:43:54 UTC 2019 /home/travis/build/icyphy/ptII/ptolemy/domains/continuous/test/auto/CartPendulum.xml
----------------- Instantiating /home/travis/build/icyphy/ptII/ptolemy/domains/continuous/test/auto/CartPendulum.xml
414 ms. Memory: 317440K Free: 141442K (45%)
----------------- Invoking toplevel() on ptolemy.moml.MoMLSimpleApplication@5ce60755
----------------- Done invoking toplevel() on ptolemy.moml.MoMLSimpleApplication@5ce60755
reloadAllAccessors: .CartPendulum

===========================================================================================
----------------- testing Wed Jul 10 17:43:55 UTC 2019 /home/travis/build/icyphy/ptII/ptolemy/domains/continuous/test/auto/CausalityInterface10.xml
----------------- Instantiating /home/travis/build/icyphy/ptII/ptolemy/domains/continuous/test/auto/CausalityInterface10.xml
11 ms. Memory: 317440K Free: 130692K (41%)
----------------- Invoking toplevel() on ptolemy.moml.MoMLSimpleApplication@135db044
----------------- Done invoking toplevel() on ptolemy.moml.MoMLSimpleApplication@135db044
reloadAllAccessors: .CausalityInterface10

===========================================================================================
----------------- testing Wed Jul 10 17:43:55 UTC 2019 /home/travis/build/icyphy/ptII/ptolemy/domains/continuous/test/auto/CausalityInterface11.xml
----------------- Instantiating /home/travis/build/icyphy/ptII/ptolemy/domains/continuous/test/auto/CausalityInterface11.xml
8 ms. Memory: 317440K Free: 124548K (39%)
----------------- Invoking toplevel() on ptolemy.moml.MoMLSimpleApplication@a806394
----------------- Done invoking toplevel() on ptolemy.moml.MoMLSimpleApplication@a806394
reloadAllAccessors: .CausalityInterface11

===========================================================================================
----------------- testing Wed Jul 10 17:43:55 UTC 2019 /home/travis/build/icyphy/ptII/ptolemy/domains/continuous/test/auto/CausalityInterface12.xml
----------------- Instantiating /home/travis/build/icyphy/ptII/ptolemy/domains/continuous/test/auto/CausalityInterface12.xml
10 ms. Memory: 317440K Free: 118404K (37%)
----------------- Invoking toplevel() on ptolemy.moml.MoMLSimpleApplication@68970d41
----------------- Done invoking toplevel() on ptolemy.moml.MoMLSimpleApplication@68970d41
reloadAllAccessors: .CausalityInterface12

===========================================================================================
----------------- testing Wed Jul 10 17:43:55 UTC 2019 /home/travis/build/icyphy/ptII/ptolemy/domains/continuous/test/auto/CausalityInterface13.xml
----------------- Instantiating /home/travis/build/icyphy/ptII/ptolemy/domains/continuous/test/auto/CausalityInterface13.xml
4 ms. Memory: 317440K Free: 300335K (95%)
----------------- Invoking toplevel() on ptolemy.moml.MoMLSimpleApplication@74c16ce4
----------------- Done invoking toplevel() on ptolemy.moml.MoMLSimpleApplication@74c16ce4
reloadAllAccessors: .CausalityInterface13

===========================================================================================
----------------- testing Wed Jul 10 17:43:55 UTC 2019 /home/travis/build/icyphy/ptII/ptolemy/domains/continuous/test/auto/CausalityInterface14.xml
----------------- Instantiating /home/travis/build/icyphy/ptII/ptolemy/domains/continuous/test/auto/CausalityInterface14.xml
7 ms. Memory: 317440K Free: 294687K (93%)
----------------- Invoking toplevel() on ptolemy.moml.MoMLSimpleApplication@3c553c4c
----------------- Done invoking toplevel() on ptolemy.moml.MoMLSimpleApplication@3c553c4c
reloadAllAccessors: .CausalityInterface14

===========================================================================================
----------------- testing Wed Jul 10 17:43:55 UTC 2019 /home/travis/build/icyphy/ptII/ptolemy/domains/continuous/test/auto/CausalityInterface4.xml
----------------- Instantiating /home/travis/build/icyphy/ptII/ptolemy/domains/continuous/test/auto/CausalityInterface4.xml
9 ms. Memory: 317440K Free: 287519K (91%)
----------------- Invoking toplevel() on ptolemy.moml.MoMLSimpleApplication@11a50343
----------------- Done invoking toplevel() on ptolemy.moml.MoMLSimpleApplication@11a50343
reloadAllAccessors: .CausalityInterface4

===========================================================================================
----------------- testing Wed Jul 10 17:43:55 UTC 2019 /home/travis/build/icyphy/ptII/ptolemy/domains/continuous/test/auto/CausalityInterface5.xml
----------------- Instantiating /home/travis/build/icyphy/ptII/ptolemy/domains/continuous/test/auto/CausalityInterface5.xml
5 ms. Memory: 317440K Free: 279341K (88%)
----------------- Invoking toplevel() on ptolemy.moml.MoMLSimpleApplication@5142fb0c
----------------- Done invoking toplevel() on ptolemy.moml.MoMLSimpleApplication@5142fb0c
reloadAllAccessors: .CausalityInterface5

===========================================================================================
----------------- testing Wed Jul 10 17:43:55 UTC 2019 /home/travis/build/icyphy/ptII/ptolemy/domains/continuous/test/auto/CausalityInterface6.xml
----------------- Instantiating /home/travis/build/icyphy/ptII/ptolemy/domains/continuous/test/auto/CausalityInterface6.xml
4 ms. Memory: 317440K Free: 273711K (86%)
----------------- Invoking toplevel() on ptolemy.moml.MoMLSimpleApplication@529d65fe
----------------- Done invoking toplevel() on ptolemy.moml.MoMLSimpleApplication@529d65fe
reloadAllAccessors: .CausalityInterface6

===========================================================================================
----------------- testing Wed Jul 10 17:43:55 UTC 2019 /home/travis/build/icyphy/ptII/ptolemy/domains/continuous/test/auto/CausalityInterface7.xml
----------------- Instantiating /home/travis/build/icyphy/ptII/ptolemy/domains/continuous/test/auto/CausalityInterface7.xml
13 ms. Memory: 317440K Free: 265005K (83%)
----------------- Invoking toplevel() on ptolemy.moml.MoMLSimpleApplication@17ad389a
----------------- Done invoking toplevel() on ptolemy.moml.MoMLSimpleApplication@17ad389a
reloadAllAccessors: .CausalityInterface7

===========================================================================================
----------------- testing Wed Jul 10 17:43:55 UTC 2019 /home/travis/build/icyphy/ptII/ptolemy/domains/continuous/test/auto/CausalityInterface8.xml
----------------- Instantiating /home/travis/build/icyphy/ptII/ptolemy/domains/continuous/test/auto/CausalityInterface8.xml
8 ms. Memory: 317440K Free: 255789K (81%)
----------------- Invoking toplevel() on ptolemy.moml.MoMLSimpleApplication@46f59d77
----------------- Done invoking toplevel() on ptolemy.moml.MoMLSimpleApplication@46f59d77
reloadAllAccessors: .CausalityInterface8

===========================================================================================
----------------- testing Wed Jul 10 17:43:55 UTC 2019 /home/travis/build/icyphy/ptII/ptolemy/domains/continuous/test/auto/CausalityInterface9.xml
----------------- Instantiating /home/travis/build/icyphy/ptII/ptolemy/domains/continuous/test/auto/CausalityInterface9.xml
14 ms. Memory: 317440K Free: 244525K (77%)
----------------- Invoking toplevel() on ptolemy.moml.MoMLSimpleApplication@78bf5472
----------------- Done invoking toplevel() on ptolemy.moml.MoMLSimpleApplication@78bf5472
reloadAllAccessors: .CausalityInterface9

===========================================================================================
----------------- testing Wed Jul 10 17:43:55 UTC 2019 /home/travis/build/icyphy/ptII/ptolemy/domains/continuous/test/auto/CausalityInterfaceFeedback1.xml
----------------- Instantiating /home/travis/build/icyphy/ptII/ptolemy/domains/continuous/test/auto/CausalityInterfaceFeedback1.xml
5 ms. Memory: 317440K Free: 237871K (75%)
----------------- Invoking toplevel() on ptolemy.moml.MoMLSimpleApplication@328064fd
----------------- Done invoking toplevel() on ptolemy.moml.MoMLSimpleApplication@328064fd
reloadAllAccessors: .CausalityInterfaceFeedback1

===========================================================================================
----------------- testing Wed Jul 10 17:43:56 UTC 2019 /home/travis/build/icyphy/ptII/ptolemy/domains/continuous/test/auto/CausalityInterfaceFeedback2.xml
----------------- Instantiating /home/travis/build/icyphy/ptII/ptolemy/domains/continuous/test/auto/CausalityInterfaceFeedback2.xml
4 ms. Memory: 317440K Free: 231727K (73%)
----------------- Invoking toplevel() on ptolemy.moml.MoMLSimpleApplication@3c8749e4
----------------- Done invoking toplevel() on ptolemy.moml.MoMLSimpleApplication@3c8749e4
reloadAllAccessors: .CausalityInterfaceFeedback2

===========================================================================================
----------------- testing Wed Jul 10 17:43:56 UTC 2019 /home/travis/build/icyphy/ptII/ptolemy/domains/continuous/test/auto/CompareWithCurrentTime.xml
----------------- Instantiating /home/travis/build/icyphy/ptII/ptolemy/domains/continuous/test/auto/CompareWithCurrentTime.xml
4 ms. Memory: 317440K Free: 227631K (72%)
----------------- Invoking toplevel() on ptolemy.moml.MoMLSimpleApplication@311215bf
----------------- Done invoking toplevel() on ptolemy.moml.MoMLSimpleApplication@311215bf
reloadAllAccessors: .CompareWithCurrentTime

===========================================================================================
----------------- testing Wed Jul 10 17:43:56 UTC 2019 /home/travis/build/icyphy/ptII/ptolemy/domains/continuous/test/auto/ComparedClocks.xml
----------------- Instantiating /home/travis/build/icyphy/ptII/ptolemy/domains/continuous/test/auto/ComparedClocks.xml
8 ms. Memory: 317440K Free: 212271K (67%)
----------------- Invoking toplevel() on ptolemy.moml.MoMLSimpleApplication@6e64ea4
----------------- Done invoking toplevel() on ptolemy.moml.MoMLSimpleApplication@6e64ea4
reloadAllAccessors: .ComparedClocks

===========================================================================================
----------------- testing Wed Jul 10 17:43:56 UTC 2019 /home/travis/build/icyphy/ptII/ptolemy/domains/continuous/test/auto/ContinuousAOCClone.xml
----------------- Instantiating /home/travis/build/icyphy/ptII/ptolemy/domains/continuous/test/auto/ContinuousAOCClone.xml
2904 ms. Memory: 381952K Free: 300177K (79%)
----------------- Invoking toplevel() on ptolemy.moml.MoMLSimpleApplication@2166c930
----------------- Done invoking toplevel() on ptolemy.moml.MoMLSimpleApplication@2166c930
reloadAllAccessors: .ContinuousAOCClone

===========================================================================================
----------------- testing Wed Jul 10 17:43:59 UTC 2019 /home/travis/build/icyphy/ptII/ptolemy/domains/continuous/test/auto/ContinuousClock.xml
----------------- Instantiating /home/travis/build/icyphy/ptII/ptolemy/domains/continuous/test/auto/ContinuousClock.xml
38 ms. Memory: 381952K Free: 278163K (73%)
----------------- Invoking toplevel() on ptolemy.moml.MoMLSimpleApplication@6322703a
----------------- Done invoking toplevel() on ptolemy.moml.MoMLSimpleApplication@6322703a
reloadAllAccessors: .ContinuousClock

===========================================================================================
----------------- testing Wed Jul 10 17:43:59 UTC 2019 /home/travis/build/icyphy/ptII/ptolemy/domains/continuous/test/auto/ContinuousInContinuous.xml
----------------- Instantiating /home/travis/build/icyphy/ptII/ptolemy/domains/continuous/test/auto/ContinuousInContinuous.xml
52 ms. Memory: 381952K Free: 254611K (67%)
----------------- Invoking toplevel() on ptolemy.moml.MoMLSimpleApplication@1151c1bf
----------------- Done invoking toplevel() on ptolemy.moml.MoMLSimpleApplication@1151c1bf
reloadAllAccessors: .ContinuousInContinuous

===========================================================================================
----------------- testing Wed Jul 10 17:43:59 UTC 2019 /home/travis/build/icyphy/ptII/ptolemy/domains/continuous/test/auto/ContinuousInContinuousInContinuous.xml
----------------- Instantiating /home/travis/build/icyphy/ptII/ptolemy/domains/continuous/test/auto/ContinuousInContinuousInContinuous.xml
9 ms. Memory: 381952K Free: 246419K (65%)
----------------- Invoking toplevel() on ptolemy.moml.MoMLSimpleApplication@21f7fff
----------------- Done invoking toplevel() on ptolemy.moml.MoMLSimpleApplication@21f7fff
reloadAllAccessors: .ContinuousInContinuousInContinuous

===========================================================================================
----------------- testing Wed Jul 10 17:43:59 UTC 2019 /home/travis/build/icyphy/ptII/ptolemy/domains/continuous/test/auto/ContinuousInDE.xml
----------------- Instantiating /home/travis/build/icyphy/ptII/ptolemy/domains/continuous/test/auto/ContinuousInDE.xml
128 ms. Memory: 381952K Free: 235665K (62%)
----------------- Invoking toplevel() on ptolemy.moml.MoMLSimpleApplication@bd9eaec
----------------- Done invoking toplevel() on ptolemy.moml.MoMLSimpleApplication@bd9eaec
reloadAllAccessors: .ContinuousInDE

===========================================================================================
----------------- testing Wed Jul 10 17:43:59 UTC 2019 /home/travis/build/icyphy/ptII/ptolemy/domains/continuous/test/auto/ContinuousInDE2.xml
----------------- Instantiating /home/travis/build/icyphy/ptII/ptolemy/domains/continuous/test/auto/ContinuousInDE2.xml
40 ms. Memory: 381952K Free: 225939K (59%)
----------------- Invoking toplevel() on ptolemy.moml.MoMLSimpleApplication@93274fa
----------------- Done invoking toplevel() on ptolemy.moml.MoMLSimpleApplication@93274fa
reloadAllAccessors: .ContinuousInDE2

===========================================================================================
----------------- testing Wed Jul 10 17:43:59 UTC 2019 /home/travis/build/icyphy/ptII/ptolemy/domains/continuous/test/auto/ContinuousInDE3.xml
----------------- Instantiating /home/travis/build/icyphy/ptII/ptolemy/domains/continuous/test/auto/ContinuousInDE3.xml
46 ms. Memory: 381952K Free: 216209K (57%)
----------------- Invoking toplevel() on ptolemy.moml.MoMLSimpleApplication@2c752e97
----------------- Done invoking toplevel() on ptolemy.moml.MoMLSimpleApplication@2c752e97
reloadAllAccessors: .ContinuousInDE3

===========================================================================================
----------------- testing Wed Jul 10 17:43:59 UTC 2019 /home/travis/build/icyphy/ptII/ptolemy/domains/continuous/test/auto/ContinuousInDE4.xml
----------------- Instantiating /home/travis/build/icyphy/ptII/ptolemy/domains/continuous/test/auto/ContinuousInDE4.xml
20 ms. Memory: 381952K Free: 210065K (55%)
----------------- Invoking toplevel() on ptolemy.moml.MoMLSimpleApplication@3dabec3b
----------------- Done invoking toplevel() on ptolemy.moml.MoMLSimpleApplication@3dabec3b
reloadAllAccessors: .ContinuousInDE4

===========================================================================================
----------------- testing Wed Jul 10 17:43:59 UTC 2019 /home/travis/build/icyphy/ptII/ptolemy/domains/continuous/test/auto/ContinuousInDEDifferentRefinements.xml
----------------- Instantiating /home/travis/build/icyphy/ptII/ptolemy/domains/continuous/test/auto/ContinuousInDEDifferentRefinements.xml
54 ms. Memory: 381952K Free: 178835K (47%)
----------------- Invoking toplevel() on ptolemy.moml.MoMLSimpleApplication@1e06d635
----------------- Done invoking toplevel() on ptolemy.moml.MoMLSimpleApplication@1e06d635
reloadAllAccessors: .ContinuousInDEDifferentRefinements

===========================================================================================
----------------- testing Wed Jul 10 17:43:59 UTC 2019 /home/travis/build/icyphy/ptII/ptolemy/domains/continuous/test/auto/ContinuousInDEDifferentRefinementsPreemptive.xml
----------------- Instantiating /home/travis/build/icyphy/ptII/ptolemy/domains/continuous/test/auto/ContinuousInDEDifferentRefinementsPreemptive.xml
51 ms. Memory: 381952K Free: 148115K (39%)
----------------- Invoking toplevel() on ptolemy.moml.MoMLSimpleApplication@54c44af1
----------------- Done invoking toplevel() on ptolemy.moml.MoMLSimpleApplication@54c44af1
reloadAllAccessors: .ContinuousInDEDifferentRefinementsPreemptive

===========================================================================================
----------------- testing Wed Jul 10 17:44:00 UTC 2019 /home/travis/build/icyphy/ptII/ptolemy/domains/continuous/test/auto/ContinuousInDEInContinuous2.xml
----------------- Instantiating /home/travis/build/icyphy/ptII/ptolemy/domains/continuous/test/auto/ContinuousInDEInContinuous2.xml
56 ms. Memory: 381952K Free: 363066K (95%)
----------------- Invoking toplevel() on ptolemy.moml.MoMLSimpleApplication@3269927e
----------------- Done invoking toplevel() on ptolemy.moml.MoMLSimpleApplication@3269927e
reloadAllAccessors: .ContinuousInDEInContinuous2

===========================================================================================
----------------- testing Wed Jul 10 17:44:00 UTC 2019 /home/travis/build/icyphy/ptII/ptolemy/domains/continuous/test/auto/ContinuousInDEInContinuous3.xml
----------------- Instantiating /home/travis/build/icyphy/ptII/ptolemy/domains/continuous/test/auto/ContinuousInDEInContinuous3.xml
39 ms. Memory: 381952K Free: 350778K (92%)
----------------- Invoking toplevel() on ptolemy.moml.MoMLSimpleApplication@275e9581
----------------- Done invoking toplevel() on ptolemy.moml.MoMLSimpleApplication@275e9581
reloadAllAccessors: .ContinuousInDEInContinuous3

===========================================================================================
----------------- testing Wed Jul 10 17:44:00 UTC 2019 /home/travis/build/icyphy/ptII/ptolemy/domains/continuous/test/auto/ContinuousInDEInput.xml
----------------- Instantiating /home/travis/build/icyphy/ptII/ptolemy/domains/continuous/test/auto/ContinuousInDEInput.xml
21 ms. Memory: 381952K Free: 343610K (90%)
----------------- Invoking toplevel() on ptolemy.moml.MoMLSimpleApplication@a7c98ca
----------------- Done invoking toplevel() on ptolemy.moml.MoMLSimpleApplication@a7c98ca
reloadAllAccessors: .ContinuousInDEInput

===========================================================================================
----------------- testing Wed Jul 10 17:44:00 UTC 2019 /home/travis/build/icyphy/ptII/ptolemy/domains/continuous/test/auto/ContinuousInDEInput2.xml
----------------- Instantiating /home/travis/build/icyphy/ptII/ptolemy/domains/continuous/test/auto/ContinuousInDEInput2.xml
17 ms. Memory: 381952K Free: 336442K (88%)
----------------- Invoking toplevel() on ptolemy.moml.MoMLSimpleApplication@131746e3
----------------- Done invoking toplevel() on ptolemy.moml.MoMLSimpleApplication@131746e3
reloadAllAccessors: .ContinuousInDEInput2

===========================================================================================
----------------- testing Wed Jul 10 17:44:00 UTC 2019 /home/travis/build/icyphy/ptII/ptolemy/domains/continuous/test/auto/ContinuousInDEInput3.xml
----------------- Instantiating /home/travis/build/icyphy/ptII/ptolemy/domains/continuous/test/auto/ContinuousInDEInput3.xml
17 ms. Memory: 381952K Free: 328760K (86%)
----------------- Invoking toplevel() on ptolemy.moml.MoMLSimpleApplication@3ec61754
----------------- Done invoking toplevel() on ptolemy.moml.MoMLSimpleApplication@3ec61754
reloadAllAccessors: .ContinuousInDEInput3

===========================================================================================
----------------- testing Wed Jul 10 17:44:00 UTC 2019 /home/travis/build/icyphy/ptII/ptolemy/domains/continuous/test/auto/ContinuousInDESharingRefinement.xml
----------------- Instantiating /home/travis/build/icyphy/ptII/ptolemy/domains/continuous/test/auto/ContinuousInDESharingRefinement.xml
174 ms. Memory: 381952K Free: 234042K (61%)
----------------- Invoking toplevel() on ptolemy.moml.MoMLSimpleApplication@9cbca90
----------------- Done invoking toplevel() on ptolemy.moml.MoMLSimpleApplication@9cbca90
reloadAllAccessors: .ContinuousInDESharingRefinement

===========================================================================================
----------------- testing Wed Jul 10 17:44:00 UTC 2019 /home/travis/build/icyphy/ptII/ptolemy/domains/continuous/test/auto/ContinuousInDEwithNoPorts.xml
----------------- Instantiating /home/travis/build/icyphy/ptII/ptolemy/domains/continuous/test/auto/ContinuousInDEwithNoPorts.xml
7 ms. Memory: 381952K Free: 229946K (60%)
----------------- Invoking toplevel() on ptolemy.moml.MoMLSimpleApplication@4280d742
----------------- Done invoking toplevel() on ptolemy.moml.MoMLSimpleApplication@4280d742
reloadAllAccessors: .ContinuousInDEwithNoPorts

===========================================================================================
----------------- testing Wed Jul 10 17:44:00 UTC 2019 /home/travis/build/icyphy/ptII/ptolemy/domains/continuous/test/auto/ContinuousInsideDE.xml
----------------- Instantiating /home/travis/build/icyphy/ptII/ptolemy/domains/continuous/test/auto/ContinuousInsideDE.xml
60 ms. Memory: 381952K Free: 218682K (57%)
----------------- Invoking toplevel() on ptolemy.moml.MoMLSimpleApplication@64856fe3
----------------- Done invoking toplevel() on ptolemy.moml.MoMLSimpleApplication@64856fe3
reloadAllAccessors: .ContinuousInsideDE

===========================================================================================
----------------- testing Wed Jul 10 17:44:00 UTC 2019 /home/travis/build/icyphy/ptII/ptolemy/domains/continuous/test/auto/ContinuousMerge1.xml
----------------- Instantiating /home/travis/build/icyphy/ptII/ptolemy/domains/continuous/test/auto/ContinuousMerge1.xml
4 ms. Memory: 381952K Free: 214586K (56%)
----------------- Invoking toplevel() on ptolemy.moml.MoMLSimpleApplication@5247b576
----------------- Done invoking toplevel() on ptolemy.moml.MoMLSimpleApplication@5247b576
reloadAllAccessors: .ContinuousMerge1

===========================================================================================
----------------- testing Wed Jul 10 17:44:00 UTC 2019 /home/travis/build/icyphy/ptII/ptolemy/domains/continuous/test/auto/ContinuousMerge2.xml
----------------- Instantiating /home/travis/build/icyphy/ptII/ptolemy/domains/continuous/test/auto/ContinuousMerge2.xml
19 ms. Memory: 381952K Free: 204346K (54%)
----------------- Invoking toplevel() on ptolemy.moml.MoMLSimpleApplication@697b1825
----------------- Done invoking toplevel() on ptolemy.moml.MoMLSimpleApplication@697b1825
reloadAllAccessors: .ContinuousMerge2

===========================================================================================
----------------- testing Wed Jul 10 17:44:00 UTC 2019 /home/travis/build/icyphy/ptII/ptolemy/domains/continuous/test/auto/ContinuousMerge3.xml
----------------- Instantiating /home/travis/build/icyphy/ptII/ptolemy/domains/continuous/test/auto/ContinuousMerge3.xml
57 ms. Memory: 381952K Free: 193592K (51%)
----------------- Invoking toplevel() on ptolemy.moml.MoMLSimpleApplication@67ffdf86
----------------- Done invoking toplevel() on ptolemy.moml.MoMLSimpleApplication@67ffdf86
reloadAllAccessors: .ContinuousMerge3

===========================================================================================
----------------- testing Wed Jul 10 17:44:00 UTC 2019 /home/travis/build/icyphy/ptII/ptolemy/domains/continuous/test/auto/ContinuousWithinContinuous.xml
----------------- Instantiating /home/travis/build/icyphy/ptII/ptolemy/domains/continuous/test/auto/ContinuousWithinContinuous.xml
46 ms. Memory: 381952K Free: 184376K (48%)
----------------- Invoking toplevel() on ptolemy.moml.MoMLSimpleApplication@801f9ca
----------------- Done invoking toplevel() on ptolemy.moml.MoMLSimpleApplication@801f9ca
reloadAllAccessors: .ContinuousWithinContinuous

===========================================================================================
----------------- testing Wed Jul 10 17:44:01 UTC 2019 /home/travis/build/icyphy/ptII/ptolemy/domains/continuous/test/auto/ContinuousWithinContinuous2.xml
----------------- Instantiating /home/travis/build/icyphy/ptII/ptolemy/domains/continuous/test/auto/ContinuousWithinContinuous2.xml
81 ms. Memory: 381952K Free: 173626K (45%)
----------------- Invoking toplevel() on ptolemy.moml.MoMLSimpleApplication@182bccb2
----------------- Done invoking toplevel() on ptolemy.moml.MoMLSimpleApplication@182bccb2
reloadAllAccessors: .ContinuousWithinContinuous2

===========================================================================================
----------------- testing Wed Jul 10 17:44:01 UTC 2019 /home/travis/build/icyphy/ptII/ptolemy/domains/continuous/test/auto/ContinuousWithinContinuous3.xml
----------------- Instantiating /home/travis/build/icyphy/ptII/ptolemy/domains/continuous/test/auto/ContinuousWithinContinuous3.xml
15 ms. Memory: 381952K Free: 166458K (44%)
----------------- Invoking toplevel() on ptolemy.moml.MoMLSimpleApplication@4bac9ae7
----------------- Done invoking toplevel() on ptolemy.moml.MoMLSimpleApplication@4bac9ae7
reloadAllAccessors: .ContinuousWithinContinuous3

===========================================================================================
----------------- testing Wed Jul 10 17:44:01 UTC 2019 /home/travis/build/icyphy/ptII/ptolemy/domains/continuous/test/auto/ContinuousWithinContinuous4.xml
----------------- Instantiating /home/travis/build/icyphy/ptII/ptolemy/domains/continuous/test/auto/ContinuousWithinContinuous4.xml
90 ms. Memory: 381952K Free: 154680K (40%)
----------------- Invoking toplevel() on ptolemy.moml.MoMLSimpleApplication@288098a8
----------------- Done invoking toplevel() on ptolemy.moml.MoMLSimpleApplication@288098a8
reloadAllAccessors: .ContinuousWithinContinuous4

===========================================================================================
----------------- testing Wed Jul 10 17:44:01 UTC 2019 /home/travis/build/icyphy/ptII/ptolemy/domains/continuous/test/auto/ContinuousWithinContinuous5.xml
----------------- Instantiating /home/travis/build/icyphy/ptII/ptolemy/domains/continuous/test/auto/ContinuousWithinContinuous5.xml
19 ms. Memory: 381952K Free: 147512K (39%)
----------------- Invoking toplevel() on ptolemy.moml.MoMLSimpleApplication@42988a39
----------------- Done invoking toplevel() on ptolemy.moml.MoMLSimpleApplication@42988a39
reloadAllAccessors: .ContinuousWithinContinuous5

===========================================================================================
----------------- testing Wed Jul 10 17:44:01 UTC 2019 /home/travis/build/icyphy/ptII/ptolemy/domains/continuous/test/auto/ContinuousWithinContinuous6.xml
----------------- Instantiating /home/travis/build/icyphy/ptII/ptolemy/domains/continuous/test/auto/ContinuousWithinContinuous6.xml
29 ms. Memory: 381952K Free: 367355K (96%)
----------------- Invoking toplevel() on ptolemy.moml.MoMLSimpleApplication@215f4aa5
----------------- Done invoking toplevel() on ptolemy.moml.MoMLSimpleApplication@215f4aa5
reloadAllAccessors: .ContinuousWithinContinuous6

===========================================================================================
----------------- testing Wed Jul 10 17:44:01 UTC 2019 /home/travis/build/icyphy/ptII/ptolemy/domains/continuous/test/auto/ContinuousWithinContinuous7.xml
----------------- Instantiating /home/travis/build/icyphy/ptII/ptolemy/domains/continuous/test/auto/ContinuousWithinContinuous7.xml
88 ms. Memory: 381952K Free: 356124K (93%)
----------------- Invoking toplevel() on ptolemy.moml.MoMLSimpleApplication@72882553
----------------- Done invoking toplevel() on ptolemy.moml.MoMLSimpleApplication@72882553
reloadAllAccessors: .ContinuousWithinContinuous7

===========================================================================================
----------------- testing Wed Jul 10 17:44:01 UTC 2019 /home/travis/build/icyphy/ptII/ptolemy/domains/continuous/test/auto/DCMotor.xml
----------------- Instantiating /home/travis/build/icyphy/ptII/ptolemy/domains/continuous/test/auto/DCMotor.xml
15712 ms. Memory: 381952K Free: 282777K (74%)
----------------- Invoking toplevel() on ptolemy.moml.MoMLSimpleApplication@7cf8208a
----------------- Done invoking toplevel() on ptolemy.moml.MoMLSimpleApplication@7cf8208a
reloadAllAccessors: .DCMotor

===========================================================================================
----------------- testing Wed Jul 10 17:44:17 UTC 2019 /home/travis/build/icyphy/ptII/ptolemy/domains/continuous/test/auto/DEInContinuous.xml
----------------- Instantiating /home/travis/build/icyphy/ptII/ptolemy/domains/continuous/test/auto/DEInContinuous.xml
15 ms. Memory: 381952K Free: 276639K (72%)
----------------- Invoking toplevel() on ptolemy.moml.MoMLSimpleApplication@7754d850
----------------- Done invoking toplevel() on ptolemy.moml.MoMLSimpleApplication@7754d850
reloadAllAccessors: .DEInContinuous

===========================================================================================
----------------- testing Wed Jul 10 17:44:17 UTC 2019 /home/travis/build/icyphy/ptII/ptolemy/domains/continuous/test/auto/DEinContinuous2.xml
----------------- Instantiating /home/travis/build/icyphy/ptII/ptolemy/domains/continuous/test/auto/DEinContinuous2.xml
8 ms. Memory: 381952K Free: 268433K (70%)
----------------- Invoking toplevel() on ptolemy.moml.MoMLSimpleApplication@5871f1bd
----------------- Done invoking toplevel() on ptolemy.moml.MoMLSimpleApplication@5871f1bd
reloadAllAccessors: .DEinContinuous2

===========================================================================================
----------------- testing Wed Jul 10 17:44:17 UTC 2019 /home/travis/build/icyphy/ptII/ptolemy/domains/continuous/test/auto/Derivative.xml
----------------- Instantiating /home/travis/build/icyphy/ptII/ptolemy/domains/continuous/test/auto/Derivative.xml
170 ms. Memory: 381952K Free: 239775K (63%)
----------------- Invoking toplevel() on ptolemy.moml.MoMLSimpleApplication@6c20b2ee
----------------- Done invoking toplevel() on ptolemy.moml.MoMLSimpleApplication@6c20b2ee
reloadAllAccessors: .Derivative2

===========================================================================================
----------------- testing Wed Jul 10 17:44:17 UTC 2019 /home/travis/build/icyphy/ptII/ptolemy/domains/continuous/test/auto/Derivative1.xml
----------------- Instantiating /home/travis/build/icyphy/ptII/ptolemy/domains/continuous/test/auto/Derivative1.xml
20 ms. Memory: 381952K Free: 225439K (59%)
----------------- Invoking toplevel() on ptolemy.moml.MoMLSimpleApplication@24bb35d6
----------------- Done invoking toplevel() on ptolemy.moml.MoMLSimpleApplication@24bb35d6
reloadAllAccessors: .Derivative1

===========================================================================================
----------------- testing Wed Jul 10 17:44:17 UTC 2019 /home/travis/build/icyphy/ptII/ptolemy/domains/continuous/test/auto/DiscreteClock.xml
----------------- Instantiating /home/travis/build/icyphy/ptII/ptolemy/domains/continuous/test/auto/DiscreteClock.xml
4 ms. Memory: 381952K Free: 220319K (58%)
----------------- Invoking toplevel() on ptolemy.moml.MoMLSimpleApplication@2c57ab99
----------------- Done invoking toplevel() on ptolemy.moml.MoMLSimpleApplication@2c57ab99
reloadAllAccessors: .DiscreteClock

===========================================================================================
----------------- testing Wed Jul 10 17:44:17 UTC 2019 /home/travis/build/icyphy/ptII/ptolemy/domains/continuous/test/auto/EfficiencyCurve.xml
----------------- Instantiating /home/travis/build/icyphy/ptII/ptolemy/domains/continuous/test/auto/EfficiencyCurve.xml
65 ms. Memory: 381952K Free: 211617K (55%)
----------------- Invoking toplevel() on ptolemy.moml.MoMLSimpleApplication@14f021d8
----------------- Done invoking toplevel() on ptolemy.moml.MoMLSimpleApplication@14f021d8
reloadAllAccessors: .EfficiencyCurve

===========================================================================================
----------------- testing Wed Jul 10 17:44:17 UTC 2019 /home/travis/build/icyphy/ptII/ptolemy/domains/continuous/test/auto/ExponentialResponse.xml
----------------- Instantiating /home/travis/build/icyphy/ptII/ptolemy/domains/continuous/test/auto/ExponentialResponse.xml
118 ms. Memory: 381952K Free: 195743K (51%)
----------------- Invoking toplevel() on ptolemy.moml.MoMLSimpleApplication@460eb075
----------------- Done invoking toplevel() on ptolemy.moml.MoMLSimpleApplication@460eb075
reloadAllAccessors: .ExponentialResponse

===========================================================================================
----------------- testing Wed Jul 10 17:44:17 UTC 2019 /home/travis/build/icyphy/ptII/ptolemy/domains/continuous/test/auto/ExponentialResponseRK45.xml
----------------- Instantiating /home/travis/build/icyphy/ptII/ptolemy/domains/continuous/test/auto/ExponentialResponseRK45.xml
28 ms. Memory: 381952K Free: 189089K (50%)
----------------- Invoking toplevel() on ptolemy.moml.MoMLSimpleApplication@705a124f
----------------- Done invoking toplevel() on ptolemy.moml.MoMLSimpleApplication@705a124f
reloadAllAccessors: .ExponentialResponseRK45

===========================================================================================
----------------- testing Wed Jul 10 17:44:17 UTC 2019 /home/travis/build/icyphy/ptII/ptolemy/domains/continuous/test/auto/Friction.xml
----------------- Instantiating /home/travis/build/icyphy/ptII/ptolemy/domains/continuous/test/auto/Friction.xml
1619 ms. Memory: 381952K Free: 220941K (58%)
----------------- Invoking toplevel() on ptolemy.moml.MoMLSimpleApplication@ad538e8
----------------- Done invoking toplevel() on ptolemy.moml.MoMLSimpleApplication@ad538e8
reloadAllAccessors: .Friction

===========================================================================================
----------------- testing Wed Jul 10 17:44:19 UTC 2019 /home/travis/build/icyphy/ptII/ptolemy/domains/continuous/test/auto/FurutaPendulum.xml
----------------- Instantiating /home/travis/build/icyphy/ptII/ptolemy/domains/continuous/test/auto/FurutaPendulum.xml
3792 ms. Memory: 381952K Free: 189815K (50%)
----------------- Invoking toplevel() on ptolemy.moml.MoMLSimpleApplication@5e1e81b2
----------------- Done invoking toplevel() on ptolemy.moml.MoMLSimpleApplication@5e1e81b2
reloadAllAccessors: .FurutaPendulum

===========================================================================================
----------------- testing Wed Jul 10 17:44:23 UTC 2019 /home/travis/build/icyphy/ptII/ptolemy/domains/continuous/test/auto/HierarchicalExecution.xml
----------------- Instantiating /home/travis/build/icyphy/ptII/ptolemy/domains/continuous/test/auto/HierarchicalExecution.xml
1884 ms. Memory: 381952K Free: 139049K (36%)
----------------- Invoking toplevel() on ptolemy.moml.MoMLSimpleApplication@497074e4
----------------- Done invoking toplevel() on ptolemy.moml.MoMLSimpleApplication@497074e4
reloadAllAccessors: .HierarchicalExecution

===========================================================================================
----------------- testing Wed Jul 10 17:44:25 UTC 2019 /home/travis/build/icyphy/ptII/ptolemy/domains/continuous/test/auto/HybridPlant.xml
----------------- Instantiating /home/travis/build/icyphy/ptII/ptolemy/domains/continuous/test/auto/HybridPlant.xml
602 ms. Memory: 381952K Free: 332715K (87%)
----------------- Invoking toplevel() on ptolemy.moml.MoMLSimpleApplication@13e04ec3
----------------- Done invoking toplevel() on ptolemy.moml.MoMLSimpleApplication@13e04ec3
reloadAllAccessors: .HybridPlant

===========================================================================================
----------------- testing Wed Jul 10 17:44:26 UTC 2019 /home/travis/build/icyphy/ptII/ptolemy/domains/continuous/test/auto/Hysteresis.xml
----------------- Instantiating /home/travis/build/icyphy/ptII/ptolemy/domains/continuous/test/auto/Hysteresis.xml
157 ms. Memory: 381952K Free: 270765K (71%)
----------------- Invoking toplevel() on ptolemy.moml.MoMLSimpleApplication@2c6767cb
----------------- Done invoking toplevel() on ptolemy.moml.MoMLSimpleApplication@2c6767cb
reloadAllAccessors: .Hysteresis

===========================================================================================
----------------- testing Wed Jul 10 17:44:26 UTC 2019 /home/travis/build/icyphy/ptII/ptolemy/domains/continuous/test/auto/HysteresisWithRandomDelay.xml
----------------- Instantiating /home/travis/build/icyphy/ptII/ptolemy/domains/continuous/test/auto/HysteresisWithRandomDelay.xml
198 ms. Memory: 381952K Free: 199581K (52%)
----------------- Invoking toplevel() on ptolemy.moml.MoMLSimpleApplication@1e0388b8
----------------- Done invoking toplevel() on ptolemy.moml.MoMLSimpleApplication@1e0388b8
reloadAllAccessors: .HysteresisWithRandomDelay

===========================================================================================
----------------- testing Wed Jul 10 17:44:27 UTC 2019 /home/travis/build/icyphy/ptII/ptolemy/domains/continuous/test/auto/HysteresisWithRandomLosses.xml
----------------- Instantiating /home/travis/build/icyphy/ptII/ptolemy/domains/continuous/test/auto/HysteresisWithRandomLosses.xml
2450 ms. Memory: 381952K Free: 145219K (38%)
----------------- Invoking toplevel() on ptolemy.moml.MoMLSimpleApplication@79fffea5
----------------- Done invoking toplevel() on ptolemy.moml.MoMLSimpleApplication@79fffea5
reloadAllAccessors: .HysteresisWithRandomLosses

===========================================================================================
----------------- testing Wed Jul 10 17:44:29 UTC 2019 /home/travis/build/icyphy/ptII/ptolemy/domains/continuous/test/auto/ImmediateTransitions.xml
----------------- Instantiating /home/travis/build/icyphy/ptII/ptolemy/domains/continuous/test/auto/ImmediateTransitions.xml
9 ms. Memory: 381952K Free: 361431K (95%)
----------------- Invoking toplevel() on ptolemy.moml.MoMLSimpleApplication@5284c436
----------------- Done invoking toplevel() on ptolemy.moml.MoMLSimpleApplication@5284c436
reloadAllAccessors: .ImmediateTransitions

===========================================================================================
----------------- testing Wed Jul 10 17:44:29 UTC 2019 /home/travis/build/icyphy/ptII/ptolemy/domains/continuous/test/auto/ImpulseFeedback.xml
----------------- Instantiating /home/travis/build/icyphy/ptII/ptolemy/domains/continuous/test/auto/ImpulseFeedback.xml
11 ms. Memory: 381952K Free: 355815K (93%)
----------------- Invoking toplevel() on ptolemy.moml.MoMLSimpleApplication@c977d8f
----------------- Done invoking toplevel() on ptolemy.moml.MoMLSimpleApplication@c977d8f
reloadAllAccessors: .ImpulseFeedback

===========================================================================================
----------------- testing Wed Jul 10 17:44:29 UTC 2019 /home/travis/build/icyphy/ptII/ptolemy/domains/continuous/test/auto/ImpulseFeedback2.xml
----------------- Instantiating /home/travis/build/icyphy/ptII/ptolemy/domains/continuous/test/auto/ImpulseFeedback2.xml
7 ms. Memory: 381952K Free: 350181K (92%)
----------------- Invoking toplevel() on ptolemy.moml.MoMLSimpleApplication@3339ba51
----------------- Done invoking toplevel() on ptolemy.moml.MoMLSimpleApplication@3339ba51
reloadAllAccessors: .ImpulseFeedback2

===========================================================================================
----------------- testing Wed Jul 10 17:44:29 UTC 2019 /home/travis/build/icyphy/ptII/ptolemy/domains/continuous/test/auto/IncreasingRatePoisson.xml
----------------- Instantiating /home/travis/build/icyphy/ptII/ptolemy/domains/continuous/test/auto/IncreasingRatePoisson.xml
761 ms. Memory: 381952K Free: 269018K (70%)
----------------- Invoking toplevel() on ptolemy.moml.MoMLSimpleApplication@32beb497
----------------- Done invoking toplevel() on ptolemy.moml.MoMLSimpleApplication@32beb497
reloadAllAccessors: .IncreasingRatePoisson

===========================================================================================
----------------- testing Wed Jul 10 17:44:30 UTC 2019 /home/travis/build/icyphy/ptII/ptolemy/domains/continuous/test/auto/InitialStateFeedback.xml
----------------- Instantiating /home/travis/build/icyphy/ptII/ptolemy/domains/continuous/test/auto/InitialStateFeedback.xml
8 ms. Memory: 381952K Free: 264408K (69%)
----------------- Invoking toplevel() on ptolemy.moml.MoMLSimpleApplication@35d90939
----------------- Done invoking toplevel() on ptolemy.moml.MoMLSimpleApplication@35d90939
reloadAllAccessors: .InitialStateFeedback

===========================================================================================
----------------- testing Wed Jul 10 17:44:30 UTC 2019 /home/travis/build/icyphy/ptII/ptolemy/domains/continuous/test/auto/Integration.xml
----------------- Instantiating /home/travis/build/icyphy/ptII/ptolemy/domains/continuous/test/auto/Integration.xml
2 ms. Memory: 381952K Free: 260312K (68%)
----------------- Invoking toplevel() on ptolemy.moml.MoMLSimpleApplication@53160d1c
----------------- Done invoking toplevel() on ptolemy.moml.MoMLSimpleApplication@53160d1c
reloadAllAccessors: .Integration

===========================================================================================
----------------- testing Wed Jul 10 17:44:30 UTC 2019 /home/travis/build/icyphy/ptII/ptolemy/domains/continuous/test/auto/Integration2.xml
----------------- Instantiating /home/travis/build/icyphy/ptII/ptolemy/domains/continuous/test/auto/Integration2.xml
83 ms. Memory: 381952K Free: 246490K (65%)
----------------- Invoking toplevel() on ptolemy.moml.MoMLSimpleApplication@405f9c90
----------------- Done invoking toplevel() on ptolemy.moml.MoMLSimpleApplication@405f9c90
reloadAllAccessors: .Integration2

===========================================================================================
----------------- testing Wed Jul 10 17:44:30 UTC 2019 /home/travis/build/icyphy/ptII/ptolemy/domains/continuous/test/auto/Integration3.xml
----------------- Instantiating /home/travis/build/icyphy/ptII/ptolemy/domains/continuous/test/auto/Integration3.xml
2 ms. Memory: 381952K Free: 241880K (63%)
----------------- Invoking toplevel() on ptolemy.moml.MoMLSimpleApplication@5c23d43b
----------------- Done invoking toplevel() on ptolemy.moml.MoMLSimpleApplication@5c23d43b
reloadAllAccessors: .Integration3

===========================================================================================
----------------- testing Wed Jul 10 17:44:30 UTC 2019 /home/travis/build/icyphy/ptII/ptolemy/domains/continuous/test/auto/Integration5.xml
----------------- Instantiating /home/travis/build/icyphy/ptII/ptolemy/domains/continuous/test/auto/Integration5.xml
3 ms. Memory: 381952K Free: 237784K (62%)
----------------- Invoking toplevel() on ptolemy.moml.MoMLSimpleApplication@234f3c1
----------------- Done invoking toplevel() on ptolemy.moml.MoMLSimpleApplication@234f3c1
reloadAllAccessors: .Integration5

===========================================================================================
----------------- testing Wed Jul 10 17:44:30 UTC 2019 /home/travis/build/icyphy/ptII/ptolemy/domains/continuous/test/auto/IntegratorImpulse.xml
----------------- Instantiating /home/travis/build/icyphy/ptII/ptolemy/domains/continuous/test/auto/IntegratorImpulse.xml
3 ms. Memory: 381952K Free: 233674K (61%)
----------------- Invoking toplevel() on ptolemy.moml.MoMLSimpleApplication@2551d4de
----------------- Done invoking toplevel() on ptolemy.moml.MoMLSimpleApplication@2551d4de
reloadAllAccessors: .IntegratorImpulse

===========================================================================================
----------------- testing Wed Jul 10 17:44:30 UTC 2019 /home/travis/build/icyphy/ptII/ptolemy/domains/continuous/test/auto/IntegratorImpulse2.xml
----------------- Instantiating /home/travis/build/icyphy/ptII/ptolemy/domains/continuous/test/auto/IntegratorImpulse2.xml
4 ms. Memory: 381952K Free: 229082K (60%)
----------------- Invoking toplevel() on ptolemy.moml.MoMLSimpleApplication@2bb8d891
----------------- Done invoking toplevel() on ptolemy.moml.MoMLSimpleApplication@2bb8d891
reloadAllAccessors: .IntegratorImpulse2

===========================================================================================
----------------- testing Wed Jul 10 17:44:30 UTC 2019 /home/travis/build/icyphy/ptII/ptolemy/domains/continuous/test/auto/LevelCrossing1.xml
----------------- Instantiating /home/travis/build/icyphy/ptII/ptolemy/domains/continuous/test/auto/LevelCrossing1.xml
3 ms. Memory: 381952K Free: 223962K (59%)
----------------- Invoking toplevel() on ptolemy.moml.MoMLSimpleApplication@2e347b9b
----------------- Done invoking toplevel() on ptolemy.moml.MoMLSimpleApplication@2e347b9b
reloadAllAccessors: .LevelCrossing1

===========================================================================================
----------------- testing Wed Jul 10 17:44:30 UTC 2019 /home/travis/build/icyphy/ptII/ptolemy/domains/continuous/test/auto/LevelCrossing2.xml
----------------- Instantiating /home/travis/build/icyphy/ptII/ptolemy/domains/continuous/test/auto/LevelCrossing2.xml
4 ms. Memory: 381952K Free: 218842K (57%)
----------------- Invoking toplevel() on ptolemy.moml.MoMLSimpleApplication@3be2493a
----------------- Done invoking toplevel() on ptolemy.moml.MoMLSimpleApplication@3be2493a
reloadAllAccessors: .LevelCrossing2

===========================================================================================
----------------- testing Wed Jul 10 17:44:30 UTC 2019 /home/travis/build/icyphy/ptII/ptolemy/domains/continuous/test/auto/LevelCrossing3.xml
----------------- Instantiating /home/travis/build/icyphy/ptII/ptolemy/domains/continuous/test/auto/LevelCrossing3.xml
3 ms. Memory: 381952K Free: 213722K (56%)
----------------- Invoking toplevel() on ptolemy.moml.MoMLSimpleApplication@23907afe
----------------- Done invoking toplevel() on ptolemy.moml.MoMLSimpleApplication@23907afe
reloadAllAccessors: .LevelCrossing3

===========================================================================================
----------------- testing Wed Jul 10 17:44:30 UTC 2019 /home/travis/build/icyphy/ptII/ptolemy/domains/continuous/test/auto/LevelCrossing4.xml
----------------- Instantiating /home/travis/build/icyphy/ptII/ptolemy/domains/continuous/test/auto/LevelCrossing4.xml
5 ms. Memory: 381952K Free: 208602K (55%)
----------------- Invoking toplevel() on ptolemy.moml.MoMLSimpleApplication@5aea49e2
----------------- Done invoking toplevel() on ptolemy.moml.MoMLSimpleApplication@5aea49e2
reloadAllAccessors: .LevelCrossing4

===========================================================================================
----------------- testing Wed Jul 10 17:44:30 UTC 2019 /home/travis/build/icyphy/ptII/ptolemy/domains/continuous/test/auto/LevelCrossing5.xml
----------------- Instantiating /home/travis/build/icyphy/ptII/ptolemy/domains/continuous/test/auto/LevelCrossing5.xml
5 ms. Memory: 381952K Free: 203482K (53%)
----------------- Invoking toplevel() on ptolemy.moml.MoMLSimpleApplication@4ff1e86e
----------------- Done invoking toplevel() on ptolemy.moml.MoMLSimpleApplication@4ff1e86e
reloadAllAccessors: .LevelCrossing5

===========================================================================================
[...]
----------------- Invoking toplevel() on ptolemy.moml.MoMLSimpleApplication@26049f20
----------------- Done invoking toplevel() on ptolemy.moml.MoMLSimpleApplication@26049f20
reloadAllAccessors: .ResetTransitionWithStartTime6

===========================================================================================
----------------- testing Wed Jul 10 17:44:49 UTC 2019 /home/travis/build/icyphy/ptII/ptolemy/domains/continuous/test/auto/SRinContinuous.xml
----------------- Instantiating /home/travis/build/icyphy/ptII/ptolemy/domains/continuous/test/auto/SRinContinuous.xml
6 ms. Memory: 381952K Free: 194554K (51%)
----------------- Invoking toplevel() on ptolemy.moml.MoMLSimpleApplication@9fcb069
----------------- Done invoking toplevel() on ptolemy.moml.MoMLSimpleApplication@9fcb069
reloadAllAccessors: .SRinContinuous

===========================================================================================
----------------- testing Wed Jul 10 17:44:49 UTC 2019 /home/travis/build/icyphy/ptII/ptolemy/domains/continuous/test/auto/SampledClocks.xml
----------------- Instantiating /home/travis/build/icyphy/ptII/ptolemy/domains/continuous/test/auto/SampledClocks.xml
6 ms. Memory: 381952K Free: 181752K (48%)
----------------- Invoking toplevel() on ptolemy.moml.MoMLSimpleApplication@8039ed7
----------------- Done invoking toplevel() on ptolemy.moml.MoMLSimpleApplication@8039ed7
reloadAllAccessors: .SampledClocks

===========================================================================================
----------------- testing Wed Jul 10 17:44:49 UTC 2019 /home/travis/build/icyphy/ptII/ptolemy/domains/continuous/test/auto/Satellite.xml
----------------- Instantiating /home/travis/build/icyphy/ptII/ptolemy/domains/continuous/test/auto/Satellite.xml
826 ms. Memory: 381952K Free: 222754K (58%)
----------------- Invoking toplevel() on ptolemy.moml.MoMLSimpleApplication@7a959819
----------------- Done invoking toplevel() on ptolemy.moml.MoMLSimpleApplication@7a959819
reloadAllAccessors: .Satellite

===========================================================================================
----------------- testing Wed Jul 10 17:44:50 UTC 2019 /home/travis/build/icyphy/ptII/ptolemy/domains/continuous/test/auto/SigmaDelta.xml
----------------- Instantiating /home/travis/build/icyphy/ptII/ptolemy/domains/continuous/test/auto/SigmaDelta.xml
2447 ms. Memory: 381952K Free: 186501K (49%)
----------------- Invoking toplevel() on ptolemy.moml.MoMLSimpleApplication@42fcfdac
----------------- Done invoking toplevel() on ptolemy.moml.MoMLSimpleApplication@42fcfdac
reloadAllAccessors: .SigmaDelta

===========================================================================================
----------------- testing Wed Jul 10 17:44:53 UTC 2019 /home/travis/build/icyphy/ptII/ptolemy/domains/continuous/test/auto/SingleRefinement.xml
----------------- Instantiating /home/travis/build/icyphy/ptII/ptolemy/domains/continuous/test/auto/SingleRefinement.xml
356 ms. Memory: 381952K Free: 230665K (60%)
----------------- Invoking toplevel() on ptolemy.moml.MoMLSimpleApplication@36db9f80
----------------- Done invoking toplevel() on ptolemy.moml.MoMLSimpleApplication@36db9f80
reloadAllAccessors: .SingleRefinement

===========================================================================================
----------------- testing Wed Jul 10 17:44:53 UTC 2019 /home/travis/build/icyphy/ptII/ptolemy/domains/continuous/test/auto/SinuBouncingBall.xml
----------------- Instantiating /home/travis/build/icyphy/ptII/ptolemy/domains/continuous/test/auto/SinuBouncingBall.xml
929 ms. Memory: 381952K Free: 245084K (64%)
----------------- Invoking toplevel() on ptolemy.moml.MoMLSimpleApplication@4fa83989
----------------- Done invoking toplevel() on ptolemy.moml.MoMLSimpleApplication@4fa83989
reloadAllAccessors: .SinuBouncingBall

===========================================================================================
----------------- testing Wed Jul 10 17:44:54 UTC 2019 /home/travis/build/icyphy/ptII/ptolemy/domains/continuous/test/auto/Sinusoid.xml
----------------- Instantiating /home/travis/build/icyphy/ptII/ptolemy/domains/continuous/test/auto/Sinusoid.xml
7 ms. Memory: 381952K Free: 240478K (63%)
----------------- Invoking toplevel() on ptolemy.moml.MoMLSimpleApplication@56616f71
----------------- Done invoking toplevel() on ptolemy.moml.MoMLSimpleApplication@56616f71
reloadAllAccessors: .Sinusoid

===========================================================================================
----------------- testing Wed Jul 10 17:44:54 UTC 2019 /home/travis/build/icyphy/ptII/ptolemy/domains/continuous/test/auto/SinusoidInNoise.xml
----------------- Instantiating /home/travis/build/icyphy/ptII/ptolemy/domains/continuous/test/auto/SinusoidInNoise.xml
1050 ms. Memory: 381952K Free: 332522K (87%)
----------------- Invoking toplevel() on ptolemy.moml.MoMLSimpleApplication@498bb839
----------------- Done invoking toplevel() on ptolemy.moml.MoMLSimpleApplication@498bb839
reloadAllAccessors: .SinusoidInNoise

===========================================================================================
----------------- testing Wed Jul 10 17:44:55 UTC 2019 /home/travis/build/icyphy/ptII/ptolemy/domains/continuous/test/auto/SinusoidRK45.xml
----------------- Instantiating /home/travis/build/icyphy/ptII/ptolemy/domains/continuous/test/auto/SinusoidRK45.xml
3 ms. Memory: 381952K Free: 327898K (86%)
----------------- Invoking toplevel() on ptolemy.moml.MoMLSimpleApplication@4b7d9098
----------------- Done invoking toplevel() on ptolemy.moml.MoMLSimpleApplication@4b7d9098
reloadAllAccessors: .SinusoidRK45

===========================================================================================
----------------- testing Wed Jul 10 17:44:55 UTC 2019 /home/travis/build/icyphy/ptII/ptolemy/domains/continuous/test/auto/SinusoidWithMultipleImpulses.xml
----------------- Instantiating /home/travis/build/icyphy/ptII/ptolemy/domains/continuous/test/auto/SinusoidWithMultipleImpulses.xml
3 ms. Memory: 381952K Free: 323306K (85%)
----------------- Invoking toplevel() on ptolemy.moml.MoMLSimpleApplication@275b5999
----------------- Done invoking toplevel() on ptolemy.moml.MoMLSimpleApplication@275b5999
reloadAllAccessors: .SinusoidWithMultipleImpulses

===========================================================================================
----------------- testing Wed Jul 10 17:44:55 UTC 2019 /home/travis/build/icyphy/ptII/ptolemy/domains/continuous/test/auto/SquareWave.xml
----------------- Instantiating /home/travis/build/icyphy/ptII/ptolemy/domains/continuous/test/auto/SquareWave.xml
177 ms. Memory: 381952K Free: 295658K (77%)
----------------- Invoking toplevel() on ptolemy.moml.MoMLSimpleApplication@5ce23296
----------------- Done invoking toplevel() on ptolemy.moml.MoMLSimpleApplication@5ce23296
reloadAllAccessors: .SquareWave

===========================================================================================
----------------- testing Wed Jul 10 17:44:56 UTC 2019 /home/travis/build/icyphy/ptII/ptolemy/domains/continuous/test/auto/Starmac.xml
----------------- Instantiating /home/travis/build/icyphy/ptII/ptolemy/domains/continuous/test/auto/Starmac.xml
3109 ms. Memory: 381952K Free: 214333K (56%)
----------------- Invoking toplevel() on ptolemy.moml.MoMLSimpleApplication@90492a5
----------------- Done invoking toplevel() on ptolemy.moml.MoMLSimpleApplication@90492a5
reloadAllAccessors: .Starmac

===========================================================================================
----------------- testing Wed Jul 10 17:44:59 UTC 2019 /home/travis/build/icyphy/ptII/ptolemy/domains/continuous/test/auto/StaticUnits.xml
----------------- Instantiating /home/travis/build/icyphy/ptII/ptolemy/domains/continuous/test/auto/StaticUnits.xml
2271 ms. Memory: 458752K Free: 297171K (65%)
----------------- Invoking toplevel() on ptolemy.moml.MoMLSimpleApplication@1f89ea5a
----------------- Done invoking toplevel() on ptolemy.moml.MoMLSimpleApplication@1f89ea5a
reloadAllAccessors: .StaticUnits

===========================================================================================
----------------- testing Wed Jul 10 17:45:02 UTC 2019 /home/travis/build/icyphy/ptII/ptolemy/domains/continuous/test/auto/StickyMasses.xml
----------------- Instantiating /home/travis/build/icyphy/ptII/ptolemy/domains/continuous/test/auto/StickyMasses.xml
152 ms. Memory: 458752K Free: 247490K (54%)
----------------- Invoking toplevel() on ptolemy.moml.MoMLSimpleApplication@5d2bdcb1
----------------- Done invoking toplevel() on ptolemy.moml.MoMLSimpleApplication@5d2bdcb1
reloadAllAccessors: .StickyMasses

===========================================================================================
----------------- testing Wed Jul 10 17:45:02 UTC 2019 /home/travis/build/icyphy/ptII/ptolemy/domains/continuous/test/auto/StopTime.xml
----------------- Instantiating /home/travis/build/icyphy/ptII/ptolemy/domains/continuous/test/auto/StopTime.xml
46 ms. Memory: 458752K Free: 222419K (48%)
----------------- Invoking toplevel() on ptolemy.moml.MoMLSimpleApplication@40f3210e
----------------- Done invoking toplevel() on ptolemy.moml.MoMLSimpleApplication@40f3210e
reloadAllAccessors: .StopTime

===========================================================================================
----------------- testing Wed Jul 10 17:45:02 UTC 2019 /home/travis/build/icyphy/ptII/ptolemy/domains/continuous/test/auto/StopTime2.xml
----------------- Instantiating /home/travis/build/icyphy/ptII/ptolemy/domains/continuous/test/auto/StopTime2.xml
35 ms. Memory: 458752K Free: 200386K (44%)
----------------- Invoking toplevel() on ptolemy.moml.MoMLSimpleApplication@222a82f0
----------------- Done invoking toplevel() on ptolemy.moml.MoMLSimpleApplication@222a82f0
reloadAllAccessors: .StopTime2

===========================================================================================
----------------- testing Wed Jul 10 17:45:02 UTC 2019 /home/travis/build/icyphy/ptII/ptolemy/domains/continuous/test/auto/Switch.xml
----------------- Instantiating /home/travis/build/icyphy/ptII/ptolemy/domains/continuous/test/auto/Switch.xml
46 ms. Memory: 458752K Free: 175315K (38%)
----------------- Invoking toplevel() on ptolemy.moml.MoMLSimpleApplication@695282be
----------------- Done invoking toplevel() on ptolemy.moml.MoMLSimpleApplication@695282be
reloadAllAccessors: .Switch

===========================================================================================
----------------- testing Wed Jul 10 17:45:02 UTC 2019 /home/travis/build/icyphy/ptII/ptolemy/domains/continuous/test/auto/Thermostat.xml
----------------- Instantiating /home/travis/build/icyphy/ptII/ptolemy/domains/continuous/test/auto/Thermostat.xml
192 ms. Memory: 458752K Free: 371914K (81%)
----------------- Invoking toplevel() on ptolemy.moml.MoMLSimpleApplication@a325e32
----------------- Done invoking toplevel() on ptolemy.moml.MoMLSimpleApplication@a325e32
reloadAllAccessors: .Thermostat

===========================================================================================
----------------- testing Wed Jul 10 17:45:03 UTC 2019 /home/travis/build/icyphy/ptII/ptolemy/domains/continuous/test/auto/TimeDelay.xml
----------------- Instantiating /home/travis/build/icyphy/ptII/ptolemy/domains/continuous/test/auto/TimeDelay.xml
7 ms. Memory: 458752K Free: 367308K (80%)
----------------- Invoking toplevel() on ptolemy.moml.MoMLSimpleApplication@6c8841a6
----------------- Done invoking toplevel() on ptolemy.moml.MoMLSimpleApplication@6c8841a6
reloadAllAccessors: .TimeDelay

===========================================================================================
----------------- testing Wed Jul 10 17:45:03 UTC 2019 /home/travis/build/icyphy/ptII/ptolemy/domains/continuous/test/auto/TimeDelay2.xml
----------------- Instantiating /home/travis/build/icyphy/ptII/ptolemy/domains/continuous/test/auto/TimeDelay2.xml
8 ms. Memory: 458752K Free: 357578K (78%)
----------------- Invoking toplevel() on ptolemy.moml.MoMLSimpleApplication@1bb1de32
----------------- Done invoking toplevel() on ptolemy.moml.MoMLSimpleApplication@1bb1de32
reloadAllAccessors: .TimeDelay2

===========================================================================================
----------------- testing Wed Jul 10 17:45:03 UTC 2019 /home/travis/build/icyphy/ptII/ptolemy/domains/continuous/test/auto/TimeDelay3.xml
----------------- Instantiating /home/travis/build/icyphy/ptII/ptolemy/domains/continuous/test/auto/TimeDelay3.xml
6 ms. Memory: 458752K Free: 352441K (77%)
----------------- Invoking toplevel() on ptolemy.moml.MoMLSimpleApplication@79b71bac
----------------- Done invoking toplevel() on ptolemy.moml.MoMLSimpleApplication@79b71bac
reloadAllAccessors: .TimeDelay3

===========================================================================================
----------------- testing Wed Jul 10 17:45:03 UTC 2019 /home/travis/build/icyphy/ptII/ptolemy/domains/continuous/test/auto/TransferAbsentToInside.xml
----------------- Instantiating /home/travis/build/icyphy/ptII/ptolemy/domains/continuous/test/auto/TransferAbsentToInside.xml
32 ms. Memory: 458752K Free: 299724K (65%)
----------------- Invoking toplevel() on ptolemy.moml.MoMLSimpleApplication@4661cb1a
----------------- Done invoking toplevel() on ptolemy.moml.MoMLSimpleApplication@4661cb1a
reloadAllAccessors: .TransferAbsentToInside

===========================================================================================
----------------- testing Wed Jul 10 17:45:03 UTC 2019 /home/travis/build/icyphy/ptII/ptolemy/domains/continuous/test/auto/Transmission.xml
----------------- Instantiating /home/travis/build/icyphy/ptII/ptolemy/domains/continuous/test/auto/Transmission.xml
830 ms. Memory: 458752K Free: 337092K (73%)
----------------- Invoking toplevel() on ptolemy.moml.MoMLSimpleApplication@73df5056
----------------- Done invoking toplevel() on ptolemy.moml.MoMLSimpleApplication@73df5056
reloadAllAccessors: .Transmission

===========================================================================================
----------------- testing Wed Jul 10 17:45:04 UTC 2019 /home/travis/build/icyphy/ptII/ptolemy/domains/continuous/test/auto/TriggeredContinuousClock.xml
----------------- Instantiating /home/travis/build/icyphy/ptII/ptolemy/domains/continuous/test/auto/TriggeredContinuousClock.xml
55 ms. Memory: 458752K Free: 307381K (67%)
----------------- Invoking toplevel() on ptolemy.moml.MoMLSimpleApplication@179f3467
----------------- Done invoking toplevel() on ptolemy.moml.MoMLSimpleApplication@179f3467
reloadAllAccessors: .TriggeredContinuousClock

===========================================================================================
----------------- testing Wed Jul 10 17:45:04 UTC 2019 /home/travis/build/icyphy/ptII/ptolemy/domains/continuous/test/auto/TwoMachineInfiniteBusControl.xml
----------------- Instantiating /home/travis/build/icyphy/ptII/ptolemy/domains/continuous/test/auto/TwoMachineInfiniteBusControl.xml
3031 ms. Memory: 458752K Free: 272477K (59%)
----------------- Invoking toplevel() on ptolemy.moml.MoMLSimpleApplication@221cbf8c
----------------- Done invoking toplevel() on ptolemy.moml.MoMLSimpleApplication@221cbf8c
reloadAllAccessors: .TwoMachineInfiniteBusControl

===========================================================================================
----------------- testing Wed Jul 10 17:45:07 UTC 2019 /home/travis/build/icyphy/ptII/ptolemy/domains/continuous/test/auto/V2V.xml
----------------- Instantiating /home/travis/build/icyphy/ptII/ptolemy/domains/continuous/test/auto/V2V.xml
851 ms. Memory: 458752K Free: 352351K (77%)
----------------- Invoking toplevel() on ptolemy.moml.MoMLSimpleApplication@68ee0a7b
----------------- Done invoking toplevel() on ptolemy.moml.MoMLSimpleApplication@68ee0a7b
reloadAllAccessors: .V2V

===========================================================================================
----------------- testing Wed Jul 10 17:45:08 UTC 2019 /home/travis/build/icyphy/ptII/ptolemy/domains/continuous/test/auto/hierarchicalModalModel.xml
----------------- Instantiating /home/travis/build/icyphy/ptII/ptolemy/domains/continuous/test/auto/hierarchicalModalModel.xml
9 ms. Memory: 458752K Free: 337487K (74%)
----------------- Invoking toplevel() on ptolemy.moml.MoMLSimpleApplication@6724c330
----------------- Done invoking toplevel() on ptolemy.moml.MoMLSimpleApplication@6724c330
reloadAllAccessors: .hierarchicalModalModel

===========================================================================================
----------------- testing Wed Jul 10 17:45:08 UTC 2019 /home/travis/build/icyphy/ptII/ptolemy/domains/continuous/test/auto/hierarchicalModalModel1.xml
----------------- Instantiating /home/travis/build/icyphy/ptII/ptolemy/domains/continuous/test/auto/hierarchicalModalModel1.xml
9 ms. Memory: 458752K Free: 323165K (70%)
----------------- Invoking toplevel() on ptolemy.moml.MoMLSimpleApplication@7798e091
----------------- Done invoking toplevel() on ptolemy.moml.MoMLSimpleApplication@7798e091
reloadAllAccessors: .hierarchicalModalModel1

===========================================================================================
----------------- testing Wed Jul 10 17:45:08 UTC 2019 /home/travis/build/icyphy/ptII/ptolemy/domains/continuous/test/auto/hierarchicalModalModel2.xml
----------------- Instantiating /home/travis/build/icyphy/ptII/ptolemy/domains/continuous/test/auto/hierarchicalModalModel2.xml
7 ms. Memory: 458752K Free: 310863K (68%)
----------------- Invoking toplevel() on ptolemy.moml.MoMLSimpleApplication@27accf56
----------------- Done invoking toplevel() on ptolemy.moml.MoMLSimpleApplication@27accf56
reloadAllAccessors: .hierarchicalModalModel2

===========================================================================================
----------------- testing Wed Jul 10 17:45:08 UTC 2019 /home/travis/build/icyphy/ptII/ptolemy/domains/continuous/test/auto/hierarchicalModalModel3.xml
----------------- Instantiating /home/travis/build/icyphy/ptII/ptolemy/domains/continuous/test/auto/hierarchicalModalModel3.xml
6 ms. Memory: 458752K Free: 300127K (65%)
----------------- Invoking toplevel() on ptolemy.moml.MoMLSimpleApplication@6a2c038a
----------------- Done invoking toplevel() on ptolemy.moml.MoMLSimpleApplication@6a2c038a
reloadAllAccessors: .hierarchicalModalModel3

===========================================================================================
----------------- testing Wed Jul 10 17:45:08 UTC 2019 /home/travis/build/icyphy/ptII/ptolemy/domains/continuous/test/auto/hierarchicalModalModel4.xml
----------------- Instantiating /home/travis/build/icyphy/ptII/ptolemy/domains/continuous/test/auto/hierarchicalModalModel4.xml
5 ms. Memory: 458752K Free: 288349K (63%)
----------------- Invoking toplevel() on ptolemy.moml.MoMLSimpleApplication@4f7d0867
----------------- Done invoking toplevel() on ptolemy.moml.MoMLSimpleApplication@4f7d0867
reloadAllAccessors: .hierarchicalModalModel4

===========================================================================================
----------------- testing Wed Jul 10 17:45:08 UTC 2019 /home/travis/build/icyphy/ptII/ptolemy/domains/continuous/test/auto/junk.xml
----------------- Instantiating /home/travis/build/icyphy/ptII/ptolemy/domains/continuous/test/auto/junk.xml
148 ms. Memory: 458752K Free: 263773K (57%)
----------------- Invoking toplevel() on ptolemy.moml.MoMLSimpleApplication@478a60b4
----------------- Done invoking toplevel() on ptolemy.moml.MoMLSimpleApplication@478a60b4
reloadAllAccessors: .junk
AutoTests.java: About to close Vertx.
AutoTests.java: Vertx closed.
]]></system-out>
  <system-err><![CDATA[Warning: '.HysteresisWithRandomDelay.NonStrictTest3' The test produced only 29 tokens, yet the correctValues parameter was expecting 30 tokens.
]]></system-err>
</testsuite>
