<?xml version="1.0" encoding="UTF-8" ?>
<testsuite errors="0" failures="0" hostname="travis-job-c6a16830-67f5-461d-8f24-9c9e0eeadd5a" name="ptolemy.domains.modal.test.junit.JUnitTclTest" skipped="0" tests="148" time="9.75" timestamp="2020-08-29T15:36:55">
  <properties>
[...]
</properties>
  <testcase classname="ptolemy.util.test.junit.TclTests" name="[0] /home/travis/build/icyphy/ptII/ptolemy/domains/modal/test/SystemLevelType.tcl (RunTclFile)" time="1.655" />
  <testcase classname="ptolemy.util.test.junit.AutoKnownFailedTests" name="[0] /home/travis/build/icyphy/ptII/ptolemy/domains/modal/test/auto/knownFailedTests/CannotAnalysisWithPreemption.xml (RunModel)" time="0.242" />
  <testcase classname="ptolemy.util.test.junit.AutoNameArchTests" name="[0] ThereAreNoAutoArchTests (RunModel)" time="0.01" />
  <testcase classname="ptolemy.util.test.junit.AutoTests" name="[0] /home/travis/build/icyphy/ptII/ptolemy/domains/modal/test/auto/ABPTest.xml (RunModel)" time="0.769" />
  <testcase classname="ptolemy.util.test.junit.AutoTests" name="[1] /home/travis/build/icyphy/ptII/ptolemy/domains/modal/test/auto/ABROFlat.xml (RunModel)" time="0.108" />
  <testcase classname="ptolemy.util.test.junit.AutoTests" name="[2] /home/travis/build/icyphy/ptII/ptolemy/domains/modal/test/auto/ABROFlat2.xml (RunModel)" time="0.072" />
  <testcase classname="ptolemy.util.test.junit.AutoTests" name="[3] /home/travis/build/icyphy/ptII/ptolemy/domains/modal/test/auto/ABRO_present_hmm.xml (RunModel)" time="0.112" />
  <testcase classname="ptolemy.util.test.junit.AutoTests" name="[4] /home/travis/build/icyphy/ptII/ptolemy/domains/modal/test/auto/AMICoderExample.xml (RunModel)" time="0.08" />
  <testcase classname="ptolemy.util.test.junit.AutoTests" name="[5] /home/travis/build/icyphy/ptII/ptolemy/domains/modal/test/auto/AbsentToPresent.xml (RunModel)" time="0.02" />
  <testcase classname="ptolemy.util.test.junit.AutoTests" name="[6] /home/travis/build/icyphy/ptII/ptolemy/domains/modal/test/auto/Blending.xml (RunModel)" time="0.286" />
  <testcase classname="ptolemy.util.test.junit.AutoTests" name="[7] /home/travis/build/icyphy/ptII/ptolemy/domains/modal/test/auto/Broadcast.xml (RunModel)" time="0.029" />
  <testcase classname="ptolemy.util.test.junit.AutoTests" name="[8] /home/travis/build/icyphy/ptII/ptolemy/domains/modal/test/auto/BroadcastHierarchy.xml (RunModel)" time="0.039" />
  <testcase classname="ptolemy.util.test.junit.AutoTests" name="[9] /home/travis/build/icyphy/ptII/ptolemy/domains/modal/test/auto/BroadcastHierarchy2.xml (RunModel)" time="0.077" />
  <testcase classname="ptolemy.util.test.junit.AutoTests" name="[10] /home/travis/build/icyphy/ptII/ptolemy/domains/modal/test/auto/BroadcastHierarchy3.xml (RunModel)" time="0.092" />
  <testcase classname="ptolemy.util.test.junit.AutoTests" name="[11] /home/travis/build/icyphy/ptII/ptolemy/domains/modal/test/auto/BroadcastHierarchy4.xml (RunModel)" time="0.07" />
  <testcase classname="ptolemy.util.test.junit.AutoTests" name="[12] /home/travis/build/icyphy/ptII/ptolemy/domains/modal/test/auto/CannotAnalysisWithPreemption2.xml (RunModel)" time="0.021" />
  <testcase classname="ptolemy.util.test.junit.AutoTests" name="[13] /home/travis/build/icyphy/ptII/ptolemy/domains/modal/test/auto/CannotAnalysisWithPreemption3.xml (RunModel)" time="0.032" />
  <testcase classname="ptolemy.util.test.junit.AutoTests" name="[14] /home/travis/build/icyphy/ptII/ptolemy/domains/modal/test/auto/CannotProduce.xml (RunModel)" time="0.019" />
  <testcase classname="ptolemy.util.test.junit.AutoTests" name="[15] /home/travis/build/icyphy/ptII/ptolemy/domains/modal/test/auto/CannotProduceModal.xml (RunModel)" time="0.021" />
  <testcase classname="ptolemy.util.test.junit.AutoTests" name="[16] /home/travis/build/icyphy/ptII/ptolemy/domains/modal/test/auto/Case.xml (RunModel)" time="0.07" />
  <testcase classname="ptolemy.util.test.junit.AutoTests" name="[17] /home/travis/build/icyphy/ptII/ptolemy/domains/modal/test/auto/Case1.xml (RunModel)" time="0.034" />
  <testcase classname="ptolemy.util.test.junit.AutoTests" name="[18] /home/travis/build/icyphy/ptII/ptolemy/domains/modal/test/auto/Case2.xml (RunModel)" time="0.057" />
  <testcase classname="ptolemy.util.test.junit.AutoTests" name="[19] /home/travis/build/icyphy/ptII/ptolemy/domains/modal/test/auto/CausalityInterface1.xml (RunModel)" time="0.034" />
  <testcase classname="ptolemy.util.test.junit.AutoTests" name="[20] /home/travis/build/icyphy/ptII/ptolemy/domains/modal/test/auto/CausalityInterface10.xml (RunModel)" time="0.07" />
  <testcase classname="ptolemy.util.test.junit.AutoTests" name="[21] /home/travis/build/icyphy/ptII/ptolemy/domains/modal/test/auto/CausalityInterface11.xml (RunModel)" time="0.061" />
  <testcase classname="ptolemy.util.test.junit.AutoTests" name="[22] /home/travis/build/icyphy/ptII/ptolemy/domains/modal/test/auto/CausalityInterface12.xml (RunModel)" time="0.056" />
  <testcase classname="ptolemy.util.test.junit.AutoTests" name="[23] /home/travis/build/icyphy/ptII/ptolemy/domains/modal/test/auto/CausalityInterface13.xml (RunModel)" time="0.049" />
  <testcase classname="ptolemy.util.test.junit.AutoTests" name="[24] /home/travis/build/icyphy/ptII/ptolemy/domains/modal/test/auto/CausalityInterface14.xml (RunModel)" time="0.035" />
  <testcase classname="ptolemy.util.test.junit.AutoTests" name="[25] /home/travis/build/icyphy/ptII/ptolemy/domains/modal/test/auto/CausalityInterface2.xml (RunModel)" time="0.028" />
  <testcase classname="ptolemy.util.test.junit.AutoTests" name="[26] /home/travis/build/icyphy/ptII/ptolemy/domains/modal/test/auto/CausalityInterface3.xml (RunModel)" time="0.022" />
  <testcase classname="ptolemy.util.test.junit.AutoTests" name="[27] /home/travis/build/icyphy/ptII/ptolemy/domains/modal/test/auto/CausalityInterface4.xml (RunModel)" time="0.022" />
  <testcase classname="ptolemy.util.test.junit.AutoTests" name="[28] /home/travis/build/icyphy/ptII/ptolemy/domains/modal/test/auto/CausalityInterface5.xml (RunModel)" time="0.025" />
  <testcase classname="ptolemy.util.test.junit.AutoTests" name="[29] /home/travis/build/icyphy/ptII/ptolemy/domains/modal/test/auto/CausalityInterface6.xml (RunModel)" time="0.029" />
  <testcase classname="ptolemy.util.test.junit.AutoTests" name="[30] /home/travis/build/icyphy/ptII/ptolemy/domains/modal/test/auto/CausalityInterface7.xml (RunModel)" time="0.057" />
  <testcase classname="ptolemy.util.test.junit.AutoTests" name="[31] /home/travis/build/icyphy/ptII/ptolemy/domains/modal/test/auto/CausalityInterface8.xml (RunModel)" time="0.034" />
  <testcase classname="ptolemy.util.test.junit.AutoTests" name="[32] /home/travis/build/icyphy/ptII/ptolemy/domains/modal/test/auto/CausalityInterface9.xml (RunModel)" time="0.035" />
  <testcase classname="ptolemy.util.test.junit.AutoTests" name="[33] /home/travis/build/icyphy/ptII/ptolemy/domains/modal/test/auto/ChainedTransitions.xml (RunModel)" time="0.156" />
  <testcase classname="ptolemy.util.test.junit.AutoTests" name="[34] /home/travis/build/icyphy/ptII/ptolemy/domains/modal/test/auto/CycleOfImmediateTransitionsFSM.xml (RunModel)" time="0.018" />
  <testcase classname="ptolemy.util.test.junit.AutoTests" name="[35] /home/travis/build/icyphy/ptII/ptolemy/domains/modal/test/auto/CycleOfImmediateTransitionsModal.xml (RunModel)" time="0.027" />
  <testcase classname="ptolemy.util.test.junit.AutoTests" name="[36] /home/travis/build/icyphy/ptII/ptolemy/domains/modal/test/auto/CycleOfImmediateTransitionsModal2.xml (RunModel)" time="0.032" />
  <testcase classname="ptolemy.util.test.junit.AutoTests" name="[37] /home/travis/build/icyphy/ptII/ptolemy/domains/modal/test/auto/CycleOfImmediateTransitionsModal3.xml (RunModel)" time="0.076" />
  <testcase classname="ptolemy.util.test.junit.AutoTests" name="[38] /home/travis/build/icyphy/ptII/ptolemy/domains/modal/test/auto/DeepModal1.xml (RunModel)" time="0.043" />
  <testcase classname="ptolemy.util.test.junit.AutoTests" name="[39] /home/travis/build/icyphy/ptII/ptolemy/domains/modal/test/auto/DeepModal2.xml (RunModel)" time="0.054" />
  <testcase classname="ptolemy.util.test.junit.AutoTests" name="[40] /home/travis/build/icyphy/ptII/ptolemy/domains/modal/test/auto/DeepModal3.xml (RunModel)" time="0.069" />
  <testcase classname="ptolemy.util.test.junit.AutoTests" name="[41] /home/travis/build/icyphy/ptII/ptolemy/domains/modal/test/auto/DeepModal4.xml (RunModel)" time="0.065" />
  <testcase classname="ptolemy.util.test.junit.AutoTests" name="[42] /home/travis/build/icyphy/ptII/ptolemy/domains/modal/test/auto/Default1.xml (RunModel)" time="0.027" />
  <testcase classname="ptolemy.util.test.junit.AutoTests" name="[43] /home/travis/build/icyphy/ptII/ptolemy/domains/modal/test/auto/Default2.xml (RunModel)" time="0.019" />
  <testcase classname="ptolemy.util.test.junit.AutoTests" name="[44] /home/travis/build/icyphy/ptII/ptolemy/domains/modal/test/auto/Default3.xml (RunModel)" time="0.019" />
  <testcase classname="ptolemy.util.test.junit.AutoTests" name="[45] /home/travis/build/icyphy/ptII/ptolemy/domains/modal/test/auto/Default4.xml (RunModel)" time="0.019" />
  <testcase classname="ptolemy.util.test.junit.AutoTests" name="[46] /home/travis/build/icyphy/ptII/ptolemy/domains/modal/test/auto/Default5.xml (RunModel)" time="0.035" />
  <testcase classname="ptolemy.util.test.junit.AutoTests" name="[47] /home/travis/build/icyphy/ptII/ptolemy/domains/modal/test/auto/EmptyGuard.xml (RunModel)" time="0.024" />
  <testcase classname="ptolemy.util.test.junit.AutoTests" name="[48] /home/travis/build/icyphy/ptII/ptolemy/domains/modal/test/auto/ErrorTransition1.xml (RunModel)" time="0.032" />
  <testcase classname="ptolemy.util.test.junit.AutoTests" name="[49] /home/travis/build/icyphy/ptII/ptolemy/domains/modal/test/auto/ErrorTransition10.xml (RunModel)" time="0.039" />
  <testcase classname="ptolemy.util.test.junit.AutoTests" name="[50] /home/travis/build/icyphy/ptII/ptolemy/domains/modal/test/auto/ErrorTransition11.xml (RunModel)" time="0.028" />
  <testcase classname="ptolemy.util.test.junit.AutoTests" name="[51] /home/travis/build/icyphy/ptII/ptolemy/domains/modal/test/auto/ErrorTransition2.xml (RunModel)" time="0.024" />
  <testcase classname="ptolemy.util.test.junit.AutoTests" name="[52] /home/travis/build/icyphy/ptII/ptolemy/domains/modal/test/auto/ErrorTransition3.xml (RunModel)" time="0.048" />
  <testcase classname="ptolemy.util.test.junit.AutoTests" name="[53] /home/travis/build/icyphy/ptII/ptolemy/domains/modal/test/auto/ErrorTransition4.xml (RunModel)" time="0.037" />
  <testcase classname="ptolemy.util.test.junit.AutoTests" name="[54] /home/travis/build/icyphy/ptII/ptolemy/domains/modal/test/auto/ErrorTransition5.xml (RunModel)" time="0.026" />
  <testcase classname="ptolemy.util.test.junit.AutoTests" name="[55] /home/travis/build/icyphy/ptII/ptolemy/domains/modal/test/auto/ErrorTransition6.xml (RunModel)" time="0.026" />
  <testcase classname="ptolemy.util.test.junit.AutoTests" name="[56] /home/travis/build/icyphy/ptII/ptolemy/domains/modal/test/auto/ErrorTransition7.xml (RunModel)" time="0.043" />
  <testcase classname="ptolemy.util.test.junit.AutoTests" name="[57] /home/travis/build/icyphy/ptII/ptolemy/domains/modal/test/auto/ErrorTransition8.xml (RunModel)" time="0.054" />
  <testcase classname="ptolemy.util.test.junit.AutoTests" name="[58] /home/travis/build/icyphy/ptII/ptolemy/domains/modal/test/auto/ErrorTransition9.xml (RunModel)" time="0.042" />
  <testcase classname="ptolemy.util.test.junit.AutoTests" name="[59] /home/travis/build/icyphy/ptII/ptolemy/domains/modal/test/auto/ExtendedFSM.xml (RunModel)" time="0.025" />
  <testcase classname="ptolemy.util.test.junit.AutoTests" name="[60] /home/travis/build/icyphy/ptII/ptolemy/domains/modal/test/auto/FinalStates.xml (RunModel)" time="0.023" />
  <testcase classname="ptolemy.util.test.junit.AutoTests" name="[61] /home/travis/build/icyphy/ptII/ptolemy/domains/modal/test/auto/FixedPointFSM.xml (RunModel)" time="0.04" />
  <testcase classname="ptolemy.util.test.junit.AutoTests" name="[62] /home/travis/build/icyphy/ptII/ptolemy/domains/modal/test/auto/FixedPointIterationFSMActor.xml (RunModel)" time="0.024" />
  <testcase classname="ptolemy.util.test.junit.AutoTests" name="[63] /home/travis/build/icyphy/ptII/ptolemy/domains/modal/test/auto/FixedPointIterationFSMActor2.xml (RunModel)" time="0.048" />
  <testcase classname="ptolemy.util.test.junit.AutoTests" name="[64] /home/travis/build/icyphy/ptII/ptolemy/domains/modal/test/auto/ForbiddenInstantanousLoop.xml (RunModel)" time="0.04" />
  <testcase classname="ptolemy.util.test.junit.AutoTests" name="[65] /home/travis/build/icyphy/ptII/ptolemy/domains/modal/test/auto/FunctionDependencyOfFSMActorTest.xml (RunModel)" time="0.032" />
  <testcase classname="ptolemy.util.test.junit.AutoTests" name="[66] /home/travis/build/icyphy/ptII/ptolemy/domains/modal/test/auto/GuardExpression.xml (RunModel)" time="0.015" />
  <testcase classname="ptolemy.util.test.junit.AutoTests" name="[67] /home/travis/build/icyphy/ptII/ptolemy/domains/modal/test/auto/GuardNotEvaluated.xml (RunModel)" time="0.03" />
  <testcase classname="ptolemy.util.test.junit.AutoTests" name="[68] /home/travis/build/icyphy/ptII/ptolemy/domains/modal/test/auto/GuardNotEvaluated2.xml (RunModel)" time="0.026" />
  <testcase classname="ptolemy.util.test.junit.AutoTests" name="[69] /home/travis/build/icyphy/ptII/ptolemy/domains/modal/test/auto/GuardOnAbsent.xml (RunModel)" time="0.022" />
  <testcase classname="ptolemy.util.test.junit.AutoTests" name="[70] /home/travis/build/icyphy/ptII/ptolemy/domains/modal/test/auto/HierarchicalFSMTypeInference.xml (RunModel)" time="0.025" />
  <testcase classname="ptolemy.util.test.junit.AutoTests" name="[71] /home/travis/build/icyphy/ptII/ptolemy/domains/modal/test/auto/Hysteresis.xml (RunModel)" time="0.04" />
  <testcase classname="ptolemy.util.test.junit.AutoTests" name="[72] /home/travis/build/icyphy/ptII/ptolemy/domains/modal/test/auto/HysteresisWithDefault.xml (RunModel)" time="0.073" />
  <testcase classname="ptolemy.util.test.junit.AutoTests" name="[73] /home/travis/build/icyphy/ptII/ptolemy/domains/modal/test/auto/HysteresisWithDefault2.xml (RunModel)" time="0.076" />
  <testcase classname="ptolemy.util.test.junit.AutoTests" name="[74] /home/travis/build/icyphy/ptII/ptolemy/domains/modal/test/auto/ImmediateNonConstructiveness.xml (RunModel)" time="0.029" />
  <testcase classname="ptolemy.util.test.junit.AutoTests" name="[75] /home/travis/build/icyphy/ptII/ptolemy/domains/modal/test/auto/ImmediateNonConstructiveness2.xml (RunModel)" time="0.016" />
  <testcase classname="ptolemy.util.test.junit.AutoTests" name="[76] /home/travis/build/icyphy/ptII/ptolemy/domains/modal/test/auto/ImmediateTransitionReset.xml (RunModel)" time="0.053" />
  <testcase classname="ptolemy.util.test.junit.AutoTests" name="[77] /home/travis/build/icyphy/ptII/ptolemy/domains/modal/test/auto/ImmediateTransitions1.xml (RunModel)" time="0.011" />
  <testcase classname="ptolemy.util.test.junit.AutoTests" name="[78] /home/travis/build/icyphy/ptII/ptolemy/domains/modal/test/auto/ImmediateTransitionsInstantaneousCommunication.xml (RunModel)" time="0.031" />
  <testcase classname="ptolemy.util.test.junit.AutoTests" name="[79] /home/travis/build/icyphy/ptII/ptolemy/domains/modal/test/auto/InitialImmediateTransition.xml (RunModel)" time="0.018" />
  <testcase classname="ptolemy.util.test.junit.AutoTests" name="[80] /home/travis/build/icyphy/ptII/ptolemy/domains/modal/test/auto/InitialOutputs.xml (RunModel)" time="0.015" />
  <testcase classname="ptolemy.util.test.junit.AutoTests" name="[81] /home/travis/build/icyphy/ptII/ptolemy/domains/modal/test/auto/InitialStateTransition1.xml (RunModel)" time="0.017" />
  <testcase classname="ptolemy.util.test.junit.AutoTests" name="[82] /home/travis/build/icyphy/ptII/ptolemy/domains/modal/test/auto/InitialStateTransition2.xml (RunModel)" time="0.02" />
  <testcase classname="ptolemy.util.test.junit.AutoTests" name="[83] /home/travis/build/icyphy/ptII/ptolemy/domains/modal/test/auto/InitialStateTransition3.xml (RunModel)" time="0.023" />
  <testcase classname="ptolemy.util.test.junit.AutoTests" name="[84] /home/travis/build/icyphy/ptII/ptolemy/domains/modal/test/auto/InitialStateTransition4.xml (RunModel)" time="0.024" />
  <testcase classname="ptolemy.util.test.junit.AutoTests" name="[85] /home/travis/build/icyphy/ptII/ptolemy/domains/modal/test/auto/MalformedGuardExpressionNotCaught.xml (RunModel)" time="0.024" />
  <testcase classname="ptolemy.util.test.junit.AutoTests" name="[86] /home/travis/build/icyphy/ptII/ptolemy/domains/modal/test/auto/ModalBSC.xml (RunModel)" time="0.093" />
  <testcase classname="ptolemy.util.test.junit.AutoTests" name="[87] /home/travis/build/icyphy/ptII/ptolemy/domains/modal/test/auto/ModalClocks.xml (RunModel)" time="0.061" />
  <testcase classname="ptolemy.util.test.junit.AutoTests" name="[88] /home/travis/build/icyphy/ptII/ptolemy/domains/modal/test/auto/ModalDelay.xml (RunModel)" time="0.035" />
  <testcase classname="ptolemy.util.test.junit.AutoTests" name="[89] /home/travis/build/icyphy/ptII/ptolemy/domains/modal/test/auto/ModalDelay2.xml (RunModel)" time="0.059" />
  <testcase classname="ptolemy.util.test.junit.AutoTests" name="[90] /home/travis/build/icyphy/ptII/ptolemy/domains/modal/test/auto/ModalModelFromMemo.xml (RunModel)" time="0.053" />
  <testcase classname="ptolemy.util.test.junit.AutoTests" name="[91] /home/travis/build/icyphy/ptII/ptolemy/domains/modal/test/auto/ModalModelWithMultirateTransient.xml (RunModel)" time="0.048" />
  <testcase classname="ptolemy.util.test.junit.AutoTests" name="[92] /home/travis/build/icyphy/ptII/ptolemy/domains/modal/test/auto/ModalModelWithReset.xml (RunModel)" time="0.045" />
  <testcase classname="ptolemy.util.test.junit.AutoTests" name="[93] /home/travis/build/icyphy/ptII/ptolemy/domains/modal/test/auto/MouseClickFSM.xml (RunModel)" time="0.038" />
  <testcase classname="ptolemy.util.test.junit.AutoTests" name="[94] /home/travis/build/icyphy/ptII/ptolemy/domains/modal/test/auto/MouseClickFSMModal.xml (RunModel)" time="0.028" />
  <testcase classname="ptolemy.util.test.junit.AutoTests" name="[95] /home/travis/build/icyphy/ptII/ptolemy/domains/modal/test/auto/NonStrictFSM_FeedbackLoop.xml (RunModel)" time="0.038" />
  <testcase classname="ptolemy.util.test.junit.AutoTests" name="[96] /home/travis/build/icyphy/ptII/ptolemy/domains/modal/test/auto/NonStrictFSM_FeedbackLoop_Refinement.xml (RunModel)" time="0.056" />
  <testcase classname="ptolemy.util.test.junit.AutoTests" name="[97] /home/travis/build/icyphy/ptII/ptolemy/domains/modal/test/auto/NonStrictFSM_FeedbackLoop_preemptive.xml (RunModel)" time="0.049" />
  <testcase classname="ptolemy.util.test.junit.AutoTests" name="[98] /home/travis/build/icyphy/ptII/ptolemy/domains/modal/test/auto/NormalTermination.xml (RunModel)" time="0.042" />
  <testcase classname="ptolemy.util.test.junit.AutoTests" name="[99] /home/travis/build/icyphy/ptII/ptolemy/domains/modal/test/auto/Pong.xml (RunModel)" time="0.091" />
  <testcase classname="ptolemy.util.test.junit.AutoTests" name="[100] /home/travis/build/icyphy/ptII/ptolemy/domains/modal/test/auto/Pong_test.xml (RunModel)" time="0.097" />
  <testcase classname="ptolemy.util.test.junit.AutoTests" name="[101] /home/travis/build/icyphy/ptII/ptolemy/domains/modal/test/auto/PreemptionHierarchy.xml (RunModel)" time="0.022" />
  <testcase classname="ptolemy.util.test.junit.AutoTests" name="[102] /home/travis/build/icyphy/ptII/ptolemy/domains/modal/test/auto/PreemptionHierarchy2.xml (RunModel)" time="0.026" />
  <testcase classname="ptolemy.util.test.junit.AutoTests" name="[103] /home/travis/build/icyphy/ptII/ptolemy/domains/modal/test/auto/PreemptiveTransition.xml (RunModel)" time="0.021" />
  <testcase classname="ptolemy.util.test.junit.AutoTests" name="[104] /home/travis/build/icyphy/ptII/ptolemy/domains/modal/test/auto/Priorities.xml (RunModel)" time="0.071" />
  <testcase classname="ptolemy.util.test.junit.AutoTests" name="[105] /home/travis/build/icyphy/ptII/ptolemy/domains/modal/test/auto/ResetFinal.xml (RunModel)" time="0.044" />
  <testcase classname="ptolemy.util.test.junit.AutoTests" name="[106] /home/travis/build/icyphy/ptII/ptolemy/domains/modal/test/auto/ResetFinal2.xml (RunModel)" time="0.026" />
  <testcase classname="ptolemy.util.test.junit.AutoTests" name="[107] /home/travis/build/icyphy/ptII/ptolemy/domains/modal/test/auto/ResetTransitionWithStartTime.xml (RunModel)" time="0.025" />
  <testcase classname="ptolemy.util.test.junit.AutoTests" name="[108] /home/travis/build/icyphy/ptII/ptolemy/domains/modal/test/auto/SDF-FSMComposite.xml (RunModel)" time="0.026" />
  <testcase classname="ptolemy.util.test.junit.AutoTests" name="[109] /home/travis/build/icyphy/ptII/ptolemy/domains/modal/test/auto/SeeminglyNondeterminate.xml (RunModel)" time="0.079" />
  <testcase classname="ptolemy.util.test.junit.AutoTests" name="[110] /home/travis/build/icyphy/ptII/ptolemy/domains/modal/test/auto/SeeminglyNondeterminate2.xml (RunModel)" time="0.081" />
  <testcase classname="ptolemy.util.test.junit.AutoTests" name="[111] /home/travis/build/icyphy/ptII/ptolemy/domains/modal/test/auto/SpontaneousFSM.xml (RunModel)" time="0.044" />
  <testcase classname="ptolemy.util.test.junit.AutoTests" name="[112] /home/travis/build/icyphy/ptII/ptolemy/domains/modal/test/auto/SpontaneousFSM2.xml (RunModel)" time="0.042" />
  <testcase classname="ptolemy.util.test.junit.AutoTests" name="[113] /home/travis/build/icyphy/ptII/ptolemy/domains/modal/test/auto/SpontaneousFSM3.xml (RunModel)" time="0.047" />
  <testcase classname="ptolemy.util.test.junit.AutoTests" name="[114] /home/travis/build/icyphy/ptII/ptolemy/domains/modal/test/auto/SpontaneousFSM4.xml (RunModel)" time="0.042" />
  <testcase classname="ptolemy.util.test.junit.AutoTests" name="[115] /home/travis/build/icyphy/ptII/ptolemy/domains/modal/test/auto/StateTrackerTest.xml (RunModel)" time="0.045" />
  <testcase classname="ptolemy.util.test.junit.AutoTests" name="[116] /home/travis/build/icyphy/ptII/ptolemy/domains/modal/test/auto/StrongImmediateTransition.xml (RunModel)" time="0.02" />
  <testcase classname="ptolemy.util.test.junit.AutoTests" name="[117] /home/travis/build/icyphy/ptII/ptolemy/domains/modal/test/auto/SustainHierarchy.xml (RunModel)" time="0.029" />
  <testcase classname="ptolemy.util.test.junit.AutoTests" name="[118] /home/travis/build/icyphy/ptII/ptolemy/domains/modal/test/auto/TerminationTransition1.xml (RunModel)" time="0.016" />
  <testcase classname="ptolemy.util.test.junit.AutoTests" name="[119] /home/travis/build/icyphy/ptII/ptolemy/domains/modal/test/auto/TerminationTransition2.xml (RunModel)" time="0.024" />
  <testcase classname="ptolemy.util.test.junit.AutoTests" name="[120] /home/travis/build/icyphy/ptII/ptolemy/domains/modal/test/auto/TerminationTransition3.xml (RunModel)" time="0.029" />
  <testcase classname="ptolemy.util.test.junit.AutoTests" name="[121] /home/travis/build/icyphy/ptII/ptolemy/domains/modal/test/auto/TerminationTransition4.xml (RunModel)" time="0.035" />
  <testcase classname="ptolemy.util.test.junit.AutoTests" name="[122] /home/travis/build/icyphy/ptII/ptolemy/domains/modal/test/auto/TerminationTransition5.xml (RunModel)" time="0.028" />
  <testcase classname="ptolemy.util.test.junit.AutoTests" name="[123] /home/travis/build/icyphy/ptII/ptolemy/domains/modal/test/auto/TerminationTransition6.xml (RunModel)" time="0.017" />
  <testcase classname="ptolemy.util.test.junit.AutoTests" name="[124] /home/travis/build/icyphy/ptII/ptolemy/domains/modal/test/auto/TerminationTransition7.xml (RunModel)" time="0.019" />
  <testcase classname="ptolemy.util.test.junit.AutoTests" name="[125] /home/travis/build/icyphy/ptII/ptolemy/domains/modal/test/auto/TerminationTransition8.xml (RunModel)" time="0.02" />
  <testcase classname="ptolemy.util.test.junit.AutoTests" name="[126] /home/travis/build/icyphy/ptII/ptolemy/domains/modal/test/auto/Thermostat_NoHysteresis.xml (RunModel)" time="0.056" />
  <testcase classname="ptolemy.util.test.junit.AutoTests" name="[127] /home/travis/build/icyphy/ptII/ptolemy/domains/modal/test/auto/TimedFSM.xml (RunModel)" time="0.025" />
  <testcase classname="ptolemy.util.test.junit.AutoTests" name="[128] /home/travis/build/icyphy/ptII/ptolemy/domains/modal/test/auto/Timeout1.xml (RunModel)" time="0.01" />
  <testcase classname="ptolemy.util.test.junit.AutoTests" name="[129] /home/travis/build/icyphy/ptII/ptolemy/domains/modal/test/auto/Timeout2.xml (RunModel)" time="0.02" />
  <testcase classname="ptolemy.util.test.junit.AutoTests" name="[130] /home/travis/build/icyphy/ptII/ptolemy/domains/modal/test/auto/Timeout3.xml (RunModel)" time="0.01" />
  <testcase classname="ptolemy.util.test.junit.AutoTests" name="[131] /home/travis/build/icyphy/ptII/ptolemy/domains/modal/test/auto/Timeout4.xml (RunModel)" time="0.009" />
  <testcase classname="ptolemy.util.test.junit.AutoTests" name="[132] /home/travis/build/icyphy/ptII/ptolemy/domains/modal/test/auto/TransientstateModelAdvanced.xml (RunModel)" time="0.022" />
  <testcase classname="ptolemy.util.test.junit.AutoTests" name="[133] /home/travis/build/icyphy/ptII/ptolemy/domains/modal/test/auto/TransientstateModelAdvanced2.xml (RunModel)" time="0.026" />
  <testcase classname="ptolemy.util.test.junit.AutoTests" name="[134] /home/travis/build/icyphy/ptII/ptolemy/domains/modal/test/auto/TransitionRefinements.xml (RunModel)" time="0.023" />
  <testcase classname="ptolemy.util.test.junit.AutoTests" name="[135] /home/travis/build/icyphy/ptII/ptolemy/domains/modal/test/auto/TwoRefinements1.xml (RunModel)" time="0.023" />
  <testcase classname="ptolemy.util.test.junit.AutoTests" name="[136] /home/travis/build/icyphy/ptII/ptolemy/domains/modal/test/auto/TwoRefinements2.xml (RunModel)" time="0.021" />
  <testcase classname="ptolemy.util.test.junit.AutoTests" name="[137] /home/travis/build/icyphy/ptII/ptolemy/domains/modal/test/auto/WeakImmediateTransition.xml (RunModel)" time="0.026" />
  <testcase classname="ptolemy.util.test.junit.AutoTests" name="[138] /home/travis/build/icyphy/ptII/ptolemy/domains/modal/test/auto/booleanSelect.xml (RunModel)" time="0.081" />
  <testcase classname="ptolemy.util.test.junit.AutoTests" name="[139] /home/travis/build/icyphy/ptII/ptolemy/domains/modal/test/auto/modalChangingParams.xml (RunModel)" time="0.282" />
  <testcase classname="ptolemy.util.test.junit.AutoTests" name="[140] /home/travis/build/icyphy/ptII/ptolemy/domains/modal/test/auto/modalModel.xml (RunModel)" time="0.019" />
  <testcase classname="ptolemy.util.test.junit.AutoTests" name="[141] /home/travis/build/icyphy/ptII/ptolemy/domains/modal/test/auto/modalModel2.xml (RunModel)" time="0.025" />
  <testcase classname="ptolemy.util.test.junit.AutoTests" name="[142] /home/travis/build/icyphy/ptII/ptolemy/domains/modal/test/auto/modalModel3.xml (RunModel)" time="0.036" />
  <testcase classname="ptolemy.util.test.junit.AutoTests" name="[143] /home/travis/build/icyphy/ptII/ptolemy/domains/modal/test/auto/model1.xml (RunModel)" time="0.018" />
  <testcase classname="ptolemy.util.test.junit.AutoTests" name="[144] /home/travis/build/icyphy/ptII/ptolemy/domains/modal/test/auto/test-direct-in-out.xml (RunModel)" time="0.019" />
  <system-out><![CDATA[/home/travis/build/icyphy/ptII/ptolemy/domains/modal/test/SystemLevelType.tcl
testDefs.tcl: setting time out to 9000 seconds at Sat Aug 29 15:36:55 UTC 2020
08/29/20 03:36:56
Failed: 0  Total Tests: 1  ((Passed: 1, Newly Passed: 0)  Known Failed: 0) /home/travis/build/icyphy/ptII/ptolemy/domains/modal/test
----------------- testing (KnownFailure) /home/travis/build/icyphy/ptII/ptolemy/domains/modal/test/auto/knownFailedTests/CannotAnalysisWithPreemption.xml
93 ms. Memory: 129024K Free: 81067K (63%)
Known Failure: java.lang.reflect.InvocationTargetException
No auto/linux-amd64/*.xml tests in /home/travis/build/icyphy/ptII/ptolemy/domains/modal/test
AutoTests.java: About to close Vertx.
AutoTests.java: Vertx closed.

===========================================================================================
----------------- testing Sat Aug 29 15:36:57 UTC 2020 /home/travis/build/icyphy/ptII/ptolemy/domains/modal/test/auto/ABPTest.xml
----------------- Instantiating /home/travis/build/icyphy/ptII/ptolemy/domains/modal/test/auto/ABPTest.xml
401 ms. Memory: 172032K Free: 135850K (79%)
----------------- Invoking toplevel() on ptolemy.moml.MoMLSimpleApplication@5e253059
----------------- Done invoking toplevel() on ptolemy.moml.MoMLSimpleApplication@5e253059
reloadAllAccessors: .ABPTest

===========================================================================================
----------------- testing Sat Aug 29 15:36:58 UTC 2020 /home/travis/build/icyphy/ptII/ptolemy/domains/modal/test/auto/ABROFlat.xml
----------------- Instantiating /home/travis/build/icyphy/ptII/ptolemy/domains/modal/test/auto/ABROFlat.xml
22 ms. Memory: 172032K Free: 119976K (70%)
----------------- Invoking toplevel() on ptolemy.moml.MoMLSimpleApplication@421afcfd
----------------- Done invoking toplevel() on ptolemy.moml.MoMLSimpleApplication@421afcfd
reloadAllAccessors: .ABROFlat

===========================================================================================
----------------- testing Sat Aug 29 15:36:58 UTC 2020 /home/travis/build/icyphy/ptII/ptolemy/domains/modal/test/auto/ABROFlat2.xml
----------------- Instantiating /home/travis/build/icyphy/ptII/ptolemy/domains/modal/test/auto/ABROFlat2.xml
19 ms. Memory: 172032K Free: 103586K (60%)
----------------- Invoking toplevel() on ptolemy.moml.MoMLSimpleApplication@5c368cf5
----------------- Done invoking toplevel() on ptolemy.moml.MoMLSimpleApplication@5c368cf5
reloadAllAccessors: .ABROFlat2

===========================================================================================
----------------- testing Sat Aug 29 15:36:58 UTC 2020 /home/travis/build/icyphy/ptII/ptolemy/domains/modal/test/auto/ABRO_present_hmm.xml
----------------- Instantiating /home/travis/build/icyphy/ptII/ptolemy/domains/modal/test/auto/ABRO_present_hmm.xml
29 ms. Memory: 172032K Free: 76954K (45%)
----------------- Invoking toplevel() on ptolemy.moml.MoMLSimpleApplication@7d983e0d
----------------- Done invoking toplevel() on ptolemy.moml.MoMLSimpleApplication@7d983e0d
reloadAllAccessors: .ABRO_present_hmm

===========================================================================================
----------------- testing Sat Aug 29 15:36:58 UTC 2020 /home/travis/build/icyphy/ptII/ptolemy/domains/modal/test/auto/AMICoderExample.xml
----------------- Instantiating /home/travis/build/icyphy/ptII/ptolemy/domains/modal/test/auto/AMICoderExample.xml
42 ms. Memory: 172032K Free: 66722K (39%)
----------------- Invoking toplevel() on ptolemy.moml.MoMLSimpleApplication@7fab3256
----------------- Done invoking toplevel() on ptolemy.moml.MoMLSimpleApplication@7fab3256
reloadAllAccessors: .AMICoderExample

===========================================================================================
----------------- testing Sat Aug 29 15:36:58 UTC 2020 /home/travis/build/icyphy/ptII/ptolemy/domains/modal/test/auto/AbsentToPresent.xml
----------------- Instantiating /home/travis/build/icyphy/ptII/ptolemy/domains/modal/test/auto/AbsentToPresent.xml
3 ms. Memory: 172032K Free: 62618K (36%)
----------------- Invoking toplevel() on ptolemy.moml.MoMLSimpleApplication@5c38265
----------------- Done invoking toplevel() on ptolemy.moml.MoMLSimpleApplication@5c38265
reloadAllAccessors: .AbsentToPresent

===========================================================================================
----------------- testing Sat Aug 29 15:36:58 UTC 2020 /home/travis/build/icyphy/ptII/ptolemy/domains/modal/test/auto/Blending.xml
----------------- Instantiating /home/travis/build/icyphy/ptII/ptolemy/domains/modal/test/auto/Blending.xml
162 ms. Memory: 172032K Free: 113754K (66%)
----------------- Invoking toplevel() on ptolemy.moml.MoMLSimpleApplication@545aecf5
----------------- Done invoking toplevel() on ptolemy.moml.MoMLSimpleApplication@545aecf5
reloadAllAccessors: .Blending

===========================================================================================
----------------- testing Sat Aug 29 15:36:58 UTC 2020 /home/travis/build/icyphy/ptII/ptolemy/domains/modal/test/auto/Broadcast.xml
----------------- Instantiating /home/travis/build/icyphy/ptII/ptolemy/domains/modal/test/auto/Broadcast.xml
5 ms. Memory: 172032K Free: 103522K (60%)
----------------- Invoking toplevel() on ptolemy.moml.MoMLSimpleApplication@716654b
----------------- Done invoking toplevel() on ptolemy.moml.MoMLSimpleApplication@716654b
reloadAllAccessors: .Broadcast

===========================================================================================
----------------- testing Sat Aug 29 15:36:58 UTC 2020 /home/travis/build/icyphy/ptII/ptolemy/domains/modal/test/auto/BroadcastHierarchy.xml
----------------- Instantiating /home/travis/build/icyphy/ptII/ptolemy/domains/modal/test/auto/BroadcastHierarchy.xml
7 ms. Memory: 172032K Free: 89667K (52%)
----------------- Invoking toplevel() on ptolemy.moml.MoMLSimpleApplication@7c2cd8d4
----------------- Done invoking toplevel() on ptolemy.moml.MoMLSimpleApplication@7c2cd8d4
reloadAllAccessors: .BroadcastHierarchy

===========================================================================================
----------------- testing Sat Aug 29 15:36:59 UTC 2020 /home/travis/build/icyphy/ptII/ptolemy/domains/modal/test/auto/BroadcastHierarchy2.xml
----------------- Instantiating /home/travis/build/icyphy/ptII/ptolemy/domains/modal/test/auto/BroadcastHierarchy2.xml
15 ms. Memory: 172032K Free: 62546K (36%)
----------------- Invoking toplevel() on ptolemy.moml.MoMLSimpleApplication@2bb784b
----------------- Done invoking toplevel() on ptolemy.moml.MoMLSimpleApplication@2bb784b
reloadAllAccessors: .BroadcastHierarchy2

===========================================================================================
----------------- testing Sat Aug 29 15:36:59 UTC 2020 /home/travis/build/icyphy/ptII/ptolemy/domains/modal/test/auto/BroadcastHierarchy3.xml
----------------- Instantiating /home/travis/build/icyphy/ptII/ptolemy/domains/modal/test/auto/BroadcastHierarchy3.xml
20 ms. Memory: 172032K Free: 138821K (81%)
----------------- Invoking toplevel() on ptolemy.moml.MoMLSimpleApplication@71498eba
----------------- Done invoking toplevel() on ptolemy.moml.MoMLSimpleApplication@71498eba
reloadAllAccessors: .BroadcastHierarchy3

===========================================================================================
----------------- testing Sat Aug 29 15:36:59 UTC 2020 /home/travis/build/icyphy/ptII/ptolemy/domains/modal/test/auto/BroadcastHierarchy4.xml
----------------- Instantiating /home/travis/build/icyphy/ptII/ptolemy/domains/modal/test/auto/BroadcastHierarchy4.xml
13 ms. Memory: 172032K Free: 114245K (66%)
----------------- Invoking toplevel() on ptolemy.moml.MoMLSimpleApplication@6d51f469
----------------- Done invoking toplevel() on ptolemy.moml.MoMLSimpleApplication@6d51f469
reloadAllAccessors: .BroadcastHierarchy4

===========================================================================================
----------------- testing Sat Aug 29 15:36:59 UTC 2020 /home/travis/build/icyphy/ptII/ptolemy/domains/modal/test/auto/CannotAnalysisWithPreemption2.xml
----------------- Instantiating /home/travis/build/icyphy/ptII/ptolemy/domains/modal/test/auto/CannotAnalysisWithPreemption2.xml
3 ms. Memory: 172032K Free: 107077K (62%)
----------------- Invoking toplevel() on ptolemy.moml.MoMLSimpleApplication@37c2d838
----------------- Done invoking toplevel() on ptolemy.moml.MoMLSimpleApplication@37c2d838
reloadAllAccessors: .CannotAnalysisWithPreemption2

===========================================================================================
----------------- testing Sat Aug 29 15:36:59 UTC 2020 /home/travis/build/icyphy/ptII/ptolemy/domains/modal/test/auto/CannotAnalysisWithPreemption3.xml
----------------- Instantiating /home/travis/build/icyphy/ptII/ptolemy/domains/modal/test/auto/CannotAnalysisWithPreemption3.xml
4 ms. Memory: 172032K Free: 96837K (56%)
----------------- Invoking toplevel() on ptolemy.moml.MoMLSimpleApplication@23258a0c
----------------- Done invoking toplevel() on ptolemy.moml.MoMLSimpleApplication@23258a0c
reloadAllAccessors: .CannotAnalysisWithPreemption3

===========================================================================================
----------------- testing Sat Aug 29 15:36:59 UTC 2020 /home/travis/build/icyphy/ptII/ptolemy/domains/modal/test/auto/CannotProduce.xml
----------------- Instantiating /home/travis/build/icyphy/ptII/ptolemy/domains/modal/test/auto/CannotProduce.xml
7 ms. Memory: 172032K Free: 90179K (52%)
----------------- Invoking toplevel() on ptolemy.moml.MoMLSimpleApplication@3b7643e3
----------------- Done invoking toplevel() on ptolemy.moml.MoMLSimpleApplication@3b7643e3
reloadAllAccessors: .CannotProduce

===========================================================================================
----------------- testing Sat Aug 29 15:36:59 UTC 2020 /home/travis/build/icyphy/ptII/ptolemy/domains/modal/test/auto/CannotProduceModal.xml
----------------- Instantiating /home/travis/build/icyphy/ptII/ptolemy/domains/modal/test/auto/CannotProduceModal.xml
6 ms. Memory: 172032K Free: 83004K (48%)
----------------- Invoking toplevel() on ptolemy.moml.MoMLSimpleApplication@5f1c4c6b
----------------- Done invoking toplevel() on ptolemy.moml.MoMLSimpleApplication@5f1c4c6b
reloadAllAccessors: .CannotProduceModal

===========================================================================================
----------------- testing Sat Aug 29 15:36:59 UTC 2020 /home/travis/build/icyphy/ptII/ptolemy/domains/modal/test/auto/Case.xml
----------------- Instantiating /home/travis/build/icyphy/ptII/ptolemy/domains/modal/test/auto/Case.xml
28 ms. Memory: 172032K Free: 72261K (42%)
----------------- Invoking toplevel() on ptolemy.moml.MoMLSimpleApplication@69cb167d
----------------- Done invoking toplevel() on ptolemy.moml.MoMLSimpleApplication@69cb167d
reloadAllAccessors: .Case

===========================================================================================
----------------- testing Sat Aug 29 15:36:59 UTC 2020 /home/travis/build/icyphy/ptII/ptolemy/domains/modal/test/auto/Case1.xml
----------------- Instantiating /home/travis/build/icyphy/ptII/ptolemy/domains/modal/test/auto/Case1.xml
5 ms. Memory: 172032K Free: 65093K (38%)
----------------- Invoking toplevel() on ptolemy.moml.MoMLSimpleApplication@4a5252b0
----------------- Done invoking toplevel() on ptolemy.moml.MoMLSimpleApplication@4a5252b0
reloadAllAccessors: .Case1

===========================================================================================
----------------- testing Sat Aug 29 15:36:59 UTC 2020 /home/travis/build/icyphy/ptII/ptolemy/domains/modal/test/auto/Case2.xml
----------------- Instantiating /home/travis/build/icyphy/ptII/ptolemy/domains/modal/test/auto/Case2.xml
29 ms. Memory: 217088K Free: 195843K (90%)
----------------- Invoking toplevel() on ptolemy.moml.MoMLSimpleApplication@38055c17
----------------- Done invoking toplevel() on ptolemy.moml.MoMLSimpleApplication@38055c17
reloadAllAccessors: .Case2

===========================================================================================
----------------- testing Sat Aug 29 15:36:59 UTC 2020 /home/travis/build/icyphy/ptII/ptolemy/domains/modal/test/auto/CausalityInterface1.xml
----------------- Instantiating /home/travis/build/icyphy/ptII/ptolemy/domains/modal/test/auto/CausalityInterface1.xml
4 ms. Memory: 217088K Free: 190021K (88%)
----------------- Invoking toplevel() on ptolemy.moml.MoMLSimpleApplication@550ed948
----------------- Done invoking toplevel() on ptolemy.moml.MoMLSimpleApplication@550ed948
reloadAllAccessors: .CausalityInterface1

===========================================================================================
----------------- testing Sat Aug 29 15:36:59 UTC 2020 /home/travis/build/icyphy/ptII/ptolemy/domains/modal/test/auto/CausalityInterface10.xml
----------------- Instantiating /home/travis/build/icyphy/ptII/ptolemy/domains/modal/test/auto/CausalityInterface10.xml
15 ms. Memory: 217088K Free: 176709K (81%)
----------------- Invoking toplevel() on ptolemy.moml.MoMLSimpleApplication@1e0963a0
----------------- Done invoking toplevel() on ptolemy.moml.MoMLSimpleApplication@1e0963a0
reloadAllAccessors: .CausalityInterface10

===========================================================================================
----------------- testing Sat Aug 29 15:36:59 UTC 2020 /home/travis/build/icyphy/ptII/ptolemy/domains/modal/test/auto/CausalityInterface11.xml
----------------- Instantiating /home/travis/build/icyphy/ptII/ptolemy/domains/modal/test/auto/CausalityInterface11.xml
12 ms. Memory: 217088K Free: 163397K (75%)
----------------- Invoking toplevel() on ptolemy.moml.MoMLSimpleApplication@49f0db91
----------------- Done invoking toplevel() on ptolemy.moml.MoMLSimpleApplication@49f0db91
reloadAllAccessors: .CausalityInterface11

===========================================================================================
----------------- testing Sat Aug 29 15:36:59 UTC 2020 /home/travis/build/icyphy/ptII/ptolemy/domains/modal/test/auto/CausalityInterface12.xml
----------------- Instantiating /home/travis/build/icyphy/ptII/ptolemy/domains/modal/test/auto/CausalityInterface12.xml
6 ms. Memory: 217088K Free: 150085K (69%)
----------------- Invoking toplevel() on ptolemy.moml.MoMLSimpleApplication@2cbd08c1
----------------- Done invoking toplevel() on ptolemy.moml.MoMLSimpleApplication@2cbd08c1
reloadAllAccessors: .CausalityInterface12

===========================================================================================
----------------- testing Sat Aug 29 15:36:59 UTC 2020 /home/travis/build/icyphy/ptII/ptolemy/domains/modal/test/auto/CausalityInterface13.xml
----------------- Instantiating /home/travis/build/icyphy/ptII/ptolemy/domains/modal/test/auto/CausalityInterface13.xml
6 ms. Memory: 217088K Free: 136244K (63%)
----------------- Invoking toplevel() on ptolemy.moml.MoMLSimpleApplication@1843c281
----------------- Done invoking toplevel() on ptolemy.moml.MoMLSimpleApplication@1843c281
reloadAllAccessors: .CausalityInterface13

===========================================================================================
----------------- testing Sat Aug 29 15:36:59 UTC 2020 /home/travis/build/icyphy/ptII/ptolemy/domains/modal/test/auto/CausalityInterface14.xml
----------------- Instantiating /home/travis/build/icyphy/ptII/ptolemy/domains/modal/test/auto/CausalityInterface14.xml
5 ms. Memory: 217088K Free: 122437K (56%)
----------------- Invoking toplevel() on ptolemy.moml.MoMLSimpleApplication@114ed9bb
----------------- Done invoking toplevel() on ptolemy.moml.MoMLSimpleApplication@114ed9bb
reloadAllAccessors: .CausalityInterface14

===========================================================================================
----------------- testing Sat Aug 29 15:36:59 UTC 2020 /home/travis/build/icyphy/ptII/ptolemy/domains/modal/test/auto/CausalityInterface2.xml
----------------- Instantiating /home/travis/build/icyphy/ptII/ptolemy/domains/modal/test/auto/CausalityInterface2.xml
3 ms. Memory: 217088K Free: 116293K (54%)
----------------- Invoking toplevel() on ptolemy.moml.MoMLSimpleApplication@25fb5a3c
----------------- Done invoking toplevel() on ptolemy.moml.MoMLSimpleApplication@25fb5a3c
reloadAllAccessors: .CausalityInterface2

===========================================================================================
----------------- testing Sat Aug 29 15:36:59 UTC 2020 /home/travis/build/icyphy/ptII/ptolemy/domains/modal/test/auto/CausalityInterface3.xml
----------------- Instantiating /home/travis/build/icyphy/ptII/ptolemy/domains/modal/test/auto/CausalityInterface3.xml
2 ms. Memory: 217088K Free: 110149K (51%)
----------------- Invoking toplevel() on ptolemy.moml.MoMLSimpleApplication@5983ebc6
----------------- Done invoking toplevel() on ptolemy.moml.MoMLSimpleApplication@5983ebc6
reloadAllAccessors: .CausalityInterface3

===========================================================================================
----------------- testing Sat Aug 29 15:36:59 UTC 2020 /home/travis/build/icyphy/ptII/ptolemy/domains/modal/test/auto/CausalityInterface4.xml
----------------- Instantiating /home/travis/build/icyphy/ptII/ptolemy/domains/modal/test/auto/CausalityInterface4.xml
5 ms. Memory: 217088K Free: 104005K (48%)
----------------- Invoking toplevel() on ptolemy.moml.MoMLSimpleApplication@145813fa
----------------- Done invoking toplevel() on ptolemy.moml.MoMLSimpleApplication@145813fa
reloadAllAccessors: .CausalityInterface4

===========================================================================================
----------------- testing Sat Aug 29 15:36:59 UTC 2020 /home/travis/build/icyphy/ptII/ptolemy/domains/modal/test/auto/CausalityInterface5.xml
----------------- Instantiating /home/travis/build/icyphy/ptII/ptolemy/domains/modal/test/auto/CausalityInterface5.xml
4 ms. Memory: 217088K Free: 95813K (44%)
----------------- Invoking toplevel() on ptolemy.moml.MoMLSimpleApplication@20178321
----------------- Done invoking toplevel() on ptolemy.moml.MoMLSimpleApplication@20178321
reloadAllAccessors: .CausalityInterface5

===========================================================================================
----------------- testing Sat Aug 29 15:36:59 UTC 2020 /home/travis/build/icyphy/ptII/ptolemy/domains/modal/test/auto/CausalityInterface6.xml
----------------- Instantiating /home/travis/build/icyphy/ptII/ptolemy/domains/modal/test/auto/CausalityInterface6.xml
4 ms. Memory: 217088K Free: 87621K (40%)
----------------- Invoking toplevel() on ptolemy.moml.MoMLSimpleApplication@13450d18
----------------- Done invoking toplevel() on ptolemy.moml.MoMLSimpleApplication@13450d18
reloadAllAccessors: .CausalityInterface6

===========================================================================================
----------------- testing Sat Aug 29 15:36:59 UTC 2020 /home/travis/build/icyphy/ptII/ptolemy/domains/modal/test/auto/CausalityInterface7.xml
----------------- Instantiating /home/travis/build/icyphy/ptII/ptolemy/domains/modal/test/auto/CausalityInterface7.xml
18 ms. Memory: 217088K Free: 196677K (91%)
----------------- Invoking toplevel() on ptolemy.moml.MoMLSimpleApplication@32581f94
----------------- Done invoking toplevel() on ptolemy.moml.MoMLSimpleApplication@32581f94
reloadAllAccessors: .CausalityInterface7

===========================================================================================
----------------- testing Sat Aug 29 15:37:00 UTC 2020 /home/travis/build/icyphy/ptII/ptolemy/domains/modal/test/auto/CausalityInterface8.xml
----------------- Instantiating /home/travis/build/icyphy/ptII/ptolemy/domains/modal/test/auto/CausalityInterface8.xml
8 ms. Memory: 217088K Free: 187461K (86%)
----------------- Invoking toplevel() on ptolemy.moml.MoMLSimpleApplication@3a33688b
----------------- Done invoking toplevel() on ptolemy.moml.MoMLSimpleApplication@3a33688b
reloadAllAccessors: .CausalityInterface8

===========================================================================================
----------------- testing Sat Aug 29 15:37:00 UTC 2020 /home/travis/build/icyphy/ptII/ptolemy/domains/modal/test/auto/CausalityInterface9.xml
----------------- Instantiating /home/travis/build/icyphy/ptII/ptolemy/domains/modal/test/auto/CausalityInterface9.xml
8 ms. Memory: 217088K Free: 178245K (82%)
----------------- Invoking toplevel() on ptolemy.moml.MoMLSimpleApplication@16fcd3f7
----------------- Done invoking toplevel() on ptolemy.moml.MoMLSimpleApplication@16fcd3f7
reloadAllAccessors: .CausalityInterface9

===========================================================================================
----------------- testing Sat Aug 29 15:37:00 UTC 2020 /home/travis/build/icyphy/ptII/ptolemy/domains/modal/test/auto/ChainedTransitions.xml
----------------- Instantiating /home/travis/build/icyphy/ptII/ptolemy/domains/modal/test/auto/ChainedTransitions.xml
100 ms. Memory: 217088K Free: 153140K (71%)
----------------- Invoking toplevel() on ptolemy.moml.MoMLSimpleApplication@3089969e
----------------- Done invoking toplevel() on ptolemy.moml.MoMLSimpleApplication@3089969e
reloadAllAccessors: .ChainedTransitions

===========================================================================================
----------------- testing Sat Aug 29 15:37:00 UTC 2020 /home/travis/build/icyphy/ptII/ptolemy/domains/modal/test/auto/CycleOfImmediateTransitionsFSM.xml
----------------- Instantiating /home/travis/build/icyphy/ptII/ptolemy/domains/modal/test/auto/CycleOfImmediateTransitionsFSM.xml
3 ms. Memory: 217088K Free: 147525K (68%)
----------------- Invoking toplevel() on ptolemy.moml.MoMLSimpleApplication@316abd07
----------------- Done invoking toplevel() on ptolemy.moml.MoMLSimpleApplication@316abd07
reloadAllAccessors: .CycleOfImmediateTransitionsFSM

===========================================================================================
----------------- testing Sat Aug 29 15:37:00 UTC 2020 /home/travis/build/icyphy/ptII/ptolemy/domains/modal/test/auto/CycleOfImmediateTransitionsModal.xml
----------------- Instantiating /home/travis/build/icyphy/ptII/ptolemy/domains/modal/test/auto/CycleOfImmediateTransitionsModal.xml
9 ms. Memory: 217088K Free: 141381K (65%)
----------------- Invoking toplevel() on ptolemy.moml.MoMLSimpleApplication@f6961b0
----------------- Done invoking toplevel() on ptolemy.moml.MoMLSimpleApplication@f6961b0
reloadAllAccessors: .CycleOfImmediateTransitionsModal

===========================================================================================
----------------- testing Sat Aug 29 15:37:00 UTC 2020 /home/travis/build/icyphy/ptII/ptolemy/domains/modal/test/auto/CycleOfImmediateTransitionsModal2.xml
----------------- Instantiating /home/travis/build/icyphy/ptII/ptolemy/domains/modal/test/auto/CycleOfImmediateTransitionsModal2.xml
8 ms. Memory: 217088K Free: 134723K (62%)
----------------- Invoking toplevel() on ptolemy.moml.MoMLSimpleApplication@dfb4b31
----------------- Done invoking toplevel() on ptolemy.moml.MoMLSimpleApplication@dfb4b31
reloadAllAccessors: .CycleOfImmediateTransitionsModal2

===========================================================================================
----------------- testing Sat Aug 29 15:37:00 UTC 2020 /home/travis/build/icyphy/ptII/ptolemy/domains/modal/test/auto/CycleOfImmediateTransitionsModal3.xml
----------------- Instantiating /home/travis/build/icyphy/ptII/ptolemy/domains/modal/test/auto/CycleOfImmediateTransitionsModal3.xml
13 ms. Memory: 217088K Free: 112180K (52%)
----------------- Invoking toplevel() on ptolemy.moml.MoMLSimpleApplication@73a5244f
----------------- Done invoking toplevel() on ptolemy.moml.MoMLSimpleApplication@73a5244f
reloadAllAccessors: .CycleOfImmediateTransitionsModal3

===========================================================================================
----------------- testing Sat Aug 29 15:37:00 UTC 2020 /home/travis/build/icyphy/ptII/ptolemy/domains/modal/test/auto/DeepModal1.xml
----------------- Instantiating /home/travis/build/icyphy/ptII/ptolemy/domains/modal/test/auto/DeepModal1.xml
21 ms. Memory: 217088K Free: 98373K (45%)
----------------- Invoking toplevel() on ptolemy.moml.MoMLSimpleApplication@7786d637
----------------- Done invoking toplevel() on ptolemy.moml.MoMLSimpleApplication@7786d637
reloadAllAccessors: .DeepModal1

===========================================================================================
----------------- testing Sat Aug 29 15:37:00 UTC 2020 /home/travis/build/icyphy/ptII/ptolemy/domains/modal/test/auto/DeepModal2.xml
----------------- Instantiating /home/travis/build/icyphy/ptII/ptolemy/domains/modal/test/auto/DeepModal2.xml
26 ms. Memory: 217088K Free: 79427K (37%)
----------------- Invoking toplevel() on ptolemy.moml.MoMLSimpleApplication@785cee2c
----------------- Done invoking toplevel() on ptolemy.moml.MoMLSimpleApplication@785cee2c
reloadAllAccessors: .DeepModal2

===========================================================================================
----------------- testing Sat Aug 29 15:37:00 UTC 2020 /home/travis/build/icyphy/ptII/ptolemy/domains/modal/test/auto/DeepModal3.xml
----------------- Instantiating /home/travis/build/icyphy/ptII/ptolemy/domains/modal/test/auto/DeepModal3.xml
24 ms. Memory: 217088K Free: 184884K (85%)
----------------- Invoking toplevel() on ptolemy.moml.MoMLSimpleApplication@134e4e7f
----------------- Done invoking toplevel() on ptolemy.moml.MoMLSimpleApplication@134e4e7f
reloadAllAccessors: .DeepModal3

===========================================================================================
----------------- testing Sat Aug 29 15:37:00 UTC 2020 /home/travis/build/icyphy/ptII/ptolemy/domains/modal/test/auto/DeepModal4.xml
----------------- Instantiating /home/travis/build/icyphy/ptII/ptolemy/domains/modal/test/auto/DeepModal4.xml
31 ms. Memory: 217088K Free: 165443K (76%)
----------------- Invoking toplevel() on ptolemy.moml.MoMLSimpleApplication@2aecffb1
----------------- Done invoking toplevel() on ptolemy.moml.MoMLSimpleApplication@2aecffb1
reloadAllAccessors: .DeepModal4

===========================================================================================
----------------- testing Sat Aug 29 15:37:00 UTC 2020 /home/travis/build/icyphy/ptII/ptolemy/domains/modal/test/auto/Default1.xml
----------------- Instantiating /home/travis/build/icyphy/ptII/ptolemy/domains/modal/test/auto/Default1.xml
2 ms. Memory: 217088K Free: 159299K (73%)
----------------- Invoking toplevel() on ptolemy.moml.MoMLSimpleApplication@7c692039
----------------- Done invoking toplevel() on ptolemy.moml.MoMLSimpleApplication@7c692039
reloadAllAccessors: .Default1

===========================================================================================
----------------- testing Sat Aug 29 15:37:00 UTC 2020 /home/travis/build/icyphy/ptII/ptolemy/domains/modal/test/auto/Default2.xml
----------------- Instantiating /home/travis/build/icyphy/ptII/ptolemy/domains/modal/test/auto/Default2.xml
8 ms. Memory: 217088K Free: 153669K (71%)
----------------- Invoking toplevel() on ptolemy.moml.MoMLSimpleApplication@31fafbb8
----------------- Done invoking toplevel() on ptolemy.moml.MoMLSimpleApplication@31fafbb8
reloadAllAccessors: .Default2

===========================================================================================
----------------- testing Sat Aug 29 15:37:00 UTC 2020 /home/travis/build/icyphy/ptII/ptolemy/domains/modal/test/auto/Default3.xml
----------------- Instantiating /home/travis/build/icyphy/ptII/ptolemy/domains/modal/test/auto/Default3.xml
5 ms. Memory: 217088K Free: 147011K (68%)
----------------- Invoking toplevel() on ptolemy.moml.MoMLSimpleApplication@53d3a72c
----------------- Done invoking toplevel() on ptolemy.moml.MoMLSimpleApplication@53d3a72c
reloadAllAccessors: .Default3

===========================================================================================
----------------- testing Sat Aug 29 15:37:00 UTC 2020 /home/travis/build/icyphy/ptII/ptolemy/domains/modal/test/auto/Default4.xml
----------------- Instantiating /home/travis/build/icyphy/ptII/ptolemy/domains/modal/test/auto/Default4.xml
2 ms. Memory: 217088K Free: 140867K (65%)
----------------- Invoking toplevel() on ptolemy.moml.MoMLSimpleApplication@4ba617ce
----------------- Done invoking toplevel() on ptolemy.moml.MoMLSimpleApplication@4ba617ce
reloadAllAccessors: .Default4

===========================================================================================
----------------- testing Sat Aug 29 15:37:00 UTC 2020 /home/travis/build/icyphy/ptII/ptolemy/domains/modal/test/auto/Default5.xml
----------------- Instantiating /home/travis/build/icyphy/ptII/ptolemy/domains/modal/test/auto/Default5.xml
6 ms. Memory: 217088K Free: 132660K (61%)
----------------- Invoking toplevel() on ptolemy.moml.MoMLSimpleApplication@4e25816
----------------- Done invoking toplevel() on ptolemy.moml.MoMLSimpleApplication@4e25816
reloadAllAccessors: .Default5

===========================================================================================
----------------- testing Sat Aug 29 15:37:00 UTC 2020 /home/travis/build/icyphy/ptII/ptolemy/domains/modal/test/auto/EmptyGuard.xml
----------------- Instantiating /home/travis/build/icyphy/ptII/ptolemy/domains/modal/test/auto/EmptyGuard.xml
10 ms. Memory: 217088K Free: 124997K (58%)
----------------- Invoking toplevel() on ptolemy.moml.MoMLSimpleApplication@1b5c855f
----------------- Done invoking toplevel() on ptolemy.moml.MoMLSimpleApplication@1b5c855f
reloadAllAccessors: .EmptyGuard

===========================================================================================
----------------- testing Sat Aug 29 15:37:00 UTC 2020 /home/travis/build/icyphy/ptII/ptolemy/domains/modal/test/auto/ErrorTransition1.xml
----------------- Instantiating /home/travis/build/icyphy/ptII/ptolemy/domains/modal/test/auto/ErrorTransition1.xml
9 ms. Memory: 217088K Free: 116291K (54%)
----------------- Invoking toplevel() on ptolemy.moml.MoMLSimpleApplication@4c07cd71
----------------- Done invoking toplevel() on ptolemy.moml.MoMLSimpleApplication@4c07cd71
reloadAllAccessors: .ErrorTransition1

===========================================================================================
----------------- testing Sat Aug 29 15:37:00 UTC 2020 /home/travis/build/icyphy/ptII/ptolemy/domains/modal/test/auto/ErrorTransition10.xml
----------------- Instantiating /home/travis/build/icyphy/ptII/ptolemy/domains/modal/test/auto/ErrorTransition10.xml
13 ms. Memory: 217088K Free: 102979K (47%)
----------------- Invoking toplevel() on ptolemy.moml.MoMLSimpleApplication@5d26dbd
----------------- Done invoking toplevel() on ptolemy.moml.MoMLSimpleApplication@5d26dbd
reloadAllAccessors: .ErrorTransition10

===========================================================================================
----------------- testing Sat Aug 29 15:37:00 UTC 2020 /home/travis/build/icyphy/ptII/ptolemy/domains/modal/test/auto/ErrorTransition11.xml
----------------- Instantiating /home/travis/build/icyphy/ptII/ptolemy/domains/modal/test/auto/ErrorTransition11.xml
3 ms. Memory: 217088K Free: 91205K (42%)
----------------- Invoking toplevel() on ptolemy.moml.MoMLSimpleApplication@30bf3a38
----------------- Done invoking toplevel() on ptolemy.moml.MoMLSimpleApplication@30bf3a38
reloadAllAccessors: .ErrorTransition11

===========================================================================================
----------------- testing Sat Aug 29 15:37:00 UTC 2020 /home/travis/build/icyphy/ptII/ptolemy/domains/modal/test/auto/ErrorTransition2.xml
----------------- Instantiating /home/travis/build/icyphy/ptII/ptolemy/domains/modal/test/auto/ErrorTransition2.xml
8 ms. Memory: 217088K Free: 82499K (38%)
----------------- Invoking toplevel() on ptolemy.moml.MoMLSimpleApplication@1190432a
----------------- Done invoking toplevel() on ptolemy.moml.MoMLSimpleApplication@1190432a
reloadAllAccessors: .ErrorTransition2

===========================================================================================
----------------- testing Sat Aug 29 15:37:00 UTC 2020 /home/travis/build/icyphy/ptII/ptolemy/domains/modal/test/auto/ErrorTransition3.xml
----------------- Instantiating /home/travis/build/icyphy/ptII/ptolemy/domains/modal/test/auto/ErrorTransition3.xml
29 ms. Memory: 217088K Free: 196886K (91%)
----------------- Invoking toplevel() on ptolemy.moml.MoMLSimpleApplication@72a08e97
----------------- Done invoking toplevel() on ptolemy.moml.MoMLSimpleApplication@72a08e97
reloadAllAccessors: .ErrorTransition3

===========================================================================================
----------------- testing Sat Aug 29 15:37:01 UTC 2020 /home/travis/build/icyphy/ptII/ptolemy/domains/modal/test/auto/ErrorTransition4.xml
----------------- Instantiating /home/travis/build/icyphy/ptII/ptolemy/domains/modal/test/auto/ErrorTransition4.xml
12 ms. Memory: 217088K Free: 185413K (85%)
----------------- Invoking toplevel() on ptolemy.moml.MoMLSimpleApplication@3b2e8a1b
----------------- Done invoking toplevel() on ptolemy.moml.MoMLSimpleApplication@3b2e8a1b
reloadAllAccessors: .ErrorTransition4

===========================================================================================
----------------- testing Sat Aug 29 15:37:01 UTC 2020 /home/travis/build/icyphy/ptII/ptolemy/domains/modal/test/auto/ErrorTransition5.xml
----------------- Instantiating /home/travis/build/icyphy/ptII/ptolemy/domains/modal/test/auto/ErrorTransition5.xml
7 ms. Memory: 217088K Free: 175173K (81%)
----------------- Invoking toplevel() on ptolemy.moml.MoMLSimpleApplication@80f5605
----------------- Done invoking toplevel() on ptolemy.moml.MoMLSimpleApplication@80f5605
reloadAllAccessors: .ErrorTransition5

===========================================================================================
----------------- testing Sat Aug 29 15:37:01 UTC 2020 /home/travis/build/icyphy/ptII/ptolemy/domains/modal/test/auto/ErrorTransition6.xml
----------------- Instantiating /home/travis/build/icyphy/ptII/ptolemy/domains/modal/test/auto/ErrorTransition6.xml
8 ms. Memory: 217088K Free: 164419K (76%)
----------------- Invoking toplevel() on ptolemy.moml.MoMLSimpleApplication@16a135c5
----------------- Done invoking toplevel() on ptolemy.moml.MoMLSimpleApplication@16a135c5
reloadAllAccessors: .ErrorTransition6

===========================================================================================
----------------- testing Sat Aug 29 15:37:01 UTC 2020 /home/travis/build/icyphy/ptII/ptolemy/domains/modal/test/auto/ErrorTransition7.xml
----------------- Instantiating /home/travis/build/icyphy/ptII/ptolemy/domains/modal/test/auto/ErrorTransition7.xml
16 ms. Memory: 217088K Free: 151621K (70%)
----------------- Invoking toplevel() on ptolemy.moml.MoMLSimpleApplication@65bd8275
----------------- Done invoking toplevel() on ptolemy.moml.MoMLSimpleApplication@65bd8275
reloadAllAccessors: .ErrorTransition7

===========================================================================================
----------------- testing Sat Aug 29 15:37:01 UTC 2020 /home/travis/build/icyphy/ptII/ptolemy/domains/modal/test/auto/ErrorTransition8.xml
----------------- Instantiating /home/travis/build/icyphy/ptII/ptolemy/domains/modal/test/auto/ErrorTransition8.xml
26 ms. Memory: 217088K Free: 138819K (64%)
----------------- Invoking toplevel() on ptolemy.moml.MoMLSimpleApplication@316227d6
----------------- Done invoking toplevel() on ptolemy.moml.MoMLSimpleApplication@316227d6
reloadAllAccessors: .ErrorTransition8

===========================================================================================
----------------- testing Sat Aug 29 15:37:01 UTC 2020 /home/travis/build/icyphy/ptII/ptolemy/domains/modal/test/auto/ErrorTransition9.xml
----------------- Instantiating /home/travis/build/icyphy/ptII/ptolemy/domains/modal/test/auto/ErrorTransition9.xml
14 ms. Memory: 217088K Free: 125492K (58%)
----------------- Invoking toplevel() on ptolemy.moml.MoMLSimpleApplication@3c326066
----------------- Done invoking toplevel() on ptolemy.moml.MoMLSimpleApplication@3c326066
reloadAllAccessors: .ErrorTransition9

===========================================================================================
----------------- testing Sat Aug 29 15:37:01 UTC 2020 /home/travis/build/icyphy/ptII/ptolemy/domains/modal/test/auto/ExtendedFSM.xml
----------------- Instantiating /home/travis/build/icyphy/ptII/ptolemy/domains/modal/test/auto/ExtendedFSM.xml
6 ms. Memory: 217088K Free: 116805K (54%)
----------------- Invoking toplevel() on ptolemy.moml.MoMLSimpleApplication@4931c934
----------------- Done invoking toplevel() on ptolemy.moml.MoMLSimpleApplication@4931c934
reloadAllAccessors: .ExtendedFSM

===========================================================================================
----------------- testing Sat Aug 29 15:37:01 UTC 2020 /home/travis/build/icyphy/ptII/ptolemy/domains/modal/test/auto/FinalStates.xml
----------------- Instantiating /home/travis/build/icyphy/ptII/ptolemy/domains/modal/test/auto/FinalStates.xml
10 ms. Memory: 217088K Free: 108613K (50%)
----------------- Invoking toplevel() on ptolemy.moml.MoMLSimpleApplication@7206c00c
----------------- Done invoking toplevel() on ptolemy.moml.MoMLSimpleApplication@7206c00c
reloadAllAccessors: .FinalStates

===========================================================================================
----------------- testing Sat Aug 29 15:37:01 UTC 2020 /home/travis/build/icyphy/ptII/ptolemy/domains/modal/test/auto/FixedPointFSM.xml
----------------- Instantiating /home/travis/build/icyphy/ptII/ptolemy/domains/modal/test/auto/FixedPointFSM.xml
18 ms. Memory: 217088K Free: 93756K (43%)
----------------- Invoking toplevel() on ptolemy.moml.MoMLSimpleApplication@41d529be
----------------- Done invoking toplevel() on ptolemy.moml.MoMLSimpleApplication@41d529be
reloadAllAccessors: .FixedPointFSM

===========================================================================================
----------------- testing Sat Aug 29 15:37:01 UTC 2020 /home/travis/build/icyphy/ptII/ptolemy/domains/modal/test/auto/FixedPointIterationFSMActor.xml
----------------- Instantiating /home/travis/build/icyphy/ptII/ptolemy/domains/modal/test/auto/FixedPointIterationFSMActor.xml
8 ms. Memory: 217088K Free: 83516K (38%)
----------------- Invoking toplevel() on ptolemy.moml.MoMLSimpleApplication@329f9d62
----------------- Done invoking toplevel() on ptolemy.moml.MoMLSimpleApplication@329f9d62
reloadAllAccessors: .FixedPointIterationFSMActor

===========================================================================================
----------------- testing Sat Aug 29 15:37:01 UTC 2020 /home/travis/build/icyphy/ptII/ptolemy/domains/modal/test/auto/FixedPointIterationFSMActor2.xml
----------------- Instantiating /home/travis/build/icyphy/ptII/ptolemy/domains/modal/test/auto/FixedPointIterationFSMActor2.xml
25 ms. Memory: 261120K Free: 238488K (91%)
----------------- Invoking toplevel() on ptolemy.moml.MoMLSimpleApplication@1522b562
----------------- Done invoking toplevel() on ptolemy.moml.MoMLSimpleApplication@1522b562
reloadAllAccessors: .FixedPointIterationFSMActor2

===========================================================================================
----------------- testing Sat Aug 29 15:37:01 UTC 2020 /home/travis/build/icyphy/ptII/ptolemy/domains/modal/test/auto/ForbiddenInstantanousLoop.xml
----------------- Instantiating /home/travis/build/icyphy/ptII/ptolemy/domains/modal/test/auto/ForbiddenInstantanousLoop.xml
12 ms. Memory: 261120K Free: 225861K (86%)
----------------- Invoking toplevel() on ptolemy.moml.MoMLSimpleApplication@7494650b
----------------- Done invoking toplevel() on ptolemy.moml.MoMLSimpleApplication@7494650b
reloadAllAccessors: .ForbiddenInstantanousLoop

===========================================================================================
----------------- testing Sat Aug 29 15:37:01 UTC 2020 /home/travis/build/icyphy/ptII/ptolemy/domains/modal/test/auto/FunctionDependencyOfFSMActorTest.xml
----------------- Instantiating /home/travis/build/icyphy/ptII/ptolemy/domains/modal/test/auto/FunctionDependencyOfFSMActorTest.xml
15 ms. Memory: 261120K Free: 219183K (84%)
----------------- Invoking toplevel() on ptolemy.moml.MoMLSimpleApplication@542ad171
----------------- Done invoking toplevel() on ptolemy.moml.MoMLSimpleApplication@542ad171
reloadAllAccessors: .FunctionDependencyOfFSMActorTest

===========================================================================================
----------------- testing Sat Aug 29 15:37:01 UTC 2020 /home/travis/build/icyphy/ptII/ptolemy/domains/modal/test/auto/GuardExpression.xml
----------------- Instantiating /home/travis/build/icyphy/ptII/ptolemy/domains/modal/test/auto/GuardExpression.xml
2 ms. Memory: 261120K Free: 214083K (82%)
----------------- Invoking toplevel() on ptolemy.moml.MoMLSimpleApplication@138ab765
----------------- Done invoking toplevel() on ptolemy.moml.MoMLSimpleApplication@138ab765
reloadAllAccessors: .GuardExpression

===========================================================================================
----------------- testing Sat Aug 29 15:37:01 UTC 2020 /home/travis/build/icyphy/ptII/ptolemy/domains/modal/test/auto/GuardNotEvaluated.xml
----------------- Instantiating /home/travis/build/icyphy/ptII/ptolemy/domains/modal/test/auto/GuardNotEvaluated.xml
8 ms. Memory: 261120K Free: 205381K (79%)
----------------- Invoking toplevel() on ptolemy.moml.MoMLSimpleApplication@6c90895b
----------------- Done invoking toplevel() on ptolemy.moml.MoMLSimpleApplication@6c90895b
reloadAllAccessors: .GuardNotEvaluated

===========================================================================================
----------------- testing Sat Aug 29 15:37:01 UTC 2020 /home/travis/build/icyphy/ptII/ptolemy/domains/modal/test/auto/GuardNotEvaluated2.xml
----------------- Instantiating /home/travis/build/icyphy/ptII/ptolemy/domains/modal/test/auto/GuardNotEvaluated2.xml
7 ms. Memory: 261120K Free: 195651K (75%)
----------------- Invoking toplevel() on ptolemy.moml.MoMLSimpleApplication@32276065
----------------- Done invoking toplevel() on ptolemy.moml.MoMLSimpleApplication@32276065
reloadAllAccessors: .GuardNotEvaluated2

===========================================================================================
----------------- testing Sat Aug 29 15:37:01 UTC 2020 /home/travis/build/icyphy/ptII/ptolemy/domains/modal/test/auto/GuardOnAbsent.xml
----------------- Instantiating /home/travis/build/icyphy/ptII/ptolemy/domains/modal/test/auto/GuardOnAbsent.xml
7 ms. Memory: 261120K Free: 188452K (72%)
----------------- Invoking toplevel() on ptolemy.moml.MoMLSimpleApplication@12fd2ec3
----------------- Done invoking toplevel() on ptolemy.moml.MoMLSimpleApplication@12fd2ec3
reloadAllAccessors: .GuardOnAbsent

===========================================================================================
----------------- testing Sat Aug 29 15:37:01 UTC 2020 /home/travis/build/icyphy/ptII/ptolemy/domains/modal/test/auto/HierarchicalFSMTypeInference.xml
----------------- Instantiating /home/travis/build/icyphy/ptII/ptolemy/domains/modal/test/auto/HierarchicalFSMTypeInference.xml
5 ms. Memory: 261120K Free: 177733K (68%)
----------------- Invoking toplevel() on ptolemy.moml.MoMLSimpleApplication@1e51163d
----------------- Done invoking toplevel() on ptolemy.moml.MoMLSimpleApplication@1e51163d
reloadAllAccessors: .HierarchicalFSMTypeInference

===========================================================================================
----------------- testing Sat Aug 29 15:37:01 UTC 2020 /home/travis/build/icyphy/ptII/ptolemy/domains/modal/test/auto/Hysteresis.xml
----------------- Instantiating /home/travis/build/icyphy/ptII/ptolemy/domains/modal/test/auto/Hysteresis.xml
13 ms. Memory: 261120K Free: 163892K (63%)
----------------- Invoking toplevel() on ptolemy.moml.MoMLSimpleApplication@3b636591
----------------- Done invoking toplevel() on ptolemy.moml.MoMLSimpleApplication@3b636591
reloadAllAccessors: .Hysteresis

===========================================================================================
----------------- testing Sat Aug 29 15:37:01 UTC 2020 /home/travis/build/icyphy/ptII/ptolemy/domains/modal/test/auto/HysteresisWithDefault.xml
----------------- Instantiating /home/travis/build/icyphy/ptII/ptolemy/domains/modal/test/auto/HysteresisWithDefault.xml
46 ms. Memory: 261120K Free: 140355K (54%)
----------------- Invoking toplevel() on ptolemy.moml.MoMLSimpleApplication@5ec8c4bf
----------------- Done invoking toplevel() on ptolemy.moml.MoMLSimpleApplication@5ec8c4bf
reloadAllAccessors: .HysteresisWithDefault

===========================================================================================
----------------- testing Sat Aug 29 15:37:01 UTC 2020 /home/travis/build/icyphy/ptII/ptolemy/domains/modal/test/auto/HysteresisWithDefault2.xml
----------------- Instantiating /home/travis/build/icyphy/ptII/ptolemy/domains/modal/test/auto/HysteresisWithDefault2.xml
48 ms. Memory: 261120K Free: 111173K (43%)
----------------- Invoking toplevel() on ptolemy.moml.MoMLSimpleApplication@78a70dff
----------------- Done invoking toplevel() on ptolemy.moml.MoMLSimpleApplication@78a70dff
reloadAllAccessors: .HysteresisWithDefault2

===========================================================================================
----------------- testing Sat Aug 29 15:37:01 UTC 2020 /home/travis/build/icyphy/ptII/ptolemy/domains/modal/test/auto/ImmediateNonConstructiveness.xml
----------------- Instantiating /home/travis/build/icyphy/ptII/ptolemy/domains/modal/test/auto/ImmediateNonConstructiveness.xml
3 ms. Memory: 261120K Free: 104005K (40%)
----------------- Invoking toplevel() on ptolemy.moml.MoMLSimpleApplication@1b87e7fd
----------------- Done invoking toplevel() on ptolemy.moml.MoMLSimpleApplication@1b87e7fd
reloadAllAccessors: .ImmediateNonConstructiveness

===========================================================================================
----------------- testing Sat Aug 29 15:37:01 UTC 2020 /home/travis/build/icyphy/ptII/ptolemy/domains/modal/test/auto/ImmediateNonConstructiveness2.xml
----------------- Instantiating /home/travis/build/icyphy/ptII/ptolemy/domains/modal/test/auto/ImmediateNonConstructiveness2.xml
2 ms. Memory: 261120K Free: 97347K (37%)
----------------- Invoking toplevel() on ptolemy.moml.MoMLSimpleApplication@4019469d
----------------- Done invoking toplevel() on ptolemy.moml.MoMLSimpleApplication@4019469d
reloadAllAccessors: .ImmediateNonConstructiveness2

===========================================================================================
----------------- testing Sat Aug 29 15:37:01 UTC 2020 /home/travis/build/icyphy/ptII/ptolemy/domains/modal/test/auto/ImmediateTransitionReset.xml
----------------- Instantiating /home/travis/build/icyphy/ptII/ptolemy/domains/modal/test/auto/ImmediateTransitionReset.xml
6 ms. Memory: 261120K Free: 235077K (90%)
----------------- Invoking toplevel() on ptolemy.moml.MoMLSimpleApplication@3f79835f
----------------- Done invoking toplevel() on ptolemy.moml.MoMLSimpleApplication@3f79835f
reloadAllAccessors: .ImmediateTransitionReset

===========================================================================================
----------------- testing Sat Aug 29 15:37:01 UTC 2020 /home/travis/build/icyphy/ptII/ptolemy/domains/modal/test/auto/ImmediateTransitions1.xml
----------------- Instantiating /home/travis/build/icyphy/ptII/ptolemy/domains/modal/test/auto/ImmediateTransitions1.xml
1 ms. Memory: 261120K Free: 229957K (88%)
----------------- Invoking toplevel() on ptolemy.moml.MoMLSimpleApplication@27b30eab
----------------- Done invoking toplevel() on ptolemy.moml.MoMLSimpleApplication@27b30eab
reloadAllAccessors: .ImmediateTransitions1

===========================================================================================
----------------- testing Sat Aug 29 15:37:01 UTC 2020 /home/travis/build/icyphy/ptII/ptolemy/domains/modal/test/auto/ImmediateTransitionsInstantaneousCommunication.xml
----------------- Instantiating /home/travis/build/icyphy/ptII/ptolemy/domains/modal/test/auto/ImmediateTransitionsInstantaneousCommunication.xml
3 ms. Memory: 261120K Free: 217669K (83%)
----------------- Invoking toplevel() on ptolemy.moml.MoMLSimpleApplication@6e2d69e0
----------------- Done invoking toplevel() on ptolemy.moml.MoMLSimpleApplication@6e2d69e0
reloadAllAccessors: .ImmediateTransitionsInstantaneousCommunication

===========================================================================================
----------------- testing Sat Aug 29 15:37:02 UTC 2020 /home/travis/build/icyphy/ptII/ptolemy/domains/modal/test/auto/InitialImmediateTransition.xml
----------------- Instantiating /home/travis/build/icyphy/ptII/ptolemy/domains/modal/test/auto/InitialImmediateTransition.xml
5 ms. Memory: 261120K Free: 210501K (81%)
----------------- Invoking toplevel() on ptolemy.moml.MoMLSimpleApplication@77ac4460
----------------- Done invoking toplevel() on ptolemy.moml.MoMLSimpleApplication@77ac4460
reloadAllAccessors: .InitialImmediateTransition

===========================================================================================
----------------- testing Sat Aug 29 15:37:02 UTC 2020 /home/travis/build/icyphy/ptII/ptolemy/domains/modal/test/auto/InitialOutputs.xml
----------------- Instantiating /home/travis/build/icyphy/ptII/ptolemy/domains/modal/test/auto/InitialOutputs.xml
3 ms. Memory: 261120K Free: 204357K (78%)
----------------- Invoking toplevel() on ptolemy.moml.MoMLSimpleApplication@764e7850
----------------- Done invoking toplevel() on ptolemy.moml.MoMLSimpleApplication@764e7850
reloadAllAccessors: .InitialOutputs

===========================================================================================
----------------- testing Sat Aug 29 15:37:02 UTC 2020 /home/travis/build/icyphy/ptII/ptolemy/domains/modal/test/auto/InitialStateTransition1.xml
----------------- Instantiating /home/travis/build/icyphy/ptII/ptolemy/domains/modal/test/auto/InitialStateTransition1.xml
2 ms. Memory: 261120K Free: 197189K (76%)
----------------- Invoking toplevel() on ptolemy.moml.MoMLSimpleApplication@4ba7d3af
----------------- Done invoking toplevel() on ptolemy.moml.MoMLSimpleApplication@4ba7d3af
reloadAllAccessors: .InitialStateTransition1

===========================================================================================
----------------- testing Sat Aug 29 15:37:02 UTC 2020 /home/travis/build/icyphy/ptII/ptolemy/domains/modal/test/auto/InitialStateTransition2.xml
----------------- Instantiating /home/travis/build/icyphy/ptII/ptolemy/domains/modal/test/auto/InitialStateTransition2.xml
.InitialStateTransition2.TestExceptionAttributeNonConstructive: initialize() was not invoked, but wrapup() was.  This is unusual, but not always a problem.  For example, exporting JNLP will do this.
2 ms. Memory: 261120K Free: 190021K (73%)
----------------- Invoking toplevel() on ptolemy.moml.MoMLSimpleApplication@a1b5801
----------------- Done invoking toplevel() on ptolemy.moml.MoMLSimpleApplication@a1b5801
reloadAllAccessors: .InitialStateTransition2

===========================================================================================
----------------- testing Sat Aug 29 15:37:02 UTC 2020 /home/travis/build/icyphy/ptII/ptolemy/domains/modal/test/auto/InitialStateTransition3.xml
----------------- Instantiating /home/travis/build/icyphy/ptII/ptolemy/domains/modal/test/auto/InitialStateTransition3.xml
5 ms. Memory: 261120K Free: 181315K (69%)
----------------- Invoking toplevel() on ptolemy.moml.MoMLSimpleApplication@50a217dc
----------------- Done invoking toplevel() on ptolemy.moml.MoMLSimpleApplication@50a217dc
reloadAllAccessors: .InitialStateTransition3

===========================================================================================
----------------- testing Sat Aug 29 15:37:02 UTC 2020 /home/travis/build/icyphy/ptII/ptolemy/domains/modal/test/auto/InitialStateTransition4.xml
----------------- Instantiating /home/travis/build/icyphy/ptII/ptolemy/domains/modal/test/auto/InitialStateTransition4.xml
2 ms. Memory: 261120K Free: 171589K (66%)
----------------- Invoking toplevel() on ptolemy.moml.MoMLSimpleApplication@1b7a879e
----------------- Done invoking toplevel() on ptolemy.moml.MoMLSimpleApplication@1b7a879e
[...]
reloadAllAccessors: .TerminationTransition3

===========================================================================================
----------------- testing Sat Aug 29 15:37:03 UTC 2020 /home/travis/build/icyphy/ptII/ptolemy/domains/modal/test/auto/TerminationTransition4.xml
----------------- Instantiating /home/travis/build/icyphy/ptII/ptolemy/domains/modal/test/auto/TerminationTransition4.xml
5 ms. Memory: 331776K Free: 296483K (89%)
----------------- Invoking toplevel() on ptolemy.moml.MoMLSimpleApplication@25cf35de
----------------- Done invoking toplevel() on ptolemy.moml.MoMLSimpleApplication@25cf35de
reloadAllAccessors: .TerminationTransition4

===========================================================================================
----------------- testing Sat Aug 29 15:37:03 UTC 2020 /home/travis/build/icyphy/ptII/ptolemy/domains/modal/test/auto/TerminationTransition5.xml
----------------- Instantiating /home/travis/build/icyphy/ptII/ptolemy/domains/modal/test/auto/TerminationTransition5.xml
2 ms. Memory: 331776K Free: 282661K (85%)
----------------- Invoking toplevel() on ptolemy.moml.MoMLSimpleApplication@6e06cb6f
----------------- Done invoking toplevel() on ptolemy.moml.MoMLSimpleApplication@6e06cb6f
reloadAllAccessors: .TerminationTransition5

===========================================================================================
----------------- testing Sat Aug 29 15:37:03 UTC 2020 /home/travis/build/icyphy/ptII/ptolemy/domains/modal/test/auto/TerminationTransition6.xml
----------------- Instantiating /home/travis/build/icyphy/ptII/ptolemy/domains/modal/test/auto/TerminationTransition6.xml
2 ms. Memory: 331776K Free: 273955K (83%)
----------------- Invoking toplevel() on ptolemy.moml.MoMLSimpleApplication@76397488
----------------- Done invoking toplevel() on ptolemy.moml.MoMLSimpleApplication@76397488
reloadAllAccessors: .TerminationTransition6

===========================================================================================
----------------- testing Sat Aug 29 15:37:03 UTC 2020 /home/travis/build/icyphy/ptII/ptolemy/domains/modal/test/auto/TerminationTransition7.xml
----------------- Instantiating /home/travis/build/icyphy/ptII/ptolemy/domains/modal/test/auto/TerminationTransition7.xml
2 ms. Memory: 331776K Free: 264229K (80%)
----------------- Invoking toplevel() on ptolemy.moml.MoMLSimpleApplication@554bb9ba
----------------- Done invoking toplevel() on ptolemy.moml.MoMLSimpleApplication@554bb9ba
reloadAllAccessors: .TerminationTransition7

===========================================================================================
----------------- testing Sat Aug 29 15:37:03 UTC 2020 /home/travis/build/icyphy/ptII/ptolemy/domains/modal/test/auto/TerminationTransition8.xml
----------------- Instantiating /home/travis/build/icyphy/ptII/ptolemy/domains/modal/test/auto/TerminationTransition8.xml
2 ms. Memory: 331776K Free: 254484K (77%)
----------------- Invoking toplevel() on ptolemy.moml.MoMLSimpleApplication@2e532c8b
----------------- Done invoking toplevel() on ptolemy.moml.MoMLSimpleApplication@2e532c8b
reloadAllAccessors: .TerminationTransition8

===========================================================================================
----------------- testing Sat Aug 29 15:37:03 UTC 2020 /home/travis/build/icyphy/ptII/ptolemy/domains/modal/test/auto/Thermostat_NoHysteresis.xml
----------------- Instantiating /home/travis/build/icyphy/ptII/ptolemy/domains/modal/test/auto/Thermostat_NoHysteresis.xml
27 ms. Memory: 331776K Free: 229923K (69%)
----------------- Invoking toplevel() on ptolemy.moml.MoMLSimpleApplication@4ca478af
----------------- Done invoking toplevel() on ptolemy.moml.MoMLSimpleApplication@4ca478af
reloadAllAccessors: .Thermostat_NoHysteresis

===========================================================================================
----------------- testing Sat Aug 29 15:37:04 UTC 2020 /home/travis/build/icyphy/ptII/ptolemy/domains/modal/test/auto/TimedFSM.xml
----------------- Instantiating /home/travis/build/icyphy/ptII/ptolemy/domains/modal/test/auto/TimedFSM.xml
7 ms. Memory: 331776K Free: 217628K (66%)
----------------- Invoking toplevel() on ptolemy.moml.MoMLSimpleApplication@3d81ba61
----------------- Done invoking toplevel() on ptolemy.moml.MoMLSimpleApplication@3d81ba61
reloadAllAccessors: .TimedFSM

===========================================================================================
----------------- testing Sat Aug 29 15:37:04 UTC 2020 /home/travis/build/icyphy/ptII/ptolemy/domains/modal/test/auto/Timeout1.xml
----------------- Instantiating /home/travis/build/icyphy/ptII/ptolemy/domains/modal/test/auto/Timeout1.xml
3 ms. Memory: 331776K Free: 212005K (64%)
----------------- Invoking toplevel() on ptolemy.moml.MoMLSimpleApplication@29303832
----------------- Done invoking toplevel() on ptolemy.moml.MoMLSimpleApplication@29303832
reloadAllAccessors: .Timeout1

===========================================================================================
----------------- testing Sat Aug 29 15:37:04 UTC 2020 /home/travis/build/icyphy/ptII/ptolemy/domains/modal/test/auto/Timeout2.xml
----------------- Instantiating /home/travis/build/icyphy/ptII/ptolemy/domains/modal/test/auto/Timeout2.xml
7 ms. Memory: 331776K Free: 203284K (61%)
----------------- Invoking toplevel() on ptolemy.moml.MoMLSimpleApplication@18cb78be
----------------- Done invoking toplevel() on ptolemy.moml.MoMLSimpleApplication@18cb78be
reloadAllAccessors: .Timeout2

===========================================================================================
----------------- testing Sat Aug 29 15:37:04 UTC 2020 /home/travis/build/icyphy/ptII/ptolemy/domains/modal/test/auto/Timeout3.xml
----------------- Instantiating /home/travis/build/icyphy/ptII/ptolemy/domains/modal/test/auto/Timeout3.xml
1 ms. Memory: 331776K Free: 198164K (60%)
----------------- Invoking toplevel() on ptolemy.moml.MoMLSimpleApplication@160a3ba8
----------------- Done invoking toplevel() on ptolemy.moml.MoMLSimpleApplication@160a3ba8
reloadAllAccessors: .Timeout3

===========================================================================================
----------------- testing Sat Aug 29 15:37:04 UTC 2020 /home/travis/build/icyphy/ptII/ptolemy/domains/modal/test/auto/Timeout4.xml
----------------- Instantiating /home/travis/build/icyphy/ptII/ptolemy/domains/modal/test/auto/Timeout4.xml
1 ms. Memory: 331776K Free: 193044K (58%)
----------------- Invoking toplevel() on ptolemy.moml.MoMLSimpleApplication@472a999
----------------- Done invoking toplevel() on ptolemy.moml.MoMLSimpleApplication@472a999
reloadAllAccessors: .Timeout4

===========================================================================================
----------------- testing Sat Aug 29 15:37:04 UTC 2020 /home/travis/build/icyphy/ptII/ptolemy/domains/modal/test/auto/TransientstateModelAdvanced.xml
----------------- Instantiating /home/travis/build/icyphy/ptII/ptolemy/domains/modal/test/auto/TransientstateModelAdvanced.xml
3 ms. Memory: 331776K Free: 180740K (54%)
----------------- Invoking toplevel() on ptolemy.moml.MoMLSimpleApplication@34deef72
----------------- Done invoking toplevel() on ptolemy.moml.MoMLSimpleApplication@34deef72
reloadAllAccessors: .TransientstateModelAdvanced

===========================================================================================
----------------- testing Sat Aug 29 15:37:04 UTC 2020 /home/travis/build/icyphy/ptII/ptolemy/domains/modal/test/auto/TransientstateModelAdvanced2.xml
----------------- Instantiating /home/travis/build/icyphy/ptII/ptolemy/domains/modal/test/auto/TransientstateModelAdvanced2.xml
3 ms. Memory: 331776K Free: 166420K (50%)
----------------- Invoking toplevel() on ptolemy.moml.MoMLSimpleApplication@59a64e79
----------------- Done invoking toplevel() on ptolemy.moml.MoMLSimpleApplication@59a64e79
reloadAllAccessors: .transientstatemodelAdvanced

===========================================================================================
----------------- testing Sat Aug 29 15:37:04 UTC 2020 /home/travis/build/icyphy/ptII/ptolemy/domains/modal/test/auto/TransitionRefinements.xml
----------------- Instantiating /home/travis/build/icyphy/ptII/ptolemy/domains/modal/test/auto/TransitionRefinements.xml
6 ms. Memory: 331776K Free: 156709K (47%)
----------------- Invoking toplevel() on ptolemy.moml.MoMLSimpleApplication@830130f
----------------- Done invoking toplevel() on ptolemy.moml.MoMLSimpleApplication@830130f
reloadAllAccessors: .TransitionRefinements

===========================================================================================
----------------- testing Sat Aug 29 15:37:04 UTC 2020 /home/travis/build/icyphy/ptII/ptolemy/domains/modal/test/auto/TwoRefinements1.xml
----------------- Instantiating /home/travis/build/icyphy/ptII/ptolemy/domains/modal/test/auto/TwoRefinements1.xml
4 ms. Memory: 331776K Free: 146469K (44%)
----------------- Invoking toplevel() on ptolemy.moml.MoMLSimpleApplication@fd79455
----------------- Done invoking toplevel() on ptolemy.moml.MoMLSimpleApplication@fd79455
reloadAllAccessors: .TwoRefinements1

===========================================================================================
----------------- testing Sat Aug 29 15:37:04 UTC 2020 /home/travis/build/icyphy/ptII/ptolemy/domains/modal/test/auto/TwoRefinements2.xml
----------------- Instantiating /home/travis/build/icyphy/ptII/ptolemy/domains/modal/test/auto/TwoRefinements2.xml
2 ms. Memory: 331776K Free: 136229K (41%)
----------------- Invoking toplevel() on ptolemy.moml.MoMLSimpleApplication@118e2c29
----------------- Done invoking toplevel() on ptolemy.moml.MoMLSimpleApplication@118e2c29
reloadAllAccessors: .TwoRefinements2

===========================================================================================
----------------- testing Sat Aug 29 15:37:04 UTC 2020 /home/travis/build/icyphy/ptII/ptolemy/domains/modal/test/auto/WeakImmediateTransition.xml
----------------- Instantiating /home/travis/build/icyphy/ptII/ptolemy/domains/modal/test/auto/WeakImmediateTransition.xml
2 ms. Memory: 331776K Free: 127523K (38%)
----------------- Invoking toplevel() on ptolemy.moml.MoMLSimpleApplication@5afdb8b3
----------------- Done invoking toplevel() on ptolemy.moml.MoMLSimpleApplication@5afdb8b3
reloadAllAccessors: .WeakImmediateTransition

===========================================================================================
----------------- testing Sat Aug 29 15:37:04 UTC 2020 /home/travis/build/icyphy/ptII/ptolemy/domains/modal/test/auto/booleanSelect.xml
----------------- Instantiating /home/travis/build/icyphy/ptII/ptolemy/domains/modal/test/auto/booleanSelect.xml
45 ms. Memory: 331776K Free: 303366K (91%)
----------------- Invoking toplevel() on ptolemy.moml.MoMLSimpleApplication@75d5c314
----------------- Done invoking toplevel() on ptolemy.moml.MoMLSimpleApplication@75d5c314
reloadAllAccessors: .booleanSelect

===========================================================================================
----------------- testing Sat Aug 29 15:37:04 UTC 2020 /home/travis/build/icyphy/ptII/ptolemy/domains/modal/test/auto/modalChangingParams.xml
----------------- Instantiating /home/travis/build/icyphy/ptII/ptolemy/domains/modal/test/auto/modalChangingParams.xml
0
1
0
2
4
6
8
7
0
2
4
6
8
13
0
2
4
6
8
19
0
2
4
6
8
25
0
2
4
6
8
31
0
2
4
6
8
37
0
2
4
6
8
43
0
2
4
6
8
49
0
2
4
6
8
55
0
2
4
6
8
61
0
2
4
6
8
67
0
2
4
6
8
73
0
2
4
6
8
79
0
2
4
6
8
85
0
2
4
6
8
91
0
2
4
6
8
97
0
2
4
6
8
103
0
2
4
6
8
109
0
2
4
6
8
115
0
2
4
6
8
121
0
2
4
6
8
127
0
2
4
6
8
133
0
2
4
6
8
139
0
2
4
6
8
145
0
2
4
6
8
151
0
2
4
6
8
157
0
2
4
6
8
163
0
2
4
6
8
169
0
2
4
6
8
175
0
2
4
6
8
181
0
2
4
6
8
187
0
2
4
6
8
193
0
2
4
6
8
199
0
2
4
6
8
205
0
2
4
6
8
211
0
2
4
6
8
217
0
2
4
6
8
223
0
2
4
6
8
229
0
2
4
6
8
235
0
2
4
6
8
241
0
2
4
6
8
247
0
2
4
6
8
253
0
2
4
6
8
259
0
2
4
6
8
265
0
2
4
6
8
271
0
2
4
6
8
277
0
2
4
6
8
283
0
2
4
6
8
289
0
2
4
6
8
295
0
2
4
6
8
301
0
2
4
6
8
307
0
2
4
6
8
313
0
2
4
6
8
319
0
2
4
6
8
325
0
2
4
6
8
331
0
2
4
6
8
337
0
2
4
6
8
343
0
2
4
6
8
349
0
2
4
6
8
355
0
2
4
6
8
361
0
2
4
6
8
367
0
2
4
6
8
373
0
2
4
6
8
379
0
2
4
6
8
385
0
2
4
6
8
391
0
2
4
6
8
397
0
2
4
6
8
403
0
2
4
6
8
409
0
2
4
6
8
415
0
2
4
6
8
421
0
2
4
6
8
427
0
2
4
6
8
433
0
2
4
6
8
439
0
2
4
6
8
445
0
2
4
6
8
451
0
2
4
6
8
457
0
2
4
6
8
463
0
2
4
6
8
469
0
2
4
6
8
475
0
2
4
6
8
481
0
2
4
6
8
487
0
2
4
6
8
493
0
2
4
6
8
499
0
2
4
6
8
505
0
2
4
6
8
511
0
2
4
6
8
517
0
2
4
6
8
523
0
2
4
6
8
529
0
2
4
6
8
535
0
2
4
6
8
541
0
2
4
6
8
547
0
2
4
6
8
553
0
2
4
6
8
559
0
2
4
6
8
565
0
2
4
6
8
571
0
2
4
6
8
577
0
2
4
6
8
583
0
2
4
6
8
589
0
2
4
6
8
595
0
2
4
6
8
601
0
2
4
6
8
607
0
2
4
6
8
613
0
2
4
6
8
619
0
2
4
6
8
625
0
2
4
6
8
631
0
2
4
6
8
637
0
2
4
6
8
643
0
2
4
6
8
649
0
2
4
6
8
655
0
2
4
6
8
661
0
2
4
6
8
667
0
2
4
6
8
673
0
2
4
6
8
679
0
2
4
6
8
685
0
2
4
6
8
691
0
2
4
6
8
697
0
2
4
6
8
703
0
2
4
6
8
709
0
2
4
6
8
715
0
2
4
6
8
721
0
2
4
6
8
727
0
2
4
6
8
733
0
2
4
6
8
739
0
2
4
6
8
745
0
2
4
6
8
751
0
2
4
6
8
757
0
2
4
6
8
763
0
2
4
6
8
769
0
2
4
6
8
775
0
2
4
6
8
781
0
2
4
6
8
787
0
2
4
6
8
793
0
2
4
6
8
799
0
2
4
6
8
805
0
2
4
6
8
811
0
2
4
6
8
817
0
2
4
6
8
823
0
2
4
6
8
829
0
2
4
6
8
835
0
2
4
6
8
841
0
2
4
6
8
847
0
2
4
6
8
853
0
2
4
6
8
859
0
2
4
6
8
865
0
2
4
6
8
871
0
2
4
6
8
877
0
2
4
6
8
883
0
2
4
6
8
889
0
2
4
6
8
895
0
2
4
6
8
901
0
2
4
6
8
907
0
2
4
6
8
913
0
2
4
6
8
919
0
2
4
6
8
925
0
2
4
6
8
931
0
2
4
6
8
937
0
2
4
6
8
943
0
2
4
6
8
949
0
2
4
6
8
955
0
2
4
6
8
961
0
2
4
6
8
967
0
2
4
6
8
973
0
2
4
6
8
979
0
2
4
6
8
985
0
2
4
6
8
991
0
2
4
6
8
997
0
2
255 ms. Memory: 331776K Free: 188566K (57%)
----------------- Invoking toplevel() on ptolemy.moml.MoMLSimpleApplication@4d7ae959
----------------- Done invoking toplevel() on ptolemy.moml.MoMLSimpleApplication@4d7ae959
reloadAllAccessors: .modalChangingParams

===========================================================================================
----------------- testing Sat Aug 29 15:37:04 UTC 2020 /home/travis/build/icyphy/ptII/ptolemy/domains/modal/test/auto/modalModel.xml
----------------- Instantiating /home/travis/build/icyphy/ptII/ptolemy/domains/modal/test/auto/modalModel.xml
5 ms. Memory: 331776K Free: 179846K (54%)
----------------- Invoking toplevel() on ptolemy.moml.MoMLSimpleApplication@4e7c4d0b
----------------- Done invoking toplevel() on ptolemy.moml.MoMLSimpleApplication@4e7c4d0b
reloadAllAccessors: .modalModel

===========================================================================================
----------------- testing Sat Aug 29 15:37:04 UTC 2020 /home/travis/build/icyphy/ptII/ptolemy/domains/modal/test/auto/modalModel2.xml
----------------- Instantiating /home/travis/build/icyphy/ptII/ptolemy/domains/modal/test/auto/modalModel2.xml
7 ms. Memory: 331776K Free: 169110K (51%)
----------------- Invoking toplevel() on ptolemy.moml.MoMLSimpleApplication@21da3013
----------------- Done invoking toplevel() on ptolemy.moml.MoMLSimpleApplication@21da3013
reloadAllAccessors: .modalModel2

===========================================================================================
----------------- testing Sat Aug 29 15:37:04 UTC 2020 /home/travis/build/icyphy/ptII/ptolemy/domains/modal/test/auto/modalModel3.xml
----------------- Instantiating /home/travis/build/icyphy/ptII/ptolemy/domains/modal/test/auto/modalModel3.xml
0	0	0
3	2	1
6	4	2
9	6	3
4	0	4
7	2	5
10	4	6
13	6	7
8	0	8
11	2	9
14	4	10
17	6	11
12	0	12
15	2	13
18	4	14
17 ms. Memory: 331776K Free: 154246K (46%)
----------------- Invoking toplevel() on ptolemy.moml.MoMLSimpleApplication@407b7ee4
----------------- Done invoking toplevel() on ptolemy.moml.MoMLSimpleApplication@407b7ee4
reloadAllAccessors: .modalModel3

===========================================================================================
----------------- testing Sat Aug 29 15:37:04 UTC 2020 /home/travis/build/icyphy/ptII/ptolemy/domains/modal/test/auto/model1.xml
----------------- Instantiating /home/travis/build/icyphy/ptII/ptolemy/domains/modal/test/auto/model1.xml
10 ms. Memory: 331776K Free: 148630K (45%)
----------------- Invoking toplevel() on ptolemy.moml.MoMLSimpleApplication@2eb42a4b
----------------- Done invoking toplevel() on ptolemy.moml.MoMLSimpleApplication@2eb42a4b
reloadAllAccessors: .model1

===========================================================================================
----------------- testing Sat Aug 29 15:37:04 UTC 2020 /home/travis/build/icyphy/ptII/ptolemy/domains/modal/test/auto/test-direct-in-out.xml
----------------- Instantiating /home/travis/build/icyphy/ptII/ptolemy/domains/modal/test/auto/test-direct-in-out.xml
4 ms. Memory: 331776K Free: 140918K (42%)
----------------- Invoking toplevel() on ptolemy.moml.MoMLSimpleApplication@596cff2e
----------------- Done invoking toplevel() on ptolemy.moml.MoMLSimpleApplication@596cff2e
reloadAllAccessors: .test-direct-in-out
AutoTests.java: About to close Vertx.
AutoTests.java: Vertx closed.
]]></system-out>
  <system-err><![CDATA[java.lang.RuntimeException: Execution failed
	at ptolemy.moml.MoMLSimpleApplication$UnloadThread.run(MoMLSimpleApplication.java:402)
Caused by: ptolemy.kernel.util.IllegalActionException: Unknown inputs remain. Possible causality loop:
L_model_1893289564i

  in .CannotAnalysisWithPreemption.model_1893289564_region_1 and .CannotAnalysisWithPreemption.model_1893289564_region_1.L_model_1893289564i
	at ptolemy.actor.sched.FixedPointDirector.postfire(FixedPointDirector.java:515)
	at ptolemy.domains.sr.kernel.SRDirector.postfire(SRDirector.java:417)
	at ptolemy.actor.CompositeActor.postfire(CompositeActor.java:1668)
	at ptolemy.actor.Manager.iterate(Manager.java:852)
	at ptolemy.actor.Manager.execute(Manager.java:369)
	at ptolemy.actor.Manager.run(Manager.java:1263)
	at ptolemy.actor.Manager$PtolemyRunThread.run(Manager.java:1933)
java.lang.reflect.InvocationTargetException
	at java.base/jdk.internal.reflect.NativeConstructorAccessorImpl.newInstance0(Native Method)
	at java.base/jdk.internal.reflect.NativeConstructorAccessorImpl.newInstance(NativeConstructorAccessorImpl.java:62)
	at java.base/jdk.internal.reflect.DelegatingConstructorAccessorImpl.newInstance(DelegatingConstructorAccessorImpl.java:45)
	at java.base/java.lang.reflect.Constructor.newInstance(Constructor.java:490)
	at ptolemy.util.test.junit.AutoKnownFailedTests.RunModel(AutoKnownFailedTests.java:105)
	at java.base/jdk.internal.reflect.NativeMethodAccessorImpl.invoke0(Native Method)
	at java.base/jdk.internal.reflect.NativeMethodAccessorImpl.invoke(NativeMethodAccessorImpl.java:62)
	at java.base/jdk.internal.reflect.DelegatingMethodAccessorImpl.invoke(DelegatingMethodAccessorImpl.java:43)
	at java.base/java.lang.reflect.Method.invoke(Method.java:566)
	at org.junit.runners.model.FrameworkMethod$1.runReflectiveCall(FrameworkMethod.java:44)
	at org.junit.internal.runners.model.ReflectiveCallable.run(ReflectiveCallable.java:15)
	at org.junit.runners.model.FrameworkMethod.invokeExplosively(FrameworkMethod.java:41)
	at junitparams.internal.InvokeParameterisedMethod.evaluate(InvokeParameterisedMethod.java:102)
	at org.junit.internal.runners.statements.FailOnTimeout$1.run(FailOnTimeout.java:28)
Caused by: ptolemy.kernel.util.IllegalActionException: Unknown inputs remain. Possible causality loop:
L_model_1893289564i

  in .CannotAnalysisWithPreemption.model_1893289564_region_1 and .CannotAnalysisWithPreemption.model_1893289564_region_1.L_model_1893289564i
	at ptolemy.actor.sched.FixedPointDirector.postfire(FixedPointDirector.java:515)
	at ptolemy.domains.sr.kernel.SRDirector.postfire(SRDirector.java:417)
	at ptolemy.actor.CompositeActor.postfire(CompositeActor.java:1668)
	at ptolemy.actor.Manager.iterate(Manager.java:852)
	at ptolemy.actor.Manager.execute(Manager.java:369)
	at ptolemy.actor.Manager.run(Manager.java:1263)
	at ptolemy.actor.Manager$PtolemyRunThread.run(Manager.java:1933)
]]></system-err>
</testsuite>
