<?xml version="1.0" encoding="UTF-8" ?>
<testsuite errors="0" failures="0" hostname="travis-job-90a3176c-0e54-45a5-9854-476877e681c3" name="ptolemy.domains.continuous.test.junit.JUnitTclTest" skipped="0" tests="156" time="80.378" timestamp="2019-10-06T05:50:11">
  <properties>
[...]
</properties>
  <testcase classname="ptolemy.util.test.junit.TclTests" name="[0] ThereAreNoTclTests (RunTclFile)" time="0.009" />
  <testcase classname="ptolemy.util.test.junit.AutoKnownFailedTests" name="[0] ThereAreNoKnowFailedTests (RunModel)" time="0.002" />
  <testcase classname="ptolemy.util.test.junit.AutoNameArchTests" name="[0] ThereAreNoAutoArchTests (RunModel)" time="0.011" />
  <testcase classname="ptolemy.util.test.junit.AutoTests" name="[0] /home/travis/build/icyphy/ptII/ptolemy/domains/continuous/test/auto/BouncingBall.xml (RunModel)" time="3.527" />
  <testcase classname="ptolemy.util.test.junit.AutoTests" name="[1] /home/travis/build/icyphy/ptII/ptolemy/domains/continuous/test/auto/BouncingBallWithoutGR.xml (RunModel)" time="1.057" />
  <testcase classname="ptolemy.util.test.junit.AutoTests" name="[2] /home/travis/build/icyphy/ptII/ptolemy/domains/continuous/test/auto/Brownian.xml (RunModel)" time="0.13" />
  <testcase classname="ptolemy.util.test.junit.AutoTests" name="[3] /home/travis/build/icyphy/ptII/ptolemy/domains/continuous/test/auto/CarTracking.xml (RunModel)" time="4.486" />
  <testcase classname="ptolemy.util.test.junit.AutoTests" name="[4] /home/travis/build/icyphy/ptII/ptolemy/domains/continuous/test/auto/CartPendulum.xml (RunModel)" time="0.586" />
  <testcase classname="ptolemy.util.test.junit.AutoTests" name="[5] /home/travis/build/icyphy/ptII/ptolemy/domains/continuous/test/auto/CausalityInterface10.xml (RunModel)" time="0.071" />
  <testcase classname="ptolemy.util.test.junit.AutoTests" name="[6] /home/travis/build/icyphy/ptII/ptolemy/domains/continuous/test/auto/CausalityInterface11.xml (RunModel)" time="0.034" />
  <testcase classname="ptolemy.util.test.junit.AutoTests" name="[7] /home/travis/build/icyphy/ptII/ptolemy/domains/continuous/test/auto/CausalityInterface12.xml (RunModel)" time="0.043" />
  <testcase classname="ptolemy.util.test.junit.AutoTests" name="[8] /home/travis/build/icyphy/ptII/ptolemy/domains/continuous/test/auto/CausalityInterface13.xml (RunModel)" time="0.039" />
  <testcase classname="ptolemy.util.test.junit.AutoTests" name="[9] /home/travis/build/icyphy/ptII/ptolemy/domains/continuous/test/auto/CausalityInterface14.xml (RunModel)" time="0.03" />
  <testcase classname="ptolemy.util.test.junit.AutoTests" name="[10] /home/travis/build/icyphy/ptII/ptolemy/domains/continuous/test/auto/CausalityInterface4.xml (RunModel)" time="0.042" />
  <testcase classname="ptolemy.util.test.junit.AutoTests" name="[11] /home/travis/build/icyphy/ptII/ptolemy/domains/continuous/test/auto/CausalityInterface5.xml (RunModel)" time="0.038" />
  <testcase classname="ptolemy.util.test.junit.AutoTests" name="[12] /home/travis/build/icyphy/ptII/ptolemy/domains/continuous/test/auto/CausalityInterface6.xml (RunModel)" time="0.025" />
  <testcase classname="ptolemy.util.test.junit.AutoTests" name="[13] /home/travis/build/icyphy/ptII/ptolemy/domains/continuous/test/auto/CausalityInterface7.xml (RunModel)" time="0.042" />
  <testcase classname="ptolemy.util.test.junit.AutoTests" name="[14] /home/travis/build/icyphy/ptII/ptolemy/domains/continuous/test/auto/CausalityInterface8.xml (RunModel)" time="0.036" />
  <testcase classname="ptolemy.util.test.junit.AutoTests" name="[15] /home/travis/build/icyphy/ptII/ptolemy/domains/continuous/test/auto/CausalityInterface9.xml (RunModel)" time="0.061" />
  <testcase classname="ptolemy.util.test.junit.AutoTests" name="[16] /home/travis/build/icyphy/ptII/ptolemy/domains/continuous/test/auto/CausalityInterfaceFeedback1.xml (RunModel)" time="0.052" />
  <testcase classname="ptolemy.util.test.junit.AutoTests" name="[17] /home/travis/build/icyphy/ptII/ptolemy/domains/continuous/test/auto/CausalityInterfaceFeedback2.xml (RunModel)" time="0.044" />
  <testcase classname="ptolemy.util.test.junit.AutoTests" name="[18] /home/travis/build/icyphy/ptII/ptolemy/domains/continuous/test/auto/CompareWithCurrentTime.xml (RunModel)" time="0.02" />
  <testcase classname="ptolemy.util.test.junit.AutoTests" name="[19] /home/travis/build/icyphy/ptII/ptolemy/domains/continuous/test/auto/ComparedClocks.xml (RunModel)" time="0.108" />
  <testcase classname="ptolemy.util.test.junit.AutoTests" name="[20] /home/travis/build/icyphy/ptII/ptolemy/domains/continuous/test/auto/ContinuousAOCClone.xml (RunModel)" time="3.162" />
  <testcase classname="ptolemy.util.test.junit.AutoTests" name="[21] /home/travis/build/icyphy/ptII/ptolemy/domains/continuous/test/auto/ContinuousClock.xml (RunModel)" time="0.114" />
  <testcase classname="ptolemy.util.test.junit.AutoTests" name="[22] /home/travis/build/icyphy/ptII/ptolemy/domains/continuous/test/auto/ContinuousInContinuous.xml (RunModel)" time="0.111" />
  <testcase classname="ptolemy.util.test.junit.AutoTests" name="[23] /home/travis/build/icyphy/ptII/ptolemy/domains/continuous/test/auto/ContinuousInContinuousInContinuous.xml (RunModel)" time="0.032" />
  <testcase classname="ptolemy.util.test.junit.AutoTests" name="[24] /home/travis/build/icyphy/ptII/ptolemy/domains/continuous/test/auto/ContinuousInDE.xml (RunModel)" time="0.145" />
  <testcase classname="ptolemy.util.test.junit.AutoTests" name="[25] /home/travis/build/icyphy/ptII/ptolemy/domains/continuous/test/auto/ContinuousInDE2.xml (RunModel)" time="0.062" />
  <testcase classname="ptolemy.util.test.junit.AutoTests" name="[26] /home/travis/build/icyphy/ptII/ptolemy/domains/continuous/test/auto/ContinuousInDE3.xml (RunModel)" time="0.061" />
  <testcase classname="ptolemy.util.test.junit.AutoTests" name="[27] /home/travis/build/icyphy/ptII/ptolemy/domains/continuous/test/auto/ContinuousInDE4.xml (RunModel)" time="0.046" />
  <testcase classname="ptolemy.util.test.junit.AutoTests" name="[28] /home/travis/build/icyphy/ptII/ptolemy/domains/continuous/test/auto/ContinuousInDEDifferentRefinements.xml (RunModel)" time="0.142" />
  <testcase classname="ptolemy.util.test.junit.AutoTests" name="[29] /home/travis/build/icyphy/ptII/ptolemy/domains/continuous/test/auto/ContinuousInDEDifferentRefinementsPreemptive.xml (RunModel)" time="0.108" />
  <testcase classname="ptolemy.util.test.junit.AutoTests" name="[30] /home/travis/build/icyphy/ptII/ptolemy/domains/continuous/test/auto/ContinuousInDEInContinuous2.xml (RunModel)" time="0.073" />
  <testcase classname="ptolemy.util.test.junit.AutoTests" name="[31] /home/travis/build/icyphy/ptII/ptolemy/domains/continuous/test/auto/ContinuousInDEInContinuous3.xml (RunModel)" time="0.069" />
  <testcase classname="ptolemy.util.test.junit.AutoTests" name="[32] /home/travis/build/icyphy/ptII/ptolemy/domains/continuous/test/auto/ContinuousInDEInput.xml (RunModel)" time="0.037" />
  <testcase classname="ptolemy.util.test.junit.AutoTests" name="[33] /home/travis/build/icyphy/ptII/ptolemy/domains/continuous/test/auto/ContinuousInDEInput2.xml (RunModel)" time="0.048" />
  <testcase classname="ptolemy.util.test.junit.AutoTests" name="[34] /home/travis/build/icyphy/ptII/ptolemy/domains/continuous/test/auto/ContinuousInDEInput3.xml (RunModel)" time="0.037" />
  <testcase classname="ptolemy.util.test.junit.AutoTests" name="[35] /home/travis/build/icyphy/ptII/ptolemy/domains/continuous/test/auto/ContinuousInDESharingRefinement.xml (RunModel)" time="0.2" />
  <testcase classname="ptolemy.util.test.junit.AutoTests" name="[36] /home/travis/build/icyphy/ptII/ptolemy/domains/continuous/test/auto/ContinuousInDEwithNoPorts.xml (RunModel)" time="0.023" />
  <testcase classname="ptolemy.util.test.junit.AutoTests" name="[37] /home/travis/build/icyphy/ptII/ptolemy/domains/continuous/test/auto/ContinuousInsideDE.xml (RunModel)" time="0.093" />
  <testcase classname="ptolemy.util.test.junit.AutoTests" name="[38] /home/travis/build/icyphy/ptII/ptolemy/domains/continuous/test/auto/ContinuousMerge1.xml (RunModel)" time="0.022" />
  <testcase classname="ptolemy.util.test.junit.AutoTests" name="[39] /home/travis/build/icyphy/ptII/ptolemy/domains/continuous/test/auto/ContinuousMerge2.xml (RunModel)" time="0.043" />
  <testcase classname="ptolemy.util.test.junit.AutoTests" name="[40] /home/travis/build/icyphy/ptII/ptolemy/domains/continuous/test/auto/ContinuousMerge3.xml (RunModel)" time="0.085" />
  <testcase classname="ptolemy.util.test.junit.AutoTests" name="[41] /home/travis/build/icyphy/ptII/ptolemy/domains/continuous/test/auto/ContinuousWithinContinuous.xml (RunModel)" time="0.058" />
  <testcase classname="ptolemy.util.test.junit.AutoTests" name="[42] /home/travis/build/icyphy/ptII/ptolemy/domains/continuous/test/auto/ContinuousWithinContinuous2.xml (RunModel)" time="0.084" />
  <testcase classname="ptolemy.util.test.junit.AutoTests" name="[43] /home/travis/build/icyphy/ptII/ptolemy/domains/continuous/test/auto/ContinuousWithinContinuous3.xml (RunModel)" time="0.032" />
  <testcase classname="ptolemy.util.test.junit.AutoTests" name="[44] /home/travis/build/icyphy/ptII/ptolemy/domains/continuous/test/auto/ContinuousWithinContinuous4.xml (RunModel)" time="0.08" />
  <testcase classname="ptolemy.util.test.junit.AutoTests" name="[45] /home/travis/build/icyphy/ptII/ptolemy/domains/continuous/test/auto/ContinuousWithinContinuous5.xml (RunModel)" time="0.026" />
  <testcase classname="ptolemy.util.test.junit.AutoTests" name="[46] /home/travis/build/icyphy/ptII/ptolemy/domains/continuous/test/auto/ContinuousWithinContinuous6.xml (RunModel)" time="0.027" />
  <testcase classname="ptolemy.util.test.junit.AutoTests" name="[47] /home/travis/build/icyphy/ptII/ptolemy/domains/continuous/test/auto/ContinuousWithinContinuous7.xml (RunModel)" time="0.072" />
  <testcase classname="ptolemy.util.test.junit.AutoTests" name="[48] /home/travis/build/icyphy/ptII/ptolemy/domains/continuous/test/auto/DCMotor.xml (RunModel)" time="14.434" />
  <testcase classname="ptolemy.util.test.junit.AutoTests" name="[49] /home/travis/build/icyphy/ptII/ptolemy/domains/continuous/test/auto/DEInContinuous.xml (RunModel)" time="0.037" />
  <testcase classname="ptolemy.util.test.junit.AutoTests" name="[50] /home/travis/build/icyphy/ptII/ptolemy/domains/continuous/test/auto/DEinContinuous2.xml (RunModel)" time="0.05" />
  <testcase classname="ptolemy.util.test.junit.AutoTests" name="[51] /home/travis/build/icyphy/ptII/ptolemy/domains/continuous/test/auto/Derivative.xml (RunModel)" time="0.216" />
  <testcase classname="ptolemy.util.test.junit.AutoTests" name="[52] /home/travis/build/icyphy/ptII/ptolemy/domains/continuous/test/auto/Derivative1.xml (RunModel)" time="0.052" />
  <testcase classname="ptolemy.util.test.junit.AutoTests" name="[53] /home/travis/build/icyphy/ptII/ptolemy/domains/continuous/test/auto/DiscreteClock.xml (RunModel)" time="0.014" />
  <testcase classname="ptolemy.util.test.junit.AutoTests" name="[54] /home/travis/build/icyphy/ptII/ptolemy/domains/continuous/test/auto/EfficiencyCurve.xml (RunModel)" time="0.097" />
  <testcase classname="ptolemy.util.test.junit.AutoTests" name="[55] /home/travis/build/icyphy/ptII/ptolemy/domains/continuous/test/auto/ExponentialResponse.xml (RunModel)" time="0.115" />
  <testcase classname="ptolemy.util.test.junit.AutoTests" name="[56] /home/travis/build/icyphy/ptII/ptolemy/domains/continuous/test/auto/ExponentialResponseRK45.xml (RunModel)" time="0.038" />
  <testcase classname="ptolemy.util.test.junit.AutoTests" name="[57] /home/travis/build/icyphy/ptII/ptolemy/domains/continuous/test/auto/Friction.xml (RunModel)" time="1.698" />
  <testcase classname="ptolemy.util.test.junit.AutoTests" name="[58] /home/travis/build/icyphy/ptII/ptolemy/domains/continuous/test/auto/FurutaPendulum.xml (RunModel)" time="3.522" />
  <testcase classname="ptolemy.util.test.junit.AutoTests" name="[59] /home/travis/build/icyphy/ptII/ptolemy/domains/continuous/test/auto/HierarchicalExecution.xml (RunModel)" time="2.087" />
  <testcase classname="ptolemy.util.test.junit.AutoTests" name="[60] /home/travis/build/icyphy/ptII/ptolemy/domains/continuous/test/auto/HybridPlant.xml (RunModel)" time="0.584" />
  <testcase classname="ptolemy.util.test.junit.AutoTests" name="[61] /home/travis/build/icyphy/ptII/ptolemy/domains/continuous/test/auto/Hysteresis.xml (RunModel)" time="0.202" />
  <testcase classname="ptolemy.util.test.junit.AutoTests" name="[62] /home/travis/build/icyphy/ptII/ptolemy/domains/continuous/test/auto/HysteresisWithRandomDelay.xml (RunModel)" time="0.232" />
  <testcase classname="ptolemy.util.test.junit.AutoTests" name="[63] /home/travis/build/icyphy/ptII/ptolemy/domains/continuous/test/auto/HysteresisWithRandomLosses.xml (RunModel)" time="2.43" />
  <testcase classname="ptolemy.util.test.junit.AutoTests" name="[64] /home/travis/build/icyphy/ptII/ptolemy/domains/continuous/test/auto/ImmediateTransitions.xml (RunModel)" time="0.027" />
  <testcase classname="ptolemy.util.test.junit.AutoTests" name="[65] /home/travis/build/icyphy/ptII/ptolemy/domains/continuous/test/auto/ImpulseFeedback.xml (RunModel)" time="0.026" />
  <testcase classname="ptolemy.util.test.junit.AutoTests" name="[66] /home/travis/build/icyphy/ptII/ptolemy/domains/continuous/test/auto/ImpulseFeedback2.xml (RunModel)" time="0.018" />
  <testcase classname="ptolemy.util.test.junit.AutoTests" name="[67] /home/travis/build/icyphy/ptII/ptolemy/domains/continuous/test/auto/IncreasingRatePoisson.xml (RunModel)" time="0.778" />
  <testcase classname="ptolemy.util.test.junit.AutoTests" name="[68] /home/travis/build/icyphy/ptII/ptolemy/domains/continuous/test/auto/InitialStateFeedback.xml (RunModel)" time="0.016" />
  <testcase classname="ptolemy.util.test.junit.AutoTests" name="[69] /home/travis/build/icyphy/ptII/ptolemy/domains/continuous/test/auto/Integration.xml (RunModel)" time="0.014" />
  <testcase classname="ptolemy.util.test.junit.AutoTests" name="[70] /home/travis/build/icyphy/ptII/ptolemy/domains/continuous/test/auto/Integration2.xml (RunModel)" time="0.092" />
  <testcase classname="ptolemy.util.test.junit.AutoTests" name="[71] /home/travis/build/icyphy/ptII/ptolemy/domains/continuous/test/auto/Integration3.xml (RunModel)" time="0.022" />
  <testcase classname="ptolemy.util.test.junit.AutoTests" name="[72] /home/travis/build/icyphy/ptII/ptolemy/domains/continuous/test/auto/Integration5.xml (RunModel)" time="0.011" />
  <testcase classname="ptolemy.util.test.junit.AutoTests" name="[73] /home/travis/build/icyphy/ptII/ptolemy/domains/continuous/test/auto/IntegratorImpulse.xml (RunModel)" time="0.009" />
  <testcase classname="ptolemy.util.test.junit.AutoTests" name="[74] /home/travis/build/icyphy/ptII/ptolemy/domains/continuous/test/auto/IntegratorImpulse2.xml (RunModel)" time="0.013" />
  <testcase classname="ptolemy.util.test.junit.AutoTests" name="[75] /home/travis/build/icyphy/ptII/ptolemy/domains/continuous/test/auto/LevelCrossing1.xml (RunModel)" time="0.016" />
  <testcase classname="ptolemy.util.test.junit.AutoTests" name="[76] /home/travis/build/icyphy/ptII/ptolemy/domains/continuous/test/auto/LevelCrossing2.xml (RunModel)" time="0.012" />
  <testcase classname="ptolemy.util.test.junit.AutoTests" name="[77] /home/travis/build/icyphy/ptII/ptolemy/domains/continuous/test/auto/LevelCrossing3.xml (RunModel)" time="0.016" />
  <testcase classname="ptolemy.util.test.junit.AutoTests" name="[78] /home/travis/build/icyphy/ptII/ptolemy/domains/continuous/test/auto/LevelCrossing4.xml (RunModel)" time="0.015" />
  <testcase classname="ptolemy.util.test.junit.AutoTests" name="[79] /home/travis/build/icyphy/ptII/ptolemy/domains/continuous/test/auto/LevelCrossing5.xml (RunModel)" time="0.016" />
  <testcase classname="ptolemy.util.test.junit.AutoTests" name="[80] /home/travis/build/icyphy/ptII/ptolemy/domains/continuous/test/auto/LevelCrossing6.xml (RunModel)" time="0.013" />
  <testcase classname="ptolemy.util.test.junit.AutoTests" name="[81] /home/travis/build/icyphy/ptII/ptolemy/domains/continuous/test/auto/LevelCrossingDetector.xml (RunModel)" time="0.045" />
  <testcase classname="ptolemy.util.test.junit.AutoTests" name="[82] /home/travis/build/icyphy/ptII/ptolemy/domains/continuous/test/auto/LevelCrossingDetectorDetectingDirections.xml (RunModel)" time="0.09" />
  <testcase classname="ptolemy.util.test.junit.AutoTests" name="[83] /home/travis/build/icyphy/ptII/ptolemy/domains/continuous/test/auto/LevelCrossingDetectorDetectsGlitches.xml (RunModel)" time="0.063" />
  <testcase classname="ptolemy.util.test.junit.AutoTests" name="[84] /home/travis/build/icyphy/ptII/ptolemy/domains/continuous/test/auto/LevelCrossingNoInitialOuput.xml (RunModel)" time="0.014" />
  <testcase classname="ptolemy.util.test.junit.AutoTests" name="[85] /home/travis/build/icyphy/ptII/ptolemy/domains/continuous/test/auto/LinearStateSpaceExample.xml (RunModel)" time="0.073" />
  <testcase classname="ptolemy.util.test.junit.AutoTests" name="[86] /home/travis/build/icyphy/ptII/ptolemy/domains/continuous/test/auto/Lorenz.xml (RunModel)" time="4.368" />
  <testcase classname="ptolemy.util.test.junit.AutoTests" name="[87] /home/travis/build/icyphy/ptII/ptolemy/domains/continuous/test/auto/LorenzDifferentialSystem.xml (RunModel)" time="1.139" />
  <testcase classname="ptolemy.util.test.junit.AutoTests" name="[88] /home/travis/build/icyphy/ptII/ptolemy/domains/continuous/test/auto/LorenzDifferentialSystemWithInput.xml (RunModel)" time="1.405" />
  <testcase classname="ptolemy.util.test.junit.AutoTests" name="[89] /home/travis/build/icyphy/ptII/ptolemy/domains/continuous/test/auto/LorenzDifferentialSystemWithTime.xml (RunModel)" time="0.728" />
  <testcase classname="ptolemy.util.test.junit.AutoTests" name="[90] /home/travis/build/icyphy/ptII/ptolemy/domains/continuous/test/auto/Microsteps.xml (RunModel)" time="0.029" />
  <testcase classname="ptolemy.util.test.junit.AutoTests" name="[91] /home/travis/build/icyphy/ptII/ptolemy/domains/continuous/test/auto/Modal1.xml (RunModel)" time="0.038" />
  <testcase classname="ptolemy.util.test.junit.AutoTests" name="[92] /home/travis/build/icyphy/ptII/ptolemy/domains/continuous/test/auto/Modal2.xml (RunModel)" time="0.055" />
  <testcase classname="ptolemy.util.test.junit.AutoTests" name="[93] /home/travis/build/icyphy/ptII/ptolemy/domains/continuous/test/auto/ModalTransitionGuardWithReset.xml (RunModel)" time="0.031" />
  <testcase classname="ptolemy.util.test.junit.AutoTests" name="[94] /home/travis/build/icyphy/ptII/ptolemy/domains/continuous/test/auto/ModalTransitionGuardWithResetUsingPreemptiveTransition.xml (RunModel)" time="0.024" />
  <testcase classname="ptolemy.util.test.junit.AutoTests" name="[95] /home/travis/build/icyphy/ptII/ptolemy/domains/continuous/test/auto/ModalTransitionGuardWithResetUsingPreemptiveTransition2.xml (RunModel)" time="0.036" />
  <testcase classname="ptolemy.util.test.junit.AutoTests" name="[96] /home/travis/build/icyphy/ptII/ptolemy/domains/continuous/test/auto/ModalTransitionGuardWithResetUsingPreemptiveTransition3.xml (RunModel)" time="0.026" />
  <testcase classname="ptolemy.util.test.junit.AutoTests" name="[97] /home/travis/build/icyphy/ptII/ptolemy/domains/continuous/test/auto/NewtonsCradle.xml (RunModel)" time="0.863" />
  <testcase classname="ptolemy.util.test.junit.AutoTests" name="[98] /home/travis/build/icyphy/ptII/ptolemy/domains/continuous/test/auto/NewtonsCradleAnimated.xml (RunModel)" time="1.389" />
  <testcase classname="ptolemy.util.test.junit.AutoTests" name="[99] /home/travis/build/icyphy/ptII/ptolemy/domains/continuous/test/auto/NewtonsCradleComplicated.xml (RunModel)" time="1.172" />
  <testcase classname="ptolemy.util.test.junit.AutoTests" name="[100] /home/travis/build/icyphy/ptII/ptolemy/domains/continuous/test/auto/NewtonsCradleNondeterministic.xml (RunModel)" time="0.798" />
  <testcase classname="ptolemy.util.test.junit.AutoTests" name="[101] /home/travis/build/icyphy/ptII/ptolemy/domains/continuous/test/auto/NewtonsCradlePerfectlyInelastic1.xml (RunModel)" time="1.345" />
  <testcase classname="ptolemy.util.test.junit.AutoTests" name="[102] /home/travis/build/icyphy/ptII/ptolemy/domains/continuous/test/auto/Noise.xml (RunModel)" time="0.195" />
  <testcase classname="ptolemy.util.test.junit.AutoTests" name="[103] /home/travis/build/icyphy/ptII/ptolemy/domains/continuous/test/auto/NoiseSpectrum.xml (RunModel)" time="0.842" />
  <testcase classname="ptolemy.util.test.junit.AutoTests" name="[104] /home/travis/build/icyphy/ptII/ptolemy/domains/continuous/test/auto/ParameterizedNewtonsCradleAnimated.xml (RunModel)" time="0.417" />
  <testcase classname="ptolemy.util.test.junit.AutoTests" name="[105] /home/travis/build/icyphy/ptII/ptolemy/domains/continuous/test/auto/ParameterizedNewtonsCradleAnimatedNondeterministic.xml (RunModel)" time="1.318" />
  <testcase classname="ptolemy.util.test.junit.AutoTests" name="[106] /home/travis/build/icyphy/ptII/ptolemy/domains/continuous/test/auto/Pendulum3D.xml (RunModel)" time="0.197" />
  <testcase classname="ptolemy.util.test.junit.AutoTests" name="[107] /home/travis/build/icyphy/ptII/ptolemy/domains/continuous/test/auto/PeriodicSampler.xml (RunModel)" time="0.014" />
  <testcase classname="ptolemy.util.test.junit.AutoTests" name="[108] /home/travis/build/icyphy/ptII/ptolemy/domains/continuous/test/auto/PeriodicSampler1.xml (RunModel)" time="0.051" />
  <testcase classname="ptolemy.util.test.junit.AutoTests" name="[109] /home/travis/build/icyphy/ptII/ptolemy/domains/continuous/test/auto/PeriodicSampler2.xml (RunModel)" time="0.099" />
  <testcase classname="ptolemy.util.test.junit.AutoTests" name="[110] /home/travis/build/icyphy/ptII/ptolemy/domains/continuous/test/auto/Poisson.xml (RunModel)" time="0.508" />
  <testcase classname="ptolemy.util.test.junit.AutoTests" name="[111] /home/travis/build/icyphy/ptII/ptolemy/domains/continuous/test/auto/PoissonClock.xml (RunModel)" time="0.019" />
  <testcase classname="ptolemy.util.test.junit.AutoTests" name="[112] /home/travis/build/icyphy/ptII/ptolemy/domains/continuous/test/auto/PoissonClock2.xml (RunModel)" time="0.02" />
  <testcase classname="ptolemy.util.test.junit.AutoTests" name="[113] /home/travis/build/icyphy/ptII/ptolemy/domains/continuous/test/auto/PortParameterHierarchy.xml (RunModel)" time="0.046" />
  <testcase classname="ptolemy.util.test.junit.AutoTests" name="[114] /home/travis/build/icyphy/ptII/ptolemy/domains/continuous/test/auto/RandomHybridPlant.xml (RunModel)" time="0.629" />
  <testcase classname="ptolemy.util.test.junit.AutoTests" name="[115] /home/travis/build/icyphy/ptII/ptolemy/domains/continuous/test/auto/ResetTransitionWithStartTime1.xml (RunModel)" time="0.033" />
  <testcase classname="ptolemy.util.test.junit.AutoTests" name="[116] /home/travis/build/icyphy/ptII/ptolemy/domains/continuous/test/auto/ResetTransitionWithStartTime2.xml (RunModel)" time="0.042" />
  <testcase classname="ptolemy.util.test.junit.AutoTests" name="[117] /home/travis/build/icyphy/ptII/ptolemy/domains/continuous/test/auto/ResetTransitionWithStartTime3.xml (RunModel)" time="0.039" />
  <testcase classname="ptolemy.util.test.junit.AutoTests" name="[118] /home/travis/build/icyphy/ptII/ptolemy/domains/continuous/test/auto/ResetTransitionWithStartTime4.xml (RunModel)" time="0.033" />
  <testcase classname="ptolemy.util.test.junit.AutoTests" name="[119] /home/travis/build/icyphy/ptII/ptolemy/domains/continuous/test/auto/ResetTransitionWithStartTime5.xml (RunModel)" time="0.04" />
  <testcase classname="ptolemy.util.test.junit.AutoTests" name="[120] /home/travis/build/icyphy/ptII/ptolemy/domains/continuous/test/auto/ResetTransitionWithStartTime6.xml (RunModel)" time="0.028" />
  <testcase classname="ptolemy.util.test.junit.AutoTests" name="[121] /home/travis/build/icyphy/ptII/ptolemy/domains/continuous/test/auto/SRinContinuous.xml (RunModel)" time="0.029" />
  <testcase classname="ptolemy.util.test.junit.AutoTests" name="[122] /home/travis/build/icyphy/ptII/ptolemy/domains/continuous/test/auto/SampledClocks.xml (RunModel)" time="0.037" />
  <testcase classname="ptolemy.util.test.junit.AutoTests" name="[123] /home/travis/build/icyphy/ptII/ptolemy/domains/continuous/test/auto/Satellite.xml (RunModel)" time="0.797" />
  <testcase classname="ptolemy.util.test.junit.AutoTests" name="[124] /home/travis/build/icyphy/ptII/ptolemy/domains/continuous/test/auto/SigmaDelta.xml (RunModel)" time="2.449" />
  <testcase classname="ptolemy.util.test.junit.AutoTests" name="[125] /home/travis/build/icyphy/ptII/ptolemy/domains/continuous/test/auto/SingleRefinement.xml (RunModel)" time="0.473" />
  <testcase classname="ptolemy.util.test.junit.AutoTests" name="[126] /home/travis/build/icyphy/ptII/ptolemy/domains/continuous/test/auto/SinuBouncingBall.xml (RunModel)" time="0.915" />
  <testcase classname="ptolemy.util.test.junit.AutoTests" name="[127] /home/travis/build/icyphy/ptII/ptolemy/domains/continuous/test/auto/Sinusoid.xml (RunModel)" time="0.013" />
  <testcase classname="ptolemy.util.test.junit.AutoTests" name="[128] /home/travis/build/icyphy/ptII/ptolemy/domains/continuous/test/auto/SinusoidInNoise.xml (RunModel)" time="1.002" />
  <testcase classname="ptolemy.util.test.junit.AutoTests" name="[129] /home/travis/build/icyphy/ptII/ptolemy/domains/continuous/test/auto/SinusoidRK45.xml (RunModel)" time="0.01" />
  <testcase classname="ptolemy.util.test.junit.AutoTests" name="[130] /home/travis/build/icyphy/ptII/ptolemy/domains/continuous/test/auto/SinusoidWithMultipleImpulses.xml (RunModel)" time="0.011" />
  <testcase classname="ptolemy.util.test.junit.AutoTests" name="[131] /home/travis/build/icyphy/ptII/ptolemy/domains/continuous/test/auto/SquareWave.xml (RunModel)" time="0.209" />
  <testcase classname="ptolemy.util.test.junit.AutoTests" name="[132] /home/travis/build/icyphy/ptII/ptolemy/domains/continuous/test/auto/Starmac.xml (RunModel)" time="3.407" />
  <testcase classname="ptolemy.util.test.junit.AutoTests" name="[133] /home/travis/build/icyphy/ptII/ptolemy/domains/continuous/test/auto/StaticUnits.xml (RunModel)" time="2.651" />
  <testcase classname="ptolemy.util.test.junit.AutoTests" name="[134] /home/travis/build/icyphy/ptII/ptolemy/domains/continuous/test/auto/StickyMasses.xml (RunModel)" time="0.197" />
  <testcase classname="ptolemy.util.test.junit.AutoTests" name="[135] /home/travis/build/icyphy/ptII/ptolemy/domains/continuous/test/auto/StopTime.xml (RunModel)" time="0.069" />
  <testcase classname="ptolemy.util.test.junit.AutoTests" name="[136] /home/travis/build/icyphy/ptII/ptolemy/domains/continuous/test/auto/StopTime2.xml (RunModel)" time="0.065" />
  <testcase classname="ptolemy.util.test.junit.AutoTests" name="[137] /home/travis/build/icyphy/ptII/ptolemy/domains/continuous/test/auto/Switch.xml (RunModel)" time="0.091" />
  <testcase classname="ptolemy.util.test.junit.AutoTests" name="[138] /home/travis/build/icyphy/ptII/ptolemy/domains/continuous/test/auto/Thermostat.xml (RunModel)" time="0.218" />
  <testcase classname="ptolemy.util.test.junit.AutoTests" name="[139] /home/travis/build/icyphy/ptII/ptolemy/domains/continuous/test/auto/TimeDelay.xml (RunModel)" time="0.017" />
  <testcase classname="ptolemy.util.test.junit.AutoTests" name="[140] /home/travis/build/icyphy/ptII/ptolemy/domains/continuous/test/auto/TimeDelay2.xml (RunModel)" time="0.034" />
  <testcase classname="ptolemy.util.test.junit.AutoTests" name="[141] /home/travis/build/icyphy/ptII/ptolemy/domains/continuous/test/auto/TimeDelay3.xml (RunModel)" time="0.018" />
  <testcase classname="ptolemy.util.test.junit.AutoTests" name="[142] /home/travis/build/icyphy/ptII/ptolemy/domains/continuous/test/auto/TransferAbsentToInside.xml (RunModel)" time="0.124" />
  <testcase classname="ptolemy.util.test.junit.AutoTests" name="[143] /home/travis/build/icyphy/ptII/ptolemy/domains/continuous/test/auto/Transmission.xml (RunModel)" time="0.883" />
  <testcase classname="ptolemy.util.test.junit.AutoTests" name="[144] /home/travis/build/icyphy/ptII/ptolemy/domains/continuous/test/auto/TriggeredContinuousClock.xml (RunModel)" time="0.089" />
  <testcase classname="ptolemy.util.test.junit.AutoTests" name="[145] /home/travis/build/icyphy/ptII/ptolemy/domains/continuous/test/auto/TwoMachineInfiniteBusControl.xml (RunModel)" time="3.582" />
  <testcase classname="ptolemy.util.test.junit.AutoTests" name="[146] /home/travis/build/icyphy/ptII/ptolemy/domains/continuous/test/auto/V2V.xml (RunModel)" time="0.911" />
  <testcase classname="ptolemy.util.test.junit.AutoTests" name="[147] /home/travis/build/icyphy/ptII/ptolemy/domains/continuous/test/auto/hierarchicalModalModel.xml (RunModel)" time="0.035" />
  <testcase classname="ptolemy.util.test.junit.AutoTests" name="[148] /home/travis/build/icyphy/ptII/ptolemy/domains/continuous/test/auto/hierarchicalModalModel1.xml (RunModel)" time="0.036" />
  <testcase classname="ptolemy.util.test.junit.AutoTests" name="[149] /home/travis/build/icyphy/ptII/ptolemy/domains/continuous/test/auto/hierarchicalModalModel2.xml (RunModel)" time="0.029" />
  <testcase classname="ptolemy.util.test.junit.AutoTests" name="[150] /home/travis/build/icyphy/ptII/ptolemy/domains/continuous/test/auto/hierarchicalModalModel3.xml (RunModel)" time="0.024" />
  <testcase classname="ptolemy.util.test.junit.AutoTests" name="[151] /home/travis/build/icyphy/ptII/ptolemy/domains/continuous/test/auto/hierarchicalModalModel4.xml (RunModel)" time="0.026" />
  <testcase classname="ptolemy.util.test.junit.AutoTests" name="[152] /home/travis/build/icyphy/ptII/ptolemy/domains/continuous/test/auto/junk.xml (RunModel)" time="0.163" />
  <system-out><![CDATA[No tcl tests in /home/travis/build/icyphy/ptII/ptolemy/domains/continuous/test
No auto/knownFailedTests/*.xml tests in /home/travis/build/icyphy/ptII/ptolemy/domains/continuous/test
No auto/linux-amd64/*.xml tests in /home/travis/build/icyphy/ptII/ptolemy/domains/continuous/test
AutoTests.java: About to close Vertx.
AutoTests.java: Vertx closed.

===========================================================================================
----------------- testing Sun Oct 06 05:50:12 UTC 2019 /home/travis/build/icyphy/ptII/ptolemy/domains/continuous/test/auto/BouncingBall.xml
----------------- Instantiating /home/travis/build/icyphy/ptII/ptolemy/domains/continuous/test/auto/BouncingBall.xml
2626 ms. Memory: 147456K Free: 75322K (51%)
----------------- Invoking toplevel() on ptolemy.moml.MoMLSimpleApplication@285fedd0
----------------- Done invoking toplevel() on ptolemy.moml.MoMLSimpleApplication@285fedd0
reloadAllAccessors: .BouncingBall

===========================================================================================
----------------- testing Sun Oct 06 05:50:15 UTC 2019 /home/travis/build/icyphy/ptII/ptolemy/domains/continuous/test/auto/BouncingBallWithoutGR.xml
----------------- Instantiating /home/travis/build/icyphy/ptII/ptolemy/domains/continuous/test/auto/BouncingBallWithoutGR.xml
863 ms. Memory: 147456K Free: 64909K (44%)
----------------- Invoking toplevel() on ptolemy.moml.MoMLSimpleApplication@62100d26
----------------- Done invoking toplevel() on ptolemy.moml.MoMLSimpleApplication@62100d26
reloadAllAccessors: .BouncingBallWithoutGR

===========================================================================================
----------------- testing Sun Oct 06 05:50:16 UTC 2019 /home/travis/build/icyphy/ptII/ptolemy/domains/continuous/test/auto/Brownian.xml
----------------- Instantiating /home/travis/build/icyphy/ptII/ptolemy/domains/continuous/test/auto/Brownian.xml
44 ms. Memory: 147456K Free: 56203K (38%)
----------------- Invoking toplevel() on ptolemy.moml.MoMLSimpleApplication@60c9d8a0
----------------- Done invoking toplevel() on ptolemy.moml.MoMLSimpleApplication@60c9d8a0
reloadAllAccessors: .Brownian

===========================================================================================
----------------- testing Sun Oct 06 05:50:16 UTC 2019 /home/travis/build/icyphy/ptII/ptolemy/domains/continuous/test/auto/CarTracking.xml
----------------- Instantiating /home/travis/build/icyphy/ptII/ptolemy/domains/continuous/test/auto/CarTracking.xml
4043 ms. Memory: 212992K Free: 145488K (68%)
----------------- Invoking toplevel() on ptolemy.moml.MoMLSimpleApplication@1f6cddef
----------------- Done invoking toplevel() on ptolemy.moml.MoMLSimpleApplication@1f6cddef
reloadAllAccessors: .CarTracking

===========================================================================================
----------------- testing Sun Oct 06 05:50:21 UTC 2019 /home/travis/build/icyphy/ptII/ptolemy/domains/continuous/test/auto/CartPendulum.xml
----------------- Instantiating /home/travis/build/icyphy/ptII/ptolemy/domains/continuous/test/auto/CartPendulum.xml
424 ms. Memory: 212992K Free: 177544K (83%)
----------------- Invoking toplevel() on ptolemy.moml.MoMLSimpleApplication@67a6d8f9
----------------- Done invoking toplevel() on ptolemy.moml.MoMLSimpleApplication@67a6d8f9
reloadAllAccessors: .CartPendulum

===========================================================================================
----------------- testing Sun Oct 06 05:50:21 UTC 2019 /home/travis/build/icyphy/ptII/ptolemy/domains/continuous/test/auto/CausalityInterface10.xml
----------------- Instantiating /home/travis/build/icyphy/ptII/ptolemy/domains/continuous/test/auto/CausalityInterface10.xml
22 ms. Memory: 212992K Free: 166792K (78%)
----------------- Invoking toplevel() on ptolemy.moml.MoMLSimpleApplication@107ab67c
----------------- Done invoking toplevel() on ptolemy.moml.MoMLSimpleApplication@107ab67c
reloadAllAccessors: .CausalityInterface10

===========================================================================================
----------------- testing Sun Oct 06 05:50:21 UTC 2019 /home/travis/build/icyphy/ptII/ptolemy/domains/continuous/test/auto/CausalityInterface11.xml
----------------- Instantiating /home/travis/build/icyphy/ptII/ptolemy/domains/continuous/test/auto/CausalityInterface11.xml
8 ms. Memory: 212992K Free: 160650K (75%)
----------------- Invoking toplevel() on ptolemy.moml.MoMLSimpleApplication@6360f919
----------------- Done invoking toplevel() on ptolemy.moml.MoMLSimpleApplication@6360f919
reloadAllAccessors: .CausalityInterface11

===========================================================================================
----------------- testing Sun Oct 06 05:50:21 UTC 2019 /home/travis/build/icyphy/ptII/ptolemy/domains/continuous/test/auto/CausalityInterface12.xml
----------------- Instantiating /home/travis/build/icyphy/ptII/ptolemy/domains/continuous/test/auto/CausalityInterface12.xml
13 ms. Memory: 212992K Free: 154506K (73%)
----------------- Invoking toplevel() on ptolemy.moml.MoMLSimpleApplication@9f15ce1
----------------- Done invoking toplevel() on ptolemy.moml.MoMLSimpleApplication@9f15ce1
reloadAllAccessors: .CausalityInterface12

===========================================================================================
----------------- testing Sun Oct 06 05:50:21 UTC 2019 /home/travis/build/icyphy/ptII/ptolemy/domains/continuous/test/auto/CausalityInterface13.xml
----------------- Instantiating /home/travis/build/icyphy/ptII/ptolemy/domains/continuous/test/auto/CausalityInterface13.xml
8 ms. Memory: 212992K Free: 148362K (70%)
----------------- Invoking toplevel() on ptolemy.moml.MoMLSimpleApplication@2a5b4ca7
----------------- Done invoking toplevel() on ptolemy.moml.MoMLSimpleApplication@2a5b4ca7
reloadAllAccessors: .CausalityInterface13

===========================================================================================
----------------- testing Sun Oct 06 05:50:22 UTC 2019 /home/travis/build/icyphy/ptII/ptolemy/domains/continuous/test/auto/CausalityInterface14.xml
----------------- Instantiating /home/travis/build/icyphy/ptII/ptolemy/domains/continuous/test/auto/CausalityInterface14.xml
6 ms. Memory: 212992K Free: 142714K (67%)
----------------- Invoking toplevel() on ptolemy.moml.MoMLSimpleApplication@542890e2
----------------- Done invoking toplevel() on ptolemy.moml.MoMLSimpleApplication@542890e2
reloadAllAccessors: .CausalityInterface14

===========================================================================================
----------------- testing Sun Oct 06 05:50:22 UTC 2019 /home/travis/build/icyphy/ptII/ptolemy/domains/continuous/test/auto/CausalityInterface4.xml
----------------- Instantiating /home/travis/build/icyphy/ptII/ptolemy/domains/continuous/test/auto/CausalityInterface4.xml
6 ms. Memory: 212992K Free: 135546K (64%)
----------------- Invoking toplevel() on ptolemy.moml.MoMLSimpleApplication@2da8cc60
----------------- Done invoking toplevel() on ptolemy.moml.MoMLSimpleApplication@2da8cc60
reloadAllAccessors: .CausalityInterface4

===========================================================================================
----------------- testing Sun Oct 06 05:50:22 UTC 2019 /home/travis/build/icyphy/ptII/ptolemy/domains/continuous/test/auto/CausalityInterface5.xml
----------------- Instantiating /home/travis/build/icyphy/ptII/ptolemy/domains/continuous/test/auto/CausalityInterface5.xml
7 ms. Memory: 212992K Free: 127368K (60%)
----------------- Invoking toplevel() on ptolemy.moml.MoMLSimpleApplication@42b23ffe
----------------- Done invoking toplevel() on ptolemy.moml.MoMLSimpleApplication@42b23ffe
reloadAllAccessors: .CausalityInterface5

===========================================================================================
----------------- testing Sun Oct 06 05:50:22 UTC 2019 /home/travis/build/icyphy/ptII/ptolemy/domains/continuous/test/auto/CausalityInterface6.xml
----------------- Instantiating /home/travis/build/icyphy/ptII/ptolemy/domains/continuous/test/auto/CausalityInterface6.xml
4 ms. Memory: 212992K Free: 122234K (57%)
----------------- Invoking toplevel() on ptolemy.moml.MoMLSimpleApplication@7a81bab5
----------------- Done invoking toplevel() on ptolemy.moml.MoMLSimpleApplication@7a81bab5
reloadAllAccessors: .CausalityInterface6

===========================================================================================
----------------- testing Sun Oct 06 05:50:22 UTC 2019 /home/travis/build/icyphy/ptII/ptolemy/domains/continuous/test/auto/CausalityInterface7.xml
----------------- Instantiating /home/travis/build/icyphy/ptII/ptolemy/domains/continuous/test/auto/CausalityInterface7.xml
11 ms. Memory: 212992K Free: 113546K (53%)
----------------- Invoking toplevel() on ptolemy.moml.MoMLSimpleApplication@79985bce
----------------- Done invoking toplevel() on ptolemy.moml.MoMLSimpleApplication@79985bce
reloadAllAccessors: .CausalityInterface7

===========================================================================================
----------------- testing Sun Oct 06 05:50:22 UTC 2019 /home/travis/build/icyphy/ptII/ptolemy/domains/continuous/test/auto/CausalityInterface8.xml
----------------- Instantiating /home/travis/build/icyphy/ptII/ptolemy/domains/continuous/test/auto/CausalityInterface8.xml
6 ms. Memory: 212992K Free: 104330K (49%)
----------------- Invoking toplevel() on ptolemy.moml.MoMLSimpleApplication@39ecf87c
----------------- Done invoking toplevel() on ptolemy.moml.MoMLSimpleApplication@39ecf87c
reloadAllAccessors: .CausalityInterface8

===========================================================================================
----------------- testing Sun Oct 06 05:50:22 UTC 2019 /home/travis/build/icyphy/ptII/ptolemy/domains/continuous/test/auto/CausalityInterface9.xml
----------------- Instantiating /home/travis/build/icyphy/ptII/ptolemy/domains/continuous/test/auto/CausalityInterface9.xml
13 ms. Memory: 212992K Free: 93576K (44%)
----------------- Invoking toplevel() on ptolemy.moml.MoMLSimpleApplication@725f57f6
----------------- Done invoking toplevel() on ptolemy.moml.MoMLSimpleApplication@725f57f6
reloadAllAccessors: .CausalityInterface9

===========================================================================================
----------------- testing Sun Oct 06 05:50:22 UTC 2019 /home/travis/build/icyphy/ptII/ptolemy/domains/continuous/test/auto/CausalityInterfaceFeedback1.xml
----------------- Instantiating /home/travis/build/icyphy/ptII/ptolemy/domains/continuous/test/auto/CausalityInterfaceFeedback1.xml
7 ms. Memory: 212992K Free: 86922K (41%)
----------------- Invoking toplevel() on ptolemy.moml.MoMLSimpleApplication@66353cb
----------------- Done invoking toplevel() on ptolemy.moml.MoMLSimpleApplication@66353cb
reloadAllAccessors: .CausalityInterfaceFeedback1

===========================================================================================
----------------- testing Sun Oct 06 05:50:22 UTC 2019 /home/travis/build/icyphy/ptII/ptolemy/domains/continuous/test/auto/CausalityInterfaceFeedback2.xml
----------------- Instantiating /home/travis/build/icyphy/ptII/ptolemy/domains/continuous/test/auto/CausalityInterfaceFeedback2.xml
8 ms. Memory: 212992K Free: 80234K (38%)
----------------- Invoking toplevel() on ptolemy.moml.MoMLSimpleApplication@1c2616c1
----------------- Done invoking toplevel() on ptolemy.moml.MoMLSimpleApplication@1c2616c1
reloadAllAccessors: .CausalityInterfaceFeedback2

===========================================================================================
----------------- testing Sun Oct 06 05:50:22 UTC 2019 /home/travis/build/icyphy/ptII/ptolemy/domains/continuous/test/auto/CompareWithCurrentTime.xml
----------------- Instantiating /home/travis/build/icyphy/ptII/ptolemy/domains/continuous/test/auto/CompareWithCurrentTime.xml
6 ms. Memory: 212992K Free: 76168K (36%)
----------------- Invoking toplevel() on ptolemy.moml.MoMLSimpleApplication@61167d47
----------------- Done invoking toplevel() on ptolemy.moml.MoMLSimpleApplication@61167d47
reloadAllAccessors: .CompareWithCurrentTime

===========================================================================================
----------------- testing Sun Oct 06 05:50:22 UTC 2019 /home/travis/build/icyphy/ptII/ptolemy/domains/continuous/test/auto/ComparedClocks.xml
----------------- Instantiating /home/travis/build/icyphy/ptII/ptolemy/domains/continuous/test/auto/ComparedClocks.xml
8 ms. Memory: 212992K Free: 186053K (87%)
----------------- Invoking toplevel() on ptolemy.moml.MoMLSimpleApplication@5a286ff8
----------------- Done invoking toplevel() on ptolemy.moml.MoMLSimpleApplication@5a286ff8
reloadAllAccessors: .ComparedClocks

===========================================================================================
----------------- testing Sun Oct 06 05:50:22 UTC 2019 /home/travis/build/icyphy/ptII/ptolemy/domains/continuous/test/auto/ContinuousAOCClone.xml
----------------- Instantiating /home/travis/build/icyphy/ptII/ptolemy/domains/continuous/test/auto/ContinuousAOCClone.xml
2878 ms. Memory: 256000K Free: 221133K (86%)
----------------- Invoking toplevel() on ptolemy.moml.MoMLSimpleApplication@7f88db61
----------------- Done invoking toplevel() on ptolemy.moml.MoMLSimpleApplication@7f88db61
reloadAllAccessors: .ContinuousAOCClone

===========================================================================================
----------------- testing Sun Oct 06 05:50:25 UTC 2019 /home/travis/build/icyphy/ptII/ptolemy/domains/continuous/test/auto/ContinuousClock.xml
----------------- Instantiating /home/travis/build/icyphy/ptII/ptolemy/domains/continuous/test/auto/ContinuousClock.xml
37 ms. Memory: 256000K Free: 199643K (78%)
----------------- Invoking toplevel() on ptolemy.moml.MoMLSimpleApplication@236bd270
----------------- Done invoking toplevel() on ptolemy.moml.MoMLSimpleApplication@236bd270
reloadAllAccessors: .ContinuousClock

===========================================================================================
----------------- testing Sun Oct 06 05:50:25 UTC 2019 /home/travis/build/icyphy/ptII/ptolemy/domains/continuous/test/auto/ContinuousInContinuous.xml
----------------- Instantiating /home/travis/build/icyphy/ptII/ptolemy/domains/continuous/test/auto/ContinuousInContinuous.xml
57 ms. Memory: 256000K Free: 176085K (69%)
----------------- Invoking toplevel() on ptolemy.moml.MoMLSimpleApplication@1e1e12e
----------------- Done invoking toplevel() on ptolemy.moml.MoMLSimpleApplication@1e1e12e
reloadAllAccessors: .ContinuousInContinuous

===========================================================================================
----------------- testing Sun Oct 06 05:50:25 UTC 2019 /home/travis/build/icyphy/ptII/ptolemy/domains/continuous/test/auto/ContinuousInContinuousInContinuous.xml
----------------- Instantiating /home/travis/build/icyphy/ptII/ptolemy/domains/continuous/test/auto/ContinuousInContinuousInContinuous.xml
8 ms. Memory: 256000K Free: 168909K (66%)
----------------- Invoking toplevel() on ptolemy.moml.MoMLSimpleApplication@459792f9
----------------- Done invoking toplevel() on ptolemy.moml.MoMLSimpleApplication@459792f9
reloadAllAccessors: .ContinuousInContinuousInContinuous

===========================================================================================
----------------- testing Sun Oct 06 05:50:26 UTC 2019 /home/travis/build/icyphy/ptII/ptolemy/domains/continuous/test/auto/ContinuousInDE.xml
----------------- Instantiating /home/travis/build/icyphy/ptII/ptolemy/domains/continuous/test/auto/ContinuousInDE.xml
116 ms. Memory: 256000K Free: 158173K (62%)
----------------- Invoking toplevel() on ptolemy.moml.MoMLSimpleApplication@48b3b636
----------------- Done invoking toplevel() on ptolemy.moml.MoMLSimpleApplication@48b3b636
reloadAllAccessors: .ContinuousInDE

===========================================================================================
----------------- testing Sun Oct 06 05:50:26 UTC 2019 /home/travis/build/icyphy/ptII/ptolemy/domains/continuous/test/auto/ContinuousInDE2.xml
----------------- Instantiating /home/travis/build/icyphy/ptII/ptolemy/domains/continuous/test/auto/ContinuousInDE2.xml
44 ms. Memory: 256000K Free: 148443K (58%)
----------------- Invoking toplevel() on ptolemy.moml.MoMLSimpleApplication@277659e3
----------------- Done invoking toplevel() on ptolemy.moml.MoMLSimpleApplication@277659e3
reloadAllAccessors: .ContinuousInDE2

===========================================================================================
----------------- testing Sun Oct 06 05:50:26 UTC 2019 /home/travis/build/icyphy/ptII/ptolemy/domains/continuous/test/auto/ContinuousInDE3.xml
----------------- Instantiating /home/travis/build/icyphy/ptII/ptolemy/domains/continuous/test/auto/ContinuousInDE3.xml
40 ms. Memory: 256000K Free: 138717K (54%)
----------------- Invoking toplevel() on ptolemy.moml.MoMLSimpleApplication@11dc13c5
----------------- Done invoking toplevel() on ptolemy.moml.MoMLSimpleApplication@11dc13c5
reloadAllAccessors: .ContinuousInDE3

===========================================================================================
----------------- testing Sun Oct 06 05:50:26 UTC 2019 /home/travis/build/icyphy/ptII/ptolemy/domains/continuous/test/auto/ContinuousInDE4.xml
----------------- Instantiating /home/travis/build/icyphy/ptII/ptolemy/domains/continuous/test/auto/ContinuousInDE4.xml
21 ms. Memory: 256000K Free: 132573K (52%)
----------------- Invoking toplevel() on ptolemy.moml.MoMLSimpleApplication@4a583103
----------------- Done invoking toplevel() on ptolemy.moml.MoMLSimpleApplication@4a583103
reloadAllAccessors: .ContinuousInDE4

===========================================================================================
----------------- testing Sun Oct 06 05:50:26 UTC 2019 /home/travis/build/icyphy/ptII/ptolemy/domains/continuous/test/auto/ContinuousInDEDifferentRefinements.xml
----------------- Instantiating /home/travis/build/icyphy/ptII/ptolemy/domains/continuous/test/auto/ContinuousInDEDifferentRefinements.xml
81 ms. Memory: 256000K Free: 101325K (40%)
----------------- Invoking toplevel() on ptolemy.moml.MoMLSimpleApplication@1c5e3243
----------------- Done invoking toplevel() on ptolemy.moml.MoMLSimpleApplication@1c5e3243
reloadAllAccessors: .ContinuousInDEDifferentRefinements

===========================================================================================
----------------- testing Sun Oct 06 05:50:26 UTC 2019 /home/travis/build/icyphy/ptII/ptolemy/domains/continuous/test/auto/ContinuousInDEDifferentRefinementsPreemptive.xml
----------------- Instantiating /home/travis/build/icyphy/ptII/ptolemy/domains/continuous/test/auto/ContinuousInDEDifferentRefinementsPreemptive.xml
53 ms. Memory: 256000K Free: 222661K (87%)
----------------- Invoking toplevel() on ptolemy.moml.MoMLSimpleApplication@146fd49a
----------------- Done invoking toplevel() on ptolemy.moml.MoMLSimpleApplication@146fd49a
reloadAllAccessors: .ContinuousInDEDifferentRefinementsPreemptive

===========================================================================================
----------------- testing Sun Oct 06 05:50:26 UTC 2019 /home/travis/build/icyphy/ptII/ptolemy/domains/continuous/test/auto/ContinuousInDEInContinuous2.xml
----------------- Instantiating /home/travis/build/icyphy/ptII/ptolemy/domains/continuous/test/auto/ContinuousInDEInContinuous2.xml
42 ms. Memory: 256000K Free: 211412K (83%)
----------------- Invoking toplevel() on ptolemy.moml.MoMLSimpleApplication@23750946
----------------- Done invoking toplevel() on ptolemy.moml.MoMLSimpleApplication@23750946
reloadAllAccessors: .ContinuousInDEInContinuous2

===========================================================================================
----------------- testing Sun Oct 06 05:50:26 UTC 2019 /home/travis/build/icyphy/ptII/ptolemy/domains/continuous/test/auto/ContinuousInDEInContinuous3.xml
----------------- Instantiating /home/travis/build/icyphy/ptII/ptolemy/domains/continuous/test/auto/ContinuousInDEInContinuous3.xml
38 ms. Memory: 256000K Free: 199124K (78%)
----------------- Invoking toplevel() on ptolemy.moml.MoMLSimpleApplication@79493e55
----------------- Done invoking toplevel() on ptolemy.moml.MoMLSimpleApplication@79493e55
reloadAllAccessors: .ContinuousInDEInContinuous3

===========================================================================================
----------------- testing Sun Oct 06 05:50:26 UTC 2019 /home/travis/build/icyphy/ptII/ptolemy/domains/continuous/test/auto/ContinuousInDEInput.xml
----------------- Instantiating /home/travis/build/icyphy/ptII/ptolemy/domains/continuous/test/auto/ContinuousInDEInput.xml
17 ms. Memory: 256000K Free: 191956K (75%)
----------------- Invoking toplevel() on ptolemy.moml.MoMLSimpleApplication@2f9a2bd9
----------------- Done invoking toplevel() on ptolemy.moml.MoMLSimpleApplication@2f9a2bd9
reloadAllAccessors: .ContinuousInDEInput

===========================================================================================
----------------- testing Sun Oct 06 05:50:26 UTC 2019 /home/travis/build/icyphy/ptII/ptolemy/domains/continuous/test/auto/ContinuousInDEInput2.xml
----------------- Instantiating /home/travis/build/icyphy/ptII/ptolemy/domains/continuous/test/auto/ContinuousInDEInput2.xml
14 ms. Memory: 256000K Free: 184788K (72%)
----------------- Invoking toplevel() on ptolemy.moml.MoMLSimpleApplication@699b6c2d
----------------- Done invoking toplevel() on ptolemy.moml.MoMLSimpleApplication@699b6c2d
reloadAllAccessors: .ContinuousInDEInput2

===========================================================================================
----------------- testing Sun Oct 06 05:50:26 UTC 2019 /home/travis/build/icyphy/ptII/ptolemy/domains/continuous/test/auto/ContinuousInDEInput3.xml
----------------- Instantiating /home/travis/build/icyphy/ptII/ptolemy/domains/continuous/test/auto/ContinuousInDEInput3.xml
16 ms. Memory: 256000K Free: 177620K (69%)
----------------- Invoking toplevel() on ptolemy.moml.MoMLSimpleApplication@5aa1eac3
----------------- Done invoking toplevel() on ptolemy.moml.MoMLSimpleApplication@5aa1eac3
reloadAllAccessors: .ContinuousInDEInput3

===========================================================================================
----------------- testing Sun Oct 06 05:50:26 UTC 2019 /home/travis/build/icyphy/ptII/ptolemy/domains/continuous/test/auto/ContinuousInDESharingRefinement.xml
----------------- Instantiating /home/travis/build/icyphy/ptII/ptolemy/domains/continuous/test/auto/ContinuousInDESharingRefinement.xml
166 ms. Memory: 256000K Free: 235703K (92%)
----------------- Invoking toplevel() on ptolemy.moml.MoMLSimpleApplication@375ef331
----------------- Done invoking toplevel() on ptolemy.moml.MoMLSimpleApplication@375ef331
reloadAllAccessors: .ContinuousInDESharingRefinement

===========================================================================================
----------------- testing Sun Oct 06 05:50:27 UTC 2019 /home/travis/build/icyphy/ptII/ptolemy/domains/continuous/test/auto/ContinuousInDEwithNoPorts.xml
----------------- Instantiating /home/travis/build/icyphy/ptII/ptolemy/domains/continuous/test/auto/ContinuousInDEwithNoPorts.xml
8 ms. Memory: 256000K Free: 231079K (90%)
----------------- Invoking toplevel() on ptolemy.moml.MoMLSimpleApplication@687f5762
----------------- Done invoking toplevel() on ptolemy.moml.MoMLSimpleApplication@687f5762
reloadAllAccessors: .ContinuousInDEwithNoPorts

===========================================================================================
----------------- testing Sun Oct 06 05:50:27 UTC 2019 /home/travis/build/icyphy/ptII/ptolemy/domains/continuous/test/auto/ContinuousInsideDE.xml
----------------- Instantiating /home/travis/build/icyphy/ptII/ptolemy/domains/continuous/test/auto/ContinuousInsideDE.xml
38 ms. Memory: 256000K Free: 219829K (86%)
----------------- Invoking toplevel() on ptolemy.moml.MoMLSimpleApplication@79d65c31
----------------- Done invoking toplevel() on ptolemy.moml.MoMLSimpleApplication@79d65c31
reloadAllAccessors: .ContinuousInsideDE

===========================================================================================
----------------- testing Sun Oct 06 05:50:27 UTC 2019 /home/travis/build/icyphy/ptII/ptolemy/domains/continuous/test/auto/ContinuousMerge1.xml
----------------- Instantiating /home/travis/build/icyphy/ptII/ptolemy/domains/continuous/test/auto/ContinuousMerge1.xml
3 ms. Memory: 256000K Free: 215223K (84%)
----------------- Invoking toplevel() on ptolemy.moml.MoMLSimpleApplication@6a3b0603
----------------- Done invoking toplevel() on ptolemy.moml.MoMLSimpleApplication@6a3b0603
reloadAllAccessors: .ContinuousMerge1

===========================================================================================
----------------- testing Sun Oct 06 05:50:27 UTC 2019 /home/travis/build/icyphy/ptII/ptolemy/domains/continuous/test/auto/ContinuousMerge2.xml
----------------- Instantiating /home/travis/build/icyphy/ptII/ptolemy/domains/continuous/test/auto/ContinuousMerge2.xml
15 ms. Memory: 256000K Free: 204983K (80%)
----------------- Invoking toplevel() on ptolemy.moml.MoMLSimpleApplication@457a1776
----------------- Done invoking toplevel() on ptolemy.moml.MoMLSimpleApplication@457a1776
reloadAllAccessors: .ContinuousMerge2

===========================================================================================
----------------- testing Sun Oct 06 05:50:27 UTC 2019 /home/travis/build/icyphy/ptII/ptolemy/domains/continuous/test/auto/ContinuousMerge3.xml
----------------- Instantiating /home/travis/build/icyphy/ptII/ptolemy/domains/continuous/test/auto/ContinuousMerge3.xml
61 ms. Memory: 256000K Free: 194229K (76%)
----------------- Invoking toplevel() on ptolemy.moml.MoMLSimpleApplication@5ad4d82f
----------------- Done invoking toplevel() on ptolemy.moml.MoMLSimpleApplication@5ad4d82f
reloadAllAccessors: .ContinuousMerge3

===========================================================================================
----------------- testing Sun Oct 06 05:50:27 UTC 2019 /home/travis/build/icyphy/ptII/ptolemy/domains/continuous/test/auto/ContinuousWithinContinuous.xml
----------------- Instantiating /home/travis/build/icyphy/ptII/ptolemy/domains/continuous/test/auto/ContinuousWithinContinuous.xml
36 ms. Memory: 256000K Free: 184503K (72%)
----------------- Invoking toplevel() on ptolemy.moml.MoMLSimpleApplication@43780bc2
----------------- Done invoking toplevel() on ptolemy.moml.MoMLSimpleApplication@43780bc2
reloadAllAccessors: .ContinuousWithinContinuous

===========================================================================================
----------------- testing Sun Oct 06 05:50:27 UTC 2019 /home/travis/build/icyphy/ptII/ptolemy/domains/continuous/test/auto/ContinuousWithinContinuous2.xml
----------------- Instantiating /home/travis/build/icyphy/ptII/ptolemy/domains/continuous/test/auto/ContinuousWithinContinuous2.xml
72 ms. Memory: 256000K Free: 173239K (68%)
----------------- Invoking toplevel() on ptolemy.moml.MoMLSimpleApplication@4aa83dfa
----------------- Done invoking toplevel() on ptolemy.moml.MoMLSimpleApplication@4aa83dfa
reloadAllAccessors: .ContinuousWithinContinuous2

===========================================================================================
----------------- testing Sun Oct 06 05:50:27 UTC 2019 /home/travis/build/icyphy/ptII/ptolemy/domains/continuous/test/auto/ContinuousWithinContinuous3.xml
----------------- Instantiating /home/travis/build/icyphy/ptII/ptolemy/domains/continuous/test/auto/ContinuousWithinContinuous3.xml
12 ms. Memory: 256000K Free: 166581K (65%)
----------------- Invoking toplevel() on ptolemy.moml.MoMLSimpleApplication@67cdd9e0
----------------- Done invoking toplevel() on ptolemy.moml.MoMLSimpleApplication@67cdd9e0
reloadAllAccessors: .ContinuousWithinContinuous3

===========================================================================================
----------------- testing Sun Oct 06 05:50:27 UTC 2019 /home/travis/build/icyphy/ptII/ptolemy/domains/continuous/test/auto/ContinuousWithinContinuous4.xml
----------------- Instantiating /home/travis/build/icyphy/ptII/ptolemy/domains/continuous/test/auto/ContinuousWithinContinuous4.xml
68 ms. Memory: 256000K Free: 154293K (60%)
----------------- Invoking toplevel() on ptolemy.moml.MoMLSimpleApplication@63ca77f
----------------- Done invoking toplevel() on ptolemy.moml.MoMLSimpleApplication@63ca77f
reloadAllAccessors: .ContinuousWithinContinuous4

===========================================================================================
----------------- testing Sun Oct 06 05:50:27 UTC 2019 /home/travis/build/icyphy/ptII/ptolemy/domains/continuous/test/auto/ContinuousWithinContinuous5.xml
----------------- Instantiating /home/travis/build/icyphy/ptII/ptolemy/domains/continuous/test/auto/ContinuousWithinContinuous5.xml
12 ms. Memory: 256000K Free: 147125K (57%)
----------------- Invoking toplevel() on ptolemy.moml.MoMLSimpleApplication@5173bc4d
----------------- Done invoking toplevel() on ptolemy.moml.MoMLSimpleApplication@5173bc4d
reloadAllAccessors: .ContinuousWithinContinuous5

===========================================================================================
----------------- testing Sun Oct 06 05:50:27 UTC 2019 /home/travis/build/icyphy/ptII/ptolemy/domains/continuous/test/auto/ContinuousWithinContinuous6.xml
----------------- Instantiating /home/travis/build/icyphy/ptII/ptolemy/domains/continuous/test/auto/ContinuousWithinContinuous6.xml
11 ms. Memory: 256000K Free: 139957K (55%)
----------------- Invoking toplevel() on ptolemy.moml.MoMLSimpleApplication@64151cbd
----------------- Done invoking toplevel() on ptolemy.moml.MoMLSimpleApplication@64151cbd
reloadAllAccessors: .ContinuousWithinContinuous6

===========================================================================================
----------------- testing Sun Oct 06 05:50:27 UTC 2019 /home/travis/build/icyphy/ptII/ptolemy/domains/continuous/test/auto/ContinuousWithinContinuous7.xml
----------------- Instantiating /home/travis/build/icyphy/ptII/ptolemy/domains/continuous/test/auto/ContinuousWithinContinuous7.xml
60 ms. Memory: 256000K Free: 128693K (50%)
----------------- Invoking toplevel() on ptolemy.moml.MoMLSimpleApplication@262b7ec9
----------------- Done invoking toplevel() on ptolemy.moml.MoMLSimpleApplication@262b7ec9
reloadAllAccessors: .ContinuousWithinContinuous7

===========================================================================================
----------------- testing Sun Oct 06 05:50:27 UTC 2019 /home/travis/build/icyphy/ptII/ptolemy/domains/continuous/test/auto/DCMotor.xml
----------------- Instantiating /home/travis/build/icyphy/ptII/ptolemy/domains/continuous/test/auto/DCMotor.xml
14342 ms. Memory: 256000K Free: 94317K (37%)
----------------- Invoking toplevel() on ptolemy.moml.MoMLSimpleApplication@56917e49
----------------- Done invoking toplevel() on ptolemy.moml.MoMLSimpleApplication@56917e49
reloadAllAccessors: .DCMotor

===========================================================================================
----------------- testing Sun Oct 06 05:50:42 UTC 2019 /home/travis/build/icyphy/ptII/ptolemy/domains/continuous/test/auto/DEInContinuous.xml
----------------- Instantiating /home/travis/build/icyphy/ptII/ptolemy/domains/continuous/test/auto/DEInContinuous.xml
19 ms. Memory: 256000K Free: 240884K (94%)
----------------- Invoking toplevel() on ptolemy.moml.MoMLSimpleApplication@544f8faa
----------------- Done invoking toplevel() on ptolemy.moml.MoMLSimpleApplication@544f8faa
reloadAllAccessors: .DEInContinuous

===========================================================================================
----------------- testing Sun Oct 06 05:50:42 UTC 2019 /home/travis/build/icyphy/ptII/ptolemy/domains/continuous/test/auto/DEinContinuous2.xml
----------------- Instantiating /home/travis/build/icyphy/ptII/ptolemy/domains/continuous/test/auto/DEinContinuous2.xml
11 ms. Memory: 256000K Free: 232433K (91%)
----------------- Invoking toplevel() on ptolemy.moml.MoMLSimpleApplication@4452e001
----------------- Done invoking toplevel() on ptolemy.moml.MoMLSimpleApplication@4452e001
reloadAllAccessors: .DEinContinuous2

===========================================================================================
----------------- testing Sun Oct 06 05:50:42 UTC 2019 /home/travis/build/icyphy/ptII/ptolemy/domains/continuous/test/auto/Derivative.xml
----------------- Instantiating /home/travis/build/icyphy/ptII/ptolemy/domains/continuous/test/auto/Derivative.xml
155 ms. Memory: 256000K Free: 203265K (79%)
----------------- Invoking toplevel() on ptolemy.moml.MoMLSimpleApplication@29f18ca9
----------------- Done invoking toplevel() on ptolemy.moml.MoMLSimpleApplication@29f18ca9
reloadAllAccessors: .Derivative2

===========================================================================================
----------------- testing Sun Oct 06 05:50:42 UTC 2019 /home/travis/build/icyphy/ptII/ptolemy/domains/continuous/test/auto/Derivative1.xml
----------------- Instantiating /home/travis/build/icyphy/ptII/ptolemy/domains/continuous/test/auto/Derivative1.xml
20 ms. Memory: 256000K Free: 188929K (74%)
----------------- Invoking toplevel() on ptolemy.moml.MoMLSimpleApplication@5c2df31e
----------------- Done invoking toplevel() on ptolemy.moml.MoMLSimpleApplication@5c2df31e
reloadAllAccessors: .Derivative1

===========================================================================================
----------------- testing Sun Oct 06 05:50:42 UTC 2019 /home/travis/build/icyphy/ptII/ptolemy/domains/continuous/test/auto/DiscreteClock.xml
----------------- Instantiating /home/travis/build/icyphy/ptII/ptolemy/domains/continuous/test/auto/DiscreteClock.xml
4 ms. Memory: 256000K Free: 183809K (72%)
----------------- Invoking toplevel() on ptolemy.moml.MoMLSimpleApplication@2618fde7
----------------- Done invoking toplevel() on ptolemy.moml.MoMLSimpleApplication@2618fde7
reloadAllAccessors: .DiscreteClock

===========================================================================================
----------------- testing Sun Oct 06 05:50:42 UTC 2019 /home/travis/build/icyphy/ptII/ptolemy/domains/continuous/test/auto/EfficiencyCurve.xml
----------------- Instantiating /home/travis/build/icyphy/ptII/ptolemy/domains/continuous/test/auto/EfficiencyCurve.xml
53 ms. Memory: 256000K Free: 174593K (68%)
----------------- Invoking toplevel() on ptolemy.moml.MoMLSimpleApplication@45236aa1
----------------- Done invoking toplevel() on ptolemy.moml.MoMLSimpleApplication@45236aa1
reloadAllAccessors: .EfficiencyCurve

===========================================================================================
----------------- testing Sun Oct 06 05:50:42 UTC 2019 /home/travis/build/icyphy/ptII/ptolemy/domains/continuous/test/auto/ExponentialResponse.xml
----------------- Instantiating /home/travis/build/icyphy/ptII/ptolemy/domains/continuous/test/auto/ExponentialResponse.xml
101 ms. Memory: 256000K Free: 158719K (62%)
----------------- Invoking toplevel() on ptolemy.moml.MoMLSimpleApplication@6f608b2c
----------------- Done invoking toplevel() on ptolemy.moml.MoMLSimpleApplication@6f608b2c
reloadAllAccessors: .ExponentialResponse

===========================================================================================
----------------- testing Sun Oct 06 05:50:42 UTC 2019 /home/travis/build/icyphy/ptII/ptolemy/domains/continuous/test/auto/ExponentialResponseRK45.xml
----------------- Instantiating /home/travis/build/icyphy/ptII/ptolemy/domains/continuous/test/auto/ExponentialResponseRK45.xml
27 ms. Memory: 256000K Free: 152065K (59%)
----------------- Invoking toplevel() on ptolemy.moml.MoMLSimpleApplication@7c5f8ec4
----------------- Done invoking toplevel() on ptolemy.moml.MoMLSimpleApplication@7c5f8ec4
reloadAllAccessors: .ExponentialResponseRK45

===========================================================================================
----------------- testing Sun Oct 06 05:50:42 UTC 2019 /home/travis/build/icyphy/ptII/ptolemy/domains/continuous/test/auto/Friction.xml
----------------- Instantiating /home/travis/build/icyphy/ptII/ptolemy/domains/continuous/test/auto/Friction.xml
1559 ms. Memory: 256000K Free: 184399K (72%)
----------------- Invoking toplevel() on ptolemy.moml.MoMLSimpleApplication@33b94816
----------------- Done invoking toplevel() on ptolemy.moml.MoMLSimpleApplication@33b94816
reloadAllAccessors: .Friction

===========================================================================================
----------------- testing Sun Oct 06 05:50:44 UTC 2019 /home/travis/build/icyphy/ptII/ptolemy/domains/continuous/test/auto/FurutaPendulum.xml
----------------- Instantiating /home/travis/build/icyphy/ptII/ptolemy/domains/continuous/test/auto/FurutaPendulum.xml
3365 ms. Memory: 256000K Free: 146955K (57%)
----------------- Invoking toplevel() on ptolemy.moml.MoMLSimpleApplication@5785060a
----------------- Done invoking toplevel() on ptolemy.moml.MoMLSimpleApplication@5785060a
reloadAllAccessors: .FurutaPendulum

===========================================================================================
----------------- testing Sun Oct 06 05:50:48 UTC 2019 /home/travis/build/icyphy/ptII/ptolemy/domains/continuous/test/auto/HierarchicalExecution.xml
----------------- Instantiating /home/travis/build/icyphy/ptII/ptolemy/domains/continuous/test/auto/HierarchicalExecution.xml
1784 ms. Memory: 256000K Free: 167047K (65%)
----------------- Invoking toplevel() on ptolemy.moml.MoMLSimpleApplication@671da3fb
----------------- Done invoking toplevel() on ptolemy.moml.MoMLSimpleApplication@671da3fb
reloadAllAccessors: .HierarchicalExecution

===========================================================================================
----------------- testing Sun Oct 06 05:50:50 UTC 2019 /home/travis/build/icyphy/ptII/ptolemy/domains/continuous/test/auto/HybridPlant.xml
----------------- Instantiating /home/travis/build/icyphy/ptII/ptolemy/domains/continuous/test/auto/HybridPlant.xml
524 ms. Memory: 307200K Free: 289412K (94%)
----------------- Invoking toplevel() on ptolemy.moml.MoMLSimpleApplication@5c92c67e
----------------- Done invoking toplevel() on ptolemy.moml.MoMLSimpleApplication@5c92c67e
reloadAllAccessors: .HybridPlant

===========================================================================================
----------------- testing Sun Oct 06 05:50:50 UTC 2019 /home/travis/build/icyphy/ptII/ptolemy/domains/continuous/test/auto/Hysteresis.xml
----------------- Instantiating /home/travis/build/icyphy/ptII/ptolemy/domains/continuous/test/auto/Hysteresis.xml
144 ms. Memory: 307200K Free: 226948K (74%)
----------------- Invoking toplevel() on ptolemy.moml.MoMLSimpleApplication@4d130f12
----------------- Done invoking toplevel() on ptolemy.moml.MoMLSimpleApplication@4d130f12
reloadAllAccessors: .Hysteresis

===========================================================================================
----------------- testing Sun Oct 06 05:50:50 UTC 2019 /home/travis/build/icyphy/ptII/ptolemy/domains/continuous/test/auto/HysteresisWithRandomDelay.xml
----------------- Instantiating /home/travis/build/icyphy/ptII/ptolemy/domains/continuous/test/auto/HysteresisWithRandomDelay.xml
186 ms. Memory: 307200K Free: 155763K (51%)
----------------- Invoking toplevel() on ptolemy.moml.MoMLSimpleApplication@b0bda9f
----------------- Done invoking toplevel() on ptolemy.moml.MoMLSimpleApplication@b0bda9f
reloadAllAccessors: .HysteresisWithRandomDelay

===========================================================================================
----------------- testing Sun Oct 06 05:50:51 UTC 2019 /home/travis/build/icyphy/ptII/ptolemy/domains/continuous/test/auto/HysteresisWithRandomLosses.xml
----------------- Instantiating /home/travis/build/icyphy/ptII/ptolemy/domains/continuous/test/auto/HysteresisWithRandomLosses.xml
2351 ms. Memory: 307200K Free: 148800K (48%)
----------------- Invoking toplevel() on ptolemy.moml.MoMLSimpleApplication@3ae31f9d
----------------- Done invoking toplevel() on ptolemy.moml.MoMLSimpleApplication@3ae31f9d
reloadAllAccessors: .HysteresisWithRandomLosses

===========================================================================================
----------------- testing Sun Oct 06 05:50:53 UTC 2019 /home/travis/build/icyphy/ptII/ptolemy/domains/continuous/test/auto/ImmediateTransitions.xml
----------------- Instantiating /home/travis/build/icyphy/ptII/ptolemy/domains/continuous/test/auto/ImmediateTransitions.xml
9 ms. Memory: 307200K Free: 138016K (45%)
----------------- Invoking toplevel() on ptolemy.moml.MoMLSimpleApplication@6353a081
----------------- Done invoking toplevel() on ptolemy.moml.MoMLSimpleApplication@6353a081
reloadAllAccessors: .ImmediateTransitions

===========================================================================================
----------------- testing Sun Oct 06 05:50:53 UTC 2019 /home/travis/build/icyphy/ptII/ptolemy/domains/continuous/test/auto/ImpulseFeedback.xml
----------------- Instantiating /home/travis/build/icyphy/ptII/ptolemy/domains/continuous/test/auto/ImpulseFeedback.xml
8 ms. Memory: 307200K Free: 132416K (43%)
----------------- Invoking toplevel() on ptolemy.moml.MoMLSimpleApplication@3eecdcb2
----------------- Done invoking toplevel() on ptolemy.moml.MoMLSimpleApplication@3eecdcb2
reloadAllAccessors: .ImpulseFeedback

===========================================================================================
----------------- testing Sun Oct 06 05:50:53 UTC 2019 /home/travis/build/icyphy/ptII/ptolemy/domains/continuous/test/auto/ImpulseFeedback2.xml
----------------- Instantiating /home/travis/build/icyphy/ptII/ptolemy/domains/continuous/test/auto/ImpulseFeedback2.xml
6 ms. Memory: 307200K Free: 126782K (41%)
----------------- Invoking toplevel() on ptolemy.moml.MoMLSimpleApplication@109b87b
----------------- Done invoking toplevel() on ptolemy.moml.MoMLSimpleApplication@109b87b
reloadAllAccessors: .ImpulseFeedback2

===========================================================================================
----------------- testing Sun Oct 06 05:50:53 UTC 2019 /home/travis/build/icyphy/ptII/ptolemy/domains/continuous/test/auto/IncreasingRatePoisson.xml
----------------- Instantiating /home/travis/build/icyphy/ptII/ptolemy/domains/continuous/test/auto/IncreasingRatePoisson.xml
750 ms. Memory: 307200K Free: 189296K (62%)
----------------- Invoking toplevel() on ptolemy.moml.MoMLSimpleApplication@60555e2f
----------------- Done invoking toplevel() on ptolemy.moml.MoMLSimpleApplication@60555e2f
reloadAllAccessors: .IncreasingRatePoisson

===========================================================================================
----------------- testing Sun Oct 06 05:50:54 UTC 2019 /home/travis/build/icyphy/ptII/ptolemy/domains/continuous/test/auto/InitialStateFeedback.xml
----------------- Instantiating /home/travis/build/icyphy/ptII/ptolemy/domains/continuous/test/auto/InitialStateFeedback.xml
3 ms. Memory: 307200K Free: 184686K (60%)
----------------- Invoking toplevel() on ptolemy.moml.MoMLSimpleApplication@2dd9f938
----------------- Done invoking toplevel() on ptolemy.moml.MoMLSimpleApplication@2dd9f938
reloadAllAccessors: .InitialStateFeedback

===========================================================================================
----------------- testing Sun Oct 06 05:50:54 UTC 2019 /home/travis/build/icyphy/ptII/ptolemy/domains/continuous/test/auto/Integration.xml
----------------- Instantiating /home/travis/build/icyphy/ptII/ptolemy/domains/continuous/test/auto/Integration.xml
5 ms. Memory: 307200K Free: 180590K (59%)
----------------- Invoking toplevel() on ptolemy.moml.MoMLSimpleApplication@3214d3ad
----------------- Done invoking toplevel() on ptolemy.moml.MoMLSimpleApplication@3214d3ad
reloadAllAccessors: .Integration

===========================================================================================
----------------- testing Sun Oct 06 05:50:54 UTC 2019 /home/travis/build/icyphy/ptII/ptolemy/domains/continuous/test/auto/Integration2.xml
----------------- Instantiating /home/travis/build/icyphy/ptII/ptolemy/domains/continuous/test/auto/Integration2.xml
80 ms. Memory: 307200K Free: 166254K (54%)
----------------- Invoking toplevel() on ptolemy.moml.MoMLSimpleApplication@5ce92efc
----------------- Done invoking toplevel() on ptolemy.moml.MoMLSimpleApplication@5ce92efc
reloadAllAccessors: .Integration2

===========================================================================================
----------------- testing Sun Oct 06 05:50:54 UTC 2019 /home/travis/build/icyphy/ptII/ptolemy/domains/continuous/test/auto/Integration3.xml
----------------- Instantiating /home/travis/build/icyphy/ptII/ptolemy/domains/continuous/test/auto/Integration3.xml
2 ms. Memory: 307200K Free: 161648K (53%)
----------------- Invoking toplevel() on ptolemy.moml.MoMLSimpleApplication@4ea7d89
----------------- Done invoking toplevel() on ptolemy.moml.MoMLSimpleApplication@4ea7d89
reloadAllAccessors: .Integration3

===========================================================================================
----------------- testing Sun Oct 06 05:50:54 UTC 2019 /home/travis/build/icyphy/ptII/ptolemy/domains/continuous/test/auto/Integration5.xml
----------------- Instantiating /home/travis/build/icyphy/ptII/ptolemy/domains/continuous/test/auto/Integration5.xml
2 ms. Memory: 307200K Free: 157552K (51%)
----------------- Invoking toplevel() on ptolemy.moml.MoMLSimpleApplication@76c2d104
----------------- Done invoking toplevel() on ptolemy.moml.MoMLSimpleApplication@76c2d104
reloadAllAccessors: .Integration5

===========================================================================================
----------------- testing Sun Oct 06 05:50:54 UTC 2019 /home/travis/build/icyphy/ptII/ptolemy/domains/continuous/test/auto/IntegratorImpulse.xml
----------------- Instantiating /home/travis/build/icyphy/ptII/ptolemy/domains/continuous/test/auto/IntegratorImpulse.xml
2 ms. Memory: 307200K Free: 153456K (50%)
----------------- Invoking toplevel() on ptolemy.moml.MoMLSimpleApplication@2440f3be
----------------- Done invoking toplevel() on ptolemy.moml.MoMLSimpleApplication@2440f3be
reloadAllAccessors: .IntegratorImpulse

===========================================================================================
----------------- testing Sun Oct 06 05:50:54 UTC 2019 /home/travis/build/icyphy/ptII/ptolemy/domains/continuous/test/auto/IntegratorImpulse2.xml
----------------- Instantiating /home/travis/build/icyphy/ptII/ptolemy/domains/continuous/test/auto/IntegratorImpulse2.xml
3 ms. Memory: 307200K Free: 148840K (48%)
----------------- Invoking toplevel() on ptolemy.moml.MoMLSimpleApplication@58156df7
----------------- Done invoking toplevel() on ptolemy.moml.MoMLSimpleApplication@58156df7
reloadAllAccessors: .IntegratorImpulse2

===========================================================================================
----------------- testing Sun Oct 06 05:50:54 UTC 2019 /home/travis/build/icyphy/ptII/ptolemy/domains/continuous/test/auto/LevelCrossing1.xml
----------------- Instantiating /home/travis/build/icyphy/ptII/ptolemy/domains/continuous/test/auto/LevelCrossing1.xml
2 ms. Memory: 307200K Free: 143720K (47%)
----------------- Invoking toplevel() on ptolemy.moml.MoMLSimpleApplication@4551761
----------------- Done invoking toplevel() on ptolemy.moml.MoMLSimpleApplication@4551761
reloadAllAccessors: .LevelCrossing1

===========================================================================================
----------------- testing Sun Oct 06 05:50:54 UTC 2019 /home/travis/build/icyphy/ptII/ptolemy/domains/continuous/test/auto/LevelCrossing2.xml
----------------- Instantiating /home/travis/build/icyphy/ptII/ptolemy/domains/continuous/test/auto/LevelCrossing2.xml
3 ms. Memory: 307200K Free: 138606K (45%)
----------------- Invoking toplevel() on ptolemy.moml.MoMLSimpleApplication@6069cf0e
----------------- Done invoking toplevel() on ptolemy.moml.MoMLSimpleApplication@6069cf0e
reloadAllAccessors: .LevelCrossing2

===========================================================================================
----------------- testing Sun Oct 06 05:50:54 UTC 2019 /home/travis/build/icyphy/ptII/ptolemy/domains/continuous/test/auto/LevelCrossing3.xml
----------------- Instantiating /home/travis/build/icyphy/ptII/ptolemy/domains/continuous/test/auto/LevelCrossing3.xml
3 ms. Memory: 307200K Free: 133486K (43%)
----------------- Invoking toplevel() on ptolemy.moml.MoMLSimpleApplication@1e3ffa97
----------------- Done invoking toplevel() on ptolemy.moml.MoMLSimpleApplication@1e3ffa97
reloadAllAccessors: .LevelCrossing3

===========================================================================================
----------------- testing Sun Oct 06 05:50:54 UTC 2019 /home/travis/build/icyphy/ptII/ptolemy/domains/continuous/test/auto/LevelCrossing4.xml
----------------- Instantiating /home/travis/build/icyphy/ptII/ptolemy/domains/continuous/test/auto/LevelCrossing4.xml
5 ms. Memory: 307200K Free: 128352K (42%)
----------------- Invoking toplevel() on ptolemy.moml.MoMLSimpleApplication@756c9944
----------------- Done invoking toplevel() on ptolemy.moml.MoMLSimpleApplication@756c9944
reloadAllAccessors: .LevelCrossing4

===========================================================================================
----------------- testing Sun Oct 06 05:50:54 UTC 2019 /home/travis/build/icyphy/ptII/ptolemy/domains/continuous/test/auto/LevelCrossing5.xml
----------------- Instantiating /home/travis/build/icyphy/ptII/ptolemy/domains/continuous/test/auto/LevelCrossing5.xml
3 ms. Memory: 307200K Free: 123240K (40%)
----------------- Invoking toplevel() on ptolemy.moml.MoMLSimpleApplication@6dfd8a42
----------------- Done invoking toplevel() on ptolemy.moml.MoMLSimpleApplication@6dfd8a42
reloadAllAccessors: .LevelCrossing5

===========================================================================================
[...]
----------------- testing Sun Oct 06 05:51:13 UTC 2019 /home/travis/build/icyphy/ptII/ptolemy/domains/continuous/test/auto/SRinContinuous.xml
----------------- Instantiating /home/travis/build/icyphy/ptII/ptolemy/domains/continuous/test/auto/SRinContinuous.xml
4 ms. Memory: 307200K Free: 222743K (73%)
----------------- Invoking toplevel() on ptolemy.moml.MoMLSimpleApplication@1320d0c3
----------------- Done invoking toplevel() on ptolemy.moml.MoMLSimpleApplication@1320d0c3
reloadAllAccessors: .SRinContinuous

===========================================================================================
----------------- testing Sun Oct 06 05:51:13 UTC 2019 /home/travis/build/icyphy/ptII/ptolemy/domains/continuous/test/auto/SampledClocks.xml
----------------- Instantiating /home/travis/build/icyphy/ptII/ptolemy/domains/continuous/test/auto/SampledClocks.xml
7 ms. Memory: 307200K Free: 209941K (68%)
----------------- Invoking toplevel() on ptolemy.moml.MoMLSimpleApplication@df5bf9c
----------------- Done invoking toplevel() on ptolemy.moml.MoMLSimpleApplication@df5bf9c
reloadAllAccessors: .SampledClocks

===========================================================================================
----------------- testing Sun Oct 06 05:51:13 UTC 2019 /home/travis/build/icyphy/ptII/ptolemy/domains/continuous/test/auto/Satellite.xml
----------------- Instantiating /home/travis/build/icyphy/ptII/ptolemy/domains/continuous/test/auto/Satellite.xml
778 ms. Memory: 307200K Free: 196968K (64%)
----------------- Invoking toplevel() on ptolemy.moml.MoMLSimpleApplication@33437bf5
----------------- Done invoking toplevel() on ptolemy.moml.MoMLSimpleApplication@33437bf5
reloadAllAccessors: .Satellite

===========================================================================================
----------------- testing Sun Oct 06 05:51:14 UTC 2019 /home/travis/build/icyphy/ptII/ptolemy/domains/continuous/test/auto/SigmaDelta.xml
----------------- Instantiating /home/travis/build/icyphy/ptII/ptolemy/domains/continuous/test/auto/SigmaDelta.xml
2304 ms. Memory: 307200K Free: 118534K (39%)
----------------- Invoking toplevel() on ptolemy.moml.MoMLSimpleApplication@4bbe4fb5
----------------- Done invoking toplevel() on ptolemy.moml.MoMLSimpleApplication@4bbe4fb5
reloadAllAccessors: .SigmaDelta

===========================================================================================
----------------- testing Sun Oct 06 05:51:16 UTC 2019 /home/travis/build/icyphy/ptII/ptolemy/domains/continuous/test/auto/SingleRefinement.xml
----------------- Instantiating /home/travis/build/icyphy/ptII/ptolemy/domains/continuous/test/auto/SingleRefinement.xml
317 ms. Memory: 307200K Free: 115723K (38%)
----------------- Invoking toplevel() on ptolemy.moml.MoMLSimpleApplication@626cc15f
----------------- Done invoking toplevel() on ptolemy.moml.MoMLSimpleApplication@626cc15f
reloadAllAccessors: .SingleRefinement

===========================================================================================
----------------- testing Sun Oct 06 05:51:16 UTC 2019 /home/travis/build/icyphy/ptII/ptolemy/domains/continuous/test/auto/SinuBouncingBall.xml
----------------- Instantiating /home/travis/build/icyphy/ptII/ptolemy/domains/continuous/test/auto/SinuBouncingBall.xml
816 ms. Memory: 307200K Free: 261904K (85%)
----------------- Invoking toplevel() on ptolemy.moml.MoMLSimpleApplication@776582e7
----------------- Done invoking toplevel() on ptolemy.moml.MoMLSimpleApplication@776582e7
reloadAllAccessors: .SinuBouncingBall

===========================================================================================
----------------- testing Sun Oct 06 05:51:17 UTC 2019 /home/travis/build/icyphy/ptII/ptolemy/domains/continuous/test/auto/Sinusoid.xml
----------------- Instantiating /home/travis/build/icyphy/ptII/ptolemy/domains/continuous/test/auto/Sinusoid.xml
5 ms. Memory: 307200K Free: 257312K (84%)
----------------- Invoking toplevel() on ptolemy.moml.MoMLSimpleApplication@5739f8cd
----------------- Done invoking toplevel() on ptolemy.moml.MoMLSimpleApplication@5739f8cd
reloadAllAccessors: .Sinusoid

===========================================================================================
----------------- testing Sun Oct 06 05:51:17 UTC 2019 /home/travis/build/icyphy/ptII/ptolemy/domains/continuous/test/auto/SinusoidInNoise.xml
----------------- Instantiating /home/travis/build/icyphy/ptII/ptolemy/domains/continuous/test/auto/SinusoidInNoise.xml
957 ms. Memory: 307200K Free: 123168K (40%)
----------------- Invoking toplevel() on ptolemy.moml.MoMLSimpleApplication@6ecbd8aa
----------------- Done invoking toplevel() on ptolemy.moml.MoMLSimpleApplication@6ecbd8aa
reloadAllAccessors: .SinusoidInNoise

===========================================================================================
----------------- testing Sun Oct 06 05:51:18 UTC 2019 /home/travis/build/icyphy/ptII/ptolemy/domains/continuous/test/auto/SinusoidRK45.xml
----------------- Instantiating /home/travis/build/icyphy/ptII/ptolemy/domains/continuous/test/auto/SinusoidRK45.xml
2 ms. Memory: 307200K Free: 119072K (39%)
----------------- Invoking toplevel() on ptolemy.moml.MoMLSimpleApplication@108719db
----------------- Done invoking toplevel() on ptolemy.moml.MoMLSimpleApplication@108719db
reloadAllAccessors: .SinusoidRK45

===========================================================================================
----------------- testing Sun Oct 06 05:51:18 UTC 2019 /home/travis/build/icyphy/ptII/ptolemy/domains/continuous/test/auto/SinusoidWithMultipleImpulses.xml
----------------- Instantiating /home/travis/build/icyphy/ptII/ptolemy/domains/continuous/test/auto/SinusoidWithMultipleImpulses.xml
3 ms. Memory: 307200K Free: 114462K (37%)
----------------- Invoking toplevel() on ptolemy.moml.MoMLSimpleApplication@2bc21ea2
----------------- Done invoking toplevel() on ptolemy.moml.MoMLSimpleApplication@2bc21ea2
reloadAllAccessors: .SinusoidWithMultipleImpulses

===========================================================================================
----------------- testing Sun Oct 06 05:51:18 UTC 2019 /home/travis/build/icyphy/ptII/ptolemy/domains/continuous/test/auto/SquareWave.xml
----------------- Instantiating /home/travis/build/icyphy/ptII/ptolemy/domains/continuous/test/auto/SquareWave.xml
172 ms. Memory: 307200K Free: 270419K (88%)
----------------- Invoking toplevel() on ptolemy.moml.MoMLSimpleApplication@564f12c
----------------- Done invoking toplevel() on ptolemy.moml.MoMLSimpleApplication@564f12c
reloadAllAccessors: .SquareWave

===========================================================================================
----------------- testing Sun Oct 06 05:51:19 UTC 2019 /home/travis/build/icyphy/ptII/ptolemy/domains/continuous/test/auto/Starmac.xml
----------------- Instantiating /home/travis/build/icyphy/ptII/ptolemy/domains/continuous/test/auto/Starmac.xml
3092 ms. Memory: 307200K Free: 133245K (43%)
----------------- Invoking toplevel() on ptolemy.moml.MoMLSimpleApplication@3a846393
----------------- Done invoking toplevel() on ptolemy.moml.MoMLSimpleApplication@3a846393
reloadAllAccessors: .Starmac

===========================================================================================
----------------- testing Sun Oct 06 05:51:22 UTC 2019 /home/travis/build/icyphy/ptII/ptolemy/domains/continuous/test/auto/StaticUnits.xml
----------------- Instantiating /home/travis/build/icyphy/ptII/ptolemy/domains/continuous/test/auto/StaticUnits.xml
2129 ms. Memory: 307200K Free: 214912K (70%)
----------------- Invoking toplevel() on ptolemy.moml.MoMLSimpleApplication@2735b5c7
----------------- Done invoking toplevel() on ptolemy.moml.MoMLSimpleApplication@2735b5c7
reloadAllAccessors: .StaticUnits

===========================================================================================
----------------- testing Sun Oct 06 05:51:25 UTC 2019 /home/travis/build/icyphy/ptII/ptolemy/domains/continuous/test/auto/StickyMasses.xml
----------------- Instantiating /home/travis/build/icyphy/ptII/ptolemy/domains/continuous/test/auto/StickyMasses.xml
147 ms. Memory: 307200K Free: 165232K (54%)
----------------- Invoking toplevel() on ptolemy.moml.MoMLSimpleApplication@65331200
----------------- Done invoking toplevel() on ptolemy.moml.MoMLSimpleApplication@65331200
reloadAllAccessors: .StickyMasses

===========================================================================================
----------------- testing Sun Oct 06 05:51:25 UTC 2019 /home/travis/build/icyphy/ptII/ptolemy/domains/continuous/test/auto/StopTime.xml
----------------- Instantiating /home/travis/build/icyphy/ptII/ptolemy/domains/continuous/test/auto/StopTime.xml
46 ms. Memory: 307200K Free: 139632K (45%)
----------------- Invoking toplevel() on ptolemy.moml.MoMLSimpleApplication@986294e
----------------- Done invoking toplevel() on ptolemy.moml.MoMLSimpleApplication@986294e
reloadAllAccessors: .StopTime

===========================================================================================
----------------- testing Sun Oct 06 05:51:25 UTC 2019 /home/travis/build/icyphy/ptII/ptolemy/domains/continuous/test/auto/StopTime2.xml
----------------- Instantiating /home/travis/build/icyphy/ptII/ptolemy/domains/continuous/test/auto/StopTime2.xml
39 ms. Memory: 307200K Free: 117632K (38%)
----------------- Invoking toplevel() on ptolemy.moml.MoMLSimpleApplication@27af876d
----------------- Done invoking toplevel() on ptolemy.moml.MoMLSimpleApplication@27af876d
reloadAllAccessors: .StopTime2

===========================================================================================
----------------- testing Sun Oct 06 05:51:25 UTC 2019 /home/travis/build/icyphy/ptII/ptolemy/domains/continuous/test/auto/Switch.xml
----------------- Instantiating /home/travis/build/icyphy/ptII/ptolemy/domains/continuous/test/auto/Switch.xml
67 ms. Memory: 307200K Free: 271657K (88%)
----------------- Invoking toplevel() on ptolemy.moml.MoMLSimpleApplication@666e85c9
----------------- Done invoking toplevel() on ptolemy.moml.MoMLSimpleApplication@666e85c9
reloadAllAccessors: .Switch

===========================================================================================
----------------- testing Sun Oct 06 05:51:25 UTC 2019 /home/travis/build/icyphy/ptII/ptolemy/domains/continuous/test/auto/Thermostat.xml
----------------- Instantiating /home/travis/build/icyphy/ptII/ptolemy/domains/continuous/test/auto/Thermostat.xml
190 ms. Memory: 307200K Free: 199036K (65%)
----------------- Invoking toplevel() on ptolemy.moml.MoMLSimpleApplication@5f08ce89
----------------- Done invoking toplevel() on ptolemy.moml.MoMLSimpleApplication@5f08ce89
reloadAllAccessors: .Thermostat

===========================================================================================
----------------- testing Sun Oct 06 05:51:25 UTC 2019 /home/travis/build/icyphy/ptII/ptolemy/domains/continuous/test/auto/TimeDelay.xml
----------------- Instantiating /home/travis/build/icyphy/ptII/ptolemy/domains/continuous/test/auto/TimeDelay.xml
6 ms. Memory: 307200K Free: 194430K (63%)
----------------- Invoking toplevel() on ptolemy.moml.MoMLSimpleApplication@79579fe8
----------------- Done invoking toplevel() on ptolemy.moml.MoMLSimpleApplication@79579fe8
reloadAllAccessors: .TimeDelay

===========================================================================================
----------------- testing Sun Oct 06 05:51:25 UTC 2019 /home/travis/build/icyphy/ptII/ptolemy/domains/continuous/test/auto/TimeDelay2.xml
----------------- Instantiating /home/travis/build/icyphy/ptII/ptolemy/domains/continuous/test/auto/TimeDelay2.xml
12 ms. Memory: 307200K Free: 184190K (60%)
----------------- Invoking toplevel() on ptolemy.moml.MoMLSimpleApplication@4cef20a1
----------------- Done invoking toplevel() on ptolemy.moml.MoMLSimpleApplication@4cef20a1
reloadAllAccessors: .TimeDelay2

===========================================================================================
----------------- testing Sun Oct 06 05:51:25 UTC 2019 /home/travis/build/icyphy/ptII/ptolemy/domains/continuous/test/auto/TimeDelay3.xml
----------------- Instantiating /home/travis/build/icyphy/ptII/ptolemy/domains/continuous/test/auto/TimeDelay3.xml
6 ms. Memory: 307200K Free: 179563K (58%)
----------------- Invoking toplevel() on ptolemy.moml.MoMLSimpleApplication@34d03c89
----------------- Done invoking toplevel() on ptolemy.moml.MoMLSimpleApplication@34d03c89
reloadAllAccessors: .TimeDelay3

===========================================================================================
----------------- testing Sun Oct 06 05:51:25 UTC 2019 /home/travis/build/icyphy/ptII/ptolemy/domains/continuous/test/auto/TransferAbsentToInside.xml
----------------- Instantiating /home/travis/build/icyphy/ptII/ptolemy/domains/continuous/test/auto/TransferAbsentToInside.xml
33 ms. Memory: 307200K Free: 126846K (41%)
----------------- Invoking toplevel() on ptolemy.moml.MoMLSimpleApplication@6d648e7e
----------------- Done invoking toplevel() on ptolemy.moml.MoMLSimpleApplication@6d648e7e
reloadAllAccessors: .TransferAbsentToInside

===========================================================================================
----------------- testing Sun Oct 06 05:51:26 UTC 2019 /home/travis/build/icyphy/ptII/ptolemy/domains/continuous/test/auto/Transmission.xml
----------------- Instantiating /home/travis/build/icyphy/ptII/ptolemy/domains/continuous/test/auto/Transmission.xml
846 ms. Memory: 368640K Free: 313193K (85%)
----------------- Invoking toplevel() on ptolemy.moml.MoMLSimpleApplication@5c927ef5
----------------- Done invoking toplevel() on ptolemy.moml.MoMLSimpleApplication@5c927ef5
reloadAllAccessors: .Transmission

===========================================================================================
----------------- testing Sun Oct 06 05:51:26 UTC 2019 /home/travis/build/icyphy/ptII/ptolemy/domains/continuous/test/auto/TriggeredContinuousClock.xml
----------------- Instantiating /home/travis/build/icyphy/ptII/ptolemy/domains/continuous/test/auto/TriggeredContinuousClock.xml
48 ms. Memory: 368640K Free: 283497K (77%)
----------------- Invoking toplevel() on ptolemy.moml.MoMLSimpleApplication@58d2b523
----------------- Done invoking toplevel() on ptolemy.moml.MoMLSimpleApplication@58d2b523
reloadAllAccessors: .TriggeredContinuousClock

===========================================================================================
----------------- testing Sun Oct 06 05:51:26 UTC 2019 /home/travis/build/icyphy/ptII/ptolemy/domains/continuous/test/auto/TwoMachineInfiniteBusControl.xml
----------------- Instantiating /home/travis/build/icyphy/ptII/ptolemy/domains/continuous/test/auto/TwoMachineInfiniteBusControl.xml
3448 ms. Memory: 368640K Free: 306999K (83%)
----------------- Invoking toplevel() on ptolemy.moml.MoMLSimpleApplication@567d9850
----------------- Done invoking toplevel() on ptolemy.moml.MoMLSimpleApplication@567d9850
reloadAllAccessors: .TwoMachineInfiniteBusControl

===========================================================================================
----------------- testing Sun Oct 06 05:51:30 UTC 2019 /home/travis/build/icyphy/ptII/ptolemy/domains/continuous/test/auto/V2V.xml
----------------- Instantiating /home/travis/build/icyphy/ptII/ptolemy/domains/continuous/test/auto/V2V.xml
826 ms. Memory: 368640K Free: 332587K (90%)
----------------- Invoking toplevel() on ptolemy.moml.MoMLSimpleApplication@4f70273a
----------------- Done invoking toplevel() on ptolemy.moml.MoMLSimpleApplication@4f70273a
reloadAllAccessors: .V2V

===========================================================================================
----------------- testing Sun Oct 06 05:51:31 UTC 2019 /home/travis/build/icyphy/ptII/ptolemy/domains/continuous/test/auto/hierarchicalModalModel.xml
----------------- Instantiating /home/travis/build/icyphy/ptII/ptolemy/domains/continuous/test/auto/hierarchicalModalModel.xml
8 ms. Memory: 368640K Free: 317706K (86%)
----------------- Invoking toplevel() on ptolemy.moml.MoMLSimpleApplication@f45a64a
----------------- Done invoking toplevel() on ptolemy.moml.MoMLSimpleApplication@f45a64a
reloadAllAccessors: .hierarchicalModalModel

===========================================================================================
----------------- testing Sun Oct 06 05:51:31 UTC 2019 /home/travis/build/icyphy/ptII/ptolemy/domains/continuous/test/auto/hierarchicalModalModel1.xml
----------------- Instantiating /home/travis/build/icyphy/ptII/ptolemy/domains/continuous/test/auto/hierarchicalModalModel1.xml
8 ms. Memory: 368640K Free: 303401K (82%)
----------------- Invoking toplevel() on ptolemy.moml.MoMLSimpleApplication@6b57e46
----------------- Done invoking toplevel() on ptolemy.moml.MoMLSimpleApplication@6b57e46
reloadAllAccessors: .hierarchicalModalModel1

===========================================================================================
----------------- testing Sun Oct 06 05:51:31 UTC 2019 /home/travis/build/icyphy/ptII/ptolemy/domains/continuous/test/auto/hierarchicalModalModel2.xml
----------------- Instantiating /home/travis/build/icyphy/ptII/ptolemy/domains/continuous/test/auto/hierarchicalModalModel2.xml
6 ms. Memory: 368640K Free: 291098K (79%)
----------------- Invoking toplevel() on ptolemy.moml.MoMLSimpleApplication@2efdd3d6
----------------- Done invoking toplevel() on ptolemy.moml.MoMLSimpleApplication@2efdd3d6
reloadAllAccessors: .hierarchicalModalModel2

===========================================================================================
----------------- testing Sun Oct 06 05:51:31 UTC 2019 /home/travis/build/icyphy/ptII/ptolemy/domains/continuous/test/auto/hierarchicalModalModel3.xml
----------------- Instantiating /home/travis/build/icyphy/ptII/ptolemy/domains/continuous/test/auto/hierarchicalModalModel3.xml
6 ms. Memory: 368640K Free: 280363K (76%)
----------------- Invoking toplevel() on ptolemy.moml.MoMLSimpleApplication@5626151c
----------------- Done invoking toplevel() on ptolemy.moml.MoMLSimpleApplication@5626151c
reloadAllAccessors: .hierarchicalModalModel3

===========================================================================================
----------------- testing Sun Oct 06 05:51:31 UTC 2019 /home/travis/build/icyphy/ptII/ptolemy/domains/continuous/test/auto/hierarchicalModalModel4.xml
----------------- Instantiating /home/travis/build/icyphy/ptII/ptolemy/domains/continuous/test/auto/hierarchicalModalModel4.xml
5 ms. Memory: 368640K Free: 268585K (73%)
----------------- Invoking toplevel() on ptolemy.moml.MoMLSimpleApplication@2abbabf3
----------------- Done invoking toplevel() on ptolemy.moml.MoMLSimpleApplication@2abbabf3
reloadAllAccessors: .hierarchicalModalModel4

===========================================================================================
----------------- testing Sun Oct 06 05:51:31 UTC 2019 /home/travis/build/icyphy/ptII/ptolemy/domains/continuous/test/auto/junk.xml
----------------- Instantiating /home/travis/build/icyphy/ptII/ptolemy/domains/continuous/test/auto/junk.xml
146 ms. Memory: 368640K Free: 243499K (66%)
----------------- Invoking toplevel() on ptolemy.moml.MoMLSimpleApplication@4f66d78b
----------------- Done invoking toplevel() on ptolemy.moml.MoMLSimpleApplication@4f66d78b
reloadAllAccessors: .junk
AutoTests.java: About to close Vertx.
AutoTests.java: Vertx closed.
]]></system-out>
  <system-err><![CDATA[Warning: '.HysteresisWithRandomDelay.NonStrictTest3' The test produced only 23 tokens, yet the correctValues parameter was expecting 30 tokens.
Warning: '.IncreasingRatePoisson.NonStrictTest' The test produced only 392 tokens, yet the correctValues parameter was expecting 402 tokens.
Warning: '.Poisson.NonStrictTest' The test produced only 404 tokens, yet the correctValues parameter was expecting 430 tokens.
]]></system-err>
</testsuite>
