<?xml version="1.0" encoding="UTF-8" ?>
<testsuite errors="0" failures="0" hostname="travis-job-b1c07169-2dc0-4909-b8fe-648a480321be" name="ptolemy.domains.sdf.test.junit.JUnitTclTest" skipped="0" tests="66" time="20.544" timestamp="2019-07-10T05:25:33">
  <properties>
[...]
</properties>
  <testcase classname="ptolemy.util.test.junit.TclTests" name="[0] /home/travis/build/icyphy/ptII/ptolemy/domains/sdf/test/SDFSchedulerErrors.tcl (RunTclFile)" time="0.823" />
  <testcase classname="ptolemy.util.test.junit.TclTests" name="[1] /home/travis/build/icyphy/ptII/ptolemy/domains/sdf/test/composition.tcl (RunTclFile)" time="0.119" />
  <testcase classname="ptolemy.util.test.junit.TclTests" name="[2] /home/travis/build/icyphy/ptII/ptolemy/domains/sdf/test/cycle.tcl (RunTclFile)" time="0.082" />
  <testcase classname="ptolemy.util.test.junit.AutoKnownFailedTests" name="[0] ThereAreNoKnowFailedTests (RunModel)" time="0.001" />
  <testcase classname="ptolemy.util.test.junit.AutoNameArchTests" name="[0] ThereAreNoAutoArchTests (RunModel)" time="0.001" />
  <testcase classname="ptolemy.util.test.junit.AutoTests" name="[0] /home/travis/build/icyphy/ptII/ptolemy/domains/sdf/test/auto/Array.xml (RunModel)" time="0.308" />
  <testcase classname="ptolemy.util.test.junit.AutoTests" name="[1] /home/travis/build/icyphy/ptII/ptolemy/domains/sdf/test/auto/Butterfly.xml (RunModel)" time="0.189" />
  <testcase classname="ptolemy.util.test.junit.AutoTests" name="[2] /home/travis/build/icyphy/ptII/ptolemy/domains/sdf/test/auto/Expression.xml (RunModel)" time="0.121" />
  <testcase classname="ptolemy.util.test.junit.AutoTests" name="[3] /home/travis/build/icyphy/ptII/ptolemy/domains/sdf/test/auto/Eye.xml (RunModel)" time="0.322" />
  <testcase classname="ptolemy.util.test.junit.AutoTests" name="[4] /home/travis/build/icyphy/ptII/ptolemy/domains/sdf/test/auto/FixFIR.xml (RunModel)" time="0.304" />
  <testcase classname="ptolemy.util.test.junit.AutoTests" name="[5] /home/travis/build/icyphy/ptII/ptolemy/domains/sdf/test/auto/FixPoint.xml (RunModel)" time="0.028" />
  <testcase classname="ptolemy.util.test.junit.AutoTests" name="[6] /home/travis/build/icyphy/ptII/ptolemy/domains/sdf/test/auto/Gravitation.xml (RunModel)" time="3.358" />
  <testcase classname="ptolemy.util.test.junit.AutoTests" name="[7] /home/travis/build/icyphy/ptII/ptolemy/domains/sdf/test/auto/GravitationWithCollisionDetection.xml (RunModel)" time="6.306" />
  <testcase classname="ptolemy.util.test.junit.AutoTests" name="[8] /home/travis/build/icyphy/ptII/ptolemy/domains/sdf/test/auto/HDF.xml (RunModel)" time="0.147" />
  <testcase classname="ptolemy.util.test.junit.AutoTests" name="[9] /home/travis/build/icyphy/ptII/ptolemy/domains/sdf/test/auto/HDFwithTransientStates.xml (RunModel)" time="0.116" />
  <testcase classname="ptolemy.util.test.junit.AutoTests" name="[10] /home/travis/build/icyphy/ptII/ptolemy/domains/sdf/test/auto/HTVQ.xml (RunModel)" time="0.843" />
  <testcase classname="ptolemy.util.test.junit.AutoTests" name="[11] /home/travis/build/icyphy/ptII/ptolemy/domains/sdf/test/auto/InferInitProduction.xml (RunModel)" time="0.02" />
  <testcase classname="ptolemy.util.test.junit.AutoTests" name="[12] /home/travis/build/icyphy/ptII/ptolemy/domains/sdf/test/auto/InferInitProductionDeeper.xml (RunModel)" time="0.021" />
  <testcase classname="ptolemy.util.test.junit.AutoTests" name="[13] /home/travis/build/icyphy/ptII/ptolemy/domains/sdf/test/auto/LMSAdaptive.xml (RunModel)" time="0.078" />
  <testcase classname="ptolemy.util.test.junit.AutoTests" name="[14] /home/travis/build/icyphy/ptII/ptolemy/domains/sdf/test/auto/LogisticMap.xml (RunModel)" time="0.474" />
  <testcase classname="ptolemy.util.test.junit.AutoTests" name="[15] /home/travis/build/icyphy/ptII/ptolemy/domains/sdf/test/auto/MaximumEntropySpectrum.xml (RunModel)" time="0.295" />
  <testcase classname="ptolemy.util.test.junit.AutoTests" name="[16] /home/travis/build/icyphy/ptII/ptolemy/domains/sdf/test/auto/MultirateSDF.xml (RunModel)" time="0.064" />
  <testcase classname="ptolemy.util.test.junit.AutoTests" name="[17] /home/travis/build/icyphy/ptII/ptolemy/domains/sdf/test/auto/MultirateSDFwithTransientStates.xml (RunModel)" time="0.091" />
  <testcase classname="ptolemy.util.test.junit.AutoTests" name="[18] /home/travis/build/icyphy/ptII/ptolemy/domains/sdf/test/auto/NoisySinewave.xml (RunModel)" time="0.081" />
  <testcase classname="ptolemy.util.test.junit.AutoTests" name="[19] /home/travis/build/icyphy/ptII/ptolemy/domains/sdf/test/auto/Objects.xml (RunModel)" time="0.065" />
  <testcase classname="ptolemy.util.test.junit.AutoTests" name="[20] /home/travis/build/icyphy/ptII/ptolemy/domains/sdf/test/auto/OrthogonalCom.xml (RunModel)" time="0.056" />
  <testcase classname="ptolemy.util.test.junit.AutoTests" name="[21] /home/travis/build/icyphy/ptII/ptolemy/domains/sdf/test/auto/RijndaelEncryption.xml (RunModel)" time="0.605" />
  <testcase classname="ptolemy.util.test.junit.AutoTests" name="[22] /home/travis/build/icyphy/ptII/ptolemy/domains/sdf/test/auto/SDFEmptyIterations.xml (RunModel)" time="0.018" />
  <testcase classname="ptolemy.util.test.junit.AutoTests" name="[23] /home/travis/build/icyphy/ptII/ptolemy/domains/sdf/test/auto/Spectrum.xml (RunModel)" time="0.09" />
  <testcase classname="ptolemy.util.test.junit.AutoTests" name="[24] /home/travis/build/icyphy/ptII/ptolemy/domains/sdf/test/auto/de_inside_sdf.xml (RunModel)" time="0.022" />
  <testcase classname="ptolemy.util.test.junit.AutoTests" name="[25] /home/travis/build/icyphy/ptII/ptolemy/domains/sdf/test/auto/disconnectedHierarchicalSDF.xml (RunModel)" time="0.033" />
  <testcase classname="ptolemy.util.test.junit.AutoTests" name="[26] /home/travis/build/icyphy/ptII/ptolemy/domains/sdf/test/auto/disconnectedSDF.xml (RunModel)" time="0.023" />
  <testcase classname="ptolemy.util.test.junit.AutoTests" name="[27] /home/travis/build/icyphy/ptII/ptolemy/domains/sdf/test/auto/emptyRefinement.xml (RunModel)" time="0.017" />
  <testcase classname="ptolemy.util.test.junit.AutoTests" name="[28] /home/travis/build/icyphy/ptII/ptolemy/domains/sdf/test/auto/filePortParameter.xml (RunModel)" time="0.053" />
  <testcase classname="ptolemy.util.test.junit.AutoTests" name="[29] /home/travis/build/icyphy/ptII/ptolemy/domains/sdf/test/auto/inferRelationWidth1.xml (RunModel)" time="0.014" />
  <testcase classname="ptolemy.util.test.junit.AutoTests" name="[30] /home/travis/build/icyphy/ptII/ptolemy/domains/sdf/test/auto/initProductionInference.xml (RunModel)" time="0.018" />
  <testcase classname="ptolemy.util.test.junit.AutoTests" name="[31] /home/travis/build/icyphy/ptII/ptolemy/domains/sdf/test/auto/relationGroup.xml (RunModel)" time="0.031" />
  <testcase classname="ptolemy.util.test.junit.AutoTests" name="[32] /home/travis/build/icyphy/ptII/ptolemy/domains/sdf/test/auto/relationGroup10.xml (RunModel)" time="0.014" />
  <testcase classname="ptolemy.util.test.junit.AutoTests" name="[33] /home/travis/build/icyphy/ptII/ptolemy/domains/sdf/test/auto/relationGroup11.xml (RunModel)" time="0.023" />
  <testcase classname="ptolemy.util.test.junit.AutoTests" name="[34] /home/travis/build/icyphy/ptII/ptolemy/domains/sdf/test/auto/relationGroup12.xml (RunModel)" time="0.018" />
  <testcase classname="ptolemy.util.test.junit.AutoTests" name="[35] /home/travis/build/icyphy/ptII/ptolemy/domains/sdf/test/auto/relationGroup13.xml (RunModel)" time="0.017" />
  <testcase classname="ptolemy.util.test.junit.AutoTests" name="[36] /home/travis/build/icyphy/ptII/ptolemy/domains/sdf/test/auto/relationGroup14.xml (RunModel)" time="0.012" />
  <testcase classname="ptolemy.util.test.junit.AutoTests" name="[37] /home/travis/build/icyphy/ptII/ptolemy/domains/sdf/test/auto/relationGroup15.xml (RunModel)" time="0.011" />
  <testcase classname="ptolemy.util.test.junit.AutoTests" name="[38] /home/travis/build/icyphy/ptII/ptolemy/domains/sdf/test/auto/relationGroup2.xml (RunModel)" time="0.009" />
  <testcase classname="ptolemy.util.test.junit.AutoTests" name="[39] /home/travis/build/icyphy/ptII/ptolemy/domains/sdf/test/auto/relationGroup3.xml (RunModel)" time="0.016" />
  <testcase classname="ptolemy.util.test.junit.AutoTests" name="[40] /home/travis/build/icyphy/ptII/ptolemy/domains/sdf/test/auto/relationGroup4.xml (RunModel)" time="0.017" />
  <testcase classname="ptolemy.util.test.junit.AutoTests" name="[41] /home/travis/build/icyphy/ptII/ptolemy/domains/sdf/test/auto/relationGroup5.xml (RunModel)" time="0.019" />
  <testcase classname="ptolemy.util.test.junit.AutoTests" name="[42] /home/travis/build/icyphy/ptII/ptolemy/domains/sdf/test/auto/relationGroup6.xml (RunModel)" time="0.012" />
  <testcase classname="ptolemy.util.test.junit.AutoTests" name="[43] /home/travis/build/icyphy/ptII/ptolemy/domains/sdf/test/auto/relationGroup7.xml (RunModel)" time="0.007" />
  <testcase classname="ptolemy.util.test.junit.AutoTests" name="[44] /home/travis/build/icyphy/ptII/ptolemy/domains/sdf/test/auto/relationGroup8.xml (RunModel)" time="0.015" />
  <testcase classname="ptolemy.util.test.junit.AutoTests" name="[45] /home/travis/build/icyphy/ptII/ptolemy/domains/sdf/test/auto/relationGroup9.xml (RunModel)" time="0.011" />
  <testcase classname="ptolemy.util.test.junit.AutoTests" name="[46] /home/travis/build/icyphy/ptII/ptolemy/domains/sdf/test/auto/sdf_inside_de.xml (RunModel)" time="0.036" />
  <testcase classname="ptolemy.util.test.junit.AutoTests" name="[47] /home/travis/build/icyphy/ptII/ptolemy/domains/sdf/test/auto/sdf_inside_pn.xml (RunModel)" time="0.06" />
  <testcase classname="ptolemy.util.test.junit.AutoTests" name="[48] /home/travis/build/icyphy/ptII/ptolemy/domains/sdf/test/auto/sdf_sdf1.xml (RunModel)" time="0.02" />
  <testcase classname="ptolemy.util.test.junit.AutoTests" name="[49] /home/travis/build/icyphy/ptII/ptolemy/domains/sdf/test/auto/test1.xml (RunModel)" time="0.015" />
  <testcase classname="ptolemy.util.test.junit.AutoTests" name="[50] /home/travis/build/icyphy/ptII/ptolemy/domains/sdf/test/auto/time1.xml (RunModel)" time="0.009" />
  <testcase classname="ptolemy.util.test.junit.AutoTests" name="[51] /home/travis/build/icyphy/ptII/ptolemy/domains/sdf/test/auto/time2.xml (RunModel)" time="0.008" />
  <testcase classname="ptolemy.util.test.junit.AutoTests" name="[52] /home/travis/build/icyphy/ptII/ptolemy/domains/sdf/test/auto/time3.xml (RunModel)" time="0.018" />
  <testcase classname="ptolemy.util.test.junit.AutoTests" name="[53] /home/travis/build/icyphy/ptII/ptolemy/domains/sdf/test/auto/time4.xml (RunModel)" time="0.018" />
  <testcase classname="ptolemy.util.test.junit.AutoTests" name="[54] /home/travis/build/icyphy/ptII/ptolemy/domains/sdf/test/auto/time5.xml (RunModel)" time="4.008" />
  <testcase classname="ptolemy.util.test.junit.AutoTests" name="[55] /home/travis/build/icyphy/ptII/ptolemy/domains/sdf/test/auto/typeSystem_Const_Integer_smallest_Type.xml (RunModel)" time="0.024" />
  <testcase classname="ptolemy.util.test.junit.AutoTests" name="[56] /home/travis/build/icyphy/ptII/ptolemy/domains/sdf/test/auto/typeSystem_declared_Inports_OutportTypeException.xml (RunModel)" time="0.019" />
  <testcase classname="ptolemy.util.test.junit.AutoTests" name="[57] /home/travis/build/icyphy/ptII/ptolemy/domains/sdf/test/auto/typeSystem_oneDeclaredInportType_wrongTypeOutport.xml (RunModel)" time="0.016" />
  <testcase classname="ptolemy.util.test.junit.AutoTests" name="[58] /home/travis/build/icyphy/ptII/ptolemy/domains/sdf/test/auto/width.xml (RunModel)" time="0.01" />
  <testcase classname="ptolemy.util.test.junit.AutoTests" name="[59] /home/travis/build/icyphy/ptII/ptolemy/domains/sdf/test/auto/width2.xml (RunModel)" time="0.034" />
  <testcase classname="ptolemy.util.test.junit.AutoTests" name="[60] /home/travis/build/icyphy/ptII/ptolemy/domains/sdf/test/auto/width3.xml (RunModel)" time="0.039" />
  <system-out><![CDATA[/home/travis/build/icyphy/ptII/ptolemy/domains/sdf/test/SDFSchedulerErrors.tcl
testDefs.tcl: setting time out to 9000 seconds at Wed Jul 10 05:25:33 UTC 2019
97 ms. Memory: 120832K Free: 109327K (90%)
9 ms. Memory: 120832K Free: 101829K (84%)
8 ms. Memory: 120832K Free: 96410K (80%)
6 ms. Memory: 120832K Free: 94183K (78%)
/home/travis/build/icyphy/ptII/ptolemy/domains/sdf/test/composition.tcl
26 ms. Memory: 120832K Free: 91272K (76%)
8 ms. Memory: 120832K Free: 89224K (74%)
/home/travis/build/icyphy/ptII/ptolemy/domains/sdf/test/cycle.tcl
.Toplevel.Director Preinitializing ...
Invoking preinitialize():  .Toplevel.Actor1
Invoking preinitialize():  .Toplevel.Actor2
Invoking preinitialize():  .Toplevel.Delay
.Toplevel.Director Finished preinitialize().
### Schedule:
Execute Schedule{
Fire Actor ptolemy.domains.sdf.kernel.test.SDFTestDelay {.Toplevel.Actor1}
Fire Actor ptolemy.domains.sdf.kernel.test.SDFTestDelay {.Toplevel.Actor2}
Fire Actor ptolemy.domains.sdf.lib.SampleDelay {.Toplevel.Delay}
}
### End schedule
Called initialize().
Invoking initialize():  .Toplevel.Actor1
Initializing actor: .Toplevel.Actor1.
Invoking initialize():  .Toplevel.Actor2
Initializing actor: .Toplevel.Actor2.
Invoking initialize():  .Toplevel.Delay
Initializing actor: .Toplevel.Delay.
Director: Called prefire().
-- Setting current time to 0.0
Director prefire returns true.
The actor .Toplevel.Actor1 will be iterated.
The actor .Toplevel.Actor1 was iterated.
The actor .Toplevel.Actor2 will be iterated.
The actor .Toplevel.Actor2 was iterated.
The actor .Toplevel.Delay will be iterated.
The actor .Toplevel.Delay was iterated.
Director: Called postfire().
Postfire returns: true
Director: Called prefire().
-- Setting current time to 0.0
Director prefire returns true.
The actor .Toplevel.Actor1 will be iterated.
The actor .Toplevel.Actor1 was iterated.
The actor .Toplevel.Actor2 will be iterated.
The actor .Toplevel.Actor2 was iterated.
The actor .Toplevel.Delay will be iterated.
The actor .Toplevel.Delay was iterated.
Director: Called postfire().
Postfire returns: true
Director: Called prefire().
-- Setting current time to 0.0
Director prefire returns true.
The actor .Toplevel.Actor1 will be iterated.
The actor .Toplevel.Actor1 was iterated.
The actor .Toplevel.Actor2 will be iterated.
The actor .Toplevel.Actor2 was iterated.
The actor .Toplevel.Delay will be iterated.
The actor .Toplevel.Delay was iterated.
Director: Called postfire().
Postfire returns: true
Director: Called prefire().
-- Setting current time to 0.0
Director prefire returns true.
The actor .Toplevel.Actor1 will be iterated.
The actor .Toplevel.Actor1 was iterated.
The actor .Toplevel.Actor2 will be iterated.
The actor .Toplevel.Actor2 was iterated.
The actor .Toplevel.Delay will be iterated.
The actor .Toplevel.Delay was iterated.
Director: Called postfire().
Postfire returns: true
Director: Called prefire().
-- Setting current time to 0.0
Director prefire returns true.
The actor .Toplevel.Actor1 will be iterated.
The actor .Toplevel.Actor1 was iterated.
The actor .Toplevel.Actor2 will be iterated.
The actor .Toplevel.Actor2 was iterated.
The actor .Toplevel.Delay will be iterated.
The actor .Toplevel.Delay was iterated.
Director: Called postfire().
Postfire returns: true
Director: Called prefire().
-- Setting current time to 0.0
Director prefire returns true.
The actor .Toplevel.Actor1 will be iterated.
The actor .Toplevel.Actor1 was iterated.
The actor .Toplevel.Actor2 will be iterated.
The actor .Toplevel.Actor2 was iterated.
The actor .Toplevel.Delay will be iterated.
The actor .Toplevel.Delay was iterated.
Reached specified number of iterations: 6
Director: Called wrapup().
30 ms. Memory: 161792K Free: 146944K (91%)
07/10/19 05:25:34
Failed: 0  Total Tests: 8  ((Passed: 8, Newly Passed: 0)  Known Failed: 0) /home/travis/build/icyphy/ptII/ptolemy/domains/sdf/test
No auto/knownFailedTests/*.xml tests in /home/travis/build/icyphy/ptII/ptolemy/domains/sdf/test
No auto/linux-amd64/*.xml tests in /home/travis/build/icyphy/ptII/ptolemy/domains/sdf/test
AutoTests.java: About to close Vertx.
AutoTests.java: Vertx closed.

===========================================================================================
----------------- testing Wed Jul 10 05:25:35 UTC 2019 /home/travis/build/icyphy/ptII/ptolemy/domains/sdf/test/auto/Array.xml
----------------- Instantiating /home/travis/build/icyphy/ptII/ptolemy/domains/sdf/test/auto/Array.xml
65 ms. Memory: 161792K Free: 132094K (82%)
----------------- Invoking toplevel() on ptolemy.moml.MoMLSimpleApplication@49aa5bd3
----------------- Done invoking toplevel() on ptolemy.moml.MoMLSimpleApplication@49aa5bd3
reloadAllAccessors: .Array

===========================================================================================
----------------- testing Wed Jul 10 05:25:35 UTC 2019 /home/travis/build/icyphy/ptII/ptolemy/domains/sdf/test/auto/Butterfly.xml
----------------- Instantiating /home/travis/build/icyphy/ptII/ptolemy/domains/sdf/test/auto/Butterfly.xml
127 ms. Memory: 161792K Free: 126320K (78%)
----------------- Invoking toplevel() on ptolemy.moml.MoMLSimpleApplication@4f4bac5c
----------------- Done invoking toplevel() on ptolemy.moml.MoMLSimpleApplication@4f4bac5c
reloadAllAccessors: .Butterfly

===========================================================================================
----------------- testing Wed Jul 10 05:25:35 UTC 2019 /home/travis/build/icyphy/ptII/ptolemy/domains/sdf/test/auto/Expression.xml
----------------- Instantiating /home/travis/build/icyphy/ptII/ptolemy/domains/sdf/test/auto/Expression.xml
61 ms. Memory: 161792K Free: 121550K (75%)
----------------- Invoking toplevel() on ptolemy.moml.MoMLSimpleApplication@1175cc81
----------------- Done invoking toplevel() on ptolemy.moml.MoMLSimpleApplication@1175cc81
reloadAllAccessors: .Expression

===========================================================================================
----------------- testing Wed Jul 10 05:25:35 UTC 2019 /home/travis/build/icyphy/ptII/ptolemy/domains/sdf/test/auto/Eye.xml
----------------- Instantiating /home/travis/build/icyphy/ptII/ptolemy/domains/sdf/test/auto/Eye.xml
151 ms. Memory: 161792K Free: 129441K (80%)
----------------- Invoking toplevel() on ptolemy.moml.MoMLSimpleApplication@3b30a0eb
----------------- Done invoking toplevel() on ptolemy.moml.MoMLSimpleApplication@3b30a0eb
reloadAllAccessors: .Eye

===========================================================================================
----------------- testing Wed Jul 10 05:25:36 UTC 2019 /home/travis/build/icyphy/ptII/ptolemy/domains/sdf/test/auto/FixFIR.xml
----------------- Instantiating /home/travis/build/icyphy/ptII/ptolemy/domains/sdf/test/auto/FixFIR.xml
126 ms. Memory: 161792K Free: 96673K (60%)
----------------- Invoking toplevel() on ptolemy.moml.MoMLSimpleApplication@5d417b6
----------------- Done invoking toplevel() on ptolemy.moml.MoMLSimpleApplication@5d417b6
reloadAllAccessors: .FixFIR

===========================================================================================
----------------- testing Wed Jul 10 05:25:36 UTC 2019 /home/travis/build/icyphy/ptII/ptolemy/domains/sdf/test/auto/FixPoint.xml
----------------- Instantiating /home/travis/build/icyphy/ptII/ptolemy/domains/sdf/test/auto/FixPoint.xml
13 ms. Memory: 161792K Free: 92577K (57%)
----------------- Invoking toplevel() on ptolemy.moml.MoMLSimpleApplication@15c8fabb
----------------- Done invoking toplevel() on ptolemy.moml.MoMLSimpleApplication@15c8fabb
reloadAllAccessors: .FixPoint

===========================================================================================
----------------- testing Wed Jul 10 05:25:36 UTC 2019 /home/travis/build/icyphy/ptII/ptolemy/domains/sdf/test/auto/Gravitation.xml
----------------- Instantiating /home/travis/build/icyphy/ptII/ptolemy/domains/sdf/test/auto/Gravitation.xml
3237 ms. Memory: 197632K Free: 139041K (70%)
----------------- Invoking toplevel() on ptolemy.moml.MoMLSimpleApplication@33687bf5
----------------- Done invoking toplevel() on ptolemy.moml.MoMLSimpleApplication@33687bf5
reloadAllAccessors: .Gravitation

===========================================================================================
----------------- testing Wed Jul 10 05:25:40 UTC 2019 /home/travis/build/icyphy/ptII/ptolemy/domains/sdf/test/auto/GravitationWithCollisionDetection.xml
----------------- Instantiating /home/travis/build/icyphy/ptII/ptolemy/domains/sdf/test/auto/GravitationWithCollisionDetection.xml
6103 ms. Memory: 369664K Free: 236498K (64%)
----------------- Invoking toplevel() on ptolemy.moml.MoMLSimpleApplication@437d7093
----------------- Done invoking toplevel() on ptolemy.moml.MoMLSimpleApplication@437d7093
reloadAllAccessors: .GravitationWithCollisionDetection

===========================================================================================
----------------- testing Wed Jul 10 05:25:46 UTC 2019 /home/travis/build/icyphy/ptII/ptolemy/domains/sdf/test/auto/HDF.xml
----------------- Instantiating /home/travis/build/icyphy/ptII/ptolemy/domains/sdf/test/auto/HDF.xml
52 ms. Memory: 369664K Free: 220628K (60%)
----------------- Invoking toplevel() on ptolemy.moml.MoMLSimpleApplication@51e8e676
----------------- Done invoking toplevel() on ptolemy.moml.MoMLSimpleApplication@51e8e676
reloadAllAccessors: .HDF

===========================================================================================
----------------- testing Wed Jul 10 05:25:46 UTC 2019 /home/travis/build/icyphy/ptII/ptolemy/domains/sdf/test/auto/HDFwithTransientStates.xml
----------------- Instantiating /home/travis/build/icyphy/ptII/ptolemy/domains/sdf/test/auto/HDFwithTransientStates.xml
30 ms. Memory: 369664K Free: 201682K (55%)
----------------- Invoking toplevel() on ptolemy.moml.MoMLSimpleApplication@7292f93c
----------------- Done invoking toplevel() on ptolemy.moml.MoMLSimpleApplication@7292f93c
reloadAllAccessors: .HDFwithTransientStates

===========================================================================================
----------------- testing Wed Jul 10 05:25:46 UTC 2019 /home/travis/build/icyphy/ptII/ptolemy/domains/sdf/test/auto/HTVQ.xml
----------------- Instantiating /home/travis/build/icyphy/ptII/ptolemy/domains/sdf/test/auto/HTVQ.xml
807 ms. Memory: 369664K Free: 253797K (69%)
----------------- Invoking toplevel() on ptolemy.moml.MoMLSimpleApplication@4715c367
----------------- Done invoking toplevel() on ptolemy.moml.MoMLSimpleApplication@4715c367
reloadAllAccessors: .HTVQ

===========================================================================================
----------------- testing Wed Jul 10 05:25:47 UTC 2019 /home/travis/build/icyphy/ptII/ptolemy/domains/sdf/test/auto/InferInitProduction.xml
----------------- Instantiating /home/travis/build/icyphy/ptII/ptolemy/domains/sdf/test/auto/InferInitProduction.xml
4 ms. Memory: 369664K Free: 248266K (67%)
----------------- Invoking toplevel() on ptolemy.moml.MoMLSimpleApplication@3f6f91f4
----------------- Done invoking toplevel() on ptolemy.moml.MoMLSimpleApplication@3f6f91f4
reloadAllAccessors: .InferInitProduction

===========================================================================================
----------------- testing Wed Jul 10 05:25:47 UTC 2019 /home/travis/build/icyphy/ptII/ptolemy/domains/sdf/test/auto/InferInitProductionDeeper.xml
----------------- Instantiating /home/travis/build/icyphy/ptII/ptolemy/domains/sdf/test/auto/InferInitProductionDeeper.xml
4 ms. Memory: 369664K Free: 242618K (66%)
----------------- Invoking toplevel() on ptolemy.moml.MoMLSimpleApplication@92c4d11
----------------- Done invoking toplevel() on ptolemy.moml.MoMLSimpleApplication@92c4d11
reloadAllAccessors: .InferInitProductionDeeper

===========================================================================================
----------------- testing Wed Jul 10 05:25:47 UTC 2019 /home/travis/build/icyphy/ptII/ptolemy/domains/sdf/test/auto/LMSAdaptive.xml
----------------- Instantiating /home/travis/build/icyphy/ptII/ptolemy/domains/sdf/test/auto/LMSAdaptive.xml
15 ms. Memory: 369664K Free: 233416K (63%)
----------------- Invoking toplevel() on ptolemy.moml.MoMLSimpleApplication@2ab941ca
----------------- Done invoking toplevel() on ptolemy.moml.MoMLSimpleApplication@2ab941ca
reloadAllAccessors: .LMSAdaptive

===========================================================================================
----------------- testing Wed Jul 10 05:25:47 UTC 2019 /home/travis/build/icyphy/ptII/ptolemy/domains/sdf/test/auto/LogisticMap.xml
----------------- Instantiating /home/travis/build/icyphy/ptII/ptolemy/domains/sdf/test/auto/LogisticMap.xml
440 ms. Memory: 369664K Free: 227272K (61%)
----------------- Invoking toplevel() on ptolemy.moml.MoMLSimpleApplication@208a9437
----------------- Done invoking toplevel() on ptolemy.moml.MoMLSimpleApplication@208a9437
reloadAllAccessors: .LogisticMap

===========================================================================================
----------------- testing Wed Jul 10 05:25:48 UTC 2019 /home/travis/build/icyphy/ptII/ptolemy/domains/sdf/test/auto/MaximumEntropySpectrum.xml
----------------- Instantiating /home/travis/build/icyphy/ptII/ptolemy/domains/sdf/test/auto/MaximumEntropySpectrum.xml
90 ms. Memory: 369664K Free: 165820K (45%)
----------------- Invoking toplevel() on ptolemy.moml.MoMLSimpleApplication@1d3dfc42
----------------- Done invoking toplevel() on ptolemy.moml.MoMLSimpleApplication@1d3dfc42
reloadAllAccessors: .MaximumEntropySpectrum

===========================================================================================
----------------- testing Wed Jul 10 05:25:48 UTC 2019 /home/travis/build/icyphy/ptII/ptolemy/domains/sdf/test/auto/MultirateSDF.xml
----------------- Instantiating /home/travis/build/icyphy/ptII/ptolemy/domains/sdf/test/auto/MultirateSDF.xml
22 ms. Memory: 369664K Free: 150986K (41%)
----------------- Invoking toplevel() on ptolemy.moml.MoMLSimpleApplication@6ebdf039
----------------- Done invoking toplevel() on ptolemy.moml.MoMLSimpleApplication@6ebdf039
reloadAllAccessors: .MultirateSDF

===========================================================================================
----------------- testing Wed Jul 10 05:25:48 UTC 2019 /home/travis/build/icyphy/ptII/ptolemy/domains/sdf/test/auto/MultirateSDFwithTransientStates.xml
----------------- Instantiating /home/travis/build/icyphy/ptII/ptolemy/domains/sdf/test/auto/MultirateSDFwithTransientStates.xml
25 ms. Memory: 369664K Free: 352667K (95%)
----------------- Invoking toplevel() on ptolemy.moml.MoMLSimpleApplication@67d8c584
----------------- Done invoking toplevel() on ptolemy.moml.MoMLSimpleApplication@67d8c584
reloadAllAccessors: .MultirateSDFwithTransientStates

===========================================================================================
----------------- testing Wed Jul 10 05:25:48 UTC 2019 /home/travis/build/icyphy/ptII/ptolemy/domains/sdf/test/auto/NoisySinewave.xml
----------------- Instantiating /home/travis/build/icyphy/ptII/ptolemy/domains/sdf/test/auto/NoisySinewave.xml
15 ms. Memory: 369664K Free: 332828K (90%)
----------------- Invoking toplevel() on ptolemy.moml.MoMLSimpleApplication@43620c0e
----------------- Done invoking toplevel() on ptolemy.moml.MoMLSimpleApplication@43620c0e
reloadAllAccessors: .NoisySinewave

===========================================================================================
----------------- testing Wed Jul 10 05:25:48 UTC 2019 /home/travis/build/icyphy/ptII/ptolemy/domains/sdf/test/auto/Objects.xml
----------------- Instantiating /home/travis/build/icyphy/ptII/ptolemy/domains/sdf/test/auto/Objects.xml
2 ms. Memory: 369664K Free: 325146K (88%)
----------------- Invoking toplevel() on ptolemy.moml.MoMLSimpleApplication@2b3c434
----------------- Done invoking toplevel() on ptolemy.moml.MoMLSimpleApplication@2b3c434
reloadAllAccessors: .Objects

===========================================================================================
----------------- testing Wed Jul 10 05:25:48 UTC 2019 /home/travis/build/icyphy/ptII/ptolemy/domains/sdf/test/auto/OrthogonalCom.xml
----------------- Instantiating /home/travis/build/icyphy/ptII/ptolemy/domains/sdf/test/auto/OrthogonalCom.xml
9 ms. Memory: 369664K Free: 316954K (86%)
----------------- Invoking toplevel() on ptolemy.moml.MoMLSimpleApplication@4e888ab2
----------------- Done invoking toplevel() on ptolemy.moml.MoMLSimpleApplication@4e888ab2
reloadAllAccessors: .OrthogonalCom

===========================================================================================
----------------- testing Wed Jul 10 05:25:48 UTC 2019 /home/travis/build/icyphy/ptII/ptolemy/domains/sdf/test/auto/RijndaelEncryption.xml
----------------- Instantiating /home/travis/build/icyphy/ptII/ptolemy/domains/sdf/test/auto/RijndaelEncryption.xml
319 ms. Memory: 369664K Free: 171546K (46%)
----------------- Invoking toplevel() on ptolemy.moml.MoMLSimpleApplication@2f620cd0
----------------- Done invoking toplevel() on ptolemy.moml.MoMLSimpleApplication@2f620cd0
reloadAllAccessors: .RijndaelEncryption

===========================================================================================
----------------- testing Wed Jul 10 05:25:49 UTC 2019 /home/travis/build/icyphy/ptII/ptolemy/domains/sdf/test/auto/SDFEmptyIterations.xml
----------------- Instantiating /home/travis/build/icyphy/ptII/ptolemy/domains/sdf/test/auto/SDFEmptyIterations.xml
6 ms. Memory: 369664K Free: 166412K (45%)
----------------- Invoking toplevel() on ptolemy.moml.MoMLSimpleApplication@9604f20
----------------- Done invoking toplevel() on ptolemy.moml.MoMLSimpleApplication@9604f20
reloadAllAccessors: .SDFEmptyIterations

===========================================================================================
----------------- testing Wed Jul 10 05:25:49 UTC 2019 /home/travis/build/icyphy/ptII/ptolemy/domains/sdf/test/auto/Spectrum.xml
----------------- Instantiating /home/travis/build/icyphy/ptII/ptolemy/domains/sdf/test/auto/Spectrum.xml
32 ms. Memory: 369664K Free: 144922K (39%)
----------------- Invoking toplevel() on ptolemy.moml.MoMLSimpleApplication@4d1c3c82
----------------- Done invoking toplevel() on ptolemy.moml.MoMLSimpleApplication@4d1c3c82
reloadAllAccessors: .Spectrum

===========================================================================================
----------------- testing Wed Jul 10 05:25:49 UTC 2019 /home/travis/build/icyphy/ptII/ptolemy/domains/sdf/test/auto/de_inside_sdf.xml
----------------- Instantiating /home/travis/build/icyphy/ptII/ptolemy/domains/sdf/test/auto/de_inside_sdf.xml
8 ms. Memory: 369664K Free: 139772K (38%)
----------------- Invoking toplevel() on ptolemy.moml.MoMLSimpleApplication@b2bc6df
----------------- Done invoking toplevel() on ptolemy.moml.MoMLSimpleApplication@b2bc6df
reloadAllAccessors: .de_inside_sdf

===========================================================================================
----------------- testing Wed Jul 10 05:25:49 UTC 2019 /home/travis/build/icyphy/ptII/ptolemy/domains/sdf/test/auto/disconnectedHierarchicalSDF.xml
----------------- Instantiating /home/travis/build/icyphy/ptII/ptolemy/domains/sdf/test/auto/disconnectedHierarchicalSDF.xml
5 ms. Memory: 369664K Free: 353251K (96%)
----------------- Invoking toplevel() on ptolemy.moml.MoMLSimpleApplication@32f26d78
----------------- Done invoking toplevel() on ptolemy.moml.MoMLSimpleApplication@32f26d78
reloadAllAccessors: .disconnectedHierarchicalSDF

===========================================================================================
----------------- testing Wed Jul 10 05:25:49 UTC 2019 /home/travis/build/icyphy/ptII/ptolemy/domains/sdf/test/auto/disconnectedSDF.xml
----------------- Instantiating /home/travis/build/icyphy/ptII/ptolemy/domains/sdf/test/auto/disconnectedSDF.xml
3 ms. Memory: 369664K Free: 349155K (94%)
----------------- Invoking toplevel() on ptolemy.moml.MoMLSimpleApplication@6db09f93
----------------- Done invoking toplevel() on ptolemy.moml.MoMLSimpleApplication@6db09f93
reloadAllAccessors: .disconnectedSDF

===========================================================================================
----------------- testing Wed Jul 10 05:25:49 UTC 2019 /home/travis/build/icyphy/ptII/ptolemy/domains/sdf/test/auto/emptyRefinement.xml
----------------- Instantiating /home/travis/build/icyphy/ptII/ptolemy/domains/sdf/test/auto/emptyRefinement.xml
3 ms. Memory: 369664K Free: 344545K (93%)
----------------- Invoking toplevel() on ptolemy.moml.MoMLSimpleApplication@f5711d
----------------- Done invoking toplevel() on ptolemy.moml.MoMLSimpleApplication@f5711d
reloadAllAccessors: .emptyRefinement

===========================================================================================
----------------- testing Wed Jul 10 05:25:49 UTC 2019 /home/travis/build/icyphy/ptII/ptolemy/domains/sdf/test/auto/filePortParameter.xml
----------------- Instantiating /home/travis/build/icyphy/ptII/ptolemy/domains/sdf/test/auto/filePortParameter.xml
26 ms. Memory: 369664K Free: 337377K (91%)
----------------- Invoking toplevel() on ptolemy.moml.MoMLSimpleApplication@3aa69b8c
----------------- Done invoking toplevel() on ptolemy.moml.MoMLSimpleApplication@3aa69b8c
reloadAllAccessors: .filePortParameter

===========================================================================================
----------------- testing Wed Jul 10 05:25:49 UTC 2019 /home/travis/build/icyphy/ptII/ptolemy/domains/sdf/test/auto/inferRelationWidth1.xml
----------------- Instantiating /home/travis/build/icyphy/ptII/ptolemy/domains/sdf/test/auto/inferRelationWidth1.xml
3 ms. Memory: 369664K Free: 334305K (90%)
----------------- Invoking toplevel() on ptolemy.moml.MoMLSimpleApplication@4e8c23af
----------------- Done invoking toplevel() on ptolemy.moml.MoMLSimpleApplication@4e8c23af
reloadAllAccessors: .inferRelationWidth1

===========================================================================================
----------------- testing Wed Jul 10 05:25:49 UTC 2019 /home/travis/build/icyphy/ptII/ptolemy/domains/sdf/test/auto/initProductionInference.xml
----------------- Instantiating /home/travis/build/icyphy/ptII/ptolemy/domains/sdf/test/auto/initProductionInference.xml
3 ms. Memory: 369664K Free: 330179K (89%)
----------------- Invoking toplevel() on ptolemy.moml.MoMLSimpleApplication@56e6434a
----------------- Done invoking toplevel() on ptolemy.moml.MoMLSimpleApplication@56e6434a
reloadAllAccessors: .initProductionInference

===========================================================================================
----------------- testing Wed Jul 10 05:25:49 UTC 2019 /home/travis/build/icyphy/ptII/ptolemy/domains/sdf/test/auto/relationGroup.xml
----------------- Instantiating /home/travis/build/icyphy/ptII/ptolemy/domains/sdf/test/auto/relationGroup.xml
10 ms. Memory: 369664K Free: 327137K (88%)
----------------- Invoking toplevel() on ptolemy.moml.MoMLSimpleApplication@6d9df01d
----------------- Done invoking toplevel() on ptolemy.moml.MoMLSimpleApplication@6d9df01d
reloadAllAccessors: .relationGroup

===========================================================================================
----------------- testing Wed Jul 10 05:25:49 UTC 2019 /home/travis/build/icyphy/ptII/ptolemy/domains/sdf/test/auto/relationGroup10.xml
----------------- Instantiating /home/travis/build/icyphy/ptII/ptolemy/domains/sdf/test/auto/relationGroup10.xml
2 ms. Memory: 369664K Free: 323555K (88%)
----------------- Invoking toplevel() on ptolemy.moml.MoMLSimpleApplication@23237072
----------------- Done invoking toplevel() on ptolemy.moml.MoMLSimpleApplication@23237072
reloadAllAccessors: .relationGroup10

===========================================================================================
----------------- testing Wed Jul 10 05:25:49 UTC 2019 /home/travis/build/icyphy/ptII/ptolemy/domains/sdf/test/auto/relationGroup11.xml
----------------- Instantiating /home/travis/build/icyphy/ptII/ptolemy/domains/sdf/test/auto/relationGroup11.xml
4 ms. Memory: 369664K Free: 319969K (87%)
----------------- Invoking toplevel() on ptolemy.moml.MoMLSimpleApplication@1afc5a67
----------------- Done invoking toplevel() on ptolemy.moml.MoMLSimpleApplication@1afc5a67
reloadAllAccessors: .relationGroup11

===========================================================================================
----------------- testing Wed Jul 10 05:25:49 UTC 2019 /home/travis/build/icyphy/ptII/ptolemy/domains/sdf/test/auto/relationGroup12.xml
----------------- Instantiating /home/travis/build/icyphy/ptII/ptolemy/domains/sdf/test/auto/relationGroup12.xml
2 ms. Memory: 369664K Free: 316387K (86%)
----------------- Invoking toplevel() on ptolemy.moml.MoMLSimpleApplication@34c11c9
----------------- Done invoking toplevel() on ptolemy.moml.MoMLSimpleApplication@34c11c9
reloadAllAccessors: .relationGroup12

===========================================================================================
----------------- testing Wed Jul 10 05:25:49 UTC 2019 /home/travis/build/icyphy/ptII/ptolemy/domains/sdf/test/auto/relationGroup13.xml
----------------- Instantiating /home/travis/build/icyphy/ptII/ptolemy/domains/sdf/test/auto/relationGroup13.xml
8 ms. Memory: 369664K Free: 311267K (84%)
----------------- Invoking toplevel() on ptolemy.moml.MoMLSimpleApplication@16ef9a42
----------------- Done invoking toplevel() on ptolemy.moml.MoMLSimpleApplication@16ef9a42
reloadAllAccessors: .relationGroup13

===========================================================================================
----------------- testing Wed Jul 10 05:25:49 UTC 2019 /home/travis/build/icyphy/ptII/ptolemy/domains/sdf/test/auto/relationGroup14.xml
----------------- Instantiating /home/travis/build/icyphy/ptII/ptolemy/domains/sdf/test/auto/relationGroup14.xml
3 ms. Memory: 369664K Free: 306657K (83%)
----------------- Invoking toplevel() on ptolemy.moml.MoMLSimpleApplication@270f759b
----------------- Done invoking toplevel() on ptolemy.moml.MoMLSimpleApplication@270f759b
reloadAllAccessors: .relationGroup14

===========================================================================================
----------------- testing Wed Jul 10 05:25:49 UTC 2019 /home/travis/build/icyphy/ptII/ptolemy/domains/sdf/test/auto/relationGroup15.xml
----------------- Instantiating /home/travis/build/icyphy/ptII/ptolemy/domains/sdf/test/auto/relationGroup15.xml
1 ms. Memory: 369664K Free: 303585K (82%)
----------------- Invoking toplevel() on ptolemy.moml.MoMLSimpleApplication@3f3458df
----------------- Done invoking toplevel() on ptolemy.moml.MoMLSimpleApplication@3f3458df
reloadAllAccessors: .relationGroup15

===========================================================================================
----------------- testing Wed Jul 10 05:25:49 UTC 2019 /home/travis/build/icyphy/ptII/ptolemy/domains/sdf/test/auto/relationGroup2.xml
----------------- Instantiating /home/travis/build/icyphy/ptII/ptolemy/domains/sdf/test/auto/relationGroup2.xml
1 ms. Memory: 369664K Free: 300513K (81%)
----------------- Invoking toplevel() on ptolemy.moml.MoMLSimpleApplication@1be4de0e
----------------- Done invoking toplevel() on ptolemy.moml.MoMLSimpleApplication@1be4de0e
reloadAllAccessors: .relationGroup2

===========================================================================================
----------------- testing Wed Jul 10 05:25:49 UTC 2019 /home/travis/build/icyphy/ptII/ptolemy/domains/sdf/test/auto/relationGroup3.xml
----------------- Instantiating /home/travis/build/icyphy/ptII/ptolemy/domains/sdf/test/auto/relationGroup3.xml
3 ms. Memory: 369664K Free: 297441K (80%)
----------------- Invoking toplevel() on ptolemy.moml.MoMLSimpleApplication@5d625386
----------------- Done invoking toplevel() on ptolemy.moml.MoMLSimpleApplication@5d625386
reloadAllAccessors: .relationGroup3

===========================================================================================
----------------- testing Wed Jul 10 05:25:49 UTC 2019 /home/travis/build/icyphy/ptII/ptolemy/domains/sdf/test/auto/relationGroup4.xml
----------------- Instantiating /home/travis/build/icyphy/ptII/ptolemy/domains/sdf/test/auto/relationGroup4.xml
8 ms. Memory: 369664K Free: 293345K (79%)
----------------- Invoking toplevel() on ptolemy.moml.MoMLSimpleApplication@4ea6a257
----------------- Done invoking toplevel() on ptolemy.moml.MoMLSimpleApplication@4ea6a257
reloadAllAccessors: .relationGroup4

===========================================================================================
----------------- testing Wed Jul 10 05:25:49 UTC 2019 /home/travis/build/icyphy/ptII/ptolemy/domains/sdf/test/auto/relationGroup5.xml
----------------- Instantiating /home/travis/build/icyphy/ptII/ptolemy/domains/sdf/test/auto/relationGroup5.xml
2 ms. Memory: 369664K Free: 288739K (78%)
----------------- Invoking toplevel() on ptolemy.moml.MoMLSimpleApplication@43e43103
----------------- Done invoking toplevel() on ptolemy.moml.MoMLSimpleApplication@43e43103
reloadAllAccessors: .relationGroup5

===========================================================================================
----------------- testing Wed Jul 10 05:25:49 UTC 2019 /home/travis/build/icyphy/ptII/ptolemy/domains/sdf/test/auto/relationGroup6.xml
----------------- Instantiating /home/travis/build/icyphy/ptII/ptolemy/domains/sdf/test/auto/relationGroup6.xml
3 ms. Memory: 369664K Free: 284129K (77%)
----------------- Invoking toplevel() on ptolemy.moml.MoMLSimpleApplication@6139e088
----------------- Done invoking toplevel() on ptolemy.moml.MoMLSimpleApplication@6139e088
reloadAllAccessors: .relationGroup6

===========================================================================================
----------------- testing Wed Jul 10 05:25:49 UTC 2019 /home/travis/build/icyphy/ptII/ptolemy/domains/sdf/test/auto/relationGroup7.xml
----------------- Instantiating /home/travis/build/icyphy/ptII/ptolemy/domains/sdf/test/auto/relationGroup7.xml
1 ms. Memory: 369664K Free: 280547K (76%)
----------------- Invoking toplevel() on ptolemy.moml.MoMLSimpleApplication@2aeb68d4
----------------- Done invoking toplevel() on ptolemy.moml.MoMLSimpleApplication@2aeb68d4
reloadAllAccessors: .relationGroup7

===========================================================================================
----------------- testing Wed Jul 10 05:25:49 UTC 2019 /home/travis/build/icyphy/ptII/ptolemy/domains/sdf/test/auto/relationGroup8.xml
----------------- Instantiating /home/travis/build/icyphy/ptII/ptolemy/domains/sdf/test/auto/relationGroup8.xml
1 ms. Memory: 369664K Free: 277475K (75%)
----------------- Invoking toplevel() on ptolemy.moml.MoMLSimpleApplication@566ec6f2
----------------- Done invoking toplevel() on ptolemy.moml.MoMLSimpleApplication@566ec6f2
reloadAllAccessors: .relationGroup8

===========================================================================================
----------------- testing Wed Jul 10 05:25:49 UTC 2019 /home/travis/build/icyphy/ptII/ptolemy/domains/sdf/test/auto/relationGroup9.xml
----------------- Instantiating /home/travis/build/icyphy/ptII/ptolemy/domains/sdf/test/auto/relationGroup9.xml
4 ms. Memory: 369664K Free: 272865K (74%)
----------------- Invoking toplevel() on ptolemy.moml.MoMLSimpleApplication@1299bf0c
----------------- Done invoking toplevel() on ptolemy.moml.MoMLSimpleApplication@1299bf0c
reloadAllAccessors: .relationGroup9

===========================================================================================
----------------- testing Wed Jul 10 05:25:49 UTC 2019 /home/travis/build/icyphy/ptII/ptolemy/domains/sdf/test/auto/sdf_inside_de.xml
----------------- Instantiating /home/travis/build/icyphy/ptII/ptolemy/domains/sdf/test/auto/sdf_inside_de.xml
9 ms. Memory: 369664K Free: 264163K (71%)
----------------- Invoking toplevel() on ptolemy.moml.MoMLSimpleApplication@7655db49
----------------- Done invoking toplevel() on ptolemy.moml.MoMLSimpleApplication@7655db49
reloadAllAccessors: .sdf_inside_de

===========================================================================================
----------------- testing Wed Jul 10 05:25:49 UTC 2019 /home/travis/build/icyphy/ptII/ptolemy/domains/sdf/test/auto/sdf_inside_pn.xml
----------------- Instantiating /home/travis/build/icyphy/ptII/ptolemy/domains/sdf/test/auto/sdf_inside_pn.xml
41 ms. Memory: 369664K Free: 255457K (69%)
----------------- Invoking toplevel() on ptolemy.moml.MoMLSimpleApplication@673bea13
----------------- Done invoking toplevel() on ptolemy.moml.MoMLSimpleApplication@673bea13
reloadAllAccessors: .sdf_inside_pn

===========================================================================================
----------------- testing Wed Jul 10 05:25:49 UTC 2019 /home/travis/build/icyphy/ptII/ptolemy/domains/sdf/test/auto/sdf_sdf1.xml
----------------- Instantiating /home/travis/build/icyphy/ptII/ptolemy/domains/sdf/test/auto/sdf_sdf1.xml
3 ms. Memory: 369664K Free: 249827K (68%)
----------------- Invoking toplevel() on ptolemy.moml.MoMLSimpleApplication@4273dcfa
----------------- Done invoking toplevel() on ptolemy.moml.MoMLSimpleApplication@4273dcfa
reloadAllAccessors: .sdf_sdf1

===========================================================================================
----------------- testing Wed Jul 10 05:25:49 UTC 2019 /home/travis/build/icyphy/ptII/ptolemy/domains/sdf/test/auto/test1.xml
----------------- Instantiating /home/travis/build/icyphy/ptII/ptolemy/domains/sdf/test/auto/test1.xml
2 ms. Memory: 369664K Free: 244707K (66%)
----------------- Invoking toplevel() on ptolemy.moml.MoMLSimpleApplication@67a45979
----------------- Done invoking toplevel() on ptolemy.moml.MoMLSimpleApplication@67a45979
reloadAllAccessors: .test1

===========================================================================================
----------------- testing Wed Jul 10 05:25:49 UTC 2019 /home/travis/build/icyphy/ptII/ptolemy/domains/sdf/test/auto/time1.xml
----------------- Instantiating /home/travis/build/icyphy/ptII/ptolemy/domains/sdf/test/auto/time1.xml
2 ms. Memory: 369664K Free: 241121K (65%)
----------------- Invoking toplevel() on ptolemy.moml.MoMLSimpleApplication@24f822e7
----------------- Done invoking toplevel() on ptolemy.moml.MoMLSimpleApplication@24f822e7
reloadAllAccessors: .time1

===========================================================================================
----------------- testing Wed Jul 10 05:25:49 UTC 2019 /home/travis/build/icyphy/ptII/ptolemy/domains/sdf/test/auto/time2.xml
----------------- Instantiating /home/travis/build/icyphy/ptII/ptolemy/domains/sdf/test/auto/time2.xml
2 ms. Memory: 369664K Free: 238049K (64%)
----------------- Invoking toplevel() on ptolemy.moml.MoMLSimpleApplication@3322d618
----------------- Done invoking toplevel() on ptolemy.moml.MoMLSimpleApplication@3322d618
reloadAllAccessors: .time2

===========================================================================================
----------------- testing Wed Jul 10 05:25:50 UTC 2019 /home/travis/build/icyphy/ptII/ptolemy/domains/sdf/test/auto/time3.xml
----------------- Instantiating /home/travis/build/icyphy/ptII/ptolemy/domains/sdf/test/auto/time3.xml
5 ms. Memory: 369664K Free: 232929K (63%)
----------------- Invoking toplevel() on ptolemy.moml.MoMLSimpleApplication@ddd321e
----------------- Done invoking toplevel() on ptolemy.moml.MoMLSimpleApplication@ddd321e
reloadAllAccessors: .time3

===========================================================================================
----------------- testing Wed Jul 10 05:25:50 UTC 2019 /home/travis/build/icyphy/ptII/ptolemy/domains/sdf/test/auto/time4.xml
----------------- Instantiating /home/travis/build/icyphy/ptII/ptolemy/domains/sdf/test/auto/time4.xml
5 ms. Memory: 369664K Free: 226785K (61%)
----------------- Invoking toplevel() on ptolemy.moml.MoMLSimpleApplication@759f961e
----------------- Done invoking toplevel() on ptolemy.moml.MoMLSimpleApplication@759f961e
reloadAllAccessors: .time4

===========================================================================================
----------------- testing Wed Jul 10 05:25:50 UTC 2019 /home/travis/build/icyphy/ptII/ptolemy/domains/sdf/test/auto/time5.xml
----------------- Instantiating /home/travis/build/icyphy/ptII/ptolemy/domains/sdf/test/auto/time5.xml
4002 ms. Memory: 369664K Free: 223203K (60%)
----------------- Invoking toplevel() on ptolemy.moml.MoMLSimpleApplication@745c7951
----------------- Done invoking toplevel() on ptolemy.moml.MoMLSimpleApplication@745c7951
reloadAllAccessors: .time5

===========================================================================================
----------------- testing Wed Jul 10 05:25:54 UTC 2019 /home/travis/build/icyphy/ptII/ptolemy/domains/sdf/test/auto/typeSystem_Const_Integer_smallest_Type.xml
----------------- Instantiating /home/travis/build/icyphy/ptII/ptolemy/domains/sdf/test/auto/typeSystem_Const_Integer_smallest_Type.xml
6 ms. Memory: 369664K Free: 218593K (59%)
----------------- Invoking toplevel() on ptolemy.moml.MoMLSimpleApplication@50818ec5
----------------- Done invoking toplevel() on ptolemy.moml.MoMLSimpleApplication@50818ec5
reloadAllAccessors: .typeSystem_Const_Integer_smallest_Type

===========================================================================================
----------------- testing Wed Jul 10 05:25:54 UTC 2019 /home/travis/build/icyphy/ptII/ptolemy/domains/sdf/test/auto/typeSystem_declared_Inports_OutportTypeException.xml
----------------- Instantiating /home/travis/build/icyphy/ptII/ptolemy/domains/sdf/test/auto/typeSystem_declared_Inports_OutportTypeException.xml
.typeSystem_declared_Inports_OutportTypeException.TestExceptionAttribute: initialize() was not invoked, but wrapup() was.  This is unusual, but not always a problem.  For example, exporting JNLP will do this.
5 ms. Memory: 369664K Free: 214497K (58%)
----------------- Invoking toplevel() on ptolemy.moml.MoMLSimpleApplication@720d01e2
----------------- Done invoking toplevel() on ptolemy.moml.MoMLSimpleApplication@720d01e2
reloadAllAccessors: .typeSystem_declared_Inports_OutportTypeException

===========================================================================================
----------------- testing Wed Jul 10 05:25:54 UTC 2019 /home/travis/build/icyphy/ptII/ptolemy/domains/sdf/test/auto/typeSystem_oneDeclaredInportType_wrongTypeOutport.xml
----------------- Instantiating /home/travis/build/icyphy/ptII/ptolemy/domains/sdf/test/auto/typeSystem_oneDeclaredInportType_wrongTypeOutport.xml
3 ms. Memory: 369664K Free: 210401K (57%)
----------------- Invoking toplevel() on ptolemy.moml.MoMLSimpleApplication@12dc751c
----------------- Done invoking toplevel() on ptolemy.moml.MoMLSimpleApplication@12dc751c
reloadAllAccessors: .typeSystem_oneDeclaredInportType_wrongTypeOutport

===========================================================================================
----------------- testing Wed Jul 10 05:25:54 UTC 2019 /home/travis/build/icyphy/ptII/ptolemy/domains/sdf/test/auto/width.xml
----------------- Instantiating /home/travis/build/icyphy/ptII/ptolemy/domains/sdf/test/auto/width.xml
2 ms. Memory: 369664K Free: 206819K (56%)
----------------- Invoking toplevel() on ptolemy.moml.MoMLSimpleApplication@20a7f34
----------------- Done invoking toplevel() on ptolemy.moml.MoMLSimpleApplication@20a7f34
reloadAllAccessors: .width

===========================================================================================
----------------- testing Wed Jul 10 05:25:54 UTC 2019 /home/travis/build/icyphy/ptII/ptolemy/domains/sdf/test/auto/width2.xml
----------------- Instantiating /home/travis/build/icyphy/ptII/ptolemy/domains/sdf/test/auto/width2.xml
25 ms. Memory: 369664K Free: 202209K (55%)
----------------- Invoking toplevel() on ptolemy.moml.MoMLSimpleApplication@63f0edb5
----------------- Done invoking toplevel() on ptolemy.moml.MoMLSimpleApplication@63f0edb5
reloadAllAccessors: .width2

===========================================================================================
----------------- testing Wed Jul 10 05:25:54 UTC 2019 /home/travis/build/icyphy/ptII/ptolemy/domains/sdf/test/auto/width3.xml
----------------- Instantiating /home/travis/build/icyphy/ptII/ptolemy/domains/sdf/test/auto/width3.xml
28 ms. Memory: 369664K Free: 197089K (53%)
----------------- Invoking toplevel() on ptolemy.moml.MoMLSimpleApplication@13953b0f
----------------- Done invoking toplevel() on ptolemy.moml.MoMLSimpleApplication@13953b0f
reloadAllAccessors: .width3
AutoTests.java: About to close Vertx.
AutoTests.java: Vertx closed.
]]></system-out>
  <system-err><![CDATA[java.lang.RuntimeException: Execution failed
	at ptolemy.moml.MoMLSimpleApplication$UnloadThread.run(MoMLSimpleApplication.java:402)
Caused by: ptolemy.actor.sched.NotSchedulableException: No solution exists for the balance equations.
Graph is not consistent under the SDF domain detected on external port .rateConsistency.actor.port2
  in .rateConsistency.SDF Director.Scheduler
	at ptolemy.domains.sdf.kernel.SDFScheduler._propagatePort(SDFScheduler.java:1425)
	at ptolemy.domains.sdf.kernel.SDFScheduler._solveBalanceEquations(SDFScheduler.java:710)
	at ptolemy.domains.sdf.kernel.SDFScheduler._getSchedule(SDFScheduler.java:566)
	at ptolemy.actor.sched.Scheduler.getSchedule(Scheduler.java:189)
	at ptolemy.domains.sdf.kernel.SDFDirector.createSchedule(SDFDirector.java:408)
	at ptolemy.domains.sdf.kernel.SDFDirector.preinitialize(SDFDirector.java:764)
	at ptolemy.actor.CompositeActor.preinitialize(CompositeActor.java:1828)
	at ptolemy.actor.Manager.preinitializeAndResolveTypes(Manager.java:1040)
	at ptolemy.actor.Manager.initialize(Manager.java:710)
	at ptolemy.actor.Manager.execute(Manager.java:356)
	at ptolemy.actor.Manager.run(Manager.java:1263)
	at ptolemy.actor.Manager$PtolemyRunThread.run(Manager.java:1915)
java.lang.RuntimeException: Execution failed
	at ptolemy.moml.MoMLSimpleApplication$UnloadThread.run(MoMLSimpleApplication.java:402)
Caused by: ptolemy.kernel.util.IllegalActionException: Failed to compute schedule:
  in .badRateChanges.typed composite actor.SDF Director
Because:
The SDF rate parameter may change. This is not allowed in SDF models that will be run through the code generator.  If you don't care about code generation, then you might consider setting the allowRateChanges parameter of the SDF director to false.
  in .badRateChanges.typed composite actor.Repeat.output.tokenProductionRate
	at ptolemy.domains.sdf.kernel.SDFDirector.createSchedule(SDFDirector.java:418)
	at ptolemy.domains.sdf.kernel.SDFDirector.preinitialize(SDFDirector.java:764)
	at ptolemy.actor.CompositeActor.preinitialize(CompositeActor.java:1828)
	at ptolemy.actor.Director.preinitialize(Director.java:1302)
	at ptolemy.actor.Director.preinitialize(Director.java:1257)
	at ptolemy.domains.sdf.kernel.SDFDirector.preinitialize(SDFDirector.java:763)
	at ptolemy.actor.CompositeActor.preinitialize(CompositeActor.java:1828)
	at ptolemy.actor.Manager.preinitializeAndResolveTypes(Manager.java:1040)
	at ptolemy.actor.Manager.initialize(Manager.java:710)
	at ptolemy.actor.Manager.execute(Manager.java:356)
	at ptolemy.actor.Manager.run(Manager.java:1263)
	at ptolemy.actor.Manager$PtolemyRunThread.run(Manager.java:1915)
Caused by: ptolemy.kernel.util.IllegalActionException: The SDF rate parameter may change. This is not allowed in SDF models that will be run through the code generator.  If you don't care about code generation, then you might consider setting the allowRateChanges parameter of the SDF director to false.
  in .badRateChanges.typed composite actor.Repeat.output.tokenProductionRate
	at ptolemy.domains.sdf.kernel.SDFScheduler._assertDynamicRateVariable(SDFScheduler.java:931)
	at ptolemy.domains.sdf.kernel.SDFScheduler._checkDynamicRateVariables(SDFScheduler.java:339)
	at ptolemy.domains.sdf.kernel.SDFScheduler._getSchedule(SDFScheduler.java:527)
	at ptolemy.actor.sched.Scheduler.getSchedule(Scheduler.java:189)
	at ptolemy.domains.sdf.kernel.SDFDirector.createSchedule(SDFDirector.java:408)
	... 11 more
java.lang.RuntimeException: Execution failed
	at ptolemy.moml.MoMLSimpleApplication$UnloadThread.run(MoMLSimpleApplication.java:402)
Caused by: ptolemy.kernel.util.IllegalActionException: Failed to compute schedule:
  in .badRateChanges2.typed composite actor.SDF Director
Because:
The SDF rate parameter may change. This is not allowed in SDF models that will be run through the code generator.  If you don't care about code generation, then you might consider setting the allowRateChanges parameter of the SDF director to false.
  in .badRateChanges2.typed composite actor.Repeat.output.tokenProductionRate
	at ptolemy.domains.sdf.kernel.SDFDirector.createSchedule(SDFDirector.java:418)
	at ptolemy.domains.sdf.kernel.SDFDirector.preinitialize(SDFDirector.java:764)
	at ptolemy.actor.CompositeActor.preinitialize(CompositeActor.java:1828)
	at ptolemy.actor.Director.preinitialize(Director.java:1302)
	at ptolemy.actor.Director.preinitialize(Director.java:1257)
	at ptolemy.domains.sdf.kernel.SDFDirector.preinitialize(SDFDirector.java:763)
	at ptolemy.actor.CompositeActor.preinitialize(CompositeActor.java:1828)
	at ptolemy.actor.Manager.preinitializeAndResolveTypes(Manager.java:1040)
	at ptolemy.actor.Manager.initialize(Manager.java:710)
	at ptolemy.actor.Manager.execute(Manager.java:356)
	at ptolemy.actor.Manager.run(Manager.java:1263)
	at ptolemy.actor.Manager$PtolemyRunThread.run(Manager.java:1915)
Caused by: ptolemy.kernel.util.IllegalActionException: The SDF rate parameter may change. This is not allowed in SDF models that will be run through the code generator.  If you don't care about code generation, then you might consider setting the allowRateChanges parameter of the SDF director to false.
  in .badRateChanges2.typed composite actor.Repeat.output.tokenProductionRate
	at ptolemy.domains.sdf.kernel.SDFScheduler._assertDynamicRateVariable(SDFScheduler.java:931)
	at ptolemy.domains.sdf.kernel.SDFScheduler._checkDynamicRateVariables(SDFScheduler.java:339)
	at ptolemy.domains.sdf.kernel.SDFScheduler._getSchedule(SDFScheduler.java:527)
	at ptolemy.actor.sched.Scheduler.getSchedule(Scheduler.java:189)
	at ptolemy.domains.sdf.kernel.SDFDirector.createSchedule(SDFDirector.java:408)
	... 11 more
java.lang.RuntimeException: Execution failed
	at ptolemy.moml.MoMLSimpleApplication$UnloadThread.run(MoMLSimpleApplication.java:402)
Caused by: ptolemy.actor.sched.NotSchedulableException: Actors remain that cannot be scheduled!

There are several possible reasons:
* SDF Graphs with feedback loops should have an actor with a delay in the loop, such as a SampleDelay.
* The SDF director has an "allowDisconnectedGraphs"parameter, which, when true, permits disconnected SDF graphs.
* The token consumption rate and production rates might be mismatched.
Usually, actors produce one token or consume one token on a port.  To produce or consume multiple tokens per firing, add a "tokenConsumptionRate" or "tokenProductionRate" parameter to the appropriate port.
Unscheduled actors:
.partiallyConnected.Const2 
Scheduled actors:
.partiallyConnected.Const 
  in .partiallyConnected.SDF Director.Scheduler
	at ptolemy.domains.sdf.kernel.SDFScheduler._scheduleConnectedActors(SDFScheduler.java:1828)
	at ptolemy.domains.sdf.kernel.SDFScheduler._getSchedule(SDFScheduler.java:587)
	at ptolemy.actor.sched.Scheduler.getSchedule(Scheduler.java:189)
	at ptolemy.domains.sdf.kernel.SDFDirector.createSchedule(SDFDirector.java:408)
	at ptolemy.domains.sdf.kernel.SDFDirector.preinitialize(SDFDirector.java:764)
	at ptolemy.actor.CompositeActor.preinitialize(CompositeActor.java:1828)
	at ptolemy.actor.Manager.preinitializeAndResolveTypes(Manager.java:1040)
	at ptolemy.actor.Manager.initialize(Manager.java:710)
	at ptolemy.actor.Manager.execute(Manager.java:356)
	at ptolemy.actor.Manager.run(Manager.java:1263)
	at ptolemy.actor.Manager$PtolemyRunThread.run(Manager.java:1915)
]]></system-err>
</testsuite>
