<?xml version="1.0" encoding="UTF-8" ?>
<testsuite errors="0" failures="0" hostname="travis-job-042354b8-f49a-46a4-9584-531bfcbdd35a" name="ptolemy.domains.continuous.test.junit.JUnitTclTest" skipped="0" tests="156" time="79.442" timestamp="2019-07-27T05:09:12">
  <properties>
[...]
</properties>
  <testcase classname="ptolemy.util.test.junit.TclTests" name="[0] ThereAreNoTclTests (RunTclFile)" time="0.008" />
  <testcase classname="ptolemy.util.test.junit.AutoKnownFailedTests" name="[0] ThereAreNoKnowFailedTests (RunModel)" time="0.009" />
  <testcase classname="ptolemy.util.test.junit.AutoNameArchTests" name="[0] ThereAreNoAutoArchTests (RunModel)" time="0.027" />
  <testcase classname="ptolemy.util.test.junit.AutoTests" name="[0] /home/travis/build/icyphy/ptII/ptolemy/domains/continuous/test/auto/BouncingBall.xml (RunModel)" time="3.415" />
  <testcase classname="ptolemy.util.test.junit.AutoTests" name="[1] /home/travis/build/icyphy/ptII/ptolemy/domains/continuous/test/auto/BouncingBallWithoutGR.xml (RunModel)" time="0.976" />
  <testcase classname="ptolemy.util.test.junit.AutoTests" name="[2] /home/travis/build/icyphy/ptII/ptolemy/domains/continuous/test/auto/Brownian.xml (RunModel)" time="0.125" />
  <testcase classname="ptolemy.util.test.junit.AutoTests" name="[3] /home/travis/build/icyphy/ptII/ptolemy/domains/continuous/test/auto/CarTracking.xml (RunModel)" time="4.452" />
  <testcase classname="ptolemy.util.test.junit.AutoTests" name="[4] /home/travis/build/icyphy/ptII/ptolemy/domains/continuous/test/auto/CartPendulum.xml (RunModel)" time="0.609" />
  <testcase classname="ptolemy.util.test.junit.AutoTests" name="[5] /home/travis/build/icyphy/ptII/ptolemy/domains/continuous/test/auto/CausalityInterface10.xml (RunModel)" time="0.066" />
  <testcase classname="ptolemy.util.test.junit.AutoTests" name="[6] /home/travis/build/icyphy/ptII/ptolemy/domains/continuous/test/auto/CausalityInterface11.xml (RunModel)" time="0.033" />
  <testcase classname="ptolemy.util.test.junit.AutoTests" name="[7] /home/travis/build/icyphy/ptII/ptolemy/domains/continuous/test/auto/CausalityInterface12.xml (RunModel)" time="0.037" />
  <testcase classname="ptolemy.util.test.junit.AutoTests" name="[8] /home/travis/build/icyphy/ptII/ptolemy/domains/continuous/test/auto/CausalityInterface13.xml (RunModel)" time="0.036" />
  <testcase classname="ptolemy.util.test.junit.AutoTests" name="[9] /home/travis/build/icyphy/ptII/ptolemy/domains/continuous/test/auto/CausalityInterface14.xml (RunModel)" time="0.025" />
  <testcase classname="ptolemy.util.test.junit.AutoTests" name="[10] /home/travis/build/icyphy/ptII/ptolemy/domains/continuous/test/auto/CausalityInterface4.xml (RunModel)" time="0.031" />
  <testcase classname="ptolemy.util.test.junit.AutoTests" name="[11] /home/travis/build/icyphy/ptII/ptolemy/domains/continuous/test/auto/CausalityInterface5.xml (RunModel)" time="0.043" />
  <testcase classname="ptolemy.util.test.junit.AutoTests" name="[12] /home/travis/build/icyphy/ptII/ptolemy/domains/continuous/test/auto/CausalityInterface6.xml (RunModel)" time="0.033" />
  <testcase classname="ptolemy.util.test.junit.AutoTests" name="[13] /home/travis/build/icyphy/ptII/ptolemy/domains/continuous/test/auto/CausalityInterface7.xml (RunModel)" time="0.044" />
  <testcase classname="ptolemy.util.test.junit.AutoTests" name="[14] /home/travis/build/icyphy/ptII/ptolemy/domains/continuous/test/auto/CausalityInterface8.xml (RunModel)" time="0.037" />
  <testcase classname="ptolemy.util.test.junit.AutoTests" name="[15] /home/travis/build/icyphy/ptII/ptolemy/domains/continuous/test/auto/CausalityInterface9.xml (RunModel)" time="0.048" />
  <testcase classname="ptolemy.util.test.junit.AutoTests" name="[16] /home/travis/build/icyphy/ptII/ptolemy/domains/continuous/test/auto/CausalityInterfaceFeedback1.xml (RunModel)" time="0.042" />
  <testcase classname="ptolemy.util.test.junit.AutoTests" name="[17] /home/travis/build/icyphy/ptII/ptolemy/domains/continuous/test/auto/CausalityInterfaceFeedback2.xml (RunModel)" time="0.031" />
  <testcase classname="ptolemy.util.test.junit.AutoTests" name="[18] /home/travis/build/icyphy/ptII/ptolemy/domains/continuous/test/auto/CompareWithCurrentTime.xml (RunModel)" time="0.023" />
  <testcase classname="ptolemy.util.test.junit.AutoTests" name="[19] /home/travis/build/icyphy/ptII/ptolemy/domains/continuous/test/auto/ComparedClocks.xml (RunModel)" time="0.073" />
  <testcase classname="ptolemy.util.test.junit.AutoTests" name="[20] /home/travis/build/icyphy/ptII/ptolemy/domains/continuous/test/auto/ContinuousAOCClone.xml (RunModel)" time="2.884" />
  <testcase classname="ptolemy.util.test.junit.AutoTests" name="[21] /home/travis/build/icyphy/ptII/ptolemy/domains/continuous/test/auto/ContinuousClock.xml (RunModel)" time="0.111" />
  <testcase classname="ptolemy.util.test.junit.AutoTests" name="[22] /home/travis/build/icyphy/ptII/ptolemy/domains/continuous/test/auto/ContinuousInContinuous.xml (RunModel)" time="0.09" />
  <testcase classname="ptolemy.util.test.junit.AutoTests" name="[23] /home/travis/build/icyphy/ptII/ptolemy/domains/continuous/test/auto/ContinuousInContinuousInContinuous.xml (RunModel)" time="0.029" />
  <testcase classname="ptolemy.util.test.junit.AutoTests" name="[24] /home/travis/build/icyphy/ptII/ptolemy/domains/continuous/test/auto/ContinuousInDE.xml (RunModel)" time="0.108" />
  <testcase classname="ptolemy.util.test.junit.AutoTests" name="[25] /home/travis/build/icyphy/ptII/ptolemy/domains/continuous/test/auto/ContinuousInDE2.xml (RunModel)" time="0.072" />
  <testcase classname="ptolemy.util.test.junit.AutoTests" name="[26] /home/travis/build/icyphy/ptII/ptolemy/domains/continuous/test/auto/ContinuousInDE3.xml (RunModel)" time="0.064" />
  <testcase classname="ptolemy.util.test.junit.AutoTests" name="[27] /home/travis/build/icyphy/ptII/ptolemy/domains/continuous/test/auto/ContinuousInDE4.xml (RunModel)" time="0.034" />
  <testcase classname="ptolemy.util.test.junit.AutoTests" name="[28] /home/travis/build/icyphy/ptII/ptolemy/domains/continuous/test/auto/ContinuousInDEDifferentRefinements.xml (RunModel)" time="0.105" />
  <testcase classname="ptolemy.util.test.junit.AutoTests" name="[29] /home/travis/build/icyphy/ptII/ptolemy/domains/continuous/test/auto/ContinuousInDEDifferentRefinementsPreemptive.xml (RunModel)" time="0.098" />
  <testcase classname="ptolemy.util.test.junit.AutoTests" name="[30] /home/travis/build/icyphy/ptII/ptolemy/domains/continuous/test/auto/ContinuousInDEInContinuous2.xml (RunModel)" time="0.063" />
  <testcase classname="ptolemy.util.test.junit.AutoTests" name="[31] /home/travis/build/icyphy/ptII/ptolemy/domains/continuous/test/auto/ContinuousInDEInContinuous3.xml (RunModel)" time="0.061" />
  <testcase classname="ptolemy.util.test.junit.AutoTests" name="[32] /home/travis/build/icyphy/ptII/ptolemy/domains/continuous/test/auto/ContinuousInDEInput.xml (RunModel)" time="0.042" />
  <testcase classname="ptolemy.util.test.junit.AutoTests" name="[33] /home/travis/build/icyphy/ptII/ptolemy/domains/continuous/test/auto/ContinuousInDEInput2.xml (RunModel)" time="0.041" />
  <testcase classname="ptolemy.util.test.junit.AutoTests" name="[34] /home/travis/build/icyphy/ptII/ptolemy/domains/continuous/test/auto/ContinuousInDEInput3.xml (RunModel)" time="0.035" />
  <testcase classname="ptolemy.util.test.junit.AutoTests" name="[35] /home/travis/build/icyphy/ptII/ptolemy/domains/continuous/test/auto/ContinuousInDESharingRefinement.xml (RunModel)" time="0.196" />
  <testcase classname="ptolemy.util.test.junit.AutoTests" name="[36] /home/travis/build/icyphy/ptII/ptolemy/domains/continuous/test/auto/ContinuousInDEwithNoPorts.xml (RunModel)" time="0.02" />
  <testcase classname="ptolemy.util.test.junit.AutoTests" name="[37] /home/travis/build/icyphy/ptII/ptolemy/domains/continuous/test/auto/ContinuousInsideDE.xml (RunModel)" time="0.095" />
  <testcase classname="ptolemy.util.test.junit.AutoTests" name="[38] /home/travis/build/icyphy/ptII/ptolemy/domains/continuous/test/auto/ContinuousMerge1.xml (RunModel)" time="0.017" />
  <testcase classname="ptolemy.util.test.junit.AutoTests" name="[39] /home/travis/build/icyphy/ptII/ptolemy/domains/continuous/test/auto/ContinuousMerge2.xml (RunModel)" time="0.05" />
  <testcase classname="ptolemy.util.test.junit.AutoTests" name="[40] /home/travis/build/icyphy/ptII/ptolemy/domains/continuous/test/auto/ContinuousMerge3.xml (RunModel)" time="0.08" />
  <testcase classname="ptolemy.util.test.junit.AutoTests" name="[41] /home/travis/build/icyphy/ptII/ptolemy/domains/continuous/test/auto/ContinuousWithinContinuous.xml (RunModel)" time="0.066" />
  <testcase classname="ptolemy.util.test.junit.AutoTests" name="[42] /home/travis/build/icyphy/ptII/ptolemy/domains/continuous/test/auto/ContinuousWithinContinuous2.xml (RunModel)" time="0.084" />
  <testcase classname="ptolemy.util.test.junit.AutoTests" name="[43] /home/travis/build/icyphy/ptII/ptolemy/domains/continuous/test/auto/ContinuousWithinContinuous3.xml (RunModel)" time="0.032" />
  <testcase classname="ptolemy.util.test.junit.AutoTests" name="[44] /home/travis/build/icyphy/ptII/ptolemy/domains/continuous/test/auto/ContinuousWithinContinuous4.xml (RunModel)" time="0.089" />
  <testcase classname="ptolemy.util.test.junit.AutoTests" name="[45] /home/travis/build/icyphy/ptII/ptolemy/domains/continuous/test/auto/ContinuousWithinContinuous5.xml (RunModel)" time="0.038" />
  <testcase classname="ptolemy.util.test.junit.AutoTests" name="[46] /home/travis/build/icyphy/ptII/ptolemy/domains/continuous/test/auto/ContinuousWithinContinuous6.xml (RunModel)" time="0.029" />
  <testcase classname="ptolemy.util.test.junit.AutoTests" name="[47] /home/travis/build/icyphy/ptII/ptolemy/domains/continuous/test/auto/ContinuousWithinContinuous7.xml (RunModel)" time="0.073" />
  <testcase classname="ptolemy.util.test.junit.AutoTests" name="[48] /home/travis/build/icyphy/ptII/ptolemy/domains/continuous/test/auto/DCMotor.xml (RunModel)" time="14.419" />
  <testcase classname="ptolemy.util.test.junit.AutoTests" name="[49] /home/travis/build/icyphy/ptII/ptolemy/domains/continuous/test/auto/DEInContinuous.xml (RunModel)" time="0.02" />
  <testcase classname="ptolemy.util.test.junit.AutoTests" name="[50] /home/travis/build/icyphy/ptII/ptolemy/domains/continuous/test/auto/DEinContinuous2.xml (RunModel)" time="0.024" />
  <testcase classname="ptolemy.util.test.junit.AutoTests" name="[51] /home/travis/build/icyphy/ptII/ptolemy/domains/continuous/test/auto/Derivative.xml (RunModel)" time="0.194" />
  <testcase classname="ptolemy.util.test.junit.AutoTests" name="[52] /home/travis/build/icyphy/ptII/ptolemy/domains/continuous/test/auto/Derivative1.xml (RunModel)" time="0.064" />
  <testcase classname="ptolemy.util.test.junit.AutoTests" name="[53] /home/travis/build/icyphy/ptII/ptolemy/domains/continuous/test/auto/DiscreteClock.xml (RunModel)" time="0.016" />
  <testcase classname="ptolemy.util.test.junit.AutoTests" name="[54] /home/travis/build/icyphy/ptII/ptolemy/domains/continuous/test/auto/EfficiencyCurve.xml (RunModel)" time="0.11" />
  <testcase classname="ptolemy.util.test.junit.AutoTests" name="[55] /home/travis/build/icyphy/ptII/ptolemy/domains/continuous/test/auto/ExponentialResponse.xml (RunModel)" time="0.121" />
  <testcase classname="ptolemy.util.test.junit.AutoTests" name="[56] /home/travis/build/icyphy/ptII/ptolemy/domains/continuous/test/auto/ExponentialResponseRK45.xml (RunModel)" time="0.04" />
  <testcase classname="ptolemy.util.test.junit.AutoTests" name="[57] /home/travis/build/icyphy/ptII/ptolemy/domains/continuous/test/auto/Friction.xml (RunModel)" time="1.709" />
  <testcase classname="ptolemy.util.test.junit.AutoTests" name="[58] /home/travis/build/icyphy/ptII/ptolemy/domains/continuous/test/auto/FurutaPendulum.xml (RunModel)" time="3.514" />
  <testcase classname="ptolemy.util.test.junit.AutoTests" name="[59] /home/travis/build/icyphy/ptII/ptolemy/domains/continuous/test/auto/HierarchicalExecution.xml (RunModel)" time="2.374" />
  <testcase classname="ptolemy.util.test.junit.AutoTests" name="[60] /home/travis/build/icyphy/ptII/ptolemy/domains/continuous/test/auto/HybridPlant.xml (RunModel)" time="0.545" />
  <testcase classname="ptolemy.util.test.junit.AutoTests" name="[61] /home/travis/build/icyphy/ptII/ptolemy/domains/continuous/test/auto/Hysteresis.xml (RunModel)" time="0.184" />
  <testcase classname="ptolemy.util.test.junit.AutoTests" name="[62] /home/travis/build/icyphy/ptII/ptolemy/domains/continuous/test/auto/HysteresisWithRandomDelay.xml (RunModel)" time="0.225" />
  <testcase classname="ptolemy.util.test.junit.AutoTests" name="[63] /home/travis/build/icyphy/ptII/ptolemy/domains/continuous/test/auto/HysteresisWithRandomLosses.xml (RunModel)" time="2.478" />
  <testcase classname="ptolemy.util.test.junit.AutoTests" name="[64] /home/travis/build/icyphy/ptII/ptolemy/domains/continuous/test/auto/ImmediateTransitions.xml (RunModel)" time="0.035" />
  <testcase classname="ptolemy.util.test.junit.AutoTests" name="[65] /home/travis/build/icyphy/ptII/ptolemy/domains/continuous/test/auto/ImpulseFeedback.xml (RunModel)" time="0.021" />
  <testcase classname="ptolemy.util.test.junit.AutoTests" name="[66] /home/travis/build/icyphy/ptII/ptolemy/domains/continuous/test/auto/ImpulseFeedback2.xml (RunModel)" time="0.018" />
  <testcase classname="ptolemy.util.test.junit.AutoTests" name="[67] /home/travis/build/icyphy/ptII/ptolemy/domains/continuous/test/auto/IncreasingRatePoisson.xml (RunModel)" time="0.752" />
  <testcase classname="ptolemy.util.test.junit.AutoTests" name="[68] /home/travis/build/icyphy/ptII/ptolemy/domains/continuous/test/auto/InitialStateFeedback.xml (RunModel)" time="0.017" />
  <testcase classname="ptolemy.util.test.junit.AutoTests" name="[69] /home/travis/build/icyphy/ptII/ptolemy/domains/continuous/test/auto/Integration.xml (RunModel)" time="0.015" />
  <testcase classname="ptolemy.util.test.junit.AutoTests" name="[70] /home/travis/build/icyphy/ptII/ptolemy/domains/continuous/test/auto/Integration2.xml (RunModel)" time="0.095" />
  <testcase classname="ptolemy.util.test.junit.AutoTests" name="[71] /home/travis/build/icyphy/ptII/ptolemy/domains/continuous/test/auto/Integration3.xml (RunModel)" time="0.015" />
  <testcase classname="ptolemy.util.test.junit.AutoTests" name="[72] /home/travis/build/icyphy/ptII/ptolemy/domains/continuous/test/auto/Integration5.xml (RunModel)" time="0.011" />
  <testcase classname="ptolemy.util.test.junit.AutoTests" name="[73] /home/travis/build/icyphy/ptII/ptolemy/domains/continuous/test/auto/IntegratorImpulse.xml (RunModel)" time="0.017" />
  <testcase classname="ptolemy.util.test.junit.AutoTests" name="[74] /home/travis/build/icyphy/ptII/ptolemy/domains/continuous/test/auto/IntegratorImpulse2.xml (RunModel)" time="0.021" />
  <testcase classname="ptolemy.util.test.junit.AutoTests" name="[75] /home/travis/build/icyphy/ptII/ptolemy/domains/continuous/test/auto/LevelCrossing1.xml (RunModel)" time="0.015" />
  <testcase classname="ptolemy.util.test.junit.AutoTests" name="[76] /home/travis/build/icyphy/ptII/ptolemy/domains/continuous/test/auto/LevelCrossing2.xml (RunModel)" time="0.019" />
  <testcase classname="ptolemy.util.test.junit.AutoTests" name="[77] /home/travis/build/icyphy/ptII/ptolemy/domains/continuous/test/auto/LevelCrossing3.xml (RunModel)" time="0.016" />
  <testcase classname="ptolemy.util.test.junit.AutoTests" name="[78] /home/travis/build/icyphy/ptII/ptolemy/domains/continuous/test/auto/LevelCrossing4.xml (RunModel)" time="0.014" />
  <testcase classname="ptolemy.util.test.junit.AutoTests" name="[79] /home/travis/build/icyphy/ptII/ptolemy/domains/continuous/test/auto/LevelCrossing5.xml (RunModel)" time="0.018" />
  <testcase classname="ptolemy.util.test.junit.AutoTests" name="[80] /home/travis/build/icyphy/ptII/ptolemy/domains/continuous/test/auto/LevelCrossing6.xml (RunModel)" time="0.015" />
  <testcase classname="ptolemy.util.test.junit.AutoTests" name="[81] /home/travis/build/icyphy/ptII/ptolemy/domains/continuous/test/auto/LevelCrossingDetector.xml (RunModel)" time="0.046" />
  <testcase classname="ptolemy.util.test.junit.AutoTests" name="[82] /home/travis/build/icyphy/ptII/ptolemy/domains/continuous/test/auto/LevelCrossingDetectorDetectingDirections.xml (RunModel)" time="0.093" />
  <testcase classname="ptolemy.util.test.junit.AutoTests" name="[83] /home/travis/build/icyphy/ptII/ptolemy/domains/continuous/test/auto/LevelCrossingDetectorDetectsGlitches.xml (RunModel)" time="0.062" />
  <testcase classname="ptolemy.util.test.junit.AutoTests" name="[84] /home/travis/build/icyphy/ptII/ptolemy/domains/continuous/test/auto/LevelCrossingNoInitialOuput.xml (RunModel)" time="0.014" />
  <testcase classname="ptolemy.util.test.junit.AutoTests" name="[85] /home/travis/build/icyphy/ptII/ptolemy/domains/continuous/test/auto/LinearStateSpaceExample.xml (RunModel)" time="0.059" />
  <testcase classname="ptolemy.util.test.junit.AutoTests" name="[86] /home/travis/build/icyphy/ptII/ptolemy/domains/continuous/test/auto/Lorenz.xml (RunModel)" time="4.317" />
  <testcase classname="ptolemy.util.test.junit.AutoTests" name="[87] /home/travis/build/icyphy/ptII/ptolemy/domains/continuous/test/auto/LorenzDifferentialSystem.xml (RunModel)" time="1.252" />
  <testcase classname="ptolemy.util.test.junit.AutoTests" name="[88] /home/travis/build/icyphy/ptII/ptolemy/domains/continuous/test/auto/LorenzDifferentialSystemWithInput.xml (RunModel)" time="1.455" />
  <testcase classname="ptolemy.util.test.junit.AutoTests" name="[89] /home/travis/build/icyphy/ptII/ptolemy/domains/continuous/test/auto/LorenzDifferentialSystemWithTime.xml (RunModel)" time="0.773" />
  <testcase classname="ptolemy.util.test.junit.AutoTests" name="[90] /home/travis/build/icyphy/ptII/ptolemy/domains/continuous/test/auto/Microsteps.xml (RunModel)" time="0.03" />
  <testcase classname="ptolemy.util.test.junit.AutoTests" name="[91] /home/travis/build/icyphy/ptII/ptolemy/domains/continuous/test/auto/Modal1.xml (RunModel)" time="0.042" />
  <testcase classname="ptolemy.util.test.junit.AutoTests" name="[92] /home/travis/build/icyphy/ptII/ptolemy/domains/continuous/test/auto/Modal2.xml (RunModel)" time="0.057" />
  <testcase classname="ptolemy.util.test.junit.AutoTests" name="[93] /home/travis/build/icyphy/ptII/ptolemy/domains/continuous/test/auto/ModalTransitionGuardWithReset.xml (RunModel)" time="0.024" />
  <testcase classname="ptolemy.util.test.junit.AutoTests" name="[94] /home/travis/build/icyphy/ptII/ptolemy/domains/continuous/test/auto/ModalTransitionGuardWithResetUsingPreemptiveTransition.xml (RunModel)" time="0.03" />
  <testcase classname="ptolemy.util.test.junit.AutoTests" name="[95] /home/travis/build/icyphy/ptII/ptolemy/domains/continuous/test/auto/ModalTransitionGuardWithResetUsingPreemptiveTransition2.xml (RunModel)" time="0.031" />
  <testcase classname="ptolemy.util.test.junit.AutoTests" name="[96] /home/travis/build/icyphy/ptII/ptolemy/domains/continuous/test/auto/ModalTransitionGuardWithResetUsingPreemptiveTransition3.xml (RunModel)" time="0.027" />
  <testcase classname="ptolemy.util.test.junit.AutoTests" name="[97] /home/travis/build/icyphy/ptII/ptolemy/domains/continuous/test/auto/NewtonsCradle.xml (RunModel)" time="0.814" />
  <testcase classname="ptolemy.util.test.junit.AutoTests" name="[98] /home/travis/build/icyphy/ptII/ptolemy/domains/continuous/test/auto/NewtonsCradleAnimated.xml (RunModel)" time="1.363" />
  <testcase classname="ptolemy.util.test.junit.AutoTests" name="[99] /home/travis/build/icyphy/ptII/ptolemy/domains/continuous/test/auto/NewtonsCradleComplicated.xml (RunModel)" time="1.076" />
  <testcase classname="ptolemy.util.test.junit.AutoTests" name="[100] /home/travis/build/icyphy/ptII/ptolemy/domains/continuous/test/auto/NewtonsCradleNondeterministic.xml (RunModel)" time="0.74" />
  <testcase classname="ptolemy.util.test.junit.AutoTests" name="[101] /home/travis/build/icyphy/ptII/ptolemy/domains/continuous/test/auto/NewtonsCradlePerfectlyInelastic1.xml (RunModel)" time="1.475" />
  <testcase classname="ptolemy.util.test.junit.AutoTests" name="[102] /home/travis/build/icyphy/ptII/ptolemy/domains/continuous/test/auto/Noise.xml (RunModel)" time="0.209" />
  <testcase classname="ptolemy.util.test.junit.AutoTests" name="[103] /home/travis/build/icyphy/ptII/ptolemy/domains/continuous/test/auto/NoiseSpectrum.xml (RunModel)" time="0.768" />
  <testcase classname="ptolemy.util.test.junit.AutoTests" name="[104] /home/travis/build/icyphy/ptII/ptolemy/domains/continuous/test/auto/ParameterizedNewtonsCradleAnimated.xml (RunModel)" time="0.403" />
  <testcase classname="ptolemy.util.test.junit.AutoTests" name="[105] /home/travis/build/icyphy/ptII/ptolemy/domains/continuous/test/auto/ParameterizedNewtonsCradleAnimatedNondeterministic.xml (RunModel)" time="1.218" />
  <testcase classname="ptolemy.util.test.junit.AutoTests" name="[106] /home/travis/build/icyphy/ptII/ptolemy/domains/continuous/test/auto/Pendulum3D.xml (RunModel)" time="0.177" />
  <testcase classname="ptolemy.util.test.junit.AutoTests" name="[107] /home/travis/build/icyphy/ptII/ptolemy/domains/continuous/test/auto/PeriodicSampler.xml (RunModel)" time="0.009" />
  <testcase classname="ptolemy.util.test.junit.AutoTests" name="[108] /home/travis/build/icyphy/ptII/ptolemy/domains/continuous/test/auto/PeriodicSampler1.xml (RunModel)" time="0.043" />
  <testcase classname="ptolemy.util.test.junit.AutoTests" name="[109] /home/travis/build/icyphy/ptII/ptolemy/domains/continuous/test/auto/PeriodicSampler2.xml (RunModel)" time="0.083" />
  <testcase classname="ptolemy.util.test.junit.AutoTests" name="[110] /home/travis/build/icyphy/ptII/ptolemy/domains/continuous/test/auto/Poisson.xml (RunModel)" time="0.482" />
  <testcase classname="ptolemy.util.test.junit.AutoTests" name="[111] /home/travis/build/icyphy/ptII/ptolemy/domains/continuous/test/auto/PoissonClock.xml (RunModel)" time="0.015" />
  <testcase classname="ptolemy.util.test.junit.AutoTests" name="[112] /home/travis/build/icyphy/ptII/ptolemy/domains/continuous/test/auto/PoissonClock2.xml (RunModel)" time="0.017" />
  <testcase classname="ptolemy.util.test.junit.AutoTests" name="[113] /home/travis/build/icyphy/ptII/ptolemy/domains/continuous/test/auto/PortParameterHierarchy.xml (RunModel)" time="0.023" />
  <testcase classname="ptolemy.util.test.junit.AutoTests" name="[114] /home/travis/build/icyphy/ptII/ptolemy/domains/continuous/test/auto/RandomHybridPlant.xml (RunModel)" time="0.555" />
  <testcase classname="ptolemy.util.test.junit.AutoTests" name="[115] /home/travis/build/icyphy/ptII/ptolemy/domains/continuous/test/auto/ResetTransitionWithStartTime1.xml (RunModel)" time="0.026" />
  <testcase classname="ptolemy.util.test.junit.AutoTests" name="[116] /home/travis/build/icyphy/ptII/ptolemy/domains/continuous/test/auto/ResetTransitionWithStartTime2.xml (RunModel)" time="0.035" />
  <testcase classname="ptolemy.util.test.junit.AutoTests" name="[117] /home/travis/build/icyphy/ptII/ptolemy/domains/continuous/test/auto/ResetTransitionWithStartTime3.xml (RunModel)" time="0.038" />
  <testcase classname="ptolemy.util.test.junit.AutoTests" name="[118] /home/travis/build/icyphy/ptII/ptolemy/domains/continuous/test/auto/ResetTransitionWithStartTime4.xml (RunModel)" time="0.031" />
  <testcase classname="ptolemy.util.test.junit.AutoTests" name="[119] /home/travis/build/icyphy/ptII/ptolemy/domains/continuous/test/auto/ResetTransitionWithStartTime5.xml (RunModel)" time="0.033" />
  <testcase classname="ptolemy.util.test.junit.AutoTests" name="[120] /home/travis/build/icyphy/ptII/ptolemy/domains/continuous/test/auto/ResetTransitionWithStartTime6.xml (RunModel)" time="0.031" />
  <testcase classname="ptolemy.util.test.junit.AutoTests" name="[121] /home/travis/build/icyphy/ptII/ptolemy/domains/continuous/test/auto/SRinContinuous.xml (RunModel)" time="0.036" />
  <testcase classname="ptolemy.util.test.junit.AutoTests" name="[122] /home/travis/build/icyphy/ptII/ptolemy/domains/continuous/test/auto/SampledClocks.xml (RunModel)" time="0.037" />
  <testcase classname="ptolemy.util.test.junit.AutoTests" name="[123] /home/travis/build/icyphy/ptII/ptolemy/domains/continuous/test/auto/Satellite.xml (RunModel)" time="0.936" />
  <testcase classname="ptolemy.util.test.junit.AutoTests" name="[124] /home/travis/build/icyphy/ptII/ptolemy/domains/continuous/test/auto/SigmaDelta.xml (RunModel)" time="2.493" />
  <testcase classname="ptolemy.util.test.junit.AutoTests" name="[125] /home/travis/build/icyphy/ptII/ptolemy/domains/continuous/test/auto/SingleRefinement.xml (RunModel)" time="0.415" />
  <testcase classname="ptolemy.util.test.junit.AutoTests" name="[126] /home/travis/build/icyphy/ptII/ptolemy/domains/continuous/test/auto/SinuBouncingBall.xml (RunModel)" time="0.816" />
  <testcase classname="ptolemy.util.test.junit.AutoTests" name="[127] /home/travis/build/icyphy/ptII/ptolemy/domains/continuous/test/auto/Sinusoid.xml (RunModel)" time="0.02" />
  <testcase classname="ptolemy.util.test.junit.AutoTests" name="[128] /home/travis/build/icyphy/ptII/ptolemy/domains/continuous/test/auto/SinusoidInNoise.xml (RunModel)" time="1.089" />
  <testcase classname="ptolemy.util.test.junit.AutoTests" name="[129] /home/travis/build/icyphy/ptII/ptolemy/domains/continuous/test/auto/SinusoidRK45.xml (RunModel)" time="0.014" />
  <testcase classname="ptolemy.util.test.junit.AutoTests" name="[130] /home/travis/build/icyphy/ptII/ptolemy/domains/continuous/test/auto/SinusoidWithMultipleImpulses.xml (RunModel)" time="0.012" />
  <testcase classname="ptolemy.util.test.junit.AutoTests" name="[131] /home/travis/build/icyphy/ptII/ptolemy/domains/continuous/test/auto/SquareWave.xml (RunModel)" time="0.209" />
  <testcase classname="ptolemy.util.test.junit.AutoTests" name="[132] /home/travis/build/icyphy/ptII/ptolemy/domains/continuous/test/auto/Starmac.xml (RunModel)" time="3.489" />
  <testcase classname="ptolemy.util.test.junit.AutoTests" name="[133] /home/travis/build/icyphy/ptII/ptolemy/domains/continuous/test/auto/StaticUnits.xml (RunModel)" time="2.737" />
  <testcase classname="ptolemy.util.test.junit.AutoTests" name="[134] /home/travis/build/icyphy/ptII/ptolemy/domains/continuous/test/auto/StickyMasses.xml (RunModel)" time="0.218" />
  <testcase classname="ptolemy.util.test.junit.AutoTests" name="[135] /home/travis/build/icyphy/ptII/ptolemy/domains/continuous/test/auto/StopTime.xml (RunModel)" time="0.071" />
  <testcase classname="ptolemy.util.test.junit.AutoTests" name="[136] /home/travis/build/icyphy/ptII/ptolemy/domains/continuous/test/auto/StopTime2.xml (RunModel)" time="0.058" />
  <testcase classname="ptolemy.util.test.junit.AutoTests" name="[137] /home/travis/build/icyphy/ptII/ptolemy/domains/continuous/test/auto/Switch.xml (RunModel)" time="0.066" />
  <testcase classname="ptolemy.util.test.junit.AutoTests" name="[138] /home/travis/build/icyphy/ptII/ptolemy/domains/continuous/test/auto/Thermostat.xml (RunModel)" time="0.241" />
  <testcase classname="ptolemy.util.test.junit.AutoTests" name="[139] /home/travis/build/icyphy/ptII/ptolemy/domains/continuous/test/auto/TimeDelay.xml (RunModel)" time="0.018" />
  <testcase classname="ptolemy.util.test.junit.AutoTests" name="[140] /home/travis/build/icyphy/ptII/ptolemy/domains/continuous/test/auto/TimeDelay2.xml (RunModel)" time="0.031" />
  <testcase classname="ptolemy.util.test.junit.AutoTests" name="[141] /home/travis/build/icyphy/ptII/ptolemy/domains/continuous/test/auto/TimeDelay3.xml (RunModel)" time="0.012" />
  <testcase classname="ptolemy.util.test.junit.AutoTests" name="[142] /home/travis/build/icyphy/ptII/ptolemy/domains/continuous/test/auto/TransferAbsentToInside.xml (RunModel)" time="0.113" />
  <testcase classname="ptolemy.util.test.junit.AutoTests" name="[143] /home/travis/build/icyphy/ptII/ptolemy/domains/continuous/test/auto/Transmission.xml (RunModel)" time="0.869" />
  <testcase classname="ptolemy.util.test.junit.AutoTests" name="[144] /home/travis/build/icyphy/ptII/ptolemy/domains/continuous/test/auto/TriggeredContinuousClock.xml (RunModel)" time="0.066" />
  <testcase classname="ptolemy.util.test.junit.AutoTests" name="[145] /home/travis/build/icyphy/ptII/ptolemy/domains/continuous/test/auto/TwoMachineInfiniteBusControl.xml (RunModel)" time="3.025" />
  <testcase classname="ptolemy.util.test.junit.AutoTests" name="[146] /home/travis/build/icyphy/ptII/ptolemy/domains/continuous/test/auto/V2V.xml (RunModel)" time="0.915" />
  <testcase classname="ptolemy.util.test.junit.AutoTests" name="[147] /home/travis/build/icyphy/ptII/ptolemy/domains/continuous/test/auto/hierarchicalModalModel.xml (RunModel)" time="0.037" />
  <testcase classname="ptolemy.util.test.junit.AutoTests" name="[148] /home/travis/build/icyphy/ptII/ptolemy/domains/continuous/test/auto/hierarchicalModalModel1.xml (RunModel)" time="0.032" />
  <testcase classname="ptolemy.util.test.junit.AutoTests" name="[149] /home/travis/build/icyphy/ptII/ptolemy/domains/continuous/test/auto/hierarchicalModalModel2.xml (RunModel)" time="0.029" />
  <testcase classname="ptolemy.util.test.junit.AutoTests" name="[150] /home/travis/build/icyphy/ptII/ptolemy/domains/continuous/test/auto/hierarchicalModalModel3.xml (RunModel)" time="0.024" />
  <testcase classname="ptolemy.util.test.junit.AutoTests" name="[151] /home/travis/build/icyphy/ptII/ptolemy/domains/continuous/test/auto/hierarchicalModalModel4.xml (RunModel)" time="0.027" />
  <testcase classname="ptolemy.util.test.junit.AutoTests" name="[152] /home/travis/build/icyphy/ptII/ptolemy/domains/continuous/test/auto/junk.xml (RunModel)" time="0.167" />
  <system-out><![CDATA[No tcl tests in /home/travis/build/icyphy/ptII/ptolemy/domains/continuous/test
No auto/knownFailedTests/*.xml tests in /home/travis/build/icyphy/ptII/ptolemy/domains/continuous/test
No auto/linux-amd64/*.xml tests in /home/travis/build/icyphy/ptII/ptolemy/domains/continuous/test
AutoTests.java: About to close Vertx.
AutoTests.java: Vertx closed.

===========================================================================================
----------------- testing Sat Jul 27 05:09:13 UTC 2019 /home/travis/build/icyphy/ptII/ptolemy/domains/continuous/test/auto/BouncingBall.xml
----------------- Instantiating /home/travis/build/icyphy/ptII/ptolemy/domains/continuous/test/auto/BouncingBall.xml
2765 ms. Memory: 175104K Free: 141715K (81%)
----------------- Invoking toplevel() on ptolemy.moml.MoMLSimpleApplication@3c2b036b
----------------- Done invoking toplevel() on ptolemy.moml.MoMLSimpleApplication@3c2b036b
reloadAllAccessors: .BouncingBall

===========================================================================================
----------------- testing Sat Jul 27 05:09:16 UTC 2019 /home/travis/build/icyphy/ptII/ptolemy/domains/continuous/test/auto/BouncingBallWithoutGR.xml
----------------- Instantiating /home/travis/build/icyphy/ptII/ptolemy/domains/continuous/test/auto/BouncingBallWithoutGR.xml
831 ms. Memory: 175104K Free: 64867K (37%)
----------------- Invoking toplevel() on ptolemy.moml.MoMLSimpleApplication@3b5fb688
----------------- Done invoking toplevel() on ptolemy.moml.MoMLSimpleApplication@3b5fb688
reloadAllAccessors: .BouncingBallWithoutGR

===========================================================================================
----------------- testing Sat Jul 27 05:09:17 UTC 2019 /home/travis/build/icyphy/ptII/ptolemy/domains/continuous/test/auto/Brownian.xml
----------------- Instantiating /home/travis/build/icyphy/ptII/ptolemy/domains/continuous/test/auto/Brownian.xml
29 ms. Memory: 175104K Free: 158437K (90%)
----------------- Invoking toplevel() on ptolemy.moml.MoMLSimpleApplication@2582b06d
----------------- Done invoking toplevel() on ptolemy.moml.MoMLSimpleApplication@2582b06d
reloadAllAccessors: .Brownian

===========================================================================================
----------------- testing Sat Jul 27 05:09:17 UTC 2019 /home/travis/build/icyphy/ptII/ptolemy/domains/continuous/test/auto/CarTracking.xml
----------------- Instantiating /home/travis/build/icyphy/ptII/ptolemy/domains/continuous/test/auto/CarTracking.xml
3932 ms. Memory: 210944K Free: 129499K (61%)
----------------- Invoking toplevel() on ptolemy.moml.MoMLSimpleApplication@7644c575
----------------- Done invoking toplevel() on ptolemy.moml.MoMLSimpleApplication@7644c575
reloadAllAccessors: .CarTracking

===========================================================================================
----------------- testing Sat Jul 27 05:09:22 UTC 2019 /home/travis/build/icyphy/ptII/ptolemy/domains/continuous/test/auto/CartPendulum.xml
----------------- Instantiating /home/travis/build/icyphy/ptII/ptolemy/domains/continuous/test/auto/CartPendulum.xml
457 ms. Memory: 210944K Free: 161075K (76%)
----------------- Invoking toplevel() on ptolemy.moml.MoMLSimpleApplication@28bd928b
----------------- Done invoking toplevel() on ptolemy.moml.MoMLSimpleApplication@28bd928b
reloadAllAccessors: .CartPendulum

===========================================================================================
----------------- testing Sat Jul 27 05:09:23 UTC 2019 /home/travis/build/icyphy/ptII/ptolemy/domains/continuous/test/auto/CausalityInterface10.xml
----------------- Instantiating /home/travis/build/icyphy/ptII/ptolemy/domains/continuous/test/auto/CausalityInterface10.xml
21 ms. Memory: 210944K Free: 150321K (71%)
----------------- Invoking toplevel() on ptolemy.moml.MoMLSimpleApplication@28174c9
----------------- Done invoking toplevel() on ptolemy.moml.MoMLSimpleApplication@28174c9
reloadAllAccessors: .CausalityInterface10

===========================================================================================
----------------- testing Sat Jul 27 05:09:23 UTC 2019 /home/travis/build/icyphy/ptII/ptolemy/domains/continuous/test/auto/CausalityInterface11.xml
----------------- Instantiating /home/travis/build/icyphy/ptII/ptolemy/domains/continuous/test/auto/CausalityInterface11.xml
10 ms. Memory: 210944K Free: 144163K (68%)
----------------- Invoking toplevel() on ptolemy.moml.MoMLSimpleApplication@1175c4fb
----------------- Done invoking toplevel() on ptolemy.moml.MoMLSimpleApplication@1175c4fb
reloadAllAccessors: .CausalityInterface11

===========================================================================================
----------------- testing Sat Jul 27 05:09:23 UTC 2019 /home/travis/build/icyphy/ptII/ptolemy/domains/continuous/test/auto/CausalityInterface12.xml
----------------- Instantiating /home/travis/build/icyphy/ptII/ptolemy/domains/continuous/test/auto/CausalityInterface12.xml
10 ms. Memory: 210944K Free: 138019K (65%)
----------------- Invoking toplevel() on ptolemy.moml.MoMLSimpleApplication@7c2a7d4d
----------------- Done invoking toplevel() on ptolemy.moml.MoMLSimpleApplication@7c2a7d4d
reloadAllAccessors: .CausalityInterface12

===========================================================================================
----------------- testing Sat Jul 27 05:09:23 UTC 2019 /home/travis/build/icyphy/ptII/ptolemy/domains/continuous/test/auto/CausalityInterface13.xml
----------------- Instantiating /home/travis/build/icyphy/ptII/ptolemy/domains/continuous/test/auto/CausalityInterface13.xml
9 ms. Memory: 210944K Free: 131889K (63%)
----------------- Invoking toplevel() on ptolemy.moml.MoMLSimpleApplication@78f92367
----------------- Done invoking toplevel() on ptolemy.moml.MoMLSimpleApplication@78f92367
reloadAllAccessors: .CausalityInterface13

===========================================================================================
----------------- testing Sat Jul 27 05:09:23 UTC 2019 /home/travis/build/icyphy/ptII/ptolemy/domains/continuous/test/auto/CausalityInterface14.xml
----------------- Instantiating /home/travis/build/icyphy/ptII/ptolemy/domains/continuous/test/auto/CausalityInterface14.xml
4 ms. Memory: 210944K Free: 126259K (60%)
----------------- Invoking toplevel() on ptolemy.moml.MoMLSimpleApplication@71e2ade
----------------- Done invoking toplevel() on ptolemy.moml.MoMLSimpleApplication@71e2ade
reloadAllAccessors: .CausalityInterface14

===========================================================================================
----------------- testing Sat Jul 27 05:09:23 UTC 2019 /home/travis/build/icyphy/ptII/ptolemy/domains/continuous/test/auto/CausalityInterface4.xml
----------------- Instantiating /home/travis/build/icyphy/ptII/ptolemy/domains/continuous/test/auto/CausalityInterface4.xml
5 ms. Memory: 210944K Free: 119091K (56%)
----------------- Invoking toplevel() on ptolemy.moml.MoMLSimpleApplication@68152099
----------------- Done invoking toplevel() on ptolemy.moml.MoMLSimpleApplication@68152099
reloadAllAccessors: .CausalityInterface4

===========================================================================================
----------------- testing Sat Jul 27 05:09:23 UTC 2019 /home/travis/build/icyphy/ptII/ptolemy/domains/continuous/test/auto/CausalityInterface5.xml
----------------- Instantiating /home/travis/build/icyphy/ptII/ptolemy/domains/continuous/test/auto/CausalityInterface5.xml
11 ms. Memory: 210944K Free: 110899K (53%)
----------------- Invoking toplevel() on ptolemy.moml.MoMLSimpleApplication@1cdc6681
----------------- Done invoking toplevel() on ptolemy.moml.MoMLSimpleApplication@1cdc6681
reloadAllAccessors: .CausalityInterface5

===========================================================================================
----------------- testing Sat Jul 27 05:09:23 UTC 2019 /home/travis/build/icyphy/ptII/ptolemy/domains/continuous/test/auto/CausalityInterface6.xml
----------------- Instantiating /home/travis/build/icyphy/ptII/ptolemy/domains/continuous/test/auto/CausalityInterface6.xml
10 ms. Memory: 210944K Free: 105235K (50%)
----------------- Invoking toplevel() on ptolemy.moml.MoMLSimpleApplication@401dbf85
----------------- Done invoking toplevel() on ptolemy.moml.MoMLSimpleApplication@401dbf85
reloadAllAccessors: .CausalityInterface6

===========================================================================================
----------------- testing Sat Jul 27 05:09:23 UTC 2019 /home/travis/build/icyphy/ptII/ptolemy/domains/continuous/test/auto/CausalityInterface7.xml
----------------- Instantiating /home/travis/build/icyphy/ptII/ptolemy/domains/continuous/test/auto/CausalityInterface7.xml
15 ms. Memory: 210944K Free: 96563K (46%)
----------------- Invoking toplevel() on ptolemy.moml.MoMLSimpleApplication@20776b44
----------------- Done invoking toplevel() on ptolemy.moml.MoMLSimpleApplication@20776b44
reloadAllAccessors: .CausalityInterface7

===========================================================================================
----------------- testing Sat Jul 27 05:09:23 UTC 2019 /home/travis/build/icyphy/ptII/ptolemy/domains/continuous/test/auto/CausalityInterface8.xml
----------------- Instantiating /home/travis/build/icyphy/ptII/ptolemy/domains/continuous/test/auto/CausalityInterface8.xml
6 ms. Memory: 210944K Free: 87857K (42%)
----------------- Invoking toplevel() on ptolemy.moml.MoMLSimpleApplication@5066e5be
----------------- Done invoking toplevel() on ptolemy.moml.MoMLSimpleApplication@5066e5be
reloadAllAccessors: .CausalityInterface8

===========================================================================================
----------------- testing Sat Jul 27 05:09:23 UTC 2019 /home/travis/build/icyphy/ptII/ptolemy/domains/continuous/test/auto/CausalityInterface9.xml
----------------- Instantiating /home/travis/build/icyphy/ptII/ptolemy/domains/continuous/test/auto/CausalityInterface9.xml
10 ms. Memory: 210944K Free: 76593K (36%)
----------------- Invoking toplevel() on ptolemy.moml.MoMLSimpleApplication@7dd173c9
----------------- Done invoking toplevel() on ptolemy.moml.MoMLSimpleApplication@7dd173c9
reloadAllAccessors: .CausalityInterface9

===========================================================================================
----------------- testing Sat Jul 27 05:09:23 UTC 2019 /home/travis/build/icyphy/ptII/ptolemy/domains/continuous/test/auto/CausalityInterfaceFeedback1.xml
----------------- Instantiating /home/travis/build/icyphy/ptII/ptolemy/domains/continuous/test/auto/CausalityInterfaceFeedback1.xml
5 ms. Memory: 210944K Free: 194818K (92%)
----------------- Invoking toplevel() on ptolemy.moml.MoMLSimpleApplication@1f96b8f5
----------------- Done invoking toplevel() on ptolemy.moml.MoMLSimpleApplication@1f96b8f5
reloadAllAccessors: .CausalityInterfaceFeedback1

===========================================================================================
----------------- testing Sat Jul 27 05:09:23 UTC 2019 /home/travis/build/icyphy/ptII/ptolemy/domains/continuous/test/auto/CausalityInterfaceFeedback2.xml
----------------- Instantiating /home/travis/build/icyphy/ptII/ptolemy/domains/continuous/test/auto/CausalityInterfaceFeedback2.xml
6 ms. Memory: 210944K Free: 188178K (89%)
----------------- Invoking toplevel() on ptolemy.moml.MoMLSimpleApplication@72e8de9a
----------------- Done invoking toplevel() on ptolemy.moml.MoMLSimpleApplication@72e8de9a
reloadAllAccessors: .CausalityInterfaceFeedback2

===========================================================================================
----------------- testing Sat Jul 27 05:09:23 UTC 2019 /home/travis/build/icyphy/ptII/ptolemy/domains/continuous/test/auto/CompareWithCurrentTime.xml
----------------- Instantiating /home/travis/build/icyphy/ptII/ptolemy/domains/continuous/test/auto/CompareWithCurrentTime.xml
3 ms. Memory: 210944K Free: 184082K (87%)
----------------- Invoking toplevel() on ptolemy.moml.MoMLSimpleApplication@3a8c727
----------------- Done invoking toplevel() on ptolemy.moml.MoMLSimpleApplication@3a8c727
reloadAllAccessors: .CompareWithCurrentTime

===========================================================================================
----------------- testing Sat Jul 27 05:09:23 UTC 2019 /home/travis/build/icyphy/ptII/ptolemy/domains/continuous/test/auto/ComparedClocks.xml
----------------- Instantiating /home/travis/build/icyphy/ptII/ptolemy/domains/continuous/test/auto/ComparedClocks.xml
8 ms. Memory: 210944K Free: 169218K (80%)
----------------- Invoking toplevel() on ptolemy.moml.MoMLSimpleApplication@1e8bc1f0
----------------- Done invoking toplevel() on ptolemy.moml.MoMLSimpleApplication@1e8bc1f0
reloadAllAccessors: .ComparedClocks

===========================================================================================
----------------- testing Sat Jul 27 05:09:23 UTC 2019 /home/travis/build/icyphy/ptII/ptolemy/domains/continuous/test/auto/ContinuousAOCClone.xml
----------------- Instantiating /home/travis/build/icyphy/ptII/ptolemy/domains/continuous/test/auto/ContinuousAOCClone.xml
2671 ms. Memory: 257024K Free: 223105K (87%)
----------------- Invoking toplevel() on ptolemy.moml.MoMLSimpleApplication@67a6ed15
----------------- Done invoking toplevel() on ptolemy.moml.MoMLSimpleApplication@67a6ed15
reloadAllAccessors: .ContinuousAOCClone

===========================================================================================
----------------- testing Sat Jul 27 05:09:26 UTC 2019 /home/travis/build/icyphy/ptII/ptolemy/domains/continuous/test/auto/ContinuousClock.xml
----------------- Instantiating /home/travis/build/icyphy/ptII/ptolemy/domains/continuous/test/auto/ContinuousClock.xml
35 ms. Memory: 257024K Free: 201087K (78%)
----------------- Invoking toplevel() on ptolemy.moml.MoMLSimpleApplication@5d7da3ea
----------------- Done invoking toplevel() on ptolemy.moml.MoMLSimpleApplication@5d7da3ea
reloadAllAccessors: .ContinuousClock

===========================================================================================
----------------- testing Sat Jul 27 05:09:26 UTC 2019 /home/travis/build/icyphy/ptII/ptolemy/domains/continuous/test/auto/ContinuousInContinuous.xml
----------------- Instantiating /home/travis/build/icyphy/ptII/ptolemy/domains/continuous/test/auto/ContinuousInContinuous.xml
40 ms. Memory: 257024K Free: 177529K (69%)
----------------- Invoking toplevel() on ptolemy.moml.MoMLSimpleApplication@6bfe0a48
----------------- Done invoking toplevel() on ptolemy.moml.MoMLSimpleApplication@6bfe0a48
reloadAllAccessors: .ContinuousInContinuous

===========================================================================================
----------------- testing Sat Jul 27 05:09:26 UTC 2019 /home/travis/build/icyphy/ptII/ptolemy/domains/continuous/test/auto/ContinuousInContinuousInContinuous.xml
----------------- Instantiating /home/travis/build/icyphy/ptII/ptolemy/domains/continuous/test/auto/ContinuousInContinuousInContinuous.xml
9 ms. Memory: 257024K Free: 169857K (66%)
----------------- Invoking toplevel() on ptolemy.moml.MoMLSimpleApplication@74ae6ba0
----------------- Done invoking toplevel() on ptolemy.moml.MoMLSimpleApplication@74ae6ba0
reloadAllAccessors: .ContinuousInContinuousInContinuous

===========================================================================================
----------------- testing Sat Jul 27 05:09:26 UTC 2019 /home/travis/build/icyphy/ptII/ptolemy/domains/continuous/test/auto/ContinuousInDE.xml
----------------- Instantiating /home/travis/build/icyphy/ptII/ptolemy/domains/continuous/test/auto/ContinuousInDE.xml
85 ms. Memory: 257024K Free: 159617K (62%)
----------------- Invoking toplevel() on ptolemy.moml.MoMLSimpleApplication@c040bfa
----------------- Done invoking toplevel() on ptolemy.moml.MoMLSimpleApplication@c040bfa
reloadAllAccessors: .ContinuousInDE

===========================================================================================
----------------- testing Sat Jul 27 05:09:26 UTC 2019 /home/travis/build/icyphy/ptII/ptolemy/domains/continuous/test/auto/ContinuousInDE2.xml
----------------- Instantiating /home/travis/build/icyphy/ptII/ptolemy/domains/continuous/test/auto/ContinuousInDE2.xml
58 ms. Memory: 257024K Free: 150401K (59%)
----------------- Invoking toplevel() on ptolemy.moml.MoMLSimpleApplication@d4ca039
----------------- Done invoking toplevel() on ptolemy.moml.MoMLSimpleApplication@d4ca039
reloadAllAccessors: .ContinuousInDE2

===========================================================================================
----------------- testing Sat Jul 27 05:09:26 UTC 2019 /home/travis/build/icyphy/ptII/ptolemy/domains/continuous/test/auto/ContinuousInDE3.xml
----------------- Instantiating /home/travis/build/icyphy/ptII/ptolemy/domains/continuous/test/auto/ContinuousInDE3.xml
36 ms. Memory: 257024K Free: 140671K (55%)
----------------- Invoking toplevel() on ptolemy.moml.MoMLSimpleApplication@34d98cf
----------------- Done invoking toplevel() on ptolemy.moml.MoMLSimpleApplication@34d98cf
reloadAllAccessors: .ContinuousInDE3

===========================================================================================
----------------- testing Sat Jul 27 05:09:27 UTC 2019 /home/travis/build/icyphy/ptII/ptolemy/domains/continuous/test/auto/ContinuousInDE4.xml
----------------- Instantiating /home/travis/build/icyphy/ptII/ptolemy/domains/continuous/test/auto/ContinuousInDE4.xml
15 ms. Memory: 257024K Free: 134527K (52%)
----------------- Invoking toplevel() on ptolemy.moml.MoMLSimpleApplication@3c383707
----------------- Done invoking toplevel() on ptolemy.moml.MoMLSimpleApplication@3c383707
reloadAllAccessors: .ContinuousInDE4

===========================================================================================
----------------- testing Sat Jul 27 05:09:27 UTC 2019 /home/travis/build/icyphy/ptII/ptolemy/domains/continuous/test/auto/ContinuousInDEDifferentRefinements.xml
----------------- Instantiating /home/travis/build/icyphy/ptII/ptolemy/domains/continuous/test/auto/ContinuousInDEDifferentRefinements.xml
62 ms. Memory: 257024K Free: 103297K (40%)
----------------- Invoking toplevel() on ptolemy.moml.MoMLSimpleApplication@771bace7
----------------- Done invoking toplevel() on ptolemy.moml.MoMLSimpleApplication@771bace7
reloadAllAccessors: .ContinuousInDEDifferentRefinements

===========================================================================================
----------------- testing Sat Jul 27 05:09:27 UTC 2019 /home/travis/build/icyphy/ptII/ptolemy/domains/continuous/test/auto/ContinuousInDEDifferentRefinementsPreemptive.xml
----------------- Instantiating /home/travis/build/icyphy/ptII/ptolemy/domains/continuous/test/auto/ContinuousInDEDifferentRefinementsPreemptive.xml
46 ms. Memory: 257024K Free: 224125K (87%)
----------------- Invoking toplevel() on ptolemy.moml.MoMLSimpleApplication@7c4a50c8
----------------- Done invoking toplevel() on ptolemy.moml.MoMLSimpleApplication@7c4a50c8
reloadAllAccessors: .ContinuousInDEDifferentRefinementsPreemptive

===========================================================================================
----------------- testing Sat Jul 27 05:09:27 UTC 2019 /home/travis/build/icyphy/ptII/ptolemy/domains/continuous/test/auto/ContinuousInDEInContinuous2.xml
----------------- Instantiating /home/travis/build/icyphy/ptII/ptolemy/domains/continuous/test/auto/ContinuousInDEInContinuous2.xml
41 ms. Memory: 257024K Free: 212861K (83%)
----------------- Invoking toplevel() on ptolemy.moml.MoMLSimpleApplication@5861d6a
----------------- Done invoking toplevel() on ptolemy.moml.MoMLSimpleApplication@5861d6a
reloadAllAccessors: .ContinuousInDEInContinuous2

===========================================================================================
----------------- testing Sat Jul 27 05:09:27 UTC 2019 /home/travis/build/icyphy/ptII/ptolemy/domains/continuous/test/auto/ContinuousInDEInContinuous3.xml
----------------- Instantiating /home/travis/build/icyphy/ptII/ptolemy/domains/continuous/test/auto/ContinuousInDEInContinuous3.xml
37 ms. Memory: 257024K Free: 200573K (78%)
----------------- Invoking toplevel() on ptolemy.moml.MoMLSimpleApplication@963ef21
----------------- Done invoking toplevel() on ptolemy.moml.MoMLSimpleApplication@963ef21
reloadAllAccessors: .ContinuousInDEInContinuous3

===========================================================================================
----------------- testing Sat Jul 27 05:09:27 UTC 2019 /home/travis/build/icyphy/ptII/ptolemy/domains/continuous/test/auto/ContinuousInDEInput.xml
----------------- Instantiating /home/travis/build/icyphy/ptII/ptolemy/domains/continuous/test/auto/ContinuousInDEInput.xml
15 ms. Memory: 257024K Free: 193405K (75%)
----------------- Invoking toplevel() on ptolemy.moml.MoMLSimpleApplication@6e7d95bf
----------------- Done invoking toplevel() on ptolemy.moml.MoMLSimpleApplication@6e7d95bf
reloadAllAccessors: .ContinuousInDEInput

===========================================================================================
----------------- testing Sat Jul 27 05:09:27 UTC 2019 /home/travis/build/icyphy/ptII/ptolemy/domains/continuous/test/auto/ContinuousInDEInput2.xml
----------------- Instantiating /home/travis/build/icyphy/ptII/ptolemy/domains/continuous/test/auto/ContinuousInDEInput2.xml
16 ms. Memory: 257024K Free: 186237K (72%)
----------------- Invoking toplevel() on ptolemy.moml.MoMLSimpleApplication@276d5494
----------------- Done invoking toplevel() on ptolemy.moml.MoMLSimpleApplication@276d5494
reloadAllAccessors: .ContinuousInDEInput2

===========================================================================================
----------------- testing Sat Jul 27 05:09:27 UTC 2019 /home/travis/build/icyphy/ptII/ptolemy/domains/continuous/test/auto/ContinuousInDEInput3.xml
----------------- Instantiating /home/travis/build/icyphy/ptII/ptolemy/domains/continuous/test/auto/ContinuousInDEInput3.xml
16 ms. Memory: 257024K Free: 178555K (69%)
----------------- Invoking toplevel() on ptolemy.moml.MoMLSimpleApplication@5ced1ca
----------------- Done invoking toplevel() on ptolemy.moml.MoMLSimpleApplication@5ced1ca
reloadAllAccessors: .ContinuousInDEInput3

===========================================================================================
----------------- testing Sat Jul 27 05:09:27 UTC 2019 /home/travis/build/icyphy/ptII/ptolemy/domains/continuous/test/auto/ContinuousInDESharingRefinement.xml
----------------- Instantiating /home/travis/build/icyphy/ptII/ptolemy/domains/continuous/test/auto/ContinuousInDESharingRefinement.xml
161 ms. Memory: 257024K Free: 236497K (92%)
----------------- Invoking toplevel() on ptolemy.moml.MoMLSimpleApplication@57597b22
----------------- Done invoking toplevel() on ptolemy.moml.MoMLSimpleApplication@57597b22
reloadAllAccessors: .ContinuousInDESharingRefinement

===========================================================================================
----------------- testing Sat Jul 27 05:09:27 UTC 2019 /home/travis/build/icyphy/ptII/ptolemy/domains/continuous/test/auto/ContinuousInDEwithNoPorts.xml
----------------- Instantiating /home/travis/build/icyphy/ptII/ptolemy/domains/continuous/test/auto/ContinuousInDEwithNoPorts.xml
5 ms. Memory: 257024K Free: 231921K (90%)
----------------- Invoking toplevel() on ptolemy.moml.MoMLSimpleApplication@8dab018
----------------- Done invoking toplevel() on ptolemy.moml.MoMLSimpleApplication@8dab018
reloadAllAccessors: .ContinuousInDEwithNoPorts

===========================================================================================
----------------- testing Sat Jul 27 05:09:27 UTC 2019 /home/travis/build/icyphy/ptII/ptolemy/domains/continuous/test/auto/ContinuousInsideDE.xml
----------------- Instantiating /home/travis/build/icyphy/ptII/ptolemy/domains/continuous/test/auto/ContinuousInsideDE.xml
40 ms. Memory: 257024K Free: 220657K (86%)
----------------- Invoking toplevel() on ptolemy.moml.MoMLSimpleApplication@62977d94
----------------- Done invoking toplevel() on ptolemy.moml.MoMLSimpleApplication@62977d94
reloadAllAccessors: .ContinuousInsideDE

===========================================================================================
----------------- testing Sat Jul 27 05:09:27 UTC 2019 /home/travis/build/icyphy/ptII/ptolemy/domains/continuous/test/auto/ContinuousMerge1.xml
----------------- Instantiating /home/travis/build/icyphy/ptII/ptolemy/domains/continuous/test/auto/ContinuousMerge1.xml
3 ms. Memory: 257024K Free: 216561K (84%)
----------------- Invoking toplevel() on ptolemy.moml.MoMLSimpleApplication@4e33d2f
----------------- Done invoking toplevel() on ptolemy.moml.MoMLSimpleApplication@4e33d2f
reloadAllAccessors: .ContinuousMerge1

===========================================================================================
----------------- testing Sat Jul 27 05:09:27 UTC 2019 /home/travis/build/icyphy/ptII/ptolemy/domains/continuous/test/auto/ContinuousMerge2.xml
----------------- Instantiating /home/travis/build/icyphy/ptII/ptolemy/domains/continuous/test/auto/ContinuousMerge2.xml
15 ms. Memory: 257024K Free: 206321K (80%)
----------------- Invoking toplevel() on ptolemy.moml.MoMLSimpleApplication@373339aa
----------------- Done invoking toplevel() on ptolemy.moml.MoMLSimpleApplication@373339aa
reloadAllAccessors: .ContinuousMerge2

===========================================================================================
----------------- testing Sat Jul 27 05:09:27 UTC 2019 /home/travis/build/icyphy/ptII/ptolemy/domains/continuous/test/auto/ContinuousMerge3.xml
----------------- Instantiating /home/travis/build/icyphy/ptII/ptolemy/domains/continuous/test/auto/ContinuousMerge3.xml
55 ms. Memory: 257024K Free: 195567K (76%)
----------------- Invoking toplevel() on ptolemy.moml.MoMLSimpleApplication@6d57b96
----------------- Done invoking toplevel() on ptolemy.moml.MoMLSimpleApplication@6d57b96
reloadAllAccessors: .ContinuousMerge3

===========================================================================================
----------------- testing Sat Jul 27 05:09:28 UTC 2019 /home/travis/build/icyphy/ptII/ptolemy/domains/continuous/test/auto/ContinuousWithinContinuous.xml
----------------- Instantiating /home/travis/build/icyphy/ptII/ptolemy/domains/continuous/test/auto/ContinuousWithinContinuous.xml
42 ms. Memory: 257024K Free: 186351K (73%)
----------------- Invoking toplevel() on ptolemy.moml.MoMLSimpleApplication@bb6b831
----------------- Done invoking toplevel() on ptolemy.moml.MoMLSimpleApplication@bb6b831
reloadAllAccessors: .ContinuousWithinContinuous

===========================================================================================
----------------- testing Sat Jul 27 05:09:28 UTC 2019 /home/travis/build/icyphy/ptII/ptolemy/domains/continuous/test/auto/ContinuousWithinContinuous2.xml
----------------- Instantiating /home/travis/build/icyphy/ptII/ptolemy/domains/continuous/test/auto/ContinuousWithinContinuous2.xml
71 ms. Memory: 257024K Free: 175087K (68%)
----------------- Invoking toplevel() on ptolemy.moml.MoMLSimpleApplication@16c53d3d
----------------- Done invoking toplevel() on ptolemy.moml.MoMLSimpleApplication@16c53d3d
reloadAllAccessors: .ContinuousWithinContinuous2

===========================================================================================
----------------- testing Sat Jul 27 05:09:28 UTC 2019 /home/travis/build/icyphy/ptII/ptolemy/domains/continuous/test/auto/ContinuousWithinContinuous3.xml
----------------- Instantiating /home/travis/build/icyphy/ptII/ptolemy/domains/continuous/test/auto/ContinuousWithinContinuous3.xml
13 ms. Memory: 257024K Free: 167919K (65%)
----------------- Invoking toplevel() on ptolemy.moml.MoMLSimpleApplication@40193a31
----------------- Done invoking toplevel() on ptolemy.moml.MoMLSimpleApplication@40193a31
reloadAllAccessors: .ContinuousWithinContinuous3

===========================================================================================
----------------- testing Sat Jul 27 05:09:28 UTC 2019 /home/travis/build/icyphy/ptII/ptolemy/domains/continuous/test/auto/ContinuousWithinContinuous4.xml
----------------- Instantiating /home/travis/build/icyphy/ptII/ptolemy/domains/continuous/test/auto/ContinuousWithinContinuous4.xml
69 ms. Memory: 257024K Free: 155631K (61%)
----------------- Invoking toplevel() on ptolemy.moml.MoMLSimpleApplication@7fcb2cf2
----------------- Done invoking toplevel() on ptolemy.moml.MoMLSimpleApplication@7fcb2cf2
reloadAllAccessors: .ContinuousWithinContinuous4

===========================================================================================
----------------- testing Sat Jul 27 05:09:28 UTC 2019 /home/travis/build/icyphy/ptII/ptolemy/domains/continuous/test/auto/ContinuousWithinContinuous5.xml
----------------- Instantiating /home/travis/build/icyphy/ptII/ptolemy/domains/continuous/test/auto/ContinuousWithinContinuous5.xml
12 ms. Memory: 257024K Free: 148463K (58%)
----------------- Invoking toplevel() on ptolemy.moml.MoMLSimpleApplication@41207e8a
----------------- Done invoking toplevel() on ptolemy.moml.MoMLSimpleApplication@41207e8a
reloadAllAccessors: .ContinuousWithinContinuous5

===========================================================================================
----------------- testing Sat Jul 27 05:09:28 UTC 2019 /home/travis/build/icyphy/ptII/ptolemy/domains/continuous/test/auto/ContinuousWithinContinuous6.xml
----------------- Instantiating /home/travis/build/icyphy/ptII/ptolemy/domains/continuous/test/auto/ContinuousWithinContinuous6.xml
11 ms. Memory: 257024K Free: 141295K (55%)
----------------- Invoking toplevel() on ptolemy.moml.MoMLSimpleApplication@372d3cfe
----------------- Done invoking toplevel() on ptolemy.moml.MoMLSimpleApplication@372d3cfe
reloadAllAccessors: .ContinuousWithinContinuous6

===========================================================================================
----------------- testing Sat Jul 27 05:09:28 UTC 2019 /home/travis/build/icyphy/ptII/ptolemy/domains/continuous/test/auto/ContinuousWithinContinuous7.xml
----------------- Instantiating /home/travis/build/icyphy/ptII/ptolemy/domains/continuous/test/auto/ContinuousWithinContinuous7.xml
59 ms. Memory: 257024K Free: 130031K (51%)
----------------- Invoking toplevel() on ptolemy.moml.MoMLSimpleApplication@21fc214c
----------------- Done invoking toplevel() on ptolemy.moml.MoMLSimpleApplication@21fc214c
reloadAllAccessors: .ContinuousWithinContinuous7

===========================================================================================
----------------- testing Sat Jul 27 05:09:28 UTC 2019 /home/travis/build/icyphy/ptII/ptolemy/domains/continuous/test/auto/DCMotor.xml
----------------- Instantiating /home/travis/build/icyphy/ptII/ptolemy/domains/continuous/test/auto/DCMotor.xml
14325 ms. Memory: 257024K Free: 222222K (86%)
----------------- Invoking toplevel() on ptolemy.moml.MoMLSimpleApplication@2a3eabea
----------------- Done invoking toplevel() on ptolemy.moml.MoMLSimpleApplication@2a3eabea
reloadAllAccessors: .DCMotor

===========================================================================================
----------------- testing Sat Jul 27 05:09:42 UTC 2019 /home/travis/build/icyphy/ptII/ptolemy/domains/continuous/test/auto/DEInContinuous.xml
----------------- Instantiating /home/travis/build/icyphy/ptII/ptolemy/domains/continuous/test/auto/DEInContinuous.xml
8 ms. Memory: 257024K Free: 216078K (84%)
----------------- Invoking toplevel() on ptolemy.moml.MoMLSimpleApplication@11338969
----------------- Done invoking toplevel() on ptolemy.moml.MoMLSimpleApplication@11338969
reloadAllAccessors: .DEInContinuous

===========================================================================================
----------------- testing Sat Jul 27 05:09:42 UTC 2019 /home/travis/build/icyphy/ptII/ptolemy/domains/continuous/test/auto/DEinContinuous2.xml
----------------- Instantiating /home/travis/build/icyphy/ptII/ptolemy/domains/continuous/test/auto/DEinContinuous2.xml
5 ms. Memory: 257024K Free: 207886K (81%)
----------------- Invoking toplevel() on ptolemy.moml.MoMLSimpleApplication@7b3dd6d3
----------------- Done invoking toplevel() on ptolemy.moml.MoMLSimpleApplication@7b3dd6d3
reloadAllAccessors: .DEinContinuous2

===========================================================================================
----------------- testing Sat Jul 27 05:09:42 UTC 2019 /home/travis/build/icyphy/ptII/ptolemy/domains/continuous/test/auto/Derivative.xml
----------------- Instantiating /home/travis/build/icyphy/ptII/ptolemy/domains/continuous/test/auto/Derivative.xml
144 ms. Memory: 257024K Free: 179214K (70%)
----------------- Invoking toplevel() on ptolemy.moml.MoMLSimpleApplication@52d7ea58
----------------- Done invoking toplevel() on ptolemy.moml.MoMLSimpleApplication@52d7ea58
reloadAllAccessors: .Derivative2

===========================================================================================
----------------- testing Sat Jul 27 05:09:43 UTC 2019 /home/travis/build/icyphy/ptII/ptolemy/domains/continuous/test/auto/Derivative1.xml
----------------- Instantiating /home/travis/build/icyphy/ptII/ptolemy/domains/continuous/test/auto/Derivative1.xml
27 ms. Memory: 257024K Free: 164878K (64%)
----------------- Invoking toplevel() on ptolemy.moml.MoMLSimpleApplication@5e1eb93d
----------------- Done invoking toplevel() on ptolemy.moml.MoMLSimpleApplication@5e1eb93d
reloadAllAccessors: .Derivative1

===========================================================================================
----------------- testing Sat Jul 27 05:09:43 UTC 2019 /home/travis/build/icyphy/ptII/ptolemy/domains/continuous/test/auto/DiscreteClock.xml
----------------- Instantiating /home/travis/build/icyphy/ptII/ptolemy/domains/continuous/test/auto/DiscreteClock.xml
4 ms. Memory: 257024K Free: 159758K (62%)
----------------- Invoking toplevel() on ptolemy.moml.MoMLSimpleApplication@7ed29ab1
----------------- Done invoking toplevel() on ptolemy.moml.MoMLSimpleApplication@7ed29ab1
reloadAllAccessors: .DiscreteClock

===========================================================================================
----------------- testing Sat Jul 27 05:09:43 UTC 2019 /home/travis/build/icyphy/ptII/ptolemy/domains/continuous/test/auto/EfficiencyCurve.xml
----------------- Instantiating /home/travis/build/icyphy/ptII/ptolemy/domains/continuous/test/auto/EfficiencyCurve.xml
69 ms. Memory: 257024K Free: 151052K (59%)
----------------- Invoking toplevel() on ptolemy.moml.MoMLSimpleApplication@671e38ae
----------------- Done invoking toplevel() on ptolemy.moml.MoMLSimpleApplication@671e38ae
reloadAllAccessors: .EfficiencyCurve

===========================================================================================
----------------- testing Sat Jul 27 05:09:43 UTC 2019 /home/travis/build/icyphy/ptII/ptolemy/domains/continuous/test/auto/ExponentialResponse.xml
----------------- Instantiating /home/travis/build/icyphy/ptII/ptolemy/domains/continuous/test/auto/ExponentialResponse.xml
109 ms. Memory: 257024K Free: 135182K (53%)
----------------- Invoking toplevel() on ptolemy.moml.MoMLSimpleApplication@7208786
----------------- Done invoking toplevel() on ptolemy.moml.MoMLSimpleApplication@7208786
reloadAllAccessors: .ExponentialResponse

===========================================================================================
----------------- testing Sat Jul 27 05:09:43 UTC 2019 /home/travis/build/icyphy/ptII/ptolemy/domains/continuous/test/auto/ExponentialResponseRK45.xml
----------------- Instantiating /home/travis/build/icyphy/ptII/ptolemy/domains/continuous/test/auto/ExponentialResponseRK45.xml
29 ms. Memory: 257024K Free: 128524K (50%)
----------------- Invoking toplevel() on ptolemy.moml.MoMLSimpleApplication@52d8a635
----------------- Done invoking toplevel() on ptolemy.moml.MoMLSimpleApplication@52d8a635
reloadAllAccessors: .ExponentialResponseRK45

===========================================================================================
----------------- testing Sat Jul 27 05:09:43 UTC 2019 /home/travis/build/icyphy/ptII/ptolemy/domains/continuous/test/auto/Friction.xml
----------------- Instantiating /home/travis/build/icyphy/ptII/ptolemy/domains/continuous/test/auto/Friction.xml
1576 ms. Memory: 257024K Free: 162263K (63%)
----------------- Invoking toplevel() on ptolemy.moml.MoMLSimpleApplication@683bab7a
----------------- Done invoking toplevel() on ptolemy.moml.MoMLSimpleApplication@683bab7a
reloadAllAccessors: .Friction

===========================================================================================
----------------- testing Sat Jul 27 05:09:45 UTC 2019 /home/travis/build/icyphy/ptII/ptolemy/domains/continuous/test/auto/FurutaPendulum.xml
----------------- Instantiating /home/travis/build/icyphy/ptII/ptolemy/domains/continuous/test/auto/FurutaPendulum.xml
3352 ms. Memory: 257024K Free: 118157K (46%)
----------------- Invoking toplevel() on ptolemy.moml.MoMLSimpleApplication@17894151
----------------- Done invoking toplevel() on ptolemy.moml.MoMLSimpleApplication@17894151
reloadAllAccessors: .FurutaPendulum

===========================================================================================
----------------- testing Sat Jul 27 05:09:48 UTC 2019 /home/travis/build/icyphy/ptII/ptolemy/domains/continuous/test/auto/HierarchicalExecution.xml
----------------- Instantiating /home/travis/build/icyphy/ptII/ptolemy/domains/continuous/test/auto/HierarchicalExecution.xml
1925 ms. Memory: 309248K Free: 197752K (64%)
----------------- Invoking toplevel() on ptolemy.moml.MoMLSimpleApplication@9188b32
----------------- Done invoking toplevel() on ptolemy.moml.MoMLSimpleApplication@9188b32
reloadAllAccessors: .HierarchicalExecution

===========================================================================================
----------------- testing Sat Jul 27 05:09:51 UTC 2019 /home/travis/build/icyphy/ptII/ptolemy/domains/continuous/test/auto/HybridPlant.xml
----------------- Instantiating /home/travis/build/icyphy/ptII/ptolemy/domains/continuous/test/auto/HybridPlant.xml
484 ms. Memory: 309248K Free: 117757K (38%)
----------------- Invoking toplevel() on ptolemy.moml.MoMLSimpleApplication@2fa49088
----------------- Done invoking toplevel() on ptolemy.moml.MoMLSimpleApplication@2fa49088
reloadAllAccessors: .HybridPlant

===========================================================================================
----------------- testing Sat Jul 27 05:09:51 UTC 2019 /home/travis/build/icyphy/ptII/ptolemy/domains/continuous/test/auto/Hysteresis.xml
----------------- Instantiating /home/travis/build/icyphy/ptII/ptolemy/domains/continuous/test/auto/Hysteresis.xml
132 ms. Memory: 309248K Free: 239127K (77%)
----------------- Invoking toplevel() on ptolemy.moml.MoMLSimpleApplication@53f88124
----------------- Done invoking toplevel() on ptolemy.moml.MoMLSimpleApplication@53f88124
reloadAllAccessors: .Hysteresis

===========================================================================================
----------------- testing Sat Jul 27 05:09:51 UTC 2019 /home/travis/build/icyphy/ptII/ptolemy/domains/continuous/test/auto/HysteresisWithRandomDelay.xml
----------------- Instantiating /home/travis/build/icyphy/ptII/ptolemy/domains/continuous/test/auto/HysteresisWithRandomDelay.xml
177 ms. Memory: 309248K Free: 167975K (54%)
----------------- Invoking toplevel() on ptolemy.moml.MoMLSimpleApplication@2d011a36
----------------- Done invoking toplevel() on ptolemy.moml.MoMLSimpleApplication@2d011a36
reloadAllAccessors: .HysteresisWithRandomDelay

===========================================================================================
----------------- testing Sat Jul 27 05:09:52 UTC 2019 /home/travis/build/icyphy/ptII/ptolemy/domains/continuous/test/auto/HysteresisWithRandomLosses.xml
----------------- Instantiating /home/travis/build/icyphy/ptII/ptolemy/domains/continuous/test/auto/HysteresisWithRandomLosses.xml
2399 ms. Memory: 309248K Free: 166594K (54%)
----------------- Invoking toplevel() on ptolemy.moml.MoMLSimpleApplication@3a86e925
----------------- Done invoking toplevel() on ptolemy.moml.MoMLSimpleApplication@3a86e925
reloadAllAccessors: .HysteresisWithRandomLosses

===========================================================================================
----------------- testing Sat Jul 27 05:09:54 UTC 2019 /home/travis/build/icyphy/ptII/ptolemy/domains/continuous/test/auto/ImmediateTransitions.xml
----------------- Instantiating /home/travis/build/icyphy/ptII/ptolemy/domains/continuous/test/auto/ImmediateTransitions.xml
9 ms. Memory: 309248K Free: 155826K (50%)
----------------- Invoking toplevel() on ptolemy.moml.MoMLSimpleApplication@128c7568
----------------- Done invoking toplevel() on ptolemy.moml.MoMLSimpleApplication@128c7568
reloadAllAccessors: .ImmediateTransitions

===========================================================================================
----------------- testing Sat Jul 27 05:09:54 UTC 2019 /home/travis/build/icyphy/ptII/ptolemy/domains/continuous/test/auto/ImpulseFeedback.xml
----------------- Instantiating /home/travis/build/icyphy/ptII/ptolemy/domains/continuous/test/auto/ImpulseFeedback.xml
8 ms. Memory: 309248K Free: 149696K (48%)
----------------- Invoking toplevel() on ptolemy.moml.MoMLSimpleApplication@41237894
----------------- Done invoking toplevel() on ptolemy.moml.MoMLSimpleApplication@41237894
reloadAllAccessors: .ImpulseFeedback

===========================================================================================
----------------- testing Sat Jul 27 05:09:54 UTC 2019 /home/travis/build/icyphy/ptII/ptolemy/domains/continuous/test/auto/ImpulseFeedback2.xml
----------------- Instantiating /home/travis/build/icyphy/ptII/ptolemy/domains/continuous/test/auto/ImpulseFeedback2.xml
6 ms. Memory: 309248K Free: 144066K (47%)
----------------- Invoking toplevel() on ptolemy.moml.MoMLSimpleApplication@3664c3c7
----------------- Done invoking toplevel() on ptolemy.moml.MoMLSimpleApplication@3664c3c7
reloadAllAccessors: .ImpulseFeedback2

===========================================================================================
----------------- testing Sat Jul 27 05:09:54 UTC 2019 /home/travis/build/icyphy/ptII/ptolemy/domains/continuous/test/auto/IncreasingRatePoisson.xml
----------------- Instantiating /home/travis/build/icyphy/ptII/ptolemy/domains/continuous/test/auto/IncreasingRatePoisson.xml
724 ms. Memory: 309248K Free: 209776K (68%)
----------------- Invoking toplevel() on ptolemy.moml.MoMLSimpleApplication@608b8b3d
----------------- Done invoking toplevel() on ptolemy.moml.MoMLSimpleApplication@608b8b3d
reloadAllAccessors: .IncreasingRatePoisson

===========================================================================================
----------------- testing Sat Jul 27 05:09:55 UTC 2019 /home/travis/build/icyphy/ptII/ptolemy/domains/continuous/test/auto/InitialStateFeedback.xml
----------------- Instantiating /home/travis/build/icyphy/ptII/ptolemy/domains/continuous/test/auto/InitialStateFeedback.xml
3 ms. Memory: 309248K Free: 205170K (66%)
----------------- Invoking toplevel() on ptolemy.moml.MoMLSimpleApplication@7c19ee55
----------------- Done invoking toplevel() on ptolemy.moml.MoMLSimpleApplication@7c19ee55
reloadAllAccessors: .InitialStateFeedback

===========================================================================================
----------------- testing Sat Jul 27 05:09:55 UTC 2019 /home/travis/build/icyphy/ptII/ptolemy/domains/continuous/test/auto/Integration.xml
----------------- Instantiating /home/travis/build/icyphy/ptII/ptolemy/domains/continuous/test/auto/Integration.xml
5 ms. Memory: 309248K Free: 201074K (65%)
----------------- Invoking toplevel() on ptolemy.moml.MoMLSimpleApplication@1d76b489
----------------- Done invoking toplevel() on ptolemy.moml.MoMLSimpleApplication@1d76b489
reloadAllAccessors: .Integration

===========================================================================================
----------------- testing Sat Jul 27 05:09:55 UTC 2019 /home/travis/build/icyphy/ptII/ptolemy/domains/continuous/test/auto/Integration2.xml
----------------- Instantiating /home/travis/build/icyphy/ptII/ptolemy/domains/continuous/test/auto/Integration2.xml
83 ms. Memory: 309248K Free: 187248K (61%)
----------------- Invoking toplevel() on ptolemy.moml.MoMLSimpleApplication@4f93c84f
----------------- Done invoking toplevel() on ptolemy.moml.MoMLSimpleApplication@4f93c84f
reloadAllAccessors: .Integration2

===========================================================================================
----------------- testing Sat Jul 27 05:09:55 UTC 2019 /home/travis/build/icyphy/ptII/ptolemy/domains/continuous/test/auto/Integration3.xml
----------------- Instantiating /home/travis/build/icyphy/ptII/ptolemy/domains/continuous/test/auto/Integration3.xml
2 ms. Memory: 309248K Free: 182642K (59%)
----------------- Invoking toplevel() on ptolemy.moml.MoMLSimpleApplication@21c0345c
----------------- Done invoking toplevel() on ptolemy.moml.MoMLSimpleApplication@21c0345c
reloadAllAccessors: .Integration3

===========================================================================================
----------------- testing Sat Jul 27 05:09:55 UTC 2019 /home/travis/build/icyphy/ptII/ptolemy/domains/continuous/test/auto/Integration5.xml
----------------- Instantiating /home/travis/build/icyphy/ptII/ptolemy/domains/continuous/test/auto/Integration5.xml
2 ms. Memory: 309248K Free: 178546K (58%)
----------------- Invoking toplevel() on ptolemy.moml.MoMLSimpleApplication@6a2e3a80
----------------- Done invoking toplevel() on ptolemy.moml.MoMLSimpleApplication@6a2e3a80
reloadAllAccessors: .Integration5

===========================================================================================
----------------- testing Sat Jul 27 05:09:55 UTC 2019 /home/travis/build/icyphy/ptII/ptolemy/domains/continuous/test/auto/IntegratorImpulse.xml
----------------- Instantiating /home/travis/build/icyphy/ptII/ptolemy/domains/continuous/test/auto/IntegratorImpulse.xml
2 ms. Memory: 309248K Free: 174450K (56%)
----------------- Invoking toplevel() on ptolemy.moml.MoMLSimpleApplication@17a40dd1
----------------- Done invoking toplevel() on ptolemy.moml.MoMLSimpleApplication@17a40dd1
reloadAllAccessors: .IntegratorImpulse

===========================================================================================
----------------- testing Sat Jul 27 05:09:55 UTC 2019 /home/travis/build/icyphy/ptII/ptolemy/domains/continuous/test/auto/IntegratorImpulse2.xml
----------------- Instantiating /home/travis/build/icyphy/ptII/ptolemy/domains/continuous/test/auto/IntegratorImpulse2.xml
5 ms. Memory: 309248K Free: 169826K (55%)
----------------- Invoking toplevel() on ptolemy.moml.MoMLSimpleApplication@3a12fed8
----------------- Done invoking toplevel() on ptolemy.moml.MoMLSimpleApplication@3a12fed8
reloadAllAccessors: .IntegratorImpulse2

===========================================================================================
----------------- testing Sat Jul 27 05:09:55 UTC 2019 /home/travis/build/icyphy/ptII/ptolemy/domains/continuous/test/auto/LevelCrossing1.xml
----------------- Instantiating /home/travis/build/icyphy/ptII/ptolemy/domains/continuous/test/auto/LevelCrossing1.xml
3 ms. Memory: 309248K Free: 164720K (53%)
----------------- Invoking toplevel() on ptolemy.moml.MoMLSimpleApplication@3fb35b80
----------------- Done invoking toplevel() on ptolemy.moml.MoMLSimpleApplication@3fb35b80
reloadAllAccessors: .LevelCrossing1

===========================================================================================
----------------- testing Sat Jul 27 05:09:55 UTC 2019 /home/travis/build/icyphy/ptII/ptolemy/domains/continuous/test/auto/LevelCrossing2.xml
----------------- Instantiating /home/travis/build/icyphy/ptII/ptolemy/domains/continuous/test/auto/LevelCrossing2.xml
8 ms. Memory: 309248K Free: 159600K (52%)
----------------- Invoking toplevel() on ptolemy.moml.MoMLSimpleApplication@6869c6ff
----------------- Done invoking toplevel() on ptolemy.moml.MoMLSimpleApplication@6869c6ff
reloadAllAccessors: .LevelCrossing2

===========================================================================================
----------------- testing Sat Jul 27 05:09:55 UTC 2019 /home/travis/build/icyphy/ptII/ptolemy/domains/continuous/test/auto/LevelCrossing3.xml
----------------- Instantiating /home/travis/build/icyphy/ptII/ptolemy/domains/continuous/test/auto/LevelCrossing3.xml
3 ms. Memory: 309248K Free: 154480K (50%)
----------------- Invoking toplevel() on ptolemy.moml.MoMLSimpleApplication@22a90856
----------------- Done invoking toplevel() on ptolemy.moml.MoMLSimpleApplication@22a90856
reloadAllAccessors: .LevelCrossing3

===========================================================================================
----------------- testing Sat Jul 27 05:09:55 UTC 2019 /home/travis/build/icyphy/ptII/ptolemy/domains/continuous/test/auto/LevelCrossing4.xml
----------------- Instantiating /home/travis/build/icyphy/ptII/ptolemy/domains/continuous/test/auto/LevelCrossing4.xml
3 ms. Memory: 309248K Free: 149346K (48%)
----------------- Invoking toplevel() on ptolemy.moml.MoMLSimpleApplication@5db14193
----------------- Done invoking toplevel() on ptolemy.moml.MoMLSimpleApplication@5db14193
reloadAllAccessors: .LevelCrossing4

===========================================================================================
----------------- testing Sat Jul 27 05:09:55 UTC 2019 /home/travis/build/icyphy/ptII/ptolemy/domains/continuous/test/auto/LevelCrossing5.xml
----------------- Instantiating /home/travis/build/icyphy/ptII/ptolemy/domains/continuous/test/auto/LevelCrossing5.xml
4 ms. Memory: 309248K Free: 144240K (47%)
----------------- Invoking toplevel() on ptolemy.moml.MoMLSimpleApplication@15c80cae
----------------- Done invoking toplevel() on ptolemy.moml.MoMLSimpleApplication@15c80cae
reloadAllAccessors: .LevelCrossing5

===========================================================================================
[...]
reloadAllAccessors: .ResetTransitionWithStartTime6

===========================================================================================
----------------- testing Sat Jul 27 05:10:13 UTC 2019 /home/travis/build/icyphy/ptII/ptolemy/domains/continuous/test/auto/SRinContinuous.xml
----------------- Instantiating /home/travis/build/icyphy/ptII/ptolemy/domains/continuous/test/auto/SRinContinuous.xml
16 ms. Memory: 309248K Free: 280888K (91%)
----------------- Invoking toplevel() on ptolemy.moml.MoMLSimpleApplication@705a5e46
----------------- Done invoking toplevel() on ptolemy.moml.MoMLSimpleApplication@705a5e46
reloadAllAccessors: .SRinContinuous

===========================================================================================
----------------- testing Sat Jul 27 05:10:13 UTC 2019 /home/travis/build/icyphy/ptII/ptolemy/domains/continuous/test/auto/SampledClocks.xml
----------------- Instantiating /home/travis/build/icyphy/ptII/ptolemy/domains/continuous/test/auto/SampledClocks.xml
10 ms. Memory: 309248K Free: 268090K (87%)
----------------- Invoking toplevel() on ptolemy.moml.MoMLSimpleApplication@149f1cbf
----------------- Done invoking toplevel() on ptolemy.moml.MoMLSimpleApplication@149f1cbf
reloadAllAccessors: .SampledClocks

===========================================================================================
----------------- testing Sat Jul 27 05:10:13 UTC 2019 /home/travis/build/icyphy/ptII/ptolemy/domains/continuous/test/auto/Satellite.xml
----------------- Instantiating /home/travis/build/icyphy/ptII/ptolemy/domains/continuous/test/auto/Satellite.xml
918 ms. Memory: 309248K Free: 255193K (83%)
----------------- Invoking toplevel() on ptolemy.moml.MoMLSimpleApplication@341f46b
----------------- Done invoking toplevel() on ptolemy.moml.MoMLSimpleApplication@341f46b
reloadAllAccessors: .Satellite

===========================================================================================
----------------- testing Sat Jul 27 05:10:14 UTC 2019 /home/travis/build/icyphy/ptII/ptolemy/domains/continuous/test/auto/SigmaDelta.xml
----------------- Instantiating /home/travis/build/icyphy/ptII/ptolemy/domains/continuous/test/auto/SigmaDelta.xml
2332 ms. Memory: 309248K Free: 176881K (57%)
----------------- Invoking toplevel() on ptolemy.moml.MoMLSimpleApplication@535c2bf5
----------------- Done invoking toplevel() on ptolemy.moml.MoMLSimpleApplication@535c2bf5
reloadAllAccessors: .SigmaDelta

===========================================================================================
----------------- testing Sat Jul 27 05:10:17 UTC 2019 /home/travis/build/icyphy/ptII/ptolemy/domains/continuous/test/auto/SingleRefinement.xml
----------------- Instantiating /home/travis/build/icyphy/ptII/ptolemy/domains/continuous/test/auto/SingleRefinement.xml
293 ms. Memory: 309248K Free: 176170K (57%)
----------------- Invoking toplevel() on ptolemy.moml.MoMLSimpleApplication@35222214
----------------- Done invoking toplevel() on ptolemy.moml.MoMLSimpleApplication@35222214
reloadAllAccessors: .SingleRefinement

===========================================================================================
----------------- testing Sat Jul 27 05:10:17 UTC 2019 /home/travis/build/icyphy/ptII/ptolemy/domains/continuous/test/auto/SinuBouncingBall.xml
----------------- Instantiating /home/travis/build/icyphy/ptII/ptolemy/domains/continuous/test/auto/SinuBouncingBall.xml
744 ms. Memory: 309248K Free: 141483K (46%)
----------------- Invoking toplevel() on ptolemy.moml.MoMLSimpleApplication@4f348428
----------------- Done invoking toplevel() on ptolemy.moml.MoMLSimpleApplication@4f348428
reloadAllAccessors: .SinuBouncingBall

===========================================================================================
----------------- testing Sat Jul 27 05:10:18 UTC 2019 /home/travis/build/icyphy/ptII/ptolemy/domains/continuous/test/auto/Sinusoid.xml
----------------- Instantiating /home/travis/build/icyphy/ptII/ptolemy/domains/continuous/test/auto/Sinusoid.xml
4 ms. Memory: 309248K Free: 136907K (44%)
----------------- Invoking toplevel() on ptolemy.moml.MoMLSimpleApplication@720c4ae4
----------------- Done invoking toplevel() on ptolemy.moml.MoMLSimpleApplication@720c4ae4
reloadAllAccessors: .Sinusoid

===========================================================================================
----------------- testing Sat Jul 27 05:10:18 UTC 2019 /home/travis/build/icyphy/ptII/ptolemy/domains/continuous/test/auto/SinusoidInNoise.xml
----------------- Instantiating /home/travis/build/icyphy/ptII/ptolemy/domains/continuous/test/auto/SinusoidInNoise.xml
1039 ms. Memory: 309248K Free: 185958K (60%)
----------------- Invoking toplevel() on ptolemy.moml.MoMLSimpleApplication@4d7f41c6
----------------- Done invoking toplevel() on ptolemy.moml.MoMLSimpleApplication@4d7f41c6
reloadAllAccessors: .SinusoidInNoise

===========================================================================================
----------------- testing Sat Jul 27 05:10:19 UTC 2019 /home/travis/build/icyphy/ptII/ptolemy/domains/continuous/test/auto/SinusoidRK45.xml
----------------- Instantiating /home/travis/build/icyphy/ptII/ptolemy/domains/continuous/test/auto/SinusoidRK45.xml
2 ms. Memory: 309248K Free: 181597K (59%)
----------------- Invoking toplevel() on ptolemy.moml.MoMLSimpleApplication@76fed271
----------------- Done invoking toplevel() on ptolemy.moml.MoMLSimpleApplication@76fed271
reloadAllAccessors: .SinusoidRK45

===========================================================================================
----------------- testing Sat Jul 27 05:10:19 UTC 2019 /home/travis/build/icyphy/ptII/ptolemy/domains/continuous/test/auto/SinusoidWithMultipleImpulses.xml
----------------- Instantiating /home/travis/build/icyphy/ptII/ptolemy/domains/continuous/test/auto/SinusoidWithMultipleImpulses.xml
3 ms. Memory: 309248K Free: 176987K (57%)
----------------- Invoking toplevel() on ptolemy.moml.MoMLSimpleApplication@28839e97
----------------- Done invoking toplevel() on ptolemy.moml.MoMLSimpleApplication@28839e97
reloadAllAccessors: .SinusoidWithMultipleImpulses

===========================================================================================
----------------- testing Sat Jul 27 05:10:19 UTC 2019 /home/travis/build/icyphy/ptII/ptolemy/domains/continuous/test/auto/SquareWave.xml
----------------- Instantiating /home/travis/build/icyphy/ptII/ptolemy/domains/continuous/test/auto/SquareWave.xml
175 ms. Memory: 309248K Free: 149339K (48%)
----------------- Invoking toplevel() on ptolemy.moml.MoMLSimpleApplication@57eebba1
----------------- Done invoking toplevel() on ptolemy.moml.MoMLSimpleApplication@57eebba1
reloadAllAccessors: .SquareWave

===========================================================================================
----------------- testing Sat Jul 27 05:10:19 UTC 2019 /home/travis/build/icyphy/ptII/ptolemy/domains/continuous/test/auto/Starmac.xml
----------------- Instantiating /home/travis/build/icyphy/ptII/ptolemy/domains/continuous/test/auto/Starmac.xml
3093 ms. Memory: 309248K Free: 204114K (66%)
----------------- Invoking toplevel() on ptolemy.moml.MoMLSimpleApplication@4f11a0b8
----------------- Done invoking toplevel() on ptolemy.moml.MoMLSimpleApplication@4f11a0b8
reloadAllAccessors: .Starmac

===========================================================================================
----------------- testing Sat Jul 27 05:10:23 UTC 2019 /home/travis/build/icyphy/ptII/ptolemy/domains/continuous/test/auto/StaticUnits.xml
----------------- Instantiating /home/travis/build/icyphy/ptII/ptolemy/domains/continuous/test/auto/StaticUnits.xml
2248 ms. Memory: 309248K Free: 119039K (38%)
----------------- Invoking toplevel() on ptolemy.moml.MoMLSimpleApplication@272897d6
----------------- Done invoking toplevel() on ptolemy.moml.MoMLSimpleApplication@272897d6
reloadAllAccessors: .StaticUnits

===========================================================================================
----------------- testing Sat Jul 27 05:10:26 UTC 2019 /home/travis/build/icyphy/ptII/ptolemy/domains/continuous/test/auto/StickyMasses.xml
----------------- Instantiating /home/travis/build/icyphy/ptII/ptolemy/domains/continuous/test/auto/StickyMasses.xml
147 ms. Memory: 309248K Free: 249084K (81%)
----------------- Invoking toplevel() on ptolemy.moml.MoMLSimpleApplication@948240e
----------------- Done invoking toplevel() on ptolemy.moml.MoMLSimpleApplication@948240e
reloadAllAccessors: .StickyMasses

===========================================================================================
----------------- testing Sat Jul 27 05:10:26 UTC 2019 /home/travis/build/icyphy/ptII/ptolemy/domains/continuous/test/auto/StopTime.xml
----------------- Instantiating /home/travis/build/icyphy/ptII/ptolemy/domains/continuous/test/auto/StopTime.xml
49 ms. Memory: 309248K Free: 223994K (72%)
----------------- Invoking toplevel() on ptolemy.moml.MoMLSimpleApplication@447ff2d6
----------------- Done invoking toplevel() on ptolemy.moml.MoMLSimpleApplication@447ff2d6
reloadAllAccessors: .StopTime

===========================================================================================
----------------- testing Sat Jul 27 05:10:26 UTC 2019 /home/travis/build/icyphy/ptII/ptolemy/domains/continuous/test/auto/StopTime2.xml
----------------- Instantiating /home/travis/build/icyphy/ptII/ptolemy/domains/continuous/test/auto/StopTime2.xml
37 ms. Memory: 309248K Free: 201980K (65%)
----------------- Invoking toplevel() on ptolemy.moml.MoMLSimpleApplication@52f645d2
----------------- Done invoking toplevel() on ptolemy.moml.MoMLSimpleApplication@52f645d2
reloadAllAccessors: .StopTime2

===========================================================================================
----------------- testing Sat Jul 27 05:10:26 UTC 2019 /home/travis/build/icyphy/ptII/ptolemy/domains/continuous/test/auto/Switch.xml
----------------- Instantiating /home/travis/build/icyphy/ptII/ptolemy/domains/continuous/test/auto/Switch.xml
44 ms. Memory: 309248K Free: 176875K (57%)
----------------- Invoking toplevel() on ptolemy.moml.MoMLSimpleApplication@789e1bbc
----------------- Done invoking toplevel() on ptolemy.moml.MoMLSimpleApplication@789e1bbc
reloadAllAccessors: .Switch

===========================================================================================
----------------- testing Sat Jul 27 05:10:26 UTC 2019 /home/travis/build/icyphy/ptII/ptolemy/domains/continuous/test/auto/Thermostat.xml
----------------- Instantiating /home/travis/build/icyphy/ptII/ptolemy/domains/continuous/test/auto/Thermostat.xml
214 ms. Memory: 309248K Free: 284412K (92%)
----------------- Invoking toplevel() on ptolemy.moml.MoMLSimpleApplication@c9b8cff
----------------- Done invoking toplevel() on ptolemy.moml.MoMLSimpleApplication@c9b8cff
reloadAllAccessors: .Thermostat

===========================================================================================
----------------- testing Sat Jul 27 05:10:26 UTC 2019 /home/travis/build/icyphy/ptII/ptolemy/domains/continuous/test/auto/TimeDelay.xml
----------------- Instantiating /home/travis/build/icyphy/ptII/ptolemy/domains/continuous/test/auto/TimeDelay.xml
7 ms. Memory: 309248K Free: 279292K (90%)
----------------- Invoking toplevel() on ptolemy.moml.MoMLSimpleApplication@33d45d2b
----------------- Done invoking toplevel() on ptolemy.moml.MoMLSimpleApplication@33d45d2b
reloadAllAccessors: .TimeDelay

===========================================================================================
----------------- testing Sat Jul 27 05:10:26 UTC 2019 /home/travis/build/icyphy/ptII/ptolemy/domains/continuous/test/auto/TimeDelay2.xml
----------------- Instantiating /home/travis/build/icyphy/ptII/ptolemy/domains/continuous/test/auto/TimeDelay2.xml
11 ms. Memory: 309248K Free: 269562K (87%)
----------------- Invoking toplevel() on ptolemy.moml.MoMLSimpleApplication@1a76641c
----------------- Done invoking toplevel() on ptolemy.moml.MoMLSimpleApplication@1a76641c
reloadAllAccessors: .TimeDelay2

===========================================================================================
----------------- testing Sat Jul 27 05:10:26 UTC 2019 /home/travis/build/icyphy/ptII/ptolemy/domains/continuous/test/auto/TimeDelay3.xml
----------------- Instantiating /home/travis/build/icyphy/ptII/ptolemy/domains/continuous/test/auto/TimeDelay3.xml
5 ms. Memory: 309248K Free: 264954K (86%)
----------------- Invoking toplevel() on ptolemy.moml.MoMLSimpleApplication@16484d0b
----------------- Done invoking toplevel() on ptolemy.moml.MoMLSimpleApplication@16484d0b
reloadAllAccessors: .TimeDelay3

===========================================================================================
----------------- testing Sat Jul 27 05:10:26 UTC 2019 /home/travis/build/icyphy/ptII/ptolemy/domains/continuous/test/auto/TransferAbsentToInside.xml
----------------- Instantiating /home/travis/build/icyphy/ptII/ptolemy/domains/continuous/test/auto/TransferAbsentToInside.xml
31 ms. Memory: 309248K Free: 212203K (69%)
----------------- Invoking toplevel() on ptolemy.moml.MoMLSimpleApplication@5206d977
----------------- Done invoking toplevel() on ptolemy.moml.MoMLSimpleApplication@5206d977
reloadAllAccessors: .TransferAbsentToInside

===========================================================================================
----------------- testing Sat Jul 27 05:10:26 UTC 2019 /home/travis/build/icyphy/ptII/ptolemy/domains/continuous/test/auto/Transmission.xml
----------------- Instantiating /home/travis/build/icyphy/ptII/ptolemy/domains/continuous/test/auto/Transmission.xml
840 ms. Memory: 309248K Free: 159963K (52%)
----------------- Invoking toplevel() on ptolemy.moml.MoMLSimpleApplication@43bc6924
----------------- Done invoking toplevel() on ptolemy.moml.MoMLSimpleApplication@43bc6924
reloadAllAccessors: .Transmission

===========================================================================================
----------------- testing Sat Jul 27 05:10:27 UTC 2019 /home/travis/build/icyphy/ptII/ptolemy/domains/continuous/test/auto/TriggeredContinuousClock.xml
----------------- Instantiating /home/travis/build/icyphy/ptII/ptolemy/domains/continuous/test/auto/TriggeredContinuousClock.xml
37 ms. Memory: 309248K Free: 130251K (42%)
----------------- Invoking toplevel() on ptolemy.moml.MoMLSimpleApplication@c03e652
----------------- Done invoking toplevel() on ptolemy.moml.MoMLSimpleApplication@c03e652
reloadAllAccessors: .TriggeredContinuousClock

===========================================================================================
----------------- testing Sat Jul 27 05:10:27 UTC 2019 /home/travis/build/icyphy/ptII/ptolemy/domains/continuous/test/auto/TwoMachineInfiniteBusControl.xml
----------------- Instantiating /home/travis/build/icyphy/ptII/ptolemy/domains/continuous/test/auto/TwoMachineInfiniteBusControl.xml
2870 ms. Memory: 309248K Free: 253611K (82%)
----------------- Invoking toplevel() on ptolemy.moml.MoMLSimpleApplication@54e95157
----------------- Done invoking toplevel() on ptolemy.moml.MoMLSimpleApplication@54e95157
reloadAllAccessors: .TwoMachineInfiniteBusControl

===========================================================================================
----------------- testing Sat Jul 27 05:10:30 UTC 2019 /home/travis/build/icyphy/ptII/ptolemy/domains/continuous/test/auto/V2V.xml
----------------- Instantiating /home/travis/build/icyphy/ptII/ptolemy/domains/continuous/test/auto/V2V.xml
831 ms. Memory: 309248K Free: 244378K (79%)
----------------- Invoking toplevel() on ptolemy.moml.MoMLSimpleApplication@202886d5
----------------- Done invoking toplevel() on ptolemy.moml.MoMLSimpleApplication@202886d5
reloadAllAccessors: .V2V

===========================================================================================
----------------- testing Sat Jul 27 05:10:31 UTC 2019 /home/travis/build/icyphy/ptII/ptolemy/domains/continuous/test/auto/hierarchicalModalModel.xml
----------------- Instantiating /home/travis/build/icyphy/ptII/ptolemy/domains/continuous/test/auto/hierarchicalModalModel.xml
9 ms. Memory: 309248K Free: 229547K (74%)
----------------- Invoking toplevel() on ptolemy.moml.MoMLSimpleApplication@438a0b34
----------------- Done invoking toplevel() on ptolemy.moml.MoMLSimpleApplication@438a0b34
reloadAllAccessors: .hierarchicalModalModel

===========================================================================================
----------------- testing Sat Jul 27 05:10:31 UTC 2019 /home/travis/build/icyphy/ptII/ptolemy/domains/continuous/test/auto/hierarchicalModalModel1.xml
----------------- Instantiating /home/travis/build/icyphy/ptII/ptolemy/domains/continuous/test/auto/hierarchicalModalModel1.xml
8 ms. Memory: 309248K Free: 215211K (70%)
----------------- Invoking toplevel() on ptolemy.moml.MoMLSimpleApplication@f7fb794
----------------- Done invoking toplevel() on ptolemy.moml.MoMLSimpleApplication@f7fb794
reloadAllAccessors: .hierarchicalModalModel1

===========================================================================================
----------------- testing Sat Jul 27 05:10:31 UTC 2019 /home/travis/build/icyphy/ptII/ptolemy/domains/continuous/test/auto/hierarchicalModalModel2.xml
----------------- Instantiating /home/travis/build/icyphy/ptII/ptolemy/domains/continuous/test/auto/hierarchicalModalModel2.xml
6 ms. Memory: 309248K Free: 202923K (66%)
----------------- Invoking toplevel() on ptolemy.moml.MoMLSimpleApplication@3ffba39d
----------------- Done invoking toplevel() on ptolemy.moml.MoMLSimpleApplication@3ffba39d
reloadAllAccessors: .hierarchicalModalModel2

===========================================================================================
----------------- testing Sat Jul 27 05:10:31 UTC 2019 /home/travis/build/icyphy/ptII/ptolemy/domains/continuous/test/auto/hierarchicalModalModel3.xml
----------------- Instantiating /home/travis/build/icyphy/ptII/ptolemy/domains/continuous/test/auto/hierarchicalModalModel3.xml
6 ms. Memory: 309248K Free: 192169K (62%)
----------------- Invoking toplevel() on ptolemy.moml.MoMLSimpleApplication@210e16b0
----------------- Done invoking toplevel() on ptolemy.moml.MoMLSimpleApplication@210e16b0
reloadAllAccessors: .hierarchicalModalModel3

===========================================================================================
----------------- testing Sat Jul 27 05:10:31 UTC 2019 /home/travis/build/icyphy/ptII/ptolemy/domains/continuous/test/auto/hierarchicalModalModel4.xml
----------------- Instantiating /home/travis/build/icyphy/ptII/ptolemy/domains/continuous/test/auto/hierarchicalModalModel4.xml
6 ms. Memory: 309248K Free: 180395K (58%)
----------------- Invoking toplevel() on ptolemy.moml.MoMLSimpleApplication@535079e0
----------------- Done invoking toplevel() on ptolemy.moml.MoMLSimpleApplication@535079e0
reloadAllAccessors: .hierarchicalModalModel4

===========================================================================================
----------------- testing Sat Jul 27 05:10:31 UTC 2019 /home/travis/build/icyphy/ptII/ptolemy/domains/continuous/test/auto/junk.xml
----------------- Instantiating /home/travis/build/icyphy/ptII/ptolemy/domains/continuous/test/auto/junk.xml
150 ms. Memory: 309248K Free: 155305K (50%)
----------------- Invoking toplevel() on ptolemy.moml.MoMLSimpleApplication@1c2d8c90
----------------- Done invoking toplevel() on ptolemy.moml.MoMLSimpleApplication@1c2d8c90
reloadAllAccessors: .junk
AutoTests.java: About to close Vertx.
AutoTests.java: Vertx closed.
]]></system-out>
  <system-err><![CDATA[Warning: '.IncreasingRatePoisson.NonStrictTest' The test produced only 389 tokens, yet the correctValues parameter was expecting 402 tokens.
Warning: '.Poisson.NonStrictTest' The test produced only 386 tokens, yet the correctValues parameter was expecting 430 tokens.
]]></system-err>
</testsuite>
