<?xml version="1.0" encoding="UTF-8" ?>
<testsuite errors="0" failures="0" hostname="travis-job-d9686c12-053a-4ff2-9b9b-2775e1412522" name="ptolemy.domains.continuous.test.junit.JUnitTclTest" skipped="0" tests="156" time="71.446" timestamp="2019-01-14T03:16:05">
  <properties>
[...]
</properties>
  <testcase classname="ptolemy.util.test.junit.TclTests" name="[0] ThereAreNoTclTests (RunTclFile)" time="0.001" />
  <testcase classname="ptolemy.util.test.junit.AutoKnownFailedTests" name="[0] ThereAreNoKnowFailedTests (RunModel)" time="0.002" />
  <testcase classname="ptolemy.util.test.junit.AutoNameArchTests" name="[0] ThereAreNoAutoArchTests (RunModel)" time="0.001" />
  <testcase classname="ptolemy.util.test.junit.AutoTests" name="[0] /home/travis/build/icyphy/ptII/ptolemy/domains/continuous/test/auto/BouncingBall.xml (RunModel)" time="2.794" />
  <testcase classname="ptolemy.util.test.junit.AutoTests" name="[1] /home/travis/build/icyphy/ptII/ptolemy/domains/continuous/test/auto/BouncingBallWithoutGR.xml (RunModel)" time="0.801" />
  <testcase classname="ptolemy.util.test.junit.AutoTests" name="[2] /home/travis/build/icyphy/ptII/ptolemy/domains/continuous/test/auto/Brownian.xml (RunModel)" time="0.132" />
  <testcase classname="ptolemy.util.test.junit.AutoTests" name="[3] /home/travis/build/icyphy/ptII/ptolemy/domains/continuous/test/auto/CarTracking.xml (RunModel)" time="3.802" />
  <testcase classname="ptolemy.util.test.junit.AutoTests" name="[4] /home/travis/build/icyphy/ptII/ptolemy/domains/continuous/test/auto/CartPendulum.xml (RunModel)" time="0.552" />
  <testcase classname="ptolemy.util.test.junit.AutoTests" name="[5] /home/travis/build/icyphy/ptII/ptolemy/domains/continuous/test/auto/CausalityInterface10.xml (RunModel)" time="0.052" />
  <testcase classname="ptolemy.util.test.junit.AutoTests" name="[6] /home/travis/build/icyphy/ptII/ptolemy/domains/continuous/test/auto/CausalityInterface11.xml (RunModel)" time="0.038" />
  <testcase classname="ptolemy.util.test.junit.AutoTests" name="[7] /home/travis/build/icyphy/ptII/ptolemy/domains/continuous/test/auto/CausalityInterface12.xml (RunModel)" time="0.038" />
  <testcase classname="ptolemy.util.test.junit.AutoTests" name="[8] /home/travis/build/icyphy/ptII/ptolemy/domains/continuous/test/auto/CausalityInterface13.xml (RunModel)" time="0.034" />
  <testcase classname="ptolemy.util.test.junit.AutoTests" name="[9] /home/travis/build/icyphy/ptII/ptolemy/domains/continuous/test/auto/CausalityInterface14.xml (RunModel)" time="0.029" />
  <testcase classname="ptolemy.util.test.junit.AutoTests" name="[10] /home/travis/build/icyphy/ptII/ptolemy/domains/continuous/test/auto/CausalityInterface4.xml (RunModel)" time="0.046" />
  <testcase classname="ptolemy.util.test.junit.AutoTests" name="[11] /home/travis/build/icyphy/ptII/ptolemy/domains/continuous/test/auto/CausalityInterface5.xml (RunModel)" time="0.038" />
  <testcase classname="ptolemy.util.test.junit.AutoTests" name="[12] /home/travis/build/icyphy/ptII/ptolemy/domains/continuous/test/auto/CausalityInterface6.xml (RunModel)" time="0.026" />
  <testcase classname="ptolemy.util.test.junit.AutoTests" name="[13] /home/travis/build/icyphy/ptII/ptolemy/domains/continuous/test/auto/CausalityInterface7.xml (RunModel)" time="0.045" />
  <testcase classname="ptolemy.util.test.junit.AutoTests" name="[14] /home/travis/build/icyphy/ptII/ptolemy/domains/continuous/test/auto/CausalityInterface8.xml (RunModel)" time="0.039" />
  <testcase classname="ptolemy.util.test.junit.AutoTests" name="[15] /home/travis/build/icyphy/ptII/ptolemy/domains/continuous/test/auto/CausalityInterface9.xml (RunModel)" time="0.048" />
  <testcase classname="ptolemy.util.test.junit.AutoTests" name="[16] /home/travis/build/icyphy/ptII/ptolemy/domains/continuous/test/auto/CausalityInterfaceFeedback1.xml (RunModel)" time="0.037" />
  <testcase classname="ptolemy.util.test.junit.AutoTests" name="[17] /home/travis/build/icyphy/ptII/ptolemy/domains/continuous/test/auto/CausalityInterfaceFeedback2.xml (RunModel)" time="0.043" />
  <testcase classname="ptolemy.util.test.junit.AutoTests" name="[18] /home/travis/build/icyphy/ptII/ptolemy/domains/continuous/test/auto/CompareWithCurrentTime.xml (RunModel)" time="0.025" />
  <testcase classname="ptolemy.util.test.junit.AutoTests" name="[19] /home/travis/build/icyphy/ptII/ptolemy/domains/continuous/test/auto/ComparedClocks.xml (RunModel)" time="0.079" />
  <testcase classname="ptolemy.util.test.junit.AutoTests" name="[20] /home/travis/build/icyphy/ptII/ptolemy/domains/continuous/test/auto/ContinuousAOCClone.xml (RunModel)" time="2.617" />
  <testcase classname="ptolemy.util.test.junit.AutoTests" name="[21] /home/travis/build/icyphy/ptII/ptolemy/domains/continuous/test/auto/ContinuousClock.xml (RunModel)" time="0.106" />
  <testcase classname="ptolemy.util.test.junit.AutoTests" name="[22] /home/travis/build/icyphy/ptII/ptolemy/domains/continuous/test/auto/ContinuousInContinuous.xml (RunModel)" time="0.084" />
  <testcase classname="ptolemy.util.test.junit.AutoTests" name="[23] /home/travis/build/icyphy/ptII/ptolemy/domains/continuous/test/auto/ContinuousInContinuousInContinuous.xml (RunModel)" time="0.026" />
  <testcase classname="ptolemy.util.test.junit.AutoTests" name="[24] /home/travis/build/icyphy/ptII/ptolemy/domains/continuous/test/auto/ContinuousInDE.xml (RunModel)" time="0.128" />
  <testcase classname="ptolemy.util.test.junit.AutoTests" name="[25] /home/travis/build/icyphy/ptII/ptolemy/domains/continuous/test/auto/ContinuousInDE2.xml (RunModel)" time="0.07" />
  <testcase classname="ptolemy.util.test.junit.AutoTests" name="[26] /home/travis/build/icyphy/ptII/ptolemy/domains/continuous/test/auto/ContinuousInDE3.xml (RunModel)" time="0.069" />
  <testcase classname="ptolemy.util.test.junit.AutoTests" name="[27] /home/travis/build/icyphy/ptII/ptolemy/domains/continuous/test/auto/ContinuousInDE4.xml (RunModel)" time="0.062" />
  <testcase classname="ptolemy.util.test.junit.AutoTests" name="[28] /home/travis/build/icyphy/ptII/ptolemy/domains/continuous/test/auto/ContinuousInDEDifferentRefinements.xml (RunModel)" time="0.106" />
  <testcase classname="ptolemy.util.test.junit.AutoTests" name="[29] /home/travis/build/icyphy/ptII/ptolemy/domains/continuous/test/auto/ContinuousInDEDifferentRefinementsPreemptive.xml (RunModel)" time="0.104" />
  <testcase classname="ptolemy.util.test.junit.AutoTests" name="[30] /home/travis/build/icyphy/ptII/ptolemy/domains/continuous/test/auto/ContinuousInDEInContinuous2.xml (RunModel)" time="0.063" />
  <testcase classname="ptolemy.util.test.junit.AutoTests" name="[31] /home/travis/build/icyphy/ptII/ptolemy/domains/continuous/test/auto/ContinuousInDEInContinuous3.xml (RunModel)" time="0.061" />
  <testcase classname="ptolemy.util.test.junit.AutoTests" name="[32] /home/travis/build/icyphy/ptII/ptolemy/domains/continuous/test/auto/ContinuousInDEInput.xml (RunModel)" time="0.035" />
  <testcase classname="ptolemy.util.test.junit.AutoTests" name="[33] /home/travis/build/icyphy/ptII/ptolemy/domains/continuous/test/auto/ContinuousInDEInput2.xml (RunModel)" time="0.034" />
  <testcase classname="ptolemy.util.test.junit.AutoTests" name="[34] /home/travis/build/icyphy/ptII/ptolemy/domains/continuous/test/auto/ContinuousInDEInput3.xml (RunModel)" time="0.029" />
  <testcase classname="ptolemy.util.test.junit.AutoTests" name="[35] /home/travis/build/icyphy/ptII/ptolemy/domains/continuous/test/auto/ContinuousInDESharingRefinement.xml (RunModel)" time="0.161" />
  <testcase classname="ptolemy.util.test.junit.AutoTests" name="[36] /home/travis/build/icyphy/ptII/ptolemy/domains/continuous/test/auto/ContinuousInDEwithNoPorts.xml (RunModel)" time="0.017" />
  <testcase classname="ptolemy.util.test.junit.AutoTests" name="[37] /home/travis/build/icyphy/ptII/ptolemy/domains/continuous/test/auto/ContinuousInsideDE.xml (RunModel)" time="0.086" />
  <testcase classname="ptolemy.util.test.junit.AutoTests" name="[38] /home/travis/build/icyphy/ptII/ptolemy/domains/continuous/test/auto/ContinuousMerge1.xml (RunModel)" time="0.016" />
  <testcase classname="ptolemy.util.test.junit.AutoTests" name="[39] /home/travis/build/icyphy/ptII/ptolemy/domains/continuous/test/auto/ContinuousMerge2.xml (RunModel)" time="0.046" />
  <testcase classname="ptolemy.util.test.junit.AutoTests" name="[40] /home/travis/build/icyphy/ptII/ptolemy/domains/continuous/test/auto/ContinuousMerge3.xml (RunModel)" time="0.071" />
  <testcase classname="ptolemy.util.test.junit.AutoTests" name="[41] /home/travis/build/icyphy/ptII/ptolemy/domains/continuous/test/auto/ContinuousWithinContinuous.xml (RunModel)" time="0.065" />
  <testcase classname="ptolemy.util.test.junit.AutoTests" name="[42] /home/travis/build/icyphy/ptII/ptolemy/domains/continuous/test/auto/ContinuousWithinContinuous2.xml (RunModel)" time="0.101" />
  <testcase classname="ptolemy.util.test.junit.AutoTests" name="[43] /home/travis/build/icyphy/ptII/ptolemy/domains/continuous/test/auto/ContinuousWithinContinuous3.xml (RunModel)" time="0.035" />
  <testcase classname="ptolemy.util.test.junit.AutoTests" name="[44] /home/travis/build/icyphy/ptII/ptolemy/domains/continuous/test/auto/ContinuousWithinContinuous4.xml (RunModel)" time="0.087" />
  <testcase classname="ptolemy.util.test.junit.AutoTests" name="[45] /home/travis/build/icyphy/ptII/ptolemy/domains/continuous/test/auto/ContinuousWithinContinuous5.xml (RunModel)" time="0.034" />
  <testcase classname="ptolemy.util.test.junit.AutoTests" name="[46] /home/travis/build/icyphy/ptII/ptolemy/domains/continuous/test/auto/ContinuousWithinContinuous6.xml (RunModel)" time="0.032" />
  <testcase classname="ptolemy.util.test.junit.AutoTests" name="[47] /home/travis/build/icyphy/ptII/ptolemy/domains/continuous/test/auto/ContinuousWithinContinuous7.xml (RunModel)" time="0.076" />
  <testcase classname="ptolemy.util.test.junit.AutoTests" name="[48] /home/travis/build/icyphy/ptII/ptolemy/domains/continuous/test/auto/DCMotor.xml (RunModel)" time="12.93" />
  <testcase classname="ptolemy.util.test.junit.AutoTests" name="[49] /home/travis/build/icyphy/ptII/ptolemy/domains/continuous/test/auto/DEInContinuous.xml (RunModel)" time="0.032" />
  <testcase classname="ptolemy.util.test.junit.AutoTests" name="[50] /home/travis/build/icyphy/ptII/ptolemy/domains/continuous/test/auto/DEinContinuous2.xml (RunModel)" time="0.038" />
  <testcase classname="ptolemy.util.test.junit.AutoTests" name="[51] /home/travis/build/icyphy/ptII/ptolemy/domains/continuous/test/auto/Derivative.xml (RunModel)" time="0.187" />
  <testcase classname="ptolemy.util.test.junit.AutoTests" name="[52] /home/travis/build/icyphy/ptII/ptolemy/domains/continuous/test/auto/Derivative1.xml (RunModel)" time="0.043" />
  <testcase classname="ptolemy.util.test.junit.AutoTests" name="[53] /home/travis/build/icyphy/ptII/ptolemy/domains/continuous/test/auto/DiscreteClock.xml (RunModel)" time="0.013" />
  <testcase classname="ptolemy.util.test.junit.AutoTests" name="[54] /home/travis/build/icyphy/ptII/ptolemy/domains/continuous/test/auto/EfficiencyCurve.xml (RunModel)" time="0.072" />
  <testcase classname="ptolemy.util.test.junit.AutoTests" name="[55] /home/travis/build/icyphy/ptII/ptolemy/domains/continuous/test/auto/ExponentialResponse.xml (RunModel)" time="0.109" />
  <testcase classname="ptolemy.util.test.junit.AutoTests" name="[56] /home/travis/build/icyphy/ptII/ptolemy/domains/continuous/test/auto/ExponentialResponseRK45.xml (RunModel)" time="0.033" />
  <testcase classname="ptolemy.util.test.junit.AutoTests" name="[57] /home/travis/build/icyphy/ptII/ptolemy/domains/continuous/test/auto/Friction.xml (RunModel)" time="1.364" />
  <testcase classname="ptolemy.util.test.junit.AutoTests" name="[58] /home/travis/build/icyphy/ptII/ptolemy/domains/continuous/test/auto/FurutaPendulum.xml (RunModel)" time="3.306" />
  <testcase classname="ptolemy.util.test.junit.AutoTests" name="[59] /home/travis/build/icyphy/ptII/ptolemy/domains/continuous/test/auto/HierarchicalExecution.xml (RunModel)" time="1.842" />
  <testcase classname="ptolemy.util.test.junit.AutoTests" name="[60] /home/travis/build/icyphy/ptII/ptolemy/domains/continuous/test/auto/HybridPlant.xml (RunModel)" time="0.637" />
  <testcase classname="ptolemy.util.test.junit.AutoTests" name="[61] /home/travis/build/icyphy/ptII/ptolemy/domains/continuous/test/auto/Hysteresis.xml (RunModel)" time="0.178" />
  <testcase classname="ptolemy.util.test.junit.AutoTests" name="[62] /home/travis/build/icyphy/ptII/ptolemy/domains/continuous/test/auto/HysteresisWithRandomDelay.xml (RunModel)" time="0.197" />
  <testcase classname="ptolemy.util.test.junit.AutoTests" name="[63] /home/travis/build/icyphy/ptII/ptolemy/domains/continuous/test/auto/HysteresisWithRandomLosses.xml (RunModel)" time="2.137" />
  <testcase classname="ptolemy.util.test.junit.AutoTests" name="[64] /home/travis/build/icyphy/ptII/ptolemy/domains/continuous/test/auto/ImmediateTransitions.xml (RunModel)" time="0.039" />
  <testcase classname="ptolemy.util.test.junit.AutoTests" name="[65] /home/travis/build/icyphy/ptII/ptolemy/domains/continuous/test/auto/ImpulseFeedback.xml (RunModel)" time="0.025" />
  <testcase classname="ptolemy.util.test.junit.AutoTests" name="[66] /home/travis/build/icyphy/ptII/ptolemy/domains/continuous/test/auto/ImpulseFeedback2.xml (RunModel)" time="0.022" />
  <testcase classname="ptolemy.util.test.junit.AutoTests" name="[67] /home/travis/build/icyphy/ptII/ptolemy/domains/continuous/test/auto/IncreasingRatePoisson.xml (RunModel)" time="0.718" />
  <testcase classname="ptolemy.util.test.junit.AutoTests" name="[68] /home/travis/build/icyphy/ptII/ptolemy/domains/continuous/test/auto/InitialStateFeedback.xml (RunModel)" time="0.014" />
  <testcase classname="ptolemy.util.test.junit.AutoTests" name="[69] /home/travis/build/icyphy/ptII/ptolemy/domains/continuous/test/auto/Integration.xml (RunModel)" time="0.013" />
  <testcase classname="ptolemy.util.test.junit.AutoTests" name="[70] /home/travis/build/icyphy/ptII/ptolemy/domains/continuous/test/auto/Integration2.xml (RunModel)" time="0.086" />
  <testcase classname="ptolemy.util.test.junit.AutoTests" name="[71] /home/travis/build/icyphy/ptII/ptolemy/domains/continuous/test/auto/Integration3.xml (RunModel)" time="0.019" />
  <testcase classname="ptolemy.util.test.junit.AutoTests" name="[72] /home/travis/build/icyphy/ptII/ptolemy/domains/continuous/test/auto/Integration5.xml (RunModel)" time="0.02" />
  <testcase classname="ptolemy.util.test.junit.AutoTests" name="[73] /home/travis/build/icyphy/ptII/ptolemy/domains/continuous/test/auto/IntegratorImpulse.xml (RunModel)" time="0.014" />
  <testcase classname="ptolemy.util.test.junit.AutoTests" name="[74] /home/travis/build/icyphy/ptII/ptolemy/domains/continuous/test/auto/IntegratorImpulse2.xml (RunModel)" time="0.012" />
  <testcase classname="ptolemy.util.test.junit.AutoTests" name="[75] /home/travis/build/icyphy/ptII/ptolemy/domains/continuous/test/auto/LevelCrossing1.xml (RunModel)" time="0.026" />
  <testcase classname="ptolemy.util.test.junit.AutoTests" name="[76] /home/travis/build/icyphy/ptII/ptolemy/domains/continuous/test/auto/LevelCrossing2.xml (RunModel)" time="0.013" />
  <testcase classname="ptolemy.util.test.junit.AutoTests" name="[77] /home/travis/build/icyphy/ptII/ptolemy/domains/continuous/test/auto/LevelCrossing3.xml (RunModel)" time="0.013" />
  <testcase classname="ptolemy.util.test.junit.AutoTests" name="[78] /home/travis/build/icyphy/ptII/ptolemy/domains/continuous/test/auto/LevelCrossing4.xml (RunModel)" time="0.012" />
  <testcase classname="ptolemy.util.test.junit.AutoTests" name="[79] /home/travis/build/icyphy/ptII/ptolemy/domains/continuous/test/auto/LevelCrossing5.xml (RunModel)" time="0.012" />
  <testcase classname="ptolemy.util.test.junit.AutoTests" name="[80] /home/travis/build/icyphy/ptII/ptolemy/domains/continuous/test/auto/LevelCrossing6.xml (RunModel)" time="0.013" />
  <testcase classname="ptolemy.util.test.junit.AutoTests" name="[81] /home/travis/build/icyphy/ptII/ptolemy/domains/continuous/test/auto/LevelCrossingDetector.xml (RunModel)" time="0.061" />
  <testcase classname="ptolemy.util.test.junit.AutoTests" name="[82] /home/travis/build/icyphy/ptII/ptolemy/domains/continuous/test/auto/LevelCrossingDetectorDetectingDirections.xml (RunModel)" time="0.075" />
  <testcase classname="ptolemy.util.test.junit.AutoTests" name="[83] /home/travis/build/icyphy/ptII/ptolemy/domains/continuous/test/auto/LevelCrossingDetectorDetectsGlitches.xml (RunModel)" time="0.059" />
  <testcase classname="ptolemy.util.test.junit.AutoTests" name="[84] /home/travis/build/icyphy/ptII/ptolemy/domains/continuous/test/auto/LevelCrossingNoInitialOuput.xml (RunModel)" time="0.017" />
  <testcase classname="ptolemy.util.test.junit.AutoTests" name="[85] /home/travis/build/icyphy/ptII/ptolemy/domains/continuous/test/auto/LinearStateSpaceExample.xml (RunModel)" time="0.065" />
  <testcase classname="ptolemy.util.test.junit.AutoTests" name="[86] /home/travis/build/icyphy/ptII/ptolemy/domains/continuous/test/auto/Lorenz.xml (RunModel)" time="4.015" />
  <testcase classname="ptolemy.util.test.junit.AutoTests" name="[87] /home/travis/build/icyphy/ptII/ptolemy/domains/continuous/test/auto/LorenzDifferentialSystem.xml (RunModel)" time="1.081" />
  <testcase classname="ptolemy.util.test.junit.AutoTests" name="[88] /home/travis/build/icyphy/ptII/ptolemy/domains/continuous/test/auto/LorenzDifferentialSystemWithInput.xml (RunModel)" time="1.334" />
  <testcase classname="ptolemy.util.test.junit.AutoTests" name="[89] /home/travis/build/icyphy/ptII/ptolemy/domains/continuous/test/auto/LorenzDifferentialSystemWithTime.xml (RunModel)" time="0.707" />
  <testcase classname="ptolemy.util.test.junit.AutoTests" name="[90] /home/travis/build/icyphy/ptII/ptolemy/domains/continuous/test/auto/Microsteps.xml (RunModel)" time="0.027" />
  <testcase classname="ptolemy.util.test.junit.AutoTests" name="[91] /home/travis/build/icyphy/ptII/ptolemy/domains/continuous/test/auto/Modal1.xml (RunModel)" time="0.053" />
  <testcase classname="ptolemy.util.test.junit.AutoTests" name="[92] /home/travis/build/icyphy/ptII/ptolemy/domains/continuous/test/auto/Modal2.xml (RunModel)" time="0.048" />
  <testcase classname="ptolemy.util.test.junit.AutoTests" name="[93] /home/travis/build/icyphy/ptII/ptolemy/domains/continuous/test/auto/ModalTransitionGuardWithReset.xml (RunModel)" time="0.028" />
  <testcase classname="ptolemy.util.test.junit.AutoTests" name="[94] /home/travis/build/icyphy/ptII/ptolemy/domains/continuous/test/auto/ModalTransitionGuardWithResetUsingPreemptiveTransition.xml (RunModel)" time="0.029" />
  <testcase classname="ptolemy.util.test.junit.AutoTests" name="[95] /home/travis/build/icyphy/ptII/ptolemy/domains/continuous/test/auto/ModalTransitionGuardWithResetUsingPreemptiveTransition2.xml (RunModel)" time="0.022" />
  <testcase classname="ptolemy.util.test.junit.AutoTests" name="[96] /home/travis/build/icyphy/ptII/ptolemy/domains/continuous/test/auto/ModalTransitionGuardWithResetUsingPreemptiveTransition3.xml (RunModel)" time="0.031" />
  <testcase classname="ptolemy.util.test.junit.AutoTests" name="[97] /home/travis/build/icyphy/ptII/ptolemy/domains/continuous/test/auto/NewtonsCradle.xml (RunModel)" time="0.753" />
  <testcase classname="ptolemy.util.test.junit.AutoTests" name="[98] /home/travis/build/icyphy/ptII/ptolemy/domains/continuous/test/auto/NewtonsCradleAnimated.xml (RunModel)" time="1.067" />
  <testcase classname="ptolemy.util.test.junit.AutoTests" name="[99] /home/travis/build/icyphy/ptII/ptolemy/domains/continuous/test/auto/NewtonsCradleComplicated.xml (RunModel)" time="0.981" />
  <testcase classname="ptolemy.util.test.junit.AutoTests" name="[100] /home/travis/build/icyphy/ptII/ptolemy/domains/continuous/test/auto/NewtonsCradleNondeterministic.xml (RunModel)" time="0.632" />
  <testcase classname="ptolemy.util.test.junit.AutoTests" name="[101] /home/travis/build/icyphy/ptII/ptolemy/domains/continuous/test/auto/NewtonsCradlePerfectlyInelastic1.xml (RunModel)" time="1.188" />
  <testcase classname="ptolemy.util.test.junit.AutoTests" name="[102] /home/travis/build/icyphy/ptII/ptolemy/domains/continuous/test/auto/Noise.xml (RunModel)" time="0.162" />
  <testcase classname="ptolemy.util.test.junit.AutoTests" name="[103] /home/travis/build/icyphy/ptII/ptolemy/domains/continuous/test/auto/NoiseSpectrum.xml (RunModel)" time="0.759" />
  <testcase classname="ptolemy.util.test.junit.AutoTests" name="[104] /home/travis/build/icyphy/ptII/ptolemy/domains/continuous/test/auto/ParameterizedNewtonsCradleAnimated.xml (RunModel)" time="0.313" />
  <testcase classname="ptolemy.util.test.junit.AutoTests" name="[105] /home/travis/build/icyphy/ptII/ptolemy/domains/continuous/test/auto/ParameterizedNewtonsCradleAnimatedNondeterministic.xml (RunModel)" time="1.114" />
  <testcase classname="ptolemy.util.test.junit.AutoTests" name="[106] /home/travis/build/icyphy/ptII/ptolemy/domains/continuous/test/auto/Pendulum3D.xml (RunModel)" time="0.17" />
  <testcase classname="ptolemy.util.test.junit.AutoTests" name="[107] /home/travis/build/icyphy/ptII/ptolemy/domains/continuous/test/auto/PeriodicSampler.xml (RunModel)" time="0.01" />
  <testcase classname="ptolemy.util.test.junit.AutoTests" name="[108] /home/travis/build/icyphy/ptII/ptolemy/domains/continuous/test/auto/PeriodicSampler1.xml (RunModel)" time="0.038" />
  <testcase classname="ptolemy.util.test.junit.AutoTests" name="[109] /home/travis/build/icyphy/ptII/ptolemy/domains/continuous/test/auto/PeriodicSampler2.xml (RunModel)" time="0.062" />
  <testcase classname="ptolemy.util.test.junit.AutoTests" name="[110] /home/travis/build/icyphy/ptII/ptolemy/domains/continuous/test/auto/Poisson.xml (RunModel)" time="0.456" />
  <testcase classname="ptolemy.util.test.junit.AutoTests" name="[111] /home/travis/build/icyphy/ptII/ptolemy/domains/continuous/test/auto/PoissonClock.xml (RunModel)" time="0.012" />
  <testcase classname="ptolemy.util.test.junit.AutoTests" name="[112] /home/travis/build/icyphy/ptII/ptolemy/domains/continuous/test/auto/PoissonClock2.xml (RunModel)" time="0.014" />
  <testcase classname="ptolemy.util.test.junit.AutoTests" name="[113] /home/travis/build/icyphy/ptII/ptolemy/domains/continuous/test/auto/PortParameterHierarchy.xml (RunModel)" time="0.016" />
  <testcase classname="ptolemy.util.test.junit.AutoTests" name="[114] /home/travis/build/icyphy/ptII/ptolemy/domains/continuous/test/auto/RandomHybridPlant.xml (RunModel)" time="0.503" />
  <testcase classname="ptolemy.util.test.junit.AutoTests" name="[115] /home/travis/build/icyphy/ptII/ptolemy/domains/continuous/test/auto/ResetTransitionWithStartTime1.xml (RunModel)" time="0.025" />
  <testcase classname="ptolemy.util.test.junit.AutoTests" name="[116] /home/travis/build/icyphy/ptII/ptolemy/domains/continuous/test/auto/ResetTransitionWithStartTime2.xml (RunModel)" time="0.044" />
  <testcase classname="ptolemy.util.test.junit.AutoTests" name="[117] /home/travis/build/icyphy/ptII/ptolemy/domains/continuous/test/auto/ResetTransitionWithStartTime3.xml (RunModel)" time="0.04" />
  <testcase classname="ptolemy.util.test.junit.AutoTests" name="[118] /home/travis/build/icyphy/ptII/ptolemy/domains/continuous/test/auto/ResetTransitionWithStartTime4.xml (RunModel)" time="0.027" />
  <testcase classname="ptolemy.util.test.junit.AutoTests" name="[119] /home/travis/build/icyphy/ptII/ptolemy/domains/continuous/test/auto/ResetTransitionWithStartTime5.xml (RunModel)" time="0.046" />
  <testcase classname="ptolemy.util.test.junit.AutoTests" name="[120] /home/travis/build/icyphy/ptII/ptolemy/domains/continuous/test/auto/ResetTransitionWithStartTime6.xml (RunModel)" time="0.034" />
  <testcase classname="ptolemy.util.test.junit.AutoTests" name="[121] /home/travis/build/icyphy/ptII/ptolemy/domains/continuous/test/auto/SRinContinuous.xml (RunModel)" time="0.029" />
  <testcase classname="ptolemy.util.test.junit.AutoTests" name="[122] /home/travis/build/icyphy/ptII/ptolemy/domains/continuous/test/auto/SampledClocks.xml (RunModel)" time="0.026" />
  <testcase classname="ptolemy.util.test.junit.AutoTests" name="[123] /home/travis/build/icyphy/ptII/ptolemy/domains/continuous/test/auto/Satellite.xml (RunModel)" time="0.827" />
  <testcase classname="ptolemy.util.test.junit.AutoTests" name="[124] /home/travis/build/icyphy/ptII/ptolemy/domains/continuous/test/auto/SigmaDelta.xml (RunModel)" time="2.394" />
  <testcase classname="ptolemy.util.test.junit.AutoTests" name="[125] /home/travis/build/icyphy/ptII/ptolemy/domains/continuous/test/auto/SingleRefinement.xml (RunModel)" time="0.51" />
  <testcase classname="ptolemy.util.test.junit.AutoTests" name="[126] /home/travis/build/icyphy/ptII/ptolemy/domains/continuous/test/auto/SinuBouncingBall.xml (RunModel)" time="0.834" />
  <testcase classname="ptolemy.util.test.junit.AutoTests" name="[127] /home/travis/build/icyphy/ptII/ptolemy/domains/continuous/test/auto/Sinusoid.xml (RunModel)" time="0.013" />
  <testcase classname="ptolemy.util.test.junit.AutoTests" name="[128] /home/travis/build/icyphy/ptII/ptolemy/domains/continuous/test/auto/SinusoidInNoise.xml (RunModel)" time="1.006" />
  <testcase classname="ptolemy.util.test.junit.AutoTests" name="[129] /home/travis/build/icyphy/ptII/ptolemy/domains/continuous/test/auto/SinusoidRK45.xml (RunModel)" time="0.009" />
  <testcase classname="ptolemy.util.test.junit.AutoTests" name="[130] /home/travis/build/icyphy/ptII/ptolemy/domains/continuous/test/auto/SinusoidWithMultipleImpulses.xml (RunModel)" time="0.011" />
  <testcase classname="ptolemy.util.test.junit.AutoTests" name="[131] /home/travis/build/icyphy/ptII/ptolemy/domains/continuous/test/auto/SquareWave.xml (RunModel)" time="0.181" />
  <testcase classname="ptolemy.util.test.junit.AutoTests" name="[132] /home/travis/build/icyphy/ptII/ptolemy/domains/continuous/test/auto/Starmac.xml (RunModel)" time="3.371" />
  <testcase classname="ptolemy.util.test.junit.AutoTests" name="[133] /home/travis/build/icyphy/ptII/ptolemy/domains/continuous/test/auto/StaticUnits.xml (RunModel)" time="2.377" />
  <testcase classname="ptolemy.util.test.junit.AutoTests" name="[134] /home/travis/build/icyphy/ptII/ptolemy/domains/continuous/test/auto/StickyMasses.xml (RunModel)" time="0.187" />
  <testcase classname="ptolemy.util.test.junit.AutoTests" name="[135] /home/travis/build/icyphy/ptII/ptolemy/domains/continuous/test/auto/StopTime.xml (RunModel)" time="0.083" />
  <testcase classname="ptolemy.util.test.junit.AutoTests" name="[136] /home/travis/build/icyphy/ptII/ptolemy/domains/continuous/test/auto/StopTime2.xml (RunModel)" time="0.148" />
  <testcase classname="ptolemy.util.test.junit.AutoTests" name="[137] /home/travis/build/icyphy/ptII/ptolemy/domains/continuous/test/auto/Switch.xml (RunModel)" time="0.061" />
  <testcase classname="ptolemy.util.test.junit.AutoTests" name="[138] /home/travis/build/icyphy/ptII/ptolemy/domains/continuous/test/auto/Thermostat.xml (RunModel)" time="0.191" />
  <testcase classname="ptolemy.util.test.junit.AutoTests" name="[139] /home/travis/build/icyphy/ptII/ptolemy/domains/continuous/test/auto/TimeDelay.xml (RunModel)" time="0.014" />
  <testcase classname="ptolemy.util.test.junit.AutoTests" name="[140] /home/travis/build/icyphy/ptII/ptolemy/domains/continuous/test/auto/TimeDelay2.xml (RunModel)" time="0.035" />
  <testcase classname="ptolemy.util.test.junit.AutoTests" name="[141] /home/travis/build/icyphy/ptII/ptolemy/domains/continuous/test/auto/TimeDelay3.xml (RunModel)" time="0.016" />
  <testcase classname="ptolemy.util.test.junit.AutoTests" name="[142] /home/travis/build/icyphy/ptII/ptolemy/domains/continuous/test/auto/TransferAbsentToInside.xml (RunModel)" time="0.097" />
  <testcase classname="ptolemy.util.test.junit.AutoTests" name="[143] /home/travis/build/icyphy/ptII/ptolemy/domains/continuous/test/auto/Transmission.xml (RunModel)" time="0.689" />
  <testcase classname="ptolemy.util.test.junit.AutoTests" name="[144] /home/travis/build/icyphy/ptII/ptolemy/domains/continuous/test/auto/TriggeredContinuousClock.xml (RunModel)" time="0.06" />
  <testcase classname="ptolemy.util.test.junit.AutoTests" name="[145] /home/travis/build/icyphy/ptII/ptolemy/domains/continuous/test/auto/TwoMachineInfiniteBusControl.xml (RunModel)" time="2.914" />
  <testcase classname="ptolemy.util.test.junit.AutoTests" name="[146] /home/travis/build/icyphy/ptII/ptolemy/domains/continuous/test/auto/V2V.xml (RunModel)" time="0.809" />
  <testcase classname="ptolemy.util.test.junit.AutoTests" name="[147] /home/travis/build/icyphy/ptII/ptolemy/domains/continuous/test/auto/hierarchicalModalModel.xml (RunModel)" time="0.031" />
  <testcase classname="ptolemy.util.test.junit.AutoTests" name="[148] /home/travis/build/icyphy/ptII/ptolemy/domains/continuous/test/auto/hierarchicalModalModel1.xml (RunModel)" time="0.029" />
  <testcase classname="ptolemy.util.test.junit.AutoTests" name="[149] /home/travis/build/icyphy/ptII/ptolemy/domains/continuous/test/auto/hierarchicalModalModel2.xml (RunModel)" time="0.027" />
  <testcase classname="ptolemy.util.test.junit.AutoTests" name="[150] /home/travis/build/icyphy/ptII/ptolemy/domains/continuous/test/auto/hierarchicalModalModel3.xml (RunModel)" time="0.028" />
  <testcase classname="ptolemy.util.test.junit.AutoTests" name="[151] /home/travis/build/icyphy/ptII/ptolemy/domains/continuous/test/auto/hierarchicalModalModel4.xml (RunModel)" time="0.027" />
  <testcase classname="ptolemy.util.test.junit.AutoTests" name="[152] /home/travis/build/icyphy/ptII/ptolemy/domains/continuous/test/auto/junk.xml (RunModel)" time="0.155" />
  <system-out><![CDATA[No tcl tests in /home/travis/build/icyphy/ptII/ptolemy/domains/continuous/test
No auto/knownFailedTests/*.xml tests in /home/travis/build/icyphy/ptII/ptolemy/domains/continuous/test
No auto/linux-amd64/*.xml tests in /home/travis/build/icyphy/ptII/ptolemy/domains/continuous/test
AutoTests.java: About to close Vertx.
AutoTests.java: Vertx closed.

===========================================================================================
----------------- testing Mon Jan 14 03:16:06 UTC 2019 /home/travis/build/icyphy/ptII/ptolemy/domains/continuous/test/auto/BouncingBall.xml
----------------- Instantiating /home/travis/build/icyphy/ptII/ptolemy/domains/continuous/test/auto/BouncingBall.xml
2329 ms. Memory: 332288K Free: 318211K (96%)
----------------- Invoking toplevel() on ptolemy.moml.MoMLSimpleApplication@206eae6a
----------------- Done invoking toplevel() on ptolemy.moml.MoMLSimpleApplication@206eae6a
reloadAllAccessors: .BouncingBall

===========================================================================================
----------------- testing Mon Jan 14 03:16:09 UTC 2019 /home/travis/build/icyphy/ptII/ptolemy/domains/continuous/test/auto/BouncingBallWithoutGR.xml
----------------- Instantiating /home/travis/build/icyphy/ptII/ptolemy/domains/continuous/test/auto/BouncingBallWithoutGR.xml
728 ms. Memory: 332288K Free: 133187K (40%)
----------------- Invoking toplevel() on ptolemy.moml.MoMLSimpleApplication@7df11ca3
----------------- Done invoking toplevel() on ptolemy.moml.MoMLSimpleApplication@7df11ca3
reloadAllAccessors: .BouncingBallWithoutGR

===========================================================================================
----------------- testing Mon Jan 14 03:16:10 UTC 2019 /home/travis/build/icyphy/ptII/ptolemy/domains/continuous/test/auto/Brownian.xml
----------------- Instantiating /home/travis/build/icyphy/ptII/ptolemy/domains/continuous/test/auto/Brownian.xml
38 ms. Memory: 332288K Free: 120924K (36%)
----------------- Invoking toplevel() on ptolemy.moml.MoMLSimpleApplication@4d7d0ef9
----------------- Done invoking toplevel() on ptolemy.moml.MoMLSimpleApplication@4d7d0ef9
reloadAllAccessors: .Brownian

===========================================================================================
----------------- testing Mon Jan 14 03:16:10 UTC 2019 /home/travis/build/icyphy/ptII/ptolemy/domains/continuous/test/auto/CarTracking.xml
----------------- Instantiating /home/travis/build/icyphy/ptII/ptolemy/domains/continuous/test/auto/CarTracking.xml
3358 ms. Memory: 479744K Free: 321760K (67%)
----------------- Invoking toplevel() on ptolemy.moml.MoMLSimpleApplication@2e089ef0
----------------- Done invoking toplevel() on ptolemy.moml.MoMLSimpleApplication@2e089ef0
reloadAllAccessors: .CarTracking

===========================================================================================
----------------- testing Mon Jan 14 03:16:13 UTC 2019 /home/travis/build/icyphy/ptII/ptolemy/domains/continuous/test/auto/CartPendulum.xml
----------------- Instantiating /home/travis/build/icyphy/ptII/ptolemy/domains/continuous/test/auto/CartPendulum.xml
395 ms. Memory: 479744K Free: 216131K (45%)
----------------- Invoking toplevel() on ptolemy.moml.MoMLSimpleApplication@580885cc
----------------- Done invoking toplevel() on ptolemy.moml.MoMLSimpleApplication@580885cc
reloadAllAccessors: .CartPendulum

===========================================================================================
----------------- testing Mon Jan 14 03:16:14 UTC 2019 /home/travis/build/icyphy/ptII/ptolemy/domains/continuous/test/auto/CausalityInterface10.xml
----------------- Instantiating /home/travis/build/icyphy/ptII/ptolemy/domains/continuous/test/auto/CausalityInterface10.xml
11 ms. Memory: 479744K Free: 203009K (42%)
----------------- Invoking toplevel() on ptolemy.moml.MoMLSimpleApplication@7aac5c8a
----------------- Done invoking toplevel() on ptolemy.moml.MoMLSimpleApplication@7aac5c8a
reloadAllAccessors: .CausalityInterface10

===========================================================================================
----------------- testing Mon Jan 14 03:16:14 UTC 2019 /home/travis/build/icyphy/ptII/ptolemy/domains/continuous/test/auto/CausalityInterface11.xml
----------------- Instantiating /home/travis/build/icyphy/ptII/ptolemy/domains/continuous/test/auto/CausalityInterface11.xml
10 ms. Memory: 479744K Free: 195138K (41%)
----------------- Invoking toplevel() on ptolemy.moml.MoMLSimpleApplication@53653741
----------------- Done invoking toplevel() on ptolemy.moml.MoMLSimpleApplication@53653741
reloadAllAccessors: .CausalityInterface11

===========================================================================================
----------------- testing Mon Jan 14 03:16:14 UTC 2019 /home/travis/build/icyphy/ptII/ptolemy/domains/continuous/test/auto/CausalityInterface12.xml
----------------- Instantiating /home/travis/build/icyphy/ptII/ptolemy/domains/continuous/test/auto/CausalityInterface12.xml
15 ms. Memory: 479744K Free: 184618K (38%)
----------------- Invoking toplevel() on ptolemy.moml.MoMLSimpleApplication@5d8de8f1
----------------- Done invoking toplevel() on ptolemy.moml.MoMLSimpleApplication@5d8de8f1
reloadAllAccessors: .CausalityInterface12

===========================================================================================
----------------- testing Mon Jan 14 03:16:14 UTC 2019 /home/travis/build/icyphy/ptII/ptolemy/domains/continuous/test/auto/CausalityInterface13.xml
----------------- Instantiating /home/travis/build/icyphy/ptII/ptolemy/domains/continuous/test/auto/CausalityInterface13.xml
4 ms. Memory: 479744K Free: 174130K (36%)
----------------- Invoking toplevel() on ptolemy.moml.MoMLSimpleApplication@6664cd51
----------------- Done invoking toplevel() on ptolemy.moml.MoMLSimpleApplication@6664cd51
reloadAllAccessors: .CausalityInterface13

===========================================================================================
----------------- testing Mon Jan 14 03:16:14 UTC 2019 /home/travis/build/icyphy/ptII/ptolemy/domains/continuous/test/auto/CausalityInterface14.xml
----------------- Instantiating /home/travis/build/icyphy/ptII/ptolemy/domains/continuous/test/auto/CausalityInterface14.xml
3 ms. Memory: 479744K Free: 162346K (34%)
----------------- Invoking toplevel() on ptolemy.moml.MoMLSimpleApplication@3ba70446
----------------- Done invoking toplevel() on ptolemy.moml.MoMLSimpleApplication@3ba70446
reloadAllAccessors: .CausalityInterface14

===========================================================================================
----------------- testing Mon Jan 14 03:16:14 UTC 2019 /home/travis/build/icyphy/ptII/ptolemy/domains/continuous/test/auto/CausalityInterface4.xml
----------------- Instantiating /home/travis/build/icyphy/ptII/ptolemy/domains/continuous/test/auto/CausalityInterface4.xml
3 ms. Memory: 479744K Free: 151858K (32%)
----------------- Invoking toplevel() on ptolemy.moml.MoMLSimpleApplication@669d3499
----------------- Done invoking toplevel() on ptolemy.moml.MoMLSimpleApplication@669d3499
reloadAllAccessors: .CausalityInterface4

===========================================================================================
----------------- testing Mon Jan 14 03:16:14 UTC 2019 /home/travis/build/icyphy/ptII/ptolemy/domains/continuous/test/auto/CausalityInterface5.xml
----------------- Instantiating /home/travis/build/icyphy/ptII/ptolemy/domains/continuous/test/auto/CausalityInterface5.xml
4 ms. Memory: 479744K Free: 141378K (29%)
----------------- Invoking toplevel() on ptolemy.moml.MoMLSimpleApplication@3381779a
----------------- Done invoking toplevel() on ptolemy.moml.MoMLSimpleApplication@3381779a
reloadAllAccessors: .CausalityInterface5

===========================================================================================
----------------- testing Mon Jan 14 03:16:14 UTC 2019 /home/travis/build/icyphy/ptII/ptolemy/domains/continuous/test/auto/CausalityInterface6.xml
----------------- Instantiating /home/travis/build/icyphy/ptII/ptolemy/domains/continuous/test/auto/CausalityInterface6.xml
10 ms. Memory: 479744K Free: 133508K (28%)
----------------- Invoking toplevel() on ptolemy.moml.MoMLSimpleApplication@1745fb0
----------------- Done invoking toplevel() on ptolemy.moml.MoMLSimpleApplication@1745fb0
reloadAllAccessors: .CausalityInterface6

===========================================================================================
----------------- testing Mon Jan 14 03:16:14 UTC 2019 /home/travis/build/icyphy/ptII/ptolemy/domains/continuous/test/auto/CausalityInterface7.xml
----------------- Instantiating /home/travis/build/icyphy/ptII/ptolemy/domains/continuous/test/auto/CausalityInterface7.xml
13 ms. Memory: 479744K Free: 120401K (25%)
----------------- Invoking toplevel() on ptolemy.moml.MoMLSimpleApplication@18ab0f5
----------------- Done invoking toplevel() on ptolemy.moml.MoMLSimpleApplication@18ab0f5
reloadAllAccessors: .CausalityInterface7

===========================================================================================
----------------- testing Mon Jan 14 03:16:14 UTC 2019 /home/travis/build/icyphy/ptII/ptolemy/domains/continuous/test/auto/CausalityInterface8.xml
----------------- Instantiating /home/travis/build/icyphy/ptII/ptolemy/domains/continuous/test/auto/CausalityInterface8.xml
5 ms. Memory: 479744K Free: 103373K (22%)
----------------- Invoking toplevel() on ptolemy.moml.MoMLSimpleApplication@379dc059
----------------- Done invoking toplevel() on ptolemy.moml.MoMLSimpleApplication@379dc059
reloadAllAccessors: .CausalityInterface8

===========================================================================================
----------------- testing Mon Jan 14 03:16:14 UTC 2019 /home/travis/build/icyphy/ptII/ptolemy/domains/continuous/test/auto/CausalityInterface9.xml
----------------- Instantiating /home/travis/build/icyphy/ptII/ptolemy/domains/continuous/test/auto/CausalityInterface9.xml
8 ms. Memory: 479744K Free: 87633K (18%)
----------------- Invoking toplevel() on ptolemy.moml.MoMLSimpleApplication@6465246
----------------- Done invoking toplevel() on ptolemy.moml.MoMLSimpleApplication@6465246
reloadAllAccessors: .CausalityInterface9

===========================================================================================
----------------- testing Mon Jan 14 03:16:14 UTC 2019 /home/travis/build/icyphy/ptII/ptolemy/domains/continuous/test/auto/CausalityInterfaceFeedback1.xml
----------------- Instantiating /home/travis/build/icyphy/ptII/ptolemy/domains/continuous/test/auto/CausalityInterfaceFeedback1.xml
10 ms. Memory: 456192K Free: 446275K (98%)
----------------- Invoking toplevel() on ptolemy.moml.MoMLSimpleApplication@75f15eb2
----------------- Done invoking toplevel() on ptolemy.moml.MoMLSimpleApplication@75f15eb2
reloadAllAccessors: .CausalityInterfaceFeedback1

===========================================================================================
----------------- testing Mon Jan 14 03:16:15 UTC 2019 /home/travis/build/icyphy/ptII/ptolemy/domains/continuous/test/auto/CausalityInterfaceFeedback2.xml
----------------- Instantiating /home/travis/build/icyphy/ptII/ptolemy/domains/continuous/test/auto/CausalityInterfaceFeedback2.xml
11 ms. Memory: 456192K Free: 432451K (95%)
----------------- Invoking toplevel() on ptolemy.moml.MoMLSimpleApplication@3164eb5d
----------------- Done invoking toplevel() on ptolemy.moml.MoMLSimpleApplication@3164eb5d
reloadAllAccessors: .CausalityInterfaceFeedback2

===========================================================================================
----------------- testing Mon Jan 14 03:16:15 UTC 2019 /home/travis/build/icyphy/ptII/ptolemy/domains/continuous/test/auto/CompareWithCurrentTime.xml
----------------- Instantiating /home/travis/build/icyphy/ptII/ptolemy/domains/continuous/test/auto/CompareWithCurrentTime.xml
3 ms. Memory: 456192K Free: 424939K (93%)
----------------- Invoking toplevel() on ptolemy.moml.MoMLSimpleApplication@13e58ec5
----------------- Done invoking toplevel() on ptolemy.moml.MoMLSimpleApplication@13e58ec5
reloadAllAccessors: .CompareWithCurrentTime

===========================================================================================
----------------- testing Mon Jan 14 03:16:15 UTC 2019 /home/travis/build/icyphy/ptII/ptolemy/domains/continuous/test/auto/ComparedClocks.xml
----------------- Instantiating /home/travis/build/icyphy/ptII/ptolemy/domains/continuous/test/auto/ComparedClocks.xml
6 ms. Memory: 456192K Free: 404886K (89%)
----------------- Invoking toplevel() on ptolemy.moml.MoMLSimpleApplication@2ef1e0a3
----------------- Done invoking toplevel() on ptolemy.moml.MoMLSimpleApplication@2ef1e0a3
reloadAllAccessors: .ComparedClocks

===========================================================================================
----------------- testing Mon Jan 14 03:16:15 UTC 2019 /home/travis/build/icyphy/ptII/ptolemy/domains/continuous/test/auto/ContinuousAOCClone.xml
----------------- Instantiating /home/travis/build/icyphy/ptII/ptolemy/domains/continuous/test/auto/ContinuousAOCClone.xml
2395 ms. Memory: 444416K Free: 246985K (56%)
----------------- Invoking toplevel() on ptolemy.moml.MoMLSimpleApplication@2c17e46b
----------------- Done invoking toplevel() on ptolemy.moml.MoMLSimpleApplication@2c17e46b
reloadAllAccessors: .ContinuousAOCClone

===========================================================================================
----------------- testing Mon Jan 14 03:16:17 UTC 2019 /home/travis/build/icyphy/ptII/ptolemy/domains/continuous/test/auto/ContinuousClock.xml
----------------- Instantiating /home/travis/build/icyphy/ptII/ptolemy/domains/continuous/test/auto/ContinuousClock.xml
31 ms. Memory: 444416K Free: 220278K (50%)
----------------- Invoking toplevel() on ptolemy.moml.MoMLSimpleApplication@5dcac1bc
----------------- Done invoking toplevel() on ptolemy.moml.MoMLSimpleApplication@5dcac1bc
reloadAllAccessors: .ContinuousClock

===========================================================================================
----------------- testing Mon Jan 14 03:16:17 UTC 2019 /home/travis/build/icyphy/ptII/ptolemy/domains/continuous/test/auto/ContinuousInContinuous.xml
----------------- Instantiating /home/travis/build/icyphy/ptII/ptolemy/domains/continuous/test/auto/ContinuousInContinuous.xml
32 ms. Memory: 444416K Free: 191721K (43%)
----------------- Invoking toplevel() on ptolemy.moml.MoMLSimpleApplication@44fd5b3a
----------------- Done invoking toplevel() on ptolemy.moml.MoMLSimpleApplication@44fd5b3a
reloadAllAccessors: .ContinuousInContinuous

===========================================================================================
----------------- testing Mon Jan 14 03:16:17 UTC 2019 /home/travis/build/icyphy/ptII/ptolemy/domains/continuous/test/auto/ContinuousInContinuousInContinuous.xml
----------------- Instantiating /home/travis/build/icyphy/ptII/ptolemy/domains/continuous/test/auto/ContinuousInContinuousInContinuous.xml
11 ms. Memory: 444416K Free: 182757K (41%)
----------------- Invoking toplevel() on ptolemy.moml.MoMLSimpleApplication@1f4585f9
----------------- Done invoking toplevel() on ptolemy.moml.MoMLSimpleApplication@1f4585f9
reloadAllAccessors: .ContinuousInContinuousInContinuous

===========================================================================================
----------------- testing Mon Jan 14 03:16:18 UTC 2019 /home/travis/build/icyphy/ptII/ptolemy/domains/continuous/test/auto/ContinuousInDE.xml
----------------- Instantiating /home/travis/build/icyphy/ptII/ptolemy/domains/continuous/test/auto/ContinuousInDE.xml
108 ms. Memory: 444416K Free: 168644K (38%)
----------------- Invoking toplevel() on ptolemy.moml.MoMLSimpleApplication@31d9fca9
----------------- Done invoking toplevel() on ptolemy.moml.MoMLSimpleApplication@31d9fca9
reloadAllAccessors: .ContinuousInDE

===========================================================================================
----------------- testing Mon Jan 14 03:16:18 UTC 2019 /home/travis/build/icyphy/ptII/ptolemy/domains/continuous/test/auto/ContinuousInDE2.xml
----------------- Instantiating /home/travis/build/icyphy/ptII/ptolemy/domains/continuous/test/auto/ContinuousInDE2.xml
47 ms. Memory: 444416K Free: 156102K (35%)
----------------- Invoking toplevel() on ptolemy.moml.MoMLSimpleApplication@7120957e
----------------- Done invoking toplevel() on ptolemy.moml.MoMLSimpleApplication@7120957e
reloadAllAccessors: .ContinuousInDE2

===========================================================================================
----------------- testing Mon Jan 14 03:16:18 UTC 2019 /home/travis/build/icyphy/ptII/ptolemy/domains/continuous/test/auto/ContinuousInDE3.xml
----------------- Instantiating /home/travis/build/icyphy/ptII/ptolemy/domains/continuous/test/auto/ContinuousInDE3.xml
43 ms. Memory: 444416K Free: 141997K (32%)
----------------- Invoking toplevel() on ptolemy.moml.MoMLSimpleApplication@4d96cdc9
----------------- Done invoking toplevel() on ptolemy.moml.MoMLSimpleApplication@4d96cdc9
reloadAllAccessors: .ContinuousInDE3

===========================================================================================
----------------- testing Mon Jan 14 03:16:18 UTC 2019 /home/travis/build/icyphy/ptII/ptolemy/domains/continuous/test/auto/ContinuousInDE4.xml
----------------- Instantiating /home/travis/build/icyphy/ptII/ptolemy/domains/continuous/test/auto/ContinuousInDE4.xml
29 ms. Memory: 444416K Free: 133033K (30%)
----------------- Invoking toplevel() on ptolemy.moml.MoMLSimpleApplication@1b91222d
----------------- Done invoking toplevel() on ptolemy.moml.MoMLSimpleApplication@1b91222d
reloadAllAccessors: .ContinuousInDE4

===========================================================================================
----------------- testing Mon Jan 14 03:16:18 UTC 2019 /home/travis/build/icyphy/ptII/ptolemy/domains/continuous/test/auto/ContinuousInDEDifferentRefinements.xml
----------------- Instantiating /home/travis/build/icyphy/ptII/ptolemy/domains/continuous/test/auto/ContinuousInDEDifferentRefinements.xml
56 ms. Memory: 444416K Free: 97335K (22%)
----------------- Invoking toplevel() on ptolemy.moml.MoMLSimpleApplication@59a1f548
----------------- Done invoking toplevel() on ptolemy.moml.MoMLSimpleApplication@59a1f548
reloadAllAccessors: .ContinuousInDEDifferentRefinements

===========================================================================================
----------------- testing Mon Jan 14 03:16:18 UTC 2019 /home/travis/build/icyphy/ptII/ptolemy/domains/continuous/test/auto/ContinuousInDEDifferentRefinementsPreemptive.xml
----------------- Instantiating /home/travis/build/icyphy/ptII/ptolemy/domains/continuous/test/auto/ContinuousInDEDifferentRefinementsPreemptive.xml
57 ms. Memory: 423424K Free: 399993K (94%)
----------------- Invoking toplevel() on ptolemy.moml.MoMLSimpleApplication@19519337
----------------- Done invoking toplevel() on ptolemy.moml.MoMLSimpleApplication@19519337
reloadAllAccessors: .ContinuousInDEDifferentRefinementsPreemptive

===========================================================================================
----------------- testing Mon Jan 14 03:16:18 UTC 2019 /home/travis/build/icyphy/ptII/ptolemy/domains/continuous/test/auto/ContinuousInDEInContinuous2.xml
----------------- Instantiating /home/travis/build/icyphy/ptII/ptolemy/domains/continuous/test/auto/ContinuousInDEInContinuous2.xml
40 ms. Memory: 423424K Free: 384288K (91%)
----------------- Invoking toplevel() on ptolemy.moml.MoMLSimpleApplication@24a7f169
----------------- Done invoking toplevel() on ptolemy.moml.MoMLSimpleApplication@24a7f169
reloadAllAccessors: .ContinuousInDEInContinuous2

===========================================================================================
----------------- testing Mon Jan 14 03:16:18 UTC 2019 /home/travis/build/icyphy/ptII/ptolemy/domains/continuous/test/auto/ContinuousInDEInContinuous3.xml
----------------- Instantiating /home/travis/build/icyphy/ptII/ptolemy/domains/continuous/test/auto/ContinuousInDEInContinuous3.xml
35 ms. Memory: 423424K Free: 367875K (87%)
----------------- Invoking toplevel() on ptolemy.moml.MoMLSimpleApplication@62896e39
----------------- Done invoking toplevel() on ptolemy.moml.MoMLSimpleApplication@62896e39
reloadAllAccessors: .ContinuousInDEInContinuous3

===========================================================================================
----------------- testing Mon Jan 14 03:16:18 UTC 2019 /home/travis/build/icyphy/ptII/ptolemy/domains/continuous/test/auto/ContinuousInDEInput.xml
----------------- Instantiating /home/travis/build/icyphy/ptII/ptolemy/domains/continuous/test/auto/ContinuousInDEInput.xml
15 ms. Memory: 423424K Free: 358300K (85%)
----------------- Invoking toplevel() on ptolemy.moml.MoMLSimpleApplication@72740e9c
----------------- Done invoking toplevel() on ptolemy.moml.MoMLSimpleApplication@72740e9c
reloadAllAccessors: .ContinuousInDEInput

===========================================================================================
----------------- testing Mon Jan 14 03:16:18 UTC 2019 /home/travis/build/icyphy/ptII/ptolemy/domains/continuous/test/auto/ContinuousInDEInput2.xml
----------------- Instantiating /home/travis/build/icyphy/ptII/ptolemy/domains/continuous/test/auto/ContinuousInDEInput2.xml
17 ms. Memory: 423424K Free: 347002K (82%)
----------------- Invoking toplevel() on ptolemy.moml.MoMLSimpleApplication@30656433
----------------- Done invoking toplevel() on ptolemy.moml.MoMLSimpleApplication@30656433
reloadAllAccessors: .ContinuousInDEInput2

===========================================================================================
----------------- testing Mon Jan 14 03:16:18 UTC 2019 /home/travis/build/icyphy/ptII/ptolemy/domains/continuous/test/auto/ContinuousInDEInput3.xml
----------------- Instantiating /home/travis/build/icyphy/ptII/ptolemy/domains/continuous/test/auto/ContinuousInDEInput3.xml
13 ms. Memory: 423424K Free: 338433K (80%)
----------------- Invoking toplevel() on ptolemy.moml.MoMLSimpleApplication@1ec0bb05
----------------- Done invoking toplevel() on ptolemy.moml.MoMLSimpleApplication@1ec0bb05
reloadAllAccessors: .ContinuousInDEInput3

===========================================================================================
----------------- testing Mon Jan 14 03:16:18 UTC 2019 /home/travis/build/icyphy/ptII/ptolemy/domains/continuous/test/auto/ContinuousInDESharingRefinement.xml
----------------- Instantiating /home/travis/build/icyphy/ptII/ptolemy/domains/continuous/test/auto/ContinuousInDESharingRefinement.xml
130 ms. Memory: 423424K Free: 239562K (57%)
----------------- Invoking toplevel() on ptolemy.moml.MoMLSimpleApplication@5f314306
----------------- Done invoking toplevel() on ptolemy.moml.MoMLSimpleApplication@5f314306
reloadAllAccessors: .ContinuousInDESharingRefinement

===========================================================================================
----------------- testing Mon Jan 14 03:16:18 UTC 2019 /home/travis/build/icyphy/ptII/ptolemy/domains/continuous/test/auto/ContinuousInDEwithNoPorts.xml
----------------- Instantiating /home/travis/build/icyphy/ptII/ptolemy/domains/continuous/test/auto/ContinuousInDEwithNoPorts.xml
4 ms. Memory: 423424K Free: 233411K (55%)
----------------- Invoking toplevel() on ptolemy.moml.MoMLSimpleApplication@7a26a169
----------------- Done invoking toplevel() on ptolemy.moml.MoMLSimpleApplication@7a26a169
reloadAllAccessors: .ContinuousInDEwithNoPorts

===========================================================================================
----------------- testing Mon Jan 14 03:16:18 UTC 2019 /home/travis/build/icyphy/ptII/ptolemy/domains/continuous/test/auto/ContinuousInsideDE.xml
----------------- Instantiating /home/travis/build/icyphy/ptII/ptolemy/domains/continuous/test/auto/ContinuousInsideDE.xml
46 ms. Memory: 423424K Free: 218633K (52%)
----------------- Invoking toplevel() on ptolemy.moml.MoMLSimpleApplication@514ba4ed
----------------- Done invoking toplevel() on ptolemy.moml.MoMLSimpleApplication@514ba4ed
reloadAllAccessors: .ContinuousInsideDE

===========================================================================================
----------------- testing Mon Jan 14 03:16:19 UTC 2019 /home/travis/build/icyphy/ptII/ptolemy/domains/continuous/test/auto/ContinuousMerge1.xml
----------------- Instantiating /home/travis/build/icyphy/ptII/ptolemy/domains/continuous/test/auto/ContinuousMerge1.xml
2 ms. Memory: 423424K Free: 212474K (50%)
----------------- Invoking toplevel() on ptolemy.moml.MoMLSimpleApplication@74b1b25a
----------------- Done invoking toplevel() on ptolemy.moml.MoMLSimpleApplication@74b1b25a
reloadAllAccessors: .ContinuousMerge1

===========================================================================================
----------------- testing Mon Jan 14 03:16:19 UTC 2019 /home/travis/build/icyphy/ptII/ptolemy/domains/continuous/test/auto/ContinuousMerge2.xml
----------------- Instantiating /home/travis/build/icyphy/ptII/ptolemy/domains/continuous/test/auto/ContinuousMerge2.xml
12 ms. Memory: 423424K Free: 198757K (47%)
----------------- Invoking toplevel() on ptolemy.moml.MoMLSimpleApplication@73e12832
----------------- Done invoking toplevel() on ptolemy.moml.MoMLSimpleApplication@73e12832
reloadAllAccessors: .ContinuousMerge2

===========================================================================================
----------------- testing Mon Jan 14 03:16:19 UTC 2019 /home/travis/build/icyphy/ptII/ptolemy/domains/continuous/test/auto/ContinuousMerge3.xml
----------------- Instantiating /home/travis/build/icyphy/ptII/ptolemy/domains/continuous/test/auto/ContinuousMerge3.xml
48 ms. Memory: 423424K Free: 185776K (44%)
----------------- Invoking toplevel() on ptolemy.moml.MoMLSimpleApplication@2bf27e93
----------------- Done invoking toplevel() on ptolemy.moml.MoMLSimpleApplication@2bf27e93
reloadAllAccessors: .ContinuousMerge3

===========================================================================================
----------------- testing Mon Jan 14 03:16:19 UTC 2019 /home/travis/build/icyphy/ptII/ptolemy/domains/continuous/test/auto/ContinuousWithinContinuous.xml
----------------- Instantiating /home/travis/build/icyphy/ptII/ptolemy/domains/continuous/test/auto/ContinuousWithinContinuous.xml
40 ms. Memory: 423424K Free: 174462K (41%)
----------------- Invoking toplevel() on ptolemy.moml.MoMLSimpleApplication@13beb950
----------------- Done invoking toplevel() on ptolemy.moml.MoMLSimpleApplication@13beb950
reloadAllAccessors: .ContinuousWithinContinuous

===========================================================================================
----------------- testing Mon Jan 14 03:16:19 UTC 2019 /home/travis/build/icyphy/ptII/ptolemy/domains/continuous/test/auto/ContinuousWithinContinuous2.xml
----------------- Instantiating /home/travis/build/icyphy/ptII/ptolemy/domains/continuous/test/auto/ContinuousWithinContinuous2.xml
72 ms. Memory: 423424K Free: 159780K (38%)
----------------- Invoking toplevel() on ptolemy.moml.MoMLSimpleApplication@6bb168ee
----------------- Done invoking toplevel() on ptolemy.moml.MoMLSimpleApplication@6bb168ee
reloadAllAccessors: .ContinuousWithinContinuous2

===========================================================================================
----------------- testing Mon Jan 14 03:16:19 UTC 2019 /home/travis/build/icyphy/ptII/ptolemy/domains/continuous/test/auto/ContinuousWithinContinuous3.xml
----------------- Instantiating /home/travis/build/icyphy/ptII/ptolemy/domains/continuous/test/auto/ContinuousWithinContinuous3.xml
13 ms. Memory: 423424K Free: 150173K (35%)
----------------- Invoking toplevel() on ptolemy.moml.MoMLSimpleApplication@472c88ef
----------------- Done invoking toplevel() on ptolemy.moml.MoMLSimpleApplication@472c88ef
reloadAllAccessors: .ContinuousWithinContinuous3

===========================================================================================
----------------- testing Mon Jan 14 03:16:19 UTC 2019 /home/travis/build/icyphy/ptII/ptolemy/domains/continuous/test/auto/ContinuousWithinContinuous4.xml
----------------- Instantiating /home/travis/build/icyphy/ptII/ptolemy/domains/continuous/test/auto/ContinuousWithinContinuous4.xml
73 ms. Memory: 423424K Free: 136497K (32%)
----------------- Invoking toplevel() on ptolemy.moml.MoMLSimpleApplication@2c6c5f46
----------------- Done invoking toplevel() on ptolemy.moml.MoMLSimpleApplication@2c6c5f46
reloadAllAccessors: .ContinuousWithinContinuous4

===========================================================================================
----------------- testing Mon Jan 14 03:16:19 UTC 2019 /home/travis/build/icyphy/ptII/ptolemy/domains/continuous/test/auto/ContinuousWithinContinuous5.xml
----------------- Instantiating /home/travis/build/icyphy/ptII/ptolemy/domains/continuous/test/auto/ContinuousWithinContinuous5.xml
13 ms. Memory: 423424K Free: 125207K (30%)
----------------- Invoking toplevel() on ptolemy.moml.MoMLSimpleApplication@602a760e
----------------- Done invoking toplevel() on ptolemy.moml.MoMLSimpleApplication@602a760e
reloadAllAccessors: .ContinuousWithinContinuous5

===========================================================================================
----------------- testing Mon Jan 14 03:16:19 UTC 2019 /home/travis/build/icyphy/ptII/ptolemy/domains/continuous/test/auto/ContinuousWithinContinuous6.xml
----------------- Instantiating /home/travis/build/icyphy/ptII/ptolemy/domains/continuous/test/auto/ContinuousWithinContinuous6.xml
14 ms. Memory: 423424K Free: 115633K (27%)
----------------- Invoking toplevel() on ptolemy.moml.MoMLSimpleApplication@185ba4d9
----------------- Done invoking toplevel() on ptolemy.moml.MoMLSimpleApplication@185ba4d9
reloadAllAccessors: .ContinuousWithinContinuous6

===========================================================================================
----------------- testing Mon Jan 14 03:16:19 UTC 2019 /home/travis/build/icyphy/ptII/ptolemy/domains/continuous/test/auto/ContinuousWithinContinuous7.xml
----------------- Instantiating /home/travis/build/icyphy/ptII/ptolemy/domains/continuous/test/auto/ContinuousWithinContinuous7.xml
62 ms. Memory: 423424K Free: 100951K (24%)
----------------- Invoking toplevel() on ptolemy.moml.MoMLSimpleApplication@61eb31b0
----------------- Done invoking toplevel() on ptolemy.moml.MoMLSimpleApplication@61eb31b0
reloadAllAccessors: .ContinuousWithinContinuous7

===========================================================================================
----------------- testing Mon Jan 14 03:16:19 UTC 2019 /home/travis/build/icyphy/ptII/ptolemy/domains/continuous/test/auto/DCMotor.xml
----------------- Instantiating /home/travis/build/icyphy/ptII/ptolemy/domains/continuous/test/auto/DCMotor.xml
12837 ms. Memory: 277504K Free: 106786K (38%)
----------------- Invoking toplevel() on ptolemy.moml.MoMLSimpleApplication@4c8f4202
----------------- Done invoking toplevel() on ptolemy.moml.MoMLSimpleApplication@4c8f4202
reloadAllAccessors: .DCMotor

===========================================================================================
----------------- testing Mon Jan 14 03:16:32 UTC 2019 /home/travis/build/icyphy/ptII/ptolemy/domains/continuous/test/auto/DEInContinuous.xml
----------------- Instantiating /home/travis/build/icyphy/ptII/ptolemy/domains/continuous/test/auto/DEInContinuous.xml
18 ms. Memory: 277504K Free: 94001K (34%)
----------------- Invoking toplevel() on ptolemy.moml.MoMLSimpleApplication@7c5c8f97
----------------- Done invoking toplevel() on ptolemy.moml.MoMLSimpleApplication@7c5c8f97
reloadAllAccessors: .DEInContinuous

===========================================================================================
----------------- testing Mon Jan 14 03:16:32 UTC 2019 /home/travis/build/icyphy/ptII/ptolemy/domains/continuous/test/auto/DEinContinuous2.xml
----------------- Instantiating /home/travis/build/icyphy/ptII/ptolemy/domains/continuous/test/auto/DEinContinuous2.xml
8 ms. Memory: 277504K Free: 81624K (29%)
----------------- Invoking toplevel() on ptolemy.moml.MoMLSimpleApplication@6460f90
----------------- Done invoking toplevel() on ptolemy.moml.MoMLSimpleApplication@6460f90
reloadAllAccessors: .DEinContinuous2

===========================================================================================
----------------- testing Mon Jan 14 03:16:32 UTC 2019 /home/travis/build/icyphy/ptII/ptolemy/domains/continuous/test/auto/Derivative.xml
----------------- Instantiating /home/travis/build/icyphy/ptII/ptolemy/domains/continuous/test/auto/Derivative.xml
134 ms. Memory: 265216K Free: 220616K (83%)
----------------- Invoking toplevel() on ptolemy.moml.MoMLSimpleApplication@5c6a686e
----------------- Done invoking toplevel() on ptolemy.moml.MoMLSimpleApplication@5c6a686e
reloadAllAccessors: .Derivative2

===========================================================================================
----------------- testing Mon Jan 14 03:16:32 UTC 2019 /home/travis/build/icyphy/ptII/ptolemy/domains/continuous/test/auto/Derivative1.xml
----------------- Instantiating /home/travis/build/icyphy/ptII/ptolemy/domains/continuous/test/auto/Derivative1.xml
19 ms. Memory: 265216K Free: 201413K (76%)
----------------- Invoking toplevel() on ptolemy.moml.MoMLSimpleApplication@4acc57be
----------------- Done invoking toplevel() on ptolemy.moml.MoMLSimpleApplication@4acc57be
reloadAllAccessors: .Derivative1

===========================================================================================
----------------- testing Mon Jan 14 03:16:32 UTC 2019 /home/travis/build/icyphy/ptII/ptolemy/domains/continuous/test/auto/DiscreteClock.xml
----------------- Instantiating /home/travis/build/icyphy/ptII/ptolemy/domains/continuous/test/auto/DiscreteClock.xml
3 ms. Memory: 265216K Free: 189542K (71%)
----------------- Invoking toplevel() on ptolemy.moml.MoMLSimpleApplication@4dfdbc3d
----------------- Done invoking toplevel() on ptolemy.moml.MoMLSimpleApplication@4dfdbc3d
reloadAllAccessors: .DiscreteClock

===========================================================================================
----------------- testing Mon Jan 14 03:16:32 UTC 2019 /home/travis/build/icyphy/ptII/ptolemy/domains/continuous/test/auto/EfficiencyCurve.xml
----------------- Instantiating /home/travis/build/icyphy/ptII/ptolemy/domains/continuous/test/auto/EfficiencyCurve.xml
41 ms. Memory: 265216K Free: 174021K (66%)
----------------- Invoking toplevel() on ptolemy.moml.MoMLSimpleApplication@7c3a9e37
----------------- Done invoking toplevel() on ptolemy.moml.MoMLSimpleApplication@7c3a9e37
reloadAllAccessors: .EfficiencyCurve

===========================================================================================
----------------- testing Mon Jan 14 03:16:32 UTC 2019 /home/travis/build/icyphy/ptII/ptolemy/domains/continuous/test/auto/ExponentialResponse.xml
----------------- Instantiating /home/travis/build/icyphy/ptII/ptolemy/domains/continuous/test/auto/ExponentialResponse.xml
100 ms. Memory: 265216K Free: 154834K (58%)
----------------- Invoking toplevel() on ptolemy.moml.MoMLSimpleApplication@77d47632
----------------- Done invoking toplevel() on ptolemy.moml.MoMLSimpleApplication@77d47632
reloadAllAccessors: .ExponentialResponse

===========================================================================================
----------------- testing Mon Jan 14 03:16:33 UTC 2019 /home/travis/build/icyphy/ptII/ptolemy/domains/continuous/test/auto/ExponentialResponseRK45.xml
----------------- Instantiating /home/travis/build/icyphy/ptII/ptolemy/domains/continuous/test/auto/ExponentialResponseRK45.xml
23 ms. Memory: 265216K Free: 146645K (55%)
----------------- Invoking toplevel() on ptolemy.moml.MoMLSimpleApplication@3156d132
----------------- Done invoking toplevel() on ptolemy.moml.MoMLSimpleApplication@3156d132
reloadAllAccessors: .ExponentialResponseRK45

===========================================================================================
----------------- testing Mon Jan 14 03:16:33 UTC 2019 /home/travis/build/icyphy/ptII/ptolemy/domains/continuous/test/auto/Friction.xml
----------------- Instantiating /home/travis/build/icyphy/ptII/ptolemy/domains/continuous/test/auto/Friction.xml
1276 ms. Memory: 246784K Free: 220227K (89%)
----------------- Invoking toplevel() on ptolemy.moml.MoMLSimpleApplication@5e983c7d
----------------- Done invoking toplevel() on ptolemy.moml.MoMLSimpleApplication@5e983c7d
reloadAllAccessors: .Friction

===========================================================================================
----------------- testing Mon Jan 14 03:16:34 UTC 2019 /home/travis/build/icyphy/ptII/ptolemy/domains/continuous/test/auto/FurutaPendulum.xml
----------------- Instantiating /home/travis/build/icyphy/ptII/ptolemy/domains/continuous/test/auto/FurutaPendulum.xml
3138 ms. Memory: 224256K Free: 175620K (78%)
----------------- Invoking toplevel() on ptolemy.moml.MoMLSimpleApplication@778d9dc1
----------------- Done invoking toplevel() on ptolemy.moml.MoMLSimpleApplication@778d9dc1
reloadAllAccessors: .FurutaPendulum

===========================================================================================
----------------- testing Mon Jan 14 03:16:37 UTC 2019 /home/travis/build/icyphy/ptII/ptolemy/domains/continuous/test/auto/HierarchicalExecution.xml
----------------- Instantiating /home/travis/build/icyphy/ptII/ptolemy/domains/continuous/test/auto/HierarchicalExecution.xml
1625 ms. Memory: 252928K Free: 218649K (86%)
----------------- Invoking toplevel() on ptolemy.moml.MoMLSimpleApplication@6077fa15
----------------- Done invoking toplevel() on ptolemy.moml.MoMLSimpleApplication@6077fa15
reloadAllAccessors: .HierarchicalExecution

===========================================================================================
----------------- testing Mon Jan 14 03:16:39 UTC 2019 /home/travis/build/icyphy/ptII/ptolemy/domains/continuous/test/auto/HybridPlant.xml
----------------- Instantiating /home/travis/build/icyphy/ptII/ptolemy/domains/continuous/test/auto/HybridPlant.xml
495 ms. Memory: 251392K Free: 113435K (45%)
----------------- Invoking toplevel() on ptolemy.moml.MoMLSimpleApplication@105bab6f
----------------- Done invoking toplevel() on ptolemy.moml.MoMLSimpleApplication@105bab6f
reloadAllAccessors: .HybridPlant

===========================================================================================
----------------- testing Mon Jan 14 03:16:40 UTC 2019 /home/travis/build/icyphy/ptII/ptolemy/domains/continuous/test/auto/Hysteresis.xml
----------------- Instantiating /home/travis/build/icyphy/ptII/ptolemy/domains/continuous/test/auto/Hysteresis.xml
143 ms. Memory: 287744K Free: 249577K (87%)
----------------- Invoking toplevel() on ptolemy.moml.MoMLSimpleApplication@5543b00f
----------------- Done invoking toplevel() on ptolemy.moml.MoMLSimpleApplication@5543b00f
reloadAllAccessors: .Hysteresis

===========================================================================================
----------------- testing Mon Jan 14 03:16:40 UTC 2019 /home/travis/build/icyphy/ptII/ptolemy/domains/continuous/test/auto/HysteresisWithRandomDelay.xml
----------------- Instantiating /home/travis/build/icyphy/ptII/ptolemy/domains/continuous/test/auto/HysteresisWithRandomDelay.xml
152 ms. Memory: 287744K Free: 173329K (60%)
----------------- Invoking toplevel() on ptolemy.moml.MoMLSimpleApplication@378ba2e3
----------------- Done invoking toplevel() on ptolemy.moml.MoMLSimpleApplication@378ba2e3
reloadAllAccessors: .HysteresisWithRandomDelay

===========================================================================================
----------------- testing Mon Jan 14 03:16:40 UTC 2019 /home/travis/build/icyphy/ptII/ptolemy/domains/continuous/test/auto/HysteresisWithRandomLosses.xml
----------------- Instantiating /home/travis/build/icyphy/ptII/ptolemy/domains/continuous/test/auto/HysteresisWithRandomLosses.xml
2051 ms. Memory: 394240K Free: 300058K (76%)
----------------- Invoking toplevel() on ptolemy.moml.MoMLSimpleApplication@10bddae4
----------------- Done invoking toplevel() on ptolemy.moml.MoMLSimpleApplication@10bddae4
reloadAllAccessors: .HysteresisWithRandomLosses

===========================================================================================
----------------- testing Mon Jan 14 03:16:42 UTC 2019 /home/travis/build/icyphy/ptII/ptolemy/domains/continuous/test/auto/ImmediateTransitions.xml
----------------- Instantiating /home/travis/build/icyphy/ptII/ptolemy/domains/continuous/test/auto/ImmediateTransitions.xml
15 ms. Memory: 394240K Free: 282374K (72%)
----------------- Invoking toplevel() on ptolemy.moml.MoMLSimpleApplication@437d0cad
----------------- Done invoking toplevel() on ptolemy.moml.MoMLSimpleApplication@437d0cad
reloadAllAccessors: .ImmediateTransitions

===========================================================================================
----------------- testing Mon Jan 14 03:16:42 UTC 2019 /home/travis/build/icyphy/ptII/ptolemy/domains/continuous/test/auto/ImpulseFeedback.xml
----------------- Instantiating /home/travis/build/icyphy/ptII/ptolemy/domains/continuous/test/auto/ImpulseFeedback.xml
7 ms. Memory: 394240K Free: 272266K (69%)
----------------- Invoking toplevel() on ptolemy.moml.MoMLSimpleApplication@1cd48f3a
----------------- Done invoking toplevel() on ptolemy.moml.MoMLSimpleApplication@1cd48f3a
reloadAllAccessors: .ImpulseFeedback

===========================================================================================
----------------- testing Mon Jan 14 03:16:42 UTC 2019 /home/travis/build/icyphy/ptII/ptolemy/domains/continuous/test/auto/ImpulseFeedback2.xml
----------------- Instantiating /home/travis/build/icyphy/ptII/ptolemy/domains/continuous/test/auto/ImpulseFeedback2.xml
7 ms. Memory: 394240K Free: 262178K (67%)
----------------- Invoking toplevel() on ptolemy.moml.MoMLSimpleApplication@6ba87e7c
----------------- Done invoking toplevel() on ptolemy.moml.MoMLSimpleApplication@6ba87e7c
reloadAllAccessors: .ImpulseFeedback2

===========================================================================================
----------------- testing Mon Jan 14 03:16:42 UTC 2019 /home/travis/build/icyphy/ptII/ptolemy/domains/continuous/test/auto/IncreasingRatePoisson.xml
----------------- Instantiating /home/travis/build/icyphy/ptII/ptolemy/domains/continuous/test/auto/IncreasingRatePoisson.xml
688 ms. Memory: 375296K Free: 221859K (59%)
----------------- Invoking toplevel() on ptolemy.moml.MoMLSimpleApplication@62c88306
----------------- Done invoking toplevel() on ptolemy.moml.MoMLSimpleApplication@62c88306
reloadAllAccessors: .IncreasingRatePoisson

===========================================================================================
----------------- testing Mon Jan 14 03:16:43 UTC 2019 /home/travis/build/icyphy/ptII/ptolemy/domains/continuous/test/auto/InitialStateFeedback.xml
----------------- Instantiating /home/travis/build/icyphy/ptII/ptolemy/domains/continuous/test/auto/InitialStateFeedback.xml
3 ms. Memory: 375296K Free: 213550K (57%)
----------------- Invoking toplevel() on ptolemy.moml.MoMLSimpleApplication@67480063
----------------- Done invoking toplevel() on ptolemy.moml.MoMLSimpleApplication@67480063
reloadAllAccessors: .InitialStateFeedback

===========================================================================================
----------------- testing Mon Jan 14 03:16:43 UTC 2019 /home/travis/build/icyphy/ptII/ptolemy/domains/continuous/test/auto/Integration.xml
----------------- Instantiating /home/travis/build/icyphy/ptII/ptolemy/domains/continuous/test/auto/Integration.xml
6 ms. Memory: 375296K Free: 206744K (55%)
----------------- Invoking toplevel() on ptolemy.moml.MoMLSimpleApplication@710f4bed
----------------- Done invoking toplevel() on ptolemy.moml.MoMLSimpleApplication@710f4bed
reloadAllAccessors: .Integration

===========================================================================================
----------------- testing Mon Jan 14 03:16:43 UTC 2019 /home/travis/build/icyphy/ptII/ptolemy/domains/continuous/test/auto/Integration2.xml
----------------- Instantiating /home/travis/build/icyphy/ptII/ptolemy/domains/continuous/test/auto/Integration2.xml
75 ms. Memory: 375296K Free: 190282K (51%)
----------------- Invoking toplevel() on ptolemy.moml.MoMLSimpleApplication@713b7002
----------------- Done invoking toplevel() on ptolemy.moml.MoMLSimpleApplication@713b7002
reloadAllAccessors: .Integration2

===========================================================================================
----------------- testing Mon Jan 14 03:16:43 UTC 2019 /home/travis/build/icyphy/ptII/ptolemy/domains/continuous/test/auto/Integration3.xml
----------------- Instantiating /home/travis/build/icyphy/ptII/ptolemy/domains/continuous/test/auto/Integration3.xml
2 ms. Memory: 375296K Free: 183530K (49%)
----------------- Invoking toplevel() on ptolemy.moml.MoMLSimpleApplication@5ae6fa4f
----------------- Done invoking toplevel() on ptolemy.moml.MoMLSimpleApplication@5ae6fa4f
reloadAllAccessors: .Integration3

===========================================================================================
----------------- testing Mon Jan 14 03:16:43 UTC 2019 /home/travis/build/icyphy/ptII/ptolemy/domains/continuous/test/auto/Integration5.xml
----------------- Instantiating /home/travis/build/icyphy/ptII/ptolemy/domains/continuous/test/auto/Integration5.xml
2 ms. Memory: 375296K Free: 176778K (47%)
----------------- Invoking toplevel() on ptolemy.moml.MoMLSimpleApplication@1acec002
----------------- Done invoking toplevel() on ptolemy.moml.MoMLSimpleApplication@1acec002
reloadAllAccessors: .Integration5

===========================================================================================
----------------- testing Mon Jan 14 03:16:43 UTC 2019 /home/travis/build/icyphy/ptII/ptolemy/domains/continuous/test/auto/IntegratorImpulse.xml
----------------- Instantiating /home/travis/build/icyphy/ptII/ptolemy/domains/continuous/test/auto/IntegratorImpulse.xml
2 ms. Memory: 375296K Free: 169964K (45%)
----------------- Invoking toplevel() on ptolemy.moml.MoMLSimpleApplication@4de8d5ab
----------------- Done invoking toplevel() on ptolemy.moml.MoMLSimpleApplication@4de8d5ab
reloadAllAccessors: .IntegratorImpulse

===========================================================================================
----------------- testing Mon Jan 14 03:16:43 UTC 2019 /home/travis/build/icyphy/ptII/ptolemy/domains/continuous/test/auto/IntegratorImpulse2.xml
----------------- Instantiating /home/travis/build/icyphy/ptII/ptolemy/domains/continuous/test/auto/IntegratorImpulse2.xml
4 ms. Memory: 375296K Free: 163221K (43%)
----------------- Invoking toplevel() on ptolemy.moml.MoMLSimpleApplication@744bbf34
----------------- Done invoking toplevel() on ptolemy.moml.MoMLSimpleApplication@744bbf34
reloadAllAccessors: .IntegratorImpulse2

===========================================================================================
----------------- testing Mon Jan 14 03:16:43 UTC 2019 /home/travis/build/icyphy/ptII/ptolemy/domains/continuous/test/auto/LevelCrossing1.xml
----------------- Instantiating /home/travis/build/icyphy/ptII/ptolemy/domains/continuous/test/auto/LevelCrossing1.xml
3 ms. Memory: 375296K Free: 156485K (42%)
----------------- Invoking toplevel() on ptolemy.moml.MoMLSimpleApplication@36ac29b9
----------------- Done invoking toplevel() on ptolemy.moml.MoMLSimpleApplication@36ac29b9
reloadAllAccessors: .LevelCrossing1

===========================================================================================
----------------- testing Mon Jan 14 03:16:43 UTC 2019 /home/travis/build/icyphy/ptII/ptolemy/domains/continuous/test/auto/LevelCrossing2.xml
----------------- Instantiating /home/travis/build/icyphy/ptII/ptolemy/domains/continuous/test/auto/LevelCrossing2.xml
3 ms. Memory: 375296K Free: 149749K (40%)
----------------- Invoking toplevel() on ptolemy.moml.MoMLSimpleApplication@7eb46f44
----------------- Done invoking toplevel() on ptolemy.moml.MoMLSimpleApplication@7eb46f44
reloadAllAccessors: .LevelCrossing2

===========================================================================================
----------------- testing Mon Jan 14 03:16:43 UTC 2019 /home/travis/build/icyphy/ptII/ptolemy/domains/continuous/test/auto/LevelCrossing3.xml
----------------- Instantiating /home/travis/build/icyphy/ptII/ptolemy/domains/continuous/test/auto/LevelCrossing3.xml
2 ms. Memory: 375296K Free: 143022K (38%)
----------------- Invoking toplevel() on ptolemy.moml.MoMLSimpleApplication@c987a84
----------------- Done invoking toplevel() on ptolemy.moml.MoMLSimpleApplication@c987a84
reloadAllAccessors: .LevelCrossing3

===========================================================================================
----------------- testing Mon Jan 14 03:16:43 UTC 2019 /home/travis/build/icyphy/ptII/ptolemy/domains/continuous/test/auto/LevelCrossing4.xml
----------------- Instantiating /home/travis/build/icyphy/ptII/ptolemy/domains/continuous/test/auto/LevelCrossing4.xml
3 ms. Memory: 375296K Free: 136207K (36%)
----------------- Invoking toplevel() on ptolemy.moml.MoMLSimpleApplication@2b9b58fc
----------------- Done invoking toplevel() on ptolemy.moml.MoMLSimpleApplication@2b9b58fc
reloadAllAccessors: .LevelCrossing4

===========================================================================================
----------------- testing Mon Jan 14 03:16:43 UTC 2019 /home/travis/build/icyphy/ptII/ptolemy/domains/continuous/test/auto/LevelCrossing5.xml
----------------- Instantiating /home/travis/build/icyphy/ptII/ptolemy/domains/continuous/test/auto/LevelCrossing5.xml
3 ms. Memory: 375296K Free: 129480K (35%)
----------------- Invoking toplevel() on ptolemy.moml.MoMLSimpleApplication@32b866d5
----------------- Done invoking toplevel() on ptolemy.moml.MoMLSimpleApplication@32b866d5
reloadAllAccessors: .LevelCrossing5

===========================================================================================
[...]
----------------- Instantiating /home/travis/build/icyphy/ptII/ptolemy/domains/continuous/test/auto/SRinContinuous.xml
8 ms. Memory: 574464K Free: 284346K (49%)
----------------- Invoking toplevel() on ptolemy.moml.MoMLSimpleApplication@19881e6a
----------------- Done invoking toplevel() on ptolemy.moml.MoMLSimpleApplication@19881e6a
reloadAllAccessors: .SRinContinuous

===========================================================================================
----------------- testing Mon Jan 14 03:17:00 UTC 2019 /home/travis/build/icyphy/ptII/ptolemy/domains/continuous/test/auto/SampledClocks.xml
----------------- Instantiating /home/travis/build/icyphy/ptII/ptolemy/domains/continuous/test/auto/SampledClocks.xml
6 ms. Memory: 574464K Free: 270426K (47%)
----------------- Invoking toplevel() on ptolemy.moml.MoMLSimpleApplication@4cc0d278
----------------- Done invoking toplevel() on ptolemy.moml.MoMLSimpleApplication@4cc0d278
reloadAllAccessors: .SampledClocks

===========================================================================================
----------------- testing Mon Jan 14 03:17:00 UTC 2019 /home/travis/build/icyphy/ptII/ptolemy/domains/continuous/test/auto/Satellite.xml
----------------- Instantiating /home/travis/build/icyphy/ptII/ptolemy/domains/continuous/test/auto/Satellite.xml
804 ms. Memory: 574464K Free: 87716K (15%)
----------------- Invoking toplevel() on ptolemy.moml.MoMLSimpleApplication@b30ed60
----------------- Done invoking toplevel() on ptolemy.moml.MoMLSimpleApplication@b30ed60
reloadAllAccessors: .Satellite

===========================================================================================
----------------- testing Mon Jan 14 03:17:01 UTC 2019 /home/travis/build/icyphy/ptII/ptolemy/domains/continuous/test/auto/SigmaDelta.xml
----------------- Instantiating /home/travis/build/icyphy/ptII/ptolemy/domains/continuous/test/auto/SigmaDelta.xml
2266 ms. Memory: 598016K Free: 219486K (37%)
----------------- Invoking toplevel() on ptolemy.moml.MoMLSimpleApplication@7b131b91
----------------- Done invoking toplevel() on ptolemy.moml.MoMLSimpleApplication@7b131b91
reloadAllAccessors: .SigmaDelta

===========================================================================================
----------------- testing Mon Jan 14 03:17:03 UTC 2019 /home/travis/build/icyphy/ptII/ptolemy/domains/continuous/test/auto/SingleRefinement.xml
----------------- Instantiating /home/travis/build/icyphy/ptII/ptolemy/domains/continuous/test/auto/SingleRefinement.xml
396 ms. Memory: 598016K Free: 29119K (5%)
----------------- Invoking toplevel() on ptolemy.moml.MoMLSimpleApplication@445e4df3
----------------- Done invoking toplevel() on ptolemy.moml.MoMLSimpleApplication@445e4df3
reloadAllAccessors: .SingleRefinement

===========================================================================================
----------------- testing Mon Jan 14 03:17:03 UTC 2019 /home/travis/build/icyphy/ptII/ptolemy/domains/continuous/test/auto/SinuBouncingBall.xml
----------------- Instantiating /home/travis/build/icyphy/ptII/ptolemy/domains/continuous/test/auto/SinuBouncingBall.xml
733 ms. Memory: 569344K Free: 289319K (51%)
----------------- Invoking toplevel() on ptolemy.moml.MoMLSimpleApplication@71b5a897
----------------- Done invoking toplevel() on ptolemy.moml.MoMLSimpleApplication@71b5a897
reloadAllAccessors: .SinuBouncingBall

===========================================================================================
----------------- testing Mon Jan 14 03:17:04 UTC 2019 /home/travis/build/icyphy/ptII/ptolemy/domains/continuous/test/auto/Sinusoid.xml
----------------- Instantiating /home/travis/build/icyphy/ptII/ptolemy/domains/continuous/test/auto/Sinusoid.xml
5 ms. Memory: 569344K Free: 281893K (50%)
----------------- Invoking toplevel() on ptolemy.moml.MoMLSimpleApplication@410802d3
----------------- Done invoking toplevel() on ptolemy.moml.MoMLSimpleApplication@410802d3
reloadAllAccessors: .Sinusoid

===========================================================================================
----------------- testing Mon Jan 14 03:17:04 UTC 2019 /home/travis/build/icyphy/ptII/ptolemy/domains/continuous/test/auto/SinusoidInNoise.xml
----------------- Instantiating /home/travis/build/icyphy/ptII/ptolemy/domains/continuous/test/auto/SinusoidInNoise.xml
966 ms. Memory: 569344K Free: 79577K (14%)
----------------- Invoking toplevel() on ptolemy.moml.MoMLSimpleApplication@3dbb018f
----------------- Done invoking toplevel() on ptolemy.moml.MoMLSimpleApplication@3dbb018f
reloadAllAccessors: .SinusoidInNoise

===========================================================================================
----------------- testing Mon Jan 14 03:17:05 UTC 2019 /home/travis/build/icyphy/ptII/ptolemy/domains/continuous/test/auto/SinusoidRK45.xml
----------------- Instantiating /home/travis/build/icyphy/ptII/ptolemy/domains/continuous/test/auto/SinusoidRK45.xml
1 ms. Memory: 569344K Free: 72237K (13%)
----------------- Invoking toplevel() on ptolemy.moml.MoMLSimpleApplication@5175a04e
----------------- Done invoking toplevel() on ptolemy.moml.MoMLSimpleApplication@5175a04e
reloadAllAccessors: .SinusoidRK45

===========================================================================================
----------------- testing Mon Jan 14 03:17:05 UTC 2019 /home/travis/build/icyphy/ptII/ptolemy/domains/continuous/test/auto/SinusoidWithMultipleImpulses.xml
----------------- Instantiating /home/travis/build/icyphy/ptII/ptolemy/domains/continuous/test/auto/SinusoidWithMultipleImpulses.xml
2 ms. Memory: 569344K Free: 64811K (11%)
----------------- Invoking toplevel() on ptolemy.moml.MoMLSimpleApplication@2f7e57cf
----------------- Done invoking toplevel() on ptolemy.moml.MoMLSimpleApplication@2f7e57cf
reloadAllAccessors: .SinusoidWithMultipleImpulses

===========================================================================================
----------------- testing Mon Jan 14 03:17:05 UTC 2019 /home/travis/build/icyphy/ptII/ptolemy/domains/continuous/test/auto/SquareWave.xml
----------------- Instantiating /home/travis/build/icyphy/ptII/ptolemy/domains/continuous/test/auto/SquareWave.xml
160 ms. Memory: 569344K Free: 34636K (6%)
----------------- Invoking toplevel() on ptolemy.moml.MoMLSimpleApplication@6ea54633
----------------- Done invoking toplevel() on ptolemy.moml.MoMLSimpleApplication@6ea54633
reloadAllAccessors: .SquareWave

===========================================================================================
----------------- testing Mon Jan 14 03:17:05 UTC 2019 /home/travis/build/icyphy/ptII/ptolemy/domains/continuous/test/auto/Starmac.xml
----------------- Instantiating /home/travis/build/icyphy/ptII/ptolemy/domains/continuous/test/auto/Starmac.xml
3059 ms. Memory: 547840K Free: 130161K (24%)
----------------- Invoking toplevel() on ptolemy.moml.MoMLSimpleApplication@3134f6a4
----------------- Done invoking toplevel() on ptolemy.moml.MoMLSimpleApplication@3134f6a4
reloadAllAccessors: .Starmac

===========================================================================================
----------------- testing Mon Jan 14 03:17:09 UTC 2019 /home/travis/build/icyphy/ptII/ptolemy/domains/continuous/test/auto/StaticUnits.xml
----------------- Instantiating /home/travis/build/icyphy/ptII/ptolemy/domains/continuous/test/auto/StaticUnits.xml
2026 ms. Memory: 531968K Free: 113303K (21%)
----------------- Invoking toplevel() on ptolemy.moml.MoMLSimpleApplication@61da103
----------------- Done invoking toplevel() on ptolemy.moml.MoMLSimpleApplication@61da103
reloadAllAccessors: .StaticUnits

===========================================================================================
----------------- testing Mon Jan 14 03:17:11 UTC 2019 /home/travis/build/icyphy/ptII/ptolemy/domains/continuous/test/auto/StickyMasses.xml
----------------- Instantiating /home/travis/build/icyphy/ptII/ptolemy/domains/continuous/test/auto/StickyMasses.xml
130 ms. Memory: 531968K Free: 53907K (10%)
----------------- Invoking toplevel() on ptolemy.moml.MoMLSimpleApplication@2fb0bce9
----------------- Done invoking toplevel() on ptolemy.moml.MoMLSimpleApplication@2fb0bce9
reloadAllAccessors: .StickyMasses

===========================================================================================
----------------- testing Mon Jan 14 03:17:11 UTC 2019 /home/travis/build/icyphy/ptII/ptolemy/domains/continuous/test/auto/StopTime.xml
----------------- Instantiating /home/travis/build/icyphy/ptII/ptolemy/domains/continuous/test/auto/StopTime.xml
52 ms. Memory: 531968K Free: 23393K (4%)
----------------- Invoking toplevel() on ptolemy.moml.MoMLSimpleApplication@7fedb4d7
----------------- Done invoking toplevel() on ptolemy.moml.MoMLSimpleApplication@7fedb4d7
reloadAllAccessors: .StopTime

===========================================================================================
----------------- testing Mon Jan 14 03:17:12 UTC 2019 /home/travis/build/icyphy/ptII/ptolemy/domains/continuous/test/auto/StopTime2.xml
----------------- Instantiating /home/travis/build/icyphy/ptII/ptolemy/domains/continuous/test/auto/StopTime2.xml
127 ms. Memory: 472576K Free: 449209K (95%)
----------------- Invoking toplevel() on ptolemy.moml.MoMLSimpleApplication@5b5f5f8d
----------------- Done invoking toplevel() on ptolemy.moml.MoMLSimpleApplication@5b5f5f8d
reloadAllAccessors: .StopTime2

===========================================================================================
----------------- testing Mon Jan 14 03:17:12 UTC 2019 /home/travis/build/icyphy/ptII/ptolemy/domains/continuous/test/auto/Switch.xml
----------------- Instantiating /home/travis/build/icyphy/ptII/ptolemy/domains/continuous/test/auto/Switch.xml
38 ms. Memory: 472576K Free: 419247K (89%)
----------------- Invoking toplevel() on ptolemy.moml.MoMLSimpleApplication@1bdb9621
----------------- Done invoking toplevel() on ptolemy.moml.MoMLSimpleApplication@1bdb9621
reloadAllAccessors: .Switch

===========================================================================================
----------------- testing Mon Jan 14 03:17:12 UTC 2019 /home/travis/build/icyphy/ptII/ptolemy/domains/continuous/test/auto/Thermostat.xml
----------------- Instantiating /home/travis/build/icyphy/ptII/ptolemy/domains/continuous/test/auto/Thermostat.xml
167 ms. Memory: 472576K Free: 342039K (72%)
----------------- Invoking toplevel() on ptolemy.moml.MoMLSimpleApplication@1f1113bf
----------------- Done invoking toplevel() on ptolemy.moml.MoMLSimpleApplication@1f1113bf
reloadAllAccessors: .Thermostat

===========================================================================================
----------------- testing Mon Jan 14 03:17:12 UTC 2019 /home/travis/build/icyphy/ptII/ptolemy/domains/continuous/test/auto/TimeDelay.xml
----------------- Instantiating /home/travis/build/icyphy/ptII/ptolemy/domains/continuous/test/auto/TimeDelay.xml
6 ms. Memory: 472576K Free: 334730K (71%)
----------------- Invoking toplevel() on ptolemy.moml.MoMLSimpleApplication@fc37f87
----------------- Done invoking toplevel() on ptolemy.moml.MoMLSimpleApplication@fc37f87
reloadAllAccessors: .TimeDelay

===========================================================================================
----------------- testing Mon Jan 14 03:17:12 UTC 2019 /home/travis/build/icyphy/ptII/ptolemy/domains/continuous/test/auto/TimeDelay2.xml
----------------- Instantiating /home/travis/build/icyphy/ptII/ptolemy/domains/continuous/test/auto/TimeDelay2.xml
7 ms. Memory: 472576K Free: 323187K (68%)
----------------- Invoking toplevel() on ptolemy.moml.MoMLSimpleApplication@71f7adbc
----------------- Done invoking toplevel() on ptolemy.moml.MoMLSimpleApplication@71f7adbc
reloadAllAccessors: .TimeDelay2

===========================================================================================
----------------- testing Mon Jan 14 03:17:12 UTC 2019 /home/travis/build/icyphy/ptII/ptolemy/domains/continuous/test/auto/TimeDelay3.xml
----------------- Instantiating /home/travis/build/icyphy/ptII/ptolemy/domains/continuous/test/auto/TimeDelay3.xml
8 ms. Memory: 472576K Free: 315936K (67%)
----------------- Invoking toplevel() on ptolemy.moml.MoMLSimpleApplication@22f48dfb
----------------- Done invoking toplevel() on ptolemy.moml.MoMLSimpleApplication@22f48dfb
reloadAllAccessors: .TimeDelay3

===========================================================================================
----------------- testing Mon Jan 14 03:17:12 UTC 2019 /home/travis/build/icyphy/ptII/ptolemy/domains/continuous/test/auto/TransferAbsentToInside.xml
----------------- Instantiating /home/travis/build/icyphy/ptII/ptolemy/domains/continuous/test/auto/TransferAbsentToInside.xml
23 ms. Memory: 472576K Free: 255609K (54%)
----------------- Invoking toplevel() on ptolemy.moml.MoMLSimpleApplication@7b244ea6
----------------- Done invoking toplevel() on ptolemy.moml.MoMLSimpleApplication@7b244ea6
reloadAllAccessors: .TransferAbsentToInside

===========================================================================================
----------------- testing Mon Jan 14 03:17:12 UTC 2019 /home/travis/build/icyphy/ptII/ptolemy/domains/continuous/test/auto/Transmission.xml
----------------- Instantiating /home/travis/build/icyphy/ptII/ptolemy/domains/continuous/test/auto/Transmission.xml
660 ms. Memory: 462848K Free: 428266K (93%)
----------------- Invoking toplevel() on ptolemy.moml.MoMLSimpleApplication@7ee40588
----------------- Done invoking toplevel() on ptolemy.moml.MoMLSimpleApplication@7ee40588
reloadAllAccessors: .Transmission

===========================================================================================
----------------- testing Mon Jan 14 03:17:13 UTC 2019 /home/travis/build/icyphy/ptII/ptolemy/domains/continuous/test/auto/TriggeredContinuousClock.xml
----------------- Instantiating /home/travis/build/icyphy/ptII/ptolemy/domains/continuous/test/auto/TriggeredContinuousClock.xml
31 ms. Memory: 462848K Free: 391803K (85%)
----------------- Invoking toplevel() on ptolemy.moml.MoMLSimpleApplication@1090b0b3
----------------- Done invoking toplevel() on ptolemy.moml.MoMLSimpleApplication@1090b0b3
reloadAllAccessors: .TriggeredContinuousClock

===========================================================================================
----------------- testing Mon Jan 14 03:17:13 UTC 2019 /home/travis/build/icyphy/ptII/ptolemy/domains/continuous/test/auto/TwoMachineInfiniteBusControl.xml
----------------- Instantiating /home/travis/build/icyphy/ptII/ptolemy/domains/continuous/test/auto/TwoMachineInfiniteBusControl.xml
2788 ms. Memory: 436224K Free: 210465K (48%)
----------------- Invoking toplevel() on ptolemy.moml.MoMLSimpleApplication@60cc65bb
----------------- Done invoking toplevel() on ptolemy.moml.MoMLSimpleApplication@60cc65bb
reloadAllAccessors: .TwoMachineInfiniteBusControl

===========================================================================================
----------------- testing Mon Jan 14 03:17:16 UTC 2019 /home/travis/build/icyphy/ptII/ptolemy/domains/continuous/test/auto/V2V.xml
----------------- Instantiating /home/travis/build/icyphy/ptII/ptolemy/domains/continuous/test/auto/V2V.xml
721 ms. Memory: 417792K Free: 374471K (90%)
----------------- Invoking toplevel() on ptolemy.moml.MoMLSimpleApplication@4ad0c68a
----------------- Done invoking toplevel() on ptolemy.moml.MoMLSimpleApplication@4ad0c68a
reloadAllAccessors: .V2V

===========================================================================================
----------------- testing Mon Jan 14 03:17:17 UTC 2019 /home/travis/build/icyphy/ptII/ptolemy/domains/continuous/test/auto/hierarchicalModalModel.xml
----------------- Instantiating /home/travis/build/icyphy/ptII/ptolemy/domains/continuous/test/auto/hierarchicalModalModel.xml
7 ms. Memory: 417792K Free: 355641K (85%)
----------------- Invoking toplevel() on ptolemy.moml.MoMLSimpleApplication@61ffa93
----------------- Done invoking toplevel() on ptolemy.moml.MoMLSimpleApplication@61ffa93
reloadAllAccessors: .hierarchicalModalModel

===========================================================================================
----------------- testing Mon Jan 14 03:17:17 UTC 2019 /home/travis/build/icyphy/ptII/ptolemy/domains/continuous/test/auto/hierarchicalModalModel1.xml
----------------- Instantiating /home/travis/build/icyphy/ptII/ptolemy/domains/continuous/test/auto/hierarchicalModalModel1.xml
7 ms. Memory: 417792K Free: 338087K (81%)
----------------- Invoking toplevel() on ptolemy.moml.MoMLSimpleApplication@746094ed
----------------- Done invoking toplevel() on ptolemy.moml.MoMLSimpleApplication@746094ed
reloadAllAccessors: .hierarchicalModalModel1

===========================================================================================
----------------- testing Mon Jan 14 03:17:17 UTC 2019 /home/travis/build/icyphy/ptII/ptolemy/domains/continuous/test/auto/hierarchicalModalModel2.xml
----------------- Instantiating /home/travis/build/icyphy/ptII/ptolemy/domains/continuous/test/auto/hierarchicalModalModel2.xml
6 ms. Memory: 417792K Free: 322394K (77%)
----------------- Invoking toplevel() on ptolemy.moml.MoMLSimpleApplication@60770d48
----------------- Done invoking toplevel() on ptolemy.moml.MoMLSimpleApplication@60770d48
reloadAllAccessors: .hierarchicalModalModel2

===========================================================================================
----------------- testing Mon Jan 14 03:17:17 UTC 2019 /home/travis/build/icyphy/ptII/ptolemy/domains/continuous/test/auto/hierarchicalModalModel3.xml
----------------- Instantiating /home/travis/build/icyphy/ptII/ptolemy/domains/continuous/test/auto/hierarchicalModalModel3.xml
7 ms. Memory: 417792K Free: 308552K (74%)
----------------- Invoking toplevel() on ptolemy.moml.MoMLSimpleApplication@46d43bdf
----------------- Done invoking toplevel() on ptolemy.moml.MoMLSimpleApplication@46d43bdf
reloadAllAccessors: .hierarchicalModalModel3

===========================================================================================
----------------- testing Mon Jan 14 03:17:17 UTC 2019 /home/travis/build/icyphy/ptII/ptolemy/domains/continuous/test/auto/hierarchicalModalModel4.xml
----------------- Instantiating /home/travis/build/icyphy/ptII/ptolemy/domains/continuous/test/auto/hierarchicalModalModel4.xml
4 ms. Memory: 417792K Free: 292842K (70%)
----------------- Invoking toplevel() on ptolemy.moml.MoMLSimpleApplication@682642a7
----------------- Done invoking toplevel() on ptolemy.moml.MoMLSimpleApplication@682642a7
reloadAllAccessors: .hierarchicalModalModel4

===========================================================================================
----------------- testing Mon Jan 14 03:17:17 UTC 2019 /home/travis/build/icyphy/ptII/ptolemy/domains/continuous/test/auto/junk.xml
----------------- Instantiating /home/travis/build/icyphy/ptII/ptolemy/domains/continuous/test/auto/junk.xml
138 ms. Memory: 417792K Free: 260669K (62%)
----------------- Invoking toplevel() on ptolemy.moml.MoMLSimpleApplication@7429159e
----------------- Done invoking toplevel() on ptolemy.moml.MoMLSimpleApplication@7429159e
reloadAllAccessors: .junk
AutoTests.java: About to close Vertx.
AutoTests.java: Vertx closed.
]]></system-out>
  <system-err><![CDATA[Warning: '.HysteresisWithRandomDelay.NonStrictTest' The test produced only 221 tokens, yet the correctValues parameter was expecting 222 tokens.
Warning: '.HysteresisWithRandomDelay.NonStrictTest2' The test produced only 220 tokens, yet the correctValues parameter was expecting 221 tokens.
Warning: '.HysteresisWithRandomDelay.NonStrictTest3' The test produced only 19 tokens, yet the correctValues parameter was expecting 30 tokens.
Warning: '.Poisson.NonStrictTest' The test produced only 392 tokens, yet the correctValues parameter was expecting 430 tokens.
]]></system-err>
</testsuite>
