<?xml version="1.0" encoding="UTF-8" ?>
<testsuite errors="0" failures="0" hostname="travis-job-748376d0-8bac-484d-9d6d-d8db197a97df" name="ptolemy.actor.lib.hoc.test.junit.JUnitTclTest" skipped="0" tests="58" time="34.072" timestamp="2019-11-28T06:24:20">
  <properties>
[...]
</properties>
  <testcase classname="ptolemy.util.test.junit.TclTests" name="[0] /home/travis/build/icyphy/ptII/ptolemy/actor/lib/hoc/test/IterateOverArray.tcl (RunTclFile)" time="0.355" />
  <testcase classname="ptolemy.util.test.junit.AutoKnownFailedTests" name="[0] /home/travis/build/icyphy/ptII/ptolemy/actor/lib/hoc/test/auto/knownFailedTests/PreinitializeMustBeInvokedRunComposite.xml (RunModel)" time="0.418" />
  <testcase classname="ptolemy.util.test.junit.AutoNameArchTests" name="[0] ThereAreNoAutoArchTests (RunModel)" time="0.01" />
  <testcase classname="ptolemy.util.test.junit.AutoTests" name="[0] /home/travis/build/icyphy/ptII/ptolemy/actor/lib/hoc/test/auto/AllToAllMultiInstanceComposite.xml (RunModel)" time="0.405" />
  <testcase classname="ptolemy.util.test.junit.AutoTests" name="[1] /home/travis/build/icyphy/ptII/ptolemy/actor/lib/hoc/test/auto/ApplyFFTTest.xml (RunModel)" time="0.447" />
  <testcase classname="ptolemy.util.test.junit.AutoTests" name="[2] /home/travis/build/icyphy/ptII/ptolemy/actor/lib/hoc/test/auto/ApplyFunction.xml (RunModel)" time="0.04" />
  <testcase classname="ptolemy.util.test.junit.AutoTests" name="[3] /home/travis/build/icyphy/ptII/ptolemy/actor/lib/hoc/test/auto/BackgroundExecution.xml (RunModel)" time="0.713" />
  <testcase classname="ptolemy.util.test.junit.AutoTests" name="[4] /home/travis/build/icyphy/ptII/ptolemy/actor/lib/hoc/test/auto/Case.xml (RunModel)" time="0.071" />
  <testcase classname="ptolemy.util.test.junit.AutoTests" name="[5] /home/travis/build/icyphy/ptII/ptolemy/actor/lib/hoc/test/auto/Case1.xml (RunModel)" time="0.082" />
  <testcase classname="ptolemy.util.test.junit.AutoTests" name="[6] /home/travis/build/icyphy/ptII/ptolemy/actor/lib/hoc/test/auto/Case2.xml (RunModel)" time="0.082" />
  <testcase classname="ptolemy.util.test.junit.AutoTests" name="[7] /home/travis/build/icyphy/ptII/ptolemy/actor/lib/hoc/test/auto/Case3.xml (RunModel)" time="0.045" />
  <testcase classname="ptolemy.util.test.junit.AutoTests" name="[8] /home/travis/build/icyphy/ptII/ptolemy/actor/lib/hoc/test/auto/Case4.xml (RunModel)" time="0.087" />
  <testcase classname="ptolemy.util.test.junit.AutoTests" name="[9] /home/travis/build/icyphy/ptII/ptolemy/actor/lib/hoc/test/auto/Case5.xml (RunModel)" time="0.064" />
  <testcase classname="ptolemy.util.test.junit.AutoTests" name="[10] /home/travis/build/icyphy/ptII/ptolemy/actor/lib/hoc/test/auto/Case6.xml (RunModel)" time="0.103" />
  <testcase classname="ptolemy.util.test.junit.AutoTests" name="[11] /home/travis/build/icyphy/ptII/ptolemy/actor/lib/hoc/test/auto/CaseString2.xml (RunModel)" time="0.059" />
  <testcase classname="ptolemy.util.test.junit.AutoTests" name="[12] /home/travis/build/icyphy/ptII/ptolemy/actor/lib/hoc/test/auto/CatchUpComposite1.xml (RunModel)" time="0.111" />
  <testcase classname="ptolemy.util.test.junit.AutoTests" name="[13] /home/travis/build/icyphy/ptII/ptolemy/actor/lib/hoc/test/auto/CatchUpComposite2.xml (RunModel)" time="0.075" />
  <testcase classname="ptolemy.util.test.junit.AutoTests" name="[14] /home/travis/build/icyphy/ptII/ptolemy/actor/lib/hoc/test/auto/CatchUpComposite3.xml (RunModel)" time="0.045" />
  <testcase classname="ptolemy.util.test.junit.AutoTests" name="[15] /home/travis/build/icyphy/ptII/ptolemy/actor/lib/hoc/test/auto/CatchUpComposite4.xml (RunModel)" time="0.047" />
  <testcase classname="ptolemy.util.test.junit.AutoTests" name="[16] /home/travis/build/icyphy/ptII/ptolemy/actor/lib/hoc/test/auto/CatchUpComposite5.xml (RunModel)" time="0.06" />
  <testcase classname="ptolemy.util.test.junit.AutoTests" name="[17] /home/travis/build/icyphy/ptII/ptolemy/actor/lib/hoc/test/auto/CatchUpComposite6.xml (RunModel)" time="0.215" />
  <testcase classname="ptolemy.util.test.junit.AutoTests" name="[18] /home/travis/build/icyphy/ptII/ptolemy/actor/lib/hoc/test/auto/CatchUpComposite7.xml (RunModel)" time="0.136" />
  <testcase classname="ptolemy.util.test.junit.AutoTests" name="[19] /home/travis/build/icyphy/ptII/ptolemy/actor/lib/hoc/test/auto/ConcurrentExecutionTimeSDF.xml (RunModel)" time="1.231" />
  <testcase classname="ptolemy.util.test.junit.AutoTests" name="[20] /home/travis/build/icyphy/ptII/ptolemy/actor/lib/hoc/test/auto/ConcurrentSleep.xml (RunModel)" time="0.774" />
  <testcase classname="ptolemy.util.test.junit.AutoTests" name="[21] /home/travis/build/icyphy/ptII/ptolemy/actor/lib/hoc/test/auto/DEInPNInRunCompositeActor.xml (RunModel)" time="0.033" />
  <testcase classname="ptolemy.util.test.junit.AutoTests" name="[22] /home/travis/build/icyphy/ptII/ptolemy/actor/lib/hoc/test/auto/DFTSubSetTest.xml (RunModel)" time="0.366" />
  <testcase classname="ptolemy.util.test.junit.AutoTests" name="[23] /home/travis/build/icyphy/ptII/ptolemy/actor/lib/hoc/test/auto/HocDE.xml (RunModel)" time="0.198" />
  <testcase classname="ptolemy.util.test.junit.AutoTests" name="[24] /home/travis/build/icyphy/ptII/ptolemy/actor/lib/hoc/test/auto/IterateOverArray.xml (RunModel)" time="0.025" />
  <testcase classname="ptolemy.util.test.junit.AutoTests" name="[25] /home/travis/build/icyphy/ptII/ptolemy/actor/lib/hoc/test/auto/IterateOverArray10.xml (RunModel)" time="0.018" />
  <testcase classname="ptolemy.util.test.junit.AutoTests" name="[26] /home/travis/build/icyphy/ptII/ptolemy/actor/lib/hoc/test/auto/IterateOverArray11.xml (RunModel)" time="0.028" />
  <testcase classname="ptolemy.util.test.junit.AutoTests" name="[27] /home/travis/build/icyphy/ptII/ptolemy/actor/lib/hoc/test/auto/IterateOverArray12.xml (RunModel)" time="0.044" />
  <testcase classname="ptolemy.util.test.junit.AutoTests" name="[28] /home/travis/build/icyphy/ptII/ptolemy/actor/lib/hoc/test/auto/IterateOverArray13.xml (RunModel)" time="0.177" />
  <testcase classname="ptolemy.util.test.junit.AutoTests" name="[29] /home/travis/build/icyphy/ptII/ptolemy/actor/lib/hoc/test/auto/IterateOverArray14.xml (RunModel)" time="0.202" />
  <testcase classname="ptolemy.util.test.junit.AutoTests" name="[30] /home/travis/build/icyphy/ptII/ptolemy/actor/lib/hoc/test/auto/IterateOverArray2.xml (RunModel)" time="0.039" />
  <testcase classname="ptolemy.util.test.junit.AutoTests" name="[31] /home/travis/build/icyphy/ptII/ptolemy/actor/lib/hoc/test/auto/IterateOverArray3.xml (RunModel)" time="0.052" />
  <testcase classname="ptolemy.util.test.junit.AutoTests" name="[32] /home/travis/build/icyphy/ptII/ptolemy/actor/lib/hoc/test/auto/IterateOverArray4.xml (RunModel)" time="0.033" />
  <testcase classname="ptolemy.util.test.junit.AutoTests" name="[33] /home/travis/build/icyphy/ptII/ptolemy/actor/lib/hoc/test/auto/IterateOverArray5.xml (RunModel)" time="0.02" />
  <testcase classname="ptolemy.util.test.junit.AutoTests" name="[34] /home/travis/build/icyphy/ptII/ptolemy/actor/lib/hoc/test/auto/IterateOverArray6.xml (RunModel)" time="0.023" />
  <testcase classname="ptolemy.util.test.junit.AutoTests" name="[35] /home/travis/build/icyphy/ptII/ptolemy/actor/lib/hoc/test/auto/IterateOverArray7.xml (RunModel)" time="0.024" />
  <testcase classname="ptolemy.util.test.junit.AutoTests" name="[36] /home/travis/build/icyphy/ptII/ptolemy/actor/lib/hoc/test/auto/IterateOverArray8.xml (RunModel)" time="0.022" />
  <testcase classname="ptolemy.util.test.junit.AutoTests" name="[37] /home/travis/build/icyphy/ptII/ptolemy/actor/lib/hoc/test/auto/IterateOverArray9.xml (RunModel)" time="0.03" />
  <testcase classname="ptolemy.util.test.junit.AutoTests" name="[38] /home/travis/build/icyphy/ptII/ptolemy/actor/lib/hoc/test/auto/IterateOverArrayCoercedOutputType.xml (RunModel)" time="0.056" />
  <testcase classname="ptolemy.util.test.junit.AutoTests" name="[39] /home/travis/build/icyphy/ptII/ptolemy/actor/lib/hoc/test/auto/IterateOverArrayInferredOutputType.xml (RunModel)" time="0.032" />
  <testcase classname="ptolemy.util.test.junit.AutoTests" name="[40] /home/travis/build/icyphy/ptII/ptolemy/actor/lib/hoc/test/auto/MobileFunctionTest.xml (RunModel)" time="0.036" />
  <testcase classname="ptolemy.util.test.junit.AutoTests" name="[41] /home/travis/build/icyphy/ptII/ptolemy/actor/lib/hoc/test/auto/MobileModelTest.xml (RunModel)" time="0.205" />
  <testcase classname="ptolemy.util.test.junit.AutoTests" name="[42] /home/travis/build/icyphy/ptII/ptolemy/actor/lib/hoc/test/auto/ModelReference.xml (RunModel)" time="0.069" />
  <testcase classname="ptolemy.util.test.junit.AutoTests" name="[43] /home/travis/build/icyphy/ptII/ptolemy/actor/lib/hoc/test/auto/ModelReference3.xml (RunModel)" time="0.05" />
  <testcase classname="ptolemy.util.test.junit.AutoTests" name="[44] /home/travis/build/icyphy/ptII/ptolemy/actor/lib/hoc/test/auto/ModelReference4.xml (RunModel)" time="10.031" />
  <testcase classname="ptolemy.util.test.junit.AutoTests" name="[45] /home/travis/build/icyphy/ptII/ptolemy/actor/lib/hoc/test/auto/MultiInstanceComposite.xml (RunModel)" time="0.072" />
  <testcase classname="ptolemy.util.test.junit.AutoTests" name="[46] /home/travis/build/icyphy/ptII/ptolemy/actor/lib/hoc/test/auto/MultiInstanceComposite2.xml (RunModel)" time="0.05" />
  <testcase classname="ptolemy.util.test.junit.AutoTests" name="[47] /home/travis/build/icyphy/ptII/ptolemy/actor/lib/hoc/test/auto/MulticoreExecution.xml (RunModel)" time="1.093" />
  <testcase classname="ptolemy.util.test.junit.AutoTests" name="[48] /home/travis/build/icyphy/ptII/ptolemy/actor/lib/hoc/test/auto/ParallelExecution.xml (RunModel)" time="0.964" />
  <testcase classname="ptolemy.util.test.junit.AutoTests" name="[49] /home/travis/build/icyphy/ptII/ptolemy/actor/lib/hoc/test/auto/RunCompositeActor.xml (RunModel)" time="0.032" />
  <testcase classname="ptolemy.util.test.junit.AutoTests" name="[50] /home/travis/build/icyphy/ptII/ptolemy/actor/lib/hoc/test/auto/RunCompositeActor2.xml (RunModel)" time="0.023" />
  <testcase classname="ptolemy.util.test.junit.AutoTests" name="[51] /home/travis/build/icyphy/ptII/ptolemy/actor/lib/hoc/test/auto/RunCompositeActor3.xml (RunModel)" time="0.022" />
  <testcase classname="ptolemy.util.test.junit.AutoTests" name="[52] /home/travis/build/icyphy/ptII/ptolemy/actor/lib/hoc/test/auto/RunCompositeActor4.xml (RunModel)" time="0.034" />
  <testcase classname="ptolemy.util.test.junit.AutoTests" name="[53] /home/travis/build/icyphy/ptII/ptolemy/actor/lib/hoc/test/auto/RunCompositeIterateOverArray.xml (RunModel)" time="0.052" />
  <testcase classname="ptolemy.util.test.junit.AutoTests" name="[54] /home/travis/build/icyphy/ptII/ptolemy/actor/lib/hoc/test/auto/ThreadedJS.xml (RunModel)" time="13.445" />
  <system-out><![CDATA[/home/travis/build/icyphy/ptII/ptolemy/actor/lib/hoc/test/IterateOverArray.tcl
testDefs.tcl: setting time out to 9000 seconds at Thu Nov 28 06:24:20 UTC 2019
11/28/19 06:24:20
Failed: 0  Total Tests: 2  ((Passed: 2, Newly Passed: 0)  Known Failed: 0) /home/travis/build/icyphy/ptII/ptolemy/actor/lib/hoc/test
----------------- testing (KnownFailure) /home/travis/build/icyphy/ptII/ptolemy/actor/lib/hoc/test/auto/knownFailedTests/PreinitializeMustBeInvokedRunComposite.xml
113 ms. Memory: 120832K Free: 80322K (66%)
Known Failure: java.lang.reflect.InvocationTargetException
No auto/linux-amd64/*.xml tests in /home/travis/build/icyphy/ptII/ptolemy/actor/lib/hoc/test
AutoTests.java: About to close Vertx.
AutoTests.java: Vertx closed.

===========================================================================================
----------------- testing Thu Nov 28 06:24:21 UTC 2019 /home/travis/build/icyphy/ptII/ptolemy/actor/lib/hoc/test/auto/AllToAllMultiInstanceComposite.xml
----------------- Instantiating /home/travis/build/icyphy/ptII/ptolemy/actor/lib/hoc/test/auto/AllToAllMultiInstanceComposite.xml
220 ms. Memory: 120832K Free: 96577K (80%)
----------------- Invoking toplevel() on ptolemy.moml.MoMLSimpleApplication@648590cb
----------------- Done invoking toplevel() on ptolemy.moml.MoMLSimpleApplication@648590cb
reloadAllAccessors: .AllToAllMultiInstanceComposite

===========================================================================================
----------------- testing Thu Nov 28 06:24:22 UTC 2019 /home/travis/build/icyphy/ptII/ptolemy/actor/lib/hoc/test/auto/ApplyFFTTest.xml
----------------- Instantiating /home/travis/build/icyphy/ptII/ptolemy/actor/lib/hoc/test/auto/ApplyFFTTest.xml
209 ms. Memory: 120832K Free: 103264K (85%)
----------------- Invoking toplevel() on ptolemy.moml.MoMLSimpleApplication@37e0dc12
----------------- Done invoking toplevel() on ptolemy.moml.MoMLSimpleApplication@37e0dc12
reloadAllAccessors: .ApplyFFTTest

===========================================================================================
----------------- testing Thu Nov 28 06:24:22 UTC 2019 /home/travis/build/icyphy/ptII/ptolemy/actor/lib/hoc/test/auto/ApplyFunction.xml
----------------- Instantiating /home/travis/build/icyphy/ptII/ptolemy/actor/lib/hoc/test/auto/ApplyFunction.xml
8 ms. Memory: 120832K Free: 99768K (83%)
----------------- Invoking toplevel() on ptolemy.moml.MoMLSimpleApplication@1809a45e
----------------- Done invoking toplevel() on ptolemy.moml.MoMLSimpleApplication@1809a45e
reloadAllAccessors: .ApplyFunction

===========================================================================================
----------------- testing Thu Nov 28 06:24:22 UTC 2019 /home/travis/build/icyphy/ptII/ptolemy/actor/lib/hoc/test/auto/BackgroundExecution.xml
----------------- Instantiating /home/travis/build/icyphy/ptII/ptolemy/actor/lib/hoc/test/auto/BackgroundExecution.xml
637 ms. Memory: 120832K Free: 92600K (77%)
----------------- Invoking toplevel() on ptolemy.moml.MoMLSimpleApplication@48815978
----------------- Done invoking toplevel() on ptolemy.moml.MoMLSimpleApplication@48815978
reloadAllAccessors: .BackgroundExecution

===========================================================================================
----------------- testing Thu Nov 28 06:24:23 UTC 2019 /home/travis/build/icyphy/ptII/ptolemy/actor/lib/hoc/test/auto/Case.xml
----------------- Instantiating /home/travis/build/icyphy/ptII/ptolemy/actor/lib/hoc/test/auto/Case.xml
30 ms. Memory: 120832K Free: 85437K (71%)
----------------- Invoking toplevel() on ptolemy.moml.MoMLSimpleApplication@71e00f5d
----------------- Done invoking toplevel() on ptolemy.moml.MoMLSimpleApplication@71e00f5d
reloadAllAccessors: .Case

===========================================================================================
----------------- testing Thu Nov 28 06:24:23 UTC 2019 /home/travis/build/icyphy/ptII/ptolemy/actor/lib/hoc/test/auto/Case1.xml
----------------- Instantiating /home/travis/build/icyphy/ptII/ptolemy/actor/lib/hoc/test/auto/Case1.xml
19 ms. Memory: 120832K Free: 78749K (65%)
----------------- Invoking toplevel() on ptolemy.moml.MoMLSimpleApplication@66a204a
----------------- Done invoking toplevel() on ptolemy.moml.MoMLSimpleApplication@66a204a
reloadAllAccessors: .Case1

===========================================================================================
----------------- testing Thu Nov 28 06:24:23 UTC 2019 /home/travis/build/icyphy/ptII/ptolemy/actor/lib/hoc/test/auto/Case2.xml
----------------- Instantiating /home/travis/build/icyphy/ptII/ptolemy/actor/lib/hoc/test/auto/Case2.xml
28 ms. Memory: 160768K Free: 142504K (89%)
----------------- Invoking toplevel() on ptolemy.moml.MoMLSimpleApplication@4681bcbf
----------------- Done invoking toplevel() on ptolemy.moml.MoMLSimpleApplication@4681bcbf
reloadAllAccessors: .Case2

===========================================================================================
----------------- testing Thu Nov 28 06:24:23 UTC 2019 /home/travis/build/icyphy/ptII/ptolemy/actor/lib/hoc/test/auto/Case3.xml
----------------- Instantiating /home/travis/build/icyphy/ptII/ptolemy/actor/lib/hoc/test/auto/Case3.xml
18 ms. Memory: 160768K Free: 136536K (85%)
----------------- Invoking toplevel() on ptolemy.moml.MoMLSimpleApplication@3b3f463a
----------------- Done invoking toplevel() on ptolemy.moml.MoMLSimpleApplication@3b3f463a
reloadAllAccessors: .Case3

===========================================================================================
----------------- testing Thu Nov 28 06:24:23 UTC 2019 /home/travis/build/icyphy/ptII/ptolemy/actor/lib/hoc/test/auto/Case4.xml
----------------- Instantiating /home/travis/build/icyphy/ptII/ptolemy/actor/lib/hoc/test/auto/Case4.xml
21 ms. Memory: 160768K Free: 128946K (80%)
----------------- Invoking toplevel() on ptolemy.moml.MoMLSimpleApplication@339d02b9
----------------- Done invoking toplevel() on ptolemy.moml.MoMLSimpleApplication@339d02b9
reloadAllAccessors: .Case4

===========================================================================================
----------------- testing Thu Nov 28 06:24:23 UTC 2019 /home/travis/build/icyphy/ptII/ptolemy/actor/lib/hoc/test/auto/Case5.xml
----------------- Instantiating /home/travis/build/icyphy/ptII/ptolemy/actor/lib/hoc/test/auto/Case5.xml
32 ms. Memory: 160768K Free: 122779K (76%)
----------------- Invoking toplevel() on ptolemy.moml.MoMLSimpleApplication@6994b678
----------------- Done invoking toplevel() on ptolemy.moml.MoMLSimpleApplication@6994b678
reloadAllAccessors: .junk

===========================================================================================
----------------- testing Thu Nov 28 06:24:23 UTC 2019 /home/travis/build/icyphy/ptII/ptolemy/actor/lib/hoc/test/auto/Case6.xml
----------------- Instantiating /home/travis/build/icyphy/ptII/ptolemy/actor/lib/hoc/test/auto/Case6.xml
61 ms. Memory: 160768K Free: 111323K (69%)
----------------- Invoking toplevel() on ptolemy.moml.MoMLSimpleApplication@159f4002
----------------- Done invoking toplevel() on ptolemy.moml.MoMLSimpleApplication@159f4002
reloadAllAccessors: .Case6

===========================================================================================
----------------- testing Thu Nov 28 06:24:23 UTC 2019 /home/travis/build/icyphy/ptII/ptolemy/actor/lib/hoc/test/auto/CaseString2.xml
----------------- Instantiating /home/travis/build/icyphy/ptII/ptolemy/actor/lib/hoc/test/auto/CaseString2.xml
18 ms. Memory: 160768K Free: 103822K (65%)
----------------- Invoking toplevel() on ptolemy.moml.MoMLSimpleApplication@d9391c7
----------------- Done invoking toplevel() on ptolemy.moml.MoMLSimpleApplication@d9391c7
reloadAllAccessors: .CaseString2

===========================================================================================
----------------- testing Thu Nov 28 06:24:23 UTC 2019 /home/travis/build/icyphy/ptII/ptolemy/actor/lib/hoc/test/auto/CatchUpComposite1.xml
----------------- Instantiating /home/travis/build/icyphy/ptII/ptolemy/actor/lib/hoc/test/auto/CatchUpComposite1.xml
38 ms. Memory: 160768K Free: 140913K (88%)
----------------- Invoking toplevel() on ptolemy.moml.MoMLSimpleApplication@7408c2e0
----------------- Done invoking toplevel() on ptolemy.moml.MoMLSimpleApplication@7408c2e0
reloadAllAccessors: .CatchUpComposite1

===========================================================================================
----------------- testing Thu Nov 28 06:24:23 UTC 2019 /home/travis/build/icyphy/ptII/ptolemy/actor/lib/hoc/test/auto/CatchUpComposite2.xml
----------------- Instantiating /home/travis/build/icyphy/ptII/ptolemy/actor/lib/hoc/test/auto/CatchUpComposite2.xml
19 ms. Memory: 160768K Free: 132721K (83%)
----------------- Invoking toplevel() on ptolemy.moml.MoMLSimpleApplication@1a25814e
----------------- Done invoking toplevel() on ptolemy.moml.MoMLSimpleApplication@1a25814e
reloadAllAccessors: .CatchUpComposite2

===========================================================================================
----------------- testing Thu Nov 28 06:24:24 UTC 2019 /home/travis/build/icyphy/ptII/ptolemy/actor/lib/hoc/test/auto/CatchUpComposite3.xml
----------------- Instantiating /home/travis/build/icyphy/ptII/ptolemy/actor/lib/hoc/test/auto/CatchUpComposite3.xml
17 ms. Memory: 160768K Free: 124137K (77%)
----------------- Invoking toplevel() on ptolemy.moml.MoMLSimpleApplication@2d0507c5
----------------- Done invoking toplevel() on ptolemy.moml.MoMLSimpleApplication@2d0507c5
reloadAllAccessors: .CatchUpComposite3

===========================================================================================
----------------- testing Thu Nov 28 06:24:24 UTC 2019 /home/travis/build/icyphy/ptII/ptolemy/actor/lib/hoc/test/auto/CatchUpComposite4.xml
----------------- Instantiating /home/travis/build/icyphy/ptII/ptolemy/actor/lib/hoc/test/auto/CatchUpComposite4.xml
13 ms. Memory: 160768K Free: 115946K (72%)
----------------- Invoking toplevel() on ptolemy.moml.MoMLSimpleApplication@76f2704d
----------------- Done invoking toplevel() on ptolemy.moml.MoMLSimpleApplication@76f2704d
reloadAllAccessors: .CatchUpComposite4

===========================================================================================
----------------- testing Thu Nov 28 06:24:24 UTC 2019 /home/travis/build/icyphy/ptII/ptolemy/actor/lib/hoc/test/auto/CatchUpComposite5.xml
----------------- Instantiating /home/travis/build/icyphy/ptII/ptolemy/actor/lib/hoc/test/auto/CatchUpComposite5.xml
17 ms. Memory: 160768K Free: 108348K (67%)
----------------- Invoking toplevel() on ptolemy.moml.MoMLSimpleApplication@234cf6a
----------------- Done invoking toplevel() on ptolemy.moml.MoMLSimpleApplication@234cf6a
reloadAllAccessors: .CatchUpComposite5

===========================================================================================
----------------- testing Thu Nov 28 06:24:24 UTC 2019 /home/travis/build/icyphy/ptII/ptolemy/actor/lib/hoc/test/auto/CatchUpComposite6.xml
----------------- Instantiating /home/travis/build/icyphy/ptII/ptolemy/actor/lib/hoc/test/auto/CatchUpComposite6.xml
WARNING: The execution aspects in this model can influence the timing of actors by delaying the 
execution, potentially changing the behavior. There is no guarantee that actors fire at the 
time they request to be fired. 
Use Ptides for deterministic DE behavior that is not influenced by execution aspects. 

107 ms. Memory: 160768K Free: 94066K (59%)
----------------- Invoking toplevel() on ptolemy.moml.MoMLSimpleApplication@1cfe8e8c
----------------- Done invoking toplevel() on ptolemy.moml.MoMLSimpleApplication@1cfe8e8c
reloadAllAccessors: .CatchUpComposite6

===========================================================================================
----------------- testing Thu Nov 28 06:24:24 UTC 2019 /home/travis/build/icyphy/ptII/ptolemy/actor/lib/hoc/test/auto/CatchUpComposite7.xml
----------------- Instantiating /home/travis/build/icyphy/ptII/ptolemy/actor/lib/hoc/test/auto/CatchUpComposite7.xml
WARNING: The execution aspects in this model can influence the timing of actors by delaying the 
execution, potentially changing the behavior. There is no guarantee that actors fire at the 
time they request to be fired. 
Use Ptides for deterministic DE behavior that is not influenced by execution aspects. 

56 ms. Memory: 160768K Free: 137036K (85%)
----------------- Invoking toplevel() on ptolemy.moml.MoMLSimpleApplication@5b99ce77
----------------- Done invoking toplevel() on ptolemy.moml.MoMLSimpleApplication@5b99ce77
reloadAllAccessors: .CatchUpComposite7

===========================================================================================
----------------- testing Thu Nov 28 06:24:24 UTC 2019 /home/travis/build/icyphy/ptII/ptolemy/actor/lib/hoc/test/auto/ConcurrentExecutionTimeSDF.xml
----------------- Instantiating /home/travis/build/icyphy/ptII/ptolemy/actor/lib/hoc/test/auto/ConcurrentExecutionTimeSDF.xml
Fired ExecutionTime: 40400000
Fired ExecutionTime: 40400000
Fired ExecutionTime: 40400000
Fired ExecutionTime: 40400000
Fired ExecutionTime: 40400000
Fired ExecutionTime: 40400000
Fired ExecutionTime: 40400000
Fired ExecutionTime: 40400000
Fired ExecutionTime: 40400000
Fired ExecutionTime: 40400000
Fired ExecutionTime: 40400000
Fired ExecutionTime: 40400000
Fired ExecutionTime: 40400000
Fired ExecutionTime: 40400000
Fired ExecutionTime: 40400000
Fired ExecutionTime: 40400000
Fired ExecutionTime: 40400000
Fired ExecutionTime: 40400000
Fired ExecutionTime: 40400000
Fired ExecutionTime: 40400000
1196 ms. Memory: 160768K Free: 129868K (81%)
----------------- Invoking toplevel() on ptolemy.moml.MoMLSimpleApplication@81a4616
----------------- Done invoking toplevel() on ptolemy.moml.MoMLSimpleApplication@81a4616
reloadAllAccessors: .ConcurrentExecutionTimeSDF

===========================================================================================
----------------- testing Thu Nov 28 06:24:25 UTC 2019 /home/travis/build/icyphy/ptII/ptolemy/actor/lib/hoc/test/auto/ConcurrentSleep.xml
----------------- Instantiating /home/travis/build/icyphy/ptII/ptolemy/actor/lib/hoc/test/auto/ConcurrentSleep.xml
733 ms. Memory: 160768K Free: 119143K (74%)
----------------- Invoking toplevel() on ptolemy.moml.MoMLSimpleApplication@66be4df6
----------------- Done invoking toplevel() on ptolemy.moml.MoMLSimpleApplication@66be4df6
reloadAllAccessors: .ConcurrentSleep

===========================================================================================
----------------- testing Thu Nov 28 06:24:26 UTC 2019 /home/travis/build/icyphy/ptII/ptolemy/actor/lib/hoc/test/auto/DEInPNInRunCompositeActor.xml
----------------- Instantiating /home/travis/build/icyphy/ptII/ptolemy/actor/lib/hoc/test/auto/DEInPNInRunCompositeActor.xml
13 ms. Memory: 160768K Free: 112977K (70%)
----------------- Invoking toplevel() on ptolemy.moml.MoMLSimpleApplication@2e3e80da
----------------- Done invoking toplevel() on ptolemy.moml.MoMLSimpleApplication@2e3e80da
reloadAllAccessors: .DEInPNInRunCompositeActor

===========================================================================================
----------------- testing Thu Nov 28 06:24:26 UTC 2019 /home/travis/build/icyphy/ptII/ptolemy/actor/lib/hoc/test/auto/DFTSubSetTest.xml
----------------- Instantiating /home/travis/build/icyphy/ptII/ptolemy/actor/lib/hoc/test/auto/DFTSubSetTest.xml
235 ms. Memory: 160768K Free: 141683K (88%)
----------------- Invoking toplevel() on ptolemy.moml.MoMLSimpleApplication@3290d158
----------------- Done invoking toplevel() on ptolemy.moml.MoMLSimpleApplication@3290d158
reloadAllAccessors: .DFTSubSetTest

===========================================================================================
----------------- testing Thu Nov 28 06:24:26 UTC 2019 /home/travis/build/icyphy/ptII/ptolemy/actor/lib/hoc/test/auto/HocDE.xml
----------------- Instantiating /home/travis/build/icyphy/ptII/ptolemy/actor/lib/hoc/test/auto/HocDE.xml
146 ms. Memory: 160768K Free: 116083K (72%)
----------------- Invoking toplevel() on ptolemy.moml.MoMLSimpleApplication@227a7dc9
----------------- Done invoking toplevel() on ptolemy.moml.MoMLSimpleApplication@227a7dc9
reloadAllAccessors: .HocDE

===========================================================================================
----------------- testing Thu Nov 28 06:24:27 UTC 2019 /home/travis/build/icyphy/ptII/ptolemy/actor/lib/hoc/test/auto/IterateOverArray.xml
----------------- Instantiating /home/travis/build/icyphy/ptII/ptolemy/actor/lib/hoc/test/auto/IterateOverArray.xml
6 ms. Memory: 160768K Free: 111569K (69%)
----------------- Invoking toplevel() on ptolemy.moml.MoMLSimpleApplication@42eefed5
----------------- Done invoking toplevel() on ptolemy.moml.MoMLSimpleApplication@42eefed5
reloadAllAccessors: .IterateOverArray

===========================================================================================
----------------- testing Thu Nov 28 06:24:27 UTC 2019 /home/travis/build/icyphy/ptII/ptolemy/actor/lib/hoc/test/auto/IterateOverArray10.xml
----------------- Instantiating /home/travis/build/icyphy/ptII/ptolemy/actor/lib/hoc/test/auto/IterateOverArray10.xml
2 ms. Memory: 160768K Free: 108084K (67%)
----------------- Invoking toplevel() on ptolemy.moml.MoMLSimpleApplication@711e3287
----------------- Done invoking toplevel() on ptolemy.moml.MoMLSimpleApplication@711e3287
reloadAllAccessors: .IterateOverArray10

===========================================================================================
----------------- testing Thu Nov 28 06:24:27 UTC 2019 /home/travis/build/icyphy/ptII/ptolemy/actor/lib/hoc/test/auto/IterateOverArray11.xml
----------------- Instantiating /home/travis/build/icyphy/ptII/ptolemy/actor/lib/hoc/test/auto/IterateOverArray11.xml
4 ms. Memory: 160768K Free: 103918K (65%)
----------------- Invoking toplevel() on ptolemy.moml.MoMLSimpleApplication@7374289b
----------------- Done invoking toplevel() on ptolemy.moml.MoMLSimpleApplication@7374289b
reloadAllAccessors: .IterateOverArray11

===========================================================================================
----------------- testing Thu Nov 28 06:24:27 UTC 2019 /home/travis/build/icyphy/ptII/ptolemy/actor/lib/hoc/test/auto/IterateOverArray12.xml
----------------- Instantiating /home/travis/build/icyphy/ptII/ptolemy/actor/lib/hoc/test/auto/IterateOverArray12.xml
22 ms. Memory: 160768K Free: 97844K (61%)
----------------- Invoking toplevel() on ptolemy.moml.MoMLSimpleApplication@1630e249
----------------- Done invoking toplevel() on ptolemy.moml.MoMLSimpleApplication@1630e249
reloadAllAccessors: .IterateOverArray12

===========================================================================================
----------------- testing Thu Nov 28 06:24:27 UTC 2019 /home/travis/build/icyphy/ptII/ptolemy/actor/lib/hoc/test/auto/IterateOverArray13.xml
----------------- Instantiating /home/travis/build/icyphy/ptII/ptolemy/actor/lib/hoc/test/auto/IterateOverArray13.xml
92 ms. Memory: 160768K Free: 71635K (45%)
----------------- Invoking toplevel() on ptolemy.moml.MoMLSimpleApplication@381fbdee
----------------- Done invoking toplevel() on ptolemy.moml.MoMLSimpleApplication@381fbdee
reloadAllAccessors: .IterateOverArray13

===========================================================================================
----------------- testing Thu Nov 28 06:24:27 UTC 2019 /home/travis/build/icyphy/ptII/ptolemy/actor/lib/hoc/test/auto/IterateOverArray14.xml
----------------- Instantiating /home/travis/build/icyphy/ptII/ptolemy/actor/lib/hoc/test/auto/IterateOverArray14.xml
75 ms. Memory: 160768K Free: 120530K (75%)
----------------- Invoking toplevel() on ptolemy.moml.MoMLSimpleApplication@6933c434
----------------- Done invoking toplevel() on ptolemy.moml.MoMLSimpleApplication@6933c434
reloadAllAccessors: .IterateOverArray14

===========================================================================================
----------------- testing Thu Nov 28 06:24:27 UTC 2019 /home/travis/build/icyphy/ptII/ptolemy/actor/lib/hoc/test/auto/IterateOverArray2.xml
----------------- Instantiating /home/travis/build/icyphy/ptII/ptolemy/actor/lib/hoc/test/auto/IterateOverArray2.xml
14 ms. Memory: 160768K Free: 115924K (72%)
----------------- Invoking toplevel() on ptolemy.moml.MoMLSimpleApplication@6a7cd9ab
----------------- Done invoking toplevel() on ptolemy.moml.MoMLSimpleApplication@6a7cd9ab
reloadAllAccessors: .IterateOverArray2

===========================================================================================
----------------- testing Thu Nov 28 06:24:27 UTC 2019 /home/travis/build/icyphy/ptII/ptolemy/actor/lib/hoc/test/auto/IterateOverArray3.xml
----------------- Instantiating /home/travis/build/icyphy/ptII/ptolemy/actor/lib/hoc/test/auto/IterateOverArray3.xml
19 ms. Memory: 160768K Free: 109780K (68%)
----------------- Invoking toplevel() on ptolemy.moml.MoMLSimpleApplication@6f53ff5
----------------- Done invoking toplevel() on ptolemy.moml.MoMLSimpleApplication@6f53ff5
reloadAllAccessors: .IterateOverArray3

===========================================================================================
----------------- testing Thu Nov 28 06:24:27 UTC 2019 /home/travis/build/icyphy/ptII/ptolemy/actor/lib/hoc/test/auto/IterateOverArray4.xml
----------------- Instantiating /home/travis/build/icyphy/ptII/ptolemy/actor/lib/hoc/test/auto/IterateOverArray4.xml
7 ms. Memory: 160768K Free: 105684K (66%)
----------------- Invoking toplevel() on ptolemy.moml.MoMLSimpleApplication@aa0240c
----------------- Done invoking toplevel() on ptolemy.moml.MoMLSimpleApplication@aa0240c
reloadAllAccessors: .IterateOverArray4

===========================================================================================
----------------- testing Thu Nov 28 06:24:27 UTC 2019 /home/travis/build/icyphy/ptII/ptolemy/actor/lib/hoc/test/auto/IterateOverArray5.xml
----------------- Instantiating /home/travis/build/icyphy/ptII/ptolemy/actor/lib/hoc/test/auto/IterateOverArray5.xml
3 ms. Memory: 160768K Free: 101588K (63%)
----------------- Invoking toplevel() on ptolemy.moml.MoMLSimpleApplication@678690fb
----------------- Done invoking toplevel() on ptolemy.moml.MoMLSimpleApplication@678690fb
reloadAllAccessors: .IterateOverArray5

===========================================================================================
----------------- testing Thu Nov 28 06:24:27 UTC 2019 /home/travis/build/icyphy/ptII/ptolemy/actor/lib/hoc/test/auto/IterateOverArray6.xml
----------------- Instantiating /home/travis/build/icyphy/ptII/ptolemy/actor/lib/hoc/test/auto/IterateOverArray6.xml
5 ms. Memory: 160768K Free: 98002K (61%)
----------------- Invoking toplevel() on ptolemy.moml.MoMLSimpleApplication@7a07bed0
----------------- Done invoking toplevel() on ptolemy.moml.MoMLSimpleApplication@7a07bed0
reloadAllAccessors: .IterateOverArray6

===========================================================================================
----------------- testing Thu Nov 28 06:24:27 UTC 2019 /home/travis/build/icyphy/ptII/ptolemy/actor/lib/hoc/test/auto/IterateOverArray7.xml
----------------- Instantiating /home/travis/build/icyphy/ptII/ptolemy/actor/lib/hoc/test/auto/IterateOverArray7.xml
5 ms. Memory: 160768K Free: 93396K (58%)
----------------- Invoking toplevel() on ptolemy.moml.MoMLSimpleApplication@7773dc5
----------------- Done invoking toplevel() on ptolemy.moml.MoMLSimpleApplication@7773dc5
reloadAllAccessors: .IterateOverArray7

===========================================================================================
----------------- testing Thu Nov 28 06:24:27 UTC 2019 /home/travis/build/icyphy/ptII/ptolemy/actor/lib/hoc/test/auto/IterateOverArray8.xml
----------------- Instantiating /home/travis/build/icyphy/ptII/ptolemy/actor/lib/hoc/test/auto/IterateOverArray8.xml
5 ms. Memory: 160768K Free: 89300K (56%)
----------------- Invoking toplevel() on ptolemy.moml.MoMLSimpleApplication@66b2d325
----------------- Done invoking toplevel() on ptolemy.moml.MoMLSimpleApplication@66b2d325
reloadAllAccessors: .IterateOverArray8

===========================================================================================
----------------- testing Thu Nov 28 06:24:27 UTC 2019 /home/travis/build/icyphy/ptII/ptolemy/actor/lib/hoc/test/auto/IterateOverArray9.xml
----------------- Instantiating /home/travis/build/icyphy/ptII/ptolemy/actor/lib/hoc/test/auto/IterateOverArray9.xml
8 ms. Memory: 160768K Free: 85204K (53%)
----------------- Invoking toplevel() on ptolemy.moml.MoMLSimpleApplication@51c889ff
----------------- Done invoking toplevel() on ptolemy.moml.MoMLSimpleApplication@51c889ff
reloadAllAccessors: .IterateOverArray9

===========================================================================================
----------------- testing Thu Nov 28 06:24:27 UTC 2019 /home/travis/build/icyphy/ptII/ptolemy/actor/lib/hoc/test/auto/IterateOverArrayCoercedOutputType.xml
----------------- Instantiating /home/travis/build/icyphy/ptII/ptolemy/actor/lib/hoc/test/auto/IterateOverArrayCoercedOutputType.xml
10 ms. Memory: 160768K Free: 80084K (50%)
----------------- Invoking toplevel() on ptolemy.moml.MoMLSimpleApplication@76f2c451
----------------- Done invoking toplevel() on ptolemy.moml.MoMLSimpleApplication@76f2c451
reloadAllAccessors: .IterateOverArrayCoercedOutputType

===========================================================================================
----------------- testing Thu Nov 28 06:24:27 UTC 2019 /home/travis/build/icyphy/ptII/ptolemy/actor/lib/hoc/test/auto/IterateOverArrayInferredOutputType.xml
----------------- Instantiating /home/travis/build/icyphy/ptII/ptolemy/actor/lib/hoc/test/auto/IterateOverArrayInferredOutputType.xml
13 ms. Memory: 160768K Free: 75474K (47%)
----------------- Invoking toplevel() on ptolemy.moml.MoMLSimpleApplication@338947f3
----------------- Done invoking toplevel() on ptolemy.moml.MoMLSimpleApplication@338947f3
reloadAllAccessors: .IterateOverArrayInferredOutputType

===========================================================================================
----------------- testing Thu Nov 28 06:24:27 UTC 2019 /home/travis/build/icyphy/ptII/ptolemy/actor/lib/hoc/test/auto/MobileFunctionTest.xml
----------------- Instantiating /home/travis/build/icyphy/ptII/ptolemy/actor/lib/hoc/test/auto/MobileFunctionTest.xml
4 ms. Memory: 160768K Free: 70868K (44%)
----------------- Invoking toplevel() on ptolemy.moml.MoMLSimpleApplication@13a341fd
----------------- Done invoking toplevel() on ptolemy.moml.MoMLSimpleApplication@13a341fd
reloadAllAccessors: .MobileFunctionTest

===========================================================================================
----------------- testing Thu Nov 28 06:24:28 UTC 2019 /home/travis/build/icyphy/ptII/ptolemy/actor/lib/hoc/test/auto/MobileModelTest.xml
----------------- Instantiating /home/travis/build/icyphy/ptII/ptolemy/actor/lib/hoc/test/auto/MobileModelTest.xml
168 ms. Memory: 160768K Free: 141457K (88%)
----------------- Invoking toplevel() on ptolemy.moml.MoMLSimpleApplication@27efc1f4
----------------- Done invoking toplevel() on ptolemy.moml.MoMLSimpleApplication@27efc1f4
reloadAllAccessors: .MobileModelTest

===========================================================================================
----------------- testing Thu Nov 28 06:24:28 UTC 2019 /home/travis/build/icyphy/ptII/ptolemy/actor/lib/hoc/test/auto/ModelReference.xml
----------------- Instantiating /home/travis/build/icyphy/ptII/ptolemy/actor/lib/hoc/test/auto/ModelReference.xml
3 ms. Memory: 160768K Free: 134716K (84%)
2 ms. Memory: 160768K Free: 134198K (83%)
2 ms. Memory: 160768K Free: 133196K (83%)
2 ms. Memory: 160768K Free: 132640K (83%)
2 ms. Memory: 160768K Free: 131676K (82%)
2 ms. Memory: 160768K Free: 130652K (81%)
3 ms. Memory: 160768K Free: 130086K (81%)
2 ms. Memory: 160768K Free: 129086K (80%)
2 ms. Memory: 160768K Free: 128544K (80%)
2 ms. Memory: 160768K Free: 127570K (79%)
35 ms. Memory: 160768K Free: 127570K (79%)
----------------- Invoking toplevel() on ptolemy.moml.MoMLSimpleApplication@380e5276
----------------- Done invoking toplevel() on ptolemy.moml.MoMLSimpleApplication@380e5276
reloadAllAccessors: .ModelReference

===========================================================================================
----------------- testing Thu Nov 28 06:24:28 UTC 2019 /home/travis/build/icyphy/ptII/ptolemy/actor/lib/hoc/test/auto/ModelReference3.xml
----------------- Instantiating /home/travis/build/icyphy/ptII/ptolemy/actor/lib/hoc/test/auto/ModelReference3.xml
2 ms. Memory: 160768K Free: 122956K (76%)
4 ms. Memory: 160768K Free: 122482K (76%)
2 ms. Memory: 160768K Free: 121452K (76%)
4 ms. Memory: 160768K Free: 120886K (75%)
3 ms. Memory: 160768K Free: 119884K (75%)
2 ms. Memory: 160768K Free: 118860K (74%)
3 ms. Memory: 160768K Free: 118394K (74%)
3 ms. Memory: 160768K Free: 117356K (73%)
2 ms. Memory: 160768K Free: 116790K (73%)
2 ms. Memory: 160768K Free: 115788K (72%)
33 ms. Memory: 160768K Free: 115788K (72%)
----------------- Invoking toplevel() on ptolemy.moml.MoMLSimpleApplication@74d2911c
----------------- Done invoking toplevel() on ptolemy.moml.MoMLSimpleApplication@74d2911c
reloadAllAccessors: .ModelReference3

===========================================================================================
----------------- testing Thu Nov 28 06:24:28 UTC 2019 /home/travis/build/icyphy/ptII/ptolemy/actor/lib/hoc/test/auto/ModelReference4.xml
----------------- Instantiating /home/travis/build/icyphy/ptII/ptolemy/actor/lib/hoc/test/auto/ModelReference4.xml
1 ms. Memory: 160768K Free: 111180K (69%)
2 ms. Memory: 160768K Free: 109644K (68%)
2 ms. Memory: 160768K Free: 108590K (68%)
5 ms. Memory: 160768K Free: 107092K (67%)
2 ms. Memory: 160768K Free: 106076K (66%)
6 ms. Memory: 160768K Free: 105020K (65%)
2 ms. Memory: 160768K Free: 103478K (64%)
5 ms. Memory: 160768K Free: 102476K (64%)
11 ms. Memory: 160768K Free: 100954K (63%)
3 ms. Memory: 160768K Free: 99932K (62%)
10019 ms. Memory: 160768K Free: 99932K (62%)
----------------- Invoking toplevel() on ptolemy.moml.MoMLSimpleApplication@6e6d1be
----------------- Done invoking toplevel() on ptolemy.moml.MoMLSimpleApplication@6e6d1be
reloadAllAccessors: .ModelReference4

===========================================================================================
----------------- testing Thu Nov 28 06:24:38 UTC 2019 /home/travis/build/icyphy/ptII/ptolemy/actor/lib/hoc/test/auto/MultiInstanceComposite.xml
----------------- Instantiating /home/travis/build/icyphy/ptII/ptolemy/actor/lib/hoc/test/auto/MultiInstanceComposite.xml
34 ms. Memory: 160768K Free: 80972K (50%)
----------------- Invoking toplevel() on ptolemy.moml.MoMLSimpleApplication@d3f8c33
----------------- Done invoking toplevel() on ptolemy.moml.MoMLSimpleApplication@d3f8c33
reloadAllAccessors: .MultiInstanceComposite

===========================================================================================
----------------- testing Thu Nov 28 06:24:38 UTC 2019 /home/travis/build/icyphy/ptII/ptolemy/actor/lib/hoc/test/auto/MultiInstanceComposite2.xml
----------------- Instantiating /home/travis/build/icyphy/ptII/ptolemy/actor/lib/hoc/test/auto/MultiInstanceComposite2.xml
27 ms. Memory: 160768K Free: 69708K (43%)
----------------- Invoking toplevel() on ptolemy.moml.MoMLSimpleApplication@56d9d09
----------------- Done invoking toplevel() on ptolemy.moml.MoMLSimpleApplication@56d9d09
reloadAllAccessors: .MultiInstanceComposite2

===========================================================================================
----------------- testing Thu Nov 28 06:24:38 UTC 2019 /home/travis/build/icyphy/ptII/ptolemy/actor/lib/hoc/test/auto/MulticoreExecution.xml
----------------- Instantiating /home/travis/build/icyphy/ptII/ptolemy/actor/lib/hoc/test/auto/MulticoreExecution.xml
Fired ExecutionTime: 2400000
Fired ExecutionTime: 2800000
Fired ExecutionTime: 51200000
Fired ExecutionTime: 96400000
Fired ExecutionTime: 90000000
Fired ExecutionTime: 89600000
Fired ExecutionTime: 89200000
Fired ExecutionTime: 75600000
Fired ExecutionTime: 88400000
Fired ExecutionTime: 88800000
Fired ExecutionTime: 88400000
Fired ExecutionTime: 88400000
Fired ExecutionTime: 88000000
Fired ExecutionTime: 88400000
Fired ExecutionTime: 88000000
Fired ExecutionTime: 90800000
Fired ExecutionTime: 87600000
Fired ExecutionTime: 88400000
Fired ExecutionTime: 92400000
Fired ExecutionTime: 46400000
1065 ms. Memory: 160768K Free: 61050K (38%)
----------------- Invoking toplevel() on ptolemy.moml.MoMLSimpleApplication@64388436
----------------- Done invoking toplevel() on ptolemy.moml.MoMLSimpleApplication@64388436
reloadAllAccessors: .MulticoreExecution

===========================================================================================
----------------- testing Thu Nov 28 06:24:39 UTC 2019 /home/travis/build/icyphy/ptII/ptolemy/actor/lib/hoc/test/auto/ParallelExecution.xml
----------------- Instantiating /home/travis/build/icyphy/ptII/ptolemy/actor/lib/hoc/test/auto/ParallelExecution.xml
921 ms. Memory: 160768K Free: 53792K (33%)
----------------- Invoking toplevel() on ptolemy.moml.MoMLSimpleApplication@200dee31
----------------- Done invoking toplevel() on ptolemy.moml.MoMLSimpleApplication@200dee31
reloadAllAccessors: .ParallelExecution

===========================================================================================
----------------- testing Thu Nov 28 06:24:40 UTC 2019 /home/travis/build/icyphy/ptII/ptolemy/actor/lib/hoc/test/auto/RunCompositeActor.xml
----------------- Instantiating /home/travis/build/icyphy/ptII/ptolemy/actor/lib/hoc/test/auto/RunCompositeActor.xml
9 ms. Memory: 160768K Free: 139969K (87%)
----------------- Invoking toplevel() on ptolemy.moml.MoMLSimpleApplication@1b0d432d
----------------- Done invoking toplevel() on ptolemy.moml.MoMLSimpleApplication@1b0d432d
reloadAllAccessors: .RunCompositeActor

===========================================================================================
----------------- testing Thu Nov 28 06:24:40 UTC 2019 /home/travis/build/icyphy/ptII/ptolemy/actor/lib/hoc/test/auto/RunCompositeActor2.xml
----------------- Instantiating /home/travis/build/icyphy/ptII/ptolemy/actor/lib/hoc/test/auto/RunCompositeActor2.xml
5 ms. Memory: 160768K Free: 133825K (83%)
----------------- Invoking toplevel() on ptolemy.moml.MoMLSimpleApplication@610e820a
----------------- Done invoking toplevel() on ptolemy.moml.MoMLSimpleApplication@610e820a
reloadAllAccessors: .RunCompositeActor2

===========================================================================================
----------------- testing Thu Nov 28 06:24:40 UTC 2019 /home/travis/build/icyphy/ptII/ptolemy/actor/lib/hoc/test/auto/RunCompositeActor3.xml
----------------- Instantiating /home/travis/build/icyphy/ptII/ptolemy/actor/lib/hoc/test/auto/RunCompositeActor3.xml
5 ms. Memory: 160768K Free: 128177K (80%)
----------------- Invoking toplevel() on ptolemy.moml.MoMLSimpleApplication@67cbfa1b
----------------- Done invoking toplevel() on ptolemy.moml.MoMLSimpleApplication@67cbfa1b
reloadAllAccessors: .RunCompositeActor3

===========================================================================================
----------------- testing Thu Nov 28 06:24:40 UTC 2019 /home/travis/build/icyphy/ptII/ptolemy/actor/lib/hoc/test/auto/RunCompositeActor4.xml
----------------- Instantiating /home/travis/build/icyphy/ptII/ptolemy/actor/lib/hoc/test/auto/RunCompositeActor4.xml
14 ms. Memory: 160768K Free: 119985K (75%)
----------------- Invoking toplevel() on ptolemy.moml.MoMLSimpleApplication@1987f2c3
----------------- Done invoking toplevel() on ptolemy.moml.MoMLSimpleApplication@1987f2c3
reloadAllAccessors: .RunCompositeActor4

===========================================================================================
----------------- testing Thu Nov 28 06:24:40 UTC 2019 /home/travis/build/icyphy/ptII/ptolemy/actor/lib/hoc/test/auto/RunCompositeIterateOverArray.xml
----------------- Instantiating /home/travis/build/icyphy/ptII/ptolemy/actor/lib/hoc/test/auto/RunCompositeIterateOverArray.xml
6 ms. Memory: 160768K Free: 114369K (71%)
----------------- Invoking toplevel() on ptolemy.moml.MoMLSimpleApplication@285ec8a
----------------- Done invoking toplevel() on ptolemy.moml.MoMLSimpleApplication@285ec8a
reloadAllAccessors: .RunCompositeIterateOverArray

===========================================================================================
----------------- testing Thu Nov 28 06:24:40 UTC 2019 /home/travis/build/icyphy/ptII/ptolemy/actor/lib/hoc/test/auto/ThreadedJS.xml
----------------- Instantiating /home/travis/build/icyphy/ptII/ptolemy/actor/lib/hoc/test/auto/ThreadedJS.xml
6218 ms. Memory: 232448K Free: 67168K (29%)
----------------- Invoking toplevel() on ptolemy.moml.MoMLSimpleApplication@20d8d515
----------------- Done invoking toplevel() on ptolemy.moml.MoMLSimpleApplication@20d8d515
reloadAllAccessors: .ThreadedJS
AutoTests.java: About to close Vertx.
AutoTests.java: Vertx closed.
]]></system-out>
  <system-err><![CDATA[java.lang.RuntimeException: Execution failed
	at ptolemy.moml.MoMLSimpleApplication$UnloadThread.run(MoMLSimpleApplication.java:402)
Caused by: ptolemy.kernel.util.IllegalActionException: initialize() was called after wrapup() was called but preinitialize() was not called after wrapup().
	at ptolemy.actor.lib.hoc.test.PreinitializeMustBeInvoked.initialize(PreinitializeMustBeInvoked.java:78)
	at ptolemy.actor.Director.initialize(Director.java:938)
	at ptolemy.actor.Director.initialize(Director.java:907)
	at ptolemy.actor.sched.StaticSchedulingDirector.initialize(StaticSchedulingDirector.java:159)
	at ptolemy.domains.sdf.kernel.SDFDirector.initialize(SDFDirector.java:544)
	at ptolemy.actor.CompositeActor.initialize(CompositeActor.java:935)
	at ptolemy.actor.lib.hoc.LifeCycleManager._executeInsideModel(LifeCycleManager.java:339)
	at ptolemy.actor.lib.hoc.RunCompositeActor.fire(RunCompositeActor.java:205)
	at ptolemy.actor.CompositeActor.iterate(CompositeActor.java:1146)
	at ptolemy.actor.sched.StaticSchedulingDirector.fire(StaticSchedulingDirector.java:216)
	at ptolemy.domains.sdf.kernel.SDFDirector.fire(SDFDirector.java:500)
	at ptolemy.actor.CompositeActor.fire(CompositeActor.java:455)
	at ptolemy.actor.Manager.iterate(Manager.java:851)
	at ptolemy.actor.Manager.execute(Manager.java:369)
	at ptolemy.actor.Manager.run(Manager.java:1263)
	at ptolemy.actor.Manager$PtolemyRunThread.run(Manager.java:1933)
java.lang.reflect.InvocationTargetException
	at java.base/jdk.internal.reflect.NativeConstructorAccessorImpl.newInstance0(Native Method)
	at java.base/jdk.internal.reflect.NativeConstructorAccessorImpl.newInstance(NativeConstructorAccessorImpl.java:62)
	at java.base/jdk.internal.reflect.DelegatingConstructorAccessorImpl.newInstance(DelegatingConstructorAccessorImpl.java:45)
	at java.base/java.lang.reflect.Constructor.newInstance(Constructor.java:490)
	at ptolemy.util.test.junit.AutoKnownFailedTests.RunModel(AutoKnownFailedTests.java:105)
	at java.base/jdk.internal.reflect.NativeMethodAccessorImpl.invoke0(Native Method)
	at java.base/jdk.internal.reflect.NativeMethodAccessorImpl.invoke(NativeMethodAccessorImpl.java:62)
	at java.base/jdk.internal.reflect.DelegatingMethodAccessorImpl.invoke(DelegatingMethodAccessorImpl.java:43)
	at java.base/java.lang.reflect.Method.invoke(Method.java:566)
	at org.junit.runners.model.FrameworkMethod$1.runReflectiveCall(FrameworkMethod.java:44)
	at org.junit.internal.runners.model.ReflectiveCallable.run(ReflectiveCallable.java:15)
	at org.junit.runners.model.FrameworkMethod.invokeExplosively(FrameworkMethod.java:41)
	at junitparams.internal.InvokeParameterisedMethod.evaluate(InvokeParameterisedMethod.java:102)
	at org.junit.internal.runners.statements.FailOnTimeout$1.run(FailOnTimeout.java:28)
Caused by: ptolemy.kernel.util.IllegalActionException: initialize() was called after wrapup() was called but preinitialize() was not called after wrapup().
	at ptolemy.actor.lib.hoc.test.PreinitializeMustBeInvoked.initialize(PreinitializeMustBeInvoked.java:78)
	at ptolemy.actor.Director.initialize(Director.java:938)
	at ptolemy.actor.Director.initialize(Director.java:907)
	at ptolemy.actor.sched.StaticSchedulingDirector.initialize(StaticSchedulingDirector.java:159)
	at ptolemy.domains.sdf.kernel.SDFDirector.initialize(SDFDirector.java:544)
	at ptolemy.actor.CompositeActor.initialize(CompositeActor.java:935)
	at ptolemy.actor.lib.hoc.LifeCycleManager._executeInsideModel(LifeCycleManager.java:339)
	at ptolemy.actor.lib.hoc.RunCompositeActor.fire(RunCompositeActor.java:205)
	at ptolemy.actor.CompositeActor.iterate(CompositeActor.java:1146)
	at ptolemy.actor.sched.StaticSchedulingDirector.fire(StaticSchedulingDirector.java:216)
	at ptolemy.domains.sdf.kernel.SDFDirector.fire(SDFDirector.java:500)
	at ptolemy.actor.CompositeActor.fire(CompositeActor.java:455)
	at ptolemy.actor.Manager.iterate(Manager.java:851)
	at ptolemy.actor.Manager.execute(Manager.java:369)
	at ptolemy.actor.Manager.run(Manager.java:1263)
	at ptolemy.actor.Manager$PtolemyRunThread.run(Manager.java:1933)
Warning: Nashorn engine is planned to be removed from a future JDK release
Warning: Nashorn engine is planned to be removed from a future JDK release
Warning: Nashorn engine is planned to be removed from a future JDK release
Warning: Nashorn engine is planned to be removed from a future JDK release
Warning: Nashorn engine is planned to be removed from a future JDK release
Warning: Nashorn engine is planned to be removed from a future JDK release
Warning: Nashorn engine is planned to be removed from a future JDK release
Warning: Nashorn engine is planned to be removed from a future JDK release
]]></system-err>
</testsuite>
