<?xml version="1.0" encoding="UTF-8" ?>
<testsuite errors="0" failures="0" hostname="travis-job-62af2787-91c6-408a-9e12-f88b2c032266" name="ptolemy.actor.lib.hoc.test.junit.JUnitTclTest" skipped="0" tests="58" time="33.816" timestamp="2019-08-27T05:32:09">
  <properties>
[...]
</properties>
  <testcase classname="ptolemy.util.test.junit.TclTests" name="[0] /home/travis/build/icyphy/ptII/ptolemy/actor/lib/hoc/test/IterateOverArray.tcl (RunTclFile)" time="0.298" />
  <testcase classname="ptolemy.util.test.junit.AutoKnownFailedTests" name="[0] /home/travis/build/icyphy/ptII/ptolemy/actor/lib/hoc/test/auto/knownFailedTests/PreinitializeMustBeInvokedRunComposite.xml (RunModel)" time="0.458" />
  <testcase classname="ptolemy.util.test.junit.AutoNameArchTests" name="[0] ThereAreNoAutoArchTests (RunModel)" time="0.001" />
  <testcase classname="ptolemy.util.test.junit.AutoTests" name="[0] /home/travis/build/icyphy/ptII/ptolemy/actor/lib/hoc/test/auto/AllToAllMultiInstanceComposite.xml (RunModel)" time="0.521" />
  <testcase classname="ptolemy.util.test.junit.AutoTests" name="[1] /home/travis/build/icyphy/ptII/ptolemy/actor/lib/hoc/test/auto/ApplyFFTTest.xml (RunModel)" time="0.341" />
  <testcase classname="ptolemy.util.test.junit.AutoTests" name="[2] /home/travis/build/icyphy/ptII/ptolemy/actor/lib/hoc/test/auto/ApplyFunction.xml (RunModel)" time="0.034" />
  <testcase classname="ptolemy.util.test.junit.AutoTests" name="[3] /home/travis/build/icyphy/ptII/ptolemy/actor/lib/hoc/test/auto/BackgroundExecution.xml (RunModel)" time="0.729" />
  <testcase classname="ptolemy.util.test.junit.AutoTests" name="[4] /home/travis/build/icyphy/ptII/ptolemy/actor/lib/hoc/test/auto/Case.xml (RunModel)" time="0.058" />
  <testcase classname="ptolemy.util.test.junit.AutoTests" name="[5] /home/travis/build/icyphy/ptII/ptolemy/actor/lib/hoc/test/auto/Case1.xml (RunModel)" time="0.091" />
  <testcase classname="ptolemy.util.test.junit.AutoTests" name="[6] /home/travis/build/icyphy/ptII/ptolemy/actor/lib/hoc/test/auto/Case2.xml (RunModel)" time="0.081" />
  <testcase classname="ptolemy.util.test.junit.AutoTests" name="[7] /home/travis/build/icyphy/ptII/ptolemy/actor/lib/hoc/test/auto/Case3.xml (RunModel)" time="0.065" />
  <testcase classname="ptolemy.util.test.junit.AutoTests" name="[8] /home/travis/build/icyphy/ptII/ptolemy/actor/lib/hoc/test/auto/Case4.xml (RunModel)" time="0.099" />
  <testcase classname="ptolemy.util.test.junit.AutoTests" name="[9] /home/travis/build/icyphy/ptII/ptolemy/actor/lib/hoc/test/auto/Case5.xml (RunModel)" time="0.09" />
  <testcase classname="ptolemy.util.test.junit.AutoTests" name="[10] /home/travis/build/icyphy/ptII/ptolemy/actor/lib/hoc/test/auto/Case6.xml (RunModel)" time="0.164" />
  <testcase classname="ptolemy.util.test.junit.AutoTests" name="[11] /home/travis/build/icyphy/ptII/ptolemy/actor/lib/hoc/test/auto/CaseString2.xml (RunModel)" time="0.06" />
  <testcase classname="ptolemy.util.test.junit.AutoTests" name="[12] /home/travis/build/icyphy/ptII/ptolemy/actor/lib/hoc/test/auto/CatchUpComposite1.xml (RunModel)" time="0.084" />
  <testcase classname="ptolemy.util.test.junit.AutoTests" name="[13] /home/travis/build/icyphy/ptII/ptolemy/actor/lib/hoc/test/auto/CatchUpComposite2.xml (RunModel)" time="0.084" />
  <testcase classname="ptolemy.util.test.junit.AutoTests" name="[14] /home/travis/build/icyphy/ptII/ptolemy/actor/lib/hoc/test/auto/CatchUpComposite3.xml (RunModel)" time="0.088" />
  <testcase classname="ptolemy.util.test.junit.AutoTests" name="[15] /home/travis/build/icyphy/ptII/ptolemy/actor/lib/hoc/test/auto/CatchUpComposite4.xml (RunModel)" time="0.067" />
  <testcase classname="ptolemy.util.test.junit.AutoTests" name="[16] /home/travis/build/icyphy/ptII/ptolemy/actor/lib/hoc/test/auto/CatchUpComposite5.xml (RunModel)" time="0.044" />
  <testcase classname="ptolemy.util.test.junit.AutoTests" name="[17] /home/travis/build/icyphy/ptII/ptolemy/actor/lib/hoc/test/auto/CatchUpComposite6.xml (RunModel)" time="0.173" />
  <testcase classname="ptolemy.util.test.junit.AutoTests" name="[18] /home/travis/build/icyphy/ptII/ptolemy/actor/lib/hoc/test/auto/CatchUpComposite7.xml (RunModel)" time="0.116" />
  <testcase classname="ptolemy.util.test.junit.AutoTests" name="[19] /home/travis/build/icyphy/ptII/ptolemy/actor/lib/hoc/test/auto/ConcurrentExecutionTimeSDF.xml (RunModel)" time="1.125" />
  <testcase classname="ptolemy.util.test.junit.AutoTests" name="[20] /home/travis/build/icyphy/ptII/ptolemy/actor/lib/hoc/test/auto/ConcurrentSleep.xml (RunModel)" time="0.768" />
  <testcase classname="ptolemy.util.test.junit.AutoTests" name="[21] /home/travis/build/icyphy/ptII/ptolemy/actor/lib/hoc/test/auto/DEInPNInRunCompositeActor.xml (RunModel)" time="0.029" />
  <testcase classname="ptolemy.util.test.junit.AutoTests" name="[22] /home/travis/build/icyphy/ptII/ptolemy/actor/lib/hoc/test/auto/DFTSubSetTest.xml (RunModel)" time="0.27" />
  <testcase classname="ptolemy.util.test.junit.AutoTests" name="[23] /home/travis/build/icyphy/ptII/ptolemy/actor/lib/hoc/test/auto/HocDE.xml (RunModel)" time="0.196" />
  <testcase classname="ptolemy.util.test.junit.AutoTests" name="[24] /home/travis/build/icyphy/ptII/ptolemy/actor/lib/hoc/test/auto/IterateOverArray.xml (RunModel)" time="0.039" />
  <testcase classname="ptolemy.util.test.junit.AutoTests" name="[25] /home/travis/build/icyphy/ptII/ptolemy/actor/lib/hoc/test/auto/IterateOverArray10.xml (RunModel)" time="0.023" />
  <testcase classname="ptolemy.util.test.junit.AutoTests" name="[26] /home/travis/build/icyphy/ptII/ptolemy/actor/lib/hoc/test/auto/IterateOverArray11.xml (RunModel)" time="0.024" />
  <testcase classname="ptolemy.util.test.junit.AutoTests" name="[27] /home/travis/build/icyphy/ptII/ptolemy/actor/lib/hoc/test/auto/IterateOverArray12.xml (RunModel)" time="0.038" />
  <testcase classname="ptolemy.util.test.junit.AutoTests" name="[28] /home/travis/build/icyphy/ptII/ptolemy/actor/lib/hoc/test/auto/IterateOverArray13.xml (RunModel)" time="0.161" />
  <testcase classname="ptolemy.util.test.junit.AutoTests" name="[29] /home/travis/build/icyphy/ptII/ptolemy/actor/lib/hoc/test/auto/IterateOverArray14.xml (RunModel)" time="0.172" />
  <testcase classname="ptolemy.util.test.junit.AutoTests" name="[30] /home/travis/build/icyphy/ptII/ptolemy/actor/lib/hoc/test/auto/IterateOverArray2.xml (RunModel)" time="0.029" />
  <testcase classname="ptolemy.util.test.junit.AutoTests" name="[31] /home/travis/build/icyphy/ptII/ptolemy/actor/lib/hoc/test/auto/IterateOverArray3.xml (RunModel)" time="0.049" />
  <testcase classname="ptolemy.util.test.junit.AutoTests" name="[32] /home/travis/build/icyphy/ptII/ptolemy/actor/lib/hoc/test/auto/IterateOverArray4.xml (RunModel)" time="0.025" />
  <testcase classname="ptolemy.util.test.junit.AutoTests" name="[33] /home/travis/build/icyphy/ptII/ptolemy/actor/lib/hoc/test/auto/IterateOverArray5.xml (RunModel)" time="0.021" />
  <testcase classname="ptolemy.util.test.junit.AutoTests" name="[34] /home/travis/build/icyphy/ptII/ptolemy/actor/lib/hoc/test/auto/IterateOverArray6.xml (RunModel)" time="0.019" />
  <testcase classname="ptolemy.util.test.junit.AutoTests" name="[35] /home/travis/build/icyphy/ptII/ptolemy/actor/lib/hoc/test/auto/IterateOverArray7.xml (RunModel)" time="0.023" />
  <testcase classname="ptolemy.util.test.junit.AutoTests" name="[36] /home/travis/build/icyphy/ptII/ptolemy/actor/lib/hoc/test/auto/IterateOverArray8.xml (RunModel)" time="0.022" />
  <testcase classname="ptolemy.util.test.junit.AutoTests" name="[37] /home/travis/build/icyphy/ptII/ptolemy/actor/lib/hoc/test/auto/IterateOverArray9.xml (RunModel)" time="0.026" />
  <testcase classname="ptolemy.util.test.junit.AutoTests" name="[38] /home/travis/build/icyphy/ptII/ptolemy/actor/lib/hoc/test/auto/IterateOverArrayCoercedOutputType.xml (RunModel)" time="0.044" />
  <testcase classname="ptolemy.util.test.junit.AutoTests" name="[39] /home/travis/build/icyphy/ptII/ptolemy/actor/lib/hoc/test/auto/IterateOverArrayInferredOutputType.xml (RunModel)" time="0.029" />
  <testcase classname="ptolemy.util.test.junit.AutoTests" name="[40] /home/travis/build/icyphy/ptII/ptolemy/actor/lib/hoc/test/auto/MobileFunctionTest.xml (RunModel)" time="0.021" />
  <testcase classname="ptolemy.util.test.junit.AutoTests" name="[41] /home/travis/build/icyphy/ptII/ptolemy/actor/lib/hoc/test/auto/MobileModelTest.xml (RunModel)" time="0.203" />
  <testcase classname="ptolemy.util.test.junit.AutoTests" name="[42] /home/travis/build/icyphy/ptII/ptolemy/actor/lib/hoc/test/auto/ModelReference.xml (RunModel)" time="0.055" />
  <testcase classname="ptolemy.util.test.junit.AutoTests" name="[43] /home/travis/build/icyphy/ptII/ptolemy/actor/lib/hoc/test/auto/ModelReference3.xml (RunModel)" time="0.062" />
  <testcase classname="ptolemy.util.test.junit.AutoTests" name="[44] /home/travis/build/icyphy/ptII/ptolemy/actor/lib/hoc/test/auto/ModelReference4.xml (RunModel)" time="10.039" />
  <testcase classname="ptolemy.util.test.junit.AutoTests" name="[45] /home/travis/build/icyphy/ptII/ptolemy/actor/lib/hoc/test/auto/MultiInstanceComposite.xml (RunModel)" time="0.053" />
  <testcase classname="ptolemy.util.test.junit.AutoTests" name="[46] /home/travis/build/icyphy/ptII/ptolemy/actor/lib/hoc/test/auto/MultiInstanceComposite2.xml (RunModel)" time="0.042" />
  <testcase classname="ptolemy.util.test.junit.AutoTests" name="[47] /home/travis/build/icyphy/ptII/ptolemy/actor/lib/hoc/test/auto/MulticoreExecution.xml (RunModel)" time="1.126" />
  <testcase classname="ptolemy.util.test.junit.AutoTests" name="[48] /home/travis/build/icyphy/ptII/ptolemy/actor/lib/hoc/test/auto/ParallelExecution.xml (RunModel)" time="0.931" />
  <testcase classname="ptolemy.util.test.junit.AutoTests" name="[49] /home/travis/build/icyphy/ptII/ptolemy/actor/lib/hoc/test/auto/RunCompositeActor.xml (RunModel)" time="0.023" />
  <testcase classname="ptolemy.util.test.junit.AutoTests" name="[50] /home/travis/build/icyphy/ptII/ptolemy/actor/lib/hoc/test/auto/RunCompositeActor2.xml (RunModel)" time="0.024" />
  <testcase classname="ptolemy.util.test.junit.AutoTests" name="[51] /home/travis/build/icyphy/ptII/ptolemy/actor/lib/hoc/test/auto/RunCompositeActor3.xml (RunModel)" time="0.026" />
  <testcase classname="ptolemy.util.test.junit.AutoTests" name="[52] /home/travis/build/icyphy/ptII/ptolemy/actor/lib/hoc/test/auto/RunCompositeActor4.xml (RunModel)" time="0.033" />
  <testcase classname="ptolemy.util.test.junit.AutoTests" name="[53] /home/travis/build/icyphy/ptII/ptolemy/actor/lib/hoc/test/auto/RunCompositeIterateOverArray.xml (RunModel)" time="0.029" />
  <testcase classname="ptolemy.util.test.junit.AutoTests" name="[54] /home/travis/build/icyphy/ptII/ptolemy/actor/lib/hoc/test/auto/ThreadedJS.xml (RunModel)" time="13.597" />
  <system-out><![CDATA[/home/travis/build/icyphy/ptII/ptolemy/actor/lib/hoc/test/IterateOverArray.tcl
testDefs.tcl: setting time out to 9000 seconds at Tue Aug 27 05:32:09 UTC 2019
08/27/19 05:32:09
Failed: 0  Total Tests: 2  ((Passed: 2, Newly Passed: 0)  Known Failed: 0) /home/travis/build/icyphy/ptII/ptolemy/actor/lib/hoc/test
----------------- testing (KnownFailure) /home/travis/build/icyphy/ptII/ptolemy/actor/lib/hoc/test/auto/knownFailedTests/PreinitializeMustBeInvokedRunComposite.xml
143 ms. Memory: 120832K Free: 79297K (66%)
Known Failure: java.lang.reflect.InvocationTargetException
No auto/linux-amd64/*.xml tests in /home/travis/build/icyphy/ptII/ptolemy/actor/lib/hoc/test
AutoTests.java: About to close Vertx.
AutoTests.java: Vertx closed.

===========================================================================================
----------------- testing Tue Aug 27 05:32:10 UTC 2019 /home/travis/build/icyphy/ptII/ptolemy/actor/lib/hoc/test/auto/AllToAllMultiInstanceComposite.xml
----------------- Instantiating /home/travis/build/icyphy/ptII/ptolemy/actor/lib/hoc/test/auto/AllToAllMultiInstanceComposite.xml
297 ms. Memory: 120832K Free: 100753K (83%)
----------------- Invoking toplevel() on ptolemy.moml.MoMLSimpleApplication@6c0caff8
----------------- Done invoking toplevel() on ptolemy.moml.MoMLSimpleApplication@6c0caff8
reloadAllAccessors: .AllToAllMultiInstanceComposite

===========================================================================================
----------------- testing Tue Aug 27 05:32:11 UTC 2019 /home/travis/build/icyphy/ptII/ptolemy/actor/lib/hoc/test/auto/ApplyFFTTest.xml
----------------- Instantiating /home/travis/build/icyphy/ptII/ptolemy/actor/lib/hoc/test/auto/ApplyFFTTest.xml
125 ms. Memory: 120832K Free: 82092K (68%)
----------------- Invoking toplevel() on ptolemy.moml.MoMLSimpleApplication@620f62f2
----------------- Done invoking toplevel() on ptolemy.moml.MoMLSimpleApplication@620f62f2
reloadAllAccessors: .ApplyFFTTest

===========================================================================================
----------------- testing Tue Aug 27 05:32:11 UTC 2019 /home/travis/build/icyphy/ptII/ptolemy/actor/lib/hoc/test/auto/ApplyFunction.xml
----------------- Instantiating /home/travis/build/icyphy/ptII/ptolemy/actor/lib/hoc/test/auto/ApplyFunction.xml
5 ms. Memory: 120832K Free: 79177K (66%)
----------------- Invoking toplevel() on ptolemy.moml.MoMLSimpleApplication@205af74
----------------- Done invoking toplevel() on ptolemy.moml.MoMLSimpleApplication@205af74
reloadAllAccessors: .ApplyFunction

===========================================================================================
----------------- testing Tue Aug 27 05:32:11 UTC 2019 /home/travis/build/icyphy/ptII/ptolemy/actor/lib/hoc/test/auto/BackgroundExecution.xml
----------------- Instantiating /home/travis/build/icyphy/ptII/ptolemy/actor/lib/hoc/test/auto/BackgroundExecution.xml
635 ms. Memory: 120832K Free: 101920K (84%)
----------------- Invoking toplevel() on ptolemy.moml.MoMLSimpleApplication@39241411
----------------- Done invoking toplevel() on ptolemy.moml.MoMLSimpleApplication@39241411
reloadAllAccessors: .BackgroundExecution

===========================================================================================
----------------- testing Tue Aug 27 05:32:12 UTC 2019 /home/travis/build/icyphy/ptII/ptolemy/actor/lib/hoc/test/auto/Case.xml
----------------- Instantiating /home/travis/build/icyphy/ptII/ptolemy/actor/lib/hoc/test/auto/Case.xml
16 ms. Memory: 120832K Free: 94714K (78%)
----------------- Invoking toplevel() on ptolemy.moml.MoMLSimpleApplication@4184f022
----------------- Done invoking toplevel() on ptolemy.moml.MoMLSimpleApplication@4184f022
reloadAllAccessors: .Case

===========================================================================================
----------------- testing Tue Aug 27 05:32:12 UTC 2019 /home/travis/build/icyphy/ptII/ptolemy/actor/lib/hoc/test/auto/Case1.xml
----------------- Instantiating /home/travis/build/icyphy/ptII/ptolemy/actor/lib/hoc/test/auto/Case1.xml
30 ms. Memory: 120832K Free: 88015K (73%)
----------------- Invoking toplevel() on ptolemy.moml.MoMLSimpleApplication@33db95bc
----------------- Done invoking toplevel() on ptolemy.moml.MoMLSimpleApplication@33db95bc
reloadAllAccessors: .Case1

===========================================================================================
----------------- testing Tue Aug 27 05:32:12 UTC 2019 /home/travis/build/icyphy/ptII/ptolemy/actor/lib/hoc/test/auto/Case2.xml
----------------- Instantiating /home/travis/build/icyphy/ptII/ptolemy/actor/lib/hoc/test/auto/Case2.xml
34 ms. Memory: 120832K Free: 78178K (65%)
----------------- Invoking toplevel() on ptolemy.moml.MoMLSimpleApplication@17072ef0
----------------- Done invoking toplevel() on ptolemy.moml.MoMLSimpleApplication@17072ef0
reloadAllAccessors: .Case2

===========================================================================================
----------------- testing Tue Aug 27 05:32:12 UTC 2019 /home/travis/build/icyphy/ptII/ptolemy/actor/lib/hoc/test/auto/Case3.xml
----------------- Instantiating /home/travis/build/icyphy/ptII/ptolemy/actor/lib/hoc/test/auto/Case3.xml
7 ms. Memory: 120832K Free: 72004K (60%)
----------------- Invoking toplevel() on ptolemy.moml.MoMLSimpleApplication@190d88b6
----------------- Done invoking toplevel() on ptolemy.moml.MoMLSimpleApplication@190d88b6
reloadAllAccessors: .Case3

===========================================================================================
----------------- testing Tue Aug 27 05:32:12 UTC 2019 /home/travis/build/icyphy/ptII/ptolemy/actor/lib/hoc/test/auto/Case4.xml
----------------- Instantiating /home/travis/build/icyphy/ptII/ptolemy/actor/lib/hoc/test/auto/Case4.xml
23 ms. Memory: 155648K Free: 137167K (88%)
----------------- Invoking toplevel() on ptolemy.moml.MoMLSimpleApplication@69a0940e
----------------- Done invoking toplevel() on ptolemy.moml.MoMLSimpleApplication@69a0940e
reloadAllAccessors: .Case4

===========================================================================================
----------------- testing Tue Aug 27 05:32:12 UTC 2019 /home/travis/build/icyphy/ptII/ptolemy/actor/lib/hoc/test/auto/Case5.xml
----------------- Instantiating /home/travis/build/icyphy/ptII/ptolemy/actor/lib/hoc/test/auto/Case5.xml
55 ms. Memory: 155648K Free: 130373K (84%)
----------------- Invoking toplevel() on ptolemy.moml.MoMLSimpleApplication@38cc40f1
----------------- Done invoking toplevel() on ptolemy.moml.MoMLSimpleApplication@38cc40f1
reloadAllAccessors: .junk

===========================================================================================
----------------- testing Tue Aug 27 05:32:12 UTC 2019 /home/travis/build/icyphy/ptII/ptolemy/actor/lib/hoc/test/auto/Case6.xml
----------------- Instantiating /home/travis/build/icyphy/ptII/ptolemy/actor/lib/hoc/test/auto/Case6.xml
67 ms. Memory: 155648K Free: 118781K (76%)
----------------- Invoking toplevel() on ptolemy.moml.MoMLSimpleApplication@5d9f49a2
----------------- Done invoking toplevel() on ptolemy.moml.MoMLSimpleApplication@5d9f49a2
reloadAllAccessors: .Case6

===========================================================================================
----------------- testing Tue Aug 27 05:32:12 UTC 2019 /home/travis/build/icyphy/ptII/ptolemy/actor/lib/hoc/test/auto/CaseString2.xml
----------------- Instantiating /home/travis/build/icyphy/ptII/ptolemy/actor/lib/hoc/test/auto/CaseString2.xml
20 ms. Memory: 155648K Free: 111567K (72%)
----------------- Invoking toplevel() on ptolemy.moml.MoMLSimpleApplication@60f34642
----------------- Done invoking toplevel() on ptolemy.moml.MoMLSimpleApplication@60f34642
reloadAllAccessors: .CaseString2

===========================================================================================
----------------- testing Tue Aug 27 05:32:12 UTC 2019 /home/travis/build/icyphy/ptII/ptolemy/actor/lib/hoc/test/auto/CatchUpComposite1.xml
----------------- Instantiating /home/travis/build/icyphy/ptII/ptolemy/actor/lib/hoc/test/auto/CatchUpComposite1.xml
22 ms. Memory: 155648K Free: 102397K (66%)
----------------- Invoking toplevel() on ptolemy.moml.MoMLSimpleApplication@38a7bdc9
----------------- Done invoking toplevel() on ptolemy.moml.MoMLSimpleApplication@38a7bdc9
reloadAllAccessors: .CatchUpComposite1

===========================================================================================
----------------- testing Tue Aug 27 05:32:12 UTC 2019 /home/travis/build/icyphy/ptII/ptolemy/actor/lib/hoc/test/auto/CatchUpComposite2.xml
----------------- Instantiating /home/travis/build/icyphy/ptII/ptolemy/actor/lib/hoc/test/auto/CatchUpComposite2.xml
18 ms. Memory: 155648K Free: 94202K (61%)
----------------- Invoking toplevel() on ptolemy.moml.MoMLSimpleApplication@5e9f4e1
----------------- Done invoking toplevel() on ptolemy.moml.MoMLSimpleApplication@5e9f4e1
reloadAllAccessors: .CatchUpComposite2

===========================================================================================
----------------- testing Tue Aug 27 05:32:13 UTC 2019 /home/travis/build/icyphy/ptII/ptolemy/actor/lib/hoc/test/auto/CatchUpComposite3.xml
----------------- Instantiating /home/travis/build/icyphy/ptII/ptolemy/actor/lib/hoc/test/auto/CatchUpComposite3.xml
28 ms. Memory: 155648K Free: 133774K (86%)
----------------- Invoking toplevel() on ptolemy.moml.MoMLSimpleApplication@213c774e
----------------- Done invoking toplevel() on ptolemy.moml.MoMLSimpleApplication@213c774e
reloadAllAccessors: .CatchUpComposite3

===========================================================================================
----------------- testing Tue Aug 27 05:32:13 UTC 2019 /home/travis/build/icyphy/ptII/ptolemy/actor/lib/hoc/test/auto/CatchUpComposite4.xml
----------------- Instantiating /home/travis/build/icyphy/ptII/ptolemy/actor/lib/hoc/test/auto/CatchUpComposite4.xml
17 ms. Memory: 155648K Free: 125768K (81%)
----------------- Invoking toplevel() on ptolemy.moml.MoMLSimpleApplication@6255b55e
----------------- Done invoking toplevel() on ptolemy.moml.MoMLSimpleApplication@6255b55e
reloadAllAccessors: .CatchUpComposite4

===========================================================================================
----------------- testing Tue Aug 27 05:32:13 UTC 2019 /home/travis/build/icyphy/ptII/ptolemy/actor/lib/hoc/test/auto/CatchUpComposite5.xml
----------------- Instantiating /home/travis/build/icyphy/ptII/ptolemy/actor/lib/hoc/test/auto/CatchUpComposite5.xml
11 ms. Memory: 155648K Free: 118009K (76%)
----------------- Invoking toplevel() on ptolemy.moml.MoMLSimpleApplication@5d7f713e
----------------- Done invoking toplevel() on ptolemy.moml.MoMLSimpleApplication@5d7f713e
reloadAllAccessors: .CatchUpComposite5

===========================================================================================
----------------- testing Tue Aug 27 05:32:13 UTC 2019 /home/travis/build/icyphy/ptII/ptolemy/actor/lib/hoc/test/auto/CatchUpComposite6.xml
----------------- Instantiating /home/travis/build/icyphy/ptII/ptolemy/actor/lib/hoc/test/auto/CatchUpComposite6.xml
WARNING: The execution aspects in this model can influence the timing of actors by delaying the 
execution, potentially changing the behavior. There is no guarantee that actors fire at the 
time they request to be fired. 
Use Ptides for deterministic DE behavior that is not influenced by execution aspects. 

96 ms. Memory: 155648K Free: 103270K (66%)
----------------- Invoking toplevel() on ptolemy.moml.MoMLSimpleApplication@5ce247fc
----------------- Done invoking toplevel() on ptolemy.moml.MoMLSimpleApplication@5ce247fc
reloadAllAccessors: .CatchUpComposite6

===========================================================================================
----------------- testing Tue Aug 27 05:32:13 UTC 2019 /home/travis/build/icyphy/ptII/ptolemy/actor/lib/hoc/test/auto/CatchUpComposite7.xml
----------------- Instantiating /home/travis/build/icyphy/ptII/ptolemy/actor/lib/hoc/test/auto/CatchUpComposite7.xml
WARNING: The execution aspects in this model can influence the timing of actors by delaying the 
execution, potentially changing the behavior. There is no guarantee that actors fire at the 
time they request to be fired. 
Use Ptides for deterministic DE behavior that is not influenced by execution aspects. 

47 ms. Memory: 155648K Free: 89337K (57%)
----------------- Invoking toplevel() on ptolemy.moml.MoMLSimpleApplication@192ca1f9
----------------- Done invoking toplevel() on ptolemy.moml.MoMLSimpleApplication@192ca1f9
reloadAllAccessors: .CatchUpComposite7

===========================================================================================
----------------- testing Tue Aug 27 05:32:13 UTC 2019 /home/travis/build/icyphy/ptII/ptolemy/actor/lib/hoc/test/auto/ConcurrentExecutionTimeSDF.xml
----------------- Instantiating /home/travis/build/icyphy/ptII/ptolemy/actor/lib/hoc/test/auto/ConcurrentExecutionTimeSDF.xml
Fired ExecutionTime: 40400000
Fired ExecutionTime: 40400000
Fired ExecutionTime: 40400000
Fired ExecutionTime: 40400000
Fired ExecutionTime: 40400000
Fired ExecutionTime: 40400000
Fired ExecutionTime: 40400000
Fired ExecutionTime: 40400000
Fired ExecutionTime: 40400000
Fired ExecutionTime: 40400000
Fired ExecutionTime: 40400000
Fired ExecutionTime: 40400000
Fired ExecutionTime: 40400000
Fired ExecutionTime: 40400000
Fired ExecutionTime: 40400000
Fired ExecutionTime: 40400000
Fired ExecutionTime: 40400000
Fired ExecutionTime: 40400000
Fired ExecutionTime: 40400000
Fired ExecutionTime: 40400000
1084 ms. Memory: 155648K Free: 82574K (53%)
----------------- Invoking toplevel() on ptolemy.moml.MoMLSimpleApplication@5f4c3b7a
----------------- Done invoking toplevel() on ptolemy.moml.MoMLSimpleApplication@5f4c3b7a
reloadAllAccessors: .ConcurrentExecutionTimeSDF

===========================================================================================
----------------- testing Tue Aug 27 05:32:14 UTC 2019 /home/travis/build/icyphy/ptII/ptolemy/actor/lib/hoc/test/auto/ConcurrentSleep.xml
----------------- Instantiating /home/travis/build/icyphy/ptII/ptolemy/actor/lib/hoc/test/auto/ConcurrentSleep.xml
727 ms. Memory: 155648K Free: 131719K (85%)
----------------- Invoking toplevel() on ptolemy.moml.MoMLSimpleApplication@71a30c19
----------------- Done invoking toplevel() on ptolemy.moml.MoMLSimpleApplication@71a30c19
reloadAllAccessors: .ConcurrentSleep

===========================================================================================
----------------- testing Tue Aug 27 05:32:15 UTC 2019 /home/travis/build/icyphy/ptII/ptolemy/actor/lib/hoc/test/auto/DEInPNInRunCompositeActor.xml
----------------- Instantiating /home/travis/build/icyphy/ptII/ptolemy/actor/lib/hoc/test/auto/DEInPNInRunCompositeActor.xml
11 ms. Memory: 155648K Free: 125583K (81%)
----------------- Invoking toplevel() on ptolemy.moml.MoMLSimpleApplication@3ae0ac6d
----------------- Done invoking toplevel() on ptolemy.moml.MoMLSimpleApplication@3ae0ac6d
reloadAllAccessors: .DEInPNInRunCompositeActor

===========================================================================================
----------------- testing Tue Aug 27 05:32:15 UTC 2019 /home/travis/build/icyphy/ptII/ptolemy/actor/lib/hoc/test/auto/DFTSubSetTest.xml
----------------- Instantiating /home/travis/build/icyphy/ptII/ptolemy/actor/lib/hoc/test/auto/DFTSubSetTest.xml
177 ms. Memory: 155648K Free: 83093K (53%)
----------------- Invoking toplevel() on ptolemy.moml.MoMLSimpleApplication@c20754e
----------------- Done invoking toplevel() on ptolemy.moml.MoMLSimpleApplication@c20754e
reloadAllAccessors: .DFTSubSetTest

===========================================================================================
----------------- testing Tue Aug 27 05:32:15 UTC 2019 /home/travis/build/icyphy/ptII/ptolemy/actor/lib/hoc/test/auto/HocDE.xml
----------------- Instantiating /home/travis/build/icyphy/ptII/ptolemy/actor/lib/hoc/test/auto/HocDE.xml
154 ms. Memory: 155648K Free: 132402K (85%)
----------------- Invoking toplevel() on ptolemy.moml.MoMLSimpleApplication@4f4ef5c0
----------------- Done invoking toplevel() on ptolemy.moml.MoMLSimpleApplication@4f4ef5c0
reloadAllAccessors: .HocDE

===========================================================================================
----------------- testing Tue Aug 27 05:32:15 UTC 2019 /home/travis/build/icyphy/ptII/ptolemy/actor/lib/hoc/test/auto/IterateOverArray.xml
----------------- Instantiating /home/travis/build/icyphy/ptII/ptolemy/actor/lib/hoc/test/auto/IterateOverArray.xml
7 ms. Memory: 155648K Free: 127545K (82%)
----------------- Invoking toplevel() on ptolemy.moml.MoMLSimpleApplication@4c7daacd
----------------- Done invoking toplevel() on ptolemy.moml.MoMLSimpleApplication@4c7daacd
reloadAllAccessors: .IterateOverArray

===========================================================================================
----------------- testing Tue Aug 27 05:32:15 UTC 2019 /home/travis/build/icyphy/ptII/ptolemy/actor/lib/hoc/test/auto/IterateOverArray10.xml
----------------- Instantiating /home/travis/build/icyphy/ptII/ptolemy/actor/lib/hoc/test/auto/IterateOverArray10.xml
4 ms. Memory: 155648K Free: 124473K (80%)
----------------- Invoking toplevel() on ptolemy.moml.MoMLSimpleApplication@4d660d47
----------------- Done invoking toplevel() on ptolemy.moml.MoMLSimpleApplication@4d660d47
reloadAllAccessors: .IterateOverArray10

===========================================================================================
----------------- testing Tue Aug 27 05:32:16 UTC 2019 /home/travis/build/icyphy/ptII/ptolemy/actor/lib/hoc/test/auto/IterateOverArray11.xml
----------------- Instantiating /home/travis/build/icyphy/ptII/ptolemy/actor/lib/hoc/test/auto/IterateOverArray11.xml
5 ms. Memory: 155648K Free: 120377K (77%)
----------------- Invoking toplevel() on ptolemy.moml.MoMLSimpleApplication@5da96a5f
----------------- Done invoking toplevel() on ptolemy.moml.MoMLSimpleApplication@5da96a5f
reloadAllAccessors: .IterateOverArray11

===========================================================================================
----------------- testing Tue Aug 27 05:32:16 UTC 2019 /home/travis/build/icyphy/ptII/ptolemy/actor/lib/hoc/test/auto/IterateOverArray12.xml
----------------- Instantiating /home/travis/build/icyphy/ptII/ptolemy/actor/lib/hoc/test/auto/IterateOverArray12.xml
17 ms. Memory: 155648K Free: 114233K (73%)
----------------- Invoking toplevel() on ptolemy.moml.MoMLSimpleApplication@743ef02a
----------------- Done invoking toplevel() on ptolemy.moml.MoMLSimpleApplication@743ef02a
reloadAllAccessors: .IterateOverArray12

===========================================================================================
----------------- testing Tue Aug 27 05:32:16 UTC 2019 /home/travis/build/icyphy/ptII/ptolemy/actor/lib/hoc/test/auto/IterateOverArray13.xml
----------------- Instantiating /home/travis/build/icyphy/ptII/ptolemy/actor/lib/hoc/test/auto/IterateOverArray13.xml
75 ms. Memory: 155648K Free: 85561K (55%)
----------------- Invoking toplevel() on ptolemy.moml.MoMLSimpleApplication@3b994f5a
----------------- Done invoking toplevel() on ptolemy.moml.MoMLSimpleApplication@3b994f5a
reloadAllAccessors: .IterateOverArray13

===========================================================================================
----------------- testing Tue Aug 27 05:32:16 UTC 2019 /home/travis/build/icyphy/ptII/ptolemy/actor/lib/hoc/test/auto/IterateOverArray14.xml
----------------- Instantiating /home/travis/build/icyphy/ptII/ptolemy/actor/lib/hoc/test/auto/IterateOverArray14.xml
93 ms. Memory: 155648K Free: 137255K (88%)
----------------- Invoking toplevel() on ptolemy.moml.MoMLSimpleApplication@52ab0f8d
----------------- Done invoking toplevel() on ptolemy.moml.MoMLSimpleApplication@52ab0f8d
reloadAllAccessors: .IterateOverArray14

===========================================================================================
----------------- testing Tue Aug 27 05:32:16 UTC 2019 /home/travis/build/icyphy/ptII/ptolemy/actor/lib/hoc/test/auto/IterateOverArray2.xml
----------------- Instantiating /home/travis/build/icyphy/ptII/ptolemy/actor/lib/hoc/test/auto/IterateOverArray2.xml
10 ms. Memory: 155648K Free: 132688K (85%)
----------------- Invoking toplevel() on ptolemy.moml.MoMLSimpleApplication@3f8b4ee
----------------- Done invoking toplevel() on ptolemy.moml.MoMLSimpleApplication@3f8b4ee
reloadAllAccessors: .IterateOverArray2

===========================================================================================
----------------- testing Tue Aug 27 05:32:16 UTC 2019 /home/travis/build/icyphy/ptII/ptolemy/actor/lib/hoc/test/auto/IterateOverArray3.xml
----------------- Instantiating /home/travis/build/icyphy/ptII/ptolemy/actor/lib/hoc/test/auto/IterateOverArray3.xml
18 ms. Memory: 155648K Free: 126528K (81%)
----------------- Invoking toplevel() on ptolemy.moml.MoMLSimpleApplication@19781c3b
----------------- Done invoking toplevel() on ptolemy.moml.MoMLSimpleApplication@19781c3b
reloadAllAccessors: .IterateOverArray3

===========================================================================================
----------------- testing Tue Aug 27 05:32:16 UTC 2019 /home/travis/build/icyphy/ptII/ptolemy/actor/lib/hoc/test/auto/IterateOverArray4.xml
----------------- Instantiating /home/travis/build/icyphy/ptII/ptolemy/actor/lib/hoc/test/auto/IterateOverArray4.xml
5 ms. Memory: 155648K Free: 122448K (79%)
----------------- Invoking toplevel() on ptolemy.moml.MoMLSimpleApplication@7e4de0ff
----------------- Done invoking toplevel() on ptolemy.moml.MoMLSimpleApplication@7e4de0ff
reloadAllAccessors: .IterateOverArray4

===========================================================================================
----------------- testing Tue Aug 27 05:32:16 UTC 2019 /home/travis/build/icyphy/ptII/ptolemy/actor/lib/hoc/test/auto/IterateOverArray5.xml
----------------- Instantiating /home/travis/build/icyphy/ptII/ptolemy/actor/lib/hoc/test/auto/IterateOverArray5.xml
4 ms. Memory: 155648K Free: 118352K (76%)
----------------- Invoking toplevel() on ptolemy.moml.MoMLSimpleApplication@10333957
----------------- Done invoking toplevel() on ptolemy.moml.MoMLSimpleApplication@10333957
reloadAllAccessors: .IterateOverArray5

===========================================================================================
----------------- testing Tue Aug 27 05:32:16 UTC 2019 /home/travis/build/icyphy/ptII/ptolemy/actor/lib/hoc/test/auto/IterateOverArray6.xml
----------------- Instantiating /home/travis/build/icyphy/ptII/ptolemy/actor/lib/hoc/test/auto/IterateOverArray6.xml
3 ms. Memory: 155648K Free: 114780K (74%)
----------------- Invoking toplevel() on ptolemy.moml.MoMLSimpleApplication@3b8d74f
----------------- Done invoking toplevel() on ptolemy.moml.MoMLSimpleApplication@3b8d74f
reloadAllAccessors: .IterateOverArray6

===========================================================================================
----------------- testing Tue Aug 27 05:32:16 UTC 2019 /home/travis/build/icyphy/ptII/ptolemy/actor/lib/hoc/test/auto/IterateOverArray7.xml
----------------- Instantiating /home/travis/build/icyphy/ptII/ptolemy/actor/lib/hoc/test/auto/IterateOverArray7.xml
4 ms. Memory: 155648K Free: 110160K (71%)
----------------- Invoking toplevel() on ptolemy.moml.MoMLSimpleApplication@46d4f57e
----------------- Done invoking toplevel() on ptolemy.moml.MoMLSimpleApplication@46d4f57e
reloadAllAccessors: .IterateOverArray7

===========================================================================================
----------------- testing Tue Aug 27 05:32:16 UTC 2019 /home/travis/build/icyphy/ptII/ptolemy/actor/lib/hoc/test/auto/IterateOverArray8.xml
----------------- Instantiating /home/travis/build/icyphy/ptII/ptolemy/actor/lib/hoc/test/auto/IterateOverArray8.xml
4 ms. Memory: 155648K Free: 106064K (68%)
----------------- Invoking toplevel() on ptolemy.moml.MoMLSimpleApplication@6dceb8c6
----------------- Done invoking toplevel() on ptolemy.moml.MoMLSimpleApplication@6dceb8c6
reloadAllAccessors: .IterateOverArray8

===========================================================================================
----------------- testing Tue Aug 27 05:32:16 UTC 2019 /home/travis/build/icyphy/ptII/ptolemy/actor/lib/hoc/test/auto/IterateOverArray9.xml
----------------- Instantiating /home/travis/build/icyphy/ptII/ptolemy/actor/lib/hoc/test/auto/IterateOverArray9.xml
8 ms. Memory: 155648K Free: 101968K (66%)
----------------- Invoking toplevel() on ptolemy.moml.MoMLSimpleApplication@19e918f3
----------------- Done invoking toplevel() on ptolemy.moml.MoMLSimpleApplication@19e918f3
reloadAllAccessors: .IterateOverArray9

===========================================================================================
----------------- testing Tue Aug 27 05:32:16 UTC 2019 /home/travis/build/icyphy/ptII/ptolemy/actor/lib/hoc/test/auto/IterateOverArrayCoercedOutputType.xml
----------------- Instantiating /home/travis/build/icyphy/ptII/ptolemy/actor/lib/hoc/test/auto/IterateOverArrayCoercedOutputType.xml
9 ms. Memory: 155648K Free: 96847K (62%)
----------------- Invoking toplevel() on ptolemy.moml.MoMLSimpleApplication@34691afc
----------------- Done invoking toplevel() on ptolemy.moml.MoMLSimpleApplication@34691afc
reloadAllAccessors: .IterateOverArrayCoercedOutputType

===========================================================================================
----------------- testing Tue Aug 27 05:32:16 UTC 2019 /home/travis/build/icyphy/ptII/ptolemy/actor/lib/hoc/test/auto/IterateOverArrayInferredOutputType.xml
----------------- Instantiating /home/travis/build/icyphy/ptII/ptolemy/actor/lib/hoc/test/auto/IterateOverArrayInferredOutputType.xml
7 ms. Memory: 155648K Free: 92284K (59%)
----------------- Invoking toplevel() on ptolemy.moml.MoMLSimpleApplication@1cc84fa2
----------------- Done invoking toplevel() on ptolemy.moml.MoMLSimpleApplication@1cc84fa2
reloadAllAccessors: .IterateOverArrayInferredOutputType

===========================================================================================
----------------- testing Tue Aug 27 05:32:16 UTC 2019 /home/travis/build/icyphy/ptII/ptolemy/actor/lib/hoc/test/auto/MobileFunctionTest.xml
----------------- Instantiating /home/travis/build/icyphy/ptII/ptolemy/actor/lib/hoc/test/auto/MobileFunctionTest.xml
4 ms. Memory: 155648K Free: 88188K (57%)
----------------- Invoking toplevel() on ptolemy.moml.MoMLSimpleApplication@70bfaada
----------------- Done invoking toplevel() on ptolemy.moml.MoMLSimpleApplication@70bfaada
reloadAllAccessors: .MobileFunctionTest

===========================================================================================
----------------- testing Tue Aug 27 05:32:16 UTC 2019 /home/travis/build/icyphy/ptII/ptolemy/actor/lib/hoc/test/auto/MobileModelTest.xml
----------------- Instantiating /home/travis/build/icyphy/ptII/ptolemy/actor/lib/hoc/test/auto/MobileModelTest.xml
168 ms. Memory: 155648K Free: 67105K (43%)
----------------- Invoking toplevel() on ptolemy.moml.MoMLSimpleApplication@3df4ec8b
----------------- Done invoking toplevel() on ptolemy.moml.MoMLSimpleApplication@3df4ec8b
reloadAllAccessors: .MobileModelTest

===========================================================================================
----------------- testing Tue Aug 27 05:32:16 UTC 2019 /home/travis/build/icyphy/ptII/ptolemy/actor/lib/hoc/test/auto/ModelReference.xml
----------------- Instantiating /home/travis/build/icyphy/ptII/ptolemy/actor/lib/hoc/test/auto/ModelReference.xml
2 ms. Memory: 155648K Free: 60524K (39%)
6 ms. Memory: 155648K Free: 59946K (39%)
2 ms. Memory: 155648K Free: 58960K (38%)
2 ms. Memory: 155648K Free: 58383K (38%)
2 ms. Memory: 155648K Free: 57444K (37%)
1 ms. Memory: 155648K Free: 56428K (36%)
1 ms. Memory: 155648K Free: 55858K (36%)
3 ms. Memory: 155648K Free: 54863K (35%)
2 ms. Memory: 155648K Free: 54287K (35%)
1 ms. Memory: 155648K Free: 53300K (34%)
31 ms. Memory: 155648K Free: 53300K (34%)
----------------- Invoking toplevel() on ptolemy.moml.MoMLSimpleApplication@1e96e8bf
----------------- Done invoking toplevel() on ptolemy.moml.MoMLSimpleApplication@1e96e8bf
reloadAllAccessors: .ModelReference

===========================================================================================
----------------- testing Tue Aug 27 05:32:17 UTC 2019 /home/travis/build/icyphy/ptII/ptolemy/actor/lib/hoc/test/auto/ModelReference3.xml
----------------- Instantiating /home/travis/build/icyphy/ptII/ptolemy/actor/lib/hoc/test/auto/ModelReference3.xml
2 ms. Memory: 155648K Free: 138674K (89%)
4 ms. Memory: 155648K Free: 137650K (88%)
2 ms. Memory: 155648K Free: 137140K (88%)
3 ms. Memory: 155648K Free: 136116K (87%)
2 ms. Memory: 155648K Free: 135092K (87%)
1 ms. Memory: 155648K Free: 134578K (86%)
4 ms. Memory: 155648K Free: 133554K (86%)
4 ms. Memory: 155648K Free: 133044K (85%)
2 ms. Memory: 155648K Free: 132020K (85%)
1 ms. Memory: 155648K Free: 131492K (84%)
31 ms. Memory: 155648K Free: 131492K (84%)
----------------- Invoking toplevel() on ptolemy.moml.MoMLSimpleApplication@58f8313a
----------------- Done invoking toplevel() on ptolemy.moml.MoMLSimpleApplication@58f8313a
reloadAllAccessors: .ModelReference3

===========================================================================================
----------------- testing Tue Aug 27 05:32:17 UTC 2019 /home/travis/build/icyphy/ptII/ptolemy/actor/lib/hoc/test/auto/ModelReference4.xml
----------------- Instantiating /home/travis/build/icyphy/ptII/ptolemy/actor/lib/hoc/test/auto/ModelReference4.xml
2 ms. Memory: 155648K Free: 126900K (82%)
3 ms. Memory: 155648K Free: 125356K (81%)
2 ms. Memory: 155648K Free: 124324K (80%)
2 ms. Memory: 155648K Free: 123314K (79%)
3 ms. Memory: 155648K Free: 121780K (78%)
1 ms. Memory: 155648K Free: 120756K (78%)
3 ms. Memory: 155648K Free: 119212K (77%)
2 ms. Memory: 155648K Free: 118180K (76%)
2 ms. Memory: 155648K Free: 117164K (75%)
2 ms. Memory: 155648K Free: 115636K (74%)
10020 ms. Memory: 155648K Free: 115636K (74%)
----------------- Invoking toplevel() on ptolemy.moml.MoMLSimpleApplication@663b7417
----------------- Done invoking toplevel() on ptolemy.moml.MoMLSimpleApplication@663b7417
reloadAllAccessors: .ModelReference4

===========================================================================================
----------------- testing Tue Aug 27 05:32:27 UTC 2019 /home/travis/build/icyphy/ptII/ptolemy/actor/lib/hoc/test/auto/MultiInstanceComposite.xml
----------------- Instantiating /home/travis/build/icyphy/ptII/ptolemy/actor/lib/hoc/test/auto/MultiInstanceComposite.xml
26 ms. Memory: 155648K Free: 96690K (62%)
----------------- Invoking toplevel() on ptolemy.moml.MoMLSimpleApplication@383981c
----------------- Done invoking toplevel() on ptolemy.moml.MoMLSimpleApplication@383981c
reloadAllAccessors: .MultiInstanceComposite

===========================================================================================
----------------- testing Tue Aug 27 05:32:27 UTC 2019 /home/travis/build/icyphy/ptII/ptolemy/actor/lib/hoc/test/auto/MultiInstanceComposite2.xml
----------------- Instantiating /home/travis/build/icyphy/ptII/ptolemy/actor/lib/hoc/test/auto/MultiInstanceComposite2.xml
16 ms. Memory: 155648K Free: 85426K (55%)
----------------- Invoking toplevel() on ptolemy.moml.MoMLSimpleApplication@ebac821
----------------- Done invoking toplevel() on ptolemy.moml.MoMLSimpleApplication@ebac821
reloadAllAccessors: .MultiInstanceComposite2

===========================================================================================
----------------- testing Tue Aug 27 05:32:27 UTC 2019 /home/travis/build/icyphy/ptII/ptolemy/actor/lib/hoc/test/auto/MulticoreExecution.xml
----------------- Instantiating /home/travis/build/icyphy/ptII/ptolemy/actor/lib/hoc/test/auto/MulticoreExecution.xml
Fired ExecutionTime: 4400000
Fired ExecutionTime: 2000000
Fired ExecutionTime: 4400000
Fired ExecutionTime: 2000000
Fired ExecutionTime: 2800000
Fired ExecutionTime: 3200000
Fired ExecutionTime: 2800000
Fired ExecutionTime: 2800000
Fired ExecutionTime: 4400000
Fired ExecutionTime: 2000000
Fired ExecutionTime: 3600000
Fired ExecutionTime: 2400000
Fired ExecutionTime: 2800000
Fired ExecutionTime: 2400000
Fired ExecutionTime: 50800000
Fired ExecutionTime: 51600000
Fired ExecutionTime: 40000000
Fired ExecutionTime: 64000000
Fired ExecutionTime: 53200000
Fired ExecutionTime: 62000000
1106 ms. Memory: 155648K Free: 76724K (49%)
----------------- Invoking toplevel() on ptolemy.moml.MoMLSimpleApplication@795d0587
----------------- Done invoking toplevel() on ptolemy.moml.MoMLSimpleApplication@795d0587
reloadAllAccessors: .MulticoreExecution

===========================================================================================
----------------- testing Tue Aug 27 05:32:28 UTC 2019 /home/travis/build/icyphy/ptII/ptolemy/actor/lib/hoc/test/auto/ParallelExecution.xml
----------------- Instantiating /home/travis/build/icyphy/ptII/ptolemy/actor/lib/hoc/test/auto/ParallelExecution.xml
915 ms. Memory: 155648K Free: 69042K (44%)
----------------- Invoking toplevel() on ptolemy.moml.MoMLSimpleApplication@47e57789
----------------- Done invoking toplevel() on ptolemy.moml.MoMLSimpleApplication@47e57789
reloadAllAccessors: .ParallelExecution

===========================================================================================
----------------- testing Tue Aug 27 05:32:29 UTC 2019 /home/travis/build/icyphy/ptII/ptolemy/actor/lib/hoc/test/auto/RunCompositeActor.xml
----------------- Instantiating /home/travis/build/icyphy/ptII/ptolemy/actor/lib/hoc/test/auto/RunCompositeActor.xml
7 ms. Memory: 155648K Free: 61868K (40%)
----------------- Invoking toplevel() on ptolemy.moml.MoMLSimpleApplication@3fb27d2
----------------- Done invoking toplevel() on ptolemy.moml.MoMLSimpleApplication@3fb27d2
reloadAllAccessors: .RunCompositeActor

===========================================================================================
----------------- testing Tue Aug 27 05:32:29 UTC 2019 /home/travis/build/icyphy/ptII/ptolemy/actor/lib/hoc/test/auto/RunCompositeActor2.xml
----------------- Instantiating /home/travis/build/icyphy/ptII/ptolemy/actor/lib/hoc/test/auto/RunCompositeActor2.xml
9 ms. Memory: 155648K Free: 55716K (36%)
----------------- Invoking toplevel() on ptolemy.moml.MoMLSimpleApplication@60685675
----------------- Done invoking toplevel() on ptolemy.moml.MoMLSimpleApplication@60685675
reloadAllAccessors: .RunCompositeActor2

===========================================================================================
----------------- testing Tue Aug 27 05:32:29 UTC 2019 /home/travis/build/icyphy/ptII/ptolemy/actor/lib/hoc/test/auto/RunCompositeActor3.xml
----------------- Instantiating /home/travis/build/icyphy/ptII/ptolemy/actor/lib/hoc/test/auto/RunCompositeActor3.xml
11 ms. Memory: 155648K Free: 140264K (90%)
----------------- Invoking toplevel() on ptolemy.moml.MoMLSimpleApplication@1fe37d7d
----------------- Done invoking toplevel() on ptolemy.moml.MoMLSimpleApplication@1fe37d7d
reloadAllAccessors: .RunCompositeActor3

===========================================================================================
----------------- testing Tue Aug 27 05:32:29 UTC 2019 /home/travis/build/icyphy/ptII/ptolemy/actor/lib/hoc/test/auto/RunCompositeActor4.xml
----------------- Instantiating /home/travis/build/icyphy/ptII/ptolemy/actor/lib/hoc/test/auto/RunCompositeActor4.xml
11 ms. Memory: 155648K Free: 131589K (85%)
----------------- Invoking toplevel() on ptolemy.moml.MoMLSimpleApplication@108a3bdf
----------------- Done invoking toplevel() on ptolemy.moml.MoMLSimpleApplication@108a3bdf
reloadAllAccessors: .RunCompositeActor4

===========================================================================================
----------------- testing Tue Aug 27 05:32:29 UTC 2019 /home/travis/build/icyphy/ptII/ptolemy/actor/lib/hoc/test/auto/RunCompositeIterateOverArray.xml
----------------- Instantiating /home/travis/build/icyphy/ptII/ptolemy/actor/lib/hoc/test/auto/RunCompositeIterateOverArray.xml
11 ms. Memory: 155648K Free: 126003K (81%)
----------------- Invoking toplevel() on ptolemy.moml.MoMLSimpleApplication@6d4da87c
----------------- Done invoking toplevel() on ptolemy.moml.MoMLSimpleApplication@6d4da87c
reloadAllAccessors: .RunCompositeIterateOverArray

===========================================================================================
----------------- testing Tue Aug 27 05:32:29 UTC 2019 /home/travis/build/icyphy/ptII/ptolemy/actor/lib/hoc/test/auto/ThreadedJS.xml
----------------- Instantiating /home/travis/build/icyphy/ptII/ptolemy/actor/lib/hoc/test/auto/ThreadedJS.xml
6315 ms. Memory: 225280K Free: 83240K (37%)
----------------- Invoking toplevel() on ptolemy.moml.MoMLSimpleApplication@6ffc0b4a
----------------- Done invoking toplevel() on ptolemy.moml.MoMLSimpleApplication@6ffc0b4a
reloadAllAccessors: .ThreadedJS
AutoTests.java: About to close Vertx.
AutoTests.java: Vertx closed.
]]></system-out>
  <system-err><![CDATA[java.lang.RuntimeException: Execution failed
	at ptolemy.moml.MoMLSimpleApplication$UnloadThread.run(MoMLSimpleApplication.java:402)
Caused by: ptolemy.kernel.util.IllegalActionException: initialize() was called after wrapup() was called but preinitialize() was not called after wrapup().
	at ptolemy.actor.lib.hoc.test.PreinitializeMustBeInvoked.initialize(PreinitializeMustBeInvoked.java:78)
	at ptolemy.actor.Director.initialize(Director.java:938)
	at ptolemy.actor.Director.initialize(Director.java:907)
	at ptolemy.actor.sched.StaticSchedulingDirector.initialize(StaticSchedulingDirector.java:159)
	at ptolemy.domains.sdf.kernel.SDFDirector.initialize(SDFDirector.java:544)
	at ptolemy.actor.CompositeActor.initialize(CompositeActor.java:935)
	at ptolemy.actor.lib.hoc.LifeCycleManager._executeInsideModel(LifeCycleManager.java:339)
	at ptolemy.actor.lib.hoc.RunCompositeActor.fire(RunCompositeActor.java:205)
	at ptolemy.actor.CompositeActor.iterate(CompositeActor.java:1146)
	at ptolemy.actor.sched.StaticSchedulingDirector.fire(StaticSchedulingDirector.java:216)
	at ptolemy.domains.sdf.kernel.SDFDirector.fire(SDFDirector.java:500)
	at ptolemy.actor.CompositeActor.fire(CompositeActor.java:455)
	at ptolemy.actor.Manager.iterate(Manager.java:851)
	at ptolemy.actor.Manager.execute(Manager.java:369)
	at ptolemy.actor.Manager.run(Manager.java:1263)
	at ptolemy.actor.Manager$PtolemyRunThread.run(Manager.java:1933)
java.lang.reflect.InvocationTargetException
	at java.base/jdk.internal.reflect.NativeConstructorAccessorImpl.newInstance0(Native Method)
	at java.base/jdk.internal.reflect.NativeConstructorAccessorImpl.newInstance(NativeConstructorAccessorImpl.java:62)
	at java.base/jdk.internal.reflect.DelegatingConstructorAccessorImpl.newInstance(DelegatingConstructorAccessorImpl.java:45)
	at java.base/java.lang.reflect.Constructor.newInstance(Constructor.java:490)
	at ptolemy.util.test.junit.AutoKnownFailedTests.RunModel(AutoKnownFailedTests.java:105)
	at java.base/jdk.internal.reflect.NativeMethodAccessorImpl.invoke0(Native Method)
	at java.base/jdk.internal.reflect.NativeMethodAccessorImpl.invoke(NativeMethodAccessorImpl.java:62)
	at java.base/jdk.internal.reflect.DelegatingMethodAccessorImpl.invoke(DelegatingMethodAccessorImpl.java:43)
	at java.base/java.lang.reflect.Method.invoke(Method.java:566)
	at org.junit.runners.model.FrameworkMethod$1.runReflectiveCall(FrameworkMethod.java:44)
	at org.junit.internal.runners.model.ReflectiveCallable.run(ReflectiveCallable.java:15)
	at org.junit.runners.model.FrameworkMethod.invokeExplosively(FrameworkMethod.java:41)
	at junitparams.internal.InvokeParameterisedMethod.evaluate(InvokeParameterisedMethod.java:102)
	at org.junit.internal.runners.statements.FailOnTimeout$1.run(FailOnTimeout.java:28)
Caused by: ptolemy.kernel.util.IllegalActionException: initialize() was called after wrapup() was called but preinitialize() was not called after wrapup().
	at ptolemy.actor.lib.hoc.test.PreinitializeMustBeInvoked.initialize(PreinitializeMustBeInvoked.java:78)
	at ptolemy.actor.Director.initialize(Director.java:938)
	at ptolemy.actor.Director.initialize(Director.java:907)
	at ptolemy.actor.sched.StaticSchedulingDirector.initialize(StaticSchedulingDirector.java:159)
	at ptolemy.domains.sdf.kernel.SDFDirector.initialize(SDFDirector.java:544)
	at ptolemy.actor.CompositeActor.initialize(CompositeActor.java:935)
	at ptolemy.actor.lib.hoc.LifeCycleManager._executeInsideModel(LifeCycleManager.java:339)
	at ptolemy.actor.lib.hoc.RunCompositeActor.fire(RunCompositeActor.java:205)
	at ptolemy.actor.CompositeActor.iterate(CompositeActor.java:1146)
	at ptolemy.actor.sched.StaticSchedulingDirector.fire(StaticSchedulingDirector.java:216)
	at ptolemy.domains.sdf.kernel.SDFDirector.fire(SDFDirector.java:500)
	at ptolemy.actor.CompositeActor.fire(CompositeActor.java:455)
	at ptolemy.actor.Manager.iterate(Manager.java:851)
	at ptolemy.actor.Manager.execute(Manager.java:369)
	at ptolemy.actor.Manager.run(Manager.java:1263)
	at ptolemy.actor.Manager$PtolemyRunThread.run(Manager.java:1933)
Warning: Nashorn engine is planned to be removed from a future JDK release
Warning: Nashorn engine is planned to be removed from a future JDK release
Warning: Nashorn engine is planned to be removed from a future JDK release
Warning: Nashorn engine is planned to be removed from a future JDK release
Warning: Nashorn engine is planned to be removed from a future JDK release
Warning: Nashorn engine is planned to be removed from a future JDK release
Warning: Nashorn engine is planned to be removed from a future JDK release
Warning: Nashorn engine is planned to be removed from a future JDK release
]]></system-err>
</testsuite>
