<?xml version="1.0" encoding="UTF-8" ?>
<testsuite errors="0" failures="0" hostname="travis-job-c3e6673d-9fd9-4d1f-8718-2377d758a135" name="ptolemy.domains.continuous.test.junit.JUnitTclTest" skipped="0" tests="156" time="77.984" timestamp="2019-05-16T04:20:04">
  <properties>
[...]
</properties>
  <testcase classname="ptolemy.util.test.junit.TclTests" name="[0] ThereAreNoTclTests (RunTclFile)" time="0.002" />
  <testcase classname="ptolemy.util.test.junit.AutoKnownFailedTests" name="[0] ThereAreNoKnowFailedTests (RunModel)" time="0.001" />
  <testcase classname="ptolemy.util.test.junit.AutoNameArchTests" name="[0] ThereAreNoAutoArchTests (RunModel)" time="0.001" />
  <testcase classname="ptolemy.util.test.junit.AutoTests" name="[0] /home/travis/build/icyphy/ptII/ptolemy/domains/continuous/test/auto/BouncingBall.xml (RunModel)" time="3.246" />
  <testcase classname="ptolemy.util.test.junit.AutoTests" name="[1] /home/travis/build/icyphy/ptII/ptolemy/domains/continuous/test/auto/BouncingBallWithoutGR.xml (RunModel)" time="0.867" />
  <testcase classname="ptolemy.util.test.junit.AutoTests" name="[2] /home/travis/build/icyphy/ptII/ptolemy/domains/continuous/test/auto/Brownian.xml (RunModel)" time="0.138" />
  <testcase classname="ptolemy.util.test.junit.AutoTests" name="[3] /home/travis/build/icyphy/ptII/ptolemy/domains/continuous/test/auto/CarTracking.xml (RunModel)" time="3.89" />
  <testcase classname="ptolemy.util.test.junit.AutoTests" name="[4] /home/travis/build/icyphy/ptII/ptolemy/domains/continuous/test/auto/CartPendulum.xml (RunModel)" time="0.551" />
  <testcase classname="ptolemy.util.test.junit.AutoTests" name="[5] /home/travis/build/icyphy/ptII/ptolemy/domains/continuous/test/auto/CausalityInterface10.xml (RunModel)" time="0.041" />
  <testcase classname="ptolemy.util.test.junit.AutoTests" name="[6] /home/travis/build/icyphy/ptII/ptolemy/domains/continuous/test/auto/CausalityInterface11.xml (RunModel)" time="0.022" />
  <testcase classname="ptolemy.util.test.junit.AutoTests" name="[7] /home/travis/build/icyphy/ptII/ptolemy/domains/continuous/test/auto/CausalityInterface12.xml (RunModel)" time="0.022" />
  <testcase classname="ptolemy.util.test.junit.AutoTests" name="[8] /home/travis/build/icyphy/ptII/ptolemy/domains/continuous/test/auto/CausalityInterface13.xml (RunModel)" time="0.026" />
  <testcase classname="ptolemy.util.test.junit.AutoTests" name="[9] /home/travis/build/icyphy/ptII/ptolemy/domains/continuous/test/auto/CausalityInterface14.xml (RunModel)" time="0.028" />
  <testcase classname="ptolemy.util.test.junit.AutoTests" name="[10] /home/travis/build/icyphy/ptII/ptolemy/domains/continuous/test/auto/CausalityInterface4.xml (RunModel)" time="0.056" />
  <testcase classname="ptolemy.util.test.junit.AutoTests" name="[11] /home/travis/build/icyphy/ptII/ptolemy/domains/continuous/test/auto/CausalityInterface5.xml (RunModel)" time="0.06" />
  <testcase classname="ptolemy.util.test.junit.AutoTests" name="[12] /home/travis/build/icyphy/ptII/ptolemy/domains/continuous/test/auto/CausalityInterface6.xml (RunModel)" time="0.029" />
  <testcase classname="ptolemy.util.test.junit.AutoTests" name="[13] /home/travis/build/icyphy/ptII/ptolemy/domains/continuous/test/auto/CausalityInterface7.xml (RunModel)" time="0.043" />
  <testcase classname="ptolemy.util.test.junit.AutoTests" name="[14] /home/travis/build/icyphy/ptII/ptolemy/domains/continuous/test/auto/CausalityInterface8.xml (RunModel)" time="0.053" />
  <testcase classname="ptolemy.util.test.junit.AutoTests" name="[15] /home/travis/build/icyphy/ptII/ptolemy/domains/continuous/test/auto/CausalityInterface9.xml (RunModel)" time="0.062" />
  <testcase classname="ptolemy.util.test.junit.AutoTests" name="[16] /home/travis/build/icyphy/ptII/ptolemy/domains/continuous/test/auto/CausalityInterfaceFeedback1.xml (RunModel)" time="0.033" />
  <testcase classname="ptolemy.util.test.junit.AutoTests" name="[17] /home/travis/build/icyphy/ptII/ptolemy/domains/continuous/test/auto/CausalityInterfaceFeedback2.xml (RunModel)" time="0.035" />
  <testcase classname="ptolemy.util.test.junit.AutoTests" name="[18] /home/travis/build/icyphy/ptII/ptolemy/domains/continuous/test/auto/CompareWithCurrentTime.xml (RunModel)" time="0.036" />
  <testcase classname="ptolemy.util.test.junit.AutoTests" name="[19] /home/travis/build/icyphy/ptII/ptolemy/domains/continuous/test/auto/ComparedClocks.xml (RunModel)" time="0.084" />
  <testcase classname="ptolemy.util.test.junit.AutoTests" name="[20] /home/travis/build/icyphy/ptII/ptolemy/domains/continuous/test/auto/ContinuousAOCClone.xml (RunModel)" time="2.691" />
  <testcase classname="ptolemy.util.test.junit.AutoTests" name="[21] /home/travis/build/icyphy/ptII/ptolemy/domains/continuous/test/auto/ContinuousClock.xml (RunModel)" time="0.119" />
  <testcase classname="ptolemy.util.test.junit.AutoTests" name="[22] /home/travis/build/icyphy/ptII/ptolemy/domains/continuous/test/auto/ContinuousInContinuous.xml (RunModel)" time="0.078" />
  <testcase classname="ptolemy.util.test.junit.AutoTests" name="[23] /home/travis/build/icyphy/ptII/ptolemy/domains/continuous/test/auto/ContinuousInContinuousInContinuous.xml (RunModel)" time="0.031" />
  <testcase classname="ptolemy.util.test.junit.AutoTests" name="[24] /home/travis/build/icyphy/ptII/ptolemy/domains/continuous/test/auto/ContinuousInDE.xml (RunModel)" time="0.141" />
  <testcase classname="ptolemy.util.test.junit.AutoTests" name="[25] /home/travis/build/icyphy/ptII/ptolemy/domains/continuous/test/auto/ContinuousInDE2.xml (RunModel)" time="0.054" />
  <testcase classname="ptolemy.util.test.junit.AutoTests" name="[26] /home/travis/build/icyphy/ptII/ptolemy/domains/continuous/test/auto/ContinuousInDE3.xml (RunModel)" time="0.063" />
  <testcase classname="ptolemy.util.test.junit.AutoTests" name="[27] /home/travis/build/icyphy/ptII/ptolemy/domains/continuous/test/auto/ContinuousInDE4.xml (RunModel)" time="0.049" />
  <testcase classname="ptolemy.util.test.junit.AutoTests" name="[28] /home/travis/build/icyphy/ptII/ptolemy/domains/continuous/test/auto/ContinuousInDEDifferentRefinements.xml (RunModel)" time="0.129" />
  <testcase classname="ptolemy.util.test.junit.AutoTests" name="[29] /home/travis/build/icyphy/ptII/ptolemy/domains/continuous/test/auto/ContinuousInDEDifferentRefinementsPreemptive.xml (RunModel)" time="0.104" />
  <testcase classname="ptolemy.util.test.junit.AutoTests" name="[30] /home/travis/build/icyphy/ptII/ptolemy/domains/continuous/test/auto/ContinuousInDEInContinuous2.xml (RunModel)" time="0.074" />
  <testcase classname="ptolemy.util.test.junit.AutoTests" name="[31] /home/travis/build/icyphy/ptII/ptolemy/domains/continuous/test/auto/ContinuousInDEInContinuous3.xml (RunModel)" time="0.067" />
  <testcase classname="ptolemy.util.test.junit.AutoTests" name="[32] /home/travis/build/icyphy/ptII/ptolemy/domains/continuous/test/auto/ContinuousInDEInput.xml (RunModel)" time="0.044" />
  <testcase classname="ptolemy.util.test.junit.AutoTests" name="[33] /home/travis/build/icyphy/ptII/ptolemy/domains/continuous/test/auto/ContinuousInDEInput2.xml (RunModel)" time="0.038" />
  <testcase classname="ptolemy.util.test.junit.AutoTests" name="[34] /home/travis/build/icyphy/ptII/ptolemy/domains/continuous/test/auto/ContinuousInDEInput3.xml (RunModel)" time="0.039" />
  <testcase classname="ptolemy.util.test.junit.AutoTests" name="[35] /home/travis/build/icyphy/ptII/ptolemy/domains/continuous/test/auto/ContinuousInDESharingRefinement.xml (RunModel)" time="0.214" />
  <testcase classname="ptolemy.util.test.junit.AutoTests" name="[36] /home/travis/build/icyphy/ptII/ptolemy/domains/continuous/test/auto/ContinuousInDEwithNoPorts.xml (RunModel)" time="0.037" />
  <testcase classname="ptolemy.util.test.junit.AutoTests" name="[37] /home/travis/build/icyphy/ptII/ptolemy/domains/continuous/test/auto/ContinuousInsideDE.xml (RunModel)" time="0.076" />
  <testcase classname="ptolemy.util.test.junit.AutoTests" name="[38] /home/travis/build/icyphy/ptII/ptolemy/domains/continuous/test/auto/ContinuousMerge1.xml (RunModel)" time="0.014" />
  <testcase classname="ptolemy.util.test.junit.AutoTests" name="[39] /home/travis/build/icyphy/ptII/ptolemy/domains/continuous/test/auto/ContinuousMerge2.xml (RunModel)" time="0.049" />
  <testcase classname="ptolemy.util.test.junit.AutoTests" name="[40] /home/travis/build/icyphy/ptII/ptolemy/domains/continuous/test/auto/ContinuousMerge3.xml (RunModel)" time="0.084" />
  <testcase classname="ptolemy.util.test.junit.AutoTests" name="[41] /home/travis/build/icyphy/ptII/ptolemy/domains/continuous/test/auto/ContinuousWithinContinuous.xml (RunModel)" time="0.067" />
  <testcase classname="ptolemy.util.test.junit.AutoTests" name="[42] /home/travis/build/icyphy/ptII/ptolemy/domains/continuous/test/auto/ContinuousWithinContinuous2.xml (RunModel)" time="0.104" />
  <testcase classname="ptolemy.util.test.junit.AutoTests" name="[43] /home/travis/build/icyphy/ptII/ptolemy/domains/continuous/test/auto/ContinuousWithinContinuous3.xml (RunModel)" time="0.035" />
  <testcase classname="ptolemy.util.test.junit.AutoTests" name="[44] /home/travis/build/icyphy/ptII/ptolemy/domains/continuous/test/auto/ContinuousWithinContinuous4.xml (RunModel)" time="0.101" />
  <testcase classname="ptolemy.util.test.junit.AutoTests" name="[45] /home/travis/build/icyphy/ptII/ptolemy/domains/continuous/test/auto/ContinuousWithinContinuous5.xml (RunModel)" time="0.038" />
  <testcase classname="ptolemy.util.test.junit.AutoTests" name="[46] /home/travis/build/icyphy/ptII/ptolemy/domains/continuous/test/auto/ContinuousWithinContinuous6.xml (RunModel)" time="0.035" />
  <testcase classname="ptolemy.util.test.junit.AutoTests" name="[47] /home/travis/build/icyphy/ptII/ptolemy/domains/continuous/test/auto/ContinuousWithinContinuous7.xml (RunModel)" time="0.081" />
  <testcase classname="ptolemy.util.test.junit.AutoTests" name="[48] /home/travis/build/icyphy/ptII/ptolemy/domains/continuous/test/auto/DCMotor.xml (RunModel)" time="14.982" />
  <testcase classname="ptolemy.util.test.junit.AutoTests" name="[49] /home/travis/build/icyphy/ptII/ptolemy/domains/continuous/test/auto/DEInContinuous.xml (RunModel)" time="0.023" />
  <testcase classname="ptolemy.util.test.junit.AutoTests" name="[50] /home/travis/build/icyphy/ptII/ptolemy/domains/continuous/test/auto/DEinContinuous2.xml (RunModel)" time="0.038" />
  <testcase classname="ptolemy.util.test.junit.AutoTests" name="[51] /home/travis/build/icyphy/ptII/ptolemy/domains/continuous/test/auto/Derivative.xml (RunModel)" time="0.208" />
  <testcase classname="ptolemy.util.test.junit.AutoTests" name="[52] /home/travis/build/icyphy/ptII/ptolemy/domains/continuous/test/auto/Derivative1.xml (RunModel)" time="0.061" />
  <testcase classname="ptolemy.util.test.junit.AutoTests" name="[53] /home/travis/build/icyphy/ptII/ptolemy/domains/continuous/test/auto/DiscreteClock.xml (RunModel)" time="0.025" />
  <testcase classname="ptolemy.util.test.junit.AutoTests" name="[54] /home/travis/build/icyphy/ptII/ptolemy/domains/continuous/test/auto/EfficiencyCurve.xml (RunModel)" time="0.11" />
  <testcase classname="ptolemy.util.test.junit.AutoTests" name="[55] /home/travis/build/icyphy/ptII/ptolemy/domains/continuous/test/auto/ExponentialResponse.xml (RunModel)" time="0.122" />
  <testcase classname="ptolemy.util.test.junit.AutoTests" name="[56] /home/travis/build/icyphy/ptII/ptolemy/domains/continuous/test/auto/ExponentialResponseRK45.xml (RunModel)" time="0.036" />
  <testcase classname="ptolemy.util.test.junit.AutoTests" name="[57] /home/travis/build/icyphy/ptII/ptolemy/domains/continuous/test/auto/Friction.xml (RunModel)" time="1.621" />
  <testcase classname="ptolemy.util.test.junit.AutoTests" name="[58] /home/travis/build/icyphy/ptII/ptolemy/domains/continuous/test/auto/FurutaPendulum.xml (RunModel)" time="3.583" />
  <testcase classname="ptolemy.util.test.junit.AutoTests" name="[59] /home/travis/build/icyphy/ptII/ptolemy/domains/continuous/test/auto/HierarchicalExecution.xml (RunModel)" time="2.218" />
  <testcase classname="ptolemy.util.test.junit.AutoTests" name="[60] /home/travis/build/icyphy/ptII/ptolemy/domains/continuous/test/auto/HybridPlant.xml (RunModel)" time="0.603" />
  <testcase classname="ptolemy.util.test.junit.AutoTests" name="[61] /home/travis/build/icyphy/ptII/ptolemy/domains/continuous/test/auto/Hysteresis.xml (RunModel)" time="0.191" />
  <testcase classname="ptolemy.util.test.junit.AutoTests" name="[62] /home/travis/build/icyphy/ptII/ptolemy/domains/continuous/test/auto/HysteresisWithRandomDelay.xml (RunModel)" time="0.239" />
  <testcase classname="ptolemy.util.test.junit.AutoTests" name="[63] /home/travis/build/icyphy/ptII/ptolemy/domains/continuous/test/auto/HysteresisWithRandomLosses.xml (RunModel)" time="2.502" />
  <testcase classname="ptolemy.util.test.junit.AutoTests" name="[64] /home/travis/build/icyphy/ptII/ptolemy/domains/continuous/test/auto/ImmediateTransitions.xml (RunModel)" time="0.04" />
  <testcase classname="ptolemy.util.test.junit.AutoTests" name="[65] /home/travis/build/icyphy/ptII/ptolemy/domains/continuous/test/auto/ImpulseFeedback.xml (RunModel)" time="0.024" />
  <testcase classname="ptolemy.util.test.junit.AutoTests" name="[66] /home/travis/build/icyphy/ptII/ptolemy/domains/continuous/test/auto/ImpulseFeedback2.xml (RunModel)" time="0.023" />
  <testcase classname="ptolemy.util.test.junit.AutoTests" name="[67] /home/travis/build/icyphy/ptII/ptolemy/domains/continuous/test/auto/IncreasingRatePoisson.xml (RunModel)" time="0.782" />
  <testcase classname="ptolemy.util.test.junit.AutoTests" name="[68] /home/travis/build/icyphy/ptII/ptolemy/domains/continuous/test/auto/InitialStateFeedback.xml (RunModel)" time="0.021" />
  <testcase classname="ptolemy.util.test.junit.AutoTests" name="[69] /home/travis/build/icyphy/ptII/ptolemy/domains/continuous/test/auto/Integration.xml (RunModel)" time="0.011" />
  <testcase classname="ptolemy.util.test.junit.AutoTests" name="[70] /home/travis/build/icyphy/ptII/ptolemy/domains/continuous/test/auto/Integration2.xml (RunModel)" time="0.119" />
  <testcase classname="ptolemy.util.test.junit.AutoTests" name="[71] /home/travis/build/icyphy/ptII/ptolemy/domains/continuous/test/auto/Integration3.xml (RunModel)" time="0.015" />
  <testcase classname="ptolemy.util.test.junit.AutoTests" name="[72] /home/travis/build/icyphy/ptII/ptolemy/domains/continuous/test/auto/Integration5.xml (RunModel)" time="0.012" />
  <testcase classname="ptolemy.util.test.junit.AutoTests" name="[73] /home/travis/build/icyphy/ptII/ptolemy/domains/continuous/test/auto/IntegratorImpulse.xml (RunModel)" time="0.013" />
  <testcase classname="ptolemy.util.test.junit.AutoTests" name="[74] /home/travis/build/icyphy/ptII/ptolemy/domains/continuous/test/auto/IntegratorImpulse2.xml (RunModel)" time="0.013" />
  <testcase classname="ptolemy.util.test.junit.AutoTests" name="[75] /home/travis/build/icyphy/ptII/ptolemy/domains/continuous/test/auto/LevelCrossing1.xml (RunModel)" time="0.014" />
  <testcase classname="ptolemy.util.test.junit.AutoTests" name="[76] /home/travis/build/icyphy/ptII/ptolemy/domains/continuous/test/auto/LevelCrossing2.xml (RunModel)" time="0.021" />
  <testcase classname="ptolemy.util.test.junit.AutoTests" name="[77] /home/travis/build/icyphy/ptII/ptolemy/domains/continuous/test/auto/LevelCrossing3.xml (RunModel)" time="0.014" />
  <testcase classname="ptolemy.util.test.junit.AutoTests" name="[78] /home/travis/build/icyphy/ptII/ptolemy/domains/continuous/test/auto/LevelCrossing4.xml (RunModel)" time="0.016" />
  <testcase classname="ptolemy.util.test.junit.AutoTests" name="[79] /home/travis/build/icyphy/ptII/ptolemy/domains/continuous/test/auto/LevelCrossing5.xml (RunModel)" time="0.014" />
  <testcase classname="ptolemy.util.test.junit.AutoTests" name="[80] /home/travis/build/icyphy/ptII/ptolemy/domains/continuous/test/auto/LevelCrossing6.xml (RunModel)" time="0.015" />
  <testcase classname="ptolemy.util.test.junit.AutoTests" name="[81] /home/travis/build/icyphy/ptII/ptolemy/domains/continuous/test/auto/LevelCrossingDetector.xml (RunModel)" time="0.047" />
  <testcase classname="ptolemy.util.test.junit.AutoTests" name="[82] /home/travis/build/icyphy/ptII/ptolemy/domains/continuous/test/auto/LevelCrossingDetectorDetectingDirections.xml (RunModel)" time="0.096" />
  <testcase classname="ptolemy.util.test.junit.AutoTests" name="[83] /home/travis/build/icyphy/ptII/ptolemy/domains/continuous/test/auto/LevelCrossingDetectorDetectsGlitches.xml (RunModel)" time="0.08" />
  <testcase classname="ptolemy.util.test.junit.AutoTests" name="[84] /home/travis/build/icyphy/ptII/ptolemy/domains/continuous/test/auto/LevelCrossingNoInitialOuput.xml (RunModel)" time="0.02" />
  <testcase classname="ptolemy.util.test.junit.AutoTests" name="[85] /home/travis/build/icyphy/ptII/ptolemy/domains/continuous/test/auto/LinearStateSpaceExample.xml (RunModel)" time="0.035" />
  <testcase classname="ptolemy.util.test.junit.AutoTests" name="[86] /home/travis/build/icyphy/ptII/ptolemy/domains/continuous/test/auto/Lorenz.xml (RunModel)" time="4.344" />
  <testcase classname="ptolemy.util.test.junit.AutoTests" name="[87] /home/travis/build/icyphy/ptII/ptolemy/domains/continuous/test/auto/LorenzDifferentialSystem.xml (RunModel)" time="1.022" />
  <testcase classname="ptolemy.util.test.junit.AutoTests" name="[88] /home/travis/build/icyphy/ptII/ptolemy/domains/continuous/test/auto/LorenzDifferentialSystemWithInput.xml (RunModel)" time="1.49" />
  <testcase classname="ptolemy.util.test.junit.AutoTests" name="[89] /home/travis/build/icyphy/ptII/ptolemy/domains/continuous/test/auto/LorenzDifferentialSystemWithTime.xml (RunModel)" time="0.751" />
  <testcase classname="ptolemy.util.test.junit.AutoTests" name="[90] /home/travis/build/icyphy/ptII/ptolemy/domains/continuous/test/auto/Microsteps.xml (RunModel)" time="0.052" />
  <testcase classname="ptolemy.util.test.junit.AutoTests" name="[91] /home/travis/build/icyphy/ptII/ptolemy/domains/continuous/test/auto/Modal1.xml (RunModel)" time="0.095" />
  <testcase classname="ptolemy.util.test.junit.AutoTests" name="[92] /home/travis/build/icyphy/ptII/ptolemy/domains/continuous/test/auto/Modal2.xml (RunModel)" time="0.089" />
  <testcase classname="ptolemy.util.test.junit.AutoTests" name="[93] /home/travis/build/icyphy/ptII/ptolemy/domains/continuous/test/auto/ModalTransitionGuardWithReset.xml (RunModel)" time="0.07" />
  <testcase classname="ptolemy.util.test.junit.AutoTests" name="[94] /home/travis/build/icyphy/ptII/ptolemy/domains/continuous/test/auto/ModalTransitionGuardWithResetUsingPreemptiveTransition.xml (RunModel)" time="0.076" />
  <testcase classname="ptolemy.util.test.junit.AutoTests" name="[95] /home/travis/build/icyphy/ptII/ptolemy/domains/continuous/test/auto/ModalTransitionGuardWithResetUsingPreemptiveTransition2.xml (RunModel)" time="0.039" />
  <testcase classname="ptolemy.util.test.junit.AutoTests" name="[96] /home/travis/build/icyphy/ptII/ptolemy/domains/continuous/test/auto/ModalTransitionGuardWithResetUsingPreemptiveTransition3.xml (RunModel)" time="0.025" />
  <testcase classname="ptolemy.util.test.junit.AutoTests" name="[97] /home/travis/build/icyphy/ptII/ptolemy/domains/continuous/test/auto/NewtonsCradle.xml (RunModel)" time="0.96" />
  <testcase classname="ptolemy.util.test.junit.AutoTests" name="[98] /home/travis/build/icyphy/ptII/ptolemy/domains/continuous/test/auto/NewtonsCradleAnimated.xml (RunModel)" time="1.349" />
  <testcase classname="ptolemy.util.test.junit.AutoTests" name="[99] /home/travis/build/icyphy/ptII/ptolemy/domains/continuous/test/auto/NewtonsCradleComplicated.xml (RunModel)" time="0.925" />
  <testcase classname="ptolemy.util.test.junit.AutoTests" name="[100] /home/travis/build/icyphy/ptII/ptolemy/domains/continuous/test/auto/NewtonsCradleNondeterministic.xml (RunModel)" time="0.671" />
  <testcase classname="ptolemy.util.test.junit.AutoTests" name="[101] /home/travis/build/icyphy/ptII/ptolemy/domains/continuous/test/auto/NewtonsCradlePerfectlyInelastic1.xml (RunModel)" time="1.222" />
  <testcase classname="ptolemy.util.test.junit.AutoTests" name="[102] /home/travis/build/icyphy/ptII/ptolemy/domains/continuous/test/auto/Noise.xml (RunModel)" time="0.168" />
  <testcase classname="ptolemy.util.test.junit.AutoTests" name="[103] /home/travis/build/icyphy/ptII/ptolemy/domains/continuous/test/auto/NoiseSpectrum.xml (RunModel)" time="0.74" />
  <testcase classname="ptolemy.util.test.junit.AutoTests" name="[104] /home/travis/build/icyphy/ptII/ptolemy/domains/continuous/test/auto/ParameterizedNewtonsCradleAnimated.xml (RunModel)" time="0.44" />
  <testcase classname="ptolemy.util.test.junit.AutoTests" name="[105] /home/travis/build/icyphy/ptII/ptolemy/domains/continuous/test/auto/ParameterizedNewtonsCradleAnimatedNondeterministic.xml (RunModel)" time="1.191" />
  <testcase classname="ptolemy.util.test.junit.AutoTests" name="[106] /home/travis/build/icyphy/ptII/ptolemy/domains/continuous/test/auto/Pendulum3D.xml (RunModel)" time="0.181" />
  <testcase classname="ptolemy.util.test.junit.AutoTests" name="[107] /home/travis/build/icyphy/ptII/ptolemy/domains/continuous/test/auto/PeriodicSampler.xml (RunModel)" time="0.011" />
  <testcase classname="ptolemy.util.test.junit.AutoTests" name="[108] /home/travis/build/icyphy/ptII/ptolemy/domains/continuous/test/auto/PeriodicSampler1.xml (RunModel)" time="0.044" />
  <testcase classname="ptolemy.util.test.junit.AutoTests" name="[109] /home/travis/build/icyphy/ptII/ptolemy/domains/continuous/test/auto/PeriodicSampler2.xml (RunModel)" time="0.068" />
  <testcase classname="ptolemy.util.test.junit.AutoTests" name="[110] /home/travis/build/icyphy/ptII/ptolemy/domains/continuous/test/auto/Poisson.xml (RunModel)" time="0.436" />
  <testcase classname="ptolemy.util.test.junit.AutoTests" name="[111] /home/travis/build/icyphy/ptII/ptolemy/domains/continuous/test/auto/PoissonClock.xml (RunModel)" time="0.021" />
  <testcase classname="ptolemy.util.test.junit.AutoTests" name="[112] /home/travis/build/icyphy/ptII/ptolemy/domains/continuous/test/auto/PoissonClock2.xml (RunModel)" time="0.018" />
  <testcase classname="ptolemy.util.test.junit.AutoTests" name="[113] /home/travis/build/icyphy/ptII/ptolemy/domains/continuous/test/auto/PortParameterHierarchy.xml (RunModel)" time="0.017" />
  <testcase classname="ptolemy.util.test.junit.AutoTests" name="[114] /home/travis/build/icyphy/ptII/ptolemy/domains/continuous/test/auto/RandomHybridPlant.xml (RunModel)" time="0.687" />
  <testcase classname="ptolemy.util.test.junit.AutoTests" name="[115] /home/travis/build/icyphy/ptII/ptolemy/domains/continuous/test/auto/ResetTransitionWithStartTime1.xml (RunModel)" time="0.028" />
  <testcase classname="ptolemy.util.test.junit.AutoTests" name="[116] /home/travis/build/icyphy/ptII/ptolemy/domains/continuous/test/auto/ResetTransitionWithStartTime2.xml (RunModel)" time="0.039" />
  <testcase classname="ptolemy.util.test.junit.AutoTests" name="[117] /home/travis/build/icyphy/ptII/ptolemy/domains/continuous/test/auto/ResetTransitionWithStartTime3.xml (RunModel)" time="0.036" />
  <testcase classname="ptolemy.util.test.junit.AutoTests" name="[118] /home/travis/build/icyphy/ptII/ptolemy/domains/continuous/test/auto/ResetTransitionWithStartTime4.xml (RunModel)" time="0.025" />
  <testcase classname="ptolemy.util.test.junit.AutoTests" name="[119] /home/travis/build/icyphy/ptII/ptolemy/domains/continuous/test/auto/ResetTransitionWithStartTime5.xml (RunModel)" time="0.037" />
  <testcase classname="ptolemy.util.test.junit.AutoTests" name="[120] /home/travis/build/icyphy/ptII/ptolemy/domains/continuous/test/auto/ResetTransitionWithStartTime6.xml (RunModel)" time="0.031" />
  <testcase classname="ptolemy.util.test.junit.AutoTests" name="[121] /home/travis/build/icyphy/ptII/ptolemy/domains/continuous/test/auto/SRinContinuous.xml (RunModel)" time="0.025" />
  <testcase classname="ptolemy.util.test.junit.AutoTests" name="[122] /home/travis/build/icyphy/ptII/ptolemy/domains/continuous/test/auto/SampledClocks.xml (RunModel)" time="0.035" />
  <testcase classname="ptolemy.util.test.junit.AutoTests" name="[123] /home/travis/build/icyphy/ptII/ptolemy/domains/continuous/test/auto/Satellite.xml (RunModel)" time="0.934" />
  <testcase classname="ptolemy.util.test.junit.AutoTests" name="[124] /home/travis/build/icyphy/ptII/ptolemy/domains/continuous/test/auto/SigmaDelta.xml (RunModel)" time="2.615" />
  <testcase classname="ptolemy.util.test.junit.AutoTests" name="[125] /home/travis/build/icyphy/ptII/ptolemy/domains/continuous/test/auto/SingleRefinement.xml (RunModel)" time="0.473" />
  <testcase classname="ptolemy.util.test.junit.AutoTests" name="[126] /home/travis/build/icyphy/ptII/ptolemy/domains/continuous/test/auto/SinuBouncingBall.xml (RunModel)" time="0.81" />
  <testcase classname="ptolemy.util.test.junit.AutoTests" name="[127] /home/travis/build/icyphy/ptII/ptolemy/domains/continuous/test/auto/Sinusoid.xml (RunModel)" time="0.018" />
  <testcase classname="ptolemy.util.test.junit.AutoTests" name="[128] /home/travis/build/icyphy/ptII/ptolemy/domains/continuous/test/auto/SinusoidInNoise.xml (RunModel)" time="1.064" />
  <testcase classname="ptolemy.util.test.junit.AutoTests" name="[129] /home/travis/build/icyphy/ptII/ptolemy/domains/continuous/test/auto/SinusoidRK45.xml (RunModel)" time="0.009" />
  <testcase classname="ptolemy.util.test.junit.AutoTests" name="[130] /home/travis/build/icyphy/ptII/ptolemy/domains/continuous/test/auto/SinusoidWithMultipleImpulses.xml (RunModel)" time="0.011" />
  <testcase classname="ptolemy.util.test.junit.AutoTests" name="[131] /home/travis/build/icyphy/ptII/ptolemy/domains/continuous/test/auto/SquareWave.xml (RunModel)" time="0.196" />
  <testcase classname="ptolemy.util.test.junit.AutoTests" name="[132] /home/travis/build/icyphy/ptII/ptolemy/domains/continuous/test/auto/Starmac.xml (RunModel)" time="3.408" />
  <testcase classname="ptolemy.util.test.junit.AutoTests" name="[133] /home/travis/build/icyphy/ptII/ptolemy/domains/continuous/test/auto/StaticUnits.xml (RunModel)" time="2.53" />
  <testcase classname="ptolemy.util.test.junit.AutoTests" name="[134] /home/travis/build/icyphy/ptII/ptolemy/domains/continuous/test/auto/StickyMasses.xml (RunModel)" time="0.206" />
  <testcase classname="ptolemy.util.test.junit.AutoTests" name="[135] /home/travis/build/icyphy/ptII/ptolemy/domains/continuous/test/auto/StopTime.xml (RunModel)" time="0.081" />
  <testcase classname="ptolemy.util.test.junit.AutoTests" name="[136] /home/travis/build/icyphy/ptII/ptolemy/domains/continuous/test/auto/StopTime2.xml (RunModel)" time="0.062" />
  <testcase classname="ptolemy.util.test.junit.AutoTests" name="[137] /home/travis/build/icyphy/ptII/ptolemy/domains/continuous/test/auto/Switch.xml (RunModel)" time="0.076" />
  <testcase classname="ptolemy.util.test.junit.AutoTests" name="[138] /home/travis/build/icyphy/ptII/ptolemy/domains/continuous/test/auto/Thermostat.xml (RunModel)" time="0.231" />
  <testcase classname="ptolemy.util.test.junit.AutoTests" name="[139] /home/travis/build/icyphy/ptII/ptolemy/domains/continuous/test/auto/TimeDelay.xml (RunModel)" time="0.018" />
  <testcase classname="ptolemy.util.test.junit.AutoTests" name="[140] /home/travis/build/icyphy/ptII/ptolemy/domains/continuous/test/auto/TimeDelay2.xml (RunModel)" time="0.02" />
  <testcase classname="ptolemy.util.test.junit.AutoTests" name="[141] /home/travis/build/icyphy/ptII/ptolemy/domains/continuous/test/auto/TimeDelay3.xml (RunModel)" time="0.025" />
  <testcase classname="ptolemy.util.test.junit.AutoTests" name="[142] /home/travis/build/icyphy/ptII/ptolemy/domains/continuous/test/auto/TransferAbsentToInside.xml (RunModel)" time="0.109" />
  <testcase classname="ptolemy.util.test.junit.AutoTests" name="[143] /home/travis/build/icyphy/ptII/ptolemy/domains/continuous/test/auto/Transmission.xml (RunModel)" time="0.797" />
  <testcase classname="ptolemy.util.test.junit.AutoTests" name="[144] /home/travis/build/icyphy/ptII/ptolemy/domains/continuous/test/auto/TriggeredContinuousClock.xml (RunModel)" time="0.075" />
  <testcase classname="ptolemy.util.test.junit.AutoTests" name="[145] /home/travis/build/icyphy/ptII/ptolemy/domains/continuous/test/auto/TwoMachineInfiniteBusControl.xml (RunModel)" time="2.703" />
  <testcase classname="ptolemy.util.test.junit.AutoTests" name="[146] /home/travis/build/icyphy/ptII/ptolemy/domains/continuous/test/auto/V2V.xml (RunModel)" time="0.822" />
  <testcase classname="ptolemy.util.test.junit.AutoTests" name="[147] /home/travis/build/icyphy/ptII/ptolemy/domains/continuous/test/auto/hierarchicalModalModel.xml (RunModel)" time="0.037" />
  <testcase classname="ptolemy.util.test.junit.AutoTests" name="[148] /home/travis/build/icyphy/ptII/ptolemy/domains/continuous/test/auto/hierarchicalModalModel1.xml (RunModel)" time="0.033" />
  <testcase classname="ptolemy.util.test.junit.AutoTests" name="[149] /home/travis/build/icyphy/ptII/ptolemy/domains/continuous/test/auto/hierarchicalModalModel2.xml (RunModel)" time="0.031" />
  <testcase classname="ptolemy.util.test.junit.AutoTests" name="[150] /home/travis/build/icyphy/ptII/ptolemy/domains/continuous/test/auto/hierarchicalModalModel3.xml (RunModel)" time="0.027" />
  <testcase classname="ptolemy.util.test.junit.AutoTests" name="[151] /home/travis/build/icyphy/ptII/ptolemy/domains/continuous/test/auto/hierarchicalModalModel4.xml (RunModel)" time="0.029" />
  <testcase classname="ptolemy.util.test.junit.AutoTests" name="[152] /home/travis/build/icyphy/ptII/ptolemy/domains/continuous/test/auto/junk.xml (RunModel)" time="0.155" />
  <system-out><![CDATA[No tcl tests in /home/travis/build/icyphy/ptII/ptolemy/domains/continuous/test
No auto/knownFailedTests/*.xml tests in /home/travis/build/icyphy/ptII/ptolemy/domains/continuous/test
No auto/linux-amd64/*.xml tests in /home/travis/build/icyphy/ptII/ptolemy/domains/continuous/test
AutoTests.java: About to close Vertx.
AutoTests.java: Vertx closed.

===========================================================================================
----------------- testing Thu May 16 04:20:05 UTC 2019 /home/travis/build/icyphy/ptII/ptolemy/domains/continuous/test/auto/BouncingBall.xml
----------------- Instantiating /home/travis/build/icyphy/ptII/ptolemy/domains/continuous/test/auto/BouncingBall.xml
2720 ms. Memory: 332288K Free: 263136K (79%)
----------------- Invoking toplevel() on ptolemy.moml.MoMLSimpleApplication@6adf623d
----------------- Done invoking toplevel() on ptolemy.moml.MoMLSimpleApplication@6adf623d
reloadAllAccessors: .BouncingBall

===========================================================================================
----------------- testing Thu May 16 04:20:08 UTC 2019 /home/travis/build/icyphy/ptII/ptolemy/domains/continuous/test/auto/BouncingBallWithoutGR.xml
----------------- Instantiating /home/travis/build/icyphy/ptII/ptolemy/domains/continuous/test/auto/BouncingBallWithoutGR.xml
715 ms. Memory: 332288K Free: 318405K (96%)
----------------- Invoking toplevel() on ptolemy.moml.MoMLSimpleApplication@72b9a90f
----------------- Done invoking toplevel() on ptolemy.moml.MoMLSimpleApplication@72b9a90f
reloadAllAccessors: .BouncingBallWithoutGR

===========================================================================================
----------------- testing Thu May 16 04:20:09 UTC 2019 /home/travis/build/icyphy/ptII/ptolemy/domains/continuous/test/auto/Brownian.xml
----------------- Instantiating /home/travis/build/icyphy/ptII/ptolemy/domains/continuous/test/auto/Brownian.xml
44 ms. Memory: 332288K Free: 304712K (92%)
----------------- Invoking toplevel() on ptolemy.moml.MoMLSimpleApplication@4fe2ba81
----------------- Done invoking toplevel() on ptolemy.moml.MoMLSimpleApplication@4fe2ba81
reloadAllAccessors: .Brownian

===========================================================================================
----------------- testing Thu May 16 04:20:09 UTC 2019 /home/travis/build/icyphy/ptII/ptolemy/domains/continuous/test/auto/CarTracking.xml
----------------- Instantiating /home/travis/build/icyphy/ptII/ptolemy/domains/continuous/test/auto/CarTracking.xml
3488 ms. Memory: 578560K Free: 471468K (81%)
----------------- Invoking toplevel() on ptolemy.moml.MoMLSimpleApplication@3371d995
----------------- Done invoking toplevel() on ptolemy.moml.MoMLSimpleApplication@3371d995
reloadAllAccessors: .CarTracking

===========================================================================================
----------------- testing Thu May 16 04:20:13 UTC 2019 /home/travis/build/icyphy/ptII/ptolemy/domains/continuous/test/auto/CartPendulum.xml
----------------- Instantiating /home/travis/build/icyphy/ptII/ptolemy/domains/continuous/test/auto/CartPendulum.xml
381 ms. Memory: 578560K Free: 370397K (64%)
----------------- Invoking toplevel() on ptolemy.moml.MoMLSimpleApplication@271ce0e2
----------------- Done invoking toplevel() on ptolemy.moml.MoMLSimpleApplication@271ce0e2
reloadAllAccessors: .CartPendulum

===========================================================================================
----------------- testing Thu May 16 04:20:14 UTC 2019 /home/travis/build/icyphy/ptII/ptolemy/domains/continuous/test/auto/CausalityInterface10.xml
----------------- Instantiating /home/travis/build/icyphy/ptII/ptolemy/domains/continuous/test/auto/CausalityInterface10.xml
7 ms. Memory: 578560K Free: 357273K (62%)
----------------- Invoking toplevel() on ptolemy.moml.MoMLSimpleApplication@da664e0
----------------- Done invoking toplevel() on ptolemy.moml.MoMLSimpleApplication@da664e0
reloadAllAccessors: .CausalityInterface10

===========================================================================================
----------------- testing Thu May 16 04:20:14 UTC 2019 /home/travis/build/icyphy/ptII/ptolemy/domains/continuous/test/auto/CausalityInterface11.xml
----------------- Instantiating /home/travis/build/icyphy/ptII/ptolemy/domains/continuous/test/auto/CausalityInterface11.xml
4 ms. Memory: 578560K Free: 347426K (60%)
----------------- Invoking toplevel() on ptolemy.moml.MoMLSimpleApplication@50431912
----------------- Done invoking toplevel() on ptolemy.moml.MoMLSimpleApplication@50431912
reloadAllAccessors: .CausalityInterface11

===========================================================================================
----------------- testing Thu May 16 04:20:14 UTC 2019 /home/travis/build/icyphy/ptII/ptolemy/domains/continuous/test/auto/CausalityInterface12.xml
----------------- Instantiating /home/travis/build/icyphy/ptII/ptolemy/domains/continuous/test/auto/CausalityInterface12.xml
5 ms. Memory: 578560K Free: 334706K (58%)
----------------- Invoking toplevel() on ptolemy.moml.MoMLSimpleApplication@540302de
----------------- Done invoking toplevel() on ptolemy.moml.MoMLSimpleApplication@540302de
reloadAllAccessors: .CausalityInterface12

===========================================================================================
----------------- testing Thu May 16 04:20:14 UTC 2019 /home/travis/build/icyphy/ptII/ptolemy/domains/continuous/test/auto/CausalityInterface13.xml
----------------- Instantiating /home/travis/build/icyphy/ptII/ptolemy/domains/continuous/test/auto/CausalityInterface13.xml
6 ms. Memory: 578560K Free: 324859K (56%)
----------------- Invoking toplevel() on ptolemy.moml.MoMLSimpleApplication@4cdbbe3b
----------------- Done invoking toplevel() on ptolemy.moml.MoMLSimpleApplication@4cdbbe3b
reloadAllAccessors: .CausalityInterface13

===========================================================================================
----------------- testing Thu May 16 04:20:14 UTC 2019 /home/travis/build/icyphy/ptII/ptolemy/domains/continuous/test/auto/CausalityInterface14.xml
----------------- Instantiating /home/travis/build/icyphy/ptII/ptolemy/domains/continuous/test/auto/CausalityInterface14.xml
5 ms. Memory: 578560K Free: 315013K (54%)
----------------- Invoking toplevel() on ptolemy.moml.MoMLSimpleApplication@835a58b
----------------- Done invoking toplevel() on ptolemy.moml.MoMLSimpleApplication@835a58b
reloadAllAccessors: .CausalityInterface14

===========================================================================================
----------------- testing Thu May 16 04:20:14 UTC 2019 /home/travis/build/icyphy/ptII/ptolemy/domains/continuous/test/auto/CausalityInterface4.xml
----------------- Instantiating /home/travis/build/icyphy/ptII/ptolemy/domains/continuous/test/auto/CausalityInterface4.xml
11 ms. Memory: 578560K Free: 305167K (53%)
----------------- Invoking toplevel() on ptolemy.moml.MoMLSimpleApplication@40c005d0
----------------- Done invoking toplevel() on ptolemy.moml.MoMLSimpleApplication@40c005d0
reloadAllAccessors: .CausalityInterface4

===========================================================================================
----------------- testing Thu May 16 04:20:14 UTC 2019 /home/travis/build/icyphy/ptII/ptolemy/domains/continuous/test/auto/CausalityInterface5.xml
----------------- Instantiating /home/travis/build/icyphy/ptII/ptolemy/domains/continuous/test/auto/CausalityInterface5.xml
12 ms. Memory: 578560K Free: 289145K (50%)
----------------- Invoking toplevel() on ptolemy.moml.MoMLSimpleApplication@342553bf
----------------- Done invoking toplevel() on ptolemy.moml.MoMLSimpleApplication@342553bf
reloadAllAccessors: .CausalityInterface5

===========================================================================================
----------------- testing Thu May 16 04:20:14 UTC 2019 /home/travis/build/icyphy/ptII/ptolemy/domains/continuous/test/auto/CausalityInterface6.xml
----------------- Instantiating /home/travis/build/icyphy/ptII/ptolemy/domains/continuous/test/auto/CausalityInterface6.xml
8 ms. Memory: 578560K Free: 279315K (48%)
----------------- Invoking toplevel() on ptolemy.moml.MoMLSimpleApplication@b840f35
----------------- Done invoking toplevel() on ptolemy.moml.MoMLSimpleApplication@b840f35
reloadAllAccessors: .CausalityInterface6

===========================================================================================
----------------- testing Thu May 16 04:20:14 UTC 2019 /home/travis/build/icyphy/ptII/ptolemy/domains/continuous/test/auto/CausalityInterface7.xml
----------------- Instantiating /home/travis/build/icyphy/ptII/ptolemy/domains/continuous/test/auto/CausalityInterface7.xml
8 ms. Memory: 578560K Free: 266200K (46%)
----------------- Invoking toplevel() on ptolemy.moml.MoMLSimpleApplication@3f6d9d0e
----------------- Done invoking toplevel() on ptolemy.moml.MoMLSimpleApplication@3f6d9d0e
reloadAllAccessors: .CausalityInterface7

===========================================================================================
----------------- testing Thu May 16 04:20:14 UTC 2019 /home/travis/build/icyphy/ptII/ptolemy/domains/continuous/test/auto/CausalityInterface8.xml
----------------- Instantiating /home/travis/build/icyphy/ptII/ptolemy/domains/continuous/test/auto/CausalityInterface8.xml
12 ms. Memory: 578560K Free: 253060K (44%)
----------------- Invoking toplevel() on ptolemy.moml.MoMLSimpleApplication@7db82efa
----------------- Done invoking toplevel() on ptolemy.moml.MoMLSimpleApplication@7db82efa
reloadAllAccessors: .CausalityInterface8

===========================================================================================
----------------- testing Thu May 16 04:20:14 UTC 2019 /home/travis/build/icyphy/ptII/ptolemy/domains/continuous/test/auto/CausalityInterface9.xml
----------------- Instantiating /home/travis/build/icyphy/ptII/ptolemy/domains/continuous/test/auto/CausalityInterface9.xml
10 ms. Memory: 578560K Free: 232156K (40%)
----------------- Invoking toplevel() on ptolemy.moml.MoMLSimpleApplication@557d251c
----------------- Done invoking toplevel() on ptolemy.moml.MoMLSimpleApplication@557d251c
reloadAllAccessors: .CausalityInterface9

===========================================================================================
----------------- testing Thu May 16 04:20:14 UTC 2019 /home/travis/build/icyphy/ptII/ptolemy/domains/continuous/test/auto/CausalityInterfaceFeedback1.xml
----------------- Instantiating /home/travis/build/icyphy/ptII/ptolemy/domains/continuous/test/auto/CausalityInterfaceFeedback1.xml
8 ms. Memory: 578560K Free: 219032K (38%)
----------------- Invoking toplevel() on ptolemy.moml.MoMLSimpleApplication@166f6153
----------------- Done invoking toplevel() on ptolemy.moml.MoMLSimpleApplication@166f6153
reloadAllAccessors: .CausalityInterfaceFeedback1

===========================================================================================
----------------- testing Thu May 16 04:20:14 UTC 2019 /home/travis/build/icyphy/ptII/ptolemy/domains/continuous/test/auto/CausalityInterfaceFeedback2.xml
----------------- Instantiating /home/travis/build/icyphy/ptII/ptolemy/domains/continuous/test/auto/CausalityInterfaceFeedback2.xml
7 ms. Memory: 578560K Free: 209194K (36%)
----------------- Invoking toplevel() on ptolemy.moml.MoMLSimpleApplication@3f41c9fc
----------------- Done invoking toplevel() on ptolemy.moml.MoMLSimpleApplication@3f41c9fc
reloadAllAccessors: .CausalityInterfaceFeedback2

===========================================================================================
----------------- testing Thu May 16 04:20:14 UTC 2019 /home/travis/build/icyphy/ptII/ptolemy/domains/continuous/test/auto/CompareWithCurrentTime.xml
----------------- Instantiating /home/travis/build/icyphy/ptII/ptolemy/domains/continuous/test/auto/CompareWithCurrentTime.xml
4 ms. Memory: 578560K Free: 199758K (35%)
----------------- Invoking toplevel() on ptolemy.moml.MoMLSimpleApplication@cb4c24e
----------------- Done invoking toplevel() on ptolemy.moml.MoMLSimpleApplication@cb4c24e
reloadAllAccessors: .CompareWithCurrentTime

===========================================================================================
----------------- testing Thu May 16 04:20:14 UTC 2019 /home/travis/build/icyphy/ptII/ptolemy/domains/continuous/test/auto/ComparedClocks.xml
----------------- Instantiating /home/travis/build/icyphy/ptII/ptolemy/domains/continuous/test/auto/ComparedClocks.xml
8 ms. Memory: 578560K Free: 180065K (31%)
----------------- Invoking toplevel() on ptolemy.moml.MoMLSimpleApplication@441c82e4
----------------- Done invoking toplevel() on ptolemy.moml.MoMLSimpleApplication@441c82e4
reloadAllAccessors: .ComparedClocks

===========================================================================================
----------------- testing Thu May 16 04:20:14 UTC 2019 /home/travis/build/icyphy/ptII/ptolemy/domains/continuous/test/auto/ContinuousAOCClone.xml
----------------- Instantiating /home/travis/build/icyphy/ptII/ptolemy/domains/continuous/test/auto/ContinuousAOCClone.xml
2467 ms. Memory: 872960K Free: 443703K (51%)
----------------- Invoking toplevel() on ptolemy.moml.MoMLSimpleApplication@6a815d20
----------------- Done invoking toplevel() on ptolemy.moml.MoMLSimpleApplication@6a815d20
reloadAllAccessors: .ContinuousAOCClone

===========================================================================================
----------------- testing Thu May 16 04:20:17 UTC 2019 /home/travis/build/icyphy/ptII/ptolemy/domains/continuous/test/auto/ContinuousClock.xml
----------------- Instantiating /home/travis/build/icyphy/ptII/ptolemy/domains/continuous/test/auto/ContinuousClock.xml
35 ms. Memory: 872960K Free: 409444K (47%)
----------------- Invoking toplevel() on ptolemy.moml.MoMLSimpleApplication@342e58bb
----------------- Done invoking toplevel() on ptolemy.moml.MoMLSimpleApplication@342e58bb
reloadAllAccessors: .ContinuousClock

===========================================================================================
----------------- testing Thu May 16 04:20:17 UTC 2019 /home/travis/build/icyphy/ptII/ptolemy/domains/continuous/test/auto/ContinuousInContinuous.xml
----------------- Instantiating /home/travis/build/icyphy/ptII/ptolemy/domains/continuous/test/auto/ContinuousInContinuous.xml
34 ms. Memory: 872960K Free: 381881K (44%)
----------------- Invoking toplevel() on ptolemy.moml.MoMLSimpleApplication@4b749ac9
----------------- Done invoking toplevel() on ptolemy.moml.MoMLSimpleApplication@4b749ac9
reloadAllAccessors: .ContinuousInContinuous

===========================================================================================
----------------- testing Thu May 16 04:20:17 UTC 2019 /home/travis/build/icyphy/ptII/ptolemy/domains/continuous/test/auto/ContinuousInContinuousInContinuous.xml
----------------- Instantiating /home/travis/build/icyphy/ptII/ptolemy/domains/continuous/test/auto/ContinuousInContinuousInContinuous.xml
9 ms. Memory: 872960K Free: 370076K (42%)
----------------- Invoking toplevel() on ptolemy.moml.MoMLSimpleApplication@755b584c
----------------- Done invoking toplevel() on ptolemy.moml.MoMLSimpleApplication@755b584c
reloadAllAccessors: .ContinuousInContinuousInContinuous

===========================================================================================
----------------- testing Thu May 16 04:20:17 UTC 2019 /home/travis/build/icyphy/ptII/ptolemy/domains/continuous/test/auto/ContinuousInDE.xml
----------------- Instantiating /home/travis/build/icyphy/ptII/ptolemy/domains/continuous/test/auto/ContinuousInDE.xml
115 ms. Memory: 872960K Free: 351217K (40%)
----------------- Invoking toplevel() on ptolemy.moml.MoMLSimpleApplication@5f18a132
----------------- Done invoking toplevel() on ptolemy.moml.MoMLSimpleApplication@5f18a132
reloadAllAccessors: .ContinuousInDE

===========================================================================================
----------------- testing Thu May 16 04:20:17 UTC 2019 /home/travis/build/icyphy/ptII/ptolemy/domains/continuous/test/auto/ContinuousInDE2.xml
----------------- Instantiating /home/travis/build/icyphy/ptII/ptolemy/domains/continuous/test/auto/ContinuousInDE2.xml
41 ms. Memory: 872960K Free: 339428K (39%)
----------------- Invoking toplevel() on ptolemy.moml.MoMLSimpleApplication@713538ef
----------------- Done invoking toplevel() on ptolemy.moml.MoMLSimpleApplication@713538ef
reloadAllAccessors: .ContinuousInDE2

===========================================================================================
----------------- testing Thu May 16 04:20:17 UTC 2019 /home/travis/build/icyphy/ptII/ptolemy/domains/continuous/test/auto/ContinuousInDE3.xml
----------------- Instantiating /home/travis/build/icyphy/ptII/ptolemy/domains/continuous/test/auto/ContinuousInDE3.xml
38 ms. Memory: 872960K Free: 327639K (38%)
----------------- Invoking toplevel() on ptolemy.moml.MoMLSimpleApplication@468ebf4a
----------------- Done invoking toplevel() on ptolemy.moml.MoMLSimpleApplication@468ebf4a
reloadAllAccessors: .ContinuousInDE3

===========================================================================================
----------------- testing Thu May 16 04:20:18 UTC 2019 /home/travis/build/icyphy/ptII/ptolemy/domains/continuous/test/auto/ContinuousInDE4.xml
----------------- Instantiating /home/travis/build/icyphy/ptII/ptolemy/domains/continuous/test/auto/ContinuousInDE4.xml
27 ms. Memory: 872960K Free: 319780K (37%)
----------------- Invoking toplevel() on ptolemy.moml.MoMLSimpleApplication@25c12ea5
----------------- Done invoking toplevel() on ptolemy.moml.MoMLSimpleApplication@25c12ea5
reloadAllAccessors: .ContinuousInDE4

===========================================================================================
----------------- testing Thu May 16 04:20:18 UTC 2019 /home/travis/build/icyphy/ptII/ptolemy/domains/continuous/test/auto/ContinuousInDEDifferentRefinements.xml
----------------- Instantiating /home/travis/build/icyphy/ptII/ptolemy/domains/continuous/test/auto/ContinuousInDEDifferentRefinements.xml
66 ms. Memory: 872960K Free: 281209K (32%)
----------------- Invoking toplevel() on ptolemy.moml.MoMLSimpleApplication@32a2f6e6
----------------- Done invoking toplevel() on ptolemy.moml.MoMLSimpleApplication@32a2f6e6
reloadAllAccessors: .ContinuousInDEDifferentRefinements

===========================================================================================
----------------- testing Thu May 16 04:20:18 UTC 2019 /home/travis/build/icyphy/ptII/ptolemy/domains/continuous/test/auto/ContinuousInDEDifferentRefinementsPreemptive.xml
----------------- Instantiating /home/travis/build/icyphy/ptII/ptolemy/domains/continuous/test/auto/ContinuousInDEDifferentRefinementsPreemptive.xml
52 ms. Memory: 872960K Free: 245794K (28%)
----------------- Invoking toplevel() on ptolemy.moml.MoMLSimpleApplication@438d1841
----------------- Done invoking toplevel() on ptolemy.moml.MoMLSimpleApplication@438d1841
reloadAllAccessors: .ContinuousInDEDifferentRefinementsPreemptive

===========================================================================================
----------------- testing Thu May 16 04:20:18 UTC 2019 /home/travis/build/icyphy/ptII/ptolemy/domains/continuous/test/auto/ContinuousInDEInContinuous2.xml
----------------- Instantiating /home/travis/build/icyphy/ptII/ptolemy/domains/continuous/test/auto/ContinuousInDEInContinuous2.xml
42 ms. Memory: 872960K Free: 230059K (26%)
----------------- Invoking toplevel() on ptolemy.moml.MoMLSimpleApplication@2c77d6c6
----------------- Done invoking toplevel() on ptolemy.moml.MoMLSimpleApplication@2c77d6c6
reloadAllAccessors: .ContinuousInDEInContinuous2

===========================================================================================
----------------- testing Thu May 16 04:20:18 UTC 2019 /home/travis/build/icyphy/ptII/ptolemy/domains/continuous/test/auto/ContinuousInDEInContinuous3.xml
----------------- Instantiating /home/travis/build/icyphy/ptII/ptolemy/domains/continuous/test/auto/ContinuousInDEInContinuous3.xml
38 ms. Memory: 872960K Free: 214325K (25%)
----------------- Invoking toplevel() on ptolemy.moml.MoMLSimpleApplication@7c303ec0
----------------- Done invoking toplevel() on ptolemy.moml.MoMLSimpleApplication@7c303ec0
reloadAllAccessors: .ContinuousInDEInContinuous3

===========================================================================================
----------------- testing Thu May 16 04:20:18 UTC 2019 /home/travis/build/icyphy/ptII/ptolemy/domains/continuous/test/auto/ContinuousInDEInput.xml
----------------- Instantiating /home/travis/build/icyphy/ptII/ptolemy/domains/continuous/test/auto/ContinuousInDEInput.xml
22 ms. Memory: 872960K Free: 199396K (23%)
----------------- Invoking toplevel() on ptolemy.moml.MoMLSimpleApplication@39986857
----------------- Done invoking toplevel() on ptolemy.moml.MoMLSimpleApplication@39986857
reloadAllAccessors: .ContinuousInDEInput

===========================================================================================
----------------- testing Thu May 16 04:20:18 UTC 2019 /home/travis/build/icyphy/ptII/ptolemy/domains/continuous/test/auto/ContinuousInDEInput2.xml
----------------- Instantiating /home/travis/build/icyphy/ptII/ptolemy/domains/continuous/test/auto/ContinuousInDEInput2.xml
18 ms. Memory: 872960K Free: 187607K (21%)
----------------- Invoking toplevel() on ptolemy.moml.MoMLSimpleApplication@35dd4aa5
----------------- Done invoking toplevel() on ptolemy.moml.MoMLSimpleApplication@35dd4aa5
reloadAllAccessors: .ContinuousInDEInput2

===========================================================================================
----------------- testing Thu May 16 04:20:18 UTC 2019 /home/travis/build/icyphy/ptII/ptolemy/domains/continuous/test/auto/ContinuousInDEInput3.xml
----------------- Instantiating /home/travis/build/icyphy/ptII/ptolemy/domains/continuous/test/auto/ContinuousInDEInput3.xml
21 ms. Memory: 872960K Free: 175802K (20%)
----------------- Invoking toplevel() on ptolemy.moml.MoMLSimpleApplication@4d000f82
----------------- Done invoking toplevel() on ptolemy.moml.MoMLSimpleApplication@4d000f82
reloadAllAccessors: .ContinuousInDEInput3

===========================================================================================
----------------- testing Thu May 16 04:20:18 UTC 2019 /home/travis/build/icyphy/ptII/ptolemy/domains/continuous/test/auto/ContinuousInDESharingRefinement.xml
----------------- Instantiating /home/travis/build/icyphy/ptII/ptolemy/domains/continuous/test/auto/ContinuousInDESharingRefinement.xml
185 ms. Memory: 872960K Free: 77345K (9%)
----------------- Invoking toplevel() on ptolemy.moml.MoMLSimpleApplication@70cc3bf0
----------------- Done invoking toplevel() on ptolemy.moml.MoMLSimpleApplication@70cc3bf0
reloadAllAccessors: .ContinuousInDESharingRefinement

===========================================================================================
----------------- testing Thu May 16 04:20:18 UTC 2019 /home/travis/build/icyphy/ptII/ptolemy/domains/continuous/test/auto/ContinuousInDEwithNoPorts.xml
----------------- Instantiating /home/travis/build/icyphy/ptII/ptolemy/domains/continuous/test/auto/ContinuousInDEwithNoPorts.xml
3 ms. Memory: 873472K Free: 851580K (97%)
----------------- Invoking toplevel() on ptolemy.moml.MoMLSimpleApplication@47c62091
----------------- Done invoking toplevel() on ptolemy.moml.MoMLSimpleApplication@47c62091
reloadAllAccessors: .ContinuousInDEwithNoPorts

===========================================================================================
----------------- testing Thu May 16 04:20:18 UTC 2019 /home/travis/build/icyphy/ptII/ptolemy/domains/continuous/test/auto/ContinuousInsideDE.xml
----------------- Instantiating /home/travis/build/icyphy/ptII/ptolemy/domains/continuous/test/auto/ContinuousInsideDE.xml
43 ms. Memory: 873472K Free: 833724K (95%)
----------------- Invoking toplevel() on ptolemy.moml.MoMLSimpleApplication@40657413
----------------- Done invoking toplevel() on ptolemy.moml.MoMLSimpleApplication@40657413
reloadAllAccessors: .ContinuousInsideDE

===========================================================================================
----------------- testing Thu May 16 04:20:18 UTC 2019 /home/travis/build/icyphy/ptII/ptolemy/domains/continuous/test/auto/ContinuousMerge1.xml
----------------- Instantiating /home/travis/build/icyphy/ptII/ptolemy/domains/continuous/test/auto/ContinuousMerge1.xml
3 ms. Memory: 873472K Free: 823245K (94%)
----------------- Invoking toplevel() on ptolemy.moml.MoMLSimpleApplication@444cfbb8
----------------- Done invoking toplevel() on ptolemy.moml.MoMLSimpleApplication@444cfbb8
reloadAllAccessors: .ContinuousMerge1

===========================================================================================
----------------- testing Thu May 16 04:20:18 UTC 2019 /home/travis/build/icyphy/ptII/ptolemy/domains/continuous/test/auto/ContinuousMerge2.xml
----------------- Instantiating /home/travis/build/icyphy/ptII/ptolemy/domains/continuous/test/auto/ContinuousMerge2.xml
13 ms. Memory: 873472K Free: 805233K (92%)
----------------- Invoking toplevel() on ptolemy.moml.MoMLSimpleApplication@3494aa76
----------------- Done invoking toplevel() on ptolemy.moml.MoMLSimpleApplication@3494aa76
reloadAllAccessors: .ContinuousMerge2

===========================================================================================
----------------- testing Thu May 16 04:20:18 UTC 2019 /home/travis/build/icyphy/ptII/ptolemy/domains/continuous/test/auto/ContinuousMerge3.xml
----------------- Instantiating /home/travis/build/icyphy/ptII/ptolemy/domains/continuous/test/auto/ContinuousMerge3.xml
49 ms. Memory: 873472K Free: 789499K (90%)
----------------- Invoking toplevel() on ptolemy.moml.MoMLSimpleApplication@11792a46
----------------- Done invoking toplevel() on ptolemy.moml.MoMLSimpleApplication@11792a46
reloadAllAccessors: .ContinuousMerge3

===========================================================================================
----------------- testing Thu May 16 04:20:19 UTC 2019 /home/travis/build/icyphy/ptII/ptolemy/domains/continuous/test/auto/ContinuousWithinContinuous.xml
----------------- Instantiating /home/travis/build/icyphy/ptII/ptolemy/domains/continuous/test/auto/ContinuousWithinContinuous.xml
44 ms. Memory: 873472K Free: 779020K (89%)
----------------- Invoking toplevel() on ptolemy.moml.MoMLSimpleApplication@56085b75
----------------- Done invoking toplevel() on ptolemy.moml.MoMLSimpleApplication@56085b75
reloadAllAccessors: .ContinuousWithinContinuous

===========================================================================================
----------------- testing Thu May 16 04:20:19 UTC 2019 /home/travis/build/icyphy/ptII/ptolemy/domains/continuous/test/auto/ContinuousWithinContinuous2.xml
----------------- Instantiating /home/travis/build/icyphy/ptII/ptolemy/domains/continuous/test/auto/ContinuousWithinContinuous2.xml
83 ms. Memory: 873472K Free: 761171K (87%)
----------------- Invoking toplevel() on ptolemy.moml.MoMLSimpleApplication@4da2f1ab
----------------- Done invoking toplevel() on ptolemy.moml.MoMLSimpleApplication@4da2f1ab
reloadAllAccessors: .ContinuousWithinContinuous2

===========================================================================================
----------------- testing Thu May 16 04:20:19 UTC 2019 /home/travis/build/icyphy/ptII/ptolemy/domains/continuous/test/auto/ContinuousWithinContinuous3.xml
----------------- Instantiating /home/travis/build/icyphy/ptII/ptolemy/domains/continuous/test/auto/ContinuousWithinContinuous3.xml
15 ms. Memory: 873472K Free: 750692K (86%)
----------------- Invoking toplevel() on ptolemy.moml.MoMLSimpleApplication@6635b8ce
----------------- Done invoking toplevel() on ptolemy.moml.MoMLSimpleApplication@6635b8ce
reloadAllAccessors: .ContinuousWithinContinuous3

===========================================================================================
----------------- testing Thu May 16 04:20:19 UTC 2019 /home/travis/build/icyphy/ptII/ptolemy/domains/continuous/test/auto/ContinuousWithinContinuous4.xml
----------------- Instantiating /home/travis/build/icyphy/ptII/ptolemy/domains/continuous/test/auto/ContinuousWithinContinuous4.xml
81 ms. Memory: 873472K Free: 732844K (84%)
----------------- Invoking toplevel() on ptolemy.moml.MoMLSimpleApplication@4020623c
----------------- Done invoking toplevel() on ptolemy.moml.MoMLSimpleApplication@4020623c
reloadAllAccessors: .ContinuousWithinContinuous4

===========================================================================================
----------------- testing Thu May 16 04:20:19 UTC 2019 /home/travis/build/icyphy/ptII/ptolemy/domains/continuous/test/auto/ContinuousWithinContinuous5.xml
----------------- Instantiating /home/travis/build/icyphy/ptII/ptolemy/domains/continuous/test/auto/ContinuousWithinContinuous5.xml
14 ms. Memory: 873472K Free: 722365K (83%)
----------------- Invoking toplevel() on ptolemy.moml.MoMLSimpleApplication@4c13d516
----------------- Done invoking toplevel() on ptolemy.moml.MoMLSimpleApplication@4c13d516
reloadAllAccessors: .ContinuousWithinContinuous5

===========================================================================================
----------------- testing Thu May 16 04:20:19 UTC 2019 /home/travis/build/icyphy/ptII/ptolemy/domains/continuous/test/auto/ContinuousWithinContinuous6.xml
----------------- Instantiating /home/travis/build/icyphy/ptII/ptolemy/domains/continuous/test/auto/ContinuousWithinContinuous6.xml
14 ms. Memory: 873472K Free: 711886K (82%)
----------------- Invoking toplevel() on ptolemy.moml.MoMLSimpleApplication@5fb32579
----------------- Done invoking toplevel() on ptolemy.moml.MoMLSimpleApplication@5fb32579
reloadAllAccessors: .ContinuousWithinContinuous6

===========================================================================================
----------------- testing Thu May 16 04:20:19 UTC 2019 /home/travis/build/icyphy/ptII/ptolemy/domains/continuous/test/auto/ContinuousWithinContinuous7.xml
----------------- Instantiating /home/travis/build/icyphy/ptII/ptolemy/domains/continuous/test/auto/ContinuousWithinContinuous7.xml
66 ms. Memory: 873472K Free: 694037K (79%)
----------------- Invoking toplevel() on ptolemy.moml.MoMLSimpleApplication@47714f75
----------------- Done invoking toplevel() on ptolemy.moml.MoMLSimpleApplication@47714f75
reloadAllAccessors: .ContinuousWithinContinuous7

===========================================================================================
----------------- testing Thu May 16 04:20:19 UTC 2019 /home/travis/build/icyphy/ptII/ptolemy/domains/continuous/test/auto/DCMotor.xml
----------------- Instantiating /home/travis/build/icyphy/ptII/ptolemy/domains/continuous/test/auto/DCMotor.xml
14885 ms. Memory: 734720K Free: 144115K (20%)
----------------- Invoking toplevel() on ptolemy.moml.MoMLSimpleApplication@33c3d47f
----------------- Done invoking toplevel() on ptolemy.moml.MoMLSimpleApplication@33c3d47f
reloadAllAccessors: .DCMotor

===========================================================================================
----------------- testing Thu May 16 04:20:34 UTC 2019 /home/travis/build/icyphy/ptII/ptolemy/domains/continuous/test/auto/DEInContinuous.xml
----------------- Instantiating /home/travis/build/icyphy/ptII/ptolemy/domains/continuous/test/auto/DEInContinuous.xml
8 ms. Memory: 734720K Free: 127621K (17%)
----------------- Invoking toplevel() on ptolemy.moml.MoMLSimpleApplication@3588e66b
----------------- Done invoking toplevel() on ptolemy.moml.MoMLSimpleApplication@3588e66b
reloadAllAccessors: .DEInContinuous

===========================================================================================
----------------- testing Thu May 16 04:20:34 UTC 2019 /home/travis/build/icyphy/ptII/ptolemy/domains/continuous/test/auto/DEinContinuous2.xml
----------------- Instantiating /home/travis/build/icyphy/ptII/ptolemy/domains/continuous/test/auto/DEinContinuous2.xml
8 ms. Memory: 734720K Free: 113498K (15%)
----------------- Invoking toplevel() on ptolemy.moml.MoMLSimpleApplication@36565f7e
----------------- Done invoking toplevel() on ptolemy.moml.MoMLSimpleApplication@36565f7e
reloadAllAccessors: .DEinContinuous2

===========================================================================================
----------------- testing Thu May 16 04:20:34 UTC 2019 /home/travis/build/icyphy/ptII/ptolemy/domains/continuous/test/auto/Derivative.xml
----------------- Instantiating /home/travis/build/icyphy/ptII/ptolemy/domains/continuous/test/auto/Derivative.xml
152 ms. Memory: 734720K Free: 74562K (10%)
----------------- Invoking toplevel() on ptolemy.moml.MoMLSimpleApplication@24fd795d
----------------- Done invoking toplevel() on ptolemy.moml.MoMLSimpleApplication@24fd795d
reloadAllAccessors: .Derivative2

===========================================================================================
----------------- testing Thu May 16 04:20:34 UTC 2019 /home/travis/build/icyphy/ptII/ptolemy/domains/continuous/test/auto/Derivative1.xml
----------------- Instantiating /home/travis/build/icyphy/ptII/ptolemy/domains/continuous/test/auto/Derivative1.xml
32 ms. Memory: 697344K Free: 665243K (95%)
----------------- Invoking toplevel() on ptolemy.moml.MoMLSimpleApplication@ff9f379
----------------- Done invoking toplevel() on ptolemy.moml.MoMLSimpleApplication@ff9f379
reloadAllAccessors: .Derivative1

===========================================================================================
----------------- testing Thu May 16 04:20:34 UTC 2019 /home/travis/build/icyphy/ptII/ptolemy/domains/continuous/test/auto/DiscreteClock.xml
----------------- Instantiating /home/travis/build/icyphy/ptII/ptolemy/domains/continuous/test/auto/DiscreteClock.xml
5 ms. Memory: 697344K Free: 651384K (93%)
----------------- Invoking toplevel() on ptolemy.moml.MoMLSimpleApplication@d3faeef
----------------- Done invoking toplevel() on ptolemy.moml.MoMLSimpleApplication@d3faeef
reloadAllAccessors: .DiscreteClock

===========================================================================================
----------------- testing Thu May 16 04:20:34 UTC 2019 /home/travis/build/icyphy/ptII/ptolemy/domains/continuous/test/auto/EfficiencyCurve.xml
----------------- Instantiating /home/travis/build/icyphy/ptII/ptolemy/domains/continuous/test/auto/EfficiencyCurve.xml
69 ms. Memory: 697344K Free: 638313K (92%)
----------------- Invoking toplevel() on ptolemy.moml.MoMLSimpleApplication@5f5981cf
----------------- Done invoking toplevel() on ptolemy.moml.MoMLSimpleApplication@5f5981cf
reloadAllAccessors: .EfficiencyCurve

===========================================================================================
----------------- testing Thu May 16 04:20:35 UTC 2019 /home/travis/build/icyphy/ptII/ptolemy/domains/continuous/test/auto/ExponentialResponse.xml
----------------- Instantiating /home/travis/build/icyphy/ptII/ptolemy/domains/continuous/test/auto/ExponentialResponse.xml
109 ms. Memory: 697344K Free: 612923K (88%)
----------------- Invoking toplevel() on ptolemy.moml.MoMLSimpleApplication@3fbc9ef2
----------------- Done invoking toplevel() on ptolemy.moml.MoMLSimpleApplication@3fbc9ef2
reloadAllAccessors: .ExponentialResponse

===========================================================================================
----------------- testing Thu May 16 04:20:35 UTC 2019 /home/travis/build/icyphy/ptII/ptolemy/domains/continuous/test/auto/ExponentialResponseRK45.xml
----------------- Instantiating /home/travis/build/icyphy/ptII/ptolemy/domains/continuous/test/auto/ExponentialResponseRK45.xml
25 ms. Memory: 697344K Free: 599851K (86%)
----------------- Invoking toplevel() on ptolemy.moml.MoMLSimpleApplication@6a6f6e8f
----------------- Done invoking toplevel() on ptolemy.moml.MoMLSimpleApplication@6a6f6e8f
reloadAllAccessors: .ExponentialResponseRK45

===========================================================================================
----------------- testing Thu May 16 04:20:35 UTC 2019 /home/travis/build/icyphy/ptII/ptolemy/domains/continuous/test/auto/Friction.xml
----------------- Instantiating /home/travis/build/icyphy/ptII/ptolemy/domains/continuous/test/auto/Friction.xml
1499 ms. Memory: 697344K Free: 144852K (21%)
----------------- Invoking toplevel() on ptolemy.moml.MoMLSimpleApplication@63989d0e
----------------- Done invoking toplevel() on ptolemy.moml.MoMLSimpleApplication@63989d0e
reloadAllAccessors: .Friction

===========================================================================================
----------------- testing Thu May 16 04:20:36 UTC 2019 /home/travis/build/icyphy/ptII/ptolemy/domains/continuous/test/auto/FurutaPendulum.xml
----------------- Instantiating /home/travis/build/icyphy/ptII/ptolemy/domains/continuous/test/auto/FurutaPendulum.xml
3421 ms. Memory: 674816K Free: 218700K (32%)
----------------- Invoking toplevel() on ptolemy.moml.MoMLSimpleApplication@2be26e00
----------------- Done invoking toplevel() on ptolemy.moml.MoMLSimpleApplication@2be26e00
reloadAllAccessors: .FurutaPendulum

===========================================================================================
----------------- testing Thu May 16 04:20:40 UTC 2019 /home/travis/build/icyphy/ptII/ptolemy/domains/continuous/test/auto/HierarchicalExecution.xml
----------------- Instantiating /home/travis/build/icyphy/ptII/ptolemy/domains/continuous/test/auto/HierarchicalExecution.xml
1869 ms. Memory: 647168K Free: 474413K (73%)
----------------- Invoking toplevel() on ptolemy.moml.MoMLSimpleApplication@2e3f78e8
----------------- Done invoking toplevel() on ptolemy.moml.MoMLSimpleApplication@2e3f78e8
reloadAllAccessors: .HierarchicalExecution

===========================================================================================
----------------- testing Thu May 16 04:20:42 UTC 2019 /home/travis/build/icyphy/ptII/ptolemy/domains/continuous/test/auto/HybridPlant.xml
----------------- Instantiating /home/travis/build/icyphy/ptII/ptolemy/domains/continuous/test/auto/HybridPlant.xml
537 ms. Memory: 647168K Free: 193330K (30%)
----------------- Invoking toplevel() on ptolemy.moml.MoMLSimpleApplication@17a21e36
----------------- Done invoking toplevel() on ptolemy.moml.MoMLSimpleApplication@17a21e36
reloadAllAccessors: .HybridPlant

===========================================================================================
----------------- testing Thu May 16 04:20:43 UTC 2019 /home/travis/build/icyphy/ptII/ptolemy/domains/continuous/test/auto/Hysteresis.xml
----------------- Instantiating /home/travis/build/icyphy/ptII/ptolemy/domains/continuous/test/auto/Hysteresis.xml
141 ms. Memory: 647168K Free: 125132K (19%)
----------------- Invoking toplevel() on ptolemy.moml.MoMLSimpleApplication@31de7b0e
----------------- Done invoking toplevel() on ptolemy.moml.MoMLSimpleApplication@31de7b0e
reloadAllAccessors: .Hysteresis

===========================================================================================
----------------- testing Thu May 16 04:20:43 UTC 2019 /home/travis/build/icyphy/ptII/ptolemy/domains/continuous/test/auto/HysteresisWithRandomDelay.xml
----------------- Instantiating /home/travis/build/icyphy/ptII/ptolemy/domains/continuous/test/auto/HysteresisWithRandomDelay.xml
189 ms. Memory: 615424K Free: 572608K (93%)
----------------- Invoking toplevel() on ptolemy.moml.MoMLSimpleApplication@3d5bcc1
----------------- Done invoking toplevel() on ptolemy.moml.MoMLSimpleApplication@3d5bcc1
reloadAllAccessors: .HysteresisWithRandomDelay

===========================================================================================
----------------- testing Thu May 16 04:20:43 UTC 2019 /home/travis/build/icyphy/ptII/ptolemy/domains/continuous/test/auto/HysteresisWithRandomLosses.xml
----------------- Instantiating /home/travis/build/icyphy/ptII/ptolemy/domains/continuous/test/auto/HysteresisWithRandomLosses.xml
2418 ms. Memory: 591872K Free: 297993K (50%)
----------------- Invoking toplevel() on ptolemy.moml.MoMLSimpleApplication@50350d70
----------------- Done invoking toplevel() on ptolemy.moml.MoMLSimpleApplication@50350d70
reloadAllAccessors: .HysteresisWithRandomLosses

===========================================================================================
----------------- testing Thu May 16 04:20:46 UTC 2019 /home/travis/build/icyphy/ptII/ptolemy/domains/continuous/test/auto/ImmediateTransitions.xml
----------------- Instantiating /home/travis/build/icyphy/ptII/ptolemy/domains/continuous/test/auto/ImmediateTransitions.xml
13 ms. Memory: 591872K Free: 282808K (48%)
----------------- Invoking toplevel() on ptolemy.moml.MoMLSimpleApplication@bbb1db5
----------------- Done invoking toplevel() on ptolemy.moml.MoMLSimpleApplication@bbb1db5
reloadAllAccessors: .ImmediateTransitions

===========================================================================================
----------------- testing Thu May 16 04:20:46 UTC 2019 /home/travis/build/icyphy/ptII/ptolemy/domains/continuous/test/auto/ImpulseFeedback.xml
----------------- Instantiating /home/travis/build/icyphy/ptII/ptolemy/domains/continuous/test/auto/ImpulseFeedback.xml
9 ms. Memory: 591872K Free: 274330K (46%)
----------------- Invoking toplevel() on ptolemy.moml.MoMLSimpleApplication@3cf9971d
----------------- Done invoking toplevel() on ptolemy.moml.MoMLSimpleApplication@3cf9971d
reloadAllAccessors: .ImpulseFeedback

===========================================================================================
----------------- testing Thu May 16 04:20:46 UTC 2019 /home/travis/build/icyphy/ptII/ptolemy/domains/continuous/test/auto/ImpulseFeedback2.xml
----------------- Instantiating /home/travis/build/icyphy/ptII/ptolemy/domains/continuous/test/auto/ImpulseFeedback2.xml
7 ms. Memory: 591872K Free: 265862K (45%)
----------------- Invoking toplevel() on ptolemy.moml.MoMLSimpleApplication@7ff329f9
----------------- Done invoking toplevel() on ptolemy.moml.MoMLSimpleApplication@7ff329f9
reloadAllAccessors: .ImpulseFeedback2

===========================================================================================
----------------- testing Thu May 16 04:20:46 UTC 2019 /home/travis/build/icyphy/ptII/ptolemy/domains/continuous/test/auto/IncreasingRatePoisson.xml
----------------- Instantiating /home/travis/build/icyphy/ptII/ptolemy/domains/continuous/test/auto/IncreasingRatePoisson.xml
752 ms. Memory: 565760K Free: 412945K (73%)
----------------- Invoking toplevel() on ptolemy.moml.MoMLSimpleApplication@55543ae
----------------- Done invoking toplevel() on ptolemy.moml.MoMLSimpleApplication@55543ae
reloadAllAccessors: .IncreasingRatePoisson

===========================================================================================
----------------- testing Thu May 16 04:20:47 UTC 2019 /home/travis/build/icyphy/ptII/ptolemy/domains/continuous/test/auto/InitialStateFeedback.xml
----------------- Instantiating /home/travis/build/icyphy/ptII/ptolemy/domains/continuous/test/auto/InitialStateFeedback.xml
5 ms. Memory: 565760K Free: 403497K (71%)
----------------- Invoking toplevel() on ptolemy.moml.MoMLSimpleApplication@7efd359f
----------------- Done invoking toplevel() on ptolemy.moml.MoMLSimpleApplication@7efd359f
reloadAllAccessors: .InitialStateFeedback

===========================================================================================
----------------- testing Thu May 16 04:20:47 UTC 2019 /home/travis/build/icyphy/ptII/ptolemy/domains/continuous/test/auto/Integration.xml
----------------- Instantiating /home/travis/build/icyphy/ptII/ptolemy/domains/continuous/test/auto/Integration.xml
2 ms. Memory: 565760K Free: 395337K (70%)
----------------- Invoking toplevel() on ptolemy.moml.MoMLSimpleApplication@796073d9
----------------- Done invoking toplevel() on ptolemy.moml.MoMLSimpleApplication@796073d9
reloadAllAccessors: .Integration

===========================================================================================
----------------- testing Thu May 16 04:20:47 UTC 2019 /home/travis/build/icyphy/ptII/ptolemy/domains/continuous/test/auto/Integration2.xml
----------------- Instantiating /home/travis/build/icyphy/ptII/ptolemy/domains/continuous/test/auto/Integration2.xml
91 ms. Memory: 565760K Free: 377505K (67%)
----------------- Invoking toplevel() on ptolemy.moml.MoMLSimpleApplication@7ef26f61
----------------- Done invoking toplevel() on ptolemy.moml.MoMLSimpleApplication@7ef26f61
reloadAllAccessors: .Integration2

===========================================================================================
----------------- testing Thu May 16 04:20:47 UTC 2019 /home/travis/build/icyphy/ptII/ptolemy/domains/continuous/test/auto/Integration3.xml
----------------- Instantiating /home/travis/build/icyphy/ptII/ptolemy/domains/continuous/test/auto/Integration3.xml
2 ms. Memory: 565760K Free: 369361K (65%)
----------------- Invoking toplevel() on ptolemy.moml.MoMLSimpleApplication@1d97a930
----------------- Done invoking toplevel() on ptolemy.moml.MoMLSimpleApplication@1d97a930
reloadAllAccessors: .Integration3

===========================================================================================
----------------- testing Thu May 16 04:20:47 UTC 2019 /home/travis/build/icyphy/ptII/ptolemy/domains/continuous/test/auto/Integration5.xml
----------------- Instantiating /home/travis/build/icyphy/ptII/ptolemy/domains/continuous/test/auto/Integration5.xml
2 ms. Memory: 565760K Free: 361310K (64%)
----------------- Invoking toplevel() on ptolemy.moml.MoMLSimpleApplication@6071c6a5
----------------- Done invoking toplevel() on ptolemy.moml.MoMLSimpleApplication@6071c6a5
reloadAllAccessors: .Integration5

===========================================================================================
----------------- testing Thu May 16 04:20:47 UTC 2019 /home/travis/build/icyphy/ptII/ptolemy/domains/continuous/test/auto/IntegratorImpulse.xml
----------------- Instantiating /home/travis/build/icyphy/ptII/ptolemy/domains/continuous/test/auto/IntegratorImpulse.xml
2 ms. Memory: 565760K Free: 353150K (62%)
----------------- Invoking toplevel() on ptolemy.moml.MoMLSimpleApplication@31652068
----------------- Done invoking toplevel() on ptolemy.moml.MoMLSimpleApplication@31652068
reloadAllAccessors: .IntegratorImpulse

===========================================================================================
----------------- testing Thu May 16 04:20:47 UTC 2019 /home/travis/build/icyphy/ptII/ptolemy/domains/continuous/test/auto/IntegratorImpulse2.xml
----------------- Instantiating /home/travis/build/icyphy/ptII/ptolemy/domains/continuous/test/auto/IntegratorImpulse2.xml
4 ms. Memory: 565760K Free: 344989K (61%)
----------------- Invoking toplevel() on ptolemy.moml.MoMLSimpleApplication@71ebb8f7
----------------- Done invoking toplevel() on ptolemy.moml.MoMLSimpleApplication@71ebb8f7
reloadAllAccessors: .IntegratorImpulse2

===========================================================================================
----------------- testing Thu May 16 04:20:47 UTC 2019 /home/travis/build/icyphy/ptII/ptolemy/domains/continuous/test/auto/LevelCrossing1.xml
----------------- Instantiating /home/travis/build/icyphy/ptII/ptolemy/domains/continuous/test/auto/LevelCrossing1.xml
2 ms. Memory: 565760K Free: 336829K (60%)
----------------- Invoking toplevel() on ptolemy.moml.MoMLSimpleApplication@4a76dc07
----------------- Done invoking toplevel() on ptolemy.moml.MoMLSimpleApplication@4a76dc07
reloadAllAccessors: .LevelCrossing1

===========================================================================================
----------------- testing Thu May 16 04:20:47 UTC 2019 /home/travis/build/icyphy/ptII/ptolemy/domains/continuous/test/auto/LevelCrossing2.xml
----------------- Instantiating /home/travis/build/icyphy/ptII/ptolemy/domains/continuous/test/auto/LevelCrossing2.xml
3 ms. Memory: 565760K Free: 328669K (58%)
----------------- Invoking toplevel() on ptolemy.moml.MoMLSimpleApplication@46b958ba
----------------- Done invoking toplevel() on ptolemy.moml.MoMLSimpleApplication@46b958ba
reloadAllAccessors: .LevelCrossing2

===========================================================================================
----------------- testing Thu May 16 04:20:47 UTC 2019 /home/travis/build/icyphy/ptII/ptolemy/domains/continuous/test/auto/LevelCrossing3.xml
----------------- Instantiating /home/travis/build/icyphy/ptII/ptolemy/domains/continuous/test/auto/LevelCrossing3.xml
3 ms. Memory: 565760K Free: 320509K (57%)
----------------- Invoking toplevel() on ptolemy.moml.MoMLSimpleApplication@3a0cd7d0
----------------- Done invoking toplevel() on ptolemy.moml.MoMLSimpleApplication@3a0cd7d0
reloadAllAccessors: .LevelCrossing3

===========================================================================================
----------------- testing Thu May 16 04:20:47 UTC 2019 /home/travis/build/icyphy/ptII/ptolemy/domains/continuous/test/auto/LevelCrossing4.xml
----------------- Instantiating /home/travis/build/icyphy/ptII/ptolemy/domains/continuous/test/auto/LevelCrossing4.xml
3 ms. Memory: 565760K Free: 312458K (55%)
----------------- Invoking toplevel() on ptolemy.moml.MoMLSimpleApplication@553ca266
----------------- Done invoking toplevel() on ptolemy.moml.MoMLSimpleApplication@553ca266
reloadAllAccessors: .LevelCrossing4

===========================================================================================
----------------- testing Thu May 16 04:20:47 UTC 2019 /home/travis/build/icyphy/ptII/ptolemy/domains/continuous/test/auto/LevelCrossing5.xml
----------------- Instantiating /home/travis/build/icyphy/ptII/ptolemy/domains/continuous/test/auto/LevelCrossing5.xml
3 ms. Memory: 565760K Free: 304297K (54%)
----------------- Invoking toplevel() on ptolemy.moml.MoMLSimpleApplication@3ca76599
----------------- Done invoking toplevel() on ptolemy.moml.MoMLSimpleApplication@3ca76599
reloadAllAccessors: .LevelCrossing5

===========================================================================================
[...]
reloadAllAccessors: .ResetTransitionWithStartTime6

===========================================================================================
----------------- testing Thu May 16 04:21:05 UTC 2019 /home/travis/build/icyphy/ptII/ptolemy/domains/continuous/test/auto/SRinContinuous.xml
----------------- Instantiating /home/travis/build/icyphy/ptII/ptolemy/domains/continuous/test/auto/SRinContinuous.xml
4 ms. Memory: 371712K Free: 179106K (48%)
----------------- Invoking toplevel() on ptolemy.moml.MoMLSimpleApplication@77aa7ac0
----------------- Done invoking toplevel() on ptolemy.moml.MoMLSimpleApplication@77aa7ac0
reloadAllAccessors: .SRinContinuous

===========================================================================================
----------------- testing Thu May 16 04:21:05 UTC 2019 /home/travis/build/icyphy/ptII/ptolemy/domains/continuous/test/auto/SampledClocks.xml
----------------- Instantiating /home/travis/build/icyphy/ptII/ptolemy/domains/continuous/test/auto/SampledClocks.xml
4 ms. Memory: 371712K Free: 163612K (44%)
----------------- Invoking toplevel() on ptolemy.moml.MoMLSimpleApplication@744bfe9
----------------- Done invoking toplevel() on ptolemy.moml.MoMLSimpleApplication@744bfe9
reloadAllAccessors: .SampledClocks

===========================================================================================
----------------- testing Thu May 16 04:21:05 UTC 2019 /home/travis/build/icyphy/ptII/ptolemy/domains/continuous/test/auto/Satellite.xml
----------------- Instantiating /home/travis/build/icyphy/ptII/ptolemy/domains/continuous/test/auto/Satellite.xml
896 ms. Memory: 358912K Free: 257252K (72%)
----------------- Invoking toplevel() on ptolemy.moml.MoMLSimpleApplication@67509e76
----------------- Done invoking toplevel() on ptolemy.moml.MoMLSimpleApplication@67509e76
reloadAllAccessors: .Satellite

===========================================================================================
----------------- testing Thu May 16 04:21:06 UTC 2019 /home/travis/build/icyphy/ptII/ptolemy/domains/continuous/test/auto/SigmaDelta.xml
----------------- Instantiating /home/travis/build/icyphy/ptII/ptolemy/domains/continuous/test/auto/SigmaDelta.xml
2477 ms. Memory: 434176K Free: 221694K (51%)
----------------- Invoking toplevel() on ptolemy.moml.MoMLSimpleApplication@47b6aaaa
----------------- Done invoking toplevel() on ptolemy.moml.MoMLSimpleApplication@47b6aaaa
reloadAllAccessors: .SigmaDelta

===========================================================================================
----------------- testing Thu May 16 04:21:08 UTC 2019 /home/travis/build/icyphy/ptII/ptolemy/domains/continuous/test/auto/SingleRefinement.xml
----------------- Instantiating /home/travis/build/icyphy/ptII/ptolemy/domains/continuous/test/auto/SingleRefinement.xml
290 ms. Memory: 434176K Free: 33736K (8%)
----------------- Invoking toplevel() on ptolemy.moml.MoMLSimpleApplication@5e041c64
----------------- Done invoking toplevel() on ptolemy.moml.MoMLSimpleApplication@5e041c64
reloadAllAccessors: .SingleRefinement

===========================================================================================
----------------- testing Thu May 16 04:21:09 UTC 2019 /home/travis/build/icyphy/ptII/ptolemy/domains/continuous/test/auto/SinuBouncingBall.xml
----------------- Instantiating /home/travis/build/icyphy/ptII/ptolemy/domains/continuous/test/auto/SinuBouncingBall.xml
712 ms. Memory: 515584K Free: 233488K (45%)
----------------- Invoking toplevel() on ptolemy.moml.MoMLSimpleApplication@1198124b
----------------- Done invoking toplevel() on ptolemy.moml.MoMLSimpleApplication@1198124b
reloadAllAccessors: .SinuBouncingBall

===========================================================================================
----------------- testing Thu May 16 04:21:10 UTC 2019 /home/travis/build/icyphy/ptII/ptolemy/domains/continuous/test/auto/Sinusoid.xml
----------------- Instantiating /home/travis/build/icyphy/ptII/ptolemy/domains/continuous/test/auto/Sinusoid.xml
5 ms. Memory: 515584K Free: 226725K (44%)
----------------- Invoking toplevel() on ptolemy.moml.MoMLSimpleApplication@503676ec
----------------- Done invoking toplevel() on ptolemy.moml.MoMLSimpleApplication@503676ec
reloadAllAccessors: .Sinusoid

===========================================================================================
----------------- testing Thu May 16 04:21:10 UTC 2019 /home/travis/build/icyphy/ptII/ptolemy/domains/continuous/test/auto/SinusoidInNoise.xml
----------------- Instantiating /home/travis/build/icyphy/ptII/ptolemy/domains/continuous/test/auto/SinusoidInNoise.xml
1027 ms. Memory: 498176K Free: 432799K (87%)
----------------- Invoking toplevel() on ptolemy.moml.MoMLSimpleApplication@1de8a93f
----------------- Done invoking toplevel() on ptolemy.moml.MoMLSimpleApplication@1de8a93f
reloadAllAccessors: .SinusoidInNoise

===========================================================================================
----------------- testing Thu May 16 04:21:11 UTC 2019 /home/travis/build/icyphy/ptII/ptolemy/domains/continuous/test/auto/SinusoidRK45.xml
----------------- Instantiating /home/travis/build/icyphy/ptII/ptolemy/domains/continuous/test/auto/SinusoidRK45.xml
2 ms. Memory: 498176K Free: 424845K (85%)
----------------- Invoking toplevel() on ptolemy.moml.MoMLSimpleApplication@5f8f348e
----------------- Done invoking toplevel() on ptolemy.moml.MoMLSimpleApplication@5f8f348e
reloadAllAccessors: .SinusoidRK45

===========================================================================================
----------------- testing Thu May 16 04:21:11 UTC 2019 /home/travis/build/icyphy/ptII/ptolemy/domains/continuous/test/auto/SinusoidWithMultipleImpulses.xml
----------------- Instantiating /home/travis/build/icyphy/ptII/ptolemy/domains/continuous/test/auto/SinusoidWithMultipleImpulses.xml
3 ms. Memory: 498176K Free: 415606K (83%)
----------------- Invoking toplevel() on ptolemy.moml.MoMLSimpleApplication@3c9b8c85
----------------- Done invoking toplevel() on ptolemy.moml.MoMLSimpleApplication@3c9b8c85
reloadAllAccessors: .SinusoidWithMultipleImpulses

===========================================================================================
----------------- testing Thu May 16 04:21:11 UTC 2019 /home/travis/build/icyphy/ptII/ptolemy/domains/continuous/test/auto/SquareWave.xml
----------------- Instantiating /home/travis/build/icyphy/ptII/ptolemy/domains/continuous/test/auto/SquareWave.xml
161 ms. Memory: 498176K Free: 381536K (77%)
----------------- Invoking toplevel() on ptolemy.moml.MoMLSimpleApplication@e71b275
----------------- Done invoking toplevel() on ptolemy.moml.MoMLSimpleApplication@e71b275
reloadAllAccessors: .SquareWave

===========================================================================================
----------------- testing Thu May 16 04:21:11 UTC 2019 /home/travis/build/icyphy/ptII/ptolemy/domains/continuous/test/auto/Starmac.xml
----------------- Instantiating /home/travis/build/icyphy/ptII/ptolemy/domains/continuous/test/auto/Starmac.xml
3080 ms. Memory: 480768K Free: 407389K (85%)
----------------- Invoking toplevel() on ptolemy.moml.MoMLSimpleApplication@6083413
----------------- Done invoking toplevel() on ptolemy.moml.MoMLSimpleApplication@6083413
reloadAllAccessors: .Starmac

===========================================================================================
----------------- testing Thu May 16 04:21:14 UTC 2019 /home/travis/build/icyphy/ptII/ptolemy/domains/continuous/test/auto/StaticUnits.xml
----------------- Instantiating /home/travis/build/icyphy/ptII/ptolemy/domains/continuous/test/auto/StaticUnits.xml
2143 ms. Memory: 462848K Free: 320515K (69%)
----------------- Invoking toplevel() on ptolemy.moml.MoMLSimpleApplication@7d56aa8c
----------------- Done invoking toplevel() on ptolemy.moml.MoMLSimpleApplication@7d56aa8c
reloadAllAccessors: .StaticUnits

===========================================================================================
----------------- testing Thu May 16 04:21:17 UTC 2019 /home/travis/build/icyphy/ptII/ptolemy/domains/continuous/test/auto/StickyMasses.xml
----------------- Instantiating /home/travis/build/icyphy/ptII/ptolemy/domains/continuous/test/auto/StickyMasses.xml
151 ms. Memory: 462848K Free: 262701K (57%)
----------------- Invoking toplevel() on ptolemy.moml.MoMLSimpleApplication@66280efc
----------------- Done invoking toplevel() on ptolemy.moml.MoMLSimpleApplication@66280efc
reloadAllAccessors: .StickyMasses

===========================================================================================
----------------- testing Thu May 16 04:21:17 UTC 2019 /home/travis/build/icyphy/ptII/ptolemy/domains/continuous/test/auto/StopTime.xml
----------------- Instantiating /home/travis/build/icyphy/ptII/ptolemy/domains/continuous/test/auto/StopTime.xml
54 ms. Memory: 462848K Free: 233431K (50%)
----------------- Invoking toplevel() on ptolemy.moml.MoMLSimpleApplication@73a8fef0
----------------- Done invoking toplevel() on ptolemy.moml.MoMLSimpleApplication@73a8fef0
reloadAllAccessors: .StopTime

===========================================================================================
----------------- testing Thu May 16 04:21:17 UTC 2019 /home/travis/build/icyphy/ptII/ptolemy/domains/continuous/test/auto/StopTime2.xml
----------------- Instantiating /home/travis/build/icyphy/ptII/ptolemy/domains/continuous/test/auto/StopTime2.xml
34 ms. Memory: 462848K Free: 207924K (45%)
----------------- Invoking toplevel() on ptolemy.moml.MoMLSimpleApplication@baab156
----------------- Done invoking toplevel() on ptolemy.moml.MoMLSimpleApplication@baab156
reloadAllAccessors: .StopTime2

===========================================================================================
----------------- testing Thu May 16 04:21:17 UTC 2019 /home/travis/build/icyphy/ptII/ptolemy/domains/continuous/test/auto/Switch.xml
----------------- Instantiating /home/travis/build/icyphy/ptII/ptolemy/domains/continuous/test/auto/Switch.xml
51 ms. Memory: 462848K Free: 178545K (39%)
----------------- Invoking toplevel() on ptolemy.moml.MoMLSimpleApplication@68359b4e
----------------- Done invoking toplevel() on ptolemy.moml.MoMLSimpleApplication@68359b4e
reloadAllAccessors: .Switch

===========================================================================================
----------------- testing Thu May 16 04:21:17 UTC 2019 /home/travis/build/icyphy/ptII/ptolemy/domains/continuous/test/auto/Thermostat.xml
----------------- Instantiating /home/travis/build/icyphy/ptII/ptolemy/domains/continuous/test/auto/Thermostat.xml
205 ms. Memory: 462848K Free: 103887K (22%)
----------------- Invoking toplevel() on ptolemy.moml.MoMLSimpleApplication@247b92f4
----------------- Done invoking toplevel() on ptolemy.moml.MoMLSimpleApplication@247b92f4
reloadAllAccessors: .Thermostat

===========================================================================================
----------------- testing Thu May 16 04:21:17 UTC 2019 /home/travis/build/icyphy/ptII/ptolemy/domains/continuous/test/auto/TimeDelay.xml
----------------- Instantiating /home/travis/build/icyphy/ptII/ptolemy/domains/continuous/test/auto/TimeDelay.xml
6 ms. Memory: 462848K Free: 97285K (21%)
----------------- Invoking toplevel() on ptolemy.moml.MoMLSimpleApplication@24f2c07b
----------------- Done invoking toplevel() on ptolemy.moml.MoMLSimpleApplication@24f2c07b
reloadAllAccessors: .TimeDelay

===========================================================================================
----------------- testing Thu May 16 04:21:17 UTC 2019 /home/travis/build/icyphy/ptII/ptolemy/domains/continuous/test/auto/TimeDelay2.xml
----------------- Instantiating /home/travis/build/icyphy/ptII/ptolemy/domains/continuous/test/auto/TimeDelay2.xml
8 ms. Memory: 462848K Free: 86861K (19%)
----------------- Invoking toplevel() on ptolemy.moml.MoMLSimpleApplication@2083978f
----------------- Done invoking toplevel() on ptolemy.moml.MoMLSimpleApplication@2083978f
reloadAllAccessors: .TimeDelay2

===========================================================================================
----------------- testing Thu May 16 04:21:18 UTC 2019 /home/travis/build/icyphy/ptII/ptolemy/domains/continuous/test/auto/TimeDelay3.xml
----------------- Instantiating /home/travis/build/icyphy/ptII/ptolemy/domains/continuous/test/auto/TimeDelay3.xml
11 ms. Memory: 462848K Free: 80266K (17%)
----------------- Invoking toplevel() on ptolemy.moml.MoMLSimpleApplication@385620db
----------------- Done invoking toplevel() on ptolemy.moml.MoMLSimpleApplication@385620db
reloadAllAccessors: .TimeDelay3

===========================================================================================
----------------- testing Thu May 16 04:21:18 UTC 2019 /home/travis/build/icyphy/ptII/ptolemy/domains/continuous/test/auto/TransferAbsentToInside.xml
----------------- Instantiating /home/travis/build/icyphy/ptII/ptolemy/domains/continuous/test/auto/TransferAbsentToInside.xml
26 ms. Memory: 462848K Free: 24365K (5%)
----------------- Invoking toplevel() on ptolemy.moml.MoMLSimpleApplication@2cf2a8d8
----------------- Done invoking toplevel() on ptolemy.moml.MoMLSimpleApplication@2cf2a8d8
reloadAllAccessors: .TransferAbsentToInside

===========================================================================================
----------------- testing Thu May 16 04:21:18 UTC 2019 /home/travis/build/icyphy/ptII/ptolemy/domains/continuous/test/auto/Transmission.xml
----------------- Instantiating /home/travis/build/icyphy/ptII/ptolemy/domains/continuous/test/auto/Transmission.xml
751 ms. Memory: 441344K Free: 140764K (32%)
----------------- Invoking toplevel() on ptolemy.moml.MoMLSimpleApplication@da99b93
----------------- Done invoking toplevel() on ptolemy.moml.MoMLSimpleApplication@da99b93
reloadAllAccessors: .Transmission

===========================================================================================
----------------- testing Thu May 16 04:21:18 UTC 2019 /home/travis/build/icyphy/ptII/ptolemy/domains/continuous/test/auto/TriggeredContinuousClock.xml
----------------- Instantiating /home/travis/build/icyphy/ptII/ptolemy/domains/continuous/test/auto/TriggeredContinuousClock.xml
37 ms. Memory: 441344K Free: 106088K (24%)
----------------- Invoking toplevel() on ptolemy.moml.MoMLSimpleApplication@59c1a7e9
----------------- Done invoking toplevel() on ptolemy.moml.MoMLSimpleApplication@59c1a7e9
reloadAllAccessors: .TriggeredContinuousClock

===========================================================================================
----------------- testing Thu May 16 04:21:19 UTC 2019 /home/travis/build/icyphy/ptII/ptolemy/domains/continuous/test/auto/TwoMachineInfiniteBusControl.xml
----------------- Instantiating /home/travis/build/icyphy/ptII/ptolemy/domains/continuous/test/auto/TwoMachineInfiniteBusControl.xml
2573 ms. Memory: 409088K Free: 177512K (43%)
----------------- Invoking toplevel() on ptolemy.moml.MoMLSimpleApplication@5bf8d4a0
----------------- Done invoking toplevel() on ptolemy.moml.MoMLSimpleApplication@5bf8d4a0
reloadAllAccessors: .TwoMachineInfiniteBusControl

===========================================================================================
----------------- testing Thu May 16 04:21:21 UTC 2019 /home/travis/build/icyphy/ptII/ptolemy/domains/continuous/test/auto/V2V.xml
----------------- Instantiating /home/travis/build/icyphy/ptII/ptolemy/domains/continuous/test/auto/V2V.xml
742 ms. Memory: 394752K Free: 296030K (75%)
----------------- Invoking toplevel() on ptolemy.moml.MoMLSimpleApplication@53c1b191
----------------- Done invoking toplevel() on ptolemy.moml.MoMLSimpleApplication@53c1b191
reloadAllAccessors: .V2V

===========================================================================================
----------------- testing Thu May 16 04:21:22 UTC 2019 /home/travis/build/icyphy/ptII/ptolemy/domains/continuous/test/auto/hierarchicalModalModel.xml
----------------- Instantiating /home/travis/build/icyphy/ptII/ptolemy/domains/continuous/test/auto/hierarchicalModalModel.xml
9 ms. Memory: 394752K Free: 278057K (70%)
----------------- Invoking toplevel() on ptolemy.moml.MoMLSimpleApplication@3c1da9a0
----------------- Done invoking toplevel() on ptolemy.moml.MoMLSimpleApplication@3c1da9a0
reloadAllAccessors: .hierarchicalModalModel

===========================================================================================
----------------- testing Thu May 16 04:21:22 UTC 2019 /home/travis/build/icyphy/ptII/ptolemy/domains/continuous/test/auto/hierarchicalModalModel1.xml
----------------- Instantiating /home/travis/build/icyphy/ptII/ptolemy/domains/continuous/test/auto/hierarchicalModalModel1.xml
8 ms. Memory: 394752K Free: 261413K (66%)
----------------- Invoking toplevel() on ptolemy.moml.MoMLSimpleApplication@109a84e5
----------------- Done invoking toplevel() on ptolemy.moml.MoMLSimpleApplication@109a84e5
reloadAllAccessors: .hierarchicalModalModel1

===========================================================================================
----------------- testing Thu May 16 04:21:22 UTC 2019 /home/travis/build/icyphy/ptII/ptolemy/domains/continuous/test/auto/hierarchicalModalModel2.xml
----------------- Instantiating /home/travis/build/icyphy/ptII/ptolemy/domains/continuous/test/auto/hierarchicalModalModel2.xml
7 ms. Memory: 394752K Free: 246308K (62%)
----------------- Invoking toplevel() on ptolemy.moml.MoMLSimpleApplication@3d655476
----------------- Done invoking toplevel() on ptolemy.moml.MoMLSimpleApplication@3d655476
reloadAllAccessors: .hierarchicalModalModel2

===========================================================================================
----------------- testing Thu May 16 04:21:22 UTC 2019 /home/travis/build/icyphy/ptII/ptolemy/domains/continuous/test/auto/hierarchicalModalModel3.xml
----------------- Instantiating /home/travis/build/icyphy/ptII/ptolemy/domains/continuous/test/auto/hierarchicalModalModel3.xml
6 ms. Memory: 394752K Free: 232743K (59%)
----------------- Invoking toplevel() on ptolemy.moml.MoMLSimpleApplication@1f527672
----------------- Done invoking toplevel() on ptolemy.moml.MoMLSimpleApplication@1f527672
reloadAllAccessors: .hierarchicalModalModel3

===========================================================================================
----------------- testing Thu May 16 04:21:22 UTC 2019 /home/travis/build/icyphy/ptII/ptolemy/domains/continuous/test/auto/hierarchicalModalModel4.xml
----------------- Instantiating /home/travis/build/icyphy/ptII/ptolemy/domains/continuous/test/auto/hierarchicalModalModel4.xml
5 ms. Memory: 394752K Free: 217646K (55%)
----------------- Invoking toplevel() on ptolemy.moml.MoMLSimpleApplication@43964955
----------------- Done invoking toplevel() on ptolemy.moml.MoMLSimpleApplication@43964955
reloadAllAccessors: .hierarchicalModalModel4

===========================================================================================
----------------- testing Thu May 16 04:21:22 UTC 2019 /home/travis/build/icyphy/ptII/ptolemy/domains/continuous/test/auto/junk.xml
----------------- Instantiating /home/travis/build/icyphy/ptII/ptolemy/domains/continuous/test/auto/junk.xml
136 ms. Memory: 394752K Free: 185398K (47%)
----------------- Invoking toplevel() on ptolemy.moml.MoMLSimpleApplication@460ddd3
----------------- Done invoking toplevel() on ptolemy.moml.MoMLSimpleApplication@460ddd3
reloadAllAccessors: .junk
AutoTests.java: About to close Vertx.
AutoTests.java: Vertx closed.
]]></system-out>
  <system-err><![CDATA[Warning: '.HysteresisWithRandomDelay.NonStrictTest3' The test produced only 21 tokens, yet the correctValues parameter was expecting 30 tokens.
Warning: '.Poisson.NonStrictTest' The test produced only 399 tokens, yet the correctValues parameter was expecting 430 tokens.
]]></system-err>
</testsuite>
