<?xml version="1.0" encoding="UTF-8" ?>
<testsuite errors="0" failures="0" hostname="travis-job-fdf0af87-8b2e-4917-bf1e-7304337226af" name="ptolemy.domains.hdf.kernel.test.junit.JUnitTclTest" skipped="0" tests="39" time="5.836" timestamp="2019-12-20T06:23:06">
  <properties>
[...]
</properties>
  <testcase classname="ptolemy.util.test.junit.TclTests" name="[0] /home/travis/build/icyphy/ptII/ptolemy/domains/hdf/kernel/test/RateErrorChecking.tcl (RunTclFile)" time="0.209" />
  <testcase classname="ptolemy.util.test.junit.AutoKnownFailedTests" name="[0] /home/travis/build/icyphy/ptII/ptolemy/domains/hdf/kernel/test/auto/knownFailedTests/badFSMRateChanges.xml (RunModel)" time="0.708" />
  <testcase classname="ptolemy.util.test.junit.AutoNameArchTests" name="[0] ThereAreNoAutoArchTests (RunModel)" time="0.001" />
  <testcase classname="ptolemy.util.test.junit.AutoTests" name="[0] /home/travis/build/icyphy/ptII/ptolemy/domains/hdf/kernel/test/auto/ConstVariableRateTest.xml (RunModel)" time="0.282" />
  <testcase classname="ptolemy.util.test.junit.AutoTests" name="[1] /home/travis/build/icyphy/ptII/ptolemy/domains/hdf/kernel/test/auto/DifferentRefinedRates.xml (RunModel)" time="0.194" />
  <testcase classname="ptolemy.util.test.junit.AutoTests" name="[2] /home/travis/build/icyphy/ptII/ptolemy/domains/hdf/kernel/test/auto/DifferentRefinedRates2.xml (RunModel)" time="0.17" />
  <testcase classname="ptolemy.util.test.junit.AutoTests" name="[3] /home/travis/build/icyphy/ptII/ptolemy/domains/hdf/kernel/test/auto/DifferentRefinedRates3.xml (RunModel)" time="0.061" />
  <testcase classname="ptolemy.util.test.junit.AutoTests" name="[4] /home/travis/build/icyphy/ptII/ptolemy/domains/hdf/kernel/test/auto/DifferentRefinedRates4.xml (RunModel)" time="0.127" />
  <testcase classname="ptolemy.util.test.junit.AutoTests" name="[5] /home/travis/build/icyphy/ptII/ptolemy/domains/hdf/kernel/test/auto/DifferentRefinedRates5.xml (RunModel)" time="0.125" />
  <testcase classname="ptolemy.util.test.junit.AutoTests" name="[6] /home/travis/build/icyphy/ptII/ptolemy/domains/hdf/kernel/test/auto/DifferentRefinedRates6.xml (RunModel)" time="0.089" />
  <testcase classname="ptolemy.util.test.junit.AutoTests" name="[7] /home/travis/build/icyphy/ptII/ptolemy/domains/hdf/kernel/test/auto/DownSample_PowerOfTwo.xml (RunModel)" time="0.222" />
  <testcase classname="ptolemy.util.test.junit.AutoTests" name="[8] /home/travis/build/icyphy/ptII/ptolemy/domains/hdf/kernel/test/auto/FibonacciWithNullInitial.xml (RunModel)" time="0.167" />
  <testcase classname="ptolemy.util.test.junit.AutoTests" name="[9] /home/travis/build/icyphy/ptII/ptolemy/domains/hdf/kernel/test/auto/FibonacciWithNullInitial1.xml (RunModel)" time="0.188" />
  <testcase classname="ptolemy.util.test.junit.AutoTests" name="[10] /home/travis/build/icyphy/ptII/ptolemy/domains/hdf/kernel/test/auto/FibonacciWithTransientStates.xml (RunModel)" time="0.185" />
  <testcase classname="ptolemy.util.test.junit.AutoTests" name="[11] /home/travis/build/icyphy/ptII/ptolemy/domains/hdf/kernel/test/auto/FibonacciWithTransientStates2.xml (RunModel)" time="0.111" />
  <testcase classname="ptolemy.util.test.junit.AutoTests" name="[12] /home/travis/build/icyphy/ptII/ptolemy/domains/hdf/kernel/test/auto/FibonacciWithoutHistoryInitial.xml (RunModel)" time="0.166" />
  <testcase classname="ptolemy.util.test.junit.AutoTests" name="[13] /home/travis/build/icyphy/ptII/ptolemy/domains/hdf/kernel/test/auto/GuardUsingPastTokens.xml (RunModel)" time="0.066" />
  <testcase classname="ptolemy.util.test.junit.AutoTests" name="[14] /home/travis/build/icyphy/ptII/ptolemy/domains/hdf/kernel/test/auto/GuardWithResets.xml (RunModel)" time="0.096" />
  <testcase classname="ptolemy.util.test.junit.AutoTests" name="[15] /home/travis/build/icyphy/ptII/ptolemy/domains/hdf/kernel/test/auto/Hierarchy_2Level_Test1.xml (RunModel)" time="0.077" />
  <testcase classname="ptolemy.util.test.junit.AutoTests" name="[16] /home/travis/build/icyphy/ptII/ptolemy/domains/hdf/kernel/test/auto/Hierarchy_2Level_Test2.xml (RunModel)" time="0.076" />
  <testcase classname="ptolemy.util.test.junit.AutoTests" name="[17] /home/travis/build/icyphy/ptII/ptolemy/domains/hdf/kernel/test/auto/Hysteresis.xml (RunModel)" time="0.045" />
  <testcase classname="ptolemy.util.test.junit.AutoTests" name="[18] /home/travis/build/icyphy/ptII/ptolemy/domains/hdf/kernel/test/auto/InitTransient.xml (RunModel)" time="0.089" />
  <testcase classname="ptolemy.util.test.junit.AutoTests" name="[19] /home/travis/build/icyphy/ptII/ptolemy/domains/hdf/kernel/test/auto/Merge.xml (RunModel)" time="0.081" />
  <testcase classname="ptolemy.util.test.junit.AutoTests" name="[20] /home/travis/build/icyphy/ptII/ptolemy/domains/hdf/kernel/test/auto/ModalModelBooleanSwitch.xml (RunModel)" time="0.094" />
  <testcase classname="ptolemy.util.test.junit.AutoTests" name="[21] /home/travis/build/icyphy/ptII/ptolemy/domains/hdf/kernel/test/auto/SameRates.xml (RunModel)" time="0.056" />
  <testcase classname="ptolemy.util.test.junit.AutoTests" name="[22] /home/travis/build/icyphy/ptII/ptolemy/domains/hdf/kernel/test/auto/SameRefinedRates.xml (RunModel)" time="0.051" />
  <testcase classname="ptolemy.util.test.junit.AutoTests" name="[23] /home/travis/build/icyphy/ptII/ptolemy/domains/hdf/kernel/test/auto/SameRefinedRates2.xml (RunModel)" time="0.067" />
  <testcase classname="ptolemy.util.test.junit.AutoTests" name="[24] /home/travis/build/icyphy/ptII/ptolemy/domains/hdf/kernel/test/auto/TransientStates.xml (RunModel)" time="0.081" />
  <testcase classname="ptolemy.util.test.junit.AutoTests" name="[25] /home/travis/build/icyphy/ptII/ptolemy/domains/hdf/kernel/test/auto/TwoHammingCodec.xml (RunModel)" time="0.089" />
  <testcase classname="ptolemy.util.test.junit.AutoTests" name="[26] /home/travis/build/icyphy/ptII/ptolemy/domains/hdf/kernel/test/auto/TwoHammingCodec1.xml (RunModel)" time="0.09" />
  <testcase classname="ptolemy.util.test.junit.AutoTests" name="[27] /home/travis/build/icyphy/ptII/ptolemy/domains/hdf/kernel/test/auto/TwoLevelHierarchy.xml (RunModel)" time="0.133" />
  <testcase classname="ptolemy.util.test.junit.AutoTests" name="[28] /home/travis/build/icyphy/ptII/ptolemy/domains/hdf/kernel/test/auto/TwoLevelHierarchy1.xml (RunModel)" time="0.132" />
  <testcase classname="ptolemy.util.test.junit.AutoTests" name="[29] /home/travis/build/icyphy/ptII/ptolemy/domains/hdf/kernel/test/auto/TwoLevelHierarchy2.xml (RunModel)" time="0.141" />
  <testcase classname="ptolemy.util.test.junit.AutoTests" name="[30] /home/travis/build/icyphy/ptII/ptolemy/domains/hdf/kernel/test/auto/TwoLevelHierarchyNullStates.xml (RunModel)" time="0.171" />
  <testcase classname="ptolemy.util.test.junit.AutoTests" name="[31] /home/travis/build/icyphy/ptII/ptolemy/domains/hdf/kernel/test/auto/TwoLevelHierarchyWithResets.xml (RunModel)" time="0.185" />
  <testcase classname="ptolemy.util.test.junit.AutoTests" name="[32] /home/travis/build/icyphy/ptII/ptolemy/domains/hdf/kernel/test/auto/TwoLevelHierarchyWithResetsNullStates.xml (RunModel)" time="0.187" />
  <testcase classname="ptolemy.util.test.junit.AutoTests" name="[33] /home/travis/build/icyphy/ptII/ptolemy/domains/hdf/kernel/test/auto/WaterTank_HDF.xml (RunModel)" time="0.119" />
  <testcase classname="ptolemy.util.test.junit.AutoTests" name="[34] /home/travis/build/icyphy/ptII/ptolemy/domains/hdf/kernel/test/auto/WaterTank_HDF2.xml (RunModel)" time="0.128" />
  <testcase classname="ptolemy.util.test.junit.AutoTests" name="[35] /home/travis/build/icyphy/ptII/ptolemy/domains/hdf/kernel/test/auto/badFSMRateChanges.xml (RunModel)" time="0.052" />
  <system-out><![CDATA[/home/travis/build/icyphy/ptII/ptolemy/domains/hdf/kernel/test/RateErrorChecking.tcl
testDefs.tcl: setting time out to 9000 seconds at Fri Dec 20 06:23:06 UTC 2019


==== $PTII/ptolemy/domains/hdf/kernel/test/RateErrorChecking.tcl: RateErrorChecking-1.0 
==== Contents of test case:

    catch {createAndExecute "badFSMRateChanges.xml"} foo
    list $foo

==== Result was:
{java.io.FileNotFoundException: /home/travis/build/icyphy/ptII/ptolemy/domains/hdf/kernel/test/badFSMRateChanges.xml (No such file or directory)}
---- KNOWN Failure, Result should have been:
{ptolemy.kernel.util.IllegalActionException: Failed to compute schedule:
  in .badFSMRateChanges.SDF Director
Because:
The SDF rate parameter may change. This is not allowed in SDF models that will be run through the code generator.  If you don't care about code generation, then you might consider setting the allowRateChanges parameter of the SDF director to false.
    in .badFSMRateChanges.typed composite actor.output.tokenProductionRate}
---- RateErrorChecking-1.0 Failed, but this is a KNOWN failure
12/20/19 06:23:06
Failed: 0  Total Tests: 1  ((Passed: 0, Newly Passed: 0)  Known Failed: 1) /home/travis/build/icyphy/ptII/ptolemy/domains/hdf/kernel/test
----------------- testing (KnownFailure) /home/travis/build/icyphy/ptII/ptolemy/domains/hdf/kernel/test/auto/knownFailedTests/badFSMRateChanges.xml
227 ms. Memory: 129024K Free: 78278K (61%)
No auto/linux-amd64/*.xml tests in /home/travis/build/icyphy/ptII/ptolemy/domains/hdf/kernel/test
AutoTests.java: About to close Vertx.
AutoTests.java: Vertx closed.

===========================================================================================
----------------- testing Fri Dec 20 06:23:07 UTC 2019 /home/travis/build/icyphy/ptII/ptolemy/domains/hdf/kernel/test/auto/ConstVariableRateTest.xml
----------------- Instantiating /home/travis/build/icyphy/ptII/ptolemy/domains/hdf/kernel/test/auto/ConstVariableRateTest.xml
82 ms. Memory: 129024K Free: 94668K (73%)
----------------- Invoking toplevel() on ptolemy.moml.MoMLSimpleApplication@5b2746b3
----------------- Done invoking toplevel() on ptolemy.moml.MoMLSimpleApplication@5b2746b3
reloadAllAccessors: .ConstVariableRateTest

===========================================================================================
----------------- testing Fri Dec 20 06:23:08 UTC 2019 /home/travis/build/icyphy/ptII/ptolemy/domains/hdf/kernel/test/auto/DifferentRefinedRates.xml
----------------- Instantiating /home/travis/build/icyphy/ptII/ptolemy/domains/hdf/kernel/test/auto/DifferentRefinedRates.xml
70 ms. Memory: 129024K Free: 104795K (81%)
----------------- Invoking toplevel() on ptolemy.moml.MoMLSimpleApplication@6c9911ad
----------------- Done invoking toplevel() on ptolemy.moml.MoMLSimpleApplication@6c9911ad
reloadAllAccessors: .DifferentRefinedRates

===========================================================================================
----------------- testing Fri Dec 20 06:23:08 UTC 2019 /home/travis/build/icyphy/ptII/ptolemy/domains/hdf/kernel/test/auto/DifferentRefinedRates2.xml
----------------- Instantiating /home/travis/build/icyphy/ptII/ptolemy/domains/hdf/kernel/test/auto/DifferentRefinedRates2.xml
45 ms. Memory: 129024K Free: 90732K (70%)
----------------- Invoking toplevel() on ptolemy.moml.MoMLSimpleApplication@81210e0
----------------- Done invoking toplevel() on ptolemy.moml.MoMLSimpleApplication@81210e0
reloadAllAccessors: .DifferentRefinedRates2

===========================================================================================
----------------- testing Fri Dec 20 06:23:08 UTC 2019 /home/travis/build/icyphy/ptII/ptolemy/domains/hdf/kernel/test/auto/DifferentRefinedRates3.xml
----------------- Instantiating /home/travis/build/icyphy/ptII/ptolemy/domains/hdf/kernel/test/auto/DifferentRefinedRates3.xml
27 ms. Memory: 129024K Free: 80506K (62%)
----------------- Invoking toplevel() on ptolemy.moml.MoMLSimpleApplication@51e6f548
----------------- Done invoking toplevel() on ptolemy.moml.MoMLSimpleApplication@51e6f548
reloadAllAccessors: .DifferentRefinedRates3

===========================================================================================
----------------- testing Fri Dec 20 06:23:08 UTC 2019 /home/travis/build/icyphy/ptII/ptolemy/domains/hdf/kernel/test/auto/DifferentRefinedRates4.xml
----------------- Instantiating /home/travis/build/icyphy/ptII/ptolemy/domains/hdf/kernel/test/auto/DifferentRefinedRates4.xml
68 ms. Memory: 129024K Free: 107160K (83%)
----------------- Invoking toplevel() on ptolemy.moml.MoMLSimpleApplication@1e7f62f9
----------------- Done invoking toplevel() on ptolemy.moml.MoMLSimpleApplication@1e7f62f9
reloadAllAccessors: .NewHDFtest1

===========================================================================================
----------------- testing Fri Dec 20 06:23:08 UTC 2019 /home/travis/build/icyphy/ptII/ptolemy/domains/hdf/kernel/test/auto/DifferentRefinedRates5.xml
----------------- Instantiating /home/travis/build/icyphy/ptII/ptolemy/domains/hdf/kernel/test/auto/DifferentRefinedRates5.xml
49 ms. Memory: 129024K Free: 91792K (71%)
----------------- Invoking toplevel() on ptolemy.moml.MoMLSimpleApplication@7876e7c8
----------------- Done invoking toplevel() on ptolemy.moml.MoMLSimpleApplication@7876e7c8
reloadAllAccessors: .NewHDFtest2

===========================================================================================
----------------- testing Fri Dec 20 06:23:08 UTC 2019 /home/travis/build/icyphy/ptII/ptolemy/domains/hdf/kernel/test/auto/DifferentRefinedRates6.xml
----------------- Instantiating /home/travis/build/icyphy/ptII/ptolemy/domains/hdf/kernel/test/auto/DifferentRefinedRates6.xml
40 ms. Memory: 129024K Free: 78865K (61%)
----------------- Invoking toplevel() on ptolemy.moml.MoMLSimpleApplication@ae2c3f5
----------------- Done invoking toplevel() on ptolemy.moml.MoMLSimpleApplication@ae2c3f5
reloadAllAccessors: .DifferentRefinedRates6

===========================================================================================
----------------- testing Fri Dec 20 06:23:08 UTC 2019 /home/travis/build/icyphy/ptII/ptolemy/domains/hdf/kernel/test/auto/DownSample_PowerOfTwo.xml
----------------- Instantiating /home/travis/build/icyphy/ptII/ptolemy/domains/hdf/kernel/test/auto/DownSample_PowerOfTwo.xml
179 ms. Memory: 129024K Free: 107887K (84%)
----------------- Invoking toplevel() on ptolemy.moml.MoMLSimpleApplication@3f9b6307
----------------- Done invoking toplevel() on ptolemy.moml.MoMLSimpleApplication@3f9b6307
reloadAllAccessors: .SDFDownSample

===========================================================================================
----------------- testing Fri Dec 20 06:23:09 UTC 2019 /home/travis/build/icyphy/ptII/ptolemy/domains/hdf/kernel/test/auto/FibonacciWithNullInitial.xml
----------------- Instantiating /home/travis/build/icyphy/ptII/ptolemy/domains/hdf/kernel/test/auto/FibonacciWithNullInitial.xml
117 ms. Memory: 129024K Free: 83314K (65%)
----------------- Invoking toplevel() on ptolemy.moml.MoMLSimpleApplication@7f3a3b65
----------------- Done invoking toplevel() on ptolemy.moml.MoMLSimpleApplication@7f3a3b65
reloadAllAccessors: .FibonacciWithNullInitial

===========================================================================================
----------------- testing Fri Dec 20 06:23:09 UTC 2019 /home/travis/build/icyphy/ptII/ptolemy/domains/hdf/kernel/test/auto/FibonacciWithNullInitial1.xml
----------------- Instantiating /home/travis/build/icyphy/ptII/ptolemy/domains/hdf/kernel/test/auto/FibonacciWithNullInitial1.xml
143 ms. Memory: 129024K Free: 59788K (46%)
----------------- Invoking toplevel() on ptolemy.moml.MoMLSimpleApplication@534b5c64
----------------- Done invoking toplevel() on ptolemy.moml.MoMLSimpleApplication@534b5c64
reloadAllAccessors: .FibonacciWithNullInitial1

===========================================================================================
----------------- testing Fri Dec 20 06:23:09 UTC 2019 /home/travis/build/icyphy/ptII/ptolemy/domains/hdf/kernel/test/auto/FibonacciWithTransientStates.xml
----------------- Instantiating /home/travis/build/icyphy/ptII/ptolemy/domains/hdf/kernel/test/auto/FibonacciWithTransientStates.xml
130 ms. Memory: 168960K Free: 135898K (80%)
----------------- Invoking toplevel() on ptolemy.moml.MoMLSimpleApplication@2707198a
----------------- Done invoking toplevel() on ptolemy.moml.MoMLSimpleApplication@2707198a
reloadAllAccessors: .FibonacciWithTransientStates

===========================================================================================
----------------- testing Fri Dec 20 06:23:09 UTC 2019 /home/travis/build/icyphy/ptII/ptolemy/domains/hdf/kernel/test/auto/FibonacciWithTransientStates2.xml
----------------- Instantiating /home/travis/build/icyphy/ptII/ptolemy/domains/hdf/kernel/test/auto/FibonacciWithTransientStates2.xml
42 ms. Memory: 168960K Free: 114394K (68%)
----------------- Invoking toplevel() on ptolemy.moml.MoMLSimpleApplication@71d66439
----------------- Done invoking toplevel() on ptolemy.moml.MoMLSimpleApplication@71d66439
reloadAllAccessors: .FibonacciWithTransientStates2

===========================================================================================
----------------- testing Fri Dec 20 06:23:09 UTC 2019 /home/travis/build/icyphy/ptII/ptolemy/domains/hdf/kernel/test/auto/FibonacciWithoutHistoryInitial.xml
----------------- Instantiating /home/travis/build/icyphy/ptII/ptolemy/domains/hdf/kernel/test/auto/FibonacciWithoutHistoryInitial.xml
120 ms. Memory: 168960K Free: 92394K (55%)
----------------- Invoking toplevel() on ptolemy.moml.MoMLSimpleApplication@29acf718
----------------- Done invoking toplevel() on ptolemy.moml.MoMLSimpleApplication@29acf718
reloadAllAccessors: .FibonacciWithoutHistoryInitial

===========================================================================================
----------------- testing Fri Dec 20 06:23:09 UTC 2019 /home/travis/build/icyphy/ptII/ptolemy/domains/hdf/kernel/test/auto/GuardUsingPastTokens.xml
----------------- Instantiating /home/travis/build/icyphy/ptII/ptolemy/domains/hdf/kernel/test/auto/GuardUsingPastTokens.xml
23 ms. Memory: 168960K Free: 77034K (46%)
----------------- Invoking toplevel() on ptolemy.moml.MoMLSimpleApplication@6bec8dc0
----------------- Done invoking toplevel() on ptolemy.moml.MoMLSimpleApplication@6bec8dc0
reloadAllAccessors: .GuardUsingPastTokens

===========================================================================================
----------------- testing Fri Dec 20 06:23:09 UTC 2019 /home/travis/build/icyphy/ptII/ptolemy/domains/hdf/kernel/test/auto/GuardWithResets.xml
----------------- Instantiating /home/travis/build/icyphy/ptII/ptolemy/domains/hdf/kernel/test/auto/GuardWithResets.xml
34 ms. Memory: 168960K Free: 60122K (36%)
----------------- Invoking toplevel() on ptolemy.moml.MoMLSimpleApplication@654d4393
----------------- Done invoking toplevel() on ptolemy.moml.MoMLSimpleApplication@654d4393
reloadAllAccessors: .GuardWithResets

===========================================================================================
----------------- testing Fri Dec 20 06:23:10 UTC 2019 /home/travis/build/icyphy/ptII/ptolemy/domains/hdf/kernel/test/auto/Hierarchy_2Level_Test1.xml
----------------- Instantiating /home/travis/build/icyphy/ptII/ptolemy/domains/hdf/kernel/test/auto/Hierarchy_2Level_Test1.xml
20 ms. Memory: 168960K Free: 141979K (84%)
----------------- Invoking toplevel() on ptolemy.moml.MoMLSimpleApplication@1fe53636
----------------- Done invoking toplevel() on ptolemy.moml.MoMLSimpleApplication@1fe53636
reloadAllAccessors: .Hierarchy_2Level_Test1

===========================================================================================
----------------- testing Fri Dec 20 06:23:10 UTC 2019 /home/travis/build/icyphy/ptII/ptolemy/domains/hdf/kernel/test/auto/Hierarchy_2Level_Test2.xml
----------------- Instantiating /home/travis/build/icyphy/ptII/ptolemy/domains/hdf/kernel/test/auto/Hierarchy_2Level_Test2.xml
27 ms. Memory: 168960K Free: 123547K (73%)
----------------- Invoking toplevel() on ptolemy.moml.MoMLSimpleApplication@6bc8ecc4
----------------- Done invoking toplevel() on ptolemy.moml.MoMLSimpleApplication@6bc8ecc4
reloadAllAccessors: .Hierarchy_4Level_Test2

===========================================================================================
----------------- testing Fri Dec 20 06:23:10 UTC 2019 /home/travis/build/icyphy/ptII/ptolemy/domains/hdf/kernel/test/auto/Hysteresis.xml
----------------- Instantiating /home/travis/build/icyphy/ptII/ptolemy/domains/hdf/kernel/test/auto/Hysteresis.xml
18 ms. Memory: 168960K Free: 112269K (66%)
----------------- Invoking toplevel() on ptolemy.moml.MoMLSimpleApplication@b631ec7
----------------- Done invoking toplevel() on ptolemy.moml.MoMLSimpleApplication@b631ec7
reloadAllAccessors: .Hysteresis

===========================================================================================
----------------- testing Fri Dec 20 06:23:10 UTC 2019 /home/travis/build/icyphy/ptII/ptolemy/domains/hdf/kernel/test/auto/InitTransient.xml
----------------- Instantiating /home/travis/build/icyphy/ptII/ptolemy/domains/hdf/kernel/test/auto/InitTransient.xml
28 ms. Memory: 168960K Free: 93341K (55%)
----------------- Invoking toplevel() on ptolemy.moml.MoMLSimpleApplication@51578c36
----------------- Done invoking toplevel() on ptolemy.moml.MoMLSimpleApplication@51578c36
reloadAllAccessors: .InitTransient

===========================================================================================
----------------- testing Fri Dec 20 06:23:10 UTC 2019 /home/travis/build/icyphy/ptII/ptolemy/domains/hdf/kernel/test/auto/Merge.xml
----------------- Instantiating /home/travis/build/icyphy/ptII/ptolemy/domains/hdf/kernel/test/auto/Merge.xml
30 ms. Memory: 168960K Free: 75933K (45%)
----------------- Invoking toplevel() on ptolemy.moml.MoMLSimpleApplication@57f222f1
----------------- Done invoking toplevel() on ptolemy.moml.MoMLSimpleApplication@57f222f1
reloadAllAccessors: .Merge

===========================================================================================
----------------- testing Fri Dec 20 06:23:10 UTC 2019 /home/travis/build/icyphy/ptII/ptolemy/domains/hdf/kernel/test/auto/ModalModelBooleanSwitch.xml
----------------- Instantiating /home/travis/build/icyphy/ptII/ptolemy/domains/hdf/kernel/test/auto/ModalModelBooleanSwitch.xml
35 ms. Memory: 168960K Free: 56477K (33%)
----------------- Invoking toplevel() on ptolemy.moml.MoMLSimpleApplication@36b0b6d9
----------------- Done invoking toplevel() on ptolemy.moml.MoMLSimpleApplication@36b0b6d9
reloadAllAccessors: .BooleanSwitchWithModel

===========================================================================================
----------------- testing Fri Dec 20 06:23:10 UTC 2019 /home/travis/build/icyphy/ptII/ptolemy/domains/hdf/kernel/test/auto/SameRates.xml
----------------- Instantiating /home/travis/build/icyphy/ptII/ptolemy/domains/hdf/kernel/test/auto/SameRates.xml
15 ms. Memory: 168960K Free: 143716K (85%)
----------------- Invoking toplevel() on ptolemy.moml.MoMLSimpleApplication@19ba7cc6
----------------- Done invoking toplevel() on ptolemy.moml.MoMLSimpleApplication@19ba7cc6
reloadAllAccessors: .SameRates

===========================================================================================
----------------- testing Fri Dec 20 06:23:10 UTC 2019 /home/travis/build/icyphy/ptII/ptolemy/domains/hdf/kernel/test/auto/SameRefinedRates.xml
----------------- Instantiating /home/travis/build/icyphy/ptII/ptolemy/domains/hdf/kernel/test/auto/SameRefinedRates.xml
17 ms. Memory: 168960K Free: 130404K (77%)
----------------- Invoking toplevel() on ptolemy.moml.MoMLSimpleApplication@27233d9
----------------- Done invoking toplevel() on ptolemy.moml.MoMLSimpleApplication@27233d9
reloadAllAccessors: .SameRefinedRates

===========================================================================================
----------------- testing Fri Dec 20 06:23:10 UTC 2019 /home/travis/build/icyphy/ptII/ptolemy/domains/hdf/kernel/test/auto/SameRefinedRates2.xml
----------------- Instantiating /home/travis/build/icyphy/ptII/ptolemy/domains/hdf/kernel/test/auto/SameRefinedRates2.xml
31 ms. Memory: 168960K Free: 116068K (69%)
----------------- Invoking toplevel() on ptolemy.moml.MoMLSimpleApplication@409acc24
----------------- Done invoking toplevel() on ptolemy.moml.MoMLSimpleApplication@409acc24
reloadAllAccessors: .SameRefinedRates2

===========================================================================================
----------------- testing Fri Dec 20 06:23:10 UTC 2019 /home/travis/build/icyphy/ptII/ptolemy/domains/hdf/kernel/test/auto/TransientStates.xml
----------------- Instantiating /home/travis/build/icyphy/ptII/ptolemy/domains/hdf/kernel/test/auto/TransientStates.xml
33 ms. Memory: 168960K Free: 97122K (57%)
----------------- Invoking toplevel() on ptolemy.moml.MoMLSimpleApplication@51b2d337
----------------- Done invoking toplevel() on ptolemy.moml.MoMLSimpleApplication@51b2d337
reloadAllAccessors: .TransientStates

===========================================================================================
----------------- testing Fri Dec 20 06:23:10 UTC 2019 /home/travis/build/icyphy/ptII/ptolemy/domains/hdf/kernel/test/auto/TwoHammingCodec.xml
----------------- Instantiating /home/travis/build/icyphy/ptII/ptolemy/domains/hdf/kernel/test/auto/TwoHammingCodec.xml
37 ms. Memory: 168960K Free: 76642K (45%)
----------------- Invoking toplevel() on ptolemy.moml.MoMLSimpleApplication@1cbb65a1
----------------- Done invoking toplevel() on ptolemy.moml.MoMLSimpleApplication@1cbb65a1
reloadAllAccessors: .TwoHammingCodec

===========================================================================================
----------------- testing Fri Dec 20 06:23:10 UTC 2019 /home/travis/build/icyphy/ptII/ptolemy/domains/hdf/kernel/test/auto/TwoHammingCodec1.xml
----------------- Instantiating /home/travis/build/icyphy/ptII/ptolemy/domains/hdf/kernel/test/auto/TwoHammingCodec1.xml
41 ms. Memory: 168960K Free: 152808K (90%)
----------------- Invoking toplevel() on ptolemy.moml.MoMLSimpleApplication@527ccdb2
----------------- Done invoking toplevel() on ptolemy.moml.MoMLSimpleApplication@527ccdb2
reloadAllAccessors: .twoHammingCodec1

===========================================================================================
----------------- testing Fri Dec 20 06:23:10 UTC 2019 /home/travis/build/icyphy/ptII/ptolemy/domains/hdf/kernel/test/auto/TwoLevelHierarchy.xml
----------------- Instantiating /home/travis/build/icyphy/ptII/ptolemy/domains/hdf/kernel/test/auto/TwoLevelHierarchy.xml
45 ms. Memory: 168960K Free: 109457K (65%)
----------------- Invoking toplevel() on ptolemy.moml.MoMLSimpleApplication@779834b2
----------------- Done invoking toplevel() on ptolemy.moml.MoMLSimpleApplication@779834b2
reloadAllAccessors: .TwoLevelHierarchy

===========================================================================================
----------------- testing Fri Dec 20 06:23:11 UTC 2019 /home/travis/build/icyphy/ptII/ptolemy/domains/hdf/kernel/test/auto/TwoLevelHierarchy1.xml
----------------- Instantiating /home/travis/build/icyphy/ptII/ptolemy/domains/hdf/kernel/test/auto/TwoLevelHierarchy1.xml
52 ms. Memory: 168960K Free: 66945K (40%)
----------------- Invoking toplevel() on ptolemy.moml.MoMLSimpleApplication@60fcb2e3
----------------- Done invoking toplevel() on ptolemy.moml.MoMLSimpleApplication@60fcb2e3
reloadAllAccessors: .TwoLevelHierarchy1

===========================================================================================
----------------- testing Fri Dec 20 06:23:11 UTC 2019 /home/travis/build/icyphy/ptII/ptolemy/domains/hdf/kernel/test/auto/TwoLevelHierarchy2.xml
----------------- Instantiating /home/travis/build/icyphy/ptII/ptolemy/domains/hdf/kernel/test/auto/TwoLevelHierarchy2.xml
49 ms. Memory: 168960K Free: 131789K (78%)
----------------- Invoking toplevel() on ptolemy.moml.MoMLSimpleApplication@70623722
----------------- Done invoking toplevel() on ptolemy.moml.MoMLSimpleApplication@70623722
reloadAllAccessors: .TwoLevelHierarchy2

===========================================================================================
----------------- testing Fri Dec 20 06:23:11 UTC 2019 /home/travis/build/icyphy/ptII/ptolemy/domains/hdf/kernel/test/auto/TwoLevelHierarchyNullStates.xml
----------------- Instantiating /home/travis/build/icyphy/ptII/ptolemy/domains/hdf/kernel/test/auto/TwoLevelHierarchyNullStates.xml
58 ms. Memory: 168960K Free: 82123K (49%)
----------------- Invoking toplevel() on ptolemy.moml.MoMLSimpleApplication@360c1a5e
----------------- Done invoking toplevel() on ptolemy.moml.MoMLSimpleApplication@360c1a5e
reloadAllAccessors: .TwoLevelHierarchyNullStates

===========================================================================================
----------------- testing Fri Dec 20 06:23:11 UTC 2019 /home/travis/build/icyphy/ptII/ptolemy/domains/hdf/kernel/test/auto/TwoLevelHierarchyWithResets.xml
----------------- Instantiating /home/travis/build/icyphy/ptII/ptolemy/domains/hdf/kernel/test/auto/TwoLevelHierarchyWithResets.xml
80 ms. Memory: 168960K Free: 135801K (80%)
----------------- Invoking toplevel() on ptolemy.moml.MoMLSimpleApplication@1a9d11fc
----------------- Done invoking toplevel() on ptolemy.moml.MoMLSimpleApplication@1a9d11fc
reloadAllAccessors: .TwoLevelHierarchy1

===========================================================================================
----------------- testing Fri Dec 20 06:23:11 UTC 2019 /home/travis/build/icyphy/ptII/ptolemy/domains/hdf/kernel/test/auto/TwoLevelHierarchyWithResetsNullStates.xml
----------------- Instantiating /home/travis/build/icyphy/ptII/ptolemy/domains/hdf/kernel/test/auto/TwoLevelHierarchyWithResetsNullStates.xml
74 ms. Memory: 168960K Free: 76409K (45%)
----------------- Invoking toplevel() on ptolemy.moml.MoMLSimpleApplication@614a876e
----------------- Done invoking toplevel() on ptolemy.moml.MoMLSimpleApplication@614a876e
reloadAllAccessors: .TwoLevelHierarchyWithResetsNullStates

===========================================================================================
----------------- testing Fri Dec 20 06:23:11 UTC 2019 /home/travis/build/icyphy/ptII/ptolemy/domains/hdf/kernel/test/auto/WaterTank_HDF.xml
----------------- Instantiating /home/travis/build/icyphy/ptII/ptolemy/domains/hdf/kernel/test/auto/WaterTank_HDF.xml
61 ms. Memory: 168960K Free: 147316K (87%)
----------------- Invoking toplevel() on ptolemy.moml.MoMLSimpleApplication@2a5a47f3
----------------- Done invoking toplevel() on ptolemy.moml.MoMLSimpleApplication@2a5a47f3
reloadAllAccessors: .WaterTank_HDF

===========================================================================================
----------------- testing Fri Dec 20 06:23:12 UTC 2019 /home/travis/build/icyphy/ptII/ptolemy/domains/hdf/kernel/test/auto/WaterTank_HDF2.xml
----------------- Instantiating /home/travis/build/icyphy/ptII/ptolemy/domains/hdf/kernel/test/auto/WaterTank_HDF2.xml
54 ms. Memory: 168960K Free: 114378K (68%)
----------------- Invoking toplevel() on ptolemy.moml.MoMLSimpleApplication@7fa8436c
----------------- Done invoking toplevel() on ptolemy.moml.MoMLSimpleApplication@7fa8436c
reloadAllAccessors: .WaterTank_HDF2

===========================================================================================
----------------- testing Fri Dec 20 06:23:12 UTC 2019 /home/travis/build/icyphy/ptII/ptolemy/domains/hdf/kernel/test/auto/badFSMRateChanges.xml
----------------- Instantiating /home/travis/build/icyphy/ptII/ptolemy/domains/hdf/kernel/test/auto/badFSMRateChanges.xml
14 ms. Memory: 168960K Free: 100042K (59%)
----------------- Invoking toplevel() on ptolemy.moml.MoMLSimpleApplication@2d7903cf
----------------- Done invoking toplevel() on ptolemy.moml.MoMLSimpleApplication@2d7903cf
reloadAllAccessors: .badFSMRateChanges
AutoTests.java: About to close Vertx.
AutoTests.java: Vertx closed.
]]></system-out>
  <system-err><![CDATA[]]></system-err>
</testsuite>
