<?xml version="1.0" encoding="UTF-8" ?>
<testsuite errors="0" failures="0" hostname="travis-job-c0cd5146-6bd6-4d26-84af-eb54c4c0114d" name="ptolemy.domains.continuous.test.junit.JUnitTclTest" skipped="0" tests="156" time="70.032" timestamp="2020-03-04T08:43:47">
  <properties>
[...]
</properties>
  <testcase classname="ptolemy.util.test.junit.TclTests" name="[0] ThereAreNoTclTests (RunTclFile)" time="0.007" />
  <testcase classname="ptolemy.util.test.junit.AutoKnownFailedTests" name="[0] ThereAreNoKnowFailedTests (RunModel)" time="0.001" />
  <testcase classname="ptolemy.util.test.junit.AutoNameArchTests" name="[0] ThereAreNoAutoArchTests (RunModel)" time="0.019" />
  <testcase classname="ptolemy.util.test.junit.AutoTests" name="[0] /home/travis/build/icyphy/ptII/ptolemy/domains/continuous/test/auto/BouncingBall.xml (RunModel)" time="2.941" />
  <testcase classname="ptolemy.util.test.junit.AutoTests" name="[1] /home/travis/build/icyphy/ptII/ptolemy/domains/continuous/test/auto/BouncingBallWithoutGR.xml (RunModel)" time="0.971" />
  <testcase classname="ptolemy.util.test.junit.AutoTests" name="[2] /home/travis/build/icyphy/ptII/ptolemy/domains/continuous/test/auto/Brownian.xml (RunModel)" time="0.087" />
  <testcase classname="ptolemy.util.test.junit.AutoTests" name="[3] /home/travis/build/icyphy/ptII/ptolemy/domains/continuous/test/auto/CarTracking.xml (RunModel)" time="3.714" />
  <testcase classname="ptolemy.util.test.junit.AutoTests" name="[4] /home/travis/build/icyphy/ptII/ptolemy/domains/continuous/test/auto/CartPendulum.xml (RunModel)" time="0.476" />
  <testcase classname="ptolemy.util.test.junit.AutoTests" name="[5] /home/travis/build/icyphy/ptII/ptolemy/domains/continuous/test/auto/CausalityInterface10.xml (RunModel)" time="0.045" />
  <testcase classname="ptolemy.util.test.junit.AutoTests" name="[6] /home/travis/build/icyphy/ptII/ptolemy/domains/continuous/test/auto/CausalityInterface11.xml (RunModel)" time="0.028" />
  <testcase classname="ptolemy.util.test.junit.AutoTests" name="[7] /home/travis/build/icyphy/ptII/ptolemy/domains/continuous/test/auto/CausalityInterface12.xml (RunModel)" time="0.034" />
  <testcase classname="ptolemy.util.test.junit.AutoTests" name="[8] /home/travis/build/icyphy/ptII/ptolemy/domains/continuous/test/auto/CausalityInterface13.xml (RunModel)" time="0.036" />
  <testcase classname="ptolemy.util.test.junit.AutoTests" name="[9] /home/travis/build/icyphy/ptII/ptolemy/domains/continuous/test/auto/CausalityInterface14.xml (RunModel)" time="0.015" />
  <testcase classname="ptolemy.util.test.junit.AutoTests" name="[10] /home/travis/build/icyphy/ptII/ptolemy/domains/continuous/test/auto/CausalityInterface4.xml (RunModel)" time="0.018" />
  <testcase classname="ptolemy.util.test.junit.AutoTests" name="[11] /home/travis/build/icyphy/ptII/ptolemy/domains/continuous/test/auto/CausalityInterface5.xml (RunModel)" time="0.028" />
  <testcase classname="ptolemy.util.test.junit.AutoTests" name="[12] /home/travis/build/icyphy/ptII/ptolemy/domains/continuous/test/auto/CausalityInterface6.xml (RunModel)" time="0.023" />
  <testcase classname="ptolemy.util.test.junit.AutoTests" name="[13] /home/travis/build/icyphy/ptII/ptolemy/domains/continuous/test/auto/CausalityInterface7.xml (RunModel)" time="0.03" />
  <testcase classname="ptolemy.util.test.junit.AutoTests" name="[14] /home/travis/build/icyphy/ptII/ptolemy/domains/continuous/test/auto/CausalityInterface8.xml (RunModel)" time="0.029" />
  <testcase classname="ptolemy.util.test.junit.AutoTests" name="[15] /home/travis/build/icyphy/ptII/ptolemy/domains/continuous/test/auto/CausalityInterface9.xml (RunModel)" time="0.049" />
  <testcase classname="ptolemy.util.test.junit.AutoTests" name="[16] /home/travis/build/icyphy/ptII/ptolemy/domains/continuous/test/auto/CausalityInterfaceFeedback1.xml (RunModel)" time="0.027" />
  <testcase classname="ptolemy.util.test.junit.AutoTests" name="[17] /home/travis/build/icyphy/ptII/ptolemy/domains/continuous/test/auto/CausalityInterfaceFeedback2.xml (RunModel)" time="0.037" />
  <testcase classname="ptolemy.util.test.junit.AutoTests" name="[18] /home/travis/build/icyphy/ptII/ptolemy/domains/continuous/test/auto/CompareWithCurrentTime.xml (RunModel)" time="0.028" />
  <testcase classname="ptolemy.util.test.junit.AutoTests" name="[19] /home/travis/build/icyphy/ptII/ptolemy/domains/continuous/test/auto/ComparedClocks.xml (RunModel)" time="0.069" />
  <testcase classname="ptolemy.util.test.junit.AutoTests" name="[20] /home/travis/build/icyphy/ptII/ptolemy/domains/continuous/test/auto/ContinuousAOCClone.xml (RunModel)" time="2.672" />
  <testcase classname="ptolemy.util.test.junit.AutoTests" name="[21] /home/travis/build/icyphy/ptII/ptolemy/domains/continuous/test/auto/ContinuousClock.xml (RunModel)" time="0.095" />
  <testcase classname="ptolemy.util.test.junit.AutoTests" name="[22] /home/travis/build/icyphy/ptII/ptolemy/domains/continuous/test/auto/ContinuousInContinuous.xml (RunModel)" time="0.094" />
  <testcase classname="ptolemy.util.test.junit.AutoTests" name="[23] /home/travis/build/icyphy/ptII/ptolemy/domains/continuous/test/auto/ContinuousInContinuousInContinuous.xml (RunModel)" time="0.028" />
  <testcase classname="ptolemy.util.test.junit.AutoTests" name="[24] /home/travis/build/icyphy/ptII/ptolemy/domains/continuous/test/auto/ContinuousInDE.xml (RunModel)" time="0.117" />
  <testcase classname="ptolemy.util.test.junit.AutoTests" name="[25] /home/travis/build/icyphy/ptII/ptolemy/domains/continuous/test/auto/ContinuousInDE2.xml (RunModel)" time="0.05" />
  <testcase classname="ptolemy.util.test.junit.AutoTests" name="[26] /home/travis/build/icyphy/ptII/ptolemy/domains/continuous/test/auto/ContinuousInDE3.xml (RunModel)" time="0.051" />
  <testcase classname="ptolemy.util.test.junit.AutoTests" name="[27] /home/travis/build/icyphy/ptII/ptolemy/domains/continuous/test/auto/ContinuousInDE4.xml (RunModel)" time="0.03" />
  <testcase classname="ptolemy.util.test.junit.AutoTests" name="[28] /home/travis/build/icyphy/ptII/ptolemy/domains/continuous/test/auto/ContinuousInDEDifferentRefinements.xml (RunModel)" time="0.1" />
  <testcase classname="ptolemy.util.test.junit.AutoTests" name="[29] /home/travis/build/icyphy/ptII/ptolemy/domains/continuous/test/auto/ContinuousInDEDifferentRefinementsPreemptive.xml (RunModel)" time="0.077" />
  <testcase classname="ptolemy.util.test.junit.AutoTests" name="[30] /home/travis/build/icyphy/ptII/ptolemy/domains/continuous/test/auto/ContinuousInDEInContinuous2.xml (RunModel)" time="0.064" />
  <testcase classname="ptolemy.util.test.junit.AutoTests" name="[31] /home/travis/build/icyphy/ptII/ptolemy/domains/continuous/test/auto/ContinuousInDEInContinuous3.xml (RunModel)" time="0.06" />
  <testcase classname="ptolemy.util.test.junit.AutoTests" name="[32] /home/travis/build/icyphy/ptII/ptolemy/domains/continuous/test/auto/ContinuousInDEInput.xml (RunModel)" time="0.035" />
  <testcase classname="ptolemy.util.test.junit.AutoTests" name="[33] /home/travis/build/icyphy/ptII/ptolemy/domains/continuous/test/auto/ContinuousInDEInput2.xml (RunModel)" time="0.028" />
  <testcase classname="ptolemy.util.test.junit.AutoTests" name="[34] /home/travis/build/icyphy/ptII/ptolemy/domains/continuous/test/auto/ContinuousInDEInput3.xml (RunModel)" time="0.027" />
  <testcase classname="ptolemy.util.test.junit.AutoTests" name="[35] /home/travis/build/icyphy/ptII/ptolemy/domains/continuous/test/auto/ContinuousInDESharingRefinement.xml (RunModel)" time="0.166" />
  <testcase classname="ptolemy.util.test.junit.AutoTests" name="[36] /home/travis/build/icyphy/ptII/ptolemy/domains/continuous/test/auto/ContinuousInDEwithNoPorts.xml (RunModel)" time="0.022" />
  <testcase classname="ptolemy.util.test.junit.AutoTests" name="[37] /home/travis/build/icyphy/ptII/ptolemy/domains/continuous/test/auto/ContinuousInsideDE.xml (RunModel)" time="0.078" />
  <testcase classname="ptolemy.util.test.junit.AutoTests" name="[38] /home/travis/build/icyphy/ptII/ptolemy/domains/continuous/test/auto/ContinuousMerge1.xml (RunModel)" time="0.016" />
  <testcase classname="ptolemy.util.test.junit.AutoTests" name="[39] /home/travis/build/icyphy/ptII/ptolemy/domains/continuous/test/auto/ContinuousMerge2.xml (RunModel)" time="0.031" />
  <testcase classname="ptolemy.util.test.junit.AutoTests" name="[40] /home/travis/build/icyphy/ptII/ptolemy/domains/continuous/test/auto/ContinuousMerge3.xml (RunModel)" time="0.047" />
  <testcase classname="ptolemy.util.test.junit.AutoTests" name="[41] /home/travis/build/icyphy/ptII/ptolemy/domains/continuous/test/auto/ContinuousWithinContinuous.xml (RunModel)" time="0.046" />
  <testcase classname="ptolemy.util.test.junit.AutoTests" name="[42] /home/travis/build/icyphy/ptII/ptolemy/domains/continuous/test/auto/ContinuousWithinContinuous2.xml (RunModel)" time="0.068" />
  <testcase classname="ptolemy.util.test.junit.AutoTests" name="[43] /home/travis/build/icyphy/ptII/ptolemy/domains/continuous/test/auto/ContinuousWithinContinuous3.xml (RunModel)" time="0.022" />
  <testcase classname="ptolemy.util.test.junit.AutoTests" name="[44] /home/travis/build/icyphy/ptII/ptolemy/domains/continuous/test/auto/ContinuousWithinContinuous4.xml (RunModel)" time="0.074" />
  <testcase classname="ptolemy.util.test.junit.AutoTests" name="[45] /home/travis/build/icyphy/ptII/ptolemy/domains/continuous/test/auto/ContinuousWithinContinuous5.xml (RunModel)" time="0.028" />
  <testcase classname="ptolemy.util.test.junit.AutoTests" name="[46] /home/travis/build/icyphy/ptII/ptolemy/domains/continuous/test/auto/ContinuousWithinContinuous6.xml (RunModel)" time="0.022" />
  <testcase classname="ptolemy.util.test.junit.AutoTests" name="[47] /home/travis/build/icyphy/ptII/ptolemy/domains/continuous/test/auto/ContinuousWithinContinuous7.xml (RunModel)" time="0.061" />
  <testcase classname="ptolemy.util.test.junit.AutoTests" name="[48] /home/travis/build/icyphy/ptII/ptolemy/domains/continuous/test/auto/DCMotor.xml (RunModel)" time="12.558" />
  <testcase classname="ptolemy.util.test.junit.AutoTests" name="[49] /home/travis/build/icyphy/ptII/ptolemy/domains/continuous/test/auto/DEInContinuous.xml (RunModel)" time="0.029" />
  <testcase classname="ptolemy.util.test.junit.AutoTests" name="[50] /home/travis/build/icyphy/ptII/ptolemy/domains/continuous/test/auto/DEinContinuous2.xml (RunModel)" time="0.03" />
  <testcase classname="ptolemy.util.test.junit.AutoTests" name="[51] /home/travis/build/icyphy/ptII/ptolemy/domains/continuous/test/auto/Derivative.xml (RunModel)" time="0.196" />
  <testcase classname="ptolemy.util.test.junit.AutoTests" name="[52] /home/travis/build/icyphy/ptII/ptolemy/domains/continuous/test/auto/Derivative1.xml (RunModel)" time="0.044" />
  <testcase classname="ptolemy.util.test.junit.AutoTests" name="[53] /home/travis/build/icyphy/ptII/ptolemy/domains/continuous/test/auto/DiscreteClock.xml (RunModel)" time="0.015" />
  <testcase classname="ptolemy.util.test.junit.AutoTests" name="[54] /home/travis/build/icyphy/ptII/ptolemy/domains/continuous/test/auto/EfficiencyCurve.xml (RunModel)" time="0.11" />
  <testcase classname="ptolemy.util.test.junit.AutoTests" name="[55] /home/travis/build/icyphy/ptII/ptolemy/domains/continuous/test/auto/ExponentialResponse.xml (RunModel)" time="0.113" />
  <testcase classname="ptolemy.util.test.junit.AutoTests" name="[56] /home/travis/build/icyphy/ptII/ptolemy/domains/continuous/test/auto/ExponentialResponseRK45.xml (RunModel)" time="0.031" />
  <testcase classname="ptolemy.util.test.junit.AutoTests" name="[57] /home/travis/build/icyphy/ptII/ptolemy/domains/continuous/test/auto/Friction.xml (RunModel)" time="1.621" />
  <testcase classname="ptolemy.util.test.junit.AutoTests" name="[58] /home/travis/build/icyphy/ptII/ptolemy/domains/continuous/test/auto/FurutaPendulum.xml (RunModel)" time="3.179" />
  <testcase classname="ptolemy.util.test.junit.AutoTests" name="[59] /home/travis/build/icyphy/ptII/ptolemy/domains/continuous/test/auto/HierarchicalExecution.xml (RunModel)" time="1.768" />
  <testcase classname="ptolemy.util.test.junit.AutoTests" name="[60] /home/travis/build/icyphy/ptII/ptolemy/domains/continuous/test/auto/HybridPlant.xml (RunModel)" time="0.566" />
  <testcase classname="ptolemy.util.test.junit.AutoTests" name="[61] /home/travis/build/icyphy/ptII/ptolemy/domains/continuous/test/auto/Hysteresis.xml (RunModel)" time="0.198" />
  <testcase classname="ptolemy.util.test.junit.AutoTests" name="[62] /home/travis/build/icyphy/ptII/ptolemy/domains/continuous/test/auto/HysteresisWithRandomDelay.xml (RunModel)" time="0.24" />
  <testcase classname="ptolemy.util.test.junit.AutoTests" name="[63] /home/travis/build/icyphy/ptII/ptolemy/domains/continuous/test/auto/HysteresisWithRandomLosses.xml (RunModel)" time="2.387" />
  <testcase classname="ptolemy.util.test.junit.AutoTests" name="[64] /home/travis/build/icyphy/ptII/ptolemy/domains/continuous/test/auto/ImmediateTransitions.xml (RunModel)" time="0.045" />
  <testcase classname="ptolemy.util.test.junit.AutoTests" name="[65] /home/travis/build/icyphy/ptII/ptolemy/domains/continuous/test/auto/ImpulseFeedback.xml (RunModel)" time="0.023" />
  <testcase classname="ptolemy.util.test.junit.AutoTests" name="[66] /home/travis/build/icyphy/ptII/ptolemy/domains/continuous/test/auto/ImpulseFeedback2.xml (RunModel)" time="0.014" />
  <testcase classname="ptolemy.util.test.junit.AutoTests" name="[67] /home/travis/build/icyphy/ptII/ptolemy/domains/continuous/test/auto/IncreasingRatePoisson.xml (RunModel)" time="0.758" />
  <testcase classname="ptolemy.util.test.junit.AutoTests" name="[68] /home/travis/build/icyphy/ptII/ptolemy/domains/continuous/test/auto/InitialStateFeedback.xml (RunModel)" time="0.016" />
  <testcase classname="ptolemy.util.test.junit.AutoTests" name="[69] /home/travis/build/icyphy/ptII/ptolemy/domains/continuous/test/auto/Integration.xml (RunModel)" time="0.007" />
  <testcase classname="ptolemy.util.test.junit.AutoTests" name="[70] /home/travis/build/icyphy/ptII/ptolemy/domains/continuous/test/auto/Integration2.xml (RunModel)" time="0.077" />
  <testcase classname="ptolemy.util.test.junit.AutoTests" name="[71] /home/travis/build/icyphy/ptII/ptolemy/domains/continuous/test/auto/Integration3.xml (RunModel)" time="0.012" />
  <testcase classname="ptolemy.util.test.junit.AutoTests" name="[72] /home/travis/build/icyphy/ptII/ptolemy/domains/continuous/test/auto/Integration5.xml (RunModel)" time="0.008" />
  <testcase classname="ptolemy.util.test.junit.AutoTests" name="[73] /home/travis/build/icyphy/ptII/ptolemy/domains/continuous/test/auto/IntegratorImpulse.xml (RunModel)" time="0.008" />
  <testcase classname="ptolemy.util.test.junit.AutoTests" name="[74] /home/travis/build/icyphy/ptII/ptolemy/domains/continuous/test/auto/IntegratorImpulse2.xml (RunModel)" time="0.023" />
  <testcase classname="ptolemy.util.test.junit.AutoTests" name="[75] /home/travis/build/icyphy/ptII/ptolemy/domains/continuous/test/auto/LevelCrossing1.xml (RunModel)" time="0.011" />
  <testcase classname="ptolemy.util.test.junit.AutoTests" name="[76] /home/travis/build/icyphy/ptII/ptolemy/domains/continuous/test/auto/LevelCrossing2.xml (RunModel)" time="0.013" />
  <testcase classname="ptolemy.util.test.junit.AutoTests" name="[77] /home/travis/build/icyphy/ptII/ptolemy/domains/continuous/test/auto/LevelCrossing3.xml (RunModel)" time="0.017" />
  <testcase classname="ptolemy.util.test.junit.AutoTests" name="[78] /home/travis/build/icyphy/ptII/ptolemy/domains/continuous/test/auto/LevelCrossing4.xml (RunModel)" time="0.012" />
  <testcase classname="ptolemy.util.test.junit.AutoTests" name="[79] /home/travis/build/icyphy/ptII/ptolemy/domains/continuous/test/auto/LevelCrossing5.xml (RunModel)" time="0.014" />
  <testcase classname="ptolemy.util.test.junit.AutoTests" name="[80] /home/travis/build/icyphy/ptII/ptolemy/domains/continuous/test/auto/LevelCrossing6.xml (RunModel)" time="0.011" />
  <testcase classname="ptolemy.util.test.junit.AutoTests" name="[81] /home/travis/build/icyphy/ptII/ptolemy/domains/continuous/test/auto/LevelCrossingDetector.xml (RunModel)" time="0.032" />
  <testcase classname="ptolemy.util.test.junit.AutoTests" name="[82] /home/travis/build/icyphy/ptII/ptolemy/domains/continuous/test/auto/LevelCrossingDetectorDetectingDirections.xml (RunModel)" time="0.082" />
  <testcase classname="ptolemy.util.test.junit.AutoTests" name="[83] /home/travis/build/icyphy/ptII/ptolemy/domains/continuous/test/auto/LevelCrossingDetectorDetectsGlitches.xml (RunModel)" time="0.057" />
  <testcase classname="ptolemy.util.test.junit.AutoTests" name="[84] /home/travis/build/icyphy/ptII/ptolemy/domains/continuous/test/auto/LevelCrossingNoInitialOuput.xml (RunModel)" time="0.013" />
  <testcase classname="ptolemy.util.test.junit.AutoTests" name="[85] /home/travis/build/icyphy/ptII/ptolemy/domains/continuous/test/auto/LinearStateSpaceExample.xml (RunModel)" time="0.063" />
  <testcase classname="ptolemy.util.test.junit.AutoTests" name="[86] /home/travis/build/icyphy/ptII/ptolemy/domains/continuous/test/auto/Lorenz.xml (RunModel)" time="3.339" />
  <testcase classname="ptolemy.util.test.junit.AutoTests" name="[87] /home/travis/build/icyphy/ptII/ptolemy/domains/continuous/test/auto/LorenzDifferentialSystem.xml (RunModel)" time="1.037" />
  <testcase classname="ptolemy.util.test.junit.AutoTests" name="[88] /home/travis/build/icyphy/ptII/ptolemy/domains/continuous/test/auto/LorenzDifferentialSystemWithInput.xml (RunModel)" time="1.423" />
  <testcase classname="ptolemy.util.test.junit.AutoTests" name="[89] /home/travis/build/icyphy/ptII/ptolemy/domains/continuous/test/auto/LorenzDifferentialSystemWithTime.xml (RunModel)" time="0.691" />
  <testcase classname="ptolemy.util.test.junit.AutoTests" name="[90] /home/travis/build/icyphy/ptII/ptolemy/domains/continuous/test/auto/Microsteps.xml (RunModel)" time="0.03" />
  <testcase classname="ptolemy.util.test.junit.AutoTests" name="[91] /home/travis/build/icyphy/ptII/ptolemy/domains/continuous/test/auto/Modal1.xml (RunModel)" time="0.034" />
  <testcase classname="ptolemy.util.test.junit.AutoTests" name="[92] /home/travis/build/icyphy/ptII/ptolemy/domains/continuous/test/auto/Modal2.xml (RunModel)" time="0.032" />
  <testcase classname="ptolemy.util.test.junit.AutoTests" name="[93] /home/travis/build/icyphy/ptII/ptolemy/domains/continuous/test/auto/ModalTransitionGuardWithReset.xml (RunModel)" time="0.024" />
  <testcase classname="ptolemy.util.test.junit.AutoTests" name="[94] /home/travis/build/icyphy/ptII/ptolemy/domains/continuous/test/auto/ModalTransitionGuardWithResetUsingPreemptiveTransition.xml (RunModel)" time="0.026" />
  <testcase classname="ptolemy.util.test.junit.AutoTests" name="[95] /home/travis/build/icyphy/ptII/ptolemy/domains/continuous/test/auto/ModalTransitionGuardWithResetUsingPreemptiveTransition2.xml (RunModel)" time="0.024" />
  <testcase classname="ptolemy.util.test.junit.AutoTests" name="[96] /home/travis/build/icyphy/ptII/ptolemy/domains/continuous/test/auto/ModalTransitionGuardWithResetUsingPreemptiveTransition3.xml (RunModel)" time="0.022" />
  <testcase classname="ptolemy.util.test.junit.AutoTests" name="[97] /home/travis/build/icyphy/ptII/ptolemy/domains/continuous/test/auto/NewtonsCradle.xml (RunModel)" time="0.758" />
  <testcase classname="ptolemy.util.test.junit.AutoTests" name="[98] /home/travis/build/icyphy/ptII/ptolemy/domains/continuous/test/auto/NewtonsCradleAnimated.xml (RunModel)" time="1.301" />
  <testcase classname="ptolemy.util.test.junit.AutoTests" name="[99] /home/travis/build/icyphy/ptII/ptolemy/domains/continuous/test/auto/NewtonsCradleComplicated.xml (RunModel)" time="0.919" />
  <testcase classname="ptolemy.util.test.junit.AutoTests" name="[100] /home/travis/build/icyphy/ptII/ptolemy/domains/continuous/test/auto/NewtonsCradleNondeterministic.xml (RunModel)" time="0.638" />
  <testcase classname="ptolemy.util.test.junit.AutoTests" name="[101] /home/travis/build/icyphy/ptII/ptolemy/domains/continuous/test/auto/NewtonsCradlePerfectlyInelastic1.xml (RunModel)" time="1.123" />
  <testcase classname="ptolemy.util.test.junit.AutoTests" name="[102] /home/travis/build/icyphy/ptII/ptolemy/domains/continuous/test/auto/Noise.xml (RunModel)" time="0.193" />
  <testcase classname="ptolemy.util.test.junit.AutoTests" name="[103] /home/travis/build/icyphy/ptII/ptolemy/domains/continuous/test/auto/NoiseSpectrum.xml (RunModel)" time="0.722" />
  <testcase classname="ptolemy.util.test.junit.AutoTests" name="[104] /home/travis/build/icyphy/ptII/ptolemy/domains/continuous/test/auto/ParameterizedNewtonsCradleAnimated.xml (RunModel)" time="0.354" />
  <testcase classname="ptolemy.util.test.junit.AutoTests" name="[105] /home/travis/build/icyphy/ptII/ptolemy/domains/continuous/test/auto/ParameterizedNewtonsCradleAnimatedNondeterministic.xml (RunModel)" time="1.108" />
  <testcase classname="ptolemy.util.test.junit.AutoTests" name="[106] /home/travis/build/icyphy/ptII/ptolemy/domains/continuous/test/auto/Pendulum3D.xml (RunModel)" time="0.175" />
  <testcase classname="ptolemy.util.test.junit.AutoTests" name="[107] /home/travis/build/icyphy/ptII/ptolemy/domains/continuous/test/auto/PeriodicSampler.xml (RunModel)" time="0.01" />
  <testcase classname="ptolemy.util.test.junit.AutoTests" name="[108] /home/travis/build/icyphy/ptII/ptolemy/domains/continuous/test/auto/PeriodicSampler1.xml (RunModel)" time="0.045" />
  <testcase classname="ptolemy.util.test.junit.AutoTests" name="[109] /home/travis/build/icyphy/ptII/ptolemy/domains/continuous/test/auto/PeriodicSampler2.xml (RunModel)" time="0.081" />
  <testcase classname="ptolemy.util.test.junit.AutoTests" name="[110] /home/travis/build/icyphy/ptII/ptolemy/domains/continuous/test/auto/Poisson.xml (RunModel)" time="0.494" />
  <testcase classname="ptolemy.util.test.junit.AutoTests" name="[111] /home/travis/build/icyphy/ptII/ptolemy/domains/continuous/test/auto/PoissonClock.xml (RunModel)" time="0.02" />
  <testcase classname="ptolemy.util.test.junit.AutoTests" name="[112] /home/travis/build/icyphy/ptII/ptolemy/domains/continuous/test/auto/PoissonClock2.xml (RunModel)" time="0.01" />
  <testcase classname="ptolemy.util.test.junit.AutoTests" name="[113] /home/travis/build/icyphy/ptII/ptolemy/domains/continuous/test/auto/PortParameterHierarchy.xml (RunModel)" time="0.023" />
  <testcase classname="ptolemy.util.test.junit.AutoTests" name="[114] /home/travis/build/icyphy/ptII/ptolemy/domains/continuous/test/auto/RandomHybridPlant.xml (RunModel)" time="0.586" />
  <testcase classname="ptolemy.util.test.junit.AutoTests" name="[115] /home/travis/build/icyphy/ptII/ptolemy/domains/continuous/test/auto/ResetTransitionWithStartTime1.xml (RunModel)" time="0.032" />
  <testcase classname="ptolemy.util.test.junit.AutoTests" name="[116] /home/travis/build/icyphy/ptII/ptolemy/domains/continuous/test/auto/ResetTransitionWithStartTime2.xml (RunModel)" time="0.035" />
  <testcase classname="ptolemy.util.test.junit.AutoTests" name="[117] /home/travis/build/icyphy/ptII/ptolemy/domains/continuous/test/auto/ResetTransitionWithStartTime3.xml (RunModel)" time="0.035" />
  <testcase classname="ptolemy.util.test.junit.AutoTests" name="[118] /home/travis/build/icyphy/ptII/ptolemy/domains/continuous/test/auto/ResetTransitionWithStartTime4.xml (RunModel)" time="0.025" />
  <testcase classname="ptolemy.util.test.junit.AutoTests" name="[119] /home/travis/build/icyphy/ptII/ptolemy/domains/continuous/test/auto/ResetTransitionWithStartTime5.xml (RunModel)" time="0.032" />
  <testcase classname="ptolemy.util.test.junit.AutoTests" name="[120] /home/travis/build/icyphy/ptII/ptolemy/domains/continuous/test/auto/ResetTransitionWithStartTime6.xml (RunModel)" time="0.029" />
  <testcase classname="ptolemy.util.test.junit.AutoTests" name="[121] /home/travis/build/icyphy/ptII/ptolemy/domains/continuous/test/auto/SRinContinuous.xml (RunModel)" time="0.023" />
  <testcase classname="ptolemy.util.test.junit.AutoTests" name="[122] /home/travis/build/icyphy/ptII/ptolemy/domains/continuous/test/auto/SampledClocks.xml (RunModel)" time="0.031" />
  <testcase classname="ptolemy.util.test.junit.AutoTests" name="[123] /home/travis/build/icyphy/ptII/ptolemy/domains/continuous/test/auto/Satellite.xml (RunModel)" time="0.678" />
  <testcase classname="ptolemy.util.test.junit.AutoTests" name="[124] /home/travis/build/icyphy/ptII/ptolemy/domains/continuous/test/auto/SigmaDelta.xml (RunModel)" time="1.915" />
  <testcase classname="ptolemy.util.test.junit.AutoTests" name="[125] /home/travis/build/icyphy/ptII/ptolemy/domains/continuous/test/auto/SingleRefinement.xml (RunModel)" time="0.422" />
  <testcase classname="ptolemy.util.test.junit.AutoTests" name="[126] /home/travis/build/icyphy/ptII/ptolemy/domains/continuous/test/auto/SinuBouncingBall.xml (RunModel)" time="0.86" />
  <testcase classname="ptolemy.util.test.junit.AutoTests" name="[127] /home/travis/build/icyphy/ptII/ptolemy/domains/continuous/test/auto/Sinusoid.xml (RunModel)" time="0.01" />
  <testcase classname="ptolemy.util.test.junit.AutoTests" name="[128] /home/travis/build/icyphy/ptII/ptolemy/domains/continuous/test/auto/SinusoidInNoise.xml (RunModel)" time="0.795" />
  <testcase classname="ptolemy.util.test.junit.AutoTests" name="[129] /home/travis/build/icyphy/ptII/ptolemy/domains/continuous/test/auto/SinusoidRK45.xml (RunModel)" time="0.009" />
  <testcase classname="ptolemy.util.test.junit.AutoTests" name="[130] /home/travis/build/icyphy/ptII/ptolemy/domains/continuous/test/auto/SinusoidWithMultipleImpulses.xml (RunModel)" time="0.018" />
  <testcase classname="ptolemy.util.test.junit.AutoTests" name="[131] /home/travis/build/icyphy/ptII/ptolemy/domains/continuous/test/auto/SquareWave.xml (RunModel)" time="0.175" />
  <testcase classname="ptolemy.util.test.junit.AutoTests" name="[132] /home/travis/build/icyphy/ptII/ptolemy/domains/continuous/test/auto/Starmac.xml (RunModel)" time="3.362" />
  <testcase classname="ptolemy.util.test.junit.AutoTests" name="[133] /home/travis/build/icyphy/ptII/ptolemy/domains/continuous/test/auto/StaticUnits.xml (RunModel)" time="2.408" />
  <testcase classname="ptolemy.util.test.junit.AutoTests" name="[134] /home/travis/build/icyphy/ptII/ptolemy/domains/continuous/test/auto/StickyMasses.xml (RunModel)" time="0.206" />
  <testcase classname="ptolemy.util.test.junit.AutoTests" name="[135] /home/travis/build/icyphy/ptII/ptolemy/domains/continuous/test/auto/StopTime.xml (RunModel)" time="0.065" />
  <testcase classname="ptolemy.util.test.junit.AutoTests" name="[136] /home/travis/build/icyphy/ptII/ptolemy/domains/continuous/test/auto/StopTime2.xml (RunModel)" time="0.054" />
  <testcase classname="ptolemy.util.test.junit.AutoTests" name="[137] /home/travis/build/icyphy/ptII/ptolemy/domains/continuous/test/auto/Switch.xml (RunModel)" time="0.057" />
  <testcase classname="ptolemy.util.test.junit.AutoTests" name="[138] /home/travis/build/icyphy/ptII/ptolemy/domains/continuous/test/auto/Thermostat.xml (RunModel)" time="0.189" />
  <testcase classname="ptolemy.util.test.junit.AutoTests" name="[139] /home/travis/build/icyphy/ptII/ptolemy/domains/continuous/test/auto/TimeDelay.xml (RunModel)" time="0.014" />
  <testcase classname="ptolemy.util.test.junit.AutoTests" name="[140] /home/travis/build/icyphy/ptII/ptolemy/domains/continuous/test/auto/TimeDelay2.xml (RunModel)" time="0.02" />
  <testcase classname="ptolemy.util.test.junit.AutoTests" name="[141] /home/travis/build/icyphy/ptII/ptolemy/domains/continuous/test/auto/TimeDelay3.xml (RunModel)" time="0.02" />
  <testcase classname="ptolemy.util.test.junit.AutoTests" name="[142] /home/travis/build/icyphy/ptII/ptolemy/domains/continuous/test/auto/TransferAbsentToInside.xml (RunModel)" time="0.093" />
  <testcase classname="ptolemy.util.test.junit.AutoTests" name="[143] /home/travis/build/icyphy/ptII/ptolemy/domains/continuous/test/auto/Transmission.xml (RunModel)" time="0.782" />
  <testcase classname="ptolemy.util.test.junit.AutoTests" name="[144] /home/travis/build/icyphy/ptII/ptolemy/domains/continuous/test/auto/TriggeredContinuousClock.xml (RunModel)" time="0.063" />
  <testcase classname="ptolemy.util.test.junit.AutoTests" name="[145] /home/travis/build/icyphy/ptII/ptolemy/domains/continuous/test/auto/TwoMachineInfiniteBusControl.xml (RunModel)" time="3.022" />
  <testcase classname="ptolemy.util.test.junit.AutoTests" name="[146] /home/travis/build/icyphy/ptII/ptolemy/domains/continuous/test/auto/V2V.xml (RunModel)" time="0.839" />
  <testcase classname="ptolemy.util.test.junit.AutoTests" name="[147] /home/travis/build/icyphy/ptII/ptolemy/domains/continuous/test/auto/hierarchicalModalModel.xml (RunModel)" time="0.033" />
  <testcase classname="ptolemy.util.test.junit.AutoTests" name="[148] /home/travis/build/icyphy/ptII/ptolemy/domains/continuous/test/auto/hierarchicalModalModel1.xml (RunModel)" time="0.027" />
  <testcase classname="ptolemy.util.test.junit.AutoTests" name="[149] /home/travis/build/icyphy/ptII/ptolemy/domains/continuous/test/auto/hierarchicalModalModel2.xml (RunModel)" time="0.025" />
  <testcase classname="ptolemy.util.test.junit.AutoTests" name="[150] /home/travis/build/icyphy/ptII/ptolemy/domains/continuous/test/auto/hierarchicalModalModel3.xml (RunModel)" time="0.022" />
  <testcase classname="ptolemy.util.test.junit.AutoTests" name="[151] /home/travis/build/icyphy/ptII/ptolemy/domains/continuous/test/auto/hierarchicalModalModel4.xml (RunModel)" time="0.024" />
  <testcase classname="ptolemy.util.test.junit.AutoTests" name="[152] /home/travis/build/icyphy/ptII/ptolemy/domains/continuous/test/auto/junk.xml (RunModel)" time="0.127" />
  <system-out><![CDATA[No tcl tests in /home/travis/build/icyphy/ptII/ptolemy/domains/continuous/test
No auto/knownFailedTests/*.xml tests in /home/travis/build/icyphy/ptII/ptolemy/domains/continuous/test
No auto/linux-amd64/*.xml tests in /home/travis/build/icyphy/ptII/ptolemy/domains/continuous/test
AutoTests.java: About to close Vertx.
AutoTests.java: Vertx closed.

===========================================================================================
----------------- testing Wed Mar 04 08:43:48 UTC 2020 /home/travis/build/icyphy/ptII/ptolemy/domains/continuous/test/auto/BouncingBall.xml
----------------- Instantiating /home/travis/build/icyphy/ptII/ptolemy/domains/continuous/test/auto/BouncingBall.xml
2392 ms. Memory: 187392K Free: 140825K (75%)
----------------- Invoking toplevel() on ptolemy.moml.MoMLSimpleApplication@69b57059
----------------- Done invoking toplevel() on ptolemy.moml.MoMLSimpleApplication@69b57059
reloadAllAccessors: .BouncingBall

===========================================================================================
----------------- testing Wed Mar 04 08:43:51 UTC 2020 /home/travis/build/icyphy/ptII/ptolemy/domains/continuous/test/auto/BouncingBallWithoutGR.xml
----------------- Instantiating /home/travis/build/icyphy/ptII/ptolemy/domains/continuous/test/auto/BouncingBallWithoutGR.xml
796 ms. Memory: 187392K Free: 72185K (39%)
----------------- Invoking toplevel() on ptolemy.moml.MoMLSimpleApplication@593f883b
----------------- Done invoking toplevel() on ptolemy.moml.MoMLSimpleApplication@593f883b
reloadAllAccessors: .BouncingBallWithoutGR

===========================================================================================
----------------- testing Wed Mar 04 08:43:52 UTC 2020 /home/travis/build/icyphy/ptII/ptolemy/domains/continuous/test/auto/Brownian.xml
----------------- Instantiating /home/travis/build/icyphy/ptII/ptolemy/domains/continuous/test/auto/Brownian.xml
25 ms. Memory: 187392K Free: 63479K (34%)
----------------- Invoking toplevel() on ptolemy.moml.MoMLSimpleApplication@bfdce18
----------------- Done invoking toplevel() on ptolemy.moml.MoMLSimpleApplication@bfdce18
reloadAllAccessors: .Brownian

===========================================================================================
----------------- testing Wed Mar 04 08:43:52 UTC 2020 /home/travis/build/icyphy/ptII/ptolemy/domains/continuous/test/auto/CarTracking.xml
----------------- Instantiating /home/travis/build/icyphy/ptII/ptolemy/domains/continuous/test/auto/CarTracking.xml
3232 ms. Memory: 225280K Free: 103545K (46%)
----------------- Invoking toplevel() on ptolemy.moml.MoMLSimpleApplication@860fed8
----------------- Done invoking toplevel() on ptolemy.moml.MoMLSimpleApplication@860fed8
reloadAllAccessors: .CarTracking

===========================================================================================
----------------- testing Wed Mar 04 08:43:55 UTC 2020 /home/travis/build/icyphy/ptII/ptolemy/domains/continuous/test/auto/CartPendulum.xml
----------------- Instantiating /home/travis/build/icyphy/ptII/ptolemy/domains/continuous/test/auto/CartPendulum.xml
357 ms. Memory: 270336K Free: 189396K (70%)
----------------- Invoking toplevel() on ptolemy.moml.MoMLSimpleApplication@768f0a17
----------------- Done invoking toplevel() on ptolemy.moml.MoMLSimpleApplication@768f0a17
reloadAllAccessors: .CartPendulum

===========================================================================================
----------------- testing Wed Mar 04 08:43:56 UTC 2020 /home/travis/build/icyphy/ptII/ptolemy/domains/continuous/test/auto/CausalityInterface10.xml
----------------- Instantiating /home/travis/build/icyphy/ptII/ptolemy/domains/continuous/test/auto/CausalityInterface10.xml
10 ms. Memory: 270336K Free: 179133K (66%)
----------------- Invoking toplevel() on ptolemy.moml.MoMLSimpleApplication@3bccb01d
----------------- Done invoking toplevel() on ptolemy.moml.MoMLSimpleApplication@3bccb01d
reloadAllAccessors: .CausalityInterface10

===========================================================================================
----------------- testing Wed Mar 04 08:43:56 UTC 2020 /home/travis/build/icyphy/ptII/ptolemy/domains/continuous/test/auto/CausalityInterface11.xml
----------------- Instantiating /home/travis/build/icyphy/ptII/ptolemy/domains/continuous/test/auto/CausalityInterface11.xml
8 ms. Memory: 270336K Free: 172989K (64%)
----------------- Invoking toplevel() on ptolemy.moml.MoMLSimpleApplication@6707e14a
----------------- Done invoking toplevel() on ptolemy.moml.MoMLSimpleApplication@6707e14a
reloadAllAccessors: .CausalityInterface11

===========================================================================================
----------------- testing Wed Mar 04 08:43:56 UTC 2020 /home/travis/build/icyphy/ptII/ptolemy/domains/continuous/test/auto/CausalityInterface12.xml
----------------- Instantiating /home/travis/build/icyphy/ptII/ptolemy/domains/continuous/test/auto/CausalityInterface12.xml
14 ms. Memory: 270336K Free: 166845K (62%)
----------------- Invoking toplevel() on ptolemy.moml.MoMLSimpleApplication@290856f1
----------------- Done invoking toplevel() on ptolemy.moml.MoMLSimpleApplication@290856f1
reloadAllAccessors: .CausalityInterface12

===========================================================================================
----------------- testing Wed Mar 04 08:43:56 UTC 2020 /home/travis/build/icyphy/ptII/ptolemy/domains/continuous/test/auto/CausalityInterface13.xml
----------------- Instantiating /home/travis/build/icyphy/ptII/ptolemy/domains/continuous/test/auto/CausalityInterface13.xml
6 ms. Memory: 270336K Free: 160701K (59%)
----------------- Invoking toplevel() on ptolemy.moml.MoMLSimpleApplication@4fd880a9
----------------- Done invoking toplevel() on ptolemy.moml.MoMLSimpleApplication@4fd880a9
reloadAllAccessors: .CausalityInterface13

===========================================================================================
----------------- testing Wed Mar 04 08:43:56 UTC 2020 /home/travis/build/icyphy/ptII/ptolemy/domains/continuous/test/auto/CausalityInterface14.xml
----------------- Instantiating /home/travis/build/icyphy/ptII/ptolemy/domains/continuous/test/auto/CausalityInterface14.xml
3 ms. Memory: 270336K Free: 155067K (57%)
----------------- Invoking toplevel() on ptolemy.moml.MoMLSimpleApplication@3dde2474
----------------- Done invoking toplevel() on ptolemy.moml.MoMLSimpleApplication@3dde2474
reloadAllAccessors: .CausalityInterface14

===========================================================================================
----------------- testing Wed Mar 04 08:43:56 UTC 2020 /home/travis/build/icyphy/ptII/ptolemy/domains/continuous/test/auto/CausalityInterface4.xml
----------------- Instantiating /home/travis/build/icyphy/ptII/ptolemy/domains/continuous/test/auto/CausalityInterface4.xml
4 ms. Memory: 270336K Free: 147885K (55%)
----------------- Invoking toplevel() on ptolemy.moml.MoMLSimpleApplication@633acf86
----------------- Done invoking toplevel() on ptolemy.moml.MoMLSimpleApplication@633acf86
reloadAllAccessors: .CausalityInterface4

===========================================================================================
----------------- testing Wed Mar 04 08:43:56 UTC 2020 /home/travis/build/icyphy/ptII/ptolemy/domains/continuous/test/auto/CausalityInterface5.xml
----------------- Instantiating /home/travis/build/icyphy/ptII/ptolemy/domains/continuous/test/auto/CausalityInterface5.xml
6 ms. Memory: 270336K Free: 139707K (52%)
----------------- Invoking toplevel() on ptolemy.moml.MoMLSimpleApplication@a103c7f
----------------- Done invoking toplevel() on ptolemy.moml.MoMLSimpleApplication@a103c7f
reloadAllAccessors: .CausalityInterface5

===========================================================================================
----------------- testing Wed Mar 04 08:43:56 UTC 2020 /home/travis/build/icyphy/ptII/ptolemy/domains/continuous/test/auto/CausalityInterface6.xml
----------------- Instantiating /home/travis/build/icyphy/ptII/ptolemy/domains/continuous/test/auto/CausalityInterface6.xml
4 ms. Memory: 270336K Free: 134573K (50%)
----------------- Invoking toplevel() on ptolemy.moml.MoMLSimpleApplication@26bf8041
----------------- Done invoking toplevel() on ptolemy.moml.MoMLSimpleApplication@26bf8041
reloadAllAccessors: .CausalityInterface6

===========================================================================================
----------------- testing Wed Mar 04 08:43:56 UTC 2020 /home/travis/build/icyphy/ptII/ptolemy/domains/continuous/test/auto/CausalityInterface7.xml
----------------- Instantiating /home/travis/build/icyphy/ptII/ptolemy/domains/continuous/test/auto/CausalityInterface7.xml
8 ms. Memory: 270336K Free: 125885K (47%)
----------------- Invoking toplevel() on ptolemy.moml.MoMLSimpleApplication@4be09a07
----------------- Done invoking toplevel() on ptolemy.moml.MoMLSimpleApplication@4be09a07
reloadAllAccessors: .CausalityInterface7

===========================================================================================
----------------- testing Wed Mar 04 08:43:56 UTC 2020 /home/travis/build/icyphy/ptII/ptolemy/domains/continuous/test/auto/CausalityInterface8.xml
----------------- Instantiating /home/travis/build/icyphy/ptII/ptolemy/domains/continuous/test/auto/CausalityInterface8.xml
6 ms. Memory: 270336K Free: 116669K (43%)
----------------- Invoking toplevel() on ptolemy.moml.MoMLSimpleApplication@3813d18e
----------------- Done invoking toplevel() on ptolemy.moml.MoMLSimpleApplication@3813d18e
reloadAllAccessors: .CausalityInterface8

===========================================================================================
----------------- testing Wed Mar 04 08:43:56 UTC 2020 /home/travis/build/icyphy/ptII/ptolemy/domains/continuous/test/auto/CausalityInterface9.xml
----------------- Instantiating /home/travis/build/icyphy/ptII/ptolemy/domains/continuous/test/auto/CausalityInterface9.xml
9 ms. Memory: 270336K Free: 105405K (39%)
----------------- Invoking toplevel() on ptolemy.moml.MoMLSimpleApplication@77201570
----------------- Done invoking toplevel() on ptolemy.moml.MoMLSimpleApplication@77201570
reloadAllAccessors: .CausalityInterface9

===========================================================================================
----------------- testing Wed Mar 04 08:43:56 UTC 2020 /home/travis/build/icyphy/ptII/ptolemy/domains/continuous/test/auto/CausalityInterfaceFeedback1.xml
----------------- Instantiating /home/travis/build/icyphy/ptII/ptolemy/domains/continuous/test/auto/CausalityInterfaceFeedback1.xml
5 ms. Memory: 270336K Free: 98733K (37%)
----------------- Invoking toplevel() on ptolemy.moml.MoMLSimpleApplication@4f9e5938
----------------- Done invoking toplevel() on ptolemy.moml.MoMLSimpleApplication@4f9e5938
reloadAllAccessors: .CausalityInterfaceFeedback1

===========================================================================================
----------------- testing Wed Mar 04 08:43:56 UTC 2020 /home/travis/build/icyphy/ptII/ptolemy/domains/continuous/test/auto/CausalityInterfaceFeedback2.xml
----------------- Instantiating /home/travis/build/icyphy/ptII/ptolemy/domains/continuous/test/auto/CausalityInterfaceFeedback2.xml
3 ms. Memory: 270336K Free: 251240K (93%)
----------------- Invoking toplevel() on ptolemy.moml.MoMLSimpleApplication@a22e1e0
----------------- Done invoking toplevel() on ptolemy.moml.MoMLSimpleApplication@a22e1e0
reloadAllAccessors: .CausalityInterfaceFeedback2

===========================================================================================
----------------- testing Wed Mar 04 08:43:56 UTC 2020 /home/travis/build/icyphy/ptII/ptolemy/domains/continuous/test/auto/CompareWithCurrentTime.xml
----------------- Instantiating /home/travis/build/icyphy/ptII/ptolemy/domains/continuous/test/auto/CompareWithCurrentTime.xml
8 ms. Memory: 270336K Free: 247146K (91%)
----------------- Invoking toplevel() on ptolemy.moml.MoMLSimpleApplication@362ad3b0
----------------- Done invoking toplevel() on ptolemy.moml.MoMLSimpleApplication@362ad3b0
reloadAllAccessors: .CompareWithCurrentTime

===========================================================================================
----------------- testing Wed Mar 04 08:43:56 UTC 2020 /home/travis/build/icyphy/ptII/ptolemy/domains/continuous/test/auto/ComparedClocks.xml
----------------- Instantiating /home/travis/build/icyphy/ptII/ptolemy/domains/continuous/test/auto/ComparedClocks.xml
7 ms. Memory: 270336K Free: 231786K (86%)
----------------- Invoking toplevel() on ptolemy.moml.MoMLSimpleApplication@16f0bbfb
----------------- Done invoking toplevel() on ptolemy.moml.MoMLSimpleApplication@16f0bbfb
reloadAllAccessors: .ComparedClocks

===========================================================================================
----------------- testing Wed Mar 04 08:43:56 UTC 2020 /home/travis/build/icyphy/ptII/ptolemy/domains/continuous/test/auto/ContinuousAOCClone.xml
----------------- Instantiating /home/travis/build/icyphy/ptII/ptolemy/domains/continuous/test/auto/ContinuousAOCClone.xml
2489 ms. Memory: 270336K Free: 198681K (73%)
----------------- Invoking toplevel() on ptolemy.moml.MoMLSimpleApplication@eb5f98
----------------- Done invoking toplevel() on ptolemy.moml.MoMLSimpleApplication@eb5f98
reloadAllAccessors: .ContinuousAOCClone

===========================================================================================
----------------- testing Wed Mar 04 08:43:59 UTC 2020 /home/travis/build/icyphy/ptII/ptolemy/domains/continuous/test/auto/ContinuousClock.xml
----------------- Instantiating /home/travis/build/icyphy/ptII/ptolemy/domains/continuous/test/auto/ContinuousClock.xml
37 ms. Memory: 270336K Free: 177147K (66%)
----------------- Invoking toplevel() on ptolemy.moml.MoMLSimpleApplication@2c6db6df
----------------- Done invoking toplevel() on ptolemy.moml.MoMLSimpleApplication@2c6db6df
reloadAllAccessors: .ContinuousClock

===========================================================================================
----------------- testing Wed Mar 04 08:43:59 UTC 2020 /home/travis/build/icyphy/ptII/ptolemy/domains/continuous/test/auto/ContinuousInContinuous.xml
----------------- Instantiating /home/travis/build/icyphy/ptII/ptolemy/domains/continuous/test/auto/ContinuousInContinuous.xml
44 ms. Memory: 270336K Free: 153619K (57%)
----------------- Invoking toplevel() on ptolemy.moml.MoMLSimpleApplication@49171aa1
----------------- Done invoking toplevel() on ptolemy.moml.MoMLSimpleApplication@49171aa1
reloadAllAccessors: .ContinuousInContinuous

===========================================================================================
----------------- testing Wed Mar 04 08:43:59 UTC 2020 /home/travis/build/icyphy/ptII/ptolemy/domains/continuous/test/auto/ContinuousInContinuousInContinuous.xml
----------------- Instantiating /home/travis/build/icyphy/ptII/ptolemy/domains/continuous/test/auto/ContinuousInContinuousInContinuous.xml
6 ms. Memory: 270336K Free: 146457K (54%)
----------------- Invoking toplevel() on ptolemy.moml.MoMLSimpleApplication@c67bb6a
----------------- Done invoking toplevel() on ptolemy.moml.MoMLSimpleApplication@c67bb6a
reloadAllAccessors: .ContinuousInContinuousInContinuous

===========================================================================================
----------------- testing Wed Mar 04 08:43:59 UTC 2020 /home/travis/build/icyphy/ptII/ptolemy/domains/continuous/test/auto/ContinuousInDE.xml
----------------- Instantiating /home/travis/build/icyphy/ptII/ptolemy/domains/continuous/test/auto/ContinuousInDE.xml
97 ms. Memory: 270336K Free: 135707K (50%)
----------------- Invoking toplevel() on ptolemy.moml.MoMLSimpleApplication@7deb261f
----------------- Done invoking toplevel() on ptolemy.moml.MoMLSimpleApplication@7deb261f
reloadAllAccessors: .ContinuousInDE

===========================================================================================
----------------- testing Wed Mar 04 08:43:59 UTC 2020 /home/travis/build/icyphy/ptII/ptolemy/domains/continuous/test/auto/ContinuousInDE2.xml
----------------- Instantiating /home/travis/build/icyphy/ptII/ptolemy/domains/continuous/test/auto/ContinuousInDE2.xml
34 ms. Memory: 270336K Free: 125977K (47%)
----------------- Invoking toplevel() on ptolemy.moml.MoMLSimpleApplication@7e29624
----------------- Done invoking toplevel() on ptolemy.moml.MoMLSimpleApplication@7e29624
reloadAllAccessors: .ContinuousInDE2

===========================================================================================
----------------- testing Wed Mar 04 08:43:59 UTC 2020 /home/travis/build/icyphy/ptII/ptolemy/domains/continuous/test/auto/ContinuousInDE3.xml
----------------- Instantiating /home/travis/build/icyphy/ptII/ptolemy/domains/continuous/test/auto/ContinuousInDE3.xml
33 ms. Memory: 270336K Free: 116251K (43%)
----------------- Invoking toplevel() on ptolemy.moml.MoMLSimpleApplication@50d92fc5
----------------- Done invoking toplevel() on ptolemy.moml.MoMLSimpleApplication@50d92fc5
reloadAllAccessors: .ContinuousInDE3

===========================================================================================
----------------- testing Wed Mar 04 08:44:00 UTC 2020 /home/travis/build/icyphy/ptII/ptolemy/domains/continuous/test/auto/ContinuousInDE4.xml
----------------- Instantiating /home/travis/build/icyphy/ptII/ptolemy/domains/continuous/test/auto/ContinuousInDE4.xml
12 ms. Memory: 270336K Free: 109593K (41%)
----------------- Invoking toplevel() on ptolemy.moml.MoMLSimpleApplication@7ee832c4
----------------- Done invoking toplevel() on ptolemy.moml.MoMLSimpleApplication@7ee832c4
reloadAllAccessors: .ContinuousInDE4

===========================================================================================
----------------- testing Wed Mar 04 08:44:00 UTC 2020 /home/travis/build/icyphy/ptII/ptolemy/domains/continuous/test/auto/ContinuousInDEDifferentRefinements.xml
----------------- Instantiating /home/travis/build/icyphy/ptII/ptolemy/domains/continuous/test/auto/ContinuousInDEDifferentRefinements.xml
61 ms. Memory: 270336K Free: 239328K (89%)
----------------- Invoking toplevel() on ptolemy.moml.MoMLSimpleApplication@672114dd
----------------- Done invoking toplevel() on ptolemy.moml.MoMLSimpleApplication@672114dd
reloadAllAccessors: .ContinuousInDEDifferentRefinements

===========================================================================================
----------------- testing Wed Mar 04 08:44:00 UTC 2020 /home/travis/build/icyphy/ptII/ptolemy/domains/continuous/test/auto/ContinuousInDEDifferentRefinementsPreemptive.xml
----------------- Instantiating /home/travis/build/icyphy/ptII/ptolemy/domains/continuous/test/auto/ContinuousInDEDifferentRefinementsPreemptive.xml
42 ms. Memory: 270336K Free: 208365K (77%)
----------------- Invoking toplevel() on ptolemy.moml.MoMLSimpleApplication@5119ad6f
----------------- Done invoking toplevel() on ptolemy.moml.MoMLSimpleApplication@5119ad6f
reloadAllAccessors: .ContinuousInDEDifferentRefinementsPreemptive

===========================================================================================
----------------- testing Wed Mar 04 08:44:00 UTC 2020 /home/travis/build/icyphy/ptII/ptolemy/domains/continuous/test/auto/ContinuousInDEInContinuous2.xml
----------------- Instantiating /home/travis/build/icyphy/ptII/ptolemy/domains/continuous/test/auto/ContinuousInDEInContinuous2.xml
36 ms. Memory: 270336K Free: 197132K (73%)
----------------- Invoking toplevel() on ptolemy.moml.MoMLSimpleApplication@1b3bbf63
----------------- Done invoking toplevel() on ptolemy.moml.MoMLSimpleApplication@1b3bbf63
reloadAllAccessors: .ContinuousInDEInContinuous2

===========================================================================================
----------------- testing Wed Mar 04 08:44:00 UTC 2020 /home/travis/build/icyphy/ptII/ptolemy/domains/continuous/test/auto/ContinuousInDEInContinuous3.xml
----------------- Instantiating /home/travis/build/icyphy/ptII/ptolemy/domains/continuous/test/auto/ContinuousInDEInContinuous3.xml
39 ms. Memory: 270336K Free: 184844K (68%)
----------------- Invoking toplevel() on ptolemy.moml.MoMLSimpleApplication@6332937e
----------------- Done invoking toplevel() on ptolemy.moml.MoMLSimpleApplication@6332937e
reloadAllAccessors: .ContinuousInDEInContinuous3

===========================================================================================
----------------- testing Wed Mar 04 08:44:00 UTC 2020 /home/travis/build/icyphy/ptII/ptolemy/domains/continuous/test/auto/ContinuousInDEInput.xml
----------------- Instantiating /home/travis/build/icyphy/ptII/ptolemy/domains/continuous/test/auto/ContinuousInDEInput.xml
16 ms. Memory: 270336K Free: 177676K (66%)
----------------- Invoking toplevel() on ptolemy.moml.MoMLSimpleApplication@72c71e62
----------------- Done invoking toplevel() on ptolemy.moml.MoMLSimpleApplication@72c71e62
reloadAllAccessors: .ContinuousInDEInput

===========================================================================================
----------------- testing Wed Mar 04 08:44:00 UTC 2020 /home/travis/build/icyphy/ptII/ptolemy/domains/continuous/test/auto/ContinuousInDEInput2.xml
----------------- Instantiating /home/travis/build/icyphy/ptII/ptolemy/domains/continuous/test/auto/ContinuousInDEInput2.xml
11 ms. Memory: 270336K Free: 170508K (63%)
----------------- Invoking toplevel() on ptolemy.moml.MoMLSimpleApplication@2ea0a0b3
----------------- Done invoking toplevel() on ptolemy.moml.MoMLSimpleApplication@2ea0a0b3
reloadAllAccessors: .ContinuousInDEInput2

===========================================================================================
----------------- testing Wed Mar 04 08:44:00 UTC 2020 /home/travis/build/icyphy/ptII/ptolemy/domains/continuous/test/auto/ContinuousInDEInput3.xml
----------------- Instantiating /home/travis/build/icyphy/ptII/ptolemy/domains/continuous/test/auto/ContinuousInDEInput3.xml
11 ms. Memory: 270336K Free: 163340K (60%)
----------------- Invoking toplevel() on ptolemy.moml.MoMLSimpleApplication@1783a307
----------------- Done invoking toplevel() on ptolemy.moml.MoMLSimpleApplication@1783a307
reloadAllAccessors: .ContinuousInDEInput3

===========================================================================================
----------------- testing Wed Mar 04 08:44:00 UTC 2020 /home/travis/build/icyphy/ptII/ptolemy/domains/continuous/test/auto/ContinuousInDESharingRefinement.xml
----------------- Instantiating /home/travis/build/icyphy/ptII/ptolemy/domains/continuous/test/auto/ContinuousInDESharingRefinement.xml
147 ms. Memory: 270336K Free: 230127K (85%)
----------------- Invoking toplevel() on ptolemy.moml.MoMLSimpleApplication@3061bd67
----------------- Done invoking toplevel() on ptolemy.moml.MoMLSimpleApplication@3061bd67
reloadAllAccessors: .ContinuousInDESharingRefinement

===========================================================================================
----------------- testing Wed Mar 04 08:44:00 UTC 2020 /home/travis/build/icyphy/ptII/ptolemy/domains/continuous/test/auto/ContinuousInDEwithNoPorts.xml
----------------- Instantiating /home/travis/build/icyphy/ptII/ptolemy/domains/continuous/test/auto/ContinuousInDEwithNoPorts.xml
6 ms. Memory: 270336K Free: 225521K (83%)
----------------- Invoking toplevel() on ptolemy.moml.MoMLSimpleApplication@68c4578f
----------------- Done invoking toplevel() on ptolemy.moml.MoMLSimpleApplication@68c4578f
reloadAllAccessors: .ContinuousInDEwithNoPorts

===========================================================================================
----------------- testing Wed Mar 04 08:44:00 UTC 2020 /home/travis/build/icyphy/ptII/ptolemy/domains/continuous/test/auto/ContinuousInsideDE.xml
----------------- Instantiating /home/travis/build/icyphy/ptII/ptolemy/domains/continuous/test/auto/ContinuousInsideDE.xml
33 ms. Memory: 270336K Free: 214257K (79%)
----------------- Invoking toplevel() on ptolemy.moml.MoMLSimpleApplication@23777569
----------------- Done invoking toplevel() on ptolemy.moml.MoMLSimpleApplication@23777569
reloadAllAccessors: .ContinuousInsideDE

===========================================================================================
----------------- testing Wed Mar 04 08:44:00 UTC 2020 /home/travis/build/icyphy/ptII/ptolemy/domains/continuous/test/auto/ContinuousMerge1.xml
----------------- Instantiating /home/travis/build/icyphy/ptII/ptolemy/domains/continuous/test/auto/ContinuousMerge1.xml
6 ms. Memory: 270336K Free: 209633K (78%)
----------------- Invoking toplevel() on ptolemy.moml.MoMLSimpleApplication@4050680b
----------------- Done invoking toplevel() on ptolemy.moml.MoMLSimpleApplication@4050680b
reloadAllAccessors: .ContinuousMerge1

===========================================================================================
----------------- testing Wed Mar 04 08:44:00 UTC 2020 /home/travis/build/icyphy/ptII/ptolemy/domains/continuous/test/auto/ContinuousMerge2.xml
----------------- Instantiating /home/travis/build/icyphy/ptII/ptolemy/domains/continuous/test/auto/ContinuousMerge2.xml
11 ms. Memory: 270336K Free: 199407K (74%)
----------------- Invoking toplevel() on ptolemy.moml.MoMLSimpleApplication@639f39cc
----------------- Done invoking toplevel() on ptolemy.moml.MoMLSimpleApplication@639f39cc
reloadAllAccessors: .ContinuousMerge2

===========================================================================================
----------------- testing Wed Mar 04 08:44:00 UTC 2020 /home/travis/build/icyphy/ptII/ptolemy/domains/continuous/test/auto/ContinuousMerge3.xml
----------------- Instantiating /home/travis/build/icyphy/ptII/ptolemy/domains/continuous/test/auto/ContinuousMerge3.xml
35 ms. Memory: 270336K Free: 188657K (70%)
----------------- Invoking toplevel() on ptolemy.moml.MoMLSimpleApplication@3f6bb496
----------------- Done invoking toplevel() on ptolemy.moml.MoMLSimpleApplication@3f6bb496
reloadAllAccessors: .ContinuousMerge3

===========================================================================================
----------------- testing Wed Mar 04 08:44:00 UTC 2020 /home/travis/build/icyphy/ptII/ptolemy/domains/continuous/test/auto/ContinuousWithinContinuous.xml
----------------- Instantiating /home/travis/build/icyphy/ptII/ptolemy/domains/continuous/test/auto/ContinuousWithinContinuous.xml
32 ms. Memory: 270336K Free: 179441K (66%)
----------------- Invoking toplevel() on ptolemy.moml.MoMLSimpleApplication@1c7f9967
----------------- Done invoking toplevel() on ptolemy.moml.MoMLSimpleApplication@1c7f9967
reloadAllAccessors: .ContinuousWithinContinuous

===========================================================================================
----------------- testing Wed Mar 04 08:44:00 UTC 2020 /home/travis/build/icyphy/ptII/ptolemy/domains/continuous/test/auto/ContinuousWithinContinuous2.xml
----------------- Instantiating /home/travis/build/icyphy/ptII/ptolemy/domains/continuous/test/auto/ContinuousWithinContinuous2.xml
57 ms. Memory: 270336K Free: 169201K (63%)
----------------- Invoking toplevel() on ptolemy.moml.MoMLSimpleApplication@4a36b33c
----------------- Done invoking toplevel() on ptolemy.moml.MoMLSimpleApplication@4a36b33c
reloadAllAccessors: .ContinuousWithinContinuous2

===========================================================================================
----------------- testing Wed Mar 04 08:44:00 UTC 2020 /home/travis/build/icyphy/ptII/ptolemy/domains/continuous/test/auto/ContinuousWithinContinuous3.xml
----------------- Instantiating /home/travis/build/icyphy/ptII/ptolemy/domains/continuous/test/auto/ContinuousWithinContinuous3.xml
10 ms. Memory: 270336K Free: 162033K (60%)
----------------- Invoking toplevel() on ptolemy.moml.MoMLSimpleApplication@74f89ba
----------------- Done invoking toplevel() on ptolemy.moml.MoMLSimpleApplication@74f89ba
reloadAllAccessors: .ContinuousWithinContinuous3

===========================================================================================
----------------- testing Wed Mar 04 08:44:00 UTC 2020 /home/travis/build/icyphy/ptII/ptolemy/domains/continuous/test/auto/ContinuousWithinContinuous4.xml
----------------- Instantiating /home/travis/build/icyphy/ptII/ptolemy/domains/continuous/test/auto/ContinuousWithinContinuous4.xml
64 ms. Memory: 270336K Free: 149745K (55%)
----------------- Invoking toplevel() on ptolemy.moml.MoMLSimpleApplication@46e93ea0
----------------- Done invoking toplevel() on ptolemy.moml.MoMLSimpleApplication@46e93ea0
reloadAllAccessors: .ContinuousWithinContinuous4

===========================================================================================
----------------- testing Wed Mar 04 08:44:01 UTC 2020 /home/travis/build/icyphy/ptII/ptolemy/domains/continuous/test/auto/ContinuousWithinContinuous5.xml
----------------- Instantiating /home/travis/build/icyphy/ptII/ptolemy/domains/continuous/test/auto/ContinuousWithinContinuous5.xml
12 ms. Memory: 270336K Free: 142063K (53%)
----------------- Invoking toplevel() on ptolemy.moml.MoMLSimpleApplication@596abfa4
----------------- Done invoking toplevel() on ptolemy.moml.MoMLSimpleApplication@596abfa4
reloadAllAccessors: .ContinuousWithinContinuous5

===========================================================================================
----------------- testing Wed Mar 04 08:44:01 UTC 2020 /home/travis/build/icyphy/ptII/ptolemy/domains/continuous/test/auto/ContinuousWithinContinuous6.xml
----------------- Instantiating /home/travis/build/icyphy/ptII/ptolemy/domains/continuous/test/auto/ContinuousWithinContinuous6.xml
10 ms. Memory: 270336K Free: 134895K (50%)
----------------- Invoking toplevel() on ptolemy.moml.MoMLSimpleApplication@6289779
----------------- Done invoking toplevel() on ptolemy.moml.MoMLSimpleApplication@6289779
reloadAllAccessors: .ContinuousWithinContinuous6

===========================================================================================
----------------- testing Wed Mar 04 08:44:01 UTC 2020 /home/travis/build/icyphy/ptII/ptolemy/domains/continuous/test/auto/ContinuousWithinContinuous7.xml
----------------- Instantiating /home/travis/build/icyphy/ptII/ptolemy/domains/continuous/test/auto/ContinuousWithinContinuous7.xml
53 ms. Memory: 270336K Free: 124145K (46%)
----------------- Invoking toplevel() on ptolemy.moml.MoMLSimpleApplication@3be0338c
----------------- Done invoking toplevel() on ptolemy.moml.MoMLSimpleApplication@3be0338c
reloadAllAccessors: .ContinuousWithinContinuous7

===========================================================================================
----------------- testing Wed Mar 04 08:44:01 UTC 2020 /home/travis/build/icyphy/ptII/ptolemy/domains/continuous/test/auto/DCMotor.xml
----------------- Instantiating /home/travis/build/icyphy/ptII/ptolemy/domains/continuous/test/auto/DCMotor.xml
12494 ms. Memory: 270336K Free: 111245K (41%)
----------------- Invoking toplevel() on ptolemy.moml.MoMLSimpleApplication@47a838b
----------------- Done invoking toplevel() on ptolemy.moml.MoMLSimpleApplication@47a838b
reloadAllAccessors: .DCMotor

===========================================================================================
----------------- testing Wed Mar 04 08:44:13 UTC 2020 /home/travis/build/icyphy/ptII/ptolemy/domains/continuous/test/auto/DEInContinuous.xml
----------------- Instantiating /home/travis/build/icyphy/ptII/ptolemy/domains/continuous/test/auto/DEInContinuous.xml
15 ms. Memory: 270336K Free: 105101K (39%)
----------------- Invoking toplevel() on ptolemy.moml.MoMLSimpleApplication@443d6ea7
----------------- Done invoking toplevel() on ptolemy.moml.MoMLSimpleApplication@443d6ea7
reloadAllAccessors: .DEInContinuous

===========================================================================================
----------------- testing Wed Mar 04 08:44:13 UTC 2020 /home/travis/build/icyphy/ptII/ptolemy/domains/continuous/test/auto/DEinContinuous2.xml
----------------- Instantiating /home/travis/build/icyphy/ptII/ptolemy/domains/continuous/test/auto/DEinContinuous2.xml
7 ms. Memory: 270336K Free: 96909K (36%)
----------------- Invoking toplevel() on ptolemy.moml.MoMLSimpleApplication@2999e117
----------------- Done invoking toplevel() on ptolemy.moml.MoMLSimpleApplication@2999e117
reloadAllAccessors: .DEinContinuous2

===========================================================================================
----------------- testing Wed Mar 04 08:44:13 UTC 2020 /home/travis/build/icyphy/ptII/ptolemy/domains/continuous/test/auto/Derivative.xml
----------------- Instantiating /home/travis/build/icyphy/ptII/ptolemy/domains/continuous/test/auto/Derivative.xml
143 ms. Memory: 270336K Free: 228094K (84%)
----------------- Invoking toplevel() on ptolemy.moml.MoMLSimpleApplication@25ed8afe
----------------- Done invoking toplevel() on ptolemy.moml.MoMLSimpleApplication@25ed8afe
reloadAllAccessors: .Derivative2

===========================================================================================
----------------- testing Wed Mar 04 08:44:13 UTC 2020 /home/travis/build/icyphy/ptII/ptolemy/domains/continuous/test/auto/Derivative1.xml
----------------- Instantiating /home/travis/build/icyphy/ptII/ptolemy/domains/continuous/test/auto/Derivative1.xml
18 ms. Memory: 270336K Free: 213758K (79%)
----------------- Invoking toplevel() on ptolemy.moml.MoMLSimpleApplication@25de468
----------------- Done invoking toplevel() on ptolemy.moml.MoMLSimpleApplication@25de468
reloadAllAccessors: .Derivative1

===========================================================================================
----------------- testing Wed Mar 04 08:44:14 UTC 2020 /home/travis/build/icyphy/ptII/ptolemy/domains/continuous/test/auto/DiscreteClock.xml
----------------- Instantiating /home/travis/build/icyphy/ptII/ptolemy/domains/continuous/test/auto/DiscreteClock.xml
5 ms. Memory: 270336K Free: 208638K (77%)
----------------- Invoking toplevel() on ptolemy.moml.MoMLSimpleApplication@67be6e5e
----------------- Done invoking toplevel() on ptolemy.moml.MoMLSimpleApplication@67be6e5e
reloadAllAccessors: .DiscreteClock

===========================================================================================
----------------- testing Wed Mar 04 08:44:14 UTC 2020 /home/travis/build/icyphy/ptII/ptolemy/domains/continuous/test/auto/EfficiencyCurve.xml
----------------- Instantiating /home/travis/build/icyphy/ptII/ptolemy/domains/continuous/test/auto/EfficiencyCurve.xml
64 ms. Memory: 270336K Free: 199422K (74%)
----------------- Invoking toplevel() on ptolemy.moml.MoMLSimpleApplication@146df8a3
----------------- Done invoking toplevel() on ptolemy.moml.MoMLSimpleApplication@146df8a3
reloadAllAccessors: .EfficiencyCurve

===========================================================================================
----------------- testing Wed Mar 04 08:44:14 UTC 2020 /home/travis/build/icyphy/ptII/ptolemy/domains/continuous/test/auto/ExponentialResponse.xml
----------------- Instantiating /home/travis/build/icyphy/ptII/ptolemy/domains/continuous/test/auto/ExponentialResponse.xml
96 ms. Memory: 270336K Free: 183552K (68%)
----------------- Invoking toplevel() on ptolemy.moml.MoMLSimpleApplication@1da135f2
----------------- Done invoking toplevel() on ptolemy.moml.MoMLSimpleApplication@1da135f2
reloadAllAccessors: .ExponentialResponse

===========================================================================================
----------------- testing Wed Mar 04 08:44:14 UTC 2020 /home/travis/build/icyphy/ptII/ptolemy/domains/continuous/test/auto/ExponentialResponseRK45.xml
----------------- Instantiating /home/travis/build/icyphy/ptII/ptolemy/domains/continuous/test/auto/ExponentialResponseRK45.xml
22 ms. Memory: 270336K Free: 176894K (65%)
----------------- Invoking toplevel() on ptolemy.moml.MoMLSimpleApplication@114f59f6
----------------- Done invoking toplevel() on ptolemy.moml.MoMLSimpleApplication@114f59f6
reloadAllAccessors: .ExponentialResponseRK45

===========================================================================================
----------------- testing Wed Mar 04 08:44:14 UTC 2020 /home/travis/build/icyphy/ptII/ptolemy/domains/continuous/test/auto/Friction.xml
----------------- Instantiating /home/travis/build/icyphy/ptII/ptolemy/domains/continuous/test/auto/Friction.xml
1508 ms. Memory: 270336K Free: 234068K (87%)
----------------- Invoking toplevel() on ptolemy.moml.MoMLSimpleApplication@757a1945
----------------- Done invoking toplevel() on ptolemy.moml.MoMLSimpleApplication@757a1945
reloadAllAccessors: .Friction

===========================================================================================
----------------- testing Wed Mar 04 08:44:15 UTC 2020 /home/travis/build/icyphy/ptII/ptolemy/domains/continuous/test/auto/FurutaPendulum.xml
----------------- Instantiating /home/travis/build/icyphy/ptII/ptolemy/domains/continuous/test/auto/FurutaPendulum.xml
3020 ms. Memory: 270336K Free: 213332K (79%)
----------------- Invoking toplevel() on ptolemy.moml.MoMLSimpleApplication@26d126a4
----------------- Done invoking toplevel() on ptolemy.moml.MoMLSimpleApplication@26d126a4
reloadAllAccessors: .FurutaPendulum

===========================================================================================
----------------- testing Wed Mar 04 08:44:19 UTC 2020 /home/travis/build/icyphy/ptII/ptolemy/domains/continuous/test/auto/HierarchicalExecution.xml
----------------- Instantiating /home/travis/build/icyphy/ptII/ptolemy/domains/continuous/test/auto/HierarchicalExecution.xml
1527 ms. Memory: 270336K Free: 247037K (91%)
----------------- Invoking toplevel() on ptolemy.moml.MoMLSimpleApplication@751cccbf
----------------- Done invoking toplevel() on ptolemy.moml.MoMLSimpleApplication@751cccbf
reloadAllAccessors: .HierarchicalExecution

===========================================================================================
----------------- testing Wed Mar 04 08:44:20 UTC 2020 /home/travis/build/icyphy/ptII/ptolemy/domains/continuous/test/auto/HybridPlant.xml
----------------- Instantiating /home/travis/build/icyphy/ptII/ptolemy/domains/continuous/test/auto/HybridPlant.xml
494 ms. Memory: 270336K Free: 143499K (53%)
----------------- Invoking toplevel() on ptolemy.moml.MoMLSimpleApplication@62ce8583
----------------- Done invoking toplevel() on ptolemy.moml.MoMLSimpleApplication@62ce8583
reloadAllAccessors: .HybridPlant

===========================================================================================
----------------- testing Wed Mar 04 08:44:21 UTC 2020 /home/travis/build/icyphy/ptII/ptolemy/domains/continuous/test/auto/Hysteresis.xml
----------------- Instantiating /home/travis/build/icyphy/ptII/ptolemy/domains/continuous/test/auto/Hysteresis.xml
153 ms. Memory: 270336K Free: 241508K (89%)
----------------- Invoking toplevel() on ptolemy.moml.MoMLSimpleApplication@7973e433
----------------- Done invoking toplevel() on ptolemy.moml.MoMLSimpleApplication@7973e433
reloadAllAccessors: .Hysteresis

===========================================================================================
----------------- testing Wed Mar 04 08:44:21 UTC 2020 /home/travis/build/icyphy/ptII/ptolemy/domains/continuous/test/auto/HysteresisWithRandomDelay.xml
----------------- Instantiating /home/travis/build/icyphy/ptII/ptolemy/domains/continuous/test/auto/HysteresisWithRandomDelay.xml
187 ms. Memory: 270336K Free: 170324K (63%)
----------------- Invoking toplevel() on ptolemy.moml.MoMLSimpleApplication@716d11b7
----------------- Done invoking toplevel() on ptolemy.moml.MoMLSimpleApplication@716d11b7
reloadAllAccessors: .HysteresisWithRandomDelay

===========================================================================================
----------------- testing Wed Mar 04 08:44:21 UTC 2020 /home/travis/build/icyphy/ptII/ptolemy/domains/continuous/test/auto/HysteresisWithRandomLosses.xml
----------------- Instantiating /home/travis/build/icyphy/ptII/ptolemy/domains/continuous/test/auto/HysteresisWithRandomLosses.xml
2313 ms. Memory: 324608K Free: 130893K (40%)
----------------- Invoking toplevel() on ptolemy.moml.MoMLSimpleApplication@36c2c5c3
----------------- Done invoking toplevel() on ptolemy.moml.MoMLSimpleApplication@36c2c5c3
reloadAllAccessors: .HysteresisWithRandomLosses

===========================================================================================
----------------- testing Wed Mar 04 08:44:24 UTC 2020 /home/travis/build/icyphy/ptII/ptolemy/domains/continuous/test/auto/ImmediateTransitions.xml
----------------- Instantiating /home/travis/build/icyphy/ptII/ptolemy/domains/continuous/test/auto/ImmediateTransitions.xml
15 ms. Memory: 324608K Free: 119615K (37%)
----------------- Invoking toplevel() on ptolemy.moml.MoMLSimpleApplication@1e7bd469
----------------- Done invoking toplevel() on ptolemy.moml.MoMLSimpleApplication@1e7bd469
reloadAllAccessors: .ImmediateTransitions

===========================================================================================
----------------- testing Wed Mar 04 08:44:24 UTC 2020 /home/travis/build/icyphy/ptII/ptolemy/domains/continuous/test/auto/ImpulseFeedback.xml
----------------- Instantiating /home/travis/build/icyphy/ptII/ptolemy/domains/continuous/test/auto/ImpulseFeedback.xml
13 ms. Memory: 324608K Free: 307213K (95%)
----------------- Invoking toplevel() on ptolemy.moml.MoMLSimpleApplication@733a83fd
----------------- Done invoking toplevel() on ptolemy.moml.MoMLSimpleApplication@733a83fd
reloadAllAccessors: .ImpulseFeedback

===========================================================================================
----------------- testing Wed Mar 04 08:44:24 UTC 2020 /home/travis/build/icyphy/ptII/ptolemy/domains/continuous/test/auto/ImpulseFeedback2.xml
----------------- Instantiating /home/travis/build/icyphy/ptII/ptolemy/domains/continuous/test/auto/ImpulseFeedback2.xml
5 ms. Memory: 324608K Free: 301069K (93%)
----------------- Invoking toplevel() on ptolemy.moml.MoMLSimpleApplication@6938d18e
----------------- Done invoking toplevel() on ptolemy.moml.MoMLSimpleApplication@6938d18e
reloadAllAccessors: .ImpulseFeedback2

===========================================================================================
----------------- testing Wed Mar 04 08:44:24 UTC 2020 /home/travis/build/icyphy/ptII/ptolemy/domains/continuous/test/auto/IncreasingRatePoisson.xml
----------------- Instantiating /home/travis/build/icyphy/ptII/ptolemy/domains/continuous/test/auto/IncreasingRatePoisson.xml
739 ms. Memory: 324608K Free: 161293K (50%)
----------------- Invoking toplevel() on ptolemy.moml.MoMLSimpleApplication@157b3a78
----------------- Done invoking toplevel() on ptolemy.moml.MoMLSimpleApplication@157b3a78
reloadAllAccessors: .IncreasingRatePoisson

===========================================================================================
----------------- testing Wed Mar 04 08:44:25 UTC 2020 /home/travis/build/icyphy/ptII/ptolemy/domains/continuous/test/auto/InitialStateFeedback.xml
----------------- Instantiating /home/travis/build/icyphy/ptII/ptolemy/domains/continuous/test/auto/InitialStateFeedback.xml
6 ms. Memory: 324608K Free: 156687K (48%)
----------------- Invoking toplevel() on ptolemy.moml.MoMLSimpleApplication@3c96987f
----------------- Done invoking toplevel() on ptolemy.moml.MoMLSimpleApplication@3c96987f
reloadAllAccessors: .InitialStateFeedback

===========================================================================================
----------------- testing Wed Mar 04 08:44:25 UTC 2020 /home/travis/build/icyphy/ptII/ptolemy/domains/continuous/test/auto/Integration.xml
----------------- Instantiating /home/travis/build/icyphy/ptII/ptolemy/domains/continuous/test/auto/Integration.xml
2 ms. Memory: 324608K Free: 152591K (47%)
----------------- Invoking toplevel() on ptolemy.moml.MoMLSimpleApplication@503f2fe
----------------- Done invoking toplevel() on ptolemy.moml.MoMLSimpleApplication@503f2fe
reloadAllAccessors: .Integration

===========================================================================================
----------------- testing Wed Mar 04 08:44:25 UTC 2020 /home/travis/build/icyphy/ptII/ptolemy/domains/continuous/test/auto/Integration2.xml
----------------- Instantiating /home/travis/build/icyphy/ptII/ptolemy/domains/continuous/test/auto/Integration2.xml
68 ms. Memory: 324608K Free: 138255K (43%)
----------------- Invoking toplevel() on ptolemy.moml.MoMLSimpleApplication@222cab93
----------------- Done invoking toplevel() on ptolemy.moml.MoMLSimpleApplication@222cab93
reloadAllAccessors: .Integration2

===========================================================================================
----------------- testing Wed Mar 04 08:44:25 UTC 2020 /home/travis/build/icyphy/ptII/ptolemy/domains/continuous/test/auto/Integration3.xml
----------------- Instantiating /home/travis/build/icyphy/ptII/ptolemy/domains/continuous/test/auto/Integration3.xml
2 ms. Memory: 324608K Free: 133631K (41%)
----------------- Invoking toplevel() on ptolemy.moml.MoMLSimpleApplication@63fc30a3
----------------- Done invoking toplevel() on ptolemy.moml.MoMLSimpleApplication@63fc30a3
reloadAllAccessors: .Integration3

===========================================================================================
----------------- testing Wed Mar 04 08:44:25 UTC 2020 /home/travis/build/icyphy/ptII/ptolemy/domains/continuous/test/auto/Integration5.xml
----------------- Instantiating /home/travis/build/icyphy/ptII/ptolemy/domains/continuous/test/auto/Integration5.xml
2 ms. Memory: 324608K Free: 129549K (40%)
----------------- Invoking toplevel() on ptolemy.moml.MoMLSimpleApplication@82c9201
----------------- Done invoking toplevel() on ptolemy.moml.MoMLSimpleApplication@82c9201
reloadAllAccessors: .Integration5

===========================================================================================
----------------- testing Wed Mar 04 08:44:25 UTC 2020 /home/travis/build/icyphy/ptII/ptolemy/domains/continuous/test/auto/IntegratorImpulse.xml
----------------- Instantiating /home/travis/build/icyphy/ptII/ptolemy/domains/continuous/test/auto/IntegratorImpulse.xml
2 ms. Memory: 324608K Free: 125439K (39%)
----------------- Invoking toplevel() on ptolemy.moml.MoMLSimpleApplication@30da0d3
----------------- Done invoking toplevel() on ptolemy.moml.MoMLSimpleApplication@30da0d3
reloadAllAccessors: .IntegratorImpulse

===========================================================================================
----------------- testing Wed Mar 04 08:44:25 UTC 2020 /home/travis/build/icyphy/ptII/ptolemy/domains/continuous/test/auto/IntegratorImpulse2.xml
----------------- Instantiating /home/travis/build/icyphy/ptII/ptolemy/domains/continuous/test/auto/IntegratorImpulse2.xml
5 ms. Memory: 324608K Free: 120847K (37%)
----------------- Invoking toplevel() on ptolemy.moml.MoMLSimpleApplication@1dbd1ada
----------------- Done invoking toplevel() on ptolemy.moml.MoMLSimpleApplication@1dbd1ada
reloadAllAccessors: .IntegratorImpulse2

===========================================================================================
----------------- testing Wed Mar 04 08:44:25 UTC 2020 /home/travis/build/icyphy/ptII/ptolemy/domains/continuous/test/auto/LevelCrossing1.xml
----------------- Instantiating /home/travis/build/icyphy/ptII/ptolemy/domains/continuous/test/auto/LevelCrossing1.xml
2 ms. Memory: 324608K Free: 115727K (36%)
----------------- Invoking toplevel() on ptolemy.moml.MoMLSimpleApplication@3d3cd5b
----------------- Done invoking toplevel() on ptolemy.moml.MoMLSimpleApplication@3d3cd5b
reloadAllAccessors: .LevelCrossing1

===========================================================================================
----------------- testing Wed Mar 04 08:44:25 UTC 2020 /home/travis/build/icyphy/ptII/ptolemy/domains/continuous/test/auto/LevelCrossing2.xml
----------------- Instantiating /home/travis/build/icyphy/ptII/ptolemy/domains/continuous/test/auto/LevelCrossing2.xml
3 ms. Memory: 324608K Free: 304164K (94%)
----------------- Invoking toplevel() on ptolemy.moml.MoMLSimpleApplication@1ba34306
----------------- Done invoking toplevel() on ptolemy.moml.MoMLSimpleApplication@1ba34306
reloadAllAccessors: .LevelCrossing2

===========================================================================================
----------------- testing Wed Mar 04 08:44:25 UTC 2020 /home/travis/build/icyphy/ptII/ptolemy/domains/continuous/test/auto/LevelCrossing3.xml
----------------- Instantiating /home/travis/build/icyphy/ptII/ptolemy/domains/continuous/test/auto/LevelCrossing3.xml
2 ms. Memory: 324608K Free: 299044K (92%)
----------------- Invoking toplevel() on ptolemy.moml.MoMLSimpleApplication@4e9512c9
----------------- Done invoking toplevel() on ptolemy.moml.MoMLSimpleApplication@4e9512c9
reloadAllAccessors: .LevelCrossing3

===========================================================================================
----------------- testing Wed Mar 04 08:44:25 UTC 2020 /home/travis/build/icyphy/ptII/ptolemy/domains/continuous/test/auto/LevelCrossing4.xml
----------------- Instantiating /home/travis/build/icyphy/ptII/ptolemy/domains/continuous/test/auto/LevelCrossing4.xml
3 ms. Memory: 324608K Free: 293924K (91%)
----------------- Invoking toplevel() on ptolemy.moml.MoMLSimpleApplication@190ac0a4
----------------- Done invoking toplevel() on ptolemy.moml.MoMLSimpleApplication@190ac0a4
reloadAllAccessors: .LevelCrossing4

===========================================================================================
----------------- testing Wed Mar 04 08:44:25 UTC 2020 /home/travis/build/icyphy/ptII/ptolemy/domains/continuous/test/auto/LevelCrossing5.xml
----------------- Instantiating /home/travis/build/icyphy/ptII/ptolemy/domains/continuous/test/auto/LevelCrossing5.xml
2 ms. Memory: 324608K Free: 288804K (89%)
----------------- Invoking toplevel() on ptolemy.moml.MoMLSimpleApplication@20c2d427
----------------- Done invoking toplevel() on ptolemy.moml.MoMLSimpleApplication@20c2d427
reloadAllAccessors: .LevelCrossing5

===========================================================================================
[...]
10 ms. Memory: 324608K Free: 228073K (70%)
----------------- Invoking toplevel() on ptolemy.moml.MoMLSimpleApplication@5db1f2f6
----------------- Done invoking toplevel() on ptolemy.moml.MoMLSimpleApplication@5db1f2f6
reloadAllAccessors: .ResetTransitionWithStartTime6

===========================================================================================
----------------- testing Wed Mar 04 08:44:41 UTC 2020 /home/travis/build/icyphy/ptII/ptolemy/domains/continuous/test/auto/SRinContinuous.xml
----------------- Instantiating /home/travis/build/icyphy/ptII/ptolemy/domains/continuous/test/auto/SRinContinuous.xml
5 ms. Memory: 324608K Free: 220409K (68%)
----------------- Invoking toplevel() on ptolemy.moml.MoMLSimpleApplication@7f76035f
----------------- Done invoking toplevel() on ptolemy.moml.MoMLSimpleApplication@7f76035f
reloadAllAccessors: .SRinContinuous

===========================================================================================
----------------- testing Wed Mar 04 08:44:41 UTC 2020 /home/travis/build/icyphy/ptII/ptolemy/domains/continuous/test/auto/SampledClocks.xml
----------------- Instantiating /home/travis/build/icyphy/ptII/ptolemy/domains/continuous/test/auto/SampledClocks.xml
5 ms. Memory: 324608K Free: 208121K (64%)
----------------- Invoking toplevel() on ptolemy.moml.MoMLSimpleApplication@324c88c5
----------------- Done invoking toplevel() on ptolemy.moml.MoMLSimpleApplication@324c88c5
reloadAllAccessors: .SampledClocks

===========================================================================================
----------------- testing Wed Mar 04 08:44:41 UTC 2020 /home/travis/build/icyphy/ptII/ptolemy/domains/continuous/test/auto/Satellite.xml
----------------- Instantiating /home/travis/build/icyphy/ptII/ptolemy/domains/continuous/test/auto/Satellite.xml
660 ms. Memory: 324608K Free: 206626K (64%)
----------------- Invoking toplevel() on ptolemy.moml.MoMLSimpleApplication@8efd4be
----------------- Done invoking toplevel() on ptolemy.moml.MoMLSimpleApplication@8efd4be
reloadAllAccessors: .Satellite

===========================================================================================
----------------- testing Wed Mar 04 08:44:41 UTC 2020 /home/travis/build/icyphy/ptII/ptolemy/domains/continuous/test/auto/SigmaDelta.xml
----------------- Instantiating /home/travis/build/icyphy/ptII/ptolemy/domains/continuous/test/auto/SigmaDelta.xml
1800 ms. Memory: 324608K Free: 138168K (43%)
----------------- Invoking toplevel() on ptolemy.moml.MoMLSimpleApplication@14d2882e
----------------- Done invoking toplevel() on ptolemy.moml.MoMLSimpleApplication@14d2882e
reloadAllAccessors: .SigmaDelta

===========================================================================================
----------------- testing Wed Mar 04 08:44:43 UTC 2020 /home/travis/build/icyphy/ptII/ptolemy/domains/continuous/test/auto/SingleRefinement.xml
----------------- Instantiating /home/travis/build/icyphy/ptII/ptolemy/domains/continuous/test/auto/SingleRefinement.xml
296 ms. Memory: 324608K Free: 147947K (46%)
----------------- Invoking toplevel() on ptolemy.moml.MoMLSimpleApplication@4777f5b1
----------------- Done invoking toplevel() on ptolemy.moml.MoMLSimpleApplication@4777f5b1
reloadAllAccessors: .SingleRefinement

===========================================================================================
----------------- testing Wed Mar 04 08:44:44 UTC 2020 /home/travis/build/icyphy/ptII/ptolemy/domains/continuous/test/auto/SinuBouncingBall.xml
----------------- Instantiating /home/travis/build/icyphy/ptII/ptolemy/domains/continuous/test/auto/SinuBouncingBall.xml
789 ms. Memory: 324608K Free: 125781K (39%)
----------------- Invoking toplevel() on ptolemy.moml.MoMLSimpleApplication@51de2def
----------------- Done invoking toplevel() on ptolemy.moml.MoMLSimpleApplication@51de2def
reloadAllAccessors: .SinuBouncingBall

===========================================================================================
----------------- testing Wed Mar 04 08:44:45 UTC 2020 /home/travis/build/icyphy/ptII/ptolemy/domains/continuous/test/auto/Sinusoid.xml
----------------- Instantiating /home/travis/build/icyphy/ptII/ptolemy/domains/continuous/test/auto/Sinusoid.xml
4 ms. Memory: 324608K Free: 121459K (37%)
----------------- Invoking toplevel() on ptolemy.moml.MoMLSimpleApplication@780680c0
----------------- Done invoking toplevel() on ptolemy.moml.MoMLSimpleApplication@780680c0
reloadAllAccessors: .Sinusoid

===========================================================================================
----------------- testing Wed Mar 04 08:44:45 UTC 2020 /home/travis/build/icyphy/ptII/ptolemy/domains/continuous/test/auto/SinusoidInNoise.xml
----------------- Instantiating /home/travis/build/icyphy/ptII/ptolemy/domains/continuous/test/auto/SinusoidInNoise.xml
753 ms. Memory: 324608K Free: 181075K (56%)
----------------- Invoking toplevel() on ptolemy.moml.MoMLSimpleApplication@7548faa9
----------------- Done invoking toplevel() on ptolemy.moml.MoMLSimpleApplication@7548faa9
reloadAllAccessors: .SinusoidInNoise

===========================================================================================
----------------- testing Wed Mar 04 08:44:45 UTC 2020 /home/travis/build/icyphy/ptII/ptolemy/domains/continuous/test/auto/SinusoidRK45.xml
----------------- Instantiating /home/travis/build/icyphy/ptII/ptolemy/domains/continuous/test/auto/SinusoidRK45.xml
2 ms. Memory: 324608K Free: 176979K (55%)
----------------- Invoking toplevel() on ptolemy.moml.MoMLSimpleApplication@7dcda8a5
----------------- Done invoking toplevel() on ptolemy.moml.MoMLSimpleApplication@7dcda8a5
reloadAllAccessors: .SinusoidRK45

===========================================================================================
----------------- testing Wed Mar 04 08:44:45 UTC 2020 /home/travis/build/icyphy/ptII/ptolemy/domains/continuous/test/auto/SinusoidWithMultipleImpulses.xml
----------------- Instantiating /home/travis/build/icyphy/ptII/ptolemy/domains/continuous/test/auto/SinusoidWithMultipleImpulses.xml
3 ms. Memory: 324608K Free: 172369K (53%)
----------------- Invoking toplevel() on ptolemy.moml.MoMLSimpleApplication@75d7ea7d
----------------- Done invoking toplevel() on ptolemy.moml.MoMLSimpleApplication@75d7ea7d
reloadAllAccessors: .SinusoidWithMultipleImpulses

===========================================================================================
----------------- testing Wed Mar 04 08:44:45 UTC 2020 /home/travis/build/icyphy/ptII/ptolemy/domains/continuous/test/auto/SquareWave.xml
----------------- Instantiating /home/travis/build/icyphy/ptII/ptolemy/domains/continuous/test/auto/SquareWave.xml
142 ms. Memory: 324608K Free: 144721K (45%)
----------------- Invoking toplevel() on ptolemy.moml.MoMLSimpleApplication@2841008f
----------------- Done invoking toplevel() on ptolemy.moml.MoMLSimpleApplication@2841008f
reloadAllAccessors: .SquareWave

===========================================================================================
----------------- testing Wed Mar 04 08:44:46 UTC 2020 /home/travis/build/icyphy/ptII/ptolemy/domains/continuous/test/auto/Starmac.xml
----------------- Instantiating /home/travis/build/icyphy/ptII/ptolemy/domains/continuous/test/auto/Starmac.xml
3067 ms. Memory: 324608K Free: 214553K (66%)
----------------- Invoking toplevel() on ptolemy.moml.MoMLSimpleApplication@3b96dee7
----------------- Done invoking toplevel() on ptolemy.moml.MoMLSimpleApplication@3b96dee7
reloadAllAccessors: .Starmac

===========================================================================================
----------------- testing Wed Mar 04 08:44:49 UTC 2020 /home/travis/build/icyphy/ptII/ptolemy/domains/continuous/test/auto/StaticUnits.xml
----------------- Instantiating /home/travis/build/icyphy/ptII/ptolemy/domains/continuous/test/auto/StaticUnits.xml
1826 ms. Memory: 324608K Free: 135642K (42%)
----------------- Invoking toplevel() on ptolemy.moml.MoMLSimpleApplication@4734371e
----------------- Done invoking toplevel() on ptolemy.moml.MoMLSimpleApplication@4734371e
reloadAllAccessors: .StaticUnits

===========================================================================================
----------------- testing Wed Mar 04 08:44:51 UTC 2020 /home/travis/build/icyphy/ptII/ptolemy/domains/continuous/test/auto/StickyMasses.xml
----------------- Instantiating /home/travis/build/icyphy/ptII/ptolemy/domains/continuous/test/auto/StickyMasses.xml
139 ms. Memory: 324608K Free: 274757K (85%)
----------------- Invoking toplevel() on ptolemy.moml.MoMLSimpleApplication@186776d0
----------------- Done invoking toplevel() on ptolemy.moml.MoMLSimpleApplication@186776d0
reloadAllAccessors: .StickyMasses

===========================================================================================
----------------- testing Wed Mar 04 08:44:52 UTC 2020 /home/travis/build/icyphy/ptII/ptolemy/domains/continuous/test/auto/StopTime.xml
----------------- Instantiating /home/travis/build/icyphy/ptII/ptolemy/domains/continuous/test/auto/StopTime.xml
38 ms. Memory: 324608K Free: 249736K (77%)
----------------- Invoking toplevel() on ptolemy.moml.MoMLSimpleApplication@1c62e2d6
----------------- Done invoking toplevel() on ptolemy.moml.MoMLSimpleApplication@1c62e2d6
reloadAllAccessors: .StopTime

===========================================================================================
----------------- testing Wed Mar 04 08:44:52 UTC 2020 /home/travis/build/icyphy/ptII/ptolemy/domains/continuous/test/auto/StopTime2.xml
----------------- Instantiating /home/travis/build/icyphy/ptII/ptolemy/domains/continuous/test/auto/StopTime2.xml
34 ms. Memory: 324608K Free: 227704K (70%)
----------------- Invoking toplevel() on ptolemy.moml.MoMLSimpleApplication@61a6d755
----------------- Done invoking toplevel() on ptolemy.moml.MoMLSimpleApplication@61a6d755
reloadAllAccessors: .StopTime2

===========================================================================================
----------------- testing Wed Mar 04 08:44:52 UTC 2020 /home/travis/build/icyphy/ptII/ptolemy/domains/continuous/test/auto/Switch.xml
----------------- Instantiating /home/travis/build/icyphy/ptII/ptolemy/domains/continuous/test/auto/Switch.xml
38 ms. Memory: 324608K Free: 202632K (62%)
----------------- Invoking toplevel() on ptolemy.moml.MoMLSimpleApplication@59fdf2e5
----------------- Done invoking toplevel() on ptolemy.moml.MoMLSimpleApplication@59fdf2e5
reloadAllAccessors: .Switch

===========================================================================================
----------------- testing Wed Mar 04 08:44:52 UTC 2020 /home/travis/build/icyphy/ptII/ptolemy/domains/continuous/test/auto/Thermostat.xml
----------------- Instantiating /home/travis/build/icyphy/ptII/ptolemy/domains/continuous/test/auto/Thermostat.xml
166 ms. Memory: 324608K Free: 130438K (40%)
----------------- Invoking toplevel() on ptolemy.moml.MoMLSimpleApplication@653518f9
----------------- Done invoking toplevel() on ptolemy.moml.MoMLSimpleApplication@653518f9
reloadAllAccessors: .Thermostat

===========================================================================================
----------------- testing Wed Mar 04 08:44:52 UTC 2020 /home/travis/build/icyphy/ptII/ptolemy/domains/continuous/test/auto/TimeDelay.xml
----------------- Instantiating /home/travis/build/icyphy/ptII/ptolemy/domains/continuous/test/auto/TimeDelay.xml
4 ms. Memory: 324608K Free: 125312K (39%)
----------------- Invoking toplevel() on ptolemy.moml.MoMLSimpleApplication@1fc8a7b5
----------------- Done invoking toplevel() on ptolemy.moml.MoMLSimpleApplication@1fc8a7b5
reloadAllAccessors: .TimeDelay

===========================================================================================
----------------- testing Wed Mar 04 08:44:52 UTC 2020 /home/travis/build/icyphy/ptII/ptolemy/domains/continuous/test/auto/TimeDelay2.xml
----------------- Instantiating /home/travis/build/icyphy/ptII/ptolemy/domains/continuous/test/auto/TimeDelay2.xml
7 ms. Memory: 324608K Free: 115078K (35%)
----------------- Invoking toplevel() on ptolemy.moml.MoMLSimpleApplication@6badbb03
----------------- Done invoking toplevel() on ptolemy.moml.MoMLSimpleApplication@6badbb03
reloadAllAccessors: .TimeDelay2

===========================================================================================
----------------- testing Wed Mar 04 08:44:52 UTC 2020 /home/travis/build/icyphy/ptII/ptolemy/domains/continuous/test/auto/TimeDelay3.xml
----------------- Instantiating /home/travis/build/icyphy/ptII/ptolemy/domains/continuous/test/auto/TimeDelay3.xml
4 ms. Memory: 324608K Free: 299392K (92%)
----------------- Invoking toplevel() on ptolemy.moml.MoMLSimpleApplication@7c709b43
----------------- Done invoking toplevel() on ptolemy.moml.MoMLSimpleApplication@7c709b43
reloadAllAccessors: .TimeDelay3

===========================================================================================
----------------- testing Wed Mar 04 08:44:52 UTC 2020 /home/travis/build/icyphy/ptII/ptolemy/domains/continuous/test/auto/TransferAbsentToInside.xml
----------------- Instantiating /home/travis/build/icyphy/ptII/ptolemy/domains/continuous/test/auto/TransferAbsentToInside.xml
26 ms. Memory: 324608K Free: 246642K (76%)
----------------- Invoking toplevel() on ptolemy.moml.MoMLSimpleApplication@5464b6a5
----------------- Done invoking toplevel() on ptolemy.moml.MoMLSimpleApplication@5464b6a5
reloadAllAccessors: .TransferAbsentToInside

===========================================================================================
----------------- testing Wed Mar 04 08:44:52 UTC 2020 /home/travis/build/icyphy/ptII/ptolemy/domains/continuous/test/auto/Transmission.xml
----------------- Instantiating /home/travis/build/icyphy/ptII/ptolemy/domains/continuous/test/auto/Transmission.xml
725 ms. Memory: 324608K Free: 204156K (63%)
----------------- Invoking toplevel() on ptolemy.moml.MoMLSimpleApplication@52fa75df
----------------- Done invoking toplevel() on ptolemy.moml.MoMLSimpleApplication@52fa75df
reloadAllAccessors: .Transmission

===========================================================================================
----------------- testing Wed Mar 04 08:44:53 UTC 2020 /home/travis/build/icyphy/ptII/ptolemy/domains/continuous/test/auto/TriggeredContinuousClock.xml
----------------- Instantiating /home/travis/build/icyphy/ptII/ptolemy/domains/continuous/test/auto/TriggeredContinuousClock.xml
36 ms. Memory: 324608K Free: 174429K (54%)
----------------- Invoking toplevel() on ptolemy.moml.MoMLSimpleApplication@371b047c
----------------- Done invoking toplevel() on ptolemy.moml.MoMLSimpleApplication@371b047c
reloadAllAccessors: .TriggeredContinuousClock

===========================================================================================
----------------- testing Wed Mar 04 08:44:53 UTC 2020 /home/travis/build/icyphy/ptII/ptolemy/domains/continuous/test/auto/TwoMachineInfiniteBusControl.xml
----------------- Instantiating /home/travis/build/icyphy/ptII/ptolemy/domains/continuous/test/auto/TwoMachineInfiniteBusControl.xml
2908 ms. Memory: 390144K Free: 318304K (82%)
----------------- Invoking toplevel() on ptolemy.moml.MoMLSimpleApplication@73b6cf17
----------------- Done invoking toplevel() on ptolemy.moml.MoMLSimpleApplication@73b6cf17
reloadAllAccessors: .TwoMachineInfiniteBusControl

===========================================================================================
----------------- testing Wed Mar 04 08:44:56 UTC 2020 /home/travis/build/icyphy/ptII/ptolemy/domains/continuous/test/auto/V2V.xml
----------------- Instantiating /home/travis/build/icyphy/ptII/ptolemy/domains/continuous/test/auto/V2V.xml
770 ms. Memory: 390144K Free: 358173K (92%)
----------------- Invoking toplevel() on ptolemy.moml.MoMLSimpleApplication@26ff9e13
----------------- Done invoking toplevel() on ptolemy.moml.MoMLSimpleApplication@26ff9e13
reloadAllAccessors: .V2V

===========================================================================================
----------------- testing Wed Mar 04 08:44:57 UTC 2020 /home/travis/build/icyphy/ptII/ptolemy/domains/continuous/test/auto/hierarchicalModalModel.xml
----------------- Instantiating /home/travis/build/icyphy/ptII/ptolemy/domains/continuous/test/auto/hierarchicalModalModel.xml
8 ms. Memory: 390144K Free: 343358K (88%)
----------------- Invoking toplevel() on ptolemy.moml.MoMLSimpleApplication@73769e7c
----------------- Done invoking toplevel() on ptolemy.moml.MoMLSimpleApplication@73769e7c
reloadAllAccessors: .hierarchicalModalModel

===========================================================================================
----------------- testing Wed Mar 04 08:44:57 UTC 2020 /home/travis/build/icyphy/ptII/ptolemy/domains/continuous/test/auto/hierarchicalModalModel1.xml
----------------- Instantiating /home/travis/build/icyphy/ptII/ptolemy/domains/continuous/test/auto/hierarchicalModalModel1.xml
7 ms. Memory: 390144K Free: 329022K (84%)
----------------- Invoking toplevel() on ptolemy.moml.MoMLSimpleApplication@6382cbd0
----------------- Done invoking toplevel() on ptolemy.moml.MoMLSimpleApplication@6382cbd0
reloadAllAccessors: .hierarchicalModalModel1

===========================================================================================
----------------- testing Wed Mar 04 08:44:57 UTC 2020 /home/travis/build/icyphy/ptII/ptolemy/domains/continuous/test/auto/hierarchicalModalModel2.xml
----------------- Instantiating /home/travis/build/icyphy/ptII/ptolemy/domains/continuous/test/auto/hierarchicalModalModel2.xml
6 ms. Memory: 390144K Free: 316734K (81%)
----------------- Invoking toplevel() on ptolemy.moml.MoMLSimpleApplication@44a8a1d3
----------------- Done invoking toplevel() on ptolemy.moml.MoMLSimpleApplication@44a8a1d3
reloadAllAccessors: .hierarchicalModalModel2

===========================================================================================
----------------- testing Wed Mar 04 08:44:57 UTC 2020 /home/travis/build/icyphy/ptII/ptolemy/domains/continuous/test/auto/hierarchicalModalModel3.xml
----------------- Instantiating /home/travis/build/icyphy/ptII/ptolemy/domains/continuous/test/auto/hierarchicalModalModel3.xml
6 ms. Memory: 390144K Free: 305980K (78%)
----------------- Invoking toplevel() on ptolemy.moml.MoMLSimpleApplication@5274c9ce
----------------- Done invoking toplevel() on ptolemy.moml.MoMLSimpleApplication@5274c9ce
reloadAllAccessors: .hierarchicalModalModel3

===========================================================================================
----------------- testing Wed Mar 04 08:44:57 UTC 2020 /home/travis/build/icyphy/ptII/ptolemy/domains/continuous/test/auto/hierarchicalModalModel4.xml
----------------- Instantiating /home/travis/build/icyphy/ptII/ptolemy/domains/continuous/test/auto/hierarchicalModalModel4.xml
5 ms. Memory: 390144K Free: 294206K (75%)
----------------- Invoking toplevel() on ptolemy.moml.MoMLSimpleApplication@6aa6461
----------------- Done invoking toplevel() on ptolemy.moml.MoMLSimpleApplication@6aa6461
reloadAllAccessors: .hierarchicalModalModel4

===========================================================================================
----------------- testing Wed Mar 04 08:44:57 UTC 2020 /home/travis/build/icyphy/ptII/ptolemy/domains/continuous/test/auto/junk.xml
----------------- Instantiating /home/travis/build/icyphy/ptII/ptolemy/domains/continuous/test/auto/junk.xml
113 ms. Memory: 390144K Free: 269630K (69%)
----------------- Invoking toplevel() on ptolemy.moml.MoMLSimpleApplication@4e1561fc
----------------- Done invoking toplevel() on ptolemy.moml.MoMLSimpleApplication@4e1561fc
reloadAllAccessors: .junk
AutoTests.java: About to close Vertx.
AutoTests.java: Vertx closed.
]]></system-out>
  <system-err><![CDATA[Warning: '.Poisson.NonStrictTest' The test produced only 400 tokens, yet the correctValues parameter was expecting 430 tokens.
]]></system-err>
</testsuite>
