<?xml version="1.0" encoding="UTF-8" ?>
<testsuite errors="0" failures="0" hostname="travis-job-467a7755-0cf7-440e-9be0-20ebe0d925a3" name="ptolemy.domains.sdf.test.junit.JUnitTclTest" skipped="0" tests="66" time="20.848" timestamp="2018-09-22T02:19:22">
  <properties>
[...]
</properties>
  <testcase classname="ptolemy.util.test.junit.TclTests" name="[0] /home/travis/build/icyphy/ptII/ptolemy/domains/sdf/test/SDFSchedulerErrors.tcl (RunTclFile)" time="0.724" />
  <testcase classname="ptolemy.util.test.junit.TclTests" name="[1] /home/travis/build/icyphy/ptII/ptolemy/domains/sdf/test/composition.tcl (RunTclFile)" time="0.205" />
  <testcase classname="ptolemy.util.test.junit.TclTests" name="[2] /home/travis/build/icyphy/ptII/ptolemy/domains/sdf/test/cycle.tcl (RunTclFile)" time="0.056" />
  <testcase classname="ptolemy.util.test.junit.AutoKnownFailedTests" name="[0] ThereAreNoKnowFailedTests (RunModel)" time="0.001" />
  <testcase classname="ptolemy.util.test.junit.AutoNameArchTests" name="[0] ThereAreNoAutoArchTests (RunModel)" time="0.001" />
  <testcase classname="ptolemy.util.test.junit.AutoTests" name="[0] /home/travis/build/icyphy/ptII/ptolemy/domains/sdf/test/auto/Array.xml (RunModel)" time="0.211" />
  <testcase classname="ptolemy.util.test.junit.AutoTests" name="[1] /home/travis/build/icyphy/ptII/ptolemy/domains/sdf/test/auto/Butterfly.xml (RunModel)" time="0.201" />
  <testcase classname="ptolemy.util.test.junit.AutoTests" name="[2] /home/travis/build/icyphy/ptII/ptolemy/domains/sdf/test/auto/Expression.xml (RunModel)" time="0.133" />
  <testcase classname="ptolemy.util.test.junit.AutoTests" name="[3] /home/travis/build/icyphy/ptII/ptolemy/domains/sdf/test/auto/Eye.xml (RunModel)" time="0.355" />
  <testcase classname="ptolemy.util.test.junit.AutoTests" name="[4] /home/travis/build/icyphy/ptII/ptolemy/domains/sdf/test/auto/FixFIR.xml (RunModel)" time="0.371" />
  <testcase classname="ptolemy.util.test.junit.AutoTests" name="[5] /home/travis/build/icyphy/ptII/ptolemy/domains/sdf/test/auto/FixPoint.xml (RunModel)" time="0.035" />
  <testcase classname="ptolemy.util.test.junit.AutoTests" name="[6] /home/travis/build/icyphy/ptII/ptolemy/domains/sdf/test/auto/Gravitation.xml (RunModel)" time="3.303" />
  <testcase classname="ptolemy.util.test.junit.AutoTests" name="[7] /home/travis/build/icyphy/ptII/ptolemy/domains/sdf/test/auto/GravitationWithCollisionDetection.xml (RunModel)" time="6.666" />
  <testcase classname="ptolemy.util.test.junit.AutoTests" name="[8] /home/travis/build/icyphy/ptII/ptolemy/domains/sdf/test/auto/HDF.xml (RunModel)" time="0.102" />
  <testcase classname="ptolemy.util.test.junit.AutoTests" name="[9] /home/travis/build/icyphy/ptII/ptolemy/domains/sdf/test/auto/HDFwithTransientStates.xml (RunModel)" time="0.113" />
  <testcase classname="ptolemy.util.test.junit.AutoTests" name="[10] /home/travis/build/icyphy/ptII/ptolemy/domains/sdf/test/auto/HTVQ.xml (RunModel)" time="0.926" />
  <testcase classname="ptolemy.util.test.junit.AutoTests" name="[11] /home/travis/build/icyphy/ptII/ptolemy/domains/sdf/test/auto/InferInitProduction.xml (RunModel)" time="0.037" />
  <testcase classname="ptolemy.util.test.junit.AutoTests" name="[12] /home/travis/build/icyphy/ptII/ptolemy/domains/sdf/test/auto/InferInitProductionDeeper.xml (RunModel)" time="0.04" />
  <testcase classname="ptolemy.util.test.junit.AutoTests" name="[13] /home/travis/build/icyphy/ptII/ptolemy/domains/sdf/test/auto/LMSAdaptive.xml (RunModel)" time="0.081" />
  <testcase classname="ptolemy.util.test.junit.AutoTests" name="[14] /home/travis/build/icyphy/ptII/ptolemy/domains/sdf/test/auto/LogisticMap.xml (RunModel)" time="0.475" />
  <testcase classname="ptolemy.util.test.junit.AutoTests" name="[15] /home/travis/build/icyphy/ptII/ptolemy/domains/sdf/test/auto/MaximumEntropySpectrum.xml (RunModel)" time="0.313" />
  <testcase classname="ptolemy.util.test.junit.AutoTests" name="[16] /home/travis/build/icyphy/ptII/ptolemy/domains/sdf/test/auto/MultirateSDF.xml (RunModel)" time="0.066" />
  <testcase classname="ptolemy.util.test.junit.AutoTests" name="[17] /home/travis/build/icyphy/ptII/ptolemy/domains/sdf/test/auto/MultirateSDFwithTransientStates.xml (RunModel)" time="0.089" />
  <testcase classname="ptolemy.util.test.junit.AutoTests" name="[18] /home/travis/build/icyphy/ptII/ptolemy/domains/sdf/test/auto/NoisySinewave.xml (RunModel)" time="0.077" />
  <testcase classname="ptolemy.util.test.junit.AutoTests" name="[19] /home/travis/build/icyphy/ptII/ptolemy/domains/sdf/test/auto/Objects.xml (RunModel)" time="0.069" />
  <testcase classname="ptolemy.util.test.junit.AutoTests" name="[20] /home/travis/build/icyphy/ptII/ptolemy/domains/sdf/test/auto/OrthogonalCom.xml (RunModel)" time="0.049" />
  <testcase classname="ptolemy.util.test.junit.AutoTests" name="[21] /home/travis/build/icyphy/ptII/ptolemy/domains/sdf/test/auto/RijndaelEncryption.xml (RunModel)" time="0.586" />
  <testcase classname="ptolemy.util.test.junit.AutoTests" name="[22] /home/travis/build/icyphy/ptII/ptolemy/domains/sdf/test/auto/SDFEmptyIterations.xml (RunModel)" time="0.025" />
  <testcase classname="ptolemy.util.test.junit.AutoTests" name="[23] /home/travis/build/icyphy/ptII/ptolemy/domains/sdf/test/auto/Spectrum.xml (RunModel)" time="0.077" />
  <testcase classname="ptolemy.util.test.junit.AutoTests" name="[24] /home/travis/build/icyphy/ptII/ptolemy/domains/sdf/test/auto/de_inside_sdf.xml (RunModel)" time="0.032" />
  <testcase classname="ptolemy.util.test.junit.AutoTests" name="[25] /home/travis/build/icyphy/ptII/ptolemy/domains/sdf/test/auto/disconnectedHierarchicalSDF.xml (RunModel)" time="0.025" />
  <testcase classname="ptolemy.util.test.junit.AutoTests" name="[26] /home/travis/build/icyphy/ptII/ptolemy/domains/sdf/test/auto/disconnectedSDF.xml (RunModel)" time="0.027" />
  <testcase classname="ptolemy.util.test.junit.AutoTests" name="[27] /home/travis/build/icyphy/ptII/ptolemy/domains/sdf/test/auto/emptyRefinement.xml (RunModel)" time="0.03" />
  <testcase classname="ptolemy.util.test.junit.AutoTests" name="[28] /home/travis/build/icyphy/ptII/ptolemy/domains/sdf/test/auto/filePortParameter.xml (RunModel)" time="0.054" />
  <testcase classname="ptolemy.util.test.junit.AutoTests" name="[29] /home/travis/build/icyphy/ptII/ptolemy/domains/sdf/test/auto/inferRelationWidth1.xml (RunModel)" time="0.018" />
  <testcase classname="ptolemy.util.test.junit.AutoTests" name="[30] /home/travis/build/icyphy/ptII/ptolemy/domains/sdf/test/auto/initProductionInference.xml (RunModel)" time="0.026" />
  <testcase classname="ptolemy.util.test.junit.AutoTests" name="[31] /home/travis/build/icyphy/ptII/ptolemy/domains/sdf/test/auto/relationGroup.xml (RunModel)" time="0.02" />
  <testcase classname="ptolemy.util.test.junit.AutoTests" name="[32] /home/travis/build/icyphy/ptII/ptolemy/domains/sdf/test/auto/relationGroup10.xml (RunModel)" time="0.018" />
  <testcase classname="ptolemy.util.test.junit.AutoTests" name="[33] /home/travis/build/icyphy/ptII/ptolemy/domains/sdf/test/auto/relationGroup11.xml (RunModel)" time="0.021" />
  <testcase classname="ptolemy.util.test.junit.AutoTests" name="[34] /home/travis/build/icyphy/ptII/ptolemy/domains/sdf/test/auto/relationGroup12.xml (RunModel)" time="0.018" />
  <testcase classname="ptolemy.util.test.junit.AutoTests" name="[35] /home/travis/build/icyphy/ptII/ptolemy/domains/sdf/test/auto/relationGroup13.xml (RunModel)" time="0.039" />
  <testcase classname="ptolemy.util.test.junit.AutoTests" name="[36] /home/travis/build/icyphy/ptII/ptolemy/domains/sdf/test/auto/relationGroup14.xml (RunModel)" time="0.026" />
  <testcase classname="ptolemy.util.test.junit.AutoTests" name="[37] /home/travis/build/icyphy/ptII/ptolemy/domains/sdf/test/auto/relationGroup15.xml (RunModel)" time="0.016" />
  <testcase classname="ptolemy.util.test.junit.AutoTests" name="[38] /home/travis/build/icyphy/ptII/ptolemy/domains/sdf/test/auto/relationGroup2.xml (RunModel)" time="0.016" />
  <testcase classname="ptolemy.util.test.junit.AutoTests" name="[39] /home/travis/build/icyphy/ptII/ptolemy/domains/sdf/test/auto/relationGroup3.xml (RunModel)" time="0.016" />
  <testcase classname="ptolemy.util.test.junit.AutoTests" name="[40] /home/travis/build/icyphy/ptII/ptolemy/domains/sdf/test/auto/relationGroup4.xml (RunModel)" time="0.025" />
  <testcase classname="ptolemy.util.test.junit.AutoTests" name="[41] /home/travis/build/icyphy/ptII/ptolemy/domains/sdf/test/auto/relationGroup5.xml (RunModel)" time="0.025" />
  <testcase classname="ptolemy.util.test.junit.AutoTests" name="[42] /home/travis/build/icyphy/ptII/ptolemy/domains/sdf/test/auto/relationGroup6.xml (RunModel)" time="0.021" />
  <testcase classname="ptolemy.util.test.junit.AutoTests" name="[43] /home/travis/build/icyphy/ptII/ptolemy/domains/sdf/test/auto/relationGroup7.xml (RunModel)" time="0.014" />
  <testcase classname="ptolemy.util.test.junit.AutoTests" name="[44] /home/travis/build/icyphy/ptII/ptolemy/domains/sdf/test/auto/relationGroup8.xml (RunModel)" time="0.013" />
  <testcase classname="ptolemy.util.test.junit.AutoTests" name="[45] /home/travis/build/icyphy/ptII/ptolemy/domains/sdf/test/auto/relationGroup9.xml (RunModel)" time="0.029" />
  <testcase classname="ptolemy.util.test.junit.AutoTests" name="[46] /home/travis/build/icyphy/ptII/ptolemy/domains/sdf/test/auto/sdf_inside_de.xml (RunModel)" time="0.057" />
  <testcase classname="ptolemy.util.test.junit.AutoTests" name="[47] /home/travis/build/icyphy/ptII/ptolemy/domains/sdf/test/auto/sdf_inside_pn.xml (RunModel)" time="0.049" />
  <testcase classname="ptolemy.util.test.junit.AutoTests" name="[48] /home/travis/build/icyphy/ptII/ptolemy/domains/sdf/test/auto/sdf_sdf1.xml (RunModel)" time="0.028" />
  <testcase classname="ptolemy.util.test.junit.AutoTests" name="[49] /home/travis/build/icyphy/ptII/ptolemy/domains/sdf/test/auto/test1.xml (RunModel)" time="0.018" />
  <testcase classname="ptolemy.util.test.junit.AutoTests" name="[50] /home/travis/build/icyphy/ptII/ptolemy/domains/sdf/test/auto/time1.xml (RunModel)" time="0.009" />
  <testcase classname="ptolemy.util.test.junit.AutoTests" name="[51] /home/travis/build/icyphy/ptII/ptolemy/domains/sdf/test/auto/time2.xml (RunModel)" time="0.014" />
  <testcase classname="ptolemy.util.test.junit.AutoTests" name="[52] /home/travis/build/icyphy/ptII/ptolemy/domains/sdf/test/auto/time3.xml (RunModel)" time="0.022" />
  <testcase classname="ptolemy.util.test.junit.AutoTests" name="[53] /home/travis/build/icyphy/ptII/ptolemy/domains/sdf/test/auto/time4.xml (RunModel)" time="0.02" />
  <testcase classname="ptolemy.util.test.junit.AutoTests" name="[54] /home/travis/build/icyphy/ptII/ptolemy/domains/sdf/test/auto/time5.xml (RunModel)" time="4.009" />
  <testcase classname="ptolemy.util.test.junit.AutoTests" name="[55] /home/travis/build/icyphy/ptII/ptolemy/domains/sdf/test/auto/typeSystem_Const_Integer_smallest_Type.xml (RunModel)" time="0.032" />
  <testcase classname="ptolemy.util.test.junit.AutoTests" name="[56] /home/travis/build/icyphy/ptII/ptolemy/domains/sdf/test/auto/typeSystem_declared_Inports_OutportTypeException.xml (RunModel)" time="0.02" />
  <testcase classname="ptolemy.util.test.junit.AutoTests" name="[57] /home/travis/build/icyphy/ptII/ptolemy/domains/sdf/test/auto/typeSystem_oneDeclaredInportType_wrongTypeOutport.xml (RunModel)" time="0.023" />
  <testcase classname="ptolemy.util.test.junit.AutoTests" name="[58] /home/travis/build/icyphy/ptII/ptolemy/domains/sdf/test/auto/width.xml (RunModel)" time="0.012" />
  <testcase classname="ptolemy.util.test.junit.AutoTests" name="[59] /home/travis/build/icyphy/ptII/ptolemy/domains/sdf/test/auto/width2.xml (RunModel)" time="0.038" />
  <testcase classname="ptolemy.util.test.junit.AutoTests" name="[60] /home/travis/build/icyphy/ptII/ptolemy/domains/sdf/test/auto/width3.xml (RunModel)" time="0.042" />
  <system-out><![CDATA[/home/travis/build/icyphy/ptII/ptolemy/domains/sdf/test/SDFSchedulerErrors.tcl
testDefs.tcl: setting time out to 9000 seconds at Sat Sep 22 02:19:22 UTC 2018
17 ms. Memory: 116224K Free: 105538K (91%)
7 ms. Memory: 116224K Free: 98409K (85%)
4 ms. Memory: 116224K Free: 91392K (79%)
3 ms. Memory: 116224K Free: 88312K (76%)
/home/travis/build/icyphy/ptII/ptolemy/domains/sdf/test/composition.tcl
31 ms. Memory: 116224K Free: 84682K (73%)
7 ms. Memory: 116224K Free: 82847K (71%)
/home/travis/build/icyphy/ptII/ptolemy/domains/sdf/test/cycle.tcl
.Toplevel.Director Preinitializing ...
Invoking preinitialize():  .Toplevel.Actor1
Invoking preinitialize():  .Toplevel.Actor2
Invoking preinitialize():  .Toplevel.Delay
.Toplevel.Director Finished preinitialize().
### Schedule:
Execute Schedule{
Fire Actor ptolemy.domains.sdf.kernel.test.SDFTestDelay {.Toplevel.Actor1}
Fire Actor ptolemy.domains.sdf.kernel.test.SDFTestDelay {.Toplevel.Actor2}
Fire Actor ptolemy.domains.sdf.lib.SampleDelay {.Toplevel.Delay}
}
### End schedule
Called initialize().
Invoking initialize():  .Toplevel.Actor1
Initializing actor: .Toplevel.Actor1.
Invoking initialize():  .Toplevel.Actor2
Initializing actor: .Toplevel.Actor2.
Invoking initialize():  .Toplevel.Delay
Initializing actor: .Toplevel.Delay.
Director: Called prefire().
-- Setting current time to 0.0
Director prefire returns true.
The actor .Toplevel.Actor1 will be iterated.
The actor .Toplevel.Actor1 was iterated.
The actor .Toplevel.Actor2 will be iterated.
The actor .Toplevel.Actor2 was iterated.
The actor .Toplevel.Delay will be iterated.
The actor .Toplevel.Delay was iterated.
Director: Called postfire().
Postfire returns: true
Director: Called prefire().
-- Setting current time to 0.0
Director prefire returns true.
The actor .Toplevel.Actor1 will be iterated.
The actor .Toplevel.Actor1 was iterated.
The actor .Toplevel.Actor2 will be iterated.
The actor .Toplevel.Actor2 was iterated.
The actor .Toplevel.Delay will be iterated.
The actor .Toplevel.Delay was iterated.
Director: Called postfire().
Postfire returns: true
Director: Called prefire().
-- Setting current time to 0.0
Director prefire returns true.
The actor .Toplevel.Actor1 will be iterated.
The actor .Toplevel.Actor1 was iterated.
The actor .Toplevel.Actor2 will be iterated.
The actor .Toplevel.Actor2 was iterated.
The actor .Toplevel.Delay will be iterated.
The actor .Toplevel.Delay was iterated.
Director: Called postfire().
Postfire returns: true
Director: Called prefire().
-- Setting current time to 0.0
Director prefire returns true.
The actor .Toplevel.Actor1 will be iterated.
The actor .Toplevel.Actor1 was iterated.
The actor .Toplevel.Actor2 will be iterated.
The actor .Toplevel.Actor2 was iterated.
The actor .Toplevel.Delay will be iterated.
The actor .Toplevel.Delay was iterated.
Director: Called postfire().
Postfire returns: true
Director: Called prefire().
-- Setting current time to 0.0
Director prefire returns true.
The actor .Toplevel.Actor1 will be iterated.
The actor .Toplevel.Actor1 was iterated.
The actor .Toplevel.Actor2 will be iterated.
The actor .Toplevel.Actor2 was iterated.
The actor .Toplevel.Delay will be iterated.
The actor .Toplevel.Delay was iterated.
Director: Called postfire().
Postfire returns: true
Director: Called prefire().
-- Setting current time to 0.0
Director prefire returns true.
The actor .Toplevel.Actor1 will be iterated.
The actor .Toplevel.Actor1 was iterated.
The actor .Toplevel.Actor2 will be iterated.
The actor .Toplevel.Actor2 was iterated.
The actor .Toplevel.Delay will be iterated.
The actor .Toplevel.Delay was iterated.
Reached specified number of iterations: 6
Director: Called wrapup().
36 ms. Memory: 146944K Free: 140687K (96%)
09/22/18 02:19:23
Failed: 0  Total Tests: 8  ((Passed: 8, Newly Passed: 0)  Known Failed: 0) /home/travis/build/icyphy/ptII/ptolemy/domains/sdf/test
No auto/knownFailedTests/*.xml tests in /home/travis/build/icyphy/ptII/ptolemy/domains/sdf/test
No auto/linux-amd64/*.xml tests in /home/travis/build/icyphy/ptII/ptolemy/domains/sdf/test
AutoTests.java: About to close Vertx.
AutoTests.java: Vertx closed.

===========================================================================================
----------------- testing Sat Sep 22 02:19:24 UTC 2018 /home/travis/build/icyphy/ptII/ptolemy/domains/sdf/test/auto/Array.xml
----------------- Instantiating /home/travis/build/icyphy/ptII/ptolemy/domains/sdf/test/auto/Array.xml
61 ms. Memory: 146944K Free: 101065K (69%)
----------------- Invoking toplevel() on ptolemy.moml.MoMLSimpleApplication@734e441a
----------------- Done invoking toplevel() on ptolemy.moml.MoMLSimpleApplication@734e441a
reloadAllAccessors: .Array

===========================================================================================
----------------- testing Sat Sep 22 02:19:24 UTC 2018 /home/travis/build/icyphy/ptII/ptolemy/domains/sdf/test/auto/Butterfly.xml
----------------- Instantiating /home/travis/build/icyphy/ptII/ptolemy/domains/sdf/test/auto/Butterfly.xml
123 ms. Memory: 146944K Free: 95517K (65%)
----------------- Invoking toplevel() on ptolemy.moml.MoMLSimpleApplication@b0adab
----------------- Done invoking toplevel() on ptolemy.moml.MoMLSimpleApplication@b0adab
reloadAllAccessors: .Butterfly

===========================================================================================
----------------- testing Sat Sep 22 02:19:24 UTC 2018 /home/travis/build/icyphy/ptII/ptolemy/domains/sdf/test/auto/Expression.xml
----------------- Instantiating /home/travis/build/icyphy/ptII/ptolemy/domains/sdf/test/auto/Expression.xml
73 ms. Memory: 146944K Free: 89452K (61%)
----------------- Invoking toplevel() on ptolemy.moml.MoMLSimpleApplication@75685877
----------------- Done invoking toplevel() on ptolemy.moml.MoMLSimpleApplication@75685877
reloadAllAccessors: .Expression

===========================================================================================
----------------- testing Sat Sep 22 02:19:24 UTC 2018 /home/travis/build/icyphy/ptII/ptolemy/domains/sdf/test/auto/Eye.xml
----------------- Instantiating /home/travis/build/icyphy/ptII/ptolemy/domains/sdf/test/auto/Eye.xml
207 ms. Memory: 146944K Free: 120375K (82%)
----------------- Invoking toplevel() on ptolemy.moml.MoMLSimpleApplication@43d279c8
----------------- Done invoking toplevel() on ptolemy.moml.MoMLSimpleApplication@43d279c8
reloadAllAccessors: .Eye

===========================================================================================
----------------- testing Sat Sep 22 02:19:24 UTC 2018 /home/travis/build/icyphy/ptII/ptolemy/domains/sdf/test/auto/FixFIR.xml
----------------- Instantiating /home/travis/build/icyphy/ptII/ptolemy/domains/sdf/test/auto/FixFIR.xml
174 ms. Memory: 146944K Free: 83959K (57%)
----------------- Invoking toplevel() on ptolemy.moml.MoMLSimpleApplication@37787d41
----------------- Done invoking toplevel() on ptolemy.moml.MoMLSimpleApplication@37787d41
reloadAllAccessors: .FixFIR

===========================================================================================
----------------- testing Sat Sep 22 02:19:25 UTC 2018 /home/travis/build/icyphy/ptII/ptolemy/domains/sdf/test/auto/FixPoint.xml
----------------- Instantiating /home/travis/build/icyphy/ptII/ptolemy/domains/sdf/test/auto/FixPoint.xml
13 ms. Memory: 146944K Free: 79405K (54%)
----------------- Invoking toplevel() on ptolemy.moml.MoMLSimpleApplication@5130666a
----------------- Done invoking toplevel() on ptolemy.moml.MoMLSimpleApplication@5130666a
reloadAllAccessors: .FixPoint

===========================================================================================
----------------- testing Sat Sep 22 02:19:25 UTC 2018 /home/travis/build/icyphy/ptII/ptolemy/domains/sdf/test/auto/Gravitation.xml
----------------- Instantiating /home/travis/build/icyphy/ptII/ptolemy/domains/sdf/test/auto/Gravitation.xml
3177 ms. Memory: 208384K Free: 106612K (51%)
----------------- Invoking toplevel() on ptolemy.moml.MoMLSimpleApplication@77252a2c
----------------- Done invoking toplevel() on ptolemy.moml.MoMLSimpleApplication@77252a2c
reloadAllAccessors: .Gravitation

===========================================================================================
----------------- testing Sat Sep 22 02:19:28 UTC 2018 /home/travis/build/icyphy/ptII/ptolemy/domains/sdf/test/auto/GravitationWithCollisionDetection.xml
----------------- Instantiating /home/travis/build/icyphy/ptII/ptolemy/domains/sdf/test/auto/GravitationWithCollisionDetection.xml
6446 ms. Memory: 873984K Free: 327405K (37%)
----------------- Invoking toplevel() on ptolemy.moml.MoMLSimpleApplication@45c881dd
----------------- Done invoking toplevel() on ptolemy.moml.MoMLSimpleApplication@45c881dd
reloadAllAccessors: .GravitationWithCollisionDetection

===========================================================================================
----------------- testing Sat Sep 22 02:19:35 UTC 2018 /home/travis/build/icyphy/ptII/ptolemy/domains/sdf/test/auto/HDF.xml
----------------- Instantiating /home/travis/build/icyphy/ptII/ptolemy/domains/sdf/test/auto/HDF.xml
51 ms. Memory: 873984K Free: 294324K (34%)
----------------- Invoking toplevel() on ptolemy.moml.MoMLSimpleApplication@715594a9
----------------- Done invoking toplevel() on ptolemy.moml.MoMLSimpleApplication@715594a9
reloadAllAccessors: .HDF

===========================================================================================
----------------- testing Sat Sep 22 02:19:35 UTC 2018 /home/travis/build/icyphy/ptII/ptolemy/domains/sdf/test/auto/HDFwithTransientStates.xml
----------------- Instantiating /home/travis/build/icyphy/ptII/ptolemy/domains/sdf/test/auto/HDFwithTransientStates.xml
27 ms. Memory: 873984K Free: 270746K (31%)
----------------- Invoking toplevel() on ptolemy.moml.MoMLSimpleApplication@737847e
----------------- Done invoking toplevel() on ptolemy.moml.MoMLSimpleApplication@737847e
reloadAllAccessors: .HDFwithTransientStates

===========================================================================================
----------------- testing Sat Sep 22 02:19:35 UTC 2018 /home/travis/build/icyphy/ptII/ptolemy/domains/sdf/test/auto/HTVQ.xml
----------------- Instantiating /home/travis/build/icyphy/ptII/ptolemy/domains/sdf/test/auto/HTVQ.xml
888 ms. Memory: 873984K Free: 97826K (11%)
----------------- Invoking toplevel() on ptolemy.moml.MoMLSimpleApplication@65c76e63
----------------- Done invoking toplevel() on ptolemy.moml.MoMLSimpleApplication@65c76e63
reloadAllAccessors: .HTVQ

===========================================================================================
----------------- testing Sat Sep 22 02:19:36 UTC 2018 /home/travis/build/icyphy/ptII/ptolemy/domains/sdf/test/auto/InferInitProduction.xml
----------------- Instantiating /home/travis/build/icyphy/ptII/ptolemy/domains/sdf/test/auto/InferInitProduction.xml
6 ms. Memory: 873984K Free: 82108K (9%)
----------------- Invoking toplevel() on ptolemy.moml.MoMLSimpleApplication@45bac7d1
----------------- Done invoking toplevel() on ptolemy.moml.MoMLSimpleApplication@45bac7d1
reloadAllAccessors: .InferInitProduction

===========================================================================================
----------------- testing Sat Sep 22 02:19:36 UTC 2018 /home/travis/build/icyphy/ptII/ptolemy/domains/sdf/test/auto/InferInitProductionDeeper.xml
----------------- Instantiating /home/travis/build/icyphy/ptII/ptolemy/domains/sdf/test/auto/InferInitProductionDeeper.xml
3 ms. Memory: 829952K Free: 808031K (97%)
----------------- Invoking toplevel() on ptolemy.moml.MoMLSimpleApplication@29392cb7
----------------- Done invoking toplevel() on ptolemy.moml.MoMLSimpleApplication@29392cb7
reloadAllAccessors: .InferInitProductionDeeper

===========================================================================================
----------------- testing Sat Sep 22 02:19:36 UTC 2018 /home/travis/build/icyphy/ptII/ptolemy/domains/sdf/test/auto/LMSAdaptive.xml
----------------- Instantiating /home/travis/build/icyphy/ptII/ptolemy/domains/sdf/test/auto/LMSAdaptive.xml
13 ms. Memory: 829952K Free: 782330K (94%)
----------------- Invoking toplevel() on ptolemy.moml.MoMLSimpleApplication@39feb435
----------------- Done invoking toplevel() on ptolemy.moml.MoMLSimpleApplication@39feb435
reloadAllAccessors: .LMSAdaptive

===========================================================================================
----------------- testing Sat Sep 22 02:19:36 UTC 2018 /home/travis/build/icyphy/ptII/ptolemy/domains/sdf/test/auto/LogisticMap.xml
----------------- Instantiating /home/travis/build/icyphy/ptII/ptolemy/domains/sdf/test/auto/LogisticMap.xml
437 ms. Memory: 829952K Free: 767359K (92%)
----------------- Invoking toplevel() on ptolemy.moml.MoMLSimpleApplication@3249dcc8
----------------- Done invoking toplevel() on ptolemy.moml.MoMLSimpleApplication@3249dcc8
reloadAllAccessors: .LogisticMap

===========================================================================================
----------------- testing Sat Sep 22 02:19:37 UTC 2018 /home/travis/build/icyphy/ptII/ptolemy/domains/sdf/test/auto/MaximumEntropySpectrum.xml
----------------- Instantiating /home/travis/build/icyphy/ptII/ptolemy/domains/sdf/test/auto/MaximumEntropySpectrum.xml
78 ms. Memory: 829952K Free: 692432K (83%)
----------------- Invoking toplevel() on ptolemy.moml.MoMLSimpleApplication@2120c953
----------------- Done invoking toplevel() on ptolemy.moml.MoMLSimpleApplication@2120c953
reloadAllAccessors: .MaximumEntropySpectrum

===========================================================================================
----------------- testing Sat Sep 22 02:19:37 UTC 2018 /home/travis/build/icyphy/ptII/ptolemy/domains/sdf/test/auto/MultirateSDF.xml
----------------- Instantiating /home/travis/build/icyphy/ptII/ptolemy/domains/sdf/test/auto/MultirateSDF.xml
22 ms. Memory: 829952K Free: 669959K (81%)
----------------- Invoking toplevel() on ptolemy.moml.MoMLSimpleApplication@4ea69bf6
----------------- Done invoking toplevel() on ptolemy.moml.MoMLSimpleApplication@4ea69bf6
reloadAllAccessors: .MultirateSDF

===========================================================================================
----------------- testing Sat Sep 22 02:19:37 UTC 2018 /home/travis/build/icyphy/ptII/ptolemy/domains/sdf/test/auto/MultirateSDFwithTransientStates.xml
----------------- Instantiating /home/travis/build/icyphy/ptII/ptolemy/domains/sdf/test/auto/MultirateSDFwithTransientStates.xml
18 ms. Memory: 829952K Free: 647487K (78%)
----------------- Invoking toplevel() on ptolemy.moml.MoMLSimpleApplication@689a66a6
----------------- Done invoking toplevel() on ptolemy.moml.MoMLSimpleApplication@689a66a6
reloadAllAccessors: .MultirateSDFwithTransientStates

===========================================================================================
----------------- testing Sat Sep 22 02:19:37 UTC 2018 /home/travis/build/icyphy/ptII/ptolemy/domains/sdf/test/auto/NoisySinewave.xml
----------------- Instantiating /home/travis/build/icyphy/ptII/ptolemy/domains/sdf/test/auto/NoisySinewave.xml
23 ms. Memory: 829952K Free: 625015K (75%)
----------------- Invoking toplevel() on ptolemy.moml.MoMLSimpleApplication@5e175017
----------------- Done invoking toplevel() on ptolemy.moml.MoMLSimpleApplication@5e175017
reloadAllAccessors: .NoisySinewave

===========================================================================================
----------------- testing Sat Sep 22 02:19:37 UTC 2018 /home/travis/build/icyphy/ptII/ptolemy/domains/sdf/test/auto/Objects.xml
----------------- Instantiating /home/travis/build/icyphy/ptII/ptolemy/domains/sdf/test/auto/Objects.xml
6 ms. Memory: 829952K Free: 602542K (73%)
----------------- Invoking toplevel() on ptolemy.moml.MoMLSimpleApplication@4407435a
----------------- Done invoking toplevel() on ptolemy.moml.MoMLSimpleApplication@4407435a
reloadAllAccessors: .Objects

===========================================================================================
----------------- testing Sat Sep 22 02:19:37 UTC 2018 /home/travis/build/icyphy/ptII/ptolemy/domains/sdf/test/auto/OrthogonalCom.xml
----------------- Instantiating /home/travis/build/icyphy/ptII/ptolemy/domains/sdf/test/auto/OrthogonalCom.xml
7 ms. Memory: 829952K Free: 587571K (71%)
----------------- Invoking toplevel() on ptolemy.moml.MoMLSimpleApplication@295c08a5
----------------- Done invoking toplevel() on ptolemy.moml.MoMLSimpleApplication@295c08a5
reloadAllAccessors: .OrthogonalCom

===========================================================================================
----------------- testing Sat Sep 22 02:19:37 UTC 2018 /home/travis/build/icyphy/ptII/ptolemy/domains/sdf/test/auto/RijndaelEncryption.xml
----------------- Instantiating /home/travis/build/icyphy/ptII/ptolemy/domains/sdf/test/auto/RijndaelEncryption.xml
286 ms. Memory: 829952K Free: 430209K (52%)
----------------- Invoking toplevel() on ptolemy.moml.MoMLSimpleApplication@3cbe339a
----------------- Done invoking toplevel() on ptolemy.moml.MoMLSimpleApplication@3cbe339a
reloadAllAccessors: .RijndaelEncryption

===========================================================================================
----------------- testing Sat Sep 22 02:19:38 UTC 2018 /home/travis/build/icyphy/ptII/ptolemy/domains/sdf/test/auto/SDFEmptyIterations.xml
----------------- Instantiating /home/travis/build/icyphy/ptII/ptolemy/domains/sdf/test/auto/SDFEmptyIterations.xml
5 ms. Memory: 829952K Free: 412232K (50%)
----------------- Invoking toplevel() on ptolemy.moml.MoMLSimpleApplication@2a20bdd0
----------------- Done invoking toplevel() on ptolemy.moml.MoMLSimpleApplication@2a20bdd0
reloadAllAccessors: .SDFEmptyIterations

===========================================================================================
----------------- testing Sat Sep 22 02:19:38 UTC 2018 /home/travis/build/icyphy/ptII/ptolemy/domains/sdf/test/auto/Spectrum.xml
----------------- Instantiating /home/travis/build/icyphy/ptII/ptolemy/domains/sdf/test/auto/Spectrum.xml
32 ms. Memory: 829952K Free: 389775K (47%)
----------------- Invoking toplevel() on ptolemy.moml.MoMLSimpleApplication@55fe902f
----------------- Done invoking toplevel() on ptolemy.moml.MoMLSimpleApplication@55fe902f
reloadAllAccessors: .Spectrum

===========================================================================================
----------------- testing Sat Sep 22 02:19:38 UTC 2018 /home/travis/build/icyphy/ptII/ptolemy/domains/sdf/test/auto/de_inside_sdf.xml
----------------- Instantiating /home/travis/build/icyphy/ptII/ptolemy/domains/sdf/test/auto/de_inside_sdf.xml
11 ms. Memory: 829952K Free: 374804K (45%)
----------------- Invoking toplevel() on ptolemy.moml.MoMLSimpleApplication@42a51882
----------------- Done invoking toplevel() on ptolemy.moml.MoMLSimpleApplication@42a51882
reloadAllAccessors: .de_inside_sdf

===========================================================================================
----------------- testing Sat Sep 22 02:19:38 UTC 2018 /home/travis/build/icyphy/ptII/ptolemy/domains/sdf/test/auto/disconnectedHierarchicalSDF.xml
----------------- Instantiating /home/travis/build/icyphy/ptII/ptolemy/domains/sdf/test/auto/disconnectedHierarchicalSDF.xml
4 ms. Memory: 829952K Free: 359833K (43%)
----------------- Invoking toplevel() on ptolemy.moml.MoMLSimpleApplication@da40960
----------------- Done invoking toplevel() on ptolemy.moml.MoMLSimpleApplication@da40960
reloadAllAccessors: .disconnectedHierarchicalSDF

===========================================================================================
----------------- testing Sat Sep 22 02:19:38 UTC 2018 /home/travis/build/icyphy/ptII/ptolemy/domains/sdf/test/auto/disconnectedSDF.xml
----------------- Instantiating /home/travis/build/icyphy/ptII/ptolemy/domains/sdf/test/auto/disconnectedSDF.xml
3 ms. Memory: 829952K Free: 344862K (42%)
----------------- Invoking toplevel() on ptolemy.moml.MoMLSimpleApplication@14c68417
----------------- Done invoking toplevel() on ptolemy.moml.MoMLSimpleApplication@14c68417
reloadAllAccessors: .disconnectedSDF

===========================================================================================
----------------- testing Sat Sep 22 02:19:38 UTC 2018 /home/travis/build/icyphy/ptII/ptolemy/domains/sdf/test/auto/emptyRefinement.xml
----------------- Instantiating /home/travis/build/icyphy/ptII/ptolemy/domains/sdf/test/auto/emptyRefinement.xml
4 ms. Memory: 829952K Free: 329892K (40%)
----------------- Invoking toplevel() on ptolemy.moml.MoMLSimpleApplication@1ae38ed4
----------------- Done invoking toplevel() on ptolemy.moml.MoMLSimpleApplication@1ae38ed4
reloadAllAccessors: .emptyRefinement

===========================================================================================
----------------- testing Sat Sep 22 02:19:38 UTC 2018 /home/travis/build/icyphy/ptII/ptolemy/domains/sdf/test/auto/filePortParameter.xml
----------------- Instantiating /home/travis/build/icyphy/ptII/ptolemy/domains/sdf/test/auto/filePortParameter.xml
14 ms. Memory: 829952K Free: 314921K (38%)
----------------- Invoking toplevel() on ptolemy.moml.MoMLSimpleApplication@12ba9b97
----------------- Done invoking toplevel() on ptolemy.moml.MoMLSimpleApplication@12ba9b97
reloadAllAccessors: .filePortParameter

===========================================================================================
----------------- testing Sat Sep 22 02:19:38 UTC 2018 /home/travis/build/icyphy/ptII/ptolemy/domains/sdf/test/auto/inferRelationWidth1.xml
----------------- Instantiating /home/travis/build/icyphy/ptII/ptolemy/domains/sdf/test/auto/inferRelationWidth1.xml
3 ms. Memory: 829952K Free: 299950K (36%)
----------------- Invoking toplevel() on ptolemy.moml.MoMLSimpleApplication@2d9853a8
----------------- Done invoking toplevel() on ptolemy.moml.MoMLSimpleApplication@2d9853a8
reloadAllAccessors: .inferRelationWidth1

===========================================================================================
----------------- testing Sat Sep 22 02:19:38 UTC 2018 /home/travis/build/icyphy/ptII/ptolemy/domains/sdf/test/auto/initProductionInference.xml
----------------- Instantiating /home/travis/build/icyphy/ptII/ptolemy/domains/sdf/test/auto/initProductionInference.xml
10 ms. Memory: 829952K Free: 284979K (34%)
----------------- Invoking toplevel() on ptolemy.moml.MoMLSimpleApplication@51db6ed
----------------- Done invoking toplevel() on ptolemy.moml.MoMLSimpleApplication@51db6ed
reloadAllAccessors: .initProductionInference

===========================================================================================
----------------- testing Sat Sep 22 02:19:38 UTC 2018 /home/travis/build/icyphy/ptII/ptolemy/domains/sdf/test/auto/relationGroup.xml
----------------- Instantiating /home/travis/build/icyphy/ptII/ptolemy/domains/sdf/test/auto/relationGroup.xml
2 ms. Memory: 829952K Free: 267002K (32%)
----------------- Invoking toplevel() on ptolemy.moml.MoMLSimpleApplication@cdcb516
----------------- Done invoking toplevel() on ptolemy.moml.MoMLSimpleApplication@cdcb516
reloadAllAccessors: .relationGroup

===========================================================================================
----------------- testing Sat Sep 22 02:19:38 UTC 2018 /home/travis/build/icyphy/ptII/ptolemy/domains/sdf/test/auto/relationGroup10.xml
----------------- Instantiating /home/travis/build/icyphy/ptII/ptolemy/domains/sdf/test/auto/relationGroup10.xml
2 ms. Memory: 829952K Free: 252032K (30%)
----------------- Invoking toplevel() on ptolemy.moml.MoMLSimpleApplication@620370c3
----------------- Done invoking toplevel() on ptolemy.moml.MoMLSimpleApplication@620370c3
reloadAllAccessors: .relationGroup10

===========================================================================================
----------------- testing Sat Sep 22 02:19:38 UTC 2018 /home/travis/build/icyphy/ptII/ptolemy/domains/sdf/test/auto/relationGroup11.xml
----------------- Instantiating /home/travis/build/icyphy/ptII/ptolemy/domains/sdf/test/auto/relationGroup11.xml
3 ms. Memory: 829952K Free: 237061K (29%)
----------------- Invoking toplevel() on ptolemy.moml.MoMLSimpleApplication@61d53897
----------------- Done invoking toplevel() on ptolemy.moml.MoMLSimpleApplication@61d53897
reloadAllAccessors: .relationGroup11

===========================================================================================
----------------- testing Sat Sep 22 02:19:38 UTC 2018 /home/travis/build/icyphy/ptII/ptolemy/domains/sdf/test/auto/relationGroup12.xml
----------------- Instantiating /home/travis/build/icyphy/ptII/ptolemy/domains/sdf/test/auto/relationGroup12.xml
4 ms. Memory: 829952K Free: 222090K (27%)
----------------- Invoking toplevel() on ptolemy.moml.MoMLSimpleApplication@5977fdfe
----------------- Done invoking toplevel() on ptolemy.moml.MoMLSimpleApplication@5977fdfe
reloadAllAccessors: .relationGroup12

===========================================================================================
----------------- testing Sat Sep 22 02:19:38 UTC 2018 /home/travis/build/icyphy/ptII/ptolemy/domains/sdf/test/auto/relationGroup13.xml
----------------- Instantiating /home/travis/build/icyphy/ptII/ptolemy/domains/sdf/test/auto/relationGroup13.xml
18 ms. Memory: 829952K Free: 207119K (25%)
----------------- Invoking toplevel() on ptolemy.moml.MoMLSimpleApplication@495f72f5
----------------- Done invoking toplevel() on ptolemy.moml.MoMLSimpleApplication@495f72f5
reloadAllAccessors: .relationGroup13

===========================================================================================
----------------- testing Sat Sep 22 02:19:38 UTC 2018 /home/travis/build/icyphy/ptII/ptolemy/domains/sdf/test/auto/relationGroup14.xml
----------------- Instantiating /home/travis/build/icyphy/ptII/ptolemy/domains/sdf/test/auto/relationGroup14.xml
5 ms. Memory: 829952K Free: 192148K (23%)
----------------- Invoking toplevel() on ptolemy.moml.MoMLSimpleApplication@2fb1f939
----------------- Done invoking toplevel() on ptolemy.moml.MoMLSimpleApplication@2fb1f939
reloadAllAccessors: .relationGroup14

===========================================================================================
----------------- testing Sat Sep 22 02:19:38 UTC 2018 /home/travis/build/icyphy/ptII/ptolemy/domains/sdf/test/auto/relationGroup15.xml
----------------- Instantiating /home/travis/build/icyphy/ptII/ptolemy/domains/sdf/test/auto/relationGroup15.xml
2 ms. Memory: 829952K Free: 177177K (21%)
----------------- Invoking toplevel() on ptolemy.moml.MoMLSimpleApplication@12b94e42
----------------- Done invoking toplevel() on ptolemy.moml.MoMLSimpleApplication@12b94e42
reloadAllAccessors: .relationGroup15

===========================================================================================
----------------- testing Sat Sep 22 02:19:38 UTC 2018 /home/travis/build/icyphy/ptII/ptolemy/domains/sdf/test/auto/relationGroup2.xml
----------------- Instantiating /home/travis/build/icyphy/ptII/ptolemy/domains/sdf/test/auto/relationGroup2.xml
2 ms. Memory: 829952K Free: 162206K (20%)
----------------- Invoking toplevel() on ptolemy.moml.MoMLSimpleApplication@116529c2
----------------- Done invoking toplevel() on ptolemy.moml.MoMLSimpleApplication@116529c2
reloadAllAccessors: .relationGroup2

===========================================================================================
----------------- testing Sat Sep 22 02:19:38 UTC 2018 /home/travis/build/icyphy/ptII/ptolemy/domains/sdf/test/auto/relationGroup3.xml
----------------- Instantiating /home/travis/build/icyphy/ptII/ptolemy/domains/sdf/test/auto/relationGroup3.xml
1 ms. Memory: 829952K Free: 144230K (17%)
----------------- Invoking toplevel() on ptolemy.moml.MoMLSimpleApplication@9d9b560
----------------- Done invoking toplevel() on ptolemy.moml.MoMLSimpleApplication@9d9b560
reloadAllAccessors: .relationGroup3

===========================================================================================
----------------- testing Sat Sep 22 02:19:38 UTC 2018 /home/travis/build/icyphy/ptII/ptolemy/domains/sdf/test/auto/relationGroup4.xml
----------------- Instantiating /home/travis/build/icyphy/ptII/ptolemy/domains/sdf/test/auto/relationGroup4.xml
6 ms. Memory: 829952K Free: 129259K (16%)
----------------- Invoking toplevel() on ptolemy.moml.MoMLSimpleApplication@7c06a2b8
----------------- Done invoking toplevel() on ptolemy.moml.MoMLSimpleApplication@7c06a2b8
reloadAllAccessors: .relationGroup4

===========================================================================================
----------------- testing Sat Sep 22 02:19:38 UTC 2018 /home/travis/build/icyphy/ptII/ptolemy/domains/sdf/test/auto/relationGroup5.xml
----------------- Instantiating /home/travis/build/icyphy/ptII/ptolemy/domains/sdf/test/auto/relationGroup5.xml
3 ms. Memory: 829952K Free: 114288K (14%)
----------------- Invoking toplevel() on ptolemy.moml.MoMLSimpleApplication@4c2df070
----------------- Done invoking toplevel() on ptolemy.moml.MoMLSimpleApplication@4c2df070
reloadAllAccessors: .relationGroup5

===========================================================================================
----------------- testing Sat Sep 22 02:19:39 UTC 2018 /home/travis/build/icyphy/ptII/ptolemy/domains/sdf/test/auto/relationGroup6.xml
----------------- Instantiating /home/travis/build/icyphy/ptII/ptolemy/domains/sdf/test/auto/relationGroup6.xml
2 ms. Memory: 829952K Free: 99317K (12%)
----------------- Invoking toplevel() on ptolemy.moml.MoMLSimpleApplication@3b9118b5
----------------- Done invoking toplevel() on ptolemy.moml.MoMLSimpleApplication@3b9118b5
reloadAllAccessors: .relationGroup6

===========================================================================================
----------------- testing Sat Sep 22 02:19:39 UTC 2018 /home/travis/build/icyphy/ptII/ptolemy/domains/sdf/test/auto/relationGroup7.xml
----------------- Instantiating /home/travis/build/icyphy/ptII/ptolemy/domains/sdf/test/auto/relationGroup7.xml
1 ms. Memory: 829952K Free: 84346K (10%)
----------------- Invoking toplevel() on ptolemy.moml.MoMLSimpleApplication@45a27209
----------------- Done invoking toplevel() on ptolemy.moml.MoMLSimpleApplication@45a27209
reloadAllAccessors: .relationGroup7

===========================================================================================
----------------- testing Sat Sep 22 02:19:39 UTC 2018 /home/travis/build/icyphy/ptII/ptolemy/domains/sdf/test/auto/relationGroup8.xml
----------------- Instantiating /home/travis/build/icyphy/ptII/ptolemy/domains/sdf/test/auto/relationGroup8.xml
1 ms. Memory: 829952K Free: 70771K (9%)
----------------- Invoking toplevel() on ptolemy.moml.MoMLSimpleApplication@2ab22385
----------------- Done invoking toplevel() on ptolemy.moml.MoMLSimpleApplication@2ab22385
reloadAllAccessors: .relationGroup8

===========================================================================================
----------------- testing Sat Sep 22 02:19:39 UTC 2018 /home/travis/build/icyphy/ptII/ptolemy/domains/sdf/test/auto/relationGroup9.xml
----------------- Instantiating /home/travis/build/icyphy/ptII/ptolemy/domains/sdf/test/auto/relationGroup9.xml
7 ms. Memory: 794624K Free: 769122K (97%)
----------------- Invoking toplevel() on ptolemy.moml.MoMLSimpleApplication@a43edd4
----------------- Done invoking toplevel() on ptolemy.moml.MoMLSimpleApplication@a43edd4
reloadAllAccessors: .relationGroup9

===========================================================================================
----------------- testing Sat Sep 22 02:19:39 UTC 2018 /home/travis/build/icyphy/ptII/ptolemy/domains/sdf/test/auto/sdf_inside_de.xml
----------------- Instantiating /home/travis/build/icyphy/ptII/ptolemy/domains/sdf/test/auto/sdf_inside_de.xml
19 ms. Memory: 794624K Free: 745795K (94%)
----------------- Invoking toplevel() on ptolemy.moml.MoMLSimpleApplication@6a1503fe
----------------- Done invoking toplevel() on ptolemy.moml.MoMLSimpleApplication@6a1503fe
reloadAllAccessors: .sdf_inside_de

===========================================================================================
----------------- testing Sat Sep 22 02:19:39 UTC 2018 /home/travis/build/icyphy/ptII/ptolemy/domains/sdf/test/auto/sdf_inside_pn.xml
----------------- Instantiating /home/travis/build/icyphy/ptII/ptolemy/domains/sdf/test/auto/sdf_inside_pn.xml
28 ms. Memory: 794624K Free: 695905K (88%)
----------------- Invoking toplevel() on ptolemy.moml.MoMLSimpleApplication@49f2fba0
----------------- Done invoking toplevel() on ptolemy.moml.MoMLSimpleApplication@49f2fba0
reloadAllAccessors: .sdf_inside_pn

===========================================================================================
----------------- testing Sat Sep 22 02:19:39 UTC 2018 /home/travis/build/icyphy/ptII/ptolemy/domains/sdf/test/auto/sdf_sdf1.xml
----------------- Instantiating /home/travis/build/icyphy/ptII/ptolemy/domains/sdf/test/auto/sdf_sdf1.xml
6 ms. Memory: 794624K Free: 681651K (86%)
----------------- Invoking toplevel() on ptolemy.moml.MoMLSimpleApplication@55dfb049
----------------- Done invoking toplevel() on ptolemy.moml.MoMLSimpleApplication@55dfb049
reloadAllAccessors: .sdf_sdf1

===========================================================================================
----------------- testing Sat Sep 22 02:19:39 UTC 2018 /home/travis/build/icyphy/ptII/ptolemy/domains/sdf/test/auto/test1.xml
----------------- Instantiating /home/travis/build/icyphy/ptII/ptolemy/domains/sdf/test/auto/test1.xml
2 ms. Memory: 794624K Free: 667397K (84%)
----------------- Invoking toplevel() on ptolemy.moml.MoMLSimpleApplication@20a3d364
----------------- Done invoking toplevel() on ptolemy.moml.MoMLSimpleApplication@20a3d364
reloadAllAccessors: .test1

===========================================================================================
----------------- testing Sat Sep 22 02:19:39 UTC 2018 /home/travis/build/icyphy/ptII/ptolemy/domains/sdf/test/auto/time1.xml
----------------- Instantiating /home/travis/build/icyphy/ptII/ptolemy/domains/sdf/test/auto/time1.xml
2 ms. Memory: 794624K Free: 653143K (82%)
----------------- Invoking toplevel() on ptolemy.moml.MoMLSimpleApplication@73487d8c
----------------- Done invoking toplevel() on ptolemy.moml.MoMLSimpleApplication@73487d8c
reloadAllAccessors: .time1

===========================================================================================
----------------- testing Sat Sep 22 02:19:39 UTC 2018 /home/travis/build/icyphy/ptII/ptolemy/domains/sdf/test/auto/time2.xml
----------------- Instantiating /home/travis/build/icyphy/ptII/ptolemy/domains/sdf/test/auto/time2.xml
2 ms. Memory: 794624K Free: 636958K (80%)
----------------- Invoking toplevel() on ptolemy.moml.MoMLSimpleApplication@ec397cd
----------------- Done invoking toplevel() on ptolemy.moml.MoMLSimpleApplication@ec397cd
reloadAllAccessors: .time2

===========================================================================================
----------------- testing Sat Sep 22 02:19:39 UTC 2018 /home/travis/build/icyphy/ptII/ptolemy/domains/sdf/test/auto/time3.xml
----------------- Instantiating /home/travis/build/icyphy/ptII/ptolemy/domains/sdf/test/auto/time3.xml
8 ms. Memory: 794624K Free: 622704K (78%)
----------------- Invoking toplevel() on ptolemy.moml.MoMLSimpleApplication@67099874
----------------- Done invoking toplevel() on ptolemy.moml.MoMLSimpleApplication@67099874
reloadAllAccessors: .time3

===========================================================================================
----------------- testing Sat Sep 22 02:19:39 UTC 2018 /home/travis/build/icyphy/ptII/ptolemy/domains/sdf/test/auto/time4.xml
----------------- Instantiating /home/travis/build/icyphy/ptII/ptolemy/domains/sdf/test/auto/time4.xml
6 ms. Memory: 794624K Free: 608450K (77%)
----------------- Invoking toplevel() on ptolemy.moml.MoMLSimpleApplication@63677415
----------------- Done invoking toplevel() on ptolemy.moml.MoMLSimpleApplication@63677415
reloadAllAccessors: .time4

===========================================================================================
----------------- testing Sat Sep 22 02:19:39 UTC 2018 /home/travis/build/icyphy/ptII/ptolemy/domains/sdf/test/auto/time5.xml
----------------- Instantiating /home/travis/build/icyphy/ptII/ptolemy/domains/sdf/test/auto/time5.xml
4002 ms. Memory: 794624K Free: 594196K (75%)
----------------- Invoking toplevel() on ptolemy.moml.MoMLSimpleApplication@46291ea8
----------------- Done invoking toplevel() on ptolemy.moml.MoMLSimpleApplication@46291ea8
reloadAllAccessors: .time5

===========================================================================================
----------------- testing Sat Sep 22 02:19:43 UTC 2018 /home/travis/build/icyphy/ptII/ptolemy/domains/sdf/test/auto/typeSystem_Const_Integer_smallest_Type.xml
----------------- Instantiating /home/travis/build/icyphy/ptII/ptolemy/domains/sdf/test/auto/typeSystem_Const_Integer_smallest_Type.xml
10 ms. Memory: 794624K Free: 579942K (73%)
----------------- Invoking toplevel() on ptolemy.moml.MoMLSimpleApplication@1ccee15
----------------- Done invoking toplevel() on ptolemy.moml.MoMLSimpleApplication@1ccee15
reloadAllAccessors: .typeSystem_Const_Integer_smallest_Type

===========================================================================================
----------------- testing Sat Sep 22 02:19:43 UTC 2018 /home/travis/build/icyphy/ptII/ptolemy/domains/sdf/test/auto/typeSystem_declared_Inports_OutportTypeException.xml
----------------- Instantiating /home/travis/build/icyphy/ptII/ptolemy/domains/sdf/test/auto/typeSystem_declared_Inports_OutportTypeException.xml
.typeSystem_declared_Inports_OutportTypeException.TestExceptionAttribute: initialize() was not invoked, but wrapup() was.  This is unusual, but not always a problem.  For example, exporting JNLP will do this.
2 ms. Memory: 794624K Free: 563757K (71%)
----------------- Invoking toplevel() on ptolemy.moml.MoMLSimpleApplication@4d144e05
----------------- Done invoking toplevel() on ptolemy.moml.MoMLSimpleApplication@4d144e05
reloadAllAccessors: .typeSystem_declared_Inports_OutportTypeException

===========================================================================================
----------------- testing Sat Sep 22 02:19:43 UTC 2018 /home/travis/build/icyphy/ptII/ptolemy/domains/sdf/test/auto/typeSystem_oneDeclaredInportType_wrongTypeOutport.xml
----------------- Instantiating /home/travis/build/icyphy/ptII/ptolemy/domains/sdf/test/auto/typeSystem_oneDeclaredInportType_wrongTypeOutport.xml
4 ms. Memory: 794624K Free: 549503K (69%)
----------------- Invoking toplevel() on ptolemy.moml.MoMLSimpleApplication@3cc048ed
----------------- Done invoking toplevel() on ptolemy.moml.MoMLSimpleApplication@3cc048ed
reloadAllAccessors: .typeSystem_oneDeclaredInportType_wrongTypeOutport

===========================================================================================
----------------- testing Sat Sep 22 02:19:43 UTC 2018 /home/travis/build/icyphy/ptII/ptolemy/domains/sdf/test/auto/width.xml
----------------- Instantiating /home/travis/build/icyphy/ptII/ptolemy/domains/sdf/test/auto/width.xml
1 ms. Memory: 794624K Free: 535249K (67%)
----------------- Invoking toplevel() on ptolemy.moml.MoMLSimpleApplication@4dd8daf7
----------------- Done invoking toplevel() on ptolemy.moml.MoMLSimpleApplication@4dd8daf7
reloadAllAccessors: .width

===========================================================================================
----------------- testing Sat Sep 22 02:19:43 UTC 2018 /home/travis/build/icyphy/ptII/ptolemy/domains/sdf/test/auto/width2.xml
----------------- Instantiating /home/travis/build/icyphy/ptII/ptolemy/domains/sdf/test/auto/width2.xml
27 ms. Memory: 794624K Free: 520995K (66%)
----------------- Invoking toplevel() on ptolemy.moml.MoMLSimpleApplication@93e4f3f
----------------- Done invoking toplevel() on ptolemy.moml.MoMLSimpleApplication@93e4f3f
reloadAllAccessors: .width2

===========================================================================================
----------------- testing Sat Sep 22 02:19:43 UTC 2018 /home/travis/build/icyphy/ptII/ptolemy/domains/sdf/test/auto/width3.xml
----------------- Instantiating /home/travis/build/icyphy/ptII/ptolemy/domains/sdf/test/auto/width3.xml
29 ms. Memory: 794624K Free: 506740K (64%)
----------------- Invoking toplevel() on ptolemy.moml.MoMLSimpleApplication@3ae58b34
----------------- Done invoking toplevel() on ptolemy.moml.MoMLSimpleApplication@3ae58b34
reloadAllAccessors: .width3
AutoTests.java: About to close Vertx.
AutoTests.java: Vertx closed.
]]></system-out>
  <system-err><![CDATA[java.lang.RuntimeException: Execution failed
	at ptolemy.moml.MoMLSimpleApplication$UnloadThread.run(MoMLSimpleApplication.java:402)
Caused by: ptolemy.actor.sched.NotSchedulableException: No solution exists for the balance equations.
Graph is not consistent under the SDF domain detected on external port .rateConsistency.actor.port2
  in .rateConsistency.SDF Director.Scheduler
	at ptolemy.domains.sdf.kernel.SDFScheduler._propagatePort(SDFScheduler.java:1425)
	at ptolemy.domains.sdf.kernel.SDFScheduler._solveBalanceEquations(SDFScheduler.java:710)
	at ptolemy.domains.sdf.kernel.SDFScheduler._getSchedule(SDFScheduler.java:566)
	at ptolemy.actor.sched.Scheduler.getSchedule(Scheduler.java:189)
	at ptolemy.domains.sdf.kernel.SDFDirector.createSchedule(SDFDirector.java:408)
	at ptolemy.domains.sdf.kernel.SDFDirector.preinitialize(SDFDirector.java:764)
	at ptolemy.actor.CompositeActor.preinitialize(CompositeActor.java:1828)
	at ptolemy.actor.Manager.preinitializeAndResolveTypes(Manager.java:1040)
	at ptolemy.actor.Manager.initialize(Manager.java:710)
	at ptolemy.actor.Manager.execute(Manager.java:356)
	at ptolemy.actor.Manager.run(Manager.java:1263)
	at ptolemy.actor.Manager$PtolemyRunThread.run(Manager.java:1915)
java.lang.RuntimeException: Execution failed
	at ptolemy.moml.MoMLSimpleApplication$UnloadThread.run(MoMLSimpleApplication.java:402)
Caused by: ptolemy.kernel.util.IllegalActionException: Failed to compute schedule:
  in .badRateChanges.typed composite actor.SDF Director
Because:
The SDF rate parameter may change. This is not allowed in SDF models that will be run through the code generator.  If you don't care about code generation, then you might consider setting the allowRateChanges parameter of the SDF director to false.
  in .badRateChanges.typed composite actor.Repeat.output.tokenProductionRate
	at ptolemy.domains.sdf.kernel.SDFDirector.createSchedule(SDFDirector.java:418)
	at ptolemy.domains.sdf.kernel.SDFDirector.preinitialize(SDFDirector.java:764)
	at ptolemy.actor.CompositeActor.preinitialize(CompositeActor.java:1828)
	at ptolemy.actor.Director.preinitialize(Director.java:1302)
	at ptolemy.actor.Director.preinitialize(Director.java:1257)
	at ptolemy.domains.sdf.kernel.SDFDirector.preinitialize(SDFDirector.java:763)
	at ptolemy.actor.CompositeActor.preinitialize(CompositeActor.java:1828)
	at ptolemy.actor.Manager.preinitializeAndResolveTypes(Manager.java:1040)
	at ptolemy.actor.Manager.initialize(Manager.java:710)
	at ptolemy.actor.Manager.execute(Manager.java:356)
	at ptolemy.actor.Manager.run(Manager.java:1263)
	at ptolemy.actor.Manager$PtolemyRunThread.run(Manager.java:1915)
Caused by: ptolemy.kernel.util.IllegalActionException: The SDF rate parameter may change. This is not allowed in SDF models that will be run through the code generator.  If you don't care about code generation, then you might consider setting the allowRateChanges parameter of the SDF director to false.
  in .badRateChanges.typed composite actor.Repeat.output.tokenProductionRate
	at ptolemy.domains.sdf.kernel.SDFScheduler._assertDynamicRateVariable(SDFScheduler.java:931)
	at ptolemy.domains.sdf.kernel.SDFScheduler._checkDynamicRateVariables(SDFScheduler.java:339)
	at ptolemy.domains.sdf.kernel.SDFScheduler._getSchedule(SDFScheduler.java:527)
	at ptolemy.actor.sched.Scheduler.getSchedule(Scheduler.java:189)
	at ptolemy.domains.sdf.kernel.SDFDirector.createSchedule(SDFDirector.java:408)
	... 11 more
java.lang.RuntimeException: Execution failed
	at ptolemy.moml.MoMLSimpleApplication$UnloadThread.run(MoMLSimpleApplication.java:402)
Caused by: ptolemy.kernel.util.IllegalActionException: Failed to compute schedule:
  in .badRateChanges2.typed composite actor.SDF Director
Because:
The SDF rate parameter may change. This is not allowed in SDF models that will be run through the code generator.  If you don't care about code generation, then you might consider setting the allowRateChanges parameter of the SDF director to false.
  in .badRateChanges2.typed composite actor.Repeat.output.tokenProductionRate
	at ptolemy.domains.sdf.kernel.SDFDirector.createSchedule(SDFDirector.java:418)
	at ptolemy.domains.sdf.kernel.SDFDirector.preinitialize(SDFDirector.java:764)
	at ptolemy.actor.CompositeActor.preinitialize(CompositeActor.java:1828)
	at ptolemy.actor.Director.preinitialize(Director.java:1302)
	at ptolemy.actor.Director.preinitialize(Director.java:1257)
	at ptolemy.domains.sdf.kernel.SDFDirector.preinitialize(SDFDirector.java:763)
	at ptolemy.actor.CompositeActor.preinitialize(CompositeActor.java:1828)
	at ptolemy.actor.Manager.preinitializeAndResolveTypes(Manager.java:1040)
	at ptolemy.actor.Manager.initialize(Manager.java:710)
	at ptolemy.actor.Manager.execute(Manager.java:356)
	at ptolemy.actor.Manager.run(Manager.java:1263)
	at ptolemy.actor.Manager$PtolemyRunThread.run(Manager.java:1915)
Caused by: ptolemy.kernel.util.IllegalActionException: The SDF rate parameter may change. This is not allowed in SDF models that will be run through the code generator.  If you don't care about code generation, then you might consider setting the allowRateChanges parameter of the SDF director to false.
  in .badRateChanges2.typed composite actor.Repeat.output.tokenProductionRate
	at ptolemy.domains.sdf.kernel.SDFScheduler._assertDynamicRateVariable(SDFScheduler.java:931)
	at ptolemy.domains.sdf.kernel.SDFScheduler._checkDynamicRateVariables(SDFScheduler.java:339)
	at ptolemy.domains.sdf.kernel.SDFScheduler._getSchedule(SDFScheduler.java:527)
	at ptolemy.actor.sched.Scheduler.getSchedule(Scheduler.java:189)
	at ptolemy.domains.sdf.kernel.SDFDirector.createSchedule(SDFDirector.java:408)
	... 11 more
java.lang.RuntimeException: Execution failed
	at ptolemy.moml.MoMLSimpleApplication$UnloadThread.run(MoMLSimpleApplication.java:402)
Caused by: ptolemy.actor.sched.NotSchedulableException: Actors remain that cannot be scheduled!

There are several possible reasons:
* SDF Graphs with feedback loops should have an actor with a delay in the loop, such as a SampleDelay.
* The SDF director has an "allowDisconnectedGraphs"parameter, which, when true, permits disconnected SDF graphs.
* The token consumption rate and production rates might be mismatched.
Usually, actors produce one token or consume one token on a port.  To produce or consume multiple tokens per firing, add a "tokenConsumptionRate" or "tokenProductionRate" parameter to the appropriate port.
Unscheduled actors:
.partiallyConnected.Const2 
Scheduled actors:
.partiallyConnected.Const 
  in .partiallyConnected.SDF Director.Scheduler
	at ptolemy.domains.sdf.kernel.SDFScheduler._scheduleConnectedActors(SDFScheduler.java:1828)
	at ptolemy.domains.sdf.kernel.SDFScheduler._getSchedule(SDFScheduler.java:587)
	at ptolemy.actor.sched.Scheduler.getSchedule(Scheduler.java:189)
	at ptolemy.domains.sdf.kernel.SDFDirector.createSchedule(SDFDirector.java:408)
	at ptolemy.domains.sdf.kernel.SDFDirector.preinitialize(SDFDirector.java:764)
	at ptolemy.actor.CompositeActor.preinitialize(CompositeActor.java:1828)
	at ptolemy.actor.Manager.preinitializeAndResolveTypes(Manager.java:1040)
	at ptolemy.actor.Manager.initialize(Manager.java:710)
	at ptolemy.actor.Manager.execute(Manager.java:356)
	at ptolemy.actor.Manager.run(Manager.java:1263)
	at ptolemy.actor.Manager$PtolemyRunThread.run(Manager.java:1915)
]]></system-err>
</testsuite>
