<?xml version="1.0" encoding="UTF-8" ?>
<testsuite errors="0" failures="0" hostname="travis-job-79bfcaff-b510-4f24-83be-45cca13efe04" name="ptolemy.domains.modal.test.junit.JUnitTclTest" skipped="0" tests="148" time="11.477" timestamp="2020-10-31T15:58:37">
  <properties>
[...]
</properties>
  <testcase classname="ptolemy.util.test.junit.TclTests" name="[0] /home/travis/build/icyphy/ptII/ptolemy/domains/modal/test/SystemLevelType.tcl (RunTclFile)" time="1.899" />
  <testcase classname="ptolemy.util.test.junit.AutoKnownFailedTests" name="[0] /home/travis/build/icyphy/ptII/ptolemy/domains/modal/test/auto/knownFailedTests/CannotAnalysisWithPreemption.xml (RunModel)" time="0.324" />
  <testcase classname="ptolemy.util.test.junit.AutoNameArchTests" name="[0] ThereAreNoAutoArchTests (RunModel)" time="0.005" />
  <testcase classname="ptolemy.util.test.junit.AutoTests" name="[0] /home/travis/build/icyphy/ptII/ptolemy/domains/modal/test/auto/ABPTest.xml (RunModel)" time="0.886" />
  <testcase classname="ptolemy.util.test.junit.AutoTests" name="[1] /home/travis/build/icyphy/ptII/ptolemy/domains/modal/test/auto/ABROFlat.xml (RunModel)" time="0.108" />
  <testcase classname="ptolemy.util.test.junit.AutoTests" name="[2] /home/travis/build/icyphy/ptII/ptolemy/domains/modal/test/auto/ABROFlat2.xml (RunModel)" time="0.063" />
  <testcase classname="ptolemy.util.test.junit.AutoTests" name="[3] /home/travis/build/icyphy/ptII/ptolemy/domains/modal/test/auto/ABRO_present_hmm.xml (RunModel)" time="0.138" />
  <testcase classname="ptolemy.util.test.junit.AutoTests" name="[4] /home/travis/build/icyphy/ptII/ptolemy/domains/modal/test/auto/AMICoderExample.xml (RunModel)" time="0.082" />
  <testcase classname="ptolemy.util.test.junit.AutoTests" name="[5] /home/travis/build/icyphy/ptII/ptolemy/domains/modal/test/auto/AbsentToPresent.xml (RunModel)" time="0.036" />
  <testcase classname="ptolemy.util.test.junit.AutoTests" name="[6] /home/travis/build/icyphy/ptII/ptolemy/domains/modal/test/auto/Blending.xml (RunModel)" time="0.342" />
  <testcase classname="ptolemy.util.test.junit.AutoTests" name="[7] /home/travis/build/icyphy/ptII/ptolemy/domains/modal/test/auto/Broadcast.xml (RunModel)" time="0.041" />
  <testcase classname="ptolemy.util.test.junit.AutoTests" name="[8] /home/travis/build/icyphy/ptII/ptolemy/domains/modal/test/auto/BroadcastHierarchy.xml (RunModel)" time="0.08" />
  <testcase classname="ptolemy.util.test.junit.AutoTests" name="[9] /home/travis/build/icyphy/ptII/ptolemy/domains/modal/test/auto/BroadcastHierarchy2.xml (RunModel)" time="0.136" />
  <testcase classname="ptolemy.util.test.junit.AutoTests" name="[10] /home/travis/build/icyphy/ptII/ptolemy/domains/modal/test/auto/BroadcastHierarchy3.xml (RunModel)" time="0.105" />
  <testcase classname="ptolemy.util.test.junit.AutoTests" name="[11] /home/travis/build/icyphy/ptII/ptolemy/domains/modal/test/auto/BroadcastHierarchy4.xml (RunModel)" time="0.093" />
  <testcase classname="ptolemy.util.test.junit.AutoTests" name="[12] /home/travis/build/icyphy/ptII/ptolemy/domains/modal/test/auto/CannotAnalysisWithPreemption2.xml (RunModel)" time="0.034" />
  <testcase classname="ptolemy.util.test.junit.AutoTests" name="[13] /home/travis/build/icyphy/ptII/ptolemy/domains/modal/test/auto/CannotAnalysisWithPreemption3.xml (RunModel)" time="0.044" />
  <testcase classname="ptolemy.util.test.junit.AutoTests" name="[14] /home/travis/build/icyphy/ptII/ptolemy/domains/modal/test/auto/CannotProduce.xml (RunModel)" time="0.035" />
  <testcase classname="ptolemy.util.test.junit.AutoTests" name="[15] /home/travis/build/icyphy/ptII/ptolemy/domains/modal/test/auto/CannotProduceModal.xml (RunModel)" time="0.032" />
  <testcase classname="ptolemy.util.test.junit.AutoTests" name="[16] /home/travis/build/icyphy/ptII/ptolemy/domains/modal/test/auto/Case.xml (RunModel)" time="0.087" />
  <testcase classname="ptolemy.util.test.junit.AutoTests" name="[17] /home/travis/build/icyphy/ptII/ptolemy/domains/modal/test/auto/Case1.xml (RunModel)" time="0.032" />
  <testcase classname="ptolemy.util.test.junit.AutoTests" name="[18] /home/travis/build/icyphy/ptII/ptolemy/domains/modal/test/auto/Case2.xml (RunModel)" time="0.062" />
  <testcase classname="ptolemy.util.test.junit.AutoTests" name="[19] /home/travis/build/icyphy/ptII/ptolemy/domains/modal/test/auto/CausalityInterface1.xml (RunModel)" time="0.044" />
  <testcase classname="ptolemy.util.test.junit.AutoTests" name="[20] /home/travis/build/icyphy/ptII/ptolemy/domains/modal/test/auto/CausalityInterface10.xml (RunModel)" time="0.091" />
  <testcase classname="ptolemy.util.test.junit.AutoTests" name="[21] /home/travis/build/icyphy/ptII/ptolemy/domains/modal/test/auto/CausalityInterface11.xml (RunModel)" time="0.055" />
  <testcase classname="ptolemy.util.test.junit.AutoTests" name="[22] /home/travis/build/icyphy/ptII/ptolemy/domains/modal/test/auto/CausalityInterface12.xml (RunModel)" time="0.053" />
  <testcase classname="ptolemy.util.test.junit.AutoTests" name="[23] /home/travis/build/icyphy/ptII/ptolemy/domains/modal/test/auto/CausalityInterface13.xml (RunModel)" time="0.064" />
  <testcase classname="ptolemy.util.test.junit.AutoTests" name="[24] /home/travis/build/icyphy/ptII/ptolemy/domains/modal/test/auto/CausalityInterface14.xml (RunModel)" time="0.054" />
  <testcase classname="ptolemy.util.test.junit.AutoTests" name="[25] /home/travis/build/icyphy/ptII/ptolemy/domains/modal/test/auto/CausalityInterface2.xml (RunModel)" time="0.038" />
  <testcase classname="ptolemy.util.test.junit.AutoTests" name="[26] /home/travis/build/icyphy/ptII/ptolemy/domains/modal/test/auto/CausalityInterface3.xml (RunModel)" time="0.025" />
  <testcase classname="ptolemy.util.test.junit.AutoTests" name="[27] /home/travis/build/icyphy/ptII/ptolemy/domains/modal/test/auto/CausalityInterface4.xml (RunModel)" time="0.027" />
  <testcase classname="ptolemy.util.test.junit.AutoTests" name="[28] /home/travis/build/icyphy/ptII/ptolemy/domains/modal/test/auto/CausalityInterface5.xml (RunModel)" time="0.036" />
  <testcase classname="ptolemy.util.test.junit.AutoTests" name="[29] /home/travis/build/icyphy/ptII/ptolemy/domains/modal/test/auto/CausalityInterface6.xml (RunModel)" time="0.037" />
  <testcase classname="ptolemy.util.test.junit.AutoTests" name="[30] /home/travis/build/icyphy/ptII/ptolemy/domains/modal/test/auto/CausalityInterface7.xml (RunModel)" time="0.036" />
  <testcase classname="ptolemy.util.test.junit.AutoTests" name="[31] /home/travis/build/icyphy/ptII/ptolemy/domains/modal/test/auto/CausalityInterface8.xml (RunModel)" time="0.036" />
  <testcase classname="ptolemy.util.test.junit.AutoTests" name="[32] /home/travis/build/icyphy/ptII/ptolemy/domains/modal/test/auto/CausalityInterface9.xml (RunModel)" time="0.052" />
  <testcase classname="ptolemy.util.test.junit.AutoTests" name="[33] /home/travis/build/icyphy/ptII/ptolemy/domains/modal/test/auto/ChainedTransitions.xml (RunModel)" time="0.187" />
  <testcase classname="ptolemy.util.test.junit.AutoTests" name="[34] /home/travis/build/icyphy/ptII/ptolemy/domains/modal/test/auto/CycleOfImmediateTransitionsFSM.xml (RunModel)" time="0.022" />
  <testcase classname="ptolemy.util.test.junit.AutoTests" name="[35] /home/travis/build/icyphy/ptII/ptolemy/domains/modal/test/auto/CycleOfImmediateTransitionsModal.xml (RunModel)" time="0.022" />
  <testcase classname="ptolemy.util.test.junit.AutoTests" name="[36] /home/travis/build/icyphy/ptII/ptolemy/domains/modal/test/auto/CycleOfImmediateTransitionsModal2.xml (RunModel)" time="0.036" />
  <testcase classname="ptolemy.util.test.junit.AutoTests" name="[37] /home/travis/build/icyphy/ptII/ptolemy/domains/modal/test/auto/CycleOfImmediateTransitionsModal3.xml (RunModel)" time="0.076" />
  <testcase classname="ptolemy.util.test.junit.AutoTests" name="[38] /home/travis/build/icyphy/ptII/ptolemy/domains/modal/test/auto/DeepModal1.xml (RunModel)" time="0.06" />
  <testcase classname="ptolemy.util.test.junit.AutoTests" name="[39] /home/travis/build/icyphy/ptII/ptolemy/domains/modal/test/auto/DeepModal2.xml (RunModel)" time="0.061" />
  <testcase classname="ptolemy.util.test.junit.AutoTests" name="[40] /home/travis/build/icyphy/ptII/ptolemy/domains/modal/test/auto/DeepModal3.xml (RunModel)" time="0.084" />
  <testcase classname="ptolemy.util.test.junit.AutoTests" name="[41] /home/travis/build/icyphy/ptII/ptolemy/domains/modal/test/auto/DeepModal4.xml (RunModel)" time="0.072" />
  <testcase classname="ptolemy.util.test.junit.AutoTests" name="[42] /home/travis/build/icyphy/ptII/ptolemy/domains/modal/test/auto/Default1.xml (RunModel)" time="0.016" />
  <testcase classname="ptolemy.util.test.junit.AutoTests" name="[43] /home/travis/build/icyphy/ptII/ptolemy/domains/modal/test/auto/Default2.xml (RunModel)" time="0.021" />
  <testcase classname="ptolemy.util.test.junit.AutoTests" name="[44] /home/travis/build/icyphy/ptII/ptolemy/domains/modal/test/auto/Default3.xml (RunModel)" time="0.02" />
  <testcase classname="ptolemy.util.test.junit.AutoTests" name="[45] /home/travis/build/icyphy/ptII/ptolemy/domains/modal/test/auto/Default4.xml (RunModel)" time="0.026" />
  <testcase classname="ptolemy.util.test.junit.AutoTests" name="[46] /home/travis/build/icyphy/ptII/ptolemy/domains/modal/test/auto/Default5.xml (RunModel)" time="0.025" />
  <testcase classname="ptolemy.util.test.junit.AutoTests" name="[47] /home/travis/build/icyphy/ptII/ptolemy/domains/modal/test/auto/EmptyGuard.xml (RunModel)" time="0.037" />
  <testcase classname="ptolemy.util.test.junit.AutoTests" name="[48] /home/travis/build/icyphy/ptII/ptolemy/domains/modal/test/auto/ErrorTransition1.xml (RunModel)" time="0.048" />
  <testcase classname="ptolemy.util.test.junit.AutoTests" name="[49] /home/travis/build/icyphy/ptII/ptolemy/domains/modal/test/auto/ErrorTransition10.xml (RunModel)" time="0.054" />
  <testcase classname="ptolemy.util.test.junit.AutoTests" name="[50] /home/travis/build/icyphy/ptII/ptolemy/domains/modal/test/auto/ErrorTransition11.xml (RunModel)" time="0.034" />
  <testcase classname="ptolemy.util.test.junit.AutoTests" name="[51] /home/travis/build/icyphy/ptII/ptolemy/domains/modal/test/auto/ErrorTransition2.xml (RunModel)" time="0.027" />
  <testcase classname="ptolemy.util.test.junit.AutoTests" name="[52] /home/travis/build/icyphy/ptII/ptolemy/domains/modal/test/auto/ErrorTransition3.xml (RunModel)" time="0.047" />
  <testcase classname="ptolemy.util.test.junit.AutoTests" name="[53] /home/travis/build/icyphy/ptII/ptolemy/domains/modal/test/auto/ErrorTransition4.xml (RunModel)" time="0.064" />
  <testcase classname="ptolemy.util.test.junit.AutoTests" name="[54] /home/travis/build/icyphy/ptII/ptolemy/domains/modal/test/auto/ErrorTransition5.xml (RunModel)" time="0.038" />
  <testcase classname="ptolemy.util.test.junit.AutoTests" name="[55] /home/travis/build/icyphy/ptII/ptolemy/domains/modal/test/auto/ErrorTransition6.xml (RunModel)" time="0.048" />
  <testcase classname="ptolemy.util.test.junit.AutoTests" name="[56] /home/travis/build/icyphy/ptII/ptolemy/domains/modal/test/auto/ErrorTransition7.xml (RunModel)" time="0.058" />
  <testcase classname="ptolemy.util.test.junit.AutoTests" name="[57] /home/travis/build/icyphy/ptII/ptolemy/domains/modal/test/auto/ErrorTransition8.xml (RunModel)" time="0.059" />
  <testcase classname="ptolemy.util.test.junit.AutoTests" name="[58] /home/travis/build/icyphy/ptII/ptolemy/domains/modal/test/auto/ErrorTransition9.xml (RunModel)" time="0.043" />
  <testcase classname="ptolemy.util.test.junit.AutoTests" name="[59] /home/travis/build/icyphy/ptII/ptolemy/domains/modal/test/auto/ExtendedFSM.xml (RunModel)" time="0.021" />
  <testcase classname="ptolemy.util.test.junit.AutoTests" name="[60] /home/travis/build/icyphy/ptII/ptolemy/domains/modal/test/auto/FinalStates.xml (RunModel)" time="0.02" />
  <testcase classname="ptolemy.util.test.junit.AutoTests" name="[61] /home/travis/build/icyphy/ptII/ptolemy/domains/modal/test/auto/FixedPointFSM.xml (RunModel)" time="0.042" />
  <testcase classname="ptolemy.util.test.junit.AutoTests" name="[62] /home/travis/build/icyphy/ptII/ptolemy/domains/modal/test/auto/FixedPointIterationFSMActor.xml (RunModel)" time="0.027" />
  <testcase classname="ptolemy.util.test.junit.AutoTests" name="[63] /home/travis/build/icyphy/ptII/ptolemy/domains/modal/test/auto/FixedPointIterationFSMActor2.xml (RunModel)" time="0.032" />
  <testcase classname="ptolemy.util.test.junit.AutoTests" name="[64] /home/travis/build/icyphy/ptII/ptolemy/domains/modal/test/auto/ForbiddenInstantanousLoop.xml (RunModel)" time="0.031" />
  <testcase classname="ptolemy.util.test.junit.AutoTests" name="[65] /home/travis/build/icyphy/ptII/ptolemy/domains/modal/test/auto/FunctionDependencyOfFSMActorTest.xml (RunModel)" time="0.028" />
  <testcase classname="ptolemy.util.test.junit.AutoTests" name="[66] /home/travis/build/icyphy/ptII/ptolemy/domains/modal/test/auto/GuardExpression.xml (RunModel)" time="0.019" />
  <testcase classname="ptolemy.util.test.junit.AutoTests" name="[67] /home/travis/build/icyphy/ptII/ptolemy/domains/modal/test/auto/GuardNotEvaluated.xml (RunModel)" time="0.051" />
  <testcase classname="ptolemy.util.test.junit.AutoTests" name="[68] /home/travis/build/icyphy/ptII/ptolemy/domains/modal/test/auto/GuardNotEvaluated2.xml (RunModel)" time="0.03" />
  <testcase classname="ptolemy.util.test.junit.AutoTests" name="[69] /home/travis/build/icyphy/ptII/ptolemy/domains/modal/test/auto/GuardOnAbsent.xml (RunModel)" time="0.026" />
  <testcase classname="ptolemy.util.test.junit.AutoTests" name="[70] /home/travis/build/icyphy/ptII/ptolemy/domains/modal/test/auto/HierarchicalFSMTypeInference.xml (RunModel)" time="0.035" />
  <testcase classname="ptolemy.util.test.junit.AutoTests" name="[71] /home/travis/build/icyphy/ptII/ptolemy/domains/modal/test/auto/Hysteresis.xml (RunModel)" time="0.059" />
  <testcase classname="ptolemy.util.test.junit.AutoTests" name="[72] /home/travis/build/icyphy/ptII/ptolemy/domains/modal/test/auto/HysteresisWithDefault.xml (RunModel)" time="0.087" />
  <testcase classname="ptolemy.util.test.junit.AutoTests" name="[73] /home/travis/build/icyphy/ptII/ptolemy/domains/modal/test/auto/HysteresisWithDefault2.xml (RunModel)" time="0.097" />
  <testcase classname="ptolemy.util.test.junit.AutoTests" name="[74] /home/travis/build/icyphy/ptII/ptolemy/domains/modal/test/auto/ImmediateNonConstructiveness.xml (RunModel)" time="0.027" />
  <testcase classname="ptolemy.util.test.junit.AutoTests" name="[75] /home/travis/build/icyphy/ptII/ptolemy/domains/modal/test/auto/ImmediateNonConstructiveness2.xml (RunModel)" time="0.023" />
  <testcase classname="ptolemy.util.test.junit.AutoTests" name="[76] /home/travis/build/icyphy/ptII/ptolemy/domains/modal/test/auto/ImmediateTransitionReset.xml (RunModel)" time="0.044" />
  <testcase classname="ptolemy.util.test.junit.AutoTests" name="[77] /home/travis/build/icyphy/ptII/ptolemy/domains/modal/test/auto/ImmediateTransitions1.xml (RunModel)" time="0.017" />
  <testcase classname="ptolemy.util.test.junit.AutoTests" name="[78] /home/travis/build/icyphy/ptII/ptolemy/domains/modal/test/auto/ImmediateTransitionsInstantaneousCommunication.xml (RunModel)" time="0.034" />
  <testcase classname="ptolemy.util.test.junit.AutoTests" name="[79] /home/travis/build/icyphy/ptII/ptolemy/domains/modal/test/auto/InitialImmediateTransition.xml (RunModel)" time="0.038" />
  <testcase classname="ptolemy.util.test.junit.AutoTests" name="[80] /home/travis/build/icyphy/ptII/ptolemy/domains/modal/test/auto/InitialOutputs.xml (RunModel)" time="0.017" />
  <testcase classname="ptolemy.util.test.junit.AutoTests" name="[81] /home/travis/build/icyphy/ptII/ptolemy/domains/modal/test/auto/InitialStateTransition1.xml (RunModel)" time="0.02" />
  <testcase classname="ptolemy.util.test.junit.AutoTests" name="[82] /home/travis/build/icyphy/ptII/ptolemy/domains/modal/test/auto/InitialStateTransition2.xml (RunModel)" time="0.024" />
  <testcase classname="ptolemy.util.test.junit.AutoTests" name="[83] /home/travis/build/icyphy/ptII/ptolemy/domains/modal/test/auto/InitialStateTransition3.xml (RunModel)" time="0.024" />
  <testcase classname="ptolemy.util.test.junit.AutoTests" name="[84] /home/travis/build/icyphy/ptII/ptolemy/domains/modal/test/auto/InitialStateTransition4.xml (RunModel)" time="0.029" />
  <testcase classname="ptolemy.util.test.junit.AutoTests" name="[85] /home/travis/build/icyphy/ptII/ptolemy/domains/modal/test/auto/MalformedGuardExpressionNotCaught.xml (RunModel)" time="0.028" />
  <testcase classname="ptolemy.util.test.junit.AutoTests" name="[86] /home/travis/build/icyphy/ptII/ptolemy/domains/modal/test/auto/ModalBSC.xml (RunModel)" time="0.1" />
  <testcase classname="ptolemy.util.test.junit.AutoTests" name="[87] /home/travis/build/icyphy/ptII/ptolemy/domains/modal/test/auto/ModalClocks.xml (RunModel)" time="0.14" />
  <testcase classname="ptolemy.util.test.junit.AutoTests" name="[88] /home/travis/build/icyphy/ptII/ptolemy/domains/modal/test/auto/ModalDelay.xml (RunModel)" time="0.079" />
  <testcase classname="ptolemy.util.test.junit.AutoTests" name="[89] /home/travis/build/icyphy/ptII/ptolemy/domains/modal/test/auto/ModalDelay2.xml (RunModel)" time="0.047" />
  <testcase classname="ptolemy.util.test.junit.AutoTests" name="[90] /home/travis/build/icyphy/ptII/ptolemy/domains/modal/test/auto/ModalModelFromMemo.xml (RunModel)" time="0.085" />
  <testcase classname="ptolemy.util.test.junit.AutoTests" name="[91] /home/travis/build/icyphy/ptII/ptolemy/domains/modal/test/auto/ModalModelWithMultirateTransient.xml (RunModel)" time="0.065" />
  <testcase classname="ptolemy.util.test.junit.AutoTests" name="[92] /home/travis/build/icyphy/ptII/ptolemy/domains/modal/test/auto/ModalModelWithReset.xml (RunModel)" time="0.055" />
  <testcase classname="ptolemy.util.test.junit.AutoTests" name="[93] /home/travis/build/icyphy/ptII/ptolemy/domains/modal/test/auto/MouseClickFSM.xml (RunModel)" time="0.052" />
  <testcase classname="ptolemy.util.test.junit.AutoTests" name="[94] /home/travis/build/icyphy/ptII/ptolemy/domains/modal/test/auto/MouseClickFSMModal.xml (RunModel)" time="0.045" />
  <testcase classname="ptolemy.util.test.junit.AutoTests" name="[95] /home/travis/build/icyphy/ptII/ptolemy/domains/modal/test/auto/NonStrictFSM_FeedbackLoop.xml (RunModel)" time="0.055" />
  <testcase classname="ptolemy.util.test.junit.AutoTests" name="[96] /home/travis/build/icyphy/ptII/ptolemy/domains/modal/test/auto/NonStrictFSM_FeedbackLoop_Refinement.xml (RunModel)" time="0.099" />
  <testcase classname="ptolemy.util.test.junit.AutoTests" name="[97] /home/travis/build/icyphy/ptII/ptolemy/domains/modal/test/auto/NonStrictFSM_FeedbackLoop_preemptive.xml (RunModel)" time="0.046" />
  <testcase classname="ptolemy.util.test.junit.AutoTests" name="[98] /home/travis/build/icyphy/ptII/ptolemy/domains/modal/test/auto/NormalTermination.xml (RunModel)" time="0.043" />
  <testcase classname="ptolemy.util.test.junit.AutoTests" name="[99] /home/travis/build/icyphy/ptII/ptolemy/domains/modal/test/auto/Pong.xml (RunModel)" time="0.078" />
  <testcase classname="ptolemy.util.test.junit.AutoTests" name="[100] /home/travis/build/icyphy/ptII/ptolemy/domains/modal/test/auto/Pong_test.xml (RunModel)" time="0.125" />
  <testcase classname="ptolemy.util.test.junit.AutoTests" name="[101] /home/travis/build/icyphy/ptII/ptolemy/domains/modal/test/auto/PreemptionHierarchy.xml (RunModel)" time="0.036" />
  <testcase classname="ptolemy.util.test.junit.AutoTests" name="[102] /home/travis/build/icyphy/ptII/ptolemy/domains/modal/test/auto/PreemptionHierarchy2.xml (RunModel)" time="0.038" />
  <testcase classname="ptolemy.util.test.junit.AutoTests" name="[103] /home/travis/build/icyphy/ptII/ptolemy/domains/modal/test/auto/PreemptiveTransition.xml (RunModel)" time="0.028" />
  <testcase classname="ptolemy.util.test.junit.AutoTests" name="[104] /home/travis/build/icyphy/ptII/ptolemy/domains/modal/test/auto/Priorities.xml (RunModel)" time="0.088" />
  <testcase classname="ptolemy.util.test.junit.AutoTests" name="[105] /home/travis/build/icyphy/ptII/ptolemy/domains/modal/test/auto/ResetFinal.xml (RunModel)" time="0.042" />
  <testcase classname="ptolemy.util.test.junit.AutoTests" name="[106] /home/travis/build/icyphy/ptII/ptolemy/domains/modal/test/auto/ResetFinal2.xml (RunModel)" time="0.028" />
  <testcase classname="ptolemy.util.test.junit.AutoTests" name="[107] /home/travis/build/icyphy/ptII/ptolemy/domains/modal/test/auto/ResetTransitionWithStartTime.xml (RunModel)" time="0.024" />
  <testcase classname="ptolemy.util.test.junit.AutoTests" name="[108] /home/travis/build/icyphy/ptII/ptolemy/domains/modal/test/auto/SDF-FSMComposite.xml (RunModel)" time="0.018" />
  <testcase classname="ptolemy.util.test.junit.AutoTests" name="[109] /home/travis/build/icyphy/ptII/ptolemy/domains/modal/test/auto/SeeminglyNondeterminate.xml (RunModel)" time="0.061" />
  <testcase classname="ptolemy.util.test.junit.AutoTests" name="[110] /home/travis/build/icyphy/ptII/ptolemy/domains/modal/test/auto/SeeminglyNondeterminate2.xml (RunModel)" time="0.095" />
  <testcase classname="ptolemy.util.test.junit.AutoTests" name="[111] /home/travis/build/icyphy/ptII/ptolemy/domains/modal/test/auto/SpontaneousFSM.xml (RunModel)" time="0.051" />
  <testcase classname="ptolemy.util.test.junit.AutoTests" name="[112] /home/travis/build/icyphy/ptII/ptolemy/domains/modal/test/auto/SpontaneousFSM2.xml (RunModel)" time="0.031" />
  <testcase classname="ptolemy.util.test.junit.AutoTests" name="[113] /home/travis/build/icyphy/ptII/ptolemy/domains/modal/test/auto/SpontaneousFSM3.xml (RunModel)" time="0.049" />
  <testcase classname="ptolemy.util.test.junit.AutoTests" name="[114] /home/travis/build/icyphy/ptII/ptolemy/domains/modal/test/auto/SpontaneousFSM4.xml (RunModel)" time="0.05" />
  <testcase classname="ptolemy.util.test.junit.AutoTests" name="[115] /home/travis/build/icyphy/ptII/ptolemy/domains/modal/test/auto/StateTrackerTest.xml (RunModel)" time="0.062" />
  <testcase classname="ptolemy.util.test.junit.AutoTests" name="[116] /home/travis/build/icyphy/ptII/ptolemy/domains/modal/test/auto/StrongImmediateTransition.xml (RunModel)" time="0.026" />
  <testcase classname="ptolemy.util.test.junit.AutoTests" name="[117] /home/travis/build/icyphy/ptII/ptolemy/domains/modal/test/auto/SustainHierarchy.xml (RunModel)" time="0.032" />
  <testcase classname="ptolemy.util.test.junit.AutoTests" name="[118] /home/travis/build/icyphy/ptII/ptolemy/domains/modal/test/auto/TerminationTransition1.xml (RunModel)" time="0.022" />
  <testcase classname="ptolemy.util.test.junit.AutoTests" name="[119] /home/travis/build/icyphy/ptII/ptolemy/domains/modal/test/auto/TerminationTransition2.xml (RunModel)" time="0.031" />
  <testcase classname="ptolemy.util.test.junit.AutoTests" name="[120] /home/travis/build/icyphy/ptII/ptolemy/domains/modal/test/auto/TerminationTransition3.xml (RunModel)" time="0.031" />
  <testcase classname="ptolemy.util.test.junit.AutoTests" name="[121] /home/travis/build/icyphy/ptII/ptolemy/domains/modal/test/auto/TerminationTransition4.xml (RunModel)" time="0.037" />
  <testcase classname="ptolemy.util.test.junit.AutoTests" name="[122] /home/travis/build/icyphy/ptII/ptolemy/domains/modal/test/auto/TerminationTransition5.xml (RunModel)" time="0.04" />
  <testcase classname="ptolemy.util.test.junit.AutoTests" name="[123] /home/travis/build/icyphy/ptII/ptolemy/domains/modal/test/auto/TerminationTransition6.xml (RunModel)" time="0.029" />
  <testcase classname="ptolemy.util.test.junit.AutoTests" name="[124] /home/travis/build/icyphy/ptII/ptolemy/domains/modal/test/auto/TerminationTransition7.xml (RunModel)" time="0.025" />
  <testcase classname="ptolemy.util.test.junit.AutoTests" name="[125] /home/travis/build/icyphy/ptII/ptolemy/domains/modal/test/auto/TerminationTransition8.xml (RunModel)" time="0.026" />
  <testcase classname="ptolemy.util.test.junit.AutoTests" name="[126] /home/travis/build/icyphy/ptII/ptolemy/domains/modal/test/auto/Thermostat_NoHysteresis.xml (RunModel)" time="0.054" />
  <testcase classname="ptolemy.util.test.junit.AutoTests" name="[127] /home/travis/build/icyphy/ptII/ptolemy/domains/modal/test/auto/TimedFSM.xml (RunModel)" time="0.031" />
  <testcase classname="ptolemy.util.test.junit.AutoTests" name="[128] /home/travis/build/icyphy/ptII/ptolemy/domains/modal/test/auto/Timeout1.xml (RunModel)" time="0.013" />
  <testcase classname="ptolemy.util.test.junit.AutoTests" name="[129] /home/travis/build/icyphy/ptII/ptolemy/domains/modal/test/auto/Timeout2.xml (RunModel)" time="0.023" />
  <testcase classname="ptolemy.util.test.junit.AutoTests" name="[130] /home/travis/build/icyphy/ptII/ptolemy/domains/modal/test/auto/Timeout3.xml (RunModel)" time="0.009" />
  <testcase classname="ptolemy.util.test.junit.AutoTests" name="[131] /home/travis/build/icyphy/ptII/ptolemy/domains/modal/test/auto/Timeout4.xml (RunModel)" time="0.009" />
  <testcase classname="ptolemy.util.test.junit.AutoTests" name="[132] /home/travis/build/icyphy/ptII/ptolemy/domains/modal/test/auto/TransientstateModelAdvanced.xml (RunModel)" time="0.025" />
  <testcase classname="ptolemy.util.test.junit.AutoTests" name="[133] /home/travis/build/icyphy/ptII/ptolemy/domains/modal/test/auto/TransientstateModelAdvanced2.xml (RunModel)" time="0.026" />
  <testcase classname="ptolemy.util.test.junit.AutoTests" name="[134] /home/travis/build/icyphy/ptII/ptolemy/domains/modal/test/auto/TransitionRefinements.xml (RunModel)" time="0.023" />
  <testcase classname="ptolemy.util.test.junit.AutoTests" name="[135] /home/travis/build/icyphy/ptII/ptolemy/domains/modal/test/auto/TwoRefinements1.xml (RunModel)" time="0.022" />
  <testcase classname="ptolemy.util.test.junit.AutoTests" name="[136] /home/travis/build/icyphy/ptII/ptolemy/domains/modal/test/auto/TwoRefinements2.xml (RunModel)" time="0.022" />
  <testcase classname="ptolemy.util.test.junit.AutoTests" name="[137] /home/travis/build/icyphy/ptII/ptolemy/domains/modal/test/auto/WeakImmediateTransition.xml (RunModel)" time="0.024" />
  <testcase classname="ptolemy.util.test.junit.AutoTests" name="[138] /home/travis/build/icyphy/ptII/ptolemy/domains/modal/test/auto/booleanSelect.xml (RunModel)" time="0.075" />
  <testcase classname="ptolemy.util.test.junit.AutoTests" name="[139] /home/travis/build/icyphy/ptII/ptolemy/domains/modal/test/auto/modalChangingParams.xml (RunModel)" time="0.322" />
  <testcase classname="ptolemy.util.test.junit.AutoTests" name="[140] /home/travis/build/icyphy/ptII/ptolemy/domains/modal/test/auto/modalModel.xml (RunModel)" time="0.023" />
  <testcase classname="ptolemy.util.test.junit.AutoTests" name="[141] /home/travis/build/icyphy/ptII/ptolemy/domains/modal/test/auto/modalModel2.xml (RunModel)" time="0.022" />
  <testcase classname="ptolemy.util.test.junit.AutoTests" name="[142] /home/travis/build/icyphy/ptII/ptolemy/domains/modal/test/auto/modalModel3.xml (RunModel)" time="0.037" />
  <testcase classname="ptolemy.util.test.junit.AutoTests" name="[143] /home/travis/build/icyphy/ptII/ptolemy/domains/modal/test/auto/model1.xml (RunModel)" time="0.017" />
  <testcase classname="ptolemy.util.test.junit.AutoTests" name="[144] /home/travis/build/icyphy/ptII/ptolemy/domains/modal/test/auto/test-direct-in-out.xml (RunModel)" time="0.022" />
  <system-out><![CDATA[/home/travis/build/icyphy/ptII/ptolemy/domains/modal/test/SystemLevelType.tcl
testDefs.tcl: setting time out to 9000 seconds at Sat Oct 31 15:58:37 UTC 2020
10/31/20 03:58:39
Failed: 0  Total Tests: 1  ((Passed: 1, Newly Passed: 0)  Known Failed: 0) /home/travis/build/icyphy/ptII/ptolemy/domains/modal/test
----------------- testing (KnownFailure) /home/travis/build/icyphy/ptII/ptolemy/domains/modal/test/auto/knownFailedTests/CannotAnalysisWithPreemption.xml
157 ms. Memory: 163840K Free: 121274K (74%)
Known Failure: java.lang.reflect.InvocationTargetException
No auto/linux-amd64/*.xml tests in /home/travis/build/icyphy/ptII/ptolemy/domains/modal/test
AutoTests.java: About to close Vertx.
AutoTests.java: Vertx closed.

===========================================================================================
----------------- testing Sat Oct 31 15:58:40 UTC 2020 /home/travis/build/icyphy/ptII/ptolemy/domains/modal/test/auto/ABPTest.xml
----------------- Instantiating /home/travis/build/icyphy/ptII/ptolemy/domains/modal/test/auto/ABPTest.xml
427 ms. Memory: 163840K Free: 121552K (74%)
----------------- Invoking toplevel() on ptolemy.moml.MoMLSimpleApplication@5c7bec60
----------------- Done invoking toplevel() on ptolemy.moml.MoMLSimpleApplication@5c7bec60
reloadAllAccessors: .ABPTest

===========================================================================================
----------------- testing Sat Oct 31 15:58:41 UTC 2020 /home/travis/build/icyphy/ptII/ptolemy/domains/modal/test/auto/ABROFlat.xml
----------------- Instantiating /home/travis/build/icyphy/ptII/ptolemy/domains/modal/test/auto/ABROFlat.xml
37 ms. Memory: 163840K Free: 106640K (65%)
----------------- Invoking toplevel() on ptolemy.moml.MoMLSimpleApplication@2580ad0f
----------------- Done invoking toplevel() on ptolemy.moml.MoMLSimpleApplication@2580ad0f
reloadAllAccessors: .ABROFlat

===========================================================================================
----------------- testing Sat Oct 31 15:58:41 UTC 2020 /home/travis/build/icyphy/ptII/ptolemy/domains/modal/test/auto/ABROFlat2.xml
----------------- Instantiating /home/travis/build/icyphy/ptII/ptolemy/domains/modal/test/auto/ABROFlat2.xml
25 ms. Memory: 163840K Free: 90250K (55%)
----------------- Invoking toplevel() on ptolemy.moml.MoMLSimpleApplication@15539a42
----------------- Done invoking toplevel() on ptolemy.moml.MoMLSimpleApplication@15539a42
reloadAllAccessors: .ABROFlat2

===========================================================================================
----------------- testing Sat Oct 31 15:58:41 UTC 2020 /home/travis/build/icyphy/ptII/ptolemy/domains/modal/test/auto/ABRO_present_hmm.xml
----------------- Instantiating /home/travis/build/icyphy/ptII/ptolemy/domains/modal/test/auto/ABRO_present_hmm.xml
21 ms. Memory: 163840K Free: 63602K (39%)
----------------- Invoking toplevel() on ptolemy.moml.MoMLSimpleApplication@5e088849
----------------- Done invoking toplevel() on ptolemy.moml.MoMLSimpleApplication@5e088849
reloadAllAccessors: .ABRO_present_hmm

===========================================================================================
----------------- testing Sat Oct 31 15:58:41 UTC 2020 /home/travis/build/icyphy/ptII/ptolemy/domains/modal/test/auto/AMICoderExample.xml
----------------- Instantiating /home/travis/build/icyphy/ptII/ptolemy/domains/modal/test/auto/AMICoderExample.xml
49 ms. Memory: 163840K Free: 143590K (88%)
----------------- Invoking toplevel() on ptolemy.moml.MoMLSimpleApplication@3880635a
----------------- Done invoking toplevel() on ptolemy.moml.MoMLSimpleApplication@3880635a
reloadAllAccessors: .AMICoderExample

===========================================================================================
----------------- testing Sat Oct 31 15:58:41 UTC 2020 /home/travis/build/icyphy/ptII/ptolemy/domains/modal/test/auto/AbsentToPresent.xml
----------------- Instantiating /home/travis/build/icyphy/ptII/ptolemy/domains/modal/test/auto/AbsentToPresent.xml
15 ms. Memory: 163840K Free: 138330K (84%)
----------------- Invoking toplevel() on ptolemy.moml.MoMLSimpleApplication@5dc55b23
----------------- Done invoking toplevel() on ptolemy.moml.MoMLSimpleApplication@5dc55b23
reloadAllAccessors: .AbsentToPresent

===========================================================================================
----------------- testing Sat Oct 31 15:58:41 UTC 2020 /home/travis/build/icyphy/ptII/ptolemy/domains/modal/test/auto/Blending.xml
----------------- Instantiating /home/travis/build/icyphy/ptII/ptolemy/domains/modal/test/auto/Blending.xml
180 ms. Memory: 163840K Free: 94268K (58%)
----------------- Invoking toplevel() on ptolemy.moml.MoMLSimpleApplication@9a78286
----------------- Done invoking toplevel() on ptolemy.moml.MoMLSimpleApplication@9a78286
reloadAllAccessors: .Blending

===========================================================================================
----------------- testing Sat Oct 31 15:58:41 UTC 2020 /home/travis/build/icyphy/ptII/ptolemy/domains/modal/test/auto/Broadcast.xml
----------------- Instantiating /home/travis/build/icyphy/ptII/ptolemy/domains/modal/test/auto/Broadcast.xml
9 ms. Memory: 163840K Free: 84621K (52%)
----------------- Invoking toplevel() on ptolemy.moml.MoMLSimpleApplication@60fdf819
----------------- Done invoking toplevel() on ptolemy.moml.MoMLSimpleApplication@60fdf819
reloadAllAccessors: .Broadcast

===========================================================================================
----------------- testing Sat Oct 31 15:58:42 UTC 2020 /home/travis/build/icyphy/ptII/ptolemy/domains/modal/test/auto/BroadcastHierarchy.xml
----------------- Instantiating /home/travis/build/icyphy/ptII/ptolemy/domains/modal/test/auto/BroadcastHierarchy.xml
20 ms. Memory: 163840K Free: 70724K (43%)
----------------- Invoking toplevel() on ptolemy.moml.MoMLSimpleApplication@4c6885ba
----------------- Done invoking toplevel() on ptolemy.moml.MoMLSimpleApplication@4c6885ba
reloadAllAccessors: .BroadcastHierarchy

===========================================================================================
----------------- testing Sat Oct 31 15:58:42 UTC 2020 /home/travis/build/icyphy/ptII/ptolemy/domains/modal/test/auto/BroadcastHierarchy2.xml
----------------- Instantiating /home/travis/build/icyphy/ptII/ptolemy/domains/modal/test/auto/BroadcastHierarchy2.xml
34 ms. Memory: 211968K Free: 183847K (87%)
----------------- Invoking toplevel() on ptolemy.moml.MoMLSimpleApplication@4a97f051
----------------- Done invoking toplevel() on ptolemy.moml.MoMLSimpleApplication@4a97f051
reloadAllAccessors: .BroadcastHierarchy2

===========================================================================================
----------------- testing Sat Oct 31 15:58:42 UTC 2020 /home/travis/build/icyphy/ptII/ptolemy/domains/modal/test/auto/BroadcastHierarchy3.xml
----------------- Instantiating /home/travis/build/icyphy/ptII/ptolemy/domains/modal/test/auto/BroadcastHierarchy3.xml
26 ms. Memory: 211968K Free: 163881K (77%)
----------------- Invoking toplevel() on ptolemy.moml.MoMLSimpleApplication@3829d5a6
----------------- Done invoking toplevel() on ptolemy.moml.MoMLSimpleApplication@3829d5a6
reloadAllAccessors: .BroadcastHierarchy3

===========================================================================================
----------------- testing Sat Oct 31 15:58:42 UTC 2020 /home/travis/build/icyphy/ptII/ptolemy/domains/modal/test/auto/BroadcastHierarchy4.xml
----------------- Instantiating /home/travis/build/icyphy/ptII/ptolemy/domains/modal/test/auto/BroadcastHierarchy4.xml
12 ms. Memory: 211968K Free: 139815K (66%)
----------------- Invoking toplevel() on ptolemy.moml.MoMLSimpleApplication@4666074f
----------------- Done invoking toplevel() on ptolemy.moml.MoMLSimpleApplication@4666074f
reloadAllAccessors: .BroadcastHierarchy4

===========================================================================================
----------------- testing Sat Oct 31 15:58:42 UTC 2020 /home/travis/build/icyphy/ptII/ptolemy/domains/modal/test/auto/CannotAnalysisWithPreemption2.xml
----------------- Instantiating /home/travis/build/icyphy/ptII/ptolemy/domains/modal/test/auto/CannotAnalysisWithPreemption2.xml
8 ms. Memory: 211968K Free: 132647K (63%)
----------------- Invoking toplevel() on ptolemy.moml.MoMLSimpleApplication@6f4dc6f7
----------------- Done invoking toplevel() on ptolemy.moml.MoMLSimpleApplication@6f4dc6f7
reloadAllAccessors: .CannotAnalysisWithPreemption2

===========================================================================================
----------------- testing Sat Oct 31 15:58:42 UTC 2020 /home/travis/build/icyphy/ptII/ptolemy/domains/modal/test/auto/CannotAnalysisWithPreemption3.xml
----------------- Instantiating /home/travis/build/icyphy/ptII/ptolemy/domains/modal/test/auto/CannotAnalysisWithPreemption3.xml
6 ms. Memory: 211968K Free: 122401K (58%)
----------------- Invoking toplevel() on ptolemy.moml.MoMLSimpleApplication@c45e08e
----------------- Done invoking toplevel() on ptolemy.moml.MoMLSimpleApplication@c45e08e
reloadAllAccessors: .CannotAnalysisWithPreemption3

===========================================================================================
----------------- testing Sat Oct 31 15:58:42 UTC 2020 /home/travis/build/icyphy/ptII/ptolemy/domains/modal/test/auto/CannotProduce.xml
----------------- Instantiating /home/travis/build/icyphy/ptII/ptolemy/domains/modal/test/auto/CannotProduce.xml
15 ms. Memory: 211968K Free: 115753K (55%)
----------------- Invoking toplevel() on ptolemy.moml.MoMLSimpleApplication@2eb234b0
----------------- Done invoking toplevel() on ptolemy.moml.MoMLSimpleApplication@2eb234b0
reloadAllAccessors: .CannotProduce

===========================================================================================
----------------- testing Sat Oct 31 15:58:42 UTC 2020 /home/travis/build/icyphy/ptII/ptolemy/domains/modal/test/auto/CannotProduceModal.xml
----------------- Instantiating /home/travis/build/icyphy/ptII/ptolemy/domains/modal/test/auto/CannotProduceModal.xml
12 ms. Memory: 211968K Free: 109089K (51%)
----------------- Invoking toplevel() on ptolemy.moml.MoMLSimpleApplication@55e2ca17
----------------- Done invoking toplevel() on ptolemy.moml.MoMLSimpleApplication@55e2ca17
reloadAllAccessors: .CannotProduceModal

===========================================================================================
----------------- testing Sat Oct 31 15:58:42 UTC 2020 /home/travis/build/icyphy/ptII/ptolemy/domains/modal/test/auto/Case.xml
----------------- Instantiating /home/travis/build/icyphy/ptII/ptolemy/domains/modal/test/auto/Case.xml
34 ms. Memory: 211968K Free: 97831K (46%)
----------------- Invoking toplevel() on ptolemy.moml.MoMLSimpleApplication@32415d46
----------------- Done invoking toplevel() on ptolemy.moml.MoMLSimpleApplication@32415d46
reloadAllAccessors: .Case

===========================================================================================
----------------- testing Sat Oct 31 15:58:42 UTC 2020 /home/travis/build/icyphy/ptII/ptolemy/domains/modal/test/auto/Case1.xml
----------------- Instantiating /home/travis/build/icyphy/ptII/ptolemy/domains/modal/test/auto/Case1.xml
5 ms. Memory: 211968K Free: 90663K (43%)
----------------- Invoking toplevel() on ptolemy.moml.MoMLSimpleApplication@427c434e
----------------- Done invoking toplevel() on ptolemy.moml.MoMLSimpleApplication@427c434e
reloadAllAccessors: .Case1

===========================================================================================
----------------- testing Sat Oct 31 15:58:42 UTC 2020 /home/travis/build/icyphy/ptII/ptolemy/domains/modal/test/auto/Case2.xml
----------------- Instantiating /home/travis/build/icyphy/ptII/ptolemy/domains/modal/test/auto/Case2.xml
26 ms. Memory: 211968K Free: 79913K (38%)
----------------- Invoking toplevel() on ptolemy.moml.MoMLSimpleApplication@3b7f3c5c
----------------- Done invoking toplevel() on ptolemy.moml.MoMLSimpleApplication@3b7f3c5c
reloadAllAccessors: .Case2

===========================================================================================
----------------- testing Sat Oct 31 15:58:42 UTC 2020 /home/travis/build/icyphy/ptII/ptolemy/domains/modal/test/auto/CausalityInterface1.xml
----------------- Instantiating /home/travis/build/icyphy/ptII/ptolemy/domains/modal/test/auto/CausalityInterface1.xml
8 ms. Memory: 211968K Free: 74793K (35%)
----------------- Invoking toplevel() on ptolemy.moml.MoMLSimpleApplication@1ee64a5e
----------------- Done invoking toplevel() on ptolemy.moml.MoMLSimpleApplication@1ee64a5e
reloadAllAccessors: .CausalityInterface1

===========================================================================================
----------------- testing Sat Oct 31 15:58:42 UTC 2020 /home/travis/build/icyphy/ptII/ptolemy/domains/modal/test/auto/CausalityInterface10.xml
----------------- Instantiating /home/travis/build/icyphy/ptII/ptolemy/domains/modal/test/auto/CausalityInterface10.xml
15 ms. Memory: 211968K Free: 182313K (86%)
----------------- Invoking toplevel() on ptolemy.moml.MoMLSimpleApplication@6983eca7
----------------- Done invoking toplevel() on ptolemy.moml.MoMLSimpleApplication@6983eca7
reloadAllAccessors: .CausalityInterface10

===========================================================================================
----------------- testing Sat Oct 31 15:58:42 UTC 2020 /home/travis/build/icyphy/ptII/ptolemy/domains/modal/test/auto/CausalityInterface11.xml
----------------- Instantiating /home/travis/build/icyphy/ptII/ptolemy/domains/modal/test/auto/CausalityInterface11.xml
9 ms. Memory: 211968K Free: 169001K (80%)
----------------- Invoking toplevel() on ptolemy.moml.MoMLSimpleApplication@20975cee
----------------- Done invoking toplevel() on ptolemy.moml.MoMLSimpleApplication@20975cee
reloadAllAccessors: .CausalityInterface11

===========================================================================================
----------------- testing Sat Oct 31 15:58:42 UTC 2020 /home/travis/build/icyphy/ptII/ptolemy/domains/modal/test/auto/CausalityInterface12.xml
----------------- Instantiating /home/travis/build/icyphy/ptII/ptolemy/domains/modal/test/auto/CausalityInterface12.xml
9 ms. Memory: 211968K Free: 155689K (73%)
----------------- Invoking toplevel() on ptolemy.moml.MoMLSimpleApplication@1a267a9d
----------------- Done invoking toplevel() on ptolemy.moml.MoMLSimpleApplication@1a267a9d
reloadAllAccessors: .CausalityInterface12

===========================================================================================
----------------- testing Sat Oct 31 15:58:43 UTC 2020 /home/travis/build/icyphy/ptII/ptolemy/domains/modal/test/auto/CausalityInterface13.xml
----------------- Instantiating /home/travis/build/icyphy/ptII/ptolemy/domains/modal/test/auto/CausalityInterface13.xml
11 ms. Memory: 211968K Free: 141353K (67%)
----------------- Invoking toplevel() on ptolemy.moml.MoMLSimpleApplication@3ff3613d
----------------- Done invoking toplevel() on ptolemy.moml.MoMLSimpleApplication@3ff3613d
reloadAllAccessors: .CausalityInterface13

===========================================================================================
----------------- testing Sat Oct 31 15:58:43 UTC 2020 /home/travis/build/icyphy/ptII/ptolemy/domains/modal/test/auto/CausalityInterface14.xml
----------------- Instantiating /home/travis/build/icyphy/ptII/ptolemy/domains/modal/test/auto/CausalityInterface14.xml
5 ms. Memory: 211968K Free: 127497K (60%)
----------------- Invoking toplevel() on ptolemy.moml.MoMLSimpleApplication@7cc2f2f7
----------------- Done invoking toplevel() on ptolemy.moml.MoMLSimpleApplication@7cc2f2f7
reloadAllAccessors: .CausalityInterface14

===========================================================================================
----------------- testing Sat Oct 31 15:58:43 UTC 2020 /home/travis/build/icyphy/ptII/ptolemy/domains/modal/test/auto/CausalityInterface2.xml
----------------- Instantiating /home/travis/build/icyphy/ptII/ptolemy/domains/modal/test/auto/CausalityInterface2.xml
12 ms. Memory: 211968K Free: 121383K (57%)
----------------- Invoking toplevel() on ptolemy.moml.MoMLSimpleApplication@3b3a62b8
----------------- Done invoking toplevel() on ptolemy.moml.MoMLSimpleApplication@3b3a62b8
reloadAllAccessors: .CausalityInterface2

===========================================================================================
----------------- testing Sat Oct 31 15:58:43 UTC 2020 /home/travis/build/icyphy/ptII/ptolemy/domains/modal/test/auto/CausalityInterface3.xml
----------------- Instantiating /home/travis/build/icyphy/ptII/ptolemy/domains/modal/test/auto/CausalityInterface3.xml
4 ms. Memory: 211968K Free: 115239K (54%)
----------------- Invoking toplevel() on ptolemy.moml.MoMLSimpleApplication@7fe49beb
----------------- Done invoking toplevel() on ptolemy.moml.MoMLSimpleApplication@7fe49beb
reloadAllAccessors: .CausalityInterface3

===========================================================================================
----------------- testing Sat Oct 31 15:58:43 UTC 2020 /home/travis/build/icyphy/ptII/ptolemy/domains/modal/test/auto/CausalityInterface4.xml
----------------- Instantiating /home/travis/build/icyphy/ptII/ptolemy/domains/modal/test/auto/CausalityInterface4.xml
5 ms. Memory: 211968K Free: 108585K (51%)
----------------- Invoking toplevel() on ptolemy.moml.MoMLSimpleApplication@665babd7
----------------- Done invoking toplevel() on ptolemy.moml.MoMLSimpleApplication@665babd7
reloadAllAccessors: .CausalityInterface4

===========================================================================================
----------------- testing Sat Oct 31 15:58:43 UTC 2020 /home/travis/build/icyphy/ptII/ptolemy/domains/modal/test/auto/CausalityInterface5.xml
----------------- Instantiating /home/travis/build/icyphy/ptII/ptolemy/domains/modal/test/auto/CausalityInterface5.xml
6 ms. Memory: 211968K Free: 100889K (48%)
----------------- Invoking toplevel() on ptolemy.moml.MoMLSimpleApplication@31bdb7ea
----------------- Done invoking toplevel() on ptolemy.moml.MoMLSimpleApplication@31bdb7ea
reloadAllAccessors: .CausalityInterface5

===========================================================================================
----------------- testing Sat Oct 31 15:58:43 UTC 2020 /home/travis/build/icyphy/ptII/ptolemy/domains/modal/test/auto/CausalityInterface6.xml
----------------- Instantiating /home/travis/build/icyphy/ptII/ptolemy/domains/modal/test/auto/CausalityInterface6.xml
5 ms. Memory: 211968K Free: 92697K (44%)
----------------- Invoking toplevel() on ptolemy.moml.MoMLSimpleApplication@77f9d953
----------------- Done invoking toplevel() on ptolemy.moml.MoMLSimpleApplication@77f9d953
reloadAllAccessors: .CausalityInterface6

===========================================================================================
----------------- testing Sat Oct 31 15:58:43 UTC 2020 /home/travis/build/icyphy/ptII/ptolemy/domains/modal/test/auto/CausalityInterface7.xml
----------------- Instantiating /home/travis/build/icyphy/ptII/ptolemy/domains/modal/test/auto/CausalityInterface7.xml
6 ms. Memory: 211968K Free: 84505K (40%)
----------------- Invoking toplevel() on ptolemy.moml.MoMLSimpleApplication@1a4e84d9
----------------- Done invoking toplevel() on ptolemy.moml.MoMLSimpleApplication@1a4e84d9
reloadAllAccessors: .CausalityInterface7

===========================================================================================
----------------- testing Sat Oct 31 15:58:43 UTC 2020 /home/travis/build/icyphy/ptII/ptolemy/domains/modal/test/auto/CausalityInterface8.xml
----------------- Instantiating /home/travis/build/icyphy/ptII/ptolemy/domains/modal/test/auto/CausalityInterface8.xml
6 ms. Memory: 211968K Free: 75817K (36%)
----------------- Invoking toplevel() on ptolemy.moml.MoMLSimpleApplication@27404ce0
----------------- Done invoking toplevel() on ptolemy.moml.MoMLSimpleApplication@27404ce0
reloadAllAccessors: .CausalityInterface8

===========================================================================================
----------------- testing Sat Oct 31 15:58:43 UTC 2020 /home/travis/build/icyphy/ptII/ptolemy/domains/modal/test/auto/CausalityInterface9.xml
----------------- Instantiating /home/travis/build/icyphy/ptII/ptolemy/domains/modal/test/auto/CausalityInterface9.xml
7 ms. Memory: 211968K Free: 187945K (89%)
----------------- Invoking toplevel() on ptolemy.moml.MoMLSimpleApplication@7f07991c
----------------- Done invoking toplevel() on ptolemy.moml.MoMLSimpleApplication@7f07991c
reloadAllAccessors: .CausalityInterface9

===========================================================================================
----------------- testing Sat Oct 31 15:58:43 UTC 2020 /home/travis/build/icyphy/ptII/ptolemy/domains/modal/test/auto/ChainedTransitions.xml
----------------- Instantiating /home/travis/build/icyphy/ptII/ptolemy/domains/modal/test/auto/ChainedTransitions.xml
109 ms. Memory: 211968K Free: 162855K (77%)
----------------- Invoking toplevel() on ptolemy.moml.MoMLSimpleApplication@b0be696
----------------- Done invoking toplevel() on ptolemy.moml.MoMLSimpleApplication@b0be696
reloadAllAccessors: .ChainedTransitions

===========================================================================================
----------------- testing Sat Oct 31 15:58:43 UTC 2020 /home/travis/build/icyphy/ptII/ptolemy/domains/modal/test/auto/CycleOfImmediateTransitionsFSM.xml
----------------- Instantiating /home/travis/build/icyphy/ptII/ptolemy/domains/modal/test/auto/CycleOfImmediateTransitionsFSM.xml
3 ms. Memory: 211968K Free: 157225K (74%)
----------------- Invoking toplevel() on ptolemy.moml.MoMLSimpleApplication@4853ac6b
----------------- Done invoking toplevel() on ptolemy.moml.MoMLSimpleApplication@4853ac6b
reloadAllAccessors: .CycleOfImmediateTransitionsFSM

===========================================================================================
----------------- testing Sat Oct 31 15:58:43 UTC 2020 /home/travis/build/icyphy/ptII/ptolemy/domains/modal/test/auto/CycleOfImmediateTransitionsModal.xml
----------------- Instantiating /home/travis/build/icyphy/ptII/ptolemy/domains/modal/test/auto/CycleOfImmediateTransitionsModal.xml
3 ms. Memory: 211968K Free: 151081K (71%)
----------------- Invoking toplevel() on ptolemy.moml.MoMLSimpleApplication@4990da70
----------------- Done invoking toplevel() on ptolemy.moml.MoMLSimpleApplication@4990da70
reloadAllAccessors: .CycleOfImmediateTransitionsModal

===========================================================================================
----------------- testing Sat Oct 31 15:58:43 UTC 2020 /home/travis/build/icyphy/ptII/ptolemy/domains/modal/test/auto/CycleOfImmediateTransitionsModal2.xml
----------------- Instantiating /home/travis/build/icyphy/ptII/ptolemy/domains/modal/test/auto/CycleOfImmediateTransitionsModal2.xml
10 ms. Memory: 211968K Free: 144937K (68%)
----------------- Invoking toplevel() on ptolemy.moml.MoMLSimpleApplication@21a1091f
----------------- Done invoking toplevel() on ptolemy.moml.MoMLSimpleApplication@21a1091f
reloadAllAccessors: .CycleOfImmediateTransitionsModal2

===========================================================================================
----------------- testing Sat Oct 31 15:58:43 UTC 2020 /home/travis/build/icyphy/ptII/ptolemy/domains/modal/test/auto/CycleOfImmediateTransitionsModal3.xml
----------------- Instantiating /home/travis/build/icyphy/ptII/ptolemy/domains/modal/test/auto/CycleOfImmediateTransitionsModal3.xml
11 ms. Memory: 211968K Free: 122409K (58%)
----------------- Invoking toplevel() on ptolemy.moml.MoMLSimpleApplication@35cfcab3
----------------- Done invoking toplevel() on ptolemy.moml.MoMLSimpleApplication@35cfcab3
reloadAllAccessors: .CycleOfImmediateTransitionsModal3

===========================================================================================
----------------- testing Sat Oct 31 15:58:43 UTC 2020 /home/travis/build/icyphy/ptII/ptolemy/domains/modal/test/auto/DeepModal1.xml
----------------- Instantiating /home/travis/build/icyphy/ptII/ptolemy/domains/modal/test/auto/DeepModal1.xml
29 ms. Memory: 211968K Free: 108553K (51%)
----------------- Invoking toplevel() on ptolemy.moml.MoMLSimpleApplication@47781c5e
----------------- Done invoking toplevel() on ptolemy.moml.MoMLSimpleApplication@47781c5e
reloadAllAccessors: .DeepModal1

===========================================================================================
----------------- testing Sat Oct 31 15:58:43 UTC 2020 /home/travis/build/icyphy/ptII/ptolemy/domains/modal/test/auto/DeepModal2.xml
----------------- Instantiating /home/travis/build/icyphy/ptII/ptolemy/domains/modal/test/auto/DeepModal2.xml
26 ms. Memory: 211968K Free: 90151K (43%)
----------------- Invoking toplevel() on ptolemy.moml.MoMLSimpleApplication@2a034895
----------------- Done invoking toplevel() on ptolemy.moml.MoMLSimpleApplication@2a034895
reloadAllAccessors: .DeepModal2

===========================================================================================
----------------- testing Sat Oct 31 15:58:43 UTC 2020 /home/travis/build/icyphy/ptII/ptolemy/domains/modal/test/auto/DeepModal3.xml
----------------- Instantiating /home/travis/build/icyphy/ptII/ptolemy/domains/modal/test/auto/DeepModal3.xml
45 ms. Memory: 211968K Free: 191118K (90%)
----------------- Invoking toplevel() on ptolemy.moml.MoMLSimpleApplication@1d1bd517
----------------- Done invoking toplevel() on ptolemy.moml.MoMLSimpleApplication@1d1bd517
reloadAllAccessors: .DeepModal3

===========================================================================================
----------------- testing Sat Oct 31 15:58:44 UTC 2020 /home/travis/build/icyphy/ptII/ptolemy/domains/modal/test/auto/DeepModal4.xml
----------------- Instantiating /home/travis/build/icyphy/ptII/ptolemy/domains/modal/test/auto/DeepModal4.xml
31 ms. Memory: 211968K Free: 172057K (81%)
----------------- Invoking toplevel() on ptolemy.moml.MoMLSimpleApplication@488bbdb0
----------------- Done invoking toplevel() on ptolemy.moml.MoMLSimpleApplication@488bbdb0
reloadAllAccessors: .DeepModal4

===========================================================================================
----------------- testing Sat Oct 31 15:58:44 UTC 2020 /home/travis/build/icyphy/ptII/ptolemy/domains/modal/test/auto/Default1.xml
----------------- Instantiating /home/travis/build/icyphy/ptII/ptolemy/domains/modal/test/auto/Default1.xml
2 ms. Memory: 211968K Free: 165927K (78%)
----------------- Invoking toplevel() on ptolemy.moml.MoMLSimpleApplication@7889296a
----------------- Done invoking toplevel() on ptolemy.moml.MoMLSimpleApplication@7889296a
reloadAllAccessors: .Default1

===========================================================================================
----------------- testing Sat Oct 31 15:58:44 UTC 2020 /home/travis/build/icyphy/ptII/ptolemy/domains/modal/test/auto/Default2.xml
----------------- Instantiating /home/travis/build/icyphy/ptII/ptolemy/domains/modal/test/auto/Default2.xml
9 ms. Memory: 211968K Free: 160297K (76%)
----------------- Invoking toplevel() on ptolemy.moml.MoMLSimpleApplication@6e4761b9
----------------- Done invoking toplevel() on ptolemy.moml.MoMLSimpleApplication@6e4761b9
reloadAllAccessors: .Default2

===========================================================================================
----------------- testing Sat Oct 31 15:58:44 UTC 2020 /home/travis/build/icyphy/ptII/ptolemy/domains/modal/test/auto/Default3.xml
----------------- Instantiating /home/travis/build/icyphy/ptII/ptolemy/domains/modal/test/auto/Default3.xml
2 ms. Memory: 211968K Free: 153639K (72%)
----------------- Invoking toplevel() on ptolemy.moml.MoMLSimpleApplication@1d3365c2
----------------- Done invoking toplevel() on ptolemy.moml.MoMLSimpleApplication@1d3365c2
reloadAllAccessors: .Default3

===========================================================================================
----------------- testing Sat Oct 31 15:58:44 UTC 2020 /home/travis/build/icyphy/ptII/ptolemy/domains/modal/test/auto/Default4.xml
----------------- Instantiating /home/travis/build/icyphy/ptII/ptolemy/domains/modal/test/auto/Default4.xml
6 ms. Memory: 211968K Free: 147495K (70%)
----------------- Invoking toplevel() on ptolemy.moml.MoMLSimpleApplication@5aa58ea0
----------------- Done invoking toplevel() on ptolemy.moml.MoMLSimpleApplication@5aa58ea0
reloadAllAccessors: .Default4

===========================================================================================
----------------- testing Sat Oct 31 15:58:44 UTC 2020 /home/travis/build/icyphy/ptII/ptolemy/domains/modal/test/auto/Default5.xml
----------------- Instantiating /home/travis/build/icyphy/ptII/ptolemy/domains/modal/test/auto/Default5.xml
8 ms. Memory: 211968K Free: 139817K (66%)
----------------- Invoking toplevel() on ptolemy.moml.MoMLSimpleApplication@27e5f4b1
----------------- Done invoking toplevel() on ptolemy.moml.MoMLSimpleApplication@27e5f4b1
reloadAllAccessors: .Default5

===========================================================================================
----------------- testing Sat Oct 31 15:58:44 UTC 2020 /home/travis/build/icyphy/ptII/ptolemy/domains/modal/test/auto/EmptyGuard.xml
----------------- Instantiating /home/travis/build/icyphy/ptII/ptolemy/domains/modal/test/auto/EmptyGuard.xml
11 ms. Memory: 211968K Free: 132129K (62%)
----------------- Invoking toplevel() on ptolemy.moml.MoMLSimpleApplication@a36f8ec
----------------- Done invoking toplevel() on ptolemy.moml.MoMLSimpleApplication@a36f8ec
reloadAllAccessors: .EmptyGuard

===========================================================================================
----------------- testing Sat Oct 31 15:58:44 UTC 2020 /home/travis/build/icyphy/ptII/ptolemy/domains/modal/test/auto/ErrorTransition1.xml
----------------- Instantiating /home/travis/build/icyphy/ptII/ptolemy/domains/modal/test/auto/ErrorTransition1.xml
14 ms. Memory: 211968K Free: 122919K (58%)
----------------- Invoking toplevel() on ptolemy.moml.MoMLSimpleApplication@5fbd1f44
----------------- Done invoking toplevel() on ptolemy.moml.MoMLSimpleApplication@5fbd1f44
reloadAllAccessors: .ErrorTransition1

===========================================================================================
----------------- testing Sat Oct 31 15:58:44 UTC 2020 /home/travis/build/icyphy/ptII/ptolemy/domains/modal/test/auto/ErrorTransition10.xml
----------------- Instantiating /home/travis/build/icyphy/ptII/ptolemy/domains/modal/test/auto/ErrorTransition10.xml
16 ms. Memory: 211968K Free: 109097K (51%)
----------------- Invoking toplevel() on ptolemy.moml.MoMLSimpleApplication@1bf691f
----------------- Done invoking toplevel() on ptolemy.moml.MoMLSimpleApplication@1bf691f
reloadAllAccessors: .ErrorTransition10

===========================================================================================
----------------- testing Sat Oct 31 15:58:44 UTC 2020 /home/travis/build/icyphy/ptII/ptolemy/domains/modal/test/auto/ErrorTransition11.xml
----------------- Instantiating /home/travis/build/icyphy/ptII/ptolemy/domains/modal/test/auto/ErrorTransition11.xml
4 ms. Memory: 211968K Free: 97833K (46%)
----------------- Invoking toplevel() on ptolemy.moml.MoMLSimpleApplication@5fc23c1d
----------------- Done invoking toplevel() on ptolemy.moml.MoMLSimpleApplication@5fc23c1d
reloadAllAccessors: .ErrorTransition11

===========================================================================================
----------------- testing Sat Oct 31 15:58:44 UTC 2020 /home/travis/build/icyphy/ptII/ptolemy/domains/modal/test/auto/ErrorTransition2.xml
----------------- Instantiating /home/travis/build/icyphy/ptII/ptolemy/domains/modal/test/auto/ErrorTransition2.xml
8 ms. Memory: 211968K Free: 89641K (42%)
----------------- Invoking toplevel() on ptolemy.moml.MoMLSimpleApplication@52fed700
----------------- Done invoking toplevel() on ptolemy.moml.MoMLSimpleApplication@52fed700
reloadAllAccessors: .ErrorTransition2

===========================================================================================
----------------- testing Sat Oct 31 15:58:44 UTC 2020 /home/travis/build/icyphy/ptII/ptolemy/domains/modal/test/auto/ErrorTransition3.xml
----------------- Instantiating /home/travis/build/icyphy/ptII/ptolemy/domains/modal/test/auto/ErrorTransition3.xml
22 ms. Memory: 211968K Free: 79911K (38%)
----------------- Invoking toplevel() on ptolemy.moml.MoMLSimpleApplication@104571ab
----------------- Done invoking toplevel() on ptolemy.moml.MoMLSimpleApplication@104571ab
reloadAllAccessors: .ErrorTransition3

===========================================================================================
----------------- testing Sat Oct 31 15:58:44 UTC 2020 /home/travis/build/icyphy/ptII/ptolemy/domains/modal/test/auto/ErrorTransition4.xml
----------------- Instantiating /home/travis/build/icyphy/ptII/ptolemy/domains/modal/test/auto/ErrorTransition4.xml
21 ms. Memory: 254976K Free: 231975K (91%)
----------------- Invoking toplevel() on ptolemy.moml.MoMLSimpleApplication@1be9e839
----------------- Done invoking toplevel() on ptolemy.moml.MoMLSimpleApplication@1be9e839
reloadAllAccessors: .ErrorTransition4

===========================================================================================
----------------- testing Sat Oct 31 15:58:44 UTC 2020 /home/travis/build/icyphy/ptII/ptolemy/domains/modal/test/auto/ErrorTransition5.xml
----------------- Instantiating /home/travis/build/icyphy/ptII/ptolemy/domains/modal/test/auto/ErrorTransition5.xml
10 ms. Memory: 254976K Free: 221705K (87%)
----------------- Invoking toplevel() on ptolemy.moml.MoMLSimpleApplication@1db88260
----------------- Done invoking toplevel() on ptolemy.moml.MoMLSimpleApplication@1db88260
reloadAllAccessors: .ErrorTransition5

===========================================================================================
----------------- testing Sat Oct 31 15:58:44 UTC 2020 /home/travis/build/icyphy/ptII/ptolemy/domains/modal/test/auto/ErrorTransition6.xml
----------------- Instantiating /home/travis/build/icyphy/ptII/ptolemy/domains/modal/test/auto/ErrorTransition6.xml
16 ms. Memory: 254976K Free: 210985K (83%)
----------------- Invoking toplevel() on ptolemy.moml.MoMLSimpleApplication@2cea79a
----------------- Done invoking toplevel() on ptolemy.moml.MoMLSimpleApplication@2cea79a
reloadAllAccessors: .ErrorTransition6

===========================================================================================
----------------- testing Sat Oct 31 15:58:44 UTC 2020 /home/travis/build/icyphy/ptII/ptolemy/domains/modal/test/auto/ErrorTransition7.xml
----------------- Instantiating /home/travis/build/icyphy/ptII/ptolemy/domains/modal/test/auto/ErrorTransition7.xml
20 ms. Memory: 254976K Free: 198177K (78%)
----------------- Invoking toplevel() on ptolemy.moml.MoMLSimpleApplication@33888096
----------------- Done invoking toplevel() on ptolemy.moml.MoMLSimpleApplication@33888096
reloadAllAccessors: .ErrorTransition7

===========================================================================================
----------------- testing Sat Oct 31 15:58:44 UTC 2020 /home/travis/build/icyphy/ptII/ptolemy/domains/modal/test/auto/ErrorTransition8.xml
----------------- Instantiating /home/travis/build/icyphy/ptII/ptolemy/domains/modal/test/auto/ErrorTransition8.xml
31 ms. Memory: 254976K Free: 184872K (73%)
----------------- Invoking toplevel() on ptolemy.moml.MoMLSimpleApplication@66795a80
----------------- Done invoking toplevel() on ptolemy.moml.MoMLSimpleApplication@66795a80
reloadAllAccessors: .ErrorTransition8

===========================================================================================
----------------- testing Sat Oct 31 15:58:44 UTC 2020 /home/travis/build/icyphy/ptII/ptolemy/domains/modal/test/auto/ErrorTransition9.xml
----------------- Instantiating /home/travis/build/icyphy/ptII/ptolemy/domains/modal/test/auto/ErrorTransition9.xml
12 ms. Memory: 254976K Free: 171545K (67%)
----------------- Invoking toplevel() on ptolemy.moml.MoMLSimpleApplication@3549b4e
----------------- Done invoking toplevel() on ptolemy.moml.MoMLSimpleApplication@3549b4e
reloadAllAccessors: .ErrorTransition9

===========================================================================================
----------------- testing Sat Oct 31 15:58:44 UTC 2020 /home/travis/build/icyphy/ptII/ptolemy/domains/modal/test/auto/ExtendedFSM.xml
----------------- Instantiating /home/travis/build/icyphy/ptII/ptolemy/domains/modal/test/auto/ExtendedFSM.xml
7 ms. Memory: 254976K Free: 163353K (64%)
----------------- Invoking toplevel() on ptolemy.moml.MoMLSimpleApplication@22d4be7a
----------------- Done invoking toplevel() on ptolemy.moml.MoMLSimpleApplication@22d4be7a
reloadAllAccessors: .ExtendedFSM

===========================================================================================
----------------- testing Sat Oct 31 15:58:44 UTC 2020 /home/travis/build/icyphy/ptII/ptolemy/domains/modal/test/auto/FinalStates.xml
----------------- Instantiating /home/travis/build/icyphy/ptII/ptolemy/domains/modal/test/auto/FinalStates.xml
7 ms. Memory: 254976K Free: 155175K (61%)
----------------- Invoking toplevel() on ptolemy.moml.MoMLSimpleApplication@59e2eaf8
----------------- Done invoking toplevel() on ptolemy.moml.MoMLSimpleApplication@59e2eaf8
reloadAllAccessors: .FinalStates

===========================================================================================
----------------- testing Sat Oct 31 15:58:44 UTC 2020 /home/travis/build/icyphy/ptII/ptolemy/domains/modal/test/auto/FixedPointFSM.xml
----------------- Instantiating /home/travis/build/icyphy/ptII/ptolemy/domains/modal/test/auto/FixedPointFSM.xml
19 ms. Memory: 254976K Free: 140329K (55%)
----------------- Invoking toplevel() on ptolemy.moml.MoMLSimpleApplication@65548e45
----------------- Done invoking toplevel() on ptolemy.moml.MoMLSimpleApplication@65548e45
reloadAllAccessors: .FixedPointFSM

===========================================================================================
----------------- testing Sat Oct 31 15:58:44 UTC 2020 /home/travis/build/icyphy/ptII/ptolemy/domains/modal/test/auto/FixedPointIterationFSMActor.xml
----------------- Instantiating /home/travis/build/icyphy/ptII/ptolemy/domains/modal/test/auto/FixedPointIterationFSMActor.xml
7 ms. Memory: 254976K Free: 129569K (51%)
----------------- Invoking toplevel() on ptolemy.moml.MoMLSimpleApplication@4bf0cce0
----------------- Done invoking toplevel() on ptolemy.moml.MoMLSimpleApplication@4bf0cce0
reloadAllAccessors: .FixedPointIterationFSMActor

===========================================================================================
----------------- testing Sat Oct 31 15:58:44 UTC 2020 /home/travis/build/icyphy/ptII/ptolemy/domains/modal/test/auto/FixedPointIterationFSMActor2.xml
----------------- Instantiating /home/travis/build/icyphy/ptII/ptolemy/domains/modal/test/auto/FixedPointIterationFSMActor2.xml
10 ms. Memory: 254976K Free: 117281K (46%)
----------------- Invoking toplevel() on ptolemy.moml.MoMLSimpleApplication@ff482f6
----------------- Done invoking toplevel() on ptolemy.moml.MoMLSimpleApplication@ff482f6
reloadAllAccessors: .FixedPointIterationFSMActor2

===========================================================================================
----------------- testing Sat Oct 31 15:58:44 UTC 2020 /home/travis/build/icyphy/ptII/ptolemy/domains/modal/test/auto/ForbiddenInstantanousLoop.xml
----------------- Instantiating /home/travis/build/icyphy/ptII/ptolemy/domains/modal/test/auto/ForbiddenInstantanousLoop.xml
7 ms. Memory: 254976K Free: 104985K (41%)
----------------- Invoking toplevel() on ptolemy.moml.MoMLSimpleApplication@25377a2b
----------------- Done invoking toplevel() on ptolemy.moml.MoMLSimpleApplication@25377a2b
reloadAllAccessors: .ForbiddenInstantanousLoop

===========================================================================================
----------------- testing Sat Oct 31 15:58:44 UTC 2020 /home/travis/build/icyphy/ptII/ptolemy/domains/modal/test/auto/FunctionDependencyOfFSMActorTest.xml
----------------- Instantiating /home/travis/build/icyphy/ptII/ptolemy/domains/modal/test/auto/FunctionDependencyOfFSMActorTest.xml
11 ms. Memory: 254976K Free: 98345K (39%)
----------------- Invoking toplevel() on ptolemy.moml.MoMLSimpleApplication@72669457
----------------- Done invoking toplevel() on ptolemy.moml.MoMLSimpleApplication@72669457
reloadAllAccessors: .FunctionDependencyOfFSMActorTest

===========================================================================================
----------------- testing Sat Oct 31 15:58:45 UTC 2020 /home/travis/build/icyphy/ptII/ptolemy/domains/modal/test/auto/GuardExpression.xml
----------------- Instantiating /home/travis/build/icyphy/ptII/ptolemy/domains/modal/test/auto/GuardExpression.xml
2 ms. Memory: 254976K Free: 93225K (37%)
----------------- Invoking toplevel() on ptolemy.moml.MoMLSimpleApplication@1f2c6650
----------------- Done invoking toplevel() on ptolemy.moml.MoMLSimpleApplication@1f2c6650
reloadAllAccessors: .GuardExpression

===========================================================================================
----------------- testing Sat Oct 31 15:58:45 UTC 2020 /home/travis/build/icyphy/ptII/ptolemy/domains/modal/test/auto/GuardNotEvaluated.xml
----------------- Instantiating /home/travis/build/icyphy/ptII/ptolemy/domains/modal/test/auto/GuardNotEvaluated.xml
9 ms. Memory: 254976K Free: 230409K (90%)
----------------- Invoking toplevel() on ptolemy.moml.MoMLSimpleApplication@25e42cfb
----------------- Done invoking toplevel() on ptolemy.moml.MoMLSimpleApplication@25e42cfb
reloadAllAccessors: .GuardNotEvaluated

===========================================================================================
----------------- testing Sat Oct 31 15:58:45 UTC 2020 /home/travis/build/icyphy/ptII/ptolemy/domains/modal/test/auto/GuardNotEvaluated2.xml
----------------- Instantiating /home/travis/build/icyphy/ptII/ptolemy/domains/modal/test/auto/GuardNotEvaluated2.xml
11 ms. Memory: 254976K Free: 220713K (87%)
----------------- Invoking toplevel() on ptolemy.moml.MoMLSimpleApplication@1dbc98b1
----------------- Done invoking toplevel() on ptolemy.moml.MoMLSimpleApplication@1dbc98b1
reloadAllAccessors: .GuardNotEvaluated2

===========================================================================================
----------------- testing Sat Oct 31 15:58:45 UTC 2020 /home/travis/build/icyphy/ptII/ptolemy/domains/modal/test/auto/GuardOnAbsent.xml
----------------- Instantiating /home/travis/build/icyphy/ptII/ptolemy/domains/modal/test/auto/GuardOnAbsent.xml
10 ms. Memory: 254976K Free: 212993K (84%)
----------------- Invoking toplevel() on ptolemy.moml.MoMLSimpleApplication@7300a012
----------------- Done invoking toplevel() on ptolemy.moml.MoMLSimpleApplication@7300a012
reloadAllAccessors: .GuardOnAbsent

===========================================================================================
----------------- testing Sat Oct 31 15:58:45 UTC 2020 /home/travis/build/icyphy/ptII/ptolemy/domains/modal/test/auto/HierarchicalFSMTypeInference.xml
----------------- Instantiating /home/travis/build/icyphy/ptII/ptolemy/domains/modal/test/auto/HierarchicalFSMTypeInference.xml
5 ms. Memory: 254976K Free: 202791K (80%)
----------------- Invoking toplevel() on ptolemy.moml.MoMLSimpleApplication@be6d007
----------------- Done invoking toplevel() on ptolemy.moml.MoMLSimpleApplication@be6d007
reloadAllAccessors: .HierarchicalFSMTypeInference

===========================================================================================
----------------- testing Sat Oct 31 15:58:45 UTC 2020 /home/travis/build/icyphy/ptII/ptolemy/domains/modal/test/auto/Hysteresis.xml
----------------- Instantiating /home/travis/build/icyphy/ptII/ptolemy/domains/modal/test/auto/Hysteresis.xml
16 ms. Memory: 254976K Free: 189465K (74%)
----------------- Invoking toplevel() on ptolemy.moml.MoMLSimpleApplication@37c1409e
----------------- Done invoking toplevel() on ptolemy.moml.MoMLSimpleApplication@37c1409e
reloadAllAccessors: .Hysteresis

===========================================================================================
----------------- testing Sat Oct 31 15:58:45 UTC 2020 /home/travis/build/icyphy/ptII/ptolemy/domains/modal/test/auto/HysteresisWithDefault.xml
----------------- Instantiating /home/travis/build/icyphy/ptII/ptolemy/domains/modal/test/auto/HysteresisWithDefault.xml
50 ms. Memory: 254976K Free: 166441K (65%)
----------------- Invoking toplevel() on ptolemy.moml.MoMLSimpleApplication@41445ce3
----------------- Done invoking toplevel() on ptolemy.moml.MoMLSimpleApplication@41445ce3
reloadAllAccessors: .HysteresisWithDefault

===========================================================================================
----------------- testing Sat Oct 31 15:58:45 UTC 2020 /home/travis/build/icyphy/ptII/ptolemy/domains/modal/test/auto/HysteresisWithDefault2.xml
----------------- Instantiating /home/travis/build/icyphy/ptII/ptolemy/domains/modal/test/auto/HysteresisWithDefault2.xml
62 ms. Memory: 254976K Free: 136745K (54%)
----------------- Invoking toplevel() on ptolemy.moml.MoMLSimpleApplication@4d1735f1
----------------- Done invoking toplevel() on ptolemy.moml.MoMLSimpleApplication@4d1735f1
reloadAllAccessors: .HysteresisWithDefault2

===========================================================================================
----------------- testing Sat Oct 31 15:58:45 UTC 2020 /home/travis/build/icyphy/ptII/ptolemy/domains/modal/test/auto/ImmediateNonConstructiveness.xml
----------------- Instantiating /home/travis/build/icyphy/ptII/ptolemy/domains/modal/test/auto/ImmediateNonConstructiveness.xml
4 ms. Memory: 254976K Free: 130057K (51%)
----------------- Invoking toplevel() on ptolemy.moml.MoMLSimpleApplication@29b7bff4
----------------- Done invoking toplevel() on ptolemy.moml.MoMLSimpleApplication@29b7bff4
reloadAllAccessors: .ImmediateNonConstructiveness

===========================================================================================
----------------- testing Sat Oct 31 15:58:45 UTC 2020 /home/travis/build/icyphy/ptII/ptolemy/domains/modal/test/auto/ImmediateNonConstructiveness2.xml
----------------- Instantiating /home/travis/build/icyphy/ptII/ptolemy/domains/modal/test/auto/ImmediateNonConstructiveness2.xml
3 ms. Memory: 254976K Free: 123433K (48%)
----------------- Invoking toplevel() on ptolemy.moml.MoMLSimpleApplication@5794a6a2
----------------- Done invoking toplevel() on ptolemy.moml.MoMLSimpleApplication@5794a6a2
reloadAllAccessors: .ImmediateNonConstructiveness2

===========================================================================================
----------------- testing Sat Oct 31 15:58:45 UTC 2020 /home/travis/build/icyphy/ptII/ptolemy/domains/modal/test/auto/ImmediateTransitionReset.xml
----------------- Instantiating /home/travis/build/icyphy/ptII/ptolemy/domains/modal/test/auto/ImmediateTransitionReset.xml
8 ms. Memory: 254976K Free: 111145K (44%)
----------------- Invoking toplevel() on ptolemy.moml.MoMLSimpleApplication@cf4fbc0
----------------- Done invoking toplevel() on ptolemy.moml.MoMLSimpleApplication@cf4fbc0
reloadAllAccessors: .ImmediateTransitionReset

===========================================================================================
----------------- testing Sat Oct 31 15:58:45 UTC 2020 /home/travis/build/icyphy/ptII/ptolemy/domains/modal/test/auto/ImmediateTransitions1.xml
----------------- Instantiating /home/travis/build/icyphy/ptII/ptolemy/domains/modal/test/auto/ImmediateTransitions1.xml
1 ms. Memory: 254976K Free: 106025K (42%)
----------------- Invoking toplevel() on ptolemy.moml.MoMLSimpleApplication@16c94407
----------------- Done invoking toplevel() on ptolemy.moml.MoMLSimpleApplication@16c94407
reloadAllAccessors: .ImmediateTransitions1

===========================================================================================
----------------- testing Sat Oct 31 15:58:45 UTC 2020 /home/travis/build/icyphy/ptII/ptolemy/domains/modal/test/auto/ImmediateTransitionsInstantaneousCommunication.xml
----------------- Instantiating /home/travis/build/icyphy/ptII/ptolemy/domains/modal/test/auto/ImmediateTransitionsInstantaneousCommunication.xml
4 ms. Memory: 254976K Free: 93737K (37%)
----------------- Invoking toplevel() on ptolemy.moml.MoMLSimpleApplication@7f701df1
----------------- Done invoking toplevel() on ptolemy.moml.MoMLSimpleApplication@7f701df1
reloadAllAccessors: .ImmediateTransitionsInstantaneousCommunication

===========================================================================================
----------------- testing Sat Oct 31 15:58:45 UTC 2020 /home/travis/build/icyphy/ptII/ptolemy/domains/modal/test/auto/InitialImmediateTransition.xml
----------------- Instantiating /home/travis/build/icyphy/ptII/ptolemy/domains/modal/test/auto/InitialImmediateTransition.xml
4 ms. Memory: 254976K Free: 231977K (91%)
----------------- Invoking toplevel() on ptolemy.moml.MoMLSimpleApplication@5bb474c7
----------------- Done invoking toplevel() on ptolemy.moml.MoMLSimpleApplication@5bb474c7
reloadAllAccessors: .InitialImmediateTransition

===========================================================================================
----------------- testing Sat Oct 31 15:58:45 UTC 2020 /home/travis/build/icyphy/ptII/ptolemy/domains/modal/test/auto/InitialOutputs.xml
----------------- Instantiating /home/travis/build/icyphy/ptII/ptolemy/domains/modal/test/auto/InitialOutputs.xml
3 ms. Memory: 254976K Free: 225833K (89%)
----------------- Invoking toplevel() on ptolemy.moml.MoMLSimpleApplication@754ce336
----------------- Done invoking toplevel() on ptolemy.moml.MoMLSimpleApplication@754ce336
reloadAllAccessors: .InitialOutputs

===========================================================================================
----------------- testing Sat Oct 31 15:58:45 UTC 2020 /home/travis/build/icyphy/ptII/ptolemy/domains/modal/test/auto/InitialStateTransition1.xml
----------------- Instantiating /home/travis/build/icyphy/ptII/ptolemy/domains/modal/test/auto/InitialStateTransition1.xml
3 ms. Memory: 254976K Free: 218151K (86%)
----------------- Invoking toplevel() on ptolemy.moml.MoMLSimpleApplication@2024375e
----------------- Done invoking toplevel() on ptolemy.moml.MoMLSimpleApplication@2024375e
reloadAllAccessors: .InitialStateTransition1

===========================================================================================
----------------- testing Sat Oct 31 15:58:45 UTC 2020 /home/travis/build/icyphy/ptII/ptolemy/domains/modal/test/auto/InitialStateTransition2.xml
----------------- Instantiating /home/travis/build/icyphy/ptII/ptolemy/domains/modal/test/auto/InitialStateTransition2.xml
.InitialStateTransition2.TestExceptionAttributeNonConstructive: initialize() was not invoked, but wrapup() was.  This is unusual, but not always a problem.  For example, exporting JNLP will do this.
5 ms. Memory: 254976K Free: 210978K (83%)
----------------- Invoking toplevel() on ptolemy.moml.MoMLSimpleApplication@5611cc78
----------------- Done invoking toplevel() on ptolemy.moml.MoMLSimpleApplication@5611cc78
reloadAllAccessors: .InitialStateTransition2

===========================================================================================
----------------- testing Sat Oct 31 15:58:45 UTC 2020 /home/travis/build/icyphy/ptII/ptolemy/domains/modal/test/auto/InitialStateTransition3.xml
----------------- Instantiating /home/travis/build/icyphy/ptII/ptolemy/domains/modal/test/auto/InitialStateTransition3.xml
4 ms. Memory: 254976K Free: 202791K (80%)
----------------- Invoking toplevel() on ptolemy.moml.MoMLSimpleApplication@380e0431
----------------- Done invoking toplevel() on ptolemy.moml.MoMLSimpleApplication@380e0431
reloadAllAccessors: .InitialStateTransition3

===========================================================================================
----------------- testing Sat Oct 31 15:58:45 UTC 2020 /home/travis/build/icyphy/ptII/ptolemy/domains/modal/test/auto/InitialStateTransition4.xml
----------------- Instantiating /home/travis/build/icyphy/ptII/ptolemy/domains/modal/test/auto/InitialStateTransition4.xml
4 ms. Memory: 254976K Free: 193065K (76%)
----------------- Invoking toplevel() on ptolemy.moml.MoMLSimpleApplication@7f67e1d4
----------------- Done invoking toplevel() on ptolemy.moml.MoMLSimpleApplication@7f67e1d4
[...]
reloadAllAccessors: .TerminationTransition3

===========================================================================================
----------------- testing Sat Oct 31 15:58:47 UTC 2020 /home/travis/build/icyphy/ptII/ptolemy/domains/modal/test/auto/TerminationTransition4.xml
----------------- Instantiating /home/travis/build/icyphy/ptII/ptolemy/domains/modal/test/auto/TerminationTransition4.xml
6 ms. Memory: 307200K Free: 131877K (43%)
----------------- Invoking toplevel() on ptolemy.moml.MoMLSimpleApplication@793d00cc
----------------- Done invoking toplevel() on ptolemy.moml.MoMLSimpleApplication@793d00cc
reloadAllAccessors: .TerminationTransition4

===========================================================================================
----------------- testing Sat Oct 31 15:58:47 UTC 2020 /home/travis/build/icyphy/ptII/ptolemy/domains/modal/test/auto/TerminationTransition5.xml
----------------- Instantiating /home/travis/build/icyphy/ptII/ptolemy/domains/modal/test/auto/TerminationTransition5.xml
9 ms. Memory: 307200K Free: 118051K (38%)
----------------- Invoking toplevel() on ptolemy.moml.MoMLSimpleApplication@5cfdfa4f
----------------- Done invoking toplevel() on ptolemy.moml.MoMLSimpleApplication@5cfdfa4f
reloadAllAccessors: .TerminationTransition5

===========================================================================================
----------------- testing Sat Oct 31 15:58:47 UTC 2020 /home/travis/build/icyphy/ptII/ptolemy/domains/modal/test/auto/TerminationTransition6.xml
----------------- Instantiating /home/travis/build/icyphy/ptII/ptolemy/domains/modal/test/auto/TerminationTransition6.xml
2 ms. Memory: 307200K Free: 109349K (36%)
----------------- Invoking toplevel() on ptolemy.moml.MoMLSimpleApplication@5dcd2b19
----------------- Done invoking toplevel() on ptolemy.moml.MoMLSimpleApplication@5dcd2b19
reloadAllAccessors: .TerminationTransition6

===========================================================================================
----------------- testing Sat Oct 31 15:58:48 UTC 2020 /home/travis/build/icyphy/ptII/ptolemy/domains/modal/test/auto/TerminationTransition7.xml
----------------- Instantiating /home/travis/build/icyphy/ptII/ptolemy/domains/modal/test/auto/TerminationTransition7.xml
2 ms. Memory: 307200K Free: 277447K (90%)
----------------- Invoking toplevel() on ptolemy.moml.MoMLSimpleApplication@cb91847
----------------- Done invoking toplevel() on ptolemy.moml.MoMLSimpleApplication@cb91847
reloadAllAccessors: .TerminationTransition7

===========================================================================================
----------------- testing Sat Oct 31 15:58:48 UTC 2020 /home/travis/build/icyphy/ptII/ptolemy/domains/modal/test/auto/TerminationTransition8.xml
----------------- Instantiating /home/travis/build/icyphy/ptII/ptolemy/domains/modal/test/auto/TerminationTransition8.xml
3 ms. Memory: 307200K Free: 268231K (87%)
----------------- Invoking toplevel() on ptolemy.moml.MoMLSimpleApplication@623a9b6e
----------------- Done invoking toplevel() on ptolemy.moml.MoMLSimpleApplication@623a9b6e
reloadAllAccessors: .TerminationTransition8

===========================================================================================
----------------- testing Sat Oct 31 15:58:48 UTC 2020 /home/travis/build/icyphy/ptII/ptolemy/domains/modal/test/auto/Thermostat_NoHysteresis.xml
----------------- Instantiating /home/travis/build/icyphy/ptII/ptolemy/domains/modal/test/auto/Thermostat_NoHysteresis.xml
24 ms. Memory: 307200K Free: 243655K (79%)
----------------- Invoking toplevel() on ptolemy.moml.MoMLSimpleApplication@3de1f3b6
----------------- Done invoking toplevel() on ptolemy.moml.MoMLSimpleApplication@3de1f3b6
reloadAllAccessors: .Thermostat_NoHysteresis

===========================================================================================
----------------- testing Sat Oct 31 15:58:48 UTC 2020 /home/travis/build/icyphy/ptII/ptolemy/domains/modal/test/auto/TimedFSM.xml
----------------- Instantiating /home/travis/build/icyphy/ptII/ptolemy/domains/modal/test/auto/TimedFSM.xml
8 ms. Memory: 307200K Free: 231881K (75%)
----------------- Invoking toplevel() on ptolemy.moml.MoMLSimpleApplication@fa61e32
----------------- Done invoking toplevel() on ptolemy.moml.MoMLSimpleApplication@fa61e32
reloadAllAccessors: .TimedFSM

===========================================================================================
----------------- testing Sat Oct 31 15:58:48 UTC 2020 /home/travis/build/icyphy/ptII/ptolemy/domains/modal/test/auto/Timeout1.xml
----------------- Instantiating /home/travis/build/icyphy/ptII/ptolemy/domains/modal/test/auto/Timeout1.xml
3 ms. Memory: 307200K Free: 226232K (74%)
----------------- Invoking toplevel() on ptolemy.moml.MoMLSimpleApplication@76fefb09
----------------- Done invoking toplevel() on ptolemy.moml.MoMLSimpleApplication@76fefb09
reloadAllAccessors: .Timeout1

===========================================================================================
----------------- testing Sat Oct 31 15:58:48 UTC 2020 /home/travis/build/icyphy/ptII/ptolemy/domains/modal/test/auto/Timeout2.xml
----------------- Instantiating /home/travis/build/icyphy/ptII/ptolemy/domains/modal/test/auto/Timeout2.xml
8 ms. Memory: 307200K Free: 217545K (71%)
----------------- Invoking toplevel() on ptolemy.moml.MoMLSimpleApplication@582d2985
----------------- Done invoking toplevel() on ptolemy.moml.MoMLSimpleApplication@582d2985
reloadAllAccessors: .Timeout2

===========================================================================================
----------------- testing Sat Oct 31 15:58:48 UTC 2020 /home/travis/build/icyphy/ptII/ptolemy/domains/modal/test/auto/Timeout3.xml
----------------- Instantiating /home/travis/build/icyphy/ptII/ptolemy/domains/modal/test/auto/Timeout3.xml
2 ms. Memory: 307200K Free: 212425K (69%)
----------------- Invoking toplevel() on ptolemy.moml.MoMLSimpleApplication@6fd48275
----------------- Done invoking toplevel() on ptolemy.moml.MoMLSimpleApplication@6fd48275
reloadAllAccessors: .Timeout3

===========================================================================================
----------------- testing Sat Oct 31 15:58:48 UTC 2020 /home/travis/build/icyphy/ptII/ptolemy/domains/modal/test/auto/Timeout4.xml
----------------- Instantiating /home/travis/build/icyphy/ptII/ptolemy/domains/modal/test/auto/Timeout4.xml
2 ms. Memory: 307200K Free: 207305K (67%)
----------------- Invoking toplevel() on ptolemy.moml.MoMLSimpleApplication@143cec3a
----------------- Done invoking toplevel() on ptolemy.moml.MoMLSimpleApplication@143cec3a
reloadAllAccessors: .Timeout4

===========================================================================================
----------------- testing Sat Oct 31 15:58:48 UTC 2020 /home/travis/build/icyphy/ptII/ptolemy/domains/modal/test/auto/TransientstateModelAdvanced.xml
----------------- Instantiating /home/travis/build/icyphy/ptII/ptolemy/domains/modal/test/auto/TransientstateModelAdvanced.xml
3 ms. Memory: 307200K Free: 195017K (63%)
----------------- Invoking toplevel() on ptolemy.moml.MoMLSimpleApplication@4950890f
----------------- Done invoking toplevel() on ptolemy.moml.MoMLSimpleApplication@4950890f
reloadAllAccessors: .TransientstateModelAdvanced

===========================================================================================
----------------- testing Sat Oct 31 15:58:48 UTC 2020 /home/travis/build/icyphy/ptII/ptolemy/domains/modal/test/auto/TransientstateModelAdvanced2.xml
----------------- Instantiating /home/travis/build/icyphy/ptII/ptolemy/domains/modal/test/auto/TransientstateModelAdvanced2.xml
3 ms. Memory: 307200K Free: 180681K (59%)
----------------- Invoking toplevel() on ptolemy.moml.MoMLSimpleApplication@332f5f9d
----------------- Done invoking toplevel() on ptolemy.moml.MoMLSimpleApplication@332f5f9d
reloadAllAccessors: .transientstatemodelAdvanced

===========================================================================================
----------------- testing Sat Oct 31 15:58:48 UTC 2020 /home/travis/build/icyphy/ptII/ptolemy/domains/modal/test/auto/TransitionRefinements.xml
----------------- Instantiating /home/travis/build/icyphy/ptII/ptolemy/domains/modal/test/auto/TransitionRefinements.xml
7 ms. Memory: 307200K Free: 170936K (56%)
----------------- Invoking toplevel() on ptolemy.moml.MoMLSimpleApplication@398b43d1
----------------- Done invoking toplevel() on ptolemy.moml.MoMLSimpleApplication@398b43d1
reloadAllAccessors: .TransitionRefinements

===========================================================================================
----------------- testing Sat Oct 31 15:58:48 UTC 2020 /home/travis/build/icyphy/ptII/ptolemy/domains/modal/test/auto/TwoRefinements1.xml
----------------- Instantiating /home/travis/build/icyphy/ptII/ptolemy/domains/modal/test/auto/TwoRefinements1.xml
2 ms. Memory: 307200K Free: 160711K (52%)
----------------- Invoking toplevel() on ptolemy.moml.MoMLSimpleApplication@2d881142
----------------- Done invoking toplevel() on ptolemy.moml.MoMLSimpleApplication@2d881142
reloadAllAccessors: .TwoRefinements1

===========================================================================================
----------------- testing Sat Oct 31 15:58:48 UTC 2020 /home/travis/build/icyphy/ptII/ptolemy/domains/modal/test/auto/TwoRefinements2.xml
----------------- Instantiating /home/travis/build/icyphy/ptII/ptolemy/domains/modal/test/auto/TwoRefinements2.xml
2 ms. Memory: 307200K Free: 150985K (49%)
----------------- Invoking toplevel() on ptolemy.moml.MoMLSimpleApplication@33aa6878
----------------- Done invoking toplevel() on ptolemy.moml.MoMLSimpleApplication@33aa6878
reloadAllAccessors: .TwoRefinements2

===========================================================================================
----------------- testing Sat Oct 31 15:58:48 UTC 2020 /home/travis/build/icyphy/ptII/ptolemy/domains/modal/test/auto/WeakImmediateTransition.xml
----------------- Instantiating /home/travis/build/icyphy/ptII/ptolemy/domains/modal/test/auto/WeakImmediateTransition.xml
3 ms. Memory: 307200K Free: 142279K (46%)
----------------- Invoking toplevel() on ptolemy.moml.MoMLSimpleApplication@2812a994
----------------- Done invoking toplevel() on ptolemy.moml.MoMLSimpleApplication@2812a994
reloadAllAccessors: .WeakImmediateTransition

===========================================================================================
----------------- testing Sat Oct 31 15:58:48 UTC 2020 /home/travis/build/icyphy/ptII/ptolemy/domains/modal/test/auto/booleanSelect.xml
----------------- Instantiating /home/travis/build/icyphy/ptII/ptolemy/domains/modal/test/auto/booleanSelect.xml
35 ms. Memory: 307200K Free: 124361K (40%)
----------------- Invoking toplevel() on ptolemy.moml.MoMLSimpleApplication@9566989
----------------- Done invoking toplevel() on ptolemy.moml.MoMLSimpleApplication@9566989
reloadAllAccessors: .booleanSelect

===========================================================================================
----------------- testing Sat Oct 31 15:58:48 UTC 2020 /home/travis/build/icyphy/ptII/ptolemy/domains/modal/test/auto/modalChangingParams.xml
----------------- Instantiating /home/travis/build/icyphy/ptII/ptolemy/domains/modal/test/auto/modalChangingParams.xml
0
1
0
2
4
6
8
7
0
2
4
6
8
13
0
2
4
6
8
19
0
2
4
6
8
25
0
2
4
6
8
31
0
2
4
6
8
37
0
2
4
6
8
43
0
2
4
6
8
49
0
2
4
6
8
55
0
2
4
6
8
61
0
2
4
6
8
67
0
2
4
6
8
73
0
2
4
6
8
79
0
2
4
6
8
85
0
2
4
6
8
91
0
2
4
6
8
97
0
2
4
6
8
103
0
2
4
6
8
109
0
2
4
6
8
115
0
2
4
6
8
121
0
2
4
6
8
127
0
2
4
6
8
133
0
2
4
6
8
139
0
2
4
6
8
145
0
2
4
6
8
151
0
2
4
6
8
157
0
2
4
6
8
163
0
2
4
6
8
169
0
2
4
6
8
175
0
2
4
6
8
181
0
2
4
6
8
187
0
2
4
6
8
193
0
2
4
6
8
199
0
2
4
6
8
205
0
2
4
6
8
211
0
2
4
6
8
217
0
2
4
6
8
223
0
2
4
6
8
229
0
2
4
6
8
235
0
2
4
6
8
241
0
2
4
6
8
247
0
2
4
6
8
253
0
2
4
6
8
259
0
2
4
6
8
265
0
2
4
6
8
271
0
2
4
6
8
277
0
2
4
6
8
283
0
2
4
6
8
289
0
2
4
6
8
295
0
2
4
6
8
301
0
2
4
6
8
307
0
2
4
6
8
313
0
2
4
6
8
319
0
2
4
6
8
325
0
2
4
6
8
331
0
2
4
6
8
337
0
2
4
6
8
343
0
2
4
6
8
349
0
2
4
6
8
355
0
2
4
6
8
361
0
2
4
6
8
367
0
2
4
6
8
373
0
2
4
6
8
379
0
2
4
6
8
385
0
2
4
6
8
391
0
2
4
6
8
397
0
2
4
6
8
403
0
2
4
6
8
409
0
2
4
6
8
415
0
2
4
6
8
421
0
2
4
6
8
427
0
2
4
6
8
433
0
2
4
6
8
439
0
2
4
6
8
445
0
2
4
6
8
451
0
2
4
6
8
457
0
2
4
6
8
463
0
2
4
6
8
469
0
2
4
6
8
475
0
2
4
6
8
481
0
2
4
6
8
487
0
2
4
6
8
493
0
2
4
6
8
499
0
2
4
6
8
505
0
2
4
6
8
511
0
2
4
6
8
517
0
2
4
6
8
523
0
2
4
6
8
529
0
2
4
6
8
535
0
2
4
6
8
541
0
2
4
6
8
547
0
2
4
6
8
553
0
2
4
6
8
559
0
2
4
6
8
565
0
2
4
6
8
571
0
2
4
6
8
577
0
2
4
6
8
583
0
2
4
6
8
589
0
2
4
6
8
595
0
2
4
6
8
601
0
2
4
6
8
607
0
2
4
6
8
613
0
2
4
6
8
619
0
2
4
6
8
625
0
2
4
6
8
631
0
2
4
6
8
637
0
2
4
6
8
643
0
2
4
6
8
649
0
2
4
6
8
655
0
2
4
6
8
661
0
2
4
6
8
667
0
2
4
6
8
673
0
2
4
6
8
679
0
2
4
6
8
685
0
2
4
6
8
691
0
2
4
6
8
697
0
2
4
6
8
703
0
2
4
6
8
709
0
2
4
6
8
715
0
2
4
6
8
721
0
2
4
6
8
727
0
2
4
6
8
733
0
2
4
6
8
739
0
2
4
6
8
745
0
2
4
6
8
751
0
2
4
6
8
757
0
2
4
6
8
763
0
2
4
6
8
769
0
2
4
6
8
775
0
2
4
6
8
781
0
2
4
6
8
787
0
2
4
6
8
793
0
2
4
6
8
799
0
2
4
6
8
805
0
2
4
6
8
811
0
2
4
6
8
817
0
2
4
6
8
823
0
2
4
6
8
829
0
2
4
6
8
835
0
2
4
6
8
841
0
2
4
6
8
847
0
2
4
6
8
853
0
2
4
6
8
859
0
2
4
6
8
865
0
2
4
6
8
871
0
2
4
6
8
877
0
2
4
6
8
883
0
2
4
6
8
889
0
2
4
6
8
895
0
2
4
6
8
901
0
2
4
6
8
907
0
2
4
6
8
913
0
2
4
6
8
919
0
2
4
6
8
925
0
2
4
6
8
931
0
2
4
6
8
937
0
2
4
6
8
943
0
2
4
6
8
949
0
2
4
6
8
955
0
2
4
6
8
961
0
2
4
6
8
967
0
2
4
6
8
973
0
2
4
6
8
979
0
2
4
6
8
985
0
2
4
6
8
991
0
2
4
6
8
997
0
2
291 ms. Memory: 307200K Free: 188880K (61%)
----------------- Invoking toplevel() on ptolemy.moml.MoMLSimpleApplication@54a56137
----------------- Done invoking toplevel() on ptolemy.moml.MoMLSimpleApplication@54a56137
reloadAllAccessors: .modalChangingParams

===========================================================================================
----------------- testing Sat Oct 31 15:58:48 UTC 2020 /home/travis/build/icyphy/ptII/ptolemy/domains/modal/test/auto/modalModel.xml
----------------- Instantiating /home/travis/build/icyphy/ptII/ptolemy/domains/modal/test/auto/modalModel.xml
5 ms. Memory: 307200K Free: 179827K (59%)
----------------- Invoking toplevel() on ptolemy.moml.MoMLSimpleApplication@31f0da51
----------------- Done invoking toplevel() on ptolemy.moml.MoMLSimpleApplication@31f0da51
reloadAllAccessors: .modalModel

===========================================================================================
----------------- testing Sat Oct 31 15:58:48 UTC 2020 /home/travis/build/icyphy/ptII/ptolemy/domains/modal/test/auto/modalModel2.xml
----------------- Instantiating /home/travis/build/icyphy/ptII/ptolemy/domains/modal/test/auto/modalModel2.xml
6 ms. Memory: 307200K Free: 169091K (55%)
----------------- Invoking toplevel() on ptolemy.moml.MoMLSimpleApplication@61e68307
----------------- Done invoking toplevel() on ptolemy.moml.MoMLSimpleApplication@61e68307
reloadAllAccessors: .modalModel2

===========================================================================================
----------------- testing Sat Oct 31 15:58:48 UTC 2020 /home/travis/build/icyphy/ptII/ptolemy/domains/modal/test/auto/modalModel3.xml
----------------- Instantiating /home/travis/build/icyphy/ptII/ptolemy/domains/modal/test/auto/modalModel3.xml
0	0	0
1	0	1
4	2	2
7	4	3
10	6	4
5	0	5
8	2	6
11	4	7
14	6	8
9	0	9
12	2	10
15	4	11
18	6	12
13	0	13
16	2	14
17 ms. Memory: 307200K Free: 154755K (50%)
----------------- Invoking toplevel() on ptolemy.moml.MoMLSimpleApplication@4f1d11f6
----------------- Done invoking toplevel() on ptolemy.moml.MoMLSimpleApplication@4f1d11f6
reloadAllAccessors: .modalModel3

===========================================================================================
----------------- testing Sat Oct 31 15:58:48 UTC 2020 /home/travis/build/icyphy/ptII/ptolemy/domains/modal/test/auto/model1.xml
----------------- Instantiating /home/travis/build/icyphy/ptII/ptolemy/domains/modal/test/auto/model1.xml
10 ms. Memory: 307200K Free: 149107K (49%)
----------------- Invoking toplevel() on ptolemy.moml.MoMLSimpleApplication@43adb7a8
----------------- Done invoking toplevel() on ptolemy.moml.MoMLSimpleApplication@43adb7a8
reloadAllAccessors: .model1

===========================================================================================
----------------- testing Sat Oct 31 15:58:48 UTC 2020 /home/travis/build/icyphy/ptII/ptolemy/domains/modal/test/auto/test-direct-in-out.xml
----------------- Instantiating /home/travis/build/icyphy/ptII/ptolemy/domains/modal/test/auto/test-direct-in-out.xml
5 ms. Memory: 307200K Free: 141443K (46%)
----------------- Invoking toplevel() on ptolemy.moml.MoMLSimpleApplication@440d8876
----------------- Done invoking toplevel() on ptolemy.moml.MoMLSimpleApplication@440d8876
reloadAllAccessors: .test-direct-in-out
AutoTests.java: About to close Vertx.
AutoTests.java: Vertx closed.
]]></system-out>
  <system-err><![CDATA[java.lang.RuntimeException: Execution failed
	at ptolemy.moml.MoMLSimpleApplication$UnloadThread.run(MoMLSimpleApplication.java:402)
Caused by: ptolemy.kernel.util.IllegalActionException: Unknown inputs remain. Possible causality loop:
L_model_1893289564i

  in .CannotAnalysisWithPreemption.model_1893289564_region_1 and .CannotAnalysisWithPreemption.model_1893289564_region_1.L_model_1893289564i
	at ptolemy.actor.sched.FixedPointDirector.postfire(FixedPointDirector.java:515)
	at ptolemy.domains.sr.kernel.SRDirector.postfire(SRDirector.java:417)
	at ptolemy.actor.CompositeActor.postfire(CompositeActor.java:1668)
	at ptolemy.actor.Manager.iterate(Manager.java:852)
	at ptolemy.actor.Manager.execute(Manager.java:369)
	at ptolemy.actor.Manager.run(Manager.java:1263)
	at ptolemy.actor.Manager$PtolemyRunThread.run(Manager.java:1933)
java.lang.reflect.InvocationTargetException
	at java.base/jdk.internal.reflect.NativeConstructorAccessorImpl.newInstance0(Native Method)
	at java.base/jdk.internal.reflect.NativeConstructorAccessorImpl.newInstance(NativeConstructorAccessorImpl.java:62)
	at java.base/jdk.internal.reflect.DelegatingConstructorAccessorImpl.newInstance(DelegatingConstructorAccessorImpl.java:45)
	at java.base/java.lang.reflect.Constructor.newInstance(Constructor.java:490)
	at ptolemy.util.test.junit.AutoKnownFailedTests.RunModel(AutoKnownFailedTests.java:105)
	at java.base/jdk.internal.reflect.NativeMethodAccessorImpl.invoke0(Native Method)
	at java.base/jdk.internal.reflect.NativeMethodAccessorImpl.invoke(NativeMethodAccessorImpl.java:62)
	at java.base/jdk.internal.reflect.DelegatingMethodAccessorImpl.invoke(DelegatingMethodAccessorImpl.java:43)
	at java.base/java.lang.reflect.Method.invoke(Method.java:566)
	at org.junit.runners.model.FrameworkMethod$1.runReflectiveCall(FrameworkMethod.java:44)
	at org.junit.internal.runners.model.ReflectiveCallable.run(ReflectiveCallable.java:15)
	at org.junit.runners.model.FrameworkMethod.invokeExplosively(FrameworkMethod.java:41)
	at junitparams.internal.InvokeParameterisedMethod.evaluate(InvokeParameterisedMethod.java:102)
	at org.junit.internal.runners.statements.FailOnTimeout$1.run(FailOnTimeout.java:28)
Caused by: ptolemy.kernel.util.IllegalActionException: Unknown inputs remain. Possible causality loop:
L_model_1893289564i

  in .CannotAnalysisWithPreemption.model_1893289564_region_1 and .CannotAnalysisWithPreemption.model_1893289564_region_1.L_model_1893289564i
	at ptolemy.actor.sched.FixedPointDirector.postfire(FixedPointDirector.java:515)
	at ptolemy.domains.sr.kernel.SRDirector.postfire(SRDirector.java:417)
	at ptolemy.actor.CompositeActor.postfire(CompositeActor.java:1668)
	at ptolemy.actor.Manager.iterate(Manager.java:852)
	at ptolemy.actor.Manager.execute(Manager.java:369)
	at ptolemy.actor.Manager.run(Manager.java:1263)
	at ptolemy.actor.Manager$PtolemyRunThread.run(Manager.java:1933)
]]></system-err>
</testsuite>
