<?xml version="1.0" encoding="UTF-8" ?>
<testsuite errors="0" failures="0" hostname="travis-job-26c32a80-3ba9-4b04-b936-ea09fb0d619d" name="ptolemy.domains.modal.test.junit.JUnitTclTest" skipped="0" tests="148" time="10.977" timestamp="2020-08-05T15:22:00">
  <properties>
[...]
</properties>
  <testcase classname="ptolemy.util.test.junit.TclTests" name="[0] /home/travis/build/icyphy/ptII/ptolemy/domains/modal/test/SystemLevelType.tcl (RunTclFile)" time="2.036" />
  <testcase classname="ptolemy.util.test.junit.AutoKnownFailedTests" name="[0] /home/travis/build/icyphy/ptII/ptolemy/domains/modal/test/auto/knownFailedTests/CannotAnalysisWithPreemption.xml (RunModel)" time="0.324" />
  <testcase classname="ptolemy.util.test.junit.AutoNameArchTests" name="[0] ThereAreNoAutoArchTests (RunModel)" time="0.013" />
  <testcase classname="ptolemy.util.test.junit.AutoTests" name="[0] /home/travis/build/icyphy/ptII/ptolemy/domains/modal/test/auto/ABPTest.xml (RunModel)" time="0.845" />
  <testcase classname="ptolemy.util.test.junit.AutoTests" name="[1] /home/travis/build/icyphy/ptII/ptolemy/domains/modal/test/auto/ABROFlat.xml (RunModel)" time="0.094" />
  <testcase classname="ptolemy.util.test.junit.AutoTests" name="[2] /home/travis/build/icyphy/ptII/ptolemy/domains/modal/test/auto/ABROFlat2.xml (RunModel)" time="0.083" />
  <testcase classname="ptolemy.util.test.junit.AutoTests" name="[3] /home/travis/build/icyphy/ptII/ptolemy/domains/modal/test/auto/ABRO_present_hmm.xml (RunModel)" time="0.15" />
  <testcase classname="ptolemy.util.test.junit.AutoTests" name="[4] /home/travis/build/icyphy/ptII/ptolemy/domains/modal/test/auto/AMICoderExample.xml (RunModel)" time="0.09" />
  <testcase classname="ptolemy.util.test.junit.AutoTests" name="[5] /home/travis/build/icyphy/ptII/ptolemy/domains/modal/test/auto/AbsentToPresent.xml (RunModel)" time="0.018" />
  <testcase classname="ptolemy.util.test.junit.AutoTests" name="[6] /home/travis/build/icyphy/ptII/ptolemy/domains/modal/test/auto/Blending.xml (RunModel)" time="0.286" />
  <testcase classname="ptolemy.util.test.junit.AutoTests" name="[7] /home/travis/build/icyphy/ptII/ptolemy/domains/modal/test/auto/Broadcast.xml (RunModel)" time="0.038" />
  <testcase classname="ptolemy.util.test.junit.AutoTests" name="[8] /home/travis/build/icyphy/ptII/ptolemy/domains/modal/test/auto/BroadcastHierarchy.xml (RunModel)" time="0.066" />
  <testcase classname="ptolemy.util.test.junit.AutoTests" name="[9] /home/travis/build/icyphy/ptII/ptolemy/domains/modal/test/auto/BroadcastHierarchy2.xml (RunModel)" time="0.128" />
  <testcase classname="ptolemy.util.test.junit.AutoTests" name="[10] /home/travis/build/icyphy/ptII/ptolemy/domains/modal/test/auto/BroadcastHierarchy3.xml (RunModel)" time="0.115" />
  <testcase classname="ptolemy.util.test.junit.AutoTests" name="[11] /home/travis/build/icyphy/ptII/ptolemy/domains/modal/test/auto/BroadcastHierarchy4.xml (RunModel)" time="0.094" />
  <testcase classname="ptolemy.util.test.junit.AutoTests" name="[12] /home/travis/build/icyphy/ptII/ptolemy/domains/modal/test/auto/CannotAnalysisWithPreemption2.xml (RunModel)" time="0.034" />
  <testcase classname="ptolemy.util.test.junit.AutoTests" name="[13] /home/travis/build/icyphy/ptII/ptolemy/domains/modal/test/auto/CannotAnalysisWithPreemption3.xml (RunModel)" time="0.044" />
  <testcase classname="ptolemy.util.test.junit.AutoTests" name="[14] /home/travis/build/icyphy/ptII/ptolemy/domains/modal/test/auto/CannotProduce.xml (RunModel)" time="0.037" />
  <testcase classname="ptolemy.util.test.junit.AutoTests" name="[15] /home/travis/build/icyphy/ptII/ptolemy/domains/modal/test/auto/CannotProduceModal.xml (RunModel)" time="0.043" />
  <testcase classname="ptolemy.util.test.junit.AutoTests" name="[16] /home/travis/build/icyphy/ptII/ptolemy/domains/modal/test/auto/Case.xml (RunModel)" time="0.063" />
  <testcase classname="ptolemy.util.test.junit.AutoTests" name="[17] /home/travis/build/icyphy/ptII/ptolemy/domains/modal/test/auto/Case1.xml (RunModel)" time="0.047" />
  <testcase classname="ptolemy.util.test.junit.AutoTests" name="[18] /home/travis/build/icyphy/ptII/ptolemy/domains/modal/test/auto/Case2.xml (RunModel)" time="0.042" />
  <testcase classname="ptolemy.util.test.junit.AutoTests" name="[19] /home/travis/build/icyphy/ptII/ptolemy/domains/modal/test/auto/CausalityInterface1.xml (RunModel)" time="0.033" />
  <testcase classname="ptolemy.util.test.junit.AutoTests" name="[20] /home/travis/build/icyphy/ptII/ptolemy/domains/modal/test/auto/CausalityInterface10.xml (RunModel)" time="0.061" />
  <testcase classname="ptolemy.util.test.junit.AutoTests" name="[21] /home/travis/build/icyphy/ptII/ptolemy/domains/modal/test/auto/CausalityInterface11.xml (RunModel)" time="0.053" />
  <testcase classname="ptolemy.util.test.junit.AutoTests" name="[22] /home/travis/build/icyphy/ptII/ptolemy/domains/modal/test/auto/CausalityInterface12.xml (RunModel)" time="0.044" />
  <testcase classname="ptolemy.util.test.junit.AutoTests" name="[23] /home/travis/build/icyphy/ptII/ptolemy/domains/modal/test/auto/CausalityInterface13.xml (RunModel)" time="0.056" />
  <testcase classname="ptolemy.util.test.junit.AutoTests" name="[24] /home/travis/build/icyphy/ptII/ptolemy/domains/modal/test/auto/CausalityInterface14.xml (RunModel)" time="0.06" />
  <testcase classname="ptolemy.util.test.junit.AutoTests" name="[25] /home/travis/build/icyphy/ptII/ptolemy/domains/modal/test/auto/CausalityInterface2.xml (RunModel)" time="0.031" />
  <testcase classname="ptolemy.util.test.junit.AutoTests" name="[26] /home/travis/build/icyphy/ptII/ptolemy/domains/modal/test/auto/CausalityInterface3.xml (RunModel)" time="0.023" />
  <testcase classname="ptolemy.util.test.junit.AutoTests" name="[27] /home/travis/build/icyphy/ptII/ptolemy/domains/modal/test/auto/CausalityInterface4.xml (RunModel)" time="0.025" />
  <testcase classname="ptolemy.util.test.junit.AutoTests" name="[28] /home/travis/build/icyphy/ptII/ptolemy/domains/modal/test/auto/CausalityInterface5.xml (RunModel)" time="0.031" />
  <testcase classname="ptolemy.util.test.junit.AutoTests" name="[29] /home/travis/build/icyphy/ptII/ptolemy/domains/modal/test/auto/CausalityInterface6.xml (RunModel)" time="0.03" />
  <testcase classname="ptolemy.util.test.junit.AutoTests" name="[30] /home/travis/build/icyphy/ptII/ptolemy/domains/modal/test/auto/CausalityInterface7.xml (RunModel)" time="0.044" />
  <testcase classname="ptolemy.util.test.junit.AutoTests" name="[31] /home/travis/build/icyphy/ptII/ptolemy/domains/modal/test/auto/CausalityInterface8.xml (RunModel)" time="0.032" />
  <testcase classname="ptolemy.util.test.junit.AutoTests" name="[32] /home/travis/build/icyphy/ptII/ptolemy/domains/modal/test/auto/CausalityInterface9.xml (RunModel)" time="0.047" />
  <testcase classname="ptolemy.util.test.junit.AutoTests" name="[33] /home/travis/build/icyphy/ptII/ptolemy/domains/modal/test/auto/ChainedTransitions.xml (RunModel)" time="0.166" />
  <testcase classname="ptolemy.util.test.junit.AutoTests" name="[34] /home/travis/build/icyphy/ptII/ptolemy/domains/modal/test/auto/CycleOfImmediateTransitionsFSM.xml (RunModel)" time="0.021" />
  <testcase classname="ptolemy.util.test.junit.AutoTests" name="[35] /home/travis/build/icyphy/ptII/ptolemy/domains/modal/test/auto/CycleOfImmediateTransitionsModal.xml (RunModel)" time="0.022" />
  <testcase classname="ptolemy.util.test.junit.AutoTests" name="[36] /home/travis/build/icyphy/ptII/ptolemy/domains/modal/test/auto/CycleOfImmediateTransitionsModal2.xml (RunModel)" time="0.04" />
  <testcase classname="ptolemy.util.test.junit.AutoTests" name="[37] /home/travis/build/icyphy/ptII/ptolemy/domains/modal/test/auto/CycleOfImmediateTransitionsModal3.xml (RunModel)" time="0.074" />
  <testcase classname="ptolemy.util.test.junit.AutoTests" name="[38] /home/travis/build/icyphy/ptII/ptolemy/domains/modal/test/auto/DeepModal1.xml (RunModel)" time="0.042" />
  <testcase classname="ptolemy.util.test.junit.AutoTests" name="[39] /home/travis/build/icyphy/ptII/ptolemy/domains/modal/test/auto/DeepModal2.xml (RunModel)" time="0.046" />
  <testcase classname="ptolemy.util.test.junit.AutoTests" name="[40] /home/travis/build/icyphy/ptII/ptolemy/domains/modal/test/auto/DeepModal3.xml (RunModel)" time="0.078" />
  <testcase classname="ptolemy.util.test.junit.AutoTests" name="[41] /home/travis/build/icyphy/ptII/ptolemy/domains/modal/test/auto/DeepModal4.xml (RunModel)" time="0.079" />
  <testcase classname="ptolemy.util.test.junit.AutoTests" name="[42] /home/travis/build/icyphy/ptII/ptolemy/domains/modal/test/auto/Default1.xml (RunModel)" time="0.014" />
  <testcase classname="ptolemy.util.test.junit.AutoTests" name="[43] /home/travis/build/icyphy/ptII/ptolemy/domains/modal/test/auto/Default2.xml (RunModel)" time="0.013" />
  <testcase classname="ptolemy.util.test.junit.AutoTests" name="[44] /home/travis/build/icyphy/ptII/ptolemy/domains/modal/test/auto/Default3.xml (RunModel)" time="0.015" />
  <testcase classname="ptolemy.util.test.junit.AutoTests" name="[45] /home/travis/build/icyphy/ptII/ptolemy/domains/modal/test/auto/Default4.xml (RunModel)" time="0.02" />
  <testcase classname="ptolemy.util.test.junit.AutoTests" name="[46] /home/travis/build/icyphy/ptII/ptolemy/domains/modal/test/auto/Default5.xml (RunModel)" time="0.028" />
  <testcase classname="ptolemy.util.test.junit.AutoTests" name="[47] /home/travis/build/icyphy/ptII/ptolemy/domains/modal/test/auto/EmptyGuard.xml (RunModel)" time="0.042" />
  <testcase classname="ptolemy.util.test.junit.AutoTests" name="[48] /home/travis/build/icyphy/ptII/ptolemy/domains/modal/test/auto/ErrorTransition1.xml (RunModel)" time="0.034" />
  <testcase classname="ptolemy.util.test.junit.AutoTests" name="[49] /home/travis/build/icyphy/ptII/ptolemy/domains/modal/test/auto/ErrorTransition10.xml (RunModel)" time="0.042" />
  <testcase classname="ptolemy.util.test.junit.AutoTests" name="[50] /home/travis/build/icyphy/ptII/ptolemy/domains/modal/test/auto/ErrorTransition11.xml (RunModel)" time="0.035" />
  <testcase classname="ptolemy.util.test.junit.AutoTests" name="[51] /home/travis/build/icyphy/ptII/ptolemy/domains/modal/test/auto/ErrorTransition2.xml (RunModel)" time="0.027" />
  <testcase classname="ptolemy.util.test.junit.AutoTests" name="[52] /home/travis/build/icyphy/ptII/ptolemy/domains/modal/test/auto/ErrorTransition3.xml (RunModel)" time="0.039" />
  <testcase classname="ptolemy.util.test.junit.AutoTests" name="[53] /home/travis/build/icyphy/ptII/ptolemy/domains/modal/test/auto/ErrorTransition4.xml (RunModel)" time="0.038" />
  <testcase classname="ptolemy.util.test.junit.AutoTests" name="[54] /home/travis/build/icyphy/ptII/ptolemy/domains/modal/test/auto/ErrorTransition5.xml (RunModel)" time="0.028" />
  <testcase classname="ptolemy.util.test.junit.AutoTests" name="[55] /home/travis/build/icyphy/ptII/ptolemy/domains/modal/test/auto/ErrorTransition6.xml (RunModel)" time="0.031" />
  <testcase classname="ptolemy.util.test.junit.AutoTests" name="[56] /home/travis/build/icyphy/ptII/ptolemy/domains/modal/test/auto/ErrorTransition7.xml (RunModel)" time="0.053" />
  <testcase classname="ptolemy.util.test.junit.AutoTests" name="[57] /home/travis/build/icyphy/ptII/ptolemy/domains/modal/test/auto/ErrorTransition8.xml (RunModel)" time="0.055" />
  <testcase classname="ptolemy.util.test.junit.AutoTests" name="[58] /home/travis/build/icyphy/ptII/ptolemy/domains/modal/test/auto/ErrorTransition9.xml (RunModel)" time="0.047" />
  <testcase classname="ptolemy.util.test.junit.AutoTests" name="[59] /home/travis/build/icyphy/ptII/ptolemy/domains/modal/test/auto/ExtendedFSM.xml (RunModel)" time="0.02" />
  <testcase classname="ptolemy.util.test.junit.AutoTests" name="[60] /home/travis/build/icyphy/ptII/ptolemy/domains/modal/test/auto/FinalStates.xml (RunModel)" time="0.024" />
  <testcase classname="ptolemy.util.test.junit.AutoTests" name="[61] /home/travis/build/icyphy/ptII/ptolemy/domains/modal/test/auto/FixedPointFSM.xml (RunModel)" time="0.044" />
  <testcase classname="ptolemy.util.test.junit.AutoTests" name="[62] /home/travis/build/icyphy/ptII/ptolemy/domains/modal/test/auto/FixedPointIterationFSMActor.xml (RunModel)" time="0.032" />
  <testcase classname="ptolemy.util.test.junit.AutoTests" name="[63] /home/travis/build/icyphy/ptII/ptolemy/domains/modal/test/auto/FixedPointIterationFSMActor2.xml (RunModel)" time="0.031" />
  <testcase classname="ptolemy.util.test.junit.AutoTests" name="[64] /home/travis/build/icyphy/ptII/ptolemy/domains/modal/test/auto/ForbiddenInstantanousLoop.xml (RunModel)" time="0.034" />
  <testcase classname="ptolemy.util.test.junit.AutoTests" name="[65] /home/travis/build/icyphy/ptII/ptolemy/domains/modal/test/auto/FunctionDependencyOfFSMActorTest.xml (RunModel)" time="0.03" />
  <testcase classname="ptolemy.util.test.junit.AutoTests" name="[66] /home/travis/build/icyphy/ptII/ptolemy/domains/modal/test/auto/GuardExpression.xml (RunModel)" time="0.018" />
  <testcase classname="ptolemy.util.test.junit.AutoTests" name="[67] /home/travis/build/icyphy/ptII/ptolemy/domains/modal/test/auto/GuardNotEvaluated.xml (RunModel)" time="0.027" />
  <testcase classname="ptolemy.util.test.junit.AutoTests" name="[68] /home/travis/build/icyphy/ptII/ptolemy/domains/modal/test/auto/GuardNotEvaluated2.xml (RunModel)" time="0.023" />
  <testcase classname="ptolemy.util.test.junit.AutoTests" name="[69] /home/travis/build/icyphy/ptII/ptolemy/domains/modal/test/auto/GuardOnAbsent.xml (RunModel)" time="0.023" />
  <testcase classname="ptolemy.util.test.junit.AutoTests" name="[70] /home/travis/build/icyphy/ptII/ptolemy/domains/modal/test/auto/HierarchicalFSMTypeInference.xml (RunModel)" time="0.028" />
  <testcase classname="ptolemy.util.test.junit.AutoTests" name="[71] /home/travis/build/icyphy/ptII/ptolemy/domains/modal/test/auto/Hysteresis.xml (RunModel)" time="0.055" />
  <testcase classname="ptolemy.util.test.junit.AutoTests" name="[72] /home/travis/build/icyphy/ptII/ptolemy/domains/modal/test/auto/HysteresisWithDefault.xml (RunModel)" time="0.067" />
  <testcase classname="ptolemy.util.test.junit.AutoTests" name="[73] /home/travis/build/icyphy/ptII/ptolemy/domains/modal/test/auto/HysteresisWithDefault2.xml (RunModel)" time="0.074" />
  <testcase classname="ptolemy.util.test.junit.AutoTests" name="[74] /home/travis/build/icyphy/ptII/ptolemy/domains/modal/test/auto/ImmediateNonConstructiveness.xml (RunModel)" time="0.019" />
  <testcase classname="ptolemy.util.test.junit.AutoTests" name="[75] /home/travis/build/icyphy/ptII/ptolemy/domains/modal/test/auto/ImmediateNonConstructiveness2.xml (RunModel)" time="0.017" />
  <testcase classname="ptolemy.util.test.junit.AutoTests" name="[76] /home/travis/build/icyphy/ptII/ptolemy/domains/modal/test/auto/ImmediateTransitionReset.xml (RunModel)" time="0.036" />
  <testcase classname="ptolemy.util.test.junit.AutoTests" name="[77] /home/travis/build/icyphy/ptII/ptolemy/domains/modal/test/auto/ImmediateTransitions1.xml (RunModel)" time="0.013" />
  <testcase classname="ptolemy.util.test.junit.AutoTests" name="[78] /home/travis/build/icyphy/ptII/ptolemy/domains/modal/test/auto/ImmediateTransitionsInstantaneousCommunication.xml (RunModel)" time="0.029" />
  <testcase classname="ptolemy.util.test.junit.AutoTests" name="[79] /home/travis/build/icyphy/ptII/ptolemy/domains/modal/test/auto/InitialImmediateTransition.xml (RunModel)" time="0.015" />
  <testcase classname="ptolemy.util.test.junit.AutoTests" name="[80] /home/travis/build/icyphy/ptII/ptolemy/domains/modal/test/auto/InitialOutputs.xml (RunModel)" time="0.015" />
  <testcase classname="ptolemy.util.test.junit.AutoTests" name="[81] /home/travis/build/icyphy/ptII/ptolemy/domains/modal/test/auto/InitialStateTransition1.xml (RunModel)" time="0.017" />
  <testcase classname="ptolemy.util.test.junit.AutoTests" name="[82] /home/travis/build/icyphy/ptII/ptolemy/domains/modal/test/auto/InitialStateTransition2.xml (RunModel)" time="0.029" />
  <testcase classname="ptolemy.util.test.junit.AutoTests" name="[83] /home/travis/build/icyphy/ptII/ptolemy/domains/modal/test/auto/InitialStateTransition3.xml (RunModel)" time="0.046" />
  <testcase classname="ptolemy.util.test.junit.AutoTests" name="[84] /home/travis/build/icyphy/ptII/ptolemy/domains/modal/test/auto/InitialStateTransition4.xml (RunModel)" time="0.032" />
  <testcase classname="ptolemy.util.test.junit.AutoTests" name="[85] /home/travis/build/icyphy/ptII/ptolemy/domains/modal/test/auto/MalformedGuardExpressionNotCaught.xml (RunModel)" time="0.027" />
  <testcase classname="ptolemy.util.test.junit.AutoTests" name="[86] /home/travis/build/icyphy/ptII/ptolemy/domains/modal/test/auto/ModalBSC.xml (RunModel)" time="0.094" />
  <testcase classname="ptolemy.util.test.junit.AutoTests" name="[87] /home/travis/build/icyphy/ptII/ptolemy/domains/modal/test/auto/ModalClocks.xml (RunModel)" time="0.075" />
  <testcase classname="ptolemy.util.test.junit.AutoTests" name="[88] /home/travis/build/icyphy/ptII/ptolemy/domains/modal/test/auto/ModalDelay.xml (RunModel)" time="0.038" />
  <testcase classname="ptolemy.util.test.junit.AutoTests" name="[89] /home/travis/build/icyphy/ptII/ptolemy/domains/modal/test/auto/ModalDelay2.xml (RunModel)" time="0.041" />
  <testcase classname="ptolemy.util.test.junit.AutoTests" name="[90] /home/travis/build/icyphy/ptII/ptolemy/domains/modal/test/auto/ModalModelFromMemo.xml (RunModel)" time="0.054" />
  <testcase classname="ptolemy.util.test.junit.AutoTests" name="[91] /home/travis/build/icyphy/ptII/ptolemy/domains/modal/test/auto/ModalModelWithMultirateTransient.xml (RunModel)" time="0.079" />
  <testcase classname="ptolemy.util.test.junit.AutoTests" name="[92] /home/travis/build/icyphy/ptII/ptolemy/domains/modal/test/auto/ModalModelWithReset.xml (RunModel)" time="0.061" />
  <testcase classname="ptolemy.util.test.junit.AutoTests" name="[93] /home/travis/build/icyphy/ptII/ptolemy/domains/modal/test/auto/MouseClickFSM.xml (RunModel)" time="0.053" />
  <testcase classname="ptolemy.util.test.junit.AutoTests" name="[94] /home/travis/build/icyphy/ptII/ptolemy/domains/modal/test/auto/MouseClickFSMModal.xml (RunModel)" time="0.039" />
  <testcase classname="ptolemy.util.test.junit.AutoTests" name="[95] /home/travis/build/icyphy/ptII/ptolemy/domains/modal/test/auto/NonStrictFSM_FeedbackLoop.xml (RunModel)" time="0.05" />
  <testcase classname="ptolemy.util.test.junit.AutoTests" name="[96] /home/travis/build/icyphy/ptII/ptolemy/domains/modal/test/auto/NonStrictFSM_FeedbackLoop_Refinement.xml (RunModel)" time="0.082" />
  <testcase classname="ptolemy.util.test.junit.AutoTests" name="[97] /home/travis/build/icyphy/ptII/ptolemy/domains/modal/test/auto/NonStrictFSM_FeedbackLoop_preemptive.xml (RunModel)" time="0.048" />
  <testcase classname="ptolemy.util.test.junit.AutoTests" name="[98] /home/travis/build/icyphy/ptII/ptolemy/domains/modal/test/auto/NormalTermination.xml (RunModel)" time="0.038" />
  <testcase classname="ptolemy.util.test.junit.AutoTests" name="[99] /home/travis/build/icyphy/ptII/ptolemy/domains/modal/test/auto/Pong.xml (RunModel)" time="0.072" />
  <testcase classname="ptolemy.util.test.junit.AutoTests" name="[100] /home/travis/build/icyphy/ptII/ptolemy/domains/modal/test/auto/Pong_test.xml (RunModel)" time="0.123" />
  <testcase classname="ptolemy.util.test.junit.AutoTests" name="[101] /home/travis/build/icyphy/ptII/ptolemy/domains/modal/test/auto/PreemptionHierarchy.xml (RunModel)" time="0.03" />
  <testcase classname="ptolemy.util.test.junit.AutoTests" name="[102] /home/travis/build/icyphy/ptII/ptolemy/domains/modal/test/auto/PreemptionHierarchy2.xml (RunModel)" time="0.028" />
  <testcase classname="ptolemy.util.test.junit.AutoTests" name="[103] /home/travis/build/icyphy/ptII/ptolemy/domains/modal/test/auto/PreemptiveTransition.xml (RunModel)" time="0.026" />
  <testcase classname="ptolemy.util.test.junit.AutoTests" name="[104] /home/travis/build/icyphy/ptII/ptolemy/domains/modal/test/auto/Priorities.xml (RunModel)" time="0.082" />
  <testcase classname="ptolemy.util.test.junit.AutoTests" name="[105] /home/travis/build/icyphy/ptII/ptolemy/domains/modal/test/auto/ResetFinal.xml (RunModel)" time="0.041" />
  <testcase classname="ptolemy.util.test.junit.AutoTests" name="[106] /home/travis/build/icyphy/ptII/ptolemy/domains/modal/test/auto/ResetFinal2.xml (RunModel)" time="0.033" />
  <testcase classname="ptolemy.util.test.junit.AutoTests" name="[107] /home/travis/build/icyphy/ptII/ptolemy/domains/modal/test/auto/ResetTransitionWithStartTime.xml (RunModel)" time="0.03" />
  <testcase classname="ptolemy.util.test.junit.AutoTests" name="[108] /home/travis/build/icyphy/ptII/ptolemy/domains/modal/test/auto/SDF-FSMComposite.xml (RunModel)" time="0.023" />
  <testcase classname="ptolemy.util.test.junit.AutoTests" name="[109] /home/travis/build/icyphy/ptII/ptolemy/domains/modal/test/auto/SeeminglyNondeterminate.xml (RunModel)" time="0.067" />
  <testcase classname="ptolemy.util.test.junit.AutoTests" name="[110] /home/travis/build/icyphy/ptII/ptolemy/domains/modal/test/auto/SeeminglyNondeterminate2.xml (RunModel)" time="0.11" />
  <testcase classname="ptolemy.util.test.junit.AutoTests" name="[111] /home/travis/build/icyphy/ptII/ptolemy/domains/modal/test/auto/SpontaneousFSM.xml (RunModel)" time="0.045" />
  <testcase classname="ptolemy.util.test.junit.AutoTests" name="[112] /home/travis/build/icyphy/ptII/ptolemy/domains/modal/test/auto/SpontaneousFSM2.xml (RunModel)" time="0.027" />
  <testcase classname="ptolemy.util.test.junit.AutoTests" name="[113] /home/travis/build/icyphy/ptII/ptolemy/domains/modal/test/auto/SpontaneousFSM3.xml (RunModel)" time="0.037" />
  <testcase classname="ptolemy.util.test.junit.AutoTests" name="[114] /home/travis/build/icyphy/ptII/ptolemy/domains/modal/test/auto/SpontaneousFSM4.xml (RunModel)" time="0.044" />
  <testcase classname="ptolemy.util.test.junit.AutoTests" name="[115] /home/travis/build/icyphy/ptII/ptolemy/domains/modal/test/auto/StateTrackerTest.xml (RunModel)" time="0.065" />
  <testcase classname="ptolemy.util.test.junit.AutoTests" name="[116] /home/travis/build/icyphy/ptII/ptolemy/domains/modal/test/auto/StrongImmediateTransition.xml (RunModel)" time="0.024" />
  <testcase classname="ptolemy.util.test.junit.AutoTests" name="[117] /home/travis/build/icyphy/ptII/ptolemy/domains/modal/test/auto/SustainHierarchy.xml (RunModel)" time="0.032" />
  <testcase classname="ptolemy.util.test.junit.AutoTests" name="[118] /home/travis/build/icyphy/ptII/ptolemy/domains/modal/test/auto/TerminationTransition1.xml (RunModel)" time="0.017" />
  <testcase classname="ptolemy.util.test.junit.AutoTests" name="[119] /home/travis/build/icyphy/ptII/ptolemy/domains/modal/test/auto/TerminationTransition2.xml (RunModel)" time="0.024" />
  <testcase classname="ptolemy.util.test.junit.AutoTests" name="[120] /home/travis/build/icyphy/ptII/ptolemy/domains/modal/test/auto/TerminationTransition3.xml (RunModel)" time="0.021" />
  <testcase classname="ptolemy.util.test.junit.AutoTests" name="[121] /home/travis/build/icyphy/ptII/ptolemy/domains/modal/test/auto/TerminationTransition4.xml (RunModel)" time="0.032" />
  <testcase classname="ptolemy.util.test.junit.AutoTests" name="[122] /home/travis/build/icyphy/ptII/ptolemy/domains/modal/test/auto/TerminationTransition5.xml (RunModel)" time="0.047" />
  <testcase classname="ptolemy.util.test.junit.AutoTests" name="[123] /home/travis/build/icyphy/ptII/ptolemy/domains/modal/test/auto/TerminationTransition6.xml (RunModel)" time="0.02" />
  <testcase classname="ptolemy.util.test.junit.AutoTests" name="[124] /home/travis/build/icyphy/ptII/ptolemy/domains/modal/test/auto/TerminationTransition7.xml (RunModel)" time="0.02" />
  <testcase classname="ptolemy.util.test.junit.AutoTests" name="[125] /home/travis/build/icyphy/ptII/ptolemy/domains/modal/test/auto/TerminationTransition8.xml (RunModel)" time="0.023" />
  <testcase classname="ptolemy.util.test.junit.AutoTests" name="[126] /home/travis/build/icyphy/ptII/ptolemy/domains/modal/test/auto/Thermostat_NoHysteresis.xml (RunModel)" time="0.05" />
  <testcase classname="ptolemy.util.test.junit.AutoTests" name="[127] /home/travis/build/icyphy/ptII/ptolemy/domains/modal/test/auto/TimedFSM.xml (RunModel)" time="0.032" />
  <testcase classname="ptolemy.util.test.junit.AutoTests" name="[128] /home/travis/build/icyphy/ptII/ptolemy/domains/modal/test/auto/Timeout1.xml (RunModel)" time="0.013" />
  <testcase classname="ptolemy.util.test.junit.AutoTests" name="[129] /home/travis/build/icyphy/ptII/ptolemy/domains/modal/test/auto/Timeout2.xml (RunModel)" time="0.027" />
  <testcase classname="ptolemy.util.test.junit.AutoTests" name="[130] /home/travis/build/icyphy/ptII/ptolemy/domains/modal/test/auto/Timeout3.xml (RunModel)" time="0.011" />
  <testcase classname="ptolemy.util.test.junit.AutoTests" name="[131] /home/travis/build/icyphy/ptII/ptolemy/domains/modal/test/auto/Timeout4.xml (RunModel)" time="0.01" />
  <testcase classname="ptolemy.util.test.junit.AutoTests" name="[132] /home/travis/build/icyphy/ptII/ptolemy/domains/modal/test/auto/TransientstateModelAdvanced.xml (RunModel)" time="0.025" />
  <testcase classname="ptolemy.util.test.junit.AutoTests" name="[133] /home/travis/build/icyphy/ptII/ptolemy/domains/modal/test/auto/TransientstateModelAdvanced2.xml (RunModel)" time="0.031" />
  <testcase classname="ptolemy.util.test.junit.AutoTests" name="[134] /home/travis/build/icyphy/ptII/ptolemy/domains/modal/test/auto/TransitionRefinements.xml (RunModel)" time="0.025" />
  <testcase classname="ptolemy.util.test.junit.AutoTests" name="[135] /home/travis/build/icyphy/ptII/ptolemy/domains/modal/test/auto/TwoRefinements1.xml (RunModel)" time="0.025" />
  <testcase classname="ptolemy.util.test.junit.AutoTests" name="[136] /home/travis/build/icyphy/ptII/ptolemy/domains/modal/test/auto/TwoRefinements2.xml (RunModel)" time="0.024" />
  <testcase classname="ptolemy.util.test.junit.AutoTests" name="[137] /home/travis/build/icyphy/ptII/ptolemy/domains/modal/test/auto/WeakImmediateTransition.xml (RunModel)" time="0.04" />
  <testcase classname="ptolemy.util.test.junit.AutoTests" name="[138] /home/travis/build/icyphy/ptII/ptolemy/domains/modal/test/auto/booleanSelect.xml (RunModel)" time="0.096" />
  <testcase classname="ptolemy.util.test.junit.AutoTests" name="[139] /home/travis/build/icyphy/ptII/ptolemy/domains/modal/test/auto/modalChangingParams.xml (RunModel)" time="0.282" />
  <testcase classname="ptolemy.util.test.junit.AutoTests" name="[140] /home/travis/build/icyphy/ptII/ptolemy/domains/modal/test/auto/modalModel.xml (RunModel)" time="0.03" />
  <testcase classname="ptolemy.util.test.junit.AutoTests" name="[141] /home/travis/build/icyphy/ptII/ptolemy/domains/modal/test/auto/modalModel2.xml (RunModel)" time="0.031" />
  <testcase classname="ptolemy.util.test.junit.AutoTests" name="[142] /home/travis/build/icyphy/ptII/ptolemy/domains/modal/test/auto/modalModel3.xml (RunModel)" time="0.042" />
  <testcase classname="ptolemy.util.test.junit.AutoTests" name="[143] /home/travis/build/icyphy/ptII/ptolemy/domains/modal/test/auto/model1.xml (RunModel)" time="0.02" />
  <testcase classname="ptolemy.util.test.junit.AutoTests" name="[144] /home/travis/build/icyphy/ptII/ptolemy/domains/modal/test/auto/test-direct-in-out.xml (RunModel)" time="0.024" />
  <system-out><![CDATA[/home/travis/build/icyphy/ptII/ptolemy/domains/modal/test/SystemLevelType.tcl
testDefs.tcl: setting time out to 9000 seconds at Wed Aug 05 15:22:00 UTC 2020
08/05/20 03:22:02
Failed: 0  Total Tests: 1  ((Passed: 1, Newly Passed: 0)  Known Failed: 0) /home/travis/build/icyphy/ptII/ptolemy/domains/modal/test
----------------- testing (KnownFailure) /home/travis/build/icyphy/ptII/ptolemy/domains/modal/test/auto/knownFailedTests/CannotAnalysisWithPreemption.xml
144 ms. Memory: 155648K Free: 105428K (68%)
Known Failure: java.lang.reflect.InvocationTargetException
No auto/linux-amd64/*.xml tests in /home/travis/build/icyphy/ptII/ptolemy/domains/modal/test
AutoTests.java: About to close Vertx.
AutoTests.java: Vertx closed.

===========================================================================================
----------------- testing Wed Aug 05 15:22:03 UTC 2020 /home/travis/build/icyphy/ptII/ptolemy/domains/modal/test/auto/ABPTest.xml
----------------- Instantiating /home/travis/build/icyphy/ptII/ptolemy/domains/modal/test/auto/ABPTest.xml
361 ms. Memory: 155648K Free: 116497K (75%)
----------------- Invoking toplevel() on ptolemy.moml.MoMLSimpleApplication@5285a460
----------------- Done invoking toplevel() on ptolemy.moml.MoMLSimpleApplication@5285a460
reloadAllAccessors: .ABPTest

===========================================================================================
----------------- testing Wed Aug 05 15:22:04 UTC 2020 /home/travis/build/icyphy/ptII/ptolemy/domains/modal/test/auto/ABROFlat.xml
----------------- Instantiating /home/travis/build/icyphy/ptII/ptolemy/domains/modal/test/auto/ABROFlat.xml
26 ms. Memory: 155648K Free: 101077K (65%)
----------------- Invoking toplevel() on ptolemy.moml.MoMLSimpleApplication@14f0af46
----------------- Done invoking toplevel() on ptolemy.moml.MoMLSimpleApplication@14f0af46
reloadAllAccessors: .ABROFlat

===========================================================================================
----------------- testing Wed Aug 05 15:22:04 UTC 2020 /home/travis/build/icyphy/ptII/ptolemy/domains/modal/test/auto/ABROFlat2.xml
----------------- Instantiating /home/travis/build/icyphy/ptII/ptolemy/domains/modal/test/auto/ABROFlat2.xml
18 ms. Memory: 155648K Free: 84723K (54%)
----------------- Invoking toplevel() on ptolemy.moml.MoMLSimpleApplication@9929953
----------------- Done invoking toplevel() on ptolemy.moml.MoMLSimpleApplication@9929953
reloadAllAccessors: .ABROFlat2

===========================================================================================
----------------- testing Wed Aug 05 15:22:04 UTC 2020 /home/travis/build/icyphy/ptII/ptolemy/domains/modal/test/auto/ABRO_present_hmm.xml
----------------- Instantiating /home/travis/build/icyphy/ptII/ptolemy/domains/modal/test/auto/ABRO_present_hmm.xml
34 ms. Memory: 155648K Free: 58085K (37%)
----------------- Invoking toplevel() on ptolemy.moml.MoMLSimpleApplication@50af6c4f
----------------- Done invoking toplevel() on ptolemy.moml.MoMLSimpleApplication@50af6c4f
reloadAllAccessors: .ABRO_present_hmm

===========================================================================================
----------------- testing Wed Aug 05 15:22:04 UTC 2020 /home/travis/build/icyphy/ptII/ptolemy/domains/modal/test/auto/AMICoderExample.xml
----------------- Instantiating /home/travis/build/icyphy/ptII/ptolemy/domains/modal/test/auto/AMICoderExample.xml
50 ms. Memory: 155648K Free: 135652K (87%)
----------------- Invoking toplevel() on ptolemy.moml.MoMLSimpleApplication@6ca52f68
----------------- Done invoking toplevel() on ptolemy.moml.MoMLSimpleApplication@6ca52f68
reloadAllAccessors: .AMICoderExample

===========================================================================================
----------------- testing Wed Aug 05 15:22:04 UTC 2020 /home/travis/build/icyphy/ptII/ptolemy/domains/modal/test/auto/AbsentToPresent.xml
----------------- Instantiating /home/travis/build/icyphy/ptII/ptolemy/domains/modal/test/auto/AbsentToPresent.xml
4 ms. Memory: 155648K Free: 130923K (84%)
----------------- Invoking toplevel() on ptolemy.moml.MoMLSimpleApplication@73f53e91
----------------- Done invoking toplevel() on ptolemy.moml.MoMLSimpleApplication@73f53e91
reloadAllAccessors: .AbsentToPresent

===========================================================================================
----------------- testing Wed Aug 05 15:22:04 UTC 2020 /home/travis/build/icyphy/ptII/ptolemy/domains/modal/test/auto/Blending.xml
----------------- Instantiating /home/travis/build/icyphy/ptII/ptolemy/domains/modal/test/auto/Blending.xml
174 ms. Memory: 155648K Free: 86299K (55%)
----------------- Invoking toplevel() on ptolemy.moml.MoMLSimpleApplication@54101b29
----------------- Done invoking toplevel() on ptolemy.moml.MoMLSimpleApplication@54101b29
reloadAllAccessors: .Blending

===========================================================================================
----------------- testing Wed Aug 05 15:22:04 UTC 2020 /home/travis/build/icyphy/ptII/ptolemy/domains/modal/test/auto/Broadcast.xml
----------------- Instantiating /home/travis/build/icyphy/ptII/ptolemy/domains/modal/test/auto/Broadcast.xml
10 ms. Memory: 155648K Free: 75657K (49%)
----------------- Invoking toplevel() on ptolemy.moml.MoMLSimpleApplication@7dde228e
----------------- Done invoking toplevel() on ptolemy.moml.MoMLSimpleApplication@7dde228e
reloadAllAccessors: .Broadcast

===========================================================================================
----------------- testing Wed Aug 05 15:22:04 UTC 2020 /home/travis/build/icyphy/ptII/ptolemy/domains/modal/test/auto/BroadcastHierarchy.xml
----------------- Instantiating /home/travis/build/icyphy/ptII/ptolemy/domains/modal/test/auto/BroadcastHierarchy.xml
14 ms. Memory: 155648K Free: 62299K (40%)
----------------- Invoking toplevel() on ptolemy.moml.MoMLSimpleApplication@52ff54ec
----------------- Done invoking toplevel() on ptolemy.moml.MoMLSimpleApplication@52ff54ec
reloadAllAccessors: .BroadcastHierarchy

===========================================================================================
----------------- testing Wed Aug 05 15:22:05 UTC 2020 /home/travis/build/icyphy/ptII/ptolemy/domains/modal/test/auto/BroadcastHierarchy2.xml
----------------- Instantiating /home/travis/build/icyphy/ptII/ptolemy/domains/modal/test/auto/BroadcastHierarchy2.xml
31 ms. Memory: 187392K Free: 154362K (82%)
----------------- Invoking toplevel() on ptolemy.moml.MoMLSimpleApplication@a791f98
----------------- Done invoking toplevel() on ptolemy.moml.MoMLSimpleApplication@a791f98
reloadAllAccessors: .BroadcastHierarchy2

===========================================================================================
----------------- testing Wed Aug 05 15:22:05 UTC 2020 /home/travis/build/icyphy/ptII/ptolemy/domains/modal/test/auto/BroadcastHierarchy3.xml
----------------- Instantiating /home/travis/build/icyphy/ptII/ptolemy/domains/modal/test/auto/BroadcastHierarchy3.xml
16 ms. Memory: 187392K Free: 133882K (71%)
----------------- Invoking toplevel() on ptolemy.moml.MoMLSimpleApplication@6c88c9a5
----------------- Done invoking toplevel() on ptolemy.moml.MoMLSimpleApplication@6c88c9a5
reloadAllAccessors: .BroadcastHierarchy3

===========================================================================================
----------------- testing Wed Aug 05 15:22:05 UTC 2020 /home/travis/build/icyphy/ptII/ptolemy/domains/modal/test/auto/BroadcastHierarchy4.xml
----------------- Instantiating /home/travis/build/icyphy/ptII/ptolemy/domains/modal/test/auto/BroadcastHierarchy4.xml
19 ms. Memory: 187392K Free: 109820K (59%)
----------------- Invoking toplevel() on ptolemy.moml.MoMLSimpleApplication@7b80e9a5
----------------- Done invoking toplevel() on ptolemy.moml.MoMLSimpleApplication@7b80e9a5
reloadAllAccessors: .BroadcastHierarchy4

===========================================================================================
----------------- testing Wed Aug 05 15:22:05 UTC 2020 /home/travis/build/icyphy/ptII/ptolemy/domains/modal/test/auto/CannotAnalysisWithPreemption2.xml
----------------- Instantiating /home/travis/build/icyphy/ptII/ptolemy/domains/modal/test/auto/CannotAnalysisWithPreemption2.xml
5 ms. Memory: 187392K Free: 102123K (54%)
----------------- Invoking toplevel() on ptolemy.moml.MoMLSimpleApplication@51dd6aa4
----------------- Done invoking toplevel() on ptolemy.moml.MoMLSimpleApplication@51dd6aa4
reloadAllAccessors: .CannotAnalysisWithPreemption2

===========================================================================================
----------------- testing Wed Aug 05 15:22:05 UTC 2020 /home/travis/build/icyphy/ptII/ptolemy/domains/modal/test/auto/CannotAnalysisWithPreemption3.xml
----------------- Instantiating /home/travis/build/icyphy/ptII/ptolemy/domains/modal/test/auto/CannotAnalysisWithPreemption3.xml
10 ms. Memory: 187392K Free: 91891K (49%)
----------------- Invoking toplevel() on ptolemy.moml.MoMLSimpleApplication@d4c462c
----------------- Done invoking toplevel() on ptolemy.moml.MoMLSimpleApplication@d4c462c
reloadAllAccessors: .CannotAnalysisWithPreemption3

===========================================================================================
----------------- testing Wed Aug 05 15:22:05 UTC 2020 /home/travis/build/icyphy/ptII/ptolemy/domains/modal/test/auto/CannotProduce.xml
----------------- Instantiating /home/travis/build/icyphy/ptII/ptolemy/domains/modal/test/auto/CannotProduce.xml
14 ms. Memory: 187392K Free: 85244K (45%)
----------------- Invoking toplevel() on ptolemy.moml.MoMLSimpleApplication@6248f187
----------------- Done invoking toplevel() on ptolemy.moml.MoMLSimpleApplication@6248f187
reloadAllAccessors: .CannotProduce

===========================================================================================
----------------- testing Wed Aug 05 15:22:05 UTC 2020 /home/travis/build/icyphy/ptII/ptolemy/domains/modal/test/auto/CannotProduceModal.xml
----------------- Instantiating /home/travis/build/icyphy/ptII/ptolemy/domains/modal/test/auto/CannotProduceModal.xml
5 ms. Memory: 187392K Free: 79100K (42%)
----------------- Invoking toplevel() on ptolemy.moml.MoMLSimpleApplication@3c525cf4
----------------- Done invoking toplevel() on ptolemy.moml.MoMLSimpleApplication@3c525cf4
reloadAllAccessors: .CannotProduceModal

===========================================================================================
----------------- testing Wed Aug 05 15:22:05 UTC 2020 /home/travis/build/icyphy/ptII/ptolemy/domains/modal/test/auto/Case.xml
----------------- Instantiating /home/travis/build/icyphy/ptII/ptolemy/domains/modal/test/auto/Case.xml
16 ms. Memory: 187392K Free: 67322K (36%)
----------------- Invoking toplevel() on ptolemy.moml.MoMLSimpleApplication@390cf36d
----------------- Done invoking toplevel() on ptolemy.moml.MoMLSimpleApplication@390cf36d
reloadAllAccessors: .Case

===========================================================================================
----------------- testing Wed Aug 05 15:22:05 UTC 2020 /home/travis/build/icyphy/ptII/ptolemy/domains/modal/test/auto/Case1.xml
----------------- Instantiating /home/travis/build/icyphy/ptII/ptolemy/domains/modal/test/auto/Case1.xml
10 ms. Memory: 187392K Free: 163637K (87%)
----------------- Invoking toplevel() on ptolemy.moml.MoMLSimpleApplication@94ede13
----------------- Done invoking toplevel() on ptolemy.moml.MoMLSimpleApplication@94ede13
reloadAllAccessors: .Case1

===========================================================================================
----------------- testing Wed Aug 05 15:22:05 UTC 2020 /home/travis/build/icyphy/ptII/ptolemy/domains/modal/test/auto/Case2.xml
----------------- Instantiating /home/travis/build/icyphy/ptII/ptolemy/domains/modal/test/auto/Case2.xml
16 ms. Memory: 187392K Free: 152887K (82%)
----------------- Invoking toplevel() on ptolemy.moml.MoMLSimpleApplication@6b4a129a
----------------- Done invoking toplevel() on ptolemy.moml.MoMLSimpleApplication@6b4a129a
reloadAllAccessors: .Case2

===========================================================================================
----------------- testing Wed Aug 05 15:22:05 UTC 2020 /home/travis/build/icyphy/ptII/ptolemy/domains/modal/test/auto/CausalityInterface1.xml
----------------- Instantiating /home/travis/build/icyphy/ptII/ptolemy/domains/modal/test/auto/CausalityInterface1.xml
5 ms. Memory: 187392K Free: 147767K (79%)
----------------- Invoking toplevel() on ptolemy.moml.MoMLSimpleApplication@16b1459e
----------------- Done invoking toplevel() on ptolemy.moml.MoMLSimpleApplication@16b1459e
reloadAllAccessors: .CausalityInterface1

===========================================================================================
----------------- testing Wed Aug 05 15:22:05 UTC 2020 /home/travis/build/icyphy/ptII/ptolemy/domains/modal/test/auto/CausalityInterface10.xml
----------------- Instantiating /home/travis/build/icyphy/ptII/ptolemy/domains/modal/test/auto/CausalityInterface10.xml
7 ms. Memory: 187392K Free: 134455K (72%)
----------------- Invoking toplevel() on ptolemy.moml.MoMLSimpleApplication@6ef7e24b
----------------- Done invoking toplevel() on ptolemy.moml.MoMLSimpleApplication@6ef7e24b
reloadAllAccessors: .CausalityInterface10

===========================================================================================
----------------- testing Wed Aug 05 15:22:05 UTC 2020 /home/travis/build/icyphy/ptII/ptolemy/domains/modal/test/auto/CausalityInterface11.xml
----------------- Instantiating /home/travis/build/icyphy/ptII/ptolemy/domains/modal/test/auto/CausalityInterface11.xml
8 ms. Memory: 187392K Free: 121143K (65%)
----------------- Invoking toplevel() on ptolemy.moml.MoMLSimpleApplication@6a6ee087
----------------- Done invoking toplevel() on ptolemy.moml.MoMLSimpleApplication@6a6ee087
reloadAllAccessors: .CausalityInterface11

===========================================================================================
----------------- testing Wed Aug 05 15:22:05 UTC 2020 /home/travis/build/icyphy/ptII/ptolemy/domains/modal/test/auto/CausalityInterface12.xml
----------------- Instantiating /home/travis/build/icyphy/ptII/ptolemy/domains/modal/test/auto/CausalityInterface12.xml
8 ms. Memory: 187392K Free: 107831K (58%)
----------------- Invoking toplevel() on ptolemy.moml.MoMLSimpleApplication@35969d2e
----------------- Done invoking toplevel() on ptolemy.moml.MoMLSimpleApplication@35969d2e
reloadAllAccessors: .CausalityInterface12

===========================================================================================
----------------- testing Wed Aug 05 15:22:05 UTC 2020 /home/travis/build/icyphy/ptII/ptolemy/domains/modal/test/auto/CausalityInterface13.xml
----------------- Instantiating /home/travis/build/icyphy/ptII/ptolemy/domains/modal/test/auto/CausalityInterface13.xml
11 ms. Memory: 187392K Free: 93999K (50%)
----------------- Invoking toplevel() on ptolemy.moml.MoMLSimpleApplication@5f29e2ac
----------------- Done invoking toplevel() on ptolemy.moml.MoMLSimpleApplication@5f29e2ac
reloadAllAccessors: .CausalityInterface13

===========================================================================================
----------------- testing Wed Aug 05 15:22:05 UTC 2020 /home/travis/build/icyphy/ptII/ptolemy/domains/modal/test/auto/CausalityInterface14.xml
----------------- Instantiating /home/travis/build/icyphy/ptII/ptolemy/domains/modal/test/auto/CausalityInterface14.xml
8 ms. Memory: 187392K Free: 80183K (43%)
----------------- Invoking toplevel() on ptolemy.moml.MoMLSimpleApplication@16dd041
----------------- Done invoking toplevel() on ptolemy.moml.MoMLSimpleApplication@16dd041
reloadAllAccessors: .CausalityInterface14

===========================================================================================
----------------- testing Wed Aug 05 15:22:06 UTC 2020 /home/travis/build/icyphy/ptII/ptolemy/domains/modal/test/auto/CausalityInterface2.xml
----------------- Instantiating /home/travis/build/icyphy/ptII/ptolemy/domains/modal/test/auto/CausalityInterface2.xml
3 ms. Memory: 187392K Free: 74039K (40%)
----------------- Invoking toplevel() on ptolemy.moml.MoMLSimpleApplication@58ddcb69
----------------- Done invoking toplevel() on ptolemy.moml.MoMLSimpleApplication@58ddcb69
reloadAllAccessors: .CausalityInterface2

===========================================================================================
----------------- testing Wed Aug 05 15:22:06 UTC 2020 /home/travis/build/icyphy/ptII/ptolemy/domains/modal/test/auto/CausalityInterface3.xml
----------------- Instantiating /home/travis/build/icyphy/ptII/ptolemy/domains/modal/test/auto/CausalityInterface3.xml
5 ms. Memory: 187392K Free: 67895K (36%)
----------------- Invoking toplevel() on ptolemy.moml.MoMLSimpleApplication@a77d52e
----------------- Done invoking toplevel() on ptolemy.moml.MoMLSimpleApplication@a77d52e
reloadAllAccessors: .CausalityInterface3

===========================================================================================
----------------- testing Wed Aug 05 15:22:06 UTC 2020 /home/travis/build/icyphy/ptII/ptolemy/domains/modal/test/auto/CausalityInterface4.xml
----------------- Instantiating /home/travis/build/icyphy/ptII/ptolemy/domains/modal/test/auto/CausalityInterface4.xml
5 ms. Memory: 187392K Free: 61751K (33%)
----------------- Invoking toplevel() on ptolemy.moml.MoMLSimpleApplication@4dd1c33a
----------------- Done invoking toplevel() on ptolemy.moml.MoMLSimpleApplication@4dd1c33a
reloadAllAccessors: .CausalityInterface4

===========================================================================================
----------------- testing Wed Aug 05 15:22:06 UTC 2020 /home/travis/build/icyphy/ptII/ptolemy/domains/modal/test/auto/CausalityInterface5.xml
----------------- Instantiating /home/travis/build/icyphy/ptII/ptolemy/domains/modal/test/auto/CausalityInterface5.xml
5 ms. Memory: 187392K Free: 159578K (85%)
----------------- Invoking toplevel() on ptolemy.moml.MoMLSimpleApplication@394ed6c3
----------------- Done invoking toplevel() on ptolemy.moml.MoMLSimpleApplication@394ed6c3
reloadAllAccessors: .CausalityInterface5

===========================================================================================
----------------- testing Wed Aug 05 15:22:06 UTC 2020 /home/travis/build/icyphy/ptII/ptolemy/domains/modal/test/auto/CausalityInterface6.xml
----------------- Instantiating /home/travis/build/icyphy/ptII/ptolemy/domains/modal/test/auto/CausalityInterface6.xml
5 ms. Memory: 187392K Free: 151372K (81%)
----------------- Invoking toplevel() on ptolemy.moml.MoMLSimpleApplication@7d72f82c
----------------- Done invoking toplevel() on ptolemy.moml.MoMLSimpleApplication@7d72f82c
reloadAllAccessors: .CausalityInterface6

===========================================================================================
----------------- testing Wed Aug 05 15:22:06 UTC 2020 /home/travis/build/icyphy/ptII/ptolemy/domains/modal/test/auto/CausalityInterface7.xml
----------------- Instantiating /home/travis/build/icyphy/ptII/ptolemy/domains/modal/test/auto/CausalityInterface7.xml
6 ms. Memory: 187392K Free: 143180K (76%)
----------------- Invoking toplevel() on ptolemy.moml.MoMLSimpleApplication@47578a3f
----------------- Done invoking toplevel() on ptolemy.moml.MoMLSimpleApplication@47578a3f
reloadAllAccessors: .CausalityInterface7

===========================================================================================
----------------- testing Wed Aug 05 15:22:06 UTC 2020 /home/travis/build/icyphy/ptII/ptolemy/domains/modal/test/auto/CausalityInterface8.xml
----------------- Instantiating /home/travis/build/icyphy/ptII/ptolemy/domains/modal/test/auto/CausalityInterface8.xml
10 ms. Memory: 187392K Free: 135002K (72%)
----------------- Invoking toplevel() on ptolemy.moml.MoMLSimpleApplication@2e76b355
----------------- Done invoking toplevel() on ptolemy.moml.MoMLSimpleApplication@2e76b355
reloadAllAccessors: .CausalityInterface8

===========================================================================================
----------------- testing Wed Aug 05 15:22:06 UTC 2020 /home/travis/build/icyphy/ptII/ptolemy/domains/modal/test/auto/CausalityInterface9.xml
----------------- Instantiating /home/travis/build/icyphy/ptII/ptolemy/domains/modal/test/auto/CausalityInterface9.xml
5 ms. Memory: 187392K Free: 125786K (67%)
----------------- Invoking toplevel() on ptolemy.moml.MoMLSimpleApplication@7ffdc66d
----------------- Done invoking toplevel() on ptolemy.moml.MoMLSimpleApplication@7ffdc66d
reloadAllAccessors: .CausalityInterface9

===========================================================================================
----------------- testing Wed Aug 05 15:22:06 UTC 2020 /home/travis/build/icyphy/ptII/ptolemy/domains/modal/test/auto/ChainedTransitions.xml
----------------- Instantiating /home/travis/build/icyphy/ptII/ptolemy/domains/modal/test/auto/ChainedTransitions.xml
98 ms. Memory: 187392K Free: 101196K (54%)
----------------- Invoking toplevel() on ptolemy.moml.MoMLSimpleApplication@69253c27
----------------- Done invoking toplevel() on ptolemy.moml.MoMLSimpleApplication@69253c27
reloadAllAccessors: .ChainedTransitions

===========================================================================================
----------------- testing Wed Aug 05 15:22:06 UTC 2020 /home/travis/build/icyphy/ptII/ptolemy/domains/modal/test/auto/CycleOfImmediateTransitionsFSM.xml
----------------- Instantiating /home/travis/build/icyphy/ptII/ptolemy/domains/modal/test/auto/CycleOfImmediateTransitionsFSM.xml
3 ms. Memory: 187392K Free: 95580K (51%)
----------------- Invoking toplevel() on ptolemy.moml.MoMLSimpleApplication@3b919430
----------------- Done invoking toplevel() on ptolemy.moml.MoMLSimpleApplication@3b919430
reloadAllAccessors: .CycleOfImmediateTransitionsFSM

===========================================================================================
----------------- testing Wed Aug 05 15:22:06 UTC 2020 /home/travis/build/icyphy/ptII/ptolemy/domains/modal/test/auto/CycleOfImmediateTransitionsModal.xml
----------------- Instantiating /home/travis/build/icyphy/ptII/ptolemy/domains/modal/test/auto/CycleOfImmediateTransitionsModal.xml
4 ms. Memory: 187392K Free: 89436K (48%)
----------------- Invoking toplevel() on ptolemy.moml.MoMLSimpleApplication@30e81ec3
----------------- Done invoking toplevel() on ptolemy.moml.MoMLSimpleApplication@30e81ec3
reloadAllAccessors: .CycleOfImmediateTransitionsModal

===========================================================================================
----------------- testing Wed Aug 05 15:22:06 UTC 2020 /home/travis/build/icyphy/ptII/ptolemy/domains/modal/test/auto/CycleOfImmediateTransitionsModal2.xml
----------------- Instantiating /home/travis/build/icyphy/ptII/ptolemy/domains/modal/test/auto/CycleOfImmediateTransitionsModal2.xml
3 ms. Memory: 187392K Free: 83292K (44%)
----------------- Invoking toplevel() on ptolemy.moml.MoMLSimpleApplication@4f9d6e64
----------------- Done invoking toplevel() on ptolemy.moml.MoMLSimpleApplication@4f9d6e64
reloadAllAccessors: .CycleOfImmediateTransitionsModal2

===========================================================================================
----------------- testing Wed Aug 05 15:22:06 UTC 2020 /home/travis/build/icyphy/ptII/ptolemy/domains/modal/test/auto/CycleOfImmediateTransitionsModal3.xml
----------------- Instantiating /home/travis/build/icyphy/ptII/ptolemy/domains/modal/test/auto/CycleOfImmediateTransitionsModal3.xml
17 ms. Memory: 187392K Free: 167332K (89%)
----------------- Invoking toplevel() on ptolemy.moml.MoMLSimpleApplication@762020c6
----------------- Done invoking toplevel() on ptolemy.moml.MoMLSimpleApplication@762020c6
reloadAllAccessors: .CycleOfImmediateTransitionsModal3

===========================================================================================
----------------- testing Wed Aug 05 15:22:06 UTC 2020 /home/travis/build/icyphy/ptII/ptolemy/domains/modal/test/auto/DeepModal1.xml
----------------- Instantiating /home/travis/build/icyphy/ptII/ptolemy/domains/modal/test/auto/DeepModal1.xml
19 ms. Memory: 187392K Free: 153331K (82%)
----------------- Invoking toplevel() on ptolemy.moml.MoMLSimpleApplication@372afbca
----------------- Done invoking toplevel() on ptolemy.moml.MoMLSimpleApplication@372afbca
reloadAllAccessors: .DeepModal1

===========================================================================================
----------------- testing Wed Aug 05 15:22:06 UTC 2020 /home/travis/build/icyphy/ptII/ptolemy/domains/modal/test/auto/DeepModal2.xml
----------------- Instantiating /home/travis/build/icyphy/ptII/ptolemy/domains/modal/test/auto/DeepModal2.xml
16 ms. Memory: 187392K Free: 134906K (72%)
----------------- Invoking toplevel() on ptolemy.moml.MoMLSimpleApplication@2d346c36
----------------- Done invoking toplevel() on ptolemy.moml.MoMLSimpleApplication@2d346c36
reloadAllAccessors: .DeepModal2

===========================================================================================
----------------- testing Wed Aug 05 15:22:06 UTC 2020 /home/travis/build/icyphy/ptII/ptolemy/domains/modal/test/auto/DeepModal3.xml
----------------- Instantiating /home/travis/build/icyphy/ptII/ptolemy/domains/modal/test/auto/DeepModal3.xml
27 ms. Memory: 187392K Free: 115435K (62%)
----------------- Invoking toplevel() on ptolemy.moml.MoMLSimpleApplication@6dcaf1d3
----------------- Done invoking toplevel() on ptolemy.moml.MoMLSimpleApplication@6dcaf1d3
reloadAllAccessors: .DeepModal3

===========================================================================================
----------------- testing Wed Aug 05 15:22:06 UTC 2020 /home/travis/build/icyphy/ptII/ptolemy/domains/modal/test/auto/DeepModal4.xml
----------------- Instantiating /home/travis/build/icyphy/ptII/ptolemy/domains/modal/test/auto/DeepModal4.xml
35 ms. Memory: 187392K Free: 95994K (51%)
----------------- Invoking toplevel() on ptolemy.moml.MoMLSimpleApplication@474e2859
----------------- Done invoking toplevel() on ptolemy.moml.MoMLSimpleApplication@474e2859
reloadAllAccessors: .DeepModal4

===========================================================================================
----------------- testing Wed Aug 05 15:22:06 UTC 2020 /home/travis/build/icyphy/ptII/ptolemy/domains/modal/test/auto/Default1.xml
----------------- Instantiating /home/travis/build/icyphy/ptII/ptolemy/domains/modal/test/auto/Default1.xml
2 ms. Memory: 187392K Free: 89850K (48%)
----------------- Invoking toplevel() on ptolemy.moml.MoMLSimpleApplication@1f58d7e4
----------------- Done invoking toplevel() on ptolemy.moml.MoMLSimpleApplication@1f58d7e4
reloadAllAccessors: .Default1

===========================================================================================
----------------- testing Wed Aug 05 15:22:06 UTC 2020 /home/travis/build/icyphy/ptII/ptolemy/domains/modal/test/auto/Default2.xml
----------------- Instantiating /home/travis/build/icyphy/ptII/ptolemy/domains/modal/test/auto/Default2.xml
2 ms. Memory: 187392K Free: 84220K (45%)
----------------- Invoking toplevel() on ptolemy.moml.MoMLSimpleApplication@10ee66e5
----------------- Done invoking toplevel() on ptolemy.moml.MoMLSimpleApplication@10ee66e5
reloadAllAccessors: .Default2

===========================================================================================
----------------- testing Wed Aug 05 15:22:06 UTC 2020 /home/travis/build/icyphy/ptII/ptolemy/domains/modal/test/auto/Default3.xml
----------------- Instantiating /home/travis/build/icyphy/ptII/ptolemy/domains/modal/test/auto/Default3.xml
2 ms. Memory: 187392K Free: 77562K (41%)
----------------- Invoking toplevel() on ptolemy.moml.MoMLSimpleApplication@20fca7c5
----------------- Done invoking toplevel() on ptolemy.moml.MoMLSimpleApplication@20fca7c5
reloadAllAccessors: .Default3

===========================================================================================
----------------- testing Wed Aug 05 15:22:06 UTC 2020 /home/travis/build/icyphy/ptII/ptolemy/domains/modal/test/auto/Default4.xml
----------------- Instantiating /home/travis/build/icyphy/ptII/ptolemy/domains/modal/test/auto/Default4.xml
4 ms. Memory: 187392K Free: 71418K (38%)
----------------- Invoking toplevel() on ptolemy.moml.MoMLSimpleApplication@3949a5bf
----------------- Done invoking toplevel() on ptolemy.moml.MoMLSimpleApplication@3949a5bf
reloadAllAccessors: .Default4

===========================================================================================
----------------- testing Wed Aug 05 15:22:06 UTC 2020 /home/travis/build/icyphy/ptII/ptolemy/domains/modal/test/auto/Default5.xml
----------------- Instantiating /home/travis/build/icyphy/ptII/ptolemy/domains/modal/test/auto/Default5.xml
5 ms. Memory: 187392K Free: 63226K (34%)
----------------- Invoking toplevel() on ptolemy.moml.MoMLSimpleApplication@11d2bc41
----------------- Done invoking toplevel() on ptolemy.moml.MoMLSimpleApplication@11d2bc41
reloadAllAccessors: .Default5

===========================================================================================
----------------- testing Wed Aug 05 15:22:07 UTC 2020 /home/travis/build/icyphy/ptII/ptolemy/domains/modal/test/auto/EmptyGuard.xml
----------------- Instantiating /home/travis/build/icyphy/ptII/ptolemy/domains/modal/test/auto/EmptyGuard.xml
5 ms. Memory: 225280K Free: 199449K (89%)
----------------- Invoking toplevel() on ptolemy.moml.MoMLSimpleApplication@212d23b1
----------------- Done invoking toplevel() on ptolemy.moml.MoMLSimpleApplication@212d23b1
reloadAllAccessors: .EmptyGuard

===========================================================================================
----------------- testing Wed Aug 05 15:22:07 UTC 2020 /home/travis/build/icyphy/ptII/ptolemy/domains/modal/test/auto/ErrorTransition1.xml
----------------- Instantiating /home/travis/build/icyphy/ptII/ptolemy/domains/modal/test/auto/ErrorTransition1.xml
9 ms. Memory: 225280K Free: 189719K (84%)
----------------- Invoking toplevel() on ptolemy.moml.MoMLSimpleApplication@23844a11
----------------- Done invoking toplevel() on ptolemy.moml.MoMLSimpleApplication@23844a11
reloadAllAccessors: .ErrorTransition1

===========================================================================================
----------------- testing Wed Aug 05 15:22:07 UTC 2020 /home/travis/build/icyphy/ptII/ptolemy/domains/modal/test/auto/ErrorTransition10.xml
----------------- Instantiating /home/travis/build/icyphy/ptII/ptolemy/domains/modal/test/auto/ErrorTransition10.xml
11 ms. Memory: 225280K Free: 175897K (78%)
----------------- Invoking toplevel() on ptolemy.moml.MoMLSimpleApplication@2d5dd8ce
----------------- Done invoking toplevel() on ptolemy.moml.MoMLSimpleApplication@2d5dd8ce
reloadAllAccessors: .ErrorTransition10

===========================================================================================
----------------- testing Wed Aug 05 15:22:07 UTC 2020 /home/travis/build/icyphy/ptII/ptolemy/domains/modal/test/auto/ErrorTransition11.xml
----------------- Instantiating /home/travis/build/icyphy/ptII/ptolemy/domains/modal/test/auto/ErrorTransition11.xml
4 ms. Memory: 225280K Free: 164633K (73%)
----------------- Invoking toplevel() on ptolemy.moml.MoMLSimpleApplication@3c663386
----------------- Done invoking toplevel() on ptolemy.moml.MoMLSimpleApplication@3c663386
reloadAllAccessors: .ErrorTransition11

===========================================================================================
----------------- testing Wed Aug 05 15:22:07 UTC 2020 /home/travis/build/icyphy/ptII/ptolemy/domains/modal/test/auto/ErrorTransition2.xml
----------------- Instantiating /home/travis/build/icyphy/ptII/ptolemy/domains/modal/test/auto/ErrorTransition2.xml
8 ms. Memory: 225280K Free: 155927K (69%)
----------------- Invoking toplevel() on ptolemy.moml.MoMLSimpleApplication@707f0281
----------------- Done invoking toplevel() on ptolemy.moml.MoMLSimpleApplication@707f0281
reloadAllAccessors: .ErrorTransition2

===========================================================================================
----------------- testing Wed Aug 05 15:22:07 UTC 2020 /home/travis/build/icyphy/ptII/ptolemy/domains/modal/test/auto/ErrorTransition3.xml
----------------- Instantiating /home/travis/build/icyphy/ptII/ptolemy/domains/modal/test/auto/ErrorTransition3.xml
20 ms. Memory: 225280K Free: 146201K (65%)
----------------- Invoking toplevel() on ptolemy.moml.MoMLSimpleApplication@fae11c8
----------------- Done invoking toplevel() on ptolemy.moml.MoMLSimpleApplication@fae11c8
reloadAllAccessors: .ErrorTransition3

===========================================================================================
----------------- testing Wed Aug 05 15:22:07 UTC 2020 /home/travis/build/icyphy/ptII/ptolemy/domains/modal/test/auto/ErrorTransition4.xml
----------------- Instantiating /home/travis/build/icyphy/ptII/ptolemy/domains/modal/test/auto/ErrorTransition4.xml
14 ms. Memory: 225280K Free: 134937K (60%)
----------------- Invoking toplevel() on ptolemy.moml.MoMLSimpleApplication@6ab16bda
----------------- Done invoking toplevel() on ptolemy.moml.MoMLSimpleApplication@6ab16bda
reloadAllAccessors: .ErrorTransition4

===========================================================================================
----------------- testing Wed Aug 05 15:22:07 UTC 2020 /home/travis/build/icyphy/ptII/ptolemy/domains/modal/test/auto/ErrorTransition5.xml
----------------- Instantiating /home/travis/build/icyphy/ptII/ptolemy/domains/modal/test/auto/ErrorTransition5.xml
9 ms. Memory: 225280K Free: 124697K (55%)
----------------- Invoking toplevel() on ptolemy.moml.MoMLSimpleApplication@a053ab5
----------------- Done invoking toplevel() on ptolemy.moml.MoMLSimpleApplication@a053ab5
reloadAllAccessors: .ErrorTransition5

===========================================================================================
----------------- testing Wed Aug 05 15:22:07 UTC 2020 /home/travis/build/icyphy/ptII/ptolemy/domains/modal/test/auto/ErrorTransition6.xml
----------------- Instantiating /home/travis/build/icyphy/ptII/ptolemy/domains/modal/test/auto/ErrorTransition6.xml
10 ms. Memory: 225280K Free: 113943K (51%)
----------------- Invoking toplevel() on ptolemy.moml.MoMLSimpleApplication@8014b33
----------------- Done invoking toplevel() on ptolemy.moml.MoMLSimpleApplication@8014b33
reloadAllAccessors: .ErrorTransition6

===========================================================================================
----------------- testing Wed Aug 05 15:22:07 UTC 2020 /home/travis/build/icyphy/ptII/ptolemy/domains/modal/test/auto/ErrorTransition7.xml
----------------- Instantiating /home/travis/build/icyphy/ptII/ptolemy/domains/modal/test/auto/ErrorTransition7.xml
13 ms. Memory: 225280K Free: 101145K (45%)
----------------- Invoking toplevel() on ptolemy.moml.MoMLSimpleApplication@36274a61
----------------- Done invoking toplevel() on ptolemy.moml.MoMLSimpleApplication@36274a61
reloadAllAccessors: .ErrorTransition7

===========================================================================================
----------------- testing Wed Aug 05 15:22:07 UTC 2020 /home/travis/build/icyphy/ptII/ptolemy/domains/modal/test/auto/ErrorTransition8.xml
----------------- Instantiating /home/travis/build/icyphy/ptII/ptolemy/domains/modal/test/auto/ErrorTransition8.xml
28 ms. Memory: 225280K Free: 87833K (39%)
----------------- Invoking toplevel() on ptolemy.moml.MoMLSimpleApplication@1096a7b2
----------------- Done invoking toplevel() on ptolemy.moml.MoMLSimpleApplication@1096a7b2
reloadAllAccessors: .ErrorTransition8

===========================================================================================
----------------- testing Wed Aug 05 15:22:07 UTC 2020 /home/travis/build/icyphy/ptII/ptolemy/domains/modal/test/auto/ErrorTransition9.xml
----------------- Instantiating /home/travis/build/icyphy/ptII/ptolemy/domains/modal/test/auto/ErrorTransition9.xml
24 ms. Memory: 225280K Free: 203712K (90%)
----------------- Invoking toplevel() on ptolemy.moml.MoMLSimpleApplication@46846ed0
----------------- Done invoking toplevel() on ptolemy.moml.MoMLSimpleApplication@46846ed0
reloadAllAccessors: .ErrorTransition9

===========================================================================================
----------------- testing Wed Aug 05 15:22:07 UTC 2020 /home/travis/build/icyphy/ptII/ptolemy/domains/modal/test/auto/ExtendedFSM.xml
----------------- Instantiating /home/travis/build/icyphy/ptII/ptolemy/domains/modal/test/auto/ExtendedFSM.xml
6 ms. Memory: 225280K Free: 194831K (86%)
----------------- Invoking toplevel() on ptolemy.moml.MoMLSimpleApplication@6957df0e
----------------- Done invoking toplevel() on ptolemy.moml.MoMLSimpleApplication@6957df0e
reloadAllAccessors: .ExtendedFSM

===========================================================================================
----------------- testing Wed Aug 05 15:22:07 UTC 2020 /home/travis/build/icyphy/ptII/ptolemy/domains/modal/test/auto/FinalStates.xml
----------------- Instantiating /home/travis/build/icyphy/ptII/ptolemy/domains/modal/test/auto/FinalStates.xml
7 ms. Memory: 225280K Free: 186623K (83%)
----------------- Invoking toplevel() on ptolemy.moml.MoMLSimpleApplication@7fbb1569
----------------- Done invoking toplevel() on ptolemy.moml.MoMLSimpleApplication@7fbb1569
reloadAllAccessors: .FinalStates

===========================================================================================
----------------- testing Wed Aug 05 15:22:07 UTC 2020 /home/travis/build/icyphy/ptII/ptolemy/domains/modal/test/auto/FixedPointFSM.xml
----------------- Instantiating /home/travis/build/icyphy/ptII/ptolemy/domains/modal/test/auto/FixedPointFSM.xml
19 ms. Memory: 225280K Free: 171807K (76%)
----------------- Invoking toplevel() on ptolemy.moml.MoMLSimpleApplication@62fdcabb
----------------- Done invoking toplevel() on ptolemy.moml.MoMLSimpleApplication@62fdcabb
reloadAllAccessors: .FixedPointFSM

===========================================================================================
----------------- testing Wed Aug 05 15:22:07 UTC 2020 /home/travis/build/icyphy/ptII/ptolemy/domains/modal/test/auto/FixedPointIterationFSMActor.xml
----------------- Instantiating /home/travis/build/icyphy/ptII/ptolemy/domains/modal/test/auto/FixedPointIterationFSMActor.xml
8 ms. Memory: 225280K Free: 161047K (71%)
----------------- Invoking toplevel() on ptolemy.moml.MoMLSimpleApplication@53c2199a
----------------- Done invoking toplevel() on ptolemy.moml.MoMLSimpleApplication@53c2199a
reloadAllAccessors: .FixedPointIterationFSMActor

===========================================================================================
----------------- testing Wed Aug 05 15:22:07 UTC 2020 /home/travis/build/icyphy/ptII/ptolemy/domains/modal/test/auto/FixedPointIterationFSMActor2.xml
----------------- Instantiating /home/travis/build/icyphy/ptII/ptolemy/domains/modal/test/auto/FixedPointIterationFSMActor2.xml
11 ms. Memory: 225280K Free: 149279K (66%)
----------------- Invoking toplevel() on ptolemy.moml.MoMLSimpleApplication@54129f06
----------------- Done invoking toplevel() on ptolemy.moml.MoMLSimpleApplication@54129f06
reloadAllAccessors: .FixedPointIterationFSMActor2

===========================================================================================
----------------- testing Wed Aug 05 15:22:07 UTC 2020 /home/travis/build/icyphy/ptII/ptolemy/domains/modal/test/auto/ForbiddenInstantanousLoop.xml
----------------- Instantiating /home/travis/build/icyphy/ptII/ptolemy/domains/modal/test/auto/ForbiddenInstantanousLoop.xml
6 ms. Memory: 225280K Free: 136991K (61%)
----------------- Invoking toplevel() on ptolemy.moml.MoMLSimpleApplication@7a2fd8eb
----------------- Done invoking toplevel() on ptolemy.moml.MoMLSimpleApplication@7a2fd8eb
reloadAllAccessors: .ForbiddenInstantanousLoop

===========================================================================================
----------------- testing Wed Aug 05 15:22:07 UTC 2020 /home/travis/build/icyphy/ptII/ptolemy/domains/modal/test/auto/FunctionDependencyOfFSMActorTest.xml
----------------- Instantiating /home/travis/build/icyphy/ptII/ptolemy/domains/modal/test/auto/FunctionDependencyOfFSMActorTest.xml
13 ms. Memory: 225280K Free: 129823K (58%)
----------------- Invoking toplevel() on ptolemy.moml.MoMLSimpleApplication@48db0a18
----------------- Done invoking toplevel() on ptolemy.moml.MoMLSimpleApplication@48db0a18
reloadAllAccessors: .FunctionDependencyOfFSMActorTest

===========================================================================================
----------------- testing Wed Aug 05 15:22:07 UTC 2020 /home/travis/build/icyphy/ptII/ptolemy/domains/modal/test/auto/GuardExpression.xml
----------------- Instantiating /home/travis/build/icyphy/ptII/ptolemy/domains/modal/test/auto/GuardExpression.xml
2 ms. Memory: 225280K Free: 124703K (55%)
----------------- Invoking toplevel() on ptolemy.moml.MoMLSimpleApplication@5340ed3b
----------------- Done invoking toplevel() on ptolemy.moml.MoMLSimpleApplication@5340ed3b
reloadAllAccessors: .GuardExpression

===========================================================================================
----------------- testing Wed Aug 05 15:22:07 UTC 2020 /home/travis/build/icyphy/ptII/ptolemy/domains/modal/test/auto/GuardNotEvaluated.xml
----------------- Instantiating /home/travis/build/icyphy/ptII/ptolemy/domains/modal/test/auto/GuardNotEvaluated.xml
7 ms. Memory: 225280K Free: 115997K (51%)
----------------- Invoking toplevel() on ptolemy.moml.MoMLSimpleApplication@4eb2844c
----------------- Done invoking toplevel() on ptolemy.moml.MoMLSimpleApplication@4eb2844c
reloadAllAccessors: .GuardNotEvaluated

===========================================================================================
----------------- testing Wed Aug 05 15:22:07 UTC 2020 /home/travis/build/icyphy/ptII/ptolemy/domains/modal/test/auto/GuardNotEvaluated2.xml
----------------- Instantiating /home/travis/build/icyphy/ptII/ptolemy/domains/modal/test/auto/GuardNotEvaluated2.xml
7 ms. Memory: 225280K Free: 106271K (47%)
----------------- Invoking toplevel() on ptolemy.moml.MoMLSimpleApplication@3f2baf95
----------------- Done invoking toplevel() on ptolemy.moml.MoMLSimpleApplication@3f2baf95
reloadAllAccessors: .GuardNotEvaluated2

===========================================================================================
----------------- testing Wed Aug 05 15:22:07 UTC 2020 /home/travis/build/icyphy/ptII/ptolemy/domains/modal/test/auto/GuardOnAbsent.xml
----------------- Instantiating /home/travis/build/icyphy/ptII/ptolemy/domains/modal/test/auto/GuardOnAbsent.xml
8 ms. Memory: 225280K Free: 98559K (44%)
----------------- Invoking toplevel() on ptolemy.moml.MoMLSimpleApplication@2d82bef3
----------------- Done invoking toplevel() on ptolemy.moml.MoMLSimpleApplication@2d82bef3
reloadAllAccessors: .GuardOnAbsent

===========================================================================================
----------------- testing Wed Aug 05 15:22:07 UTC 2020 /home/travis/build/icyphy/ptII/ptolemy/domains/modal/test/auto/HierarchicalFSMTypeInference.xml
----------------- Instantiating /home/travis/build/icyphy/ptII/ptolemy/domains/modal/test/auto/HierarchicalFSMTypeInference.xml
5 ms. Memory: 225280K Free: 87839K (39%)
----------------- Invoking toplevel() on ptolemy.moml.MoMLSimpleApplication@3889c0e5
----------------- Done invoking toplevel() on ptolemy.moml.MoMLSimpleApplication@3889c0e5
reloadAllAccessors: .HierarchicalFSMTypeInference

===========================================================================================
----------------- testing Wed Aug 05 15:22:07 UTC 2020 /home/travis/build/icyphy/ptII/ptolemy/domains/modal/test/auto/Hysteresis.xml
----------------- Instantiating /home/travis/build/icyphy/ptII/ptolemy/domains/modal/test/auto/Hysteresis.xml
23 ms. Memory: 225280K Free: 203659K (90%)
----------------- Invoking toplevel() on ptolemy.moml.MoMLSimpleApplication@6697c3a8
----------------- Done invoking toplevel() on ptolemy.moml.MoMLSimpleApplication@6697c3a8
reloadAllAccessors: .Hysteresis

===========================================================================================
----------------- testing Wed Aug 05 15:22:07 UTC 2020 /home/travis/build/icyphy/ptII/ptolemy/domains/modal/test/auto/HysteresisWithDefault.xml
----------------- Instantiating /home/travis/build/icyphy/ptII/ptolemy/domains/modal/test/auto/HysteresisWithDefault.xml
35 ms. Memory: 225280K Free: 180465K (80%)
----------------- Invoking toplevel() on ptolemy.moml.MoMLSimpleApplication@3f743a07
----------------- Done invoking toplevel() on ptolemy.moml.MoMLSimpleApplication@3f743a07
reloadAllAccessors: .HysteresisWithDefault

===========================================================================================
----------------- testing Wed Aug 05 15:22:08 UTC 2020 /home/travis/build/icyphy/ptII/ptolemy/domains/modal/test/auto/HysteresisWithDefault2.xml
----------------- Instantiating /home/travis/build/icyphy/ptII/ptolemy/domains/modal/test/auto/HysteresisWithDefault2.xml
43 ms. Memory: 225280K Free: 151295K (67%)
----------------- Invoking toplevel() on ptolemy.moml.MoMLSimpleApplication@5fe01bed
----------------- Done invoking toplevel() on ptolemy.moml.MoMLSimpleApplication@5fe01bed
reloadAllAccessors: .HysteresisWithDefault2

===========================================================================================
----------------- testing Wed Aug 05 15:22:08 UTC 2020 /home/travis/build/icyphy/ptII/ptolemy/domains/modal/test/auto/ImmediateNonConstructiveness.xml
----------------- Instantiating /home/travis/build/icyphy/ptII/ptolemy/domains/modal/test/auto/ImmediateNonConstructiveness.xml
3 ms. Memory: 225280K Free: 144129K (64%)
----------------- Invoking toplevel() on ptolemy.moml.MoMLSimpleApplication@321175ff
----------------- Done invoking toplevel() on ptolemy.moml.MoMLSimpleApplication@321175ff
reloadAllAccessors: .ImmediateNonConstructiveness

===========================================================================================
----------------- testing Wed Aug 05 15:22:08 UTC 2020 /home/travis/build/icyphy/ptII/ptolemy/domains/modal/test/auto/ImmediateNonConstructiveness2.xml
----------------- Instantiating /home/travis/build/icyphy/ptII/ptolemy/domains/modal/test/auto/ImmediateNonConstructiveness2.xml
2 ms. Memory: 225280K Free: 137471K (61%)
----------------- Invoking toplevel() on ptolemy.moml.MoMLSimpleApplication@759758d7
----------------- Done invoking toplevel() on ptolemy.moml.MoMLSimpleApplication@759758d7
reloadAllAccessors: .ImmediateNonConstructiveness2

===========================================================================================
----------------- testing Wed Aug 05 15:22:08 UTC 2020 /home/travis/build/icyphy/ptII/ptolemy/domains/modal/test/auto/ImmediateTransitionReset.xml
----------------- Instantiating /home/travis/build/icyphy/ptII/ptolemy/domains/modal/test/auto/ImmediateTransitionReset.xml
5 ms. Memory: 225280K Free: 125697K (56%)
----------------- Invoking toplevel() on ptolemy.moml.MoMLSimpleApplication@3f02d86a
----------------- Done invoking toplevel() on ptolemy.moml.MoMLSimpleApplication@3f02d86a
reloadAllAccessors: .ImmediateTransitionReset

===========================================================================================
----------------- testing Wed Aug 05 15:22:08 UTC 2020 /home/travis/build/icyphy/ptII/ptolemy/domains/modal/test/auto/ImmediateTransitions1.xml
----------------- Instantiating /home/travis/build/icyphy/ptII/ptolemy/domains/modal/test/auto/ImmediateTransitions1.xml
1 ms. Memory: 225280K Free: 120577K (54%)
----------------- Invoking toplevel() on ptolemy.moml.MoMLSimpleApplication@549b8704
----------------- Done invoking toplevel() on ptolemy.moml.MoMLSimpleApplication@549b8704
reloadAllAccessors: .ImmediateTransitions1

===========================================================================================
----------------- testing Wed Aug 05 15:22:08 UTC 2020 /home/travis/build/icyphy/ptII/ptolemy/domains/modal/test/auto/ImmediateTransitionsInstantaneousCommunication.xml
----------------- Instantiating /home/travis/build/icyphy/ptII/ptolemy/domains/modal/test/auto/ImmediateTransitionsInstantaneousCommunication.xml
4 ms. Memory: 225280K Free: 108289K (48%)
----------------- Invoking toplevel() on ptolemy.moml.MoMLSimpleApplication@49f38061
----------------- Done invoking toplevel() on ptolemy.moml.MoMLSimpleApplication@49f38061
reloadAllAccessors: .ImmediateTransitionsInstantaneousCommunication

===========================================================================================
----------------- testing Wed Aug 05 15:22:08 UTC 2020 /home/travis/build/icyphy/ptII/ptolemy/domains/modal/test/auto/InitialImmediateTransition.xml
----------------- Instantiating /home/travis/build/icyphy/ptII/ptolemy/domains/modal/test/auto/InitialImmediateTransition.xml
3 ms. Memory: 225280K Free: 101121K (45%)
----------------- Invoking toplevel() on ptolemy.moml.MoMLSimpleApplication@4c8599ac
----------------- Done invoking toplevel() on ptolemy.moml.MoMLSimpleApplication@4c8599ac
reloadAllAccessors: .InitialImmediateTransition

===========================================================================================
----------------- testing Wed Aug 05 15:22:08 UTC 2020 /home/travis/build/icyphy/ptII/ptolemy/domains/modal/test/auto/InitialOutputs.xml
----------------- Instantiating /home/travis/build/icyphy/ptII/ptolemy/domains/modal/test/auto/InitialOutputs.xml
3 ms. Memory: 225280K Free: 94463K (42%)
----------------- Invoking toplevel() on ptolemy.moml.MoMLSimpleApplication@4096afac
----------------- Done invoking toplevel() on ptolemy.moml.MoMLSimpleApplication@4096afac
reloadAllAccessors: .InitialOutputs

===========================================================================================
----------------- testing Wed Aug 05 15:22:08 UTC 2020 /home/travis/build/icyphy/ptII/ptolemy/domains/modal/test/auto/InitialStateTransition1.xml
----------------- Instantiating /home/travis/build/icyphy/ptII/ptolemy/domains/modal/test/auto/InitialStateTransition1.xml
2 ms. Memory: 225280K Free: 87295K (39%)
----------------- Invoking toplevel() on ptolemy.moml.MoMLSimpleApplication@195c2772
----------------- Done invoking toplevel() on ptolemy.moml.MoMLSimpleApplication@195c2772
reloadAllAccessors: .InitialStateTransition1

===========================================================================================
----------------- testing Wed Aug 05 15:22:08 UTC 2020 /home/travis/build/icyphy/ptII/ptolemy/domains/modal/test/auto/InitialStateTransition2.xml
----------------- Instantiating /home/travis/build/icyphy/ptII/ptolemy/domains/modal/test/auto/InitialStateTransition2.xml
.InitialStateTransition2.TestExceptionAttributeNonConstructive: initialize() was not invoked, but wrapup() was.  This is unusual, but not always a problem.  For example, exporting JNLP will do this.
5 ms. Memory: 225280K Free: 80127K (36%)
----------------- Invoking toplevel() on ptolemy.moml.MoMLSimpleApplication@6bec96b
----------------- Done invoking toplevel() on ptolemy.moml.MoMLSimpleApplication@6bec96b
reloadAllAccessors: .InitialStateTransition2

===========================================================================================
----------------- testing Wed Aug 05 15:22:08 UTC 2020 /home/travis/build/icyphy/ptII/ptolemy/domains/modal/test/auto/InitialStateTransition3.xml
----------------- Instantiating /home/travis/build/icyphy/ptII/ptolemy/domains/modal/test/auto/InitialStateTransition3.xml
4 ms. Memory: 225280K Free: 200427K (89%)
----------------- Invoking toplevel() on ptolemy.moml.MoMLSimpleApplication@79c146d1
----------------- Done invoking toplevel() on ptolemy.moml.MoMLSimpleApplication@79c146d1
reloadAllAccessors: .InitialStateTransition3

===========================================================================================
----------------- testing Wed Aug 05 15:22:08 UTC 2020 /home/travis/build/icyphy/ptII/ptolemy/domains/modal/test/auto/InitialStateTransition4.xml
----------------- Instantiating /home/travis/build/icyphy/ptII/ptolemy/domains/modal/test/auto/InitialStateTransition4.xml
4 ms. Memory: 225280K Free: 190716K (85%)
----------------- Invoking toplevel() on ptolemy.moml.MoMLSimpleApplication@4d31ffa1
----------------- Done invoking toplevel() on ptolemy.moml.MoMLSimpleApplication@4d31ffa1
[...]
reloadAllAccessors: .TerminationTransition3

===========================================================================================
----------------- testing Wed Aug 05 15:22:10 UTC 2020 /home/travis/build/icyphy/ptII/ptolemy/domains/modal/test/auto/TerminationTransition4.xml
----------------- Instantiating /home/travis/build/icyphy/ptII/ptolemy/domains/modal/test/auto/TerminationTransition4.xml
6 ms. Memory: 270336K Free: 93819K (35%)
----------------- Invoking toplevel() on ptolemy.moml.MoMLSimpleApplication@79eb3eb8
----------------- Done invoking toplevel() on ptolemy.moml.MoMLSimpleApplication@79eb3eb8
reloadAllAccessors: .TerminationTransition4

===========================================================================================
----------------- testing Wed Aug 05 15:22:10 UTC 2020 /home/travis/build/icyphy/ptII/ptolemy/domains/modal/test/auto/TerminationTransition5.xml
----------------- Instantiating /home/travis/build/icyphy/ptII/ptolemy/domains/modal/test/auto/TerminationTransition5.xml
2 ms. Memory: 270336K Free: 237344K (88%)
----------------- Invoking toplevel() on ptolemy.moml.MoMLSimpleApplication@83b9c91
----------------- Done invoking toplevel() on ptolemy.moml.MoMLSimpleApplication@83b9c91
reloadAllAccessors: .TerminationTransition5

===========================================================================================
----------------- testing Wed Aug 05 15:22:10 UTC 2020 /home/travis/build/icyphy/ptII/ptolemy/domains/modal/test/auto/TerminationTransition6.xml
----------------- Instantiating /home/travis/build/icyphy/ptII/ptolemy/domains/modal/test/auto/TerminationTransition6.xml
2 ms. Memory: 270336K Free: 228638K (85%)
----------------- Invoking toplevel() on ptolemy.moml.MoMLSimpleApplication@4ae75190
----------------- Done invoking toplevel() on ptolemy.moml.MoMLSimpleApplication@4ae75190
reloadAllAccessors: .TerminationTransition6

===========================================================================================
----------------- testing Wed Aug 05 15:22:10 UTC 2020 /home/travis/build/icyphy/ptII/ptolemy/domains/modal/test/auto/TerminationTransition7.xml
----------------- Instantiating /home/travis/build/icyphy/ptII/ptolemy/domains/modal/test/auto/TerminationTransition7.xml
2 ms. Memory: 270336K Free: 219408K (81%)
----------------- Invoking toplevel() on ptolemy.moml.MoMLSimpleApplication@72afe40f
----------------- Done invoking toplevel() on ptolemy.moml.MoMLSimpleApplication@72afe40f
reloadAllAccessors: .TerminationTransition7

===========================================================================================
----------------- testing Wed Aug 05 15:22:10 UTC 2020 /home/travis/build/icyphy/ptII/ptolemy/domains/modal/test/auto/TerminationTransition8.xml
----------------- Instantiating /home/travis/build/icyphy/ptII/ptolemy/domains/modal/test/auto/TerminationTransition8.xml
2 ms. Memory: 270336K Free: 210206K (78%)
----------------- Invoking toplevel() on ptolemy.moml.MoMLSimpleApplication@41ad9619
----------------- Done invoking toplevel() on ptolemy.moml.MoMLSimpleApplication@41ad9619
reloadAllAccessors: .TerminationTransition8

===========================================================================================
----------------- testing Wed Aug 05 15:22:10 UTC 2020 /home/travis/build/icyphy/ptII/ptolemy/domains/modal/test/auto/Thermostat_NoHysteresis.xml
----------------- Instantiating /home/travis/build/icyphy/ptII/ptolemy/domains/modal/test/auto/Thermostat_NoHysteresis.xml
22 ms. Memory: 270336K Free: 185630K (69%)
----------------- Invoking toplevel() on ptolemy.moml.MoMLSimpleApplication@51a0d523
----------------- Done invoking toplevel() on ptolemy.moml.MoMLSimpleApplication@51a0d523
reloadAllAccessors: .Thermostat_NoHysteresis

===========================================================================================
----------------- testing Wed Aug 05 15:22:10 UTC 2020 /home/travis/build/icyphy/ptII/ptolemy/domains/modal/test/auto/TimedFSM.xml
----------------- Instantiating /home/travis/build/icyphy/ptII/ptolemy/domains/modal/test/auto/TimedFSM.xml
8 ms. Memory: 270336K Free: 173856K (64%)
----------------- Invoking toplevel() on ptolemy.moml.MoMLSimpleApplication@3ab89981
----------------- Done invoking toplevel() on ptolemy.moml.MoMLSimpleApplication@3ab89981
reloadAllAccessors: .TimedFSM

===========================================================================================
----------------- testing Wed Aug 05 15:22:10 UTC 2020 /home/travis/build/icyphy/ptII/ptolemy/domains/modal/test/auto/Timeout1.xml
----------------- Instantiating /home/travis/build/icyphy/ptII/ptolemy/domains/modal/test/auto/Timeout1.xml
3 ms. Memory: 270336K Free: 168208K (62%)
----------------- Invoking toplevel() on ptolemy.moml.MoMLSimpleApplication@6f224835
----------------- Done invoking toplevel() on ptolemy.moml.MoMLSimpleApplication@6f224835
reloadAllAccessors: .Timeout1

===========================================================================================
----------------- testing Wed Aug 05 15:22:10 UTC 2020 /home/travis/build/icyphy/ptII/ptolemy/domains/modal/test/auto/Timeout2.xml
----------------- Instantiating /home/travis/build/icyphy/ptII/ptolemy/domains/modal/test/auto/Timeout2.xml
8 ms. Memory: 270336K Free: 159520K (59%)
----------------- Invoking toplevel() on ptolemy.moml.MoMLSimpleApplication@430e31c1
----------------- Done invoking toplevel() on ptolemy.moml.MoMLSimpleApplication@430e31c1
reloadAllAccessors: .Timeout2

===========================================================================================
----------------- testing Wed Aug 05 15:22:10 UTC 2020 /home/travis/build/icyphy/ptII/ptolemy/domains/modal/test/auto/Timeout3.xml
----------------- Instantiating /home/travis/build/icyphy/ptII/ptolemy/domains/modal/test/auto/Timeout3.xml
1 ms. Memory: 270336K Free: 154400K (57%)
----------------- Invoking toplevel() on ptolemy.moml.MoMLSimpleApplication@53c76c6c
----------------- Done invoking toplevel() on ptolemy.moml.MoMLSimpleApplication@53c76c6c
reloadAllAccessors: .Timeout3

===========================================================================================
----------------- testing Wed Aug 05 15:22:10 UTC 2020 /home/travis/build/icyphy/ptII/ptolemy/domains/modal/test/auto/Timeout4.xml
----------------- Instantiating /home/travis/build/icyphy/ptII/ptolemy/domains/modal/test/auto/Timeout4.xml
2 ms. Memory: 270336K Free: 149280K (55%)
----------------- Invoking toplevel() on ptolemy.moml.MoMLSimpleApplication@720216df
----------------- Done invoking toplevel() on ptolemy.moml.MoMLSimpleApplication@720216df
reloadAllAccessors: .Timeout4

===========================================================================================
----------------- testing Wed Aug 05 15:22:10 UTC 2020 /home/travis/build/icyphy/ptII/ptolemy/domains/modal/test/auto/TransientstateModelAdvanced.xml
----------------- Instantiating /home/travis/build/icyphy/ptII/ptolemy/domains/modal/test/auto/TransientstateModelAdvanced.xml
3 ms. Memory: 270336K Free: 136992K (51%)
----------------- Invoking toplevel() on ptolemy.moml.MoMLSimpleApplication@3870d9e
----------------- Done invoking toplevel() on ptolemy.moml.MoMLSimpleApplication@3870d9e
reloadAllAccessors: .TransientstateModelAdvanced

===========================================================================================
----------------- testing Wed Aug 05 15:22:10 UTC 2020 /home/travis/build/icyphy/ptII/ptolemy/domains/modal/test/auto/TransientstateModelAdvanced2.xml
----------------- Instantiating /home/travis/build/icyphy/ptII/ptolemy/domains/modal/test/auto/TransientstateModelAdvanced2.xml
3 ms. Memory: 270336K Free: 122656K (45%)
----------------- Invoking toplevel() on ptolemy.moml.MoMLSimpleApplication@3ac65782
----------------- Done invoking toplevel() on ptolemy.moml.MoMLSimpleApplication@3ac65782
reloadAllAccessors: .transientstatemodelAdvanced

===========================================================================================
----------------- testing Wed Aug 05 15:22:10 UTC 2020 /home/travis/build/icyphy/ptII/ptolemy/domains/modal/test/auto/TransitionRefinements.xml
----------------- Instantiating /home/travis/build/icyphy/ptII/ptolemy/domains/modal/test/auto/TransitionRefinements.xml
6 ms. Memory: 270336K Free: 112912K (42%)
----------------- Invoking toplevel() on ptolemy.moml.MoMLSimpleApplication@5488ce5e
----------------- Done invoking toplevel() on ptolemy.moml.MoMLSimpleApplication@5488ce5e
reloadAllAccessors: .TransitionRefinements

===========================================================================================
----------------- testing Wed Aug 05 15:22:10 UTC 2020 /home/travis/build/icyphy/ptII/ptolemy/domains/modal/test/auto/TwoRefinements1.xml
----------------- Instantiating /home/travis/build/icyphy/ptII/ptolemy/domains/modal/test/auto/TwoRefinements1.xml
3 ms. Memory: 270336K Free: 103200K (38%)
----------------- Invoking toplevel() on ptolemy.moml.MoMLSimpleApplication@64b9807b
----------------- Done invoking toplevel() on ptolemy.moml.MoMLSimpleApplication@64b9807b
reloadAllAccessors: .TwoRefinements1

===========================================================================================
----------------- testing Wed Aug 05 15:22:10 UTC 2020 /home/travis/build/icyphy/ptII/ptolemy/domains/modal/test/auto/TwoRefinements2.xml
----------------- Instantiating /home/travis/build/icyphy/ptII/ptolemy/domains/modal/test/auto/TwoRefinements2.xml
2 ms. Memory: 270336K Free: 92960K (34%)
----------------- Invoking toplevel() on ptolemy.moml.MoMLSimpleApplication@4b157328
----------------- Done invoking toplevel() on ptolemy.moml.MoMLSimpleApplication@4b157328
reloadAllAccessors: .TwoRefinements2

===========================================================================================
----------------- testing Wed Aug 05 15:22:10 UTC 2020 /home/travis/build/icyphy/ptII/ptolemy/domains/modal/test/auto/WeakImmediateTransition.xml
----------------- Instantiating /home/travis/build/icyphy/ptII/ptolemy/domains/modal/test/auto/WeakImmediateTransition.xml
4 ms. Memory: 339968K Free: 312604K (92%)
----------------- Invoking toplevel() on ptolemy.moml.MoMLSimpleApplication@52b9219e
----------------- Done invoking toplevel() on ptolemy.moml.MoMLSimpleApplication@52b9219e
reloadAllAccessors: .WeakImmediateTransition

===========================================================================================
----------------- testing Wed Aug 05 15:22:10 UTC 2020 /home/travis/build/icyphy/ptII/ptolemy/domains/modal/test/auto/booleanSelect.xml
----------------- Instantiating /home/travis/build/icyphy/ptII/ptolemy/domains/modal/test/auto/booleanSelect.xml
39 ms. Memory: 339968K Free: 294172K (87%)
----------------- Invoking toplevel() on ptolemy.moml.MoMLSimpleApplication@6a6d72e7
----------------- Done invoking toplevel() on ptolemy.moml.MoMLSimpleApplication@6a6d72e7
reloadAllAccessors: .booleanSelect

===========================================================================================
----------------- testing Wed Aug 05 15:22:10 UTC 2020 /home/travis/build/icyphy/ptII/ptolemy/domains/modal/test/auto/modalChangingParams.xml
----------------- Instantiating /home/travis/build/icyphy/ptII/ptolemy/domains/modal/test/auto/modalChangingParams.xml
0
1
0
2
4
6
8
7
0
2
4
6
8
13
0
2
4
6
8
19
0
2
4
6
8
25
0
2
4
6
8
31
0
2
4
6
8
37
0
2
4
6
8
43
0
2
4
6
8
49
0
2
4
6
8
55
0
2
4
6
8
61
0
2
4
6
8
67
0
2
4
6
8
73
0
2
4
6
8
79
0
2
4
6
8
85
0
2
4
6
8
91
0
2
4
6
8
97
0
2
4
6
8
103
0
2
4
6
8
109
0
2
4
6
8
115
0
2
4
6
8
121
0
2
4
6
8
127
0
2
4
6
8
133
0
2
4
6
8
139
0
2
4
6
8
145
0
2
4
6
8
151
0
2
4
6
8
157
0
2
4
6
8
163
0
2
4
6
8
169
0
2
4
6
8
175
0
2
4
6
8
181
0
2
4
6
8
187
0
2
4
6
8
193
0
2
4
6
8
199
0
2
4
6
8
205
0
2
4
6
8
211
0
2
4
6
8
217
0
2
4
6
8
223
0
2
4
6
8
229
0
2
4
6
8
235
0
2
4
6
8
241
0
2
4
6
8
247
0
2
4
6
8
253
0
2
4
6
8
259
0
2
4
6
8
265
0
2
4
6
8
271
0
2
4
6
8
277
0
2
4
6
8
283
0
2
4
6
8
289
0
2
4
6
8
295
0
2
4
6
8
301
0
2
4
6
8
307
0
2
4
6
8
313
0
2
4
6
8
319
0
2
4
6
8
325
0
2
4
6
8
331
0
2
4
6
8
337
0
2
4
6
8
343
0
2
4
6
8
349
0
2
4
6
8
355
0
2
4
6
8
361
0
2
4
6
8
367
0
2
4
6
8
373
0
2
4
6
8
379
0
2
4
6
8
385
0
2
4
6
8
391
0
2
4
6
8
397
0
2
4
6
8
403
0
2
4
6
8
409
0
2
4
6
8
415
0
2
4
6
8
421
0
2
4
6
8
427
0
2
4
6
8
433
0
2
4
6
8
439
0
2
4
6
8
445
0
2
4
6
8
451
0
2
4
6
8
457
0
2
4
6
8
463
0
2
4
6
8
469
0
2
4
6
8
475
0
2
4
6
8
481
0
2
4
6
8
487
0
2
4
6
8
493
0
2
4
6
8
499
0
2
4
6
8
505
0
2
4
6
8
511
0
2
4
6
8
517
0
2
4
6
8
523
0
2
4
6
8
529
0
2
4
6
8
535
0
2
4
6
8
541
0
2
4
6
8
547
0
2
4
6
8
553
0
2
4
6
8
559
0
2
4
6
8
565
0
2
4
6
8
571
0
2
4
6
8
577
0
2
4
6
8
583
0
2
4
6
8
589
0
2
4
6
8
595
0
2
4
6
8
601
0
2
4
6
8
607
0
2
4
6
8
613
0
2
4
6
8
619
0
2
4
6
8
625
0
2
4
6
8
631
0
2
4
6
8
637
0
2
4
6
8
643
0
2
4
6
8
649
0
2
4
6
8
655
0
2
4
6
8
661
0
2
4
6
8
667
0
2
4
6
8
673
0
2
4
6
8
679
0
2
4
6
8
685
0
2
4
6
8
691
0
2
4
6
8
697
0
2
4
6
8
703
0
2
4
6
8
709
0
2
4
6
8
715
0
2
4
6
8
721
0
2
4
6
8
727
0
2
4
6
8
733
0
2
4
6
8
739
0
2
4
6
8
745
0
2
4
6
8
751
0
2
4
6
8
757
0
2
4
6
8
763
0
2
4
6
8
769
0
2
4
6
8
775
0
2
4
6
8
781
0
2
4
6
8
787
0
2
4
6
8
793
0
2
4
6
8
799
0
2
4
6
8
805
0
2
4
6
8
811
0
2
4
6
8
817
0
2
4
6
8
823
0
2
4
6
8
829
0
2
4
6
8
835
0
2
4
6
8
841
0
2
4
6
8
847
0
2
4
6
8
853
0
2
4
6
8
859
0
2
4
6
8
865
0
2
4
6
8
871
0
2
4
6
8
877
0
2
4
6
8
883
0
2
4
6
8
889
0
2
4
6
8
895
0
2
4
6
8
901
0
2
4
6
8
907
0
2
4
6
8
913
0
2
4
6
8
919
0
2
4
6
8
925
0
2
4
6
8
931
0
2
4
6
8
937
0
2
4
6
8
943
0
2
4
6
8
949
0
2
4
6
8
955
0
2
4
6
8
961
0
2
4
6
8
967
0
2
4
6
8
973
0
2
4
6
8
979
0
2
4
6
8
985
0
2
4
6
8
991
0
2
4
6
8
997
0
2
250 ms. Memory: 339968K Free: 179484K (53%)
----------------- Invoking toplevel() on ptolemy.moml.MoMLSimpleApplication@5840a0ba
----------------- Done invoking toplevel() on ptolemy.moml.MoMLSimpleApplication@5840a0ba
reloadAllAccessors: .modalChangingParams

===========================================================================================
----------------- testing Wed Aug 05 15:22:11 UTC 2020 /home/travis/build/icyphy/ptII/ptolemy/domains/modal/test/auto/modalModel.xml
----------------- Instantiating /home/travis/build/icyphy/ptII/ptolemy/domains/modal/test/auto/modalModel.xml
5 ms. Memory: 339968K Free: 170764K (50%)
----------------- Invoking toplevel() on ptolemy.moml.MoMLSimpleApplication@3a449aa2
----------------- Done invoking toplevel() on ptolemy.moml.MoMLSimpleApplication@3a449aa2
reloadAllAccessors: .modalModel

===========================================================================================
----------------- testing Wed Aug 05 15:22:11 UTC 2020 /home/travis/build/icyphy/ptII/ptolemy/domains/modal/test/auto/modalModel2.xml
----------------- Instantiating /home/travis/build/icyphy/ptII/ptolemy/domains/modal/test/auto/modalModel2.xml
10 ms. Memory: 339968K Free: 160028K (47%)
----------------- Invoking toplevel() on ptolemy.moml.MoMLSimpleApplication@6f12dcd0
----------------- Done invoking toplevel() on ptolemy.moml.MoMLSimpleApplication@6f12dcd0
reloadAllAccessors: .modalModel2

===========================================================================================
----------------- testing Wed Aug 05 15:22:11 UTC 2020 /home/travis/build/icyphy/ptII/ptolemy/domains/modal/test/auto/modalModel3.xml
----------------- Instantiating /home/travis/build/icyphy/ptII/ptolemy/domains/modal/test/auto/modalModel3.xml
0	0	0
1	0	1
4	2	2
7	4	3
10	6	4
5	0	5
8	2	6
11	4	7
14	6	8
9	0	9
12	2	10
15	4	11
18	6	12
13	0	13
16	2	14
16 ms. Memory: 339968K Free: 145178K (43%)
----------------- Invoking toplevel() on ptolemy.moml.MoMLSimpleApplication@5a0bb8b3
----------------- Done invoking toplevel() on ptolemy.moml.MoMLSimpleApplication@5a0bb8b3
reloadAllAccessors: .modalModel3

===========================================================================================
----------------- testing Wed Aug 05 15:22:11 UTC 2020 /home/travis/build/icyphy/ptII/ptolemy/domains/modal/test/auto/model1.xml
----------------- Instantiating /home/travis/build/icyphy/ptII/ptolemy/domains/modal/test/auto/model1.xml
11 ms. Memory: 339968K Free: 139548K (41%)
----------------- Invoking toplevel() on ptolemy.moml.MoMLSimpleApplication@19d681e6
----------------- Done invoking toplevel() on ptolemy.moml.MoMLSimpleApplication@19d681e6
reloadAllAccessors: .model1

===========================================================================================
----------------- testing Wed Aug 05 15:22:11 UTC 2020 /home/travis/build/icyphy/ptII/ptolemy/domains/modal/test/auto/test-direct-in-out.xml
----------------- Instantiating /home/travis/build/icyphy/ptII/ptolemy/domains/modal/test/auto/test-direct-in-out.xml
4 ms. Memory: 339968K Free: 131850K (39%)
----------------- Invoking toplevel() on ptolemy.moml.MoMLSimpleApplication@6e7eeb76
----------------- Done invoking toplevel() on ptolemy.moml.MoMLSimpleApplication@6e7eeb76
reloadAllAccessors: .test-direct-in-out
AutoTests.java: About to close Vertx.
AutoTests.java: Vertx closed.
]]></system-out>
  <system-err><![CDATA[java.lang.RuntimeException: Execution failed
	at ptolemy.moml.MoMLSimpleApplication$UnloadThread.run(MoMLSimpleApplication.java:402)
Caused by: ptolemy.kernel.util.IllegalActionException: Unknown inputs remain. Possible causality loop:
L_model_1893289564i

  in .CannotAnalysisWithPreemption.model_1893289564_region_1 and .CannotAnalysisWithPreemption.model_1893289564_region_1.L_model_1893289564i
	at ptolemy.actor.sched.FixedPointDirector.postfire(FixedPointDirector.java:515)
	at ptolemy.domains.sr.kernel.SRDirector.postfire(SRDirector.java:417)
	at ptolemy.actor.CompositeActor.postfire(CompositeActor.java:1668)
	at ptolemy.actor.Manager.iterate(Manager.java:852)
	at ptolemy.actor.Manager.execute(Manager.java:369)
	at ptolemy.actor.Manager.run(Manager.java:1263)
	at ptolemy.actor.Manager$PtolemyRunThread.run(Manager.java:1933)
java.lang.reflect.InvocationTargetException
	at java.base/jdk.internal.reflect.NativeConstructorAccessorImpl.newInstance0(Native Method)
	at java.base/jdk.internal.reflect.NativeConstructorAccessorImpl.newInstance(NativeConstructorAccessorImpl.java:62)
	at java.base/jdk.internal.reflect.DelegatingConstructorAccessorImpl.newInstance(DelegatingConstructorAccessorImpl.java:45)
	at java.base/java.lang.reflect.Constructor.newInstance(Constructor.java:490)
	at ptolemy.util.test.junit.AutoKnownFailedTests.RunModel(AutoKnownFailedTests.java:105)
	at java.base/jdk.internal.reflect.NativeMethodAccessorImpl.invoke0(Native Method)
	at java.base/jdk.internal.reflect.NativeMethodAccessorImpl.invoke(NativeMethodAccessorImpl.java:62)
	at java.base/jdk.internal.reflect.DelegatingMethodAccessorImpl.invoke(DelegatingMethodAccessorImpl.java:43)
	at java.base/java.lang.reflect.Method.invoke(Method.java:566)
	at org.junit.runners.model.FrameworkMethod$1.runReflectiveCall(FrameworkMethod.java:44)
	at org.junit.internal.runners.model.ReflectiveCallable.run(ReflectiveCallable.java:15)
	at org.junit.runners.model.FrameworkMethod.invokeExplosively(FrameworkMethod.java:41)
	at junitparams.internal.InvokeParameterisedMethod.evaluate(InvokeParameterisedMethod.java:102)
	at org.junit.internal.runners.statements.FailOnTimeout$1.run(FailOnTimeout.java:28)
Caused by: ptolemy.kernel.util.IllegalActionException: Unknown inputs remain. Possible causality loop:
L_model_1893289564i

  in .CannotAnalysisWithPreemption.model_1893289564_region_1 and .CannotAnalysisWithPreemption.model_1893289564_region_1.L_model_1893289564i
	at ptolemy.actor.sched.FixedPointDirector.postfire(FixedPointDirector.java:515)
	at ptolemy.domains.sr.kernel.SRDirector.postfire(SRDirector.java:417)
	at ptolemy.actor.CompositeActor.postfire(CompositeActor.java:1668)
	at ptolemy.actor.Manager.iterate(Manager.java:852)
	at ptolemy.actor.Manager.execute(Manager.java:369)
	at ptolemy.actor.Manager.run(Manager.java:1263)
	at ptolemy.actor.Manager$PtolemyRunThread.run(Manager.java:1933)
]]></system-err>
</testsuite>
