<?xml version="1.0" encoding="UTF-8" ?>
<testsuite errors="0" failures="0" hostname="travis-job-bf17b116-5e38-4275-bef2-5be77bdfff17" name="ptolemy.domains.modal.test.junit.JUnitTclTest" skipped="0" tests="148" time="10.393" timestamp="2020-06-21T14:46:35">
  <properties>
[...]
</properties>
  <testcase classname="ptolemy.util.test.junit.TclTests" name="[0] /home/travis/build/icyphy/ptII/ptolemy/domains/modal/test/SystemLevelType.tcl (RunTclFile)" time="1.907" />
  <testcase classname="ptolemy.util.test.junit.AutoKnownFailedTests" name="[0] /home/travis/build/icyphy/ptII/ptolemy/domains/modal/test/auto/knownFailedTests/CannotAnalysisWithPreemption.xml (RunModel)" time="0.285" />
  <testcase classname="ptolemy.util.test.junit.AutoNameArchTests" name="[0] ThereAreNoAutoArchTests (RunModel)" time="0.003" />
  <testcase classname="ptolemy.util.test.junit.AutoTests" name="[0] /home/travis/build/icyphy/ptII/ptolemy/domains/modal/test/auto/ABPTest.xml (RunModel)" time="0.777" />
  <testcase classname="ptolemy.util.test.junit.AutoTests" name="[1] /home/travis/build/icyphy/ptII/ptolemy/domains/modal/test/auto/ABROFlat.xml (RunModel)" time="0.108" />
  <testcase classname="ptolemy.util.test.junit.AutoTests" name="[2] /home/travis/build/icyphy/ptII/ptolemy/domains/modal/test/auto/ABROFlat2.xml (RunModel)" time="0.083" />
  <testcase classname="ptolemy.util.test.junit.AutoTests" name="[3] /home/travis/build/icyphy/ptII/ptolemy/domains/modal/test/auto/ABRO_present_hmm.xml (RunModel)" time="0.125" />
  <testcase classname="ptolemy.util.test.junit.AutoTests" name="[4] /home/travis/build/icyphy/ptII/ptolemy/domains/modal/test/auto/AMICoderExample.xml (RunModel)" time="0.1" />
  <testcase classname="ptolemy.util.test.junit.AutoTests" name="[5] /home/travis/build/icyphy/ptII/ptolemy/domains/modal/test/auto/AbsentToPresent.xml (RunModel)" time="0.027" />
  <testcase classname="ptolemy.util.test.junit.AutoTests" name="[6] /home/travis/build/icyphy/ptII/ptolemy/domains/modal/test/auto/Blending.xml (RunModel)" time="0.301" />
  <testcase classname="ptolemy.util.test.junit.AutoTests" name="[7] /home/travis/build/icyphy/ptII/ptolemy/domains/modal/test/auto/Broadcast.xml (RunModel)" time="0.047" />
  <testcase classname="ptolemy.util.test.junit.AutoTests" name="[8] /home/travis/build/icyphy/ptII/ptolemy/domains/modal/test/auto/BroadcastHierarchy.xml (RunModel)" time="0.069" />
  <testcase classname="ptolemy.util.test.junit.AutoTests" name="[9] /home/travis/build/icyphy/ptII/ptolemy/domains/modal/test/auto/BroadcastHierarchy2.xml (RunModel)" time="0.124" />
  <testcase classname="ptolemy.util.test.junit.AutoTests" name="[10] /home/travis/build/icyphy/ptII/ptolemy/domains/modal/test/auto/BroadcastHierarchy3.xml (RunModel)" time="0.097" />
  <testcase classname="ptolemy.util.test.junit.AutoTests" name="[11] /home/travis/build/icyphy/ptII/ptolemy/domains/modal/test/auto/BroadcastHierarchy4.xml (RunModel)" time="0.081" />
  <testcase classname="ptolemy.util.test.junit.AutoTests" name="[12] /home/travis/build/icyphy/ptII/ptolemy/domains/modal/test/auto/CannotAnalysisWithPreemption2.xml (RunModel)" time="0.035" />
  <testcase classname="ptolemy.util.test.junit.AutoTests" name="[13] /home/travis/build/icyphy/ptII/ptolemy/domains/modal/test/auto/CannotAnalysisWithPreemption3.xml (RunModel)" time="0.038" />
  <testcase classname="ptolemy.util.test.junit.AutoTests" name="[14] /home/travis/build/icyphy/ptII/ptolemy/domains/modal/test/auto/CannotProduce.xml (RunModel)" time="0.033" />
  <testcase classname="ptolemy.util.test.junit.AutoTests" name="[15] /home/travis/build/icyphy/ptII/ptolemy/domains/modal/test/auto/CannotProduceModal.xml (RunModel)" time="0.037" />
  <testcase classname="ptolemy.util.test.junit.AutoTests" name="[16] /home/travis/build/icyphy/ptII/ptolemy/domains/modal/test/auto/Case.xml (RunModel)" time="0.078" />
  <testcase classname="ptolemy.util.test.junit.AutoTests" name="[17] /home/travis/build/icyphy/ptII/ptolemy/domains/modal/test/auto/Case1.xml (RunModel)" time="0.024" />
  <testcase classname="ptolemy.util.test.junit.AutoTests" name="[18] /home/travis/build/icyphy/ptII/ptolemy/domains/modal/test/auto/Case2.xml (RunModel)" time="0.072" />
  <testcase classname="ptolemy.util.test.junit.AutoTests" name="[19] /home/travis/build/icyphy/ptII/ptolemy/domains/modal/test/auto/CausalityInterface1.xml (RunModel)" time="0.04" />
  <testcase classname="ptolemy.util.test.junit.AutoTests" name="[20] /home/travis/build/icyphy/ptII/ptolemy/domains/modal/test/auto/CausalityInterface10.xml (RunModel)" time="0.054" />
  <testcase classname="ptolemy.util.test.junit.AutoTests" name="[21] /home/travis/build/icyphy/ptII/ptolemy/domains/modal/test/auto/CausalityInterface11.xml (RunModel)" time="0.05" />
  <testcase classname="ptolemy.util.test.junit.AutoTests" name="[22] /home/travis/build/icyphy/ptII/ptolemy/domains/modal/test/auto/CausalityInterface12.xml (RunModel)" time="0.044" />
  <testcase classname="ptolemy.util.test.junit.AutoTests" name="[23] /home/travis/build/icyphy/ptII/ptolemy/domains/modal/test/auto/CausalityInterface13.xml (RunModel)" time="0.063" />
  <testcase classname="ptolemy.util.test.junit.AutoTests" name="[24] /home/travis/build/icyphy/ptII/ptolemy/domains/modal/test/auto/CausalityInterface14.xml (RunModel)" time="0.051" />
  <testcase classname="ptolemy.util.test.junit.AutoTests" name="[25] /home/travis/build/icyphy/ptII/ptolemy/domains/modal/test/auto/CausalityInterface2.xml (RunModel)" time="0.03" />
  <testcase classname="ptolemy.util.test.junit.AutoTests" name="[26] /home/travis/build/icyphy/ptII/ptolemy/domains/modal/test/auto/CausalityInterface3.xml (RunModel)" time="0.027" />
  <testcase classname="ptolemy.util.test.junit.AutoTests" name="[27] /home/travis/build/icyphy/ptII/ptolemy/domains/modal/test/auto/CausalityInterface4.xml (RunModel)" time="0.022" />
  <testcase classname="ptolemy.util.test.junit.AutoTests" name="[28] /home/travis/build/icyphy/ptII/ptolemy/domains/modal/test/auto/CausalityInterface5.xml (RunModel)" time="0.027" />
  <testcase classname="ptolemy.util.test.junit.AutoTests" name="[29] /home/travis/build/icyphy/ptII/ptolemy/domains/modal/test/auto/CausalityInterface6.xml (RunModel)" time="0.034" />
  <testcase classname="ptolemy.util.test.junit.AutoTests" name="[30] /home/travis/build/icyphy/ptII/ptolemy/domains/modal/test/auto/CausalityInterface7.xml (RunModel)" time="0.05" />
  <testcase classname="ptolemy.util.test.junit.AutoTests" name="[31] /home/travis/build/icyphy/ptII/ptolemy/domains/modal/test/auto/CausalityInterface8.xml (RunModel)" time="0.033" />
  <testcase classname="ptolemy.util.test.junit.AutoTests" name="[32] /home/travis/build/icyphy/ptII/ptolemy/domains/modal/test/auto/CausalityInterface9.xml (RunModel)" time="0.025" />
  <testcase classname="ptolemy.util.test.junit.AutoTests" name="[33] /home/travis/build/icyphy/ptII/ptolemy/domains/modal/test/auto/ChainedTransitions.xml (RunModel)" time="0.147" />
  <testcase classname="ptolemy.util.test.junit.AutoTests" name="[34] /home/travis/build/icyphy/ptII/ptolemy/domains/modal/test/auto/CycleOfImmediateTransitionsFSM.xml (RunModel)" time="0.02" />
  <testcase classname="ptolemy.util.test.junit.AutoTests" name="[35] /home/travis/build/icyphy/ptII/ptolemy/domains/modal/test/auto/CycleOfImmediateTransitionsModal.xml (RunModel)" time="0.023" />
  <testcase classname="ptolemy.util.test.junit.AutoTests" name="[36] /home/travis/build/icyphy/ptII/ptolemy/domains/modal/test/auto/CycleOfImmediateTransitionsModal2.xml (RunModel)" time="0.033" />
  <testcase classname="ptolemy.util.test.junit.AutoTests" name="[37] /home/travis/build/icyphy/ptII/ptolemy/domains/modal/test/auto/CycleOfImmediateTransitionsModal3.xml (RunModel)" time="0.076" />
  <testcase classname="ptolemy.util.test.junit.AutoTests" name="[38] /home/travis/build/icyphy/ptII/ptolemy/domains/modal/test/auto/DeepModal1.xml (RunModel)" time="0.048" />
  <testcase classname="ptolemy.util.test.junit.AutoTests" name="[39] /home/travis/build/icyphy/ptII/ptolemy/domains/modal/test/auto/DeepModal2.xml (RunModel)" time="0.07" />
  <testcase classname="ptolemy.util.test.junit.AutoTests" name="[40] /home/travis/build/icyphy/ptII/ptolemy/domains/modal/test/auto/DeepModal3.xml (RunModel)" time="0.078" />
  <testcase classname="ptolemy.util.test.junit.AutoTests" name="[41] /home/travis/build/icyphy/ptII/ptolemy/domains/modal/test/auto/DeepModal4.xml (RunModel)" time="0.066" />
  <testcase classname="ptolemy.util.test.junit.AutoTests" name="[42] /home/travis/build/icyphy/ptII/ptolemy/domains/modal/test/auto/Default1.xml (RunModel)" time="0.014" />
  <testcase classname="ptolemy.util.test.junit.AutoTests" name="[43] /home/travis/build/icyphy/ptII/ptolemy/domains/modal/test/auto/Default2.xml (RunModel)" time="0.018" />
  <testcase classname="ptolemy.util.test.junit.AutoTests" name="[44] /home/travis/build/icyphy/ptII/ptolemy/domains/modal/test/auto/Default3.xml (RunModel)" time="0.018" />
  <testcase classname="ptolemy.util.test.junit.AutoTests" name="[45] /home/travis/build/icyphy/ptII/ptolemy/domains/modal/test/auto/Default4.xml (RunModel)" time="0.02" />
  <testcase classname="ptolemy.util.test.junit.AutoTests" name="[46] /home/travis/build/icyphy/ptII/ptolemy/domains/modal/test/auto/Default5.xml (RunModel)" time="0.022" />
  <testcase classname="ptolemy.util.test.junit.AutoTests" name="[47] /home/travis/build/icyphy/ptII/ptolemy/domains/modal/test/auto/EmptyGuard.xml (RunModel)" time="0.028" />
  <testcase classname="ptolemy.util.test.junit.AutoTests" name="[48] /home/travis/build/icyphy/ptII/ptolemy/domains/modal/test/auto/ErrorTransition1.xml (RunModel)" time="0.026" />
  <testcase classname="ptolemy.util.test.junit.AutoTests" name="[49] /home/travis/build/icyphy/ptII/ptolemy/domains/modal/test/auto/ErrorTransition10.xml (RunModel)" time="0.042" />
  <testcase classname="ptolemy.util.test.junit.AutoTests" name="[50] /home/travis/build/icyphy/ptII/ptolemy/domains/modal/test/auto/ErrorTransition11.xml (RunModel)" time="0.052" />
  <testcase classname="ptolemy.util.test.junit.AutoTests" name="[51] /home/travis/build/icyphy/ptII/ptolemy/domains/modal/test/auto/ErrorTransition2.xml (RunModel)" time="0.031" />
  <testcase classname="ptolemy.util.test.junit.AutoTests" name="[52] /home/travis/build/icyphy/ptII/ptolemy/domains/modal/test/auto/ErrorTransition3.xml (RunModel)" time="0.049" />
  <testcase classname="ptolemy.util.test.junit.AutoTests" name="[53] /home/travis/build/icyphy/ptII/ptolemy/domains/modal/test/auto/ErrorTransition4.xml (RunModel)" time="0.042" />
  <testcase classname="ptolemy.util.test.junit.AutoTests" name="[54] /home/travis/build/icyphy/ptII/ptolemy/domains/modal/test/auto/ErrorTransition5.xml (RunModel)" time="0.034" />
  <testcase classname="ptolemy.util.test.junit.AutoTests" name="[55] /home/travis/build/icyphy/ptII/ptolemy/domains/modal/test/auto/ErrorTransition6.xml (RunModel)" time="0.053" />
  <testcase classname="ptolemy.util.test.junit.AutoTests" name="[56] /home/travis/build/icyphy/ptII/ptolemy/domains/modal/test/auto/ErrorTransition7.xml (RunModel)" time="0.055" />
  <testcase classname="ptolemy.util.test.junit.AutoTests" name="[57] /home/travis/build/icyphy/ptII/ptolemy/domains/modal/test/auto/ErrorTransition8.xml (RunModel)" time="0.035" />
  <testcase classname="ptolemy.util.test.junit.AutoTests" name="[58] /home/travis/build/icyphy/ptII/ptolemy/domains/modal/test/auto/ErrorTransition9.xml (RunModel)" time="0.032" />
  <testcase classname="ptolemy.util.test.junit.AutoTests" name="[59] /home/travis/build/icyphy/ptII/ptolemy/domains/modal/test/auto/ExtendedFSM.xml (RunModel)" time="0.021" />
  <testcase classname="ptolemy.util.test.junit.AutoTests" name="[60] /home/travis/build/icyphy/ptII/ptolemy/domains/modal/test/auto/FinalStates.xml (RunModel)" time="0.022" />
  <testcase classname="ptolemy.util.test.junit.AutoTests" name="[61] /home/travis/build/icyphy/ptII/ptolemy/domains/modal/test/auto/FixedPointFSM.xml (RunModel)" time="0.046" />
  <testcase classname="ptolemy.util.test.junit.AutoTests" name="[62] /home/travis/build/icyphy/ptII/ptolemy/domains/modal/test/auto/FixedPointIterationFSMActor.xml (RunModel)" time="0.031" />
  <testcase classname="ptolemy.util.test.junit.AutoTests" name="[63] /home/travis/build/icyphy/ptII/ptolemy/domains/modal/test/auto/FixedPointIterationFSMActor2.xml (RunModel)" time="0.048" />
  <testcase classname="ptolemy.util.test.junit.AutoTests" name="[64] /home/travis/build/icyphy/ptII/ptolemy/domains/modal/test/auto/ForbiddenInstantanousLoop.xml (RunModel)" time="0.036" />
  <testcase classname="ptolemy.util.test.junit.AutoTests" name="[65] /home/travis/build/icyphy/ptII/ptolemy/domains/modal/test/auto/FunctionDependencyOfFSMActorTest.xml (RunModel)" time="0.025" />
  <testcase classname="ptolemy.util.test.junit.AutoTests" name="[66] /home/travis/build/icyphy/ptII/ptolemy/domains/modal/test/auto/GuardExpression.xml (RunModel)" time="0.015" />
  <testcase classname="ptolemy.util.test.junit.AutoTests" name="[67] /home/travis/build/icyphy/ptII/ptolemy/domains/modal/test/auto/GuardNotEvaluated.xml (RunModel)" time="0.029" />
  <testcase classname="ptolemy.util.test.junit.AutoTests" name="[68] /home/travis/build/icyphy/ptII/ptolemy/domains/modal/test/auto/GuardNotEvaluated2.xml (RunModel)" time="0.027" />
  <testcase classname="ptolemy.util.test.junit.AutoTests" name="[69] /home/travis/build/icyphy/ptII/ptolemy/domains/modal/test/auto/GuardOnAbsent.xml (RunModel)" time="0.023" />
  <testcase classname="ptolemy.util.test.junit.AutoTests" name="[70] /home/travis/build/icyphy/ptII/ptolemy/domains/modal/test/auto/HierarchicalFSMTypeInference.xml (RunModel)" time="0.026" />
  <testcase classname="ptolemy.util.test.junit.AutoTests" name="[71] /home/travis/build/icyphy/ptII/ptolemy/domains/modal/test/auto/Hysteresis.xml (RunModel)" time="0.048" />
  <testcase classname="ptolemy.util.test.junit.AutoTests" name="[72] /home/travis/build/icyphy/ptII/ptolemy/domains/modal/test/auto/HysteresisWithDefault.xml (RunModel)" time="0.07" />
  <testcase classname="ptolemy.util.test.junit.AutoTests" name="[73] /home/travis/build/icyphy/ptII/ptolemy/domains/modal/test/auto/HysteresisWithDefault2.xml (RunModel)" time="0.073" />
  <testcase classname="ptolemy.util.test.junit.AutoTests" name="[74] /home/travis/build/icyphy/ptII/ptolemy/domains/modal/test/auto/ImmediateNonConstructiveness.xml (RunModel)" time="0.016" />
  <testcase classname="ptolemy.util.test.junit.AutoTests" name="[75] /home/travis/build/icyphy/ptII/ptolemy/domains/modal/test/auto/ImmediateNonConstructiveness2.xml (RunModel)" time="0.016" />
  <testcase classname="ptolemy.util.test.junit.AutoTests" name="[76] /home/travis/build/icyphy/ptII/ptolemy/domains/modal/test/auto/ImmediateTransitionReset.xml (RunModel)" time="0.052" />
  <testcase classname="ptolemy.util.test.junit.AutoTests" name="[77] /home/travis/build/icyphy/ptII/ptolemy/domains/modal/test/auto/ImmediateTransitions1.xml (RunModel)" time="0.011" />
  <testcase classname="ptolemy.util.test.junit.AutoTests" name="[78] /home/travis/build/icyphy/ptII/ptolemy/domains/modal/test/auto/ImmediateTransitionsInstantaneousCommunication.xml (RunModel)" time="0.026" />
  <testcase classname="ptolemy.util.test.junit.AutoTests" name="[79] /home/travis/build/icyphy/ptII/ptolemy/domains/modal/test/auto/InitialImmediateTransition.xml (RunModel)" time="0.015" />
  <testcase classname="ptolemy.util.test.junit.AutoTests" name="[80] /home/travis/build/icyphy/ptII/ptolemy/domains/modal/test/auto/InitialOutputs.xml (RunModel)" time="0.017" />
  <testcase classname="ptolemy.util.test.junit.AutoTests" name="[81] /home/travis/build/icyphy/ptII/ptolemy/domains/modal/test/auto/InitialStateTransition1.xml (RunModel)" time="0.019" />
  <testcase classname="ptolemy.util.test.junit.AutoTests" name="[82] /home/travis/build/icyphy/ptII/ptolemy/domains/modal/test/auto/InitialStateTransition2.xml (RunModel)" time="0.026" />
  <testcase classname="ptolemy.util.test.junit.AutoTests" name="[83] /home/travis/build/icyphy/ptII/ptolemy/domains/modal/test/auto/InitialStateTransition3.xml (RunModel)" time="0.021" />
  <testcase classname="ptolemy.util.test.junit.AutoTests" name="[84] /home/travis/build/icyphy/ptII/ptolemy/domains/modal/test/auto/InitialStateTransition4.xml (RunModel)" time="0.022" />
  <testcase classname="ptolemy.util.test.junit.AutoTests" name="[85] /home/travis/build/icyphy/ptII/ptolemy/domains/modal/test/auto/MalformedGuardExpressionNotCaught.xml (RunModel)" time="0.024" />
  <testcase classname="ptolemy.util.test.junit.AutoTests" name="[86] /home/travis/build/icyphy/ptII/ptolemy/domains/modal/test/auto/ModalBSC.xml (RunModel)" time="0.079" />
  <testcase classname="ptolemy.util.test.junit.AutoTests" name="[87] /home/travis/build/icyphy/ptII/ptolemy/domains/modal/test/auto/ModalClocks.xml (RunModel)" time="0.067" />
  <testcase classname="ptolemy.util.test.junit.AutoTests" name="[88] /home/travis/build/icyphy/ptII/ptolemy/domains/modal/test/auto/ModalDelay.xml (RunModel)" time="0.045" />
  <testcase classname="ptolemy.util.test.junit.AutoTests" name="[89] /home/travis/build/icyphy/ptII/ptolemy/domains/modal/test/auto/ModalDelay2.xml (RunModel)" time="0.057" />
  <testcase classname="ptolemy.util.test.junit.AutoTests" name="[90] /home/travis/build/icyphy/ptII/ptolemy/domains/modal/test/auto/ModalModelFromMemo.xml (RunModel)" time="0.05" />
  <testcase classname="ptolemy.util.test.junit.AutoTests" name="[91] /home/travis/build/icyphy/ptII/ptolemy/domains/modal/test/auto/ModalModelWithMultirateTransient.xml (RunModel)" time="0.056" />
  <testcase classname="ptolemy.util.test.junit.AutoTests" name="[92] /home/travis/build/icyphy/ptII/ptolemy/domains/modal/test/auto/ModalModelWithReset.xml (RunModel)" time="0.054" />
  <testcase classname="ptolemy.util.test.junit.AutoTests" name="[93] /home/travis/build/icyphy/ptII/ptolemy/domains/modal/test/auto/MouseClickFSM.xml (RunModel)" time="0.046" />
  <testcase classname="ptolemy.util.test.junit.AutoTests" name="[94] /home/travis/build/icyphy/ptII/ptolemy/domains/modal/test/auto/MouseClickFSMModal.xml (RunModel)" time="0.03" />
  <testcase classname="ptolemy.util.test.junit.AutoTests" name="[95] /home/travis/build/icyphy/ptII/ptolemy/domains/modal/test/auto/NonStrictFSM_FeedbackLoop.xml (RunModel)" time="0.04" />
  <testcase classname="ptolemy.util.test.junit.AutoTests" name="[96] /home/travis/build/icyphy/ptII/ptolemy/domains/modal/test/auto/NonStrictFSM_FeedbackLoop_Refinement.xml (RunModel)" time="0.085" />
  <testcase classname="ptolemy.util.test.junit.AutoTests" name="[97] /home/travis/build/icyphy/ptII/ptolemy/domains/modal/test/auto/NonStrictFSM_FeedbackLoop_preemptive.xml (RunModel)" time="0.047" />
  <testcase classname="ptolemy.util.test.junit.AutoTests" name="[98] /home/travis/build/icyphy/ptII/ptolemy/domains/modal/test/auto/NormalTermination.xml (RunModel)" time="0.036" />
  <testcase classname="ptolemy.util.test.junit.AutoTests" name="[99] /home/travis/build/icyphy/ptII/ptolemy/domains/modal/test/auto/Pong.xml (RunModel)" time="0.083" />
  <testcase classname="ptolemy.util.test.junit.AutoTests" name="[100] /home/travis/build/icyphy/ptII/ptolemy/domains/modal/test/auto/Pong_test.xml (RunModel)" time="0.118" />
  <testcase classname="ptolemy.util.test.junit.AutoTests" name="[101] /home/travis/build/icyphy/ptII/ptolemy/domains/modal/test/auto/PreemptionHierarchy.xml (RunModel)" time="0.027" />
  <testcase classname="ptolemy.util.test.junit.AutoTests" name="[102] /home/travis/build/icyphy/ptII/ptolemy/domains/modal/test/auto/PreemptionHierarchy2.xml (RunModel)" time="0.034" />
  <testcase classname="ptolemy.util.test.junit.AutoTests" name="[103] /home/travis/build/icyphy/ptII/ptolemy/domains/modal/test/auto/PreemptiveTransition.xml (RunModel)" time="0.022" />
  <testcase classname="ptolemy.util.test.junit.AutoTests" name="[104] /home/travis/build/icyphy/ptII/ptolemy/domains/modal/test/auto/Priorities.xml (RunModel)" time="0.083" />
  <testcase classname="ptolemy.util.test.junit.AutoTests" name="[105] /home/travis/build/icyphy/ptII/ptolemy/domains/modal/test/auto/ResetFinal.xml (RunModel)" time="0.039" />
  <testcase classname="ptolemy.util.test.junit.AutoTests" name="[106] /home/travis/build/icyphy/ptII/ptolemy/domains/modal/test/auto/ResetFinal2.xml (RunModel)" time="0.028" />
  <testcase classname="ptolemy.util.test.junit.AutoTests" name="[107] /home/travis/build/icyphy/ptII/ptolemy/domains/modal/test/auto/ResetTransitionWithStartTime.xml (RunModel)" time="0.029" />
  <testcase classname="ptolemy.util.test.junit.AutoTests" name="[108] /home/travis/build/icyphy/ptII/ptolemy/domains/modal/test/auto/SDF-FSMComposite.xml (RunModel)" time="0.021" />
  <testcase classname="ptolemy.util.test.junit.AutoTests" name="[109] /home/travis/build/icyphy/ptII/ptolemy/domains/modal/test/auto/SeeminglyNondeterminate.xml (RunModel)" time="0.083" />
  <testcase classname="ptolemy.util.test.junit.AutoTests" name="[110] /home/travis/build/icyphy/ptII/ptolemy/domains/modal/test/auto/SeeminglyNondeterminate2.xml (RunModel)" time="0.068" />
  <testcase classname="ptolemy.util.test.junit.AutoTests" name="[111] /home/travis/build/icyphy/ptII/ptolemy/domains/modal/test/auto/SpontaneousFSM.xml (RunModel)" time="0.047" />
  <testcase classname="ptolemy.util.test.junit.AutoTests" name="[112] /home/travis/build/icyphy/ptII/ptolemy/domains/modal/test/auto/SpontaneousFSM2.xml (RunModel)" time="0.025" />
  <testcase classname="ptolemy.util.test.junit.AutoTests" name="[113] /home/travis/build/icyphy/ptII/ptolemy/domains/modal/test/auto/SpontaneousFSM3.xml (RunModel)" time="0.033" />
  <testcase classname="ptolemy.util.test.junit.AutoTests" name="[114] /home/travis/build/icyphy/ptII/ptolemy/domains/modal/test/auto/SpontaneousFSM4.xml (RunModel)" time="0.037" />
  <testcase classname="ptolemy.util.test.junit.AutoTests" name="[115] /home/travis/build/icyphy/ptII/ptolemy/domains/modal/test/auto/StateTrackerTest.xml (RunModel)" time="0.055" />
  <testcase classname="ptolemy.util.test.junit.AutoTests" name="[116] /home/travis/build/icyphy/ptII/ptolemy/domains/modal/test/auto/StrongImmediateTransition.xml (RunModel)" time="0.019" />
  <testcase classname="ptolemy.util.test.junit.AutoTests" name="[117] /home/travis/build/icyphy/ptII/ptolemy/domains/modal/test/auto/SustainHierarchy.xml (RunModel)" time="0.034" />
  <testcase classname="ptolemy.util.test.junit.AutoTests" name="[118] /home/travis/build/icyphy/ptII/ptolemy/domains/modal/test/auto/TerminationTransition1.xml (RunModel)" time="0.022" />
  <testcase classname="ptolemy.util.test.junit.AutoTests" name="[119] /home/travis/build/icyphy/ptII/ptolemy/domains/modal/test/auto/TerminationTransition2.xml (RunModel)" time="0.024" />
  <testcase classname="ptolemy.util.test.junit.AutoTests" name="[120] /home/travis/build/icyphy/ptII/ptolemy/domains/modal/test/auto/TerminationTransition3.xml (RunModel)" time="0.023" />
  <testcase classname="ptolemy.util.test.junit.AutoTests" name="[121] /home/travis/build/icyphy/ptII/ptolemy/domains/modal/test/auto/TerminationTransition4.xml (RunModel)" time="0.048" />
  <testcase classname="ptolemy.util.test.junit.AutoTests" name="[122] /home/travis/build/icyphy/ptII/ptolemy/domains/modal/test/auto/TerminationTransition5.xml (RunModel)" time="0.063" />
  <testcase classname="ptolemy.util.test.junit.AutoTests" name="[123] /home/travis/build/icyphy/ptII/ptolemy/domains/modal/test/auto/TerminationTransition6.xml (RunModel)" time="0.017" />
  <testcase classname="ptolemy.util.test.junit.AutoTests" name="[124] /home/travis/build/icyphy/ptII/ptolemy/domains/modal/test/auto/TerminationTransition7.xml (RunModel)" time="0.019" />
  <testcase classname="ptolemy.util.test.junit.AutoTests" name="[125] /home/travis/build/icyphy/ptII/ptolemy/domains/modal/test/auto/TerminationTransition8.xml (RunModel)" time="0.026" />
  <testcase classname="ptolemy.util.test.junit.AutoTests" name="[126] /home/travis/build/icyphy/ptII/ptolemy/domains/modal/test/auto/Thermostat_NoHysteresis.xml (RunModel)" time="0.072" />
  <testcase classname="ptolemy.util.test.junit.AutoTests" name="[127] /home/travis/build/icyphy/ptII/ptolemy/domains/modal/test/auto/TimedFSM.xml (RunModel)" time="0.028" />
  <testcase classname="ptolemy.util.test.junit.AutoTests" name="[128] /home/travis/build/icyphy/ptII/ptolemy/domains/modal/test/auto/Timeout1.xml (RunModel)" time="0.011" />
  <testcase classname="ptolemy.util.test.junit.AutoTests" name="[129] /home/travis/build/icyphy/ptII/ptolemy/domains/modal/test/auto/Timeout2.xml (RunModel)" time="0.018" />
  <testcase classname="ptolemy.util.test.junit.AutoTests" name="[130] /home/travis/build/icyphy/ptII/ptolemy/domains/modal/test/auto/Timeout3.xml (RunModel)" time="0.013" />
  <testcase classname="ptolemy.util.test.junit.AutoTests" name="[131] /home/travis/build/icyphy/ptII/ptolemy/domains/modal/test/auto/Timeout4.xml (RunModel)" time="0.012" />
  <testcase classname="ptolemy.util.test.junit.AutoTests" name="[132] /home/travis/build/icyphy/ptII/ptolemy/domains/modal/test/auto/TransientstateModelAdvanced.xml (RunModel)" time="0.025" />
  <testcase classname="ptolemy.util.test.junit.AutoTests" name="[133] /home/travis/build/icyphy/ptII/ptolemy/domains/modal/test/auto/TransientstateModelAdvanced2.xml (RunModel)" time="0.027" />
  <testcase classname="ptolemy.util.test.junit.AutoTests" name="[134] /home/travis/build/icyphy/ptII/ptolemy/domains/modal/test/auto/TransitionRefinements.xml (RunModel)" time="0.024" />
  <testcase classname="ptolemy.util.test.junit.AutoTests" name="[135] /home/travis/build/icyphy/ptII/ptolemy/domains/modal/test/auto/TwoRefinements1.xml (RunModel)" time="0.022" />
  <testcase classname="ptolemy.util.test.junit.AutoTests" name="[136] /home/travis/build/icyphy/ptII/ptolemy/domains/modal/test/auto/TwoRefinements2.xml (RunModel)" time="0.021" />
  <testcase classname="ptolemy.util.test.junit.AutoTests" name="[137] /home/travis/build/icyphy/ptII/ptolemy/domains/modal/test/auto/WeakImmediateTransition.xml (RunModel)" time="0.023" />
  <testcase classname="ptolemy.util.test.junit.AutoTests" name="[138] /home/travis/build/icyphy/ptII/ptolemy/domains/modal/test/auto/booleanSelect.xml (RunModel)" time="0.074" />
  <testcase classname="ptolemy.util.test.junit.AutoTests" name="[139] /home/travis/build/icyphy/ptII/ptolemy/domains/modal/test/auto/modalChangingParams.xml (RunModel)" time="0.279" />
  <testcase classname="ptolemy.util.test.junit.AutoTests" name="[140] /home/travis/build/icyphy/ptII/ptolemy/domains/modal/test/auto/modalModel.xml (RunModel)" time="0.029" />
  <testcase classname="ptolemy.util.test.junit.AutoTests" name="[141] /home/travis/build/icyphy/ptII/ptolemy/domains/modal/test/auto/modalModel2.xml (RunModel)" time="0.051" />
  <testcase classname="ptolemy.util.test.junit.AutoTests" name="[142] /home/travis/build/icyphy/ptII/ptolemy/domains/modal/test/auto/modalModel3.xml (RunModel)" time="0.038" />
  <testcase classname="ptolemy.util.test.junit.AutoTests" name="[143] /home/travis/build/icyphy/ptII/ptolemy/domains/modal/test/auto/model1.xml (RunModel)" time="0.027" />
  <testcase classname="ptolemy.util.test.junit.AutoTests" name="[144] /home/travis/build/icyphy/ptII/ptolemy/domains/modal/test/auto/test-direct-in-out.xml (RunModel)" time="0.017" />
  <system-out><![CDATA[/home/travis/build/icyphy/ptII/ptolemy/domains/modal/test/SystemLevelType.tcl
testDefs.tcl: setting time out to 9000 seconds at Sun Jun 21 14:46:35 UTC 2020
06/21/20 02:46:37
Failed: 0  Total Tests: 1  ((Passed: 1, Newly Passed: 0)  Known Failed: 0) /home/travis/build/icyphy/ptII/ptolemy/domains/modal/test
----------------- testing (KnownFailure) /home/travis/build/icyphy/ptII/ptolemy/domains/modal/test/auto/knownFailedTests/CannotAnalysisWithPreemption.xml
136 ms. Memory: 167936K Free: 125715K (75%)
Known Failure: java.lang.reflect.InvocationTargetException
No auto/linux-amd64/*.xml tests in /home/travis/build/icyphy/ptII/ptolemy/domains/modal/test
AutoTests.java: About to close Vertx.
AutoTests.java: Vertx closed.

===========================================================================================
----------------- testing Sun Jun 21 14:46:37 UTC 2020 /home/travis/build/icyphy/ptII/ptolemy/domains/modal/test/auto/ABPTest.xml
----------------- Instantiating /home/travis/build/icyphy/ptII/ptolemy/domains/modal/test/auto/ABPTest.xml
374 ms. Memory: 167936K Free: 124981K (74%)
----------------- Invoking toplevel() on ptolemy.moml.MoMLSimpleApplication@205d6b9e
----------------- Done invoking toplevel() on ptolemy.moml.MoMLSimpleApplication@205d6b9e
reloadAllAccessors: .ABPTest

===========================================================================================
----------------- testing Sun Jun 21 14:46:38 UTC 2020 /home/travis/build/icyphy/ptII/ptolemy/domains/modal/test/auto/ABROFlat.xml
----------------- Instantiating /home/travis/build/icyphy/ptII/ptolemy/domains/modal/test/auto/ABROFlat.xml
29 ms. Memory: 167936K Free: 109537K (65%)
----------------- Invoking toplevel() on ptolemy.moml.MoMLSimpleApplication@66d7ffe3
----------------- Done invoking toplevel() on ptolemy.moml.MoMLSimpleApplication@66d7ffe3
reloadAllAccessors: .ABROFlat

===========================================================================================
----------------- testing Sun Jun 21 14:46:38 UTC 2020 /home/travis/build/icyphy/ptII/ptolemy/domains/modal/test/auto/ABROFlat2.xml
----------------- Instantiating /home/travis/build/icyphy/ptII/ptolemy/domains/modal/test/auto/ABROFlat2.xml
21 ms. Memory: 167936K Free: 93175K (55%)
----------------- Invoking toplevel() on ptolemy.moml.MoMLSimpleApplication@55d7fd90
----------------- Done invoking toplevel() on ptolemy.moml.MoMLSimpleApplication@55d7fd90
reloadAllAccessors: .ABROFlat2

===========================================================================================
----------------- testing Sun Jun 21 14:46:38 UTC 2020 /home/travis/build/icyphy/ptII/ptolemy/domains/modal/test/auto/ABRO_present_hmm.xml
----------------- Instantiating /home/travis/build/icyphy/ptII/ptolemy/domains/modal/test/auto/ABRO_present_hmm.xml
26 ms. Memory: 167936K Free: 66537K (40%)
----------------- Invoking toplevel() on ptolemy.moml.MoMLSimpleApplication@1f9ed1d2
----------------- Done invoking toplevel() on ptolemy.moml.MoMLSimpleApplication@1f9ed1d2
reloadAllAccessors: .ABRO_present_hmm

===========================================================================================
----------------- testing Sun Jun 21 14:46:38 UTC 2020 /home/travis/build/icyphy/ptII/ptolemy/domains/modal/test/auto/AMICoderExample.xml
----------------- Instantiating /home/travis/build/icyphy/ptII/ptolemy/domains/modal/test/auto/AMICoderExample.xml
43 ms. Memory: 167936K Free: 144249K (86%)
----------------- Invoking toplevel() on ptolemy.moml.MoMLSimpleApplication@77d4f814
----------------- Done invoking toplevel() on ptolemy.moml.MoMLSimpleApplication@77d4f814
reloadAllAccessors: .AMICoderExample

===========================================================================================
----------------- testing Sun Jun 21 14:46:38 UTC 2020 /home/travis/build/icyphy/ptII/ptolemy/domains/modal/test/auto/AbsentToPresent.xml
----------------- Instantiating /home/travis/build/icyphy/ptII/ptolemy/domains/modal/test/auto/AbsentToPresent.xml
5 ms. Memory: 167936K Free: 139673K (83%)
----------------- Invoking toplevel() on ptolemy.moml.MoMLSimpleApplication@758d45b0
----------------- Done invoking toplevel() on ptolemy.moml.MoMLSimpleApplication@758d45b0
reloadAllAccessors: .AbsentToPresent

===========================================================================================
----------------- testing Sun Jun 21 14:46:38 UTC 2020 /home/travis/build/icyphy/ptII/ptolemy/domains/modal/test/auto/Blending.xml
----------------- Instantiating /home/travis/build/icyphy/ptII/ptolemy/domains/modal/test/auto/Blending.xml
178 ms. Memory: 167936K Free: 94617K (56%)
----------------- Invoking toplevel() on ptolemy.moml.MoMLSimpleApplication@7b280372
----------------- Done invoking toplevel() on ptolemy.moml.MoMLSimpleApplication@7b280372
reloadAllAccessors: .Blending

===========================================================================================
----------------- testing Sun Jun 21 14:46:39 UTC 2020 /home/travis/build/icyphy/ptII/ptolemy/domains/modal/test/auto/Broadcast.xml
----------------- Instantiating /home/travis/build/icyphy/ptII/ptolemy/domains/modal/test/auto/Broadcast.xml
10 ms. Memory: 167936K Free: 84377K (50%)
----------------- Invoking toplevel() on ptolemy.moml.MoMLSimpleApplication@4833f0a6
----------------- Done invoking toplevel() on ptolemy.moml.MoMLSimpleApplication@4833f0a6
reloadAllAccessors: .Broadcast

===========================================================================================
----------------- testing Sun Jun 21 14:46:39 UTC 2020 /home/travis/build/icyphy/ptII/ptolemy/domains/modal/test/auto/BroadcastHierarchy.xml
----------------- Instantiating /home/travis/build/icyphy/ptII/ptolemy/domains/modal/test/auto/BroadcastHierarchy.xml
18 ms. Memory: 167936K Free: 70537K (42%)
----------------- Invoking toplevel() on ptolemy.moml.MoMLSimpleApplication@2dce19c8
----------------- Done invoking toplevel() on ptolemy.moml.MoMLSimpleApplication@2dce19c8
reloadAllAccessors: .BroadcastHierarchy

===========================================================================================
----------------- testing Sun Jun 21 14:46:39 UTC 2020 /home/travis/build/icyphy/ptII/ptolemy/domains/modal/test/auto/BroadcastHierarchy2.xml
----------------- Instantiating /home/travis/build/icyphy/ptII/ptolemy/domains/modal/test/auto/BroadcastHierarchy2.xml
14 ms. Memory: 201728K Free: 171359K (85%)
----------------- Invoking toplevel() on ptolemy.moml.MoMLSimpleApplication@37d63173
----------------- Done invoking toplevel() on ptolemy.moml.MoMLSimpleApplication@37d63173
reloadAllAccessors: .BroadcastHierarchy2

===========================================================================================
----------------- testing Sun Jun 21 14:46:39 UTC 2020 /home/travis/build/icyphy/ptII/ptolemy/domains/modal/test/auto/BroadcastHierarchy3.xml
----------------- Instantiating /home/travis/build/icyphy/ptII/ptolemy/domains/modal/test/auto/BroadcastHierarchy3.xml
23 ms. Memory: 201728K Free: 150425K (75%)
----------------- Invoking toplevel() on ptolemy.moml.MoMLSimpleApplication@71c06aff
----------------- Done invoking toplevel() on ptolemy.moml.MoMLSimpleApplication@71c06aff
reloadAllAccessors: .BroadcastHierarchy3

===========================================================================================
----------------- testing Sun Jun 21 14:46:39 UTC 2020 /home/travis/build/icyphy/ptII/ptolemy/domains/modal/test/auto/BroadcastHierarchy4.xml
----------------- Instantiating /home/travis/build/icyphy/ptII/ptolemy/domains/modal/test/auto/BroadcastHierarchy4.xml
16 ms. Memory: 201728K Free: 125849K (62%)
----------------- Invoking toplevel() on ptolemy.moml.MoMLSimpleApplication@2f982525
----------------- Done invoking toplevel() on ptolemy.moml.MoMLSimpleApplication@2f982525
reloadAllAccessors: .BroadcastHierarchy4

===========================================================================================
----------------- testing Sun Jun 21 14:46:39 UTC 2020 /home/travis/build/icyphy/ptII/ptolemy/domains/modal/test/auto/CannotAnalysisWithPreemption2.xml
----------------- Instantiating /home/travis/build/icyphy/ptII/ptolemy/domains/modal/test/auto/CannotAnalysisWithPreemption2.xml
5 ms. Memory: 201728K Free: 118681K (59%)
----------------- Invoking toplevel() on ptolemy.moml.MoMLSimpleApplication@119c6796
----------------- Done invoking toplevel() on ptolemy.moml.MoMLSimpleApplication@119c6796
reloadAllAccessors: .CannotAnalysisWithPreemption2

===========================================================================================
----------------- testing Sun Jun 21 14:46:39 UTC 2020 /home/travis/build/icyphy/ptII/ptolemy/domains/modal/test/auto/CannotAnalysisWithPreemption3.xml
----------------- Instantiating /home/travis/build/icyphy/ptII/ptolemy/domains/modal/test/auto/CannotAnalysisWithPreemption3.xml
3 ms. Memory: 201728K Free: 108441K (54%)
----------------- Invoking toplevel() on ptolemy.moml.MoMLSimpleApplication@5be0f887
----------------- Done invoking toplevel() on ptolemy.moml.MoMLSimpleApplication@5be0f887
reloadAllAccessors: .CannotAnalysisWithPreemption3

===========================================================================================
----------------- testing Sun Jun 21 14:46:39 UTC 2020 /home/travis/build/icyphy/ptII/ptolemy/domains/modal/test/auto/CannotProduce.xml
----------------- Instantiating /home/travis/build/icyphy/ptII/ptolemy/domains/modal/test/auto/CannotProduce.xml
13 ms. Memory: 201728K Free: 101783K (50%)
----------------- Invoking toplevel() on ptolemy.moml.MoMLSimpleApplication@438afddf
----------------- Done invoking toplevel() on ptolemy.moml.MoMLSimpleApplication@438afddf
reloadAllAccessors: .CannotProduce

===========================================================================================
----------------- testing Sun Jun 21 14:46:39 UTC 2020 /home/travis/build/icyphy/ptII/ptolemy/domains/modal/test/auto/CannotProduceModal.xml
----------------- Instantiating /home/travis/build/icyphy/ptII/ptolemy/domains/modal/test/auto/CannotProduceModal.xml
18 ms. Memory: 201728K Free: 95633K (47%)
----------------- Invoking toplevel() on ptolemy.moml.MoMLSimpleApplication@2e68194
----------------- Done invoking toplevel() on ptolemy.moml.MoMLSimpleApplication@2e68194
reloadAllAccessors: .CannotProduceModal

===========================================================================================
----------------- testing Sun Jun 21 14:46:39 UTC 2020 /home/travis/build/icyphy/ptII/ptolemy/domains/modal/test/auto/Case.xml
----------------- Instantiating /home/travis/build/icyphy/ptII/ptolemy/domains/modal/test/auto/Case.xml
25 ms. Memory: 201728K Free: 84375K (42%)
----------------- Invoking toplevel() on ptolemy.moml.MoMLSimpleApplication@77063eea
----------------- Done invoking toplevel() on ptolemy.moml.MoMLSimpleApplication@77063eea
reloadAllAccessors: .Case

===========================================================================================
----------------- testing Sun Jun 21 14:46:39 UTC 2020 /home/travis/build/icyphy/ptII/ptolemy/domains/modal/test/auto/Case1.xml
----------------- Instantiating /home/travis/build/icyphy/ptII/ptolemy/domains/modal/test/auto/Case1.xml
5 ms. Memory: 201728K Free: 77207K (38%)
----------------- Invoking toplevel() on ptolemy.moml.MoMLSimpleApplication@43bbd9a6
----------------- Done invoking toplevel() on ptolemy.moml.MoMLSimpleApplication@43bbd9a6
reloadAllAccessors: .Case1

===========================================================================================
----------------- testing Sun Jun 21 14:46:39 UTC 2020 /home/travis/build/icyphy/ptII/ptolemy/domains/modal/test/auto/Case2.xml
----------------- Instantiating /home/travis/build/icyphy/ptII/ptolemy/domains/modal/test/auto/Case2.xml
42 ms. Memory: 201728K Free: 181798K (90%)
----------------- Invoking toplevel() on ptolemy.moml.MoMLSimpleApplication@6537e498
----------------- Done invoking toplevel() on ptolemy.moml.MoMLSimpleApplication@6537e498
reloadAllAccessors: .Case2

===========================================================================================
----------------- testing Sun Jun 21 14:46:39 UTC 2020 /home/travis/build/icyphy/ptII/ptolemy/domains/modal/test/auto/CausalityInterface1.xml
----------------- Instantiating /home/travis/build/icyphy/ptII/ptolemy/domains/modal/test/auto/CausalityInterface1.xml
5 ms. Memory: 201728K Free: 176537K (88%)
----------------- Invoking toplevel() on ptolemy.moml.MoMLSimpleApplication@43097153
----------------- Done invoking toplevel() on ptolemy.moml.MoMLSimpleApplication@43097153
reloadAllAccessors: .CausalityInterface1

===========================================================================================
----------------- testing Sun Jun 21 14:46:40 UTC 2020 /home/travis/build/icyphy/ptII/ptolemy/domains/modal/test/auto/CausalityInterface10.xml
----------------- Instantiating /home/travis/build/icyphy/ptII/ptolemy/domains/modal/test/auto/CausalityInterface10.xml
14 ms. Memory: 201728K Free: 163225K (81%)
----------------- Invoking toplevel() on ptolemy.moml.MoMLSimpleApplication@26da7c34
----------------- Done invoking toplevel() on ptolemy.moml.MoMLSimpleApplication@26da7c34
reloadAllAccessors: .CausalityInterface10

===========================================================================================
----------------- testing Sun Jun 21 14:46:40 UTC 2020 /home/travis/build/icyphy/ptII/ptolemy/domains/modal/test/auto/CausalityInterface11.xml
----------------- Instantiating /home/travis/build/icyphy/ptII/ptolemy/domains/modal/test/auto/CausalityInterface11.xml
10 ms. Memory: 201728K Free: 149913K (74%)
----------------- Invoking toplevel() on ptolemy.moml.MoMLSimpleApplication@493d34fe
----------------- Done invoking toplevel() on ptolemy.moml.MoMLSimpleApplication@493d34fe
reloadAllAccessors: .CausalityInterface11

===========================================================================================
----------------- testing Sun Jun 21 14:46:40 UTC 2020 /home/travis/build/icyphy/ptII/ptolemy/domains/modal/test/auto/CausalityInterface12.xml
----------------- Instantiating /home/travis/build/icyphy/ptII/ptolemy/domains/modal/test/auto/CausalityInterface12.xml
9 ms. Memory: 201728K Free: 136601K (68%)
----------------- Invoking toplevel() on ptolemy.moml.MoMLSimpleApplication@27bdcb9a
----------------- Done invoking toplevel() on ptolemy.moml.MoMLSimpleApplication@27bdcb9a
reloadAllAccessors: .CausalityInterface12

===========================================================================================
----------------- testing Sun Jun 21 14:46:40 UTC 2020 /home/travis/build/icyphy/ptII/ptolemy/domains/modal/test/auto/CausalityInterface13.xml
----------------- Instantiating /home/travis/build/icyphy/ptII/ptolemy/domains/modal/test/auto/CausalityInterface13.xml
13 ms. Memory: 201728K Free: 122761K (61%)
----------------- Invoking toplevel() on ptolemy.moml.MoMLSimpleApplication@25b18350
----------------- Done invoking toplevel() on ptolemy.moml.MoMLSimpleApplication@25b18350
reloadAllAccessors: .CausalityInterface13

===========================================================================================
----------------- testing Sun Jun 21 14:46:40 UTC 2020 /home/travis/build/icyphy/ptII/ptolemy/domains/modal/test/auto/CausalityInterface14.xml
----------------- Instantiating /home/travis/build/icyphy/ptII/ptolemy/domains/modal/test/auto/CausalityInterface14.xml
11 ms. Memory: 201728K Free: 108953K (54%)
----------------- Invoking toplevel() on ptolemy.moml.MoMLSimpleApplication@6cb196d8
----------------- Done invoking toplevel() on ptolemy.moml.MoMLSimpleApplication@6cb196d8
reloadAllAccessors: .CausalityInterface14

===========================================================================================
----------------- testing Sun Jun 21 14:46:40 UTC 2020 /home/travis/build/icyphy/ptII/ptolemy/domains/modal/test/auto/CausalityInterface2.xml
----------------- Instantiating /home/travis/build/icyphy/ptII/ptolemy/domains/modal/test/auto/CausalityInterface2.xml
5 ms. Memory: 201728K Free: 102281K (51%)
----------------- Invoking toplevel() on ptolemy.moml.MoMLSimpleApplication@10f47d38
----------------- Done invoking toplevel() on ptolemy.moml.MoMLSimpleApplication@10f47d38
reloadAllAccessors: .CausalityInterface2

===========================================================================================
----------------- testing Sun Jun 21 14:46:40 UTC 2020 /home/travis/build/icyphy/ptII/ptolemy/domains/modal/test/auto/CausalityInterface3.xml
----------------- Instantiating /home/travis/build/icyphy/ptII/ptolemy/domains/modal/test/auto/CausalityInterface3.xml
7 ms. Memory: 201728K Free: 95641K (47%)
----------------- Invoking toplevel() on ptolemy.moml.MoMLSimpleApplication@68fbbae6
----------------- Done invoking toplevel() on ptolemy.moml.MoMLSimpleApplication@68fbbae6
reloadAllAccessors: .CausalityInterface3

===========================================================================================
----------------- testing Sun Jun 21 14:46:40 UTC 2020 /home/travis/build/icyphy/ptII/ptolemy/domains/modal/test/auto/CausalityInterface4.xml
----------------- Instantiating /home/travis/build/icyphy/ptII/ptolemy/domains/modal/test/auto/CausalityInterface4.xml
7 ms. Memory: 201728K Free: 88977K (44%)
----------------- Invoking toplevel() on ptolemy.moml.MoMLSimpleApplication@22810b17
----------------- Done invoking toplevel() on ptolemy.moml.MoMLSimpleApplication@22810b17
reloadAllAccessors: .CausalityInterface4

===========================================================================================
----------------- testing Sun Jun 21 14:46:40 UTC 2020 /home/travis/build/icyphy/ptII/ptolemy/domains/modal/test/auto/CausalityInterface5.xml
----------------- Instantiating /home/travis/build/icyphy/ptII/ptolemy/domains/modal/test/auto/CausalityInterface5.xml
5 ms. Memory: 201728K Free: 80777K (40%)
----------------- Invoking toplevel() on ptolemy.moml.MoMLSimpleApplication@2c9a488c
----------------- Done invoking toplevel() on ptolemy.moml.MoMLSimpleApplication@2c9a488c
reloadAllAccessors: .CausalityInterface5

===========================================================================================
----------------- testing Sun Jun 21 14:46:40 UTC 2020 /home/travis/build/icyphy/ptII/ptolemy/domains/modal/test/auto/CausalityInterface6.xml
----------------- Instantiating /home/travis/build/icyphy/ptII/ptolemy/domains/modal/test/auto/CausalityInterface6.xml
7 ms. Memory: 201728K Free: 72569K (36%)
----------------- Invoking toplevel() on ptolemy.moml.MoMLSimpleApplication@66b6e7fa
----------------- Done invoking toplevel() on ptolemy.moml.MoMLSimpleApplication@66b6e7fa
reloadAllAccessors: .CausalityInterface6

===========================================================================================
----------------- testing Sun Jun 21 14:46:40 UTC 2020 /home/travis/build/icyphy/ptII/ptolemy/domains/modal/test/auto/CausalityInterface7.xml
----------------- Instantiating /home/travis/build/icyphy/ptII/ptolemy/domains/modal/test/auto/CausalityInterface7.xml
6 ms. Memory: 201728K Free: 178583K (89%)
----------------- Invoking toplevel() on ptolemy.moml.MoMLSimpleApplication@3b2726d9
----------------- Done invoking toplevel() on ptolemy.moml.MoMLSimpleApplication@3b2726d9
reloadAllAccessors: .CausalityInterface7

===========================================================================================
----------------- testing Sun Jun 21 14:46:40 UTC 2020 /home/travis/build/icyphy/ptII/ptolemy/domains/modal/test/auto/CausalityInterface8.xml
----------------- Instantiating /home/travis/build/icyphy/ptII/ptolemy/domains/modal/test/auto/CausalityInterface8.xml
5 ms. Memory: 201728K Free: 169881K (84%)
----------------- Invoking toplevel() on ptolemy.moml.MoMLSimpleApplication@12a33e6b
----------------- Done invoking toplevel() on ptolemy.moml.MoMLSimpleApplication@12a33e6b
reloadAllAccessors: .CausalityInterface8

===========================================================================================
----------------- testing Sun Jun 21 14:46:40 UTC 2020 /home/travis/build/icyphy/ptII/ptolemy/domains/modal/test/auto/CausalityInterface9.xml
----------------- Instantiating /home/travis/build/icyphy/ptII/ptolemy/domains/modal/test/auto/CausalityInterface9.xml
3 ms. Memory: 201728K Free: 160145K (79%)
----------------- Invoking toplevel() on ptolemy.moml.MoMLSimpleApplication@11eceb16
----------------- Done invoking toplevel() on ptolemy.moml.MoMLSimpleApplication@11eceb16
reloadAllAccessors: .CausalityInterface9

===========================================================================================
----------------- testing Sun Jun 21 14:46:40 UTC 2020 /home/travis/build/icyphy/ptII/ptolemy/domains/modal/test/auto/ChainedTransitions.xml
----------------- Instantiating /home/travis/build/icyphy/ptII/ptolemy/domains/modal/test/auto/ChainedTransitions.xml
93 ms. Memory: 201728K Free: 135561K (67%)
----------------- Invoking toplevel() on ptolemy.moml.MoMLSimpleApplication@35915499
----------------- Done invoking toplevel() on ptolemy.moml.MoMLSimpleApplication@35915499
reloadAllAccessors: .ChainedTransitions

===========================================================================================
----------------- testing Sun Jun 21 14:46:40 UTC 2020 /home/travis/build/icyphy/ptII/ptolemy/domains/modal/test/auto/CycleOfImmediateTransitionsFSM.xml
----------------- Instantiating /home/travis/build/icyphy/ptII/ptolemy/domains/modal/test/auto/CycleOfImmediateTransitionsFSM.xml
4 ms. Memory: 201728K Free: 129945K (64%)
----------------- Invoking toplevel() on ptolemy.moml.MoMLSimpleApplication@108c6fe0
----------------- Done invoking toplevel() on ptolemy.moml.MoMLSimpleApplication@108c6fe0
reloadAllAccessors: .CycleOfImmediateTransitionsFSM

===========================================================================================
----------------- testing Sun Jun 21 14:46:40 UTC 2020 /home/travis/build/icyphy/ptII/ptolemy/domains/modal/test/auto/CycleOfImmediateTransitionsModal.xml
----------------- Instantiating /home/travis/build/icyphy/ptII/ptolemy/domains/modal/test/auto/CycleOfImmediateTransitionsModal.xml
4 ms. Memory: 201728K Free: 123287K (61%)
----------------- Invoking toplevel() on ptolemy.moml.MoMLSimpleApplication@b1cc8a6
----------------- Done invoking toplevel() on ptolemy.moml.MoMLSimpleApplication@b1cc8a6
reloadAllAccessors: .CycleOfImmediateTransitionsModal

===========================================================================================
----------------- testing Sun Jun 21 14:46:40 UTC 2020 /home/travis/build/icyphy/ptII/ptolemy/domains/modal/test/auto/CycleOfImmediateTransitionsModal2.xml
----------------- Instantiating /home/travis/build/icyphy/ptII/ptolemy/domains/modal/test/auto/CycleOfImmediateTransitionsModal2.xml
8 ms. Memory: 201728K Free: 117143K (58%)
----------------- Invoking toplevel() on ptolemy.moml.MoMLSimpleApplication@5fd6319c
----------------- Done invoking toplevel() on ptolemy.moml.MoMLSimpleApplication@5fd6319c
reloadAllAccessors: .CycleOfImmediateTransitionsModal2

===========================================================================================
----------------- testing Sun Jun 21 14:46:40 UTC 2020 /home/travis/build/icyphy/ptII/ptolemy/domains/modal/test/auto/CycleOfImmediateTransitionsModal3.xml
----------------- Instantiating /home/travis/build/icyphy/ptII/ptolemy/domains/modal/test/auto/CycleOfImmediateTransitionsModal3.xml
12 ms. Memory: 201728K Free: 94601K (47%)
----------------- Invoking toplevel() on ptolemy.moml.MoMLSimpleApplication@694ee27b
----------------- Done invoking toplevel() on ptolemy.moml.MoMLSimpleApplication@694ee27b
reloadAllAccessors: .CycleOfImmediateTransitionsModal3

===========================================================================================
----------------- testing Sun Jun 21 14:46:40 UTC 2020 /home/travis/build/icyphy/ptII/ptolemy/domains/modal/test/auto/DeepModal1.xml
----------------- Instantiating /home/travis/build/icyphy/ptII/ptolemy/domains/modal/test/auto/DeepModal1.xml
24 ms. Memory: 201728K Free: 80793K (40%)
----------------- Invoking toplevel() on ptolemy.moml.MoMLSimpleApplication@26e95cda
----------------- Done invoking toplevel() on ptolemy.moml.MoMLSimpleApplication@26e95cda
reloadAllAccessors: .DeepModal1

===========================================================================================
----------------- testing Sun Jun 21 14:46:40 UTC 2020 /home/travis/build/icyphy/ptII/ptolemy/domains/modal/test/auto/DeepModal2.xml
----------------- Instantiating /home/travis/build/icyphy/ptII/ptolemy/domains/modal/test/auto/DeepModal2.xml
36 ms. Memory: 201728K Free: 176535K (88%)
----------------- Invoking toplevel() on ptolemy.moml.MoMLSimpleApplication@780632e7
----------------- Done invoking toplevel() on ptolemy.moml.MoMLSimpleApplication@780632e7
reloadAllAccessors: .DeepModal2

===========================================================================================
----------------- testing Sun Jun 21 14:46:40 UTC 2020 /home/travis/build/icyphy/ptII/ptolemy/domains/modal/test/auto/DeepModal3.xml
----------------- Instantiating /home/travis/build/icyphy/ptII/ptolemy/domains/modal/test/auto/DeepModal3.xml
29 ms. Memory: 201728K Free: 156569K (78%)
----------------- Invoking toplevel() on ptolemy.moml.MoMLSimpleApplication@ba29703
----------------- Done invoking toplevel() on ptolemy.moml.MoMLSimpleApplication@ba29703
reloadAllAccessors: .DeepModal3

===========================================================================================
----------------- testing Sun Jun 21 14:46:41 UTC 2020 /home/travis/build/icyphy/ptII/ptolemy/domains/modal/test/auto/DeepModal4.xml
----------------- Instantiating /home/travis/build/icyphy/ptII/ptolemy/domains/modal/test/auto/DeepModal4.xml
29 ms. Memory: 201728K Free: 137113K (68%)
----------------- Invoking toplevel() on ptolemy.moml.MoMLSimpleApplication@127ba12e
----------------- Done invoking toplevel() on ptolemy.moml.MoMLSimpleApplication@127ba12e
reloadAllAccessors: .DeepModal4

===========================================================================================
----------------- testing Sun Jun 21 14:46:41 UTC 2020 /home/travis/build/icyphy/ptII/ptolemy/domains/modal/test/auto/Default1.xml
----------------- Instantiating /home/travis/build/icyphy/ptII/ptolemy/domains/modal/test/auto/Default1.xml
2 ms. Memory: 201728K Free: 131479K (65%)
----------------- Invoking toplevel() on ptolemy.moml.MoMLSimpleApplication@2e9ab9a2
----------------- Done invoking toplevel() on ptolemy.moml.MoMLSimpleApplication@2e9ab9a2
reloadAllAccessors: .Default1

===========================================================================================
----------------- testing Sun Jun 21 14:46:41 UTC 2020 /home/travis/build/icyphy/ptII/ptolemy/domains/modal/test/auto/Default2.xml
----------------- Instantiating /home/travis/build/icyphy/ptII/ptolemy/domains/modal/test/auto/Default2.xml
8 ms. Memory: 201728K Free: 125849K (62%)
----------------- Invoking toplevel() on ptolemy.moml.MoMLSimpleApplication@6370cc07
----------------- Done invoking toplevel() on ptolemy.moml.MoMLSimpleApplication@6370cc07
reloadAllAccessors: .Default2

===========================================================================================
----------------- testing Sun Jun 21 14:46:41 UTC 2020 /home/travis/build/icyphy/ptII/ptolemy/domains/modal/test/auto/Default3.xml
----------------- Instantiating /home/travis/build/icyphy/ptII/ptolemy/domains/modal/test/auto/Default3.xml
5 ms. Memory: 201728K Free: 119191K (59%)
----------------- Invoking toplevel() on ptolemy.moml.MoMLSimpleApplication@74568f7
----------------- Done invoking toplevel() on ptolemy.moml.MoMLSimpleApplication@74568f7
reloadAllAccessors: .Default3

===========================================================================================
----------------- testing Sun Jun 21 14:46:41 UTC 2020 /home/travis/build/icyphy/ptII/ptolemy/domains/modal/test/auto/Default4.xml
----------------- Instantiating /home/travis/build/icyphy/ptII/ptolemy/domains/modal/test/auto/Default4.xml
7 ms. Memory: 201728K Free: 113047K (56%)
----------------- Invoking toplevel() on ptolemy.moml.MoMLSimpleApplication@7c4f326d
----------------- Done invoking toplevel() on ptolemy.moml.MoMLSimpleApplication@7c4f326d
reloadAllAccessors: .Default4

===========================================================================================
----------------- testing Sun Jun 21 14:46:41 UTC 2020 /home/travis/build/icyphy/ptII/ptolemy/domains/modal/test/auto/Default5.xml
----------------- Instantiating /home/travis/build/icyphy/ptII/ptolemy/domains/modal/test/auto/Default5.xml
6 ms. Memory: 201728K Free: 104841K (52%)
----------------- Invoking toplevel() on ptolemy.moml.MoMLSimpleApplication@665d0b29
----------------- Done invoking toplevel() on ptolemy.moml.MoMLSimpleApplication@665d0b29
reloadAllAccessors: .Default5

===========================================================================================
----------------- testing Sun Jun 21 14:46:41 UTC 2020 /home/travis/build/icyphy/ptII/ptolemy/domains/modal/test/auto/EmptyGuard.xml
----------------- Instantiating /home/travis/build/icyphy/ptII/ptolemy/domains/modal/test/auto/EmptyGuard.xml
10 ms. Memory: 201728K Free: 97177K (48%)
----------------- Invoking toplevel() on ptolemy.moml.MoMLSimpleApplication@7aa96454
----------------- Done invoking toplevel() on ptolemy.moml.MoMLSimpleApplication@7aa96454
reloadAllAccessors: .EmptyGuard

===========================================================================================
----------------- testing Sun Jun 21 14:46:41 UTC 2020 /home/travis/build/icyphy/ptII/ptolemy/domains/modal/test/auto/ErrorTransition1.xml
----------------- Instantiating /home/travis/build/icyphy/ptII/ptolemy/domains/modal/test/auto/ErrorTransition1.xml
6 ms. Memory: 201728K Free: 88471K (44%)
----------------- Invoking toplevel() on ptolemy.moml.MoMLSimpleApplication@bea110b
----------------- Done invoking toplevel() on ptolemy.moml.MoMLSimpleApplication@bea110b
reloadAllAccessors: .ErrorTransition1

===========================================================================================
----------------- testing Sun Jun 21 14:46:41 UTC 2020 /home/travis/build/icyphy/ptII/ptolemy/domains/modal/test/auto/ErrorTransition10.xml
----------------- Instantiating /home/travis/build/icyphy/ptII/ptolemy/domains/modal/test/auto/ErrorTransition10.xml
18 ms. Memory: 201728K Free: 75153K (37%)
----------------- Invoking toplevel() on ptolemy.moml.MoMLSimpleApplication@2edfe253
----------------- Done invoking toplevel() on ptolemy.moml.MoMLSimpleApplication@2edfe253
reloadAllAccessors: .ErrorTransition10

===========================================================================================
----------------- testing Sun Jun 21 14:46:41 UTC 2020 /home/travis/build/icyphy/ptII/ptolemy/domains/modal/test/auto/ErrorTransition11.xml
----------------- Instantiating /home/travis/build/icyphy/ptII/ptolemy/domains/modal/test/auto/ErrorTransition11.xml
5 ms. Memory: 261120K Free: 237465K (91%)
----------------- Invoking toplevel() on ptolemy.moml.MoMLSimpleApplication@60c4affe
----------------- Done invoking toplevel() on ptolemy.moml.MoMLSimpleApplication@60c4affe
reloadAllAccessors: .ErrorTransition11

===========================================================================================
----------------- testing Sun Jun 21 14:46:41 UTC 2020 /home/travis/build/icyphy/ptII/ptolemy/domains/modal/test/auto/ErrorTransition2.xml
----------------- Instantiating /home/travis/build/icyphy/ptII/ptolemy/domains/modal/test/auto/ErrorTransition2.xml
9 ms. Memory: 261120K Free: 228759K (88%)
----------------- Invoking toplevel() on ptolemy.moml.MoMLSimpleApplication@4b054058
----------------- Done invoking toplevel() on ptolemy.moml.MoMLSimpleApplication@4b054058
reloadAllAccessors: .ErrorTransition2

===========================================================================================
----------------- testing Sun Jun 21 14:46:41 UTC 2020 /home/travis/build/icyphy/ptII/ptolemy/domains/modal/test/auto/ErrorTransition3.xml
----------------- Instantiating /home/travis/build/icyphy/ptII/ptolemy/domains/modal/test/auto/ErrorTransition3.xml
22 ms. Memory: 261120K Free: 219033K (84%)
----------------- Invoking toplevel() on ptolemy.moml.MoMLSimpleApplication@6f28bd9f
----------------- Done invoking toplevel() on ptolemy.moml.MoMLSimpleApplication@6f28bd9f
reloadAllAccessors: .ErrorTransition3

===========================================================================================
----------------- testing Sun Jun 21 14:46:41 UTC 2020 /home/travis/build/icyphy/ptII/ptolemy/domains/modal/test/auto/ErrorTransition4.xml
----------------- Instantiating /home/travis/build/icyphy/ptII/ptolemy/domains/modal/test/auto/ErrorTransition4.xml
15 ms. Memory: 261120K Free: 207769K (80%)
----------------- Invoking toplevel() on ptolemy.moml.MoMLSimpleApplication@7cfcaf6e
----------------- Done invoking toplevel() on ptolemy.moml.MoMLSimpleApplication@7cfcaf6e
reloadAllAccessors: .ErrorTransition4

===========================================================================================
----------------- testing Sun Jun 21 14:46:41 UTC 2020 /home/travis/build/icyphy/ptII/ptolemy/domains/modal/test/auto/ErrorTransition5.xml
----------------- Instantiating /home/travis/build/icyphy/ptII/ptolemy/domains/modal/test/auto/ErrorTransition5.xml
6 ms. Memory: 261120K Free: 197529K (76%)
----------------- Invoking toplevel() on ptolemy.moml.MoMLSimpleApplication@37b08aea
----------------- Done invoking toplevel() on ptolemy.moml.MoMLSimpleApplication@37b08aea
reloadAllAccessors: .ErrorTransition5

===========================================================================================
----------------- testing Sun Jun 21 14:46:41 UTC 2020 /home/travis/build/icyphy/ptII/ptolemy/domains/modal/test/auto/ErrorTransition6.xml
----------------- Instantiating /home/travis/build/icyphy/ptII/ptolemy/domains/modal/test/auto/ErrorTransition6.xml
10 ms. Memory: 261120K Free: 186775K (72%)
----------------- Invoking toplevel() on ptolemy.moml.MoMLSimpleApplication@1a8acef7
----------------- Done invoking toplevel() on ptolemy.moml.MoMLSimpleApplication@1a8acef7
reloadAllAccessors: .ErrorTransition6

===========================================================================================
----------------- testing Sun Jun 21 14:46:41 UTC 2020 /home/travis/build/icyphy/ptII/ptolemy/domains/modal/test/auto/ErrorTransition7.xml
----------------- Instantiating /home/travis/build/icyphy/ptII/ptolemy/domains/modal/test/auto/ErrorTransition7.xml
16 ms. Memory: 261120K Free: 173977K (67%)
----------------- Invoking toplevel() on ptolemy.moml.MoMLSimpleApplication@61f7ff1a
----------------- Done invoking toplevel() on ptolemy.moml.MoMLSimpleApplication@61f7ff1a
reloadAllAccessors: .ErrorTransition7

===========================================================================================
----------------- testing Sun Jun 21 14:46:41 UTC 2020 /home/travis/build/icyphy/ptII/ptolemy/domains/modal/test/auto/ErrorTransition8.xml
----------------- Instantiating /home/travis/build/icyphy/ptII/ptolemy/domains/modal/test/auto/ErrorTransition8.xml
15 ms. Memory: 261120K Free: 160665K (62%)
----------------- Invoking toplevel() on ptolemy.moml.MoMLSimpleApplication@6704238a
----------------- Done invoking toplevel() on ptolemy.moml.MoMLSimpleApplication@6704238a
reloadAllAccessors: .ErrorTransition8

===========================================================================================
----------------- testing Sun Jun 21 14:46:41 UTC 2020 /home/travis/build/icyphy/ptII/ptolemy/domains/modal/test/auto/ErrorTransition9.xml
----------------- Instantiating /home/travis/build/icyphy/ptII/ptolemy/domains/modal/test/auto/ErrorTransition9.xml
10 ms. Memory: 261120K Free: 147353K (56%)
----------------- Invoking toplevel() on ptolemy.moml.MoMLSimpleApplication@782d3bce
----------------- Done invoking toplevel() on ptolemy.moml.MoMLSimpleApplication@782d3bce
reloadAllAccessors: .ErrorTransition9

===========================================================================================
----------------- testing Sun Jun 21 14:46:41 UTC 2020 /home/travis/build/icyphy/ptII/ptolemy/domains/modal/test/auto/ExtendedFSM.xml
----------------- Instantiating /home/travis/build/icyphy/ptII/ptolemy/domains/modal/test/auto/ExtendedFSM.xml
7 ms. Memory: 261120K Free: 138633K (53%)
----------------- Invoking toplevel() on ptolemy.moml.MoMLSimpleApplication@3058e33
----------------- Done invoking toplevel() on ptolemy.moml.MoMLSimpleApplication@3058e33
reloadAllAccessors: .ExtendedFSM

===========================================================================================
----------------- testing Sun Jun 21 14:46:41 UTC 2020 /home/travis/build/icyphy/ptII/ptolemy/domains/modal/test/auto/FinalStates.xml
----------------- Instantiating /home/travis/build/icyphy/ptII/ptolemy/domains/modal/test/auto/FinalStates.xml
7 ms. Memory: 261120K Free: 130969K (50%)
----------------- Invoking toplevel() on ptolemy.moml.MoMLSimpleApplication@442ed627
----------------- Done invoking toplevel() on ptolemy.moml.MoMLSimpleApplication@442ed627
reloadAllAccessors: .FinalStates

===========================================================================================
----------------- testing Sun Jun 21 14:46:41 UTC 2020 /home/travis/build/icyphy/ptII/ptolemy/domains/modal/test/auto/FixedPointFSM.xml
----------------- Instantiating /home/travis/build/icyphy/ptII/ptolemy/domains/modal/test/auto/FixedPointFSM.xml
22 ms. Memory: 261120K Free: 116113K (44%)
----------------- Invoking toplevel() on ptolemy.moml.MoMLSimpleApplication@5beda00c
----------------- Done invoking toplevel() on ptolemy.moml.MoMLSimpleApplication@5beda00c
reloadAllAccessors: .FixedPointFSM

===========================================================================================
----------------- testing Sun Jun 21 14:46:41 UTC 2020 /home/travis/build/icyphy/ptII/ptolemy/domains/modal/test/auto/FixedPointIterationFSMActor.xml
----------------- Instantiating /home/travis/build/icyphy/ptII/ptolemy/domains/modal/test/auto/FixedPointIterationFSMActor.xml
9 ms. Memory: 261120K Free: 105369K (40%)
----------------- Invoking toplevel() on ptolemy.moml.MoMLSimpleApplication@11b408c8
----------------- Done invoking toplevel() on ptolemy.moml.MoMLSimpleApplication@11b408c8
reloadAllAccessors: .FixedPointIterationFSMActor

===========================================================================================
----------------- testing Sun Jun 21 14:46:41 UTC 2020 /home/travis/build/icyphy/ptII/ptolemy/domains/modal/test/auto/FixedPointIterationFSMActor2.xml
----------------- Instantiating /home/travis/build/icyphy/ptII/ptolemy/domains/modal/test/auto/FixedPointIterationFSMActor2.xml
26 ms. Memory: 261120K Free: 239001K (92%)
----------------- Invoking toplevel() on ptolemy.moml.MoMLSimpleApplication@81402f9
----------------- Done invoking toplevel() on ptolemy.moml.MoMLSimpleApplication@81402f9
reloadAllAccessors: .FixedPointIterationFSMActor2

===========================================================================================
----------------- testing Sun Jun 21 14:46:41 UTC 2020 /home/travis/build/icyphy/ptII/ptolemy/domains/modal/test/auto/ForbiddenInstantanousLoop.xml
----------------- Instantiating /home/travis/build/icyphy/ptII/ptolemy/domains/modal/test/auto/ForbiddenInstantanousLoop.xml
9 ms. Memory: 261120K Free: 226681K (87%)
----------------- Invoking toplevel() on ptolemy.moml.MoMLSimpleApplication@764123a7
----------------- Done invoking toplevel() on ptolemy.moml.MoMLSimpleApplication@764123a7
reloadAllAccessors: .ForbiddenInstantanousLoop

===========================================================================================
----------------- testing Sun Jun 21 14:46:41 UTC 2020 /home/travis/build/icyphy/ptII/ptolemy/domains/modal/test/auto/FunctionDependencyOfFSMActorTest.xml
----------------- Instantiating /home/travis/build/icyphy/ptII/ptolemy/domains/modal/test/auto/FunctionDependencyOfFSMActorTest.xml
9 ms. Memory: 261120K Free: 219545K (84%)
----------------- Invoking toplevel() on ptolemy.moml.MoMLSimpleApplication@123f597e
----------------- Done invoking toplevel() on ptolemy.moml.MoMLSimpleApplication@123f597e
reloadAllAccessors: .FunctionDependencyOfFSMActorTest

===========================================================================================
----------------- testing Sun Jun 21 14:46:41 UTC 2020 /home/travis/build/icyphy/ptII/ptolemy/domains/modal/test/auto/GuardExpression.xml
----------------- Instantiating /home/travis/build/icyphy/ptII/ptolemy/domains/modal/test/auto/GuardExpression.xml
2 ms. Memory: 261120K Free: 214425K (82%)
----------------- Invoking toplevel() on ptolemy.moml.MoMLSimpleApplication@e92128e
----------------- Done invoking toplevel() on ptolemy.moml.MoMLSimpleApplication@e92128e
reloadAllAccessors: .GuardExpression

===========================================================================================
----------------- testing Sun Jun 21 14:46:42 UTC 2020 /home/travis/build/icyphy/ptII/ptolemy/domains/modal/test/auto/GuardNotEvaluated.xml
----------------- Instantiating /home/travis/build/icyphy/ptII/ptolemy/domains/modal/test/auto/GuardNotEvaluated.xml
7 ms. Memory: 261120K Free: 205713K (79%)
----------------- Invoking toplevel() on ptolemy.moml.MoMLSimpleApplication@2357cf99
----------------- Done invoking toplevel() on ptolemy.moml.MoMLSimpleApplication@2357cf99
reloadAllAccessors: .GuardNotEvaluated

===========================================================================================
----------------- testing Sun Jun 21 14:46:42 UTC 2020 /home/travis/build/icyphy/ptII/ptolemy/domains/modal/test/auto/GuardNotEvaluated2.xml
----------------- Instantiating /home/travis/build/icyphy/ptII/ptolemy/domains/modal/test/auto/GuardNotEvaluated2.xml
9 ms. Memory: 261120K Free: 195993K (75%)
----------------- Invoking toplevel() on ptolemy.moml.MoMLSimpleApplication@4101d8a2
----------------- Done invoking toplevel() on ptolemy.moml.MoMLSimpleApplication@4101d8a2
reloadAllAccessors: .GuardNotEvaluated2

===========================================================================================
----------------- testing Sun Jun 21 14:46:42 UTC 2020 /home/travis/build/icyphy/ptII/ptolemy/domains/modal/test/auto/GuardOnAbsent.xml
----------------- Instantiating /home/travis/build/icyphy/ptII/ptolemy/domains/modal/test/auto/GuardOnAbsent.xml
9 ms. Memory: 261120K Free: 188281K (72%)
----------------- Invoking toplevel() on ptolemy.moml.MoMLSimpleApplication@43a899c4
----------------- Done invoking toplevel() on ptolemy.moml.MoMLSimpleApplication@43a899c4
reloadAllAccessors: .GuardOnAbsent

===========================================================================================
----------------- testing Sun Jun 21 14:46:42 UTC 2020 /home/travis/build/icyphy/ptII/ptolemy/domains/modal/test/auto/HierarchicalFSMTypeInference.xml
----------------- Instantiating /home/travis/build/icyphy/ptII/ptolemy/domains/modal/test/auto/HierarchicalFSMTypeInference.xml
5 ms. Memory: 261120K Free: 177561K (68%)
----------------- Invoking toplevel() on ptolemy.moml.MoMLSimpleApplication@1ba0ec3
----------------- Done invoking toplevel() on ptolemy.moml.MoMLSimpleApplication@1ba0ec3
reloadAllAccessors: .HierarchicalFSMTypeInference

===========================================================================================
----------------- testing Sun Jun 21 14:46:42 UTC 2020 /home/travis/build/icyphy/ptII/ptolemy/domains/modal/test/auto/Hysteresis.xml
----------------- Instantiating /home/travis/build/icyphy/ptII/ptolemy/domains/modal/test/auto/Hysteresis.xml
14 ms. Memory: 261120K Free: 164249K (63%)
----------------- Invoking toplevel() on ptolemy.moml.MoMLSimpleApplication@18954f18
----------------- Done invoking toplevel() on ptolemy.moml.MoMLSimpleApplication@18954f18
reloadAllAccessors: .Hysteresis

===========================================================================================
----------------- testing Sun Jun 21 14:46:42 UTC 2020 /home/travis/build/icyphy/ptII/ptolemy/domains/modal/test/auto/HysteresisWithDefault.xml
----------------- Instantiating /home/travis/build/icyphy/ptII/ptolemy/domains/modal/test/auto/HysteresisWithDefault.xml
41 ms. Memory: 261120K Free: 141207K (54%)
----------------- Invoking toplevel() on ptolemy.moml.MoMLSimpleApplication@1b06ab6d
----------------- Done invoking toplevel() on ptolemy.moml.MoMLSimpleApplication@1b06ab6d
reloadAllAccessors: .HysteresisWithDefault

===========================================================================================
----------------- testing Sun Jun 21 14:46:42 UTC 2020 /home/travis/build/icyphy/ptII/ptolemy/domains/modal/test/auto/HysteresisWithDefault2.xml
----------------- Instantiating /home/travis/build/icyphy/ptII/ptolemy/domains/modal/test/auto/HysteresisWithDefault2.xml
43 ms. Memory: 261120K Free: 112025K (43%)
----------------- Invoking toplevel() on ptolemy.moml.MoMLSimpleApplication@7db822ab
----------------- Done invoking toplevel() on ptolemy.moml.MoMLSimpleApplication@7db822ab
reloadAllAccessors: .HysteresisWithDefault2

===========================================================================================
----------------- testing Sun Jun 21 14:46:42 UTC 2020 /home/travis/build/icyphy/ptII/ptolemy/domains/modal/test/auto/ImmediateNonConstructiveness.xml
----------------- Instantiating /home/travis/build/icyphy/ptII/ptolemy/domains/modal/test/auto/ImmediateNonConstructiveness.xml
3 ms. Memory: 261120K Free: 104857K (40%)
----------------- Invoking toplevel() on ptolemy.moml.MoMLSimpleApplication@1a51d75d
----------------- Done invoking toplevel() on ptolemy.moml.MoMLSimpleApplication@1a51d75d
reloadAllAccessors: .ImmediateNonConstructiveness

===========================================================================================
----------------- testing Sun Jun 21 14:46:42 UTC 2020 /home/travis/build/icyphy/ptII/ptolemy/domains/modal/test/auto/ImmediateNonConstructiveness2.xml
----------------- Instantiating /home/travis/build/icyphy/ptII/ptolemy/domains/modal/test/auto/ImmediateNonConstructiveness2.xml
2 ms. Memory: 261120K Free: 98713K (38%)
----------------- Invoking toplevel() on ptolemy.moml.MoMLSimpleApplication@508c9d26
----------------- Done invoking toplevel() on ptolemy.moml.MoMLSimpleApplication@508c9d26
reloadAllAccessors: .ImmediateNonConstructiveness2

===========================================================================================
----------------- testing Sun Jun 21 14:46:42 UTC 2020 /home/travis/build/icyphy/ptII/ptolemy/domains/modal/test/auto/ImmediateTransitionReset.xml
----------------- Instantiating /home/travis/build/icyphy/ptII/ptolemy/domains/modal/test/auto/ImmediateTransitionReset.xml
7 ms. Memory: 261120K Free: 236953K (91%)
----------------- Invoking toplevel() on ptolemy.moml.MoMLSimpleApplication@5b7c31f5
----------------- Done invoking toplevel() on ptolemy.moml.MoMLSimpleApplication@5b7c31f5
reloadAllAccessors: .ImmediateTransitionReset

===========================================================================================
----------------- testing Sun Jun 21 14:46:42 UTC 2020 /home/travis/build/icyphy/ptII/ptolemy/domains/modal/test/auto/ImmediateTransitions1.xml
----------------- Instantiating /home/travis/build/icyphy/ptII/ptolemy/domains/modal/test/auto/ImmediateTransitions1.xml
1 ms. Memory: 261120K Free: 231833K (89%)
----------------- Invoking toplevel() on ptolemy.moml.MoMLSimpleApplication@491ec104
----------------- Done invoking toplevel() on ptolemy.moml.MoMLSimpleApplication@491ec104
reloadAllAccessors: .ImmediateTransitions1

===========================================================================================
----------------- testing Sun Jun 21 14:46:42 UTC 2020 /home/travis/build/icyphy/ptII/ptolemy/domains/modal/test/auto/ImmediateTransitionsInstantaneousCommunication.xml
----------------- Instantiating /home/travis/build/icyphy/ptII/ptolemy/domains/modal/test/auto/ImmediateTransitionsInstantaneousCommunication.xml
4 ms. Memory: 261120K Free: 219545K (84%)
----------------- Invoking toplevel() on ptolemy.moml.MoMLSimpleApplication@232dadca
----------------- Done invoking toplevel() on ptolemy.moml.MoMLSimpleApplication@232dadca
reloadAllAccessors: .ImmediateTransitionsInstantaneousCommunication

===========================================================================================
----------------- testing Sun Jun 21 14:46:42 UTC 2020 /home/travis/build/icyphy/ptII/ptolemy/domains/modal/test/auto/InitialImmediateTransition.xml
----------------- Instantiating /home/travis/build/icyphy/ptII/ptolemy/domains/modal/test/auto/InitialImmediateTransition.xml
3 ms. Memory: 261120K Free: 212377K (81%)
----------------- Invoking toplevel() on ptolemy.moml.MoMLSimpleApplication@6d0a1a09
----------------- Done invoking toplevel() on ptolemy.moml.MoMLSimpleApplication@6d0a1a09
reloadAllAccessors: .InitialImmediateTransition

===========================================================================================
----------------- testing Sun Jun 21 14:46:42 UTC 2020 /home/travis/build/icyphy/ptII/ptolemy/domains/modal/test/auto/InitialOutputs.xml
----------------- Instantiating /home/travis/build/icyphy/ptII/ptolemy/domains/modal/test/auto/InitialOutputs.xml
3 ms. Memory: 261120K Free: 206233K (79%)
----------------- Invoking toplevel() on ptolemy.moml.MoMLSimpleApplication@454a53e0
----------------- Done invoking toplevel() on ptolemy.moml.MoMLSimpleApplication@454a53e0
reloadAllAccessors: .InitialOutputs

===========================================================================================
----------------- testing Sun Jun 21 14:46:42 UTC 2020 /home/travis/build/icyphy/ptII/ptolemy/domains/modal/test/auto/InitialStateTransition1.xml
----------------- Instantiating /home/travis/build/icyphy/ptII/ptolemy/domains/modal/test/auto/InitialStateTransition1.xml
2 ms. Memory: 261120K Free: 198551K (76%)
----------------- Invoking toplevel() on ptolemy.moml.MoMLSimpleApplication@49b51d6
----------------- Done invoking toplevel() on ptolemy.moml.MoMLSimpleApplication@49b51d6
reloadAllAccessors: .InitialStateTransition1

===========================================================================================
----------------- testing Sun Jun 21 14:46:42 UTC 2020 /home/travis/build/icyphy/ptII/ptolemy/domains/modal/test/auto/InitialStateTransition2.xml
----------------- Instantiating /home/travis/build/icyphy/ptII/ptolemy/domains/modal/test/auto/InitialStateTransition2.xml
.InitialStateTransition2.TestExceptionAttributeNonConstructive: initialize() was not invoked, but wrapup() was.  This is unusual, but not always a problem.  For example, exporting JNLP will do this.
4 ms. Memory: 261120K Free: 191377K (73%)
----------------- Invoking toplevel() on ptolemy.moml.MoMLSimpleApplication@37aa91b1
----------------- Done invoking toplevel() on ptolemy.moml.MoMLSimpleApplication@37aa91b1
reloadAllAccessors: .InitialStateTransition2

===========================================================================================
----------------- testing Sun Jun 21 14:46:42 UTC 2020 /home/travis/build/icyphy/ptII/ptolemy/domains/modal/test/auto/InitialStateTransition3.xml
----------------- Instantiating /home/travis/build/icyphy/ptII/ptolemy/domains/modal/test/auto/InitialStateTransition3.xml
5 ms. Memory: 261120K Free: 183191K (70%)
----------------- Invoking toplevel() on ptolemy.moml.MoMLSimpleApplication@2478a2f4
----------------- Done invoking toplevel() on ptolemy.moml.MoMLSimpleApplication@2478a2f4
reloadAllAccessors: .InitialStateTransition3

===========================================================================================
----------------- testing Sun Jun 21 14:46:42 UTC 2020 /home/travis/build/icyphy/ptII/ptolemy/domains/modal/test/auto/InitialStateTransition4.xml
----------------- Instantiating /home/travis/build/icyphy/ptII/ptolemy/domains/modal/test/auto/InitialStateTransition4.xml
2 ms. Memory: 261120K Free: 173465K (66%)
----------------- Invoking toplevel() on ptolemy.moml.MoMLSimpleApplication@4697b93b
----------------- Done invoking toplevel() on ptolemy.moml.MoMLSimpleApplication@4697b93b
[...]
reloadAllAccessors: .TerminationTransition3

===========================================================================================
----------------- testing Sun Jun 21 14:46:44 UTC 2020 /home/travis/build/icyphy/ptII/ptolemy/domains/modal/test/auto/TerminationTransition4.xml
----------------- Instantiating /home/travis/build/icyphy/ptII/ptolemy/domains/modal/test/auto/TerminationTransition4.xml
9 ms. Memory: 313344K Free: 121436K (39%)
----------------- Invoking toplevel() on ptolemy.moml.MoMLSimpleApplication@2a9865b1
----------------- Done invoking toplevel() on ptolemy.moml.MoMLSimpleApplication@2a9865b1
reloadAllAccessors: .TerminationTransition4

===========================================================================================
----------------- testing Sun Jun 21 14:46:44 UTC 2020 /home/travis/build/icyphy/ptII/ptolemy/domains/modal/test/auto/TerminationTransition5.xml
----------------- Instantiating /home/travis/build/icyphy/ptII/ptolemy/domains/modal/test/auto/TerminationTransition5.xml
2 ms. Memory: 313344K Free: 288018K (92%)
----------------- Invoking toplevel() on ptolemy.moml.MoMLSimpleApplication@7f7a3d17
----------------- Done invoking toplevel() on ptolemy.moml.MoMLSimpleApplication@7f7a3d17
reloadAllAccessors: .TerminationTransition5

===========================================================================================
----------------- testing Sun Jun 21 14:46:44 UTC 2020 /home/travis/build/icyphy/ptII/ptolemy/domains/modal/test/auto/TerminationTransition6.xml
----------------- Instantiating /home/travis/build/icyphy/ptII/ptolemy/domains/modal/test/auto/TerminationTransition6.xml
2 ms. Memory: 313344K Free: 279316K (89%)
----------------- Invoking toplevel() on ptolemy.moml.MoMLSimpleApplication@791de164
----------------- Done invoking toplevel() on ptolemy.moml.MoMLSimpleApplication@791de164
reloadAllAccessors: .TerminationTransition6

===========================================================================================
----------------- testing Sun Jun 21 14:46:44 UTC 2020 /home/travis/build/icyphy/ptII/ptolemy/domains/modal/test/auto/TerminationTransition7.xml
----------------- Instantiating /home/travis/build/icyphy/ptII/ptolemy/domains/modal/test/auto/TerminationTransition7.xml
2 ms. Memory: 313344K Free: 269586K (86%)
----------------- Invoking toplevel() on ptolemy.moml.MoMLSimpleApplication@11982d17
----------------- Done invoking toplevel() on ptolemy.moml.MoMLSimpleApplication@11982d17
reloadAllAccessors: .TerminationTransition7

===========================================================================================
----------------- testing Sun Jun 21 14:46:44 UTC 2020 /home/travis/build/icyphy/ptII/ptolemy/domains/modal/test/auto/TerminationTransition8.xml
----------------- Instantiating /home/travis/build/icyphy/ptII/ptolemy/domains/modal/test/auto/TerminationTransition8.xml
2 ms. Memory: 313344K Free: 260370K (83%)
----------------- Invoking toplevel() on ptolemy.moml.MoMLSimpleApplication@7244022
----------------- Done invoking toplevel() on ptolemy.moml.MoMLSimpleApplication@7244022
reloadAllAccessors: .TerminationTransition8

===========================================================================================
----------------- testing Sun Jun 21 14:46:44 UTC 2020 /home/travis/build/icyphy/ptII/ptolemy/domains/modal/test/auto/Thermostat_NoHysteresis.xml
----------------- Instantiating /home/travis/build/icyphy/ptII/ptolemy/domains/modal/test/auto/Thermostat_NoHysteresis.xml
37 ms. Memory: 313344K Free: 235788K (75%)
----------------- Invoking toplevel() on ptolemy.moml.MoMLSimpleApplication@23392a8b
----------------- Done invoking toplevel() on ptolemy.moml.MoMLSimpleApplication@23392a8b
reloadAllAccessors: .Thermostat_NoHysteresis

===========================================================================================
----------------- testing Sun Jun 21 14:46:44 UTC 2020 /home/travis/build/icyphy/ptII/ptolemy/domains/modal/test/auto/TimedFSM.xml
----------------- Instantiating /home/travis/build/icyphy/ptII/ptolemy/domains/modal/test/auto/TimedFSM.xml
7 ms. Memory: 313344K Free: 224530K (72%)
----------------- Invoking toplevel() on ptolemy.moml.MoMLSimpleApplication@68bfcab
----------------- Done invoking toplevel() on ptolemy.moml.MoMLSimpleApplication@68bfcab
reloadAllAccessors: .TimedFSM

===========================================================================================
----------------- testing Sun Jun 21 14:46:44 UTC 2020 /home/travis/build/icyphy/ptII/ptolemy/domains/modal/test/auto/Timeout1.xml
----------------- Instantiating /home/travis/build/icyphy/ptII/ptolemy/domains/modal/test/auto/Timeout1.xml
3 ms. Memory: 313344K Free: 218372K (70%)
----------------- Invoking toplevel() on ptolemy.moml.MoMLSimpleApplication@7cb11ad
----------------- Done invoking toplevel() on ptolemy.moml.MoMLSimpleApplication@7cb11ad
reloadAllAccessors: .Timeout1

===========================================================================================
----------------- testing Sun Jun 21 14:46:44 UTC 2020 /home/travis/build/icyphy/ptII/ptolemy/domains/modal/test/auto/Timeout2.xml
----------------- Instantiating /home/travis/build/icyphy/ptII/ptolemy/domains/modal/test/auto/Timeout2.xml
7 ms. Memory: 313344K Free: 209684K (67%)
----------------- Invoking toplevel() on ptolemy.moml.MoMLSimpleApplication@62197805
----------------- Done invoking toplevel() on ptolemy.moml.MoMLSimpleApplication@62197805
reloadAllAccessors: .Timeout2

===========================================================================================
----------------- testing Sun Jun 21 14:46:44 UTC 2020 /home/travis/build/icyphy/ptII/ptolemy/domains/modal/test/auto/Timeout3.xml
----------------- Instantiating /home/travis/build/icyphy/ptII/ptolemy/domains/modal/test/auto/Timeout3.xml
2 ms. Memory: 313344K Free: 204564K (65%)
----------------- Invoking toplevel() on ptolemy.moml.MoMLSimpleApplication@22346d1e
----------------- Done invoking toplevel() on ptolemy.moml.MoMLSimpleApplication@22346d1e
reloadAllAccessors: .Timeout3

===========================================================================================
----------------- testing Sun Jun 21 14:46:44 UTC 2020 /home/travis/build/icyphy/ptII/ptolemy/domains/modal/test/auto/Timeout4.xml
----------------- Instantiating /home/travis/build/icyphy/ptII/ptolemy/domains/modal/test/auto/Timeout4.xml
3 ms. Memory: 313344K Free: 199444K (64%)
----------------- Invoking toplevel() on ptolemy.moml.MoMLSimpleApplication@1602ee54
----------------- Done invoking toplevel() on ptolemy.moml.MoMLSimpleApplication@1602ee54
reloadAllAccessors: .Timeout4

===========================================================================================
----------------- testing Sun Jun 21 14:46:44 UTC 2020 /home/travis/build/icyphy/ptII/ptolemy/domains/modal/test/auto/TransientstateModelAdvanced.xml
----------------- Instantiating /home/travis/build/icyphy/ptII/ptolemy/domains/modal/test/auto/TransientstateModelAdvanced.xml
3 ms. Memory: 313344K Free: 187156K (60%)
----------------- Invoking toplevel() on ptolemy.moml.MoMLSimpleApplication@20049333
----------------- Done invoking toplevel() on ptolemy.moml.MoMLSimpleApplication@20049333
reloadAllAccessors: .TransientstateModelAdvanced

===========================================================================================
----------------- testing Sun Jun 21 14:46:44 UTC 2020 /home/travis/build/icyphy/ptII/ptolemy/domains/modal/test/auto/TransientstateModelAdvanced2.xml
----------------- Instantiating /home/travis/build/icyphy/ptII/ptolemy/domains/modal/test/auto/TransientstateModelAdvanced2.xml
3 ms. Memory: 313344K Free: 172820K (55%)
----------------- Invoking toplevel() on ptolemy.moml.MoMLSimpleApplication@78a75110
----------------- Done invoking toplevel() on ptolemy.moml.MoMLSimpleApplication@78a75110
reloadAllAccessors: .transientstatemodelAdvanced

===========================================================================================
----------------- testing Sun Jun 21 14:46:44 UTC 2020 /home/travis/build/icyphy/ptII/ptolemy/domains/modal/test/auto/TransitionRefinements.xml
----------------- Instantiating /home/travis/build/icyphy/ptII/ptolemy/domains/modal/test/auto/TransitionRefinements.xml
7 ms. Memory: 313344K Free: 163076K (52%)
----------------- Invoking toplevel() on ptolemy.moml.MoMLSimpleApplication@7d8afac7
----------------- Done invoking toplevel() on ptolemy.moml.MoMLSimpleApplication@7d8afac7
reloadAllAccessors: .TransitionRefinements

===========================================================================================
----------------- testing Sun Jun 21 14:46:44 UTC 2020 /home/travis/build/icyphy/ptII/ptolemy/domains/modal/test/auto/TwoRefinements1.xml
----------------- Instantiating /home/travis/build/icyphy/ptII/ptolemy/domains/modal/test/auto/TwoRefinements1.xml
2 ms. Memory: 313344K Free: 153364K (49%)
----------------- Invoking toplevel() on ptolemy.moml.MoMLSimpleApplication@3febdca0
----------------- Done invoking toplevel() on ptolemy.moml.MoMLSimpleApplication@3febdca0
reloadAllAccessors: .TwoRefinements1

===========================================================================================
----------------- testing Sun Jun 21 14:46:44 UTC 2020 /home/travis/build/icyphy/ptII/ptolemy/domains/modal/test/auto/TwoRefinements2.xml
----------------- Instantiating /home/travis/build/icyphy/ptII/ptolemy/domains/modal/test/auto/TwoRefinements2.xml
2 ms. Memory: 313344K Free: 143124K (46%)
----------------- Invoking toplevel() on ptolemy.moml.MoMLSimpleApplication@166c559
----------------- Done invoking toplevel() on ptolemy.moml.MoMLSimpleApplication@166c559
reloadAllAccessors: .TwoRefinements2

===========================================================================================
----------------- testing Sun Jun 21 14:46:44 UTC 2020 /home/travis/build/icyphy/ptII/ptolemy/domains/modal/test/auto/WeakImmediateTransition.xml
----------------- Instantiating /home/travis/build/icyphy/ptII/ptolemy/domains/modal/test/auto/WeakImmediateTransition.xml
3 ms. Memory: 313344K Free: 134418K (43%)
----------------- Invoking toplevel() on ptolemy.moml.MoMLSimpleApplication@4b1f826a
----------------- Done invoking toplevel() on ptolemy.moml.MoMLSimpleApplication@4b1f826a
reloadAllAccessors: .WeakImmediateTransition

===========================================================================================
----------------- testing Sun Jun 21 14:46:44 UTC 2020 /home/travis/build/icyphy/ptII/ptolemy/domains/modal/test/auto/booleanSelect.xml
----------------- Instantiating /home/travis/build/icyphy/ptII/ptolemy/domains/modal/test/auto/booleanSelect.xml
37 ms. Memory: 313344K Free: 116500K (37%)
----------------- Invoking toplevel() on ptolemy.moml.MoMLSimpleApplication@13e10447
----------------- Done invoking toplevel() on ptolemy.moml.MoMLSimpleApplication@13e10447
reloadAllAccessors: .booleanSelect

===========================================================================================
----------------- testing Sun Jun 21 14:46:44 UTC 2020 /home/travis/build/icyphy/ptII/ptolemy/domains/modal/test/auto/modalChangingParams.xml
----------------- Instantiating /home/travis/build/icyphy/ptII/ptolemy/domains/modal/test/auto/modalChangingParams.xml
0
1
0
2
4
6
8
7
0
2
4
6
8
13
0
2
4
6
8
19
0
2
4
6
8
25
0
2
4
6
8
31
0
2
4
6
8
37
0
2
4
6
8
43
0
2
4
6
8
49
0
2
4
6
8
55
0
2
4
6
8
61
0
2
4
6
8
67
0
2
4
6
8
73
0
2
4
6
8
79
0
2
4
6
8
85
0
2
4
6
8
91
0
2
4
6
8
97
0
2
4
6
8
103
0
2
4
6
8
109
0
2
4
6
8
115
0
2
4
6
8
121
0
2
4
6
8
127
0
2
4
6
8
133
0
2
4
6
8
139
0
2
4
6
8
145
0
2
4
6
8
151
0
2
4
6
8
157
0
2
4
6
8
163
0
2
4
6
8
169
0
2
4
6
8
175
0
2
4
6
8
181
0
2
4
6
8
187
0
2
4
6
8
193
0
2
4
6
8
199
0
2
4
6
8
205
0
2
4
6
8
211
0
2
4
6
8
217
0
2
4
6
8
223
0
2
4
6
8
229
0
2
4
6
8
235
0
2
4
6
8
241
0
2
4
6
8
247
0
2
4
6
8
253
0
2
4
6
8
259
0
2
4
6
8
265
0
2
4
6
8
271
0
2
4
6
8
277
0
2
4
6
8
283
0
2
4
6
8
289
0
2
4
6
8
295
0
2
4
6
8
301
0
2
4
6
8
307
0
2
4
6
8
313
0
2
4
6
8
319
0
2
4
6
8
325
0
2
4
6
8
331
0
2
4
6
8
337
0
2
4
6
8
343
0
2
4
6
8
349
0
2
4
6
8
355
0
2
4
6
8
361
0
2
4
6
8
367
0
2
4
6
8
373
0
2
4
6
8
379
0
2
4
6
8
385
0
2
4
6
8
391
0
2
4
6
8
397
0
2
4
6
8
403
0
2
4
6
8
409
0
2
4
6
8
415
0
2
4
6
8
421
0
2
4
6
8
427
0
2
4
6
8
433
0
2
4
6
8
439
0
2
4
6
8
445
0
2
4
6
8
451
0
2
4
6
8
457
0
2
4
6
8
463
0
2
4
6
8
469
0
2
4
6
8
475
0
2
4
6
8
481
0
2
4
6
8
487
0
2
4
6
8
493
0
2
4
6
8
499
0
2
4
6
8
505
0
2
4
6
8
511
0
2
4
6
8
517
0
2
4
6
8
523
0
2
4
6
8
529
0
2
4
6
8
535
0
2
4
6
8
541
0
2
4
6
8
547
0
2
4
6
8
553
0
2
4
6
8
559
0
2
4
6
8
565
0
2
4
6
8
571
0
2
4
6
8
577
0
2
4
6
8
583
0
2
4
6
8
589
0
2
4
6
8
595
0
2
4
6
8
601
0
2
4
6
8
607
0
2
4
6
8
613
0
2
4
6
8
619
0
2
4
6
8
625
0
2
4
6
8
631
0
2
4
6
8
637
0
2
4
6
8
643
0
2
4
6
8
649
0
2
4
6
8
655
0
2
4
6
8
661
0
2
4
6
8
667
0
2
4
6
8
673
0
2
4
6
8
679
0
2
4
6
8
685
0
2
4
6
8
691
0
2
4
6
8
697
0
2
4
6
8
703
0
2
4
6
8
709
0
2
4
6
8
715
0
2
4
6
8
721
0
2
4
6
8
727
0
2
4
6
8
733
0
2
4
6
8
739
0
2
4
6
8
745
0
2
4
6
8
751
0
2
4
6
8
757
0
2
4
6
8
763
0
2
4
6
8
769
0
2
4
6
8
775
0
2
4
6
8
781
0
2
4
6
8
787
0
2
4
6
8
793
0
2
4
6
8
799
0
2
4
6
8
805
0
2
4
6
8
811
0
2
4
6
8
817
0
2
4
6
8
823
0
2
4
6
8
829
0
2
4
6
8
835
0
2
4
6
8
841
0
2
4
6
8
847
0
2
4
6
8
853
0
2
4
6
8
859
0
2
4
6
8
865
0
2
4
6
8
871
0
2
4
6
8
877
0
2
4
6
8
883
0
2
4
6
8
889
0
2
4
6
8
895
0
2
4
6
8
901
0
2
4
6
8
907
0
2
4
6
8
913
0
2
4
6
8
919
0
2
4
6
8
925
0
2
4
6
8
931
0
2
4
6
8
937
0
2
4
6
8
943
0
2
4
6
8
949
0
2
4
6
8
955
0
2
4
6
8
961
0
2
4
6
8
967
0
2
4
6
8
973
0
2
4
6
8
979
0
2
4
6
8
985
0
2
4
6
8
991
0
2
4
6
8
997
0
2
245 ms. Memory: 313344K Free: 184196K (59%)
----------------- Invoking toplevel() on ptolemy.moml.MoMLSimpleApplication@7e4e434d
----------------- Done invoking toplevel() on ptolemy.moml.MoMLSimpleApplication@7e4e434d
reloadAllAccessors: .modalChangingParams

===========================================================================================
----------------- testing Sun Jun 21 14:46:45 UTC 2020 /home/travis/build/icyphy/ptII/ptolemy/domains/modal/test/auto/modalModel.xml
----------------- Instantiating /home/travis/build/icyphy/ptII/ptolemy/domains/modal/test/auto/modalModel.xml
12 ms. Memory: 313344K Free: 175490K (56%)
----------------- Invoking toplevel() on ptolemy.moml.MoMLSimpleApplication@113287a3
----------------- Done invoking toplevel() on ptolemy.moml.MoMLSimpleApplication@113287a3
reloadAllAccessors: .modalModel

===========================================================================================
----------------- testing Sun Jun 21 14:46:45 UTC 2020 /home/travis/build/icyphy/ptII/ptolemy/domains/modal/test/auto/modalModel2.xml
----------------- Instantiating /home/travis/build/icyphy/ptII/ptolemy/domains/modal/test/auto/modalModel2.xml
8 ms. Memory: 313344K Free: 164740K (53%)
----------------- Invoking toplevel() on ptolemy.moml.MoMLSimpleApplication@75b3369a
----------------- Done invoking toplevel() on ptolemy.moml.MoMLSimpleApplication@75b3369a
reloadAllAccessors: .modalModel2

===========================================================================================
----------------- testing Sun Jun 21 14:46:45 UTC 2020 /home/travis/build/icyphy/ptII/ptolemy/domains/modal/test/auto/modalModel3.xml
----------------- Instantiating /home/travis/build/icyphy/ptII/ptolemy/domains/modal/test/auto/modalModel3.xml
0	0	0
3	2	1
6	4	2
9	6	3
4	0	4
7	2	5
10	4	6
13	6	7
8	0	8
11	2	9
14	4	10
17	6	11
12	0	12
15	2	13
18	4	14
18 ms. Memory: 313344K Free: 149860K (48%)
----------------- Invoking toplevel() on ptolemy.moml.MoMLSimpleApplication@61fe4667
----------------- Done invoking toplevel() on ptolemy.moml.MoMLSimpleApplication@61fe4667
reloadAllAccessors: .modalModel3

===========================================================================================
----------------- testing Sun Jun 21 14:46:45 UTC 2020 /home/travis/build/icyphy/ptII/ptolemy/domains/modal/test/auto/model1.xml
----------------- Instantiating /home/travis/build/icyphy/ptII/ptolemy/domains/modal/test/auto/model1.xml
10 ms. Memory: 313344K Free: 144260K (46%)
----------------- Invoking toplevel() on ptolemy.moml.MoMLSimpleApplication@78b6252e
----------------- Done invoking toplevel() on ptolemy.moml.MoMLSimpleApplication@78b6252e
reloadAllAccessors: .model1

===========================================================================================
----------------- testing Sun Jun 21 14:46:45 UTC 2020 /home/travis/build/icyphy/ptII/ptolemy/domains/modal/test/auto/test-direct-in-out.xml
----------------- Instantiating /home/travis/build/icyphy/ptII/ptolemy/domains/modal/test/auto/test-direct-in-out.xml
5 ms. Memory: 313344K Free: 136068K (43%)
----------------- Invoking toplevel() on ptolemy.moml.MoMLSimpleApplication@15b104d7
----------------- Done invoking toplevel() on ptolemy.moml.MoMLSimpleApplication@15b104d7
reloadAllAccessors: .test-direct-in-out
AutoTests.java: About to close Vertx.
AutoTests.java: Vertx closed.
]]></system-out>
  <system-err><![CDATA[java.lang.RuntimeException: Execution failed
	at ptolemy.moml.MoMLSimpleApplication$UnloadThread.run(MoMLSimpleApplication.java:402)
Caused by: ptolemy.kernel.util.IllegalActionException: Unknown inputs remain. Possible causality loop:
L_model_1893289564i

  in .CannotAnalysisWithPreemption.model_1893289564_region_1 and .CannotAnalysisWithPreemption.model_1893289564_region_1.L_model_1893289564i
	at ptolemy.actor.sched.FixedPointDirector.postfire(FixedPointDirector.java:515)
	at ptolemy.domains.sr.kernel.SRDirector.postfire(SRDirector.java:417)
	at ptolemy.actor.CompositeActor.postfire(CompositeActor.java:1668)
	at ptolemy.actor.Manager.iterate(Manager.java:852)
	at ptolemy.actor.Manager.execute(Manager.java:369)
	at ptolemy.actor.Manager.run(Manager.java:1263)
	at ptolemy.actor.Manager$PtolemyRunThread.run(Manager.java:1933)
java.lang.reflect.InvocationTargetException
	at java.base/jdk.internal.reflect.NativeConstructorAccessorImpl.newInstance0(Native Method)
	at java.base/jdk.internal.reflect.NativeConstructorAccessorImpl.newInstance(NativeConstructorAccessorImpl.java:62)
	at java.base/jdk.internal.reflect.DelegatingConstructorAccessorImpl.newInstance(DelegatingConstructorAccessorImpl.java:45)
	at java.base/java.lang.reflect.Constructor.newInstance(Constructor.java:490)
	at ptolemy.util.test.junit.AutoKnownFailedTests.RunModel(AutoKnownFailedTests.java:105)
	at java.base/jdk.internal.reflect.NativeMethodAccessorImpl.invoke0(Native Method)
	at java.base/jdk.internal.reflect.NativeMethodAccessorImpl.invoke(NativeMethodAccessorImpl.java:62)
	at java.base/jdk.internal.reflect.DelegatingMethodAccessorImpl.invoke(DelegatingMethodAccessorImpl.java:43)
	at java.base/java.lang.reflect.Method.invoke(Method.java:566)
	at org.junit.runners.model.FrameworkMethod$1.runReflectiveCall(FrameworkMethod.java:44)
	at org.junit.internal.runners.model.ReflectiveCallable.run(ReflectiveCallable.java:15)
	at org.junit.runners.model.FrameworkMethod.invokeExplosively(FrameworkMethod.java:41)
	at junitparams.internal.InvokeParameterisedMethod.evaluate(InvokeParameterisedMethod.java:102)
	at org.junit.internal.runners.statements.FailOnTimeout$1.run(FailOnTimeout.java:28)
Caused by: ptolemy.kernel.util.IllegalActionException: Unknown inputs remain. Possible causality loop:
L_model_1893289564i

  in .CannotAnalysisWithPreemption.model_1893289564_region_1 and .CannotAnalysisWithPreemption.model_1893289564_region_1.L_model_1893289564i
	at ptolemy.actor.sched.FixedPointDirector.postfire(FixedPointDirector.java:515)
	at ptolemy.domains.sr.kernel.SRDirector.postfire(SRDirector.java:417)
	at ptolemy.actor.CompositeActor.postfire(CompositeActor.java:1668)
	at ptolemy.actor.Manager.iterate(Manager.java:852)
	at ptolemy.actor.Manager.execute(Manager.java:369)
	at ptolemy.actor.Manager.run(Manager.java:1263)
	at ptolemy.actor.Manager$PtolemyRunThread.run(Manager.java:1933)
]]></system-err>
</testsuite>
