<?xml version="1.0" encoding="UTF-8" ?>
<testsuite errors="0" failures="0" hostname="travis-job-2a151976-3ee0-43fd-9bef-960c4e83a895" name="ptolemy.domains.continuous.test.junit.JUnitTclTest" skipped="0" tests="156" time="68.896" timestamp="2020-01-30T15:22:06">
  <properties>
[...]
</properties>
  <testcase classname="ptolemy.util.test.junit.TclTests" name="[0] ThereAreNoTclTests (RunTclFile)" time="0.015" />
  <testcase classname="ptolemy.util.test.junit.AutoKnownFailedTests" name="[0] ThereAreNoKnowFailedTests (RunModel)" time="0.004" />
  <testcase classname="ptolemy.util.test.junit.AutoNameArchTests" name="[0] ThereAreNoAutoArchTests (RunModel)" time="0.032" />
  <testcase classname="ptolemy.util.test.junit.AutoTests" name="[0] /home/travis/build/icyphy/ptII/ptolemy/domains/continuous/test/auto/BouncingBall.xml (RunModel)" time="2.925" />
  <testcase classname="ptolemy.util.test.junit.AutoTests" name="[1] /home/travis/build/icyphy/ptII/ptolemy/domains/continuous/test/auto/BouncingBallWithoutGR.xml (RunModel)" time="0.962" />
  <testcase classname="ptolemy.util.test.junit.AutoTests" name="[2] /home/travis/build/icyphy/ptII/ptolemy/domains/continuous/test/auto/Brownian.xml (RunModel)" time="0.097" />
  <testcase classname="ptolemy.util.test.junit.AutoTests" name="[3] /home/travis/build/icyphy/ptII/ptolemy/domains/continuous/test/auto/CarTracking.xml (RunModel)" time="3.802" />
  <testcase classname="ptolemy.util.test.junit.AutoTests" name="[4] /home/travis/build/icyphy/ptII/ptolemy/domains/continuous/test/auto/CartPendulum.xml (RunModel)" time="0.47" />
  <testcase classname="ptolemy.util.test.junit.AutoTests" name="[5] /home/travis/build/icyphy/ptII/ptolemy/domains/continuous/test/auto/CausalityInterface10.xml (RunModel)" time="0.072" />
  <testcase classname="ptolemy.util.test.junit.AutoTests" name="[6] /home/travis/build/icyphy/ptII/ptolemy/domains/continuous/test/auto/CausalityInterface11.xml (RunModel)" time="0.028" />
  <testcase classname="ptolemy.util.test.junit.AutoTests" name="[7] /home/travis/build/icyphy/ptII/ptolemy/domains/continuous/test/auto/CausalityInterface12.xml (RunModel)" time="0.049" />
  <testcase classname="ptolemy.util.test.junit.AutoTests" name="[8] /home/travis/build/icyphy/ptII/ptolemy/domains/continuous/test/auto/CausalityInterface13.xml (RunModel)" time="0.038" />
  <testcase classname="ptolemy.util.test.junit.AutoTests" name="[9] /home/travis/build/icyphy/ptII/ptolemy/domains/continuous/test/auto/CausalityInterface14.xml (RunModel)" time="0.058" />
  <testcase classname="ptolemy.util.test.junit.AutoTests" name="[10] /home/travis/build/icyphy/ptII/ptolemy/domains/continuous/test/auto/CausalityInterface4.xml (RunModel)" time="0.049" />
  <testcase classname="ptolemy.util.test.junit.AutoTests" name="[11] /home/travis/build/icyphy/ptII/ptolemy/domains/continuous/test/auto/CausalityInterface5.xml (RunModel)" time="0.028" />
  <testcase classname="ptolemy.util.test.junit.AutoTests" name="[12] /home/travis/build/icyphy/ptII/ptolemy/domains/continuous/test/auto/CausalityInterface6.xml (RunModel)" time="0.028" />
  <testcase classname="ptolemy.util.test.junit.AutoTests" name="[13] /home/travis/build/icyphy/ptII/ptolemy/domains/continuous/test/auto/CausalityInterface7.xml (RunModel)" time="0.042" />
  <testcase classname="ptolemy.util.test.junit.AutoTests" name="[14] /home/travis/build/icyphy/ptII/ptolemy/domains/continuous/test/auto/CausalityInterface8.xml (RunModel)" time="0.034" />
  <testcase classname="ptolemy.util.test.junit.AutoTests" name="[15] /home/travis/build/icyphy/ptII/ptolemy/domains/continuous/test/auto/CausalityInterface9.xml (RunModel)" time="0.032" />
  <testcase classname="ptolemy.util.test.junit.AutoTests" name="[16] /home/travis/build/icyphy/ptII/ptolemy/domains/continuous/test/auto/CausalityInterfaceFeedback1.xml (RunModel)" time="0.028" />
  <testcase classname="ptolemy.util.test.junit.AutoTests" name="[17] /home/travis/build/icyphy/ptII/ptolemy/domains/continuous/test/auto/CausalityInterfaceFeedback2.xml (RunModel)" time="0.034" />
  <testcase classname="ptolemy.util.test.junit.AutoTests" name="[18] /home/travis/build/icyphy/ptII/ptolemy/domains/continuous/test/auto/CompareWithCurrentTime.xml (RunModel)" time="0.024" />
  <testcase classname="ptolemy.util.test.junit.AutoTests" name="[19] /home/travis/build/icyphy/ptII/ptolemy/domains/continuous/test/auto/ComparedClocks.xml (RunModel)" time="0.071" />
  <testcase classname="ptolemy.util.test.junit.AutoTests" name="[20] /home/travis/build/icyphy/ptII/ptolemy/domains/continuous/test/auto/ContinuousAOCClone.xml (RunModel)" time="2.497" />
  <testcase classname="ptolemy.util.test.junit.AutoTests" name="[21] /home/travis/build/icyphy/ptII/ptolemy/domains/continuous/test/auto/ContinuousClock.xml (RunModel)" time="0.069" />
  <testcase classname="ptolemy.util.test.junit.AutoTests" name="[22] /home/travis/build/icyphy/ptII/ptolemy/domains/continuous/test/auto/ContinuousInContinuous.xml (RunModel)" time="0.078" />
  <testcase classname="ptolemy.util.test.junit.AutoTests" name="[23] /home/travis/build/icyphy/ptII/ptolemy/domains/continuous/test/auto/ContinuousInContinuousInContinuous.xml (RunModel)" time="0.028" />
  <testcase classname="ptolemy.util.test.junit.AutoTests" name="[24] /home/travis/build/icyphy/ptII/ptolemy/domains/continuous/test/auto/ContinuousInDE.xml (RunModel)" time="0.117" />
  <testcase classname="ptolemy.util.test.junit.AutoTests" name="[25] /home/travis/build/icyphy/ptII/ptolemy/domains/continuous/test/auto/ContinuousInDE2.xml (RunModel)" time="0.048" />
  <testcase classname="ptolemy.util.test.junit.AutoTests" name="[26] /home/travis/build/icyphy/ptII/ptolemy/domains/continuous/test/auto/ContinuousInDE3.xml (RunModel)" time="0.053" />
  <testcase classname="ptolemy.util.test.junit.AutoTests" name="[27] /home/travis/build/icyphy/ptII/ptolemy/domains/continuous/test/auto/ContinuousInDE4.xml (RunModel)" time="0.033" />
  <testcase classname="ptolemy.util.test.junit.AutoTests" name="[28] /home/travis/build/icyphy/ptII/ptolemy/domains/continuous/test/auto/ContinuousInDEDifferentRefinements.xml (RunModel)" time="0.108" />
  <testcase classname="ptolemy.util.test.junit.AutoTests" name="[29] /home/travis/build/icyphy/ptII/ptolemy/domains/continuous/test/auto/ContinuousInDEDifferentRefinementsPreemptive.xml (RunModel)" time="0.093" />
  <testcase classname="ptolemy.util.test.junit.AutoTests" name="[30] /home/travis/build/icyphy/ptII/ptolemy/domains/continuous/test/auto/ContinuousInDEInContinuous2.xml (RunModel)" time="0.055" />
  <testcase classname="ptolemy.util.test.junit.AutoTests" name="[31] /home/travis/build/icyphy/ptII/ptolemy/domains/continuous/test/auto/ContinuousInDEInContinuous3.xml (RunModel)" time="0.06" />
  <testcase classname="ptolemy.util.test.junit.AutoTests" name="[32] /home/travis/build/icyphy/ptII/ptolemy/domains/continuous/test/auto/ContinuousInDEInput.xml (RunModel)" time="0.034" />
  <testcase classname="ptolemy.util.test.junit.AutoTests" name="[33] /home/travis/build/icyphy/ptII/ptolemy/domains/continuous/test/auto/ContinuousInDEInput2.xml (RunModel)" time="0.033" />
  <testcase classname="ptolemy.util.test.junit.AutoTests" name="[34] /home/travis/build/icyphy/ptII/ptolemy/domains/continuous/test/auto/ContinuousInDEInput3.xml (RunModel)" time="0.028" />
  <testcase classname="ptolemy.util.test.junit.AutoTests" name="[35] /home/travis/build/icyphy/ptII/ptolemy/domains/continuous/test/auto/ContinuousInDESharingRefinement.xml (RunModel)" time="0.181" />
  <testcase classname="ptolemy.util.test.junit.AutoTests" name="[36] /home/travis/build/icyphy/ptII/ptolemy/domains/continuous/test/auto/ContinuousInDEwithNoPorts.xml (RunModel)" time="0.023" />
  <testcase classname="ptolemy.util.test.junit.AutoTests" name="[37] /home/travis/build/icyphy/ptII/ptolemy/domains/continuous/test/auto/ContinuousInsideDE.xml (RunModel)" time="0.094" />
  <testcase classname="ptolemy.util.test.junit.AutoTests" name="[38] /home/travis/build/icyphy/ptII/ptolemy/domains/continuous/test/auto/ContinuousMerge1.xml (RunModel)" time="0.017" />
  <testcase classname="ptolemy.util.test.junit.AutoTests" name="[39] /home/travis/build/icyphy/ptII/ptolemy/domains/continuous/test/auto/ContinuousMerge2.xml (RunModel)" time="0.053" />
  <testcase classname="ptolemy.util.test.junit.AutoTests" name="[40] /home/travis/build/icyphy/ptII/ptolemy/domains/continuous/test/auto/ContinuousMerge3.xml (RunModel)" time="0.064" />
  <testcase classname="ptolemy.util.test.junit.AutoTests" name="[41] /home/travis/build/icyphy/ptII/ptolemy/domains/continuous/test/auto/ContinuousWithinContinuous.xml (RunModel)" time="0.05" />
  <testcase classname="ptolemy.util.test.junit.AutoTests" name="[42] /home/travis/build/icyphy/ptII/ptolemy/domains/continuous/test/auto/ContinuousWithinContinuous2.xml (RunModel)" time="0.073" />
  <testcase classname="ptolemy.util.test.junit.AutoTests" name="[43] /home/travis/build/icyphy/ptII/ptolemy/domains/continuous/test/auto/ContinuousWithinContinuous3.xml (RunModel)" time="0.028" />
  <testcase classname="ptolemy.util.test.junit.AutoTests" name="[44] /home/travis/build/icyphy/ptII/ptolemy/domains/continuous/test/auto/ContinuousWithinContinuous4.xml (RunModel)" time="0.079" />
  <testcase classname="ptolemy.util.test.junit.AutoTests" name="[45] /home/travis/build/icyphy/ptII/ptolemy/domains/continuous/test/auto/ContinuousWithinContinuous5.xml (RunModel)" time="0.029" />
  <testcase classname="ptolemy.util.test.junit.AutoTests" name="[46] /home/travis/build/icyphy/ptII/ptolemy/domains/continuous/test/auto/ContinuousWithinContinuous6.xml (RunModel)" time="0.027" />
  <testcase classname="ptolemy.util.test.junit.AutoTests" name="[47] /home/travis/build/icyphy/ptII/ptolemy/domains/continuous/test/auto/ContinuousWithinContinuous7.xml (RunModel)" time="0.062" />
  <testcase classname="ptolemy.util.test.junit.AutoTests" name="[48] /home/travis/build/icyphy/ptII/ptolemy/domains/continuous/test/auto/DCMotor.xml (RunModel)" time="12.289" />
  <testcase classname="ptolemy.util.test.junit.AutoTests" name="[49] /home/travis/build/icyphy/ptII/ptolemy/domains/continuous/test/auto/DEInContinuous.xml (RunModel)" time="0.048" />
  <testcase classname="ptolemy.util.test.junit.AutoTests" name="[50] /home/travis/build/icyphy/ptII/ptolemy/domains/continuous/test/auto/DEinContinuous2.xml (RunModel)" time="0.033" />
  <testcase classname="ptolemy.util.test.junit.AutoTests" name="[51] /home/travis/build/icyphy/ptII/ptolemy/domains/continuous/test/auto/Derivative.xml (RunModel)" time="0.179" />
  <testcase classname="ptolemy.util.test.junit.AutoTests" name="[52] /home/travis/build/icyphy/ptII/ptolemy/domains/continuous/test/auto/Derivative1.xml (RunModel)" time="0.052" />
  <testcase classname="ptolemy.util.test.junit.AutoTests" name="[53] /home/travis/build/icyphy/ptII/ptolemy/domains/continuous/test/auto/DiscreteClock.xml (RunModel)" time="0.017" />
  <testcase classname="ptolemy.util.test.junit.AutoTests" name="[54] /home/travis/build/icyphy/ptII/ptolemy/domains/continuous/test/auto/EfficiencyCurve.xml (RunModel)" time="0.081" />
  <testcase classname="ptolemy.util.test.junit.AutoTests" name="[55] /home/travis/build/icyphy/ptII/ptolemy/domains/continuous/test/auto/ExponentialResponse.xml (RunModel)" time="0.118" />
  <testcase classname="ptolemy.util.test.junit.AutoTests" name="[56] /home/travis/build/icyphy/ptII/ptolemy/domains/continuous/test/auto/ExponentialResponseRK45.xml (RunModel)" time="0.029" />
  <testcase classname="ptolemy.util.test.junit.AutoTests" name="[57] /home/travis/build/icyphy/ptII/ptolemy/domains/continuous/test/auto/Friction.xml (RunModel)" time="1.637" />
  <testcase classname="ptolemy.util.test.junit.AutoTests" name="[58] /home/travis/build/icyphy/ptII/ptolemy/domains/continuous/test/auto/FurutaPendulum.xml (RunModel)" time="3.208" />
  <testcase classname="ptolemy.util.test.junit.AutoTests" name="[59] /home/travis/build/icyphy/ptII/ptolemy/domains/continuous/test/auto/HierarchicalExecution.xml (RunModel)" time="1.78" />
  <testcase classname="ptolemy.util.test.junit.AutoTests" name="[60] /home/travis/build/icyphy/ptII/ptolemy/domains/continuous/test/auto/HybridPlant.xml (RunModel)" time="0.574" />
  <testcase classname="ptolemy.util.test.junit.AutoTests" name="[61] /home/travis/build/icyphy/ptII/ptolemy/domains/continuous/test/auto/Hysteresis.xml (RunModel)" time="0.174" />
  <testcase classname="ptolemy.util.test.junit.AutoTests" name="[62] /home/travis/build/icyphy/ptII/ptolemy/domains/continuous/test/auto/HysteresisWithRandomDelay.xml (RunModel)" time="0.243" />
  <testcase classname="ptolemy.util.test.junit.AutoTests" name="[63] /home/travis/build/icyphy/ptII/ptolemy/domains/continuous/test/auto/HysteresisWithRandomLosses.xml (RunModel)" time="2.349" />
  <testcase classname="ptolemy.util.test.junit.AutoTests" name="[64] /home/travis/build/icyphy/ptII/ptolemy/domains/continuous/test/auto/ImmediateTransitions.xml (RunModel)" time="0.033" />
  <testcase classname="ptolemy.util.test.junit.AutoTests" name="[65] /home/travis/build/icyphy/ptII/ptolemy/domains/continuous/test/auto/ImpulseFeedback.xml (RunModel)" time="0.017" />
  <testcase classname="ptolemy.util.test.junit.AutoTests" name="[66] /home/travis/build/icyphy/ptII/ptolemy/domains/continuous/test/auto/ImpulseFeedback2.xml (RunModel)" time="0.017" />
  <testcase classname="ptolemy.util.test.junit.AutoTests" name="[67] /home/travis/build/icyphy/ptII/ptolemy/domains/continuous/test/auto/IncreasingRatePoisson.xml (RunModel)" time="0.682" />
  <testcase classname="ptolemy.util.test.junit.AutoTests" name="[68] /home/travis/build/icyphy/ptII/ptolemy/domains/continuous/test/auto/InitialStateFeedback.xml (RunModel)" time="0.02" />
  <testcase classname="ptolemy.util.test.junit.AutoTests" name="[69] /home/travis/build/icyphy/ptII/ptolemy/domains/continuous/test/auto/Integration.xml (RunModel)" time="0.013" />
  <testcase classname="ptolemy.util.test.junit.AutoTests" name="[70] /home/travis/build/icyphy/ptII/ptolemy/domains/continuous/test/auto/Integration2.xml (RunModel)" time="0.074" />
  <testcase classname="ptolemy.util.test.junit.AutoTests" name="[71] /home/travis/build/icyphy/ptII/ptolemy/domains/continuous/test/auto/Integration3.xml (RunModel)" time="0.011" />
  <testcase classname="ptolemy.util.test.junit.AutoTests" name="[72] /home/travis/build/icyphy/ptII/ptolemy/domains/continuous/test/auto/Integration5.xml (RunModel)" time="0.009" />
  <testcase classname="ptolemy.util.test.junit.AutoTests" name="[73] /home/travis/build/icyphy/ptII/ptolemy/domains/continuous/test/auto/IntegratorImpulse.xml (RunModel)" time="0.008" />
  <testcase classname="ptolemy.util.test.junit.AutoTests" name="[74] /home/travis/build/icyphy/ptII/ptolemy/domains/continuous/test/auto/IntegratorImpulse2.xml (RunModel)" time="0.013" />
  <testcase classname="ptolemy.util.test.junit.AutoTests" name="[75] /home/travis/build/icyphy/ptII/ptolemy/domains/continuous/test/auto/LevelCrossing1.xml (RunModel)" time="0.011" />
  <testcase classname="ptolemy.util.test.junit.AutoTests" name="[76] /home/travis/build/icyphy/ptII/ptolemy/domains/continuous/test/auto/LevelCrossing2.xml (RunModel)" time="0.011" />
  <testcase classname="ptolemy.util.test.junit.AutoTests" name="[77] /home/travis/build/icyphy/ptII/ptolemy/domains/continuous/test/auto/LevelCrossing3.xml (RunModel)" time="0.011" />
  <testcase classname="ptolemy.util.test.junit.AutoTests" name="[78] /home/travis/build/icyphy/ptII/ptolemy/domains/continuous/test/auto/LevelCrossing4.xml (RunModel)" time="0.011" />
  <testcase classname="ptolemy.util.test.junit.AutoTests" name="[79] /home/travis/build/icyphy/ptII/ptolemy/domains/continuous/test/auto/LevelCrossing5.xml (RunModel)" time="0.011" />
  <testcase classname="ptolemy.util.test.junit.AutoTests" name="[80] /home/travis/build/icyphy/ptII/ptolemy/domains/continuous/test/auto/LevelCrossing6.xml (RunModel)" time="0.016" />
  <testcase classname="ptolemy.util.test.junit.AutoTests" name="[81] /home/travis/build/icyphy/ptII/ptolemy/domains/continuous/test/auto/LevelCrossingDetector.xml (RunModel)" time="0.05" />
  <testcase classname="ptolemy.util.test.junit.AutoTests" name="[82] /home/travis/build/icyphy/ptII/ptolemy/domains/continuous/test/auto/LevelCrossingDetectorDetectingDirections.xml (RunModel)" time="0.086" />
  <testcase classname="ptolemy.util.test.junit.AutoTests" name="[83] /home/travis/build/icyphy/ptII/ptolemy/domains/continuous/test/auto/LevelCrossingDetectorDetectsGlitches.xml (RunModel)" time="0.064" />
  <testcase classname="ptolemy.util.test.junit.AutoTests" name="[84] /home/travis/build/icyphy/ptII/ptolemy/domains/continuous/test/auto/LevelCrossingNoInitialOuput.xml (RunModel)" time="0.013" />
  <testcase classname="ptolemy.util.test.junit.AutoTests" name="[85] /home/travis/build/icyphy/ptII/ptolemy/domains/continuous/test/auto/LinearStateSpaceExample.xml (RunModel)" time="0.058" />
  <testcase classname="ptolemy.util.test.junit.AutoTests" name="[86] /home/travis/build/icyphy/ptII/ptolemy/domains/continuous/test/auto/Lorenz.xml (RunModel)" time="3.548" />
  <testcase classname="ptolemy.util.test.junit.AutoTests" name="[87] /home/travis/build/icyphy/ptII/ptolemy/domains/continuous/test/auto/LorenzDifferentialSystem.xml (RunModel)" time="0.943" />
  <testcase classname="ptolemy.util.test.junit.AutoTests" name="[88] /home/travis/build/icyphy/ptII/ptolemy/domains/continuous/test/auto/LorenzDifferentialSystemWithInput.xml (RunModel)" time="1.343" />
  <testcase classname="ptolemy.util.test.junit.AutoTests" name="[89] /home/travis/build/icyphy/ptII/ptolemy/domains/continuous/test/auto/LorenzDifferentialSystemWithTime.xml (RunModel)" time="0.645" />
  <testcase classname="ptolemy.util.test.junit.AutoTests" name="[90] /home/travis/build/icyphy/ptII/ptolemy/domains/continuous/test/auto/Microsteps.xml (RunModel)" time="0.028" />
  <testcase classname="ptolemy.util.test.junit.AutoTests" name="[91] /home/travis/build/icyphy/ptII/ptolemy/domains/continuous/test/auto/Modal1.xml (RunModel)" time="0.032" />
  <testcase classname="ptolemy.util.test.junit.AutoTests" name="[92] /home/travis/build/icyphy/ptII/ptolemy/domains/continuous/test/auto/Modal2.xml (RunModel)" time="0.063" />
  <testcase classname="ptolemy.util.test.junit.AutoTests" name="[93] /home/travis/build/icyphy/ptII/ptolemy/domains/continuous/test/auto/ModalTransitionGuardWithReset.xml (RunModel)" time="0.027" />
  <testcase classname="ptolemy.util.test.junit.AutoTests" name="[94] /home/travis/build/icyphy/ptII/ptolemy/domains/continuous/test/auto/ModalTransitionGuardWithResetUsingPreemptiveTransition.xml (RunModel)" time="0.027" />
  <testcase classname="ptolemy.util.test.junit.AutoTests" name="[95] /home/travis/build/icyphy/ptII/ptolemy/domains/continuous/test/auto/ModalTransitionGuardWithResetUsingPreemptiveTransition2.xml (RunModel)" time="0.038" />
  <testcase classname="ptolemy.util.test.junit.AutoTests" name="[96] /home/travis/build/icyphy/ptII/ptolemy/domains/continuous/test/auto/ModalTransitionGuardWithResetUsingPreemptiveTransition3.xml (RunModel)" time="0.024" />
  <testcase classname="ptolemy.util.test.junit.AutoTests" name="[97] /home/travis/build/icyphy/ptII/ptolemy/domains/continuous/test/auto/NewtonsCradle.xml (RunModel)" time="0.782" />
  <testcase classname="ptolemy.util.test.junit.AutoTests" name="[98] /home/travis/build/icyphy/ptII/ptolemy/domains/continuous/test/auto/NewtonsCradleAnimated.xml (RunModel)" time="1.309" />
  <testcase classname="ptolemy.util.test.junit.AutoTests" name="[99] /home/travis/build/icyphy/ptII/ptolemy/domains/continuous/test/auto/NewtonsCradleComplicated.xml (RunModel)" time="0.973" />
  <testcase classname="ptolemy.util.test.junit.AutoTests" name="[100] /home/travis/build/icyphy/ptII/ptolemy/domains/continuous/test/auto/NewtonsCradleNondeterministic.xml (RunModel)" time="0.709" />
  <testcase classname="ptolemy.util.test.junit.AutoTests" name="[101] /home/travis/build/icyphy/ptII/ptolemy/domains/continuous/test/auto/NewtonsCradlePerfectlyInelastic1.xml (RunModel)" time="1.204" />
  <testcase classname="ptolemy.util.test.junit.AutoTests" name="[102] /home/travis/build/icyphy/ptII/ptolemy/domains/continuous/test/auto/Noise.xml (RunModel)" time="0.163" />
  <testcase classname="ptolemy.util.test.junit.AutoTests" name="[103] /home/travis/build/icyphy/ptII/ptolemy/domains/continuous/test/auto/NoiseSpectrum.xml (RunModel)" time="0.624" />
  <testcase classname="ptolemy.util.test.junit.AutoTests" name="[104] /home/travis/build/icyphy/ptII/ptolemy/domains/continuous/test/auto/ParameterizedNewtonsCradleAnimated.xml (RunModel)" time="0.318" />
  <testcase classname="ptolemy.util.test.junit.AutoTests" name="[105] /home/travis/build/icyphy/ptII/ptolemy/domains/continuous/test/auto/ParameterizedNewtonsCradleAnimatedNondeterministic.xml (RunModel)" time="1.131" />
  <testcase classname="ptolemy.util.test.junit.AutoTests" name="[106] /home/travis/build/icyphy/ptII/ptolemy/domains/continuous/test/auto/Pendulum3D.xml (RunModel)" time="0.166" />
  <testcase classname="ptolemy.util.test.junit.AutoTests" name="[107] /home/travis/build/icyphy/ptII/ptolemy/domains/continuous/test/auto/PeriodicSampler.xml (RunModel)" time="0.014" />
  <testcase classname="ptolemy.util.test.junit.AutoTests" name="[108] /home/travis/build/icyphy/ptII/ptolemy/domains/continuous/test/auto/PeriodicSampler1.xml (RunModel)" time="0.045" />
  <testcase classname="ptolemy.util.test.junit.AutoTests" name="[109] /home/travis/build/icyphy/ptII/ptolemy/domains/continuous/test/auto/PeriodicSampler2.xml (RunModel)" time="0.075" />
  <testcase classname="ptolemy.util.test.junit.AutoTests" name="[110] /home/travis/build/icyphy/ptII/ptolemy/domains/continuous/test/auto/Poisson.xml (RunModel)" time="0.427" />
  <testcase classname="ptolemy.util.test.junit.AutoTests" name="[111] /home/travis/build/icyphy/ptII/ptolemy/domains/continuous/test/auto/PoissonClock.xml (RunModel)" time="0.012" />
  <testcase classname="ptolemy.util.test.junit.AutoTests" name="[112] /home/travis/build/icyphy/ptII/ptolemy/domains/continuous/test/auto/PoissonClock2.xml (RunModel)" time="0.011" />
  <testcase classname="ptolemy.util.test.junit.AutoTests" name="[113] /home/travis/build/icyphy/ptII/ptolemy/domains/continuous/test/auto/PortParameterHierarchy.xml (RunModel)" time="0.026" />
  <testcase classname="ptolemy.util.test.junit.AutoTests" name="[114] /home/travis/build/icyphy/ptII/ptolemy/domains/continuous/test/auto/RandomHybridPlant.xml (RunModel)" time="0.504" />
  <testcase classname="ptolemy.util.test.junit.AutoTests" name="[115] /home/travis/build/icyphy/ptII/ptolemy/domains/continuous/test/auto/ResetTransitionWithStartTime1.xml (RunModel)" time="0.029" />
  <testcase classname="ptolemy.util.test.junit.AutoTests" name="[116] /home/travis/build/icyphy/ptII/ptolemy/domains/continuous/test/auto/ResetTransitionWithStartTime2.xml (RunModel)" time="0.032" />
  <testcase classname="ptolemy.util.test.junit.AutoTests" name="[117] /home/travis/build/icyphy/ptII/ptolemy/domains/continuous/test/auto/ResetTransitionWithStartTime3.xml (RunModel)" time="0.04" />
  <testcase classname="ptolemy.util.test.junit.AutoTests" name="[118] /home/travis/build/icyphy/ptII/ptolemy/domains/continuous/test/auto/ResetTransitionWithStartTime4.xml (RunModel)" time="0.021" />
  <testcase classname="ptolemy.util.test.junit.AutoTests" name="[119] /home/travis/build/icyphy/ptII/ptolemy/domains/continuous/test/auto/ResetTransitionWithStartTime5.xml (RunModel)" time="0.029" />
  <testcase classname="ptolemy.util.test.junit.AutoTests" name="[120] /home/travis/build/icyphy/ptII/ptolemy/domains/continuous/test/auto/ResetTransitionWithStartTime6.xml (RunModel)" time="0.03" />
  <testcase classname="ptolemy.util.test.junit.AutoTests" name="[121] /home/travis/build/icyphy/ptII/ptolemy/domains/continuous/test/auto/SRinContinuous.xml (RunModel)" time="0.023" />
  <testcase classname="ptolemy.util.test.junit.AutoTests" name="[122] /home/travis/build/icyphy/ptII/ptolemy/domains/continuous/test/auto/SampledClocks.xml (RunModel)" time="0.031" />
  <testcase classname="ptolemy.util.test.junit.AutoTests" name="[123] /home/travis/build/icyphy/ptII/ptolemy/domains/continuous/test/auto/Satellite.xml (RunModel)" time="0.792" />
  <testcase classname="ptolemy.util.test.junit.AutoTests" name="[124] /home/travis/build/icyphy/ptII/ptolemy/domains/continuous/test/auto/SigmaDelta.xml (RunModel)" time="1.992" />
  <testcase classname="ptolemy.util.test.junit.AutoTests" name="[125] /home/travis/build/icyphy/ptII/ptolemy/domains/continuous/test/auto/SingleRefinement.xml (RunModel)" time="0.412" />
  <testcase classname="ptolemy.util.test.junit.AutoTests" name="[126] /home/travis/build/icyphy/ptII/ptolemy/domains/continuous/test/auto/SinuBouncingBall.xml (RunModel)" time="0.79" />
  <testcase classname="ptolemy.util.test.junit.AutoTests" name="[127] /home/travis/build/icyphy/ptII/ptolemy/domains/continuous/test/auto/Sinusoid.xml (RunModel)" time="0.014" />
  <testcase classname="ptolemy.util.test.junit.AutoTests" name="[128] /home/travis/build/icyphy/ptII/ptolemy/domains/continuous/test/auto/SinusoidInNoise.xml (RunModel)" time="0.81" />
  <testcase classname="ptolemy.util.test.junit.AutoTests" name="[129] /home/travis/build/icyphy/ptII/ptolemy/domains/continuous/test/auto/SinusoidRK45.xml (RunModel)" time="0.009" />
  <testcase classname="ptolemy.util.test.junit.AutoTests" name="[130] /home/travis/build/icyphy/ptII/ptolemy/domains/continuous/test/auto/SinusoidWithMultipleImpulses.xml (RunModel)" time="0.011" />
  <testcase classname="ptolemy.util.test.junit.AutoTests" name="[131] /home/travis/build/icyphy/ptII/ptolemy/domains/continuous/test/auto/SquareWave.xml (RunModel)" time="0.167" />
  <testcase classname="ptolemy.util.test.junit.AutoTests" name="[132] /home/travis/build/icyphy/ptII/ptolemy/domains/continuous/test/auto/Starmac.xml (RunModel)" time="3.454" />
  <testcase classname="ptolemy.util.test.junit.AutoTests" name="[133] /home/travis/build/icyphy/ptII/ptolemy/domains/continuous/test/auto/StaticUnits.xml (RunModel)" time="2.091" />
  <testcase classname="ptolemy.util.test.junit.AutoTests" name="[134] /home/travis/build/icyphy/ptII/ptolemy/domains/continuous/test/auto/StickyMasses.xml (RunModel)" time="0.18" />
  <testcase classname="ptolemy.util.test.junit.AutoTests" name="[135] /home/travis/build/icyphy/ptII/ptolemy/domains/continuous/test/auto/StopTime.xml (RunModel)" time="0.056" />
  <testcase classname="ptolemy.util.test.junit.AutoTests" name="[136] /home/travis/build/icyphy/ptII/ptolemy/domains/continuous/test/auto/StopTime2.xml (RunModel)" time="0.053" />
  <testcase classname="ptolemy.util.test.junit.AutoTests" name="[137] /home/travis/build/icyphy/ptII/ptolemy/domains/continuous/test/auto/Switch.xml (RunModel)" time="0.079" />
  <testcase classname="ptolemy.util.test.junit.AutoTests" name="[138] /home/travis/build/icyphy/ptII/ptolemy/domains/continuous/test/auto/Thermostat.xml (RunModel)" time="0.191" />
  <testcase classname="ptolemy.util.test.junit.AutoTests" name="[139] /home/travis/build/icyphy/ptII/ptolemy/domains/continuous/test/auto/TimeDelay.xml (RunModel)" time="0.015" />
  <testcase classname="ptolemy.util.test.junit.AutoTests" name="[140] /home/travis/build/icyphy/ptII/ptolemy/domains/continuous/test/auto/TimeDelay2.xml (RunModel)" time="0.023" />
  <testcase classname="ptolemy.util.test.junit.AutoTests" name="[141] /home/travis/build/icyphy/ptII/ptolemy/domains/continuous/test/auto/TimeDelay3.xml (RunModel)" time="0.014" />
  <testcase classname="ptolemy.util.test.junit.AutoTests" name="[142] /home/travis/build/icyphy/ptII/ptolemy/domains/continuous/test/auto/TransferAbsentToInside.xml (RunModel)" time="0.096" />
  <testcase classname="ptolemy.util.test.junit.AutoTests" name="[143] /home/travis/build/icyphy/ptII/ptolemy/domains/continuous/test/auto/Transmission.xml (RunModel)" time="0.781" />
  <testcase classname="ptolemy.util.test.junit.AutoTests" name="[144] /home/travis/build/icyphy/ptII/ptolemy/domains/continuous/test/auto/TriggeredContinuousClock.xml (RunModel)" time="0.063" />
  <testcase classname="ptolemy.util.test.junit.AutoTests" name="[145] /home/travis/build/icyphy/ptII/ptolemy/domains/continuous/test/auto/TwoMachineInfiniteBusControl.xml (RunModel)" time="2.331" />
  <testcase classname="ptolemy.util.test.junit.AutoTests" name="[146] /home/travis/build/icyphy/ptII/ptolemy/domains/continuous/test/auto/V2V.xml (RunModel)" time="0.799" />
  <testcase classname="ptolemy.util.test.junit.AutoTests" name="[147] /home/travis/build/icyphy/ptII/ptolemy/domains/continuous/test/auto/hierarchicalModalModel.xml (RunModel)" time="0.03" />
  <testcase classname="ptolemy.util.test.junit.AutoTests" name="[148] /home/travis/build/icyphy/ptII/ptolemy/domains/continuous/test/auto/hierarchicalModalModel1.xml (RunModel)" time="0.028" />
  <testcase classname="ptolemy.util.test.junit.AutoTests" name="[149] /home/travis/build/icyphy/ptII/ptolemy/domains/continuous/test/auto/hierarchicalModalModel2.xml (RunModel)" time="0.026" />
  <testcase classname="ptolemy.util.test.junit.AutoTests" name="[150] /home/travis/build/icyphy/ptII/ptolemy/domains/continuous/test/auto/hierarchicalModalModel3.xml (RunModel)" time="0.022" />
  <testcase classname="ptolemy.util.test.junit.AutoTests" name="[151] /home/travis/build/icyphy/ptII/ptolemy/domains/continuous/test/auto/hierarchicalModalModel4.xml (RunModel)" time="0.025" />
  <testcase classname="ptolemy.util.test.junit.AutoTests" name="[152] /home/travis/build/icyphy/ptII/ptolemy/domains/continuous/test/auto/junk.xml (RunModel)" time="0.113" />
  <system-out><![CDATA[No tcl tests in /home/travis/build/icyphy/ptII/ptolemy/domains/continuous/test
No auto/knownFailedTests/*.xml tests in /home/travis/build/icyphy/ptII/ptolemy/domains/continuous/test
No auto/linux-amd64/*.xml tests in /home/travis/build/icyphy/ptII/ptolemy/domains/continuous/test
AutoTests.java: About to close Vertx.
AutoTests.java: Vertx closed.

===========================================================================================
----------------- testing Thu Jan 30 15:22:07 UTC 2020 /home/travis/build/icyphy/ptII/ptolemy/domains/continuous/test/auto/BouncingBall.xml
----------------- Instantiating /home/travis/build/icyphy/ptII/ptolemy/domains/continuous/test/auto/BouncingBall.xml
2291 ms. Memory: 155648K Free: 74940K (48%)
----------------- Invoking toplevel() on ptolemy.moml.MoMLSimpleApplication@390bed4c
----------------- Done invoking toplevel() on ptolemy.moml.MoMLSimpleApplication@390bed4c
reloadAllAccessors: .BouncingBall

===========================================================================================
----------------- testing Thu Jan 30 15:22:10 UTC 2020 /home/travis/build/icyphy/ptII/ptolemy/domains/continuous/test/auto/BouncingBallWithoutGR.xml
----------------- Instantiating /home/travis/build/icyphy/ptII/ptolemy/domains/continuous/test/auto/BouncingBallWithoutGR.xml
834 ms. Memory: 155648K Free: 77081K (50%)
----------------- Invoking toplevel() on ptolemy.moml.MoMLSimpleApplication@5da0b63
----------------- Done invoking toplevel() on ptolemy.moml.MoMLSimpleApplication@5da0b63
reloadAllAccessors: .BouncingBallWithoutGR

===========================================================================================
----------------- testing Thu Jan 30 15:22:11 UTC 2020 /home/travis/build/icyphy/ptII/ptolemy/domains/continuous/test/auto/Brownian.xml
----------------- Instantiating /home/travis/build/icyphy/ptII/ptolemy/domains/continuous/test/auto/Brownian.xml
20 ms. Memory: 155648K Free: 68379K (44%)
----------------- Invoking toplevel() on ptolemy.moml.MoMLSimpleApplication@4237c2d6
----------------- Done invoking toplevel() on ptolemy.moml.MoMLSimpleApplication@4237c2d6
reloadAllAccessors: .Brownian

===========================================================================================
----------------- testing Thu Jan 30 15:22:11 UTC 2020 /home/travis/build/icyphy/ptII/ptolemy/domains/continuous/test/auto/CarTracking.xml
----------------- Instantiating /home/travis/build/icyphy/ptII/ptolemy/domains/continuous/test/auto/CarTracking.xml
3297 ms. Memory: 225280K Free: 206540K (92%)
----------------- Invoking toplevel() on ptolemy.moml.MoMLSimpleApplication@74c9fb91
----------------- Done invoking toplevel() on ptolemy.moml.MoMLSimpleApplication@74c9fb91
reloadAllAccessors: .CarTracking

===========================================================================================
----------------- testing Thu Jan 30 15:22:15 UTC 2020 /home/travis/build/icyphy/ptII/ptolemy/domains/continuous/test/auto/CartPendulum.xml
----------------- Instantiating /home/travis/build/icyphy/ptII/ptolemy/domains/continuous/test/auto/CartPendulum.xml
356 ms. Memory: 225280K Free: 114894K (51%)
----------------- Invoking toplevel() on ptolemy.moml.MoMLSimpleApplication@7bcb8e19
----------------- Done invoking toplevel() on ptolemy.moml.MoMLSimpleApplication@7bcb8e19
reloadAllAccessors: .CartPendulum

===========================================================================================
----------------- testing Thu Jan 30 15:22:15 UTC 2020 /home/travis/build/icyphy/ptII/ptolemy/domains/continuous/test/auto/CausalityInterface10.xml
----------------- Instantiating /home/travis/build/icyphy/ptII/ptolemy/domains/continuous/test/auto/CausalityInterface10.xml
18 ms. Memory: 225280K Free: 104654K (46%)
----------------- Invoking toplevel() on ptolemy.moml.MoMLSimpleApplication@4ad9ed5e
----------------- Done invoking toplevel() on ptolemy.moml.MoMLSimpleApplication@4ad9ed5e
reloadAllAccessors: .CausalityInterface10

===========================================================================================
----------------- testing Thu Jan 30 15:22:15 UTC 2020 /home/travis/build/icyphy/ptII/ptolemy/domains/continuous/test/auto/CausalityInterface11.xml
----------------- Instantiating /home/travis/build/icyphy/ptII/ptolemy/domains/continuous/test/auto/CausalityInterface11.xml
4 ms. Memory: 225280K Free: 98510K (44%)
----------------- Invoking toplevel() on ptolemy.moml.MoMLSimpleApplication@1298e66c
----------------- Done invoking toplevel() on ptolemy.moml.MoMLSimpleApplication@1298e66c
reloadAllAccessors: .CausalityInterface11

===========================================================================================
----------------- testing Thu Jan 30 15:22:15 UTC 2020 /home/travis/build/icyphy/ptII/ptolemy/domains/continuous/test/auto/CausalityInterface12.xml
----------------- Instantiating /home/travis/build/icyphy/ptII/ptolemy/domains/continuous/test/auto/CausalityInterface12.xml
5 ms. Memory: 225280K Free: 92366K (41%)
----------------- Invoking toplevel() on ptolemy.moml.MoMLSimpleApplication@7a811244
----------------- Done invoking toplevel() on ptolemy.moml.MoMLSimpleApplication@7a811244
reloadAllAccessors: .CausalityInterface12

===========================================================================================
----------------- testing Thu Jan 30 15:22:15 UTC 2020 /home/travis/build/icyphy/ptII/ptolemy/domains/continuous/test/auto/CausalityInterface13.xml
----------------- Instantiating /home/travis/build/icyphy/ptII/ptolemy/domains/continuous/test/auto/CausalityInterface13.xml
9 ms. Memory: 225280K Free: 86222K (38%)
----------------- Invoking toplevel() on ptolemy.moml.MoMLSimpleApplication@fc6e10f
----------------- Done invoking toplevel() on ptolemy.moml.MoMLSimpleApplication@fc6e10f
reloadAllAccessors: .CausalityInterface13

===========================================================================================
----------------- testing Thu Jan 30 15:22:15 UTC 2020 /home/travis/build/icyphy/ptII/ptolemy/domains/continuous/test/auto/CausalityInterface14.xml
----------------- Instantiating /home/travis/build/icyphy/ptII/ptolemy/domains/continuous/test/auto/CausalityInterface14.xml
3 ms. Memory: 225280K Free: 80588K (36%)
----------------- Invoking toplevel() on ptolemy.moml.MoMLSimpleApplication@3dde2474
----------------- Done invoking toplevel() on ptolemy.moml.MoMLSimpleApplication@3dde2474
reloadAllAccessors: .CausalityInterface14

===========================================================================================
----------------- testing Thu Jan 30 15:22:15 UTC 2020 /home/travis/build/icyphy/ptII/ptolemy/domains/continuous/test/auto/CausalityInterface4.xml
----------------- Instantiating /home/travis/build/icyphy/ptII/ptolemy/domains/continuous/test/auto/CausalityInterface4.xml
3 ms. Memory: 225280K Free: 207913K (92%)
----------------- Invoking toplevel() on ptolemy.moml.MoMLSimpleApplication@42f43a79
----------------- Done invoking toplevel() on ptolemy.moml.MoMLSimpleApplication@42f43a79
reloadAllAccessors: .CausalityInterface4

===========================================================================================
----------------- testing Thu Jan 30 15:22:15 UTC 2020 /home/travis/build/icyphy/ptII/ptolemy/domains/continuous/test/auto/CausalityInterface5.xml
----------------- Instantiating /home/travis/build/icyphy/ptII/ptolemy/domains/continuous/test/auto/CausalityInterface5.xml
9 ms. Memory: 225280K Free: 199735K (89%)
----------------- Invoking toplevel() on ptolemy.moml.MoMLSimpleApplication@d532474
----------------- Done invoking toplevel() on ptolemy.moml.MoMLSimpleApplication@d532474
reloadAllAccessors: .CausalityInterface5

===========================================================================================
----------------- testing Thu Jan 30 15:22:16 UTC 2020 /home/travis/build/icyphy/ptII/ptolemy/domains/continuous/test/auto/CausalityInterface6.xml
----------------- Instantiating /home/travis/build/icyphy/ptII/ptolemy/domains/continuous/test/auto/CausalityInterface6.xml
3 ms. Memory: 225280K Free: 194105K (86%)
----------------- Invoking toplevel() on ptolemy.moml.MoMLSimpleApplication@45a6bc43
----------------- Done invoking toplevel() on ptolemy.moml.MoMLSimpleApplication@45a6bc43
reloadAllAccessors: .CausalityInterface6

===========================================================================================
----------------- testing Thu Jan 30 15:22:16 UTC 2020 /home/travis/build/icyphy/ptII/ptolemy/domains/continuous/test/auto/CausalityInterface7.xml
----------------- Instantiating /home/travis/build/icyphy/ptII/ptolemy/domains/continuous/test/auto/CausalityInterface7.xml
10 ms. Memory: 225280K Free: 185399K (82%)
----------------- Invoking toplevel() on ptolemy.moml.MoMLSimpleApplication@3ca6850d
----------------- Done invoking toplevel() on ptolemy.moml.MoMLSimpleApplication@3ca6850d
reloadAllAccessors: .CausalityInterface7

===========================================================================================
----------------- testing Thu Jan 30 15:22:16 UTC 2020 /home/travis/build/icyphy/ptII/ptolemy/domains/continuous/test/auto/CausalityInterface8.xml
----------------- Instantiating /home/travis/build/icyphy/ptII/ptolemy/domains/continuous/test/auto/CausalityInterface8.xml
6 ms. Memory: 225280K Free: 176183K (78%)
----------------- Invoking toplevel() on ptolemy.moml.MoMLSimpleApplication@65a7bacb
----------------- Done invoking toplevel() on ptolemy.moml.MoMLSimpleApplication@65a7bacb
reloadAllAccessors: .CausalityInterface8

===========================================================================================
----------------- testing Thu Jan 30 15:22:16 UTC 2020 /home/travis/build/icyphy/ptII/ptolemy/domains/continuous/test/auto/CausalityInterface9.xml
----------------- Instantiating /home/travis/build/icyphy/ptII/ptolemy/domains/continuous/test/auto/CausalityInterface9.xml
5 ms. Memory: 225280K Free: 164919K (73%)
----------------- Invoking toplevel() on ptolemy.moml.MoMLSimpleApplication@40146422
----------------- Done invoking toplevel() on ptolemy.moml.MoMLSimpleApplication@40146422
reloadAllAccessors: .CausalityInterface9

===========================================================================================
----------------- testing Thu Jan 30 15:22:16 UTC 2020 /home/travis/build/icyphy/ptII/ptolemy/domains/continuous/test/auto/CausalityInterfaceFeedback1.xml
----------------- Instantiating /home/travis/build/icyphy/ptII/ptolemy/domains/continuous/test/auto/CausalityInterfaceFeedback1.xml
6 ms. Memory: 225280K Free: 158265K (70%)
----------------- Invoking toplevel() on ptolemy.moml.MoMLSimpleApplication@4906b80b
----------------- Done invoking toplevel() on ptolemy.moml.MoMLSimpleApplication@4906b80b
reloadAllAccessors: .CausalityInterfaceFeedback1

===========================================================================================
----------------- testing Thu Jan 30 15:22:16 UTC 2020 /home/travis/build/icyphy/ptII/ptolemy/domains/continuous/test/auto/CausalityInterfaceFeedback2.xml
----------------- Instantiating /home/travis/build/icyphy/ptII/ptolemy/domains/continuous/test/auto/CausalityInterfaceFeedback2.xml
5 ms. Memory: 225280K Free: 151097K (67%)
----------------- Invoking toplevel() on ptolemy.moml.MoMLSimpleApplication@3164abe2
----------------- Done invoking toplevel() on ptolemy.moml.MoMLSimpleApplication@3164abe2
reloadAllAccessors: .CausalityInterfaceFeedback2

===========================================================================================
----------------- testing Thu Jan 30 15:22:16 UTC 2020 /home/travis/build/icyphy/ptII/ptolemy/domains/continuous/test/auto/CompareWithCurrentTime.xml
----------------- Instantiating /home/travis/build/icyphy/ptII/ptolemy/domains/continuous/test/auto/CompareWithCurrentTime.xml
4 ms. Memory: 225280K Free: 147001K (65%)
----------------- Invoking toplevel() on ptolemy.moml.MoMLSimpleApplication@2cc57e53
----------------- Done invoking toplevel() on ptolemy.moml.MoMLSimpleApplication@2cc57e53
reloadAllAccessors: .CompareWithCurrentTime

===========================================================================================
----------------- testing Thu Jan 30 15:22:16 UTC 2020 /home/travis/build/icyphy/ptII/ptolemy/domains/continuous/test/auto/ComparedClocks.xml
----------------- Instantiating /home/travis/build/icyphy/ptII/ptolemy/domains/continuous/test/auto/ComparedClocks.xml
8 ms. Memory: 225280K Free: 132137K (59%)
----------------- Invoking toplevel() on ptolemy.moml.MoMLSimpleApplication@265ee0ed
----------------- Done invoking toplevel() on ptolemy.moml.MoMLSimpleApplication@265ee0ed
reloadAllAccessors: .ComparedClocks

===========================================================================================
----------------- testing Thu Jan 30 15:22:16 UTC 2020 /home/travis/build/icyphy/ptII/ptolemy/domains/continuous/test/auto/ContinuousAOCClone.xml
----------------- Instantiating /home/travis/build/icyphy/ptII/ptolemy/domains/continuous/test/auto/ContinuousAOCClone.xml
2207 ms. Memory: 270336K Free: 240922K (89%)
----------------- Invoking toplevel() on ptolemy.moml.MoMLSimpleApplication@1de6da93
----------------- Done invoking toplevel() on ptolemy.moml.MoMLSimpleApplication@1de6da93
reloadAllAccessors: .ContinuousAOCClone

===========================================================================================
----------------- testing Thu Jan 30 15:22:18 UTC 2020 /home/travis/build/icyphy/ptII/ptolemy/domains/continuous/test/auto/ContinuousClock.xml
----------------- Instantiating /home/travis/build/icyphy/ptII/ptolemy/domains/continuous/test/auto/ContinuousClock.xml
35 ms. Memory: 270336K Free: 219402K (81%)
----------------- Invoking toplevel() on ptolemy.moml.MoMLSimpleApplication@22714892
----------------- Done invoking toplevel() on ptolemy.moml.MoMLSimpleApplication@22714892
reloadAllAccessors: .ContinuousClock

===========================================================================================
----------------- testing Thu Jan 30 15:22:18 UTC 2020 /home/travis/build/icyphy/ptII/ptolemy/domains/continuous/test/auto/ContinuousInContinuous.xml
----------------- Instantiating /home/travis/build/icyphy/ptII/ptolemy/domains/continuous/test/auto/ContinuousInContinuous.xml
39 ms. Memory: 270336K Free: 195880K (72%)
----------------- Invoking toplevel() on ptolemy.moml.MoMLSimpleApplication@5afbc93f
----------------- Done invoking toplevel() on ptolemy.moml.MoMLSimpleApplication@5afbc93f
reloadAllAccessors: .ContinuousInContinuous

===========================================================================================
----------------- testing Thu Jan 30 15:22:18 UTC 2020 /home/travis/build/icyphy/ptII/ptolemy/domains/continuous/test/auto/ContinuousInContinuousInContinuous.xml
----------------- Instantiating /home/travis/build/icyphy/ptII/ptolemy/domains/continuous/test/auto/ContinuousInContinuousInContinuous.xml
11 ms. Memory: 270336K Free: 187688K (69%)
----------------- Invoking toplevel() on ptolemy.moml.MoMLSimpleApplication@1bef5139
----------------- Done invoking toplevel() on ptolemy.moml.MoMLSimpleApplication@1bef5139
reloadAllAccessors: .ContinuousInContinuousInContinuous

===========================================================================================
----------------- testing Thu Jan 30 15:22:19 UTC 2020 /home/travis/build/icyphy/ptII/ptolemy/domains/continuous/test/auto/ContinuousInDE.xml
----------------- Instantiating /home/travis/build/icyphy/ptII/ptolemy/domains/continuous/test/auto/ContinuousInDE.xml
93 ms. Memory: 270336K Free: 176938K (65%)
----------------- Invoking toplevel() on ptolemy.moml.MoMLSimpleApplication@22b900c7
----------------- Done invoking toplevel() on ptolemy.moml.MoMLSimpleApplication@22b900c7
reloadAllAccessors: .ContinuousInDE

===========================================================================================
----------------- testing Thu Jan 30 15:22:19 UTC 2020 /home/travis/build/icyphy/ptII/ptolemy/domains/continuous/test/auto/ContinuousInDE2.xml
----------------- Instantiating /home/travis/build/icyphy/ptII/ptolemy/domains/continuous/test/auto/ContinuousInDE2.xml
34 ms. Memory: 270336K Free: 167208K (62%)
----------------- Invoking toplevel() on ptolemy.moml.MoMLSimpleApplication@7fbb90be
----------------- Done invoking toplevel() on ptolemy.moml.MoMLSimpleApplication@7fbb90be
reloadAllAccessors: .ContinuousInDE2

===========================================================================================
----------------- testing Thu Jan 30 15:22:19 UTC 2020 /home/travis/build/icyphy/ptII/ptolemy/domains/continuous/test/auto/ContinuousInDE3.xml
----------------- Instantiating /home/travis/build/icyphy/ptII/ptolemy/domains/continuous/test/auto/ContinuousInDE3.xml
35 ms. Memory: 270336K Free: 157482K (58%)
----------------- Invoking toplevel() on ptolemy.moml.MoMLSimpleApplication@4b7f1c36
----------------- Done invoking toplevel() on ptolemy.moml.MoMLSimpleApplication@4b7f1c36
reloadAllAccessors: .ContinuousInDE3

===========================================================================================
----------------- testing Thu Jan 30 15:22:19 UTC 2020 /home/travis/build/icyphy/ptII/ptolemy/domains/continuous/test/auto/ContinuousInDE4.xml
----------------- Instantiating /home/travis/build/icyphy/ptII/ptolemy/domains/continuous/test/auto/ContinuousInDE4.xml
15 ms. Memory: 270336K Free: 151338K (56%)
----------------- Invoking toplevel() on ptolemy.moml.MoMLSimpleApplication@27c8045d
----------------- Done invoking toplevel() on ptolemy.moml.MoMLSimpleApplication@27c8045d
reloadAllAccessors: .ContinuousInDE4

===========================================================================================
----------------- testing Thu Jan 30 15:22:19 UTC 2020 /home/travis/build/icyphy/ptII/ptolemy/domains/continuous/test/auto/ContinuousInDEDifferentRefinements.xml
----------------- Instantiating /home/travis/build/icyphy/ptII/ptolemy/domains/continuous/test/auto/ContinuousInDEDifferentRefinements.xml
58 ms. Memory: 270336K Free: 120090K (44%)
----------------- Invoking toplevel() on ptolemy.moml.MoMLSimpleApplication@8a56063
----------------- Done invoking toplevel() on ptolemy.moml.MoMLSimpleApplication@8a56063
reloadAllAccessors: .ContinuousInDEDifferentRefinements

===========================================================================================
----------------- testing Thu Jan 30 15:22:19 UTC 2020 /home/travis/build/icyphy/ptII/ptolemy/domains/continuous/test/auto/ContinuousInDEDifferentRefinementsPreemptive.xml
----------------- Instantiating /home/travis/build/icyphy/ptII/ptolemy/domains/continuous/test/auto/ContinuousInDEDifferentRefinementsPreemptive.xml
49 ms. Memory: 270336K Free: 249231K (92%)
----------------- Invoking toplevel() on ptolemy.moml.MoMLSimpleApplication@17201534
----------------- Done invoking toplevel() on ptolemy.moml.MoMLSimpleApplication@17201534
reloadAllAccessors: .ContinuousInDEDifferentRefinementsPreemptive

===========================================================================================
----------------- testing Thu Jan 30 15:22:19 UTC 2020 /home/travis/build/icyphy/ptII/ptolemy/domains/continuous/test/auto/ContinuousInDEInContinuous2.xml
----------------- Instantiating /home/travis/build/icyphy/ptII/ptolemy/domains/continuous/test/auto/ContinuousInDEInContinuous2.xml
37 ms. Memory: 270336K Free: 237350K (88%)
----------------- Invoking toplevel() on ptolemy.moml.MoMLSimpleApplication@5136a9a7
----------------- Done invoking toplevel() on ptolemy.moml.MoMLSimpleApplication@5136a9a7
reloadAllAccessors: .ContinuousInDEInContinuous2

===========================================================================================
----------------- testing Thu Jan 30 15:22:19 UTC 2020 /home/travis/build/icyphy/ptII/ptolemy/domains/continuous/test/auto/ContinuousInDEInContinuous3.xml
----------------- Instantiating /home/travis/build/icyphy/ptII/ptolemy/domains/continuous/test/auto/ContinuousInDEInContinuous3.xml
35 ms. Memory: 270336K Free: 225062K (83%)
----------------- Invoking toplevel() on ptolemy.moml.MoMLSimpleApplication@5670684
----------------- Done invoking toplevel() on ptolemy.moml.MoMLSimpleApplication@5670684
reloadAllAccessors: .ContinuousInDEInContinuous3

===========================================================================================
----------------- testing Thu Jan 30 15:22:19 UTC 2020 /home/travis/build/icyphy/ptII/ptolemy/domains/continuous/test/auto/ContinuousInDEInput.xml
----------------- Instantiating /home/travis/build/icyphy/ptII/ptolemy/domains/continuous/test/auto/ContinuousInDEInput.xml
19 ms. Memory: 270336K Free: 217894K (81%)
----------------- Invoking toplevel() on ptolemy.moml.MoMLSimpleApplication@5ddfa9dd
----------------- Done invoking toplevel() on ptolemy.moml.MoMLSimpleApplication@5ddfa9dd
reloadAllAccessors: .ContinuousInDEInput

===========================================================================================
----------------- testing Thu Jan 30 15:22:19 UTC 2020 /home/travis/build/icyphy/ptII/ptolemy/domains/continuous/test/auto/ContinuousInDEInput2.xml
----------------- Instantiating /home/travis/build/icyphy/ptII/ptolemy/domains/continuous/test/auto/ContinuousInDEInput2.xml
12 ms. Memory: 270336K Free: 210212K (78%)
----------------- Invoking toplevel() on ptolemy.moml.MoMLSimpleApplication@122e53ee
----------------- Done invoking toplevel() on ptolemy.moml.MoMLSimpleApplication@122e53ee
reloadAllAccessors: .ContinuousInDEInput2

===========================================================================================
----------------- testing Thu Jan 30 15:22:19 UTC 2020 /home/travis/build/icyphy/ptII/ptolemy/domains/continuous/test/auto/ContinuousInDEInput3.xml
----------------- Instantiating /home/travis/build/icyphy/ptII/ptolemy/domains/continuous/test/auto/ContinuousInDEInput3.xml
11 ms. Memory: 270336K Free: 203044K (75%)
----------------- Invoking toplevel() on ptolemy.moml.MoMLSimpleApplication@468d3e17
----------------- Done invoking toplevel() on ptolemy.moml.MoMLSimpleApplication@468d3e17
reloadAllAccessors: .ContinuousInDEInput3

===========================================================================================
----------------- testing Thu Jan 30 15:22:19 UTC 2020 /home/travis/build/icyphy/ptII/ptolemy/domains/continuous/test/auto/ContinuousInDESharingRefinement.xml
----------------- Instantiating /home/travis/build/icyphy/ptII/ptolemy/domains/continuous/test/auto/ContinuousInDESharingRefinement.xml
152 ms. Memory: 270336K Free: 108326K (40%)
----------------- Invoking toplevel() on ptolemy.moml.MoMLSimpleApplication@1465edb0
----------------- Done invoking toplevel() on ptolemy.moml.MoMLSimpleApplication@1465edb0
reloadAllAccessors: .ContinuousInDESharingRefinement

===========================================================================================
----------------- testing Thu Jan 30 15:22:19 UTC 2020 /home/travis/build/icyphy/ptII/ptolemy/domains/continuous/test/auto/ContinuousInDEwithNoPorts.xml
----------------- Instantiating /home/travis/build/icyphy/ptII/ptolemy/domains/continuous/test/auto/ContinuousInDEwithNoPorts.xml
7 ms. Memory: 270336K Free: 104230K (39%)
----------------- Invoking toplevel() on ptolemy.moml.MoMLSimpleApplication@5894d7b8
----------------- Done invoking toplevel() on ptolemy.moml.MoMLSimpleApplication@5894d7b8
reloadAllAccessors: .ContinuousInDEwithNoPorts

===========================================================================================
----------------- testing Thu Jan 30 15:22:19 UTC 2020 /home/travis/build/icyphy/ptII/ptolemy/domains/continuous/test/auto/ContinuousInsideDE.xml
----------------- Instantiating /home/travis/build/icyphy/ptII/ptolemy/domains/continuous/test/auto/ContinuousInsideDE.xml
41 ms. Memory: 270336K Free: 253351K (94%)
----------------- Invoking toplevel() on ptolemy.moml.MoMLSimpleApplication@5c5139bf
----------------- Done invoking toplevel() on ptolemy.moml.MoMLSimpleApplication@5c5139bf
reloadAllAccessors: .ContinuousInsideDE

===========================================================================================
----------------- testing Thu Jan 30 15:22:20 UTC 2020 /home/travis/build/icyphy/ptII/ptolemy/domains/continuous/test/auto/ContinuousMerge1.xml
----------------- Instantiating /home/travis/build/icyphy/ptII/ptolemy/domains/continuous/test/auto/ContinuousMerge1.xml
4 ms. Memory: 270336K Free: 248741K (92%)
----------------- Invoking toplevel() on ptolemy.moml.MoMLSimpleApplication@6c8bdcec
----------------- Done invoking toplevel() on ptolemy.moml.MoMLSimpleApplication@6c8bdcec
reloadAllAccessors: .ContinuousMerge1

===========================================================================================
----------------- testing Thu Jan 30 15:22:20 UTC 2020 /home/travis/build/icyphy/ptII/ptolemy/domains/continuous/test/auto/ContinuousMerge2.xml
----------------- Instantiating /home/travis/build/icyphy/ptII/ptolemy/domains/continuous/test/auto/ContinuousMerge2.xml
11 ms. Memory: 270336K Free: 238501K (88%)
----------------- Invoking toplevel() on ptolemy.moml.MoMLSimpleApplication@4e4c527d
----------------- Done invoking toplevel() on ptolemy.moml.MoMLSimpleApplication@4e4c527d
reloadAllAccessors: .ContinuousMerge2

===========================================================================================
----------------- testing Thu Jan 30 15:22:20 UTC 2020 /home/travis/build/icyphy/ptII/ptolemy/domains/continuous/test/auto/ContinuousMerge3.xml
----------------- Instantiating /home/travis/build/icyphy/ptII/ptolemy/domains/continuous/test/auto/ContinuousMerge3.xml
43 ms. Memory: 270336K Free: 227751K (84%)
----------------- Invoking toplevel() on ptolemy.moml.MoMLSimpleApplication@5a098682
----------------- Done invoking toplevel() on ptolemy.moml.MoMLSimpleApplication@5a098682
reloadAllAccessors: .ContinuousMerge3

===========================================================================================
----------------- testing Thu Jan 30 15:22:20 UTC 2020 /home/travis/build/icyphy/ptII/ptolemy/domains/continuous/test/auto/ContinuousWithinContinuous.xml
----------------- Instantiating /home/travis/build/icyphy/ptII/ptolemy/domains/continuous/test/auto/ContinuousWithinContinuous.xml
36 ms. Memory: 270336K Free: 218021K (81%)
----------------- Invoking toplevel() on ptolemy.moml.MoMLSimpleApplication@149f5f10
----------------- Done invoking toplevel() on ptolemy.moml.MoMLSimpleApplication@149f5f10
reloadAllAccessors: .ContinuousWithinContinuous

===========================================================================================
----------------- testing Thu Jan 30 15:22:20 UTC 2020 /home/travis/build/icyphy/ptII/ptolemy/domains/continuous/test/auto/ContinuousWithinContinuous2.xml
----------------- Instantiating /home/travis/build/icyphy/ptII/ptolemy/domains/continuous/test/auto/ContinuousWithinContinuous2.xml
64 ms. Memory: 270336K Free: 207271K (77%)
----------------- Invoking toplevel() on ptolemy.moml.MoMLSimpleApplication@55a61605
----------------- Done invoking toplevel() on ptolemy.moml.MoMLSimpleApplication@55a61605
reloadAllAccessors: .ContinuousWithinContinuous2

===========================================================================================
----------------- testing Thu Jan 30 15:22:20 UTC 2020 /home/travis/build/icyphy/ptII/ptolemy/domains/continuous/test/auto/ContinuousWithinContinuous3.xml
----------------- Instantiating /home/travis/build/icyphy/ptII/ptolemy/domains/continuous/test/auto/ContinuousWithinContinuous3.xml
12 ms. Memory: 270336K Free: 200103K (74%)
----------------- Invoking toplevel() on ptolemy.moml.MoMLSimpleApplication@5c9c5535
----------------- Done invoking toplevel() on ptolemy.moml.MoMLSimpleApplication@5c9c5535
reloadAllAccessors: .ContinuousWithinContinuous3

===========================================================================================
----------------- testing Thu Jan 30 15:22:20 UTC 2020 /home/travis/build/icyphy/ptII/ptolemy/domains/continuous/test/auto/ContinuousWithinContinuous4.xml
----------------- Instantiating /home/travis/build/icyphy/ptII/ptolemy/domains/continuous/test/auto/ContinuousWithinContinuous4.xml
66 ms. Memory: 270336K Free: 187815K (69%)
----------------- Invoking toplevel() on ptolemy.moml.MoMLSimpleApplication@a9d2c57
----------------- Done invoking toplevel() on ptolemy.moml.MoMLSimpleApplication@a9d2c57
reloadAllAccessors: .ContinuousWithinContinuous4

===========================================================================================
----------------- testing Thu Jan 30 15:22:20 UTC 2020 /home/travis/build/icyphy/ptII/ptolemy/domains/continuous/test/auto/ContinuousWithinContinuous5.xml
----------------- Instantiating /home/travis/build/icyphy/ptII/ptolemy/domains/continuous/test/auto/ContinuousWithinContinuous5.xml
12 ms. Memory: 270336K Free: 180133K (67%)
----------------- Invoking toplevel() on ptolemy.moml.MoMLSimpleApplication@596abfa4
----------------- Done invoking toplevel() on ptolemy.moml.MoMLSimpleApplication@596abfa4
reloadAllAccessors: .ContinuousWithinContinuous5

===========================================================================================
----------------- testing Thu Jan 30 15:22:20 UTC 2020 /home/travis/build/icyphy/ptII/ptolemy/domains/continuous/test/auto/ContinuousWithinContinuous6.xml
----------------- Instantiating /home/travis/build/icyphy/ptII/ptolemy/domains/continuous/test/auto/ContinuousWithinContinuous6.xml
12 ms. Memory: 270336K Free: 172965K (64%)
----------------- Invoking toplevel() on ptolemy.moml.MoMLSimpleApplication@6289779
----------------- Done invoking toplevel() on ptolemy.moml.MoMLSimpleApplication@6289779
reloadAllAccessors: .ContinuousWithinContinuous6

===========================================================================================
----------------- testing Thu Jan 30 15:22:20 UTC 2020 /home/travis/build/icyphy/ptII/ptolemy/domains/continuous/test/auto/ContinuousWithinContinuous7.xml
----------------- Instantiating /home/travis/build/icyphy/ptII/ptolemy/domains/continuous/test/auto/ContinuousWithinContinuous7.xml
49 ms. Memory: 270336K Free: 162213K (60%)
----------------- Invoking toplevel() on ptolemy.moml.MoMLSimpleApplication@3be0338c
----------------- Done invoking toplevel() on ptolemy.moml.MoMLSimpleApplication@3be0338c
reloadAllAccessors: .ContinuousWithinContinuous7

===========================================================================================
----------------- testing Thu Jan 30 15:22:20 UTC 2020 /home/travis/build/icyphy/ptII/ptolemy/domains/continuous/test/auto/DCMotor.xml
----------------- Instantiating /home/travis/build/icyphy/ptII/ptolemy/domains/continuous/test/auto/DCMotor.xml
12203 ms. Memory: 270336K Free: 146373K (54%)
----------------- Invoking toplevel() on ptolemy.moml.MoMLSimpleApplication@16f3b94e
----------------- Done invoking toplevel() on ptolemy.moml.MoMLSimpleApplication@16f3b94e
reloadAllAccessors: .DCMotor

===========================================================================================
----------------- testing Thu Jan 30 15:22:32 UTC 2020 /home/travis/build/icyphy/ptII/ptolemy/domains/continuous/test/auto/DEInContinuous.xml
----------------- Instantiating /home/travis/build/icyphy/ptII/ptolemy/domains/continuous/test/auto/DEInContinuous.xml
23 ms. Memory: 270336K Free: 140229K (52%)
----------------- Invoking toplevel() on ptolemy.moml.MoMLSimpleApplication@6ca63094
----------------- Done invoking toplevel() on ptolemy.moml.MoMLSimpleApplication@6ca63094
reloadAllAccessors: .DEInContinuous

===========================================================================================
----------------- testing Thu Jan 30 15:22:32 UTC 2020 /home/travis/build/icyphy/ptII/ptolemy/domains/continuous/test/auto/DEinContinuous2.xml
----------------- Instantiating /home/travis/build/icyphy/ptII/ptolemy/domains/continuous/test/auto/DEinContinuous2.xml
10 ms. Memory: 270336K Free: 132037K (49%)
----------------- Invoking toplevel() on ptolemy.moml.MoMLSimpleApplication@5995b1f1
----------------- Done invoking toplevel() on ptolemy.moml.MoMLSimpleApplication@5995b1f1
reloadAllAccessors: .DEinContinuous2

===========================================================================================
----------------- testing Thu Jan 30 15:22:32 UTC 2020 /home/travis/build/icyphy/ptII/ptolemy/domains/continuous/test/auto/Derivative.xml
----------------- Instantiating /home/travis/build/icyphy/ptII/ptolemy/domains/continuous/test/auto/Derivative.xml
138 ms. Memory: 270336K Free: 102851K (38%)
----------------- Invoking toplevel() on ptolemy.moml.MoMLSimpleApplication@54ac95a3
----------------- Done invoking toplevel() on ptolemy.moml.MoMLSimpleApplication@54ac95a3
reloadAllAccessors: .Derivative2

===========================================================================================
----------------- testing Thu Jan 30 15:22:33 UTC 2020 /home/travis/build/icyphy/ptII/ptolemy/domains/continuous/test/auto/Derivative1.xml
----------------- Instantiating /home/travis/build/icyphy/ptII/ptolemy/domains/continuous/test/auto/Derivative1.xml
19 ms. Memory: 270336K Free: 249397K (92%)
----------------- Invoking toplevel() on ptolemy.moml.MoMLSimpleApplication@25de468
----------------- Done invoking toplevel() on ptolemy.moml.MoMLSimpleApplication@25de468
reloadAllAccessors: .Derivative1

===========================================================================================
----------------- testing Thu Jan 30 15:22:33 UTC 2020 /home/travis/build/icyphy/ptII/ptolemy/domains/continuous/test/auto/DiscreteClock.xml
----------------- Instantiating /home/travis/build/icyphy/ptII/ptolemy/domains/continuous/test/auto/DiscreteClock.xml
5 ms. Memory: 270336K Free: 243763K (90%)
----------------- Invoking toplevel() on ptolemy.moml.MoMLSimpleApplication@5bb592
----------------- Done invoking toplevel() on ptolemy.moml.MoMLSimpleApplication@5bb592
reloadAllAccessors: .DiscreteClock

===========================================================================================
----------------- testing Thu Jan 30 15:22:33 UTC 2020 /home/travis/build/icyphy/ptII/ptolemy/domains/continuous/test/auto/EfficiencyCurve.xml
----------------- Instantiating /home/travis/build/icyphy/ptII/ptolemy/domains/continuous/test/auto/EfficiencyCurve.xml
59 ms. Memory: 270336K Free: 234547K (87%)
----------------- Invoking toplevel() on ptolemy.moml.MoMLSimpleApplication@7030fe3a
----------------- Done invoking toplevel() on ptolemy.moml.MoMLSimpleApplication@7030fe3a
reloadAllAccessors: .EfficiencyCurve

===========================================================================================
----------------- testing Thu Jan 30 15:22:33 UTC 2020 /home/travis/build/icyphy/ptII/ptolemy/domains/continuous/test/auto/ExponentialResponse.xml
----------------- Instantiating /home/travis/build/icyphy/ptII/ptolemy/domains/continuous/test/auto/ExponentialResponse.xml
90 ms. Memory: 270336K Free: 218677K (81%)
----------------- Invoking toplevel() on ptolemy.moml.MoMLSimpleApplication@586a56a7
----------------- Done invoking toplevel() on ptolemy.moml.MoMLSimpleApplication@586a56a7
reloadAllAccessors: .ExponentialResponse

===========================================================================================
----------------- testing Thu Jan 30 15:22:33 UTC 2020 /home/travis/build/icyphy/ptII/ptolemy/domains/continuous/test/auto/ExponentialResponseRK45.xml
----------------- Instantiating /home/travis/build/icyphy/ptII/ptolemy/domains/continuous/test/auto/ExponentialResponseRK45.xml
21 ms. Memory: 270336K Free: 212019K (78%)
----------------- Invoking toplevel() on ptolemy.moml.MoMLSimpleApplication@11506235
----------------- Done invoking toplevel() on ptolemy.moml.MoMLSimpleApplication@11506235
reloadAllAccessors: .ExponentialResponseRK45

===========================================================================================
----------------- testing Thu Jan 30 15:22:33 UTC 2020 /home/travis/build/icyphy/ptII/ptolemy/domains/continuous/test/auto/Friction.xml
----------------- Instantiating /home/travis/build/icyphy/ptII/ptolemy/domains/continuous/test/auto/Friction.xml
1506 ms. Memory: 270336K Free: 106571K (39%)
----------------- Invoking toplevel() on ptolemy.moml.MoMLSimpleApplication@44fbeecd
----------------- Done invoking toplevel() on ptolemy.moml.MoMLSimpleApplication@44fbeecd
reloadAllAccessors: .Friction

===========================================================================================
----------------- testing Thu Jan 30 15:22:35 UTC 2020 /home/travis/build/icyphy/ptII/ptolemy/domains/continuous/test/auto/FurutaPendulum.xml
----------------- Instantiating /home/travis/build/icyphy/ptII/ptolemy/domains/continuous/test/auto/FurutaPendulum.xml
3052 ms. Memory: 270336K Free: 240466K (89%)
----------------- Invoking toplevel() on ptolemy.moml.MoMLSimpleApplication@46fd9c68
----------------- Done invoking toplevel() on ptolemy.moml.MoMLSimpleApplication@46fd9c68
reloadAllAccessors: .FurutaPendulum

===========================================================================================
----------------- testing Thu Jan 30 15:22:38 UTC 2020 /home/travis/build/icyphy/ptII/ptolemy/domains/continuous/test/auto/HierarchicalExecution.xml
----------------- Instantiating /home/travis/build/icyphy/ptII/ptolemy/domains/continuous/test/auto/HierarchicalExecution.xml
1509 ms. Memory: 270336K Free: 128826K (48%)
----------------- Invoking toplevel() on ptolemy.moml.MoMLSimpleApplication@330310d6
----------------- Done invoking toplevel() on ptolemy.moml.MoMLSimpleApplication@330310d6
reloadAllAccessors: .HierarchicalExecution

===========================================================================================
----------------- testing Thu Jan 30 15:22:40 UTC 2020 /home/travis/build/icyphy/ptII/ptolemy/domains/continuous/test/auto/HybridPlant.xml
----------------- Instantiating /home/travis/build/icyphy/ptII/ptolemy/domains/continuous/test/auto/HybridPlant.xml
512 ms. Memory: 270336K Free: 184835K (68%)
----------------- Invoking toplevel() on ptolemy.moml.MoMLSimpleApplication@5eb114f0
----------------- Done invoking toplevel() on ptolemy.moml.MoMLSimpleApplication@5eb114f0
reloadAllAccessors: .HybridPlant

===========================================================================================
----------------- testing Thu Jan 30 15:22:40 UTC 2020 /home/travis/build/icyphy/ptII/ptolemy/domains/continuous/test/auto/Hysteresis.xml
----------------- Instantiating /home/travis/build/icyphy/ptII/ptolemy/domains/continuous/test/auto/Hysteresis.xml
129 ms. Memory: 270336K Free: 122377K (45%)
----------------- Invoking toplevel() on ptolemy.moml.MoMLSimpleApplication@742ccb31
----------------- Done invoking toplevel() on ptolemy.moml.MoMLSimpleApplication@742ccb31
reloadAllAccessors: .Hysteresis

===========================================================================================
----------------- testing Thu Jan 30 15:22:40 UTC 2020 /home/travis/build/icyphy/ptII/ptolemy/domains/continuous/test/auto/HysteresisWithRandomDelay.xml
----------------- Instantiating /home/travis/build/icyphy/ptII/ptolemy/domains/continuous/test/auto/HysteresisWithRandomDelay.xml
184 ms. Memory: 270336K Free: 211431K (78%)
----------------- Invoking toplevel() on ptolemy.moml.MoMLSimpleApplication@bb788b9
----------------- Done invoking toplevel() on ptolemy.moml.MoMLSimpleApplication@bb788b9
reloadAllAccessors: .HysteresisWithRandomDelay

===========================================================================================
----------------- testing Thu Jan 30 15:22:41 UTC 2020 /home/travis/build/icyphy/ptII/ptolemy/domains/continuous/test/auto/HysteresisWithRandomLosses.xml
----------------- Instantiating /home/travis/build/icyphy/ptII/ptolemy/domains/continuous/test/auto/HysteresisWithRandomLosses.xml
2276 ms. Memory: 324608K Free: 168785K (52%)
----------------- Invoking toplevel() on ptolemy.moml.MoMLSimpleApplication@3e10d036
----------------- Done invoking toplevel() on ptolemy.moml.MoMLSimpleApplication@3e10d036
reloadAllAccessors: .HysteresisWithRandomLosses

===========================================================================================
----------------- testing Thu Jan 30 15:22:43 UTC 2020 /home/travis/build/icyphy/ptII/ptolemy/domains/continuous/test/auto/ImmediateTransitions.xml
----------------- Instantiating /home/travis/build/icyphy/ptII/ptolemy/domains/continuous/test/auto/ImmediateTransitions.xml
9 ms. Memory: 324608K Free: 157507K (49%)
----------------- Invoking toplevel() on ptolemy.moml.MoMLSimpleApplication@1ee2973b
----------------- Done invoking toplevel() on ptolemy.moml.MoMLSimpleApplication@1ee2973b
reloadAllAccessors: .ImmediateTransitions

===========================================================================================
----------------- testing Thu Jan 30 15:22:43 UTC 2020 /home/travis/build/icyphy/ptII/ptolemy/domains/continuous/test/auto/ImpulseFeedback.xml
----------------- Instantiating /home/travis/build/icyphy/ptII/ptolemy/domains/continuous/test/auto/ImpulseFeedback.xml
6 ms. Memory: 324608K Free: 151891K (47%)
----------------- Invoking toplevel() on ptolemy.moml.MoMLSimpleApplication@7f6ce4ec
----------------- Done invoking toplevel() on ptolemy.moml.MoMLSimpleApplication@7f6ce4ec
reloadAllAccessors: .ImpulseFeedback

===========================================================================================
----------------- testing Thu Jan 30 15:22:43 UTC 2020 /home/travis/build/icyphy/ptII/ptolemy/domains/continuous/test/auto/ImpulseFeedback2.xml
----------------- Instantiating /home/travis/build/icyphy/ptII/ptolemy/domains/continuous/test/auto/ImpulseFeedback2.xml
5 ms. Memory: 324608K Free: 146257K (45%)
----------------- Invoking toplevel() on ptolemy.moml.MoMLSimpleApplication@3108e2df
----------------- Done invoking toplevel() on ptolemy.moml.MoMLSimpleApplication@3108e2df
reloadAllAccessors: .ImpulseFeedback2

===========================================================================================
----------------- testing Thu Jan 30 15:22:43 UTC 2020 /home/travis/build/icyphy/ptII/ptolemy/domains/continuous/test/auto/IncreasingRatePoisson.xml
----------------- Instantiating /home/travis/build/icyphy/ptII/ptolemy/domains/continuous/test/auto/IncreasingRatePoisson.xml
662 ms. Memory: 324608K Free: 218797K (67%)
----------------- Invoking toplevel() on ptolemy.moml.MoMLSimpleApplication@46bac756
----------------- Done invoking toplevel() on ptolemy.moml.MoMLSimpleApplication@46bac756
reloadAllAccessors: .IncreasingRatePoisson

===========================================================================================
----------------- testing Thu Jan 30 15:22:44 UTC 2020 /home/travis/build/icyphy/ptII/ptolemy/domains/continuous/test/auto/InitialStateFeedback.xml
----------------- Instantiating /home/travis/build/icyphy/ptII/ptolemy/domains/continuous/test/auto/InitialStateFeedback.xml
6 ms. Memory: 324608K Free: 214191K (66%)
----------------- Invoking toplevel() on ptolemy.moml.MoMLSimpleApplication@6a1e0ba3
----------------- Done invoking toplevel() on ptolemy.moml.MoMLSimpleApplication@6a1e0ba3
reloadAllAccessors: .InitialStateFeedback

===========================================================================================
----------------- testing Thu Jan 30 15:22:44 UTC 2020 /home/travis/build/icyphy/ptII/ptolemy/domains/continuous/test/auto/Integration.xml
----------------- Instantiating /home/travis/build/icyphy/ptII/ptolemy/domains/continuous/test/auto/Integration.xml
2 ms. Memory: 324608K Free: 210095K (65%)
----------------- Invoking toplevel() on ptolemy.moml.MoMLSimpleApplication@662c6d87
----------------- Done invoking toplevel() on ptolemy.moml.MoMLSimpleApplication@662c6d87
reloadAllAccessors: .Integration

===========================================================================================
----------------- testing Thu Jan 30 15:22:44 UTC 2020 /home/travis/build/icyphy/ptII/ptolemy/domains/continuous/test/auto/Integration2.xml
----------------- Instantiating /home/travis/build/icyphy/ptII/ptolemy/domains/continuous/test/auto/Integration2.xml
65 ms. Memory: 324608K Free: 196269K (60%)
----------------- Invoking toplevel() on ptolemy.moml.MoMLSimpleApplication@224b3a3e
----------------- Done invoking toplevel() on ptolemy.moml.MoMLSimpleApplication@224b3a3e
reloadAllAccessors: .Integration2

===========================================================================================
----------------- testing Thu Jan 30 15:22:44 UTC 2020 /home/travis/build/icyphy/ptII/ptolemy/domains/continuous/test/auto/Integration3.xml
----------------- Instantiating /home/travis/build/icyphy/ptII/ptolemy/domains/continuous/test/auto/Integration3.xml
2 ms. Memory: 324608K Free: 191663K (59%)
----------------- Invoking toplevel() on ptolemy.moml.MoMLSimpleApplication@27cecc0f
----------------- Done invoking toplevel() on ptolemy.moml.MoMLSimpleApplication@27cecc0f
reloadAllAccessors: .Integration3

===========================================================================================
----------------- testing Thu Jan 30 15:22:44 UTC 2020 /home/travis/build/icyphy/ptII/ptolemy/domains/continuous/test/auto/Integration5.xml
----------------- Instantiating /home/travis/build/icyphy/ptII/ptolemy/domains/continuous/test/auto/Integration5.xml
2 ms. Memory: 324608K Free: 187567K (58%)
----------------- Invoking toplevel() on ptolemy.moml.MoMLSimpleApplication@615e7fea
----------------- Done invoking toplevel() on ptolemy.moml.MoMLSimpleApplication@615e7fea
reloadAllAccessors: .Integration5

===========================================================================================
----------------- testing Thu Jan 30 15:22:44 UTC 2020 /home/travis/build/icyphy/ptII/ptolemy/domains/continuous/test/auto/IntegratorImpulse.xml
----------------- Instantiating /home/travis/build/icyphy/ptII/ptolemy/domains/continuous/test/auto/IntegratorImpulse.xml
2 ms. Memory: 324608K Free: 183471K (57%)
----------------- Invoking toplevel() on ptolemy.moml.MoMLSimpleApplication@63bcd21b
----------------- Done invoking toplevel() on ptolemy.moml.MoMLSimpleApplication@63bcd21b
reloadAllAccessors: .IntegratorImpulse

===========================================================================================
----------------- testing Thu Jan 30 15:22:44 UTC 2020 /home/travis/build/icyphy/ptII/ptolemy/domains/continuous/test/auto/IntegratorImpulse2.xml
----------------- Instantiating /home/travis/build/icyphy/ptII/ptolemy/domains/continuous/test/auto/IntegratorImpulse2.xml
6 ms. Memory: 324608K Free: 178861K (55%)
----------------- Invoking toplevel() on ptolemy.moml.MoMLSimpleApplication@559a9d22
----------------- Done invoking toplevel() on ptolemy.moml.MoMLSimpleApplication@559a9d22
reloadAllAccessors: .IntegratorImpulse2

===========================================================================================
----------------- testing Thu Jan 30 15:22:44 UTC 2020 /home/travis/build/icyphy/ptII/ptolemy/domains/continuous/test/auto/LevelCrossing1.xml
----------------- Instantiating /home/travis/build/icyphy/ptII/ptolemy/domains/continuous/test/auto/LevelCrossing1.xml
3 ms. Memory: 324608K Free: 173741K (54%)
----------------- Invoking toplevel() on ptolemy.moml.MoMLSimpleApplication@3be15d5
----------------- Done invoking toplevel() on ptolemy.moml.MoMLSimpleApplication@3be15d5
reloadAllAccessors: .LevelCrossing1

===========================================================================================
----------------- testing Thu Jan 30 15:22:44 UTC 2020 /home/travis/build/icyphy/ptII/ptolemy/domains/continuous/test/auto/LevelCrossing2.xml
----------------- Instantiating /home/travis/build/icyphy/ptII/ptolemy/domains/continuous/test/auto/LevelCrossing2.xml
2 ms. Memory: 324608K Free: 168615K (52%)
----------------- Invoking toplevel() on ptolemy.moml.MoMLSimpleApplication@6fe2b929
----------------- Done invoking toplevel() on ptolemy.moml.MoMLSimpleApplication@6fe2b929
reloadAllAccessors: .LevelCrossing2

===========================================================================================
----------------- testing Thu Jan 30 15:22:44 UTC 2020 /home/travis/build/icyphy/ptII/ptolemy/domains/continuous/test/auto/LevelCrossing3.xml
----------------- Instantiating /home/travis/build/icyphy/ptII/ptolemy/domains/continuous/test/auto/LevelCrossing3.xml
2 ms. Memory: 324608K Free: 163487K (50%)
----------------- Invoking toplevel() on ptolemy.moml.MoMLSimpleApplication@db740e
----------------- Done invoking toplevel() on ptolemy.moml.MoMLSimpleApplication@db740e
reloadAllAccessors: .LevelCrossing3

===========================================================================================
----------------- testing Thu Jan 30 15:22:44 UTC 2020 /home/travis/build/icyphy/ptII/ptolemy/domains/continuous/test/auto/LevelCrossing4.xml
----------------- Instantiating /home/travis/build/icyphy/ptII/ptolemy/domains/continuous/test/auto/LevelCrossing4.xml
3 ms. Memory: 324608K Free: 158381K (49%)
----------------- Invoking toplevel() on ptolemy.moml.MoMLSimpleApplication@4528791c
----------------- Done invoking toplevel() on ptolemy.moml.MoMLSimpleApplication@4528791c
reloadAllAccessors: .LevelCrossing4

===========================================================================================
----------------- testing Thu Jan 30 15:22:44 UTC 2020 /home/travis/build/icyphy/ptII/ptolemy/domains/continuous/test/auto/LevelCrossing5.xml
----------------- Instantiating /home/travis/build/icyphy/ptII/ptolemy/domains/continuous/test/auto/LevelCrossing5.xml
2 ms. Memory: 324608K Free: 153255K (47%)
----------------- Invoking toplevel() on ptolemy.moml.MoMLSimpleApplication@5d27beb8
----------------- Done invoking toplevel() on ptolemy.moml.MoMLSimpleApplication@5d27beb8
reloadAllAccessors: .LevelCrossing5

===========================================================================================
[...]
reloadAllAccessors: .ResetTransitionWithStartTime6

===========================================================================================
----------------- testing Thu Jan 30 15:23:00 UTC 2020 /home/travis/build/icyphy/ptII/ptolemy/domains/continuous/test/auto/SRinContinuous.xml
----------------- Instantiating /home/travis/build/icyphy/ptII/ptolemy/domains/continuous/test/auto/SRinContinuous.xml
4 ms. Memory: 324608K Free: 294250K (91%)
----------------- Invoking toplevel() on ptolemy.moml.MoMLSimpleApplication@95faccf
----------------- Done invoking toplevel() on ptolemy.moml.MoMLSimpleApplication@95faccf
reloadAllAccessors: .SRinContinuous

===========================================================================================
----------------- testing Thu Jan 30 15:23:00 UTC 2020 /home/travis/build/icyphy/ptII/ptolemy/domains/continuous/test/auto/SampledClocks.xml
----------------- Instantiating /home/travis/build/icyphy/ptII/ptolemy/domains/continuous/test/auto/SampledClocks.xml
6 ms. Memory: 324608K Free: 281452K (87%)
----------------- Invoking toplevel() on ptolemy.moml.MoMLSimpleApplication@40dcb418
----------------- Done invoking toplevel() on ptolemy.moml.MoMLSimpleApplication@40dcb418
reloadAllAccessors: .SampledClocks

===========================================================================================
----------------- testing Thu Jan 30 15:23:00 UTC 2020 /home/travis/build/icyphy/ptII/ptolemy/domains/continuous/test/auto/Satellite.xml
----------------- Instantiating /home/travis/build/icyphy/ptII/ptolemy/domains/continuous/test/auto/Satellite.xml
774 ms. Memory: 324608K Free: 278655K (86%)
----------------- Invoking toplevel() on ptolemy.moml.MoMLSimpleApplication@69b82580
----------------- Done invoking toplevel() on ptolemy.moml.MoMLSimpleApplication@69b82580
reloadAllAccessors: .Satellite

===========================================================================================
----------------- testing Thu Jan 30 15:23:00 UTC 2020 /home/travis/build/icyphy/ptII/ptolemy/domains/continuous/test/auto/SigmaDelta.xml
----------------- Instantiating /home/travis/build/icyphy/ptII/ptolemy/domains/continuous/test/auto/SigmaDelta.xml
1875 ms. Memory: 324608K Free: 209548K (65%)
----------------- Invoking toplevel() on ptolemy.moml.MoMLSimpleApplication@27dc5c8b
----------------- Done invoking toplevel() on ptolemy.moml.MoMLSimpleApplication@27dc5c8b
reloadAllAccessors: .SigmaDelta

===========================================================================================
----------------- testing Thu Jan 30 15:23:02 UTC 2020 /home/travis/build/icyphy/ptII/ptolemy/domains/continuous/test/auto/SingleRefinement.xml
----------------- Instantiating /home/travis/build/icyphy/ptII/ptolemy/domains/continuous/test/auto/SingleRefinement.xml
310 ms. Memory: 324608K Free: 218950K (67%)
----------------- Invoking toplevel() on ptolemy.moml.MoMLSimpleApplication@2f8c3947
----------------- Done invoking toplevel() on ptolemy.moml.MoMLSimpleApplication@2f8c3947
reloadAllAccessors: .SingleRefinement

===========================================================================================
----------------- testing Thu Jan 30 15:23:03 UTC 2020 /home/travis/build/icyphy/ptII/ptolemy/domains/continuous/test/auto/SinuBouncingBall.xml
----------------- Instantiating /home/travis/build/icyphy/ptII/ptolemy/domains/continuous/test/auto/SinuBouncingBall.xml
725 ms. Memory: 324608K Free: 194485K (60%)
----------------- Invoking toplevel() on ptolemy.moml.MoMLSimpleApplication@22c64de3
----------------- Done invoking toplevel() on ptolemy.moml.MoMLSimpleApplication@22c64de3
reloadAllAccessors: .SinuBouncingBall

===========================================================================================
----------------- testing Thu Jan 30 15:23:04 UTC 2020 /home/travis/build/icyphy/ptII/ptolemy/domains/continuous/test/auto/Sinusoid.xml
----------------- Instantiating /home/travis/build/icyphy/ptII/ptolemy/domains/continuous/test/auto/Sinusoid.xml
4 ms. Memory: 324608K Free: 189879K (58%)
----------------- Invoking toplevel() on ptolemy.moml.MoMLSimpleApplication@7c74533
----------------- Done invoking toplevel() on ptolemy.moml.MoMLSimpleApplication@7c74533
reloadAllAccessors: .Sinusoid

===========================================================================================
----------------- testing Thu Jan 30 15:23:04 UTC 2020 /home/travis/build/icyphy/ptII/ptolemy/domains/continuous/test/auto/SinusoidInNoise.xml
----------------- Instantiating /home/travis/build/icyphy/ptII/ptolemy/domains/continuous/test/auto/SinusoidInNoise.xml
768 ms. Memory: 324608K Free: 248447K (77%)
----------------- Invoking toplevel() on ptolemy.moml.MoMLSimpleApplication@796f2e5c
----------------- Done invoking toplevel() on ptolemy.moml.MoMLSimpleApplication@796f2e5c
reloadAllAccessors: .SinusoidInNoise

===========================================================================================
----------------- testing Thu Jan 30 15:23:04 UTC 2020 /home/travis/build/icyphy/ptII/ptolemy/domains/continuous/test/auto/SinusoidRK45.xml
----------------- Instantiating /home/travis/build/icyphy/ptII/ptolemy/domains/continuous/test/auto/SinusoidRK45.xml
2 ms. Memory: 324608K Free: 243841K (75%)
----------------- Invoking toplevel() on ptolemy.moml.MoMLSimpleApplication@4dbe65c9
----------------- Done invoking toplevel() on ptolemy.moml.MoMLSimpleApplication@4dbe65c9
reloadAllAccessors: .SinusoidRK45

===========================================================================================
----------------- testing Thu Jan 30 15:23:05 UTC 2020 /home/travis/build/icyphy/ptII/ptolemy/domains/continuous/test/auto/SinusoidWithMultipleImpulses.xml
----------------- Instantiating /home/travis/build/icyphy/ptII/ptolemy/domains/continuous/test/auto/SinusoidWithMultipleImpulses.xml
3 ms. Memory: 324608K Free: 239231K (74%)
----------------- Invoking toplevel() on ptolemy.moml.MoMLSimpleApplication@4ed74e89
----------------- Done invoking toplevel() on ptolemy.moml.MoMLSimpleApplication@4ed74e89
reloadAllAccessors: .SinusoidWithMultipleImpulses

===========================================================================================
----------------- testing Thu Jan 30 15:23:05 UTC 2020 /home/travis/build/icyphy/ptII/ptolemy/domains/continuous/test/auto/SquareWave.xml
----------------- Instantiating /home/travis/build/icyphy/ptII/ptolemy/domains/continuous/test/auto/SquareWave.xml
139 ms. Memory: 324608K Free: 212097K (65%)
----------------- Invoking toplevel() on ptolemy.moml.MoMLSimpleApplication@576045d8
----------------- Done invoking toplevel() on ptolemy.moml.MoMLSimpleApplication@576045d8
reloadAllAccessors: .SquareWave

===========================================================================================
----------------- testing Thu Jan 30 15:23:05 UTC 2020 /home/travis/build/icyphy/ptII/ptolemy/domains/continuous/test/auto/Starmac.xml
----------------- Instantiating /home/travis/build/icyphy/ptII/ptolemy/domains/continuous/test/auto/Starmac.xml
3038 ms. Memory: 324608K Free: 287019K (88%)
----------------- Invoking toplevel() on ptolemy.moml.MoMLSimpleApplication@47b28d5
----------------- Done invoking toplevel() on ptolemy.moml.MoMLSimpleApplication@47b28d5
reloadAllAccessors: .Starmac

===========================================================================================
----------------- testing Thu Jan 30 15:23:08 UTC 2020 /home/travis/build/icyphy/ptII/ptolemy/domains/continuous/test/auto/StaticUnits.xml
----------------- Instantiating /home/travis/build/icyphy/ptII/ptolemy/domains/continuous/test/auto/StaticUnits.xml
1634 ms. Memory: 324608K Free: 225040K (69%)
----------------- Invoking toplevel() on ptolemy.moml.MoMLSimpleApplication@2551f0e9
----------------- Done invoking toplevel() on ptolemy.moml.MoMLSimpleApplication@2551f0e9
reloadAllAccessors: .StaticUnits

===========================================================================================
----------------- testing Thu Jan 30 15:23:10 UTC 2020 /home/travis/build/icyphy/ptII/ptolemy/domains/continuous/test/auto/StickyMasses.xml
----------------- Instantiating /home/travis/build/icyphy/ptII/ptolemy/domains/continuous/test/auto/StickyMasses.xml
134 ms. Memory: 324608K Free: 175359K (54%)
----------------- Invoking toplevel() on ptolemy.moml.MoMLSimpleApplication@753ab95f
----------------- Done invoking toplevel() on ptolemy.moml.MoMLSimpleApplication@753ab95f
reloadAllAccessors: .StickyMasses

===========================================================================================
----------------- testing Thu Jan 30 15:23:10 UTC 2020 /home/travis/build/icyphy/ptII/ptolemy/domains/continuous/test/auto/StopTime.xml
----------------- Instantiating /home/travis/build/icyphy/ptII/ptolemy/domains/continuous/test/auto/StopTime.xml
37 ms. Memory: 324608K Free: 150288K (46%)
----------------- Invoking toplevel() on ptolemy.moml.MoMLSimpleApplication@64901983
----------------- Done invoking toplevel() on ptolemy.moml.MoMLSimpleApplication@64901983
reloadAllAccessors: .StopTime

===========================================================================================
----------------- testing Thu Jan 30 15:23:10 UTC 2020 /home/travis/build/icyphy/ptII/ptolemy/domains/continuous/test/auto/StopTime2.xml
----------------- Instantiating /home/travis/build/icyphy/ptII/ptolemy/domains/continuous/test/auto/StopTime2.xml
33 ms. Memory: 324608K Free: 128255K (40%)
----------------- Invoking toplevel() on ptolemy.moml.MoMLSimpleApplication@1ce892f1
----------------- Done invoking toplevel() on ptolemy.moml.MoMLSimpleApplication@1ce892f1
reloadAllAccessors: .StopTime2

===========================================================================================
----------------- testing Thu Jan 30 15:23:11 UTC 2020 /home/travis/build/icyphy/ptII/ptolemy/domains/continuous/test/auto/Switch.xml
----------------- Instantiating /home/travis/build/icyphy/ptII/ptolemy/domains/continuous/test/auto/Switch.xml
58 ms. Memory: 324608K Free: 292060K (90%)
----------------- Invoking toplevel() on ptolemy.moml.MoMLSimpleApplication@1d76abfd
----------------- Done invoking toplevel() on ptolemy.moml.MoMLSimpleApplication@1d76abfd
reloadAllAccessors: .Switch

===========================================================================================
----------------- testing Thu Jan 30 15:23:11 UTC 2020 /home/travis/build/icyphy/ptII/ptolemy/domains/continuous/test/auto/Thermostat.xml
----------------- Instantiating /home/travis/build/icyphy/ptII/ptolemy/domains/continuous/test/auto/Thermostat.xml
167 ms. Memory: 324608K Free: 219852K (68%)
----------------- Invoking toplevel() on ptolemy.moml.MoMLSimpleApplication@2eac3a2c
----------------- Done invoking toplevel() on ptolemy.moml.MoMLSimpleApplication@2eac3a2c
reloadAllAccessors: .Thermostat

===========================================================================================
----------------- testing Thu Jan 30 15:23:11 UTC 2020 /home/travis/build/icyphy/ptII/ptolemy/domains/continuous/test/auto/TimeDelay.xml
----------------- Instantiating /home/travis/build/icyphy/ptII/ptolemy/domains/continuous/test/auto/TimeDelay.xml
6 ms. Memory: 324608K Free: 215252K (66%)
----------------- Invoking toplevel() on ptolemy.moml.MoMLSimpleApplication@c849e0e
----------------- Done invoking toplevel() on ptolemy.moml.MoMLSimpleApplication@c849e0e
reloadAllAccessors: .TimeDelay

===========================================================================================
----------------- testing Thu Jan 30 15:23:11 UTC 2020 /home/travis/build/icyphy/ptII/ptolemy/domains/continuous/test/auto/TimeDelay2.xml
----------------- Instantiating /home/travis/build/icyphy/ptII/ptolemy/domains/continuous/test/auto/TimeDelay2.xml
6 ms. Memory: 324608K Free: 205012K (63%)
----------------- Invoking toplevel() on ptolemy.moml.MoMLSimpleApplication@27cdf087
----------------- Done invoking toplevel() on ptolemy.moml.MoMLSimpleApplication@27cdf087
reloadAllAccessors: .TimeDelay2

===========================================================================================
----------------- testing Thu Jan 30 15:23:11 UTC 2020 /home/travis/build/icyphy/ptII/ptolemy/domains/continuous/test/auto/TimeDelay3.xml
----------------- Instantiating /home/travis/build/icyphy/ptII/ptolemy/domains/continuous/test/auto/TimeDelay3.xml
4 ms. Memory: 324608K Free: 200393K (62%)
----------------- Invoking toplevel() on ptolemy.moml.MoMLSimpleApplication@567527bd
----------------- Done invoking toplevel() on ptolemy.moml.MoMLSimpleApplication@567527bd
reloadAllAccessors: .TimeDelay3

===========================================================================================
----------------- testing Thu Jan 30 15:23:11 UTC 2020 /home/travis/build/icyphy/ptII/ptolemy/domains/continuous/test/auto/TransferAbsentToInside.xml
----------------- Instantiating /home/travis/build/icyphy/ptII/ptolemy/domains/continuous/test/auto/TransferAbsentToInside.xml
27 ms. Memory: 324608K Free: 147668K (45%)
----------------- Invoking toplevel() on ptolemy.moml.MoMLSimpleApplication@3f96bc7e
----------------- Done invoking toplevel() on ptolemy.moml.MoMLSimpleApplication@3f96bc7e
reloadAllAccessors: .TransferAbsentToInside

===========================================================================================
----------------- testing Thu Jan 30 15:23:11 UTC 2020 /home/travis/build/icyphy/ptII/ptolemy/domains/continuous/test/auto/Transmission.xml
----------------- Instantiating /home/travis/build/icyphy/ptII/ptolemy/domains/continuous/test/auto/Transmission.xml
753 ms. Memory: 324608K Free: 293555K (90%)
----------------- Invoking toplevel() on ptolemy.moml.MoMLSimpleApplication@65d04aed
----------------- Done invoking toplevel() on ptolemy.moml.MoMLSimpleApplication@65d04aed
reloadAllAccessors: .Transmission

===========================================================================================
----------------- testing Thu Jan 30 15:23:12 UTC 2020 /home/travis/build/icyphy/ptII/ptolemy/domains/continuous/test/auto/TriggeredContinuousClock.xml
----------------- Instantiating /home/travis/build/icyphy/ptII/ptolemy/domains/continuous/test/auto/TriggeredContinuousClock.xml
33 ms. Memory: 324608K Free: 263873K (81%)
----------------- Invoking toplevel() on ptolemy.moml.MoMLSimpleApplication@e225c7d
----------------- Done invoking toplevel() on ptolemy.moml.MoMLSimpleApplication@e225c7d
reloadAllAccessors: .TriggeredContinuousClock

===========================================================================================
----------------- testing Thu Jan 30 15:23:12 UTC 2020 /home/travis/build/icyphy/ptII/ptolemy/domains/continuous/test/auto/TwoMachineInfiniteBusControl.xml
----------------- Instantiating /home/travis/build/icyphy/ptII/ptolemy/domains/continuous/test/auto/TwoMachineInfiniteBusControl.xml
2195 ms. Memory: 324608K Free: 256674K (79%)
----------------- Invoking toplevel() on ptolemy.moml.MoMLSimpleApplication@695c5c4a
----------------- Done invoking toplevel() on ptolemy.moml.MoMLSimpleApplication@695c5c4a
reloadAllAccessors: .TwoMachineInfiniteBusControl

===========================================================================================
----------------- testing Thu Jan 30 15:23:14 UTC 2020 /home/travis/build/icyphy/ptII/ptolemy/domains/continuous/test/auto/V2V.xml
----------------- Instantiating /home/travis/build/icyphy/ptII/ptolemy/domains/continuous/test/auto/V2V.xml
723 ms. Memory: 324608K Free: 257172K (79%)
----------------- Invoking toplevel() on ptolemy.moml.MoMLSimpleApplication@527104c0
----------------- Done invoking toplevel() on ptolemy.moml.MoMLSimpleApplication@527104c0
reloadAllAccessors: .V2V

===========================================================================================
----------------- testing Thu Jan 30 15:23:15 UTC 2020 /home/travis/build/icyphy/ptII/ptolemy/domains/continuous/test/auto/hierarchicalModalModel.xml
----------------- Instantiating /home/travis/build/icyphy/ptII/ptolemy/domains/continuous/test/auto/hierarchicalModalModel.xml
7 ms. Memory: 324608K Free: 242836K (75%)
----------------- Invoking toplevel() on ptolemy.moml.MoMLSimpleApplication@73769e7c
----------------- Done invoking toplevel() on ptolemy.moml.MoMLSimpleApplication@73769e7c
reloadAllAccessors: .hierarchicalModalModel

===========================================================================================
----------------- testing Thu Jan 30 15:23:15 UTC 2020 /home/travis/build/icyphy/ptII/ptolemy/domains/continuous/test/auto/hierarchicalModalModel1.xml
----------------- Instantiating /home/travis/build/icyphy/ptII/ptolemy/domains/continuous/test/auto/hierarchicalModalModel1.xml
7 ms. Memory: 324608K Free: 228500K (70%)
----------------- Invoking toplevel() on ptolemy.moml.MoMLSimpleApplication@6382cbd0
----------------- Done invoking toplevel() on ptolemy.moml.MoMLSimpleApplication@6382cbd0
reloadAllAccessors: .hierarchicalModalModel1

===========================================================================================
----------------- testing Thu Jan 30 15:23:15 UTC 2020 /home/travis/build/icyphy/ptII/ptolemy/domains/continuous/test/auto/hierarchicalModalModel2.xml
----------------- Instantiating /home/travis/build/icyphy/ptII/ptolemy/domains/continuous/test/auto/hierarchicalModalModel2.xml
6 ms. Memory: 324608K Free: 216212K (67%)
----------------- Invoking toplevel() on ptolemy.moml.MoMLSimpleApplication@54afad0c
----------------- Done invoking toplevel() on ptolemy.moml.MoMLSimpleApplication@54afad0c
reloadAllAccessors: .hierarchicalModalModel2

===========================================================================================
----------------- testing Thu Jan 30 15:23:15 UTC 2020 /home/travis/build/icyphy/ptII/ptolemy/domains/continuous/test/auto/hierarchicalModalModel3.xml
----------------- Instantiating /home/travis/build/icyphy/ptII/ptolemy/domains/continuous/test/auto/hierarchicalModalModel3.xml
5 ms. Memory: 324608K Free: 205458K (63%)
----------------- Invoking toplevel() on ptolemy.moml.MoMLSimpleApplication@5274c9ce
----------------- Done invoking toplevel() on ptolemy.moml.MoMLSimpleApplication@5274c9ce
reloadAllAccessors: .hierarchicalModalModel3

===========================================================================================
----------------- testing Thu Jan 30 15:23:15 UTC 2020 /home/travis/build/icyphy/ptII/ptolemy/domains/continuous/test/auto/hierarchicalModalModel4.xml
----------------- Instantiating /home/travis/build/icyphy/ptII/ptolemy/domains/continuous/test/auto/hierarchicalModalModel4.xml
5 ms. Memory: 324608K Free: 193684K (60%)
----------------- Invoking toplevel() on ptolemy.moml.MoMLSimpleApplication@369f22c
----------------- Done invoking toplevel() on ptolemy.moml.MoMLSimpleApplication@369f22c
reloadAllAccessors: .hierarchicalModalModel4

===========================================================================================
----------------- testing Thu Jan 30 15:23:15 UTC 2020 /home/travis/build/icyphy/ptII/ptolemy/domains/continuous/test/auto/junk.xml
----------------- Instantiating /home/travis/build/icyphy/ptII/ptolemy/domains/continuous/test/auto/junk.xml
99 ms. Memory: 324608K Free: 169108K (52%)
----------------- Invoking toplevel() on ptolemy.moml.MoMLSimpleApplication@5719af10
----------------- Done invoking toplevel() on ptolemy.moml.MoMLSimpleApplication@5719af10
reloadAllAccessors: .junk
AutoTests.java: About to close Vertx.
AutoTests.java: Vertx closed.
]]></system-out>
  <system-err><![CDATA[Warning: '.HysteresisWithRandomDelay.NonStrictTest3' The test produced only 24 tokens, yet the correctValues parameter was expecting 30 tokens.
Warning: '.Poisson.NonStrictTest' The test produced only 414 tokens, yet the correctValues parameter was expecting 430 tokens.
]]></system-err>
</testsuite>
