<?xml version="1.0" encoding="UTF-8" ?>
<testsuite errors="0" failures="0" hostname="travis-job-5d49aa00-8e89-49a6-82be-fcdd7a925a59" name="ptolemy.domains.de.test.junit.JUnitTclTest" skipped="0" tests="101" time="118.645" timestamp="2020-01-25T06:47:19">
  <properties>
[...]
</properties>
  <testcase classname="ptolemy.util.test.junit.TclTests" name="[0] /home/travis/build/icyphy/ptII/ptolemy/domains/de/test/DependencyLoop.tcl (RunTclFile)" time="0.914" />
  <testcase classname="ptolemy.util.test.junit.TclTests" name="[1] /home/travis/build/icyphy/ptII/ptolemy/domains/de/test/RunDETestsAsQSS.tcl (RunTclFile)" time="79.852" />
  <testcase classname="ptolemy.util.test.junit.AutoKnownFailedTests" name="[0] /home/travis/build/icyphy/ptII/ptolemy/domains/de/test/auto/knownFailedTests/DESDFClockTest.xml (RunModel)" time="2.063" />
  <testcase classname="ptolemy.util.test.junit.AutoKnownFailedTests" name="[1] /home/travis/build/icyphy/ptII/ptolemy/domains/de/test/auto/knownFailedTests/DirectFeedback.xml (RunModel)" time="0.021" />
  <testcase classname="ptolemy.util.test.junit.AutoKnownFailedTests" name="[2] /home/travis/build/icyphy/ptII/ptolemy/domains/de/test/auto/knownFailedTests/FSMSource.xml (RunModel)" time="0.025" />
  <testcase classname="ptolemy.util.test.junit.AutoKnownFailedTests" name="[3] /home/travis/build/icyphy/ptII/ptolemy/domains/de/test/auto/knownFailedTests/HierarchicalModel.xml (RunModel)" time="0.045" />
  <testcase classname="ptolemy.util.test.junit.AutoKnownFailedTests" name="[4] /home/travis/build/icyphy/ptII/ptolemy/domains/de/test/auto/knownFailedTests/dependencyLoop.xml (RunModel)" time="0.043" />
  <testcase classname="ptolemy.util.test.junit.AutoKnownFailedTests" name="[5] /home/travis/build/icyphy/ptII/ptolemy/domains/de/test/auto/knownFailedTests/dependencyLoop2.xml (RunModel)" time="0.039" />
  <testcase classname="ptolemy.util.test.junit.AutoNameArchTests" name="[0] ThereAreNoAutoArchTests (RunModel)" time="0.001" />
  <testcase classname="ptolemy.util.test.junit.AutoTests" name="[0] /home/travis/build/icyphy/ptII/ptolemy/domains/de/test/auto/ActorDepthCalculation_actorWithoutPorts.xml (RunModel)" time="0.018" />
  <testcase classname="ptolemy.util.test.junit.AutoTests" name="[1] /home/travis/build/icyphy/ptII/ptolemy/domains/de/test/auto/AssemblyLine.xml (RunModel)" time="0.02" />
  <testcase classname="ptolemy.util.test.junit.AutoTests" name="[2] /home/travis/build/icyphy/ptII/ptolemy/domains/de/test/auto/CQBug1.xml (RunModel)" time="0.007" />
  <testcase classname="ptolemy.util.test.junit.AutoTests" name="[3] /home/travis/build/icyphy/ptII/ptolemy/domains/de/test/auto/CancelFireAt.xml (RunModel)" time="0.012" />
  <testcase classname="ptolemy.util.test.junit.AutoTests" name="[4] /home/travis/build/icyphy/ptII/ptolemy/domains/de/test/auto/CausalityAndComposabilityAnalysis.xml (RunModel)" time="0.014" />
  <testcase classname="ptolemy.util.test.junit.AutoTests" name="[5] /home/travis/build/icyphy/ptII/ptolemy/domains/de/test/auto/CausalityInterface1.xml (RunModel)" time="0.022" />
  <testcase classname="ptolemy.util.test.junit.AutoTests" name="[6] /home/travis/build/icyphy/ptII/ptolemy/domains/de/test/auto/CausalityInterface15.xml (RunModel)" time="0.019" />
  <testcase classname="ptolemy.util.test.junit.AutoTests" name="[7] /home/travis/build/icyphy/ptII/ptolemy/domains/de/test/auto/CausalityInterface2.xml (RunModel)" time="0.015" />
  <testcase classname="ptolemy.util.test.junit.AutoTests" name="[8] /home/travis/build/icyphy/ptII/ptolemy/domains/de/test/auto/CausalityInterface3.xml (RunModel)" time="0.01" />
  <testcase classname="ptolemy.util.test.junit.AutoTests" name="[9] /home/travis/build/icyphy/ptII/ptolemy/domains/de/test/auto/ClockDrift.xml (RunModel)" time="0.035" />
  <testcase classname="ptolemy.util.test.junit.AutoTests" name="[10] /home/travis/build/icyphy/ptII/ptolemy/domains/de/test/auto/ClockDriftAndValueChange.xml (RunModel)" time="0.032" />
  <testcase classname="ptolemy.util.test.junit.AutoTests" name="[11] /home/travis/build/icyphy/ptII/ptolemy/domains/de/test/auto/ClockDriftChange.xml (RunModel)" time="0.029" />
  <testcase classname="ptolemy.util.test.junit.AutoTests" name="[12] /home/travis/build/icyphy/ptII/ptolemy/domains/de/test/auto/ComposableCausalityAnalysis.xml (RunModel)" time="0.012" />
  <testcase classname="ptolemy.util.test.junit.AutoTests" name="[13] /home/travis/build/icyphy/ptII/ptolemy/domains/de/test/auto/DEFixedPointLimitation.xml (RunModel)" time="0.008" />
  <testcase classname="ptolemy.util.test.junit.AutoTests" name="[14] /home/travis/build/icyphy/ptII/ptolemy/domains/de/test/auto/DEScheduleTest.xml (RunModel)" time="0.016" />
  <testcase classname="ptolemy.util.test.junit.AutoTests" name="[15] /home/travis/build/icyphy/ptII/ptolemy/domains/de/test/auto/DEinDEwithStartTimes.xml (RunModel)" time="0.012" />
  <testcase classname="ptolemy.util.test.junit.AutoTests" name="[16] /home/travis/build/icyphy/ptII/ptolemy/domains/de/test/auto/DEinDEwithStartTimes2.xml (RunModel)" time="0.016" />
  <testcase classname="ptolemy.util.test.junit.AutoTests" name="[17] /home/travis/build/icyphy/ptII/ptolemy/domains/de/test/auto/DateDemo.xml (RunModel)" time="0.03" />
  <testcase classname="ptolemy.util.test.junit.AutoTests" name="[18] /home/travis/build/icyphy/ptII/ptolemy/domains/de/test/auto/DateToEvent.xml (RunModel)" time="2.038" />
  <testcase classname="ptolemy.util.test.junit.AutoTests" name="[19] /home/travis/build/icyphy/ptII/ptolemy/domains/de/test/auto/DepthTest1.xml (RunModel)" time="0.008" />
  <testcase classname="ptolemy.util.test.junit.AutoTests" name="[20] /home/travis/build/icyphy/ptII/ptolemy/domains/de/test/auto/DepthTest2.xml (RunModel)" time="0.018" />
  <testcase classname="ptolemy.util.test.junit.AutoTests" name="[21] /home/travis/build/icyphy/ptII/ptolemy/domains/de/test/auto/DepthTest3.xml (RunModel)" time="0.008" />
  <testcase classname="ptolemy.util.test.junit.AutoTests" name="[22] /home/travis/build/icyphy/ptII/ptolemy/domains/de/test/auto/DepthTest4.xml (RunModel)" time="0.018" />
  <testcase classname="ptolemy.util.test.junit.AutoTests" name="[23] /home/travis/build/icyphy/ptII/ptolemy/domains/de/test/auto/DepthTest5.xml (RunModel)" time="0.02" />
  <testcase classname="ptolemy.util.test.junit.AutoTests" name="[24] /home/travis/build/icyphy/ptII/ptolemy/domains/de/test/auto/DepthTest6.xml (RunModel)" time="0.013" />
  <testcase classname="ptolemy.util.test.junit.AutoTests" name="[25] /home/travis/build/icyphy/ptII/ptolemy/domains/de/test/auto/DepthTest7.xml (RunModel)" time="0.009" />
  <testcase classname="ptolemy.util.test.junit.AutoTests" name="[26] /home/travis/build/icyphy/ptII/ptolemy/domains/de/test/auto/EventToDate.xml (RunModel)" time="3.047" />
  <testcase classname="ptolemy.util.test.junit.AutoTests" name="[27] /home/travis/build/icyphy/ptII/ptolemy/domains/de/test/auto/FSM1.xml (RunModel)" time="0.037" />
  <testcase classname="ptolemy.util.test.junit.AutoTests" name="[28] /home/travis/build/icyphy/ptII/ptolemy/domains/de/test/auto/FSM7.xml (RunModel)" time="0.044" />
  <testcase classname="ptolemy.util.test.junit.AutoTests" name="[29] /home/travis/build/icyphy/ptII/ptolemy/domains/de/test/auto/Inspection.xml (RunModel)" time="0.036" />
  <testcase classname="ptolemy.util.test.junit.AutoTests" name="[30] /home/travis/build/icyphy/ptII/ptolemy/domains/de/test/auto/Iteration.xml (RunModel)" time="0.017" />
  <testcase classname="ptolemy.util.test.junit.AutoTests" name="[31] /home/travis/build/icyphy/ptII/ptolemy/domains/de/test/auto/LineFault.xml (RunModel)" time="0.508" />
  <testcase classname="ptolemy.util.test.junit.AutoTests" name="[32] /home/travis/build/icyphy/ptII/ptolemy/domains/de/test/auto/MergeModel1Add.xml (RunModel)" time="0.047" />
  <testcase classname="ptolemy.util.test.junit.AutoTests" name="[33] /home/travis/build/icyphy/ptII/ptolemy/domains/de/test/auto/MergeModel2Add.xml (RunModel)" time="0.031" />
  <testcase classname="ptolemy.util.test.junit.AutoTests" name="[34] /home/travis/build/icyphy/ptII/ptolemy/domains/de/test/auto/MergeModel3Add.xml (RunModel)" time="0.041" />
  <testcase classname="ptolemy.util.test.junit.AutoTests" name="[35] /home/travis/build/icyphy/ptII/ptolemy/domains/de/test/auto/MergeWithoutDiscard.xml (RunModel)" time="0.01" />
  <testcase classname="ptolemy.util.test.junit.AutoTests" name="[36] /home/travis/build/icyphy/ptII/ptolemy/domains/de/test/auto/Modal1.xml (RunModel)" time="0.027" />
  <testcase classname="ptolemy.util.test.junit.AutoTests" name="[37] /home/travis/build/icyphy/ptII/ptolemy/domains/de/test/auto/Modal2.xml (RunModel)" time="0.025" />
  <testcase classname="ptolemy.util.test.junit.AutoTests" name="[38] /home/travis/build/icyphy/ptII/ptolemy/domains/de/test/auto/Modal3.xml (RunModel)" time="0.026" />
  <testcase classname="ptolemy.util.test.junit.AutoTests" name="[39] /home/travis/build/icyphy/ptII/ptolemy/domains/de/test/auto/Modal4.xml (RunModel)" time="0.026" />
  <testcase classname="ptolemy.util.test.junit.AutoTests" name="[40] /home/travis/build/icyphy/ptII/ptolemy/domains/de/test/auto/Modal5.xml (RunModel)" time="0.024" />
  <testcase classname="ptolemy.util.test.junit.AutoTests" name="[41] /home/travis/build/icyphy/ptII/ptolemy/domains/de/test/auto/Modal6.xml (RunModel)" time="0.026" />
  <testcase classname="ptolemy.util.test.junit.AutoTests" name="[42] /home/travis/build/icyphy/ptII/ptolemy/domains/de/test/auto/Modal7.xml (RunModel)" time="0.024" />
  <testcase classname="ptolemy.util.test.junit.AutoTests" name="[43] /home/travis/build/icyphy/ptII/ptolemy/domains/de/test/auto/ModalModel.xml (RunModel)" time="0.153" />
  <testcase classname="ptolemy.util.test.junit.AutoTests" name="[44] /home/travis/build/icyphy/ptII/ptolemy/domains/de/test/auto/ModalSource.xml (RunModel)" time="0.023" />
  <testcase classname="ptolemy.util.test.junit.AutoTests" name="[45] /home/travis/build/icyphy/ptII/ptolemy/domains/de/test/auto/NonInterruptibleTimerZeroDelay.xml (RunModel)" time="0.008" />
  <testcase classname="ptolemy.util.test.junit.AutoTests" name="[46] /home/travis/build/icyphy/ptII/ptolemy/domains/de/test/auto/OpenQueueingNetwork.xml (RunModel)" time="2.184" />
  <testcase classname="ptolemy.util.test.junit.AutoTests" name="[47] /home/travis/build/icyphy/ptII/ptolemy/domains/de/test/auto/OpenQueuingNetwork.xml (RunModel)" time="0.271" />
  <testcase classname="ptolemy.util.test.junit.AutoTests" name="[48] /home/travis/build/icyphy/ptII/ptolemy/domains/de/test/auto/PeriodicSampler.xml (RunModel)" time="0.008" />
  <testcase classname="ptolemy.util.test.junit.AutoTests" name="[49] /home/travis/build/icyphy/ptII/ptolemy/domains/de/test/auto/PersistentIO.xml (RunModel)" time="0.018" />
  <testcase classname="ptolemy.util.test.junit.AutoTests" name="[50] /home/travis/build/icyphy/ptII/ptolemy/domains/de/test/auto/PortParameterResetOnInitialize.xml (RunModel)" time="0.009" />
  <testcase classname="ptolemy.util.test.junit.AutoTests" name="[51] /home/travis/build/icyphy/ptII/ptolemy/domains/de/test/auto/PortParameterUpdates.xml (RunModel)" time="0.01" />
  <testcase classname="ptolemy.util.test.junit.AutoTests" name="[52] /home/travis/build/icyphy/ptII/ptolemy/domains/de/test/auto/QueueAndServer.xml (RunModel)" time="0.018" />
  <testcase classname="ptolemy.util.test.junit.AutoTests" name="[53] /home/travis/build/icyphy/ptII/ptolemy/domains/de/test/auto/Records.xml (RunModel)" time="0.013" />
  <testcase classname="ptolemy.util.test.junit.AutoTests" name="[54] /home/travis/build/icyphy/ptII/ptolemy/domains/de/test/auto/ResetTransitionWithStartTime1.xml (RunModel)" time="0.017" />
  <testcase classname="ptolemy.util.test.junit.AutoTests" name="[55] /home/travis/build/icyphy/ptII/ptolemy/domains/de/test/auto/ResetTransitionWithStartTime2.xml (RunModel)" time="0.016" />
  <testcase classname="ptolemy.util.test.junit.AutoTests" name="[56] /home/travis/build/icyphy/ptII/ptolemy/domains/de/test/auto/ResetTransitionWithStartTime3.xml (RunModel)" time="0.016" />
  <testcase classname="ptolemy.util.test.junit.AutoTests" name="[57] /home/travis/build/icyphy/ptII/ptolemy/domains/de/test/auto/ResetTransitionWithStartTime4.xml (RunModel)" time="0.016" />
  <testcase classname="ptolemy.util.test.junit.AutoTests" name="[58] /home/travis/build/icyphy/ptII/ptolemy/domains/de/test/auto/ResettableTimer1.xml (RunModel)" time="0.009" />
  <testcase classname="ptolemy.util.test.junit.AutoTests" name="[59] /home/travis/build/icyphy/ptII/ptolemy/domains/de/test/auto/ResettableTimer2.xml (RunModel)" time="0.008" />
  <testcase classname="ptolemy.util.test.junit.AutoTests" name="[60] /home/travis/build/icyphy/ptII/ptolemy/domains/de/test/auto/ResettableTimer3.xml (RunModel)" time="0.008" />
  <testcase classname="ptolemy.util.test.junit.AutoTests" name="[61] /home/travis/build/icyphy/ptII/ptolemy/domains/de/test/auto/ResettableTimer4.xml (RunModel)" time="0.008" />
  <testcase classname="ptolemy.util.test.junit.AutoTests" name="[62] /home/travis/build/icyphy/ptII/ptolemy/domains/de/test/auto/ResettableTimer5.xml (RunModel)" time="0.011" />
  <testcase classname="ptolemy.util.test.junit.AutoTests" name="[63] /home/travis/build/icyphy/ptII/ptolemy/domains/de/test/auto/ResettableTimer6.xml (RunModel)" time="0.012" />
  <testcase classname="ptolemy.util.test.junit.AutoTests" name="[64] /home/travis/build/icyphy/ptII/ptolemy/domains/de/test/auto/ServerZeroDelay.xml (RunModel)" time="0.007" />
  <testcase classname="ptolemy.util.test.junit.AutoTests" name="[65] /home/travis/build/icyphy/ptII/ptolemy/domains/de/test/auto/SmartSender.xml (RunModel)" time="3.006" />
  <testcase classname="ptolemy.util.test.junit.AutoTests" name="[66] /home/travis/build/icyphy/ptII/ptolemy/domains/de/test/auto/ThreadedComposite.xml (RunModel)" time="0.122" />
  <testcase classname="ptolemy.util.test.junit.AutoTests" name="[67] /home/travis/build/icyphy/ptII/ptolemy/domains/de/test/auto/Time.xml (RunModel)" time="0.33" />
  <testcase classname="ptolemy.util.test.junit.AutoTests" name="[68] /home/travis/build/icyphy/ptII/ptolemy/domains/de/test/auto/TimeDelayZeroDelay.xml (RunModel)" time="0.016" />
  <testcase classname="ptolemy.util.test.junit.AutoTests" name="[69] /home/travis/build/icyphy/ptII/ptolemy/domains/de/test/auto/TimerZeroDelay.xml (RunModel)" time="0.008" />
  <testcase classname="ptolemy.util.test.junit.AutoTests" name="[70] /home/travis/build/icyphy/ptII/ptolemy/domains/de/test/auto/TimingParadox.xml (RunModel)" time="0.294" />
  <testcase classname="ptolemy.util.test.junit.AutoTests" name="[71] /home/travis/build/icyphy/ptII/ptolemy/domains/de/test/auto/TransferInputs.xml (RunModel)" time="0.012" />
  <testcase classname="ptolemy.util.test.junit.AutoTests" name="[72] /home/travis/build/icyphy/ptII/ptolemy/domains/de/test/auto/TransferOutputs2.xml (RunModel)" time="0.013" />
  <testcase classname="ptolemy.util.test.junit.AutoTests" name="[73] /home/travis/build/icyphy/ptII/ptolemy/domains/de/test/auto/Trilateration.xml (RunModel)" time="10.165" />
  <testcase classname="ptolemy.util.test.junit.AutoTests" name="[74] /home/travis/build/icyphy/ptII/ptolemy/domains/de/test/auto/TwoSigmaDelta.xml (RunModel)" time="1.747" />
  <testcase classname="ptolemy.util.test.junit.AutoTests" name="[75] /home/travis/build/icyphy/ptII/ptolemy/domains/de/test/auto/VariableDelay.xml (RunModel)" time="0.013" />
  <testcase classname="ptolemy.util.test.junit.AutoTests" name="[76] /home/travis/build/icyphy/ptII/ptolemy/domains/de/test/auto/VariableDelay2.xml (RunModel)" time="0.012" />
  <testcase classname="ptolemy.util.test.junit.AutoTests" name="[77] /home/travis/build/icyphy/ptII/ptolemy/domains/de/test/auto/VariableDelayZeroDelay.xml (RunModel)" time="0.015" />
  <testcase classname="ptolemy.util.test.junit.AutoTests" name="[78] /home/travis/build/icyphy/ptII/ptolemy/domains/de/test/auto/VariableDelayZeroDelay2.xml (RunModel)" time="0.008" />
  <testcase classname="ptolemy.util.test.junit.AutoTests" name="[79] /home/travis/build/icyphy/ptII/ptolemy/domains/de/test/auto/deInCt.xml (RunModel)" time="0.015" />
  <testcase classname="ptolemy.util.test.junit.AutoTests" name="[80] /home/travis/build/icyphy/ptII/ptolemy/domains/de/test/auto/deInCt2.xml (RunModel)" time="0.012" />
  <testcase classname="ptolemy.util.test.junit.AutoTests" name="[81] /home/travis/build/icyphy/ptII/ptolemy/domains/de/test/auto/dynamicCausalityInterface1.xml (RunModel)" time="0.015" />
  <testcase classname="ptolemy.util.test.junit.AutoTests" name="[82] /home/travis/build/icyphy/ptII/ptolemy/domains/de/test/auto/fsm_de_test.xml (RunModel)" time="0.024" />
  <testcase classname="ptolemy.util.test.junit.AutoTests" name="[83] /home/travis/build/icyphy/ptII/ptolemy/domains/de/test/auto/functionDependencyReconstruction.xml (RunModel)" time="0.039" />
  <testcase classname="ptolemy.util.test.junit.AutoTests" name="[84] /home/travis/build/icyphy/ptII/ptolemy/domains/de/test/auto/multirate.xml (RunModel)" time="0.014" />
  <testcase classname="ptolemy.util.test.junit.AutoTests" name="[85] /home/travis/build/icyphy/ptII/ptolemy/domains/de/test/auto/multirate2.xml (RunModel)" time="0.014" />
  <testcase classname="ptolemy.util.test.junit.AutoTests" name="[86] /home/travis/build/icyphy/ptII/ptolemy/domains/de/test/auto/realtime.xml (RunModel)" time="10.012" />
  <testcase classname="ptolemy.util.test.junit.AutoTests" name="[87] /home/travis/build/icyphy/ptII/ptolemy/domains/de/test/auto/relationGroup.xml (RunModel)" time="0.007" />
  <testcase classname="ptolemy.util.test.junit.AutoTests" name="[88] /home/travis/build/icyphy/ptII/ptolemy/domains/de/test/auto/relationGroup2.xml (RunModel)" time="0.005" />
  <testcase classname="ptolemy.util.test.junit.AutoTests" name="[89] /home/travis/build/icyphy/ptII/ptolemy/domains/de/test/auto/sortWithOpaquePorts.xml (RunModel)" time="0.007" />
  <testcase classname="ptolemy.util.test.junit.AutoTests" name="[90] /home/travis/build/icyphy/ptII/ptolemy/domains/de/test/auto/transferInputsandOutputs.xml (RunModel)" time="0.03" />
  <testcase classname="ptolemy.util.test.junit.AutoTests" name="[91] /home/travis/build/icyphy/ptII/ptolemy/domains/de/test/auto/triggerType.xml (RunModel)" time="0.021" />
  <system-out><![CDATA[/home/travis/build/icyphy/ptII/ptolemy/domains/de/test/DependencyLoop.tcl
testDefs.tcl: setting time out to 9000 seconds at Sat Jan 25 06:47:19 UTC 2020
67 ms. Memory: 129024K Free: 79302K (61%)
23 ms. Memory: 129024K Free: 61887K (48%)
/home/travis/build/icyphy/ptII/ptolemy/domains/de/test/RunDETestsAsQSS.tcl
Run the DE tests using ptolemy.domains.qss.test.QSSDirectorTest, which extends QSSDirector and prints a message in the constructors.
------------------ testing $PTII/ptolemy/domains/de/test/auto/knownFailedTests/DirectFeedback.xml (Known Failure) 
50 ms. Memory: 129024K Free: 55750K (43%)


==== $PTIIhome/travis/build/icyphy/ptII/ptolemy/domains/de/test/../../../../: Auto Automatic test in file $PTII/ptolemy/domains/de/test/auto/knownFailedTests/DirectFeedback.xml
==== Contents of test case:

	    # FIXME: we should use $relativeFilename here, but it
	    # might have backslashes under Windows, which causes no end
	    # of trouble.
	    createAndExecute $file
	    list {}
	
.... Test generated KNOWN error:
    while executing
ptolemy.kernel.util.IllegalActionException: Test fails in iteration 1.
Value was: 1.0. Should have been: 2.0
  in .DirectFeedback.Test
	at ptolemy.actor.lib.Test.fire(Test.java:268)
	at ptolemy.domains.de.kernel.DEDirector._fire(DEDirector.java:1949)
	at ptolemy.domains.de.kernel.DEDirector.fire(DEDirector.java:502)
	at ptolemy.actor.CompositeActor.fire(CompositeActor.java:455)
	at ptolemy.actor.Manager.iterate(Manager.java:851)
	at ptolemy.actor.Manager.execute(Manager.java:369)
	at ptolemy.actor.Manager.run(Manager.java:1263)
	at ptolemy.actor.Manager$PtolemyRunThread.run(Manager.java:1933)

    while executing
ptolemy.kernel.util.IllegalActionException: Test fails in iteration 1.
Value was: 1.0. Should have been: 2.0
  in .DirectFeedback.Test
    while executing
"java::new ptolemy.moml.MoMLSimpleApplication $file
"
    (procedure "createAndExecute" line 2)
    invoked from within
"createAndExecute $file"
    ("uplevel" body line 5)
    invoked from within
"uplevel $contents_of_test"
------------------ testing $PTII/ptolemy/domains/de/test/auto/knownFailedTests/dependencyLoop.xml (Known Failure) 
16 ms. Memory: 129024K Free: 52678K (41%)


==== $PTIIhome/travis/build/icyphy/ptII/ptolemy/domains/de/test/../../../../: Auto Automatic test in file $PTII/ptolemy/domains/de/test/auto/knownFailedTests/dependencyLoop.xml
==== Contents of test case:

	    # FIXME: we should use $relativeFilename here, but it
	    # might have backslashes under Windows, which causes no end
	    # of trouble.
	    createAndExecute $file
	    list {}
	
.... Test generated KNOWN error:
    while executing
ptolemy.kernel.util.IllegalActionException: Found a zero delay loop containing .dependencyLoop.original
  in .dependencyLoop and .dependencyLoop.original
	at ptolemy.actor.util.CausalityInterfaceForComposites._computeOutputPortDepth(CausalityInterfaceForComposites.java:759)
	at ptolemy.actor.util.CausalityInterfaceForComposites._computeInputDepth(CausalityInterfaceForComposites.java:696)
	at ptolemy.actor.util.CausalityInterfaceForComposites._computeOutputPortDepth(CausalityInterfaceForComposites.java:765)
	at ptolemy.actor.util.CausalityInterfaceForComposites._computeInputDepth(CausalityInterfaceForComposites.java:696)
	at ptolemy.actor.util.CausalityInterfaceForComposites._computeOutputPortDepth(CausalityInterfaceForComposites.java:765)
	at ptolemy.actor.util.CausalityInterfaceForComposites._computeInputDepth(CausalityInterfaceForComposites.java:696)
	at ptolemy.actor.util.CausalityInterfaceForComposites._computeActorDepth(CausalityInterfaceForComposites.java:532)
	at ptolemy.actor.util.CausalityInterfaceForComposites.checkForCycles(CausalityInterfaceForComposites.java:96)
	at ptolemy.domains.de.kernel.DEDirector.preinitialize(DEDirector.java:1338)
	at ptolemy.actor.CompositeActor.preinitialize(CompositeActor.java:1828)
	at ptolemy.actor.Manager.preinitializeAndResolveTypes(Manager.java:1040)
	at ptolemy.actor.Manager.initialize(Manager.java:710)
	at ptolemy.actor.Manager.execute(Manager.java:356)
	at ptolemy.actor.Manager.run(Manager.java:1263)
	at ptolemy.actor.Manager$PtolemyRunThread.run(Manager.java:1933)

    while executing
ptolemy.kernel.util.IllegalActionException: Found a zero delay loop containing .dependencyLoop.original
  in .dependencyLoop and .dependencyLoop.original
    while executing
"java::new ptolemy.moml.MoMLSimpleApplication $file
"
    (procedure "createAndExecute" line 2)
    invoked from within
"createAndExecute $file"
    ("uplevel" body line 5)
    invoked from within
"uplevel $contents_of_test"
------------------ testing $PTII/ptolemy/domains/de/test/auto/knownFailedTests/FSMSource.xml (Known Failure) 
53 ms. Memory: 129024K Free: 110942K (86%)
!!!! Auto was marked as failing, but now passes
------------------ testing $PTII/ptolemy/domains/de/test/auto/knownFailedTests/HierarchicalModel.xml (Known Failure) 
9 ms. Memory: 129024K Free: 93534K (72%)


==== $PTIIhome/travis/build/icyphy/ptII/ptolemy/domains/de/test/../../../../: Auto Automatic test in file $PTII/ptolemy/domains/de/test/auto/knownFailedTests/HierarchicalModel.xml
==== Contents of test case:

	    # FIXME: we should use $relativeFilename here, but it
	    # might have backslashes under Windows, which causes no end
	    # of trouble.
	    createAndExecute $file
	    list {}
	
.... Test generated KNOWN error:
    while executing
ptolemy.kernel.util.IllegalActionException: Found a zero delay loop containing .HierarchicalModel.A
  in .HierarchicalModel and .HierarchicalModel.A
	at ptolemy.actor.util.CausalityInterfaceForComposites._computeOutputPortDepth(CausalityInterfaceForComposites.java:759)
	at ptolemy.actor.util.CausalityInterfaceForComposites._computeInputDepth(CausalityInterfaceForComposites.java:696)
	at ptolemy.actor.util.CausalityInterfaceForComposites._computeOutputPortDepth(CausalityInterfaceForComposites.java:765)
	at ptolemy.actor.util.CausalityInterfaceForComposites._computeInputDepth(CausalityInterfaceForComposites.java:696)
	at ptolemy.actor.util.CausalityInterfaceForComposites._computeOutputPortDepth(CausalityInterfaceForComposites.java:765)
	at ptolemy.actor.util.CausalityInterfaceForComposites._computeInputDepth(CausalityInterfaceForComposites.java:696)
	at ptolemy.actor.util.CausalityInterfaceForComposites._computeActorDepth(CausalityInterfaceForComposites.java:532)
	at ptolemy.actor.util.CausalityInterfaceForComposites.checkForCycles(CausalityInterfaceForComposites.java:96)
	at ptolemy.domains.de.kernel.DEDirector.preinitialize(DEDirector.java:1338)
	at ptolemy.actor.CompositeActor.preinitialize(CompositeActor.java:1828)
	at ptolemy.actor.Manager.preinitializeAndResolveTypes(Manager.java:1040)
	at ptolemy.actor.Manager.initialize(Manager.java:710)
	at ptolemy.actor.Manager.execute(Manager.java:356)
	at ptolemy.actor.Manager.run(Manager.java:1263)
	at ptolemy.actor.Manager$PtolemyRunThread.run(Manager.java:1933)

    while executing
ptolemy.kernel.util.IllegalActionException: Found a zero delay loop containing .HierarchicalModel.A
  in .HierarchicalModel and .HierarchicalModel.A
    while executing
"java::new ptolemy.moml.MoMLSimpleApplication $file
"
    (procedure "createAndExecute" line 2)
    invoked from within
"createAndExecute $file"
    ("uplevel" body line 5)
    invoked from within
"uplevel $contents_of_test"
------------------ testing $PTII/ptolemy/domains/de/test/auto/knownFailedTests/dependencyLoop2.xml (Known Failure) 
11 ms. Memory: 129024K Free: 77459K (60%)


==== $PTIIhome/travis/build/icyphy/ptII/ptolemy/domains/de/test/../../../../: Auto Automatic test in file $PTII/ptolemy/domains/de/test/auto/knownFailedTests/dependencyLoop2.xml
==== Contents of test case:

	    # FIXME: we should use $relativeFilename here, but it
	    # might have backslashes under Windows, which causes no end
	    # of trouble.
	    createAndExecute $file
	    list {}
	
.... Test generated KNOWN error:
    while executing
ptolemy.kernel.util.IllegalActionException: Found a zero delay loop containing .dependencyLoop2.original
  in .dependencyLoop2 and .dependencyLoop2.original
	at ptolemy.actor.util.CausalityInterfaceForComposites._computeOutputPortDepth(CausalityInterfaceForComposites.java:759)
	at ptolemy.actor.util.CausalityInterfaceForComposites._computeInputDepth(CausalityInterfaceForComposites.java:696)
	at ptolemy.actor.util.CausalityInterfaceForComposites._computeOutputPortDepth(CausalityInterfaceForComposites.java:765)
	at ptolemy.actor.util.CausalityInterfaceForComposites._computeInputDepth(CausalityInterfaceForComposites.java:696)
	at ptolemy.actor.util.CausalityInterfaceForComposites._computeOutputPortDepth(CausalityInterfaceForComposites.java:765)
	at ptolemy.actor.util.CausalityInterfaceForComposites._computeInputDepth(CausalityInterfaceForComposites.java:696)
	at ptolemy.actor.util.CausalityInterfaceForComposites._computeActorDepth(CausalityInterfaceForComposites.java:532)
	at ptolemy.actor.util.CausalityInterfaceForComposites.checkForCycles(CausalityInterfaceForComposites.java:96)
	at ptolemy.domains.de.kernel.DEDirector.preinitialize(DEDirector.java:1338)
	at ptolemy.actor.CompositeActor.preinitialize(CompositeActor.java:1828)
	at ptolemy.actor.Manager.preinitializeAndResolveTypes(Manager.java:1040)
	at ptolemy.actor.Manager.initialize(Manager.java:710)
	at ptolemy.actor.Manager.execute(Manager.java:356)
	at ptolemy.actor.Manager.run(Manager.java:1263)
	at ptolemy.actor.Manager$PtolemyRunThread.run(Manager.java:1933)

    while executing
ptolemy.kernel.util.IllegalActionException: Found a zero delay loop containing .dependencyLoop2.original
  in .dependencyLoop2 and .dependencyLoop2.original
    while executing
"java::new ptolemy.moml.MoMLSimpleApplication $file
"
    (procedure "createAndExecute" line 2)
    invoked from within
"createAndExecute $file"
    ("uplevel" body line 5)
    invoked from within
"uplevel $contents_of_test"
------------------ testing $PTII/ptolemy/domains/de/test/auto/knownFailedTests/DESDFClockTest.xml (Known Failure) 
2060 ms. Memory: 129024K Free: 108321K (84%)


==== $PTIIhome/travis/build/icyphy/ptII/ptolemy/domains/de/test/../../../../: Auto Automatic test in file $PTII/ptolemy/domains/de/test/auto/knownFailedTests/DESDFClockTest.xml
==== Contents of test case:

	    # FIXME: we should use $relativeFilename here, but it
	    # might have backslashes under Windows, which causes no end
	    # of trouble.
	    createAndExecute $file
	    list {}
	
.... Test generated KNOWN error:
    while executing
ptolemy.kernel.util.IllegalActionException: Actor is not ready to fire.  Perhaps UpSample.prefire() returned false? Try debugging the actor by selecting "Listen to Actor".  Also, for SDF check moml for tokenConsumptionRate on input.
  in .DESDFClockTest.Play Bell.Copy1:SDF Director and .DESDFClockTest.Play Bell.UpSample
	at ptolemy.actor.sched.StaticSchedulingDirector.fire(StaticSchedulingDirector.java:227)
	at ptolemy.domains.sdf.kernel.SDFDirector.fire(SDFDirector.java:500)
	at ptolemy.actor.CompositeActor.fire(CompositeActor.java:455)
	at ptolemy.domains.de.kernel.DEDirector._fire(DEDirector.java:1949)
	at ptolemy.domains.de.kernel.DEDirector.fire(DEDirector.java:502)
	at ptolemy.actor.CompositeActor.fire(CompositeActor.java:455)
	at ptolemy.actor.Manager.iterate(Manager.java:851)
	at ptolemy.actor.Manager.execute(Manager.java:369)
	at ptolemy.actor.Manager.run(Manager.java:1263)
	at ptolemy.actor.Manager$PtolemyRunThread.run(Manager.java:1933)

    while executing
ptolemy.kernel.util.IllegalActionException: Actor is not ready to fire.  Perhaps UpSample.prefire() returned false? Try debugging the actor by selecting "Listen to Actor".  Also, for SDF check moml for tokenConsumptionRate on input.
  in .DESDFClockTest.Play Bell.Copy1:SDF Director and .DESDFClockTest.Play Bell.UpSample
    while executing
"java::new ptolemy.moml.MoMLSimpleApplication $file
"
    (procedure "createAndExecute" line 2)
    invoked from within
"createAndExecute $file"
    ("uplevel" body line 5)
    invoked from within
"uplevel $contents_of_test"
------------------ testing $PTII/ptolemy/domains/de/test/auto/ActorDepthCalculation_actorWithoutPorts.xml
auto.tcl: Setting watchdog for 200 seconds at Sat Jan 25 06:47:23 UTC 2020
4 ms. Memory: 129024K Free: 101153K (78%)
ptolemy.util.test.WatchDog.cancel(): canceling Sat Jan 25 06:47:23 UTC 2020
auto.tcl: Setting watchdog for 200 seconds at Sat Jan 25 06:47:23 UTC 2020
4 ms. Memory: 129024K Free: 99359K (77%)
ptolemy.util.test.WatchDog.cancel(): canceling Sat Jan 25 06:47:23 UTC 2020
------------------ testing $PTII/ptolemy/domains/de/test/auto/AssemblyLine.xml
auto.tcl: Setting watchdog for 200 seconds at Sat Jan 25 06:47:23 UTC 2020
10 ms. Memory: 51200K Free: 28061K (55%)
ptolemy.util.test.WatchDog.cancel(): canceling Sat Jan 25 06:47:23 UTC 2020
auto.tcl: Setting watchdog for 200 seconds at Sat Jan 25 06:47:23 UTC 2020
6 ms. Memory: 51200K Free: 27300K (53%)
ptolemy.util.test.WatchDog.cancel(): canceling Sat Jan 25 06:47:23 UTC 2020
------------------ testing $PTII/ptolemy/domains/de/test/auto/CQBug1.xml
auto.tcl: Setting watchdog for 200 seconds at Sat Jan 25 06:47:23 UTC 2020
3 ms. Memory: 51200K Free: 33422K (65%)
ptolemy.util.test.WatchDog.cancel(): canceling Sat Jan 25 06:47:23 UTC 2020
auto.tcl: Setting watchdog for 200 seconds at Sat Jan 25 06:47:23 UTC 2020
2 ms. Memory: 51200K Free: 32839K (64%)
ptolemy.util.test.WatchDog.cancel(): canceling Sat Jan 25 06:47:23 UTC 2020
------------------ testing $PTII/ptolemy/domains/de/test/auto/CancelFireAt.xml
auto.tcl: Setting watchdog for 200 seconds at Sat Jan 25 06:47:23 UTC 2020
4 ms. Memory: 48128K Free: 31733K (66%)
ptolemy.util.test.WatchDog.cancel(): canceling Sat Jan 25 06:47:24 UTC 2020
auto.tcl: Setting watchdog for 200 seconds at Sat Jan 25 06:47:24 UTC 2020
2 ms. Memory: 48128K Free: 31292K (65%)
ptolemy.util.test.WatchDog.cancel(): canceling Sat Jan 25 06:47:24 UTC 2020
------------------ testing $PTII/ptolemy/domains/de/test/auto/CausalityAndComposabilityAnalysis.xml
auto.tcl: Setting watchdog for 200 seconds at Sat Jan 25 06:47:24 UTC 2020
9 ms. Memory: 48128K Free: 29763K (62%)
ptolemy.util.test.WatchDog.cancel(): canceling Sat Jan 25 06:47:24 UTC 2020
auto.tcl: Setting watchdog for 200 seconds at Sat Jan 25 06:47:24 UTC 2020
4 ms. Memory: 48128K Free: 28905K (60%)
ptolemy.util.test.WatchDog.cancel(): canceling Sat Jan 25 06:47:24 UTC 2020
------------------ testing $PTII/ptolemy/domains/de/test/auto/CausalityInterface1.xml
auto.tcl: Setting watchdog for 200 seconds at Sat Jan 25 06:47:24 UTC 2020
13 ms. Memory: 48128K Free: 28370K (59%)
ptolemy.util.test.WatchDog.cancel(): canceling Sat Jan 25 06:47:24 UTC 2020
auto.tcl: Setting watchdog for 200 seconds at Sat Jan 25 06:47:24 UTC 2020
3 ms. Memory: 48128K Free: 27387K (57%)
ptolemy.util.test.WatchDog.cancel(): canceling Sat Jan 25 06:47:24 UTC 2020
------------------ testing $PTII/ptolemy/domains/de/test/auto/CausalityInterface15.xml
auto.tcl: Setting watchdog for 200 seconds at Sat Jan 25 06:47:24 UTC 2020
5 ms. Memory: 48128K Free: 28276K (59%)
ptolemy.util.test.WatchDog.cancel(): canceling Sat Jan 25 06:47:24 UTC 2020
auto.tcl: Setting watchdog for 200 seconds at Sat Jan 25 06:47:24 UTC 2020
3 ms. Memory: 48128K Free: 27318K (57%)
ptolemy.util.test.WatchDog.cancel(): canceling Sat Jan 25 06:47:24 UTC 2020
------------------ testing $PTII/ptolemy/domains/de/test/auto/CausalityInterface2.xml
auto.tcl: Setting watchdog for 200 seconds at Sat Jan 25 06:47:24 UTC 2020
3 ms. Memory: 48128K Free: 29063K (60%)
ptolemy.util.test.WatchDog.cancel(): canceling Sat Jan 25 06:47:24 UTC 2020
auto.tcl: Setting watchdog for 200 seconds at Sat Jan 25 06:47:24 UTC 2020
5 ms. Memory: 48128K Free: 27931K (58%)
ptolemy.util.test.WatchDog.cancel(): canceling Sat Jan 25 06:47:24 UTC 2020
------------------ testing $PTII/ptolemy/domains/de/test/auto/CausalityInterface3.xml
auto.tcl: Setting watchdog for 200 seconds at Sat Jan 25 06:47:24 UTC 2020
3 ms. Memory: 48128K Free: 28546K (59%)
ptolemy.util.test.WatchDog.cancel(): canceling Sat Jan 25 06:47:24 UTC 2020
auto.tcl: Setting watchdog for 200 seconds at Sat Jan 25 06:47:24 UTC 2020
2 ms. Memory: 48128K Free: 27760K (58%)
ptolemy.util.test.WatchDog.cancel(): canceling Sat Jan 25 06:47:24 UTC 2020
------------------ testing $PTII/ptolemy/domains/de/test/auto/ClockDrift.xml
auto.tcl: Setting watchdog for 200 seconds at Sat Jan 25 06:47:24 UTC 2020
74 ms. Memory: 48128K Free: 21109K (44%)
ptolemy.util.test.WatchDog.cancel(): canceling Sat Jan 25 06:47:24 UTC 2020
auto.tcl: Setting watchdog for 200 seconds at Sat Jan 25 06:47:24 UTC 2020
49 ms. Memory: 48128K Free: 17662K (37%)
ptolemy.util.test.WatchDog.cancel(): canceling Sat Jan 25 06:47:24 UTC 2020
------------------ testing $PTII/ptolemy/domains/de/test/auto/ClockDriftAndValueChange.xml
auto.tcl: Setting watchdog for 200 seconds at Sat Jan 25 06:47:24 UTC 2020
29 ms. Memory: 48128K Free: 21211K (44%)
ptolemy.util.test.WatchDog.cancel(): canceling Sat Jan 25 06:47:24 UTC 2020
auto.tcl: Setting watchdog for 200 seconds at Sat Jan 25 06:47:24 UTC 2020
14 ms. Memory: 48128K Free: 18377K (38%)
ptolemy.util.test.WatchDog.cancel(): canceling Sat Jan 25 06:47:24 UTC 2020
------------------ testing $PTII/ptolemy/domains/de/test/auto/ClockDriftChange.xml
auto.tcl: Setting watchdog for 200 seconds at Sat Jan 25 06:47:24 UTC 2020
15 ms. Memory: 48128K Free: 23260K (48%)
ptolemy.util.test.WatchDog.cancel(): canceling Sat Jan 25 06:47:24 UTC 2020
auto.tcl: Setting watchdog for 200 seconds at Sat Jan 25 06:47:24 UTC 2020
23 ms. Memory: 48128K Free: 20679K (43%)
ptolemy.util.test.WatchDog.cancel(): canceling Sat Jan 25 06:47:24 UTC 2020
------------------ testing $PTII/ptolemy/domains/de/test/auto/ComposableCausalityAnalysis.xml
auto.tcl: Setting watchdog for 200 seconds at Sat Jan 25 06:47:24 UTC 2020
2 ms. Memory: 48128K Free: 27909K (58%)
ptolemy.util.test.WatchDog.cancel(): canceling Sat Jan 25 06:47:24 UTC 2020
auto.tcl: Setting watchdog for 200 seconds at Sat Jan 25 06:47:24 UTC 2020
4 ms. Memory: 48128K Free: 26862K (56%)
ptolemy.util.test.WatchDog.cancel(): canceling Sat Jan 25 06:47:24 UTC 2020
------------------ testing $PTII/ptolemy/domains/de/test/auto/DEFixedPointLimitation.xml
auto.tcl: Setting watchdog for 200 seconds at Sat Jan 25 06:47:24 UTC 2020
3 ms. Memory: 48128K Free: 29236K (61%)
ptolemy.util.test.WatchDog.cancel(): canceling Sat Jan 25 06:47:24 UTC 2020
auto.tcl: Setting watchdog for 200 seconds at Sat Jan 25 06:47:24 UTC 2020
2 ms. Memory: 48128K Free: 28306K (59%)
ptolemy.util.test.WatchDog.cancel(): canceling Sat Jan 25 06:47:24 UTC 2020
------------------ testing $PTII/ptolemy/domains/de/test/auto/DEScheduleTest.xml
auto.tcl: Setting watchdog for 200 seconds at Sat Jan 25 06:47:24 UTC 2020
9 ms. Memory: 48128K Free: 29535K (61%)
ptolemy.util.test.WatchDog.cancel(): canceling Sat Jan 25 06:47:25 UTC 2020
auto.tcl: Setting watchdog for 200 seconds at Sat Jan 25 06:47:25 UTC 2020
3 ms. Memory: 48128K Free: 28771K (60%)
ptolemy.util.test.WatchDog.cancel(): canceling Sat Jan 25 06:47:25 UTC 2020
------------------ testing $PTII/ptolemy/domains/de/test/auto/DEinDEwithStartTimes.xml
auto.tcl: Setting watchdog for 200 seconds at Sat Jan 25 06:47:25 UTC 2020
4 ms. Memory: 48128K Free: 27698K (58%)
ptolemy.util.test.WatchDog.cancel(): canceling Sat Jan 25 06:47:25 UTC 2020
auto.tcl: Setting watchdog for 200 seconds at Sat Jan 25 06:47:25 UTC 2020
3 ms. Memory: 48128K Free: 26674K (55%)
ptolemy.util.test.WatchDog.cancel(): canceling Sat Jan 25 06:47:25 UTC 2020
------------------ testing $PTII/ptolemy/domains/de/test/auto/DEinDEwithStartTimes2.xml
auto.tcl: Setting watchdog for 200 seconds at Sat Jan 25 06:47:25 UTC 2020
6 ms. Memory: 48128K Free: 26925K (56%)
ptolemy.util.test.WatchDog.cancel(): canceling Sat Jan 25 06:47:25 UTC 2020
auto.tcl: Setting watchdog for 200 seconds at Sat Jan 25 06:47:25 UTC 2020
3 ms. Memory: 48128K Free: 25629K (53%)
ptolemy.util.test.WatchDog.cancel(): canceling Sat Jan 25 06:47:25 UTC 2020
------------------ testing $PTII/ptolemy/domains/de/test/auto/DateDemo.xml
auto.tcl: Setting watchdog for 200 seconds at Sat Jan 25 06:47:25 UTC 2020
15 ms. Memory: 48128K Free: 21272K (44%)
ptolemy.util.test.WatchDog.cancel(): canceling Sat Jan 25 06:47:25 UTC 2020
auto.tcl: Setting watchdog for 200 seconds at Sat Jan 25 06:47:25 UTC 2020
8 ms. Memory: 48128K Free: 19684K (41%)
ptolemy.util.test.WatchDog.cancel(): canceling Sat Jan 25 06:47:25 UTC 2020
------------------ testing $PTII/ptolemy/domains/de/test/auto/DateToEvent.xml
auto.tcl: Setting watchdog for 200 seconds at Sat Jan 25 06:47:25 UTC 2020
2008 ms. Memory: 48128K Free: 16966K (35%)
ptolemy.util.test.WatchDog.cancel(): canceling Sat Jan 25 06:47:27 UTC 2020
auto.tcl: Setting watchdog for 200 seconds at Sat Jan 25 06:47:27 UTC 2020
2004 ms. Memory: 48128K Free: 16222K (34%)
ptolemy.util.test.WatchDog.cancel(): canceling Sat Jan 25 06:47:29 UTC 2020
------------------ testing $PTII/ptolemy/domains/de/test/auto/DepthTest1.xml
auto.tcl: Setting watchdog for 200 seconds at Sat Jan 25 06:47:29 UTC 2020
2 ms. Memory: 48128K Free: 30339K (63%)
ptolemy.util.test.WatchDog.cancel(): canceling Sat Jan 25 06:47:29 UTC 2020
auto.tcl: Setting watchdog for 200 seconds at Sat Jan 25 06:47:29 UTC 2020
1 ms. Memory: 48128K Free: 29957K (62%)
ptolemy.util.test.WatchDog.cancel(): canceling Sat Jan 25 06:47:29 UTC 2020
------------------ testing $PTII/ptolemy/domains/de/test/auto/DepthTest2.xml
auto.tcl: Setting watchdog for 200 seconds at Sat Jan 25 06:47:29 UTC 2020
7 ms. Memory: 48128K Free: 27165K (56%)
ptolemy.util.test.WatchDog.cancel(): canceling Sat Jan 25 06:47:29 UTC 2020
auto.tcl: Setting watchdog for 200 seconds at Sat Jan 25 06:47:29 UTC 2020
2 ms. Memory: 48128K Free: 26268K (55%)
ptolemy.util.test.WatchDog.cancel(): canceling Sat Jan 25 06:47:29 UTC 2020
------------------ testing $PTII/ptolemy/domains/de/test/auto/DepthTest3.xml
auto.tcl: Setting watchdog for 200 seconds at Sat Jan 25 06:47:29 UTC 2020
2 ms. Memory: 48128K Free: 30669K (64%)
ptolemy.util.test.WatchDog.cancel(): canceling Sat Jan 25 06:47:29 UTC 2020
auto.tcl: Setting watchdog for 200 seconds at Sat Jan 25 06:47:29 UTC 2020
2 ms. Memory: 48128K Free: 30256K (63%)
ptolemy.util.test.WatchDog.cancel(): canceling Sat Jan 25 06:47:29 UTC 2020
------------------ testing $PTII/ptolemy/domains/de/test/auto/DepthTest4.xml
auto.tcl: Setting watchdog for 200 seconds at Sat Jan 25 06:47:29 UTC 2020
4 ms. Memory: 48128K Free: 28703K (60%)
ptolemy.util.test.WatchDog.cancel(): canceling Sat Jan 25 06:47:29 UTC 2020
auto.tcl: Setting watchdog for 200 seconds at Sat Jan 25 06:47:29 UTC 2020
2 ms. Memory: 48128K Free: 28299K (59%)
ptolemy.util.test.WatchDog.cancel(): canceling Sat Jan 25 06:47:29 UTC 2020
------------------ testing $PTII/ptolemy/domains/de/test/auto/DepthTest5.xml
auto.tcl: Setting watchdog for 200 seconds at Sat Jan 25 06:47:29 UTC 2020
3 ms. Memory: 48128K Free: 28402K (59%)
ptolemy.util.test.WatchDog.cancel(): canceling Sat Jan 25 06:47:29 UTC 2020
auto.tcl: Setting watchdog for 200 seconds at Sat Jan 25 06:47:29 UTC 2020
3 ms. Memory: 48128K Free: 27630K (57%)
ptolemy.util.test.WatchDog.cancel(): canceling Sat Jan 25 06:47:29 UTC 2020
------------------ testing $PTII/ptolemy/domains/de/test/auto/DepthTest6.xml
auto.tcl: Setting watchdog for 200 seconds at Sat Jan 25 06:47:29 UTC 2020
4 ms. Memory: 48128K Free: 28136K (58%)
ptolemy.util.test.WatchDog.cancel(): canceling Sat Jan 25 06:47:29 UTC 2020
auto.tcl: Setting watchdog for 200 seconds at Sat Jan 25 06:47:29 UTC 2020
2 ms. Memory: 48128K Free: 27723K (58%)
ptolemy.util.test.WatchDog.cancel(): canceling Sat Jan 25 06:47:29 UTC 2020
------------------ testing $PTII/ptolemy/domains/de/test/auto/DepthTest7.xml
auto.tcl: Setting watchdog for 200 seconds at Sat Jan 25 06:47:29 UTC 2020
4 ms. Memory: 48128K Free: 28944K (60%)
ptolemy.util.test.WatchDog.cancel(): canceling Sat Jan 25 06:47:29 UTC 2020
auto.tcl: Setting watchdog for 200 seconds at Sat Jan 25 06:47:29 UTC 2020
2 ms. Memory: 48128K Free: 28229K (59%)
ptolemy.util.test.WatchDog.cancel(): canceling Sat Jan 25 06:47:29 UTC 2020
------------------ testing $PTII/ptolemy/domains/de/test/auto/EventToDate.xml
auto.tcl: Setting watchdog for 200 seconds at Sat Jan 25 06:47:29 UTC 2020
3007 ms. Memory: 48128K Free: 19734K (41%)
ptolemy.util.test.WatchDog.cancel(): canceling Sat Jan 25 06:47:32 UTC 2020
auto.tcl: Setting watchdog for 200 seconds at Sat Jan 25 06:47:32 UTC 2020
3004 ms. Memory: 48128K Free: 19033K (40%)
ptolemy.util.test.WatchDog.cancel(): canceling Sat Jan 25 06:47:35 UTC 2020
------------------ testing $PTII/ptolemy/domains/de/test/auto/FSM1.xml
auto.tcl: Setting watchdog for 200 seconds at Sat Jan 25 06:47:35 UTC 2020
27 ms. Memory: 48128K Free: 20945K (44%)
ptolemy.util.test.WatchDog.cancel(): canceling Sat Jan 25 06:47:36 UTC 2020
auto.tcl: Setting watchdog for 200 seconds at Sat Jan 25 06:47:36 UTC 2020
19 ms. Memory: 48128K Free: 17680K (37%)
ptolemy.util.test.WatchDog.cancel(): canceling Sat Jan 25 06:47:36 UTC 2020
------------------ testing $PTII/ptolemy/domains/de/test/auto/FSM7.xml
auto.tcl: Setting watchdog for 200 seconds at Sat Jan 25 06:47:36 UTC 2020
23 ms. Memory: 48128K Free: 20633K (43%)
ptolemy.util.test.WatchDog.cancel(): canceling Sat Jan 25 06:47:36 UTC 2020
auto.tcl: Setting watchdog for 200 seconds at Sat Jan 25 06:47:36 UTC 2020
23 ms. Memory: 48128K Free: 17470K (36%)
ptolemy.util.test.WatchDog.cancel(): canceling Sat Jan 25 06:47:36 UTC 2020
------------------ testing $PTII/ptolemy/domains/de/test/auto/Inspection.xml
auto.tcl: Setting watchdog for 200 seconds at Sat Jan 25 06:47:36 UTC 2020
25 ms. Memory: 48128K Free: 20681K (43%)
ptolemy.util.test.WatchDog.cancel(): canceling Sat Jan 25 06:47:36 UTC 2020
auto.tcl: Setting watchdog for 200 seconds at Sat Jan 25 06:47:36 UTC 2020
26 ms. Memory: 48128K Free: 18943K (39%)
ptolemy.util.test.WatchDog.cancel(): canceling Sat Jan 25 06:47:36 UTC 2020
------------------ testing $PTII/ptolemy/domains/de/test/auto/Iteration.xml
auto.tcl: Setting watchdog for 200 seconds at Sat Jan 25 06:47:36 UTC 2020
6 ms. Memory: 48128K Free: 26394K (55%)
ptolemy.util.test.WatchDog.cancel(): canceling Sat Jan 25 06:47:36 UTC 2020
auto.tcl: Setting watchdog for 200 seconds at Sat Jan 25 06:47:36 UTC 2020
6 ms. Memory: 48128K Free: 24998K (52%)
ptolemy.util.test.WatchDog.cancel(): canceling Sat Jan 25 06:47:36 UTC 2020
------------------ testing $PTII/ptolemy/domains/de/test/auto/LineFault.xml
auto.tcl: Setting watchdog for 200 seconds at Sat Jan 25 06:47:36 UTC 2020
586 ms. Memory: 48128K Free: 23365K (49%)
ptolemy.util.test.WatchDog.cancel(): canceling Sat Jan 25 06:47:37 UTC 2020
auto.tcl: Setting watchdog for 200 seconds at Sat Jan 25 06:47:37 UTC 2020
508 ms. Memory: 59392K Free: 20451K (34%)
ptolemy.util.test.WatchDog.cancel(): canceling Sat Jan 25 06:47:37 UTC 2020
------------------ testing $PTII/ptolemy/domains/de/test/auto/MergeModel1Add.xml
auto.tcl: Setting watchdog for 200 seconds at Sat Jan 25 06:47:37 UTC 2020
14 ms. Memory: 58368K Free: 22321K (38%)
ptolemy.util.test.WatchDog.cancel(): canceling Sat Jan 25 06:47:37 UTC 2020
auto.tcl: Setting watchdog for 200 seconds at Sat Jan 25 06:47:37 UTC 2020
9 ms. Memory: 58368K Free: 20649K (35%)
ptolemy.util.test.WatchDog.cancel(): canceling Sat Jan 25 06:47:37 UTC 2020
------------------ testing $PTII/ptolemy/domains/de/test/auto/MergeModel2Add.xml
auto.tcl: Setting watchdog for 200 seconds at Sat Jan 25 06:47:37 UTC 2020
10 ms. Memory: 55296K Free: 21072K (38%)
ptolemy.util.test.WatchDog.cancel(): canceling Sat Jan 25 06:47:38 UTC 2020
auto.tcl: Setting watchdog for 200 seconds at Sat Jan 25 06:47:38 UTC 2020
8 ms. Memory: 55296K Free: 19335K (35%)
ptolemy.util.test.WatchDog.cancel(): canceling Sat Jan 25 06:47:38 UTC 2020
------------------ testing $PTII/ptolemy/domains/de/test/auto/MergeModel3Add.xml
auto.tcl: Setting watchdog for 200 seconds at Sat Jan 25 06:47:38 UTC 2020
9 ms. Memory: 55296K Free: 21319K (39%)
ptolemy.util.test.WatchDog.cancel(): canceling Sat Jan 25 06:47:38 UTC 2020
auto.tcl: Setting watchdog for 200 seconds at Sat Jan 25 06:47:38 UTC 2020
10 ms. Memory: 55296K Free: 19786K (36%)
ptolemy.util.test.WatchDog.cancel(): canceling Sat Jan 25 06:47:38 UTC 2020
------------------ testing $PTII/ptolemy/domains/de/test/auto/MergeWithoutDiscard.xml
auto.tcl: Setting watchdog for 200 seconds at Sat Jan 25 06:47:38 UTC 2020
2 ms. Memory: 55296K Free: 35843K (65%)
ptolemy.util.test.WatchDog.cancel(): canceling Sat Jan 25 06:47:38 UTC 2020
auto.tcl: Setting watchdog for 200 seconds at Sat Jan 25 06:47:38 UTC 2020
1 ms. Memory: 55296K Free: 35407K (64%)
ptolemy.util.test.WatchDog.cancel(): canceling Sat Jan 25 06:47:38 UTC 2020
------------------ testing $PTII/ptolemy/domains/de/test/auto/Modal1.xml
auto.tcl: Setting watchdog for 200 seconds at Sat Jan 25 06:47:38 UTC 2020
10 ms. Memory: 51200K Free: 23695K (46%)
ptolemy.util.test.WatchDog.cancel(): canceling Sat Jan 25 06:47:38 UTC 2020
auto.tcl: Setting watchdog for 200 seconds at Sat Jan 25 06:47:38 UTC 2020
15 ms. Memory: 51200K Free: 20244K (40%)
ptolemy.util.test.WatchDog.cancel(): canceling Sat Jan 25 06:47:38 UTC 2020
------------------ testing $PTII/ptolemy/domains/de/test/auto/Modal2.xml
auto.tcl: Setting watchdog for 200 seconds at Sat Jan 25 06:47:38 UTC 2020
10 ms. Memory: 51200K Free: 23816K (47%)
ptolemy.util.test.WatchDog.cancel(): canceling Sat Jan 25 06:47:38 UTC 2020
auto.tcl: Setting watchdog for 200 seconds at Sat Jan 25 06:47:38 UTC 2020
12 ms. Memory: 51200K Free: 20598K (40%)
ptolemy.util.test.WatchDog.cancel(): canceling Sat Jan 25 06:47:38 UTC 2020
------------------ testing $PTII/ptolemy/domains/de/test/auto/Modal3.xml
auto.tcl: Setting watchdog for 200 seconds at Sat Jan 25 06:47:38 UTC 2020
9 ms. Memory: 51200K Free: 23358K (46%)
ptolemy.util.test.WatchDog.cancel(): canceling Sat Jan 25 06:47:38 UTC 2020
auto.tcl: Setting watchdog for 200 seconds at Sat Jan 25 06:47:38 UTC 2020
12 ms. Memory: 51200K Free: 20224K (40%)
ptolemy.util.test.WatchDog.cancel(): canceling Sat Jan 25 06:47:38 UTC 2020
------------------ testing $PTII/ptolemy/domains/de/test/auto/Modal4.xml
auto.tcl: Setting watchdog for 200 seconds at Sat Jan 25 06:47:38 UTC 2020
25 ms. Memory: 51200K Free: 22802K (45%)
ptolemy.util.test.WatchDog.cancel(): canceling Sat Jan 25 06:47:38 UTC 2020
auto.tcl: Setting watchdog for 200 seconds at Sat Jan 25 06:47:38 UTC 2020
19 ms. Memory: 51200K Free: 18943K (37%)
ptolemy.util.test.WatchDog.cancel(): canceling Sat Jan 25 06:47:38 UTC 2020
------------------ testing $PTII/ptolemy/domains/de/test/auto/Modal5.xml
auto.tcl: Setting watchdog for 200 seconds at Sat Jan 25 06:47:38 UTC 2020
13 ms. Memory: 51200K Free: 22788K (45%)
ptolemy.util.test.WatchDog.cancel(): canceling Sat Jan 25 06:47:38 UTC 2020
auto.tcl: Setting watchdog for 200 seconds at Sat Jan 25 06:47:38 UTC 2020
13 ms. Memory: 51200K Free: 18930K (37%)
ptolemy.util.test.WatchDog.cancel(): canceling Sat Jan 25 06:47:38 UTC 2020
------------------ testing $PTII/ptolemy/domains/de/test/auto/Modal6.xml
auto.tcl: Setting watchdog for 200 seconds at Sat Jan 25 06:47:38 UTC 2020
11 ms. Memory: 51200K Free: 23575K (46%)
ptolemy.util.test.WatchDog.cancel(): canceling Sat Jan 25 06:47:38 UTC 2020
auto.tcl: Setting watchdog for 200 seconds at Sat Jan 25 06:47:38 UTC 2020
13 ms. Memory: 51200K Free: 19587K (38%)
ptolemy.util.test.WatchDog.cancel(): canceling Sat Jan 25 06:47:38 UTC 2020
------------------ testing $PTII/ptolemy/domains/de/test/auto/Modal7.xml
auto.tcl: Setting watchdog for 200 seconds at Sat Jan 25 06:47:38 UTC 2020
13 ms. Memory: 51200K Free: 22530K (44%)
ptolemy.util.test.WatchDog.cancel(): canceling Sat Jan 25 06:47:38 UTC 2020
auto.tcl: Setting watchdog for 200 seconds at Sat Jan 25 06:47:38 UTC 2020
10 ms. Memory: 51200K Free: 19177K (37%)
ptolemy.util.test.WatchDog.cancel(): canceling Sat Jan 25 06:47:38 UTC 2020
------------------ testing $PTII/ptolemy/domains/de/test/auto/ModalModel.xml
auto.tcl: Setting watchdog for 200 seconds at Sat Jan 25 06:47:38 UTC 2020
212 ms. Memory: 51200K Free: 13305K (26%)
ptolemy.util.test.WatchDog.cancel(): canceling Sat Jan 25 06:47:39 UTC 2020
auto.tcl: Setting watchdog for 200 seconds at Sat Jan 25 06:47:39 UTC 2020
217 ms. Memory: 64512K Free: 45236K (70%)
ptolemy.util.test.WatchDog.cancel(): canceling Sat Jan 25 06:47:39 UTC 2020
------------------ testing $PTII/ptolemy/domains/de/test/auto/ModalSource.xml
auto.tcl: Setting watchdog for 200 seconds at Sat Jan 25 06:47:39 UTC 2020
6 ms. Memory: 55296K Free: 31699K (57%)
ptolemy.util.test.WatchDog.cancel(): canceling Sat Jan 25 06:47:39 UTC 2020
auto.tcl: Setting watchdog for 200 seconds at Sat Jan 25 06:47:39 UTC 2020
6 ms. Memory: 55296K Free: 29651K (54%)
ptolemy.util.test.WatchDog.cancel(): canceling Sat Jan 25 06:47:39 UTC 2020
------------------ testing $PTII/ptolemy/domains/de/test/auto/NonInterruptibleTimerZeroDelay.xml
auto.tcl: Setting watchdog for 200 seconds at Sat Jan 25 06:47:39 UTC 2020
2 ms. Memory: 51200K Free: 32537K (64%)
ptolemy.util.test.WatchDog.cancel(): canceling Sat Jan 25 06:47:39 UTC 2020
auto.tcl: Setting watchdog for 200 seconds at Sat Jan 25 06:47:39 UTC 2020
2 ms. Memory: 51200K Free: 31895K (62%)
ptolemy.util.test.WatchDog.cancel(): canceling Sat Jan 25 06:47:39 UTC 2020
------------------ testing $PTII/ptolemy/domains/de/test/auto/OpenQueueingNetwork.xml
auto.tcl: Setting watchdog for 200 seconds at Sat Jan 25 06:47:39 UTC 2020
2876 ms. Memory: 118784K Free: 49094K (41%)
ptolemy.util.test.WatchDog.cancel(): canceling Sat Jan 25 06:47:42 UTC 2020
auto.tcl: Setting watchdog for 200 seconds at Sat Jan 25 06:47:42 UTC 2020
2149 ms. Memory: 143360K Free: 42849K (30%)
ptolemy.util.test.WatchDog.cancel(): canceling Sat Jan 25 06:47:44 UTC 2020
------------------ testing $PTII/ptolemy/domains/de/test/auto/OpenQueuingNetwork.xml
auto.tcl: Setting watchdog for 200 seconds at Sat Jan 25 06:47:44 UTC 2020
258 ms. Memory: 58368K Free: 30717K (53%)
ptolemy.util.test.WatchDog.cancel(): canceling Sat Jan 25 06:47:45 UTC 2020
auto.tcl: Setting watchdog for 200 seconds at Sat Jan 25 06:47:45 UTC 2020
252 ms. Memory: 58368K Free: 11129K (19%)
ptolemy.util.test.WatchDog.cancel(): canceling Sat Jan 25 06:47:45 UTC 2020
------------------ testing $PTII/ptolemy/domains/de/test/auto/PeriodicSampler.xml
auto.tcl: Setting watchdog for 200 seconds at Sat Jan 25 06:47:45 UTC 2020
2 ms. Memory: 55296K Free: 35836K (65%)
ptolemy.util.test.WatchDog.cancel(): canceling Sat Jan 25 06:47:45 UTC 2020
auto.tcl: Setting watchdog for 200 seconds at Sat Jan 25 06:47:45 UTC 2020
1 ms. Memory: 55296K Free: 35308K (64%)
ptolemy.util.test.WatchDog.cancel(): canceling Sat Jan 25 06:47:45 UTC 2020
------------------ testing $PTII/ptolemy/domains/de/test/auto/PersistentIO.xml
auto.tcl: Setting watchdog for 200 seconds at Sat Jan 25 06:47:45 UTC 2020
16 ms. Memory: 51200K Free: 26665K (52%)
ptolemy.util.test.WatchDog.cancel(): canceling Sat Jan 25 06:47:45 UTC 2020
auto.tcl: Setting watchdog for 200 seconds at Sat Jan 25 06:47:45 UTC 2020
4 ms. Memory: 51200K Free: 25145K (49%)
ptolemy.util.test.WatchDog.cancel(): canceling Sat Jan 25 06:47:45 UTC 2020
------------------ testing $PTII/ptolemy/domains/de/test/auto/PortParameterResetOnInitialize.xml
auto.tcl: Setting watchdog for 200 seconds at Sat Jan 25 06:47:45 UTC 2020
2 ms. Memory: 51200K Free: 31657K (62%)
ptolemy.util.test.WatchDog.cancel(): canceling Sat Jan 25 06:47:45 UTC 2020
auto.tcl: Setting watchdog for 200 seconds at Sat Jan 25 06:47:45 UTC 2020
2 ms. Memory: 51200K Free: 31153K (61%)
ptolemy.util.test.WatchDog.cancel(): canceling Sat Jan 25 06:47:45 UTC 2020
------------------ testing $PTII/ptolemy/domains/de/test/auto/PortParameterUpdates.xml
auto.tcl: Setting watchdog for 200 seconds at Sat Jan 25 06:47:45 UTC 2020
4 ms. Memory: 51200K Free: 29733K (58%)
ptolemy.util.test.WatchDog.cancel(): canceling Sat Jan 25 06:47:45 UTC 2020
auto.tcl: Setting watchdog for 200 seconds at Sat Jan 25 06:47:45 UTC 2020
5 ms. Memory: 51200K Free: 28734K (56%)
ptolemy.util.test.WatchDog.cancel(): canceling Sat Jan 25 06:47:45 UTC 2020
------------------ testing $PTII/ptolemy/domains/de/test/auto/QueueAndServer.xml
auto.tcl: Setting watchdog for 200 seconds at Sat Jan 25 06:47:45 UTC 2020
6 ms. Memory: 51200K Free: 28625K (56%)
ptolemy.util.test.WatchDog.cancel(): canceling Sat Jan 25 06:47:45 UTC 2020
auto.tcl: Setting watchdog for 200 seconds at Sat Jan 25 06:47:45 UTC 2020
5 ms. Memory: 51200K Free: 27153K (53%)
ptolemy.util.test.WatchDog.cancel(): canceling Sat Jan 25 06:47:45 UTC 2020
------------------ testing $PTII/ptolemy/domains/de/test/auto/Records.xml
auto.tcl: Setting watchdog for 200 seconds at Sat Jan 25 06:47:45 UTC 2020
5 ms. Memory: 51200K Free: 30902K (60%)
ptolemy.util.test.WatchDog.cancel(): canceling Sat Jan 25 06:47:45 UTC 2020
auto.tcl: Setting watchdog for 200 seconds at Sat Jan 25 06:47:45 UTC 2020
2 ms. Memory: 51200K Free: 30388K (59%)
ptolemy.util.test.WatchDog.cancel(): canceling Sat Jan 25 06:47:45 UTC 2020
------------------ testing $PTII/ptolemy/domains/de/test/auto/ResetTransitionWithStartTime1.xml
auto.tcl: Setting watchdog for 200 seconds at Sat Jan 25 06:47:45 UTC 2020
10 ms. Memory: 51200K Free: 28148K (55%)
ptolemy.util.test.WatchDog.cancel(): canceling Sat Jan 25 06:47:45 UTC 2020
auto.tcl: Setting watchdog for 200 seconds at Sat Jan 25 06:47:45 UTC 2020
4 ms. Memory: 51200K Free: 26100K (51%)
ptolemy.util.test.WatchDog.cancel(): canceling Sat Jan 25 06:47:45 UTC 2020
------------------ testing $PTII/ptolemy/domains/de/test/auto/ResetTransitionWithStartTime2.xml
auto.tcl: Setting watchdog for 200 seconds at Sat Jan 25 06:47:45 UTC 2020
5 ms. Memory: 51200K Free: 28104K (55%)
ptolemy.util.test.WatchDog.cancel(): canceling Sat Jan 25 06:47:45 UTC 2020
auto.tcl: Setting watchdog for 200 seconds at Sat Jan 25 06:47:45 UTC 2020
6 ms. Memory: 51200K Free: 26061K (51%)
ptolemy.util.test.WatchDog.cancel(): canceling Sat Jan 25 06:47:45 UTC 2020
------------------ testing $PTII/ptolemy/domains/de/test/auto/ResetTransitionWithStartTime3.xml
auto.tcl: Setting watchdog for 200 seconds at Sat Jan 25 06:47:45 UTC 2020
8 ms. Memory: 51200K Free: 28140K (55%)
ptolemy.util.test.WatchDog.cancel(): canceling Sat Jan 25 06:47:45 UTC 2020
auto.tcl: Setting watchdog for 200 seconds at Sat Jan 25 06:47:45 UTC 2020
5 ms. Memory: 51200K Free: 26055K (51%)
ptolemy.util.test.WatchDog.cancel(): canceling Sat Jan 25 06:47:45 UTC 2020
------------------ testing $PTII/ptolemy/domains/de/test/auto/ResetTransitionWithStartTime4.xml
auto.tcl: Setting watchdog for 200 seconds at Sat Jan 25 06:47:45 UTC 2020
6 ms. Memory: 51200K Free: 28527K (56%)
ptolemy.util.test.WatchDog.cancel(): canceling Sat Jan 25 06:47:45 UTC 2020
auto.tcl: Setting watchdog for 200 seconds at Sat Jan 25 06:47:45 UTC 2020
3 ms. Memory: 51200K Free: 27077K (53%)
ptolemy.util.test.WatchDog.cancel(): canceling Sat Jan 25 06:47:45 UTC 2020
------------------ testing $PTII/ptolemy/domains/de/test/auto/ResettableTimer1.xml
auto.tcl: Setting watchdog for 200 seconds at Sat Jan 25 06:47:46 UTC 2020
3 ms. Memory: 51200K Free: 32317K (63%)
ptolemy.util.test.WatchDog.cancel(): canceling Sat Jan 25 06:47:46 UTC 2020
auto.tcl: Setting watchdog for 200 seconds at Sat Jan 25 06:47:46 UTC 2020
1 ms. Memory: 51200K Free: 31666K (62%)
ptolemy.util.test.WatchDog.cancel(): canceling Sat Jan 25 06:47:46 UTC 2020
------------------ testing $PTII/ptolemy/domains/de/test/auto/ResettableTimer2.xml
auto.tcl: Setting watchdog for 200 seconds at Sat Jan 25 06:47:46 UTC 2020
4 ms. Memory: 51200K Free: 32335K (63%)
ptolemy.util.test.WatchDog.cancel(): canceling Sat Jan 25 06:47:46 UTC 2020
auto.tcl: Setting watchdog for 200 seconds at Sat Jan 25 06:47:46 UTC 2020
2 ms. Memory: 51200K Free: 31716K (62%)
ptolemy.util.test.WatchDog.cancel(): canceling Sat Jan 25 06:47:46 UTC 2020
------------------ testing $PTII/ptolemy/domains/de/test/auto/ResettableTimer3.xml
auto.tcl: Setting watchdog for 200 seconds at Sat Jan 25 06:47:46 UTC 2020
1 ms. Memory: 51200K Free: 32731K (64%)
ptolemy.util.test.WatchDog.cancel(): canceling Sat Jan 25 06:47:46 UTC 2020
auto.tcl: Setting watchdog for 200 seconds at Sat Jan 25 06:47:46 UTC 2020
1 ms. Memory: 51200K Free: 32235K (63%)
ptolemy.util.test.WatchDog.cancel(): canceling Sat Jan 25 06:47:46 UTC 2020
------------------ testing $PTII/ptolemy/domains/de/test/auto/ResettableTimer4.xml
auto.tcl: Setting watchdog for 200 seconds at Sat Jan 25 06:47:46 UTC 2020
1 ms. Memory: 51200K Free: 32248K (63%)
ptolemy.util.test.WatchDog.cancel(): canceling Sat Jan 25 06:47:46 UTC 2020
auto.tcl: Setting watchdog for 200 seconds at Sat Jan 25 06:47:46 UTC 2020
1 ms. Memory: 51200K Free: 31749K (62%)
ptolemy.util.test.WatchDog.cancel(): canceling Sat Jan 25 06:47:46 UTC 2020
------------------ testing $PTII/ptolemy/domains/de/test/auto/ResettableTimer5.xml
auto.tcl: Setting watchdog for 200 seconds at Sat Jan 25 06:47:46 UTC 2020
1 ms. Memory: 51200K Free: 31733K (62%)
ptolemy.util.test.WatchDog.cancel(): canceling Sat Jan 25 06:47:46 UTC 2020
auto.tcl: Setting watchdog for 200 seconds at Sat Jan 25 06:47:46 UTC 2020
1 ms. Memory: 51200K Free: 31223K (61%)
ptolemy.util.test.WatchDog.cancel(): canceling Sat Jan 25 06:47:46 UTC 2020
------------------ testing $PTII/ptolemy/domains/de/test/auto/ResettableTimer6.xml
auto.tcl: Setting watchdog for 200 seconds at Sat Jan 25 06:47:46 UTC 2020
2 ms. Memory: 51200K Free: 31723K (62%)
ptolemy.util.test.WatchDog.cancel(): canceling Sat Jan 25 06:47:46 UTC 2020
auto.tcl: Setting watchdog for 200 seconds at Sat Jan 25 06:47:46 UTC 2020
1 ms. Memory: 51200K Free: 31213K (61%)
ptolemy.util.test.WatchDog.cancel(): canceling Sat Jan 25 06:47:46 UTC 2020
------------------ testing $PTII/ptolemy/domains/de/test/auto/ServerZeroDelay.xml
auto.tcl: Setting watchdog for 200 seconds at Sat Jan 25 06:47:46 UTC 2020
2 ms. Memory: 51200K Free: 32229K (63%)
ptolemy.util.test.WatchDog.cancel(): canceling Sat Jan 25 06:47:46 UTC 2020
auto.tcl: Setting watchdog for 200 seconds at Sat Jan 25 06:47:46 UTC 2020
2 ms. Memory: 51200K Free: 31205K (61%)
ptolemy.util.test.WatchDog.cancel(): canceling Sat Jan 25 06:47:46 UTC 2020
------------------ testing $PTII/ptolemy/domains/de/test/auto/SmartSender.xml
auto.tcl: Setting watchdog for 200 seconds at Sat Jan 25 06:47:46 UTC 2020
3001 ms. Memory: 51200K Free: 31709K (62%)
ptolemy.util.test.WatchDog.cancel(): canceling Sat Jan 25 06:47:49 UTC 2020
auto.tcl: Setting watchdog for 200 seconds at Sat Jan 25 06:47:49 UTC 2020
3002 ms. Memory: 51200K Free: 31199K (61%)
ptolemy.util.test.WatchDog.cancel(): canceling Sat Jan 25 06:47:52 UTC 2020
------------------ testing $PTII/ptolemy/domains/de/test/auto/ThreadedComposite.xml
auto.tcl: Setting watchdog for 200 seconds at Sat Jan 25 06:47:52 UTC 2020
140 ms. Memory: 51200K Free: 13804K (27%)
ptolemy.util.test.WatchDog.cancel(): canceling Sat Jan 25 06:47:52 UTC 2020
auto.tcl: Setting watchdog for 200 seconds at Sat Jan 25 06:47:52 UTC 2020
104 ms. Memory: 51200K Free: 30811K (60%)
ptolemy.util.test.WatchDog.cancel(): canceling Sat Jan 25 06:47:52 UTC 2020
------------------ testing $PTII/ptolemy/domains/de/test/auto/Time.xml
auto.tcl: Setting watchdog for 200 seconds at Sat Jan 25 06:47:52 UTC 2020
425 ms. Memory: 51200K Free: 7845K (15%)
ptolemy.util.test.WatchDog.cancel(): canceling Sat Jan 25 06:47:53 UTC 2020
auto.tcl: Setting watchdog for 200 seconds at Sat Jan 25 06:47:53 UTC 2020
392 ms. Memory: 51200K Free: 11693K (23%)
ptolemy.util.test.WatchDog.cancel(): canceling Sat Jan 25 06:47:53 UTC 2020
------------------ testing $PTII/ptolemy/domains/de/test/auto/TimeDelayZeroDelay.xml
auto.tcl: Setting watchdog for 200 seconds at Sat Jan 25 06:47:53 UTC 2020
2 ms. Memory: 51200K Free: 32151K (63%)
ptolemy.util.test.WatchDog.cancel(): canceling Sat Jan 25 06:47:53 UTC 2020
auto.tcl: Setting watchdog for 200 seconds at Sat Jan 25 06:47:53 UTC 2020
1 ms. Memory: 51200K Free: 31288K (61%)
ptolemy.util.test.WatchDog.cancel(): canceling Sat Jan 25 06:47:53 UTC 2020
------------------ testing $PTII/ptolemy/domains/de/test/auto/TimerZeroDelay.xml
auto.tcl: Setting watchdog for 200 seconds at Sat Jan 25 06:47:53 UTC 2020
3 ms. Memory: 51200K Free: 32503K (63%)
ptolemy.util.test.WatchDog.cancel(): canceling Sat Jan 25 06:47:53 UTC 2020
auto.tcl: Setting watchdog for 200 seconds at Sat Jan 25 06:47:53 UTC 2020
2 ms. Memory: 51200K Free: 31738K (62%)
ptolemy.util.test.WatchDog.cancel(): canceling Sat Jan 25 06:47:53 UTC 2020
------------------ testing $PTII/ptolemy/domains/de/test/auto/TimingParadox.xml
auto.tcl: Setting watchdog for 200 seconds at Sat Jan 25 06:47:53 UTC 2020
285 ms. Memory: 61440K Free: 35115K (57%)
ptolemy.util.test.WatchDog.cancel(): canceling Sat Jan 25 06:47:54 UTC 2020
auto.tcl: Setting watchdog for 200 seconds at Sat Jan 25 06:47:54 UTC 2020
287 ms. Memory: 61440K Free: 32169K (52%)
ptolemy.util.test.WatchDog.cancel(): canceling Sat Jan 25 06:47:54 UTC 2020
------------------ testing $PTII/ptolemy/domains/de/test/auto/TransferInputs.xml
auto.tcl: Setting watchdog for 200 seconds at Sat Jan 25 06:47:54 UTC 2020
8 ms. Memory: 55296K Free: 34765K (63%)
ptolemy.util.test.WatchDog.cancel(): canceling Sat Jan 25 06:47:54 UTC 2020
auto.tcl: Setting watchdog for 200 seconds at Sat Jan 25 06:47:54 UTC 2020
2 ms. Memory: 55296K Free: 33846K (61%)
ptolemy.util.test.WatchDog.cancel(): canceling Sat Jan 25 06:47:54 UTC 2020
------------------ testing $PTII/ptolemy/domains/de/test/auto/TransferOutputs2.xml
auto.tcl: Setting watchdog for 200 seconds at Sat Jan 25 06:47:54 UTC 2020
3 ms. Memory: 55296K Free: 32200K (58%)
ptolemy.util.test.WatchDog.cancel(): canceling Sat Jan 25 06:47:54 UTC 2020
auto.tcl: Setting watchdog for 200 seconds at Sat Jan 25 06:47:54 UTC 2020
2 ms. Memory: 55296K Free: 30791K (56%)
ptolemy.util.test.WatchDog.cancel(): canceling Sat Jan 25 06:47:54 UTC 2020
------------------ testing $PTII/ptolemy/domains/de/test/auto/Trilateration.xml
auto.tcl: Setting watchdog for 200 seconds at Sat Jan 25 06:47:54 UTC 2020
11120 ms. Memory: 457728K Free: 243422K (53%)
ptolemy.util.test.WatchDog.cancel(): canceling Sat Jan 25 06:48:06 UTC 2020
auto.tcl: Setting watchdog for 200 seconds at Sat Jan 25 06:48:06 UTC 2020
8561 ms. Memory: 457728K Free: 335283K (73%)
ptolemy.util.test.WatchDog.cancel(): canceling Sat Jan 25 06:48:15 UTC 2020
------------------ testing $PTII/ptolemy/domains/de/test/auto/TwoSigmaDelta.xml
auto.tcl: Setting watchdog for 200 seconds at Sat Jan 25 06:48:15 UTC 2020
2183 ms. Memory: 92160K Free: 43112K (47%)
ptolemy.util.test.WatchDog.cancel(): canceling Sat Jan 25 06:48:17 UTC 2020
auto.tcl: Setting watchdog for 200 seconds at Sat Jan 25 06:48:17 UTC 2020
1685 ms. Memory: 92160K Free: 48776K (53%)
ptolemy.util.test.WatchDog.cancel(): canceling Sat Jan 25 06:48:19 UTC 2020
------------------ testing $PTII/ptolemy/domains/de/test/auto/VariableDelay.xml
auto.tcl: Setting watchdog for 200 seconds at Sat Jan 25 06:48:19 UTC 2020
2 ms. Memory: 55296K Free: 35247K (64%)
ptolemy.util.test.WatchDog.cancel(): canceling Sat Jan 25 06:48:19 UTC 2020
auto.tcl: Setting watchdog for 200 seconds at Sat Jan 25 06:48:19 UTC 2020
1 ms. Memory: 55296K Free: 34231K (62%)
ptolemy.util.test.WatchDog.cancel(): canceling Sat Jan 25 06:48:19 UTC 2020
------------------ testing $PTII/ptolemy/domains/de/test/auto/VariableDelay2.xml
auto.tcl: Setting watchdog for 200 seconds at Sat Jan 25 06:48:19 UTC 2020
3 ms. Memory: 55296K Free: 35178K (64%)
ptolemy.util.test.WatchDog.cancel(): canceling Sat Jan 25 06:48:19 UTC 2020
auto.tcl: Setting watchdog for 200 seconds at Sat Jan 25 06:48:19 UTC 2020
2 ms. Memory: 55296K Free: 34674K (63%)
ptolemy.util.test.WatchDog.cancel(): canceling Sat Jan 25 06:48:19 UTC 2020
------------------ testing $PTII/ptolemy/domains/de/test/auto/VariableDelayZeroDelay.xml
auto.tcl: Setting watchdog for 200 seconds at Sat Jan 25 06:48:19 UTC 2020
2 ms. Memory: 55296K Free: 35697K (65%)
ptolemy.util.test.WatchDog.cancel(): canceling Sat Jan 25 06:48:19 UTC 2020
auto.tcl: Setting watchdog for 200 seconds at Sat Jan 25 06:48:19 UTC 2020
1 ms. Memory: 55296K Free: 35169K (64%)
ptolemy.util.test.WatchDog.cancel(): canceling Sat Jan 25 06:48:19 UTC 2020
------------------ testing $PTII/ptolemy/domains/de/test/auto/VariableDelayZeroDelay2.xml
auto.tcl: Setting watchdog for 200 seconds at Sat Jan 25 06:48:19 UTC 2020
2 ms. Memory: 55296K Free: 35696K (65%)
ptolemy.util.test.WatchDog.cancel(): canceling Sat Jan 25 06:48:19 UTC 2020
auto.tcl: Setting watchdog for 200 seconds at Sat Jan 25 06:48:19 UTC 2020
2 ms. Memory: 55296K Free: 34672K (63%)
ptolemy.util.test.WatchDog.cancel(): canceling Sat Jan 25 06:48:19 UTC 2020
------------------ testing $PTII/ptolemy/domains/de/test/auto/deInCt.xml
auto.tcl: Setting watchdog for 200 seconds at Sat Jan 25 06:48:19 UTC 2020
0
1
1
1
1
0
0
0
0
1
1
1
1
1
1
1
1
0
0
0
1
1
0
0
0
0
10 ms. Memory: 55296K Free: 34669K (63%)
ptolemy.util.test.WatchDog.cancel(): canceling Sat Jan 25 06:48:19 UTC 2020
auto.tcl: Setting watchdog for 200 seconds at Sat Jan 25 06:48:19 UTC 2020
0
1
1
1
0
0
0
1
1
1
1
0
0
0
1
1
1
1
0
0
1
1
1
0
0
0
1
1
1
0
0
0
1
1
1
1
1
11 ms. Memory: 55296K Free: 33131K (60%)
ptolemy.util.test.WatchDog.cancel(): canceling Sat Jan 25 06:48:19 UTC 2020
------------------ testing $PTII/ptolemy/domains/de/test/auto/deInCt2.xml
auto.tcl: Setting watchdog for 200 seconds at Sat Jan 25 06:48:19 UTC 2020
0
1
1
1
0
0
1
1
1
0
0
1
1
1
0
0
1
1
1
0
0
1
1
1
0
0
1
1
1
0
0
1
1
1
0
0
1
1
1
0
0
0
14 ms. Memory: 55296K Free: 34671K (63%)
ptolemy.util.test.WatchDog.cancel(): canceling Sat Jan 25 06:48:19 UTC 2020
auto.tcl: Setting watchdog for 200 seconds at Sat Jan 25 06:48:19 UTC 2020
0
1
1
1
0
0
1
1
1
0
0
1
1
1
0
0
1
1
1
0
0
1
1
1
0
0
1
1
1
0
0
1
1
1
0
0
1
1
1
0
0
0
7 ms. Memory: 55296K Free: 33119K (60%)
ptolemy.util.test.WatchDog.cancel(): canceling Sat Jan 25 06:48:19 UTC 2020
------------------ testing $PTII/ptolemy/domains/de/test/auto/dynamicCausalityInterface1.xml
auto.tcl: Setting watchdog for 200 seconds at Sat Jan 25 06:48:19 UTC 2020
1 ms. Memory: 55296K Free: 30569K (55%)
ptolemy.util.test.WatchDog.cancel(): canceling Sat Jan 25 06:48:19 UTC 2020
auto.tcl: Setting watchdog for 200 seconds at Sat Jan 25 06:48:19 UTC 2020
1 ms. Memory: 55296K Free: 29951K (54%)
ptolemy.util.test.WatchDog.cancel(): canceling Sat Jan 25 06:48:19 UTC 2020
------------------ testing $PTII/ptolemy/domains/de/test/auto/fsm_de_test.xml
auto.tcl: Setting watchdog for 200 seconds at Sat Jan 25 06:48:19 UTC 2020
13 ms. Memory: 55296K Free: 30499K (55%)
ptolemy.util.test.WatchDog.cancel(): canceling Sat Jan 25 06:48:19 UTC 2020
auto.tcl: Setting watchdog for 200 seconds at Sat Jan 25 06:48:19 UTC 2020
7 ms. Memory: 55296K Free: 28419K (51%)
ptolemy.util.test.WatchDog.cancel(): canceling Sat Jan 25 06:48:19 UTC 2020
------------------ testing $PTII/ptolemy/domains/de/test/auto/functionDependencyReconstruction.xml
auto.tcl: Setting watchdog for 200 seconds at Sat Jan 25 06:48:19 UTC 2020
2 ms. Memory: 55296K Free: 24314K (44%)
ptolemy.util.test.WatchDog.cancel(): canceling Sat Jan 25 06:48:19 UTC 2020
auto.tcl: Setting watchdog for 200 seconds at Sat Jan 25 06:48:19 UTC 2020
3 ms. Memory: 55296K Free: 22266K (40%)
ptolemy.util.test.WatchDog.cancel(): canceling Sat Jan 25 06:48:19 UTC 2020
------------------ testing $PTII/ptolemy/domains/de/test/auto/multirate.xml
auto.tcl: Setting watchdog for 200 seconds at Sat Jan 25 06:48:19 UTC 2020
3 ms. Memory: 55296K Free: 33088K (60%)
ptolemy.util.test.WatchDog.cancel(): canceling Sat Jan 25 06:48:19 UTC 2020
auto.tcl: Setting watchdog for 200 seconds at Sat Jan 25 06:48:19 UTC 2020
2 ms. Memory: 55296K Free: 31364K (57%)
ptolemy.util.test.WatchDog.cancel(): canceling Sat Jan 25 06:48:19 UTC 2020
------------------ testing $PTII/ptolemy/domains/de/test/auto/multirate2.xml
auto.tcl: Setting watchdog for 200 seconds at Sat Jan 25 06:48:19 UTC 2020
4 ms. Memory: 55296K Free: 33253K (60%)
ptolemy.util.test.WatchDog.cancel(): canceling Sat Jan 25 06:48:19 UTC 2020
auto.tcl: Setting watchdog for 200 seconds at Sat Jan 25 06:48:19 UTC 2020
3 ms. Memory: 55296K Free: 31545K (57%)
ptolemy.util.test.WatchDog.cancel(): canceling Sat Jan 25 06:48:19 UTC 2020
------------------ testing $PTII/ptolemy/domains/de/test/auto/realtime.xml
auto.tcl: Setting watchdog for 200 seconds at Sat Jan 25 06:48:20 UTC 2020
10001 ms. Memory: 55296K Free: 35319K (64%)
ptolemy.util.test.WatchDog.cancel(): canceling Sat Jan 25 06:48:30 UTC 2020
auto.tcl: Setting watchdog for 200 seconds at Sat Jan 25 06:48:30 UTC 2020
10002 ms. Memory: 55296K Free: 34615K (63%)
ptolemy.util.test.WatchDog.cancel(): canceling Sat Jan 25 06:48:40 UTC 2020
------------------ testing $PTII/ptolemy/domains/de/test/auto/relationGroup.xml
auto.tcl: Setting watchdog for 200 seconds at Sat Jan 25 06:48:40 UTC 2020
2 ms. Memory: 55296K Free: 36379K (66%)
ptolemy.util.test.WatchDog.cancel(): canceling Sat Jan 25 06:48:40 UTC 2020
auto.tcl: Setting watchdog for 200 seconds at Sat Jan 25 06:48:40 UTC 2020
1 ms. Memory: 55296K Free: 35867K (65%)
ptolemy.util.test.WatchDog.cancel(): canceling Sat Jan 25 06:48:40 UTC 2020
------------------ testing $PTII/ptolemy/domains/de/test/auto/relationGroup2.xml
auto.tcl: Setting watchdog for 200 seconds at Sat Jan 25 06:48:40 UTC 2020
1 ms. Memory: 55296K Free: 36425K (66%)
ptolemy.util.test.WatchDog.cancel(): canceling Sat Jan 25 06:48:40 UTC 2020
auto.tcl: Setting watchdog for 200 seconds at Sat Jan 25 06:48:40 UTC 2020
1 ms. Memory: 55296K Free: 35913K (65%)
ptolemy.util.test.WatchDog.cancel(): canceling Sat Jan 25 06:48:40 UTC 2020
------------------ testing $PTII/ptolemy/domains/de/test/auto/sortWithOpaquePorts.xml
auto.tcl: Setting watchdog for 200 seconds at Sat Jan 25 06:48:40 UTC 2020
1 ms. Memory: 55296K Free: 35193K (64%)
ptolemy.util.test.WatchDog.cancel(): canceling Sat Jan 25 06:48:40 UTC 2020
auto.tcl: Setting watchdog for 200 seconds at Sat Jan 25 06:48:40 UTC 2020
2 ms. Memory: 55296K Free: 34169K (62%)
ptolemy.util.test.WatchDog.cancel(): canceling Sat Jan 25 06:48:40 UTC 2020
------------------ testing $PTII/ptolemy/domains/de/test/auto/transferInputsandOutputs.xml
auto.tcl: Setting watchdog for 200 seconds at Sat Jan 25 06:48:40 UTC 2020
4 ms. Memory: 55296K Free: 32637K (59%)
ptolemy.util.test.WatchDog.cancel(): canceling Sat Jan 25 06:48:40 UTC 2020
auto.tcl: Setting watchdog for 200 seconds at Sat Jan 25 06:48:40 UTC 2020
2 ms. Memory: 55296K Free: 31613K (57%)
ptolemy.util.test.WatchDog.cancel(): canceling Sat Jan 25 06:48:40 UTC 2020
------------------ testing $PTII/ptolemy/domains/de/test/auto/triggerType.xml
auto.tcl: Setting watchdog for 200 seconds at Sat Jan 25 06:48:40 UTC 2020
1 ms. Memory: 55296K Free: 35662K (64%)
ptolemy.util.test.WatchDog.cancel(): canceling Sat Jan 25 06:48:40 UTC 2020
auto.tcl: Setting watchdog for 200 seconds at Sat Jan 25 06:48:40 UTC 2020
1 ms. Memory: 55296K Free: 34638K (63%)
ptolemy.util.test.WatchDog.cancel(): canceling Sat Jan 25 06:48:40 UTC 2020
01/25/20 06:48:40
Failed: 0  Total Tests: 192  ((Passed: 187, Newly Passed: 1)  Known Failed: 5) /home/travis/build/icyphy/ptII/ptolemy/domains/de/test
01/25/20 06:48:40
Failed: 0  Total Tests: 192  ((Passed: 187, Newly Passed: 1)  Known Failed: 5) /home/travis/build/icyphy/ptII/ptolemy/domains/de/test
----------------- testing (KnownFailure) /home/travis/build/icyphy/ptII/ptolemy/domains/de/test/auto/knownFailedTests/DESDFClockTest.xml
2019 ms. Memory: 55296K Free: 28547K (52%)
Known Failure: java.lang.reflect.InvocationTargetException
----------------- testing (KnownFailure) /home/travis/build/icyphy/ptII/ptolemy/domains/de/test/auto/knownFailedTests/DirectFeedback.xml
1 ms. Memory: 55296K Free: 24961K (45%)
Known Failure: java.lang.reflect.InvocationTargetException
----------------- testing (KnownFailure) /home/travis/build/icyphy/ptII/ptolemy/domains/de/test/auto/knownFailedTests/FSMSource.xml
6 ms. Memory: 55296K Free: 17283K (31%)
----------------- testing (KnownFailure) /home/travis/build/icyphy/ptII/ptolemy/domains/de/test/auto/knownFailedTests/HierarchicalModel.xml
3 ms. Memory: 55296K Free: 32169K (58%)
Known Failure: java.lang.reflect.InvocationTargetException
----------------- testing (KnownFailure) /home/travis/build/icyphy/ptII/ptolemy/domains/de/test/auto/knownFailedTests/dependencyLoop.xml
2 ms. Memory: 55296K Free: 17131K (31%)
Known Failure: java.lang.reflect.InvocationTargetException
----------------- testing (KnownFailure) /home/travis/build/icyphy/ptII/ptolemy/domains/de/test/auto/knownFailedTests/dependencyLoop2.xml
6 ms. Memory: 55296K Free: 32838K (59%)
Known Failure: java.lang.reflect.InvocationTargetException
No auto/linux-amd64/*.xml tests in /home/travis/build/icyphy/ptII/ptolemy/domains/de/test
AutoTests.java: About to close Vertx.
AutoTests.java: Vertx closed.

===========================================================================================
----------------- testing Sat Jan 25 06:48:42 UTC 2020 /home/travis/build/icyphy/ptII/ptolemy/domains/de/test/auto/ActorDepthCalculation_actorWithoutPorts.xml
----------------- Instantiating /home/travis/build/icyphy/ptII/ptolemy/domains/de/test/auto/ActorDepthCalculation_actorWithoutPorts.xml
2 ms. Memory: 55296K Free: 26056K (47%)
----------------- Invoking toplevel() on ptolemy.moml.MoMLSimpleApplication@8714e15
----------------- Done invoking toplevel() on ptolemy.moml.MoMLSimpleApplication@8714e15
reloadAllAccessors: .ActorDepthCalculation_actorWithoutPorts

===========================================================================================
----------------- testing Sat Jan 25 06:48:42 UTC 2020 /home/travis/build/icyphy/ptII/ptolemy/domains/de/test/auto/AssemblyLine.xml
----------------- Instantiating /home/travis/build/icyphy/ptII/ptolemy/domains/de/test/auto/AssemblyLine.xml
2 ms. Memory: 55296K Free: 18864K (34%)
----------------- Invoking toplevel() on ptolemy.moml.MoMLSimpleApplication@678d138b
----------------- Done invoking toplevel() on ptolemy.moml.MoMLSimpleApplication@678d138b
reloadAllAccessors: .AssemblyLine

===========================================================================================
----------------- testing Sat Jan 25 06:48:42 UTC 2020 /home/travis/build/icyphy/ptII/ptolemy/domains/de/test/auto/CQBug1.xml
----------------- Instantiating /home/travis/build/icyphy/ptII/ptolemy/domains/de/test/auto/CQBug1.xml
2 ms. Memory: 55296K Free: 15784K (29%)
----------------- Invoking toplevel() on ptolemy.moml.MoMLSimpleApplication@3a5e0af8
----------------- Done invoking toplevel() on ptolemy.moml.MoMLSimpleApplication@3a5e0af8
reloadAllAccessors: .CQBug1

===========================================================================================
----------------- testing Sat Jan 25 06:48:42 UTC 2020 /home/travis/build/icyphy/ptII/ptolemy/domains/de/test/auto/CancelFireAt.xml
----------------- Instantiating /home/travis/build/icyphy/ptII/ptolemy/domains/de/test/auto/CancelFireAt.xml
1 ms. Memory: 55296K Free: 13382K (24%)
----------------- Invoking toplevel() on ptolemy.moml.MoMLSimpleApplication@15b687f6
----------------- Done invoking toplevel() on ptolemy.moml.MoMLSimpleApplication@15b687f6
reloadAllAccessors: .CancelFireAt

===========================================================================================
----------------- testing Sat Jan 25 06:48:42 UTC 2020 /home/travis/build/icyphy/ptII/ptolemy/domains/de/test/auto/CausalityAndComposabilityAnalysis.xml
----------------- Instantiating /home/travis/build/icyphy/ptII/ptolemy/domains/de/test/auto/CausalityAndComposabilityAnalysis.xml
3 ms. Memory: 55296K Free: 8947K (16%)
----------------- Invoking toplevel() on ptolemy.moml.MoMLSimpleApplication@294a041e
----------------- Done invoking toplevel() on ptolemy.moml.MoMLSimpleApplication@294a041e
reloadAllAccessors: .CausalityAndComposabilityAnalysis

===========================================================================================
----------------- testing Sat Jan 25 06:48:42 UTC 2020 /home/travis/build/icyphy/ptII/ptolemy/domains/de/test/auto/CausalityInterface1.xml
----------------- Instantiating /home/travis/build/icyphy/ptII/ptolemy/domains/de/test/auto/CausalityInterface1.xml
6 ms. Memory: 55296K Free: 35172K (64%)
----------------- Invoking toplevel() on ptolemy.moml.MoMLSimpleApplication@1c8e52b1
----------------- Done invoking toplevel() on ptolemy.moml.MoMLSimpleApplication@1c8e52b1
reloadAllAccessors: .CausalityInterface1

===========================================================================================
----------------- testing Sat Jan 25 06:48:42 UTC 2020 /home/travis/build/icyphy/ptII/ptolemy/domains/de/test/auto/CausalityInterface15.xml
----------------- Instantiating /home/travis/build/icyphy/ptII/ptolemy/domains/de/test/auto/CausalityInterface15.xml
2 ms. Memory: 55296K Free: 29714K (54%)
----------------- Invoking toplevel() on ptolemy.moml.MoMLSimpleApplication@6c9efd32
----------------- Done invoking toplevel() on ptolemy.moml.MoMLSimpleApplication@6c9efd32
reloadAllAccessors: .CausalityInterface15

===========================================================================================
----------------- testing Sat Jan 25 06:48:42 UTC 2020 /home/travis/build/icyphy/ptII/ptolemy/domains/de/test/auto/CausalityInterface2.xml
----------------- Instantiating /home/travis/build/icyphy/ptII/ptolemy/domains/de/test/auto/CausalityInterface2.xml
1 ms. Memory: 55296K Free: 24932K (45%)
[...]
	at ptolemy.actor.Manager.run(Manager.java:1263)
	at ptolemy.actor.Manager$PtolemyRunThread.run(Manager.java:1933)
java.lang.RuntimeException: Execution failed
	at ptolemy.moml.MoMLSimpleApplication$UnloadThread.run(MoMLSimpleApplication.java:402)
Caused by: ptolemy.kernel.util.IllegalActionException: Actor is not ready to fire.  Perhaps UpSample.prefire() returned false? Try debugging the actor by selecting "Listen to Actor".  Also, for SDF check moml for tokenConsumptionRate on input.
  in .DESDFClockTest.Play Bell.Copy1:SDF Director and .DESDFClockTest.Play Bell.UpSample
	at ptolemy.actor.sched.StaticSchedulingDirector.fire(StaticSchedulingDirector.java:227)
	at ptolemy.domains.sdf.kernel.SDFDirector.fire(SDFDirector.java:500)
	at ptolemy.actor.CompositeActor.fire(CompositeActor.java:455)
	at ptolemy.domains.de.kernel.DEDirector._fire(DEDirector.java:1949)
	at ptolemy.domains.de.kernel.DEDirector.fire(DEDirector.java:502)
	at ptolemy.actor.CompositeActor.fire(CompositeActor.java:455)
	at ptolemy.actor.Manager.iterate(Manager.java:851)
	at ptolemy.actor.Manager.execute(Manager.java:369)
	at ptolemy.actor.Manager.run(Manager.java:1263)
	at ptolemy.actor.Manager$PtolemyRunThread.run(Manager.java:1933)
java.lang.reflect.InvocationTargetException
	at java.base/jdk.internal.reflect.NativeConstructorAccessorImpl.newInstance0(Native Method)
	at java.base/jdk.internal.reflect.NativeConstructorAccessorImpl.newInstance(NativeConstructorAccessorImpl.java:62)
	at java.base/jdk.internal.reflect.DelegatingConstructorAccessorImpl.newInstance(DelegatingConstructorAccessorImpl.java:45)
	at java.base/java.lang.reflect.Constructor.newInstance(Constructor.java:490)
	at ptolemy.util.test.junit.AutoKnownFailedTests.RunModel(AutoKnownFailedTests.java:105)
	at java.base/jdk.internal.reflect.NativeMethodAccessorImpl.invoke0(Native Method)
	at java.base/jdk.internal.reflect.NativeMethodAccessorImpl.invoke(NativeMethodAccessorImpl.java:62)
	at java.base/jdk.internal.reflect.DelegatingMethodAccessorImpl.invoke(DelegatingMethodAccessorImpl.java:43)
	at java.base/java.lang.reflect.Method.invoke(Method.java:566)
	at org.junit.runners.model.FrameworkMethod$1.runReflectiveCall(FrameworkMethod.java:44)
	at org.junit.internal.runners.model.ReflectiveCallable.run(ReflectiveCallable.java:15)
	at org.junit.runners.model.FrameworkMethod.invokeExplosively(FrameworkMethod.java:41)
	at junitparams.internal.InvokeParameterisedMethod.evaluate(InvokeParameterisedMethod.java:102)
	at org.junit.internal.runners.statements.FailOnTimeout$1.run(FailOnTimeout.java:28)
Caused by: ptolemy.kernel.util.IllegalActionException: Actor is not ready to fire.  Perhaps UpSample.prefire() returned false? Try debugging the actor by selecting "Listen to Actor".  Also, for SDF check moml for tokenConsumptionRate on input.
  in .DESDFClockTest.Play Bell.Copy1:SDF Director and .DESDFClockTest.Play Bell.UpSample
	at ptolemy.actor.sched.StaticSchedulingDirector.fire(StaticSchedulingDirector.java:227)
	at ptolemy.domains.sdf.kernel.SDFDirector.fire(SDFDirector.java:500)
	at ptolemy.actor.CompositeActor.fire(CompositeActor.java:455)
	at ptolemy.domains.de.kernel.DEDirector._fire(DEDirector.java:1949)
	at ptolemy.domains.de.kernel.DEDirector.fire(DEDirector.java:502)
	at ptolemy.actor.CompositeActor.fire(CompositeActor.java:455)
	at ptolemy.actor.Manager.iterate(Manager.java:851)
	at ptolemy.actor.Manager.execute(Manager.java:369)
	at ptolemy.actor.Manager.run(Manager.java:1263)
	at ptolemy.actor.Manager$PtolemyRunThread.run(Manager.java:1933)
java.lang.RuntimeException: Execution failed
	at ptolemy.moml.MoMLSimpleApplication$UnloadThread.run(MoMLSimpleApplication.java:402)
Caused by: ptolemy.kernel.util.IllegalActionException: Test fails in iteration 1.
Value was: 1.0. Should have been: 2.0
  in .DirectFeedback.Test
	at ptolemy.actor.lib.Test.fire(Test.java:268)
	at ptolemy.domains.de.kernel.DEDirector._fire(DEDirector.java:1949)
	at ptolemy.domains.de.kernel.DEDirector.fire(DEDirector.java:502)
	at ptolemy.actor.CompositeActor.fire(CompositeActor.java:455)
	at ptolemy.actor.Manager.iterate(Manager.java:851)
	at ptolemy.actor.Manager.execute(Manager.java:369)
	at ptolemy.actor.Manager.run(Manager.java:1263)
	at ptolemy.actor.Manager$PtolemyRunThread.run(Manager.java:1933)
java.lang.reflect.InvocationTargetException
	at java.base/jdk.internal.reflect.NativeConstructorAccessorImpl.newInstance0(Native Method)
	at java.base/jdk.internal.reflect.NativeConstructorAccessorImpl.newInstance(NativeConstructorAccessorImpl.java:62)
	at java.base/jdk.internal.reflect.DelegatingConstructorAccessorImpl.newInstance(DelegatingConstructorAccessorImpl.java:45)
	at java.base/java.lang.reflect.Constructor.newInstance(Constructor.java:490)
	at ptolemy.util.test.junit.AutoKnownFailedTests.RunModel(AutoKnownFailedTests.java:105)
	at java.base/jdk.internal.reflect.NativeMethodAccessorImpl.invoke0(Native Method)
	at java.base/jdk.internal.reflect.NativeMethodAccessorImpl.invoke(NativeMethodAccessorImpl.java:62)
	at java.base/jdk.internal.reflect.DelegatingMethodAccessorImpl.invoke(DelegatingMethodAccessorImpl.java:43)
	at java.base/java.lang.reflect.Method.invoke(Method.java:566)
	at org.junit.runners.model.FrameworkMethod$1.runReflectiveCall(FrameworkMethod.java:44)
	at org.junit.internal.runners.model.ReflectiveCallable.run(ReflectiveCallable.java:15)
	at org.junit.runners.model.FrameworkMethod.invokeExplosively(FrameworkMethod.java:41)
	at junitparams.internal.InvokeParameterisedMethod.evaluate(InvokeParameterisedMethod.java:102)
	at org.junit.internal.runners.statements.FailOnTimeout$1.run(FailOnTimeout.java:28)
Caused by: ptolemy.kernel.util.IllegalActionException: Test fails in iteration 1.
Value was: 1.0. Should have been: 2.0
  in .DirectFeedback.Test
	at ptolemy.actor.lib.Test.fire(Test.java:268)
	at ptolemy.domains.de.kernel.DEDirector._fire(DEDirector.java:1949)
	at ptolemy.domains.de.kernel.DEDirector.fire(DEDirector.java:502)
	at ptolemy.actor.CompositeActor.fire(CompositeActor.java:455)
	at ptolemy.actor.Manager.iterate(Manager.java:851)
	at ptolemy.actor.Manager.execute(Manager.java:369)
	at ptolemy.actor.Manager.run(Manager.java:1263)
	at ptolemy.actor.Manager$PtolemyRunThread.run(Manager.java:1933)
java.lang.RuntimeException: Execution failed
	at ptolemy.moml.MoMLSimpleApplication$UnloadThread.run(MoMLSimpleApplication.java:402)
Caused by: ptolemy.kernel.util.IllegalActionException: Found a zero delay loop containing .HierarchicalModel.A
  in .HierarchicalModel and .HierarchicalModel.A
	at ptolemy.actor.util.CausalityInterfaceForComposites._computeOutputPortDepth(CausalityInterfaceForComposites.java:759)
	at ptolemy.actor.util.CausalityInterfaceForComposites._computeInputDepth(CausalityInterfaceForComposites.java:696)
	at ptolemy.actor.util.CausalityInterfaceForComposites._computeOutputPortDepth(CausalityInterfaceForComposites.java:765)
	at ptolemy.actor.util.CausalityInterfaceForComposites._computeInputDepth(CausalityInterfaceForComposites.java:696)
	at ptolemy.actor.util.CausalityInterfaceForComposites._computeOutputPortDepth(CausalityInterfaceForComposites.java:765)
	at ptolemy.actor.util.CausalityInterfaceForComposites._computeInputDepth(CausalityInterfaceForComposites.java:696)
	at ptolemy.actor.util.CausalityInterfaceForComposites._computeActorDepth(CausalityInterfaceForComposites.java:532)
	at ptolemy.actor.util.CausalityInterfaceForComposites.checkForCycles(CausalityInterfaceForComposites.java:96)
	at ptolemy.domains.de.kernel.DEDirector.preinitialize(DEDirector.java:1338)
	at ptolemy.actor.CompositeActor.preinitialize(CompositeActor.java:1828)
	at ptolemy.actor.Manager.preinitializeAndResolveTypes(Manager.java:1040)
	at ptolemy.actor.Manager.initialize(Manager.java:710)
	at ptolemy.actor.Manager.execute(Manager.java:356)
	at ptolemy.actor.Manager.run(Manager.java:1263)
	at ptolemy.actor.Manager$PtolemyRunThread.run(Manager.java:1933)
java.lang.reflect.InvocationTargetException
	at java.base/jdk.internal.reflect.NativeConstructorAccessorImpl.newInstance0(Native Method)
	at java.base/jdk.internal.reflect.NativeConstructorAccessorImpl.newInstance(NativeConstructorAccessorImpl.java:62)
	at java.base/jdk.internal.reflect.DelegatingConstructorAccessorImpl.newInstance(DelegatingConstructorAccessorImpl.java:45)
	at java.base/java.lang.reflect.Constructor.newInstance(Constructor.java:490)
	at ptolemy.util.test.junit.AutoKnownFailedTests.RunModel(AutoKnownFailedTests.java:105)
	at java.base/jdk.internal.reflect.NativeMethodAccessorImpl.invoke0(Native Method)
	at java.base/jdk.internal.reflect.NativeMethodAccessorImpl.invoke(NativeMethodAccessorImpl.java:62)
	at java.base/jdk.internal.reflect.DelegatingMethodAccessorImpl.invoke(DelegatingMethodAccessorImpl.java:43)
	at java.base/java.lang.reflect.Method.invoke(Method.java:566)
	at org.junit.runners.model.FrameworkMethod$1.runReflectiveCall(FrameworkMethod.java:44)
	at org.junit.internal.runners.model.ReflectiveCallable.run(ReflectiveCallable.java:15)
	at org.junit.runners.model.FrameworkMethod.invokeExplosively(FrameworkMethod.java:41)
	at junitparams.internal.InvokeParameterisedMethod.evaluate(InvokeParameterisedMethod.java:102)
	at org.junit.internal.runners.statements.FailOnTimeout$1.run(FailOnTimeout.java:28)
Caused by: ptolemy.kernel.util.IllegalActionException: Found a zero delay loop containing .HierarchicalModel.A
  in .HierarchicalModel and .HierarchicalModel.A
	at ptolemy.actor.util.CausalityInterfaceForComposites._computeOutputPortDepth(CausalityInterfaceForComposites.java:759)
	at ptolemy.actor.util.CausalityInterfaceForComposites._computeInputDepth(CausalityInterfaceForComposites.java:696)
	at ptolemy.actor.util.CausalityInterfaceForComposites._computeOutputPortDepth(CausalityInterfaceForComposites.java:765)
	at ptolemy.actor.util.CausalityInterfaceForComposites._computeInputDepth(CausalityInterfaceForComposites.java:696)
	at ptolemy.actor.util.CausalityInterfaceForComposites._computeOutputPortDepth(CausalityInterfaceForComposites.java:765)
	at ptolemy.actor.util.CausalityInterfaceForComposites._computeInputDepth(CausalityInterfaceForComposites.java:696)
	at ptolemy.actor.util.CausalityInterfaceForComposites._computeActorDepth(CausalityInterfaceForComposites.java:532)
	at ptolemy.actor.util.CausalityInterfaceForComposites.checkForCycles(CausalityInterfaceForComposites.java:96)
	at ptolemy.domains.de.kernel.DEDirector.preinitialize(DEDirector.java:1338)
	at ptolemy.actor.CompositeActor.preinitialize(CompositeActor.java:1828)
	at ptolemy.actor.Manager.preinitializeAndResolveTypes(Manager.java:1040)
	at ptolemy.actor.Manager.initialize(Manager.java:710)
	at ptolemy.actor.Manager.execute(Manager.java:356)
	at ptolemy.actor.Manager.run(Manager.java:1263)
	at ptolemy.actor.Manager$PtolemyRunThread.run(Manager.java:1933)
java.lang.RuntimeException: Execution failed
	at ptolemy.moml.MoMLSimpleApplication$UnloadThread.run(MoMLSimpleApplication.java:402)
Caused by: ptolemy.kernel.util.IllegalActionException: Found a zero delay loop containing .dependencyLoop.original
  in .dependencyLoop and .dependencyLoop.original
	at ptolemy.actor.util.CausalityInterfaceForComposites._computeOutputPortDepth(CausalityInterfaceForComposites.java:759)
	at ptolemy.actor.util.CausalityInterfaceForComposites._computeInputDepth(CausalityInterfaceForComposites.java:696)
	at ptolemy.actor.util.CausalityInterfaceForComposites._computeOutputPortDepth(CausalityInterfaceForComposites.java:765)
	at ptolemy.actor.util.CausalityInterfaceForComposites._computeInputDepth(CausalityInterfaceForComposites.java:696)
	at ptolemy.actor.util.CausalityInterfaceForComposites._computeOutputPortDepth(CausalityInterfaceForComposites.java:765)
	at ptolemy.actor.util.CausalityInterfaceForComposites._computeInputDepth(CausalityInterfaceForComposites.java:696)
	at ptolemy.actor.util.CausalityInterfaceForComposites._computeActorDepth(CausalityInterfaceForComposites.java:532)
	at ptolemy.actor.util.CausalityInterfaceForComposites.checkForCycles(CausalityInterfaceForComposites.java:96)
	at ptolemy.domains.de.kernel.DEDirector.preinitialize(DEDirector.java:1338)
	at ptolemy.actor.CompositeActor.preinitialize(CompositeActor.java:1828)
	at ptolemy.actor.Manager.preinitializeAndResolveTypes(Manager.java:1040)
	at ptolemy.actor.Manager.initialize(Manager.java:710)
	at ptolemy.actor.Manager.execute(Manager.java:356)
	at ptolemy.actor.Manager.run(Manager.java:1263)
	at ptolemy.actor.Manager$PtolemyRunThread.run(Manager.java:1933)
java.lang.reflect.InvocationTargetException
	at java.base/jdk.internal.reflect.NativeConstructorAccessorImpl.newInstance0(Native Method)
	at java.base/jdk.internal.reflect.NativeConstructorAccessorImpl.newInstance(NativeConstructorAccessorImpl.java:62)
	at java.base/jdk.internal.reflect.DelegatingConstructorAccessorImpl.newInstance(DelegatingConstructorAccessorImpl.java:45)
	at java.base/java.lang.reflect.Constructor.newInstance(Constructor.java:490)
	at ptolemy.util.test.junit.AutoKnownFailedTests.RunModel(AutoKnownFailedTests.java:105)
	at java.base/jdk.internal.reflect.NativeMethodAccessorImpl.invoke0(Native Method)
	at java.base/jdk.internal.reflect.NativeMethodAccessorImpl.invoke(NativeMethodAccessorImpl.java:62)
	at java.base/jdk.internal.reflect.DelegatingMethodAccessorImpl.invoke(DelegatingMethodAccessorImpl.java:43)
	at java.base/java.lang.reflect.Method.invoke(Method.java:566)
	at org.junit.runners.model.FrameworkMethod$1.runReflectiveCall(FrameworkMethod.java:44)
	at org.junit.internal.runners.model.ReflectiveCallable.run(ReflectiveCallable.java:15)
	at org.junit.runners.model.FrameworkMethod.invokeExplosively(FrameworkMethod.java:41)
	at junitparams.internal.InvokeParameterisedMethod.evaluate(InvokeParameterisedMethod.java:102)
	at org.junit.internal.runners.statements.FailOnTimeout$1.run(FailOnTimeout.java:28)
Caused by: ptolemy.kernel.util.IllegalActionException: Found a zero delay loop containing .dependencyLoop.original
  in .dependencyLoop and .dependencyLoop.original
	at ptolemy.actor.util.CausalityInterfaceForComposites._computeOutputPortDepth(CausalityInterfaceForComposites.java:759)
	at ptolemy.actor.util.CausalityInterfaceForComposites._computeInputDepth(CausalityInterfaceForComposites.java:696)
	at ptolemy.actor.util.CausalityInterfaceForComposites._computeOutputPortDepth(CausalityInterfaceForComposites.java:765)
	at ptolemy.actor.util.CausalityInterfaceForComposites._computeInputDepth(CausalityInterfaceForComposites.java:696)
	at ptolemy.actor.util.CausalityInterfaceForComposites._computeOutputPortDepth(CausalityInterfaceForComposites.java:765)
	at ptolemy.actor.util.CausalityInterfaceForComposites._computeInputDepth(CausalityInterfaceForComposites.java:696)
	at ptolemy.actor.util.CausalityInterfaceForComposites._computeActorDepth(CausalityInterfaceForComposites.java:532)
	at ptolemy.actor.util.CausalityInterfaceForComposites.checkForCycles(CausalityInterfaceForComposites.java:96)
	at ptolemy.domains.de.kernel.DEDirector.preinitialize(DEDirector.java:1338)
	at ptolemy.actor.CompositeActor.preinitialize(CompositeActor.java:1828)
	at ptolemy.actor.Manager.preinitializeAndResolveTypes(Manager.java:1040)
	at ptolemy.actor.Manager.initialize(Manager.java:710)
	at ptolemy.actor.Manager.execute(Manager.java:356)
	at ptolemy.actor.Manager.run(Manager.java:1263)
	at ptolemy.actor.Manager$PtolemyRunThread.run(Manager.java:1933)
java.lang.RuntimeException: Execution failed
	at ptolemy.moml.MoMLSimpleApplication$UnloadThread.run(MoMLSimpleApplication.java:402)
Caused by: ptolemy.kernel.util.IllegalActionException: Found a zero delay loop containing .dependencyLoop2.original
  in .dependencyLoop2 and .dependencyLoop2.original
	at ptolemy.actor.util.CausalityInterfaceForComposites._computeOutputPortDepth(CausalityInterfaceForComposites.java:759)
	at ptolemy.actor.util.CausalityInterfaceForComposites._computeInputDepth(CausalityInterfaceForComposites.java:696)
	at ptolemy.actor.util.CausalityInterfaceForComposites._computeOutputPortDepth(CausalityInterfaceForComposites.java:765)
	at ptolemy.actor.util.CausalityInterfaceForComposites._computeInputDepth(CausalityInterfaceForComposites.java:696)
	at ptolemy.actor.util.CausalityInterfaceForComposites._computeOutputPortDepth(CausalityInterfaceForComposites.java:765)
	at ptolemy.actor.util.CausalityInterfaceForComposites._computeInputDepth(CausalityInterfaceForComposites.java:696)
	at ptolemy.actor.util.CausalityInterfaceForComposites._computeActorDepth(CausalityInterfaceForComposites.java:532)
	at ptolemy.actor.util.CausalityInterfaceForComposites.checkForCycles(CausalityInterfaceForComposites.java:96)
	at ptolemy.domains.de.kernel.DEDirector.preinitialize(DEDirector.java:1338)
	at ptolemy.actor.CompositeActor.preinitialize(CompositeActor.java:1828)
	at ptolemy.actor.Manager.preinitializeAndResolveTypes(Manager.java:1040)
	at ptolemy.actor.Manager.initialize(Manager.java:710)
	at ptolemy.actor.Manager.execute(Manager.java:356)
	at ptolemy.actor.Manager.run(Manager.java:1263)
	at ptolemy.actor.Manager$PtolemyRunThread.run(Manager.java:1933)
java.lang.reflect.InvocationTargetException
	at java.base/jdk.internal.reflect.NativeConstructorAccessorImpl.newInstance0(Native Method)
	at java.base/jdk.internal.reflect.NativeConstructorAccessorImpl.newInstance(NativeConstructorAccessorImpl.java:62)
	at java.base/jdk.internal.reflect.DelegatingConstructorAccessorImpl.newInstance(DelegatingConstructorAccessorImpl.java:45)
	at java.base/java.lang.reflect.Constructor.newInstance(Constructor.java:490)
	at ptolemy.util.test.junit.AutoKnownFailedTests.RunModel(AutoKnownFailedTests.java:105)
	at java.base/jdk.internal.reflect.NativeMethodAccessorImpl.invoke0(Native Method)
	at java.base/jdk.internal.reflect.NativeMethodAccessorImpl.invoke(NativeMethodAccessorImpl.java:62)
	at java.base/jdk.internal.reflect.DelegatingMethodAccessorImpl.invoke(DelegatingMethodAccessorImpl.java:43)
	at java.base/java.lang.reflect.Method.invoke(Method.java:566)
	at org.junit.runners.model.FrameworkMethod$1.runReflectiveCall(FrameworkMethod.java:44)
	at org.junit.internal.runners.model.ReflectiveCallable.run(ReflectiveCallable.java:15)
	at org.junit.runners.model.FrameworkMethod.invokeExplosively(FrameworkMethod.java:41)
	at junitparams.internal.InvokeParameterisedMethod.evaluate(InvokeParameterisedMethod.java:102)
	at org.junit.internal.runners.statements.FailOnTimeout$1.run(FailOnTimeout.java:28)
Caused by: ptolemy.kernel.util.IllegalActionException: Found a zero delay loop containing .dependencyLoop2.original
  in .dependencyLoop2 and .dependencyLoop2.original
	at ptolemy.actor.util.CausalityInterfaceForComposites._computeOutputPortDepth(CausalityInterfaceForComposites.java:759)
	at ptolemy.actor.util.CausalityInterfaceForComposites._computeInputDepth(CausalityInterfaceForComposites.java:696)
	at ptolemy.actor.util.CausalityInterfaceForComposites._computeOutputPortDepth(CausalityInterfaceForComposites.java:765)
	at ptolemy.actor.util.CausalityInterfaceForComposites._computeInputDepth(CausalityInterfaceForComposites.java:696)
	at ptolemy.actor.util.CausalityInterfaceForComposites._computeOutputPortDepth(CausalityInterfaceForComposites.java:765)
	at ptolemy.actor.util.CausalityInterfaceForComposites._computeInputDepth(CausalityInterfaceForComposites.java:696)
	at ptolemy.actor.util.CausalityInterfaceForComposites._computeActorDepth(CausalityInterfaceForComposites.java:532)
	at ptolemy.actor.util.CausalityInterfaceForComposites.checkForCycles(CausalityInterfaceForComposites.java:96)
	at ptolemy.domains.de.kernel.DEDirector.preinitialize(DEDirector.java:1338)
	at ptolemy.actor.CompositeActor.preinitialize(CompositeActor.java:1828)
	at ptolemy.actor.Manager.preinitializeAndResolveTypes(Manager.java:1040)
	at ptolemy.actor.Manager.initialize(Manager.java:710)
	at ptolemy.actor.Manager.execute(Manager.java:356)
	at ptolemy.actor.Manager.run(Manager.java:1263)
	at ptolemy.actor.Manager$PtolemyRunThread.run(Manager.java:1933)
]]></system-err>
</testsuite>
