<?xml version="1.0" encoding="UTF-8" ?>
<testsuite errors="0" failures="0" hostname="travis-job-65b7ba25-7eef-43e0-9506-80fb232e7a31" name="ptolemy.domains.continuous.test.junit.JUnitTclTest" skipped="0" tests="156" time="72.849" timestamp="2019-04-10T17:48:40">
  <properties>
[...]
</properties>
  <testcase classname="ptolemy.util.test.junit.TclTests" name="[0] ThereAreNoTclTests (RunTclFile)" time="0.001" />
  <testcase classname="ptolemy.util.test.junit.AutoKnownFailedTests" name="[0] ThereAreNoKnowFailedTests (RunModel)" time="0.001" />
  <testcase classname="ptolemy.util.test.junit.AutoNameArchTests" name="[0] ThereAreNoAutoArchTests (RunModel)" time="0.001" />
  <testcase classname="ptolemy.util.test.junit.AutoTests" name="[0] /home/travis/build/icyphy/ptII/ptolemy/domains/continuous/test/auto/BouncingBall.xml (RunModel)" time="2.84" />
  <testcase classname="ptolemy.util.test.junit.AutoTests" name="[1] /home/travis/build/icyphy/ptII/ptolemy/domains/continuous/test/auto/BouncingBallWithoutGR.xml (RunModel)" time="0.94" />
  <testcase classname="ptolemy.util.test.junit.AutoTests" name="[2] /home/travis/build/icyphy/ptII/ptolemy/domains/continuous/test/auto/Brownian.xml (RunModel)" time="0.114" />
  <testcase classname="ptolemy.util.test.junit.AutoTests" name="[3] /home/travis/build/icyphy/ptII/ptolemy/domains/continuous/test/auto/CarTracking.xml (RunModel)" time="3.787" />
  <testcase classname="ptolemy.util.test.junit.AutoTests" name="[4] /home/travis/build/icyphy/ptII/ptolemy/domains/continuous/test/auto/CartPendulum.xml (RunModel)" time="0.539" />
  <testcase classname="ptolemy.util.test.junit.AutoTests" name="[5] /home/travis/build/icyphy/ptII/ptolemy/domains/continuous/test/auto/CausalityInterface10.xml (RunModel)" time="0.054" />
  <testcase classname="ptolemy.util.test.junit.AutoTests" name="[6] /home/travis/build/icyphy/ptII/ptolemy/domains/continuous/test/auto/CausalityInterface11.xml (RunModel)" time="0.035" />
  <testcase classname="ptolemy.util.test.junit.AutoTests" name="[7] /home/travis/build/icyphy/ptII/ptolemy/domains/continuous/test/auto/CausalityInterface12.xml (RunModel)" time="0.043" />
  <testcase classname="ptolemy.util.test.junit.AutoTests" name="[8] /home/travis/build/icyphy/ptII/ptolemy/domains/continuous/test/auto/CausalityInterface13.xml (RunModel)" time="0.033" />
  <testcase classname="ptolemy.util.test.junit.AutoTests" name="[9] /home/travis/build/icyphy/ptII/ptolemy/domains/continuous/test/auto/CausalityInterface14.xml (RunModel)" time="0.027" />
  <testcase classname="ptolemy.util.test.junit.AutoTests" name="[10] /home/travis/build/icyphy/ptII/ptolemy/domains/continuous/test/auto/CausalityInterface4.xml (RunModel)" time="0.044" />
  <testcase classname="ptolemy.util.test.junit.AutoTests" name="[11] /home/travis/build/icyphy/ptII/ptolemy/domains/continuous/test/auto/CausalityInterface5.xml (RunModel)" time="0.041" />
  <testcase classname="ptolemy.util.test.junit.AutoTests" name="[12] /home/travis/build/icyphy/ptII/ptolemy/domains/continuous/test/auto/CausalityInterface6.xml (RunModel)" time="0.026" />
  <testcase classname="ptolemy.util.test.junit.AutoTests" name="[13] /home/travis/build/icyphy/ptII/ptolemy/domains/continuous/test/auto/CausalityInterface7.xml (RunModel)" time="0.044" />
  <testcase classname="ptolemy.util.test.junit.AutoTests" name="[14] /home/travis/build/icyphy/ptII/ptolemy/domains/continuous/test/auto/CausalityInterface8.xml (RunModel)" time="0.047" />
  <testcase classname="ptolemy.util.test.junit.AutoTests" name="[15] /home/travis/build/icyphy/ptII/ptolemy/domains/continuous/test/auto/CausalityInterface9.xml (RunModel)" time="0.053" />
  <testcase classname="ptolemy.util.test.junit.AutoTests" name="[16] /home/travis/build/icyphy/ptII/ptolemy/domains/continuous/test/auto/CausalityInterfaceFeedback1.xml (RunModel)" time="0.033" />
  <testcase classname="ptolemy.util.test.junit.AutoTests" name="[17] /home/travis/build/icyphy/ptII/ptolemy/domains/continuous/test/auto/CausalityInterfaceFeedback2.xml (RunModel)" time="0.034" />
  <testcase classname="ptolemy.util.test.junit.AutoTests" name="[18] /home/travis/build/icyphy/ptII/ptolemy/domains/continuous/test/auto/CompareWithCurrentTime.xml (RunModel)" time="0.029" />
  <testcase classname="ptolemy.util.test.junit.AutoTests" name="[19] /home/travis/build/icyphy/ptII/ptolemy/domains/continuous/test/auto/ComparedClocks.xml (RunModel)" time="0.074" />
  <testcase classname="ptolemy.util.test.junit.AutoTests" name="[20] /home/travis/build/icyphy/ptII/ptolemy/domains/continuous/test/auto/ContinuousAOCClone.xml (RunModel)" time="2.71" />
  <testcase classname="ptolemy.util.test.junit.AutoTests" name="[21] /home/travis/build/icyphy/ptII/ptolemy/domains/continuous/test/auto/ContinuousClock.xml (RunModel)" time="0.105" />
  <testcase classname="ptolemy.util.test.junit.AutoTests" name="[22] /home/travis/build/icyphy/ptII/ptolemy/domains/continuous/test/auto/ContinuousInContinuous.xml (RunModel)" time="0.094" />
  <testcase classname="ptolemy.util.test.junit.AutoTests" name="[23] /home/travis/build/icyphy/ptII/ptolemy/domains/continuous/test/auto/ContinuousInContinuousInContinuous.xml (RunModel)" time="0.024" />
  <testcase classname="ptolemy.util.test.junit.AutoTests" name="[24] /home/travis/build/icyphy/ptII/ptolemy/domains/continuous/test/auto/ContinuousInDE.xml (RunModel)" time="0.147" />
  <testcase classname="ptolemy.util.test.junit.AutoTests" name="[25] /home/travis/build/icyphy/ptII/ptolemy/domains/continuous/test/auto/ContinuousInDE2.xml (RunModel)" time="0.055" />
  <testcase classname="ptolemy.util.test.junit.AutoTests" name="[26] /home/travis/build/icyphy/ptII/ptolemy/domains/continuous/test/auto/ContinuousInDE3.xml (RunModel)" time="0.061" />
  <testcase classname="ptolemy.util.test.junit.AutoTests" name="[27] /home/travis/build/icyphy/ptII/ptolemy/domains/continuous/test/auto/ContinuousInDE4.xml (RunModel)" time="0.032" />
  <testcase classname="ptolemy.util.test.junit.AutoTests" name="[28] /home/travis/build/icyphy/ptII/ptolemy/domains/continuous/test/auto/ContinuousInDEDifferentRefinements.xml (RunModel)" time="0.114" />
  <testcase classname="ptolemy.util.test.junit.AutoTests" name="[29] /home/travis/build/icyphy/ptII/ptolemy/domains/continuous/test/auto/ContinuousInDEDifferentRefinementsPreemptive.xml (RunModel)" time="0.098" />
  <testcase classname="ptolemy.util.test.junit.AutoTests" name="[30] /home/travis/build/icyphy/ptII/ptolemy/domains/continuous/test/auto/ContinuousInDEInContinuous2.xml (RunModel)" time="0.063" />
  <testcase classname="ptolemy.util.test.junit.AutoTests" name="[31] /home/travis/build/icyphy/ptII/ptolemy/domains/continuous/test/auto/ContinuousInDEInContinuous3.xml (RunModel)" time="0.072" />
  <testcase classname="ptolemy.util.test.junit.AutoTests" name="[32] /home/travis/build/icyphy/ptII/ptolemy/domains/continuous/test/auto/ContinuousInDEInput.xml (RunModel)" time="0.048" />
  <testcase classname="ptolemy.util.test.junit.AutoTests" name="[33] /home/travis/build/icyphy/ptII/ptolemy/domains/continuous/test/auto/ContinuousInDEInput2.xml (RunModel)" time="0.032" />
  <testcase classname="ptolemy.util.test.junit.AutoTests" name="[34] /home/travis/build/icyphy/ptII/ptolemy/domains/continuous/test/auto/ContinuousInDEInput3.xml (RunModel)" time="0.035" />
  <testcase classname="ptolemy.util.test.junit.AutoTests" name="[35] /home/travis/build/icyphy/ptII/ptolemy/domains/continuous/test/auto/ContinuousInDESharingRefinement.xml (RunModel)" time="0.201" />
  <testcase classname="ptolemy.util.test.junit.AutoTests" name="[36] /home/travis/build/icyphy/ptII/ptolemy/domains/continuous/test/auto/ContinuousInDEwithNoPorts.xml (RunModel)" time="0.024" />
  <testcase classname="ptolemy.util.test.junit.AutoTests" name="[37] /home/travis/build/icyphy/ptII/ptolemy/domains/continuous/test/auto/ContinuousInsideDE.xml (RunModel)" time="0.083" />
  <testcase classname="ptolemy.util.test.junit.AutoTests" name="[38] /home/travis/build/icyphy/ptII/ptolemy/domains/continuous/test/auto/ContinuousMerge1.xml (RunModel)" time="0.016" />
  <testcase classname="ptolemy.util.test.junit.AutoTests" name="[39] /home/travis/build/icyphy/ptII/ptolemy/domains/continuous/test/auto/ContinuousMerge2.xml (RunModel)" time="0.047" />
  <testcase classname="ptolemy.util.test.junit.AutoTests" name="[40] /home/travis/build/icyphy/ptII/ptolemy/domains/continuous/test/auto/ContinuousMerge3.xml (RunModel)" time="0.068" />
  <testcase classname="ptolemy.util.test.junit.AutoTests" name="[41] /home/travis/build/icyphy/ptII/ptolemy/domains/continuous/test/auto/ContinuousWithinContinuous.xml (RunModel)" time="0.053" />
  <testcase classname="ptolemy.util.test.junit.AutoTests" name="[42] /home/travis/build/icyphy/ptII/ptolemy/domains/continuous/test/auto/ContinuousWithinContinuous2.xml (RunModel)" time="0.076" />
  <testcase classname="ptolemy.util.test.junit.AutoTests" name="[43] /home/travis/build/icyphy/ptII/ptolemy/domains/continuous/test/auto/ContinuousWithinContinuous3.xml (RunModel)" time="0.029" />
  <testcase classname="ptolemy.util.test.junit.AutoTests" name="[44] /home/travis/build/icyphy/ptII/ptolemy/domains/continuous/test/auto/ContinuousWithinContinuous4.xml (RunModel)" time="0.074" />
  <testcase classname="ptolemy.util.test.junit.AutoTests" name="[45] /home/travis/build/icyphy/ptII/ptolemy/domains/continuous/test/auto/ContinuousWithinContinuous5.xml (RunModel)" time="0.034" />
  <testcase classname="ptolemy.util.test.junit.AutoTests" name="[46] /home/travis/build/icyphy/ptII/ptolemy/domains/continuous/test/auto/ContinuousWithinContinuous6.xml (RunModel)" time="0.028" />
  <testcase classname="ptolemy.util.test.junit.AutoTests" name="[47] /home/travis/build/icyphy/ptII/ptolemy/domains/continuous/test/auto/ContinuousWithinContinuous7.xml (RunModel)" time="0.078" />
  <testcase classname="ptolemy.util.test.junit.AutoTests" name="[48] /home/travis/build/icyphy/ptII/ptolemy/domains/continuous/test/auto/DCMotor.xml (RunModel)" time="12.053" />
  <testcase classname="ptolemy.util.test.junit.AutoTests" name="[49] /home/travis/build/icyphy/ptII/ptolemy/domains/continuous/test/auto/DEInContinuous.xml (RunModel)" time="0.033" />
  <testcase classname="ptolemy.util.test.junit.AutoTests" name="[50] /home/travis/build/icyphy/ptII/ptolemy/domains/continuous/test/auto/DEinContinuous2.xml (RunModel)" time="0.039" />
  <testcase classname="ptolemy.util.test.junit.AutoTests" name="[51] /home/travis/build/icyphy/ptII/ptolemy/domains/continuous/test/auto/Derivative.xml (RunModel)" time="0.212" />
  <testcase classname="ptolemy.util.test.junit.AutoTests" name="[52] /home/travis/build/icyphy/ptII/ptolemy/domains/continuous/test/auto/Derivative1.xml (RunModel)" time="0.057" />
  <testcase classname="ptolemy.util.test.junit.AutoTests" name="[53] /home/travis/build/icyphy/ptII/ptolemy/domains/continuous/test/auto/DiscreteClock.xml (RunModel)" time="0.017" />
  <testcase classname="ptolemy.util.test.junit.AutoTests" name="[54] /home/travis/build/icyphy/ptII/ptolemy/domains/continuous/test/auto/EfficiencyCurve.xml (RunModel)" time="0.12" />
  <testcase classname="ptolemy.util.test.junit.AutoTests" name="[55] /home/travis/build/icyphy/ptII/ptolemy/domains/continuous/test/auto/ExponentialResponse.xml (RunModel)" time="0.113" />
  <testcase classname="ptolemy.util.test.junit.AutoTests" name="[56] /home/travis/build/icyphy/ptII/ptolemy/domains/continuous/test/auto/ExponentialResponseRK45.xml (RunModel)" time="0.043" />
  <testcase classname="ptolemy.util.test.junit.AutoTests" name="[57] /home/travis/build/icyphy/ptII/ptolemy/domains/continuous/test/auto/Friction.xml (RunModel)" time="1.467" />
  <testcase classname="ptolemy.util.test.junit.AutoTests" name="[58] /home/travis/build/icyphy/ptII/ptolemy/domains/continuous/test/auto/FurutaPendulum.xml (RunModel)" time="3.567" />
  <testcase classname="ptolemy.util.test.junit.AutoTests" name="[59] /home/travis/build/icyphy/ptII/ptolemy/domains/continuous/test/auto/HierarchicalExecution.xml (RunModel)" time="2.101" />
  <testcase classname="ptolemy.util.test.junit.AutoTests" name="[60] /home/travis/build/icyphy/ptII/ptolemy/domains/continuous/test/auto/HybridPlant.xml (RunModel)" time="0.559" />
  <testcase classname="ptolemy.util.test.junit.AutoTests" name="[61] /home/travis/build/icyphy/ptII/ptolemy/domains/continuous/test/auto/Hysteresis.xml (RunModel)" time="0.16" />
  <testcase classname="ptolemy.util.test.junit.AutoTests" name="[62] /home/travis/build/icyphy/ptII/ptolemy/domains/continuous/test/auto/HysteresisWithRandomDelay.xml (RunModel)" time="0.205" />
  <testcase classname="ptolemy.util.test.junit.AutoTests" name="[63] /home/travis/build/icyphy/ptII/ptolemy/domains/continuous/test/auto/HysteresisWithRandomLosses.xml (RunModel)" time="2.323" />
  <testcase classname="ptolemy.util.test.junit.AutoTests" name="[64] /home/travis/build/icyphy/ptII/ptolemy/domains/continuous/test/auto/ImmediateTransitions.xml (RunModel)" time="0.033" />
  <testcase classname="ptolemy.util.test.junit.AutoTests" name="[65] /home/travis/build/icyphy/ptII/ptolemy/domains/continuous/test/auto/ImpulseFeedback.xml (RunModel)" time="0.025" />
  <testcase classname="ptolemy.util.test.junit.AutoTests" name="[66] /home/travis/build/icyphy/ptII/ptolemy/domains/continuous/test/auto/ImpulseFeedback2.xml (RunModel)" time="0.017" />
  <testcase classname="ptolemy.util.test.junit.AutoTests" name="[67] /home/travis/build/icyphy/ptII/ptolemy/domains/continuous/test/auto/IncreasingRatePoisson.xml (RunModel)" time="0.723" />
  <testcase classname="ptolemy.util.test.junit.AutoTests" name="[68] /home/travis/build/icyphy/ptII/ptolemy/domains/continuous/test/auto/InitialStateFeedback.xml (RunModel)" time="0.02" />
  <testcase classname="ptolemy.util.test.junit.AutoTests" name="[69] /home/travis/build/icyphy/ptII/ptolemy/domains/continuous/test/auto/Integration.xml (RunModel)" time="0.014" />
  <testcase classname="ptolemy.util.test.junit.AutoTests" name="[70] /home/travis/build/icyphy/ptII/ptolemy/domains/continuous/test/auto/Integration2.xml (RunModel)" time="0.092" />
  <testcase classname="ptolemy.util.test.junit.AutoTests" name="[71] /home/travis/build/icyphy/ptII/ptolemy/domains/continuous/test/auto/Integration3.xml (RunModel)" time="0.013" />
  <testcase classname="ptolemy.util.test.junit.AutoTests" name="[72] /home/travis/build/icyphy/ptII/ptolemy/domains/continuous/test/auto/Integration5.xml (RunModel)" time="0.027" />
  <testcase classname="ptolemy.util.test.junit.AutoTests" name="[73] /home/travis/build/icyphy/ptII/ptolemy/domains/continuous/test/auto/IntegratorImpulse.xml (RunModel)" time="0.012" />
  <testcase classname="ptolemy.util.test.junit.AutoTests" name="[74] /home/travis/build/icyphy/ptII/ptolemy/domains/continuous/test/auto/IntegratorImpulse2.xml (RunModel)" time="0.013" />
  <testcase classname="ptolemy.util.test.junit.AutoTests" name="[75] /home/travis/build/icyphy/ptII/ptolemy/domains/continuous/test/auto/LevelCrossing1.xml (RunModel)" time="0.013" />
  <testcase classname="ptolemy.util.test.junit.AutoTests" name="[76] /home/travis/build/icyphy/ptII/ptolemy/domains/continuous/test/auto/LevelCrossing2.xml (RunModel)" time="0.013" />
  <testcase classname="ptolemy.util.test.junit.AutoTests" name="[77] /home/travis/build/icyphy/ptII/ptolemy/domains/continuous/test/auto/LevelCrossing3.xml (RunModel)" time="0.013" />
  <testcase classname="ptolemy.util.test.junit.AutoTests" name="[78] /home/travis/build/icyphy/ptII/ptolemy/domains/continuous/test/auto/LevelCrossing4.xml (RunModel)" time="0.016" />
  <testcase classname="ptolemy.util.test.junit.AutoTests" name="[79] /home/travis/build/icyphy/ptII/ptolemy/domains/continuous/test/auto/LevelCrossing5.xml (RunModel)" time="0.013" />
  <testcase classname="ptolemy.util.test.junit.AutoTests" name="[80] /home/travis/build/icyphy/ptII/ptolemy/domains/continuous/test/auto/LevelCrossing6.xml (RunModel)" time="0.016" />
  <testcase classname="ptolemy.util.test.junit.AutoTests" name="[81] /home/travis/build/icyphy/ptII/ptolemy/domains/continuous/test/auto/LevelCrossingDetector.xml (RunModel)" time="0.033" />
  <testcase classname="ptolemy.util.test.junit.AutoTests" name="[82] /home/travis/build/icyphy/ptII/ptolemy/domains/continuous/test/auto/LevelCrossingDetectorDetectingDirections.xml (RunModel)" time="0.079" />
  <testcase classname="ptolemy.util.test.junit.AutoTests" name="[83] /home/travis/build/icyphy/ptII/ptolemy/domains/continuous/test/auto/LevelCrossingDetectorDetectsGlitches.xml (RunModel)" time="0.064" />
  <testcase classname="ptolemy.util.test.junit.AutoTests" name="[84] /home/travis/build/icyphy/ptII/ptolemy/domains/continuous/test/auto/LevelCrossingNoInitialOuput.xml (RunModel)" time="0.014" />
  <testcase classname="ptolemy.util.test.junit.AutoTests" name="[85] /home/travis/build/icyphy/ptII/ptolemy/domains/continuous/test/auto/LinearStateSpaceExample.xml (RunModel)" time="0.071" />
  <testcase classname="ptolemy.util.test.junit.AutoTests" name="[86] /home/travis/build/icyphy/ptII/ptolemy/domains/continuous/test/auto/Lorenz.xml (RunModel)" time="4.073" />
  <testcase classname="ptolemy.util.test.junit.AutoTests" name="[87] /home/travis/build/icyphy/ptII/ptolemy/domains/continuous/test/auto/LorenzDifferentialSystem.xml (RunModel)" time="1.155" />
  <testcase classname="ptolemy.util.test.junit.AutoTests" name="[88] /home/travis/build/icyphy/ptII/ptolemy/domains/continuous/test/auto/LorenzDifferentialSystemWithInput.xml (RunModel)" time="1.516" />
  <testcase classname="ptolemy.util.test.junit.AutoTests" name="[89] /home/travis/build/icyphy/ptII/ptolemy/domains/continuous/test/auto/LorenzDifferentialSystemWithTime.xml (RunModel)" time="0.755" />
  <testcase classname="ptolemy.util.test.junit.AutoTests" name="[90] /home/travis/build/icyphy/ptII/ptolemy/domains/continuous/test/auto/Microsteps.xml (RunModel)" time="0.034" />
  <testcase classname="ptolemy.util.test.junit.AutoTests" name="[91] /home/travis/build/icyphy/ptII/ptolemy/domains/continuous/test/auto/Modal1.xml (RunModel)" time="0.04" />
  <testcase classname="ptolemy.util.test.junit.AutoTests" name="[92] /home/travis/build/icyphy/ptII/ptolemy/domains/continuous/test/auto/Modal2.xml (RunModel)" time="0.052" />
  <testcase classname="ptolemy.util.test.junit.AutoTests" name="[93] /home/travis/build/icyphy/ptII/ptolemy/domains/continuous/test/auto/ModalTransitionGuardWithReset.xml (RunModel)" time="0.022" />
  <testcase classname="ptolemy.util.test.junit.AutoTests" name="[94] /home/travis/build/icyphy/ptII/ptolemy/domains/continuous/test/auto/ModalTransitionGuardWithResetUsingPreemptiveTransition.xml (RunModel)" time="0.024" />
  <testcase classname="ptolemy.util.test.junit.AutoTests" name="[95] /home/travis/build/icyphy/ptII/ptolemy/domains/continuous/test/auto/ModalTransitionGuardWithResetUsingPreemptiveTransition2.xml (RunModel)" time="0.029" />
  <testcase classname="ptolemy.util.test.junit.AutoTests" name="[96] /home/travis/build/icyphy/ptII/ptolemy/domains/continuous/test/auto/ModalTransitionGuardWithResetUsingPreemptiveTransition3.xml (RunModel)" time="0.029" />
  <testcase classname="ptolemy.util.test.junit.AutoTests" name="[97] /home/travis/build/icyphy/ptII/ptolemy/domains/continuous/test/auto/NewtonsCradle.xml (RunModel)" time="0.88" />
  <testcase classname="ptolemy.util.test.junit.AutoTests" name="[98] /home/travis/build/icyphy/ptII/ptolemy/domains/continuous/test/auto/NewtonsCradleAnimated.xml (RunModel)" time="1.287" />
  <testcase classname="ptolemy.util.test.junit.AutoTests" name="[99] /home/travis/build/icyphy/ptII/ptolemy/domains/continuous/test/auto/NewtonsCradleComplicated.xml (RunModel)" time="0.87" />
  <testcase classname="ptolemy.util.test.junit.AutoTests" name="[100] /home/travis/build/icyphy/ptII/ptolemy/domains/continuous/test/auto/NewtonsCradleNondeterministic.xml (RunModel)" time="0.633" />
  <testcase classname="ptolemy.util.test.junit.AutoTests" name="[101] /home/travis/build/icyphy/ptII/ptolemy/domains/continuous/test/auto/NewtonsCradlePerfectlyInelastic1.xml (RunModel)" time="1.347" />
  <testcase classname="ptolemy.util.test.junit.AutoTests" name="[102] /home/travis/build/icyphy/ptII/ptolemy/domains/continuous/test/auto/Noise.xml (RunModel)" time="0.218" />
  <testcase classname="ptolemy.util.test.junit.AutoTests" name="[103] /home/travis/build/icyphy/ptII/ptolemy/domains/continuous/test/auto/NoiseSpectrum.xml (RunModel)" time="0.789" />
  <testcase classname="ptolemy.util.test.junit.AutoTests" name="[104] /home/travis/build/icyphy/ptII/ptolemy/domains/continuous/test/auto/ParameterizedNewtonsCradleAnimated.xml (RunModel)" time="0.37" />
  <testcase classname="ptolemy.util.test.junit.AutoTests" name="[105] /home/travis/build/icyphy/ptII/ptolemy/domains/continuous/test/auto/ParameterizedNewtonsCradleAnimatedNondeterministic.xml (RunModel)" time="1.129" />
  <testcase classname="ptolemy.util.test.junit.AutoTests" name="[106] /home/travis/build/icyphy/ptII/ptolemy/domains/continuous/test/auto/Pendulum3D.xml (RunModel)" time="0.214" />
  <testcase classname="ptolemy.util.test.junit.AutoTests" name="[107] /home/travis/build/icyphy/ptII/ptolemy/domains/continuous/test/auto/PeriodicSampler.xml (RunModel)" time="0.01" />
  <testcase classname="ptolemy.util.test.junit.AutoTests" name="[108] /home/travis/build/icyphy/ptII/ptolemy/domains/continuous/test/auto/PeriodicSampler1.xml (RunModel)" time="0.038" />
  <testcase classname="ptolemy.util.test.junit.AutoTests" name="[109] /home/travis/build/icyphy/ptII/ptolemy/domains/continuous/test/auto/PeriodicSampler2.xml (RunModel)" time="0.063" />
  <testcase classname="ptolemy.util.test.junit.AutoTests" name="[110] /home/travis/build/icyphy/ptII/ptolemy/domains/continuous/test/auto/Poisson.xml (RunModel)" time="0.404" />
  <testcase classname="ptolemy.util.test.junit.AutoTests" name="[111] /home/travis/build/icyphy/ptII/ptolemy/domains/continuous/test/auto/PoissonClock.xml (RunModel)" time="0.012" />
  <testcase classname="ptolemy.util.test.junit.AutoTests" name="[112] /home/travis/build/icyphy/ptII/ptolemy/domains/continuous/test/auto/PoissonClock2.xml (RunModel)" time="0.015" />
  <testcase classname="ptolemy.util.test.junit.AutoTests" name="[113] /home/travis/build/icyphy/ptII/ptolemy/domains/continuous/test/auto/PortParameterHierarchy.xml (RunModel)" time="0.02" />
  <testcase classname="ptolemy.util.test.junit.AutoTests" name="[114] /home/travis/build/icyphy/ptII/ptolemy/domains/continuous/test/auto/RandomHybridPlant.xml (RunModel)" time="0.651" />
  <testcase classname="ptolemy.util.test.junit.AutoTests" name="[115] /home/travis/build/icyphy/ptII/ptolemy/domains/continuous/test/auto/ResetTransitionWithStartTime1.xml (RunModel)" time="0.032" />
  <testcase classname="ptolemy.util.test.junit.AutoTests" name="[116] /home/travis/build/icyphy/ptII/ptolemy/domains/continuous/test/auto/ResetTransitionWithStartTime2.xml (RunModel)" time="0.043" />
  <testcase classname="ptolemy.util.test.junit.AutoTests" name="[117] /home/travis/build/icyphy/ptII/ptolemy/domains/continuous/test/auto/ResetTransitionWithStartTime3.xml (RunModel)" time="0.038" />
  <testcase classname="ptolemy.util.test.junit.AutoTests" name="[118] /home/travis/build/icyphy/ptII/ptolemy/domains/continuous/test/auto/ResetTransitionWithStartTime4.xml (RunModel)" time="0.026" />
  <testcase classname="ptolemy.util.test.junit.AutoTests" name="[119] /home/travis/build/icyphy/ptII/ptolemy/domains/continuous/test/auto/ResetTransitionWithStartTime5.xml (RunModel)" time="0.034" />
  <testcase classname="ptolemy.util.test.junit.AutoTests" name="[120] /home/travis/build/icyphy/ptII/ptolemy/domains/continuous/test/auto/ResetTransitionWithStartTime6.xml (RunModel)" time="0.03" />
  <testcase classname="ptolemy.util.test.junit.AutoTests" name="[121] /home/travis/build/icyphy/ptII/ptolemy/domains/continuous/test/auto/SRinContinuous.xml (RunModel)" time="0.028" />
  <testcase classname="ptolemy.util.test.junit.AutoTests" name="[122] /home/travis/build/icyphy/ptII/ptolemy/domains/continuous/test/auto/SampledClocks.xml (RunModel)" time="0.029" />
  <testcase classname="ptolemy.util.test.junit.AutoTests" name="[123] /home/travis/build/icyphy/ptII/ptolemy/domains/continuous/test/auto/Satellite.xml (RunModel)" time="0.866" />
  <testcase classname="ptolemy.util.test.junit.AutoTests" name="[124] /home/travis/build/icyphy/ptII/ptolemy/domains/continuous/test/auto/SigmaDelta.xml (RunModel)" time="2.316" />
  <testcase classname="ptolemy.util.test.junit.AutoTests" name="[125] /home/travis/build/icyphy/ptII/ptolemy/domains/continuous/test/auto/SingleRefinement.xml (RunModel)" time="0.432" />
  <testcase classname="ptolemy.util.test.junit.AutoTests" name="[126] /home/travis/build/icyphy/ptII/ptolemy/domains/continuous/test/auto/SinuBouncingBall.xml (RunModel)" time="0.813" />
  <testcase classname="ptolemy.util.test.junit.AutoTests" name="[127] /home/travis/build/icyphy/ptII/ptolemy/domains/continuous/test/auto/Sinusoid.xml (RunModel)" time="0.02" />
  <testcase classname="ptolemy.util.test.junit.AutoTests" name="[128] /home/travis/build/icyphy/ptII/ptolemy/domains/continuous/test/auto/SinusoidInNoise.xml (RunModel)" time="1.0" />
  <testcase classname="ptolemy.util.test.junit.AutoTests" name="[129] /home/travis/build/icyphy/ptII/ptolemy/domains/continuous/test/auto/SinusoidRK45.xml (RunModel)" time="0.015" />
  <testcase classname="ptolemy.util.test.junit.AutoTests" name="[130] /home/travis/build/icyphy/ptII/ptolemy/domains/continuous/test/auto/SinusoidWithMultipleImpulses.xml (RunModel)" time="0.014" />
  <testcase classname="ptolemy.util.test.junit.AutoTests" name="[131] /home/travis/build/icyphy/ptII/ptolemy/domains/continuous/test/auto/SquareWave.xml (RunModel)" time="0.195" />
  <testcase classname="ptolemy.util.test.junit.AutoTests" name="[132] /home/travis/build/icyphy/ptII/ptolemy/domains/continuous/test/auto/Starmac.xml (RunModel)" time="3.539" />
  <testcase classname="ptolemy.util.test.junit.AutoTests" name="[133] /home/travis/build/icyphy/ptII/ptolemy/domains/continuous/test/auto/StaticUnits.xml (RunModel)" time="2.602" />
  <testcase classname="ptolemy.util.test.junit.AutoTests" name="[134] /home/travis/build/icyphy/ptII/ptolemy/domains/continuous/test/auto/StickyMasses.xml (RunModel)" time="0.176" />
  <testcase classname="ptolemy.util.test.junit.AutoTests" name="[135] /home/travis/build/icyphy/ptII/ptolemy/domains/continuous/test/auto/StopTime.xml (RunModel)" time="0.06" />
  <testcase classname="ptolemy.util.test.junit.AutoTests" name="[136] /home/travis/build/icyphy/ptII/ptolemy/domains/continuous/test/auto/StopTime2.xml (RunModel)" time="0.058" />
  <testcase classname="ptolemy.util.test.junit.AutoTests" name="[137] /home/travis/build/icyphy/ptII/ptolemy/domains/continuous/test/auto/Switch.xml (RunModel)" time="0.067" />
  <testcase classname="ptolemy.util.test.junit.AutoTests" name="[138] /home/travis/build/icyphy/ptII/ptolemy/domains/continuous/test/auto/Thermostat.xml (RunModel)" time="0.199" />
  <testcase classname="ptolemy.util.test.junit.AutoTests" name="[139] /home/travis/build/icyphy/ptII/ptolemy/domains/continuous/test/auto/TimeDelay.xml (RunModel)" time="0.014" />
  <testcase classname="ptolemy.util.test.junit.AutoTests" name="[140] /home/travis/build/icyphy/ptII/ptolemy/domains/continuous/test/auto/TimeDelay2.xml (RunModel)" time="0.018" />
  <testcase classname="ptolemy.util.test.junit.AutoTests" name="[141] /home/travis/build/icyphy/ptII/ptolemy/domains/continuous/test/auto/TimeDelay3.xml (RunModel)" time="0.01" />
  <testcase classname="ptolemy.util.test.junit.AutoTests" name="[142] /home/travis/build/icyphy/ptII/ptolemy/domains/continuous/test/auto/TransferAbsentToInside.xml (RunModel)" time="0.109" />
  <testcase classname="ptolemy.util.test.junit.AutoTests" name="[143] /home/travis/build/icyphy/ptII/ptolemy/domains/continuous/test/auto/Transmission.xml (RunModel)" time="0.767" />
  <testcase classname="ptolemy.util.test.junit.AutoTests" name="[144] /home/travis/build/icyphy/ptII/ptolemy/domains/continuous/test/auto/TriggeredContinuousClock.xml (RunModel)" time="0.067" />
  <testcase classname="ptolemy.util.test.junit.AutoTests" name="[145] /home/travis/build/icyphy/ptII/ptolemy/domains/continuous/test/auto/TwoMachineInfiniteBusControl.xml (RunModel)" time="2.933" />
  <testcase classname="ptolemy.util.test.junit.AutoTests" name="[146] /home/travis/build/icyphy/ptII/ptolemy/domains/continuous/test/auto/V2V.xml (RunModel)" time="0.674" />
  <testcase classname="ptolemy.util.test.junit.AutoTests" name="[147] /home/travis/build/icyphy/ptII/ptolemy/domains/continuous/test/auto/hierarchicalModalModel.xml (RunModel)" time="0.036" />
  <testcase classname="ptolemy.util.test.junit.AutoTests" name="[148] /home/travis/build/icyphy/ptII/ptolemy/domains/continuous/test/auto/hierarchicalModalModel1.xml (RunModel)" time="0.029" />
  <testcase classname="ptolemy.util.test.junit.AutoTests" name="[149] /home/travis/build/icyphy/ptII/ptolemy/domains/continuous/test/auto/hierarchicalModalModel2.xml (RunModel)" time="0.027" />
  <testcase classname="ptolemy.util.test.junit.AutoTests" name="[150] /home/travis/build/icyphy/ptII/ptolemy/domains/continuous/test/auto/hierarchicalModalModel3.xml (RunModel)" time="0.023" />
  <testcase classname="ptolemy.util.test.junit.AutoTests" name="[151] /home/travis/build/icyphy/ptII/ptolemy/domains/continuous/test/auto/hierarchicalModalModel4.xml (RunModel)" time="0.026" />
  <testcase classname="ptolemy.util.test.junit.AutoTests" name="[152] /home/travis/build/icyphy/ptII/ptolemy/domains/continuous/test/auto/junk.xml (RunModel)" time="0.155" />
  <system-out><![CDATA[No tcl tests in /home/travis/build/icyphy/ptII/ptolemy/domains/continuous/test
No auto/knownFailedTests/*.xml tests in /home/travis/build/icyphy/ptII/ptolemy/domains/continuous/test
No auto/linux-amd64/*.xml tests in /home/travis/build/icyphy/ptII/ptolemy/domains/continuous/test
AutoTests.java: About to close Vertx.
AutoTests.java: Vertx closed.

===========================================================================================
----------------- testing Wed Apr 10 17:48:40 UTC 2019 /home/travis/build/icyphy/ptII/ptolemy/domains/continuous/test/auto/BouncingBall.xml
----------------- Instantiating /home/travis/build/icyphy/ptII/ptolemy/domains/continuous/test/auto/BouncingBall.xml
2312 ms. Memory: 331264K Free: 262348K (79%)
----------------- Invoking toplevel() on ptolemy.moml.MoMLSimpleApplication@206eae6a
----------------- Done invoking toplevel() on ptolemy.moml.MoMLSimpleApplication@206eae6a
reloadAllAccessors: .BouncingBall

===========================================================================================
----------------- testing Wed Apr 10 17:48:43 UTC 2019 /home/travis/build/icyphy/ptII/ptolemy/domains/continuous/test/auto/BouncingBallWithoutGR.xml
----------------- Instantiating /home/travis/build/icyphy/ptII/ptolemy/domains/continuous/test/auto/BouncingBallWithoutGR.xml
809 ms. Memory: 331776K Free: 318052K (96%)
----------------- Invoking toplevel() on ptolemy.moml.MoMLSimpleApplication@2abd6446
----------------- Done invoking toplevel() on ptolemy.moml.MoMLSimpleApplication@2abd6446
reloadAllAccessors: .BouncingBallWithoutGR

===========================================================================================
----------------- testing Wed Apr 10 17:48:44 UTC 2019 /home/travis/build/icyphy/ptII/ptolemy/domains/continuous/test/auto/Brownian.xml
----------------- Instantiating /home/travis/build/icyphy/ptII/ptolemy/domains/continuous/test/auto/Brownian.xml
40 ms. Memory: 331776K Free: 304397K (92%)
----------------- Invoking toplevel() on ptolemy.moml.MoMLSimpleApplication@5229bda8
----------------- Done invoking toplevel() on ptolemy.moml.MoMLSimpleApplication@5229bda8
reloadAllAccessors: .Brownian

===========================================================================================
----------------- testing Wed Apr 10 17:48:44 UTC 2019 /home/travis/build/icyphy/ptII/ptolemy/domains/continuous/test/auto/CarTracking.xml
----------------- Instantiating /home/travis/build/icyphy/ptII/ptolemy/domains/continuous/test/auto/CarTracking.xml
3430 ms. Memory: 578560K Free: 452798K (78%)
----------------- Invoking toplevel() on ptolemy.moml.MoMLSimpleApplication@4cf693eb
----------------- Done invoking toplevel() on ptolemy.moml.MoMLSimpleApplication@4cf693eb
reloadAllAccessors: .CarTracking

===========================================================================================
----------------- testing Wed Apr 10 17:48:48 UTC 2019 /home/travis/build/icyphy/ptII/ptolemy/domains/continuous/test/auto/CartPendulum.xml
----------------- Instantiating /home/travis/build/icyphy/ptII/ptolemy/domains/continuous/test/auto/CartPendulum.xml
425 ms. Memory: 578560K Free: 351783K (61%)
----------------- Invoking toplevel() on ptolemy.moml.MoMLSimpleApplication@4e3af68d
----------------- Done invoking toplevel() on ptolemy.moml.MoMLSimpleApplication@4e3af68d
reloadAllAccessors: .CartPendulum

===========================================================================================
----------------- testing Wed Apr 10 17:48:49 UTC 2019 /home/travis/build/icyphy/ptII/ptolemy/domains/continuous/test/auto/CausalityInterface10.xml
----------------- Instantiating /home/travis/build/icyphy/ptII/ptolemy/domains/continuous/test/auto/CausalityInterface10.xml
12 ms. Memory: 578560K Free: 338675K (59%)
----------------- Invoking toplevel() on ptolemy.moml.MoMLSimpleApplication@49e1c5da
----------------- Done invoking toplevel() on ptolemy.moml.MoMLSimpleApplication@49e1c5da
reloadAllAccessors: .CausalityInterface10

===========================================================================================
----------------- testing Wed Apr 10 17:48:49 UTC 2019 /home/travis/build/icyphy/ptII/ptolemy/domains/continuous/test/auto/CausalityInterface11.xml
----------------- Instantiating /home/travis/build/icyphy/ptII/ptolemy/domains/continuous/test/auto/CausalityInterface11.xml
8 ms. Memory: 578560K Free: 328829K (57%)
----------------- Invoking toplevel() on ptolemy.moml.MoMLSimpleApplication@cff300a
----------------- Done invoking toplevel() on ptolemy.moml.MoMLSimpleApplication@cff300a
reloadAllAccessors: .CausalityInterface11

===========================================================================================
----------------- testing Wed Apr 10 17:48:49 UTC 2019 /home/travis/build/icyphy/ptII/ptolemy/domains/continuous/test/auto/CausalityInterface12.xml
----------------- Instantiating /home/travis/build/icyphy/ptII/ptolemy/domains/continuous/test/auto/CausalityInterface12.xml
11 ms. Memory: 578560K Free: 316129K (55%)
----------------- Invoking toplevel() on ptolemy.moml.MoMLSimpleApplication@3ffe8963
----------------- Done invoking toplevel() on ptolemy.moml.MoMLSimpleApplication@3ffe8963
reloadAllAccessors: .CausalityInterface12

===========================================================================================
----------------- testing Wed Apr 10 17:48:49 UTC 2019 /home/travis/build/icyphy/ptII/ptolemy/domains/continuous/test/auto/CausalityInterface13.xml
----------------- Instantiating /home/travis/build/icyphy/ptII/ptolemy/domains/continuous/test/auto/CausalityInterface13.xml
4 ms. Memory: 578560K Free: 306299K (53%)
----------------- Invoking toplevel() on ptolemy.moml.MoMLSimpleApplication@374e328d
----------------- Done invoking toplevel() on ptolemy.moml.MoMLSimpleApplication@374e328d
reloadAllAccessors: .CausalityInterface13

===========================================================================================
----------------- testing Wed Apr 10 17:48:49 UTC 2019 /home/travis/build/icyphy/ptII/ptolemy/domains/continuous/test/auto/CausalityInterface14.xml
----------------- Instantiating /home/travis/build/icyphy/ptII/ptolemy/domains/continuous/test/auto/CausalityInterface14.xml
4 ms. Memory: 578560K Free: 296452K (51%)
----------------- Invoking toplevel() on ptolemy.moml.MoMLSimpleApplication@19be338
----------------- Done invoking toplevel() on ptolemy.moml.MoMLSimpleApplication@19be338
reloadAllAccessors: .CausalityInterface14

===========================================================================================
----------------- testing Wed Apr 10 17:48:49 UTC 2019 /home/travis/build/icyphy/ptII/ptolemy/domains/continuous/test/auto/CausalityInterface4.xml
----------------- Instantiating /home/travis/build/icyphy/ptII/ptolemy/domains/continuous/test/auto/CausalityInterface4.xml
7 ms. Memory: 578560K Free: 286614K (50%)
----------------- Invoking toplevel() on ptolemy.moml.MoMLSimpleApplication@f4190bb
----------------- Done invoking toplevel() on ptolemy.moml.MoMLSimpleApplication@f4190bb
reloadAllAccessors: .CausalityInterface4

===========================================================================================
----------------- testing Wed Apr 10 17:48:49 UTC 2019 /home/travis/build/icyphy/ptII/ptolemy/domains/continuous/test/auto/CausalityInterface5.xml
----------------- Instantiating /home/travis/build/icyphy/ptII/ptolemy/domains/continuous/test/auto/CausalityInterface5.xml
5 ms. Memory: 578560K Free: 270637K (47%)
----------------- Invoking toplevel() on ptolemy.moml.MoMLSimpleApplication@7ff8659a
----------------- Done invoking toplevel() on ptolemy.moml.MoMLSimpleApplication@7ff8659a
reloadAllAccessors: .CausalityInterface5

===========================================================================================
----------------- testing Wed Apr 10 17:48:49 UTC 2019 /home/travis/build/icyphy/ptII/ptolemy/domains/continuous/test/auto/CausalityInterface6.xml
----------------- Instantiating /home/travis/build/icyphy/ptII/ptolemy/domains/continuous/test/auto/CausalityInterface6.xml
7 ms. Memory: 578560K Free: 260791K (45%)
----------------- Invoking toplevel() on ptolemy.moml.MoMLSimpleApplication@23b3b916
----------------- Done invoking toplevel() on ptolemy.moml.MoMLSimpleApplication@23b3b916
reloadAllAccessors: .CausalityInterface6

===========================================================================================
----------------- testing Wed Apr 10 17:48:49 UTC 2019 /home/travis/build/icyphy/ptII/ptolemy/domains/continuous/test/auto/CausalityInterface7.xml
----------------- Instantiating /home/travis/build/icyphy/ptII/ptolemy/domains/continuous/test/auto/CausalityInterface7.xml
13 ms. Memory: 578560K Free: 247668K (43%)
----------------- Invoking toplevel() on ptolemy.moml.MoMLSimpleApplication@35c85048
----------------- Done invoking toplevel() on ptolemy.moml.MoMLSimpleApplication@35c85048
reloadAllAccessors: .CausalityInterface7

===========================================================================================
----------------- testing Wed Apr 10 17:48:49 UTC 2019 /home/travis/build/icyphy/ptII/ptolemy/domains/continuous/test/auto/CausalityInterface8.xml
----------------- Instantiating /home/travis/build/icyphy/ptII/ptolemy/domains/continuous/test/auto/CausalityInterface8.xml
5 ms. Memory: 578560K Free: 234528K (41%)
----------------- Invoking toplevel() on ptolemy.moml.MoMLSimpleApplication@11a53f40
----------------- Done invoking toplevel() on ptolemy.moml.MoMLSimpleApplication@11a53f40
reloadAllAccessors: .CausalityInterface8

===========================================================================================
----------------- testing Wed Apr 10 17:48:49 UTC 2019 /home/travis/build/icyphy/ptII/ptolemy/domains/continuous/test/auto/CausalityInterface9.xml
----------------- Instantiating /home/travis/build/icyphy/ptII/ptolemy/domains/continuous/test/auto/CausalityInterface9.xml
10 ms. Memory: 578560K Free: 218552K (38%)
----------------- Invoking toplevel() on ptolemy.moml.MoMLSimpleApplication@53259245
----------------- Done invoking toplevel() on ptolemy.moml.MoMLSimpleApplication@53259245
reloadAllAccessors: .CausalityInterface9

===========================================================================================
----------------- testing Wed Apr 10 17:48:49 UTC 2019 /home/travis/build/icyphy/ptII/ptolemy/domains/continuous/test/auto/CausalityInterfaceFeedback1.xml
----------------- Instantiating /home/travis/build/icyphy/ptII/ptolemy/domains/continuous/test/auto/CausalityInterfaceFeedback1.xml
6 ms. Memory: 578560K Free: 208705K (36%)
----------------- Invoking toplevel() on ptolemy.moml.MoMLSimpleApplication@14b23019
----------------- Done invoking toplevel() on ptolemy.moml.MoMLSimpleApplication@14b23019
reloadAllAccessors: .CausalityInterfaceFeedback1

===========================================================================================
----------------- testing Wed Apr 10 17:48:49 UTC 2019 /home/travis/build/icyphy/ptII/ptolemy/domains/continuous/test/auto/CausalityInterfaceFeedback2.xml
----------------- Instantiating /home/travis/build/icyphy/ptII/ptolemy/domains/continuous/test/auto/CausalityInterfaceFeedback2.xml
6 ms. Memory: 578560K Free: 198859K (34%)
----------------- Invoking toplevel() on ptolemy.moml.MoMLSimpleApplication@45051e64
----------------- Done invoking toplevel() on ptolemy.moml.MoMLSimpleApplication@45051e64
reloadAllAccessors: .CausalityInterfaceFeedback2

===========================================================================================
----------------- testing Wed Apr 10 17:48:49 UTC 2019 /home/travis/build/icyphy/ptII/ptolemy/domains/continuous/test/auto/CompareWithCurrentTime.xml
----------------- Instantiating /home/travis/build/icyphy/ptII/ptolemy/domains/continuous/test/auto/CompareWithCurrentTime.xml
4 ms. Memory: 578560K Free: 189452K (33%)
----------------- Invoking toplevel() on ptolemy.moml.MoMLSimpleApplication@4eb5c63f
----------------- Done invoking toplevel() on ptolemy.moml.MoMLSimpleApplication@4eb5c63f
reloadAllAccessors: .CompareWithCurrentTime

===========================================================================================
----------------- testing Wed Apr 10 17:48:49 UTC 2019 /home/travis/build/icyphy/ptII/ptolemy/domains/continuous/test/auto/ComparedClocks.xml
----------------- Instantiating /home/travis/build/icyphy/ptII/ptolemy/domains/continuous/test/auto/ComparedClocks.xml
8 ms. Memory: 578560K Free: 169759K (29%)
----------------- Invoking toplevel() on ptolemy.moml.MoMLSimpleApplication@6e94e38d
----------------- Done invoking toplevel() on ptolemy.moml.MoMLSimpleApplication@6e94e38d
reloadAllAccessors: .ComparedClocks

===========================================================================================
----------------- testing Wed Apr 10 17:48:49 UTC 2019 /home/travis/build/icyphy/ptII/ptolemy/domains/continuous/test/auto/ContinuousAOCClone.xml
----------------- Instantiating /home/travis/build/icyphy/ptII/ptolemy/domains/continuous/test/auto/ContinuousAOCClone.xml
2479 ms. Memory: 872960K Free: 427041K (49%)
----------------- Invoking toplevel() on ptolemy.moml.MoMLSimpleApplication@78740140
----------------- Done invoking toplevel() on ptolemy.moml.MoMLSimpleApplication@78740140
reloadAllAccessors: .ContinuousAOCClone

===========================================================================================
----------------- testing Wed Apr 10 17:48:52 UTC 2019 /home/travis/build/icyphy/ptII/ptolemy/domains/continuous/test/auto/ContinuousClock.xml
----------------- Instantiating /home/travis/build/icyphy/ptII/ptolemy/domains/continuous/test/auto/ContinuousClock.xml
39 ms. Memory: 872960K Free: 394163K (45%)
----------------- Invoking toplevel() on ptolemy.moml.MoMLSimpleApplication@192b6dc
----------------- Done invoking toplevel() on ptolemy.moml.MoMLSimpleApplication@192b6dc
reloadAllAccessors: .ContinuousClock

===========================================================================================
----------------- testing Wed Apr 10 17:48:52 UTC 2019 /home/travis/build/icyphy/ptII/ptolemy/domains/continuous/test/auto/ContinuousInContinuous.xml
----------------- Instantiating /home/travis/build/icyphy/ptII/ptolemy/domains/continuous/test/auto/ContinuousInContinuous.xml
43 ms. Memory: 872960K Free: 362681K (42%)
----------------- Invoking toplevel() on ptolemy.moml.MoMLSimpleApplication@4dba8e3e
----------------- Done invoking toplevel() on ptolemy.moml.MoMLSimpleApplication@4dba8e3e
reloadAllAccessors: .ContinuousInContinuous

===========================================================================================
----------------- testing Wed Apr 10 17:48:52 UTC 2019 /home/travis/build/icyphy/ptII/ptolemy/domains/continuous/test/auto/ContinuousInContinuousInContinuous.xml
----------------- Instantiating /home/travis/build/icyphy/ptII/ptolemy/domains/continuous/test/auto/ContinuousInContinuousInContinuous.xml
9 ms. Memory: 872960K Free: 346947K (40%)
----------------- Invoking toplevel() on ptolemy.moml.MoMLSimpleApplication@546d290e
----------------- Done invoking toplevel() on ptolemy.moml.MoMLSimpleApplication@546d290e
reloadAllAccessors: .ContinuousInContinuousInContinuous

===========================================================================================
----------------- testing Wed Apr 10 17:48:52 UTC 2019 /home/travis/build/icyphy/ptII/ptolemy/domains/continuous/test/auto/ContinuousInDE.xml
----------------- Instantiating /home/travis/build/icyphy/ptII/ptolemy/domains/continuous/test/auto/ContinuousInDE.xml
117 ms. Memory: 872960K Free: 328136K (38%)
----------------- Invoking toplevel() on ptolemy.moml.MoMLSimpleApplication@412e09f7
----------------- Done invoking toplevel() on ptolemy.moml.MoMLSimpleApplication@412e09f7
reloadAllAccessors: .ContinuousInDE

===========================================================================================
----------------- testing Wed Apr 10 17:48:52 UTC 2019 /home/travis/build/icyphy/ptII/ptolemy/domains/continuous/test/auto/ContinuousInDE2.xml
----------------- Instantiating /home/travis/build/icyphy/ptII/ptolemy/domains/continuous/test/auto/ContinuousInDE2.xml
42 ms. Memory: 872960K Free: 312417K (36%)
----------------- Invoking toplevel() on ptolemy.moml.MoMLSimpleApplication@260cc646
----------------- Done invoking toplevel() on ptolemy.moml.MoMLSimpleApplication@260cc646
reloadAllAccessors: .ContinuousInDE2

===========================================================================================
----------------- testing Wed Apr 10 17:48:52 UTC 2019 /home/travis/build/icyphy/ptII/ptolemy/domains/continuous/test/auto/ContinuousInDE3.xml
----------------- Instantiating /home/travis/build/icyphy/ptII/ptolemy/domains/continuous/test/auto/ContinuousInDE3.xml
36 ms. Memory: 872960K Free: 296698K (34%)
----------------- Invoking toplevel() on ptolemy.moml.MoMLSimpleApplication@7f708b8c
----------------- Done invoking toplevel() on ptolemy.moml.MoMLSimpleApplication@7f708b8c
reloadAllAccessors: .ContinuousInDE3

===========================================================================================
----------------- testing Wed Apr 10 17:48:52 UTC 2019 /home/travis/build/icyphy/ptII/ptolemy/domains/continuous/test/auto/ContinuousInDE4.xml
----------------- Instantiating /home/travis/build/icyphy/ptII/ptolemy/domains/continuous/test/auto/ContinuousInDE4.xml
15 ms. Memory: 872960K Free: 286219K (33%)
----------------- Invoking toplevel() on ptolemy.moml.MoMLSimpleApplication@48f4276e
----------------- Done invoking toplevel() on ptolemy.moml.MoMLSimpleApplication@48f4276e
reloadAllAccessors: .ContinuousInDE4

===========================================================================================
----------------- testing Wed Apr 10 17:48:52 UTC 2019 /home/travis/build/icyphy/ptII/ptolemy/domains/continuous/test/auto/ContinuousInDEDifferentRefinements.xml
----------------- Instantiating /home/travis/build/icyphy/ptII/ptolemy/domains/continuous/test/auto/ContinuousInDEDifferentRefinements.xml
64 ms. Memory: 872960K Free: 246410K (28%)
----------------- Invoking toplevel() on ptolemy.moml.MoMLSimpleApplication@53f2541e
----------------- Done invoking toplevel() on ptolemy.moml.MoMLSimpleApplication@53f2541e
reloadAllAccessors: .ContinuousInDEDifferentRefinements

===========================================================================================
----------------- testing Wed Apr 10 17:48:53 UTC 2019 /home/travis/build/icyphy/ptII/ptolemy/domains/continuous/test/auto/ContinuousInDEDifferentRefinementsPreemptive.xml
----------------- Instantiating /home/travis/build/icyphy/ptII/ptolemy/domains/continuous/test/auto/ContinuousInDEDifferentRefinementsPreemptive.xml
47 ms. Memory: 872960K Free: 209693K (24%)
----------------- Invoking toplevel() on ptolemy.moml.MoMLSimpleApplication@418823b3
----------------- Done invoking toplevel() on ptolemy.moml.MoMLSimpleApplication@418823b3
reloadAllAccessors: .ContinuousInDEDifferentRefinementsPreemptive

===========================================================================================
----------------- testing Wed Apr 10 17:48:53 UTC 2019 /home/travis/build/icyphy/ptII/ptolemy/domains/continuous/test/auto/ContinuousInDEInContinuous2.xml
----------------- Instantiating /home/travis/build/icyphy/ptII/ptolemy/domains/continuous/test/auto/ContinuousInDEInContinuous2.xml
38 ms. Memory: 872960K Free: 193975K (22%)
----------------- Invoking toplevel() on ptolemy.moml.MoMLSimpleApplication@40e5a36c
----------------- Done invoking toplevel() on ptolemy.moml.MoMLSimpleApplication@40e5a36c
reloadAllAccessors: .ContinuousInDEInContinuous2

===========================================================================================
----------------- testing Wed Apr 10 17:48:53 UTC 2019 /home/travis/build/icyphy/ptII/ptolemy/domains/continuous/test/auto/ContinuousInDEInContinuous3.xml
----------------- Instantiating /home/travis/build/icyphy/ptII/ptolemy/domains/continuous/test/auto/ContinuousInDEInContinuous3.xml
46 ms. Memory: 872960K Free: 173017K (20%)
----------------- Invoking toplevel() on ptolemy.moml.MoMLSimpleApplication@11204004
----------------- Done invoking toplevel() on ptolemy.moml.MoMLSimpleApplication@11204004
reloadAllAccessors: .ContinuousInDEInContinuous3

===========================================================================================
----------------- testing Wed Apr 10 17:48:53 UTC 2019 /home/travis/build/icyphy/ptII/ptolemy/domains/continuous/test/auto/ContinuousInDEInput.xml
----------------- Instantiating /home/travis/build/icyphy/ptII/ptolemy/domains/continuous/test/auto/ContinuousInDEInput.xml
26 ms. Memory: 872960K Free: 159445K (18%)
----------------- Invoking toplevel() on ptolemy.moml.MoMLSimpleApplication@cc38139
----------------- Done invoking toplevel() on ptolemy.moml.MoMLSimpleApplication@cc38139
reloadAllAccessors: .ContinuousInDEInput

===========================================================================================
----------------- testing Wed Apr 10 17:48:53 UTC 2019 /home/travis/build/icyphy/ptII/ptolemy/domains/continuous/test/auto/ContinuousInDEInput2.xml
----------------- Instantiating /home/travis/build/icyphy/ptII/ptolemy/domains/continuous/test/auto/ContinuousInDEInput2.xml
13 ms. Memory: 872960K Free: 148966K (17%)
----------------- Invoking toplevel() on ptolemy.moml.MoMLSimpleApplication@57334bfb
----------------- Done invoking toplevel() on ptolemy.moml.MoMLSimpleApplication@57334bfb
reloadAllAccessors: .ContinuousInDEInput2

===========================================================================================
----------------- testing Wed Apr 10 17:48:53 UTC 2019 /home/travis/build/icyphy/ptII/ptolemy/domains/continuous/test/auto/ContinuousInDEInput3.xml
----------------- Instantiating /home/travis/build/icyphy/ptII/ptolemy/domains/continuous/test/auto/ContinuousInDEInput3.xml
13 ms. Memory: 872960K Free: 138487K (16%)
----------------- Invoking toplevel() on ptolemy.moml.MoMLSimpleApplication@505eb185
----------------- Done invoking toplevel() on ptolemy.moml.MoMLSimpleApplication@505eb185
reloadAllAccessors: .ContinuousInDEInput3

===========================================================================================
----------------- testing Wed Apr 10 17:48:53 UTC 2019 /home/travis/build/icyphy/ptII/ptolemy/domains/continuous/test/auto/ContinuousInDESharingRefinement.xml
----------------- Instantiating /home/travis/build/icyphy/ptII/ptolemy/domains/continuous/test/auto/ContinuousInDESharingRefinement.xml
163 ms. Memory: 829952K Free: 784005K (94%)
----------------- Invoking toplevel() on ptolemy.moml.MoMLSimpleApplication@455fb590
----------------- Done invoking toplevel() on ptolemy.moml.MoMLSimpleApplication@455fb590
reloadAllAccessors: .ContinuousInDESharingRefinement

===========================================================================================
----------------- testing Wed Apr 10 17:48:53 UTC 2019 /home/travis/build/icyphy/ptII/ptolemy/domains/continuous/test/auto/ContinuousInDEwithNoPorts.xml
----------------- Instantiating /home/travis/build/icyphy/ptII/ptolemy/domains/continuous/test/auto/ContinuousInDEwithNoPorts.xml
8 ms. Memory: 829952K Free: 771986K (93%)
----------------- Invoking toplevel() on ptolemy.moml.MoMLSimpleApplication@5236c610
----------------- Done invoking toplevel() on ptolemy.moml.MoMLSimpleApplication@5236c610
reloadAllAccessors: .ContinuousInDEwithNoPorts

===========================================================================================
----------------- testing Wed Apr 10 17:48:53 UTC 2019 /home/travis/build/icyphy/ptII/ptolemy/domains/continuous/test/auto/ContinuousInsideDE.xml
----------------- Instantiating /home/travis/build/icyphy/ptII/ptolemy/domains/continuous/test/auto/ContinuousInsideDE.xml
43 ms. Memory: 829952K Free: 753240K (91%)
----------------- Invoking toplevel() on ptolemy.moml.MoMLSimpleApplication@72bfd507
----------------- Done invoking toplevel() on ptolemy.moml.MoMLSimpleApplication@72bfd507
reloadAllAccessors: .ContinuousInsideDE

===========================================================================================
----------------- testing Wed Apr 10 17:48:53 UTC 2019 /home/travis/build/icyphy/ptII/ptolemy/domains/continuous/test/auto/ContinuousMerge1.xml
----------------- Instantiating /home/travis/build/icyphy/ptII/ptolemy/domains/continuous/test/auto/ContinuousMerge1.xml
3 ms. Memory: 829952K Free: 743766K (90%)
----------------- Invoking toplevel() on ptolemy.moml.MoMLSimpleApplication@3f78f51e
----------------- Done invoking toplevel() on ptolemy.moml.MoMLSimpleApplication@3f78f51e
reloadAllAccessors: .ContinuousMerge1

===========================================================================================
----------------- testing Wed Apr 10 17:48:53 UTC 2019 /home/travis/build/icyphy/ptII/ptolemy/domains/continuous/test/auto/ContinuousMerge2.xml
----------------- Instantiating /home/travis/build/icyphy/ptII/ptolemy/domains/continuous/test/auto/ContinuousMerge2.xml
11 ms. Memory: 829952K Free: 728608K (88%)
----------------- Invoking toplevel() on ptolemy.moml.MoMLSimpleApplication@3d3359a1
----------------- Done invoking toplevel() on ptolemy.moml.MoMLSimpleApplication@3d3359a1
reloadAllAccessors: .ContinuousMerge2

===========================================================================================
----------------- testing Wed Apr 10 17:48:53 UTC 2019 /home/travis/build/icyphy/ptII/ptolemy/domains/continuous/test/auto/ContinuousMerge3.xml
----------------- Instantiating /home/travis/build/icyphy/ptII/ptolemy/domains/continuous/test/auto/ContinuousMerge3.xml
39 ms. Memory: 829952K Free: 711632K (86%)
----------------- Invoking toplevel() on ptolemy.moml.MoMLSimpleApplication@306c5177
----------------- Done invoking toplevel() on ptolemy.moml.MoMLSimpleApplication@306c5177
reloadAllAccessors: .ContinuousMerge3

===========================================================================================
----------------- testing Wed Apr 10 17:48:53 UTC 2019 /home/travis/build/icyphy/ptII/ptolemy/domains/continuous/test/auto/ContinuousWithinContinuous.xml
----------------- Instantiating /home/travis/build/icyphy/ptII/ptolemy/domains/continuous/test/auto/ContinuousWithinContinuous.xml
31 ms. Memory: 829952K Free: 696645K (84%)
----------------- Invoking toplevel() on ptolemy.moml.MoMLSimpleApplication@6c019568
----------------- Done invoking toplevel() on ptolemy.moml.MoMLSimpleApplication@6c019568
reloadAllAccessors: .ContinuousWithinContinuous

===========================================================================================
----------------- testing Wed Apr 10 17:48:53 UTC 2019 /home/travis/build/icyphy/ptII/ptolemy/domains/continuous/test/auto/ContinuousWithinContinuous2.xml
----------------- Instantiating /home/travis/build/icyphy/ptII/ptolemy/domains/continuous/test/auto/ContinuousWithinContinuous2.xml
57 ms. Memory: 829952K Free: 685417K (83%)
----------------- Invoking toplevel() on ptolemy.moml.MoMLSimpleApplication@13e70b3c
----------------- Done invoking toplevel() on ptolemy.moml.MoMLSimpleApplication@13e70b3c
reloadAllAccessors: .ContinuousWithinContinuous2

===========================================================================================
----------------- testing Wed Apr 10 17:48:54 UTC 2019 /home/travis/build/icyphy/ptII/ptolemy/domains/continuous/test/auto/ContinuousWithinContinuous3.xml
----------------- Instantiating /home/travis/build/icyphy/ptII/ptolemy/domains/continuous/test/auto/ContinuousWithinContinuous3.xml
12 ms. Memory: 829952K Free: 672184K (81%)
----------------- Invoking toplevel() on ptolemy.moml.MoMLSimpleApplication@5bb1fa89
----------------- Done invoking toplevel() on ptolemy.moml.MoMLSimpleApplication@5bb1fa89
reloadAllAccessors: .ContinuousWithinContinuous3

===========================================================================================
----------------- testing Wed Apr 10 17:48:54 UTC 2019 /home/travis/build/icyphy/ptII/ptolemy/domains/continuous/test/auto/ContinuousWithinContinuous4.xml
----------------- Instantiating /home/travis/build/icyphy/ptII/ptolemy/domains/continuous/test/auto/ContinuousWithinContinuous4.xml
58 ms. Memory: 829952K Free: 653454K (79%)
----------------- Invoking toplevel() on ptolemy.moml.MoMLSimpleApplication@483d098c
----------------- Done invoking toplevel() on ptolemy.moml.MoMLSimpleApplication@483d098c
reloadAllAccessors: .ContinuousWithinContinuous4

===========================================================================================
----------------- testing Wed Apr 10 17:48:54 UTC 2019 /home/travis/build/icyphy/ptII/ptolemy/domains/continuous/test/auto/ContinuousWithinContinuous5.xml
----------------- Instantiating /home/travis/build/icyphy/ptII/ptolemy/domains/continuous/test/auto/ContinuousWithinContinuous5.xml
12 ms. Memory: 829952K Free: 640221K (77%)
----------------- Invoking toplevel() on ptolemy.moml.MoMLSimpleApplication@63a037e7
----------------- Done invoking toplevel() on ptolemy.moml.MoMLSimpleApplication@63a037e7
reloadAllAccessors: .ContinuousWithinContinuous5

===========================================================================================
----------------- testing Wed Apr 10 17:48:54 UTC 2019 /home/travis/build/icyphy/ptII/ptolemy/domains/continuous/test/auto/ContinuousWithinContinuous6.xml
----------------- Instantiating /home/travis/build/icyphy/ptII/ptolemy/domains/continuous/test/auto/ContinuousWithinContinuous6.xml
11 ms. Memory: 829952K Free: 628985K (76%)
----------------- Invoking toplevel() on ptolemy.moml.MoMLSimpleApplication@587b0dbc
----------------- Done invoking toplevel() on ptolemy.moml.MoMLSimpleApplication@587b0dbc
reloadAllAccessors: .ContinuousWithinContinuous6

===========================================================================================
----------------- testing Wed Apr 10 17:48:54 UTC 2019 /home/travis/build/icyphy/ptII/ptolemy/domains/continuous/test/auto/ContinuousWithinContinuous7.xml
----------------- Instantiating /home/travis/build/icyphy/ptII/ptolemy/domains/continuous/test/auto/ContinuousWithinContinuous7.xml
59 ms. Memory: 829952K Free: 617757K (74%)
----------------- Invoking toplevel() on ptolemy.moml.MoMLSimpleApplication@4d51ad66
----------------- Done invoking toplevel() on ptolemy.moml.MoMLSimpleApplication@4d51ad66
reloadAllAccessors: .ContinuousWithinContinuous7

===========================================================================================
----------------- testing Wed Apr 10 17:48:54 UTC 2019 /home/travis/build/icyphy/ptII/ptolemy/domains/continuous/test/auto/DCMotor.xml
----------------- Instantiating /home/travis/build/icyphy/ptII/ptolemy/domains/continuous/test/auto/DCMotor.xml
11958 ms. Memory: 668160K Free: 590846K (88%)
----------------- Invoking toplevel() on ptolemy.moml.MoMLSimpleApplication@1dbb1ad6
----------------- Done invoking toplevel() on ptolemy.moml.MoMLSimpleApplication@1dbb1ad6
reloadAllAccessors: .DCMotor

===========================================================================================
----------------- testing Wed Apr 10 17:49:06 UTC 2019 /home/travis/build/icyphy/ptII/ptolemy/domains/continuous/test/auto/DEInContinuous.xml
----------------- Instantiating /home/travis/build/icyphy/ptII/ptolemy/domains/continuous/test/auto/DEInContinuous.xml
17 ms. Memory: 668160K Free: 576356K (86%)
----------------- Invoking toplevel() on ptolemy.moml.MoMLSimpleApplication@4f4f28d4
----------------- Done invoking toplevel() on ptolemy.moml.MoMLSimpleApplication@4f4f28d4
reloadAllAccessors: .DEInContinuous

===========================================================================================
----------------- testing Wed Apr 10 17:49:06 UTC 2019 /home/travis/build/icyphy/ptII/ptolemy/domains/continuous/test/auto/DEinContinuous2.xml
----------------- Instantiating /home/travis/build/icyphy/ptII/ptolemy/domains/continuous/test/auto/DEinContinuous2.xml
6 ms. Memory: 668160K Free: 557663K (83%)
----------------- Invoking toplevel() on ptolemy.moml.MoMLSimpleApplication@7545d916
----------------- Done invoking toplevel() on ptolemy.moml.MoMLSimpleApplication@7545d916
reloadAllAccessors: .DEinContinuous2

===========================================================================================
----------------- testing Wed Apr 10 17:49:06 UTC 2019 /home/travis/build/icyphy/ptII/ptolemy/domains/continuous/test/auto/Derivative.xml
----------------- Instantiating /home/travis/build/icyphy/ptII/ptolemy/domains/continuous/test/auto/Derivative.xml
159 ms. Memory: 668160K Free: 521324K (78%)
----------------- Invoking toplevel() on ptolemy.moml.MoMLSimpleApplication@308991bf
----------------- Done invoking toplevel() on ptolemy.moml.MoMLSimpleApplication@308991bf
reloadAllAccessors: .Derivative2

===========================================================================================
----------------- testing Wed Apr 10 17:49:06 UTC 2019 /home/travis/build/icyphy/ptII/ptolemy/domains/continuous/test/auto/Derivative1.xml
----------------- Instantiating /home/travis/build/icyphy/ptII/ptolemy/domains/continuous/test/auto/Derivative1.xml
24 ms. Memory: 668160K Free: 502623K (75%)
----------------- Invoking toplevel() on ptolemy.moml.MoMLSimpleApplication@76473541
----------------- Done invoking toplevel() on ptolemy.moml.MoMLSimpleApplication@76473541
reloadAllAccessors: .Derivative1

===========================================================================================
----------------- testing Wed Apr 10 17:49:06 UTC 2019 /home/travis/build/icyphy/ptII/ptolemy/domains/continuous/test/auto/DiscreteClock.xml
----------------- Instantiating /home/travis/build/icyphy/ptII/ptolemy/domains/continuous/test/auto/DiscreteClock.xml
4 ms. Memory: 668160K Free: 490888K (73%)
----------------- Invoking toplevel() on ptolemy.moml.MoMLSimpleApplication@1b8161b1
----------------- Done invoking toplevel() on ptolemy.moml.MoMLSimpleApplication@1b8161b1
reloadAllAccessors: .DiscreteClock

===========================================================================================
----------------- testing Wed Apr 10 17:49:06 UTC 2019 /home/travis/build/icyphy/ptII/ptolemy/domains/continuous/test/auto/EfficiencyCurve.xml
----------------- Instantiating /home/travis/build/icyphy/ptII/ptolemy/domains/continuous/test/auto/EfficiencyCurve.xml
69 ms. Memory: 668160K Free: 478070K (72%)
----------------- Invoking toplevel() on ptolemy.moml.MoMLSimpleApplication@1cff0b3d
----------------- Done invoking toplevel() on ptolemy.moml.MoMLSimpleApplication@1cff0b3d
reloadAllAccessors: .EfficiencyCurve

===========================================================================================
----------------- testing Wed Apr 10 17:49:06 UTC 2019 /home/travis/build/icyphy/ptII/ptolemy/domains/continuous/test/auto/ExponentialResponse.xml
----------------- Instantiating /home/travis/build/icyphy/ptII/ptolemy/domains/continuous/test/auto/ExponentialResponse.xml
97 ms. Memory: 668160K Free: 453517K (68%)
----------------- Invoking toplevel() on ptolemy.moml.MoMLSimpleApplication@2aaa896e
----------------- Done invoking toplevel() on ptolemy.moml.MoMLSimpleApplication@2aaa896e
reloadAllAccessors: .ExponentialResponse

===========================================================================================
----------------- testing Wed Apr 10 17:49:06 UTC 2019 /home/travis/build/icyphy/ptII/ptolemy/domains/continuous/test/auto/ExponentialResponseRK45.xml
----------------- Instantiating /home/travis/build/icyphy/ptII/ptolemy/domains/continuous/test/auto/ExponentialResponseRK45.xml
29 ms. Memory: 668160K Free: 440699K (66%)
----------------- Invoking toplevel() on ptolemy.moml.MoMLSimpleApplication@15f764ee
----------------- Done invoking toplevel() on ptolemy.moml.MoMLSimpleApplication@15f764ee
reloadAllAccessors: .ExponentialResponseRK45

===========================================================================================
----------------- testing Wed Apr 10 17:49:07 UTC 2019 /home/travis/build/icyphy/ptII/ptolemy/domains/continuous/test/auto/Friction.xml
----------------- Instantiating /home/travis/build/icyphy/ptII/ptolemy/domains/continuous/test/auto/Friction.xml
1363 ms. Memory: 647168K Free: 554669K (86%)
----------------- Invoking toplevel() on ptolemy.moml.MoMLSimpleApplication@32803912
----------------- Done invoking toplevel() on ptolemy.moml.MoMLSimpleApplication@32803912
reloadAllAccessors: .Friction

===========================================================================================
----------------- testing Wed Apr 10 17:49:08 UTC 2019 /home/travis/build/icyphy/ptII/ptolemy/domains/continuous/test/auto/FurutaPendulum.xml
----------------- Instantiating /home/travis/build/icyphy/ptII/ptolemy/domains/continuous/test/auto/FurutaPendulum.xml
3396 ms. Memory: 617472K Free: 581815K (94%)
----------------- Invoking toplevel() on ptolemy.moml.MoMLSimpleApplication@a5a337c
----------------- Done invoking toplevel() on ptolemy.moml.MoMLSimpleApplication@a5a337c
reloadAllAccessors: .FurutaPendulum

===========================================================================================
----------------- testing Wed Apr 10 17:49:12 UTC 2019 /home/travis/build/icyphy/ptII/ptolemy/domains/continuous/test/auto/HierarchicalExecution.xml
----------------- Instantiating /home/travis/build/icyphy/ptII/ptolemy/domains/continuous/test/auto/HierarchicalExecution.xml
1825 ms. Memory: 617472K Free: 285279K (46%)
----------------- Invoking toplevel() on ptolemy.moml.MoMLSimpleApplication@75a80190
----------------- Done invoking toplevel() on ptolemy.moml.MoMLSimpleApplication@75a80190
reloadAllAccessors: .HierarchicalExecution

===========================================================================================
----------------- testing Wed Apr 10 17:49:14 UTC 2019 /home/travis/build/icyphy/ptII/ptolemy/domains/continuous/test/auto/HybridPlant.xml
----------------- Instantiating /home/travis/build/icyphy/ptII/ptolemy/domains/continuous/test/auto/HybridPlant.xml
497 ms. Memory: 589824K Free: 517404K (88%)
----------------- Invoking toplevel() on ptolemy.moml.MoMLSimpleApplication@2455b985
----------------- Done invoking toplevel() on ptolemy.moml.MoMLSimpleApplication@2455b985
reloadAllAccessors: .HybridPlant

===========================================================================================
----------------- testing Wed Apr 10 17:49:14 UTC 2019 /home/travis/build/icyphy/ptII/ptolemy/domains/continuous/test/auto/Hysteresis.xml
----------------- Instantiating /home/travis/build/icyphy/ptII/ptolemy/domains/continuous/test/auto/Hysteresis.xml
129 ms. Memory: 589824K Free: 450603K (76%)
----------------- Invoking toplevel() on ptolemy.moml.MoMLSimpleApplication@5549bdda
----------------- Done invoking toplevel() on ptolemy.moml.MoMLSimpleApplication@5549bdda
reloadAllAccessors: .Hysteresis

===========================================================================================
----------------- testing Wed Apr 10 17:49:14 UTC 2019 /home/travis/build/icyphy/ptII/ptolemy/domains/continuous/test/auto/HysteresisWithRandomDelay.xml
----------------- Instantiating /home/travis/build/icyphy/ptII/ptolemy/domains/continuous/test/auto/HysteresisWithRandomDelay.xml
165 ms. Memory: 589824K Free: 371663K (63%)
----------------- Invoking toplevel() on ptolemy.moml.MoMLSimpleApplication@649332dd
----------------- Done invoking toplevel() on ptolemy.moml.MoMLSimpleApplication@649332dd
reloadAllAccessors: .HysteresisWithRandomDelay

===========================================================================================
----------------- testing Wed Apr 10 17:49:15 UTC 2019 /home/travis/build/icyphy/ptII/ptolemy/domains/continuous/test/auto/HysteresisWithRandomLosses.xml
----------------- Instantiating /home/travis/build/icyphy/ptII/ptolemy/domains/continuous/test/auto/HysteresisWithRandomLosses.xml
2245 ms. Memory: 568320K Free: 95192K (17%)
----------------- Invoking toplevel() on ptolemy.moml.MoMLSimpleApplication@1c1c82ba
----------------- Done invoking toplevel() on ptolemy.moml.MoMLSimpleApplication@1c1c82ba
reloadAllAccessors: .HysteresisWithRandomLosses

===========================================================================================
----------------- testing Wed Apr 10 17:49:17 UTC 2019 /home/travis/build/icyphy/ptII/ptolemy/domains/continuous/test/auto/ImmediateTransitions.xml
----------------- Instantiating /home/travis/build/icyphy/ptII/ptolemy/domains/continuous/test/auto/ImmediateTransitions.xml
9 ms. Memory: 568320K Free: 80219K (14%)
----------------- Invoking toplevel() on ptolemy.moml.MoMLSimpleApplication@4b6a4c14
----------------- Done invoking toplevel() on ptolemy.moml.MoMLSimpleApplication@4b6a4c14
reloadAllAccessors: .ImmediateTransitions

===========================================================================================
----------------- testing Wed Apr 10 17:49:17 UTC 2019 /home/travis/build/icyphy/ptII/ptolemy/domains/continuous/test/auto/ImpulseFeedback.xml
----------------- Instantiating /home/travis/build/icyphy/ptII/ptolemy/domains/continuous/test/auto/ImpulseFeedback.xml
8 ms. Memory: 568320K Free: 72133K (13%)
----------------- Invoking toplevel() on ptolemy.moml.MoMLSimpleApplication@42691012
----------------- Done invoking toplevel() on ptolemy.moml.MoMLSimpleApplication@42691012
reloadAllAccessors: .ImpulseFeedback

===========================================================================================
----------------- testing Wed Apr 10 17:49:17 UTC 2019 /home/travis/build/icyphy/ptII/ptolemy/domains/continuous/test/auto/ImpulseFeedback2.xml
----------------- Instantiating /home/travis/build/icyphy/ptII/ptolemy/domains/continuous/test/auto/ImpulseFeedback2.xml
6 ms. Memory: 568320K Free: 64059K (11%)
----------------- Invoking toplevel() on ptolemy.moml.MoMLSimpleApplication@21cc562
----------------- Done invoking toplevel() on ptolemy.moml.MoMLSimpleApplication@21cc562
reloadAllAccessors: .ImpulseFeedback2

===========================================================================================
----------------- testing Wed Apr 10 17:49:17 UTC 2019 /home/travis/build/icyphy/ptII/ptolemy/domains/continuous/test/auto/IncreasingRatePoisson.xml
----------------- Instantiating /home/travis/build/icyphy/ptII/ptolemy/domains/continuous/test/auto/IncreasingRatePoisson.xml
687 ms. Memory: 543232K Free: 204268K (38%)
----------------- Invoking toplevel() on ptolemy.moml.MoMLSimpleApplication@3536a63
----------------- Done invoking toplevel() on ptolemy.moml.MoMLSimpleApplication@3536a63
reloadAllAccessors: .IncreasingRatePoisson

===========================================================================================
----------------- testing Wed Apr 10 17:49:18 UTC 2019 /home/travis/build/icyphy/ptII/ptolemy/domains/continuous/test/auto/InitialStateFeedback.xml
----------------- Instantiating /home/travis/build/icyphy/ptII/ptolemy/domains/continuous/test/auto/InitialStateFeedback.xml
4 ms. Memory: 543232K Free: 197230K (36%)
----------------- Invoking toplevel() on ptolemy.moml.MoMLSimpleApplication@14d9f0b3
----------------- Done invoking toplevel() on ptolemy.moml.MoMLSimpleApplication@14d9f0b3
reloadAllAccessors: .InitialStateFeedback

===========================================================================================
----------------- testing Wed Apr 10 17:49:18 UTC 2019 /home/travis/build/icyphy/ptII/ptolemy/domains/continuous/test/auto/Integration.xml
----------------- Instantiating /home/travis/build/icyphy/ptII/ptolemy/domains/continuous/test/auto/Integration.xml
6 ms. Memory: 543232K Free: 190192K (35%)
----------------- Invoking toplevel() on ptolemy.moml.MoMLSimpleApplication@1a8e60e2
----------------- Done invoking toplevel() on ptolemy.moml.MoMLSimpleApplication@1a8e60e2
reloadAllAccessors: .Integration

===========================================================================================
----------------- testing Wed Apr 10 17:49:18 UTC 2019 /home/travis/build/icyphy/ptII/ptolemy/domains/continuous/test/auto/Integration2.xml
----------------- Instantiating /home/travis/build/icyphy/ptII/ptolemy/domains/continuous/test/auto/Integration2.xml
82 ms. Memory: 543232K Free: 170823K (31%)
----------------- Invoking toplevel() on ptolemy.moml.MoMLSimpleApplication@43ec0a08
----------------- Done invoking toplevel() on ptolemy.moml.MoMLSimpleApplication@43ec0a08
reloadAllAccessors: .Integration2

===========================================================================================
----------------- testing Wed Apr 10 17:49:18 UTC 2019 /home/travis/build/icyphy/ptII/ptolemy/domains/continuous/test/auto/Integration3.xml
----------------- Instantiating /home/travis/build/icyphy/ptII/ptolemy/domains/continuous/test/auto/Integration3.xml
2 ms. Memory: 543232K Free: 163785K (30%)
----------------- Invoking toplevel() on ptolemy.moml.MoMLSimpleApplication@47aede4f
----------------- Done invoking toplevel() on ptolemy.moml.MoMLSimpleApplication@47aede4f
reloadAllAccessors: .Integration3

===========================================================================================
----------------- testing Wed Apr 10 17:49:18 UTC 2019 /home/travis/build/icyphy/ptII/ptolemy/domains/continuous/test/auto/Integration5.xml
----------------- Instantiating /home/travis/build/icyphy/ptII/ptolemy/domains/continuous/test/auto/Integration5.xml
5 ms. Memory: 543232K Free: 156748K (29%)
----------------- Invoking toplevel() on ptolemy.moml.MoMLSimpleApplication@6e6ade49
----------------- Done invoking toplevel() on ptolemy.moml.MoMLSimpleApplication@6e6ade49
reloadAllAccessors: .Integration5

===========================================================================================
----------------- testing Wed Apr 10 17:49:18 UTC 2019 /home/travis/build/icyphy/ptII/ptolemy/domains/continuous/test/auto/IntegratorImpulse.xml
----------------- Instantiating /home/travis/build/icyphy/ptII/ptolemy/domains/continuous/test/auto/IntegratorImpulse.xml
2 ms. Memory: 543232K Free: 149710K (28%)
----------------- Invoking toplevel() on ptolemy.moml.MoMLSimpleApplication@7dabdb96
----------------- Done invoking toplevel() on ptolemy.moml.MoMLSimpleApplication@7dabdb96
reloadAllAccessors: .IntegratorImpulse

===========================================================================================
----------------- testing Wed Apr 10 17:49:18 UTC 2019 /home/travis/build/icyphy/ptII/ptolemy/domains/continuous/test/auto/IntegratorImpulse2.xml
----------------- Instantiating /home/travis/build/icyphy/ptII/ptolemy/domains/continuous/test/auto/IntegratorImpulse2.xml
3 ms. Memory: 543232K Free: 142818K (26%)
----------------- Invoking toplevel() on ptolemy.moml.MoMLSimpleApplication@3212a05c
----------------- Done invoking toplevel() on ptolemy.moml.MoMLSimpleApplication@3212a05c
reloadAllAccessors: .IntegratorImpulse2

===========================================================================================
----------------- testing Wed Apr 10 17:49:18 UTC 2019 /home/travis/build/icyphy/ptII/ptolemy/domains/continuous/test/auto/LevelCrossing1.xml
----------------- Instantiating /home/travis/build/icyphy/ptII/ptolemy/domains/continuous/test/auto/LevelCrossing1.xml
3 ms. Memory: 543232K Free: 132686K (24%)
----------------- Invoking toplevel() on ptolemy.moml.MoMLSimpleApplication@307363e5
----------------- Done invoking toplevel() on ptolemy.moml.MoMLSimpleApplication@307363e5
reloadAllAccessors: .LevelCrossing1

===========================================================================================
----------------- testing Wed Apr 10 17:49:18 UTC 2019 /home/travis/build/icyphy/ptII/ptolemy/domains/continuous/test/auto/LevelCrossing2.xml
----------------- Instantiating /home/travis/build/icyphy/ptII/ptolemy/domains/continuous/test/auto/LevelCrossing2.xml
3 ms. Memory: 543232K Free: 122553K (23%)
----------------- Invoking toplevel() on ptolemy.moml.MoMLSimpleApplication@397cfb1b
----------------- Done invoking toplevel() on ptolemy.moml.MoMLSimpleApplication@397cfb1b
reloadAllAccessors: .LevelCrossing2

===========================================================================================
----------------- testing Wed Apr 10 17:49:18 UTC 2019 /home/travis/build/icyphy/ptII/ptolemy/domains/continuous/test/auto/LevelCrossing3.xml
----------------- Instantiating /home/travis/build/icyphy/ptII/ptolemy/domains/continuous/test/auto/LevelCrossing3.xml
3 ms. Memory: 543232K Free: 112420K (21%)
----------------- Invoking toplevel() on ptolemy.moml.MoMLSimpleApplication@32862762
----------------- Done invoking toplevel() on ptolemy.moml.MoMLSimpleApplication@32862762
reloadAllAccessors: .LevelCrossing3

===========================================================================================
----------------- testing Wed Apr 10 17:49:18 UTC 2019 /home/travis/build/icyphy/ptII/ptolemy/domains/continuous/test/auto/LevelCrossing4.xml
----------------- Instantiating /home/travis/build/icyphy/ptII/ptolemy/domains/continuous/test/auto/LevelCrossing4.xml
5 ms. Memory: 543232K Free: 102287K (19%)
----------------- Invoking toplevel() on ptolemy.moml.MoMLSimpleApplication@1802fddd
----------------- Done invoking toplevel() on ptolemy.moml.MoMLSimpleApplication@1802fddd
reloadAllAccessors: .LevelCrossing4

===========================================================================================
----------------- testing Wed Apr 10 17:49:18 UTC 2019 /home/travis/build/icyphy/ptII/ptolemy/domains/continuous/test/auto/LevelCrossing5.xml
----------------- Instantiating /home/travis/build/icyphy/ptII/ptolemy/domains/continuous/test/auto/LevelCrossing5.xml
2 ms. Memory: 543232K Free: 92155K (17%)
----------------- Invoking toplevel() on ptolemy.moml.MoMLSimpleApplication@3a0cd7d0
----------------- Done invoking toplevel() on ptolemy.moml.MoMLSimpleApplication@3a0cd7d0
reloadAllAccessors: .LevelCrossing5

===========================================================================================
[...]
----------------- Instantiating /home/travis/build/icyphy/ptII/ptolemy/domains/continuous/test/auto/SRinContinuous.xml
4 ms. Memory: 594432K Free: 200179K (34%)
----------------- Invoking toplevel() on ptolemy.moml.MoMLSimpleApplication@731918bf
----------------- Done invoking toplevel() on ptolemy.moml.MoMLSimpleApplication@731918bf
reloadAllAccessors: .SRinContinuous

===========================================================================================
----------------- testing Wed Apr 10 17:49:35 UTC 2019 /home/travis/build/icyphy/ptII/ptolemy/domains/continuous/test/auto/SampledClocks.xml
----------------- Instantiating /home/travis/build/icyphy/ptII/ptolemy/domains/continuous/test/auto/SampledClocks.xml
8 ms. Memory: 594432K Free: 189026K (32%)
----------------- Invoking toplevel() on ptolemy.moml.MoMLSimpleApplication@cb08e63
----------------- Done invoking toplevel() on ptolemy.moml.MoMLSimpleApplication@cb08e63
reloadAllAccessors: .SampledClocks

===========================================================================================
----------------- testing Wed Apr 10 17:49:35 UTC 2019 /home/travis/build/icyphy/ptII/ptolemy/domains/continuous/test/auto/Satellite.xml
----------------- Instantiating /home/travis/build/icyphy/ptII/ptolemy/domains/continuous/test/auto/Satellite.xml
844 ms. Memory: 730112K Free: 652353K (89%)
----------------- Invoking toplevel() on ptolemy.moml.MoMLSimpleApplication@6077b604
----------------- Done invoking toplevel() on ptolemy.moml.MoMLSimpleApplication@6077b604
reloadAllAccessors: .Satellite

===========================================================================================
----------------- testing Wed Apr 10 17:49:36 UTC 2019 /home/travis/build/icyphy/ptII/ptolemy/domains/continuous/test/auto/SigmaDelta.xml
----------------- Instantiating /home/travis/build/icyphy/ptII/ptolemy/domains/continuous/test/auto/SigmaDelta.xml
2196 ms. Memory: 730112K Free: 277891K (38%)
----------------- Invoking toplevel() on ptolemy.moml.MoMLSimpleApplication@652b5bb1
----------------- Done invoking toplevel() on ptolemy.moml.MoMLSimpleApplication@652b5bb1
reloadAllAccessors: .SigmaDelta

===========================================================================================
----------------- testing Wed Apr 10 17:49:39 UTC 2019 /home/travis/build/icyphy/ptII/ptolemy/domains/continuous/test/auto/SingleRefinement.xml
----------------- Instantiating /home/travis/build/icyphy/ptII/ptolemy/domains/continuous/test/auto/SingleRefinement.xml
307 ms. Memory: 730112K Free: 90536K (12%)
----------------- Invoking toplevel() on ptolemy.moml.MoMLSimpleApplication@48ff9ed6
----------------- Done invoking toplevel() on ptolemy.moml.MoMLSimpleApplication@48ff9ed6
reloadAllAccessors: .SingleRefinement

===========================================================================================
----------------- testing Wed Apr 10 17:49:39 UTC 2019 /home/travis/build/icyphy/ptII/ptolemy/domains/continuous/test/auto/SinuBouncingBall.xml
----------------- Instantiating /home/travis/build/icyphy/ptII/ptolemy/domains/continuous/test/auto/SinuBouncingBall.xml
740 ms. Memory: 693760K Free: 468666K (68%)
----------------- Invoking toplevel() on ptolemy.moml.MoMLSimpleApplication@3dea3502
----------------- Done invoking toplevel() on ptolemy.moml.MoMLSimpleApplication@3dea3502
reloadAllAccessors: .SinuBouncingBall

===========================================================================================
----------------- testing Wed Apr 10 17:49:40 UTC 2019 /home/travis/build/icyphy/ptII/ptolemy/domains/continuous/test/auto/Sinusoid.xml
----------------- Instantiating /home/travis/build/icyphy/ptII/ptolemy/domains/continuous/test/auto/Sinusoid.xml
5 ms. Memory: 693760K Free: 457675K (66%)
----------------- Invoking toplevel() on ptolemy.moml.MoMLSimpleApplication@309f032c
----------------- Done invoking toplevel() on ptolemy.moml.MoMLSimpleApplication@309f032c
reloadAllAccessors: .Sinusoid

===========================================================================================
----------------- testing Wed Apr 10 17:49:40 UTC 2019 /home/travis/build/icyphy/ptII/ptolemy/domains/continuous/test/auto/SinusoidInNoise.xml
----------------- Instantiating /home/travis/build/icyphy/ptII/ptolemy/domains/continuous/test/auto/SinusoidInNoise.xml
960 ms. Memory: 693760K Free: 253145K (36%)
----------------- Invoking toplevel() on ptolemy.moml.MoMLSimpleApplication@1616e92f
----------------- Done invoking toplevel() on ptolemy.moml.MoMLSimpleApplication@1616e92f
reloadAllAccessors: .SinusoidInNoise

===========================================================================================
----------------- testing Wed Apr 10 17:49:41 UTC 2019 /home/travis/build/icyphy/ptII/ptolemy/domains/continuous/test/auto/SinusoidRK45.xml
----------------- Instantiating /home/travis/build/icyphy/ptII/ptolemy/domains/continuous/test/auto/SinusoidRK45.xml
3 ms. Memory: 693760K Free: 244099K (35%)
----------------- Invoking toplevel() on ptolemy.moml.MoMLSimpleApplication@7fff9d01
----------------- Done invoking toplevel() on ptolemy.moml.MoMLSimpleApplication@7fff9d01
reloadAllAccessors: .SinusoidRK45

===========================================================================================
----------------- testing Wed Apr 10 17:49:41 UTC 2019 /home/travis/build/icyphy/ptII/ptolemy/domains/continuous/test/auto/SinusoidWithMultipleImpulses.xml
----------------- Instantiating /home/travis/build/icyphy/ptII/ptolemy/domains/continuous/test/auto/SinusoidWithMultipleImpulses.xml
3 ms. Memory: 693760K Free: 234934K (34%)
----------------- Invoking toplevel() on ptolemy.moml.MoMLSimpleApplication@2481fa77
----------------- Done invoking toplevel() on ptolemy.moml.MoMLSimpleApplication@2481fa77
reloadAllAccessors: .SinusoidWithMultipleImpulses

===========================================================================================
----------------- testing Wed Apr 10 17:49:41 UTC 2019 /home/travis/build/icyphy/ptII/ptolemy/domains/continuous/test/auto/SquareWave.xml
----------------- Instantiating /home/travis/build/icyphy/ptII/ptolemy/domains/continuous/test/auto/SquareWave.xml
169 ms. Memory: 693760K Free: 201448K (29%)
----------------- Invoking toplevel() on ptolemy.moml.MoMLSimpleApplication@13d7527d
----------------- Done invoking toplevel() on ptolemy.moml.MoMLSimpleApplication@13d7527d
reloadAllAccessors: .SquareWave

===========================================================================================
----------------- testing Wed Apr 10 17:49:41 UTC 2019 /home/travis/build/icyphy/ptII/ptolemy/domains/continuous/test/auto/Starmac.xml
----------------- Instantiating /home/travis/build/icyphy/ptII/ptolemy/domains/continuous/test/auto/Starmac.xml
3085 ms. Memory: 667648K Free: 422178K (63%)
----------------- Invoking toplevel() on ptolemy.moml.MoMLSimpleApplication@3bfc55f9
----------------- Done invoking toplevel() on ptolemy.moml.MoMLSimpleApplication@3bfc55f9
reloadAllAccessors: .Starmac

===========================================================================================
----------------- testing Wed Apr 10 17:49:45 UTC 2019 /home/travis/build/icyphy/ptII/ptolemy/domains/continuous/test/auto/StaticUnits.xml
----------------- Instantiating /home/travis/build/icyphy/ptII/ptolemy/domains/continuous/test/auto/StaticUnits.xml
2205 ms. Memory: 641024K Free: 514837K (80%)
----------------- Invoking toplevel() on ptolemy.moml.MoMLSimpleApplication@6d29dfa0
----------------- Done invoking toplevel() on ptolemy.moml.MoMLSimpleApplication@6d29dfa0
reloadAllAccessors: .StaticUnits

===========================================================================================
----------------- testing Wed Apr 10 17:49:47 UTC 2019 /home/travis/build/icyphy/ptII/ptolemy/domains/continuous/test/auto/StickyMasses.xml
----------------- Instantiating /home/travis/build/icyphy/ptII/ptolemy/domains/continuous/test/auto/StickyMasses.xml
121 ms. Memory: 641024K Free: 456236K (71%)
----------------- Invoking toplevel() on ptolemy.moml.MoMLSimpleApplication@5e8dbf8e
----------------- Done invoking toplevel() on ptolemy.moml.MoMLSimpleApplication@5e8dbf8e
reloadAllAccessors: .StickyMasses

===========================================================================================
----------------- testing Wed Apr 10 17:49:47 UTC 2019 /home/travis/build/icyphy/ptII/ptolemy/domains/continuous/test/auto/StopTime.xml
----------------- Instantiating /home/travis/build/icyphy/ptII/ptolemy/domains/continuous/test/auto/StopTime.xml
37 ms. Memory: 641024K Free: 427457K (67%)
----------------- Invoking toplevel() on ptolemy.moml.MoMLSimpleApplication@3c44b8cf
----------------- Done invoking toplevel() on ptolemy.moml.MoMLSimpleApplication@3c44b8cf
reloadAllAccessors: .StopTime

===========================================================================================
----------------- testing Wed Apr 10 17:49:47 UTC 2019 /home/travis/build/icyphy/ptII/ptolemy/domains/continuous/test/auto/StopTime2.xml
----------------- Instantiating /home/travis/build/icyphy/ptII/ptolemy/domains/continuous/test/auto/StopTime2.xml
32 ms. Memory: 641024K Free: 401499K (63%)
----------------- Invoking toplevel() on ptolemy.moml.MoMLSimpleApplication@181eee51
----------------- Done invoking toplevel() on ptolemy.moml.MoMLSimpleApplication@181eee51
reloadAllAccessors: .StopTime2

===========================================================================================
----------------- testing Wed Apr 10 17:49:47 UTC 2019 /home/travis/build/icyphy/ptII/ptolemy/domains/continuous/test/auto/Switch.xml
----------------- Instantiating /home/travis/build/icyphy/ptII/ptolemy/domains/continuous/test/auto/Switch.xml
43 ms. Memory: 641024K Free: 372754K (58%)
----------------- Invoking toplevel() on ptolemy.moml.MoMLSimpleApplication@79115621
----------------- Done invoking toplevel() on ptolemy.moml.MoMLSimpleApplication@79115621
reloadAllAccessors: .Switch

===========================================================================================
----------------- testing Wed Apr 10 17:49:48 UTC 2019 /home/travis/build/icyphy/ptII/ptolemy/domains/continuous/test/auto/Thermostat.xml
----------------- Instantiating /home/travis/build/icyphy/ptII/ptolemy/domains/continuous/test/auto/Thermostat.xml
172 ms. Memory: 641024K Free: 293982K (46%)
----------------- Invoking toplevel() on ptolemy.moml.MoMLSimpleApplication@643bf40d
----------------- Done invoking toplevel() on ptolemy.moml.MoMLSimpleApplication@643bf40d
reloadAllAccessors: .Thermostat

===========================================================================================
----------------- testing Wed Apr 10 17:49:48 UTC 2019 /home/travis/build/icyphy/ptII/ptolemy/domains/continuous/test/auto/TimeDelay.xml
----------------- Instantiating /home/travis/build/icyphy/ptII/ptolemy/domains/continuous/test/auto/TimeDelay.xml
6 ms. Memory: 641024K Free: 284700K (44%)
----------------- Invoking toplevel() on ptolemy.moml.MoMLSimpleApplication@4bde67af
----------------- Done invoking toplevel() on ptolemy.moml.MoMLSimpleApplication@4bde67af
reloadAllAccessors: .TimeDelay

===========================================================================================
----------------- testing Wed Apr 10 17:49:48 UTC 2019 /home/travis/build/icyphy/ptII/ptolemy/domains/continuous/test/auto/TimeDelay2.xml
----------------- Instantiating /home/travis/build/icyphy/ptII/ptolemy/domains/continuous/test/auto/TimeDelay2.xml
8 ms. Memory: 641024K Free: 275419K (43%)
----------------- Invoking toplevel() on ptolemy.moml.MoMLSimpleApplication@6e060ae6
----------------- Done invoking toplevel() on ptolemy.moml.MoMLSimpleApplication@6e060ae6
reloadAllAccessors: .TimeDelay2

===========================================================================================
----------------- testing Wed Apr 10 17:49:48 UTC 2019 /home/travis/build/icyphy/ptII/ptolemy/domains/continuous/test/auto/TimeDelay3.xml
----------------- Instantiating /home/travis/build/icyphy/ptII/ptolemy/domains/continuous/test/auto/TimeDelay3.xml
3 ms. Memory: 641024K Free: 268926K (42%)
----------------- Invoking toplevel() on ptolemy.moml.MoMLSimpleApplication@2adf6a9d
----------------- Done invoking toplevel() on ptolemy.moml.MoMLSimpleApplication@2adf6a9d
reloadAllAccessors: .TimeDelay3

===========================================================================================
----------------- testing Wed Apr 10 17:49:48 UTC 2019 /home/travis/build/icyphy/ptII/ptolemy/domains/continuous/test/auto/TransferAbsentToInside.xml
----------------- Instantiating /home/travis/build/icyphy/ptII/ptolemy/domains/continuous/test/auto/TransferAbsentToInside.xml
26 ms. Memory: 641024K Free: 212399K (33%)
----------------- Invoking toplevel() on ptolemy.moml.MoMLSimpleApplication@22abddcd
----------------- Done invoking toplevel() on ptolemy.moml.MoMLSimpleApplication@22abddcd
reloadAllAccessors: .TransferAbsentToInside

===========================================================================================
----------------- testing Wed Apr 10 17:49:48 UTC 2019 /home/travis/build/icyphy/ptII/ptolemy/domains/continuous/test/auto/Transmission.xml
----------------- Instantiating /home/travis/build/icyphy/ptII/ptolemy/domains/continuous/test/auto/Transmission.xml
736 ms. Memory: 610304K Free: 497818K (82%)
----------------- Invoking toplevel() on ptolemy.moml.MoMLSimpleApplication@15db5746
----------------- Done invoking toplevel() on ptolemy.moml.MoMLSimpleApplication@15db5746
reloadAllAccessors: .Transmission

===========================================================================================
----------------- testing Wed Apr 10 17:49:49 UTC 2019 /home/travis/build/icyphy/ptII/ptolemy/domains/continuous/test/auto/TriggeredContinuousClock.xml
----------------- Instantiating /home/travis/build/icyphy/ptII/ptolemy/domains/continuous/test/auto/TriggeredContinuousClock.xml
35 ms. Memory: 610304K Free: 463648K (76%)
----------------- Invoking toplevel() on ptolemy.moml.MoMLSimpleApplication@782c2e7d
----------------- Done invoking toplevel() on ptolemy.moml.MoMLSimpleApplication@782c2e7d
reloadAllAccessors: .TriggeredContinuousClock

===========================================================================================
----------------- testing Wed Apr 10 17:49:49 UTC 2019 /home/travis/build/icyphy/ptII/ptolemy/domains/continuous/test/auto/TwoMachineInfiniteBusControl.xml
----------------- Instantiating /home/travis/build/icyphy/ptII/ptolemy/domains/continuous/test/auto/TwoMachineInfiniteBusControl.xml
2792 ms. Memory: 586752K Free: 383396K (65%)
----------------- Invoking toplevel() on ptolemy.moml.MoMLSimpleApplication@114de003
----------------- Done invoking toplevel() on ptolemy.moml.MoMLSimpleApplication@114de003
reloadAllAccessors: .TwoMachineInfiniteBusControl

===========================================================================================
----------------- testing Wed Apr 10 17:49:52 UTC 2019 /home/travis/build/icyphy/ptII/ptolemy/domains/continuous/test/auto/V2V.xml
----------------- Instantiating /home/travis/build/icyphy/ptII/ptolemy/domains/continuous/test/auto/V2V.xml
595 ms. Memory: 586752K Free: 188630K (32%)
----------------- Invoking toplevel() on ptolemy.moml.MoMLSimpleApplication@63a5e917
----------------- Done invoking toplevel() on ptolemy.moml.MoMLSimpleApplication@63a5e917
reloadAllAccessors: .V2V

===========================================================================================
----------------- testing Wed Apr 10 17:49:52 UTC 2019 /home/travis/build/icyphy/ptII/ptolemy/domains/continuous/test/auto/hierarchicalModalModel.xml
----------------- Instantiating /home/travis/build/icyphy/ptII/ptolemy/domains/continuous/test/auto/hierarchicalModalModel.xml
7 ms. Memory: 586752K Free: 170096K (29%)
----------------- Invoking toplevel() on ptolemy.moml.MoMLSimpleApplication@6d42544d
----------------- Done invoking toplevel() on ptolemy.moml.MoMLSimpleApplication@6d42544d
reloadAllAccessors: .hierarchicalModalModel

===========================================================================================
----------------- testing Wed Apr 10 17:49:52 UTC 2019 /home/travis/build/icyphy/ptII/ptolemy/domains/continuous/test/auto/hierarchicalModalModel1.xml
----------------- Instantiating /home/travis/build/icyphy/ptII/ptolemy/domains/continuous/test/auto/hierarchicalModalModel1.xml
8 ms. Memory: 586752K Free: 151482K (26%)
----------------- Invoking toplevel() on ptolemy.moml.MoMLSimpleApplication@49a0df3c
----------------- Done invoking toplevel() on ptolemy.moml.MoMLSimpleApplication@49a0df3c
reloadAllAccessors: .hierarchicalModalModel1

===========================================================================================
----------------- testing Wed Apr 10 17:49:52 UTC 2019 /home/travis/build/icyphy/ptII/ptolemy/domains/continuous/test/auto/hierarchicalModalModel2.xml
----------------- Instantiating /home/travis/build/icyphy/ptII/ptolemy/domains/continuous/test/auto/hierarchicalModalModel2.xml
5 ms. Memory: 586752K Free: 137993K (24%)
----------------- Invoking toplevel() on ptolemy.moml.MoMLSimpleApplication@39793515
----------------- Done invoking toplevel() on ptolemy.moml.MoMLSimpleApplication@39793515
reloadAllAccessors: .hierarchicalModalModel2

===========================================================================================
----------------- testing Wed Apr 10 17:49:52 UTC 2019 /home/travis/build/icyphy/ptII/ptolemy/domains/continuous/test/auto/hierarchicalModalModel3.xml
----------------- Instantiating /home/travis/build/icyphy/ptII/ptolemy/domains/continuous/test/auto/hierarchicalModalModel3.xml
6 ms. Memory: 586752K Free: 124417K (21%)
----------------- Invoking toplevel() on ptolemy.moml.MoMLSimpleApplication@70f2ea0c
----------------- Done invoking toplevel() on ptolemy.moml.MoMLSimpleApplication@70f2ea0c
reloadAllAccessors: .hierarchicalModalModel3

===========================================================================================
----------------- testing Wed Apr 10 17:49:52 UTC 2019 /home/travis/build/icyphy/ptII/ptolemy/domains/continuous/test/auto/hierarchicalModalModel4.xml
----------------- Instantiating /home/travis/build/icyphy/ptII/ptolemy/domains/continuous/test/auto/hierarchicalModalModel4.xml
4 ms. Memory: 586752K Free: 110865K (19%)
----------------- Invoking toplevel() on ptolemy.moml.MoMLSimpleApplication@2f891e10
----------------- Done invoking toplevel() on ptolemy.moml.MoMLSimpleApplication@2f891e10
reloadAllAccessors: .hierarchicalModalModel4

===========================================================================================
----------------- testing Wed Apr 10 17:49:53 UTC 2019 /home/travis/build/icyphy/ptII/ptolemy/domains/continuous/test/auto/junk.xml
----------------- Instantiating /home/travis/build/icyphy/ptII/ptolemy/domains/continuous/test/auto/junk.xml
138 ms. Memory: 586752K Free: 79765K (14%)
----------------- Invoking toplevel() on ptolemy.moml.MoMLSimpleApplication@7f184b55
----------------- Done invoking toplevel() on ptolemy.moml.MoMLSimpleApplication@7f184b55
reloadAllAccessors: .junk
AutoTests.java: About to close Vertx.
AutoTests.java: Vertx closed.
]]></system-out>
  <system-err><![CDATA[Warning: '.HysteresisWithRandomDelay.NonStrictTest' The test produced only 221 tokens, yet the correctValues parameter was expecting 222 tokens.
Warning: '.HysteresisWithRandomDelay.NonStrictTest2' The test produced only 220 tokens, yet the correctValues parameter was expecting 221 tokens.
Warning: '.IncreasingRatePoisson.NonStrictTest' The test produced only 399 tokens, yet the correctValues parameter was expecting 402 tokens.
Warning: '.Poisson.NonStrictTest' The test produced only 407 tokens, yet the correctValues parameter was expecting 430 tokens.
]]></system-err>
</testsuite>
