<?xml version="1.0" encoding="UTF-8" ?>
<testsuite errors="0" failures="0" hostname="travis-job-bd90a24c-9d99-4b4b-a21d-05dca06289f4" name="ptolemy.domains.sdf.test.junit.JUnitTclTest" skipped="0" tests="66" time="23.401" timestamp="2019-10-28T06:28:19">
  <properties>
[...]
</properties>
  <testcase classname="ptolemy.util.test.junit.TclTests" name="[0] /home/travis/build/icyphy/ptII/ptolemy/domains/sdf/test/SDFSchedulerErrors.tcl (RunTclFile)" time="1.105" />
  <testcase classname="ptolemy.util.test.junit.TclTests" name="[1] /home/travis/build/icyphy/ptII/ptolemy/domains/sdf/test/composition.tcl (RunTclFile)" time="0.24" />
  <testcase classname="ptolemy.util.test.junit.TclTests" name="[2] /home/travis/build/icyphy/ptII/ptolemy/domains/sdf/test/cycle.tcl (RunTclFile)" time="0.045" />
  <testcase classname="ptolemy.util.test.junit.AutoKnownFailedTests" name="[0] ThereAreNoKnowFailedTests (RunModel)" time="0.004" />
  <testcase classname="ptolemy.util.test.junit.AutoNameArchTests" name="[0] ThereAreNoAutoArchTests (RunModel)" time="0.006" />
  <testcase classname="ptolemy.util.test.junit.AutoTests" name="[0] /home/travis/build/icyphy/ptII/ptolemy/domains/sdf/test/auto/Array.xml (RunModel)" time="0.307" />
  <testcase classname="ptolemy.util.test.junit.AutoTests" name="[1] /home/travis/build/icyphy/ptII/ptolemy/domains/sdf/test/auto/Butterfly.xml (RunModel)" time="0.195" />
  <testcase classname="ptolemy.util.test.junit.AutoTests" name="[2] /home/travis/build/icyphy/ptII/ptolemy/domains/sdf/test/auto/Expression.xml (RunModel)" time="0.088" />
  <testcase classname="ptolemy.util.test.junit.AutoTests" name="[3] /home/travis/build/icyphy/ptII/ptolemy/domains/sdf/test/auto/Eye.xml (RunModel)" time="0.322" />
  <testcase classname="ptolemy.util.test.junit.AutoTests" name="[4] /home/travis/build/icyphy/ptII/ptolemy/domains/sdf/test/auto/FixFIR.xml (RunModel)" time="0.466" />
  <testcase classname="ptolemy.util.test.junit.AutoTests" name="[5] /home/travis/build/icyphy/ptII/ptolemy/domains/sdf/test/auto/FixPoint.xml (RunModel)" time="0.039" />
  <testcase classname="ptolemy.util.test.junit.AutoTests" name="[6] /home/travis/build/icyphy/ptII/ptolemy/domains/sdf/test/auto/Gravitation.xml (RunModel)" time="3.273" />
  <testcase classname="ptolemy.util.test.junit.AutoTests" name="[7] /home/travis/build/icyphy/ptII/ptolemy/domains/sdf/test/auto/GravitationWithCollisionDetection.xml (RunModel)" time="8.473" />
  <testcase classname="ptolemy.util.test.junit.AutoTests" name="[8] /home/travis/build/icyphy/ptII/ptolemy/domains/sdf/test/auto/HDF.xml (RunModel)" time="0.153" />
  <testcase classname="ptolemy.util.test.junit.AutoTests" name="[9] /home/travis/build/icyphy/ptII/ptolemy/domains/sdf/test/auto/HDFwithTransientStates.xml (RunModel)" time="0.129" />
  <testcase classname="ptolemy.util.test.junit.AutoTests" name="[10] /home/travis/build/icyphy/ptII/ptolemy/domains/sdf/test/auto/HTVQ.xml (RunModel)" time="0.972" />
  <testcase classname="ptolemy.util.test.junit.AutoTests" name="[11] /home/travis/build/icyphy/ptII/ptolemy/domains/sdf/test/auto/InferInitProduction.xml (RunModel)" time="0.038" />
  <testcase classname="ptolemy.util.test.junit.AutoTests" name="[12] /home/travis/build/icyphy/ptII/ptolemy/domains/sdf/test/auto/InferInitProductionDeeper.xml (RunModel)" time="0.039" />
  <testcase classname="ptolemy.util.test.junit.AutoTests" name="[13] /home/travis/build/icyphy/ptII/ptolemy/domains/sdf/test/auto/LMSAdaptive.xml (RunModel)" time="0.08" />
  <testcase classname="ptolemy.util.test.junit.AutoTests" name="[14] /home/travis/build/icyphy/ptII/ptolemy/domains/sdf/test/auto/LogisticMap.xml (RunModel)" time="0.477" />
  <testcase classname="ptolemy.util.test.junit.AutoTests" name="[15] /home/travis/build/icyphy/ptII/ptolemy/domains/sdf/test/auto/MaximumEntropySpectrum.xml (RunModel)" time="0.28" />
  <testcase classname="ptolemy.util.test.junit.AutoTests" name="[16] /home/travis/build/icyphy/ptII/ptolemy/domains/sdf/test/auto/MultirateSDF.xml (RunModel)" time="0.085" />
  <testcase classname="ptolemy.util.test.junit.AutoTests" name="[17] /home/travis/build/icyphy/ptII/ptolemy/domains/sdf/test/auto/MultirateSDFwithTransientStates.xml (RunModel)" time="0.073" />
  <testcase classname="ptolemy.util.test.junit.AutoTests" name="[18] /home/travis/build/icyphy/ptII/ptolemy/domains/sdf/test/auto/NoisySinewave.xml (RunModel)" time="0.062" />
  <testcase classname="ptolemy.util.test.junit.AutoTests" name="[19] /home/travis/build/icyphy/ptII/ptolemy/domains/sdf/test/auto/Objects.xml (RunModel)" time="0.038" />
  <testcase classname="ptolemy.util.test.junit.AutoTests" name="[20] /home/travis/build/icyphy/ptII/ptolemy/domains/sdf/test/auto/OrthogonalCom.xml (RunModel)" time="0.047" />
  <testcase classname="ptolemy.util.test.junit.AutoTests" name="[21] /home/travis/build/icyphy/ptII/ptolemy/domains/sdf/test/auto/RijndaelEncryption.xml (RunModel)" time="0.55" />
  <testcase classname="ptolemy.util.test.junit.AutoTests" name="[22] /home/travis/build/icyphy/ptII/ptolemy/domains/sdf/test/auto/SDFEmptyIterations.xml (RunModel)" time="0.025" />
  <testcase classname="ptolemy.util.test.junit.AutoTests" name="[23] /home/travis/build/icyphy/ptII/ptolemy/domains/sdf/test/auto/Spectrum.xml (RunModel)" time="0.13" />
  <testcase classname="ptolemy.util.test.junit.AutoTests" name="[24] /home/travis/build/icyphy/ptII/ptolemy/domains/sdf/test/auto/de_inside_sdf.xml (RunModel)" time="0.029" />
  <testcase classname="ptolemy.util.test.junit.AutoTests" name="[25] /home/travis/build/icyphy/ptII/ptolemy/domains/sdf/test/auto/disconnectedHierarchicalSDF.xml (RunModel)" time="0.023" />
  <testcase classname="ptolemy.util.test.junit.AutoTests" name="[26] /home/travis/build/icyphy/ptII/ptolemy/domains/sdf/test/auto/disconnectedSDF.xml (RunModel)" time="0.019" />
  <testcase classname="ptolemy.util.test.junit.AutoTests" name="[27] /home/travis/build/icyphy/ptII/ptolemy/domains/sdf/test/auto/emptyRefinement.xml (RunModel)" time="0.021" />
  <testcase classname="ptolemy.util.test.junit.AutoTests" name="[28] /home/travis/build/icyphy/ptII/ptolemy/domains/sdf/test/auto/filePortParameter.xml (RunModel)" time="0.062" />
  <testcase classname="ptolemy.util.test.junit.AutoTests" name="[29] /home/travis/build/icyphy/ptII/ptolemy/domains/sdf/test/auto/inferRelationWidth1.xml (RunModel)" time="0.02" />
  <testcase classname="ptolemy.util.test.junit.AutoTests" name="[30] /home/travis/build/icyphy/ptII/ptolemy/domains/sdf/test/auto/initProductionInference.xml (RunModel)" time="0.026" />
  <testcase classname="ptolemy.util.test.junit.AutoTests" name="[31] /home/travis/build/icyphy/ptII/ptolemy/domains/sdf/test/auto/relationGroup.xml (RunModel)" time="0.028" />
  <testcase classname="ptolemy.util.test.junit.AutoTests" name="[32] /home/travis/build/icyphy/ptII/ptolemy/domains/sdf/test/auto/relationGroup10.xml (RunModel)" time="0.018" />
  <testcase classname="ptolemy.util.test.junit.AutoTests" name="[33] /home/travis/build/icyphy/ptII/ptolemy/domains/sdf/test/auto/relationGroup11.xml (RunModel)" time="0.017" />
  <testcase classname="ptolemy.util.test.junit.AutoTests" name="[34] /home/travis/build/icyphy/ptII/ptolemy/domains/sdf/test/auto/relationGroup12.xml (RunModel)" time="0.024" />
  <testcase classname="ptolemy.util.test.junit.AutoTests" name="[35] /home/travis/build/icyphy/ptII/ptolemy/domains/sdf/test/auto/relationGroup13.xml (RunModel)" time="0.022" />
  <testcase classname="ptolemy.util.test.junit.AutoTests" name="[36] /home/travis/build/icyphy/ptII/ptolemy/domains/sdf/test/auto/relationGroup14.xml (RunModel)" time="0.026" />
  <testcase classname="ptolemy.util.test.junit.AutoTests" name="[37] /home/travis/build/icyphy/ptII/ptolemy/domains/sdf/test/auto/relationGroup15.xml (RunModel)" time="0.021" />
  <testcase classname="ptolemy.util.test.junit.AutoTests" name="[38] /home/travis/build/icyphy/ptII/ptolemy/domains/sdf/test/auto/relationGroup2.xml (RunModel)" time="0.016" />
  <testcase classname="ptolemy.util.test.junit.AutoTests" name="[39] /home/travis/build/icyphy/ptII/ptolemy/domains/sdf/test/auto/relationGroup3.xml (RunModel)" time="0.017" />
  <testcase classname="ptolemy.util.test.junit.AutoTests" name="[40] /home/travis/build/icyphy/ptII/ptolemy/domains/sdf/test/auto/relationGroup4.xml (RunModel)" time="0.013" />
  <testcase classname="ptolemy.util.test.junit.AutoTests" name="[41] /home/travis/build/icyphy/ptII/ptolemy/domains/sdf/test/auto/relationGroup5.xml (RunModel)" time="0.029" />
  <testcase classname="ptolemy.util.test.junit.AutoTests" name="[42] /home/travis/build/icyphy/ptII/ptolemy/domains/sdf/test/auto/relationGroup6.xml (RunModel)" time="0.013" />
  <testcase classname="ptolemy.util.test.junit.AutoTests" name="[43] /home/travis/build/icyphy/ptII/ptolemy/domains/sdf/test/auto/relationGroup7.xml (RunModel)" time="0.01" />
  <testcase classname="ptolemy.util.test.junit.AutoTests" name="[44] /home/travis/build/icyphy/ptII/ptolemy/domains/sdf/test/auto/relationGroup8.xml (RunModel)" time="0.01" />
  <testcase classname="ptolemy.util.test.junit.AutoTests" name="[45] /home/travis/build/icyphy/ptII/ptolemy/domains/sdf/test/auto/relationGroup9.xml (RunModel)" time="0.014" />
  <testcase classname="ptolemy.util.test.junit.AutoTests" name="[46] /home/travis/build/icyphy/ptII/ptolemy/domains/sdf/test/auto/sdf_inside_de.xml (RunModel)" time="0.043" />
  <testcase classname="ptolemy.util.test.junit.AutoTests" name="[47] /home/travis/build/icyphy/ptII/ptolemy/domains/sdf/test/auto/sdf_inside_pn.xml (RunModel)" time="0.068" />
  <testcase classname="ptolemy.util.test.junit.AutoTests" name="[48] /home/travis/build/icyphy/ptII/ptolemy/domains/sdf/test/auto/sdf_sdf1.xml (RunModel)" time="0.02" />
  <testcase classname="ptolemy.util.test.junit.AutoTests" name="[49] /home/travis/build/icyphy/ptII/ptolemy/domains/sdf/test/auto/test1.xml (RunModel)" time="0.018" />
  <testcase classname="ptolemy.util.test.junit.AutoTests" name="[50] /home/travis/build/icyphy/ptII/ptolemy/domains/sdf/test/auto/time1.xml (RunModel)" time="0.011" />
  <testcase classname="ptolemy.util.test.junit.AutoTests" name="[51] /home/travis/build/icyphy/ptII/ptolemy/domains/sdf/test/auto/time2.xml (RunModel)" time="0.012" />
  <testcase classname="ptolemy.util.test.junit.AutoTests" name="[52] /home/travis/build/icyphy/ptII/ptolemy/domains/sdf/test/auto/time3.xml (RunModel)" time="0.024" />
  <testcase classname="ptolemy.util.test.junit.AutoTests" name="[53] /home/travis/build/icyphy/ptII/ptolemy/domains/sdf/test/auto/time4.xml (RunModel)" time="0.019" />
  <testcase classname="ptolemy.util.test.junit.AutoTests" name="[54] /home/travis/build/icyphy/ptII/ptolemy/domains/sdf/test/auto/time5.xml (RunModel)" time="4.011" />
  <testcase classname="ptolemy.util.test.junit.AutoTests" name="[55] /home/travis/build/icyphy/ptII/ptolemy/domains/sdf/test/auto/typeSystem_Const_Integer_smallest_Type.xml (RunModel)" time="0.036" />
  <testcase classname="ptolemy.util.test.junit.AutoTests" name="[56] /home/travis/build/icyphy/ptII/ptolemy/domains/sdf/test/auto/typeSystem_declared_Inports_OutportTypeException.xml (RunModel)" time="0.027" />
  <testcase classname="ptolemy.util.test.junit.AutoTests" name="[57] /home/travis/build/icyphy/ptII/ptolemy/domains/sdf/test/auto/typeSystem_oneDeclaredInportType_wrongTypeOutport.xml (RunModel)" time="0.022" />
  <testcase classname="ptolemy.util.test.junit.AutoTests" name="[58] /home/travis/build/icyphy/ptII/ptolemy/domains/sdf/test/auto/width.xml (RunModel)" time="0.022" />
  <testcase classname="ptolemy.util.test.junit.AutoTests" name="[59] /home/travis/build/icyphy/ptII/ptolemy/domains/sdf/test/auto/width2.xml (RunModel)" time="0.055" />
  <testcase classname="ptolemy.util.test.junit.AutoTests" name="[60] /home/travis/build/icyphy/ptII/ptolemy/domains/sdf/test/auto/width3.xml (RunModel)" time="0.054" />
  <system-out><![CDATA[/home/travis/build/icyphy/ptII/ptolemy/domains/sdf/test/SDFSchedulerErrors.tcl
testDefs.tcl: setting time out to 9000 seconds at Mon Oct 28 06:28:19 UTC 2019
87 ms. Memory: 120832K Free: 82373K (68%)
18 ms. Memory: 120832K Free: 74695K (62%)
13 ms. Memory: 120832K Free: 68022K (56%)
21 ms. Memory: 120832K Free: 64965K (54%)
/home/travis/build/icyphy/ptII/ptolemy/domains/sdf/test/composition.tcl
56 ms. Memory: 120832K Free: 61383K (51%)
8 ms. Memory: 120832K Free: 59335K (49%)
/home/travis/build/icyphy/ptII/ptolemy/domains/sdf/test/cycle.tcl
.Toplevel.Director Preinitializing ...
Invoking preinitialize():  .Toplevel.Actor1
Invoking preinitialize():  .Toplevel.Actor2
Invoking preinitialize():  .Toplevel.Delay
.Toplevel.Director Finished preinitialize().
### Schedule:
Execute Schedule{
Fire Actor ptolemy.domains.sdf.kernel.test.SDFTestDelay {.Toplevel.Actor1}
Fire Actor ptolemy.domains.sdf.kernel.test.SDFTestDelay {.Toplevel.Actor2}
Fire Actor ptolemy.domains.sdf.lib.SampleDelay {.Toplevel.Delay}
}
### End schedule
Called initialize().
Invoking initialize():  .Toplevel.Actor1
Initializing actor: .Toplevel.Actor1.
Invoking initialize():  .Toplevel.Actor2
Initializing actor: .Toplevel.Actor2.
Invoking initialize():  .Toplevel.Delay
Initializing actor: .Toplevel.Delay.
Director: Called prefire().
-- Setting current time to 0.0
Director prefire returns true.
The actor .Toplevel.Actor1 will be iterated.
The actor .Toplevel.Actor1 was iterated.
The actor .Toplevel.Actor2 will be iterated.
The actor .Toplevel.Actor2 was iterated.
The actor .Toplevel.Delay will be iterated.
The actor .Toplevel.Delay was iterated.
Director: Called postfire().
Postfire returns: true
Director: Called prefire().
-- Setting current time to 0.0
Director prefire returns true.
The actor .Toplevel.Actor1 will be iterated.
The actor .Toplevel.Actor1 was iterated.
The actor .Toplevel.Actor2 will be iterated.
The actor .Toplevel.Actor2 was iterated.
The actor .Toplevel.Delay will be iterated.
The actor .Toplevel.Delay was iterated.
Director: Called postfire().
Postfire returns: true
Director: Called prefire().
-- Setting current time to 0.0
Director prefire returns true.
The actor .Toplevel.Actor1 will be iterated.
The actor .Toplevel.Actor1 was iterated.
The actor .Toplevel.Actor2 will be iterated.
The actor .Toplevel.Actor2 was iterated.
The actor .Toplevel.Delay will be iterated.
The actor .Toplevel.Delay was iterated.
Director: Called postfire().
Postfire returns: true
Director: Called prefire().
-- Setting current time to 0.0
Director prefire returns true.
The actor .Toplevel.Actor1 will be iterated.
The actor .Toplevel.Actor1 was iterated.
The actor .Toplevel.Actor2 will be iterated.
The actor .Toplevel.Actor2 was iterated.
The actor .Toplevel.Delay will be iterated.
The actor .Toplevel.Delay was iterated.
Director: Called postfire().
Postfire returns: true
Director: Called prefire().
-- Setting current time to 0.0
Director prefire returns true.
The actor .Toplevel.Actor1 will be iterated.
The actor .Toplevel.Actor1 was iterated.
The actor .Toplevel.Actor2 will be iterated.
The actor .Toplevel.Actor2 was iterated.
The actor .Toplevel.Delay will be iterated.
The actor .Toplevel.Delay was iterated.
Director: Called postfire().
Postfire returns: true
Director: Called prefire().
-- Setting current time to 0.0
Director prefire returns true.
The actor .Toplevel.Actor1 will be iterated.
The actor .Toplevel.Actor1 was iterated.
The actor .Toplevel.Actor2 will be iterated.
The actor .Toplevel.Actor2 was iterated.
The actor .Toplevel.Delay will be iterated.
The actor .Toplevel.Delay was iterated.
Reached specified number of iterations: 6
Director: Called wrapup().
22 ms. Memory: 120832K Free: 56263K (47%)
10/28/19 06:28:21
Failed: 0  Total Tests: 8  ((Passed: 8, Newly Passed: 0)  Known Failed: 0) /home/travis/build/icyphy/ptII/ptolemy/domains/sdf/test
No auto/knownFailedTests/*.xml tests in /home/travis/build/icyphy/ptII/ptolemy/domains/sdf/test
No auto/linux-amd64/*.xml tests in /home/travis/build/icyphy/ptII/ptolemy/domains/sdf/test
AutoTests.java: About to close Vertx.
AutoTests.java: Vertx closed.

===========================================================================================
----------------- testing Mon Oct 28 06:28:21 UTC 2019 /home/travis/build/icyphy/ptII/ptolemy/domains/sdf/test/auto/Array.xml
----------------- Instantiating /home/travis/build/icyphy/ptII/ptolemy/domains/sdf/test/auto/Array.xml
55 ms. Memory: 120832K Free: 92864K (77%)
----------------- Invoking toplevel() on ptolemy.moml.MoMLSimpleApplication@d70ce6e
----------------- Done invoking toplevel() on ptolemy.moml.MoMLSimpleApplication@d70ce6e
reloadAllAccessors: .Array

===========================================================================================
----------------- testing Mon Oct 28 06:28:21 UTC 2019 /home/travis/build/icyphy/ptII/ptolemy/domains/sdf/test/auto/Butterfly.xml
----------------- Instantiating /home/travis/build/icyphy/ptII/ptolemy/domains/sdf/test/auto/Butterfly.xml
114 ms. Memory: 120832K Free: 103694K (86%)
----------------- Invoking toplevel() on ptolemy.moml.MoMLSimpleApplication@5fcb2a11
----------------- Done invoking toplevel() on ptolemy.moml.MoMLSimpleApplication@5fcb2a11
reloadAllAccessors: .Butterfly

===========================================================================================
----------------- testing Mon Oct 28 06:28:22 UTC 2019 /home/travis/build/icyphy/ptII/ptolemy/domains/sdf/test/auto/Expression.xml
----------------- Instantiating /home/travis/build/icyphy/ptII/ptolemy/domains/sdf/test/auto/Expression.xml
40 ms. Memory: 120832K Free: 98574K (82%)
----------------- Invoking toplevel() on ptolemy.moml.MoMLSimpleApplication@4f852a86
----------------- Done invoking toplevel() on ptolemy.moml.MoMLSimpleApplication@4f852a86
reloadAllAccessors: .Expression

===========================================================================================
----------------- testing Mon Oct 28 06:28:22 UTC 2019 /home/travis/build/icyphy/ptII/ptolemy/domains/sdf/test/auto/Eye.xml
----------------- Instantiating /home/travis/build/icyphy/ptII/ptolemy/domains/sdf/test/auto/Eye.xml
221 ms. Memory: 145408K Free: 128263K (88%)
----------------- Invoking toplevel() on ptolemy.moml.MoMLSimpleApplication@7bd9af6
----------------- Done invoking toplevel() on ptolemy.moml.MoMLSimpleApplication@7bd9af6
reloadAllAccessors: .Eye

===========================================================================================
----------------- testing Mon Oct 28 06:28:22 UTC 2019 /home/travis/build/icyphy/ptII/ptolemy/domains/sdf/test/auto/FixFIR.xml
----------------- Instantiating /home/travis/build/icyphy/ptII/ptolemy/domains/sdf/test/auto/FixFIR.xml
175 ms. Memory: 145408K Free: 95540K (66%)
----------------- Invoking toplevel() on ptolemy.moml.MoMLSimpleApplication@3d7e9915
----------------- Done invoking toplevel() on ptolemy.moml.MoMLSimpleApplication@3d7e9915
reloadAllAccessors: .FixFIR

===========================================================================================
----------------- testing Mon Oct 28 06:28:23 UTC 2019 /home/travis/build/icyphy/ptII/ptolemy/domains/sdf/test/auto/FixPoint.xml
----------------- Instantiating /home/travis/build/icyphy/ptII/ptolemy/domains/sdf/test/auto/FixPoint.xml
12 ms. Memory: 145408K Free: 91791K (63%)
----------------- Invoking toplevel() on ptolemy.moml.MoMLSimpleApplication@5abdb398
----------------- Done invoking toplevel() on ptolemy.moml.MoMLSimpleApplication@5abdb398
reloadAllAccessors: .FixPoint

===========================================================================================
----------------- testing Mon Oct 28 06:28:23 UTC 2019 /home/travis/build/icyphy/ptII/ptolemy/domains/sdf/test/auto/Gravitation.xml
----------------- Instantiating /home/travis/build/icyphy/ptII/ptolemy/domains/sdf/test/auto/Gravitation.xml
3191 ms. Memory: 145408K Free: 97169K (67%)
----------------- Invoking toplevel() on ptolemy.moml.MoMLSimpleApplication@39b334db
----------------- Done invoking toplevel() on ptolemy.moml.MoMLSimpleApplication@39b334db
reloadAllAccessors: .Gravitation

===========================================================================================
----------------- testing Mon Oct 28 06:28:26 UTC 2019 /home/travis/build/icyphy/ptII/ptolemy/domains/sdf/test/auto/GravitationWithCollisionDetection.xml
----------------- Instantiating /home/travis/build/icyphy/ptII/ptolemy/domains/sdf/test/auto/GravitationWithCollisionDetection.xml
8218 ms. Memory: 268288K Free: 101202K (38%)
----------------- Invoking toplevel() on ptolemy.moml.MoMLSimpleApplication@3f94356b
----------------- Done invoking toplevel() on ptolemy.moml.MoMLSimpleApplication@3f94356b
reloadAllAccessors: .GravitationWithCollisionDetection

===========================================================================================
----------------- testing Mon Oct 28 06:28:34 UTC 2019 /home/travis/build/icyphy/ptII/ptolemy/domains/sdf/test/auto/HDF.xml
----------------- Instantiating /home/travis/build/icyphy/ptII/ptolemy/domains/sdf/test/auto/HDF.xml
36 ms. Memory: 333824K Free: 307362K (92%)
----------------- Invoking toplevel() on ptolemy.moml.MoMLSimpleApplication@c543f67
----------------- Done invoking toplevel() on ptolemy.moml.MoMLSimpleApplication@c543f67
reloadAllAccessors: .HDF

===========================================================================================
----------------- testing Mon Oct 28 06:28:35 UTC 2019 /home/travis/build/icyphy/ptII/ptolemy/domains/sdf/test/auto/HDFwithTransientStates.xml
----------------- Instantiating /home/travis/build/icyphy/ptII/ptolemy/domains/sdf/test/auto/HDFwithTransientStates.xml
35 ms. Memory: 333824K Free: 287906K (86%)
----------------- Invoking toplevel() on ptolemy.moml.MoMLSimpleApplication@24d7dfc7
----------------- Done invoking toplevel() on ptolemy.moml.MoMLSimpleApplication@24d7dfc7
reloadAllAccessors: .HDFwithTransientStates

===========================================================================================
----------------- testing Mon Oct 28 06:28:35 UTC 2019 /home/travis/build/icyphy/ptII/ptolemy/domains/sdf/test/auto/HTVQ.xml
----------------- Instantiating /home/travis/build/icyphy/ptII/ptolemy/domains/sdf/test/auto/HTVQ.xml
918 ms. Memory: 333824K Free: 127549K (38%)
----------------- Invoking toplevel() on ptolemy.moml.MoMLSimpleApplication@4ef71d97
----------------- Done invoking toplevel() on ptolemy.moml.MoMLSimpleApplication@4ef71d97
reloadAllAccessors: .HTVQ

===========================================================================================
----------------- testing Mon Oct 28 06:28:36 UTC 2019 /home/travis/build/icyphy/ptII/ptolemy/domains/sdf/test/auto/InferInitProduction.xml
----------------- Instantiating /home/travis/build/icyphy/ptII/ptolemy/domains/sdf/test/auto/InferInitProduction.xml
9 ms. Memory: 333824K Free: 122018K (37%)
----------------- Invoking toplevel() on ptolemy.moml.MoMLSimpleApplication@446016a7
----------------- Done invoking toplevel() on ptolemy.moml.MoMLSimpleApplication@446016a7
reloadAllAccessors: .InferInitProduction

===========================================================================================
----------------- testing Mon Oct 28 06:28:36 UTC 2019 /home/travis/build/icyphy/ptII/ptolemy/domains/sdf/test/auto/InferInitProductionDeeper.xml
----------------- Instantiating /home/travis/build/icyphy/ptII/ptolemy/domains/sdf/test/auto/InferInitProductionDeeper.xml
4 ms. Memory: 333824K Free: 313016K (94%)
----------------- Invoking toplevel() on ptolemy.moml.MoMLSimpleApplication@76de08bd
----------------- Done invoking toplevel() on ptolemy.moml.MoMLSimpleApplication@76de08bd
reloadAllAccessors: .InferInitProductionDeeper

===========================================================================================
----------------- testing Mon Oct 28 06:28:36 UTC 2019 /home/travis/build/icyphy/ptII/ptolemy/domains/sdf/test/auto/LMSAdaptive.xml
----------------- Instantiating /home/travis/build/icyphy/ptII/ptolemy/domains/sdf/test/auto/LMSAdaptive.xml
16 ms. Memory: 333824K Free: 303290K (91%)
----------------- Invoking toplevel() on ptolemy.moml.MoMLSimpleApplication@620d9d1a
----------------- Done invoking toplevel() on ptolemy.moml.MoMLSimpleApplication@620d9d1a
reloadAllAccessors: .LMSAdaptive

===========================================================================================
----------------- testing Mon Oct 28 06:28:36 UTC 2019 /home/travis/build/icyphy/ptII/ptolemy/domains/sdf/test/auto/LogisticMap.xml
----------------- Instantiating /home/travis/build/icyphy/ptII/ptolemy/domains/sdf/test/auto/LogisticMap.xml
445 ms. Memory: 333824K Free: 297146K (89%)
----------------- Invoking toplevel() on ptolemy.moml.MoMLSimpleApplication@543314bc
----------------- Done invoking toplevel() on ptolemy.moml.MoMLSimpleApplication@543314bc
reloadAllAccessors: .LogisticMap

===========================================================================================
----------------- testing Mon Oct 28 06:28:36 UTC 2019 /home/travis/build/icyphy/ptII/ptolemy/domains/sdf/test/auto/MaximumEntropySpectrum.xml
----------------- Instantiating /home/travis/build/icyphy/ptII/ptolemy/domains/sdf/test/auto/MaximumEntropySpectrum.xml
58 ms. Memory: 333824K Free: 235706K (71%)
----------------- Invoking toplevel() on ptolemy.moml.MoMLSimpleApplication@5a5d6199
----------------- Done invoking toplevel() on ptolemy.moml.MoMLSimpleApplication@5a5d6199
reloadAllAccessors: .MaximumEntropySpectrum

===========================================================================================
----------------- testing Mon Oct 28 06:28:37 UTC 2019 /home/travis/build/icyphy/ptII/ptolemy/domains/sdf/test/auto/MultirateSDF.xml
----------------- Instantiating /home/travis/build/icyphy/ptII/ptolemy/domains/sdf/test/auto/MultirateSDF.xml
30 ms. Memory: 333824K Free: 220841K (66%)
----------------- Invoking toplevel() on ptolemy.moml.MoMLSimpleApplication@5597d835
----------------- Done invoking toplevel() on ptolemy.moml.MoMLSimpleApplication@5597d835
reloadAllAccessors: .MultirateSDF

===========================================================================================
----------------- testing Mon Oct 28 06:28:37 UTC 2019 /home/travis/build/icyphy/ptII/ptolemy/domains/sdf/test/auto/MultirateSDFwithTransientStates.xml
----------------- Instantiating /home/travis/build/icyphy/ptII/ptolemy/domains/sdf/test/auto/MultirateSDFwithTransientStates.xml
22 ms. Memory: 333824K Free: 201914K (60%)
----------------- Invoking toplevel() on ptolemy.moml.MoMLSimpleApplication@19cac357
----------------- Done invoking toplevel() on ptolemy.moml.MoMLSimpleApplication@19cac357
reloadAllAccessors: .MultirateSDFwithTransientStates

===========================================================================================
----------------- testing Mon Oct 28 06:28:37 UTC 2019 /home/travis/build/icyphy/ptII/ptolemy/domains/sdf/test/auto/NoisySinewave.xml
----------------- Instantiating /home/travis/build/icyphy/ptII/ptolemy/domains/sdf/test/auto/NoisySinewave.xml
17 ms. Memory: 333824K Free: 185530K (56%)
----------------- Invoking toplevel() on ptolemy.moml.MoMLSimpleApplication@8b29d75
----------------- Done invoking toplevel() on ptolemy.moml.MoMLSimpleApplication@8b29d75
reloadAllAccessors: .NoisySinewave

===========================================================================================
----------------- testing Mon Oct 28 06:28:37 UTC 2019 /home/travis/build/icyphy/ptII/ptolemy/domains/sdf/test/auto/Objects.xml
----------------- Instantiating /home/travis/build/icyphy/ptII/ptolemy/domains/sdf/test/auto/Objects.xml
3 ms. Memory: 333824K Free: 177338K (53%)
----------------- Invoking toplevel() on ptolemy.moml.MoMLSimpleApplication@12676a30
----------------- Done invoking toplevel() on ptolemy.moml.MoMLSimpleApplication@12676a30
reloadAllAccessors: .Objects

===========================================================================================
----------------- testing Mon Oct 28 06:28:37 UTC 2019 /home/travis/build/icyphy/ptII/ptolemy/domains/sdf/test/auto/OrthogonalCom.xml
----------------- Instantiating /home/travis/build/icyphy/ptII/ptolemy/domains/sdf/test/auto/OrthogonalCom.xml
7 ms. Memory: 333824K Free: 170170K (51%)
----------------- Invoking toplevel() on ptolemy.moml.MoMLSimpleApplication@48a49abe
----------------- Done invoking toplevel() on ptolemy.moml.MoMLSimpleApplication@48a49abe
reloadAllAccessors: .OrthogonalCom

===========================================================================================
----------------- testing Mon Oct 28 06:28:37 UTC 2019 /home/travis/build/icyphy/ptII/ptolemy/domains/sdf/test/auto/RijndaelEncryption.xml
----------------- Instantiating /home/travis/build/icyphy/ptII/ptolemy/domains/sdf/test/auto/RijndaelEncryption.xml
241 ms. Memory: 333824K Free: 220837K (66%)
----------------- Invoking toplevel() on ptolemy.moml.MoMLSimpleApplication@52082519
----------------- Done invoking toplevel() on ptolemy.moml.MoMLSimpleApplication@52082519
reloadAllAccessors: .RijndaelEncryption

===========================================================================================
----------------- testing Mon Oct 28 06:28:37 UTC 2019 /home/travis/build/icyphy/ptII/ptolemy/domains/sdf/test/auto/SDFEmptyIterations.xml
----------------- Instantiating /home/travis/build/icyphy/ptII/ptolemy/domains/sdf/test/auto/SDFEmptyIterations.xml
6 ms. Memory: 333824K Free: 216231K (65%)
----------------- Invoking toplevel() on ptolemy.moml.MoMLSimpleApplication@36564e8e
----------------- Done invoking toplevel() on ptolemy.moml.MoMLSimpleApplication@36564e8e
reloadAllAccessors: .SDFEmptyIterations

===========================================================================================
----------------- testing Mon Oct 28 06:28:37 UTC 2019 /home/travis/build/icyphy/ptII/ptolemy/domains/sdf/test/auto/Spectrum.xml
----------------- Instantiating /home/travis/build/icyphy/ptII/ptolemy/domains/sdf/test/auto/Spectrum.xml
43 ms. Memory: 333824K Free: 191655K (57%)
----------------- Invoking toplevel() on ptolemy.moml.MoMLSimpleApplication@5efe93dd
----------------- Done invoking toplevel() on ptolemy.moml.MoMLSimpleApplication@5efe93dd
reloadAllAccessors: .Spectrum

===========================================================================================
----------------- testing Mon Oct 28 06:28:38 UTC 2019 /home/travis/build/icyphy/ptII/ptolemy/domains/sdf/test/auto/de_inside_sdf.xml
----------------- Instantiating /home/travis/build/icyphy/ptII/ptolemy/domains/sdf/test/auto/de_inside_sdf.xml
6 ms. Memory: 333824K Free: 186535K (56%)
----------------- Invoking toplevel() on ptolemy.moml.MoMLSimpleApplication@61ce36f8
----------------- Done invoking toplevel() on ptolemy.moml.MoMLSimpleApplication@61ce36f8
reloadAllAccessors: .de_inside_sdf

===========================================================================================
----------------- testing Mon Oct 28 06:28:38 UTC 2019 /home/travis/build/icyphy/ptII/ptolemy/domains/sdf/test/auto/disconnectedHierarchicalSDF.xml
----------------- Instantiating /home/travis/build/icyphy/ptII/ptolemy/domains/sdf/test/auto/disconnectedHierarchicalSDF.xml
5 ms. Memory: 333824K Free: 179877K (54%)
----------------- Invoking toplevel() on ptolemy.moml.MoMLSimpleApplication@1b21f3d
----------------- Done invoking toplevel() on ptolemy.moml.MoMLSimpleApplication@1b21f3d
reloadAllAccessors: .disconnectedHierarchicalSDF

===========================================================================================
----------------- testing Mon Oct 28 06:28:38 UTC 2019 /home/travis/build/icyphy/ptII/ptolemy/domains/sdf/test/auto/disconnectedSDF.xml
----------------- Instantiating /home/travis/build/icyphy/ptII/ptolemy/domains/sdf/test/auto/disconnectedSDF.xml
3 ms. Memory: 333824K Free: 175781K (53%)
----------------- Invoking toplevel() on ptolemy.moml.MoMLSimpleApplication@22015e1c
----------------- Done invoking toplevel() on ptolemy.moml.MoMLSimpleApplication@22015e1c
reloadAllAccessors: .disconnectedSDF

===========================================================================================
----------------- testing Mon Oct 28 06:28:38 UTC 2019 /home/travis/build/icyphy/ptII/ptolemy/domains/sdf/test/auto/emptyRefinement.xml
----------------- Instantiating /home/travis/build/icyphy/ptII/ptolemy/domains/sdf/test/auto/emptyRefinement.xml
4 ms. Memory: 333824K Free: 171175K (51%)
----------------- Invoking toplevel() on ptolemy.moml.MoMLSimpleApplication@6e6e05b6
----------------- Done invoking toplevel() on ptolemy.moml.MoMLSimpleApplication@6e6e05b6
reloadAllAccessors: .emptyRefinement

===========================================================================================
----------------- testing Mon Oct 28 06:28:38 UTC 2019 /home/travis/build/icyphy/ptII/ptolemy/domains/sdf/test/auto/filePortParameter.xml
----------------- Instantiating /home/travis/build/icyphy/ptII/ptolemy/domains/sdf/test/auto/filePortParameter.xml
22 ms. Memory: 333824K Free: 164007K (49%)
----------------- Invoking toplevel() on ptolemy.moml.MoMLSimpleApplication@6afcd1dd
----------------- Done invoking toplevel() on ptolemy.moml.MoMLSimpleApplication@6afcd1dd
reloadAllAccessors: .filePortParameter

===========================================================================================
----------------- testing Mon Oct 28 06:28:38 UTC 2019 /home/travis/build/icyphy/ptII/ptolemy/domains/sdf/test/auto/inferRelationWidth1.xml
----------------- Instantiating /home/travis/build/icyphy/ptII/ptolemy/domains/sdf/test/auto/inferRelationWidth1.xml
3 ms. Memory: 333824K Free: 160935K (48%)
----------------- Invoking toplevel() on ptolemy.moml.MoMLSimpleApplication@6f12b3e
----------------- Done invoking toplevel() on ptolemy.moml.MoMLSimpleApplication@6f12b3e
reloadAllAccessors: .inferRelationWidth1

===========================================================================================
----------------- testing Mon Oct 28 06:28:38 UTC 2019 /home/travis/build/icyphy/ptII/ptolemy/domains/sdf/test/auto/initProductionInference.xml
----------------- Instantiating /home/travis/build/icyphy/ptII/ptolemy/domains/sdf/test/auto/initProductionInference.xml
11 ms. Memory: 333824K Free: 156839K (47%)
----------------- Invoking toplevel() on ptolemy.moml.MoMLSimpleApplication@3695a31
----------------- Done invoking toplevel() on ptolemy.moml.MoMLSimpleApplication@3695a31
reloadAllAccessors: .initProductionInference

===========================================================================================
----------------- testing Mon Oct 28 06:28:38 UTC 2019 /home/travis/build/icyphy/ptII/ptolemy/domains/sdf/test/auto/relationGroup.xml
----------------- Instantiating /home/travis/build/icyphy/ptII/ptolemy/domains/sdf/test/auto/relationGroup.xml
4 ms. Memory: 333824K Free: 153253K (46%)
----------------- Invoking toplevel() on ptolemy.moml.MoMLSimpleApplication@5315c968
----------------- Done invoking toplevel() on ptolemy.moml.MoMLSimpleApplication@5315c968
reloadAllAccessors: .relationGroup

===========================================================================================
----------------- testing Mon Oct 28 06:28:38 UTC 2019 /home/travis/build/icyphy/ptII/ptolemy/domains/sdf/test/auto/relationGroup10.xml
----------------- Instantiating /home/travis/build/icyphy/ptII/ptolemy/domains/sdf/test/auto/relationGroup10.xml
4 ms. Memory: 333824K Free: 149671K (45%)
----------------- Invoking toplevel() on ptolemy.moml.MoMLSimpleApplication@74029379
----------------- Done invoking toplevel() on ptolemy.moml.MoMLSimpleApplication@74029379
reloadAllAccessors: .relationGroup10

===========================================================================================
----------------- testing Mon Oct 28 06:28:38 UTC 2019 /home/travis/build/icyphy/ptII/ptolemy/domains/sdf/test/auto/relationGroup11.xml
----------------- Instantiating /home/travis/build/icyphy/ptII/ptolemy/domains/sdf/test/auto/relationGroup11.xml
2 ms. Memory: 333824K Free: 146085K (44%)
----------------- Invoking toplevel() on ptolemy.moml.MoMLSimpleApplication@6234b0c1
----------------- Done invoking toplevel() on ptolemy.moml.MoMLSimpleApplication@6234b0c1
reloadAllAccessors: .relationGroup11

===========================================================================================
----------------- testing Mon Oct 28 06:28:38 UTC 2019 /home/travis/build/icyphy/ptII/ptolemy/domains/sdf/test/auto/relationGroup12.xml
----------------- Instantiating /home/travis/build/icyphy/ptII/ptolemy/domains/sdf/test/auto/relationGroup12.xml
8 ms. Memory: 333824K Free: 142503K (43%)
----------------- Invoking toplevel() on ptolemy.moml.MoMLSimpleApplication@2a1c904f
----------------- Done invoking toplevel() on ptolemy.moml.MoMLSimpleApplication@2a1c904f
reloadAllAccessors: .relationGroup12

===========================================================================================
----------------- testing Mon Oct 28 06:28:38 UTC 2019 /home/travis/build/icyphy/ptII/ptolemy/domains/sdf/test/auto/relationGroup13.xml
----------------- Instantiating /home/travis/build/icyphy/ptII/ptolemy/domains/sdf/test/auto/relationGroup13.xml
10 ms. Memory: 333824K Free: 137383K (41%)
----------------- Invoking toplevel() on ptolemy.moml.MoMLSimpleApplication@5cb27c71
----------------- Done invoking toplevel() on ptolemy.moml.MoMLSimpleApplication@5cb27c71
reloadAllAccessors: .relationGroup13

===========================================================================================
----------------- testing Mon Oct 28 06:28:38 UTC 2019 /home/travis/build/icyphy/ptII/ptolemy/domains/sdf/test/auto/relationGroup14.xml
----------------- Instantiating /home/travis/build/icyphy/ptII/ptolemy/domains/sdf/test/auto/relationGroup14.xml
4 ms. Memory: 333824K Free: 132773K (40%)
----------------- Invoking toplevel() on ptolemy.moml.MoMLSimpleApplication@5027511a
----------------- Done invoking toplevel() on ptolemy.moml.MoMLSimpleApplication@5027511a
reloadAllAccessors: .relationGroup14

===========================================================================================
----------------- testing Mon Oct 28 06:28:38 UTC 2019 /home/travis/build/icyphy/ptII/ptolemy/domains/sdf/test/auto/relationGroup15.xml
----------------- Instantiating /home/travis/build/icyphy/ptII/ptolemy/domains/sdf/test/auto/relationGroup15.xml
5 ms. Memory: 333824K Free: 129191K (39%)
----------------- Invoking toplevel() on ptolemy.moml.MoMLSimpleApplication@1ab7516b
----------------- Done invoking toplevel() on ptolemy.moml.MoMLSimpleApplication@1ab7516b
reloadAllAccessors: .relationGroup15

===========================================================================================
----------------- testing Mon Oct 28 06:28:38 UTC 2019 /home/travis/build/icyphy/ptII/ptolemy/domains/sdf/test/auto/relationGroup2.xml
----------------- Instantiating /home/travis/build/icyphy/ptII/ptolemy/domains/sdf/test/auto/relationGroup2.xml
2 ms. Memory: 333824K Free: 126119K (38%)
----------------- Invoking toplevel() on ptolemy.moml.MoMLSimpleApplication@6dd4736c
----------------- Done invoking toplevel() on ptolemy.moml.MoMLSimpleApplication@6dd4736c
reloadAllAccessors: .relationGroup2

===========================================================================================
----------------- testing Mon Oct 28 06:28:38 UTC 2019 /home/travis/build/icyphy/ptII/ptolemy/domains/sdf/test/auto/relationGroup3.xml
----------------- Instantiating /home/travis/build/icyphy/ptII/ptolemy/domains/sdf/test/auto/relationGroup3.xml
2 ms. Memory: 333824K Free: 123047K (37%)
----------------- Invoking toplevel() on ptolemy.moml.MoMLSimpleApplication@2a5457c8
----------------- Done invoking toplevel() on ptolemy.moml.MoMLSimpleApplication@2a5457c8
reloadAllAccessors: .relationGroup3

===========================================================================================
----------------- testing Mon Oct 28 06:28:38 UTC 2019 /home/travis/build/icyphy/ptII/ptolemy/domains/sdf/test/auto/relationGroup4.xml
----------------- Instantiating /home/travis/build/icyphy/ptII/ptolemy/domains/sdf/test/auto/relationGroup4.xml
3 ms. Memory: 333824K Free: 118437K (35%)
----------------- Invoking toplevel() on ptolemy.moml.MoMLSimpleApplication@31bdde6f
----------------- Done invoking toplevel() on ptolemy.moml.MoMLSimpleApplication@31bdde6f
reloadAllAccessors: .relationGroup4

===========================================================================================
----------------- testing Mon Oct 28 06:28:38 UTC 2019 /home/travis/build/icyphy/ptII/ptolemy/domains/sdf/test/auto/relationGroup5.xml
----------------- Instantiating /home/travis/build/icyphy/ptII/ptolemy/domains/sdf/test/auto/relationGroup5.xml
4 ms. Memory: 333824K Free: 312294K (94%)
----------------- Invoking toplevel() on ptolemy.moml.MoMLSimpleApplication@7631d03
----------------- Done invoking toplevel() on ptolemy.moml.MoMLSimpleApplication@7631d03
reloadAllAccessors: .relationGroup5

===========================================================================================
----------------- testing Mon Oct 28 06:28:38 UTC 2019 /home/travis/build/icyphy/ptII/ptolemy/domains/sdf/test/auto/relationGroup6.xml
----------------- Instantiating /home/travis/build/icyphy/ptII/ptolemy/domains/sdf/test/auto/relationGroup6.xml
3 ms. Memory: 333824K Free: 308198K (92%)
----------------- Invoking toplevel() on ptolemy.moml.MoMLSimpleApplication@723cf2bb
----------------- Done invoking toplevel() on ptolemy.moml.MoMLSimpleApplication@723cf2bb
reloadAllAccessors: .relationGroup6

===========================================================================================
----------------- testing Mon Oct 28 06:28:38 UTC 2019 /home/travis/build/icyphy/ptII/ptolemy/domains/sdf/test/auto/relationGroup7.xml
----------------- Instantiating /home/travis/build/icyphy/ptII/ptolemy/domains/sdf/test/auto/relationGroup7.xml
2 ms. Memory: 333824K Free: 305156K (91%)
----------------- Invoking toplevel() on ptolemy.moml.MoMLSimpleApplication@1fdd7af2
----------------- Done invoking toplevel() on ptolemy.moml.MoMLSimpleApplication@1fdd7af2
reloadAllAccessors: .relationGroup7

===========================================================================================
----------------- testing Mon Oct 28 06:28:38 UTC 2019 /home/travis/build/icyphy/ptII/ptolemy/domains/sdf/test/auto/relationGroup8.xml
----------------- Instantiating /home/travis/build/icyphy/ptII/ptolemy/domains/sdf/test/auto/relationGroup8.xml
2 ms. Memory: 333824K Free: 302084K (90%)
----------------- Invoking toplevel() on ptolemy.moml.MoMLSimpleApplication@7799414b
----------------- Done invoking toplevel() on ptolemy.moml.MoMLSimpleApplication@7799414b
reloadAllAccessors: .relationGroup8

===========================================================================================
----------------- testing Mon Oct 28 06:28:38 UTC 2019 /home/travis/build/icyphy/ptII/ptolemy/domains/sdf/test/auto/relationGroup9.xml
----------------- Instantiating /home/travis/build/icyphy/ptII/ptolemy/domains/sdf/test/auto/relationGroup9.xml
4 ms. Memory: 333824K Free: 297478K (89%)
----------------- Invoking toplevel() on ptolemy.moml.MoMLSimpleApplication@27312400
----------------- Done invoking toplevel() on ptolemy.moml.MoMLSimpleApplication@27312400
reloadAllAccessors: .relationGroup9

===========================================================================================
----------------- testing Mon Oct 28 06:28:38 UTC 2019 /home/travis/build/icyphy/ptII/ptolemy/domains/sdf/test/auto/sdf_inside_de.xml
----------------- Instantiating /home/travis/build/icyphy/ptII/ptolemy/domains/sdf/test/auto/sdf_inside_de.xml
11 ms. Memory: 333824K Free: 288772K (87%)
----------------- Invoking toplevel() on ptolemy.moml.MoMLSimpleApplication@723bcf19
----------------- Done invoking toplevel() on ptolemy.moml.MoMLSimpleApplication@723bcf19
reloadAllAccessors: .sdf_inside_de

===========================================================================================
----------------- testing Mon Oct 28 06:28:38 UTC 2019 /home/travis/build/icyphy/ptII/ptolemy/domains/sdf/test/auto/sdf_inside_pn.xml
----------------- Instantiating /home/travis/build/icyphy/ptII/ptolemy/domains/sdf/test/auto/sdf_inside_pn.xml
42 ms. Memory: 333824K Free: 280070K (84%)
----------------- Invoking toplevel() on ptolemy.moml.MoMLSimpleApplication@2ab73e36
----------------- Done invoking toplevel() on ptolemy.moml.MoMLSimpleApplication@2ab73e36
reloadAllAccessors: .sdf_inside_pn

===========================================================================================
----------------- testing Mon Oct 28 06:28:38 UTC 2019 /home/travis/build/icyphy/ptII/ptolemy/domains/sdf/test/auto/sdf_sdf1.xml
----------------- Instantiating /home/travis/build/icyphy/ptII/ptolemy/domains/sdf/test/auto/sdf_sdf1.xml
4 ms. Memory: 333824K Free: 274422K (82%)
----------------- Invoking toplevel() on ptolemy.moml.MoMLSimpleApplication@13f60849
----------------- Done invoking toplevel() on ptolemy.moml.MoMLSimpleApplication@13f60849
reloadAllAccessors: .sdf_sdf1

===========================================================================================
----------------- testing Mon Oct 28 06:28:38 UTC 2019 /home/travis/build/icyphy/ptII/ptolemy/domains/sdf/test/auto/test1.xml
----------------- Instantiating /home/travis/build/icyphy/ptII/ptolemy/domains/sdf/test/auto/test1.xml
4 ms. Memory: 333824K Free: 269316K (81%)
----------------- Invoking toplevel() on ptolemy.moml.MoMLSimpleApplication@10f57d77
----------------- Done invoking toplevel() on ptolemy.moml.MoMLSimpleApplication@10f57d77
reloadAllAccessors: .test1

===========================================================================================
----------------- testing Mon Oct 28 06:28:38 UTC 2019 /home/travis/build/icyphy/ptII/ptolemy/domains/sdf/test/auto/time1.xml
----------------- Instantiating /home/travis/build/icyphy/ptII/ptolemy/domains/sdf/test/auto/time1.xml
2 ms. Memory: 333824K Free: 265734K (80%)
----------------- Invoking toplevel() on ptolemy.moml.MoMLSimpleApplication@1b75a0d6
----------------- Done invoking toplevel() on ptolemy.moml.MoMLSimpleApplication@1b75a0d6
reloadAllAccessors: .time1

===========================================================================================
----------------- testing Mon Oct 28 06:28:38 UTC 2019 /home/travis/build/icyphy/ptII/ptolemy/domains/sdf/test/auto/time2.xml
----------------- Instantiating /home/travis/build/icyphy/ptII/ptolemy/domains/sdf/test/auto/time2.xml
2 ms. Memory: 333824K Free: 262148K (79%)
----------------- Invoking toplevel() on ptolemy.moml.MoMLSimpleApplication@2f147150
----------------- Done invoking toplevel() on ptolemy.moml.MoMLSimpleApplication@2f147150
reloadAllAccessors: .time2

===========================================================================================
----------------- testing Mon Oct 28 06:28:38 UTC 2019 /home/travis/build/icyphy/ptII/ptolemy/domains/sdf/test/auto/time3.xml
----------------- Instantiating /home/travis/build/icyphy/ptII/ptolemy/domains/sdf/test/auto/time3.xml
7 ms. Memory: 333824K Free: 257028K (77%)
----------------- Invoking toplevel() on ptolemy.moml.MoMLSimpleApplication@7b567c0c
----------------- Done invoking toplevel() on ptolemy.moml.MoMLSimpleApplication@7b567c0c
reloadAllAccessors: .time3

===========================================================================================
----------------- testing Mon Oct 28 06:28:38 UTC 2019 /home/travis/build/icyphy/ptII/ptolemy/domains/sdf/test/auto/time4.xml
----------------- Instantiating /home/travis/build/icyphy/ptII/ptolemy/domains/sdf/test/auto/time4.xml
6 ms. Memory: 333824K Free: 251398K (75%)
----------------- Invoking toplevel() on ptolemy.moml.MoMLSimpleApplication@2cff946
----------------- Done invoking toplevel() on ptolemy.moml.MoMLSimpleApplication@2cff946
reloadAllAccessors: .time4

===========================================================================================
----------------- testing Mon Oct 28 06:28:38 UTC 2019 /home/travis/build/icyphy/ptII/ptolemy/domains/sdf/test/auto/time5.xml
----------------- Instantiating /home/travis/build/icyphy/ptII/ptolemy/domains/sdf/test/auto/time5.xml
4003 ms. Memory: 333824K Free: 247812K (74%)
----------------- Invoking toplevel() on ptolemy.moml.MoMLSimpleApplication@281bbd99
----------------- Done invoking toplevel() on ptolemy.moml.MoMLSimpleApplication@281bbd99
reloadAllAccessors: .time5

===========================================================================================
----------------- testing Mon Oct 28 06:28:42 UTC 2019 /home/travis/build/icyphy/ptII/ptolemy/domains/sdf/test/auto/typeSystem_Const_Integer_smallest_Type.xml
----------------- Instantiating /home/travis/build/icyphy/ptII/ptolemy/domains/sdf/test/auto/typeSystem_Const_Integer_smallest_Type.xml
11 ms. Memory: 333824K Free: 242692K (73%)
----------------- Invoking toplevel() on ptolemy.moml.MoMLSimpleApplication@32531499
----------------- Done invoking toplevel() on ptolemy.moml.MoMLSimpleApplication@32531499
reloadAllAccessors: .typeSystem_Const_Integer_smallest_Type

===========================================================================================
----------------- testing Mon Oct 28 06:28:42 UTC 2019 /home/travis/build/icyphy/ptII/ptolemy/domains/sdf/test/auto/typeSystem_declared_Inports_OutportTypeException.xml
----------------- Instantiating /home/travis/build/icyphy/ptII/ptolemy/domains/sdf/test/auto/typeSystem_declared_Inports_OutportTypeException.xml
.typeSystem_declared_Inports_OutportTypeException.TestExceptionAttribute: initialize() was not invoked, but wrapup() was.  This is unusual, but not always a problem.  For example, exporting JNLP will do this.
7 ms. Memory: 333824K Free: 238596K (71%)
----------------- Invoking toplevel() on ptolemy.moml.MoMLSimpleApplication@5f7c662b
----------------- Done invoking toplevel() on ptolemy.moml.MoMLSimpleApplication@5f7c662b
reloadAllAccessors: .typeSystem_declared_Inports_OutportTypeException

===========================================================================================
----------------- testing Mon Oct 28 06:28:42 UTC 2019 /home/travis/build/icyphy/ptII/ptolemy/domains/sdf/test/auto/typeSystem_oneDeclaredInportType_wrongTypeOutport.xml
----------------- Instantiating /home/travis/build/icyphy/ptII/ptolemy/domains/sdf/test/auto/typeSystem_oneDeclaredInportType_wrongTypeOutport.xml
5 ms. Memory: 333824K Free: 234500K (70%)
----------------- Invoking toplevel() on ptolemy.moml.MoMLSimpleApplication@344594d3
----------------- Done invoking toplevel() on ptolemy.moml.MoMLSimpleApplication@344594d3
reloadAllAccessors: .typeSystem_oneDeclaredInportType_wrongTypeOutport

===========================================================================================
----------------- testing Mon Oct 28 06:28:42 UTC 2019 /home/travis/build/icyphy/ptII/ptolemy/domains/sdf/test/auto/width.xml
----------------- Instantiating /home/travis/build/icyphy/ptII/ptolemy/domains/sdf/test/auto/width.xml
8 ms. Memory: 333824K Free: 230918K (69%)
----------------- Invoking toplevel() on ptolemy.moml.MoMLSimpleApplication@649da471
----------------- Done invoking toplevel() on ptolemy.moml.MoMLSimpleApplication@649da471
reloadAllAccessors: .width

===========================================================================================
----------------- testing Mon Oct 28 06:28:42 UTC 2019 /home/travis/build/icyphy/ptII/ptolemy/domains/sdf/test/auto/width2.xml
----------------- Instantiating /home/travis/build/icyphy/ptII/ptolemy/domains/sdf/test/auto/width2.xml
43 ms. Memory: 333824K Free: 225798K (68%)
----------------- Invoking toplevel() on ptolemy.moml.MoMLSimpleApplication@5e37489e
----------------- Done invoking toplevel() on ptolemy.moml.MoMLSimpleApplication@5e37489e
reloadAllAccessors: .width2

===========================================================================================
----------------- testing Mon Oct 28 06:28:42 UTC 2019 /home/travis/build/icyphy/ptII/ptolemy/domains/sdf/test/auto/width3.xml
----------------- Instantiating /home/travis/build/icyphy/ptII/ptolemy/domains/sdf/test/auto/width3.xml
41 ms. Memory: 333824K Free: 220678K (66%)
----------------- Invoking toplevel() on ptolemy.moml.MoMLSimpleApplication@734598df
----------------- Done invoking toplevel() on ptolemy.moml.MoMLSimpleApplication@734598df
reloadAllAccessors: .width3
AutoTests.java: About to close Vertx.
AutoTests.java: Vertx closed.
]]></system-out>
  <system-err><![CDATA[java.lang.RuntimeException: Execution failed
	at ptolemy.moml.MoMLSimpleApplication$UnloadThread.run(MoMLSimpleApplication.java:402)
Caused by: ptolemy.actor.sched.NotSchedulableException: No solution exists for the balance equations.
Graph is not consistent under the SDF domain detected on external port .rateConsistency.actor.port2
  in .rateConsistency.SDF Director.Scheduler
	at ptolemy.domains.sdf.kernel.SDFScheduler._propagatePort(SDFScheduler.java:1425)
	at ptolemy.domains.sdf.kernel.SDFScheduler._solveBalanceEquations(SDFScheduler.java:710)
	at ptolemy.domains.sdf.kernel.SDFScheduler._getSchedule(SDFScheduler.java:566)
	at ptolemy.actor.sched.Scheduler.getSchedule(Scheduler.java:189)
	at ptolemy.domains.sdf.kernel.SDFDirector.createSchedule(SDFDirector.java:408)
	at ptolemy.domains.sdf.kernel.SDFDirector.preinitialize(SDFDirector.java:764)
	at ptolemy.actor.CompositeActor.preinitialize(CompositeActor.java:1828)
	at ptolemy.actor.Manager.preinitializeAndResolveTypes(Manager.java:1040)
	at ptolemy.actor.Manager.initialize(Manager.java:710)
	at ptolemy.actor.Manager.execute(Manager.java:356)
	at ptolemy.actor.Manager.run(Manager.java:1263)
	at ptolemy.actor.Manager$PtolemyRunThread.run(Manager.java:1933)
java.lang.RuntimeException: Execution failed
	at ptolemy.moml.MoMLSimpleApplication$UnloadThread.run(MoMLSimpleApplication.java:402)
Caused by: ptolemy.kernel.util.IllegalActionException: Failed to compute schedule:
  in .badRateChanges.typed composite actor.SDF Director
Because:
The SDF rate parameter may change. This is not allowed in SDF models that will be run through the code generator.  If you don't care about code generation, then you might consider setting the allowRateChanges parameter of the SDF director to false.
  in .badRateChanges.typed composite actor.Repeat.output.tokenProductionRate
	at ptolemy.domains.sdf.kernel.SDFDirector.createSchedule(SDFDirector.java:418)
	at ptolemy.domains.sdf.kernel.SDFDirector.preinitialize(SDFDirector.java:764)
	at ptolemy.actor.CompositeActor.preinitialize(CompositeActor.java:1828)
	at ptolemy.actor.Director.preinitialize(Director.java:1302)
	at ptolemy.actor.Director.preinitialize(Director.java:1257)
	at ptolemy.domains.sdf.kernel.SDFDirector.preinitialize(SDFDirector.java:763)
	at ptolemy.actor.CompositeActor.preinitialize(CompositeActor.java:1828)
	at ptolemy.actor.Manager.preinitializeAndResolveTypes(Manager.java:1040)
	at ptolemy.actor.Manager.initialize(Manager.java:710)
	at ptolemy.actor.Manager.execute(Manager.java:356)
	at ptolemy.actor.Manager.run(Manager.java:1263)
	at ptolemy.actor.Manager$PtolemyRunThread.run(Manager.java:1933)
Caused by: ptolemy.kernel.util.IllegalActionException: The SDF rate parameter may change. This is not allowed in SDF models that will be run through the code generator.  If you don't care about code generation, then you might consider setting the allowRateChanges parameter of the SDF director to false.
  in .badRateChanges.typed composite actor.Repeat.output.tokenProductionRate
	at ptolemy.domains.sdf.kernel.SDFScheduler._assertDynamicRateVariable(SDFScheduler.java:931)
	at ptolemy.domains.sdf.kernel.SDFScheduler._checkDynamicRateVariables(SDFScheduler.java:339)
	at ptolemy.domains.sdf.kernel.SDFScheduler._getSchedule(SDFScheduler.java:527)
	at ptolemy.actor.sched.Scheduler.getSchedule(Scheduler.java:189)
	at ptolemy.domains.sdf.kernel.SDFDirector.createSchedule(SDFDirector.java:408)
	... 11 more
java.lang.RuntimeException: Execution failed
	at ptolemy.moml.MoMLSimpleApplication$UnloadThread.run(MoMLSimpleApplication.java:402)
Caused by: ptolemy.kernel.util.IllegalActionException: Failed to compute schedule:
  in .badRateChanges2.typed composite actor.SDF Director
Because:
The SDF rate parameter may change. This is not allowed in SDF models that will be run through the code generator.  If you don't care about code generation, then you might consider setting the allowRateChanges parameter of the SDF director to false.
  in .badRateChanges2.typed composite actor.Repeat.output.tokenProductionRate
	at ptolemy.domains.sdf.kernel.SDFDirector.createSchedule(SDFDirector.java:418)
	at ptolemy.domains.sdf.kernel.SDFDirector.preinitialize(SDFDirector.java:764)
	at ptolemy.actor.CompositeActor.preinitialize(CompositeActor.java:1828)
	at ptolemy.actor.Director.preinitialize(Director.java:1302)
	at ptolemy.actor.Director.preinitialize(Director.java:1257)
	at ptolemy.domains.sdf.kernel.SDFDirector.preinitialize(SDFDirector.java:763)
	at ptolemy.actor.CompositeActor.preinitialize(CompositeActor.java:1828)
	at ptolemy.actor.Manager.preinitializeAndResolveTypes(Manager.java:1040)
	at ptolemy.actor.Manager.initialize(Manager.java:710)
	at ptolemy.actor.Manager.execute(Manager.java:356)
	at ptolemy.actor.Manager.run(Manager.java:1263)
	at ptolemy.actor.Manager$PtolemyRunThread.run(Manager.java:1933)
Caused by: ptolemy.kernel.util.IllegalActionException: The SDF rate parameter may change. This is not allowed in SDF models that will be run through the code generator.  If you don't care about code generation, then you might consider setting the allowRateChanges parameter of the SDF director to false.
  in .badRateChanges2.typed composite actor.Repeat.output.tokenProductionRate
	at ptolemy.domains.sdf.kernel.SDFScheduler._assertDynamicRateVariable(SDFScheduler.java:931)
	at ptolemy.domains.sdf.kernel.SDFScheduler._checkDynamicRateVariables(SDFScheduler.java:339)
	at ptolemy.domains.sdf.kernel.SDFScheduler._getSchedule(SDFScheduler.java:527)
	at ptolemy.actor.sched.Scheduler.getSchedule(Scheduler.java:189)
	at ptolemy.domains.sdf.kernel.SDFDirector.createSchedule(SDFDirector.java:408)
	... 11 more
java.lang.RuntimeException: Execution failed
	at ptolemy.moml.MoMLSimpleApplication$UnloadThread.run(MoMLSimpleApplication.java:402)
Caused by: ptolemy.actor.sched.NotSchedulableException: Actors remain that cannot be scheduled!

There are several possible reasons:
* SDF Graphs with feedback loops should have an actor with a delay in the loop, such as a SampleDelay.
* The SDF director has an "allowDisconnectedGraphs"parameter, which, when true, permits disconnected SDF graphs.
* The token consumption rate and production rates might be mismatched.
Usually, actors produce one token or consume one token on a port.  To produce or consume multiple tokens per firing, add a "tokenConsumptionRate" or "tokenProductionRate" parameter to the appropriate port.
Unscheduled actors:
.partiallyConnected.Const2 
Scheduled actors:
.partiallyConnected.Const 
  in .partiallyConnected.SDF Director.Scheduler
	at ptolemy.domains.sdf.kernel.SDFScheduler._scheduleConnectedActors(SDFScheduler.java:1828)
	at ptolemy.domains.sdf.kernel.SDFScheduler._getSchedule(SDFScheduler.java:587)
	at ptolemy.actor.sched.Scheduler.getSchedule(Scheduler.java:189)
	at ptolemy.domains.sdf.kernel.SDFDirector.createSchedule(SDFDirector.java:408)
	at ptolemy.domains.sdf.kernel.SDFDirector.preinitialize(SDFDirector.java:764)
	at ptolemy.actor.CompositeActor.preinitialize(CompositeActor.java:1828)
	at ptolemy.actor.Manager.preinitializeAndResolveTypes(Manager.java:1040)
	at ptolemy.actor.Manager.initialize(Manager.java:710)
	at ptolemy.actor.Manager.execute(Manager.java:356)
	at ptolemy.actor.Manager.run(Manager.java:1263)
	at ptolemy.actor.Manager$PtolemyRunThread.run(Manager.java:1933)
]]></system-err>
</testsuite>
