<?xml version="1.0" encoding="UTF-8" ?>
<testsuite errors="0" failures="0" hostname="travis-job-6c4cae9c-4e70-4e3e-99c6-25abd99347ad" name="ptolemy.domains.de.test.junit.JUnitTclTest" skipped="0" tests="101" time="125.155" timestamp="2020-01-13T21:06:40">
  <properties>
[...]
</properties>
  <testcase classname="ptolemy.util.test.junit.TclTests" name="[0] /home/travis/build/icyphy/ptII/ptolemy/domains/de/test/DependencyLoop.tcl (RunTclFile)" time="0.97" />
  <testcase classname="ptolemy.util.test.junit.TclTests" name="[1] /home/travis/build/icyphy/ptII/ptolemy/domains/de/test/RunDETestsAsQSS.tcl (RunTclFile)" time="84.014" />
  <testcase classname="ptolemy.util.test.junit.AutoKnownFailedTests" name="[0] /home/travis/build/icyphy/ptII/ptolemy/domains/de/test/auto/knownFailedTests/DESDFClockTest.xml (RunModel)" time="2.057" />
  <testcase classname="ptolemy.util.test.junit.AutoKnownFailedTests" name="[1] /home/travis/build/icyphy/ptII/ptolemy/domains/de/test/auto/knownFailedTests/DirectFeedback.xml (RunModel)" time="0.015" />
  <testcase classname="ptolemy.util.test.junit.AutoKnownFailedTests" name="[2] /home/travis/build/icyphy/ptII/ptolemy/domains/de/test/auto/knownFailedTests/FSMSource.xml (RunModel)" time="0.03" />
  <testcase classname="ptolemy.util.test.junit.AutoKnownFailedTests" name="[3] /home/travis/build/icyphy/ptII/ptolemy/domains/de/test/auto/knownFailedTests/HierarchicalModel.xml (RunModel)" time="0.05" />
  <testcase classname="ptolemy.util.test.junit.AutoKnownFailedTests" name="[4] /home/travis/build/icyphy/ptII/ptolemy/domains/de/test/auto/knownFailedTests/dependencyLoop.xml (RunModel)" time="0.038" />
  <testcase classname="ptolemy.util.test.junit.AutoKnownFailedTests" name="[5] /home/travis/build/icyphy/ptII/ptolemy/domains/de/test/auto/knownFailedTests/dependencyLoop2.xml (RunModel)" time="0.045" />
  <testcase classname="ptolemy.util.test.junit.AutoNameArchTests" name="[0] ThereAreNoAutoArchTests (RunModel)" time="0.001" />
  <testcase classname="ptolemy.util.test.junit.AutoTests" name="[0] /home/travis/build/icyphy/ptII/ptolemy/domains/de/test/auto/ActorDepthCalculation_actorWithoutPorts.xml (RunModel)" time="0.013" />
  <testcase classname="ptolemy.util.test.junit.AutoTests" name="[1] /home/travis/build/icyphy/ptII/ptolemy/domains/de/test/auto/AssemblyLine.xml (RunModel)" time="0.015" />
  <testcase classname="ptolemy.util.test.junit.AutoTests" name="[2] /home/travis/build/icyphy/ptII/ptolemy/domains/de/test/auto/CQBug1.xml (RunModel)" time="0.013" />
  <testcase classname="ptolemy.util.test.junit.AutoTests" name="[3] /home/travis/build/icyphy/ptII/ptolemy/domains/de/test/auto/CancelFireAt.xml (RunModel)" time="0.022" />
  <testcase classname="ptolemy.util.test.junit.AutoTests" name="[4] /home/travis/build/icyphy/ptII/ptolemy/domains/de/test/auto/CausalityAndComposabilityAnalysis.xml (RunModel)" time="0.018" />
  <testcase classname="ptolemy.util.test.junit.AutoTests" name="[5] /home/travis/build/icyphy/ptII/ptolemy/domains/de/test/auto/CausalityInterface1.xml (RunModel)" time="0.019" />
  <testcase classname="ptolemy.util.test.junit.AutoTests" name="[6] /home/travis/build/icyphy/ptII/ptolemy/domains/de/test/auto/CausalityInterface15.xml (RunModel)" time="0.014" />
  <testcase classname="ptolemy.util.test.junit.AutoTests" name="[7] /home/travis/build/icyphy/ptII/ptolemy/domains/de/test/auto/CausalityInterface2.xml (RunModel)" time="0.011" />
  <testcase classname="ptolemy.util.test.junit.AutoTests" name="[8] /home/travis/build/icyphy/ptII/ptolemy/domains/de/test/auto/CausalityInterface3.xml (RunModel)" time="0.012" />
  <testcase classname="ptolemy.util.test.junit.AutoTests" name="[9] /home/travis/build/icyphy/ptII/ptolemy/domains/de/test/auto/ClockDrift.xml (RunModel)" time="0.035" />
  <testcase classname="ptolemy.util.test.junit.AutoTests" name="[10] /home/travis/build/icyphy/ptII/ptolemy/domains/de/test/auto/ClockDriftAndValueChange.xml (RunModel)" time="0.031" />
  <testcase classname="ptolemy.util.test.junit.AutoTests" name="[11] /home/travis/build/icyphy/ptII/ptolemy/domains/de/test/auto/ClockDriftChange.xml (RunModel)" time="0.034" />
  <testcase classname="ptolemy.util.test.junit.AutoTests" name="[12] /home/travis/build/icyphy/ptII/ptolemy/domains/de/test/auto/ComposableCausalityAnalysis.xml (RunModel)" time="0.014" />
  <testcase classname="ptolemy.util.test.junit.AutoTests" name="[13] /home/travis/build/icyphy/ptII/ptolemy/domains/de/test/auto/DEFixedPointLimitation.xml (RunModel)" time="0.009" />
  <testcase classname="ptolemy.util.test.junit.AutoTests" name="[14] /home/travis/build/icyphy/ptII/ptolemy/domains/de/test/auto/DEScheduleTest.xml (RunModel)" time="0.013" />
  <testcase classname="ptolemy.util.test.junit.AutoTests" name="[15] /home/travis/build/icyphy/ptII/ptolemy/domains/de/test/auto/DEinDEwithStartTimes.xml (RunModel)" time="0.018" />
  <testcase classname="ptolemy.util.test.junit.AutoTests" name="[16] /home/travis/build/icyphy/ptII/ptolemy/domains/de/test/auto/DEinDEwithStartTimes2.xml (RunModel)" time="0.019" />
  <testcase classname="ptolemy.util.test.junit.AutoTests" name="[17] /home/travis/build/icyphy/ptII/ptolemy/domains/de/test/auto/DateDemo.xml (RunModel)" time="0.03" />
  <testcase classname="ptolemy.util.test.junit.AutoTests" name="[18] /home/travis/build/icyphy/ptII/ptolemy/domains/de/test/auto/DateToEvent.xml (RunModel)" time="2.052" />
  <testcase classname="ptolemy.util.test.junit.AutoTests" name="[19] /home/travis/build/icyphy/ptII/ptolemy/domains/de/test/auto/DepthTest1.xml (RunModel)" time="0.009" />
  <testcase classname="ptolemy.util.test.junit.AutoTests" name="[20] /home/travis/build/icyphy/ptII/ptolemy/domains/de/test/auto/DepthTest2.xml (RunModel)" time="0.016" />
  <testcase classname="ptolemy.util.test.junit.AutoTests" name="[21] /home/travis/build/icyphy/ptII/ptolemy/domains/de/test/auto/DepthTest3.xml (RunModel)" time="0.006" />
  <testcase classname="ptolemy.util.test.junit.AutoTests" name="[22] /home/travis/build/icyphy/ptII/ptolemy/domains/de/test/auto/DepthTest4.xml (RunModel)" time="0.016" />
  <testcase classname="ptolemy.util.test.junit.AutoTests" name="[23] /home/travis/build/icyphy/ptII/ptolemy/domains/de/test/auto/DepthTest5.xml (RunModel)" time="0.023" />
  <testcase classname="ptolemy.util.test.junit.AutoTests" name="[24] /home/travis/build/icyphy/ptII/ptolemy/domains/de/test/auto/DepthTest6.xml (RunModel)" time="0.014" />
  <testcase classname="ptolemy.util.test.junit.AutoTests" name="[25] /home/travis/build/icyphy/ptII/ptolemy/domains/de/test/auto/DepthTest7.xml (RunModel)" time="0.011" />
  <testcase classname="ptolemy.util.test.junit.AutoTests" name="[26] /home/travis/build/icyphy/ptII/ptolemy/domains/de/test/auto/EventToDate.xml (RunModel)" time="3.042" />
  <testcase classname="ptolemy.util.test.junit.AutoTests" name="[27] /home/travis/build/icyphy/ptII/ptolemy/domains/de/test/auto/FSM1.xml (RunModel)" time="0.049" />
  <testcase classname="ptolemy.util.test.junit.AutoTests" name="[28] /home/travis/build/icyphy/ptII/ptolemy/domains/de/test/auto/FSM7.xml (RunModel)" time="0.041" />
  <testcase classname="ptolemy.util.test.junit.AutoTests" name="[29] /home/travis/build/icyphy/ptII/ptolemy/domains/de/test/auto/Inspection.xml (RunModel)" time="0.046" />
  <testcase classname="ptolemy.util.test.junit.AutoTests" name="[30] /home/travis/build/icyphy/ptII/ptolemy/domains/de/test/auto/Iteration.xml (RunModel)" time="0.021" />
  <testcase classname="ptolemy.util.test.junit.AutoTests" name="[31] /home/travis/build/icyphy/ptII/ptolemy/domains/de/test/auto/LineFault.xml (RunModel)" time="0.586" />
  <testcase classname="ptolemy.util.test.junit.AutoTests" name="[32] /home/travis/build/icyphy/ptII/ptolemy/domains/de/test/auto/MergeModel1Add.xml (RunModel)" time="0.05" />
  <testcase classname="ptolemy.util.test.junit.AutoTests" name="[33] /home/travis/build/icyphy/ptII/ptolemy/domains/de/test/auto/MergeModel2Add.xml (RunModel)" time="0.039" />
  <testcase classname="ptolemy.util.test.junit.AutoTests" name="[34] /home/travis/build/icyphy/ptII/ptolemy/domains/de/test/auto/MergeModel3Add.xml (RunModel)" time="0.046" />
  <testcase classname="ptolemy.util.test.junit.AutoTests" name="[35] /home/travis/build/icyphy/ptII/ptolemy/domains/de/test/auto/MergeWithoutDiscard.xml (RunModel)" time="0.011" />
  <testcase classname="ptolemy.util.test.junit.AutoTests" name="[36] /home/travis/build/icyphy/ptII/ptolemy/domains/de/test/auto/Modal1.xml (RunModel)" time="0.032" />
  <testcase classname="ptolemy.util.test.junit.AutoTests" name="[37] /home/travis/build/icyphy/ptII/ptolemy/domains/de/test/auto/Modal2.xml (RunModel)" time="0.027" />
  <testcase classname="ptolemy.util.test.junit.AutoTests" name="[38] /home/travis/build/icyphy/ptII/ptolemy/domains/de/test/auto/Modal3.xml (RunModel)" time="0.029" />
  <testcase classname="ptolemy.util.test.junit.AutoTests" name="[39] /home/travis/build/icyphy/ptII/ptolemy/domains/de/test/auto/Modal4.xml (RunModel)" time="0.029" />
  <testcase classname="ptolemy.util.test.junit.AutoTests" name="[40] /home/travis/build/icyphy/ptII/ptolemy/domains/de/test/auto/Modal5.xml (RunModel)" time="0.03" />
  <testcase classname="ptolemy.util.test.junit.AutoTests" name="[41] /home/travis/build/icyphy/ptII/ptolemy/domains/de/test/auto/Modal6.xml (RunModel)" time="0.026" />
  <testcase classname="ptolemy.util.test.junit.AutoTests" name="[42] /home/travis/build/icyphy/ptII/ptolemy/domains/de/test/auto/Modal7.xml (RunModel)" time="0.033" />
  <testcase classname="ptolemy.util.test.junit.AutoTests" name="[43] /home/travis/build/icyphy/ptII/ptolemy/domains/de/test/auto/ModalModel.xml (RunModel)" time="0.184" />
  <testcase classname="ptolemy.util.test.junit.AutoTests" name="[44] /home/travis/build/icyphy/ptII/ptolemy/domains/de/test/auto/ModalSource.xml (RunModel)" time="0.02" />
  <testcase classname="ptolemy.util.test.junit.AutoTests" name="[45] /home/travis/build/icyphy/ptII/ptolemy/domains/de/test/auto/NonInterruptibleTimerZeroDelay.xml (RunModel)" time="0.009" />
  <testcase classname="ptolemy.util.test.junit.AutoTests" name="[46] /home/travis/build/icyphy/ptII/ptolemy/domains/de/test/auto/OpenQueueingNetwork.xml (RunModel)" time="2.394" />
  <testcase classname="ptolemy.util.test.junit.AutoTests" name="[47] /home/travis/build/icyphy/ptII/ptolemy/domains/de/test/auto/OpenQueuingNetwork.xml (RunModel)" time="0.319" />
  <testcase classname="ptolemy.util.test.junit.AutoTests" name="[48] /home/travis/build/icyphy/ptII/ptolemy/domains/de/test/auto/PeriodicSampler.xml (RunModel)" time="0.015" />
  <testcase classname="ptolemy.util.test.junit.AutoTests" name="[49] /home/travis/build/icyphy/ptII/ptolemy/domains/de/test/auto/PersistentIO.xml (RunModel)" time="0.021" />
  <testcase classname="ptolemy.util.test.junit.AutoTests" name="[50] /home/travis/build/icyphy/ptII/ptolemy/domains/de/test/auto/PortParameterResetOnInitialize.xml (RunModel)" time="0.011" />
  <testcase classname="ptolemy.util.test.junit.AutoTests" name="[51] /home/travis/build/icyphy/ptII/ptolemy/domains/de/test/auto/PortParameterUpdates.xml (RunModel)" time="0.015" />
  <testcase classname="ptolemy.util.test.junit.AutoTests" name="[52] /home/travis/build/icyphy/ptII/ptolemy/domains/de/test/auto/QueueAndServer.xml (RunModel)" time="0.021" />
  <testcase classname="ptolemy.util.test.junit.AutoTests" name="[53] /home/travis/build/icyphy/ptII/ptolemy/domains/de/test/auto/Records.xml (RunModel)" time="0.019" />
  <testcase classname="ptolemy.util.test.junit.AutoTests" name="[54] /home/travis/build/icyphy/ptII/ptolemy/domains/de/test/auto/ResetTransitionWithStartTime1.xml (RunModel)" time="0.021" />
  <testcase classname="ptolemy.util.test.junit.AutoTests" name="[55] /home/travis/build/icyphy/ptII/ptolemy/domains/de/test/auto/ResetTransitionWithStartTime2.xml (RunModel)" time="0.024" />
  <testcase classname="ptolemy.util.test.junit.AutoTests" name="[56] /home/travis/build/icyphy/ptII/ptolemy/domains/de/test/auto/ResetTransitionWithStartTime3.xml (RunModel)" time="0.022" />
  <testcase classname="ptolemy.util.test.junit.AutoTests" name="[57] /home/travis/build/icyphy/ptII/ptolemy/domains/de/test/auto/ResetTransitionWithStartTime4.xml (RunModel)" time="0.017" />
  <testcase classname="ptolemy.util.test.junit.AutoTests" name="[58] /home/travis/build/icyphy/ptII/ptolemy/domains/de/test/auto/ResettableTimer1.xml (RunModel)" time="0.011" />
  <testcase classname="ptolemy.util.test.junit.AutoTests" name="[59] /home/travis/build/icyphy/ptII/ptolemy/domains/de/test/auto/ResettableTimer2.xml (RunModel)" time="0.013" />
  <testcase classname="ptolemy.util.test.junit.AutoTests" name="[60] /home/travis/build/icyphy/ptII/ptolemy/domains/de/test/auto/ResettableTimer3.xml (RunModel)" time="0.01" />
  <testcase classname="ptolemy.util.test.junit.AutoTests" name="[61] /home/travis/build/icyphy/ptII/ptolemy/domains/de/test/auto/ResettableTimer4.xml (RunModel)" time="0.009" />
  <testcase classname="ptolemy.util.test.junit.AutoTests" name="[62] /home/travis/build/icyphy/ptII/ptolemy/domains/de/test/auto/ResettableTimer5.xml (RunModel)" time="0.009" />
  <testcase classname="ptolemy.util.test.junit.AutoTests" name="[63] /home/travis/build/icyphy/ptII/ptolemy/domains/de/test/auto/ResettableTimer6.xml (RunModel)" time="0.02" />
  <testcase classname="ptolemy.util.test.junit.AutoTests" name="[64] /home/travis/build/icyphy/ptII/ptolemy/domains/de/test/auto/ServerZeroDelay.xml (RunModel)" time="0.01" />
  <testcase classname="ptolemy.util.test.junit.AutoTests" name="[65] /home/travis/build/icyphy/ptII/ptolemy/domains/de/test/auto/SmartSender.xml (RunModel)" time="3.008" />
  <testcase classname="ptolemy.util.test.junit.AutoTests" name="[66] /home/travis/build/icyphy/ptII/ptolemy/domains/de/test/auto/ThreadedComposite.xml (RunModel)" time="0.185" />
  <testcase classname="ptolemy.util.test.junit.AutoTests" name="[67] /home/travis/build/icyphy/ptII/ptolemy/domains/de/test/auto/Time.xml (RunModel)" time="0.409" />
  <testcase classname="ptolemy.util.test.junit.AutoTests" name="[68] /home/travis/build/icyphy/ptII/ptolemy/domains/de/test/auto/TimeDelayZeroDelay.xml (RunModel)" time="0.011" />
  <testcase classname="ptolemy.util.test.junit.AutoTests" name="[69] /home/travis/build/icyphy/ptII/ptolemy/domains/de/test/auto/TimerZeroDelay.xml (RunModel)" time="0.011" />
  <testcase classname="ptolemy.util.test.junit.AutoTests" name="[70] /home/travis/build/icyphy/ptII/ptolemy/domains/de/test/auto/TimingParadox.xml (RunModel)" time="0.366" />
  <testcase classname="ptolemy.util.test.junit.AutoTests" name="[71] /home/travis/build/icyphy/ptII/ptolemy/domains/de/test/auto/TransferInputs.xml (RunModel)" time="0.016" />
  <testcase classname="ptolemy.util.test.junit.AutoTests" name="[72] /home/travis/build/icyphy/ptII/ptolemy/domains/de/test/auto/TransferOutputs2.xml (RunModel)" time="0.015" />
  <testcase classname="ptolemy.util.test.junit.AutoTests" name="[73] /home/travis/build/icyphy/ptII/ptolemy/domains/de/test/auto/Trilateration.xml (RunModel)" time="11.822" />
  <testcase classname="ptolemy.util.test.junit.AutoTests" name="[74] /home/travis/build/icyphy/ptII/ptolemy/domains/de/test/auto/TwoSigmaDelta.xml (RunModel)" time="1.669" />
  <testcase classname="ptolemy.util.test.junit.AutoTests" name="[75] /home/travis/build/icyphy/ptII/ptolemy/domains/de/test/auto/VariableDelay.xml (RunModel)" time="0.01" />
  <testcase classname="ptolemy.util.test.junit.AutoTests" name="[76] /home/travis/build/icyphy/ptII/ptolemy/domains/de/test/auto/VariableDelay2.xml (RunModel)" time="0.008" />
  <testcase classname="ptolemy.util.test.junit.AutoTests" name="[77] /home/travis/build/icyphy/ptII/ptolemy/domains/de/test/auto/VariableDelayZeroDelay.xml (RunModel)" time="0.011" />
  <testcase classname="ptolemy.util.test.junit.AutoTests" name="[78] /home/travis/build/icyphy/ptII/ptolemy/domains/de/test/auto/VariableDelayZeroDelay2.xml (RunModel)" time="0.008" />
  <testcase classname="ptolemy.util.test.junit.AutoTests" name="[79] /home/travis/build/icyphy/ptII/ptolemy/domains/de/test/auto/deInCt.xml (RunModel)" time="0.014" />
  <testcase classname="ptolemy.util.test.junit.AutoTests" name="[80] /home/travis/build/icyphy/ptII/ptolemy/domains/de/test/auto/deInCt2.xml (RunModel)" time="0.014" />
  <testcase classname="ptolemy.util.test.junit.AutoTests" name="[81] /home/travis/build/icyphy/ptII/ptolemy/domains/de/test/auto/dynamicCausalityInterface1.xml (RunModel)" time="0.016" />
  <testcase classname="ptolemy.util.test.junit.AutoTests" name="[82] /home/travis/build/icyphy/ptII/ptolemy/domains/de/test/auto/fsm_de_test.xml (RunModel)" time="0.025" />
  <testcase classname="ptolemy.util.test.junit.AutoTests" name="[83] /home/travis/build/icyphy/ptII/ptolemy/domains/de/test/auto/functionDependencyReconstruction.xml (RunModel)" time="0.027" />
  <testcase classname="ptolemy.util.test.junit.AutoTests" name="[84] /home/travis/build/icyphy/ptII/ptolemy/domains/de/test/auto/multirate.xml (RunModel)" time="0.015" />
  <testcase classname="ptolemy.util.test.junit.AutoTests" name="[85] /home/travis/build/icyphy/ptII/ptolemy/domains/de/test/auto/multirate2.xml (RunModel)" time="0.014" />
  <testcase classname="ptolemy.util.test.junit.AutoTests" name="[86] /home/travis/build/icyphy/ptII/ptolemy/domains/de/test/auto/realtime.xml (RunModel)" time="10.009" />
  <testcase classname="ptolemy.util.test.junit.AutoTests" name="[87] /home/travis/build/icyphy/ptII/ptolemy/domains/de/test/auto/relationGroup.xml (RunModel)" time="0.012" />
  <testcase classname="ptolemy.util.test.junit.AutoTests" name="[88] /home/travis/build/icyphy/ptII/ptolemy/domains/de/test/auto/relationGroup2.xml (RunModel)" time="0.006" />
  <testcase classname="ptolemy.util.test.junit.AutoTests" name="[89] /home/travis/build/icyphy/ptII/ptolemy/domains/de/test/auto/sortWithOpaquePorts.xml (RunModel)" time="0.012" />
  <testcase classname="ptolemy.util.test.junit.AutoTests" name="[90] /home/travis/build/icyphy/ptII/ptolemy/domains/de/test/auto/transferInputsandOutputs.xml (RunModel)" time="0.016" />
  <testcase classname="ptolemy.util.test.junit.AutoTests" name="[91] /home/travis/build/icyphy/ptII/ptolemy/domains/de/test/auto/triggerType.xml (RunModel)" time="0.006" />
  <system-out><![CDATA[/home/travis/build/icyphy/ptII/ptolemy/domains/de/test/DependencyLoop.tcl
testDefs.tcl: setting time out to 9000 seconds at Mon Jan 13 21:06:40 UTC 2020
83 ms. Memory: 129024K Free: 79302K (61%)
21 ms. Memory: 129024K Free: 61879K (48%)
/home/travis/build/icyphy/ptII/ptolemy/domains/de/test/RunDETestsAsQSS.tcl
Run the DE tests using ptolemy.domains.qss.test.QSSDirectorTest, which extends QSSDirector and prints a message in the constructors.
------------------ testing $PTII/ptolemy/domains/de/test/auto/knownFailedTests/DirectFeedback.xml (Known Failure) 
30 ms. Memory: 129024K Free: 56264K (44%)


==== $PTIIhome/travis/build/icyphy/ptII/ptolemy/domains/de/test/../../../../: Auto Automatic test in file $PTII/ptolemy/domains/de/test/auto/knownFailedTests/DirectFeedback.xml
==== Contents of test case:

	    # FIXME: we should use $relativeFilename here, but it
	    # might have backslashes under Windows, which causes no end
	    # of trouble.
	    createAndExecute $file
	    list {}
	
.... Test generated KNOWN error:
    while executing
ptolemy.kernel.util.IllegalActionException: Test fails in iteration 1.
Value was: 1.0. Should have been: 2.0
  in .DirectFeedback.Test
	at ptolemy.actor.lib.Test.fire(Test.java:268)
	at ptolemy.domains.de.kernel.DEDirector._fire(DEDirector.java:1949)
	at ptolemy.domains.de.kernel.DEDirector.fire(DEDirector.java:502)
	at ptolemy.actor.CompositeActor.fire(CompositeActor.java:455)
	at ptolemy.actor.Manager.iterate(Manager.java:851)
	at ptolemy.actor.Manager.execute(Manager.java:369)
	at ptolemy.actor.Manager.run(Manager.java:1263)
	at ptolemy.actor.Manager$PtolemyRunThread.run(Manager.java:1933)

    while executing
ptolemy.kernel.util.IllegalActionException: Test fails in iteration 1.
Value was: 1.0. Should have been: 2.0
  in .DirectFeedback.Test
    while executing
"java::new ptolemy.moml.MoMLSimpleApplication $file
"
    (procedure "createAndExecute" line 2)
    invoked from within
"createAndExecute $file"
    ("uplevel" body line 5)
    invoked from within
"uplevel $contents_of_test"
------------------ testing $PTII/ptolemy/domains/de/test/auto/knownFailedTests/dependencyLoop.xml (Known Failure) 
11 ms. Memory: 129024K Free: 53192K (41%)


==== $PTIIhome/travis/build/icyphy/ptII/ptolemy/domains/de/test/../../../../: Auto Automatic test in file $PTII/ptolemy/domains/de/test/auto/knownFailedTests/dependencyLoop.xml
==== Contents of test case:

	    # FIXME: we should use $relativeFilename here, but it
	    # might have backslashes under Windows, which causes no end
	    # of trouble.
	    createAndExecute $file
	    list {}
	
.... Test generated KNOWN error:
    while executing
ptolemy.kernel.util.IllegalActionException: Found a zero delay loop containing .dependencyLoop.original
  in .dependencyLoop and .dependencyLoop.original
	at ptolemy.actor.util.CausalityInterfaceForComposites._computeOutputPortDepth(CausalityInterfaceForComposites.java:759)
	at ptolemy.actor.util.CausalityInterfaceForComposites._computeInputDepth(CausalityInterfaceForComposites.java:696)
	at ptolemy.actor.util.CausalityInterfaceForComposites._computeOutputPortDepth(CausalityInterfaceForComposites.java:765)
	at ptolemy.actor.util.CausalityInterfaceForComposites._computeInputDepth(CausalityInterfaceForComposites.java:696)
	at ptolemy.actor.util.CausalityInterfaceForComposites._computeOutputPortDepth(CausalityInterfaceForComposites.java:765)
	at ptolemy.actor.util.CausalityInterfaceForComposites._computeInputDepth(CausalityInterfaceForComposites.java:696)
	at ptolemy.actor.util.CausalityInterfaceForComposites._computeActorDepth(CausalityInterfaceForComposites.java:532)
	at ptolemy.actor.util.CausalityInterfaceForComposites.checkForCycles(CausalityInterfaceForComposites.java:96)
	at ptolemy.domains.de.kernel.DEDirector.preinitialize(DEDirector.java:1338)
	at ptolemy.actor.CompositeActor.preinitialize(CompositeActor.java:1828)
	at ptolemy.actor.Manager.preinitializeAndResolveTypes(Manager.java:1040)
	at ptolemy.actor.Manager.initialize(Manager.java:710)
	at ptolemy.actor.Manager.execute(Manager.java:356)
	at ptolemy.actor.Manager.run(Manager.java:1263)
	at ptolemy.actor.Manager$PtolemyRunThread.run(Manager.java:1933)

    while executing
ptolemy.kernel.util.IllegalActionException: Found a zero delay loop containing .dependencyLoop.original
  in .dependencyLoop and .dependencyLoop.original
    while executing
"java::new ptolemy.moml.MoMLSimpleApplication $file
"
    (procedure "createAndExecute" line 2)
    invoked from within
"createAndExecute $file"
    ("uplevel" body line 5)
    invoked from within
"uplevel $contents_of_test"
------------------ testing $PTII/ptolemy/domains/de/test/auto/knownFailedTests/FSMSource.xml (Known Failure) 
95 ms. Memory: 129024K Free: 111969K (87%)
!!!! Auto was marked as failing, but now passes
------------------ testing $PTII/ptolemy/domains/de/test/auto/knownFailedTests/HierarchicalModel.xml (Known Failure) 
6 ms. Memory: 129024K Free: 94499K (73%)


==== $PTIIhome/travis/build/icyphy/ptII/ptolemy/domains/de/test/../../../../: Auto Automatic test in file $PTII/ptolemy/domains/de/test/auto/knownFailedTests/HierarchicalModel.xml
==== Contents of test case:

	    # FIXME: we should use $relativeFilename here, but it
	    # might have backslashes under Windows, which causes no end
	    # of trouble.
	    createAndExecute $file
	    list {}
	
.... Test generated KNOWN error:
    while executing
ptolemy.kernel.util.IllegalActionException: Found a zero delay loop containing .HierarchicalModel.A
  in .HierarchicalModel and .HierarchicalModel.A
	at ptolemy.actor.util.CausalityInterfaceForComposites._computeOutputPortDepth(CausalityInterfaceForComposites.java:759)
	at ptolemy.actor.util.CausalityInterfaceForComposites._computeInputDepth(CausalityInterfaceForComposites.java:696)
	at ptolemy.actor.util.CausalityInterfaceForComposites._computeOutputPortDepth(CausalityInterfaceForComposites.java:765)
	at ptolemy.actor.util.CausalityInterfaceForComposites._computeInputDepth(CausalityInterfaceForComposites.java:696)
	at ptolemy.actor.util.CausalityInterfaceForComposites._computeOutputPortDepth(CausalityInterfaceForComposites.java:765)
	at ptolemy.actor.util.CausalityInterfaceForComposites._computeInputDepth(CausalityInterfaceForComposites.java:696)
	at ptolemy.actor.util.CausalityInterfaceForComposites._computeActorDepth(CausalityInterfaceForComposites.java:532)
	at ptolemy.actor.util.CausalityInterfaceForComposites.checkForCycles(CausalityInterfaceForComposites.java:96)
	at ptolemy.domains.de.kernel.DEDirector.preinitialize(DEDirector.java:1338)
	at ptolemy.actor.CompositeActor.preinitialize(CompositeActor.java:1828)
	at ptolemy.actor.Manager.preinitializeAndResolveTypes(Manager.java:1040)
	at ptolemy.actor.Manager.initialize(Manager.java:710)
	at ptolemy.actor.Manager.execute(Manager.java:356)
	at ptolemy.actor.Manager.run(Manager.java:1263)
	at ptolemy.actor.Manager$PtolemyRunThread.run(Manager.java:1933)

    while executing
ptolemy.kernel.util.IllegalActionException: Found a zero delay loop containing .HierarchicalModel.A
  in .HierarchicalModel and .HierarchicalModel.A
    while executing
"java::new ptolemy.moml.MoMLSimpleApplication $file
"
    (procedure "createAndExecute" line 2)
    invoked from within
"createAndExecute $file"
    ("uplevel" body line 5)
    invoked from within
"uplevel $contents_of_test"
------------------ testing $PTII/ptolemy/domains/de/test/auto/knownFailedTests/dependencyLoop2.xml (Known Failure) 
4 ms. Memory: 129024K Free: 78476K (61%)


==== $PTIIhome/travis/build/icyphy/ptII/ptolemy/domains/de/test/../../../../: Auto Automatic test in file $PTII/ptolemy/domains/de/test/auto/knownFailedTests/dependencyLoop2.xml
==== Contents of test case:

	    # FIXME: we should use $relativeFilename here, but it
	    # might have backslashes under Windows, which causes no end
	    # of trouble.
	    createAndExecute $file
	    list {}
	
.... Test generated KNOWN error:
    while executing
ptolemy.kernel.util.IllegalActionException: Found a zero delay loop containing .dependencyLoop2.original
  in .dependencyLoop2 and .dependencyLoop2.original
	at ptolemy.actor.util.CausalityInterfaceForComposites._computeOutputPortDepth(CausalityInterfaceForComposites.java:759)
	at ptolemy.actor.util.CausalityInterfaceForComposites._computeInputDepth(CausalityInterfaceForComposites.java:696)
	at ptolemy.actor.util.CausalityInterfaceForComposites._computeOutputPortDepth(CausalityInterfaceForComposites.java:765)
	at ptolemy.actor.util.CausalityInterfaceForComposites._computeInputDepth(CausalityInterfaceForComposites.java:696)
	at ptolemy.actor.util.CausalityInterfaceForComposites._computeOutputPortDepth(CausalityInterfaceForComposites.java:765)
	at ptolemy.actor.util.CausalityInterfaceForComposites._computeInputDepth(CausalityInterfaceForComposites.java:696)
	at ptolemy.actor.util.CausalityInterfaceForComposites._computeActorDepth(CausalityInterfaceForComposites.java:532)
	at ptolemy.actor.util.CausalityInterfaceForComposites.checkForCycles(CausalityInterfaceForComposites.java:96)
	at ptolemy.domains.de.kernel.DEDirector.preinitialize(DEDirector.java:1338)
	at ptolemy.actor.CompositeActor.preinitialize(CompositeActor.java:1828)
	at ptolemy.actor.Manager.preinitializeAndResolveTypes(Manager.java:1040)
	at ptolemy.actor.Manager.initialize(Manager.java:710)
	at ptolemy.actor.Manager.execute(Manager.java:356)
	at ptolemy.actor.Manager.run(Manager.java:1263)
	at ptolemy.actor.Manager$PtolemyRunThread.run(Manager.java:1933)

    while executing
ptolemy.kernel.util.IllegalActionException: Found a zero delay loop containing .dependencyLoop2.original
  in .dependencyLoop2 and .dependencyLoop2.original
    while executing
"java::new ptolemy.moml.MoMLSimpleApplication $file
"
    (procedure "createAndExecute" line 2)
    invoked from within
"createAndExecute $file"
    ("uplevel" body line 5)
    invoked from within
"uplevel $contents_of_test"
------------------ testing $PTII/ptolemy/domains/de/test/auto/knownFailedTests/DESDFClockTest.xml (Known Failure) 
2045 ms. Memory: 129024K Free: 111155K (86%)


==== $PTIIhome/travis/build/icyphy/ptII/ptolemy/domains/de/test/../../../../: Auto Automatic test in file $PTII/ptolemy/domains/de/test/auto/knownFailedTests/DESDFClockTest.xml
==== Contents of test case:

	    # FIXME: we should use $relativeFilename here, but it
	    # might have backslashes under Windows, which causes no end
	    # of trouble.
	    createAndExecute $file
	    list {}
	
.... Test generated KNOWN error:
    while executing
ptolemy.kernel.util.IllegalActionException: Actor is not ready to fire.  Perhaps UpSample.prefire() returned false? Try debugging the actor by selecting "Listen to Actor".  Also, for SDF check moml for tokenConsumptionRate on input.
  in .DESDFClockTest.Play Bell.Copy1:SDF Director and .DESDFClockTest.Play Bell.UpSample
	at ptolemy.actor.sched.StaticSchedulingDirector.fire(StaticSchedulingDirector.java:227)
	at ptolemy.domains.sdf.kernel.SDFDirector.fire(SDFDirector.java:500)
	at ptolemy.actor.CompositeActor.fire(CompositeActor.java:455)
	at ptolemy.domains.de.kernel.DEDirector._fire(DEDirector.java:1949)
	at ptolemy.domains.de.kernel.DEDirector.fire(DEDirector.java:502)
	at ptolemy.actor.CompositeActor.fire(CompositeActor.java:455)
	at ptolemy.actor.Manager.iterate(Manager.java:851)
	at ptolemy.actor.Manager.execute(Manager.java:369)
	at ptolemy.actor.Manager.run(Manager.java:1263)
	at ptolemy.actor.Manager$PtolemyRunThread.run(Manager.java:1933)

    while executing
ptolemy.kernel.util.IllegalActionException: Actor is not ready to fire.  Perhaps UpSample.prefire() returned false? Try debugging the actor by selecting "Listen to Actor".  Also, for SDF check moml for tokenConsumptionRate on input.
  in .DESDFClockTest.Play Bell.Copy1:SDF Director and .DESDFClockTest.Play Bell.UpSample
    while executing
"java::new ptolemy.moml.MoMLSimpleApplication $file
"
    (procedure "createAndExecute" line 2)
    invoked from within
"createAndExecute $file"
    ("uplevel" body line 5)
    invoked from within
"uplevel $contents_of_test"
------------------ testing $PTII/ptolemy/domains/de/test/auto/ActorDepthCalculation_actorWithoutPorts.xml
auto.tcl: Setting watchdog for 200 seconds at Mon Jan 13 21:06:44 UTC 2020
9 ms. Memory: 129024K Free: 103459K (80%)
ptolemy.util.test.WatchDog.cancel(): canceling Mon Jan 13 21:06:44 UTC 2020
auto.tcl: Setting watchdog for 200 seconds at Mon Jan 13 21:06:44 UTC 2020
5 ms. Memory: 129024K Free: 101939K (79%)
ptolemy.util.test.WatchDog.cancel(): canceling Mon Jan 13 21:06:44 UTC 2020
------------------ testing $PTII/ptolemy/domains/de/test/auto/AssemblyLine.xml
auto.tcl: Setting watchdog for 200 seconds at Mon Jan 13 21:06:45 UTC 2020
7 ms. Memory: 51200K Free: 27501K (54%)
ptolemy.util.test.WatchDog.cancel(): canceling Mon Jan 13 21:06:45 UTC 2020
auto.tcl: Setting watchdog for 200 seconds at Mon Jan 13 21:06:45 UTC 2020
6 ms. Memory: 51200K Free: 26996K (53%)
ptolemy.util.test.WatchDog.cancel(): canceling Mon Jan 13 21:06:45 UTC 2020
------------------ testing $PTII/ptolemy/domains/de/test/auto/CQBug1.xml
auto.tcl: Setting watchdog for 200 seconds at Mon Jan 13 21:06:45 UTC 2020
2 ms. Memory: 51200K Free: 33838K (66%)
ptolemy.util.test.WatchDog.cancel(): canceling Mon Jan 13 21:06:45 UTC 2020
auto.tcl: Setting watchdog for 200 seconds at Mon Jan 13 21:06:45 UTC 2020
2 ms. Memory: 51200K Free: 33350K (65%)
ptolemy.util.test.WatchDog.cancel(): canceling Mon Jan 13 21:06:45 UTC 2020
------------------ testing $PTII/ptolemy/domains/de/test/auto/CancelFireAt.xml
auto.tcl: Setting watchdog for 200 seconds at Mon Jan 13 21:06:45 UTC 2020
3 ms. Memory: 48128K Free: 31649K (66%)
ptolemy.util.test.WatchDog.cancel(): canceling Mon Jan 13 21:06:45 UTC 2020
auto.tcl: Setting watchdog for 200 seconds at Mon Jan 13 21:06:45 UTC 2020
1 ms. Memory: 48128K Free: 31213K (65%)
ptolemy.util.test.WatchDog.cancel(): canceling Mon Jan 13 21:06:45 UTC 2020
------------------ testing $PTII/ptolemy/domains/de/test/auto/CausalityAndComposabilityAnalysis.xml
auto.tcl: Setting watchdog for 200 seconds at Mon Jan 13 21:06:45 UTC 2020
5 ms. Memory: 48128K Free: 29667K (62%)
ptolemy.util.test.WatchDog.cancel(): canceling Mon Jan 13 21:06:45 UTC 2020
auto.tcl: Setting watchdog for 200 seconds at Mon Jan 13 21:06:45 UTC 2020
4 ms. Memory: 48128K Free: 28903K (60%)
ptolemy.util.test.WatchDog.cancel(): canceling Mon Jan 13 21:06:45 UTC 2020
------------------ testing $PTII/ptolemy/domains/de/test/auto/CausalityInterface1.xml
auto.tcl: Setting watchdog for 200 seconds at Mon Jan 13 21:06:45 UTC 2020
26 ms. Memory: 48128K Free: 28347K (59%)
ptolemy.util.test.WatchDog.cancel(): canceling Mon Jan 13 21:06:45 UTC 2020
auto.tcl: Setting watchdog for 200 seconds at Mon Jan 13 21:06:45 UTC 2020
4 ms. Memory: 48128K Free: 27358K (57%)
ptolemy.util.test.WatchDog.cancel(): canceling Mon Jan 13 21:06:45 UTC 2020
------------------ testing $PTII/ptolemy/domains/de/test/auto/CausalityInterface15.xml
auto.tcl: Setting watchdog for 200 seconds at Mon Jan 13 21:06:45 UTC 2020
9 ms. Memory: 48128K Free: 27997K (58%)
ptolemy.util.test.WatchDog.cancel(): canceling Mon Jan 13 21:06:45 UTC 2020
auto.tcl: Setting watchdog for 200 seconds at Mon Jan 13 21:06:45 UTC 2020
5 ms. Memory: 48128K Free: 27298K (57%)
ptolemy.util.test.WatchDog.cancel(): canceling Mon Jan 13 21:06:45 UTC 2020
------------------ testing $PTII/ptolemy/domains/de/test/auto/CausalityInterface2.xml
auto.tcl: Setting watchdog for 200 seconds at Mon Jan 13 21:06:45 UTC 2020
5 ms. Memory: 48128K Free: 28931K (60%)
ptolemy.util.test.WatchDog.cancel(): canceling Mon Jan 13 21:06:45 UTC 2020
auto.tcl: Setting watchdog for 200 seconds at Mon Jan 13 21:06:45 UTC 2020
3 ms. Memory: 48128K Free: 27810K (58%)
ptolemy.util.test.WatchDog.cancel(): canceling Mon Jan 13 21:06:45 UTC 2020
------------------ testing $PTII/ptolemy/domains/de/test/auto/CausalityInterface3.xml
auto.tcl: Setting watchdog for 200 seconds at Mon Jan 13 21:06:45 UTC 2020
4 ms. Memory: 48128K Free: 28451K (59%)
ptolemy.util.test.WatchDog.cancel(): canceling Mon Jan 13 21:06:45 UTC 2020
auto.tcl: Setting watchdog for 200 seconds at Mon Jan 13 21:06:45 UTC 2020
3 ms. Memory: 48128K Free: 27933K (58%)
ptolemy.util.test.WatchDog.cancel(): canceling Mon Jan 13 21:06:45 UTC 2020
------------------ testing $PTII/ptolemy/domains/de/test/auto/ClockDrift.xml
auto.tcl: Setting watchdog for 200 seconds at Mon Jan 13 21:06:45 UTC 2020
56 ms. Memory: 48128K Free: 21035K (44%)
ptolemy.util.test.WatchDog.cancel(): canceling Mon Jan 13 21:06:45 UTC 2020
auto.tcl: Setting watchdog for 200 seconds at Mon Jan 13 21:06:45 UTC 2020
62 ms. Memory: 48128K Free: 17598K (37%)
ptolemy.util.test.WatchDog.cancel(): canceling Mon Jan 13 21:06:45 UTC 2020
------------------ testing $PTII/ptolemy/domains/de/test/auto/ClockDriftAndValueChange.xml
auto.tcl: Setting watchdog for 200 seconds at Mon Jan 13 21:06:45 UTC 2020
39 ms. Memory: 48128K Free: 21115K (44%)
ptolemy.util.test.WatchDog.cancel(): canceling Mon Jan 13 21:06:46 UTC 2020
auto.tcl: Setting watchdog for 200 seconds at Mon Jan 13 21:06:46 UTC 2020
22 ms. Memory: 48128K Free: 18281K (38%)
ptolemy.util.test.WatchDog.cancel(): canceling Mon Jan 13 21:06:46 UTC 2020
------------------ testing $PTII/ptolemy/domains/de/test/auto/ClockDriftChange.xml
auto.tcl: Setting watchdog for 200 seconds at Mon Jan 13 21:06:46 UTC 2020
16 ms. Memory: 48128K Free: 23171K (48%)
ptolemy.util.test.WatchDog.cancel(): canceling Mon Jan 13 21:06:46 UTC 2020
auto.tcl: Setting watchdog for 200 seconds at Mon Jan 13 21:06:46 UTC 2020
16 ms. Memory: 48128K Free: 20612K (43%)
ptolemy.util.test.WatchDog.cancel(): canceling Mon Jan 13 21:06:46 UTC 2020
------------------ testing $PTII/ptolemy/domains/de/test/auto/ComposableCausalityAnalysis.xml
auto.tcl: Setting watchdog for 200 seconds at Mon Jan 13 21:06:46 UTC 2020
2 ms. Memory: 48128K Free: 27809K (58%)
ptolemy.util.test.WatchDog.cancel(): canceling Mon Jan 13 21:06:46 UTC 2020
auto.tcl: Setting watchdog for 200 seconds at Mon Jan 13 21:06:46 UTC 2020
2 ms. Memory: 48128K Free: 26762K (56%)
ptolemy.util.test.WatchDog.cancel(): canceling Mon Jan 13 21:06:46 UTC 2020
------------------ testing $PTII/ptolemy/domains/de/test/auto/DEFixedPointLimitation.xml
auto.tcl: Setting watchdog for 200 seconds at Mon Jan 13 21:06:46 UTC 2020
4 ms. Memory: 48128K Free: 29149K (61%)
ptolemy.util.test.WatchDog.cancel(): canceling Mon Jan 13 21:06:46 UTC 2020
auto.tcl: Setting watchdog for 200 seconds at Mon Jan 13 21:06:46 UTC 2020
1 ms. Memory: 48128K Free: 28224K (59%)
ptolemy.util.test.WatchDog.cancel(): canceling Mon Jan 13 21:06:46 UTC 2020
------------------ testing $PTII/ptolemy/domains/de/test/auto/DEScheduleTest.xml
auto.tcl: Setting watchdog for 200 seconds at Mon Jan 13 21:06:46 UTC 2020
4 ms. Memory: 48128K Free: 29458K (61%)
ptolemy.util.test.WatchDog.cancel(): canceling Mon Jan 13 21:06:46 UTC 2020
auto.tcl: Setting watchdog for 200 seconds at Mon Jan 13 21:06:46 UTC 2020
3 ms. Memory: 48128K Free: 28672K (60%)
ptolemy.util.test.WatchDog.cancel(): canceling Mon Jan 13 21:06:46 UTC 2020
------------------ testing $PTII/ptolemy/domains/de/test/auto/DEinDEwithStartTimes.xml
auto.tcl: Setting watchdog for 200 seconds at Mon Jan 13 21:06:46 UTC 2020
5 ms. Memory: 48128K Free: 27598K (57%)
ptolemy.util.test.WatchDog.cancel(): canceling Mon Jan 13 21:06:46 UTC 2020
auto.tcl: Setting watchdog for 200 seconds at Mon Jan 13 21:06:46 UTC 2020
4 ms. Memory: 48128K Free: 26574K (55%)
ptolemy.util.test.WatchDog.cancel(): canceling Mon Jan 13 21:06:46 UTC 2020
------------------ testing $PTII/ptolemy/domains/de/test/auto/DEinDEwithStartTimes2.xml
auto.tcl: Setting watchdog for 200 seconds at Mon Jan 13 21:06:46 UTC 2020
7 ms. Memory: 48128K Free: 26852K (56%)
ptolemy.util.test.WatchDog.cancel(): canceling Mon Jan 13 21:06:46 UTC 2020
auto.tcl: Setting watchdog for 200 seconds at Mon Jan 13 21:06:46 UTC 2020
4 ms. Memory: 48128K Free: 25530K (53%)
ptolemy.util.test.WatchDog.cancel(): canceling Mon Jan 13 21:06:46 UTC 2020
------------------ testing $PTII/ptolemy/domains/de/test/auto/DateDemo.xml
auto.tcl: Setting watchdog for 200 seconds at Mon Jan 13 21:06:46 UTC 2020
25 ms. Memory: 48128K Free: 21171K (44%)
ptolemy.util.test.WatchDog.cancel(): canceling Mon Jan 13 21:06:46 UTC 2020
auto.tcl: Setting watchdog for 200 seconds at Mon Jan 13 21:06:46 UTC 2020
6 ms. Memory: 48128K Free: 19560K (41%)
ptolemy.util.test.WatchDog.cancel(): canceling Mon Jan 13 21:06:46 UTC 2020
------------------ testing $PTII/ptolemy/domains/de/test/auto/DateToEvent.xml
auto.tcl: Setting watchdog for 200 seconds at Mon Jan 13 21:06:46 UTC 2020
2010 ms. Memory: 48128K Free: 17093K (36%)
ptolemy.util.test.WatchDog.cancel(): canceling Mon Jan 13 21:06:48 UTC 2020
auto.tcl: Setting watchdog for 200 seconds at Mon Jan 13 21:06:48 UTC 2020
2004 ms. Memory: 48128K Free: 16332K (34%)
ptolemy.util.test.WatchDog.cancel(): canceling Mon Jan 13 21:06:50 UTC 2020
------------------ testing $PTII/ptolemy/domains/de/test/auto/DepthTest1.xml
auto.tcl: Setting watchdog for 200 seconds at Mon Jan 13 21:06:50 UTC 2020
7 ms. Memory: 48128K Free: 30240K (63%)
ptolemy.util.test.WatchDog.cancel(): canceling Mon Jan 13 21:06:50 UTC 2020
auto.tcl: Setting watchdog for 200 seconds at Mon Jan 13 21:06:50 UTC 2020
2 ms. Memory: 48128K Free: 29829K (62%)
ptolemy.util.test.WatchDog.cancel(): canceling Mon Jan 13 21:06:50 UTC 2020
------------------ testing $PTII/ptolemy/domains/de/test/auto/DepthTest2.xml
auto.tcl: Setting watchdog for 200 seconds at Mon Jan 13 21:06:50 UTC 2020
5 ms. Memory: 48128K Free: 27119K (56%)
ptolemy.util.test.WatchDog.cancel(): canceling Mon Jan 13 21:06:50 UTC 2020
auto.tcl: Setting watchdog for 200 seconds at Mon Jan 13 21:06:50 UTC 2020
3 ms. Memory: 48128K Free: 26697K (55%)
ptolemy.util.test.WatchDog.cancel(): canceling Mon Jan 13 21:06:50 UTC 2020
------------------ testing $PTII/ptolemy/domains/de/test/auto/DepthTest3.xml
auto.tcl: Setting watchdog for 200 seconds at Mon Jan 13 21:06:51 UTC 2020
2 ms. Memory: 48128K Free: 30569K (64%)
ptolemy.util.test.WatchDog.cancel(): canceling Mon Jan 13 21:06:51 UTC 2020
auto.tcl: Setting watchdog for 200 seconds at Mon Jan 13 21:06:51 UTC 2020
2 ms. Memory: 48128K Free: 30148K (63%)
ptolemy.util.test.WatchDog.cancel(): canceling Mon Jan 13 21:06:51 UTC 2020
------------------ testing $PTII/ptolemy/domains/de/test/auto/DepthTest4.xml
auto.tcl: Setting watchdog for 200 seconds at Mon Jan 13 21:06:51 UTC 2020
3 ms. Memory: 48128K Free: 28920K (60%)
ptolemy.util.test.WatchDog.cancel(): canceling Mon Jan 13 21:06:51 UTC 2020
auto.tcl: Setting watchdog for 200 seconds at Mon Jan 13 21:06:51 UTC 2020
2 ms. Memory: 48128K Free: 28198K (59%)
ptolemy.util.test.WatchDog.cancel(): canceling Mon Jan 13 21:06:51 UTC 2020
------------------ testing $PTII/ptolemy/domains/de/test/auto/DepthTest5.xml
auto.tcl: Setting watchdog for 200 seconds at Mon Jan 13 21:06:51 UTC 2020
2 ms. Memory: 48128K Free: 28318K (59%)
ptolemy.util.test.WatchDog.cancel(): canceling Mon Jan 13 21:06:51 UTC 2020
auto.tcl: Setting watchdog for 200 seconds at Mon Jan 13 21:06:51 UTC 2020
2 ms. Memory: 48128K Free: 27531K (57%)
ptolemy.util.test.WatchDog.cancel(): canceling Mon Jan 13 21:06:51 UTC 2020
------------------ testing $PTII/ptolemy/domains/de/test/auto/DepthTest6.xml
auto.tcl: Setting watchdog for 200 seconds at Mon Jan 13 21:06:51 UTC 2020
3 ms. Memory: 48128K Free: 28006K (58%)
ptolemy.util.test.WatchDog.cancel(): canceling Mon Jan 13 21:06:51 UTC 2020
auto.tcl: Setting watchdog for 200 seconds at Mon Jan 13 21:06:51 UTC 2020
2 ms. Memory: 48128K Free: 27585K (57%)
ptolemy.util.test.WatchDog.cancel(): canceling Mon Jan 13 21:06:51 UTC 2020
------------------ testing $PTII/ptolemy/domains/de/test/auto/DepthTest7.xml
auto.tcl: Setting watchdog for 200 seconds at Mon Jan 13 21:06:51 UTC 2020
2 ms. Memory: 48128K Free: 28846K (60%)
ptolemy.util.test.WatchDog.cancel(): canceling Mon Jan 13 21:06:51 UTC 2020
auto.tcl: Setting watchdog for 200 seconds at Mon Jan 13 21:06:51 UTC 2020
2 ms. Memory: 48128K Free: 28123K (58%)
ptolemy.util.test.WatchDog.cancel(): canceling Mon Jan 13 21:06:51 UTC 2020
------------------ testing $PTII/ptolemy/domains/de/test/auto/EventToDate.xml
auto.tcl: Setting watchdog for 200 seconds at Mon Jan 13 21:06:51 UTC 2020
3005 ms. Memory: 48128K Free: 19612K (41%)
ptolemy.util.test.WatchDog.cancel(): canceling Mon Jan 13 21:06:54 UTC 2020
auto.tcl: Setting watchdog for 200 seconds at Mon Jan 13 21:06:54 UTC 2020
3004 ms. Memory: 48128K Free: 18928K (39%)
ptolemy.util.test.WatchDog.cancel(): canceling Mon Jan 13 21:06:57 UTC 2020
------------------ testing $PTII/ptolemy/domains/de/test/auto/FSM1.xml
auto.tcl: Setting watchdog for 200 seconds at Mon Jan 13 21:06:57 UTC 2020
33 ms. Memory: 48128K Free: 20622K (43%)
ptolemy.util.test.WatchDog.cancel(): canceling Mon Jan 13 21:06:57 UTC 2020
auto.tcl: Setting watchdog for 200 seconds at Mon Jan 13 21:06:57 UTC 2020
29 ms. Memory: 48128K Free: 17213K (36%)
ptolemy.util.test.WatchDog.cancel(): canceling Mon Jan 13 21:06:57 UTC 2020
------------------ testing $PTII/ptolemy/domains/de/test/auto/FSM7.xml
auto.tcl: Setting watchdog for 200 seconds at Mon Jan 13 21:06:57 UTC 2020
25 ms. Memory: 48128K Free: 20538K (43%)
ptolemy.util.test.WatchDog.cancel(): canceling Mon Jan 13 21:06:57 UTC 2020
auto.tcl: Setting watchdog for 200 seconds at Mon Jan 13 21:06:57 UTC 2020
22 ms. Memory: 48128K Free: 17405K (36%)
ptolemy.util.test.WatchDog.cancel(): canceling Mon Jan 13 21:06:57 UTC 2020
------------------ testing $PTII/ptolemy/domains/de/test/auto/Inspection.xml
auto.tcl: Setting watchdog for 200 seconds at Mon Jan 13 21:06:57 UTC 2020
36 ms. Memory: 48128K Free: 20378K (42%)
ptolemy.util.test.WatchDog.cancel(): canceling Mon Jan 13 21:06:57 UTC 2020
auto.tcl: Setting watchdog for 200 seconds at Mon Jan 13 21:06:57 UTC 2020
30 ms. Memory: 48128K Free: 18638K (39%)
ptolemy.util.test.WatchDog.cancel(): canceling Mon Jan 13 21:06:57 UTC 2020
------------------ testing $PTII/ptolemy/domains/de/test/auto/Iteration.xml
auto.tcl: Setting watchdog for 200 seconds at Mon Jan 13 21:06:57 UTC 2020
8 ms. Memory: 48128K Free: 26140K (54%)
ptolemy.util.test.WatchDog.cancel(): canceling Mon Jan 13 21:06:57 UTC 2020
auto.tcl: Setting watchdog for 200 seconds at Mon Jan 13 21:06:57 UTC 2020
6 ms. Memory: 48128K Free: 24693K (51%)
ptolemy.util.test.WatchDog.cancel(): canceling Mon Jan 13 21:06:57 UTC 2020
------------------ testing $PTII/ptolemy/domains/de/test/auto/LineFault.xml
auto.tcl: Setting watchdog for 200 seconds at Mon Jan 13 21:06:57 UTC 2020
610 ms. Memory: 48128K Free: 18326K (38%)
ptolemy.util.test.WatchDog.cancel(): canceling Mon Jan 13 21:06:58 UTC 2020
auto.tcl: Setting watchdog for 200 seconds at Mon Jan 13 21:06:58 UTC 2020
550 ms. Memory: 58368K Free: 36779K (63%)
ptolemy.util.test.WatchDog.cancel(): canceling Mon Jan 13 21:06:59 UTC 2020
------------------ testing $PTII/ptolemy/domains/de/test/auto/MergeModel1Add.xml
auto.tcl: Setting watchdog for 200 seconds at Mon Jan 13 21:06:59 UTC 2020
17 ms. Memory: 58368K Free: 22316K (38%)
ptolemy.util.test.WatchDog.cancel(): canceling Mon Jan 13 21:06:59 UTC 2020
auto.tcl: Setting watchdog for 200 seconds at Mon Jan 13 21:06:59 UTC 2020
15 ms. Memory: 58368K Free: 20655K (35%)
ptolemy.util.test.WatchDog.cancel(): canceling Mon Jan 13 21:06:59 UTC 2020
------------------ testing $PTII/ptolemy/domains/de/test/auto/MergeModel2Add.xml
auto.tcl: Setting watchdog for 200 seconds at Mon Jan 13 21:06:59 UTC 2020
10 ms. Memory: 55296K Free: 21066K (38%)
ptolemy.util.test.WatchDog.cancel(): canceling Mon Jan 13 21:06:59 UTC 2020
auto.tcl: Setting watchdog for 200 seconds at Mon Jan 13 21:06:59 UTC 2020
8 ms. Memory: 55296K Free: 19335K (35%)
ptolemy.util.test.WatchDog.cancel(): canceling Mon Jan 13 21:06:59 UTC 2020
------------------ testing $PTII/ptolemy/domains/de/test/auto/MergeModel3Add.xml
auto.tcl: Setting watchdog for 200 seconds at Mon Jan 13 21:06:59 UTC 2020
10 ms. Memory: 55296K Free: 21322K (39%)
ptolemy.util.test.WatchDog.cancel(): canceling Mon Jan 13 21:06:59 UTC 2020
auto.tcl: Setting watchdog for 200 seconds at Mon Jan 13 21:06:59 UTC 2020
10 ms. Memory: 55296K Free: 19877K (36%)
ptolemy.util.test.WatchDog.cancel(): canceling Mon Jan 13 21:06:59 UTC 2020
------------------ testing $PTII/ptolemy/domains/de/test/auto/MergeWithoutDiscard.xml
auto.tcl: Setting watchdog for 200 seconds at Mon Jan 13 21:06:59 UTC 2020
3 ms. Memory: 51200K Free: 31595K (62%)
ptolemy.util.test.WatchDog.cancel(): canceling Mon Jan 13 21:06:59 UTC 2020
auto.tcl: Setting watchdog for 200 seconds at Mon Jan 13 21:06:59 UTC 2020
1 ms. Memory: 51200K Free: 31163K (61%)
ptolemy.util.test.WatchDog.cancel(): canceling Mon Jan 13 21:06:59 UTC 2020
------------------ testing $PTII/ptolemy/domains/de/test/auto/Modal1.xml
auto.tcl: Setting watchdog for 200 seconds at Mon Jan 13 21:06:59 UTC 2020
20 ms. Memory: 51200K Free: 23699K (46%)
ptolemy.util.test.WatchDog.cancel(): canceling Mon Jan 13 21:06:59 UTC 2020
auto.tcl: Setting watchdog for 200 seconds at Mon Jan 13 21:06:59 UTC 2020
20 ms. Memory: 51200K Free: 20242K (40%)
ptolemy.util.test.WatchDog.cancel(): canceling Mon Jan 13 21:06:59 UTC 2020
------------------ testing $PTII/ptolemy/domains/de/test/auto/Modal2.xml
auto.tcl: Setting watchdog for 200 seconds at Mon Jan 13 21:06:59 UTC 2020
12 ms. Memory: 51200K Free: 23825K (47%)
ptolemy.util.test.WatchDog.cancel(): canceling Mon Jan 13 21:07:00 UTC 2020
auto.tcl: Setting watchdog for 200 seconds at Mon Jan 13 21:07:00 UTC 2020
13 ms. Memory: 51200K Free: 20572K (40%)
ptolemy.util.test.WatchDog.cancel(): canceling Mon Jan 13 21:07:00 UTC 2020
------------------ testing $PTII/ptolemy/domains/de/test/auto/Modal3.xml
auto.tcl: Setting watchdog for 200 seconds at Mon Jan 13 21:07:00 UTC 2020
12 ms. Memory: 51200K Free: 23535K (46%)
ptolemy.util.test.WatchDog.cancel(): canceling Mon Jan 13 21:07:00 UTC 2020
auto.tcl: Setting watchdog for 200 seconds at Mon Jan 13 21:07:00 UTC 2020
13 ms. Memory: 51200K Free: 20578K (40%)
ptolemy.util.test.WatchDog.cancel(): canceling Mon Jan 13 21:07:00 UTC 2020
------------------ testing $PTII/ptolemy/domains/de/test/auto/Modal4.xml
auto.tcl: Setting watchdog for 200 seconds at Mon Jan 13 21:07:00 UTC 2020
26 ms. Memory: 51200K Free: 22797K (45%)
ptolemy.util.test.WatchDog.cancel(): canceling Mon Jan 13 21:07:00 UTC 2020
auto.tcl: Setting watchdog for 200 seconds at Mon Jan 13 21:07:00 UTC 2020
17 ms. Memory: 51200K Free: 18938K (37%)
ptolemy.util.test.WatchDog.cancel(): canceling Mon Jan 13 21:07:00 UTC 2020
------------------ testing $PTII/ptolemy/domains/de/test/auto/Modal5.xml
auto.tcl: Setting watchdog for 200 seconds at Mon Jan 13 21:07:00 UTC 2020
12 ms. Memory: 51200K Free: 22745K (44%)
ptolemy.util.test.WatchDog.cancel(): canceling Mon Jan 13 21:07:00 UTC 2020
auto.tcl: Setting watchdog for 200 seconds at Mon Jan 13 21:07:00 UTC 2020
13 ms. Memory: 51200K Free: 18925K (37%)
ptolemy.util.test.WatchDog.cancel(): canceling Mon Jan 13 21:07:00 UTC 2020
------------------ testing $PTII/ptolemy/domains/de/test/auto/Modal6.xml
auto.tcl: Setting watchdog for 200 seconds at Mon Jan 13 21:07:00 UTC 2020
18 ms. Memory: 51200K Free: 23570K (46%)
ptolemy.util.test.WatchDog.cancel(): canceling Mon Jan 13 21:07:00 UTC 2020
auto.tcl: Setting watchdog for 200 seconds at Mon Jan 13 21:07:00 UTC 2020
16 ms. Memory: 51200K Free: 19558K (38%)
ptolemy.util.test.WatchDog.cancel(): canceling Mon Jan 13 21:07:00 UTC 2020
------------------ testing $PTII/ptolemy/domains/de/test/auto/Modal7.xml
auto.tcl: Setting watchdog for 200 seconds at Mon Jan 13 21:07:00 UTC 2020
17 ms. Memory: 51200K Free: 22539K (44%)
ptolemy.util.test.WatchDog.cancel(): canceling Mon Jan 13 21:07:00 UTC 2020
auto.tcl: Setting watchdog for 200 seconds at Mon Jan 13 21:07:00 UTC 2020
21 ms. Memory: 51200K Free: 18925K (37%)
ptolemy.util.test.WatchDog.cancel(): canceling Mon Jan 13 21:07:00 UTC 2020
------------------ testing $PTII/ptolemy/domains/de/test/auto/ModalModel.xml
auto.tcl: Setting watchdog for 200 seconds at Mon Jan 13 21:07:00 UTC 2020
221 ms. Memory: 51200K Free: 12657K (25%)
ptolemy.util.test.WatchDog.cancel(): canceling Mon Jan 13 21:07:00 UTC 2020
auto.tcl: Setting watchdog for 200 seconds at Mon Jan 13 21:07:00 UTC 2020
250 ms. Memory: 61440K Free: 44180K (72%)
ptolemy.util.test.WatchDog.cancel(): canceling Mon Jan 13 21:07:01 UTC 2020
------------------ testing $PTII/ptolemy/domains/de/test/auto/ModalSource.xml
auto.tcl: Setting watchdog for 200 seconds at Mon Jan 13 21:07:01 UTC 2020
8 ms. Memory: 58368K Free: 34767K (60%)
ptolemy.util.test.WatchDog.cancel(): canceling Mon Jan 13 21:07:01 UTC 2020
auto.tcl: Setting watchdog for 200 seconds at Mon Jan 13 21:07:01 UTC 2020
4 ms. Memory: 58368K Free: 32820K (56%)
ptolemy.util.test.WatchDog.cancel(): canceling Mon Jan 13 21:07:01 UTC 2020
------------------ testing $PTII/ptolemy/domains/de/test/auto/NonInterruptibleTimerZeroDelay.xml
auto.tcl: Setting watchdog for 200 seconds at Mon Jan 13 21:07:01 UTC 2020
3 ms. Memory: 55296K Free: 36576K (66%)
ptolemy.util.test.WatchDog.cancel(): canceling Mon Jan 13 21:07:01 UTC 2020
auto.tcl: Setting watchdog for 200 seconds at Mon Jan 13 21:07:01 UTC 2020
2 ms. Memory: 55296K Free: 35966K (65%)
ptolemy.util.test.WatchDog.cancel(): canceling Mon Jan 13 21:07:01 UTC 2020
------------------ testing $PTII/ptolemy/domains/de/test/auto/OpenQueueingNetwork.xml
auto.tcl: Setting watchdog for 200 seconds at Mon Jan 13 21:07:01 UTC 2020
3164 ms. Memory: 139264K Free: 78316K (56%)
ptolemy.util.test.WatchDog.cancel(): canceling Mon Jan 13 21:07:04 UTC 2020
auto.tcl: Setting watchdog for 200 seconds at Mon Jan 13 21:07:04 UTC 2020
2559 ms. Memory: 167936K Free: 146265K (87%)
ptolemy.util.test.WatchDog.cancel(): canceling Mon Jan 13 21:07:07 UTC 2020
------------------ testing $PTII/ptolemy/domains/de/test/auto/OpenQueuingNetwork.xml
auto.tcl: Setting watchdog for 200 seconds at Mon Jan 13 21:07:07 UTC 2020
227 ms. Memory: 58368K Free: 31126K (53%)
ptolemy.util.test.WatchDog.cancel(): canceling Mon Jan 13 21:07:07 UTC 2020
auto.tcl: Setting watchdog for 200 seconds at Mon Jan 13 21:07:07 UTC 2020
262 ms. Memory: 58368K Free: 11620K (20%)
ptolemy.util.test.WatchDog.cancel(): canceling Mon Jan 13 21:07:07 UTC 2020
------------------ testing $PTII/ptolemy/domains/de/test/auto/PeriodicSampler.xml
auto.tcl: Setting watchdog for 200 seconds at Mon Jan 13 21:07:07 UTC 2020
4 ms. Memory: 55296K Free: 35826K (65%)
ptolemy.util.test.WatchDog.cancel(): canceling Mon Jan 13 21:07:07 UTC 2020
auto.tcl: Setting watchdog for 200 seconds at Mon Jan 13 21:07:07 UTC 2020
2 ms. Memory: 55296K Free: 35306K (64%)
ptolemy.util.test.WatchDog.cancel(): canceling Mon Jan 13 21:07:07 UTC 2020
------------------ testing $PTII/ptolemy/domains/de/test/auto/PersistentIO.xml
auto.tcl: Setting watchdog for 200 seconds at Mon Jan 13 21:07:07 UTC 2020
14 ms. Memory: 55296K Free: 30750K (56%)
ptolemy.util.test.WatchDog.cancel(): canceling Mon Jan 13 21:07:07 UTC 2020
auto.tcl: Setting watchdog for 200 seconds at Mon Jan 13 21:07:07 UTC 2020
3 ms. Memory: 55296K Free: 29230K (53%)
ptolemy.util.test.WatchDog.cancel(): canceling Mon Jan 13 21:07:07 UTC 2020
------------------ testing $PTII/ptolemy/domains/de/test/auto/PortParameterResetOnInitialize.xml
auto.tcl: Setting watchdog for 200 seconds at Mon Jan 13 21:07:07 UTC 2020
2 ms. Memory: 51200K Free: 31646K (62%)
ptolemy.util.test.WatchDog.cancel(): canceling Mon Jan 13 21:07:07 UTC 2020
auto.tcl: Setting watchdog for 200 seconds at Mon Jan 13 21:07:07 UTC 2020
2 ms. Memory: 51200K Free: 31142K (61%)
ptolemy.util.test.WatchDog.cancel(): canceling Mon Jan 13 21:07:07 UTC 2020
------------------ testing $PTII/ptolemy/domains/de/test/auto/PortParameterUpdates.xml
auto.tcl: Setting watchdog for 200 seconds at Mon Jan 13 21:07:07 UTC 2020
5 ms. Memory: 51200K Free: 29961K (59%)
ptolemy.util.test.WatchDog.cancel(): canceling Mon Jan 13 21:07:08 UTC 2020
auto.tcl: Setting watchdog for 200 seconds at Mon Jan 13 21:07:08 UTC 2020
3 ms. Memory: 51200K Free: 28706K (56%)
ptolemy.util.test.WatchDog.cancel(): canceling Mon Jan 13 21:07:08 UTC 2020
------------------ testing $PTII/ptolemy/domains/de/test/auto/QueueAndServer.xml
auto.tcl: Setting watchdog for 200 seconds at Mon Jan 13 21:07:08 UTC 2020
6 ms. Memory: 51200K Free: 28614K (56%)
ptolemy.util.test.WatchDog.cancel(): canceling Mon Jan 13 21:07:08 UTC 2020
auto.tcl: Setting watchdog for 200 seconds at Mon Jan 13 21:07:08 UTC 2020
5 ms. Memory: 51200K Free: 27165K (53%)
ptolemy.util.test.WatchDog.cancel(): canceling Mon Jan 13 21:07:08 UTC 2020
------------------ testing $PTII/ptolemy/domains/de/test/auto/Records.xml
auto.tcl: Setting watchdog for 200 seconds at Mon Jan 13 21:07:08 UTC 2020
2 ms. Memory: 51200K Free: 30893K (60%)
ptolemy.util.test.WatchDog.cancel(): canceling Mon Jan 13 21:07:08 UTC 2020
auto.tcl: Setting watchdog for 200 seconds at Mon Jan 13 21:07:08 UTC 2020
2 ms. Memory: 51200K Free: 30388K (59%)
ptolemy.util.test.WatchDog.cancel(): canceling Mon Jan 13 21:07:08 UTC 2020
------------------ testing $PTII/ptolemy/domains/de/test/auto/ResetTransitionWithStartTime1.xml
auto.tcl: Setting watchdog for 200 seconds at Mon Jan 13 21:07:08 UTC 2020
11 ms. Memory: 51200K Free: 28173K (55%)
ptolemy.util.test.WatchDog.cancel(): canceling Mon Jan 13 21:07:08 UTC 2020
auto.tcl: Setting watchdog for 200 seconds at Mon Jan 13 21:07:08 UTC 2020
6 ms. Memory: 51200K Free: 26089K (51%)
ptolemy.util.test.WatchDog.cancel(): canceling Mon Jan 13 21:07:08 UTC 2020
------------------ testing $PTII/ptolemy/domains/de/test/auto/ResetTransitionWithStartTime2.xml
auto.tcl: Setting watchdog for 200 seconds at Mon Jan 13 21:07:08 UTC 2020
11 ms. Memory: 51200K Free: 28091K (55%)
ptolemy.util.test.WatchDog.cancel(): canceling Mon Jan 13 21:07:08 UTC 2020
auto.tcl: Setting watchdog for 200 seconds at Mon Jan 13 21:07:08 UTC 2020
6 ms. Memory: 51200K Free: 26061K (51%)
ptolemy.util.test.WatchDog.cancel(): canceling Mon Jan 13 21:07:08 UTC 2020
------------------ testing $PTII/ptolemy/domains/de/test/auto/ResetTransitionWithStartTime3.xml
auto.tcl: Setting watchdog for 200 seconds at Mon Jan 13 21:07:08 UTC 2020
9 ms. Memory: 51200K Free: 28090K (55%)
ptolemy.util.test.WatchDog.cancel(): canceling Mon Jan 13 21:07:08 UTC 2020
auto.tcl: Setting watchdog for 200 seconds at Mon Jan 13 21:07:08 UTC 2020
6 ms. Memory: 51200K Free: 26073K (51%)
ptolemy.util.test.WatchDog.cancel(): canceling Mon Jan 13 21:07:08 UTC 2020
------------------ testing $PTII/ptolemy/domains/de/test/auto/ResetTransitionWithStartTime4.xml
auto.tcl: Setting watchdog for 200 seconds at Mon Jan 13 21:07:08 UTC 2020
8 ms. Memory: 51200K Free: 28517K (56%)
ptolemy.util.test.WatchDog.cancel(): canceling Mon Jan 13 21:07:08 UTC 2020
auto.tcl: Setting watchdog for 200 seconds at Mon Jan 13 21:07:08 UTC 2020
3 ms. Memory: 51200K Free: 27065K (53%)
ptolemy.util.test.WatchDog.cancel(): canceling Mon Jan 13 21:07:08 UTC 2020
------------------ testing $PTII/ptolemy/domains/de/test/auto/ResettableTimer1.xml
auto.tcl: Setting watchdog for 200 seconds at Mon Jan 13 21:07:08 UTC 2020
3 ms. Memory: 51200K Free: 32265K (63%)
ptolemy.util.test.WatchDog.cancel(): canceling Mon Jan 13 21:07:08 UTC 2020
auto.tcl: Setting watchdog for 200 seconds at Mon Jan 13 21:07:08 UTC 2020
2 ms. Memory: 51200K Free: 31638K (62%)
ptolemy.util.test.WatchDog.cancel(): canceling Mon Jan 13 21:07:08 UTC 2020
------------------ testing $PTII/ptolemy/domains/de/test/auto/ResettableTimer2.xml
auto.tcl: Setting watchdog for 200 seconds at Mon Jan 13 21:07:08 UTC 2020
2 ms. Memory: 51200K Free: 32323K (63%)
ptolemy.util.test.WatchDog.cancel(): canceling Mon Jan 13 21:07:08 UTC 2020
auto.tcl: Setting watchdog for 200 seconds at Mon Jan 13 21:07:08 UTC 2020
2 ms. Memory: 51200K Free: 31704K (62%)
ptolemy.util.test.WatchDog.cancel(): canceling Mon Jan 13 21:07:08 UTC 2020
------------------ testing $PTII/ptolemy/domains/de/test/auto/ResettableTimer3.xml
auto.tcl: Setting watchdog for 200 seconds at Mon Jan 13 21:07:08 UTC 2020
1 ms. Memory: 51200K Free: 32223K (63%)
ptolemy.util.test.WatchDog.cancel(): canceling Mon Jan 13 21:07:08 UTC 2020
auto.tcl: Setting watchdog for 200 seconds at Mon Jan 13 21:07:08 UTC 2020
1 ms. Memory: 51200K Free: 32223K (63%)
ptolemy.util.test.WatchDog.cancel(): canceling Mon Jan 13 21:07:08 UTC 2020
------------------ testing $PTII/ptolemy/domains/de/test/auto/ResettableTimer4.xml
auto.tcl: Setting watchdog for 200 seconds at Mon Jan 13 21:07:08 UTC 2020
1 ms. Memory: 51200K Free: 32237K (63%)
ptolemy.util.test.WatchDog.cancel(): canceling Mon Jan 13 21:07:08 UTC 2020
auto.tcl: Setting watchdog for 200 seconds at Mon Jan 13 21:07:08 UTC 2020
1 ms. Memory: 51200K Free: 31723K (62%)
ptolemy.util.test.WatchDog.cancel(): canceling Mon Jan 13 21:07:08 UTC 2020
------------------ testing $PTII/ptolemy/domains/de/test/auto/ResettableTimer5.xml
auto.tcl: Setting watchdog for 200 seconds at Mon Jan 13 21:07:08 UTC 2020
2 ms. Memory: 51200K Free: 31721K (62%)
ptolemy.util.test.WatchDog.cancel(): canceling Mon Jan 13 21:07:08 UTC 2020
auto.tcl: Setting watchdog for 200 seconds at Mon Jan 13 21:07:08 UTC 2020
1 ms. Memory: 51200K Free: 31211K (61%)
ptolemy.util.test.WatchDog.cancel(): canceling Mon Jan 13 21:07:08 UTC 2020
------------------ testing $PTII/ptolemy/domains/de/test/auto/ResettableTimer6.xml
auto.tcl: Setting watchdog for 200 seconds at Mon Jan 13 21:07:08 UTC 2020
2 ms. Memory: 51200K Free: 31711K (62%)
ptolemy.util.test.WatchDog.cancel(): canceling Mon Jan 13 21:07:08 UTC 2020
auto.tcl: Setting watchdog for 200 seconds at Mon Jan 13 21:07:08 UTC 2020
1 ms. Memory: 51200K Free: 31201K (61%)
ptolemy.util.test.WatchDog.cancel(): canceling Mon Jan 13 21:07:08 UTC 2020
------------------ testing $PTII/ptolemy/domains/de/test/auto/ServerZeroDelay.xml
auto.tcl: Setting watchdog for 200 seconds at Mon Jan 13 21:07:08 UTC 2020
3 ms. Memory: 51200K Free: 32216K (63%)
ptolemy.util.test.WatchDog.cancel(): canceling Mon Jan 13 21:07:08 UTC 2020
auto.tcl: Setting watchdog for 200 seconds at Mon Jan 13 21:07:08 UTC 2020
3 ms. Memory: 51200K Free: 31192K (61%)
ptolemy.util.test.WatchDog.cancel(): canceling Mon Jan 13 21:07:08 UTC 2020
------------------ testing $PTII/ptolemy/domains/de/test/auto/SmartSender.xml
auto.tcl: Setting watchdog for 200 seconds at Mon Jan 13 21:07:08 UTC 2020
3001 ms. Memory: 51200K Free: 31697K (62%)
ptolemy.util.test.WatchDog.cancel(): canceling Mon Jan 13 21:07:11 UTC 2020
auto.tcl: Setting watchdog for 200 seconds at Mon Jan 13 21:07:11 UTC 2020
3001 ms. Memory: 51200K Free: 31187K (61%)
ptolemy.util.test.WatchDog.cancel(): canceling Mon Jan 13 21:07:14 UTC 2020
------------------ testing $PTII/ptolemy/domains/de/test/auto/ThreadedComposite.xml
auto.tcl: Setting watchdog for 200 seconds at Mon Jan 13 21:07:14 UTC 2020
207 ms. Memory: 51200K Free: 12769K (25%)
ptolemy.util.test.WatchDog.cancel(): canceling Mon Jan 13 21:07:15 UTC 2020
auto.tcl: Setting watchdog for 200 seconds at Mon Jan 13 21:07:15 UTC 2020
147 ms. Memory: 51200K Free: 27652K (54%)
ptolemy.util.test.WatchDog.cancel(): canceling Mon Jan 13 21:07:15 UTC 2020
------------------ testing $PTII/ptolemy/domains/de/test/auto/Time.xml
auto.tcl: Setting watchdog for 200 seconds at Mon Jan 13 21:07:15 UTC 2020
574 ms. Memory: 51200K Free: 31363K (61%)
ptolemy.util.test.WatchDog.cancel(): canceling Mon Jan 13 21:07:16 UTC 2020
auto.tcl: Setting watchdog for 200 seconds at Mon Jan 13 21:07:16 UTC 2020
438 ms. Memory: 51200K Free: 33006K (64%)
ptolemy.util.test.WatchDog.cancel(): canceling Mon Jan 13 21:07:16 UTC 2020
------------------ testing $PTII/ptolemy/domains/de/test/auto/TimeDelayZeroDelay.xml
auto.tcl: Setting watchdog for 200 seconds at Mon Jan 13 21:07:16 UTC 2020
2 ms. Memory: 51200K Free: 32142K (63%)
ptolemy.util.test.WatchDog.cancel(): canceling Mon Jan 13 21:07:16 UTC 2020
auto.tcl: Setting watchdog for 200 seconds at Mon Jan 13 21:07:16 UTC 2020
2 ms. Memory: 51200K Free: 31270K (61%)
ptolemy.util.test.WatchDog.cancel(): canceling Mon Jan 13 21:07:16 UTC 2020
------------------ testing $PTII/ptolemy/domains/de/test/auto/TimerZeroDelay.xml
auto.tcl: Setting watchdog for 200 seconds at Mon Jan 13 21:07:16 UTC 2020
2 ms. Memory: 51200K Free: 32185K (63%)
ptolemy.util.test.WatchDog.cancel(): canceling Mon Jan 13 21:07:16 UTC 2020
auto.tcl: Setting watchdog for 200 seconds at Mon Jan 13 21:07:16 UTC 2020
2 ms. Memory: 51200K Free: 31726K (62%)
ptolemy.util.test.WatchDog.cancel(): canceling Mon Jan 13 21:07:16 UTC 2020
------------------ testing $PTII/ptolemy/domains/de/test/auto/TimingParadox.xml
auto.tcl: Setting watchdog for 200 seconds at Mon Jan 13 21:07:16 UTC 2020
375 ms. Memory: 51200K Free: 19757K (39%)
ptolemy.util.test.WatchDog.cancel(): canceling Mon Jan 13 21:07:17 UTC 2020
auto.tcl: Setting watchdog for 200 seconds at Mon Jan 13 21:07:17 UTC 2020
299 ms. Memory: 51200K Free: 10917K (21%)
ptolemy.util.test.WatchDog.cancel(): canceling Mon Jan 13 21:07:17 UTC 2020
------------------ testing $PTII/ptolemy/domains/de/test/auto/TransferInputs.xml
auto.tcl: Setting watchdog for 200 seconds at Mon Jan 13 21:07:17 UTC 2020
2 ms. Memory: 51200K Free: 30652K (60%)
ptolemy.util.test.WatchDog.cancel(): canceling Mon Jan 13 21:07:17 UTC 2020
auto.tcl: Setting watchdog for 200 seconds at Mon Jan 13 21:07:17 UTC 2020
1 ms. Memory: 51200K Free: 29779K (58%)
ptolemy.util.test.WatchDog.cancel(): canceling Mon Jan 13 21:07:17 UTC 2020
------------------ testing $PTII/ptolemy/domains/de/test/auto/TransferOutputs2.xml
auto.tcl: Setting watchdog for 200 seconds at Mon Jan 13 21:07:17 UTC 2020
3 ms. Memory: 51200K Free: 28095K (55%)
ptolemy.util.test.WatchDog.cancel(): canceling Mon Jan 13 21:07:17 UTC 2020
auto.tcl: Setting watchdog for 200 seconds at Mon Jan 13 21:07:17 UTC 2020
3 ms. Memory: 51200K Free: 26680K (52%)
ptolemy.util.test.WatchDog.cancel(): canceling Mon Jan 13 21:07:17 UTC 2020
------------------ testing $PTII/ptolemy/domains/de/test/auto/Trilateration.xml
auto.tcl: Setting watchdog for 200 seconds at Mon Jan 13 21:07:17 UTC 2020
12536 ms. Memory: 503808K Free: 287136K (57%)
ptolemy.util.test.WatchDog.cancel(): canceling Mon Jan 13 21:07:31 UTC 2020
auto.tcl: Setting watchdog for 200 seconds at Mon Jan 13 21:07:31 UTC 2020
9147 ms. Memory: 503808K Free: 316975K (63%)
ptolemy.util.test.WatchDog.cancel(): canceling Mon Jan 13 21:07:40 UTC 2020
------------------ testing $PTII/ptolemy/domains/de/test/auto/TwoSigmaDelta.xml
auto.tcl: Setting watchdog for 200 seconds at Mon Jan 13 21:07:40 UTC 2020
2431 ms. Memory: 92160K Free: 22171K (24%)
ptolemy.util.test.WatchDog.cancel(): canceling Mon Jan 13 21:07:42 UTC 2020
auto.tcl: Setting watchdog for 200 seconds at Mon Jan 13 21:07:42 UTC 2020
1819 ms. Memory: 92160K Free: 24703K (27%)
ptolemy.util.test.WatchDog.cancel(): canceling Mon Jan 13 21:07:44 UTC 2020
------------------ testing $PTII/ptolemy/domains/de/test/auto/VariableDelay.xml
auto.tcl: Setting watchdog for 200 seconds at Mon Jan 13 21:07:44 UTC 2020
2 ms. Memory: 58368K Free: 38300K (66%)
ptolemy.util.test.WatchDog.cancel(): canceling Mon Jan 13 21:07:44 UTC 2020
auto.tcl: Setting watchdog for 200 seconds at Mon Jan 13 21:07:44 UTC 2020
2 ms. Memory: 58368K Free: 37306K (64%)
ptolemy.util.test.WatchDog.cancel(): canceling Mon Jan 13 21:07:44 UTC 2020
------------------ testing $PTII/ptolemy/domains/de/test/auto/VariableDelay2.xml
auto.tcl: Setting watchdog for 200 seconds at Mon Jan 13 21:07:44 UTC 2020
6 ms. Memory: 55296K Free: 35626K (64%)
ptolemy.util.test.WatchDog.cancel(): canceling Mon Jan 13 21:07:44 UTC 2020
auto.tcl: Setting watchdog for 200 seconds at Mon Jan 13 21:07:44 UTC 2020
2 ms. Memory: 55296K Free: 34632K (63%)
ptolemy.util.test.WatchDog.cancel(): canceling Mon Jan 13 21:07:44 UTC 2020
------------------ testing $PTII/ptolemy/domains/de/test/auto/VariableDelayZeroDelay.xml
auto.tcl: Setting watchdog for 200 seconds at Mon Jan 13 21:07:44 UTC 2020
2 ms. Memory: 51200K Free: 32171K (63%)
ptolemy.util.test.WatchDog.cancel(): canceling Mon Jan 13 21:07:44 UTC 2020
auto.tcl: Setting watchdog for 200 seconds at Mon Jan 13 21:07:44 UTC 2020
2 ms. Memory: 51200K Free: 31544K (62%)
ptolemy.util.test.WatchDog.cancel(): canceling Mon Jan 13 21:07:44 UTC 2020
------------------ testing $PTII/ptolemy/domains/de/test/auto/VariableDelayZeroDelay2.xml
auto.tcl: Setting watchdog for 200 seconds at Mon Jan 13 21:07:44 UTC 2020
2 ms. Memory: 51200K Free: 32071K (63%)
ptolemy.util.test.WatchDog.cancel(): canceling Mon Jan 13 21:07:45 UTC 2020
auto.tcl: Setting watchdog for 200 seconds at Mon Jan 13 21:07:45 UTC 2020
2 ms. Memory: 51200K Free: 31050K (61%)
ptolemy.util.test.WatchDog.cancel(): canceling Mon Jan 13 21:07:45 UTC 2020
------------------ testing $PTII/ptolemy/domains/de/test/auto/deInCt.xml
auto.tcl: Setting watchdog for 200 seconds at Mon Jan 13 21:07:45 UTC 2020
0
1
1
1
0
0
0
1
1
1
1
0
0
0
0
1
1
0
0
0
1
1
1
1
1
0
0
0
1
1
1
0
0
0
1
1
1
0
0
0
1
1
1
1
15 ms. Memory: 51200K Free: 31045K (61%)
ptolemy.util.test.WatchDog.cancel(): canceling Mon Jan 13 21:07:45 UTC 2020
auto.tcl: Setting watchdog for 200 seconds at Mon Jan 13 21:07:45 UTC 2020
0
1
1
1
1
1
0
0
0
0
1
1
1
0
0
0
0
1
1
1
1
0
0
1
1
0
0
0
1
1
1
1
1
1
7 ms. Memory: 51200K Free: 29504K (58%)
ptolemy.util.test.WatchDog.cancel(): canceling Mon Jan 13 21:07:45 UTC 2020
------------------ testing $PTII/ptolemy/domains/de/test/auto/deInCt2.xml
auto.tcl: Setting watchdog for 200 seconds at Mon Jan 13 21:07:45 UTC 2020
0
1
1
1
0
0
1
1
1
0
0
1
1
1
0
0
1
1
1
0
0
1
1
1
0
0
1
1
1
0
0
1
1
1
0
0
1
1
1
0
0
0
11 ms. Memory: 51200K Free: 31092K (61%)
ptolemy.util.test.WatchDog.cancel(): canceling Mon Jan 13 21:07:45 UTC 2020
auto.tcl: Setting watchdog for 200 seconds at Mon Jan 13 21:07:45 UTC 2020
0
1
1
1
0
0
1
1
1
0
0
1
1
1
0
0
1
1
1
0
0
1
1
1
0
0
1
1
1
0
0
1
1
1
0
0
1
1
1
0
0
0
8 ms. Memory: 51200K Free: 29495K (58%)
ptolemy.util.test.WatchDog.cancel(): canceling Mon Jan 13 21:07:45 UTC 2020
------------------ testing $PTII/ptolemy/domains/de/test/auto/dynamicCausalityInterface1.xml
auto.tcl: Setting watchdog for 200 seconds at Mon Jan 13 21:07:45 UTC 2020
2 ms. Memory: 51200K Free: 26946K (53%)
ptolemy.util.test.WatchDog.cancel(): canceling Mon Jan 13 21:07:45 UTC 2020
auto.tcl: Setting watchdog for 200 seconds at Mon Jan 13 21:07:45 UTC 2020
0 ms. Memory: 51200K Free: 26432K (52%)
ptolemy.util.test.WatchDog.cancel(): canceling Mon Jan 13 21:07:45 UTC 2020
------------------ testing $PTII/ptolemy/domains/de/test/auto/fsm_de_test.xml
auto.tcl: Setting watchdog for 200 seconds at Mon Jan 13 21:07:45 UTC 2020
10 ms. Memory: 51200K Free: 26844K (52%)
ptolemy.util.test.WatchDog.cancel(): canceling Mon Jan 13 21:07:45 UTC 2020
auto.tcl: Setting watchdog for 200 seconds at Mon Jan 13 21:07:45 UTC 2020
6 ms. Memory: 51200K Free: 24796K (48%)
ptolemy.util.test.WatchDog.cancel(): canceling Mon Jan 13 21:07:45 UTC 2020
------------------ testing $PTII/ptolemy/domains/de/test/auto/functionDependencyReconstruction.xml
auto.tcl: Setting watchdog for 200 seconds at Mon Jan 13 21:07:45 UTC 2020
3 ms. Memory: 51200K Free: 20690K (40%)
ptolemy.util.test.WatchDog.cancel(): canceling Mon Jan 13 21:07:45 UTC 2020
auto.tcl: Setting watchdog for 200 seconds at Mon Jan 13 21:07:45 UTC 2020
3 ms. Memory: 51200K Free: 18642K (36%)
ptolemy.util.test.WatchDog.cancel(): canceling Mon Jan 13 21:07:45 UTC 2020
------------------ testing $PTII/ptolemy/domains/de/test/auto/multirate.xml
auto.tcl: Setting watchdog for 200 seconds at Mon Jan 13 21:07:45 UTC 2020
3 ms. Memory: 51200K Free: 29469K (58%)
ptolemy.util.test.WatchDog.cancel(): canceling Mon Jan 13 21:07:45 UTC 2020
auto.tcl: Setting watchdog for 200 seconds at Mon Jan 13 21:07:45 UTC 2020
3 ms. Memory: 51200K Free: 27739K (54%)
ptolemy.util.test.WatchDog.cancel(): canceling Mon Jan 13 21:07:45 UTC 2020
------------------ testing $PTII/ptolemy/domains/de/test/auto/multirate2.xml
auto.tcl: Setting watchdog for 200 seconds at Mon Jan 13 21:07:45 UTC 2020
2 ms. Memory: 51200K Free: 29454K (58%)
ptolemy.util.test.WatchDog.cancel(): canceling Mon Jan 13 21:07:45 UTC 2020
auto.tcl: Setting watchdog for 200 seconds at Mon Jan 13 21:07:45 UTC 2020
3 ms. Memory: 51200K Free: 27920K (55%)
ptolemy.util.test.WatchDog.cancel(): canceling Mon Jan 13 21:07:45 UTC 2020
------------------ testing $PTII/ptolemy/domains/de/test/auto/realtime.xml
auto.tcl: Setting watchdog for 200 seconds at Mon Jan 13 21:07:45 UTC 2020
10002 ms. Memory: 51200K Free: 31716K (62%)
ptolemy.util.test.WatchDog.cancel(): canceling Mon Jan 13 21:07:55 UTC 2020
auto.tcl: Setting watchdog for 200 seconds at Mon Jan 13 21:07:55 UTC 2020
10002 ms. Memory: 51200K Free: 30991K (61%)
ptolemy.util.test.WatchDog.cancel(): canceling Mon Jan 13 21:08:05 UTC 2020
------------------ testing $PTII/ptolemy/domains/de/test/auto/relationGroup.xml
auto.tcl: Setting watchdog for 200 seconds at Mon Jan 13 21:08:05 UTC 2020
2 ms. Memory: 51200K Free: 32805K (64%)
ptolemy.util.test.WatchDog.cancel(): canceling Mon Jan 13 21:08:05 UTC 2020
auto.tcl: Setting watchdog for 200 seconds at Mon Jan 13 21:08:05 UTC 2020
1 ms. Memory: 51200K Free: 32070K (63%)
ptolemy.util.test.WatchDog.cancel(): canceling Mon Jan 13 21:08:05 UTC 2020
------------------ testing $PTII/ptolemy/domains/de/test/auto/relationGroup2.xml
auto.tcl: Setting watchdog for 200 seconds at Mon Jan 13 21:08:05 UTC 2020
1 ms. Memory: 51200K Free: 32605K (64%)
ptolemy.util.test.WatchDog.cancel(): canceling Mon Jan 13 21:08:05 UTC 2020
auto.tcl: Setting watchdog for 200 seconds at Mon Jan 13 21:08:05 UTC 2020
1 ms. Memory: 51200K Free: 32095K (63%)
ptolemy.util.test.WatchDog.cancel(): canceling Mon Jan 13 21:08:05 UTC 2020
------------------ testing $PTII/ptolemy/domains/de/test/auto/sortWithOpaquePorts.xml
auto.tcl: Setting watchdog for 200 seconds at Mon Jan 13 21:08:05 UTC 2020
1 ms. Memory: 51200K Free: 31583K (62%)
ptolemy.util.test.WatchDog.cancel(): canceling Mon Jan 13 21:08:05 UTC 2020
auto.tcl: Setting watchdog for 200 seconds at Mon Jan 13 21:08:05 UTC 2020
2 ms. Memory: 51200K Free: 30049K (59%)
ptolemy.util.test.WatchDog.cancel(): canceling Mon Jan 13 21:08:05 UTC 2020
------------------ testing $PTII/ptolemy/domains/de/test/auto/transferInputsandOutputs.xml
auto.tcl: Setting watchdog for 200 seconds at Mon Jan 13 21:08:05 UTC 2020
5 ms. Memory: 51200K Free: 29012K (57%)
ptolemy.util.test.WatchDog.cancel(): canceling Mon Jan 13 21:08:05 UTC 2020
auto.tcl: Setting watchdog for 200 seconds at Mon Jan 13 21:08:05 UTC 2020
2 ms. Memory: 51200K Free: 27988K (55%)
ptolemy.util.test.WatchDog.cancel(): canceling Mon Jan 13 21:08:05 UTC 2020
------------------ testing $PTII/ptolemy/domains/de/test/auto/triggerType.xml
auto.tcl: Setting watchdog for 200 seconds at Mon Jan 13 21:08:05 UTC 2020
1 ms. Memory: 51200K Free: 32037K (63%)
ptolemy.util.test.WatchDog.cancel(): canceling Mon Jan 13 21:08:05 UTC 2020
auto.tcl: Setting watchdog for 200 seconds at Mon Jan 13 21:08:05 UTC 2020
2 ms. Memory: 51200K Free: 31013K (61%)
ptolemy.util.test.WatchDog.cancel(): canceling Mon Jan 13 21:08:05 UTC 2020
01/13/20 09:08:05
Failed: 0  Total Tests: 192  ((Passed: 187, Newly Passed: 1)  Known Failed: 5) /home/travis/build/icyphy/ptII/ptolemy/domains/de/test
01/13/20 09:08:05
Failed: 0  Total Tests: 192  ((Passed: 187, Newly Passed: 1)  Known Failed: 5) /home/travis/build/icyphy/ptII/ptolemy/domains/de/test
----------------- testing (KnownFailure) /home/travis/build/icyphy/ptII/ptolemy/domains/de/test/auto/knownFailedTests/DESDFClockTest.xml
2011 ms. Memory: 51200K Free: 24922K (49%)
Known Failure: java.lang.reflect.InvocationTargetException
----------------- testing (KnownFailure) /home/travis/build/icyphy/ptII/ptolemy/domains/de/test/auto/knownFailedTests/DirectFeedback.xml
1 ms. Memory: 51200K Free: 21336K (42%)
Known Failure: java.lang.reflect.InvocationTargetException
----------------- testing (KnownFailure) /home/travis/build/icyphy/ptII/ptolemy/domains/de/test/auto/knownFailedTests/FSMSource.xml
15 ms. Memory: 51200K Free: 13658K (27%)
----------------- testing (KnownFailure) /home/travis/build/icyphy/ptII/ptolemy/domains/de/test/auto/knownFailedTests/HierarchicalModel.xml
2 ms. Memory: 51200K Free: 25932K (51%)
Known Failure: java.lang.reflect.InvocationTargetException
----------------- testing (KnownFailure) /home/travis/build/icyphy/ptII/ptolemy/domains/de/test/auto/knownFailedTests/dependencyLoop.xml
3 ms. Memory: 51200K Free: 10581K (21%)
Known Failure: java.lang.reflect.InvocationTargetException
----------------- testing (KnownFailure) /home/travis/build/icyphy/ptII/ptolemy/domains/de/test/auto/knownFailedTests/dependencyLoop2.xml
6 ms. Memory: 51200K Free: 23487K (46%)
Known Failure: java.lang.reflect.InvocationTargetException
No auto/linux-amd64/*.xml tests in /home/travis/build/icyphy/ptII/ptolemy/domains/de/test
AutoTests.java: About to close Vertx.
AutoTests.java: Vertx closed.

===========================================================================================
----------------- testing Mon Jan 13 21:08:08 UTC 2020 /home/travis/build/icyphy/ptII/ptolemy/domains/de/test/auto/ActorDepthCalculation_actorWithoutPorts.xml
----------------- Instantiating /home/travis/build/icyphy/ptII/ptolemy/domains/de/test/auto/ActorDepthCalculation_actorWithoutPorts.xml
1 ms. Memory: 51200K Free: 16683K (33%)
----------------- Invoking toplevel() on ptolemy.moml.MoMLSimpleApplication@1f7d975
----------------- Done invoking toplevel() on ptolemy.moml.MoMLSimpleApplication@1f7d975
reloadAllAccessors: .ActorDepthCalculation_actorWithoutPorts

===========================================================================================
----------------- testing Mon Jan 13 21:08:08 UTC 2020 /home/travis/build/icyphy/ptII/ptolemy/domains/de/test/auto/AssemblyLine.xml
----------------- Instantiating /home/travis/build/icyphy/ptII/ptolemy/domains/de/test/auto/AssemblyLine.xml
2 ms. Memory: 51200K Free: 9499K (19%)
----------------- Invoking toplevel() on ptolemy.moml.MoMLSimpleApplication@3e810b4d
----------------- Done invoking toplevel() on ptolemy.moml.MoMLSimpleApplication@3e810b4d
reloadAllAccessors: .AssemblyLine

===========================================================================================
----------------- testing Mon Jan 13 21:08:08 UTC 2020 /home/travis/build/icyphy/ptII/ptolemy/domains/de/test/auto/CQBug1.xml
----------------- Instantiating /home/travis/build/icyphy/ptII/ptolemy/domains/de/test/auto/CQBug1.xml
1 ms. Memory: 51200K Free: 34039K (66%)
----------------- Invoking toplevel() on ptolemy.moml.MoMLSimpleApplication@7eb74d7f
----------------- Done invoking toplevel() on ptolemy.moml.MoMLSimpleApplication@7eb74d7f
reloadAllAccessors: .CQBug1

===========================================================================================
----------------- testing Mon Jan 13 21:08:08 UTC 2020 /home/travis/build/icyphy/ptII/ptolemy/domains/de/test/auto/CancelFireAt.xml
----------------- Instantiating /home/travis/build/icyphy/ptII/ptolemy/domains/de/test/auto/CancelFireAt.xml
8 ms. Memory: 51200K Free: 31453K (61%)
----------------- Invoking toplevel() on ptolemy.moml.MoMLSimpleApplication@3c160055
----------------- Done invoking toplevel() on ptolemy.moml.MoMLSimpleApplication@3c160055
reloadAllAccessors: .CancelFireAt

===========================================================================================
----------------- testing Mon Jan 13 21:08:08 UTC 2020 /home/travis/build/icyphy/ptII/ptolemy/domains/de/test/auto/CausalityAndComposabilityAnalysis.xml
----------------- Instantiating /home/travis/build/icyphy/ptII/ptolemy/domains/de/test/auto/CausalityAndComposabilityAnalysis.xml
2 ms. Memory: 51200K Free: 27382K (53%)
----------------- Invoking toplevel() on ptolemy.moml.MoMLSimpleApplication@7374e9bc
----------------- Done invoking toplevel() on ptolemy.moml.MoMLSimpleApplication@7374e9bc
reloadAllAccessors: .CausalityAndComposabilityAnalysis

===========================================================================================
----------------- testing Mon Jan 13 21:08:08 UTC 2020 /home/travis/build/icyphy/ptII/ptolemy/domains/de/test/auto/CausalityInterface1.xml
----------------- Instantiating /home/travis/build/icyphy/ptII/ptolemy/domains/de/test/auto/CausalityInterface1.xml
6 ms. Memory: 51200K Free: 22262K (43%)
----------------- Invoking toplevel() on ptolemy.moml.MoMLSimpleApplication@42ed6a7f
----------------- Done invoking toplevel() on ptolemy.moml.MoMLSimpleApplication@42ed6a7f
reloadAllAccessors: .CausalityInterface1

===========================================================================================
----------------- testing Mon Jan 13 21:08:08 UTC 2020 /home/travis/build/icyphy/ptII/ptolemy/domains/de/test/auto/CausalityInterface15.xml
----------------- Instantiating /home/travis/build/icyphy/ptII/ptolemy/domains/de/test/auto/CausalityInterface15.xml
2 ms. Memory: 51200K Free: 16827K (33%)
----------------- Invoking toplevel() on ptolemy.moml.MoMLSimpleApplication@4594ee5d
----------------- Done invoking toplevel() on ptolemy.moml.MoMLSimpleApplication@4594ee5d
reloadAllAccessors: .CausalityInterface15

===========================================================================================
----------------- testing Mon Jan 13 21:08:08 UTC 2020 /home/travis/build/icyphy/ptII/ptolemy/domains/de/test/auto/CausalityInterface2.xml
----------------- Instantiating /home/travis/build/icyphy/ptII/ptolemy/domains/de/test/auto/CausalityInterface2.xml
1 ms. Memory: 51200K Free: 12022K (23%)
[...]
	at ptolemy.actor.Manager.run(Manager.java:1263)
	at ptolemy.actor.Manager$PtolemyRunThread.run(Manager.java:1933)
java.lang.RuntimeException: Execution failed
	at ptolemy.moml.MoMLSimpleApplication$UnloadThread.run(MoMLSimpleApplication.java:402)
Caused by: ptolemy.kernel.util.IllegalActionException: Actor is not ready to fire.  Perhaps UpSample.prefire() returned false? Try debugging the actor by selecting "Listen to Actor".  Also, for SDF check moml for tokenConsumptionRate on input.
  in .DESDFClockTest.Play Bell.Copy1:SDF Director and .DESDFClockTest.Play Bell.UpSample
	at ptolemy.actor.sched.StaticSchedulingDirector.fire(StaticSchedulingDirector.java:227)
	at ptolemy.domains.sdf.kernel.SDFDirector.fire(SDFDirector.java:500)
	at ptolemy.actor.CompositeActor.fire(CompositeActor.java:455)
	at ptolemy.domains.de.kernel.DEDirector._fire(DEDirector.java:1949)
	at ptolemy.domains.de.kernel.DEDirector.fire(DEDirector.java:502)
	at ptolemy.actor.CompositeActor.fire(CompositeActor.java:455)
	at ptolemy.actor.Manager.iterate(Manager.java:851)
	at ptolemy.actor.Manager.execute(Manager.java:369)
	at ptolemy.actor.Manager.run(Manager.java:1263)
	at ptolemy.actor.Manager$PtolemyRunThread.run(Manager.java:1933)
java.lang.reflect.InvocationTargetException
	at java.base/jdk.internal.reflect.NativeConstructorAccessorImpl.newInstance0(Native Method)
	at java.base/jdk.internal.reflect.NativeConstructorAccessorImpl.newInstance(NativeConstructorAccessorImpl.java:62)
	at java.base/jdk.internal.reflect.DelegatingConstructorAccessorImpl.newInstance(DelegatingConstructorAccessorImpl.java:45)
	at java.base/java.lang.reflect.Constructor.newInstance(Constructor.java:490)
	at ptolemy.util.test.junit.AutoKnownFailedTests.RunModel(AutoKnownFailedTests.java:105)
	at java.base/jdk.internal.reflect.NativeMethodAccessorImpl.invoke0(Native Method)
	at java.base/jdk.internal.reflect.NativeMethodAccessorImpl.invoke(NativeMethodAccessorImpl.java:62)
	at java.base/jdk.internal.reflect.DelegatingMethodAccessorImpl.invoke(DelegatingMethodAccessorImpl.java:43)
	at java.base/java.lang.reflect.Method.invoke(Method.java:566)
	at org.junit.runners.model.FrameworkMethod$1.runReflectiveCall(FrameworkMethod.java:44)
	at org.junit.internal.runners.model.ReflectiveCallable.run(ReflectiveCallable.java:15)
	at org.junit.runners.model.FrameworkMethod.invokeExplosively(FrameworkMethod.java:41)
	at junitparams.internal.InvokeParameterisedMethod.evaluate(InvokeParameterisedMethod.java:102)
	at org.junit.internal.runners.statements.FailOnTimeout$1.run(FailOnTimeout.java:28)
Caused by: ptolemy.kernel.util.IllegalActionException: Actor is not ready to fire.  Perhaps UpSample.prefire() returned false? Try debugging the actor by selecting "Listen to Actor".  Also, for SDF check moml for tokenConsumptionRate on input.
  in .DESDFClockTest.Play Bell.Copy1:SDF Director and .DESDFClockTest.Play Bell.UpSample
	at ptolemy.actor.sched.StaticSchedulingDirector.fire(StaticSchedulingDirector.java:227)
	at ptolemy.domains.sdf.kernel.SDFDirector.fire(SDFDirector.java:500)
	at ptolemy.actor.CompositeActor.fire(CompositeActor.java:455)
	at ptolemy.domains.de.kernel.DEDirector._fire(DEDirector.java:1949)
	at ptolemy.domains.de.kernel.DEDirector.fire(DEDirector.java:502)
	at ptolemy.actor.CompositeActor.fire(CompositeActor.java:455)
	at ptolemy.actor.Manager.iterate(Manager.java:851)
	at ptolemy.actor.Manager.execute(Manager.java:369)
	at ptolemy.actor.Manager.run(Manager.java:1263)
	at ptolemy.actor.Manager$PtolemyRunThread.run(Manager.java:1933)
java.lang.RuntimeException: Execution failed
	at ptolemy.moml.MoMLSimpleApplication$UnloadThread.run(MoMLSimpleApplication.java:402)
Caused by: ptolemy.kernel.util.IllegalActionException: Test fails in iteration 1.
Value was: 1.0. Should have been: 2.0
  in .DirectFeedback.Test
	at ptolemy.actor.lib.Test.fire(Test.java:268)
	at ptolemy.domains.de.kernel.DEDirector._fire(DEDirector.java:1949)
	at ptolemy.domains.de.kernel.DEDirector.fire(DEDirector.java:502)
	at ptolemy.actor.CompositeActor.fire(CompositeActor.java:455)
	at ptolemy.actor.Manager.iterate(Manager.java:851)
	at ptolemy.actor.Manager.execute(Manager.java:369)
	at ptolemy.actor.Manager.run(Manager.java:1263)
	at ptolemy.actor.Manager$PtolemyRunThread.run(Manager.java:1933)
java.lang.reflect.InvocationTargetException
	at java.base/jdk.internal.reflect.NativeConstructorAccessorImpl.newInstance0(Native Method)
	at java.base/jdk.internal.reflect.NativeConstructorAccessorImpl.newInstance(NativeConstructorAccessorImpl.java:62)
	at java.base/jdk.internal.reflect.DelegatingConstructorAccessorImpl.newInstance(DelegatingConstructorAccessorImpl.java:45)
	at java.base/java.lang.reflect.Constructor.newInstance(Constructor.java:490)
	at ptolemy.util.test.junit.AutoKnownFailedTests.RunModel(AutoKnownFailedTests.java:105)
	at java.base/jdk.internal.reflect.NativeMethodAccessorImpl.invoke0(Native Method)
	at java.base/jdk.internal.reflect.NativeMethodAccessorImpl.invoke(NativeMethodAccessorImpl.java:62)
	at java.base/jdk.internal.reflect.DelegatingMethodAccessorImpl.invoke(DelegatingMethodAccessorImpl.java:43)
	at java.base/java.lang.reflect.Method.invoke(Method.java:566)
	at org.junit.runners.model.FrameworkMethod$1.runReflectiveCall(FrameworkMethod.java:44)
	at org.junit.internal.runners.model.ReflectiveCallable.run(ReflectiveCallable.java:15)
	at org.junit.runners.model.FrameworkMethod.invokeExplosively(FrameworkMethod.java:41)
	at junitparams.internal.InvokeParameterisedMethod.evaluate(InvokeParameterisedMethod.java:102)
	at org.junit.internal.runners.statements.FailOnTimeout$1.run(FailOnTimeout.java:28)
Caused by: ptolemy.kernel.util.IllegalActionException: Test fails in iteration 1.
Value was: 1.0. Should have been: 2.0
  in .DirectFeedback.Test
	at ptolemy.actor.lib.Test.fire(Test.java:268)
	at ptolemy.domains.de.kernel.DEDirector._fire(DEDirector.java:1949)
	at ptolemy.domains.de.kernel.DEDirector.fire(DEDirector.java:502)
	at ptolemy.actor.CompositeActor.fire(CompositeActor.java:455)
	at ptolemy.actor.Manager.iterate(Manager.java:851)
	at ptolemy.actor.Manager.execute(Manager.java:369)
	at ptolemy.actor.Manager.run(Manager.java:1263)
	at ptolemy.actor.Manager$PtolemyRunThread.run(Manager.java:1933)
java.lang.RuntimeException: Execution failed
	at ptolemy.moml.MoMLSimpleApplication$UnloadThread.run(MoMLSimpleApplication.java:402)
Caused by: ptolemy.kernel.util.IllegalActionException: Found a zero delay loop containing .HierarchicalModel.A
  in .HierarchicalModel and .HierarchicalModel.A
	at ptolemy.actor.util.CausalityInterfaceForComposites._computeOutputPortDepth(CausalityInterfaceForComposites.java:759)
	at ptolemy.actor.util.CausalityInterfaceForComposites._computeInputDepth(CausalityInterfaceForComposites.java:696)
	at ptolemy.actor.util.CausalityInterfaceForComposites._computeOutputPortDepth(CausalityInterfaceForComposites.java:765)
	at ptolemy.actor.util.CausalityInterfaceForComposites._computeInputDepth(CausalityInterfaceForComposites.java:696)
	at ptolemy.actor.util.CausalityInterfaceForComposites._computeOutputPortDepth(CausalityInterfaceForComposites.java:765)
	at ptolemy.actor.util.CausalityInterfaceForComposites._computeInputDepth(CausalityInterfaceForComposites.java:696)
	at ptolemy.actor.util.CausalityInterfaceForComposites._computeActorDepth(CausalityInterfaceForComposites.java:532)
	at ptolemy.actor.util.CausalityInterfaceForComposites.checkForCycles(CausalityInterfaceForComposites.java:96)
	at ptolemy.domains.de.kernel.DEDirector.preinitialize(DEDirector.java:1338)
	at ptolemy.actor.CompositeActor.preinitialize(CompositeActor.java:1828)
	at ptolemy.actor.Manager.preinitializeAndResolveTypes(Manager.java:1040)
	at ptolemy.actor.Manager.initialize(Manager.java:710)
	at ptolemy.actor.Manager.execute(Manager.java:356)
	at ptolemy.actor.Manager.run(Manager.java:1263)
	at ptolemy.actor.Manager$PtolemyRunThread.run(Manager.java:1933)
java.lang.reflect.InvocationTargetException
	at java.base/jdk.internal.reflect.NativeConstructorAccessorImpl.newInstance0(Native Method)
	at java.base/jdk.internal.reflect.NativeConstructorAccessorImpl.newInstance(NativeConstructorAccessorImpl.java:62)
	at java.base/jdk.internal.reflect.DelegatingConstructorAccessorImpl.newInstance(DelegatingConstructorAccessorImpl.java:45)
	at java.base/java.lang.reflect.Constructor.newInstance(Constructor.java:490)
	at ptolemy.util.test.junit.AutoKnownFailedTests.RunModel(AutoKnownFailedTests.java:105)
	at java.base/jdk.internal.reflect.NativeMethodAccessorImpl.invoke0(Native Method)
	at java.base/jdk.internal.reflect.NativeMethodAccessorImpl.invoke(NativeMethodAccessorImpl.java:62)
	at java.base/jdk.internal.reflect.DelegatingMethodAccessorImpl.invoke(DelegatingMethodAccessorImpl.java:43)
	at java.base/java.lang.reflect.Method.invoke(Method.java:566)
	at org.junit.runners.model.FrameworkMethod$1.runReflectiveCall(FrameworkMethod.java:44)
	at org.junit.internal.runners.model.ReflectiveCallable.run(ReflectiveCallable.java:15)
	at org.junit.runners.model.FrameworkMethod.invokeExplosively(FrameworkMethod.java:41)
	at junitparams.internal.InvokeParameterisedMethod.evaluate(InvokeParameterisedMethod.java:102)
	at org.junit.internal.runners.statements.FailOnTimeout$1.run(FailOnTimeout.java:28)
Caused by: ptolemy.kernel.util.IllegalActionException: Found a zero delay loop containing .HierarchicalModel.A
  in .HierarchicalModel and .HierarchicalModel.A
	at ptolemy.actor.util.CausalityInterfaceForComposites._computeOutputPortDepth(CausalityInterfaceForComposites.java:759)
	at ptolemy.actor.util.CausalityInterfaceForComposites._computeInputDepth(CausalityInterfaceForComposites.java:696)
	at ptolemy.actor.util.CausalityInterfaceForComposites._computeOutputPortDepth(CausalityInterfaceForComposites.java:765)
	at ptolemy.actor.util.CausalityInterfaceForComposites._computeInputDepth(CausalityInterfaceForComposites.java:696)
	at ptolemy.actor.util.CausalityInterfaceForComposites._computeOutputPortDepth(CausalityInterfaceForComposites.java:765)
	at ptolemy.actor.util.CausalityInterfaceForComposites._computeInputDepth(CausalityInterfaceForComposites.java:696)
	at ptolemy.actor.util.CausalityInterfaceForComposites._computeActorDepth(CausalityInterfaceForComposites.java:532)
	at ptolemy.actor.util.CausalityInterfaceForComposites.checkForCycles(CausalityInterfaceForComposites.java:96)
	at ptolemy.domains.de.kernel.DEDirector.preinitialize(DEDirector.java:1338)
	at ptolemy.actor.CompositeActor.preinitialize(CompositeActor.java:1828)
	at ptolemy.actor.Manager.preinitializeAndResolveTypes(Manager.java:1040)
	at ptolemy.actor.Manager.initialize(Manager.java:710)
	at ptolemy.actor.Manager.execute(Manager.java:356)
	at ptolemy.actor.Manager.run(Manager.java:1263)
	at ptolemy.actor.Manager$PtolemyRunThread.run(Manager.java:1933)
java.lang.RuntimeException: Execution failed
	at ptolemy.moml.MoMLSimpleApplication$UnloadThread.run(MoMLSimpleApplication.java:402)
Caused by: ptolemy.kernel.util.IllegalActionException: Found a zero delay loop containing .dependencyLoop.original
  in .dependencyLoop and .dependencyLoop.original
	at ptolemy.actor.util.CausalityInterfaceForComposites._computeOutputPortDepth(CausalityInterfaceForComposites.java:759)
	at ptolemy.actor.util.CausalityInterfaceForComposites._computeInputDepth(CausalityInterfaceForComposites.java:696)
	at ptolemy.actor.util.CausalityInterfaceForComposites._computeOutputPortDepth(CausalityInterfaceForComposites.java:765)
	at ptolemy.actor.util.CausalityInterfaceForComposites._computeInputDepth(CausalityInterfaceForComposites.java:696)
	at ptolemy.actor.util.CausalityInterfaceForComposites._computeOutputPortDepth(CausalityInterfaceForComposites.java:765)
	at ptolemy.actor.util.CausalityInterfaceForComposites._computeInputDepth(CausalityInterfaceForComposites.java:696)
	at ptolemy.actor.util.CausalityInterfaceForComposites._computeActorDepth(CausalityInterfaceForComposites.java:532)
	at ptolemy.actor.util.CausalityInterfaceForComposites.checkForCycles(CausalityInterfaceForComposites.java:96)
	at ptolemy.domains.de.kernel.DEDirector.preinitialize(DEDirector.java:1338)
	at ptolemy.actor.CompositeActor.preinitialize(CompositeActor.java:1828)
	at ptolemy.actor.Manager.preinitializeAndResolveTypes(Manager.java:1040)
	at ptolemy.actor.Manager.initialize(Manager.java:710)
	at ptolemy.actor.Manager.execute(Manager.java:356)
	at ptolemy.actor.Manager.run(Manager.java:1263)
	at ptolemy.actor.Manager$PtolemyRunThread.run(Manager.java:1933)
java.lang.reflect.InvocationTargetException
	at java.base/jdk.internal.reflect.NativeConstructorAccessorImpl.newInstance0(Native Method)
	at java.base/jdk.internal.reflect.NativeConstructorAccessorImpl.newInstance(NativeConstructorAccessorImpl.java:62)
	at java.base/jdk.internal.reflect.DelegatingConstructorAccessorImpl.newInstance(DelegatingConstructorAccessorImpl.java:45)
	at java.base/java.lang.reflect.Constructor.newInstance(Constructor.java:490)
	at ptolemy.util.test.junit.AutoKnownFailedTests.RunModel(AutoKnownFailedTests.java:105)
	at java.base/jdk.internal.reflect.NativeMethodAccessorImpl.invoke0(Native Method)
	at java.base/jdk.internal.reflect.NativeMethodAccessorImpl.invoke(NativeMethodAccessorImpl.java:62)
	at java.base/jdk.internal.reflect.DelegatingMethodAccessorImpl.invoke(DelegatingMethodAccessorImpl.java:43)
	at java.base/java.lang.reflect.Method.invoke(Method.java:566)
	at org.junit.runners.model.FrameworkMethod$1.runReflectiveCall(FrameworkMethod.java:44)
	at org.junit.internal.runners.model.ReflectiveCallable.run(ReflectiveCallable.java:15)
	at org.junit.runners.model.FrameworkMethod.invokeExplosively(FrameworkMethod.java:41)
	at junitparams.internal.InvokeParameterisedMethod.evaluate(InvokeParameterisedMethod.java:102)
	at org.junit.internal.runners.statements.FailOnTimeout$1.run(FailOnTimeout.java:28)
Caused by: ptolemy.kernel.util.IllegalActionException: Found a zero delay loop containing .dependencyLoop.original
  in .dependencyLoop and .dependencyLoop.original
	at ptolemy.actor.util.CausalityInterfaceForComposites._computeOutputPortDepth(CausalityInterfaceForComposites.java:759)
	at ptolemy.actor.util.CausalityInterfaceForComposites._computeInputDepth(CausalityInterfaceForComposites.java:696)
	at ptolemy.actor.util.CausalityInterfaceForComposites._computeOutputPortDepth(CausalityInterfaceForComposites.java:765)
	at ptolemy.actor.util.CausalityInterfaceForComposites._computeInputDepth(CausalityInterfaceForComposites.java:696)
	at ptolemy.actor.util.CausalityInterfaceForComposites._computeOutputPortDepth(CausalityInterfaceForComposites.java:765)
	at ptolemy.actor.util.CausalityInterfaceForComposites._computeInputDepth(CausalityInterfaceForComposites.java:696)
	at ptolemy.actor.util.CausalityInterfaceForComposites._computeActorDepth(CausalityInterfaceForComposites.java:532)
	at ptolemy.actor.util.CausalityInterfaceForComposites.checkForCycles(CausalityInterfaceForComposites.java:96)
	at ptolemy.domains.de.kernel.DEDirector.preinitialize(DEDirector.java:1338)
	at ptolemy.actor.CompositeActor.preinitialize(CompositeActor.java:1828)
	at ptolemy.actor.Manager.preinitializeAndResolveTypes(Manager.java:1040)
	at ptolemy.actor.Manager.initialize(Manager.java:710)
	at ptolemy.actor.Manager.execute(Manager.java:356)
	at ptolemy.actor.Manager.run(Manager.java:1263)
	at ptolemy.actor.Manager$PtolemyRunThread.run(Manager.java:1933)
java.lang.RuntimeException: Execution failed
	at ptolemy.moml.MoMLSimpleApplication$UnloadThread.run(MoMLSimpleApplication.java:402)
Caused by: ptolemy.kernel.util.IllegalActionException: Found a zero delay loop containing .dependencyLoop2.original
  in .dependencyLoop2 and .dependencyLoop2.original
	at ptolemy.actor.util.CausalityInterfaceForComposites._computeOutputPortDepth(CausalityInterfaceForComposites.java:759)
	at ptolemy.actor.util.CausalityInterfaceForComposites._computeInputDepth(CausalityInterfaceForComposites.java:696)
	at ptolemy.actor.util.CausalityInterfaceForComposites._computeOutputPortDepth(CausalityInterfaceForComposites.java:765)
	at ptolemy.actor.util.CausalityInterfaceForComposites._computeInputDepth(CausalityInterfaceForComposites.java:696)
	at ptolemy.actor.util.CausalityInterfaceForComposites._computeOutputPortDepth(CausalityInterfaceForComposites.java:765)
	at ptolemy.actor.util.CausalityInterfaceForComposites._computeInputDepth(CausalityInterfaceForComposites.java:696)
	at ptolemy.actor.util.CausalityInterfaceForComposites._computeActorDepth(CausalityInterfaceForComposites.java:532)
	at ptolemy.actor.util.CausalityInterfaceForComposites.checkForCycles(CausalityInterfaceForComposites.java:96)
	at ptolemy.domains.de.kernel.DEDirector.preinitialize(DEDirector.java:1338)
	at ptolemy.actor.CompositeActor.preinitialize(CompositeActor.java:1828)
	at ptolemy.actor.Manager.preinitializeAndResolveTypes(Manager.java:1040)
	at ptolemy.actor.Manager.initialize(Manager.java:710)
	at ptolemy.actor.Manager.execute(Manager.java:356)
	at ptolemy.actor.Manager.run(Manager.java:1263)
	at ptolemy.actor.Manager$PtolemyRunThread.run(Manager.java:1933)
java.lang.reflect.InvocationTargetException
	at java.base/jdk.internal.reflect.NativeConstructorAccessorImpl.newInstance0(Native Method)
	at java.base/jdk.internal.reflect.NativeConstructorAccessorImpl.newInstance(NativeConstructorAccessorImpl.java:62)
	at java.base/jdk.internal.reflect.DelegatingConstructorAccessorImpl.newInstance(DelegatingConstructorAccessorImpl.java:45)
	at java.base/java.lang.reflect.Constructor.newInstance(Constructor.java:490)
	at ptolemy.util.test.junit.AutoKnownFailedTests.RunModel(AutoKnownFailedTests.java:105)
	at java.base/jdk.internal.reflect.NativeMethodAccessorImpl.invoke0(Native Method)
	at java.base/jdk.internal.reflect.NativeMethodAccessorImpl.invoke(NativeMethodAccessorImpl.java:62)
	at java.base/jdk.internal.reflect.DelegatingMethodAccessorImpl.invoke(DelegatingMethodAccessorImpl.java:43)
	at java.base/java.lang.reflect.Method.invoke(Method.java:566)
	at org.junit.runners.model.FrameworkMethod$1.runReflectiveCall(FrameworkMethod.java:44)
	at org.junit.internal.runners.model.ReflectiveCallable.run(ReflectiveCallable.java:15)
	at org.junit.runners.model.FrameworkMethod.invokeExplosively(FrameworkMethod.java:41)
	at junitparams.internal.InvokeParameterisedMethod.evaluate(InvokeParameterisedMethod.java:102)
	at org.junit.internal.runners.statements.FailOnTimeout$1.run(FailOnTimeout.java:28)
Caused by: ptolemy.kernel.util.IllegalActionException: Found a zero delay loop containing .dependencyLoop2.original
  in .dependencyLoop2 and .dependencyLoop2.original
	at ptolemy.actor.util.CausalityInterfaceForComposites._computeOutputPortDepth(CausalityInterfaceForComposites.java:759)
	at ptolemy.actor.util.CausalityInterfaceForComposites._computeInputDepth(CausalityInterfaceForComposites.java:696)
	at ptolemy.actor.util.CausalityInterfaceForComposites._computeOutputPortDepth(CausalityInterfaceForComposites.java:765)
	at ptolemy.actor.util.CausalityInterfaceForComposites._computeInputDepth(CausalityInterfaceForComposites.java:696)
	at ptolemy.actor.util.CausalityInterfaceForComposites._computeOutputPortDepth(CausalityInterfaceForComposites.java:765)
	at ptolemy.actor.util.CausalityInterfaceForComposites._computeInputDepth(CausalityInterfaceForComposites.java:696)
	at ptolemy.actor.util.CausalityInterfaceForComposites._computeActorDepth(CausalityInterfaceForComposites.java:532)
	at ptolemy.actor.util.CausalityInterfaceForComposites.checkForCycles(CausalityInterfaceForComposites.java:96)
	at ptolemy.domains.de.kernel.DEDirector.preinitialize(DEDirector.java:1338)
	at ptolemy.actor.CompositeActor.preinitialize(CompositeActor.java:1828)
	at ptolemy.actor.Manager.preinitializeAndResolveTypes(Manager.java:1040)
	at ptolemy.actor.Manager.initialize(Manager.java:710)
	at ptolemy.actor.Manager.execute(Manager.java:356)
	at ptolemy.actor.Manager.run(Manager.java:1263)
	at ptolemy.actor.Manager$PtolemyRunThread.run(Manager.java:1933)
]]></system-err>
</testsuite>
