<?xml version="1.0" encoding="UTF-8" ?>
<testsuite errors="0" failures="0" hostname="travis-job-fcf96c45-8151-4341-aa03-2947ce2790dd" name="ptolemy.domains.continuous.test.junit.JUnitTclTest" skipped="0" tests="156" time="69.659" timestamp="2020-10-02T15:40:25">
  <properties>
[...]
</properties>
  <testcase classname="ptolemy.util.test.junit.TclTests" name="[0] ThereAreNoTclTests (RunTclFile)" time="0.017" />
  <testcase classname="ptolemy.util.test.junit.AutoKnownFailedTests" name="[0] ThereAreNoKnowFailedTests (RunModel)" time="0.006" />
  <testcase classname="ptolemy.util.test.junit.AutoNameArchTests" name="[0] ThereAreNoAutoArchTests (RunModel)" time="0.023" />
  <testcase classname="ptolemy.util.test.junit.AutoTests" name="[0] /home/travis/build/icyphy/ptII/ptolemy/domains/continuous/test/auto/BouncingBall.xml (RunModel)" time="2.985" />
  <testcase classname="ptolemy.util.test.junit.AutoTests" name="[1] /home/travis/build/icyphy/ptII/ptolemy/domains/continuous/test/auto/BouncingBallWithoutGR.xml (RunModel)" time="0.923" />
  <testcase classname="ptolemy.util.test.junit.AutoTests" name="[2] /home/travis/build/icyphy/ptII/ptolemy/domains/continuous/test/auto/Brownian.xml (RunModel)" time="0.139" />
  <testcase classname="ptolemy.util.test.junit.AutoTests" name="[3] /home/travis/build/icyphy/ptII/ptolemy/domains/continuous/test/auto/CarTracking.xml (RunModel)" time="4.196" />
  <testcase classname="ptolemy.util.test.junit.AutoTests" name="[4] /home/travis/build/icyphy/ptII/ptolemy/domains/continuous/test/auto/CartPendulum.xml (RunModel)" time="0.52" />
  <testcase classname="ptolemy.util.test.junit.AutoTests" name="[5] /home/travis/build/icyphy/ptII/ptolemy/domains/continuous/test/auto/CausalityInterface10.xml (RunModel)" time="0.044" />
  <testcase classname="ptolemy.util.test.junit.AutoTests" name="[6] /home/travis/build/icyphy/ptII/ptolemy/domains/continuous/test/auto/CausalityInterface11.xml (RunModel)" time="0.027" />
  <testcase classname="ptolemy.util.test.junit.AutoTests" name="[7] /home/travis/build/icyphy/ptII/ptolemy/domains/continuous/test/auto/CausalityInterface12.xml (RunModel)" time="0.038" />
  <testcase classname="ptolemy.util.test.junit.AutoTests" name="[8] /home/travis/build/icyphy/ptII/ptolemy/domains/continuous/test/auto/CausalityInterface13.xml (RunModel)" time="0.025" />
  <testcase classname="ptolemy.util.test.junit.AutoTests" name="[9] /home/travis/build/icyphy/ptII/ptolemy/domains/continuous/test/auto/CausalityInterface14.xml (RunModel)" time="0.032" />
  <testcase classname="ptolemy.util.test.junit.AutoTests" name="[10] /home/travis/build/icyphy/ptII/ptolemy/domains/continuous/test/auto/CausalityInterface4.xml (RunModel)" time="0.024" />
  <testcase classname="ptolemy.util.test.junit.AutoTests" name="[11] /home/travis/build/icyphy/ptII/ptolemy/domains/continuous/test/auto/CausalityInterface5.xml (RunModel)" time="0.034" />
  <testcase classname="ptolemy.util.test.junit.AutoTests" name="[12] /home/travis/build/icyphy/ptII/ptolemy/domains/continuous/test/auto/CausalityInterface6.xml (RunModel)" time="0.028" />
  <testcase classname="ptolemy.util.test.junit.AutoTests" name="[13] /home/travis/build/icyphy/ptII/ptolemy/domains/continuous/test/auto/CausalityInterface7.xml (RunModel)" time="0.045" />
  <testcase classname="ptolemy.util.test.junit.AutoTests" name="[14] /home/travis/build/icyphy/ptII/ptolemy/domains/continuous/test/auto/CausalityInterface8.xml (RunModel)" time="0.045" />
  <testcase classname="ptolemy.util.test.junit.AutoTests" name="[15] /home/travis/build/icyphy/ptII/ptolemy/domains/continuous/test/auto/CausalityInterface9.xml (RunModel)" time="0.071" />
  <testcase classname="ptolemy.util.test.junit.AutoTests" name="[16] /home/travis/build/icyphy/ptII/ptolemy/domains/continuous/test/auto/CausalityInterfaceFeedback1.xml (RunModel)" time="0.065" />
  <testcase classname="ptolemy.util.test.junit.AutoTests" name="[17] /home/travis/build/icyphy/ptII/ptolemy/domains/continuous/test/auto/CausalityInterfaceFeedback2.xml (RunModel)" time="0.037" />
  <testcase classname="ptolemy.util.test.junit.AutoTests" name="[18] /home/travis/build/icyphy/ptII/ptolemy/domains/continuous/test/auto/CompareWithCurrentTime.xml (RunModel)" time="0.018" />
  <testcase classname="ptolemy.util.test.junit.AutoTests" name="[19] /home/travis/build/icyphy/ptII/ptolemy/domains/continuous/test/auto/ComparedClocks.xml (RunModel)" time="0.07" />
  <testcase classname="ptolemy.util.test.junit.AutoTests" name="[20] /home/travis/build/icyphy/ptII/ptolemy/domains/continuous/test/auto/ContinuousAOCClone.xml (RunModel)" time="2.519" />
  <testcase classname="ptolemy.util.test.junit.AutoTests" name="[21] /home/travis/build/icyphy/ptII/ptolemy/domains/continuous/test/auto/ContinuousClock.xml (RunModel)" time="0.107" />
  <testcase classname="ptolemy.util.test.junit.AutoTests" name="[22] /home/travis/build/icyphy/ptII/ptolemy/domains/continuous/test/auto/ContinuousInContinuous.xml (RunModel)" time="0.074" />
  <testcase classname="ptolemy.util.test.junit.AutoTests" name="[23] /home/travis/build/icyphy/ptII/ptolemy/domains/continuous/test/auto/ContinuousInContinuousInContinuous.xml (RunModel)" time="0.026" />
  <testcase classname="ptolemy.util.test.junit.AutoTests" name="[24] /home/travis/build/icyphy/ptII/ptolemy/domains/continuous/test/auto/ContinuousInDE.xml (RunModel)" time="0.111" />
  <testcase classname="ptolemy.util.test.junit.AutoTests" name="[25] /home/travis/build/icyphy/ptII/ptolemy/domains/continuous/test/auto/ContinuousInDE2.xml (RunModel)" time="0.056" />
  <testcase classname="ptolemy.util.test.junit.AutoTests" name="[26] /home/travis/build/icyphy/ptII/ptolemy/domains/continuous/test/auto/ContinuousInDE3.xml (RunModel)" time="0.059" />
  <testcase classname="ptolemy.util.test.junit.AutoTests" name="[27] /home/travis/build/icyphy/ptII/ptolemy/domains/continuous/test/auto/ContinuousInDE4.xml (RunModel)" time="0.033" />
  <testcase classname="ptolemy.util.test.junit.AutoTests" name="[28] /home/travis/build/icyphy/ptII/ptolemy/domains/continuous/test/auto/ContinuousInDEDifferentRefinements.xml (RunModel)" time="0.107" />
  <testcase classname="ptolemy.util.test.junit.AutoTests" name="[29] /home/travis/build/icyphy/ptII/ptolemy/domains/continuous/test/auto/ContinuousInDEDifferentRefinementsPreemptive.xml (RunModel)" time="0.09" />
  <testcase classname="ptolemy.util.test.junit.AutoTests" name="[30] /home/travis/build/icyphy/ptII/ptolemy/domains/continuous/test/auto/ContinuousInDEInContinuous2.xml (RunModel)" time="0.065" />
  <testcase classname="ptolemy.util.test.junit.AutoTests" name="[31] /home/travis/build/icyphy/ptII/ptolemy/domains/continuous/test/auto/ContinuousInDEInContinuous3.xml (RunModel)" time="0.06" />
  <testcase classname="ptolemy.util.test.junit.AutoTests" name="[32] /home/travis/build/icyphy/ptII/ptolemy/domains/continuous/test/auto/ContinuousInDEInput.xml (RunModel)" time="0.039" />
  <testcase classname="ptolemy.util.test.junit.AutoTests" name="[33] /home/travis/build/icyphy/ptII/ptolemy/domains/continuous/test/auto/ContinuousInDEInput2.xml (RunModel)" time="0.032" />
  <testcase classname="ptolemy.util.test.junit.AutoTests" name="[34] /home/travis/build/icyphy/ptII/ptolemy/domains/continuous/test/auto/ContinuousInDEInput3.xml (RunModel)" time="0.029" />
  <testcase classname="ptolemy.util.test.junit.AutoTests" name="[35] /home/travis/build/icyphy/ptII/ptolemy/domains/continuous/test/auto/ContinuousInDESharingRefinement.xml (RunModel)" time="0.176" />
  <testcase classname="ptolemy.util.test.junit.AutoTests" name="[36] /home/travis/build/icyphy/ptII/ptolemy/domains/continuous/test/auto/ContinuousInDEwithNoPorts.xml (RunModel)" time="0.019" />
  <testcase classname="ptolemy.util.test.junit.AutoTests" name="[37] /home/travis/build/icyphy/ptII/ptolemy/domains/continuous/test/auto/ContinuousInsideDE.xml (RunModel)" time="0.069" />
  <testcase classname="ptolemy.util.test.junit.AutoTests" name="[38] /home/travis/build/icyphy/ptII/ptolemy/domains/continuous/test/auto/ContinuousMerge1.xml (RunModel)" time="0.018" />
  <testcase classname="ptolemy.util.test.junit.AutoTests" name="[39] /home/travis/build/icyphy/ptII/ptolemy/domains/continuous/test/auto/ContinuousMerge2.xml (RunModel)" time="0.046" />
  <testcase classname="ptolemy.util.test.junit.AutoTests" name="[40] /home/travis/build/icyphy/ptII/ptolemy/domains/continuous/test/auto/ContinuousMerge3.xml (RunModel)" time="0.061" />
  <testcase classname="ptolemy.util.test.junit.AutoTests" name="[41] /home/travis/build/icyphy/ptII/ptolemy/domains/continuous/test/auto/ContinuousWithinContinuous.xml (RunModel)" time="0.048" />
  <testcase classname="ptolemy.util.test.junit.AutoTests" name="[42] /home/travis/build/icyphy/ptII/ptolemy/domains/continuous/test/auto/ContinuousWithinContinuous2.xml (RunModel)" time="0.075" />
  <testcase classname="ptolemy.util.test.junit.AutoTests" name="[43] /home/travis/build/icyphy/ptII/ptolemy/domains/continuous/test/auto/ContinuousWithinContinuous3.xml (RunModel)" time="0.027" />
  <testcase classname="ptolemy.util.test.junit.AutoTests" name="[44] /home/travis/build/icyphy/ptII/ptolemy/domains/continuous/test/auto/ContinuousWithinContinuous4.xml (RunModel)" time="0.079" />
  <testcase classname="ptolemy.util.test.junit.AutoTests" name="[45] /home/travis/build/icyphy/ptII/ptolemy/domains/continuous/test/auto/ContinuousWithinContinuous5.xml (RunModel)" time="0.033" />
  <testcase classname="ptolemy.util.test.junit.AutoTests" name="[46] /home/travis/build/icyphy/ptII/ptolemy/domains/continuous/test/auto/ContinuousWithinContinuous6.xml (RunModel)" time="0.031" />
  <testcase classname="ptolemy.util.test.junit.AutoTests" name="[47] /home/travis/build/icyphy/ptII/ptolemy/domains/continuous/test/auto/ContinuousWithinContinuous7.xml (RunModel)" time="0.061" />
  <testcase classname="ptolemy.util.test.junit.AutoTests" name="[48] /home/travis/build/icyphy/ptII/ptolemy/domains/continuous/test/auto/DCMotor.xml (RunModel)" time="12.574" />
  <testcase classname="ptolemy.util.test.junit.AutoTests" name="[49] /home/travis/build/icyphy/ptII/ptolemy/domains/continuous/test/auto/DEInContinuous.xml (RunModel)" time="0.029" />
  <testcase classname="ptolemy.util.test.junit.AutoTests" name="[50] /home/travis/build/icyphy/ptII/ptolemy/domains/continuous/test/auto/DEinContinuous2.xml (RunModel)" time="0.028" />
  <testcase classname="ptolemy.util.test.junit.AutoTests" name="[51] /home/travis/build/icyphy/ptII/ptolemy/domains/continuous/test/auto/Derivative.xml (RunModel)" time="0.171" />
  <testcase classname="ptolemy.util.test.junit.AutoTests" name="[52] /home/travis/build/icyphy/ptII/ptolemy/domains/continuous/test/auto/Derivative1.xml (RunModel)" time="0.049" />
  <testcase classname="ptolemy.util.test.junit.AutoTests" name="[53] /home/travis/build/icyphy/ptII/ptolemy/domains/continuous/test/auto/DiscreteClock.xml (RunModel)" time="0.013" />
  <testcase classname="ptolemy.util.test.junit.AutoTests" name="[54] /home/travis/build/icyphy/ptII/ptolemy/domains/continuous/test/auto/EfficiencyCurve.xml (RunModel)" time="0.115" />
  <testcase classname="ptolemy.util.test.junit.AutoTests" name="[55] /home/travis/build/icyphy/ptII/ptolemy/domains/continuous/test/auto/ExponentialResponse.xml (RunModel)" time="0.105" />
  <testcase classname="ptolemy.util.test.junit.AutoTests" name="[56] /home/travis/build/icyphy/ptII/ptolemy/domains/continuous/test/auto/ExponentialResponseRK45.xml (RunModel)" time="0.03" />
  <testcase classname="ptolemy.util.test.junit.AutoTests" name="[57] /home/travis/build/icyphy/ptII/ptolemy/domains/continuous/test/auto/Friction.xml (RunModel)" time="1.55" />
  <testcase classname="ptolemy.util.test.junit.AutoTests" name="[58] /home/travis/build/icyphy/ptII/ptolemy/domains/continuous/test/auto/FurutaPendulum.xml (RunModel)" time="3.004" />
  <testcase classname="ptolemy.util.test.junit.AutoTests" name="[59] /home/travis/build/icyphy/ptII/ptolemy/domains/continuous/test/auto/HierarchicalExecution.xml (RunModel)" time="1.848" />
  <testcase classname="ptolemy.util.test.junit.AutoTests" name="[60] /home/travis/build/icyphy/ptII/ptolemy/domains/continuous/test/auto/HybridPlant.xml (RunModel)" time="0.536" />
  <testcase classname="ptolemy.util.test.junit.AutoTests" name="[61] /home/travis/build/icyphy/ptII/ptolemy/domains/continuous/test/auto/Hysteresis.xml (RunModel)" time="0.182" />
  <testcase classname="ptolemy.util.test.junit.AutoTests" name="[62] /home/travis/build/icyphy/ptII/ptolemy/domains/continuous/test/auto/HysteresisWithRandomDelay.xml (RunModel)" time="0.234" />
  <testcase classname="ptolemy.util.test.junit.AutoTests" name="[63] /home/travis/build/icyphy/ptII/ptolemy/domains/continuous/test/auto/HysteresisWithRandomLosses.xml (RunModel)" time="2.307" />
  <testcase classname="ptolemy.util.test.junit.AutoTests" name="[64] /home/travis/build/icyphy/ptII/ptolemy/domains/continuous/test/auto/ImmediateTransitions.xml (RunModel)" time="0.04" />
  <testcase classname="ptolemy.util.test.junit.AutoTests" name="[65] /home/travis/build/icyphy/ptII/ptolemy/domains/continuous/test/auto/ImpulseFeedback.xml (RunModel)" time="0.02" />
  <testcase classname="ptolemy.util.test.junit.AutoTests" name="[66] /home/travis/build/icyphy/ptII/ptolemy/domains/continuous/test/auto/ImpulseFeedback2.xml (RunModel)" time="0.02" />
  <testcase classname="ptolemy.util.test.junit.AutoTests" name="[67] /home/travis/build/icyphy/ptII/ptolemy/domains/continuous/test/auto/IncreasingRatePoisson.xml (RunModel)" time="0.693" />
  <testcase classname="ptolemy.util.test.junit.AutoTests" name="[68] /home/travis/build/icyphy/ptII/ptolemy/domains/continuous/test/auto/InitialStateFeedback.xml (RunModel)" time="0.015" />
  <testcase classname="ptolemy.util.test.junit.AutoTests" name="[69] /home/travis/build/icyphy/ptII/ptolemy/domains/continuous/test/auto/Integration.xml (RunModel)" time="0.01" />
  <testcase classname="ptolemy.util.test.junit.AutoTests" name="[70] /home/travis/build/icyphy/ptII/ptolemy/domains/continuous/test/auto/Integration2.xml (RunModel)" time="0.073" />
  <testcase classname="ptolemy.util.test.junit.AutoTests" name="[71] /home/travis/build/icyphy/ptII/ptolemy/domains/continuous/test/auto/Integration3.xml (RunModel)" time="0.011" />
  <testcase classname="ptolemy.util.test.junit.AutoTests" name="[72] /home/travis/build/icyphy/ptII/ptolemy/domains/continuous/test/auto/Integration5.xml (RunModel)" time="0.009" />
  <testcase classname="ptolemy.util.test.junit.AutoTests" name="[73] /home/travis/build/icyphy/ptII/ptolemy/domains/continuous/test/auto/IntegratorImpulse.xml (RunModel)" time="0.01" />
  <testcase classname="ptolemy.util.test.junit.AutoTests" name="[74] /home/travis/build/icyphy/ptII/ptolemy/domains/continuous/test/auto/IntegratorImpulse2.xml (RunModel)" time="0.01" />
  <testcase classname="ptolemy.util.test.junit.AutoTests" name="[75] /home/travis/build/icyphy/ptII/ptolemy/domains/continuous/test/auto/LevelCrossing1.xml (RunModel)" time="0.012" />
  <testcase classname="ptolemy.util.test.junit.AutoTests" name="[76] /home/travis/build/icyphy/ptII/ptolemy/domains/continuous/test/auto/LevelCrossing2.xml (RunModel)" time="0.012" />
  <testcase classname="ptolemy.util.test.junit.AutoTests" name="[77] /home/travis/build/icyphy/ptII/ptolemy/domains/continuous/test/auto/LevelCrossing3.xml (RunModel)" time="0.015" />
  <testcase classname="ptolemy.util.test.junit.AutoTests" name="[78] /home/travis/build/icyphy/ptII/ptolemy/domains/continuous/test/auto/LevelCrossing4.xml (RunModel)" time="0.015" />
  <testcase classname="ptolemy.util.test.junit.AutoTests" name="[79] /home/travis/build/icyphy/ptII/ptolemy/domains/continuous/test/auto/LevelCrossing5.xml (RunModel)" time="0.017" />
  <testcase classname="ptolemy.util.test.junit.AutoTests" name="[80] /home/travis/build/icyphy/ptII/ptolemy/domains/continuous/test/auto/LevelCrossing6.xml (RunModel)" time="0.014" />
  <testcase classname="ptolemy.util.test.junit.AutoTests" name="[81] /home/travis/build/icyphy/ptII/ptolemy/domains/continuous/test/auto/LevelCrossingDetector.xml (RunModel)" time="0.036" />
  <testcase classname="ptolemy.util.test.junit.AutoTests" name="[82] /home/travis/build/icyphy/ptII/ptolemy/domains/continuous/test/auto/LevelCrossingDetectorDetectingDirections.xml (RunModel)" time="0.088" />
  <testcase classname="ptolemy.util.test.junit.AutoTests" name="[83] /home/travis/build/icyphy/ptII/ptolemy/domains/continuous/test/auto/LevelCrossingDetectorDetectsGlitches.xml (RunModel)" time="0.061" />
  <testcase classname="ptolemy.util.test.junit.AutoTests" name="[84] /home/travis/build/icyphy/ptII/ptolemy/domains/continuous/test/auto/LevelCrossingNoInitialOuput.xml (RunModel)" time="0.016" />
  <testcase classname="ptolemy.util.test.junit.AutoTests" name="[85] /home/travis/build/icyphy/ptII/ptolemy/domains/continuous/test/auto/LinearStateSpaceExample.xml (RunModel)" time="0.069" />
  <testcase classname="ptolemy.util.test.junit.AutoTests" name="[86] /home/travis/build/icyphy/ptII/ptolemy/domains/continuous/test/auto/Lorenz.xml (RunModel)" time="3.317" />
  <testcase classname="ptolemy.util.test.junit.AutoTests" name="[87] /home/travis/build/icyphy/ptII/ptolemy/domains/continuous/test/auto/LorenzDifferentialSystem.xml (RunModel)" time="0.986" />
  <testcase classname="ptolemy.util.test.junit.AutoTests" name="[88] /home/travis/build/icyphy/ptII/ptolemy/domains/continuous/test/auto/LorenzDifferentialSystemWithInput.xml (RunModel)" time="1.176" />
  <testcase classname="ptolemy.util.test.junit.AutoTests" name="[89] /home/travis/build/icyphy/ptII/ptolemy/domains/continuous/test/auto/LorenzDifferentialSystemWithTime.xml (RunModel)" time="0.647" />
  <testcase classname="ptolemy.util.test.junit.AutoTests" name="[90] /home/travis/build/icyphy/ptII/ptolemy/domains/continuous/test/auto/Microsteps.xml (RunModel)" time="0.024" />
  <testcase classname="ptolemy.util.test.junit.AutoTests" name="[91] /home/travis/build/icyphy/ptII/ptolemy/domains/continuous/test/auto/Modal1.xml (RunModel)" time="0.035" />
  <testcase classname="ptolemy.util.test.junit.AutoTests" name="[92] /home/travis/build/icyphy/ptII/ptolemy/domains/continuous/test/auto/Modal2.xml (RunModel)" time="0.035" />
  <testcase classname="ptolemy.util.test.junit.AutoTests" name="[93] /home/travis/build/icyphy/ptII/ptolemy/domains/continuous/test/auto/ModalTransitionGuardWithReset.xml (RunModel)" time="0.026" />
  <testcase classname="ptolemy.util.test.junit.AutoTests" name="[94] /home/travis/build/icyphy/ptII/ptolemy/domains/continuous/test/auto/ModalTransitionGuardWithResetUsingPreemptiveTransition.xml (RunModel)" time="0.025" />
  <testcase classname="ptolemy.util.test.junit.AutoTests" name="[95] /home/travis/build/icyphy/ptII/ptolemy/domains/continuous/test/auto/ModalTransitionGuardWithResetUsingPreemptiveTransition2.xml (RunModel)" time="0.022" />
  <testcase classname="ptolemy.util.test.junit.AutoTests" name="[96] /home/travis/build/icyphy/ptII/ptolemy/domains/continuous/test/auto/ModalTransitionGuardWithResetUsingPreemptiveTransition3.xml (RunModel)" time="0.022" />
  <testcase classname="ptolemy.util.test.junit.AutoTests" name="[97] /home/travis/build/icyphy/ptII/ptolemy/domains/continuous/test/auto/NewtonsCradle.xml (RunModel)" time="0.781" />
  <testcase classname="ptolemy.util.test.junit.AutoTests" name="[98] /home/travis/build/icyphy/ptII/ptolemy/domains/continuous/test/auto/NewtonsCradleAnimated.xml (RunModel)" time="1.228" />
  <testcase classname="ptolemy.util.test.junit.AutoTests" name="[99] /home/travis/build/icyphy/ptII/ptolemy/domains/continuous/test/auto/NewtonsCradleComplicated.xml (RunModel)" time="1.018" />
  <testcase classname="ptolemy.util.test.junit.AutoTests" name="[100] /home/travis/build/icyphy/ptII/ptolemy/domains/continuous/test/auto/NewtonsCradleNondeterministic.xml (RunModel)" time="0.67" />
  <testcase classname="ptolemy.util.test.junit.AutoTests" name="[101] /home/travis/build/icyphy/ptII/ptolemy/domains/continuous/test/auto/NewtonsCradlePerfectlyInelastic1.xml (RunModel)" time="1.243" />
  <testcase classname="ptolemy.util.test.junit.AutoTests" name="[102] /home/travis/build/icyphy/ptII/ptolemy/domains/continuous/test/auto/Noise.xml (RunModel)" time="0.187" />
  <testcase classname="ptolemy.util.test.junit.AutoTests" name="[103] /home/travis/build/icyphy/ptII/ptolemy/domains/continuous/test/auto/NoiseSpectrum.xml (RunModel)" time="0.77" />
  <testcase classname="ptolemy.util.test.junit.AutoTests" name="[104] /home/travis/build/icyphy/ptII/ptolemy/domains/continuous/test/auto/ParameterizedNewtonsCradleAnimated.xml (RunModel)" time="0.34" />
  <testcase classname="ptolemy.util.test.junit.AutoTests" name="[105] /home/travis/build/icyphy/ptII/ptolemy/domains/continuous/test/auto/ParameterizedNewtonsCradleAnimatedNondeterministic.xml (RunModel)" time="1.132" />
  <testcase classname="ptolemy.util.test.junit.AutoTests" name="[106] /home/travis/build/icyphy/ptII/ptolemy/domains/continuous/test/auto/Pendulum3D.xml (RunModel)" time="0.159" />
  <testcase classname="ptolemy.util.test.junit.AutoTests" name="[107] /home/travis/build/icyphy/ptII/ptolemy/domains/continuous/test/auto/PeriodicSampler.xml (RunModel)" time="0.014" />
  <testcase classname="ptolemy.util.test.junit.AutoTests" name="[108] /home/travis/build/icyphy/ptII/ptolemy/domains/continuous/test/auto/PeriodicSampler1.xml (RunModel)" time="0.049" />
  <testcase classname="ptolemy.util.test.junit.AutoTests" name="[109] /home/travis/build/icyphy/ptII/ptolemy/domains/continuous/test/auto/PeriodicSampler2.xml (RunModel)" time="0.079" />
  <testcase classname="ptolemy.util.test.junit.AutoTests" name="[110] /home/travis/build/icyphy/ptII/ptolemy/domains/continuous/test/auto/Poisson.xml (RunModel)" time="0.444" />
  <testcase classname="ptolemy.util.test.junit.AutoTests" name="[111] /home/travis/build/icyphy/ptII/ptolemy/domains/continuous/test/auto/PoissonClock.xml (RunModel)" time="0.01" />
  <testcase classname="ptolemy.util.test.junit.AutoTests" name="[112] /home/travis/build/icyphy/ptII/ptolemy/domains/continuous/test/auto/PoissonClock2.xml (RunModel)" time="0.01" />
  <testcase classname="ptolemy.util.test.junit.AutoTests" name="[113] /home/travis/build/icyphy/ptII/ptolemy/domains/continuous/test/auto/PortParameterHierarchy.xml (RunModel)" time="0.021" />
  <testcase classname="ptolemy.util.test.junit.AutoTests" name="[114] /home/travis/build/icyphy/ptII/ptolemy/domains/continuous/test/auto/RandomHybridPlant.xml (RunModel)" time="0.567" />
  <testcase classname="ptolemy.util.test.junit.AutoTests" name="[115] /home/travis/build/icyphy/ptII/ptolemy/domains/continuous/test/auto/ResetTransitionWithStartTime1.xml (RunModel)" time="0.031" />
  <testcase classname="ptolemy.util.test.junit.AutoTests" name="[116] /home/travis/build/icyphy/ptII/ptolemy/domains/continuous/test/auto/ResetTransitionWithStartTime2.xml (RunModel)" time="0.034" />
  <testcase classname="ptolemy.util.test.junit.AutoTests" name="[117] /home/travis/build/icyphy/ptII/ptolemy/domains/continuous/test/auto/ResetTransitionWithStartTime3.xml (RunModel)" time="0.033" />
  <testcase classname="ptolemy.util.test.junit.AutoTests" name="[118] /home/travis/build/icyphy/ptII/ptolemy/domains/continuous/test/auto/ResetTransitionWithStartTime4.xml (RunModel)" time="0.028" />
  <testcase classname="ptolemy.util.test.junit.AutoTests" name="[119] /home/travis/build/icyphy/ptII/ptolemy/domains/continuous/test/auto/ResetTransitionWithStartTime5.xml (RunModel)" time="0.033" />
  <testcase classname="ptolemy.util.test.junit.AutoTests" name="[120] /home/travis/build/icyphy/ptII/ptolemy/domains/continuous/test/auto/ResetTransitionWithStartTime6.xml (RunModel)" time="0.03" />
  <testcase classname="ptolemy.util.test.junit.AutoTests" name="[121] /home/travis/build/icyphy/ptII/ptolemy/domains/continuous/test/auto/SRinContinuous.xml (RunModel)" time="0.025" />
  <testcase classname="ptolemy.util.test.junit.AutoTests" name="[122] /home/travis/build/icyphy/ptII/ptolemy/domains/continuous/test/auto/SampledClocks.xml (RunModel)" time="0.032" />
  <testcase classname="ptolemy.util.test.junit.AutoTests" name="[123] /home/travis/build/icyphy/ptII/ptolemy/domains/continuous/test/auto/Satellite.xml (RunModel)" time="0.612" />
  <testcase classname="ptolemy.util.test.junit.AutoTests" name="[124] /home/travis/build/icyphy/ptII/ptolemy/domains/continuous/test/auto/SigmaDelta.xml (RunModel)" time="1.89" />
  <testcase classname="ptolemy.util.test.junit.AutoTests" name="[125] /home/travis/build/icyphy/ptII/ptolemy/domains/continuous/test/auto/SingleRefinement.xml (RunModel)" time="0.425" />
  <testcase classname="ptolemy.util.test.junit.AutoTests" name="[126] /home/travis/build/icyphy/ptII/ptolemy/domains/continuous/test/auto/SinuBouncingBall.xml (RunModel)" time="0.792" />
  <testcase classname="ptolemy.util.test.junit.AutoTests" name="[127] /home/travis/build/icyphy/ptII/ptolemy/domains/continuous/test/auto/Sinusoid.xml (RunModel)" time="0.015" />
  <testcase classname="ptolemy.util.test.junit.AutoTests" name="[128] /home/travis/build/icyphy/ptII/ptolemy/domains/continuous/test/auto/SinusoidInNoise.xml (RunModel)" time="0.866" />
  <testcase classname="ptolemy.util.test.junit.AutoTests" name="[129] /home/travis/build/icyphy/ptII/ptolemy/domains/continuous/test/auto/SinusoidRK45.xml (RunModel)" time="0.017" />
  <testcase classname="ptolemy.util.test.junit.AutoTests" name="[130] /home/travis/build/icyphy/ptII/ptolemy/domains/continuous/test/auto/SinusoidWithMultipleImpulses.xml (RunModel)" time="0.011" />
  <testcase classname="ptolemy.util.test.junit.AutoTests" name="[131] /home/travis/build/icyphy/ptII/ptolemy/domains/continuous/test/auto/SquareWave.xml (RunModel)" time="0.168" />
  <testcase classname="ptolemy.util.test.junit.AutoTests" name="[132] /home/travis/build/icyphy/ptII/ptolemy/domains/continuous/test/auto/Starmac.xml (RunModel)" time="3.364" />
  <testcase classname="ptolemy.util.test.junit.AutoTests" name="[133] /home/travis/build/icyphy/ptII/ptolemy/domains/continuous/test/auto/StaticUnits.xml (RunModel)" time="2.161" />
  <testcase classname="ptolemy.util.test.junit.AutoTests" name="[134] /home/travis/build/icyphy/ptII/ptolemy/domains/continuous/test/auto/StickyMasses.xml (RunModel)" time="0.183" />
  <testcase classname="ptolemy.util.test.junit.AutoTests" name="[135] /home/travis/build/icyphy/ptII/ptolemy/domains/continuous/test/auto/StopTime.xml (RunModel)" time="0.083" />
  <testcase classname="ptolemy.util.test.junit.AutoTests" name="[136] /home/travis/build/icyphy/ptII/ptolemy/domains/continuous/test/auto/StopTime2.xml (RunModel)" time="0.059" />
  <testcase classname="ptolemy.util.test.junit.AutoTests" name="[137] /home/travis/build/icyphy/ptII/ptolemy/domains/continuous/test/auto/Switch.xml (RunModel)" time="0.064" />
  <testcase classname="ptolemy.util.test.junit.AutoTests" name="[138] /home/travis/build/icyphy/ptII/ptolemy/domains/continuous/test/auto/Thermostat.xml (RunModel)" time="0.187" />
  <testcase classname="ptolemy.util.test.junit.AutoTests" name="[139] /home/travis/build/icyphy/ptII/ptolemy/domains/continuous/test/auto/TimeDelay.xml (RunModel)" time="0.012" />
  <testcase classname="ptolemy.util.test.junit.AutoTests" name="[140] /home/travis/build/icyphy/ptII/ptolemy/domains/continuous/test/auto/TimeDelay2.xml (RunModel)" time="0.023" />
  <testcase classname="ptolemy.util.test.junit.AutoTests" name="[141] /home/travis/build/icyphy/ptII/ptolemy/domains/continuous/test/auto/TimeDelay3.xml (RunModel)" time="0.009" />
  <testcase classname="ptolemy.util.test.junit.AutoTests" name="[142] /home/travis/build/icyphy/ptII/ptolemy/domains/continuous/test/auto/TransferAbsentToInside.xml (RunModel)" time="0.143" />
  <testcase classname="ptolemy.util.test.junit.AutoTests" name="[143] /home/travis/build/icyphy/ptII/ptolemy/domains/continuous/test/auto/Transmission.xml (RunModel)" time="0.828" />
  <testcase classname="ptolemy.util.test.junit.AutoTests" name="[144] /home/travis/build/icyphy/ptII/ptolemy/domains/continuous/test/auto/TriggeredContinuousClock.xml (RunModel)" time="0.074" />
  <testcase classname="ptolemy.util.test.junit.AutoTests" name="[145] /home/travis/build/icyphy/ptII/ptolemy/domains/continuous/test/auto/TwoMachineInfiniteBusControl.xml (RunModel)" time="2.544" />
  <testcase classname="ptolemy.util.test.junit.AutoTests" name="[146] /home/travis/build/icyphy/ptII/ptolemy/domains/continuous/test/auto/V2V.xml (RunModel)" time="0.825" />
  <testcase classname="ptolemy.util.test.junit.AutoTests" name="[147] /home/travis/build/icyphy/ptII/ptolemy/domains/continuous/test/auto/hierarchicalModalModel.xml (RunModel)" time="0.037" />
  <testcase classname="ptolemy.util.test.junit.AutoTests" name="[148] /home/travis/build/icyphy/ptII/ptolemy/domains/continuous/test/auto/hierarchicalModalModel1.xml (RunModel)" time="0.029" />
  <testcase classname="ptolemy.util.test.junit.AutoTests" name="[149] /home/travis/build/icyphy/ptII/ptolemy/domains/continuous/test/auto/hierarchicalModalModel2.xml (RunModel)" time="0.027" />
  <testcase classname="ptolemy.util.test.junit.AutoTests" name="[150] /home/travis/build/icyphy/ptII/ptolemy/domains/continuous/test/auto/hierarchicalModalModel3.xml (RunModel)" time="0.023" />
  <testcase classname="ptolemy.util.test.junit.AutoTests" name="[151] /home/travis/build/icyphy/ptII/ptolemy/domains/continuous/test/auto/hierarchicalModalModel4.xml (RunModel)" time="0.027" />
  <testcase classname="ptolemy.util.test.junit.AutoTests" name="[152] /home/travis/build/icyphy/ptII/ptolemy/domains/continuous/test/auto/junk.xml (RunModel)" time="0.136" />
  <system-out><![CDATA[No tcl tests in /home/travis/build/icyphy/ptII/ptolemy/domains/continuous/test
No auto/knownFailedTests/*.xml tests in /home/travis/build/icyphy/ptII/ptolemy/domains/continuous/test
No auto/linux-amd64/*.xml tests in /home/travis/build/icyphy/ptII/ptolemy/domains/continuous/test
AutoTests.java: About to close Vertx.
AutoTests.java: Vertx closed.

===========================================================================================
----------------- testing Fri Oct 02 15:40:25 UTC 2020 /home/travis/build/icyphy/ptII/ptolemy/domains/continuous/test/auto/BouncingBall.xml
----------------- Instantiating /home/travis/build/icyphy/ptII/ptolemy/domains/continuous/test/auto/BouncingBall.xml
2397 ms. Memory: 156672K Free: 59458K (38%)
----------------- Invoking toplevel() on ptolemy.moml.MoMLSimpleApplication@5c3acf2d
----------------- Done invoking toplevel() on ptolemy.moml.MoMLSimpleApplication@5c3acf2d
reloadAllAccessors: .BouncingBall

===========================================================================================
----------------- testing Fri Oct 02 15:40:28 UTC 2020 /home/travis/build/icyphy/ptII/ptolemy/domains/continuous/test/auto/BouncingBallWithoutGR.xml
----------------- Instantiating /home/travis/build/icyphy/ptII/ptolemy/domains/continuous/test/auto/BouncingBallWithoutGR.xml
766 ms. Memory: 156672K Free: 63046K (40%)
----------------- Invoking toplevel() on ptolemy.moml.MoMLSimpleApplication@5d0cfff3
----------------- Done invoking toplevel() on ptolemy.moml.MoMLSimpleApplication@5d0cfff3
reloadAllAccessors: .BouncingBallWithoutGR

===========================================================================================
----------------- testing Fri Oct 02 15:40:29 UTC 2020 /home/travis/build/icyphy/ptII/ptolemy/domains/continuous/test/auto/Brownian.xml
----------------- Instantiating /home/travis/build/icyphy/ptII/ptolemy/domains/continuous/test/auto/Brownian.xml
41 ms. Memory: 156672K Free: 54340K (35%)
----------------- Invoking toplevel() on ptolemy.moml.MoMLSimpleApplication@116da583
----------------- Done invoking toplevel() on ptolemy.moml.MoMLSimpleApplication@116da583
reloadAllAccessors: .Brownian

===========================================================================================
----------------- testing Fri Oct 02 15:40:29 UTC 2020 /home/travis/build/icyphy/ptII/ptolemy/domains/continuous/test/auto/CarTracking.xml
----------------- Instantiating /home/travis/build/icyphy/ptII/ptolemy/domains/continuous/test/auto/CarTracking.xml
3777 ms. Memory: 226304K Free: 111777K (49%)
----------------- Invoking toplevel() on ptolemy.moml.MoMLSimpleApplication@643ade66
----------------- Done invoking toplevel() on ptolemy.moml.MoMLSimpleApplication@643ade66
reloadAllAccessors: .CarTracking

===========================================================================================
----------------- testing Fri Oct 02 15:40:33 UTC 2020 /home/travis/build/icyphy/ptII/ptolemy/domains/continuous/test/auto/CartPendulum.xml
----------------- Instantiating /home/travis/build/icyphy/ptII/ptolemy/domains/continuous/test/auto/CartPendulum.xml
380 ms. Memory: 226304K Free: 155469K (69%)
----------------- Invoking toplevel() on ptolemy.moml.MoMLSimpleApplication@13c616fb
----------------- Done invoking toplevel() on ptolemy.moml.MoMLSimpleApplication@13c616fb
reloadAllAccessors: .CartPendulum

===========================================================================================
----------------- testing Fri Oct 02 15:40:34 UTC 2020 /home/travis/build/icyphy/ptII/ptolemy/domains/continuous/test/auto/CausalityInterface10.xml
----------------- Instantiating /home/travis/build/icyphy/ptII/ptolemy/domains/continuous/test/auto/CausalityInterface10.xml
7 ms. Memory: 226304K Free: 144558K (64%)
----------------- Invoking toplevel() on ptolemy.moml.MoMLSimpleApplication@35d57e02
----------------- Done invoking toplevel() on ptolemy.moml.MoMLSimpleApplication@35d57e02
reloadAllAccessors: .CausalityInterface10

===========================================================================================
----------------- testing Fri Oct 02 15:40:34 UTC 2020 /home/travis/build/icyphy/ptII/ptolemy/domains/continuous/test/auto/CausalityInterface11.xml
----------------- Instantiating /home/travis/build/icyphy/ptII/ptolemy/domains/continuous/test/auto/CausalityInterface11.xml
7 ms. Memory: 226304K Free: 138416K (61%)
----------------- Invoking toplevel() on ptolemy.moml.MoMLSimpleApplication@7548b1c7
----------------- Done invoking toplevel() on ptolemy.moml.MoMLSimpleApplication@7548b1c7
reloadAllAccessors: .CausalityInterface11

===========================================================================================
----------------- testing Fri Oct 02 15:40:34 UTC 2020 /home/travis/build/icyphy/ptII/ptolemy/domains/continuous/test/auto/CausalityInterface12.xml
----------------- Instantiating /home/travis/build/icyphy/ptII/ptolemy/domains/continuous/test/auto/CausalityInterface12.xml
7 ms. Memory: 226304K Free: 132272K (58%)
----------------- Invoking toplevel() on ptolemy.moml.MoMLSimpleApplication@27387b00
----------------- Done invoking toplevel() on ptolemy.moml.MoMLSimpleApplication@27387b00
reloadAllAccessors: .CausalityInterface12

===========================================================================================
----------------- testing Fri Oct 02 15:40:34 UTC 2020 /home/travis/build/icyphy/ptII/ptolemy/domains/continuous/test/auto/CausalityInterface13.xml
----------------- Instantiating /home/travis/build/icyphy/ptII/ptolemy/domains/continuous/test/auto/CausalityInterface13.xml
5 ms. Memory: 226304K Free: 126128K (56%)
----------------- Invoking toplevel() on ptolemy.moml.MoMLSimpleApplication@73d93738
----------------- Done invoking toplevel() on ptolemy.moml.MoMLSimpleApplication@73d93738
reloadAllAccessors: .CausalityInterface13

===========================================================================================
----------------- testing Fri Oct 02 15:40:34 UTC 2020 /home/travis/build/icyphy/ptII/ptolemy/domains/continuous/test/auto/CausalityInterface14.xml
----------------- Instantiating /home/travis/build/icyphy/ptII/ptolemy/domains/continuous/test/auto/CausalityInterface14.xml
3 ms. Memory: 226304K Free: 121008K (53%)
----------------- Invoking toplevel() on ptolemy.moml.MoMLSimpleApplication@3c6c3d1d
----------------- Done invoking toplevel() on ptolemy.moml.MoMLSimpleApplication@3c6c3d1d
reloadAllAccessors: .CausalityInterface14

===========================================================================================
----------------- testing Fri Oct 02 15:40:34 UTC 2020 /home/travis/build/icyphy/ptII/ptolemy/domains/continuous/test/auto/CausalityInterface4.xml
----------------- Instantiating /home/travis/build/icyphy/ptII/ptolemy/domains/continuous/test/auto/CausalityInterface4.xml
6 ms. Memory: 226304K Free: 113840K (50%)
----------------- Invoking toplevel() on ptolemy.moml.MoMLSimpleApplication@48272284
----------------- Done invoking toplevel() on ptolemy.moml.MoMLSimpleApplication@48272284
reloadAllAccessors: .CausalityInterface4

===========================================================================================
----------------- testing Fri Oct 02 15:40:34 UTC 2020 /home/travis/build/icyphy/ptII/ptolemy/domains/continuous/test/auto/CausalityInterface5.xml
----------------- Instantiating /home/travis/build/icyphy/ptII/ptolemy/domains/continuous/test/auto/CausalityInterface5.xml
4 ms. Memory: 226304K Free: 105648K (47%)
----------------- Invoking toplevel() on ptolemy.moml.MoMLSimpleApplication@496c5d3c
----------------- Done invoking toplevel() on ptolemy.moml.MoMLSimpleApplication@496c5d3c
reloadAllAccessors: .CausalityInterface5

===========================================================================================
----------------- testing Fri Oct 02 15:40:34 UTC 2020 /home/travis/build/icyphy/ptII/ptolemy/domains/continuous/test/auto/CausalityInterface6.xml
----------------- Instantiating /home/travis/build/icyphy/ptII/ptolemy/domains/continuous/test/auto/CausalityInterface6.xml
8 ms. Memory: 226304K Free: 100014K (44%)
----------------- Invoking toplevel() on ptolemy.moml.MoMLSimpleApplication@7545db9a
----------------- Done invoking toplevel() on ptolemy.moml.MoMLSimpleApplication@7545db9a
reloadAllAccessors: .CausalityInterface6

===========================================================================================
----------------- testing Fri Oct 02 15:40:34 UTC 2020 /home/travis/build/icyphy/ptII/ptolemy/domains/continuous/test/auto/CausalityInterface7.xml
----------------- Instantiating /home/travis/build/icyphy/ptII/ptolemy/domains/continuous/test/auto/CausalityInterface7.xml
11 ms. Memory: 226304K Free: 91312K (40%)
----------------- Invoking toplevel() on ptolemy.moml.MoMLSimpleApplication@7403e16f
----------------- Done invoking toplevel() on ptolemy.moml.MoMLSimpleApplication@7403e16f
reloadAllAccessors: .CausalityInterface7

===========================================================================================
----------------- testing Fri Oct 02 15:40:34 UTC 2020 /home/travis/build/icyphy/ptII/ptolemy/domains/continuous/test/auto/CausalityInterface8.xml
----------------- Instantiating /home/travis/build/icyphy/ptII/ptolemy/domains/continuous/test/auto/CausalityInterface8.xml
8 ms. Memory: 226304K Free: 82096K (36%)
----------------- Invoking toplevel() on ptolemy.moml.MoMLSimpleApplication@def65b6
----------------- Done invoking toplevel() on ptolemy.moml.MoMLSimpleApplication@def65b6
reloadAllAccessors: .CausalityInterface8

===========================================================================================
----------------- testing Fri Oct 02 15:40:34 UTC 2020 /home/travis/build/icyphy/ptII/ptolemy/domains/continuous/test/auto/CausalityInterface9.xml
----------------- Instantiating /home/travis/build/icyphy/ptII/ptolemy/domains/continuous/test/auto/CausalityInterface9.xml
23 ms. Memory: 226304K Free: 205558K (91%)
----------------- Invoking toplevel() on ptolemy.moml.MoMLSimpleApplication@5f9694ac
----------------- Done invoking toplevel() on ptolemy.moml.MoMLSimpleApplication@5f9694ac
reloadAllAccessors: .CausalityInterface9

===========================================================================================
----------------- testing Fri Oct 02 15:40:34 UTC 2020 /home/travis/build/icyphy/ptII/ptolemy/domains/continuous/test/auto/CausalityInterfaceFeedback1.xml
----------------- Instantiating /home/travis/build/icyphy/ptII/ptolemy/domains/continuous/test/auto/CausalityInterfaceFeedback1.xml
9 ms. Memory: 226304K Free: 198907K (88%)
----------------- Invoking toplevel() on ptolemy.moml.MoMLSimpleApplication@54489016
----------------- Done invoking toplevel() on ptolemy.moml.MoMLSimpleApplication@54489016
reloadAllAccessors: .CausalityInterfaceFeedback1

===========================================================================================
----------------- testing Fri Oct 02 15:40:35 UTC 2020 /home/travis/build/icyphy/ptII/ptolemy/domains/continuous/test/auto/CausalityInterfaceFeedback2.xml
----------------- Instantiating /home/travis/build/icyphy/ptII/ptolemy/domains/continuous/test/auto/CausalityInterfaceFeedback2.xml
6 ms. Memory: 226304K Free: 192249K (85%)
----------------- Invoking toplevel() on ptolemy.moml.MoMLSimpleApplication@603369a4
----------------- Done invoking toplevel() on ptolemy.moml.MoMLSimpleApplication@603369a4
reloadAllAccessors: .CausalityInterfaceFeedback2

===========================================================================================
----------------- testing Fri Oct 02 15:40:35 UTC 2020 /home/travis/build/icyphy/ptII/ptolemy/domains/continuous/test/auto/CompareWithCurrentTime.xml
----------------- Instantiating /home/travis/build/icyphy/ptII/ptolemy/domains/continuous/test/auto/CompareWithCurrentTime.xml
2 ms. Memory: 226304K Free: 188153K (83%)
----------------- Invoking toplevel() on ptolemy.moml.MoMLSimpleApplication@61167d47
----------------- Done invoking toplevel() on ptolemy.moml.MoMLSimpleApplication@61167d47
reloadAllAccessors: .CompareWithCurrentTime

===========================================================================================
----------------- testing Fri Oct 02 15:40:35 UTC 2020 /home/travis/build/icyphy/ptII/ptolemy/domains/continuous/test/auto/ComparedClocks.xml
----------------- Instantiating /home/travis/build/icyphy/ptII/ptolemy/domains/continuous/test/auto/ComparedClocks.xml
6 ms. Memory: 226304K Free: 172779K (76%)
----------------- Invoking toplevel() on ptolemy.moml.MoMLSimpleApplication@574c81d1
----------------- Done invoking toplevel() on ptolemy.moml.MoMLSimpleApplication@574c81d1
reloadAllAccessors: .ComparedClocks

===========================================================================================
----------------- testing Fri Oct 02 15:40:35 UTC 2020 /home/travis/build/icyphy/ptII/ptolemy/domains/continuous/test/auto/ContinuousAOCClone.xml
----------------- Instantiating /home/travis/build/icyphy/ptII/ptolemy/domains/continuous/test/auto/ContinuousAOCClone.xml
2289 ms. Memory: 272384K Free: 228406K (84%)
----------------- Invoking toplevel() on ptolemy.moml.MoMLSimpleApplication@f734f56
----------------- Done invoking toplevel() on ptolemy.moml.MoMLSimpleApplication@f734f56
reloadAllAccessors: .ContinuousAOCClone

===========================================================================================
----------------- testing Fri Oct 02 15:40:37 UTC 2020 /home/travis/build/icyphy/ptII/ptolemy/domains/continuous/test/auto/ContinuousClock.xml
----------------- Instantiating /home/travis/build/icyphy/ptII/ptolemy/domains/continuous/test/auto/ContinuousClock.xml
40 ms. Memory: 272384K Free: 206358K (76%)
----------------- Invoking toplevel() on ptolemy.moml.MoMLSimpleApplication@236bd270
----------------- Done invoking toplevel() on ptolemy.moml.MoMLSimpleApplication@236bd270
reloadAllAccessors: .ContinuousClock

===========================================================================================
----------------- testing Fri Oct 02 15:40:37 UTC 2020 /home/travis/build/icyphy/ptII/ptolemy/domains/continuous/test/auto/ContinuousInContinuous.xml
----------------- Instantiating /home/travis/build/icyphy/ptII/ptolemy/domains/continuous/test/auto/ContinuousInContinuous.xml
38 ms. Memory: 272384K Free: 182830K (67%)
----------------- Invoking toplevel() on ptolemy.moml.MoMLSimpleApplication@7085414c
----------------- Done invoking toplevel() on ptolemy.moml.MoMLSimpleApplication@7085414c
reloadAllAccessors: .ContinuousInContinuous

===========================================================================================
----------------- testing Fri Oct 02 15:40:38 UTC 2020 /home/travis/build/icyphy/ptII/ptolemy/domains/continuous/test/auto/ContinuousInContinuousInContinuous.xml
----------------- Instantiating /home/travis/build/icyphy/ptII/ptolemy/domains/continuous/test/auto/ContinuousInContinuousInContinuous.xml
7 ms. Memory: 272384K Free: 174644K (64%)
----------------- Invoking toplevel() on ptolemy.moml.MoMLSimpleApplication@35656493
----------------- Done invoking toplevel() on ptolemy.moml.MoMLSimpleApplication@35656493
reloadAllAccessors: .ContinuousInContinuousInContinuous

===========================================================================================
----------------- testing Fri Oct 02 15:40:38 UTC 2020 /home/travis/build/icyphy/ptII/ptolemy/domains/continuous/test/auto/ContinuousInDE.xml
----------------- Instantiating /home/travis/build/icyphy/ptII/ptolemy/domains/continuous/test/auto/ContinuousInDE.xml
86 ms. Memory: 272384K Free: 164404K (60%)
----------------- Invoking toplevel() on ptolemy.moml.MoMLSimpleApplication@48b3b636
----------------- Done invoking toplevel() on ptolemy.moml.MoMLSimpleApplication@48b3b636
reloadAllAccessors: .ContinuousInDE

===========================================================================================
----------------- testing Fri Oct 02 15:40:38 UTC 2020 /home/travis/build/icyphy/ptII/ptolemy/domains/continuous/test/auto/ContinuousInDE2.xml
----------------- Instantiating /home/travis/build/icyphy/ptII/ptolemy/domains/continuous/test/auto/ContinuousInDE2.xml
35 ms. Memory: 272384K Free: 154678K (57%)
----------------- Invoking toplevel() on ptolemy.moml.MoMLSimpleApplication@2f94b2cc
----------------- Done invoking toplevel() on ptolemy.moml.MoMLSimpleApplication@2f94b2cc
reloadAllAccessors: .ContinuousInDE2

===========================================================================================
----------------- testing Fri Oct 02 15:40:38 UTC 2020 /home/travis/build/icyphy/ptII/ptolemy/domains/continuous/test/auto/ContinuousInDE3.xml
----------------- Instantiating /home/travis/build/icyphy/ptII/ptolemy/domains/continuous/test/auto/ContinuousInDE3.xml
34 ms. Memory: 272384K Free: 144948K (53%)
----------------- Invoking toplevel() on ptolemy.moml.MoMLSimpleApplication@271b8406
----------------- Done invoking toplevel() on ptolemy.moml.MoMLSimpleApplication@271b8406
reloadAllAccessors: .ContinuousInDE3

===========================================================================================
----------------- testing Fri Oct 02 15:40:38 UTC 2020 /home/travis/build/icyphy/ptII/ptolemy/domains/continuous/test/auto/ContinuousInDE4.xml
----------------- Instantiating /home/travis/build/icyphy/ptII/ptolemy/domains/continuous/test/auto/ContinuousInDE4.xml
14 ms. Memory: 272384K Free: 138804K (51%)
----------------- Invoking toplevel() on ptolemy.moml.MoMLSimpleApplication@5792d869
----------------- Done invoking toplevel() on ptolemy.moml.MoMLSimpleApplication@5792d869
reloadAllAccessors: .ContinuousInDE4

===========================================================================================
----------------- testing Fri Oct 02 15:40:38 UTC 2020 /home/travis/build/icyphy/ptII/ptolemy/domains/continuous/test/auto/ContinuousInDEDifferentRefinements.xml
----------------- Instantiating /home/travis/build/icyphy/ptII/ptolemy/domains/continuous/test/auto/ContinuousInDEDifferentRefinements.xml
60 ms. Memory: 272384K Free: 107574K (39%)
----------------- Invoking toplevel() on ptolemy.moml.MoMLSimpleApplication@62913ad3
----------------- Done invoking toplevel() on ptolemy.moml.MoMLSimpleApplication@62913ad3
reloadAllAccessors: .ContinuousInDEDifferentRefinements

===========================================================================================
----------------- testing Fri Oct 02 15:40:38 UTC 2020 /home/travis/build/icyphy/ptII/ptolemy/domains/continuous/test/auto/ContinuousInDEDifferentRefinementsPreemptive.xml
----------------- Instantiating /home/travis/build/icyphy/ptII/ptolemy/domains/continuous/test/auto/ContinuousInDEDifferentRefinementsPreemptive.xml
46 ms. Memory: 272384K Free: 239053K (88%)
----------------- Invoking toplevel() on ptolemy.moml.MoMLSimpleApplication@7af5d862
----------------- Done invoking toplevel() on ptolemy.moml.MoMLSimpleApplication@7af5d862
reloadAllAccessors: .ContinuousInDEDifferentRefinementsPreemptive

===========================================================================================
----------------- testing Fri Oct 02 15:40:38 UTC 2020 /home/travis/build/icyphy/ptII/ptolemy/domains/continuous/test/auto/ContinuousInDEInContinuous2.xml
----------------- Instantiating /home/travis/build/icyphy/ptII/ptolemy/domains/continuous/test/auto/ContinuousInDEInContinuous2.xml
42 ms. Memory: 272384K Free: 227285K (83%)
----------------- Invoking toplevel() on ptolemy.moml.MoMLSimpleApplication@2a73e08
----------------- Done invoking toplevel() on ptolemy.moml.MoMLSimpleApplication@2a73e08
reloadAllAccessors: .ContinuousInDEInContinuous2

===========================================================================================
----------------- testing Fri Oct 02 15:40:38 UTC 2020 /home/travis/build/icyphy/ptII/ptolemy/domains/continuous/test/auto/ContinuousInDEInContinuous3.xml
----------------- Instantiating /home/travis/build/icyphy/ptII/ptolemy/domains/continuous/test/auto/ContinuousInDEInContinuous3.xml
36 ms. Memory: 272384K Free: 214997K (79%)
----------------- Invoking toplevel() on ptolemy.moml.MoMLSimpleApplication@5a6847eb
----------------- Done invoking toplevel() on ptolemy.moml.MoMLSimpleApplication@5a6847eb
reloadAllAccessors: .ContinuousInDEInContinuous3

===========================================================================================
----------------- testing Fri Oct 02 15:40:38 UTC 2020 /home/travis/build/icyphy/ptII/ptolemy/domains/continuous/test/auto/ContinuousInDEInput.xml
----------------- Instantiating /home/travis/build/icyphy/ptII/ptolemy/domains/continuous/test/auto/ContinuousInDEInput.xml
16 ms. Memory: 272384K Free: 207829K (76%)
----------------- Invoking toplevel() on ptolemy.moml.MoMLSimpleApplication@e8c9ef4
----------------- Done invoking toplevel() on ptolemy.moml.MoMLSimpleApplication@e8c9ef4
reloadAllAccessors: .ContinuousInDEInput

===========================================================================================
----------------- testing Fri Oct 02 15:40:38 UTC 2020 /home/travis/build/icyphy/ptII/ptolemy/domains/continuous/test/auto/ContinuousInDEInput2.xml
----------------- Instantiating /home/travis/build/icyphy/ptII/ptolemy/domains/continuous/test/auto/ContinuousInDEInput2.xml
11 ms. Memory: 272384K Free: 200661K (74%)
----------------- Invoking toplevel() on ptolemy.moml.MoMLSimpleApplication@1e554a0d
----------------- Done invoking toplevel() on ptolemy.moml.MoMLSimpleApplication@1e554a0d
reloadAllAccessors: .ContinuousInDEInput2

===========================================================================================
----------------- testing Fri Oct 02 15:40:38 UTC 2020 /home/travis/build/icyphy/ptII/ptolemy/domains/continuous/test/auto/ContinuousInDEInput3.xml
----------------- Instantiating /home/travis/build/icyphy/ptII/ptolemy/domains/continuous/test/auto/ContinuousInDEInput3.xml
11 ms. Memory: 272384K Free: 193493K (71%)
----------------- Invoking toplevel() on ptolemy.moml.MoMLSimpleApplication@10413926
----------------- Done invoking toplevel() on ptolemy.moml.MoMLSimpleApplication@10413926
reloadAllAccessors: .ContinuousInDEInput3

===========================================================================================
----------------- testing Fri Oct 02 15:40:38 UTC 2020 /home/travis/build/icyphy/ptII/ptolemy/domains/continuous/test/auto/ContinuousInDESharingRefinement.xml
----------------- Instantiating /home/travis/build/icyphy/ptII/ptolemy/domains/continuous/test/auto/ContinuousInDESharingRefinement.xml
145 ms. Memory: 272384K Free: 98771K (36%)
----------------- Invoking toplevel() on ptolemy.moml.MoMLSimpleApplication@375ef331
----------------- Done invoking toplevel() on ptolemy.moml.MoMLSimpleApplication@375ef331
reloadAllAccessors: .ContinuousInDESharingRefinement

===========================================================================================
----------------- testing Fri Oct 02 15:40:38 UTC 2020 /home/travis/build/icyphy/ptII/ptolemy/domains/continuous/test/auto/ContinuousInDEwithNoPorts.xml
----------------- Instantiating /home/travis/build/icyphy/ptII/ptolemy/domains/continuous/test/auto/ContinuousInDEwithNoPorts.xml
6 ms. Memory: 272384K Free: 256678K (94%)
----------------- Invoking toplevel() on ptolemy.moml.MoMLSimpleApplication@7b9854cc
----------------- Done invoking toplevel() on ptolemy.moml.MoMLSimpleApplication@7b9854cc
reloadAllAccessors: .ContinuousInDEwithNoPorts

===========================================================================================
----------------- testing Fri Oct 02 15:40:38 UTC 2020 /home/travis/build/icyphy/ptII/ptolemy/domains/continuous/test/auto/ContinuousInsideDE.xml
----------------- Instantiating /home/travis/build/icyphy/ptII/ptolemy/domains/continuous/test/auto/ContinuousInsideDE.xml
32 ms. Memory: 272384K Free: 244934K (90%)
----------------- Invoking toplevel() on ptolemy.moml.MoMLSimpleApplication@122083d4
----------------- Done invoking toplevel() on ptolemy.moml.MoMLSimpleApplication@122083d4
reloadAllAccessors: .ContinuousInsideDE

===========================================================================================
----------------- testing Fri Oct 02 15:40:39 UTC 2020 /home/travis/build/icyphy/ptII/ptolemy/domains/continuous/test/auto/ContinuousMerge1.xml
----------------- Instantiating /home/travis/build/icyphy/ptII/ptolemy/domains/continuous/test/auto/ContinuousMerge1.xml
2 ms. Memory: 272384K Free: 240838K (88%)
----------------- Invoking toplevel() on ptolemy.moml.MoMLSimpleApplication@5580a455
----------------- Done invoking toplevel() on ptolemy.moml.MoMLSimpleApplication@5580a455
reloadAllAccessors: .ContinuousMerge1

===========================================================================================
----------------- testing Fri Oct 02 15:40:39 UTC 2020 /home/travis/build/icyphy/ptII/ptolemy/domains/continuous/test/auto/ContinuousMerge2.xml
----------------- Instantiating /home/travis/build/icyphy/ptII/ptolemy/domains/continuous/test/auto/ContinuousMerge2.xml
14 ms. Memory: 272384K Free: 230084K (84%)
----------------- Invoking toplevel() on ptolemy.moml.MoMLSimpleApplication@3d4cd19e
----------------- Done invoking toplevel() on ptolemy.moml.MoMLSimpleApplication@3d4cd19e
reloadAllAccessors: .ContinuousMerge2

===========================================================================================
----------------- testing Fri Oct 02 15:40:39 UTC 2020 /home/travis/build/icyphy/ptII/ptolemy/domains/continuous/test/auto/ContinuousMerge3.xml
----------------- Instantiating /home/travis/build/icyphy/ptII/ptolemy/domains/continuous/test/auto/ContinuousMerge3.xml
38 ms. Memory: 272384K Free: 219334K (81%)
----------------- Invoking toplevel() on ptolemy.moml.MoMLSimpleApplication@28f93d7e
----------------- Done invoking toplevel() on ptolemy.moml.MoMLSimpleApplication@28f93d7e
reloadAllAccessors: .ContinuousMerge3

===========================================================================================
----------------- testing Fri Oct 02 15:40:39 UTC 2020 /home/travis/build/icyphy/ptII/ptolemy/domains/continuous/test/auto/ContinuousWithinContinuous.xml
----------------- Instantiating /home/travis/build/icyphy/ptII/ptolemy/domains/continuous/test/auto/ContinuousWithinContinuous.xml
32 ms. Memory: 272384K Free: 210118K (77%)
----------------- Invoking toplevel() on ptolemy.moml.MoMLSimpleApplication@13321eee
----------------- Done invoking toplevel() on ptolemy.moml.MoMLSimpleApplication@13321eee
reloadAllAccessors: .ContinuousWithinContinuous

===========================================================================================
----------------- testing Fri Oct 02 15:40:39 UTC 2020 /home/travis/build/icyphy/ptII/ptolemy/domains/continuous/test/auto/ContinuousWithinContinuous2.xml
----------------- Instantiating /home/travis/build/icyphy/ptII/ptolemy/domains/continuous/test/auto/ContinuousWithinContinuous2.xml
61 ms. Memory: 272384K Free: 198854K (73%)
----------------- Invoking toplevel() on ptolemy.moml.MoMLSimpleApplication@3532a965
----------------- Done invoking toplevel() on ptolemy.moml.MoMLSimpleApplication@3532a965
reloadAllAccessors: .ContinuousWithinContinuous2

===========================================================================================
----------------- testing Fri Oct 02 15:40:39 UTC 2020 /home/travis/build/icyphy/ptII/ptolemy/domains/continuous/test/auto/ContinuousWithinContinuous3.xml
----------------- Instantiating /home/travis/build/icyphy/ptII/ptolemy/domains/continuous/test/auto/ContinuousWithinContinuous3.xml
12 ms. Memory: 272384K Free: 192196K (71%)
----------------- Invoking toplevel() on ptolemy.moml.MoMLSimpleApplication@34bf0518
----------------- Done invoking toplevel() on ptolemy.moml.MoMLSimpleApplication@34bf0518
reloadAllAccessors: .ContinuousWithinContinuous3

===========================================================================================
----------------- testing Fri Oct 02 15:40:39 UTC 2020 /home/travis/build/icyphy/ptII/ptolemy/domains/continuous/test/auto/ContinuousWithinContinuous4.xml
----------------- Instantiating /home/travis/build/icyphy/ptII/ptolemy/domains/continuous/test/auto/ContinuousWithinContinuous4.xml
65 ms. Memory: 272384K Free: 179908K (66%)
----------------- Invoking toplevel() on ptolemy.moml.MoMLSimpleApplication@45d62da4
----------------- Done invoking toplevel() on ptolemy.moml.MoMLSimpleApplication@45d62da4
reloadAllAccessors: .ContinuousWithinContinuous4

===========================================================================================
----------------- testing Fri Oct 02 15:40:39 UTC 2020 /home/travis/build/icyphy/ptII/ptolemy/domains/continuous/test/auto/ContinuousWithinContinuous5.xml
----------------- Instantiating /home/travis/build/icyphy/ptII/ptolemy/domains/continuous/test/auto/ContinuousWithinContinuous5.xml
13 ms. Memory: 272384K Free: 172740K (63%)
----------------- Invoking toplevel() on ptolemy.moml.MoMLSimpleApplication@f1ff960
----------------- Done invoking toplevel() on ptolemy.moml.MoMLSimpleApplication@f1ff960
reloadAllAccessors: .ContinuousWithinContinuous5

===========================================================================================
----------------- testing Fri Oct 02 15:40:39 UTC 2020 /home/travis/build/icyphy/ptII/ptolemy/domains/continuous/test/auto/ContinuousWithinContinuous6.xml
----------------- Instantiating /home/travis/build/icyphy/ptII/ptolemy/domains/continuous/test/auto/ContinuousWithinContinuous6.xml
11 ms. Memory: 272384K Free: 165572K (61%)
----------------- Invoking toplevel() on ptolemy.moml.MoMLSimpleApplication@6fd1b28
----------------- Done invoking toplevel() on ptolemy.moml.MoMLSimpleApplication@6fd1b28
reloadAllAccessors: .ContinuousWithinContinuous6

===========================================================================================
----------------- testing Fri Oct 02 15:40:39 UTC 2020 /home/travis/build/icyphy/ptII/ptolemy/domains/continuous/test/auto/ContinuousWithinContinuous7.xml
----------------- Instantiating /home/travis/build/icyphy/ptII/ptolemy/domains/continuous/test/auto/ContinuousWithinContinuous7.xml
44 ms. Memory: 272384K Free: 154308K (57%)
----------------- Invoking toplevel() on ptolemy.moml.MoMLSimpleApplication@724e194d
----------------- Done invoking toplevel() on ptolemy.moml.MoMLSimpleApplication@724e194d
reloadAllAccessors: .ContinuousWithinContinuous7

===========================================================================================
----------------- testing Fri Oct 02 15:40:39 UTC 2020 /home/travis/build/icyphy/ptII/ptolemy/domains/continuous/test/auto/DCMotor.xml
----------------- Instantiating /home/travis/build/icyphy/ptII/ptolemy/domains/continuous/test/auto/DCMotor.xml
12483 ms. Memory: 272384K Free: 150161K (55%)
----------------- Invoking toplevel() on ptolemy.moml.MoMLSimpleApplication@28de8285
----------------- Done invoking toplevel() on ptolemy.moml.MoMLSimpleApplication@28de8285
reloadAllAccessors: .DCMotor

===========================================================================================
----------------- testing Fri Oct 02 15:40:52 UTC 2020 /home/travis/build/icyphy/ptII/ptolemy/domains/continuous/test/auto/DEInContinuous.xml
----------------- Instantiating /home/travis/build/icyphy/ptII/ptolemy/domains/continuous/test/auto/DEInContinuous.xml
9 ms. Memory: 272384K Free: 144017K (53%)
----------------- Invoking toplevel() on ptolemy.moml.MoMLSimpleApplication@f22c772
----------------- Done invoking toplevel() on ptolemy.moml.MoMLSimpleApplication@f22c772
reloadAllAccessors: .DEInContinuous

===========================================================================================
----------------- testing Fri Oct 02 15:40:52 UTC 2020 /home/travis/build/icyphy/ptII/ptolemy/domains/continuous/test/auto/DEinContinuous2.xml
----------------- Instantiating /home/travis/build/icyphy/ptII/ptolemy/domains/continuous/test/auto/DEinContinuous2.xml
9 ms. Memory: 272384K Free: 135825K (50%)
----------------- Invoking toplevel() on ptolemy.moml.MoMLSimpleApplication@6e1d8f8f
----------------- Done invoking toplevel() on ptolemy.moml.MoMLSimpleApplication@6e1d8f8f
reloadAllAccessors: .DEinContinuous2

===========================================================================================
----------------- testing Fri Oct 02 15:40:52 UTC 2020 /home/travis/build/icyphy/ptII/ptolemy/domains/continuous/test/auto/Derivative.xml
----------------- Instantiating /home/travis/build/icyphy/ptII/ptolemy/domains/continuous/test/auto/Derivative.xml
127 ms. Memory: 272384K Free: 107153K (39%)
----------------- Invoking toplevel() on ptolemy.moml.MoMLSimpleApplication@1dca4fdf
----------------- Done invoking toplevel() on ptolemy.moml.MoMLSimpleApplication@1dca4fdf
reloadAllAccessors: .Derivative2

===========================================================================================
----------------- testing Fri Oct 02 15:40:52 UTC 2020 /home/travis/build/icyphy/ptII/ptolemy/domains/continuous/test/auto/Derivative1.xml
----------------- Instantiating /home/travis/build/icyphy/ptII/ptolemy/domains/continuous/test/auto/Derivative1.xml
24 ms. Memory: 272384K Free: 254755K (94%)
----------------- Invoking toplevel() on ptolemy.moml.MoMLSimpleApplication@366843e0
----------------- Done invoking toplevel() on ptolemy.moml.MoMLSimpleApplication@366843e0
reloadAllAccessors: .Derivative1

===========================================================================================
----------------- testing Fri Oct 02 15:40:52 UTC 2020 /home/travis/build/icyphy/ptII/ptolemy/domains/continuous/test/auto/DiscreteClock.xml
----------------- Instantiating /home/travis/build/icyphy/ptII/ptolemy/domains/continuous/test/auto/DiscreteClock.xml
3 ms. Memory: 272384K Free: 249205K (91%)
----------------- Invoking toplevel() on ptolemy.moml.MoMLSimpleApplication@55462ea1
----------------- Done invoking toplevel() on ptolemy.moml.MoMLSimpleApplication@55462ea1
reloadAllAccessors: .DiscreteClock

===========================================================================================
----------------- testing Fri Oct 02 15:40:52 UTC 2020 /home/travis/build/icyphy/ptII/ptolemy/domains/continuous/test/auto/EfficiencyCurve.xml
----------------- Instantiating /home/travis/build/icyphy/ptII/ptolemy/domains/continuous/test/auto/EfficiencyCurve.xml
69 ms. Memory: 272384K Free: 240499K (88%)
----------------- Invoking toplevel() on ptolemy.moml.MoMLSimpleApplication@7c37b127
----------------- Done invoking toplevel() on ptolemy.moml.MoMLSimpleApplication@7c37b127
reloadAllAccessors: .EfficiencyCurve

===========================================================================================
----------------- testing Fri Oct 02 15:40:52 UTC 2020 /home/travis/build/icyphy/ptII/ptolemy/domains/continuous/test/auto/ExponentialResponse.xml
----------------- Instantiating /home/travis/build/icyphy/ptII/ptolemy/domains/continuous/test/auto/ExponentialResponse.xml
87 ms. Memory: 272384K Free: 225139K (83%)
----------------- Invoking toplevel() on ptolemy.moml.MoMLSimpleApplication@42090140
----------------- Done invoking toplevel() on ptolemy.moml.MoMLSimpleApplication@42090140
reloadAllAccessors: .ExponentialResponse

===========================================================================================
----------------- testing Fri Oct 02 15:40:52 UTC 2020 /home/travis/build/icyphy/ptII/ptolemy/domains/continuous/test/auto/ExponentialResponseRK45.xml
----------------- Instantiating /home/travis/build/icyphy/ptII/ptolemy/domains/continuous/test/auto/ExponentialResponseRK45.xml
21 ms. Memory: 272384K Free: 218485K (80%)
----------------- Invoking toplevel() on ptolemy.moml.MoMLSimpleApplication@1c1ecf5
----------------- Done invoking toplevel() on ptolemy.moml.MoMLSimpleApplication@1c1ecf5
reloadAllAccessors: .ExponentialResponseRK45

===========================================================================================
----------------- testing Fri Oct 02 15:40:52 UTC 2020 /home/travis/build/icyphy/ptII/ptolemy/domains/continuous/test/auto/Friction.xml
----------------- Instantiating /home/travis/build/icyphy/ptII/ptolemy/domains/continuous/test/auto/Friction.xml
1427 ms. Memory: 272384K Free: 118166K (43%)
----------------- Invoking toplevel() on ptolemy.moml.MoMLSimpleApplication@448217f6
----------------- Done invoking toplevel() on ptolemy.moml.MoMLSimpleApplication@448217f6
reloadAllAccessors: .Friction

===========================================================================================
----------------- testing Fri Oct 02 15:40:54 UTC 2020 /home/travis/build/icyphy/ptII/ptolemy/domains/continuous/test/auto/FurutaPendulum.xml
----------------- Instantiating /home/travis/build/icyphy/ptII/ptolemy/domains/continuous/test/auto/FurutaPendulum.xml
2866 ms. Memory: 272384K Free: 108669K (40%)
----------------- Invoking toplevel() on ptolemy.moml.MoMLSimpleApplication@3913dab8
----------------- Done invoking toplevel() on ptolemy.moml.MoMLSimpleApplication@3913dab8
reloadAllAccessors: .FurutaPendulum

===========================================================================================
----------------- testing Fri Oct 02 15:40:57 UTC 2020 /home/travis/build/icyphy/ptII/ptolemy/domains/continuous/test/auto/HierarchicalExecution.xml
----------------- Instantiating /home/travis/build/icyphy/ptII/ptolemy/domains/continuous/test/auto/HierarchicalExecution.xml
1585 ms. Memory: 272384K Free: 151763K (56%)
----------------- Invoking toplevel() on ptolemy.moml.MoMLSimpleApplication@1fd01d1
----------------- Done invoking toplevel() on ptolemy.moml.MoMLSimpleApplication@1fd01d1
reloadAllAccessors: .HierarchicalExecution

===========================================================================================
----------------- testing Fri Oct 02 15:40:59 UTC 2020 /home/travis/build/icyphy/ptII/ptolemy/domains/continuous/test/auto/HybridPlant.xml
----------------- Instantiating /home/travis/build/icyphy/ptII/ptolemy/domains/continuous/test/auto/HybridPlant.xml
476 ms. Memory: 272384K Free: 210162K (77%)
----------------- Invoking toplevel() on ptolemy.moml.MoMLSimpleApplication@5c92c67e
----------------- Done invoking toplevel() on ptolemy.moml.MoMLSimpleApplication@5c92c67e
reloadAllAccessors: .HybridPlant

===========================================================================================
----------------- testing Fri Oct 02 15:40:59 UTC 2020 /home/travis/build/icyphy/ptII/ptolemy/domains/continuous/test/auto/Hysteresis.xml
----------------- Instantiating /home/travis/build/icyphy/ptII/ptolemy/domains/continuous/test/auto/Hysteresis.xml
138 ms. Memory: 272384K Free: 147684K (54%)
----------------- Invoking toplevel() on ptolemy.moml.MoMLSimpleApplication@607518d2
----------------- Done invoking toplevel() on ptolemy.moml.MoMLSimpleApplication@607518d2
reloadAllAccessors: .Hysteresis

===========================================================================================
----------------- testing Fri Oct 02 15:40:59 UTC 2020 /home/travis/build/icyphy/ptII/ptolemy/domains/continuous/test/auto/HysteresisWithRandomDelay.xml
----------------- Instantiating /home/travis/build/icyphy/ptII/ptolemy/domains/continuous/test/auto/HysteresisWithRandomDelay.xml
177 ms. Memory: 272384K Free: 237885K (87%)
----------------- Invoking toplevel() on ptolemy.moml.MoMLSimpleApplication@4d9680b
----------------- Done invoking toplevel() on ptolemy.moml.MoMLSimpleApplication@4d9680b
reloadAllAccessors: .HysteresisWithRandomDelay

===========================================================================================
----------------- testing Fri Oct 02 15:41:00 UTC 2020 /home/travis/build/icyphy/ptII/ptolemy/domains/continuous/test/auto/HysteresisWithRandomLosses.xml
----------------- Instantiating /home/travis/build/icyphy/ptII/ptolemy/domains/continuous/test/auto/HysteresisWithRandomLosses.xml
2246 ms. Memory: 327680K Free: 232264K (71%)
----------------- Invoking toplevel() on ptolemy.moml.MoMLSimpleApplication@2abf7ecd
----------------- Done invoking toplevel() on ptolemy.moml.MoMLSimpleApplication@2abf7ecd
reloadAllAccessors: .HysteresisWithRandomLosses

===========================================================================================
----------------- testing Fri Oct 02 15:41:02 UTC 2020 /home/travis/build/icyphy/ptII/ptolemy/domains/continuous/test/auto/ImmediateTransitions.xml
----------------- Instantiating /home/travis/build/icyphy/ptII/ptolemy/domains/continuous/test/auto/ImmediateTransitions.xml
11 ms. Memory: 327680K Free: 221000K (67%)
----------------- Invoking toplevel() on ptolemy.moml.MoMLSimpleApplication@5b90388e
----------------- Done invoking toplevel() on ptolemy.moml.MoMLSimpleApplication@5b90388e
reloadAllAccessors: .ImmediateTransitions

===========================================================================================
----------------- testing Fri Oct 02 15:41:02 UTC 2020 /home/travis/build/icyphy/ptII/ptolemy/domains/continuous/test/auto/ImpulseFeedback.xml
----------------- Instantiating /home/travis/build/icyphy/ptII/ptolemy/domains/continuous/test/auto/ImpulseFeedback.xml
6 ms. Memory: 327680K Free: 215384K (66%)
----------------- Invoking toplevel() on ptolemy.moml.MoMLSimpleApplication@6d970b15
----------------- Done invoking toplevel() on ptolemy.moml.MoMLSimpleApplication@6d970b15
reloadAllAccessors: .ImpulseFeedback

===========================================================================================
----------------- testing Fri Oct 02 15:41:02 UTC 2020 /home/travis/build/icyphy/ptII/ptolemy/domains/continuous/test/auto/ImpulseFeedback2.xml
----------------- Instantiating /home/travis/build/icyphy/ptII/ptolemy/domains/continuous/test/auto/ImpulseFeedback2.xml
6 ms. Memory: 327680K Free: 209750K (64%)
----------------- Invoking toplevel() on ptolemy.moml.MoMLSimpleApplication@5c5908c8
----------------- Done invoking toplevel() on ptolemy.moml.MoMLSimpleApplication@5c5908c8
reloadAllAccessors: .ImpulseFeedback2

===========================================================================================
----------------- testing Fri Oct 02 15:41:02 UTC 2020 /home/travis/build/icyphy/ptII/ptolemy/domains/continuous/test/auto/IncreasingRatePoisson.xml
----------------- Instantiating /home/travis/build/icyphy/ptII/ptolemy/domains/continuous/test/auto/IncreasingRatePoisson.xml
675 ms. Memory: 327680K Free: 281998K (86%)
----------------- Invoking toplevel() on ptolemy.moml.MoMLSimpleApplication@239002ad
----------------- Done invoking toplevel() on ptolemy.moml.MoMLSimpleApplication@239002ad
reloadAllAccessors: .IncreasingRatePoisson

===========================================================================================
----------------- testing Fri Oct 02 15:41:03 UTC 2020 /home/travis/build/icyphy/ptII/ptolemy/domains/continuous/test/auto/InitialStateFeedback.xml
----------------- Instantiating /home/travis/build/icyphy/ptII/ptolemy/domains/continuous/test/auto/InitialStateFeedback.xml
6 ms. Memory: 327680K Free: 277392K (85%)
----------------- Invoking toplevel() on ptolemy.moml.MoMLSimpleApplication@69104936
----------------- Done invoking toplevel() on ptolemy.moml.MoMLSimpleApplication@69104936
reloadAllAccessors: .InitialStateFeedback

===========================================================================================
----------------- testing Fri Oct 02 15:41:03 UTC 2020 /home/travis/build/icyphy/ptII/ptolemy/domains/continuous/test/auto/Integration.xml
----------------- Instantiating /home/travis/build/icyphy/ptII/ptolemy/domains/continuous/test/auto/Integration.xml
2 ms. Memory: 327680K Free: 273296K (83%)
----------------- Invoking toplevel() on ptolemy.moml.MoMLSimpleApplication@3ba15d9e
----------------- Done invoking toplevel() on ptolemy.moml.MoMLSimpleApplication@3ba15d9e
reloadAllAccessors: .Integration

===========================================================================================
----------------- testing Fri Oct 02 15:41:03 UTC 2020 /home/travis/build/icyphy/ptII/ptolemy/domains/continuous/test/auto/Integration2.xml
----------------- Instantiating /home/travis/build/icyphy/ptII/ptolemy/domains/continuous/test/auto/Integration2.xml
63 ms. Memory: 327680K Free: 259470K (79%)
----------------- Invoking toplevel() on ptolemy.moml.MoMLSimpleApplication@28083a91
----------------- Done invoking toplevel() on ptolemy.moml.MoMLSimpleApplication@28083a91
reloadAllAccessors: .Integration2

===========================================================================================
----------------- testing Fri Oct 02 15:41:03 UTC 2020 /home/travis/build/icyphy/ptII/ptolemy/domains/continuous/test/auto/Integration3.xml
----------------- Instantiating /home/travis/build/icyphy/ptII/ptolemy/domains/continuous/test/auto/Integration3.xml
2 ms. Memory: 327680K Free: 254864K (78%)
----------------- Invoking toplevel() on ptolemy.moml.MoMLSimpleApplication@56d1d24c
----------------- Done invoking toplevel() on ptolemy.moml.MoMLSimpleApplication@56d1d24c
reloadAllAccessors: .Integration3

===========================================================================================
----------------- testing Fri Oct 02 15:41:03 UTC 2020 /home/travis/build/icyphy/ptII/ptolemy/domains/continuous/test/auto/Integration5.xml
----------------- Instantiating /home/travis/build/icyphy/ptII/ptolemy/domains/continuous/test/auto/Integration5.xml
2 ms. Memory: 327680K Free: 250768K (77%)
----------------- Invoking toplevel() on ptolemy.moml.MoMLSimpleApplication@2facd0ee
----------------- Done invoking toplevel() on ptolemy.moml.MoMLSimpleApplication@2facd0ee
reloadAllAccessors: .Integration5

===========================================================================================
----------------- testing Fri Oct 02 15:41:03 UTC 2020 /home/travis/build/icyphy/ptII/ptolemy/domains/continuous/test/auto/IntegratorImpulse.xml
----------------- Instantiating /home/travis/build/icyphy/ptII/ptolemy/domains/continuous/test/auto/IntegratorImpulse.xml
2 ms. Memory: 327680K Free: 246672K (75%)
----------------- Invoking toplevel() on ptolemy.moml.MoMLSimpleApplication@75cf4a95
----------------- Done invoking toplevel() on ptolemy.moml.MoMLSimpleApplication@75cf4a95
reloadAllAccessors: .IntegratorImpulse

===========================================================================================
----------------- testing Fri Oct 02 15:41:03 UTC 2020 /home/travis/build/icyphy/ptII/ptolemy/domains/continuous/test/auto/IntegratorImpulse2.xml
----------------- Instantiating /home/travis/build/icyphy/ptII/ptolemy/domains/continuous/test/auto/IntegratorImpulse2.xml
3 ms. Memory: 327680K Free: 242032K (74%)
----------------- Invoking toplevel() on ptolemy.moml.MoMLSimpleApplication@76f74a6e
----------------- Done invoking toplevel() on ptolemy.moml.MoMLSimpleApplication@76f74a6e
reloadAllAccessors: .IntegratorImpulse2

===========================================================================================
----------------- testing Fri Oct 02 15:41:03 UTC 2020 /home/travis/build/icyphy/ptII/ptolemy/domains/continuous/test/auto/LevelCrossing1.xml
----------------- Instantiating /home/travis/build/icyphy/ptII/ptolemy/domains/continuous/test/auto/LevelCrossing1.xml
2 ms. Memory: 327680K Free: 236928K (72%)
----------------- Invoking toplevel() on ptolemy.moml.MoMLSimpleApplication@15574897
----------------- Done invoking toplevel() on ptolemy.moml.MoMLSimpleApplication@15574897
reloadAllAccessors: .LevelCrossing1

===========================================================================================
----------------- testing Fri Oct 02 15:41:03 UTC 2020 /home/travis/build/icyphy/ptII/ptolemy/domains/continuous/test/auto/LevelCrossing2.xml
----------------- Instantiating /home/travis/build/icyphy/ptII/ptolemy/domains/continuous/test/auto/LevelCrossing2.xml
3 ms. Memory: 327680K Free: 231822K (71%)
----------------- Invoking toplevel() on ptolemy.moml.MoMLSimpleApplication@7532dfc7
----------------- Done invoking toplevel() on ptolemy.moml.MoMLSimpleApplication@7532dfc7
reloadAllAccessors: .LevelCrossing2

===========================================================================================
----------------- testing Fri Oct 02 15:41:03 UTC 2020 /home/travis/build/icyphy/ptII/ptolemy/domains/continuous/test/auto/LevelCrossing3.xml
----------------- Instantiating /home/travis/build/icyphy/ptII/ptolemy/domains/continuous/test/auto/LevelCrossing3.xml
2 ms. Memory: 327680K Free: 226702K (69%)
----------------- Invoking toplevel() on ptolemy.moml.MoMLSimpleApplication@2b60951e
----------------- Done invoking toplevel() on ptolemy.moml.MoMLSimpleApplication@2b60951e
reloadAllAccessors: .LevelCrossing3

===========================================================================================
----------------- testing Fri Oct 02 15:41:03 UTC 2020 /home/travis/build/icyphy/ptII/ptolemy/domains/continuous/test/auto/LevelCrossing4.xml
----------------- Instantiating /home/travis/build/icyphy/ptII/ptolemy/domains/continuous/test/auto/LevelCrossing4.xml
4 ms. Memory: 327680K Free: 221576K (68%)
----------------- Invoking toplevel() on ptolemy.moml.MoMLSimpleApplication@e92555a
----------------- Done invoking toplevel() on ptolemy.moml.MoMLSimpleApplication@e92555a
reloadAllAccessors: .LevelCrossing4

===========================================================================================
----------------- testing Fri Oct 02 15:41:03 UTC 2020 /home/travis/build/icyphy/ptII/ptolemy/domains/continuous/test/auto/LevelCrossing5.xml
----------------- Instantiating /home/travis/build/icyphy/ptII/ptolemy/domains/continuous/test/auto/LevelCrossing5.xml
3 ms. Memory: 327680K Free: 216462K (66%)
----------------- Invoking toplevel() on ptolemy.moml.MoMLSimpleApplication@75589e34
----------------- Done invoking toplevel() on ptolemy.moml.MoMLSimpleApplication@75589e34
reloadAllAccessors: .LevelCrossing5

===========================================================================================
[...]
----------------- testing Fri Oct 02 15:41:18 UTC 2020 /home/travis/build/icyphy/ptII/ptolemy/domains/continuous/test/auto/SRinContinuous.xml
----------------- Instantiating /home/travis/build/icyphy/ptII/ptolemy/domains/continuous/test/auto/SRinContinuous.xml
4 ms. Memory: 327680K Free: 227660K (69%)
----------------- Invoking toplevel() on ptolemy.moml.MoMLSimpleApplication@4acedde6
----------------- Done invoking toplevel() on ptolemy.moml.MoMLSimpleApplication@4acedde6
reloadAllAccessors: .SRinContinuous

===========================================================================================
----------------- testing Fri Oct 02 15:41:18 UTC 2020 /home/travis/build/icyphy/ptII/ptolemy/domains/continuous/test/auto/SampledClocks.xml
----------------- Instantiating /home/travis/build/icyphy/ptII/ptolemy/domains/continuous/test/auto/SampledClocks.xml
7 ms. Memory: 327680K Free: 214862K (66%)
----------------- Invoking toplevel() on ptolemy.moml.MoMLSimpleApplication@4353d266
----------------- Done invoking toplevel() on ptolemy.moml.MoMLSimpleApplication@4353d266
reloadAllAccessors: .SampledClocks

===========================================================================================
----------------- testing Fri Oct 02 15:41:18 UTC 2020 /home/travis/build/icyphy/ptII/ptolemy/domains/continuous/test/auto/Satellite.xml
----------------- Instantiating /home/travis/build/icyphy/ptII/ptolemy/domains/continuous/test/auto/Satellite.xml
592 ms. Memory: 327680K Free: 217971K (67%)
----------------- Invoking toplevel() on ptolemy.moml.MoMLSimpleApplication@3bfae85b
----------------- Done invoking toplevel() on ptolemy.moml.MoMLSimpleApplication@3bfae85b
reloadAllAccessors: .Satellite

===========================================================================================
----------------- testing Fri Oct 02 15:41:19 UTC 2020 /home/travis/build/icyphy/ptII/ptolemy/domains/continuous/test/auto/SigmaDelta.xml
----------------- Instantiating /home/travis/build/icyphy/ptII/ptolemy/domains/continuous/test/auto/SigmaDelta.xml
1768 ms. Memory: 327680K Free: 151508K (46%)
----------------- Invoking toplevel() on ptolemy.moml.MoMLSimpleApplication@53efe43c
----------------- Done invoking toplevel() on ptolemy.moml.MoMLSimpleApplication@53efe43c
reloadAllAccessors: .SigmaDelta

===========================================================================================
----------------- testing Fri Oct 02 15:41:21 UTC 2020 /home/travis/build/icyphy/ptII/ptolemy/domains/continuous/test/auto/SingleRefinement.xml
----------------- Instantiating /home/travis/build/icyphy/ptII/ptolemy/domains/continuous/test/auto/SingleRefinement.xml
305 ms. Memory: 327680K Free: 163870K (50%)
----------------- Invoking toplevel() on ptolemy.moml.MoMLSimpleApplication@4850ad15
----------------- Done invoking toplevel() on ptolemy.moml.MoMLSimpleApplication@4850ad15
reloadAllAccessors: .SingleRefinement

===========================================================================================
----------------- testing Fri Oct 02 15:41:21 UTC 2020 /home/travis/build/icyphy/ptII/ptolemy/domains/continuous/test/auto/SinuBouncingBall.xml
----------------- Instantiating /home/travis/build/icyphy/ptII/ptolemy/domains/continuous/test/auto/SinuBouncingBall.xml
723 ms. Memory: 327680K Free: 146578K (45%)
----------------- Invoking toplevel() on ptolemy.moml.MoMLSimpleApplication@da18ed0
----------------- Done invoking toplevel() on ptolemy.moml.MoMLSimpleApplication@da18ed0
reloadAllAccessors: .SinuBouncingBall

===========================================================================================
----------------- testing Fri Oct 02 15:41:22 UTC 2020 /home/travis/build/icyphy/ptII/ptolemy/domains/continuous/test/auto/Sinusoid.xml
----------------- Instantiating /home/travis/build/icyphy/ptII/ptolemy/domains/continuous/test/auto/Sinusoid.xml
3 ms. Memory: 327680K Free: 141954K (43%)
----------------- Invoking toplevel() on ptolemy.moml.MoMLSimpleApplication@2d404e03
----------------- Done invoking toplevel() on ptolemy.moml.MoMLSimpleApplication@2d404e03
reloadAllAccessors: .Sinusoid

===========================================================================================
----------------- testing Fri Oct 02 15:41:22 UTC 2020 /home/travis/build/icyphy/ptII/ptolemy/domains/continuous/test/auto/SinusoidInNoise.xml
----------------- Instantiating /home/travis/build/icyphy/ptII/ptolemy/domains/continuous/test/auto/SinusoidInNoise.xml
825 ms. Memory: 327680K Free: 202017K (62%)
----------------- Invoking toplevel() on ptolemy.moml.MoMLSimpleApplication@3b1776f9
----------------- Done invoking toplevel() on ptolemy.moml.MoMLSimpleApplication@3b1776f9
reloadAllAccessors: .SinusoidInNoise

===========================================================================================
----------------- testing Fri Oct 02 15:41:23 UTC 2020 /home/travis/build/icyphy/ptII/ptolemy/domains/continuous/test/auto/SinusoidRK45.xml
----------------- Instantiating /home/travis/build/icyphy/ptII/ptolemy/domains/continuous/test/auto/SinusoidRK45.xml
2 ms. Memory: 327680K Free: 197636K (60%)
----------------- Invoking toplevel() on ptolemy.moml.MoMLSimpleApplication@4a3d6085
----------------- Done invoking toplevel() on ptolemy.moml.MoMLSimpleApplication@4a3d6085
reloadAllAccessors: .SinusoidRK45

===========================================================================================
----------------- testing Fri Oct 02 15:41:23 UTC 2020 /home/travis/build/icyphy/ptII/ptolemy/domains/continuous/test/auto/SinusoidWithMultipleImpulses.xml
----------------- Instantiating /home/travis/build/icyphy/ptII/ptolemy/domains/continuous/test/auto/SinusoidWithMultipleImpulses.xml
3 ms. Memory: 327680K Free: 193026K (59%)
----------------- Invoking toplevel() on ptolemy.moml.MoMLSimpleApplication@297bb60a
----------------- Done invoking toplevel() on ptolemy.moml.MoMLSimpleApplication@297bb60a
reloadAllAccessors: .SinusoidWithMultipleImpulses

===========================================================================================
----------------- testing Fri Oct 02 15:41:23 UTC 2020 /home/travis/build/icyphy/ptII/ptolemy/domains/continuous/test/auto/SquareWave.xml
----------------- Instantiating /home/travis/build/icyphy/ptII/ptolemy/domains/continuous/test/auto/SquareWave.xml
138 ms. Memory: 327680K Free: 165378K (50%)
----------------- Invoking toplevel() on ptolemy.moml.MoMLSimpleApplication@5f866d71
----------------- Done invoking toplevel() on ptolemy.moml.MoMLSimpleApplication@5f866d71
reloadAllAccessors: .SquareWave

===========================================================================================
----------------- testing Fri Oct 02 15:41:23 UTC 2020 /home/travis/build/icyphy/ptII/ptolemy/domains/continuous/test/auto/Starmac.xml
----------------- Instantiating /home/travis/build/icyphy/ptII/ptolemy/domains/continuous/test/auto/Starmac.xml
3067 ms. Memory: 327680K Free: 243191K (74%)
----------------- Invoking toplevel() on ptolemy.moml.MoMLSimpleApplication@9652205
----------------- Done invoking toplevel() on ptolemy.moml.MoMLSimpleApplication@9652205
reloadAllAccessors: .Starmac

===========================================================================================
----------------- testing Fri Oct 02 15:41:27 UTC 2020 /home/travis/build/icyphy/ptII/ptolemy/domains/continuous/test/auto/StaticUnits.xml
----------------- Instantiating /home/travis/build/icyphy/ptII/ptolemy/domains/continuous/test/auto/StaticUnits.xml
1685 ms. Memory: 327680K Free: 178156K (54%)
----------------- Invoking toplevel() on ptolemy.moml.MoMLSimpleApplication@13ad2c4c
----------------- Done invoking toplevel() on ptolemy.moml.MoMLSimpleApplication@13ad2c4c
reloadAllAccessors: .StaticUnits

===========================================================================================
----------------- testing Fri Oct 02 15:41:29 UTC 2020 /home/travis/build/icyphy/ptII/ptolemy/domains/continuous/test/auto/StickyMasses.xml
----------------- Instantiating /home/travis/build/icyphy/ptII/ptolemy/domains/continuous/test/auto/StickyMasses.xml
129 ms. Memory: 327680K Free: 128494K (39%)
----------------- Invoking toplevel() on ptolemy.moml.MoMLSimpleApplication@32a1f928
----------------- Done invoking toplevel() on ptolemy.moml.MoMLSimpleApplication@32a1f928
reloadAllAccessors: .StickyMasses

===========================================================================================
----------------- testing Fri Oct 02 15:41:29 UTC 2020 /home/travis/build/icyphy/ptII/ptolemy/domains/continuous/test/auto/StopTime.xml
----------------- Instantiating /home/travis/build/icyphy/ptII/ptolemy/domains/continuous/test/auto/StopTime.xml
62 ms. Memory: 327680K Free: 294181K (90%)
----------------- Invoking toplevel() on ptolemy.moml.MoMLSimpleApplication@35e23123
----------------- Done invoking toplevel() on ptolemy.moml.MoMLSimpleApplication@35e23123
reloadAllAccessors: .StopTime

===========================================================================================
----------------- testing Fri Oct 02 15:41:29 UTC 2020 /home/travis/build/icyphy/ptII/ptolemy/domains/continuous/test/auto/StopTime2.xml
----------------- Instantiating /home/travis/build/icyphy/ptII/ptolemy/domains/continuous/test/auto/StopTime2.xml
38 ms. Memory: 327680K Free: 271757K (83%)
----------------- Invoking toplevel() on ptolemy.moml.MoMLSimpleApplication@141e8fe4
----------------- Done invoking toplevel() on ptolemy.moml.MoMLSimpleApplication@141e8fe4
reloadAllAccessors: .StopTime2

===========================================================================================
----------------- testing Fri Oct 02 15:41:29 UTC 2020 /home/travis/build/icyphy/ptII/ptolemy/domains/continuous/test/auto/Switch.xml
----------------- Instantiating /home/travis/build/icyphy/ptII/ptolemy/domains/continuous/test/auto/Switch.xml
40 ms. Memory: 327680K Free: 246685K (75%)
----------------- Invoking toplevel() on ptolemy.moml.MoMLSimpleApplication@1147d2b7
----------------- Done invoking toplevel() on ptolemy.moml.MoMLSimpleApplication@1147d2b7
reloadAllAccessors: .Switch

===========================================================================================
----------------- testing Fri Oct 02 15:41:29 UTC 2020 /home/travis/build/icyphy/ptII/ptolemy/domains/continuous/test/auto/Thermostat.xml
----------------- Instantiating /home/travis/build/icyphy/ptII/ptolemy/domains/continuous/test/auto/Thermostat.xml
165 ms. Memory: 327680K Free: 174491K (53%)
----------------- Invoking toplevel() on ptolemy.moml.MoMLSimpleApplication@152983b
----------------- Done invoking toplevel() on ptolemy.moml.MoMLSimpleApplication@152983b
reloadAllAccessors: .Thermostat

===========================================================================================
----------------- testing Fri Oct 02 15:41:29 UTC 2020 /home/travis/build/icyphy/ptII/ptolemy/domains/continuous/test/auto/TimeDelay.xml
----------------- Instantiating /home/travis/build/icyphy/ptII/ptolemy/domains/continuous/test/auto/TimeDelay.xml
5 ms. Memory: 327680K Free: 169885K (52%)
----------------- Invoking toplevel() on ptolemy.moml.MoMLSimpleApplication@44eb8359
----------------- Done invoking toplevel() on ptolemy.moml.MoMLSimpleApplication@44eb8359
reloadAllAccessors: .TimeDelay

===========================================================================================
----------------- testing Fri Oct 02 15:41:29 UTC 2020 /home/travis/build/icyphy/ptII/ptolemy/domains/continuous/test/auto/TimeDelay2.xml
----------------- Instantiating /home/travis/build/icyphy/ptII/ptolemy/domains/continuous/test/auto/TimeDelay2.xml
6 ms. Memory: 327680K Free: 159645K (49%)
----------------- Invoking toplevel() on ptolemy.moml.MoMLSimpleApplication@110642ea
----------------- Done invoking toplevel() on ptolemy.moml.MoMLSimpleApplication@110642ea
reloadAllAccessors: .TimeDelay2

===========================================================================================
----------------- testing Fri Oct 02 15:41:29 UTC 2020 /home/travis/build/icyphy/ptII/ptolemy/domains/continuous/test/auto/TimeDelay3.xml
----------------- Instantiating /home/travis/build/icyphy/ptII/ptolemy/domains/continuous/test/auto/TimeDelay3.xml
2 ms. Memory: 327680K Free: 155021K (47%)
----------------- Invoking toplevel() on ptolemy.moml.MoMLSimpleApplication@4a16e1c6
----------------- Done invoking toplevel() on ptolemy.moml.MoMLSimpleApplication@4a16e1c6
reloadAllAccessors: .TimeDelay3

===========================================================================================
----------------- testing Fri Oct 02 15:41:29 UTC 2020 /home/travis/build/icyphy/ptII/ptolemy/domains/continuous/test/auto/TransferAbsentToInside.xml
----------------- Instantiating /home/travis/build/icyphy/ptII/ptolemy/domains/continuous/test/auto/TransferAbsentToInside.xml
27 ms. Memory: 327680K Free: 292757K (89%)
----------------- Invoking toplevel() on ptolemy.moml.MoMLSimpleApplication@78b08e89
----------------- Done invoking toplevel() on ptolemy.moml.MoMLSimpleApplication@78b08e89
reloadAllAccessors: .TransferAbsentToInside

===========================================================================================
----------------- testing Fri Oct 02 15:41:30 UTC 2020 /home/travis/build/icyphy/ptII/ptolemy/domains/continuous/test/auto/Transmission.xml
----------------- Instantiating /home/travis/build/icyphy/ptII/ptolemy/domains/continuous/test/auto/Transmission.xml
800 ms. Memory: 393216K Free: 319360K (81%)
----------------- Invoking toplevel() on ptolemy.moml.MoMLSimpleApplication@3904134a
----------------- Done invoking toplevel() on ptolemy.moml.MoMLSimpleApplication@3904134a
reloadAllAccessors: .Transmission

===========================================================================================
----------------- testing Fri Oct 02 15:41:30 UTC 2020 /home/travis/build/icyphy/ptII/ptolemy/domains/continuous/test/auto/TriggeredContinuousClock.xml
----------------- Instantiating /home/travis/build/icyphy/ptII/ptolemy/domains/continuous/test/auto/TriggeredContinuousClock.xml
36 ms. Memory: 393216K Free: 289679K (74%)
----------------- Invoking toplevel() on ptolemy.moml.MoMLSimpleApplication@4e4b27ab
----------------- Done invoking toplevel() on ptolemy.moml.MoMLSimpleApplication@4e4b27ab
reloadAllAccessors: .TriggeredContinuousClock

===========================================================================================
----------------- testing Fri Oct 02 15:41:31 UTC 2020 /home/travis/build/icyphy/ptII/ptolemy/domains/continuous/test/auto/TwoMachineInfiniteBusControl.xml
----------------- Instantiating /home/travis/build/icyphy/ptII/ptolemy/domains/continuous/test/auto/TwoMachineInfiniteBusControl.xml
2417 ms. Memory: 393216K Free: 163702K (42%)
----------------- Invoking toplevel() on ptolemy.moml.MoMLSimpleApplication@760a964f
----------------- Done invoking toplevel() on ptolemy.moml.MoMLSimpleApplication@760a964f
reloadAllAccessors: .TwoMachineInfiniteBusControl

===========================================================================================
----------------- testing Fri Oct 02 15:41:33 UTC 2020 /home/travis/build/icyphy/ptII/ptolemy/domains/continuous/test/auto/V2V.xml
----------------- Instantiating /home/travis/build/icyphy/ptII/ptolemy/domains/continuous/test/auto/V2V.xml
734 ms. Memory: 393216K Free: 205169K (52%)
----------------- Invoking toplevel() on ptolemy.moml.MoMLSimpleApplication@74aa9c0b
----------------- Done invoking toplevel() on ptolemy.moml.MoMLSimpleApplication@74aa9c0b
reloadAllAccessors: .V2V

===========================================================================================
----------------- testing Fri Oct 02 15:41:34 UTC 2020 /home/travis/build/icyphy/ptII/ptolemy/domains/continuous/test/auto/hierarchicalModalModel.xml
----------------- Instantiating /home/travis/build/icyphy/ptII/ptolemy/domains/continuous/test/auto/hierarchicalModalModel.xml
9 ms. Memory: 393216K Free: 190833K (49%)
----------------- Invoking toplevel() on ptolemy.moml.MoMLSimpleApplication@7724b39b
----------------- Done invoking toplevel() on ptolemy.moml.MoMLSimpleApplication@7724b39b
reloadAllAccessors: .hierarchicalModalModel

===========================================================================================
----------------- testing Fri Oct 02 15:41:34 UTC 2020 /home/travis/build/icyphy/ptII/ptolemy/domains/continuous/test/auto/hierarchicalModalModel1.xml
----------------- Instantiating /home/travis/build/icyphy/ptII/ptolemy/domains/continuous/test/auto/hierarchicalModalModel1.xml
8 ms. Memory: 393216K Free: 176497K (45%)
----------------- Invoking toplevel() on ptolemy.moml.MoMLSimpleApplication@2575ec0
----------------- Done invoking toplevel() on ptolemy.moml.MoMLSimpleApplication@2575ec0
reloadAllAccessors: .hierarchicalModalModel1

===========================================================================================
----------------- testing Fri Oct 02 15:41:34 UTC 2020 /home/travis/build/icyphy/ptII/ptolemy/domains/continuous/test/auto/hierarchicalModalModel2.xml
----------------- Instantiating /home/travis/build/icyphy/ptII/ptolemy/domains/continuous/test/auto/hierarchicalModalModel2.xml
6 ms. Memory: 393216K Free: 164209K (42%)
----------------- Invoking toplevel() on ptolemy.moml.MoMLSimpleApplication@35fdacec
----------------- Done invoking toplevel() on ptolemy.moml.MoMLSimpleApplication@35fdacec
reloadAllAccessors: .hierarchicalModalModel2

===========================================================================================
----------------- testing Fri Oct 02 15:41:34 UTC 2020 /home/travis/build/icyphy/ptII/ptolemy/domains/continuous/test/auto/hierarchicalModalModel3.xml
----------------- Instantiating /home/travis/build/icyphy/ptII/ptolemy/domains/continuous/test/auto/hierarchicalModalModel3.xml
5 ms. Memory: 393216K Free: 153455K (39%)
----------------- Invoking toplevel() on ptolemy.moml.MoMLSimpleApplication@4c031e3c
----------------- Done invoking toplevel() on ptolemy.moml.MoMLSimpleApplication@4c031e3c
reloadAllAccessors: .hierarchicalModalModel3

===========================================================================================
----------------- testing Fri Oct 02 15:41:34 UTC 2020 /home/travis/build/icyphy/ptII/ptolemy/domains/continuous/test/auto/hierarchicalModalModel4.xml
----------------- Instantiating /home/travis/build/icyphy/ptII/ptolemy/domains/continuous/test/auto/hierarchicalModalModel4.xml
6 ms. Memory: 393216K Free: 141681K (36%)
----------------- Invoking toplevel() on ptolemy.moml.MoMLSimpleApplication@21845938
----------------- Done invoking toplevel() on ptolemy.moml.MoMLSimpleApplication@21845938
reloadAllAccessors: .hierarchicalModalModel4

===========================================================================================
----------------- testing Fri Oct 02 15:41:34 UTC 2020 /home/travis/build/icyphy/ptII/ptolemy/domains/continuous/test/auto/junk.xml
----------------- Instantiating /home/travis/build/icyphy/ptII/ptolemy/domains/continuous/test/auto/junk.xml
112 ms. Memory: 393216K Free: 343377K (87%)
----------------- Invoking toplevel() on ptolemy.moml.MoMLSimpleApplication@673e491a
----------------- Done invoking toplevel() on ptolemy.moml.MoMLSimpleApplication@673e491a
reloadAllAccessors: .junk
AutoTests.java: About to close Vertx.
AutoTests.java: Vertx closed.
]]></system-out>
  <system-err><![CDATA[Warning: '.HysteresisWithRandomDelay.NonStrictTest' The test produced only 221 tokens, yet the correctValues parameter was expecting 222 tokens.
Warning: '.HysteresisWithRandomDelay.NonStrictTest2' The test produced only 220 tokens, yet the correctValues parameter was expecting 221 tokens.
Warning: '.Poisson.NonStrictTest' The test produced only 409 tokens, yet the correctValues parameter was expecting 430 tokens.
]]></system-err>
</testsuite>
