<?xml version="1.0" encoding="UTF-8" ?>
<testsuite errors="0" failures="0" hostname="travis-job-52d6bb54-3b79-4185-aa9e-174893e427ee" name="ptolemy.domains.de.test.junit.JUnitTclTest" skipped="0" tests="101" time="130.216" timestamp="2018-10-24T02:39:00">
  <properties>
[...]
</properties>
  <testcase classname="ptolemy.util.test.junit.TclTests" name="[0] /home/travis/build/icyphy/ptII/ptolemy/domains/de/test/DependencyLoop.tcl (RunTclFile)" time="0.705" />
  <testcase classname="ptolemy.util.test.junit.TclTests" name="[1] /home/travis/build/icyphy/ptII/ptolemy/domains/de/test/RunDETestsAsQSS.tcl (RunTclFile)" time="89.834" />
  <testcase classname="ptolemy.util.test.junit.AutoKnownFailedTests" name="[0] /home/travis/build/icyphy/ptII/ptolemy/domains/de/test/auto/knownFailedTests/DESDFClockTest.xml (RunModel)" time="2.035" />
  <testcase classname="ptolemy.util.test.junit.AutoKnownFailedTests" name="[1] /home/travis/build/icyphy/ptII/ptolemy/domains/de/test/auto/knownFailedTests/DirectFeedback.xml (RunModel)" time="0.008" />
  <testcase classname="ptolemy.util.test.junit.AutoKnownFailedTests" name="[2] /home/travis/build/icyphy/ptII/ptolemy/domains/de/test/auto/knownFailedTests/FSMSource.xml (RunModel)" time="0.013" />
  <testcase classname="ptolemy.util.test.junit.AutoKnownFailedTests" name="[3] /home/travis/build/icyphy/ptII/ptolemy/domains/de/test/auto/knownFailedTests/HierarchicalModel.xml (RunModel)" time="0.039" />
  <testcase classname="ptolemy.util.test.junit.AutoKnownFailedTests" name="[4] /home/travis/build/icyphy/ptII/ptolemy/domains/de/test/auto/knownFailedTests/dependencyLoop.xml (RunModel)" time="0.048" />
  <testcase classname="ptolemy.util.test.junit.AutoKnownFailedTests" name="[5] /home/travis/build/icyphy/ptII/ptolemy/domains/de/test/auto/knownFailedTests/dependencyLoop2.xml (RunModel)" time="0.04" />
  <testcase classname="ptolemy.util.test.junit.AutoNameArchTests" name="[0] ThereAreNoAutoArchTests (RunModel)" time="0.0" />
  <testcase classname="ptolemy.util.test.junit.AutoTests" name="[0] /home/travis/build/icyphy/ptII/ptolemy/domains/de/test/auto/ActorDepthCalculation_actorWithoutPorts.xml (RunModel)" time="0.024" />
  <testcase classname="ptolemy.util.test.junit.AutoTests" name="[1] /home/travis/build/icyphy/ptII/ptolemy/domains/de/test/auto/AssemblyLine.xml (RunModel)" time="0.02" />
  <testcase classname="ptolemy.util.test.junit.AutoTests" name="[2] /home/travis/build/icyphy/ptII/ptolemy/domains/de/test/auto/CQBug1.xml (RunModel)" time="0.012" />
  <testcase classname="ptolemy.util.test.junit.AutoTests" name="[3] /home/travis/build/icyphy/ptII/ptolemy/domains/de/test/auto/CancelFireAt.xml (RunModel)" time="0.01" />
  <testcase classname="ptolemy.util.test.junit.AutoTests" name="[4] /home/travis/build/icyphy/ptII/ptolemy/domains/de/test/auto/CausalityAndComposabilityAnalysis.xml (RunModel)" time="0.014" />
  <testcase classname="ptolemy.util.test.junit.AutoTests" name="[5] /home/travis/build/icyphy/ptII/ptolemy/domains/de/test/auto/CausalityInterface1.xml (RunModel)" time="0.021" />
  <testcase classname="ptolemy.util.test.junit.AutoTests" name="[6] /home/travis/build/icyphy/ptII/ptolemy/domains/de/test/auto/CausalityInterface15.xml (RunModel)" time="0.016" />
  <testcase classname="ptolemy.util.test.junit.AutoTests" name="[7] /home/travis/build/icyphy/ptII/ptolemy/domains/de/test/auto/CausalityInterface2.xml (RunModel)" time="0.014" />
  <testcase classname="ptolemy.util.test.junit.AutoTests" name="[8] /home/travis/build/icyphy/ptII/ptolemy/domains/de/test/auto/CausalityInterface3.xml (RunModel)" time="0.013" />
  <testcase classname="ptolemy.util.test.junit.AutoTests" name="[9] /home/travis/build/icyphy/ptII/ptolemy/domains/de/test/auto/ClockDrift.xml (RunModel)" time="0.05" />
  <testcase classname="ptolemy.util.test.junit.AutoTests" name="[10] /home/travis/build/icyphy/ptII/ptolemy/domains/de/test/auto/ClockDriftAndValueChange.xml (RunModel)" time="0.035" />
  <testcase classname="ptolemy.util.test.junit.AutoTests" name="[11] /home/travis/build/icyphy/ptII/ptolemy/domains/de/test/auto/ClockDriftChange.xml (RunModel)" time="0.033" />
  <testcase classname="ptolemy.util.test.junit.AutoTests" name="[12] /home/travis/build/icyphy/ptII/ptolemy/domains/de/test/auto/ComposableCausalityAnalysis.xml (RunModel)" time="0.019" />
  <testcase classname="ptolemy.util.test.junit.AutoTests" name="[13] /home/travis/build/icyphy/ptII/ptolemy/domains/de/test/auto/DEFixedPointLimitation.xml (RunModel)" time="0.009" />
  <testcase classname="ptolemy.util.test.junit.AutoTests" name="[14] /home/travis/build/icyphy/ptII/ptolemy/domains/de/test/auto/DEScheduleTest.xml (RunModel)" time="0.037" />
  <testcase classname="ptolemy.util.test.junit.AutoTests" name="[15] /home/travis/build/icyphy/ptII/ptolemy/domains/de/test/auto/DEinDEwithStartTimes.xml (RunModel)" time="0.017" />
  <testcase classname="ptolemy.util.test.junit.AutoTests" name="[16] /home/travis/build/icyphy/ptII/ptolemy/domains/de/test/auto/DEinDEwithStartTimes2.xml (RunModel)" time="0.016" />
  <testcase classname="ptolemy.util.test.junit.AutoTests" name="[17] /home/travis/build/icyphy/ptII/ptolemy/domains/de/test/auto/DateDemo.xml (RunModel)" time="0.031" />
  <testcase classname="ptolemy.util.test.junit.AutoTests" name="[18] /home/travis/build/icyphy/ptII/ptolemy/domains/de/test/auto/DateToEvent.xml (RunModel)" time="2.041" />
  <testcase classname="ptolemy.util.test.junit.AutoTests" name="[19] /home/travis/build/icyphy/ptII/ptolemy/domains/de/test/auto/DepthTest1.xml (RunModel)" time="0.009" />
  <testcase classname="ptolemy.util.test.junit.AutoTests" name="[20] /home/travis/build/icyphy/ptII/ptolemy/domains/de/test/auto/DepthTest2.xml (RunModel)" time="0.022" />
  <testcase classname="ptolemy.util.test.junit.AutoTests" name="[21] /home/travis/build/icyphy/ptII/ptolemy/domains/de/test/auto/DepthTest3.xml (RunModel)" time="0.009" />
  <testcase classname="ptolemy.util.test.junit.AutoTests" name="[22] /home/travis/build/icyphy/ptII/ptolemy/domains/de/test/auto/DepthTest4.xml (RunModel)" time="0.012" />
  <testcase classname="ptolemy.util.test.junit.AutoTests" name="[23] /home/travis/build/icyphy/ptII/ptolemy/domains/de/test/auto/DepthTest5.xml (RunModel)" time="0.017" />
  <testcase classname="ptolemy.util.test.junit.AutoTests" name="[24] /home/travis/build/icyphy/ptII/ptolemy/domains/de/test/auto/DepthTest6.xml (RunModel)" time="0.015" />
  <testcase classname="ptolemy.util.test.junit.AutoTests" name="[25] /home/travis/build/icyphy/ptII/ptolemy/domains/de/test/auto/DepthTest7.xml (RunModel)" time="0.021" />
  <testcase classname="ptolemy.util.test.junit.AutoTests" name="[26] /home/travis/build/icyphy/ptII/ptolemy/domains/de/test/auto/EventToDate.xml (RunModel)" time="3.041" />
  <testcase classname="ptolemy.util.test.junit.AutoTests" name="[27] /home/travis/build/icyphy/ptII/ptolemy/domains/de/test/auto/FSM1.xml (RunModel)" time="0.049" />
  <testcase classname="ptolemy.util.test.junit.AutoTests" name="[28] /home/travis/build/icyphy/ptII/ptolemy/domains/de/test/auto/FSM7.xml (RunModel)" time="0.033" />
  <testcase classname="ptolemy.util.test.junit.AutoTests" name="[29] /home/travis/build/icyphy/ptII/ptolemy/domains/de/test/auto/Inspection.xml (RunModel)" time="0.054" />
  <testcase classname="ptolemy.util.test.junit.AutoTests" name="[30] /home/travis/build/icyphy/ptII/ptolemy/domains/de/test/auto/Iteration.xml (RunModel)" time="0.022" />
  <testcase classname="ptolemy.util.test.junit.AutoTests" name="[31] /home/travis/build/icyphy/ptII/ptolemy/domains/de/test/auto/LineFault.xml (RunModel)" time="0.567" />
  <testcase classname="ptolemy.util.test.junit.AutoTests" name="[32] /home/travis/build/icyphy/ptII/ptolemy/domains/de/test/auto/MergeModel1Add.xml (RunModel)" time="0.04" />
  <testcase classname="ptolemy.util.test.junit.AutoTests" name="[33] /home/travis/build/icyphy/ptII/ptolemy/domains/de/test/auto/MergeModel2Add.xml (RunModel)" time="0.034" />
  <testcase classname="ptolemy.util.test.junit.AutoTests" name="[34] /home/travis/build/icyphy/ptII/ptolemy/domains/de/test/auto/MergeModel3Add.xml (RunModel)" time="0.033" />
  <testcase classname="ptolemy.util.test.junit.AutoTests" name="[35] /home/travis/build/icyphy/ptII/ptolemy/domains/de/test/auto/MergeWithoutDiscard.xml (RunModel)" time="0.009" />
  <testcase classname="ptolemy.util.test.junit.AutoTests" name="[36] /home/travis/build/icyphy/ptII/ptolemy/domains/de/test/auto/Modal1.xml (RunModel)" time="0.025" />
  <testcase classname="ptolemy.util.test.junit.AutoTests" name="[37] /home/travis/build/icyphy/ptII/ptolemy/domains/de/test/auto/Modal2.xml (RunModel)" time="0.026" />
  <testcase classname="ptolemy.util.test.junit.AutoTests" name="[38] /home/travis/build/icyphy/ptII/ptolemy/domains/de/test/auto/Modal3.xml (RunModel)" time="0.026" />
  <testcase classname="ptolemy.util.test.junit.AutoTests" name="[39] /home/travis/build/icyphy/ptII/ptolemy/domains/de/test/auto/Modal4.xml (RunModel)" time="0.033" />
  <testcase classname="ptolemy.util.test.junit.AutoTests" name="[40] /home/travis/build/icyphy/ptII/ptolemy/domains/de/test/auto/Modal5.xml (RunModel)" time="0.029" />
  <testcase classname="ptolemy.util.test.junit.AutoTests" name="[41] /home/travis/build/icyphy/ptII/ptolemy/domains/de/test/auto/Modal6.xml (RunModel)" time="0.026" />
  <testcase classname="ptolemy.util.test.junit.AutoTests" name="[42] /home/travis/build/icyphy/ptII/ptolemy/domains/de/test/auto/Modal7.xml (RunModel)" time="0.03" />
  <testcase classname="ptolemy.util.test.junit.AutoTests" name="[43] /home/travis/build/icyphy/ptII/ptolemy/domains/de/test/auto/ModalModel.xml (RunModel)" time="0.145" />
  <testcase classname="ptolemy.util.test.junit.AutoTests" name="[44] /home/travis/build/icyphy/ptII/ptolemy/domains/de/test/auto/ModalSource.xml (RunModel)" time="0.02" />
  <testcase classname="ptolemy.util.test.junit.AutoTests" name="[45] /home/travis/build/icyphy/ptII/ptolemy/domains/de/test/auto/NonInterruptibleTimerZeroDelay.xml (RunModel)" time="0.009" />
  <testcase classname="ptolemy.util.test.junit.AutoTests" name="[46] /home/travis/build/icyphy/ptII/ptolemy/domains/de/test/auto/OpenQueueingNetwork.xml (RunModel)" time="2.131" />
  <testcase classname="ptolemy.util.test.junit.AutoTests" name="[47] /home/travis/build/icyphy/ptII/ptolemy/domains/de/test/auto/OpenQueuingNetwork.xml (RunModel)" time="0.258" />
  <testcase classname="ptolemy.util.test.junit.AutoTests" name="[48] /home/travis/build/icyphy/ptII/ptolemy/domains/de/test/auto/PeriodicSampler.xml (RunModel)" time="0.008" />
  <testcase classname="ptolemy.util.test.junit.AutoTests" name="[49] /home/travis/build/icyphy/ptII/ptolemy/domains/de/test/auto/PersistentIO.xml (RunModel)" time="0.018" />
  <testcase classname="ptolemy.util.test.junit.AutoTests" name="[50] /home/travis/build/icyphy/ptII/ptolemy/domains/de/test/auto/PortParameterResetOnInitialize.xml (RunModel)" time="0.009" />
  <testcase classname="ptolemy.util.test.junit.AutoTests" name="[51] /home/travis/build/icyphy/ptII/ptolemy/domains/de/test/auto/PortParameterUpdates.xml (RunModel)" time="0.013" />
  <testcase classname="ptolemy.util.test.junit.AutoTests" name="[52] /home/travis/build/icyphy/ptII/ptolemy/domains/de/test/auto/QueueAndServer.xml (RunModel)" time="0.02" />
  <testcase classname="ptolemy.util.test.junit.AutoTests" name="[53] /home/travis/build/icyphy/ptII/ptolemy/domains/de/test/auto/Records.xml (RunModel)" time="0.014" />
  <testcase classname="ptolemy.util.test.junit.AutoTests" name="[54] /home/travis/build/icyphy/ptII/ptolemy/domains/de/test/auto/ResetTransitionWithStartTime1.xml (RunModel)" time="0.017" />
  <testcase classname="ptolemy.util.test.junit.AutoTests" name="[55] /home/travis/build/icyphy/ptII/ptolemy/domains/de/test/auto/ResetTransitionWithStartTime2.xml (RunModel)" time="0.019" />
  <testcase classname="ptolemy.util.test.junit.AutoTests" name="[56] /home/travis/build/icyphy/ptII/ptolemy/domains/de/test/auto/ResetTransitionWithStartTime3.xml (RunModel)" time="0.018" />
  <testcase classname="ptolemy.util.test.junit.AutoTests" name="[57] /home/travis/build/icyphy/ptII/ptolemy/domains/de/test/auto/ResetTransitionWithStartTime4.xml (RunModel)" time="0.019" />
  <testcase classname="ptolemy.util.test.junit.AutoTests" name="[58] /home/travis/build/icyphy/ptII/ptolemy/domains/de/test/auto/ResettableTimer1.xml (RunModel)" time="0.011" />
  <testcase classname="ptolemy.util.test.junit.AutoTests" name="[59] /home/travis/build/icyphy/ptII/ptolemy/domains/de/test/auto/ResettableTimer2.xml (RunModel)" time="0.011" />
  <testcase classname="ptolemy.util.test.junit.AutoTests" name="[60] /home/travis/build/icyphy/ptII/ptolemy/domains/de/test/auto/ResettableTimer3.xml (RunModel)" time="0.009" />
  <testcase classname="ptolemy.util.test.junit.AutoTests" name="[61] /home/travis/build/icyphy/ptII/ptolemy/domains/de/test/auto/ResettableTimer4.xml (RunModel)" time="0.01" />
  <testcase classname="ptolemy.util.test.junit.AutoTests" name="[62] /home/travis/build/icyphy/ptII/ptolemy/domains/de/test/auto/ResettableTimer5.xml (RunModel)" time="0.009" />
  <testcase classname="ptolemy.util.test.junit.AutoTests" name="[63] /home/travis/build/icyphy/ptII/ptolemy/domains/de/test/auto/ResettableTimer6.xml (RunModel)" time="0.019" />
  <testcase classname="ptolemy.util.test.junit.AutoTests" name="[64] /home/travis/build/icyphy/ptII/ptolemy/domains/de/test/auto/ServerZeroDelay.xml (RunModel)" time="0.01" />
  <testcase classname="ptolemy.util.test.junit.AutoTests" name="[65] /home/travis/build/icyphy/ptII/ptolemy/domains/de/test/auto/SmartSender.xml (RunModel)" time="3.008" />
  <testcase classname="ptolemy.util.test.junit.AutoTests" name="[66] /home/travis/build/icyphy/ptII/ptolemy/domains/de/test/auto/ThreadedComposite.xml (RunModel)" time="0.119" />
  <testcase classname="ptolemy.util.test.junit.AutoTests" name="[67] /home/travis/build/icyphy/ptII/ptolemy/domains/de/test/auto/Time.xml (RunModel)" time="0.427" />
  <testcase classname="ptolemy.util.test.junit.AutoTests" name="[68] /home/travis/build/icyphy/ptII/ptolemy/domains/de/test/auto/TimeDelayZeroDelay.xml (RunModel)" time="0.01" />
  <testcase classname="ptolemy.util.test.junit.AutoTests" name="[69] /home/travis/build/icyphy/ptII/ptolemy/domains/de/test/auto/TimerZeroDelay.xml (RunModel)" time="0.008" />
  <testcase classname="ptolemy.util.test.junit.AutoTests" name="[70] /home/travis/build/icyphy/ptII/ptolemy/domains/de/test/auto/TimingParadox.xml (RunModel)" time="0.331" />
  <testcase classname="ptolemy.util.test.junit.AutoTests" name="[71] /home/travis/build/icyphy/ptII/ptolemy/domains/de/test/auto/TransferInputs.xml (RunModel)" time="0.02" />
  <testcase classname="ptolemy.util.test.junit.AutoTests" name="[72] /home/travis/build/icyphy/ptII/ptolemy/domains/de/test/auto/TransferOutputs2.xml (RunModel)" time="0.021" />
  <testcase classname="ptolemy.util.test.junit.AutoTests" name="[73] /home/travis/build/icyphy/ptII/ptolemy/domains/de/test/auto/Trilateration.xml (RunModel)" time="11.461" />
  <testcase classname="ptolemy.util.test.junit.AutoTests" name="[74] /home/travis/build/icyphy/ptII/ptolemy/domains/de/test/auto/TwoSigmaDelta.xml (RunModel)" time="2.149" />
  <testcase classname="ptolemy.util.test.junit.AutoTests" name="[75] /home/travis/build/icyphy/ptII/ptolemy/domains/de/test/auto/VariableDelay.xml (RunModel)" time="0.01" />
  <testcase classname="ptolemy.util.test.junit.AutoTests" name="[76] /home/travis/build/icyphy/ptII/ptolemy/domains/de/test/auto/VariableDelay2.xml (RunModel)" time="0.009" />
  <testcase classname="ptolemy.util.test.junit.AutoTests" name="[77] /home/travis/build/icyphy/ptII/ptolemy/domains/de/test/auto/VariableDelayZeroDelay.xml (RunModel)" time="0.01" />
  <testcase classname="ptolemy.util.test.junit.AutoTests" name="[78] /home/travis/build/icyphy/ptII/ptolemy/domains/de/test/auto/VariableDelayZeroDelay2.xml (RunModel)" time="0.009" />
  <testcase classname="ptolemy.util.test.junit.AutoTests" name="[79] /home/travis/build/icyphy/ptII/ptolemy/domains/de/test/auto/deInCt.xml (RunModel)" time="0.016" />
  <testcase classname="ptolemy.util.test.junit.AutoTests" name="[80] /home/travis/build/icyphy/ptII/ptolemy/domains/de/test/auto/deInCt2.xml (RunModel)" time="0.013" />
  <testcase classname="ptolemy.util.test.junit.AutoTests" name="[81] /home/travis/build/icyphy/ptII/ptolemy/domains/de/test/auto/dynamicCausalityInterface1.xml (RunModel)" time="0.019" />
  <testcase classname="ptolemy.util.test.junit.AutoTests" name="[82] /home/travis/build/icyphy/ptII/ptolemy/domains/de/test/auto/fsm_de_test.xml (RunModel)" time="0.027" />
  <testcase classname="ptolemy.util.test.junit.AutoTests" name="[83] /home/travis/build/icyphy/ptII/ptolemy/domains/de/test/auto/functionDependencyReconstruction.xml (RunModel)" time="0.031" />
  <testcase classname="ptolemy.util.test.junit.AutoTests" name="[84] /home/travis/build/icyphy/ptII/ptolemy/domains/de/test/auto/multirate.xml (RunModel)" time="0.014" />
  <testcase classname="ptolemy.util.test.junit.AutoTests" name="[85] /home/travis/build/icyphy/ptII/ptolemy/domains/de/test/auto/multirate2.xml (RunModel)" time="0.014" />
  <testcase classname="ptolemy.util.test.junit.AutoTests" name="[86] /home/travis/build/icyphy/ptII/ptolemy/domains/de/test/auto/realtime.xml (RunModel)" time="10.008" />
  <testcase classname="ptolemy.util.test.junit.AutoTests" name="[87] /home/travis/build/icyphy/ptII/ptolemy/domains/de/test/auto/relationGroup.xml (RunModel)" time="0.007" />
  <testcase classname="ptolemy.util.test.junit.AutoTests" name="[88] /home/travis/build/icyphy/ptII/ptolemy/domains/de/test/auto/relationGroup2.xml (RunModel)" time="0.007" />
  <testcase classname="ptolemy.util.test.junit.AutoTests" name="[89] /home/travis/build/icyphy/ptII/ptolemy/domains/de/test/auto/sortWithOpaquePorts.xml (RunModel)" time="0.019" />
  <testcase classname="ptolemy.util.test.junit.AutoTests" name="[90] /home/travis/build/icyphy/ptII/ptolemy/domains/de/test/auto/transferInputsandOutputs.xml (RunModel)" time="0.019" />
  <testcase classname="ptolemy.util.test.junit.AutoTests" name="[91] /home/travis/build/icyphy/ptII/ptolemy/domains/de/test/auto/triggerType.xml (RunModel)" time="0.008" />
  <system-out><![CDATA[/home/travis/build/icyphy/ptII/ptolemy/domains/de/test/DependencyLoop.tcl
testDefs.tcl: setting time out to 9000 seconds at Wed Oct 24 02:39:00 UTC 2018
14 ms. Memory: 116224K Free: 93914K (81%)
6 ms. Memory: 146944K Free: 135082K (92%)
/home/travis/build/icyphy/ptII/ptolemy/domains/de/test/RunDETestsAsQSS.tcl
Run the DE tests using ptolemy.domains.qss.test.QSSDirectorTest, which extends QSSDirector and prints a message in the constructors.
------------------ testing $PTII/ptolemy/domains/de/test/auto/knownFailedTests/dependencyLoop.xml (Known Failure) 
13 ms. Memory: 146944K Free: 131970K (90%)


==== $PTIIhome/travis/build/icyphy/ptII/ptolemy/domains/de/test/../../../../: Auto Automatic test in file $PTII/ptolemy/domains/de/test/auto/knownFailedTests/dependencyLoop.xml
==== Contents of test case:

	    # FIXME: we should use $relativeFilename here, but it
	    # might have backslashes under Windows, which causes no end
	    # of trouble.
	    createAndExecute $file
	    list {}
	
.... Test generated KNOWN error:
    while executing
ptolemy.kernel.util.IllegalActionException: Found a zero delay loop containing .dependencyLoop.original
  in .dependencyLoop and .dependencyLoop.original
	at ptolemy.actor.util.CausalityInterfaceForComposites._computeOutputPortDepth(CausalityInterfaceForComposites.java:759)
	at ptolemy.actor.util.CausalityInterfaceForComposites._computeInputDepth(CausalityInterfaceForComposites.java:696)
	at ptolemy.actor.util.CausalityInterfaceForComposites._computeOutputPortDepth(CausalityInterfaceForComposites.java:765)
	at ptolemy.actor.util.CausalityInterfaceForComposites._computeInputDepth(CausalityInterfaceForComposites.java:696)
	at ptolemy.actor.util.CausalityInterfaceForComposites._computeOutputPortDepth(CausalityInterfaceForComposites.java:765)
	at ptolemy.actor.util.CausalityInterfaceForComposites._computeInputDepth(CausalityInterfaceForComposites.java:696)
	at ptolemy.actor.util.CausalityInterfaceForComposites._computeActorDepth(CausalityInterfaceForComposites.java:532)
	at ptolemy.actor.util.CausalityInterfaceForComposites.checkForCycles(CausalityInterfaceForComposites.java:96)
	at ptolemy.domains.de.kernel.DEDirector.preinitialize(DEDirector.java:1338)
	at ptolemy.actor.CompositeActor.preinitialize(CompositeActor.java:1828)
	at ptolemy.actor.Manager.preinitializeAndResolveTypes(Manager.java:1040)
	at ptolemy.actor.Manager.initialize(Manager.java:710)
	at ptolemy.actor.Manager.execute(Manager.java:356)
	at ptolemy.actor.Manager.run(Manager.java:1263)
	at ptolemy.actor.Manager$PtolemyRunThread.run(Manager.java:1915)

    while executing
ptolemy.kernel.util.IllegalActionException: Found a zero delay loop containing .dependencyLoop.original
  in .dependencyLoop and .dependencyLoop.original
    while executing
"java::new ptolemy.moml.MoMLSimpleApplication $file
"
    (procedure "createAndExecute" line 2)
    invoked from within
"createAndExecute $file"
    ("uplevel" body line 5)
    invoked from within
"uplevel $contents_of_test"
------------------ testing $PTII/ptolemy/domains/de/test/auto/knownFailedTests/DESDFClockTest.xml (Known Failure) 
2053 ms. Memory: 146944K Free: 116527K (79%)


==== $PTIIhome/travis/build/icyphy/ptII/ptolemy/domains/de/test/../../../../: Auto Automatic test in file $PTII/ptolemy/domains/de/test/auto/knownFailedTests/DESDFClockTest.xml
==== Contents of test case:

	    # FIXME: we should use $relativeFilename here, but it
	    # might have backslashes under Windows, which causes no end
	    # of trouble.
	    createAndExecute $file
	    list {}
	
.... Test generated KNOWN error:
    while executing
ptolemy.kernel.util.IllegalActionException: Actor is not ready to fire.  Perhaps UpSample.prefire() returned false? Try debugging the actor by selecting "Listen to Actor".  Also, for SDF check moml for tokenConsumptionRate on input.
  in .DESDFClockTest.Play Bell.Copy1:SDF Director and .DESDFClockTest.Play Bell.UpSample
	at ptolemy.actor.sched.StaticSchedulingDirector.fire(StaticSchedulingDirector.java:227)
	at ptolemy.domains.sdf.kernel.SDFDirector.fire(SDFDirector.java:500)
	at ptolemy.actor.CompositeActor.fire(CompositeActor.java:455)
	at ptolemy.domains.de.kernel.DEDirector._fire(DEDirector.java:1949)
	at ptolemy.domains.de.kernel.DEDirector.fire(DEDirector.java:502)
	at ptolemy.actor.CompositeActor.fire(CompositeActor.java:455)
	at ptolemy.actor.Manager.iterate(Manager.java:851)
	at ptolemy.actor.Manager.execute(Manager.java:369)
	at ptolemy.actor.Manager.run(Manager.java:1263)
	at ptolemy.actor.Manager$PtolemyRunThread.run(Manager.java:1915)

    while executing
ptolemy.kernel.util.IllegalActionException: Actor is not ready to fire.  Perhaps UpSample.prefire() returned false? Try debugging the actor by selecting "Listen to Actor".  Also, for SDF check moml for tokenConsumptionRate on input.
  in .DESDFClockTest.Play Bell.Copy1:SDF Director and .DESDFClockTest.Play Bell.UpSample
    while executing
"java::new ptolemy.moml.MoMLSimpleApplication $file
"
    (procedure "createAndExecute" line 2)
    invoked from within
"createAndExecute $file"
    ("uplevel" body line 5)
    invoked from within
"uplevel $contents_of_test"
------------------ testing $PTII/ptolemy/domains/de/test/auto/knownFailedTests/FSMSource.xml (Known Failure) 
33 ms. Memory: 146944K Free: 107528K (73%)
!!!! Auto was marked as failing, but now passes
------------------ testing $PTII/ptolemy/domains/de/test/auto/knownFailedTests/dependencyLoop2.xml (Known Failure) 
7 ms. Memory: 146944K Free: 105645K (72%)


==== $PTIIhome/travis/build/icyphy/ptII/ptolemy/domains/de/test/../../../../: Auto Automatic test in file $PTII/ptolemy/domains/de/test/auto/knownFailedTests/dependencyLoop2.xml
==== Contents of test case:

	    # FIXME: we should use $relativeFilename here, but it
	    # might have backslashes under Windows, which causes no end
	    # of trouble.
	    createAndExecute $file
	    list {}
	
.... Test generated KNOWN error:
    while executing
ptolemy.kernel.util.IllegalActionException: Found a zero delay loop containing .dependencyLoop2.original
  in .dependencyLoop2 and .dependencyLoop2.original
	at ptolemy.actor.util.CausalityInterfaceForComposites._computeOutputPortDepth(CausalityInterfaceForComposites.java:759)
	at ptolemy.actor.util.CausalityInterfaceForComposites._computeInputDepth(CausalityInterfaceForComposites.java:696)
	at ptolemy.actor.util.CausalityInterfaceForComposites._computeOutputPortDepth(CausalityInterfaceForComposites.java:765)
	at ptolemy.actor.util.CausalityInterfaceForComposites._computeInputDepth(CausalityInterfaceForComposites.java:696)
	at ptolemy.actor.util.CausalityInterfaceForComposites._computeOutputPortDepth(CausalityInterfaceForComposites.java:765)
	at ptolemy.actor.util.CausalityInterfaceForComposites._computeInputDepth(CausalityInterfaceForComposites.java:696)
	at ptolemy.actor.util.CausalityInterfaceForComposites._computeActorDepth(CausalityInterfaceForComposites.java:532)
	at ptolemy.actor.util.CausalityInterfaceForComposites.checkForCycles(CausalityInterfaceForComposites.java:96)
	at ptolemy.domains.de.kernel.DEDirector.preinitialize(DEDirector.java:1338)
	at ptolemy.actor.CompositeActor.preinitialize(CompositeActor.java:1828)
	at ptolemy.actor.Manager.preinitializeAndResolveTypes(Manager.java:1040)
	at ptolemy.actor.Manager.initialize(Manager.java:710)
	at ptolemy.actor.Manager.execute(Manager.java:356)
	at ptolemy.actor.Manager.run(Manager.java:1263)
	at ptolemy.actor.Manager$PtolemyRunThread.run(Manager.java:1915)

    while executing
ptolemy.kernel.util.IllegalActionException: Found a zero delay loop containing .dependencyLoop2.original
  in .dependencyLoop2 and .dependencyLoop2.original
    while executing
"java::new ptolemy.moml.MoMLSimpleApplication $file
"
    (procedure "createAndExecute" line 2)
    invoked from within
"createAndExecute $file"
    ("uplevel" body line 5)
    invoked from within
"uplevel $contents_of_test"
------------------ testing $PTII/ptolemy/domains/de/test/auto/knownFailedTests/HierarchicalModel.xml (Known Failure) 
5 ms. Memory: 146944K Free: 85099K (58%)


==== $PTIIhome/travis/build/icyphy/ptII/ptolemy/domains/de/test/../../../../: Auto Automatic test in file $PTII/ptolemy/domains/de/test/auto/knownFailedTests/HierarchicalModel.xml
==== Contents of test case:

	    # FIXME: we should use $relativeFilename here, but it
	    # might have backslashes under Windows, which causes no end
	    # of trouble.
	    createAndExecute $file
	    list {}
	
.... Test generated KNOWN error:
    while executing
ptolemy.kernel.util.IllegalActionException: Found a zero delay loop containing .HierarchicalModel.A
  in .HierarchicalModel and .HierarchicalModel.A
	at ptolemy.actor.util.CausalityInterfaceForComposites._computeOutputPortDepth(CausalityInterfaceForComposites.java:759)
	at ptolemy.actor.util.CausalityInterfaceForComposites._computeInputDepth(CausalityInterfaceForComposites.java:696)
	at ptolemy.actor.util.CausalityInterfaceForComposites._computeOutputPortDepth(CausalityInterfaceForComposites.java:765)
	at ptolemy.actor.util.CausalityInterfaceForComposites._computeInputDepth(CausalityInterfaceForComposites.java:696)
	at ptolemy.actor.util.CausalityInterfaceForComposites._computeOutputPortDepth(CausalityInterfaceForComposites.java:765)
	at ptolemy.actor.util.CausalityInterfaceForComposites._computeInputDepth(CausalityInterfaceForComposites.java:696)
	at ptolemy.actor.util.CausalityInterfaceForComposites._computeActorDepth(CausalityInterfaceForComposites.java:532)
	at ptolemy.actor.util.CausalityInterfaceForComposites.checkForCycles(CausalityInterfaceForComposites.java:96)
	at ptolemy.domains.de.kernel.DEDirector.preinitialize(DEDirector.java:1338)
	at ptolemy.actor.CompositeActor.preinitialize(CompositeActor.java:1828)
	at ptolemy.actor.Manager.preinitializeAndResolveTypes(Manager.java:1040)
	at ptolemy.actor.Manager.initialize(Manager.java:710)
	at ptolemy.actor.Manager.execute(Manager.java:356)
	at ptolemy.actor.Manager.run(Manager.java:1263)
	at ptolemy.actor.Manager$PtolemyRunThread.run(Manager.java:1915)

    while executing
ptolemy.kernel.util.IllegalActionException: Found a zero delay loop containing .HierarchicalModel.A
  in .HierarchicalModel and .HierarchicalModel.A
    while executing
"java::new ptolemy.moml.MoMLSimpleApplication $file
"
    (procedure "createAndExecute" line 2)
    invoked from within
"createAndExecute $file"
    ("uplevel" body line 5)
    invoked from within
"uplevel $contents_of_test"
------------------ testing $PTII/ptolemy/domains/de/test/auto/knownFailedTests/DirectFeedback.xml (Known Failure) 
7 ms. Memory: 146944K Free: 141171K (96%)


==== $PTIIhome/travis/build/icyphy/ptII/ptolemy/domains/de/test/../../../../: Auto Automatic test in file $PTII/ptolemy/domains/de/test/auto/knownFailedTests/DirectFeedback.xml
==== Contents of test case:

	    # FIXME: we should use $relativeFilename here, but it
	    # might have backslashes under Windows, which causes no end
	    # of trouble.
	    createAndExecute $file
	    list {}
	
.... Test generated KNOWN error:
    while executing
ptolemy.kernel.util.IllegalActionException: Test fails in iteration 1.
Value was: 1.0. Should have been: 2.0
  in .DirectFeedback.Test
	at ptolemy.actor.lib.Test.fire(Test.java:268)
	at ptolemy.domains.de.kernel.DEDirector._fire(DEDirector.java:1949)
	at ptolemy.domains.de.kernel.DEDirector.fire(DEDirector.java:502)
	at ptolemy.actor.CompositeActor.fire(CompositeActor.java:455)
	at ptolemy.actor.Manager.iterate(Manager.java:851)
	at ptolemy.actor.Manager.execute(Manager.java:369)
	at ptolemy.actor.Manager.run(Manager.java:1263)
	at ptolemy.actor.Manager$PtolemyRunThread.run(Manager.java:1915)

    while executing
ptolemy.kernel.util.IllegalActionException: Test fails in iteration 1.
Value was: 1.0. Should have been: 2.0
  in .DirectFeedback.Test
    while executing
"java::new ptolemy.moml.MoMLSimpleApplication $file
"
    (procedure "createAndExecute" line 2)
    invoked from within
"createAndExecute $file"
    ("uplevel" body line 5)
    invoked from within
"uplevel $contents_of_test"
------------------ testing $PTII/ptolemy/domains/de/test/auto/ActorDepthCalculation_actorWithoutPorts.xml
auto.tcl: Setting watchdog for 200 seconds at Wed Oct 24 02:39:04 UTC 2018
8 ms. Memory: 146944K Free: 132448K (90%)
ptolemy.util.test.WatchDog.cancel(): canceling Wed Oct 24 02:39:04 UTC 2018
auto.tcl: Setting watchdog for 200 seconds at Wed Oct 24 02:39:04 UTC 2018
4 ms. Memory: 146944K Free: 131404K (89%)
ptolemy.util.test.WatchDog.cancel(): canceling Wed Oct 24 02:39:04 UTC 2018
------------------ testing $PTII/ptolemy/domains/de/test/auto/AssemblyLine.xml
auto.tcl: Setting watchdog for 200 seconds at Wed Oct 24 02:39:04 UTC 2018
15 ms. Memory: 208384K Free: 182808K (88%)
ptolemy.util.test.WatchDog.cancel(): canceling Wed Oct 24 02:39:04 UTC 2018
auto.tcl: Setting watchdog for 200 seconds at Wed Oct 24 02:39:04 UTC 2018
19 ms. Memory: 208384K Free: 182808K (88%)
ptolemy.util.test.WatchDog.cancel(): canceling Wed Oct 24 02:39:04 UTC 2018
------------------ testing $PTII/ptolemy/domains/de/test/auto/CQBug1.xml
auto.tcl: Setting watchdog for 200 seconds at Wed Oct 24 02:39:04 UTC 2018
7 ms. Memory: 208384K Free: 197698K (95%)
ptolemy.util.test.WatchDog.cancel(): canceling Wed Oct 24 02:39:04 UTC 2018
auto.tcl: Setting watchdog for 200 seconds at Wed Oct 24 02:39:04 UTC 2018
2 ms. Memory: 208384K Free: 197698K (95%)
ptolemy.util.test.WatchDog.cancel(): canceling Wed Oct 24 02:39:04 UTC 2018
------------------ testing $PTII/ptolemy/domains/de/test/auto/CancelFireAt.xml
auto.tcl: Setting watchdog for 200 seconds at Wed Oct 24 02:39:04 UTC 2018
16 ms. Memory: 208384K Free: 201081K (96%)
ptolemy.util.test.WatchDog.cancel(): canceling Wed Oct 24 02:39:05 UTC 2018
auto.tcl: Setting watchdog for 200 seconds at Wed Oct 24 02:39:05 UTC 2018
6 ms. Memory: 208384K Free: 198973K (95%)
ptolemy.util.test.WatchDog.cancel(): canceling Wed Oct 24 02:39:05 UTC 2018
------------------ testing $PTII/ptolemy/domains/de/test/auto/CausalityAndComposabilityAnalysis.xml
auto.tcl: Setting watchdog for 200 seconds at Wed Oct 24 02:39:05 UTC 2018
12 ms. Memory: 208384K Free: 196447K (94%)
ptolemy.util.test.WatchDog.cancel(): canceling Wed Oct 24 02:39:05 UTC 2018
auto.tcl: Setting watchdog for 200 seconds at Wed Oct 24 02:39:05 UTC 2018
6 ms. Memory: 208384K Free: 196447K (94%)
ptolemy.util.test.WatchDog.cancel(): canceling Wed Oct 24 02:39:05 UTC 2018
------------------ testing $PTII/ptolemy/domains/de/test/auto/CausalityInterface1.xml
auto.tcl: Setting watchdog for 200 seconds at Wed Oct 24 02:39:05 UTC 2018
17 ms. Memory: 208384K Free: 196392K (94%)
ptolemy.util.test.WatchDog.cancel(): canceling Wed Oct 24 02:39:05 UTC 2018
auto.tcl: Setting watchdog for 200 seconds at Wed Oct 24 02:39:05 UTC 2018
4 ms. Memory: 208384K Free: 196392K (94%)
ptolemy.util.test.WatchDog.cancel(): canceling Wed Oct 24 02:39:05 UTC 2018
------------------ testing $PTII/ptolemy/domains/de/test/auto/CausalityInterface15.xml
auto.tcl: Setting watchdog for 200 seconds at Wed Oct 24 02:39:05 UTC 2018
22 ms. Memory: 208384K Free: 196383K (94%)
ptolemy.util.test.WatchDog.cancel(): canceling Wed Oct 24 02:39:05 UTC 2018
auto.tcl: Setting watchdog for 200 seconds at Wed Oct 24 02:39:05 UTC 2018
4 ms. Memory: 208384K Free: 196383K (94%)
ptolemy.util.test.WatchDog.cancel(): canceling Wed Oct 24 02:39:05 UTC 2018
------------------ testing $PTII/ptolemy/domains/de/test/auto/CausalityInterface2.xml
auto.tcl: Setting watchdog for 200 seconds at Wed Oct 24 02:39:05 UTC 2018
4 ms. Memory: 208384K Free: 196702K (94%)
ptolemy.util.test.WatchDog.cancel(): canceling Wed Oct 24 02:39:05 UTC 2018
auto.tcl: Setting watchdog for 200 seconds at Wed Oct 24 02:39:05 UTC 2018
3 ms. Memory: 208384K Free: 196702K (94%)
ptolemy.util.test.WatchDog.cancel(): canceling Wed Oct 24 02:39:05 UTC 2018
------------------ testing $PTII/ptolemy/domains/de/test/auto/CausalityInterface3.xml
auto.tcl: Setting watchdog for 200 seconds at Wed Oct 24 02:39:05 UTC 2018
4 ms. Memory: 208384K Free: 196263K (94%)
ptolemy.util.test.WatchDog.cancel(): canceling Wed Oct 24 02:39:05 UTC 2018
auto.tcl: Setting watchdog for 200 seconds at Wed Oct 24 02:39:05 UTC 2018
3 ms. Memory: 208384K Free: 196263K (94%)
ptolemy.util.test.WatchDog.cancel(): canceling Wed Oct 24 02:39:05 UTC 2018
------------------ testing $PTII/ptolemy/domains/de/test/auto/ClockDrift.xml
auto.tcl: Setting watchdog for 200 seconds at Wed Oct 24 02:39:05 UTC 2018
89 ms. Memory: 208384K Free: 187445K (90%)
ptolemy.util.test.WatchDog.cancel(): canceling Wed Oct 24 02:39:05 UTC 2018
auto.tcl: Setting watchdog for 200 seconds at Wed Oct 24 02:39:05 UTC 2018
58 ms. Memory: 208384K Free: 185337K (89%)
ptolemy.util.test.WatchDog.cancel(): canceling Wed Oct 24 02:39:05 UTC 2018
------------------ testing $PTII/ptolemy/domains/de/test/auto/ClockDriftAndValueChange.xml
auto.tcl: Setting watchdog for 200 seconds at Wed Oct 24 02:39:05 UTC 2018
47 ms. Memory: 208384K Free: 187265K (90%)
ptolemy.util.test.WatchDog.cancel(): canceling Wed Oct 24 02:39:05 UTC 2018
auto.tcl: Setting watchdog for 200 seconds at Wed Oct 24 02:39:05 UTC 2018
21 ms. Memory: 208384K Free: 185141K (89%)
ptolemy.util.test.WatchDog.cancel(): canceling Wed Oct 24 02:39:05 UTC 2018
------------------ testing $PTII/ptolemy/domains/de/test/auto/ClockDriftChange.xml
auto.tcl: Setting watchdog for 200 seconds at Wed Oct 24 02:39:06 UTC 2018
28 ms. Memory: 208384K Free: 190624K (91%)
ptolemy.util.test.WatchDog.cancel(): canceling Wed Oct 24 02:39:06 UTC 2018
auto.tcl: Setting watchdog for 200 seconds at Wed Oct 24 02:39:06 UTC 2018
32 ms. Memory: 208384K Free: 188516K (90%)
ptolemy.util.test.WatchDog.cancel(): canceling Wed Oct 24 02:39:06 UTC 2018
------------------ testing $PTII/ptolemy/domains/de/test/auto/ComposableCausalityAnalysis.xml
auto.tcl: Setting watchdog for 200 seconds at Wed Oct 24 02:39:06 UTC 2018
6 ms. Memory: 208384K Free: 196115K (94%)
ptolemy.util.test.WatchDog.cancel(): canceling Wed Oct 24 02:39:06 UTC 2018
auto.tcl: Setting watchdog for 200 seconds at Wed Oct 24 02:39:06 UTC 2018
3 ms. Memory: 208384K Free: 194007K (93%)
ptolemy.util.test.WatchDog.cancel(): canceling Wed Oct 24 02:39:06 UTC 2018
------------------ testing $PTII/ptolemy/domains/de/test/auto/DEFixedPointLimitation.xml
auto.tcl: Setting watchdog for 200 seconds at Wed Oct 24 02:39:06 UTC 2018
3 ms. Memory: 208384K Free: 198294K (95%)
ptolemy.util.test.WatchDog.cancel(): canceling Wed Oct 24 02:39:06 UTC 2018
auto.tcl: Setting watchdog for 200 seconds at Wed Oct 24 02:39:06 UTC 2018
2 ms. Memory: 208384K Free: 196185K (94%)
ptolemy.util.test.WatchDog.cancel(): canceling Wed Oct 24 02:39:06 UTC 2018
------------------ testing $PTII/ptolemy/domains/de/test/auto/DEScheduleTest.xml
auto.tcl: Setting watchdog for 200 seconds at Wed Oct 24 02:39:06 UTC 2018
3 ms. Memory: 208384K Free: 198667K (95%)
ptolemy.util.test.WatchDog.cancel(): canceling Wed Oct 24 02:39:06 UTC 2018
auto.tcl: Setting watchdog for 200 seconds at Wed Oct 24 02:39:06 UTC 2018
10 ms. Memory: 208384K Free: 196559K (94%)
ptolemy.util.test.WatchDog.cancel(): canceling Wed Oct 24 02:39:06 UTC 2018
------------------ testing $PTII/ptolemy/domains/de/test/auto/DEinDEwithStartTimes.xml
auto.tcl: Setting watchdog for 200 seconds at Wed Oct 24 02:39:06 UTC 2018
5 ms. Memory: 208384K Free: 196192K (94%)
ptolemy.util.test.WatchDog.cancel(): canceling Wed Oct 24 02:39:06 UTC 2018
auto.tcl: Setting watchdog for 200 seconds at Wed Oct 24 02:39:06 UTC 2018
4 ms. Memory: 208384K Free: 194076K (93%)
ptolemy.util.test.WatchDog.cancel(): canceling Wed Oct 24 02:39:06 UTC 2018
------------------ testing $PTII/ptolemy/domains/de/test/auto/DEinDEwithStartTimes2.xml
auto.tcl: Setting watchdog for 200 seconds at Wed Oct 24 02:39:06 UTC 2018
6 ms. Memory: 208384K Free: 196172K (94%)
ptolemy.util.test.WatchDog.cancel(): canceling Wed Oct 24 02:39:06 UTC 2018
auto.tcl: Setting watchdog for 200 seconds at Wed Oct 24 02:39:06 UTC 2018
4 ms. Memory: 208384K Free: 194064K (93%)
ptolemy.util.test.WatchDog.cancel(): canceling Wed Oct 24 02:39:06 UTC 2018
------------------ testing $PTII/ptolemy/domains/de/test/auto/DateDemo.xml
auto.tcl: Setting watchdog for 200 seconds at Wed Oct 24 02:39:06 UTC 2018
12 ms. Memory: 208384K Free: 188578K (90%)
ptolemy.util.test.WatchDog.cancel(): canceling Wed Oct 24 02:39:06 UTC 2018
auto.tcl: Setting watchdog for 200 seconds at Wed Oct 24 02:39:06 UTC 2018
11 ms. Memory: 208384K Free: 186470K (89%)
ptolemy.util.test.WatchDog.cancel(): canceling Wed Oct 24 02:39:06 UTC 2018
------------------ testing $PTII/ptolemy/domains/de/test/auto/DateToEvent.xml
auto.tcl: Setting watchdog for 200 seconds at Wed Oct 24 02:39:06 UTC 2018
2011 ms. Memory: 208384K Free: 183254K (88%)
ptolemy.util.test.WatchDog.cancel(): canceling Wed Oct 24 02:39:08 UTC 2018
auto.tcl: Setting watchdog for 200 seconds at Wed Oct 24 02:39:08 UTC 2018
2005 ms. Memory: 208384K Free: 183254K (88%)
ptolemy.util.test.WatchDog.cancel(): canceling Wed Oct 24 02:39:10 UTC 2018
------------------ testing $PTII/ptolemy/domains/de/test/auto/DepthTest1.xml
auto.tcl: Setting watchdog for 200 seconds at Wed Oct 24 02:39:10 UTC 2018
3 ms. Memory: 208384K Free: 197859K (95%)
ptolemy.util.test.WatchDog.cancel(): canceling Wed Oct 24 02:39:10 UTC 2018
auto.tcl: Setting watchdog for 200 seconds at Wed Oct 24 02:39:10 UTC 2018
2 ms. Memory: 208384K Free: 197859K (95%)
ptolemy.util.test.WatchDog.cancel(): canceling Wed Oct 24 02:39:10 UTC 2018
------------------ testing $PTII/ptolemy/domains/de/test/auto/DepthTest2.xml
auto.tcl: Setting watchdog for 200 seconds at Wed Oct 24 02:39:10 UTC 2018
3 ms. Memory: 208384K Free: 194028K (93%)
ptolemy.util.test.WatchDog.cancel(): canceling Wed Oct 24 02:39:10 UTC 2018
auto.tcl: Setting watchdog for 200 seconds at Wed Oct 24 02:39:10 UTC 2018
3 ms. Memory: 208384K Free: 194028K (93%)
ptolemy.util.test.WatchDog.cancel(): canceling Wed Oct 24 02:39:10 UTC 2018
------------------ testing $PTII/ptolemy/domains/de/test/auto/DepthTest3.xml
auto.tcl: Setting watchdog for 200 seconds at Wed Oct 24 02:39:10 UTC 2018
2 ms. Memory: 208384K Free: 198547K (95%)
ptolemy.util.test.WatchDog.cancel(): canceling Wed Oct 24 02:39:11 UTC 2018
auto.tcl: Setting watchdog for 200 seconds at Wed Oct 24 02:39:11 UTC 2018
1 ms. Memory: 208384K Free: 198547K (95%)
ptolemy.util.test.WatchDog.cancel(): canceling Wed Oct 24 02:39:11 UTC 2018
------------------ testing $PTII/ptolemy/domains/de/test/auto/DepthTest4.xml
auto.tcl: Setting watchdog for 200 seconds at Wed Oct 24 02:39:11 UTC 2018
3 ms. Memory: 208384K Free: 196181K (94%)
ptolemy.util.test.WatchDog.cancel(): canceling Wed Oct 24 02:39:11 UTC 2018
auto.tcl: Setting watchdog for 200 seconds at Wed Oct 24 02:39:11 UTC 2018
2 ms. Memory: 208384K Free: 196181K (94%)
ptolemy.util.test.WatchDog.cancel(): canceling Wed Oct 24 02:39:11 UTC 2018
------------------ testing $PTII/ptolemy/domains/de/test/auto/DepthTest5.xml
auto.tcl: Setting watchdog for 200 seconds at Wed Oct 24 02:39:11 UTC 2018
5 ms. Memory: 208384K Free: 196120K (94%)
ptolemy.util.test.WatchDog.cancel(): canceling Wed Oct 24 02:39:11 UTC 2018
auto.tcl: Setting watchdog for 200 seconds at Wed Oct 24 02:39:11 UTC 2018
2 ms. Memory: 208384K Free: 196120K (94%)
ptolemy.util.test.WatchDog.cancel(): canceling Wed Oct 24 02:39:11 UTC 2018
------------------ testing $PTII/ptolemy/domains/de/test/auto/DepthTest6.xml
auto.tcl: Setting watchdog for 200 seconds at Wed Oct 24 02:39:11 UTC 2018
10 ms. Memory: 208384K Free: 196440K (94%)
ptolemy.util.test.WatchDog.cancel(): canceling Wed Oct 24 02:39:11 UTC 2018
auto.tcl: Setting watchdog for 200 seconds at Wed Oct 24 02:39:11 UTC 2018
2 ms. Memory: 208384K Free: 196440K (94%)
ptolemy.util.test.WatchDog.cancel(): canceling Wed Oct 24 02:39:11 UTC 2018
------------------ testing $PTII/ptolemy/domains/de/test/auto/DepthTest7.xml
auto.tcl: Setting watchdog for 200 seconds at Wed Oct 24 02:39:11 UTC 2018
3 ms. Memory: 208384K Free: 196093K (94%)
ptolemy.util.test.WatchDog.cancel(): canceling Wed Oct 24 02:39:11 UTC 2018
auto.tcl: Setting watchdog for 200 seconds at Wed Oct 24 02:39:11 UTC 2018
2 ms. Memory: 208384K Free: 196093K (94%)
ptolemy.util.test.WatchDog.cancel(): canceling Wed Oct 24 02:39:11 UTC 2018
------------------ testing $PTII/ptolemy/domains/de/test/auto/EventToDate.xml
auto.tcl: Setting watchdog for 200 seconds at Wed Oct 24 02:39:11 UTC 2018
3009 ms. Memory: 208384K Free: 185542K (89%)
ptolemy.util.test.WatchDog.cancel(): canceling Wed Oct 24 02:39:14 UTC 2018
auto.tcl: Setting watchdog for 200 seconds at Wed Oct 24 02:39:14 UTC 2018
3004 ms. Memory: 208384K Free: 185542K (89%)
ptolemy.util.test.WatchDog.cancel(): canceling Wed Oct 24 02:39:17 UTC 2018
------------------ testing $PTII/ptolemy/domains/de/test/auto/FSM1.xml
auto.tcl: Setting watchdog for 200 seconds at Wed Oct 24 02:39:17 UTC 2018
16 ms. Memory: 208384K Free: 189073K (91%)
ptolemy.util.test.WatchDog.cancel(): canceling Wed Oct 24 02:39:17 UTC 2018
auto.tcl: Setting watchdog for 200 seconds at Wed Oct 24 02:39:17 UTC 2018
14 ms. Memory: 208384K Free: 184825K (89%)
ptolemy.util.test.WatchDog.cancel(): canceling Wed Oct 24 02:39:17 UTC 2018
------------------ testing $PTII/ptolemy/domains/de/test/auto/FSM7.xml
auto.tcl: Setting watchdog for 200 seconds at Wed Oct 24 02:39:17 UTC 2018
13 ms. Memory: 208384K Free: 187161K (90%)
ptolemy.util.test.WatchDog.cancel(): canceling Wed Oct 24 02:39:17 UTC 2018
auto.tcl: Setting watchdog for 200 seconds at Wed Oct 24 02:39:17 UTC 2018
13 ms. Memory: 208384K Free: 185036K (89%)
ptolemy.util.test.WatchDog.cancel(): canceling Wed Oct 24 02:39:17 UTC 2018
------------------ testing $PTII/ptolemy/domains/de/test/auto/Inspection.xml
auto.tcl: Setting watchdog for 200 seconds at Wed Oct 24 02:39:17 UTC 2018
45 ms. Memory: 208384K Free: 188399K (90%)
ptolemy.util.test.WatchDog.cancel(): canceling Wed Oct 24 02:39:17 UTC 2018
auto.tcl: Setting watchdog for 200 seconds at Wed Oct 24 02:39:17 UTC 2018
30 ms. Memory: 208384K Free: 186283K (89%)
ptolemy.util.test.WatchDog.cancel(): canceling Wed Oct 24 02:39:17 UTC 2018
------------------ testing $PTII/ptolemy/domains/de/test/auto/Iteration.xml
auto.tcl: Setting watchdog for 200 seconds at Wed Oct 24 02:39:17 UTC 2018
8 ms. Memory: 208384K Free: 195900K (94%)
ptolemy.util.test.WatchDog.cancel(): canceling Wed Oct 24 02:39:17 UTC 2018
auto.tcl: Setting watchdog for 200 seconds at Wed Oct 24 02:39:17 UTC 2018
6 ms. Memory: 208384K Free: 193776K (93%)
ptolemy.util.test.WatchDog.cancel(): canceling Wed Oct 24 02:39:17 UTC 2018
------------------ testing $PTII/ptolemy/domains/de/test/auto/LineFault.xml
auto.tcl: Setting watchdog for 200 seconds at Wed Oct 24 02:39:17 UTC 2018
769 ms. Memory: 208384K Free: 196157K (94%)
ptolemy.util.test.WatchDog.cancel(): canceling Wed Oct 24 02:39:18 UTC 2018
auto.tcl: Setting watchdog for 200 seconds at Wed Oct 24 02:39:18 UTC 2018
593 ms. Memory: 208384K Free: 140371K (67%)
ptolemy.util.test.WatchDog.cancel(): canceling Wed Oct 24 02:39:19 UTC 2018
------------------ testing $PTII/ptolemy/domains/de/test/auto/MergeModel1Add.xml
auto.tcl: Setting watchdog for 200 seconds at Wed Oct 24 02:39:19 UTC 2018
27 ms. Memory: 331264K Free: 302658K (91%)
ptolemy.util.test.WatchDog.cancel(): canceling Wed Oct 24 02:39:19 UTC 2018
auto.tcl: Setting watchdog for 200 seconds at Wed Oct 24 02:39:19 UTC 2018
9 ms. Memory: 331264K Free: 298710K (90%)
ptolemy.util.test.WatchDog.cancel(): canceling Wed Oct 24 02:39:19 UTC 2018
------------------ testing $PTII/ptolemy/domains/de/test/auto/MergeModel2Add.xml
auto.tcl: Setting watchdog for 200 seconds at Wed Oct 24 02:39:19 UTC 2018
9 ms. Memory: 331264K Free: 303988K (92%)
ptolemy.util.test.WatchDog.cancel(): canceling Wed Oct 24 02:39:19 UTC 2018
auto.tcl: Setting watchdog for 200 seconds at Wed Oct 24 02:39:19 UTC 2018
10 ms. Memory: 331264K Free: 300032K (91%)
ptolemy.util.test.WatchDog.cancel(): canceling Wed Oct 24 02:39:19 UTC 2018
------------------ testing $PTII/ptolemy/domains/de/test/auto/MergeModel3Add.xml
auto.tcl: Setting watchdog for 200 seconds at Wed Oct 24 02:39:19 UTC 2018
8 ms. Memory: 331264K Free: 303998K (92%)
ptolemy.util.test.WatchDog.cancel(): canceling Wed Oct 24 02:39:20 UTC 2018
auto.tcl: Setting watchdog for 200 seconds at Wed Oct 24 02:39:20 UTC 2018
7 ms. Memory: 331264K Free: 300050K (91%)
ptolemy.util.test.WatchDog.cancel(): canceling Wed Oct 24 02:39:20 UTC 2018
------------------ testing $PTII/ptolemy/domains/de/test/auto/MergeWithoutDiscard.xml
auto.tcl: Setting watchdog for 200 seconds at Wed Oct 24 02:39:20 UTC 2018
2 ms. Memory: 331264K Free: 316141K (95%)
ptolemy.util.test.WatchDog.cancel(): canceling Wed Oct 24 02:39:20 UTC 2018
auto.tcl: Setting watchdog for 200 seconds at Wed Oct 24 02:39:20 UTC 2018
1 ms. Memory: 331264K Free: 316141K (95%)
ptolemy.util.test.WatchDog.cancel(): canceling Wed Oct 24 02:39:20 UTC 2018
------------------ testing $PTII/ptolemy/domains/de/test/auto/Modal1.xml
auto.tcl: Setting watchdog for 200 seconds at Wed Oct 24 02:39:20 UTC 2018
17 ms. Memory: 331264K Free: 309748K (94%)
ptolemy.util.test.WatchDog.cancel(): canceling Wed Oct 24 02:39:20 UTC 2018
auto.tcl: Setting watchdog for 200 seconds at Wed Oct 24 02:39:20 UTC 2018
16 ms. Memory: 331264K Free: 305799K (92%)
ptolemy.util.test.WatchDog.cancel(): canceling Wed Oct 24 02:39:20 UTC 2018
------------------ testing $PTII/ptolemy/domains/de/test/auto/Modal2.xml
auto.tcl: Setting watchdog for 200 seconds at Wed Oct 24 02:39:20 UTC 2018
17 ms. Memory: 331264K Free: 309615K (93%)
ptolemy.util.test.WatchDog.cancel(): canceling Wed Oct 24 02:39:20 UTC 2018
auto.tcl: Setting watchdog for 200 seconds at Wed Oct 24 02:39:20 UTC 2018
10 ms. Memory: 331264K Free: 305667K (92%)
ptolemy.util.test.WatchDog.cancel(): canceling Wed Oct 24 02:39:20 UTC 2018
------------------ testing $PTII/ptolemy/domains/de/test/auto/Modal3.xml
auto.tcl: Setting watchdog for 200 seconds at Wed Oct 24 02:39:20 UTC 2018
11 ms. Memory: 331264K Free: 309605K (93%)
ptolemy.util.test.WatchDog.cancel(): canceling Wed Oct 24 02:39:20 UTC 2018
auto.tcl: Setting watchdog for 200 seconds at Wed Oct 24 02:39:20 UTC 2018
10 ms. Memory: 331264K Free: 305641K (92%)
ptolemy.util.test.WatchDog.cancel(): canceling Wed Oct 24 02:39:20 UTC 2018
------------------ testing $PTII/ptolemy/domains/de/test/auto/Modal4.xml
auto.tcl: Setting watchdog for 200 seconds at Wed Oct 24 02:39:20 UTC 2018
12 ms. Memory: 331264K Free: 309619K (93%)
ptolemy.util.test.WatchDog.cancel(): canceling Wed Oct 24 02:39:20 UTC 2018
auto.tcl: Setting watchdog for 200 seconds at Wed Oct 24 02:39:20 UTC 2018
13 ms. Memory: 331264K Free: 305655K (92%)
ptolemy.util.test.WatchDog.cancel(): canceling Wed Oct 24 02:39:20 UTC 2018
------------------ testing $PTII/ptolemy/domains/de/test/auto/Modal5.xml
auto.tcl: Setting watchdog for 200 seconds at Wed Oct 24 02:39:20 UTC 2018
20 ms. Memory: 331264K Free: 309606K (93%)
ptolemy.util.test.WatchDog.cancel(): canceling Wed Oct 24 02:39:20 UTC 2018
auto.tcl: Setting watchdog for 200 seconds at Wed Oct 24 02:39:20 UTC 2018
14 ms. Memory: 331264K Free: 305650K (92%)
ptolemy.util.test.WatchDog.cancel(): canceling Wed Oct 24 02:39:20 UTC 2018
------------------ testing $PTII/ptolemy/domains/de/test/auto/Modal6.xml
auto.tcl: Setting watchdog for 200 seconds at Wed Oct 24 02:39:20 UTC 2018
15 ms. Memory: 331264K Free: 309603K (93%)
ptolemy.util.test.WatchDog.cancel(): canceling Wed Oct 24 02:39:20 UTC 2018
auto.tcl: Setting watchdog for 200 seconds at Wed Oct 24 02:39:20 UTC 2018
17 ms. Memory: 331264K Free: 305646K (92%)
ptolemy.util.test.WatchDog.cancel(): canceling Wed Oct 24 02:39:20 UTC 2018
------------------ testing $PTII/ptolemy/domains/de/test/auto/Modal7.xml
auto.tcl: Setting watchdog for 200 seconds at Wed Oct 24 02:39:20 UTC 2018
17 ms. Memory: 331264K Free: 309626K (93%)
ptolemy.util.test.WatchDog.cancel(): canceling Wed Oct 24 02:39:20 UTC 2018
auto.tcl: Setting watchdog for 200 seconds at Wed Oct 24 02:39:20 UTC 2018
10 ms. Memory: 331264K Free: 305678K (92%)
ptolemy.util.test.WatchDog.cancel(): canceling Wed Oct 24 02:39:20 UTC 2018
------------------ testing $PTII/ptolemy/domains/de/test/auto/ModalModel.xml
auto.tcl: Setting watchdog for 200 seconds at Wed Oct 24 02:39:20 UTC 2018
178 ms. Memory: 331264K Free: 245820K (74%)
ptolemy.util.test.WatchDog.cancel(): canceling Wed Oct 24 02:39:21 UTC 2018
auto.tcl: Setting watchdog for 200 seconds at Wed Oct 24 02:39:21 UTC 2018
159 ms. Memory: 331264K Free: 190448K (57%)
ptolemy.util.test.WatchDog.cancel(): canceling Wed Oct 24 02:39:21 UTC 2018
------------------ testing $PTII/ptolemy/domains/de/test/auto/ModalSource.xml
auto.tcl: Setting watchdog for 200 seconds at Wed Oct 24 02:39:21 UTC 2018
6 ms. Memory: 331264K Free: 316409K (96%)
ptolemy.util.test.WatchDog.cancel(): canceling Wed Oct 24 02:39:21 UTC 2018
auto.tcl: Setting watchdog for 200 seconds at Wed Oct 24 02:39:21 UTC 2018
6 ms. Memory: 331264K Free: 312894K (94%)
ptolemy.util.test.WatchDog.cancel(): canceling Wed Oct 24 02:39:21 UTC 2018
------------------ testing $PTII/ptolemy/domains/de/test/auto/NonInterruptibleTimerZeroDelay.xml
auto.tcl: Setting watchdog for 200 seconds at Wed Oct 24 02:39:21 UTC 2018
3 ms. Memory: 331264K Free: 320777K (97%)
ptolemy.util.test.WatchDog.cancel(): canceling Wed Oct 24 02:39:21 UTC 2018
auto.tcl: Setting watchdog for 200 seconds at Wed Oct 24 02:39:21 UTC 2018
2 ms. Memory: 331264K Free: 317247K (96%)
ptolemy.util.test.WatchDog.cancel(): canceling Wed Oct 24 02:39:21 UTC 2018
------------------ testing $PTII/ptolemy/domains/de/test/auto/OpenQueueingNetwork.xml
auto.tcl: Setting watchdog for 200 seconds at Wed Oct 24 02:39:21 UTC 2018
2801 ms. Memory: 573952K Free: 414162K (72%)
ptolemy.util.test.WatchDog.cancel(): canceling Wed Oct 24 02:39:24 UTC 2018
auto.tcl: Setting watchdog for 200 seconds at Wed Oct 24 02:39:24 UTC 2018
2293 ms. Memory: 550912K Free: 317056K (58%)
ptolemy.util.test.WatchDog.cancel(): canceling Wed Oct 24 02:39:26 UTC 2018
------------------ testing $PTII/ptolemy/domains/de/test/auto/OpenQueuingNetwork.xml
auto.tcl: Setting watchdog for 200 seconds at Wed Oct 24 02:39:26 UTC 2018
224 ms. Memory: 549888K Free: 445680K (81%)
ptolemy.util.test.WatchDog.cancel(): canceling Wed Oct 24 02:39:27 UTC 2018
auto.tcl: Setting watchdog for 200 seconds at Wed Oct 24 02:39:27 UTC 2018
215 ms. Memory: 549888K Free: 386099K (70%)
ptolemy.util.test.WatchDog.cancel(): canceling Wed Oct 24 02:39:27 UTC 2018
------------------ testing $PTII/ptolemy/domains/de/test/auto/PeriodicSampler.xml
auto.tcl: Setting watchdog for 200 seconds at Wed Oct 24 02:39:27 UTC 2018
2 ms. Memory: 551936K Free: 522670K (95%)
ptolemy.util.test.WatchDog.cancel(): canceling Wed Oct 24 02:39:27 UTC 2018
auto.tcl: Setting watchdog for 200 seconds at Wed Oct 24 02:39:27 UTC 2018
2 ms. Memory: 551936K Free: 522670K (95%)
ptolemy.util.test.WatchDog.cancel(): canceling Wed Oct 24 02:39:27 UTC 2018
------------------ testing $PTII/ptolemy/domains/de/test/auto/PersistentIO.xml
auto.tcl: Setting watchdog for 200 seconds at Wed Oct 24 02:39:27 UTC 2018
5 ms. Memory: 549376K Free: 524636K (95%)
ptolemy.util.test.WatchDog.cancel(): canceling Wed Oct 24 02:39:27 UTC 2018
auto.tcl: Setting watchdog for 200 seconds at Wed Oct 24 02:39:27 UTC 2018
4 ms. Memory: 549376K Free: 524636K (95%)
ptolemy.util.test.WatchDog.cancel(): canceling Wed Oct 24 02:39:27 UTC 2018
------------------ testing $PTII/ptolemy/domains/de/test/auto/PortParameterResetOnInitialize.xml
auto.tcl: Setting watchdog for 200 seconds at Wed Oct 24 02:39:27 UTC 2018
5 ms. Memory: 551424K Free: 531978K (96%)
ptolemy.util.test.WatchDog.cancel(): canceling Wed Oct 24 02:39:27 UTC 2018
auto.tcl: Setting watchdog for 200 seconds at Wed Oct 24 02:39:27 UTC 2018
2 ms. Memory: 551424K Free: 531978K (96%)
ptolemy.util.test.WatchDog.cancel(): canceling Wed Oct 24 02:39:27 UTC 2018
------------------ testing $PTII/ptolemy/domains/de/test/auto/PortParameterUpdates.xml
auto.tcl: Setting watchdog for 200 seconds at Wed Oct 24 02:39:27 UTC 2018
3 ms. Memory: 549376K Free: 534744K (97%)
ptolemy.util.test.WatchDog.cancel(): canceling Wed Oct 24 02:39:27 UTC 2018
auto.tcl: Setting watchdog for 200 seconds at Wed Oct 24 02:39:27 UTC 2018
4 ms. Memory: 549376K Free: 529327K (96%)
ptolemy.util.test.WatchDog.cancel(): canceling Wed Oct 24 02:39:27 UTC 2018
------------------ testing $PTII/ptolemy/domains/de/test/auto/QueueAndServer.xml
auto.tcl: Setting watchdog for 200 seconds at Wed Oct 24 02:39:27 UTC 2018
11 ms. Memory: 551424K Free: 526643K (96%)
ptolemy.util.test.WatchDog.cancel(): canceling Wed Oct 24 02:39:27 UTC 2018
auto.tcl: Setting watchdog for 200 seconds at Wed Oct 24 02:39:27 UTC 2018
6 ms. Memory: 551424K Free: 526413K (95%)
ptolemy.util.test.WatchDog.cancel(): canceling Wed Oct 24 02:39:27 UTC 2018
------------------ testing $PTII/ptolemy/domains/de/test/auto/Records.xml
auto.tcl: Setting watchdog for 200 seconds at Wed Oct 24 02:39:27 UTC 2018
3 ms. Memory: 549376K Free: 534649K (97%)
ptolemy.util.test.WatchDog.cancel(): canceling Wed Oct 24 02:39:27 UTC 2018
auto.tcl: Setting watchdog for 200 seconds at Wed Oct 24 02:39:27 UTC 2018
2 ms. Memory: 549376K Free: 529233K (96%)
ptolemy.util.test.WatchDog.cancel(): canceling Wed Oct 24 02:39:27 UTC 2018
------------------ testing $PTII/ptolemy/domains/de/test/auto/ResetTransitionWithStartTime1.xml
auto.tcl: Setting watchdog for 200 seconds at Wed Oct 24 02:39:27 UTC 2018
20 ms. Memory: 551424K Free: 531078K (96%)
ptolemy.util.test.WatchDog.cancel(): canceling Wed Oct 24 02:39:27 UTC 2018
auto.tcl: Setting watchdog for 200 seconds at Wed Oct 24 02:39:27 UTC 2018
9 ms. Memory: 551424K Free: 531078K (96%)
ptolemy.util.test.WatchDog.cancel(): canceling Wed Oct 24 02:39:27 UTC 2018
------------------ testing $PTII/ptolemy/domains/de/test/auto/ResetTransitionWithStartTime2.xml
auto.tcl: Setting watchdog for 200 seconds at Wed Oct 24 02:39:27 UTC 2018
9 ms. Memory: 549376K Free: 529234K (96%)
ptolemy.util.test.WatchDog.cancel(): canceling Wed Oct 24 02:39:28 UTC 2018
auto.tcl: Setting watchdog for 200 seconds at Wed Oct 24 02:39:28 UTC 2018
6 ms. Memory: 549376K Free: 529234K (96%)
ptolemy.util.test.WatchDog.cancel(): canceling Wed Oct 24 02:39:28 UTC 2018
------------------ testing $PTII/ptolemy/domains/de/test/auto/ResetTransitionWithStartTime3.xml
auto.tcl: Setting watchdog for 200 seconds at Wed Oct 24 02:39:28 UTC 2018
10 ms. Memory: 550912K Free: 530539K (96%)
ptolemy.util.test.WatchDog.cancel(): canceling Wed Oct 24 02:39:28 UTC 2018
auto.tcl: Setting watchdog for 200 seconds at Wed Oct 24 02:39:28 UTC 2018
5 ms. Memory: 550912K Free: 530539K (96%)
ptolemy.util.test.WatchDog.cancel(): canceling Wed Oct 24 02:39:28 UTC 2018
------------------ testing $PTII/ptolemy/domains/de/test/auto/ResetTransitionWithStartTime4.xml
auto.tcl: Setting watchdog for 200 seconds at Wed Oct 24 02:39:28 UTC 2018
5 ms. Memory: 549376K Free: 529002K (96%)
ptolemy.util.test.WatchDog.cancel(): canceling Wed Oct 24 02:39:28 UTC 2018
auto.tcl: Setting watchdog for 200 seconds at Wed Oct 24 02:39:28 UTC 2018
3 ms. Memory: 549376K Free: 529002K (96%)
ptolemy.util.test.WatchDog.cancel(): canceling Wed Oct 24 02:39:28 UTC 2018
------------------ testing $PTII/ptolemy/domains/de/test/auto/ResettableTimer1.xml
auto.tcl: Setting watchdog for 200 seconds at Wed Oct 24 02:39:28 UTC 2018
4 ms. Memory: 550912K Free: 535965K (97%)
ptolemy.util.test.WatchDog.cancel(): canceling Wed Oct 24 02:39:28 UTC 2018
auto.tcl: Setting watchdog for 200 seconds at Wed Oct 24 02:39:28 UTC 2018
2 ms. Memory: 550912K Free: 535965K (97%)
ptolemy.util.test.WatchDog.cancel(): canceling Wed Oct 24 02:39:28 UTC 2018
------------------ testing $PTII/ptolemy/domains/de/test/auto/ResettableTimer2.xml
auto.tcl: Setting watchdog for 200 seconds at Wed Oct 24 02:39:28 UTC 2018
3 ms. Memory: 549376K Free: 534717K (97%)
ptolemy.util.test.WatchDog.cancel(): canceling Wed Oct 24 02:39:28 UTC 2018
auto.tcl: Setting watchdog for 200 seconds at Wed Oct 24 02:39:28 UTC 2018
2 ms. Memory: 549376K Free: 534717K (97%)
ptolemy.util.test.WatchDog.cancel(): canceling Wed Oct 24 02:39:28 UTC 2018
------------------ testing $PTII/ptolemy/domains/de/test/auto/ResettableTimer3.xml
auto.tcl: Setting watchdog for 200 seconds at Wed Oct 24 02:39:28 UTC 2018
1 ms. Memory: 550912K Free: 536023K (97%)
ptolemy.util.test.WatchDog.cancel(): canceling Wed Oct 24 02:39:28 UTC 2018
auto.tcl: Setting watchdog for 200 seconds at Wed Oct 24 02:39:28 UTC 2018
1 ms. Memory: 550912K Free: 536023K (97%)
ptolemy.util.test.WatchDog.cancel(): canceling Wed Oct 24 02:39:28 UTC 2018
------------------ testing $PTII/ptolemy/domains/de/test/auto/ResettableTimer4.xml
auto.tcl: Setting watchdog for 200 seconds at Wed Oct 24 02:39:28 UTC 2018
1 ms. Memory: 549376K Free: 534730K (97%)
ptolemy.util.test.WatchDog.cancel(): canceling Wed Oct 24 02:39:28 UTC 2018
auto.tcl: Setting watchdog for 200 seconds at Wed Oct 24 02:39:28 UTC 2018
1 ms. Memory: 549376K Free: 534730K (97%)
ptolemy.util.test.WatchDog.cancel(): canceling Wed Oct 24 02:39:28 UTC 2018
------------------ testing $PTII/ptolemy/domains/de/test/auto/ResettableTimer5.xml
auto.tcl: Setting watchdog for 200 seconds at Wed Oct 24 02:39:28 UTC 2018
1 ms. Memory: 550400K Free: 531072K (96%)
ptolemy.util.test.WatchDog.cancel(): canceling Wed Oct 24 02:39:28 UTC 2018
auto.tcl: Setting watchdog for 200 seconds at Wed Oct 24 02:39:28 UTC 2018
1 ms. Memory: 550400K Free: 531072K (96%)
ptolemy.util.test.WatchDog.cancel(): canceling Wed Oct 24 02:39:28 UTC 2018
------------------ testing $PTII/ptolemy/domains/de/test/auto/ResettableTimer6.xml
auto.tcl: Setting watchdog for 200 seconds at Wed Oct 24 02:39:28 UTC 2018
5 ms. Memory: 549376K Free: 529768K (96%)
ptolemy.util.test.WatchDog.cancel(): canceling Wed Oct 24 02:39:28 UTC 2018
auto.tcl: Setting watchdog for 200 seconds at Wed Oct 24 02:39:28 UTC 2018
1 ms. Memory: 549376K Free: 529768K (96%)
ptolemy.util.test.WatchDog.cancel(): canceling Wed Oct 24 02:39:28 UTC 2018
------------------ testing $PTII/ptolemy/domains/de/test/auto/ServerZeroDelay.xml
auto.tcl: Setting watchdog for 200 seconds at Wed Oct 24 02:39:28 UTC 2018
5 ms. Memory: 550400K Free: 535691K (97%)
ptolemy.util.test.WatchDog.cancel(): canceling Wed Oct 24 02:39:28 UTC 2018
auto.tcl: Setting watchdog for 200 seconds at Wed Oct 24 02:39:28 UTC 2018
2 ms. Memory: 550400K Free: 535691K (97%)
ptolemy.util.test.WatchDog.cancel(): canceling Wed Oct 24 02:39:28 UTC 2018
------------------ testing $PTII/ptolemy/domains/de/test/auto/SmartSender.xml
auto.tcl: Setting watchdog for 200 seconds at Wed Oct 24 02:39:28 UTC 2018
3002 ms. Memory: 549376K Free: 529983K (96%)
ptolemy.util.test.WatchDog.cancel(): canceling Wed Oct 24 02:39:31 UTC 2018
auto.tcl: Setting watchdog for 200 seconds at Wed Oct 24 02:39:31 UTC 2018
3001 ms. Memory: 549376K Free: 529983K (96%)
ptolemy.util.test.WatchDog.cancel(): canceling Wed Oct 24 02:39:34 UTC 2018
------------------ testing $PTII/ptolemy/domains/de/test/auto/ThreadedComposite.xml
auto.tcl: Setting watchdog for 200 seconds at Wed Oct 24 02:39:34 UTC 2018
243 ms. Memory: 550400K Free: 510599K (93%)
ptolemy.util.test.WatchDog.cancel(): canceling Wed Oct 24 02:39:35 UTC 2018
auto.tcl: Setting watchdog for 200 seconds at Wed Oct 24 02:39:35 UTC 2018
179 ms. Memory: 550400K Free: 486464K (88%)
ptolemy.util.test.WatchDog.cancel(): canceling Wed Oct 24 02:39:35 UTC 2018
------------------ testing $PTII/ptolemy/domains/de/test/auto/Time.xml
auto.tcl: Setting watchdog for 200 seconds at Wed Oct 24 02:39:35 UTC 2018
487 ms. Memory: 549376K Free: 482680K (88%)
ptolemy.util.test.WatchDog.cancel(): canceling Wed Oct 24 02:39:35 UTC 2018
auto.tcl: Setting watchdog for 200 seconds at Wed Oct 24 02:39:35 UTC 2018
487 ms. Memory: 549376K Free: 428516K (78%)
ptolemy.util.test.WatchDog.cancel(): canceling Wed Oct 24 02:39:36 UTC 2018
------------------ testing $PTII/ptolemy/domains/de/test/auto/TimeDelayZeroDelay.xml
auto.tcl: Setting watchdog for 200 seconds at Wed Oct 24 02:39:36 UTC 2018
3 ms. Memory: 550400K Free: 535378K (97%)
ptolemy.util.test.WatchDog.cancel(): canceling Wed Oct 24 02:39:36 UTC 2018
auto.tcl: Setting watchdog for 200 seconds at Wed Oct 24 02:39:36 UTC 2018
1 ms. Memory: 550400K Free: 535378K (97%)
ptolemy.util.test.WatchDog.cancel(): canceling Wed Oct 24 02:39:36 UTC 2018
------------------ testing $PTII/ptolemy/domains/de/test/auto/TimerZeroDelay.xml
auto.tcl: Setting watchdog for 200 seconds at Wed Oct 24 02:39:36 UTC 2018
4 ms. Memory: 549376K Free: 534627K (97%)
ptolemy.util.test.WatchDog.cancel(): canceling Wed Oct 24 02:39:36 UTC 2018
auto.tcl: Setting watchdog for 200 seconds at Wed Oct 24 02:39:36 UTC 2018
2 ms. Memory: 549376K Free: 534627K (97%)
ptolemy.util.test.WatchDog.cancel(): canceling Wed Oct 24 02:39:36 UTC 2018
------------------ testing $PTII/ptolemy/domains/de/test/auto/TimingParadox.xml
auto.tcl: Setting watchdog for 200 seconds at Wed Oct 24 02:39:36 UTC 2018
379 ms. Memory: 549888K Free: 464973K (85%)
ptolemy.util.test.WatchDog.cancel(): canceling Wed Oct 24 02:39:36 UTC 2018
auto.tcl: Setting watchdog for 200 seconds at Wed Oct 24 02:39:36 UTC 2018
367 ms. Memory: 549888K Free: 427059K (78%)
ptolemy.util.test.WatchDog.cancel(): canceling Wed Oct 24 02:39:37 UTC 2018
------------------ testing $PTII/ptolemy/domains/de/test/auto/TransferInputs.xml
auto.tcl: Setting watchdog for 200 seconds at Wed Oct 24 02:39:37 UTC 2018
2 ms. Memory: 549888K Free: 534044K (97%)
ptolemy.util.test.WatchDog.cancel(): canceling Wed Oct 24 02:39:37 UTC 2018
auto.tcl: Setting watchdog for 200 seconds at Wed Oct 24 02:39:37 UTC 2018
2 ms. Memory: 549888K Free: 534044K (97%)
ptolemy.util.test.WatchDog.cancel(): canceling Wed Oct 24 02:39:37 UTC 2018
------------------ testing $PTII/ptolemy/domains/de/test/auto/TransferOutputs2.xml
auto.tcl: Setting watchdog for 200 seconds at Wed Oct 24 02:39:37 UTC 2018
7 ms. Memory: 549376K Free: 524521K (95%)
ptolemy.util.test.WatchDog.cancel(): canceling Wed Oct 24 02:39:37 UTC 2018
auto.tcl: Setting watchdog for 200 seconds at Wed Oct 24 02:39:37 UTC 2018
3 ms. Memory: 549376K Free: 524521K (95%)
ptolemy.util.test.WatchDog.cancel(): canceling Wed Oct 24 02:39:37 UTC 2018
------------------ testing $PTII/ptolemy/domains/de/test/auto/Trilateration.xml
auto.tcl: Setting watchdog for 200 seconds at Wed Oct 24 02:39:37 UTC 2018
14963 ms. Memory: 766976K Free: 155959K (20%)
ptolemy.util.test.WatchDog.cancel(): canceling Wed Oct 24 02:39:53 UTC 2018
auto.tcl: Setting watchdog for 200 seconds at Wed Oct 24 02:39:53 UTC 2018
11879 ms. Memory: 623104K Free: 468862K (75%)
ptolemy.util.test.WatchDog.cancel(): canceling Wed Oct 24 02:40:05 UTC 2018
------------------ testing $PTII/ptolemy/domains/de/test/auto/TwoSigmaDelta.xml
auto.tcl: Setting watchdog for 200 seconds at Wed Oct 24 02:40:05 UTC 2018
2633 ms. Memory: 619520K Free: 315111K (51%)
ptolemy.util.test.WatchDog.cancel(): canceling Wed Oct 24 02:40:08 UTC 2018
auto.tcl: Setting watchdog for 200 seconds at Wed Oct 24 02:40:08 UTC 2018
1944 ms. Memory: 619520K Free: 90372K (15%)
ptolemy.util.test.WatchDog.cancel(): canceling Wed Oct 24 02:40:10 UTC 2018
------------------ testing $PTII/ptolemy/domains/de/test/auto/VariableDelay.xml
auto.tcl: Setting watchdog for 200 seconds at Wed Oct 24 02:40:10 UTC 2018
2 ms. Memory: 623104K Free: 598969K (96%)
ptolemy.util.test.WatchDog.cancel(): canceling Wed Oct 24 02:40:10 UTC 2018
auto.tcl: Setting watchdog for 200 seconds at Wed Oct 24 02:40:10 UTC 2018
2 ms. Memory: 623104K Free: 598969K (96%)
ptolemy.util.test.WatchDog.cancel(): canceling Wed Oct 24 02:40:10 UTC 2018
------------------ testing $PTII/ptolemy/domains/de/test/auto/VariableDelay2.xml
auto.tcl: Setting watchdog for 200 seconds at Wed Oct 24 02:40:10 UTC 2018
1 ms. Memory: 619520K Free: 601211K (97%)
ptolemy.util.test.WatchDog.cancel(): canceling Wed Oct 24 02:40:10 UTC 2018
auto.tcl: Setting watchdog for 200 seconds at Wed Oct 24 02:40:10 UTC 2018
2 ms. Memory: 619520K Free: 601211K (97%)
ptolemy.util.test.WatchDog.cancel(): canceling Wed Oct 24 02:40:10 UTC 2018
------------------ testing $PTII/ptolemy/domains/de/test/auto/VariableDelayZeroDelay.xml
auto.tcl: Setting watchdog for 200 seconds at Wed Oct 24 02:40:10 UTC 2018
2 ms. Memory: 622592K Free: 598900K (96%)
ptolemy.util.test.WatchDog.cancel(): canceling Wed Oct 24 02:40:10 UTC 2018
auto.tcl: Setting watchdog for 200 seconds at Wed Oct 24 02:40:10 UTC 2018
2 ms. Memory: 622592K Free: 598900K (96%)
ptolemy.util.test.WatchDog.cancel(): canceling Wed Oct 24 02:40:10 UTC 2018
------------------ testing $PTII/ptolemy/domains/de/test/auto/VariableDelayZeroDelay2.xml
auto.tcl: Setting watchdog for 200 seconds at Wed Oct 24 02:40:10 UTC 2018
2 ms. Memory: 619520K Free: 595827K (96%)
ptolemy.util.test.WatchDog.cancel(): canceling Wed Oct 24 02:40:10 UTC 2018
auto.tcl: Setting watchdog for 200 seconds at Wed Oct 24 02:40:10 UTC 2018
2 ms. Memory: 619520K Free: 595827K (96%)
ptolemy.util.test.WatchDog.cancel(): canceling Wed Oct 24 02:40:10 UTC 2018
------------------ testing $PTII/ptolemy/domains/de/test/auto/deInCt.xml
auto.tcl: Setting watchdog for 200 seconds at Wed Oct 24 02:40:10 UTC 2018
0
1
1
0
0
0
0
1
1
1
0
0
0
0
0
1
1
1
0
0
1
1
1
1
1
1
0
0
0
1
1
0
0
0
1
1
1
1
6 ms. Memory: 622080K Free: 598353K (96%)
ptolemy.util.test.WatchDog.cancel(): canceling Wed Oct 24 02:40:10 UTC 2018
auto.tcl: Setting watchdog for 200 seconds at Wed Oct 24 02:40:10 UTC 2018
0
1
1
1
0
0
0
0
0
0
1
1
1
0
0
0
0
1
1
0
0
0
0
1
1
1
0
0
1
1
1
0
0
0
1
1
1
1
6 ms. Memory: 622080K Free: 598353K (96%)
ptolemy.util.test.WatchDog.cancel(): canceling Wed Oct 24 02:40:10 UTC 2018
------------------ testing $PTII/ptolemy/domains/de/test/auto/deInCt2.xml
auto.tcl: Setting watchdog for 200 seconds at Wed Oct 24 02:40:10 UTC 2018
0
1
1
1
0
0
1
1
1
0
0
1
1
1
0
0
1
1
1
0
0
1
1
1
0
0
1
1
1
0
0
1
1
1
0
0
1
1
1
0
0
0
13 ms. Memory: 619520K Free: 595824K (96%)
ptolemy.util.test.WatchDog.cancel(): canceling Wed Oct 24 02:40:10 UTC 2018
auto.tcl: Setting watchdog for 200 seconds at Wed Oct 24 02:40:10 UTC 2018
0
1
1
1
0
0
1
1
1
0
0
1
1
1
0
0
1
1
1
0
0
1
1
1
0
0
1
1
1
0
0
1
1
1
0
0
1
1
1
0
0
0
5 ms. Memory: 619520K Free: 595824K (96%)
ptolemy.util.test.WatchDog.cancel(): canceling Wed Oct 24 02:40:10 UTC 2018
------------------ testing $PTII/ptolemy/domains/de/test/auto/dynamicCausalityInterface1.xml
auto.tcl: Setting watchdog for 200 seconds at Wed Oct 24 02:40:10 UTC 2018
1 ms. Memory: 621568K Free: 589704K (95%)
ptolemy.util.test.WatchDog.cancel(): canceling Wed Oct 24 02:40:10 UTC 2018
auto.tcl: Setting watchdog for 200 seconds at Wed Oct 24 02:40:10 UTC 2018
1 ms. Memory: 621568K Free: 589704K (95%)
ptolemy.util.test.WatchDog.cancel(): canceling Wed Oct 24 02:40:10 UTC 2018
------------------ testing $PTII/ptolemy/domains/de/test/auto/fsm_de_test.xml
auto.tcl: Setting watchdog for 200 seconds at Wed Oct 24 02:40:10 UTC 2018
15 ms. Memory: 619520K Free: 595714K (96%)
ptolemy.util.test.WatchDog.cancel(): canceling Wed Oct 24 02:40:10 UTC 2018
auto.tcl: Setting watchdog for 200 seconds at Wed Oct 24 02:40:10 UTC 2018
5 ms. Memory: 619520K Free: 587551K (95%)
ptolemy.util.test.WatchDog.cancel(): canceling Wed Oct 24 02:40:10 UTC 2018
------------------ testing $PTII/ptolemy/domains/de/test/auto/functionDependencyReconstruction.xml
auto.tcl: Setting watchdog for 200 seconds at Wed Oct 24 02:40:10 UTC 2018
4 ms. Memory: 621568K Free: 589590K (95%)
ptolemy.util.test.WatchDog.cancel(): canceling Wed Oct 24 02:40:10 UTC 2018
auto.tcl: Setting watchdog for 200 seconds at Wed Oct 24 02:40:10 UTC 2018
2 ms. Memory: 621568K Free: 581443K (94%)
ptolemy.util.test.WatchDog.cancel(): canceling Wed Oct 24 02:40:10 UTC 2018
------------------ testing $PTII/ptolemy/domains/de/test/auto/multirate.xml
auto.tcl: Setting watchdog for 200 seconds at Wed Oct 24 02:40:10 UTC 2018
3 ms. Memory: 619520K Free: 595550K (96%)
ptolemy.util.test.WatchDog.cancel(): canceling Wed Oct 24 02:40:10 UTC 2018
auto.tcl: Setting watchdog for 200 seconds at Wed Oct 24 02:40:10 UTC 2018
3 ms. Memory: 619520K Free: 595550K (96%)
ptolemy.util.test.WatchDog.cancel(): canceling Wed Oct 24 02:40:10 UTC 2018
------------------ testing $PTII/ptolemy/domains/de/test/auto/multirate2.xml
auto.tcl: Setting watchdog for 200 seconds at Wed Oct 24 02:40:10 UTC 2018
3 ms. Memory: 621056K Free: 597274K (96%)
ptolemy.util.test.WatchDog.cancel(): canceling Wed Oct 24 02:40:11 UTC 2018
auto.tcl: Setting watchdog for 200 seconds at Wed Oct 24 02:40:11 UTC 2018
3 ms. Memory: 621056K Free: 597274K (96%)
ptolemy.util.test.WatchDog.cancel(): canceling Wed Oct 24 02:40:11 UTC 2018
------------------ testing $PTII/ptolemy/domains/de/test/auto/realtime.xml
auto.tcl: Setting watchdog for 200 seconds at Wed Oct 24 02:40:11 UTC 2018
10001 ms. Memory: 619520K Free: 601118K (97%)
ptolemy.util.test.WatchDog.cancel(): canceling Wed Oct 24 02:40:21 UTC 2018
auto.tcl: Setting watchdog for 200 seconds at Wed Oct 24 02:40:21 UTC 2018
10002 ms. Memory: 619520K Free: 601118K (97%)
ptolemy.util.test.WatchDog.cancel(): canceling Wed Oct 24 02:40:31 UTC 2018
------------------ testing $PTII/ptolemy/domains/de/test/auto/relationGroup.xml
auto.tcl: Setting watchdog for 200 seconds at Wed Oct 24 02:40:31 UTC 2018
3 ms. Memory: 621056K Free: 602710K (97%)
ptolemy.util.test.WatchDog.cancel(): canceling Wed Oct 24 02:40:31 UTC 2018
auto.tcl: Setting watchdog for 200 seconds at Wed Oct 24 02:40:31 UTC 2018
2 ms. Memory: 621056K Free: 602710K (97%)
ptolemy.util.test.WatchDog.cancel(): canceling Wed Oct 24 02:40:31 UTC 2018
------------------ testing $PTII/ptolemy/domains/de/test/auto/relationGroup2.xml
auto.tcl: Setting watchdog for 200 seconds at Wed Oct 24 02:40:31 UTC 2018
2 ms. Memory: 619520K Free: 595818K (96%)
ptolemy.util.test.WatchDog.cancel(): canceling Wed Oct 24 02:40:31 UTC 2018
auto.tcl: Setting watchdog for 200 seconds at Wed Oct 24 02:40:31 UTC 2018
2 ms. Memory: 619520K Free: 595818K (96%)
ptolemy.util.test.WatchDog.cancel(): canceling Wed Oct 24 02:40:31 UTC 2018
------------------ testing $PTII/ptolemy/domains/de/test/auto/sortWithOpaquePorts.xml
auto.tcl: Setting watchdog for 200 seconds at Wed Oct 24 02:40:31 UTC 2018
1 ms. Memory: 620544K Free: 596843K (96%)
ptolemy.util.test.WatchDog.cancel(): canceling Wed Oct 24 02:40:31 UTC 2018
auto.tcl: Setting watchdog for 200 seconds at Wed Oct 24 02:40:31 UTC 2018
2 ms. Memory: 620544K Free: 596843K (96%)
ptolemy.util.test.WatchDog.cancel(): canceling Wed Oct 24 02:40:31 UTC 2018
------------------ testing $PTII/ptolemy/domains/de/test/auto/transferInputsandOutputs.xml
auto.tcl: Setting watchdog for 200 seconds at Wed Oct 24 02:40:31 UTC 2018
2 ms. Memory: 619520K Free: 595805K (96%)
ptolemy.util.test.WatchDog.cancel(): canceling Wed Oct 24 02:40:31 UTC 2018
auto.tcl: Setting watchdog for 200 seconds at Wed Oct 24 02:40:31 UTC 2018
2 ms. Memory: 619520K Free: 595805K (96%)
ptolemy.util.test.WatchDog.cancel(): canceling Wed Oct 24 02:40:31 UTC 2018
------------------ testing $PTII/ptolemy/domains/de/test/auto/triggerType.xml
auto.tcl: Setting watchdog for 200 seconds at Wed Oct 24 02:40:31 UTC 2018
2 ms. Memory: 620544K Free: 596780K (96%)
ptolemy.util.test.WatchDog.cancel(): canceling Wed Oct 24 02:40:31 UTC 2018
auto.tcl: Setting watchdog for 200 seconds at Wed Oct 24 02:40:31 UTC 2018
1 ms. Memory: 620544K Free: 596780K (96%)
ptolemy.util.test.WatchDog.cancel(): canceling Wed Oct 24 02:40:31 UTC 2018
10/24/18 02:40:31
Failed: 0  Total Tests: 192  ((Passed: 187, Newly Passed: 1)  Known Failed: 5) /home/travis/build/icyphy/ptII/ptolemy/domains/de/test
10/24/18 02:40:31
Failed: 0  Total Tests: 192  ((Passed: 187, Newly Passed: 1)  Known Failed: 5) /home/travis/build/icyphy/ptII/ptolemy/domains/de/test
----------------- testing (KnownFailure) /home/travis/build/icyphy/ptII/ptolemy/domains/de/test/auto/knownFailedTests/DESDFClockTest.xml
2010 ms. Memory: 619520K Free: 585047K (94%)
Known Failure: java.lang.reflect.InvocationTargetException
----------------- testing (KnownFailure) /home/travis/build/icyphy/ptII/ptolemy/domains/de/test/auto/knownFailedTests/DirectFeedback.xml
1 ms. Memory: 619520K Free: 541998K (87%)
Known Failure: java.lang.reflect.InvocationTargetException
----------------- testing (KnownFailure) /home/travis/build/icyphy/ptII/ptolemy/domains/de/test/auto/knownFailedTests/FSMSource.xml
4 ms. Memory: 619520K Free: 498918K (81%)
----------------- testing (KnownFailure) /home/travis/build/icyphy/ptII/ptolemy/domains/de/test/auto/knownFailedTests/HierarchicalModel.xml
2 ms. Memory: 619520K Free: 466631K (75%)
Known Failure: java.lang.reflect.InvocationTargetException
----------------- testing (KnownFailure) /home/travis/build/icyphy/ptII/ptolemy/domains/de/test/auto/knownFailedTests/dependencyLoop.xml
3 ms. Memory: 619520K Free: 412820K (67%)
Known Failure: java.lang.reflect.InvocationTargetException
----------------- testing (KnownFailure) /home/travis/build/icyphy/ptII/ptolemy/domains/de/test/auto/knownFailedTests/dependencyLoop2.xml
3 ms. Memory: 619520K Free: 358992K (58%)
Known Failure: java.lang.reflect.InvocationTargetException
No auto/linux-amd64/*.xml tests in /home/travis/build/icyphy/ptII/ptolemy/domains/de/test
AutoTests.java: About to close Vertx.
AutoTests.java: Vertx closed.

===========================================================================================
----------------- testing Wed Oct 24 02:40:33 UTC 2018 /home/travis/build/icyphy/ptII/ptolemy/domains/de/test/auto/ActorDepthCalculation_actorWithoutPorts.xml
----------------- Instantiating /home/travis/build/icyphy/ptII/ptolemy/domains/de/test/auto/ActorDepthCalculation_actorWithoutPorts.xml
5 ms. Memory: 619520K Free: 305181K (49%)
----------------- Invoking toplevel() on ptolemy.moml.MoMLSimpleApplication@b8c70b0
----------------- Done invoking toplevel() on ptolemy.moml.MoMLSimpleApplication@b8c70b0
reloadAllAccessors: .ActorDepthCalculation_actorWithoutPorts

===========================================================================================
----------------- testing Wed Oct 24 02:40:33 UTC 2018 /home/travis/build/icyphy/ptII/ptolemy/domains/de/test/auto/AssemblyLine.xml
----------------- Instantiating /home/travis/build/icyphy/ptII/ptolemy/domains/de/test/auto/AssemblyLine.xml
2 ms. Memory: 619520K Free: 283656K (46%)
----------------- Invoking toplevel() on ptolemy.moml.MoMLSimpleApplication@313e91f6
----------------- Done invoking toplevel() on ptolemy.moml.MoMLSimpleApplication@313e91f6
reloadAllAccessors: .AssemblyLine

===========================================================================================
----------------- testing Wed Oct 24 02:40:33 UTC 2018 /home/travis/build/icyphy/ptII/ptolemy/domains/de/test/auto/CQBug1.xml
----------------- Instantiating /home/travis/build/icyphy/ptII/ptolemy/domains/de/test/auto/CQBug1.xml
0 ms. Memory: 619520K Free: 262132K (42%)
----------------- Invoking toplevel() on ptolemy.moml.MoMLSimpleApplication@31b077d2
----------------- Done invoking toplevel() on ptolemy.moml.MoMLSimpleApplication@31b077d2
reloadAllAccessors: .CQBug1

===========================================================================================
----------------- testing Wed Oct 24 02:40:33 UTC 2018 /home/travis/build/icyphy/ptII/ptolemy/domains/de/test/auto/CancelFireAt.xml
----------------- Instantiating /home/travis/build/icyphy/ptII/ptolemy/domains/de/test/auto/CancelFireAt.xml
1 ms. Memory: 619520K Free: 240607K (39%)
----------------- Invoking toplevel() on ptolemy.moml.MoMLSimpleApplication@4416631d
----------------- Done invoking toplevel() on ptolemy.moml.MoMLSimpleApplication@4416631d
reloadAllAccessors: .CancelFireAt

===========================================================================================
----------------- testing Wed Oct 24 02:40:33 UTC 2018 /home/travis/build/icyphy/ptII/ptolemy/domains/de/test/auto/CausalityAndComposabilityAnalysis.xml
----------------- Instantiating /home/travis/build/icyphy/ptII/ptolemy/domains/de/test/auto/CausalityAndComposabilityAnalysis.xml
1 ms. Memory: 619520K Free: 219083K (35%)
----------------- Invoking toplevel() on ptolemy.moml.MoMLSimpleApplication@186985ee
----------------- Done invoking toplevel() on ptolemy.moml.MoMLSimpleApplication@186985ee
reloadAllAccessors: .CausalityAndComposabilityAnalysis

===========================================================================================
----------------- testing Wed Oct 24 02:40:33 UTC 2018 /home/travis/build/icyphy/ptII/ptolemy/domains/de/test/auto/CausalityInterface1.xml
----------------- Instantiating /home/travis/build/icyphy/ptII/ptolemy/domains/de/test/auto/CausalityInterface1.xml
5 ms. Memory: 619520K Free: 197558K (32%)
----------------- Invoking toplevel() on ptolemy.moml.MoMLSimpleApplication@6c0d6728
----------------- Done invoking toplevel() on ptolemy.moml.MoMLSimpleApplication@6c0d6728
reloadAllAccessors: .CausalityInterface1

===========================================================================================
----------------- testing Wed Oct 24 02:40:33 UTC 2018 /home/travis/build/icyphy/ptII/ptolemy/domains/de/test/auto/CausalityInterface15.xml
----------------- Instantiating /home/travis/build/icyphy/ptII/ptolemy/domains/de/test/auto/CausalityInterface15.xml
2 ms. Memory: 619520K Free: 176034K (28%)
----------------- Invoking toplevel() on ptolemy.moml.MoMLSimpleApplication@6011d0c4
----------------- Done invoking toplevel() on ptolemy.moml.MoMLSimpleApplication@6011d0c4
reloadAllAccessors: .CausalityInterface15

[...]
java.lang.RuntimeException: Execution failed
	at ptolemy.moml.MoMLSimpleApplication$UnloadThread.run(MoMLSimpleApplication.java:402)
Caused by: ptolemy.kernel.util.IllegalActionException: Test fails in iteration 1.
Value was: 1.0. Should have been: 2.0
  in .DirectFeedback.Test
	at ptolemy.actor.lib.Test.fire(Test.java:268)
	at ptolemy.domains.de.kernel.DEDirector._fire(DEDirector.java:1949)
	at ptolemy.domains.de.kernel.DEDirector.fire(DEDirector.java:502)
	at ptolemy.actor.CompositeActor.fire(CompositeActor.java:455)
	at ptolemy.actor.Manager.iterate(Manager.java:851)
	at ptolemy.actor.Manager.execute(Manager.java:369)
	at ptolemy.actor.Manager.run(Manager.java:1263)
	at ptolemy.actor.Manager$PtolemyRunThread.run(Manager.java:1915)
java.lang.RuntimeException: Execution failed
	at ptolemy.moml.MoMLSimpleApplication$UnloadThread.run(MoMLSimpleApplication.java:402)
Caused by: ptolemy.kernel.util.IllegalActionException: Actor is not ready to fire.  Perhaps UpSample.prefire() returned false? Try debugging the actor by selecting "Listen to Actor".  Also, for SDF check moml for tokenConsumptionRate on input.
  in .DESDFClockTest.Play Bell.Copy1:SDF Director and .DESDFClockTest.Play Bell.UpSample
	at ptolemy.actor.sched.StaticSchedulingDirector.fire(StaticSchedulingDirector.java:227)
	at ptolemy.domains.sdf.kernel.SDFDirector.fire(SDFDirector.java:500)
	at ptolemy.actor.CompositeActor.fire(CompositeActor.java:455)
	at ptolemy.domains.de.kernel.DEDirector._fire(DEDirector.java:1949)
	at ptolemy.domains.de.kernel.DEDirector.fire(DEDirector.java:502)
	at ptolemy.actor.CompositeActor.fire(CompositeActor.java:455)
	at ptolemy.actor.Manager.iterate(Manager.java:851)
	at ptolemy.actor.Manager.execute(Manager.java:369)
	at ptolemy.actor.Manager.run(Manager.java:1263)
	at ptolemy.actor.Manager$PtolemyRunThread.run(Manager.java:1915)
java.lang.reflect.InvocationTargetException
	at sun.reflect.NativeConstructorAccessorImpl.newInstance0(Native Method)
	at sun.reflect.NativeConstructorAccessorImpl.newInstance(NativeConstructorAccessorImpl.java:62)
	at sun.reflect.DelegatingConstructorAccessorImpl.newInstance(DelegatingConstructorAccessorImpl.java:45)
	at java.lang.reflect.Constructor.newInstance(Constructor.java:423)
	at ptolemy.util.test.junit.AutoKnownFailedTests.RunModel(AutoKnownFailedTests.java:105)
	at sun.reflect.NativeMethodAccessorImpl.invoke0(Native Method)
	at sun.reflect.NativeMethodAccessorImpl.invoke(NativeMethodAccessorImpl.java:62)
	at sun.reflect.DelegatingMethodAccessorImpl.invoke(DelegatingMethodAccessorImpl.java:43)
	at java.lang.reflect.Method.invoke(Method.java:498)
	at org.junit.runners.model.FrameworkMethod$1.runReflectiveCall(FrameworkMethod.java:44)
	at org.junit.internal.runners.model.ReflectiveCallable.run(ReflectiveCallable.java:15)
	at org.junit.runners.model.FrameworkMethod.invokeExplosively(FrameworkMethod.java:41)
	at junitparams.internal.InvokeParameterisedMethod.evaluate(InvokeParameterisedMethod.java:102)
	at org.junit.internal.runners.statements.FailOnTimeout$1.run(FailOnTimeout.java:28)
Caused by: ptolemy.kernel.util.IllegalActionException: Actor is not ready to fire.  Perhaps UpSample.prefire() returned false? Try debugging the actor by selecting "Listen to Actor".  Also, for SDF check moml for tokenConsumptionRate on input.
  in .DESDFClockTest.Play Bell.Copy1:SDF Director and .DESDFClockTest.Play Bell.UpSample
	at ptolemy.actor.sched.StaticSchedulingDirector.fire(StaticSchedulingDirector.java:227)
	at ptolemy.domains.sdf.kernel.SDFDirector.fire(SDFDirector.java:500)
	at ptolemy.actor.CompositeActor.fire(CompositeActor.java:455)
	at ptolemy.domains.de.kernel.DEDirector._fire(DEDirector.java:1949)
	at ptolemy.domains.de.kernel.DEDirector.fire(DEDirector.java:502)
	at ptolemy.actor.CompositeActor.fire(CompositeActor.java:455)
	at ptolemy.actor.Manager.iterate(Manager.java:851)
	at ptolemy.actor.Manager.execute(Manager.java:369)
	at ptolemy.actor.Manager.run(Manager.java:1263)
	at ptolemy.actor.Manager$PtolemyRunThread.run(Manager.java:1915)
java.lang.RuntimeException: Execution failed
	at ptolemy.moml.MoMLSimpleApplication$UnloadThread.run(MoMLSimpleApplication.java:402)
Caused by: ptolemy.kernel.util.IllegalActionException: Test fails in iteration 1.
Value was: 1.0. Should have been: 2.0
  in .DirectFeedback.Test
	at ptolemy.actor.lib.Test.fire(Test.java:268)
	at ptolemy.domains.de.kernel.DEDirector._fire(DEDirector.java:1949)
	at ptolemy.domains.de.kernel.DEDirector.fire(DEDirector.java:502)
	at ptolemy.actor.CompositeActor.fire(CompositeActor.java:455)
	at ptolemy.actor.Manager.iterate(Manager.java:851)
	at ptolemy.actor.Manager.execute(Manager.java:369)
	at ptolemy.actor.Manager.run(Manager.java:1263)
	at ptolemy.actor.Manager$PtolemyRunThread.run(Manager.java:1915)
java.lang.reflect.InvocationTargetException
	at sun.reflect.NativeConstructorAccessorImpl.newInstance0(Native Method)
	at sun.reflect.NativeConstructorAccessorImpl.newInstance(NativeConstructorAccessorImpl.java:62)
	at sun.reflect.DelegatingConstructorAccessorImpl.newInstance(DelegatingConstructorAccessorImpl.java:45)
	at java.lang.reflect.Constructor.newInstance(Constructor.java:423)
	at ptolemy.util.test.junit.AutoKnownFailedTests.RunModel(AutoKnownFailedTests.java:105)
	at sun.reflect.NativeMethodAccessorImpl.invoke0(Native Method)
	at sun.reflect.NativeMethodAccessorImpl.invoke(NativeMethodAccessorImpl.java:62)
	at sun.reflect.DelegatingMethodAccessorImpl.invoke(DelegatingMethodAccessorImpl.java:43)
	at java.lang.reflect.Method.invoke(Method.java:498)
	at org.junit.runners.model.FrameworkMethod$1.runReflectiveCall(FrameworkMethod.java:44)
	at org.junit.internal.runners.model.ReflectiveCallable.run(ReflectiveCallable.java:15)
	at org.junit.runners.model.FrameworkMethod.invokeExplosively(FrameworkMethod.java:41)
	at junitparams.internal.InvokeParameterisedMethod.evaluate(InvokeParameterisedMethod.java:102)
	at org.junit.internal.runners.statements.FailOnTimeout$1.run(FailOnTimeout.java:28)
Caused by: ptolemy.kernel.util.IllegalActionException: Test fails in iteration 1.
Value was: 1.0. Should have been: 2.0
  in .DirectFeedback.Test
	at ptolemy.actor.lib.Test.fire(Test.java:268)
	at ptolemy.domains.de.kernel.DEDirector._fire(DEDirector.java:1949)
	at ptolemy.domains.de.kernel.DEDirector.fire(DEDirector.java:502)
	at ptolemy.actor.CompositeActor.fire(CompositeActor.java:455)
	at ptolemy.actor.Manager.iterate(Manager.java:851)
	at ptolemy.actor.Manager.execute(Manager.java:369)
	at ptolemy.actor.Manager.run(Manager.java:1263)
	at ptolemy.actor.Manager$PtolemyRunThread.run(Manager.java:1915)
java.lang.RuntimeException: Execution failed
	at ptolemy.moml.MoMLSimpleApplication$UnloadThread.run(MoMLSimpleApplication.java:402)
Caused by: ptolemy.kernel.util.IllegalActionException: Found a zero delay loop containing .HierarchicalModel.A
  in .HierarchicalModel and .HierarchicalModel.A
	at ptolemy.actor.util.CausalityInterfaceForComposites._computeOutputPortDepth(CausalityInterfaceForComposites.java:759)
	at ptolemy.actor.util.CausalityInterfaceForComposites._computeInputDepth(CausalityInterfaceForComposites.java:696)
	at ptolemy.actor.util.CausalityInterfaceForComposites._computeOutputPortDepth(CausalityInterfaceForComposites.java:765)
	at ptolemy.actor.util.CausalityInterfaceForComposites._computeInputDepth(CausalityInterfaceForComposites.java:696)
	at ptolemy.actor.util.CausalityInterfaceForComposites._computeOutputPortDepth(CausalityInterfaceForComposites.java:765)
	at ptolemy.actor.util.CausalityInterfaceForComposites._computeInputDepth(CausalityInterfaceForComposites.java:696)
	at ptolemy.actor.util.CausalityInterfaceForComposites._computeActorDepth(CausalityInterfaceForComposites.java:532)
	at ptolemy.actor.util.CausalityInterfaceForComposites.checkForCycles(CausalityInterfaceForComposites.java:96)
	at ptolemy.domains.de.kernel.DEDirector.preinitialize(DEDirector.java:1338)
	at ptolemy.actor.CompositeActor.preinitialize(CompositeActor.java:1828)
	at ptolemy.actor.Manager.preinitializeAndResolveTypes(Manager.java:1040)
	at ptolemy.actor.Manager.initialize(Manager.java:710)
	at ptolemy.actor.Manager.execute(Manager.java:356)
	at ptolemy.actor.Manager.run(Manager.java:1263)
	at ptolemy.actor.Manager$PtolemyRunThread.run(Manager.java:1915)
java.lang.reflect.InvocationTargetException
	at sun.reflect.NativeConstructorAccessorImpl.newInstance0(Native Method)
	at sun.reflect.NativeConstructorAccessorImpl.newInstance(NativeConstructorAccessorImpl.java:62)
	at sun.reflect.DelegatingConstructorAccessorImpl.newInstance(DelegatingConstructorAccessorImpl.java:45)
	at java.lang.reflect.Constructor.newInstance(Constructor.java:423)
	at ptolemy.util.test.junit.AutoKnownFailedTests.RunModel(AutoKnownFailedTests.java:105)
	at sun.reflect.NativeMethodAccessorImpl.invoke0(Native Method)
	at sun.reflect.NativeMethodAccessorImpl.invoke(NativeMethodAccessorImpl.java:62)
	at sun.reflect.DelegatingMethodAccessorImpl.invoke(DelegatingMethodAccessorImpl.java:43)
	at java.lang.reflect.Method.invoke(Method.java:498)
	at org.junit.runners.model.FrameworkMethod$1.runReflectiveCall(FrameworkMethod.java:44)
	at org.junit.internal.runners.model.ReflectiveCallable.run(ReflectiveCallable.java:15)
	at org.junit.runners.model.FrameworkMethod.invokeExplosively(FrameworkMethod.java:41)
	at junitparams.internal.InvokeParameterisedMethod.evaluate(InvokeParameterisedMethod.java:102)
	at org.junit.internal.runners.statements.FailOnTimeout$1.run(FailOnTimeout.java:28)
Caused by: ptolemy.kernel.util.IllegalActionException: Found a zero delay loop containing .HierarchicalModel.A
  in .HierarchicalModel and .HierarchicalModel.A
	at ptolemy.actor.util.CausalityInterfaceForComposites._computeOutputPortDepth(CausalityInterfaceForComposites.java:759)
	at ptolemy.actor.util.CausalityInterfaceForComposites._computeInputDepth(CausalityInterfaceForComposites.java:696)
	at ptolemy.actor.util.CausalityInterfaceForComposites._computeOutputPortDepth(CausalityInterfaceForComposites.java:765)
	at ptolemy.actor.util.CausalityInterfaceForComposites._computeInputDepth(CausalityInterfaceForComposites.java:696)
	at ptolemy.actor.util.CausalityInterfaceForComposites._computeOutputPortDepth(CausalityInterfaceForComposites.java:765)
	at ptolemy.actor.util.CausalityInterfaceForComposites._computeInputDepth(CausalityInterfaceForComposites.java:696)
	at ptolemy.actor.util.CausalityInterfaceForComposites._computeActorDepth(CausalityInterfaceForComposites.java:532)
	at ptolemy.actor.util.CausalityInterfaceForComposites.checkForCycles(CausalityInterfaceForComposites.java:96)
	at ptolemy.domains.de.kernel.DEDirector.preinitialize(DEDirector.java:1338)
	at ptolemy.actor.CompositeActor.preinitialize(CompositeActor.java:1828)
	at ptolemy.actor.Manager.preinitializeAndResolveTypes(Manager.java:1040)
	at ptolemy.actor.Manager.initialize(Manager.java:710)
	at ptolemy.actor.Manager.execute(Manager.java:356)
	at ptolemy.actor.Manager.run(Manager.java:1263)
	at ptolemy.actor.Manager$PtolemyRunThread.run(Manager.java:1915)
java.lang.RuntimeException: Execution failed
	at ptolemy.moml.MoMLSimpleApplication$UnloadThread.run(MoMLSimpleApplication.java:402)
Caused by: ptolemy.kernel.util.IllegalActionException: Found a zero delay loop containing .dependencyLoop.original
  in .dependencyLoop and .dependencyLoop.original
	at ptolemy.actor.util.CausalityInterfaceForComposites._computeOutputPortDepth(CausalityInterfaceForComposites.java:759)
	at ptolemy.actor.util.CausalityInterfaceForComposites._computeInputDepth(CausalityInterfaceForComposites.java:696)
	at ptolemy.actor.util.CausalityInterfaceForComposites._computeOutputPortDepth(CausalityInterfaceForComposites.java:765)
	at ptolemy.actor.util.CausalityInterfaceForComposites._computeInputDepth(CausalityInterfaceForComposites.java:696)
	at ptolemy.actor.util.CausalityInterfaceForComposites._computeOutputPortDepth(CausalityInterfaceForComposites.java:765)
	at ptolemy.actor.util.CausalityInterfaceForComposites._computeInputDepth(CausalityInterfaceForComposites.java:696)
	at ptolemy.actor.util.CausalityInterfaceForComposites._computeActorDepth(CausalityInterfaceForComposites.java:532)
	at ptolemy.actor.util.CausalityInterfaceForComposites.checkForCycles(CausalityInterfaceForComposites.java:96)
	at ptolemy.domains.de.kernel.DEDirector.preinitialize(DEDirector.java:1338)
	at ptolemy.actor.CompositeActor.preinitialize(CompositeActor.java:1828)
	at ptolemy.actor.Manager.preinitializeAndResolveTypes(Manager.java:1040)
	at ptolemy.actor.Manager.initialize(Manager.java:710)
	at ptolemy.actor.Manager.execute(Manager.java:356)
	at ptolemy.actor.Manager.run(Manager.java:1263)
	at ptolemy.actor.Manager$PtolemyRunThread.run(Manager.java:1915)
java.lang.reflect.InvocationTargetException
	at sun.reflect.NativeConstructorAccessorImpl.newInstance0(Native Method)
	at sun.reflect.NativeConstructorAccessorImpl.newInstance(NativeConstructorAccessorImpl.java:62)
	at sun.reflect.DelegatingConstructorAccessorImpl.newInstance(DelegatingConstructorAccessorImpl.java:45)
	at java.lang.reflect.Constructor.newInstance(Constructor.java:423)
	at ptolemy.util.test.junit.AutoKnownFailedTests.RunModel(AutoKnownFailedTests.java:105)
	at sun.reflect.NativeMethodAccessorImpl.invoke0(Native Method)
	at sun.reflect.NativeMethodAccessorImpl.invoke(NativeMethodAccessorImpl.java:62)
	at sun.reflect.DelegatingMethodAccessorImpl.invoke(DelegatingMethodAccessorImpl.java:43)
	at java.lang.reflect.Method.invoke(Method.java:498)
	at org.junit.runners.model.FrameworkMethod$1.runReflectiveCall(FrameworkMethod.java:44)
	at org.junit.internal.runners.model.ReflectiveCallable.run(ReflectiveCallable.java:15)
	at org.junit.runners.model.FrameworkMethod.invokeExplosively(FrameworkMethod.java:41)
	at junitparams.internal.InvokeParameterisedMethod.evaluate(InvokeParameterisedMethod.java:102)
	at org.junit.internal.runners.statements.FailOnTimeout$1.run(FailOnTimeout.java:28)
Caused by: ptolemy.kernel.util.IllegalActionException: Found a zero delay loop containing .dependencyLoop.original
  in .dependencyLoop and .dependencyLoop.original
	at ptolemy.actor.util.CausalityInterfaceForComposites._computeOutputPortDepth(CausalityInterfaceForComposites.java:759)
	at ptolemy.actor.util.CausalityInterfaceForComposites._computeInputDepth(CausalityInterfaceForComposites.java:696)
	at ptolemy.actor.util.CausalityInterfaceForComposites._computeOutputPortDepth(CausalityInterfaceForComposites.java:765)
	at ptolemy.actor.util.CausalityInterfaceForComposites._computeInputDepth(CausalityInterfaceForComposites.java:696)
	at ptolemy.actor.util.CausalityInterfaceForComposites._computeOutputPortDepth(CausalityInterfaceForComposites.java:765)
	at ptolemy.actor.util.CausalityInterfaceForComposites._computeInputDepth(CausalityInterfaceForComposites.java:696)
	at ptolemy.actor.util.CausalityInterfaceForComposites._computeActorDepth(CausalityInterfaceForComposites.java:532)
	at ptolemy.actor.util.CausalityInterfaceForComposites.checkForCycles(CausalityInterfaceForComposites.java:96)
	at ptolemy.domains.de.kernel.DEDirector.preinitialize(DEDirector.java:1338)
	at ptolemy.actor.CompositeActor.preinitialize(CompositeActor.java:1828)
	at ptolemy.actor.Manager.preinitializeAndResolveTypes(Manager.java:1040)
	at ptolemy.actor.Manager.initialize(Manager.java:710)
	at ptolemy.actor.Manager.execute(Manager.java:356)
	at ptolemy.actor.Manager.run(Manager.java:1263)
	at ptolemy.actor.Manager$PtolemyRunThread.run(Manager.java:1915)
java.lang.RuntimeException: Execution failed
	at ptolemy.moml.MoMLSimpleApplication$UnloadThread.run(MoMLSimpleApplication.java:402)
Caused by: ptolemy.kernel.util.IllegalActionException: Found a zero delay loop containing .dependencyLoop2.original
  in .dependencyLoop2 and .dependencyLoop2.original
	at ptolemy.actor.util.CausalityInterfaceForComposites._computeOutputPortDepth(CausalityInterfaceForComposites.java:759)
	at ptolemy.actor.util.CausalityInterfaceForComposites._computeInputDepth(CausalityInterfaceForComposites.java:696)
	at ptolemy.actor.util.CausalityInterfaceForComposites._computeOutputPortDepth(CausalityInterfaceForComposites.java:765)
	at ptolemy.actor.util.CausalityInterfaceForComposites._computeInputDepth(CausalityInterfaceForComposites.java:696)
	at ptolemy.actor.util.CausalityInterfaceForComposites._computeOutputPortDepth(CausalityInterfaceForComposites.java:765)
	at ptolemy.actor.util.CausalityInterfaceForComposites._computeInputDepth(CausalityInterfaceForComposites.java:696)
	at ptolemy.actor.util.CausalityInterfaceForComposites._computeActorDepth(CausalityInterfaceForComposites.java:532)
	at ptolemy.actor.util.CausalityInterfaceForComposites.checkForCycles(CausalityInterfaceForComposites.java:96)
	at ptolemy.domains.de.kernel.DEDirector.preinitialize(DEDirector.java:1338)
	at ptolemy.actor.CompositeActor.preinitialize(CompositeActor.java:1828)
	at ptolemy.actor.Manager.preinitializeAndResolveTypes(Manager.java:1040)
	at ptolemy.actor.Manager.initialize(Manager.java:710)
	at ptolemy.actor.Manager.execute(Manager.java:356)
	at ptolemy.actor.Manager.run(Manager.java:1263)
	at ptolemy.actor.Manager$PtolemyRunThread.run(Manager.java:1915)
java.lang.reflect.InvocationTargetException
	at sun.reflect.NativeConstructorAccessorImpl.newInstance0(Native Method)
	at sun.reflect.NativeConstructorAccessorImpl.newInstance(NativeConstructorAccessorImpl.java:62)
	at sun.reflect.DelegatingConstructorAccessorImpl.newInstance(DelegatingConstructorAccessorImpl.java:45)
	at java.lang.reflect.Constructor.newInstance(Constructor.java:423)
	at ptolemy.util.test.junit.AutoKnownFailedTests.RunModel(AutoKnownFailedTests.java:105)
	at sun.reflect.NativeMethodAccessorImpl.invoke0(Native Method)
	at sun.reflect.NativeMethodAccessorImpl.invoke(NativeMethodAccessorImpl.java:62)
	at sun.reflect.DelegatingMethodAccessorImpl.invoke(DelegatingMethodAccessorImpl.java:43)
	at java.lang.reflect.Method.invoke(Method.java:498)
	at org.junit.runners.model.FrameworkMethod$1.runReflectiveCall(FrameworkMethod.java:44)
	at org.junit.internal.runners.model.ReflectiveCallable.run(ReflectiveCallable.java:15)
	at org.junit.runners.model.FrameworkMethod.invokeExplosively(FrameworkMethod.java:41)
	at junitparams.internal.InvokeParameterisedMethod.evaluate(InvokeParameterisedMethod.java:102)
	at org.junit.internal.runners.statements.FailOnTimeout$1.run(FailOnTimeout.java:28)
Caused by: ptolemy.kernel.util.IllegalActionException: Found a zero delay loop containing .dependencyLoop2.original
  in .dependencyLoop2 and .dependencyLoop2.original
	at ptolemy.actor.util.CausalityInterfaceForComposites._computeOutputPortDepth(CausalityInterfaceForComposites.java:759)
	at ptolemy.actor.util.CausalityInterfaceForComposites._computeInputDepth(CausalityInterfaceForComposites.java:696)
	at ptolemy.actor.util.CausalityInterfaceForComposites._computeOutputPortDepth(CausalityInterfaceForComposites.java:765)
	at ptolemy.actor.util.CausalityInterfaceForComposites._computeInputDepth(CausalityInterfaceForComposites.java:696)
	at ptolemy.actor.util.CausalityInterfaceForComposites._computeOutputPortDepth(CausalityInterfaceForComposites.java:765)
	at ptolemy.actor.util.CausalityInterfaceForComposites._computeInputDepth(CausalityInterfaceForComposites.java:696)
	at ptolemy.actor.util.CausalityInterfaceForComposites._computeActorDepth(CausalityInterfaceForComposites.java:532)
	at ptolemy.actor.util.CausalityInterfaceForComposites.checkForCycles(CausalityInterfaceForComposites.java:96)
	at ptolemy.domains.de.kernel.DEDirector.preinitialize(DEDirector.java:1338)
	at ptolemy.actor.CompositeActor.preinitialize(CompositeActor.java:1828)
	at ptolemy.actor.Manager.preinitializeAndResolveTypes(Manager.java:1040)
	at ptolemy.actor.Manager.initialize(Manager.java:710)
	at ptolemy.actor.Manager.execute(Manager.java:356)
	at ptolemy.actor.Manager.run(Manager.java:1263)
	at ptolemy.actor.Manager$PtolemyRunThread.run(Manager.java:1915)
]]></system-err>
</testsuite>
