<?xml version="1.0" encoding="UTF-8" ?>
<testsuite errors="0" failures="0" hostname="travis-job-173c6be9-7976-44e5-b680-5306f4b7ebc8" name="ptolemy.domains.continuous.test.junit.JUnitTclTest" skipped="0" tests="155" time="79.486" timestamp="2018-06-09T01:32:44">
  <properties>
[...]
</properties>
  <testcase classname="ptolemy.util.test.junit.TclTests" name="[0] ThereAreNoTclTests (RunTclFile)" time="0.001" />
  <testcase classname="ptolemy.util.test.junit.AutoKnownFailedTests" name="[0] ThereAreNoKnowFailedTests (RunModel)" time="0.001" />
  <testcase classname="ptolemy.util.test.junit.AutoNameArchTests" name="[0] ThereAreNoAutoArchTests (RunModel)" time="0.001" />
  <testcase classname="ptolemy.util.test.junit.AutoTests" name="[0] /home/travis/build/icyphy/ptII/ptolemy/domains/continuous/test/auto/BouncingBall.xml (RunModel)" time="3.107" />
  <testcase classname="ptolemy.util.test.junit.AutoTests" name="[1] /home/travis/build/icyphy/ptII/ptolemy/domains/continuous/test/auto/BouncingBallWithoutGR.xml (RunModel)" time="0.989" />
  <testcase classname="ptolemy.util.test.junit.AutoTests" name="[2] /home/travis/build/icyphy/ptII/ptolemy/domains/continuous/test/auto/Brownian.xml (RunModel)" time="0.143" />
  <testcase classname="ptolemy.util.test.junit.AutoTests" name="[3] /home/travis/build/icyphy/ptII/ptolemy/domains/continuous/test/auto/CarTracking.xml (RunModel)" time="4.071" />
  <testcase classname="ptolemy.util.test.junit.AutoTests" name="[4] /home/travis/build/icyphy/ptII/ptolemy/domains/continuous/test/auto/CartPendulum.xml (RunModel)" time="0.527" />
  <testcase classname="ptolemy.util.test.junit.AutoTests" name="[5] /home/travis/build/icyphy/ptII/ptolemy/domains/continuous/test/auto/CausalityInterface10.xml (RunModel)" time="0.054" />
  <testcase classname="ptolemy.util.test.junit.AutoTests" name="[6] /home/travis/build/icyphy/ptII/ptolemy/domains/continuous/test/auto/CausalityInterface11.xml (RunModel)" time="0.039" />
  <testcase classname="ptolemy.util.test.junit.AutoTests" name="[7] /home/travis/build/icyphy/ptII/ptolemy/domains/continuous/test/auto/CausalityInterface12.xml (RunModel)" time="0.03" />
  <testcase classname="ptolemy.util.test.junit.AutoTests" name="[8] /home/travis/build/icyphy/ptII/ptolemy/domains/continuous/test/auto/CausalityInterface13.xml (RunModel)" time="0.028" />
  <testcase classname="ptolemy.util.test.junit.AutoTests" name="[9] /home/travis/build/icyphy/ptII/ptolemy/domains/continuous/test/auto/CausalityInterface14.xml (RunModel)" time="0.029" />
  <testcase classname="ptolemy.util.test.junit.AutoTests" name="[10] /home/travis/build/icyphy/ptII/ptolemy/domains/continuous/test/auto/CausalityInterface4.xml (RunModel)" time="0.033" />
  <testcase classname="ptolemy.util.test.junit.AutoTests" name="[11] /home/travis/build/icyphy/ptII/ptolemy/domains/continuous/test/auto/CausalityInterface5.xml (RunModel)" time="0.041" />
  <testcase classname="ptolemy.util.test.junit.AutoTests" name="[12] /home/travis/build/icyphy/ptII/ptolemy/domains/continuous/test/auto/CausalityInterface6.xml (RunModel)" time="0.029" />
  <testcase classname="ptolemy.util.test.junit.AutoTests" name="[13] /home/travis/build/icyphy/ptII/ptolemy/domains/continuous/test/auto/CausalityInterface7.xml (RunModel)" time="0.051" />
  <testcase classname="ptolemy.util.test.junit.AutoTests" name="[14] /home/travis/build/icyphy/ptII/ptolemy/domains/continuous/test/auto/CausalityInterface8.xml (RunModel)" time="0.05" />
  <testcase classname="ptolemy.util.test.junit.AutoTests" name="[15] /home/travis/build/icyphy/ptII/ptolemy/domains/continuous/test/auto/CausalityInterface9.xml (RunModel)" time="0.063" />
  <testcase classname="ptolemy.util.test.junit.AutoTests" name="[16] /home/travis/build/icyphy/ptII/ptolemy/domains/continuous/test/auto/CausalityInterfaceFeedback1.xml (RunModel)" time="0.039" />
  <testcase classname="ptolemy.util.test.junit.AutoTests" name="[17] /home/travis/build/icyphy/ptII/ptolemy/domains/continuous/test/auto/CausalityInterfaceFeedback2.xml (RunModel)" time="0.035" />
  <testcase classname="ptolemy.util.test.junit.AutoTests" name="[18] /home/travis/build/icyphy/ptII/ptolemy/domains/continuous/test/auto/CompareWithCurrentTime.xml (RunModel)" time="0.028" />
  <testcase classname="ptolemy.util.test.junit.AutoTests" name="[19] /home/travis/build/icyphy/ptII/ptolemy/domains/continuous/test/auto/ComparedClocks.xml (RunModel)" time="0.104" />
  <testcase classname="ptolemy.util.test.junit.AutoTests" name="[20] /home/travis/build/icyphy/ptII/ptolemy/domains/continuous/test/auto/ContinuousAOCClone.xml (RunModel)" time="2.678" />
  <testcase classname="ptolemy.util.test.junit.AutoTests" name="[21] /home/travis/build/icyphy/ptII/ptolemy/domains/continuous/test/auto/ContinuousClock.xml (RunModel)" time="0.122" />
  <testcase classname="ptolemy.util.test.junit.AutoTests" name="[22] /home/travis/build/icyphy/ptII/ptolemy/domains/continuous/test/auto/ContinuousInContinuous.xml (RunModel)" time="0.096" />
  <testcase classname="ptolemy.util.test.junit.AutoTests" name="[23] /home/travis/build/icyphy/ptII/ptolemy/domains/continuous/test/auto/ContinuousInContinuousInContinuous.xml (RunModel)" time="0.037" />
  <testcase classname="ptolemy.util.test.junit.AutoTests" name="[24] /home/travis/build/icyphy/ptII/ptolemy/domains/continuous/test/auto/ContinuousInDE.xml (RunModel)" time="0.157" />
  <testcase classname="ptolemy.util.test.junit.AutoTests" name="[25] /home/travis/build/icyphy/ptII/ptolemy/domains/continuous/test/auto/ContinuousInDE2.xml (RunModel)" time="0.067" />
  <testcase classname="ptolemy.util.test.junit.AutoTests" name="[26] /home/travis/build/icyphy/ptII/ptolemy/domains/continuous/test/auto/ContinuousInDE3.xml (RunModel)" time="0.067" />
  <testcase classname="ptolemy.util.test.junit.AutoTests" name="[27] /home/travis/build/icyphy/ptII/ptolemy/domains/continuous/test/auto/ContinuousInDE4.xml (RunModel)" time="0.041" />
  <testcase classname="ptolemy.util.test.junit.AutoTests" name="[28] /home/travis/build/icyphy/ptII/ptolemy/domains/continuous/test/auto/ContinuousInDEDifferentRefinements.xml (RunModel)" time="0.134" />
  <testcase classname="ptolemy.util.test.junit.AutoTests" name="[29] /home/travis/build/icyphy/ptII/ptolemy/domains/continuous/test/auto/ContinuousInDEDifferentRefinementsPreemptive.xml (RunModel)" time="0.132" />
  <testcase classname="ptolemy.util.test.junit.AutoTests" name="[30] /home/travis/build/icyphy/ptII/ptolemy/domains/continuous/test/auto/ContinuousInDEInContinuous2.xml (RunModel)" time="0.086" />
  <testcase classname="ptolemy.util.test.junit.AutoTests" name="[31] /home/travis/build/icyphy/ptII/ptolemy/domains/continuous/test/auto/ContinuousInDEInContinuous3.xml (RunModel)" time="0.077" />
  <testcase classname="ptolemy.util.test.junit.AutoTests" name="[32] /home/travis/build/icyphy/ptII/ptolemy/domains/continuous/test/auto/ContinuousInDEInput.xml (RunModel)" time="0.046" />
  <testcase classname="ptolemy.util.test.junit.AutoTests" name="[33] /home/travis/build/icyphy/ptII/ptolemy/domains/continuous/test/auto/ContinuousInDEInput2.xml (RunModel)" time="0.049" />
  <testcase classname="ptolemy.util.test.junit.AutoTests" name="[34] /home/travis/build/icyphy/ptII/ptolemy/domains/continuous/test/auto/ContinuousInDEInput3.xml (RunModel)" time="0.044" />
  <testcase classname="ptolemy.util.test.junit.AutoTests" name="[35] /home/travis/build/icyphy/ptII/ptolemy/domains/continuous/test/auto/ContinuousInDESharingRefinement.xml (RunModel)" time="0.239" />
  <testcase classname="ptolemy.util.test.junit.AutoTests" name="[36] /home/travis/build/icyphy/ptII/ptolemy/domains/continuous/test/auto/ContinuousInDEwithNoPorts.xml (RunModel)" time="0.016" />
  <testcase classname="ptolemy.util.test.junit.AutoTests" name="[37] /home/travis/build/icyphy/ptII/ptolemy/domains/continuous/test/auto/ContinuousInsideDE.xml (RunModel)" time="0.104" />
  <testcase classname="ptolemy.util.test.junit.AutoTests" name="[38] /home/travis/build/icyphy/ptII/ptolemy/domains/continuous/test/auto/ContinuousMerge1.xml (RunModel)" time="0.018" />
  <testcase classname="ptolemy.util.test.junit.AutoTests" name="[39] /home/travis/build/icyphy/ptII/ptolemy/domains/continuous/test/auto/ContinuousMerge2.xml (RunModel)" time="0.062" />
  <testcase classname="ptolemy.util.test.junit.AutoTests" name="[40] /home/travis/build/icyphy/ptII/ptolemy/domains/continuous/test/auto/ContinuousMerge3.xml (RunModel)" time="0.093" />
  <testcase classname="ptolemy.util.test.junit.AutoTests" name="[41] /home/travis/build/icyphy/ptII/ptolemy/domains/continuous/test/auto/ContinuousWithinContinuous.xml (RunModel)" time="0.065" />
  <testcase classname="ptolemy.util.test.junit.AutoTests" name="[42] /home/travis/build/icyphy/ptII/ptolemy/domains/continuous/test/auto/ContinuousWithinContinuous2.xml (RunModel)" time="0.105" />
  <testcase classname="ptolemy.util.test.junit.AutoTests" name="[43] /home/travis/build/icyphy/ptII/ptolemy/domains/continuous/test/auto/ContinuousWithinContinuous3.xml (RunModel)" time="0.041" />
  <testcase classname="ptolemy.util.test.junit.AutoTests" name="[44] /home/travis/build/icyphy/ptII/ptolemy/domains/continuous/test/auto/ContinuousWithinContinuous4.xml (RunModel)" time="0.107" />
  <testcase classname="ptolemy.util.test.junit.AutoTests" name="[45] /home/travis/build/icyphy/ptII/ptolemy/domains/continuous/test/auto/ContinuousWithinContinuous5.xml (RunModel)" time="0.034" />
  <testcase classname="ptolemy.util.test.junit.AutoTests" name="[46] /home/travis/build/icyphy/ptII/ptolemy/domains/continuous/test/auto/ContinuousWithinContinuous6.xml (RunModel)" time="0.032" />
  <testcase classname="ptolemy.util.test.junit.AutoTests" name="[47] /home/travis/build/icyphy/ptII/ptolemy/domains/continuous/test/auto/ContinuousWithinContinuous7.xml (RunModel)" time="0.089" />
  <testcase classname="ptolemy.util.test.junit.AutoTests" name="[48] /home/travis/build/icyphy/ptII/ptolemy/domains/continuous/test/auto/DCMotor.xml (RunModel)" time="16.086" />
  <testcase classname="ptolemy.util.test.junit.AutoTests" name="[49] /home/travis/build/icyphy/ptII/ptolemy/domains/continuous/test/auto/DEInContinuous.xml (RunModel)" time="0.036" />
  <testcase classname="ptolemy.util.test.junit.AutoTests" name="[50] /home/travis/build/icyphy/ptII/ptolemy/domains/continuous/test/auto/DEinContinuous2.xml (RunModel)" time="0.027" />
  <testcase classname="ptolemy.util.test.junit.AutoTests" name="[51] /home/travis/build/icyphy/ptII/ptolemy/domains/continuous/test/auto/Derivative.xml (RunModel)" time="0.254" />
  <testcase classname="ptolemy.util.test.junit.AutoTests" name="[52] /home/travis/build/icyphy/ptII/ptolemy/domains/continuous/test/auto/Derivative1.xml (RunModel)" time="0.072" />
  <testcase classname="ptolemy.util.test.junit.AutoTests" name="[53] /home/travis/build/icyphy/ptII/ptolemy/domains/continuous/test/auto/DiscreteClock.xml (RunModel)" time="0.016" />
  <testcase classname="ptolemy.util.test.junit.AutoTests" name="[54] /home/travis/build/icyphy/ptII/ptolemy/domains/continuous/test/auto/EfficiencyCurve.xml (RunModel)" time="0.124" />
  <testcase classname="ptolemy.util.test.junit.AutoTests" name="[55] /home/travis/build/icyphy/ptII/ptolemy/domains/continuous/test/auto/ExponentialResponse.xml (RunModel)" time="0.133" />
  <testcase classname="ptolemy.util.test.junit.AutoTests" name="[56] /home/travis/build/icyphy/ptII/ptolemy/domains/continuous/test/auto/ExponentialResponseRK45.xml (RunModel)" time="0.04" />
  <testcase classname="ptolemy.util.test.junit.AutoTests" name="[57] /home/travis/build/icyphy/ptII/ptolemy/domains/continuous/test/auto/Friction.xml (RunModel)" time="1.684" />
  <testcase classname="ptolemy.util.test.junit.AutoTests" name="[58] /home/travis/build/icyphy/ptII/ptolemy/domains/continuous/test/auto/FurutaPendulum.xml (RunModel)" time="3.289" />
  <testcase classname="ptolemy.util.test.junit.AutoTests" name="[59] /home/travis/build/icyphy/ptII/ptolemy/domains/continuous/test/auto/HierarchicalExecution.xml (RunModel)" time="2.067" />
  <testcase classname="ptolemy.util.test.junit.AutoTests" name="[60] /home/travis/build/icyphy/ptII/ptolemy/domains/continuous/test/auto/HybridPlant.xml (RunModel)" time="0.689" />
  <testcase classname="ptolemy.util.test.junit.AutoTests" name="[61] /home/travis/build/icyphy/ptII/ptolemy/domains/continuous/test/auto/Hysteresis.xml (RunModel)" time="0.232" />
  <testcase classname="ptolemy.util.test.junit.AutoTests" name="[62] /home/travis/build/icyphy/ptII/ptolemy/domains/continuous/test/auto/HysteresisWithRandomDelay.xml (RunModel)" time="0.274" />
  <testcase classname="ptolemy.util.test.junit.AutoTests" name="[63] /home/travis/build/icyphy/ptII/ptolemy/domains/continuous/test/auto/HysteresisWithRandomLosses.xml (RunModel)" time="2.573" />
  <testcase classname="ptolemy.util.test.junit.AutoTests" name="[64] /home/travis/build/icyphy/ptII/ptolemy/domains/continuous/test/auto/ImmediateTransitions.xml (RunModel)" time="0.034" />
  <testcase classname="ptolemy.util.test.junit.AutoTests" name="[65] /home/travis/build/icyphy/ptII/ptolemy/domains/continuous/test/auto/ImpulseFeedback.xml (RunModel)" time="0.024" />
  <testcase classname="ptolemy.util.test.junit.AutoTests" name="[66] /home/travis/build/icyphy/ptII/ptolemy/domains/continuous/test/auto/ImpulseFeedback2.xml (RunModel)" time="0.018" />
  <testcase classname="ptolemy.util.test.junit.AutoTests" name="[67] /home/travis/build/icyphy/ptII/ptolemy/domains/continuous/test/auto/IncreasingRatePoisson.xml (RunModel)" time="0.688" />
  <testcase classname="ptolemy.util.test.junit.AutoTests" name="[68] /home/travis/build/icyphy/ptII/ptolemy/domains/continuous/test/auto/InitialStateFeedback.xml (RunModel)" time="0.022" />
  <testcase classname="ptolemy.util.test.junit.AutoTests" name="[69] /home/travis/build/icyphy/ptII/ptolemy/domains/continuous/test/auto/Integration.xml (RunModel)" time="0.011" />
  <testcase classname="ptolemy.util.test.junit.AutoTests" name="[70] /home/travis/build/icyphy/ptII/ptolemy/domains/continuous/test/auto/Integration2.xml (RunModel)" time="0.122" />
  <testcase classname="ptolemy.util.test.junit.AutoTests" name="[71] /home/travis/build/icyphy/ptII/ptolemy/domains/continuous/test/auto/Integration3.xml (RunModel)" time="0.013" />
  <testcase classname="ptolemy.util.test.junit.AutoTests" name="[72] /home/travis/build/icyphy/ptII/ptolemy/domains/continuous/test/auto/Integration5.xml (RunModel)" time="0.025" />
  <testcase classname="ptolemy.util.test.junit.AutoTests" name="[73] /home/travis/build/icyphy/ptII/ptolemy/domains/continuous/test/auto/IntegratorImpulse.xml (RunModel)" time="0.015" />
  <testcase classname="ptolemy.util.test.junit.AutoTests" name="[74] /home/travis/build/icyphy/ptII/ptolemy/domains/continuous/test/auto/IntegratorImpulse2.xml (RunModel)" time="0.012" />
  <testcase classname="ptolemy.util.test.junit.AutoTests" name="[75] /home/travis/build/icyphy/ptII/ptolemy/domains/continuous/test/auto/LevelCrossing1.xml (RunModel)" time="0.015" />
  <testcase classname="ptolemy.util.test.junit.AutoTests" name="[76] /home/travis/build/icyphy/ptII/ptolemy/domains/continuous/test/auto/LevelCrossing2.xml (RunModel)" time="0.019" />
  <testcase classname="ptolemy.util.test.junit.AutoTests" name="[77] /home/travis/build/icyphy/ptII/ptolemy/domains/continuous/test/auto/LevelCrossing3.xml (RunModel)" time="0.019" />
  <testcase classname="ptolemy.util.test.junit.AutoTests" name="[78] /home/travis/build/icyphy/ptII/ptolemy/domains/continuous/test/auto/LevelCrossing4.xml (RunModel)" time="0.018" />
  <testcase classname="ptolemy.util.test.junit.AutoTests" name="[79] /home/travis/build/icyphy/ptII/ptolemy/domains/continuous/test/auto/LevelCrossing5.xml (RunModel)" time="0.015" />
  <testcase classname="ptolemy.util.test.junit.AutoTests" name="[80] /home/travis/build/icyphy/ptII/ptolemy/domains/continuous/test/auto/LevelCrossing6.xml (RunModel)" time="0.014" />
  <testcase classname="ptolemy.util.test.junit.AutoTests" name="[81] /home/travis/build/icyphy/ptII/ptolemy/domains/continuous/test/auto/LevelCrossingDetector.xml (RunModel)" time="0.046" />
  <testcase classname="ptolemy.util.test.junit.AutoTests" name="[82] /home/travis/build/icyphy/ptII/ptolemy/domains/continuous/test/auto/LevelCrossingDetectorDetectingDirections.xml (RunModel)" time="0.098" />
  <testcase classname="ptolemy.util.test.junit.AutoTests" name="[83] /home/travis/build/icyphy/ptII/ptolemy/domains/continuous/test/auto/LevelCrossingDetectorDetectsGlitches.xml (RunModel)" time="0.079" />
  <testcase classname="ptolemy.util.test.junit.AutoTests" name="[84] /home/travis/build/icyphy/ptII/ptolemy/domains/continuous/test/auto/LevelCrossingNoInitialOuput.xml (RunModel)" time="0.015" />
  <testcase classname="ptolemy.util.test.junit.AutoTests" name="[85] /home/travis/build/icyphy/ptII/ptolemy/domains/continuous/test/auto/LinearStateSpaceExample.xml (RunModel)" time="0.065" />
  <testcase classname="ptolemy.util.test.junit.AutoTests" name="[86] /home/travis/build/icyphy/ptII/ptolemy/domains/continuous/test/auto/Lorenz.xml (RunModel)" time="4.801" />
  <testcase classname="ptolemy.util.test.junit.AutoTests" name="[87] /home/travis/build/icyphy/ptII/ptolemy/domains/continuous/test/auto/LorenzDifferentialSystem.xml (RunModel)" time="1.376" />
  <testcase classname="ptolemy.util.test.junit.AutoTests" name="[88] /home/travis/build/icyphy/ptII/ptolemy/domains/continuous/test/auto/LorenzDifferentialSystemWithInput.xml (RunModel)" time="1.545" />
  <testcase classname="ptolemy.util.test.junit.AutoTests" name="[89] /home/travis/build/icyphy/ptII/ptolemy/domains/continuous/test/auto/LorenzDifferentialSystemWithTime.xml (RunModel)" time="0.69" />
  <testcase classname="ptolemy.util.test.junit.AutoTests" name="[90] /home/travis/build/icyphy/ptII/ptolemy/domains/continuous/test/auto/Microsteps.xml (RunModel)" time="0.031" />
  <testcase classname="ptolemy.util.test.junit.AutoTests" name="[91] /home/travis/build/icyphy/ptII/ptolemy/domains/continuous/test/auto/Modal1.xml (RunModel)" time="0.04" />
  <testcase classname="ptolemy.util.test.junit.AutoTests" name="[92] /home/travis/build/icyphy/ptII/ptolemy/domains/continuous/test/auto/Modal2.xml (RunModel)" time="0.048" />
  <testcase classname="ptolemy.util.test.junit.AutoTests" name="[93] /home/travis/build/icyphy/ptII/ptolemy/domains/continuous/test/auto/ModalTransitionGuardWithReset.xml (RunModel)" time="0.03" />
  <testcase classname="ptolemy.util.test.junit.AutoTests" name="[94] /home/travis/build/icyphy/ptII/ptolemy/domains/continuous/test/auto/ModalTransitionGuardWithResetUsingPreemptiveTransition.xml (RunModel)" time="0.028" />
  <testcase classname="ptolemy.util.test.junit.AutoTests" name="[95] /home/travis/build/icyphy/ptII/ptolemy/domains/continuous/test/auto/ModalTransitionGuardWithResetUsingPreemptiveTransition2.xml (RunModel)" time="0.028" />
  <testcase classname="ptolemy.util.test.junit.AutoTests" name="[96] /home/travis/build/icyphy/ptII/ptolemy/domains/continuous/test/auto/ModalTransitionGuardWithResetUsingPreemptiveTransition3.xml (RunModel)" time="0.025" />
  <testcase classname="ptolemy.util.test.junit.AutoTests" name="[97] /home/travis/build/icyphy/ptII/ptolemy/domains/continuous/test/auto/NewtonsCradle.xml (RunModel)" time="0.929" />
  <testcase classname="ptolemy.util.test.junit.AutoTests" name="[98] /home/travis/build/icyphy/ptII/ptolemy/domains/continuous/test/auto/NewtonsCradleAnimated.xml (RunModel)" time="1.451" />
  <testcase classname="ptolemy.util.test.junit.AutoTests" name="[99] /home/travis/build/icyphy/ptII/ptolemy/domains/continuous/test/auto/NewtonsCradleComplicated.xml (RunModel)" time="0.945" />
  <testcase classname="ptolemy.util.test.junit.AutoTests" name="[100] /home/travis/build/icyphy/ptII/ptolemy/domains/continuous/test/auto/NewtonsCradleNondeterministic.xml (RunModel)" time="0.615" />
  <testcase classname="ptolemy.util.test.junit.AutoTests" name="[101] /home/travis/build/icyphy/ptII/ptolemy/domains/continuous/test/auto/NewtonsCradlePerfectlyInelastic1.xml (RunModel)" time="1.231" />
  <testcase classname="ptolemy.util.test.junit.AutoTests" name="[102] /home/travis/build/icyphy/ptII/ptolemy/domains/continuous/test/auto/Noise.xml (RunModel)" time="0.216" />
  <testcase classname="ptolemy.util.test.junit.AutoTests" name="[103] /home/travis/build/icyphy/ptII/ptolemy/domains/continuous/test/auto/NoiseSpectrum.xml (RunModel)" time="0.897" />
  <testcase classname="ptolemy.util.test.junit.AutoTests" name="[104] /home/travis/build/icyphy/ptII/ptolemy/domains/continuous/test/auto/ParameterizedNewtonsCradleAnimated.xml (RunModel)" time="0.373" />
  <testcase classname="ptolemy.util.test.junit.AutoTests" name="[105] /home/travis/build/icyphy/ptII/ptolemy/domains/continuous/test/auto/ParameterizedNewtonsCradleAnimatedNondeterministic.xml (RunModel)" time="1.21" />
  <testcase classname="ptolemy.util.test.junit.AutoTests" name="[106] /home/travis/build/icyphy/ptII/ptolemy/domains/continuous/test/auto/Pendulum3D.xml (RunModel)" time="0.188" />
  <testcase classname="ptolemy.util.test.junit.AutoTests" name="[107] /home/travis/build/icyphy/ptII/ptolemy/domains/continuous/test/auto/PeriodicSampler.xml (RunModel)" time="0.012" />
  <testcase classname="ptolemy.util.test.junit.AutoTests" name="[108] /home/travis/build/icyphy/ptII/ptolemy/domains/continuous/test/auto/PeriodicSampler1.xml (RunModel)" time="0.056" />
  <testcase classname="ptolemy.util.test.junit.AutoTests" name="[109] /home/travis/build/icyphy/ptII/ptolemy/domains/continuous/test/auto/PeriodicSampler2.xml (RunModel)" time="0.099" />
  <testcase classname="ptolemy.util.test.junit.AutoTests" name="[110] /home/travis/build/icyphy/ptII/ptolemy/domains/continuous/test/auto/Poisson.xml (RunModel)" time="0.535" />
  <testcase classname="ptolemy.util.test.junit.AutoTests" name="[111] /home/travis/build/icyphy/ptII/ptolemy/domains/continuous/test/auto/PoissonClock.xml (RunModel)" time="0.012" />
  <testcase classname="ptolemy.util.test.junit.AutoTests" name="[112] /home/travis/build/icyphy/ptII/ptolemy/domains/continuous/test/auto/PoissonClock2.xml (RunModel)" time="0.017" />
  <testcase classname="ptolemy.util.test.junit.AutoTests" name="[113] /home/travis/build/icyphy/ptII/ptolemy/domains/continuous/test/auto/PortParameterHierarchy.xml (RunModel)" time="0.033" />
  <testcase classname="ptolemy.util.test.junit.AutoTests" name="[114] /home/travis/build/icyphy/ptII/ptolemy/domains/continuous/test/auto/RandomHybridPlant.xml (RunModel)" time="0.577" />
  <testcase classname="ptolemy.util.test.junit.AutoTests" name="[115] /home/travis/build/icyphy/ptII/ptolemy/domains/continuous/test/auto/ResetTransitionWithStartTime1.xml (RunModel)" time="0.031" />
  <testcase classname="ptolemy.util.test.junit.AutoTests" name="[116] /home/travis/build/icyphy/ptII/ptolemy/domains/continuous/test/auto/ResetTransitionWithStartTime2.xml (RunModel)" time="0.042" />
  <testcase classname="ptolemy.util.test.junit.AutoTests" name="[117] /home/travis/build/icyphy/ptII/ptolemy/domains/continuous/test/auto/ResetTransitionWithStartTime3.xml (RunModel)" time="0.04" />
  <testcase classname="ptolemy.util.test.junit.AutoTests" name="[118] /home/travis/build/icyphy/ptII/ptolemy/domains/continuous/test/auto/ResetTransitionWithStartTime4.xml (RunModel)" time="0.033" />
  <testcase classname="ptolemy.util.test.junit.AutoTests" name="[119] /home/travis/build/icyphy/ptII/ptolemy/domains/continuous/test/auto/ResetTransitionWithStartTime5.xml (RunModel)" time="0.04" />
  <testcase classname="ptolemy.util.test.junit.AutoTests" name="[120] /home/travis/build/icyphy/ptII/ptolemy/domains/continuous/test/auto/ResetTransitionWithStartTime6.xml (RunModel)" time="0.047" />
  <testcase classname="ptolemy.util.test.junit.AutoTests" name="[121] /home/travis/build/icyphy/ptII/ptolemy/domains/continuous/test/auto/SRinContinuous.xml (RunModel)" time="0.036" />
  <testcase classname="ptolemy.util.test.junit.AutoTests" name="[122] /home/travis/build/icyphy/ptII/ptolemy/domains/continuous/test/auto/SampledClocks.xml (RunModel)" time="0.037" />
  <testcase classname="ptolemy.util.test.junit.AutoTests" name="[123] /home/travis/build/icyphy/ptII/ptolemy/domains/continuous/test/auto/Satellite.xml (RunModel)" time="0.749" />
  <testcase classname="ptolemy.util.test.junit.AutoTests" name="[124] /home/travis/build/icyphy/ptII/ptolemy/domains/continuous/test/auto/SigmaDelta.xml (RunModel)" time="2.511" />
  <testcase classname="ptolemy.util.test.junit.AutoTests" name="[125] /home/travis/build/icyphy/ptII/ptolemy/domains/continuous/test/auto/SinuBouncingBall.xml (RunModel)" time="0.776" />
  <testcase classname="ptolemy.util.test.junit.AutoTests" name="[126] /home/travis/build/icyphy/ptII/ptolemy/domains/continuous/test/auto/Sinusoid.xml (RunModel)" time="0.016" />
  <testcase classname="ptolemy.util.test.junit.AutoTests" name="[127] /home/travis/build/icyphy/ptII/ptolemy/domains/continuous/test/auto/SinusoidInNoise.xml (RunModel)" time="0.978" />
  <testcase classname="ptolemy.util.test.junit.AutoTests" name="[128] /home/travis/build/icyphy/ptII/ptolemy/domains/continuous/test/auto/SinusoidRK45.xml (RunModel)" time="0.021" />
  <testcase classname="ptolemy.util.test.junit.AutoTests" name="[129] /home/travis/build/icyphy/ptII/ptolemy/domains/continuous/test/auto/SinusoidWithMultipleImpulses.xml (RunModel)" time="0.012" />
  <testcase classname="ptolemy.util.test.junit.AutoTests" name="[130] /home/travis/build/icyphy/ptII/ptolemy/domains/continuous/test/auto/SquareWave.xml (RunModel)" time="0.203" />
  <testcase classname="ptolemy.util.test.junit.AutoTests" name="[131] /home/travis/build/icyphy/ptII/ptolemy/domains/continuous/test/auto/Starmac.xml (RunModel)" time="3.493" />
  <testcase classname="ptolemy.util.test.junit.AutoTests" name="[132] /home/travis/build/icyphy/ptII/ptolemy/domains/continuous/test/auto/StaticUnits.xml (RunModel)" time="2.593" />
  <testcase classname="ptolemy.util.test.junit.AutoTests" name="[133] /home/travis/build/icyphy/ptII/ptolemy/domains/continuous/test/auto/StickyMasses.xml (RunModel)" time="0.197" />
  <testcase classname="ptolemy.util.test.junit.AutoTests" name="[134] /home/travis/build/icyphy/ptII/ptolemy/domains/continuous/test/auto/StopTime.xml (RunModel)" time="0.079" />
  <testcase classname="ptolemy.util.test.junit.AutoTests" name="[135] /home/travis/build/icyphy/ptII/ptolemy/domains/continuous/test/auto/StopTime2.xml (RunModel)" time="0.074" />
  <testcase classname="ptolemy.util.test.junit.AutoTests" name="[136] /home/travis/build/icyphy/ptII/ptolemy/domains/continuous/test/auto/Switch.xml (RunModel)" time="0.097" />
  <testcase classname="ptolemy.util.test.junit.AutoTests" name="[137] /home/travis/build/icyphy/ptII/ptolemy/domains/continuous/test/auto/Thermostat.xml (RunModel)" time="0.243" />
  <testcase classname="ptolemy.util.test.junit.AutoTests" name="[138] /home/travis/build/icyphy/ptII/ptolemy/domains/continuous/test/auto/TimeDelay.xml (RunModel)" time="0.016" />
  <testcase classname="ptolemy.util.test.junit.AutoTests" name="[139] /home/travis/build/icyphy/ptII/ptolemy/domains/continuous/test/auto/TimeDelay2.xml (RunModel)" time="0.022" />
  <testcase classname="ptolemy.util.test.junit.AutoTests" name="[140] /home/travis/build/icyphy/ptII/ptolemy/domains/continuous/test/auto/TimeDelay3.xml (RunModel)" time="0.018" />
  <testcase classname="ptolemy.util.test.junit.AutoTests" name="[141] /home/travis/build/icyphy/ptII/ptolemy/domains/continuous/test/auto/TransferAbsentToInside.xml (RunModel)" time="0.195" />
  <testcase classname="ptolemy.util.test.junit.AutoTests" name="[142] /home/travis/build/icyphy/ptII/ptolemy/domains/continuous/test/auto/Transmission.xml (RunModel)" time="0.902" />
  <testcase classname="ptolemy.util.test.junit.AutoTests" name="[143] /home/travis/build/icyphy/ptII/ptolemy/domains/continuous/test/auto/TriggeredContinuousClock.xml (RunModel)" time="0.098" />
  <testcase classname="ptolemy.util.test.junit.AutoTests" name="[144] /home/travis/build/icyphy/ptII/ptolemy/domains/continuous/test/auto/TwoMachineInfiniteBusControl.xml (RunModel)" time="2.528" />
  <testcase classname="ptolemy.util.test.junit.AutoTests" name="[145] /home/travis/build/icyphy/ptII/ptolemy/domains/continuous/test/auto/V2V.xml (RunModel)" time="0.75" />
  <testcase classname="ptolemy.util.test.junit.AutoTests" name="[146] /home/travis/build/icyphy/ptII/ptolemy/domains/continuous/test/auto/hierarchicalModalModel.xml (RunModel)" time="0.027" />
  <testcase classname="ptolemy.util.test.junit.AutoTests" name="[147] /home/travis/build/icyphy/ptII/ptolemy/domains/continuous/test/auto/hierarchicalModalModel1.xml (RunModel)" time="0.044" />
  <testcase classname="ptolemy.util.test.junit.AutoTests" name="[148] /home/travis/build/icyphy/ptII/ptolemy/domains/continuous/test/auto/hierarchicalModalModel2.xml (RunModel)" time="0.038" />
  <testcase classname="ptolemy.util.test.junit.AutoTests" name="[149] /home/travis/build/icyphy/ptII/ptolemy/domains/continuous/test/auto/hierarchicalModalModel3.xml (RunModel)" time="0.026" />
  <testcase classname="ptolemy.util.test.junit.AutoTests" name="[150] /home/travis/build/icyphy/ptII/ptolemy/domains/continuous/test/auto/hierarchicalModalModel4.xml (RunModel)" time="0.035" />
  <testcase classname="ptolemy.util.test.junit.AutoTests" name="[151] /home/travis/build/icyphy/ptII/ptolemy/domains/continuous/test/auto/junk.xml (RunModel)" time="0.156" />
  <system-out><![CDATA[No tcl tests in /home/travis/build/icyphy/ptII/ptolemy/domains/continuous/test
No auto/knownFailedTests/*.xml tests in /home/travis/build/icyphy/ptII/ptolemy/domains/continuous/test
No auto/linux-amd64/*.xml tests in /home/travis/build/icyphy/ptII/ptolemy/domains/continuous/test
AutoTests.java: About to close Vertx.
AutoTests.java: Vertx closed.

===========================================================================================
----------------- testing Sat Jun 09 01:32:45 UTC 2018 /home/travis/build/icyphy/ptII/ptolemy/domains/continuous/test/auto/BouncingBall.xml
----------------- Instantiating /home/travis/build/icyphy/ptII/ptolemy/domains/continuous/test/auto/BouncingBall.xml
2554 ms. Memory: 331776K Free: 317736K (96%)
----------------- Invoking toplevel() on ptolemy.moml.MoMLSimpleApplication@63c079e
----------------- Done invoking toplevel() on ptolemy.moml.MoMLSimpleApplication@63c079e
reloadAllAccessors: .BouncingBall

===========================================================================================
----------------- testing Sat Jun 09 01:32:48 UTC 2018 /home/travis/build/icyphy/ptII/ptolemy/domains/continuous/test/auto/BouncingBallWithoutGR.xml
----------------- Instantiating /home/travis/build/icyphy/ptII/ptolemy/domains/continuous/test/auto/BouncingBallWithoutGR.xml
885 ms. Memory: 331776K Free: 129768K (39%)
----------------- Invoking toplevel() on ptolemy.moml.MoMLSimpleApplication@1db98a60
----------------- Done invoking toplevel() on ptolemy.moml.MoMLSimpleApplication@1db98a60
reloadAllAccessors: .BouncingBallWithoutGR

===========================================================================================
----------------- testing Sat Jun 09 01:32:49 UTC 2018 /home/travis/build/icyphy/ptII/ptolemy/domains/continuous/test/auto/Brownian.xml
----------------- Instantiating /home/travis/build/icyphy/ptII/ptolemy/domains/continuous/test/auto/Brownian.xml
47 ms. Memory: 331776K Free: 117481K (35%)
----------------- Invoking toplevel() on ptolemy.moml.MoMLSimpleApplication@7836f299
----------------- Done invoking toplevel() on ptolemy.moml.MoMLSimpleApplication@7836f299
reloadAllAccessors: .Brownian

===========================================================================================
----------------- testing Sat Jun 09 01:32:49 UTC 2018 /home/travis/build/icyphy/ptII/ptolemy/domains/continuous/test/auto/CarTracking.xml
----------------- Instantiating /home/travis/build/icyphy/ptII/ptolemy/domains/continuous/test/auto/CarTracking.xml
3588 ms. Memory: 479744K Free: 333542K (70%)
----------------- Invoking toplevel() on ptolemy.moml.MoMLSimpleApplication@436ca477
----------------- Done invoking toplevel() on ptolemy.moml.MoMLSimpleApplication@436ca477
reloadAllAccessors: .CarTracking

===========================================================================================
----------------- testing Sat Jun 09 01:32:53 UTC 2018 /home/travis/build/icyphy/ptII/ptolemy/domains/continuous/test/auto/CartPendulum.xml
----------------- Instantiating /home/travis/build/icyphy/ptII/ptolemy/domains/continuous/test/auto/CartPendulum.xml
379 ms. Memory: 479744K Free: 229487K (48%)
----------------- Invoking toplevel() on ptolemy.moml.MoMLSimpleApplication@70470525
----------------- Done invoking toplevel() on ptolemy.moml.MoMLSimpleApplication@70470525
reloadAllAccessors: .CartPendulum

===========================================================================================
----------------- testing Sat Jun 09 01:32:54 UTC 2018 /home/travis/build/icyphy/ptII/ptolemy/domains/continuous/test/auto/CausalityInterface10.xml
----------------- Instantiating /home/travis/build/icyphy/ptII/ptolemy/domains/continuous/test/auto/CausalityInterface10.xml
8 ms. Memory: 479744K Free: 213763K (45%)
----------------- Invoking toplevel() on ptolemy.moml.MoMLSimpleApplication@49e1c5da
----------------- Done invoking toplevel() on ptolemy.moml.MoMLSimpleApplication@49e1c5da
reloadAllAccessors: .CausalityInterface10

===========================================================================================
----------------- testing Sat Jun 09 01:32:54 UTC 2018 /home/travis/build/icyphy/ptII/ptolemy/domains/continuous/test/auto/CausalityInterface11.xml
----------------- Instantiating /home/travis/build/icyphy/ptII/ptolemy/domains/continuous/test/auto/CausalityInterface11.xml
5 ms. Memory: 479744K Free: 201966K (42%)
----------------- Invoking toplevel() on ptolemy.moml.MoMLSimpleApplication@174fd201
----------------- Done invoking toplevel() on ptolemy.moml.MoMLSimpleApplication@174fd201
reloadAllAccessors: .CausalityInterface11

===========================================================================================
----------------- testing Sat Jun 09 01:32:54 UTC 2018 /home/travis/build/icyphy/ptII/ptolemy/domains/continuous/test/auto/CausalityInterface12.xml
----------------- Instantiating /home/travis/build/icyphy/ptII/ptolemy/domains/continuous/test/auto/CausalityInterface12.xml
5 ms. Memory: 479744K Free: 190168K (40%)
----------------- Invoking toplevel() on ptolemy.moml.MoMLSimpleApplication@97654e1
----------------- Done invoking toplevel() on ptolemy.moml.MoMLSimpleApplication@97654e1
reloadAllAccessors: .CausalityInterface12

===========================================================================================
----------------- testing Sat Jun 09 01:32:54 UTC 2018 /home/travis/build/icyphy/ptII/ptolemy/domains/continuous/test/auto/CausalityInterface13.xml
----------------- Instantiating /home/travis/build/icyphy/ptII/ptolemy/domains/continuous/test/auto/CausalityInterface13.xml
4 ms. Memory: 479744K Free: 174556K (36%)
----------------- Invoking toplevel() on ptolemy.moml.MoMLSimpleApplication@2bdaa35e
----------------- Done invoking toplevel() on ptolemy.moml.MoMLSimpleApplication@2bdaa35e
reloadAllAccessors: .CausalityInterface13

===========================================================================================
----------------- testing Sat Jun 09 01:32:54 UTC 2018 /home/travis/build/icyphy/ptII/ptolemy/domains/continuous/test/auto/CausalityInterface14.xml
----------------- Instantiating /home/travis/build/icyphy/ptII/ptolemy/domains/continuous/test/auto/CausalityInterface14.xml
8 ms. Memory: 479744K Free: 162758K (34%)
----------------- Invoking toplevel() on ptolemy.moml.MoMLSimpleApplication@287d1d21
----------------- Done invoking toplevel() on ptolemy.moml.MoMLSimpleApplication@287d1d21
reloadAllAccessors: .CausalityInterface14

===========================================================================================
----------------- testing Sat Jun 09 01:32:54 UTC 2018 /home/travis/build/icyphy/ptII/ptolemy/domains/continuous/test/auto/CausalityInterface4.xml
----------------- Instantiating /home/travis/build/icyphy/ptII/ptolemy/domains/continuous/test/auto/CausalityInterface4.xml
3 ms. Memory: 479744K Free: 150969K (31%)
----------------- Invoking toplevel() on ptolemy.moml.MoMLSimpleApplication@f4190bb
----------------- Done invoking toplevel() on ptolemy.moml.MoMLSimpleApplication@f4190bb
reloadAllAccessors: .CausalityInterface4

===========================================================================================
----------------- testing Sat Jun 09 01:32:54 UTC 2018 /home/travis/build/icyphy/ptII/ptolemy/domains/continuous/test/auto/CausalityInterface5.xml
----------------- Instantiating /home/travis/build/icyphy/ptII/ptolemy/domains/continuous/test/auto/CausalityInterface5.xml
4 ms. Memory: 479744K Free: 139188K (29%)
----------------- Invoking toplevel() on ptolemy.moml.MoMLSimpleApplication@4cb528ef
----------------- Done invoking toplevel() on ptolemy.moml.MoMLSimpleApplication@4cb528ef
reloadAllAccessors: .CausalityInterface5

===========================================================================================
----------------- testing Sat Jun 09 01:32:54 UTC 2018 /home/travis/build/icyphy/ptII/ptolemy/domains/continuous/test/auto/CausalityInterface6.xml
----------------- Instantiating /home/travis/build/icyphy/ptII/ptolemy/domains/continuous/test/auto/CausalityInterface6.xml
3 ms. Memory: 479744K Free: 127391K (27%)
----------------- Invoking toplevel() on ptolemy.moml.MoMLSimpleApplication@20605188
----------------- Done invoking toplevel() on ptolemy.moml.MoMLSimpleApplication@20605188
reloadAllAccessors: .CausalityInterface6

===========================================================================================
----------------- testing Sat Jun 09 01:32:54 UTC 2018 /home/travis/build/icyphy/ptII/ptolemy/domains/continuous/test/auto/CausalityInterface7.xml
----------------- Instantiating /home/travis/build/icyphy/ptII/ptolemy/domains/continuous/test/auto/CausalityInterface7.xml
15 ms. Memory: 479744K Free: 111785K (23%)
----------------- Invoking toplevel() on ptolemy.moml.MoMLSimpleApplication@71d64bd8
----------------- Done invoking toplevel() on ptolemy.moml.MoMLSimpleApplication@71d64bd8
reloadAllAccessors: .CausalityInterface7

===========================================================================================
----------------- testing Sat Jun 09 01:32:54 UTC 2018 /home/travis/build/icyphy/ptII/ptolemy/domains/continuous/test/auto/CausalityInterface8.xml
----------------- Instantiating /home/travis/build/icyphy/ptII/ptolemy/domains/continuous/test/auto/CausalityInterface8.xml
7 ms. Memory: 479744K Free: 96076K (20%)
----------------- Invoking toplevel() on ptolemy.moml.MoMLSimpleApplication@452b2772
----------------- Done invoking toplevel() on ptolemy.moml.MoMLSimpleApplication@452b2772
reloadAllAccessors: .CausalityInterface8

===========================================================================================
----------------- testing Sat Jun 09 01:32:54 UTC 2018 /home/travis/build/icyphy/ptII/ptolemy/domains/continuous/test/auto/CausalityInterface9.xml
----------------- Instantiating /home/travis/build/icyphy/ptII/ptolemy/domains/continuous/test/auto/CausalityInterface9.xml
9 ms. Memory: 479744K Free: 80344K (17%)
----------------- Invoking toplevel() on ptolemy.moml.MoMLSimpleApplication@46a0fcc5
----------------- Done invoking toplevel() on ptolemy.moml.MoMLSimpleApplication@46a0fcc5
reloadAllAccessors: .CausalityInterface9

===========================================================================================
----------------- testing Sat Jun 09 01:32:54 UTC 2018 /home/travis/build/icyphy/ptII/ptolemy/domains/continuous/test/auto/CausalityInterfaceFeedback1.xml
----------------- Instantiating /home/travis/build/icyphy/ptII/ptolemy/domains/continuous/test/auto/CausalityInterfaceFeedback1.xml
6 ms. Memory: 456192K Free: 440711K (97%)
----------------- Invoking toplevel() on ptolemy.moml.MoMLSimpleApplication@941f1df
----------------- Done invoking toplevel() on ptolemy.moml.MoMLSimpleApplication@941f1df
reloadAllAccessors: .CausalityInterfaceFeedback1

===========================================================================================
----------------- testing Sat Jun 09 01:32:54 UTC 2018 /home/travis/build/icyphy/ptII/ptolemy/domains/continuous/test/auto/CausalityInterfaceFeedback2.xml
----------------- Instantiating /home/travis/build/icyphy/ptII/ptolemy/domains/continuous/test/auto/CausalityInterfaceFeedback2.xml
6 ms. Memory: 456192K Free: 428253K (94%)
----------------- Invoking toplevel() on ptolemy.moml.MoMLSimpleApplication@1021909f
----------------- Done invoking toplevel() on ptolemy.moml.MoMLSimpleApplication@1021909f
reloadAllAccessors: .CausalityInterfaceFeedback2

===========================================================================================
----------------- testing Sat Jun 09 01:32:54 UTC 2018 /home/travis/build/icyphy/ptII/ptolemy/domains/continuous/test/auto/CompareWithCurrentTime.xml
----------------- Instantiating /home/travis/build/icyphy/ptII/ptolemy/domains/continuous/test/auto/CompareWithCurrentTime.xml
3 ms. Memory: 456192K Free: 420741K (92%)
----------------- Invoking toplevel() on ptolemy.moml.MoMLSimpleApplication@2044f05c
----------------- Done invoking toplevel() on ptolemy.moml.MoMLSimpleApplication@2044f05c
reloadAllAccessors: .CompareWithCurrentTime

===========================================================================================
----------------- testing Sat Jun 09 01:32:54 UTC 2018 /home/travis/build/icyphy/ptII/ptolemy/domains/continuous/test/auto/ComparedClocks.xml
----------------- Instantiating /home/travis/build/icyphy/ptII/ptolemy/domains/continuous/test/auto/ComparedClocks.xml
23 ms. Memory: 456192K Free: 400720K (88%)
----------------- Invoking toplevel() on ptolemy.moml.MoMLSimpleApplication@5c4de781
----------------- Done invoking toplevel() on ptolemy.moml.MoMLSimpleApplication@5c4de781
reloadAllAccessors: .ComparedClocks

===========================================================================================
----------------- testing Sat Jun 09 01:32:54 UTC 2018 /home/travis/build/icyphy/ptII/ptolemy/domains/continuous/test/auto/ContinuousAOCClone.xml
----------------- Instantiating /home/travis/build/icyphy/ptII/ptolemy/domains/continuous/test/auto/ContinuousAOCClone.xml
2451 ms. Memory: 444416K Free: 232519K (52%)
----------------- Invoking toplevel() on ptolemy.moml.MoMLSimpleApplication@2f6b9f3a
----------------- Done invoking toplevel() on ptolemy.moml.MoMLSimpleApplication@2f6b9f3a
reloadAllAccessors: .ContinuousAOCClone

===========================================================================================
----------------- testing Sat Jun 09 01:32:57 UTC 2018 /home/travis/build/icyphy/ptII/ptolemy/domains/continuous/test/auto/ContinuousClock.xml
----------------- Instantiating /home/travis/build/icyphy/ptII/ptolemy/domains/continuous/test/auto/ContinuousClock.xml
36 ms. Memory: 444416K Free: 205268K (46%)
----------------- Invoking toplevel() on ptolemy.moml.MoMLSimpleApplication@2e206e23
----------------- Done invoking toplevel() on ptolemy.moml.MoMLSimpleApplication@2e206e23
reloadAllAccessors: .ContinuousClock

===========================================================================================
----------------- testing Sat Jun 09 01:32:57 UTC 2018 /home/travis/build/icyphy/ptII/ptolemy/domains/continuous/test/auto/ContinuousInContinuous.xml
----------------- Instantiating /home/travis/build/icyphy/ptII/ptolemy/domains/continuous/test/auto/ContinuousInContinuous.xml
45 ms. Memory: 444416K Free: 177397K (40%)
----------------- Invoking toplevel() on ptolemy.moml.MoMLSimpleApplication@509b1695
----------------- Done invoking toplevel() on ptolemy.moml.MoMLSimpleApplication@509b1695
reloadAllAccessors: .ContinuousInContinuous

===========================================================================================
----------------- testing Sat Jun 09 01:32:57 UTC 2018 /home/travis/build/icyphy/ptII/ptolemy/domains/continuous/test/auto/ContinuousInContinuousInContinuous.xml
----------------- Instantiating /home/travis/build/icyphy/ptII/ptolemy/domains/continuous/test/auto/ContinuousInContinuousInContinuous.xml
8 ms. Memory: 444416K Free: 167838K (38%)
----------------- Invoking toplevel() on ptolemy.moml.MoMLSimpleApplication@f0a2684
----------------- Done invoking toplevel() on ptolemy.moml.MoMLSimpleApplication@f0a2684
reloadAllAccessors: .ContinuousInContinuousInContinuous

===========================================================================================
----------------- testing Sat Jun 09 01:32:57 UTC 2018 /home/travis/build/icyphy/ptII/ptolemy/domains/continuous/test/auto/ContinuousInDE.xml
----------------- Instantiating /home/travis/build/icyphy/ptII/ptolemy/domains/continuous/test/auto/ContinuousInDE.xml
127 ms. Memory: 444416K Free: 151976K (34%)
----------------- Invoking toplevel() on ptolemy.moml.MoMLSimpleApplication@4337a14b
----------------- Done invoking toplevel() on ptolemy.moml.MoMLSimpleApplication@4337a14b
reloadAllAccessors: .ContinuousInDE

===========================================================================================
----------------- testing Sat Jun 09 01:32:58 UTC 2018 /home/travis/build/icyphy/ptII/ptolemy/domains/continuous/test/auto/ContinuousInDE2.xml
----------------- Instantiating /home/travis/build/icyphy/ptII/ptolemy/domains/continuous/test/auto/ContinuousInDE2.xml
48 ms. Memory: 444416K Free: 140030K (32%)
----------------- Invoking toplevel() on ptolemy.moml.MoMLSimpleApplication@511924a4
----------------- Done invoking toplevel() on ptolemy.moml.MoMLSimpleApplication@511924a4
reloadAllAccessors: .ContinuousInDE2

===========================================================================================
----------------- testing Sat Jun 09 01:32:58 UTC 2018 /home/travis/build/icyphy/ptII/ptolemy/domains/continuous/test/auto/ContinuousInDE3.xml
----------------- Instantiating /home/travis/build/icyphy/ptII/ptolemy/domains/continuous/test/auto/ContinuousInDE3.xml
46 ms. Memory: 444416K Free: 126555K (28%)
----------------- Invoking toplevel() on ptolemy.moml.MoMLSimpleApplication@5a45b910
----------------- Done invoking toplevel() on ptolemy.moml.MoMLSimpleApplication@5a45b910
reloadAllAccessors: .ContinuousInDE3

===========================================================================================
----------------- testing Sat Jun 09 01:32:58 UTC 2018 /home/travis/build/icyphy/ptII/ptolemy/domains/continuous/test/auto/ContinuousInDE4.xml
----------------- Instantiating /home/travis/build/icyphy/ptII/ptolemy/domains/continuous/test/auto/ContinuousInDE4.xml
18 ms. Memory: 444416K Free: 119381K (27%)
----------------- Invoking toplevel() on ptolemy.moml.MoMLSimpleApplication@1685475c
----------------- Done invoking toplevel() on ptolemy.moml.MoMLSimpleApplication@1685475c
reloadAllAccessors: .ContinuousInDE4

===========================================================================================
----------------- testing Sat Jun 09 01:32:58 UTC 2018 /home/travis/build/icyphy/ptII/ptolemy/domains/continuous/test/auto/ContinuousInDEDifferentRefinements.xml
----------------- Instantiating /home/travis/build/icyphy/ptII/ptolemy/domains/continuous/test/auto/ContinuousInDEDifferentRefinements.xml
66 ms. Memory: 444416K Free: 81958K (18%)
----------------- Invoking toplevel() on ptolemy.moml.MoMLSimpleApplication@d018770
----------------- Done invoking toplevel() on ptolemy.moml.MoMLSimpleApplication@d018770
reloadAllAccessors: .ContinuousInDEDifferentRefinements

===========================================================================================
----------------- testing Sat Jun 09 01:32:58 UTC 2018 /home/travis/build/icyphy/ptII/ptolemy/domains/continuous/test/auto/ContinuousInDEDifferentRefinementsPreemptive.xml
----------------- Instantiating /home/travis/build/icyphy/ptII/ptolemy/domains/continuous/test/auto/ContinuousInDEDifferentRefinementsPreemptive.xml
59 ms. Memory: 654848K Free: 614310K (94%)
----------------- Invoking toplevel() on ptolemy.moml.MoMLSimpleApplication@44e22c25
----------------- Done invoking toplevel() on ptolemy.moml.MoMLSimpleApplication@44e22c25
reloadAllAccessors: .ContinuousInDEDifferentRefinementsPreemptive

===========================================================================================
----------------- testing Sat Jun 09 01:32:58 UTC 2018 /home/travis/build/icyphy/ptII/ptolemy/domains/continuous/test/auto/ContinuousInDEInContinuous2.xml
----------------- Instantiating /home/travis/build/icyphy/ptII/ptolemy/domains/continuous/test/auto/ContinuousInDEInContinuous2.xml
45 ms. Memory: 654848K Free: 593528K (91%)
----------------- Invoking toplevel() on ptolemy.moml.MoMLSimpleApplication@462cf783
----------------- Done invoking toplevel() on ptolemy.moml.MoMLSimpleApplication@462cf783
reloadAllAccessors: .ContinuousInDEInContinuous2

===========================================================================================
----------------- testing Sat Jun 09 01:32:58 UTC 2018 /home/travis/build/icyphy/ptII/ptolemy/domains/continuous/test/auto/ContinuousInDEInContinuous3.xml
----------------- Instantiating /home/travis/build/icyphy/ptII/ptolemy/domains/continuous/test/auto/ContinuousInDEInContinuous3.xml
46 ms. Memory: 654848K Free: 574399K (88%)
----------------- Invoking toplevel() on ptolemy.moml.MoMLSimpleApplication@297623bd
----------------- Done invoking toplevel() on ptolemy.moml.MoMLSimpleApplication@297623bd
reloadAllAccessors: .ContinuousInDEInContinuous3

===========================================================================================
----------------- testing Sat Jun 09 01:32:58 UTC 2018 /home/travis/build/icyphy/ptII/ptolemy/domains/continuous/test/auto/ContinuousInDEInput.xml
----------------- Instantiating /home/travis/build/icyphy/ptII/ptolemy/domains/continuous/test/auto/ContinuousInDEInput.xml
22 ms. Memory: 654848K Free: 561272K (86%)
----------------- Invoking toplevel() on ptolemy.moml.MoMLSimpleApplication@6a48f50a
----------------- Done invoking toplevel() on ptolemy.moml.MoMLSimpleApplication@6a48f50a
reloadAllAccessors: .ContinuousInDEInput

===========================================================================================
----------------- testing Sat Jun 09 01:32:58 UTC 2018 /home/travis/build/icyphy/ptII/ptolemy/domains/continuous/test/auto/ContinuousInDEInput2.xml
----------------- Instantiating /home/travis/build/icyphy/ptII/ptolemy/domains/continuous/test/auto/ContinuousInDEInput2.xml
25 ms. Memory: 654848K Free: 549813K (84%)
----------------- Invoking toplevel() on ptolemy.moml.MoMLSimpleApplication@51b1d1b7
----------------- Done invoking toplevel() on ptolemy.moml.MoMLSimpleApplication@51b1d1b7
reloadAllAccessors: .ContinuousInDEInput2

===========================================================================================
----------------- testing Sat Jun 09 01:32:58 UTC 2018 /home/travis/build/icyphy/ptII/ptolemy/domains/continuous/test/auto/ContinuousInDEInput3.xml
----------------- Instantiating /home/travis/build/icyphy/ptII/ptolemy/domains/continuous/test/auto/ContinuousInDEInput3.xml
26 ms. Memory: 654848K Free: 536686K (82%)
----------------- Invoking toplevel() on ptolemy.moml.MoMLSimpleApplication@54db64b2
----------------- Done invoking toplevel() on ptolemy.moml.MoMLSimpleApplication@54db64b2
reloadAllAccessors: .ContinuousInDEInput3

===========================================================================================
----------------- testing Sat Jun 09 01:32:58 UTC 2018 /home/travis/build/icyphy/ptII/ptolemy/domains/continuous/test/auto/ContinuousInDESharingRefinement.xml
----------------- Instantiating /home/travis/build/icyphy/ptII/ptolemy/domains/continuous/test/auto/ContinuousInDESharingRefinement.xml
208 ms. Memory: 654848K Free: 437194K (67%)
----------------- Invoking toplevel() on ptolemy.moml.MoMLSimpleApplication@5de5b821
----------------- Done invoking toplevel() on ptolemy.moml.MoMLSimpleApplication@5de5b821
reloadAllAccessors: .ContinuousInDESharingRefinement

===========================================================================================
----------------- testing Sat Jun 09 01:32:59 UTC 2018 /home/travis/build/icyphy/ptII/ptolemy/domains/continuous/test/auto/ContinuousInDEwithNoPorts.xml
----------------- Instantiating /home/travis/build/icyphy/ptII/ptolemy/domains/continuous/test/auto/ContinuousInDEwithNoPorts.xml
6 ms. Memory: 654848K Free: 427886K (65%)
----------------- Invoking toplevel() on ptolemy.moml.MoMLSimpleApplication@78b0a99d
----------------- Done invoking toplevel() on ptolemy.moml.MoMLSimpleApplication@78b0a99d
reloadAllAccessors: .ContinuousInDEwithNoPorts

===========================================================================================
----------------- testing Sat Jun 09 01:32:59 UTC 2018 /home/travis/build/icyphy/ptII/ptolemy/domains/continuous/test/auto/ContinuousInsideDE.xml
----------------- Instantiating /home/travis/build/icyphy/ptII/ptolemy/domains/continuous/test/auto/ContinuousInsideDE.xml
57 ms. Memory: 654848K Free: 408788K (62%)
----------------- Invoking toplevel() on ptolemy.moml.MoMLSimpleApplication@71e7f3e0
----------------- Done invoking toplevel() on ptolemy.moml.MoMLSimpleApplication@71e7f3e0
reloadAllAccessors: .ContinuousInsideDE

===========================================================================================
----------------- testing Sat Jun 09 01:32:59 UTC 2018 /home/travis/build/icyphy/ptII/ptolemy/domains/continuous/test/auto/ContinuousMerge1.xml
----------------- Instantiating /home/travis/build/icyphy/ptII/ptolemy/domains/continuous/test/auto/ContinuousMerge1.xml
4 ms. Memory: 654848K Free: 399481K (61%)
----------------- Invoking toplevel() on ptolemy.moml.MoMLSimpleApplication@57eeccb7
----------------- Done invoking toplevel() on ptolemy.moml.MoMLSimpleApplication@57eeccb7
reloadAllAccessors: .ContinuousMerge1

===========================================================================================
----------------- testing Sat Jun 09 01:32:59 UTC 2018 /home/travis/build/icyphy/ptII/ptolemy/domains/continuous/test/auto/ContinuousMerge2.xml
----------------- Instantiating /home/travis/build/icyphy/ptII/ptolemy/domains/continuous/test/auto/ContinuousMerge2.xml
17 ms. Memory: 654848K Free: 384179K (59%)
----------------- Invoking toplevel() on ptolemy.moml.MoMLSimpleApplication@29938e0d
----------------- Done invoking toplevel() on ptolemy.moml.MoMLSimpleApplication@29938e0d
reloadAllAccessors: .ContinuousMerge2

===========================================================================================
----------------- testing Sat Jun 09 01:32:59 UTC 2018 /home/travis/build/icyphy/ptII/ptolemy/domains/continuous/test/auto/ContinuousMerge3.xml
----------------- Instantiating /home/travis/build/icyphy/ptII/ptolemy/domains/continuous/test/auto/ContinuousMerge3.xml
62 ms. Memory: 654848K Free: 367216K (56%)
----------------- Invoking toplevel() on ptolemy.moml.MoMLSimpleApplication@3e0ff74d
----------------- Done invoking toplevel() on ptolemy.moml.MoMLSimpleApplication@3e0ff74d
reloadAllAccessors: .ContinuousMerge3

===========================================================================================
----------------- testing Sat Jun 09 01:32:59 UTC 2018 /home/travis/build/icyphy/ptII/ptolemy/domains/continuous/test/auto/ContinuousWithinContinuous.xml
----------------- Instantiating /home/travis/build/icyphy/ptII/ptolemy/domains/continuous/test/auto/ContinuousWithinContinuous.xml
45 ms. Memory: 654848K Free: 351938K (54%)
----------------- Invoking toplevel() on ptolemy.moml.MoMLSimpleApplication@17199d25
----------------- Done invoking toplevel() on ptolemy.moml.MoMLSimpleApplication@17199d25
reloadAllAccessors: .ContinuousWithinContinuous

===========================================================================================
----------------- testing Sat Jun 09 01:32:59 UTC 2018 /home/travis/build/icyphy/ptII/ptolemy/domains/continuous/test/auto/ContinuousWithinContinuous2.xml
----------------- Instantiating /home/travis/build/icyphy/ptII/ptolemy/domains/continuous/test/auto/ContinuousWithinContinuous2.xml
88 ms. Memory: 654848K Free: 338811K (52%)
----------------- Invoking toplevel() on ptolemy.moml.MoMLSimpleApplication@7c174eb1
----------------- Done invoking toplevel() on ptolemy.moml.MoMLSimpleApplication@7c174eb1
reloadAllAccessors: .ContinuousWithinContinuous2

===========================================================================================
----------------- testing Sat Jun 09 01:32:59 UTC 2018 /home/travis/build/icyphy/ptII/ptolemy/domains/continuous/test/auto/ContinuousWithinContinuous3.xml
----------------- Instantiating /home/travis/build/icyphy/ptII/ptolemy/domains/continuous/test/auto/ContinuousWithinContinuous3.xml
21 ms. Memory: 654848K Free: 327336K (50%)
----------------- Invoking toplevel() on ptolemy.moml.MoMLSimpleApplication@29ede8ff
----------------- Done invoking toplevel() on ptolemy.moml.MoMLSimpleApplication@29ede8ff
reloadAllAccessors: .ContinuousWithinContinuous3

===========================================================================================
----------------- testing Sat Jun 09 01:32:59 UTC 2018 /home/travis/build/icyphy/ptII/ptolemy/domains/continuous/test/auto/ContinuousWithinContinuous4.xml
----------------- Instantiating /home/travis/build/icyphy/ptII/ptolemy/domains/continuous/test/auto/ContinuousWithinContinuous4.xml
86 ms. Memory: 654848K Free: 306554K (47%)
----------------- Invoking toplevel() on ptolemy.moml.MoMLSimpleApplication@5d6c402a
----------------- Done invoking toplevel() on ptolemy.moml.MoMLSimpleApplication@5d6c402a
reloadAllAccessors: .ContinuousWithinContinuous4

===========================================================================================
----------------- testing Sat Jun 09 01:32:59 UTC 2018 /home/travis/build/icyphy/ptII/ptolemy/domains/continuous/test/auto/ContinuousWithinContinuous5.xml
----------------- Instantiating /home/travis/build/icyphy/ptII/ptolemy/domains/continuous/test/auto/ContinuousWithinContinuous5.xml
15 ms. Memory: 654848K Free: 295095K (45%)
----------------- Invoking toplevel() on ptolemy.moml.MoMLSimpleApplication@34ae2f7d
----------------- Done invoking toplevel() on ptolemy.moml.MoMLSimpleApplication@34ae2f7d
reloadAllAccessors: .ContinuousWithinContinuous5

===========================================================================================
----------------- testing Sat Jun 09 01:32:59 UTC 2018 /home/travis/build/icyphy/ptII/ptolemy/domains/continuous/test/auto/ContinuousWithinContinuous6.xml
----------------- Instantiating /home/travis/build/icyphy/ptII/ptolemy/domains/continuous/test/auto/ContinuousWithinContinuous6.xml
15 ms. Memory: 654848K Free: 281960K (43%)
----------------- Invoking toplevel() on ptolemy.moml.MoMLSimpleApplication@107a07c8
----------------- Done invoking toplevel() on ptolemy.moml.MoMLSimpleApplication@107a07c8
reloadAllAccessors: .ContinuousWithinContinuous6

===========================================================================================
----------------- testing Sat Jun 09 01:32:59 UTC 2018 /home/travis/build/icyphy/ptII/ptolemy/domains/continuous/test/auto/ContinuousWithinContinuous7.xml
----------------- Instantiating /home/travis/build/icyphy/ptII/ptolemy/domains/continuous/test/auto/ContinuousWithinContinuous7.xml
73 ms. Memory: 654848K Free: 270501K (41%)
----------------- Invoking toplevel() on ptolemy.moml.MoMLSimpleApplication@6657cbfd
----------------- Done invoking toplevel() on ptolemy.moml.MoMLSimpleApplication@6657cbfd
reloadAllAccessors: .ContinuousWithinContinuous7

===========================================================================================
----------------- testing Sat Jun 09 01:32:59 UTC 2018 /home/travis/build/icyphy/ptII/ptolemy/domains/continuous/test/auto/DCMotor.xml
----------------- Instantiating /home/travis/build/icyphy/ptII/ptolemy/domains/continuous/test/auto/DCMotor.xml
15973 ms. Memory: 497664K Free: 281480K (57%)
----------------- Invoking toplevel() on ptolemy.moml.MoMLSimpleApplication@75750490
----------------- Done invoking toplevel() on ptolemy.moml.MoMLSimpleApplication@75750490
reloadAllAccessors: .DCMotor

===========================================================================================
----------------- testing Sat Jun 09 01:33:15 UTC 2018 /home/travis/build/icyphy/ptII/ptolemy/domains/continuous/test/auto/DEInContinuous.xml
----------------- Instantiating /home/travis/build/icyphy/ptII/ptolemy/domains/continuous/test/auto/DEInContinuous.xml
21 ms. Memory: 497664K Free: 262633K (53%)
----------------- Invoking toplevel() on ptolemy.moml.MoMLSimpleApplication@2c4b7a8c
----------------- Done invoking toplevel() on ptolemy.moml.MoMLSimpleApplication@2c4b7a8c
reloadAllAccessors: .DEInContinuous

===========================================================================================
----------------- testing Sat Jun 09 01:33:15 UTC 2018 /home/travis/build/icyphy/ptII/ptolemy/domains/continuous/test/auto/DEinContinuous2.xml
----------------- Instantiating /home/travis/build/icyphy/ptII/ptolemy/domains/continuous/test/auto/DEinContinuous2.xml
6 ms. Memory: 497664K Free: 245372K (49%)
----------------- Invoking toplevel() on ptolemy.moml.MoMLSimpleApplication@41eed59
----------------- Done invoking toplevel() on ptolemy.moml.MoMLSimpleApplication@41eed59
reloadAllAccessors: .DEinContinuous2

===========================================================================================
----------------- testing Sat Jun 09 01:33:16 UTC 2018 /home/travis/build/icyphy/ptII/ptolemy/domains/continuous/test/auto/Derivative.xml
----------------- Instantiating /home/travis/build/icyphy/ptII/ptolemy/domains/continuous/test/auto/Derivative.xml
189 ms. Memory: 497664K Free: 203494K (41%)
----------------- Invoking toplevel() on ptolemy.moml.MoMLSimpleApplication@327c5d09
----------------- Done invoking toplevel() on ptolemy.moml.MoMLSimpleApplication@327c5d09
reloadAllAccessors: .Derivative2

===========================================================================================
----------------- testing Sat Jun 09 01:33:16 UTC 2018 /home/travis/build/icyphy/ptII/ptolemy/domains/continuous/test/auto/Derivative1.xml
----------------- Instantiating /home/travis/build/icyphy/ptII/ptolemy/domains/continuous/test/auto/Derivative1.xml
24 ms. Memory: 497664K Free: 178015K (36%)
----------------- Invoking toplevel() on ptolemy.moml.MoMLSimpleApplication@b8c7ffd
----------------- Done invoking toplevel() on ptolemy.moml.MoMLSimpleApplication@b8c7ffd
reloadAllAccessors: .Derivative1

===========================================================================================
----------------- testing Sat Jun 09 01:33:16 UTC 2018 /home/travis/build/icyphy/ptII/ptolemy/domains/continuous/test/auto/DiscreteClock.xml
----------------- Instantiating /home/travis/build/icyphy/ptII/ptolemy/domains/continuous/test/auto/DiscreteClock.xml
5 ms. Memory: 497664K Free: 160754K (32%)
----------------- Invoking toplevel() on ptolemy.moml.MoMLSimpleApplication@4e2775bf
----------------- Done invoking toplevel() on ptolemy.moml.MoMLSimpleApplication@4e2775bf
reloadAllAccessors: .DiscreteClock

===========================================================================================
----------------- testing Sat Jun 09 01:33:16 UTC 2018 /home/travis/build/icyphy/ptII/ptolemy/domains/continuous/test/auto/EfficiencyCurve.xml
----------------- Instantiating /home/travis/build/icyphy/ptII/ptolemy/domains/continuous/test/auto/EfficiencyCurve.xml
75 ms. Memory: 497664K Free: 143493K (29%)
----------------- Invoking toplevel() on ptolemy.moml.MoMLSimpleApplication@599719df
----------------- Done invoking toplevel() on ptolemy.moml.MoMLSimpleApplication@599719df
reloadAllAccessors: .EfficiencyCurve

===========================================================================================
----------------- testing Sat Jun 09 01:33:16 UTC 2018 /home/travis/build/icyphy/ptII/ptolemy/domains/continuous/test/auto/ExponentialResponse.xml
----------------- Instantiating /home/travis/build/icyphy/ptII/ptolemy/domains/continuous/test/auto/ExponentialResponse.xml
124 ms. Memory: 497664K Free: 113928K (23%)
----------------- Invoking toplevel() on ptolemy.moml.MoMLSimpleApplication@6ce55c25
----------------- Done invoking toplevel() on ptolemy.moml.MoMLSimpleApplication@6ce55c25
reloadAllAccessors: .ExponentialResponse

===========================================================================================
----------------- testing Sat Jun 09 01:33:16 UTC 2018 /home/travis/build/icyphy/ptII/ptolemy/domains/continuous/test/auto/ExponentialResponseRK45.xml
----------------- Instantiating /home/travis/build/icyphy/ptII/ptolemy/domains/continuous/test/auto/ExponentialResponseRK45.xml
28 ms. Memory: 497664K Free: 96667K (19%)
----------------- Invoking toplevel() on ptolemy.moml.MoMLSimpleApplication@610c2c70
----------------- Done invoking toplevel() on ptolemy.moml.MoMLSimpleApplication@610c2c70
reloadAllAccessors: .ExponentialResponseRK45

===========================================================================================
----------------- testing Sat Jun 09 01:33:16 UTC 2018 /home/travis/build/icyphy/ptII/ptolemy/domains/continuous/test/auto/Friction.xml
----------------- Instantiating /home/travis/build/icyphy/ptII/ptolemy/domains/continuous/test/auto/Friction.xml
1575 ms. Memory: 454656K Free: 396912K (87%)
----------------- Invoking toplevel() on ptolemy.moml.MoMLSimpleApplication@10d133be
----------------- Done invoking toplevel() on ptolemy.moml.MoMLSimpleApplication@10d133be
reloadAllAccessors: .Friction

===========================================================================================
----------------- testing Sat Jun 09 01:33:18 UTC 2018 /home/travis/build/icyphy/ptII/ptolemy/domains/continuous/test/auto/FurutaPendulum.xml
----------------- Instantiating /home/travis/build/icyphy/ptII/ptolemy/domains/continuous/test/auto/FurutaPendulum.xml
3094 ms. Memory: 440832K Free: 254239K (58%)
----------------- Invoking toplevel() on ptolemy.moml.MoMLSimpleApplication@d4995cd
----------------- Done invoking toplevel() on ptolemy.moml.MoMLSimpleApplication@d4995cd
reloadAllAccessors: .FurutaPendulum

===========================================================================================
----------------- testing Sat Jun 09 01:33:21 UTC 2018 /home/travis/build/icyphy/ptII/ptolemy/domains/continuous/test/auto/HierarchicalExecution.xml
----------------- Instantiating /home/travis/build/icyphy/ptII/ptolemy/domains/continuous/test/auto/HierarchicalExecution.xml
1816 ms. Memory: 427008K Free: 280144K (66%)
----------------- Invoking toplevel() on ptolemy.moml.MoMLSimpleApplication@2741b9c8
----------------- Done invoking toplevel() on ptolemy.moml.MoMLSimpleApplication@2741b9c8
reloadAllAccessors: .HierarchicalExecution

===========================================================================================
----------------- testing Sat Jun 09 01:33:23 UTC 2018 /home/travis/build/icyphy/ptII/ptolemy/domains/continuous/test/auto/HybridPlant.xml
----------------- Instantiating /home/travis/build/icyphy/ptII/ptolemy/domains/continuous/test/auto/HybridPlant.xml
622 ms. Memory: 406528K Free: 321556K (79%)
----------------- Invoking toplevel() on ptolemy.moml.MoMLSimpleApplication@762db6a6
----------------- Done invoking toplevel() on ptolemy.moml.MoMLSimpleApplication@762db6a6
reloadAllAccessors: .HybridPlant

===========================================================================================
----------------- testing Sat Jun 09 01:33:24 UTC 2018 /home/travis/build/icyphy/ptII/ptolemy/domains/continuous/test/auto/Hysteresis.xml
----------------- Instantiating /home/travis/build/icyphy/ptII/ptolemy/domains/continuous/test/auto/Hysteresis.xml
190 ms. Memory: 406528K Free: 257401K (63%)
----------------- Invoking toplevel() on ptolemy.moml.MoMLSimpleApplication@56b102c8
----------------- Done invoking toplevel() on ptolemy.moml.MoMLSimpleApplication@56b102c8
reloadAllAccessors: .Hysteresis

===========================================================================================
----------------- testing Sat Jun 09 01:33:24 UTC 2018 /home/travis/build/icyphy/ptII/ptolemy/domains/continuous/test/auto/HysteresisWithRandomDelay.xml
----------------- Instantiating /home/travis/build/icyphy/ptII/ptolemy/domains/continuous/test/auto/HysteresisWithRandomDelay.xml
214 ms. Memory: 406528K Free: 179955K (44%)
----------------- Invoking toplevel() on ptolemy.moml.MoMLSimpleApplication@681748ef
----------------- Done invoking toplevel() on ptolemy.moml.MoMLSimpleApplication@681748ef
reloadAllAccessors: .HysteresisWithRandomDelay

===========================================================================================
----------------- testing Sat Jun 09 01:33:24 UTC 2018 /home/travis/build/icyphy/ptII/ptolemy/domains/continuous/test/auto/HysteresisWithRandomLosses.xml
----------------- Instantiating /home/travis/build/icyphy/ptII/ptolemy/domains/continuous/test/auto/HysteresisWithRandomLosses.xml
2488 ms. Memory: 372224K Free: 295557K (79%)
----------------- Invoking toplevel() on ptolemy.moml.MoMLSimpleApplication@194fc8b0
----------------- Done invoking toplevel() on ptolemy.moml.MoMLSimpleApplication@194fc8b0
reloadAllAccessors: .HysteresisWithRandomLosses

===========================================================================================
----------------- testing Sat Jun 09 01:33:27 UTC 2018 /home/travis/build/icyphy/ptII/ptolemy/domains/continuous/test/auto/ImmediateTransitions.xml
----------------- Instantiating /home/travis/build/icyphy/ptII/ptolemy/domains/continuous/test/auto/ImmediateTransitions.xml
11 ms. Memory: 372224K Free: 279580K (75%)
----------------- Invoking toplevel() on ptolemy.moml.MoMLSimpleApplication@10ff0860
----------------- Done invoking toplevel() on ptolemy.moml.MoMLSimpleApplication@10ff0860
reloadAllAccessors: .ImmediateTransitions

===========================================================================================
----------------- testing Sat Jun 09 01:33:27 UTC 2018 /home/travis/build/icyphy/ptII/ptolemy/domains/continuous/test/auto/ImpulseFeedback.xml
----------------- Instantiating /home/travis/build/icyphy/ptII/ptolemy/domains/continuous/test/auto/ImpulseFeedback.xml
6 ms. Memory: 372224K Free: 270197K (73%)
----------------- Invoking toplevel() on ptolemy.moml.MoMLSimpleApplication@4a72f20d
----------------- Done invoking toplevel() on ptolemy.moml.MoMLSimpleApplication@4a72f20d
reloadAllAccessors: .ImpulseFeedback

===========================================================================================
----------------- testing Sat Jun 09 01:33:27 UTC 2018 /home/travis/build/icyphy/ptII/ptolemy/domains/continuous/test/auto/ImpulseFeedback2.xml
----------------- Instantiating /home/travis/build/icyphy/ptII/ptolemy/domains/continuous/test/auto/ImpulseFeedback2.xml
5 ms. Memory: 372224K Free: 260817K (70%)
----------------- Invoking toplevel() on ptolemy.moml.MoMLSimpleApplication@5b49e9a9
----------------- Done invoking toplevel() on ptolemy.moml.MoMLSimpleApplication@5b49e9a9
reloadAllAccessors: .ImpulseFeedback2

===========================================================================================
----------------- testing Sat Jun 09 01:33:27 UTC 2018 /home/travis/build/icyphy/ptII/ptolemy/domains/continuous/test/auto/IncreasingRatePoisson.xml
----------------- Instantiating /home/travis/build/icyphy/ptII/ptolemy/domains/continuous/test/auto/IncreasingRatePoisson.xml
657 ms. Memory: 352256K Free: 205040K (58%)
----------------- Invoking toplevel() on ptolemy.moml.MoMLSimpleApplication@4b211d1c
----------------- Done invoking toplevel() on ptolemy.moml.MoMLSimpleApplication@4b211d1c
reloadAllAccessors: .IncreasingRatePoisson

===========================================================================================
----------------- testing Sat Jun 09 01:33:28 UTC 2018 /home/travis/build/icyphy/ptII/ptolemy/domains/continuous/test/auto/InitialStateFeedback.xml
----------------- Instantiating /home/travis/build/icyphy/ptII/ptolemy/domains/continuous/test/auto/InitialStateFeedback.xml
10 ms. Memory: 352256K Free: 197269K (56%)
----------------- Invoking toplevel() on ptolemy.moml.MoMLSimpleApplication@703b91fd
----------------- Done invoking toplevel() on ptolemy.moml.MoMLSimpleApplication@703b91fd
reloadAllAccessors: .InitialStateFeedback

===========================================================================================
----------------- testing Sat Jun 09 01:33:28 UTC 2018 /home/travis/build/icyphy/ptII/ptolemy/domains/continuous/test/auto/Integration.xml
----------------- Instantiating /home/travis/build/icyphy/ptII/ptolemy/domains/continuous/test/auto/Integration.xml
2 ms. Memory: 352256K Free: 191022K (54%)
----------------- Invoking toplevel() on ptolemy.moml.MoMLSimpleApplication@5535bf41
----------------- Done invoking toplevel() on ptolemy.moml.MoMLSimpleApplication@5535bf41
reloadAllAccessors: .Integration

===========================================================================================
----------------- testing Sat Jun 09 01:33:28 UTC 2018 /home/travis/build/icyphy/ptII/ptolemy/domains/continuous/test/auto/Integration2.xml
----------------- Instantiating /home/travis/build/icyphy/ptII/ptolemy/domains/continuous/test/auto/Integration2.xml
104 ms. Memory: 352256K Free: 173923K (49%)
----------------- Invoking toplevel() on ptolemy.moml.MoMLSimpleApplication@198dd0c8
----------------- Done invoking toplevel() on ptolemy.moml.MoMLSimpleApplication@198dd0c8
reloadAllAccessors: .Integration2

===========================================================================================
----------------- testing Sat Jun 09 01:33:28 UTC 2018 /home/travis/build/icyphy/ptII/ptolemy/domains/continuous/test/auto/Integration3.xml
----------------- Instantiating /home/travis/build/icyphy/ptII/ptolemy/domains/continuous/test/auto/Integration3.xml
2 ms. Memory: 352256K Free: 167587K (48%)
----------------- Invoking toplevel() on ptolemy.moml.MoMLSimpleApplication@195743e2
----------------- Done invoking toplevel() on ptolemy.moml.MoMLSimpleApplication@195743e2
reloadAllAccessors: .Integration3

===========================================================================================
----------------- testing Sat Jun 09 01:33:28 UTC 2018 /home/travis/build/icyphy/ptII/ptolemy/domains/continuous/test/auto/Integration5.xml
----------------- Instantiating /home/travis/build/icyphy/ptII/ptolemy/domains/continuous/test/auto/Integration5.xml
3 ms. Memory: 352256K Free: 161331K (46%)
----------------- Invoking toplevel() on ptolemy.moml.MoMLSimpleApplication@170cbb27
----------------- Done invoking toplevel() on ptolemy.moml.MoMLSimpleApplication@170cbb27
reloadAllAccessors: .Integration5

===========================================================================================
----------------- testing Sat Jun 09 01:33:28 UTC 2018 /home/travis/build/icyphy/ptII/ptolemy/domains/continuous/test/auto/IntegratorImpulse.xml
----------------- Instantiating /home/travis/build/icyphy/ptII/ptolemy/domains/continuous/test/auto/IntegratorImpulse.xml
2 ms. Memory: 352256K Free: 154986K (44%)
----------------- Invoking toplevel() on ptolemy.moml.MoMLSimpleApplication@28ee0d0d
----------------- Done invoking toplevel() on ptolemy.moml.MoMLSimpleApplication@28ee0d0d
reloadAllAccessors: .IntegratorImpulse

===========================================================================================
----------------- testing Sat Jun 09 01:33:28 UTC 2018 /home/travis/build/icyphy/ptII/ptolemy/domains/continuous/test/auto/IntegratorImpulse2.xml
----------------- Instantiating /home/travis/build/icyphy/ptII/ptolemy/domains/continuous/test/auto/IntegratorImpulse2.xml
4 ms. Memory: 352256K Free: 148732K (42%)
----------------- Invoking toplevel() on ptolemy.moml.MoMLSimpleApplication@72551e7
----------------- Done invoking toplevel() on ptolemy.moml.MoMLSimpleApplication@72551e7
reloadAllAccessors: .IntegratorImpulse2

===========================================================================================
----------------- testing Sat Jun 09 01:33:28 UTC 2018 /home/travis/build/icyphy/ptII/ptolemy/domains/continuous/test/auto/LevelCrossing1.xml
----------------- Instantiating /home/travis/build/icyphy/ptII/ptolemy/domains/continuous/test/auto/LevelCrossing1.xml
3 ms. Memory: 352256K Free: 140664K (40%)
----------------- Invoking toplevel() on ptolemy.moml.MoMLSimpleApplication@5d04a7da
----------------- Done invoking toplevel() on ptolemy.moml.MoMLSimpleApplication@5d04a7da
reloadAllAccessors: .LevelCrossing1

===========================================================================================
----------------- testing Sat Jun 09 01:33:28 UTC 2018 /home/travis/build/icyphy/ptII/ptolemy/domains/continuous/test/auto/LevelCrossing2.xml
----------------- Instantiating /home/travis/build/icyphy/ptII/ptolemy/domains/continuous/test/auto/LevelCrossing2.xml
3 ms. Memory: 352256K Free: 134336K (38%)
----------------- Invoking toplevel() on ptolemy.moml.MoMLSimpleApplication@7f06e0
----------------- Done invoking toplevel() on ptolemy.moml.MoMLSimpleApplication@7f06e0
reloadAllAccessors: .LevelCrossing2

===========================================================================================
----------------- testing Sat Jun 09 01:33:28 UTC 2018 /home/travis/build/icyphy/ptII/ptolemy/domains/continuous/test/auto/LevelCrossing3.xml
----------------- Instantiating /home/travis/build/icyphy/ptII/ptolemy/domains/continuous/test/auto/LevelCrossing3.xml
2 ms. Memory: 352256K Free: 124478K (35%)
----------------- Invoking toplevel() on ptolemy.moml.MoMLSimpleApplication@7152fceb
----------------- Done invoking toplevel() on ptolemy.moml.MoMLSimpleApplication@7152fceb
reloadAllAccessors: .LevelCrossing3

===========================================================================================
----------------- testing Sat Jun 09 01:33:28 UTC 2018 /home/travis/build/icyphy/ptII/ptolemy/domains/continuous/test/auto/LevelCrossing4.xml
----------------- Instantiating /home/travis/build/icyphy/ptII/ptolemy/domains/continuous/test/auto/LevelCrossing4.xml
6 ms. Memory: 352256K Free: 116335K (33%)
----------------- Invoking toplevel() on ptolemy.moml.MoMLSimpleApplication@6fad5067
----------------- Done invoking toplevel() on ptolemy.moml.MoMLSimpleApplication@6fad5067
reloadAllAccessors: .LevelCrossing4

===========================================================================================
----------------- testing Sat Jun 09 01:33:28 UTC 2018 /home/travis/build/icyphy/ptII/ptolemy/domains/continuous/test/auto/LevelCrossing5.xml
----------------- Instantiating /home/travis/build/icyphy/ptII/ptolemy/domains/continuous/test/auto/LevelCrossing5.xml
3 ms. Memory: 352256K Free: 108274K (31%)
----------------- Invoking toplevel() on ptolemy.moml.MoMLSimpleApplication@4429b552
----------------- Done invoking toplevel() on ptolemy.moml.MoMLSimpleApplication@4429b552
reloadAllAccessors: .LevelCrossing5

===========================================================================================
----------------- testing Sat Jun 09 01:33:28 UTC 2018 /home/travis/build/icyphy/ptII/ptolemy/domains/continuous/test/auto/LevelCrossing6.xml
----------------- Instantiating /home/travis/build/icyphy/ptII/ptolemy/domains/continuous/test/auto/LevelCrossing6.xml
[...]
reloadAllAccessors: .ResetTransitionWithStartTime5

===========================================================================================
----------------- testing Sat Jun 09 01:33:47 UTC 2018 /home/travis/build/icyphy/ptII/ptolemy/domains/continuous/test/auto/ResetTransitionWithStartTime6.xml
----------------- Instantiating /home/travis/build/icyphy/ptII/ptolemy/domains/continuous/test/auto/ResetTransitionWithStartTime6.xml
27 ms. Memory: 372736K Free: 53851K (14%)
----------------- Invoking toplevel() on ptolemy.moml.MoMLSimpleApplication@78c1edae
----------------- Done invoking toplevel() on ptolemy.moml.MoMLSimpleApplication@78c1edae
reloadAllAccessors: .ResetTransitionWithStartTime6

===========================================================================================
----------------- testing Sat Jun 09 01:33:47 UTC 2018 /home/travis/build/icyphy/ptII/ptolemy/domains/continuous/test/auto/SRinContinuous.xml
----------------- Instantiating /home/travis/build/icyphy/ptII/ptolemy/domains/continuous/test/auto/SRinContinuous.xml
5 ms. Memory: 372736K Free: 44177K (12%)
----------------- Invoking toplevel() on ptolemy.moml.MoMLSimpleApplication@37a8752c
----------------- Done invoking toplevel() on ptolemy.moml.MoMLSimpleApplication@37a8752c
reloadAllAccessors: .SRinContinuous

===========================================================================================
----------------- testing Sat Jun 09 01:33:47 UTC 2018 /home/travis/build/icyphy/ptII/ptolemy/domains/continuous/test/auto/SampledClocks.xml
----------------- Instantiating /home/travis/build/icyphy/ptII/ptolemy/domains/continuous/test/auto/SampledClocks.xml
8 ms. Memory: 372736K Free: 33073K (9%)
----------------- Invoking toplevel() on ptolemy.moml.MoMLSimpleApplication@3d751990
----------------- Done invoking toplevel() on ptolemy.moml.MoMLSimpleApplication@3d751990
reloadAllAccessors: .SampledClocks

===========================================================================================
----------------- testing Sat Jun 09 01:33:47 UTC 2018 /home/travis/build/icyphy/ptII/ptolemy/domains/continuous/test/auto/Satellite.xml
----------------- Instantiating /home/travis/build/icyphy/ptII/ptolemy/domains/continuous/test/auto/Satellite.xml
719 ms. Memory: 359424K Free: 124036K (35%)
----------------- Invoking toplevel() on ptolemy.moml.MoMLSimpleApplication@4b48c5a7
----------------- Done invoking toplevel() on ptolemy.moml.MoMLSimpleApplication@4b48c5a7
reloadAllAccessors: .Satellite

===========================================================================================
----------------- testing Sat Jun 09 01:33:48 UTC 2018 /home/travis/build/icyphy/ptII/ptolemy/domains/continuous/test/auto/SigmaDelta.xml
----------------- Instantiating /home/travis/build/icyphy/ptII/ptolemy/domains/continuous/test/auto/SigmaDelta.xml
2390 ms. Memory: 335360K Free: 261179K (78%)
----------------- Invoking toplevel() on ptolemy.moml.MoMLSimpleApplication@35d83e26
----------------- Done invoking toplevel() on ptolemy.moml.MoMLSimpleApplication@35d83e26
reloadAllAccessors: .SigmaDelta

===========================================================================================
----------------- testing Sat Jun 09 01:33:50 UTC 2018 /home/travis/build/icyphy/ptII/ptolemy/domains/continuous/test/auto/SinuBouncingBall.xml
----------------- Instantiating /home/travis/build/icyphy/ptII/ptolemy/domains/continuous/test/auto/SinuBouncingBall.xml
657 ms. Memory: 335360K Free: 36413K (11%)
----------------- Invoking toplevel() on ptolemy.moml.MoMLSimpleApplication@12960bed
----------------- Done invoking toplevel() on ptolemy.moml.MoMLSimpleApplication@12960bed
reloadAllAccessors: .SinuBouncingBall

===========================================================================================
----------------- testing Sat Jun 09 01:33:51 UTC 2018 /home/travis/build/icyphy/ptII/ptolemy/domains/continuous/test/auto/Sinusoid.xml
----------------- Instantiating /home/travis/build/icyphy/ptII/ptolemy/domains/continuous/test/auto/Sinusoid.xml
5 ms. Memory: 335360K Free: 30412K (9%)
----------------- Invoking toplevel() on ptolemy.moml.MoMLSimpleApplication@35341caa
----------------- Done invoking toplevel() on ptolemy.moml.MoMLSimpleApplication@35341caa
reloadAllAccessors: .Sinusoid

===========================================================================================
----------------- testing Sat Jun 09 01:33:51 UTC 2018 /home/travis/build/icyphy/ptII/ptolemy/domains/continuous/test/auto/SinusoidInNoise.xml
----------------- Instantiating /home/travis/build/icyphy/ptII/ptolemy/domains/continuous/test/auto/SinusoidInNoise.xml
937 ms. Memory: 326144K Free: 71596K (22%)
----------------- Invoking toplevel() on ptolemy.moml.MoMLSimpleApplication@60cab5b2
----------------- Done invoking toplevel() on ptolemy.moml.MoMLSimpleApplication@60cab5b2
reloadAllAccessors: .SinusoidInNoise

===========================================================================================
----------------- testing Sat Jun 09 01:33:52 UTC 2018 /home/travis/build/icyphy/ptII/ptolemy/domains/continuous/test/auto/SinusoidRK45.xml
----------------- Instantiating /home/travis/build/icyphy/ptII/ptolemy/domains/continuous/test/auto/SinusoidRK45.xml
2 ms. Memory: 326144K Free: 65792K (20%)
----------------- Invoking toplevel() on ptolemy.moml.MoMLSimpleApplication@79074475
----------------- Done invoking toplevel() on ptolemy.moml.MoMLSimpleApplication@79074475
reloadAllAccessors: .SinusoidRK45

===========================================================================================
----------------- testing Sat Jun 09 01:33:52 UTC 2018 /home/travis/build/icyphy/ptII/ptolemy/domains/continuous/test/auto/SinusoidWithMultipleImpulses.xml
----------------- Instantiating /home/travis/build/icyphy/ptII/ptolemy/domains/continuous/test/auto/SinusoidWithMultipleImpulses.xml
3 ms. Memory: 326144K Free: 57594K (18%)
----------------- Invoking toplevel() on ptolemy.moml.MoMLSimpleApplication@6a1c54f4
----------------- Done invoking toplevel() on ptolemy.moml.MoMLSimpleApplication@6a1c54f4
reloadAllAccessors: .SinusoidWithMultipleImpulses

===========================================================================================
----------------- testing Sat Jun 09 01:33:52 UTC 2018 /home/travis/build/icyphy/ptII/ptolemy/domains/continuous/test/auto/SquareWave.xml
----------------- Instantiating /home/travis/build/icyphy/ptII/ptolemy/domains/continuous/test/auto/SquareWave.xml
176 ms. Memory: 326144K Free: 29947K (9%)
----------------- Invoking toplevel() on ptolemy.moml.MoMLSimpleApplication@670d0041
----------------- Done invoking toplevel() on ptolemy.moml.MoMLSimpleApplication@670d0041
reloadAllAccessors: .SquareWave

===========================================================================================
----------------- testing Sat Jun 09 01:33:52 UTC 2018 /home/travis/build/icyphy/ptII/ptolemy/domains/continuous/test/auto/Starmac.xml
----------------- Instantiating /home/travis/build/icyphy/ptII/ptolemy/domains/continuous/test/auto/Starmac.xml
3078 ms. Memory: 307200K Free: 112711K (37%)
----------------- Invoking toplevel() on ptolemy.moml.MoMLSimpleApplication@77aaeddb
----------------- Done invoking toplevel() on ptolemy.moml.MoMLSimpleApplication@77aaeddb
reloadAllAccessors: .Starmac

===========================================================================================
----------------- testing Sat Jun 09 01:33:56 UTC 2018 /home/travis/build/icyphy/ptII/ptolemy/domains/continuous/test/auto/StaticUnits.xml
----------------- Instantiating /home/travis/build/icyphy/ptII/ptolemy/domains/continuous/test/auto/StaticUnits.xml
2156 ms. Memory: 284160K Free: 51942K (18%)
----------------- Invoking toplevel() on ptolemy.moml.MoMLSimpleApplication@5f73971e
----------------- Done invoking toplevel() on ptolemy.moml.MoMLSimpleApplication@5f73971e
reloadAllAccessors: .StaticUnits

===========================================================================================
----------------- testing Sat Jun 09 01:33:58 UTC 2018 /home/travis/build/icyphy/ptII/ptolemy/domains/continuous/test/auto/StickyMasses.xml
----------------- Instantiating /home/travis/build/icyphy/ptII/ptolemy/domains/continuous/test/auto/StickyMasses.xml
141 ms. Memory: 282112K Free: 195415K (69%)
----------------- Invoking toplevel() on ptolemy.moml.MoMLSimpleApplication@2ac63c7f
----------------- Done invoking toplevel() on ptolemy.moml.MoMLSimpleApplication@2ac63c7f
reloadAllAccessors: .StickyMasses

===========================================================================================
----------------- testing Sat Jun 09 01:33:58 UTC 2018 /home/travis/build/icyphy/ptII/ptolemy/domains/continuous/test/auto/StopTime.xml
----------------- Instantiating /home/travis/build/icyphy/ptII/ptolemy/domains/continuous/test/auto/StopTime.xml
48 ms. Memory: 282112K Free: 165993K (59%)
----------------- Invoking toplevel() on ptolemy.moml.MoMLSimpleApplication@666f5269
----------------- Done invoking toplevel() on ptolemy.moml.MoMLSimpleApplication@666f5269
reloadAllAccessors: .StopTime

===========================================================================================
----------------- testing Sat Jun 09 01:33:58 UTC 2018 /home/travis/build/icyphy/ptII/ptolemy/domains/continuous/test/auto/StopTime2.xml
----------------- Instantiating /home/travis/build/icyphy/ptII/ptolemy/domains/continuous/test/auto/StopTime2.xml
43 ms. Memory: 282112K Free: 139772K (50%)
----------------- Invoking toplevel() on ptolemy.moml.MoMLSimpleApplication@6212f309
----------------- Done invoking toplevel() on ptolemy.moml.MoMLSimpleApplication@6212f309
reloadAllAccessors: .StopTime2

===========================================================================================
----------------- testing Sat Jun 09 01:33:59 UTC 2018 /home/travis/build/icyphy/ptII/ptolemy/domains/continuous/test/auto/Switch.xml
----------------- Instantiating /home/travis/build/icyphy/ptII/ptolemy/domains/continuous/test/auto/Switch.xml
66 ms. Memory: 282112K Free: 111533K (40%)
----------------- Invoking toplevel() on ptolemy.moml.MoMLSimpleApplication@4ceb425f
----------------- Done invoking toplevel() on ptolemy.moml.MoMLSimpleApplication@4ceb425f
reloadAllAccessors: .Switch

===========================================================================================
----------------- testing Sat Jun 09 01:33:59 UTC 2018 /home/travis/build/icyphy/ptII/ptolemy/domains/continuous/test/auto/Thermostat.xml
----------------- Instantiating /home/travis/build/icyphy/ptII/ptolemy/domains/continuous/test/auto/Thermostat.xml
213 ms. Memory: 282112K Free: 32609K (12%)
----------------- Invoking toplevel() on ptolemy.moml.MoMLSimpleApplication@7b8c5ec9
----------------- Done invoking toplevel() on ptolemy.moml.MoMLSimpleApplication@7b8c5ec9
reloadAllAccessors: .Thermostat

===========================================================================================
----------------- testing Sat Jun 09 01:33:59 UTC 2018 /home/travis/build/icyphy/ptII/ptolemy/domains/continuous/test/auto/TimeDelay.xml
----------------- Instantiating /home/travis/build/icyphy/ptII/ptolemy/domains/continuous/test/auto/TimeDelay.xml
6 ms. Memory: 282112K Free: 25844K (9%)
----------------- Invoking toplevel() on ptolemy.moml.MoMLSimpleApplication@2e155d3
----------------- Done invoking toplevel() on ptolemy.moml.MoMLSimpleApplication@2e155d3
reloadAllAccessors: .TimeDelay

===========================================================================================
----------------- testing Sat Jun 09 01:33:59 UTC 2018 /home/travis/build/icyphy/ptII/ptolemy/domains/continuous/test/auto/TimeDelay2.xml
----------------- Instantiating /home/travis/build/icyphy/ptII/ptolemy/domains/continuous/test/auto/TimeDelay2.xml
9 ms. Memory: 282112K Free: 17098K (6%)
----------------- Invoking toplevel() on ptolemy.moml.MoMLSimpleApplication@6344b353
----------------- Done invoking toplevel() on ptolemy.moml.MoMLSimpleApplication@6344b353
reloadAllAccessors: .TimeDelay2

===========================================================================================
----------------- testing Sat Jun 09 01:33:59 UTC 2018 /home/travis/build/icyphy/ptII/ptolemy/domains/continuous/test/auto/TimeDelay3.xml
----------------- Instantiating /home/travis/build/icyphy/ptII/ptolemy/domains/continuous/test/auto/TimeDelay3.xml
7 ms. Memory: 267264K Free: 190088K (71%)
----------------- Invoking toplevel() on ptolemy.moml.MoMLSimpleApplication@2a1e5dbe
----------------- Done invoking toplevel() on ptolemy.moml.MoMLSimpleApplication@2a1e5dbe
reloadAllAccessors: .TimeDelay3

===========================================================================================
----------------- testing Sat Jun 09 01:33:59 UTC 2018 /home/travis/build/icyphy/ptII/ptolemy/domains/continuous/test/auto/TransferAbsentToInside.xml
----------------- Instantiating /home/travis/build/icyphy/ptII/ptolemy/domains/continuous/test/auto/TransferAbsentToInside.xml
49 ms. Memory: 267264K Free: 133223K (50%)
----------------- Invoking toplevel() on ptolemy.moml.MoMLSimpleApplication@2a577031
----------------- Done invoking toplevel() on ptolemy.moml.MoMLSimpleApplication@2a577031
reloadAllAccessors: .TransferAbsentToInside

===========================================================================================
----------------- testing Sat Jun 09 01:33:59 UTC 2018 /home/travis/build/icyphy/ptII/ptolemy/domains/continuous/test/auto/Transmission.xml
----------------- Instantiating /home/travis/build/icyphy/ptII/ptolemy/domains/continuous/test/auto/Transmission.xml
803 ms. Memory: 265728K Free: 75378K (28%)
----------------- Invoking toplevel() on ptolemy.moml.MoMLSimpleApplication@33676680
----------------- Done invoking toplevel() on ptolemy.moml.MoMLSimpleApplication@33676680
reloadAllAccessors: .Transmission

===========================================================================================
----------------- testing Sat Jun 09 01:34:00 UTC 2018 /home/travis/build/icyphy/ptII/ptolemy/domains/continuous/test/auto/TriggeredContinuousClock.xml
----------------- Instantiating /home/travis/build/icyphy/ptII/ptolemy/domains/continuous/test/auto/TriggeredContinuousClock.xml
46 ms. Memory: 265728K Free: 41100K (15%)
----------------- Invoking toplevel() on ptolemy.moml.MoMLSimpleApplication@1b72ba63
----------------- Done invoking toplevel() on ptolemy.moml.MoMLSimpleApplication@1b72ba63
reloadAllAccessors: .TriggeredContinuousClock

===========================================================================================
----------------- testing Sat Jun 09 01:34:00 UTC 2018 /home/travis/build/icyphy/ptII/ptolemy/domains/continuous/test/auto/TwoMachineInfiniteBusControl.xml
----------------- Instantiating /home/travis/build/icyphy/ptII/ptolemy/domains/continuous/test/auto/TwoMachineInfiniteBusControl.xml
2351 ms. Memory: 237568K Free: 110613K (47%)
----------------- Invoking toplevel() on ptolemy.moml.MoMLSimpleApplication@15269126
----------------- Done invoking toplevel() on ptolemy.moml.MoMLSimpleApplication@15269126
reloadAllAccessors: .TwoMachineInfiniteBusControl

===========================================================================================
----------------- testing Sat Jun 09 01:34:03 UTC 2018 /home/travis/build/icyphy/ptII/ptolemy/domains/continuous/test/auto/V2V.xml
----------------- Instantiating /home/travis/build/icyphy/ptII/ptolemy/domains/continuous/test/auto/V2V.xml
651 ms. Memory: 226816K Free: 53981K (24%)
----------------- Invoking toplevel() on ptolemy.moml.MoMLSimpleApplication@3d8fbd61
----------------- Done invoking toplevel() on ptolemy.moml.MoMLSimpleApplication@3d8fbd61
reloadAllAccessors: .V2V

===========================================================================================
----------------- testing Sat Jun 09 01:34:03 UTC 2018 /home/travis/build/icyphy/ptII/ptolemy/domains/continuous/test/auto/hierarchicalModalModel.xml
----------------- Instantiating /home/travis/build/icyphy/ptII/ptolemy/domains/continuous/test/auto/hierarchicalModalModel.xml
8 ms. Memory: 226816K Free: 34552K (15%)
----------------- Invoking toplevel() on ptolemy.moml.MoMLSimpleApplication@37954446
----------------- Done invoking toplevel() on ptolemy.moml.MoMLSimpleApplication@37954446
reloadAllAccessors: .hierarchicalModalModel

===========================================================================================
----------------- testing Sat Jun 09 01:34:03 UTC 2018 /home/travis/build/icyphy/ptII/ptolemy/domains/continuous/test/auto/hierarchicalModalModel1.xml
----------------- Instantiating /home/travis/build/icyphy/ptII/ptolemy/domains/continuous/test/auto/hierarchicalModalModel1.xml
11 ms. Memory: 226816K Free: 17561K (8%)
----------------- Invoking toplevel() on ptolemy.moml.MoMLSimpleApplication@6deafbe7
----------------- Done invoking toplevel() on ptolemy.moml.MoMLSimpleApplication@6deafbe7
reloadAllAccessors: .hierarchicalModalModel1

===========================================================================================
----------------- testing Sat Jun 09 01:34:04 UTC 2018 /home/travis/build/icyphy/ptII/ptolemy/domains/continuous/test/auto/hierarchicalModalModel2.xml
----------------- Instantiating /home/travis/build/icyphy/ptII/ptolemy/domains/continuous/test/auto/hierarchicalModalModel2.xml
13 ms. Memory: 220672K Free: 141372K (64%)
----------------- Invoking toplevel() on ptolemy.moml.MoMLSimpleApplication@26ede194
----------------- Done invoking toplevel() on ptolemy.moml.MoMLSimpleApplication@26ede194
reloadAllAccessors: .hierarchicalModalModel2

===========================================================================================
----------------- testing Sat Jun 09 01:34:04 UTC 2018 /home/travis/build/icyphy/ptII/ptolemy/domains/continuous/test/auto/hierarchicalModalModel3.xml
----------------- Instantiating /home/travis/build/icyphy/ptII/ptolemy/domains/continuous/test/auto/hierarchicalModalModel3.xml
6 ms. Memory: 220672K Free: 127485K (58%)
----------------- Invoking toplevel() on ptolemy.moml.MoMLSimpleApplication@6fd63545
----------------- Done invoking toplevel() on ptolemy.moml.MoMLSimpleApplication@6fd63545
reloadAllAccessors: .hierarchicalModalModel3

===========================================================================================
----------------- testing Sat Jun 09 01:34:04 UTC 2018 /home/travis/build/icyphy/ptII/ptolemy/domains/continuous/test/auto/hierarchicalModalModel4.xml
----------------- Instantiating /home/travis/build/icyphy/ptII/ptolemy/domains/continuous/test/auto/hierarchicalModalModel4.xml
5 ms. Memory: 220672K Free: 112478K (51%)
----------------- Invoking toplevel() on ptolemy.moml.MoMLSimpleApplication@429cdd86
----------------- Done invoking toplevel() on ptolemy.moml.MoMLSimpleApplication@429cdd86
reloadAllAccessors: .hierarchicalModalModel4

===========================================================================================
----------------- testing Sat Jun 09 01:34:04 UTC 2018 /home/travis/build/icyphy/ptII/ptolemy/domains/continuous/test/auto/junk.xml
----------------- Instantiating /home/travis/build/icyphy/ptII/ptolemy/domains/continuous/test/auto/junk.xml
138 ms. Memory: 220672K Free: 80861K (37%)
----------------- Invoking toplevel() on ptolemy.moml.MoMLSimpleApplication@3b531942
----------------- Done invoking toplevel() on ptolemy.moml.MoMLSimpleApplication@3b531942
reloadAllAccessors: .junk
AutoTests.java: About to close Vertx.
AutoTests.java: Vertx closed.
]]></system-out>
  <system-err><![CDATA[Warning: '.IncreasingRatePoisson.NonStrictTest' The test produced only 393 tokens, yet the correctValues parameter was expecting 402 tokens.
Warning: '.Poisson.NonStrictTest' The test produced only 388 tokens, yet the correctValues parameter was expecting 430 tokens.
]]></system-err>
</testsuite>
