/home/travis/build/icyphy/ptII/bin/ant: Running /home/travis/build/icyphy/ptII/ant/bin/ant build test.export7.xml
Buildfile: /home/travis/build/icyphy/ptII/build.xml

build-message:
     [echo] Use ant -p to see other targets. JAVA_HOME=/usr/local/lib/jvm/openjdk11
     [echo] tools.jar is necessary for compilation of doc/doclets/.
     [echo] If compilation fails, try setting JAVA_HOME to the location of the JDK.
     [echo] For example:
     [echo]   [bldmastr@sisyphus ptII]$ which java
     [echo]   /usr/bin/java
     [echo]   [bldmastr@sisyphus ptII]$ ls -l /usr/bin/java
     [echo]   lrwxrwxrwx 1 root root 26 Jul 31 10:12 /usr/bin/java -> /usr/java/default/bin/java
     [echo]   [bldmastr@sisyphus ptII]$ export JAVA_HOME=/usr/java/default
     [echo]     

-build-subprojects-empty:

build-subprojects:

-check-node:

-check-node-works:
     [exec] /home/travis/build/icyphy/ptII/bin/node: Running /home/travis/.nvm/versions/node/v7.10.1/bin/node --version
     [exec] v7.10.1

-check-npm:

-check-npm-works:
     [exec] /home/travis/build/icyphy/ptII/bin/npm: Running /home/travis/.nvm/versions/node/v7.10.1/bin/npm --version
     [exec] /home/travis/build/icyphy/ptII/bin/node: Running /home/travis/.nvm/versions/node/v7.10.1/bin/node /home/travis/.nvm/versions/node/v7.10.1/bin/npm --version
     [exec] 4.2.0

-check-if-npmjs-org-is-up:
     [echo] Check to see if https://www.npmjs.org is up.

-jsdoc-no-network-message:

-check-jsdoc:

jsdoc-install:
     [exec] /home/travis/build/icyphy/ptII/bin/npm: Running /home/travis/.nvm/versions/node/v7.10.1/bin/npm install @terraswarm/jsdoc
     [exec] /home/travis/build/icyphy/ptII/bin/node: Running /home/travis/.nvm/versions/node/v7.10.1/bin/node /home/travis/.nvm/versions/node/v7.10.1/bin/npm install @terraswarm/jsdoc
     [exec] npm WARN lifecycle The node binary used for scripts is /home/travis/build/icyphy/ptII/bin/node but npm is using /home/travis/.nvm/versions/node/v7.10.1/bin/node itself. Use the `--scripts-prepend-node-path` option to include the path for the node binary npm was executed with.
     [exec] /home/travis/build/icyphy/ptII
     [exec] └─┬ @terraswarm/jsdoc@3.5.1-dev 
     [exec]   ├── bluebird@3.4.7 
     [exec]   ├─┬ catharsis@0.8.11 
     [exec]   │ └── lodash@4.17.21 
     [exec]   ├── escape-string-regexp@1.0.5 
     [exec]   ├─┬ espree@3.1.7 
     [exec]   │ ├── acorn@3.3.0 
     [exec]   │ └── acorn-jsx@3.0.1 
     [exec]   ├── js2xmlparser@1.0.0 
     [exec]   ├─┬ klaw@1.3.1 
     [exec]   │ └── graceful-fs@4.2.10 
     [exec]   ├── marked@0.3.19 
     [exec]   ├─┬ mkdirp@0.5.6 
     [exec]   │ └── minimist@1.2.6 
     [exec]   ├── requizzle@0.2.3 
     [exec]   ├── strip-json-comments@2.0.1 
     [exec]   ├── taffydb@2.6.2 
     [exec]   └── underscore@1.8.3 
     [exec] 
     [exec] npm WARN enoent ENOENT: no such file or directory, open '/home/travis/build/icyphy/ptII/package.json'
     [exec] npm WARN ptII No description
     [exec] npm WARN ptII No repository field.
     [exec] npm WARN ptII No README data
     [exec] npm WARN ptII No license field.

jsdoc-update:
     [exec] /home/travis/build/icyphy/ptII/bin/npm: Running /home/travis/.nvm/versions/node/v7.10.1/bin/npm update @terraswarm/jsdoc
     [exec] /home/travis/build/icyphy/ptII/bin/node: Running /home/travis/.nvm/versions/node/v7.10.1/bin/node /home/travis/.nvm/versions/node/v7.10.1/bin/npm update @terraswarm/jsdoc

-ptdoc-no-node:

-ptdoc-no-npm:

ptdoc:
     [echo] 
     [echo]       If the ptdoc target fails, then try running:
     [echo]           ant build-project build-bin
     [echo]     

-check-node:

-check-node-works:
     [exec] /home/travis/build/icyphy/ptII/bin/node: Running /home/travis/.nvm/versions/node/v7.10.1/bin/node --version
     [exec] v7.10.1

-check-npm:

-check-npm-works:
     [exec] /home/travis/build/icyphy/ptII/bin/npm: Running /home/travis/.nvm/versions/node/v7.10.1/bin/npm --version
     [exec] /home/travis/build/icyphy/ptII/bin/node: Running /home/travis/.nvm/versions/node/v7.10.1/bin/node /home/travis/.nvm/versions/node/v7.10.1/bin/npm --version
     [exec] 4.2.0

-check-if-npmjs-org-is-up:
     [echo] Check to see if https://www.npmjs.org is up or $TRAVIS is set.

-jsdoc-no-network-message:

-check-jsdoc:
     [echo] To stop CapeCode from invoking jsdoc and svn, set the PT_NO_NET environment variable.  
     [echo]     Under BASH:
     [echo]         export PT_NO_NET=true
     [echo]     If ptdoc fails, and you are building from $PTII, try:
     [echo]         ant build-project build-bin
     [echo]     

jsdoc-install:
     [echo] npm.executable: npm
    [mkdir] Created dir: /home/travis/build/icyphy/ptII/org/terraswarm/accessor/accessors/node_modules
     [exec] /home/travis/build/icyphy/ptII/bin/npm: Running /home/travis/.nvm/versions/node/v7.10.1/bin/npm install @terraswarm/jsdoc
     [exec] /home/travis/build/icyphy/ptII/bin/node: Running /home/travis/.nvm/versions/node/v7.10.1/bin/node /home/travis/.nvm/versions/node/v7.10.1/bin/npm install @terraswarm/jsdoc
     [exec] npm WARN lifecycle The node binary used for scripts is /home/travis/build/icyphy/ptII/bin/node but npm is using /home/travis/.nvm/versions/node/v7.10.1/bin/node itself. Use the `--scripts-prepend-node-path` option to include the path for the node binary npm was executed with.
     [exec] /home/travis/build/icyphy/ptII/org/terraswarm/accessor/accessors
     [exec] └─┬ @terraswarm/jsdoc@3.5.1-dev 
     [exec]   ├── bluebird@3.4.7 
     [exec]   ├─┬ catharsis@0.8.11 
     [exec]   │ └── lodash@4.17.21 
     [exec]   ├── escape-string-regexp@1.0.5 
     [exec]   ├─┬ espree@3.1.7 
     [exec]   │ ├── acorn@3.3.0 
     [exec]   │ └── acorn-jsx@3.0.1 
     [exec]   ├── js2xmlparser@1.0.0 
     [exec]   ├─┬ klaw@1.3.1 
     [exec]   │ └── graceful-fs@4.2.10 
     [exec]   ├── marked@0.3.19 
     [exec]   ├─┬ mkdirp@0.5.6 
     [exec]   │ └── minimist@1.2.6 
     [exec]   ├── requizzle@0.2.3 
     [exec]   ├── strip-json-comments@2.0.1 
     [exec]   ├── taffydb@2.6.2 
     [exec]   └── underscore@1.8.3 
     [exec] 
     [exec] npm WARN enoent ENOENT: no such file or directory, open '/home/travis/build/icyphy/ptII/org/terraswarm/accessor/accessors/package.json'
     [exec] npm WARN accessors No description
     [exec] npm WARN accessors No repository field.
     [exec] npm WARN accessors No README data
     [exec] npm WARN accessors No license field.

jsdoc-update:
     [exec] /home/travis/build/icyphy/ptII/bin/npm: Running /home/travis/.nvm/versions/node/v7.10.1/bin/npm update @terraswarm/jsdoc
     [exec] /home/travis/build/icyphy/ptII/bin/node: Running /home/travis/.nvm/versions/node/v7.10.1/bin/node /home/travis/.nvm/versions/node/v7.10.1/bin/npm update @terraswarm/jsdoc

-ptdoc-no-node-message:

-ptdoc-no-npm-message:

-check-jsdoc-again:

-jsdoc-command-message:

ptdoc:
     [echo] Invoke /home/travis/build/icyphy/ptII/org/terraswarm/accessor/accessors/web/../node_modules/@terraswarm/jsdoc/jsdoc.js to read *.js files and generate *PtDoc.xml files suitable for Ptolemy.
     [echo]     See https://chess.eecs.berkeley.edu/ptexternal/wiki/Main/JSDocSystems
     [echo]     See jsdoc/jsdoc.json
     [echo]     See jsdoc/plugins/accessorJSDocTags.js
     [echo]     See jsdoc/templates/ptdoc/publish.js
     [echo] 
     [echo]     If the ptdoc target fails, the there is likely a problem with node or npm.  It is possible
     [echo]     to use CapeCode even if the ptdoc target fails.
     [echo]     
     [echo]     If you are building from $PTII, try:
     [echo]         ant build-project build-bin
     [echo] 
     [echo]     
     [exec] /home/travis/build/icyphy/ptII/bin/node: Running /home/travis/.nvm/versions/node/v7.10.1/bin/node /home/travis/build/icyphy/ptII/org/terraswarm/accessor/accessors/web/../node_modules/@terraswarm/jsdoc/jsdoc.js --configure jsdoc/jsdoc.json --recurse --template jsdoc/templates/ptdoc --verbose .
     [exec] Generating output files...
     [exec] Finished running in 13.51 seconds.

build-project:
     [echo] ptII: /home/travis/build/icyphy/ptII/build.xml
    [javac] Compiling 4252 source files to /home/travis/build/icyphy/ptII
    [javac] /home/travis/build/icyphy/ptII/ptolemy/util/StringUtilities.java:48: warning: Unsafe is internal proprietary API and may be removed in a future release
    [javac] import sun.misc.Unsafe;
    [javac]                ^
    [javac] /home/travis/build/icyphy/ptII/ptolemy/util/StringUtilities.java:118: warning: Unsafe is internal proprietary API and may be removed in a future release
    [javac]             Field theUnsafe = Unsafe.class.getDeclaredField("theUnsafe");
    [javac]                               ^
    [javac] /home/travis/build/icyphy/ptII/ptolemy/util/StringUtilities.java:120: warning: Unsafe is internal proprietary API and may be removed in a future release
    [javac]             Unsafe unsafe = (Unsafe) theUnsafe.get(null);
    [javac]             ^
    [javac] /home/travis/build/icyphy/ptII/ptolemy/util/StringUtilities.java:120: warning: Unsafe is internal proprietary API and may be removed in a future release
    [javac]             Unsafe unsafe = (Unsafe) theUnsafe.get(null);
    [javac]                              ^
    [javac] Note: Some input files use or override a deprecated API.
    [javac] Note: Recompile with -Xlint:deprecation for details.
    [javac] Note: Some input files use unchecked or unsafe operations.
    [javac] Note: Recompile with -Xlint:unchecked for details.
    [javac] 4 warnings

-check-ptII-mk-file:

-check-bin-vergil:

-check-make-bin-vergil:

build-bin-not:

build-not-bin-vergil:
     [echo] 
     [echo] 	$PTII/bin/vergil does not exist, perhaps (cd $PTII/bin; make) has not been run?
     [echo] 	This can happen if the make binary cannot be found in the path or if $PTII/mk/ptII.mk
     [echo] 	is not present.
     [echo] 	Skipping running make in $PTII/bin, which creates scripts like $PTII/bin/vergil.
     [echo] 	This is only an issue if you want to invoke "$PTII/bin/vergil" instead of "ant vergil".
     [echo] 	However, $PTII/bin does include other scripts that may be of use.
     [echo]       

build-bin:
     [exec] for file in .momllib-util .nc2moml-util .ncapp2moml-util capecode convertToLazy copernicus decompile emachine giottoc histogram homer jode mescal moml obfuscate ptcg ptcodegen ptexecute ptjacl ptjaclapp ptplot ptstartjini ptolemy ptweb pxgraph soot tinicomm tinic tiniconverter startjini.gui vergil; do \
     [exec] 	echo "$file"; \
     [exec] 	rm -f "$file"; \
     [exec] 	ln -s ptinvoke "$file"; \
     [exec] 	chmod a+x "$file"; \
     [exec] done
     [exec] .momllib-util
     [exec] .nc2moml-util
     [exec] .ncapp2moml-util
     [exec] capecode
     [exec] convertToLazy
     [exec] copernicus
     [exec] decompile
     [exec] emachine
     [exec] giottoc
     [exec] histogram
     [exec] homer
     [exec] jode
     [exec] mescal
     [exec] moml
     [exec] obfuscate
     [exec] ptcg
     [exec] ptcodegen
     [exec] ptexecute
     [exec] ptjacl
     [exec] ptjaclapp
     [exec] ptplot
     [exec] ptstartjini
     [exec] ptolemy
     [exec] ptweb
     [exec] pxgraph
     [exec] soot
     [exec] tinicomm
     [exec] tinic
     [exec] tiniconverter
     [exec] startjini.gui
     [exec] vergil
     [exec] rm -f makebat
     [exec] ln -s ptinvoke makebat
     [exec] rm -f ".momllib-util.bat"
     [exec] ./makebat -q "`basename .momllib-util.bat .bat`"
     [exec] rm -f ".nc2moml-util.bat"
     [exec] ./makebat -q "`basename .nc2moml-util.bat .bat`"
     [exec] rm -f ".ncapp2moml-util.bat"
     [exec] ./makebat -q "`basename .ncapp2moml-util.bat .bat`"
     [exec] rm -f "capecode.bat"
     [exec] ./makebat -q "`basename capecode.bat .bat`"
     [exec] rm -f "convertToLazy.bat"
     [exec] ./makebat -q "`basename convertToLazy.bat .bat`"
     [exec] rm -f "copernicus.bat"
     [exec] ./makebat -q "`basename copernicus.bat .bat`"
     [exec] rm -f "decompile.bat"
     [exec] ./makebat -q "`basename decompile.bat .bat`"
     [exec] rm -f "emachine.bat"
     [exec] ./makebat -q "`basename emachine.bat .bat`"
     [exec] rm -f "giottoc.bat"
     [exec] ./makebat -q "`basename giottoc.bat .bat`"
     [exec] rm -f "histogram.bat"
     [exec] ./makebat -q "`basename histogram.bat .bat`"
     [exec] rm -f "homer.bat"
     [exec] ./makebat -q "`basename homer.bat .bat`"
     [exec] rm -f "jode.bat"
     [exec] ./makebat -q "`basename jode.bat .bat`"
     [exec] rm -f "mescal.bat"
     [exec] ./makebat -q "`basename mescal.bat .bat`"
     [exec] LD_LIBRARY_PATH = /home/travis/build/icyphy/ptII/mescal/lib:/home/travis/build/icyphy/ptII/mescal/bin:/usr/local/lib:/home/travis/pthla/certi-tools/lib:/home/travis/pthla/certi-tools/lib:/usr/lib/jni:/usr/local/share/OpenCV/java/:/usr/share/OpenCV/java:
     [exec] rm -f "moml.bat"
     [exec] ./makebat -q "`basename moml.bat .bat`"
     [exec] rm -f "obfuscate.bat"
     [exec] ./makebat -q "`basename obfuscate.bat .bat`"
     [exec] rm -f "ptcg.bat"
     [exec] ./makebat -q "`basename ptcg.bat .bat`"
     [exec] rm -f "ptcodegen.bat"
     [exec] ./makebat -q "`basename ptcodegen.bat .bat`"
     [exec] rm -f "ptexecute.bat"
     [exec] ./makebat -q "`basename ptexecute.bat .bat`"
     [exec] rm -f "ptjacl.bat"
     [exec] ./makebat -q "`basename ptjacl.bat .bat`"
     [exec] rm -f "ptjaclapp.bat"
     [exec] ./makebat -q "`basename ptjaclapp.bat .bat`"
     [exec] rm -f "ptplot.bat"
     [exec] ./makebat -q "`basename ptplot.bat .bat`"
     [exec] rm -f "ptstartjini.bat"
     [exec] ./makebat -q "`basename ptstartjini.bat .bat`"
     [exec] rm -f "ptolemy.bat"
     [exec] ./makebat -q "`basename ptolemy.bat .bat`"
     [exec] rm -f "ptweb.bat"
     [exec] ./makebat -q "`basename ptweb.bat .bat`"
     [exec] rm -f "pxgraph.bat"
     [exec] ./makebat -q "`basename pxgraph.bat .bat`"
     [exec] rm -f "soot.bat"
     [exec] ./makebat -q "`basename soot.bat .bat`"
     [exec] rm -f "tinicomm.bat"
     [exec] ./makebat -q "`basename tinicomm.bat .bat`"
     [exec] rm -f "tinic.bat"
     [exec] ./makebat -q "`basename tinic.bat .bat`"
     [exec] rm -f "tiniconverter.bat"
     [exec] ./makebat -q "`basename tiniconverter.bat .bat`"
     [exec] rm -f "startjini.gui.bat"
     [exec] ./makebat -q "`basename startjini.gui.bat .bat`"
     [exec] rm -f "vergil.bat"
     [exec] ./makebat -q "`basename vergil.bat .bat`"
     [exec] rm -f makeapp
     [exec] ln -s ptinvoke makeapp
     [exec] chmod a+x ptinvoke makeapp
     [exec] ./makeapp CapeCode.app CAPECODE -capecode
     [exec] ./makeapp: /home/travis/build/icyphy/ptII/vendors/universalJavaApplicationStub/src/universalJavaApplicationStub does not exist, creating it from GitHub.
     [exec] Cloning into 'universalJavaApplicationStub'...
     [exec] Updating universalJavaApplicationStub from /home/travis/build/icyphy/ptII/vendors/universalJavaApplicationStub/src/universalJavaApplicationStub
     [exec] Unrecognized option: -d32
     [exec] Error: Could not create the Java Virtual Machine.
     [exec] Error: A fatal exception has occurred. Program will exit.
     [exec] configure: WARNING: Running java -d32 -version failed,
     [exec]     and ./bin/java does not exist.
     [exec]     Perhaps you need to install a separate 32-bit JVM
     [exec]     or rerun configure with --with-java32?
     [exec]     The 32-bit JVM is only needed for certain 32-bit FMI tests.
     [exec]     In general, under a 64-bit JVM, FMI will work fine without a 32-bit JVM.
     [exec] configure: WARNING: Cannot find '/usr/local/lib/jvm/openjdk11/bin/javaws'.
     [exec]     or '/Commands/javaws', looking in the path.
     [exec]     This is only a problem when testing the Java Webstart (JNLP) files.
     [exec] configure: WARNING: The javaws command "" is not executable or not found.
     [exec]     This is only a problem when testing the Java Webstart (JNLP) files.
     [exec] configure: WARNING: Failed to find /usr/local/include/boost/numeric/odeint.hpp
     [exec]     This is only a problem if you want to rebuild the Functional
     [exec]     Mock-up Interface ++ C files in actor/lib/fmi/fmipp.
     [exec]     Most users can use the shared libraries in /home/travis/build/icyphy/ptII/lib or /home/travis/build/icyphy/ptII/bin.
     [exec] configure: WARNING: Failed to find Checkstyle in /home/travis/build/icyphy/ptII/vendors/checkstyle-6.2
     [exec]     Checkstyle is only necessary for code cleaning.
     [exec]     Checkstyle is LGPL'd, so while it could be in the ptII repo, we don't add it.
     [exec]     Checkstyle may be downloaded from http://checkstyle.sourceforge.net/
     [exec] configure: WARNING: Did not find /home/travis/build/icyphy/ptII/vendors/misc/colt/colt.jar,
     [exec]     using /home/travis/build/icyphy/ptII/lib/ptcolt.jar
     [exec] CORBATest.java:28: error: package org.omg.CORBA does not exist
     [exec] import org.omg.CORBA.Object;
     [exec]                     ^
     [exec] CORBATest.java:46: error: package org.omg.CORBA does not exist
     [exec]     public static org.omg.CORBA.Object corbaObject = null;
     [exec]                                ^
     [exec] 2 errors
     [exec] configure: WARNING: '"/usr/local/lib/jvm/openjdk11/bin/javac" CORBATest.java' failed.
     [exec]     perhaps you are running an JDK 1.9?
     [exec]     You will not be able to run the ptolemy.actor.corba actors,
     [exec]     which is probably not a problem.
     [exec] configure: WARNING: Failed to find Cobertura in /home/travis/build/icyphy/ptII/vendors/corbertura-2.0.3
     [exec]     Cobertura is only necessary to for code coverage.
     [exec]     Cobertura is GPL'd, so we don't check it in to the ptII repository.
     [exec]     Cobertura may be downloaded from http://cobertura.github.io/cobertura/
     [exec] configure: WARNING: Failed to find CUnit in /usr/local or
     [exec]     /home/travis/build/icyphy/ptII/vendors/CUnit.
     [exec]     CUnit is only necessary to test the C templates of the code generation facility
     [exec] configure: WARNING: Could not find tools.jar, checking for classes.jar
     [exec] configure: WARNING: Could not find tools.jar or classes.jar in
     [exec]     PTJAVA_HOME = /usr/local/lib/jvm/openjdk11
     [exec]     Usually, tools.jar is in PTJAVA_HOME/../lib/tools.jar
     [exec]     or classes.jar is in PTJAVA_HOME/../Classes/classes.jar
     [exec]     Since tools.jar and classes.jar cannot be found,
     [exec]     we will not use doclets from ptII/doc/doclets, which
     [exec]     means that the actor documentation index system will not work.
     [exec] configure: WARNING: Failed to find /home/travis/build/icyphy/ptII/vendors/mbed/gcc-arm/bin/arm-none-eabi-gcc
     [exec]     so the Mbed CG facility will not be run.
     [exec] JAITest.java:32: error: package com.sun.image.codec.jpeg does not exist
     [exec] import com.sun.image.codec.jpeg.JPEGCodec;
     [exec]                                ^
     [exec] JAITest.java:28: error: package javax.media.jai does not exist
     [exec] import javax.media.jai.*;
     [exec] ^
     [exec] 2 errors
     [exec] configure: WARNING: JAI not found in the default classpath
     [exec] JAITest.java:32: error: package com.sun.image.codec.jpeg does not exist
     [exec] import com.sun.image.codec.jpeg.JPEGCodec;
     [exec]                                ^
     [exec] 1 error
     [exec] configure: WARNING: JAI not found in /home/travis/build/icyphy/ptII/vendors/jai-1_1_3
     [exec] configure: WARNING: '"/usr/local/lib/jvm/openjdk11/bin/javac" JAITest.java' failed and JAI jars were not found
     [exec]     in /home/travis/build/icyphy/ptII/vendors
     [exec]     perhaps the Java Advanced Imaging API is not installed?
     [exec] 
     [exec]     Note that JAI does not work in Java 9 and later because Java 9 removed
     [exec]     internal classes used by JAI.
     [exec]     See https://wiki.eecs.berkeley.edu/ptexternal/Main/JAI
     [exec] 
     [exec]     You need not download Jai unless you plan on using the video
     [exec]     actors in /home/travis/build/icyphy/ptII/ptolemy/actor/lib/jai
     [exec]     The JAI API can be downloaded from
     [exec]     http://www.oracle.com/technetwork/java/javasebusiness/downloads/java-archive-downloads-java-client-419417.html
     [exec] configure: WARNING: Failed to find /usr/local/jmodelica/include/jmi.h
     [exec]     which is part of JModelica.
     [exec]     Ptolemy optionally includes one or more FMUs that use JModelica.
     [exec]     To install JModelica, see https://svn.jmodelica.org/trunk/INSTALL
     [exec] JavaFXTest.java:28: error: package javafx.embed.swing does not exist
     [exec] import javafx.embed.swing.JFXPanel;
     [exec]                          ^
     [exec] JavaFXTest.java:29: error: package javafx.scene.media does not exist
     [exec] import javafx.scene.media.Media;
     [exec]                          ^
     [exec] JavaFXTest.java:49: error: cannot find symbol
     [exec]     public static JFXPanel fxPanel = null;
     [exec]                   ^
     [exec]   symbol:   class JFXPanel
     [exec]   location: class JavaFXTest
     [exec] 3 errors
     [exec] configure: WARNING: JavaFX not yet found
     [exec] JMFTest.java:28: error: package javax.media does not exist
     [exec] import javax.media.CaptureDeviceInfo;
     [exec]                   ^
     [exec] 1 error
     [exec] configure: WARNING: JMF not found in the default classpath, will check elsewhere next.
     [exec] Exception in thread "main" java.lang.RuntimeException: Could not load opencv_java320.
     [exec]     java.library.path = /home/travis/build/icyphy/ptII/lib:/home/travis/pthla/certi-tools/lib:/home/travis/pthla/certi-tools/lib:/usr/lib/jni:/usr/local/share/OpenCV/java/:/usr/share/OpenCV/java::/usr/java/packages/lib:/usr/lib64:/lib64:/lib:/usr/lib
     [exec] 	at OpenCVTest.main(OpenCVTest.java:79)
     [exec] Caused by: java.lang.UnsatisfiedLinkError: no opencv_java320 in java.library.path: [/home/travis/build/icyphy/ptII/lib, /home/travis/pthla/certi-tools/lib, /home/travis/pthla/certi-tools/lib, /usr/lib/jni, /usr/local/share/OpenCV/java/, /usr/share/OpenCV/java, ., /usr/java/packages/lib, /usr/lib64, /lib64, /lib, /usr/lib]
     [exec] 	at java.base/java.lang.ClassLoader.loadLibrary(ClassLoader.java:2660)
     [exec] 	at java.base/java.lang.Runtime.loadLibrary0(Runtime.java:829)
     [exec] 	at java.base/java.lang.System.loadLibrary(System.java:1867)
     [exec] 	at OpenCVTest.main(OpenCVTest.java:52)
     [exec] configure: WARNING: Failed to run OpenCV test program in /home/travis/build/icyphy/ptII/config with
     [exec]     /usr/local/lib/jvm/openjdk11/bin/java -classpath /home/travis/build/icyphy/ptII/lib/opencv-320.jar:. OpenCVTest
     [exec]     so we will try other jars.
     [exec] Exception in thread "main" java.lang.RuntimeException: Could not load opencv_java341.
     [exec]     java.library.path = /home/travis/build/icyphy/ptII/lib:/home/travis/pthla/certi-tools/lib:/home/travis/pthla/certi-tools/lib:/usr/lib/jni:/usr/local/share/OpenCV/java/:/usr/share/OpenCV/java::/usr/java/packages/lib:/usr/lib64:/lib64:/lib:/usr/lib
     [exec] 	at OpenCVTest.main(OpenCVTest.java:79)
     [exec] Caused by: java.lang.UnsatisfiedLinkError: /usr/lib/jni/libopencv_java341.so: libavcodec.so.57: cannot open shared object file: No such file or directory
     [exec] 	at java.base/java.lang.ClassLoader$NativeLibrary.load0(Native Method)
     [exec] 	at java.base/java.lang.ClassLoader$NativeLibrary.load(ClassLoader.java:2430)
     [exec] 	at java.base/java.lang.ClassLoader$NativeLibrary.loadLibrary(ClassLoader.java:2487)
     [exec] 	at java.base/java.lang.ClassLoader.loadLibrary0(ClassLoader.java:2684)
     [exec] 	at java.base/java.lang.ClassLoader.loadLibrary(ClassLoader.java:2649)
     [exec] 	at java.base/java.lang.Runtime.loadLibrary0(Runtime.java:829)
     [exec] 	at java.base/java.lang.System.loadLibrary(System.java:1867)
     [exec] 	at OpenCVTest.main(OpenCVTest.java:52)
     [exec] Exception in thread "main" java.lang.RuntimeException: Could not load opencv_java341.
     [exec]     java.library.path = /home/travis/build/icyphy/ptII/lib:/home/travis/pthla/certi-tools/lib:/home/travis/pthla/certi-tools/lib:/usr/lib/jni:/usr/local/share/OpenCV/java/:/usr/share/OpenCV/java::/usr/java/packages/lib:/usr/lib64:/lib64:/lib:/usr/lib
     [exec] 	at OpenCVTest.main(OpenCVTest.java:79)
     [exec] Caused by: java.lang.UnsatisfiedLinkError: /usr/lib/jni/libopencv_java341.so: libavcodec.so.57: cannot open shared object file: No such file or directory
     [exec] 	at java.base/java.lang.ClassLoader$NativeLibrary.load0(Native Method)
     [exec] 	at java.base/java.lang.ClassLoader$NativeLibrary.load(ClassLoader.java:2430)
     [exec] 	at java.base/java.lang.ClassLoader$NativeLibrary.loadLibrary(ClassLoader.java:2487)
     [exec] 	at java.base/java.lang.ClassLoader.loadLibrary0(ClassLoader.java:2684)
     [exec] 	at java.base/java.lang.ClassLoader.loadLibrary(ClassLoader.java:2649)
     [exec] 	at java.base/java.lang.Runtime.loadLibrary0(Runtime.java:829)
     [exec] 	at java.base/java.lang.System.loadLibrary(System.java:1867)
     [exec] 	at OpenCVTest.main(OpenCVTest.java:52)
     [exec] Exception in thread "main" java.lang.RuntimeException: Could not load opencv_java341.
     [exec]     java.library.path = /home/travis/build/icyphy/ptII/lib:/home/travis/pthla/certi-tools/lib:/home/travis/pthla/certi-tools/lib:/usr/lib/jni:/usr/local/share/OpenCV/java/:/usr/share/OpenCV/java::/usr/java/packages/lib:/usr/lib64:/lib64:/lib:/usr/lib
     [exec] 	at OpenCVTest.main(OpenCVTest.java:79)
     [exec] Caused by: java.lang.UnsatisfiedLinkError: /usr/lib/jni/libopencv_java341.so: libavcodec.so.57: cannot open shared object file: No such file or directory
     [exec] 	at java.base/java.lang.ClassLoader$NativeLibrary.load0(Native Method)
     [exec] 	at java.base/java.lang.ClassLoader$NativeLibrary.load(ClassLoader.java:2430)
     [exec] 	at java.base/java.lang.ClassLoader$NativeLibrary.loadLibrary(ClassLoader.java:2487)
     [exec] 	at java.base/java.lang.ClassLoader.loadLibrary0(ClassLoader.java:2684)
     [exec] 	at java.base/java.lang.ClassLoader.loadLibrary(ClassLoader.java:2649)
     [exec] 	at java.base/java.lang.Runtime.loadLibrary0(Runtime.java:829)
     [exec] 	at java.base/java.lang.System.loadLibrary(System.java:1867)
     [exec] 	at OpenCVTest.main(OpenCVTest.java:52)
     [exec] configure: WARNING: Checked     /home/travis/build/icyphy/ptII/vendors/opencv/share/OpenCV/java/opencv-341.jar /home/travis/build/icyphy/ptII/lib/opencv-341.jar /usr/share/OpenCV/java/opencv-341.jar,
     [exec]     but the OpenCV test program failed to compile or run.
     [exec] 
     [exec]     Under Linux, try:
     [exec] 
     [exec]     export LD_LIBRARY_PATH=${PTII}/vendors/opencv/lib:${PTII}/vendors/opencv/share/OpenCV/java:${LD_LIBRARY_PATH}
     [exec]     ./configure
     [exec]     
     [exec] configure: WARNING: Either we could not find
     [exec]     org.opencv.core.Core or else it was already in the JRE.
     [exec]     Searching for OpenCV.jar returned:
     [exec]       
     [exec]     If the class cannot be found, then Eclipse might not be able to find
     [exec]     the OpenCV files.
     [exec] 
     [exec]     This is only a problem if you are using Eclipse.
     [exec]     If the class was in the JRE, then Eclipse should compile the OpenCV files
     [exec]     without problems.
     [exec]     For details, see /home/travis/build/icyphy/ptII/org/ptolemy/opencv/package.html
     [exec] configure: WARNING: OpenCV was not found, so org/ptolemy/opencv will not be compiled.
     [exec]    Try running /home/travis/build/icyphy/ptII/org/ptolemy/opencv/travis_build_opencv.sh; ./configure
     [exec]    
     [exec] configure: WARNING: Could not find directory
     [exec]     '/home/travis/build/icyphy/ptII/vendors/sun/javacc-5.0'
     [exec]     so we search for the jjtree command.
     [exec] configure: WARNING: Failed to find jjtree
     [exec] configure: WARNING: Failed to find javacc, perhaps JavaCC is not installed?
     [exec]     You need not download JavaCC unless you plan on modifying .jjt files
     [exec]     in ptolemy/data/expr.
     [exec]     JavaCC is available from
     [exec]     https://javacc.org
     [exec] 
     [exec]     Note that the zip file that gets downloaded is actually an installer
     [exec]     that must be run to install the JavaCC.zip file that contains the classes.
     [exec] 
     [exec]     Note that JavaCC-4.1 and 4.2 will not work, there are problems with
     [exec]     ReInit() being static or not static.
     [exec] 
     [exec]     JavaCC-6.0 seems to not include the jjtree and javacc scripts, so
     [exec]     we recommend JavaCC-5.0.
     [exec] 
     [exec]     Try:
     [exec]     cd /home/travis/build/icyphy/ptII/vendors/sun
     [exec]     wget https://javacc.org/downloads/javacc-5.0.tar.gz
     [exec]     tar -zxf javacc-5.0.tar.gz
     [exec]     cd /home/travis/build/icyphy/ptII
     [exec]     ./configure
     [exec] 
     [exec]     Configure looks for JavaCC in /home/travis/build/icyphy/ptII/vendors/sun/javacc-5.0
     [exec]     so either install JavaCC in that location or use the --with-javacc= flag
     [exec]     and then rerun configure.'
     [exec] ls: cannot access '/home/travis/build/icyphy/ptII/vendors/jogl/lib/natives/linux-amd64/*.jar': No such file or directory
     [exec] configure: WARNING: /usr/local/lib/jvm/openjdk11/../include was not found.  As a result, compilation of JNI actors will fail.
     [exec] configure: WARNING: Failed to find matlab executable in the path.
     [exec]     Perhaps Matlab is not installed?
     [exec]     If Matlab is not present, then the Ptolemy II/Matlab interface in
     [exec]     $PTII/ptolemy/matlab will not be usable.
     [exec] configure: WARNING: Matlab was not found, but compiling the .java files in ptolemy/matlab/ should be ok.
     [exec] configure: WARNING: Failed to find the scalac binary,
     [exec]     so org/ptolemy/scala will be excluded
     [exec] SystemJar.main(): java.io.FileNotFoundException: /usr/local/lib/jvm/openjdk11/lib/rt.jar and /usr/local/lib/jvm/openjdk11/lib/core.jar and /usr/local/lib/jvm/openjdk11/../Classes/classes.jar either do not exist or are not readableSystemJar.main(): java.io.FileNotFoundException: /usr/local/lib/jvm/openjdk11/lib/rt.jar and /usr/local/lib/jvm/openjdk11/lib/core.jar and /usr/local/lib/jvm/openjdk11/../Classes/classes.jar either do not exist or are not readableconfigure: WARNING: ojdbc6.jar not found,
     [exec]     but only necessary to use database actors with Oracle.
     [exec]     If the mysql jar file is present, then the Oracle Java Database Connector is not necessary
     [exec]     To install ojdbc5.jar or ojdbc6.jar,
     [exec]     download it from https://www.oracle.com/technetwork/database/features/jdbc/jdbc-drivers-12c-download-1958347.html
     [exec]     copy it to ptolemy/actor/lib/database
     [exec]     and rerun ./configure
     [exec] configure: WARNING: Failed to find Batik Jar file
     [exec]     You need only have Batik if you are planning on rebuilding diva.jar
     [exec]     for use with Kepler.
     [exec]     Batik can be downloaded from http://xmlgraphics.apache.org/batik/,
     [exec]     batike-1.9/lib/batik-all-1.9.jar copied to /home/travis/build/icyphy/ptII/lib
     [exec]     and ./configure rerun.
     [exec] configure: WARNING: $TOSROOT is not set.  It must be set to use PtinyOS.
     [exec] configure: WARNING: $TOSROOT is set to '',
     [exec]      but there is no directory by that name, so we will not set up for PtinyOS.
     [exec]      For details, see /home/travis/build/icyphy/ptII/ptolemy/domains/ptinyos/README.txt.
     [exec] configure: WARNING: Failed to find giotto/gdk.jar
     [exec]     perhaps Giotto is not installed?
     [exec]     You need not download Giotto unless you plan on generating code for
     [exec]     Giotto models.
     [exec]     The Giotto SDK can be
     [exec]     downloaded from https://embedded.eecs.berkeley.edu/giotto/
     [exec]     Copy gdk.jar to /home/travis/build/icyphy/ptII/vendors/giotto, for example:
     [exec]         mkdir -p /home/travis/build/icyphy/ptII/vendors/giotto
     [exec]         cp C:/Program\ Files/Giotto*/gdk.jar /home/travis/build/icyphy/ptII/vendors/giotto/
     [exec] configure: WARNING: Failed to find boost/numeric/odeint.hpp, so FMI ++
     [exec]     will not be compiled. FMI++ is an extension of the
     [exec]     Functional Mockup Interface, see
     [exec]     http://sourceforge.net/p/fmipp/wiki/Home/
     [exec] ./makeapp: Could not find MacJVMTar in /home/travis/build/icyphy/ptII/vendors/installer/MacJVM.tar.gz, downloading it now: Wed Apr 13 02:18:12 UTC 2022
     [exec] Untaring /home/travis/build/icyphy/ptII/vendors/installer/MacJVM.tar.gz in /home/travis/build/icyphy/ptII/ now: Wed Apr 13 02:18:22 UTC 2022
     [exec] ./makeapp: Installation of /home/travis/build/icyphy/ptII/jdk succeeded.
     [exec] ./makeapp: copying /home/travis/build/icyphy/ptII/vendors/jogl to /home/travis/build/icyphy/ptII/bin
     [exec] touch CapeCode.app
     [exec] ./makeapp Vergil.app FULL -full
     [exec] Updating universalJavaApplicationStub from /home/travis/build/icyphy/ptII/vendors/universalJavaApplicationStub/src/universalJavaApplicationStub
     [exec] Untaring /home/travis/build/icyphy/ptII/vendors/installer/MacJVM.tar.gz in /home/travis/build/icyphy/ptII/ now: Wed Apr 13 02:18:24 UTC 2022
     [exec] ./makeapp: Installation of /home/travis/build/icyphy/ptII/jdk succeeded.
     [exec] touch Vergil.app
     [exec] chmod a+x ant cyphysim hyvisual startjini mkjnlp mkl4j mkosgi mkptdemo mkptlivelinkdemo mkpttest node npm ptjunit ptIITravisBuild.sh reloadAllAccessors updateFmu viptos 

build:

initReports:
    [mkdir] Created dir: /home/travis/build/icyphy/ptII/reports/doccheck
    [mkdir] Created dir: /home/travis/build/icyphy/ptII/reports/ojdcheck

test.export7.xml:
     [echo] 
     [echo]       ==test.export7.xml ==
     [echo]       This target runs the seventh batch of export demo tests
     [echo]       and generates JUnit xml output.
     [echo]       timeout = 4000000 milliseconds
     [echo]     
    [junit] javachdir: directory = ptolemy/vergil/basic/export/test
    [junit] javachdir: pwd: /home/travis/build/icyphy/ptII/ptolemy/vergil/basic/export/test  Invoking with -Djava.net.preferIPv4Stack=true
    [junit] +java --module-path /home/travis/build/icyphy/ptII/vendors/javafx/javafx-sdk-11.0.2/lib: --add-modules javafx.controls,javafx.swing,javafx.media, -Djava.net.preferIPv4Stack=true -Djavafx.verbose=true -Dprism.verbose=true -Dptolemy.ptII.dir=/home/travis/build/icyphy/ptII -Dptolemy.ptII.batchMode=true -Xmx3200m -classpath /home/travis/build/icyphy/ptII:/home/travis/build/icyphy/ptII/lib/asm-all-5.2.jar:/home/travis/build/icyphy/ptII/lib/nashorn-core-15.3.jar:/home/travis/build/icyphy/ptII/lib/bsh-2.0b4.jar:/home/travis/build/icyphy/ptII/lib/ptCal.jar:/home/travis/build/icyphy/ptII/lib/java_cup.jar:/home/travis/build/icyphy/ptII/lib/saxon8.jar:/home/travis/build/icyphy/ptII/lib/saxon8-dom.jar:/home/travis/build/icyphy/ptII/lib/chic.jar:/home/travis/build/icyphy/ptII/lib/ptcolt.jar:/home/travis/build/icyphy/ptII/vendors/misc/itext/iText.jar:/home/travis/build/icyphy/ptII/lib/g4ltl.jar:/home/travis/build/icyphy/ptII/lib/StructuralCoder.jar:/home/travis/build/icyphy/ptII/lib/jcerti.jar:/home/travis/build/icyphy/ptII/lib/javax.mail.jar:/home/travis/build/icyphy/ptII/vendors/JMF-2.1.1e/lib/jmf.jar:/home/travis/build/icyphy/ptII/lib/jna-4.0.0-variadic.jar:/home/travis/build/icyphy/ptII/vendors/misc/joystick/Joystick.jar:/home/travis/build/icyphy/ptII/lib/ptjacl.jar:/home/travis/build/icyphy/ptII/lib/jsoup-1.14.2.jar:/home/travis/build/icyphy/ptII/lib/junit-4.8.2.jar:/home/travis/build/icyphy/ptII/lib/JUnitParams-0.4.0.jar:/home/travis/build/icyphy/ptII/ptolemy/actor/lib/excel/jxl.jar:/home/travis/build/icyphy/ptII/lib/jython.jar:/home/travis/build/icyphy/ptII/lib/kieler.jar:/home/travis/build/icyphy/ptII/lib/oscP5.jar:/home/travis/build/icyphy/ptII/lib/nrjavaserial-3.11.0.devel.jar:/home/travis/build/icyphy/ptII/vendors/j3d/lib/Linux/j3dcore.jar:/home/travis/build/icyphy/ptII/vendors/j3d/lib/Linux/j3dutils.jar:/home/travis/build/icyphy/ptII/vendors/j3d/lib/Linux/vecmath.jar:/home/travis/build/icyphy/ptII/vendors/jogl/lib/Linux/gluegen-rt-natives-linux-amd64.jar:/home/travis/build/icyphy/ptII/vendors/jogl/lib/Linux/gluegen-rt.jar:/home/travis/build/icyphy/ptII/vendors/jogl/lib/Linux/jogl-all-natives-linux-amd64.jar:/home/travis/build/icyphy/ptII/vendors/jogl/lib/Linux/jogl-all.jar:/home/travis/build/icyphy/ptII/ptolemy/distributed/jini/jar/jini-core.jar:/home/travis/build/icyphy/ptII/ptolemy/distributed/jini/jar/jini-ext.jar:/home/travis/build/icyphy/ptII/ptolemy/distributed/jini/jar/sun-util.jar:/home/travis/build/icyphy/ptII/lib/protobuf-java-2.4.1.jar:/home/travis/build/icyphy/ptII/lib/org.eclipse.paho.client.mqttv3.jar:/home/travis/build/icyphy/ptII/lib/mapss.jar:/home/travis/build/icyphy/ptII/ptolemy/actor/ptalon/antlr/antlr.jar:/home/travis/build/icyphy/ptII/lib/JRI.jar:/home/travis/build/icyphy/ptII/lib/commons-lang-2.6.jar:/home/travis/build/icyphy/ptII/lib/commons-logging-1.1.1.jar:/home/travis/build/icyphy/ptII/lib/sootclasses.jar:/home/travis/build/icyphy/ptII/ptolemy/actor/lib/database/mysql-connector-java-8.0.26.jar:/home/travis/build/icyphy/ptII/vendors/misc/sphinx4/sphinx4-data-5prealpha.jar:/home/travis/build/icyphy/ptII/vendors/misc/sphinx4/sphinx4-core-5prealpha.jar:/home/travis/build/icyphy/ptII/lib/PDFRenderer.jar:/home/travis/build/icyphy/ptII/lib/svgSalamander.jar:/home/travis/build/icyphy/ptII/lib/rsyntaxtextarea-2.6.0-SNAPSHOT.jar:/home/travis/build/icyphy/ptII/lib/hazelcast-3.8.2.jar:/home/travis/build/icyphy/ptII/lib/jackson-annotations-2.9.0.jar:/home/travis/build/icyphy/ptII/lib/jackson-core-2.9.3.jar:/home/travis/build/icyphy/ptII/lib/jackson-databind-2.9.3.jar:/home/travis/build/icyphy/ptII/lib/netty-buffer-4.1.19.Final.jar:/home/travis/build/icyphy/ptII/lib/netty-codec-4.1.19.Final.jar:/home/travis/build/icyphy/ptII/lib/netty-codec-dns-4.1.19.Final.jar:/home/travis/build/icyphy/ptII/lib/netty-codec-http-4.1.19.Final.jar:/home/travis/build/icyphy/ptII/lib/netty-codec-http2-4.1.19.Final.jar:/home/travis/build/icyphy/ptII/lib/netty-common-4.1.19.Final.jar:/home/travis/build/icyphy/ptII/lib/netty-handler-4.1.19.Final.jar:/home/travis/build/icyphy/ptII/lib/netty-resolver-4.1.19.Final.jar:/home/travis/build/icyphy/ptII/lib/netty-resolver-dns-4.1.19.Final.jar:/home/travis/build/icyphy/ptII/lib/netty-transport-4.1.19.Final.jar:/home/travis/build/icyphy/ptII/lib/vertx-codegen-3.5.1.jar:/home/travis/build/icyphy/ptII/lib/vertx-core-3.5.2-SNAPSHOT.jar:/home/travis/build/icyphy/ptII/lib/vertx-hazelcast-3.5.1.jar:/home/travis/build/icyphy/ptII/lib/vertx-lang-js-3.5.1.jar:/home/travis/build/icyphy/ptII/lib/vertx-service-proxy-3.5.1.jar:/home/travis/build/icyphy/ptII/lib/vertx-web-3.5.1.jar:/home/travis/build/icyphy/ptII/lib/slf4j-api-1.7.13.jar:/home/travis/build/icyphy/ptII/lib/slf4j-simple-1.7.13.jar:/home/travis/build/icyphy/ptII/lib/webcam-capture-0.3.12.jar:/home/travis/build/icyphy/ptII/lib/bridj-0.7.0.jar:/home/travis/build/icyphy/ptII/lib/xbjlib-1.1.0.nrjavaserial.jar:/home/travis/build/icyphy/ptII/ptolemy/moml/test:/home/travis/build/icyphy/ptII/ant/lib/ant-launcher.jar:/home/travis/build/icyphy/ptII/ant/lib/ant.jar:/home/travis/build/icyphy/ptII/ant/lib/ant-junit.jar:/home/travis/build/icyphy/ptII/ant/lib/ant-junit4.jar org.apache.tools.ant.taskdefs.optional.junit.JUnitTestRunner ptolemy.vergil.basic.export.test.junit.ExportModelJUnitTestBatch7 skipNonTests=false filtertrace=true haltOnError=false haltOnFailure=false formatter=org.apache.tools.ant.taskdefs.optional.junit.OutErrSummaryJUnitResultFormatter showoutput=true outputtoformatters=true logfailedtests=true threadid=0 logtestlistenerevents=false formatter=org.apache.tools.ant.taskdefs.optional.junit.XMLJUnitResultFormatter,/home/travis/build/icyphy/ptII/reports/junit/TEST-ptolemy.vergil.basic.export.test.junit.ExportModelJUnitTestBatch7.xml crashfile=/home/travis/build/icyphy/ptII/junitvmwatcher8076460946624242929.properties propsfile=/home/travis/build/icyphy/ptII/junit7320635644831763355.properties
    [junit] ExportModeJUnitTestBatch: There are 744 demos. Exporting demos: 691 to 830.
    [junit] ExportModeJUnitTestBatch: There are 744 demos, which is less than the end index 691. Setting the end index to 743
    [junit] Running ptolemy.vergil.basic.export.test.junit.ExportModelJUnitTestBatch7
    [junit] ####### 1 Wed Apr 13 02:18:27 UTC 2022 $PTII/bin/ptinvoke ptolemy.vergil.basic.export.ExportModel -force htm -run -openComposites -timeOut 30000 -whiteBackground ptolemy/domains/sr/demo/TokenRing/TokenRing.xml $PTII/ptolemy/domains/sr/demo/TokenRing/TokenRing
    [junit] Running .TokenRing
    [junit] 124 ms. Memory: 168960K Free: 141796K (84%)
    [junit] Exported /home/travis/build/icyphy/ptII/ptolemy/domains/sr/demo/TokenRing/TokenRing/index.html
    [junit] 7565 ms. Memory: 203776K Free: 133085K (65%)
    [junit] ####### 2 Wed Apr 13 02:18:35 UTC 2022 $PTII/bin/ptinvoke ptolemy.vergil.basic.export.ExportModel -force htm -run -openComposites -timeOut 30000 -whiteBackground ptolemy/domains/sr/demo/TrafficLight/TrafficLight.xml $PTII/ptolemy/domains/sr/demo/TrafficLight/TrafficLight
    [junit] Running .TrafficLight
    [junit] ExportHTMLTimer went off after 30000 ms., calling getDirector().finish and getDirector().stopFire()
    [junit] 30010 ms. Memory: 203776K Free: 136216K (67%)
    [junit] Exported /home/travis/build/icyphy/ptII/ptolemy/domains/sr/demo/TrafficLight/TrafficLight/index.html
    [junit] 35902 ms. Memory: 203776K Free: 78803K (39%)
    [junit] ####### 3 Wed Apr 13 02:19:11 UTC 2022 $PTII/bin/ptinvoke ptolemy.vergil.basic.export.ExportModel -force htm -run -openComposites -timeOut 30000 -whiteBackground ptolemy/domains/sr/demo/TrafficLight/WirelessDeployment.xml $PTII/ptolemy/domains/sr/demo/TrafficLight/WirelessDeployment
    [junit] Running .WirelessDeployment
    [junit] ExportHTMLTimer went off after 30000 ms., calling getDirector().finish and getDirector().stopFire()
    [junit] 29999 ms. Memory: 203776K Free: 128397K (63%)
    [junit] Exported /home/travis/build/icyphy/ptII/ptolemy/domains/sr/demo/TrafficLight/WirelessDeployment/index.html
    [junit] 36344 ms. Memory: 203776K Free: 23963K (12%)
    [junit] ####### 4 Wed Apr 13 02:19:47 UTC 2022 $PTII/bin/ptinvoke ptolemy.vergil.basic.export.ExportModel -force htm -run -openComposites -timeOut 30000 -whiteBackground ptolemy/domains/taskpt/demo/SharedMemory/SharedMemory.xml $PTII/ptolemy/domains/taskpt/demo/SharedMemory/SharedMemory
    [junit] Running .SharedMemory
    [junit] 35 ms. Memory: 203776K Free: 61326K (30%)
    [junit] Exported /home/travis/build/icyphy/ptII/ptolemy/domains/taskpt/demo/SharedMemory/SharedMemory/index.html
    [junit] 4293 ms. Memory: 203776K Free: 95154K (47%)
    [junit] ####### 5 Wed Apr 13 02:19:52 UTC 2022 $PTII/bin/ptinvoke ptolemy.vergil.basic.export.ExportModel -force htm -run -openComposites -timeOut 30000 -whiteBackground ptolemy/domains/taskpt/demo/Task/Task.xml $PTII/ptolemy/domains/taskpt/demo/Task/Task
    [junit] Running .Task
    [junit] 43 ms. Memory: 203776K Free: 124377K (61%)
    [junit] Exported /home/travis/build/icyphy/ptII/ptolemy/domains/taskpt/demo/Task/Task/index.html
    [junit] 4315 ms. Memory: 203776K Free: 44481K (22%)
    [junit] ####### 6 Wed Apr 13 02:19:56 UTC 2022 $PTII/bin/ptinvoke ptolemy.vergil.basic.export.ExportModel -force htm -run -openComposites -timeOut 30000 -whiteBackground ptolemy/domains/tcs/demo/TCS/TCS.xml $PTII/ptolemy/domains/tcs/demo/TCS/TCS
    [junit] Running .TCS
    [junit] ExportHTMLTimer went off after 30000 ms., calling getDirector().finish and getDirector().stopFire()
    [junit] 30000 ms. Memory: 244736K Free: 80116K (33%)
    [junit] Exported /home/travis/build/icyphy/ptII/ptolemy/domains/tcs/demo/TCS/TCS/index.html
    [junit] 35399 ms. Memory: 244736K Free: 114892K (47%)
    [junit] ####### 7 Wed Apr 13 02:20:31 UTC 2022 $PTII/bin/ptinvoke ptolemy.vergil.basic.export.ExportModel -force htm -run -openComposites -timeOut 30000 -whiteBackground ptolemy/domains/tm/demo/Controllers/Controllers.xml $PTII/ptolemy/domains/tm/demo/Controllers/Controllers
    [junit] Running .Controllers
    [junit] 1477 ms. Memory: 244736K Free: 48342K (20%)
    [junit] Exported /home/travis/build/icyphy/ptII/ptolemy/domains/tm/demo/Controllers/Controllers/index.html
    [junit] 6157 ms. Memory: 244736K Free: 107819K (44%)
    [junit] ####### 8 Wed Apr 13 02:20:38 UTC 2022 $PTII/bin/ptinvoke ptolemy.vergil.basic.export.ExportModel -force htm -run -openComposites -timeOut 30000 -whiteBackground ptolemy/domains/tm/demo/FFT/FFT.xml $PTII/ptolemy/domains/tm/demo/FFT/FFT
    [junit] Running .FFT
    [junit] 10065 ms. Memory: 244736K Free: 105967K (43%)
    [junit] Exported /home/travis/build/icyphy/ptII/ptolemy/domains/tm/demo/FFT/FFT/index.html
    [junit] 14414 ms. Memory: 244736K Free: 49925K (20%)
    [junit] ####### 9 Wed Apr 13 02:20:52 UTC 2022 $PTII/bin/ptinvoke ptolemy.vergil.basic.export.ExportModel -force htm -run -openComposites -timeOut 30000 -whiteBackground ptolemy/domains/tm/demo/MergedEvents/MergedEvents.xml $PTII/ptolemy/domains/tm/demo/MergedEvents/MergedEvents
    [junit] Running .MergedEvents
    [junit] ExportHTMLTimer went off after 30000 ms., calling getDirector().finish and getDirector().stopFire()
    [junit] 30037 ms. Memory: 244736K Free: 96753K (40%)
    [junit] Exported /home/travis/build/icyphy/ptII/ptolemy/domains/tm/demo/MergedEvents/MergedEvents/index.html
    [junit] 34366 ms. Memory: 244736K Free: 80777K (33%)
    [junit] ####### 10 Wed Apr 13 02:21:26 UTC 2022 $PTII/bin/ptinvoke ptolemy.vergil.basic.export.ExportModel -force htm -run -openComposites -timeOut 30000 -whiteBackground ptolemy/domains/tm/demo/SimpleTasks/SimpleTasks.xml $PTII/ptolemy/domains/tm/demo/SimpleTasks/SimpleTasks
    [junit] Running .SimpleTasks
    [junit] 10 ms. Memory: 244736K Free: 136754K (56%)
    [junit] Exported /home/travis/build/icyphy/ptII/ptolemy/domains/tm/demo/SimpleTasks/SimpleTasks/index.html
    [junit] 4214 ms. Memory: 244736K Free: 72746K (30%)
    [junit] ####### 11 Wed Apr 13 02:21:31 UTC 2022 $PTII/bin/ptinvoke ptolemy.vergil.basic.export.ExportModel -force htm -run -openComposites -timeOut 30000 -whiteBackground ptolemy/domains/wireless/demo/AntennaPattern/AntennaGainTest.xml $PTII/ptolemy/domains/wireless/demo/AntennaPattern/AntennaGainTest
    [junit] Running .AntennaGainTest
    [junit] 308 ms. Memory: 244736K Free: 83252K (34%)
    [junit] Exported /home/travis/build/icyphy/ptII/ptolemy/domains/wireless/demo/AntennaPattern/AntennaGainTest/index.html
    [junit] 4944 ms. Memory: 244736K Free: 128986K (53%)
    [junit] ####### 12 Wed Apr 13 02:21:35 UTC 2022 $PTII/bin/ptinvoke ptolemy.vergil.basic.export.ExportModel -force htm  -openComposites -timeOut 30000 -whiteBackground ptolemy/domains/wireless/demo/AntennaPattern/AntennaModel.xml $PTII/ptolemy/domains/wireless/demo/AntennaPattern/AntennaModel
    [junit] Warning: not running ptolemy/domains/wireless/demo/AntennaPattern/AntennaModel.xml. See ptolemy/vergil/basic/export/test/junit/ExportModelJUnitTest.java
    [junit] Exported /home/travis/build/icyphy/ptII/ptolemy/domains/wireless/demo/AntennaPattern/AntennaModel/index.html
    [junit] 3366 ms. Memory: 244736K Free: 85706K (35%)
    [junit] ####### 13 Wed Apr 13 02:21:39 UTC 2022 $PTII/bin/ptinvoke ptolemy.vergil.basic.export.ExportModel -force htm  -openComposites -timeOut 30000 -whiteBackground ptolemy/domains/wireless/demo/AntennaPattern/AntennaPattern.xml $PTII/ptolemy/domains/wireless/demo/AntennaPattern/AntennaPattern
    [junit] Warning: not running ptolemy/domains/wireless/demo/AntennaPattern/AntennaPattern.xml. See ptolemy/vergil/basic/export/test/junit/ExportModelJUnitTest.java
    [junit] Exported /home/travis/build/icyphy/ptII/ptolemy/domains/wireless/demo/AntennaPattern/AntennaPattern/index.html
    [junit] 3229 ms. Memory: 244736K Free: 88694K (36%)
    [junit] ####### 14 Wed Apr 13 02:21:42 UTC 2022 $PTII/bin/ptinvoke ptolemy.vergil.basic.export.ExportModel -force htm  -openComposites -timeOut 30000 -whiteBackground ptolemy/domains/wireless/demo/AntennaPattern/ReceiveAntennaPattern.xml $PTII/ptolemy/domains/wireless/demo/AntennaPattern/ReceiveAntennaPattern
    [junit] Warning: not running ptolemy/domains/wireless/demo/AntennaPattern/ReceiveAntennaPattern.xml. See ptolemy/vergil/basic/export/test/junit/ExportModelJUnitTest.java
    [junit] Exported /home/travis/build/icyphy/ptII/ptolemy/domains/wireless/demo/AntennaPattern/ReceiveAntennaPattern/index.html
    [junit] 3780 ms. Memory: 244736K Free: 131214K (54%)
    [junit] ####### 15 Wed Apr 13 02:21:46 UTC 2022 $PTII/bin/ptinvoke ptolemy.vergil.basic.export.ExportModel -force htm  -openComposites -timeOut 30000 -whiteBackground ptolemy/domains/wireless/demo/AntennaPattern/TransmitAntennaPattern.xml $PTII/ptolemy/domains/wireless/demo/AntennaPattern/TransmitAntennaPattern
    [junit] Warning: not running ptolemy/domains/wireless/demo/AntennaPattern/TransmitAntennaPattern.xml. See ptolemy/vergil/basic/export/test/junit/ExportModelJUnitTest.java
    [junit] Exported /home/travis/build/icyphy/ptII/ptolemy/domains/wireless/demo/AntennaPattern/TransmitAntennaPattern/index.html
    [junit] 3649 ms. Memory: 244736K Free: 29968K (12%)
    [junit] ####### 16 Wed Apr 13 02:21:50 UTC 2022 $PTII/bin/ptinvoke ptolemy.vergil.basic.export.ExportModel -force htm -run -openComposites -timeOut 30000 -whiteBackground ptolemy/domains/wireless/demo/CircularRange/CircularRange.xml $PTII/ptolemy/domains/wireless/demo/CircularRange/CircularRange
    [junit] Running .CircularRange
    [junit] ExportHTMLTimer went off after 30000 ms., calling getDirector().finish and getDirector().stopFire()
    [junit] 30001 ms. Memory: 244736K Free: 36017K (15%)
    [junit] Exported /home/travis/build/icyphy/ptII/ptolemy/domains/wireless/demo/CircularRange/CircularRange/index.html
    [junit] 34389 ms. Memory: 244736K Free: 40108K (16%)
    [junit] ####### 17 Wed Apr 13 02:22:24 UTC 2022 $PTII/bin/ptinvoke ptolemy.vergil.basic.export.ExportModel -force htm -run -openComposites -timeOut 30000 -whiteBackground ptolemy/domains/wireless/demo/Collisions/Collisions.xml $PTII/ptolemy/domains/wireless/demo/Collisions/Collisions
    [junit] Running .Collisions
    [junit] 20030 ms. Memory: 244736K Free: 92798K (38%)
    [junit] Exported /home/travis/build/icyphy/ptII/ptolemy/domains/wireless/demo/Collisions/Collisions/index.html
    [junit] 24677 ms. Memory: 244736K Free: 91616K (37%)
    [junit] ####### 18 Wed Apr 13 02:22:49 UTC 2022 $PTII/bin/ptinvoke ptolemy.vergil.basic.export.ExportModel -force htm -run -openComposites -timeOut 30000 -whiteBackground ptolemy/domains/wireless/demo/Collisions/CollisionsDeterministic.xml $PTII/ptolemy/domains/wireless/demo/Collisions/CollisionsDeterministic
    [junit] Running .CollisionsDeterministic
    [junit] 50 ms. Memory: 244736K Free: 101868K (42%)
    [junit] Exported /home/travis/build/icyphy/ptII/ptolemy/domains/wireless/demo/Collisions/CollisionsDeterministic/index.html
    [junit] 4586 ms. Memory: 244736K Free: 118942K (49%)
    [junit] ####### 19 Wed Apr 13 02:22:53 UTC 2022 $PTII/bin/ptinvoke ptolemy.vergil.basic.export.ExportModel -force htm -run -openComposites -timeOut 30000 -whiteBackground ptolemy/domains/wireless/demo/EvaderAndPursuer/EvaderAndPursuer.xml $PTII/ptolemy/domains/wireless/demo/EvaderAndPursuer/EvaderAndPursuer
    [junit] Running .EvaderAndPursuer
    [junit] ExportHTMLTimer went off after 30000 ms., calling getDirector().finish and getDirector().stopFire()
    [junit] 30000 ms. Memory: 293888K Free: 132630K (45%)
    [junit] Exported /home/travis/build/icyphy/ptII/ptolemy/domains/wireless/demo/EvaderAndPursuer/EvaderAndPursuer/index.html
    [junit] 34817 ms. Memory: 293888K Free: 103165K (35%)
    [junit] ####### 20 Wed Apr 13 02:23:28 UTC 2022 $PTII/bin/ptinvoke ptolemy.vergil.basic.export.ExportModel -force htm -run -openComposites -timeOut 30000 -whiteBackground ptolemy/domains/wireless/demo/Intersections/Intersections.xml $PTII/ptolemy/domains/wireless/demo/Intersections/Intersections
    [junit] Running .Intersections
    [junit] ExportHTMLTimer went off after 30000 ms., calling getDirector().finish and getDirector().stopFire()
    [junit] 30002 ms. Memory: 1197056K Free: 820400K (69%)
    [junit] Exported /home/travis/build/icyphy/ptII/ptolemy/domains/wireless/demo/Intersections/Intersections/index.html
    [junit] 71413 ms. Memory: 1197056K Free: 333835K (28%)
    [junit] ####### 21 Wed Apr 13 02:24:39 UTC 2022 $PTII/bin/ptinvoke ptolemy.vergil.basic.export.ExportModel -force htm -run -openComposites -timeOut 30000 -whiteBackground ptolemy/domains/wireless/demo/LinkVisualizer/LinkVisualizer.xml $PTII/ptolemy/domains/wireless/demo/LinkVisualizer/LinkVisualizer
    [junit] Running .LinkVisualizer
    [junit] ExportHTMLTimer went off after 30000 ms., calling getDirector().finish and getDirector().stopFire()
    [junit] ExportHTMLTimer went off after 60000 ms., calling manager.stop().
2022-04-13 02:58:04
Full thread dump OpenJDK 64-Bit Server VM (11.0.2+9 mixed mode):

Threads class SMR info:
_java_thread_list=0x00007f8ff0372ee0, length=13, elements={
0x00007f8ff0011000, 0x00007f8ff0149000, 0x00007f8ff014d000, 0x00007f8ff015f800,
0x00007f8ff0162000, 0x00007f8ff0164000, 0x00007f8ff0166000, 0x00007f8ff01e3800,
0x00007f8ff01f7000, 0x00007f8ff0494800, 0x00007f8ff0372000, 0x00007f8ff089a000,
0x00007f8ff036d800
}

"main" #1 prio=5 os_prio=0 cpu=2464.35ms elapsed=2473.99s tid=0x00007f8ff0011000 nid=0x435e in Object.wait()  [0x00007f8ff7c10000]
   java.lang.Thread.State: WAITING (on object monitor)
	at java.lang.Object.wait(java.base@11.0.2/Native Method)
	- waiting on <no object reference available>
	at java.lang.Object.wait(java.base@11.0.2/Object.java:328)
	at java.lang.ProcessImpl.waitFor(java.base@11.0.2/ProcessImpl.java:495)
	- waiting to re-lock in wait() <0x00000000857928b8> (a java.lang.ProcessImpl)
	at org.apache.tools.ant.taskdefs.Execute.waitFor(Execute.java:532)
	at org.apache.tools.ant.taskdefs.Execute.execute(Execute.java:461)
	at org.apache.tools.ant.taskdefs.optional.junit.JUnitTask.executeAsForked(JUnitTask.java:1284)
	at org.apache.tools.ant.taskdefs.optional.junit.JUnitTask.execute(JUnitTask.java:1050)
	at org.apache.tools.ant.taskdefs.optional.junit.JUnitTask.executeOrQueue(JUnitTask.java:2207)
	at org.apache.tools.ant.taskdefs.optional.junit.JUnitTask.execute(JUnitTask.java:858)
	at org.apache.tools.ant.UnknownElement.execute(UnknownElement.java:293)
	at jdk.internal.reflect.GeneratedMethodAccessor4.invoke(Unknown Source)
	at jdk.internal.reflect.DelegatingMethodAccessorImpl.invoke(java.base@11.0.2/DelegatingMethodAccessorImpl.java:43)
	at java.lang.reflect.Method.invoke(java.base@11.0.2/Method.java:566)
	at org.apache.tools.ant.dispatch.DispatchUtils.execute(DispatchUtils.java:106)
	at org.apache.tools.ant.Task.perform(Task.java:348)
	at org.apache.tools.ant.Target.execute(Target.java:435)
	at org.apache.tools.ant.Target.performTasks(Target.java:456)
	at org.apache.tools.ant.Project.executeSortedTargets(Project.java:1405)
	at org.apache.tools.ant.Project.executeTarget(Project.java:1376)
	at org.apache.tools.ant.helper.DefaultExecutor.executeTargets(DefaultExecutor.java:41)
	at org.apache.tools.ant.Project.executeTargets(Project.java:1260)
	at org.apache.tools.ant.Main.runBuild(Main.java:857)
	at org.apache.tools.ant.Main.startAnt(Main.java:236)
	at org.apache.tools.ant.launch.Launcher.run(Launcher.java:287)
	at org.apache.tools.ant.launch.Launcher.main(Launcher.java:113)

"Reference Handler" #2 daemon prio=10 os_prio=0 cpu=4.25ms elapsed=2473.97s tid=0x00007f8ff0149000 nid=0x4365 waiting on condition  [0x00007f8fccef9000]
   java.lang.Thread.State: RUNNABLE
	at java.lang.ref.Reference.waitForReferencePendingList(java.base@11.0.2/Native Method)
	at java.lang.ref.Reference.processPendingReferences(java.base@11.0.2/Reference.java:241)
	at java.lang.ref.Reference$ReferenceHandler.run(java.base@11.0.2/Reference.java:213)

"Finalizer" #3 daemon prio=8 os_prio=0 cpu=0.89ms elapsed=2473.97s tid=0x00007f8ff014d000 nid=0x4366 in Object.wait()  [0x00007f8fccdf8000]
   java.lang.Thread.State: WAITING (on object monitor)
	at java.lang.Object.wait(java.base@11.0.2/Native Method)
	- waiting on <no object reference available>
	at java.lang.ref.ReferenceQueue.remove(java.base@11.0.2/ReferenceQueue.java:155)
	- waiting to re-lock in wait() <0x0000000080148e10> (a java.lang.ref.ReferenceQueue$Lock)
	at java.lang.ref.ReferenceQueue.remove(java.base@11.0.2/ReferenceQueue.java:176)
	at java.lang.ref.Finalizer$FinalizerThread.run(java.base@11.0.2/Finalizer.java:170)

"Signal Dispatcher" #4 daemon prio=9 os_prio=0 cpu=0.13ms elapsed=2473.97s tid=0x00007f8ff015f800 nid=0x4367 waiting on condition  [0x0000000000000000]
   java.lang.Thread.State: RUNNABLE

"C2 CompilerThread0" #5 daemon prio=9 os_prio=0 cpu=2496.08ms elapsed=2473.97s tid=0x00007f8ff0162000 nid=0x4368 waiting on condition  [0x0000000000000000]
   java.lang.Thread.State: RUNNABLE
   No compile task

"C1 CompilerThread0" #6 daemon prio=9 os_prio=0 cpu=928.70ms elapsed=2473.97s tid=0x00007f8ff0164000 nid=0x4369 waiting on condition  [0x0000000000000000]
   java.lang.Thread.State: RUNNABLE
   No compile task

"Sweeper thread" #7 daemon prio=9 os_prio=0 cpu=16.27ms elapsed=2473.96s tid=0x00007f8ff0166000 nid=0x436a runnable  [0x0000000000000000]
   java.lang.Thread.State: RUNNABLE

"Service Thread" #8 daemon prio=9 os_prio=0 cpu=0.05ms elapsed=2473.94s tid=0x00007f8ff01e3800 nid=0x436b runnable  [0x0000000000000000]
   java.lang.Thread.State: RUNNABLE

"Common-Cleaner" #9 daemon prio=8 os_prio=0 cpu=2.83ms elapsed=2473.93s tid=0x00007f8ff01f7000 nid=0x436d in Object.wait()  [0x00007f8faf9f8000]
   java.lang.Thread.State: TIMED_WAITING (on object monitor)
	at java.lang.Object.wait(java.base@11.0.2/Native Method)
	- waiting on <no object reference available>
	at java.lang.ref.ReferenceQueue.remove(java.base@11.0.2/ReferenceQueue.java:155)
	- waiting to re-lock in wait() <0x00000000801a97b8> (a java.lang.ref.ReferenceQueue$Lock)
	at jdk.internal.ref.CleanerImpl.run(java.base@11.0.2/CleanerImpl.java:148)
	at java.lang.Thread.run(java.base@11.0.2/Thread.java:834)
	at jdk.internal.misc.InnocuousThread.run(java.base@11.0.2/InnocuousThread.java:134)

"process reaper" #10 daemon prio=10 os_prio=0 cpu=4.89ms elapsed=2473.28s tid=0x00007f8ff0494800 nid=0x4371 runnable  [0x00007f8fd8052000]
   java.lang.Thread.State: RUNNABLE
	at java.lang.ProcessHandleImpl.waitForProcessExit0(java.base@11.0.2/Native Method)
	at java.lang.ProcessHandleImpl$1.run(java.base@11.0.2/ProcessHandleImpl.java:138)
	at java.util.concurrent.ThreadPoolExecutor.runWorker(java.base@11.0.2/ThreadPoolExecutor.java:1128)
	at java.util.concurrent.ThreadPoolExecutor$Worker.run(java.base@11.0.2/ThreadPoolExecutor.java:628)
	at java.lang.Thread.run(java.base@11.0.2/Thread.java:834)

"Thread-28" #67 daemon prio=5 os_prio=0 cpu=819.51ms elapsed=2376.98s tid=0x00007f8ff0372000 nid=0x4e55 in Object.wait()  [0x00007f8faecca000]
   java.lang.Thread.State: TIMED_WAITING (on object monitor)
	at java.lang.Object.wait(java.base@11.0.2/Native Method)
	- waiting on <no object reference available>
	at org.apache.tools.ant.taskdefs.StreamPumper.waitForInput(StreamPumper.java:246)
	- waiting to re-lock in wait() <0x0000000085798c98> (a org.apache.tools.ant.taskdefs.StreamPumper)
	at org.apache.tools.ant.taskdefs.StreamPumper.run(StreamPumper.java:126)
	at java.lang.Thread.run(java.base@11.0.2/Thread.java:834)

"Thread-29" #68 daemon prio=5 os_prio=0 cpu=837.44ms elapsed=2376.97s tid=0x00007f8ff089a000 nid=0x4e5f in Object.wait()  [0x00007f8faedcb000]
   java.lang.Thread.State: TIMED_WAITING (on object monitor)
	at java.lang.Object.wait(java.base@11.0.2/Native Method)
	- waiting on <no object reference available>
	at org.apache.tools.ant.taskdefs.StreamPumper.waitForInput(StreamPumper.java:246)
	- waiting to re-lock in wait() <0x0000000085798fd0> (a org.apache.tools.ant.taskdefs.StreamPumper)
	at org.apache.tools.ant.taskdefs.StreamPumper.run(StreamPumper.java:126)
	at java.lang.Thread.run(java.base@11.0.2/Thread.java:834)

"WATCHDOG" #70 daemon prio=5 os_prio=0 cpu=0.10ms elapsed=2376.97s tid=0x00007f8ff036d800 nid=0x4e62 in Object.wait()  [0x00007f8faeecc000]
   java.lang.Thread.State: TIMED_WAITING (on object monitor)
	at java.lang.Object.wait(java.base@11.0.2/Native Method)
	- waiting on <no object reference available>
	at org.apache.tools.ant.util.Watchdog.run(Watchdog.java:117)
	- waiting to re-lock in wait() <0x00000000860d29b0> (a org.apache.tools.ant.util.Watchdog)
	at java.lang.Thread.run(java.base@11.0.2/Thread.java:834)

"VM Thread" os_prio=0 cpu=60.88ms elapsed=2473.98s tid=0x00007f8ff0141000 nid=0x4364 runnable  

"GC Thread#0" os_prio=0 cpu=74.32ms elapsed=2473.99s tid=0x00007f8ff0038800 nid=0x435f runnable  

"GC Thread#1" os_prio=0 cpu=72.48ms elapsed=2473.62s tid=0x00007f8fbc001000 nid=0x436e runnable  

"G1 Main Marker" os_prio=0 cpu=0.25ms elapsed=2473.99s tid=0x00007f8ff006b000 nid=0x4360 runnable  

"G1 Conc#0" os_prio=0 cpu=0.04ms elapsed=2473.99s tid=0x00007f8ff006d000 nid=0x4361 runnable  

"G1 Refine#0" os_prio=0 cpu=2.42ms elapsed=2473.99s tid=0x00007f8ff00df000 nid=0x4362 runnable  

"G1 Refine#1" os_prio=0 cpu=0.05ms elapsed=2473.61s tid=0x00007f8fc4001000 nid=0x436f runnable  

"G1 Young RemSet Sampling" os_prio=0 cpu=441.21ms elapsed=2473.99s tid=0x00007f8ff00e0800 nid=0x4363 runnable  
"VM Periodic Task Thread" os_prio=0 cpu=833.37ms elapsed=2473.93s tid=0x00007f8ff01e6000 nid=0x436c waiting on condition  

JNI global refs: 16, weak refs: 0

Heap
 garbage-first heap   total 155648K, used 86075K [0x0000000080000000, 0x0000000100000000)
  region size 1024K, 71 young (72704K), 3 survivors (3072K)
 Metaspace       used 20202K, capacity 20537K, committed 20864K, reserved 1069056K
  class space    used 1981K, capacity 2101K, committed 2176K, reserved 1048576K

    [junit] 2022-04-13 02:58:04
    [junit] Full thread dump OpenJDK 64-Bit Server VM (11.0.2+9 mixed mode):
    [junit] 
    [junit] Threads class SMR info:
    [junit] _java_thread_list=0x00007f5bd8039f10, length=18, elements={
    [junit] 0x00007f5c24013000, 0x00007f5c2416a000, 0x00007f5c2416e000, 0x00007f5c24180800,
    [junit] 0x00007f5c24183000, 0x00007f5c24185000, 0x00007f5c24187000, 0x00007f5c24221000,
    [junit] 0x00007f5c2429a800, 0x00007f5c2483d000, 0x00007f5be443e800, 0x00007f5be46e8000,
    [junit] 0x00007f5c24841000, 0x00007f5c24842800, 0x00007f5bd8020800, 0x00007f5bd8021800,
    [junit] 0x00007f5bd8025000, 0x00007f5bd8028800
    [junit] }
    [junit] 
    [junit] "main" #1 prio=5 os_prio=0 cpu=858.10ms elapsed=2376.97s tid=0x00007f5c24013000 nid=0x4e5e in Object.wait()  [0x00007f5c2b867000]
    [junit]    java.lang.Thread.State: WAITING (on object monitor)
    [junit] 	at java.lang.Object.wait(java.base@11.0.2/Native Method)
    [junit] 	- waiting on <no object reference available>
    [junit] 	at java.lang.Object.wait(java.base@11.0.2/Object.java:328)
    [junit] 	at java.awt.EventQueue.invokeAndWait(java.desktop@11.0.2/EventQueue.java:1361)
    [junit] 	- waiting to re-lock in wait() <0x0000000755800000> (a java.awt.EventQueue$1AWTInvocationLock)
    [junit] 	at java.awt.EventQueue.invokeAndWait(java.desktop@11.0.2/EventQueue.java:1342)
    [junit] 	at javax.swing.SwingUtilities.invokeAndWait(java.desktop@11.0.2/SwingUtilities.java:1480)
    [junit] 	at ptolemy.vergil.basic.export.ExportModel.exportModel(ExportModel.java:401)
    [junit] 	at ptolemy.vergil.basic.export.test.junit.ExportModelJUnitTest.RunExportModel(ExportModelJUnitTest.java:153)
    [junit] 	at ptolemy.vergil.basic.export.test.junit.ExportModelJUnitTestBatch.RunExportModel(ExportModelJUnitTestBatch.java:84)
    [junit] 	at jdk.internal.reflect.GeneratedMethodAccessor26.invoke(Unknown Source)
    [junit] 	at jdk.internal.reflect.DelegatingMethodAccessorImpl.invoke(java.base@11.0.2/DelegatingMethodAccessorImpl.java:43)
    [junit] 	at java.lang.reflect.Method.invoke(java.base@11.0.2/Method.java:566)
    [junit] 	at org.junit.runners.model.FrameworkMethod$1.runReflectiveCall(FrameworkMethod.java:44)
    [junit] 	at org.junit.internal.runners.model.ReflectiveCallable.run(ReflectiveCallable.java:15)
    [junit] 	at org.junit.runners.model.FrameworkMethod.invokeExplosively(FrameworkMethod.java:41)
    [junit] 	at junitparams.internal.InvokeParameterisedMethod.evaluate(InvokeParameterisedMethod.java:102)
    [junit] 	at junitparams.internal.ParameterisedTestMethodRunner.runMethodInvoker(ParameterisedTestMethodRunner.java:47)
    [junit] 	at junitparams.internal.ParameterisedTestMethodRunner.runTestMethod(ParameterisedTestMethodRunner.java:41)
    [junit] 	at junitparams.internal.ParameterisedTestClassRunner.runParameterisedTest(ParameterisedTestClassRunner.java:143)
    [junit] 	at junitparams.JUnitParamsRunner.runChild(JUnitParamsRunner.java:237)
    [junit] 	at junitparams.JUnitParamsRunner.runChild(JUnitParamsRunner.java:215)
    [junit] 	at org.junit.runners.ParentRunner$3.run(ParentRunner.java:193)
    [junit] 	at org.junit.runners.ParentRunner$1.schedule(ParentRunner.java:52)
    [junit] 	at org.junit.runners.ParentRunner.runChildren(ParentRunner.java:191)
    [junit] 	at org.junit.runners.ParentRunner.access$000(ParentRunner.java:42)
    [junit] 	at org.junit.runners.ParentRunner$2.evaluate(ParentRunner.java:184)
    [junit] 	at org.junit.runners.ParentRunner.run(ParentRunner.java:236)
    [junit] 	at junit.framework.JUnit4TestAdapter.run(JUnit4TestAdapter.java:39)
    [junit] 	at org.apache.tools.ant.taskdefs.optional.junit.JUnitTestRunner.run(JUnitTestRunner.java:535)
    [junit] 	at org.apache.tools.ant.taskdefs.optional.junit.JUnitTestRunner.launch(JUnitTestRunner.java:1182)
    [junit] 	at org.apache.tools.ant.taskdefs.optional.junit.JUnitTestRunner.main(JUnitTestRunner.java:1033)
    [junit] 
    [junit] "Reference Handler" #2 daemon prio=10 os_prio=0 cpu=12.14ms elapsed=2376.94s tid=0x00007f5c2416a000 nid=0x4e67 waiting on condition  [0x00007f5bf9ffe000]
    [junit]    java.lang.Thread.State: RUNNABLE
    [junit] 	at java.lang.ref.Reference.waitForReferencePendingList(java.base@11.0.2/Native Method)
    [junit] 	at java.lang.ref.Reference.processPendingReferences(java.base@11.0.2/Reference.java:241)
    [junit] 	at java.lang.ref.Reference$ReferenceHandler.run(java.base@11.0.2/Reference.java:213)
    [junit] 
    [junit] "Finalizer" #3 daemon prio=8 os_prio=0 cpu=1.71ms elapsed=2376.94s tid=0x00007f5c2416e000 nid=0x4e68 in Object.wait()  [0x00007f5bf9efd000]
    [junit]    java.lang.Thread.State: WAITING (on object monitor)
    [junit] 	at java.lang.Object.wait(java.base@11.0.2/Native Method)
    [junit] 	- waiting on <no object reference available>
    [junit] 	at java.lang.ref.ReferenceQueue.remove(java.base@11.0.2/ReferenceQueue.java:155)
    [junit] 	- waiting to re-lock in wait() <0x0000000738a1e0f0> (a java.lang.ref.ReferenceQueue$Lock)
    [junit] 	at java.lang.ref.ReferenceQueue.remove(java.base@11.0.2/ReferenceQueue.java:176)
    [junit] 	at java.lang.ref.Finalizer$FinalizerThread.run(java.base@11.0.2/Finalizer.java:170)
    [junit] 
    [junit] "Signal Dispatcher" #4 daemon prio=9 os_prio=0 cpu=0.09ms elapsed=2376.93s tid=0x00007f5c24180800 nid=0x4e69 waiting on condition  [0x0000000000000000]
    [junit]    java.lang.Thread.State: RUNNABLE
    [junit] 
    [junit] "C2 CompilerThread0" #5 daemon prio=9 os_prio=0 cpu=74183.35ms elapsed=2376.93s tid=0x00007f5c24183000 nid=0x4e6a waiting on condition  [0x0000000000000000]
    [junit]    java.lang.Thread.State: RUNNABLE
    [junit]    No compile task
    [junit] 
    [junit] "C1 CompilerThread0" #6 daemon prio=9 os_prio=0 cpu=9370.35ms elapsed=2376.93s tid=0x00007f5c24185000 nid=0x4e6b waiting on condition  [0x0000000000000000]
    [junit]    java.lang.Thread.State: RUNNABLE
    [junit]    No compile task
    [junit] 
    [junit] "Sweeper thread" #7 daemon prio=9 os_prio=0 cpu=472.53ms elapsed=2376.93s tid=0x00007f5c24187000 nid=0x4e6c runnable  [0x0000000000000000]
    [junit]    java.lang.Thread.State: RUNNABLE
    [junit] 
    [junit] "Common-Cleaner" #8 daemon prio=8 os_prio=0 cpu=4.42ms elapsed=2376.87s tid=0x00007f5c24221000 nid=0x4e6d in Object.wait()  [0x00007f5bf8952000]
    [junit]    java.lang.Thread.State: TIMED_WAITING (on object monitor)
    [junit] 	at java.lang.Object.wait(java.base@11.0.2/Native Method)
    [junit] 	- waiting on <no object reference available>
    [junit] 	at java.lang.ref.ReferenceQueue.remove(java.base@11.0.2/ReferenceQueue.java:155)
    [junit] 	- waiting to re-lock in wait() <0x00000007380b60f0> (a java.lang.ref.ReferenceQueue$Lock)
    [junit] 	at jdk.internal.ref.CleanerImpl.run(java.base@11.0.2/CleanerImpl.java:148)
    [junit] 	at java.lang.Thread.run(java.base@11.0.2/Thread.java:834)
    [junit] 	at jdk.internal.misc.InnocuousThread.run(java.base@11.0.2/InnocuousThread.java:134)
    [junit] 
    [junit] "Service Thread" #9 daemon prio=9 os_prio=0 cpu=0.06ms elapsed=2376.71s tid=0x00007f5c2429a800 nid=0x4e6e runnable  [0x0000000000000000]
    [junit]    java.lang.Thread.State: RUNNABLE
    [junit] 
    [junit] "AWT-XAWT" #11 daemon prio=6 os_prio=0 cpu=938.70ms elapsed=2375.84s tid=0x00007f5c2483d000 nid=0x4e7c runnable  [0x00007f5bf814e000]
    [junit]    java.lang.Thread.State: RUNNABLE
    [junit] 	at sun.awt.X11.XToolkit.waitForEvents(java.desktop@11.0.2/Native Method)
    [junit] 	at sun.awt.X11.XToolkit.run(java.desktop@11.0.2/XToolkit.java:688)
    [junit] 	at sun.awt.X11.XToolkit.run(java.desktop@11.0.2/XToolkit.java:652)
    [junit] 	at java.lang.Thread.run(java.base@11.0.2/Thread.java:834)
    [junit] 
    [junit] "Java2D Disposer" #14 daemon prio=10 os_prio=0 cpu=9.95ms elapsed=2374.82s tid=0x00007f5be443e800 nid=0x4e7f in Object.wait()  [0x00007f5bc23d1000]
    [junit]    java.lang.Thread.State: WAITING (on object monitor)
    [junit] 	at java.lang.Object.wait(java.base@11.0.2/Native Method)
    [junit] 	- waiting on <no object reference available>
    [junit] 	at java.lang.ref.ReferenceQueue.remove(java.base@11.0.2/ReferenceQueue.java:155)
    [junit] 	- waiting to re-lock in wait() <0x0000000738dbde18> (a java.lang.ref.ReferenceQueue$Lock)
    [junit] 	at java.lang.ref.ReferenceQueue.remove(java.base@11.0.2/ReferenceQueue.java:176)
    [junit] 	at sun.java2d.Disposer.run(java.desktop@11.0.2/Disposer.java:144)
    [junit] 	at java.lang.Thread.run(java.base@11.0.2/Thread.java:834)
    [junit] 
    [junit] "TimerQueue" #18 daemon prio=5 os_prio=0 cpu=11.58ms elapsed=2372.44s tid=0x00007f5be46e8000 nid=0x4e83 waiting on condition  [0x00007f5bc13cd000]
    [junit]    java.lang.Thread.State: WAITING (parking)
    [junit] 	at jdk.internal.misc.Unsafe.park(java.base@11.0.2/Native Method)
    [junit] 	- parking to wait for  <0x000000073a200190> (a java.util.concurrent.locks.AbstractQueuedSynchronizer$ConditionObject)
    [junit] 	at java.util.concurrent.locks.LockSupport.park(java.base@11.0.2/LockSupport.java:194)
    [junit] 	at java.util.concurrent.locks.AbstractQueuedSynchronizer$ConditionObject.await(java.base@11.0.2/AbstractQueuedSynchronizer.java:2081)
    [junit] 	at java.util.concurrent.DelayQueue.take(java.base@11.0.2/DelayQueue.java:217)
    [junit] 	at javax.swing.TimerQueue.run(java.desktop@11.0.2/TimerQueue.java:171)
    [junit] 	at java.lang.Thread.run(java.base@11.0.2/Thread.java:834)
    [junit] 
    [junit] "AWT-EventQueue-0" #121 prio=6 os_prio=0 cpu=40784.69ms elapsed=2114.98s tid=0x00007f5c24841000 nid=0x4f09 in Object.wait()  [0x00007f5bc2bd0000]
    [junit]    java.lang.Thread.State: WAITING (on object monitor)
    [junit] 	at java.lang.Object.wait(java.base@11.0.2/Native Method)
    [junit] 	- waiting on <no object reference available>
    [junit] 	at java.lang.Object.wait(java.base@11.0.2/Object.java:328)
    [junit] 	at ptolemy.kernel.util.Workspace.getWriteAccess(Workspace.java:569)
    [junit] 	- waiting to re-lock in wait() <0x000000075581ae20> (a ptolemy.kernel.util.Workspace)
    [junit] 	at ptolemy.kernel.util.Attribute.setContainer(Attribute.java:403)
    [junit] 	at ptolemy.moml.MoMLParser._deleteProperty(MoMLParser.java:5070)
    [junit] 	at ptolemy.moml.MoMLParser$DeleteRequest.execute(MoMLParser.java:7828)
    [junit] 	at ptolemy.moml.MoMLParser.startElement(MoMLParser.java:2671)
    [junit] 	at com.microstar.xml.XmlParser.parseElement(XmlParser.java:931)
    [junit] 	at com.microstar.xml.XmlParser.parseDocument(XmlParser.java:481)
    [junit] 	at com.microstar.xml.XmlParser.doParse(XmlParser.java:159)
    [junit] 	- locked <0x000000077e2334c0> (a com.microstar.xml.XmlParser)
    [junit] 	at com.microstar.xml.XmlParser.parse(XmlParser.java:132)
    [junit] 	at ptolemy.moml.MoMLParser.parse(MoMLParser.java:1660)
    [junit] 	at ptolemy.moml.MoMLParser.parse(MoMLParser.java:1617)
    [junit] 	at ptolemy.moml.MoMLParser.parse(MoMLParser.java:1792)
    [junit] 	at ptolemy.moml.MoMLChangeRequest._execute(MoMLChangeRequest.java:292)
    [junit] 	at ptolemy.domains.wireless.lib.LinkVisualizer$2._execute(LinkVisualizer.java:219)
    [junit] 	at ptolemy.kernel.util.ChangeRequest.execute(ChangeRequest.java:171)
    [junit] 	- locked <0x000000077ea22088> (a ptolemy.domains.wireless.lib.LinkVisualizer$2)
    [junit] 	at ptolemy.kernel.util.NamedObj._executeChangeRequests(NamedObj.java:2653)
    [junit] 	at ptolemy.kernel.util.NamedObj.setDeferringChangeRequests(NamedObj.java:1920)
    [junit] 	at ptolemy.kernel.util.NamedObj.setDeferringChangeRequests(NamedObj.java:1904)
    [junit] 	at ptolemy.domains.de.kernel.DEDirector._getNextActorToFire(DEDirector.java:2323)
    [junit] 	- locked <0x00000007557d9a00> (a java.lang.Object)
    [junit] 	at ptolemy.domains.de.kernel.DEDirector._fire(DEDirector.java:1811)
    [junit] 	at ptolemy.domains.de.kernel.DEDirector.fire(DEDirector.java:502)
    [junit] 	at ptolemy.actor.CompositeActor.fire(CompositeActor.java:455)
    [junit] 	at ptolemy.actor.Manager.iterate(Manager.java:851)
    [junit] 	at ptolemy.actor.Manager.execute(Manager.java:369)
    [junit] 	at ptolemy.vergil.basic.export.ExportModel$2.run(ExportModel.java:390)
    [junit] 	at java.awt.event.InvocationEvent.dispatch(java.desktop@11.0.2/InvocationEvent.java:303)
    [junit] 	at java.awt.EventQueue.dispatchEventImpl(java.desktop@11.0.2/EventQueue.java:770)
    [junit] 	at java.awt.EventQueue$4.run(java.desktop@11.0.2/EventQueue.java:721)
    [junit] 	at java.awt.EventQueue$4.run(java.desktop@11.0.2/EventQueue.java:715)
    [junit] 	at java.security.AccessController.doPrivileged(java.base@11.0.2/Native Method)
    [junit] 	at java.security.ProtectionDomain$JavaSecurityAccessImpl.doIntersectionPrivilege(java.base@11.0.2/ProtectionDomain.java:85)
    [junit] 	at java.awt.EventQueue.dispatchEvent(java.desktop@11.0.2/EventQueue.java:740)
    [junit] 	at java.awt.EventDispatchThread.pumpOneEventForFilters(java.desktop@11.0.2/EventDispatchThread.java:203)
    [junit] 	at java.awt.EventDispatchThread.pumpEventsForFilter(java.desktop@11.0.2/EventDispatchThread.java:124)
    [junit] 	at java.awt.EventDispatchThread.pumpEventsForHierarchy(java.desktop@11.0.2/EventDispatchThread.java:113)
    [junit] 	at java.awt.EventDispatchThread.pumpEvents(java.desktop@11.0.2/EventDispatchThread.java:109)
    [junit] 	at java.awt.EventDispatchThread.pumpEvents(java.desktop@11.0.2/EventDispatchThread.java:101)
    [junit] 	at java.awt.EventDispatchThread.run(java.desktop@11.0.2/EventDispatchThread.java:90)
    [junit] 
    [junit] "AWT-Shutdown" #136 prio=5 os_prio=0 cpu=4.04ms elapsed=2075.57s tid=0x00007f5c24842800 nid=0x4f32 in Object.wait()  [0x00007f5bc1cd0000]
    [junit]    java.lang.Thread.State: WAITING (on object monitor)
    [junit] 	at java.lang.Object.wait(java.base@11.0.2/Native Method)
    [junit] 	- waiting on <no object reference available>
    [junit] 	at java.lang.Object.wait(java.base@11.0.2/Object.java:328)
    [junit] 	at sun.awt.AWTAutoShutdown.run(java.desktop@11.0.2/AWTAutoShutdown.java:291)
    [junit] 	- waiting to re-lock in wait() <0x00000007380b50e0> (a java.lang.Object)
    [junit] 	at java.lang.Thread.run(java.base@11.0.2/Thread.java:834)
    [junit] 
    [junit] "Timer-32" #144 daemon prio=6 os_prio=0 cpu=0.32ms elapsed=2003.01s tid=0x00007f5bd8020800 nid=0x4f3c waiting for monitor entry  [0x00007f5bc0cc9000]
    [junit]    java.lang.Thread.State: BLOCKED (on object monitor)
    [junit] 	at ptolemy.domains.de.kernel.DEDirector.stopFire(DEDirector.java:1456)
    [junit] 	- waiting to lock <0x00000007557d9a00> (a java.lang.Object)
    [junit] 	at ptolemy.vergil.basic.export.ExportModel$2$1.run(ExportModel.java:360)
    [junit] 	at java.util.TimerThread.mainLoop(java.base@11.0.2/Timer.java:556)
    [junit] 	at java.util.TimerThread.run(java.base@11.0.2/Timer.java:506)
    [junit] 
    [junit] "Timer-33" #145 daemon prio=6 os_prio=0 cpu=0.99ms elapsed=2003.01s tid=0x00007f5bd8021800 nid=0x4f3d in Object.wait()  [0x00007f5bc114b000]
    [junit]    java.lang.Thread.State: WAITING (on object monitor)
    [junit] 	at java.lang.Object.wait(java.base@11.0.2/Native Method)
    [junit] 	- waiting on <no object reference available>
    [junit] 	at java.lang.Object.wait(java.base@11.0.2/Object.java:328)
    [junit] 	at ptolemy.kernel.util.Workspace.getReadAccess(Workspace.java:439)
    [junit] 	- waiting to re-lock in wait() <0x000000075581ae20> (a ptolemy.kernel.util.Workspace)
    [junit] 	at ptolemy.actor.CompositeActor.stop(CompositeActor.java:2245)
    [junit] 	at ptolemy.actor.Manager.finish(Manager.java:572)
    [junit] 	at ptolemy.actor.Manager.stop(Manager.java:1367)
    [junit] 	at ptolemy.vergil.basic.export.ExportModel$2$2.run(ExportModel.java:383)
    [junit] 	at java.util.TimerThread.mainLoop(java.base@11.0.2/Timer.java:556)
    [junit] 	at java.util.TimerThread.run(java.base@11.0.2/Timer.java:506)
    [junit] 
    [junit] "Thread-87" #163 prio=6 os_prio=0 cpu=30.77ms elapsed=1994.99s tid=0x00007f5bd8025000 nid=0x4f50 waiting for monitor entry  [0x00007f5bc124c000]
    [junit]    java.lang.Thread.State: BLOCKED (on object monitor)
    [junit] 	at ptolemy.domains.de.kernel.DEDirector.stopFire(DEDirector.java:1456)
    [junit] 	- waiting to lock <0x00000007557d9a00> (a java.lang.Object)
    [junit] 	at ptolemy.actor.CompositeActor.stopFire(CompositeActor.java:2321)
    [junit] 	at ptolemy.actor.CompositeActor.requestChange(CompositeActor.java:2039)
    [junit] 	at ptolemy.kernel.util.NamedObj.requestChange(NamedObj.java:1853)
    [junit] 	at ptolemy.domains.wireless.lib.LinkVisualizer._removeLine(LinkVisualizer.java:225)
    [junit] 	at ptolemy.domains.wireless.lib.LinkVisualizer$_LinkVisualizerThread.run(LinkVisualizer.java:268)
    [junit] 
    [junit] "Thread-88" #164 prio=6 os_prio=0 cpu=0.18ms elapsed=1994.49s tid=0x00007f5bd8028800 nid=0x4f51 in Object.wait()  [0x00007f5bc2ad2000]
    [junit]    java.lang.Thread.State: WAITING (on object monitor)
    [junit] 	at java.lang.Object.wait(java.base@11.0.2/Native Method)
    [junit] 	- waiting on <no object reference available>
    [junit] 	at java.lang.Object.wait(java.base@11.0.2/Object.java:328)
    [junit] 	at ptolemy.kernel.util.Workspace.getReadAccess(Workspace.java:439)
    [junit] 	- waiting to re-lock in wait() <0x000000075581ae20> (a ptolemy.kernel.util.Workspace)
    [junit] 	at ptolemy.kernel.CompositeEntity.getAttribute(CompositeEntity.java:1295)
    [junit] 	at ptolemy.domains.wireless.lib.LinkVisualizer._drawLine(LinkVisualizer.java:178)
    [junit] 	at ptolemy.domains.wireless.lib.LinkVisualizer$_LinkVisualizerThread.run(LinkVisualizer.java:254)
    [junit] 
    [junit] "VM Thread" os_prio=0 cpu=375.00ms elapsed=2376.95s tid=0x00007f5c24162000 nid=0x4e66 runnable  
    [junit] 
    [junit] "GC Thread#0" os_prio=0 cpu=2486.52ms elapsed=2376.97s tid=0x00007f5c2403a000 nid=0x4e60 runnable  
    [junit] 
    [junit] "GC Thread#1" os_prio=0 cpu=2473.31ms elapsed=2376.70s tid=0x00007f5bec001000 nid=0x4e70 runnable  
    [junit] 
    [junit] "G1 Main Marker" os_prio=0 cpu=0.71ms elapsed=2376.97s tid=0x00007f5c24086800 nid=0x4e61 runnable  
    [junit] 
    [junit] "G1 Conc#0" os_prio=0 cpu=32.34ms elapsed=2376.97s tid=0x00007f5c24088800 nid=0x4e63 runnable  
    [junit] 
    [junit] "G1 Refine#0" os_prio=0 cpu=508.73ms elapsed=2376.96s tid=0x00007f5c240fe800 nid=0x4e64 runnable  
    [junit] 
    [junit] "G1 Refine#1" os_prio=0 cpu=117.42ms elapsed=2071.07s tid=0x00007f5bf0141000 nid=0x4f33 runnable  
    [junit] 
    [junit] "G1 Young RemSet Sampling" os_prio=0 cpu=479.46ms elapsed=2376.96s tid=0x00007f5c24100800 nid=0x4e65 runnable  
    [junit] "VM Periodic Task Thread" os_prio=0 cpu=810.76ms elapsed=2376.71s tid=0x00007f5c2429d800 nid=0x4e6f waiting on condition  
    [junit] 
    [junit] JNI global refs: 84, weak refs: 4282
    [junit] 
    [junit] Heap
    [junit]  garbage-first heap   total 1197056K, used 323915K [0x0000000738000000, 0x0000000800000000)
    [junit]   region size 1024K, 56 young (57344K), 8 survivors (8192K)
    [junit]  Metaspace       used 46629K, capacity 48254K, committed 48508K, reserved 1091584K
    [junit]   class space    used 5150K, capacity 5788K, committed 5888K, reserved 1048576K
    [junit] 
/home/travis/build/icyphy/ptII/bin/ant: Running /home/travis/build/icyphy/ptII/ant/bin/ant build test.travis.timeout.fail.xml
Buildfile: /home/travis/build/icyphy/ptII/build.xml

build-message:
     [echo] Use ant -p to see other targets. JAVA_HOME=/usr/local/lib/jvm/openjdk11
     [echo] tools.jar is necessary for compilation of doc/doclets/.
     [echo] If compilation fails, try setting JAVA_HOME to the location of the JDK.
     [echo] For example:
     [echo]   [bldmastr@sisyphus ptII]$ which java
     [echo]   /usr/bin/java
     [echo]   [bldmastr@sisyphus ptII]$ ls -l /usr/bin/java
     [echo]   lrwxrwxrwx 1 root root 26 Jul 31 10:12 /usr/bin/java -> /usr/java/default/bin/java
     [echo]   [bldmastr@sisyphus ptII]$ export JAVA_HOME=/usr/java/default
     [echo]     

-build-subprojects-empty:

build-subprojects:

-check-node:

-check-node-works:
     [exec] /home/travis/build/icyphy/ptII/bin/node: Running /home/travis/.nvm/versions/node/v7.10.1/bin/node --version
     [exec] v7.10.1

-check-npm:

-check-npm-works:
     [exec] /home/travis/build/icyphy/ptII/bin/npm: Running /home/travis/.nvm/versions/node/v7.10.1/bin/npm --version
     [exec] /home/travis/build/icyphy/ptII/bin/node: Running /home/travis/.nvm/versions/node/v7.10.1/bin/node /home/travis/.nvm/versions/node/v7.10.1/bin/npm --version
     [exec] 4.2.0

-check-if-npmjs-org-is-up:
     [echo] Check to see if https://www.npmjs.org is up.

-jsdoc-no-network-message:

-check-jsdoc:

jsdoc-install:

jsdoc-update:
     [exec] /home/travis/build/icyphy/ptII/bin/npm: Running /home/travis/.nvm/versions/node/v7.10.1/bin/npm update @terraswarm/jsdoc
     [exec] /home/travis/build/icyphy/ptII/bin/node: Running /home/travis/.nvm/versions/node/v7.10.1/bin/node /home/travis/.nvm/versions/node/v7.10.1/bin/npm update @terraswarm/jsdoc

-ptdoc-no-node:

-ptdoc-no-npm:

ptdoc:
     [echo] 
     [echo]       If the ptdoc target fails, then try running:
     [echo]           ant build-project build-bin
     [echo]     

-check-node:

-check-node-works:
     [exec] /home/travis/build/icyphy/ptII/bin/node: Running /home/travis/.nvm/versions/node/v7.10.1/bin/node --version
     [exec] v7.10.1

-check-npm:

-check-npm-works:
     [exec] /home/travis/build/icyphy/ptII/bin/npm: Running /home/travis/.nvm/versions/node/v7.10.1/bin/npm --version
     [exec] /home/travis/build/icyphy/ptII/bin/node: Running /home/travis/.nvm/versions/node/v7.10.1/bin/node /home/travis/.nvm/versions/node/v7.10.1/bin/npm --version
     [exec] 4.2.0

-check-if-npmjs-org-is-up:
     [echo] Check to see if https://www.npmjs.org is up or $TRAVIS is set.

-jsdoc-no-network-message:

-check-jsdoc:
     [echo] To stop CapeCode from invoking jsdoc and svn, set the PT_NO_NET environment variable.  
     [echo]     Under BASH:
     [echo]         export PT_NO_NET=true
     [echo]     If ptdoc fails, and you are building from $PTII, try:
     [echo]         ant build-project build-bin
     [echo]     

jsdoc-install:

jsdoc-update:
     [exec] /home/travis/build/icyphy/ptII/bin/npm: Running /home/travis/.nvm/versions/node/v7.10.1/bin/npm update @terraswarm/jsdoc
     [exec] /home/travis/build/icyphy/ptII/bin/node: Running /home/travis/.nvm/versions/node/v7.10.1/bin/node /home/travis/.nvm/versions/node/v7.10.1/bin/npm update @terraswarm/jsdoc

-ptdoc-no-node-message:

-ptdoc-no-npm-message:

-check-jsdoc-again:

-jsdoc-command-message:

ptdoc:
     [echo] Invoke /home/travis/build/icyphy/ptII/org/terraswarm/accessor/accessors/web/../node_modules/@terraswarm/jsdoc/jsdoc.js to read *.js files and generate *PtDoc.xml files suitable for Ptolemy.
     [echo]     See https://chess.eecs.berkeley.edu/ptexternal/wiki/Main/JSDocSystems
     [echo]     See jsdoc/jsdoc.json
     [echo]     See jsdoc/plugins/accessorJSDocTags.js
     [echo]     See jsdoc/templates/ptdoc/publish.js
     [echo] 
     [echo]     If the ptdoc target fails, the there is likely a problem with node or npm.  It is possible
     [echo]     to use CapeCode even if the ptdoc target fails.
     [echo]     
     [echo]     If you are building from $PTII, try:
     [echo]         ant build-project build-bin
     [echo] 
     [echo]     
     [exec] /home/travis/build/icyphy/ptII/bin/node: Running /home/travis/.nvm/versions/node/v7.10.1/bin/node /home/travis/build/icyphy/ptII/org/terraswarm/accessor/accessors/web/../node_modules/@terraswarm/jsdoc/jsdoc.js --configure jsdoc/jsdoc.json --recurse --template jsdoc/templates/ptdoc --verbose .
     [exec] Generating output files...
     [exec] Finished running in 13.33 seconds.

build-project:
     [echo] ptII: /home/travis/build/icyphy/ptII/build.xml
    [javac] Compiling 2 source files to /home/travis/build/icyphy/ptII

-check-ptII-mk-file:

-check-bin-vergil:

-check-make-bin-vergil:

build-bin-not:

build-not-bin-vergil:

build-bin:

build:

test.travis.timeout.fail.xml:
     [echo] 
     [echo]       ==test.travis.timeout.fail.xml==
     [echo]       This target runs a test that will fail, indicating a timeout problem with Travis.
     [echo] 
     [echo]       If the Travis continuous integration system needs to update the OpenCV cache,
     [echo]       then there is a chance that building OpenCV will take up too much time and the
     [echo]       rest of the build will fail.
     [echo] 
     [echo]       If too much time is taken up, then we should skip running the tests, but
     [echo]       then we need to have a test failure that indicates that the other tests did not run.
     [echo] 
     [echo]     
    [junit] +java --module-path /home/travis/build/icyphy/ptII/vendors/javafx/javafx-sdk-11.0.2/lib: --add-modules javafx.controls,javafx.swing,javafx.media, -Djava.net.preferIPv4Stack=true -Djavafx.verbose=true -Dprism.verbose=true -Dptolemy.ptII.dir=/home/travis/build/icyphy/ptII -Dptolemy.ptII.batchMode=true -Xmx3200m -classpath /home/travis/.ptolemyII:/home/travis/.ptolemyII/*:/home/travis/build/icyphy/ptII:/home/travis/build/icyphy/ptII/lib/asm-all-5.2.jar:/home/travis/build/icyphy/ptII/lib/nashorn-core-15.3.jar:/home/travis/build/icyphy/ptII/lib/bsh-2.0b4.jar:/home/travis/build/icyphy/ptII/lib/ptCal.jar:/home/travis/build/icyphy/ptII/lib/java_cup.jar:/home/travis/build/icyphy/ptII/lib/saxon8.jar:/home/travis/build/icyphy/ptII/lib/saxon8-dom.jar:/home/travis/build/icyphy/ptII/lib/chic.jar:/home/travis/build/icyphy/ptII/lib/ptcolt.jar:/home/travis/build/icyphy/ptII/vendors/misc/itext/iText.jar:/home/travis/build/icyphy/ptII/lib/g4ltl.jar:/home/travis/build/icyphy/ptII/lib/StructuralCoder.jar:/home/travis/build/icyphy/ptII/lib/jcerti.jar:/home/travis/build/icyphy/ptII/lib/javax.mail.jar:/home/travis/build/icyphy/ptII/vendors/JMF-2.1.1e/lib/jmf.jar:/home/travis/build/icyphy/ptII/lib/jna-4.0.0-variadic.jar:/home/travis/build/icyphy/ptII/vendors/misc/joystick/Joystick.jar:/home/travis/build/icyphy/ptII/lib/ptjacl.jar:/home/travis/build/icyphy/ptII/lib/jsoup-1.14.2.jar:/home/travis/build/icyphy/ptII/lib/junit-4.8.2.jar:/home/travis/build/icyphy/ptII/lib/JUnitParams-0.4.0.jar:/home/travis/build/icyphy/ptII/ptolemy/actor/lib/excel/jxl.jar:/home/travis/build/icyphy/ptII/lib/jython.jar:/home/travis/build/icyphy/ptII/lib/kieler.jar:/home/travis/build/icyphy/ptII/lib/oscP5.jar:/home/travis/build/icyphy/ptII/lib/nrjavaserial-3.11.0.devel.jar:/home/travis/build/icyphy/ptII/vendors/j3d/lib/Linux/j3dcore.jar:/home/travis/build/icyphy/ptII/vendors/j3d/lib/Linux/j3dutils.jar:/home/travis/build/icyphy/ptII/vendors/j3d/lib/Linux/vecmath.jar:/home/travis/build/icyphy/ptII/vendors/jogl/lib/Linux/gluegen-rt-natives-linux-amd64.jar:/home/travis/build/icyphy/ptII/vendors/jogl/lib/Linux/gluegen-rt.jar:/home/travis/build/icyphy/ptII/vendors/jogl/lib/Linux/jogl-all-natives-linux-amd64.jar:/home/travis/build/icyphy/ptII/vendors/jogl/lib/Linux/jogl-all.jar:/home/travis/build/icyphy/ptII/ptolemy/distributed/jini/jar/jini-core.jar:/home/travis/build/icyphy/ptII/ptolemy/distributed/jini/jar/jini-ext.jar:/home/travis/build/icyphy/ptII/ptolemy/distributed/jini/jar/sun-util.jar:/home/travis/build/icyphy/ptII/lib/protobuf-java-2.4.1.jar:/home/travis/build/icyphy/ptII/lib/org.eclipse.paho.client.mqttv3.jar:/home/travis/build/icyphy/ptII/lib/mapss.jar:/home/travis/build/icyphy/ptII/ptolemy/actor/ptalon/antlr/antlr.jar:/home/travis/build/icyphy/ptII/lib/JRI.jar:/home/travis/build/icyphy/ptII/lib/commons-lang-2.6.jar:/home/travis/build/icyphy/ptII/lib/commons-logging-1.1.1.jar:/home/travis/build/icyphy/ptII/lib/sootclasses.jar:/home/travis/build/icyphy/ptII/ptolemy/actor/lib/database/mysql-connector-java-8.0.26.jar:/home/travis/build/icyphy/ptII/vendors/misc/sphinx4/sphinx4-data-5prealpha.jar:/home/travis/build/icyphy/ptII/vendors/misc/sphinx4/sphinx4-core-5prealpha.jar:/home/travis/build/icyphy/ptII/lib/PDFRenderer.jar:/home/travis/build/icyphy/ptII/lib/svgSalamander.jar:/home/travis/build/icyphy/ptII/lib/rsyntaxtextarea-2.6.0-SNAPSHOT.jar:/home/travis/build/icyphy/ptII/lib/hazelcast-3.8.2.jar:/home/travis/build/icyphy/ptII/lib/jackson-annotations-2.9.0.jar:/home/travis/build/icyphy/ptII/lib/jackson-core-2.9.3.jar:/home/travis/build/icyphy/ptII/lib/jackson-databind-2.9.3.jar:/home/travis/build/icyphy/ptII/lib/netty-buffer-4.1.19.Final.jar:/home/travis/build/icyphy/ptII/lib/netty-codec-4.1.19.Final.jar:/home/travis/build/icyphy/ptII/lib/netty-codec-dns-4.1.19.Final.jar:/home/travis/build/icyphy/ptII/lib/netty-codec-http-4.1.19.Final.jar:/home/travis/build/icyphy/ptII/lib/netty-codec-http2-4.1.19.Final.jar:/home/travis/build/icyphy/ptII/lib/netty-common-4.1.19.Final.jar:/home/travis/build/icyphy/ptII/lib/netty-handler-4.1.19.Final.jar:/home/travis/build/icyphy/ptII/lib/netty-resolver-4.1.19.Final.jar:/home/travis/build/icyphy/ptII/lib/netty-resolver-dns-4.1.19.Final.jar:/home/travis/build/icyphy/ptII/lib/netty-transport-4.1.19.Final.jar:/home/travis/build/icyphy/ptII/lib/vertx-codegen-3.5.1.jar:/home/travis/build/icyphy/ptII/lib/vertx-core-3.5.2-SNAPSHOT.jar:/home/travis/build/icyphy/ptII/lib/vertx-hazelcast-3.5.1.jar:/home/travis/build/icyphy/ptII/lib/vertx-lang-js-3.5.1.jar:/home/travis/build/icyphy/ptII/lib/vertx-service-proxy-3.5.1.jar:/home/travis/build/icyphy/ptII/lib/vertx-web-3.5.1.jar:/home/travis/build/icyphy/ptII/lib/slf4j-api-1.7.13.jar:/home/travis/build/icyphy/ptII/lib/slf4j-simple-1.7.13.jar:/home/travis/build/icyphy/ptII/lib/webcam-capture-0.3.12.jar:/home/travis/build/icyphy/ptII/lib/bridj-0.7.0.jar:/home/travis/build/icyphy/ptII/lib/xbjlib-1.1.0.nrjavaserial.jar:/home/travis/build/icyphy/ptII/ptolemy/moml/test:/home/travis/build/icyphy/ptII/ant/lib/ant-launcher.jar:/home/travis/build/icyphy/ptII/ant/lib/ant.jar:/home/travis/build/icyphy/ptII/ant/lib/ant-junit.jar:/home/travis/build/icyphy/ptII/ant/lib/ant-junit4.jar org.apache.tools.ant.taskdefs.optional.junit.JUnitTestRunner ptolemy.util.test.travis.junit.JUnitTclTest skipNonTests=false filtertrace=false haltOnError=false haltOnFailure=false formatter=org.apache.tools.ant.taskdefs.optional.junit.OutErrSummaryJUnitResultFormatter showoutput=true outputtoformatters=true logfailedtests=true threadid=0 logtestlistenerevents=false formatter=org.apache.tools.ant.taskdefs.optional.junit.XMLJUnitResultFormatter,/home/travis/build/icyphy/ptII/reports/junit/TEST-ptolemy.util.test.travis.junit.JUnitTclTest.xml crashfile=/home/travis/build/icyphy/ptII/junitvmwatcher2925727800850070761.properties propsfile=/home/travis/build/icyphy/ptII/junit667212586143584587.properties
    [junit] javachdir: directory = ptolemy/util/test/travis
    [junit] javachdir: pwd: /home/travis/build/icyphy/ptII/ptolemy/util/test/travis  Invoking with -Djava.net.preferIPv4Stack=true
    [junit] Running ptolemy.util.test.travis.junit.JUnitTclTest
    [junit] /home/travis/build/icyphy/ptII/ptolemy/util/test/travis/TravisTimeout.tcl
    [junit] testDefs.tcl: setting time out to 9000 seconds at Wed Apr 13 02:58:46 UTC 2022
    [junit] Below are the system properties. To determine which Travis test is failing, look for a property that starts with PT_TRAVIS_TEST
    [junit] 
    [junit] 
    [junit] ==== $PTII/ptolemy/util/test/travis/TravisTimeout.tcl: TravisTimeout-1.1 Fail a test signifying a timeout problem with Travis
    [junit] ==== Contents of test case:
    [junit] 
    [junit]     set travisTest {Unknown}
    [junit]     puts "Below are the system properties. To determine which Travis test is failing, look for a property that starts with PT_TRAVIS_TEST"
    [junit] 
    [junit]     set envs [java::call System getenv]
    [junit]     set names [[$envs keySet] iterator]
    [junit]     while { [$names hasNext] } {
    [junit] 	set name [$names next]
    [junit]         if {[string first {PT_TRAVIS_TEST} $name] != -1} {
    [junit]             set travisTest $name
    [junit]             break
    [junit]         }
    [junit] 	# puts "$name=[$envs get $name]"
    [junit]     }
    [junit] 
    [junit]     error "$travisTest timed out!\n    This test always fails.  It is called by $PTII/bin/ptIITravisBuild.sh to signify that Travis is having timeout problems.  Typically this is caused by OpenCV being rebuilt.  The problem should go away with the next build after OpenCV is updated in the cache.  See https://wiki.eecs.berkeley.edu/ptexternal/Main/Travis#Caching_2"
    [junit] 
    [junit] ==== Test generated error:
    [junit] PT_TRAVIS_TEST_EXPORT7_XML timed out!
    [junit]     This test always fails.  It is called by /home/travis/build/icyphy/ptII/ptolemy/util/test/travis/../../../../bin/ptIITravisBuild.sh to signify that Travis is having timeout problems.  Typically this is caused by OpenCV being rebuilt.  The problem should go away with the next build after OpenCV is updated in the cache.  See https://wiki.eecs.berkeley.edu/ptexternal/Main/Travis#Caching_2
    [junit]     while executing
    [junit] "error "$travisTest timed out!\n    This test always fails.  It is called by $PTII/bin/ptIITravisBuild.sh to signify that Travis is having timeout prob..."
    [junit]     ("uplevel" body line 16)
    [junit]     invoked from within
    [junit] "uplevel $contents_of_test"
    [junit] 04/13/22 02:58:46
    [junit] Failed: 1  Total Tests: 1  ((Passed: 0, Newly Passed: 0)  Known Failed: 0) /home/travis/build/icyphy/ptII/ptolemy/util/test/travis
    [junit] No auto/knownFailedTests/*.xml tests in /home/travis/build/icyphy/ptII/ptolemy/util/test/travis
    [junit] No auto/linux-amd64/*.xml tests in /home/travis/build/icyphy/ptII/ptolemy/util/test/travis
    [junit] WARNING: An illegal reflective access operation has occurred
    [junit] WARNING: Illegal reflective access by io.netty.util.internal.ReflectionUtil (file:/home/travis/build/icyphy/ptII/lib/netty-common-4.1.19.Final.jar) to constructor java.nio.DirectByteBuffer(long,int)
    [junit] WARNING: Please consider reporting this to the maintainers of io.netty.util.internal.ReflectionUtil
    [junit] WARNING: Use --illegal-access=warn to enable warnings of further illegal reflective access operations
    [junit] WARNING: All illegal access operations will be denied in a future release
    [junit] AutoTests.java: About to close Vertx.
    [junit] AutoTests.java: Vertx closed.
    [junit] No auto/*.xml tests in /home/travis/build/icyphy/ptII/ptolemy/util/test/travis
    [junit] AutoTests.java: About to close Vertx.
    [junit] AutoTests.java: Vertx closed.
    [junit] Tests run: 4, Failures: 1, Errors: 0, Skipped: 0, Time elapsed: 0.71 sec
    [junit] Output:
    [junit] /home/travis/build/icyphy/ptII/ptolemy/util/test/travis/TravisTimeout.tcl
    [junit] testDefs.tcl: setting time out to 9000 seconds at Wed Apr 13 02:58:46 UTC 2022
    [junit] Below are the system properties. To determine which Travis test is failing, look for a property that starts with PT_TRAVIS_TEST
    [junit] 
    [junit] 
    [junit] ==== $PTII/ptolemy/util/test/travis/TravisTimeout.tcl: TravisTimeout-1.1 Fail a test signifying a timeout problem with Travis
    [junit] ==== Contents of test case:
    [junit] 
    [junit]     set travisTest {Unknown}
    [junit]     puts "Below are the system properties. To determine which Travis test is failing, look for a property that starts with PT_TRAVIS_TEST"
    [junit] 
    [junit]     set envs [java::call System getenv]
    [junit]     set names [[$envs keySet] iterator]
    [junit]     while { [$names hasNext] } {
    [junit] 	set name [$names next]
    [junit]         if {[string first {PT_TRAVIS_TEST} $name] != -1} {
    [junit]             set travisTest $name
    [junit]             break
    [junit]         }
    [junit] 	# puts "$name=[$envs get $name]"
    [junit]     }
    [junit] 
    [junit]     error "$travisTest timed out!\n    This test always fails.  It is called by $PTII/bin/ptIITravisBuild.sh to signify that Travis is having timeout problems.  Typically this is caused by OpenCV being rebuilt.  The problem should go away with the next build after OpenCV is updated in the cache.  See https://wiki.eecs.berkeley.edu/ptexternal/Main/Travis#Caching_2"
    [junit] 
    [junit] ==== Test generated error:
    [junit] PT_TRAVIS_TEST_EXPORT7_XML timed out!
    [junit]     This test always fails.  It is called by /home/travis/build/icyphy/ptII/ptolemy/util/test/travis/../../../../bin/ptIITravisBuild.sh to signify that Travis is having timeout problems.  Typically this is caused by OpenCV being rebuilt.  The problem should go away with the next build after OpenCV is updated in the cache.  See https://wiki.eecs.berkeley.edu/ptexternal/Main/Travis#Caching_2
    [junit]     while executing
    [junit] "error "$travisTest timed out!\n    This test always fails.  It is called by $PTII/bin/ptIITravisBuild.sh to signify that Travis is having timeout prob..."
    [junit]     ("uplevel" body line 16)
    [junit]     invoked from within
    [junit] "uplevel $contents_of_test"
    [junit] 04/13/22 02:58:46
    [junit] Failed: 1  Total Tests: 1  ((Passed: 0, Newly Passed: 0)  Known Failed: 0) /home/travis/build/icyphy/ptII/ptolemy/util/test/travis
    [junit] No auto/knownFailedTests/*.xml tests in /home/travis/build/icyphy/ptII/ptolemy/util/test/travis
    [junit] No auto/linux-amd64/*.xml tests in /home/travis/build/icyphy/ptII/ptolemy/util/test/travis
    [junit] AutoTests.java: About to close Vertx.
    [junit] AutoTests.java: Vertx closed.
    [junit] No auto/*.xml tests in /home/travis/build/icyphy/ptII/ptolemy/util/test/travis
    [junit] AutoTests.java: About to close Vertx.
    [junit] AutoTests.java: Vertx closed.
    [junit] 
    [junit] Test ptolemy.util.test.travis.junit.JUnitTclTest FAILED

BUILD SUCCESSFUL
Total time: 23 seconds
