<?xml version="1.0" encoding="UTF-8" ?>
<testsuite errors="0" failures="0" hostname="travis-job-4238660d-2371-439a-9cfb-5d51bfb30c4f" name="ptolemy.domains.continuous.test.junit.JUnitTclTest" skipped="0" tests="156" time="78.014" timestamp="2019-11-15T06:14:13">
  <properties>
[...]
</properties>
  <testcase classname="ptolemy.util.test.junit.TclTests" name="[0] ThereAreNoTclTests (RunTclFile)" time="0.013" />
  <testcase classname="ptolemy.util.test.junit.AutoKnownFailedTests" name="[0] ThereAreNoKnowFailedTests (RunModel)" time="0.005" />
  <testcase classname="ptolemy.util.test.junit.AutoNameArchTests" name="[0] ThereAreNoAutoArchTests (RunModel)" time="0.025" />
  <testcase classname="ptolemy.util.test.junit.AutoTests" name="[0] /home/travis/build/icyphy/ptII/ptolemy/domains/continuous/test/auto/BouncingBall.xml (RunModel)" time="3.174" />
  <testcase classname="ptolemy.util.test.junit.AutoTests" name="[1] /home/travis/build/icyphy/ptII/ptolemy/domains/continuous/test/auto/BouncingBallWithoutGR.xml (RunModel)" time="0.995" />
  <testcase classname="ptolemy.util.test.junit.AutoTests" name="[2] /home/travis/build/icyphy/ptII/ptolemy/domains/continuous/test/auto/Brownian.xml (RunModel)" time="0.11" />
  <testcase classname="ptolemy.util.test.junit.AutoTests" name="[3] /home/travis/build/icyphy/ptII/ptolemy/domains/continuous/test/auto/CarTracking.xml (RunModel)" time="3.998" />
  <testcase classname="ptolemy.util.test.junit.AutoTests" name="[4] /home/travis/build/icyphy/ptII/ptolemy/domains/continuous/test/auto/CartPendulum.xml (RunModel)" time="0.461" />
  <testcase classname="ptolemy.util.test.junit.AutoTests" name="[5] /home/travis/build/icyphy/ptII/ptolemy/domains/continuous/test/auto/CausalityInterface10.xml (RunModel)" time="0.041" />
  <testcase classname="ptolemy.util.test.junit.AutoTests" name="[6] /home/travis/build/icyphy/ptII/ptolemy/domains/continuous/test/auto/CausalityInterface11.xml (RunModel)" time="0.038" />
  <testcase classname="ptolemy.util.test.junit.AutoTests" name="[7] /home/travis/build/icyphy/ptII/ptolemy/domains/continuous/test/auto/CausalityInterface12.xml (RunModel)" time="0.053" />
  <testcase classname="ptolemy.util.test.junit.AutoTests" name="[8] /home/travis/build/icyphy/ptII/ptolemy/domains/continuous/test/auto/CausalityInterface13.xml (RunModel)" time="0.048" />
  <testcase classname="ptolemy.util.test.junit.AutoTests" name="[9] /home/travis/build/icyphy/ptII/ptolemy/domains/continuous/test/auto/CausalityInterface14.xml (RunModel)" time="0.028" />
  <testcase classname="ptolemy.util.test.junit.AutoTests" name="[10] /home/travis/build/icyphy/ptII/ptolemy/domains/continuous/test/auto/CausalityInterface4.xml (RunModel)" time="0.049" />
  <testcase classname="ptolemy.util.test.junit.AutoTests" name="[11] /home/travis/build/icyphy/ptII/ptolemy/domains/continuous/test/auto/CausalityInterface5.xml (RunModel)" time="0.04" />
  <testcase classname="ptolemy.util.test.junit.AutoTests" name="[12] /home/travis/build/icyphy/ptII/ptolemy/domains/continuous/test/auto/CausalityInterface6.xml (RunModel)" time="0.032" />
  <testcase classname="ptolemy.util.test.junit.AutoTests" name="[13] /home/travis/build/icyphy/ptII/ptolemy/domains/continuous/test/auto/CausalityInterface7.xml (RunModel)" time="0.043" />
  <testcase classname="ptolemy.util.test.junit.AutoTests" name="[14] /home/travis/build/icyphy/ptII/ptolemy/domains/continuous/test/auto/CausalityInterface8.xml (RunModel)" time="0.045" />
  <testcase classname="ptolemy.util.test.junit.AutoTests" name="[15] /home/travis/build/icyphy/ptII/ptolemy/domains/continuous/test/auto/CausalityInterface9.xml (RunModel)" time="0.052" />
  <testcase classname="ptolemy.util.test.junit.AutoTests" name="[16] /home/travis/build/icyphy/ptII/ptolemy/domains/continuous/test/auto/CausalityInterfaceFeedback1.xml (RunModel)" time="0.035" />
  <testcase classname="ptolemy.util.test.junit.AutoTests" name="[17] /home/travis/build/icyphy/ptII/ptolemy/domains/continuous/test/auto/CausalityInterfaceFeedback2.xml (RunModel)" time="0.038" />
  <testcase classname="ptolemy.util.test.junit.AutoTests" name="[18] /home/travis/build/icyphy/ptII/ptolemy/domains/continuous/test/auto/CompareWithCurrentTime.xml (RunModel)" time="0.023" />
  <testcase classname="ptolemy.util.test.junit.AutoTests" name="[19] /home/travis/build/icyphy/ptII/ptolemy/domains/continuous/test/auto/ComparedClocks.xml (RunModel)" time="0.079" />
  <testcase classname="ptolemy.util.test.junit.AutoTests" name="[20] /home/travis/build/icyphy/ptII/ptolemy/domains/continuous/test/auto/ContinuousAOCClone.xml (RunModel)" time="2.731" />
  <testcase classname="ptolemy.util.test.junit.AutoTests" name="[21] /home/travis/build/icyphy/ptII/ptolemy/domains/continuous/test/auto/ContinuousClock.xml (RunModel)" time="0.092" />
  <testcase classname="ptolemy.util.test.junit.AutoTests" name="[22] /home/travis/build/icyphy/ptII/ptolemy/domains/continuous/test/auto/ContinuousInContinuous.xml (RunModel)" time="0.097" />
  <testcase classname="ptolemy.util.test.junit.AutoTests" name="[23] /home/travis/build/icyphy/ptII/ptolemy/domains/continuous/test/auto/ContinuousInContinuousInContinuous.xml (RunModel)" time="0.027" />
  <testcase classname="ptolemy.util.test.junit.AutoTests" name="[24] /home/travis/build/icyphy/ptII/ptolemy/domains/continuous/test/auto/ContinuousInDE.xml (RunModel)" time="0.121" />
  <testcase classname="ptolemy.util.test.junit.AutoTests" name="[25] /home/travis/build/icyphy/ptII/ptolemy/domains/continuous/test/auto/ContinuousInDE2.xml (RunModel)" time="0.066" />
  <testcase classname="ptolemy.util.test.junit.AutoTests" name="[26] /home/travis/build/icyphy/ptII/ptolemy/domains/continuous/test/auto/ContinuousInDE3.xml (RunModel)" time="0.068" />
  <testcase classname="ptolemy.util.test.junit.AutoTests" name="[27] /home/travis/build/icyphy/ptII/ptolemy/domains/continuous/test/auto/ContinuousInDE4.xml (RunModel)" time="0.038" />
  <testcase classname="ptolemy.util.test.junit.AutoTests" name="[28] /home/travis/build/icyphy/ptII/ptolemy/domains/continuous/test/auto/ContinuousInDEDifferentRefinements.xml (RunModel)" time="0.121" />
  <testcase classname="ptolemy.util.test.junit.AutoTests" name="[29] /home/travis/build/icyphy/ptII/ptolemy/domains/continuous/test/auto/ContinuousInDEDifferentRefinementsPreemptive.xml (RunModel)" time="0.092" />
  <testcase classname="ptolemy.util.test.junit.AutoTests" name="[30] /home/travis/build/icyphy/ptII/ptolemy/domains/continuous/test/auto/ContinuousInDEInContinuous2.xml (RunModel)" time="0.066" />
  <testcase classname="ptolemy.util.test.junit.AutoTests" name="[31] /home/travis/build/icyphy/ptII/ptolemy/domains/continuous/test/auto/ContinuousInDEInContinuous3.xml (RunModel)" time="0.064" />
  <testcase classname="ptolemy.util.test.junit.AutoTests" name="[32] /home/travis/build/icyphy/ptII/ptolemy/domains/continuous/test/auto/ContinuousInDEInput.xml (RunModel)" time="0.038" />
  <testcase classname="ptolemy.util.test.junit.AutoTests" name="[33] /home/travis/build/icyphy/ptII/ptolemy/domains/continuous/test/auto/ContinuousInDEInput2.xml (RunModel)" time="0.048" />
  <testcase classname="ptolemy.util.test.junit.AutoTests" name="[34] /home/travis/build/icyphy/ptII/ptolemy/domains/continuous/test/auto/ContinuousInDEInput3.xml (RunModel)" time="0.033" />
  <testcase classname="ptolemy.util.test.junit.AutoTests" name="[35] /home/travis/build/icyphy/ptII/ptolemy/domains/continuous/test/auto/ContinuousInDESharingRefinement.xml (RunModel)" time="0.202" />
  <testcase classname="ptolemy.util.test.junit.AutoTests" name="[36] /home/travis/build/icyphy/ptII/ptolemy/domains/continuous/test/auto/ContinuousInDEwithNoPorts.xml (RunModel)" time="0.022" />
  <testcase classname="ptolemy.util.test.junit.AutoTests" name="[37] /home/travis/build/icyphy/ptII/ptolemy/domains/continuous/test/auto/ContinuousInsideDE.xml (RunModel)" time="0.102" />
  <testcase classname="ptolemy.util.test.junit.AutoTests" name="[38] /home/travis/build/icyphy/ptII/ptolemy/domains/continuous/test/auto/ContinuousMerge1.xml (RunModel)" time="0.021" />
  <testcase classname="ptolemy.util.test.junit.AutoTests" name="[39] /home/travis/build/icyphy/ptII/ptolemy/domains/continuous/test/auto/ContinuousMerge2.xml (RunModel)" time="0.051" />
  <testcase classname="ptolemy.util.test.junit.AutoTests" name="[40] /home/travis/build/icyphy/ptII/ptolemy/domains/continuous/test/auto/ContinuousMerge3.xml (RunModel)" time="0.086" />
  <testcase classname="ptolemy.util.test.junit.AutoTests" name="[41] /home/travis/build/icyphy/ptII/ptolemy/domains/continuous/test/auto/ContinuousWithinContinuous.xml (RunModel)" time="0.059" />
  <testcase classname="ptolemy.util.test.junit.AutoTests" name="[42] /home/travis/build/icyphy/ptII/ptolemy/domains/continuous/test/auto/ContinuousWithinContinuous2.xml (RunModel)" time="0.091" />
  <testcase classname="ptolemy.util.test.junit.AutoTests" name="[43] /home/travis/build/icyphy/ptII/ptolemy/domains/continuous/test/auto/ContinuousWithinContinuous3.xml (RunModel)" time="0.032" />
  <testcase classname="ptolemy.util.test.junit.AutoTests" name="[44] /home/travis/build/icyphy/ptII/ptolemy/domains/continuous/test/auto/ContinuousWithinContinuous4.xml (RunModel)" time="0.099" />
  <testcase classname="ptolemy.util.test.junit.AutoTests" name="[45] /home/travis/build/icyphy/ptII/ptolemy/domains/continuous/test/auto/ContinuousWithinContinuous5.xml (RunModel)" time="0.04" />
  <testcase classname="ptolemy.util.test.junit.AutoTests" name="[46] /home/travis/build/icyphy/ptII/ptolemy/domains/continuous/test/auto/ContinuousWithinContinuous6.xml (RunModel)" time="0.032" />
  <testcase classname="ptolemy.util.test.junit.AutoTests" name="[47] /home/travis/build/icyphy/ptII/ptolemy/domains/continuous/test/auto/ContinuousWithinContinuous7.xml (RunModel)" time="0.072" />
  <testcase classname="ptolemy.util.test.junit.AutoTests" name="[48] /home/travis/build/icyphy/ptII/ptolemy/domains/continuous/test/auto/DCMotor.xml (RunModel)" time="14.151" />
  <testcase classname="ptolemy.util.test.junit.AutoTests" name="[49] /home/travis/build/icyphy/ptII/ptolemy/domains/continuous/test/auto/DEInContinuous.xml (RunModel)" time="0.03" />
  <testcase classname="ptolemy.util.test.junit.AutoTests" name="[50] /home/travis/build/icyphy/ptII/ptolemy/domains/continuous/test/auto/DEinContinuous2.xml (RunModel)" time="0.027" />
  <testcase classname="ptolemy.util.test.junit.AutoTests" name="[51] /home/travis/build/icyphy/ptII/ptolemy/domains/continuous/test/auto/Derivative.xml (RunModel)" time="0.201" />
  <testcase classname="ptolemy.util.test.junit.AutoTests" name="[52] /home/travis/build/icyphy/ptII/ptolemy/domains/continuous/test/auto/Derivative1.xml (RunModel)" time="0.051" />
  <testcase classname="ptolemy.util.test.junit.AutoTests" name="[53] /home/travis/build/icyphy/ptII/ptolemy/domains/continuous/test/auto/DiscreteClock.xml (RunModel)" time="0.014" />
  <testcase classname="ptolemy.util.test.junit.AutoTests" name="[54] /home/travis/build/icyphy/ptII/ptolemy/domains/continuous/test/auto/EfficiencyCurve.xml (RunModel)" time="0.116" />
  <testcase classname="ptolemy.util.test.junit.AutoTests" name="[55] /home/travis/build/icyphy/ptII/ptolemy/domains/continuous/test/auto/ExponentialResponse.xml (RunModel)" time="0.123" />
  <testcase classname="ptolemy.util.test.junit.AutoTests" name="[56] /home/travis/build/icyphy/ptII/ptolemy/domains/continuous/test/auto/ExponentialResponseRK45.xml (RunModel)" time="0.037" />
  <testcase classname="ptolemy.util.test.junit.AutoTests" name="[57] /home/travis/build/icyphy/ptII/ptolemy/domains/continuous/test/auto/Friction.xml (RunModel)" time="1.648" />
  <testcase classname="ptolemy.util.test.junit.AutoTests" name="[58] /home/travis/build/icyphy/ptII/ptolemy/domains/continuous/test/auto/FurutaPendulum.xml (RunModel)" time="3.651" />
  <testcase classname="ptolemy.util.test.junit.AutoTests" name="[59] /home/travis/build/icyphy/ptII/ptolemy/domains/continuous/test/auto/HierarchicalExecution.xml (RunModel)" time="2.737" />
  <testcase classname="ptolemy.util.test.junit.AutoTests" name="[60] /home/travis/build/icyphy/ptII/ptolemy/domains/continuous/test/auto/HybridPlant.xml (RunModel)" time="0.541" />
  <testcase classname="ptolemy.util.test.junit.AutoTests" name="[61] /home/travis/build/icyphy/ptII/ptolemy/domains/continuous/test/auto/Hysteresis.xml (RunModel)" time="0.193" />
  <testcase classname="ptolemy.util.test.junit.AutoTests" name="[62] /home/travis/build/icyphy/ptII/ptolemy/domains/continuous/test/auto/HysteresisWithRandomDelay.xml (RunModel)" time="0.247" />
  <testcase classname="ptolemy.util.test.junit.AutoTests" name="[63] /home/travis/build/icyphy/ptII/ptolemy/domains/continuous/test/auto/HysteresisWithRandomLosses.xml (RunModel)" time="2.439" />
  <testcase classname="ptolemy.util.test.junit.AutoTests" name="[64] /home/travis/build/icyphy/ptII/ptolemy/domains/continuous/test/auto/ImmediateTransitions.xml (RunModel)" time="0.036" />
  <testcase classname="ptolemy.util.test.junit.AutoTests" name="[65] /home/travis/build/icyphy/ptII/ptolemy/domains/continuous/test/auto/ImpulseFeedback.xml (RunModel)" time="0.02" />
  <testcase classname="ptolemy.util.test.junit.AutoTests" name="[66] /home/travis/build/icyphy/ptII/ptolemy/domains/continuous/test/auto/ImpulseFeedback2.xml (RunModel)" time="0.02" />
  <testcase classname="ptolemy.util.test.junit.AutoTests" name="[67] /home/travis/build/icyphy/ptII/ptolemy/domains/continuous/test/auto/IncreasingRatePoisson.xml (RunModel)" time="0.749" />
  <testcase classname="ptolemy.util.test.junit.AutoTests" name="[68] /home/travis/build/icyphy/ptII/ptolemy/domains/continuous/test/auto/InitialStateFeedback.xml (RunModel)" time="0.019" />
  <testcase classname="ptolemy.util.test.junit.AutoTests" name="[69] /home/travis/build/icyphy/ptII/ptolemy/domains/continuous/test/auto/Integration.xml (RunModel)" time="0.011" />
  <testcase classname="ptolemy.util.test.junit.AutoTests" name="[70] /home/travis/build/icyphy/ptII/ptolemy/domains/continuous/test/auto/Integration2.xml (RunModel)" time="0.087" />
  <testcase classname="ptolemy.util.test.junit.AutoTests" name="[71] /home/travis/build/icyphy/ptII/ptolemy/domains/continuous/test/auto/Integration3.xml (RunModel)" time="0.016" />
  <testcase classname="ptolemy.util.test.junit.AutoTests" name="[72] /home/travis/build/icyphy/ptII/ptolemy/domains/continuous/test/auto/Integration5.xml (RunModel)" time="0.009" />
  <testcase classname="ptolemy.util.test.junit.AutoTests" name="[73] /home/travis/build/icyphy/ptII/ptolemy/domains/continuous/test/auto/IntegratorImpulse.xml (RunModel)" time="0.012" />
  <testcase classname="ptolemy.util.test.junit.AutoTests" name="[74] /home/travis/build/icyphy/ptII/ptolemy/domains/continuous/test/auto/IntegratorImpulse2.xml (RunModel)" time="0.017" />
  <testcase classname="ptolemy.util.test.junit.AutoTests" name="[75] /home/travis/build/icyphy/ptII/ptolemy/domains/continuous/test/auto/LevelCrossing1.xml (RunModel)" time="0.012" />
  <testcase classname="ptolemy.util.test.junit.AutoTests" name="[76] /home/travis/build/icyphy/ptII/ptolemy/domains/continuous/test/auto/LevelCrossing2.xml (RunModel)" time="0.015" />
  <testcase classname="ptolemy.util.test.junit.AutoTests" name="[77] /home/travis/build/icyphy/ptII/ptolemy/domains/continuous/test/auto/LevelCrossing3.xml (RunModel)" time="0.011" />
  <testcase classname="ptolemy.util.test.junit.AutoTests" name="[78] /home/travis/build/icyphy/ptII/ptolemy/domains/continuous/test/auto/LevelCrossing4.xml (RunModel)" time="0.015" />
  <testcase classname="ptolemy.util.test.junit.AutoTests" name="[79] /home/travis/build/icyphy/ptII/ptolemy/domains/continuous/test/auto/LevelCrossing5.xml (RunModel)" time="0.014" />
  <testcase classname="ptolemy.util.test.junit.AutoTests" name="[80] /home/travis/build/icyphy/ptII/ptolemy/domains/continuous/test/auto/LevelCrossing6.xml (RunModel)" time="0.013" />
  <testcase classname="ptolemy.util.test.junit.AutoTests" name="[81] /home/travis/build/icyphy/ptII/ptolemy/domains/continuous/test/auto/LevelCrossingDetector.xml (RunModel)" time="0.044" />
  <testcase classname="ptolemy.util.test.junit.AutoTests" name="[82] /home/travis/build/icyphy/ptII/ptolemy/domains/continuous/test/auto/LevelCrossingDetectorDetectingDirections.xml (RunModel)" time="0.093" />
  <testcase classname="ptolemy.util.test.junit.AutoTests" name="[83] /home/travis/build/icyphy/ptII/ptolemy/domains/continuous/test/auto/LevelCrossingDetectorDetectsGlitches.xml (RunModel)" time="0.09" />
  <testcase classname="ptolemy.util.test.junit.AutoTests" name="[84] /home/travis/build/icyphy/ptII/ptolemy/domains/continuous/test/auto/LevelCrossingNoInitialOuput.xml (RunModel)" time="0.016" />
  <testcase classname="ptolemy.util.test.junit.AutoTests" name="[85] /home/travis/build/icyphy/ptII/ptolemy/domains/continuous/test/auto/LinearStateSpaceExample.xml (RunModel)" time="0.06" />
  <testcase classname="ptolemy.util.test.junit.AutoTests" name="[86] /home/travis/build/icyphy/ptII/ptolemy/domains/continuous/test/auto/Lorenz.xml (RunModel)" time="4.202" />
  <testcase classname="ptolemy.util.test.junit.AutoTests" name="[87] /home/travis/build/icyphy/ptII/ptolemy/domains/continuous/test/auto/LorenzDifferentialSystem.xml (RunModel)" time="1.069" />
  <testcase classname="ptolemy.util.test.junit.AutoTests" name="[88] /home/travis/build/icyphy/ptII/ptolemy/domains/continuous/test/auto/LorenzDifferentialSystemWithInput.xml (RunModel)" time="1.359" />
  <testcase classname="ptolemy.util.test.junit.AutoTests" name="[89] /home/travis/build/icyphy/ptII/ptolemy/domains/continuous/test/auto/LorenzDifferentialSystemWithTime.xml (RunModel)" time="0.711" />
  <testcase classname="ptolemy.util.test.junit.AutoTests" name="[90] /home/travis/build/icyphy/ptII/ptolemy/domains/continuous/test/auto/Microsteps.xml (RunModel)" time="0.038" />
  <testcase classname="ptolemy.util.test.junit.AutoTests" name="[91] /home/travis/build/icyphy/ptII/ptolemy/domains/continuous/test/auto/Modal1.xml (RunModel)" time="0.049" />
  <testcase classname="ptolemy.util.test.junit.AutoTests" name="[92] /home/travis/build/icyphy/ptII/ptolemy/domains/continuous/test/auto/Modal2.xml (RunModel)" time="0.055" />
  <testcase classname="ptolemy.util.test.junit.AutoTests" name="[93] /home/travis/build/icyphy/ptII/ptolemy/domains/continuous/test/auto/ModalTransitionGuardWithReset.xml (RunModel)" time="0.024" />
  <testcase classname="ptolemy.util.test.junit.AutoTests" name="[94] /home/travis/build/icyphy/ptII/ptolemy/domains/continuous/test/auto/ModalTransitionGuardWithResetUsingPreemptiveTransition.xml (RunModel)" time="0.031" />
  <testcase classname="ptolemy.util.test.junit.AutoTests" name="[95] /home/travis/build/icyphy/ptII/ptolemy/domains/continuous/test/auto/ModalTransitionGuardWithResetUsingPreemptiveTransition2.xml (RunModel)" time="0.036" />
  <testcase classname="ptolemy.util.test.junit.AutoTests" name="[96] /home/travis/build/icyphy/ptII/ptolemy/domains/continuous/test/auto/ModalTransitionGuardWithResetUsingPreemptiveTransition3.xml (RunModel)" time="0.03" />
  <testcase classname="ptolemy.util.test.junit.AutoTests" name="[97] /home/travis/build/icyphy/ptII/ptolemy/domains/continuous/test/auto/NewtonsCradle.xml (RunModel)" time="0.824" />
  <testcase classname="ptolemy.util.test.junit.AutoTests" name="[98] /home/travis/build/icyphy/ptII/ptolemy/domains/continuous/test/auto/NewtonsCradleAnimated.xml (RunModel)" time="1.443" />
  <testcase classname="ptolemy.util.test.junit.AutoTests" name="[99] /home/travis/build/icyphy/ptII/ptolemy/domains/continuous/test/auto/NewtonsCradleComplicated.xml (RunModel)" time="0.978" />
  <testcase classname="ptolemy.util.test.junit.AutoTests" name="[100] /home/travis/build/icyphy/ptII/ptolemy/domains/continuous/test/auto/NewtonsCradleNondeterministic.xml (RunModel)" time="0.708" />
  <testcase classname="ptolemy.util.test.junit.AutoTests" name="[101] /home/travis/build/icyphy/ptII/ptolemy/domains/continuous/test/auto/NewtonsCradlePerfectlyInelastic1.xml (RunModel)" time="1.264" />
  <testcase classname="ptolemy.util.test.junit.AutoTests" name="[102] /home/travis/build/icyphy/ptII/ptolemy/domains/continuous/test/auto/Noise.xml (RunModel)" time="0.179" />
  <testcase classname="ptolemy.util.test.junit.AutoTests" name="[103] /home/travis/build/icyphy/ptII/ptolemy/domains/continuous/test/auto/NoiseSpectrum.xml (RunModel)" time="0.861" />
  <testcase classname="ptolemy.util.test.junit.AutoTests" name="[104] /home/travis/build/icyphy/ptII/ptolemy/domains/continuous/test/auto/ParameterizedNewtonsCradleAnimated.xml (RunModel)" time="0.398" />
  <testcase classname="ptolemy.util.test.junit.AutoTests" name="[105] /home/travis/build/icyphy/ptII/ptolemy/domains/continuous/test/auto/ParameterizedNewtonsCradleAnimatedNondeterministic.xml (RunModel)" time="1.19" />
  <testcase classname="ptolemy.util.test.junit.AutoTests" name="[106] /home/travis/build/icyphy/ptII/ptolemy/domains/continuous/test/auto/Pendulum3D.xml (RunModel)" time="0.16" />
  <testcase classname="ptolemy.util.test.junit.AutoTests" name="[107] /home/travis/build/icyphy/ptII/ptolemy/domains/continuous/test/auto/PeriodicSampler.xml (RunModel)" time="0.013" />
  <testcase classname="ptolemy.util.test.junit.AutoTests" name="[108] /home/travis/build/icyphy/ptII/ptolemy/domains/continuous/test/auto/PeriodicSampler1.xml (RunModel)" time="0.058" />
  <testcase classname="ptolemy.util.test.junit.AutoTests" name="[109] /home/travis/build/icyphy/ptII/ptolemy/domains/continuous/test/auto/PeriodicSampler2.xml (RunModel)" time="0.097" />
  <testcase classname="ptolemy.util.test.junit.AutoTests" name="[110] /home/travis/build/icyphy/ptII/ptolemy/domains/continuous/test/auto/Poisson.xml (RunModel)" time="0.522" />
  <testcase classname="ptolemy.util.test.junit.AutoTests" name="[111] /home/travis/build/icyphy/ptII/ptolemy/domains/continuous/test/auto/PoissonClock.xml (RunModel)" time="0.013" />
  <testcase classname="ptolemy.util.test.junit.AutoTests" name="[112] /home/travis/build/icyphy/ptII/ptolemy/domains/continuous/test/auto/PoissonClock2.xml (RunModel)" time="0.012" />
  <testcase classname="ptolemy.util.test.junit.AutoTests" name="[113] /home/travis/build/icyphy/ptII/ptolemy/domains/continuous/test/auto/PortParameterHierarchy.xml (RunModel)" time="0.033" />
  <testcase classname="ptolemy.util.test.junit.AutoTests" name="[114] /home/travis/build/icyphy/ptII/ptolemy/domains/continuous/test/auto/RandomHybridPlant.xml (RunModel)" time="0.546" />
  <testcase classname="ptolemy.util.test.junit.AutoTests" name="[115] /home/travis/build/icyphy/ptII/ptolemy/domains/continuous/test/auto/ResetTransitionWithStartTime1.xml (RunModel)" time="0.038" />
  <testcase classname="ptolemy.util.test.junit.AutoTests" name="[116] /home/travis/build/icyphy/ptII/ptolemy/domains/continuous/test/auto/ResetTransitionWithStartTime2.xml (RunModel)" time="0.046" />
  <testcase classname="ptolemy.util.test.junit.AutoTests" name="[117] /home/travis/build/icyphy/ptII/ptolemy/domains/continuous/test/auto/ResetTransitionWithStartTime3.xml (RunModel)" time="0.038" />
  <testcase classname="ptolemy.util.test.junit.AutoTests" name="[118] /home/travis/build/icyphy/ptII/ptolemy/domains/continuous/test/auto/ResetTransitionWithStartTime4.xml (RunModel)" time="0.031" />
  <testcase classname="ptolemy.util.test.junit.AutoTests" name="[119] /home/travis/build/icyphy/ptII/ptolemy/domains/continuous/test/auto/ResetTransitionWithStartTime5.xml (RunModel)" time="0.047" />
  <testcase classname="ptolemy.util.test.junit.AutoTests" name="[120] /home/travis/build/icyphy/ptII/ptolemy/domains/continuous/test/auto/ResetTransitionWithStartTime6.xml (RunModel)" time="0.025" />
  <testcase classname="ptolemy.util.test.junit.AutoTests" name="[121] /home/travis/build/icyphy/ptII/ptolemy/domains/continuous/test/auto/SRinContinuous.xml (RunModel)" time="0.02" />
  <testcase classname="ptolemy.util.test.junit.AutoTests" name="[122] /home/travis/build/icyphy/ptII/ptolemy/domains/continuous/test/auto/SampledClocks.xml (RunModel)" time="0.032" />
  <testcase classname="ptolemy.util.test.junit.AutoTests" name="[123] /home/travis/build/icyphy/ptII/ptolemy/domains/continuous/test/auto/Satellite.xml (RunModel)" time="0.937" />
  <testcase classname="ptolemy.util.test.junit.AutoTests" name="[124] /home/travis/build/icyphy/ptII/ptolemy/domains/continuous/test/auto/SigmaDelta.xml (RunModel)" time="2.658" />
  <testcase classname="ptolemy.util.test.junit.AutoTests" name="[125] /home/travis/build/icyphy/ptII/ptolemy/domains/continuous/test/auto/SingleRefinement.xml (RunModel)" time="0.425" />
  <testcase classname="ptolemy.util.test.junit.AutoTests" name="[126] /home/travis/build/icyphy/ptII/ptolemy/domains/continuous/test/auto/SinuBouncingBall.xml (RunModel)" time="0.882" />
  <testcase classname="ptolemy.util.test.junit.AutoTests" name="[127] /home/travis/build/icyphy/ptII/ptolemy/domains/continuous/test/auto/Sinusoid.xml (RunModel)" time="0.022" />
  <testcase classname="ptolemy.util.test.junit.AutoTests" name="[128] /home/travis/build/icyphy/ptII/ptolemy/domains/continuous/test/auto/SinusoidInNoise.xml (RunModel)" time="1.063" />
  <testcase classname="ptolemy.util.test.junit.AutoTests" name="[129] /home/travis/build/icyphy/ptII/ptolemy/domains/continuous/test/auto/SinusoidRK45.xml (RunModel)" time="0.01" />
  <testcase classname="ptolemy.util.test.junit.AutoTests" name="[130] /home/travis/build/icyphy/ptII/ptolemy/domains/continuous/test/auto/SinusoidWithMultipleImpulses.xml (RunModel)" time="0.01" />
  <testcase classname="ptolemy.util.test.junit.AutoTests" name="[131] /home/travis/build/icyphy/ptII/ptolemy/domains/continuous/test/auto/SquareWave.xml (RunModel)" time="0.188" />
  <testcase classname="ptolemy.util.test.junit.AutoTests" name="[132] /home/travis/build/icyphy/ptII/ptolemy/domains/continuous/test/auto/Starmac.xml (RunModel)" time="3.416" />
  <testcase classname="ptolemy.util.test.junit.AutoTests" name="[133] /home/travis/build/icyphy/ptII/ptolemy/domains/continuous/test/auto/StaticUnits.xml (RunModel)" time="2.801" />
  <testcase classname="ptolemy.util.test.junit.AutoTests" name="[134] /home/travis/build/icyphy/ptII/ptolemy/domains/continuous/test/auto/StickyMasses.xml (RunModel)" time="0.185" />
  <testcase classname="ptolemy.util.test.junit.AutoTests" name="[135] /home/travis/build/icyphy/ptII/ptolemy/domains/continuous/test/auto/StopTime.xml (RunModel)" time="0.077" />
  <testcase classname="ptolemy.util.test.junit.AutoTests" name="[136] /home/travis/build/icyphy/ptII/ptolemy/domains/continuous/test/auto/StopTime2.xml (RunModel)" time="0.056" />
  <testcase classname="ptolemy.util.test.junit.AutoTests" name="[137] /home/travis/build/icyphy/ptII/ptolemy/domains/continuous/test/auto/Switch.xml (RunModel)" time="0.073" />
  <testcase classname="ptolemy.util.test.junit.AutoTests" name="[138] /home/travis/build/icyphy/ptII/ptolemy/domains/continuous/test/auto/Thermostat.xml (RunModel)" time="0.204" />
  <testcase classname="ptolemy.util.test.junit.AutoTests" name="[139] /home/travis/build/icyphy/ptII/ptolemy/domains/continuous/test/auto/TimeDelay.xml (RunModel)" time="0.013" />
  <testcase classname="ptolemy.util.test.junit.AutoTests" name="[140] /home/travis/build/icyphy/ptII/ptolemy/domains/continuous/test/auto/TimeDelay2.xml (RunModel)" time="0.024" />
  <testcase classname="ptolemy.util.test.junit.AutoTests" name="[141] /home/travis/build/icyphy/ptII/ptolemy/domains/continuous/test/auto/TimeDelay3.xml (RunModel)" time="0.01" />
  <testcase classname="ptolemy.util.test.junit.AutoTests" name="[142] /home/travis/build/icyphy/ptII/ptolemy/domains/continuous/test/auto/TransferAbsentToInside.xml (RunModel)" time="0.097" />
  <testcase classname="ptolemy.util.test.junit.AutoTests" name="[143] /home/travis/build/icyphy/ptII/ptolemy/domains/continuous/test/auto/Transmission.xml (RunModel)" time="0.82" />
  <testcase classname="ptolemy.util.test.junit.AutoTests" name="[144] /home/travis/build/icyphy/ptII/ptolemy/domains/continuous/test/auto/TriggeredContinuousClock.xml (RunModel)" time="0.067" />
  <testcase classname="ptolemy.util.test.junit.AutoTests" name="[145] /home/travis/build/icyphy/ptII/ptolemy/domains/continuous/test/auto/TwoMachineInfiniteBusControl.xml (RunModel)" time="2.991" />
  <testcase classname="ptolemy.util.test.junit.AutoTests" name="[146] /home/travis/build/icyphy/ptII/ptolemy/domains/continuous/test/auto/V2V.xml (RunModel)" time="0.87" />
  <testcase classname="ptolemy.util.test.junit.AutoTests" name="[147] /home/travis/build/icyphy/ptII/ptolemy/domains/continuous/test/auto/hierarchicalModalModel.xml (RunModel)" time="0.036" />
  <testcase classname="ptolemy.util.test.junit.AutoTests" name="[148] /home/travis/build/icyphy/ptII/ptolemy/domains/continuous/test/auto/hierarchicalModalModel1.xml (RunModel)" time="0.03" />
  <testcase classname="ptolemy.util.test.junit.AutoTests" name="[149] /home/travis/build/icyphy/ptII/ptolemy/domains/continuous/test/auto/hierarchicalModalModel2.xml (RunModel)" time="0.031" />
  <testcase classname="ptolemy.util.test.junit.AutoTests" name="[150] /home/travis/build/icyphy/ptII/ptolemy/domains/continuous/test/auto/hierarchicalModalModel3.xml (RunModel)" time="0.024" />
  <testcase classname="ptolemy.util.test.junit.AutoTests" name="[151] /home/travis/build/icyphy/ptII/ptolemy/domains/continuous/test/auto/hierarchicalModalModel4.xml (RunModel)" time="0.027" />
  <testcase classname="ptolemy.util.test.junit.AutoTests" name="[152] /home/travis/build/icyphy/ptII/ptolemy/domains/continuous/test/auto/junk.xml (RunModel)" time="0.168" />
  <system-out><![CDATA[No tcl tests in /home/travis/build/icyphy/ptII/ptolemy/domains/continuous/test
No auto/knownFailedTests/*.xml tests in /home/travis/build/icyphy/ptII/ptolemy/domains/continuous/test
No auto/linux-amd64/*.xml tests in /home/travis/build/icyphy/ptII/ptolemy/domains/continuous/test
AutoTests.java: About to close Vertx.
AutoTests.java: Vertx closed.

===========================================================================================
----------------- testing Fri Nov 15 06:14:13 UTC 2019 /home/travis/build/icyphy/ptII/ptolemy/domains/continuous/test/auto/BouncingBall.xml
----------------- Instantiating /home/travis/build/icyphy/ptII/ptolemy/domains/continuous/test/auto/BouncingBall.xml
2467 ms. Memory: 153600K Free: 95846K (62%)
----------------- Invoking toplevel() on ptolemy.moml.MoMLSimpleApplication@3c2b036b
----------------- Done invoking toplevel() on ptolemy.moml.MoMLSimpleApplication@3c2b036b
reloadAllAccessors: .BouncingBall

===========================================================================================
----------------- testing Fri Nov 15 06:14:16 UTC 2019 /home/travis/build/icyphy/ptII/ptolemy/domains/continuous/test/auto/BouncingBallWithoutGR.xml
----------------- Instantiating /home/travis/build/icyphy/ptII/ptolemy/domains/continuous/test/auto/BouncingBallWithoutGR.xml
885 ms. Memory: 153600K Free: 95843K (62%)
----------------- Invoking toplevel() on ptolemy.moml.MoMLSimpleApplication@3bc47196
----------------- Done invoking toplevel() on ptolemy.moml.MoMLSimpleApplication@3bc47196
reloadAllAccessors: .BouncingBallWithoutGR

===========================================================================================
----------------- testing Fri Nov 15 06:14:17 UTC 2019 /home/travis/build/icyphy/ptII/ptolemy/domains/continuous/test/auto/Brownian.xml
----------------- Instantiating /home/travis/build/icyphy/ptII/ptolemy/domains/continuous/test/auto/Brownian.xml
30 ms. Memory: 153600K Free: 87137K (57%)
----------------- Invoking toplevel() on ptolemy.moml.MoMLSimpleApplication@52b61e1c
----------------- Done invoking toplevel() on ptolemy.moml.MoMLSimpleApplication@52b61e1c
reloadAllAccessors: .Brownian

===========================================================================================
----------------- testing Fri Nov 15 06:14:18 UTC 2019 /home/travis/build/icyphy/ptII/ptolemy/domains/continuous/test/auto/CarTracking.xml
----------------- Instantiating /home/travis/build/icyphy/ptII/ptolemy/domains/continuous/test/auto/CarTracking.xml
3600 ms. Memory: 232448K Free: 146090K (63%)
----------------- Invoking toplevel() on ptolemy.moml.MoMLSimpleApplication@157c1814
----------------- Done invoking toplevel() on ptolemy.moml.MoMLSimpleApplication@157c1814
reloadAllAccessors: .CarTracking

===========================================================================================
----------------- testing Fri Nov 15 06:14:22 UTC 2019 /home/travis/build/icyphy/ptII/ptolemy/domains/continuous/test/auto/CartPendulum.xml
----------------- Instantiating /home/travis/build/icyphy/ptII/ptolemy/domains/continuous/test/auto/CartPendulum.xml
362 ms. Memory: 232448K Free: 192436K (83%)
----------------- Invoking toplevel() on ptolemy.moml.MoMLSimpleApplication@1b4e1506
----------------- Done invoking toplevel() on ptolemy.moml.MoMLSimpleApplication@1b4e1506
reloadAllAccessors: .CartPendulum

===========================================================================================
----------------- testing Fri Nov 15 06:14:22 UTC 2019 /home/travis/build/icyphy/ptII/ptolemy/domains/continuous/test/auto/CausalityInterface10.xml
----------------- Instantiating /home/travis/build/icyphy/ptII/ptolemy/domains/continuous/test/auto/CausalityInterface10.xml
10 ms. Memory: 232448K Free: 181682K (78%)
----------------- Invoking toplevel() on ptolemy.moml.MoMLSimpleApplication@49b83bc1
----------------- Done invoking toplevel() on ptolemy.moml.MoMLSimpleApplication@49b83bc1
reloadAllAccessors: .CausalityInterface10

===========================================================================================
----------------- testing Fri Nov 15 06:14:22 UTC 2019 /home/travis/build/icyphy/ptII/ptolemy/domains/continuous/test/auto/CausalityInterface11.xml
----------------- Instantiating /home/travis/build/icyphy/ptII/ptolemy/domains/continuous/test/auto/CausalityInterface11.xml
9 ms. Memory: 232448K Free: 175524K (76%)
----------------- Invoking toplevel() on ptolemy.moml.MoMLSimpleApplication@50c6fe08
----------------- Done invoking toplevel() on ptolemy.moml.MoMLSimpleApplication@50c6fe08
reloadAllAccessors: .CausalityInterface11

===========================================================================================
----------------- testing Fri Nov 15 06:14:22 UTC 2019 /home/travis/build/icyphy/ptII/ptolemy/domains/continuous/test/auto/CausalityInterface12.xml
----------------- Instantiating /home/travis/build/icyphy/ptII/ptolemy/domains/continuous/test/auto/CausalityInterface12.xml
8 ms. Memory: 232448K Free: 169380K (73%)
----------------- Invoking toplevel() on ptolemy.moml.MoMLSimpleApplication@883981f
----------------- Done invoking toplevel() on ptolemy.moml.MoMLSimpleApplication@883981f
reloadAllAccessors: .CausalityInterface12

===========================================================================================
----------------- testing Fri Nov 15 06:14:22 UTC 2019 /home/travis/build/icyphy/ptII/ptolemy/domains/continuous/test/auto/CausalityInterface13.xml
----------------- Instantiating /home/travis/build/icyphy/ptII/ptolemy/domains/continuous/test/auto/CausalityInterface13.xml
7 ms. Memory: 232448K Free: 163236K (70%)
----------------- Invoking toplevel() on ptolemy.moml.MoMLSimpleApplication@7c2a7d4d
----------------- Done invoking toplevel() on ptolemy.moml.MoMLSimpleApplication@7c2a7d4d
reloadAllAccessors: .CausalityInterface13

===========================================================================================
----------------- testing Fri Nov 15 06:14:22 UTC 2019 /home/travis/build/icyphy/ptII/ptolemy/domains/continuous/test/auto/CausalityInterface14.xml
----------------- Instantiating /home/travis/build/icyphy/ptII/ptolemy/domains/continuous/test/auto/CausalityInterface14.xml
5 ms. Memory: 232448K Free: 157620K (68%)
----------------- Invoking toplevel() on ptolemy.moml.MoMLSimpleApplication@1cba0bee
----------------- Done invoking toplevel() on ptolemy.moml.MoMLSimpleApplication@1cba0bee
reloadAllAccessors: .CausalityInterface14

===========================================================================================
----------------- testing Fri Nov 15 06:14:22 UTC 2019 /home/travis/build/icyphy/ptII/ptolemy/domains/continuous/test/auto/CausalityInterface4.xml
----------------- Instantiating /home/travis/build/icyphy/ptII/ptolemy/domains/continuous/test/auto/CausalityInterface4.xml
11 ms. Memory: 232448K Free: 150962K (65%)
----------------- Invoking toplevel() on ptolemy.moml.MoMLSimpleApplication@76ce3c69
----------------- Done invoking toplevel() on ptolemy.moml.MoMLSimpleApplication@76ce3c69
reloadAllAccessors: .CausalityInterface4

===========================================================================================
----------------- testing Fri Nov 15 06:14:22 UTC 2019 /home/travis/build/icyphy/ptII/ptolemy/domains/continuous/test/auto/CausalityInterface5.xml
----------------- Instantiating /home/travis/build/icyphy/ptII/ptolemy/domains/continuous/test/auto/CausalityInterface5.xml
4 ms. Memory: 232448K Free: 142770K (61%)
----------------- Invoking toplevel() on ptolemy.moml.MoMLSimpleApplication@2e81e637
----------------- Done invoking toplevel() on ptolemy.moml.MoMLSimpleApplication@2e81e637
reloadAllAccessors: .CausalityInterface5

===========================================================================================
----------------- testing Fri Nov 15 06:14:22 UTC 2019 /home/travis/build/icyphy/ptII/ptolemy/domains/continuous/test/auto/CausalityInterface6.xml
----------------- Instantiating /home/travis/build/icyphy/ptII/ptolemy/domains/continuous/test/auto/CausalityInterface6.xml
6 ms. Memory: 232448K Free: 137140K (59%)
----------------- Invoking toplevel() on ptolemy.moml.MoMLSimpleApplication@6e2c528f
----------------- Done invoking toplevel() on ptolemy.moml.MoMLSimpleApplication@6e2c528f
reloadAllAccessors: .CausalityInterface6

===========================================================================================
----------------- testing Fri Nov 15 06:14:22 UTC 2019 /home/travis/build/icyphy/ptII/ptolemy/domains/continuous/test/auto/CausalityInterface7.xml
----------------- Instantiating /home/travis/build/icyphy/ptII/ptolemy/domains/continuous/test/auto/CausalityInterface7.xml
11 ms. Memory: 232448K Free: 128948K (55%)
----------------- Invoking toplevel() on ptolemy.moml.MoMLSimpleApplication@6ed42f89
----------------- Done invoking toplevel() on ptolemy.moml.MoMLSimpleApplication@6ed42f89
reloadAllAccessors: .CausalityInterface7

===========================================================================================
----------------- testing Fri Nov 15 06:14:22 UTC 2019 /home/travis/build/icyphy/ptII/ptolemy/domains/continuous/test/auto/CausalityInterface8.xml
----------------- Instantiating /home/travis/build/icyphy/ptII/ptolemy/domains/continuous/test/auto/CausalityInterface8.xml
15 ms. Memory: 232448K Free: 119732K (52%)
----------------- Invoking toplevel() on ptolemy.moml.MoMLSimpleApplication@57028cb9
----------------- Done invoking toplevel() on ptolemy.moml.MoMLSimpleApplication@57028cb9
reloadAllAccessors: .CausalityInterface8

===========================================================================================
----------------- testing Fri Nov 15 06:14:22 UTC 2019 /home/travis/build/icyphy/ptII/ptolemy/domains/continuous/test/auto/CausalityInterface9.xml
----------------- Instantiating /home/travis/build/icyphy/ptII/ptolemy/domains/continuous/test/auto/CausalityInterface9.xml
10 ms. Memory: 232448K Free: 108978K (47%)
----------------- Invoking toplevel() on ptolemy.moml.MoMLSimpleApplication@5f9694ac
----------------- Done invoking toplevel() on ptolemy.moml.MoMLSimpleApplication@5f9694ac
reloadAllAccessors: .CausalityInterface9

===========================================================================================
----------------- testing Fri Nov 15 06:14:23 UTC 2019 /home/travis/build/icyphy/ptII/ptolemy/domains/continuous/test/auto/CausalityInterfaceFeedback1.xml
----------------- Instantiating /home/travis/build/icyphy/ptII/ptolemy/domains/continuous/test/auto/CausalityInterfaceFeedback1.xml
6 ms. Memory: 232448K Free: 102324K (44%)
----------------- Invoking toplevel() on ptolemy.moml.MoMLSimpleApplication@266cea0a
----------------- Done invoking toplevel() on ptolemy.moml.MoMLSimpleApplication@266cea0a
reloadAllAccessors: .CausalityInterfaceFeedback1

===========================================================================================
----------------- testing Fri Nov 15 06:14:23 UTC 2019 /home/travis/build/icyphy/ptII/ptolemy/domains/continuous/test/auto/CausalityInterfaceFeedback2.xml
----------------- Instantiating /home/travis/build/icyphy/ptII/ptolemy/domains/continuous/test/auto/CausalityInterfaceFeedback2.xml
6 ms. Memory: 232448K Free: 95666K (41%)
----------------- Invoking toplevel() on ptolemy.moml.MoMLSimpleApplication@68683a3d
----------------- Done invoking toplevel() on ptolemy.moml.MoMLSimpleApplication@68683a3d
reloadAllAccessors: .CausalityInterfaceFeedback2

===========================================================================================
----------------- testing Fri Nov 15 06:14:23 UTC 2019 /home/travis/build/icyphy/ptII/ptolemy/domains/continuous/test/auto/CompareWithCurrentTime.xml
----------------- Instantiating /home/travis/build/icyphy/ptII/ptolemy/domains/continuous/test/auto/CompareWithCurrentTime.xml
4 ms. Memory: 232448K Free: 91570K (39%)
----------------- Invoking toplevel() on ptolemy.moml.MoMLSimpleApplication@23fbe5b2
----------------- Done invoking toplevel() on ptolemy.moml.MoMLSimpleApplication@23fbe5b2
reloadAllAccessors: .CompareWithCurrentTime

===========================================================================================
----------------- testing Fri Nov 15 06:14:23 UTC 2019 /home/travis/build/icyphy/ptII/ptolemy/domains/continuous/test/auto/ComparedClocks.xml
----------------- Instantiating /home/travis/build/icyphy/ptII/ptolemy/domains/continuous/test/auto/ComparedClocks.xml
6 ms. Memory: 232448K Free: 213768K (92%)
----------------- Invoking toplevel() on ptolemy.moml.MoMLSimpleApplication@46f6278c
----------------- Done invoking toplevel() on ptolemy.moml.MoMLSimpleApplication@46f6278c
reloadAllAccessors: .ComparedClocks

===========================================================================================
----------------- testing Fri Nov 15 06:14:23 UTC 2019 /home/travis/build/icyphy/ptII/ptolemy/domains/continuous/test/auto/ContinuousAOCClone.xml
----------------- Instantiating /home/travis/build/icyphy/ptII/ptolemy/domains/continuous/test/auto/ContinuousAOCClone.xml
2513 ms. Memory: 232448K Free: 114316K (49%)
----------------- Invoking toplevel() on ptolemy.moml.MoMLSimpleApplication@3fae4966
----------------- Done invoking toplevel() on ptolemy.moml.MoMLSimpleApplication@3fae4966
reloadAllAccessors: .ContinuousAOCClone

===========================================================================================
----------------- testing Fri Nov 15 06:14:25 UTC 2019 /home/travis/build/icyphy/ptII/ptolemy/domains/continuous/test/auto/ContinuousClock.xml
----------------- Instantiating /home/travis/build/icyphy/ptII/ptolemy/domains/continuous/test/auto/ContinuousClock.xml
34 ms. Memory: 232448K Free: 92812K (40%)
----------------- Invoking toplevel() on ptolemy.moml.MoMLSimpleApplication@47e07dc6
----------------- Done invoking toplevel() on ptolemy.moml.MoMLSimpleApplication@47e07dc6
reloadAllAccessors: .ContinuousClock

===========================================================================================
----------------- testing Fri Nov 15 06:14:26 UTC 2019 /home/travis/build/icyphy/ptII/ptolemy/domains/continuous/test/auto/ContinuousInContinuous.xml
----------------- Instantiating /home/travis/build/icyphy/ptII/ptolemy/domains/continuous/test/auto/ContinuousInContinuous.xml
55 ms. Memory: 279552K Free: 253565K (91%)
----------------- Invoking toplevel() on ptolemy.moml.MoMLSimpleApplication@210be6bb
----------------- Done invoking toplevel() on ptolemy.moml.MoMLSimpleApplication@210be6bb
reloadAllAccessors: .ContinuousInContinuous

===========================================================================================
----------------- testing Fri Nov 15 06:14:26 UTC 2019 /home/travis/build/icyphy/ptII/ptolemy/domains/continuous/test/auto/ContinuousInContinuousInContinuous.xml
----------------- Instantiating /home/travis/build/icyphy/ptII/ptolemy/domains/continuous/test/auto/ContinuousInContinuousInContinuous.xml
10 ms. Memory: 279552K Free: 245373K (88%)
----------------- Invoking toplevel() on ptolemy.moml.MoMLSimpleApplication@b52118f
----------------- Done invoking toplevel() on ptolemy.moml.MoMLSimpleApplication@b52118f
reloadAllAccessors: .ContinuousInContinuousInContinuous

===========================================================================================
----------------- testing Fri Nov 15 06:14:26 UTC 2019 /home/travis/build/icyphy/ptII/ptolemy/domains/continuous/test/auto/ContinuousInDE.xml
----------------- Instantiating /home/travis/build/icyphy/ptII/ptolemy/domains/continuous/test/auto/ContinuousInDE.xml
83 ms. Memory: 279552K Free: 235643K (84%)
----------------- Invoking toplevel() on ptolemy.moml.MoMLSimpleApplication@1b1d0252
----------------- Done invoking toplevel() on ptolemy.moml.MoMLSimpleApplication@1b1d0252
reloadAllAccessors: .ContinuousInDE

===========================================================================================
----------------- testing Fri Nov 15 06:14:26 UTC 2019 /home/travis/build/icyphy/ptII/ptolemy/domains/continuous/test/auto/ContinuousInDE2.xml
----------------- Instantiating /home/travis/build/icyphy/ptII/ptolemy/domains/continuous/test/auto/ContinuousInDE2.xml
42 ms. Memory: 279552K Free: 225917K (81%)
----------------- Invoking toplevel() on ptolemy.moml.MoMLSimpleApplication@277659e3
----------------- Done invoking toplevel() on ptolemy.moml.MoMLSimpleApplication@277659e3
reloadAllAccessors: .ContinuousInDE2

===========================================================================================
----------------- testing Fri Nov 15 06:14:26 UTC 2019 /home/travis/build/icyphy/ptII/ptolemy/domains/continuous/test/auto/ContinuousInDE3.xml
----------------- Instantiating /home/travis/build/icyphy/ptII/ptolemy/domains/continuous/test/auto/ContinuousInDE3.xml
51 ms. Memory: 279552K Free: 216187K (77%)
----------------- Invoking toplevel() on ptolemy.moml.MoMLSimpleApplication@22e5723e
----------------- Done invoking toplevel() on ptolemy.moml.MoMLSimpleApplication@22e5723e
reloadAllAccessors: .ContinuousInDE3

===========================================================================================
----------------- testing Fri Nov 15 06:14:26 UTC 2019 /home/travis/build/icyphy/ptII/ptolemy/domains/continuous/test/auto/ContinuousInDE4.xml
----------------- Instantiating /home/travis/build/icyphy/ptII/ptolemy/domains/continuous/test/auto/ContinuousInDE4.xml
17 ms. Memory: 279552K Free: 210043K (75%)
----------------- Invoking toplevel() on ptolemy.moml.MoMLSimpleApplication@63bf285f
----------------- Done invoking toplevel() on ptolemy.moml.MoMLSimpleApplication@63bf285f
reloadAllAccessors: .ContinuousInDE4

===========================================================================================
----------------- testing Fri Nov 15 06:14:26 UTC 2019 /home/travis/build/icyphy/ptII/ptolemy/domains/continuous/test/auto/ContinuousInDEDifferentRefinements.xml
----------------- Instantiating /home/travis/build/icyphy/ptII/ptolemy/domains/continuous/test/auto/ContinuousInDEDifferentRefinements.xml
69 ms. Memory: 279552K Free: 179308K (64%)
----------------- Invoking toplevel() on ptolemy.moml.MoMLSimpleApplication@13921d2f
----------------- Done invoking toplevel() on ptolemy.moml.MoMLSimpleApplication@13921d2f
reloadAllAccessors: .ContinuousInDEDifferentRefinements

===========================================================================================
----------------- testing Fri Nov 15 06:14:26 UTC 2019 /home/travis/build/icyphy/ptII/ptolemy/domains/continuous/test/auto/ContinuousInDEDifferentRefinementsPreemptive.xml
----------------- Instantiating /home/travis/build/icyphy/ptII/ptolemy/domains/continuous/test/auto/ContinuousInDEDifferentRefinementsPreemptive.xml
52 ms. Memory: 279552K Free: 148093K (53%)
----------------- Invoking toplevel() on ptolemy.moml.MoMLSimpleApplication@52826b35
----------------- Done invoking toplevel() on ptolemy.moml.MoMLSimpleApplication@52826b35
reloadAllAccessors: .ContinuousInDEDifferentRefinementsPreemptive

===========================================================================================
----------------- testing Fri Nov 15 06:14:26 UTC 2019 /home/travis/build/icyphy/ptII/ptolemy/domains/continuous/test/auto/ContinuousInDEInContinuous2.xml
----------------- Instantiating /home/travis/build/icyphy/ptII/ptolemy/domains/continuous/test/auto/ContinuousInDEInContinuous2.xml
43 ms. Memory: 279552K Free: 136829K (49%)
----------------- Invoking toplevel() on ptolemy.moml.MoMLSimpleApplication@333df111
----------------- Done invoking toplevel() on ptolemy.moml.MoMLSimpleApplication@333df111
reloadAllAccessors: .ContinuousInDEInContinuous2

===========================================================================================
----------------- testing Fri Nov 15 06:14:26 UTC 2019 /home/travis/build/icyphy/ptII/ptolemy/domains/continuous/test/auto/ContinuousInDEInContinuous3.xml
----------------- Instantiating /home/travis/build/icyphy/ptII/ptolemy/domains/continuous/test/auto/ContinuousInDEInContinuous3.xml
38 ms. Memory: 279552K Free: 124541K (45%)
----------------- Invoking toplevel() on ptolemy.moml.MoMLSimpleApplication@1c403898
----------------- Done invoking toplevel() on ptolemy.moml.MoMLSimpleApplication@1c403898
reloadAllAccessors: .ContinuousInDEInContinuous3

===========================================================================================
----------------- testing Fri Nov 15 06:14:26 UTC 2019 /home/travis/build/icyphy/ptII/ptolemy/domains/continuous/test/auto/ContinuousInDEInput.xml
----------------- Instantiating /home/travis/build/icyphy/ptII/ptolemy/domains/continuous/test/auto/ContinuousInDEInput.xml
19 ms. Memory: 279552K Free: 117373K (42%)
----------------- Invoking toplevel() on ptolemy.moml.MoMLSimpleApplication@2f9a2bd9
----------------- Done invoking toplevel() on ptolemy.moml.MoMLSimpleApplication@2f9a2bd9
reloadAllAccessors: .ContinuousInDEInput

===========================================================================================
----------------- testing Fri Nov 15 06:14:26 UTC 2019 /home/travis/build/icyphy/ptII/ptolemy/domains/continuous/test/auto/ContinuousInDEInput2.xml
----------------- Instantiating /home/travis/build/icyphy/ptII/ptolemy/domains/continuous/test/auto/ContinuousInDEInput2.xml
26 ms. Memory: 279552K Free: 110205K (39%)
----------------- Invoking toplevel() on ptolemy.moml.MoMLSimpleApplication@1e554a0d
----------------- Done invoking toplevel() on ptolemy.moml.MoMLSimpleApplication@1e554a0d
reloadAllAccessors: .ContinuousInDEInput2

===========================================================================================
----------------- testing Fri Nov 15 06:14:26 UTC 2019 /home/travis/build/icyphy/ptII/ptolemy/domains/continuous/test/auto/ContinuousInDEInput3.xml
----------------- Instantiating /home/travis/build/icyphy/ptII/ptolemy/domains/continuous/test/auto/ContinuousInDEInput3.xml
16 ms. Memory: 279552K Free: 103037K (37%)
----------------- Invoking toplevel() on ptolemy.moml.MoMLSimpleApplication@6558d0cb
----------------- Done invoking toplevel() on ptolemy.moml.MoMLSimpleApplication@6558d0cb
reloadAllAccessors: .ContinuousInDEInput3

===========================================================================================
----------------- testing Fri Nov 15 06:14:26 UTC 2019 /home/travis/build/icyphy/ptII/ptolemy/domains/continuous/test/auto/ContinuousInDESharingRefinement.xml
----------------- Instantiating /home/travis/build/icyphy/ptII/ptolemy/domains/continuous/test/auto/ContinuousInDESharingRefinement.xml
164 ms. Memory: 279552K Free: 174694K (62%)
----------------- Invoking toplevel() on ptolemy.moml.MoMLSimpleApplication@5888aa15
----------------- Done invoking toplevel() on ptolemy.moml.MoMLSimpleApplication@5888aa15
reloadAllAccessors: .ContinuousInDESharingRefinement

===========================================================================================
----------------- testing Fri Nov 15 06:14:27 UTC 2019 /home/travis/build/icyphy/ptII/ptolemy/domains/continuous/test/auto/ContinuousInDEwithNoPorts.xml
----------------- Instantiating /home/travis/build/icyphy/ptII/ptolemy/domains/continuous/test/auto/ContinuousInDEwithNoPorts.xml
10 ms. Memory: 279552K Free: 170582K (61%)
----------------- Invoking toplevel() on ptolemy.moml.MoMLSimpleApplication@3edfae30
----------------- Done invoking toplevel() on ptolemy.moml.MoMLSimpleApplication@3edfae30
reloadAllAccessors: .ContinuousInDEwithNoPorts

===========================================================================================
----------------- testing Fri Nov 15 06:14:27 UTC 2019 /home/travis/build/icyphy/ptII/ptolemy/domains/continuous/test/auto/ContinuousInsideDE.xml
----------------- Instantiating /home/travis/build/icyphy/ptII/ptolemy/domains/continuous/test/auto/ContinuousInsideDE.xml
45 ms. Memory: 279552K Free: 158838K (57%)
----------------- Invoking toplevel() on ptolemy.moml.MoMLSimpleApplication@60d2a231
----------------- Done invoking toplevel() on ptolemy.moml.MoMLSimpleApplication@60d2a231
reloadAllAccessors: .ContinuousInsideDE

===========================================================================================
----------------- testing Fri Nov 15 06:14:27 UTC 2019 /home/travis/build/icyphy/ptII/ptolemy/domains/continuous/test/auto/ContinuousMerge1.xml
----------------- Instantiating /home/travis/build/icyphy/ptII/ptolemy/domains/continuous/test/auto/ContinuousMerge1.xml
3 ms. Memory: 279552K Free: 154214K (55%)
----------------- Invoking toplevel() on ptolemy.moml.MoMLSimpleApplication@162ead04
----------------- Done invoking toplevel() on ptolemy.moml.MoMLSimpleApplication@162ead04
reloadAllAccessors: .ContinuousMerge1

===========================================================================================
----------------- testing Fri Nov 15 06:14:27 UTC 2019 /home/travis/build/icyphy/ptII/ptolemy/domains/continuous/test/auto/ContinuousMerge2.xml
----------------- Instantiating /home/travis/build/icyphy/ptII/ptolemy/domains/continuous/test/auto/ContinuousMerge2.xml
17 ms. Memory: 279552K Free: 143988K (52%)
----------------- Invoking toplevel() on ptolemy.moml.MoMLSimpleApplication@1b7dbea7
----------------- Done invoking toplevel() on ptolemy.moml.MoMLSimpleApplication@1b7dbea7
reloadAllAccessors: .ContinuousMerge2

===========================================================================================
----------------- testing Fri Nov 15 06:14:27 UTC 2019 /home/travis/build/icyphy/ptII/ptolemy/domains/continuous/test/auto/ContinuousMerge3.xml
----------------- Instantiating /home/travis/build/icyphy/ptII/ptolemy/domains/continuous/test/auto/ContinuousMerge3.xml
48 ms. Memory: 279552K Free: 133238K (48%)
----------------- Invoking toplevel() on ptolemy.moml.MoMLSimpleApplication@6cf4f18f
----------------- Done invoking toplevel() on ptolemy.moml.MoMLSimpleApplication@6cf4f18f
reloadAllAccessors: .ContinuousMerge3

===========================================================================================
----------------- testing Fri Nov 15 06:14:27 UTC 2019 /home/travis/build/icyphy/ptII/ptolemy/domains/continuous/test/auto/ContinuousWithinContinuous.xml
----------------- Instantiating /home/travis/build/icyphy/ptII/ptolemy/domains/continuous/test/auto/ContinuousWithinContinuous.xml
38 ms. Memory: 279552K Free: 124022K (44%)
----------------- Invoking toplevel() on ptolemy.moml.MoMLSimpleApplication@a2d0c14
----------------- Done invoking toplevel() on ptolemy.moml.MoMLSimpleApplication@a2d0c14
reloadAllAccessors: .ContinuousWithinContinuous

===========================================================================================
----------------- testing Fri Nov 15 06:14:27 UTC 2019 /home/travis/build/icyphy/ptII/ptolemy/domains/continuous/test/auto/ContinuousWithinContinuous2.xml
----------------- Instantiating /home/travis/build/icyphy/ptII/ptolemy/domains/continuous/test/auto/ContinuousWithinContinuous2.xml
76 ms. Memory: 279552K Free: 113268K (41%)
----------------- Invoking toplevel() on ptolemy.moml.MoMLSimpleApplication@73b3e299
----------------- Done invoking toplevel() on ptolemy.moml.MoMLSimpleApplication@73b3e299
reloadAllAccessors: .ContinuousWithinContinuous2

===========================================================================================
----------------- testing Fri Nov 15 06:14:27 UTC 2019 /home/travis/build/icyphy/ptII/ptolemy/domains/continuous/test/auto/ContinuousWithinContinuous3.xml
----------------- Instantiating /home/travis/build/icyphy/ptII/ptolemy/domains/continuous/test/auto/ContinuousWithinContinuous3.xml
14 ms. Memory: 279552K Free: 106614K (38%)
----------------- Invoking toplevel() on ptolemy.moml.MoMLSimpleApplication@491adbd7
----------------- Done invoking toplevel() on ptolemy.moml.MoMLSimpleApplication@491adbd7
reloadAllAccessors: .ContinuousWithinContinuous3

===========================================================================================
----------------- testing Fri Nov 15 06:14:27 UTC 2019 /home/travis/build/icyphy/ptII/ptolemy/domains/continuous/test/auto/ContinuousWithinContinuous4.xml
----------------- Instantiating /home/travis/build/icyphy/ptII/ptolemy/domains/continuous/test/auto/ContinuousWithinContinuous4.xml
81 ms. Memory: 279552K Free: 260172K (93%)
----------------- Invoking toplevel() on ptolemy.moml.MoMLSimpleApplication@5859dd10
----------------- Done invoking toplevel() on ptolemy.moml.MoMLSimpleApplication@5859dd10
reloadAllAccessors: .ContinuousWithinContinuous4

===========================================================================================
----------------- testing Fri Nov 15 06:14:27 UTC 2019 /home/travis/build/icyphy/ptII/ptolemy/domains/continuous/test/auto/ContinuousWithinContinuous5.xml
----------------- Instantiating /home/travis/build/icyphy/ptII/ptolemy/domains/continuous/test/auto/ContinuousWithinContinuous5.xml
21 ms. Memory: 279552K Free: 252264K (90%)
----------------- Invoking toplevel() on ptolemy.moml.MoMLSimpleApplication@525da6f0
----------------- Done invoking toplevel() on ptolemy.moml.MoMLSimpleApplication@525da6f0
reloadAllAccessors: .ContinuousWithinContinuous5

===========================================================================================
----------------- testing Fri Nov 15 06:14:27 UTC 2019 /home/travis/build/icyphy/ptII/ptolemy/domains/continuous/test/auto/ContinuousWithinContinuous6.xml
----------------- Instantiating /home/travis/build/icyphy/ptII/ptolemy/domains/continuous/test/auto/ContinuousWithinContinuous6.xml
13 ms. Memory: 279552K Free: 245096K (88%)
----------------- Invoking toplevel() on ptolemy.moml.MoMLSimpleApplication@1e9191ff
----------------- Done invoking toplevel() on ptolemy.moml.MoMLSimpleApplication@1e9191ff
reloadAllAccessors: .ContinuousWithinContinuous6

===========================================================================================
----------------- testing Fri Nov 15 06:14:27 UTC 2019 /home/travis/build/icyphy/ptII/ptolemy/domains/continuous/test/auto/ContinuousWithinContinuous7.xml
----------------- Instantiating /home/travis/build/icyphy/ptII/ptolemy/domains/continuous/test/auto/ContinuousWithinContinuous7.xml
60 ms. Memory: 279552K Free: 234342K (84%)
----------------- Invoking toplevel() on ptolemy.moml.MoMLSimpleApplication@22b33237
----------------- Done invoking toplevel() on ptolemy.moml.MoMLSimpleApplication@22b33237
reloadAllAccessors: .ContinuousWithinContinuous7

===========================================================================================
----------------- testing Fri Nov 15 06:14:27 UTC 2019 /home/travis/build/icyphy/ptII/ptolemy/domains/continuous/test/auto/DCMotor.xml
----------------- Instantiating /home/travis/build/icyphy/ptII/ptolemy/domains/continuous/test/auto/DCMotor.xml
14044 ms. Memory: 279552K Free: 174851K (63%)
----------------- Invoking toplevel() on ptolemy.moml.MoMLSimpleApplication@22cbbe04
----------------- Done invoking toplevel() on ptolemy.moml.MoMLSimpleApplication@22cbbe04
reloadAllAccessors: .DCMotor

===========================================================================================
----------------- testing Fri Nov 15 06:14:42 UTC 2019 /home/travis/build/icyphy/ptII/ptolemy/domains/continuous/test/auto/DEInContinuous.xml
----------------- Instantiating /home/travis/build/icyphy/ptII/ptolemy/domains/continuous/test/auto/DEInContinuous.xml
17 ms. Memory: 279552K Free: 168707K (60%)
----------------- Invoking toplevel() on ptolemy.moml.MoMLSimpleApplication@6543ce6f
----------------- Done invoking toplevel() on ptolemy.moml.MoMLSimpleApplication@6543ce6f
reloadAllAccessors: .DEInContinuous

===========================================================================================
----------------- testing Fri Nov 15 06:14:42 UTC 2019 /home/travis/build/icyphy/ptII/ptolemy/domains/continuous/test/auto/DEinContinuous2.xml
----------------- Instantiating /home/travis/build/icyphy/ptII/ptolemy/domains/continuous/test/auto/DEinContinuous2.xml
7 ms. Memory: 279552K Free: 160515K (57%)
----------------- Invoking toplevel() on ptolemy.moml.MoMLSimpleApplication@e8ad97c
----------------- Done invoking toplevel() on ptolemy.moml.MoMLSimpleApplication@e8ad97c
reloadAllAccessors: .DEinContinuous2

===========================================================================================
----------------- testing Fri Nov 15 06:14:42 UTC 2019 /home/travis/build/icyphy/ptII/ptolemy/domains/continuous/test/auto/Derivative.xml
----------------- Instantiating /home/travis/build/icyphy/ptII/ptolemy/domains/continuous/test/auto/Derivative.xml
156 ms. Memory: 279552K Free: 131843K (47%)
----------------- Invoking toplevel() on ptolemy.moml.MoMLSimpleApplication@5cc4b8ae
----------------- Done invoking toplevel() on ptolemy.moml.MoMLSimpleApplication@5cc4b8ae
reloadAllAccessors: .Derivative2

===========================================================================================
----------------- testing Fri Nov 15 06:14:42 UTC 2019 /home/travis/build/icyphy/ptII/ptolemy/domains/continuous/test/auto/Derivative1.xml
----------------- Instantiating /home/travis/build/icyphy/ptII/ptolemy/domains/continuous/test/auto/Derivative1.xml
23 ms. Memory: 279552K Free: 117507K (42%)
----------------- Invoking toplevel() on ptolemy.moml.MoMLSimpleApplication@7225b953
----------------- Done invoking toplevel() on ptolemy.moml.MoMLSimpleApplication@7225b953
reloadAllAccessors: .Derivative1

===========================================================================================
----------------- testing Fri Nov 15 06:14:42 UTC 2019 /home/travis/build/icyphy/ptII/ptolemy/domains/continuous/test/auto/DiscreteClock.xml
----------------- Instantiating /home/travis/build/icyphy/ptII/ptolemy/domains/continuous/test/auto/DiscreteClock.xml
4 ms. Memory: 279552K Free: 112387K (40%)
----------------- Invoking toplevel() on ptolemy.moml.MoMLSimpleApplication@526707bf
----------------- Done invoking toplevel() on ptolemy.moml.MoMLSimpleApplication@526707bf
reloadAllAccessors: .DiscreteClock

===========================================================================================
----------------- testing Fri Nov 15 06:14:42 UTC 2019 /home/travis/build/icyphy/ptII/ptolemy/domains/continuous/test/auto/EfficiencyCurve.xml
----------------- Instantiating /home/travis/build/icyphy/ptII/ptolemy/domains/continuous/test/auto/EfficiencyCurve.xml
66 ms. Memory: 279552K Free: 103681K (37%)
----------------- Invoking toplevel() on ptolemy.moml.MoMLSimpleApplication@4d74f623
----------------- Done invoking toplevel() on ptolemy.moml.MoMLSimpleApplication@4d74f623
reloadAllAccessors: .EfficiencyCurve

===========================================================================================
----------------- testing Fri Nov 15 06:14:42 UTC 2019 /home/travis/build/icyphy/ptII/ptolemy/domains/continuous/test/auto/ExponentialResponse.xml
----------------- Instantiating /home/travis/build/icyphy/ptII/ptolemy/domains/continuous/test/auto/ExponentialResponse.xml
110 ms. Memory: 279552K Free: 254569K (91%)
----------------- Invoking toplevel() on ptolemy.moml.MoMLSimpleApplication@1358c32
----------------- Done invoking toplevel() on ptolemy.moml.MoMLSimpleApplication@1358c32
reloadAllAccessors: .ExponentialResponse

===========================================================================================
----------------- testing Fri Nov 15 06:14:42 UTC 2019 /home/travis/build/icyphy/ptII/ptolemy/domains/continuous/test/auto/ExponentialResponseRK45.xml
----------------- Instantiating /home/travis/build/icyphy/ptII/ptolemy/domains/continuous/test/auto/ExponentialResponseRK45.xml
28 ms. Memory: 279552K Free: 247401K (88%)
----------------- Invoking toplevel() on ptolemy.moml.MoMLSimpleApplication@72f5009c
----------------- Done invoking toplevel() on ptolemy.moml.MoMLSimpleApplication@72f5009c
reloadAllAccessors: .ExponentialResponseRK45

===========================================================================================
----------------- testing Fri Nov 15 06:14:42 UTC 2019 /home/travis/build/icyphy/ptII/ptolemy/domains/continuous/test/auto/Friction.xml
----------------- Instantiating /home/travis/build/icyphy/ptII/ptolemy/domains/continuous/test/auto/Friction.xml
1508 ms. Memory: 279552K Free: 154627K (55%)
----------------- Invoking toplevel() on ptolemy.moml.MoMLSimpleApplication@6aa616bd
----------------- Done invoking toplevel() on ptolemy.moml.MoMLSimpleApplication@6aa616bd
reloadAllAccessors: .Friction

===========================================================================================
----------------- testing Fri Nov 15 06:14:44 UTC 2019 /home/travis/build/icyphy/ptII/ptolemy/domains/continuous/test/auto/FurutaPendulum.xml
----------------- Instantiating /home/travis/build/icyphy/ptII/ptolemy/domains/continuous/test/auto/FurutaPendulum.xml
3469 ms. Memory: 279552K Free: 159931K (57%)
----------------- Invoking toplevel() on ptolemy.moml.MoMLSimpleApplication@32c1f6cc
----------------- Done invoking toplevel() on ptolemy.moml.MoMLSimpleApplication@32c1f6cc
reloadAllAccessors: .FurutaPendulum

===========================================================================================
----------------- testing Fri Nov 15 06:14:47 UTC 2019 /home/travis/build/icyphy/ptII/ptolemy/domains/continuous/test/auto/HierarchicalExecution.xml
----------------- Instantiating /home/travis/build/icyphy/ptII/ptolemy/domains/continuous/test/auto/HierarchicalExecution.xml
2054 ms. Memory: 279552K Free: 209953K (75%)
----------------- Invoking toplevel() on ptolemy.moml.MoMLSimpleApplication@1f92ad1e
----------------- Done invoking toplevel() on ptolemy.moml.MoMLSimpleApplication@1f92ad1e
reloadAllAccessors: .HierarchicalExecution

===========================================================================================
----------------- testing Fri Nov 15 06:14:50 UTC 2019 /home/travis/build/icyphy/ptII/ptolemy/domains/continuous/test/auto/HybridPlant.xml
----------------- Instantiating /home/travis/build/icyphy/ptII/ptolemy/domains/continuous/test/auto/HybridPlant.xml
476 ms. Memory: 279552K Free: 110871K (40%)
----------------- Invoking toplevel() on ptolemy.moml.MoMLSimpleApplication@2b33a8b4
----------------- Done invoking toplevel() on ptolemy.moml.MoMLSimpleApplication@2b33a8b4
reloadAllAccessors: .HybridPlant

===========================================================================================
----------------- testing Fri Nov 15 06:14:51 UTC 2019 /home/travis/build/icyphy/ptII/ptolemy/domains/continuous/test/auto/Hysteresis.xml
----------------- Instantiating /home/travis/build/icyphy/ptII/ptolemy/domains/continuous/test/auto/Hysteresis.xml
144 ms. Memory: 279552K Free: 213813K (76%)
----------------- Invoking toplevel() on ptolemy.moml.MoMLSimpleApplication@1990c6ca
----------------- Done invoking toplevel() on ptolemy.moml.MoMLSimpleApplication@1990c6ca
reloadAllAccessors: .Hysteresis

===========================================================================================
----------------- testing Fri Nov 15 06:14:51 UTC 2019 /home/travis/build/icyphy/ptII/ptolemy/domains/continuous/test/auto/HysteresisWithRandomDelay.xml
----------------- Instantiating /home/travis/build/icyphy/ptII/ptolemy/domains/continuous/test/auto/HysteresisWithRandomDelay.xml
196 ms. Memory: 279552K Free: 142629K (51%)
----------------- Invoking toplevel() on ptolemy.moml.MoMLSimpleApplication@19ca5d63
----------------- Done invoking toplevel() on ptolemy.moml.MoMLSimpleApplication@19ca5d63
reloadAllAccessors: .HysteresisWithRandomDelay

===========================================================================================
----------------- testing Fri Nov 15 06:14:51 UTC 2019 /home/travis/build/icyphy/ptII/ptolemy/domains/continuous/test/auto/HysteresisWithRandomLosses.xml
----------------- Instantiating /home/travis/build/icyphy/ptII/ptolemy/domains/continuous/test/auto/HysteresisWithRandomLosses.xml
2361 ms. Memory: 279552K Free: 230332K (82%)
----------------- Invoking toplevel() on ptolemy.moml.MoMLSimpleApplication@7aca63cb
----------------- Done invoking toplevel() on ptolemy.moml.MoMLSimpleApplication@7aca63cb
reloadAllAccessors: .HysteresisWithRandomLosses

===========================================================================================
----------------- testing Fri Nov 15 06:14:54 UTC 2019 /home/travis/build/icyphy/ptII/ptolemy/domains/continuous/test/auto/ImmediateTransitions.xml
----------------- Instantiating /home/travis/build/icyphy/ptII/ptolemy/domains/continuous/test/auto/ImmediateTransitions.xml
10 ms. Memory: 279552K Free: 219068K (78%)
----------------- Invoking toplevel() on ptolemy.moml.MoMLSimpleApplication@7f12ce40
----------------- Done invoking toplevel() on ptolemy.moml.MoMLSimpleApplication@7f12ce40
reloadAllAccessors: .ImmediateTransitions

===========================================================================================
----------------- testing Fri Nov 15 06:14:54 UTC 2019 /home/travis/build/icyphy/ptII/ptolemy/domains/continuous/test/auto/ImpulseFeedback.xml
----------------- Instantiating /home/travis/build/icyphy/ptII/ptolemy/domains/continuous/test/auto/ImpulseFeedback.xml
7 ms. Memory: 279552K Free: 213452K (76%)
----------------- Invoking toplevel() on ptolemy.moml.MoMLSimpleApplication@65acf5c
----------------- Done invoking toplevel() on ptolemy.moml.MoMLSimpleApplication@65acf5c
reloadAllAccessors: .ImpulseFeedback

===========================================================================================
----------------- testing Fri Nov 15 06:14:54 UTC 2019 /home/travis/build/icyphy/ptII/ptolemy/domains/continuous/test/auto/ImpulseFeedback2.xml
----------------- Instantiating /home/travis/build/icyphy/ptII/ptolemy/domains/continuous/test/auto/ImpulseFeedback2.xml
7 ms. Memory: 279552K Free: 207818K (74%)
----------------- Invoking toplevel() on ptolemy.moml.MoMLSimpleApplication@59a54983
----------------- Done invoking toplevel() on ptolemy.moml.MoMLSimpleApplication@59a54983
reloadAllAccessors: .ImpulseFeedback2

===========================================================================================
----------------- testing Fri Nov 15 06:14:54 UTC 2019 /home/travis/build/icyphy/ptII/ptolemy/domains/continuous/test/auto/IncreasingRatePoisson.xml
----------------- Instantiating /home/travis/build/icyphy/ptII/ptolemy/domains/continuous/test/auto/IncreasingRatePoisson.xml
721 ms. Memory: 279552K Free: 234969K (84%)
----------------- Invoking toplevel() on ptolemy.moml.MoMLSimpleApplication@2d49bfe2
----------------- Done invoking toplevel() on ptolemy.moml.MoMLSimpleApplication@2d49bfe2
reloadAllAccessors: .IncreasingRatePoisson

===========================================================================================
----------------- testing Fri Nov 15 06:14:54 UTC 2019 /home/travis/build/icyphy/ptII/ptolemy/domains/continuous/test/auto/InitialStateFeedback.xml
----------------- Instantiating /home/travis/build/icyphy/ptII/ptolemy/domains/continuous/test/auto/InitialStateFeedback.xml
7 ms. Memory: 279552K Free: 230377K (82%)
----------------- Invoking toplevel() on ptolemy.moml.MoMLSimpleApplication@66b89abf
----------------- Done invoking toplevel() on ptolemy.moml.MoMLSimpleApplication@66b89abf
reloadAllAccessors: .InitialStateFeedback

===========================================================================================
----------------- testing Fri Nov 15 06:14:54 UTC 2019 /home/travis/build/icyphy/ptII/ptolemy/domains/continuous/test/auto/Integration.xml
----------------- Instantiating /home/travis/build/icyphy/ptII/ptolemy/domains/continuous/test/auto/Integration.xml
1 ms. Memory: 279552K Free: 226281K (81%)
----------------- Invoking toplevel() on ptolemy.moml.MoMLSimpleApplication@674e6588
----------------- Done invoking toplevel() on ptolemy.moml.MoMLSimpleApplication@674e6588
reloadAllAccessors: .Integration

===========================================================================================
----------------- testing Fri Nov 15 06:14:54 UTC 2019 /home/travis/build/icyphy/ptII/ptolemy/domains/continuous/test/auto/Integration2.xml
----------------- Instantiating /home/travis/build/icyphy/ptII/ptolemy/domains/continuous/test/auto/Integration2.xml
79 ms. Memory: 279552K Free: 212455K (76%)
----------------- Invoking toplevel() on ptolemy.moml.MoMLSimpleApplication@403813fa
----------------- Done invoking toplevel() on ptolemy.moml.MoMLSimpleApplication@403813fa
reloadAllAccessors: .Integration2

===========================================================================================
----------------- testing Fri Nov 15 06:14:55 UTC 2019 /home/travis/build/icyphy/ptII/ptolemy/domains/continuous/test/auto/Integration3.xml
----------------- Instantiating /home/travis/build/icyphy/ptII/ptolemy/domains/continuous/test/auto/Integration3.xml
2 ms. Memory: 279552K Free: 207849K (74%)
----------------- Invoking toplevel() on ptolemy.moml.MoMLSimpleApplication@78e2318f
----------------- Done invoking toplevel() on ptolemy.moml.MoMLSimpleApplication@78e2318f
reloadAllAccessors: .Integration3

===========================================================================================
----------------- testing Fri Nov 15 06:14:55 UTC 2019 /home/travis/build/icyphy/ptII/ptolemy/domains/continuous/test/auto/Integration5.xml
----------------- Instantiating /home/travis/build/icyphy/ptII/ptolemy/domains/continuous/test/auto/Integration5.xml
2 ms. Memory: 279552K Free: 203753K (73%)
----------------- Invoking toplevel() on ptolemy.moml.MoMLSimpleApplication@3883e991
----------------- Done invoking toplevel() on ptolemy.moml.MoMLSimpleApplication@3883e991
reloadAllAccessors: .Integration5

===========================================================================================
----------------- testing Fri Nov 15 06:14:55 UTC 2019 /home/travis/build/icyphy/ptII/ptolemy/domains/continuous/test/auto/IntegratorImpulse.xml
----------------- Instantiating /home/travis/build/icyphy/ptII/ptolemy/domains/continuous/test/auto/IntegratorImpulse.xml
2 ms. Memory: 279552K Free: 199657K (71%)
----------------- Invoking toplevel() on ptolemy.moml.MoMLSimpleApplication@7d773c40
----------------- Done invoking toplevel() on ptolemy.moml.MoMLSimpleApplication@7d773c40
reloadAllAccessors: .IntegratorImpulse

===========================================================================================
----------------- testing Fri Nov 15 06:14:55 UTC 2019 /home/travis/build/icyphy/ptII/ptolemy/domains/continuous/test/auto/IntegratorImpulse2.xml
----------------- Instantiating /home/travis/build/icyphy/ptII/ptolemy/domains/continuous/test/auto/IntegratorImpulse2.xml
9 ms. Memory: 279552K Free: 195016K (70%)
----------------- Invoking toplevel() on ptolemy.moml.MoMLSimpleApplication@769cf1bd
----------------- Done invoking toplevel() on ptolemy.moml.MoMLSimpleApplication@769cf1bd
reloadAllAccessors: .IntegratorImpulse2

===========================================================================================
----------------- testing Fri Nov 15 06:14:55 UTC 2019 /home/travis/build/icyphy/ptII/ptolemy/domains/continuous/test/auto/LevelCrossing1.xml
----------------- Instantiating /home/travis/build/icyphy/ptII/ptolemy/domains/continuous/test/auto/LevelCrossing1.xml
3 ms. Memory: 279552K Free: 189913K (68%)
----------------- Invoking toplevel() on ptolemy.moml.MoMLSimpleApplication@2621b62d
----------------- Done invoking toplevel() on ptolemy.moml.MoMLSimpleApplication@2621b62d
reloadAllAccessors: .LevelCrossing1

===========================================================================================
----------------- testing Fri Nov 15 06:14:55 UTC 2019 /home/travis/build/icyphy/ptII/ptolemy/domains/continuous/test/auto/LevelCrossing2.xml
----------------- Instantiating /home/travis/build/icyphy/ptII/ptolemy/domains/continuous/test/auto/LevelCrossing2.xml
3 ms. Memory: 279552K Free: 184807K (66%)
----------------- Invoking toplevel() on ptolemy.moml.MoMLSimpleApplication@45337af5
----------------- Done invoking toplevel() on ptolemy.moml.MoMLSimpleApplication@45337af5
reloadAllAccessors: .LevelCrossing2

===========================================================================================
----------------- testing Fri Nov 15 06:14:55 UTC 2019 /home/travis/build/icyphy/ptII/ptolemy/domains/continuous/test/auto/LevelCrossing3.xml
----------------- Instantiating /home/travis/build/icyphy/ptII/ptolemy/domains/continuous/test/auto/LevelCrossing3.xml
3 ms. Memory: 279552K Free: 179687K (64%)
----------------- Invoking toplevel() on ptolemy.moml.MoMLSimpleApplication@4529caf6
----------------- Done invoking toplevel() on ptolemy.moml.MoMLSimpleApplication@4529caf6
reloadAllAccessors: .LevelCrossing3

===========================================================================================
----------------- testing Fri Nov 15 06:14:55 UTC 2019 /home/travis/build/icyphy/ptII/ptolemy/domains/continuous/test/auto/LevelCrossing4.xml
----------------- Instantiating /home/travis/build/icyphy/ptII/ptolemy/domains/continuous/test/auto/LevelCrossing4.xml
4 ms. Memory: 279552K Free: 174567K (62%)
----------------- Invoking toplevel() on ptolemy.moml.MoMLSimpleApplication@29abd907
----------------- Done invoking toplevel() on ptolemy.moml.MoMLSimpleApplication@29abd907
reloadAllAccessors: .LevelCrossing4

===========================================================================================
----------------- testing Fri Nov 15 06:14:55 UTC 2019 /home/travis/build/icyphy/ptII/ptolemy/domains/continuous/test/auto/LevelCrossing5.xml
----------------- Instantiating /home/travis/build/icyphy/ptII/ptolemy/domains/continuous/test/auto/LevelCrossing5.xml
3 ms. Memory: 279552K Free: 169441K (61%)
----------------- Invoking toplevel() on ptolemy.moml.MoMLSimpleApplication@14b78a8f
----------------- Done invoking toplevel() on ptolemy.moml.MoMLSimpleApplication@14b78a8f
reloadAllAccessors: .LevelCrossing5

===========================================================================================
[...]
----------------- testing Fri Nov 15 06:15:12 UTC 2019 /home/travis/build/icyphy/ptII/ptolemy/domains/continuous/test/auto/SRinContinuous.xml
----------------- Instantiating /home/travis/build/icyphy/ptII/ptolemy/domains/continuous/test/auto/SRinContinuous.xml
4 ms. Memory: 335872K Free: 256718K (76%)
----------------- Invoking toplevel() on ptolemy.moml.MoMLSimpleApplication@674b8778
----------------- Done invoking toplevel() on ptolemy.moml.MoMLSimpleApplication@674b8778
reloadAllAccessors: .SRinContinuous

===========================================================================================
----------------- testing Fri Nov 15 06:15:12 UTC 2019 /home/travis/build/icyphy/ptII/ptolemy/domains/continuous/test/auto/SampledClocks.xml
----------------- Instantiating /home/travis/build/icyphy/ptII/ptolemy/domains/continuous/test/auto/SampledClocks.xml
7 ms. Memory: 335872K Free: 243916K (73%)
----------------- Invoking toplevel() on ptolemy.moml.MoMLSimpleApplication@1880e2aa
----------------- Done invoking toplevel() on ptolemy.moml.MoMLSimpleApplication@1880e2aa
reloadAllAccessors: .SampledClocks

===========================================================================================
----------------- testing Fri Nov 15 06:15:12 UTC 2019 /home/travis/build/icyphy/ptII/ptolemy/domains/continuous/test/auto/Satellite.xml
----------------- Instantiating /home/travis/build/icyphy/ptII/ptolemy/domains/continuous/test/auto/Satellite.xml
887 ms. Memory: 335872K Free: 249260K (74%)
----------------- Invoking toplevel() on ptolemy.moml.MoMLSimpleApplication@10154b0c
----------------- Done invoking toplevel() on ptolemy.moml.MoMLSimpleApplication@10154b0c
reloadAllAccessors: .Satellite

===========================================================================================
----------------- testing Fri Nov 15 06:15:13 UTC 2019 /home/travis/build/icyphy/ptII/ptolemy/domains/continuous/test/auto/SigmaDelta.xml
----------------- Instantiating /home/travis/build/icyphy/ptII/ptolemy/domains/continuous/test/auto/SigmaDelta.xml
2543 ms. Memory: 335872K Free: 188008K (56%)
----------------- Invoking toplevel() on ptolemy.moml.MoMLSimpleApplication@4ac04a05
----------------- Done invoking toplevel() on ptolemy.moml.MoMLSimpleApplication@4ac04a05
reloadAllAccessors: .SigmaDelta

===========================================================================================
----------------- testing Fri Nov 15 06:15:16 UTC 2019 /home/travis/build/icyphy/ptII/ptolemy/domains/continuous/test/auto/SingleRefinement.xml
----------------- Instantiating /home/travis/build/icyphy/ptII/ptolemy/domains/continuous/test/auto/SingleRefinement.xml
319 ms. Memory: 335872K Free: 202638K (60%)
----------------- Invoking toplevel() on ptolemy.moml.MoMLSimpleApplication@6a2ef5f4
----------------- Done invoking toplevel() on ptolemy.moml.MoMLSimpleApplication@6a2ef5f4
reloadAllAccessors: .SingleRefinement

===========================================================================================
----------------- testing Fri Nov 15 06:15:16 UTC 2019 /home/travis/build/icyphy/ptII/ptolemy/domains/continuous/test/auto/SinuBouncingBall.xml
----------------- Instantiating /home/travis/build/icyphy/ptII/ptolemy/domains/continuous/test/auto/SinuBouncingBall.xml
805 ms. Memory: 335872K Free: 182999K (54%)
----------------- Invoking toplevel() on ptolemy.moml.MoMLSimpleApplication@1f580046
----------------- Done invoking toplevel() on ptolemy.moml.MoMLSimpleApplication@1f580046
reloadAllAccessors: .SinuBouncingBall

===========================================================================================
----------------- testing Fri Nov 15 06:15:17 UTC 2019 /home/travis/build/icyphy/ptII/ptolemy/domains/continuous/test/auto/Sinusoid.xml
----------------- Instantiating /home/travis/build/icyphy/ptII/ptolemy/domains/continuous/test/auto/Sinusoid.xml
5 ms. Memory: 335872K Free: 178393K (53%)
----------------- Invoking toplevel() on ptolemy.moml.MoMLSimpleApplication@44bda530
----------------- Done invoking toplevel() on ptolemy.moml.MoMLSimpleApplication@44bda530
reloadAllAccessors: .Sinusoid

===========================================================================================
----------------- testing Fri Nov 15 06:15:17 UTC 2019 /home/travis/build/icyphy/ptII/ptolemy/domains/continuous/test/auto/SinusoidInNoise.xml
----------------- Instantiating /home/travis/build/icyphy/ptII/ptolemy/domains/continuous/test/auto/SinusoidInNoise.xml
1022 ms. Memory: 335872K Free: 243983K (73%)
----------------- Invoking toplevel() on ptolemy.moml.MoMLSimpleApplication@654aa2ed
----------------- Done invoking toplevel() on ptolemy.moml.MoMLSimpleApplication@654aa2ed
reloadAllAccessors: .SinusoidInNoise

===========================================================================================
----------------- testing Fri Nov 15 06:15:18 UTC 2019 /home/travis/build/icyphy/ptII/ptolemy/domains/continuous/test/auto/SinusoidRK45.xml
----------------- Instantiating /home/travis/build/icyphy/ptII/ptolemy/domains/continuous/test/auto/SinusoidRK45.xml
2 ms. Memory: 335872K Free: 239377K (71%)
----------------- Invoking toplevel() on ptolemy.moml.MoMLSimpleApplication@6478f7f1
----------------- Done invoking toplevel() on ptolemy.moml.MoMLSimpleApplication@6478f7f1
reloadAllAccessors: .SinusoidRK45

===========================================================================================
----------------- testing Fri Nov 15 06:15:18 UTC 2019 /home/travis/build/icyphy/ptII/ptolemy/domains/continuous/test/auto/SinusoidWithMultipleImpulses.xml
----------------- Instantiating /home/travis/build/icyphy/ptII/ptolemy/domains/continuous/test/auto/SinusoidWithMultipleImpulses.xml
2 ms. Memory: 335872K Free: 234767K (70%)
----------------- Invoking toplevel() on ptolemy.moml.MoMLSimpleApplication@156a54fc
----------------- Done invoking toplevel() on ptolemy.moml.MoMLSimpleApplication@156a54fc
reloadAllAccessors: .SinusoidWithMultipleImpulses

===========================================================================================
----------------- testing Fri Nov 15 06:15:18 UTC 2019 /home/travis/build/icyphy/ptII/ptolemy/domains/continuous/test/auto/SquareWave.xml
----------------- Instantiating /home/travis/build/icyphy/ptII/ptolemy/domains/continuous/test/auto/SquareWave.xml
157 ms. Memory: 335872K Free: 207633K (62%)
----------------- Invoking toplevel() on ptolemy.moml.MoMLSimpleApplication@5c1290f7
----------------- Done invoking toplevel() on ptolemy.moml.MoMLSimpleApplication@5c1290f7
reloadAllAccessors: .SquareWave

===========================================================================================
----------------- testing Fri Nov 15 06:15:19 UTC 2019 /home/travis/build/icyphy/ptII/ptolemy/domains/continuous/test/auto/Starmac.xml
----------------- Instantiating /home/travis/build/icyphy/ptII/ptolemy/domains/continuous/test/auto/Starmac.xml
3085 ms. Memory: 335872K Free: 286803K (85%)
----------------- Invoking toplevel() on ptolemy.moml.MoMLSimpleApplication@6ab789ef
----------------- Done invoking toplevel() on ptolemy.moml.MoMLSimpleApplication@6ab789ef
reloadAllAccessors: .Starmac

===========================================================================================
----------------- testing Fri Nov 15 06:15:22 UTC 2019 /home/travis/build/icyphy/ptII/ptolemy/domains/continuous/test/auto/StaticUnits.xml
----------------- Instantiating /home/travis/build/icyphy/ptII/ptolemy/domains/continuous/test/auto/StaticUnits.xml
2144 ms. Memory: 335872K Free: 223232K (66%)
----------------- Invoking toplevel() on ptolemy.moml.MoMLSimpleApplication@28deb220
----------------- Done invoking toplevel() on ptolemy.moml.MoMLSimpleApplication@28deb220
reloadAllAccessors: .StaticUnits

===========================================================================================
----------------- testing Fri Nov 15 06:15:25 UTC 2019 /home/travis/build/icyphy/ptII/ptolemy/domains/continuous/test/auto/StickyMasses.xml
----------------- Instantiating /home/travis/build/icyphy/ptII/ptolemy/domains/continuous/test/auto/StickyMasses.xml
136 ms. Memory: 335872K Free: 173570K (52%)
----------------- Invoking toplevel() on ptolemy.moml.MoMLSimpleApplication@5bba6c64
----------------- Done invoking toplevel() on ptolemy.moml.MoMLSimpleApplication@5bba6c64
reloadAllAccessors: .StickyMasses

===========================================================================================
----------------- testing Fri Nov 15 06:15:25 UTC 2019 /home/travis/build/icyphy/ptII/ptolemy/domains/continuous/test/auto/StopTime.xml
----------------- Instantiating /home/travis/build/icyphy/ptII/ptolemy/domains/continuous/test/auto/StopTime.xml
45 ms. Memory: 335872K Free: 148994K (44%)
----------------- Invoking toplevel() on ptolemy.moml.MoMLSimpleApplication@5ca72469
----------------- Done invoking toplevel() on ptolemy.moml.MoMLSimpleApplication@5ca72469
reloadAllAccessors: .StopTime

===========================================================================================
----------------- testing Fri Nov 15 06:15:25 UTC 2019 /home/travis/build/icyphy/ptII/ptolemy/domains/continuous/test/auto/StopTime2.xml
----------------- Instantiating /home/travis/build/icyphy/ptII/ptolemy/domains/continuous/test/auto/StopTime2.xml
34 ms. Memory: 335872K Free: 126962K (38%)
----------------- Invoking toplevel() on ptolemy.moml.MoMLSimpleApplication@3fd9e2ad
----------------- Done invoking toplevel() on ptolemy.moml.MoMLSimpleApplication@3fd9e2ad
reloadAllAccessors: .StopTime2

===========================================================================================
----------------- testing Fri Nov 15 06:15:25 UTC 2019 /home/travis/build/icyphy/ptII/ptolemy/domains/continuous/test/auto/Switch.xml
----------------- Instantiating /home/travis/build/icyphy/ptII/ptolemy/domains/continuous/test/auto/Switch.xml
41 ms. Memory: 335872K Free: 297466K (89%)
----------------- Invoking toplevel() on ptolemy.moml.MoMLSimpleApplication@365b5b3d
----------------- Done invoking toplevel() on ptolemy.moml.MoMLSimpleApplication@365b5b3d
reloadAllAccessors: .Switch

===========================================================================================
----------------- testing Fri Nov 15 06:15:25 UTC 2019 /home/travis/build/icyphy/ptII/ptolemy/domains/continuous/test/auto/Thermostat.xml
----------------- Instantiating /home/travis/build/icyphy/ptII/ptolemy/domains/continuous/test/auto/Thermostat.xml
179 ms. Memory: 335872K Free: 225272K (67%)
----------------- Invoking toplevel() on ptolemy.moml.MoMLSimpleApplication@1dca1e7b
----------------- Done invoking toplevel() on ptolemy.moml.MoMLSimpleApplication@1dca1e7b
reloadAllAccessors: .Thermostat

===========================================================================================
----------------- testing Fri Nov 15 06:15:25 UTC 2019 /home/travis/build/icyphy/ptII/ptolemy/domains/continuous/test/auto/TimeDelay.xml
----------------- Instantiating /home/travis/build/icyphy/ptII/ptolemy/domains/continuous/test/auto/TimeDelay.xml
5 ms. Memory: 335872K Free: 220666K (66%)
----------------- Invoking toplevel() on ptolemy.moml.MoMLSimpleApplication@1757d83e
----------------- Done invoking toplevel() on ptolemy.moml.MoMLSimpleApplication@1757d83e
reloadAllAccessors: .TimeDelay

===========================================================================================
----------------- testing Fri Nov 15 06:15:25 UTC 2019 /home/travis/build/icyphy/ptII/ptolemy/domains/continuous/test/auto/TimeDelay2.xml
----------------- Instantiating /home/travis/build/icyphy/ptII/ptolemy/domains/continuous/test/auto/TimeDelay2.xml
8 ms. Memory: 335872K Free: 210936K (63%)
----------------- Invoking toplevel() on ptolemy.moml.MoMLSimpleApplication@1c01a252
----------------- Done invoking toplevel() on ptolemy.moml.MoMLSimpleApplication@1c01a252
reloadAllAccessors: .TimeDelay2

===========================================================================================
----------------- testing Fri Nov 15 06:15:25 UTC 2019 /home/travis/build/icyphy/ptII/ptolemy/domains/continuous/test/auto/TimeDelay3.xml
----------------- Instantiating /home/travis/build/icyphy/ptII/ptolemy/domains/continuous/test/auto/TimeDelay3.xml
2 ms. Memory: 335872K Free: 206330K (61%)
----------------- Invoking toplevel() on ptolemy.moml.MoMLSimpleApplication@161cf1a8
----------------- Done invoking toplevel() on ptolemy.moml.MoMLSimpleApplication@161cf1a8
reloadAllAccessors: .TimeDelay3

===========================================================================================
----------------- testing Fri Nov 15 06:15:25 UTC 2019 /home/travis/build/icyphy/ptII/ptolemy/domains/continuous/test/auto/TransferAbsentToInside.xml
----------------- Instantiating /home/travis/build/icyphy/ptII/ptolemy/domains/continuous/test/auto/TransferAbsentToInside.xml
28 ms. Memory: 335872K Free: 153578K (46%)
----------------- Invoking toplevel() on ptolemy.moml.MoMLSimpleApplication@6360b404
----------------- Done invoking toplevel() on ptolemy.moml.MoMLSimpleApplication@6360b404
reloadAllAccessors: .TransferAbsentToInside

===========================================================================================
----------------- testing Fri Nov 15 06:15:25 UTC 2019 /home/travis/build/icyphy/ptII/ptolemy/domains/continuous/test/auto/Transmission.xml
----------------- Instantiating /home/travis/build/icyphy/ptII/ptolemy/domains/continuous/test/auto/Transmission.xml
787 ms. Memory: 335872K Free: 311787K (93%)
----------------- Invoking toplevel() on ptolemy.moml.MoMLSimpleApplication@63d88159
----------------- Done invoking toplevel() on ptolemy.moml.MoMLSimpleApplication@63d88159
reloadAllAccessors: .Transmission

===========================================================================================
----------------- testing Fri Nov 15 06:15:26 UTC 2019 /home/travis/build/icyphy/ptII/ptolemy/domains/continuous/test/auto/TriggeredContinuousClock.xml
----------------- Instantiating /home/travis/build/icyphy/ptII/ptolemy/domains/continuous/test/auto/TriggeredContinuousClock.xml
36 ms. Memory: 335872K Free: 282061K (84%)
----------------- Invoking toplevel() on ptolemy.moml.MoMLSimpleApplication@73f5fa50
----------------- Done invoking toplevel() on ptolemy.moml.MoMLSimpleApplication@73f5fa50
reloadAllAccessors: .TriggeredContinuousClock

===========================================================================================
----------------- testing Fri Nov 15 06:15:26 UTC 2019 /home/travis/build/icyphy/ptII/ptolemy/domains/continuous/test/auto/TwoMachineInfiniteBusControl.xml
----------------- Instantiating /home/travis/build/icyphy/ptII/ptolemy/domains/continuous/test/auto/TwoMachineInfiniteBusControl.xml
2866 ms. Memory: 335872K Free: 269774K (80%)
----------------- Invoking toplevel() on ptolemy.moml.MoMLSimpleApplication@2bcbdb0c
----------------- Done invoking toplevel() on ptolemy.moml.MoMLSimpleApplication@2bcbdb0c
reloadAllAccessors: .TwoMachineInfiniteBusControl

===========================================================================================
----------------- testing Fri Nov 15 06:15:29 UTC 2019 /home/travis/build/icyphy/ptII/ptolemy/domains/continuous/test/auto/V2V.xml
----------------- Instantiating /home/travis/build/icyphy/ptII/ptolemy/domains/continuous/test/auto/V2V.xml
799 ms. Memory: 335872K Free: 275889K (82%)
----------------- Invoking toplevel() on ptolemy.moml.MoMLSimpleApplication@3fe832a1
----------------- Done invoking toplevel() on ptolemy.moml.MoMLSimpleApplication@3fe832a1
reloadAllAccessors: .V2V

===========================================================================================
----------------- testing Fri Nov 15 06:15:30 UTC 2019 /home/travis/build/icyphy/ptII/ptolemy/domains/continuous/test/auto/hierarchicalModalModel.xml
----------------- Instantiating /home/travis/build/icyphy/ptII/ptolemy/domains/continuous/test/auto/hierarchicalModalModel.xml
7 ms. Memory: 335872K Free: 261009K (78%)
----------------- Invoking toplevel() on ptolemy.moml.MoMLSimpleApplication@53c73a5c
----------------- Done invoking toplevel() on ptolemy.moml.MoMLSimpleApplication@53c73a5c
reloadAllAccessors: .hierarchicalModalModel

===========================================================================================
----------------- testing Fri Nov 15 06:15:30 UTC 2019 /home/travis/build/icyphy/ptII/ptolemy/domains/continuous/test/auto/hierarchicalModalModel1.xml
----------------- Instantiating /home/travis/build/icyphy/ptII/ptolemy/domains/continuous/test/auto/hierarchicalModalModel1.xml
8 ms. Memory: 335872K Free: 246703K (73%)
----------------- Invoking toplevel() on ptolemy.moml.MoMLSimpleApplication@2db8d33b
----------------- Done invoking toplevel() on ptolemy.moml.MoMLSimpleApplication@2db8d33b
reloadAllAccessors: .hierarchicalModalModel1

===========================================================================================
----------------- testing Fri Nov 15 06:15:30 UTC 2019 /home/travis/build/icyphy/ptII/ptolemy/domains/continuous/test/auto/hierarchicalModalModel2.xml
----------------- Instantiating /home/travis/build/icyphy/ptII/ptolemy/domains/continuous/test/auto/hierarchicalModalModel2.xml
7 ms. Memory: 335872K Free: 234401K (70%)
----------------- Invoking toplevel() on ptolemy.moml.MoMLSimpleApplication@f2a21e6
----------------- Done invoking toplevel() on ptolemy.moml.MoMLSimpleApplication@f2a21e6
reloadAllAccessors: .hierarchicalModalModel2

===========================================================================================
----------------- testing Fri Nov 15 06:15:30 UTC 2019 /home/travis/build/icyphy/ptII/ptolemy/domains/continuous/test/auto/hierarchicalModalModel3.xml
----------------- Instantiating /home/travis/build/icyphy/ptII/ptolemy/domains/continuous/test/auto/hierarchicalModalModel3.xml
7 ms. Memory: 335872K Free: 223665K (67%)
----------------- Invoking toplevel() on ptolemy.moml.MoMLSimpleApplication@1c526157
----------------- Done invoking toplevel() on ptolemy.moml.MoMLSimpleApplication@1c526157
reloadAllAccessors: .hierarchicalModalModel3

===========================================================================================
----------------- testing Fri Nov 15 06:15:30 UTC 2019 /home/travis/build/icyphy/ptII/ptolemy/domains/continuous/test/auto/hierarchicalModalModel4.xml
----------------- Instantiating /home/travis/build/icyphy/ptII/ptolemy/domains/continuous/test/auto/hierarchicalModalModel4.xml
5 ms. Memory: 335872K Free: 211887K (63%)
----------------- Invoking toplevel() on ptolemy.moml.MoMLSimpleApplication@11de994a
----------------- Done invoking toplevel() on ptolemy.moml.MoMLSimpleApplication@11de994a
reloadAllAccessors: .hierarchicalModalModel4

===========================================================================================
----------------- testing Fri Nov 15 06:15:30 UTC 2019 /home/travis/build/icyphy/ptII/ptolemy/domains/continuous/test/auto/junk.xml
----------------- Instantiating /home/travis/build/icyphy/ptII/ptolemy/domains/continuous/test/auto/junk.xml
148 ms. Memory: 335872K Free: 187311K (56%)
----------------- Invoking toplevel() on ptolemy.moml.MoMLSimpleApplication@5322ac56
----------------- Done invoking toplevel() on ptolemy.moml.MoMLSimpleApplication@5322ac56
reloadAllAccessors: .junk
AutoTests.java: About to close Vertx.
AutoTests.java: Vertx closed.
]]></system-out>
  <system-err><![CDATA[Warning: '.HysteresisWithRandomDelay.NonStrictTest3' The test produced only 25 tokens, yet the correctValues parameter was expecting 30 tokens.
Warning: '.IncreasingRatePoisson.NonStrictTest' The test produced only 392 tokens, yet the correctValues parameter was expecting 402 tokens.
Warning: '.Poisson.NonStrictTest' The test produced only 419 tokens, yet the correctValues parameter was expecting 430 tokens.
]]></system-err>
</testsuite>
