<?xml version="1.0" encoding="UTF-8" ?>
<testsuite errors="0" failures="0" hostname="travis-job-d96a7339-1870-4ad7-8852-238635595e91" name="ptolemy.domains.sdf.test.junit.JUnitTclTest" skipped="0" tests="66" time="21.741" timestamp="2019-09-09T05:54:52">
  <properties>
[...]
</properties>
  <testcase classname="ptolemy.util.test.junit.TclTests" name="[0] /home/travis/build/icyphy/ptII/ptolemy/domains/sdf/test/SDFSchedulerErrors.tcl (RunTclFile)" time="0.934" />
  <testcase classname="ptolemy.util.test.junit.TclTests" name="[1] /home/travis/build/icyphy/ptII/ptolemy/domains/sdf/test/composition.tcl (RunTclFile)" time="0.202" />
  <testcase classname="ptolemy.util.test.junit.TclTests" name="[2] /home/travis/build/icyphy/ptII/ptolemy/domains/sdf/test/cycle.tcl (RunTclFile)" time="0.069" />
  <testcase classname="ptolemy.util.test.junit.AutoKnownFailedTests" name="[0] ThereAreNoKnowFailedTests (RunModel)" time="0.001" />
  <testcase classname="ptolemy.util.test.junit.AutoNameArchTests" name="[0] ThereAreNoAutoArchTests (RunModel)" time="0.001" />
  <testcase classname="ptolemy.util.test.junit.AutoTests" name="[0] /home/travis/build/icyphy/ptII/ptolemy/domains/sdf/test/auto/Array.xml (RunModel)" time="0.365" />
  <testcase classname="ptolemy.util.test.junit.AutoTests" name="[1] /home/travis/build/icyphy/ptII/ptolemy/domains/sdf/test/auto/Butterfly.xml (RunModel)" time="0.203" />
  <testcase classname="ptolemy.util.test.junit.AutoTests" name="[2] /home/travis/build/icyphy/ptII/ptolemy/domains/sdf/test/auto/Expression.xml (RunModel)" time="0.084" />
  <testcase classname="ptolemy.util.test.junit.AutoTests" name="[3] /home/travis/build/icyphy/ptII/ptolemy/domains/sdf/test/auto/Eye.xml (RunModel)" time="0.267" />
  <testcase classname="ptolemy.util.test.junit.AutoTests" name="[4] /home/travis/build/icyphy/ptII/ptolemy/domains/sdf/test/auto/FixFIR.xml (RunModel)" time="0.333" />
  <testcase classname="ptolemy.util.test.junit.AutoTests" name="[5] /home/travis/build/icyphy/ptII/ptolemy/domains/sdf/test/auto/FixPoint.xml (RunModel)" time="0.028" />
  <testcase classname="ptolemy.util.test.junit.AutoTests" name="[6] /home/travis/build/icyphy/ptII/ptolemy/domains/sdf/test/auto/Gravitation.xml (RunModel)" time="3.239" />
  <testcase classname="ptolemy.util.test.junit.AutoTests" name="[7] /home/travis/build/icyphy/ptII/ptolemy/domains/sdf/test/auto/GravitationWithCollisionDetection.xml (RunModel)" time="7.448" />
  <testcase classname="ptolemy.util.test.junit.AutoTests" name="[8] /home/travis/build/icyphy/ptII/ptolemy/domains/sdf/test/auto/HDF.xml (RunModel)" time="0.1" />
  <testcase classname="ptolemy.util.test.junit.AutoTests" name="[9] /home/travis/build/icyphy/ptII/ptolemy/domains/sdf/test/auto/HDFwithTransientStates.xml (RunModel)" time="0.075" />
  <testcase classname="ptolemy.util.test.junit.AutoTests" name="[10] /home/travis/build/icyphy/ptII/ptolemy/domains/sdf/test/auto/HTVQ.xml (RunModel)" time="0.868" />
  <testcase classname="ptolemy.util.test.junit.AutoTests" name="[11] /home/travis/build/icyphy/ptII/ptolemy/domains/sdf/test/auto/InferInitProduction.xml (RunModel)" time="0.052" />
  <testcase classname="ptolemy.util.test.junit.AutoTests" name="[12] /home/travis/build/icyphy/ptII/ptolemy/domains/sdf/test/auto/InferInitProductionDeeper.xml (RunModel)" time="0.031" />
  <testcase classname="ptolemy.util.test.junit.AutoTests" name="[13] /home/travis/build/icyphy/ptII/ptolemy/domains/sdf/test/auto/LMSAdaptive.xml (RunModel)" time="0.076" />
  <testcase classname="ptolemy.util.test.junit.AutoTests" name="[14] /home/travis/build/icyphy/ptII/ptolemy/domains/sdf/test/auto/LogisticMap.xml (RunModel)" time="0.503" />
  <testcase classname="ptolemy.util.test.junit.AutoTests" name="[15] /home/travis/build/icyphy/ptII/ptolemy/domains/sdf/test/auto/MaximumEntropySpectrum.xml (RunModel)" time="0.346" />
  <testcase classname="ptolemy.util.test.junit.AutoTests" name="[16] /home/travis/build/icyphy/ptII/ptolemy/domains/sdf/test/auto/MultirateSDF.xml (RunModel)" time="0.073" />
  <testcase classname="ptolemy.util.test.junit.AutoTests" name="[17] /home/travis/build/icyphy/ptII/ptolemy/domains/sdf/test/auto/MultirateSDFwithTransientStates.xml (RunModel)" time="0.096" />
  <testcase classname="ptolemy.util.test.junit.AutoTests" name="[18] /home/travis/build/icyphy/ptII/ptolemy/domains/sdf/test/auto/NoisySinewave.xml (RunModel)" time="0.055" />
  <testcase classname="ptolemy.util.test.junit.AutoTests" name="[19] /home/travis/build/icyphy/ptII/ptolemy/domains/sdf/test/auto/Objects.xml (RunModel)" time="0.048" />
  <testcase classname="ptolemy.util.test.junit.AutoTests" name="[20] /home/travis/build/icyphy/ptII/ptolemy/domains/sdf/test/auto/OrthogonalCom.xml (RunModel)" time="0.041" />
  <testcase classname="ptolemy.util.test.junit.AutoTests" name="[21] /home/travis/build/icyphy/ptII/ptolemy/domains/sdf/test/auto/RijndaelEncryption.xml (RunModel)" time="0.616" />
  <testcase classname="ptolemy.util.test.junit.AutoTests" name="[22] /home/travis/build/icyphy/ptII/ptolemy/domains/sdf/test/auto/SDFEmptyIterations.xml (RunModel)" time="0.019" />
  <testcase classname="ptolemy.util.test.junit.AutoTests" name="[23] /home/travis/build/icyphy/ptII/ptolemy/domains/sdf/test/auto/Spectrum.xml (RunModel)" time="0.103" />
  <testcase classname="ptolemy.util.test.junit.AutoTests" name="[24] /home/travis/build/icyphy/ptII/ptolemy/domains/sdf/test/auto/de_inside_sdf.xml (RunModel)" time="0.026" />
  <testcase classname="ptolemy.util.test.junit.AutoTests" name="[25] /home/travis/build/icyphy/ptII/ptolemy/domains/sdf/test/auto/disconnectedHierarchicalSDF.xml (RunModel)" time="0.023" />
  <testcase classname="ptolemy.util.test.junit.AutoTests" name="[26] /home/travis/build/icyphy/ptII/ptolemy/domains/sdf/test/auto/disconnectedSDF.xml (RunModel)" time="0.022" />
  <testcase classname="ptolemy.util.test.junit.AutoTests" name="[27] /home/travis/build/icyphy/ptII/ptolemy/domains/sdf/test/auto/emptyRefinement.xml (RunModel)" time="0.02" />
  <testcase classname="ptolemy.util.test.junit.AutoTests" name="[28] /home/travis/build/icyphy/ptII/ptolemy/domains/sdf/test/auto/filePortParameter.xml (RunModel)" time="0.057" />
  <testcase classname="ptolemy.util.test.junit.AutoTests" name="[29] /home/travis/build/icyphy/ptII/ptolemy/domains/sdf/test/auto/inferRelationWidth1.xml (RunModel)" time="0.023" />
  <testcase classname="ptolemy.util.test.junit.AutoTests" name="[30] /home/travis/build/icyphy/ptII/ptolemy/domains/sdf/test/auto/initProductionInference.xml (RunModel)" time="0.03" />
  <testcase classname="ptolemy.util.test.junit.AutoTests" name="[31] /home/travis/build/icyphy/ptII/ptolemy/domains/sdf/test/auto/relationGroup.xml (RunModel)" time="0.027" />
  <testcase classname="ptolemy.util.test.junit.AutoTests" name="[32] /home/travis/build/icyphy/ptII/ptolemy/domains/sdf/test/auto/relationGroup10.xml (RunModel)" time="0.015" />
  <testcase classname="ptolemy.util.test.junit.AutoTests" name="[33] /home/travis/build/icyphy/ptII/ptolemy/domains/sdf/test/auto/relationGroup11.xml (RunModel)" time="0.016" />
  <testcase classname="ptolemy.util.test.junit.AutoTests" name="[34] /home/travis/build/icyphy/ptII/ptolemy/domains/sdf/test/auto/relationGroup12.xml (RunModel)" time="0.015" />
  <testcase classname="ptolemy.util.test.junit.AutoTests" name="[35] /home/travis/build/icyphy/ptII/ptolemy/domains/sdf/test/auto/relationGroup13.xml (RunModel)" time="0.025" />
  <testcase classname="ptolemy.util.test.junit.AutoTests" name="[36] /home/travis/build/icyphy/ptII/ptolemy/domains/sdf/test/auto/relationGroup14.xml (RunModel)" time="0.027" />
  <testcase classname="ptolemy.util.test.junit.AutoTests" name="[37] /home/travis/build/icyphy/ptII/ptolemy/domains/sdf/test/auto/relationGroup15.xml (RunModel)" time="0.018" />
  <testcase classname="ptolemy.util.test.junit.AutoTests" name="[38] /home/travis/build/icyphy/ptII/ptolemy/domains/sdf/test/auto/relationGroup2.xml (RunModel)" time="0.01" />
  <testcase classname="ptolemy.util.test.junit.AutoTests" name="[39] /home/travis/build/icyphy/ptII/ptolemy/domains/sdf/test/auto/relationGroup3.xml (RunModel)" time="0.015" />
  <testcase classname="ptolemy.util.test.junit.AutoTests" name="[40] /home/travis/build/icyphy/ptII/ptolemy/domains/sdf/test/auto/relationGroup4.xml (RunModel)" time="0.017" />
  <testcase classname="ptolemy.util.test.junit.AutoTests" name="[41] /home/travis/build/icyphy/ptII/ptolemy/domains/sdf/test/auto/relationGroup5.xml (RunModel)" time="0.012" />
  <testcase classname="ptolemy.util.test.junit.AutoTests" name="[42] /home/travis/build/icyphy/ptII/ptolemy/domains/sdf/test/auto/relationGroup6.xml (RunModel)" time="0.013" />
  <testcase classname="ptolemy.util.test.junit.AutoTests" name="[43] /home/travis/build/icyphy/ptII/ptolemy/domains/sdf/test/auto/relationGroup7.xml (RunModel)" time="0.027" />
  <testcase classname="ptolemy.util.test.junit.AutoTests" name="[44] /home/travis/build/icyphy/ptII/ptolemy/domains/sdf/test/auto/relationGroup8.xml (RunModel)" time="0.016" />
  <testcase classname="ptolemy.util.test.junit.AutoTests" name="[45] /home/travis/build/icyphy/ptII/ptolemy/domains/sdf/test/auto/relationGroup9.xml (RunModel)" time="0.015" />
  <testcase classname="ptolemy.util.test.junit.AutoTests" name="[46] /home/travis/build/icyphy/ptII/ptolemy/domains/sdf/test/auto/sdf_inside_de.xml (RunModel)" time="0.038" />
  <testcase classname="ptolemy.util.test.junit.AutoTests" name="[47] /home/travis/build/icyphy/ptII/ptolemy/domains/sdf/test/auto/sdf_inside_pn.xml (RunModel)" time="0.056" />
  <testcase classname="ptolemy.util.test.junit.AutoTests" name="[48] /home/travis/build/icyphy/ptII/ptolemy/domains/sdf/test/auto/sdf_sdf1.xml (RunModel)" time="0.023" />
  <testcase classname="ptolemy.util.test.junit.AutoTests" name="[49] /home/travis/build/icyphy/ptII/ptolemy/domains/sdf/test/auto/test1.xml (RunModel)" time="0.016" />
  <testcase classname="ptolemy.util.test.junit.AutoTests" name="[50] /home/travis/build/icyphy/ptII/ptolemy/domains/sdf/test/auto/time1.xml (RunModel)" time="0.012" />
  <testcase classname="ptolemy.util.test.junit.AutoTests" name="[51] /home/travis/build/icyphy/ptII/ptolemy/domains/sdf/test/auto/time2.xml (RunModel)" time="0.009" />
  <testcase classname="ptolemy.util.test.junit.AutoTests" name="[52] /home/travis/build/icyphy/ptII/ptolemy/domains/sdf/test/auto/time3.xml (RunModel)" time="0.025" />
  <testcase classname="ptolemy.util.test.junit.AutoTests" name="[53] /home/travis/build/icyphy/ptII/ptolemy/domains/sdf/test/auto/time4.xml (RunModel)" time="0.019" />
  <testcase classname="ptolemy.util.test.junit.AutoTests" name="[54] /home/travis/build/icyphy/ptII/ptolemy/domains/sdf/test/auto/time5.xml (RunModel)" time="4.01" />
  <testcase classname="ptolemy.util.test.junit.AutoTests" name="[55] /home/travis/build/icyphy/ptII/ptolemy/domains/sdf/test/auto/typeSystem_Const_Integer_smallest_Type.xml (RunModel)" time="0.023" />
  <testcase classname="ptolemy.util.test.junit.AutoTests" name="[56] /home/travis/build/icyphy/ptII/ptolemy/domains/sdf/test/auto/typeSystem_declared_Inports_OutportTypeException.xml (RunModel)" time="0.017" />
  <testcase classname="ptolemy.util.test.junit.AutoTests" name="[57] /home/travis/build/icyphy/ptII/ptolemy/domains/sdf/test/auto/typeSystem_oneDeclaredInportType_wrongTypeOutport.xml (RunModel)" time="0.014" />
  <testcase classname="ptolemy.util.test.junit.AutoTests" name="[58] /home/travis/build/icyphy/ptII/ptolemy/domains/sdf/test/auto/width.xml (RunModel)" time="0.015" />
  <testcase classname="ptolemy.util.test.junit.AutoTests" name="[59] /home/travis/build/icyphy/ptII/ptolemy/domains/sdf/test/auto/width2.xml (RunModel)" time="0.042" />
  <testcase classname="ptolemy.util.test.junit.AutoTests" name="[60] /home/travis/build/icyphy/ptII/ptolemy/domains/sdf/test/auto/width3.xml (RunModel)" time="0.046" />
  <system-out><![CDATA[/home/travis/build/icyphy/ptII/ptolemy/domains/sdf/test/SDFSchedulerErrors.tcl
testDefs.tcl: setting time out to 9000 seconds at Mon Sep 09 05:54:52 UTC 2019
51 ms. Memory: 120832K Free: 82374K (68%)
9 ms. Memory: 120832K Free: 74696K (62%)
7 ms. Memory: 120832K Free: 68552K (57%)
9 ms. Memory: 120832K Free: 65480K (54%)
/home/travis/build/icyphy/ptII/ptolemy/domains/sdf/test/composition.tcl
49 ms. Memory: 120832K Free: 61384K (51%)
34 ms. Memory: 120832K Free: 59336K (49%)
/home/travis/build/icyphy/ptII/ptolemy/domains/sdf/test/cycle.tcl
.Toplevel.Director Preinitializing ...
Invoking preinitialize():  .Toplevel.Actor1
Invoking preinitialize():  .Toplevel.Actor2
Invoking preinitialize():  .Toplevel.Delay
.Toplevel.Director Finished preinitialize().
### Schedule:
Execute Schedule{
Fire Actor ptolemy.domains.sdf.kernel.test.SDFTestDelay {.Toplevel.Actor1}
Fire Actor ptolemy.domains.sdf.kernel.test.SDFTestDelay {.Toplevel.Actor2}
Fire Actor ptolemy.domains.sdf.lib.SampleDelay {.Toplevel.Delay}
}
### End schedule
Called initialize().
Invoking initialize():  .Toplevel.Actor1
Initializing actor: .Toplevel.Actor1.
Invoking initialize():  .Toplevel.Actor2
Initializing actor: .Toplevel.Actor2.
Invoking initialize():  .Toplevel.Delay
Initializing actor: .Toplevel.Delay.
Director: Called prefire().
-- Setting current time to 0.0
Director prefire returns true.
The actor .Toplevel.Actor1 will be iterated.
The actor .Toplevel.Actor1 was iterated.
The actor .Toplevel.Actor2 will be iterated.
The actor .Toplevel.Actor2 was iterated.
The actor .Toplevel.Delay will be iterated.
The actor .Toplevel.Delay was iterated.
Director: Called postfire().
Postfire returns: true
Director: Called prefire().
-- Setting current time to 0.0
Director prefire returns true.
The actor .Toplevel.Actor1 will be iterated.
The actor .Toplevel.Actor1 was iterated.
The actor .Toplevel.Actor2 will be iterated.
The actor .Toplevel.Actor2 was iterated.
The actor .Toplevel.Delay will be iterated.
The actor .Toplevel.Delay was iterated.
Director: Called postfire().
Postfire returns: true
Director: Called prefire().
-- Setting current time to 0.0
Director prefire returns true.
The actor .Toplevel.Actor1 will be iterated.
The actor .Toplevel.Actor1 was iterated.
The actor .Toplevel.Actor2 will be iterated.
The actor .Toplevel.Actor2 was iterated.
The actor .Toplevel.Delay will be iterated.
The actor .Toplevel.Delay was iterated.
Director: Called postfire().
Postfire returns: true
Director: Called prefire().
-- Setting current time to 0.0
Director prefire returns true.
The actor .Toplevel.Actor1 will be iterated.
The actor .Toplevel.Actor1 was iterated.
The actor .Toplevel.Actor2 will be iterated.
The actor .Toplevel.Actor2 was iterated.
The actor .Toplevel.Delay will be iterated.
The actor .Toplevel.Delay was iterated.
Director: Called postfire().
Postfire returns: true
Director: Called prefire().
-- Setting current time to 0.0
Director prefire returns true.
The actor .Toplevel.Actor1 will be iterated.
The actor .Toplevel.Actor1 was iterated.
The actor .Toplevel.Actor2 will be iterated.
The actor .Toplevel.Actor2 was iterated.
The actor .Toplevel.Delay will be iterated.
The actor .Toplevel.Delay was iterated.
Director: Called postfire().
Postfire returns: true
Director: Called prefire().
-- Setting current time to 0.0
Director prefire returns true.
The actor .Toplevel.Actor1 will be iterated.
The actor .Toplevel.Actor1 was iterated.
The actor .Toplevel.Actor2 will be iterated.
The actor .Toplevel.Actor2 was iterated.
The actor .Toplevel.Delay will be iterated.
The actor .Toplevel.Delay was iterated.
Reached specified number of iterations: 6
Director: Called wrapup().
22 ms. Memory: 120832K Free: 56774K (47%)
09/09/19 05:54:53
Failed: 0  Total Tests: 8  ((Passed: 8, Newly Passed: 0)  Known Failed: 0) /home/travis/build/icyphy/ptII/ptolemy/domains/sdf/test
No auto/knownFailedTests/*.xml tests in /home/travis/build/icyphy/ptII/ptolemy/domains/sdf/test
No auto/linux-amd64/*.xml tests in /home/travis/build/icyphy/ptII/ptolemy/domains/sdf/test
AutoTests.java: About to close Vertx.
AutoTests.java: Vertx closed.

===========================================================================================
----------------- testing Mon Sep 09 05:54:54 UTC 2019 /home/travis/build/icyphy/ptII/ptolemy/domains/sdf/test/auto/Array.xml
----------------- Instantiating /home/travis/build/icyphy/ptII/ptolemy/domains/sdf/test/auto/Array.xml
40 ms. Memory: 120832K Free: 103353K (86%)
----------------- Invoking toplevel() on ptolemy.moml.MoMLSimpleApplication@1c9008b3
----------------- Done invoking toplevel() on ptolemy.moml.MoMLSimpleApplication@1c9008b3
reloadAllAccessors: .Array

===========================================================================================
----------------- testing Mon Sep 09 05:54:54 UTC 2019 /home/travis/build/icyphy/ptII/ptolemy/domains/sdf/test/auto/Butterfly.xml
----------------- Instantiating /home/travis/build/icyphy/ptII/ptolemy/domains/sdf/test/auto/Butterfly.xml
117 ms. Memory: 120832K Free: 97580K (81%)
----------------- Invoking toplevel() on ptolemy.moml.MoMLSimpleApplication@6c0f7cc1
----------------- Done invoking toplevel() on ptolemy.moml.MoMLSimpleApplication@6c0f7cc1
reloadAllAccessors: .Butterfly

===========================================================================================
----------------- testing Mon Sep 09 05:54:54 UTC 2019 /home/travis/build/icyphy/ptII/ptolemy/domains/sdf/test/auto/Expression.xml
----------------- Instantiating /home/travis/build/icyphy/ptII/ptolemy/domains/sdf/test/auto/Expression.xml
60 ms. Memory: 120832K Free: 92799K (77%)
----------------- Invoking toplevel() on ptolemy.moml.MoMLSimpleApplication@562195ff
----------------- Done invoking toplevel() on ptolemy.moml.MoMLSimpleApplication@562195ff
reloadAllAccessors: .Expression

===========================================================================================
----------------- testing Mon Sep 09 05:54:54 UTC 2019 /home/travis/build/icyphy/ptII/ptolemy/domains/sdf/test/auto/Eye.xml
----------------- Instantiating /home/travis/build/icyphy/ptII/ptolemy/domains/sdf/test/auto/Eye.xml
158 ms. Memory: 120832K Free: 93655K (78%)
----------------- Invoking toplevel() on ptolemy.moml.MoMLSimpleApplication@b34e11c
----------------- Done invoking toplevel() on ptolemy.moml.MoMLSimpleApplication@b34e11c
reloadAllAccessors: .Eye

===========================================================================================
----------------- testing Mon Sep 09 05:54:54 UTC 2019 /home/travis/build/icyphy/ptII/ptolemy/domains/sdf/test/auto/FixFIR.xml
----------------- Instantiating /home/travis/build/icyphy/ptII/ptolemy/domains/sdf/test/auto/FixFIR.xml
118 ms. Memory: 120832K Free: 101827K (84%)
----------------- Invoking toplevel() on ptolemy.moml.MoMLSimpleApplication@1c7ccf1e
----------------- Done invoking toplevel() on ptolemy.moml.MoMLSimpleApplication@1c7ccf1e
reloadAllAccessors: .FixFIR

===========================================================================================
----------------- testing Mon Sep 09 05:54:55 UTC 2019 /home/travis/build/icyphy/ptII/ptolemy/domains/sdf/test/auto/FixPoint.xml
----------------- Instantiating /home/travis/build/icyphy/ptII/ptolemy/domains/sdf/test/auto/FixPoint.xml
8 ms. Memory: 120832K Free: 96885K (80%)
----------------- Invoking toplevel() on ptolemy.moml.MoMLSimpleApplication@115d7247
----------------- Done invoking toplevel() on ptolemy.moml.MoMLSimpleApplication@115d7247
reloadAllAccessors: .FixPoint

===========================================================================================
----------------- testing Mon Sep 09 05:54:55 UTC 2019 /home/travis/build/icyphy/ptII/ptolemy/domains/sdf/test/auto/Gravitation.xml
----------------- Instantiating /home/travis/build/icyphy/ptII/ptolemy/domains/sdf/test/auto/Gravitation.xml
3170 ms. Memory: 154624K Free: 74937K (48%)
----------------- Invoking toplevel() on ptolemy.moml.MoMLSimpleApplication@3687f354
----------------- Done invoking toplevel() on ptolemy.moml.MoMLSimpleApplication@3687f354
reloadAllAccessors: .Gravitation

===========================================================================================
----------------- testing Mon Sep 09 05:54:58 UTC 2019 /home/travis/build/icyphy/ptII/ptolemy/domains/sdf/test/auto/GravitationWithCollisionDetection.xml
----------------- Instantiating /home/travis/build/icyphy/ptII/ptolemy/domains/sdf/test/auto/GravitationWithCollisionDetection.xml
7223 ms. Memory: 284672K Free: 135274K (48%)
----------------- Invoking toplevel() on ptolemy.moml.MoMLSimpleApplication@5bcb2b80
----------------- Done invoking toplevel() on ptolemy.moml.MoMLSimpleApplication@5bcb2b80
reloadAllAccessors: .GravitationWithCollisionDetection

===========================================================================================
----------------- testing Mon Sep 09 05:55:06 UTC 2019 /home/travis/build/icyphy/ptII/ptolemy/domains/sdf/test/auto/HDF.xml
----------------- Instantiating /home/travis/build/icyphy/ptII/ptolemy/domains/sdf/test/auto/HDF.xml
24 ms. Memory: 284672K Free: 119370K (42%)
----------------- Invoking toplevel() on ptolemy.moml.MoMLSimpleApplication@5f07024f
----------------- Done invoking toplevel() on ptolemy.moml.MoMLSimpleApplication@5f07024f
reloadAllAccessors: .HDF

===========================================================================================
----------------- testing Mon Sep 09 05:55:06 UTC 2019 /home/travis/build/icyphy/ptII/ptolemy/domains/sdf/test/auto/HDFwithTransientStates.xml
----------------- Instantiating /home/travis/build/icyphy/ptII/ptolemy/domains/sdf/test/auto/HDFwithTransientStates.xml
31 ms. Memory: 284672K Free: 266262K (94%)
----------------- Invoking toplevel() on ptolemy.moml.MoMLSimpleApplication@344047c1
----------------- Done invoking toplevel() on ptolemy.moml.MoMLSimpleApplication@344047c1
reloadAllAccessors: .HDFwithTransientStates

===========================================================================================
----------------- testing Mon Sep 09 05:55:06 UTC 2019 /home/travis/build/icyphy/ptII/ptolemy/domains/sdf/test/auto/HTVQ.xml
----------------- Instantiating /home/travis/build/icyphy/ptII/ptolemy/domains/sdf/test/auto/HTVQ.xml
817 ms. Memory: 284672K Free: 105038K (37%)
----------------- Invoking toplevel() on ptolemy.moml.MoMLSimpleApplication@6e6802ed
----------------- Done invoking toplevel() on ptolemy.moml.MoMLSimpleApplication@6e6802ed
reloadAllAccessors: .HTVQ

===========================================================================================
----------------- testing Mon Sep 09 05:55:07 UTC 2019 /home/travis/build/icyphy/ptII/ptolemy/domains/sdf/test/auto/InferInitProduction.xml
----------------- Instantiating /home/travis/build/icyphy/ptII/ptolemy/domains/sdf/test/auto/InferInitProduction.xml
24 ms. Memory: 342016K Free: 322888K (94%)
----------------- Invoking toplevel() on ptolemy.moml.MoMLSimpleApplication@20cf594f
----------------- Done invoking toplevel() on ptolemy.moml.MoMLSimpleApplication@20cf594f
reloadAllAccessors: .InferInitProduction

===========================================================================================
----------------- testing Mon Sep 09 05:55:07 UTC 2019 /home/travis/build/icyphy/ptII/ptolemy/domains/sdf/test/auto/InferInitProductionDeeper.xml
----------------- Instantiating /home/travis/build/icyphy/ptII/ptolemy/domains/sdf/test/auto/InferInitProductionDeeper.xml
4 ms. Memory: 342016K Free: 316728K (93%)
----------------- Invoking toplevel() on ptolemy.moml.MoMLSimpleApplication@244d1a4f
----------------- Done invoking toplevel() on ptolemy.moml.MoMLSimpleApplication@244d1a4f
reloadAllAccessors: .InferInitProductionDeeper

===========================================================================================
----------------- testing Mon Sep 09 05:55:07 UTC 2019 /home/travis/build/icyphy/ptII/ptolemy/domains/sdf/test/auto/LMSAdaptive.xml
----------------- Instantiating /home/travis/build/icyphy/ptII/ptolemy/domains/sdf/test/auto/LMSAdaptive.xml
12 ms. Memory: 342016K Free: 307032K (90%)
----------------- Invoking toplevel() on ptolemy.moml.MoMLSimpleApplication@10f9dbac
----------------- Done invoking toplevel() on ptolemy.moml.MoMLSimpleApplication@10f9dbac
reloadAllAccessors: .LMSAdaptive

===========================================================================================
----------------- testing Mon Sep 09 05:55:07 UTC 2019 /home/travis/build/icyphy/ptII/ptolemy/domains/sdf/test/auto/LogisticMap.xml
----------------- Instantiating /home/travis/build/icyphy/ptII/ptolemy/domains/sdf/test/auto/LogisticMap.xml
450 ms. Memory: 342016K Free: 301398K (88%)
----------------- Invoking toplevel() on ptolemy.moml.MoMLSimpleApplication@f808ceb
----------------- Done invoking toplevel() on ptolemy.moml.MoMLSimpleApplication@f808ceb
reloadAllAccessors: .LogisticMap

===========================================================================================
----------------- testing Mon Sep 09 05:55:07 UTC 2019 /home/travis/build/icyphy/ptII/ptolemy/domains/sdf/test/auto/MaximumEntropySpectrum.xml
----------------- Instantiating /home/travis/build/icyphy/ptII/ptolemy/domains/sdf/test/auto/MaximumEntropySpectrum.xml
87 ms. Memory: 342016K Free: 239958K (70%)
----------------- Invoking toplevel() on ptolemy.moml.MoMLSimpleApplication@5a5d6199
----------------- Done invoking toplevel() on ptolemy.moml.MoMLSimpleApplication@5a5d6199
reloadAllAccessors: .MaximumEntropySpectrum

===========================================================================================
----------------- testing Mon Sep 09 05:55:08 UTC 2019 /home/travis/build/icyphy/ptII/ptolemy/domains/sdf/test/auto/MultirateSDF.xml
----------------- Instantiating /home/travis/build/icyphy/ptII/ptolemy/domains/sdf/test/auto/MultirateSDF.xml
23 ms. Memory: 342016K Free: 225608K (66%)
----------------- Invoking toplevel() on ptolemy.moml.MoMLSimpleApplication@8d88447
----------------- Done invoking toplevel() on ptolemy.moml.MoMLSimpleApplication@8d88447
reloadAllAccessors: .MultirateSDF

===========================================================================================
----------------- testing Mon Sep 09 05:55:08 UTC 2019 /home/travis/build/icyphy/ptII/ptolemy/domains/sdf/test/auto/MultirateSDFwithTransientStates.xml
----------------- Instantiating /home/travis/build/icyphy/ptII/ptolemy/domains/sdf/test/auto/MultirateSDFwithTransientStates.xml
25 ms. Memory: 342016K Free: 206680K (60%)
----------------- Invoking toplevel() on ptolemy.moml.MoMLSimpleApplication@3ed37374
----------------- Done invoking toplevel() on ptolemy.moml.MoMLSimpleApplication@3ed37374
reloadAllAccessors: .MultirateSDFwithTransientStates

===========================================================================================
----------------- testing Mon Sep 09 05:55:08 UTC 2019 /home/travis/build/icyphy/ptII/ptolemy/domains/sdf/test/auto/NoisySinewave.xml
----------------- Instantiating /home/travis/build/icyphy/ptII/ptolemy/domains/sdf/test/auto/NoisySinewave.xml
13 ms. Memory: 342016K Free: 190296K (56%)
----------------- Invoking toplevel() on ptolemy.moml.MoMLSimpleApplication@14b8b26f
----------------- Done invoking toplevel() on ptolemy.moml.MoMLSimpleApplication@14b8b26f
reloadAllAccessors: .NoisySinewave

===========================================================================================
----------------- testing Mon Sep 09 05:55:08 UTC 2019 /home/travis/build/icyphy/ptII/ptolemy/domains/sdf/test/auto/Objects.xml
----------------- Instantiating /home/travis/build/icyphy/ptII/ptolemy/domains/sdf/test/auto/Objects.xml
7 ms. Memory: 342016K Free: 182104K (53%)
----------------- Invoking toplevel() on ptolemy.moml.MoMLSimpleApplication@4b734077
----------------- Done invoking toplevel() on ptolemy.moml.MoMLSimpleApplication@4b734077
reloadAllAccessors: .Objects

===========================================================================================
----------------- testing Mon Sep 09 05:55:08 UTC 2019 /home/travis/build/icyphy/ptII/ptolemy/domains/sdf/test/auto/OrthogonalCom.xml
----------------- Instantiating /home/travis/build/icyphy/ptII/ptolemy/domains/sdf/test/auto/OrthogonalCom.xml
6 ms. Memory: 342016K Free: 174422K (51%)
----------------- Invoking toplevel() on ptolemy.moml.MoMLSimpleApplication@3659917f
----------------- Done invoking toplevel() on ptolemy.moml.MoMLSimpleApplication@3659917f
reloadAllAccessors: .OrthogonalCom

===========================================================================================
----------------- testing Mon Sep 09 05:55:08 UTC 2019 /home/travis/build/icyphy/ptII/ptolemy/domains/sdf/test/auto/RijndaelEncryption.xml
----------------- Instantiating /home/travis/build/icyphy/ptII/ptolemy/domains/sdf/test/auto/RijndaelEncryption.xml
323 ms. Memory: 342016K Free: 230741K (67%)
----------------- Invoking toplevel() on ptolemy.moml.MoMLSimpleApplication@1199900e
----------------- Done invoking toplevel() on ptolemy.moml.MoMLSimpleApplication@1199900e
reloadAllAccessors: .RijndaelEncryption

===========================================================================================
----------------- testing Mon Sep 09 05:55:09 UTC 2019 /home/travis/build/icyphy/ptII/ptolemy/domains/sdf/test/auto/SDFEmptyIterations.xml
----------------- Instantiating /home/travis/build/icyphy/ptII/ptolemy/domains/sdf/test/auto/SDFEmptyIterations.xml
6 ms. Memory: 342016K Free: 226135K (66%)
----------------- Invoking toplevel() on ptolemy.moml.MoMLSimpleApplication@7dccca12
----------------- Done invoking toplevel() on ptolemy.moml.MoMLSimpleApplication@7dccca12
reloadAllAccessors: .SDFEmptyIterations

===========================================================================================
----------------- testing Mon Sep 09 05:55:09 UTC 2019 /home/travis/build/icyphy/ptII/ptolemy/domains/sdf/test/auto/Spectrum.xml
----------------- Instantiating /home/travis/build/icyphy/ptII/ptolemy/domains/sdf/test/auto/Spectrum.xml
40 ms. Memory: 342016K Free: 201559K (59%)
----------------- Invoking toplevel() on ptolemy.moml.MoMLSimpleApplication@3571a3d7
----------------- Done invoking toplevel() on ptolemy.moml.MoMLSimpleApplication@3571a3d7
reloadAllAccessors: .Spectrum

===========================================================================================
----------------- testing Mon Sep 09 05:55:09 UTC 2019 /home/travis/build/icyphy/ptII/ptolemy/domains/sdf/test/auto/de_inside_sdf.xml
----------------- Instantiating /home/travis/build/icyphy/ptII/ptolemy/domains/sdf/test/auto/de_inside_sdf.xml
8 ms. Memory: 342016K Free: 196439K (57%)
----------------- Invoking toplevel() on ptolemy.moml.MoMLSimpleApplication@520421d8
----------------- Done invoking toplevel() on ptolemy.moml.MoMLSimpleApplication@520421d8
reloadAllAccessors: .de_inside_sdf

===========================================================================================
----------------- testing Mon Sep 09 05:55:09 UTC 2019 /home/travis/build/icyphy/ptII/ptolemy/domains/sdf/test/auto/disconnectedHierarchicalSDF.xml
----------------- Instantiating /home/travis/build/icyphy/ptII/ptolemy/domains/sdf/test/auto/disconnectedHierarchicalSDF.xml
4 ms. Memory: 342016K Free: 190295K (56%)
----------------- Invoking toplevel() on ptolemy.moml.MoMLSimpleApplication@781ac19c
----------------- Done invoking toplevel() on ptolemy.moml.MoMLSimpleApplication@781ac19c
reloadAllAccessors: .disconnectedHierarchicalSDF

===========================================================================================
----------------- testing Mon Sep 09 05:55:09 UTC 2019 /home/travis/build/icyphy/ptII/ptolemy/domains/sdf/test/auto/disconnectedSDF.xml
----------------- Instantiating /home/travis/build/icyphy/ptII/ptolemy/domains/sdf/test/auto/disconnectedSDF.xml
2 ms. Memory: 342016K Free: 186199K (54%)
----------------- Invoking toplevel() on ptolemy.moml.MoMLSimpleApplication@c560c4d
----------------- Done invoking toplevel() on ptolemy.moml.MoMLSimpleApplication@c560c4d
reloadAllAccessors: .disconnectedSDF

===========================================================================================
----------------- testing Mon Sep 09 05:55:09 UTC 2019 /home/travis/build/icyphy/ptII/ptolemy/domains/sdf/test/auto/emptyRefinement.xml
----------------- Instantiating /home/travis/build/icyphy/ptII/ptolemy/domains/sdf/test/auto/emptyRefinement.xml
3 ms. Memory: 342016K Free: 181589K (53%)
----------------- Invoking toplevel() on ptolemy.moml.MoMLSimpleApplication@74d87272
----------------- Done invoking toplevel() on ptolemy.moml.MoMLSimpleApplication@74d87272
reloadAllAccessors: .emptyRefinement

===========================================================================================
----------------- testing Mon Sep 09 05:55:09 UTC 2019 /home/travis/build/icyphy/ptII/ptolemy/domains/sdf/test/auto/filePortParameter.xml
----------------- Instantiating /home/travis/build/icyphy/ptII/ptolemy/domains/sdf/test/auto/filePortParameter.xml
11 ms. Memory: 342016K Free: 174421K (51%)
----------------- Invoking toplevel() on ptolemy.moml.MoMLSimpleApplication@28ca4c45
----------------- Done invoking toplevel() on ptolemy.moml.MoMLSimpleApplication@28ca4c45
reloadAllAccessors: .filePortParameter

===========================================================================================
----------------- testing Mon Sep 09 05:55:09 UTC 2019 /home/travis/build/icyphy/ptII/ptolemy/domains/sdf/test/auto/inferRelationWidth1.xml
----------------- Instantiating /home/travis/build/icyphy/ptII/ptolemy/domains/sdf/test/auto/inferRelationWidth1.xml
3 ms. Memory: 342016K Free: 171349K (50%)
----------------- Invoking toplevel() on ptolemy.moml.MoMLSimpleApplication@62b6f176
----------------- Done invoking toplevel() on ptolemy.moml.MoMLSimpleApplication@62b6f176
reloadAllAccessors: .inferRelationWidth1

===========================================================================================
----------------- testing Mon Sep 09 05:55:09 UTC 2019 /home/travis/build/icyphy/ptII/ptolemy/domains/sdf/test/auto/initProductionInference.xml
----------------- Instantiating /home/travis/build/icyphy/ptII/ptolemy/domains/sdf/test/auto/initProductionInference.xml
11 ms. Memory: 342016K Free: 167223K (49%)
----------------- Invoking toplevel() on ptolemy.moml.MoMLSimpleApplication@30667b54
----------------- Done invoking toplevel() on ptolemy.moml.MoMLSimpleApplication@30667b54
reloadAllAccessors: .initProductionInference

===========================================================================================
----------------- testing Mon Sep 09 05:55:09 UTC 2019 /home/travis/build/icyphy/ptII/ptolemy/domains/sdf/test/auto/relationGroup.xml
----------------- Instantiating /home/travis/build/icyphy/ptII/ptolemy/domains/sdf/test/auto/relationGroup.xml
2 ms. Memory: 342016K Free: 164181K (48%)
----------------- Invoking toplevel() on ptolemy.moml.MoMLSimpleApplication@d1f707a
----------------- Done invoking toplevel() on ptolemy.moml.MoMLSimpleApplication@d1f707a
reloadAllAccessors: .relationGroup

===========================================================================================
----------------- testing Mon Sep 09 05:55:09 UTC 2019 /home/travis/build/icyphy/ptII/ptolemy/domains/sdf/test/auto/relationGroup10.xml
----------------- Instantiating /home/travis/build/icyphy/ptII/ptolemy/domains/sdf/test/auto/relationGroup10.xml
2 ms. Memory: 342016K Free: 160599K (47%)
----------------- Invoking toplevel() on ptolemy.moml.MoMLSimpleApplication@8609d34
----------------- Done invoking toplevel() on ptolemy.moml.MoMLSimpleApplication@8609d34
reloadAllAccessors: .relationGroup10

===========================================================================================
----------------- testing Mon Sep 09 05:55:09 UTC 2019 /home/travis/build/icyphy/ptII/ptolemy/domains/sdf/test/auto/relationGroup11.xml
----------------- Instantiating /home/travis/build/icyphy/ptII/ptolemy/domains/sdf/test/auto/relationGroup11.xml
3 ms. Memory: 342016K Free: 157013K (46%)
----------------- Invoking toplevel() on ptolemy.moml.MoMLSimpleApplication@308b0efa
----------------- Done invoking toplevel() on ptolemy.moml.MoMLSimpleApplication@308b0efa
reloadAllAccessors: .relationGroup11

===========================================================================================
----------------- testing Mon Sep 09 05:55:09 UTC 2019 /home/travis/build/icyphy/ptII/ptolemy/domains/sdf/test/auto/relationGroup12.xml
----------------- Instantiating /home/travis/build/icyphy/ptII/ptolemy/domains/sdf/test/auto/relationGroup12.xml
3 ms. Memory: 342016K Free: 153431K (45%)
----------------- Invoking toplevel() on ptolemy.moml.MoMLSimpleApplication@2e3c75a6
----------------- Done invoking toplevel() on ptolemy.moml.MoMLSimpleApplication@2e3c75a6
reloadAllAccessors: .relationGroup12

===========================================================================================
----------------- testing Mon Sep 09 05:55:09 UTC 2019 /home/travis/build/icyphy/ptII/ptolemy/domains/sdf/test/auto/relationGroup13.xml
----------------- Instantiating /home/travis/build/icyphy/ptII/ptolemy/domains/sdf/test/auto/relationGroup13.xml
13 ms. Memory: 342016K Free: 148821K (44%)
----------------- Invoking toplevel() on ptolemy.moml.MoMLSimpleApplication@1466d115
----------------- Done invoking toplevel() on ptolemy.moml.MoMLSimpleApplication@1466d115
reloadAllAccessors: .relationGroup13

===========================================================================================
----------------- testing Mon Sep 09 05:55:09 UTC 2019 /home/travis/build/icyphy/ptII/ptolemy/domains/sdf/test/auto/relationGroup14.xml
----------------- Instantiating /home/travis/build/icyphy/ptII/ptolemy/domains/sdf/test/auto/relationGroup14.xml
9 ms. Memory: 342016K Free: 144215K (42%)
----------------- Invoking toplevel() on ptolemy.moml.MoMLSimpleApplication@27d03902
----------------- Done invoking toplevel() on ptolemy.moml.MoMLSimpleApplication@27d03902
reloadAllAccessors: .relationGroup14

===========================================================================================
----------------- testing Mon Sep 09 05:55:09 UTC 2019 /home/travis/build/icyphy/ptII/ptolemy/domains/sdf/test/auto/relationGroup15.xml
----------------- Instantiating /home/travis/build/icyphy/ptII/ptolemy/domains/sdf/test/auto/relationGroup15.xml
2 ms. Memory: 342016K Free: 140629K (41%)
----------------- Invoking toplevel() on ptolemy.moml.MoMLSimpleApplication@41aebf8e
----------------- Done invoking toplevel() on ptolemy.moml.MoMLSimpleApplication@41aebf8e
reloadAllAccessors: .relationGroup15

===========================================================================================
----------------- testing Mon Sep 09 05:55:09 UTC 2019 /home/travis/build/icyphy/ptII/ptolemy/domains/sdf/test/auto/relationGroup2.xml
----------------- Instantiating /home/travis/build/icyphy/ptII/ptolemy/domains/sdf/test/auto/relationGroup2.xml
2 ms. Memory: 342016K Free: 137557K (40%)
----------------- Invoking toplevel() on ptolemy.moml.MoMLSimpleApplication@5c19e5a4
----------------- Done invoking toplevel() on ptolemy.moml.MoMLSimpleApplication@5c19e5a4
reloadAllAccessors: .relationGroup2

===========================================================================================
----------------- testing Mon Sep 09 05:55:09 UTC 2019 /home/travis/build/icyphy/ptII/ptolemy/domains/sdf/test/auto/relationGroup3.xml
----------------- Instantiating /home/travis/build/icyphy/ptII/ptolemy/domains/sdf/test/auto/relationGroup3.xml
1 ms. Memory: 342016K Free: 134485K (39%)
----------------- Invoking toplevel() on ptolemy.moml.MoMLSimpleApplication@3e5809a3
----------------- Done invoking toplevel() on ptolemy.moml.MoMLSimpleApplication@3e5809a3
reloadAllAccessors: .relationGroup3

===========================================================================================
----------------- testing Mon Sep 09 05:55:09 UTC 2019 /home/travis/build/icyphy/ptII/ptolemy/domains/sdf/test/auto/relationGroup4.xml
----------------- Instantiating /home/travis/build/icyphy/ptII/ptolemy/domains/sdf/test/auto/relationGroup4.xml
7 ms. Memory: 342016K Free: 130359K (38%)
----------------- Invoking toplevel() on ptolemy.moml.MoMLSimpleApplication@7b24e68e
----------------- Done invoking toplevel() on ptolemy.moml.MoMLSimpleApplication@7b24e68e
reloadAllAccessors: .relationGroup4

===========================================================================================
----------------- testing Mon Sep 09 05:55:09 UTC 2019 /home/travis/build/icyphy/ptII/ptolemy/domains/sdf/test/auto/relationGroup5.xml
----------------- Instantiating /home/travis/build/icyphy/ptII/ptolemy/domains/sdf/test/auto/relationGroup5.xml
2 ms. Memory: 342016K Free: 126263K (37%)
----------------- Invoking toplevel() on ptolemy.moml.MoMLSimpleApplication@1f873a04
----------------- Done invoking toplevel() on ptolemy.moml.MoMLSimpleApplication@1f873a04
reloadAllAccessors: .relationGroup5

===========================================================================================
----------------- testing Mon Sep 09 05:55:09 UTC 2019 /home/travis/build/icyphy/ptII/ptolemy/domains/sdf/test/auto/relationGroup6.xml
----------------- Instantiating /home/travis/build/icyphy/ptII/ptolemy/domains/sdf/test/auto/relationGroup6.xml
3 ms. Memory: 342016K Free: 122197K (36%)
----------------- Invoking toplevel() on ptolemy.moml.MoMLSimpleApplication@600f2b03
----------------- Done invoking toplevel() on ptolemy.moml.MoMLSimpleApplication@600f2b03
reloadAllAccessors: .relationGroup6

===========================================================================================
----------------- testing Mon Sep 09 05:55:09 UTC 2019 /home/travis/build/icyphy/ptII/ptolemy/domains/sdf/test/auto/relationGroup7.xml
----------------- Instantiating /home/travis/build/icyphy/ptII/ptolemy/domains/sdf/test/auto/relationGroup7.xml
1 ms. Memory: 342016K Free: 321975K (94%)
----------------- Invoking toplevel() on ptolemy.moml.MoMLSimpleApplication@5d3f52b2
----------------- Done invoking toplevel() on ptolemy.moml.MoMLSimpleApplication@5d3f52b2
reloadAllAccessors: .relationGroup7

===========================================================================================
----------------- testing Mon Sep 09 05:55:09 UTC 2019 /home/travis/build/icyphy/ptII/ptolemy/domains/sdf/test/auto/relationGroup8.xml
----------------- Instantiating /home/travis/build/icyphy/ptII/ptolemy/domains/sdf/test/auto/relationGroup8.xml
1 ms. Memory: 342016K Free: 318903K (93%)
----------------- Invoking toplevel() on ptolemy.moml.MoMLSimpleApplication@6bf5ed08
----------------- Done invoking toplevel() on ptolemy.moml.MoMLSimpleApplication@6bf5ed08
reloadAllAccessors: .relationGroup8

===========================================================================================
----------------- testing Mon Sep 09 05:55:09 UTC 2019 /home/travis/build/icyphy/ptII/ptolemy/domains/sdf/test/auto/relationGroup9.xml
----------------- Instantiating /home/travis/build/icyphy/ptII/ptolemy/domains/sdf/test/auto/relationGroup9.xml
5 ms. Memory: 342016K Free: 314297K (92%)
----------------- Invoking toplevel() on ptolemy.moml.MoMLSimpleApplication@3b4a68c5
----------------- Done invoking toplevel() on ptolemy.moml.MoMLSimpleApplication@3b4a68c5
reloadAllAccessors: .relationGroup9

===========================================================================================
----------------- testing Mon Sep 09 05:55:09 UTC 2019 /home/travis/build/icyphy/ptII/ptolemy/domains/sdf/test/auto/sdf_inside_de.xml
----------------- Instantiating /home/travis/build/icyphy/ptII/ptolemy/domains/sdf/test/auto/sdf_inside_de.xml
10 ms. Memory: 342016K Free: 305591K (89%)
----------------- Invoking toplevel() on ptolemy.moml.MoMLSimpleApplication@227983d1
----------------- Done invoking toplevel() on ptolemy.moml.MoMLSimpleApplication@227983d1
reloadAllAccessors: .sdf_inside_de

===========================================================================================
----------------- testing Mon Sep 09 05:55:09 UTC 2019 /home/travis/build/icyphy/ptII/ptolemy/domains/sdf/test/auto/sdf_inside_pn.xml
----------------- Instantiating /home/travis/build/icyphy/ptII/ptolemy/domains/sdf/test/auto/sdf_inside_pn.xml
35 ms. Memory: 342016K Free: 296375K (87%)
----------------- Invoking toplevel() on ptolemy.moml.MoMLSimpleApplication@21bbb680
----------------- Done invoking toplevel() on ptolemy.moml.MoMLSimpleApplication@21bbb680
reloadAllAccessors: .sdf_inside_pn

===========================================================================================
----------------- testing Mon Sep 09 05:55:09 UTC 2019 /home/travis/build/icyphy/ptII/ptolemy/domains/sdf/test/auto/sdf_sdf1.xml
----------------- Instantiating /home/travis/build/icyphy/ptII/ptolemy/domains/sdf/test/auto/sdf_sdf1.xml
3 ms. Memory: 342016K Free: 290745K (85%)
----------------- Invoking toplevel() on ptolemy.moml.MoMLSimpleApplication@f074bd5
----------------- Done invoking toplevel() on ptolemy.moml.MoMLSimpleApplication@f074bd5
reloadAllAccessors: .sdf_sdf1

===========================================================================================
----------------- testing Mon Sep 09 05:55:09 UTC 2019 /home/travis/build/icyphy/ptII/ptolemy/domains/sdf/test/auto/test1.xml
----------------- Instantiating /home/travis/build/icyphy/ptII/ptolemy/domains/sdf/test/auto/test1.xml
3 ms. Memory: 342016K Free: 285625K (84%)
----------------- Invoking toplevel() on ptolemy.moml.MoMLSimpleApplication@693327c4
----------------- Done invoking toplevel() on ptolemy.moml.MoMLSimpleApplication@693327c4
reloadAllAccessors: .test1

===========================================================================================
----------------- testing Mon Sep 09 05:55:09 UTC 2019 /home/travis/build/icyphy/ptII/ptolemy/domains/sdf/test/auto/time1.xml
----------------- Instantiating /home/travis/build/icyphy/ptII/ptolemy/domains/sdf/test/auto/time1.xml
3 ms. Memory: 342016K Free: 282039K (82%)
----------------- Invoking toplevel() on ptolemy.moml.MoMLSimpleApplication@7b94b99d
----------------- Done invoking toplevel() on ptolemy.moml.MoMLSimpleApplication@7b94b99d
reloadAllAccessors: .time1

===========================================================================================
----------------- testing Mon Sep 09 05:55:09 UTC 2019 /home/travis/build/icyphy/ptII/ptolemy/domains/sdf/test/auto/time2.xml
----------------- Instantiating /home/travis/build/icyphy/ptII/ptolemy/domains/sdf/test/auto/time2.xml
1 ms. Memory: 342016K Free: 278457K (81%)
----------------- Invoking toplevel() on ptolemy.moml.MoMLSimpleApplication@6085c9c7
----------------- Done invoking toplevel() on ptolemy.moml.MoMLSimpleApplication@6085c9c7
reloadAllAccessors: .time2

===========================================================================================
----------------- testing Mon Sep 09 05:55:09 UTC 2019 /home/travis/build/icyphy/ptII/ptolemy/domains/sdf/test/auto/time3.xml
----------------- Instantiating /home/travis/build/icyphy/ptII/ptolemy/domains/sdf/test/auto/time3.xml
7 ms. Memory: 342016K Free: 273337K (80%)
----------------- Invoking toplevel() on ptolemy.moml.MoMLSimpleApplication@2f5b1eff
----------------- Done invoking toplevel() on ptolemy.moml.MoMLSimpleApplication@2f5b1eff
reloadAllAccessors: .time3

===========================================================================================
----------------- testing Mon Sep 09 05:55:09 UTC 2019 /home/travis/build/icyphy/ptII/ptolemy/domains/sdf/test/auto/time4.xml
----------------- Instantiating /home/travis/build/icyphy/ptII/ptolemy/domains/sdf/test/auto/time4.xml
7 ms. Memory: 342016K Free: 267689K (78%)
----------------- Invoking toplevel() on ptolemy.moml.MoMLSimpleApplication@765b8f03
----------------- Done invoking toplevel() on ptolemy.moml.MoMLSimpleApplication@765b8f03
reloadAllAccessors: .time4

===========================================================================================
----------------- testing Mon Sep 09 05:55:09 UTC 2019 /home/travis/build/icyphy/ptII/ptolemy/domains/sdf/test/auto/time5.xml
----------------- Instantiating /home/travis/build/icyphy/ptII/ptolemy/domains/sdf/test/auto/time5.xml
4003 ms. Memory: 342016K Free: 264121K (77%)
----------------- Invoking toplevel() on ptolemy.moml.MoMLSimpleApplication@4ba84fef
----------------- Done invoking toplevel() on ptolemy.moml.MoMLSimpleApplication@4ba84fef
reloadAllAccessors: .time5

===========================================================================================
----------------- testing Mon Sep 09 05:55:13 UTC 2019 /home/travis/build/icyphy/ptII/ptolemy/domains/sdf/test/auto/typeSystem_Const_Integer_smallest_Type.xml
----------------- Instantiating /home/travis/build/icyphy/ptII/ptolemy/domains/sdf/test/auto/typeSystem_Const_Integer_smallest_Type.xml
4 ms. Memory: 342016K Free: 259511K (76%)
----------------- Invoking toplevel() on ptolemy.moml.MoMLSimpleApplication@14a49798
----------------- Done invoking toplevel() on ptolemy.moml.MoMLSimpleApplication@14a49798
reloadAllAccessors: .typeSystem_Const_Integer_smallest_Type

===========================================================================================
----------------- testing Mon Sep 09 05:55:13 UTC 2019 /home/travis/build/icyphy/ptII/ptolemy/domains/sdf/test/auto/typeSystem_declared_Inports_OutportTypeException.xml
----------------- Instantiating /home/travis/build/icyphy/ptII/ptolemy/domains/sdf/test/auto/typeSystem_declared_Inports_OutportTypeException.xml
.typeSystem_declared_Inports_OutportTypeException.TestExceptionAttribute: initialize() was not invoked, but wrapup() was.  This is unusual, but not always a problem.  For example, exporting JNLP will do this.
4 ms. Memory: 342016K Free: 255415K (75%)
----------------- Invoking toplevel() on ptolemy.moml.MoMLSimpleApplication@c418295
----------------- Done invoking toplevel() on ptolemy.moml.MoMLSimpleApplication@c418295
reloadAllAccessors: .typeSystem_declared_Inports_OutportTypeException

===========================================================================================
----------------- testing Mon Sep 09 05:55:13 UTC 2019 /home/travis/build/icyphy/ptII/ptolemy/domains/sdf/test/auto/typeSystem_oneDeclaredInportType_wrongTypeOutport.xml
----------------- Instantiating /home/travis/build/icyphy/ptII/ptolemy/domains/sdf/test/auto/typeSystem_oneDeclaredInportType_wrongTypeOutport.xml
4 ms. Memory: 342016K Free: 251319K (73%)
----------------- Invoking toplevel() on ptolemy.moml.MoMLSimpleApplication@5417f692
----------------- Done invoking toplevel() on ptolemy.moml.MoMLSimpleApplication@5417f692
reloadAllAccessors: .typeSystem_oneDeclaredInportType_wrongTypeOutport

===========================================================================================
----------------- testing Mon Sep 09 05:55:13 UTC 2019 /home/travis/build/icyphy/ptII/ptolemy/domains/sdf/test/auto/width.xml
----------------- Instantiating /home/travis/build/icyphy/ptII/ptolemy/domains/sdf/test/auto/width.xml
3 ms. Memory: 342016K Free: 247737K (72%)
----------------- Invoking toplevel() on ptolemy.moml.MoMLSimpleApplication@4f377d52
----------------- Done invoking toplevel() on ptolemy.moml.MoMLSimpleApplication@4f377d52
reloadAllAccessors: .width

===========================================================================================
----------------- testing Mon Sep 09 05:55:13 UTC 2019 /home/travis/build/icyphy/ptII/ptolemy/domains/sdf/test/auto/width2.xml
----------------- Instantiating /home/travis/build/icyphy/ptII/ptolemy/domains/sdf/test/auto/width2.xml
32 ms. Memory: 342016K Free: 242617K (71%)
----------------- Invoking toplevel() on ptolemy.moml.MoMLSimpleApplication@440cd37c
----------------- Done invoking toplevel() on ptolemy.moml.MoMLSimpleApplication@440cd37c
reloadAllAccessors: .width2

===========================================================================================
----------------- testing Mon Sep 09 05:55:14 UTC 2019 /home/travis/build/icyphy/ptII/ptolemy/domains/sdf/test/auto/width3.xml
----------------- Instantiating /home/travis/build/icyphy/ptII/ptolemy/domains/sdf/test/auto/width3.xml
33 ms. Memory: 342016K Free: 237497K (69%)
----------------- Invoking toplevel() on ptolemy.moml.MoMLSimpleApplication@4535ff3a
----------------- Done invoking toplevel() on ptolemy.moml.MoMLSimpleApplication@4535ff3a
reloadAllAccessors: .width3
AutoTests.java: About to close Vertx.
AutoTests.java: Vertx closed.
]]></system-out>
  <system-err><![CDATA[java.lang.RuntimeException: Execution failed
	at ptolemy.moml.MoMLSimpleApplication$UnloadThread.run(MoMLSimpleApplication.java:402)
Caused by: ptolemy.actor.sched.NotSchedulableException: No solution exists for the balance equations.
Graph is not consistent under the SDF domain detected on external port .rateConsistency.actor.port2
  in .rateConsistency.SDF Director.Scheduler
	at ptolemy.domains.sdf.kernel.SDFScheduler._propagatePort(SDFScheduler.java:1425)
	at ptolemy.domains.sdf.kernel.SDFScheduler._solveBalanceEquations(SDFScheduler.java:710)
	at ptolemy.domains.sdf.kernel.SDFScheduler._getSchedule(SDFScheduler.java:566)
	at ptolemy.actor.sched.Scheduler.getSchedule(Scheduler.java:189)
	at ptolemy.domains.sdf.kernel.SDFDirector.createSchedule(SDFDirector.java:408)
	at ptolemy.domains.sdf.kernel.SDFDirector.preinitialize(SDFDirector.java:764)
	at ptolemy.actor.CompositeActor.preinitialize(CompositeActor.java:1828)
	at ptolemy.actor.Manager.preinitializeAndResolveTypes(Manager.java:1040)
	at ptolemy.actor.Manager.initialize(Manager.java:710)
	at ptolemy.actor.Manager.execute(Manager.java:356)
	at ptolemy.actor.Manager.run(Manager.java:1263)
	at ptolemy.actor.Manager$PtolemyRunThread.run(Manager.java:1933)
java.lang.RuntimeException: Execution failed
	at ptolemy.moml.MoMLSimpleApplication$UnloadThread.run(MoMLSimpleApplication.java:402)
Caused by: ptolemy.kernel.util.IllegalActionException: Failed to compute schedule:
  in .badRateChanges.typed composite actor.SDF Director
Because:
The SDF rate parameter may change. This is not allowed in SDF models that will be run through the code generator.  If you don't care about code generation, then you might consider setting the allowRateChanges parameter of the SDF director to false.
  in .badRateChanges.typed composite actor.Repeat.output.tokenProductionRate
	at ptolemy.domains.sdf.kernel.SDFDirector.createSchedule(SDFDirector.java:418)
	at ptolemy.domains.sdf.kernel.SDFDirector.preinitialize(SDFDirector.java:764)
	at ptolemy.actor.CompositeActor.preinitialize(CompositeActor.java:1828)
	at ptolemy.actor.Director.preinitialize(Director.java:1302)
	at ptolemy.actor.Director.preinitialize(Director.java:1257)
	at ptolemy.domains.sdf.kernel.SDFDirector.preinitialize(SDFDirector.java:763)
	at ptolemy.actor.CompositeActor.preinitialize(CompositeActor.java:1828)
	at ptolemy.actor.Manager.preinitializeAndResolveTypes(Manager.java:1040)
	at ptolemy.actor.Manager.initialize(Manager.java:710)
	at ptolemy.actor.Manager.execute(Manager.java:356)
	at ptolemy.actor.Manager.run(Manager.java:1263)
	at ptolemy.actor.Manager$PtolemyRunThread.run(Manager.java:1933)
Caused by: ptolemy.kernel.util.IllegalActionException: The SDF rate parameter may change. This is not allowed in SDF models that will be run through the code generator.  If you don't care about code generation, then you might consider setting the allowRateChanges parameter of the SDF director to false.
  in .badRateChanges.typed composite actor.Repeat.output.tokenProductionRate
	at ptolemy.domains.sdf.kernel.SDFScheduler._assertDynamicRateVariable(SDFScheduler.java:931)
	at ptolemy.domains.sdf.kernel.SDFScheduler._checkDynamicRateVariables(SDFScheduler.java:339)
	at ptolemy.domains.sdf.kernel.SDFScheduler._getSchedule(SDFScheduler.java:527)
	at ptolemy.actor.sched.Scheduler.getSchedule(Scheduler.java:189)
	at ptolemy.domains.sdf.kernel.SDFDirector.createSchedule(SDFDirector.java:408)
	... 11 more
java.lang.RuntimeException: Execution failed
	at ptolemy.moml.MoMLSimpleApplication$UnloadThread.run(MoMLSimpleApplication.java:402)
Caused by: ptolemy.kernel.util.IllegalActionException: Failed to compute schedule:
  in .badRateChanges2.typed composite actor.SDF Director
Because:
The SDF rate parameter may change. This is not allowed in SDF models that will be run through the code generator.  If you don't care about code generation, then you might consider setting the allowRateChanges parameter of the SDF director to false.
  in .badRateChanges2.typed composite actor.Repeat.output.tokenProductionRate
	at ptolemy.domains.sdf.kernel.SDFDirector.createSchedule(SDFDirector.java:418)
	at ptolemy.domains.sdf.kernel.SDFDirector.preinitialize(SDFDirector.java:764)
	at ptolemy.actor.CompositeActor.preinitialize(CompositeActor.java:1828)
	at ptolemy.actor.Director.preinitialize(Director.java:1302)
	at ptolemy.actor.Director.preinitialize(Director.java:1257)
	at ptolemy.domains.sdf.kernel.SDFDirector.preinitialize(SDFDirector.java:763)
	at ptolemy.actor.CompositeActor.preinitialize(CompositeActor.java:1828)
	at ptolemy.actor.Manager.preinitializeAndResolveTypes(Manager.java:1040)
	at ptolemy.actor.Manager.initialize(Manager.java:710)
	at ptolemy.actor.Manager.execute(Manager.java:356)
	at ptolemy.actor.Manager.run(Manager.java:1263)
	at ptolemy.actor.Manager$PtolemyRunThread.run(Manager.java:1933)
Caused by: ptolemy.kernel.util.IllegalActionException: The SDF rate parameter may change. This is not allowed in SDF models that will be run through the code generator.  If you don't care about code generation, then you might consider setting the allowRateChanges parameter of the SDF director to false.
  in .badRateChanges2.typed composite actor.Repeat.output.tokenProductionRate
	at ptolemy.domains.sdf.kernel.SDFScheduler._assertDynamicRateVariable(SDFScheduler.java:931)
	at ptolemy.domains.sdf.kernel.SDFScheduler._checkDynamicRateVariables(SDFScheduler.java:339)
	at ptolemy.domains.sdf.kernel.SDFScheduler._getSchedule(SDFScheduler.java:527)
	at ptolemy.actor.sched.Scheduler.getSchedule(Scheduler.java:189)
	at ptolemy.domains.sdf.kernel.SDFDirector.createSchedule(SDFDirector.java:408)
	... 11 more
java.lang.RuntimeException: Execution failed
	at ptolemy.moml.MoMLSimpleApplication$UnloadThread.run(MoMLSimpleApplication.java:402)
Caused by: ptolemy.actor.sched.NotSchedulableException: Actors remain that cannot be scheduled!

There are several possible reasons:
* SDF Graphs with feedback loops should have an actor with a delay in the loop, such as a SampleDelay.
* The SDF director has an "allowDisconnectedGraphs"parameter, which, when true, permits disconnected SDF graphs.
* The token consumption rate and production rates might be mismatched.
Usually, actors produce one token or consume one token on a port.  To produce or consume multiple tokens per firing, add a "tokenConsumptionRate" or "tokenProductionRate" parameter to the appropriate port.
Unscheduled actors:
.partiallyConnected.Const2 
Scheduled actors:
.partiallyConnected.Const 
  in .partiallyConnected.SDF Director.Scheduler
	at ptolemy.domains.sdf.kernel.SDFScheduler._scheduleConnectedActors(SDFScheduler.java:1828)
	at ptolemy.domains.sdf.kernel.SDFScheduler._getSchedule(SDFScheduler.java:587)
	at ptolemy.actor.sched.Scheduler.getSchedule(Scheduler.java:189)
	at ptolemy.domains.sdf.kernel.SDFDirector.createSchedule(SDFDirector.java:408)
	at ptolemy.domains.sdf.kernel.SDFDirector.preinitialize(SDFDirector.java:764)
	at ptolemy.actor.CompositeActor.preinitialize(CompositeActor.java:1828)
	at ptolemy.actor.Manager.preinitializeAndResolveTypes(Manager.java:1040)
	at ptolemy.actor.Manager.initialize(Manager.java:710)
	at ptolemy.actor.Manager.execute(Manager.java:356)
	at ptolemy.actor.Manager.run(Manager.java:1263)
	at ptolemy.actor.Manager$PtolemyRunThread.run(Manager.java:1933)
]]></system-err>
</testsuite>
