<?xml version="1.0" encoding="UTF-8" ?>
<testsuite errors="0" failures="0" hostname="travis-job-d3a3c246-a171-4a8d-b882-3b057b51c9a8" name="ptolemy.domains.continuous.test.junit.JUnitTclTest" skipped="0" tests="156" time="66.622" timestamp="2020-04-16T13:54:20">
  <properties>
[...]
</properties>
  <testcase classname="ptolemy.util.test.junit.TclTests" name="[0] ThereAreNoTclTests (RunTclFile)" time="0.013" />
  <testcase classname="ptolemy.util.test.junit.AutoKnownFailedTests" name="[0] ThereAreNoKnowFailedTests (RunModel)" time="0.001" />
  <testcase classname="ptolemy.util.test.junit.AutoNameArchTests" name="[0] ThereAreNoAutoArchTests (RunModel)" time="0.02" />
  <testcase classname="ptolemy.util.test.junit.AutoTests" name="[0] /home/travis/build/icyphy/ptII/ptolemy/domains/continuous/test/auto/BouncingBall.xml (RunModel)" time="2.818" />
  <testcase classname="ptolemy.util.test.junit.AutoTests" name="[1] /home/travis/build/icyphy/ptII/ptolemy/domains/continuous/test/auto/BouncingBallWithoutGR.xml (RunModel)" time="0.884" />
  <testcase classname="ptolemy.util.test.junit.AutoTests" name="[2] /home/travis/build/icyphy/ptII/ptolemy/domains/continuous/test/auto/Brownian.xml (RunModel)" time="0.072" />
  <testcase classname="ptolemy.util.test.junit.AutoTests" name="[3] /home/travis/build/icyphy/ptII/ptolemy/domains/continuous/test/auto/CarTracking.xml (RunModel)" time="4.197" />
  <testcase classname="ptolemy.util.test.junit.AutoTests" name="[4] /home/travis/build/icyphy/ptII/ptolemy/domains/continuous/test/auto/CartPendulum.xml (RunModel)" time="0.504" />
  <testcase classname="ptolemy.util.test.junit.AutoTests" name="[5] /home/travis/build/icyphy/ptII/ptolemy/domains/continuous/test/auto/CausalityInterface10.xml (RunModel)" time="0.05" />
  <testcase classname="ptolemy.util.test.junit.AutoTests" name="[6] /home/travis/build/icyphy/ptII/ptolemy/domains/continuous/test/auto/CausalityInterface11.xml (RunModel)" time="0.032" />
  <testcase classname="ptolemy.util.test.junit.AutoTests" name="[7] /home/travis/build/icyphy/ptII/ptolemy/domains/continuous/test/auto/CausalityInterface12.xml (RunModel)" time="0.036" />
  <testcase classname="ptolemy.util.test.junit.AutoTests" name="[8] /home/travis/build/icyphy/ptII/ptolemy/domains/continuous/test/auto/CausalityInterface13.xml (RunModel)" time="0.036" />
  <testcase classname="ptolemy.util.test.junit.AutoTests" name="[9] /home/travis/build/icyphy/ptII/ptolemy/domains/continuous/test/auto/CausalityInterface14.xml (RunModel)" time="0.023" />
  <testcase classname="ptolemy.util.test.junit.AutoTests" name="[10] /home/travis/build/icyphy/ptII/ptolemy/domains/continuous/test/auto/CausalityInterface4.xml (RunModel)" time="0.037" />
  <testcase classname="ptolemy.util.test.junit.AutoTests" name="[11] /home/travis/build/icyphy/ptII/ptolemy/domains/continuous/test/auto/CausalityInterface5.xml (RunModel)" time="0.039" />
  <testcase classname="ptolemy.util.test.junit.AutoTests" name="[12] /home/travis/build/icyphy/ptII/ptolemy/domains/continuous/test/auto/CausalityInterface6.xml (RunModel)" time="0.021" />
  <testcase classname="ptolemy.util.test.junit.AutoTests" name="[13] /home/travis/build/icyphy/ptII/ptolemy/domains/continuous/test/auto/CausalityInterface7.xml (RunModel)" time="0.036" />
  <testcase classname="ptolemy.util.test.junit.AutoTests" name="[14] /home/travis/build/icyphy/ptII/ptolemy/domains/continuous/test/auto/CausalityInterface8.xml (RunModel)" time="0.037" />
  <testcase classname="ptolemy.util.test.junit.AutoTests" name="[15] /home/travis/build/icyphy/ptII/ptolemy/domains/continuous/test/auto/CausalityInterface9.xml (RunModel)" time="0.05" />
  <testcase classname="ptolemy.util.test.junit.AutoTests" name="[16] /home/travis/build/icyphy/ptII/ptolemy/domains/continuous/test/auto/CausalityInterfaceFeedback1.xml (RunModel)" time="0.036" />
  <testcase classname="ptolemy.util.test.junit.AutoTests" name="[17] /home/travis/build/icyphy/ptII/ptolemy/domains/continuous/test/auto/CausalityInterfaceFeedback2.xml (RunModel)" time="0.034" />
  <testcase classname="ptolemy.util.test.junit.AutoTests" name="[18] /home/travis/build/icyphy/ptII/ptolemy/domains/continuous/test/auto/CompareWithCurrentTime.xml (RunModel)" time="0.017" />
  <testcase classname="ptolemy.util.test.junit.AutoTests" name="[19] /home/travis/build/icyphy/ptII/ptolemy/domains/continuous/test/auto/ComparedClocks.xml (RunModel)" time="0.081" />
  <testcase classname="ptolemy.util.test.junit.AutoTests" name="[20] /home/travis/build/icyphy/ptII/ptolemy/domains/continuous/test/auto/ContinuousAOCClone.xml (RunModel)" time="2.633" />
  <testcase classname="ptolemy.util.test.junit.AutoTests" name="[21] /home/travis/build/icyphy/ptII/ptolemy/domains/continuous/test/auto/ContinuousClock.xml (RunModel)" time="0.072" />
  <testcase classname="ptolemy.util.test.junit.AutoTests" name="[22] /home/travis/build/icyphy/ptII/ptolemy/domains/continuous/test/auto/ContinuousInContinuous.xml (RunModel)" time="0.073" />
  <testcase classname="ptolemy.util.test.junit.AutoTests" name="[23] /home/travis/build/icyphy/ptII/ptolemy/domains/continuous/test/auto/ContinuousInContinuousInContinuous.xml (RunModel)" time="0.024" />
  <testcase classname="ptolemy.util.test.junit.AutoTests" name="[24] /home/travis/build/icyphy/ptII/ptolemy/domains/continuous/test/auto/ContinuousInDE.xml (RunModel)" time="0.101" />
  <testcase classname="ptolemy.util.test.junit.AutoTests" name="[25] /home/travis/build/icyphy/ptII/ptolemy/domains/continuous/test/auto/ContinuousInDE2.xml (RunModel)" time="0.048" />
  <testcase classname="ptolemy.util.test.junit.AutoTests" name="[26] /home/travis/build/icyphy/ptII/ptolemy/domains/continuous/test/auto/ContinuousInDE3.xml (RunModel)" time="0.048" />
  <testcase classname="ptolemy.util.test.junit.AutoTests" name="[27] /home/travis/build/icyphy/ptII/ptolemy/domains/continuous/test/auto/ContinuousInDE4.xml (RunModel)" time="0.032" />
  <testcase classname="ptolemy.util.test.junit.AutoTests" name="[28] /home/travis/build/icyphy/ptII/ptolemy/domains/continuous/test/auto/ContinuousInDEDifferentRefinements.xml (RunModel)" time="0.111" />
  <testcase classname="ptolemy.util.test.junit.AutoTests" name="[29] /home/travis/build/icyphy/ptII/ptolemy/domains/continuous/test/auto/ContinuousInDEDifferentRefinementsPreemptive.xml (RunModel)" time="0.074" />
  <testcase classname="ptolemy.util.test.junit.AutoTests" name="[30] /home/travis/build/icyphy/ptII/ptolemy/domains/continuous/test/auto/ContinuousInDEInContinuous2.xml (RunModel)" time="0.044" />
  <testcase classname="ptolemy.util.test.junit.AutoTests" name="[31] /home/travis/build/icyphy/ptII/ptolemy/domains/continuous/test/auto/ContinuousInDEInContinuous3.xml (RunModel)" time="0.051" />
  <testcase classname="ptolemy.util.test.junit.AutoTests" name="[32] /home/travis/build/icyphy/ptII/ptolemy/domains/continuous/test/auto/ContinuousInDEInput.xml (RunModel)" time="0.026" />
  <testcase classname="ptolemy.util.test.junit.AutoTests" name="[33] /home/travis/build/icyphy/ptII/ptolemy/domains/continuous/test/auto/ContinuousInDEInput2.xml (RunModel)" time="0.034" />
  <testcase classname="ptolemy.util.test.junit.AutoTests" name="[34] /home/travis/build/icyphy/ptII/ptolemy/domains/continuous/test/auto/ContinuousInDEInput3.xml (RunModel)" time="0.028" />
  <testcase classname="ptolemy.util.test.junit.AutoTests" name="[35] /home/travis/build/icyphy/ptII/ptolemy/domains/continuous/test/auto/ContinuousInDESharingRefinement.xml (RunModel)" time="0.172" />
  <testcase classname="ptolemy.util.test.junit.AutoTests" name="[36] /home/travis/build/icyphy/ptII/ptolemy/domains/continuous/test/auto/ContinuousInDEwithNoPorts.xml (RunModel)" time="0.017" />
  <testcase classname="ptolemy.util.test.junit.AutoTests" name="[37] /home/travis/build/icyphy/ptII/ptolemy/domains/continuous/test/auto/ContinuousInsideDE.xml (RunModel)" time="0.072" />
  <testcase classname="ptolemy.util.test.junit.AutoTests" name="[38] /home/travis/build/icyphy/ptII/ptolemy/domains/continuous/test/auto/ContinuousMerge1.xml (RunModel)" time="0.012" />
  <testcase classname="ptolemy.util.test.junit.AutoTests" name="[39] /home/travis/build/icyphy/ptII/ptolemy/domains/continuous/test/auto/ContinuousMerge2.xml (RunModel)" time="0.038" />
  <testcase classname="ptolemy.util.test.junit.AutoTests" name="[40] /home/travis/build/icyphy/ptII/ptolemy/domains/continuous/test/auto/ContinuousMerge3.xml (RunModel)" time="0.064" />
  <testcase classname="ptolemy.util.test.junit.AutoTests" name="[41] /home/travis/build/icyphy/ptII/ptolemy/domains/continuous/test/auto/ContinuousWithinContinuous.xml (RunModel)" time="0.049" />
  <testcase classname="ptolemy.util.test.junit.AutoTests" name="[42] /home/travis/build/icyphy/ptII/ptolemy/domains/continuous/test/auto/ContinuousWithinContinuous2.xml (RunModel)" time="0.069" />
  <testcase classname="ptolemy.util.test.junit.AutoTests" name="[43] /home/travis/build/icyphy/ptII/ptolemy/domains/continuous/test/auto/ContinuousWithinContinuous3.xml (RunModel)" time="0.027" />
  <testcase classname="ptolemy.util.test.junit.AutoTests" name="[44] /home/travis/build/icyphy/ptII/ptolemy/domains/continuous/test/auto/ContinuousWithinContinuous4.xml (RunModel)" time="0.071" />
  <testcase classname="ptolemy.util.test.junit.AutoTests" name="[45] /home/travis/build/icyphy/ptII/ptolemy/domains/continuous/test/auto/ContinuousWithinContinuous5.xml (RunModel)" time="0.027" />
  <testcase classname="ptolemy.util.test.junit.AutoTests" name="[46] /home/travis/build/icyphy/ptII/ptolemy/domains/continuous/test/auto/ContinuousWithinContinuous6.xml (RunModel)" time="0.024" />
  <testcase classname="ptolemy.util.test.junit.AutoTests" name="[47] /home/travis/build/icyphy/ptII/ptolemy/domains/continuous/test/auto/ContinuousWithinContinuous7.xml (RunModel)" time="0.058" />
  <testcase classname="ptolemy.util.test.junit.AutoTests" name="[48] /home/travis/build/icyphy/ptII/ptolemy/domains/continuous/test/auto/DCMotor.xml (RunModel)" time="12.689" />
  <testcase classname="ptolemy.util.test.junit.AutoTests" name="[49] /home/travis/build/icyphy/ptII/ptolemy/domains/continuous/test/auto/DEInContinuous.xml (RunModel)" time="0.034" />
  <testcase classname="ptolemy.util.test.junit.AutoTests" name="[50] /home/travis/build/icyphy/ptII/ptolemy/domains/continuous/test/auto/DEinContinuous2.xml (RunModel)" time="0.022" />
  <testcase classname="ptolemy.util.test.junit.AutoTests" name="[51] /home/travis/build/icyphy/ptII/ptolemy/domains/continuous/test/auto/Derivative.xml (RunModel)" time="0.151" />
  <testcase classname="ptolemy.util.test.junit.AutoTests" name="[52] /home/travis/build/icyphy/ptII/ptolemy/domains/continuous/test/auto/Derivative1.xml (RunModel)" time="0.036" />
  <testcase classname="ptolemy.util.test.junit.AutoTests" name="[53] /home/travis/build/icyphy/ptII/ptolemy/domains/continuous/test/auto/DiscreteClock.xml (RunModel)" time="0.011" />
  <testcase classname="ptolemy.util.test.junit.AutoTests" name="[54] /home/travis/build/icyphy/ptII/ptolemy/domains/continuous/test/auto/EfficiencyCurve.xml (RunModel)" time="0.06" />
  <testcase classname="ptolemy.util.test.junit.AutoTests" name="[55] /home/travis/build/icyphy/ptII/ptolemy/domains/continuous/test/auto/ExponentialResponse.xml (RunModel)" time="0.096" />
  <testcase classname="ptolemy.util.test.junit.AutoTests" name="[56] /home/travis/build/icyphy/ptII/ptolemy/domains/continuous/test/auto/ExponentialResponseRK45.xml (RunModel)" time="0.027" />
  <testcase classname="ptolemy.util.test.junit.AutoTests" name="[57] /home/travis/build/icyphy/ptII/ptolemy/domains/continuous/test/auto/Friction.xml (RunModel)" time="1.427" />
  <testcase classname="ptolemy.util.test.junit.AutoTests" name="[58] /home/travis/build/icyphy/ptII/ptolemy/domains/continuous/test/auto/FurutaPendulum.xml (RunModel)" time="2.9" />
  <testcase classname="ptolemy.util.test.junit.AutoTests" name="[59] /home/travis/build/icyphy/ptII/ptolemy/domains/continuous/test/auto/HierarchicalExecution.xml (RunModel)" time="1.654" />
  <testcase classname="ptolemy.util.test.junit.AutoTests" name="[60] /home/travis/build/icyphy/ptII/ptolemy/domains/continuous/test/auto/HybridPlant.xml (RunModel)" time="0.562" />
  <testcase classname="ptolemy.util.test.junit.AutoTests" name="[61] /home/travis/build/icyphy/ptII/ptolemy/domains/continuous/test/auto/Hysteresis.xml (RunModel)" time="0.182" />
  <testcase classname="ptolemy.util.test.junit.AutoTests" name="[62] /home/travis/build/icyphy/ptII/ptolemy/domains/continuous/test/auto/HysteresisWithRandomDelay.xml (RunModel)" time="0.214" />
  <testcase classname="ptolemy.util.test.junit.AutoTests" name="[63] /home/travis/build/icyphy/ptII/ptolemy/domains/continuous/test/auto/HysteresisWithRandomLosses.xml (RunModel)" time="2.246" />
  <testcase classname="ptolemy.util.test.junit.AutoTests" name="[64] /home/travis/build/icyphy/ptII/ptolemy/domains/continuous/test/auto/ImmediateTransitions.xml (RunModel)" time="0.034" />
  <testcase classname="ptolemy.util.test.junit.AutoTests" name="[65] /home/travis/build/icyphy/ptII/ptolemy/domains/continuous/test/auto/ImpulseFeedback.xml (RunModel)" time="0.018" />
  <testcase classname="ptolemy.util.test.junit.AutoTests" name="[66] /home/travis/build/icyphy/ptII/ptolemy/domains/continuous/test/auto/ImpulseFeedback2.xml (RunModel)" time="0.013" />
  <testcase classname="ptolemy.util.test.junit.AutoTests" name="[67] /home/travis/build/icyphy/ptII/ptolemy/domains/continuous/test/auto/IncreasingRatePoisson.xml (RunModel)" time="0.55" />
  <testcase classname="ptolemy.util.test.junit.AutoTests" name="[68] /home/travis/build/icyphy/ptII/ptolemy/domains/continuous/test/auto/InitialStateFeedback.xml (RunModel)" time="0.015" />
  <testcase classname="ptolemy.util.test.junit.AutoTests" name="[69] /home/travis/build/icyphy/ptII/ptolemy/domains/continuous/test/auto/Integration.xml (RunModel)" time="0.019" />
  <testcase classname="ptolemy.util.test.junit.AutoTests" name="[70] /home/travis/build/icyphy/ptII/ptolemy/domains/continuous/test/auto/Integration2.xml (RunModel)" time="0.078" />
  <testcase classname="ptolemy.util.test.junit.AutoTests" name="[71] /home/travis/build/icyphy/ptII/ptolemy/domains/continuous/test/auto/Integration3.xml (RunModel)" time="0.012" />
  <testcase classname="ptolemy.util.test.junit.AutoTests" name="[72] /home/travis/build/icyphy/ptII/ptolemy/domains/continuous/test/auto/Integration5.xml (RunModel)" time="0.021" />
  <testcase classname="ptolemy.util.test.junit.AutoTests" name="[73] /home/travis/build/icyphy/ptII/ptolemy/domains/continuous/test/auto/IntegratorImpulse.xml (RunModel)" time="0.009" />
  <testcase classname="ptolemy.util.test.junit.AutoTests" name="[74] /home/travis/build/icyphy/ptII/ptolemy/domains/continuous/test/auto/IntegratorImpulse2.xml (RunModel)" time="0.01" />
  <testcase classname="ptolemy.util.test.junit.AutoTests" name="[75] /home/travis/build/icyphy/ptII/ptolemy/domains/continuous/test/auto/LevelCrossing1.xml (RunModel)" time="0.009" />
  <testcase classname="ptolemy.util.test.junit.AutoTests" name="[76] /home/travis/build/icyphy/ptII/ptolemy/domains/continuous/test/auto/LevelCrossing2.xml (RunModel)" time="0.014" />
  <testcase classname="ptolemy.util.test.junit.AutoTests" name="[77] /home/travis/build/icyphy/ptII/ptolemy/domains/continuous/test/auto/LevelCrossing3.xml (RunModel)" time="0.009" />
  <testcase classname="ptolemy.util.test.junit.AutoTests" name="[78] /home/travis/build/icyphy/ptII/ptolemy/domains/continuous/test/auto/LevelCrossing4.xml (RunModel)" time="0.016" />
  <testcase classname="ptolemy.util.test.junit.AutoTests" name="[79] /home/travis/build/icyphy/ptII/ptolemy/domains/continuous/test/auto/LevelCrossing5.xml (RunModel)" time="0.01" />
  <testcase classname="ptolemy.util.test.junit.AutoTests" name="[80] /home/travis/build/icyphy/ptII/ptolemy/domains/continuous/test/auto/LevelCrossing6.xml (RunModel)" time="0.011" />
  <testcase classname="ptolemy.util.test.junit.AutoTests" name="[81] /home/travis/build/icyphy/ptII/ptolemy/domains/continuous/test/auto/LevelCrossingDetector.xml (RunModel)" time="0.027" />
  <testcase classname="ptolemy.util.test.junit.AutoTests" name="[82] /home/travis/build/icyphy/ptII/ptolemy/domains/continuous/test/auto/LevelCrossingDetectorDetectingDirections.xml (RunModel)" time="0.085" />
  <testcase classname="ptolemy.util.test.junit.AutoTests" name="[83] /home/travis/build/icyphy/ptII/ptolemy/domains/continuous/test/auto/LevelCrossingDetectorDetectsGlitches.xml (RunModel)" time="0.049" />
  <testcase classname="ptolemy.util.test.junit.AutoTests" name="[84] /home/travis/build/icyphy/ptII/ptolemy/domains/continuous/test/auto/LevelCrossingNoInitialOuput.xml (RunModel)" time="0.012" />
  <testcase classname="ptolemy.util.test.junit.AutoTests" name="[85] /home/travis/build/icyphy/ptII/ptolemy/domains/continuous/test/auto/LinearStateSpaceExample.xml (RunModel)" time="0.055" />
  <testcase classname="ptolemy.util.test.junit.AutoTests" name="[86] /home/travis/build/icyphy/ptII/ptolemy/domains/continuous/test/auto/Lorenz.xml (RunModel)" time="3.115" />
  <testcase classname="ptolemy.util.test.junit.AutoTests" name="[87] /home/travis/build/icyphy/ptII/ptolemy/domains/continuous/test/auto/LorenzDifferentialSystem.xml (RunModel)" time="0.849" />
  <testcase classname="ptolemy.util.test.junit.AutoTests" name="[88] /home/travis/build/icyphy/ptII/ptolemy/domains/continuous/test/auto/LorenzDifferentialSystemWithInput.xml (RunModel)" time="1.112" />
  <testcase classname="ptolemy.util.test.junit.AutoTests" name="[89] /home/travis/build/icyphy/ptII/ptolemy/domains/continuous/test/auto/LorenzDifferentialSystemWithTime.xml (RunModel)" time="0.609" />
  <testcase classname="ptolemy.util.test.junit.AutoTests" name="[90] /home/travis/build/icyphy/ptII/ptolemy/domains/continuous/test/auto/Microsteps.xml (RunModel)" time="0.027" />
  <testcase classname="ptolemy.util.test.junit.AutoTests" name="[91] /home/travis/build/icyphy/ptII/ptolemy/domains/continuous/test/auto/Modal1.xml (RunModel)" time="0.028" />
  <testcase classname="ptolemy.util.test.junit.AutoTests" name="[92] /home/travis/build/icyphy/ptII/ptolemy/domains/continuous/test/auto/Modal2.xml (RunModel)" time="0.04" />
  <testcase classname="ptolemy.util.test.junit.AutoTests" name="[93] /home/travis/build/icyphy/ptII/ptolemy/domains/continuous/test/auto/ModalTransitionGuardWithReset.xml (RunModel)" time="0.027" />
  <testcase classname="ptolemy.util.test.junit.AutoTests" name="[94] /home/travis/build/icyphy/ptII/ptolemy/domains/continuous/test/auto/ModalTransitionGuardWithResetUsingPreemptiveTransition.xml (RunModel)" time="0.021" />
  <testcase classname="ptolemy.util.test.junit.AutoTests" name="[95] /home/travis/build/icyphy/ptII/ptolemy/domains/continuous/test/auto/ModalTransitionGuardWithResetUsingPreemptiveTransition2.xml (RunModel)" time="0.027" />
  <testcase classname="ptolemy.util.test.junit.AutoTests" name="[96] /home/travis/build/icyphy/ptII/ptolemy/domains/continuous/test/auto/ModalTransitionGuardWithResetUsingPreemptiveTransition3.xml (RunModel)" time="0.019" />
  <testcase classname="ptolemy.util.test.junit.AutoTests" name="[97] /home/travis/build/icyphy/ptII/ptolemy/domains/continuous/test/auto/NewtonsCradle.xml (RunModel)" time="0.721" />
  <testcase classname="ptolemy.util.test.junit.AutoTests" name="[98] /home/travis/build/icyphy/ptII/ptolemy/domains/continuous/test/auto/NewtonsCradleAnimated.xml (RunModel)" time="1.149" />
  <testcase classname="ptolemy.util.test.junit.AutoTests" name="[99] /home/travis/build/icyphy/ptII/ptolemy/domains/continuous/test/auto/NewtonsCradleComplicated.xml (RunModel)" time="0.787" />
  <testcase classname="ptolemy.util.test.junit.AutoTests" name="[100] /home/travis/build/icyphy/ptII/ptolemy/domains/continuous/test/auto/NewtonsCradleNondeterministic.xml (RunModel)" time="0.594" />
  <testcase classname="ptolemy.util.test.junit.AutoTests" name="[101] /home/travis/build/icyphy/ptII/ptolemy/domains/continuous/test/auto/NewtonsCradlePerfectlyInelastic1.xml (RunModel)" time="1.045" />
  <testcase classname="ptolemy.util.test.junit.AutoTests" name="[102] /home/travis/build/icyphy/ptII/ptolemy/domains/continuous/test/auto/Noise.xml (RunModel)" time="0.256" />
  <testcase classname="ptolemy.util.test.junit.AutoTests" name="[103] /home/travis/build/icyphy/ptII/ptolemy/domains/continuous/test/auto/NoiseSpectrum.xml (RunModel)" time="0.605" />
  <testcase classname="ptolemy.util.test.junit.AutoTests" name="[104] /home/travis/build/icyphy/ptII/ptolemy/domains/continuous/test/auto/ParameterizedNewtonsCradleAnimated.xml (RunModel)" time="0.305" />
  <testcase classname="ptolemy.util.test.junit.AutoTests" name="[105] /home/travis/build/icyphy/ptII/ptolemy/domains/continuous/test/auto/ParameterizedNewtonsCradleAnimatedNondeterministic.xml (RunModel)" time="0.985" />
  <testcase classname="ptolemy.util.test.junit.AutoTests" name="[106] /home/travis/build/icyphy/ptII/ptolemy/domains/continuous/test/auto/Pendulum3D.xml (RunModel)" time="0.19" />
  <testcase classname="ptolemy.util.test.junit.AutoTests" name="[107] /home/travis/build/icyphy/ptII/ptolemy/domains/continuous/test/auto/PeriodicSampler.xml (RunModel)" time="0.011" />
  <testcase classname="ptolemy.util.test.junit.AutoTests" name="[108] /home/travis/build/icyphy/ptII/ptolemy/domains/continuous/test/auto/PeriodicSampler1.xml (RunModel)" time="0.04" />
  <testcase classname="ptolemy.util.test.junit.AutoTests" name="[109] /home/travis/build/icyphy/ptII/ptolemy/domains/continuous/test/auto/PeriodicSampler2.xml (RunModel)" time="0.074" />
  <testcase classname="ptolemy.util.test.junit.AutoTests" name="[110] /home/travis/build/icyphy/ptII/ptolemy/domains/continuous/test/auto/Poisson.xml (RunModel)" time="0.385" />
  <testcase classname="ptolemy.util.test.junit.AutoTests" name="[111] /home/travis/build/icyphy/ptII/ptolemy/domains/continuous/test/auto/PoissonClock.xml (RunModel)" time="0.013" />
  <testcase classname="ptolemy.util.test.junit.AutoTests" name="[112] /home/travis/build/icyphy/ptII/ptolemy/domains/continuous/test/auto/PoissonClock2.xml (RunModel)" time="0.009" />
  <testcase classname="ptolemy.util.test.junit.AutoTests" name="[113] /home/travis/build/icyphy/ptII/ptolemy/domains/continuous/test/auto/PortParameterHierarchy.xml (RunModel)" time="0.021" />
  <testcase classname="ptolemy.util.test.junit.AutoTests" name="[114] /home/travis/build/icyphy/ptII/ptolemy/domains/continuous/test/auto/RandomHybridPlant.xml (RunModel)" time="0.525" />
  <testcase classname="ptolemy.util.test.junit.AutoTests" name="[115] /home/travis/build/icyphy/ptII/ptolemy/domains/continuous/test/auto/ResetTransitionWithStartTime1.xml (RunModel)" time="0.025" />
  <testcase classname="ptolemy.util.test.junit.AutoTests" name="[116] /home/travis/build/icyphy/ptII/ptolemy/domains/continuous/test/auto/ResetTransitionWithStartTime2.xml (RunModel)" time="0.031" />
  <testcase classname="ptolemy.util.test.junit.AutoTests" name="[117] /home/travis/build/icyphy/ptII/ptolemy/domains/continuous/test/auto/ResetTransitionWithStartTime3.xml (RunModel)" time="0.038" />
  <testcase classname="ptolemy.util.test.junit.AutoTests" name="[118] /home/travis/build/icyphy/ptII/ptolemy/domains/continuous/test/auto/ResetTransitionWithStartTime4.xml (RunModel)" time="0.022" />
  <testcase classname="ptolemy.util.test.junit.AutoTests" name="[119] /home/travis/build/icyphy/ptII/ptolemy/domains/continuous/test/auto/ResetTransitionWithStartTime5.xml (RunModel)" time="0.029" />
  <testcase classname="ptolemy.util.test.junit.AutoTests" name="[120] /home/travis/build/icyphy/ptII/ptolemy/domains/continuous/test/auto/ResetTransitionWithStartTime6.xml (RunModel)" time="0.02" />
  <testcase classname="ptolemy.util.test.junit.AutoTests" name="[121] /home/travis/build/icyphy/ptII/ptolemy/domains/continuous/test/auto/SRinContinuous.xml (RunModel)" time="0.016" />
  <testcase classname="ptolemy.util.test.junit.AutoTests" name="[122] /home/travis/build/icyphy/ptII/ptolemy/domains/continuous/test/auto/SampledClocks.xml (RunModel)" time="0.034" />
  <testcase classname="ptolemy.util.test.junit.AutoTests" name="[123] /home/travis/build/icyphy/ptII/ptolemy/domains/continuous/test/auto/Satellite.xml (RunModel)" time="0.582" />
  <testcase classname="ptolemy.util.test.junit.AutoTests" name="[124] /home/travis/build/icyphy/ptII/ptolemy/domains/continuous/test/auto/SigmaDelta.xml (RunModel)" time="1.983" />
  <testcase classname="ptolemy.util.test.junit.AutoTests" name="[125] /home/travis/build/icyphy/ptII/ptolemy/domains/continuous/test/auto/SingleRefinement.xml (RunModel)" time="0.376" />
  <testcase classname="ptolemy.util.test.junit.AutoTests" name="[126] /home/travis/build/icyphy/ptII/ptolemy/domains/continuous/test/auto/SinuBouncingBall.xml (RunModel)" time="0.774" />
  <testcase classname="ptolemy.util.test.junit.AutoTests" name="[127] /home/travis/build/icyphy/ptII/ptolemy/domains/continuous/test/auto/Sinusoid.xml (RunModel)" time="0.013" />
  <testcase classname="ptolemy.util.test.junit.AutoTests" name="[128] /home/travis/build/icyphy/ptII/ptolemy/domains/continuous/test/auto/SinusoidInNoise.xml (RunModel)" time="0.785" />
  <testcase classname="ptolemy.util.test.junit.AutoTests" name="[129] /home/travis/build/icyphy/ptII/ptolemy/domains/continuous/test/auto/SinusoidRK45.xml (RunModel)" time="0.007" />
  <testcase classname="ptolemy.util.test.junit.AutoTests" name="[130] /home/travis/build/icyphy/ptII/ptolemy/domains/continuous/test/auto/SinusoidWithMultipleImpulses.xml (RunModel)" time="0.012" />
  <testcase classname="ptolemy.util.test.junit.AutoTests" name="[131] /home/travis/build/icyphy/ptII/ptolemy/domains/continuous/test/auto/SquareWave.xml (RunModel)" time="0.142" />
  <testcase classname="ptolemy.util.test.junit.AutoTests" name="[132] /home/travis/build/icyphy/ptII/ptolemy/domains/continuous/test/auto/Starmac.xml (RunModel)" time="3.342" />
  <testcase classname="ptolemy.util.test.junit.AutoTests" name="[133] /home/travis/build/icyphy/ptII/ptolemy/domains/continuous/test/auto/StaticUnits.xml (RunModel)" time="2.337" />
  <testcase classname="ptolemy.util.test.junit.AutoTests" name="[134] /home/travis/build/icyphy/ptII/ptolemy/domains/continuous/test/auto/StickyMasses.xml (RunModel)" time="0.17" />
  <testcase classname="ptolemy.util.test.junit.AutoTests" name="[135] /home/travis/build/icyphy/ptII/ptolemy/domains/continuous/test/auto/StopTime.xml (RunModel)" time="0.065" />
  <testcase classname="ptolemy.util.test.junit.AutoTests" name="[136] /home/travis/build/icyphy/ptII/ptolemy/domains/continuous/test/auto/StopTime2.xml (RunModel)" time="0.048" />
  <testcase classname="ptolemy.util.test.junit.AutoTests" name="[137] /home/travis/build/icyphy/ptII/ptolemy/domains/continuous/test/auto/Switch.xml (RunModel)" time="0.06" />
  <testcase classname="ptolemy.util.test.junit.AutoTests" name="[138] /home/travis/build/icyphy/ptII/ptolemy/domains/continuous/test/auto/Thermostat.xml (RunModel)" time="0.198" />
  <testcase classname="ptolemy.util.test.junit.AutoTests" name="[139] /home/travis/build/icyphy/ptII/ptolemy/domains/continuous/test/auto/TimeDelay.xml (RunModel)" time="0.013" />
  <testcase classname="ptolemy.util.test.junit.AutoTests" name="[140] /home/travis/build/icyphy/ptII/ptolemy/domains/continuous/test/auto/TimeDelay2.xml (RunModel)" time="0.022" />
  <testcase classname="ptolemy.util.test.junit.AutoTests" name="[141] /home/travis/build/icyphy/ptII/ptolemy/domains/continuous/test/auto/TimeDelay3.xml (RunModel)" time="0.01" />
  <testcase classname="ptolemy.util.test.junit.AutoTests" name="[142] /home/travis/build/icyphy/ptII/ptolemy/domains/continuous/test/auto/TransferAbsentToInside.xml (RunModel)" time="0.115" />
  <testcase classname="ptolemy.util.test.junit.AutoTests" name="[143] /home/travis/build/icyphy/ptII/ptolemy/domains/continuous/test/auto/Transmission.xml (RunModel)" time="0.748" />
  <testcase classname="ptolemy.util.test.junit.AutoTests" name="[144] /home/travis/build/icyphy/ptII/ptolemy/domains/continuous/test/auto/TriggeredContinuousClock.xml (RunModel)" time="0.061" />
  <testcase classname="ptolemy.util.test.junit.AutoTests" name="[145] /home/travis/build/icyphy/ptII/ptolemy/domains/continuous/test/auto/TwoMachineInfiniteBusControl.xml (RunModel)" time="2.523" />
  <testcase classname="ptolemy.util.test.junit.AutoTests" name="[146] /home/travis/build/icyphy/ptII/ptolemy/domains/continuous/test/auto/V2V.xml (RunModel)" time="0.781" />
  <testcase classname="ptolemy.util.test.junit.AutoTests" name="[147] /home/travis/build/icyphy/ptII/ptolemy/domains/continuous/test/auto/hierarchicalModalModel.xml (RunModel)" time="0.03" />
  <testcase classname="ptolemy.util.test.junit.AutoTests" name="[148] /home/travis/build/icyphy/ptII/ptolemy/domains/continuous/test/auto/hierarchicalModalModel1.xml (RunModel)" time="0.026" />
  <testcase classname="ptolemy.util.test.junit.AutoTests" name="[149] /home/travis/build/icyphy/ptII/ptolemy/domains/continuous/test/auto/hierarchicalModalModel2.xml (RunModel)" time="0.023" />
  <testcase classname="ptolemy.util.test.junit.AutoTests" name="[150] /home/travis/build/icyphy/ptII/ptolemy/domains/continuous/test/auto/hierarchicalModalModel3.xml (RunModel)" time="0.019" />
  <testcase classname="ptolemy.util.test.junit.AutoTests" name="[151] /home/travis/build/icyphy/ptII/ptolemy/domains/continuous/test/auto/hierarchicalModalModel4.xml (RunModel)" time="0.022" />
  <testcase classname="ptolemy.util.test.junit.AutoTests" name="[152] /home/travis/build/icyphy/ptII/ptolemy/domains/continuous/test/auto/junk.xml (RunModel)" time="0.122" />
  <system-out><![CDATA[No tcl tests in /home/travis/build/icyphy/ptII/ptolemy/domains/continuous/test
No auto/knownFailedTests/*.xml tests in /home/travis/build/icyphy/ptII/ptolemy/domains/continuous/test
No auto/linux-amd64/*.xml tests in /home/travis/build/icyphy/ptII/ptolemy/domains/continuous/test
AutoTests.java: About to close Vertx.
AutoTests.java: Vertx closed.

===========================================================================================
----------------- testing Thu Apr 16 13:54:21 UTC 2020 /home/travis/build/icyphy/ptII/ptolemy/domains/continuous/test/auto/BouncingBall.xml
----------------- Instantiating /home/travis/build/icyphy/ptII/ptolemy/domains/continuous/test/auto/BouncingBall.xml
2263 ms. Memory: 129024K Free: 112918K (88%)
----------------- Invoking toplevel() on ptolemy.moml.MoMLSimpleApplication@47b3830b
----------------- Done invoking toplevel() on ptolemy.moml.MoMLSimpleApplication@47b3830b
reloadAllAccessors: .BouncingBall

===========================================================================================
----------------- testing Thu Apr 16 13:54:24 UTC 2020 /home/travis/build/icyphy/ptII/ptolemy/domains/continuous/test/auto/BouncingBallWithoutGR.xml
----------------- Instantiating /home/travis/build/icyphy/ptII/ptolemy/domains/continuous/test/auto/BouncingBallWithoutGR.xml
752 ms. Memory: 157696K Free: 126109K (80%)
----------------- Invoking toplevel() on ptolemy.moml.MoMLSimpleApplication@5a57090d
----------------- Done invoking toplevel() on ptolemy.moml.MoMLSimpleApplication@5a57090d
reloadAllAccessors: .BouncingBallWithoutGR

===========================================================================================
----------------- testing Thu Apr 16 13:54:24 UTC 2020 /home/travis/build/icyphy/ptII/ptolemy/domains/continuous/test/auto/Brownian.xml
----------------- Instantiating /home/travis/build/icyphy/ptII/ptolemy/domains/continuous/test/auto/Brownian.xml
26 ms. Memory: 157696K Free: 117407K (74%)
----------------- Invoking toplevel() on ptolemy.moml.MoMLSimpleApplication@bfdce18
----------------- Done invoking toplevel() on ptolemy.moml.MoMLSimpleApplication@bfdce18
reloadAllAccessors: .Brownian

===========================================================================================
----------------- testing Thu Apr 16 13:54:25 UTC 2020 /home/travis/build/icyphy/ptII/ptolemy/domains/continuous/test/auto/CarTracking.xml
----------------- Instantiating /home/travis/build/icyphy/ptII/ptolemy/domains/continuous/test/auto/CarTracking.xml
3677 ms. Memory: 230400K Free: 189180K (82%)
----------------- Invoking toplevel() on ptolemy.moml.MoMLSimpleApplication@860fed8
----------------- Done invoking toplevel() on ptolemy.moml.MoMLSimpleApplication@860fed8
reloadAllAccessors: .CarTracking

===========================================================================================
----------------- testing Thu Apr 16 13:54:29 UTC 2020 /home/travis/build/icyphy/ptII/ptolemy/domains/continuous/test/auto/CartPendulum.xml
----------------- Instantiating /home/travis/build/icyphy/ptII/ptolemy/domains/continuous/test/auto/CartPendulum.xml
348 ms. Memory: 230400K Free: 100092K (43%)
----------------- Invoking toplevel() on ptolemy.moml.MoMLSimpleApplication@3ad587c0
----------------- Done invoking toplevel() on ptolemy.moml.MoMLSimpleApplication@3ad587c0
reloadAllAccessors: .CartPendulum

===========================================================================================
----------------- testing Thu Apr 16 13:54:29 UTC 2020 /home/travis/build/icyphy/ptII/ptolemy/domains/continuous/test/auto/CausalityInterface10.xml
----------------- Instantiating /home/travis/build/icyphy/ptII/ptolemy/domains/continuous/test/auto/CausalityInterface10.xml
15 ms. Memory: 230400K Free: 89852K (39%)
----------------- Invoking toplevel() on ptolemy.moml.MoMLSimpleApplication@401e3340
----------------- Done invoking toplevel() on ptolemy.moml.MoMLSimpleApplication@401e3340
reloadAllAccessors: .CausalityInterface10

===========================================================================================
----------------- testing Thu Apr 16 13:54:29 UTC 2020 /home/travis/build/icyphy/ptII/ptolemy/domains/continuous/test/auto/CausalityInterface11.xml
----------------- Instantiating /home/travis/build/icyphy/ptII/ptolemy/domains/continuous/test/auto/CausalityInterface11.xml
7 ms. Memory: 230400K Free: 83708K (36%)
----------------- Invoking toplevel() on ptolemy.moml.MoMLSimpleApplication@252968c7
----------------- Done invoking toplevel() on ptolemy.moml.MoMLSimpleApplication@252968c7
reloadAllAccessors: .CausalityInterface11

===========================================================================================
----------------- testing Thu Apr 16 13:54:29 UTC 2020 /home/travis/build/icyphy/ptII/ptolemy/domains/continuous/test/auto/CausalityInterface12.xml
----------------- Instantiating /home/travis/build/icyphy/ptII/ptolemy/domains/continuous/test/auto/CausalityInterface12.xml
8 ms. Memory: 230400K Free: 213286K (93%)
----------------- Invoking toplevel() on ptolemy.moml.MoMLSimpleApplication@127079ab
----------------- Done invoking toplevel() on ptolemy.moml.MoMLSimpleApplication@127079ab
reloadAllAccessors: .CausalityInterface12

===========================================================================================
----------------- testing Thu Apr 16 13:54:29 UTC 2020 /home/travis/build/icyphy/ptII/ptolemy/domains/continuous/test/auto/CausalityInterface13.xml
----------------- Instantiating /home/travis/build/icyphy/ptII/ptolemy/domains/continuous/test/auto/CausalityInterface13.xml
10 ms. Memory: 230400K Free: 207142K (90%)
----------------- Invoking toplevel() on ptolemy.moml.MoMLSimpleApplication@5539191b
----------------- Done invoking toplevel() on ptolemy.moml.MoMLSimpleApplication@5539191b
reloadAllAccessors: .CausalityInterface13

===========================================================================================
----------------- testing Thu Apr 16 13:54:29 UTC 2020 /home/travis/build/icyphy/ptII/ptolemy/domains/continuous/test/auto/CausalityInterface14.xml
----------------- Instantiating /home/travis/build/icyphy/ptII/ptolemy/domains/continuous/test/auto/CausalityInterface14.xml
3 ms. Memory: 230400K Free: 201494K (87%)
----------------- Invoking toplevel() on ptolemy.moml.MoMLSimpleApplication@86c151d
----------------- Done invoking toplevel() on ptolemy.moml.MoMLSimpleApplication@86c151d
reloadAllAccessors: .CausalityInterface14

===========================================================================================
----------------- testing Thu Apr 16 13:54:29 UTC 2020 /home/travis/build/icyphy/ptII/ptolemy/domains/continuous/test/auto/CausalityInterface4.xml
----------------- Instantiating /home/travis/build/icyphy/ptII/ptolemy/domains/continuous/test/auto/CausalityInterface4.xml
4 ms. Memory: 230400K Free: 194340K (84%)
----------------- Invoking toplevel() on ptolemy.moml.MoMLSimpleApplication@6866db53
----------------- Done invoking toplevel() on ptolemy.moml.MoMLSimpleApplication@6866db53
reloadAllAccessors: .CausalityInterface4

===========================================================================================
----------------- testing Thu Apr 16 13:54:30 UTC 2020 /home/travis/build/icyphy/ptII/ptolemy/domains/continuous/test/auto/CausalityInterface5.xml
----------------- Instantiating /home/travis/build/icyphy/ptII/ptolemy/domains/continuous/test/auto/CausalityInterface5.xml
8 ms. Memory: 230400K Free: 186148K (81%)
----------------- Invoking toplevel() on ptolemy.moml.MoMLSimpleApplication@4e8bf639
----------------- Done invoking toplevel() on ptolemy.moml.MoMLSimpleApplication@4e8bf639
reloadAllAccessors: .CausalityInterface5

===========================================================================================
----------------- testing Thu Apr 16 13:54:30 UTC 2020 /home/travis/build/icyphy/ptII/ptolemy/domains/continuous/test/auto/CausalityInterface6.xml
----------------- Instantiating /home/travis/build/icyphy/ptII/ptolemy/domains/continuous/test/auto/CausalityInterface6.xml
4 ms. Memory: 230400K Free: 180518K (78%)
----------------- Invoking toplevel() on ptolemy.moml.MoMLSimpleApplication@6ddf4ba9
----------------- Done invoking toplevel() on ptolemy.moml.MoMLSimpleApplication@6ddf4ba9
reloadAllAccessors: .CausalityInterface6

===========================================================================================
----------------- testing Thu Apr 16 13:54:30 UTC 2020 /home/travis/build/icyphy/ptII/ptolemy/domains/continuous/test/auto/CausalityInterface7.xml
----------------- Instantiating /home/travis/build/icyphy/ptII/ptolemy/domains/continuous/test/auto/CausalityInterface7.xml
10 ms. Memory: 230400K Free: 171812K (75%)
----------------- Invoking toplevel() on ptolemy.moml.MoMLSimpleApplication@310529f6
----------------- Done invoking toplevel() on ptolemy.moml.MoMLSimpleApplication@310529f6
reloadAllAccessors: .CausalityInterface7

===========================================================================================
----------------- testing Thu Apr 16 13:54:30 UTC 2020 /home/travis/build/icyphy/ptII/ptolemy/domains/continuous/test/auto/CausalityInterface8.xml
----------------- Instantiating /home/travis/build/icyphy/ptII/ptolemy/domains/continuous/test/auto/CausalityInterface8.xml
7 ms. Memory: 230400K Free: 162596K (71%)
----------------- Invoking toplevel() on ptolemy.moml.MoMLSimpleApplication@5afbc564
----------------- Done invoking toplevel() on ptolemy.moml.MoMLSimpleApplication@5afbc564
reloadAllAccessors: .CausalityInterface8

===========================================================================================
----------------- testing Thu Apr 16 13:54:30 UTC 2020 /home/travis/build/icyphy/ptII/ptolemy/domains/continuous/test/auto/CausalityInterface9.xml
----------------- Instantiating /home/travis/build/icyphy/ptII/ptolemy/domains/continuous/test/auto/CausalityInterface9.xml
4 ms. Memory: 230400K Free: 151846K (66%)
----------------- Invoking toplevel() on ptolemy.moml.MoMLSimpleApplication@3aa9a7c9
----------------- Done invoking toplevel() on ptolemy.moml.MoMLSimpleApplication@3aa9a7c9
reloadAllAccessors: .CausalityInterface9

===========================================================================================
----------------- testing Thu Apr 16 13:54:30 UTC 2020 /home/travis/build/icyphy/ptII/ptolemy/domains/continuous/test/auto/CausalityInterfaceFeedback1.xml
----------------- Instantiating /home/travis/build/icyphy/ptII/ptolemy/domains/continuous/test/auto/CausalityInterfaceFeedback1.xml
7 ms. Memory: 230400K Free: 145702K (63%)
----------------- Invoking toplevel() on ptolemy.moml.MoMLSimpleApplication@223ac763
----------------- Done invoking toplevel() on ptolemy.moml.MoMLSimpleApplication@223ac763
reloadAllAccessors: .CausalityInterfaceFeedback1

===========================================================================================
----------------- testing Thu Apr 16 13:54:30 UTC 2020 /home/travis/build/icyphy/ptII/ptolemy/domains/continuous/test/auto/CausalityInterfaceFeedback2.xml
----------------- Instantiating /home/travis/build/icyphy/ptII/ptolemy/domains/continuous/test/auto/CausalityInterfaceFeedback2.xml
6 ms. Memory: 230400K Free: 139030K (60%)
----------------- Invoking toplevel() on ptolemy.moml.MoMLSimpleApplication@3896bc42
----------------- Done invoking toplevel() on ptolemy.moml.MoMLSimpleApplication@3896bc42
reloadAllAccessors: .CausalityInterfaceFeedback2

===========================================================================================
----------------- testing Thu Apr 16 13:54:30 UTC 2020 /home/travis/build/icyphy/ptII/ptolemy/domains/continuous/test/auto/CompareWithCurrentTime.xml
----------------- Instantiating /home/travis/build/icyphy/ptII/ptolemy/domains/continuous/test/auto/CompareWithCurrentTime.xml
2 ms. Memory: 230400K Free: 134948K (59%)
----------------- Invoking toplevel() on ptolemy.moml.MoMLSimpleApplication@162d363
----------------- Done invoking toplevel() on ptolemy.moml.MoMLSimpleApplication@162d363
reloadAllAccessors: .CompareWithCurrentTime

===========================================================================================
----------------- testing Thu Apr 16 13:54:30 UTC 2020 /home/travis/build/icyphy/ptII/ptolemy/domains/continuous/test/auto/ComparedClocks.xml
----------------- Instantiating /home/travis/build/icyphy/ptII/ptolemy/domains/continuous/test/auto/ComparedClocks.xml
13 ms. Memory: 230400K Free: 119574K (52%)
----------------- Invoking toplevel() on ptolemy.moml.MoMLSimpleApplication@1e9fad5e
----------------- Done invoking toplevel() on ptolemy.moml.MoMLSimpleApplication@1e9fad5e
reloadAllAccessors: .ComparedClocks

===========================================================================================
----------------- testing Thu Apr 16 13:54:30 UTC 2020 /home/travis/build/icyphy/ptII/ptolemy/domains/continuous/test/auto/ContinuousAOCClone.xml
----------------- Instantiating /home/travis/build/icyphy/ptII/ptolemy/domains/continuous/test/auto/ContinuousAOCClone.xml
2433 ms. Memory: 276480K Free: 189119K (68%)
----------------- Invoking toplevel() on ptolemy.moml.MoMLSimpleApplication@298324eb
----------------- Done invoking toplevel() on ptolemy.moml.MoMLSimpleApplication@298324eb
reloadAllAccessors: .ContinuousAOCClone

===========================================================================================
----------------- testing Thu Apr 16 13:54:33 UTC 2020 /home/travis/build/icyphy/ptII/ptolemy/domains/continuous/test/auto/ContinuousClock.xml
----------------- Instantiating /home/travis/build/icyphy/ptII/ptolemy/domains/continuous/test/auto/ContinuousClock.xml
35 ms. Memory: 276480K Free: 167112K (60%)
----------------- Invoking toplevel() on ptolemy.moml.MoMLSimpleApplication@5c15ad9
----------------- Done invoking toplevel() on ptolemy.moml.MoMLSimpleApplication@5c15ad9
reloadAllAccessors: .ContinuousClock

===========================================================================================
----------------- testing Thu Apr 16 13:54:33 UTC 2020 /home/travis/build/icyphy/ptII/ptolemy/domains/continuous/test/auto/ContinuousInContinuous.xml
----------------- Instantiating /home/travis/build/icyphy/ptII/ptolemy/domains/continuous/test/auto/ContinuousInContinuous.xml
40 ms. Memory: 276480K Free: 143560K (52%)
----------------- Invoking toplevel() on ptolemy.moml.MoMLSimpleApplication@1010e54b
----------------- Done invoking toplevel() on ptolemy.moml.MoMLSimpleApplication@1010e54b
reloadAllAccessors: .ContinuousInContinuous

===========================================================================================
----------------- testing Thu Apr 16 13:54:33 UTC 2020 /home/travis/build/icyphy/ptII/ptolemy/domains/continuous/test/auto/ContinuousInContinuousInContinuous.xml
----------------- Instantiating /home/travis/build/icyphy/ptII/ptolemy/domains/continuous/test/auto/ContinuousInContinuousInContinuous.xml
6 ms. Memory: 276480K Free: 135878K (49%)
----------------- Invoking toplevel() on ptolemy.moml.MoMLSimpleApplication@76dedf88
----------------- Done invoking toplevel() on ptolemy.moml.MoMLSimpleApplication@76dedf88
reloadAllAccessors: .ContinuousInContinuousInContinuous

===========================================================================================
----------------- testing Thu Apr 16 13:54:33 UTC 2020 /home/travis/build/icyphy/ptII/ptolemy/domains/continuous/test/auto/ContinuousInDE.xml
----------------- Instantiating /home/travis/build/icyphy/ptII/ptolemy/domains/continuous/test/auto/ContinuousInDE.xml
81 ms. Memory: 276480K Free: 125128K (45%)
----------------- Invoking toplevel() on ptolemy.moml.MoMLSimpleApplication@52136fa6
----------------- Done invoking toplevel() on ptolemy.moml.MoMLSimpleApplication@52136fa6
reloadAllAccessors: .ContinuousInDE

===========================================================================================
----------------- testing Thu Apr 16 13:54:33 UTC 2020 /home/travis/build/icyphy/ptII/ptolemy/domains/continuous/test/auto/ContinuousInDE2.xml
----------------- Instantiating /home/travis/build/icyphy/ptII/ptolemy/domains/continuous/test/auto/ContinuousInDE2.xml
31 ms. Memory: 276480K Free: 115398K (42%)
----------------- Invoking toplevel() on ptolemy.moml.MoMLSimpleApplication@1f18cfa7
----------------- Done invoking toplevel() on ptolemy.moml.MoMLSimpleApplication@1f18cfa7
reloadAllAccessors: .ContinuousInDE2

===========================================================================================
----------------- testing Thu Apr 16 13:54:33 UTC 2020 /home/travis/build/icyphy/ptII/ptolemy/domains/continuous/test/auto/ContinuousInDE3.xml
----------------- Instantiating /home/travis/build/icyphy/ptII/ptolemy/domains/continuous/test/auto/ContinuousInDE3.xml
28 ms. Memory: 276480K Free: 105672K (38%)
----------------- Invoking toplevel() on ptolemy.moml.MoMLSimpleApplication@3dd60c71
----------------- Done invoking toplevel() on ptolemy.moml.MoMLSimpleApplication@3dd60c71
reloadAllAccessors: .ContinuousInDE3

===========================================================================================
----------------- testing Thu Apr 16 13:54:33 UTC 2020 /home/travis/build/icyphy/ptII/ptolemy/domains/continuous/test/auto/ContinuousInDE4.xml
----------------- Instantiating /home/travis/build/icyphy/ptII/ptolemy/domains/continuous/test/auto/ContinuousInDE4.xml
12 ms. Memory: 276480K Free: 99527K (36%)
----------------- Invoking toplevel() on ptolemy.moml.MoMLSimpleApplication@1f1df2b6
----------------- Done invoking toplevel() on ptolemy.moml.MoMLSimpleApplication@1f1df2b6
reloadAllAccessors: .ContinuousInDE4

===========================================================================================
----------------- testing Thu Apr 16 13:54:33 UTC 2020 /home/travis/build/icyphy/ptII/ptolemy/domains/continuous/test/auto/ContinuousInDEDifferentRefinements.xml
----------------- Instantiating /home/travis/build/icyphy/ptII/ptolemy/domains/continuous/test/auto/ContinuousInDEDifferentRefinements.xml
53 ms. Memory: 276480K Free: 233149K (84%)
----------------- Invoking toplevel() on ptolemy.moml.MoMLSimpleApplication@777c3c79
----------------- Done invoking toplevel() on ptolemy.moml.MoMLSimpleApplication@777c3c79
reloadAllAccessors: .ContinuousInDEDifferentRefinements

===========================================================================================
----------------- testing Thu Apr 16 13:54:33 UTC 2020 /home/travis/build/icyphy/ptII/ptolemy/domains/continuous/test/auto/ContinuousInDEDifferentRefinementsPreemptive.xml
----------------- Instantiating /home/travis/build/icyphy/ptII/ptolemy/domains/continuous/test/auto/ContinuousInDEDifferentRefinementsPreemptive.xml
42 ms. Memory: 276480K Free: 202429K (73%)
----------------- Invoking toplevel() on ptolemy.moml.MoMLSimpleApplication@620c167f
----------------- Done invoking toplevel() on ptolemy.moml.MoMLSimpleApplication@620c167f
reloadAllAccessors: .ContinuousInDEDifferentRefinementsPreemptive

===========================================================================================
----------------- testing Thu Apr 16 13:54:33 UTC 2020 /home/travis/build/icyphy/ptII/ptolemy/domains/continuous/test/auto/ContinuousInDEInContinuous2.xml
----------------- Instantiating /home/travis/build/icyphy/ptII/ptolemy/domains/continuous/test/auto/ContinuousInDEInContinuous2.xml
29 ms. Memory: 276480K Free: 191165K (69%)
----------------- Invoking toplevel() on ptolemy.moml.MoMLSimpleApplication@27006f23
----------------- Done invoking toplevel() on ptolemy.moml.MoMLSimpleApplication@27006f23
reloadAllAccessors: .ContinuousInDEInContinuous2

===========================================================================================
----------------- testing Thu Apr 16 13:54:33 UTC 2020 /home/travis/build/icyphy/ptII/ptolemy/domains/continuous/test/auto/ContinuousInDEInContinuous3.xml
----------------- Instantiating /home/travis/build/icyphy/ptII/ptolemy/domains/continuous/test/auto/ContinuousInDEInContinuous3.xml
32 ms. Memory: 276480K Free: 179387K (65%)
----------------- Invoking toplevel() on ptolemy.moml.MoMLSimpleApplication@b244309
----------------- Done invoking toplevel() on ptolemy.moml.MoMLSimpleApplication@b244309
reloadAllAccessors: .ContinuousInDEInContinuous3

===========================================================================================
----------------- testing Thu Apr 16 13:54:33 UTC 2020 /home/travis/build/icyphy/ptII/ptolemy/domains/continuous/test/auto/ContinuousInDEInput.xml
----------------- Instantiating /home/travis/build/icyphy/ptII/ptolemy/domains/continuous/test/auto/ContinuousInDEInput.xml
13 ms. Memory: 276480K Free: 172219K (62%)
----------------- Invoking toplevel() on ptolemy.moml.MoMLSimpleApplication@770faa82
----------------- Done invoking toplevel() on ptolemy.moml.MoMLSimpleApplication@770faa82
reloadAllAccessors: .ContinuousInDEInput

===========================================================================================
----------------- testing Thu Apr 16 13:54:33 UTC 2020 /home/travis/build/icyphy/ptII/ptolemy/domains/continuous/test/auto/ContinuousInDEInput2.xml
----------------- Instantiating /home/travis/build/icyphy/ptII/ptolemy/domains/continuous/test/auto/ContinuousInDEInput2.xml
11 ms. Memory: 276480K Free: 165051K (60%)
----------------- Invoking toplevel() on ptolemy.moml.MoMLSimpleApplication@51c7999e
----------------- Done invoking toplevel() on ptolemy.moml.MoMLSimpleApplication@51c7999e
reloadAllAccessors: .ContinuousInDEInput2

===========================================================================================
----------------- testing Thu Apr 16 13:54:33 UTC 2020 /home/travis/build/icyphy/ptII/ptolemy/domains/continuous/test/auto/ContinuousInDEInput3.xml
----------------- Instantiating /home/travis/build/icyphy/ptII/ptolemy/domains/continuous/test/auto/ContinuousInDEInput3.xml
13 ms. Memory: 276480K Free: 157883K (57%)
----------------- Invoking toplevel() on ptolemy.moml.MoMLSimpleApplication@1de22172
----------------- Done invoking toplevel() on ptolemy.moml.MoMLSimpleApplication@1de22172
reloadAllAccessors: .ContinuousInDEInput3

===========================================================================================
----------------- testing Thu Apr 16 13:54:33 UTC 2020 /home/travis/build/icyphy/ptII/ptolemy/domains/continuous/test/auto/ContinuousInDESharingRefinement.xml
----------------- Instantiating /home/travis/build/icyphy/ptII/ptolemy/domains/continuous/test/auto/ContinuousInDESharingRefinement.xml
146 ms. Memory: 276480K Free: 228151K (83%)
----------------- Invoking toplevel() on ptolemy.moml.MoMLSimpleApplication@44f5ebc0
----------------- Done invoking toplevel() on ptolemy.moml.MoMLSimpleApplication@44f5ebc0
reloadAllAccessors: .ContinuousInDESharingRefinement

===========================================================================================
----------------- testing Thu Apr 16 13:54:33 UTC 2020 /home/travis/build/icyphy/ptII/ptolemy/domains/continuous/test/auto/ContinuousInDEwithNoPorts.xml
----------------- Instantiating /home/travis/build/icyphy/ptII/ptolemy/domains/continuous/test/auto/ContinuousInDEwithNoPorts.xml
5 ms. Memory: 276480K Free: 223559K (81%)
----------------- Invoking toplevel() on ptolemy.moml.MoMLSimpleApplication@5fc84d23
----------------- Done invoking toplevel() on ptolemy.moml.MoMLSimpleApplication@5fc84d23
reloadAllAccessors: .ContinuousInDEwithNoPorts

===========================================================================================
----------------- testing Thu Apr 16 13:54:34 UTC 2020 /home/travis/build/icyphy/ptII/ptolemy/domains/continuous/test/auto/ContinuousInsideDE.xml
----------------- Instantiating /home/travis/build/icyphy/ptII/ptolemy/domains/continuous/test/auto/ContinuousInsideDE.xml
31 ms. Memory: 276480K Free: 212295K (77%)
----------------- Invoking toplevel() on ptolemy.moml.MoMLSimpleApplication@73d5e707
----------------- Done invoking toplevel() on ptolemy.moml.MoMLSimpleApplication@73d5e707
reloadAllAccessors: .ContinuousInsideDE

===========================================================================================
----------------- testing Thu Apr 16 13:54:34 UTC 2020 /home/travis/build/icyphy/ptII/ptolemy/domains/continuous/test/auto/ContinuousMerge1.xml
----------------- Instantiating /home/travis/build/icyphy/ptII/ptolemy/domains/continuous/test/auto/ContinuousMerge1.xml
3 ms. Memory: 276480K Free: 207671K (75%)
----------------- Invoking toplevel() on ptolemy.moml.MoMLSimpleApplication@40904565
----------------- Done invoking toplevel() on ptolemy.moml.MoMLSimpleApplication@40904565
reloadAllAccessors: .ContinuousMerge1

===========================================================================================
----------------- testing Thu Apr 16 13:54:34 UTC 2020 /home/travis/build/icyphy/ptII/ptolemy/domains/continuous/test/auto/ContinuousMerge2.xml
----------------- Instantiating /home/travis/build/icyphy/ptII/ptolemy/domains/continuous/test/auto/ContinuousMerge2.xml
12 ms. Memory: 276480K Free: 197445K (71%)
----------------- Invoking toplevel() on ptolemy.moml.MoMLSimpleApplication@356c9e6e
----------------- Done invoking toplevel() on ptolemy.moml.MoMLSimpleApplication@356c9e6e
reloadAllAccessors: .ContinuousMerge2

===========================================================================================
----------------- testing Thu Apr 16 13:54:34 UTC 2020 /home/travis/build/icyphy/ptII/ptolemy/domains/continuous/test/auto/ContinuousMerge3.xml
----------------- Instantiating /home/travis/build/icyphy/ptII/ptolemy/domains/continuous/test/auto/ContinuousMerge3.xml
41 ms. Memory: 276480K Free: 186695K (68%)
----------------- Invoking toplevel() on ptolemy.moml.MoMLSimpleApplication@1388c6f8
----------------- Done invoking toplevel() on ptolemy.moml.MoMLSimpleApplication@1388c6f8
reloadAllAccessors: .ContinuousMerge3

===========================================================================================
----------------- testing Thu Apr 16 13:54:34 UTC 2020 /home/travis/build/icyphy/ptII/ptolemy/domains/continuous/test/auto/ContinuousWithinContinuous.xml
----------------- Instantiating /home/travis/build/icyphy/ptII/ptolemy/domains/continuous/test/auto/ContinuousWithinContinuous.xml
36 ms. Memory: 276480K Free: 176965K (64%)
----------------- Invoking toplevel() on ptolemy.moml.MoMLSimpleApplication@6241dae4
----------------- Done invoking toplevel() on ptolemy.moml.MoMLSimpleApplication@6241dae4
reloadAllAccessors: .ContinuousWithinContinuous

===========================================================================================
----------------- testing Thu Apr 16 13:54:34 UTC 2020 /home/travis/build/icyphy/ptII/ptolemy/domains/continuous/test/auto/ContinuousWithinContinuous2.xml
----------------- Instantiating /home/travis/build/icyphy/ptII/ptolemy/domains/continuous/test/auto/ContinuousWithinContinuous2.xml
59 ms. Memory: 276480K Free: 166215K (60%)
----------------- Invoking toplevel() on ptolemy.moml.MoMLSimpleApplication@7c5512e1
----------------- Done invoking toplevel() on ptolemy.moml.MoMLSimpleApplication@7c5512e1
reloadAllAccessors: .ContinuousWithinContinuous2

===========================================================================================
----------------- testing Thu Apr 16 13:54:34 UTC 2020 /home/travis/build/icyphy/ptII/ptolemy/domains/continuous/test/auto/ContinuousWithinContinuous3.xml
----------------- Instantiating /home/travis/build/icyphy/ptII/ptolemy/domains/continuous/test/auto/ContinuousWithinContinuous3.xml
10 ms. Memory: 276480K Free: 159047K (58%)
----------------- Invoking toplevel() on ptolemy.moml.MoMLSimpleApplication@7c32691a
----------------- Done invoking toplevel() on ptolemy.moml.MoMLSimpleApplication@7c32691a
reloadAllAccessors: .ContinuousWithinContinuous3

===========================================================================================
----------------- testing Thu Apr 16 13:54:34 UTC 2020 /home/travis/build/icyphy/ptII/ptolemy/domains/continuous/test/auto/ContinuousWithinContinuous4.xml
----------------- Instantiating /home/travis/build/icyphy/ptII/ptolemy/domains/continuous/test/auto/ContinuousWithinContinuous4.xml
58 ms. Memory: 276480K Free: 146759K (53%)
----------------- Invoking toplevel() on ptolemy.moml.MoMLSimpleApplication@769e55a1
----------------- Done invoking toplevel() on ptolemy.moml.MoMLSimpleApplication@769e55a1
reloadAllAccessors: .ContinuousWithinContinuous4

===========================================================================================
----------------- testing Thu Apr 16 13:54:34 UTC 2020 /home/travis/build/icyphy/ptII/ptolemy/domains/continuous/test/auto/ContinuousWithinContinuous5.xml
----------------- Instantiating /home/travis/build/icyphy/ptII/ptolemy/domains/continuous/test/auto/ContinuousWithinContinuous5.xml
10 ms. Memory: 276480K Free: 139591K (50%)
----------------- Invoking toplevel() on ptolemy.moml.MoMLSimpleApplication@1f8762e9
----------------- Done invoking toplevel() on ptolemy.moml.MoMLSimpleApplication@1f8762e9
reloadAllAccessors: .ContinuousWithinContinuous5

===========================================================================================
----------------- testing Thu Apr 16 13:54:34 UTC 2020 /home/travis/build/icyphy/ptII/ptolemy/domains/continuous/test/auto/ContinuousWithinContinuous6.xml
----------------- Instantiating /home/travis/build/icyphy/ptII/ptolemy/domains/continuous/test/auto/ContinuousWithinContinuous6.xml
11 ms. Memory: 276480K Free: 132423K (48%)
----------------- Invoking toplevel() on ptolemy.moml.MoMLSimpleApplication@7a5bbd87
----------------- Done invoking toplevel() on ptolemy.moml.MoMLSimpleApplication@7a5bbd87
reloadAllAccessors: .ContinuousWithinContinuous6

===========================================================================================
----------------- testing Thu Apr 16 13:54:34 UTC 2020 /home/travis/build/icyphy/ptII/ptolemy/domains/continuous/test/auto/ContinuousWithinContinuous7.xml
----------------- Instantiating /home/travis/build/icyphy/ptII/ptolemy/domains/continuous/test/auto/ContinuousWithinContinuous7.xml
47 ms. Memory: 276480K Free: 121669K (44%)
----------------- Invoking toplevel() on ptolemy.moml.MoMLSimpleApplication@3e36fc85
----------------- Done invoking toplevel() on ptolemy.moml.MoMLSimpleApplication@3e36fc85
reloadAllAccessors: .ContinuousWithinContinuous7

===========================================================================================
----------------- testing Thu Apr 16 13:54:34 UTC 2020 /home/travis/build/icyphy/ptII/ptolemy/domains/continuous/test/auto/DCMotor.xml
----------------- Instantiating /home/travis/build/icyphy/ptII/ptolemy/domains/continuous/test/auto/DCMotor.xml
12600 ms. Memory: 276480K Free: 184625K (67%)
----------------- Invoking toplevel() on ptolemy.moml.MoMLSimpleApplication@79c6294e
----------------- Done invoking toplevel() on ptolemy.moml.MoMLSimpleApplication@79c6294e
reloadAllAccessors: .DCMotor

===========================================================================================
----------------- testing Thu Apr 16 13:54:47 UTC 2020 /home/travis/build/icyphy/ptII/ptolemy/domains/continuous/test/auto/DEInContinuous.xml
----------------- Instantiating /home/travis/build/icyphy/ptII/ptolemy/domains/continuous/test/auto/DEInContinuous.xml
18 ms. Memory: 276480K Free: 178495K (65%)
----------------- Invoking toplevel() on ptolemy.moml.MoMLSimpleApplication@3903f27
----------------- Done invoking toplevel() on ptolemy.moml.MoMLSimpleApplication@3903f27
reloadAllAccessors: .DEInContinuous

===========================================================================================
----------------- testing Thu Apr 16 13:54:47 UTC 2020 /home/travis/build/icyphy/ptII/ptolemy/domains/continuous/test/auto/DEinContinuous2.xml
----------------- Instantiating /home/travis/build/icyphy/ptII/ptolemy/domains/continuous/test/auto/DEinContinuous2.xml
6 ms. Memory: 276480K Free: 170289K (62%)
----------------- Invoking toplevel() on ptolemy.moml.MoMLSimpleApplication@29742a7b
----------------- Done invoking toplevel() on ptolemy.moml.MoMLSimpleApplication@29742a7b
reloadAllAccessors: .DEinContinuous2

===========================================================================================
----------------- testing Thu Apr 16 13:54:47 UTC 2020 /home/travis/build/icyphy/ptII/ptolemy/domains/continuous/test/auto/Derivative.xml
----------------- Instantiating /home/travis/build/icyphy/ptII/ptolemy/domains/continuous/test/auto/Derivative.xml
112 ms. Memory: 276480K Free: 140607K (51%)
----------------- Invoking toplevel() on ptolemy.moml.MoMLSimpleApplication@4fd05a57
----------------- Done invoking toplevel() on ptolemy.moml.MoMLSimpleApplication@4fd05a57
reloadAllAccessors: .Derivative2

===========================================================================================
----------------- testing Thu Apr 16 13:54:47 UTC 2020 /home/travis/build/icyphy/ptII/ptolemy/domains/continuous/test/auto/Derivative1.xml
----------------- Instantiating /home/travis/build/icyphy/ptII/ptolemy/domains/continuous/test/auto/Derivative1.xml
14 ms. Memory: 276480K Free: 126271K (46%)
----------------- Invoking toplevel() on ptolemy.moml.MoMLSimpleApplication@576e4251
----------------- Done invoking toplevel() on ptolemy.moml.MoMLSimpleApplication@576e4251
reloadAllAccessors: .Derivative1

===========================================================================================
----------------- testing Thu Apr 16 13:54:47 UTC 2020 /home/travis/build/icyphy/ptII/ptolemy/domains/continuous/test/auto/DiscreteClock.xml
----------------- Instantiating /home/travis/build/icyphy/ptII/ptolemy/domains/continuous/test/auto/DiscreteClock.xml
3 ms. Memory: 276480K Free: 121151K (44%)
----------------- Invoking toplevel() on ptolemy.moml.MoMLSimpleApplication@573f8f4b
----------------- Done invoking toplevel() on ptolemy.moml.MoMLSimpleApplication@573f8f4b
reloadAllAccessors: .DiscreteClock

===========================================================================================
----------------- testing Thu Apr 16 13:54:47 UTC 2020 /home/travis/build/icyphy/ptII/ptolemy/domains/continuous/test/auto/EfficiencyCurve.xml
----------------- Instantiating /home/travis/build/icyphy/ptII/ptolemy/domains/continuous/test/auto/EfficiencyCurve.xml
39 ms. Memory: 276480K Free: 111425K (40%)
----------------- Invoking toplevel() on ptolemy.moml.MoMLSimpleApplication@18a3b41a
----------------- Done invoking toplevel() on ptolemy.moml.MoMLSimpleApplication@18a3b41a
reloadAllAccessors: .EfficiencyCurve

===========================================================================================
----------------- testing Thu Apr 16 13:54:47 UTC 2020 /home/travis/build/icyphy/ptII/ptolemy/domains/continuous/test/auto/ExponentialResponse.xml
----------------- Instantiating /home/travis/build/icyphy/ptII/ptolemy/domains/continuous/test/auto/ExponentialResponse.xml
87 ms. Memory: 276480K Free: 96065K (35%)
----------------- Invoking toplevel() on ptolemy.moml.MoMLSimpleApplication@33a8f1aa
----------------- Done invoking toplevel() on ptolemy.moml.MoMLSimpleApplication@33a8f1aa
reloadAllAccessors: .ExponentialResponse

===========================================================================================
----------------- testing Thu Apr 16 13:54:47 UTC 2020 /home/travis/build/icyphy/ptII/ptolemy/domains/continuous/test/auto/ExponentialResponseRK45.xml
----------------- Instantiating /home/travis/build/icyphy/ptII/ptolemy/domains/continuous/test/auto/ExponentialResponseRK45.xml
19 ms. Memory: 276480K Free: 254139K (92%)
----------------- Invoking toplevel() on ptolemy.moml.MoMLSimpleApplication@c81a92d
----------------- Done invoking toplevel() on ptolemy.moml.MoMLSimpleApplication@c81a92d
reloadAllAccessors: .ExponentialResponseRK45

===========================================================================================
----------------- testing Thu Apr 16 13:54:47 UTC 2020 /home/travis/build/icyphy/ptII/ptolemy/domains/continuous/test/auto/Friction.xml
----------------- Instantiating /home/travis/build/icyphy/ptII/ptolemy/domains/continuous/test/auto/Friction.xml
1320 ms. Memory: 276480K Free: 157743K (57%)
----------------- Invoking toplevel() on ptolemy.moml.MoMLSimpleApplication@50c03f7f
----------------- Done invoking toplevel() on ptolemy.moml.MoMLSimpleApplication@50c03f7f
reloadAllAccessors: .Friction

===========================================================================================
----------------- testing Thu Apr 16 13:54:49 UTC 2020 /home/travis/build/icyphy/ptII/ptolemy/domains/continuous/test/auto/FurutaPendulum.xml
----------------- Instantiating /home/travis/build/icyphy/ptII/ptolemy/domains/continuous/test/auto/FurutaPendulum.xml
2779 ms. Memory: 276480K Free: 170533K (62%)
----------------- Invoking toplevel() on ptolemy.moml.MoMLSimpleApplication@59e3733c
----------------- Done invoking toplevel() on ptolemy.moml.MoMLSimpleApplication@59e3733c
reloadAllAccessors: .FurutaPendulum

===========================================================================================
----------------- testing Thu Apr 16 13:54:52 UTC 2020 /home/travis/build/icyphy/ptII/ptolemy/domains/continuous/test/auto/HierarchicalExecution.xml
----------------- Instantiating /home/travis/build/icyphy/ptII/ptolemy/domains/continuous/test/auto/HierarchicalExecution.xml
1377 ms. Memory: 276480K Free: 206678K (75%)
----------------- Invoking toplevel() on ptolemy.moml.MoMLSimpleApplication@1975d4a5
----------------- Done invoking toplevel() on ptolemy.moml.MoMLSimpleApplication@1975d4a5
reloadAllAccessors: .HierarchicalExecution

===========================================================================================
----------------- testing Thu Apr 16 13:54:53 UTC 2020 /home/travis/build/icyphy/ptII/ptolemy/domains/continuous/test/auto/HybridPlant.xml
----------------- Instantiating /home/travis/build/icyphy/ptII/ptolemy/domains/continuous/test/auto/HybridPlant.xml
507 ms. Memory: 331776K Free: 163668K (49%)
----------------- Invoking toplevel() on ptolemy.moml.MoMLSimpleApplication@58b59855
----------------- Done invoking toplevel() on ptolemy.moml.MoMLSimpleApplication@58b59855
reloadAllAccessors: .HybridPlant

===========================================================================================
----------------- testing Thu Apr 16 13:54:54 UTC 2020 /home/travis/build/icyphy/ptII/ptolemy/domains/continuous/test/auto/Hysteresis.xml
----------------- Instantiating /home/travis/build/icyphy/ptII/ptolemy/domains/continuous/test/auto/Hysteresis.xml
139 ms. Memory: 331776K Free: 298833K (90%)
----------------- Invoking toplevel() on ptolemy.moml.MoMLSimpleApplication@a1bac4d
----------------- Done invoking toplevel() on ptolemy.moml.MoMLSimpleApplication@a1bac4d
reloadAllAccessors: .Hysteresis

===========================================================================================
----------------- testing Thu Apr 16 13:54:54 UTC 2020 /home/travis/build/icyphy/ptII/ptolemy/domains/continuous/test/auto/HysteresisWithRandomDelay.xml
----------------- Instantiating /home/travis/build/icyphy/ptII/ptolemy/domains/continuous/test/auto/HysteresisWithRandomDelay.xml
170 ms. Memory: 331776K Free: 227153K (68%)
----------------- Invoking toplevel() on ptolemy.moml.MoMLSimpleApplication@2c9ade14
----------------- Done invoking toplevel() on ptolemy.moml.MoMLSimpleApplication@2c9ade14
reloadAllAccessors: .HysteresisWithRandomDelay

===========================================================================================
----------------- testing Thu Apr 16 13:54:54 UTC 2020 /home/travis/build/icyphy/ptII/ptolemy/domains/continuous/test/auto/HysteresisWithRandomLosses.xml
----------------- Instantiating /home/travis/build/icyphy/ptII/ptolemy/domains/continuous/test/auto/HysteresisWithRandomLosses.xml
2179 ms. Memory: 331776K Free: 267271K (81%)
----------------- Invoking toplevel() on ptolemy.moml.MoMLSimpleApplication@1ef1367a
----------------- Done invoking toplevel() on ptolemy.moml.MoMLSimpleApplication@1ef1367a
reloadAllAccessors: .HysteresisWithRandomLosses

===========================================================================================
----------------- testing Thu Apr 16 13:54:56 UTC 2020 /home/travis/build/icyphy/ptII/ptolemy/domains/continuous/test/auto/ImmediateTransitions.xml
----------------- Instantiating /home/travis/build/icyphy/ptII/ptolemy/domains/continuous/test/auto/ImmediateTransitions.xml
9 ms. Memory: 331776K Free: 256527K (77%)
----------------- Invoking toplevel() on ptolemy.moml.MoMLSimpleApplication@da7fae8
----------------- Done invoking toplevel() on ptolemy.moml.MoMLSimpleApplication@da7fae8
reloadAllAccessors: .ImmediateTransitions

===========================================================================================
----------------- testing Thu Apr 16 13:54:56 UTC 2020 /home/travis/build/icyphy/ptII/ptolemy/domains/continuous/test/auto/ImpulseFeedback.xml
----------------- Instantiating /home/travis/build/icyphy/ptII/ptolemy/domains/continuous/test/auto/ImpulseFeedback.xml
9 ms. Memory: 331776K Free: 250893K (76%)
----------------- Invoking toplevel() on ptolemy.moml.MoMLSimpleApplication@179dcde0
----------------- Done invoking toplevel() on ptolemy.moml.MoMLSimpleApplication@179dcde0
reloadAllAccessors: .ImpulseFeedback

===========================================================================================
----------------- testing Thu Apr 16 13:54:56 UTC 2020 /home/travis/build/icyphy/ptII/ptolemy/domains/continuous/test/auto/ImpulseFeedback2.xml
----------------- Instantiating /home/travis/build/icyphy/ptII/ptolemy/domains/continuous/test/auto/ImpulseFeedback2.xml
4 ms. Memory: 331776K Free: 245263K (74%)
----------------- Invoking toplevel() on ptolemy.moml.MoMLSimpleApplication@481bb571
----------------- Done invoking toplevel() on ptolemy.moml.MoMLSimpleApplication@481bb571
reloadAllAccessors: .ImpulseFeedback2

===========================================================================================
----------------- testing Thu Apr 16 13:54:56 UTC 2020 /home/travis/build/icyphy/ptII/ptolemy/domains/continuous/test/auto/IncreasingRatePoisson.xml
----------------- Instantiating /home/travis/build/icyphy/ptII/ptolemy/domains/continuous/test/auto/IncreasingRatePoisson.xml
531 ms. Memory: 331776K Free: 177358K (53%)
----------------- Invoking toplevel() on ptolemy.moml.MoMLSimpleApplication@252458a3
----------------- Done invoking toplevel() on ptolemy.moml.MoMLSimpleApplication@252458a3
reloadAllAccessors: .IncreasingRatePoisson

===========================================================================================
----------------- testing Thu Apr 16 13:54:57 UTC 2020 /home/travis/build/icyphy/ptII/ptolemy/domains/continuous/test/auto/InitialStateFeedback.xml
----------------- Instantiating /home/travis/build/icyphy/ptII/ptolemy/domains/continuous/test/auto/InitialStateFeedback.xml
5 ms. Memory: 331776K Free: 172748K (52%)
----------------- Invoking toplevel() on ptolemy.moml.MoMLSimpleApplication@11daa872
----------------- Done invoking toplevel() on ptolemy.moml.MoMLSimpleApplication@11daa872
reloadAllAccessors: .InitialStateFeedback

===========================================================================================
----------------- testing Thu Apr 16 13:54:57 UTC 2020 /home/travis/build/icyphy/ptII/ptolemy/domains/continuous/test/auto/Integration.xml
----------------- Instantiating /home/travis/build/icyphy/ptII/ptolemy/domains/continuous/test/auto/Integration.xml
2 ms. Memory: 331776K Free: 168652K (51%)
----------------- Invoking toplevel() on ptolemy.moml.MoMLSimpleApplication@4ce3ec33
----------------- Done invoking toplevel() on ptolemy.moml.MoMLSimpleApplication@4ce3ec33
reloadAllAccessors: .Integration

===========================================================================================
----------------- testing Thu Apr 16 13:54:57 UTC 2020 /home/travis/build/icyphy/ptII/ptolemy/domains/continuous/test/auto/Integration2.xml
----------------- Instantiating /home/travis/build/icyphy/ptII/ptolemy/domains/continuous/test/auto/Integration2.xml
67 ms. Memory: 331776K Free: 154316K (47%)
----------------- Invoking toplevel() on ptolemy.moml.MoMLSimpleApplication@12a648e2
----------------- Done invoking toplevel() on ptolemy.moml.MoMLSimpleApplication@12a648e2
reloadAllAccessors: .Integration2

===========================================================================================
----------------- testing Thu Apr 16 13:54:57 UTC 2020 /home/travis/build/icyphy/ptII/ptolemy/domains/continuous/test/auto/Integration3.xml
----------------- Instantiating /home/travis/build/icyphy/ptII/ptolemy/domains/continuous/test/auto/Integration3.xml
2 ms. Memory: 331776K Free: 149710K (45%)
----------------- Invoking toplevel() on ptolemy.moml.MoMLSimpleApplication@224f2fe5
----------------- Done invoking toplevel() on ptolemy.moml.MoMLSimpleApplication@224f2fe5
reloadAllAccessors: .Integration3

===========================================================================================
----------------- testing Thu Apr 16 13:54:57 UTC 2020 /home/travis/build/icyphy/ptII/ptolemy/domains/continuous/test/auto/Integration5.xml
----------------- Instantiating /home/travis/build/icyphy/ptII/ptolemy/domains/continuous/test/auto/Integration5.xml
2 ms. Memory: 331776K Free: 145614K (44%)
----------------- Invoking toplevel() on ptolemy.moml.MoMLSimpleApplication@183eba53
----------------- Done invoking toplevel() on ptolemy.moml.MoMLSimpleApplication@183eba53
reloadAllAccessors: .Integration5

===========================================================================================
----------------- testing Thu Apr 16 13:54:57 UTC 2020 /home/travis/build/icyphy/ptII/ptolemy/domains/continuous/test/auto/IntegratorImpulse.xml
----------------- Instantiating /home/travis/build/icyphy/ptII/ptolemy/domains/continuous/test/auto/IntegratorImpulse.xml
2 ms. Memory: 331776K Free: 141518K (43%)
----------------- Invoking toplevel() on ptolemy.moml.MoMLSimpleApplication@4881ea8b
----------------- Done invoking toplevel() on ptolemy.moml.MoMLSimpleApplication@4881ea8b
reloadAllAccessors: .IntegratorImpulse

===========================================================================================
----------------- testing Thu Apr 16 13:54:57 UTC 2020 /home/travis/build/icyphy/ptII/ptolemy/domains/continuous/test/auto/IntegratorImpulse2.xml
----------------- Instantiating /home/travis/build/icyphy/ptII/ptolemy/domains/continuous/test/auto/IntegratorImpulse2.xml
3 ms. Memory: 331776K Free: 136878K (41%)
----------------- Invoking toplevel() on ptolemy.moml.MoMLSimpleApplication@4125a035
----------------- Done invoking toplevel() on ptolemy.moml.MoMLSimpleApplication@4125a035
reloadAllAccessors: .IntegratorImpulse2

===========================================================================================
----------------- testing Thu Apr 16 13:54:57 UTC 2020 /home/travis/build/icyphy/ptII/ptolemy/domains/continuous/test/auto/LevelCrossing1.xml
----------------- Instantiating /home/travis/build/icyphy/ptII/ptolemy/domains/continuous/test/auto/LevelCrossing1.xml
2 ms. Memory: 331776K Free: 131788K (40%)
----------------- Invoking toplevel() on ptolemy.moml.MoMLSimpleApplication@73bfd0b5
----------------- Done invoking toplevel() on ptolemy.moml.MoMLSimpleApplication@73bfd0b5
reloadAllAccessors: .LevelCrossing1

===========================================================================================
----------------- testing Thu Apr 16 13:54:57 UTC 2020 /home/travis/build/icyphy/ptII/ptolemy/domains/continuous/test/auto/LevelCrossing2.xml
----------------- Instantiating /home/travis/build/icyphy/ptII/ptolemy/domains/continuous/test/auto/LevelCrossing2.xml
6 ms. Memory: 331776K Free: 126662K (38%)
----------------- Invoking toplevel() on ptolemy.moml.MoMLSimpleApplication@561ad8eb
----------------- Done invoking toplevel() on ptolemy.moml.MoMLSimpleApplication@561ad8eb
reloadAllAccessors: .LevelCrossing2

===========================================================================================
----------------- testing Thu Apr 16 13:54:57 UTC 2020 /home/travis/build/icyphy/ptII/ptolemy/domains/continuous/test/auto/LevelCrossing3.xml
----------------- Instantiating /home/travis/build/icyphy/ptII/ptolemy/domains/continuous/test/auto/LevelCrossing3.xml
2 ms. Memory: 331776K Free: 121548K (37%)
----------------- Invoking toplevel() on ptolemy.moml.MoMLSimpleApplication@42f3735c
----------------- Done invoking toplevel() on ptolemy.moml.MoMLSimpleApplication@42f3735c
reloadAllAccessors: .LevelCrossing3

===========================================================================================
----------------- testing Thu Apr 16 13:54:57 UTC 2020 /home/travis/build/icyphy/ptII/ptolemy/domains/continuous/test/auto/LevelCrossing4.xml
----------------- Instantiating /home/travis/build/icyphy/ptII/ptolemy/domains/continuous/test/auto/LevelCrossing4.xml
3 ms. Memory: 331776K Free: 314035K (95%)
----------------- Invoking toplevel() on ptolemy.moml.MoMLSimpleApplication@3a549a1
----------------- Done invoking toplevel() on ptolemy.moml.MoMLSimpleApplication@3a549a1
reloadAllAccessors: .LevelCrossing4

===========================================================================================
----------------- testing Thu Apr 16 13:54:57 UTC 2020 /home/travis/build/icyphy/ptII/ptolemy/domains/continuous/test/auto/LevelCrossing5.xml
----------------- Instantiating /home/travis/build/icyphy/ptII/ptolemy/domains/continuous/test/auto/LevelCrossing5.xml
2 ms. Memory: 331776K Free: 308915K (93%)
----------------- Invoking toplevel() on ptolemy.moml.MoMLSimpleApplication@468a1a52
----------------- Done invoking toplevel() on ptolemy.moml.MoMLSimpleApplication@468a1a52
reloadAllAccessors: .LevelCrossing5

===========================================================================================
[...]
3 ms. Memory: 331776K Free: 237927K (72%)
----------------- Invoking toplevel() on ptolemy.moml.MoMLSimpleApplication@150c65a1
----------------- Done invoking toplevel() on ptolemy.moml.MoMLSimpleApplication@150c65a1
reloadAllAccessors: .SRinContinuous

===========================================================================================
----------------- testing Thu Apr 16 13:55:11 UTC 2020 /home/travis/build/icyphy/ptII/ptolemy/domains/continuous/test/auto/SampledClocks.xml
----------------- Instantiating /home/travis/build/icyphy/ptII/ptolemy/domains/continuous/test/auto/SampledClocks.xml
6 ms. Memory: 331776K Free: 225639K (68%)
----------------- Invoking toplevel() on ptolemy.moml.MoMLSimpleApplication@3648add2
----------------- Done invoking toplevel() on ptolemy.moml.MoMLSimpleApplication@3648add2
reloadAllAccessors: .SampledClocks

===========================================================================================
----------------- testing Thu Apr 16 13:55:11 UTC 2020 /home/travis/build/icyphy/ptII/ptolemy/domains/continuous/test/auto/Satellite.xml
----------------- Instantiating /home/travis/build/icyphy/ptII/ptolemy/domains/continuous/test/auto/Satellite.xml
565 ms. Memory: 331776K Free: 231985K (70%)
----------------- Invoking toplevel() on ptolemy.moml.MoMLSimpleApplication@689ba756
----------------- Done invoking toplevel() on ptolemy.moml.MoMLSimpleApplication@689ba756
reloadAllAccessors: .Satellite

===========================================================================================
----------------- testing Thu Apr 16 13:55:12 UTC 2020 /home/travis/build/icyphy/ptII/ptolemy/domains/continuous/test/auto/SigmaDelta.xml
----------------- Instantiating /home/travis/build/icyphy/ptII/ptolemy/domains/continuous/test/auto/SigmaDelta.xml
1886 ms. Memory: 331776K Free: 163340K (49%)
----------------- Invoking toplevel() on ptolemy.moml.MoMLSimpleApplication@e149aff
----------------- Done invoking toplevel() on ptolemy.moml.MoMLSimpleApplication@e149aff
reloadAllAccessors: .SigmaDelta

===========================================================================================
----------------- testing Thu Apr 16 13:55:14 UTC 2020 /home/travis/build/icyphy/ptII/ptolemy/domains/continuous/test/auto/SingleRefinement.xml
----------------- Instantiating /home/travis/build/icyphy/ptII/ptolemy/domains/continuous/test/auto/SingleRefinement.xml
276 ms. Memory: 331776K Free: 178347K (54%)
----------------- Invoking toplevel() on ptolemy.moml.MoMLSimpleApplication@7f34485f
----------------- Done invoking toplevel() on ptolemy.moml.MoMLSimpleApplication@7f34485f
reloadAllAccessors: .SingleRefinement

===========================================================================================
----------------- testing Thu Apr 16 13:55:14 UTC 2020 /home/travis/build/icyphy/ptII/ptolemy/domains/continuous/test/auto/SinuBouncingBall.xml
----------------- Instantiating /home/travis/build/icyphy/ptII/ptolemy/domains/continuous/test/auto/SinuBouncingBall.xml
707 ms. Memory: 331776K Free: 161603K (49%)
----------------- Invoking toplevel() on ptolemy.moml.MoMLSimpleApplication@733504c8
----------------- Done invoking toplevel() on ptolemy.moml.MoMLSimpleApplication@733504c8
reloadAllAccessors: .SinuBouncingBall

===========================================================================================
----------------- testing Thu Apr 16 13:55:15 UTC 2020 /home/travis/build/icyphy/ptII/ptolemy/domains/continuous/test/auto/Sinusoid.xml
----------------- Instantiating /home/travis/build/icyphy/ptII/ptolemy/domains/continuous/test/auto/Sinusoid.xml
4 ms. Memory: 331776K Free: 156997K (47%)
----------------- Invoking toplevel() on ptolemy.moml.MoMLSimpleApplication@4629f7f4
----------------- Done invoking toplevel() on ptolemy.moml.MoMLSimpleApplication@4629f7f4
reloadAllAccessors: .Sinusoid

===========================================================================================
----------------- testing Thu Apr 16 13:55:15 UTC 2020 /home/travis/build/icyphy/ptII/ptolemy/domains/continuous/test/auto/SinusoidInNoise.xml
----------------- Instantiating /home/travis/build/icyphy/ptII/ptolemy/domains/continuous/test/auto/SinusoidInNoise.xml
747 ms. Memory: 331776K Free: 213052K (64%)
----------------- Invoking toplevel() on ptolemy.moml.MoMLSimpleApplication@2806ab57
----------------- Done invoking toplevel() on ptolemy.moml.MoMLSimpleApplication@2806ab57
reloadAllAccessors: .SinusoidInNoise

===========================================================================================
----------------- testing Thu Apr 16 13:55:16 UTC 2020 /home/travis/build/icyphy/ptII/ptolemy/domains/continuous/test/auto/SinusoidRK45.xml
----------------- Instantiating /home/travis/build/icyphy/ptII/ptolemy/domains/continuous/test/auto/SinusoidRK45.xml
1 ms. Memory: 331776K Free: 208921K (63%)
----------------- Invoking toplevel() on ptolemy.moml.MoMLSimpleApplication@70356a60
----------------- Done invoking toplevel() on ptolemy.moml.MoMLSimpleApplication@70356a60
reloadAllAccessors: .SinusoidRK45

===========================================================================================
----------------- testing Thu Apr 16 13:55:16 UTC 2020 /home/travis/build/icyphy/ptII/ptolemy/domains/continuous/test/auto/SinusoidWithMultipleImpulses.xml
----------------- Instantiating /home/travis/build/icyphy/ptII/ptolemy/domains/continuous/test/auto/SinusoidWithMultipleImpulses.xml
3 ms. Memory: 331776K Free: 204311K (62%)
----------------- Invoking toplevel() on ptolemy.moml.MoMLSimpleApplication@17153477
----------------- Done invoking toplevel() on ptolemy.moml.MoMLSimpleApplication@17153477
reloadAllAccessors: .SinusoidWithMultipleImpulses

===========================================================================================
----------------- testing Thu Apr 16 13:55:16 UTC 2020 /home/travis/build/icyphy/ptII/ptolemy/domains/continuous/test/auto/SquareWave.xml
----------------- Instantiating /home/travis/build/icyphy/ptII/ptolemy/domains/continuous/test/auto/SquareWave.xml
117 ms. Memory: 331776K Free: 176663K (53%)
----------------- Invoking toplevel() on ptolemy.moml.MoMLSimpleApplication@4a43872
----------------- Done invoking toplevel() on ptolemy.moml.MoMLSimpleApplication@4a43872
reloadAllAccessors: .SquareWave

===========================================================================================
----------------- testing Thu Apr 16 13:55:16 UTC 2020 /home/travis/build/icyphy/ptII/ptolemy/domains/continuous/test/auto/Starmac.xml
----------------- Instantiating /home/travis/build/icyphy/ptII/ptolemy/domains/continuous/test/auto/Starmac.xml
3065 ms. Memory: 331776K Free: 252074K (76%)
----------------- Invoking toplevel() on ptolemy.moml.MoMLSimpleApplication@66872389
----------------- Done invoking toplevel() on ptolemy.moml.MoMLSimpleApplication@66872389
reloadAllAccessors: .Starmac

===========================================================================================
----------------- testing Thu Apr 16 13:55:19 UTC 2020 /home/travis/build/icyphy/ptII/ptolemy/domains/continuous/test/auto/StaticUnits.xml
----------------- Instantiating /home/travis/build/icyphy/ptII/ptolemy/domains/continuous/test/auto/StaticUnits.xml
1709 ms. Memory: 331776K Free: 182273K (55%)
----------------- Invoking toplevel() on ptolemy.moml.MoMLSimpleApplication@699e282e
----------------- Done invoking toplevel() on ptolemy.moml.MoMLSimpleApplication@699e282e
reloadAllAccessors: .StaticUnits

===========================================================================================
----------------- testing Thu Apr 16 13:55:22 UTC 2020 /home/travis/build/icyphy/ptII/ptolemy/domains/continuous/test/auto/StickyMasses.xml
----------------- Instantiating /home/travis/build/icyphy/ptII/ptolemy/domains/continuous/test/auto/StickyMasses.xml
125 ms. Memory: 331776K Free: 132097K (40%)
----------------- Invoking toplevel() on ptolemy.moml.MoMLSimpleApplication@48b4cf44
----------------- Done invoking toplevel() on ptolemy.moml.MoMLSimpleApplication@48b4cf44
reloadAllAccessors: .StickyMasses

===========================================================================================
----------------- testing Thu Apr 16 13:55:22 UTC 2020 /home/travis/build/icyphy/ptII/ptolemy/domains/continuous/test/auto/StopTime.xml
----------------- Instantiating /home/travis/build/icyphy/ptII/ptolemy/domains/continuous/test/auto/StopTime.xml
48 ms. Memory: 331776K Free: 299987K (90%)
----------------- Invoking toplevel() on ptolemy.moml.MoMLSimpleApplication@32224486
----------------- Done invoking toplevel() on ptolemy.moml.MoMLSimpleApplication@32224486
reloadAllAccessors: .StopTime

===========================================================================================
----------------- testing Thu Apr 16 13:55:22 UTC 2020 /home/travis/build/icyphy/ptII/ptolemy/domains/continuous/test/auto/StopTime2.xml
----------------- Instantiating /home/travis/build/icyphy/ptII/ptolemy/domains/continuous/test/auto/StopTime2.xml
31 ms. Memory: 331776K Free: 277574K (84%)
----------------- Invoking toplevel() on ptolemy.moml.MoMLSimpleApplication@6faf618e
----------------- Done invoking toplevel() on ptolemy.moml.MoMLSimpleApplication@6faf618e
reloadAllAccessors: .StopTime2

===========================================================================================
----------------- testing Thu Apr 16 13:55:22 UTC 2020 /home/travis/build/icyphy/ptII/ptolemy/domains/continuous/test/auto/Switch.xml
----------------- Instantiating /home/travis/build/icyphy/ptII/ptolemy/domains/continuous/test/auto/Switch.xml
39 ms. Memory: 331776K Free: 252495K (76%)
----------------- Invoking toplevel() on ptolemy.moml.MoMLSimpleApplication@54ed57ba
----------------- Done invoking toplevel() on ptolemy.moml.MoMLSimpleApplication@54ed57ba
reloadAllAccessors: .Switch

===========================================================================================
----------------- testing Thu Apr 16 13:55:22 UTC 2020 /home/travis/build/icyphy/ptII/ptolemy/domains/continuous/test/auto/Thermostat.xml
----------------- Instantiating /home/travis/build/icyphy/ptII/ptolemy/domains/continuous/test/auto/Thermostat.xml
175 ms. Memory: 331776K Free: 179791K (54%)
----------------- Invoking toplevel() on ptolemy.moml.MoMLSimpleApplication@2fcadef5
----------------- Done invoking toplevel() on ptolemy.moml.MoMLSimpleApplication@2fcadef5
reloadAllAccessors: .Thermostat

===========================================================================================
----------------- testing Thu Apr 16 13:55:22 UTC 2020 /home/travis/build/icyphy/ptII/ptolemy/domains/continuous/test/auto/TimeDelay.xml
----------------- Instantiating /home/travis/build/icyphy/ptII/ptolemy/domains/continuous/test/auto/TimeDelay.xml
4 ms. Memory: 331776K Free: 175150K (53%)
----------------- Invoking toplevel() on ptolemy.moml.MoMLSimpleApplication@72fbf55a
----------------- Done invoking toplevel() on ptolemy.moml.MoMLSimpleApplication@72fbf55a
reloadAllAccessors: .TimeDelay

===========================================================================================
----------------- testing Thu Apr 16 13:55:22 UTC 2020 /home/travis/build/icyphy/ptII/ptolemy/domains/continuous/test/auto/TimeDelay2.xml
----------------- Instantiating /home/travis/build/icyphy/ptII/ptolemy/domains/continuous/test/auto/TimeDelay2.xml
6 ms. Memory: 331776K Free: 164941K (50%)
----------------- Invoking toplevel() on ptolemy.moml.MoMLSimpleApplication@44c9b22d
----------------- Done invoking toplevel() on ptolemy.moml.MoMLSimpleApplication@44c9b22d
reloadAllAccessors: .TimeDelay2

===========================================================================================
----------------- testing Thu Apr 16 13:55:22 UTC 2020 /home/travis/build/icyphy/ptII/ptolemy/domains/continuous/test/auto/TimeDelay3.xml
----------------- Instantiating /home/travis/build/icyphy/ptII/ptolemy/domains/continuous/test/auto/TimeDelay3.xml
4 ms. Memory: 331776K Free: 160333K (48%)
----------------- Invoking toplevel() on ptolemy.moml.MoMLSimpleApplication@32c834ff
----------------- Done invoking toplevel() on ptolemy.moml.MoMLSimpleApplication@32c834ff
reloadAllAccessors: .TimeDelay3

===========================================================================================
----------------- testing Thu Apr 16 13:55:22 UTC 2020 /home/travis/build/icyphy/ptII/ptolemy/domains/continuous/test/auto/TransferAbsentToInside.xml
----------------- Instantiating /home/travis/build/icyphy/ptII/ptolemy/domains/continuous/test/auto/TransferAbsentToInside.xml
41 ms. Memory: 331776K Free: 299307K (90%)
----------------- Invoking toplevel() on ptolemy.moml.MoMLSimpleApplication@1cad3d8f
----------------- Done invoking toplevel() on ptolemy.moml.MoMLSimpleApplication@1cad3d8f
reloadAllAccessors: .TransferAbsentToInside

===========================================================================================
----------------- testing Thu Apr 16 13:55:22 UTC 2020 /home/travis/build/icyphy/ptII/ptolemy/domains/continuous/test/auto/Transmission.xml
----------------- Instantiating /home/travis/build/icyphy/ptII/ptolemy/domains/continuous/test/auto/Transmission.xml
717 ms. Memory: 331776K Free: 258100K (78%)
----------------- Invoking toplevel() on ptolemy.moml.MoMLSimpleApplication@4295c956
----------------- Done invoking toplevel() on ptolemy.moml.MoMLSimpleApplication@4295c956
reloadAllAccessors: .Transmission

===========================================================================================
----------------- testing Thu Apr 16 13:55:23 UTC 2020 /home/travis/build/icyphy/ptII/ptolemy/domains/continuous/test/auto/TriggeredContinuousClock.xml
----------------- Instantiating /home/travis/build/icyphy/ptII/ptolemy/domains/continuous/test/auto/TriggeredContinuousClock.xml
31 ms. Memory: 331776K Free: 228388K (69%)
----------------- Invoking toplevel() on ptolemy.moml.MoMLSimpleApplication@19475d56
----------------- Done invoking toplevel() on ptolemy.moml.MoMLSimpleApplication@19475d56
reloadAllAccessors: .TriggeredContinuousClock

===========================================================================================
----------------- testing Thu Apr 16 13:55:23 UTC 2020 /home/travis/build/icyphy/ptII/ptolemy/domains/continuous/test/auto/TwoMachineInfiniteBusControl.xml
----------------- Instantiating /home/travis/build/icyphy/ptII/ptolemy/domains/continuous/test/auto/TwoMachineInfiniteBusControl.xml
2418 ms. Memory: 331776K Free: 242721K (73%)
----------------- Invoking toplevel() on ptolemy.moml.MoMLSimpleApplication@78e3abff
----------------- Done invoking toplevel() on ptolemy.moml.MoMLSimpleApplication@78e3abff
reloadAllAccessors: .TwoMachineInfiniteBusControl

===========================================================================================
----------------- testing Thu Apr 16 13:55:26 UTC 2020 /home/travis/build/icyphy/ptII/ptolemy/domains/continuous/test/auto/V2V.xml
----------------- Instantiating /home/travis/build/icyphy/ptII/ptolemy/domains/continuous/test/auto/V2V.xml
712 ms. Memory: 331776K Free: 245748K (74%)
----------------- Invoking toplevel() on ptolemy.moml.MoMLSimpleApplication@60be50ea
----------------- Done invoking toplevel() on ptolemy.moml.MoMLSimpleApplication@60be50ea
reloadAllAccessors: .V2V

===========================================================================================
----------------- testing Thu Apr 16 13:55:27 UTC 2020 /home/travis/build/icyphy/ptII/ptolemy/domains/continuous/test/auto/hierarchicalModalModel.xml
----------------- Instantiating /home/travis/build/icyphy/ptII/ptolemy/domains/continuous/test/auto/hierarchicalModalModel.xml
7 ms. Memory: 331776K Free: 231412K (70%)
----------------- Invoking toplevel() on ptolemy.moml.MoMLSimpleApplication@3ee0f027
----------------- Done invoking toplevel() on ptolemy.moml.MoMLSimpleApplication@3ee0f027
reloadAllAccessors: .hierarchicalModalModel

===========================================================================================
----------------- testing Thu Apr 16 13:55:27 UTC 2020 /home/travis/build/icyphy/ptII/ptolemy/domains/continuous/test/auto/hierarchicalModalModel1.xml
----------------- Instantiating /home/travis/build/icyphy/ptII/ptolemy/domains/continuous/test/auto/hierarchicalModalModel1.xml
7 ms. Memory: 331776K Free: 217091K (65%)
----------------- Invoking toplevel() on ptolemy.moml.MoMLSimpleApplication@404f1f01
----------------- Done invoking toplevel() on ptolemy.moml.MoMLSimpleApplication@404f1f01
reloadAllAccessors: .hierarchicalModalModel1

===========================================================================================
----------------- testing Thu Apr 16 13:55:27 UTC 2020 /home/travis/build/icyphy/ptII/ptolemy/domains/continuous/test/auto/hierarchicalModalModel2.xml
----------------- Instantiating /home/travis/build/icyphy/ptII/ptolemy/domains/continuous/test/auto/hierarchicalModalModel2.xml
5 ms. Memory: 331776K Free: 204772K (62%)
----------------- Invoking toplevel() on ptolemy.moml.MoMLSimpleApplication@184574fc
----------------- Done invoking toplevel() on ptolemy.moml.MoMLSimpleApplication@184574fc
reloadAllAccessors: .hierarchicalModalModel2

===========================================================================================
----------------- testing Thu Apr 16 13:55:27 UTC 2020 /home/travis/build/icyphy/ptII/ptolemy/domains/continuous/test/auto/hierarchicalModalModel3.xml
----------------- Instantiating /home/travis/build/icyphy/ptII/ptolemy/domains/continuous/test/auto/hierarchicalModalModel3.xml
5 ms. Memory: 331776K Free: 194053K (58%)
----------------- Invoking toplevel() on ptolemy.moml.MoMLSimpleApplication@423208c0
----------------- Done invoking toplevel() on ptolemy.moml.MoMLSimpleApplication@423208c0
reloadAllAccessors: .hierarchicalModalModel3

===========================================================================================
----------------- testing Thu Apr 16 13:55:27 UTC 2020 /home/travis/build/icyphy/ptII/ptolemy/domains/continuous/test/auto/hierarchicalModalModel4.xml
----------------- Instantiating /home/travis/build/icyphy/ptII/ptolemy/domains/continuous/test/auto/hierarchicalModalModel4.xml
4 ms. Memory: 331776K Free: 182275K (55%)
----------------- Invoking toplevel() on ptolemy.moml.MoMLSimpleApplication@17a022ae
----------------- Done invoking toplevel() on ptolemy.moml.MoMLSimpleApplication@17a022ae
reloadAllAccessors: .hierarchicalModalModel4

===========================================================================================
----------------- testing Thu Apr 16 13:55:27 UTC 2020 /home/travis/build/icyphy/ptII/ptolemy/domains/continuous/test/auto/junk.xml
----------------- Instantiating /home/travis/build/icyphy/ptII/ptolemy/domains/continuous/test/auto/junk.xml
109 ms. Memory: 331776K Free: 156165K (47%)
----------------- Invoking toplevel() on ptolemy.moml.MoMLSimpleApplication@701eb532
----------------- Done invoking toplevel() on ptolemy.moml.MoMLSimpleApplication@701eb532
reloadAllAccessors: .junk
AutoTests.java: About to close Vertx.
AutoTests.java: Vertx closed.
]]></system-out>
  <system-err><![CDATA[Warning: '.HysteresisWithRandomDelay.NonStrictTest' The test produced only 221 tokens, yet the correctValues parameter was expecting 222 tokens.
Warning: '.HysteresisWithRandomDelay.NonStrictTest2' The test produced only 220 tokens, yet the correctValues parameter was expecting 221 tokens.
Warning: '.HysteresisWithRandomDelay.NonStrictTest3' The test produced only 28 tokens, yet the correctValues parameter was expecting 30 tokens.
Warning: '.IncreasingRatePoisson.NonStrictTest' The test produced only 324 tokens, yet the correctValues parameter was expecting 402 tokens.
Warning: '.Poisson.NonStrictTest' The test produced only 391 tokens, yet the correctValues parameter was expecting 430 tokens.
]]></system-err>
</testsuite>
