<?xml version="1.0" encoding="UTF-8" ?>
<testsuite errors="0" failures="0" hostname="travis-job-32cf780f-57d5-4261-8149-9cdf27bec15f" name="ptolemy.domains.de.test.junit.JUnitTclTest" skipped="0" tests="101" time="132.663" timestamp="2019-07-20T22:39:18">
  <properties>
[...]
</properties>
  <testcase classname="ptolemy.util.test.junit.TclTests" name="[0] /home/travis/build/icyphy/ptII/ptolemy/domains/de/test/DependencyLoop.tcl (RunTclFile)" time="1.079" />
  <testcase classname="ptolemy.util.test.junit.TclTests" name="[1] /home/travis/build/icyphy/ptII/ptolemy/domains/de/test/RunDETestsAsQSS.tcl (RunTclFile)" time="89.564" />
  <testcase classname="ptolemy.util.test.junit.AutoKnownFailedTests" name="[0] /home/travis/build/icyphy/ptII/ptolemy/domains/de/test/auto/knownFailedTests/DESDFClockTest.xml (RunModel)" time="2.041" />
  <testcase classname="ptolemy.util.test.junit.AutoKnownFailedTests" name="[1] /home/travis/build/icyphy/ptII/ptolemy/domains/de/test/auto/knownFailedTests/DirectFeedback.xml (RunModel)" time="0.009" />
  <testcase classname="ptolemy.util.test.junit.AutoKnownFailedTests" name="[2] /home/travis/build/icyphy/ptII/ptolemy/domains/de/test/auto/knownFailedTests/FSMSource.xml (RunModel)" time="0.027" />
  <testcase classname="ptolemy.util.test.junit.AutoKnownFailedTests" name="[3] /home/travis/build/icyphy/ptII/ptolemy/domains/de/test/auto/knownFailedTests/HierarchicalModel.xml (RunModel)" time="0.039" />
  <testcase classname="ptolemy.util.test.junit.AutoKnownFailedTests" name="[4] /home/travis/build/icyphy/ptII/ptolemy/domains/de/test/auto/knownFailedTests/dependencyLoop.xml (RunModel)" time="0.042" />
  <testcase classname="ptolemy.util.test.junit.AutoKnownFailedTests" name="[5] /home/travis/build/icyphy/ptII/ptolemy/domains/de/test/auto/knownFailedTests/dependencyLoop2.xml (RunModel)" time="0.048" />
  <testcase classname="ptolemy.util.test.junit.AutoNameArchTests" name="[0] ThereAreNoAutoArchTests (RunModel)" time="0.001" />
  <testcase classname="ptolemy.util.test.junit.AutoTests" name="[0] /home/travis/build/icyphy/ptII/ptolemy/domains/de/test/auto/ActorDepthCalculation_actorWithoutPorts.xml (RunModel)" time="0.029" />
  <testcase classname="ptolemy.util.test.junit.AutoTests" name="[1] /home/travis/build/icyphy/ptII/ptolemy/domains/de/test/auto/AssemblyLine.xml (RunModel)" time="0.025" />
  <testcase classname="ptolemy.util.test.junit.AutoTests" name="[2] /home/travis/build/icyphy/ptII/ptolemy/domains/de/test/auto/CQBug1.xml (RunModel)" time="0.017" />
  <testcase classname="ptolemy.util.test.junit.AutoTests" name="[3] /home/travis/build/icyphy/ptII/ptolemy/domains/de/test/auto/CancelFireAt.xml (RunModel)" time="0.007" />
  <testcase classname="ptolemy.util.test.junit.AutoTests" name="[4] /home/travis/build/icyphy/ptII/ptolemy/domains/de/test/auto/CausalityAndComposabilityAnalysis.xml (RunModel)" time="0.018" />
  <testcase classname="ptolemy.util.test.junit.AutoTests" name="[5] /home/travis/build/icyphy/ptII/ptolemy/domains/de/test/auto/CausalityInterface1.xml (RunModel)" time="0.032" />
  <testcase classname="ptolemy.util.test.junit.AutoTests" name="[6] /home/travis/build/icyphy/ptII/ptolemy/domains/de/test/auto/CausalityInterface15.xml (RunModel)" time="0.018" />
  <testcase classname="ptolemy.util.test.junit.AutoTests" name="[7] /home/travis/build/icyphy/ptII/ptolemy/domains/de/test/auto/CausalityInterface2.xml (RunModel)" time="0.018" />
  <testcase classname="ptolemy.util.test.junit.AutoTests" name="[8] /home/travis/build/icyphy/ptII/ptolemy/domains/de/test/auto/CausalityInterface3.xml (RunModel)" time="0.011" />
  <testcase classname="ptolemy.util.test.junit.AutoTests" name="[9] /home/travis/build/icyphy/ptII/ptolemy/domains/de/test/auto/ClockDrift.xml (RunModel)" time="0.033" />
  <testcase classname="ptolemy.util.test.junit.AutoTests" name="[10] /home/travis/build/icyphy/ptII/ptolemy/domains/de/test/auto/ClockDriftAndValueChange.xml (RunModel)" time="0.029" />
  <testcase classname="ptolemy.util.test.junit.AutoTests" name="[11] /home/travis/build/icyphy/ptII/ptolemy/domains/de/test/auto/ClockDriftChange.xml (RunModel)" time="0.024" />
  <testcase classname="ptolemy.util.test.junit.AutoTests" name="[12] /home/travis/build/icyphy/ptII/ptolemy/domains/de/test/auto/ComposableCausalityAnalysis.xml (RunModel)" time="0.011" />
  <testcase classname="ptolemy.util.test.junit.AutoTests" name="[13] /home/travis/build/icyphy/ptII/ptolemy/domains/de/test/auto/DEFixedPointLimitation.xml (RunModel)" time="0.01" />
  <testcase classname="ptolemy.util.test.junit.AutoTests" name="[14] /home/travis/build/icyphy/ptII/ptolemy/domains/de/test/auto/DEScheduleTest.xml (RunModel)" time="0.016" />
  <testcase classname="ptolemy.util.test.junit.AutoTests" name="[15] /home/travis/build/icyphy/ptII/ptolemy/domains/de/test/auto/DEinDEwithStartTimes.xml (RunModel)" time="0.016" />
  <testcase classname="ptolemy.util.test.junit.AutoTests" name="[16] /home/travis/build/icyphy/ptII/ptolemy/domains/de/test/auto/DEinDEwithStartTimes2.xml (RunModel)" time="0.02" />
  <testcase classname="ptolemy.util.test.junit.AutoTests" name="[17] /home/travis/build/icyphy/ptII/ptolemy/domains/de/test/auto/DateDemo.xml (RunModel)" time="0.034" />
  <testcase classname="ptolemy.util.test.junit.AutoTests" name="[18] /home/travis/build/icyphy/ptII/ptolemy/domains/de/test/auto/DateToEvent.xml (RunModel)" time="2.041" />
  <testcase classname="ptolemy.util.test.junit.AutoTests" name="[19] /home/travis/build/icyphy/ptII/ptolemy/domains/de/test/auto/DepthTest1.xml (RunModel)" time="0.01" />
  <testcase classname="ptolemy.util.test.junit.AutoTests" name="[20] /home/travis/build/icyphy/ptII/ptolemy/domains/de/test/auto/DepthTest2.xml (RunModel)" time="0.026" />
  <testcase classname="ptolemy.util.test.junit.AutoTests" name="[21] /home/travis/build/icyphy/ptII/ptolemy/domains/de/test/auto/DepthTest3.xml (RunModel)" time="0.009" />
  <testcase classname="ptolemy.util.test.junit.AutoTests" name="[22] /home/travis/build/icyphy/ptII/ptolemy/domains/de/test/auto/DepthTest4.xml (RunModel)" time="0.011" />
  <testcase classname="ptolemy.util.test.junit.AutoTests" name="[23] /home/travis/build/icyphy/ptII/ptolemy/domains/de/test/auto/DepthTest5.xml (RunModel)" time="0.021" />
  <testcase classname="ptolemy.util.test.junit.AutoTests" name="[24] /home/travis/build/icyphy/ptII/ptolemy/domains/de/test/auto/DepthTest6.xml (RunModel)" time="0.02" />
  <testcase classname="ptolemy.util.test.junit.AutoTests" name="[25] /home/travis/build/icyphy/ptII/ptolemy/domains/de/test/auto/DepthTest7.xml (RunModel)" time="0.014" />
  <testcase classname="ptolemy.util.test.junit.AutoTests" name="[26] /home/travis/build/icyphy/ptII/ptolemy/domains/de/test/auto/EventToDate.xml (RunModel)" time="3.032" />
  <testcase classname="ptolemy.util.test.junit.AutoTests" name="[27] /home/travis/build/icyphy/ptII/ptolemy/domains/de/test/auto/FSM1.xml (RunModel)" time="0.048" />
  <testcase classname="ptolemy.util.test.junit.AutoTests" name="[28] /home/travis/build/icyphy/ptII/ptolemy/domains/de/test/auto/FSM7.xml (RunModel)" time="0.056" />
  <testcase classname="ptolemy.util.test.junit.AutoTests" name="[29] /home/travis/build/icyphy/ptII/ptolemy/domains/de/test/auto/Inspection.xml (RunModel)" time="0.046" />
  <testcase classname="ptolemy.util.test.junit.AutoTests" name="[30] /home/travis/build/icyphy/ptII/ptolemy/domains/de/test/auto/Iteration.xml (RunModel)" time="0.026" />
  <testcase classname="ptolemy.util.test.junit.AutoTests" name="[31] /home/travis/build/icyphy/ptII/ptolemy/domains/de/test/auto/LineFault.xml (RunModel)" time="0.649" />
  <testcase classname="ptolemy.util.test.junit.AutoTests" name="[32] /home/travis/build/icyphy/ptII/ptolemy/domains/de/test/auto/MergeModel1Add.xml (RunModel)" time="0.06" />
  <testcase classname="ptolemy.util.test.junit.AutoTests" name="[33] /home/travis/build/icyphy/ptII/ptolemy/domains/de/test/auto/MergeModel2Add.xml (RunModel)" time="0.044" />
  <testcase classname="ptolemy.util.test.junit.AutoTests" name="[34] /home/travis/build/icyphy/ptII/ptolemy/domains/de/test/auto/MergeModel3Add.xml (RunModel)" time="0.045" />
  <testcase classname="ptolemy.util.test.junit.AutoTests" name="[35] /home/travis/build/icyphy/ptII/ptolemy/domains/de/test/auto/MergeWithoutDiscard.xml (RunModel)" time="0.024" />
  <testcase classname="ptolemy.util.test.junit.AutoTests" name="[36] /home/travis/build/icyphy/ptII/ptolemy/domains/de/test/auto/Modal1.xml (RunModel)" time="0.032" />
  <testcase classname="ptolemy.util.test.junit.AutoTests" name="[37] /home/travis/build/icyphy/ptII/ptolemy/domains/de/test/auto/Modal2.xml (RunModel)" time="0.038" />
  <testcase classname="ptolemy.util.test.junit.AutoTests" name="[38] /home/travis/build/icyphy/ptII/ptolemy/domains/de/test/auto/Modal3.xml (RunModel)" time="0.032" />
  <testcase classname="ptolemy.util.test.junit.AutoTests" name="[39] /home/travis/build/icyphy/ptII/ptolemy/domains/de/test/auto/Modal4.xml (RunModel)" time="0.038" />
  <testcase classname="ptolemy.util.test.junit.AutoTests" name="[40] /home/travis/build/icyphy/ptII/ptolemy/domains/de/test/auto/Modal5.xml (RunModel)" time="0.03" />
  <testcase classname="ptolemy.util.test.junit.AutoTests" name="[41] /home/travis/build/icyphy/ptII/ptolemy/domains/de/test/auto/Modal6.xml (RunModel)" time="0.028" />
  <testcase classname="ptolemy.util.test.junit.AutoTests" name="[42] /home/travis/build/icyphy/ptII/ptolemy/domains/de/test/auto/Modal7.xml (RunModel)" time="0.036" />
  <testcase classname="ptolemy.util.test.junit.AutoTests" name="[43] /home/travis/build/icyphy/ptII/ptolemy/domains/de/test/auto/ModalModel.xml (RunModel)" time="0.189" />
  <testcase classname="ptolemy.util.test.junit.AutoTests" name="[44] /home/travis/build/icyphy/ptII/ptolemy/domains/de/test/auto/ModalSource.xml (RunModel)" time="0.027" />
  <testcase classname="ptolemy.util.test.junit.AutoTests" name="[45] /home/travis/build/icyphy/ptII/ptolemy/domains/de/test/auto/NonInterruptibleTimerZeroDelay.xml (RunModel)" time="0.011" />
  <testcase classname="ptolemy.util.test.junit.AutoTests" name="[46] /home/travis/build/icyphy/ptII/ptolemy/domains/de/test/auto/OpenQueueingNetwork.xml (RunModel)" time="2.566" />
  <testcase classname="ptolemy.util.test.junit.AutoTests" name="[47] /home/travis/build/icyphy/ptII/ptolemy/domains/de/test/auto/OpenQueuingNetwork.xml (RunModel)" time="0.298" />
  <testcase classname="ptolemy.util.test.junit.AutoTests" name="[48] /home/travis/build/icyphy/ptII/ptolemy/domains/de/test/auto/PeriodicSampler.xml (RunModel)" time="0.008" />
  <testcase classname="ptolemy.util.test.junit.AutoTests" name="[49] /home/travis/build/icyphy/ptII/ptolemy/domains/de/test/auto/PersistentIO.xml (RunModel)" time="0.029" />
  <testcase classname="ptolemy.util.test.junit.AutoTests" name="[50] /home/travis/build/icyphy/ptII/ptolemy/domains/de/test/auto/PortParameterResetOnInitialize.xml (RunModel)" time="0.013" />
  <testcase classname="ptolemy.util.test.junit.AutoTests" name="[51] /home/travis/build/icyphy/ptII/ptolemy/domains/de/test/auto/PortParameterUpdates.xml (RunModel)" time="0.014" />
  <testcase classname="ptolemy.util.test.junit.AutoTests" name="[52] /home/travis/build/icyphy/ptII/ptolemy/domains/de/test/auto/QueueAndServer.xml (RunModel)" time="0.025" />
  <testcase classname="ptolemy.util.test.junit.AutoTests" name="[53] /home/travis/build/icyphy/ptII/ptolemy/domains/de/test/auto/Records.xml (RunModel)" time="0.014" />
  <testcase classname="ptolemy.util.test.junit.AutoTests" name="[54] /home/travis/build/icyphy/ptII/ptolemy/domains/de/test/auto/ResetTransitionWithStartTime1.xml (RunModel)" time="0.017" />
  <testcase classname="ptolemy.util.test.junit.AutoTests" name="[55] /home/travis/build/icyphy/ptII/ptolemy/domains/de/test/auto/ResetTransitionWithStartTime2.xml (RunModel)" time="0.018" />
  <testcase classname="ptolemy.util.test.junit.AutoTests" name="[56] /home/travis/build/icyphy/ptII/ptolemy/domains/de/test/auto/ResetTransitionWithStartTime3.xml (RunModel)" time="0.019" />
  <testcase classname="ptolemy.util.test.junit.AutoTests" name="[57] /home/travis/build/icyphy/ptII/ptolemy/domains/de/test/auto/ResetTransitionWithStartTime4.xml (RunModel)" time="0.02" />
  <testcase classname="ptolemy.util.test.junit.AutoTests" name="[58] /home/travis/build/icyphy/ptII/ptolemy/domains/de/test/auto/ResettableTimer1.xml (RunModel)" time="0.014" />
  <testcase classname="ptolemy.util.test.junit.AutoTests" name="[59] /home/travis/build/icyphy/ptII/ptolemy/domains/de/test/auto/ResettableTimer2.xml (RunModel)" time="0.009" />
  <testcase classname="ptolemy.util.test.junit.AutoTests" name="[60] /home/travis/build/icyphy/ptII/ptolemy/domains/de/test/auto/ResettableTimer3.xml (RunModel)" time="0.009" />
  <testcase classname="ptolemy.util.test.junit.AutoTests" name="[61] /home/travis/build/icyphy/ptII/ptolemy/domains/de/test/auto/ResettableTimer4.xml (RunModel)" time="0.019" />
  <testcase classname="ptolemy.util.test.junit.AutoTests" name="[62] /home/travis/build/icyphy/ptII/ptolemy/domains/de/test/auto/ResettableTimer5.xml (RunModel)" time="0.011" />
  <testcase classname="ptolemy.util.test.junit.AutoTests" name="[63] /home/travis/build/icyphy/ptII/ptolemy/domains/de/test/auto/ResettableTimer6.xml (RunModel)" time="0.024" />
  <testcase classname="ptolemy.util.test.junit.AutoTests" name="[64] /home/travis/build/icyphy/ptII/ptolemy/domains/de/test/auto/ServerZeroDelay.xml (RunModel)" time="0.01" />
  <testcase classname="ptolemy.util.test.junit.AutoTests" name="[65] /home/travis/build/icyphy/ptII/ptolemy/domains/de/test/auto/SmartSender.xml (RunModel)" time="3.016" />
  <testcase classname="ptolemy.util.test.junit.AutoTests" name="[66] /home/travis/build/icyphy/ptII/ptolemy/domains/de/test/auto/ThreadedComposite.xml (RunModel)" time="0.126" />
  <testcase classname="ptolemy.util.test.junit.AutoTests" name="[67] /home/travis/build/icyphy/ptII/ptolemy/domains/de/test/auto/Time.xml (RunModel)" time="0.442" />
  <testcase classname="ptolemy.util.test.junit.AutoTests" name="[68] /home/travis/build/icyphy/ptII/ptolemy/domains/de/test/auto/TimeDelayZeroDelay.xml (RunModel)" time="0.016" />
  <testcase classname="ptolemy.util.test.junit.AutoTests" name="[69] /home/travis/build/icyphy/ptII/ptolemy/domains/de/test/auto/TimerZeroDelay.xml (RunModel)" time="0.009" />
  <testcase classname="ptolemy.util.test.junit.AutoTests" name="[70] /home/travis/build/icyphy/ptII/ptolemy/domains/de/test/auto/TimingParadox.xml (RunModel)" time="0.361" />
  <testcase classname="ptolemy.util.test.junit.AutoTests" name="[71] /home/travis/build/icyphy/ptII/ptolemy/domains/de/test/auto/TransferInputs.xml (RunModel)" time="0.01" />
  <testcase classname="ptolemy.util.test.junit.AutoTests" name="[72] /home/travis/build/icyphy/ptII/ptolemy/domains/de/test/auto/TransferOutputs2.xml (RunModel)" time="0.015" />
  <testcase classname="ptolemy.util.test.junit.AutoTests" name="[73] /home/travis/build/icyphy/ptII/ptolemy/domains/de/test/auto/Trilateration.xml (RunModel)" time="12.743" />
  <testcase classname="ptolemy.util.test.junit.AutoTests" name="[74] /home/travis/build/icyphy/ptII/ptolemy/domains/de/test/auto/TwoSigmaDelta.xml (RunModel)" time="2.28" />
  <testcase classname="ptolemy.util.test.junit.AutoTests" name="[75] /home/travis/build/icyphy/ptII/ptolemy/domains/de/test/auto/VariableDelay.xml (RunModel)" time="0.014" />
  <testcase classname="ptolemy.util.test.junit.AutoTests" name="[76] /home/travis/build/icyphy/ptII/ptolemy/domains/de/test/auto/VariableDelay2.xml (RunModel)" time="0.012" />
  <testcase classname="ptolemy.util.test.junit.AutoTests" name="[77] /home/travis/build/icyphy/ptII/ptolemy/domains/de/test/auto/VariableDelayZeroDelay.xml (RunModel)" time="0.013" />
  <testcase classname="ptolemy.util.test.junit.AutoTests" name="[78] /home/travis/build/icyphy/ptII/ptolemy/domains/de/test/auto/VariableDelayZeroDelay2.xml (RunModel)" time="0.017" />
  <testcase classname="ptolemy.util.test.junit.AutoTests" name="[79] /home/travis/build/icyphy/ptII/ptolemy/domains/de/test/auto/deInCt.xml (RunModel)" time="0.022" />
  <testcase classname="ptolemy.util.test.junit.AutoTests" name="[80] /home/travis/build/icyphy/ptII/ptolemy/domains/de/test/auto/deInCt2.xml (RunModel)" time="0.019" />
  <testcase classname="ptolemy.util.test.junit.AutoTests" name="[81] /home/travis/build/icyphy/ptII/ptolemy/domains/de/test/auto/dynamicCausalityInterface1.xml (RunModel)" time="0.017" />
  <testcase classname="ptolemy.util.test.junit.AutoTests" name="[82] /home/travis/build/icyphy/ptII/ptolemy/domains/de/test/auto/fsm_de_test.xml (RunModel)" time="0.025" />
  <testcase classname="ptolemy.util.test.junit.AutoTests" name="[83] /home/travis/build/icyphy/ptII/ptolemy/domains/de/test/auto/functionDependencyReconstruction.xml (RunModel)" time="0.028" />
  <testcase classname="ptolemy.util.test.junit.AutoTests" name="[84] /home/travis/build/icyphy/ptII/ptolemy/domains/de/test/auto/multirate.xml (RunModel)" time="0.014" />
  <testcase classname="ptolemy.util.test.junit.AutoTests" name="[85] /home/travis/build/icyphy/ptII/ptolemy/domains/de/test/auto/multirate2.xml (RunModel)" time="0.026" />
  <testcase classname="ptolemy.util.test.junit.AutoTests" name="[86] /home/travis/build/icyphy/ptII/ptolemy/domains/de/test/auto/realtime.xml (RunModel)" time="10.01" />
  <testcase classname="ptolemy.util.test.junit.AutoTests" name="[87] /home/travis/build/icyphy/ptII/ptolemy/domains/de/test/auto/relationGroup.xml (RunModel)" time="0.015" />
  <testcase classname="ptolemy.util.test.junit.AutoTests" name="[88] /home/travis/build/icyphy/ptII/ptolemy/domains/de/test/auto/relationGroup2.xml (RunModel)" time="0.022" />
  <testcase classname="ptolemy.util.test.junit.AutoTests" name="[89] /home/travis/build/icyphy/ptII/ptolemy/domains/de/test/auto/sortWithOpaquePorts.xml (RunModel)" time="0.012" />
  <testcase classname="ptolemy.util.test.junit.AutoTests" name="[90] /home/travis/build/icyphy/ptII/ptolemy/domains/de/test/auto/transferInputsandOutputs.xml (RunModel)" time="0.018" />
  <testcase classname="ptolemy.util.test.junit.AutoTests" name="[91] /home/travis/build/icyphy/ptII/ptolemy/domains/de/test/auto/triggerType.xml (RunModel)" time="0.011" />
  <system-out><![CDATA[/home/travis/build/icyphy/ptII/ptolemy/domains/de/test/DependencyLoop.tcl
testDefs.tcl: setting time out to 9000 seconds at Sat Jul 20 22:39:18 UTC 2019
80 ms. Memory: 120832K Free: 72008K (60%)
33 ms. Memory: 120832K Free: 54585K (45%)
/home/travis/build/icyphy/ptII/ptolemy/domains/de/test/RunDETestsAsQSS.tcl
Run the DE tests using ptolemy.domains.qss.test.QSSDirectorTest, which extends QSSDirector and prints a message in the constructors.
------------------ testing $PTII/ptolemy/domains/de/test/auto/knownFailedTests/DirectFeedback.xml (Known Failure) 
29 ms. Memory: 120832K Free: 48970K (41%)


==== $PTIIhome/travis/build/icyphy/ptII/ptolemy/domains/de/test/../../../../: Auto Automatic test in file $PTII/ptolemy/domains/de/test/auto/knownFailedTests/DirectFeedback.xml
==== Contents of test case:

	    # FIXME: we should use $relativeFilename here, but it
	    # might have backslashes under Windows, which causes no end
	    # of trouble.
	    createAndExecute $file
	    list {}
	
.... Test generated KNOWN error:
    while executing
ptolemy.kernel.util.IllegalActionException: Test fails in iteration 1.
Value was: 1.0. Should have been: 2.0
  in .DirectFeedback.Test
	at ptolemy.actor.lib.Test.fire(Test.java:268)
	at ptolemy.domains.de.kernel.DEDirector._fire(DEDirector.java:1949)
	at ptolemy.domains.de.kernel.DEDirector.fire(DEDirector.java:502)
	at ptolemy.actor.CompositeActor.fire(CompositeActor.java:455)
	at ptolemy.actor.Manager.iterate(Manager.java:851)
	at ptolemy.actor.Manager.execute(Manager.java:369)
	at ptolemy.actor.Manager.run(Manager.java:1263)
	at ptolemy.actor.Manager$PtolemyRunThread.run(Manager.java:1933)

    while executing
ptolemy.kernel.util.IllegalActionException: Test fails in iteration 1.
Value was: 1.0. Should have been: 2.0
  in .DirectFeedback.Test
    while executing
"java::new ptolemy.moml.MoMLSimpleApplication $file
"
    (procedure "createAndExecute" line 2)
    invoked from within
"createAndExecute $file"
    ("uplevel" body line 5)
    invoked from within
"uplevel $contents_of_test"
------------------ testing $PTII/ptolemy/domains/de/test/auto/knownFailedTests/dependencyLoop.xml (Known Failure) 
12 ms. Memory: 120832K Free: 45898K (38%)


==== $PTIIhome/travis/build/icyphy/ptII/ptolemy/domains/de/test/../../../../: Auto Automatic test in file $PTII/ptolemy/domains/de/test/auto/knownFailedTests/dependencyLoop.xml
==== Contents of test case:

	    # FIXME: we should use $relativeFilename here, but it
	    # might have backslashes under Windows, which causes no end
	    # of trouble.
	    createAndExecute $file
	    list {}
	
.... Test generated KNOWN error:
    while executing
ptolemy.kernel.util.IllegalActionException: Found a zero delay loop containing .dependencyLoop.original
  in .dependencyLoop and .dependencyLoop.original
	at ptolemy.actor.util.CausalityInterfaceForComposites._computeOutputPortDepth(CausalityInterfaceForComposites.java:759)
	at ptolemy.actor.util.CausalityInterfaceForComposites._computeInputDepth(CausalityInterfaceForComposites.java:696)
	at ptolemy.actor.util.CausalityInterfaceForComposites._computeOutputPortDepth(CausalityInterfaceForComposites.java:765)
	at ptolemy.actor.util.CausalityInterfaceForComposites._computeInputDepth(CausalityInterfaceForComposites.java:696)
	at ptolemy.actor.util.CausalityInterfaceForComposites._computeOutputPortDepth(CausalityInterfaceForComposites.java:765)
	at ptolemy.actor.util.CausalityInterfaceForComposites._computeInputDepth(CausalityInterfaceForComposites.java:696)
	at ptolemy.actor.util.CausalityInterfaceForComposites._computeActorDepth(CausalityInterfaceForComposites.java:532)
	at ptolemy.actor.util.CausalityInterfaceForComposites.checkForCycles(CausalityInterfaceForComposites.java:96)
	at ptolemy.domains.de.kernel.DEDirector.preinitialize(DEDirector.java:1338)
	at ptolemy.actor.CompositeActor.preinitialize(CompositeActor.java:1828)
	at ptolemy.actor.Manager.preinitializeAndResolveTypes(Manager.java:1040)
	at ptolemy.actor.Manager.initialize(Manager.java:710)
	at ptolemy.actor.Manager.execute(Manager.java:356)
	at ptolemy.actor.Manager.run(Manager.java:1263)
	at ptolemy.actor.Manager$PtolemyRunThread.run(Manager.java:1933)

    while executing
ptolemy.kernel.util.IllegalActionException: Found a zero delay loop containing .dependencyLoop.original
  in .dependencyLoop and .dependencyLoop.original
    while executing
"java::new ptolemy.moml.MoMLSimpleApplication $file
"
    (procedure "createAndExecute" line 2)
    invoked from within
"createAndExecute $file"
    ("uplevel" body line 5)
    invoked from within
"uplevel $contents_of_test"
------------------ testing $PTII/ptolemy/domains/de/test/auto/knownFailedTests/FSMSource.xml (Known Failure) 
74 ms. Memory: 120832K Free: 99667K (82%)
!!!! Auto was marked as failing, but now passes
------------------ testing $PTII/ptolemy/domains/de/test/auto/knownFailedTests/HierarchicalModel.xml (Known Failure) 
10 ms. Memory: 120832K Free: 82726K (68%)


==== $PTIIhome/travis/build/icyphy/ptII/ptolemy/domains/de/test/../../../../: Auto Automatic test in file $PTII/ptolemy/domains/de/test/auto/knownFailedTests/HierarchicalModel.xml
==== Contents of test case:

	    # FIXME: we should use $relativeFilename here, but it
	    # might have backslashes under Windows, which causes no end
	    # of trouble.
	    createAndExecute $file
	    list {}
	
.... Test generated KNOWN error:
    while executing
ptolemy.kernel.util.IllegalActionException: Found a zero delay loop containing .HierarchicalModel.A
  in .HierarchicalModel and .HierarchicalModel.A
	at ptolemy.actor.util.CausalityInterfaceForComposites._computeOutputPortDepth(CausalityInterfaceForComposites.java:759)
	at ptolemy.actor.util.CausalityInterfaceForComposites._computeInputDepth(CausalityInterfaceForComposites.java:696)
	at ptolemy.actor.util.CausalityInterfaceForComposites._computeOutputPortDepth(CausalityInterfaceForComposites.java:765)
	at ptolemy.actor.util.CausalityInterfaceForComposites._computeInputDepth(CausalityInterfaceForComposites.java:696)
	at ptolemy.actor.util.CausalityInterfaceForComposites._computeOutputPortDepth(CausalityInterfaceForComposites.java:765)
	at ptolemy.actor.util.CausalityInterfaceForComposites._computeInputDepth(CausalityInterfaceForComposites.java:696)
	at ptolemy.actor.util.CausalityInterfaceForComposites._computeActorDepth(CausalityInterfaceForComposites.java:532)
	at ptolemy.actor.util.CausalityInterfaceForComposites.checkForCycles(CausalityInterfaceForComposites.java:96)
	at ptolemy.domains.de.kernel.DEDirector.preinitialize(DEDirector.java:1338)
	at ptolemy.actor.CompositeActor.preinitialize(CompositeActor.java:1828)
	at ptolemy.actor.Manager.preinitializeAndResolveTypes(Manager.java:1040)
	at ptolemy.actor.Manager.initialize(Manager.java:710)
	at ptolemy.actor.Manager.execute(Manager.java:356)
	at ptolemy.actor.Manager.run(Manager.java:1263)
	at ptolemy.actor.Manager$PtolemyRunThread.run(Manager.java:1933)

    while executing
ptolemy.kernel.util.IllegalActionException: Found a zero delay loop containing .HierarchicalModel.A
  in .HierarchicalModel and .HierarchicalModel.A
    while executing
"java::new ptolemy.moml.MoMLSimpleApplication $file
"
    (procedure "createAndExecute" line 2)
    invoked from within
"createAndExecute $file"
    ("uplevel" body line 5)
    invoked from within
"uplevel $contents_of_test"
------------------ testing $PTII/ptolemy/domains/de/test/auto/knownFailedTests/dependencyLoop2.xml (Known Failure) 
8 ms. Memory: 120832K Free: 66321K (55%)


==== $PTIIhome/travis/build/icyphy/ptII/ptolemy/domains/de/test/../../../../: Auto Automatic test in file $PTII/ptolemy/domains/de/test/auto/knownFailedTests/dependencyLoop2.xml
==== Contents of test case:

	    # FIXME: we should use $relativeFilename here, but it
	    # might have backslashes under Windows, which causes no end
	    # of trouble.
	    createAndExecute $file
	    list {}
	
.... Test generated KNOWN error:
    while executing
ptolemy.kernel.util.IllegalActionException: Found a zero delay loop containing .dependencyLoop2.original
  in .dependencyLoop2 and .dependencyLoop2.original
	at ptolemy.actor.util.CausalityInterfaceForComposites._computeOutputPortDepth(CausalityInterfaceForComposites.java:759)
	at ptolemy.actor.util.CausalityInterfaceForComposites._computeInputDepth(CausalityInterfaceForComposites.java:696)
	at ptolemy.actor.util.CausalityInterfaceForComposites._computeOutputPortDepth(CausalityInterfaceForComposites.java:765)
	at ptolemy.actor.util.CausalityInterfaceForComposites._computeInputDepth(CausalityInterfaceForComposites.java:696)
	at ptolemy.actor.util.CausalityInterfaceForComposites._computeOutputPortDepth(CausalityInterfaceForComposites.java:765)
	at ptolemy.actor.util.CausalityInterfaceForComposites._computeInputDepth(CausalityInterfaceForComposites.java:696)
	at ptolemy.actor.util.CausalityInterfaceForComposites._computeActorDepth(CausalityInterfaceForComposites.java:532)
	at ptolemy.actor.util.CausalityInterfaceForComposites.checkForCycles(CausalityInterfaceForComposites.java:96)
	at ptolemy.domains.de.kernel.DEDirector.preinitialize(DEDirector.java:1338)
	at ptolemy.actor.CompositeActor.preinitialize(CompositeActor.java:1828)
	at ptolemy.actor.Manager.preinitializeAndResolveTypes(Manager.java:1040)
	at ptolemy.actor.Manager.initialize(Manager.java:710)
	at ptolemy.actor.Manager.execute(Manager.java:356)
	at ptolemy.actor.Manager.run(Manager.java:1263)
	at ptolemy.actor.Manager$PtolemyRunThread.run(Manager.java:1933)

    while executing
ptolemy.kernel.util.IllegalActionException: Found a zero delay loop containing .dependencyLoop2.original
  in .dependencyLoop2 and .dependencyLoop2.original
    while executing
"java::new ptolemy.moml.MoMLSimpleApplication $file
"
    (procedure "createAndExecute" line 2)
    invoked from within
"createAndExecute $file"
    ("uplevel" body line 5)
    invoked from within
"uplevel $contents_of_test"
------------------ testing $PTII/ptolemy/domains/de/test/auto/knownFailedTests/DESDFClockTest.xml (Known Failure) 
2074 ms. Memory: 120832K Free: 95360K (79%)


==== $PTIIhome/travis/build/icyphy/ptII/ptolemy/domains/de/test/../../../../: Auto Automatic test in file $PTII/ptolemy/domains/de/test/auto/knownFailedTests/DESDFClockTest.xml
==== Contents of test case:

	    # FIXME: we should use $relativeFilename here, but it
	    # might have backslashes under Windows, which causes no end
	    # of trouble.
	    createAndExecute $file
	    list {}
	
.... Test generated KNOWN error:
    while executing
ptolemy.kernel.util.IllegalActionException: Actor is not ready to fire.  Perhaps UpSample.prefire() returned false? Try debugging the actor by selecting "Listen to Actor".  Also, for SDF check moml for tokenConsumptionRate on input.
  in .DESDFClockTest.Play Bell.Copy1:SDF Director and .DESDFClockTest.Play Bell.UpSample
	at ptolemy.actor.sched.StaticSchedulingDirector.fire(StaticSchedulingDirector.java:227)
	at ptolemy.domains.sdf.kernel.SDFDirector.fire(SDFDirector.java:500)
	at ptolemy.actor.CompositeActor.fire(CompositeActor.java:455)
	at ptolemy.domains.de.kernel.DEDirector._fire(DEDirector.java:1949)
	at ptolemy.domains.de.kernel.DEDirector.fire(DEDirector.java:502)
	at ptolemy.actor.CompositeActor.fire(CompositeActor.java:455)
	at ptolemy.actor.Manager.iterate(Manager.java:851)
	at ptolemy.actor.Manager.execute(Manager.java:369)
	at ptolemy.actor.Manager.run(Manager.java:1263)
	at ptolemy.actor.Manager$PtolemyRunThread.run(Manager.java:1933)

    while executing
ptolemy.kernel.util.IllegalActionException: Actor is not ready to fire.  Perhaps UpSample.prefire() returned false? Try debugging the actor by selecting "Listen to Actor".  Also, for SDF check moml for tokenConsumptionRate on input.
  in .DESDFClockTest.Play Bell.Copy1:SDF Director and .DESDFClockTest.Play Bell.UpSample
    while executing
"java::new ptolemy.moml.MoMLSimpleApplication $file
"
    (procedure "createAndExecute" line 2)
    invoked from within
"createAndExecute $file"
    ("uplevel" body line 5)
    invoked from within
"uplevel $contents_of_test"
------------------ testing $PTII/ptolemy/domains/de/test/auto/ActorDepthCalculation_actorWithoutPorts.xml
auto.tcl: Setting watchdog for 200 seconds at Sat Jul 20 22:39:22 UTC 2019
6 ms. Memory: 120832K Free: 88192K (73%)
ptolemy.util.test.WatchDog.cancel(): canceling Sat Jul 20 22:39:22 UTC 2019
auto.tcl: Setting watchdog for 200 seconds at Sat Jul 20 22:39:22 UTC 2019
6 ms. Memory: 120832K Free: 86640K (72%)
ptolemy.util.test.WatchDog.cancel(): canceling Sat Jul 20 22:39:22 UTC 2019
------------------ testing $PTII/ptolemy/domains/de/test/auto/AssemblyLine.xml
auto.tcl: Setting watchdog for 200 seconds at Sat Jul 20 22:39:23 UTC 2019
15 ms. Memory: 48128K Free: 26258K (55%)
ptolemy.util.test.WatchDog.cancel(): canceling Sat Jul 20 22:39:23 UTC 2019
auto.tcl: Setting watchdog for 200 seconds at Sat Jul 20 22:39:23 UTC 2019
6 ms. Memory: 48128K Free: 25315K (53%)
ptolemy.util.test.WatchDog.cancel(): canceling Sat Jul 20 22:39:23 UTC 2019
------------------ testing $PTII/ptolemy/domains/de/test/auto/CQBug1.xml
auto.tcl: Setting watchdog for 200 seconds at Sat Jul 20 22:39:23 UTC 2019
3 ms. Memory: 48128K Free: 31557K (66%)
ptolemy.util.test.WatchDog.cancel(): canceling Sat Jul 20 22:39:23 UTC 2019
auto.tcl: Setting watchdog for 200 seconds at Sat Jul 20 22:39:23 UTC 2019
2 ms. Memory: 48128K Free: 31123K (65%)
ptolemy.util.test.WatchDog.cancel(): canceling Sat Jul 20 22:39:23 UTC 2019
------------------ testing $PTII/ptolemy/domains/de/test/auto/CancelFireAt.xml
auto.tcl: Setting watchdog for 200 seconds at Sat Jul 20 22:39:23 UTC 2019
10 ms. Memory: 48128K Free: 32781K (68%)
ptolemy.util.test.WatchDog.cancel(): canceling Sat Jul 20 22:39:23 UTC 2019
auto.tcl: Setting watchdog for 200 seconds at Sat Jul 20 22:39:23 UTC 2019
3 ms. Memory: 48128K Free: 32347K (67%)
ptolemy.util.test.WatchDog.cancel(): canceling Sat Jul 20 22:39:23 UTC 2019
------------------ testing $PTII/ptolemy/domains/de/test/auto/CausalityAndComposabilityAnalysis.xml
auto.tcl: Setting watchdog for 200 seconds at Sat Jul 20 22:39:23 UTC 2019
6 ms. Memory: 45056K Free: 27447K (61%)
ptolemy.util.test.WatchDog.cancel(): canceling Sat Jul 20 22:39:23 UTC 2019
auto.tcl: Setting watchdog for 200 seconds at Sat Jul 20 22:39:23 UTC 2019
5 ms. Memory: 45056K Free: 27033K (60%)
ptolemy.util.test.WatchDog.cancel(): canceling Sat Jul 20 22:39:23 UTC 2019
------------------ testing $PTII/ptolemy/domains/de/test/auto/CausalityInterface1.xml
auto.tcl: Setting watchdog for 200 seconds at Sat Jul 20 22:39:23 UTC 2019
20 ms. Memory: 45056K Free: 26391K (59%)
ptolemy.util.test.WatchDog.cancel(): canceling Sat Jul 20 22:39:23 UTC 2019
auto.tcl: Setting watchdog for 200 seconds at Sat Jul 20 22:39:23 UTC 2019
4 ms. Memory: 45056K Free: 25383K (56%)
ptolemy.util.test.WatchDog.cancel(): canceling Sat Jul 20 22:39:23 UTC 2019
------------------ testing $PTII/ptolemy/domains/de/test/auto/CausalityInterface15.xml
auto.tcl: Setting watchdog for 200 seconds at Sat Jul 20 22:39:23 UTC 2019
5 ms. Memory: 45056K Free: 26005K (58%)
ptolemy.util.test.WatchDog.cancel(): canceling Sat Jul 20 22:39:23 UTC 2019
auto.tcl: Setting watchdog for 200 seconds at Sat Jul 20 22:39:23 UTC 2019
7 ms. Memory: 45056K Free: 25358K (56%)
ptolemy.util.test.WatchDog.cancel(): canceling Sat Jul 20 22:39:23 UTC 2019
------------------ testing $PTII/ptolemy/domains/de/test/auto/CausalityInterface2.xml
auto.tcl: Setting watchdog for 200 seconds at Sat Jul 20 22:39:23 UTC 2019
4 ms. Memory: 45056K Free: 27109K (60%)
ptolemy.util.test.WatchDog.cancel(): canceling Sat Jul 20 22:39:23 UTC 2019
auto.tcl: Setting watchdog for 200 seconds at Sat Jul 20 22:39:23 UTC 2019
7 ms. Memory: 45056K Free: 26384K (59%)
ptolemy.util.test.WatchDog.cancel(): canceling Sat Jul 20 22:39:23 UTC 2019
------------------ testing $PTII/ptolemy/domains/de/test/auto/CausalityInterface3.xml
auto.tcl: Setting watchdog for 200 seconds at Sat Jul 20 22:39:23 UTC 2019
4 ms. Memory: 45056K Free: 26574K (59%)
ptolemy.util.test.WatchDog.cancel(): canceling Sat Jul 20 22:39:23 UTC 2019
auto.tcl: Setting watchdog for 200 seconds at Sat Jul 20 22:39:23 UTC 2019
9 ms. Memory: 45056K Free: 25767K (57%)
ptolemy.util.test.WatchDog.cancel(): canceling Sat Jul 20 22:39:23 UTC 2019
------------------ testing $PTII/ptolemy/domains/de/test/auto/ClockDrift.xml
auto.tcl: Setting watchdog for 200 seconds at Sat Jul 20 22:39:24 UTC 2019
104 ms. Memory: 45056K Free: 19178K (43%)
ptolemy.util.test.WatchDog.cancel(): canceling Sat Jul 20 22:39:24 UTC 2019
auto.tcl: Setting watchdog for 200 seconds at Sat Jul 20 22:39:24 UTC 2019
58 ms. Memory: 45056K Free: 16157K (36%)
ptolemy.util.test.WatchDog.cancel(): canceling Sat Jul 20 22:39:24 UTC 2019
------------------ testing $PTII/ptolemy/domains/de/test/auto/ClockDriftAndValueChange.xml
auto.tcl: Setting watchdog for 200 seconds at Sat Jul 20 22:39:24 UTC 2019
53 ms. Memory: 45056K Free: 19619K (44%)
ptolemy.util.test.WatchDog.cancel(): canceling Sat Jul 20 22:39:24 UTC 2019
auto.tcl: Setting watchdog for 200 seconds at Sat Jul 20 22:39:24 UTC 2019
34 ms. Memory: 45056K Free: 16676K (37%)
ptolemy.util.test.WatchDog.cancel(): canceling Sat Jul 20 22:39:24 UTC 2019
------------------ testing $PTII/ptolemy/domains/de/test/auto/ClockDriftChange.xml
auto.tcl: Setting watchdog for 200 seconds at Sat Jul 20 22:39:24 UTC 2019
23 ms. Memory: 45056K Free: 21283K (47%)
ptolemy.util.test.WatchDog.cancel(): canceling Sat Jul 20 22:39:24 UTC 2019
auto.tcl: Setting watchdog for 200 seconds at Sat Jul 20 22:39:24 UTC 2019
31 ms. Memory: 45056K Free: 18737K (42%)
ptolemy.util.test.WatchDog.cancel(): canceling Sat Jul 20 22:39:24 UTC 2019
------------------ testing $PTII/ptolemy/domains/de/test/auto/ComposableCausalityAnalysis.xml
auto.tcl: Setting watchdog for 200 seconds at Sat Jul 20 22:39:24 UTC 2019
2 ms. Memory: 45056K Free: 25886K (57%)
ptolemy.util.test.WatchDog.cancel(): canceling Sat Jul 20 22:39:24 UTC 2019
auto.tcl: Setting watchdog for 200 seconds at Sat Jul 20 22:39:24 UTC 2019
5 ms. Memory: 45056K Free: 24611K (55%)
ptolemy.util.test.WatchDog.cancel(): canceling Sat Jul 20 22:39:24 UTC 2019
------------------ testing $PTII/ptolemy/domains/de/test/auto/DEFixedPointLimitation.xml
auto.tcl: Setting watchdog for 200 seconds at Sat Jul 20 22:39:24 UTC 2019
2 ms. Memory: 45056K Free: 27229K (60%)
ptolemy.util.test.WatchDog.cancel(): canceling Sat Jul 20 22:39:24 UTC 2019
auto.tcl: Setting watchdog for 200 seconds at Sat Jul 20 22:39:24 UTC 2019
2 ms. Memory: 45056K Free: 26363K (59%)
ptolemy.util.test.WatchDog.cancel(): canceling Sat Jul 20 22:39:24 UTC 2019
------------------ testing $PTII/ptolemy/domains/de/test/auto/DEScheduleTest.xml
auto.tcl: Setting watchdog for 200 seconds at Sat Jul 20 22:39:24 UTC 2019
6 ms. Memory: 45056K Free: 27551K (61%)
ptolemy.util.test.WatchDog.cancel(): canceling Sat Jul 20 22:39:24 UTC 2019
auto.tcl: Setting watchdog for 200 seconds at Sat Jul 20 22:39:24 UTC 2019
3 ms. Memory: 45056K Free: 26792K (59%)
ptolemy.util.test.WatchDog.cancel(): canceling Sat Jul 20 22:39:24 UTC 2019
------------------ testing $PTII/ptolemy/domains/de/test/auto/DEinDEwithStartTimes.xml
auto.tcl: Setting watchdog for 200 seconds at Sat Jul 20 22:39:24 UTC 2019
3 ms. Memory: 45056K Free: 25760K (57%)
ptolemy.util.test.WatchDog.cancel(): canceling Sat Jul 20 22:39:24 UTC 2019
auto.tcl: Setting watchdog for 200 seconds at Sat Jul 20 22:39:24 UTC 2019
2 ms. Memory: 45056K Free: 24676K (55%)
ptolemy.util.test.WatchDog.cancel(): canceling Sat Jul 20 22:39:24 UTC 2019
------------------ testing $PTII/ptolemy/domains/de/test/auto/DEinDEwithStartTimes2.xml
auto.tcl: Setting watchdog for 200 seconds at Sat Jul 20 22:39:24 UTC 2019
4 ms. Memory: 45056K Free: 24994K (55%)
ptolemy.util.test.WatchDog.cancel(): canceling Sat Jul 20 22:39:24 UTC 2019
auto.tcl: Setting watchdog for 200 seconds at Sat Jul 20 22:39:24 UTC 2019
6 ms. Memory: 45056K Free: 23632K (52%)
ptolemy.util.test.WatchDog.cancel(): canceling Sat Jul 20 22:39:25 UTC 2019
------------------ testing $PTII/ptolemy/domains/de/test/auto/DateDemo.xml
auto.tcl: Setting watchdog for 200 seconds at Sat Jul 20 22:39:25 UTC 2019
22 ms. Memory: 45056K Free: 19846K (44%)
ptolemy.util.test.WatchDog.cancel(): canceling Sat Jul 20 22:39:25 UTC 2019
auto.tcl: Setting watchdog for 200 seconds at Sat Jul 20 22:39:25 UTC 2019
9 ms. Memory: 45056K Free: 18116K (40%)
ptolemy.util.test.WatchDog.cancel(): canceling Sat Jul 20 22:39:25 UTC 2019
------------------ testing $PTII/ptolemy/domains/de/test/auto/DateToEvent.xml
auto.tcl: Setting watchdog for 200 seconds at Sat Jul 20 22:39:25 UTC 2019
2011 ms. Memory: 45056K Free: 14759K (33%)
ptolemy.util.test.WatchDog.cancel(): canceling Sat Jul 20 22:39:27 UTC 2019
auto.tcl: Setting watchdog for 200 seconds at Sat Jul 20 22:39:27 UTC 2019
2006 ms. Memory: 45056K Free: 14167K (31%)
ptolemy.util.test.WatchDog.cancel(): canceling Sat Jul 20 22:39:29 UTC 2019
------------------ testing $PTII/ptolemy/domains/de/test/auto/DepthTest1.xml
auto.tcl: Setting watchdog for 200 seconds at Sat Jul 20 22:39:29 UTC 2019
6 ms. Memory: 45056K Free: 28447K (63%)
ptolemy.util.test.WatchDog.cancel(): canceling Sat Jul 20 22:39:29 UTC 2019
auto.tcl: Setting watchdog for 200 seconds at Sat Jul 20 22:39:29 UTC 2019
2 ms. Memory: 45056K Free: 27974K (62%)
ptolemy.util.test.WatchDog.cancel(): canceling Sat Jul 20 22:39:29 UTC 2019
------------------ testing $PTII/ptolemy/domains/de/test/auto/DepthTest2.xml
auto.tcl: Setting watchdog for 200 seconds at Sat Jul 20 22:39:29 UTC 2019
5 ms. Memory: 45056K Free: 25236K (56%)
ptolemy.util.test.WatchDog.cancel(): canceling Sat Jul 20 22:39:29 UTC 2019
auto.tcl: Setting watchdog for 200 seconds at Sat Jul 20 22:39:29 UTC 2019
3 ms. Memory: 45056K Free: 24666K (55%)
ptolemy.util.test.WatchDog.cancel(): canceling Sat Jul 20 22:39:29 UTC 2019
------------------ testing $PTII/ptolemy/domains/de/test/auto/DepthTest3.xml
auto.tcl: Setting watchdog for 200 seconds at Sat Jul 20 22:39:29 UTC 2019
4 ms. Memory: 45056K Free: 28825K (64%)
ptolemy.util.test.WatchDog.cancel(): canceling Sat Jul 20 22:39:29 UTC 2019
auto.tcl: Setting watchdog for 200 seconds at Sat Jul 20 22:39:29 UTC 2019
1 ms. Memory: 45056K Free: 28289K (63%)
ptolemy.util.test.WatchDog.cancel(): canceling Sat Jul 20 22:39:29 UTC 2019
------------------ testing $PTII/ptolemy/domains/de/test/auto/DepthTest4.xml
auto.tcl: Setting watchdog for 200 seconds at Sat Jul 20 22:39:29 UTC 2019
3 ms. Memory: 45056K Free: 27031K (60%)
ptolemy.util.test.WatchDog.cancel(): canceling Sat Jul 20 22:39:29 UTC 2019
auto.tcl: Setting watchdog for 200 seconds at Sat Jul 20 22:39:29 UTC 2019
3 ms. Memory: 45056K Free: 26325K (58%)
ptolemy.util.test.WatchDog.cancel(): canceling Sat Jul 20 22:39:29 UTC 2019
------------------ testing $PTII/ptolemy/domains/de/test/auto/DepthTest5.xml
auto.tcl: Setting watchdog for 200 seconds at Sat Jul 20 22:39:29 UTC 2019
3 ms. Memory: 45056K Free: 26158K (58%)
ptolemy.util.test.WatchDog.cancel(): canceling Sat Jul 20 22:39:29 UTC 2019
auto.tcl: Setting watchdog for 200 seconds at Sat Jul 20 22:39:29 UTC 2019
2 ms. Memory: 45056K Free: 25780K (57%)
ptolemy.util.test.WatchDog.cancel(): canceling Sat Jul 20 22:39:29 UTC 2019
------------------ testing $PTII/ptolemy/domains/de/test/auto/DepthTest6.xml
auto.tcl: Setting watchdog for 200 seconds at Sat Jul 20 22:39:29 UTC 2019
4 ms. Memory: 45056K Free: 26088K (58%)
ptolemy.util.test.WatchDog.cancel(): canceling Sat Jul 20 22:39:29 UTC 2019
auto.tcl: Setting watchdog for 200 seconds at Sat Jul 20 22:39:29 UTC 2019
2 ms. Memory: 45056K Free: 25606K (57%)
ptolemy.util.test.WatchDog.cancel(): canceling Sat Jul 20 22:39:29 UTC 2019
------------------ testing $PTII/ptolemy/domains/de/test/auto/DepthTest7.xml
auto.tcl: Setting watchdog for 200 seconds at Sat Jul 20 22:39:29 UTC 2019
2 ms. Memory: 45056K Free: 26627K (59%)
ptolemy.util.test.WatchDog.cancel(): canceling Sat Jul 20 22:39:29 UTC 2019
auto.tcl: Setting watchdog for 200 seconds at Sat Jul 20 22:39:29 UTC 2019
2 ms. Memory: 45056K Free: 26233K (58%)
ptolemy.util.test.WatchDog.cancel(): canceling Sat Jul 20 22:39:29 UTC 2019
------------------ testing $PTII/ptolemy/domains/de/test/auto/EventToDate.xml
auto.tcl: Setting watchdog for 200 seconds at Sat Jul 20 22:39:29 UTC 2019
3009 ms. Memory: 45056K Free: 17762K (39%)
ptolemy.util.test.WatchDog.cancel(): canceling Sat Jul 20 22:39:32 UTC 2019
auto.tcl: Setting watchdog for 200 seconds at Sat Jul 20 22:39:32 UTC 2019
3004 ms. Memory: 45056K Free: 17038K (38%)
ptolemy.util.test.WatchDog.cancel(): canceling Sat Jul 20 22:39:35 UTC 2019
------------------ testing $PTII/ptolemy/domains/de/test/auto/FSM1.xml
auto.tcl: Setting watchdog for 200 seconds at Sat Jul 20 22:39:35 UTC 2019
21 ms. Memory: 45056K Free: 18955K (42%)
ptolemy.util.test.WatchDog.cancel(): canceling Sat Jul 20 22:39:36 UTC 2019
auto.tcl: Setting watchdog for 200 seconds at Sat Jul 20 22:39:36 UTC 2019
27 ms. Memory: 45056K Free: 15697K (35%)
ptolemy.util.test.WatchDog.cancel(): canceling Sat Jul 20 22:39:36 UTC 2019
------------------ testing $PTII/ptolemy/domains/de/test/auto/FSM7.xml
auto.tcl: Setting watchdog for 200 seconds at Sat Jul 20 22:39:36 UTC 2019
27 ms. Memory: 45056K Free: 18872K (42%)
ptolemy.util.test.WatchDog.cancel(): canceling Sat Jul 20 22:39:36 UTC 2019
auto.tcl: Setting watchdog for 200 seconds at Sat Jul 20 22:39:36 UTC 2019
27 ms. Memory: 45056K Free: 15904K (35%)
ptolemy.util.test.WatchDog.cancel(): canceling Sat Jul 20 22:39:36 UTC 2019
------------------ testing $PTII/ptolemy/domains/de/test/auto/Inspection.xml
auto.tcl: Setting watchdog for 200 seconds at Sat Jul 20 22:39:36 UTC 2019
32 ms. Memory: 45056K Free: 18498K (41%)
ptolemy.util.test.WatchDog.cancel(): canceling Sat Jul 20 22:39:36 UTC 2019
auto.tcl: Setting watchdog for 200 seconds at Sat Jul 20 22:39:36 UTC 2019
34 ms. Memory: 45056K Free: 16614K (37%)
ptolemy.util.test.WatchDog.cancel(): canceling Sat Jul 20 22:39:36 UTC 2019
------------------ testing $PTII/ptolemy/domains/de/test/auto/Iteration.xml
auto.tcl: Setting watchdog for 200 seconds at Sat Jul 20 22:39:36 UTC 2019
11 ms. Memory: 45056K Free: 24395K (54%)
ptolemy.util.test.WatchDog.cancel(): canceling Sat Jul 20 22:39:36 UTC 2019
auto.tcl: Setting watchdog for 200 seconds at Sat Jul 20 22:39:36 UTC 2019
7 ms. Memory: 45056K Free: 23371K (52%)
ptolemy.util.test.WatchDog.cancel(): canceling Sat Jul 20 22:39:36 UTC 2019
------------------ testing $PTII/ptolemy/domains/de/test/auto/LineFault.xml
auto.tcl: Setting watchdog for 200 seconds at Sat Jul 20 22:39:36 UTC 2019
660 ms. Memory: 45056K Free: 10728K (24%)
ptolemy.util.test.WatchDog.cancel(): canceling Sat Jul 20 22:39:37 UTC 2019
auto.tcl: Setting watchdog for 200 seconds at Sat Jul 20 22:39:37 UTC 2019
621 ms. Memory: 61440K Free: 34511K (56%)
ptolemy.util.test.WatchDog.cancel(): canceling Sat Jul 20 22:39:38 UTC 2019
------------------ testing $PTII/ptolemy/domains/de/test/auto/MergeModel1Add.xml
auto.tcl: Setting watchdog for 200 seconds at Sat Jul 20 22:39:38 UTC 2019
23 ms. Memory: 51200K Free: 16279K (32%)
ptolemy.util.test.WatchDog.cancel(): canceling Sat Jul 20 22:39:38 UTC 2019
auto.tcl: Setting watchdog for 200 seconds at Sat Jul 20 22:39:38 UTC 2019
11 ms. Memory: 51200K Free: 14734K (29%)
ptolemy.util.test.WatchDog.cancel(): canceling Sat Jul 20 22:39:38 UTC 2019
------------------ testing $PTII/ptolemy/domains/de/test/auto/MergeModel2Add.xml
auto.tcl: Setting watchdog for 200 seconds at Sat Jul 20 22:39:38 UTC 2019
13 ms. Memory: 51200K Free: 19100K (37%)
ptolemy.util.test.WatchDog.cancel(): canceling Sat Jul 20 22:39:38 UTC 2019
auto.tcl: Setting watchdog for 200 seconds at Sat Jul 20 22:39:38 UTC 2019
11 ms. Memory: 51200K Free: 17671K (35%)
ptolemy.util.test.WatchDog.cancel(): canceling Sat Jul 20 22:39:38 UTC 2019
------------------ testing $PTII/ptolemy/domains/de/test/auto/MergeModel3Add.xml
auto.tcl: Setting watchdog for 200 seconds at Sat Jul 20 22:39:38 UTC 2019
7 ms. Memory: 51200K Free: 18628K (36%)
ptolemy.util.test.WatchDog.cancel(): canceling Sat Jul 20 22:39:38 UTC 2019
auto.tcl: Setting watchdog for 200 seconds at Sat Jul 20 22:39:38 UTC 2019
8 ms. Memory: 51200K Free: 17262K (34%)
ptolemy.util.test.WatchDog.cancel(): canceling Sat Jul 20 22:39:38 UTC 2019
------------------ testing $PTII/ptolemy/domains/de/test/auto/MergeWithoutDiscard.xml
auto.tcl: Setting watchdog for 200 seconds at Sat Jul 20 22:39:38 UTC 2019
3 ms. Memory: 51200K Free: 32940K (64%)
ptolemy.util.test.WatchDog.cancel(): canceling Sat Jul 20 22:39:38 UTC 2019
auto.tcl: Setting watchdog for 200 seconds at Sat Jul 20 22:39:38 UTC 2019
1 ms. Memory: 51200K Free: 32520K (64%)
ptolemy.util.test.WatchDog.cancel(): canceling Sat Jul 20 22:39:38 UTC 2019
------------------ testing $PTII/ptolemy/domains/de/test/auto/Modal1.xml
auto.tcl: Setting watchdog for 200 seconds at Sat Jul 20 22:39:38 UTC 2019
12 ms. Memory: 48128K Free: 22036K (46%)
ptolemy.util.test.WatchDog.cancel(): canceling Sat Jul 20 22:39:38 UTC 2019
auto.tcl: Setting watchdog for 200 seconds at Sat Jul 20 22:39:38 UTC 2019
22 ms. Memory: 48128K Free: 18627K (39%)
ptolemy.util.test.WatchDog.cancel(): canceling Sat Jul 20 22:39:38 UTC 2019
------------------ testing $PTII/ptolemy/domains/de/test/auto/Modal2.xml
auto.tcl: Setting watchdog for 200 seconds at Sat Jul 20 22:39:38 UTC 2019
14 ms. Memory: 48128K Free: 22136K (46%)
ptolemy.util.test.WatchDog.cancel(): canceling Sat Jul 20 22:39:38 UTC 2019
auto.tcl: Setting watchdog for 200 seconds at Sat Jul 20 22:39:38 UTC 2019
23 ms. Memory: 48128K Free: 18903K (39%)
ptolemy.util.test.WatchDog.cancel(): canceling Sat Jul 20 22:39:38 UTC 2019
------------------ testing $PTII/ptolemy/domains/de/test/auto/Modal3.xml
auto.tcl: Setting watchdog for 200 seconds at Sat Jul 20 22:39:38 UTC 2019
11 ms. Memory: 48128K Free: 21862K (45%)
ptolemy.util.test.WatchDog.cancel(): canceling Sat Jul 20 22:39:38 UTC 2019
auto.tcl: Setting watchdog for 200 seconds at Sat Jul 20 22:39:38 UTC 2019
11 ms. Memory: 48128K Free: 18548K (39%)
ptolemy.util.test.WatchDog.cancel(): canceling Sat Jul 20 22:39:38 UTC 2019
------------------ testing $PTII/ptolemy/domains/de/test/auto/Modal4.xml
auto.tcl: Setting watchdog for 200 seconds at Sat Jul 20 22:39:39 UTC 2019
12 ms. Memory: 48128K Free: 21078K (44%)
ptolemy.util.test.WatchDog.cancel(): canceling Sat Jul 20 22:39:39 UTC 2019
auto.tcl: Setting watchdog for 200 seconds at Sat Jul 20 22:39:39 UTC 2019
14 ms. Memory: 48128K Free: 17239K (36%)
ptolemy.util.test.WatchDog.cancel(): canceling Sat Jul 20 22:39:39 UTC 2019
------------------ testing $PTII/ptolemy/domains/de/test/auto/Modal5.xml
auto.tcl: Setting watchdog for 200 seconds at Sat Jul 20 22:39:39 UTC 2019
16 ms. Memory: 48128K Free: 21066K (44%)
ptolemy.util.test.WatchDog.cancel(): canceling Sat Jul 20 22:39:39 UTC 2019
auto.tcl: Setting watchdog for 200 seconds at Sat Jul 20 22:39:39 UTC 2019
16 ms. Memory: 48128K Free: 17227K (36%)
ptolemy.util.test.WatchDog.cancel(): canceling Sat Jul 20 22:39:39 UTC 2019
------------------ testing $PTII/ptolemy/domains/de/test/auto/Modal6.xml
auto.tcl: Setting watchdog for 200 seconds at Sat Jul 20 22:39:39 UTC 2019
24 ms. Memory: 48128K Free: 21879K (45%)
ptolemy.util.test.WatchDog.cancel(): canceling Sat Jul 20 22:39:39 UTC 2019
auto.tcl: Setting watchdog for 200 seconds at Sat Jul 20 22:39:39 UTC 2019
24 ms. Memory: 48128K Free: 17884K (37%)
ptolemy.util.test.WatchDog.cancel(): canceling Sat Jul 20 22:39:39 UTC 2019
------------------ testing $PTII/ptolemy/domains/de/test/auto/Modal7.xml
auto.tcl: Setting watchdog for 200 seconds at Sat Jul 20 22:39:39 UTC 2019
16 ms. Memory: 48128K Free: 20824K (43%)
ptolemy.util.test.WatchDog.cancel(): canceling Sat Jul 20 22:39:39 UTC 2019
auto.tcl: Setting watchdog for 200 seconds at Sat Jul 20 22:39:39 UTC 2019
25 ms. Memory: 48128K Free: 17229K (36%)
ptolemy.util.test.WatchDog.cancel(): canceling Sat Jul 20 22:39:39 UTC 2019
------------------ testing $PTII/ptolemy/domains/de/test/auto/ModalModel.xml
auto.tcl: Setting watchdog for 200 seconds at Sat Jul 20 22:39:39 UTC 2019
218 ms. Memory: 60416K Free: 41435K (69%)
ptolemy.util.test.WatchDog.cancel(): canceling Sat Jul 20 22:39:39 UTC 2019
auto.tcl: Setting watchdog for 200 seconds at Sat Jul 20 22:39:39 UTC 2019
206 ms. Memory: 60416K Free: 36853K (61%)
ptolemy.util.test.WatchDog.cancel(): canceling Sat Jul 20 22:39:40 UTC 2019
------------------ testing $PTII/ptolemy/domains/de/test/auto/ModalSource.xml
auto.tcl: Setting watchdog for 200 seconds at Sat Jul 20 22:39:40 UTC 2019
8 ms. Memory: 51200K Free: 28981K (57%)
ptolemy.util.test.WatchDog.cancel(): canceling Sat Jul 20 22:39:40 UTC 2019
auto.tcl: Setting watchdog for 200 seconds at Sat Jul 20 22:39:40 UTC 2019
5 ms. Memory: 51200K Free: 26924K (53%)
ptolemy.util.test.WatchDog.cancel(): canceling Sat Jul 20 22:39:40 UTC 2019
------------------ testing $PTII/ptolemy/domains/de/test/auto/NonInterruptibleTimerZeroDelay.xml
auto.tcl: Setting watchdog for 200 seconds at Sat Jul 20 22:39:40 UTC 2019
4 ms. Memory: 48128K Free: 30920K (64%)
ptolemy.util.test.WatchDog.cancel(): canceling Sat Jul 20 22:39:40 UTC 2019
auto.tcl: Setting watchdog for 200 seconds at Sat Jul 20 22:39:40 UTC 2019
3 ms. Memory: 48128K Free: 30185K (63%)
ptolemy.util.test.WatchDog.cancel(): canceling Sat Jul 20 22:39:40 UTC 2019
------------------ testing $PTII/ptolemy/domains/de/test/auto/OpenQueueingNetwork.xml
auto.tcl: Setting watchdog for 200 seconds at Sat Jul 20 22:39:40 UTC 2019
3144 ms. Memory: 126976K Free: 57058K (45%)
ptolemy.util.test.WatchDog.cancel(): canceling Sat Jul 20 22:39:43 UTC 2019
auto.tcl: Setting watchdog for 200 seconds at Sat Jul 20 22:39:43 UTC 2019
2495 ms. Memory: 152576K Free: 72864K (48%)
ptolemy.util.test.WatchDog.cancel(): canceling Sat Jul 20 22:39:46 UTC 2019
------------------ testing $PTII/ptolemy/domains/de/test/auto/OpenQueuingNetwork.xml
auto.tcl: Setting watchdog for 200 seconds at Sat Jul 20 22:39:46 UTC 2019
281 ms. Memory: 51200K Free: 16410K (32%)
ptolemy.util.test.WatchDog.cancel(): canceling Sat Jul 20 22:39:46 UTC 2019
auto.tcl: Setting watchdog for 200 seconds at Sat Jul 20 22:39:46 UTC 2019
244 ms. Memory: 51200K Free: 21343K (42%)
ptolemy.util.test.WatchDog.cancel(): canceling Sat Jul 20 22:39:46 UTC 2019
------------------ testing $PTII/ptolemy/domains/de/test/auto/PeriodicSampler.xml
auto.tcl: Setting watchdog for 200 seconds at Sat Jul 20 22:39:46 UTC 2019
2 ms. Memory: 51200K Free: 33105K (65%)
ptolemy.util.test.WatchDog.cancel(): canceling Sat Jul 20 22:39:46 UTC 2019
auto.tcl: Setting watchdog for 200 seconds at Sat Jul 20 22:39:46 UTC 2019
2 ms. Memory: 51200K Free: 32620K (64%)
ptolemy.util.test.WatchDog.cancel(): canceling Sat Jul 20 22:39:46 UTC 2019
------------------ testing $PTII/ptolemy/domains/de/test/auto/PersistentIO.xml
auto.tcl: Setting watchdog for 200 seconds at Sat Jul 20 22:39:46 UTC 2019
6 ms. Memory: 48128K Free: 24971K (52%)
ptolemy.util.test.WatchDog.cancel(): canceling Sat Jul 20 22:39:46 UTC 2019
auto.tcl: Setting watchdog for 200 seconds at Sat Jul 20 22:39:46 UTC 2019
5 ms. Memory: 48128K Free: 23546K (49%)
ptolemy.util.test.WatchDog.cancel(): canceling Sat Jul 20 22:39:46 UTC 2019
------------------ testing $PTII/ptolemy/domains/de/test/auto/PortParameterResetOnInitialize.xml
auto.tcl: Setting watchdog for 200 seconds at Sat Jul 20 22:39:46 UTC 2019
2 ms. Memory: 48128K Free: 29957K (62%)
ptolemy.util.test.WatchDog.cancel(): canceling Sat Jul 20 22:39:46 UTC 2019
auto.tcl: Setting watchdog for 200 seconds at Sat Jul 20 22:39:46 UTC 2019
2 ms. Memory: 48128K Free: 29481K (61%)
ptolemy.util.test.WatchDog.cancel(): canceling Sat Jul 20 22:39:46 UTC 2019
------------------ testing $PTII/ptolemy/domains/de/test/auto/PortParameterUpdates.xml
auto.tcl: Setting watchdog for 200 seconds at Sat Jul 20 22:39:46 UTC 2019
4 ms. Memory: 48128K Free: 28039K (58%)
ptolemy.util.test.WatchDog.cancel(): canceling Sat Jul 20 22:39:46 UTC 2019
auto.tcl: Setting watchdog for 200 seconds at Sat Jul 20 22:39:46 UTC 2019
4 ms. Memory: 48128K Free: 27038K (56%)
ptolemy.util.test.WatchDog.cancel(): canceling Sat Jul 20 22:39:46 UTC 2019
------------------ testing $PTII/ptolemy/domains/de/test/auto/QueueAndServer.xml
auto.tcl: Setting watchdog for 200 seconds at Sat Jul 20 22:39:47 UTC 2019
19 ms. Memory: 48128K Free: 27225K (57%)
ptolemy.util.test.WatchDog.cancel(): canceling Sat Jul 20 22:39:47 UTC 2019
auto.tcl: Setting watchdog for 200 seconds at Sat Jul 20 22:39:47 UTC 2019
6 ms. Memory: 48128K Free: 25997K (54%)
ptolemy.util.test.WatchDog.cancel(): canceling Sat Jul 20 22:39:47 UTC 2019
------------------ testing $PTII/ptolemy/domains/de/test/auto/Records.xml
auto.tcl: Setting watchdog for 200 seconds at Sat Jul 20 22:39:47 UTC 2019
3 ms. Memory: 48128K Free: 29503K (61%)
ptolemy.util.test.WatchDog.cancel(): canceling Sat Jul 20 22:39:47 UTC 2019
auto.tcl: Setting watchdog for 200 seconds at Sat Jul 20 22:39:47 UTC 2019
2 ms. Memory: 48128K Free: 29011K (60%)
ptolemy.util.test.WatchDog.cancel(): canceling Sat Jul 20 22:39:47 UTC 2019
------------------ testing $PTII/ptolemy/domains/de/test/auto/ResetTransitionWithStartTime1.xml
auto.tcl: Setting watchdog for 200 seconds at Sat Jul 20 22:39:47 UTC 2019
7 ms. Memory: 48128K Free: 26441K (55%)
ptolemy.util.test.WatchDog.cancel(): canceling Sat Jul 20 22:39:47 UTC 2019
auto.tcl: Setting watchdog for 200 seconds at Sat Jul 20 22:39:47 UTC 2019
6 ms. Memory: 48128K Free: 23934K (50%)
ptolemy.util.test.WatchDog.cancel(): canceling Sat Jul 20 22:39:47 UTC 2019
------------------ testing $PTII/ptolemy/domains/de/test/auto/ResetTransitionWithStartTime2.xml
auto.tcl: Setting watchdog for 200 seconds at Sat Jul 20 22:39:47 UTC 2019
6 ms. Memory: 48128K Free: 26396K (55%)
ptolemy.util.test.WatchDog.cancel(): canceling Sat Jul 20 22:39:47 UTC 2019
auto.tcl: Setting watchdog for 200 seconds at Sat Jul 20 22:39:47 UTC 2019
7 ms. Memory: 48128K Free: 23889K (50%)
ptolemy.util.test.WatchDog.cancel(): canceling Sat Jul 20 22:39:47 UTC 2019
------------------ testing $PTII/ptolemy/domains/de/test/auto/ResetTransitionWithStartTime3.xml
auto.tcl: Setting watchdog for 200 seconds at Sat Jul 20 22:39:47 UTC 2019
6 ms. Memory: 48128K Free: 26395K (55%)
ptolemy.util.test.WatchDog.cancel(): canceling Sat Jul 20 22:39:47 UTC 2019
auto.tcl: Setting watchdog for 200 seconds at Sat Jul 20 22:39:47 UTC 2019
6 ms. Memory: 48128K Free: 23888K (50%)
ptolemy.util.test.WatchDog.cancel(): canceling Sat Jul 20 22:39:47 UTC 2019
------------------ testing $PTII/ptolemy/domains/de/test/auto/ResetTransitionWithStartTime4.xml
auto.tcl: Setting watchdog for 200 seconds at Sat Jul 20 22:39:47 UTC 2019
9 ms. Memory: 48128K Free: 26884K (56%)
ptolemy.util.test.WatchDog.cancel(): canceling Sat Jul 20 22:39:47 UTC 2019
auto.tcl: Setting watchdog for 200 seconds at Sat Jul 20 22:39:47 UTC 2019
4 ms. Memory: 48128K Free: 25449K (53%)
ptolemy.util.test.WatchDog.cancel(): canceling Sat Jul 20 22:39:47 UTC 2019
------------------ testing $PTII/ptolemy/domains/de/test/auto/ResettableTimer1.xml
auto.tcl: Setting watchdog for 200 seconds at Sat Jul 20 22:39:47 UTC 2019
3 ms. Memory: 48128K Free: 30875K (64%)
ptolemy.util.test.WatchDog.cancel(): canceling Sat Jul 20 22:39:47 UTC 2019
auto.tcl: Setting watchdog for 200 seconds at Sat Jul 20 22:39:47 UTC 2019
3 ms. Memory: 48128K Free: 29991K (62%)
ptolemy.util.test.WatchDog.cancel(): canceling Sat Jul 20 22:39:47 UTC 2019
------------------ testing $PTII/ptolemy/domains/de/test/auto/ResettableTimer2.xml
auto.tcl: Setting watchdog for 200 seconds at Sat Jul 20 22:39:47 UTC 2019
2 ms. Memory: 48128K Free: 30932K (64%)
ptolemy.util.test.WatchDog.cancel(): canceling Sat Jul 20 22:39:47 UTC 2019
auto.tcl: Setting watchdog for 200 seconds at Sat Jul 20 22:39:47 UTC 2019
2 ms. Memory: 48128K Free: 30056K (62%)
ptolemy.util.test.WatchDog.cancel(): canceling Sat Jul 20 22:39:47 UTC 2019
------------------ testing $PTII/ptolemy/domains/de/test/auto/ResettableTimer3.xml
auto.tcl: Setting watchdog for 200 seconds at Sat Jul 20 22:39:47 UTC 2019
2 ms. Memory: 48128K Free: 31024K (64%)
ptolemy.util.test.WatchDog.cancel(): canceling Sat Jul 20 22:39:47 UTC 2019
auto.tcl: Setting watchdog for 200 seconds at Sat Jul 20 22:39:47 UTC 2019
1 ms. Memory: 48128K Free: 30566K (64%)
ptolemy.util.test.WatchDog.cancel(): canceling Sat Jul 20 22:39:47 UTC 2019
------------------ testing $PTII/ptolemy/domains/de/test/auto/ResettableTimer4.xml
auto.tcl: Setting watchdog for 200 seconds at Sat Jul 20 22:39:47 UTC 2019
1 ms. Memory: 48128K Free: 30581K (64%)
ptolemy.util.test.WatchDog.cancel(): canceling Sat Jul 20 22:39:47 UTC 2019
auto.tcl: Setting watchdog for 200 seconds at Sat Jul 20 22:39:47 UTC 2019
1 ms. Memory: 48128K Free: 30542K (63%)
ptolemy.util.test.WatchDog.cancel(): canceling Sat Jul 20 22:39:47 UTC 2019
------------------ testing $PTII/ptolemy/domains/de/test/auto/ResettableTimer5.xml
auto.tcl: Setting watchdog for 200 seconds at Sat Jul 20 22:39:47 UTC 2019
2 ms. Memory: 48128K Free: 30012K (62%)
ptolemy.util.test.WatchDog.cancel(): canceling Sat Jul 20 22:39:47 UTC 2019
auto.tcl: Setting watchdog for 200 seconds at Sat Jul 20 22:39:47 UTC 2019
2 ms. Memory: 48128K Free: 29555K (61%)
ptolemy.util.test.WatchDog.cancel(): canceling Sat Jul 20 22:39:47 UTC 2019
------------------ testing $PTII/ptolemy/domains/de/test/auto/ResettableTimer6.xml
auto.tcl: Setting watchdog for 200 seconds at Sat Jul 20 22:39:47 UTC 2019
3 ms. Memory: 48128K Free: 30017K (62%)
ptolemy.util.test.WatchDog.cancel(): canceling Sat Jul 20 22:39:47 UTC 2019
auto.tcl: Setting watchdog for 200 seconds at Sat Jul 20 22:39:47 UTC 2019
2 ms. Memory: 48128K Free: 29528K (61%)
ptolemy.util.test.WatchDog.cancel(): canceling Sat Jul 20 22:39:47 UTC 2019
------------------ testing $PTII/ptolemy/domains/de/test/auto/ServerZeroDelay.xml
auto.tcl: Setting watchdog for 200 seconds at Sat Jul 20 22:39:47 UTC 2019
3 ms. Memory: 48128K Free: 30521K (63%)
ptolemy.util.test.WatchDog.cancel(): canceling Sat Jul 20 22:39:47 UTC 2019
auto.tcl: Setting watchdog for 200 seconds at Sat Jul 20 22:39:47 UTC 2019
2 ms. Memory: 48128K Free: 29606K (62%)
ptolemy.util.test.WatchDog.cancel(): canceling Sat Jul 20 22:39:47 UTC 2019
------------------ testing $PTII/ptolemy/domains/de/test/auto/SmartSender.xml
auto.tcl: Setting watchdog for 200 seconds at Sat Jul 20 22:39:47 UTC 2019
3002 ms. Memory: 48128K Free: 30555K (63%)
ptolemy.util.test.WatchDog.cancel(): canceling Sat Jul 20 22:39:50 UTC 2019
auto.tcl: Setting watchdog for 200 seconds at Sat Jul 20 22:39:50 UTC 2019
3001 ms. Memory: 48128K Free: 30057K (62%)
ptolemy.util.test.WatchDog.cancel(): canceling Sat Jul 20 22:39:53 UTC 2019
------------------ testing $PTII/ptolemy/domains/de/test/auto/ThreadedComposite.xml
auto.tcl: Setting watchdog for 200 seconds at Sat Jul 20 22:39:54 UTC 2019
233 ms. Memory: 48128K Free: 12098K (25%)
ptolemy.util.test.WatchDog.cancel(): canceling Sat Jul 20 22:39:54 UTC 2019
auto.tcl: Setting watchdog for 200 seconds at Sat Jul 20 22:39:54 UTC 2019
133 ms. Memory: 58368K Free: 36974K (63%)
ptolemy.util.test.WatchDog.cancel(): canceling Sat Jul 20 22:39:54 UTC 2019
------------------ testing $PTII/ptolemy/domains/de/test/auto/Time.xml
auto.tcl: Setting watchdog for 200 seconds at Sat Jul 20 22:39:54 UTC 2019
539 ms. Memory: 51200K Free: 10900K (21%)
ptolemy.util.test.WatchDog.cancel(): canceling Sat Jul 20 22:39:55 UTC 2019
auto.tcl: Setting watchdog for 200 seconds at Sat Jul 20 22:39:55 UTC 2019
487 ms. Memory: 51200K Free: 16453K (32%)
ptolemy.util.test.WatchDog.cancel(): canceling Sat Jul 20 22:39:55 UTC 2019
------------------ testing $PTII/ptolemy/domains/de/test/auto/TimeDelayZeroDelay.xml
auto.tcl: Setting watchdog for 200 seconds at Sat Jul 20 22:39:55 UTC 2019
2 ms. Memory: 48128K Free: 30948K (64%)
ptolemy.util.test.WatchDog.cancel(): canceling Sat Jul 20 22:39:55 UTC 2019
auto.tcl: Setting watchdog for 200 seconds at Sat Jul 20 22:39:55 UTC 2019
1 ms. Memory: 48128K Free: 30046K (62%)
ptolemy.util.test.WatchDog.cancel(): canceling Sat Jul 20 22:39:55 UTC 2019
------------------ testing $PTII/ptolemy/domains/de/test/auto/TimerZeroDelay.xml
auto.tcl: Setting watchdog for 200 seconds at Sat Jul 20 22:39:55 UTC 2019
3 ms. Memory: 48128K Free: 30925K (64%)
ptolemy.util.test.WatchDog.cancel(): canceling Sat Jul 20 22:39:55 UTC 2019
auto.tcl: Setting watchdog for 200 seconds at Sat Jul 20 22:39:55 UTC 2019
2 ms. Memory: 48128K Free: 30486K (63%)
ptolemy.util.test.WatchDog.cancel(): canceling Sat Jul 20 22:39:55 UTC 2019
------------------ testing $PTII/ptolemy/domains/de/test/auto/TimingParadox.xml
auto.tcl: Setting watchdog for 200 seconds at Sat Jul 20 22:39:55 UTC 2019
386 ms. Memory: 48128K Free: 14727K (31%)
ptolemy.util.test.WatchDog.cancel(): canceling Sat Jul 20 22:39:56 UTC 2019
auto.tcl: Setting watchdog for 200 seconds at Sat Jul 20 22:39:56 UTC 2019
371 ms. Memory: 48128K Free: 27904K (58%)
ptolemy.util.test.WatchDog.cancel(): canceling Sat Jul 20 22:39:56 UTC 2019
------------------ testing $PTII/ptolemy/domains/de/test/auto/TransferInputs.xml
auto.tcl: Setting watchdog for 200 seconds at Sat Jul 20 22:39:56 UTC 2019
2 ms. Memory: 48128K Free: 28966K (60%)
ptolemy.util.test.WatchDog.cancel(): canceling Sat Jul 20 22:39:56 UTC 2019
auto.tcl: Setting watchdog for 200 seconds at Sat Jul 20 22:39:56 UTC 2019
2 ms. Memory: 48128K Free: 28110K (58%)
ptolemy.util.test.WatchDog.cancel(): canceling Sat Jul 20 22:39:56 UTC 2019
------------------ testing $PTII/ptolemy/domains/de/test/auto/TransferOutputs2.xml
auto.tcl: Setting watchdog for 200 seconds at Sat Jul 20 22:39:56 UTC 2019
3 ms. Memory: 48128K Free: 26394K (55%)
ptolemy.util.test.WatchDog.cancel(): canceling Sat Jul 20 22:39:56 UTC 2019
auto.tcl: Setting watchdog for 200 seconds at Sat Jul 20 22:39:56 UTC 2019
4 ms. Memory: 48128K Free: 24994K (52%)
ptolemy.util.test.WatchDog.cancel(): canceling Sat Jul 20 22:39:56 UTC 2019
------------------ testing $PTII/ptolemy/domains/de/test/auto/Trilateration.xml
auto.tcl: Setting watchdog for 200 seconds at Sat Jul 20 22:39:56 UTC 2019
13721 ms. Memory: 433152K Free: 161369K (37%)
ptolemy.util.test.WatchDog.cancel(): canceling Sat Jul 20 22:40:11 UTC 2019
auto.tcl: Setting watchdog for 200 seconds at Sat Jul 20 22:40:11 UTC 2019
11240 ms. Memory: 433152K Free: 368030K (85%)
ptolemy.util.test.WatchDog.cancel(): canceling Sat Jul 20 22:40:22 UTC 2019
------------------ testing $PTII/ptolemy/domains/de/test/auto/TwoSigmaDelta.xml
auto.tcl: Setting watchdog for 200 seconds at Sat Jul 20 22:40:23 UTC 2019
2593 ms. Memory: 89088K Free: 28666K (32%)
ptolemy.util.test.WatchDog.cancel(): canceling Sat Jul 20 22:40:25 UTC 2019
auto.tcl: Setting watchdog for 200 seconds at Sat Jul 20 22:40:25 UTC 2019
2187 ms. Memory: 89088K Free: 28130K (32%)
ptolemy.util.test.WatchDog.cancel(): canceling Sat Jul 20 22:40:27 UTC 2019
------------------ testing $PTII/ptolemy/domains/de/test/auto/VariableDelay.xml
auto.tcl: Setting watchdog for 200 seconds at Sat Jul 20 22:40:27 UTC 2019
3 ms. Memory: 51200K Free: 32523K (64%)
ptolemy.util.test.WatchDog.cancel(): canceling Sat Jul 20 22:40:28 UTC 2019
auto.tcl: Setting watchdog for 200 seconds at Sat Jul 20 22:40:28 UTC 2019
2 ms. Memory: 51200K Free: 31513K (62%)
ptolemy.util.test.WatchDog.cancel(): canceling Sat Jul 20 22:40:28 UTC 2019
------------------ testing $PTII/ptolemy/domains/de/test/auto/VariableDelay2.xml
auto.tcl: Setting watchdog for 200 seconds at Sat Jul 20 22:40:28 UTC 2019
9 ms. Memory: 48128K Free: 30378K (63%)
ptolemy.util.test.WatchDog.cancel(): canceling Sat Jul 20 22:40:28 UTC 2019
auto.tcl: Setting watchdog for 200 seconds at Sat Jul 20 22:40:28 UTC 2019
2 ms. Memory: 48128K Free: 29356K (61%)
ptolemy.util.test.WatchDog.cancel(): canceling Sat Jul 20 22:40:28 UTC 2019
------------------ testing $PTII/ptolemy/domains/de/test/auto/VariableDelayZeroDelay.xml
auto.tcl: Setting watchdog for 200 seconds at Sat Jul 20 22:40:28 UTC 2019
2 ms. Memory: 48128K Free: 30490K (63%)
ptolemy.util.test.WatchDog.cancel(): canceling Sat Jul 20 22:40:28 UTC 2019
auto.tcl: Setting watchdog for 200 seconds at Sat Jul 20 22:40:28 UTC 2019
2 ms. Memory: 48128K Free: 29870K (62%)
ptolemy.util.test.WatchDog.cancel(): canceling Sat Jul 20 22:40:28 UTC 2019
------------------ testing $PTII/ptolemy/domains/de/test/auto/VariableDelayZeroDelay2.xml
auto.tcl: Setting watchdog for 200 seconds at Sat Jul 20 22:40:28 UTC 2019
2 ms. Memory: 48128K Free: 30292K (63%)
ptolemy.util.test.WatchDog.cancel(): canceling Sat Jul 20 22:40:28 UTC 2019
auto.tcl: Setting watchdog for 200 seconds at Sat Jul 20 22:40:28 UTC 2019
2 ms. Memory: 48128K Free: 29294K (61%)
ptolemy.util.test.WatchDog.cancel(): canceling Sat Jul 20 22:40:28 UTC 2019
------------------ testing $PTII/ptolemy/domains/de/test/auto/deInCt.xml
auto.tcl: Setting watchdog for 200 seconds at Sat Jul 20 22:40:28 UTC 2019
0
1
1
1
1
0
0
0
0
0
0
0
1
1
1
0
0
1
1
1
1
1
0
0
0
13 ms. Memory: 48128K Free: 29265K (61%)
ptolemy.util.test.WatchDog.cancel(): canceling Sat Jul 20 22:40:28 UTC 2019
auto.tcl: Setting watchdog for 200 seconds at Sat Jul 20 22:40:28 UTC 2019
0
1
1
1
0
0
0
1
1
1
0
0
0
1
1
1
0
0
0
1
1
1
0
0
0
0
1
1
1
1
0
0
0
1
1
1
1
1
1
1
10 ms. Memory: 48128K Free: 27767K (58%)
ptolemy.util.test.WatchDog.cancel(): canceling Sat Jul 20 22:40:28 UTC 2019
------------------ testing $PTII/ptolemy/domains/de/test/auto/deInCt2.xml
auto.tcl: Setting watchdog for 200 seconds at Sat Jul 20 22:40:28 UTC 2019
0
1
1
1
0
0
1
1
1
0
0
1
1
1
0
0
1
1
1
0
0
1
1
1
0
0
1
1
1
0
0
1
1
1
0
0
1
1
1
0
0
0
11 ms. Memory: 48128K Free: 29267K (61%)
ptolemy.util.test.WatchDog.cancel(): canceling Sat Jul 20 22:40:28 UTC 2019
auto.tcl: Setting watchdog for 200 seconds at Sat Jul 20 22:40:28 UTC 2019
0
1
1
1
0
0
1
1
1
0
0
1
1
1
0
0
1
1
1
0
0
1
1
1
0
0
1
1
1
0
0
1
1
1
0
0
1
1
1
0
0
0
5 ms. Memory: 48128K Free: 27751K (58%)
ptolemy.util.test.WatchDog.cancel(): canceling Sat Jul 20 22:40:28 UTC 2019
------------------ testing $PTII/ptolemy/domains/de/test/auto/dynamicCausalityInterface1.xml
auto.tcl: Setting watchdog for 200 seconds at Sat Jul 20 22:40:28 UTC 2019
1 ms. Memory: 48128K Free: 24540K (51%)
ptolemy.util.test.WatchDog.cancel(): canceling Sat Jul 20 22:40:28 UTC 2019
auto.tcl: Setting watchdog for 200 seconds at Sat Jul 20 22:40:28 UTC 2019
1 ms. Memory: 48128K Free: 24142K (50%)
ptolemy.util.test.WatchDog.cancel(): canceling Sat Jul 20 22:40:28 UTC 2019
------------------ testing $PTII/ptolemy/domains/de/test/auto/fsm_de_test.xml
auto.tcl: Setting watchdog for 200 seconds at Sat Jul 20 22:40:28 UTC 2019
12 ms. Memory: 48128K Free: 25064K (52%)
ptolemy.util.test.WatchDog.cancel(): canceling Sat Jul 20 22:40:28 UTC 2019
auto.tcl: Setting watchdog for 200 seconds at Sat Jul 20 22:40:28 UTC 2019
6 ms. Memory: 48128K Free: 23048K (48%)
ptolemy.util.test.WatchDog.cancel(): canceling Sat Jul 20 22:40:28 UTC 2019
------------------ testing $PTII/ptolemy/domains/de/test/auto/functionDependencyReconstruction.xml
auto.tcl: Setting watchdog for 200 seconds at Sat Jul 20 22:40:28 UTC 2019
2 ms. Memory: 48128K Free: 18911K (39%)
ptolemy.util.test.WatchDog.cancel(): canceling Sat Jul 20 22:40:28 UTC 2019
auto.tcl: Setting watchdog for 200 seconds at Sat Jul 20 22:40:28 UTC 2019
3 ms. Memory: 48128K Free: 16863K (35%)
ptolemy.util.test.WatchDog.cancel(): canceling Sat Jul 20 22:40:28 UTC 2019
------------------ testing $PTII/ptolemy/domains/de/test/auto/multirate.xml
auto.tcl: Setting watchdog for 200 seconds at Sat Jul 20 22:40:28 UTC 2019
4 ms. Memory: 48128K Free: 27363K (57%)
ptolemy.util.test.WatchDog.cancel(): canceling Sat Jul 20 22:40:28 UTC 2019
auto.tcl: Setting watchdog for 200 seconds at Sat Jul 20 22:40:28 UTC 2019
3 ms. Memory: 48128K Free: 26502K (55%)
ptolemy.util.test.WatchDog.cancel(): canceling Sat Jul 20 22:40:28 UTC 2019
------------------ testing $PTII/ptolemy/domains/de/test/auto/multirate2.xml
auto.tcl: Setting watchdog for 200 seconds at Sat Jul 20 22:40:28 UTC 2019
3 ms. Memory: 48128K Free: 27891K (58%)
ptolemy.util.test.WatchDog.cancel(): canceling Sat Jul 20 22:40:28 UTC 2019
auto.tcl: Setting watchdog for 200 seconds at Sat Jul 20 22:40:28 UTC 2019
3 ms. Memory: 48128K Free: 26202K (54%)
ptolemy.util.test.WatchDog.cancel(): canceling Sat Jul 20 22:40:28 UTC 2019
------------------ testing $PTII/ptolemy/domains/de/test/auto/realtime.xml
auto.tcl: Setting watchdog for 200 seconds at Sat Jul 20 22:40:28 UTC 2019
10002 ms. Memory: 48128K Free: 29954K (62%)
ptolemy.util.test.WatchDog.cancel(): canceling Sat Jul 20 22:40:38 UTC 2019
auto.tcl: Setting watchdog for 200 seconds at Sat Jul 20 22:40:38 UTC 2019
10002 ms. Memory: 48128K Free: 29212K (61%)
ptolemy.util.test.WatchDog.cancel(): canceling Sat Jul 20 22:40:48 UTC 2019
------------------ testing $PTII/ptolemy/domains/de/test/auto/relationGroup.xml
auto.tcl: Setting watchdog for 200 seconds at Sat Jul 20 22:40:48 UTC 2019
3 ms. Memory: 48128K Free: 31048K (65%)
ptolemy.util.test.WatchDog.cancel(): canceling Sat Jul 20 22:40:48 UTC 2019
auto.tcl: Setting watchdog for 200 seconds at Sat Jul 20 22:40:48 UTC 2019
2 ms. Memory: 48128K Free: 30292K (63%)
ptolemy.util.test.WatchDog.cancel(): canceling Sat Jul 20 22:40:48 UTC 2019
------------------ testing $PTII/ptolemy/domains/de/test/auto/relationGroup2.xml
auto.tcl: Setting watchdog for 200 seconds at Sat Jul 20 22:40:48 UTC 2019
1 ms. Memory: 48128K Free: 31063K (65%)
ptolemy.util.test.WatchDog.cancel(): canceling Sat Jul 20 22:40:48 UTC 2019
auto.tcl: Setting watchdog for 200 seconds at Sat Jul 20 22:40:49 UTC 2019
1 ms. Memory: 48128K Free: 30317K (63%)
ptolemy.util.test.WatchDog.cancel(): canceling Sat Jul 20 22:40:49 UTC 2019
------------------ testing $PTII/ptolemy/domains/de/test/auto/sortWithOpaquePorts.xml
auto.tcl: Setting watchdog for 200 seconds at Sat Jul 20 22:40:49 UTC 2019
1 ms. Memory: 48128K Free: 29790K (62%)
ptolemy.util.test.WatchDog.cancel(): canceling Sat Jul 20 22:40:49 UTC 2019
auto.tcl: Setting watchdog for 200 seconds at Sat Jul 20 22:40:49 UTC 2019
1 ms. Memory: 48128K Free: 28797K (60%)
ptolemy.util.test.WatchDog.cancel(): canceling Sat Jul 20 22:40:49 UTC 2019
------------------ testing $PTII/ptolemy/domains/de/test/auto/transferInputsandOutputs.xml
auto.tcl: Setting watchdog for 200 seconds at Sat Jul 20 22:40:49 UTC 2019
2 ms. Memory: 48128K Free: 27234K (57%)
ptolemy.util.test.WatchDog.cancel(): canceling Sat Jul 20 22:40:49 UTC 2019
auto.tcl: Setting watchdog for 200 seconds at Sat Jul 20 22:40:49 UTC 2019
2 ms. Memory: 48128K Free: 26255K (55%)
ptolemy.util.test.WatchDog.cancel(): canceling Sat Jul 20 22:40:49 UTC 2019
------------------ testing $PTII/ptolemy/domains/de/test/auto/triggerType.xml
auto.tcl: Setting watchdog for 200 seconds at Sat Jul 20 22:40:49 UTC 2019
1 ms. Memory: 48128K Free: 30259K (63%)
ptolemy.util.test.WatchDog.cancel(): canceling Sat Jul 20 22:40:49 UTC 2019
auto.tcl: Setting watchdog for 200 seconds at Sat Jul 20 22:40:49 UTC 2019
1 ms. Memory: 48128K Free: 29296K (61%)
ptolemy.util.test.WatchDog.cancel(): canceling Sat Jul 20 22:40:49 UTC 2019
07/20/19 10:40:49
Failed: 0  Total Tests: 192  ((Passed: 187, Newly Passed: 1)  Known Failed: 5) /home/travis/build/icyphy/ptII/ptolemy/domains/de/test
07/20/19 10:40:49
Failed: 0  Total Tests: 192  ((Passed: 187, Newly Passed: 1)  Known Failed: 5) /home/travis/build/icyphy/ptII/ptolemy/domains/de/test
----------------- testing (KnownFailure) /home/travis/build/icyphy/ptII/ptolemy/domains/de/test/auto/knownFailedTests/DESDFClockTest.xml
2011 ms. Memory: 48128K Free: 23650K (49%)
Known Failure: java.lang.reflect.InvocationTargetException
----------------- testing (KnownFailure) /home/travis/build/icyphy/ptII/ptolemy/domains/de/test/auto/knownFailedTests/DirectFeedback.xml
1 ms. Memory: 48128K Free: 20071K (42%)
Known Failure: java.lang.reflect.InvocationTargetException
----------------- testing (KnownFailure) /home/travis/build/icyphy/ptII/ptolemy/domains/de/test/auto/knownFailedTests/FSMSource.xml
4 ms. Memory: 48128K Free: 12389K (26%)
----------------- testing (KnownFailure) /home/travis/build/icyphy/ptII/ptolemy/domains/de/test/auto/knownFailedTests/HierarchicalModel.xml
2 ms. Memory: 48128K Free: 22313K (46%)
Known Failure: java.lang.reflect.InvocationTargetException
----------------- testing (KnownFailure) /home/travis/build/icyphy/ptII/ptolemy/domains/de/test/auto/knownFailedTests/dependencyLoop.xml
11 ms. Memory: 48128K Free: 33071K (69%)
Known Failure: java.lang.reflect.InvocationTargetException
----------------- testing (KnownFailure) /home/travis/build/icyphy/ptII/ptolemy/domains/de/test/auto/knownFailedTests/dependencyLoop2.xml
7 ms. Memory: 48128K Free: 17951K (37%)
Known Failure: java.lang.reflect.InvocationTargetException
No auto/linux-amd64/*.xml tests in /home/travis/build/icyphy/ptII/ptolemy/domains/de/test
AutoTests.java: About to close Vertx.
AutoTests.java: Vertx closed.

===========================================================================================
----------------- testing Sat Jul 20 22:40:51 UTC 2019 /home/travis/build/icyphy/ptII/ptolemy/domains/de/test/auto/ActorDepthCalculation_actorWithoutPorts.xml
----------------- Instantiating /home/travis/build/icyphy/ptII/ptolemy/domains/de/test/auto/ActorDepthCalculation_actorWithoutPorts.xml
2 ms. Memory: 48128K Free: 11751K (24%)
----------------- Invoking toplevel() on ptolemy.moml.MoMLSimpleApplication@a7b390d
----------------- Done invoking toplevel() on ptolemy.moml.MoMLSimpleApplication@a7b390d
reloadAllAccessors: .ActorDepthCalculation_actorWithoutPorts

===========================================================================================
----------------- testing Sat Jul 20 22:40:51 UTC 2019 /home/travis/build/icyphy/ptII/ptolemy/domains/de/test/auto/AssemblyLine.xml
----------------- Instantiating /home/travis/build/icyphy/ptII/ptolemy/domains/de/test/auto/AssemblyLine.xml
3 ms. Memory: 48128K Free: 30584K (64%)
----------------- Invoking toplevel() on ptolemy.moml.MoMLSimpleApplication@658bd189
----------------- Done invoking toplevel() on ptolemy.moml.MoMLSimpleApplication@658bd189
reloadAllAccessors: .AssemblyLine

===========================================================================================
----------------- testing Sat Jul 20 22:40:51 UTC 2019 /home/travis/build/icyphy/ptII/ptolemy/domains/de/test/auto/CQBug1.xml
----------------- Instantiating /home/travis/build/icyphy/ptII/ptolemy/domains/de/test/auto/CQBug1.xml
1 ms. Memory: 48128K Free: 27705K (58%)
----------------- Invoking toplevel() on ptolemy.moml.MoMLSimpleApplication@4a76024f
----------------- Done invoking toplevel() on ptolemy.moml.MoMLSimpleApplication@4a76024f
reloadAllAccessors: .CQBug1

===========================================================================================
----------------- testing Sat Jul 20 22:40:51 UTC 2019 /home/travis/build/icyphy/ptII/ptolemy/domains/de/test/auto/CancelFireAt.xml
----------------- Instantiating /home/travis/build/icyphy/ptII/ptolemy/domains/de/test/auto/CancelFireAt.xml
1 ms. Memory: 48128K Free: 25278K (53%)
----------------- Invoking toplevel() on ptolemy.moml.MoMLSimpleApplication@572d83a1
----------------- Done invoking toplevel() on ptolemy.moml.MoMLSimpleApplication@572d83a1
reloadAllAccessors: .CancelFireAt

===========================================================================================
----------------- testing Sat Jul 20 22:40:51 UTC 2019 /home/travis/build/icyphy/ptII/ptolemy/domains/de/test/auto/CausalityAndComposabilityAnalysis.xml
----------------- Instantiating /home/travis/build/icyphy/ptII/ptolemy/domains/de/test/auto/CausalityAndComposabilityAnalysis.xml
9 ms. Memory: 48128K Free: 21174K (44%)
----------------- Invoking toplevel() on ptolemy.moml.MoMLSimpleApplication@29c7bd3f
----------------- Done invoking toplevel() on ptolemy.moml.MoMLSimpleApplication@29c7bd3f
reloadAllAccessors: .CausalityAndComposabilityAnalysis

===========================================================================================
----------------- testing Sat Jul 20 22:40:51 UTC 2019 /home/travis/build/icyphy/ptII/ptolemy/domains/de/test/auto/CausalityInterface1.xml
----------------- Instantiating /home/travis/build/icyphy/ptII/ptolemy/domains/de/test/auto/CausalityInterface1.xml
3 ms. Memory: 48128K Free: 16270K (34%)
----------------- Invoking toplevel() on ptolemy.moml.MoMLSimpleApplication@2bcc3121
----------------- Done invoking toplevel() on ptolemy.moml.MoMLSimpleApplication@2bcc3121
reloadAllAccessors: .CausalityInterface1

===========================================================================================
----------------- testing Sat Jul 20 22:40:51 UTC 2019 /home/travis/build/icyphy/ptII/ptolemy/domains/de/test/auto/CausalityInterface15.xml
----------------- Instantiating /home/travis/build/icyphy/ptII/ptolemy/domains/de/test/auto/CausalityInterface15.xml
2 ms. Memory: 48128K Free: 10779K (22%)
----------------- Invoking toplevel() on ptolemy.moml.MoMLSimpleApplication@525589f8
----------------- Done invoking toplevel() on ptolemy.moml.MoMLSimpleApplication@525589f8
reloadAllAccessors: .CausalityInterface15

===========================================================================================
----------------- testing Sat Jul 20 22:40:51 UTC 2019 /home/travis/build/icyphy/ptII/ptolemy/domains/de/test/auto/CausalityInterface2.xml
----------------- Instantiating /home/travis/build/icyphy/ptII/ptolemy/domains/de/test/auto/CausalityInterface2.xml
3 ms. Memory: 48128K Free: 31840K (66%)
[...]
	at ptolemy.actor.Manager.run(Manager.java:1263)
	at ptolemy.actor.Manager$PtolemyRunThread.run(Manager.java:1933)
java.lang.RuntimeException: Execution failed
	at ptolemy.moml.MoMLSimpleApplication$UnloadThread.run(MoMLSimpleApplication.java:402)
Caused by: ptolemy.kernel.util.IllegalActionException: Actor is not ready to fire.  Perhaps UpSample.prefire() returned false? Try debugging the actor by selecting "Listen to Actor".  Also, for SDF check moml for tokenConsumptionRate on input.
  in .DESDFClockTest.Play Bell.Copy1:SDF Director and .DESDFClockTest.Play Bell.UpSample
	at ptolemy.actor.sched.StaticSchedulingDirector.fire(StaticSchedulingDirector.java:227)
	at ptolemy.domains.sdf.kernel.SDFDirector.fire(SDFDirector.java:500)
	at ptolemy.actor.CompositeActor.fire(CompositeActor.java:455)
	at ptolemy.domains.de.kernel.DEDirector._fire(DEDirector.java:1949)
	at ptolemy.domains.de.kernel.DEDirector.fire(DEDirector.java:502)
	at ptolemy.actor.CompositeActor.fire(CompositeActor.java:455)
	at ptolemy.actor.Manager.iterate(Manager.java:851)
	at ptolemy.actor.Manager.execute(Manager.java:369)
	at ptolemy.actor.Manager.run(Manager.java:1263)
	at ptolemy.actor.Manager$PtolemyRunThread.run(Manager.java:1933)
java.lang.reflect.InvocationTargetException
	at java.base/jdk.internal.reflect.NativeConstructorAccessorImpl.newInstance0(Native Method)
	at java.base/jdk.internal.reflect.NativeConstructorAccessorImpl.newInstance(NativeConstructorAccessorImpl.java:62)
	at java.base/jdk.internal.reflect.DelegatingConstructorAccessorImpl.newInstance(DelegatingConstructorAccessorImpl.java:45)
	at java.base/java.lang.reflect.Constructor.newInstance(Constructor.java:490)
	at ptolemy.util.test.junit.AutoKnownFailedTests.RunModel(AutoKnownFailedTests.java:105)
	at java.base/jdk.internal.reflect.NativeMethodAccessorImpl.invoke0(Native Method)
	at java.base/jdk.internal.reflect.NativeMethodAccessorImpl.invoke(NativeMethodAccessorImpl.java:62)
	at java.base/jdk.internal.reflect.DelegatingMethodAccessorImpl.invoke(DelegatingMethodAccessorImpl.java:43)
	at java.base/java.lang.reflect.Method.invoke(Method.java:566)
	at org.junit.runners.model.FrameworkMethod$1.runReflectiveCall(FrameworkMethod.java:44)
	at org.junit.internal.runners.model.ReflectiveCallable.run(ReflectiveCallable.java:15)
	at org.junit.runners.model.FrameworkMethod.invokeExplosively(FrameworkMethod.java:41)
	at junitparams.internal.InvokeParameterisedMethod.evaluate(InvokeParameterisedMethod.java:102)
	at org.junit.internal.runners.statements.FailOnTimeout$1.run(FailOnTimeout.java:28)
Caused by: ptolemy.kernel.util.IllegalActionException: Actor is not ready to fire.  Perhaps UpSample.prefire() returned false? Try debugging the actor by selecting "Listen to Actor".  Also, for SDF check moml for tokenConsumptionRate on input.
  in .DESDFClockTest.Play Bell.Copy1:SDF Director and .DESDFClockTest.Play Bell.UpSample
	at ptolemy.actor.sched.StaticSchedulingDirector.fire(StaticSchedulingDirector.java:227)
	at ptolemy.domains.sdf.kernel.SDFDirector.fire(SDFDirector.java:500)
	at ptolemy.actor.CompositeActor.fire(CompositeActor.java:455)
	at ptolemy.domains.de.kernel.DEDirector._fire(DEDirector.java:1949)
	at ptolemy.domains.de.kernel.DEDirector.fire(DEDirector.java:502)
	at ptolemy.actor.CompositeActor.fire(CompositeActor.java:455)
	at ptolemy.actor.Manager.iterate(Manager.java:851)
	at ptolemy.actor.Manager.execute(Manager.java:369)
	at ptolemy.actor.Manager.run(Manager.java:1263)
	at ptolemy.actor.Manager$PtolemyRunThread.run(Manager.java:1933)
java.lang.RuntimeException: Execution failed
	at ptolemy.moml.MoMLSimpleApplication$UnloadThread.run(MoMLSimpleApplication.java:402)
Caused by: ptolemy.kernel.util.IllegalActionException: Test fails in iteration 1.
Value was: 1.0. Should have been: 2.0
  in .DirectFeedback.Test
	at ptolemy.actor.lib.Test.fire(Test.java:268)
	at ptolemy.domains.de.kernel.DEDirector._fire(DEDirector.java:1949)
	at ptolemy.domains.de.kernel.DEDirector.fire(DEDirector.java:502)
	at ptolemy.actor.CompositeActor.fire(CompositeActor.java:455)
	at ptolemy.actor.Manager.iterate(Manager.java:851)
	at ptolemy.actor.Manager.execute(Manager.java:369)
	at ptolemy.actor.Manager.run(Manager.java:1263)
	at ptolemy.actor.Manager$PtolemyRunThread.run(Manager.java:1933)
java.lang.reflect.InvocationTargetException
	at java.base/jdk.internal.reflect.NativeConstructorAccessorImpl.newInstance0(Native Method)
	at java.base/jdk.internal.reflect.NativeConstructorAccessorImpl.newInstance(NativeConstructorAccessorImpl.java:62)
	at java.base/jdk.internal.reflect.DelegatingConstructorAccessorImpl.newInstance(DelegatingConstructorAccessorImpl.java:45)
	at java.base/java.lang.reflect.Constructor.newInstance(Constructor.java:490)
	at ptolemy.util.test.junit.AutoKnownFailedTests.RunModel(AutoKnownFailedTests.java:105)
	at java.base/jdk.internal.reflect.NativeMethodAccessorImpl.invoke0(Native Method)
	at java.base/jdk.internal.reflect.NativeMethodAccessorImpl.invoke(NativeMethodAccessorImpl.java:62)
	at java.base/jdk.internal.reflect.DelegatingMethodAccessorImpl.invoke(DelegatingMethodAccessorImpl.java:43)
	at java.base/java.lang.reflect.Method.invoke(Method.java:566)
	at org.junit.runners.model.FrameworkMethod$1.runReflectiveCall(FrameworkMethod.java:44)
	at org.junit.internal.runners.model.ReflectiveCallable.run(ReflectiveCallable.java:15)
	at org.junit.runners.model.FrameworkMethod.invokeExplosively(FrameworkMethod.java:41)
	at junitparams.internal.InvokeParameterisedMethod.evaluate(InvokeParameterisedMethod.java:102)
	at org.junit.internal.runners.statements.FailOnTimeout$1.run(FailOnTimeout.java:28)
Caused by: ptolemy.kernel.util.IllegalActionException: Test fails in iteration 1.
Value was: 1.0. Should have been: 2.0
  in .DirectFeedback.Test
	at ptolemy.actor.lib.Test.fire(Test.java:268)
	at ptolemy.domains.de.kernel.DEDirector._fire(DEDirector.java:1949)
	at ptolemy.domains.de.kernel.DEDirector.fire(DEDirector.java:502)
	at ptolemy.actor.CompositeActor.fire(CompositeActor.java:455)
	at ptolemy.actor.Manager.iterate(Manager.java:851)
	at ptolemy.actor.Manager.execute(Manager.java:369)
	at ptolemy.actor.Manager.run(Manager.java:1263)
	at ptolemy.actor.Manager$PtolemyRunThread.run(Manager.java:1933)
java.lang.RuntimeException: Execution failed
	at ptolemy.moml.MoMLSimpleApplication$UnloadThread.run(MoMLSimpleApplication.java:402)
Caused by: ptolemy.kernel.util.IllegalActionException: Found a zero delay loop containing .HierarchicalModel.A
  in .HierarchicalModel and .HierarchicalModel.A
	at ptolemy.actor.util.CausalityInterfaceForComposites._computeOutputPortDepth(CausalityInterfaceForComposites.java:759)
	at ptolemy.actor.util.CausalityInterfaceForComposites._computeInputDepth(CausalityInterfaceForComposites.java:696)
	at ptolemy.actor.util.CausalityInterfaceForComposites._computeOutputPortDepth(CausalityInterfaceForComposites.java:765)
	at ptolemy.actor.util.CausalityInterfaceForComposites._computeInputDepth(CausalityInterfaceForComposites.java:696)
	at ptolemy.actor.util.CausalityInterfaceForComposites._computeOutputPortDepth(CausalityInterfaceForComposites.java:765)
	at ptolemy.actor.util.CausalityInterfaceForComposites._computeInputDepth(CausalityInterfaceForComposites.java:696)
	at ptolemy.actor.util.CausalityInterfaceForComposites._computeActorDepth(CausalityInterfaceForComposites.java:532)
	at ptolemy.actor.util.CausalityInterfaceForComposites.checkForCycles(CausalityInterfaceForComposites.java:96)
	at ptolemy.domains.de.kernel.DEDirector.preinitialize(DEDirector.java:1338)
	at ptolemy.actor.CompositeActor.preinitialize(CompositeActor.java:1828)
	at ptolemy.actor.Manager.preinitializeAndResolveTypes(Manager.java:1040)
	at ptolemy.actor.Manager.initialize(Manager.java:710)
	at ptolemy.actor.Manager.execute(Manager.java:356)
	at ptolemy.actor.Manager.run(Manager.java:1263)
	at ptolemy.actor.Manager$PtolemyRunThread.run(Manager.java:1933)
java.lang.reflect.InvocationTargetException
	at java.base/jdk.internal.reflect.NativeConstructorAccessorImpl.newInstance0(Native Method)
	at java.base/jdk.internal.reflect.NativeConstructorAccessorImpl.newInstance(NativeConstructorAccessorImpl.java:62)
	at java.base/jdk.internal.reflect.DelegatingConstructorAccessorImpl.newInstance(DelegatingConstructorAccessorImpl.java:45)
	at java.base/java.lang.reflect.Constructor.newInstance(Constructor.java:490)
	at ptolemy.util.test.junit.AutoKnownFailedTests.RunModel(AutoKnownFailedTests.java:105)
	at java.base/jdk.internal.reflect.NativeMethodAccessorImpl.invoke0(Native Method)
	at java.base/jdk.internal.reflect.NativeMethodAccessorImpl.invoke(NativeMethodAccessorImpl.java:62)
	at java.base/jdk.internal.reflect.DelegatingMethodAccessorImpl.invoke(DelegatingMethodAccessorImpl.java:43)
	at java.base/java.lang.reflect.Method.invoke(Method.java:566)
	at org.junit.runners.model.FrameworkMethod$1.runReflectiveCall(FrameworkMethod.java:44)
	at org.junit.internal.runners.model.ReflectiveCallable.run(ReflectiveCallable.java:15)
	at org.junit.runners.model.FrameworkMethod.invokeExplosively(FrameworkMethod.java:41)
	at junitparams.internal.InvokeParameterisedMethod.evaluate(InvokeParameterisedMethod.java:102)
	at org.junit.internal.runners.statements.FailOnTimeout$1.run(FailOnTimeout.java:28)
Caused by: ptolemy.kernel.util.IllegalActionException: Found a zero delay loop containing .HierarchicalModel.A
  in .HierarchicalModel and .HierarchicalModel.A
	at ptolemy.actor.util.CausalityInterfaceForComposites._computeOutputPortDepth(CausalityInterfaceForComposites.java:759)
	at ptolemy.actor.util.CausalityInterfaceForComposites._computeInputDepth(CausalityInterfaceForComposites.java:696)
	at ptolemy.actor.util.CausalityInterfaceForComposites._computeOutputPortDepth(CausalityInterfaceForComposites.java:765)
	at ptolemy.actor.util.CausalityInterfaceForComposites._computeInputDepth(CausalityInterfaceForComposites.java:696)
	at ptolemy.actor.util.CausalityInterfaceForComposites._computeOutputPortDepth(CausalityInterfaceForComposites.java:765)
	at ptolemy.actor.util.CausalityInterfaceForComposites._computeInputDepth(CausalityInterfaceForComposites.java:696)
	at ptolemy.actor.util.CausalityInterfaceForComposites._computeActorDepth(CausalityInterfaceForComposites.java:532)
	at ptolemy.actor.util.CausalityInterfaceForComposites.checkForCycles(CausalityInterfaceForComposites.java:96)
	at ptolemy.domains.de.kernel.DEDirector.preinitialize(DEDirector.java:1338)
	at ptolemy.actor.CompositeActor.preinitialize(CompositeActor.java:1828)
	at ptolemy.actor.Manager.preinitializeAndResolveTypes(Manager.java:1040)
	at ptolemy.actor.Manager.initialize(Manager.java:710)
	at ptolemy.actor.Manager.execute(Manager.java:356)
	at ptolemy.actor.Manager.run(Manager.java:1263)
	at ptolemy.actor.Manager$PtolemyRunThread.run(Manager.java:1933)
java.lang.RuntimeException: Execution failed
	at ptolemy.moml.MoMLSimpleApplication$UnloadThread.run(MoMLSimpleApplication.java:402)
Caused by: ptolemy.kernel.util.IllegalActionException: Found a zero delay loop containing .dependencyLoop.original
  in .dependencyLoop and .dependencyLoop.original
	at ptolemy.actor.util.CausalityInterfaceForComposites._computeOutputPortDepth(CausalityInterfaceForComposites.java:759)
	at ptolemy.actor.util.CausalityInterfaceForComposites._computeInputDepth(CausalityInterfaceForComposites.java:696)
	at ptolemy.actor.util.CausalityInterfaceForComposites._computeOutputPortDepth(CausalityInterfaceForComposites.java:765)
	at ptolemy.actor.util.CausalityInterfaceForComposites._computeInputDepth(CausalityInterfaceForComposites.java:696)
	at ptolemy.actor.util.CausalityInterfaceForComposites._computeOutputPortDepth(CausalityInterfaceForComposites.java:765)
	at ptolemy.actor.util.CausalityInterfaceForComposites._computeInputDepth(CausalityInterfaceForComposites.java:696)
	at ptolemy.actor.util.CausalityInterfaceForComposites._computeActorDepth(CausalityInterfaceForComposites.java:532)
	at ptolemy.actor.util.CausalityInterfaceForComposites.checkForCycles(CausalityInterfaceForComposites.java:96)
	at ptolemy.domains.de.kernel.DEDirector.preinitialize(DEDirector.java:1338)
	at ptolemy.actor.CompositeActor.preinitialize(CompositeActor.java:1828)
	at ptolemy.actor.Manager.preinitializeAndResolveTypes(Manager.java:1040)
	at ptolemy.actor.Manager.initialize(Manager.java:710)
	at ptolemy.actor.Manager.execute(Manager.java:356)
	at ptolemy.actor.Manager.run(Manager.java:1263)
	at ptolemy.actor.Manager$PtolemyRunThread.run(Manager.java:1933)
java.lang.reflect.InvocationTargetException
	at java.base/jdk.internal.reflect.NativeConstructorAccessorImpl.newInstance0(Native Method)
	at java.base/jdk.internal.reflect.NativeConstructorAccessorImpl.newInstance(NativeConstructorAccessorImpl.java:62)
	at java.base/jdk.internal.reflect.DelegatingConstructorAccessorImpl.newInstance(DelegatingConstructorAccessorImpl.java:45)
	at java.base/java.lang.reflect.Constructor.newInstance(Constructor.java:490)
	at ptolemy.util.test.junit.AutoKnownFailedTests.RunModel(AutoKnownFailedTests.java:105)
	at java.base/jdk.internal.reflect.NativeMethodAccessorImpl.invoke0(Native Method)
	at java.base/jdk.internal.reflect.NativeMethodAccessorImpl.invoke(NativeMethodAccessorImpl.java:62)
	at java.base/jdk.internal.reflect.DelegatingMethodAccessorImpl.invoke(DelegatingMethodAccessorImpl.java:43)
	at java.base/java.lang.reflect.Method.invoke(Method.java:566)
	at org.junit.runners.model.FrameworkMethod$1.runReflectiveCall(FrameworkMethod.java:44)
	at org.junit.internal.runners.model.ReflectiveCallable.run(ReflectiveCallable.java:15)
	at org.junit.runners.model.FrameworkMethod.invokeExplosively(FrameworkMethod.java:41)
	at junitparams.internal.InvokeParameterisedMethod.evaluate(InvokeParameterisedMethod.java:102)
	at org.junit.internal.runners.statements.FailOnTimeout$1.run(FailOnTimeout.java:28)
Caused by: ptolemy.kernel.util.IllegalActionException: Found a zero delay loop containing .dependencyLoop.original
  in .dependencyLoop and .dependencyLoop.original
	at ptolemy.actor.util.CausalityInterfaceForComposites._computeOutputPortDepth(CausalityInterfaceForComposites.java:759)
	at ptolemy.actor.util.CausalityInterfaceForComposites._computeInputDepth(CausalityInterfaceForComposites.java:696)
	at ptolemy.actor.util.CausalityInterfaceForComposites._computeOutputPortDepth(CausalityInterfaceForComposites.java:765)
	at ptolemy.actor.util.CausalityInterfaceForComposites._computeInputDepth(CausalityInterfaceForComposites.java:696)
	at ptolemy.actor.util.CausalityInterfaceForComposites._computeOutputPortDepth(CausalityInterfaceForComposites.java:765)
	at ptolemy.actor.util.CausalityInterfaceForComposites._computeInputDepth(CausalityInterfaceForComposites.java:696)
	at ptolemy.actor.util.CausalityInterfaceForComposites._computeActorDepth(CausalityInterfaceForComposites.java:532)
	at ptolemy.actor.util.CausalityInterfaceForComposites.checkForCycles(CausalityInterfaceForComposites.java:96)
	at ptolemy.domains.de.kernel.DEDirector.preinitialize(DEDirector.java:1338)
	at ptolemy.actor.CompositeActor.preinitialize(CompositeActor.java:1828)
	at ptolemy.actor.Manager.preinitializeAndResolveTypes(Manager.java:1040)
	at ptolemy.actor.Manager.initialize(Manager.java:710)
	at ptolemy.actor.Manager.execute(Manager.java:356)
	at ptolemy.actor.Manager.run(Manager.java:1263)
	at ptolemy.actor.Manager$PtolemyRunThread.run(Manager.java:1933)
java.lang.RuntimeException: Execution failed
	at ptolemy.moml.MoMLSimpleApplication$UnloadThread.run(MoMLSimpleApplication.java:402)
Caused by: ptolemy.kernel.util.IllegalActionException: Found a zero delay loop containing .dependencyLoop2.original
  in .dependencyLoop2 and .dependencyLoop2.original
	at ptolemy.actor.util.CausalityInterfaceForComposites._computeOutputPortDepth(CausalityInterfaceForComposites.java:759)
	at ptolemy.actor.util.CausalityInterfaceForComposites._computeInputDepth(CausalityInterfaceForComposites.java:696)
	at ptolemy.actor.util.CausalityInterfaceForComposites._computeOutputPortDepth(CausalityInterfaceForComposites.java:765)
	at ptolemy.actor.util.CausalityInterfaceForComposites._computeInputDepth(CausalityInterfaceForComposites.java:696)
	at ptolemy.actor.util.CausalityInterfaceForComposites._computeOutputPortDepth(CausalityInterfaceForComposites.java:765)
	at ptolemy.actor.util.CausalityInterfaceForComposites._computeInputDepth(CausalityInterfaceForComposites.java:696)
	at ptolemy.actor.util.CausalityInterfaceForComposites._computeActorDepth(CausalityInterfaceForComposites.java:532)
	at ptolemy.actor.util.CausalityInterfaceForComposites.checkForCycles(CausalityInterfaceForComposites.java:96)
	at ptolemy.domains.de.kernel.DEDirector.preinitialize(DEDirector.java:1338)
	at ptolemy.actor.CompositeActor.preinitialize(CompositeActor.java:1828)
	at ptolemy.actor.Manager.preinitializeAndResolveTypes(Manager.java:1040)
	at ptolemy.actor.Manager.initialize(Manager.java:710)
	at ptolemy.actor.Manager.execute(Manager.java:356)
	at ptolemy.actor.Manager.run(Manager.java:1263)
	at ptolemy.actor.Manager$PtolemyRunThread.run(Manager.java:1933)
java.lang.reflect.InvocationTargetException
	at java.base/jdk.internal.reflect.NativeConstructorAccessorImpl.newInstance0(Native Method)
	at java.base/jdk.internal.reflect.NativeConstructorAccessorImpl.newInstance(NativeConstructorAccessorImpl.java:62)
	at java.base/jdk.internal.reflect.DelegatingConstructorAccessorImpl.newInstance(DelegatingConstructorAccessorImpl.java:45)
	at java.base/java.lang.reflect.Constructor.newInstance(Constructor.java:490)
	at ptolemy.util.test.junit.AutoKnownFailedTests.RunModel(AutoKnownFailedTests.java:105)
	at java.base/jdk.internal.reflect.NativeMethodAccessorImpl.invoke0(Native Method)
	at java.base/jdk.internal.reflect.NativeMethodAccessorImpl.invoke(NativeMethodAccessorImpl.java:62)
	at java.base/jdk.internal.reflect.DelegatingMethodAccessorImpl.invoke(DelegatingMethodAccessorImpl.java:43)
	at java.base/java.lang.reflect.Method.invoke(Method.java:566)
	at org.junit.runners.model.FrameworkMethod$1.runReflectiveCall(FrameworkMethod.java:44)
	at org.junit.internal.runners.model.ReflectiveCallable.run(ReflectiveCallable.java:15)
	at org.junit.runners.model.FrameworkMethod.invokeExplosively(FrameworkMethod.java:41)
	at junitparams.internal.InvokeParameterisedMethod.evaluate(InvokeParameterisedMethod.java:102)
	at org.junit.internal.runners.statements.FailOnTimeout$1.run(FailOnTimeout.java:28)
Caused by: ptolemy.kernel.util.IllegalActionException: Found a zero delay loop containing .dependencyLoop2.original
  in .dependencyLoop2 and .dependencyLoop2.original
	at ptolemy.actor.util.CausalityInterfaceForComposites._computeOutputPortDepth(CausalityInterfaceForComposites.java:759)
	at ptolemy.actor.util.CausalityInterfaceForComposites._computeInputDepth(CausalityInterfaceForComposites.java:696)
	at ptolemy.actor.util.CausalityInterfaceForComposites._computeOutputPortDepth(CausalityInterfaceForComposites.java:765)
	at ptolemy.actor.util.CausalityInterfaceForComposites._computeInputDepth(CausalityInterfaceForComposites.java:696)
	at ptolemy.actor.util.CausalityInterfaceForComposites._computeOutputPortDepth(CausalityInterfaceForComposites.java:765)
	at ptolemy.actor.util.CausalityInterfaceForComposites._computeInputDepth(CausalityInterfaceForComposites.java:696)
	at ptolemy.actor.util.CausalityInterfaceForComposites._computeActorDepth(CausalityInterfaceForComposites.java:532)
	at ptolemy.actor.util.CausalityInterfaceForComposites.checkForCycles(CausalityInterfaceForComposites.java:96)
	at ptolemy.domains.de.kernel.DEDirector.preinitialize(DEDirector.java:1338)
	at ptolemy.actor.CompositeActor.preinitialize(CompositeActor.java:1828)
	at ptolemy.actor.Manager.preinitializeAndResolveTypes(Manager.java:1040)
	at ptolemy.actor.Manager.initialize(Manager.java:710)
	at ptolemy.actor.Manager.execute(Manager.java:356)
	at ptolemy.actor.Manager.run(Manager.java:1263)
	at ptolemy.actor.Manager$PtolemyRunThread.run(Manager.java:1933)
]]></system-err>
</testsuite>
