<?xml version="1.0" encoding="UTF-8" ?>
<testsuite errors="0" failures="0" hostname="travis-job-482e9076-8ddc-4d7e-85e7-316874135bad" name="ptolemy.domains.de.test.junit.JUnitTclTest" skipped="0" tests="101" time="131.578" timestamp="2018-09-02T02:03:38">
  <properties>
[...]
</properties>
  <testcase classname="ptolemy.util.test.junit.TclTests" name="[0] /home/travis/build/icyphy/ptII/ptolemy/domains/de/test/DependencyLoop.tcl (RunTclFile)" time="0.758" />
  <testcase classname="ptolemy.util.test.junit.TclTests" name="[1] /home/travis/build/icyphy/ptII/ptolemy/domains/de/test/RunDETestsAsQSS.tcl (RunTclFile)" time="90.37" />
  <testcase classname="ptolemy.util.test.junit.AutoKnownFailedTests" name="[0] /home/travis/build/icyphy/ptII/ptolemy/domains/de/test/auto/knownFailedTests/DESDFClockTest.xml (RunModel)" time="2.026" />
  <testcase classname="ptolemy.util.test.junit.AutoKnownFailedTests" name="[1] /home/travis/build/icyphy/ptII/ptolemy/domains/de/test/auto/knownFailedTests/DirectFeedback.xml (RunModel)" time="0.014" />
  <testcase classname="ptolemy.util.test.junit.AutoKnownFailedTests" name="[2] /home/travis/build/icyphy/ptII/ptolemy/domains/de/test/auto/knownFailedTests/FSMSource.xml (RunModel)" time="0.033" />
  <testcase classname="ptolemy.util.test.junit.AutoKnownFailedTests" name="[3] /home/travis/build/icyphy/ptII/ptolemy/domains/de/test/auto/knownFailedTests/HierarchicalModel.xml (RunModel)" time="0.05" />
  <testcase classname="ptolemy.util.test.junit.AutoKnownFailedTests" name="[4] /home/travis/build/icyphy/ptII/ptolemy/domains/de/test/auto/knownFailedTests/dependencyLoop.xml (RunModel)" time="0.04" />
  <testcase classname="ptolemy.util.test.junit.AutoKnownFailedTests" name="[5] /home/travis/build/icyphy/ptII/ptolemy/domains/de/test/auto/knownFailedTests/dependencyLoop2.xml (RunModel)" time="0.05" />
  <testcase classname="ptolemy.util.test.junit.AutoNameArchTests" name="[0] ThereAreNoAutoArchTests (RunModel)" time="0.005" />
  <testcase classname="ptolemy.util.test.junit.AutoTests" name="[0] /home/travis/build/icyphy/ptII/ptolemy/domains/de/test/auto/ActorDepthCalculation_actorWithoutPorts.xml (RunModel)" time="0.02" />
  <testcase classname="ptolemy.util.test.junit.AutoTests" name="[1] /home/travis/build/icyphy/ptII/ptolemy/domains/de/test/auto/AssemblyLine.xml (RunModel)" time="0.021" />
  <testcase classname="ptolemy.util.test.junit.AutoTests" name="[2] /home/travis/build/icyphy/ptII/ptolemy/domains/de/test/auto/CQBug1.xml (RunModel)" time="0.012" />
  <testcase classname="ptolemy.util.test.junit.AutoTests" name="[3] /home/travis/build/icyphy/ptII/ptolemy/domains/de/test/auto/CancelFireAt.xml (RunModel)" time="0.006" />
  <testcase classname="ptolemy.util.test.junit.AutoTests" name="[4] /home/travis/build/icyphy/ptII/ptolemy/domains/de/test/auto/CausalityAndComposabilityAnalysis.xml (RunModel)" time="0.012" />
  <testcase classname="ptolemy.util.test.junit.AutoTests" name="[5] /home/travis/build/icyphy/ptII/ptolemy/domains/de/test/auto/CausalityInterface1.xml (RunModel)" time="0.013" />
  <testcase classname="ptolemy.util.test.junit.AutoTests" name="[6] /home/travis/build/icyphy/ptII/ptolemy/domains/de/test/auto/CausalityInterface15.xml (RunModel)" time="0.014" />
  <testcase classname="ptolemy.util.test.junit.AutoTests" name="[7] /home/travis/build/icyphy/ptII/ptolemy/domains/de/test/auto/CausalityInterface2.xml (RunModel)" time="0.012" />
  <testcase classname="ptolemy.util.test.junit.AutoTests" name="[8] /home/travis/build/icyphy/ptII/ptolemy/domains/de/test/auto/CausalityInterface3.xml (RunModel)" time="0.013" />
  <testcase classname="ptolemy.util.test.junit.AutoTests" name="[9] /home/travis/build/icyphy/ptII/ptolemy/domains/de/test/auto/ClockDrift.xml (RunModel)" time="0.036" />
  <testcase classname="ptolemy.util.test.junit.AutoTests" name="[10] /home/travis/build/icyphy/ptII/ptolemy/domains/de/test/auto/ClockDriftAndValueChange.xml (RunModel)" time="0.036" />
  <testcase classname="ptolemy.util.test.junit.AutoTests" name="[11] /home/travis/build/icyphy/ptII/ptolemy/domains/de/test/auto/ClockDriftChange.xml (RunModel)" time="0.032" />
  <testcase classname="ptolemy.util.test.junit.AutoTests" name="[12] /home/travis/build/icyphy/ptII/ptolemy/domains/de/test/auto/ComposableCausalityAnalysis.xml (RunModel)" time="0.022" />
  <testcase classname="ptolemy.util.test.junit.AutoTests" name="[13] /home/travis/build/icyphy/ptII/ptolemy/domains/de/test/auto/DEFixedPointLimitation.xml (RunModel)" time="0.012" />
  <testcase classname="ptolemy.util.test.junit.AutoTests" name="[14] /home/travis/build/icyphy/ptII/ptolemy/domains/de/test/auto/DEScheduleTest.xml (RunModel)" time="0.013" />
  <testcase classname="ptolemy.util.test.junit.AutoTests" name="[15] /home/travis/build/icyphy/ptII/ptolemy/domains/de/test/auto/DEinDEwithStartTimes.xml (RunModel)" time="0.015" />
  <testcase classname="ptolemy.util.test.junit.AutoTests" name="[16] /home/travis/build/icyphy/ptII/ptolemy/domains/de/test/auto/DEinDEwithStartTimes2.xml (RunModel)" time="0.016" />
  <testcase classname="ptolemy.util.test.junit.AutoTests" name="[17] /home/travis/build/icyphy/ptII/ptolemy/domains/de/test/auto/DateDemo.xml (RunModel)" time="0.032" />
  <testcase classname="ptolemy.util.test.junit.AutoTests" name="[18] /home/travis/build/icyphy/ptII/ptolemy/domains/de/test/auto/DateToEvent.xml (RunModel)" time="2.043" />
  <testcase classname="ptolemy.util.test.junit.AutoTests" name="[19] /home/travis/build/icyphy/ptII/ptolemy/domains/de/test/auto/DepthTest1.xml (RunModel)" time="0.014" />
  <testcase classname="ptolemy.util.test.junit.AutoTests" name="[20] /home/travis/build/icyphy/ptII/ptolemy/domains/de/test/auto/DepthTest2.xml (RunModel)" time="0.019" />
  <testcase classname="ptolemy.util.test.junit.AutoTests" name="[21] /home/travis/build/icyphy/ptII/ptolemy/domains/de/test/auto/DepthTest3.xml (RunModel)" time="0.008" />
  <testcase classname="ptolemy.util.test.junit.AutoTests" name="[22] /home/travis/build/icyphy/ptII/ptolemy/domains/de/test/auto/DepthTest4.xml (RunModel)" time="0.013" />
  <testcase classname="ptolemy.util.test.junit.AutoTests" name="[23] /home/travis/build/icyphy/ptII/ptolemy/domains/de/test/auto/DepthTest5.xml (RunModel)" time="0.014" />
  <testcase classname="ptolemy.util.test.junit.AutoTests" name="[24] /home/travis/build/icyphy/ptII/ptolemy/domains/de/test/auto/DepthTest6.xml (RunModel)" time="0.013" />
  <testcase classname="ptolemy.util.test.junit.AutoTests" name="[25] /home/travis/build/icyphy/ptII/ptolemy/domains/de/test/auto/DepthTest7.xml (RunModel)" time="0.012" />
  <testcase classname="ptolemy.util.test.junit.AutoTests" name="[26] /home/travis/build/icyphy/ptII/ptolemy/domains/de/test/auto/EventToDate.xml (RunModel)" time="3.037" />
  <testcase classname="ptolemy.util.test.junit.AutoTests" name="[27] /home/travis/build/icyphy/ptII/ptolemy/domains/de/test/auto/FSM1.xml (RunModel)" time="0.038" />
  <testcase classname="ptolemy.util.test.junit.AutoTests" name="[28] /home/travis/build/icyphy/ptII/ptolemy/domains/de/test/auto/FSM7.xml (RunModel)" time="0.052" />
  <testcase classname="ptolemy.util.test.junit.AutoTests" name="[29] /home/travis/build/icyphy/ptII/ptolemy/domains/de/test/auto/Inspection.xml (RunModel)" time="0.084" />
  <testcase classname="ptolemy.util.test.junit.AutoTests" name="[30] /home/travis/build/icyphy/ptII/ptolemy/domains/de/test/auto/Iteration.xml (RunModel)" time="0.025" />
  <testcase classname="ptolemy.util.test.junit.AutoTests" name="[31] /home/travis/build/icyphy/ptII/ptolemy/domains/de/test/auto/LineFault.xml (RunModel)" time="0.625" />
  <testcase classname="ptolemy.util.test.junit.AutoTests" name="[32] /home/travis/build/icyphy/ptII/ptolemy/domains/de/test/auto/MergeModel1Add.xml (RunModel)" time="0.045" />
  <testcase classname="ptolemy.util.test.junit.AutoTests" name="[33] /home/travis/build/icyphy/ptII/ptolemy/domains/de/test/auto/MergeModel2Add.xml (RunModel)" time="0.037" />
  <testcase classname="ptolemy.util.test.junit.AutoTests" name="[34] /home/travis/build/icyphy/ptII/ptolemy/domains/de/test/auto/MergeModel3Add.xml (RunModel)" time="0.037" />
  <testcase classname="ptolemy.util.test.junit.AutoTests" name="[35] /home/travis/build/icyphy/ptII/ptolemy/domains/de/test/auto/MergeWithoutDiscard.xml (RunModel)" time="0.01" />
  <testcase classname="ptolemy.util.test.junit.AutoTests" name="[36] /home/travis/build/icyphy/ptII/ptolemy/domains/de/test/auto/Modal1.xml (RunModel)" time="0.027" />
  <testcase classname="ptolemy.util.test.junit.AutoTests" name="[37] /home/travis/build/icyphy/ptII/ptolemy/domains/de/test/auto/Modal2.xml (RunModel)" time="0.035" />
  <testcase classname="ptolemy.util.test.junit.AutoTests" name="[38] /home/travis/build/icyphy/ptII/ptolemy/domains/de/test/auto/Modal3.xml (RunModel)" time="0.032" />
  <testcase classname="ptolemy.util.test.junit.AutoTests" name="[39] /home/travis/build/icyphy/ptII/ptolemy/domains/de/test/auto/Modal4.xml (RunModel)" time="0.043" />
  <testcase classname="ptolemy.util.test.junit.AutoTests" name="[40] /home/travis/build/icyphy/ptII/ptolemy/domains/de/test/auto/Modal5.xml (RunModel)" time="0.031" />
  <testcase classname="ptolemy.util.test.junit.AutoTests" name="[41] /home/travis/build/icyphy/ptII/ptolemy/domains/de/test/auto/Modal6.xml (RunModel)" time="0.03" />
  <testcase classname="ptolemy.util.test.junit.AutoTests" name="[42] /home/travis/build/icyphy/ptII/ptolemy/domains/de/test/auto/Modal7.xml (RunModel)" time="0.03" />
  <testcase classname="ptolemy.util.test.junit.AutoTests" name="[43] /home/travis/build/icyphy/ptII/ptolemy/domains/de/test/auto/ModalModel.xml (RunModel)" time="0.195" />
  <testcase classname="ptolemy.util.test.junit.AutoTests" name="[44] /home/travis/build/icyphy/ptII/ptolemy/domains/de/test/auto/ModalSource.xml (RunModel)" time="0.023" />
  <testcase classname="ptolemy.util.test.junit.AutoTests" name="[45] /home/travis/build/icyphy/ptII/ptolemy/domains/de/test/auto/NonInterruptibleTimerZeroDelay.xml (RunModel)" time="0.012" />
  <testcase classname="ptolemy.util.test.junit.AutoTests" name="[46] /home/travis/build/icyphy/ptII/ptolemy/domains/de/test/auto/OpenQueueingNetwork.xml (RunModel)" time="2.594" />
  <testcase classname="ptolemy.util.test.junit.AutoTests" name="[47] /home/travis/build/icyphy/ptII/ptolemy/domains/de/test/auto/OpenQueuingNetwork.xml (RunModel)" time="0.327" />
  <testcase classname="ptolemy.util.test.junit.AutoTests" name="[48] /home/travis/build/icyphy/ptII/ptolemy/domains/de/test/auto/PeriodicSampler.xml (RunModel)" time="0.009" />
  <testcase classname="ptolemy.util.test.junit.AutoTests" name="[49] /home/travis/build/icyphy/ptII/ptolemy/domains/de/test/auto/PersistentIO.xml (RunModel)" time="0.02" />
  <testcase classname="ptolemy.util.test.junit.AutoTests" name="[50] /home/travis/build/icyphy/ptII/ptolemy/domains/de/test/auto/PortParameterResetOnInitialize.xml (RunModel)" time="0.013" />
  <testcase classname="ptolemy.util.test.junit.AutoTests" name="[51] /home/travis/build/icyphy/ptII/ptolemy/domains/de/test/auto/PortParameterUpdates.xml (RunModel)" time="0.019" />
  <testcase classname="ptolemy.util.test.junit.AutoTests" name="[52] /home/travis/build/icyphy/ptII/ptolemy/domains/de/test/auto/QueueAndServer.xml (RunModel)" time="0.023" />
  <testcase classname="ptolemy.util.test.junit.AutoTests" name="[53] /home/travis/build/icyphy/ptII/ptolemy/domains/de/test/auto/Records.xml (RunModel)" time="0.017" />
  <testcase classname="ptolemy.util.test.junit.AutoTests" name="[54] /home/travis/build/icyphy/ptII/ptolemy/domains/de/test/auto/ResetTransitionWithStartTime1.xml (RunModel)" time="0.021" />
  <testcase classname="ptolemy.util.test.junit.AutoTests" name="[55] /home/travis/build/icyphy/ptII/ptolemy/domains/de/test/auto/ResetTransitionWithStartTime2.xml (RunModel)" time="0.022" />
  <testcase classname="ptolemy.util.test.junit.AutoTests" name="[56] /home/travis/build/icyphy/ptII/ptolemy/domains/de/test/auto/ResetTransitionWithStartTime3.xml (RunModel)" time="0.022" />
  <testcase classname="ptolemy.util.test.junit.AutoTests" name="[57] /home/travis/build/icyphy/ptII/ptolemy/domains/de/test/auto/ResetTransitionWithStartTime4.xml (RunModel)" time="0.018" />
  <testcase classname="ptolemy.util.test.junit.AutoTests" name="[58] /home/travis/build/icyphy/ptII/ptolemy/domains/de/test/auto/ResettableTimer1.xml (RunModel)" time="0.011" />
  <testcase classname="ptolemy.util.test.junit.AutoTests" name="[59] /home/travis/build/icyphy/ptII/ptolemy/domains/de/test/auto/ResettableTimer2.xml (RunModel)" time="0.012" />
  <testcase classname="ptolemy.util.test.junit.AutoTests" name="[60] /home/travis/build/icyphy/ptII/ptolemy/domains/de/test/auto/ResettableTimer3.xml (RunModel)" time="0.009" />
  <testcase classname="ptolemy.util.test.junit.AutoTests" name="[61] /home/travis/build/icyphy/ptII/ptolemy/domains/de/test/auto/ResettableTimer4.xml (RunModel)" time="0.011" />
  <testcase classname="ptolemy.util.test.junit.AutoTests" name="[62] /home/travis/build/icyphy/ptII/ptolemy/domains/de/test/auto/ResettableTimer5.xml (RunModel)" time="0.011" />
  <testcase classname="ptolemy.util.test.junit.AutoTests" name="[63] /home/travis/build/icyphy/ptII/ptolemy/domains/de/test/auto/ResettableTimer6.xml (RunModel)" time="0.02" />
  <testcase classname="ptolemy.util.test.junit.AutoTests" name="[64] /home/travis/build/icyphy/ptII/ptolemy/domains/de/test/auto/ServerZeroDelay.xml (RunModel)" time="0.014" />
  <testcase classname="ptolemy.util.test.junit.AutoTests" name="[65] /home/travis/build/icyphy/ptII/ptolemy/domains/de/test/auto/SmartSender.xml (RunModel)" time="3.01" />
  <testcase classname="ptolemy.util.test.junit.AutoTests" name="[66] /home/travis/build/icyphy/ptII/ptolemy/domains/de/test/auto/ThreadedComposite.xml (RunModel)" time="0.138" />
  <testcase classname="ptolemy.util.test.junit.AutoTests" name="[67] /home/travis/build/icyphy/ptII/ptolemy/domains/de/test/auto/Time.xml (RunModel)" time="0.47" />
  <testcase classname="ptolemy.util.test.junit.AutoTests" name="[68] /home/travis/build/icyphy/ptII/ptolemy/domains/de/test/auto/TimeDelayZeroDelay.xml (RunModel)" time="0.011" />
  <testcase classname="ptolemy.util.test.junit.AutoTests" name="[69] /home/travis/build/icyphy/ptII/ptolemy/domains/de/test/auto/TimerZeroDelay.xml (RunModel)" time="0.01" />
  <testcase classname="ptolemy.util.test.junit.AutoTests" name="[70] /home/travis/build/icyphy/ptII/ptolemy/domains/de/test/auto/TimingParadox.xml (RunModel)" time="0.368" />
  <testcase classname="ptolemy.util.test.junit.AutoTests" name="[71] /home/travis/build/icyphy/ptII/ptolemy/domains/de/test/auto/TransferInputs.xml (RunModel)" time="0.009" />
  <testcase classname="ptolemy.util.test.junit.AutoTests" name="[72] /home/travis/build/icyphy/ptII/ptolemy/domains/de/test/auto/TransferOutputs2.xml (RunModel)" time="0.019" />
  <testcase classname="ptolemy.util.test.junit.AutoTests" name="[73] /home/travis/build/icyphy/ptII/ptolemy/domains/de/test/auto/Trilateration.xml (RunModel)" time="11.341" />
  <testcase classname="ptolemy.util.test.junit.AutoTests" name="[74] /home/travis/build/icyphy/ptII/ptolemy/domains/de/test/auto/TwoSigmaDelta.xml (RunModel)" time="2.155" />
  <testcase classname="ptolemy.util.test.junit.AutoTests" name="[75] /home/travis/build/icyphy/ptII/ptolemy/domains/de/test/auto/VariableDelay.xml (RunModel)" time="0.018" />
  <testcase classname="ptolemy.util.test.junit.AutoTests" name="[76] /home/travis/build/icyphy/ptII/ptolemy/domains/de/test/auto/VariableDelay2.xml (RunModel)" time="0.011" />
  <testcase classname="ptolemy.util.test.junit.AutoTests" name="[77] /home/travis/build/icyphy/ptII/ptolemy/domains/de/test/auto/VariableDelayZeroDelay.xml (RunModel)" time="0.013" />
  <testcase classname="ptolemy.util.test.junit.AutoTests" name="[78] /home/travis/build/icyphy/ptII/ptolemy/domains/de/test/auto/VariableDelayZeroDelay2.xml (RunModel)" time="0.01" />
  <testcase classname="ptolemy.util.test.junit.AutoTests" name="[79] /home/travis/build/icyphy/ptII/ptolemy/domains/de/test/auto/deInCt.xml (RunModel)" time="0.013" />
  <testcase classname="ptolemy.util.test.junit.AutoTests" name="[80] /home/travis/build/icyphy/ptII/ptolemy/domains/de/test/auto/deInCt2.xml (RunModel)" time="0.017" />
  <testcase classname="ptolemy.util.test.junit.AutoTests" name="[81] /home/travis/build/icyphy/ptII/ptolemy/domains/de/test/auto/dynamicCausalityInterface1.xml (RunModel)" time="0.02" />
  <testcase classname="ptolemy.util.test.junit.AutoTests" name="[82] /home/travis/build/icyphy/ptII/ptolemy/domains/de/test/auto/fsm_de_test.xml (RunModel)" time="0.029" />
  <testcase classname="ptolemy.util.test.junit.AutoTests" name="[83] /home/travis/build/icyphy/ptII/ptolemy/domains/de/test/auto/functionDependencyReconstruction.xml (RunModel)" time="0.035" />
  <testcase classname="ptolemy.util.test.junit.AutoTests" name="[84] /home/travis/build/icyphy/ptII/ptolemy/domains/de/test/auto/multirate.xml (RunModel)" time="0.016" />
  <testcase classname="ptolemy.util.test.junit.AutoTests" name="[85] /home/travis/build/icyphy/ptII/ptolemy/domains/de/test/auto/multirate2.xml (RunModel)" time="0.018" />
  <testcase classname="ptolemy.util.test.junit.AutoTests" name="[86] /home/travis/build/icyphy/ptII/ptolemy/domains/de/test/auto/realtime.xml (RunModel)" time="10.015" />
  <testcase classname="ptolemy.util.test.junit.AutoTests" name="[87] /home/travis/build/icyphy/ptII/ptolemy/domains/de/test/auto/relationGroup.xml (RunModel)" time="0.007" />
  <testcase classname="ptolemy.util.test.junit.AutoTests" name="[88] /home/travis/build/icyphy/ptII/ptolemy/domains/de/test/auto/relationGroup2.xml (RunModel)" time="0.009" />
  <testcase classname="ptolemy.util.test.junit.AutoTests" name="[89] /home/travis/build/icyphy/ptII/ptolemy/domains/de/test/auto/sortWithOpaquePorts.xml (RunModel)" time="0.01" />
  <testcase classname="ptolemy.util.test.junit.AutoTests" name="[90] /home/travis/build/icyphy/ptII/ptolemy/domains/de/test/auto/transferInputsandOutputs.xml (RunModel)" time="0.013" />
  <testcase classname="ptolemy.util.test.junit.AutoTests" name="[91] /home/travis/build/icyphy/ptII/ptolemy/domains/de/test/auto/triggerType.xml (RunModel)" time="0.015" />
  <system-out><![CDATA[/home/travis/build/icyphy/ptII/ptolemy/domains/de/test/DependencyLoop.tcl
testDefs.tcl: setting time out to 9000 seconds at Sun Sep 02 02:03:38 UTC 2018
15 ms. Memory: 116224K Free: 93865K (81%)
7 ms. Memory: 146944K Free: 135458K (92%)
/home/travis/build/icyphy/ptII/ptolemy/domains/de/test/RunDETestsAsQSS.tcl
Run the DE tests using ptolemy.domains.qss.test.QSSDirectorTest, which extends QSSDirector and prints a message in the constructors.
------------------ testing $PTII/ptolemy/domains/de/test/auto/knownFailedTests/dependencyLoop.xml (Known Failure) 
8 ms. Memory: 146944K Free: 132346K (90%)


==== $PTIIhome/travis/build/icyphy/ptII/ptolemy/domains/de/test/../../../../: Auto Automatic test in file $PTII/ptolemy/domains/de/test/auto/knownFailedTests/dependencyLoop.xml
==== Contents of test case:

	    # FIXME: we should use $relativeFilename here, but it
	    # might have backslashes under Windows, which causes no end
	    # of trouble.
	    createAndExecute $file
	    list {}
	
.... Test generated KNOWN error:
    while executing
ptolemy.kernel.util.IllegalActionException: Found a zero delay loop containing .dependencyLoop.original
  in .dependencyLoop and .dependencyLoop.original
	at ptolemy.actor.util.CausalityInterfaceForComposites._computeOutputPortDepth(CausalityInterfaceForComposites.java:759)
	at ptolemy.actor.util.CausalityInterfaceForComposites._computeInputDepth(CausalityInterfaceForComposites.java:696)
	at ptolemy.actor.util.CausalityInterfaceForComposites._computeOutputPortDepth(CausalityInterfaceForComposites.java:765)
	at ptolemy.actor.util.CausalityInterfaceForComposites._computeInputDepth(CausalityInterfaceForComposites.java:696)
	at ptolemy.actor.util.CausalityInterfaceForComposites._computeOutputPortDepth(CausalityInterfaceForComposites.java:765)
	at ptolemy.actor.util.CausalityInterfaceForComposites._computeInputDepth(CausalityInterfaceForComposites.java:696)
	at ptolemy.actor.util.CausalityInterfaceForComposites._computeActorDepth(CausalityInterfaceForComposites.java:532)
	at ptolemy.actor.util.CausalityInterfaceForComposites.checkForCycles(CausalityInterfaceForComposites.java:96)
	at ptolemy.domains.de.kernel.DEDirector.preinitialize(DEDirector.java:1338)
	at ptolemy.actor.CompositeActor.preinitialize(CompositeActor.java:1828)
	at ptolemy.actor.Manager.preinitializeAndResolveTypes(Manager.java:1040)
	at ptolemy.actor.Manager.initialize(Manager.java:710)
	at ptolemy.actor.Manager.execute(Manager.java:356)
	at ptolemy.actor.Manager.run(Manager.java:1263)
	at ptolemy.actor.Manager$PtolemyRunThread.run(Manager.java:1915)

    while executing
ptolemy.kernel.util.IllegalActionException: Found a zero delay loop containing .dependencyLoop.original
  in .dependencyLoop and .dependencyLoop.original
    while executing
"java::new ptolemy.moml.MoMLSimpleApplication $file
"
    (procedure "createAndExecute" line 2)
    invoked from within
"createAndExecute $file"
    ("uplevel" body line 5)
    invoked from within
"uplevel $contents_of_test"
------------------ testing $PTII/ptolemy/domains/de/test/auto/knownFailedTests/DESDFClockTest.xml (Known Failure) 
2087 ms. Memory: 146944K Free: 116508K (79%)


==== $PTIIhome/travis/build/icyphy/ptII/ptolemy/domains/de/test/../../../../: Auto Automatic test in file $PTII/ptolemy/domains/de/test/auto/knownFailedTests/DESDFClockTest.xml
==== Contents of test case:

	    # FIXME: we should use $relativeFilename here, but it
	    # might have backslashes under Windows, which causes no end
	    # of trouble.
	    createAndExecute $file
	    list {}
	
.... Test generated KNOWN error:
    while executing
ptolemy.kernel.util.IllegalActionException: Actor is not ready to fire.  Perhaps UpSample.prefire() returned false? Try debugging the actor by selecting "Listen to Actor".  Also, for SDF check moml for tokenConsumptionRate on input.
  in .DESDFClockTest.Play Bell.Copy1:SDF Director and .DESDFClockTest.Play Bell.UpSample
	at ptolemy.actor.sched.StaticSchedulingDirector.fire(StaticSchedulingDirector.java:227)
	at ptolemy.domains.sdf.kernel.SDFDirector.fire(SDFDirector.java:500)
	at ptolemy.actor.CompositeActor.fire(CompositeActor.java:455)
	at ptolemy.domains.de.kernel.DEDirector._fire(DEDirector.java:1949)
	at ptolemy.domains.de.kernel.DEDirector.fire(DEDirector.java:502)
	at ptolemy.actor.CompositeActor.fire(CompositeActor.java:455)
	at ptolemy.actor.Manager.iterate(Manager.java:851)
	at ptolemy.actor.Manager.execute(Manager.java:369)
	at ptolemy.actor.Manager.run(Manager.java:1263)
	at ptolemy.actor.Manager$PtolemyRunThread.run(Manager.java:1915)

    while executing
ptolemy.kernel.util.IllegalActionException: Actor is not ready to fire.  Perhaps UpSample.prefire() returned false? Try debugging the actor by selecting "Listen to Actor".  Also, for SDF check moml for tokenConsumptionRate on input.
  in .DESDFClockTest.Play Bell.Copy1:SDF Director and .DESDFClockTest.Play Bell.UpSample
    while executing
"java::new ptolemy.moml.MoMLSimpleApplication $file
"
    (procedure "createAndExecute" line 2)
    invoked from within
"createAndExecute $file"
    ("uplevel" body line 5)
    invoked from within
"uplevel $contents_of_test"
------------------ testing $PTII/ptolemy/domains/de/test/auto/knownFailedTests/FSMSource.xml (Known Failure) 
27 ms. Memory: 146944K Free: 107509K (73%)
!!!! Auto was marked as failing, but now passes
------------------ testing $PTII/ptolemy/domains/de/test/auto/knownFailedTests/dependencyLoop2.xml (Known Failure) 
6 ms. Memory: 146944K Free: 105626K (72%)


==== $PTIIhome/travis/build/icyphy/ptII/ptolemy/domains/de/test/../../../../: Auto Automatic test in file $PTII/ptolemy/domains/de/test/auto/knownFailedTests/dependencyLoop2.xml
==== Contents of test case:

	    # FIXME: we should use $relativeFilename here, but it
	    # might have backslashes under Windows, which causes no end
	    # of trouble.
	    createAndExecute $file
	    list {}
	
.... Test generated KNOWN error:
    while executing
ptolemy.kernel.util.IllegalActionException: Found a zero delay loop containing .dependencyLoop2.original
  in .dependencyLoop2 and .dependencyLoop2.original
	at ptolemy.actor.util.CausalityInterfaceForComposites._computeOutputPortDepth(CausalityInterfaceForComposites.java:759)
	at ptolemy.actor.util.CausalityInterfaceForComposites._computeInputDepth(CausalityInterfaceForComposites.java:696)
	at ptolemy.actor.util.CausalityInterfaceForComposites._computeOutputPortDepth(CausalityInterfaceForComposites.java:765)
	at ptolemy.actor.util.CausalityInterfaceForComposites._computeInputDepth(CausalityInterfaceForComposites.java:696)
	at ptolemy.actor.util.CausalityInterfaceForComposites._computeOutputPortDepth(CausalityInterfaceForComposites.java:765)
	at ptolemy.actor.util.CausalityInterfaceForComposites._computeInputDepth(CausalityInterfaceForComposites.java:696)
	at ptolemy.actor.util.CausalityInterfaceForComposites._computeActorDepth(CausalityInterfaceForComposites.java:532)
	at ptolemy.actor.util.CausalityInterfaceForComposites.checkForCycles(CausalityInterfaceForComposites.java:96)
	at ptolemy.domains.de.kernel.DEDirector.preinitialize(DEDirector.java:1338)
	at ptolemy.actor.CompositeActor.preinitialize(CompositeActor.java:1828)
	at ptolemy.actor.Manager.preinitializeAndResolveTypes(Manager.java:1040)
	at ptolemy.actor.Manager.initialize(Manager.java:710)
	at ptolemy.actor.Manager.execute(Manager.java:356)
	at ptolemy.actor.Manager.run(Manager.java:1263)
	at ptolemy.actor.Manager$PtolemyRunThread.run(Manager.java:1915)

    while executing
ptolemy.kernel.util.IllegalActionException: Found a zero delay loop containing .dependencyLoop2.original
  in .dependencyLoop2 and .dependencyLoop2.original
    while executing
"java::new ptolemy.moml.MoMLSimpleApplication $file
"
    (procedure "createAndExecute" line 2)
    invoked from within
"createAndExecute $file"
    ("uplevel" body line 5)
    invoked from within
"uplevel $contents_of_test"
------------------ testing $PTII/ptolemy/domains/de/test/auto/knownFailedTests/HierarchicalModel.xml (Known Failure) 
10 ms. Memory: 146944K Free: 84967K (58%)


==== $PTIIhome/travis/build/icyphy/ptII/ptolemy/domains/de/test/../../../../: Auto Automatic test in file $PTII/ptolemy/domains/de/test/auto/knownFailedTests/HierarchicalModel.xml
==== Contents of test case:

	    # FIXME: we should use $relativeFilename here, but it
	    # might have backslashes under Windows, which causes no end
	    # of trouble.
	    createAndExecute $file
	    list {}
	
.... Test generated KNOWN error:
    while executing
ptolemy.kernel.util.IllegalActionException: Found a zero delay loop containing .HierarchicalModel.A
  in .HierarchicalModel and .HierarchicalModel.A
	at ptolemy.actor.util.CausalityInterfaceForComposites._computeOutputPortDepth(CausalityInterfaceForComposites.java:759)
	at ptolemy.actor.util.CausalityInterfaceForComposites._computeInputDepth(CausalityInterfaceForComposites.java:696)
	at ptolemy.actor.util.CausalityInterfaceForComposites._computeOutputPortDepth(CausalityInterfaceForComposites.java:765)
	at ptolemy.actor.util.CausalityInterfaceForComposites._computeInputDepth(CausalityInterfaceForComposites.java:696)
	at ptolemy.actor.util.CausalityInterfaceForComposites._computeOutputPortDepth(CausalityInterfaceForComposites.java:765)
	at ptolemy.actor.util.CausalityInterfaceForComposites._computeInputDepth(CausalityInterfaceForComposites.java:696)
	at ptolemy.actor.util.CausalityInterfaceForComposites._computeActorDepth(CausalityInterfaceForComposites.java:532)
	at ptolemy.actor.util.CausalityInterfaceForComposites.checkForCycles(CausalityInterfaceForComposites.java:96)
	at ptolemy.domains.de.kernel.DEDirector.preinitialize(DEDirector.java:1338)
	at ptolemy.actor.CompositeActor.preinitialize(CompositeActor.java:1828)
	at ptolemy.actor.Manager.preinitializeAndResolveTypes(Manager.java:1040)
	at ptolemy.actor.Manager.initialize(Manager.java:710)
	at ptolemy.actor.Manager.execute(Manager.java:356)
	at ptolemy.actor.Manager.run(Manager.java:1263)
	at ptolemy.actor.Manager$PtolemyRunThread.run(Manager.java:1915)

    while executing
ptolemy.kernel.util.IllegalActionException: Found a zero delay loop containing .HierarchicalModel.A
  in .HierarchicalModel and .HierarchicalModel.A
    while executing
"java::new ptolemy.moml.MoMLSimpleApplication $file
"
    (procedure "createAndExecute" line 2)
    invoked from within
"createAndExecute $file"
    ("uplevel" body line 5)
    invoked from within
"uplevel $contents_of_test"
------------------ testing $PTII/ptolemy/domains/de/test/auto/knownFailedTests/DirectFeedback.xml (Known Failure) 
8 ms. Memory: 146944K Free: 141420K (96%)


==== $PTIIhome/travis/build/icyphy/ptII/ptolemy/domains/de/test/../../../../: Auto Automatic test in file $PTII/ptolemy/domains/de/test/auto/knownFailedTests/DirectFeedback.xml
==== Contents of test case:

	    # FIXME: we should use $relativeFilename here, but it
	    # might have backslashes under Windows, which causes no end
	    # of trouble.
	    createAndExecute $file
	    list {}
	
.... Test generated KNOWN error:
    while executing
ptolemy.kernel.util.IllegalActionException: Test fails in iteration 1.
Value was: 1.0. Should have been: 2.0
  in .DirectFeedback.Test
	at ptolemy.actor.lib.Test.fire(Test.java:268)
	at ptolemy.domains.de.kernel.DEDirector._fire(DEDirector.java:1949)
	at ptolemy.domains.de.kernel.DEDirector.fire(DEDirector.java:502)
	at ptolemy.actor.CompositeActor.fire(CompositeActor.java:455)
	at ptolemy.actor.Manager.iterate(Manager.java:851)
	at ptolemy.actor.Manager.execute(Manager.java:369)
	at ptolemy.actor.Manager.run(Manager.java:1263)
	at ptolemy.actor.Manager$PtolemyRunThread.run(Manager.java:1915)

    while executing
ptolemy.kernel.util.IllegalActionException: Test fails in iteration 1.
Value was: 1.0. Should have been: 2.0
  in .DirectFeedback.Test
    while executing
"java::new ptolemy.moml.MoMLSimpleApplication $file
"
    (procedure "createAndExecute" line 2)
    invoked from within
"createAndExecute $file"
    ("uplevel" body line 5)
    invoked from within
"uplevel $contents_of_test"
------------------ testing $PTII/ptolemy/domains/de/test/auto/ActorDepthCalculation_actorWithoutPorts.xml
auto.tcl: Setting watchdog for 200 seconds at Sun Sep 02 02:03:41 UTC 2018
9 ms. Memory: 146944K Free: 132430K (90%)
ptolemy.util.test.WatchDog.cancel(): canceling Sun Sep 02 02:03:41 UTC 2018
auto.tcl: Setting watchdog for 200 seconds at Sun Sep 02 02:03:41 UTC 2018
4 ms. Memory: 146944K Free: 131384K (89%)
ptolemy.util.test.WatchDog.cancel(): canceling Sun Sep 02 02:03:42 UTC 2018
------------------ testing $PTII/ptolemy/domains/de/test/auto/AssemblyLine.xml
auto.tcl: Setting watchdog for 200 seconds at Sun Sep 02 02:03:42 UTC 2018
23 ms. Memory: 208384K Free: 182805K (88%)
ptolemy.util.test.WatchDog.cancel(): canceling Sun Sep 02 02:03:42 UTC 2018
auto.tcl: Setting watchdog for 200 seconds at Sun Sep 02 02:03:42 UTC 2018
8 ms. Memory: 208384K Free: 182805K (88%)
ptolemy.util.test.WatchDog.cancel(): canceling Sun Sep 02 02:03:42 UTC 2018
------------------ testing $PTII/ptolemy/domains/de/test/auto/CQBug1.xml
auto.tcl: Setting watchdog for 200 seconds at Sun Sep 02 02:03:42 UTC 2018
3 ms. Memory: 208384K Free: 197698K (95%)
ptolemy.util.test.WatchDog.cancel(): canceling Sun Sep 02 02:03:42 UTC 2018
auto.tcl: Setting watchdog for 200 seconds at Sun Sep 02 02:03:42 UTC 2018
2 ms. Memory: 208384K Free: 197698K (95%)
ptolemy.util.test.WatchDog.cancel(): canceling Sun Sep 02 02:03:42 UTC 2018
------------------ testing $PTII/ptolemy/domains/de/test/auto/CancelFireAt.xml
auto.tcl: Setting watchdog for 200 seconds at Sun Sep 02 02:03:42 UTC 2018
25 ms. Memory: 208384K Free: 201428K (97%)
ptolemy.util.test.WatchDog.cancel(): canceling Sun Sep 02 02:03:42 UTC 2018
auto.tcl: Setting watchdog for 200 seconds at Sun Sep 02 02:03:42 UTC 2018
7 ms. Memory: 208384K Free: 199318K (96%)
ptolemy.util.test.WatchDog.cancel(): canceling Sun Sep 02 02:03:42 UTC 2018
------------------ testing $PTII/ptolemy/domains/de/test/auto/CausalityAndComposabilityAnalysis.xml
auto.tcl: Setting watchdog for 200 seconds at Sun Sep 02 02:03:42 UTC 2018
9 ms. Memory: 208384K Free: 196807K (94%)
ptolemy.util.test.WatchDog.cancel(): canceling Sun Sep 02 02:03:42 UTC 2018
auto.tcl: Setting watchdog for 200 seconds at Sun Sep 02 02:03:42 UTC 2018
9 ms. Memory: 208384K Free: 196469K (94%)
ptolemy.util.test.WatchDog.cancel(): canceling Sun Sep 02 02:03:42 UTC 2018
------------------ testing $PTII/ptolemy/domains/de/test/auto/CausalityInterface1.xml
auto.tcl: Setting watchdog for 200 seconds at Sun Sep 02 02:03:43 UTC 2018
18 ms. Memory: 208384K Free: 196407K (94%)
ptolemy.util.test.WatchDog.cancel(): canceling Sun Sep 02 02:03:43 UTC 2018
auto.tcl: Setting watchdog for 200 seconds at Sun Sep 02 02:03:43 UTC 2018
4 ms. Memory: 208384K Free: 196407K (94%)
ptolemy.util.test.WatchDog.cancel(): canceling Sun Sep 02 02:03:43 UTC 2018
------------------ testing $PTII/ptolemy/domains/de/test/auto/CausalityInterface15.xml
auto.tcl: Setting watchdog for 200 seconds at Sun Sep 02 02:03:43 UTC 2018
13 ms. Memory: 208384K Free: 196398K (94%)
ptolemy.util.test.WatchDog.cancel(): canceling Sun Sep 02 02:03:43 UTC 2018
auto.tcl: Setting watchdog for 200 seconds at Sun Sep 02 02:03:43 UTC 2018
6 ms. Memory: 208384K Free: 196398K (94%)
ptolemy.util.test.WatchDog.cancel(): canceling Sun Sep 02 02:03:43 UTC 2018
------------------ testing $PTII/ptolemy/domains/de/test/auto/CausalityInterface2.xml
auto.tcl: Setting watchdog for 200 seconds at Sun Sep 02 02:03:43 UTC 2018
11 ms. Memory: 208384K Free: 196720K (94%)
ptolemy.util.test.WatchDog.cancel(): canceling Sun Sep 02 02:03:43 UTC 2018
auto.tcl: Setting watchdog for 200 seconds at Sun Sep 02 02:03:43 UTC 2018
4 ms. Memory: 208384K Free: 196382K (94%)
ptolemy.util.test.WatchDog.cancel(): canceling Sun Sep 02 02:03:43 UTC 2018
------------------ testing $PTII/ptolemy/domains/de/test/auto/CausalityInterface3.xml
auto.tcl: Setting watchdog for 200 seconds at Sun Sep 02 02:03:43 UTC 2018
7 ms. Memory: 208384K Free: 196395K (94%)
ptolemy.util.test.WatchDog.cancel(): canceling Sun Sep 02 02:03:43 UTC 2018
auto.tcl: Setting watchdog for 200 seconds at Sun Sep 02 02:03:43 UTC 2018
12 ms. Memory: 208384K Free: 196395K (94%)
ptolemy.util.test.WatchDog.cancel(): canceling Sun Sep 02 02:03:43 UTC 2018
------------------ testing $PTII/ptolemy/domains/de/test/auto/ClockDrift.xml
auto.tcl: Setting watchdog for 200 seconds at Sun Sep 02 02:03:43 UTC 2018
119 ms. Memory: 208384K Free: 187598K (90%)
ptolemy.util.test.WatchDog.cancel(): canceling Sun Sep 02 02:03:43 UTC 2018
auto.tcl: Setting watchdog for 200 seconds at Sun Sep 02 02:03:43 UTC 2018
75 ms. Memory: 208384K Free: 185488K (89%)
ptolemy.util.test.WatchDog.cancel(): canceling Sun Sep 02 02:03:43 UTC 2018
------------------ testing $PTII/ptolemy/domains/de/test/auto/ClockDriftAndValueChange.xml
auto.tcl: Setting watchdog for 200 seconds at Sun Sep 02 02:03:43 UTC 2018
30 ms. Memory: 208384K Free: 187429K (90%)
ptolemy.util.test.WatchDog.cancel(): canceling Sun Sep 02 02:03:43 UTC 2018
auto.tcl: Setting watchdog for 200 seconds at Sun Sep 02 02:03:43 UTC 2018
38 ms. Memory: 208384K Free: 185319K (89%)
ptolemy.util.test.WatchDog.cancel(): canceling Sun Sep 02 02:03:43 UTC 2018
------------------ testing $PTII/ptolemy/domains/de/test/auto/ClockDriftChange.xml
auto.tcl: Setting watchdog for 200 seconds at Sun Sep 02 02:03:44 UTC 2018
44 ms. Memory: 208384K Free: 190762K (92%)
ptolemy.util.test.WatchDog.cancel(): canceling Sun Sep 02 02:03:44 UTC 2018
auto.tcl: Setting watchdog for 200 seconds at Sun Sep 02 02:03:44 UTC 2018
21 ms. Memory: 208384K Free: 188652K (91%)
ptolemy.util.test.WatchDog.cancel(): canceling Sun Sep 02 02:03:44 UTC 2018
------------------ testing $PTII/ptolemy/domains/de/test/auto/ComposableCausalityAnalysis.xml
auto.tcl: Setting watchdog for 200 seconds at Sun Sep 02 02:03:44 UTC 2018
3 ms. Memory: 208384K Free: 196248K (94%)
ptolemy.util.test.WatchDog.cancel(): canceling Sun Sep 02 02:03:44 UTC 2018
auto.tcl: Setting watchdog for 200 seconds at Sun Sep 02 02:03:44 UTC 2018
4 ms. Memory: 208384K Free: 194139K (93%)
ptolemy.util.test.WatchDog.cancel(): canceling Sun Sep 02 02:03:44 UTC 2018
------------------ testing $PTII/ptolemy/domains/de/test/auto/DEFixedPointLimitation.xml
auto.tcl: Setting watchdog for 200 seconds at Sun Sep 02 02:03:44 UTC 2018
2 ms. Memory: 208384K Free: 196329K (94%)
ptolemy.util.test.WatchDog.cancel(): canceling Sun Sep 02 02:03:44 UTC 2018
auto.tcl: Setting watchdog for 200 seconds at Sun Sep 02 02:03:44 UTC 2018
2 ms. Memory: 208384K Free: 196329K (94%)
ptolemy.util.test.WatchDog.cancel(): canceling Sun Sep 02 02:03:44 UTC 2018
------------------ testing $PTII/ptolemy/domains/de/test/auto/DEScheduleTest.xml
auto.tcl: Setting watchdog for 200 seconds at Sun Sep 02 02:03:44 UTC 2018
5 ms. Memory: 208384K Free: 198474K (95%)
ptolemy.util.test.WatchDog.cancel(): canceling Sun Sep 02 02:03:44 UTC 2018
auto.tcl: Setting watchdog for 200 seconds at Sun Sep 02 02:03:44 UTC 2018
6 ms. Memory: 208384K Free: 196364K (94%)
ptolemy.util.test.WatchDog.cancel(): canceling Sun Sep 02 02:03:44 UTC 2018
------------------ testing $PTII/ptolemy/domains/de/test/auto/DEinDEwithStartTimes.xml
auto.tcl: Setting watchdog for 200 seconds at Sun Sep 02 02:03:44 UTC 2018
5 ms. Memory: 208384K Free: 196334K (94%)
ptolemy.util.test.WatchDog.cancel(): canceling Sun Sep 02 02:03:44 UTC 2018
auto.tcl: Setting watchdog for 200 seconds at Sun Sep 02 02:03:44 UTC 2018
5 ms. Memory: 208384K Free: 194225K (93%)
ptolemy.util.test.WatchDog.cancel(): canceling Sun Sep 02 02:03:44 UTC 2018
------------------ testing $PTII/ptolemy/domains/de/test/auto/DEinDEwithStartTimes2.xml
auto.tcl: Setting watchdog for 200 seconds at Sun Sep 02 02:03:44 UTC 2018
4 ms. Memory: 208384K Free: 196314K (94%)
ptolemy.util.test.WatchDog.cancel(): canceling Sun Sep 02 02:03:44 UTC 2018
auto.tcl: Setting watchdog for 200 seconds at Sun Sep 02 02:03:44 UTC 2018
4 ms. Memory: 208384K Free: 194205K (93%)
ptolemy.util.test.WatchDog.cancel(): canceling Sun Sep 02 02:03:44 UTC 2018
------------------ testing $PTII/ptolemy/domains/de/test/auto/DateDemo.xml
auto.tcl: Setting watchdog for 200 seconds at Sun Sep 02 02:03:44 UTC 2018
16 ms. Memory: 208384K Free: 188715K (91%)
ptolemy.util.test.WatchDog.cancel(): canceling Sun Sep 02 02:03:44 UTC 2018
auto.tcl: Setting watchdog for 200 seconds at Sun Sep 02 02:03:44 UTC 2018
11 ms. Memory: 208384K Free: 186605K (90%)
ptolemy.util.test.WatchDog.cancel(): canceling Sun Sep 02 02:03:44 UTC 2018
------------------ testing $PTII/ptolemy/domains/de/test/auto/DateToEvent.xml
auto.tcl: Setting watchdog for 200 seconds at Sun Sep 02 02:03:44 UTC 2018
2025 ms. Memory: 208384K Free: 183420K (88%)
ptolemy.util.test.WatchDog.cancel(): canceling Sun Sep 02 02:03:46 UTC 2018
auto.tcl: Setting watchdog for 200 seconds at Sun Sep 02 02:03:46 UTC 2018
2007 ms. Memory: 208384K Free: 183420K (88%)
ptolemy.util.test.WatchDog.cancel(): canceling Sun Sep 02 02:03:48 UTC 2018
------------------ testing $PTII/ptolemy/domains/de/test/auto/DepthTest1.xml
auto.tcl: Setting watchdog for 200 seconds at Sun Sep 02 02:03:48 UTC 2018
3 ms. Memory: 208384K Free: 195545K (94%)
ptolemy.util.test.WatchDog.cancel(): canceling Sun Sep 02 02:03:49 UTC 2018
auto.tcl: Setting watchdog for 200 seconds at Sun Sep 02 02:03:49 UTC 2018
3 ms. Memory: 208384K Free: 195545K (94%)
ptolemy.util.test.WatchDog.cancel(): canceling Sun Sep 02 02:03:49 UTC 2018
------------------ testing $PTII/ptolemy/domains/de/test/auto/DepthTest2.xml
auto.tcl: Setting watchdog for 200 seconds at Sun Sep 02 02:03:49 UTC 2018
3 ms. Memory: 208384K Free: 194184K (93%)
ptolemy.util.test.WatchDog.cancel(): canceling Sun Sep 02 02:03:49 UTC 2018
auto.tcl: Setting watchdog for 200 seconds at Sun Sep 02 02:03:49 UTC 2018
6 ms. Memory: 208384K Free: 194184K (93%)
ptolemy.util.test.WatchDog.cancel(): canceling Sun Sep 02 02:03:49 UTC 2018
------------------ testing $PTII/ptolemy/domains/de/test/auto/DepthTest3.xml
auto.tcl: Setting watchdog for 200 seconds at Sun Sep 02 02:03:49 UTC 2018
2 ms. Memory: 208384K Free: 198337K (95%)
ptolemy.util.test.WatchDog.cancel(): canceling Sun Sep 02 02:03:49 UTC 2018
auto.tcl: Setting watchdog for 200 seconds at Sun Sep 02 02:03:49 UTC 2018
2 ms. Memory: 208384K Free: 198337K (95%)
ptolemy.util.test.WatchDog.cancel(): canceling Sun Sep 02 02:03:49 UTC 2018
------------------ testing $PTII/ptolemy/domains/de/test/auto/DepthTest4.xml
auto.tcl: Setting watchdog for 200 seconds at Sun Sep 02 02:03:49 UTC 2018
6 ms. Memory: 208384K Free: 196314K (94%)
ptolemy.util.test.WatchDog.cancel(): canceling Sun Sep 02 02:03:49 UTC 2018
auto.tcl: Setting watchdog for 200 seconds at Sun Sep 02 02:03:49 UTC 2018
3 ms. Memory: 208384K Free: 196314K (94%)
ptolemy.util.test.WatchDog.cancel(): canceling Sun Sep 02 02:03:49 UTC 2018
------------------ testing $PTII/ptolemy/domains/de/test/auto/DepthTest5.xml
auto.tcl: Setting watchdog for 200 seconds at Sun Sep 02 02:03:49 UTC 2018
5 ms. Memory: 208384K Free: 196600K (94%)
ptolemy.util.test.WatchDog.cancel(): canceling Sun Sep 02 02:03:49 UTC 2018
auto.tcl: Setting watchdog for 200 seconds at Sun Sep 02 02:03:49 UTC 2018
3 ms. Memory: 208384K Free: 196600K (94%)
ptolemy.util.test.WatchDog.cancel(): canceling Sun Sep 02 02:03:49 UTC 2018
------------------ testing $PTII/ptolemy/domains/de/test/auto/DepthTest6.xml
auto.tcl: Setting watchdog for 200 seconds at Sun Sep 02 02:03:49 UTC 2018
10 ms. Memory: 208384K Free: 196567K (94%)
ptolemy.util.test.WatchDog.cancel(): canceling Sun Sep 02 02:03:49 UTC 2018
auto.tcl: Setting watchdog for 200 seconds at Sun Sep 02 02:03:49 UTC 2018
2 ms. Memory: 208384K Free: 196567K (94%)
ptolemy.util.test.WatchDog.cancel(): canceling Sun Sep 02 02:03:49 UTC 2018
------------------ testing $PTII/ptolemy/domains/de/test/auto/DepthTest7.xml
auto.tcl: Setting watchdog for 200 seconds at Sun Sep 02 02:03:49 UTC 2018
4 ms. Memory: 208384K Free: 194991K (94%)
ptolemy.util.test.WatchDog.cancel(): canceling Sun Sep 02 02:03:49 UTC 2018
auto.tcl: Setting watchdog for 200 seconds at Sun Sep 02 02:03:49 UTC 2018
2 ms. Memory: 208384K Free: 194991K (94%)
ptolemy.util.test.WatchDog.cancel(): canceling Sun Sep 02 02:03:49 UTC 2018
------------------ testing $PTII/ptolemy/domains/de/test/auto/EventToDate.xml
auto.tcl: Setting watchdog for 200 seconds at Sun Sep 02 02:03:49 UTC 2018
3013 ms. Memory: 208384K Free: 185693K (89%)
ptolemy.util.test.WatchDog.cancel(): canceling Sun Sep 02 02:03:52 UTC 2018
auto.tcl: Setting watchdog for 200 seconds at Sun Sep 02 02:03:52 UTC 2018
3006 ms. Memory: 208384K Free: 185693K (89%)
ptolemy.util.test.WatchDog.cancel(): canceling Sun Sep 02 02:03:55 UTC 2018
------------------ testing $PTII/ptolemy/domains/de/test/auto/FSM1.xml
auto.tcl: Setting watchdog for 200 seconds at Sun Sep 02 02:03:55 UTC 2018
39 ms. Memory: 208384K Free: 189253K (91%)
ptolemy.util.test.WatchDog.cancel(): canceling Sun Sep 02 02:03:55 UTC 2018
auto.tcl: Setting watchdog for 200 seconds at Sun Sep 02 02:03:55 UTC 2018
28 ms. Memory: 208384K Free: 185034K (89%)
ptolemy.util.test.WatchDog.cancel(): canceling Sun Sep 02 02:03:55 UTC 2018
------------------ testing $PTII/ptolemy/domains/de/test/auto/FSM7.xml
auto.tcl: Setting watchdog for 200 seconds at Sun Sep 02 02:03:55 UTC 2018
15 ms. Memory: 208384K Free: 187345K (90%)
ptolemy.util.test.WatchDog.cancel(): canceling Sun Sep 02 02:03:55 UTC 2018
auto.tcl: Setting watchdog for 200 seconds at Sun Sep 02 02:03:55 UTC 2018
23 ms. Memory: 208384K Free: 185236K (89%)
ptolemy.util.test.WatchDog.cancel(): canceling Sun Sep 02 02:03:55 UTC 2018
------------------ testing $PTII/ptolemy/domains/de/test/auto/Inspection.xml
auto.tcl: Setting watchdog for 200 seconds at Sun Sep 02 02:03:55 UTC 2018
50 ms. Memory: 208384K Free: 188898K (91%)
ptolemy.util.test.WatchDog.cancel(): canceling Sun Sep 02 02:03:56 UTC 2018
auto.tcl: Setting watchdog for 200 seconds at Sun Sep 02 02:03:56 UTC 2018
45 ms. Memory: 208384K Free: 186788K (90%)
ptolemy.util.test.WatchDog.cancel(): canceling Sun Sep 02 02:03:56 UTC 2018
------------------ testing $PTII/ptolemy/domains/de/test/auto/Iteration.xml
auto.tcl: Setting watchdog for 200 seconds at Sun Sep 02 02:03:56 UTC 2018
14 ms. Memory: 208384K Free: 196027K (94%)
ptolemy.util.test.WatchDog.cancel(): canceling Sun Sep 02 02:03:56 UTC 2018
auto.tcl: Setting watchdog for 200 seconds at Sun Sep 02 02:03:56 UTC 2018
8 ms. Memory: 208384K Free: 193917K (93%)
ptolemy.util.test.WatchDog.cancel(): canceling Sun Sep 02 02:03:56 UTC 2018
------------------ testing $PTII/ptolemy/domains/de/test/auto/LineFault.xml
auto.tcl: Setting watchdog for 200 seconds at Sun Sep 02 02:03:56 UTC 2018
832 ms. Memory: 208384K Free: 196234K (94%)
ptolemy.util.test.WatchDog.cancel(): canceling Sun Sep 02 02:03:57 UTC 2018
auto.tcl: Setting watchdog for 200 seconds at Sun Sep 02 02:03:57 UTC 2018
725 ms. Memory: 208384K Free: 138630K (67%)
ptolemy.util.test.WatchDog.cancel(): canceling Sun Sep 02 02:03:58 UTC 2018
------------------ testing $PTII/ptolemy/domains/de/test/auto/MergeModel1Add.xml
auto.tcl: Setting watchdog for 200 seconds at Sun Sep 02 02:03:58 UTC 2018
32 ms. Memory: 331264K Free: 298862K (90%)
ptolemy.util.test.WatchDog.cancel(): canceling Sun Sep 02 02:03:58 UTC 2018
auto.tcl: Setting watchdog for 200 seconds at Sun Sep 02 02:03:58 UTC 2018
27 ms. Memory: 331264K Free: 298862K (90%)
ptolemy.util.test.WatchDog.cancel(): canceling Sun Sep 02 02:03:58 UTC 2018
------------------ testing $PTII/ptolemy/domains/de/test/auto/MergeModel2Add.xml
auto.tcl: Setting watchdog for 200 seconds at Sun Sep 02 02:03:58 UTC 2018
20 ms. Memory: 331264K Free: 304149K (92%)
ptolemy.util.test.WatchDog.cancel(): canceling Sun Sep 02 02:03:58 UTC 2018
auto.tcl: Setting watchdog for 200 seconds at Sun Sep 02 02:03:58 UTC 2018
15 ms. Memory: 331264K Free: 300201K (91%)
ptolemy.util.test.WatchDog.cancel(): canceling Sun Sep 02 02:03:58 UTC 2018
------------------ testing $PTII/ptolemy/domains/de/test/auto/MergeModel3Add.xml
auto.tcl: Setting watchdog for 200 seconds at Sun Sep 02 02:03:58 UTC 2018
13 ms. Memory: 331264K Free: 304159K (92%)
ptolemy.util.test.WatchDog.cancel(): canceling Sun Sep 02 02:03:58 UTC 2018
auto.tcl: Setting watchdog for 200 seconds at Sun Sep 02 02:03:58 UTC 2018
12 ms. Memory: 331264K Free: 300211K (91%)
ptolemy.util.test.WatchDog.cancel(): canceling Sun Sep 02 02:03:58 UTC 2018
------------------ testing $PTII/ptolemy/domains/de/test/auto/MergeWithoutDiscard.xml
auto.tcl: Setting watchdog for 200 seconds at Sun Sep 02 02:03:58 UTC 2018
4 ms. Memory: 331264K Free: 319950K (97%)
ptolemy.util.test.WatchDog.cancel(): canceling Sun Sep 02 02:03:58 UTC 2018
auto.tcl: Setting watchdog for 200 seconds at Sun Sep 02 02:03:58 UTC 2018
1 ms. Memory: 331264K Free: 316002K (95%)
ptolemy.util.test.WatchDog.cancel(): canceling Sun Sep 02 02:03:58 UTC 2018
------------------ testing $PTII/ptolemy/domains/de/test/auto/Modal1.xml
auto.tcl: Setting watchdog for 200 seconds at Sun Sep 02 02:03:58 UTC 2018
13 ms. Memory: 331264K Free: 309901K (94%)
ptolemy.util.test.WatchDog.cancel(): canceling Sun Sep 02 02:03:58 UTC 2018
auto.tcl: Setting watchdog for 200 seconds at Sun Sep 02 02:03:58 UTC 2018
16 ms. Memory: 331264K Free: 305953K (92%)
ptolemy.util.test.WatchDog.cancel(): canceling Sun Sep 02 02:03:58 UTC 2018
------------------ testing $PTII/ptolemy/domains/de/test/auto/Modal2.xml
auto.tcl: Setting watchdog for 200 seconds at Sun Sep 02 02:03:58 UTC 2018
22 ms. Memory: 331264K Free: 309768K (94%)
ptolemy.util.test.WatchDog.cancel(): canceling Sun Sep 02 02:03:58 UTC 2018
auto.tcl: Setting watchdog for 200 seconds at Sun Sep 02 02:03:58 UTC 2018
18 ms. Memory: 331264K Free: 305820K (92%)
ptolemy.util.test.WatchDog.cancel(): canceling Sun Sep 02 02:03:58 UTC 2018
------------------ testing $PTII/ptolemy/domains/de/test/auto/Modal3.xml
auto.tcl: Setting watchdog for 200 seconds at Sun Sep 02 02:03:59 UTC 2018
15 ms. Memory: 331264K Free: 310067K (94%)
ptolemy.util.test.WatchDog.cancel(): canceling Sun Sep 02 02:03:59 UTC 2018
auto.tcl: Setting watchdog for 200 seconds at Sun Sep 02 02:03:59 UTC 2018
17 ms. Memory: 331264K Free: 305834K (92%)
ptolemy.util.test.WatchDog.cancel(): canceling Sun Sep 02 02:03:59 UTC 2018
------------------ testing $PTII/ptolemy/domains/de/test/auto/Modal4.xml
auto.tcl: Setting watchdog for 200 seconds at Sun Sep 02 02:03:59 UTC 2018
25 ms. Memory: 331264K Free: 309779K (94%)
ptolemy.util.test.WatchDog.cancel(): canceling Sun Sep 02 02:03:59 UTC 2018
auto.tcl: Setting watchdog for 200 seconds at Sun Sep 02 02:03:59 UTC 2018
23 ms. Memory: 331264K Free: 305830K (92%)
ptolemy.util.test.WatchDog.cancel(): canceling Sun Sep 02 02:03:59 UTC 2018
------------------ testing $PTII/ptolemy/domains/de/test/auto/Modal5.xml
auto.tcl: Setting watchdog for 200 seconds at Sun Sep 02 02:03:59 UTC 2018
16 ms. Memory: 331264K Free: 309765K (94%)
ptolemy.util.test.WatchDog.cancel(): canceling Sun Sep 02 02:03:59 UTC 2018
auto.tcl: Setting watchdog for 200 seconds at Sun Sep 02 02:03:59 UTC 2018
15 ms. Memory: 331264K Free: 305817K (92%)
ptolemy.util.test.WatchDog.cancel(): canceling Sun Sep 02 02:03:59 UTC 2018
------------------ testing $PTII/ptolemy/domains/de/test/auto/Modal6.xml
auto.tcl: Setting watchdog for 200 seconds at Sun Sep 02 02:03:59 UTC 2018
13 ms. Memory: 331264K Free: 309763K (94%)
ptolemy.util.test.WatchDog.cancel(): canceling Sun Sep 02 02:03:59 UTC 2018
auto.tcl: Setting watchdog for 200 seconds at Sun Sep 02 02:03:59 UTC 2018
15 ms. Memory: 331264K Free: 305814K (92%)
ptolemy.util.test.WatchDog.cancel(): canceling Sun Sep 02 02:03:59 UTC 2018
------------------ testing $PTII/ptolemy/domains/de/test/auto/Modal7.xml
auto.tcl: Setting watchdog for 200 seconds at Sun Sep 02 02:03:59 UTC 2018
19 ms. Memory: 331264K Free: 309763K (94%)
ptolemy.util.test.WatchDog.cancel(): canceling Sun Sep 02 02:03:59 UTC 2018
auto.tcl: Setting watchdog for 200 seconds at Sun Sep 02 02:03:59 UTC 2018
10 ms. Memory: 331264K Free: 305814K (92%)
ptolemy.util.test.WatchDog.cancel(): canceling Sun Sep 02 02:03:59 UTC 2018
------------------ testing $PTII/ptolemy/domains/de/test/auto/ModalModel.xml
auto.tcl: Setting watchdog for 200 seconds at Sun Sep 02 02:03:59 UTC 2018
234 ms. Memory: 331264K Free: 246276K (74%)
ptolemy.util.test.WatchDog.cancel(): canceling Sun Sep 02 02:03:59 UTC 2018
auto.tcl: Setting watchdog for 200 seconds at Sun Sep 02 02:03:59 UTC 2018
226 ms. Memory: 331264K Free: 190998K (58%)
ptolemy.util.test.WatchDog.cancel(): canceling Sun Sep 02 02:04:00 UTC 2018
------------------ testing $PTII/ptolemy/domains/de/test/auto/ModalSource.xml
auto.tcl: Setting watchdog for 200 seconds at Sun Sep 02 02:04:00 UTC 2018
6 ms. Memory: 331264K Free: 316736K (96%)
ptolemy.util.test.WatchDog.cancel(): canceling Sun Sep 02 02:04:00 UTC 2018
auto.tcl: Setting watchdog for 200 seconds at Sun Sep 02 02:04:00 UTC 2018
6 ms. Memory: 331264K Free: 313220K (95%)
ptolemy.util.test.WatchDog.cancel(): canceling Sun Sep 02 02:04:00 UTC 2018
------------------ testing $PTII/ptolemy/domains/de/test/auto/NonInterruptibleTimerZeroDelay.xml
auto.tcl: Setting watchdog for 200 seconds at Sun Sep 02 02:04:00 UTC 2018
4 ms. Memory: 331264K Free: 320905K (97%)
ptolemy.util.test.WatchDog.cancel(): canceling Sun Sep 02 02:04:00 UTC 2018
auto.tcl: Setting watchdog for 200 seconds at Sun Sep 02 02:04:00 UTC 2018
2 ms. Memory: 331264K Free: 317388K (96%)
ptolemy.util.test.WatchDog.cancel(): canceling Sun Sep 02 02:04:00 UTC 2018
------------------ testing $PTII/ptolemy/domains/de/test/auto/OpenQueueingNetwork.xml
auto.tcl: Setting watchdog for 200 seconds at Sun Sep 02 02:04:00 UTC 2018
3534 ms. Memory: 317952K Free: 174186K (55%)
ptolemy.util.test.WatchDog.cancel(): canceling Sun Sep 02 02:04:04 UTC 2018
auto.tcl: Setting watchdog for 200 seconds at Sun Sep 02 02:04:04 UTC 2018
2013 ms. Memory: 287232K Free: 271331K (94%)
ptolemy.util.test.WatchDog.cancel(): canceling Sun Sep 02 02:04:06 UTC 2018
------------------ testing $PTII/ptolemy/domains/de/test/auto/OpenQueuingNetwork.xml
auto.tcl: Setting watchdog for 200 seconds at Sun Sep 02 02:04:06 UTC 2018
262 ms. Memory: 287232K Free: 190413K (66%)
ptolemy.util.test.WatchDog.cancel(): canceling Sun Sep 02 02:04:06 UTC 2018
auto.tcl: Setting watchdog for 200 seconds at Sun Sep 02 02:04:06 UTC 2018
252 ms. Memory: 287232K Free: 129256K (45%)
ptolemy.util.test.WatchDog.cancel(): canceling Sun Sep 02 02:04:06 UTC 2018
------------------ testing $PTII/ptolemy/domains/de/test/auto/PeriodicSampler.xml
auto.tcl: Setting watchdog for 200 seconds at Sun Sep 02 02:04:06 UTC 2018
3 ms. Memory: 289792K Free: 274824K (95%)
ptolemy.util.test.WatchDog.cancel(): canceling Sun Sep 02 02:04:06 UTC 2018
auto.tcl: Setting watchdog for 200 seconds at Sun Sep 02 02:04:06 UTC 2018
3 ms. Memory: 289792K Free: 274824K (95%)
ptolemy.util.test.WatchDog.cancel(): canceling Sun Sep 02 02:04:06 UTC 2018
------------------ testing $PTII/ptolemy/domains/de/test/auto/PersistentIO.xml
auto.tcl: Setting watchdog for 200 seconds at Sun Sep 02 02:04:06 UTC 2018
11 ms. Memory: 287232K Free: 267014K (93%)
ptolemy.util.test.WatchDog.cancel(): canceling Sun Sep 02 02:04:06 UTC 2018
auto.tcl: Setting watchdog for 200 seconds at Sun Sep 02 02:04:06 UTC 2018
4 ms. Memory: 287232K Free: 267014K (93%)
ptolemy.util.test.WatchDog.cancel(): canceling Sun Sep 02 02:04:06 UTC 2018
------------------ testing $PTII/ptolemy/domains/de/test/auto/PortParameterResetOnInitialize.xml
auto.tcl: Setting watchdog for 200 seconds at Sun Sep 02 02:04:06 UTC 2018
3 ms. Memory: 289280K Free: 274687K (95%)
ptolemy.util.test.WatchDog.cancel(): canceling Sun Sep 02 02:04:06 UTC 2018
auto.tcl: Setting watchdog for 200 seconds at Sun Sep 02 02:04:06 UTC 2018
2 ms. Memory: 289280K Free: 274687K (95%)
ptolemy.util.test.WatchDog.cancel(): canceling Sun Sep 02 02:04:06 UTC 2018
------------------ testing $PTII/ptolemy/domains/de/test/auto/PortParameterUpdates.xml
auto.tcl: Setting watchdog for 200 seconds at Sun Sep 02 02:04:06 UTC 2018
3 ms. Memory: 287232K Free: 272756K (95%)
ptolemy.util.test.WatchDog.cancel(): canceling Sun Sep 02 02:04:06 UTC 2018
auto.tcl: Setting watchdog for 200 seconds at Sun Sep 02 02:04:06 UTC 2018
4 ms. Memory: 287232K Free: 269824K (94%)
ptolemy.util.test.WatchDog.cancel(): canceling Sun Sep 02 02:04:06 UTC 2018
------------------ testing $PTII/ptolemy/domains/de/test/auto/QueueAndServer.xml
auto.tcl: Setting watchdog for 200 seconds at Sun Sep 02 02:04:07 UTC 2018
14 ms. Memory: 289280K Free: 274003K (95%)
ptolemy.util.test.WatchDog.cancel(): canceling Sun Sep 02 02:04:07 UTC 2018
auto.tcl: Setting watchdog for 200 seconds at Sun Sep 02 02:04:07 UTC 2018
9 ms. Memory: 289280K Free: 273902K (95%)
ptolemy.util.test.WatchDog.cancel(): canceling Sun Sep 02 02:04:07 UTC 2018
------------------ testing $PTII/ptolemy/domains/de/test/auto/Records.xml
auto.tcl: Setting watchdog for 200 seconds at Sun Sep 02 02:04:07 UTC 2018
5 ms. Memory: 287232K Free: 274737K (96%)
ptolemy.util.test.WatchDog.cancel(): canceling Sun Sep 02 02:04:07 UTC 2018
auto.tcl: Setting watchdog for 200 seconds at Sun Sep 02 02:04:07 UTC 2018
2 ms. Memory: 287232K Free: 274737K (96%)
ptolemy.util.test.WatchDog.cancel(): canceling Sun Sep 02 02:04:07 UTC 2018
------------------ testing $PTII/ptolemy/domains/de/test/auto/ResetTransitionWithStartTime1.xml
auto.tcl: Setting watchdog for 200 seconds at Sun Sep 02 02:04:07 UTC 2018
16 ms. Memory: 288768K Free: 273484K (95%)
ptolemy.util.test.WatchDog.cancel(): canceling Sun Sep 02 02:04:07 UTC 2018
auto.tcl: Setting watchdog for 200 seconds at Sun Sep 02 02:04:07 UTC 2018
10 ms. Memory: 288768K Free: 270459K (94%)
ptolemy.util.test.WatchDog.cancel(): canceling Sun Sep 02 02:04:07 UTC 2018
------------------ testing $PTII/ptolemy/domains/de/test/auto/ResetTransitionWithStartTime2.xml
auto.tcl: Setting watchdog for 200 seconds at Sun Sep 02 02:04:07 UTC 2018
8 ms. Memory: 287232K Free: 271938K (95%)
ptolemy.util.test.WatchDog.cancel(): canceling Sun Sep 02 02:04:07 UTC 2018
auto.tcl: Setting watchdog for 200 seconds at Sun Sep 02 02:04:07 UTC 2018
10 ms. Memory: 287232K Free: 269014K (94%)
ptolemy.util.test.WatchDog.cancel(): canceling Sun Sep 02 02:04:07 UTC 2018
------------------ testing $PTII/ptolemy/domains/de/test/auto/ResetTransitionWithStartTime3.xml
auto.tcl: Setting watchdog for 200 seconds at Sun Sep 02 02:04:07 UTC 2018
7 ms. Memory: 288768K Free: 273357K (95%)
ptolemy.util.test.WatchDog.cancel(): canceling Sun Sep 02 02:04:07 UTC 2018
auto.tcl: Setting watchdog for 200 seconds at Sun Sep 02 02:04:07 UTC 2018
13 ms. Memory: 288768K Free: 270433K (94%)
ptolemy.util.test.WatchDog.cancel(): canceling Sun Sep 02 02:04:07 UTC 2018
------------------ testing $PTII/ptolemy/domains/de/test/auto/ResetTransitionWithStartTime4.xml
auto.tcl: Setting watchdog for 200 seconds at Sun Sep 02 02:04:07 UTC 2018
5 ms. Memory: 287232K Free: 271835K (95%)
ptolemy.util.test.WatchDog.cancel(): canceling Sun Sep 02 02:04:07 UTC 2018
auto.tcl: Setting watchdog for 200 seconds at Sun Sep 02 02:04:07 UTC 2018
5 ms. Memory: 287232K Free: 271835K (95%)
ptolemy.util.test.WatchDog.cancel(): canceling Sun Sep 02 02:04:07 UTC 2018
------------------ testing $PTII/ptolemy/domains/de/test/auto/ResettableTimer1.xml
auto.tcl: Setting watchdog for 200 seconds at Sun Sep 02 02:04:07 UTC 2018
2 ms. Memory: 288768K Free: 276266K (96%)
ptolemy.util.test.WatchDog.cancel(): canceling Sun Sep 02 02:04:07 UTC 2018
auto.tcl: Setting watchdog for 200 seconds at Sun Sep 02 02:04:07 UTC 2018
3 ms. Memory: 288768K Free: 276266K (96%)
ptolemy.util.test.WatchDog.cancel(): canceling Sun Sep 02 02:04:07 UTC 2018
------------------ testing $PTII/ptolemy/domains/de/test/auto/ResettableTimer2.xml
auto.tcl: Setting watchdog for 200 seconds at Sun Sep 02 02:04:07 UTC 2018
4 ms. Memory: 287232K Free: 274897K (96%)
ptolemy.util.test.WatchDog.cancel(): canceling Sun Sep 02 02:04:07 UTC 2018
auto.tcl: Setting watchdog for 200 seconds at Sun Sep 02 02:04:07 UTC 2018
4 ms. Memory: 287232K Free: 274897K (96%)
ptolemy.util.test.WatchDog.cancel(): canceling Sun Sep 02 02:04:07 UTC 2018
------------------ testing $PTII/ptolemy/domains/de/test/auto/ResettableTimer3.xml
auto.tcl: Setting watchdog for 200 seconds at Sun Sep 02 02:04:07 UTC 2018
1 ms. Memory: 288256K Free: 275811K (96%)
ptolemy.util.test.WatchDog.cancel(): canceling Sun Sep 02 02:04:07 UTC 2018
auto.tcl: Setting watchdog for 200 seconds at Sun Sep 02 02:04:07 UTC 2018
2 ms. Memory: 288256K Free: 275811K (96%)
ptolemy.util.test.WatchDog.cancel(): canceling Sun Sep 02 02:04:07 UTC 2018
------------------ testing $PTII/ptolemy/domains/de/test/auto/ResettableTimer4.xml
auto.tcl: Setting watchdog for 200 seconds at Sun Sep 02 02:04:07 UTC 2018
1 ms. Memory: 287232K Free: 274902K (96%)
ptolemy.util.test.WatchDog.cancel(): canceling Sun Sep 02 02:04:07 UTC 2018
auto.tcl: Setting watchdog for 200 seconds at Sun Sep 02 02:04:07 UTC 2018
1 ms. Memory: 287232K Free: 274902K (96%)
ptolemy.util.test.WatchDog.cancel(): canceling Sun Sep 02 02:04:07 UTC 2018
------------------ testing $PTII/ptolemy/domains/de/test/auto/ResettableTimer5.xml
auto.tcl: Setting watchdog for 200 seconds at Sun Sep 02 02:04:07 UTC 2018
1 ms. Memory: 288256K Free: 273881K (95%)
ptolemy.util.test.WatchDog.cancel(): canceling Sun Sep 02 02:04:07 UTC 2018
auto.tcl: Setting watchdog for 200 seconds at Sun Sep 02 02:04:07 UTC 2018
2 ms. Memory: 288256K Free: 273881K (95%)
ptolemy.util.test.WatchDog.cancel(): canceling Sun Sep 02 02:04:07 UTC 2018
------------------ testing $PTII/ptolemy/domains/de/test/auto/ResettableTimer6.xml
auto.tcl: Setting watchdog for 200 seconds at Sun Sep 02 02:04:07 UTC 2018
2 ms. Memory: 287232K Free: 272690K (95%)
ptolemy.util.test.WatchDog.cancel(): canceling Sun Sep 02 02:04:07 UTC 2018
auto.tcl: Setting watchdog for 200 seconds at Sun Sep 02 02:04:07 UTC 2018
1 ms. Memory: 287232K Free: 272690K (95%)
ptolemy.util.test.WatchDog.cancel(): canceling Sun Sep 02 02:04:07 UTC 2018
------------------ testing $PTII/ptolemy/domains/de/test/auto/ServerZeroDelay.xml
auto.tcl: Setting watchdog for 200 seconds at Sun Sep 02 02:04:07 UTC 2018
4 ms. Memory: 288256K Free: 275864K (96%)
ptolemy.util.test.WatchDog.cancel(): canceling Sun Sep 02 02:04:07 UTC 2018
auto.tcl: Setting watchdog for 200 seconds at Sun Sep 02 02:04:07 UTC 2018
3 ms. Memory: 288256K Free: 275864K (96%)
ptolemy.util.test.WatchDog.cancel(): canceling Sun Sep 02 02:04:07 UTC 2018
------------------ testing $PTII/ptolemy/domains/de/test/auto/SmartSender.xml
auto.tcl: Setting watchdog for 200 seconds at Sun Sep 02 02:04:07 UTC 2018
3001 ms. Memory: 287232K Free: 272793K (95%)
ptolemy.util.test.WatchDog.cancel(): canceling Sun Sep 02 02:04:10 UTC 2018
auto.tcl: Setting watchdog for 200 seconds at Sun Sep 02 02:04:10 UTC 2018
3002 ms. Memory: 287232K Free: 272793K (95%)
ptolemy.util.test.WatchDog.cancel(): canceling Sun Sep 02 02:04:13 UTC 2018
------------------ testing $PTII/ptolemy/domains/de/test/auto/ThreadedComposite.xml
auto.tcl: Setting watchdog for 200 seconds at Sun Sep 02 02:04:13 UTC 2018
225 ms. Memory: 288256K Free: 252608K (88%)
ptolemy.util.test.WatchDog.cancel(): canceling Sun Sep 02 02:04:14 UTC 2018
auto.tcl: Setting watchdog for 200 seconds at Sun Sep 02 02:04:14 UTC 2018
197 ms. Memory: 288256K Free: 234426K (81%)
ptolemy.util.test.WatchDog.cancel(): canceling Sun Sep 02 02:04:14 UTC 2018
------------------ testing $PTII/ptolemy/domains/de/test/auto/Time.xml
auto.tcl: Setting watchdog for 200 seconds at Sun Sep 02 02:04:14 UTC 2018
570 ms. Memory: 287232K Free: 225058K (78%)
ptolemy.util.test.WatchDog.cancel(): canceling Sun Sep 02 02:04:15 UTC 2018
auto.tcl: Setting watchdog for 200 seconds at Sun Sep 02 02:04:15 UTC 2018
551 ms. Memory: 287232K Free: 172570K (60%)
ptolemy.util.test.WatchDog.cancel(): canceling Sun Sep 02 02:04:15 UTC 2018
------------------ testing $PTII/ptolemy/domains/de/test/auto/TimeDelayZeroDelay.xml
auto.tcl: Setting watchdog for 200 seconds at Sun Sep 02 02:04:15 UTC 2018
2 ms. Memory: 287744K Free: 275789K (96%)
ptolemy.util.test.WatchDog.cancel(): canceling Sun Sep 02 02:04:15 UTC 2018
auto.tcl: Setting watchdog for 200 seconds at Sun Sep 02 02:04:15 UTC 2018
2 ms. Memory: 287744K Free: 275789K (96%)
ptolemy.util.test.WatchDog.cancel(): canceling Sun Sep 02 02:04:15 UTC 2018
------------------ testing $PTII/ptolemy/domains/de/test/auto/TimerZeroDelay.xml
auto.tcl: Setting watchdog for 200 seconds at Sun Sep 02 02:04:15 UTC 2018
3 ms. Memory: 287232K Free: 275387K (96%)
ptolemy.util.test.WatchDog.cancel(): canceling Sun Sep 02 02:04:15 UTC 2018
auto.tcl: Setting watchdog for 200 seconds at Sun Sep 02 02:04:15 UTC 2018
2 ms. Memory: 287232K Free: 275387K (96%)
ptolemy.util.test.WatchDog.cancel(): canceling Sun Sep 02 02:04:15 UTC 2018
------------------ testing $PTII/ptolemy/domains/de/test/auto/TimingParadox.xml
auto.tcl: Setting watchdog for 200 seconds at Sun Sep 02 02:04:15 UTC 2018
389 ms. Memory: 287744K Free: 209308K (73%)
ptolemy.util.test.WatchDog.cancel(): canceling Sun Sep 02 02:04:16 UTC 2018
auto.tcl: Setting watchdog for 200 seconds at Sun Sep 02 02:04:16 UTC 2018
385 ms. Memory: 287744K Free: 175224K (61%)
ptolemy.util.test.WatchDog.cancel(): canceling Sun Sep 02 02:04:16 UTC 2018
------------------ testing $PTII/ptolemy/domains/de/test/auto/TransferInputs.xml
auto.tcl: Setting watchdog for 200 seconds at Sun Sep 02 02:04:16 UTC 2018
3 ms. Memory: 287744K Free: 274820K (96%)
ptolemy.util.test.WatchDog.cancel(): canceling Sun Sep 02 02:04:16 UTC 2018
auto.tcl: Setting watchdog for 200 seconds at Sun Sep 02 02:04:16 UTC 2018
2 ms. Memory: 287744K Free: 274820K (96%)
ptolemy.util.test.WatchDog.cancel(): canceling Sun Sep 02 02:04:16 UTC 2018
------------------ testing $PTII/ptolemy/domains/de/test/auto/TransferOutputs2.xml
auto.tcl: Setting watchdog for 200 seconds at Sun Sep 02 02:04:16 UTC 2018
4 ms. Memory: 287232K Free: 272804K (95%)
ptolemy.util.test.WatchDog.cancel(): canceling Sun Sep 02 02:04:16 UTC 2018
auto.tcl: Setting watchdog for 200 seconds at Sun Sep 02 02:04:16 UTC 2018
3 ms. Memory: 287232K Free: 270174K (94%)
ptolemy.util.test.WatchDog.cancel(): canceling Sun Sep 02 02:04:16 UTC 2018
------------------ testing $PTII/ptolemy/domains/de/test/auto/Trilateration.xml
auto.tcl: Setting watchdog for 200 seconds at Sun Sep 02 02:04:16 UTC 2018
14502 ms. Memory: 793088K Free: 64096K (8%)
ptolemy.util.test.WatchDog.cancel(): canceling Sun Sep 02 02:04:32 UTC 2018
auto.tcl: Setting watchdog for 200 seconds at Sun Sep 02 02:04:32 UTC 2018
10392 ms. Memory: 639488K Free: 561410K (88%)
ptolemy.util.test.WatchDog.cancel(): canceling Sun Sep 02 02:04:42 UTC 2018
------------------ testing $PTII/ptolemy/domains/de/test/auto/TwoSigmaDelta.xml
auto.tcl: Setting watchdog for 200 seconds at Sun Sep 02 02:04:43 UTC 2018
2968 ms. Memory: 643072K Free: 339564K (53%)
ptolemy.util.test.WatchDog.cancel(): canceling Sun Sep 02 02:04:46 UTC 2018
auto.tcl: Setting watchdog for 200 seconds at Sun Sep 02 02:04:46 UTC 2018
2282 ms. Memory: 643072K Free: 118341K (18%)
ptolemy.util.test.WatchDog.cancel(): canceling Sun Sep 02 02:04:48 UTC 2018
------------------ testing $PTII/ptolemy/domains/de/test/auto/VariableDelay.xml
auto.tcl: Setting watchdog for 200 seconds at Sun Sep 02 02:04:48 UTC 2018
2 ms. Memory: 640000K Free: 620910K (97%)
ptolemy.util.test.WatchDog.cancel(): canceling Sun Sep 02 02:04:48 UTC 2018
auto.tcl: Setting watchdog for 200 seconds at Sun Sep 02 02:04:48 UTC 2018
2 ms. Memory: 640000K Free: 620910K (97%)
ptolemy.util.test.WatchDog.cancel(): canceling Sun Sep 02 02:04:48 UTC 2018
------------------ testing $PTII/ptolemy/domains/de/test/auto/VariableDelay2.xml
auto.tcl: Setting watchdog for 200 seconds at Sun Sep 02 02:04:48 UTC 2018
2 ms. Memory: 639488K Free: 620821K (97%)
ptolemy.util.test.WatchDog.cancel(): canceling Sun Sep 02 02:04:48 UTC 2018
auto.tcl: Setting watchdog for 200 seconds at Sun Sep 02 02:04:48 UTC 2018
2 ms. Memory: 639488K Free: 620821K (97%)
ptolemy.util.test.WatchDog.cancel(): canceling Sun Sep 02 02:04:48 UTC 2018
------------------ testing $PTII/ptolemy/domains/de/test/auto/VariableDelayZeroDelay.xml
auto.tcl: Setting watchdog for 200 seconds at Sun Sep 02 02:04:48 UTC 2018
2 ms. Memory: 639488K Free: 615239K (96%)
ptolemy.util.test.WatchDog.cancel(): canceling Sun Sep 02 02:04:48 UTC 2018
auto.tcl: Setting watchdog for 200 seconds at Sun Sep 02 02:04:48 UTC 2018
2 ms. Memory: 639488K Free: 615239K (96%)
ptolemy.util.test.WatchDog.cancel(): canceling Sun Sep 02 02:04:48 UTC 2018
------------------ testing $PTII/ptolemy/domains/de/test/auto/VariableDelayZeroDelay2.xml
auto.tcl: Setting watchdog for 200 seconds at Sun Sep 02 02:04:48 UTC 2018
2 ms. Memory: 642048K Free: 617797K (96%)
ptolemy.util.test.WatchDog.cancel(): canceling Sun Sep 02 02:04:48 UTC 2018
auto.tcl: Setting watchdog for 200 seconds at Sun Sep 02 02:04:48 UTC 2018
3 ms. Memory: 642048K Free: 617797K (96%)
ptolemy.util.test.WatchDog.cancel(): canceling Sun Sep 02 02:04:48 UTC 2018
------------------ testing $PTII/ptolemy/domains/de/test/auto/deInCt.xml
auto.tcl: Setting watchdog for 200 seconds at Sun Sep 02 02:04:48 UTC 2018
0
1
1
1
1
1
0
0
0
0
1
1
1
0
0
0
1
1
1
1
0
0
0
0
0
1
1
1
0
0
0
0
7 ms. Memory: 639488K Free: 615226K (96%)
ptolemy.util.test.WatchDog.cancel(): canceling Sun Sep 02 02:04:48 UTC 2018
auto.tcl: Setting watchdog for 200 seconds at Sun Sep 02 02:04:48 UTC 2018
0
1
1
1
1
0
0
1
1
1
0
0
0
1
1
1
1
0
0
0
1
1
1
1
0
0
1
1
0
0
0
1
1
1
0
0
0
1
1
1
0
0
0
1
1
1
1
1
9 ms. Memory: 639488K Free: 615226K (96%)
ptolemy.util.test.WatchDog.cancel(): canceling Sun Sep 02 02:04:48 UTC 2018
------------------ testing $PTII/ptolemy/domains/de/test/auto/deInCt2.xml
auto.tcl: Setting watchdog for 200 seconds at Sun Sep 02 02:04:48 UTC 2018
0
1
1
1
0
0
1
1
1
0
0
1
1
1
0
0
1
1
1
0
0
1
1
1
0
0
1
1
1
0
0
1
1
1
0
0
1
1
1
0
0
0
13 ms. Memory: 642048K Free: 617785K (96%)
ptolemy.util.test.WatchDog.cancel(): canceling Sun Sep 02 02:04:48 UTC 2018
auto.tcl: Setting watchdog for 200 seconds at Sun Sep 02 02:04:48 UTC 2018
0
1
1
1
0
0
1
1
1
0
0
1
1
1
0
0
1
1
1
0
0
1
1
1
0
0
1
1
1
0
0
1
1
1
0
0
1
1
1
0
0
0
11 ms. Memory: 642048K Free: 617785K (96%)
ptolemy.util.test.WatchDog.cancel(): canceling Sun Sep 02 02:04:48 UTC 2018
------------------ testing $PTII/ptolemy/domains/de/test/auto/dynamicCausalityInterface1.xml
auto.tcl: Setting watchdog for 200 seconds at Sun Sep 02 02:04:48 UTC 2018
4 ms. Memory: 639488K Free: 612363K (96%)
ptolemy.util.test.WatchDog.cancel(): canceling Sun Sep 02 02:04:48 UTC 2018
auto.tcl: Setting watchdog for 200 seconds at Sun Sep 02 02:04:48 UTC 2018
1 ms. Memory: 639488K Free: 612363K (96%)
ptolemy.util.test.WatchDog.cancel(): canceling Sun Sep 02 02:04:48 UTC 2018
------------------ testing $PTII/ptolemy/domains/de/test/auto/fsm_de_test.xml
auto.tcl: Setting watchdog for 200 seconds at Sun Sep 02 02:04:49 UTC 2018
9 ms. Memory: 641536K Free: 617172K (96%)
ptolemy.util.test.WatchDog.cancel(): canceling Sun Sep 02 02:04:49 UTC 2018
auto.tcl: Setting watchdog for 200 seconds at Sun Sep 02 02:04:49 UTC 2018
6 ms. Memory: 641536K Free: 608733K (95%)
ptolemy.util.test.WatchDog.cancel(): canceling Sun Sep 02 02:04:49 UTC 2018
------------------ testing $PTII/ptolemy/domains/de/test/auto/functionDependencyReconstruction.xml
auto.tcl: Setting watchdog for 200 seconds at Sun Sep 02 02:04:49 UTC 2018
3 ms. Memory: 639488K Free: 606684K (95%)
ptolemy.util.test.WatchDog.cancel(): canceling Sun Sep 02 02:04:49 UTC 2018
auto.tcl: Setting watchdog for 200 seconds at Sun Sep 02 02:04:49 UTC 2018
3 ms. Memory: 639488K Free: 598237K (94%)
ptolemy.util.test.WatchDog.cancel(): canceling Sun Sep 02 02:04:49 UTC 2018
------------------ testing $PTII/ptolemy/domains/de/test/auto/multirate.xml
auto.tcl: Setting watchdog for 200 seconds at Sun Sep 02 02:04:49 UTC 2018
7 ms. Memory: 641536K Free: 622619K (97%)
ptolemy.util.test.WatchDog.cancel(): canceling Sun Sep 02 02:04:49 UTC 2018
auto.tcl: Setting watchdog for 200 seconds at Sun Sep 02 02:04:49 UTC 2018
3 ms. Memory: 641536K Free: 622610K (97%)
ptolemy.util.test.WatchDog.cancel(): canceling Sun Sep 02 02:04:49 UTC 2018
------------------ testing $PTII/ptolemy/domains/de/test/auto/multirate2.xml
auto.tcl: Setting watchdog for 200 seconds at Sun Sep 02 02:04:49 UTC 2018
3 ms. Memory: 639488K Free: 620759K (97%)
ptolemy.util.test.WatchDog.cancel(): canceling Sun Sep 02 02:04:49 UTC 2018
auto.tcl: Setting watchdog for 200 seconds at Sun Sep 02 02:04:49 UTC 2018
3 ms. Memory: 639488K Free: 620759K (97%)
ptolemy.util.test.WatchDog.cancel(): canceling Sun Sep 02 02:04:49 UTC 2018
------------------ testing $PTII/ptolemy/domains/de/test/auto/realtime.xml
auto.tcl: Setting watchdog for 200 seconds at Sun Sep 02 02:04:49 UTC 2018
10001 ms. Memory: 641024K Free: 616704K (96%)
ptolemy.util.test.WatchDog.cancel(): canceling Sun Sep 02 02:04:59 UTC 2018
auto.tcl: Setting watchdog for 200 seconds at Sun Sep 02 02:04:59 UTC 2018
10002 ms. Memory: 641024K Free: 616704K (96%)
ptolemy.util.test.WatchDog.cancel(): canceling Sun Sep 02 02:05:09 UTC 2018
------------------ testing $PTII/ptolemy/domains/de/test/auto/relationGroup.xml
auto.tcl: Setting watchdog for 200 seconds at Sun Sep 02 02:05:09 UTC 2018
1 ms. Memory: 639488K Free: 620783K (97%)
ptolemy.util.test.WatchDog.cancel(): canceling Sun Sep 02 02:05:09 UTC 2018
auto.tcl: Setting watchdog for 200 seconds at Sun Sep 02 02:05:09 UTC 2018
2 ms. Memory: 639488K Free: 620783K (97%)
ptolemy.util.test.WatchDog.cancel(): canceling Sun Sep 02 02:05:09 UTC 2018
------------------ testing $PTII/ptolemy/domains/de/test/auto/relationGroup2.xml
auto.tcl: Setting watchdog for 200 seconds at Sun Sep 02 02:05:09 UTC 2018
2 ms. Memory: 641024K Free: 616766K (96%)
ptolemy.util.test.WatchDog.cancel(): canceling Sun Sep 02 02:05:09 UTC 2018
auto.tcl: Setting watchdog for 200 seconds at Sun Sep 02 02:05:09 UTC 2018
1 ms. Memory: 641024K Free: 616766K (96%)
ptolemy.util.test.WatchDog.cancel(): canceling Sun Sep 02 02:05:09 UTC 2018
------------------ testing $PTII/ptolemy/domains/de/test/auto/sortWithOpaquePorts.xml
auto.tcl: Setting watchdog for 200 seconds at Sun Sep 02 02:05:09 UTC 2018
2 ms. Memory: 639488K Free: 615230K (96%)
ptolemy.util.test.WatchDog.cancel(): canceling Sun Sep 02 02:05:09 UTC 2018
auto.tcl: Setting watchdog for 200 seconds at Sun Sep 02 02:05:09 UTC 2018
1 ms. Memory: 639488K Free: 615230K (96%)
ptolemy.util.test.WatchDog.cancel(): canceling Sun Sep 02 02:05:09 UTC 2018
------------------ testing $PTII/ptolemy/domains/de/test/auto/transferInputsandOutputs.xml
auto.tcl: Setting watchdog for 200 seconds at Sun Sep 02 02:05:09 UTC 2018
2 ms. Memory: 640512K Free: 616242K (96%)
ptolemy.util.test.WatchDog.cancel(): canceling Sun Sep 02 02:05:09 UTC 2018
auto.tcl: Setting watchdog for 200 seconds at Sun Sep 02 02:05:09 UTC 2018
3 ms. Memory: 640512K Free: 616242K (96%)
ptolemy.util.test.WatchDog.cancel(): canceling Sun Sep 02 02:05:09 UTC 2018
------------------ testing $PTII/ptolemy/domains/de/test/auto/triggerType.xml
auto.tcl: Setting watchdog for 200 seconds at Sun Sep 02 02:05:09 UTC 2018
1 ms. Memory: 639488K Free: 615168K (96%)
ptolemy.util.test.WatchDog.cancel(): canceling Sun Sep 02 02:05:09 UTC 2018
auto.tcl: Setting watchdog for 200 seconds at Sun Sep 02 02:05:09 UTC 2018
1 ms. Memory: 639488K Free: 615168K (96%)
ptolemy.util.test.WatchDog.cancel(): canceling Sun Sep 02 02:05:09 UTC 2018
09/02/18 02:05:09
Failed: 0  Total Tests: 192  ((Passed: 187, Newly Passed: 1)  Known Failed: 5) /home/travis/build/icyphy/ptII/ptolemy/domains/de/test
09/02/18 02:05:09
Failed: 0  Total Tests: 192  ((Passed: 187, Newly Passed: 1)  Known Failed: 5) /home/travis/build/icyphy/ptII/ptolemy/domains/de/test
----------------- testing (KnownFailure) /home/travis/build/icyphy/ptII/ptolemy/domains/de/test/auto/knownFailedTests/DESDFClockTest.xml
2008 ms. Memory: 640512K Free: 605075K (94%)
Known Failure: java.lang.reflect.InvocationTargetException
----------------- testing (KnownFailure) /home/travis/build/icyphy/ptII/ptolemy/domains/de/test/auto/knownFailedTests/DirectFeedback.xml
1 ms. Memory: 640512K Free: 560428K (87%)
Known Failure: java.lang.reflect.InvocationTargetException
----------------- testing (KnownFailure) /home/travis/build/icyphy/ptII/ptolemy/domains/de/test/auto/knownFailedTests/FSMSource.xml
14 ms. Memory: 640512K Free: 515782K (81%)
----------------- testing (KnownFailure) /home/travis/build/icyphy/ptII/ptolemy/domains/de/test/auto/knownFailedTests/HierarchicalModel.xml
3 ms. Memory: 640512K Free: 482281K (75%)
Known Failure: java.lang.reflect.InvocationTargetException
----------------- testing (KnownFailure) /home/travis/build/icyphy/ptII/ptolemy/domains/de/test/auto/knownFailedTests/dependencyLoop.xml
2 ms. Memory: 640512K Free: 426457K (67%)
Known Failure: java.lang.reflect.InvocationTargetException
----------------- testing (KnownFailure) /home/travis/build/icyphy/ptII/ptolemy/domains/de/test/auto/knownFailedTests/dependencyLoop2.xml
2 ms. Memory: 640512K Free: 370640K (58%)
Known Failure: java.lang.reflect.InvocationTargetException
No auto/linux-amd64/*.xml tests in /home/travis/build/icyphy/ptII/ptolemy/domains/de/test
AutoTests.java: About to close Vertx.
AutoTests.java: Vertx closed.

===========================================================================================
----------------- testing Sun Sep 02 02:05:11 UTC 2018 /home/travis/build/icyphy/ptII/ptolemy/domains/de/test/auto/ActorDepthCalculation_actorWithoutPorts.xml
----------------- Instantiating /home/travis/build/icyphy/ptII/ptolemy/domains/de/test/auto/ActorDepthCalculation_actorWithoutPorts.xml
3 ms. Memory: 640512K Free: 314832K (49%)
----------------- Invoking toplevel() on ptolemy.moml.MoMLSimpleApplication@6dc69042
----------------- Done invoking toplevel() on ptolemy.moml.MoMLSimpleApplication@6dc69042
reloadAllAccessors: .ActorDepthCalculation_actorWithoutPorts

===========================================================================================
----------------- testing Sun Sep 02 02:05:11 UTC 2018 /home/travis/build/icyphy/ptII/ptolemy/domains/de/test/auto/AssemblyLine.xml
----------------- Instantiating /home/travis/build/icyphy/ptII/ptolemy/domains/de/test/auto/AssemblyLine.xml
2 ms. Memory: 640512K Free: 292509K (46%)
----------------- Invoking toplevel() on ptolemy.moml.MoMLSimpleApplication@521d24cf
----------------- Done invoking toplevel() on ptolemy.moml.MoMLSimpleApplication@521d24cf
reloadAllAccessors: .AssemblyLine

===========================================================================================
----------------- testing Sun Sep 02 02:05:11 UTC 2018 /home/travis/build/icyphy/ptII/ptolemy/domains/de/test/auto/CQBug1.xml
----------------- Instantiating /home/travis/build/icyphy/ptII/ptolemy/domains/de/test/auto/CQBug1.xml
0 ms. Memory: 640512K Free: 270186K (42%)
----------------- Invoking toplevel() on ptolemy.moml.MoMLSimpleApplication@37e673f
----------------- Done invoking toplevel() on ptolemy.moml.MoMLSimpleApplication@37e673f
reloadAllAccessors: .CQBug1

===========================================================================================
----------------- testing Sun Sep 02 02:05:11 UTC 2018 /home/travis/build/icyphy/ptII/ptolemy/domains/de/test/auto/CancelFireAt.xml
----------------- Instantiating /home/travis/build/icyphy/ptII/ptolemy/domains/de/test/auto/CancelFireAt.xml
1 ms. Memory: 640512K Free: 247862K (39%)
----------------- Invoking toplevel() on ptolemy.moml.MoMLSimpleApplication@4915f8c8
----------------- Done invoking toplevel() on ptolemy.moml.MoMLSimpleApplication@4915f8c8
reloadAllAccessors: .CancelFireAt

===========================================================================================
----------------- testing Sun Sep 02 02:05:12 UTC 2018 /home/travis/build/icyphy/ptII/ptolemy/domains/de/test/auto/CausalityAndComposabilityAnalysis.xml
----------------- Instantiating /home/travis/build/icyphy/ptII/ptolemy/domains/de/test/auto/CausalityAndComposabilityAnalysis.xml
1 ms. Memory: 640512K Free: 225539K (35%)
----------------- Invoking toplevel() on ptolemy.moml.MoMLSimpleApplication@742e7b0d
----------------- Done invoking toplevel() on ptolemy.moml.MoMLSimpleApplication@742e7b0d
reloadAllAccessors: .CausalityAndComposabilityAnalysis

===========================================================================================
----------------- testing Sun Sep 02 02:05:12 UTC 2018 /home/travis/build/icyphy/ptII/ptolemy/domains/de/test/auto/CausalityInterface1.xml
----------------- Instantiating /home/travis/build/icyphy/ptII/ptolemy/domains/de/test/auto/CausalityInterface1.xml
4 ms. Memory: 640512K Free: 203216K (32%)
----------------- Invoking toplevel() on ptolemy.moml.MoMLSimpleApplication@dc26206
----------------- Done invoking toplevel() on ptolemy.moml.MoMLSimpleApplication@dc26206
reloadAllAccessors: .CausalityInterface1

===========================================================================================
----------------- testing Sun Sep 02 02:05:12 UTC 2018 /home/travis/build/icyphy/ptII/ptolemy/domains/de/test/auto/CausalityInterface15.xml
----------------- Instantiating /home/travis/build/icyphy/ptII/ptolemy/domains/de/test/auto/CausalityInterface15.xml
2 ms. Memory: 640512K Free: 180893K (28%)
----------------- Invoking toplevel() on ptolemy.moml.MoMLSimpleApplication@286c5af2
----------------- Done invoking toplevel() on ptolemy.moml.MoMLSimpleApplication@286c5af2
reloadAllAccessors: .CausalityInterface15

[...]
java.lang.RuntimeException: Execution failed
	at ptolemy.moml.MoMLSimpleApplication$UnloadThread.run(MoMLSimpleApplication.java:402)
Caused by: ptolemy.kernel.util.IllegalActionException: Test fails in iteration 1.
Value was: 1.0. Should have been: 2.0
  in .DirectFeedback.Test
	at ptolemy.actor.lib.Test.fire(Test.java:268)
	at ptolemy.domains.de.kernel.DEDirector._fire(DEDirector.java:1949)
	at ptolemy.domains.de.kernel.DEDirector.fire(DEDirector.java:502)
	at ptolemy.actor.CompositeActor.fire(CompositeActor.java:455)
	at ptolemy.actor.Manager.iterate(Manager.java:851)
	at ptolemy.actor.Manager.execute(Manager.java:369)
	at ptolemy.actor.Manager.run(Manager.java:1263)
	at ptolemy.actor.Manager$PtolemyRunThread.run(Manager.java:1915)
java.lang.RuntimeException: Execution failed
	at ptolemy.moml.MoMLSimpleApplication$UnloadThread.run(MoMLSimpleApplication.java:402)
Caused by: ptolemy.kernel.util.IllegalActionException: Actor is not ready to fire.  Perhaps UpSample.prefire() returned false? Try debugging the actor by selecting "Listen to Actor".  Also, for SDF check moml for tokenConsumptionRate on input.
  in .DESDFClockTest.Play Bell.Copy1:SDF Director and .DESDFClockTest.Play Bell.UpSample
	at ptolemy.actor.sched.StaticSchedulingDirector.fire(StaticSchedulingDirector.java:227)
	at ptolemy.domains.sdf.kernel.SDFDirector.fire(SDFDirector.java:500)
	at ptolemy.actor.CompositeActor.fire(CompositeActor.java:455)
	at ptolemy.domains.de.kernel.DEDirector._fire(DEDirector.java:1949)
	at ptolemy.domains.de.kernel.DEDirector.fire(DEDirector.java:502)
	at ptolemy.actor.CompositeActor.fire(CompositeActor.java:455)
	at ptolemy.actor.Manager.iterate(Manager.java:851)
	at ptolemy.actor.Manager.execute(Manager.java:369)
	at ptolemy.actor.Manager.run(Manager.java:1263)
	at ptolemy.actor.Manager$PtolemyRunThread.run(Manager.java:1915)
java.lang.reflect.InvocationTargetException
	at sun.reflect.NativeConstructorAccessorImpl.newInstance0(Native Method)
	at sun.reflect.NativeConstructorAccessorImpl.newInstance(NativeConstructorAccessorImpl.java:62)
	at sun.reflect.DelegatingConstructorAccessorImpl.newInstance(DelegatingConstructorAccessorImpl.java:45)
	at java.lang.reflect.Constructor.newInstance(Constructor.java:423)
	at ptolemy.util.test.junit.AutoKnownFailedTests.RunModel(AutoKnownFailedTests.java:107)
	at sun.reflect.NativeMethodAccessorImpl.invoke0(Native Method)
	at sun.reflect.NativeMethodAccessorImpl.invoke(NativeMethodAccessorImpl.java:62)
	at sun.reflect.DelegatingMethodAccessorImpl.invoke(DelegatingMethodAccessorImpl.java:43)
	at java.lang.reflect.Method.invoke(Method.java:498)
	at org.junit.runners.model.FrameworkMethod$1.runReflectiveCall(FrameworkMethod.java:44)
	at org.junit.internal.runners.model.ReflectiveCallable.run(ReflectiveCallable.java:15)
	at org.junit.runners.model.FrameworkMethod.invokeExplosively(FrameworkMethod.java:41)
	at junitparams.internal.InvokeParameterisedMethod.evaluate(InvokeParameterisedMethod.java:102)
	at org.junit.internal.runners.statements.FailOnTimeout$1.run(FailOnTimeout.java:28)
Caused by: ptolemy.kernel.util.IllegalActionException: Actor is not ready to fire.  Perhaps UpSample.prefire() returned false? Try debugging the actor by selecting "Listen to Actor".  Also, for SDF check moml for tokenConsumptionRate on input.
  in .DESDFClockTest.Play Bell.Copy1:SDF Director and .DESDFClockTest.Play Bell.UpSample
	at ptolemy.actor.sched.StaticSchedulingDirector.fire(StaticSchedulingDirector.java:227)
	at ptolemy.domains.sdf.kernel.SDFDirector.fire(SDFDirector.java:500)
	at ptolemy.actor.CompositeActor.fire(CompositeActor.java:455)
	at ptolemy.domains.de.kernel.DEDirector._fire(DEDirector.java:1949)
	at ptolemy.domains.de.kernel.DEDirector.fire(DEDirector.java:502)
	at ptolemy.actor.CompositeActor.fire(CompositeActor.java:455)
	at ptolemy.actor.Manager.iterate(Manager.java:851)
	at ptolemy.actor.Manager.execute(Manager.java:369)
	at ptolemy.actor.Manager.run(Manager.java:1263)
	at ptolemy.actor.Manager$PtolemyRunThread.run(Manager.java:1915)
java.lang.RuntimeException: Execution failed
	at ptolemy.moml.MoMLSimpleApplication$UnloadThread.run(MoMLSimpleApplication.java:402)
Caused by: ptolemy.kernel.util.IllegalActionException: Test fails in iteration 1.
Value was: 1.0. Should have been: 2.0
  in .DirectFeedback.Test
	at ptolemy.actor.lib.Test.fire(Test.java:268)
	at ptolemy.domains.de.kernel.DEDirector._fire(DEDirector.java:1949)
	at ptolemy.domains.de.kernel.DEDirector.fire(DEDirector.java:502)
	at ptolemy.actor.CompositeActor.fire(CompositeActor.java:455)
	at ptolemy.actor.Manager.iterate(Manager.java:851)
	at ptolemy.actor.Manager.execute(Manager.java:369)
	at ptolemy.actor.Manager.run(Manager.java:1263)
	at ptolemy.actor.Manager$PtolemyRunThread.run(Manager.java:1915)
java.lang.reflect.InvocationTargetException
	at sun.reflect.NativeConstructorAccessorImpl.newInstance0(Native Method)
	at sun.reflect.NativeConstructorAccessorImpl.newInstance(NativeConstructorAccessorImpl.java:62)
	at sun.reflect.DelegatingConstructorAccessorImpl.newInstance(DelegatingConstructorAccessorImpl.java:45)
	at java.lang.reflect.Constructor.newInstance(Constructor.java:423)
	at ptolemy.util.test.junit.AutoKnownFailedTests.RunModel(AutoKnownFailedTests.java:107)
	at sun.reflect.NativeMethodAccessorImpl.invoke0(Native Method)
	at sun.reflect.NativeMethodAccessorImpl.invoke(NativeMethodAccessorImpl.java:62)
	at sun.reflect.DelegatingMethodAccessorImpl.invoke(DelegatingMethodAccessorImpl.java:43)
	at java.lang.reflect.Method.invoke(Method.java:498)
	at org.junit.runners.model.FrameworkMethod$1.runReflectiveCall(FrameworkMethod.java:44)
	at org.junit.internal.runners.model.ReflectiveCallable.run(ReflectiveCallable.java:15)
	at org.junit.runners.model.FrameworkMethod.invokeExplosively(FrameworkMethod.java:41)
	at junitparams.internal.InvokeParameterisedMethod.evaluate(InvokeParameterisedMethod.java:102)
	at org.junit.internal.runners.statements.FailOnTimeout$1.run(FailOnTimeout.java:28)
Caused by: ptolemy.kernel.util.IllegalActionException: Test fails in iteration 1.
Value was: 1.0. Should have been: 2.0
  in .DirectFeedback.Test
	at ptolemy.actor.lib.Test.fire(Test.java:268)
	at ptolemy.domains.de.kernel.DEDirector._fire(DEDirector.java:1949)
	at ptolemy.domains.de.kernel.DEDirector.fire(DEDirector.java:502)
	at ptolemy.actor.CompositeActor.fire(CompositeActor.java:455)
	at ptolemy.actor.Manager.iterate(Manager.java:851)
	at ptolemy.actor.Manager.execute(Manager.java:369)
	at ptolemy.actor.Manager.run(Manager.java:1263)
	at ptolemy.actor.Manager$PtolemyRunThread.run(Manager.java:1915)
java.lang.RuntimeException: Execution failed
	at ptolemy.moml.MoMLSimpleApplication$UnloadThread.run(MoMLSimpleApplication.java:402)
Caused by: ptolemy.kernel.util.IllegalActionException: Found a zero delay loop containing .HierarchicalModel.A
  in .HierarchicalModel and .HierarchicalModel.A
	at ptolemy.actor.util.CausalityInterfaceForComposites._computeOutputPortDepth(CausalityInterfaceForComposites.java:759)
	at ptolemy.actor.util.CausalityInterfaceForComposites._computeInputDepth(CausalityInterfaceForComposites.java:696)
	at ptolemy.actor.util.CausalityInterfaceForComposites._computeOutputPortDepth(CausalityInterfaceForComposites.java:765)
	at ptolemy.actor.util.CausalityInterfaceForComposites._computeInputDepth(CausalityInterfaceForComposites.java:696)
	at ptolemy.actor.util.CausalityInterfaceForComposites._computeOutputPortDepth(CausalityInterfaceForComposites.java:765)
	at ptolemy.actor.util.CausalityInterfaceForComposites._computeInputDepth(CausalityInterfaceForComposites.java:696)
	at ptolemy.actor.util.CausalityInterfaceForComposites._computeActorDepth(CausalityInterfaceForComposites.java:532)
	at ptolemy.actor.util.CausalityInterfaceForComposites.checkForCycles(CausalityInterfaceForComposites.java:96)
	at ptolemy.domains.de.kernel.DEDirector.preinitialize(DEDirector.java:1338)
	at ptolemy.actor.CompositeActor.preinitialize(CompositeActor.java:1828)
	at ptolemy.actor.Manager.preinitializeAndResolveTypes(Manager.java:1040)
	at ptolemy.actor.Manager.initialize(Manager.java:710)
	at ptolemy.actor.Manager.execute(Manager.java:356)
	at ptolemy.actor.Manager.run(Manager.java:1263)
	at ptolemy.actor.Manager$PtolemyRunThread.run(Manager.java:1915)
java.lang.reflect.InvocationTargetException
	at sun.reflect.NativeConstructorAccessorImpl.newInstance0(Native Method)
	at sun.reflect.NativeConstructorAccessorImpl.newInstance(NativeConstructorAccessorImpl.java:62)
	at sun.reflect.DelegatingConstructorAccessorImpl.newInstance(DelegatingConstructorAccessorImpl.java:45)
	at java.lang.reflect.Constructor.newInstance(Constructor.java:423)
	at ptolemy.util.test.junit.AutoKnownFailedTests.RunModel(AutoKnownFailedTests.java:107)
	at sun.reflect.NativeMethodAccessorImpl.invoke0(Native Method)
	at sun.reflect.NativeMethodAccessorImpl.invoke(NativeMethodAccessorImpl.java:62)
	at sun.reflect.DelegatingMethodAccessorImpl.invoke(DelegatingMethodAccessorImpl.java:43)
	at java.lang.reflect.Method.invoke(Method.java:498)
	at org.junit.runners.model.FrameworkMethod$1.runReflectiveCall(FrameworkMethod.java:44)
	at org.junit.internal.runners.model.ReflectiveCallable.run(ReflectiveCallable.java:15)
	at org.junit.runners.model.FrameworkMethod.invokeExplosively(FrameworkMethod.java:41)
	at junitparams.internal.InvokeParameterisedMethod.evaluate(InvokeParameterisedMethod.java:102)
	at org.junit.internal.runners.statements.FailOnTimeout$1.run(FailOnTimeout.java:28)
Caused by: ptolemy.kernel.util.IllegalActionException: Found a zero delay loop containing .HierarchicalModel.A
  in .HierarchicalModel and .HierarchicalModel.A
	at ptolemy.actor.util.CausalityInterfaceForComposites._computeOutputPortDepth(CausalityInterfaceForComposites.java:759)
	at ptolemy.actor.util.CausalityInterfaceForComposites._computeInputDepth(CausalityInterfaceForComposites.java:696)
	at ptolemy.actor.util.CausalityInterfaceForComposites._computeOutputPortDepth(CausalityInterfaceForComposites.java:765)
	at ptolemy.actor.util.CausalityInterfaceForComposites._computeInputDepth(CausalityInterfaceForComposites.java:696)
	at ptolemy.actor.util.CausalityInterfaceForComposites._computeOutputPortDepth(CausalityInterfaceForComposites.java:765)
	at ptolemy.actor.util.CausalityInterfaceForComposites._computeInputDepth(CausalityInterfaceForComposites.java:696)
	at ptolemy.actor.util.CausalityInterfaceForComposites._computeActorDepth(CausalityInterfaceForComposites.java:532)
	at ptolemy.actor.util.CausalityInterfaceForComposites.checkForCycles(CausalityInterfaceForComposites.java:96)
	at ptolemy.domains.de.kernel.DEDirector.preinitialize(DEDirector.java:1338)
	at ptolemy.actor.CompositeActor.preinitialize(CompositeActor.java:1828)
	at ptolemy.actor.Manager.preinitializeAndResolveTypes(Manager.java:1040)
	at ptolemy.actor.Manager.initialize(Manager.java:710)
	at ptolemy.actor.Manager.execute(Manager.java:356)
	at ptolemy.actor.Manager.run(Manager.java:1263)
	at ptolemy.actor.Manager$PtolemyRunThread.run(Manager.java:1915)
java.lang.RuntimeException: Execution failed
	at ptolemy.moml.MoMLSimpleApplication$UnloadThread.run(MoMLSimpleApplication.java:402)
Caused by: ptolemy.kernel.util.IllegalActionException: Found a zero delay loop containing .dependencyLoop.original
  in .dependencyLoop and .dependencyLoop.original
	at ptolemy.actor.util.CausalityInterfaceForComposites._computeOutputPortDepth(CausalityInterfaceForComposites.java:759)
	at ptolemy.actor.util.CausalityInterfaceForComposites._computeInputDepth(CausalityInterfaceForComposites.java:696)
	at ptolemy.actor.util.CausalityInterfaceForComposites._computeOutputPortDepth(CausalityInterfaceForComposites.java:765)
	at ptolemy.actor.util.CausalityInterfaceForComposites._computeInputDepth(CausalityInterfaceForComposites.java:696)
	at ptolemy.actor.util.CausalityInterfaceForComposites._computeOutputPortDepth(CausalityInterfaceForComposites.java:765)
	at ptolemy.actor.util.CausalityInterfaceForComposites._computeInputDepth(CausalityInterfaceForComposites.java:696)
	at ptolemy.actor.util.CausalityInterfaceForComposites._computeActorDepth(CausalityInterfaceForComposites.java:532)
	at ptolemy.actor.util.CausalityInterfaceForComposites.checkForCycles(CausalityInterfaceForComposites.java:96)
	at ptolemy.domains.de.kernel.DEDirector.preinitialize(DEDirector.java:1338)
	at ptolemy.actor.CompositeActor.preinitialize(CompositeActor.java:1828)
	at ptolemy.actor.Manager.preinitializeAndResolveTypes(Manager.java:1040)
	at ptolemy.actor.Manager.initialize(Manager.java:710)
	at ptolemy.actor.Manager.execute(Manager.java:356)
	at ptolemy.actor.Manager.run(Manager.java:1263)
	at ptolemy.actor.Manager$PtolemyRunThread.run(Manager.java:1915)
java.lang.reflect.InvocationTargetException
	at sun.reflect.NativeConstructorAccessorImpl.newInstance0(Native Method)
	at sun.reflect.NativeConstructorAccessorImpl.newInstance(NativeConstructorAccessorImpl.java:62)
	at sun.reflect.DelegatingConstructorAccessorImpl.newInstance(DelegatingConstructorAccessorImpl.java:45)
	at java.lang.reflect.Constructor.newInstance(Constructor.java:423)
	at ptolemy.util.test.junit.AutoKnownFailedTests.RunModel(AutoKnownFailedTests.java:107)
	at sun.reflect.NativeMethodAccessorImpl.invoke0(Native Method)
	at sun.reflect.NativeMethodAccessorImpl.invoke(NativeMethodAccessorImpl.java:62)
	at sun.reflect.DelegatingMethodAccessorImpl.invoke(DelegatingMethodAccessorImpl.java:43)
	at java.lang.reflect.Method.invoke(Method.java:498)
	at org.junit.runners.model.FrameworkMethod$1.runReflectiveCall(FrameworkMethod.java:44)
	at org.junit.internal.runners.model.ReflectiveCallable.run(ReflectiveCallable.java:15)
	at org.junit.runners.model.FrameworkMethod.invokeExplosively(FrameworkMethod.java:41)
	at junitparams.internal.InvokeParameterisedMethod.evaluate(InvokeParameterisedMethod.java:102)
	at org.junit.internal.runners.statements.FailOnTimeout$1.run(FailOnTimeout.java:28)
Caused by: ptolemy.kernel.util.IllegalActionException: Found a zero delay loop containing .dependencyLoop.original
  in .dependencyLoop and .dependencyLoop.original
	at ptolemy.actor.util.CausalityInterfaceForComposites._computeOutputPortDepth(CausalityInterfaceForComposites.java:759)
	at ptolemy.actor.util.CausalityInterfaceForComposites._computeInputDepth(CausalityInterfaceForComposites.java:696)
	at ptolemy.actor.util.CausalityInterfaceForComposites._computeOutputPortDepth(CausalityInterfaceForComposites.java:765)
	at ptolemy.actor.util.CausalityInterfaceForComposites._computeInputDepth(CausalityInterfaceForComposites.java:696)
	at ptolemy.actor.util.CausalityInterfaceForComposites._computeOutputPortDepth(CausalityInterfaceForComposites.java:765)
	at ptolemy.actor.util.CausalityInterfaceForComposites._computeInputDepth(CausalityInterfaceForComposites.java:696)
	at ptolemy.actor.util.CausalityInterfaceForComposites._computeActorDepth(CausalityInterfaceForComposites.java:532)
	at ptolemy.actor.util.CausalityInterfaceForComposites.checkForCycles(CausalityInterfaceForComposites.java:96)
	at ptolemy.domains.de.kernel.DEDirector.preinitialize(DEDirector.java:1338)
	at ptolemy.actor.CompositeActor.preinitialize(CompositeActor.java:1828)
	at ptolemy.actor.Manager.preinitializeAndResolveTypes(Manager.java:1040)
	at ptolemy.actor.Manager.initialize(Manager.java:710)
	at ptolemy.actor.Manager.execute(Manager.java:356)
	at ptolemy.actor.Manager.run(Manager.java:1263)
	at ptolemy.actor.Manager$PtolemyRunThread.run(Manager.java:1915)
java.lang.RuntimeException: Execution failed
	at ptolemy.moml.MoMLSimpleApplication$UnloadThread.run(MoMLSimpleApplication.java:402)
Caused by: ptolemy.kernel.util.IllegalActionException: Found a zero delay loop containing .dependencyLoop2.original
  in .dependencyLoop2 and .dependencyLoop2.original
	at ptolemy.actor.util.CausalityInterfaceForComposites._computeOutputPortDepth(CausalityInterfaceForComposites.java:759)
	at ptolemy.actor.util.CausalityInterfaceForComposites._computeInputDepth(CausalityInterfaceForComposites.java:696)
	at ptolemy.actor.util.CausalityInterfaceForComposites._computeOutputPortDepth(CausalityInterfaceForComposites.java:765)
	at ptolemy.actor.util.CausalityInterfaceForComposites._computeInputDepth(CausalityInterfaceForComposites.java:696)
	at ptolemy.actor.util.CausalityInterfaceForComposites._computeOutputPortDepth(CausalityInterfaceForComposites.java:765)
	at ptolemy.actor.util.CausalityInterfaceForComposites._computeInputDepth(CausalityInterfaceForComposites.java:696)
	at ptolemy.actor.util.CausalityInterfaceForComposites._computeActorDepth(CausalityInterfaceForComposites.java:532)
	at ptolemy.actor.util.CausalityInterfaceForComposites.checkForCycles(CausalityInterfaceForComposites.java:96)
	at ptolemy.domains.de.kernel.DEDirector.preinitialize(DEDirector.java:1338)
	at ptolemy.actor.CompositeActor.preinitialize(CompositeActor.java:1828)
	at ptolemy.actor.Manager.preinitializeAndResolveTypes(Manager.java:1040)
	at ptolemy.actor.Manager.initialize(Manager.java:710)
	at ptolemy.actor.Manager.execute(Manager.java:356)
	at ptolemy.actor.Manager.run(Manager.java:1263)
	at ptolemy.actor.Manager$PtolemyRunThread.run(Manager.java:1915)
java.lang.reflect.InvocationTargetException
	at sun.reflect.NativeConstructorAccessorImpl.newInstance0(Native Method)
	at sun.reflect.NativeConstructorAccessorImpl.newInstance(NativeConstructorAccessorImpl.java:62)
	at sun.reflect.DelegatingConstructorAccessorImpl.newInstance(DelegatingConstructorAccessorImpl.java:45)
	at java.lang.reflect.Constructor.newInstance(Constructor.java:423)
	at ptolemy.util.test.junit.AutoKnownFailedTests.RunModel(AutoKnownFailedTests.java:107)
	at sun.reflect.NativeMethodAccessorImpl.invoke0(Native Method)
	at sun.reflect.NativeMethodAccessorImpl.invoke(NativeMethodAccessorImpl.java:62)
	at sun.reflect.DelegatingMethodAccessorImpl.invoke(DelegatingMethodAccessorImpl.java:43)
	at java.lang.reflect.Method.invoke(Method.java:498)
	at org.junit.runners.model.FrameworkMethod$1.runReflectiveCall(FrameworkMethod.java:44)
	at org.junit.internal.runners.model.ReflectiveCallable.run(ReflectiveCallable.java:15)
	at org.junit.runners.model.FrameworkMethod.invokeExplosively(FrameworkMethod.java:41)
	at junitparams.internal.InvokeParameterisedMethod.evaluate(InvokeParameterisedMethod.java:102)
	at org.junit.internal.runners.statements.FailOnTimeout$1.run(FailOnTimeout.java:28)
Caused by: ptolemy.kernel.util.IllegalActionException: Found a zero delay loop containing .dependencyLoop2.original
  in .dependencyLoop2 and .dependencyLoop2.original
	at ptolemy.actor.util.CausalityInterfaceForComposites._computeOutputPortDepth(CausalityInterfaceForComposites.java:759)
	at ptolemy.actor.util.CausalityInterfaceForComposites._computeInputDepth(CausalityInterfaceForComposites.java:696)
	at ptolemy.actor.util.CausalityInterfaceForComposites._computeOutputPortDepth(CausalityInterfaceForComposites.java:765)
	at ptolemy.actor.util.CausalityInterfaceForComposites._computeInputDepth(CausalityInterfaceForComposites.java:696)
	at ptolemy.actor.util.CausalityInterfaceForComposites._computeOutputPortDepth(CausalityInterfaceForComposites.java:765)
	at ptolemy.actor.util.CausalityInterfaceForComposites._computeInputDepth(CausalityInterfaceForComposites.java:696)
	at ptolemy.actor.util.CausalityInterfaceForComposites._computeActorDepth(CausalityInterfaceForComposites.java:532)
	at ptolemy.actor.util.CausalityInterfaceForComposites.checkForCycles(CausalityInterfaceForComposites.java:96)
	at ptolemy.domains.de.kernel.DEDirector.preinitialize(DEDirector.java:1338)
	at ptolemy.actor.CompositeActor.preinitialize(CompositeActor.java:1828)
	at ptolemy.actor.Manager.preinitializeAndResolveTypes(Manager.java:1040)
	at ptolemy.actor.Manager.initialize(Manager.java:710)
	at ptolemy.actor.Manager.execute(Manager.java:356)
	at ptolemy.actor.Manager.run(Manager.java:1263)
	at ptolemy.actor.Manager$PtolemyRunThread.run(Manager.java:1915)
]]></system-err>
</testsuite>
