<?xml version="1.0" encoding="UTF-8" ?>
<testsuite errors="0" failures="0" hostname="travis-job-508f85f6-fd25-4b6d-ac2c-f3b815f9ea3a" name="ptolemy.vergil.basic.export.test.junit.ExportModelJUnitTestBatch2" skipped="0" tests="60" time="2184.491" timestamp="2019-07-21T18:49:03">
  <properties>
[...]
</properties>
  <testcase classname="ptolemy.vergil.basic.export.test.junit.ExportModelJUnitTestBatch2" name="[0] ptolemy/actor/lib/javasound/demo/KarplusStrong/KarplusStrong.xml (RunExportModel)" time="6.557" />
  <testcase classname="ptolemy.vergil.basic.export.test.junit.ExportModelJUnitTestBatch2" name="[1] ptolemy/actor/lib/jjs/demo/Factorial/Factorial.xml (RunExportModel)" time="22.802" />
  <testcase classname="ptolemy.vergil.basic.export.test.junit.ExportModelJUnitTestBatch2" name="[2] ptolemy/actor/lib/jjs/demo/JavaScriptShell/JavaScriptShell.xml (RunExportModel)" time="11.561" />
  <testcase classname="ptolemy.vergil.basic.export.test.junit.ExportModelJUnitTestBatch2" name="[3] ptolemy/actor/lib/jjs/demo/ModelBuilder/ModelBuilder.xml (RunExportModel)" time="24.782" />
  <testcase classname="ptolemy.vergil.basic.export.test.junit.ExportModelJUnitTestBatch2" name="[4] ptolemy/actor/lib/jjs/modules/aprilTags/demo/AprilTags/AprilTags.xml (RunExportModel)" time="49.158" />
  <testcase classname="ptolemy.vergil.basic.export.test.junit.ExportModelJUnitTestBatch2" name="[5] ptolemy/actor/lib/jjs/modules/aprilTags/demo/Kubi/Kubi.xml (RunExportModel)" time="58.305" />
  <testcase classname="ptolemy.vergil.basic.export.test.junit.ExportModelJUnitTestBatch2" name="[6] ptolemy/actor/lib/jjs/modules/audio/demo/Audio/Audio.xml (RunExportModel)" time="8.292" />
  <testcase classname="ptolemy.vergil.basic.export.test.junit.ExportModelJUnitTestBatch2" name="[7] ptolemy/actor/lib/jjs/modules/audio/demo/Audio/AudioCapture.xml (RunExportModel)" time="11.869" />
  <testcase classname="ptolemy.vergil.basic.export.test.junit.ExportModelJUnitTestBatch2" name="[8] ptolemy/actor/lib/jjs/modules/audio/demo/Audio/AudioClipPlayer.xml (RunExportModel)" time="10.715" />
  <testcase classname="ptolemy.vergil.basic.export.test.junit.ExportModelJUnitTestBatch2" name="[9] ptolemy/actor/lib/jjs/modules/audio/demo/Audio/AudioRecorder.xml (RunExportModel)" time="15.472" />
  <testcase classname="ptolemy.vergil.basic.export.test.junit.ExportModelJUnitTestBatch2" name="[10] ptolemy/actor/lib/jjs/modules/audio/demo/Audio/AudioSynthesis.xml (RunExportModel)" time="13.122" />
  <testcase classname="ptolemy.vergil.basic.export.test.junit.ExportModelJUnitTestBatch2" name="[11] ptolemy/actor/lib/jjs/modules/audio/demo/Audio/SpeechSynthesis.xml (RunExportModel)" time="50.091" />
  <testcase classname="ptolemy.vergil.basic.export.test.junit.ExportModelJUnitTestBatch2" name="[12] ptolemy/actor/lib/jjs/modules/cameras/demo/Camera/Camera.xml (RunExportModel)" time="45.931" />
  <testcase classname="ptolemy.vergil.basic.export.test.junit.ExportModelJUnitTestBatch2" name="[13] ptolemy/actor/lib/jjs/modules/cameras/demo/Camera/CaptureOpenLoop.xml (RunExportModel)" time="40.421" />
  <testcase classname="ptolemy.vergil.basic.export.test.junit.ExportModelJUnitTestBatch2" name="[14] ptolemy/actor/lib/jjs/modules/cameras/demo/CameraWebSocket/CameraWebSocket.xml (RunExportModel)" time="48.346" />
  <testcase classname="ptolemy.vergil.basic.export.test.junit.ExportModelJUnitTestBatch2" name="[15] ptolemy/actor/lib/jjs/modules/cameras/demo/Foscam/Foscam.xml (RunExportModel)" time="42.208" />
  <testcase classname="ptolemy.vergil.basic.export.test.junit.ExportModelJUnitTestBatch2" name="[16] ptolemy/actor/lib/jjs/modules/computerVision/demo/ComputerVision/ComputerVision.xml (RunExportModel)" time="84.123" />
  <testcase classname="ptolemy.vergil.basic.export.test.junit.ExportModelJUnitTestBatch2" name="[17] ptolemy/actor/lib/jjs/modules/contextAware/demo/ContextAware/ContextAware.xml (RunExportModel)" time="10.926" />
  <testcase classname="ptolemy.vergil.basic.export.test.junit.ExportModelJUnitTestBatch2" name="[18] ptolemy/actor/lib/jjs/modules/crypto/demo/AsymmetricEncrypt/AsymmetricEncrypt.xml (RunExportModel)" time="71.111" />
  <testcase classname="ptolemy.vergil.basic.export.test.junit.ExportModelJUnitTestBatch2" name="[19] ptolemy/actor/lib/jjs/modules/crypto/demo/MessageDigest/MessageDigest.xml (RunExportModel)" time="48.281" />
  <testcase classname="ptolemy.vergil.basic.export.test.junit.ExportModelJUnitTestBatch2" name="[20] ptolemy/actor/lib/jjs/modules/crypto/demo/RandomBytes/RandomBytes.xml (RunExportModel)" time="17.693" />
  <testcase classname="ptolemy.vergil.basic.export.test.junit.ExportModelJUnitTestBatch2" name="[21] ptolemy/actor/lib/jjs/modules/crypto/demo/SymmetricEncrypt/SymmetricEncrypt.xml (RunExportModel)" time="30.075" />
  <testcase classname="ptolemy.vergil.basic.export.test.junit.ExportModelJUnitTestBatch2" name="[22] ptolemy/actor/lib/jjs/modules/discovery/demo/Discovery/Discovery.xml (RunExportModel)" time="8.229" />
  <testcase classname="ptolemy.vergil.basic.export.test.junit.ExportModelJUnitTestBatch2" name="[23] ptolemy/actor/lib/jjs/modules/discovery/demo/Discovery/DiscoveryJS.xml (RunExportModel)" time="34.443" />
  <testcase classname="ptolemy.vergil.basic.export.test.junit.ExportModelJUnitTestBatch2" name="[24] ptolemy/actor/lib/jjs/modules/discovery/demo/Discovery/PopulateSwarmboxMap.xml (RunExportModel)" time="76.391" />
  <testcase classname="ptolemy.vergil.basic.export.test.junit.ExportModelJUnitTestBatch2" name="[25] ptolemy/actor/lib/jjs/modules/discovery/demo/Discovery/PostSwarmboxDevices.xml (RunExportModel)" time="47.538" />
  <testcase classname="ptolemy.vergil.basic.export.test.junit.ExportModelJUnitTestBatch2" name="[26] ptolemy/actor/lib/jjs/modules/discovery/demo/Heartbeat/Heartbeat.xml (RunExportModel)" time="43.231" />
  <testcase classname="ptolemy.vergil.basic.export.test.junit.ExportModelJUnitTestBatch2" name="[27] ptolemy/actor/lib/jjs/modules/dsp/demo/AudioFFT/AudioFFT.xml (RunExportModel)" time="17.474" />
  <testcase classname="ptolemy.vergil.basic.export.test.junit.ExportModelJUnitTestBatch2" name="[28] ptolemy/actor/lib/jjs/modules/dsp/demo/AudioFFT/SinusoidFFT.xml (RunExportModel)" time="26.444" />
  <testcase classname="ptolemy.vergil.basic.export.test.junit.ExportModelJUnitTestBatch2" name="[29] ptolemy/actor/lib/jjs/modules/eventbus/demo/VertxBus/VertxBus.xml (RunExportModel)" time="37.524" />
  <testcase classname="ptolemy.vergil.basic.export.test.junit.ExportModelJUnitTestBatch2" name="[30] ptolemy/actor/lib/jjs/modules/eventbus/demo/VertxChat/VertxChat.xml (RunExportModel)" time="17.994" />
  <testcase classname="ptolemy.vergil.basic.export.test.junit.ExportModelJUnitTestBatch2" name="[31] ptolemy/actor/lib/jjs/modules/faceDetector/demo/FaceDetector/FaceDetector.xml (RunExportModel)" time="19.281" />
  <testcase classname="ptolemy.vergil.basic.export.test.junit.ExportModelJUnitTestBatch2" name="[32] ptolemy/actor/lib/jjs/modules/faceDetector/demo/FaceDetectorCamera/FaceDetectorCamera.xml (RunExportModel)" time="46.338" />
  <testcase classname="ptolemy.vergil.basic.export.test.junit.ExportModelJUnitTestBatch2" name="[33] ptolemy/actor/lib/jjs/modules/faceDetector/demo/OccupancyCount/OccupancyCount.xml (RunExportModel)" time="43.455" />
  <testcase classname="ptolemy.vergil.basic.export.test.junit.ExportModelJUnitTestBatch2" name="[34] ptolemy/actor/lib/jjs/modules/httpClient/demo/REST/REST.xml (RunExportModel)" time="8.333" />
  <testcase classname="ptolemy.vergil.basic.export.test.junit.ExportModelJUnitTestBatch2" name="[35] ptolemy/actor/lib/jjs/modules/httpClient/demo/REST/RESTSimple.xml (RunExportModel)" time="16.149" />
  <testcase classname="ptolemy.vergil.basic.export.test.junit.ExportModelJUnitTestBatch2" name="[36] ptolemy/actor/lib/jjs/modules/httpClient/demo/REST/Weather.xml (RunExportModel)" time="13.123" />
  <testcase classname="ptolemy.vergil.basic.export.test.junit.ExportModelJUnitTestBatch2" name="[37] ptolemy/actor/lib/jjs/modules/httpServer/demo/HttpServer/HttpServer.xml (RunExportModel)" time="41.221" />
  <testcase classname="ptolemy.vergil.basic.export.test.junit.ExportModelJUnitTestBatch2" name="[38] ptolemy/actor/lib/jjs/modules/httpServer/demo/KeyValueStoreClient/KeyValueStoreClient.xml (RunExportModel)" time="46.112" />
  <testcase classname="ptolemy.vergil.basic.export.test.junit.ExportModelJUnitTestBatch2" name="[39] ptolemy/actor/lib/jjs/modules/httpServer/demo/KeyValueStoreClient/KeyValueStoreServer.xml (RunExportModel)" time="54.38" />
  <testcase classname="ptolemy.vergil.basic.export.test.junit.ExportModelJUnitTestBatch2" name="[40] ptolemy/actor/lib/jjs/modules/httpServer/demo/KeyValueStoreClient/KeyValueStoreServerTerra.xml (RunExportModel)" time="58.063" />
  <testcase classname="ptolemy.vergil.basic.export.test.junit.ExportModelJUnitTestBatch2" name="[41] ptolemy/actor/lib/jjs/modules/httpServer/demo/WebServer/WebServer.xml (RunExportModel)" time="50.151" />
  <testcase classname="ptolemy.vergil.basic.export.test.junit.ExportModelJUnitTestBatch2" name="[42] ptolemy/actor/lib/jjs/modules/imageFilters/demo/ImageAnnotate/ImageAnnotate.xml (RunExportModel)" time="48.929" />
  <testcase classname="ptolemy.vergil.basic.export.test.junit.ExportModelJUnitTestBatch2" name="[43] ptolemy/actor/lib/jjs/modules/imageFilters/demo/ImageFilters/Annotate.xml (RunExportModel)" time="43.432" />
  <testcase classname="ptolemy.vergil.basic.export.test.junit.ExportModelJUnitTestBatch2" name="[44] ptolemy/actor/lib/jjs/modules/imageFilters/demo/ImageFilters/Average.xml (RunExportModel)" time="42.267" />
  <testcase classname="ptolemy.vergil.basic.export.test.junit.ExportModelJUnitTestBatch2" name="[45] ptolemy/actor/lib/jjs/modules/imageFilters/demo/ImageFilters/BicubicScale.xml (RunExportModel)" time="42.596" />
  <testcase classname="ptolemy.vergil.basic.export.test.junit.ExportModelJUnitTestBatch2" name="[46] ptolemy/actor/lib/jjs/modules/imageFilters/demo/ImageFilters/Block.xml (RunExportModel)" time="42.977" />
  <testcase classname="ptolemy.vergil.basic.export.test.junit.ExportModelJUnitTestBatch2" name="[47] ptolemy/actor/lib/jjs/modules/imageFilters/demo/ImageFilters/Border.xml (RunExportModel)" time="42.584" />
  <testcase classname="ptolemy.vergil.basic.export.test.junit.ExportModelJUnitTestBatch2" name="[48] ptolemy/actor/lib/jjs/modules/imageFilters/demo/ImageFilters/BoxBlur.xml (RunExportModel)" time="42.111" />
  <testcase classname="ptolemy.vergil.basic.export.test.junit.ExportModelJUnitTestBatch2" name="[49] ptolemy/actor/lib/jjs/modules/imageFilters/demo/ImageFilters/Bump.xml (RunExportModel)" time="43.81" />
  <testcase classname="ptolemy.vergil.basic.export.test.junit.ExportModelJUnitTestBatch2" name="[50] ptolemy/actor/lib/jjs/modules/imageFilters/demo/ImageFilters/ChannelMix.xml (RunExportModel)" time="43.649" />
  <testcase classname="ptolemy.vergil.basic.export.test.junit.ExportModelJUnitTestBatch2" name="[51] ptolemy/actor/lib/jjs/modules/imageFilters/demo/ImageFilters/Chrome.xml (RunExportModel)" time="44.593" />
  <testcase classname="ptolemy.vergil.basic.export.test.junit.ExportModelJUnitTestBatch2" name="[52] ptolemy/actor/lib/jjs/modules/imageFilters/demo/ImageFilters/Circle.xml (RunExportModel)" time="44.09" />
  <testcase classname="ptolemy.vergil.basic.export.test.junit.ExportModelJUnitTestBatch2" name="[53] ptolemy/actor/lib/jjs/modules/imageFilters/demo/ImageFilters/ColorHalftone.xml (RunExportModel)" time="44.377" />
  <testcase classname="ptolemy.vergil.basic.export.test.junit.ExportModelJUnitTestBatch2" name="[54] ptolemy/actor/lib/jjs/modules/imageFilters/demo/ImageFilters/Contour.xml (RunExportModel)" time="45.248" />
  <testcase classname="ptolemy.vergil.basic.export.test.junit.ExportModelJUnitTestBatch2" name="[55] ptolemy/actor/lib/jjs/modules/imageFilters/demo/ImageFilters/Contrast.xml (RunExportModel)" time="44.333" />
  <testcase classname="ptolemy.vergil.basic.export.test.junit.ExportModelJUnitTestBatch2" name="[56] ptolemy/actor/lib/jjs/modules/imageFilters/demo/ImageFilters/Crop.xml (RunExportModel)" time="44.207" />
  <testcase classname="ptolemy.vergil.basic.export.test.junit.ExportModelJUnitTestBatch2" name="[57] ptolemy/actor/lib/jjs/modules/imageFilters/demo/ImageFilters/Crystallize.xml (RunExportModel)" time="44.399" />
  <testcase classname="ptolemy.vergil.basic.export.test.junit.ExportModelJUnitTestBatch2" name="[58] ptolemy/actor/lib/jjs/modules/imageFilters/demo/ImageFilters/Gray.xml (RunExportModel)" time="44.516" />
  <testcase classname="ptolemy.vergil.basic.export.test.junit.ExportModelJUnitTestBatch2" name="[59] ptolemy/actor/lib/jjs/modules/imageFilters/demo/ImageFilters/ImageFilters.xml (RunExportModel)" time="8.352" />
  <system-out><![CDATA[ExportModeJUnitTestBatch: There are 741 demos. Exporting demos: 141 to 200.
####### 1 Sun Jul 21 18:49:03 UTC 2019 $PTII/bin/ptinvoke ptolemy.vergil.basic.export.ExportModel -force htm  -openComposites -timeOut 30000 -whiteBackground ptolemy/actor/lib/javasound/demo/KarplusStrong/KarplusStrong.xml $PTII/ptolemy/actor/lib/javasound/demo/KarplusStrong/KarplusStrong
Warning: not running ptolemy/actor/lib/javasound/demo/KarplusStrong/KarplusStrong.xml. See ptolemy/vergil/basic/export/test/junit/ExportModelJUnitTest.java
Exported /home/travis/build/icyphy/ptII/ptolemy/actor/lib/javasound/demo/KarplusStrong/KarplusStrong/index.html
6466 ms. Memory: 156672K Free: 101327K (65%)
####### 2 Sun Jul 21 18:49:09 UTC 2019 $PTII/bin/ptinvoke ptolemy.vergil.basic.export.ExportModel -force htm -run -openComposites -timeOut 30000 -whiteBackground ptolemy/actor/lib/jjs/demo/Factorial/Factorial.xml $PTII/ptolemy/actor/lib/jjs/demo/Factorial/Factorial
----------------- Sun Jul 21 18:49:09 UTC 2019 About to sleep for 5.0 seconds before running or rerunning.  Test is: /home/travis/build/icyphy/ptII/ptolemy/actor/lib/jjs/demo/Factorial/Factorial.xml
Done sleeping
Running .Factorial
5708 ms. Memory: 272384K Free: 88574K (33%)
Exported /home/travis/build/icyphy/ptII/ptolemy/actor/lib/jjs/demo/Factorial/Factorial/index.html
17788 ms. Memory: 272384K Free: 196053K (72%)
####### 3 Sun Jul 21 18:49:32 UTC 2019 $PTII/bin/ptinvoke ptolemy.vergil.basic.export.ExportModel -force htm -run -openComposites -timeOut 30000 -whiteBackground ptolemy/actor/lib/jjs/demo/JavaScriptShell/JavaScriptShell.xml $PTII/ptolemy/actor/lib/jjs/demo/JavaScriptShell/JavaScriptShell
----------------- Sun Jul 21 18:49:32 UTC 2019 About to sleep for 5.0 seconds before running or rerunning.  Test is: /home/travis/build/icyphy/ptII/ptolemy/actor/lib/jjs/demo/JavaScriptShell/JavaScriptShell.xml
Done sleeping
.JavaScriptShell.InteractiveShell invoked SwingUtilities.invokeAndWait()
Model ".JavaScriptShell" contains actors such cannot be run  as part of the export process from ExportModel or it has a WebExportParameters value that runBeforeExport set to false. To export run this model and export it, use vergil.
Exported /home/travis/build/icyphy/ptII/ptolemy/actor/lib/jjs/demo/JavaScriptShell/JavaScriptShell/index.html
6557 ms. Memory: 330752K Free: 170419K (52%)
####### 4 Sun Jul 21 18:49:44 UTC 2019 $PTII/bin/ptinvoke ptolemy.vergil.basic.export.ExportModel -force htm -run -openComposites -timeOut 30000 -whiteBackground ptolemy/actor/lib/jjs/demo/ModelBuilder/ModelBuilder.xml $PTII/ptolemy/actor/lib/jjs/demo/ModelBuilder/ModelBuilder
----------------- Sun Jul 21 18:49:44 UTC 2019 About to sleep for 5.0 seconds before running or rerunning.  Test is: /home/travis/build/icyphy/ptII/ptolemy/actor/lib/jjs/demo/ModelBuilder/ModelBuilder.xml
Done sleeping
Running .ModelBuilder
0
1
2
3
4
5
6
7
8
9
10
11
12
13
14
15
16
17
18
19
20
21
22
23
24
25
26
27
28
29
30
31
32
33
34
35
36
37
38
39
40
41
42
43
44
45
46
47
48
49
50
51
52
53
54
55
56
57
58
59
60
61
62
63
64
65
66
67
68
69
70
71
72
73
74
75
76
77
78
79
80
81
82
83
84
85
86
87
88
89
90
91
92
93
94
95
96
97
98
99
42 ms. Memory: 397312K Free: 167424K (42%)
9734 ms. Memory: 397312K Free: 154618K (39%)
Exported /home/travis/build/icyphy/ptII/ptolemy/actor/lib/jjs/demo/ModelBuilder/ModelBuilder/index.html
19780 ms. Memory: 397312K Free: 96221K (24%)
####### 5 Sun Jul 21 18:50:08 UTC 2019 $PTII/bin/ptinvoke ptolemy.vergil.basic.export.ExportModel -force htm -run -openComposites -timeOut 30000 -whiteBackground ptolemy/actor/lib/jjs/modules/aprilTags/demo/AprilTags/AprilTags.xml $PTII/ptolemy/actor/lib/jjs/modules/aprilTags/demo/AprilTags/AprilTags
----------------- Sun Jul 21 18:50:08 UTC 2019 About to sleep for 5.0 seconds before running or rerunning.  Test is: /home/travis/build/icyphy/ptII/ptolemy/actor/lib/jjs/modules/aprilTags/demo/AprilTags/AprilTags.xml
Done sleeping
JSAccessor: PT_NO_NET environment variable is set, so git pull and ptdoc are not being run.
No physical cameras found, using WebcamDummyDriver.
Running .AprilTags
Manager.initialize() finished: 10379 ms. Memory: 591872K Free: 361984K (61%)
ExportHTMLTimer went off after 30000 ms., calling getDirector().finish and getDirector().stopFire()
30067 ms. Memory: 3582976K Free: 2257478K (63%)
Exported /home/travis/build/icyphy/ptII/ptolemy/actor/lib/jjs/modules/aprilTags/demo/AprilTags/AprilTags/index.html
44157 ms. Memory: 3582976K Free: 2230832K (62%)
####### 6 Sun Jul 21 18:50:58 UTC 2019 $PTII/bin/ptinvoke ptolemy.vergil.basic.export.ExportModel -force htm -run -openComposites -timeOut 30000 -whiteBackground ptolemy/actor/lib/jjs/modules/aprilTags/demo/Kubi/Kubi.xml $PTII/ptolemy/actor/lib/jjs/modules/aprilTags/demo/Kubi/Kubi
----------------- Sun Jul 21 18:50:58 UTC 2019 About to sleep for 5.0 seconds before running or rerunning.  Test is: /home/travis/build/icyphy/ptII/ptolemy/actor/lib/jjs/modules/aprilTags/demo/Kubi/Kubi.xml
Done sleeping
Opened file:/home/travis/build/icyphy/ptII/ptolemy/actor/lib/jjs/modules/aprilTags/demo/Kubi/Kubi.xml in 18763 ms.
Size Statistics for .Kubi
AtomicEntities: 11
CompositeEntities: 0
OpaqueCompositeEntities: 0
Relations: 8
Attributes: 107
Atomic Actor Names and Counts:
ptolemy.actor.lib.jjs.JavaScript 4
org.terraswarm.accessor.JSAccessor 3
ptolemy.actor.lib.image.ImageDisplay 2
ptolemy.actor.lib.gui.MonitorValue 1
ptolemy.actor.lib.gui.TimedDisplay 1

Composite Entity Depths and Counts:

Running .Kubi
preinitialize() finished: 17216 ms. Memory: 3582976K Free: 3068923K (86%)
Kubi: Kubi.js: Initializing... (Thread[AWT-EventQueue-0,6,main])
Kubi: Kubi.js: Handler added (Thread[AWT-EventQueue-0,6,main])
Kubi: Kubi.js: Connecting... (Thread[AWT-EventQueue-0,6,main])
Kubi2: Kubi.js: Initializing... (Thread[AWT-EventQueue-0,6,main])
Kubi2: Kubi.js: Handler added (Thread[AWT-EventQueue-0,6,main])
Kubi2: Kubi.js: Connecting... (Thread[AWT-EventQueue-0,6,main])
Manager.initialize() finished: 27870 ms. Memory: 3582976K Free: 3035134K (85%)
ExportHTMLTimer went off after 30000 ms., calling getDirector().finish and getDirector().stopFire()
30110 ms. Memory: 3582976K Free: 2884606K (81%)
Exported /home/travis/build/icyphy/ptII/ptolemy/actor/lib/jjs/modules/aprilTags/demo/Kubi/Kubi/index.html
53304 ms. Memory: 3582976K Free: 2842110K (79%)
####### 7 Sun Jul 21 18:51:56 UTC 2019 $PTII/bin/ptinvoke ptolemy.vergil.basic.export.ExportModel -force htm  -openComposites -timeOut 30000 -whiteBackground ptolemy/actor/lib/jjs/modules/audio/demo/Audio/Audio.xml $PTII/ptolemy/actor/lib/jjs/modules/audio/demo/Audio/Audio
Warning: not running ptolemy/actor/lib/jjs/modules/audio/demo/Audio/Audio.xml. See ptolemy/vergil/basic/export/test/junit/ExportModelJUnitTest.java
----------------- Sun Jul 21 18:51:56 UTC 2019 About to sleep for 5.0 seconds before running or rerunning.  Test is: /home/travis/build/icyphy/ptII/ptolemy/actor/lib/jjs/modules/audio/demo/Audio/Audio.xml
Done sleeping
Exported /home/travis/build/icyphy/ptII/ptolemy/actor/lib/jjs/modules/audio/demo/Audio/Audio/index.html
3290 ms. Memory: 3582976K Free: 2729462K (76%)
####### 8 Sun Jul 21 18:52:04 UTC 2019 $PTII/bin/ptinvoke ptolemy.vergil.basic.export.ExportModel -force htm  -openComposites -timeOut 30000 -whiteBackground ptolemy/actor/lib/jjs/modules/audio/demo/Audio/AudioCapture.xml $PTII/ptolemy/actor/lib/jjs/modules/audio/demo/Audio/AudioCapture
Warning: not running ptolemy/actor/lib/jjs/modules/audio/demo/Audio/AudioCapture.xml. See ptolemy/vergil/basic/export/test/junit/ExportModelJUnitTest.java
----------------- Sun Jul 21 18:52:04 UTC 2019 About to sleep for 5.0 seconds before running or rerunning.  Test is: /home/travis/build/icyphy/ptII/ptolemy/actor/lib/jjs/modules/audio/demo/Audio/AudioCapture.xml
Done sleeping
Prism pipeline init order: es2 sw 
Using Double Precision Marlin Rasterizer
Using dirty region optimizations
Not using texture mask for primitives
Not forcing power of 2 sizes for textures
Using hardware CLAMP_TO_ZERO mode
Opting in for HiDPI pixel scaling
Prism pipeline name = com.sun.prism.es2.ES2Pipeline
Loading ES2 native library ... prism_es2
	succeeded.
GLFactory using com.sun.prism.es2.X11GLFactory
(X) Got class = class com.sun.prism.es2.ES2Pipeline
Prism pipeline name = com.sun.prism.sw.SWPipeline
(X) Got class = class com.sun.prism.sw.SWPipeline
Initialized prism pipeline: com.sun.prism.sw.SWPipeline
Exported /home/travis/build/icyphy/ptII/ptolemy/actor/lib/jjs/modules/audio/demo/Audio/AudioCapture/index.html
6868 ms. Memory: 3582976K Free: 2659097K (74%)
####### 9 Sun Jul 21 18:52:16 UTC 2019 $PTII/bin/ptinvoke ptolemy.vergil.basic.export.ExportModel -force htm  -openComposites -timeOut 30000 -whiteBackground ptolemy/actor/lib/jjs/modules/audio/demo/Audio/AudioClipPlayer.xml $PTII/ptolemy/actor/lib/jjs/modules/audio/demo/Audio/AudioClipPlayer
Warning: not running ptolemy/actor/lib/jjs/modules/audio/demo/Audio/AudioClipPlayer.xml. See ptolemy/vergil/basic/export/test/junit/ExportModelJUnitTest.java
----------------- Sun Jul 21 18:52:16 UTC 2019 About to sleep for 5.0 seconds before running or rerunning.  Test is: /home/travis/build/icyphy/ptII/ptolemy/actor/lib/jjs/modules/audio/demo/Audio/AudioClipPlayer.xml
Done sleeping
Exported /home/travis/build/icyphy/ptII/ptolemy/actor/lib/jjs/modules/audio/demo/Audio/AudioClipPlayer/index.html
5714 ms. Memory: 3582976K Free: 2660339K (74%)
####### 10 Sun Jul 21 18:52:27 UTC 2019 $PTII/bin/ptinvoke ptolemy.vergil.basic.export.ExportModel -force htm  -openComposites -timeOut 30000 -whiteBackground ptolemy/actor/lib/jjs/modules/audio/demo/Audio/AudioRecorder.xml $PTII/ptolemy/actor/lib/jjs/modules/audio/demo/Audio/AudioRecorder
Warning: not running ptolemy/actor/lib/jjs/modules/audio/demo/Audio/AudioRecorder.xml. See ptolemy/vergil/basic/export/test/junit/ExportModelJUnitTest.java
----------------- Sun Jul 21 18:52:27 UTC 2019 About to sleep for 5.0 seconds before running or rerunning.  Test is: /home/travis/build/icyphy/ptII/ptolemy/actor/lib/jjs/modules/audio/demo/Audio/AudioRecorder.xml
Done sleeping
Exported /home/travis/build/icyphy/ptII/ptolemy/actor/lib/jjs/modules/audio/demo/Audio/AudioRecorder/index.html
10471 ms. Memory: 3582976K Free: 3053558K (85%)
####### 11 Sun Jul 21 18:52:42 UTC 2019 $PTII/bin/ptinvoke ptolemy.vergil.basic.export.ExportModel -force htm  -openComposites -timeOut 30000 -whiteBackground ptolemy/actor/lib/jjs/modules/audio/demo/Audio/AudioSynthesis.xml $PTII/ptolemy/actor/lib/jjs/modules/audio/demo/Audio/AudioSynthesis
Warning: not running ptolemy/actor/lib/jjs/modules/audio/demo/Audio/AudioSynthesis.xml. See ptolemy/vergil/basic/export/test/junit/ExportModelJUnitTest.java
----------------- Sun Jul 21 18:52:42 UTC 2019 About to sleep for 5.0 seconds before running or rerunning.  Test is: /home/travis/build/icyphy/ptII/ptolemy/actor/lib/jjs/modules/audio/demo/Audio/AudioSynthesis.xml
Done sleeping
Exported /home/travis/build/icyphy/ptII/ptolemy/actor/lib/jjs/modules/audio/demo/Audio/AudioSynthesis/index.html
8121 ms. Memory: 3582976K Free: 2952694K (82%)
####### 12 Sun Jul 21 18:52:55 UTC 2019 $PTII/bin/ptinvoke ptolemy.vergil.basic.export.ExportModel -force htm -run -openComposites -timeOut 30000 -whiteBackground ptolemy/actor/lib/jjs/modules/audio/demo/Audio/SpeechSynthesis.xml $PTII/ptolemy/actor/lib/jjs/modules/audio/demo/Audio/SpeechSynthesis
----------------- Sun Jul 21 18:52:55 UTC 2019 About to sleep for 5.0 seconds before running or rerunning.  Test is: /home/travis/build/icyphy/ptII/ptolemy/actor/lib/jjs/modules/audio/demo/Audio/SpeechSynthesis.xml
Done sleeping
Opened file:/home/travis/build/icyphy/ptII/ptolemy/actor/lib/jjs/modules/audio/demo/Audio/SpeechSynthesis.xml in 10650 ms.
Size Statistics for .SpeechSynthesis
AtomicEntities: 5
CompositeEntities: 0
OpaqueCompositeEntities: 0
Relations: 4
Attributes: 54
Atomic Actor Names and Counts:
org.terraswarm.accessor.JSAccessor 4
ptolemy.actor.lib.jjs.JavaScript 1

Composite Entity Depths and Counts:

Running .SpeechSynthesis
Manager.initialize() finished: 16224 ms. Memory: 3582976K Free: 2461184K (69%)
ExportHTMLTimer went off after 30000 ms., calling getDirector().finish and getDirector().stopFire()
30060 ms. Memory: 3582976K Free: 2376192K (66%)
Exported /home/travis/build/icyphy/ptII/ptolemy/actor/lib/jjs/modules/audio/demo/Audio/SpeechSynthesis/index.html
45087 ms. Memory: 3582976K Free: 2348009K (66%)
####### 13 Sun Jul 21 18:53:46 UTC 2019 $PTII/bin/ptinvoke ptolemy.vergil.basic.export.ExportModel -force htm -run -openComposites -timeOut 30000 -whiteBackground ptolemy/actor/lib/jjs/modules/cameras/demo/Camera/Camera.xml $PTII/ptolemy/actor/lib/jjs/modules/cameras/demo/Camera/Camera
----------------- Sun Jul 21 18:53:46 UTC 2019 About to sleep for 5.0 seconds before running or rerunning.  Test is: /home/travis/build/icyphy/ptII/ptolemy/actor/lib/jjs/modules/cameras/demo/Camera/Camera.xml
Done sleeping
Running .Camera
Manager.initialize() finished: 10884 ms. Memory: 3582976K Free: 1995776K (56%)
ExportHTMLTimer went off after 30000 ms., calling getDirector().finish and getDirector().stopFire()
30351 ms. Memory: 3582976K Free: 1645566K (46%)
Exported /home/travis/build/icyphy/ptII/ptolemy/actor/lib/jjs/modules/cameras/demo/Camera/Camera/index.html
40929 ms. Memory: 3582976K Free: 1614821K (45%)
####### 14 Sun Jul 21 18:54:31 UTC 2019 $PTII/bin/ptinvoke ptolemy.vergil.basic.export.ExportModel -force htm -run -openComposites -timeOut 30000 -whiteBackground ptolemy/actor/lib/jjs/modules/cameras/demo/Camera/CaptureOpenLoop.xml $PTII/ptolemy/actor/lib/jjs/modules/cameras/demo/Camera/CaptureOpenLoop
----------------- Sun Jul 21 18:54:31 UTC 2019 About to sleep for 5.0 seconds before running or rerunning.  Test is: /home/travis/build/icyphy/ptII/ptolemy/actor/lib/jjs/modules/cameras/demo/Camera/CaptureOpenLoop.xml
Done sleeping
Running .CaptureOpenLoop
26885 ms. Memory: 3582976K Free: 904243K (25%)
Exported /home/travis/build/icyphy/ptII/ptolemy/actor/lib/jjs/modules/cameras/demo/Camera/CaptureOpenLoop/index.html
35420 ms. Memory: 3582976K Free: 873003K (24%)
####### 15 Sun Jul 21 18:55:12 UTC 2019 $PTII/bin/ptinvoke ptolemy.vergil.basic.export.ExportModel -force htm -run -openComposites -timeOut 30000 -whiteBackground ptolemy/actor/lib/jjs/modules/cameras/demo/CameraWebSocket/CameraWebSocket.xml $PTII/ptolemy/actor/lib/jjs/modules/cameras/demo/CameraWebSocket/CameraWebSocket
----------------- Sun Jul 21 18:55:12 UTC 2019 About to sleep for 5.0 seconds before running or rerunning.  Test is: /home/travis/build/icyphy/ptII/ptolemy/actor/lib/jjs/modules/cameras/demo/CameraWebSocket/CameraWebSocket.xml
Done sleeping
Running .CameraWebSocket
WebSocketClient: Connection failed. Will try again: Connection refused: localhost/127.0.0.1:8071
Connection refused (Thread[vert.x-eventloop-thread-0,6,main])
WebSocketClient: Connection failed. Will try again: Connection refused: localhost/127.0.0.1:8071
Connection refused (Thread[vert.x-eventloop-thread-0,6,main])
WebSocketClient: Connection failed. Will try again: Connection refused: localhost/127.0.0.1:8071
Connection refused (Thread[vert.x-eventloop-thread-0,6,main])
WebSocketClient: Connection failed. Will try again: Connection refused: localhost/127.0.0.1:8071
Connection refused (Thread[vert.x-eventloop-thread-0,6,main])
Manager.initialize() finished: 16717 ms. Memory: 3582976K Free: 2107902K (59%)
WebSocketServer: WebSocketServer message(): {type="class ptolemy.data.AWTImageToken", width="176", height="144"}, typeof message: object (Thread[AWT-EventQueue-0,6,main])
WebSocketServer: WebSocketServer message(): {type="class ptolemy.data.AWTImageToken", width="176", height="144"}, typeof message: object (Thread[AWT-EventQueue-0,6,main])
WebSocketServer: WebSocketServer message(): {type="class ptolemy.data.AWTImageToken", width="176", height="144"}, typeof message: object (Thread[AWT-EventQueue-0,6,main])
WebSocketServer: WebSocketServer message(): {type="class ptolemy.data.AWTImageToken", width="176", height="144"}, typeof message: object (Thread[AWT-EventQueue-0,6,main])
WebSocketServer: WebSocketServer message(): {type="class ptolemy.data.AWTImageToken", width="176", height="144"}, typeof message: object (Thread[AWT-EventQueue-0,6,main])
WebSocketServer: WebSocketServer message(): {type="class ptolemy.data.AWTImageToken", width="176", height="144"}, typeof message: object (Thread[AWT-EventQueue-0,6,main])
WebSocketServer: WebSocketServer message(): {type="class ptolemy.data.AWTImageToken", width="176", height="144"}, typeof message: object (Thread[AWT-EventQueue-0,6,main])
WebSocketServer: WebSocketServer message(): {type="class ptolemy.data.AWTImageToken", width="176", height="144"}, typeof message: object (Thread[AWT-EventQueue-0,6,main])
ExportHTMLTimer went off after 30000 ms., calling getDirector().finish and getDirector().stopFire()
WebSocketClient: Connection closed because model is no longer running. (Thread[AWT-EventQueue-0,6,main])
30121 ms. Memory: 3582976K Free: 1983488K (55%)
Exported /home/travis/build/icyphy/ptII/ptolemy/actor/lib/jjs/modules/cameras/demo/CameraWebSocket/CameraWebSocket/index.html
43345 ms. Memory: 3582976K Free: 1955272K (55%)
####### 16 Sun Jul 21 18:56:00 UTC 2019 $PTII/bin/ptinvoke ptolemy.vergil.basic.export.ExportModel -force htm -run -openComposites -timeOut 30000 -whiteBackground ptolemy/actor/lib/jjs/modules/cameras/demo/Foscam/Foscam.xml $PTII/ptolemy/actor/lib/jjs/modules/cameras/demo/Foscam/Foscam
----------------- Sun Jul 21 18:56:00 UTC 2019 About to sleep for 5.0 seconds before running or rerunning.  Test is: /home/travis/build/icyphy/ptII/ptolemy/actor/lib/jjs/modules/cameras/demo/Foscam/Foscam.xml
Done sleeping
Running .Foscam
Foscam2: snapshot.cgi?user=admin&pwd=&undefined= (Thread[AWT-EventQueue-0,6,main])
Foscam2: Making an HTTP request. (Thread[AWT-EventQueue-0,6,main])
ExportHTMLTimer went off after 30000 ms., calling getDirector().finish and getDirector().stopFire()
Foscam2: undefined.cgi?user=admin&pwd=&undefined= (Thread[AWT-EventQueue-0,6,main])
Foscam2: Making an HTTP request. (Thread[AWT-EventQueue-0,6,main])
30032 ms. Memory: 3582976K Free: 2121216K (59%)
Exported /home/travis/build/icyphy/ptII/ptolemy/actor/lib/jjs/modules/cameras/demo/Foscam/Foscam/index.html
37206 ms. Memory: 3582976K Free: 2091499K (58%)
####### 17 Sun Jul 21 18:56:42 UTC 2019 $PTII/bin/ptinvoke ptolemy.vergil.basic.export.ExportModel -force htm -run -openComposites -timeOut 30000 -whiteBackground ptolemy/actor/lib/jjs/modules/computerVision/demo/ComputerVision/ComputerVision.xml $PTII/ptolemy/actor/lib/jjs/modules/computerVision/demo/ComputerVision/ComputerVision
----------------- Sun Jul 21 18:56:42 UTC 2019 About to sleep for 5.0 seconds before running or rerunning.  Test is: /home/travis/build/icyphy/ptII/ptolemy/actor/lib/jjs/modules/computerVision/demo/ComputerVision/ComputerVision.xml
Done sleeping
Opened file:/home/travis/build/icyphy/ptII/ptolemy/actor/lib/jjs/modules/computerVision/demo/ComputerVision/ComputerVision.xml in 30365 ms.
Size Statistics for .ComputerVision
AtomicEntities: 26
CompositeEntities: 0
OpaqueCompositeEntities: 0
Relations: 14
Attributes: 224
Atomic Actor Names and Counts:
org.terraswarm.accessor.JSAccessor 12
ptolemy.actor.lib.image.ImageDisplay 12
ptolemy.actor.lib.SingleEvent 1
ptolemy.actor.lib.image.ImageReader 1

Composite Entity Depths and Counts:

Running .ComputerVision
preinitialize() finished: 25998 ms. Memory: 3582976K Free: 2385408K (67%)
ExportHTMLTimer went off after 30000 ms., calling getDirector().finish and getDirector().stopFire()
Manager.initialize() finished: 44374 ms. Memory: 3582976K Free: 2170880K (61%)
44526 ms. Memory: 3582976K Free: 2150895K (60%)
Exported /home/travis/build/icyphy/ptII/ptolemy/actor/lib/jjs/modules/computerVision/demo/ComputerVision/ComputerVision/index.html
79122 ms. Memory: 3582976K Free: 2108784K (59%)
####### 18 Sun Jul 21 18:58:07 UTC 2019 $PTII/bin/ptinvoke ptolemy.vergil.basic.export.ExportModel -force htm  -openComposites -timeOut 30000 -whiteBackground ptolemy/actor/lib/jjs/modules/contextAware/demo/ContextAware/ContextAware.xml $PTII/ptolemy/actor/lib/jjs/modules/contextAware/demo/ContextAware/ContextAware
Warning: not running ptolemy/actor/lib/jjs/modules/contextAware/demo/ContextAware/ContextAware.xml. See ptolemy/vergil/basic/export/test/junit/ExportModelJUnitTest.java
----------------- Sun Jul 21 18:58:07 UTC 2019 About to sleep for 5.0 seconds before running or rerunning.  Test is: /home/travis/build/icyphy/ptII/ptolemy/actor/lib/jjs/modules/contextAware/demo/ContextAware/ContextAware.xml
Done sleeping
Exported /home/travis/build/icyphy/ptII/ptolemy/actor/lib/jjs/modules/contextAware/demo/ContextAware/ContextAware/index.html
5924 ms. Memory: 3582976K Free: 2332657K (65%)
####### 19 Sun Jul 21 18:58:17 UTC 2019 $PTII/bin/ptinvoke ptolemy.vergil.basic.export.ExportModel -force htm -run -openComposites -timeOut 30000 -whiteBackground ptolemy/actor/lib/jjs/modules/crypto/demo/AsymmetricEncrypt/AsymmetricEncrypt.xml $PTII/ptolemy/actor/lib/jjs/modules/crypto/demo/AsymmetricEncrypt/AsymmetricEncrypt
----------------- Sun Jul 21 18:58:17 UTC 2019 About to sleep for 5.0 seconds before running or rerunning.  Test is: /home/travis/build/icyphy/ptII/ptolemy/actor/lib/jjs/modules/crypto/demo/AsymmetricEncrypt/AsymmetricEncrypt.xml
Done sleeping
Opened file:/home/travis/build/icyphy/ptII/ptolemy/actor/lib/jjs/modules/crypto/demo/AsymmetricEncrypt/AsymmetricEncrypt.xml in 21894 ms.
Size Statistics for .AsymmetricEncrypt
AtomicEntities: 25
CompositeEntities: 0
OpaqueCompositeEntities: 0
Relations: 17
Attributes: 203
Atomic Actor Names and Counts:
ptolemy.actor.lib.gui.Display 11
ptolemy.actor.lib.jjs.JavaScript 9
ptolemy.actor.lib.ArrayUpdate 1
ptolemy.actor.lib.Const 1
ptolemy.actor.lib.DiscreteClock 1
ptolemy.actor.lib.Ramp 1
ptolemy.actor.lib.Sequence 1

Composite Entity Depths and Counts:

Running .AsymmetricEncrypt
preinitialize() finished: 23344 ms. Memory: 3582976K Free: 1743360K (49%)
ExportHTMLTimer went off after 30000 ms., calling getDirector().finish and getDirector().stopFire()
Manager.initialize() finished: 39862 ms. Memory: 3582976K Free: 1952256K (54%)
40000 ms. Memory: 3582976K Free: 1936896K (54%)
Exported /home/travis/build/icyphy/ptII/ptolemy/actor/lib/jjs/modules/crypto/demo/AsymmetricEncrypt/AsymmetricEncrypt/index.html
66110 ms. Memory: 3582976K Free: 1810256K (51%)
####### 20 Sun Jul 21 18:59:29 UTC 2019 $PTII/bin/ptinvoke ptolemy.vergil.basic.export.ExportModel -force htm -run -openComposites -timeOut 30000 -whiteBackground ptolemy/actor/lib/jjs/modules/crypto/demo/MessageDigest/MessageDigest.xml $PTII/ptolemy/actor/lib/jjs/modules/crypto/demo/MessageDigest/MessageDigest
----------------- Sun Jul 21 18:59:29 UTC 2019 About to sleep for 5.0 seconds before running or rerunning.  Test is: /home/travis/build/icyphy/ptII/ptolemy/actor/lib/jjs/modules/crypto/demo/MessageDigest/MessageDigest.xml
Done sleeping
Opened file:/home/travis/build/icyphy/ptII/ptolemy/actor/lib/jjs/modules/crypto/demo/MessageDigest/MessageDigest.xml in 13615 ms.
Size Statistics for .MessageDigest
AtomicEntities: 16
CompositeEntities: 0
OpaqueCompositeEntities: 0
Relations: 12
Attributes: 128
Atomic Actor Names and Counts:
ptolemy.actor.lib.gui.Display 7
ptolemy.actor.lib.jjs.JavaScript 5
ptolemy.actor.lib.ArrayUpdate 1
ptolemy.actor.lib.DiscreteClock 1
ptolemy.actor.lib.Ramp 1
ptolemy.actor.lib.Sequence 1

Composite Entity Depths and Counts:

Running .MessageDigest
preinitialize() finished: 15022 ms. Memory: 3582976K Free: 2169854K (61%)
Manager.initialize() finished: 22240 ms. Memory: 3582976K Free: 2153470K (60%)
RandomBytes: [ -62 ] (Thread[AWT-EventQueue-0,6,main])
EncryptWithHash: ### it is a string: hello world! (Thread[AWT-EventQueue-0,6,main])
EncryptWithHash: [ 104,
  101,
  108,
  108,
  111,
  32,
  119,
  111,
  114,
  108,
  100,
  33,
  117,
  9,
  -27,
  -67,
  -96,
  -57,
  98,
  -46,
  -70,
  -57,
  -7,
  13,
  117,
  -117,
  91,
  34,
  99,
  -6,
  1,
  -52,
  -68,
  84,
  42,
  -75,
  -29,
  -33,
  22,
  59,
  -32,
  -114,
  108,
  -87 ] (Thread[AWT-EventQueue-0,6,main])
DecryptWithHash: [ 104, 101, 108, 108, 111, 32, 119, 111, 114, 108, 100, 33 ] (Thread[AWT-EventQueue-0,6,main])
DecryptWithHash: [ 117,
  9,
  -27,
  -67,
  -96,
  -57,
  98,
  -46,
  -70,
  -57,
  -7,
  13,
  117,
  -117,
  91,
  34,
  99,
  -6,
  1,
  -52,
  -68,
  84,
  42,
  -75,
  -29,
  -33,
  22,
  59,
  -32,
  -114,
  108,
  -87 ] (Thread[AWT-EventQueue-0,6,main])
DecryptWithHash: [ 117,
  9,
  -27,
  -67,
  -96,
  -57,
  98,
  -46,
  -70,
  -57,
  -7,
  13,
  117,
  -117,
  91,
  34,
  99,
  -6,
  1,
  -52,
  -68,
  84,
  42,
  -75,
  -29,
  -33,
  22,
  59,
  -32,
  -114,
  108,
  -87 ] (Thread[AWT-EventQueue-0,6,main])
RandomBytes: [ -20, -55 ] (Thread[AWT-EventQueue-0,6,main])
EncryptWithHash: ### it is a string: bye world! (Thread[AWT-EventQueue-0,6,main])
EncryptWithHash: [ 98,
  121,
  101,
  32,
  119,
  111,
  114,
  108,
  100,
  33,
  87,
  -40,
  61,
  -97,
  47,
  -93,
  111,
  -126,
  41,
  -41,
  5,
  71,
  -116,
  -126,
  88,
  -110,
  -25,
  18,
  9,
  123,
  68,
  24,
  11,
  -64,
  -67,
  36,
  -65,
  21,
  -14,
  -69,
  -122,
  53 ] (Thread[AWT-EventQueue-0,6,main])
DecryptWithHash: [ 98, 121, 101, 32, 119, 111, 114, 108, 100, 33 ] (Thread[AWT-EventQueue-0,6,main])
DecryptWithHash: [ 87,
  -40,
  61,
  -97,
  47,
  -93,
  111,
  -126,
  41,
  -41,
  5,
  71,
  -116,
  -126,
  88,
  -110,
  -25,
  18,
  9,
  123,
  68,
  24,
  11,
  -64,
  -67,
  36,
  -65,
  21,
  -14,
  -69,
  -122,
  53 ] (Thread[AWT-EventQueue-0,6,main])
DecryptWithHash: [ 87,
  -40,
  61,
  -97,
  47,
  -93,
  111,
  -126,
  41,
  -41,
  5,
  71,
  -116,
  -126,
  88,
  -110,
  -25,
  18,
  9,
  123,
  68,
  24,
  11,
  -64,
  -67,
  36,
  -65,
  21,
  -14,
  -69,
  -122,
  53 ] (Thread[AWT-EventQueue-0,6,main])
RandomBytes: [ -5, 91, -13 ] (Thread[AWT-EventQueue-0,6,main])
RandomBytes: [ 92, -2, 36, -76 ] (Thread[AWT-EventQueue-0,6,main])
25319 ms. Memory: 3582976K Free: 2709504K (76%)
Exported /home/travis/build/icyphy/ptII/ptolemy/actor/lib/jjs/modules/crypto/demo/MessageDigest/MessageDigest/index.html
43280 ms. Memory: 3582976K Free: 2637793K (74%)
####### 21 Sun Jul 21 19:00:17 UTC 2019 $PTII/bin/ptinvoke ptolemy.vergil.basic.export.ExportModel -force htm -run -openComposites -timeOut 30000 -whiteBackground ptolemy/actor/lib/jjs/modules/crypto/demo/RandomBytes/RandomBytes.xml $PTII/ptolemy/actor/lib/jjs/modules/crypto/demo/RandomBytes/RandomBytes
----------------- Sun Jul 21 19:00:17 UTC 2019 About to sleep for 5.0 seconds before running or rerunning.  Test is: /home/travis/build/icyphy/ptII/ptolemy/actor/lib/jjs/modules/crypto/demo/RandomBytes/RandomBytes.xml
Done sleeping
Running .RandomBytes
RandomBytes: [ 116 ] (Thread[AWT-EventQueue-0,6,main])
RandomBytes: [ 26, -58 ] (Thread[AWT-EventQueue-0,6,main])
RandomBytes: [ -120, 66, -31 ] (Thread[AWT-EventQueue-0,6,main])
RandomBytes: [ 104, 65, -37, -127 ] (Thread[AWT-EventQueue-0,6,main])
6552 ms. Memory: 3582976K Free: 2216960K (62%)
Exported /home/travis/build/icyphy/ptII/ptolemy/actor/lib/jjs/modules/crypto/demo/RandomBytes/RandomBytes/index.html
12691 ms. Memory: 3582976K Free: 2191843K (61%)
####### 22 Sun Jul 21 19:00:35 UTC 2019 $PTII/bin/ptinvoke ptolemy.vergil.basic.export.ExportModel -force htm -run -openComposites -timeOut 30000 -whiteBackground ptolemy/actor/lib/jjs/modules/crypto/demo/SymmetricEncrypt/SymmetricEncrypt.xml $PTII/ptolemy/actor/lib/jjs/modules/crypto/demo/SymmetricEncrypt/SymmetricEncrypt
----------------- Sun Jul 21 19:00:35 UTC 2019 About to sleep for 5.0 seconds before running or rerunning.  Test is: /home/travis/build/icyphy/ptII/ptolemy/actor/lib/jjs/modules/crypto/demo/SymmetricEncrypt/SymmetricEncrypt.xml
Done sleeping
Running .SymmetricEncrypt
Manager.initialize() finished: 11374 ms. Memory: 3582976K Free: 1985536K (55%)
RandomBytes: [ 0 ] (Thread[AWT-EventQueue-0,6,main])
RandomBytes: [ 61, 95 ] (Thread[AWT-EventQueue-0,6,main])
RandomBytes: [ -11, 13, -101 ] (Thread[AWT-EventQueue-0,6,main])
RandomBytes: [ -28, 67, -38, -35 ] (Thread[AWT-EventQueue-0,6,main])
14443 ms. Memory: 3582976K Free: 2680830K (75%)
Exported /home/travis/build/icyphy/ptII/ptolemy/actor/lib/jjs/modules/crypto/demo/SymmetricEncrypt/SymmetricEncrypt/index.html
25073 ms. Memory: 3582976K Free: 2631106K (73%)
####### 23 Sun Jul 21 19:01:05 UTC 2019 $PTII/bin/ptinvoke ptolemy.vergil.basic.export.ExportModel -force htm  -openComposites -timeOut 30000 -whiteBackground ptolemy/actor/lib/jjs/modules/discovery/demo/Discovery/Discovery.xml $PTII/ptolemy/actor/lib/jjs/modules/discovery/demo/Discovery/Discovery
Warning: not running ptolemy/actor/lib/jjs/modules/discovery/demo/Discovery/Discovery.xml. See ptolemy/vergil/basic/export/test/junit/ExportModelJUnitTest.java
----------------- Sun Jul 21 19:01:05 UTC 2019 About to sleep for 5.0 seconds before running or rerunning.  Test is: /home/travis/build/icyphy/ptII/ptolemy/actor/lib/jjs/modules/discovery/demo/Discovery/Discovery.xml
Done sleeping
Exported /home/travis/build/icyphy/ptII/ptolemy/actor/lib/jjs/modules/discovery/demo/Discovery/Discovery/index.html
3228 ms. Memory: 3582976K Free: 2491889K (70%)
####### 24 Sun Jul 21 19:01:13 UTC 2019 $PTII/bin/ptinvoke ptolemy.vergil.basic.export.ExportModel -force htm -run -openComposites -timeOut 30000 -whiteBackground ptolemy/actor/lib/jjs/modules/discovery/demo/Discovery/DiscoveryJS.xml $PTII/ptolemy/actor/lib/jjs/modules/discovery/demo/Discovery/DiscoveryJS
----------------- Sun Jul 21 19:01:13 UTC 2019 About to sleep for 5.0 seconds before running or rerunning.  Test is: /home/travis/build/icyphy/ptII/ptolemy/actor/lib/jjs/modules/discovery/demo/Discovery/DiscoveryJS.xml
Done sleeping
Running .DiscoveryJS
20801 ms. Memory: 3582976K Free: 1817598K (51%)
Exported /home/travis/build/icyphy/ptII/ptolemy/actor/lib/jjs/modules/discovery/demo/Discovery/DiscoveryJS/index.html
29442 ms. Memory: 3582976K Free: 2618332K (73%)
####### 25 Sun Jul 21 19:01:47 UTC 2019 $PTII/bin/ptinvoke ptolemy.vergil.basic.export.ExportModel -force htm -run -openComposites -timeOut 30000 -whiteBackground ptolemy/actor/lib/jjs/modules/discovery/demo/Discovery/PopulateSwarmboxMap.xml $PTII/ptolemy/actor/lib/jjs/modules/discovery/demo/Discovery/PopulateSwarmboxMap
----------------- Sun Jul 21 19:01:47 UTC 2019 About to sleep for 5.0 seconds before running or rerunning.  Test is: /home/travis/build/icyphy/ptII/ptolemy/actor/lib/jjs/modules/discovery/demo/Discovery/PopulateSwarmboxMap.xml
Done sleeping
Opened file:/home/travis/build/icyphy/ptII/ptolemy/actor/lib/jjs/modules/discovery/demo/Discovery/PopulateSwarmboxMap.xml in 22516 ms.
Size Statistics for .PopulateSwarmboxMap
AtomicEntities: 48
CompositeEntities: 2
OpaqueCompositeEntities: 0
Relations: 47
Attributes: 345
Atomic Actor Names and Counts:
ptolemy.actor.lib.Const 20
org.terraswarm.accessor.JSAccessor 9
ptolemy.actor.lib.Expression 9
ptolemy.actor.lib.conversions.json.TokenToJSON 4
ptolemy.actor.lib.gui.Display 3
ptolemy.actor.lib.MicrostepDelay 1
ptolemy.actor.lib.SingleEvent 1
ptolemy.actor.lib.Stop 1

Composite Entity Depths and Counts:
Depth: 1 # of Composites at that depth: 2

Running .PopulateSwarmboxMap
preinitialize() finished: 25526 ms. Memory: 3582976K Free: 1802750K (50%)
ExportHTMLTimer went off after 30000 ms., calling getDirector().finish and getDirector().stopFire()
Manager.initialize() finished: 44161 ms. Memory: 3582976K Free: 1852414K (52%)
44391 ms. Memory: 3582976K Free: 1834991K (51%)
Exported /home/travis/build/icyphy/ptII/ptolemy/actor/lib/jjs/modules/discovery/demo/Discovery/PopulateSwarmboxMap/index.html
71388 ms. Memory: 3582976K Free: 1711575K (48%)
####### 26 Sun Jul 21 19:03:04 UTC 2019 $PTII/bin/ptinvoke ptolemy.vergil.basic.export.ExportModel -force htm -run -openComposites -timeOut 30000 -whiteBackground ptolemy/actor/lib/jjs/modules/discovery/demo/Discovery/PostSwarmboxDevices.xml $PTII/ptolemy/actor/lib/jjs/modules/discovery/demo/Discovery/PostSwarmboxDevices
----------------- Sun Jul 21 19:03:04 UTC 2019 About to sleep for 5.0 seconds before running or rerunning.  Test is: /home/travis/build/icyphy/ptII/ptolemy/actor/lib/jjs/modules/discovery/demo/Discovery/PostSwarmboxDevices.xml
Done sleeping
Running .PostSwarmboxDevices
Manager.initialize() finished: 14902 ms. Memory: 3582976K Free: 2062334K (58%)
REST: Making an HTTP request. (Thread[AWT-EventQueue-0,6,main])
ExportHTMLTimer went off after 30000 ms., calling getDirector().finish and getDirector().stopFire()
30088 ms. Memory: 3582976K Free: 1880062K (52%)
Exported /home/travis/build/icyphy/ptII/ptolemy/actor/lib/jjs/modules/discovery/demo/Discovery/PostSwarmboxDevices/index.html
42538 ms. Memory: 3582976K Free: 1835484K (51%)
####### 27 Sun Jul 21 19:03:51 UTC 2019 $PTII/bin/ptinvoke ptolemy.vergil.basic.export.ExportModel -force htm -run -openComposites -timeOut 30000 -whiteBackground ptolemy/actor/lib/jjs/modules/discovery/demo/Heartbeat/Heartbeat.xml $PTII/ptolemy/actor/lib/jjs/modules/discovery/demo/Heartbeat/Heartbeat
----------------- Sun Jul 21 19:03:51 UTC 2019 About to sleep for 5.0 seconds before running or rerunning.  Test is: /home/travis/build/icyphy/ptII/ptolemy/actor/lib/jjs/modules/discovery/demo/Heartbeat/Heartbeat.xml
Done sleeping
Running .Heartbeat
Manager.initialize() finished: 15212 ms. Memory: 3582976K Free: 1403390K (39%)
Heartbeat: HeartBeat: pingMothership (Thread[AWT-EventQueue-0,6,main])
Heartbeat: Making an HTTP request. (Thread[AWT-EventQueue-0,6,main])
Heartbeat: Request problem: Unable to check in with server: Error: Search domain query failed. Original hostname: 'terra.eecs.berkeley.edu' failed to resolve 'terra.eecs.berkeley.edu.google.internal' after 2 queries  (Thread[AWT-EventQueue-0,6,main])
Heartbeat: HeartBeat: pingMothership (Thread[AWT-EventQueue-0,6,main])
Heartbeat: Making an HTTP request. (Thread[AWT-EventQueue-0,6,main])
Heartbeat: Request problem: Unable to check in with server: Error: Search domain query failed. Original hostname: 'terra.eecs.berkeley.edu' failed to resolve 'terra.eecs.berkeley.edu.google.internal' after 2 queries  (Thread[AWT-EventQueue-0,6,main])
Heartbeat: HeartBeat: pingMothership (Thread[AWT-EventQueue-0,6,main])
Heartbeat: Making an HTTP request. (Thread[AWT-EventQueue-0,6,main])
Heartbeat: Request problem: Unable to check in with server: Error: Search domain query failed. Original hostname: 'terra.eecs.berkeley.edu' failed to resolve 'terra.eecs.berkeley.edu.google.internal' after 2 queries  (Thread[AWT-EventQueue-0,6,main])
Heartbeat: HeartBeat: pingMothership (Thread[AWT-EventQueue-0,6,main])
Heartbeat: Making an HTTP request. (Thread[AWT-EventQueue-0,6,main])
Heartbeat: Request problem: Unable to check in with server: Error: Search domain query failed. Original hostname: 'terra.eecs.berkeley.edu' failed to resolve 'terra.eecs.berkeley.edu.google.internal' after 2 queries  (Thread[AWT-EventQueue-0,6,main])
Heartbeat: HeartBeat: pingMothership (Thread[AWT-EventQueue-0,6,main])
Heartbeat: Making an HTTP request. (Thread[AWT-EventQueue-0,6,main])
Heartbeat: Request problem: Unable to check in with server: Error: Search domain query failed. Original hostname: 'terra.eecs.berkeley.edu' failed to resolve 'terra.eecs.berkeley.edu.google.internal' after 2 queries  (Thread[AWT-EventQueue-0,6,main])
Heartbeat: HeartBeat: pingMothership (Thread[AWT-EventQueue-0,6,main])
Heartbeat: Making an HTTP request. (Thread[AWT-EventQueue-0,6,main])
Heartbeat: Request problem: Unable to check in with server: Error: Search domain query failed. Original hostname: 'terra.eecs.berkeley.edu' failed to resolve 'terra.eecs.berkeley.edu.google.internal' after 2 queries  (Thread[AWT-EventQueue-0,6,main])
Heartbeat: HeartBeat: pingMothership (Thread[AWT-EventQueue-0,6,main])
Heartbeat: Making an HTTP request. (Thread[AWT-EventQueue-0,6,main])
Heartbeat: Request problem: Unable to check in with server: Error: Search domain query failed. Original hostname: 'terra.eecs.berkeley.edu' failed to resolve 'terra.eecs.berkeley.edu.google.internal' after 2 queries  (Thread[AWT-EventQueue-0,6,main])
Heartbeat: HeartBeat: pingMothership (Thread[AWT-EventQueue-0,6,main])
Heartbeat: Making an HTTP request. (Thread[AWT-EventQueue-0,6,main])
Heartbeat: Request problem: Unable to check in with server: Error: Search domain query failed. Original hostname: 'terra.eecs.berkeley.edu' failed to resolve 'terra.eecs.berkeley.edu.google.internal' after 2 queries  (Thread[AWT-EventQueue-0,6,main])
Heartbeat: HeartBeat: pingMothership (Thread[AWT-EventQueue-0,6,main])
Heartbeat: Making an HTTP request. (Thread[AWT-EventQueue-0,6,main])
Heartbeat: Request problem: Unable to check in with server: Error: Search domain query failed. Original hostname: 'terra.eecs.berkeley.edu' failed to resolve 'terra.eecs.berkeley.edu.google.internal' after 2 queries  (Thread[AWT-EventQueue-0,6,main])
Heartbeat: HeartBeat: pingMothership (Thread[AWT-EventQueue-0,6,main])
Heartbeat: Making an HTTP request. (Thread[AWT-EventQueue-0,6,main])
25273 ms. Memory: 3582976K Free: 1338871K (37%)
Exported /home/travis/build/icyphy/ptII/ptolemy/actor/lib/jjs/modules/discovery/demo/Heartbeat/Heartbeat/index.html
38228 ms. Memory: 3582976K Free: 1305582K (36%)
####### 28 Sun Jul 21 19:04:34 UTC 2019 $PTII/bin/ptinvoke ptolemy.vergil.basic.export.ExportModel -force htm  -openComposites -timeOut 30000 -whiteBackground ptolemy/actor/lib/jjs/modules/dsp/demo/AudioFFT/AudioFFT.xml $PTII/ptolemy/actor/lib/jjs/modules/dsp/demo/AudioFFT/AudioFFT
Warning: not running ptolemy/actor/lib/jjs/modules/dsp/demo/AudioFFT/AudioFFT.xml. See ptolemy/vergil/basic/export/test/junit/ExportModelJUnitTest.java
----------------- Sun Jul 21 19:04:34 UTC 2019 About to sleep for 5.0 seconds before running or rerunning.  Test is: /home/travis/build/icyphy/ptII/ptolemy/actor/lib/jjs/modules/dsp/demo/AudioFFT/AudioFFT.xml
Done sleeping
Exported /home/travis/build/icyphy/ptII/ptolemy/actor/lib/jjs/modules/dsp/demo/AudioFFT/AudioFFT/index.html
12473 ms. Memory: 3582976K Free: 969713K (27%)
####### 29 Sun Jul 21 19:04:52 UTC 2019 $PTII/bin/ptinvoke ptolemy.vergil.basic.export.ExportModel -force htm -run -openComposites -timeOut 30000 -whiteBackground ptolemy/actor/lib/jjs/modules/dsp/demo/AudioFFT/SinusoidFFT.xml $PTII/ptolemy/actor/lib/jjs/modules/dsp/demo/AudioFFT/SinusoidFFT
----------------- Sun Jul 21 19:04:52 UTC 2019 About to sleep for 5.0 seconds before running or rerunning.  Test is: /home/travis/build/icyphy/ptII/ptolemy/actor/lib/jjs/modules/dsp/demo/AudioFFT/SinusoidFFT.xml
Done sleeping
Running .SinusoidFFT
Manager.initialize() finished: 10246 ms. Memory: 3582976K Free: 1726462K (48%)
11028 ms. Memory: 3582976K Free: 1662974K (46%)
Exported /home/travis/build/icyphy/ptII/ptolemy/actor/lib/jjs/modules/dsp/demo/AudioFFT/SinusoidFFT/index.html
21443 ms. Memory: 3582976K Free: 1569233K (44%)
####### 30 Sun Jul 21 19:05:18 UTC 2019 $PTII/bin/ptinvoke ptolemy.vergil.basic.export.ExportModel -force htm -run -openComposites -timeOut 30000 -whiteBackground ptolemy/actor/lib/jjs/modules/eventbus/demo/VertxBus/VertxBus.xml $PTII/ptolemy/actor/lib/jjs/modules/eventbus/demo/VertxBus/VertxBus
----------------- Sun Jul 21 19:05:18 UTC 2019 About to sleep for 5.0 seconds before running or rerunning.  Test is: /home/travis/build/icyphy/ptII/ptolemy/actor/lib/jjs/modules/eventbus/demo/VertxBus/VertxBus.xml
Done sleeping
Running .VertxBus
Manager.initialize() finished: 11696 ms. Memory: 3582976K Free: 1212926K (34%)
21769 ms. Memory: 3582976K Free: 1183744K (33%)
Exported /home/travis/build/icyphy/ptII/ptolemy/actor/lib/jjs/modules/eventbus/demo/VertxBus/VertxBus/index.html
32523 ms. Memory: 3582976K Free: 1154534K (32%)
####### 31 Sun Jul 21 19:05:56 UTC 2019 $PTII/bin/ptinvoke ptolemy.vergil.basic.export.ExportModel -force htm -run -openComposites -timeOut 30000 -whiteBackground ptolemy/actor/lib/jjs/modules/eventbus/demo/VertxChat/VertxChat.xml $PTII/ptolemy/actor/lib/jjs/modules/eventbus/demo/VertxChat/VertxChat
----------------- Sun Jul 21 19:05:56 UTC 2019 About to sleep for 5.0 seconds before running or rerunning.  Test is: /home/travis/build/icyphy/ptII/ptolemy/actor/lib/jjs/modules/eventbus/demo/VertxChat/VertxChat.xml
Done sleeping
.VertxChat.ThreadedComposite.InteractiveShell invoked SwingUtilities.invokeAndWait()
Model ".VertxChat" contains actors such cannot be run  as part of the export process from ExportModel or it has a WebExportParameters value that runBeforeExport set to false. To export run this model and export it, use vergil.
Exported /home/travis/build/icyphy/ptII/ptolemy/actor/lib/jjs/modules/eventbus/demo/VertxChat/VertxChat/index.html
12994 ms. Memory: 3582976K Free: 808419K (23%)
####### 32 Sun Jul 21 19:06:14 UTC 2019 $PTII/bin/ptinvoke ptolemy.vergil.basic.export.ExportModel -force htm -run -openComposites -timeOut 30000 -whiteBackground ptolemy/actor/lib/jjs/modules/faceDetector/demo/FaceDetector/FaceDetector.xml $PTII/ptolemy/actor/lib/jjs/modules/faceDetector/demo/FaceDetector/FaceDetector
----------------- Sun Jul 21 19:06:14 UTC 2019 About to sleep for 5.0 seconds before running or rerunning.  Test is: /home/travis/build/icyphy/ptII/ptolemy/actor/lib/jjs/modules/faceDetector/demo/FaceDetector/FaceDetector.xml
Done sleeping
Running .FaceDetector
6350 ms. Memory: 3582976K Free: 1186816K (33%)
Exported /home/travis/build/icyphy/ptII/ptolemy/actor/lib/jjs/modules/faceDetector/demo/FaceDetector/FaceDetector/index.html
14281 ms. Memory: 3582976K Free: 1157105K (32%)
####### 33 Sun Jul 21 19:06:33 UTC 2019 $PTII/bin/ptinvoke ptolemy.vergil.basic.export.ExportModel -force htm -run -openComposites -timeOut 30000 -whiteBackground ptolemy/actor/lib/jjs/modules/faceDetector/demo/FaceDetectorCamera/FaceDetectorCamera.xml $PTII/ptolemy/actor/lib/jjs/modules/faceDetector/demo/FaceDetectorCamera/FaceDetectorCamera
----------------- Sun Jul 21 19:06:33 UTC 2019 About to sleep for 5.0 seconds before running or rerunning.  Test is: /home/travis/build/icyphy/ptII/ptolemy/actor/lib/jjs/modules/faceDetector/demo/FaceDetectorCamera/FaceDetectorCamera.xml
Done sleeping
Running .FaceDetectorCamera
Manager.initialize() finished: 15600 ms. Memory: 3582976K Free: 2285568K (64%)
ExportHTMLTimer went off after 30000 ms., calling getDirector().finish and getDirector().stopFire()
30202 ms. Memory: 3582976K Free: 1862010K (52%)
Exported /home/travis/build/icyphy/ptII/ptolemy/actor/lib/jjs/modules/faceDetector/demo/FaceDetectorCamera/FaceDetectorCamera/index.html
41337 ms. Memory: 3582976K Free: 1830231K (51%)
####### 34 Sun Jul 21 19:07:20 UTC 2019 $PTII/bin/ptinvoke ptolemy.vergil.basic.export.ExportModel -force htm -run -openComposites -timeOut 30000 -whiteBackground ptolemy/actor/lib/jjs/modules/faceDetector/demo/OccupancyCount/OccupancyCount.xml $PTII/ptolemy/actor/lib/jjs/modules/faceDetector/demo/OccupancyCount/OccupancyCount
----------------- Sun Jul 21 19:07:20 UTC 2019 About to sleep for 5.0 seconds before running or rerunning.  Test is: /home/travis/build/icyphy/ptII/ptolemy/actor/lib/jjs/modules/faceDetector/demo/OccupancyCount/OccupancyCount.xml
Done sleeping
Running .OccupancyCount
ExportHTMLTimer went off after 30000 ms., calling getDirector().finish and getDirector().stopFire()
30066 ms. Memory: 3582976K Free: 1648699K (46%)
Exported /home/travis/build/icyphy/ptII/ptolemy/actor/lib/jjs/modules/faceDetector/demo/OccupancyCount/OccupancyCount/index.html
38454 ms. Memory: 3582976K Free: 1617422K (45%)
####### 35 Sun Jul 21 19:08:03 UTC 2019 $PTII/bin/ptinvoke ptolemy.vergil.basic.export.ExportModel -force htm  -openComposites -timeOut 30000 -whiteBackground ptolemy/actor/lib/jjs/modules/httpClient/demo/REST/REST.xml $PTII/ptolemy/actor/lib/jjs/modules/httpClient/demo/REST/REST
Warning: not running ptolemy/actor/lib/jjs/modules/httpClient/demo/REST/REST.xml. See ptolemy/vergil/basic/export/test/junit/ExportModelJUnitTest.java
----------------- Sun Jul 21 19:08:03 UTC 2019 About to sleep for 5.0 seconds before running or rerunning.  Test is: /home/travis/build/icyphy/ptII/ptolemy/actor/lib/jjs/modules/httpClient/demo/REST/REST.xml
Done sleeping
Exported /home/travis/build/icyphy/ptII/ptolemy/actor/lib/jjs/modules/httpClient/demo/REST/REST/index.html
3332 ms. Memory: 3582976K Free: 2378701K (66%)
####### 36 Sun Jul 21 19:08:11 UTC 2019 $PTII/bin/ptinvoke ptolemy.vergil.basic.export.ExportModel -force htm -run -openComposites -timeOut 30000 -whiteBackground ptolemy/actor/lib/jjs/modules/httpClient/demo/REST/RESTSimple.xml $PTII/ptolemy/actor/lib/jjs/modules/httpClient/demo/REST/RESTSimple
----------------- Sun Jul 21 19:08:11 UTC 2019 About to sleep for 5.0 seconds before running or rerunning.  Test is: /home/travis/build/icyphy/ptII/ptolemy/actor/lib/jjs/modules/httpClient/demo/REST/RESTSimple.xml
Done sleeping
Running .RESTSimple
REST: Making an HTTP request. (Thread[AWT-EventQueue-0,6,main])
REST: Making an HTTP request. (Thread[AWT-EventQueue-0,6,main])
true
4745 ms. Memory: 3582976K Free: 2402302K (67%)
Exported /home/travis/build/icyphy/ptII/ptolemy/actor/lib/jjs/modules/httpClient/demo/REST/RESTSimple/index.html
11148 ms. Memory: 3582976K Free: 2374115K (66%)
####### 37 Sun Jul 21 19:08:27 UTC 2019 $PTII/bin/ptinvoke ptolemy.vergil.basic.export.ExportModel -force htm  -openComposites -timeOut 30000 -whiteBackground ptolemy/actor/lib/jjs/modules/httpClient/demo/REST/Weather.xml $PTII/ptolemy/actor/lib/jjs/modules/httpClient/demo/REST/Weather
Warning: not running ptolemy/actor/lib/jjs/modules/httpClient/demo/REST/Weather.xml. See ptolemy/vergil/basic/export/test/junit/ExportModelJUnitTest.java
----------------- Sun Jul 21 19:08:27 UTC 2019 About to sleep for 5.0 seconds before running or rerunning.  Test is: /home/travis/build/icyphy/ptII/ptolemy/actor/lib/jjs/modules/httpClient/demo/REST/Weather.xml
Done sleeping
Exported /home/travis/build/icyphy/ptII/ptolemy/actor/lib/jjs/modules/httpClient/demo/REST/Weather/index.html
8122 ms. Memory: 3582976K Free: 2425841K (68%)
####### 38 Sun Jul 21 19:08:41 UTC 2019 $PTII/bin/ptinvoke ptolemy.vergil.basic.export.ExportModel -force htm -run -openComposites -timeOut 30000 -whiteBackground ptolemy/actor/lib/jjs/modules/httpServer/demo/HttpServer/HttpServer.xml $PTII/ptolemy/actor/lib/jjs/modules/httpServer/demo/HttpServer/HttpServer
----------------- Sun Jul 21 19:08:41 UTC 2019 About to sleep for 5.0 seconds before running or rerunning.  Test is: /home/travis/build/icyphy/ptII/ptolemy/actor/lib/jjs/modules/httpServer/demo/HttpServer/HttpServer.xml
Done sleeping
Running .HttpServer
JavaScript: Server is listening. (Thread[vert.x-eventloop-thread-3,6,main])
ExportHTMLTimer went off after 30000 ms., calling getDirector().finish and getDirector().stopFire()
30027 ms. Memory: 3582976K Free: 2435072K (68%)
Exported /home/travis/build/icyphy/ptII/ptolemy/actor/lib/jjs/modules/httpServer/demo/HttpServer/HttpServer/index.html
36221 ms. Memory: 3582976K Free: 2406382K (67%)
####### 39 Sun Jul 21 19:09:22 UTC 2019 $PTII/bin/ptinvoke ptolemy.vergil.basic.export.ExportModel -force htm -run -openComposites -timeOut 30000 -whiteBackground ptolemy/actor/lib/jjs/modules/httpServer/demo/KeyValueStoreClient/KeyValueStoreClient.xml $PTII/ptolemy/actor/lib/jjs/modules/httpServer/demo/KeyValueStoreClient/KeyValueStoreClient
----------------- Sun Jul 21 19:09:22 UTC 2019 About to sleep for 5.0 seconds before running or rerunning.  Test is: /home/travis/build/icyphy/ptII/ptolemy/actor/lib/jjs/modules/httpServer/demo/KeyValueStoreClient/KeyValueStoreClient.xml
Done sleeping
Running .KeyValueStoreClient
Manager.initialize() finished: 11305 ms. Memory: 3582976K Free: 2268672K (63%)
KeyValueStore: Making an HTTP request. (Thread[AWT-EventQueue-0,6,main])
KeyValueStore: Making an HTTP request. (Thread[AWT-EventQueue-0,6,main])
KeyValueStore: Making an HTTP request. (Thread[AWT-EventQueue-0,6,main])
KeyValueStore: Making an HTTP request. (Thread[AWT-EventQueue-0,6,main])
KeyValueStore: Making an HTTP request. (Thread[AWT-EventQueue-0,6,main])
KeyValueStore: Making an HTTP request. (Thread[AWT-EventQueue-0,6,main])
KeyValueStore: Making an HTTP request. (Thread[AWT-EventQueue-0,6,main])
KeyValueStore: Making an HTTP request. (Thread[AWT-EventQueue-0,6,main])
KeyValueStore: Making an HTTP request. (Thread[AWT-EventQueue-0,6,main])
KeyValueStore: Making an HTTP request. (Thread[AWT-EventQueue-0,6,main])
ExportHTMLTimer went off after 30000 ms., calling getDirector().finish and getDirector().stopFire()
30072 ms. Memory: 3582976K Free: 2219006K (62%)
Exported /home/travis/build/icyphy/ptII/ptolemy/actor/lib/jjs/modules/httpServer/demo/KeyValueStoreClient/KeyValueStoreClient/index.html
41110 ms. Memory: 3582976K Free: 2187238K (61%)
####### 40 Sun Jul 21 19:10:08 UTC 2019 $PTII/bin/ptinvoke ptolemy.vergil.basic.export.ExportModel -force htm -run -openComposites -timeOut 30000 -whiteBackground ptolemy/actor/lib/jjs/modules/httpServer/demo/KeyValueStoreClient/KeyValueStoreServer.xml $PTII/ptolemy/actor/lib/jjs/modules/httpServer/demo/KeyValueStoreClient/KeyValueStoreServer
----------------- Sun Jul 21 19:10:08 UTC 2019 About to sleep for 5.0 seconds before running or rerunning.  Test is: /home/travis/build/icyphy/ptII/ptolemy/actor/lib/jjs/modules/httpServer/demo/KeyValueStoreClient/KeyValueStoreServer.xml
Done sleeping
Opened file:/home/travis/build/icyphy/ptII/ptolemy/actor/lib/jjs/modules/httpServer/demo/KeyValueStoreClient/KeyValueStoreServer.xml in 15122 ms.
Size Statistics for .KeyValueStoreServer
AtomicEntities: 9
CompositeEntities: 0
OpaqueCompositeEntities: 0
Relations: 17
Attributes: 62
Atomic Actor Names and Counts:
ptolemy.actor.lib.jjs.JavaScript 6
org.terraswarm.accessor.JSAccessor 1
ptolemy.actor.lib.Dictionary 1
ptolemy.actor.lib.conversions.json.TokenToJSON 1

Composite Entity Depths and Counts:

Running .KeyValueStoreServer
preinitialize() finished: 16304 ms. Memory: 3582976K Free: 2212859K (62%)
WebServer: WebServer: Creating new server. (Thread[AWT-EventQueue-0,6,main])
Manager.initialize() finished: 27979 ms. Memory: 3582976K Free: 2058238K (57%)
ExportHTMLTimer went off after 30000 ms., calling getDirector().finish and getDirector().stopFire()
WebServer: WebServer: Stopping the server. (Thread[AWT-EventQueue-0,6,main])
30109 ms. Memory: 3582976K Free: 2044926K (57%)
Exported /home/travis/build/icyphy/ptII/ptolemy/actor/lib/jjs/modules/httpServer/demo/KeyValueStoreClient/KeyValueStoreServer/index.html
49379 ms. Memory: 3582976K Free: 1994225K (56%)
####### 41 Sun Jul 21 19:11:02 UTC 2019 $PTII/bin/ptinvoke ptolemy.vergil.basic.export.ExportModel -force htm -run -openComposites -timeOut 30000 -whiteBackground ptolemy/actor/lib/jjs/modules/httpServer/demo/KeyValueStoreClient/KeyValueStoreServerTerra.xml $PTII/ptolemy/actor/lib/jjs/modules/httpServer/demo/KeyValueStoreClient/KeyValueStoreServerTerra
----------------- Sun Jul 21 19:11:02 UTC 2019 About to sleep for 5.0 seconds before running or rerunning.  Test is: /home/travis/build/icyphy/ptII/ptolemy/actor/lib/jjs/modules/httpServer/demo/KeyValueStoreClient/KeyValueStoreServerTerra.xml
Done sleeping
Opened file:/home/travis/build/icyphy/ptII/ptolemy/actor/lib/jjs/modules/httpServer/demo/KeyValueStoreClient/KeyValueStoreServerTerra.xml in 17625 ms.
Size Statistics for .KeyValueStoreServerTerra
AtomicEntities: 9
CompositeEntities: 0
OpaqueCompositeEntities: 0
Relations: 17
Attributes: 62
Atomic Actor Names and Counts:
ptolemy.actor.lib.jjs.JavaScript 6
org.terraswarm.accessor.JSAccessor 1
ptolemy.actor.lib.Dictionary 1
ptolemy.actor.lib.conversions.json.TokenToJSON 1

Composite Entity Depths and Counts:

Running .KeyValueStoreServerTerra
preinitialize() finished: 18147 ms. Memory: 3582976K Free: 1847296K (52%)
WebServer: WebServer: Creating new server. (Thread[AWT-EventQueue-0,6,main])
WebServer: WebServer: Listening for requests. (Thread[vert.x-eventloop-thread-0,6,main])
ExportHTMLTimer went off after 30000 ms., calling getDirector().finish and getDirector().stopFire()
Manager.initialize() finished: 31134 ms. Memory: 3582976K Free: 1833472K (51%)
WebServer: WebServer: Stopping the server. (Thread[AWT-EventQueue-0,6,main])
31280 ms. Memory: 3582976K Free: 1820670K (51%)
Exported /home/travis/build/icyphy/ptII/ptolemy/actor/lib/jjs/modules/httpServer/demo/KeyValueStoreClient/KeyValueStoreServerTerra/index.html
53062 ms. Memory: 3582976K Free: 1770480K (49%)
####### 42 Sun Jul 21 19:12:00 UTC 2019 $PTII/bin/ptinvoke ptolemy.vergil.basic.export.ExportModel -force htm -run -openComposites -timeOut 30000 -whiteBackground ptolemy/actor/lib/jjs/modules/httpServer/demo/WebServer/WebServer.xml $PTII/ptolemy/actor/lib/jjs/modules/httpServer/demo/WebServer/WebServer
----------------- Sun Jul 21 19:12:00 UTC 2019 About to sleep for 5.0 seconds before running or rerunning.  Test is: /home/travis/build/icyphy/ptII/ptolemy/actor/lib/jjs/modules/httpServer/demo/WebServer/WebServer.xml
Done sleeping
Opened file:/home/travis/build/icyphy/ptII/ptolemy/actor/lib/jjs/modules/httpServer/demo/WebServer/WebServer.xml in 10894 ms.
Size Statistics for .WebServer
AtomicEntities: 7
CompositeEntities: 0
OpaqueCompositeEntities: 0
Relations: 5
Attributes: 69
Atomic Actor Names and Counts:
org.terraswarm.accessor.JSAccessor 3
ptolemy.actor.lib.gui.Display 3
ptolemy.actor.lib.jjs.JavaScript 1

Composite Entity Depths and Counts:

Running .WebServer
preinitialize() finished: 11826 ms. Memory: 3582976K Free: 1255934K (35%)
WebServer: WebServer: Creating new server. (Thread[AWT-EventQueue-0,6,main])
WebServer: WebServer: Listening for requests. (Thread[vert.x-eventloop-thread-2,6,main])
Manager.initialize() finished: 20325 ms. Memory: 3582976K Free: 1082878K (30%)
REST: Making an HTTP request. (Thread[AWT-EventQueue-0,6,main])
WebServer: Server received request. (Thread[AWT-EventQueue-0,6,main])
true
REST: Making an HTTP request. (Thread[AWT-EventQueue-0,6,main])
WebServer: Server received request. (Thread[AWT-EventQueue-0,6,main])
true
REST: Making an HTTP request. (Thread[AWT-EventQueue-0,6,main])
WebServer: Server received request. (Thread[AWT-EventQueue-0,6,main])
true
ExportHTMLTimer went off after 30000 ms., calling getDirector().finish and getDirector().stopFire()
WebServer: WebServer: Stopping the server. (Thread[AWT-EventQueue-0,6,main])
30094 ms. Memory: 3582976K Free: 944638K (26%)
Exported /home/travis/build/icyphy/ptII/ptolemy/actor/lib/jjs/modules/httpServer/demo/WebServer/WebServer/index.html
45150 ms. Memory: 3582976K Free: 914869K (26%)
####### 43 Sun Jul 21 19:12:51 UTC 2019 $PTII/bin/ptinvoke ptolemy.vergil.basic.export.ExportModel -force htm -run -openComposites -timeOut 30000 -whiteBackground ptolemy/actor/lib/jjs/modules/imageFilters/demo/ImageAnnotate/ImageAnnotate.xml $PTII/ptolemy/actor/lib/jjs/modules/imageFilters/demo/ImageAnnotate/ImageAnnotate
----------------- Sun Jul 21 19:12:51 UTC 2019 About to sleep for 5.0 seconds before running or rerunning.  Test is: /home/travis/build/icyphy/ptII/ptolemy/actor/lib/jjs/modules/imageFilters/demo/ImageAnnotate/ImageAnnotate.xml
Done sleeping
Running .ImageAnnotate
Manager.initialize() finished: 16578 ms. Memory: 3582976K Free: 1281536K (36%)
ExportHTMLTimer went off after 30000 ms., calling getDirector().finish and getDirector().stopFire()
30122 ms. Memory: 3584000K Free: 882128K (25%)
Exported /home/travis/build/icyphy/ptII/ptolemy/actor/lib/jjs/modules/imageFilters/demo/ImageAnnotate/ImageAnnotate/index.html
43929 ms. Memory: 3584000K Free: 845286K (24%)
####### 44 Sun Jul 21 19:13:39 UTC 2019 $PTII/bin/ptinvoke ptolemy.vergil.basic.export.ExportModel -force htm -run -openComposites -timeOut 30000 -whiteBackground ptolemy/actor/lib/jjs/modules/imageFilters/demo/ImageFilters/Annotate.xml $PTII/ptolemy/actor/lib/jjs/modules/imageFilters/demo/ImageFilters/Annotate
----------------- Sun Jul 21 19:13:39 UTC 2019 About to sleep for 5.0 seconds before running or rerunning.  Test is: /home/travis/build/icyphy/ptII/ptolemy/actor/lib/jjs/modules/imageFilters/demo/ImageFilters/Annotate.xml
Done sleeping
Running .Annotate
28878 ms. Memory: 3584000K Free: 1412085K (39%)
Exported /home/travis/build/icyphy/ptII/ptolemy/actor/lib/jjs/modules/imageFilters/demo/ImageFilters/Annotate/index.html
38430 ms. Memory: 3584000K Free: 1385942K (39%)
####### 45 Sun Jul 21 19:14:23 UTC 2019 $PTII/bin/ptinvoke ptolemy.vergil.basic.export.ExportModel -force htm -run -openComposites -timeOut 30000 -whiteBackground ptolemy/actor/lib/jjs/modules/imageFilters/demo/ImageFilters/Average.xml $PTII/ptolemy/actor/lib/jjs/modules/imageFilters/demo/ImageFilters/Average
----------------- Sun Jul 21 19:14:23 UTC 2019 About to sleep for 5.0 seconds before running or rerunning.  Test is: /home/travis/build/icyphy/ptII/ptolemy/actor/lib/jjs/modules/imageFilters/demo/ImageFilters/Average.xml
Done sleeping
Running .Average
28527 ms. Memory: 3584000K Free: 168960K (5%)
Exported /home/travis/build/icyphy/ptII/ptolemy/actor/lib/jjs/modules/imageFilters/demo/ImageFilters/Average/index.html
37265 ms. Memory: 3584000K Free: 142305K (4%)
####### 46 Sun Jul 21 19:15:05 UTC 2019 $PTII/bin/ptinvoke ptolemy.vergil.basic.export.ExportModel -force htm -run -openComposites -timeOut 30000 -whiteBackground ptolemy/actor/lib/jjs/modules/imageFilters/demo/ImageFilters/BicubicScale.xml $PTII/ptolemy/actor/lib/jjs/modules/imageFilters/demo/ImageFilters/BicubicScale
----------------- Sun Jul 21 19:15:05 UTC 2019 About to sleep for 5.0 seconds before running or rerunning.  Test is: /home/travis/build/icyphy/ptII/ptolemy/actor/lib/jjs/modules/imageFilters/demo/ImageFilters/BicubicScale.xml
Done sleeping
Running .BicubicScale
28732 ms. Memory: 3584000K Free: 1062828K (30%)
Exported /home/travis/build/icyphy/ptII/ptolemy/actor/lib/jjs/modules/imageFilters/demo/ImageFilters/BicubicScale/index.html
37595 ms. Memory: 3584000K Free: 1038743K (29%)
####### 47 Sun Jul 21 19:15:48 UTC 2019 $PTII/bin/ptinvoke ptolemy.vergil.basic.export.ExportModel -force htm -run -openComposites -timeOut 30000 -whiteBackground ptolemy/actor/lib/jjs/modules/imageFilters/demo/ImageFilters/Block.xml $PTII/ptolemy/actor/lib/jjs/modules/imageFilters/demo/ImageFilters/Block
----------------- Sun Jul 21 19:15:48 UTC 2019 About to sleep for 5.0 seconds before running or rerunning.  Test is: /home/travis/build/icyphy/ptII/ptolemy/actor/lib/jjs/modules/imageFilters/demo/ImageFilters/Block.xml
Done sleeping
Running .Block
28874 ms. Memory: 3584000K Free: 716800K (20%)
Exported /home/travis/build/icyphy/ptII/ptolemy/actor/lib/jjs/modules/imageFilters/demo/ImageFilters/Block/index.html
37976 ms. Memory: 3584000K Free: 690657K (19%)
####### 48 Sun Jul 21 19:16:31 UTC 2019 $PTII/bin/ptinvoke ptolemy.vergil.basic.export.ExportModel -force htm -run -openComposites -timeOut 30000 -whiteBackground ptolemy/actor/lib/jjs/modules/imageFilters/demo/ImageFilters/Border.xml $PTII/ptolemy/actor/lib/jjs/modules/imageFilters/demo/ImageFilters/Border
----------------- Sun Jul 21 19:16:31 UTC 2019 About to sleep for 5.0 seconds before running or rerunning.  Test is: /home/travis/build/icyphy/ptII/ptolemy/actor/lib/jjs/modules/imageFilters/demo/ImageFilters/Border.xml
Done sleeping
Running .Border
28427 ms. Memory: 3584000K Free: 1123328K (31%)
Exported /home/travis/build/icyphy/ptII/ptolemy/actor/lib/jjs/modules/imageFilters/demo/ImageFilters/Border/index.html
37582 ms. Memory: 3584000K Free: 1096702K (31%)
####### 49 Sun Jul 21 19:17:13 UTC 2019 $PTII/bin/ptinvoke ptolemy.vergil.basic.export.ExportModel -force htm -run -openComposites -timeOut 30000 -whiteBackground ptolemy/actor/lib/jjs/modules/imageFilters/demo/ImageFilters/BoxBlur.xml $PTII/ptolemy/actor/lib/jjs/modules/imageFilters/demo/ImageFilters/BoxBlur
----------------- Sun Jul 21 19:17:13 UTC 2019 About to sleep for 5.0 seconds before running or rerunning.  Test is: /home/travis/build/icyphy/ptII/ptolemy/actor/lib/jjs/modules/imageFilters/demo/ImageFilters/BoxBlur.xml
Done sleeping
Running .BoxBlur
28477 ms. Memory: 3584000K Free: 728576K (20%)
Exported /home/travis/build/icyphy/ptII/ptolemy/actor/lib/jjs/modules/imageFilters/demo/ImageFilters/BoxBlur/index.html
37110 ms. Memory: 3584000K Free: 701934K (20%)
####### 50 Sun Jul 21 19:17:55 UTC 2019 $PTII/bin/ptinvoke ptolemy.vergil.basic.export.ExportModel -force htm -run -openComposites -timeOut 30000 -whiteBackground ptolemy/actor/lib/jjs/modules/imageFilters/demo/ImageFilters/Bump.xml $PTII/ptolemy/actor/lib/jjs/modules/imageFilters/demo/ImageFilters/Bump
----------------- Sun Jul 21 19:17:55 UTC 2019 About to sleep for 5.0 seconds before running or rerunning.  Test is: /home/travis/build/icyphy/ptII/ptolemy/actor/lib/jjs/modules/imageFilters/demo/ImageFilters/Bump.xml
Done sleeping
Running .Bump
ExportHTMLTimer went off after 30000 ms., calling getDirector().finish and getDirector().stopFire()
30033 ms. Memory: 3584000K Free: 258560K (7%)
Exported /home/travis/build/icyphy/ptII/ptolemy/actor/lib/jjs/modules/imageFilters/demo/ImageFilters/Bump/index.html
38809 ms. Memory: 3584000K Free: 231907K (6%)
####### 51 Sun Jul 21 19:18:39 UTC 2019 $PTII/bin/ptinvoke ptolemy.vergil.basic.export.ExportModel -force htm -run -openComposites -timeOut 30000 -whiteBackground ptolemy/actor/lib/jjs/modules/imageFilters/demo/ImageFilters/ChannelMix.xml $PTII/ptolemy/actor/lib/jjs/modules/imageFilters/demo/ImageFilters/ChannelMix
----------------- Sun Jul 21 19:18:39 UTC 2019 About to sleep for 5.0 seconds before running or rerunning.  Test is: /home/travis/build/icyphy/ptII/ptolemy/actor/lib/jjs/modules/imageFilters/demo/ImageFilters/ChannelMix.xml
Done sleeping
Running .ChannelMix
29954 ms. Memory: 3584000K Free: 228862K (6%)
Exported /home/travis/build/icyphy/ptII/ptolemy/actor/lib/jjs/modules/imageFilters/demo/ImageFilters/ChannelMix/index.html
38649 ms. Memory: 3584000K Free: 202212K (6%)
####### 52 Sun Jul 21 19:19:23 UTC 2019 $PTII/bin/ptinvoke ptolemy.vergil.basic.export.ExportModel -force htm -run -openComposites -timeOut 30000 -whiteBackground ptolemy/actor/lib/jjs/modules/imageFilters/demo/ImageFilters/Chrome.xml $PTII/ptolemy/actor/lib/jjs/modules/imageFilters/demo/ImageFilters/Chrome
----------------- Sun Jul 21 19:19:23 UTC 2019 About to sleep for 5.0 seconds before running or rerunning.  Test is: /home/travis/build/icyphy/ptII/ptolemy/actor/lib/jjs/modules/imageFilters/demo/ImageFilters/Chrome.xml
Done sleeping
Running .Chrome
Manager.initialize() finished: 10658 ms. Memory: 3584000K Free: 2052606K (57%)
ExportHTMLTimer went off after 30000 ms., calling getDirector().finish and getDirector().stopFire()
30177 ms. Memory: 3584000K Free: 933374K (26%)
Exported /home/travis/build/icyphy/ptII/ptolemy/actor/lib/jjs/modules/imageFilters/demo/ImageFilters/Chrome/index.html
39591 ms. Memory: 3584000K Free: 907232K (25%)
####### 53 Sun Jul 21 19:20:08 UTC 2019 $PTII/bin/ptinvoke ptolemy.vergil.basic.export.ExportModel -force htm -run -openComposites -timeOut 30000 -whiteBackground ptolemy/actor/lib/jjs/modules/imageFilters/demo/ImageFilters/Circle.xml $PTII/ptolemy/actor/lib/jjs/modules/imageFilters/demo/ImageFilters/Circle
----------------- Sun Jul 21 19:20:08 UTC 2019 About to sleep for 5.0 seconds before running or rerunning.  Test is: /home/travis/build/icyphy/ptII/ptolemy/actor/lib/jjs/modules/imageFilters/demo/ImageFilters/Circle.xml
Done sleeping
Running .Circle
ExportHTMLTimer went off after 30000 ms., calling getDirector().finish and getDirector().stopFire()
30014 ms. Memory: 3584000K Free: 404478K (11%)
Exported /home/travis/build/icyphy/ptII/ptolemy/actor/lib/jjs/modules/imageFilters/demo/ImageFilters/Circle/index.html
39088 ms. Memory: 3584000K Free: 378337K (11%)
####### 54 Sun Jul 21 19:20:52 UTC 2019 $PTII/bin/ptinvoke ptolemy.vergil.basic.export.ExportModel -force htm -run -openComposites -timeOut 30000 -whiteBackground ptolemy/actor/lib/jjs/modules/imageFilters/demo/ImageFilters/ColorHalftone.xml $PTII/ptolemy/actor/lib/jjs/modules/imageFilters/demo/ImageFilters/ColorHalftone
----------------- Sun Jul 21 19:20:52 UTC 2019 About to sleep for 5.0 seconds before running or rerunning.  Test is: /home/travis/build/icyphy/ptII/ptolemy/actor/lib/jjs/modules/imageFilters/demo/ImageFilters/ColorHalftone.xml
Done sleeping
Running .ColorHalftone
ExportHTMLTimer went off after 30000 ms., calling getDirector().finish and getDirector().stopFire()
30345 ms. Memory: 3584000K Free: 717312K (20%)
Exported /home/travis/build/icyphy/ptII/ptolemy/actor/lib/jjs/modules/imageFilters/demo/ImageFilters/ColorHalftone/index.html
39375 ms. Memory: 3584000K Free: 691155K (19%)
####### 55 Sun Jul 21 19:21:36 UTC 2019 $PTII/bin/ptinvoke ptolemy.vergil.basic.export.ExportModel -force htm -run -openComposites -timeOut 30000 -whiteBackground ptolemy/actor/lib/jjs/modules/imageFilters/demo/ImageFilters/Contour.xml $PTII/ptolemy/actor/lib/jjs/modules/imageFilters/demo/ImageFilters/Contour
----------------- Sun Jul 21 19:21:36 UTC 2019 About to sleep for 5.0 seconds before running or rerunning.  Test is: /home/travis/build/icyphy/ptII/ptolemy/actor/lib/jjs/modules/imageFilters/demo/ImageFilters/Contour.xml
Done sleeping
Running .Contour
ExportHTMLTimer went off after 30000 ms., calling getDirector().finish and getDirector().stopFire()
30040 ms. Memory: 3584000K Free: 1041408K (29%)
Exported /home/travis/build/icyphy/ptII/ptolemy/actor/lib/jjs/modules/imageFilters/demo/ImageFilters/Contour/index.html
40247 ms. Memory: 3584000K Free: 1016811K (28%)
####### 56 Sun Jul 21 19:22:21 UTC 2019 $PTII/bin/ptinvoke ptolemy.vergil.basic.export.ExportModel -force htm -run -openComposites -timeOut 30000 -whiteBackground ptolemy/actor/lib/jjs/modules/imageFilters/demo/ImageFilters/Contrast.xml $PTII/ptolemy/actor/lib/jjs/modules/imageFilters/demo/ImageFilters/Contrast
----------------- Sun Jul 21 19:22:21 UTC 2019 About to sleep for 5.0 seconds before running or rerunning.  Test is: /home/travis/build/icyphy/ptII/ptolemy/actor/lib/jjs/modules/imageFilters/demo/ImageFilters/Contrast.xml
Done sleeping
Running .Contrast
Manager.initialize() finished: 10110 ms. Memory: 3584000K Free: 1538888K (43%)
ExportHTMLTimer went off after 30000 ms., calling getDirector().finish and getDirector().stopFire()
30225 ms. Memory: 3584000K Free: 1154560K (32%)
Exported /home/travis/build/icyphy/ptII/ptolemy/actor/lib/jjs/modules/imageFilters/demo/ImageFilters/Contrast/index.html
39333 ms. Memory: 3584000K Free: 1127379K (31%)
####### 57 Sun Jul 21 19:23:06 UTC 2019 $PTII/bin/ptinvoke ptolemy.vergil.basic.export.ExportModel -force htm -run -openComposites -timeOut 30000 -whiteBackground ptolemy/actor/lib/jjs/modules/imageFilters/demo/ImageFilters/Crop.xml $PTII/ptolemy/actor/lib/jjs/modules/imageFilters/demo/ImageFilters/Crop
----------------- Sun Jul 21 19:23:06 UTC 2019 About to sleep for 5.0 seconds before running or rerunning.  Test is: /home/travis/build/icyphy/ptII/ptolemy/actor/lib/jjs/modules/imageFilters/demo/ImageFilters/Crop.xml
Done sleeping
Running .Crop
Manager.initialize() finished: 11182 ms. Memory: 3584000K Free: 1696254K (47%)
ExportHTMLTimer went off after 30000 ms., calling getDirector().finish and getDirector().stopFire()
[...]
Warning: Nashorn engine is planned to be removed from a future JDK release
Warning: Nashorn engine is planned to be removed from a future JDK release
Warning: Nashorn engine is planned to be removed from a future JDK release
Warning: Nashorn engine is planned to be removed from a future JDK release
Warning: Nashorn engine is planned to be removed from a future JDK release
Warning: Nashorn engine is planned to be removed from a future JDK release
Warning: Nashorn engine is planned to be removed from a future JDK release
[atomic-processor-1] INFO com.github.sarxos.webcam.ds.cgt.WebcamOpenTask - Opening webcam Dummy Webcam 0
Warning: Nashorn engine is planned to be removed from a future JDK release
Warning: Nashorn engine is planned to be removed from a future JDK release
WARNING: Invoking send() too late (probably in a callback), so Camera is not able to send the token {type="class ptolemy.data.AWTImageToken", width="640", height="480"} to the output image. Token is discarded.
[atomic-processor-1] INFO com.github.sarxos.webcam.ds.cgt.WebcamCloseTask - Closing Dummy Webcam 0
Warning: Nashorn engine is planned to be removed from a future JDK release
Warning: Nashorn engine is planned to be removed from a future JDK release
Warning: Nashorn engine is planned to be removed from a future JDK release
Warning: Nashorn engine is planned to be removed from a future JDK release
Warning: Nashorn engine is planned to be removed from a future JDK release
Warning: Nashorn engine is planned to be removed from a future JDK release
Warning: Nashorn engine is planned to be removed from a future JDK release
Warning: Nashorn engine is planned to be removed from a future JDK release
Warning: Nashorn engine is planned to be removed from a future JDK release
Warning: Nashorn engine is planned to be removed from a future JDK release
Warning: Nashorn engine is planned to be removed from a future JDK release
Warning: Nashorn engine is planned to be removed from a future JDK release
Warning: Nashorn engine is planned to be removed from a future JDK release
Warning: Nashorn engine is planned to be removed from a future JDK release
[atomic-processor-1] INFO com.github.sarxos.webcam.ds.cgt.WebcamOpenTask - Opening webcam Dummy Webcam 0
Warning: Nashorn engine is planned to be removed from a future JDK release
Warning: Nashorn engine is planned to be removed from a future JDK release
WARNING: Invoking send() too late (probably in a callback), so Camera is not able to send the token {type="class ptolemy.data.AWTImageToken", width="640", height="480"} to the output image. Token is discarded.
[atomic-processor-1] INFO com.github.sarxos.webcam.ds.cgt.WebcamCloseTask - Closing Dummy Webcam 0
Warning: Nashorn engine is planned to be removed from a future JDK release
Warning: Nashorn engine is planned to be removed from a future JDK release
Warning: Nashorn engine is planned to be removed from a future JDK release
Warning: Nashorn engine is planned to be removed from a future JDK release
Warning: Nashorn engine is planned to be removed from a future JDK release
Warning: Nashorn engine is planned to be removed from a future JDK release
Warning: Nashorn engine is planned to be removed from a future JDK release
Warning: Nashorn engine is planned to be removed from a future JDK release
Warning: Nashorn engine is planned to be removed from a future JDK release
Warning: Nashorn engine is planned to be removed from a future JDK release
Warning: Nashorn engine is planned to be removed from a future JDK release
Warning: Nashorn engine is planned to be removed from a future JDK release
Warning: Nashorn engine is planned to be removed from a future JDK release
Warning: Nashorn engine is planned to be removed from a future JDK release
[atomic-processor-1] INFO com.github.sarxos.webcam.ds.cgt.WebcamOpenTask - Opening webcam Dummy Webcam 0
Warning: Nashorn engine is planned to be removed from a future JDK release
Warning: Nashorn engine is planned to be removed from a future JDK release
[atomic-processor-1] INFO com.github.sarxos.webcam.ds.cgt.WebcamCloseTask - Closing Dummy Webcam 0
Warning: Nashorn engine is planned to be removed from a future JDK release
Warning: Nashorn engine is planned to be removed from a future JDK release
Warning: Nashorn engine is planned to be removed from a future JDK release
Warning: Nashorn engine is planned to be removed from a future JDK release
Warning: Nashorn engine is planned to be removed from a future JDK release
Warning: Nashorn engine is planned to be removed from a future JDK release
Warning: Nashorn engine is planned to be removed from a future JDK release
Warning: Nashorn engine is planned to be removed from a future JDK release
Warning: Nashorn engine is planned to be removed from a future JDK release
Warning: Nashorn engine is planned to be removed from a future JDK release
Warning: Nashorn engine is planned to be removed from a future JDK release
Warning: Nashorn engine is planned to be removed from a future JDK release
Warning: Nashorn engine is planned to be removed from a future JDK release
Warning: Nashorn engine is planned to be removed from a future JDK release
[atomic-processor-1] INFO com.github.sarxos.webcam.ds.cgt.WebcamOpenTask - Opening webcam Dummy Webcam 0
Warning: Nashorn engine is planned to be removed from a future JDK release
Warning: Nashorn engine is planned to be removed from a future JDK release
[atomic-processor-1] INFO com.github.sarxos.webcam.ds.cgt.WebcamCloseTask - Closing Dummy Webcam 0
Warning: Nashorn engine is planned to be removed from a future JDK release
Warning: Nashorn engine is planned to be removed from a future JDK release
Warning: Nashorn engine is planned to be removed from a future JDK release
Warning: Nashorn engine is planned to be removed from a future JDK release
Warning: Nashorn engine is planned to be removed from a future JDK release
Warning: Nashorn engine is planned to be removed from a future JDK release
Warning: Nashorn engine is planned to be removed from a future JDK release
Warning: Nashorn engine is planned to be removed from a future JDK release
Warning: Nashorn engine is planned to be removed from a future JDK release
Warning: Nashorn engine is planned to be removed from a future JDK release
Warning: Nashorn engine is planned to be removed from a future JDK release
Warning: Nashorn engine is planned to be removed from a future JDK release
Warning: Nashorn engine is planned to be removed from a future JDK release
Warning: Nashorn engine is planned to be removed from a future JDK release
[atomic-processor-1] INFO com.github.sarxos.webcam.ds.cgt.WebcamOpenTask - Opening webcam Dummy Webcam 0
Warning: Nashorn engine is planned to be removed from a future JDK release
Warning: Nashorn engine is planned to be removed from a future JDK release
[atomic-processor-1] INFO com.github.sarxos.webcam.ds.cgt.WebcamCloseTask - Closing Dummy Webcam 0
Warning: Nashorn engine is planned to be removed from a future JDK release
Warning: Nashorn engine is planned to be removed from a future JDK release
Warning: Nashorn engine is planned to be removed from a future JDK release
Warning: Nashorn engine is planned to be removed from a future JDK release
Warning: Nashorn engine is planned to be removed from a future JDK release
Warning: Nashorn engine is planned to be removed from a future JDK release
Warning: Nashorn engine is planned to be removed from a future JDK release
Warning: Nashorn engine is planned to be removed from a future JDK release
Warning: Nashorn engine is planned to be removed from a future JDK release
Warning: Nashorn engine is planned to be removed from a future JDK release
Warning: Nashorn engine is planned to be removed from a future JDK release
Warning: Nashorn engine is planned to be removed from a future JDK release
Warning: Nashorn engine is planned to be removed from a future JDK release
Warning: Nashorn engine is planned to be removed from a future JDK release
[atomic-processor-1] INFO com.github.sarxos.webcam.ds.cgt.WebcamOpenTask - Opening webcam Dummy Webcam 0
Warning: Nashorn engine is planned to be removed from a future JDK release
Warning: Nashorn engine is planned to be removed from a future JDK release
[atomic-processor-1] INFO com.github.sarxos.webcam.ds.cgt.WebcamCloseTask - Closing Dummy Webcam 0
WARNING: Camera: Model stopped before executing actions (e.g. producing outputs) scheduled for execution at times [15.914, 16.752, 17.339000000000002, 16.963, 18.566, 16.334, 18.055, 16.649, 18.979, 17.645, 18.668, 18.362000000000002, 18.876, 19.389, 19.286, 16.02, 17.748, 15.709000000000001, 18.774, 16.129, 16.44, 17.85, 19.184, 15.503, 15.4, 18.259, 17.953, 17.543, 16.86, 18.464000000000002, 17.065, 15.812000000000001, 16.546, 17.174, 15.606, 18.157, 16.232, 17.441, 19.081]
Warning: Nashorn engine is planned to be removed from a future JDK release
Warning: Nashorn engine is planned to be removed from a future JDK release
Warning: Nashorn engine is planned to be removed from a future JDK release
Warning: Nashorn engine is planned to be removed from a future JDK release
Warning: Nashorn engine is planned to be removed from a future JDK release
Warning: Nashorn engine is planned to be removed from a future JDK release
Warning: Nashorn engine is planned to be removed from a future JDK release
Warning: Nashorn engine is planned to be removed from a future JDK release
Warning: Nashorn engine is planned to be removed from a future JDK release
Warning: Nashorn engine is planned to be removed from a future JDK release
Warning: Nashorn engine is planned to be removed from a future JDK release
Warning: Nashorn engine is planned to be removed from a future JDK release
Warning: Nashorn engine is planned to be removed from a future JDK release
Warning: Nashorn engine is planned to be removed from a future JDK release
[atomic-processor-1] INFO com.github.sarxos.webcam.ds.cgt.WebcamOpenTask - Opening webcam Dummy Webcam 0
Warning: Nashorn engine is planned to be removed from a future JDK release
Warning: Nashorn engine is planned to be removed from a future JDK release
WARNING: Invoking send() too late (probably in a callback), so Camera is not able to send the token {type="class ptolemy.data.AWTImageToken", width="640", height="480"} to the output image. Token is discarded.
[atomic-processor-1] INFO com.github.sarxos.webcam.ds.cgt.WebcamCloseTask - Closing Dummy Webcam 0
Warning: Nashorn engine is planned to be removed from a future JDK release
Warning: Nashorn engine is planned to be removed from a future JDK release
Warning: Nashorn engine is planned to be removed from a future JDK release
Warning: Nashorn engine is planned to be removed from a future JDK release
Warning: Nashorn engine is planned to be removed from a future JDK release
Warning: Nashorn engine is planned to be removed from a future JDK release
Warning: Nashorn engine is planned to be removed from a future JDK release
Warning: Nashorn engine is planned to be removed from a future JDK release
Warning: Nashorn engine is planned to be removed from a future JDK release
Warning: Nashorn engine is planned to be removed from a future JDK release
Warning: Nashorn engine is planned to be removed from a future JDK release
Warning: Nashorn engine is planned to be removed from a future JDK release
Warning: Nashorn engine is planned to be removed from a future JDK release
Warning: Nashorn engine is planned to be removed from a future JDK release
[atomic-processor-1] INFO com.github.sarxos.webcam.ds.cgt.WebcamOpenTask - Opening webcam Dummy Webcam 0
Warning: Nashorn engine is planned to be removed from a future JDK release
Warning: Nashorn engine is planned to be removed from a future JDK release
WARNING: Invoking send() too late (probably in a callback), so Camera is not able to send the token {type="class ptolemy.data.AWTImageToken", width="640", height="480"} to the output image. Token is discarded.
[atomic-processor-1] INFO com.github.sarxos.webcam.ds.cgt.WebcamCloseTask - Closing Dummy Webcam 0
WARNING: Camera: Model stopped before executing actions (e.g. producing outputs) scheduled for execution at times [19.425, 17.373, 17.681, 18.091, 19.015, 19.835, 17.062, 18.707, 17.271, 19.117, 19.527, 20.041, 20.144000000000002, 18.296, 17.886, 17.168, 19.220000000000002, 19.63, 17.476, 17.784, 19.938000000000002, 18.604, 18.194, 17.989, 19.323, 18.502000000000002, 18.912, 19.733, 18.809, 17.579, 18.399, 20.246000000000002]
Warning: Nashorn engine is planned to be removed from a future JDK release
Warning: Nashorn engine is planned to be removed from a future JDK release
Warning: Nashorn engine is planned to be removed from a future JDK release
Warning: Nashorn engine is planned to be removed from a future JDK release
Warning: Nashorn engine is planned to be removed from a future JDK release
Warning: Nashorn engine is planned to be removed from a future JDK release
Warning: Nashorn engine is planned to be removed from a future JDK release
Warning: Nashorn engine is planned to be removed from a future JDK release
Warning: Nashorn engine is planned to be removed from a future JDK release
Warning: Nashorn engine is planned to be removed from a future JDK release
Warning: Nashorn engine is planned to be removed from a future JDK release
Warning: Nashorn engine is planned to be removed from a future JDK release
Warning: Nashorn engine is planned to be removed from a future JDK release
Warning: Nashorn engine is planned to be removed from a future JDK release
[atomic-processor-1] INFO com.github.sarxos.webcam.ds.cgt.WebcamOpenTask - Opening webcam Dummy Webcam 0
Warning: Nashorn engine is planned to be removed from a future JDK release
Warning: Nashorn engine is planned to be removed from a future JDK release
[atomic-processor-1] INFO com.github.sarxos.webcam.ds.cgt.WebcamCloseTask - Closing Dummy Webcam 0
Warning: Nashorn engine is planned to be removed from a future JDK release
Warning: Nashorn engine is planned to be removed from a future JDK release
Warning: Nashorn engine is planned to be removed from a future JDK release
Warning: Nashorn engine is planned to be removed from a future JDK release
Warning: Nashorn engine is planned to be removed from a future JDK release
Warning: Nashorn engine is planned to be removed from a future JDK release
Warning: Nashorn engine is planned to be removed from a future JDK release
Warning: Nashorn engine is planned to be removed from a future JDK release
Warning: Nashorn engine is planned to be removed from a future JDK release
Warning: Nashorn engine is planned to be removed from a future JDK release
Warning: Nashorn engine is planned to be removed from a future JDK release
Warning: Nashorn engine is planned to be removed from a future JDK release
Warning: Nashorn engine is planned to be removed from a future JDK release
Warning: Nashorn engine is planned to be removed from a future JDK release
[atomic-processor-1] INFO com.github.sarxos.webcam.ds.cgt.WebcamOpenTask - Opening webcam Dummy Webcam 0
Warning: Nashorn engine is planned to be removed from a future JDK release
Warning: Nashorn engine is planned to be removed from a future JDK release
WARNING: Invoking send() too late (probably in a callback), so Camera is not able to send the token {type="class ptolemy.data.AWTImageToken", width="640", height="480"} to the output image. Token is discarded.
[atomic-processor-1] INFO com.github.sarxos.webcam.ds.cgt.WebcamCloseTask - Closing Dummy Webcam 0
Warning: Nashorn engine is planned to be removed from a future JDK release
Warning: Nashorn engine is planned to be removed from a future JDK release
Warning: Nashorn engine is planned to be removed from a future JDK release
Warning: Nashorn engine is planned to be removed from a future JDK release
Warning: Nashorn engine is planned to be removed from a future JDK release
Warning: Nashorn engine is planned to be removed from a future JDK release
Warning: Nashorn engine is planned to be removed from a future JDK release
Warning: Nashorn engine is planned to be removed from a future JDK release
Warning: Nashorn engine is planned to be removed from a future JDK release
Warning: Nashorn engine is planned to be removed from a future JDK release
Warning: Nashorn engine is planned to be removed from a future JDK release
Warning: Nashorn engine is planned to be removed from a future JDK release
Warning: Nashorn engine is planned to be removed from a future JDK release
Warning: Nashorn engine is planned to be removed from a future JDK release
[atomic-processor-1] INFO com.github.sarxos.webcam.ds.cgt.WebcamOpenTask - Opening webcam Dummy Webcam 0
Warning: Nashorn engine is planned to be removed from a future JDK release
Warning: Nashorn engine is planned to be removed from a future JDK release
[atomic-processor-1] INFO com.github.sarxos.webcam.ds.cgt.WebcamCloseTask - Closing Dummy Webcam 0
Warning: Nashorn engine is planned to be removed from a future JDK release
Warning: Nashorn engine is planned to be removed from a future JDK release
Warning: Nashorn engine is planned to be removed from a future JDK release
Warning: Nashorn engine is planned to be removed from a future JDK release
Warning: Nashorn engine is planned to be removed from a future JDK release
Warning: Nashorn engine is planned to be removed from a future JDK release
Warning: Nashorn engine is planned to be removed from a future JDK release
Warning: Nashorn engine is planned to be removed from a future JDK release
Warning: Nashorn engine is planned to be removed from a future JDK release
Warning: Nashorn engine is planned to be removed from a future JDK release
Warning: Nashorn engine is planned to be removed from a future JDK release
Warning: Nashorn engine is planned to be removed from a future JDK release
Warning: Nashorn engine is planned to be removed from a future JDK release
Warning: Nashorn engine is planned to be removed from a future JDK release
[atomic-processor-1] INFO com.github.sarxos.webcam.ds.cgt.WebcamOpenTask - Opening webcam Dummy Webcam 0
Warning: Nashorn engine is planned to be removed from a future JDK release
Warning: Nashorn engine is planned to be removed from a future JDK release
[atomic-processor-1] INFO com.github.sarxos.webcam.ds.cgt.WebcamCloseTask - Closing Dummy Webcam 0
WARNING: Camera: Model stopped before executing actions (e.g. producing outputs) scheduled for execution at times [20.263, 19.545, 19.341, 19.75, 19.443, 19.853, 19.956, 19.136, 19.238, 19.648, 20.058, 20.161]
Warning: Nashorn engine is planned to be removed from a future JDK release
Warning: Nashorn engine is planned to be removed from a future JDK release
Warning: Nashorn engine is planned to be removed from a future JDK release
Warning: Nashorn engine is planned to be removed from a future JDK release
Warning: Nashorn engine is planned to be removed from a future JDK release
Warning: Nashorn engine is planned to be removed from a future JDK release
Warning: Nashorn engine is planned to be removed from a future JDK release
Warning: Nashorn engine is planned to be removed from a future JDK release
Warning: Nashorn engine is planned to be removed from a future JDK release
Warning: Nashorn engine is planned to be removed from a future JDK release
Warning: Nashorn engine is planned to be removed from a future JDK release
Warning: Nashorn engine is planned to be removed from a future JDK release
Warning: Nashorn engine is planned to be removed from a future JDK release
Warning: Nashorn engine is planned to be removed from a future JDK release
[atomic-processor-1] INFO com.github.sarxos.webcam.ds.cgt.WebcamOpenTask - Opening webcam Dummy Webcam 0
Warning: Nashorn engine is planned to be removed from a future JDK release
Warning: Nashorn engine is planned to be removed from a future JDK release
[atomic-processor-1] INFO com.github.sarxos.webcam.ds.cgt.WebcamCloseTask - Closing Dummy Webcam 0
]]></system-err>
</testsuite>
