<?xml version="1.0" encoding="UTF-8" ?>
<testsuite errors="0" failures="0" hostname="travis-job-5bc0a361-03a5-4e13-a0a7-ad4b15ab5f73" name="ptolemy.domains.de.test.junit.JUnitTclTest" skipped="0" tests="101" time="138.372" timestamp="2019-09-01T05:30:47">
  <properties>
[...]
</properties>
  <testcase classname="ptolemy.util.test.junit.TclTests" name="[0] /home/travis/build/icyphy/ptII/ptolemy/domains/de/test/DependencyLoop.tcl (RunTclFile)" time="1.081" />
  <testcase classname="ptolemy.util.test.junit.TclTests" name="[1] /home/travis/build/icyphy/ptII/ptolemy/domains/de/test/RunDETestsAsQSS.tcl (RunTclFile)" time="94.68" />
  <testcase classname="ptolemy.util.test.junit.AutoKnownFailedTests" name="[0] /home/travis/build/icyphy/ptII/ptolemy/domains/de/test/auto/knownFailedTests/DESDFClockTest.xml (RunModel)" time="2.046" />
  <testcase classname="ptolemy.util.test.junit.AutoKnownFailedTests" name="[1] /home/travis/build/icyphy/ptII/ptolemy/domains/de/test/auto/knownFailedTests/DirectFeedback.xml (RunModel)" time="0.018" />
  <testcase classname="ptolemy.util.test.junit.AutoKnownFailedTests" name="[2] /home/travis/build/icyphy/ptII/ptolemy/domains/de/test/auto/knownFailedTests/FSMSource.xml (RunModel)" time="0.024" />
  <testcase classname="ptolemy.util.test.junit.AutoKnownFailedTests" name="[3] /home/travis/build/icyphy/ptII/ptolemy/domains/de/test/auto/knownFailedTests/HierarchicalModel.xml (RunModel)" time="0.063" />
  <testcase classname="ptolemy.util.test.junit.AutoKnownFailedTests" name="[4] /home/travis/build/icyphy/ptII/ptolemy/domains/de/test/auto/knownFailedTests/dependencyLoop.xml (RunModel)" time="0.052" />
  <testcase classname="ptolemy.util.test.junit.AutoKnownFailedTests" name="[5] /home/travis/build/icyphy/ptII/ptolemy/domains/de/test/auto/knownFailedTests/dependencyLoop2.xml (RunModel)" time="0.048" />
  <testcase classname="ptolemy.util.test.junit.AutoNameArchTests" name="[0] ThereAreNoAutoArchTests (RunModel)" time="0.002" />
  <testcase classname="ptolemy.util.test.junit.AutoTests" name="[0] /home/travis/build/icyphy/ptII/ptolemy/domains/de/test/auto/ActorDepthCalculation_actorWithoutPorts.xml (RunModel)" time="0.02" />
  <testcase classname="ptolemy.util.test.junit.AutoTests" name="[1] /home/travis/build/icyphy/ptII/ptolemy/domains/de/test/auto/AssemblyLine.xml (RunModel)" time="0.025" />
  <testcase classname="ptolemy.util.test.junit.AutoTests" name="[2] /home/travis/build/icyphy/ptII/ptolemy/domains/de/test/auto/CQBug1.xml (RunModel)" time="0.013" />
  <testcase classname="ptolemy.util.test.junit.AutoTests" name="[3] /home/travis/build/icyphy/ptII/ptolemy/domains/de/test/auto/CancelFireAt.xml (RunModel)" time="0.017" />
  <testcase classname="ptolemy.util.test.junit.AutoTests" name="[4] /home/travis/build/icyphy/ptII/ptolemy/domains/de/test/auto/CausalityAndComposabilityAnalysis.xml (RunModel)" time="0.013" />
  <testcase classname="ptolemy.util.test.junit.AutoTests" name="[5] /home/travis/build/icyphy/ptII/ptolemy/domains/de/test/auto/CausalityInterface1.xml (RunModel)" time="0.018" />
  <testcase classname="ptolemy.util.test.junit.AutoTests" name="[6] /home/travis/build/icyphy/ptII/ptolemy/domains/de/test/auto/CausalityInterface15.xml (RunModel)" time="0.016" />
  <testcase classname="ptolemy.util.test.junit.AutoTests" name="[7] /home/travis/build/icyphy/ptII/ptolemy/domains/de/test/auto/CausalityInterface2.xml (RunModel)" time="0.017" />
  <testcase classname="ptolemy.util.test.junit.AutoTests" name="[8] /home/travis/build/icyphy/ptII/ptolemy/domains/de/test/auto/CausalityInterface3.xml (RunModel)" time="0.014" />
  <testcase classname="ptolemy.util.test.junit.AutoTests" name="[9] /home/travis/build/icyphy/ptII/ptolemy/domains/de/test/auto/ClockDrift.xml (RunModel)" time="0.038" />
  <testcase classname="ptolemy.util.test.junit.AutoTests" name="[10] /home/travis/build/icyphy/ptII/ptolemy/domains/de/test/auto/ClockDriftAndValueChange.xml (RunModel)" time="0.038" />
  <testcase classname="ptolemy.util.test.junit.AutoTests" name="[11] /home/travis/build/icyphy/ptII/ptolemy/domains/de/test/auto/ClockDriftChange.xml (RunModel)" time="0.035" />
  <testcase classname="ptolemy.util.test.junit.AutoTests" name="[12] /home/travis/build/icyphy/ptII/ptolemy/domains/de/test/auto/ComposableCausalityAnalysis.xml (RunModel)" time="0.016" />
  <testcase classname="ptolemy.util.test.junit.AutoTests" name="[13] /home/travis/build/icyphy/ptII/ptolemy/domains/de/test/auto/DEFixedPointLimitation.xml (RunModel)" time="0.013" />
  <testcase classname="ptolemy.util.test.junit.AutoTests" name="[14] /home/travis/build/icyphy/ptII/ptolemy/domains/de/test/auto/DEScheduleTest.xml (RunModel)" time="0.015" />
  <testcase classname="ptolemy.util.test.junit.AutoTests" name="[15] /home/travis/build/icyphy/ptII/ptolemy/domains/de/test/auto/DEinDEwithStartTimes.xml (RunModel)" time="0.016" />
  <testcase classname="ptolemy.util.test.junit.AutoTests" name="[16] /home/travis/build/icyphy/ptII/ptolemy/domains/de/test/auto/DEinDEwithStartTimes2.xml (RunModel)" time="0.024" />
  <testcase classname="ptolemy.util.test.junit.AutoTests" name="[17] /home/travis/build/icyphy/ptII/ptolemy/domains/de/test/auto/DateDemo.xml (RunModel)" time="0.038" />
  <testcase classname="ptolemy.util.test.junit.AutoTests" name="[18] /home/travis/build/icyphy/ptII/ptolemy/domains/de/test/auto/DateToEvent.xml (RunModel)" time="2.045" />
  <testcase classname="ptolemy.util.test.junit.AutoTests" name="[19] /home/travis/build/icyphy/ptII/ptolemy/domains/de/test/auto/DepthTest1.xml (RunModel)" time="0.008" />
  <testcase classname="ptolemy.util.test.junit.AutoTests" name="[20] /home/travis/build/icyphy/ptII/ptolemy/domains/de/test/auto/DepthTest2.xml (RunModel)" time="0.023" />
  <testcase classname="ptolemy.util.test.junit.AutoTests" name="[21] /home/travis/build/icyphy/ptII/ptolemy/domains/de/test/auto/DepthTest3.xml (RunModel)" time="0.018" />
  <testcase classname="ptolemy.util.test.junit.AutoTests" name="[22] /home/travis/build/icyphy/ptII/ptolemy/domains/de/test/auto/DepthTest4.xml (RunModel)" time="0.021" />
  <testcase classname="ptolemy.util.test.junit.AutoTests" name="[23] /home/travis/build/icyphy/ptII/ptolemy/domains/de/test/auto/DepthTest5.xml (RunModel)" time="0.018" />
  <testcase classname="ptolemy.util.test.junit.AutoTests" name="[24] /home/travis/build/icyphy/ptII/ptolemy/domains/de/test/auto/DepthTest6.xml (RunModel)" time="0.014" />
  <testcase classname="ptolemy.util.test.junit.AutoTests" name="[25] /home/travis/build/icyphy/ptII/ptolemy/domains/de/test/auto/DepthTest7.xml (RunModel)" time="0.019" />
  <testcase classname="ptolemy.util.test.junit.AutoTests" name="[26] /home/travis/build/icyphy/ptII/ptolemy/domains/de/test/auto/EventToDate.xml (RunModel)" time="3.04" />
  <testcase classname="ptolemy.util.test.junit.AutoTests" name="[27] /home/travis/build/icyphy/ptII/ptolemy/domains/de/test/auto/FSM1.xml (RunModel)" time="0.054" />
  <testcase classname="ptolemy.util.test.junit.AutoTests" name="[28] /home/travis/build/icyphy/ptII/ptolemy/domains/de/test/auto/FSM7.xml (RunModel)" time="0.043" />
  <testcase classname="ptolemy.util.test.junit.AutoTests" name="[29] /home/travis/build/icyphy/ptII/ptolemy/domains/de/test/auto/Inspection.xml (RunModel)" time="0.047" />
  <testcase classname="ptolemy.util.test.junit.AutoTests" name="[30] /home/travis/build/icyphy/ptII/ptolemy/domains/de/test/auto/Iteration.xml (RunModel)" time="0.024" />
  <testcase classname="ptolemy.util.test.junit.AutoTests" name="[31] /home/travis/build/icyphy/ptII/ptolemy/domains/de/test/auto/LineFault.xml (RunModel)" time="0.683" />
  <testcase classname="ptolemy.util.test.junit.AutoTests" name="[32] /home/travis/build/icyphy/ptII/ptolemy/domains/de/test/auto/MergeModel1Add.xml (RunModel)" time="0.051" />
  <testcase classname="ptolemy.util.test.junit.AutoTests" name="[33] /home/travis/build/icyphy/ptII/ptolemy/domains/de/test/auto/MergeModel2Add.xml (RunModel)" time="0.036" />
  <testcase classname="ptolemy.util.test.junit.AutoTests" name="[34] /home/travis/build/icyphy/ptII/ptolemy/domains/de/test/auto/MergeModel3Add.xml (RunModel)" time="0.045" />
  <testcase classname="ptolemy.util.test.junit.AutoTests" name="[35] /home/travis/build/icyphy/ptII/ptolemy/domains/de/test/auto/MergeWithoutDiscard.xml (RunModel)" time="0.02" />
  <testcase classname="ptolemy.util.test.junit.AutoTests" name="[36] /home/travis/build/icyphy/ptII/ptolemy/domains/de/test/auto/Modal1.xml (RunModel)" time="0.036" />
  <testcase classname="ptolemy.util.test.junit.AutoTests" name="[37] /home/travis/build/icyphy/ptII/ptolemy/domains/de/test/auto/Modal2.xml (RunModel)" time="0.035" />
  <testcase classname="ptolemy.util.test.junit.AutoTests" name="[38] /home/travis/build/icyphy/ptII/ptolemy/domains/de/test/auto/Modal3.xml (RunModel)" time="0.029" />
  <testcase classname="ptolemy.util.test.junit.AutoTests" name="[39] /home/travis/build/icyphy/ptII/ptolemy/domains/de/test/auto/Modal4.xml (RunModel)" time="0.036" />
  <testcase classname="ptolemy.util.test.junit.AutoTests" name="[40] /home/travis/build/icyphy/ptII/ptolemy/domains/de/test/auto/Modal5.xml (RunModel)" time="0.03" />
  <testcase classname="ptolemy.util.test.junit.AutoTests" name="[41] /home/travis/build/icyphy/ptII/ptolemy/domains/de/test/auto/Modal6.xml (RunModel)" time="0.03" />
  <testcase classname="ptolemy.util.test.junit.AutoTests" name="[42] /home/travis/build/icyphy/ptII/ptolemy/domains/de/test/auto/Modal7.xml (RunModel)" time="0.034" />
  <testcase classname="ptolemy.util.test.junit.AutoTests" name="[43] /home/travis/build/icyphy/ptII/ptolemy/domains/de/test/auto/ModalModel.xml (RunModel)" time="0.213" />
  <testcase classname="ptolemy.util.test.junit.AutoTests" name="[44] /home/travis/build/icyphy/ptII/ptolemy/domains/de/test/auto/ModalSource.xml (RunModel)" time="0.029" />
  <testcase classname="ptolemy.util.test.junit.AutoTests" name="[45] /home/travis/build/icyphy/ptII/ptolemy/domains/de/test/auto/NonInterruptibleTimerZeroDelay.xml (RunModel)" time="0.012" />
  <testcase classname="ptolemy.util.test.junit.AutoTests" name="[46] /home/travis/build/icyphy/ptII/ptolemy/domains/de/test/auto/OpenQueueingNetwork.xml (RunModel)" time="2.373" />
  <testcase classname="ptolemy.util.test.junit.AutoTests" name="[47] /home/travis/build/icyphy/ptII/ptolemy/domains/de/test/auto/OpenQueuingNetwork.xml (RunModel)" time="0.308" />
  <testcase classname="ptolemy.util.test.junit.AutoTests" name="[48] /home/travis/build/icyphy/ptII/ptolemy/domains/de/test/auto/PeriodicSampler.xml (RunModel)" time="0.012" />
  <testcase classname="ptolemy.util.test.junit.AutoTests" name="[49] /home/travis/build/icyphy/ptII/ptolemy/domains/de/test/auto/PersistentIO.xml (RunModel)" time="0.036" />
  <testcase classname="ptolemy.util.test.junit.AutoTests" name="[50] /home/travis/build/icyphy/ptII/ptolemy/domains/de/test/auto/PortParameterResetOnInitialize.xml (RunModel)" time="0.017" />
  <testcase classname="ptolemy.util.test.junit.AutoTests" name="[51] /home/travis/build/icyphy/ptII/ptolemy/domains/de/test/auto/PortParameterUpdates.xml (RunModel)" time="0.022" />
  <testcase classname="ptolemy.util.test.junit.AutoTests" name="[52] /home/travis/build/icyphy/ptII/ptolemy/domains/de/test/auto/QueueAndServer.xml (RunModel)" time="0.027" />
  <testcase classname="ptolemy.util.test.junit.AutoTests" name="[53] /home/travis/build/icyphy/ptII/ptolemy/domains/de/test/auto/Records.xml (RunModel)" time="0.017" />
  <testcase classname="ptolemy.util.test.junit.AutoTests" name="[54] /home/travis/build/icyphy/ptII/ptolemy/domains/de/test/auto/ResetTransitionWithStartTime1.xml (RunModel)" time="0.024" />
  <testcase classname="ptolemy.util.test.junit.AutoTests" name="[55] /home/travis/build/icyphy/ptII/ptolemy/domains/de/test/auto/ResetTransitionWithStartTime2.xml (RunModel)" time="0.028" />
  <testcase classname="ptolemy.util.test.junit.AutoTests" name="[56] /home/travis/build/icyphy/ptII/ptolemy/domains/de/test/auto/ResetTransitionWithStartTime3.xml (RunModel)" time="0.027" />
  <testcase classname="ptolemy.util.test.junit.AutoTests" name="[57] /home/travis/build/icyphy/ptII/ptolemy/domains/de/test/auto/ResetTransitionWithStartTime4.xml (RunModel)" time="0.023" />
  <testcase classname="ptolemy.util.test.junit.AutoTests" name="[58] /home/travis/build/icyphy/ptII/ptolemy/domains/de/test/auto/ResettableTimer1.xml (RunModel)" time="0.013" />
  <testcase classname="ptolemy.util.test.junit.AutoTests" name="[59] /home/travis/build/icyphy/ptII/ptolemy/domains/de/test/auto/ResettableTimer2.xml (RunModel)" time="0.012" />
  <testcase classname="ptolemy.util.test.junit.AutoTests" name="[60] /home/travis/build/icyphy/ptII/ptolemy/domains/de/test/auto/ResettableTimer3.xml (RunModel)" time="0.01" />
  <testcase classname="ptolemy.util.test.junit.AutoTests" name="[61] /home/travis/build/icyphy/ptII/ptolemy/domains/de/test/auto/ResettableTimer4.xml (RunModel)" time="0.015" />
  <testcase classname="ptolemy.util.test.junit.AutoTests" name="[62] /home/travis/build/icyphy/ptII/ptolemy/domains/de/test/auto/ResettableTimer5.xml (RunModel)" time="0.013" />
  <testcase classname="ptolemy.util.test.junit.AutoTests" name="[63] /home/travis/build/icyphy/ptII/ptolemy/domains/de/test/auto/ResettableTimer6.xml (RunModel)" time="0.021" />
  <testcase classname="ptolemy.util.test.junit.AutoTests" name="[64] /home/travis/build/icyphy/ptII/ptolemy/domains/de/test/auto/ServerZeroDelay.xml (RunModel)" time="0.013" />
  <testcase classname="ptolemy.util.test.junit.AutoTests" name="[65] /home/travis/build/icyphy/ptII/ptolemy/domains/de/test/auto/SmartSender.xml (RunModel)" time="3.01" />
  <testcase classname="ptolemy.util.test.junit.AutoTests" name="[66] /home/travis/build/icyphy/ptII/ptolemy/domains/de/test/auto/ThreadedComposite.xml (RunModel)" time="0.129" />
  <testcase classname="ptolemy.util.test.junit.AutoTests" name="[67] /home/travis/build/icyphy/ptII/ptolemy/domains/de/test/auto/Time.xml (RunModel)" time="0.436" />
  <testcase classname="ptolemy.util.test.junit.AutoTests" name="[68] /home/travis/build/icyphy/ptII/ptolemy/domains/de/test/auto/TimeDelayZeroDelay.xml (RunModel)" time="0.016" />
  <testcase classname="ptolemy.util.test.junit.AutoTests" name="[69] /home/travis/build/icyphy/ptII/ptolemy/domains/de/test/auto/TimerZeroDelay.xml (RunModel)" time="0.011" />
  <testcase classname="ptolemy.util.test.junit.AutoTests" name="[70] /home/travis/build/icyphy/ptII/ptolemy/domains/de/test/auto/TimingParadox.xml (RunModel)" time="0.386" />
  <testcase classname="ptolemy.util.test.junit.AutoTests" name="[71] /home/travis/build/icyphy/ptII/ptolemy/domains/de/test/auto/TransferInputs.xml (RunModel)" time="0.01" />
  <testcase classname="ptolemy.util.test.junit.AutoTests" name="[72] /home/travis/build/icyphy/ptII/ptolemy/domains/de/test/auto/TransferOutputs2.xml (RunModel)" time="0.016" />
  <testcase classname="ptolemy.util.test.junit.AutoTests" name="[73] /home/travis/build/icyphy/ptII/ptolemy/domains/de/test/auto/Trilateration.xml (RunModel)" time="13.346" />
  <testcase classname="ptolemy.util.test.junit.AutoTests" name="[74] /home/travis/build/icyphy/ptII/ptolemy/domains/de/test/auto/TwoSigmaDelta.xml (RunModel)" time="2.124" />
  <testcase classname="ptolemy.util.test.junit.AutoTests" name="[75] /home/travis/build/icyphy/ptII/ptolemy/domains/de/test/auto/VariableDelay.xml (RunModel)" time="0.025" />
  <testcase classname="ptolemy.util.test.junit.AutoTests" name="[76] /home/travis/build/icyphy/ptII/ptolemy/domains/de/test/auto/VariableDelay2.xml (RunModel)" time="0.01" />
  <testcase classname="ptolemy.util.test.junit.AutoTests" name="[77] /home/travis/build/icyphy/ptII/ptolemy/domains/de/test/auto/VariableDelayZeroDelay.xml (RunModel)" time="0.025" />
  <testcase classname="ptolemy.util.test.junit.AutoTests" name="[78] /home/travis/build/icyphy/ptII/ptolemy/domains/de/test/auto/VariableDelayZeroDelay2.xml (RunModel)" time="0.015" />
  <testcase classname="ptolemy.util.test.junit.AutoTests" name="[79] /home/travis/build/icyphy/ptII/ptolemy/domains/de/test/auto/deInCt.xml (RunModel)" time="0.018" />
  <testcase classname="ptolemy.util.test.junit.AutoTests" name="[80] /home/travis/build/icyphy/ptII/ptolemy/domains/de/test/auto/deInCt2.xml (RunModel)" time="0.034" />
  <testcase classname="ptolemy.util.test.junit.AutoTests" name="[81] /home/travis/build/icyphy/ptII/ptolemy/domains/de/test/auto/dynamicCausalityInterface1.xml (RunModel)" time="0.021" />
  <testcase classname="ptolemy.util.test.junit.AutoTests" name="[82] /home/travis/build/icyphy/ptII/ptolemy/domains/de/test/auto/fsm_de_test.xml (RunModel)" time="0.025" />
  <testcase classname="ptolemy.util.test.junit.AutoTests" name="[83] /home/travis/build/icyphy/ptII/ptolemy/domains/de/test/auto/functionDependencyReconstruction.xml (RunModel)" time="0.039" />
  <testcase classname="ptolemy.util.test.junit.AutoTests" name="[84] /home/travis/build/icyphy/ptII/ptolemy/domains/de/test/auto/multirate.xml (RunModel)" time="0.017" />
  <testcase classname="ptolemy.util.test.junit.AutoTests" name="[85] /home/travis/build/icyphy/ptII/ptolemy/domains/de/test/auto/multirate2.xml (RunModel)" time="0.02" />
  <testcase classname="ptolemy.util.test.junit.AutoTests" name="[86] /home/travis/build/icyphy/ptII/ptolemy/domains/de/test/auto/realtime.xml (RunModel)" time="10.011" />
  <testcase classname="ptolemy.util.test.junit.AutoTests" name="[87] /home/travis/build/icyphy/ptII/ptolemy/domains/de/test/auto/relationGroup.xml (RunModel)" time="0.013" />
  <testcase classname="ptolemy.util.test.junit.AutoTests" name="[88] /home/travis/build/icyphy/ptII/ptolemy/domains/de/test/auto/relationGroup2.xml (RunModel)" time="0.01" />
  <testcase classname="ptolemy.util.test.junit.AutoTests" name="[89] /home/travis/build/icyphy/ptII/ptolemy/domains/de/test/auto/sortWithOpaquePorts.xml (RunModel)" time="0.015" />
  <testcase classname="ptolemy.util.test.junit.AutoTests" name="[90] /home/travis/build/icyphy/ptII/ptolemy/domains/de/test/auto/transferInputsandOutputs.xml (RunModel)" time="0.021" />
  <testcase classname="ptolemy.util.test.junit.AutoTests" name="[91] /home/travis/build/icyphy/ptII/ptolemy/domains/de/test/auto/triggerType.xml (RunModel)" time="0.012" />
  <system-out><![CDATA[/home/travis/build/icyphy/ptII/ptolemy/domains/de/test/DependencyLoop.tcl
testDefs.tcl: setting time out to 9000 seconds at Sun Sep 01 05:30:47 UTC 2019
63 ms. Memory: 120832K Free: 72134K (60%)
24 ms. Memory: 120832K Free: 54711K (45%)
/home/travis/build/icyphy/ptII/ptolemy/domains/de/test/RunDETestsAsQSS.tcl
Run the DE tests using ptolemy.domains.qss.test.QSSDirectorTest, which extends QSSDirector and prints a message in the constructors.
------------------ testing $PTII/ptolemy/domains/de/test/auto/knownFailedTests/DirectFeedback.xml (Known Failure) 
67 ms. Memory: 120832K Free: 48582K (40%)


==== $PTIIhome/travis/build/icyphy/ptII/ptolemy/domains/de/test/../../../../: Auto Automatic test in file $PTII/ptolemy/domains/de/test/auto/knownFailedTests/DirectFeedback.xml
==== Contents of test case:

	    # FIXME: we should use $relativeFilename here, but it
	    # might have backslashes under Windows, which causes no end
	    # of trouble.
	    createAndExecute $file
	    list {}
	
.... Test generated KNOWN error:
    while executing
ptolemy.kernel.util.IllegalActionException: Test fails in iteration 1.
Value was: 1.0. Should have been: 2.0
  in .DirectFeedback.Test
	at ptolemy.actor.lib.Test.fire(Test.java:268)
	at ptolemy.domains.de.kernel.DEDirector._fire(DEDirector.java:1949)
	at ptolemy.domains.de.kernel.DEDirector.fire(DEDirector.java:502)
	at ptolemy.actor.CompositeActor.fire(CompositeActor.java:455)
	at ptolemy.actor.Manager.iterate(Manager.java:851)
	at ptolemy.actor.Manager.execute(Manager.java:369)
	at ptolemy.actor.Manager.run(Manager.java:1263)
	at ptolemy.actor.Manager$PtolemyRunThread.run(Manager.java:1933)

    while executing
ptolemy.kernel.util.IllegalActionException: Test fails in iteration 1.
Value was: 1.0. Should have been: 2.0
  in .DirectFeedback.Test
    while executing
"java::new ptolemy.moml.MoMLSimpleApplication $file
"
    (procedure "createAndExecute" line 2)
    invoked from within
"createAndExecute $file"
    ("uplevel" body line 5)
    invoked from within
"uplevel $contents_of_test"
------------------ testing $PTII/ptolemy/domains/de/test/auto/knownFailedTests/dependencyLoop.xml (Known Failure) 
49 ms. Memory: 120832K Free: 107870K (89%)


==== $PTIIhome/travis/build/icyphy/ptII/ptolemy/domains/de/test/../../../../: Auto Automatic test in file $PTII/ptolemy/domains/de/test/auto/knownFailedTests/dependencyLoop.xml
==== Contents of test case:

	    # FIXME: we should use $relativeFilename here, but it
	    # might have backslashes under Windows, which causes no end
	    # of trouble.
	    createAndExecute $file
	    list {}
	
.... Test generated KNOWN error:
    while executing
ptolemy.kernel.util.IllegalActionException: Found a zero delay loop containing .dependencyLoop.original
  in .dependencyLoop and .dependencyLoop.original
	at ptolemy.actor.util.CausalityInterfaceForComposites._computeOutputPortDepth(CausalityInterfaceForComposites.java:759)
	at ptolemy.actor.util.CausalityInterfaceForComposites._computeInputDepth(CausalityInterfaceForComposites.java:696)
	at ptolemy.actor.util.CausalityInterfaceForComposites._computeOutputPortDepth(CausalityInterfaceForComposites.java:765)
	at ptolemy.actor.util.CausalityInterfaceForComposites._computeInputDepth(CausalityInterfaceForComposites.java:696)
	at ptolemy.actor.util.CausalityInterfaceForComposites._computeOutputPortDepth(CausalityInterfaceForComposites.java:765)
	at ptolemy.actor.util.CausalityInterfaceForComposites._computeInputDepth(CausalityInterfaceForComposites.java:696)
	at ptolemy.actor.util.CausalityInterfaceForComposites._computeActorDepth(CausalityInterfaceForComposites.java:532)
	at ptolemy.actor.util.CausalityInterfaceForComposites.checkForCycles(CausalityInterfaceForComposites.java:96)
	at ptolemy.domains.de.kernel.DEDirector.preinitialize(DEDirector.java:1338)
	at ptolemy.actor.CompositeActor.preinitialize(CompositeActor.java:1828)
	at ptolemy.actor.Manager.preinitializeAndResolveTypes(Manager.java:1040)
	at ptolemy.actor.Manager.initialize(Manager.java:710)
	at ptolemy.actor.Manager.execute(Manager.java:356)
	at ptolemy.actor.Manager.run(Manager.java:1263)
	at ptolemy.actor.Manager$PtolemyRunThread.run(Manager.java:1933)

    while executing
ptolemy.kernel.util.IllegalActionException: Found a zero delay loop containing .dependencyLoop.original
  in .dependencyLoop and .dependencyLoop.original
    while executing
"java::new ptolemy.moml.MoMLSimpleApplication $file
"
    (procedure "createAndExecute" line 2)
    invoked from within
"createAndExecute $file"
    ("uplevel" body line 5)
    invoked from within
"uplevel $contents_of_test"
------------------ testing $PTII/ptolemy/domains/de/test/auto/knownFailedTests/FSMSource.xml (Known Failure) 
91 ms. Memory: 120832K Free: 99016K (82%)
!!!! Auto was marked as failing, but now passes
------------------ testing $PTII/ptolemy/domains/de/test/auto/knownFailedTests/HierarchicalModel.xml (Known Failure) 
11 ms. Memory: 120832K Free: 81608K (68%)


==== $PTIIhome/travis/build/icyphy/ptII/ptolemy/domains/de/test/../../../../: Auto Automatic test in file $PTII/ptolemy/domains/de/test/auto/knownFailedTests/HierarchicalModel.xml
==== Contents of test case:

	    # FIXME: we should use $relativeFilename here, but it
	    # might have backslashes under Windows, which causes no end
	    # of trouble.
	    createAndExecute $file
	    list {}
	
.... Test generated KNOWN error:
    while executing
ptolemy.kernel.util.IllegalActionException: Found a zero delay loop containing .HierarchicalModel.A
  in .HierarchicalModel and .HierarchicalModel.A
	at ptolemy.actor.util.CausalityInterfaceForComposites._computeOutputPortDepth(CausalityInterfaceForComposites.java:759)
	at ptolemy.actor.util.CausalityInterfaceForComposites._computeInputDepth(CausalityInterfaceForComposites.java:696)
	at ptolemy.actor.util.CausalityInterfaceForComposites._computeOutputPortDepth(CausalityInterfaceForComposites.java:765)
	at ptolemy.actor.util.CausalityInterfaceForComposites._computeInputDepth(CausalityInterfaceForComposites.java:696)
	at ptolemy.actor.util.CausalityInterfaceForComposites._computeOutputPortDepth(CausalityInterfaceForComposites.java:765)
	at ptolemy.actor.util.CausalityInterfaceForComposites._computeInputDepth(CausalityInterfaceForComposites.java:696)
	at ptolemy.actor.util.CausalityInterfaceForComposites._computeActorDepth(CausalityInterfaceForComposites.java:532)
	at ptolemy.actor.util.CausalityInterfaceForComposites.checkForCycles(CausalityInterfaceForComposites.java:96)
	at ptolemy.domains.de.kernel.DEDirector.preinitialize(DEDirector.java:1338)
	at ptolemy.actor.CompositeActor.preinitialize(CompositeActor.java:1828)
	at ptolemy.actor.Manager.preinitializeAndResolveTypes(Manager.java:1040)
	at ptolemy.actor.Manager.initialize(Manager.java:710)
	at ptolemy.actor.Manager.execute(Manager.java:356)
	at ptolemy.actor.Manager.run(Manager.java:1263)
	at ptolemy.actor.Manager$PtolemyRunThread.run(Manager.java:1933)

    while executing
ptolemy.kernel.util.IllegalActionException: Found a zero delay loop containing .HierarchicalModel.A
  in .HierarchicalModel and .HierarchicalModel.A
    while executing
"java::new ptolemy.moml.MoMLSimpleApplication $file
"
    (procedure "createAndExecute" line 2)
    invoked from within
"createAndExecute $file"
    ("uplevel" body line 5)
    invoked from within
"uplevel $contents_of_test"
------------------ testing $PTII/ptolemy/domains/de/test/auto/knownFailedTests/dependencyLoop2.xml (Known Failure) 
32 ms. Memory: 120832K Free: 106631K (88%)


==== $PTIIhome/travis/build/icyphy/ptII/ptolemy/domains/de/test/../../../../: Auto Automatic test in file $PTII/ptolemy/domains/de/test/auto/knownFailedTests/dependencyLoop2.xml
==== Contents of test case:

	    # FIXME: we should use $relativeFilename here, but it
	    # might have backslashes under Windows, which causes no end
	    # of trouble.
	    createAndExecute $file
	    list {}
	
.... Test generated KNOWN error:
    while executing
ptolemy.kernel.util.IllegalActionException: Found a zero delay loop containing .dependencyLoop2.original
  in .dependencyLoop2 and .dependencyLoop2.original
	at ptolemy.actor.util.CausalityInterfaceForComposites._computeOutputPortDepth(CausalityInterfaceForComposites.java:759)
	at ptolemy.actor.util.CausalityInterfaceForComposites._computeInputDepth(CausalityInterfaceForComposites.java:696)
	at ptolemy.actor.util.CausalityInterfaceForComposites._computeOutputPortDepth(CausalityInterfaceForComposites.java:765)
	at ptolemy.actor.util.CausalityInterfaceForComposites._computeInputDepth(CausalityInterfaceForComposites.java:696)
	at ptolemy.actor.util.CausalityInterfaceForComposites._computeOutputPortDepth(CausalityInterfaceForComposites.java:765)
	at ptolemy.actor.util.CausalityInterfaceForComposites._computeInputDepth(CausalityInterfaceForComposites.java:696)
	at ptolemy.actor.util.CausalityInterfaceForComposites._computeActorDepth(CausalityInterfaceForComposites.java:532)
	at ptolemy.actor.util.CausalityInterfaceForComposites.checkForCycles(CausalityInterfaceForComposites.java:96)
	at ptolemy.domains.de.kernel.DEDirector.preinitialize(DEDirector.java:1338)
	at ptolemy.actor.CompositeActor.preinitialize(CompositeActor.java:1828)
	at ptolemy.actor.Manager.preinitializeAndResolveTypes(Manager.java:1040)
	at ptolemy.actor.Manager.initialize(Manager.java:710)
	at ptolemy.actor.Manager.execute(Manager.java:356)
	at ptolemy.actor.Manager.run(Manager.java:1263)
	at ptolemy.actor.Manager$PtolemyRunThread.run(Manager.java:1933)

    while executing
ptolemy.kernel.util.IllegalActionException: Found a zero delay loop containing .dependencyLoop2.original
  in .dependencyLoop2 and .dependencyLoop2.original
    while executing
"java::new ptolemy.moml.MoMLSimpleApplication $file
"
    (procedure "createAndExecute" line 2)
    invoked from within
"createAndExecute $file"
    ("uplevel" body line 5)
    invoked from within
"uplevel $contents_of_test"
------------------ testing $PTII/ptolemy/domains/de/test/auto/knownFailedTests/DESDFClockTest.xml (Known Failure) 
2076 ms. Memory: 120832K Free: 93451K (77%)


==== $PTIIhome/travis/build/icyphy/ptII/ptolemy/domains/de/test/../../../../: Auto Automatic test in file $PTII/ptolemy/domains/de/test/auto/knownFailedTests/DESDFClockTest.xml
==== Contents of test case:

	    # FIXME: we should use $relativeFilename here, but it
	    # might have backslashes under Windows, which causes no end
	    # of trouble.
	    createAndExecute $file
	    list {}
	
.... Test generated KNOWN error:
    while executing
ptolemy.kernel.util.IllegalActionException: Actor is not ready to fire.  Perhaps UpSample.prefire() returned false? Try debugging the actor by selecting "Listen to Actor".  Also, for SDF check moml for tokenConsumptionRate on input.
  in .DESDFClockTest.Play Bell.Copy1:SDF Director and .DESDFClockTest.Play Bell.UpSample
	at ptolemy.actor.sched.StaticSchedulingDirector.fire(StaticSchedulingDirector.java:227)
	at ptolemy.domains.sdf.kernel.SDFDirector.fire(SDFDirector.java:500)
	at ptolemy.actor.CompositeActor.fire(CompositeActor.java:455)
	at ptolemy.domains.de.kernel.DEDirector._fire(DEDirector.java:1949)
	at ptolemy.domains.de.kernel.DEDirector.fire(DEDirector.java:502)
	at ptolemy.actor.CompositeActor.fire(CompositeActor.java:455)
	at ptolemy.actor.Manager.iterate(Manager.java:851)
	at ptolemy.actor.Manager.execute(Manager.java:369)
	at ptolemy.actor.Manager.run(Manager.java:1263)
	at ptolemy.actor.Manager$PtolemyRunThread.run(Manager.java:1933)

    while executing
ptolemy.kernel.util.IllegalActionException: Actor is not ready to fire.  Perhaps UpSample.prefire() returned false? Try debugging the actor by selecting "Listen to Actor".  Also, for SDF check moml for tokenConsumptionRate on input.
  in .DESDFClockTest.Play Bell.Copy1:SDF Director and .DESDFClockTest.Play Bell.UpSample
    while executing
"java::new ptolemy.moml.MoMLSimpleApplication $file
"
    (procedure "createAndExecute" line 2)
    invoked from within
"createAndExecute $file"
    ("uplevel" body line 5)
    invoked from within
"uplevel $contents_of_test"
------------------ testing $PTII/ptolemy/domains/de/test/auto/ActorDepthCalculation_actorWithoutPorts.xml
auto.tcl: Setting watchdog for 200 seconds at Sun Sep 01 05:30:51 UTC 2019
5 ms. Memory: 120832K Free: 85972K (71%)
ptolemy.util.test.WatchDog.cancel(): canceling Sun Sep 01 05:30:51 UTC 2019
auto.tcl: Setting watchdog for 200 seconds at Sun Sep 01 05:30:51 UTC 2019
6 ms. Memory: 120832K Free: 84948K (70%)
ptolemy.util.test.WatchDog.cancel(): canceling Sun Sep 01 05:30:51 UTC 2019
------------------ testing $PTII/ptolemy/domains/de/test/auto/AssemblyLine.xml
auto.tcl: Setting watchdog for 200 seconds at Sun Sep 01 05:30:51 UTC 2019
24 ms. Memory: 48128K Free: 25764K (54%)
ptolemy.util.test.WatchDog.cancel(): canceling Sun Sep 01 05:30:52 UTC 2019
auto.tcl: Setting watchdog for 200 seconds at Sun Sep 01 05:30:52 UTC 2019
14 ms. Memory: 48128K Free: 24890K (52%)
ptolemy.util.test.WatchDog.cancel(): canceling Sun Sep 01 05:30:52 UTC 2019
------------------ testing $PTII/ptolemy/domains/de/test/auto/CQBug1.xml
auto.tcl: Setting watchdog for 200 seconds at Sun Sep 01 05:30:52 UTC 2019
3 ms. Memory: 48128K Free: 31472K (65%)
ptolemy.util.test.WatchDog.cancel(): canceling Sun Sep 01 05:30:52 UTC 2019
auto.tcl: Setting watchdog for 200 seconds at Sun Sep 01 05:30:52 UTC 2019
2 ms. Memory: 48128K Free: 31032K (64%)
ptolemy.util.test.WatchDog.cancel(): canceling Sun Sep 01 05:30:52 UTC 2019
------------------ testing $PTII/ptolemy/domains/de/test/auto/CancelFireAt.xml
auto.tcl: Setting watchdog for 200 seconds at Sun Sep 01 05:30:52 UTC 2019
4 ms. Memory: 45056K Free: 29703K (66%)
ptolemy.util.test.WatchDog.cancel(): canceling Sun Sep 01 05:30:52 UTC 2019
auto.tcl: Setting watchdog for 200 seconds at Sun Sep 01 05:30:52 UTC 2019
3 ms. Memory: 45056K Free: 29273K (65%)
ptolemy.util.test.WatchDog.cancel(): canceling Sun Sep 01 05:30:52 UTC 2019
------------------ testing $PTII/ptolemy/domains/de/test/auto/CausalityAndComposabilityAnalysis.xml
auto.tcl: Setting watchdog for 200 seconds at Sun Sep 01 05:30:52 UTC 2019
14 ms. Memory: 45056K Free: 27444K (61%)
ptolemy.util.test.WatchDog.cancel(): canceling Sun Sep 01 05:30:52 UTC 2019
auto.tcl: Setting watchdog for 200 seconds at Sun Sep 01 05:30:52 UTC 2019
6 ms. Memory: 45056K Free: 27031K (60%)
ptolemy.util.test.WatchDog.cancel(): canceling Sun Sep 01 05:30:52 UTC 2019
------------------ testing $PTII/ptolemy/domains/de/test/auto/CausalityInterface1.xml
auto.tcl: Setting watchdog for 200 seconds at Sun Sep 01 05:30:52 UTC 2019
39 ms. Memory: 45056K Free: 26364K (59%)
ptolemy.util.test.WatchDog.cancel(): canceling Sun Sep 01 05:30:52 UTC 2019
auto.tcl: Setting watchdog for 200 seconds at Sun Sep 01 05:30:52 UTC 2019
5 ms. Memory: 45056K Free: 25397K (56%)
ptolemy.util.test.WatchDog.cancel(): canceling Sun Sep 01 05:30:52 UTC 2019
------------------ testing $PTII/ptolemy/domains/de/test/auto/CausalityInterface15.xml
auto.tcl: Setting watchdog for 200 seconds at Sun Sep 01 05:30:52 UTC 2019
11 ms. Memory: 45056K Free: 26048K (58%)
ptolemy.util.test.WatchDog.cancel(): canceling Sun Sep 01 05:30:52 UTC 2019
auto.tcl: Setting watchdog for 200 seconds at Sun Sep 01 05:30:52 UTC 2019
4 ms. Memory: 45056K Free: 24902K (55%)
ptolemy.util.test.WatchDog.cancel(): canceling Sun Sep 01 05:30:52 UTC 2019
------------------ testing $PTII/ptolemy/domains/de/test/auto/CausalityInterface2.xml
auto.tcl: Setting watchdog for 200 seconds at Sun Sep 01 05:30:52 UTC 2019
6 ms. Memory: 45056K Free: 27246K (60%)
ptolemy.util.test.WatchDog.cancel(): canceling Sun Sep 01 05:30:52 UTC 2019
auto.tcl: Setting watchdog for 200 seconds at Sun Sep 01 05:30:52 UTC 2019
3 ms. Memory: 45056K Free: 26335K (58%)
ptolemy.util.test.WatchDog.cancel(): canceling Sun Sep 01 05:30:52 UTC 2019
------------------ testing $PTII/ptolemy/domains/de/test/auto/CausalityInterface3.xml
auto.tcl: Setting watchdog for 200 seconds at Sun Sep 01 05:30:53 UTC 2019
5 ms. Memory: 45056K Free: 26557K (59%)
ptolemy.util.test.WatchDog.cancel(): canceling Sun Sep 01 05:30:53 UTC 2019
auto.tcl: Setting watchdog for 200 seconds at Sun Sep 01 05:30:53 UTC 2019
3 ms. Memory: 45056K Free: 26128K (58%)
ptolemy.util.test.WatchDog.cancel(): canceling Sun Sep 01 05:30:53 UTC 2019
------------------ testing $PTII/ptolemy/domains/de/test/auto/ClockDrift.xml
auto.tcl: Setting watchdog for 200 seconds at Sun Sep 01 05:30:53 UTC 2019
97 ms. Memory: 45056K Free: 19130K (42%)
ptolemy.util.test.WatchDog.cancel(): canceling Sun Sep 01 05:30:53 UTC 2019
auto.tcl: Setting watchdog for 200 seconds at Sun Sep 01 05:30:53 UTC 2019
58 ms. Memory: 45056K Free: 16115K (36%)
ptolemy.util.test.WatchDog.cancel(): canceling Sun Sep 01 05:30:53 UTC 2019
------------------ testing $PTII/ptolemy/domains/de/test/auto/ClockDriftAndValueChange.xml
auto.tcl: Setting watchdog for 200 seconds at Sun Sep 01 05:30:53 UTC 2019
54 ms. Memory: 45056K Free: 19221K (43%)
ptolemy.util.test.WatchDog.cancel(): canceling Sun Sep 01 05:30:53 UTC 2019
auto.tcl: Setting watchdog for 200 seconds at Sun Sep 01 05:30:53 UTC 2019
25 ms. Memory: 45056K Free: 16377K (36%)
ptolemy.util.test.WatchDog.cancel(): canceling Sun Sep 01 05:30:53 UTC 2019
------------------ testing $PTII/ptolemy/domains/de/test/auto/ClockDriftChange.xml
auto.tcl: Setting watchdog for 200 seconds at Sun Sep 01 05:30:53 UTC 2019
20 ms. Memory: 45056K Free: 21267K (47%)
ptolemy.util.test.WatchDog.cancel(): canceling Sun Sep 01 05:30:53 UTC 2019
auto.tcl: Setting watchdog for 200 seconds at Sun Sep 01 05:30:53 UTC 2019
20 ms. Memory: 45056K Free: 18711K (42%)
ptolemy.util.test.WatchDog.cancel(): canceling Sun Sep 01 05:30:53 UTC 2019
------------------ testing $PTII/ptolemy/domains/de/test/auto/ComposableCausalityAnalysis.xml
auto.tcl: Setting watchdog for 200 seconds at Sun Sep 01 05:30:53 UTC 2019
2 ms. Memory: 45056K Free: 25929K (58%)
ptolemy.util.test.WatchDog.cancel(): canceling Sun Sep 01 05:30:53 UTC 2019
auto.tcl: Setting watchdog for 200 seconds at Sun Sep 01 05:30:53 UTC 2019
5 ms. Memory: 45056K Free: 24856K (55%)
ptolemy.util.test.WatchDog.cancel(): canceling Sun Sep 01 05:30:53 UTC 2019
------------------ testing $PTII/ptolemy/domains/de/test/auto/DEFixedPointLimitation.xml
auto.tcl: Setting watchdog for 200 seconds at Sun Sep 01 05:30:53 UTC 2019
2 ms. Memory: 45056K Free: 27261K (61%)
ptolemy.util.test.WatchDog.cancel(): canceling Sun Sep 01 05:30:53 UTC 2019
auto.tcl: Setting watchdog for 200 seconds at Sun Sep 01 05:30:53 UTC 2019
2 ms. Memory: 45056K Free: 26337K (58%)
ptolemy.util.test.WatchDog.cancel(): canceling Sun Sep 01 05:30:53 UTC 2019
------------------ testing $PTII/ptolemy/domains/de/test/auto/DEScheduleTest.xml
auto.tcl: Setting watchdog for 200 seconds at Sun Sep 01 05:30:53 UTC 2019
4 ms. Memory: 45056K Free: 27542K (61%)
ptolemy.util.test.WatchDog.cancel(): canceling Sun Sep 01 05:30:53 UTC 2019
auto.tcl: Setting watchdog for 200 seconds at Sun Sep 01 05:30:53 UTC 2019
3 ms. Memory: 45056K Free: 26785K (59%)
ptolemy.util.test.WatchDog.cancel(): canceling Sun Sep 01 05:30:53 UTC 2019
------------------ testing $PTII/ptolemy/domains/de/test/auto/DEinDEwithStartTimes.xml
auto.tcl: Setting watchdog for 200 seconds at Sun Sep 01 05:30:53 UTC 2019
5 ms. Memory: 45056K Free: 25694K (57%)
ptolemy.util.test.WatchDog.cancel(): canceling Sun Sep 01 05:30:53 UTC 2019
auto.tcl: Setting watchdog for 200 seconds at Sun Sep 01 05:30:53 UTC 2019
4 ms. Memory: 45056K Free: 24670K (55%)
ptolemy.util.test.WatchDog.cancel(): canceling Sun Sep 01 05:30:53 UTC 2019
------------------ testing $PTII/ptolemy/domains/de/test/auto/DEinDEwithStartTimes2.xml
auto.tcl: Setting watchdog for 200 seconds at Sun Sep 01 05:30:54 UTC 2019
5 ms. Memory: 45056K Free: 24957K (55%)
ptolemy.util.test.WatchDog.cancel(): canceling Sun Sep 01 05:30:54 UTC 2019
auto.tcl: Setting watchdog for 200 seconds at Sun Sep 01 05:30:54 UTC 2019
6 ms. Memory: 45056K Free: 23625K (52%)
ptolemy.util.test.WatchDog.cancel(): canceling Sun Sep 01 05:30:54 UTC 2019
------------------ testing $PTII/ptolemy/domains/de/test/auto/DateDemo.xml
auto.tcl: Setting watchdog for 200 seconds at Sun Sep 01 05:30:54 UTC 2019
29 ms. Memory: 45056K Free: 19278K (43%)
ptolemy.util.test.WatchDog.cancel(): canceling Sun Sep 01 05:30:54 UTC 2019
auto.tcl: Setting watchdog for 200 seconds at Sun Sep 01 05:30:54 UTC 2019
15 ms. Memory: 45056K Free: 17754K (39%)
ptolemy.util.test.WatchDog.cancel(): canceling Sun Sep 01 05:30:54 UTC 2019
------------------ testing $PTII/ptolemy/domains/de/test/auto/DateToEvent.xml
auto.tcl: Setting watchdog for 200 seconds at Sun Sep 01 05:30:54 UTC 2019
2011 ms. Memory: 45056K Free: 15190K (34%)
ptolemy.util.test.WatchDog.cancel(): canceling Sun Sep 01 05:30:56 UTC 2019
auto.tcl: Setting watchdog for 200 seconds at Sun Sep 01 05:30:56 UTC 2019
2008 ms. Memory: 45056K Free: 14447K (32%)
ptolemy.util.test.WatchDog.cancel(): canceling Sun Sep 01 05:30:58 UTC 2019
------------------ testing $PTII/ptolemy/domains/de/test/auto/DepthTest1.xml
auto.tcl: Setting watchdog for 200 seconds at Sun Sep 01 05:30:58 UTC 2019
5 ms. Memory: 45056K Free: 28479K (63%)
ptolemy.util.test.WatchDog.cancel(): canceling Sun Sep 01 05:30:58 UTC 2019
auto.tcl: Setting watchdog for 200 seconds at Sun Sep 01 05:30:58 UTC 2019
4 ms. Memory: 45056K Free: 27971K (62%)
ptolemy.util.test.WatchDog.cancel(): canceling Sun Sep 01 05:30:58 UTC 2019
------------------ testing $PTII/ptolemy/domains/de/test/auto/DepthTest2.xml
auto.tcl: Setting watchdog for 200 seconds at Sun Sep 01 05:30:58 UTC 2019
4 ms. Memory: 45056K Free: 25199K (56%)
ptolemy.util.test.WatchDog.cancel(): canceling Sun Sep 01 05:30:58 UTC 2019
auto.tcl: Setting watchdog for 200 seconds at Sun Sep 01 05:30:58 UTC 2019
6 ms. Memory: 45056K Free: 24666K (55%)
ptolemy.util.test.WatchDog.cancel(): canceling Sun Sep 01 05:30:58 UTC 2019
------------------ testing $PTII/ptolemy/domains/de/test/auto/DepthTest3.xml
auto.tcl: Setting watchdog for 200 seconds at Sun Sep 01 05:30:58 UTC 2019
3 ms. Memory: 45056K Free: 28668K (64%)
ptolemy.util.test.WatchDog.cancel(): canceling Sun Sep 01 05:30:58 UTC 2019
auto.tcl: Setting watchdog for 200 seconds at Sun Sep 01 05:30:58 UTC 2019
2 ms. Memory: 45056K Free: 28255K (63%)
ptolemy.util.test.WatchDog.cancel(): canceling Sun Sep 01 05:30:58 UTC 2019
------------------ testing $PTII/ptolemy/domains/de/test/auto/DepthTest4.xml
auto.tcl: Setting watchdog for 200 seconds at Sun Sep 01 05:30:58 UTC 2019
16 ms. Memory: 45056K Free: 27024K (60%)
ptolemy.util.test.WatchDog.cancel(): canceling Sun Sep 01 05:30:58 UTC 2019
auto.tcl: Setting watchdog for 200 seconds at Sun Sep 01 05:30:58 UTC 2019
4 ms. Memory: 45056K Free: 26281K (58%)
ptolemy.util.test.WatchDog.cancel(): canceling Sun Sep 01 05:30:58 UTC 2019
------------------ testing $PTII/ptolemy/domains/de/test/auto/DepthTest5.xml
auto.tcl: Setting watchdog for 200 seconds at Sun Sep 01 05:30:58 UTC 2019
9 ms. Memory: 45056K Free: 26424K (59%)
ptolemy.util.test.WatchDog.cancel(): canceling Sun Sep 01 05:30:58 UTC 2019
auto.tcl: Setting watchdog for 200 seconds at Sun Sep 01 05:30:58 UTC 2019
7 ms. Memory: 45056K Free: 25628K (57%)
ptolemy.util.test.WatchDog.cancel(): canceling Sun Sep 01 05:30:58 UTC 2019
------------------ testing $PTII/ptolemy/domains/de/test/auto/DepthTest6.xml
auto.tcl: Setting watchdog for 200 seconds at Sun Sep 01 05:30:58 UTC 2019
6 ms. Memory: 45056K Free: 26155K (58%)
ptolemy.util.test.WatchDog.cancel(): canceling Sun Sep 01 05:30:58 UTC 2019
auto.tcl: Setting watchdog for 200 seconds at Sun Sep 01 05:30:58 UTC 2019
4 ms. Memory: 45056K Free: 25606K (57%)
ptolemy.util.test.WatchDog.cancel(): canceling Sun Sep 01 05:30:58 UTC 2019
------------------ testing $PTII/ptolemy/domains/de/test/auto/DepthTest7.xml
auto.tcl: Setting watchdog for 200 seconds at Sun Sep 01 05:30:59 UTC 2019
8 ms. Memory: 45056K Free: 26949K (60%)
ptolemy.util.test.WatchDog.cancel(): canceling Sun Sep 01 05:30:59 UTC 2019
auto.tcl: Setting watchdog for 200 seconds at Sun Sep 01 05:30:59 UTC 2019
3 ms. Memory: 45056K Free: 26221K (58%)
ptolemy.util.test.WatchDog.cancel(): canceling Sun Sep 01 05:30:59 UTC 2019
------------------ testing $PTII/ptolemy/domains/de/test/auto/EventToDate.xml
auto.tcl: Setting watchdog for 200 seconds at Sun Sep 01 05:30:59 UTC 2019
3008 ms. Memory: 45056K Free: 17763K (39%)
ptolemy.util.test.WatchDog.cancel(): canceling Sun Sep 01 05:31:02 UTC 2019
auto.tcl: Setting watchdog for 200 seconds at Sun Sep 01 05:31:02 UTC 2019
3005 ms. Memory: 45056K Free: 17048K (38%)
ptolemy.util.test.WatchDog.cancel(): canceling Sun Sep 01 05:31:05 UTC 2019
------------------ testing $PTII/ptolemy/domains/de/test/auto/FSM1.xml
auto.tcl: Setting watchdog for 200 seconds at Sun Sep 01 05:31:05 UTC 2019
49 ms. Memory: 45056K Free: 18955K (42%)
ptolemy.util.test.WatchDog.cancel(): canceling Sun Sep 01 05:31:05 UTC 2019
auto.tcl: Setting watchdog for 200 seconds at Sun Sep 01 05:31:05 UTC 2019
30 ms. Memory: 45056K Free: 15726K (35%)
ptolemy.util.test.WatchDog.cancel(): canceling Sun Sep 01 05:31:05 UTC 2019
------------------ testing $PTII/ptolemy/domains/de/test/auto/FSM7.xml
auto.tcl: Setting watchdog for 200 seconds at Sun Sep 01 05:31:05 UTC 2019
22 ms. Memory: 45056K Free: 18633K (41%)
ptolemy.util.test.WatchDog.cancel(): canceling Sun Sep 01 05:31:05 UTC 2019
auto.tcl: Setting watchdog for 200 seconds at Sun Sep 01 05:31:05 UTC 2019
20 ms. Memory: 45056K Free: 15520K (34%)
ptolemy.util.test.WatchDog.cancel(): canceling Sun Sep 01 05:31:05 UTC 2019
------------------ testing $PTII/ptolemy/domains/de/test/auto/Inspection.xml
auto.tcl: Setting watchdog for 200 seconds at Sun Sep 01 05:31:05 UTC 2019
44 ms. Memory: 45056K Free: 18476K (41%)
ptolemy.util.test.WatchDog.cancel(): canceling Sun Sep 01 05:31:05 UTC 2019
auto.tcl: Setting watchdog for 200 seconds at Sun Sep 01 05:31:05 UTC 2019
42 ms. Memory: 45056K Free: 16739K (37%)
ptolemy.util.test.WatchDog.cancel(): canceling Sun Sep 01 05:31:05 UTC 2019
------------------ testing $PTII/ptolemy/domains/de/test/auto/Iteration.xml
auto.tcl: Setting watchdog for 200 seconds at Sun Sep 01 05:31:05 UTC 2019
10 ms. Memory: 45056K Free: 24279K (54%)
ptolemy.util.test.WatchDog.cancel(): canceling Sun Sep 01 05:31:05 UTC 2019
auto.tcl: Setting watchdog for 200 seconds at Sun Sep 01 05:31:05 UTC 2019
8 ms. Memory: 45056K Free: 23164K (51%)
ptolemy.util.test.WatchDog.cancel(): canceling Sun Sep 01 05:31:05 UTC 2019
------------------ testing $PTII/ptolemy/domains/de/test/auto/LineFault.xml
auto.tcl: Setting watchdog for 200 seconds at Sun Sep 01 05:31:05 UTC 2019
729 ms. Memory: 54272K Free: 14174K (26%)
ptolemy.util.test.WatchDog.cancel(): canceling Sun Sep 01 05:31:07 UTC 2019
auto.tcl: Setting watchdog for 200 seconds at Sun Sep 01 05:31:07 UTC 2019
649 ms. Memory: 54272K Free: 37199K (69%)
ptolemy.util.test.WatchDog.cancel(): canceling Sun Sep 01 05:31:07 UTC 2019
------------------ testing $PTII/ptolemy/domains/de/test/auto/MergeModel1Add.xml
auto.tcl: Setting watchdog for 200 seconds at Sun Sep 01 05:31:07 UTC 2019
36 ms. Memory: 51200K Free: 16306K (32%)
ptolemy.util.test.WatchDog.cancel(): canceling Sun Sep 01 05:31:07 UTC 2019
auto.tcl: Setting watchdog for 200 seconds at Sun Sep 01 05:31:07 UTC 2019
14 ms. Memory: 51200K Free: 14670K (29%)
ptolemy.util.test.WatchDog.cancel(): canceling Sun Sep 01 05:31:07 UTC 2019
------------------ testing $PTII/ptolemy/domains/de/test/auto/MergeModel2Add.xml
auto.tcl: Setting watchdog for 200 seconds at Sun Sep 01 05:31:07 UTC 2019
9 ms. Memory: 51200K Free: 18075K (35%)
ptolemy.util.test.WatchDog.cancel(): canceling Sun Sep 01 05:31:08 UTC 2019
auto.tcl: Setting watchdog for 200 seconds at Sun Sep 01 05:31:08 UTC 2019
8 ms. Memory: 51200K Free: 16388K (32%)
ptolemy.util.test.WatchDog.cancel(): canceling Sun Sep 01 05:31:08 UTC 2019
------------------ testing $PTII/ptolemy/domains/de/test/auto/MergeModel3Add.xml
auto.tcl: Setting watchdog for 200 seconds at Sun Sep 01 05:31:08 UTC 2019
8 ms. Memory: 51200K Free: 18344K (36%)
ptolemy.util.test.WatchDog.cancel(): canceling Sun Sep 01 05:31:08 UTC 2019
auto.tcl: Setting watchdog for 200 seconds at Sun Sep 01 05:31:08 UTC 2019
9 ms. Memory: 51200K Free: 16908K (33%)
ptolemy.util.test.WatchDog.cancel(): canceling Sun Sep 01 05:31:08 UTC 2019
------------------ testing $PTII/ptolemy/domains/de/test/auto/MergeWithoutDiscard.xml
auto.tcl: Setting watchdog for 200 seconds at Sun Sep 01 05:31:08 UTC 2019
2 ms. Memory: 51200K Free: 33235K (65%)
ptolemy.util.test.WatchDog.cancel(): canceling Sun Sep 01 05:31:08 UTC 2019
auto.tcl: Setting watchdog for 200 seconds at Sun Sep 01 05:31:08 UTC 2019
1 ms. Memory: 51200K Free: 32771K (64%)
ptolemy.util.test.WatchDog.cancel(): canceling Sun Sep 01 05:31:08 UTC 2019
------------------ testing $PTII/ptolemy/domains/de/test/auto/Modal1.xml
auto.tcl: Setting watchdog for 200 seconds at Sun Sep 01 05:31:08 UTC 2019
13 ms. Memory: 51200K Free: 24839K (49%)
ptolemy.util.test.WatchDog.cancel(): canceling Sun Sep 01 05:31:08 UTC 2019
auto.tcl: Setting watchdog for 200 seconds at Sun Sep 01 05:31:08 UTC 2019
13 ms. Memory: 51200K Free: 21346K (42%)
ptolemy.util.test.WatchDog.cancel(): canceling Sun Sep 01 05:31:08 UTC 2019
------------------ testing $PTII/ptolemy/domains/de/test/auto/Modal2.xml
auto.tcl: Setting watchdog for 200 seconds at Sun Sep 01 05:31:08 UTC 2019
19 ms. Memory: 51200K Free: 25230K (49%)
ptolemy.util.test.WatchDog.cancel(): canceling Sun Sep 01 05:31:08 UTC 2019
auto.tcl: Setting watchdog for 200 seconds at Sun Sep 01 05:31:08 UTC 2019
23 ms. Memory: 51200K Free: 21716K (42%)
ptolemy.util.test.WatchDog.cancel(): canceling Sun Sep 01 05:31:08 UTC 2019
------------------ testing $PTII/ptolemy/domains/de/test/auto/Modal3.xml
auto.tcl: Setting watchdog for 200 seconds at Sun Sep 01 05:31:08 UTC 2019
16 ms. Memory: 51200K Free: 24624K (48%)
ptolemy.util.test.WatchDog.cancel(): canceling Sun Sep 01 05:31:08 UTC 2019
auto.tcl: Setting watchdog for 200 seconds at Sun Sep 01 05:31:08 UTC 2019
16 ms. Memory: 51200K Free: 21719K (42%)
ptolemy.util.test.WatchDog.cancel(): canceling Sun Sep 01 05:31:08 UTC 2019
------------------ testing $PTII/ptolemy/domains/de/test/auto/Modal4.xml
auto.tcl: Setting watchdog for 200 seconds at Sun Sep 01 05:31:08 UTC 2019
31 ms. Memory: 48128K Free: 20841K (43%)
ptolemy.util.test.WatchDog.cancel(): canceling Sun Sep 01 05:31:08 UTC 2019
auto.tcl: Setting watchdog for 200 seconds at Sun Sep 01 05:31:08 UTC 2019
21 ms. Memory: 48128K Free: 17033K (35%)
ptolemy.util.test.WatchDog.cancel(): canceling Sun Sep 01 05:31:08 UTC 2019
------------------ testing $PTII/ptolemy/domains/de/test/auto/Modal5.xml
auto.tcl: Setting watchdog for 200 seconds at Sun Sep 01 05:31:08 UTC 2019
17 ms. Memory: 48128K Free: 20844K (43%)
ptolemy.util.test.WatchDog.cancel(): canceling Sun Sep 01 05:31:08 UTC 2019
auto.tcl: Setting watchdog for 200 seconds at Sun Sep 01 05:31:08 UTC 2019
16 ms. Memory: 48128K Free: 16608K (35%)
ptolemy.util.test.WatchDog.cancel(): canceling Sun Sep 01 05:31:08 UTC 2019
------------------ testing $PTII/ptolemy/domains/de/test/auto/Modal6.xml
auto.tcl: Setting watchdog for 200 seconds at Sun Sep 01 05:31:08 UTC 2019
13 ms. Memory: 48128K Free: 21602K (45%)
ptolemy.util.test.WatchDog.cancel(): canceling Sun Sep 01 05:31:08 UTC 2019
auto.tcl: Setting watchdog for 200 seconds at Sun Sep 01 05:31:08 UTC 2019
16 ms. Memory: 48128K Free: 17652K (37%)
ptolemy.util.test.WatchDog.cancel(): canceling Sun Sep 01 05:31:08 UTC 2019
------------------ testing $PTII/ptolemy/domains/de/test/auto/Modal7.xml
auto.tcl: Setting watchdog for 200 seconds at Sun Sep 01 05:31:09 UTC 2019
11 ms. Memory: 48128K Free: 20827K (43%)
ptolemy.util.test.WatchDog.cancel(): canceling Sun Sep 01 05:31:09 UTC 2019
auto.tcl: Setting watchdog for 200 seconds at Sun Sep 01 05:31:09 UTC 2019
12 ms. Memory: 48128K Free: 17263K (36%)
ptolemy.util.test.WatchDog.cancel(): canceling Sun Sep 01 05:31:09 UTC 2019
------------------ testing $PTII/ptolemy/domains/de/test/auto/ModalModel.xml
auto.tcl: Setting watchdog for 200 seconds at Sun Sep 01 05:31:09 UTC 2019
185 ms. Memory: 58368K Free: 24328K (42%)
ptolemy.util.test.WatchDog.cancel(): canceling Sun Sep 01 05:31:09 UTC 2019
auto.tcl: Setting watchdog for 200 seconds at Sun Sep 01 05:31:09 UTC 2019
186 ms. Memory: 58368K Free: 22809K (39%)
ptolemy.util.test.WatchDog.cancel(): canceling Sun Sep 01 05:31:09 UTC 2019
------------------ testing $PTII/ptolemy/domains/de/test/auto/ModalSource.xml
auto.tcl: Setting watchdog for 200 seconds at Sun Sep 01 05:31:09 UTC 2019
7 ms. Memory: 48128K Free: 25693K (53%)
ptolemy.util.test.WatchDog.cancel(): canceling Sun Sep 01 05:31:09 UTC 2019
auto.tcl: Setting watchdog for 200 seconds at Sun Sep 01 05:31:09 UTC 2019
7 ms. Memory: 48128K Free: 23645K (49%)
ptolemy.util.test.WatchDog.cancel(): canceling Sun Sep 01 05:31:09 UTC 2019
------------------ testing $PTII/ptolemy/domains/de/test/auto/NonInterruptibleTimerZeroDelay.xml
auto.tcl: Setting watchdog for 200 seconds at Sun Sep 01 05:31:09 UTC 2019
3 ms. Memory: 48128K Free: 30853K (64%)
ptolemy.util.test.WatchDog.cancel(): canceling Sun Sep 01 05:31:09 UTC 2019
auto.tcl: Setting watchdog for 200 seconds at Sun Sep 01 05:31:09 UTC 2019
3 ms. Memory: 48128K Free: 29992K (62%)
ptolemy.util.test.WatchDog.cancel(): canceling Sun Sep 01 05:31:09 UTC 2019
------------------ testing $PTII/ptolemy/domains/de/test/auto/OpenQueueingNetwork.xml
auto.tcl: Setting watchdog for 200 seconds at Sun Sep 01 05:31:09 UTC 2019
2947 ms. Memory: 95232K Free: 53775K (56%)
ptolemy.util.test.WatchDog.cancel(): canceling Sun Sep 01 05:31:12 UTC 2019
auto.tcl: Setting watchdog for 200 seconds at Sun Sep 01 05:31:12 UTC 2019
2708 ms. Memory: 116736K Free: 57269K (49%)
ptolemy.util.test.WatchDog.cancel(): canceling Sun Sep 01 05:31:15 UTC 2019
------------------ testing $PTII/ptolemy/domains/de/test/auto/OpenQueuingNetwork.xml
auto.tcl: Setting watchdog for 200 seconds at Sun Sep 01 05:31:15 UTC 2019
253 ms. Memory: 66560K Free: 36964K (56%)
ptolemy.util.test.WatchDog.cancel(): canceling Sun Sep 01 05:31:16 UTC 2019
auto.tcl: Setting watchdog for 200 seconds at Sun Sep 01 05:31:16 UTC 2019
234 ms. Memory: 66560K Free: 22537K (34%)
ptolemy.util.test.WatchDog.cancel(): canceling Sun Sep 01 05:31:16 UTC 2019
------------------ testing $PTII/ptolemy/domains/de/test/auto/PeriodicSampler.xml
auto.tcl: Setting watchdog for 200 seconds at Sun Sep 01 05:31:16 UTC 2019
3 ms. Memory: 48128K Free: 29830K (62%)
ptolemy.util.test.WatchDog.cancel(): canceling Sun Sep 01 05:31:16 UTC 2019
auto.tcl: Setting watchdog for 200 seconds at Sun Sep 01 05:31:16 UTC 2019
2 ms. Memory: 48128K Free: 29348K (61%)
ptolemy.util.test.WatchDog.cancel(): canceling Sun Sep 01 05:31:16 UTC 2019
------------------ testing $PTII/ptolemy/domains/de/test/auto/PersistentIO.xml
auto.tcl: Setting watchdog for 200 seconds at Sun Sep 01 05:31:16 UTC 2019
9 ms. Memory: 48128K Free: 24755K (51%)
ptolemy.util.test.WatchDog.cancel(): canceling Sun Sep 01 05:31:16 UTC 2019
auto.tcl: Setting watchdog for 200 seconds at Sun Sep 01 05:31:16 UTC 2019
4 ms. Memory: 48128K Free: 23275K (48%)
ptolemy.util.test.WatchDog.cancel(): canceling Sun Sep 01 05:31:16 UTC 2019
------------------ testing $PTII/ptolemy/domains/de/test/auto/PortParameterResetOnInitialize.xml
auto.tcl: Setting watchdog for 200 seconds at Sun Sep 01 05:31:16 UTC 2019
3 ms. Memory: 48128K Free: 29739K (62%)
ptolemy.util.test.WatchDog.cancel(): canceling Sun Sep 01 05:31:16 UTC 2019
auto.tcl: Setting watchdog for 200 seconds at Sun Sep 01 05:31:16 UTC 2019
2 ms. Memory: 48128K Free: 29260K (61%)
ptolemy.util.test.WatchDog.cancel(): canceling Sun Sep 01 05:31:16 UTC 2019
------------------ testing $PTII/ptolemy/domains/de/test/auto/PortParameterUpdates.xml
auto.tcl: Setting watchdog for 200 seconds at Sun Sep 01 05:31:16 UTC 2019
8 ms. Memory: 48128K Free: 27832K (58%)
ptolemy.util.test.WatchDog.cancel(): canceling Sun Sep 01 05:31:16 UTC 2019
auto.tcl: Setting watchdog for 200 seconds at Sun Sep 01 05:31:16 UTC 2019
6 ms. Memory: 48128K Free: 26357K (55%)
ptolemy.util.test.WatchDog.cancel(): canceling Sun Sep 01 05:31:16 UTC 2019
------------------ testing $PTII/ptolemy/domains/de/test/auto/QueueAndServer.xml
auto.tcl: Setting watchdog for 200 seconds at Sun Sep 01 05:31:16 UTC 2019
16 ms. Memory: 48128K Free: 26777K (56%)
ptolemy.util.test.WatchDog.cancel(): canceling Sun Sep 01 05:31:16 UTC 2019
auto.tcl: Setting watchdog for 200 seconds at Sun Sep 01 05:31:16 UTC 2019
11 ms. Memory: 48128K Free: 25308K (53%)
ptolemy.util.test.WatchDog.cancel(): canceling Sun Sep 01 05:31:16 UTC 2019
------------------ testing $PTII/ptolemy/domains/de/test/auto/Records.xml
auto.tcl: Setting watchdog for 200 seconds at Sun Sep 01 05:31:16 UTC 2019
6 ms. Memory: 48128K Free: 29292K (61%)
ptolemy.util.test.WatchDog.cancel(): canceling Sun Sep 01 05:31:16 UTC 2019
auto.tcl: Setting watchdog for 200 seconds at Sun Sep 01 05:31:16 UTC 2019
3 ms. Memory: 48128K Free: 28790K (60%)
ptolemy.util.test.WatchDog.cancel(): canceling Sun Sep 01 05:31:16 UTC 2019
------------------ testing $PTII/ptolemy/domains/de/test/auto/ResetTransitionWithStartTime1.xml
auto.tcl: Setting watchdog for 200 seconds at Sun Sep 01 05:31:16 UTC 2019
13 ms. Memory: 48128K Free: 26238K (55%)
ptolemy.util.test.WatchDog.cancel(): canceling Sun Sep 01 05:31:17 UTC 2019
auto.tcl: Setting watchdog for 200 seconds at Sun Sep 01 05:31:17 UTC 2019
7 ms. Memory: 48128K Free: 24188K (50%)
ptolemy.util.test.WatchDog.cancel(): canceling Sun Sep 01 05:31:17 UTC 2019
------------------ testing $PTII/ptolemy/domains/de/test/auto/ResetTransitionWithStartTime2.xml
auto.tcl: Setting watchdog for 200 seconds at Sun Sep 01 05:31:17 UTC 2019
6 ms. Memory: 48128K Free: 26194K (54%)
ptolemy.util.test.WatchDog.cancel(): canceling Sun Sep 01 05:31:17 UTC 2019
auto.tcl: Setting watchdog for 200 seconds at Sun Sep 01 05:31:17 UTC 2019
8 ms. Memory: 48128K Free: 23681K (49%)
ptolemy.util.test.WatchDog.cancel(): canceling Sun Sep 01 05:31:17 UTC 2019
------------------ testing $PTII/ptolemy/domains/de/test/auto/ResetTransitionWithStartTime3.xml
auto.tcl: Setting watchdog for 200 seconds at Sun Sep 01 05:31:17 UTC 2019
10 ms. Memory: 48128K Free: 26193K (54%)
ptolemy.util.test.WatchDog.cancel(): canceling Sun Sep 01 05:31:17 UTC 2019
auto.tcl: Setting watchdog for 200 seconds at Sun Sep 01 05:31:17 UTC 2019
6 ms. Memory: 48128K Free: 24145K (50%)
ptolemy.util.test.WatchDog.cancel(): canceling Sun Sep 01 05:31:17 UTC 2019
------------------ testing $PTII/ptolemy/domains/de/test/auto/ResetTransitionWithStartTime4.xml
auto.tcl: Setting watchdog for 200 seconds at Sun Sep 01 05:31:17 UTC 2019
11 ms. Memory: 48128K Free: 26681K (55%)
ptolemy.util.test.WatchDog.cancel(): canceling Sun Sep 01 05:31:17 UTC 2019
auto.tcl: Setting watchdog for 200 seconds at Sun Sep 01 05:31:17 UTC 2019
6 ms. Memory: 48128K Free: 25234K (52%)
ptolemy.util.test.WatchDog.cancel(): canceling Sun Sep 01 05:31:17 UTC 2019
------------------ testing $PTII/ptolemy/domains/de/test/auto/ResettableTimer1.xml
auto.tcl: Setting watchdog for 200 seconds at Sun Sep 01 05:31:17 UTC 2019
5 ms. Memory: 48128K Free: 30270K (63%)
ptolemy.util.test.WatchDog.cancel(): canceling Sun Sep 01 05:31:17 UTC 2019
auto.tcl: Setting watchdog for 200 seconds at Sun Sep 01 05:31:17 UTC 2019
3 ms. Memory: 48128K Free: 29297K (61%)
ptolemy.util.test.WatchDog.cancel(): canceling Sun Sep 01 05:31:17 UTC 2019
------------------ testing $PTII/ptolemy/domains/de/test/auto/ResettableTimer2.xml
auto.tcl: Setting watchdog for 200 seconds at Sun Sep 01 05:31:17 UTC 2019
4 ms. Memory: 48128K Free: 30326K (63%)
ptolemy.util.test.WatchDog.cancel(): canceling Sun Sep 01 05:31:17 UTC 2019
auto.tcl: Setting watchdog for 200 seconds at Sun Sep 01 05:31:17 UTC 2019
3 ms. Memory: 48128K Free: 29369K (61%)
ptolemy.util.test.WatchDog.cancel(): canceling Sun Sep 01 05:31:17 UTC 2019
------------------ testing $PTII/ptolemy/domains/de/test/auto/ResettableTimer3.xml
auto.tcl: Setting watchdog for 200 seconds at Sun Sep 01 05:31:17 UTC 2019
1 ms. Memory: 48128K Free: 30341K (63%)
ptolemy.util.test.WatchDog.cancel(): canceling Sun Sep 01 05:31:17 UTC 2019
auto.tcl: Setting watchdog for 200 seconds at Sun Sep 01 05:31:17 UTC 2019
2 ms. Memory: 48128K Free: 30325K (63%)
ptolemy.util.test.WatchDog.cancel(): canceling Sun Sep 01 05:31:17 UTC 2019
------------------ testing $PTII/ptolemy/domains/de/test/auto/ResettableTimer4.xml
auto.tcl: Setting watchdog for 200 seconds at Sun Sep 01 05:31:17 UTC 2019
2 ms. Memory: 48128K Free: 30354K (63%)
ptolemy.util.test.WatchDog.cancel(): canceling Sun Sep 01 05:31:17 UTC 2019
auto.tcl: Setting watchdog for 200 seconds at Sun Sep 01 05:31:17 UTC 2019
2 ms. Memory: 48128K Free: 29856K (62%)
ptolemy.util.test.WatchDog.cancel(): canceling Sun Sep 01 05:31:17 UTC 2019
------------------ testing $PTII/ptolemy/domains/de/test/auto/ResettableTimer5.xml
auto.tcl: Setting watchdog for 200 seconds at Sun Sep 01 05:31:17 UTC 2019
2 ms. Memory: 48128K Free: 29822K (62%)
ptolemy.util.test.WatchDog.cancel(): canceling Sun Sep 01 05:31:17 UTC 2019
auto.tcl: Setting watchdog for 200 seconds at Sun Sep 01 05:31:17 UTC 2019
2 ms. Memory: 48128K Free: 29342K (61%)
ptolemy.util.test.WatchDog.cancel(): canceling Sun Sep 01 05:31:17 UTC 2019
------------------ testing $PTII/ptolemy/domains/de/test/auto/ResettableTimer6.xml
auto.tcl: Setting watchdog for 200 seconds at Sun Sep 01 05:31:17 UTC 2019
2 ms. Memory: 48128K Free: 29807K (62%)
ptolemy.util.test.WatchDog.cancel(): canceling Sun Sep 01 05:31:17 UTC 2019
auto.tcl: Setting watchdog for 200 seconds at Sun Sep 01 05:31:17 UTC 2019
2 ms. Memory: 48128K Free: 29303K (61%)
ptolemy.util.test.WatchDog.cancel(): canceling Sun Sep 01 05:31:17 UTC 2019
------------------ testing $PTII/ptolemy/domains/de/test/auto/ServerZeroDelay.xml
auto.tcl: Setting watchdog for 200 seconds at Sun Sep 01 05:31:17 UTC 2019
3 ms. Memory: 48128K Free: 30318K (63%)
ptolemy.util.test.WatchDog.cancel(): canceling Sun Sep 01 05:31:17 UTC 2019
auto.tcl: Setting watchdog for 200 seconds at Sun Sep 01 05:31:17 UTC 2019
3 ms. Memory: 48128K Free: 29318K (61%)
ptolemy.util.test.WatchDog.cancel(): canceling Sun Sep 01 05:31:17 UTC 2019
------------------ testing $PTII/ptolemy/domains/de/test/auto/SmartSender.xml
auto.tcl: Setting watchdog for 200 seconds at Sun Sep 01 05:31:17 UTC 2019
3001 ms. Memory: 48128K Free: 30312K (63%)
ptolemy.util.test.WatchDog.cancel(): canceling Sun Sep 01 05:31:20 UTC 2019
auto.tcl: Setting watchdog for 200 seconds at Sun Sep 01 05:31:20 UTC 2019
3003 ms. Memory: 48128K Free: 29816K (62%)
ptolemy.util.test.WatchDog.cancel(): canceling Sun Sep 01 05:31:24 UTC 2019
------------------ testing $PTII/ptolemy/domains/de/test/auto/ThreadedComposite.xml
auto.tcl: Setting watchdog for 200 seconds at Sun Sep 01 05:31:24 UTC 2019
258 ms. Memory: 48128K Free: 8308K (17%)
ptolemy.util.test.WatchDog.cancel(): canceling Sun Sep 01 05:31:24 UTC 2019
auto.tcl: Setting watchdog for 200 seconds at Sun Sep 01 05:31:24 UTC 2019
198 ms. Memory: 48128K Free: 19827K (41%)
ptolemy.util.test.WatchDog.cancel(): canceling Sun Sep 01 05:31:24 UTC 2019
------------------ testing $PTII/ptolemy/domains/de/test/auto/Time.xml
auto.tcl: Setting watchdog for 200 seconds at Sun Sep 01 05:31:24 UTC 2019
550 ms. Memory: 48128K Free: 31511K (65%)
ptolemy.util.test.WatchDog.cancel(): canceling Sun Sep 01 05:31:25 UTC 2019
auto.tcl: Setting watchdog for 200 seconds at Sun Sep 01 05:31:25 UTC 2019
474 ms. Memory: 48128K Free: 8378K (17%)
ptolemy.util.test.WatchDog.cancel(): canceling Sun Sep 01 05:31:25 UTC 2019
------------------ testing $PTII/ptolemy/domains/de/test/auto/TimeDelayZeroDelay.xml
auto.tcl: Setting watchdog for 200 seconds at Sun Sep 01 05:31:25 UTC 2019
3 ms. Memory: 48128K Free: 30746K (64%)
ptolemy.util.test.WatchDog.cancel(): canceling Sun Sep 01 05:31:25 UTC 2019
auto.tcl: Setting watchdog for 200 seconds at Sun Sep 01 05:31:25 UTC 2019
3 ms. Memory: 48128K Free: 29838K (62%)
ptolemy.util.test.WatchDog.cancel(): canceling Sun Sep 01 05:31:25 UTC 2019
------------------ testing $PTII/ptolemy/domains/de/test/auto/TimerZeroDelay.xml
auto.tcl: Setting watchdog for 200 seconds at Sun Sep 01 05:31:25 UTC 2019
4 ms. Memory: 48128K Free: 30740K (64%)
ptolemy.util.test.WatchDog.cancel(): canceling Sun Sep 01 05:31:25 UTC 2019
auto.tcl: Setting watchdog for 200 seconds at Sun Sep 01 05:31:25 UTC 2019
3 ms. Memory: 48128K Free: 29881K (62%)
ptolemy.util.test.WatchDog.cancel(): canceling Sun Sep 01 05:31:25 UTC 2019
------------------ testing $PTII/ptolemy/domains/de/test/auto/TimingParadox.xml
auto.tcl: Setting watchdog for 200 seconds at Sun Sep 01 05:31:25 UTC 2019
336 ms. Memory: 48128K Free: 15971K (33%)
ptolemy.util.test.WatchDog.cancel(): canceling Sun Sep 01 05:31:26 UTC 2019
auto.tcl: Setting watchdog for 200 seconds at Sun Sep 01 05:31:26 UTC 2019
329 ms. Memory: 58368K Free: 39865K (68%)
ptolemy.util.test.WatchDog.cancel(): canceling Sun Sep 01 05:31:26 UTC 2019
------------------ testing $PTII/ptolemy/domains/de/test/auto/TransferInputs.xml
auto.tcl: Setting watchdog for 200 seconds at Sun Sep 01 05:31:26 UTC 2019
2 ms. Memory: 51200K Free: 31825K (62%)
ptolemy.util.test.WatchDog.cancel(): canceling Sun Sep 01 05:31:26 UTC 2019
auto.tcl: Setting watchdog for 200 seconds at Sun Sep 01 05:31:26 UTC 2019
1 ms. Memory: 51200K Free: 30906K (60%)
ptolemy.util.test.WatchDog.cancel(): canceling Sun Sep 01 05:31:26 UTC 2019
------------------ testing $PTII/ptolemy/domains/de/test/auto/TransferOutputs2.xml
auto.tcl: Setting watchdog for 200 seconds at Sun Sep 01 05:31:26 UTC 2019
12 ms. Memory: 48128K Free: 26195K (54%)
ptolemy.util.test.WatchDog.cancel(): canceling Sun Sep 01 05:31:26 UTC 2019
auto.tcl: Setting watchdog for 200 seconds at Sun Sep 01 05:31:26 UTC 2019
3 ms. Memory: 48128K Free: 24793K (52%)
ptolemy.util.test.WatchDog.cancel(): canceling Sun Sep 01 05:31:26 UTC 2019
------------------ testing $PTII/ptolemy/domains/de/test/auto/Trilateration.xml
auto.tcl: Setting watchdog for 200 seconds at Sun Sep 01 05:31:27 UTC 2019
15774 ms. Memory: 388096K Free: 263434K (68%)
ptolemy.util.test.WatchDog.cancel(): canceling Sun Sep 01 05:31:44 UTC 2019
auto.tcl: Setting watchdog for 200 seconds at Sun Sep 01 05:31:44 UTC 2019
12041 ms. Memory: 388096K Free: 173233K (45%)
ptolemy.util.test.WatchDog.cancel(): canceling Sun Sep 01 05:31:56 UTC 2019
------------------ testing $PTII/ptolemy/domains/de/test/auto/TwoSigmaDelta.xml
auto.tcl: Setting watchdog for 200 seconds at Sun Sep 01 05:31:56 UTC 2019
2816 ms. Memory: 89088K Free: 19753K (22%)
ptolemy.util.test.WatchDog.cancel(): canceling Sun Sep 01 05:31:59 UTC 2019
auto.tcl: Setting watchdog for 200 seconds at Sun Sep 01 05:31:59 UTC 2019
2056 ms. Memory: 89088K Free: 16664K (19%)
ptolemy.util.test.WatchDog.cancel(): canceling Sun Sep 01 05:32:01 UTC 2019
------------------ testing $PTII/ptolemy/domains/de/test/auto/VariableDelay.xml
auto.tcl: Setting watchdog for 200 seconds at Sun Sep 01 05:32:01 UTC 2019
5 ms. Memory: 51200K Free: 32298K (63%)
ptolemy.util.test.WatchDog.cancel(): canceling Sun Sep 01 05:32:01 UTC 2019
auto.tcl: Setting watchdog for 200 seconds at Sun Sep 01 05:32:01 UTC 2019
2 ms. Memory: 51200K Free: 31304K (61%)
ptolemy.util.test.WatchDog.cancel(): canceling Sun Sep 01 05:32:01 UTC 2019
------------------ testing $PTII/ptolemy/domains/de/test/auto/VariableDelay2.xml
auto.tcl: Setting watchdog for 200 seconds at Sun Sep 01 05:32:01 UTC 2019
12 ms. Memory: 51200K Free: 32696K (64%)
ptolemy.util.test.WatchDog.cancel(): canceling Sun Sep 01 05:32:01 UTC 2019
auto.tcl: Setting watchdog for 200 seconds at Sun Sep 01 05:32:01 UTC 2019
2 ms. Memory: 51200K Free: 32216K (63%)
ptolemy.util.test.WatchDog.cancel(): canceling Sun Sep 01 05:32:01 UTC 2019
------------------ testing $PTII/ptolemy/domains/de/test/auto/VariableDelayZeroDelay.xml
auto.tcl: Setting watchdog for 200 seconds at Sun Sep 01 05:32:01 UTC 2019
3 ms. Memory: 48128K Free: 30168K (63%)
ptolemy.util.test.WatchDog.cancel(): canceling Sun Sep 01 05:32:01 UTC 2019
auto.tcl: Setting watchdog for 200 seconds at Sun Sep 01 05:32:01 UTC 2019
2 ms. Memory: 48128K Free: 29684K (62%)
ptolemy.util.test.WatchDog.cancel(): canceling Sun Sep 01 05:32:01 UTC 2019
------------------ testing $PTII/ptolemy/domains/de/test/auto/VariableDelayZeroDelay2.xml
auto.tcl: Setting watchdog for 200 seconds at Sun Sep 01 05:32:01 UTC 2019
3 ms. Memory: 48128K Free: 30167K (63%)
ptolemy.util.test.WatchDog.cancel(): canceling Sun Sep 01 05:32:01 UTC 2019
auto.tcl: Setting watchdog for 200 seconds at Sun Sep 01 05:32:01 UTC 2019
4 ms. Memory: 48128K Free: 29221K (61%)
ptolemy.util.test.WatchDog.cancel(): canceling Sun Sep 01 05:32:01 UTC 2019
------------------ testing $PTII/ptolemy/domains/de/test/auto/deInCt.xml
auto.tcl: Setting watchdog for 200 seconds at Sun Sep 01 05:32:01 UTC 2019
0
1
1
1
1
1
0
0
0
0
1
1
0
0
0
1
1
1
0
0
0
1
1
1
0
0
0
0
1
1
1
0
0
0
1
1
1
1
1
0
0
0
0
22 ms. Memory: 48128K Free: 29140K (61%)
ptolemy.util.test.WatchDog.cancel(): canceling Sun Sep 01 05:32:01 UTC 2019
auto.tcl: Setting watchdog for 200 seconds at Sun Sep 01 05:32:01 UTC 2019
0
1
1
1
0
0
0
1
1
1
1
0
0
0
0
1
1
1
1
0
0
0
0
0
0
1
1
1
1
0
0
0
12 ms. Memory: 48128K Free: 27650K (57%)
ptolemy.util.test.WatchDog.cancel(): canceling Sun Sep 01 05:32:01 UTC 2019
------------------ testing $PTII/ptolemy/domains/de/test/auto/deInCt2.xml
auto.tcl: Setting watchdog for 200 seconds at Sun Sep 01 05:32:01 UTC 2019
0
1
1
1
0
0
1
1
1
0
0
1
1
1
0
0
1
1
1
0
0
1
1
1
0
0
1
1
1
0
0
1
1
1
0
0
1
1
1
0
0
0
11 ms. Memory: 48128K Free: 29142K (61%)
ptolemy.util.test.WatchDog.cancel(): canceling Sun Sep 01 05:32:01 UTC 2019
auto.tcl: Setting watchdog for 200 seconds at Sun Sep 01 05:32:01 UTC 2019
0
1
1
1
0
0
1
1
1
0
0
1
1
1
0
0
1
1
1
0
0
1
1
1
0
0
1
1
1
0
0
1
1
1
0
0
1
1
1
0
0
0
7 ms. Memory: 48128K Free: 27652K (57%)
ptolemy.util.test.WatchDog.cancel(): canceling Sun Sep 01 05:32:01 UTC 2019
------------------ testing $PTII/ptolemy/domains/de/test/auto/dynamicCausalityInterface1.xml
auto.tcl: Setting watchdog for 200 seconds at Sun Sep 01 05:32:01 UTC 2019
2 ms. Memory: 48128K Free: 24513K (51%)
ptolemy.util.test.WatchDog.cancel(): canceling Sun Sep 01 05:32:01 UTC 2019
auto.tcl: Setting watchdog for 200 seconds at Sun Sep 01 05:32:01 UTC 2019
2 ms. Memory: 48128K Free: 24017K (50%)
ptolemy.util.test.WatchDog.cancel(): canceling Sun Sep 01 05:32:02 UTC 2019
------------------ testing $PTII/ptolemy/domains/de/test/auto/fsm_de_test.xml
auto.tcl: Setting watchdog for 200 seconds at Sun Sep 01 05:32:02 UTC 2019
13 ms. Memory: 48128K Free: 24939K (52%)
ptolemy.util.test.WatchDog.cancel(): canceling Sun Sep 01 05:32:02 UTC 2019
auto.tcl: Setting watchdog for 200 seconds at Sun Sep 01 05:32:02 UTC 2019
7 ms. Memory: 48128K Free: 22955K (48%)
ptolemy.util.test.WatchDog.cancel(): canceling Sun Sep 01 05:32:02 UTC 2019
------------------ testing $PTII/ptolemy/domains/de/test/auto/functionDependencyReconstruction.xml
auto.tcl: Setting watchdog for 200 seconds at Sun Sep 01 05:32:02 UTC 2019
3 ms. Memory: 48128K Free: 18785K (39%)
ptolemy.util.test.WatchDog.cancel(): canceling Sun Sep 01 05:32:02 UTC 2019
auto.tcl: Setting watchdog for 200 seconds at Sun Sep 01 05:32:02 UTC 2019
2 ms. Memory: 48128K Free: 16777K (35%)
ptolemy.util.test.WatchDog.cancel(): canceling Sun Sep 01 05:32:02 UTC 2019
------------------ testing $PTII/ptolemy/domains/de/test/auto/multirate.xml
auto.tcl: Setting watchdog for 200 seconds at Sun Sep 01 05:32:02 UTC 2019
5 ms. Memory: 48128K Free: 27388K (57%)
ptolemy.util.test.WatchDog.cancel(): canceling Sun Sep 01 05:32:02 UTC 2019
auto.tcl: Setting watchdog for 200 seconds at Sun Sep 01 05:32:02 UTC 2019
4 ms. Memory: 48128K Free: 25915K (54%)
ptolemy.util.test.WatchDog.cancel(): canceling Sun Sep 01 05:32:02 UTC 2019
------------------ testing $PTII/ptolemy/domains/de/test/auto/multirate2.xml
auto.tcl: Setting watchdog for 200 seconds at Sun Sep 01 05:32:02 UTC 2019
4 ms. Memory: 48128K Free: 27788K (58%)
ptolemy.util.test.WatchDog.cancel(): canceling Sun Sep 01 05:32:02 UTC 2019
auto.tcl: Setting watchdog for 200 seconds at Sun Sep 01 05:32:02 UTC 2019
4 ms. Memory: 48128K Free: 26083K (54%)
ptolemy.util.test.WatchDog.cancel(): canceling Sun Sep 01 05:32:02 UTC 2019
------------------ testing $PTII/ptolemy/domains/de/test/auto/realtime.xml
auto.tcl: Setting watchdog for 200 seconds at Sun Sep 01 05:32:02 UTC 2019
10001 ms. Memory: 48128K Free: 29860K (62%)
ptolemy.util.test.WatchDog.cancel(): canceling Sun Sep 01 05:32:12 UTC 2019
auto.tcl: Setting watchdog for 200 seconds at Sun Sep 01 05:32:12 UTC 2019
10002 ms. Memory: 48128K Free: 29118K (61%)
ptolemy.util.test.WatchDog.cancel(): canceling Sun Sep 01 05:32:22 UTC 2019
------------------ testing $PTII/ptolemy/domains/de/test/auto/relationGroup.xml
auto.tcl: Setting watchdog for 200 seconds at Sun Sep 01 05:32:22 UTC 2019
2 ms. Memory: 48128K Free: 30878K (64%)
ptolemy.util.test.WatchDog.cancel(): canceling Sun Sep 01 05:32:22 UTC 2019
auto.tcl: Setting watchdog for 200 seconds at Sun Sep 01 05:32:22 UTC 2019
2 ms. Memory: 48128K Free: 30168K (63%)
ptolemy.util.test.WatchDog.cancel(): canceling Sun Sep 01 05:32:22 UTC 2019
------------------ testing $PTII/ptolemy/domains/de/test/auto/relationGroup2.xml
auto.tcl: Setting watchdog for 200 seconds at Sun Sep 01 05:32:22 UTC 2019
1 ms. Memory: 48128K Free: 30911K (64%)
ptolemy.util.test.WatchDog.cancel(): canceling Sun Sep 01 05:32:22 UTC 2019
auto.tcl: Setting watchdog for 200 seconds at Sun Sep 01 05:32:22 UTC 2019
2 ms. Memory: 48128K Free: 30193K (63%)
ptolemy.util.test.WatchDog.cancel(): canceling Sun Sep 01 05:32:22 UTC 2019
------------------ testing $PTII/ptolemy/domains/de/test/auto/sortWithOpaquePorts.xml
auto.tcl: Setting watchdog for 200 seconds at Sun Sep 01 05:32:22 UTC 2019
2 ms. Memory: 48128K Free: 29666K (62%)
ptolemy.util.test.WatchDog.cancel(): canceling Sun Sep 01 05:32:22 UTC 2019
auto.tcl: Setting watchdog for 200 seconds at Sun Sep 01 05:32:22 UTC 2019
2 ms. Memory: 48128K Free: 28674K (60%)
ptolemy.util.test.WatchDog.cancel(): canceling Sun Sep 01 05:32:22 UTC 2019
------------------ testing $PTII/ptolemy/domains/de/test/auto/transferInputsandOutputs.xml
auto.tcl: Setting watchdog for 200 seconds at Sun Sep 01 05:32:22 UTC 2019
2 ms. Memory: 48128K Free: 27109K (56%)
ptolemy.util.test.WatchDog.cancel(): canceling Sun Sep 01 05:32:22 UTC 2019
auto.tcl: Setting watchdog for 200 seconds at Sun Sep 01 05:32:22 UTC 2019
3 ms. Memory: 48128K Free: 26112K (54%)
ptolemy.util.test.WatchDog.cancel(): canceling Sun Sep 01 05:32:22 UTC 2019
------------------ testing $PTII/ptolemy/domains/de/test/auto/triggerType.xml
auto.tcl: Setting watchdog for 200 seconds at Sun Sep 01 05:32:22 UTC 2019
2 ms. Memory: 48128K Free: 30134K (63%)
ptolemy.util.test.WatchDog.cancel(): canceling Sun Sep 01 05:32:22 UTC 2019
auto.tcl: Setting watchdog for 200 seconds at Sun Sep 01 05:32:22 UTC 2019
2 ms. Memory: 48128K Free: 29130K (61%)
ptolemy.util.test.WatchDog.cancel(): canceling Sun Sep 01 05:32:22 UTC 2019
09/01/19 05:32:22
Failed: 0  Total Tests: 192  ((Passed: 187, Newly Passed: 1)  Known Failed: 5) /home/travis/build/icyphy/ptII/ptolemy/domains/de/test
09/01/19 05:32:23
Failed: 0  Total Tests: 192  ((Passed: 187, Newly Passed: 1)  Known Failed: 5) /home/travis/build/icyphy/ptII/ptolemy/domains/de/test
----------------- testing (KnownFailure) /home/travis/build/icyphy/ptII/ptolemy/domains/de/test/auto/knownFailedTests/DESDFClockTest.xml
2014 ms. Memory: 48128K Free: 23529K (49%)
Known Failure: java.lang.reflect.InvocationTargetException
----------------- testing (KnownFailure) /home/travis/build/icyphy/ptII/ptolemy/domains/de/test/auto/knownFailedTests/DirectFeedback.xml
1 ms. Memory: 48128K Free: 19947K (41%)
Known Failure: java.lang.reflect.InvocationTargetException
----------------- testing (KnownFailure) /home/travis/build/icyphy/ptII/ptolemy/domains/de/test/auto/knownFailedTests/FSMSource.xml
7 ms. Memory: 48128K Free: 12251K (25%)
----------------- testing (KnownFailure) /home/travis/build/icyphy/ptII/ptolemy/domains/de/test/auto/knownFailedTests/HierarchicalModel.xml
3 ms. Memory: 48128K Free: 22223K (46%)
Known Failure: java.lang.reflect.InvocationTargetException
----------------- testing (KnownFailure) /home/travis/build/icyphy/ptII/ptolemy/domains/de/test/auto/knownFailedTests/dependencyLoop.xml
9 ms. Memory: 48128K Free: 32694K (68%)
Known Failure: java.lang.reflect.InvocationTargetException
----------------- testing (KnownFailure) /home/travis/build/icyphy/ptII/ptolemy/domains/de/test/auto/knownFailedTests/dependencyLoop2.xml
8 ms. Memory: 48128K Free: 17470K (36%)
Known Failure: java.lang.reflect.InvocationTargetException
No auto/linux-amd64/*.xml tests in /home/travis/build/icyphy/ptII/ptolemy/domains/de/test
AutoTests.java: About to close Vertx.
AutoTests.java: Vertx closed.

===========================================================================================
----------------- testing Sun Sep 01 05:32:25 UTC 2019 /home/travis/build/icyphy/ptII/ptolemy/domains/de/test/auto/ActorDepthCalculation_actorWithoutPorts.xml
----------------- Instantiating /home/travis/build/icyphy/ptII/ptolemy/domains/de/test/auto/ActorDepthCalculation_actorWithoutPorts.xml
3 ms. Memory: 48128K Free: 11491K (24%)
----------------- Invoking toplevel() on ptolemy.moml.MoMLSimpleApplication@4b0b572c
----------------- Done invoking toplevel() on ptolemy.moml.MoMLSimpleApplication@4b0b572c
reloadAllAccessors: .ActorDepthCalculation_actorWithoutPorts

===========================================================================================
----------------- testing Sun Sep 01 05:32:25 UTC 2019 /home/travis/build/icyphy/ptII/ptolemy/domains/de/test/auto/AssemblyLine.xml
----------------- Instantiating /home/travis/build/icyphy/ptII/ptolemy/domains/de/test/auto/AssemblyLine.xml
2 ms. Memory: 48128K Free: 29968K (62%)
----------------- Invoking toplevel() on ptolemy.moml.MoMLSimpleApplication@32da2153
----------------- Done invoking toplevel() on ptolemy.moml.MoMLSimpleApplication@32da2153
reloadAllAccessors: .AssemblyLine

===========================================================================================
----------------- testing Sun Sep 01 05:32:25 UTC 2019 /home/travis/build/icyphy/ptII/ptolemy/domains/de/test/auto/CQBug1.xml
----------------- Instantiating /home/travis/build/icyphy/ptII/ptolemy/domains/de/test/auto/CQBug1.xml
1 ms. Memory: 48128K Free: 27056K (56%)
----------------- Invoking toplevel() on ptolemy.moml.MoMLSimpleApplication@2e760fbf
----------------- Done invoking toplevel() on ptolemy.moml.MoMLSimpleApplication@2e760fbf
reloadAllAccessors: .CQBug1

===========================================================================================
----------------- testing Sun Sep 01 05:32:25 UTC 2019 /home/travis/build/icyphy/ptII/ptolemy/domains/de/test/auto/CancelFireAt.xml
----------------- Instantiating /home/travis/build/icyphy/ptII/ptolemy/domains/de/test/auto/CancelFireAt.xml
2 ms. Memory: 48128K Free: 24755K (51%)
----------------- Invoking toplevel() on ptolemy.moml.MoMLSimpleApplication@ea5d12d
----------------- Done invoking toplevel() on ptolemy.moml.MoMLSimpleApplication@ea5d12d
reloadAllAccessors: .CancelFireAt

===========================================================================================
----------------- testing Sun Sep 01 05:32:25 UTC 2019 /home/travis/build/icyphy/ptII/ptolemy/domains/de/test/auto/CausalityAndComposabilityAnalysis.xml
----------------- Instantiating /home/travis/build/icyphy/ptII/ptolemy/domains/de/test/auto/CausalityAndComposabilityAnalysis.xml
2 ms. Memory: 48128K Free: 20430K (42%)
----------------- Invoking toplevel() on ptolemy.moml.MoMLSimpleApplication@1d6fc420
----------------- Done invoking toplevel() on ptolemy.moml.MoMLSimpleApplication@1d6fc420
reloadAllAccessors: .CausalityAndComposabilityAnalysis

===========================================================================================
----------------- testing Sun Sep 01 05:32:25 UTC 2019 /home/travis/build/icyphy/ptII/ptolemy/domains/de/test/auto/CausalityInterface1.xml
----------------- Instantiating /home/travis/build/icyphy/ptII/ptolemy/domains/de/test/auto/CausalityInterface1.xml
6 ms. Memory: 48128K Free: 15509K (32%)
----------------- Invoking toplevel() on ptolemy.moml.MoMLSimpleApplication@4ae996c1
----------------- Done invoking toplevel() on ptolemy.moml.MoMLSimpleApplication@4ae996c1
reloadAllAccessors: .CausalityInterface1

===========================================================================================
----------------- testing Sun Sep 01 05:32:25 UTC 2019 /home/travis/build/icyphy/ptII/ptolemy/domains/de/test/auto/CausalityInterface15.xml
----------------- Instantiating /home/travis/build/icyphy/ptII/ptolemy/domains/de/test/auto/CausalityInterface15.xml
2 ms. Memory: 48128K Free: 9990K (21%)
----------------- Invoking toplevel() on ptolemy.moml.MoMLSimpleApplication@6be97db
----------------- Done invoking toplevel() on ptolemy.moml.MoMLSimpleApplication@6be97db
reloadAllAccessors: .CausalityInterface15

===========================================================================================
----------------- testing Sun Sep 01 05:32:25 UTC 2019 /home/travis/build/icyphy/ptII/ptolemy/domains/de/test/auto/CausalityInterface2.xml
----------------- Instantiating /home/travis/build/icyphy/ptII/ptolemy/domains/de/test/auto/CausalityInterface2.xml
2 ms. Memory: 48128K Free: 31084K (65%)
[...]
	at ptolemy.actor.Manager.run(Manager.java:1263)
	at ptolemy.actor.Manager$PtolemyRunThread.run(Manager.java:1933)
java.lang.RuntimeException: Execution failed
	at ptolemy.moml.MoMLSimpleApplication$UnloadThread.run(MoMLSimpleApplication.java:402)
Caused by: ptolemy.kernel.util.IllegalActionException: Actor is not ready to fire.  Perhaps UpSample.prefire() returned false? Try debugging the actor by selecting "Listen to Actor".  Also, for SDF check moml for tokenConsumptionRate on input.
  in .DESDFClockTest.Play Bell.Copy1:SDF Director and .DESDFClockTest.Play Bell.UpSample
	at ptolemy.actor.sched.StaticSchedulingDirector.fire(StaticSchedulingDirector.java:227)
	at ptolemy.domains.sdf.kernel.SDFDirector.fire(SDFDirector.java:500)
	at ptolemy.actor.CompositeActor.fire(CompositeActor.java:455)
	at ptolemy.domains.de.kernel.DEDirector._fire(DEDirector.java:1949)
	at ptolemy.domains.de.kernel.DEDirector.fire(DEDirector.java:502)
	at ptolemy.actor.CompositeActor.fire(CompositeActor.java:455)
	at ptolemy.actor.Manager.iterate(Manager.java:851)
	at ptolemy.actor.Manager.execute(Manager.java:369)
	at ptolemy.actor.Manager.run(Manager.java:1263)
	at ptolemy.actor.Manager$PtolemyRunThread.run(Manager.java:1933)
java.lang.reflect.InvocationTargetException
	at java.base/jdk.internal.reflect.NativeConstructorAccessorImpl.newInstance0(Native Method)
	at java.base/jdk.internal.reflect.NativeConstructorAccessorImpl.newInstance(NativeConstructorAccessorImpl.java:62)
	at java.base/jdk.internal.reflect.DelegatingConstructorAccessorImpl.newInstance(DelegatingConstructorAccessorImpl.java:45)
	at java.base/java.lang.reflect.Constructor.newInstance(Constructor.java:490)
	at ptolemy.util.test.junit.AutoKnownFailedTests.RunModel(AutoKnownFailedTests.java:105)
	at java.base/jdk.internal.reflect.NativeMethodAccessorImpl.invoke0(Native Method)
	at java.base/jdk.internal.reflect.NativeMethodAccessorImpl.invoke(NativeMethodAccessorImpl.java:62)
	at java.base/jdk.internal.reflect.DelegatingMethodAccessorImpl.invoke(DelegatingMethodAccessorImpl.java:43)
	at java.base/java.lang.reflect.Method.invoke(Method.java:566)
	at org.junit.runners.model.FrameworkMethod$1.runReflectiveCall(FrameworkMethod.java:44)
	at org.junit.internal.runners.model.ReflectiveCallable.run(ReflectiveCallable.java:15)
	at org.junit.runners.model.FrameworkMethod.invokeExplosively(FrameworkMethod.java:41)
	at junitparams.internal.InvokeParameterisedMethod.evaluate(InvokeParameterisedMethod.java:102)
	at org.junit.internal.runners.statements.FailOnTimeout$1.run(FailOnTimeout.java:28)
Caused by: ptolemy.kernel.util.IllegalActionException: Actor is not ready to fire.  Perhaps UpSample.prefire() returned false? Try debugging the actor by selecting "Listen to Actor".  Also, for SDF check moml for tokenConsumptionRate on input.
  in .DESDFClockTest.Play Bell.Copy1:SDF Director and .DESDFClockTest.Play Bell.UpSample
	at ptolemy.actor.sched.StaticSchedulingDirector.fire(StaticSchedulingDirector.java:227)
	at ptolemy.domains.sdf.kernel.SDFDirector.fire(SDFDirector.java:500)
	at ptolemy.actor.CompositeActor.fire(CompositeActor.java:455)
	at ptolemy.domains.de.kernel.DEDirector._fire(DEDirector.java:1949)
	at ptolemy.domains.de.kernel.DEDirector.fire(DEDirector.java:502)
	at ptolemy.actor.CompositeActor.fire(CompositeActor.java:455)
	at ptolemy.actor.Manager.iterate(Manager.java:851)
	at ptolemy.actor.Manager.execute(Manager.java:369)
	at ptolemy.actor.Manager.run(Manager.java:1263)
	at ptolemy.actor.Manager$PtolemyRunThread.run(Manager.java:1933)
java.lang.RuntimeException: Execution failed
	at ptolemy.moml.MoMLSimpleApplication$UnloadThread.run(MoMLSimpleApplication.java:402)
Caused by: ptolemy.kernel.util.IllegalActionException: Test fails in iteration 1.
Value was: 1.0. Should have been: 2.0
  in .DirectFeedback.Test
	at ptolemy.actor.lib.Test.fire(Test.java:268)
	at ptolemy.domains.de.kernel.DEDirector._fire(DEDirector.java:1949)
	at ptolemy.domains.de.kernel.DEDirector.fire(DEDirector.java:502)
	at ptolemy.actor.CompositeActor.fire(CompositeActor.java:455)
	at ptolemy.actor.Manager.iterate(Manager.java:851)
	at ptolemy.actor.Manager.execute(Manager.java:369)
	at ptolemy.actor.Manager.run(Manager.java:1263)
	at ptolemy.actor.Manager$PtolemyRunThread.run(Manager.java:1933)
java.lang.reflect.InvocationTargetException
	at java.base/jdk.internal.reflect.NativeConstructorAccessorImpl.newInstance0(Native Method)
	at java.base/jdk.internal.reflect.NativeConstructorAccessorImpl.newInstance(NativeConstructorAccessorImpl.java:62)
	at java.base/jdk.internal.reflect.DelegatingConstructorAccessorImpl.newInstance(DelegatingConstructorAccessorImpl.java:45)
	at java.base/java.lang.reflect.Constructor.newInstance(Constructor.java:490)
	at ptolemy.util.test.junit.AutoKnownFailedTests.RunModel(AutoKnownFailedTests.java:105)
	at java.base/jdk.internal.reflect.NativeMethodAccessorImpl.invoke0(Native Method)
	at java.base/jdk.internal.reflect.NativeMethodAccessorImpl.invoke(NativeMethodAccessorImpl.java:62)
	at java.base/jdk.internal.reflect.DelegatingMethodAccessorImpl.invoke(DelegatingMethodAccessorImpl.java:43)
	at java.base/java.lang.reflect.Method.invoke(Method.java:566)
	at org.junit.runners.model.FrameworkMethod$1.runReflectiveCall(FrameworkMethod.java:44)
	at org.junit.internal.runners.model.ReflectiveCallable.run(ReflectiveCallable.java:15)
	at org.junit.runners.model.FrameworkMethod.invokeExplosively(FrameworkMethod.java:41)
	at junitparams.internal.InvokeParameterisedMethod.evaluate(InvokeParameterisedMethod.java:102)
	at org.junit.internal.runners.statements.FailOnTimeout$1.run(FailOnTimeout.java:28)
Caused by: ptolemy.kernel.util.IllegalActionException: Test fails in iteration 1.
Value was: 1.0. Should have been: 2.0
  in .DirectFeedback.Test
	at ptolemy.actor.lib.Test.fire(Test.java:268)
	at ptolemy.domains.de.kernel.DEDirector._fire(DEDirector.java:1949)
	at ptolemy.domains.de.kernel.DEDirector.fire(DEDirector.java:502)
	at ptolemy.actor.CompositeActor.fire(CompositeActor.java:455)
	at ptolemy.actor.Manager.iterate(Manager.java:851)
	at ptolemy.actor.Manager.execute(Manager.java:369)
	at ptolemy.actor.Manager.run(Manager.java:1263)
	at ptolemy.actor.Manager$PtolemyRunThread.run(Manager.java:1933)
java.lang.RuntimeException: Execution failed
	at ptolemy.moml.MoMLSimpleApplication$UnloadThread.run(MoMLSimpleApplication.java:402)
Caused by: ptolemy.kernel.util.IllegalActionException: Found a zero delay loop containing .HierarchicalModel.A
  in .HierarchicalModel and .HierarchicalModel.A
	at ptolemy.actor.util.CausalityInterfaceForComposites._computeOutputPortDepth(CausalityInterfaceForComposites.java:759)
	at ptolemy.actor.util.CausalityInterfaceForComposites._computeInputDepth(CausalityInterfaceForComposites.java:696)
	at ptolemy.actor.util.CausalityInterfaceForComposites._computeOutputPortDepth(CausalityInterfaceForComposites.java:765)
	at ptolemy.actor.util.CausalityInterfaceForComposites._computeInputDepth(CausalityInterfaceForComposites.java:696)
	at ptolemy.actor.util.CausalityInterfaceForComposites._computeOutputPortDepth(CausalityInterfaceForComposites.java:765)
	at ptolemy.actor.util.CausalityInterfaceForComposites._computeInputDepth(CausalityInterfaceForComposites.java:696)
	at ptolemy.actor.util.CausalityInterfaceForComposites._computeActorDepth(CausalityInterfaceForComposites.java:532)
	at ptolemy.actor.util.CausalityInterfaceForComposites.checkForCycles(CausalityInterfaceForComposites.java:96)
	at ptolemy.domains.de.kernel.DEDirector.preinitialize(DEDirector.java:1338)
	at ptolemy.actor.CompositeActor.preinitialize(CompositeActor.java:1828)
	at ptolemy.actor.Manager.preinitializeAndResolveTypes(Manager.java:1040)
	at ptolemy.actor.Manager.initialize(Manager.java:710)
	at ptolemy.actor.Manager.execute(Manager.java:356)
	at ptolemy.actor.Manager.run(Manager.java:1263)
	at ptolemy.actor.Manager$PtolemyRunThread.run(Manager.java:1933)
java.lang.reflect.InvocationTargetException
	at java.base/jdk.internal.reflect.NativeConstructorAccessorImpl.newInstance0(Native Method)
	at java.base/jdk.internal.reflect.NativeConstructorAccessorImpl.newInstance(NativeConstructorAccessorImpl.java:62)
	at java.base/jdk.internal.reflect.DelegatingConstructorAccessorImpl.newInstance(DelegatingConstructorAccessorImpl.java:45)
	at java.base/java.lang.reflect.Constructor.newInstance(Constructor.java:490)
	at ptolemy.util.test.junit.AutoKnownFailedTests.RunModel(AutoKnownFailedTests.java:105)
	at java.base/jdk.internal.reflect.NativeMethodAccessorImpl.invoke0(Native Method)
	at java.base/jdk.internal.reflect.NativeMethodAccessorImpl.invoke(NativeMethodAccessorImpl.java:62)
	at java.base/jdk.internal.reflect.DelegatingMethodAccessorImpl.invoke(DelegatingMethodAccessorImpl.java:43)
	at java.base/java.lang.reflect.Method.invoke(Method.java:566)
	at org.junit.runners.model.FrameworkMethod$1.runReflectiveCall(FrameworkMethod.java:44)
	at org.junit.internal.runners.model.ReflectiveCallable.run(ReflectiveCallable.java:15)
	at org.junit.runners.model.FrameworkMethod.invokeExplosively(FrameworkMethod.java:41)
	at junitparams.internal.InvokeParameterisedMethod.evaluate(InvokeParameterisedMethod.java:102)
	at org.junit.internal.runners.statements.FailOnTimeout$1.run(FailOnTimeout.java:28)
Caused by: ptolemy.kernel.util.IllegalActionException: Found a zero delay loop containing .HierarchicalModel.A
  in .HierarchicalModel and .HierarchicalModel.A
	at ptolemy.actor.util.CausalityInterfaceForComposites._computeOutputPortDepth(CausalityInterfaceForComposites.java:759)
	at ptolemy.actor.util.CausalityInterfaceForComposites._computeInputDepth(CausalityInterfaceForComposites.java:696)
	at ptolemy.actor.util.CausalityInterfaceForComposites._computeOutputPortDepth(CausalityInterfaceForComposites.java:765)
	at ptolemy.actor.util.CausalityInterfaceForComposites._computeInputDepth(CausalityInterfaceForComposites.java:696)
	at ptolemy.actor.util.CausalityInterfaceForComposites._computeOutputPortDepth(CausalityInterfaceForComposites.java:765)
	at ptolemy.actor.util.CausalityInterfaceForComposites._computeInputDepth(CausalityInterfaceForComposites.java:696)
	at ptolemy.actor.util.CausalityInterfaceForComposites._computeActorDepth(CausalityInterfaceForComposites.java:532)
	at ptolemy.actor.util.CausalityInterfaceForComposites.checkForCycles(CausalityInterfaceForComposites.java:96)
	at ptolemy.domains.de.kernel.DEDirector.preinitialize(DEDirector.java:1338)
	at ptolemy.actor.CompositeActor.preinitialize(CompositeActor.java:1828)
	at ptolemy.actor.Manager.preinitializeAndResolveTypes(Manager.java:1040)
	at ptolemy.actor.Manager.initialize(Manager.java:710)
	at ptolemy.actor.Manager.execute(Manager.java:356)
	at ptolemy.actor.Manager.run(Manager.java:1263)
	at ptolemy.actor.Manager$PtolemyRunThread.run(Manager.java:1933)
java.lang.RuntimeException: Execution failed
	at ptolemy.moml.MoMLSimpleApplication$UnloadThread.run(MoMLSimpleApplication.java:402)
Caused by: ptolemy.kernel.util.IllegalActionException: Found a zero delay loop containing .dependencyLoop.original
  in .dependencyLoop and .dependencyLoop.original
	at ptolemy.actor.util.CausalityInterfaceForComposites._computeOutputPortDepth(CausalityInterfaceForComposites.java:759)
	at ptolemy.actor.util.CausalityInterfaceForComposites._computeInputDepth(CausalityInterfaceForComposites.java:696)
	at ptolemy.actor.util.CausalityInterfaceForComposites._computeOutputPortDepth(CausalityInterfaceForComposites.java:765)
	at ptolemy.actor.util.CausalityInterfaceForComposites._computeInputDepth(CausalityInterfaceForComposites.java:696)
	at ptolemy.actor.util.CausalityInterfaceForComposites._computeOutputPortDepth(CausalityInterfaceForComposites.java:765)
	at ptolemy.actor.util.CausalityInterfaceForComposites._computeInputDepth(CausalityInterfaceForComposites.java:696)
	at ptolemy.actor.util.CausalityInterfaceForComposites._computeActorDepth(CausalityInterfaceForComposites.java:532)
	at ptolemy.actor.util.CausalityInterfaceForComposites.checkForCycles(CausalityInterfaceForComposites.java:96)
	at ptolemy.domains.de.kernel.DEDirector.preinitialize(DEDirector.java:1338)
	at ptolemy.actor.CompositeActor.preinitialize(CompositeActor.java:1828)
	at ptolemy.actor.Manager.preinitializeAndResolveTypes(Manager.java:1040)
	at ptolemy.actor.Manager.initialize(Manager.java:710)
	at ptolemy.actor.Manager.execute(Manager.java:356)
	at ptolemy.actor.Manager.run(Manager.java:1263)
	at ptolemy.actor.Manager$PtolemyRunThread.run(Manager.java:1933)
java.lang.reflect.InvocationTargetException
	at java.base/jdk.internal.reflect.NativeConstructorAccessorImpl.newInstance0(Native Method)
	at java.base/jdk.internal.reflect.NativeConstructorAccessorImpl.newInstance(NativeConstructorAccessorImpl.java:62)
	at java.base/jdk.internal.reflect.DelegatingConstructorAccessorImpl.newInstance(DelegatingConstructorAccessorImpl.java:45)
	at java.base/java.lang.reflect.Constructor.newInstance(Constructor.java:490)
	at ptolemy.util.test.junit.AutoKnownFailedTests.RunModel(AutoKnownFailedTests.java:105)
	at java.base/jdk.internal.reflect.NativeMethodAccessorImpl.invoke0(Native Method)
	at java.base/jdk.internal.reflect.NativeMethodAccessorImpl.invoke(NativeMethodAccessorImpl.java:62)
	at java.base/jdk.internal.reflect.DelegatingMethodAccessorImpl.invoke(DelegatingMethodAccessorImpl.java:43)
	at java.base/java.lang.reflect.Method.invoke(Method.java:566)
	at org.junit.runners.model.FrameworkMethod$1.runReflectiveCall(FrameworkMethod.java:44)
	at org.junit.internal.runners.model.ReflectiveCallable.run(ReflectiveCallable.java:15)
	at org.junit.runners.model.FrameworkMethod.invokeExplosively(FrameworkMethod.java:41)
	at junitparams.internal.InvokeParameterisedMethod.evaluate(InvokeParameterisedMethod.java:102)
	at org.junit.internal.runners.statements.FailOnTimeout$1.run(FailOnTimeout.java:28)
Caused by: ptolemy.kernel.util.IllegalActionException: Found a zero delay loop containing .dependencyLoop.original
  in .dependencyLoop and .dependencyLoop.original
	at ptolemy.actor.util.CausalityInterfaceForComposites._computeOutputPortDepth(CausalityInterfaceForComposites.java:759)
	at ptolemy.actor.util.CausalityInterfaceForComposites._computeInputDepth(CausalityInterfaceForComposites.java:696)
	at ptolemy.actor.util.CausalityInterfaceForComposites._computeOutputPortDepth(CausalityInterfaceForComposites.java:765)
	at ptolemy.actor.util.CausalityInterfaceForComposites._computeInputDepth(CausalityInterfaceForComposites.java:696)
	at ptolemy.actor.util.CausalityInterfaceForComposites._computeOutputPortDepth(CausalityInterfaceForComposites.java:765)
	at ptolemy.actor.util.CausalityInterfaceForComposites._computeInputDepth(CausalityInterfaceForComposites.java:696)
	at ptolemy.actor.util.CausalityInterfaceForComposites._computeActorDepth(CausalityInterfaceForComposites.java:532)
	at ptolemy.actor.util.CausalityInterfaceForComposites.checkForCycles(CausalityInterfaceForComposites.java:96)
	at ptolemy.domains.de.kernel.DEDirector.preinitialize(DEDirector.java:1338)
	at ptolemy.actor.CompositeActor.preinitialize(CompositeActor.java:1828)
	at ptolemy.actor.Manager.preinitializeAndResolveTypes(Manager.java:1040)
	at ptolemy.actor.Manager.initialize(Manager.java:710)
	at ptolemy.actor.Manager.execute(Manager.java:356)
	at ptolemy.actor.Manager.run(Manager.java:1263)
	at ptolemy.actor.Manager$PtolemyRunThread.run(Manager.java:1933)
java.lang.RuntimeException: Execution failed
	at ptolemy.moml.MoMLSimpleApplication$UnloadThread.run(MoMLSimpleApplication.java:402)
Caused by: ptolemy.kernel.util.IllegalActionException: Found a zero delay loop containing .dependencyLoop2.original
  in .dependencyLoop2 and .dependencyLoop2.original
	at ptolemy.actor.util.CausalityInterfaceForComposites._computeOutputPortDepth(CausalityInterfaceForComposites.java:759)
	at ptolemy.actor.util.CausalityInterfaceForComposites._computeInputDepth(CausalityInterfaceForComposites.java:696)
	at ptolemy.actor.util.CausalityInterfaceForComposites._computeOutputPortDepth(CausalityInterfaceForComposites.java:765)
	at ptolemy.actor.util.CausalityInterfaceForComposites._computeInputDepth(CausalityInterfaceForComposites.java:696)
	at ptolemy.actor.util.CausalityInterfaceForComposites._computeOutputPortDepth(CausalityInterfaceForComposites.java:765)
	at ptolemy.actor.util.CausalityInterfaceForComposites._computeInputDepth(CausalityInterfaceForComposites.java:696)
	at ptolemy.actor.util.CausalityInterfaceForComposites._computeActorDepth(CausalityInterfaceForComposites.java:532)
	at ptolemy.actor.util.CausalityInterfaceForComposites.checkForCycles(CausalityInterfaceForComposites.java:96)
	at ptolemy.domains.de.kernel.DEDirector.preinitialize(DEDirector.java:1338)
	at ptolemy.actor.CompositeActor.preinitialize(CompositeActor.java:1828)
	at ptolemy.actor.Manager.preinitializeAndResolveTypes(Manager.java:1040)
	at ptolemy.actor.Manager.initialize(Manager.java:710)
	at ptolemy.actor.Manager.execute(Manager.java:356)
	at ptolemy.actor.Manager.run(Manager.java:1263)
	at ptolemy.actor.Manager$PtolemyRunThread.run(Manager.java:1933)
java.lang.reflect.InvocationTargetException
	at java.base/jdk.internal.reflect.NativeConstructorAccessorImpl.newInstance0(Native Method)
	at java.base/jdk.internal.reflect.NativeConstructorAccessorImpl.newInstance(NativeConstructorAccessorImpl.java:62)
	at java.base/jdk.internal.reflect.DelegatingConstructorAccessorImpl.newInstance(DelegatingConstructorAccessorImpl.java:45)
	at java.base/java.lang.reflect.Constructor.newInstance(Constructor.java:490)
	at ptolemy.util.test.junit.AutoKnownFailedTests.RunModel(AutoKnownFailedTests.java:105)
	at java.base/jdk.internal.reflect.NativeMethodAccessorImpl.invoke0(Native Method)
	at java.base/jdk.internal.reflect.NativeMethodAccessorImpl.invoke(NativeMethodAccessorImpl.java:62)
	at java.base/jdk.internal.reflect.DelegatingMethodAccessorImpl.invoke(DelegatingMethodAccessorImpl.java:43)
	at java.base/java.lang.reflect.Method.invoke(Method.java:566)
	at org.junit.runners.model.FrameworkMethod$1.runReflectiveCall(FrameworkMethod.java:44)
	at org.junit.internal.runners.model.ReflectiveCallable.run(ReflectiveCallable.java:15)
	at org.junit.runners.model.FrameworkMethod.invokeExplosively(FrameworkMethod.java:41)
	at junitparams.internal.InvokeParameterisedMethod.evaluate(InvokeParameterisedMethod.java:102)
	at org.junit.internal.runners.statements.FailOnTimeout$1.run(FailOnTimeout.java:28)
Caused by: ptolemy.kernel.util.IllegalActionException: Found a zero delay loop containing .dependencyLoop2.original
  in .dependencyLoop2 and .dependencyLoop2.original
	at ptolemy.actor.util.CausalityInterfaceForComposites._computeOutputPortDepth(CausalityInterfaceForComposites.java:759)
	at ptolemy.actor.util.CausalityInterfaceForComposites._computeInputDepth(CausalityInterfaceForComposites.java:696)
	at ptolemy.actor.util.CausalityInterfaceForComposites._computeOutputPortDepth(CausalityInterfaceForComposites.java:765)
	at ptolemy.actor.util.CausalityInterfaceForComposites._computeInputDepth(CausalityInterfaceForComposites.java:696)
	at ptolemy.actor.util.CausalityInterfaceForComposites._computeOutputPortDepth(CausalityInterfaceForComposites.java:765)
	at ptolemy.actor.util.CausalityInterfaceForComposites._computeInputDepth(CausalityInterfaceForComposites.java:696)
	at ptolemy.actor.util.CausalityInterfaceForComposites._computeActorDepth(CausalityInterfaceForComposites.java:532)
	at ptolemy.actor.util.CausalityInterfaceForComposites.checkForCycles(CausalityInterfaceForComposites.java:96)
	at ptolemy.domains.de.kernel.DEDirector.preinitialize(DEDirector.java:1338)
	at ptolemy.actor.CompositeActor.preinitialize(CompositeActor.java:1828)
	at ptolemy.actor.Manager.preinitializeAndResolveTypes(Manager.java:1040)
	at ptolemy.actor.Manager.initialize(Manager.java:710)
	at ptolemy.actor.Manager.execute(Manager.java:356)
	at ptolemy.actor.Manager.run(Manager.java:1263)
	at ptolemy.actor.Manager$PtolemyRunThread.run(Manager.java:1933)
]]></system-err>
</testsuite>
