<?xml version="1.0" encoding="UTF-8" ?>
<testsuite errors="0" failures="0" hostname="travis-job-c5ac20e3-832f-4570-ae31-e264f0ebf964" name="ptolemy.actor.lib.hoc.test.junit.JUnitTclTest" skipped="0" tests="58" time="33.612" timestamp="2019-09-18T05:46:22">
  <properties>
[...]
</properties>
  <testcase classname="ptolemy.util.test.junit.TclTests" name="[0] /home/travis/build/icyphy/ptII/ptolemy/actor/lib/hoc/test/IterateOverArray.tcl (RunTclFile)" time="0.26" />
  <testcase classname="ptolemy.util.test.junit.AutoKnownFailedTests" name="[0] /home/travis/build/icyphy/ptII/ptolemy/actor/lib/hoc/test/auto/knownFailedTests/PreinitializeMustBeInvokedRunComposite.xml (RunModel)" time="0.375" />
  <testcase classname="ptolemy.util.test.junit.AutoNameArchTests" name="[0] ThereAreNoAutoArchTests (RunModel)" time="0.009" />
  <testcase classname="ptolemy.util.test.junit.AutoTests" name="[0] /home/travis/build/icyphy/ptII/ptolemy/actor/lib/hoc/test/auto/AllToAllMultiInstanceComposite.xml (RunModel)" time="0.483" />
  <testcase classname="ptolemy.util.test.junit.AutoTests" name="[1] /home/travis/build/icyphy/ptII/ptolemy/actor/lib/hoc/test/auto/ApplyFFTTest.xml (RunModel)" time="0.396" />
  <testcase classname="ptolemy.util.test.junit.AutoTests" name="[2] /home/travis/build/icyphy/ptII/ptolemy/actor/lib/hoc/test/auto/ApplyFunction.xml (RunModel)" time="0.062" />
  <testcase classname="ptolemy.util.test.junit.AutoTests" name="[3] /home/travis/build/icyphy/ptII/ptolemy/actor/lib/hoc/test/auto/BackgroundExecution.xml (RunModel)" time="0.748" />
  <testcase classname="ptolemy.util.test.junit.AutoTests" name="[4] /home/travis/build/icyphy/ptII/ptolemy/actor/lib/hoc/test/auto/Case.xml (RunModel)" time="0.063" />
  <testcase classname="ptolemy.util.test.junit.AutoTests" name="[5] /home/travis/build/icyphy/ptII/ptolemy/actor/lib/hoc/test/auto/Case1.xml (RunModel)" time="0.04" />
  <testcase classname="ptolemy.util.test.junit.AutoTests" name="[6] /home/travis/build/icyphy/ptII/ptolemy/actor/lib/hoc/test/auto/Case2.xml (RunModel)" time="0.077" />
  <testcase classname="ptolemy.util.test.junit.AutoTests" name="[7] /home/travis/build/icyphy/ptII/ptolemy/actor/lib/hoc/test/auto/Case3.xml (RunModel)" time="0.035" />
  <testcase classname="ptolemy.util.test.junit.AutoTests" name="[8] /home/travis/build/icyphy/ptII/ptolemy/actor/lib/hoc/test/auto/Case4.xml (RunModel)" time="0.072" />
  <testcase classname="ptolemy.util.test.junit.AutoTests" name="[9] /home/travis/build/icyphy/ptII/ptolemy/actor/lib/hoc/test/auto/Case5.xml (RunModel)" time="0.088" />
  <testcase classname="ptolemy.util.test.junit.AutoTests" name="[10] /home/travis/build/icyphy/ptII/ptolemy/actor/lib/hoc/test/auto/Case6.xml (RunModel)" time="0.152" />
  <testcase classname="ptolemy.util.test.junit.AutoTests" name="[11] /home/travis/build/icyphy/ptII/ptolemy/actor/lib/hoc/test/auto/CaseString2.xml (RunModel)" time="0.042" />
  <testcase classname="ptolemy.util.test.junit.AutoTests" name="[12] /home/travis/build/icyphy/ptII/ptolemy/actor/lib/hoc/test/auto/CatchUpComposite1.xml (RunModel)" time="0.088" />
  <testcase classname="ptolemy.util.test.junit.AutoTests" name="[13] /home/travis/build/icyphy/ptII/ptolemy/actor/lib/hoc/test/auto/CatchUpComposite2.xml (RunModel)" time="0.093" />
  <testcase classname="ptolemy.util.test.junit.AutoTests" name="[14] /home/travis/build/icyphy/ptII/ptolemy/actor/lib/hoc/test/auto/CatchUpComposite3.xml (RunModel)" time="0.054" />
  <testcase classname="ptolemy.util.test.junit.AutoTests" name="[15] /home/travis/build/icyphy/ptII/ptolemy/actor/lib/hoc/test/auto/CatchUpComposite4.xml (RunModel)" time="0.087" />
  <testcase classname="ptolemy.util.test.junit.AutoTests" name="[16] /home/travis/build/icyphy/ptII/ptolemy/actor/lib/hoc/test/auto/CatchUpComposite5.xml (RunModel)" time="0.048" />
  <testcase classname="ptolemy.util.test.junit.AutoTests" name="[17] /home/travis/build/icyphy/ptII/ptolemy/actor/lib/hoc/test/auto/CatchUpComposite6.xml (RunModel)" time="0.146" />
  <testcase classname="ptolemy.util.test.junit.AutoTests" name="[18] /home/travis/build/icyphy/ptII/ptolemy/actor/lib/hoc/test/auto/CatchUpComposite7.xml (RunModel)" time="0.075" />
  <testcase classname="ptolemy.util.test.junit.AutoTests" name="[19] /home/travis/build/icyphy/ptII/ptolemy/actor/lib/hoc/test/auto/ConcurrentExecutionTimeSDF.xml (RunModel)" time="1.503" />
  <testcase classname="ptolemy.util.test.junit.AutoTests" name="[20] /home/travis/build/icyphy/ptII/ptolemy/actor/lib/hoc/test/auto/ConcurrentSleep.xml (RunModel)" time="0.766" />
  <testcase classname="ptolemy.util.test.junit.AutoTests" name="[21] /home/travis/build/icyphy/ptII/ptolemy/actor/lib/hoc/test/auto/DEInPNInRunCompositeActor.xml (RunModel)" time="0.058" />
  <testcase classname="ptolemy.util.test.junit.AutoTests" name="[22] /home/travis/build/icyphy/ptII/ptolemy/actor/lib/hoc/test/auto/DFTSubSetTest.xml (RunModel)" time="0.356" />
  <testcase classname="ptolemy.util.test.junit.AutoTests" name="[23] /home/travis/build/icyphy/ptII/ptolemy/actor/lib/hoc/test/auto/HocDE.xml (RunModel)" time="0.171" />
  <testcase classname="ptolemy.util.test.junit.AutoTests" name="[24] /home/travis/build/icyphy/ptII/ptolemy/actor/lib/hoc/test/auto/IterateOverArray.xml (RunModel)" time="0.036" />
  <testcase classname="ptolemy.util.test.junit.AutoTests" name="[25] /home/travis/build/icyphy/ptII/ptolemy/actor/lib/hoc/test/auto/IterateOverArray10.xml (RunModel)" time="0.016" />
  <testcase classname="ptolemy.util.test.junit.AutoTests" name="[26] /home/travis/build/icyphy/ptII/ptolemy/actor/lib/hoc/test/auto/IterateOverArray11.xml (RunModel)" time="0.026" />
  <testcase classname="ptolemy.util.test.junit.AutoTests" name="[27] /home/travis/build/icyphy/ptII/ptolemy/actor/lib/hoc/test/auto/IterateOverArray12.xml (RunModel)" time="0.037" />
  <testcase classname="ptolemy.util.test.junit.AutoTests" name="[28] /home/travis/build/icyphy/ptII/ptolemy/actor/lib/hoc/test/auto/IterateOverArray13.xml (RunModel)" time="0.151" />
  <testcase classname="ptolemy.util.test.junit.AutoTests" name="[29] /home/travis/build/icyphy/ptII/ptolemy/actor/lib/hoc/test/auto/IterateOverArray14.xml (RunModel)" time="0.155" />
  <testcase classname="ptolemy.util.test.junit.AutoTests" name="[30] /home/travis/build/icyphy/ptII/ptolemy/actor/lib/hoc/test/auto/IterateOverArray2.xml (RunModel)" time="0.032" />
  <testcase classname="ptolemy.util.test.junit.AutoTests" name="[31] /home/travis/build/icyphy/ptII/ptolemy/actor/lib/hoc/test/auto/IterateOverArray3.xml (RunModel)" time="0.05" />
  <testcase classname="ptolemy.util.test.junit.AutoTests" name="[32] /home/travis/build/icyphy/ptII/ptolemy/actor/lib/hoc/test/auto/IterateOverArray4.xml (RunModel)" time="0.028" />
  <testcase classname="ptolemy.util.test.junit.AutoTests" name="[33] /home/travis/build/icyphy/ptII/ptolemy/actor/lib/hoc/test/auto/IterateOverArray5.xml (RunModel)" time="0.023" />
  <testcase classname="ptolemy.util.test.junit.AutoTests" name="[34] /home/travis/build/icyphy/ptII/ptolemy/actor/lib/hoc/test/auto/IterateOverArray6.xml (RunModel)" time="0.02" />
  <testcase classname="ptolemy.util.test.junit.AutoTests" name="[35] /home/travis/build/icyphy/ptII/ptolemy/actor/lib/hoc/test/auto/IterateOverArray7.xml (RunModel)" time="0.029" />
  <testcase classname="ptolemy.util.test.junit.AutoTests" name="[36] /home/travis/build/icyphy/ptII/ptolemy/actor/lib/hoc/test/auto/IterateOverArray8.xml (RunModel)" time="0.024" />
  <testcase classname="ptolemy.util.test.junit.AutoTests" name="[37] /home/travis/build/icyphy/ptII/ptolemy/actor/lib/hoc/test/auto/IterateOverArray9.xml (RunModel)" time="0.023" />
  <testcase classname="ptolemy.util.test.junit.AutoTests" name="[38] /home/travis/build/icyphy/ptII/ptolemy/actor/lib/hoc/test/auto/IterateOverArrayCoercedOutputType.xml (RunModel)" time="0.044" />
  <testcase classname="ptolemy.util.test.junit.AutoTests" name="[39] /home/travis/build/icyphy/ptII/ptolemy/actor/lib/hoc/test/auto/IterateOverArrayInferredOutputType.xml (RunModel)" time="0.044" />
  <testcase classname="ptolemy.util.test.junit.AutoTests" name="[40] /home/travis/build/icyphy/ptII/ptolemy/actor/lib/hoc/test/auto/MobileFunctionTest.xml (RunModel)" time="0.022" />
  <testcase classname="ptolemy.util.test.junit.AutoTests" name="[41] /home/travis/build/icyphy/ptII/ptolemy/actor/lib/hoc/test/auto/MobileModelTest.xml (RunModel)" time="0.218" />
  <testcase classname="ptolemy.util.test.junit.AutoTests" name="[42] /home/travis/build/icyphy/ptII/ptolemy/actor/lib/hoc/test/auto/ModelReference.xml (RunModel)" time="0.079" />
  <testcase classname="ptolemy.util.test.junit.AutoTests" name="[43] /home/travis/build/icyphy/ptII/ptolemy/actor/lib/hoc/test/auto/ModelReference3.xml (RunModel)" time="0.042" />
  <testcase classname="ptolemy.util.test.junit.AutoTests" name="[44] /home/travis/build/icyphy/ptII/ptolemy/actor/lib/hoc/test/auto/ModelReference4.xml (RunModel)" time="10.042" />
  <testcase classname="ptolemy.util.test.junit.AutoTests" name="[45] /home/travis/build/icyphy/ptII/ptolemy/actor/lib/hoc/test/auto/MultiInstanceComposite.xml (RunModel)" time="0.057" />
  <testcase classname="ptolemy.util.test.junit.AutoTests" name="[46] /home/travis/build/icyphy/ptII/ptolemy/actor/lib/hoc/test/auto/MultiInstanceComposite2.xml (RunModel)" time="0.031" />
  <testcase classname="ptolemy.util.test.junit.AutoTests" name="[47] /home/travis/build/icyphy/ptII/ptolemy/actor/lib/hoc/test/auto/MulticoreExecution.xml (RunModel)" time="1.071" />
  <testcase classname="ptolemy.util.test.junit.AutoTests" name="[48] /home/travis/build/icyphy/ptII/ptolemy/actor/lib/hoc/test/auto/ParallelExecution.xml (RunModel)" time="0.944" />
  <testcase classname="ptolemy.util.test.junit.AutoTests" name="[49] /home/travis/build/icyphy/ptII/ptolemy/actor/lib/hoc/test/auto/RunCompositeActor.xml (RunModel)" time="0.035" />
  <testcase classname="ptolemy.util.test.junit.AutoTests" name="[50] /home/travis/build/icyphy/ptII/ptolemy/actor/lib/hoc/test/auto/RunCompositeActor2.xml (RunModel)" time="0.046" />
  <testcase classname="ptolemy.util.test.junit.AutoTests" name="[51] /home/travis/build/icyphy/ptII/ptolemy/actor/lib/hoc/test/auto/RunCompositeActor3.xml (RunModel)" time="0.029" />
  <testcase classname="ptolemy.util.test.junit.AutoTests" name="[52] /home/travis/build/icyphy/ptII/ptolemy/actor/lib/hoc/test/auto/RunCompositeActor4.xml (RunModel)" time="0.041" />
  <testcase classname="ptolemy.util.test.junit.AutoTests" name="[53] /home/travis/build/icyphy/ptII/ptolemy/actor/lib/hoc/test/auto/RunCompositeIterateOverArray.xml (RunModel)" time="0.024" />
  <testcase classname="ptolemy.util.test.junit.AutoTests" name="[54] /home/travis/build/icyphy/ptII/ptolemy/actor/lib/hoc/test/auto/ThreadedJS.xml (RunModel)" time="13.135" />
  <system-out><![CDATA[/home/travis/build/icyphy/ptII/ptolemy/actor/lib/hoc/test/IterateOverArray.tcl
testDefs.tcl: setting time out to 9000 seconds at Wed Sep 18 05:46:22 UTC 2019
09/18/19 05:46:22
Failed: 0  Total Tests: 2  ((Passed: 2, Newly Passed: 0)  Known Failed: 0) /home/travis/build/icyphy/ptII/ptolemy/actor/lib/hoc/test
----------------- testing (KnownFailure) /home/travis/build/icyphy/ptII/ptolemy/actor/lib/hoc/test/auto/knownFailedTests/PreinitializeMustBeInvokedRunComposite.xml
94 ms. Memory: 120832K Free: 80257K (66%)
Known Failure: java.lang.reflect.InvocationTargetException
No auto/linux-amd64/*.xml tests in /home/travis/build/icyphy/ptII/ptolemy/actor/lib/hoc/test
AutoTests.java: About to close Vertx.
AutoTests.java: Vertx closed.

===========================================================================================
----------------- testing Wed Sep 18 05:46:23 UTC 2019 /home/travis/build/icyphy/ptII/ptolemy/actor/lib/hoc/test/auto/AllToAllMultiInstanceComposite.xml
----------------- Instantiating /home/travis/build/icyphy/ptII/ptolemy/actor/lib/hoc/test/auto/AllToAllMultiInstanceComposite.xml
207 ms. Memory: 120832K Free: 88970K (74%)
----------------- Invoking toplevel() on ptolemy.moml.MoMLSimpleApplication@1c7157f6
----------------- Done invoking toplevel() on ptolemy.moml.MoMLSimpleApplication@1c7157f6
reloadAllAccessors: .AllToAllMultiInstanceComposite

===========================================================================================
----------------- testing Wed Sep 18 05:46:24 UTC 2019 /home/travis/build/icyphy/ptII/ptolemy/actor/lib/hoc/test/auto/ApplyFFTTest.xml
----------------- Instantiating /home/travis/build/icyphy/ptII/ptolemy/actor/lib/hoc/test/auto/ApplyFFTTest.xml
111 ms. Memory: 120832K Free: 92176K (76%)
----------------- Invoking toplevel() on ptolemy.moml.MoMLSimpleApplication@5d1da2e0
----------------- Done invoking toplevel() on ptolemy.moml.MoMLSimpleApplication@5d1da2e0
reloadAllAccessors: .ApplyFFTTest

===========================================================================================
----------------- testing Wed Sep 18 05:46:24 UTC 2019 /home/travis/build/icyphy/ptII/ptolemy/actor/lib/hoc/test/auto/ApplyFunction.xml
----------------- Instantiating /home/travis/build/icyphy/ptII/ptolemy/actor/lib/hoc/test/auto/ApplyFunction.xml
15 ms. Memory: 120832K Free: 88681K (73%)
----------------- Invoking toplevel() on ptolemy.moml.MoMLSimpleApplication@3383792f
----------------- Done invoking toplevel() on ptolemy.moml.MoMLSimpleApplication@3383792f
reloadAllAccessors: .ApplyFunction

===========================================================================================
----------------- testing Wed Sep 18 05:46:24 UTC 2019 /home/travis/build/icyphy/ptII/ptolemy/actor/lib/hoc/test/auto/BackgroundExecution.xml
----------------- Instantiating /home/travis/build/icyphy/ptII/ptolemy/actor/lib/hoc/test/auto/BackgroundExecution.xml
633 ms. Memory: 120832K Free: 81788K (68%)
----------------- Invoking toplevel() on ptolemy.moml.MoMLSimpleApplication@1b0eeb77
----------------- Done invoking toplevel() on ptolemy.moml.MoMLSimpleApplication@1b0eeb77
reloadAllAccessors: .BackgroundExecution

===========================================================================================
----------------- testing Wed Sep 18 05:46:25 UTC 2019 /home/travis/build/icyphy/ptII/ptolemy/actor/lib/hoc/test/auto/Case.xml
----------------- Instantiating /home/travis/build/icyphy/ptII/ptolemy/actor/lib/hoc/test/auto/Case.xml
24 ms. Memory: 120832K Free: 106786K (88%)
----------------- Invoking toplevel() on ptolemy.moml.MoMLSimpleApplication@4fe6d61a
----------------- Done invoking toplevel() on ptolemy.moml.MoMLSimpleApplication@4fe6d61a
reloadAllAccessors: .Case

===========================================================================================
----------------- testing Wed Sep 18 05:46:25 UTC 2019 /home/travis/build/icyphy/ptII/ptolemy/actor/lib/hoc/test/auto/Case1.xml
----------------- Instantiating /home/travis/build/icyphy/ptII/ptolemy/actor/lib/hoc/test/auto/Case1.xml
10 ms. Memory: 120832K Free: 100070K (83%)
----------------- Invoking toplevel() on ptolemy.moml.MoMLSimpleApplication@3546e35
----------------- Done invoking toplevel() on ptolemy.moml.MoMLSimpleApplication@3546e35
reloadAllAccessors: .Case1

===========================================================================================
----------------- testing Wed Sep 18 05:46:25 UTC 2019 /home/travis/build/icyphy/ptII/ptolemy/actor/lib/hoc/test/auto/Case2.xml
----------------- Instantiating /home/travis/build/icyphy/ptII/ptolemy/actor/lib/hoc/test/auto/Case2.xml
27 ms. Memory: 120832K Free: 90061K (75%)
----------------- Invoking toplevel() on ptolemy.moml.MoMLSimpleApplication@397b1450
----------------- Done invoking toplevel() on ptolemy.moml.MoMLSimpleApplication@397b1450
reloadAllAccessors: .Case2

===========================================================================================
----------------- testing Wed Sep 18 05:46:25 UTC 2019 /home/travis/build/icyphy/ptII/ptolemy/actor/lib/hoc/test/auto/Case3.xml
----------------- Instantiating /home/travis/build/icyphy/ptII/ptolemy/actor/lib/hoc/test/auto/Case3.xml
13 ms. Memory: 120832K Free: 83955K (69%)
----------------- Invoking toplevel() on ptolemy.moml.MoMLSimpleApplication@69a3217
----------------- Done invoking toplevel() on ptolemy.moml.MoMLSimpleApplication@69a3217
reloadAllAccessors: .Case3

===========================================================================================
----------------- testing Wed Sep 18 05:46:25 UTC 2019 /home/travis/build/icyphy/ptII/ptolemy/actor/lib/hoc/test/auto/Case4.xml
----------------- Instantiating /home/travis/build/icyphy/ptII/ptolemy/actor/lib/hoc/test/auto/Case4.xml
23 ms. Memory: 120832K Free: 76223K (63%)
----------------- Invoking toplevel() on ptolemy.moml.MoMLSimpleApplication@64cd186
----------------- Done invoking toplevel() on ptolemy.moml.MoMLSimpleApplication@64cd186
reloadAllAccessors: .Case4

===========================================================================================
----------------- testing Wed Sep 18 05:46:25 UTC 2019 /home/travis/build/icyphy/ptII/ptolemy/actor/lib/hoc/test/auto/Case5.xml
----------------- Instantiating /home/travis/build/icyphy/ptII/ptolemy/actor/lib/hoc/test/auto/Case5.xml
53 ms. Memory: 120832K Free: 69849K (58%)
----------------- Invoking toplevel() on ptolemy.moml.MoMLSimpleApplication@30453a41
----------------- Done invoking toplevel() on ptolemy.moml.MoMLSimpleApplication@30453a41
reloadAllAccessors: .junk

===========================================================================================
----------------- testing Wed Sep 18 05:46:25 UTC 2019 /home/travis/build/icyphy/ptII/ptolemy/actor/lib/hoc/test/auto/Case6.xml
----------------- Instantiating /home/travis/build/icyphy/ptII/ptolemy/actor/lib/hoc/test/auto/Case6.xml
66 ms. Memory: 120832K Free: 104393K (86%)
----------------- Invoking toplevel() on ptolemy.moml.MoMLSimpleApplication@2163b259
----------------- Done invoking toplevel() on ptolemy.moml.MoMLSimpleApplication@2163b259
reloadAllAccessors: .Case6

===========================================================================================
----------------- testing Wed Sep 18 05:46:25 UTC 2019 /home/travis/build/icyphy/ptII/ptolemy/actor/lib/hoc/test/auto/CaseString2.xml
----------------- Instantiating /home/travis/build/icyphy/ptII/ptolemy/actor/lib/hoc/test/auto/CaseString2.xml
18 ms. Memory: 120832K Free: 96625K (80%)
----------------- Invoking toplevel() on ptolemy.moml.MoMLSimpleApplication@4d10610e
----------------- Done invoking toplevel() on ptolemy.moml.MoMLSimpleApplication@4d10610e
reloadAllAccessors: .CaseString2

===========================================================================================
----------------- testing Wed Sep 18 05:46:25 UTC 2019 /home/travis/build/icyphy/ptII/ptolemy/actor/lib/hoc/test/auto/CatchUpComposite1.xml
----------------- Instantiating /home/travis/build/icyphy/ptII/ptolemy/actor/lib/hoc/test/auto/CatchUpComposite1.xml
37 ms. Memory: 120832K Free: 87890K (73%)
----------------- Invoking toplevel() on ptolemy.moml.MoMLSimpleApplication@6f478205
----------------- Done invoking toplevel() on ptolemy.moml.MoMLSimpleApplication@6f478205
reloadAllAccessors: .CatchUpComposite1

===========================================================================================
----------------- testing Wed Sep 18 05:46:26 UTC 2019 /home/travis/build/icyphy/ptII/ptolemy/actor/lib/hoc/test/auto/CatchUpComposite2.xml
----------------- Instantiating /home/travis/build/icyphy/ptII/ptolemy/actor/lib/hoc/test/auto/CatchUpComposite2.xml
17 ms. Memory: 120832K Free: 79490K (66%)
----------------- Invoking toplevel() on ptolemy.moml.MoMLSimpleApplication@48bc47b3
----------------- Done invoking toplevel() on ptolemy.moml.MoMLSimpleApplication@48bc47b3
reloadAllAccessors: .CatchUpComposite2

===========================================================================================
----------------- testing Wed Sep 18 05:46:26 UTC 2019 /home/travis/build/icyphy/ptII/ptolemy/actor/lib/hoc/test/auto/CatchUpComposite3.xml
----------------- Instantiating /home/travis/build/icyphy/ptII/ptolemy/actor/lib/hoc/test/auto/CatchUpComposite3.xml
17 ms. Memory: 120832K Free: 70751K (59%)
----------------- Invoking toplevel() on ptolemy.moml.MoMLSimpleApplication@23df0c8e
----------------- Done invoking toplevel() on ptolemy.moml.MoMLSimpleApplication@23df0c8e
reloadAllAccessors: .CatchUpComposite3

===========================================================================================
----------------- testing Wed Sep 18 05:46:26 UTC 2019 /home/travis/build/icyphy/ptII/ptolemy/actor/lib/hoc/test/auto/CatchUpComposite4.xml
----------------- Instantiating /home/travis/build/icyphy/ptII/ptolemy/actor/lib/hoc/test/auto/CatchUpComposite4.xml
29 ms. Memory: 120832K Free: 62833K (52%)
----------------- Invoking toplevel() on ptolemy.moml.MoMLSimpleApplication@4eb5a485
----------------- Done invoking toplevel() on ptolemy.moml.MoMLSimpleApplication@4eb5a485
reloadAllAccessors: .CatchUpComposite4

===========================================================================================
----------------- testing Wed Sep 18 05:46:26 UTC 2019 /home/travis/build/icyphy/ptII/ptolemy/actor/lib/hoc/test/auto/CatchUpComposite5.xml
----------------- Instantiating /home/travis/build/icyphy/ptII/ptolemy/actor/lib/hoc/test/auto/CatchUpComposite5.xml
11 ms. Memory: 120832K Free: 55378K (46%)
----------------- Invoking toplevel() on ptolemy.moml.MoMLSimpleApplication@7fa598d
----------------- Done invoking toplevel() on ptolemy.moml.MoMLSimpleApplication@7fa598d
reloadAllAccessors: .CatchUpComposite5

===========================================================================================
----------------- testing Wed Sep 18 05:46:26 UTC 2019 /home/travis/build/icyphy/ptII/ptolemy/actor/lib/hoc/test/auto/CatchUpComposite6.xml
----------------- Instantiating /home/travis/build/icyphy/ptII/ptolemy/actor/lib/hoc/test/auto/CatchUpComposite6.xml
WARNING: The execution aspects in this model can influence the timing of actors by delaying the 
execution, potentially changing the behavior. There is no guarantee that actors fire at the 
time they request to be fired. 
Use Ptides for deterministic DE behavior that is not influenced by execution aspects. 

54 ms. Memory: 120832K Free: 94805K (78%)
----------------- Invoking toplevel() on ptolemy.moml.MoMLSimpleApplication@7ddab9b0
----------------- Done invoking toplevel() on ptolemy.moml.MoMLSimpleApplication@7ddab9b0
reloadAllAccessors: .CatchUpComposite6

===========================================================================================
----------------- testing Wed Sep 18 05:46:26 UTC 2019 /home/travis/build/icyphy/ptII/ptolemy/actor/lib/hoc/test/auto/CatchUpComposite7.xml
----------------- Instantiating /home/travis/build/icyphy/ptII/ptolemy/actor/lib/hoc/test/auto/CatchUpComposite7.xml
WARNING: The execution aspects in this model can influence the timing of actors by delaying the 
execution, potentially changing the behavior. There is no guarantee that actors fire at the 
time they request to be fired. 
Use Ptides for deterministic DE behavior that is not influenced by execution aspects. 

25 ms. Memory: 120832K Free: 81063K (67%)
----------------- Invoking toplevel() on ptolemy.moml.MoMLSimpleApplication@2a9a5233
----------------- Done invoking toplevel() on ptolemy.moml.MoMLSimpleApplication@2a9a5233
reloadAllAccessors: .CatchUpComposite7

===========================================================================================
----------------- testing Wed Sep 18 05:46:26 UTC 2019 /home/travis/build/icyphy/ptII/ptolemy/actor/lib/hoc/test/auto/ConcurrentExecutionTimeSDF.xml
----------------- Instantiating /home/travis/build/icyphy/ptII/ptolemy/actor/lib/hoc/test/auto/ConcurrentExecutionTimeSDF.xml
Fired ExecutionTime: 40400000
Fired ExecutionTime: 40400000
Fired ExecutionTime: 40400000
Fired ExecutionTime: 40400000
Fired ExecutionTime: 40400000
Fired ExecutionTime: 40400000
Fired ExecutionTime: 40400000
Fired ExecutionTime: 40400000
Fired ExecutionTime: 40400000
Fired ExecutionTime: 40400000
Fired ExecutionTime: 40400000
Fired ExecutionTime: 40400000
Fired ExecutionTime: 40400000
Fired ExecutionTime: 40400000
Fired ExecutionTime: 40400000
Fired ExecutionTime: 40400000
Fired ExecutionTime: 40400000
Fired ExecutionTime: 40400000
Fired ExecutionTime: 40400000
Fired ExecutionTime: 40400000
1482 ms. Memory: 120832K Free: 74622K (62%)
----------------- Invoking toplevel() on ptolemy.moml.MoMLSimpleApplication@70e2bea4
----------------- Done invoking toplevel() on ptolemy.moml.MoMLSimpleApplication@70e2bea4
reloadAllAccessors: .ConcurrentExecutionTimeSDF

===========================================================================================
----------------- testing Wed Sep 18 05:46:28 UTC 2019 /home/travis/build/icyphy/ptII/ptolemy/actor/lib/hoc/test/auto/ConcurrentSleep.xml
----------------- Instantiating /home/travis/build/icyphy/ptII/ptolemy/actor/lib/hoc/test/auto/ConcurrentSleep.xml
733 ms. Memory: 120832K Free: 64382K (53%)
----------------- Invoking toplevel() on ptolemy.moml.MoMLSimpleApplication@45948109
----------------- Done invoking toplevel() on ptolemy.moml.MoMLSimpleApplication@45948109
reloadAllAccessors: .ConcurrentSleep

===========================================================================================
----------------- testing Wed Sep 18 05:46:28 UTC 2019 /home/travis/build/icyphy/ptII/ptolemy/actor/lib/hoc/test/auto/DEInPNInRunCompositeActor.xml
----------------- Instantiating /home/travis/build/icyphy/ptII/ptolemy/actor/lib/hoc/test/auto/DEInPNInRunCompositeActor.xml
11 ms. Memory: 120832K Free: 59261K (49%)
----------------- Invoking toplevel() on ptolemy.moml.MoMLSimpleApplication@72d6212b
----------------- Done invoking toplevel() on ptolemy.moml.MoMLSimpleApplication@72d6212b
reloadAllAccessors: .DEInPNInRunCompositeActor

===========================================================================================
----------------- testing Wed Sep 18 05:46:28 UTC 2019 /home/travis/build/icyphy/ptII/ptolemy/actor/lib/hoc/test/auto/DFTSubSetTest.xml
----------------- Instantiating /home/travis/build/icyphy/ptII/ptolemy/actor/lib/hoc/test/auto/DFTSubSetTest.xml
238 ms. Memory: 147456K Free: 102068K (69%)
----------------- Invoking toplevel() on ptolemy.moml.MoMLSimpleApplication@4f398a84
----------------- Done invoking toplevel() on ptolemy.moml.MoMLSimpleApplication@4f398a84
reloadAllAccessors: .DFTSubSetTest

===========================================================================================
----------------- testing Wed Sep 18 05:46:29 UTC 2019 /home/travis/build/icyphy/ptII/ptolemy/actor/lib/hoc/test/auto/HocDE.xml
----------------- Instantiating /home/travis/build/icyphy/ptII/ptolemy/actor/lib/hoc/test/auto/HocDE.xml
117 ms. Memory: 147456K Free: 77021K (52%)
----------------- Invoking toplevel() on ptolemy.moml.MoMLSimpleApplication@476eb5ce
----------------- Done invoking toplevel() on ptolemy.moml.MoMLSimpleApplication@476eb5ce
reloadAllAccessors: .HocDE

===========================================================================================
----------------- testing Wed Sep 18 05:46:29 UTC 2019 /home/travis/build/icyphy/ptII/ptolemy/actor/lib/hoc/test/auto/IterateOverArray.xml
----------------- Instantiating /home/travis/build/icyphy/ptII/ptolemy/actor/lib/hoc/test/auto/IterateOverArray.xml
5 ms. Memory: 147456K Free: 72887K (49%)
----------------- Invoking toplevel() on ptolemy.moml.MoMLSimpleApplication@341e5ba0
----------------- Done invoking toplevel() on ptolemy.moml.MoMLSimpleApplication@341e5ba0
reloadAllAccessors: .IterateOverArray

===========================================================================================
----------------- testing Wed Sep 18 05:46:29 UTC 2019 /home/travis/build/icyphy/ptII/ptolemy/actor/lib/hoc/test/auto/IterateOverArray10.xml
----------------- Instantiating /home/travis/build/icyphy/ptII/ptolemy/actor/lib/hoc/test/auto/IterateOverArray10.xml
3 ms. Memory: 147456K Free: 69839K (47%)
----------------- Invoking toplevel() on ptolemy.moml.MoMLSimpleApplication@788d2560
----------------- Done invoking toplevel() on ptolemy.moml.MoMLSimpleApplication@788d2560
reloadAllAccessors: .IterateOverArray10

===========================================================================================
----------------- testing Wed Sep 18 05:46:29 UTC 2019 /home/travis/build/icyphy/ptII/ptolemy/actor/lib/hoc/test/auto/IterateOverArray11.xml
----------------- Instantiating /home/travis/build/icyphy/ptII/ptolemy/actor/lib/hoc/test/auto/IterateOverArray11.xml
3 ms. Memory: 147456K Free: 65735K (45%)
----------------- Invoking toplevel() on ptolemy.moml.MoMLSimpleApplication@28fd4298
----------------- Done invoking toplevel() on ptolemy.moml.MoMLSimpleApplication@28fd4298
reloadAllAccessors: .IterateOverArray11

===========================================================================================
----------------- testing Wed Sep 18 05:46:29 UTC 2019 /home/travis/build/icyphy/ptII/ptolemy/actor/lib/hoc/test/auto/IterateOverArray12.xml
----------------- Instantiating /home/travis/build/icyphy/ptII/ptolemy/actor/lib/hoc/test/auto/IterateOverArray12.xml
10 ms. Memory: 147456K Free: 130951K (89%)
----------------- Invoking toplevel() on ptolemy.moml.MoMLSimpleApplication@2f83c73f
----------------- Done invoking toplevel() on ptolemy.moml.MoMLSimpleApplication@2f83c73f
reloadAllAccessors: .IterateOverArray12

===========================================================================================
----------------- testing Wed Sep 18 05:46:29 UTC 2019 /home/travis/build/icyphy/ptII/ptolemy/actor/lib/hoc/test/auto/IterateOverArray13.xml
----------------- Instantiating /home/travis/build/icyphy/ptII/ptolemy/actor/lib/hoc/test/auto/IterateOverArray13.xml
81 ms. Memory: 147456K Free: 100745K (68%)
----------------- Invoking toplevel() on ptolemy.moml.MoMLSimpleApplication@121dd47
----------------- Done invoking toplevel() on ptolemy.moml.MoMLSimpleApplication@121dd47
reloadAllAccessors: .IterateOverArray13

===========================================================================================
----------------- testing Wed Sep 18 05:46:29 UTC 2019 /home/travis/build/icyphy/ptII/ptolemy/actor/lib/hoc/test/auto/IterateOverArray14.xml
----------------- Instantiating /home/travis/build/icyphy/ptII/ptolemy/actor/lib/hoc/test/auto/IterateOverArray14.xml
67 ms. Memory: 147456K Free: 67463K (46%)
----------------- Invoking toplevel() on ptolemy.moml.MoMLSimpleApplication@54d334af
----------------- Done invoking toplevel() on ptolemy.moml.MoMLSimpleApplication@54d334af
reloadAllAccessors: .IterateOverArray14

===========================================================================================
----------------- testing Wed Sep 18 05:46:29 UTC 2019 /home/travis/build/icyphy/ptII/ptolemy/actor/lib/hoc/test/auto/IterateOverArray2.xml
----------------- Instantiating /home/travis/build/icyphy/ptII/ptolemy/actor/lib/hoc/test/auto/IterateOverArray2.xml
9 ms. Memory: 147456K Free: 62857K (43%)
----------------- Invoking toplevel() on ptolemy.moml.MoMLSimpleApplication@15178322
----------------- Done invoking toplevel() on ptolemy.moml.MoMLSimpleApplication@15178322
reloadAllAccessors: .IterateOverArray2

===========================================================================================
----------------- testing Wed Sep 18 05:46:29 UTC 2019 /home/travis/build/icyphy/ptII/ptolemy/actor/lib/hoc/test/auto/IterateOverArray3.xml
----------------- Instantiating /home/travis/build/icyphy/ptII/ptolemy/actor/lib/hoc/test/auto/IterateOverArray3.xml
19 ms. Memory: 147456K Free: 57223K (39%)
----------------- Invoking toplevel() on ptolemy.moml.MoMLSimpleApplication@43a172e
----------------- Done invoking toplevel() on ptolemy.moml.MoMLSimpleApplication@43a172e
reloadAllAccessors: .IterateOverArray3

===========================================================================================
----------------- testing Wed Sep 18 05:46:29 UTC 2019 /home/travis/build/icyphy/ptII/ptolemy/actor/lib/hoc/test/auto/IterateOverArray4.xml
----------------- Instantiating /home/travis/build/icyphy/ptII/ptolemy/actor/lib/hoc/test/auto/IterateOverArray4.xml
5 ms. Memory: 147456K Free: 131847K (89%)
----------------- Invoking toplevel() on ptolemy.moml.MoMLSimpleApplication@1c98adc
----------------- Done invoking toplevel() on ptolemy.moml.MoMLSimpleApplication@1c98adc
reloadAllAccessors: .IterateOverArray4

===========================================================================================
----------------- testing Wed Sep 18 05:46:29 UTC 2019 /home/travis/build/icyphy/ptII/ptolemy/actor/lib/hoc/test/auto/IterateOverArray5.xml
----------------- Instantiating /home/travis/build/icyphy/ptII/ptolemy/actor/lib/hoc/test/auto/IterateOverArray5.xml
3 ms. Memory: 147456K Free: 127765K (87%)
----------------- Invoking toplevel() on ptolemy.moml.MoMLSimpleApplication@42adf144
----------------- Done invoking toplevel() on ptolemy.moml.MoMLSimpleApplication@42adf144
reloadAllAccessors: .IterateOverArray5

===========================================================================================
----------------- testing Wed Sep 18 05:46:30 UTC 2019 /home/travis/build/icyphy/ptII/ptolemy/actor/lib/hoc/test/auto/IterateOverArray6.xml
----------------- Instantiating /home/travis/build/icyphy/ptII/ptolemy/actor/lib/hoc/test/auto/IterateOverArray6.xml
6 ms. Memory: 147456K Free: 124183K (84%)
----------------- Invoking toplevel() on ptolemy.moml.MoMLSimpleApplication@ab77cbb
----------------- Done invoking toplevel() on ptolemy.moml.MoMLSimpleApplication@ab77cbb
reloadAllAccessors: .IterateOverArray6

===========================================================================================
----------------- testing Wed Sep 18 05:46:30 UTC 2019 /home/travis/build/icyphy/ptII/ptolemy/actor/lib/hoc/test/auto/IterateOverArray7.xml
----------------- Instantiating /home/travis/build/icyphy/ptII/ptolemy/actor/lib/hoc/test/auto/IterateOverArray7.xml
7 ms. Memory: 147456K Free: 119573K (81%)
----------------- Invoking toplevel() on ptolemy.moml.MoMLSimpleApplication@4496ef4c
----------------- Done invoking toplevel() on ptolemy.moml.MoMLSimpleApplication@4496ef4c
reloadAllAccessors: .IterateOverArray7

===========================================================================================
----------------- testing Wed Sep 18 05:46:30 UTC 2019 /home/travis/build/icyphy/ptII/ptolemy/actor/lib/hoc/test/auto/IterateOverArray8.xml
----------------- Instantiating /home/travis/build/icyphy/ptII/ptolemy/actor/lib/hoc/test/auto/IterateOverArray8.xml
3 ms. Memory: 147456K Free: 115477K (78%)
----------------- Invoking toplevel() on ptolemy.moml.MoMLSimpleApplication@5acf84c8
----------------- Done invoking toplevel() on ptolemy.moml.MoMLSimpleApplication@5acf84c8
reloadAllAccessors: .IterateOverArray8

===========================================================================================
----------------- testing Wed Sep 18 05:46:30 UTC 2019 /home/travis/build/icyphy/ptII/ptolemy/actor/lib/hoc/test/auto/IterateOverArray9.xml
----------------- Instantiating /home/travis/build/icyphy/ptII/ptolemy/actor/lib/hoc/test/auto/IterateOverArray9.xml
6 ms. Memory: 147456K Free: 111381K (76%)
----------------- Invoking toplevel() on ptolemy.moml.MoMLSimpleApplication@6c8a25ce
----------------- Done invoking toplevel() on ptolemy.moml.MoMLSimpleApplication@6c8a25ce
reloadAllAccessors: .IterateOverArray9

===========================================================================================
----------------- testing Wed Sep 18 05:46:30 UTC 2019 /home/travis/build/icyphy/ptII/ptolemy/actor/lib/hoc/test/auto/IterateOverArrayCoercedOutputType.xml
----------------- Instantiating /home/travis/build/icyphy/ptII/ptolemy/actor/lib/hoc/test/auto/IterateOverArrayCoercedOutputType.xml
4 ms. Memory: 147456K Free: 106261K (72%)
----------------- Invoking toplevel() on ptolemy.moml.MoMLSimpleApplication@34691afc
----------------- Done invoking toplevel() on ptolemy.moml.MoMLSimpleApplication@34691afc
reloadAllAccessors: .IterateOverArrayCoercedOutputType

===========================================================================================
----------------- testing Wed Sep 18 05:46:30 UTC 2019 /home/travis/build/icyphy/ptII/ptolemy/actor/lib/hoc/test/auto/IterateOverArrayInferredOutputType.xml
----------------- Instantiating /home/travis/build/icyphy/ptII/ptolemy/actor/lib/hoc/test/auto/IterateOverArrayInferredOutputType.xml
13 ms. Memory: 147456K Free: 101655K (69%)
----------------- Invoking toplevel() on ptolemy.moml.MoMLSimpleApplication@2284e585
----------------- Done invoking toplevel() on ptolemy.moml.MoMLSimpleApplication@2284e585
reloadAllAccessors: .IterateOverArrayInferredOutputType

===========================================================================================
----------------- testing Wed Sep 18 05:46:30 UTC 2019 /home/travis/build/icyphy/ptII/ptolemy/actor/lib/hoc/test/auto/MobileFunctionTest.xml
----------------- Instantiating /home/travis/build/icyphy/ptII/ptolemy/actor/lib/hoc/test/auto/MobileFunctionTest.xml
4 ms. Memory: 147456K Free: 97559K (66%)
----------------- Invoking toplevel() on ptolemy.moml.MoMLSimpleApplication@468fe98b
----------------- Done invoking toplevel() on ptolemy.moml.MoMLSimpleApplication@468fe98b
reloadAllAccessors: .MobileFunctionTest

===========================================================================================
----------------- testing Wed Sep 18 05:46:30 UTC 2019 /home/travis/build/icyphy/ptII/ptolemy/actor/lib/hoc/test/auto/MobileModelTest.xml
----------------- Instantiating /home/travis/build/icyphy/ptII/ptolemy/actor/lib/hoc/test/auto/MobileModelTest.xml
186 ms. Memory: 147456K Free: 76565K (52%)
----------------- Invoking toplevel() on ptolemy.moml.MoMLSimpleApplication@63260865
----------------- Done invoking toplevel() on ptolemy.moml.MoMLSimpleApplication@63260865
reloadAllAccessors: .MobileModelTest

===========================================================================================
----------------- testing Wed Sep 18 05:46:30 UTC 2019 /home/travis/build/icyphy/ptII/ptolemy/actor/lib/hoc/test/auto/ModelReference.xml
----------------- Instantiating /home/travis/build/icyphy/ptII/ptolemy/actor/lib/hoc/test/auto/ModelReference.xml
3 ms. Memory: 147456K Free: 69911K (47%)
5 ms. Memory: 147456K Free: 69367K (47%)
2 ms. Memory: 147456K Free: 68359K (46%)
1 ms. Memory: 147456K Free: 67335K (46%)
1 ms. Memory: 147456K Free: 66839K (45%)
3 ms. Memory: 147456K Free: 65815K (45%)
1 ms. Memory: 147456K Free: 65271K (44%)
1 ms. Memory: 147456K Free: 64263K (44%)
3 ms. Memory: 147456K Free: 63239K (43%)
4 ms. Memory: 147456K Free: 62743K (43%)
32 ms. Memory: 147456K Free: 62743K (43%)
----------------- Invoking toplevel() on ptolemy.moml.MoMLSimpleApplication@1f8833ab
----------------- Done invoking toplevel() on ptolemy.moml.MoMLSimpleApplication@1f8833ab
reloadAllAccessors: .ModelReference

===========================================================================================
----------------- testing Wed Sep 18 05:46:30 UTC 2019 /home/travis/build/icyphy/ptII/ptolemy/actor/lib/hoc/test/auto/ModelReference3.xml
----------------- Instantiating /home/travis/build/icyphy/ptII/ptolemy/actor/lib/hoc/test/auto/ModelReference3.xml
1 ms. Memory: 147456K Free: 57623K (39%)
3 ms. Memory: 147456K Free: 57079K (39%)
1 ms. Memory: 147456K Free: 56085K (38%)
3 ms. Memory: 147456K Free: 55575K (38%)
2 ms. Memory: 147456K Free: 54551K (37%)
1 ms. Memory: 147456K Free: 53527K (36%)
3 ms. Memory: 147456K Free: 52999K (36%)
3 ms. Memory: 147456K Free: 51989K (35%)
2 ms. Memory: 147456K Free: 51479K (35%)
2 ms. Memory: 147456K Free: 50455K (34%)
31 ms. Memory: 147456K Free: 50455K (34%)
----------------- Invoking toplevel() on ptolemy.moml.MoMLSimpleApplication@2aeebf27
----------------- Done invoking toplevel() on ptolemy.moml.MoMLSimpleApplication@2aeebf27
reloadAllAccessors: .ModelReference3

===========================================================================================
----------------- testing Wed Sep 18 05:46:30 UTC 2019 /home/travis/build/icyphy/ptII/ptolemy/actor/lib/hoc/test/auto/ModelReference4.xml
----------------- Instantiating /home/travis/build/icyphy/ptII/ptolemy/actor/lib/hoc/test/auto/ModelReference4.xml
2 ms. Memory: 147456K Free: 130475K (88%)
6 ms. Memory: 147456K Free: 128955K (87%)
2 ms. Memory: 147456K Free: 127931K (87%)
2 ms. Memory: 147456K Free: 126387K (86%)
2 ms. Memory: 147456K Free: 125355K (85%)
2 ms. Memory: 147456K Free: 124345K (84%)
3 ms. Memory: 147456K Free: 122811K (83%)
1 ms. Memory: 147456K Free: 121787K (83%)
1 ms. Memory: 147456K Free: 120243K (82%)
1 ms. Memory: 147456K Free: 119211K (81%)
10017 ms. Memory: 147456K Free: 119211K (81%)
----------------- Invoking toplevel() on ptolemy.moml.MoMLSimpleApplication@2a2cb309
----------------- Done invoking toplevel() on ptolemy.moml.MoMLSimpleApplication@2a2cb309
reloadAllAccessors: .ModelReference4

===========================================================================================
----------------- testing Wed Sep 18 05:46:40 UTC 2019 /home/travis/build/icyphy/ptII/ptolemy/actor/lib/hoc/test/auto/MultiInstanceComposite.xml
----------------- Instantiating /home/travis/build/icyphy/ptII/ptolemy/actor/lib/hoc/test/auto/MultiInstanceComposite.xml
27 ms. Memory: 147456K Free: 99769K (68%)
----------------- Invoking toplevel() on ptolemy.moml.MoMLSimpleApplication@4a1f35d9
----------------- Done invoking toplevel() on ptolemy.moml.MoMLSimpleApplication@4a1f35d9
reloadAllAccessors: .MultiInstanceComposite

===========================================================================================
----------------- testing Wed Sep 18 05:46:40 UTC 2019 /home/travis/build/icyphy/ptII/ptolemy/actor/lib/hoc/test/auto/MultiInstanceComposite2.xml
----------------- Instantiating /home/travis/build/icyphy/ptII/ptolemy/actor/lib/hoc/test/auto/MultiInstanceComposite2.xml
16 ms. Memory: 147456K Free: 88505K (60%)
----------------- Invoking toplevel() on ptolemy.moml.MoMLSimpleApplication@4f6cfd3f
----------------- Done invoking toplevel() on ptolemy.moml.MoMLSimpleApplication@4f6cfd3f
reloadAllAccessors: .MultiInstanceComposite2

===========================================================================================
----------------- testing Wed Sep 18 05:46:40 UTC 2019 /home/travis/build/icyphy/ptII/ptolemy/actor/lib/hoc/test/auto/MulticoreExecution.xml
----------------- Instantiating /home/travis/build/icyphy/ptII/ptolemy/actor/lib/hoc/test/auto/MulticoreExecution.xml
Fired ExecutionTime: 26000000
Fired ExecutionTime: 29600000
Fired ExecutionTime: 48000000
Fired ExecutionTime: 48000000
Fired ExecutionTime: 49200000
Fired ExecutionTime: 39200000
Fired ExecutionTime: 69200000
Fired ExecutionTime: 68800000
Fired ExecutionTime: 65600000
Fired ExecutionTime: 66800000
Fired ExecutionTime: 67200000
Fired ExecutionTime: 68000000
Fired ExecutionTime: 57600000
Fired ExecutionTime: 69200000
Fired ExecutionTime: 66800000
Fired ExecutionTime: 61600000
Fired ExecutionTime: 68000000
Fired ExecutionTime: 65200000
Fired ExecutionTime: 62000000
Fired ExecutionTime: 68800000
1053 ms. Memory: 147456K Free: 79289K (54%)
----------------- Invoking toplevel() on ptolemy.moml.MoMLSimpleApplication@668a2c03
----------------- Done invoking toplevel() on ptolemy.moml.MoMLSimpleApplication@668a2c03
reloadAllAccessors: .MulticoreExecution

===========================================================================================
----------------- testing Wed Sep 18 05:46:41 UTC 2019 /home/travis/build/icyphy/ptII/ptolemy/actor/lib/hoc/test/auto/ParallelExecution.xml
----------------- Instantiating /home/travis/build/icyphy/ptII/ptolemy/actor/lib/hoc/test/auto/ParallelExecution.xml
918 ms. Memory: 147456K Free: 71611K (49%)
----------------- Invoking toplevel() on ptolemy.moml.MoMLSimpleApplication@5a0e0cfc
----------------- Done invoking toplevel() on ptolemy.moml.MoMLSimpleApplication@5a0e0cfc
reloadAllAccessors: .ParallelExecution

===========================================================================================
----------------- testing Wed Sep 18 05:46:42 UTC 2019 /home/travis/build/icyphy/ptII/ptolemy/actor/lib/hoc/test/auto/RunCompositeActor.xml
----------------- Instantiating /home/travis/build/icyphy/ptII/ptolemy/actor/lib/hoc/test/auto/RunCompositeActor.xml
10 ms. Memory: 147456K Free: 64443K (44%)
----------------- Invoking toplevel() on ptolemy.moml.MoMLSimpleApplication@29843884
----------------- Done invoking toplevel() on ptolemy.moml.MoMLSimpleApplication@29843884
reloadAllAccessors: .RunCompositeActor

===========================================================================================
----------------- testing Wed Sep 18 05:46:42 UTC 2019 /home/travis/build/icyphy/ptII/ptolemy/actor/lib/hoc/test/auto/RunCompositeActor2.xml
----------------- Instantiating /home/travis/build/icyphy/ptII/ptolemy/actor/lib/hoc/test/auto/RunCompositeActor2.xml
6 ms. Memory: 147456K Free: 58299K (40%)
----------------- Invoking toplevel() on ptolemy.moml.MoMLSimpleApplication@358a4aef
----------------- Done invoking toplevel() on ptolemy.moml.MoMLSimpleApplication@358a4aef
reloadAllAccessors: .RunCompositeActor2

===========================================================================================
----------------- testing Wed Sep 18 05:46:42 UTC 2019 /home/travis/build/icyphy/ptII/ptolemy/actor/lib/hoc/test/auto/RunCompositeActor3.xml
----------------- Instantiating /home/travis/build/icyphy/ptII/ptolemy/actor/lib/hoc/test/auto/RunCompositeActor3.xml
4 ms. Memory: 147456K Free: 52651K (36%)
----------------- Invoking toplevel() on ptolemy.moml.MoMLSimpleApplication@593cf70a
----------------- Done invoking toplevel() on ptolemy.moml.MoMLSimpleApplication@593cf70a
reloadAllAccessors: .RunCompositeActor3

===========================================================================================
----------------- testing Wed Sep 18 05:46:42 UTC 2019 /home/travis/build/icyphy/ptII/ptolemy/actor/lib/hoc/test/auto/RunCompositeActor4.xml
----------------- Instantiating /home/travis/build/icyphy/ptII/ptolemy/actor/lib/hoc/test/auto/RunCompositeActor4.xml
23 ms. Memory: 147456K Free: 129463K (88%)
----------------- Invoking toplevel() on ptolemy.moml.MoMLSimpleApplication@68ef8eb
----------------- Done invoking toplevel() on ptolemy.moml.MoMLSimpleApplication@68ef8eb
reloadAllAccessors: .RunCompositeActor4

===========================================================================================
----------------- testing Wed Sep 18 05:46:42 UTC 2019 /home/travis/build/icyphy/ptII/ptolemy/actor/lib/hoc/test/auto/RunCompositeIterateOverArray.xml
----------------- Instantiating /home/travis/build/icyphy/ptII/ptolemy/actor/lib/hoc/test/auto/RunCompositeIterateOverArray.xml
4 ms. Memory: 147456K Free: 123333K (84%)
----------------- Invoking toplevel() on ptolemy.moml.MoMLSimpleApplication@3a5a390f
----------------- Done invoking toplevel() on ptolemy.moml.MoMLSimpleApplication@3a5a390f
reloadAllAccessors: .RunCompositeIterateOverArray

===========================================================================================
----------------- testing Wed Sep 18 05:46:42 UTC 2019 /home/travis/build/icyphy/ptII/ptolemy/actor/lib/hoc/test/auto/ThreadedJS.xml
----------------- Instantiating /home/travis/build/icyphy/ptII/ptolemy/actor/lib/hoc/test/auto/ThreadedJS.xml
5877 ms. Memory: 256000K Free: 111614K (44%)
----------------- Invoking toplevel() on ptolemy.moml.MoMLSimpleApplication@5c2a87ba
----------------- Done invoking toplevel() on ptolemy.moml.MoMLSimpleApplication@5c2a87ba
reloadAllAccessors: .ThreadedJS
AutoTests.java: About to close Vertx.
AutoTests.java: Vertx closed.
]]></system-out>
  <system-err><![CDATA[java.lang.RuntimeException: Execution failed
	at ptolemy.moml.MoMLSimpleApplication$UnloadThread.run(MoMLSimpleApplication.java:402)
Caused by: ptolemy.kernel.util.IllegalActionException: initialize() was called after wrapup() was called but preinitialize() was not called after wrapup().
	at ptolemy.actor.lib.hoc.test.PreinitializeMustBeInvoked.initialize(PreinitializeMustBeInvoked.java:78)
	at ptolemy.actor.Director.initialize(Director.java:938)
	at ptolemy.actor.Director.initialize(Director.java:907)
	at ptolemy.actor.sched.StaticSchedulingDirector.initialize(StaticSchedulingDirector.java:159)
	at ptolemy.domains.sdf.kernel.SDFDirector.initialize(SDFDirector.java:544)
	at ptolemy.actor.CompositeActor.initialize(CompositeActor.java:935)
	at ptolemy.actor.lib.hoc.LifeCycleManager._executeInsideModel(LifeCycleManager.java:339)
	at ptolemy.actor.lib.hoc.RunCompositeActor.fire(RunCompositeActor.java:205)
	at ptolemy.actor.CompositeActor.iterate(CompositeActor.java:1146)
	at ptolemy.actor.sched.StaticSchedulingDirector.fire(StaticSchedulingDirector.java:216)
	at ptolemy.domains.sdf.kernel.SDFDirector.fire(SDFDirector.java:500)
	at ptolemy.actor.CompositeActor.fire(CompositeActor.java:455)
	at ptolemy.actor.Manager.iterate(Manager.java:851)
	at ptolemy.actor.Manager.execute(Manager.java:369)
	at ptolemy.actor.Manager.run(Manager.java:1263)
	at ptolemy.actor.Manager$PtolemyRunThread.run(Manager.java:1933)
java.lang.reflect.InvocationTargetException
	at java.base/jdk.internal.reflect.NativeConstructorAccessorImpl.newInstance0(Native Method)
	at java.base/jdk.internal.reflect.NativeConstructorAccessorImpl.newInstance(NativeConstructorAccessorImpl.java:62)
	at java.base/jdk.internal.reflect.DelegatingConstructorAccessorImpl.newInstance(DelegatingConstructorAccessorImpl.java:45)
	at java.base/java.lang.reflect.Constructor.newInstance(Constructor.java:490)
	at ptolemy.util.test.junit.AutoKnownFailedTests.RunModel(AutoKnownFailedTests.java:105)
	at java.base/jdk.internal.reflect.NativeMethodAccessorImpl.invoke0(Native Method)
	at java.base/jdk.internal.reflect.NativeMethodAccessorImpl.invoke(NativeMethodAccessorImpl.java:62)
	at java.base/jdk.internal.reflect.DelegatingMethodAccessorImpl.invoke(DelegatingMethodAccessorImpl.java:43)
	at java.base/java.lang.reflect.Method.invoke(Method.java:566)
	at org.junit.runners.model.FrameworkMethod$1.runReflectiveCall(FrameworkMethod.java:44)
	at org.junit.internal.runners.model.ReflectiveCallable.run(ReflectiveCallable.java:15)
	at org.junit.runners.model.FrameworkMethod.invokeExplosively(FrameworkMethod.java:41)
	at junitparams.internal.InvokeParameterisedMethod.evaluate(InvokeParameterisedMethod.java:102)
	at org.junit.internal.runners.statements.FailOnTimeout$1.run(FailOnTimeout.java:28)
Caused by: ptolemy.kernel.util.IllegalActionException: initialize() was called after wrapup() was called but preinitialize() was not called after wrapup().
	at ptolemy.actor.lib.hoc.test.PreinitializeMustBeInvoked.initialize(PreinitializeMustBeInvoked.java:78)
	at ptolemy.actor.Director.initialize(Director.java:938)
	at ptolemy.actor.Director.initialize(Director.java:907)
	at ptolemy.actor.sched.StaticSchedulingDirector.initialize(StaticSchedulingDirector.java:159)
	at ptolemy.domains.sdf.kernel.SDFDirector.initialize(SDFDirector.java:544)
	at ptolemy.actor.CompositeActor.initialize(CompositeActor.java:935)
	at ptolemy.actor.lib.hoc.LifeCycleManager._executeInsideModel(LifeCycleManager.java:339)
	at ptolemy.actor.lib.hoc.RunCompositeActor.fire(RunCompositeActor.java:205)
	at ptolemy.actor.CompositeActor.iterate(CompositeActor.java:1146)
	at ptolemy.actor.sched.StaticSchedulingDirector.fire(StaticSchedulingDirector.java:216)
	at ptolemy.domains.sdf.kernel.SDFDirector.fire(SDFDirector.java:500)
	at ptolemy.actor.CompositeActor.fire(CompositeActor.java:455)
	at ptolemy.actor.Manager.iterate(Manager.java:851)
	at ptolemy.actor.Manager.execute(Manager.java:369)
	at ptolemy.actor.Manager.run(Manager.java:1263)
	at ptolemy.actor.Manager$PtolemyRunThread.run(Manager.java:1933)
Warning: Nashorn engine is planned to be removed from a future JDK release
Warning: Nashorn engine is planned to be removed from a future JDK release
Warning: Nashorn engine is planned to be removed from a future JDK release
Warning: Nashorn engine is planned to be removed from a future JDK release
Warning: Nashorn engine is planned to be removed from a future JDK release
Warning: Nashorn engine is planned to be removed from a future JDK release
Warning: Nashorn engine is planned to be removed from a future JDK release
Warning: Nashorn engine is planned to be removed from a future JDK release
]]></system-err>
</testsuite>
