<?xml version="1.0" encoding="UTF-8" ?>
<testsuite errors="0" failures="0" hostname="travis-job-54dea9b5-ee3a-4be5-ac92-d136a8aacf51" name="ptolemy.vergil.basic.export.test.junit.ExportModelJUnitTestBatch5" skipped="0" tests="150" time="1951.521" timestamp="2020-10-08T16:39:08">
  <properties>
[...]
</properties>
  <testcase classname="ptolemy.vergil.basic.export.test.junit.ExportModelJUnitTestBatch5" name="[0] ptolemy/demo/Quarry/QuarryLagrangianRobot.xml (RunExportModel)" time="45.01" />
  <testcase classname="ptolemy.vergil.basic.export.test.junit.ExportModelJUnitTestBatch5" name="[1] ptolemy/demo/Quarry/QuarryLagrangianStopAndGo.xml (RunExportModel)" time="6.079" />
  <testcase classname="ptolemy.vergil.basic.export.test.junit.ExportModelJUnitTestBatch5" name="[2] ptolemy/demo/RobotMPC/CollisionAvoidance.xml (RunExportModel)" time="9.867" />
  <testcase classname="ptolemy.vergil.basic.export.test.junit.ExportModelJUnitTestBatch5" name="[3] ptolemy/demo/RobotMPC/CollisionAvoidanceWithAccModel.xml (RunExportModel)" time="8.506" />
  <testcase classname="ptolemy.vergil.basic.export.test.junit.ExportModelJUnitTestBatch5" name="[4] ptolemy/demo/RobotMPC/CollisionAvoidanceWithObservationRobots.xml (RunExportModel)" time="80.941" />
  <testcase classname="ptolemy.vergil.basic.export.test.junit.ExportModelJUnitTestBatch5" name="[5] ptolemy/demo/RobotMPC/CollisionAvoidanceWithUncertainMeasurement.xml (RunExportModel)" time="14.895" />
  <testcase classname="ptolemy.vergil.basic.export.test.junit.ExportModelJUnitTestBatch5" name="[6] ptolemy/demo/RobotMPC/RobotMPC.xml (RunExportModel)" time="3.213" />
  <testcase classname="ptolemy.vergil.basic.export.test.junit.ExportModelJUnitTestBatch5" name="[7] ptolemy/demo/RobotMPC/SimpleChase.xml (RunExportModel)" time="5.924" />
  <testcase classname="ptolemy.vergil.basic.export.test.junit.ExportModelJUnitTestBatch5" name="[8] ptolemy/distributed/demo/Sleep/Sleep.xml (RunExportModel)" time="3.172" />
  <testcase classname="ptolemy.vergil.basic.export.test.junit.ExportModelJUnitTestBatch5" name="[9] ptolemy/domains/algebraic/demo/HeaterOpenTank/HeaterOpenTank.xml (RunExportModel)" time="5.141" />
  <testcase classname="ptolemy.vergil.basic.export.test.junit.ExportModelJUnitTestBatch5" name="[10] ptolemy/domains/algebraic/demo/HeaterOpenTank/HeaterOpenTankRefactored.xml (RunExportModel)" time="4.367" />
  <testcase classname="ptolemy.vergil.basic.export.test.junit.ExportModelJUnitTestBatch5" name="[11] ptolemy/domains/algebraic/demo/RLC/RLC.xml (RunExportModel)" time="4.414" />
  <testcase classname="ptolemy.vergil.basic.export.test.junit.ExportModelJUnitTestBatch5" name="[12] ptolemy/domains/atc/demo/FirstPolicy/FirstPolicy.xml (RunExportModel)" time="34.892" />
  <testcase classname="ptolemy.vergil.basic.export.test.junit.ExportModelJUnitTestBatch5" name="[13] ptolemy/domains/atc/demo/SecondPolicy/SecondPolicy.xml (RunExportModel)" time="34.829" />
  <testcase classname="ptolemy.vergil.basic.export.test.junit.ExportModelJUnitTestBatch5" name="[14] ptolemy/domains/ca/demo/Conway/Conway.xml (RunExportModel)" time="24.767" />
  <testcase classname="ptolemy.vergil.basic.export.test.junit.ExportModelJUnitTestBatch5" name="[15] ptolemy/domains/ca/demo/ConwayRandom/ConwayRandom.xml (RunExportModel)" time="61.933" />
  <testcase classname="ptolemy.vergil.basic.export.test.junit.ExportModelJUnitTestBatch5" name="[16] ptolemy/domains/ci/demo/Router/Router.xml (RunExportModel)" time="34.343" />
  <testcase classname="ptolemy.vergil.basic.export.test.junit.ExportModelJUnitTestBatch5" name="[17] ptolemy/domains/continuous/demo/BouncingBall/BouncingBall.xml (RunExportModel)" time="34.582" />
  <testcase classname="ptolemy.vergil.basic.export.test.junit.ExportModelJUnitTestBatch5" name="[18] ptolemy/domains/continuous/demo/BouncingBall/BouncingBallWithoutGR.xml (RunExportModel)" time="4.992" />
  <testcase classname="ptolemy.vergil.basic.export.test.junit.ExportModelJUnitTestBatch5" name="[19] ptolemy/domains/continuous/demo/Brownian/Brownian.xml (RunExportModel)" time="4.415" />
  <testcase classname="ptolemy.vergil.basic.export.test.junit.ExportModelJUnitTestBatch5" name="[20] ptolemy/domains/continuous/demo/CartPendulum/CartPendulum.xml (RunExportModel)" time="22.548" />
  <testcase classname="ptolemy.vergil.basic.export.test.junit.ExportModelJUnitTestBatch5" name="[21] ptolemy/domains/continuous/demo/CarTracking/CarTracking.xml (RunExportModel)" time="8.705" />
  <testcase classname="ptolemy.vergil.basic.export.test.junit.ExportModelJUnitTestBatch5" name="[22] ptolemy/domains/continuous/demo/ComparedClocks/ComparedClocks.xml (RunExportModel)" time="4.466" />
  <testcase classname="ptolemy.vergil.basic.export.test.junit.ExportModelJUnitTestBatch5" name="[23] ptolemy/domains/continuous/demo/ContinuousInsideDE/ContinuousInsideDE.xml (RunExportModel)" time="4.356" />
  <testcase classname="ptolemy.vergil.basic.export.test.junit.ExportModelJUnitTestBatch5" name="[24] ptolemy/domains/continuous/demo/DCMotor/DCMotor.xml (RunExportModel)" time="34.398" />
  <testcase classname="ptolemy.vergil.basic.export.test.junit.ExportModelJUnitTestBatch5" name="[25] ptolemy/domains/continuous/demo/Derivative/Derivative.xml (RunExportModel)" time="4.364" />
  <testcase classname="ptolemy.vergil.basic.export.test.junit.ExportModelJUnitTestBatch5" name="[26] ptolemy/domains/continuous/demo/Friction/Friction.xml (RunExportModel)" time="6.169" />
  <testcase classname="ptolemy.vergil.basic.export.test.junit.ExportModelJUnitTestBatch5" name="[27] ptolemy/domains/continuous/demo/FurutaPendulum/FurutaPendulum.xml (RunExportModel)" time="29.256" />
  <testcase classname="ptolemy.vergil.basic.export.test.junit.ExportModelJUnitTestBatch5" name="[28] ptolemy/domains/continuous/demo/HierarchicalExecution/HierarchicalExecution.xml (RunExportModel)" time="5.434" />
  <testcase classname="ptolemy.vergil.basic.export.test.junit.ExportModelJUnitTestBatch5" name="[29] ptolemy/domains/continuous/demo/HybridPlant/HybridPlant.xml (RunExportModel)" time="4.941" />
  <testcase classname="ptolemy.vergil.basic.export.test.junit.ExportModelJUnitTestBatch5" name="[30] ptolemy/domains/continuous/demo/HybridPlant/RandomHybridPlant.xml (RunExportModel)" time="4.984" />
  <testcase classname="ptolemy.vergil.basic.export.test.junit.ExportModelJUnitTestBatch5" name="[31] ptolemy/domains/continuous/demo/Hysteresis/Hysteresis.xml (RunExportModel)" time="4.392" />
  <testcase classname="ptolemy.vergil.basic.export.test.junit.ExportModelJUnitTestBatch5" name="[32] ptolemy/domains/continuous/demo/Hysteresis/HysteresisWithRandomDelay.xml (RunExportModel)" time="4.526" />
  <testcase classname="ptolemy.vergil.basic.export.test.junit.ExportModelJUnitTestBatch5" name="[33] ptolemy/domains/continuous/demo/Hysteresis/HysteresisWithRandomLosses.xml (RunExportModel)" time="5.354" />
  <testcase classname="ptolemy.vergil.basic.export.test.junit.ExportModelJUnitTestBatch5" name="[34] ptolemy/domains/continuous/demo/LevelCrossingDetector/LevelCrossingDetector.xml (RunExportModel)" time="4.233" />
  <testcase classname="ptolemy.vergil.basic.export.test.junit.ExportModelJUnitTestBatch5" name="[35] ptolemy/domains/continuous/demo/LevelCrossingDetector/LevelCrossingDetectorDetectingDirections.xml (RunExportModel)" time="4.247" />
  <testcase classname="ptolemy.vergil.basic.export.test.junit.ExportModelJUnitTestBatch5" name="[36] ptolemy/domains/continuous/demo/LevelCrossingDetectorDetectsGlitches/LevelCrossingDetectorDetectsGlitches.xml (RunExportModel)" time="4.37" />
  <testcase classname="ptolemy.vergil.basic.export.test.junit.ExportModelJUnitTestBatch5" name="[37] ptolemy/domains/continuous/demo/Lorenz/Lorenz.xml (RunExportModel)" time="7.06" />
  <testcase classname="ptolemy.vergil.basic.export.test.junit.ExportModelJUnitTestBatch5" name="[38] ptolemy/domains/continuous/demo/Lorenz/LorenzDifferentialSystem.xml (RunExportModel)" time="11.091" />
  <testcase classname="ptolemy.vergil.basic.export.test.junit.ExportModelJUnitTestBatch5" name="[39] ptolemy/domains/continuous/demo/NewtonsCradle/NewtonsCradle.xml (RunExportModel)" time="7.653" />
  <testcase classname="ptolemy.vergil.basic.export.test.junit.ExportModelJUnitTestBatch5" name="[40] ptolemy/domains/continuous/demo/NewtonsCradle/NewtonsCradleAnimated.xml (RunExportModel)" time="36.499" />
  <testcase classname="ptolemy.vergil.basic.export.test.junit.ExportModelJUnitTestBatch5" name="[41] ptolemy/domains/continuous/demo/NewtonsCradle/NewtonsCradleComplicated.xml (RunExportModel)" time="34.732" />
  <testcase classname="ptolemy.vergil.basic.export.test.junit.ExportModelJUnitTestBatch5" name="[42] ptolemy/domains/continuous/demo/NewtonsCradle/NewtonsCradleNondeterministic.xml (RunExportModel)" time="34.935" />
  <testcase classname="ptolemy.vergil.basic.export.test.junit.ExportModelJUnitTestBatch5" name="[43] ptolemy/domains/continuous/demo/NewtonsCradle/NewtonsCradlePerfectlyInelastic1.xml (RunExportModel)" time="11.859" />
  <testcase classname="ptolemy.vergil.basic.export.test.junit.ExportModelJUnitTestBatch5" name="[44] ptolemy/domains/continuous/demo/NewtonsCradle/ParameterizedNewtonsCradleAnimated.xml (RunExportModel)" time="13.908" />
  <testcase classname="ptolemy.vergil.basic.export.test.junit.ExportModelJUnitTestBatch5" name="[45] ptolemy/domains/continuous/demo/NewtonsCradle/ParameterizedNewtonsCradleAnimatedNondeterministic.xml (RunExportModel)" time="34.839" />
  <testcase classname="ptolemy.vergil.basic.export.test.junit.ExportModelJUnitTestBatch5" name="[46] ptolemy/domains/continuous/demo/Noise/Noise.xml (RunExportModel)" time="4.377" />
  <testcase classname="ptolemy.vergil.basic.export.test.junit.ExportModelJUnitTestBatch5" name="[47] ptolemy/domains/continuous/demo/Noise/NoiseSpectrum.xml (RunExportModel)" time="4.947" />
  <testcase classname="ptolemy.vergil.basic.export.test.junit.ExportModelJUnitTestBatch5" name="[48] ptolemy/domains/continuous/demo/Noise/SinusoidInNoise.xml (RunExportModel)" time="5.38" />
  <testcase classname="ptolemy.vergil.basic.export.test.junit.ExportModelJUnitTestBatch5" name="[49] ptolemy/domains/continuous/demo/Pendulum3D/Pendulum3D.xml (RunExportModel)" time="34.446" />
  <testcase classname="ptolemy.vergil.basic.export.test.junit.ExportModelJUnitTestBatch5" name="[50] ptolemy/domains/continuous/demo/Poisson/IncreasingRatePoisson.xml (RunExportModel)" time="4.678" />
  <testcase classname="ptolemy.vergil.basic.export.test.junit.ExportModelJUnitTestBatch5" name="[51] ptolemy/domains/continuous/demo/Poisson/Poisson.xml (RunExportModel)" time="4.566" />
  <testcase classname="ptolemy.vergil.basic.export.test.junit.ExportModelJUnitTestBatch5" name="[52] ptolemy/domains/continuous/demo/SampledClocks/SampledClocks.xml (RunExportModel)" time="4.249" />
  <testcase classname="ptolemy.vergil.basic.export.test.junit.ExportModelJUnitTestBatch5" name="[53] ptolemy/domains/continuous/demo/Satellite/Satellite.xml (RunExportModel)" time="4.98" />
  <testcase classname="ptolemy.vergil.basic.export.test.junit.ExportModelJUnitTestBatch5" name="[54] ptolemy/domains/continuous/demo/SigmaDelta/SigmaDelta.xml (RunExportModel)" time="27.059" />
  <testcase classname="ptolemy.vergil.basic.export.test.junit.ExportModelJUnitTestBatch5" name="[55] ptolemy/domains/continuous/demo/SinuBouncingBall/SinuBouncingBall.xml (RunExportModel)" time="6.427" />
  <testcase classname="ptolemy.vergil.basic.export.test.junit.ExportModelJUnitTestBatch5" name="[56] ptolemy/domains/continuous/demo/Sinusoid/Sinusoid.xml (RunExportModel)" time="4.126" />
  <testcase classname="ptolemy.vergil.basic.export.test.junit.ExportModelJUnitTestBatch5" name="[57] ptolemy/domains/continuous/demo/SquareWave/SquareWave.xml (RunExportModel)" time="4.428" />
  <testcase classname="ptolemy.vergil.basic.export.test.junit.ExportModelJUnitTestBatch5" name="[58] ptolemy/domains/continuous/demo/Starmac/Starmac.xml (RunExportModel)" time="17.96" />
  <testcase classname="ptolemy.vergil.basic.export.test.junit.ExportModelJUnitTestBatch5" name="[59] ptolemy/domains/continuous/demo/StickyMasses/StickyMasses.xml (RunExportModel)" time="19.184" />
  <testcase classname="ptolemy.vergil.basic.export.test.junit.ExportModelJUnitTestBatch5" name="[60] ptolemy/domains/continuous/demo/Switch/Switch.xml (RunExportModel)" time="4.34" />
  <testcase classname="ptolemy.vergil.basic.export.test.junit.ExportModelJUnitTestBatch5" name="[61] ptolemy/domains/continuous/demo/Thermostat/Thermostat.xml (RunExportModel)" time="4.431" />
  <testcase classname="ptolemy.vergil.basic.export.test.junit.ExportModelJUnitTestBatch5" name="[62] ptolemy/domains/continuous/demo/Transmission/EfficiencyCurve.xml (RunExportModel)" time="4.151" />
  <testcase classname="ptolemy.vergil.basic.export.test.junit.ExportModelJUnitTestBatch5" name="[63] ptolemy/domains/continuous/demo/Transmission/Transmission.xml (RunExportModel)" time="5.084" />
  <testcase classname="ptolemy.vergil.basic.export.test.junit.ExportModelJUnitTestBatch5" name="[64] ptolemy/domains/continuous/demo/TwoMachineInfiniteBusControl/TwoMachineInfiniteBusControl.xml (RunExportModel)" time="6.838" />
  <testcase classname="ptolemy.vergil.basic.export.test.junit.ExportModelJUnitTestBatch5" name="[65] ptolemy/domains/continuous/demo/V2V/V2V.xml (RunExportModel)" time="5.025" />
  <testcase classname="ptolemy.vergil.basic.export.test.junit.ExportModelJUnitTestBatch5" name="[66] ptolemy/domains/csp/demo/Barrier/Barrier.xml (RunExportModel)" time="34.486" />
  <testcase classname="ptolemy.vergil.basic.export.test.junit.ExportModelJUnitTestBatch5" name="[67] ptolemy/domains/csp/demo/ResourcePool/ResourcePool.xml (RunExportModel)" time="34.127" />
  <testcase classname="ptolemy.vergil.basic.export.test.junit.ExportModelJUnitTestBatch5" name="[68] ptolemy/domains/csp/demo/WriteRegulator/WriteRegulator.xml (RunExportModel)" time="34.157" />
  <testcase classname="ptolemy.vergil.basic.export.test.junit.ExportModelJUnitTestBatch5" name="[69] ptolemy/domains/curriculum/demo/Curriculum/Curriculum.xml (RunExportModel)" time="3.499" />
  <testcase classname="ptolemy.vergil.basic.export.test.junit.ExportModelJUnitTestBatch5" name="[70] ptolemy/domains/dde/demo/LocalZeno/LocalZeno.xml (RunExportModel)" time="34.276" />
  <testcase classname="ptolemy.vergil.basic.export.test.junit.ExportModelJUnitTestBatch5" name="[71] ptolemy/domains/ddf/demo/Eratosthenes/Eratosthenes.xml (RunExportModel)" time="9.625" />
  <testcase classname="ptolemy.vergil.basic.export.test.junit.ExportModelJUnitTestBatch5" name="[72] ptolemy/domains/ddf/demo/Factorial/Factorial.xml (RunExportModel)" time="6.0" />
  <testcase classname="ptolemy.vergil.basic.export.test.junit.ExportModelJUnitTestBatch5" name="[73] ptolemy/domains/ddf/demo/HanoiTower/HanoiTower.xml (RunExportModel)" time="70.87" />
  <testcase classname="ptolemy.vergil.basic.export.test.junit.ExportModelJUnitTestBatch5" name="[74] ptolemy/domains/ddf/demo/IfThenElse/IfThenElse.xml (RunExportModel)" time="4.181" />
  <testcase classname="ptolemy.vergil.basic.export.test.junit.ExportModelJUnitTestBatch5" name="[75] ptolemy/domains/ddf/demo/IfThenElse/IfThenElseFSM.xml (RunExportModel)" time="4.34" />
  <testcase classname="ptolemy.vergil.basic.export.test.junit.ExportModelJUnitTestBatch5" name="[76] ptolemy/domains/ddf/demo/Loop/Loop.xml (RunExportModel)" time="4.232" />
  <testcase classname="ptolemy.vergil.basic.export.test.junit.ExportModelJUnitTestBatch5" name="[77] ptolemy/domains/ddf/demo/OrderedMerge/OrderedMerge.xml (RunExportModel)" time="4.153" />
  <testcase classname="ptolemy.vergil.basic.export.test.junit.ExportModelJUnitTestBatch5" name="[78] ptolemy/domains/ddf/demo/RandomWalk/RandomWalk.xml (RunExportModel)" time="4.214" />
  <testcase classname="ptolemy.vergil.basic.export.test.junit.ExportModelJUnitTestBatch5" name="[79] ptolemy/domains/ddf/demo/RijndaelEncryption/RijndaelEncryption.xml (RunExportModel)" time="5.241" />
  <testcase classname="ptolemy.vergil.basic.export.test.junit.ExportModelJUnitTestBatch5" name="[80] ptolemy/domains/de/demo/AFDX/AFDX.xml (RunExportModel)" time="4.465" />
  <testcase classname="ptolemy.vergil.basic.export.test.junit.ExportModelJUnitTestBatch5" name="[81] ptolemy/domains/de/demo/AssemblyLine/AssemblyLine.xml (RunExportModel)" time="4.193" />
  <testcase classname="ptolemy.vergil.basic.export.test.junit.ExportModelJUnitTestBatch5" name="[82] ptolemy/domains/de/demo/Bus/Bus.xml (RunExportModel)" time="4.188" />
  <testcase classname="ptolemy.vergil.basic.export.test.junit.ExportModelJUnitTestBatch5" name="[83] ptolemy/domains/de/demo/Clock/Clock.xml (RunExportModel)" time="3.219" />
  <testcase classname="ptolemy.vergil.basic.export.test.junit.ExportModelJUnitTestBatch5" name="[84] ptolemy/domains/de/demo/ClockDrift/ClockDrift.xml (RunExportModel)" time="4.237" />
  <testcase classname="ptolemy.vergil.basic.export.test.junit.ExportModelJUnitTestBatch5" name="[85] ptolemy/domains/de/demo/DateDemo/DateDemo.xml (RunExportModel)" time="7.404" />
  <testcase classname="ptolemy.vergil.basic.export.test.junit.ExportModelJUnitTestBatch5" name="[86] ptolemy/domains/de/demo/EventButton/EventButton.xml (RunExportModel)" time="34.187" />
  <testcase classname="ptolemy.vergil.basic.export.test.junit.ExportModelJUnitTestBatch5" name="[87] ptolemy/domains/de/demo/Inspection/Inspection.xml (RunExportModel)" time="4.268" />
  <testcase classname="ptolemy.vergil.basic.export.test.junit.ExportModelJUnitTestBatch5" name="[88] ptolemy/domains/de/demo/LineFault/LineFault.xml (RunExportModel)" time="7.483" />
  <testcase classname="ptolemy.vergil.basic.export.test.junit.ExportModelJUnitTestBatch5" name="[89] ptolemy/domains/de/demo/LongRuns/LongRuns.xml (RunExportModel)" time="3.243" />
  <testcase classname="ptolemy.vergil.basic.export.test.junit.ExportModelJUnitTestBatch5" name="[90] ptolemy/domains/de/demo/ModalModel/ModalModel.xml (RunExportModel)" time="4.517" />
  <testcase classname="ptolemy.vergil.basic.export.test.junit.ExportModelJUnitTestBatch5" name="[91] ptolemy/domains/de/demo/OpenQueueingNetwork/OpenQueueingNetwork.xml (RunExportModel)" time="7.193" />
  <testcase classname="ptolemy.vergil.basic.export.test.junit.ExportModelJUnitTestBatch5" name="[92] ptolemy/domains/de/demo/PersistentIO/PersistentIO.xml (RunExportModel)" time="4.162" />
  <testcase classname="ptolemy.vergil.basic.export.test.junit.ExportModelJUnitTestBatch5" name="[93] ptolemy/domains/de/demo/QueueAndServer/QueueAndServer.xml (RunExportModel)" time="4.173" />
  <testcase classname="ptolemy.vergil.basic.export.test.junit.ExportModelJUnitTestBatch5" name="[94] ptolemy/domains/de/demo/RealTimeComposite/RealTimeComposite.xml (RunExportModel)" time="3.474" />
  <testcase classname="ptolemy.vergil.basic.export.test.junit.ExportModelJUnitTestBatch5" name="[95] ptolemy/domains/de/demo/SmartSender/SmartSender.xml (RunExportModel)" time="34.171" />
  <testcase classname="ptolemy.vergil.basic.export.test.junit.ExportModelJUnitTestBatch5" name="[96] ptolemy/domains/de/demo/Switch/Switch.xml (RunExportModel)" time="4.472" />
  <testcase classname="ptolemy.vergil.basic.export.test.junit.ExportModelJUnitTestBatch5" name="[97] ptolemy/domains/de/demo/TimingParadox/TimingParadox.xml (RunExportModel)" time="6.823" />
  <testcase classname="ptolemy.vergil.basic.export.test.junit.ExportModelJUnitTestBatch5" name="[98] ptolemy/domains/de/demo/Trilateration/Trilateration.xml (RunExportModel)" time="55.78" />
  <testcase classname="ptolemy.vergil.basic.export.test.junit.ExportModelJUnitTestBatch5" name="[99] ptolemy/domains/de/demo/TTE/TTE.xml (RunExportModel)" time="4.257" />
  <testcase classname="ptolemy.vergil.basic.export.test.junit.ExportModelJUnitTestBatch5" name="[100] ptolemy/domains/de/demo/VariableDelay/VariableDelay.xml (RunExportModel)" time="4.114" />
  <testcase classname="ptolemy.vergil.basic.export.test.junit.ExportModelJUnitTestBatch5" name="[101] ptolemy/domains/dt/demo/Eye/Eye.xml (RunExportModel)" time="34.141" />
  <testcase classname="ptolemy.vergil.basic.export.test.junit.ExportModelJUnitTestBatch5" name="[102] ptolemy/domains/giotto/cgc/demo/SoundGenerator/SoundGenerator.xml (RunExportModel)" time="34.19" />
  <testcase classname="ptolemy.vergil.basic.export.test.junit.ExportModelJUnitTestBatch5" name="[103] ptolemy/domains/giotto/demo/Composite/Composite.xml (RunExportModel)" time="4.201" />
  <testcase classname="ptolemy.vergil.basic.export.test.junit.ExportModelJUnitTestBatch5" name="[104] ptolemy/domains/giotto/demo/Hierarchy/Hierarchy.xml (RunExportModel)" time="4.173" />
  <testcase classname="ptolemy.vergil.basic.export.test.junit.ExportModelJUnitTestBatch5" name="[105] ptolemy/domains/giotto/demo/Multimode/Multimode.xml (RunExportModel)" time="4.366" />
  <testcase classname="ptolemy.vergil.basic.export.test.junit.ExportModelJUnitTestBatch5" name="[106] ptolemy/domains/giotto/demo/Simple/Simple.xml (RunExportModel)" time="4.119" />
  <testcase classname="ptolemy.vergil.basic.export.test.junit.ExportModelJUnitTestBatch5" name="[107] ptolemy/domains/gr/demo/FurutaPendulum/FurutaPendulum.xml (RunExportModel)" time="28.891" />
  <testcase classname="ptolemy.vergil.basic.export.test.junit.ExportModelJUnitTestBatch5" name="[108] ptolemy/domains/gr/demo/Helen/Helen.xml (RunExportModel)" time="64.24" />
  <testcase classname="ptolemy.vergil.basic.export.test.junit.ExportModelJUnitTestBatch5" name="[109] ptolemy/domains/gr/demo/Pendulum/Pendulum.xml (RunExportModel)" time="64.226" />
  <testcase classname="ptolemy.vergil.basic.export.test.junit.ExportModelJUnitTestBatch5" name="[110] ptolemy/domains/gr/demo/Pong/Pong.xml (RunExportModel)" time="10.429" />
  <testcase classname="ptolemy.vergil.basic.export.test.junit.ExportModelJUnitTestBatch5" name="[111] ptolemy/domains/gr/demo/SolarSystem/SolarSystem.xml (RunExportModel)" time="64.517" />
  <testcase classname="ptolemy.vergil.basic.export.test.junit.ExportModelJUnitTestBatch5" name="[112] ptolemy/domains/gr/demo/StickyMasses/StickyMasses.xml (RunExportModel)" time="23.679" />
  <testcase classname="ptolemy.vergil.basic.export.test.junit.ExportModelJUnitTestBatch5" name="[113] ptolemy/domains/gr/demo/Universe/Universe.xml (RunExportModel)" time="64.147" />
  <testcase classname="ptolemy.vergil.basic.export.test.junit.ExportModelJUnitTestBatch5" name="[114] ptolemy/domains/hdf/demo/AdaptiveCoding/AdaptiveCoding.xml (RunExportModel)" time="5.471" />
  <testcase classname="ptolemy.vergil.basic.export.test.junit.ExportModelJUnitTestBatch5" name="[115] ptolemy/domains/hdf/demo/Fibonacci/Fibonacci.xml (RunExportModel)" time="4.532" />
  <testcase classname="ptolemy.vergil.basic.export.test.junit.ExportModelJUnitTestBatch5" name="[116] ptolemy/domains/hdf/demo/Hysteresis/Hysteresis.xml (RunExportModel)" time="4.391" />
  <testcase classname="ptolemy.vergil.basic.export.test.junit.ExportModelJUnitTestBatch5" name="[117] ptolemy/domains/hdf/demo/Merge/Merge.xml (RunExportModel)" time="4.429" />
  <testcase classname="ptolemy.vergil.basic.export.test.junit.ExportModelJUnitTestBatch5" name="[118] ptolemy/domains/modal/demo/ABP/ABP.xml (RunExportModel)" time="4.684" />
  <testcase classname="ptolemy.vergil.basic.export.test.junit.ExportModelJUnitTestBatch5" name="[119] ptolemy/domains/modal/demo/Blending/Blending.xml (RunExportModel)" time="4.617" />
  <testcase classname="ptolemy.vergil.basic.export.test.junit.ExportModelJUnitTestBatch5" name="[120] ptolemy/domains/modal/demo/Case/Case.xml (RunExportModel)" time="4.307" />
  <testcase classname="ptolemy.vergil.basic.export.test.junit.ExportModelJUnitTestBatch5" name="[121] ptolemy/domains/modal/demo/ChainedTransitions/ChainedTransitions.xml (RunExportModel)" time="4.288" />
  <testcase classname="ptolemy.vergil.basic.export.test.junit.ExportModelJUnitTestBatch5" name="[122] ptolemy/domains/modal/demo/ModalBSC/ModalBSC.xml (RunExportModel)" time="4.412" />
  <testcase classname="ptolemy.vergil.basic.export.test.junit.ExportModelJUnitTestBatch5" name="[123] ptolemy/domains/modal/demo/MultipleRuns/MultipleRuns.xml (RunExportModel)" time="4.762" />
  <testcase classname="ptolemy.vergil.basic.export.test.junit.ExportModelJUnitTestBatch5" name="[124] ptolemy/domains/modal/demo/PersistentIO/PersistentIO.xml (RunExportModel)" time="4.365" />
  <testcase classname="ptolemy.vergil.basic.export.test.junit.ExportModelJUnitTestBatch5" name="[125] ptolemy/domains/modal/demo/StateTracker/StateTracker.xml (RunExportModel)" time="4.461" />
  <testcase classname="ptolemy.vergil.basic.export.test.junit.ExportModelJUnitTestBatch5" name="[126] ptolemy/domains/modal/demo/SystemLevelType/CSPDomain.xml (RunExportModel)" time="3.216" />
  <testcase classname="ptolemy.vergil.basic.export.test.junit.ExportModelJUnitTestBatch5" name="[127] ptolemy/domains/modal/demo/SystemLevelType/CSPDomain_PolyActor.xml (RunExportModel)" time="3.131" />
  <testcase classname="ptolemy.vergil.basic.export.test.junit.ExportModelJUnitTestBatch5" name="[128] ptolemy/domains/modal/demo/SystemLevelType/CSPDomain_SDFActor.xml (RunExportModel)" time="3.13" />
  <testcase classname="ptolemy.vergil.basic.export.test.junit.ExportModelJUnitTestBatch5" name="[129] ptolemy/domains/modal/demo/SystemLevelType/DEDomain.xml (RunExportModel)" time="3.205" />
  <testcase classname="ptolemy.vergil.basic.export.test.junit.ExportModelJUnitTestBatch5" name="[130] ptolemy/domains/modal/demo/SystemLevelType/DEDomain_PolyActor.xml (RunExportModel)" time="3.15" />
  <testcase classname="ptolemy.vergil.basic.export.test.junit.ExportModelJUnitTestBatch5" name="[131] ptolemy/domains/modal/demo/SystemLevelType/DEDomain_SDFActor.xml (RunExportModel)" time="3.111" />
  <testcase classname="ptolemy.vergil.basic.export.test.junit.ExportModelJUnitTestBatch5" name="[132] ptolemy/domains/modal/demo/SystemLevelType/DP.xml (RunExportModel)" time="3.118" />
  <testcase classname="ptolemy.vergil.basic.export.test.junit.ExportModelJUnitTestBatch5" name="[133] ptolemy/domains/modal/demo/SystemLevelType/DummyDirector1.xml (RunExportModel)" time="3.184" />
  <testcase classname="ptolemy.vergil.basic.export.test.junit.ExportModelJUnitTestBatch5" name="[134] ptolemy/domains/modal/demo/SystemLevelType/DummyDirector1_SDFActor.xml (RunExportModel)" time="3.115" />
  <testcase classname="ptolemy.vergil.basic.export.test.junit.ExportModelJUnitTestBatch5" name="[135] ptolemy/domains/modal/demo/SystemLevelType/DummyDirector2.xml (RunExportModel)" time="3.134" />
  <testcase classname="ptolemy.vergil.basic.export.test.junit.ExportModelJUnitTestBatch5" name="[136] ptolemy/domains/modal/demo/SystemLevelType/DummyDirector2_SDFActor.xml (RunExportModel)" time="3.105" />
  <testcase classname="ptolemy.vergil.basic.export.test.junit.ExportModelJUnitTestBatch5" name="[137] ptolemy/domains/modal/demo/SystemLevelType/InterruptableWaitingThreadA.xml (RunExportModel)" time="3.145" />
  <testcase classname="ptolemy.vergil.basic.export.test.junit.ExportModelJUnitTestBatch5" name="[138] ptolemy/domains/modal/demo/SystemLevelType/Interrupter.xml (RunExportModel)" time="3.143" />
  <testcase classname="ptolemy.vergil.basic.export.test.junit.ExportModelJUnitTestBatch5" name="[139] ptolemy/domains/modal/demo/SystemLevelType/Monitor.xml (RunExportModel)" time="3.124" />
  <testcase classname="ptolemy.vergil.basic.export.test.junit.ExportModelJUnitTestBatch5" name="[140] ptolemy/domains/modal/demo/SystemLevelType/PNDomain.xml (RunExportModel)" time="3.137" />
  <testcase classname="ptolemy.vergil.basic.export.test.junit.ExportModelJUnitTestBatch5" name="[141] ptolemy/domains/modal/demo/SystemLevelType/PNDomain_PolyActor.xml (RunExportModel)" time="3.119" />
  <testcase classname="ptolemy.vergil.basic.export.test.junit.ExportModelJUnitTestBatch5" name="[142] ptolemy/domains/modal/demo/SystemLevelType/PNDomain_SDFActor.xml (RunExportModel)" time="3.148" />
  <testcase classname="ptolemy.vergil.basic.export.test.junit.ExportModelJUnitTestBatch5" name="[143] ptolemy/domains/modal/demo/SystemLevelType/PolyActor.xml (RunExportModel)" time="3.129" />
  <testcase classname="ptolemy.vergil.basic.export.test.junit.ExportModelJUnitTestBatch5" name="[144] ptolemy/domains/modal/demo/SystemLevelType/SDFActor.xml (RunExportModel)" time="3.146" />
  <testcase classname="ptolemy.vergil.basic.export.test.junit.ExportModelJUnitTestBatch5" name="[145] ptolemy/domains/modal/demo/SystemLevelType/SDFDomain.xml (RunExportModel)" time="3.135" />
  <testcase classname="ptolemy.vergil.basic.export.test.junit.ExportModelJUnitTestBatch5" name="[146] ptolemy/domains/modal/demo/SystemLevelType/SDFDomain_PolyActor.xml (RunExportModel)" time="3.124" />
  <testcase classname="ptolemy.vergil.basic.export.test.junit.ExportModelJUnitTestBatch5" name="[147] ptolemy/domains/modal/demo/SystemLevelType/SDFDomain_SDFActor.xml (RunExportModel)" time="3.122" />
  <testcase classname="ptolemy.vergil.basic.export.test.junit.ExportModelJUnitTestBatch5" name="[148] ptolemy/domains/modal/demo/SystemLevelType/ThreadA.xml (RunExportModel)" time="3.128" />
  <testcase classname="ptolemy.vergil.basic.export.test.junit.ExportModelJUnitTestBatch5" name="[149] ptolemy/domains/modal/demo/SystemLevelType/ThreadA_Monitor_ThreadB.xml (RunExportModel)" time="3.138" />
  <system-out><![CDATA[ExportModeJUnitTestBatch: There are 744 demos. Exporting demos: 441 to 590.
####### 1 Thu Oct 08 16:39:08 UTC 2020 $PTII/bin/ptinvoke ptolemy.vergil.basic.export.ExportModel -force htm -run -openComposites -timeOut 30000 -whiteBackground ptolemy/demo/Quarry/QuarryLagrangianRobot.xml $PTII/ptolemy/demo/Quarry/QuarryLagrangianRobot
Running .QuarryLagrangianRobot
RobotController: false (Thread[AWT-EventQueue-0,6,main])
RobotController: 90 (Thread[AWT-EventQueue-0,6,main])
RobotController: true (Thread[AWT-EventQueue-0,6,main])
RobotController: false (Thread[AWT-EventQueue-0,6,main])
RobotController: 90 (Thread[AWT-EventQueue-0,6,main])
RobotController: true (Thread[AWT-EventQueue-0,6,main])
RobotController: false (Thread[AWT-EventQueue-0,6,main])
RobotController: 90 (Thread[AWT-EventQueue-0,6,main])
RobotController: true (Thread[AWT-EventQueue-0,6,main])
RobotController: false (Thread[AWT-EventQueue-0,6,main])
RobotController: 90 (Thread[AWT-EventQueue-0,6,main])
RobotController: true (Thread[AWT-EventQueue-0,6,main])
RobotController: false (Thread[AWT-EventQueue-0,6,main])
RobotController: 90 (Thread[AWT-EventQueue-0,6,main])
RobotController: true (Thread[AWT-EventQueue-0,6,main])
RobotController: false (Thread[AWT-EventQueue-0,6,main])
RobotController: 90 (Thread[AWT-EventQueue-0,6,main])
RobotController: true (Thread[AWT-EventQueue-0,6,main])
RobotController: false (Thread[AWT-EventQueue-0,6,main])
RobotController: 90 (Thread[AWT-EventQueue-0,6,main])
RobotController: true (Thread[AWT-EventQueue-0,6,main])
RobotController: false (Thread[AWT-EventQueue-0,6,main])
RobotController: 90 (Thread[AWT-EventQueue-0,6,main])
RobotController: true (Thread[AWT-EventQueue-0,6,main])
RobotController: false (Thread[AWT-EventQueue-0,6,main])
RobotController: 90 (Thread[AWT-EventQueue-0,6,main])
RobotController: true (Thread[AWT-EventQueue-0,6,main])
RobotController: false (Thread[AWT-EventQueue-0,6,main])
RobotController: 90 (Thread[AWT-EventQueue-0,6,main])
RobotController: true (Thread[AWT-EventQueue-0,6,main])
RobotController: false (Thread[AWT-EventQueue-0,6,main])
RobotController: 90 (Thread[AWT-EventQueue-0,6,main])
RobotController: true (Thread[AWT-EventQueue-0,6,main])
RobotController: false (Thread[AWT-EventQueue-0,6,main])
RobotController: 90 (Thread[AWT-EventQueue-0,6,main])
RobotController: true (Thread[AWT-EventQueue-0,6,main])
RobotController: false (Thread[AWT-EventQueue-0,6,main])
RobotController: 90 (Thread[AWT-EventQueue-0,6,main])
ExportHTMLTimer went off after 30000 ms., calling getDirector().finish and getDirector().stopFire()
30044 ms. Memory: 244736K Free: 130226K (53%)
Exported /home/travis/build/icyphy/ptII/ptolemy/demo/Quarry/QuarryLagrangianRobot/index.html
44952 ms. Memory: 244736K Free: 57516K (24%)
####### 2 Thu Oct 08 16:39:53 UTC 2020 $PTII/bin/ptinvoke ptolemy.vergil.basic.export.ExportModel -force htm -run -openComposites -timeOut 30000 -whiteBackground ptolemy/demo/Quarry/QuarryLagrangianStopAndGo.xml $PTII/ptolemy/demo/Quarry/QuarryLagrangianStopAndGo
Running .QuarryLagrangianStopAndGo
501 ms. Memory: 297984K Free: 222703K (75%)
Exported /home/travis/build/icyphy/ptII/ptolemy/demo/Quarry/QuarryLagrangianStopAndGo/index.html
6077 ms. Memory: 297984K Free: 177217K (59%)
####### 3 Thu Oct 08 16:39:59 UTC 2020 $PTII/bin/ptinvoke ptolemy.vergil.basic.export.ExportModel -force htm  -openComposites -timeOut 30000 -whiteBackground ptolemy/demo/RobotMPC/CollisionAvoidance.xml $PTII/ptolemy/demo/RobotMPC/CollisionAvoidance
Warning: not running ptolemy/demo/RobotMPC/CollisionAvoidance.xml. See ptolemy/vergil/basic/export/test/junit/ExportModelJUnitTest.java
Exported /home/travis/build/icyphy/ptII/ptolemy/demo/RobotMPC/CollisionAvoidance/index.html
9865 ms. Memory: 297984K Free: 63738K (21%)
####### 4 Thu Oct 08 16:40:09 UTC 2020 $PTII/bin/ptinvoke ptolemy.vergil.basic.export.ExportModel -force htm  -openComposites -timeOut 30000 -whiteBackground ptolemy/demo/RobotMPC/CollisionAvoidanceWithAccModel.xml $PTII/ptolemy/demo/RobotMPC/CollisionAvoidanceWithAccModel
Warning: not running ptolemy/demo/RobotMPC/CollisionAvoidanceWithAccModel.xml. See ptolemy/vergil/basic/export/test/junit/ExportModelJUnitTest.java
Exported /home/travis/build/icyphy/ptII/ptolemy/demo/RobotMPC/CollisionAvoidanceWithAccModel/index.html
8503 ms. Memory: 443392K Free: 104102K (23%)
####### 5 Thu Oct 08 16:40:17 UTC 2020 $PTII/bin/ptinvoke ptolemy.vergil.basic.export.ExportModel -force htm  -openComposites -timeOut 30000 -whiteBackground ptolemy/demo/RobotMPC/CollisionAvoidanceWithObservationRobots.xml $PTII/ptolemy/demo/RobotMPC/CollisionAvoidanceWithObservationRobots
Warning: not running ptolemy/demo/RobotMPC/CollisionAvoidanceWithObservationRobots.xml. See ptolemy/vergil/basic/export/test/junit/ExportModelJUnitTest.java
Exported /home/travis/build/icyphy/ptII/ptolemy/demo/RobotMPC/CollisionAvoidanceWithObservationRobots/index.html
80939 ms. Memory: 1095680K Free: 336908K (31%)
####### 6 Thu Oct 08 16:41:38 UTC 2020 $PTII/bin/ptinvoke ptolemy.vergil.basic.export.ExportModel -force htm  -openComposites -timeOut 30000 -whiteBackground ptolemy/demo/RobotMPC/CollisionAvoidanceWithUncertainMeasurement.xml $PTII/ptolemy/demo/RobotMPC/CollisionAvoidanceWithUncertainMeasurement
Warning: not running ptolemy/demo/RobotMPC/CollisionAvoidanceWithUncertainMeasurement.xml. See ptolemy/vergil/basic/export/test/junit/ExportModelJUnitTest.java
Exported /home/travis/build/icyphy/ptII/ptolemy/demo/RobotMPC/CollisionAvoidanceWithUncertainMeasurement/index.html
14893 ms. Memory: 1095680K Free: 644001K (59%)
####### 7 Thu Oct 08 16:41:53 UTC 2020 $PTII/bin/ptinvoke ptolemy.vergil.basic.export.ExportModel -force htm  -openComposites -timeOut 30000 -whiteBackground ptolemy/demo/RobotMPC/RobotMPC.xml $PTII/ptolemy/demo/RobotMPC/RobotMPC
Warning: not running ptolemy/demo/RobotMPC/RobotMPC.xml. See ptolemy/vergil/basic/export/test/junit/ExportModelJUnitTest.java
Exported /home/travis/build/icyphy/ptII/ptolemy/demo/RobotMPC/RobotMPC/index.html
3213 ms. Memory: 1095680K Free: 520087K (47%)
####### 8 Thu Oct 08 16:41:57 UTC 2020 $PTII/bin/ptinvoke ptolemy.vergil.basic.export.ExportModel -force htm  -openComposites -timeOut 30000 -whiteBackground ptolemy/demo/RobotMPC/SimpleChase.xml $PTII/ptolemy/demo/RobotMPC/SimpleChase
Warning: not running ptolemy/demo/RobotMPC/SimpleChase.xml. See ptolemy/vergil/basic/export/test/junit/ExportModelJUnitTest.java
Exported /home/travis/build/icyphy/ptII/ptolemy/demo/RobotMPC/SimpleChase/index.html
5923 ms. Memory: 1095680K Free: 341035K (31%)
####### 9 Thu Oct 08 16:42:02 UTC 2020 $PTII/bin/ptinvoke ptolemy.vergil.basic.export.ExportModel -force htm  -openComposites -timeOut 30000 -whiteBackground ptolemy/distributed/demo/Sleep/Sleep.xml $PTII/ptolemy/distributed/demo/Sleep/Sleep
Warning: not running ptolemy/distributed/demo/Sleep/Sleep.xml. See ptolemy/vergil/basic/export/test/junit/ExportModelJUnitTest.java
Exported /home/travis/build/icyphy/ptII/ptolemy/distributed/demo/Sleep/Sleep/index.html
3172 ms. Memory: 1095680K Free: 231989K (21%)
####### 10 Thu Oct 08 16:42:06 UTC 2020 $PTII/bin/ptinvoke ptolemy.vergil.basic.export.ExportModel -force htm -run -openComposites -timeOut 30000 -whiteBackground ptolemy/domains/algebraic/demo/HeaterOpenTank/HeaterOpenTank.xml $PTII/ptolemy/domains/algebraic/demo/HeaterOpenTank/HeaterOpenTank
Running .HeaterOpenTank
555 ms. Memory: 1095680K Free: 841013K (77%)
Exported /home/travis/build/icyphy/ptII/ptolemy/domains/algebraic/demo/HeaterOpenTank/HeaterOpenTank/index.html
5140 ms. Memory: 1095680K Free: 718545K (66%)
####### 11 Thu Oct 08 16:42:11 UTC 2020 $PTII/bin/ptinvoke ptolemy.vergil.basic.export.ExportModel -force htm -run -openComposites -timeOut 30000 -whiteBackground ptolemy/domains/algebraic/demo/HeaterOpenTank/HeaterOpenTankRefactored.xml $PTII/ptolemy/domains/algebraic/demo/HeaterOpenTank/HeaterOpenTankRefactored
Running .HeaterOpenTankRefactored
86 ms. Memory: 1095680K Free: 732411K (67%)
Exported /home/travis/build/icyphy/ptII/ptolemy/domains/algebraic/demo/HeaterOpenTank/HeaterOpenTankRefactored/index.html
4367 ms. Memory: 1095680K Free: 775002K (71%)
####### 12 Thu Oct 08 16:42:15 UTC 2020 $PTII/bin/ptinvoke ptolemy.vergil.basic.export.ExportModel -force htm -run -openComposites -timeOut 30000 -whiteBackground ptolemy/domains/algebraic/demo/RLC/RLC.xml $PTII/ptolemy/domains/algebraic/demo/RLC/RLC
Running .RLC
63 ms. Memory: 1095680K Free: 662921K (61%)
Exported /home/travis/build/icyphy/ptII/ptolemy/domains/algebraic/demo/RLC/RLC/index.html
4412 ms. Memory: 1095680K Free: 691679K (63%)
####### 13 Thu Oct 08 16:42:20 UTC 2020 $PTII/bin/ptinvoke ptolemy.vergil.basic.export.ExportModel -force htm -run -openComposites -timeOut 30000 -whiteBackground ptolemy/domains/atc/demo/FirstPolicy/FirstPolicy.xml $PTII/ptolemy/domains/atc/demo/FirstPolicy/FirstPolicy
Running .FirstPolicy
ExportHTMLTimer went off after 30000 ms., calling getDirector().finish and getDirector().stopFire()
30001 ms. Memory: 1095680K Free: 803328K (73%)
Exported /home/travis/build/icyphy/ptII/ptolemy/domains/atc/demo/FirstPolicy/FirstPolicy/index.html
34890 ms. Memory: 1095680K Free: 720770K (66%)
####### 14 Thu Oct 08 16:42:54 UTC 2020 $PTII/bin/ptinvoke ptolemy.vergil.basic.export.ExportModel -force htm -run -openComposites -timeOut 30000 -whiteBackground ptolemy/domains/atc/demo/SecondPolicy/SecondPolicy.xml $PTII/ptolemy/domains/atc/demo/SecondPolicy/SecondPolicy
Running .SecondPolicy
ExportHTMLTimer went off after 30000 ms., calling getDirector().finish and getDirector().stopFire()
30000 ms. Memory: 1095680K Free: 706558K (64%)
Exported /home/travis/build/icyphy/ptII/ptolemy/domains/atc/demo/SecondPolicy/SecondPolicy/index.html
34827 ms. Memory: 1095680K Free: 682466K (62%)
####### 15 Thu Oct 08 16:43:29 UTC 2020 $PTII/bin/ptinvoke ptolemy.vergil.basic.export.ExportModel -force htm -run -openComposites -timeOut 30000 -whiteBackground ptolemy/domains/ca/demo/Conway/Conway.xml $PTII/ptolemy/domains/ca/demo/Conway/Conway
Running .Conway
20485 ms. Memory: 1095680K Free: 766462K (70%)
Exported /home/travis/build/icyphy/ptII/ptolemy/domains/ca/demo/Conway/Conway/index.html
24767 ms. Memory: 1095680K Free: 665587K (61%)
####### 16 Thu Oct 08 16:43:54 UTC 2020 $PTII/bin/ptinvoke ptolemy.vergil.basic.export.ExportModel -force htm -run -openComposites -timeOut 30000 -whiteBackground ptolemy/domains/ca/demo/ConwayRandom/ConwayRandom.xml $PTII/ptolemy/domains/ca/demo/ConwayRandom/ConwayRandom
Running .ConwayRandom
ExportHTMLTimer went off after 30000 ms., calling getDirector().finish and getDirector().stopFire()
57710 ms. Memory: 1095680K Free: 276833K (25%)
Exported /home/travis/build/icyphy/ptII/ptolemy/domains/ca/demo/ConwayRandom/ConwayRandom/index.html
61932 ms. Memory: 1095680K Free: 812356K (74%)
####### 17 Thu Oct 08 16:44:56 UTC 2020 $PTII/bin/ptinvoke ptolemy.vergil.basic.export.ExportModel -force htm -run -openComposites -timeOut 30000 -whiteBackground ptolemy/domains/ci/demo/Router/Router.xml $PTII/ptolemy/domains/ci/demo/Router/Router
Running .Router
ExportHTMLTimer went off after 30000 ms., calling getDirector().finish and getDirector().stopFire()
29999 ms. Memory: 1095680K Free: 675665K (62%)
Exported /home/travis/build/icyphy/ptII/ptolemy/domains/ci/demo/Router/Router/index.html
34343 ms. Memory: 1095680K Free: 479544K (44%)
####### 18 Thu Oct 08 16:45:30 UTC 2020 $PTII/bin/ptinvoke ptolemy.vergil.basic.export.ExportModel -force htm -run -openComposites -timeOut 30000 -whiteBackground ptolemy/domains/continuous/demo/BouncingBall/BouncingBall.xml $PTII/ptolemy/domains/continuous/demo/BouncingBall/BouncingBall
Running .BouncingBall
ExportHTMLTimer went off after 30000 ms., calling getDirector().finish and getDirector().stopFire()
29999 ms. Memory: 1095680K Free: 465239K (42%)
Exported /home/travis/build/icyphy/ptII/ptolemy/domains/continuous/demo/BouncingBall/BouncingBall/index.html
34582 ms. Memory: 1095680K Free: 302390K (28%)
####### 19 Thu Oct 08 16:46:05 UTC 2020 $PTII/bin/ptinvoke ptolemy.vergil.basic.export.ExportModel -force htm -run -openComposites -timeOut 30000 -whiteBackground ptolemy/domains/continuous/demo/BouncingBall/BouncingBallWithoutGR.xml $PTII/ptolemy/domains/continuous/demo/BouncingBall/BouncingBallWithoutGR
Running .BouncingBallWithoutGR
692 ms. Memory: 1095680K Free: 814777K (74%)
Exported /home/travis/build/icyphy/ptII/ptolemy/domains/continuous/demo/BouncingBall/BouncingBallWithoutGR/index.html
4990 ms. Memory: 1095680K Free: 688026K (63%)
####### 20 Thu Oct 08 16:46:10 UTC 2020 $PTII/bin/ptinvoke ptolemy.vergil.basic.export.ExportModel -force htm -run -openComposites -timeOut 30000 -whiteBackground ptolemy/domains/continuous/demo/Brownian/Brownian.xml $PTII/ptolemy/domains/continuous/demo/Brownian/Brownian
Running .Brownian
181 ms. Memory: 1095680K Free: 546489K (50%)
Exported /home/travis/build/icyphy/ptII/ptolemy/domains/continuous/demo/Brownian/Brownian/index.html
4414 ms. Memory: 1095680K Free: 495788K (45%)
####### 21 Thu Oct 08 16:46:14 UTC 2020 $PTII/bin/ptinvoke ptolemy.vergil.basic.export.ExportModel -force htm -run -openComposites -timeOut 30000 -whiteBackground ptolemy/domains/continuous/demo/CartPendulum/CartPendulum.xml $PTII/ptolemy/domains/continuous/demo/CartPendulum/CartPendulum
Running .CartPendulum
17828 ms. Memory: 1095680K Free: 714238K (65%)
Exported /home/travis/build/icyphy/ptII/ptolemy/domains/continuous/demo/CartPendulum/CartPendulum/index.html
22547 ms. Memory: 1095680K Free: 353272K (32%)
####### 22 Thu Oct 08 16:46:37 UTC 2020 $PTII/bin/ptinvoke ptolemy.vergil.basic.export.ExportModel -force htm -run -openComposites -timeOut 30000 -whiteBackground ptolemy/domains/continuous/demo/CarTracking/CarTracking.xml $PTII/ptolemy/domains/continuous/demo/CarTracking/CarTracking
Running .CarTracking
3273 ms. Memory: 1095680K Free: 823296K (75%)
Exported /home/travis/build/icyphy/ptII/ptolemy/domains/continuous/demo/CarTracking/CarTracking/index.html
8705 ms. Memory: 1095680K Free: 927136K (85%)
####### 23 Thu Oct 08 16:46:46 UTC 2020 $PTII/bin/ptinvoke ptolemy.vergil.basic.export.ExportModel -force htm -run -openComposites -timeOut 30000 -whiteBackground ptolemy/domains/continuous/demo/ComparedClocks/ComparedClocks.xml $PTII/ptolemy/domains/continuous/demo/ComparedClocks/ComparedClocks
Running .ComparedClocks
91 ms. Memory: 1095680K Free: 765438K (70%)
Exported /home/travis/build/icyphy/ptII/ptolemy/domains/continuous/demo/ComparedClocks/ComparedClocks/index.html
4465 ms. Memory: 1095680K Free: 530417K (48%)
####### 24 Thu Oct 08 16:46:50 UTC 2020 $PTII/bin/ptinvoke ptolemy.vergil.basic.export.ExportModel -force htm -run -openComposites -timeOut 30000 -whiteBackground ptolemy/domains/continuous/demo/ContinuousInsideDE/ContinuousInsideDE.xml $PTII/ptolemy/domains/continuous/demo/ContinuousInsideDE/ContinuousInsideDE
Running .ContinuousInsideDE
79 ms. Memory: 1095680K Free: 399870K (36%)
Exported /home/travis/build/icyphy/ptII/ptolemy/domains/continuous/demo/ContinuousInsideDE/ContinuousInsideDE/index.html
4356 ms. Memory: 1095680K Free: 309229K (28%)
####### 25 Thu Oct 08 16:46:54 UTC 2020 $PTII/bin/ptinvoke ptolemy.vergil.basic.export.ExportModel -force htm -run -openComposites -timeOut 30000 -whiteBackground ptolemy/domains/continuous/demo/DCMotor/DCMotor.xml $PTII/ptolemy/domains/continuous/demo/DCMotor/DCMotor
Running .DCMotor
ExportHTMLTimer went off after 30000 ms., calling getDirector().finish and getDirector().stopFire()
30010 ms. Memory: 1095680K Free: 371222K (34%)
Exported /home/travis/build/icyphy/ptII/ptolemy/domains/continuous/demo/DCMotor/DCMotor/index.html
34396 ms. Memory: 1095680K Free: 830197K (76%)
####### 26 Thu Oct 08 16:47:29 UTC 2020 $PTII/bin/ptinvoke ptolemy.vergil.basic.export.ExportModel -force htm -run -openComposites -timeOut 30000 -whiteBackground ptolemy/domains/continuous/demo/Derivative/Derivative.xml $PTII/ptolemy/domains/continuous/demo/Derivative/Derivative
Running .Derivative
142 ms. Memory: 1095680K Free: 694010K (63%)
Exported /home/travis/build/icyphy/ptII/ptolemy/domains/continuous/demo/Derivative/Derivative/index.html
4364 ms. Memory: 1095680K Free: 595664K (54%)
####### 27 Thu Oct 08 16:47:33 UTC 2020 $PTII/bin/ptinvoke ptolemy.vergil.basic.export.ExportModel -force htm -run -openComposites -timeOut 30000 -whiteBackground ptolemy/domains/continuous/demo/Friction/Friction.xml $PTII/ptolemy/domains/continuous/demo/Friction/Friction
Running .Friction
1468 ms. Memory: 1095680K Free: 880487K (80%)
Exported /home/travis/build/icyphy/ptII/ptolemy/domains/continuous/demo/Friction/Friction/index.html
6168 ms. Memory: 1095680K Free: 860571K (79%)
####### 28 Thu Oct 08 16:47:39 UTC 2020 $PTII/bin/ptinvoke ptolemy.vergil.basic.export.ExportModel -force htm -run -openComposites -timeOut 30000 -whiteBackground ptolemy/domains/continuous/demo/FurutaPendulum/FurutaPendulum.xml $PTII/ptolemy/domains/continuous/demo/FurutaPendulum/FurutaPendulum
Running .FurutaPendulum
23662 ms. Memory: 1095680K Free: 740964K (68%)
Exported /home/travis/build/icyphy/ptII/ptolemy/domains/continuous/demo/FurutaPendulum/FurutaPendulum/index.html
29255 ms. Memory: 1095680K Free: 886766K (81%)
####### 29 Thu Oct 08 16:48:09 UTC 2020 $PTII/bin/ptinvoke ptolemy.vergil.basic.export.ExportModel -force htm -run -openComposites -timeOut 30000 -whiteBackground ptolemy/domains/continuous/demo/HierarchicalExecution/HierarchicalExecution.xml $PTII/ptolemy/domains/continuous/demo/HierarchicalExecution/HierarchicalExecution
Running .HierarchicalExecution
1269 ms. Memory: 1095680K Free: 861689K (79%)
Exported /home/travis/build/icyphy/ptII/ptolemy/domains/continuous/demo/HierarchicalExecution/HierarchicalExecution/index.html
5433 ms. Memory: 1095680K Free: 791006K (72%)
####### 30 Thu Oct 08 16:48:14 UTC 2020 $PTII/bin/ptinvoke ptolemy.vergil.basic.export.ExportModel -force htm -run -openComposites -timeOut 30000 -whiteBackground ptolemy/domains/continuous/demo/HybridPlant/HybridPlant.xml $PTII/ptolemy/domains/continuous/demo/HybridPlant/HybridPlant
Running .HybridPlant
660 ms. Memory: 1095680K Free: 740318K (68%)
Exported /home/travis/build/icyphy/ptII/ptolemy/domains/continuous/demo/HybridPlant/HybridPlant/index.html
4940 ms. Memory: 1095680K Free: 541623K (49%)
####### 31 Thu Oct 08 16:48:19 UTC 2020 $PTII/bin/ptinvoke ptolemy.vergil.basic.export.ExportModel -force htm -run -openComposites -timeOut 30000 -whiteBackground ptolemy/domains/continuous/demo/HybridPlant/RandomHybridPlant.xml $PTII/ptolemy/domains/continuous/demo/HybridPlant/RandomHybridPlant
Running .RandomHybridPlant
600 ms. Memory: 1095680K Free: 877158K (80%)
Exported /home/travis/build/icyphy/ptII/ptolemy/domains/continuous/demo/HybridPlant/RandomHybridPlant/index.html
4984 ms. Memory: 1095680K Free: 672806K (61%)
####### 32 Thu Oct 08 16:48:24 UTC 2020 $PTII/bin/ptinvoke ptolemy.vergil.basic.export.ExportModel -force htm -run -openComposites -timeOut 30000 -whiteBackground ptolemy/domains/continuous/demo/Hysteresis/Hysteresis.xml $PTII/ptolemy/domains/continuous/demo/Hysteresis/Hysteresis
Running .Hysteresis
122 ms. Memory: 1095680K Free: 524902K (48%)
Exported /home/travis/build/icyphy/ptII/ptolemy/domains/continuous/demo/Hysteresis/Hysteresis/index.html
4390 ms. Memory: 1095680K Free: 807824K (74%)
####### 33 Thu Oct 08 16:48:28 UTC 2020 $PTII/bin/ptinvoke ptolemy.vergil.basic.export.ExportModel -force htm -run -openComposites -timeOut 30000 -whiteBackground ptolemy/domains/continuous/demo/Hysteresis/HysteresisWithRandomDelay.xml $PTII/ptolemy/domains/continuous/demo/Hysteresis/HysteresisWithRandomDelay
Running .HysteresisWithRandomDelay
197 ms. Memory: 1095680K Free: 606162K (55%)
Exported /home/travis/build/icyphy/ptII/ptolemy/domains/continuous/demo/Hysteresis/HysteresisWithRandomDelay/index.html
4525 ms. Memory: 1095680K Free: 876222K (80%)
####### 34 Thu Oct 08 16:48:33 UTC 2020 $PTII/bin/ptinvoke ptolemy.vergil.basic.export.ExportModel -force htm -run -openComposites -timeOut 30000 -whiteBackground ptolemy/domains/continuous/demo/Hysteresis/HysteresisWithRandomLosses.xml $PTII/ptolemy/domains/continuous/demo/Hysteresis/HysteresisWithRandomLosses
Running .HysteresisWithRandomLosses
1026 ms. Memory: 1095680K Free: 896442K (82%)
Exported /home/travis/build/icyphy/ptII/ptolemy/domains/continuous/demo/Hysteresis/HysteresisWithRandomLosses/index.html
5354 ms. Memory: 1095680K Free: 755086K (69%)
####### 35 Thu Oct 08 16:48:38 UTC 2020 $PTII/bin/ptinvoke ptolemy.vergil.basic.export.ExportModel -force htm -run -openComposites -timeOut 30000 -whiteBackground ptolemy/domains/continuous/demo/LevelCrossingDetector/LevelCrossingDetector.xml $PTII/ptolemy/domains/continuous/demo/LevelCrossingDetector/LevelCrossingDetector
Running .LevelCrossingDetector
27 ms. Memory: 1095680K Free: 641995K (59%)
Exported /home/travis/build/icyphy/ptII/ptolemy/domains/continuous/demo/LevelCrossingDetector/LevelCrossingDetector/index.html
4232 ms. Memory: 1095680K Free: 584114K (53%)
####### 36 Thu Oct 08 16:48:42 UTC 2020 $PTII/bin/ptinvoke ptolemy.vergil.basic.export.ExportModel -force htm -run -openComposites -timeOut 30000 -whiteBackground ptolemy/domains/continuous/demo/LevelCrossingDetector/LevelCrossingDetectorDetectingDirections.xml $PTII/ptolemy/domains/continuous/demo/LevelCrossingDetector/LevelCrossingDetectorDetectingDirections
Running .LevelCrossingDetectorDetectingDirections
56 ms. Memory: 1095680K Free: 460233K (42%)
Exported /home/travis/build/icyphy/ptII/ptolemy/domains/continuous/demo/LevelCrossingDetector/LevelCrossingDetectorDetectingDirections/index.html
4246 ms. Memory: 1095680K Free: 378250K (35%)
####### 37 Thu Oct 08 16:48:47 UTC 2020 $PTII/bin/ptinvoke ptolemy.vergil.basic.export.ExportModel -force htm -run -openComposites -timeOut 30000 -whiteBackground ptolemy/domains/continuous/demo/LevelCrossingDetectorDetectsGlitches/LevelCrossingDetectorDetectsGlitches.xml $PTII/ptolemy/domains/continuous/demo/LevelCrossingDetectorDetectsGlitches/LevelCrossingDetectorDetectsGlitches
Running .LevelCrossingDetectorDetectsGlitches
84 ms. Memory: 1095680K Free: 883525K (81%)
Exported /home/travis/build/icyphy/ptII/ptolemy/domains/continuous/demo/LevelCrossingDetectorDetectsGlitches/LevelCrossingDetectorDetectsGlitches/index.html
4370 ms. Memory: 1095680K Free: 617016K (56%)
####### 38 Thu Oct 08 16:48:51 UTC 2020 $PTII/bin/ptinvoke ptolemy.vergil.basic.export.ExportModel -force htm -run -openComposites -timeOut 30000 -whiteBackground ptolemy/domains/continuous/demo/Lorenz/Lorenz.xml $PTII/ptolemy/domains/continuous/demo/Lorenz/Lorenz
Running .Lorenz
2936 ms. Memory: 1095680K Free: 433029K (40%)
Exported /home/travis/build/icyphy/ptII/ptolemy/domains/continuous/demo/Lorenz/Lorenz/index.html
7058 ms. Memory: 1095680K Free: 388980K (36%)
####### 39 Thu Oct 08 16:48:58 UTC 2020 $PTII/bin/ptinvoke ptolemy.vergil.basic.export.ExportModel -force htm -run -openComposites -timeOut 30000 -whiteBackground ptolemy/domains/continuous/demo/Lorenz/LorenzDifferentialSystem.xml $PTII/ptolemy/domains/continuous/demo/Lorenz/LorenzDifferentialSystem
Running .LorenzDifferentialSystem
6888 ms. Memory: 1095680K Free: 276031K (25%)
Exported /home/travis/build/icyphy/ptII/ptolemy/domains/continuous/demo/Lorenz/LorenzDifferentialSystem/index.html
11090 ms. Memory: 1095680K Free: 825524K (75%)
####### 40 Thu Oct 08 16:49:09 UTC 2020 $PTII/bin/ptinvoke ptolemy.vergil.basic.export.ExportModel -force htm -run -openComposites -timeOut 30000 -whiteBackground ptolemy/domains/continuous/demo/NewtonsCradle/NewtonsCradle.xml $PTII/ptolemy/domains/continuous/demo/NewtonsCradle/NewtonsCradle
Running .NewtonsCradle
2386 ms. Memory: 1095680K Free: 868444K (79%)
Exported /home/travis/build/icyphy/ptII/ptolemy/domains/continuous/demo/NewtonsCradle/NewtonsCradle/index.html
7652 ms. Memory: 1095680K Free: 829033K (76%)
####### 41 Thu Oct 08 16:49:17 UTC 2020 $PTII/bin/ptinvoke ptolemy.vergil.basic.export.ExportModel -force htm -run -openComposites -timeOut 30000 -whiteBackground ptolemy/domains/continuous/demo/NewtonsCradle/NewtonsCradleAnimated.xml $PTII/ptolemy/domains/continuous/demo/NewtonsCradle/NewtonsCradleAnimated
Running .NewtonsCradleAnimated
ExportHTMLTimer went off after 30000 ms., calling getDirector().finish and getDirector().stopFire()
30076 ms. Memory: 1095680K Free: 732413K (67%)
Exported /home/travis/build/icyphy/ptII/ptolemy/domains/continuous/demo/NewtonsCradle/NewtonsCradleAnimated/index.html
36498 ms. Memory: 1095680K Free: 519568K (47%)
####### 42 Thu Oct 08 16:49:53 UTC 2020 $PTII/bin/ptinvoke ptolemy.vergil.basic.export.ExportModel -force htm -run -openComposites -timeOut 30000 -whiteBackground ptolemy/domains/continuous/demo/NewtonsCradle/NewtonsCradleComplicated.xml $PTII/ptolemy/domains/continuous/demo/NewtonsCradle/NewtonsCradleComplicated
Running .NewtonsCradleComplicated
ExportHTMLTimer went off after 30000 ms., calling getDirector().finish and getDirector().stopFire()
30039 ms. Memory: 1095680K Free: 546198K (50%)
Exported /home/travis/build/icyphy/ptII/ptolemy/domains/continuous/demo/NewtonsCradle/NewtonsCradleComplicated/index.html
34730 ms. Memory: 1095680K Free: 735612K (67%)
####### 43 Thu Oct 08 16:50:28 UTC 2020 $PTII/bin/ptinvoke ptolemy.vergil.basic.export.ExportModel -force htm -run -openComposites -timeOut 30000 -whiteBackground ptolemy/domains/continuous/demo/NewtonsCradle/NewtonsCradleNondeterministic.xml $PTII/ptolemy/domains/continuous/demo/NewtonsCradle/NewtonsCradleNondeterministic
Running .NewtonsCradleNondeterministic
ExportHTMLTimer went off after 30000 ms., calling getDirector().finish and getDirector().stopFire()
30020 ms. Memory: 1095680K Free: 789219K (72%)
Exported /home/travis/build/icyphy/ptII/ptolemy/domains/continuous/demo/NewtonsCradle/NewtonsCradleNondeterministic/index.html
34934 ms. Memory: 1095680K Free: 707880K (65%)
####### 44 Thu Oct 08 16:51:03 UTC 2020 $PTII/bin/ptinvoke ptolemy.vergil.basic.export.ExportModel -force htm -run -openComposites -timeOut 30000 -whiteBackground ptolemy/domains/continuous/demo/NewtonsCradle/NewtonsCradlePerfectlyInelastic1.xml $PTII/ptolemy/domains/continuous/demo/NewtonsCradle/NewtonsCradlePerfectlyInelastic1
Running .NewtonsCradlePerfectlyInelastic1
7168 ms. Memory: 1095680K Free: 237379K (22%)
Exported /home/travis/build/icyphy/ptII/ptolemy/domains/continuous/demo/NewtonsCradle/NewtonsCradlePerfectlyInelastic1/index.html
11858 ms. Memory: 1095680K Free: 438009K (40%)
####### 45 Thu Oct 08 16:51:15 UTC 2020 $PTII/bin/ptinvoke ptolemy.vergil.basic.export.ExportModel -force htm -run -openComposites -timeOut 30000 -whiteBackground ptolemy/domains/continuous/demo/NewtonsCradle/ParameterizedNewtonsCradleAnimated.xml $PTII/ptolemy/domains/continuous/demo/NewtonsCradle/ParameterizedNewtonsCradleAnimated
Running .ParameterizedNewtonsCradleAnimated
9044 ms. Memory: 1095680K Free: 471811K (43%)
Exported /home/travis/build/icyphy/ptII/ptolemy/domains/continuous/demo/NewtonsCradle/ParameterizedNewtonsCradleAnimated/index.html
13907 ms. Memory: 1095680K Free: 514380K (47%)
####### 46 Thu Oct 08 16:51:29 UTC 2020 $PTII/bin/ptinvoke ptolemy.vergil.basic.export.ExportModel -force htm -run -openComposites -timeOut 30000 -whiteBackground ptolemy/domains/continuous/demo/NewtonsCradle/ParameterizedNewtonsCradleAnimatedNondeterministic.xml $PTII/ptolemy/domains/continuous/demo/NewtonsCradle/ParameterizedNewtonsCradleAnimatedNondeterministic
Running .ParameterizedNewtonsCradleAnimatedNondeterministic
ExportHTMLTimer went off after 30000 ms., calling getDirector().finish and getDirector().stopFire()
30050 ms. Memory: 1095680K Free: 498430K (45%)
Exported /home/travis/build/icyphy/ptII/ptolemy/domains/continuous/demo/NewtonsCradle/ParameterizedNewtonsCradleAnimatedNondeterministic/index.html
34838 ms. Memory: 1095680K Free: 557041K (51%)
####### 47 Thu Oct 08 16:52:04 UTC 2020 $PTII/bin/ptinvoke ptolemy.vergil.basic.export.ExportModel -force htm -run -openComposites -timeOut 30000 -whiteBackground ptolemy/domains/continuous/demo/Noise/Noise.xml $PTII/ptolemy/domains/continuous/demo/Noise/Noise
Running .Noise
141 ms. Memory: 1095680K Free: 389630K (36%)
Exported /home/travis/build/icyphy/ptII/ptolemy/domains/continuous/demo/Noise/Noise/index.html
4376 ms. Memory: 1095680K Free: 244706K (22%)
####### 48 Thu Oct 08 16:52:08 UTC 2020 $PTII/bin/ptinvoke ptolemy.vergil.basic.export.ExportModel -force htm -run -openComposites -timeOut 30000 -whiteBackground ptolemy/domains/continuous/demo/Noise/NoiseSpectrum.xml $PTII/ptolemy/domains/continuous/demo/Noise/NoiseSpectrum
Running .NoiseSpectrum
563 ms. Memory: 1095680K Free: 625260K (57%)
Exported /home/travis/build/icyphy/ptII/ptolemy/domains/continuous/demo/Noise/NoiseSpectrum/index.html
4947 ms. Memory: 1095680K Free: 473662K (43%)
####### 49 Thu Oct 08 16:52:13 UTC 2020 $PTII/bin/ptinvoke ptolemy.vergil.basic.export.ExportModel -force htm -run -openComposites -timeOut 30000 -whiteBackground ptolemy/domains/continuous/demo/Noise/SinusoidInNoise.xml $PTII/ptolemy/domains/continuous/demo/Noise/SinusoidInNoise
Running .SinusoidInNoise
1054 ms. Memory: 1095680K Free: 770048K (70%)
Exported /home/travis/build/icyphy/ptII/ptolemy/domains/continuous/demo/Noise/SinusoidInNoise/index.html
5379 ms. Memory: 1095680K Free: 645577K (59%)
####### 50 Thu Oct 08 16:52:18 UTC 2020 $PTII/bin/ptinvoke ptolemy.vergil.basic.export.ExportModel -force htm -run -openComposites -timeOut 30000 -whiteBackground ptolemy/domains/continuous/demo/Pendulum3D/Pendulum3D.xml $PTII/ptolemy/domains/continuous/demo/Pendulum3D/Pendulum3D
Running .Pendulum3D
ExportHTMLTimer went off after 30000 ms., calling getDirector().finish and getDirector().stopFire()
30003 ms. Memory: 1095680K Free: 595564K (54%)
Exported /home/travis/build/icyphy/ptII/ptolemy/domains/continuous/demo/Pendulum3D/Pendulum3D/index.html
34445 ms. Memory: 1095680K Free: 266316K (24%)
####### 51 Thu Oct 08 16:52:53 UTC 2020 $PTII/bin/ptinvoke ptolemy.vergil.basic.export.ExportModel -force htm -run -openComposites -timeOut 30000 -whiteBackground ptolemy/domains/continuous/demo/Poisson/IncreasingRatePoisson.xml $PTII/ptolemy/domains/continuous/demo/Poisson/IncreasingRatePoisson
Running .IncreasingRatePoisson
469 ms. Memory: 1095680K Free: 503402K (46%)
Exported /home/travis/build/icyphy/ptII/ptolemy/domains/continuous/demo/Poisson/IncreasingRatePoisson/index.html
4677 ms. Memory: 1095680K Free: 383057K (35%)
####### 52 Thu Oct 08 16:52:58 UTC 2020 $PTII/bin/ptinvoke ptolemy.vergil.basic.export.ExportModel -force htm -run -openComposites -timeOut 30000 -whiteBackground ptolemy/domains/continuous/demo/Poisson/Poisson.xml $PTII/ptolemy/domains/continuous/demo/Poisson/Poisson
Running .Poisson
362 ms. Memory: 1095680K Free: 716396K (65%)
Exported /home/travis/build/icyphy/ptII/ptolemy/domains/continuous/demo/Poisson/Poisson/index.html
4565 ms. Memory: 1095680K Free: 597050K (54%)
####### 53 Thu Oct 08 16:53:02 UTC 2020 $PTII/bin/ptinvoke ptolemy.vergil.basic.export.ExportModel -force htm -run -openComposites -timeOut 30000 -whiteBackground ptolemy/domains/continuous/demo/SampledClocks/SampledClocks.xml $PTII/ptolemy/domains/continuous/demo/SampledClocks/SampledClocks
Running .SampledClocks
31 ms. Memory: 1095680K Free: 479332K (44%)
Exported /home/travis/build/icyphy/ptII/ptolemy/domains/continuous/demo/SampledClocks/SampledClocks/index.html
4248 ms. Memory: 1095680K Free: 400985K (37%)
####### 54 Thu Oct 08 16:53:06 UTC 2020 $PTII/bin/ptinvoke ptolemy.vergil.basic.export.ExportModel -force htm -run -openComposites -timeOut 30000 -whiteBackground ptolemy/domains/continuous/demo/Satellite/Satellite.xml $PTII/ptolemy/domains/continuous/demo/Satellite/Satellite
Running .Satellite
857 ms. Memory: 1095680K Free: 693356K (63%)
Exported /home/travis/build/icyphy/ptII/ptolemy/domains/continuous/demo/Satellite/Satellite/index.html
4979 ms. Memory: 1095680K Free: 640583K (58%)
####### 55 Thu Oct 08 16:53:11 UTC 2020 $PTII/bin/ptinvoke ptolemy.vergil.basic.export.ExportModel -force htm -run -openComposites -timeOut 30000 -whiteBackground ptolemy/domains/continuous/demo/SigmaDelta/SigmaDelta.xml $PTII/ptolemy/domains/continuous/demo/SigmaDelta/SigmaDelta
Running .SigmaDelta
22812 ms. Memory: 1095680K Free: 477774K (44%)
Exported /home/travis/build/icyphy/ptII/ptolemy/domains/continuous/demo/SigmaDelta/SigmaDelta/index.html
27058 ms. Memory: 1095680K Free: 384553K (35%)
####### 56 Thu Oct 08 16:53:38 UTC 2020 $PTII/bin/ptinvoke ptolemy.vergil.basic.export.ExportModel -force htm -run -openComposites -timeOut 30000 -whiteBackground ptolemy/domains/continuous/demo/SinuBouncingBall/SinuBouncingBall.xml $PTII/ptolemy/domains/continuous/demo/SinuBouncingBall/SinuBouncingBall
Running .SinuBouncingBall
2076 ms. Memory: 1095680K Free: 192578K (18%)
Exported /home/travis/build/icyphy/ptII/ptolemy/domains/continuous/demo/SinuBouncingBall/SinuBouncingBall/index.html
6427 ms. Memory: 1095680K Free: 623858K (57%)
####### 57 Thu Oct 08 16:53:45 UTC 2020 $PTII/bin/ptinvoke ptolemy.vergil.basic.export.ExportModel -force htm -run -openComposites -timeOut 30000 -whiteBackground ptolemy/domains/continuous/demo/Sinusoid/Sinusoid.xml $PTII/ptolemy/domains/continuous/demo/Sinusoid/Sinusoid
Running .Sinusoid
19 ms. Memory: 1095680K Free: 532232K (49%)
Exported /home/travis/build/icyphy/ptII/ptolemy/domains/continuous/demo/Sinusoid/Sinusoid/index.html
4124 ms. Memory: 1095680K Free: 494312K (45%)
####### 58 Thu Oct 08 16:53:49 UTC 2020 $PTII/bin/ptinvoke ptolemy.vergil.basic.export.ExportModel -force htm -run -openComposites -timeOut 30000 -whiteBackground ptolemy/domains/continuous/demo/SquareWave/SquareWave.xml $PTII/ptolemy/domains/continuous/demo/SquareWave/SquareWave
Running .SquareWave
215 ms. Memory: 1095680K Free: 371978K (34%)
Exported /home/travis/build/icyphy/ptII/ptolemy/domains/continuous/demo/SquareWave/SquareWave/index.html
4428 ms. Memory: 1095680K Free: 277218K (25%)
####### 59 Thu Oct 08 16:53:53 UTC 2020 $PTII/bin/ptinvoke ptolemy.vergil.basic.export.ExportModel -force htm -run -openComposites -timeOut 30000 -whiteBackground ptolemy/domains/continuous/demo/Starmac/Starmac.xml $PTII/ptolemy/domains/continuous/demo/Starmac/Starmac
Running .Starmac
5235 ms. Memory: 1095680K Free: 551307K (50%)
Exported /home/travis/build/icyphy/ptII/ptolemy/domains/continuous/demo/Starmac/Starmac/index.html
17960 ms. Memory: 1095680K Free: 722595K (66%)
####### 60 Thu Oct 08 16:54:11 UTC 2020 $PTII/bin/ptinvoke ptolemy.vergil.basic.export.ExportModel -force htm -run -openComposites -timeOut 30000 -whiteBackground ptolemy/domains/continuous/demo/StickyMasses/StickyMasses.xml $PTII/ptolemy/domains/continuous/demo/StickyMasses/StickyMasses
Running .StickyMasses
13065 ms. Memory: 1095680K Free: 727702K (66%)
Exported /home/travis/build/icyphy/ptII/ptolemy/domains/continuous/demo/StickyMasses/StickyMasses/index.html
19183 ms. Memory: 1095680K Free: 464592K (42%)
####### 61 Thu Oct 08 16:54:31 UTC 2020 $PTII/bin/ptinvoke ptolemy.vergil.basic.export.ExportModel -force htm -run -openComposites -timeOut 30000 -whiteBackground ptolemy/domains/continuous/demo/Switch/Switch.xml $PTII/ptolemy/domains/continuous/demo/Switch/Switch
Running .Switch
79 ms. Memory: 1095680K Free: 321304K (29%)
Exported /home/travis/build/icyphy/ptII/ptolemy/domains/continuous/demo/Switch/Switch/index.html
4339 ms. Memory: 1095680K Free: 210653K (19%)
####### 62 Thu Oct 08 16:54:35 UTC 2020 $PTII/bin/ptinvoke ptolemy.vergil.basic.export.ExportModel -force htm -run -openComposites -timeOut 30000 -whiteBackground ptolemy/domains/continuous/demo/Thermostat/Thermostat.xml $PTII/ptolemy/domains/continuous/demo/Thermostat/Thermostat
Running .Thermostat
129 ms. Memory: 1095680K Free: 610586K (56%)
Exported /home/travis/build/icyphy/ptII/ptolemy/domains/continuous/demo/Thermostat/Thermostat/index.html
4429 ms. Memory: 1095680K Free: 457448K (42%)
####### 63 Thu Oct 08 16:54:39 UTC 2020 $PTII/bin/ptinvoke ptolemy.vergil.basic.export.ExportModel -force htm -run -openComposites -timeOut 30000 -whiteBackground ptolemy/domains/continuous/demo/Transmission/EfficiencyCurve.xml $PTII/ptolemy/domains/continuous/demo/Transmission/EfficiencyCurve
Running .EfficiencyCurve
28 ms. Memory: 1095680K Free: 371480K (34%)
Exported /home/travis/build/icyphy/ptII/ptolemy/domains/continuous/demo/Transmission/EfficiencyCurve/index.html
4150 ms. Memory: 1095680K Free: 332546K (30%)
####### 64 Thu Oct 08 16:54:43 UTC 2020 $PTII/bin/ptinvoke ptolemy.vergil.basic.export.ExportModel -force htm -run -openComposites -timeOut 30000 -whiteBackground ptolemy/domains/continuous/demo/Transmission/Transmission.xml $PTII/ptolemy/domains/continuous/demo/Transmission/Transmission
Running .Transmission
806 ms. Memory: 1095680K Free: 556793K (51%)
Exported /home/travis/build/icyphy/ptII/ptolemy/domains/continuous/demo/Transmission/Transmission/index.html
5082 ms. Memory: 1095680K Free: 437500K (40%)
####### 65 Thu Oct 08 16:54:49 UTC 2020 $PTII/bin/ptinvoke ptolemy.vergil.basic.export.ExportModel -force htm -run -openComposites -timeOut 30000 -whiteBackground ptolemy/domains/continuous/demo/TwoMachineInfiniteBusControl/TwoMachineInfiniteBusControl.xml $PTII/ptolemy/domains/continuous/demo/TwoMachineInfiniteBusControl/TwoMachineInfiniteBusControl
Running .TwoMachineInfiniteBusControl
2062 ms. Memory: 1095680K Free: 552730K (50%)
Exported /home/travis/build/icyphy/ptII/ptolemy/domains/continuous/demo/TwoMachineInfiniteBusControl/TwoMachineInfiniteBusControl/index.html
6836 ms. Memory: 1095680K Free: 589036K (54%)
####### 66 Thu Oct 08 16:54:55 UTC 2020 $PTII/bin/ptinvoke ptolemy.vergil.basic.export.ExportModel -force htm -run -openComposites -timeOut 30000 -whiteBackground ptolemy/domains/continuous/demo/V2V/V2V.xml $PTII/ptolemy/domains/continuous/demo/V2V/V2V
Running .V2V
611 ms. Memory: 1095680K Free: 264441K (24%)
Exported /home/travis/build/icyphy/ptII/ptolemy/domains/continuous/demo/V2V/V2V/index.html
5025 ms. Memory: 1095680K Free: 550639K (50%)
####### 67 Thu Oct 08 16:55:00 UTC 2020 $PTII/bin/ptinvoke ptolemy.vergil.basic.export.ExportModel -force htm -run -openComposites -timeOut 30000 -whiteBackground ptolemy/domains/csp/demo/Barrier/Barrier.xml $PTII/ptolemy/domains/csp/demo/Barrier/Barrier
Running .Barrier
ExportHTMLTimer went off after 30000 ms., calling getDirector().finish and getDirector().stopFire()
30053 ms. Memory: 1095680K Free: 163446K (15%)
Exported /home/travis/build/icyphy/ptII/ptolemy/domains/csp/demo/Barrier/Barrier/index.html
34486 ms. Memory: 1095680K Free: 563573K (51%)
####### 68 Thu Oct 08 16:55:35 UTC 2020 $PTII/bin/ptinvoke ptolemy.vergil.basic.export.ExportModel -force htm -run -openComposites -timeOut 30000 -whiteBackground ptolemy/domains/csp/demo/ResourcePool/ResourcePool.xml $PTII/ptolemy/domains/csp/demo/ResourcePool/ResourcePool
Running .ResourcePool
ExportHTMLTimer went off after 30000 ms., calling getDirector().finish and getDirector().stopFire()
30009 ms. Memory: 1095680K Free: 215979K (20%)
Exported /home/travis/build/icyphy/ptII/ptolemy/domains/csp/demo/ResourcePool/ResourcePool/index.html
34127 ms. Memory: 1095680K Free: 186252K (17%)
####### 69 Thu Oct 08 16:56:09 UTC 2020 $PTII/bin/ptinvoke ptolemy.vergil.basic.export.ExportModel -force htm -run -openComposites -timeOut 30000 -whiteBackground ptolemy/domains/csp/demo/WriteRegulator/WriteRegulator.xml $PTII/ptolemy/domains/csp/demo/WriteRegulator/WriteRegulator
Running .WriteRegulator
ExportHTMLTimer went off after 30000 ms., calling getDirector().finish and getDirector().stopFire()
30028 ms. Memory: 1095680K Free: 648619K (59%)
Exported /home/travis/build/icyphy/ptII/ptolemy/domains/csp/demo/WriteRegulator/WriteRegulator/index.html
34156 ms. Memory: 1095680K Free: 619920K (57%)
####### 70 Thu Oct 08 16:56:43 UTC 2020 $PTII/bin/ptinvoke ptolemy.vergil.basic.export.ExportModel -force htm -run -openComposites -timeOut 30000 -whiteBackground ptolemy/domains/curriculum/demo/Curriculum/Curriculum.xml $PTII/ptolemy/domains/curriculum/demo/Curriculum/Curriculum
Model ".Curriculum" contains actors such cannot be run  as part of the export process from ExportModel or it has a WebExportParameters value that runBeforeExport set to false. To export run this model and export it, use vergil.
Exported /home/travis/build/icyphy/ptII/ptolemy/domains/curriculum/demo/Curriculum/Curriculum/index.html
3499 ms. Memory: 1095680K Free: 176515K (16%)
####### 71 Thu Oct 08 16:56:47 UTC 2020 $PTII/bin/ptinvoke ptolemy.vergil.basic.export.ExportModel -force htm -run -openComposites -timeOut 30000 -whiteBackground ptolemy/domains/dde/demo/LocalZeno/LocalZeno.xml $PTII/ptolemy/domains/dde/demo/LocalZeno/LocalZeno
Running .LocalZeno
ExportHTMLTimer went off after 30000 ms., calling getDirector().finish and getDirector().stopFire()
30086 ms. Memory: 1095680K Free: 631213K (58%)
Exported /home/travis/build/icyphy/ptII/ptolemy/domains/dde/demo/LocalZeno/LocalZeno/index.html
34275 ms. Memory: 1095680K Free: 565140K (52%)
####### 72 Thu Oct 08 16:57:21 UTC 2020 $PTII/bin/ptinvoke ptolemy.vergil.basic.export.ExportModel -force htm -run -openComposites -timeOut 30000 -whiteBackground ptolemy/domains/ddf/demo/Eratosthenes/Eratosthenes.xml $PTII/ptolemy/domains/ddf/demo/Eratosthenes/Eratosthenes
Running .Eratosthenes
841 ms. Memory: 1095680K Free: 648619K (59%)
Exported /home/travis/build/icyphy/ptII/ptolemy/domains/ddf/demo/Eratosthenes/Eratosthenes/index.html
9624 ms. Memory: 1095680K Free: 317475K (29%)
####### 73 Thu Oct 08 16:57:31 UTC 2020 $PTII/bin/ptinvoke ptolemy.vergil.basic.export.ExportModel -force htm -run -openComposites -timeOut 30000 -whiteBackground ptolemy/domains/ddf/demo/Factorial/Factorial.xml $PTII/ptolemy/domains/ddf/demo/Factorial/Factorial
Running .Factorial
79 ms. Memory: 1095680K Free: 197159K (18%)
Exported /home/travis/build/icyphy/ptII/ptolemy/domains/ddf/demo/Factorial/Factorial/index.html
5999 ms. Memory: 1095680K Free: 530499K (48%)
####### 74 Thu Oct 08 16:57:37 UTC 2020 $PTII/bin/ptinvoke ptolemy.vergil.basic.export.ExportModel -force htm -run -openComposites -timeOut 30000 -whiteBackground ptolemy/domains/ddf/demo/HanoiTower/HanoiTower.xml $PTII/ptolemy/domains/ddf/demo/HanoiTower/HanoiTower
Running .HanoiTower
ExportHTMLTimer went off after 30000 ms., calling getDirector().finish and getDirector().stopFire()
30034 ms. Memory: 1095680K Free: 209223K (19%)
Exported /home/travis/build/icyphy/ptII/ptolemy/domains/ddf/demo/HanoiTower/HanoiTower/index.html
70869 ms. Memory: 1095680K Free: 568252K (52%)
####### 75 Thu Oct 08 16:58:47 UTC 2020 $PTII/bin/ptinvoke ptolemy.vergil.basic.export.ExportModel -force htm -run -openComposites -timeOut 30000 -whiteBackground ptolemy/domains/ddf/demo/IfThenElse/IfThenElse.xml $PTII/ptolemy/domains/ddf/demo/IfThenElse/IfThenElse
Running .IfThenElse
22 ms. Memory: 1095680K Free: 455097K (42%)
Exported /home/travis/build/icyphy/ptII/ptolemy/domains/ddf/demo/IfThenElse/IfThenElse/index.html
4180 ms. Memory: 1095680K Free: 665217K (61%)
####### 76 Thu Oct 08 16:58:52 UTC 2020 $PTII/bin/ptinvoke ptolemy.vergil.basic.export.ExportModel -force htm -run -openComposites -timeOut 30000 -whiteBackground ptolemy/domains/ddf/demo/IfThenElse/IfThenElseFSM.xml $PTII/ptolemy/domains/ddf/demo/IfThenElse/IfThenElseFSM
Running .IfThenElseFSM
54 ms. Memory: 1095680K Free: 534717K (49%)
Exported /home/travis/build/icyphy/ptII/ptolemy/domains/ddf/demo/IfThenElse/IfThenElseFSM/index.html
4340 ms. Memory: 1095680K Free: 363150K (33%)
####### 77 Thu Oct 08 16:58:56 UTC 2020 $PTII/bin/ptinvoke ptolemy.vergil.basic.export.ExportModel -force htm -run -openComposites -timeOut 30000 -whiteBackground ptolemy/domains/ddf/demo/Loop/Loop.xml $PTII/ptolemy/domains/ddf/demo/Loop/Loop
Running .Loop
29 ms. Memory: 1095680K Free: 702850K (64%)
Exported /home/travis/build/icyphy/ptII/ptolemy/domains/ddf/demo/Loop/Loop/index.html
4232 ms. Memory: 1095680K Free: 730317K (67%)
####### 78 Thu Oct 08 16:59:00 UTC 2020 $PTII/bin/ptinvoke ptolemy.vergil.basic.export.ExportModel -force htm -run -openComposites -timeOut 30000 -whiteBackground ptolemy/domains/ddf/demo/OrderedMerge/OrderedMerge.xml $PTII/ptolemy/domains/ddf/demo/OrderedMerge/OrderedMerge
Running .OrderedMerge
23 ms. Memory: 1095680K Free: 628477K (57%)
Exported /home/travis/build/icyphy/ptII/ptolemy/domains/ddf/demo/OrderedMerge/OrderedMerge/index.html
4153 ms. Memory: 1095680K Free: 599777K (55%)
####### 79 Thu Oct 08 16:59:04 UTC 2020 $PTII/bin/ptinvoke ptolemy.vergil.basic.export.ExportModel -force htm -run -openComposites -timeOut 30000 -whiteBackground ptolemy/domains/ddf/demo/RandomWalk/RandomWalk.xml $PTII/ptolemy/domains/ddf/demo/RandomWalk/RandomWalk
Running .RandomWalk
37 ms. Memory: 1095680K Free: 479997K (44%)
Exported /home/travis/build/icyphy/ptII/ptolemy/domains/ddf/demo/RandomWalk/RandomWalk/index.html
4213 ms. Memory: 1095680K Free: 684241K (62%)
####### 80 Thu Oct 08 16:59:09 UTC 2020 $PTII/bin/ptinvoke ptolemy.vergil.basic.export.ExportModel -force htm  -openComposites -timeOut 30000 -whiteBackground ptolemy/domains/ddf/demo/RijndaelEncryption/RijndaelEncryption.xml $PTII/ptolemy/domains/ddf/demo/RijndaelEncryption/RijndaelEncryption
Warning: not running ptolemy/domains/ddf/demo/RijndaelEncryption/RijndaelEncryption.xml. See ptolemy/vergil/basic/export/test/junit/ExportModelJUnitTest.java
Exported /home/travis/build/icyphy/ptII/ptolemy/domains/ddf/demo/RijndaelEncryption/RijndaelEncryption/index.html
5240 ms. Memory: 1095680K Free: 327835K (30%)
####### 81 Thu Oct 08 16:59:14 UTC 2020 $PTII/bin/ptinvoke ptolemy.vergil.basic.export.ExportModel -force htm -run -openComposites -timeOut 30000 -whiteBackground ptolemy/domains/de/demo/AFDX/AFDX.xml $PTII/ptolemy/domains/de/demo/AFDX/AFDX
Running .AFDX
95 ms. Memory: 1095680K Free: 718489K (66%)
Exported /home/travis/build/icyphy/ptII/ptolemy/domains/de/demo/AFDX/AFDX/index.html
4464 ms. Memory: 1095680K Free: 672761K (61%)
####### 82 Thu Oct 08 16:59:18 UTC 2020 $PTII/bin/ptinvoke ptolemy.vergil.basic.export.ExportModel -force htm -run -openComposites -timeOut 30000 -whiteBackground ptolemy/domains/de/demo/AssemblyLine/AssemblyLine.xml $PTII/ptolemy/domains/de/demo/AssemblyLine/AssemblyLine
Running .AssemblyLine
19 ms. Memory: 1095680K Free: 536667K (49%)
Exported /home/travis/build/icyphy/ptII/ptolemy/domains/de/demo/AssemblyLine/AssemblyLine/index.html
4192 ms. Memory: 1095680K Free: 491091K (45%)
####### 83 Thu Oct 08 16:59:22 UTC 2020 $PTII/bin/ptinvoke ptolemy.vergil.basic.export.ExportModel -force htm -run -openComposites -timeOut 30000 -whiteBackground ptolemy/domains/de/demo/Bus/Bus.xml $PTII/ptolemy/domains/de/demo/Bus/Bus
Running .Bus
12 ms. Memory: 1095680K Free: 405104K (37%)
Exported /home/travis/build/icyphy/ptII/ptolemy/domains/de/demo/Bus/Bus/index.html
4187 ms. Memory: 1095680K Free: 283218K (26%)
####### 84 Thu Oct 08 16:59:27 UTC 2020 $PTII/bin/ptinvoke ptolemy.vergil.basic.export.ExportModel -force htm  -openComposites -timeOut 30000 -whiteBackground ptolemy/domains/de/demo/Clock/Clock.xml $PTII/ptolemy/domains/de/demo/Clock/Clock
Warning: not running ptolemy/domains/de/demo/Clock/Clock.xml. See ptolemy/vergil/basic/export/test/junit/ExportModelJUnitTest.java
Exported /home/travis/build/icyphy/ptII/ptolemy/domains/de/demo/Clock/Clock/index.html
3218 ms. Memory: 1095680K Free: 627296K (57%)
####### 85 Thu Oct 08 16:59:30 UTC 2020 $PTII/bin/ptinvoke ptolemy.vergil.basic.export.ExportModel -force htm -run -openComposites -timeOut 30000 -whiteBackground ptolemy/domains/de/demo/ClockDrift/ClockDrift.xml $PTII/ptolemy/domains/de/demo/ClockDrift/ClockDrift
Running .ClockDrift
41 ms. Memory: 1095680K Free: 536196K (49%)
Exported /home/travis/build/icyphy/ptII/ptolemy/domains/de/demo/ClockDrift/ClockDrift/index.html
4237 ms. Memory: 1095680K Free: 430176K (39%)
####### 86 Thu Oct 08 16:59:34 UTC 2020 $PTII/bin/ptinvoke ptolemy.vergil.basic.export.ExportModel -force htm -run -openComposites -timeOut 30000 -whiteBackground ptolemy/domains/de/demo/DateDemo/DateDemo.xml $PTII/ptolemy/domains/de/demo/DateDemo/DateDemo
Running .DateDemo
3100 ms. Memory: 1095680K Free: 625969K (57%)
Exported /home/travis/build/icyphy/ptII/ptolemy/domains/de/demo/DateDemo/DateDemo/index.html
7403 ms. Memory: 1095680K Free: 672025K (61%)
####### 87 Thu Oct 08 16:59:42 UTC 2020 $PTII/bin/ptinvoke ptolemy.vergil.basic.export.ExportModel -force htm -run -openComposites -timeOut 30000 -whiteBackground ptolemy/domains/de/demo/EventButton/EventButton.xml $PTII/ptolemy/domains/de/demo/EventButton/EventButton
Running .EventButton
ExportHTMLTimer went off after 30000 ms., calling getDirector().finish and getDirector().stopFire()
30004 ms. Memory: 1095680K Free: 702372K (64%)
Exported /home/travis/build/icyphy/ptII/ptolemy/domains/de/demo/EventButton/EventButton/index.html
34186 ms. Memory: 1095680K Free: 734190K (67%)
####### 88 Thu Oct 08 17:00:16 UTC 2020 $PTII/bin/ptinvoke ptolemy.vergil.basic.export.ExportModel -force htm -run -openComposites -timeOut 30000 -whiteBackground ptolemy/domains/de/demo/Inspection/Inspection.xml $PTII/ptolemy/domains/de/demo/Inspection/Inspection
Running .Inspection
49 ms. Memory: 1095680K Free: 729584K (67%)
Exported /home/travis/build/icyphy/ptII/ptolemy/domains/de/demo/Inspection/Inspection/index.html
4266 ms. Memory: 1095680K Free: 639699K (58%)
####### 89 Thu Oct 08 17:00:20 UTC 2020 $PTII/bin/ptinvoke ptolemy.vergil.basic.export.ExportModel -force htm  -openComposites -timeOut 30000 -whiteBackground ptolemy/domains/de/demo/LineFault/LineFault.xml $PTII/ptolemy/domains/de/demo/LineFault/LineFault
Warning: not running ptolemy/domains/de/demo/LineFault/LineFault.xml. See ptolemy/vergil/basic/export/test/junit/ExportModelJUnitTest.java
Exported /home/travis/build/icyphy/ptII/ptolemy/domains/de/demo/LineFault/LineFault/index.html
7482 ms. Memory: 1095680K Free: 277695K (25%)
####### 90 Thu Oct 08 17:00:27 UTC 2020 $PTII/bin/ptinvoke ptolemy.vergil.basic.export.ExportModel -force htm  -openComposites -timeOut 30000 -whiteBackground ptolemy/domains/de/demo/LongRuns/LongRuns.xml $PTII/ptolemy/domains/de/demo/LongRuns/LongRuns
Warning: not running ptolemy/domains/de/demo/LongRuns/LongRuns.xml. See ptolemy/vergil/basic/export/test/junit/ExportModelJUnitTest.java
Exported /home/travis/build/icyphy/ptII/ptolemy/domains/de/demo/LongRuns/LongRuns/index.html
3243 ms. Memory: 1095680K Free: 685347K (63%)
####### 91 Thu Oct 08 17:00:31 UTC 2020 $PTII/bin/ptinvoke ptolemy.vergil.basic.export.ExportModel -force htm -run -openComposites -timeOut 30000 -whiteBackground ptolemy/domains/de/demo/ModalModel/ModalModel.xml $PTII/ptolemy/domains/de/demo/ModalModel/ModalModel
Running .ModalModel
201 ms. Memory: 1095680K Free: 484154K (44%)
[...]
4761 ms. Memory: 1095680K Free: 315691K (29%)
####### 125 Thu Oct 08 17:10:15 UTC 2020 $PTII/bin/ptinvoke ptolemy.vergil.basic.export.ExportModel -force htm -run -openComposites -timeOut 30000 -whiteBackground ptolemy/domains/modal/demo/PersistentIO/PersistentIO.xml $PTII/ptolemy/domains/modal/demo/PersistentIO/PersistentIO
Running .PersistentIO
35 ms. Memory: 1095680K Free: 657772K (60%)
Exported /home/travis/build/icyphy/ptII/ptolemy/domains/modal/demo/PersistentIO/PersistentIO/index.html
4364 ms. Memory: 1095680K Free: 613378K (56%)
####### 126 Thu Oct 08 17:10:19 UTC 2020 $PTII/bin/ptinvoke ptolemy.vergil.basic.export.ExportModel -force htm -run -openComposites -timeOut 30000 -whiteBackground ptolemy/domains/modal/demo/StateTracker/StateTracker.xml $PTII/ptolemy/domains/modal/demo/StateTracker/StateTracker
Running .StateTracker
37 ms. Memory: 1095680K Free: 507536K (46%)
Exported /home/travis/build/icyphy/ptII/ptolemy/domains/modal/demo/StateTracker/StateTracker/index.html
4460 ms. Memory: 1095680K Free: 326710K (30%)
####### 127 Thu Oct 08 17:10:24 UTC 2020 $PTII/bin/ptinvoke ptolemy.vergil.basic.export.ExportModel -force htm  -openComposites -timeOut 30000 -whiteBackground ptolemy/domains/modal/demo/SystemLevelType/CSPDomain.xml $PTII/ptolemy/domains/modal/demo/SystemLevelType/CSPDomain
Warning: not running ptolemy/domains/modal/demo/SystemLevelType/CSPDomain.xml. See ptolemy/vergil/basic/export/test/junit/ExportModelJUnitTest.java
Exported /home/travis/build/icyphy/ptII/ptolemy/domains/modal/demo/SystemLevelType/CSPDomain/index.html
3216 ms. Memory: 1095680K Free: 668461K (61%)
####### 128 Thu Oct 08 17:10:27 UTC 2020 $PTII/bin/ptinvoke ptolemy.vergil.basic.export.ExportModel -force htm  -openComposites -timeOut 30000 -whiteBackground ptolemy/domains/modal/demo/SystemLevelType/CSPDomain_PolyActor.xml $PTII/ptolemy/domains/modal/demo/SystemLevelType/CSPDomain_PolyActor
Warning: not running ptolemy/domains/modal/demo/SystemLevelType/CSPDomain_PolyActor.xml. See ptolemy/vergil/basic/export/test/junit/ExportModelJUnitTest.java
Exported /home/travis/build/icyphy/ptII/ptolemy/domains/modal/demo/SystemLevelType/CSPDomain_PolyActor/index.html
3129 ms. Memory: 1095680K Free: 553270K (50%)
####### 129 Thu Oct 08 17:10:30 UTC 2020 $PTII/bin/ptinvoke ptolemy.vergil.basic.export.ExportModel -force htm  -openComposites -timeOut 30000 -whiteBackground ptolemy/domains/modal/demo/SystemLevelType/CSPDomain_SDFActor.xml $PTII/ptolemy/domains/modal/demo/SystemLevelType/CSPDomain_SDFActor
Warning: not running ptolemy/domains/modal/demo/SystemLevelType/CSPDomain_SDFActor.xml. See ptolemy/vergil/basic/export/test/junit/ExportModelJUnitTest.java
Exported /home/travis/build/icyphy/ptII/ptolemy/domains/modal/demo/SystemLevelType/CSPDomain_SDFActor/index.html
3129 ms. Memory: 1095680K Free: 441653K (40%)
####### 130 Thu Oct 08 17:10:33 UTC 2020 $PTII/bin/ptinvoke ptolemy.vergil.basic.export.ExportModel -force htm  -openComposites -timeOut 30000 -whiteBackground ptolemy/domains/modal/demo/SystemLevelType/DEDomain.xml $PTII/ptolemy/domains/modal/demo/SystemLevelType/DEDomain
Warning: not running ptolemy/domains/modal/demo/SystemLevelType/DEDomain.xml. See ptolemy/vergil/basic/export/test/junit/ExportModelJUnitTest.java
Exported /home/travis/build/icyphy/ptII/ptolemy/domains/modal/demo/SystemLevelType/DEDomain/index.html
3204 ms. Memory: 1095680K Free: 316705K (29%)
####### 131 Thu Oct 08 17:10:37 UTC 2020 $PTII/bin/ptinvoke ptolemy.vergil.basic.export.ExportModel -force htm  -openComposites -timeOut 30000 -whiteBackground ptolemy/domains/modal/demo/SystemLevelType/DEDomain_PolyActor.xml $PTII/ptolemy/domains/modal/demo/SystemLevelType/DEDomain_PolyActor
Warning: not running ptolemy/domains/modal/demo/SystemLevelType/DEDomain_PolyActor.xml. See ptolemy/vergil/basic/export/test/junit/ExportModelJUnitTest.java
Exported /home/travis/build/icyphy/ptII/ptolemy/domains/modal/demo/SystemLevelType/DEDomain_PolyActor/index.html
3149 ms. Memory: 1095680K Free: 678192K (62%)
####### 132 Thu Oct 08 17:10:40 UTC 2020 $PTII/bin/ptinvoke ptolemy.vergil.basic.export.ExportModel -force htm  -openComposites -timeOut 30000 -whiteBackground ptolemy/domains/modal/demo/SystemLevelType/DEDomain_SDFActor.xml $PTII/ptolemy/domains/modal/demo/SystemLevelType/DEDomain_SDFActor
Warning: not running ptolemy/domains/modal/demo/SystemLevelType/DEDomain_SDFActor.xml. See ptolemy/vergil/basic/export/test/junit/ExportModelJUnitTest.java
Exported /home/travis/build/icyphy/ptII/ptolemy/domains/modal/demo/SystemLevelType/DEDomain_SDFActor/index.html
3110 ms. Memory: 1095680K Free: 564534K (52%)
####### 133 Thu Oct 08 17:10:43 UTC 2020 $PTII/bin/ptinvoke ptolemy.vergil.basic.export.ExportModel -force htm  -openComposites -timeOut 30000 -whiteBackground ptolemy/domains/modal/demo/SystemLevelType/DP.xml $PTII/ptolemy/domains/modal/demo/SystemLevelType/DP
Warning: not running ptolemy/domains/modal/demo/SystemLevelType/DP.xml. See ptolemy/vergil/basic/export/test/junit/ExportModelJUnitTest.java
Exported /home/travis/build/icyphy/ptII/ptolemy/domains/modal/demo/SystemLevelType/DP/index.html
3118 ms. Memory: 1095680K Free: 451379K (41%)
####### 134 Thu Oct 08 17:10:46 UTC 2020 $PTII/bin/ptinvoke ptolemy.vergil.basic.export.ExportModel -force htm  -openComposites -timeOut 30000 -whiteBackground ptolemy/domains/modal/demo/SystemLevelType/DummyDirector1.xml $PTII/ptolemy/domains/modal/demo/SystemLevelType/DummyDirector1
Warning: not running ptolemy/domains/modal/demo/SystemLevelType/DummyDirector1.xml. See ptolemy/vergil/basic/export/test/junit/ExportModelJUnitTest.java
Exported /home/travis/build/icyphy/ptII/ptolemy/domains/modal/demo/SystemLevelType/DummyDirector1/index.html
3184 ms. Memory: 1095680K Free: 350000K (32%)
####### 135 Thu Oct 08 17:10:49 UTC 2020 $PTII/bin/ptinvoke ptolemy.vergil.basic.export.ExportModel -force htm  -openComposites -timeOut 30000 -whiteBackground ptolemy/domains/modal/demo/SystemLevelType/DummyDirector1_SDFActor.xml $PTII/ptolemy/domains/modal/demo/SystemLevelType/DummyDirector1_SDFActor
Warning: not running ptolemy/domains/modal/demo/SystemLevelType/DummyDirector1_SDFActor.xml. See ptolemy/vergil/basic/export/test/junit/ExportModelJUnitTest.java
Exported /home/travis/build/icyphy/ptII/ptolemy/domains/modal/demo/SystemLevelType/DummyDirector1_SDFActor/index.html
3114 ms. Memory: 1095680K Free: 244531K (22%)
####### 136 Thu Oct 08 17:10:52 UTC 2020 $PTII/bin/ptinvoke ptolemy.vergil.basic.export.ExportModel -force htm  -openComposites -timeOut 30000 -whiteBackground ptolemy/domains/modal/demo/SystemLevelType/DummyDirector2.xml $PTII/ptolemy/domains/modal/demo/SystemLevelType/DummyDirector2
Warning: not running ptolemy/domains/modal/demo/SystemLevelType/DummyDirector2.xml. See ptolemy/vergil/basic/export/test/junit/ExportModelJUnitTest.java
Exported /home/travis/build/icyphy/ptII/ptolemy/domains/modal/demo/SystemLevelType/DummyDirector2/index.html
3134 ms. Memory: 1095680K Free: 681429K (62%)
####### 137 Thu Oct 08 17:10:55 UTC 2020 $PTII/bin/ptinvoke ptolemy.vergil.basic.export.ExportModel -force htm  -openComposites -timeOut 30000 -whiteBackground ptolemy/domains/modal/demo/SystemLevelType/DummyDirector2_SDFActor.xml $PTII/ptolemy/domains/modal/demo/SystemLevelType/DummyDirector2_SDFActor
Warning: not running ptolemy/domains/modal/demo/SystemLevelType/DummyDirector2_SDFActor.xml. See ptolemy/vergil/basic/export/test/junit/ExportModelJUnitTest.java
Exported /home/travis/build/icyphy/ptII/ptolemy/domains/modal/demo/SystemLevelType/DummyDirector2_SDFActor/index.html
3105 ms. Memory: 1095680K Free: 581592K (53%)
####### 138 Thu Oct 08 17:10:59 UTC 2020 $PTII/bin/ptinvoke ptolemy.vergil.basic.export.ExportModel -force htm  -openComposites -timeOut 30000 -whiteBackground ptolemy/domains/modal/demo/SystemLevelType/InterruptableWaitingThreadA.xml $PTII/ptolemy/domains/modal/demo/SystemLevelType/InterruptableWaitingThreadA
Warning: not running ptolemy/domains/modal/demo/SystemLevelType/InterruptableWaitingThreadA.xml. See ptolemy/vergil/basic/export/test/junit/ExportModelJUnitTest.java
Exported /home/travis/build/icyphy/ptII/ptolemy/domains/modal/demo/SystemLevelType/InterruptableWaitingThreadA/index.html
3144 ms. Memory: 1095680K Free: 441792K (40%)
####### 139 Thu Oct 08 17:11:02 UTC 2020 $PTII/bin/ptinvoke ptolemy.vergil.basic.export.ExportModel -force htm  -openComposites -timeOut 30000 -whiteBackground ptolemy/domains/modal/demo/SystemLevelType/Interrupter.xml $PTII/ptolemy/domains/modal/demo/SystemLevelType/Interrupter
Warning: not running ptolemy/domains/modal/demo/SystemLevelType/Interrupter.xml. See ptolemy/vergil/basic/export/test/junit/ExportModelJUnitTest.java
Exported /home/travis/build/icyphy/ptII/ptolemy/domains/modal/demo/SystemLevelType/Interrupter/index.html
3142 ms. Memory: 1095680K Free: 322519K (29%)
####### 140 Thu Oct 08 17:11:05 UTC 2020 $PTII/bin/ptinvoke ptolemy.vergil.basic.export.ExportModel -force htm  -openComposites -timeOut 30000 -whiteBackground ptolemy/domains/modal/demo/SystemLevelType/Monitor.xml $PTII/ptolemy/domains/modal/demo/SystemLevelType/Monitor
Warning: not running ptolemy/domains/modal/demo/SystemLevelType/Monitor.xml. See ptolemy/vergil/basic/export/test/junit/ExportModelJUnitTest.java
Exported /home/travis/build/icyphy/ptII/ptolemy/domains/modal/demo/SystemLevelType/Monitor/index.html
3124 ms. Memory: 1095680K Free: 702542K (64%)
####### 141 Thu Oct 08 17:11:08 UTC 2020 $PTII/bin/ptinvoke ptolemy.vergil.basic.export.ExportModel -force htm  -openComposites -timeOut 30000 -whiteBackground ptolemy/domains/modal/demo/SystemLevelType/PNDomain.xml $PTII/ptolemy/domains/modal/demo/SystemLevelType/PNDomain
Warning: not running ptolemy/domains/modal/demo/SystemLevelType/PNDomain.xml. See ptolemy/vergil/basic/export/test/junit/ExportModelJUnitTest.java
Exported /home/travis/build/icyphy/ptII/ptolemy/domains/modal/demo/SystemLevelType/PNDomain/index.html
3136 ms. Memory: 1095680K Free: 680213K (62%)
####### 142 Thu Oct 08 17:11:11 UTC 2020 $PTII/bin/ptinvoke ptolemy.vergil.basic.export.ExportModel -force htm  -openComposites -timeOut 30000 -whiteBackground ptolemy/domains/modal/demo/SystemLevelType/PNDomain_PolyActor.xml $PTII/ptolemy/domains/modal/demo/SystemLevelType/PNDomain_PolyActor
Warning: not running ptolemy/domains/modal/demo/SystemLevelType/PNDomain_PolyActor.xml. See ptolemy/vergil/basic/export/test/junit/ExportModelJUnitTest.java
Exported /home/travis/build/icyphy/ptII/ptolemy/domains/modal/demo/SystemLevelType/PNDomain_PolyActor/index.html
3118 ms. Memory: 1095680K Free: 692501K (63%)
####### 143 Thu Oct 08 17:11:14 UTC 2020 $PTII/bin/ptinvoke ptolemy.vergil.basic.export.ExportModel -force htm  -openComposites -timeOut 30000 -whiteBackground ptolemy/domains/modal/demo/SystemLevelType/PNDomain_SDFActor.xml $PTII/ptolemy/domains/modal/demo/SystemLevelType/PNDomain_SDFActor
Warning: not running ptolemy/domains/modal/demo/SystemLevelType/PNDomain_SDFActor.xml. See ptolemy/vergil/basic/export/test/junit/ExportModelJUnitTest.java
Exported /home/travis/build/icyphy/ptII/ptolemy/domains/modal/demo/SystemLevelType/PNDomain_SDFActor/index.html
3147 ms. Memory: 1095680K Free: 584470K (53%)
####### 144 Thu Oct 08 17:11:17 UTC 2020 $PTII/bin/ptinvoke ptolemy.vergil.basic.export.ExportModel -force htm  -openComposites -timeOut 30000 -whiteBackground ptolemy/domains/modal/demo/SystemLevelType/PolyActor.xml $PTII/ptolemy/domains/modal/demo/SystemLevelType/PolyActor
Warning: not running ptolemy/domains/modal/demo/SystemLevelType/PolyActor.xml. See ptolemy/vergil/basic/export/test/junit/ExportModelJUnitTest.java
Exported /home/travis/build/icyphy/ptII/ptolemy/domains/modal/demo/SystemLevelType/PolyActor/index.html
3128 ms. Memory: 1095680K Free: 462615K (42%)
####### 145 Thu Oct 08 17:11:21 UTC 2020 $PTII/bin/ptinvoke ptolemy.vergil.basic.export.ExportModel -force htm  -openComposites -timeOut 30000 -whiteBackground ptolemy/domains/modal/demo/SystemLevelType/SDFActor.xml $PTII/ptolemy/domains/modal/demo/SystemLevelType/SDFActor
Warning: not running ptolemy/domains/modal/demo/SystemLevelType/SDFActor.xml. See ptolemy/vergil/basic/export/test/junit/ExportModelJUnitTest.java
Exported /home/travis/build/icyphy/ptII/ptolemy/domains/modal/demo/SystemLevelType/SDFActor/index.html
3145 ms. Memory: 1095680K Free: 351002K (32%)
####### 146 Thu Oct 08 17:11:24 UTC 2020 $PTII/bin/ptinvoke ptolemy.vergil.basic.export.ExportModel -force htm  -openComposites -timeOut 30000 -whiteBackground ptolemy/domains/modal/demo/SystemLevelType/SDFDomain.xml $PTII/ptolemy/domains/modal/demo/SystemLevelType/SDFDomain
Warning: not running ptolemy/domains/modal/demo/SystemLevelType/SDFDomain.xml. See ptolemy/vergil/basic/export/test/junit/ExportModelJUnitTest.java
Exported /home/travis/build/icyphy/ptII/ptolemy/domains/modal/demo/SystemLevelType/SDFDomain/index.html
3133 ms. Memory: 1095680K Free: 625620K (57%)
####### 147 Thu Oct 08 17:11:27 UTC 2020 $PTII/bin/ptinvoke ptolemy.vergil.basic.export.ExportModel -force htm  -openComposites -timeOut 30000 -whiteBackground ptolemy/domains/modal/demo/SystemLevelType/SDFDomain_PolyActor.xml $PTII/ptolemy/domains/modal/demo/SystemLevelType/SDFDomain_PolyActor
Warning: not running ptolemy/domains/modal/demo/SystemLevelType/SDFDomain_PolyActor.xml. See ptolemy/vergil/basic/export/test/junit/ExportModelJUnitTest.java
Exported /home/travis/build/icyphy/ptII/ptolemy/domains/modal/demo/SystemLevelType/SDFDomain_PolyActor/index.html
3122 ms. Memory: 1095680K Free: 503780K (46%)
####### 148 Thu Oct 08 17:11:30 UTC 2020 $PTII/bin/ptinvoke ptolemy.vergil.basic.export.ExportModel -force htm  -openComposites -timeOut 30000 -whiteBackground ptolemy/domains/modal/demo/SystemLevelType/SDFDomain_SDFActor.xml $PTII/ptolemy/domains/modal/demo/SystemLevelType/SDFDomain_SDFActor
Warning: not running ptolemy/domains/modal/demo/SystemLevelType/SDFDomain_SDFActor.xml. See ptolemy/vergil/basic/export/test/junit/ExportModelJUnitTest.java
Exported /home/travis/build/icyphy/ptII/ptolemy/domains/modal/demo/SystemLevelType/SDFDomain_SDFActor/index.html
3121 ms. Memory: 1095680K Free: 678637K (62%)
####### 149 Thu Oct 08 17:11:33 UTC 2020 $PTII/bin/ptinvoke ptolemy.vergil.basic.export.ExportModel -force htm  -openComposites -timeOut 30000 -whiteBackground ptolemy/domains/modal/demo/SystemLevelType/ThreadA.xml $PTII/ptolemy/domains/modal/demo/SystemLevelType/ThreadA
Warning: not running ptolemy/domains/modal/demo/SystemLevelType/ThreadA.xml. See ptolemy/vergil/basic/export/test/junit/ExportModelJUnitTest.java
Exported /home/travis/build/icyphy/ptII/ptolemy/domains/modal/demo/SystemLevelType/ThreadA/index.html
3126 ms. Memory: 1095680K Free: 575257K (53%)
####### 150 Thu Oct 08 17:11:36 UTC 2020 $PTII/bin/ptinvoke ptolemy.vergil.basic.export.ExportModel -force htm  -openComposites -timeOut 30000 -whiteBackground ptolemy/domains/modal/demo/SystemLevelType/ThreadA_Monitor_ThreadB.xml $PTII/ptolemy/domains/modal/demo/SystemLevelType/ThreadA_Monitor_ThreadB
Warning: not running ptolemy/domains/modal/demo/SystemLevelType/ThreadA_Monitor_ThreadB.xml. See ptolemy/vergil/basic/export/test/junit/ExportModelJUnitTest.java
Exported /home/travis/build/icyphy/ptII/ptolemy/domains/modal/demo/SystemLevelType/ThreadA_Monitor_ThreadB/index.html
3136 ms. Memory: 1095680K Free: 438039K (40%)
]]></system-out>
  <system-err><![CDATA[Warning: Nashorn engine is planned to be removed from a future JDK release
Warning: Nashorn engine is planned to be removed from a future JDK release
Warning: Nashorn engine is planned to be removed from a future JDK release
Warning: Nashorn engine is planned to be removed from a future JDK release
Warning: Nashorn engine is planned to be removed from a future JDK release
Warning: Nashorn engine is planned to be removed from a future JDK release
Warning: Nashorn engine is planned to be removed from a future JDK release
Warning: Nashorn engine is planned to be removed from a future JDK release
Oct 08, 2020 4:48:50 PM sun.awt.X11.XToolkit processException
WARNING: Exception on Toolkit thread
java.lang.NullPointerException
	at java.desktop/java.awt.Component$BltBufferStrategy.contentsLost(Component.java:4584)
	at java.desktop/java.awt.Component$BltSubRegionBufferStrategy.showIfNotLost(Component.java:4647)
	at java.desktop/javax.swing.BufferStrategyPaintManager.show(BufferStrategyPaintManager.java:208)
	at java.desktop/javax.swing.RepaintManager.show(RepaintManager.java:1430)
	at java.desktop/javax.swing.SwingPaintEventDispatcher.createPaintEvent(SwingPaintEventDispatcher.java:61)
	at java.desktop/sun.awt.X11.XWindow.postPaintEvent(XWindow.java:568)
	at java.desktop/sun.awt.X11.XContentWindow.postPaintEvent(XContentWindow.java:180)
	at java.desktop/sun.awt.X11.XWindow.handleExposeEvent(XWindow.java:562)
	at java.desktop/sun.awt.X11.XContentWindow.handleExposeEvent(XContentWindow.java:151)
	at java.desktop/sun.awt.X11.XBaseWindow.dispatchEvent(XBaseWindow.java:1132)
	at java.desktop/sun.awt.X11.XBaseWindow.dispatchToWindow(XBaseWindow.java:1108)
	at java.desktop/sun.awt.X11.XToolkit.dispatchEvent(XToolkit.java:621)
	at java.desktop/sun.awt.X11.XToolkit.run(XToolkit.java:736)
	at java.desktop/sun.awt.X11.XToolkit.run(XToolkit.java:652)
	at java.base/java.lang.Thread.run(Thread.java:834)

Oct 08, 2020 5:10:01 PM sun.awt.X11.XToolkit processException
WARNING: Exception on Toolkit thread
java.lang.NullPointerException
	at java.desktop/java.awt.Component$BltBufferStrategy.contentsLost(Component.java:4584)
	at java.desktop/java.awt.Component$BltSubRegionBufferStrategy.showIfNotLost(Component.java:4647)
	at java.desktop/javax.swing.BufferStrategyPaintManager.show(BufferStrategyPaintManager.java:208)
	at java.desktop/javax.swing.RepaintManager.show(RepaintManager.java:1430)
	at java.desktop/javax.swing.SwingPaintEventDispatcher.createPaintEvent(SwingPaintEventDispatcher.java:61)
	at java.desktop/sun.awt.X11.XWindow.postPaintEvent(XWindow.java:568)
	at java.desktop/sun.awt.X11.XContentWindow.postPaintEvent(XContentWindow.java:180)
	at java.desktop/sun.awt.X11.XWindow.handleExposeEvent(XWindow.java:562)
	at java.desktop/sun.awt.X11.XContentWindow.handleExposeEvent(XContentWindow.java:151)
	at java.desktop/sun.awt.X11.XBaseWindow.dispatchEvent(XBaseWindow.java:1132)
	at java.desktop/sun.awt.X11.XBaseWindow.dispatchToWindow(XBaseWindow.java:1108)
	at java.desktop/sun.awt.X11.XToolkit.dispatchEvent(XToolkit.java:621)
	at java.desktop/sun.awt.X11.XToolkit.run(XToolkit.java:736)
	at java.desktop/sun.awt.X11.XToolkit.run(XToolkit.java:652)
	at java.base/java.lang.Thread.run(Thread.java:834)

Oct 08, 2020 5:10:18 PM sun.awt.X11.XToolkit processException
WARNING: Exception on Toolkit thread
java.lang.NullPointerException
	at java.desktop/java.awt.Component$BltBufferStrategy.contentsLost(Component.java:4584)
	at java.desktop/java.awt.Component$BltSubRegionBufferStrategy.showIfNotLost(Component.java:4647)
	at java.desktop/javax.swing.BufferStrategyPaintManager.show(BufferStrategyPaintManager.java:208)
	at java.desktop/javax.swing.RepaintManager.show(RepaintManager.java:1430)
	at java.desktop/javax.swing.SwingPaintEventDispatcher.createPaintEvent(SwingPaintEventDispatcher.java:61)
	at java.desktop/sun.awt.X11.XWindow.postPaintEvent(XWindow.java:568)
	at java.desktop/sun.awt.X11.XContentWindow.postPaintEvent(XContentWindow.java:180)
	at java.desktop/sun.awt.X11.XWindow.handleExposeEvent(XWindow.java:562)
	at java.desktop/sun.awt.X11.XContentWindow.handleExposeEvent(XContentWindow.java:151)
	at java.desktop/sun.awt.X11.XBaseWindow.dispatchEvent(XBaseWindow.java:1132)
	at java.desktop/sun.awt.X11.XBaseWindow.dispatchToWindow(XBaseWindow.java:1108)
	at java.desktop/sun.awt.X11.XToolkit.dispatchEvent(XToolkit.java:621)
	at java.desktop/sun.awt.X11.XToolkit.run(XToolkit.java:736)
	at java.desktop/sun.awt.X11.XToolkit.run(XToolkit.java:652)
	at java.base/java.lang.Thread.run(Thread.java:834)

]]></system-err>
</testsuite>
