<?xml version="1.0" encoding="UTF-8" ?>
<testsuite errors="0" failures="0" hostname="travis-job-63463b58-3384-42c5-9d72-81180efd6c6b" name="ptolemy.domains.de.test.junit.JUnitTclTest" skipped="0" tests="101" time="138.03" timestamp="2018-09-15T02:10:07">
  <properties>
[...]
</properties>
  <testcase classname="ptolemy.util.test.junit.TclTests" name="[0] /home/travis/build/icyphy/ptII/ptolemy/domains/de/test/DependencyLoop.tcl (RunTclFile)" time="0.791" />
  <testcase classname="ptolemy.util.test.junit.TclTests" name="[1] /home/travis/build/icyphy/ptII/ptolemy/domains/de/test/RunDETestsAsQSS.tcl (RunTclFile)" time="94.916" />
  <testcase classname="ptolemy.util.test.junit.AutoKnownFailedTests" name="[0] /home/travis/build/icyphy/ptII/ptolemy/domains/de/test/auto/knownFailedTests/DESDFClockTest.xml (RunModel)" time="2.04" />
  <testcase classname="ptolemy.util.test.junit.AutoKnownFailedTests" name="[1] /home/travis/build/icyphy/ptII/ptolemy/domains/de/test/auto/knownFailedTests/DirectFeedback.xml (RunModel)" time="0.01" />
  <testcase classname="ptolemy.util.test.junit.AutoKnownFailedTests" name="[2] /home/travis/build/icyphy/ptII/ptolemy/domains/de/test/auto/knownFailedTests/FSMSource.xml (RunModel)" time="0.029" />
  <testcase classname="ptolemy.util.test.junit.AutoKnownFailedTests" name="[3] /home/travis/build/icyphy/ptII/ptolemy/domains/de/test/auto/knownFailedTests/HierarchicalModel.xml (RunModel)" time="0.054" />
  <testcase classname="ptolemy.util.test.junit.AutoKnownFailedTests" name="[4] /home/travis/build/icyphy/ptII/ptolemy/domains/de/test/auto/knownFailedTests/dependencyLoop.xml (RunModel)" time="0.041" />
  <testcase classname="ptolemy.util.test.junit.AutoKnownFailedTests" name="[5] /home/travis/build/icyphy/ptII/ptolemy/domains/de/test/auto/knownFailedTests/dependencyLoop2.xml (RunModel)" time="0.054" />
  <testcase classname="ptolemy.util.test.junit.AutoNameArchTests" name="[0] ThereAreNoAutoArchTests (RunModel)" time="0.005" />
  <testcase classname="ptolemy.util.test.junit.AutoTests" name="[0] /home/travis/build/icyphy/ptII/ptolemy/domains/de/test/auto/ActorDepthCalculation_actorWithoutPorts.xml (RunModel)" time="0.014" />
  <testcase classname="ptolemy.util.test.junit.AutoTests" name="[1] /home/travis/build/icyphy/ptII/ptolemy/domains/de/test/auto/AssemblyLine.xml (RunModel)" time="0.019" />
  <testcase classname="ptolemy.util.test.junit.AutoTests" name="[2] /home/travis/build/icyphy/ptII/ptolemy/domains/de/test/auto/CQBug1.xml (RunModel)" time="0.008" />
  <testcase classname="ptolemy.util.test.junit.AutoTests" name="[3] /home/travis/build/icyphy/ptII/ptolemy/domains/de/test/auto/CancelFireAt.xml (RunModel)" time="0.006" />
  <testcase classname="ptolemy.util.test.junit.AutoTests" name="[4] /home/travis/build/icyphy/ptII/ptolemy/domains/de/test/auto/CausalityAndComposabilityAnalysis.xml (RunModel)" time="0.013" />
  <testcase classname="ptolemy.util.test.junit.AutoTests" name="[5] /home/travis/build/icyphy/ptII/ptolemy/domains/de/test/auto/CausalityInterface1.xml (RunModel)" time="0.014" />
  <testcase classname="ptolemy.util.test.junit.AutoTests" name="[6] /home/travis/build/icyphy/ptII/ptolemy/domains/de/test/auto/CausalityInterface15.xml (RunModel)" time="0.016" />
  <testcase classname="ptolemy.util.test.junit.AutoTests" name="[7] /home/travis/build/icyphy/ptII/ptolemy/domains/de/test/auto/CausalityInterface2.xml (RunModel)" time="0.013" />
  <testcase classname="ptolemy.util.test.junit.AutoTests" name="[8] /home/travis/build/icyphy/ptII/ptolemy/domains/de/test/auto/CausalityInterface3.xml (RunModel)" time="0.017" />
  <testcase classname="ptolemy.util.test.junit.AutoTests" name="[9] /home/travis/build/icyphy/ptII/ptolemy/domains/de/test/auto/ClockDrift.xml (RunModel)" time="0.049" />
  <testcase classname="ptolemy.util.test.junit.AutoTests" name="[10] /home/travis/build/icyphy/ptII/ptolemy/domains/de/test/auto/ClockDriftAndValueChange.xml (RunModel)" time="0.041" />
  <testcase classname="ptolemy.util.test.junit.AutoTests" name="[11] /home/travis/build/icyphy/ptII/ptolemy/domains/de/test/auto/ClockDriftChange.xml (RunModel)" time="0.044" />
  <testcase classname="ptolemy.util.test.junit.AutoTests" name="[12] /home/travis/build/icyphy/ptII/ptolemy/domains/de/test/auto/ComposableCausalityAnalysis.xml (RunModel)" time="0.02" />
  <testcase classname="ptolemy.util.test.junit.AutoTests" name="[13] /home/travis/build/icyphy/ptII/ptolemy/domains/de/test/auto/DEFixedPointLimitation.xml (RunModel)" time="0.011" />
  <testcase classname="ptolemy.util.test.junit.AutoTests" name="[14] /home/travis/build/icyphy/ptII/ptolemy/domains/de/test/auto/DEScheduleTest.xml (RunModel)" time="0.039" />
  <testcase classname="ptolemy.util.test.junit.AutoTests" name="[15] /home/travis/build/icyphy/ptII/ptolemy/domains/de/test/auto/DEinDEwithStartTimes.xml (RunModel)" time="0.023" />
  <testcase classname="ptolemy.util.test.junit.AutoTests" name="[16] /home/travis/build/icyphy/ptII/ptolemy/domains/de/test/auto/DEinDEwithStartTimes2.xml (RunModel)" time="0.019" />
  <testcase classname="ptolemy.util.test.junit.AutoTests" name="[17] /home/travis/build/icyphy/ptII/ptolemy/domains/de/test/auto/DateDemo.xml (RunModel)" time="0.037" />
  <testcase classname="ptolemy.util.test.junit.AutoTests" name="[18] /home/travis/build/icyphy/ptII/ptolemy/domains/de/test/auto/DateToEvent.xml (RunModel)" time="2.05" />
  <testcase classname="ptolemy.util.test.junit.AutoTests" name="[19] /home/travis/build/icyphy/ptII/ptolemy/domains/de/test/auto/DepthTest1.xml (RunModel)" time="0.008" />
  <testcase classname="ptolemy.util.test.junit.AutoTests" name="[20] /home/travis/build/icyphy/ptII/ptolemy/domains/de/test/auto/DepthTest2.xml (RunModel)" time="0.02" />
  <testcase classname="ptolemy.util.test.junit.AutoTests" name="[21] /home/travis/build/icyphy/ptII/ptolemy/domains/de/test/auto/DepthTest3.xml (RunModel)" time="0.008" />
  <testcase classname="ptolemy.util.test.junit.AutoTests" name="[22] /home/travis/build/icyphy/ptII/ptolemy/domains/de/test/auto/DepthTest4.xml (RunModel)" time="0.014" />
  <testcase classname="ptolemy.util.test.junit.AutoTests" name="[23] /home/travis/build/icyphy/ptII/ptolemy/domains/de/test/auto/DepthTest5.xml (RunModel)" time="0.016" />
  <testcase classname="ptolemy.util.test.junit.AutoTests" name="[24] /home/travis/build/icyphy/ptII/ptolemy/domains/de/test/auto/DepthTest6.xml (RunModel)" time="0.02" />
  <testcase classname="ptolemy.util.test.junit.AutoTests" name="[25] /home/travis/build/icyphy/ptII/ptolemy/domains/de/test/auto/DepthTest7.xml (RunModel)" time="0.021" />
  <testcase classname="ptolemy.util.test.junit.AutoTests" name="[26] /home/travis/build/icyphy/ptII/ptolemy/domains/de/test/auto/EventToDate.xml (RunModel)" time="3.04" />
  <testcase classname="ptolemy.util.test.junit.AutoTests" name="[27] /home/travis/build/icyphy/ptII/ptolemy/domains/de/test/auto/FSM1.xml (RunModel)" time="0.041" />
  <testcase classname="ptolemy.util.test.junit.AutoTests" name="[28] /home/travis/build/icyphy/ptII/ptolemy/domains/de/test/auto/FSM7.xml (RunModel)" time="0.063" />
  <testcase classname="ptolemy.util.test.junit.AutoTests" name="[29] /home/travis/build/icyphy/ptII/ptolemy/domains/de/test/auto/Inspection.xml (RunModel)" time="0.067" />
  <testcase classname="ptolemy.util.test.junit.AutoTests" name="[30] /home/travis/build/icyphy/ptII/ptolemy/domains/de/test/auto/Iteration.xml (RunModel)" time="0.028" />
  <testcase classname="ptolemy.util.test.junit.AutoTests" name="[31] /home/travis/build/icyphy/ptII/ptolemy/domains/de/test/auto/LineFault.xml (RunModel)" time="0.686" />
  <testcase classname="ptolemy.util.test.junit.AutoTests" name="[32] /home/travis/build/icyphy/ptII/ptolemy/domains/de/test/auto/MergeModel1Add.xml (RunModel)" time="0.059" />
  <testcase classname="ptolemy.util.test.junit.AutoTests" name="[33] /home/travis/build/icyphy/ptII/ptolemy/domains/de/test/auto/MergeModel2Add.xml (RunModel)" time="0.043" />
  <testcase classname="ptolemy.util.test.junit.AutoTests" name="[34] /home/travis/build/icyphy/ptII/ptolemy/domains/de/test/auto/MergeModel3Add.xml (RunModel)" time="0.047" />
  <testcase classname="ptolemy.util.test.junit.AutoTests" name="[35] /home/travis/build/icyphy/ptII/ptolemy/domains/de/test/auto/MergeWithoutDiscard.xml (RunModel)" time="0.012" />
  <testcase classname="ptolemy.util.test.junit.AutoTests" name="[36] /home/travis/build/icyphy/ptII/ptolemy/domains/de/test/auto/Modal1.xml (RunModel)" time="0.036" />
  <testcase classname="ptolemy.util.test.junit.AutoTests" name="[37] /home/travis/build/icyphy/ptII/ptolemy/domains/de/test/auto/Modal2.xml (RunModel)" time="0.038" />
  <testcase classname="ptolemy.util.test.junit.AutoTests" name="[38] /home/travis/build/icyphy/ptII/ptolemy/domains/de/test/auto/Modal3.xml (RunModel)" time="0.038" />
  <testcase classname="ptolemy.util.test.junit.AutoTests" name="[39] /home/travis/build/icyphy/ptII/ptolemy/domains/de/test/auto/Modal4.xml (RunModel)" time="0.038" />
  <testcase classname="ptolemy.util.test.junit.AutoTests" name="[40] /home/travis/build/icyphy/ptII/ptolemy/domains/de/test/auto/Modal5.xml (RunModel)" time="0.034" />
  <testcase classname="ptolemy.util.test.junit.AutoTests" name="[41] /home/travis/build/icyphy/ptII/ptolemy/domains/de/test/auto/Modal6.xml (RunModel)" time="0.035" />
  <testcase classname="ptolemy.util.test.junit.AutoTests" name="[42] /home/travis/build/icyphy/ptII/ptolemy/domains/de/test/auto/Modal7.xml (RunModel)" time="0.037" />
  <testcase classname="ptolemy.util.test.junit.AutoTests" name="[43] /home/travis/build/icyphy/ptII/ptolemy/domains/de/test/auto/ModalModel.xml (RunModel)" time="0.211" />
  <testcase classname="ptolemy.util.test.junit.AutoTests" name="[44] /home/travis/build/icyphy/ptII/ptolemy/domains/de/test/auto/ModalSource.xml (RunModel)" time="0.02" />
  <testcase classname="ptolemy.util.test.junit.AutoTests" name="[45] /home/travis/build/icyphy/ptII/ptolemy/domains/de/test/auto/NonInterruptibleTimerZeroDelay.xml (RunModel)" time="0.013" />
  <testcase classname="ptolemy.util.test.junit.AutoTests" name="[46] /home/travis/build/icyphy/ptII/ptolemy/domains/de/test/auto/OpenQueueingNetwork.xml (RunModel)" time="2.993" />
  <testcase classname="ptolemy.util.test.junit.AutoTests" name="[47] /home/travis/build/icyphy/ptII/ptolemy/domains/de/test/auto/OpenQueuingNetwork.xml (RunModel)" time="0.352" />
  <testcase classname="ptolemy.util.test.junit.AutoTests" name="[48] /home/travis/build/icyphy/ptII/ptolemy/domains/de/test/auto/PeriodicSampler.xml (RunModel)" time="0.012" />
  <testcase classname="ptolemy.util.test.junit.AutoTests" name="[49] /home/travis/build/icyphy/ptII/ptolemy/domains/de/test/auto/PersistentIO.xml (RunModel)" time="0.028" />
  <testcase classname="ptolemy.util.test.junit.AutoTests" name="[50] /home/travis/build/icyphy/ptII/ptolemy/domains/de/test/auto/PortParameterResetOnInitialize.xml (RunModel)" time="0.012" />
  <testcase classname="ptolemy.util.test.junit.AutoTests" name="[51] /home/travis/build/icyphy/ptII/ptolemy/domains/de/test/auto/PortParameterUpdates.xml (RunModel)" time="0.014" />
  <testcase classname="ptolemy.util.test.junit.AutoTests" name="[52] /home/travis/build/icyphy/ptII/ptolemy/domains/de/test/auto/QueueAndServer.xml (RunModel)" time="0.019" />
  <testcase classname="ptolemy.util.test.junit.AutoTests" name="[53] /home/travis/build/icyphy/ptII/ptolemy/domains/de/test/auto/Records.xml (RunModel)" time="0.014" />
  <testcase classname="ptolemy.util.test.junit.AutoTests" name="[54] /home/travis/build/icyphy/ptII/ptolemy/domains/de/test/auto/ResetTransitionWithStartTime1.xml (RunModel)" time="0.021" />
  <testcase classname="ptolemy.util.test.junit.AutoTests" name="[55] /home/travis/build/icyphy/ptII/ptolemy/domains/de/test/auto/ResetTransitionWithStartTime2.xml (RunModel)" time="0.032" />
  <testcase classname="ptolemy.util.test.junit.AutoTests" name="[56] /home/travis/build/icyphy/ptII/ptolemy/domains/de/test/auto/ResetTransitionWithStartTime3.xml (RunModel)" time="0.02" />
  <testcase classname="ptolemy.util.test.junit.AutoTests" name="[57] /home/travis/build/icyphy/ptII/ptolemy/domains/de/test/auto/ResetTransitionWithStartTime4.xml (RunModel)" time="0.019" />
  <testcase classname="ptolemy.util.test.junit.AutoTests" name="[58] /home/travis/build/icyphy/ptII/ptolemy/domains/de/test/auto/ResettableTimer1.xml (RunModel)" time="0.014" />
  <testcase classname="ptolemy.util.test.junit.AutoTests" name="[59] /home/travis/build/icyphy/ptII/ptolemy/domains/de/test/auto/ResettableTimer2.xml (RunModel)" time="0.011" />
  <testcase classname="ptolemy.util.test.junit.AutoTests" name="[60] /home/travis/build/icyphy/ptII/ptolemy/domains/de/test/auto/ResettableTimer3.xml (RunModel)" time="0.011" />
  <testcase classname="ptolemy.util.test.junit.AutoTests" name="[61] /home/travis/build/icyphy/ptII/ptolemy/domains/de/test/auto/ResettableTimer4.xml (RunModel)" time="0.01" />
  <testcase classname="ptolemy.util.test.junit.AutoTests" name="[62] /home/travis/build/icyphy/ptII/ptolemy/domains/de/test/auto/ResettableTimer5.xml (RunModel)" time="0.016" />
  <testcase classname="ptolemy.util.test.junit.AutoTests" name="[63] /home/travis/build/icyphy/ptII/ptolemy/domains/de/test/auto/ResettableTimer6.xml (RunModel)" time="0.012" />
  <testcase classname="ptolemy.util.test.junit.AutoTests" name="[64] /home/travis/build/icyphy/ptII/ptolemy/domains/de/test/auto/ServerZeroDelay.xml (RunModel)" time="0.011" />
  <testcase classname="ptolemy.util.test.junit.AutoTests" name="[65] /home/travis/build/icyphy/ptII/ptolemy/domains/de/test/auto/SmartSender.xml (RunModel)" time="3.01" />
  <testcase classname="ptolemy.util.test.junit.AutoTests" name="[66] /home/travis/build/icyphy/ptII/ptolemy/domains/de/test/auto/ThreadedComposite.xml (RunModel)" time="0.196" />
  <testcase classname="ptolemy.util.test.junit.AutoTests" name="[67] /home/travis/build/icyphy/ptII/ptolemy/domains/de/test/auto/Time.xml (RunModel)" time="0.527" />
  <testcase classname="ptolemy.util.test.junit.AutoTests" name="[68] /home/travis/build/icyphy/ptII/ptolemy/domains/de/test/auto/TimeDelayZeroDelay.xml (RunModel)" time="0.012" />
  <testcase classname="ptolemy.util.test.junit.AutoTests" name="[69] /home/travis/build/icyphy/ptII/ptolemy/domains/de/test/auto/TimerZeroDelay.xml (RunModel)" time="0.011" />
  <testcase classname="ptolemy.util.test.junit.AutoTests" name="[70] /home/travis/build/icyphy/ptII/ptolemy/domains/de/test/auto/TimingParadox.xml (RunModel)" time="0.376" />
  <testcase classname="ptolemy.util.test.junit.AutoTests" name="[71] /home/travis/build/icyphy/ptII/ptolemy/domains/de/test/auto/TransferInputs.xml (RunModel)" time="0.01" />
  <testcase classname="ptolemy.util.test.junit.AutoTests" name="[72] /home/travis/build/icyphy/ptII/ptolemy/domains/de/test/auto/TransferOutputs2.xml (RunModel)" time="0.018" />
  <testcase classname="ptolemy.util.test.junit.AutoTests" name="[73] /home/travis/build/icyphy/ptII/ptolemy/domains/de/test/auto/Trilateration.xml (RunModel)" time="12.282" />
  <testcase classname="ptolemy.util.test.junit.AutoTests" name="[74] /home/travis/build/icyphy/ptII/ptolemy/domains/de/test/auto/TwoSigmaDelta.xml (RunModel)" time="2.317" />
  <testcase classname="ptolemy.util.test.junit.AutoTests" name="[75] /home/travis/build/icyphy/ptII/ptolemy/domains/de/test/auto/VariableDelay.xml (RunModel)" time="0.018" />
  <testcase classname="ptolemy.util.test.junit.AutoTests" name="[76] /home/travis/build/icyphy/ptII/ptolemy/domains/de/test/auto/VariableDelay2.xml (RunModel)" time="0.009" />
  <testcase classname="ptolemy.util.test.junit.AutoTests" name="[77] /home/travis/build/icyphy/ptII/ptolemy/domains/de/test/auto/VariableDelayZeroDelay.xml (RunModel)" time="0.011" />
  <testcase classname="ptolemy.util.test.junit.AutoTests" name="[78] /home/travis/build/icyphy/ptII/ptolemy/domains/de/test/auto/VariableDelayZeroDelay2.xml (RunModel)" time="0.011" />
  <testcase classname="ptolemy.util.test.junit.AutoTests" name="[79] /home/travis/build/icyphy/ptII/ptolemy/domains/de/test/auto/deInCt.xml (RunModel)" time="0.021" />
  <testcase classname="ptolemy.util.test.junit.AutoTests" name="[80] /home/travis/build/icyphy/ptII/ptolemy/domains/de/test/auto/deInCt2.xml (RunModel)" time="0.021" />
  <testcase classname="ptolemy.util.test.junit.AutoTests" name="[81] /home/travis/build/icyphy/ptII/ptolemy/domains/de/test/auto/dynamicCausalityInterface1.xml (RunModel)" time="0.019" />
  <testcase classname="ptolemy.util.test.junit.AutoTests" name="[82] /home/travis/build/icyphy/ptII/ptolemy/domains/de/test/auto/fsm_de_test.xml (RunModel)" time="0.026" />
  <testcase classname="ptolemy.util.test.junit.AutoTests" name="[83] /home/travis/build/icyphy/ptII/ptolemy/domains/de/test/auto/functionDependencyReconstruction.xml (RunModel)" time="0.035" />
  <testcase classname="ptolemy.util.test.junit.AutoTests" name="[84] /home/travis/build/icyphy/ptII/ptolemy/domains/de/test/auto/multirate.xml (RunModel)" time="0.017" />
  <testcase classname="ptolemy.util.test.junit.AutoTests" name="[85] /home/travis/build/icyphy/ptII/ptolemy/domains/de/test/auto/multirate2.xml (RunModel)" time="0.019" />
  <testcase classname="ptolemy.util.test.junit.AutoTests" name="[86] /home/travis/build/icyphy/ptII/ptolemy/domains/de/test/auto/realtime.xml (RunModel)" time="10.01" />
  <testcase classname="ptolemy.util.test.junit.AutoTests" name="[87] /home/travis/build/icyphy/ptII/ptolemy/domains/de/test/auto/relationGroup.xml (RunModel)" time="0.008" />
  <testcase classname="ptolemy.util.test.junit.AutoTests" name="[88] /home/travis/build/icyphy/ptII/ptolemy/domains/de/test/auto/relationGroup2.xml (RunModel)" time="0.007" />
  <testcase classname="ptolemy.util.test.junit.AutoTests" name="[89] /home/travis/build/icyphy/ptII/ptolemy/domains/de/test/auto/sortWithOpaquePorts.xml (RunModel)" time="0.012" />
  <testcase classname="ptolemy.util.test.junit.AutoTests" name="[90] /home/travis/build/icyphy/ptII/ptolemy/domains/de/test/auto/transferInputsandOutputs.xml (RunModel)" time="0.017" />
  <testcase classname="ptolemy.util.test.junit.AutoTests" name="[91] /home/travis/build/icyphy/ptII/ptolemy/domains/de/test/auto/triggerType.xml (RunModel)" time="0.013" />
  <system-out><![CDATA[/home/travis/build/icyphy/ptII/ptolemy/domains/de/test/DependencyLoop.tcl
testDefs.tcl: setting time out to 9000 seconds at Sat Sep 15 02:10:07 UTC 2018
16 ms. Memory: 116224K Free: 93958K (81%)
7 ms. Memory: 146944K Free: 135497K (92%)
/home/travis/build/icyphy/ptII/ptolemy/domains/de/test/RunDETestsAsQSS.tcl
Run the DE tests using ptolemy.domains.qss.test.QSSDirectorTest, which extends QSSDirector and prints a message in the constructors.
------------------ testing $PTII/ptolemy/domains/de/test/auto/knownFailedTests/dependencyLoop.xml (Known Failure) 
8 ms. Memory: 146944K Free: 132384K (90%)


==== $PTIIhome/travis/build/icyphy/ptII/ptolemy/domains/de/test/../../../../: Auto Automatic test in file $PTII/ptolemy/domains/de/test/auto/knownFailedTests/dependencyLoop.xml
==== Contents of test case:

	    # FIXME: we should use $relativeFilename here, but it
	    # might have backslashes under Windows, which causes no end
	    # of trouble.
	    createAndExecute $file
	    list {}
	
.... Test generated KNOWN error:
    while executing
ptolemy.kernel.util.IllegalActionException: Found a zero delay loop containing .dependencyLoop.original
  in .dependencyLoop and .dependencyLoop.original
	at ptolemy.actor.util.CausalityInterfaceForComposites._computeOutputPortDepth(CausalityInterfaceForComposites.java:759)
	at ptolemy.actor.util.CausalityInterfaceForComposites._computeInputDepth(CausalityInterfaceForComposites.java:696)
	at ptolemy.actor.util.CausalityInterfaceForComposites._computeOutputPortDepth(CausalityInterfaceForComposites.java:765)
	at ptolemy.actor.util.CausalityInterfaceForComposites._computeInputDepth(CausalityInterfaceForComposites.java:696)
	at ptolemy.actor.util.CausalityInterfaceForComposites._computeOutputPortDepth(CausalityInterfaceForComposites.java:765)
	at ptolemy.actor.util.CausalityInterfaceForComposites._computeInputDepth(CausalityInterfaceForComposites.java:696)
	at ptolemy.actor.util.CausalityInterfaceForComposites._computeActorDepth(CausalityInterfaceForComposites.java:532)
	at ptolemy.actor.util.CausalityInterfaceForComposites.checkForCycles(CausalityInterfaceForComposites.java:96)
	at ptolemy.domains.de.kernel.DEDirector.preinitialize(DEDirector.java:1338)
	at ptolemy.actor.CompositeActor.preinitialize(CompositeActor.java:1828)
	at ptolemy.actor.Manager.preinitializeAndResolveTypes(Manager.java:1040)
	at ptolemy.actor.Manager.initialize(Manager.java:710)
	at ptolemy.actor.Manager.execute(Manager.java:356)
	at ptolemy.actor.Manager.run(Manager.java:1263)
	at ptolemy.actor.Manager$PtolemyRunThread.run(Manager.java:1915)

    while executing
ptolemy.kernel.util.IllegalActionException: Found a zero delay loop containing .dependencyLoop.original
  in .dependencyLoop and .dependencyLoop.original
    while executing
"java::new ptolemy.moml.MoMLSimpleApplication $file
"
    (procedure "createAndExecute" line 2)
    invoked from within
"createAndExecute $file"
    ("uplevel" body line 5)
    invoked from within
"uplevel $contents_of_test"
------------------ testing $PTII/ptolemy/domains/de/test/auto/knownFailedTests/DESDFClockTest.xml (Known Failure) 
2061 ms. Memory: 146944K Free: 116556K (79%)


==== $PTIIhome/travis/build/icyphy/ptII/ptolemy/domains/de/test/../../../../: Auto Automatic test in file $PTII/ptolemy/domains/de/test/auto/knownFailedTests/DESDFClockTest.xml
==== Contents of test case:

	    # FIXME: we should use $relativeFilename here, but it
	    # might have backslashes under Windows, which causes no end
	    # of trouble.
	    createAndExecute $file
	    list {}
	
.... Test generated KNOWN error:
    while executing
ptolemy.kernel.util.IllegalActionException: Actor is not ready to fire.  Perhaps UpSample.prefire() returned false? Try debugging the actor by selecting "Listen to Actor".  Also, for SDF check moml for tokenConsumptionRate on input.
  in .DESDFClockTest.Play Bell.Copy1:SDF Director and .DESDFClockTest.Play Bell.UpSample
	at ptolemy.actor.sched.StaticSchedulingDirector.fire(StaticSchedulingDirector.java:227)
	at ptolemy.domains.sdf.kernel.SDFDirector.fire(SDFDirector.java:500)
	at ptolemy.actor.CompositeActor.fire(CompositeActor.java:455)
	at ptolemy.domains.de.kernel.DEDirector._fire(DEDirector.java:1949)
	at ptolemy.domains.de.kernel.DEDirector.fire(DEDirector.java:502)
	at ptolemy.actor.CompositeActor.fire(CompositeActor.java:455)
	at ptolemy.actor.Manager.iterate(Manager.java:851)
	at ptolemy.actor.Manager.execute(Manager.java:369)
	at ptolemy.actor.Manager.run(Manager.java:1263)
	at ptolemy.actor.Manager$PtolemyRunThread.run(Manager.java:1915)

    while executing
ptolemy.kernel.util.IllegalActionException: Actor is not ready to fire.  Perhaps UpSample.prefire() returned false? Try debugging the actor by selecting "Listen to Actor".  Also, for SDF check moml for tokenConsumptionRate on input.
  in .DESDFClockTest.Play Bell.Copy1:SDF Director and .DESDFClockTest.Play Bell.UpSample
    while executing
"java::new ptolemy.moml.MoMLSimpleApplication $file
"
    (procedure "createAndExecute" line 2)
    invoked from within
"createAndExecute $file"
    ("uplevel" body line 5)
    invoked from within
"uplevel $contents_of_test"
------------------ testing $PTII/ptolemy/domains/de/test/auto/knownFailedTests/FSMSource.xml (Known Failure) 
24 ms. Memory: 146944K Free: 107047K (73%)
!!!! Auto was marked as failing, but now passes
------------------ testing $PTII/ptolemy/domains/de/test/auto/knownFailedTests/dependencyLoop2.xml (Known Failure) 
15 ms. Memory: 146944K Free: 105188K (72%)


==== $PTIIhome/travis/build/icyphy/ptII/ptolemy/domains/de/test/../../../../: Auto Automatic test in file $PTII/ptolemy/domains/de/test/auto/knownFailedTests/dependencyLoop2.xml
==== Contents of test case:

	    # FIXME: we should use $relativeFilename here, but it
	    # might have backslashes under Windows, which causes no end
	    # of trouble.
	    createAndExecute $file
	    list {}
	
.... Test generated KNOWN error:
    while executing
ptolemy.kernel.util.IllegalActionException: Found a zero delay loop containing .dependencyLoop2.original
  in .dependencyLoop2 and .dependencyLoop2.original
	at ptolemy.actor.util.CausalityInterfaceForComposites._computeOutputPortDepth(CausalityInterfaceForComposites.java:759)
	at ptolemy.actor.util.CausalityInterfaceForComposites._computeInputDepth(CausalityInterfaceForComposites.java:696)
	at ptolemy.actor.util.CausalityInterfaceForComposites._computeOutputPortDepth(CausalityInterfaceForComposites.java:765)
	at ptolemy.actor.util.CausalityInterfaceForComposites._computeInputDepth(CausalityInterfaceForComposites.java:696)
	at ptolemy.actor.util.CausalityInterfaceForComposites._computeOutputPortDepth(CausalityInterfaceForComposites.java:765)
	at ptolemy.actor.util.CausalityInterfaceForComposites._computeInputDepth(CausalityInterfaceForComposites.java:696)
	at ptolemy.actor.util.CausalityInterfaceForComposites._computeActorDepth(CausalityInterfaceForComposites.java:532)
	at ptolemy.actor.util.CausalityInterfaceForComposites.checkForCycles(CausalityInterfaceForComposites.java:96)
	at ptolemy.domains.de.kernel.DEDirector.preinitialize(DEDirector.java:1338)
	at ptolemy.actor.CompositeActor.preinitialize(CompositeActor.java:1828)
	at ptolemy.actor.Manager.preinitializeAndResolveTypes(Manager.java:1040)
	at ptolemy.actor.Manager.initialize(Manager.java:710)
	at ptolemy.actor.Manager.execute(Manager.java:356)
	at ptolemy.actor.Manager.run(Manager.java:1263)
	at ptolemy.actor.Manager$PtolemyRunThread.run(Manager.java:1915)

    while executing
ptolemy.kernel.util.IllegalActionException: Found a zero delay loop containing .dependencyLoop2.original
  in .dependencyLoop2 and .dependencyLoop2.original
    while executing
"java::new ptolemy.moml.MoMLSimpleApplication $file
"
    (procedure "createAndExecute" line 2)
    invoked from within
"createAndExecute $file"
    ("uplevel" body line 5)
    invoked from within
"uplevel $contents_of_test"
------------------ testing $PTII/ptolemy/domains/de/test/auto/knownFailedTests/HierarchicalModel.xml (Known Failure) 
12 ms. Memory: 146944K Free: 83545K (57%)


==== $PTIIhome/travis/build/icyphy/ptII/ptolemy/domains/de/test/../../../../: Auto Automatic test in file $PTII/ptolemy/domains/de/test/auto/knownFailedTests/HierarchicalModel.xml
==== Contents of test case:

	    # FIXME: we should use $relativeFilename here, but it
	    # might have backslashes under Windows, which causes no end
	    # of trouble.
	    createAndExecute $file
	    list {}
	
.... Test generated KNOWN error:
    while executing
ptolemy.kernel.util.IllegalActionException: Found a zero delay loop containing .HierarchicalModel.A
  in .HierarchicalModel and .HierarchicalModel.A
	at ptolemy.actor.util.CausalityInterfaceForComposites._computeOutputPortDepth(CausalityInterfaceForComposites.java:759)
	at ptolemy.actor.util.CausalityInterfaceForComposites._computeInputDepth(CausalityInterfaceForComposites.java:696)
	at ptolemy.actor.util.CausalityInterfaceForComposites._computeOutputPortDepth(CausalityInterfaceForComposites.java:765)
	at ptolemy.actor.util.CausalityInterfaceForComposites._computeInputDepth(CausalityInterfaceForComposites.java:696)
	at ptolemy.actor.util.CausalityInterfaceForComposites._computeOutputPortDepth(CausalityInterfaceForComposites.java:765)
	at ptolemy.actor.util.CausalityInterfaceForComposites._computeInputDepth(CausalityInterfaceForComposites.java:696)
	at ptolemy.actor.util.CausalityInterfaceForComposites._computeActorDepth(CausalityInterfaceForComposites.java:532)
	at ptolemy.actor.util.CausalityInterfaceForComposites.checkForCycles(CausalityInterfaceForComposites.java:96)
	at ptolemy.domains.de.kernel.DEDirector.preinitialize(DEDirector.java:1338)
	at ptolemy.actor.CompositeActor.preinitialize(CompositeActor.java:1828)
	at ptolemy.actor.Manager.preinitializeAndResolveTypes(Manager.java:1040)
	at ptolemy.actor.Manager.initialize(Manager.java:710)
	at ptolemy.actor.Manager.execute(Manager.java:356)
	at ptolemy.actor.Manager.run(Manager.java:1263)
	at ptolemy.actor.Manager$PtolemyRunThread.run(Manager.java:1915)

    while executing
ptolemy.kernel.util.IllegalActionException: Found a zero delay loop containing .HierarchicalModel.A
  in .HierarchicalModel and .HierarchicalModel.A
    while executing
"java::new ptolemy.moml.MoMLSimpleApplication $file
"
    (procedure "createAndExecute" line 2)
    invoked from within
"createAndExecute $file"
    ("uplevel" body line 5)
    invoked from within
"uplevel $contents_of_test"
------------------ testing $PTII/ptolemy/domains/de/test/auto/knownFailedTests/DirectFeedback.xml (Known Failure) 
4 ms. Memory: 146944K Free: 140100K (95%)


==== $PTIIhome/travis/build/icyphy/ptII/ptolemy/domains/de/test/../../../../: Auto Automatic test in file $PTII/ptolemy/domains/de/test/auto/knownFailedTests/DirectFeedback.xml
==== Contents of test case:

	    # FIXME: we should use $relativeFilename here, but it
	    # might have backslashes under Windows, which causes no end
	    # of trouble.
	    createAndExecute $file
	    list {}
	
.... Test generated KNOWN error:
    while executing
ptolemy.kernel.util.IllegalActionException: Test fails in iteration 1.
Value was: 1.0. Should have been: 2.0
  in .DirectFeedback.Test
	at ptolemy.actor.lib.Test.fire(Test.java:268)
	at ptolemy.domains.de.kernel.DEDirector._fire(DEDirector.java:1949)
	at ptolemy.domains.de.kernel.DEDirector.fire(DEDirector.java:502)
	at ptolemy.actor.CompositeActor.fire(CompositeActor.java:455)
	at ptolemy.actor.Manager.iterate(Manager.java:851)
	at ptolemy.actor.Manager.execute(Manager.java:369)
	at ptolemy.actor.Manager.run(Manager.java:1263)
	at ptolemy.actor.Manager$PtolemyRunThread.run(Manager.java:1915)

    while executing
ptolemy.kernel.util.IllegalActionException: Test fails in iteration 1.
Value was: 1.0. Should have been: 2.0
  in .DirectFeedback.Test
    while executing
"java::new ptolemy.moml.MoMLSimpleApplication $file
"
    (procedure "createAndExecute" line 2)
    invoked from within
"createAndExecute $file"
    ("uplevel" body line 5)
    invoked from within
"uplevel $contents_of_test"
------------------ testing $PTII/ptolemy/domains/de/test/auto/ActorDepthCalculation_actorWithoutPorts.xml
auto.tcl: Setting watchdog for 200 seconds at Sat Sep 15 02:10:10 UTC 2018
4 ms. Memory: 146944K Free: 132444K (90%)
ptolemy.util.test.WatchDog.cancel(): canceling Sat Sep 15 02:10:10 UTC 2018
auto.tcl: Setting watchdog for 200 seconds at Sat Sep 15 02:10:10 UTC 2018
5 ms. Memory: 146944K Free: 130378K (89%)
ptolemy.util.test.WatchDog.cancel(): canceling Sat Sep 15 02:10:10 UTC 2018
------------------ testing $PTII/ptolemy/domains/de/test/auto/AssemblyLine.xml
auto.tcl: Setting watchdog for 200 seconds at Sat Sep 15 02:10:11 UTC 2018
16 ms. Memory: 208384K Free: 182851K (88%)
ptolemy.util.test.WatchDog.cancel(): canceling Sat Sep 15 02:10:11 UTC 2018
auto.tcl: Setting watchdog for 200 seconds at Sat Sep 15 02:10:11 UTC 2018
12 ms. Memory: 208384K Free: 182851K (88%)
ptolemy.util.test.WatchDog.cancel(): canceling Sat Sep 15 02:10:11 UTC 2018
------------------ testing $PTII/ptolemy/domains/de/test/auto/CQBug1.xml
auto.tcl: Setting watchdog for 200 seconds at Sat Sep 15 02:10:11 UTC 2018
4 ms. Memory: 208384K Free: 197717K (95%)
ptolemy.util.test.WatchDog.cancel(): canceling Sat Sep 15 02:10:11 UTC 2018
auto.tcl: Setting watchdog for 200 seconds at Sat Sep 15 02:10:11 UTC 2018
2 ms. Memory: 208384K Free: 197717K (95%)
ptolemy.util.test.WatchDog.cancel(): canceling Sat Sep 15 02:10:11 UTC 2018
------------------ testing $PTII/ptolemy/domains/de/test/auto/CancelFireAt.xml
auto.tcl: Setting watchdog for 200 seconds at Sat Sep 15 02:10:11 UTC 2018
4 ms. Memory: 208384K Free: 201434K (97%)
ptolemy.util.test.WatchDog.cancel(): canceling Sat Sep 15 02:10:11 UTC 2018
auto.tcl: Setting watchdog for 200 seconds at Sat Sep 15 02:10:11 UTC 2018
4 ms. Memory: 208384K Free: 199335K (96%)
ptolemy.util.test.WatchDog.cancel(): canceling Sat Sep 15 02:10:11 UTC 2018
------------------ testing $PTII/ptolemy/domains/de/test/auto/CausalityAndComposabilityAnalysis.xml
auto.tcl: Setting watchdog for 200 seconds at Sat Sep 15 02:10:11 UTC 2018
9 ms. Memory: 208384K Free: 196839K (94%)
ptolemy.util.test.WatchDog.cancel(): canceling Sat Sep 15 02:10:11 UTC 2018
auto.tcl: Setting watchdog for 200 seconds at Sat Sep 15 02:10:11 UTC 2018
6 ms. Memory: 208384K Free: 196501K (94%)
ptolemy.util.test.WatchDog.cancel(): canceling Sat Sep 15 02:10:11 UTC 2018
------------------ testing $PTII/ptolemy/domains/de/test/auto/CausalityInterface1.xml
auto.tcl: Setting watchdog for 200 seconds at Sat Sep 15 02:10:11 UTC 2018
18 ms. Memory: 208384K Free: 196439K (94%)
ptolemy.util.test.WatchDog.cancel(): canceling Sat Sep 15 02:10:11 UTC 2018
auto.tcl: Setting watchdog for 200 seconds at Sat Sep 15 02:10:11 UTC 2018
4 ms. Memory: 208384K Free: 196439K (94%)
ptolemy.util.test.WatchDog.cancel(): canceling Sat Sep 15 02:10:11 UTC 2018
------------------ testing $PTII/ptolemy/domains/de/test/auto/CausalityInterface15.xml
auto.tcl: Setting watchdog for 200 seconds at Sat Sep 15 02:10:11 UTC 2018
19 ms. Memory: 208384K Free: 196429K (94%)
ptolemy.util.test.WatchDog.cancel(): canceling Sat Sep 15 02:10:11 UTC 2018
auto.tcl: Setting watchdog for 200 seconds at Sat Sep 15 02:10:11 UTC 2018
5 ms. Memory: 208384K Free: 196429K (94%)
ptolemy.util.test.WatchDog.cancel(): canceling Sat Sep 15 02:10:11 UTC 2018
------------------ testing $PTII/ptolemy/domains/de/test/auto/CausalityInterface2.xml
auto.tcl: Setting watchdog for 200 seconds at Sat Sep 15 02:10:11 UTC 2018
10 ms. Memory: 208384K Free: 196413K (94%)
ptolemy.util.test.WatchDog.cancel(): canceling Sat Sep 15 02:10:11 UTC 2018
auto.tcl: Setting watchdog for 200 seconds at Sat Sep 15 02:10:11 UTC 2018
3 ms. Memory: 208384K Free: 196413K (94%)
ptolemy.util.test.WatchDog.cancel(): canceling Sat Sep 15 02:10:11 UTC 2018
------------------ testing $PTII/ptolemy/domains/de/test/auto/CausalityInterface3.xml
auto.tcl: Setting watchdog for 200 seconds at Sat Sep 15 02:10:11 UTC 2018
7 ms. Memory: 208384K Free: 196427K (94%)
ptolemy.util.test.WatchDog.cancel(): canceling Sat Sep 15 02:10:12 UTC 2018
auto.tcl: Setting watchdog for 200 seconds at Sat Sep 15 02:10:12 UTC 2018
7 ms. Memory: 208384K Free: 196427K (94%)
ptolemy.util.test.WatchDog.cancel(): canceling Sat Sep 15 02:10:12 UTC 2018
------------------ testing $PTII/ptolemy/domains/de/test/auto/ClockDrift.xml
auto.tcl: Setting watchdog for 200 seconds at Sat Sep 15 02:10:12 UTC 2018
127 ms. Memory: 208384K Free: 187670K (90%)
ptolemy.util.test.WatchDog.cancel(): canceling Sat Sep 15 02:10:12 UTC 2018
auto.tcl: Setting watchdog for 200 seconds at Sat Sep 15 02:10:12 UTC 2018
41 ms. Memory: 208384K Free: 185575K (89%)
ptolemy.util.test.WatchDog.cancel(): canceling Sat Sep 15 02:10:12 UTC 2018
------------------ testing $PTII/ptolemy/domains/de/test/auto/ClockDriftAndValueChange.xml
auto.tcl: Setting watchdog for 200 seconds at Sat Sep 15 02:10:12 UTC 2018
50 ms. Memory: 208384K Free: 187503K (90%)
ptolemy.util.test.WatchDog.cancel(): canceling Sat Sep 15 02:10:12 UTC 2018
auto.tcl: Setting watchdog for 200 seconds at Sat Sep 15 02:10:12 UTC 2018
38 ms. Memory: 208384K Free: 185407K (89%)
ptolemy.util.test.WatchDog.cancel(): canceling Sat Sep 15 02:10:12 UTC 2018
------------------ testing $PTII/ptolemy/domains/de/test/auto/ClockDriftChange.xml
auto.tcl: Setting watchdog for 200 seconds at Sat Sep 15 02:10:12 UTC 2018
30 ms. Memory: 208384K Free: 190821K (92%)
ptolemy.util.test.WatchDog.cancel(): canceling Sat Sep 15 02:10:12 UTC 2018
auto.tcl: Setting watchdog for 200 seconds at Sat Sep 15 02:10:12 UTC 2018
30 ms. Memory: 208384K Free: 188725K (91%)
ptolemy.util.test.WatchDog.cancel(): canceling Sat Sep 15 02:10:12 UTC 2018
------------------ testing $PTII/ptolemy/domains/de/test/auto/ComposableCausalityAnalysis.xml
auto.tcl: Setting watchdog for 200 seconds at Sat Sep 15 02:10:12 UTC 2018
2 ms. Memory: 208384K Free: 196280K (94%)
ptolemy.util.test.WatchDog.cancel(): canceling Sat Sep 15 02:10:12 UTC 2018
auto.tcl: Setting watchdog for 200 seconds at Sat Sep 15 02:10:12 UTC 2018
7 ms. Memory: 208384K Free: 194184K (93%)
ptolemy.util.test.WatchDog.cancel(): canceling Sat Sep 15 02:10:12 UTC 2018
------------------ testing $PTII/ptolemy/domains/de/test/auto/DEFixedPointLimitation.xml
auto.tcl: Setting watchdog for 200 seconds at Sat Sep 15 02:10:12 UTC 2018
2 ms. Memory: 208384K Free: 196361K (94%)
ptolemy.util.test.WatchDog.cancel(): canceling Sat Sep 15 02:10:12 UTC 2018
auto.tcl: Setting watchdog for 200 seconds at Sat Sep 15 02:10:12 UTC 2018
2 ms. Memory: 208384K Free: 196361K (94%)
ptolemy.util.test.WatchDog.cancel(): canceling Sat Sep 15 02:10:12 UTC 2018
------------------ testing $PTII/ptolemy/domains/de/test/auto/DEScheduleTest.xml
auto.tcl: Setting watchdog for 200 seconds at Sat Sep 15 02:10:12 UTC 2018
6 ms. Memory: 208384K Free: 198493K (95%)
ptolemy.util.test.WatchDog.cancel(): canceling Sat Sep 15 02:10:12 UTC 2018
auto.tcl: Setting watchdog for 200 seconds at Sat Sep 15 02:10:12 UTC 2018
6 ms. Memory: 208384K Free: 196397K (94%)
ptolemy.util.test.WatchDog.cancel(): canceling Sat Sep 15 02:10:12 UTC 2018
------------------ testing $PTII/ptolemy/domains/de/test/auto/DEinDEwithStartTimes.xml
auto.tcl: Setting watchdog for 200 seconds at Sat Sep 15 02:10:13 UTC 2018
4 ms. Memory: 208384K Free: 196366K (94%)
ptolemy.util.test.WatchDog.cancel(): canceling Sat Sep 15 02:10:13 UTC 2018
auto.tcl: Setting watchdog for 200 seconds at Sat Sep 15 02:10:13 UTC 2018
4 ms. Memory: 208384K Free: 194270K (93%)
ptolemy.util.test.WatchDog.cancel(): canceling Sat Sep 15 02:10:13 UTC 2018
------------------ testing $PTII/ptolemy/domains/de/test/auto/DEinDEwithStartTimes2.xml
auto.tcl: Setting watchdog for 200 seconds at Sat Sep 15 02:10:13 UTC 2018
5 ms. Memory: 208384K Free: 196346K (94%)
ptolemy.util.test.WatchDog.cancel(): canceling Sat Sep 15 02:10:13 UTC 2018
auto.tcl: Setting watchdog for 200 seconds at Sat Sep 15 02:10:13 UTC 2018
14 ms. Memory: 208384K Free: 194250K (93%)
ptolemy.util.test.WatchDog.cancel(): canceling Sat Sep 15 02:10:13 UTC 2018
------------------ testing $PTII/ptolemy/domains/de/test/auto/DateDemo.xml
auto.tcl: Setting watchdog for 200 seconds at Sat Sep 15 02:10:13 UTC 2018
9 ms. Memory: 208384K Free: 188795K (91%)
ptolemy.util.test.WatchDog.cancel(): canceling Sat Sep 15 02:10:13 UTC 2018
auto.tcl: Setting watchdog for 200 seconds at Sat Sep 15 02:10:13 UTC 2018
7 ms. Memory: 208384K Free: 186699K (90%)
ptolemy.util.test.WatchDog.cancel(): canceling Sat Sep 15 02:10:13 UTC 2018
------------------ testing $PTII/ptolemy/domains/de/test/auto/DateToEvent.xml
auto.tcl: Setting watchdog for 200 seconds at Sat Sep 15 02:10:13 UTC 2018
2012 ms. Memory: 208384K Free: 183530K (88%)
ptolemy.util.test.WatchDog.cancel(): canceling Sat Sep 15 02:10:15 UTC 2018
auto.tcl: Setting watchdog for 200 seconds at Sat Sep 15 02:10:15 UTC 2018
2005 ms. Memory: 208384K Free: 183530K (88%)
ptolemy.util.test.WatchDog.cancel(): canceling Sat Sep 15 02:10:17 UTC 2018
------------------ testing $PTII/ptolemy/domains/de/test/auto/DepthTest1.xml
auto.tcl: Setting watchdog for 200 seconds at Sat Sep 15 02:10:17 UTC 2018
2 ms. Memory: 208384K Free: 198359K (95%)
ptolemy.util.test.WatchDog.cancel(): canceling Sat Sep 15 02:10:17 UTC 2018
auto.tcl: Setting watchdog for 200 seconds at Sat Sep 15 02:10:17 UTC 2018
2 ms. Memory: 208384K Free: 198359K (95%)
ptolemy.util.test.WatchDog.cancel(): canceling Sat Sep 15 02:10:17 UTC 2018
------------------ testing $PTII/ptolemy/domains/de/test/auto/DepthTest2.xml
auto.tcl: Setting watchdog for 200 seconds at Sat Sep 15 02:10:17 UTC 2018
4 ms. Memory: 208384K Free: 194568K (93%)
ptolemy.util.test.WatchDog.cancel(): canceling Sat Sep 15 02:10:17 UTC 2018
auto.tcl: Setting watchdog for 200 seconds at Sat Sep 15 02:10:17 UTC 2018
6 ms. Memory: 208384K Free: 194230K (93%)
ptolemy.util.test.WatchDog.cancel(): canceling Sat Sep 15 02:10:17 UTC 2018
------------------ testing $PTII/ptolemy/domains/de/test/auto/DepthTest3.xml
auto.tcl: Setting watchdog for 200 seconds at Sat Sep 15 02:10:17 UTC 2018
1 ms. Memory: 208384K Free: 198693K (95%)
ptolemy.util.test.WatchDog.cancel(): canceling Sat Sep 15 02:10:17 UTC 2018
auto.tcl: Setting watchdog for 200 seconds at Sat Sep 15 02:10:17 UTC 2018
3 ms. Memory: 208384K Free: 198356K (95%)
ptolemy.util.test.WatchDog.cancel(): canceling Sat Sep 15 02:10:17 UTC 2018
------------------ testing $PTII/ptolemy/domains/de/test/auto/DepthTest4.xml
auto.tcl: Setting watchdog for 200 seconds at Sat Sep 15 02:10:17 UTC 2018
6 ms. Memory: 208384K Free: 196346K (94%)
ptolemy.util.test.WatchDog.cancel(): canceling Sat Sep 15 02:10:17 UTC 2018
auto.tcl: Setting watchdog for 200 seconds at Sat Sep 15 02:10:17 UTC 2018
2 ms. Memory: 208384K Free: 196346K (94%)
ptolemy.util.test.WatchDog.cancel(): canceling Sat Sep 15 02:10:17 UTC 2018
------------------ testing $PTII/ptolemy/domains/de/test/auto/DepthTest5.xml
auto.tcl: Setting watchdog for 200 seconds at Sat Sep 15 02:10:17 UTC 2018
7 ms. Memory: 208384K Free: 196632K (94%)
ptolemy.util.test.WatchDog.cancel(): canceling Sat Sep 15 02:10:17 UTC 2018
auto.tcl: Setting watchdog for 200 seconds at Sat Sep 15 02:10:17 UTC 2018
3 ms. Memory: 208384K Free: 196632K (94%)
ptolemy.util.test.WatchDog.cancel(): canceling Sat Sep 15 02:10:17 UTC 2018
------------------ testing $PTII/ptolemy/domains/de/test/auto/DepthTest6.xml
auto.tcl: Setting watchdog for 200 seconds at Sat Sep 15 02:10:17 UTC 2018
9 ms. Memory: 208384K Free: 196261K (94%)
ptolemy.util.test.WatchDog.cancel(): canceling Sat Sep 15 02:10:17 UTC 2018
auto.tcl: Setting watchdog for 200 seconds at Sat Sep 15 02:10:17 UTC 2018
3 ms. Memory: 208384K Free: 196261K (94%)
ptolemy.util.test.WatchDog.cancel(): canceling Sat Sep 15 02:10:17 UTC 2018
------------------ testing $PTII/ptolemy/domains/de/test/auto/DepthTest7.xml
auto.tcl: Setting watchdog for 200 seconds at Sat Sep 15 02:10:17 UTC 2018
3 ms. Memory: 208384K Free: 196250K (94%)
ptolemy.util.test.WatchDog.cancel(): canceling Sat Sep 15 02:10:18 UTC 2018
auto.tcl: Setting watchdog for 200 seconds at Sat Sep 15 02:10:18 UTC 2018
2 ms. Memory: 208384K Free: 196250K (94%)
ptolemy.util.test.WatchDog.cancel(): canceling Sat Sep 15 02:10:18 UTC 2018
------------------ testing $PTII/ptolemy/domains/de/test/auto/EventToDate.xml
auto.tcl: Setting watchdog for 200 seconds at Sat Sep 15 02:10:18 UTC 2018
3007 ms. Memory: 208384K Free: 185792K (89%)
ptolemy.util.test.WatchDog.cancel(): canceling Sat Sep 15 02:10:21 UTC 2018
auto.tcl: Setting watchdog for 200 seconds at Sat Sep 15 02:10:21 UTC 2018
3004 ms. Memory: 208384K Free: 185792K (89%)
ptolemy.util.test.WatchDog.cancel(): canceling Sat Sep 15 02:10:24 UTC 2018
------------------ testing $PTII/ptolemy/domains/de/test/auto/FSM1.xml
auto.tcl: Setting watchdog for 200 seconds at Sat Sep 15 02:10:24 UTC 2018
22 ms. Memory: 208384K Free: 189311K (91%)
ptolemy.util.test.WatchDog.cancel(): canceling Sat Sep 15 02:10:24 UTC 2018
auto.tcl: Setting watchdog for 200 seconds at Sat Sep 15 02:10:24 UTC 2018
18 ms. Memory: 208384K Free: 185119K (89%)
ptolemy.util.test.WatchDog.cancel(): canceling Sat Sep 15 02:10:24 UTC 2018
------------------ testing $PTII/ptolemy/domains/de/test/auto/FSM7.xml
auto.tcl: Setting watchdog for 200 seconds at Sat Sep 15 02:10:24 UTC 2018
20 ms. Memory: 208384K Free: 187418K (90%)
ptolemy.util.test.WatchDog.cancel(): canceling Sat Sep 15 02:10:24 UTC 2018
auto.tcl: Setting watchdog for 200 seconds at Sat Sep 15 02:10:24 UTC 2018
16 ms. Memory: 208384K Free: 185322K (89%)
ptolemy.util.test.WatchDog.cancel(): canceling Sat Sep 15 02:10:24 UTC 2018
------------------ testing $PTII/ptolemy/domains/de/test/auto/Inspection.xml
auto.tcl: Setting watchdog for 200 seconds at Sat Sep 15 02:10:24 UTC 2018
49 ms. Memory: 208384K Free: 188631K (91%)
ptolemy.util.test.WatchDog.cancel(): canceling Sat Sep 15 02:10:24 UTC 2018
auto.tcl: Setting watchdog for 200 seconds at Sat Sep 15 02:10:24 UTC 2018
35 ms. Memory: 208384K Free: 186535K (90%)
ptolemy.util.test.WatchDog.cancel(): canceling Sat Sep 15 02:10:24 UTC 2018
------------------ testing $PTII/ptolemy/domains/de/test/auto/Iteration.xml
auto.tcl: Setting watchdog for 200 seconds at Sat Sep 15 02:10:24 UTC 2018
8 ms. Memory: 208384K Free: 196394K (94%)
ptolemy.util.test.WatchDog.cancel(): canceling Sat Sep 15 02:10:24 UTC 2018
auto.tcl: Setting watchdog for 200 seconds at Sat Sep 15 02:10:24 UTC 2018
8 ms. Memory: 208384K Free: 194298K (93%)
ptolemy.util.test.WatchDog.cancel(): canceling Sat Sep 15 02:10:24 UTC 2018
------------------ testing $PTII/ptolemy/domains/de/test/auto/LineFault.xml
auto.tcl: Setting watchdog for 200 seconds at Sat Sep 15 02:10:24 UTC 2018
850 ms. Memory: 208384K Free: 196206K (94%)
ptolemy.util.test.WatchDog.cancel(): canceling Sat Sep 15 02:10:25 UTC 2018
auto.tcl: Setting watchdog for 200 seconds at Sat Sep 15 02:10:25 UTC 2018
662 ms. Memory: 208384K Free: 138978K (67%)
ptolemy.util.test.WatchDog.cancel(): canceling Sat Sep 15 02:10:26 UTC 2018
------------------ testing $PTII/ptolemy/domains/de/test/auto/MergeModel1Add.xml
auto.tcl: Setting watchdog for 200 seconds at Sat Sep 15 02:10:26 UTC 2018
31 ms. Memory: 331264K Free: 298869K (90%)
ptolemy.util.test.WatchDog.cancel(): canceling Sat Sep 15 02:10:26 UTC 2018
auto.tcl: Setting watchdog for 200 seconds at Sat Sep 15 02:10:26 UTC 2018
19 ms. Memory: 331264K Free: 298869K (90%)
ptolemy.util.test.WatchDog.cancel(): canceling Sat Sep 15 02:10:26 UTC 2018
------------------ testing $PTII/ptolemy/domains/de/test/auto/MergeModel2Add.xml
auto.tcl: Setting watchdog for 200 seconds at Sat Sep 15 02:10:26 UTC 2018
15 ms. Memory: 331264K Free: 304153K (92%)
ptolemy.util.test.WatchDog.cancel(): canceling Sat Sep 15 02:10:26 UTC 2018
auto.tcl: Setting watchdog for 200 seconds at Sat Sep 15 02:10:26 UTC 2018
8 ms. Memory: 331264K Free: 300208K (91%)
ptolemy.util.test.WatchDog.cancel(): canceling Sat Sep 15 02:10:26 UTC 2018
------------------ testing $PTII/ptolemy/domains/de/test/auto/MergeModel3Add.xml
auto.tcl: Setting watchdog for 200 seconds at Sat Sep 15 02:10:26 UTC 2018
14 ms. Memory: 331264K Free: 304163K (92%)
ptolemy.util.test.WatchDog.cancel(): canceling Sat Sep 15 02:10:27 UTC 2018
auto.tcl: Setting watchdog for 200 seconds at Sat Sep 15 02:10:27 UTC 2018
11 ms. Memory: 331264K Free: 300218K (91%)
ptolemy.util.test.WatchDog.cancel(): canceling Sat Sep 15 02:10:27 UTC 2018
------------------ testing $PTII/ptolemy/domains/de/test/auto/MergeWithoutDiscard.xml
auto.tcl: Setting watchdog for 200 seconds at Sat Sep 15 02:10:27 UTC 2018
4 ms. Memory: 331264K Free: 319940K (97%)
ptolemy.util.test.WatchDog.cancel(): canceling Sat Sep 15 02:10:27 UTC 2018
auto.tcl: Setting watchdog for 200 seconds at Sat Sep 15 02:10:27 UTC 2018
2 ms. Memory: 331264K Free: 315995K (95%)
ptolemy.util.test.WatchDog.cancel(): canceling Sat Sep 15 02:10:27 UTC 2018
------------------ testing $PTII/ptolemy/domains/de/test/auto/Modal1.xml
auto.tcl: Setting watchdog for 200 seconds at Sat Sep 15 02:10:27 UTC 2018
14 ms. Memory: 331264K Free: 309890K (94%)
ptolemy.util.test.WatchDog.cancel(): canceling Sat Sep 15 02:10:27 UTC 2018
auto.tcl: Setting watchdog for 200 seconds at Sat Sep 15 02:10:27 UTC 2018
13 ms. Memory: 331264K Free: 305945K (92%)
ptolemy.util.test.WatchDog.cancel(): canceling Sat Sep 15 02:10:27 UTC 2018
------------------ testing $PTII/ptolemy/domains/de/test/auto/Modal2.xml
auto.tcl: Setting watchdog for 200 seconds at Sat Sep 15 02:10:27 UTC 2018
15 ms. Memory: 331264K Free: 309772K (94%)
ptolemy.util.test.WatchDog.cancel(): canceling Sat Sep 15 02:10:27 UTC 2018
auto.tcl: Setting watchdog for 200 seconds at Sat Sep 15 02:10:27 UTC 2018
21 ms. Memory: 331264K Free: 305827K (92%)
ptolemy.util.test.WatchDog.cancel(): canceling Sat Sep 15 02:10:27 UTC 2018
------------------ testing $PTII/ptolemy/domains/de/test/auto/Modal3.xml
auto.tcl: Setting watchdog for 200 seconds at Sat Sep 15 02:10:27 UTC 2018
17 ms. Memory: 331264K Free: 310048K (94%)
ptolemy.util.test.WatchDog.cancel(): canceling Sat Sep 15 02:10:27 UTC 2018
auto.tcl: Setting watchdog for 200 seconds at Sat Sep 15 02:10:27 UTC 2018
14 ms. Memory: 331264K Free: 305818K (92%)
ptolemy.util.test.WatchDog.cancel(): canceling Sat Sep 15 02:10:27 UTC 2018
------------------ testing $PTII/ptolemy/domains/de/test/auto/Modal4.xml
auto.tcl: Setting watchdog for 200 seconds at Sat Sep 15 02:10:27 UTC 2018
25 ms. Memory: 331264K Free: 309776K (94%)
ptolemy.util.test.WatchDog.cancel(): canceling Sat Sep 15 02:10:27 UTC 2018
auto.tcl: Setting watchdog for 200 seconds at Sat Sep 15 02:10:27 UTC 2018
27 ms. Memory: 331264K Free: 305831K (92%)
ptolemy.util.test.WatchDog.cancel(): canceling Sat Sep 15 02:10:27 UTC 2018
------------------ testing $PTII/ptolemy/domains/de/test/auto/Modal5.xml
auto.tcl: Setting watchdog for 200 seconds at Sat Sep 15 02:10:27 UTC 2018
22 ms. Memory: 331264K Free: 309763K (94%)
ptolemy.util.test.WatchDog.cancel(): canceling Sat Sep 15 02:10:27 UTC 2018
auto.tcl: Setting watchdog for 200 seconds at Sat Sep 15 02:10:27 UTC 2018
24 ms. Memory: 331264K Free: 305818K (92%)
ptolemy.util.test.WatchDog.cancel(): canceling Sat Sep 15 02:10:27 UTC 2018
------------------ testing $PTII/ptolemy/domains/de/test/auto/Modal6.xml
auto.tcl: Setting watchdog for 200 seconds at Sat Sep 15 02:10:27 UTC 2018
16 ms. Memory: 331264K Free: 309760K (94%)
ptolemy.util.test.WatchDog.cancel(): canceling Sat Sep 15 02:10:27 UTC 2018
auto.tcl: Setting watchdog for 200 seconds at Sat Sep 15 02:10:27 UTC 2018
18 ms. Memory: 331264K Free: 305815K (92%)
ptolemy.util.test.WatchDog.cancel(): canceling Sat Sep 15 02:10:27 UTC 2018
------------------ testing $PTII/ptolemy/domains/de/test/auto/Modal7.xml
auto.tcl: Setting watchdog for 200 seconds at Sat Sep 15 02:10:27 UTC 2018
20 ms. Memory: 331264K Free: 309760K (94%)
ptolemy.util.test.WatchDog.cancel(): canceling Sat Sep 15 02:10:28 UTC 2018
auto.tcl: Setting watchdog for 200 seconds at Sat Sep 15 02:10:28 UTC 2018
13 ms. Memory: 331264K Free: 305815K (92%)
ptolemy.util.test.WatchDog.cancel(): canceling Sat Sep 15 02:10:28 UTC 2018
------------------ testing $PTII/ptolemy/domains/de/test/auto/ModalModel.xml
auto.tcl: Setting watchdog for 200 seconds at Sat Sep 15 02:10:28 UTC 2018
240 ms. Memory: 331264K Free: 241368K (73%)
ptolemy.util.test.WatchDog.cancel(): canceling Sat Sep 15 02:10:28 UTC 2018
auto.tcl: Setting watchdog for 200 seconds at Sat Sep 15 02:10:28 UTC 2018
233 ms. Memory: 331264K Free: 186137K (56%)
ptolemy.util.test.WatchDog.cancel(): canceling Sat Sep 15 02:10:28 UTC 2018
------------------ testing $PTII/ptolemy/domains/de/test/auto/ModalSource.xml
auto.tcl: Setting watchdog for 200 seconds at Sat Sep 15 02:10:28 UTC 2018
13 ms. Memory: 331264K Free: 316609K (96%)
ptolemy.util.test.WatchDog.cancel(): canceling Sat Sep 15 02:10:28 UTC 2018
auto.tcl: Setting watchdog for 200 seconds at Sat Sep 15 02:10:28 UTC 2018
5 ms. Memory: 331264K Free: 313128K (95%)
ptolemy.util.test.WatchDog.cancel(): canceling Sat Sep 15 02:10:28 UTC 2018
------------------ testing $PTII/ptolemy/domains/de/test/auto/NonInterruptibleTimerZeroDelay.xml
auto.tcl: Setting watchdog for 200 seconds at Sat Sep 15 02:10:28 UTC 2018
6 ms. Memory: 331264K Free: 320927K (97%)
ptolemy.util.test.WatchDog.cancel(): canceling Sat Sep 15 02:10:28 UTC 2018
auto.tcl: Setting watchdog for 200 seconds at Sat Sep 15 02:10:28 UTC 2018
4 ms. Memory: 331264K Free: 317447K (96%)
ptolemy.util.test.WatchDog.cancel(): canceling Sat Sep 15 02:10:28 UTC 2018
------------------ testing $PTII/ptolemy/domains/de/test/auto/OpenQueueingNetwork.xml
auto.tcl: Setting watchdog for 200 seconds at Sat Sep 15 02:10:28 UTC 2018
3528 ms. Memory: 317952K Free: 146365K (46%)
ptolemy.util.test.WatchDog.cancel(): canceling Sat Sep 15 02:10:32 UTC 2018
auto.tcl: Setting watchdog for 200 seconds at Sat Sep 15 02:10:32 UTC 2018
3245 ms. Memory: 287232K Free: 199338K (69%)
ptolemy.util.test.WatchDog.cancel(): canceling Sat Sep 15 02:10:35 UTC 2018
------------------ testing $PTII/ptolemy/domains/de/test/auto/OpenQueuingNetwork.xml
auto.tcl: Setting watchdog for 200 seconds at Sat Sep 15 02:10:35 UTC 2018
324 ms. Memory: 287232K Free: 183888K (64%)
ptolemy.util.test.WatchDog.cancel(): canceling Sat Sep 15 02:10:36 UTC 2018
auto.tcl: Setting watchdog for 200 seconds at Sat Sep 15 02:10:36 UTC 2018
304 ms. Memory: 287232K Free: 121090K (42%)
ptolemy.util.test.WatchDog.cancel(): canceling Sat Sep 15 02:10:36 UTC 2018
------------------ testing $PTII/ptolemy/domains/de/test/auto/PeriodicSampler.xml
auto.tcl: Setting watchdog for 200 seconds at Sat Sep 15 02:10:36 UTC 2018
4 ms. Memory: 289792K Free: 274949K (95%)
ptolemy.util.test.WatchDog.cancel(): canceling Sat Sep 15 02:10:36 UTC 2018
auto.tcl: Setting watchdog for 200 seconds at Sat Sep 15 02:10:36 UTC 2018
2 ms. Memory: 289792K Free: 274949K (95%)
ptolemy.util.test.WatchDog.cancel(): canceling Sat Sep 15 02:10:36 UTC 2018
------------------ testing $PTII/ptolemy/domains/de/test/auto/PersistentIO.xml
auto.tcl: Setting watchdog for 200 seconds at Sat Sep 15 02:10:36 UTC 2018
4 ms. Memory: 287232K Free: 267268K (93%)
ptolemy.util.test.WatchDog.cancel(): canceling Sat Sep 15 02:10:36 UTC 2018
auto.tcl: Setting watchdog for 200 seconds at Sat Sep 15 02:10:36 UTC 2018
5 ms. Memory: 287232K Free: 267268K (93%)
ptolemy.util.test.WatchDog.cancel(): canceling Sat Sep 15 02:10:36 UTC 2018
------------------ testing $PTII/ptolemy/domains/de/test/auto/PortParameterResetOnInitialize.xml
auto.tcl: Setting watchdog for 200 seconds at Sat Sep 15 02:10:36 UTC 2018
3 ms. Memory: 289280K Free: 274797K (95%)
ptolemy.util.test.WatchDog.cancel(): canceling Sat Sep 15 02:10:36 UTC 2018
auto.tcl: Setting watchdog for 200 seconds at Sat Sep 15 02:10:36 UTC 2018
2 ms. Memory: 289280K Free: 274797K (95%)
ptolemy.util.test.WatchDog.cancel(): canceling Sat Sep 15 02:10:36 UTC 2018
------------------ testing $PTII/ptolemy/domains/de/test/auto/PortParameterUpdates.xml
auto.tcl: Setting watchdog for 200 seconds at Sat Sep 15 02:10:36 UTC 2018
4 ms. Memory: 287232K Free: 272882K (95%)
ptolemy.util.test.WatchDog.cancel(): canceling Sat Sep 15 02:10:36 UTC 2018
auto.tcl: Setting watchdog for 200 seconds at Sat Sep 15 02:10:36 UTC 2018
6 ms. Memory: 287232K Free: 270022K (94%)
ptolemy.util.test.WatchDog.cancel(): canceling Sat Sep 15 02:10:36 UTC 2018
------------------ testing $PTII/ptolemy/domains/de/test/auto/QueueAndServer.xml
auto.tcl: Setting watchdog for 200 seconds at Sat Sep 15 02:10:36 UTC 2018
8 ms. Memory: 289280K Free: 274092K (95%)
ptolemy.util.test.WatchDog.cancel(): canceling Sat Sep 15 02:10:36 UTC 2018
auto.tcl: Setting watchdog for 200 seconds at Sat Sep 15 02:10:36 UTC 2018
8 ms. Memory: 289280K Free: 274092K (95%)
ptolemy.util.test.WatchDog.cancel(): canceling Sat Sep 15 02:10:37 UTC 2018
------------------ testing $PTII/ptolemy/domains/de/test/auto/Records.xml
auto.tcl: Setting watchdog for 200 seconds at Sat Sep 15 02:10:37 UTC 2018
4 ms. Memory: 287232K Free: 274845K (96%)
ptolemy.util.test.WatchDog.cancel(): canceling Sat Sep 15 02:10:37 UTC 2018
auto.tcl: Setting watchdog for 200 seconds at Sat Sep 15 02:10:37 UTC 2018
2 ms. Memory: 287232K Free: 274845K (96%)
ptolemy.util.test.WatchDog.cancel(): canceling Sat Sep 15 02:10:37 UTC 2018
------------------ testing $PTII/ptolemy/domains/de/test/auto/ResetTransitionWithStartTime1.xml
auto.tcl: Setting watchdog for 200 seconds at Sat Sep 15 02:10:37 UTC 2018
7 ms. Memory: 288768K Free: 273546K (95%)
ptolemy.util.test.WatchDog.cancel(): canceling Sat Sep 15 02:10:37 UTC 2018
auto.tcl: Setting watchdog for 200 seconds at Sat Sep 15 02:10:37 UTC 2018
7 ms. Memory: 288768K Free: 270686K (94%)
ptolemy.util.test.WatchDog.cancel(): canceling Sat Sep 15 02:10:37 UTC 2018
------------------ testing $PTII/ptolemy/domains/de/test/auto/ResetTransitionWithStartTime2.xml
auto.tcl: Setting watchdog for 200 seconds at Sat Sep 15 02:10:37 UTC 2018
5 ms. Memory: 287232K Free: 272102K (95%)
ptolemy.util.test.WatchDog.cancel(): canceling Sat Sep 15 02:10:37 UTC 2018
auto.tcl: Setting watchdog for 200 seconds at Sat Sep 15 02:10:37 UTC 2018
7 ms. Memory: 287232K Free: 269242K (94%)
ptolemy.util.test.WatchDog.cancel(): canceling Sat Sep 15 02:10:37 UTC 2018
------------------ testing $PTII/ptolemy/domains/de/test/auto/ResetTransitionWithStartTime3.xml
auto.tcl: Setting watchdog for 200 seconds at Sat Sep 15 02:10:37 UTC 2018
8 ms. Memory: 288768K Free: 273535K (95%)
ptolemy.util.test.WatchDog.cancel(): canceling Sat Sep 15 02:10:37 UTC 2018
auto.tcl: Setting watchdog for 200 seconds at Sat Sep 15 02:10:37 UTC 2018
7 ms. Memory: 288768K Free: 270659K (94%)
ptolemy.util.test.WatchDog.cancel(): canceling Sat Sep 15 02:10:37 UTC 2018
------------------ testing $PTII/ptolemy/domains/de/test/auto/ResetTransitionWithStartTime4.xml
auto.tcl: Setting watchdog for 200 seconds at Sat Sep 15 02:10:37 UTC 2018
6 ms. Memory: 287232K Free: 271982K (95%)
ptolemy.util.test.WatchDog.cancel(): canceling Sat Sep 15 02:10:37 UTC 2018
auto.tcl: Setting watchdog for 200 seconds at Sat Sep 15 02:10:37 UTC 2018
4 ms. Memory: 287232K Free: 271982K (95%)
ptolemy.util.test.WatchDog.cancel(): canceling Sat Sep 15 02:10:37 UTC 2018
------------------ testing $PTII/ptolemy/domains/de/test/auto/ResettableTimer1.xml
auto.tcl: Setting watchdog for 200 seconds at Sat Sep 15 02:10:37 UTC 2018
5 ms. Memory: 288768K Free: 276389K (96%)
ptolemy.util.test.WatchDog.cancel(): canceling Sat Sep 15 02:10:37 UTC 2018
auto.tcl: Setting watchdog for 200 seconds at Sat Sep 15 02:10:37 UTC 2018
3 ms. Memory: 288768K Free: 276389K (96%)
ptolemy.util.test.WatchDog.cancel(): canceling Sat Sep 15 02:10:37 UTC 2018
------------------ testing $PTII/ptolemy/domains/de/test/auto/ResettableTimer2.xml
auto.tcl: Setting watchdog for 200 seconds at Sat Sep 15 02:10:37 UTC 2018
3 ms. Memory: 287232K Free: 274996K (96%)
ptolemy.util.test.WatchDog.cancel(): canceling Sat Sep 15 02:10:37 UTC 2018
auto.tcl: Setting watchdog for 200 seconds at Sat Sep 15 02:10:37 UTC 2018
2 ms. Memory: 287232K Free: 274996K (96%)
ptolemy.util.test.WatchDog.cancel(): canceling Sat Sep 15 02:10:37 UTC 2018
------------------ testing $PTII/ptolemy/domains/de/test/auto/ResettableTimer3.xml
auto.tcl: Setting watchdog for 200 seconds at Sat Sep 15 02:10:37 UTC 2018
1 ms. Memory: 288256K Free: 275918K (96%)
ptolemy.util.test.WatchDog.cancel(): canceling Sat Sep 15 02:10:37 UTC 2018
auto.tcl: Setting watchdog for 200 seconds at Sat Sep 15 02:10:37 UTC 2018
2 ms. Memory: 288256K Free: 275918K (96%)
ptolemy.util.test.WatchDog.cancel(): canceling Sat Sep 15 02:10:37 UTC 2018
------------------ testing $PTII/ptolemy/domains/de/test/auto/ResettableTimer4.xml
auto.tcl: Setting watchdog for 200 seconds at Sat Sep 15 02:10:37 UTC 2018
1 ms. Memory: 287232K Free: 275008K (96%)
ptolemy.util.test.WatchDog.cancel(): canceling Sat Sep 15 02:10:37 UTC 2018
auto.tcl: Setting watchdog for 200 seconds at Sat Sep 15 02:10:37 UTC 2018
1 ms. Memory: 287232K Free: 275008K (96%)
ptolemy.util.test.WatchDog.cancel(): canceling Sat Sep 15 02:10:37 UTC 2018
------------------ testing $PTII/ptolemy/domains/de/test/auto/ResettableTimer5.xml
auto.tcl: Setting watchdog for 200 seconds at Sat Sep 15 02:10:37 UTC 2018
2 ms. Memory: 288256K Free: 273871K (95%)
ptolemy.util.test.WatchDog.cancel(): canceling Sat Sep 15 02:10:37 UTC 2018
auto.tcl: Setting watchdog for 200 seconds at Sat Sep 15 02:10:37 UTC 2018
2 ms. Memory: 288256K Free: 273871K (95%)
ptolemy.util.test.WatchDog.cancel(): canceling Sat Sep 15 02:10:37 UTC 2018
------------------ testing $PTII/ptolemy/domains/de/test/auto/ResettableTimer6.xml
auto.tcl: Setting watchdog for 200 seconds at Sat Sep 15 02:10:37 UTC 2018
1 ms. Memory: 287232K Free: 274854K (96%)
ptolemy.util.test.WatchDog.cancel(): canceling Sat Sep 15 02:10:37 UTC 2018
auto.tcl: Setting watchdog for 200 seconds at Sat Sep 15 02:10:37 UTC 2018
1 ms. Memory: 287232K Free: 274854K (96%)
ptolemy.util.test.WatchDog.cancel(): canceling Sat Sep 15 02:10:37 UTC 2018
------------------ testing $PTII/ptolemy/domains/de/test/auto/ServerZeroDelay.xml
auto.tcl: Setting watchdog for 200 seconds at Sat Sep 15 02:10:37 UTC 2018
4 ms. Memory: 288256K Free: 275970K (96%)
ptolemy.util.test.WatchDog.cancel(): canceling Sat Sep 15 02:10:37 UTC 2018
auto.tcl: Setting watchdog for 200 seconds at Sat Sep 15 02:10:37 UTC 2018
3 ms. Memory: 288256K Free: 275970K (96%)
ptolemy.util.test.WatchDog.cancel(): canceling Sat Sep 15 02:10:37 UTC 2018
------------------ testing $PTII/ptolemy/domains/de/test/auto/SmartSender.xml
auto.tcl: Setting watchdog for 200 seconds at Sat Sep 15 02:10:37 UTC 2018
3002 ms. Memory: 287232K Free: 274940K (96%)
ptolemy.util.test.WatchDog.cancel(): canceling Sat Sep 15 02:10:40 UTC 2018
auto.tcl: Setting watchdog for 200 seconds at Sat Sep 15 02:10:40 UTC 2018
3001 ms. Memory: 287232K Free: 274940K (96%)
ptolemy.util.test.WatchDog.cancel(): canceling Sat Sep 15 02:10:43 UTC 2018
------------------ testing $PTII/ptolemy/domains/de/test/auto/ThreadedComposite.xml
auto.tcl: Setting watchdog for 200 seconds at Sat Sep 15 02:10:43 UTC 2018
252 ms. Memory: 288256K Free: 252865K (88%)
ptolemy.util.test.WatchDog.cancel(): canceling Sat Sep 15 02:10:44 UTC 2018
auto.tcl: Setting watchdog for 200 seconds at Sat Sep 15 02:10:44 UTC 2018
286 ms. Memory: 288256K Free: 234795K (81%)
ptolemy.util.test.WatchDog.cancel(): canceling Sat Sep 15 02:10:44 UTC 2018
------------------ testing $PTII/ptolemy/domains/de/test/auto/Time.xml
auto.tcl: Setting watchdog for 200 seconds at Sat Sep 15 02:10:44 UTC 2018
668 ms. Memory: 287232K Free: 216933K (76%)
ptolemy.util.test.WatchDog.cancel(): canceling Sat Sep 15 02:10:45 UTC 2018
auto.tcl: Setting watchdog for 200 seconds at Sat Sep 15 02:10:45 UTC 2018
630 ms. Memory: 287232K Free: 156871K (55%)
ptolemy.util.test.WatchDog.cancel(): canceling Sat Sep 15 02:10:45 UTC 2018
------------------ testing $PTII/ptolemy/domains/de/test/auto/TimeDelayZeroDelay.xml
auto.tcl: Setting watchdog for 200 seconds at Sat Sep 15 02:10:46 UTC 2018
2 ms. Memory: 287744K Free: 275874K (96%)
ptolemy.util.test.WatchDog.cancel(): canceling Sat Sep 15 02:10:46 UTC 2018
auto.tcl: Setting watchdog for 200 seconds at Sat Sep 15 02:10:46 UTC 2018
2 ms. Memory: 287744K Free: 275874K (96%)
ptolemy.util.test.WatchDog.cancel(): canceling Sat Sep 15 02:10:46 UTC 2018
------------------ testing $PTII/ptolemy/domains/de/test/auto/TimerZeroDelay.xml
auto.tcl: Setting watchdog for 200 seconds at Sat Sep 15 02:10:46 UTC 2018
4 ms. Memory: 287232K Free: 275464K (96%)
ptolemy.util.test.WatchDog.cancel(): canceling Sat Sep 15 02:10:46 UTC 2018
auto.tcl: Setting watchdog for 200 seconds at Sat Sep 15 02:10:46 UTC 2018
2 ms. Memory: 287232K Free: 275464K (96%)
ptolemy.util.test.WatchDog.cancel(): canceling Sat Sep 15 02:10:46 UTC 2018
------------------ testing $PTII/ptolemy/domains/de/test/auto/TimingParadox.xml
auto.tcl: Setting watchdog for 200 seconds at Sat Sep 15 02:10:46 UTC 2018
412 ms. Memory: 287744K Free: 207780K (72%)
ptolemy.util.test.WatchDog.cancel(): canceling Sat Sep 15 02:10:46 UTC 2018
auto.tcl: Setting watchdog for 200 seconds at Sat Sep 15 02:10:46 UTC 2018
432 ms. Memory: 287744K Free: 169049K (59%)
ptolemy.util.test.WatchDog.cancel(): canceling Sat Sep 15 02:10:47 UTC 2018
------------------ testing $PTII/ptolemy/domains/de/test/auto/TransferInputs.xml
auto.tcl: Setting watchdog for 200 seconds at Sat Sep 15 02:10:47 UTC 2018
2 ms. Memory: 287744K Free: 274859K (96%)
ptolemy.util.test.WatchDog.cancel(): canceling Sat Sep 15 02:10:47 UTC 2018
auto.tcl: Setting watchdog for 200 seconds at Sat Sep 15 02:10:47 UTC 2018
2 ms. Memory: 287744K Free: 274859K (96%)
ptolemy.util.test.WatchDog.cancel(): canceling Sat Sep 15 02:10:47 UTC 2018
------------------ testing $PTII/ptolemy/domains/de/test/auto/TransferOutputs2.xml
auto.tcl: Setting watchdog for 200 seconds at Sat Sep 15 02:10:47 UTC 2018
4 ms. Memory: 287232K Free: 270800K (94%)
ptolemy.util.test.WatchDog.cancel(): canceling Sat Sep 15 02:10:47 UTC 2018
auto.tcl: Setting watchdog for 200 seconds at Sat Sep 15 02:10:47 UTC 2018
4 ms. Memory: 287232K Free: 268201K (93%)
ptolemy.util.test.WatchDog.cancel(): canceling Sat Sep 15 02:10:47 UTC 2018
------------------ testing $PTII/ptolemy/domains/de/test/auto/Trilateration.xml
auto.tcl: Setting watchdog for 200 seconds at Sat Sep 15 02:10:47 UTC 2018
15792 ms. Memory: 473088K Free: 187660K (40%)
ptolemy.util.test.WatchDog.cancel(): canceling Sat Sep 15 02:11:04 UTC 2018
auto.tcl: Setting watchdog for 200 seconds at Sat Sep 15 02:11:04 UTC 2018
11155 ms. Memory: 352256K Free: 140602K (40%)
ptolemy.util.test.WatchDog.cancel(): canceling Sat Sep 15 02:11:15 UTC 2018
------------------ testing $PTII/ptolemy/domains/de/test/auto/TwoSigmaDelta.xml
auto.tcl: Setting watchdog for 200 seconds at Sat Sep 15 02:11:15 UTC 2018
3279 ms. Memory: 339968K Free: 313015K (92%)
ptolemy.util.test.WatchDog.cancel(): canceling Sat Sep 15 02:11:19 UTC 2018
auto.tcl: Setting watchdog for 200 seconds at Sat Sep 15 02:11:19 UTC 2018
2445 ms. Memory: 339968K Free: 79117K (23%)
ptolemy.util.test.WatchDog.cancel(): canceling Sat Sep 15 02:11:21 UTC 2018
------------------ testing $PTII/ptolemy/domains/de/test/auto/VariableDelay.xml
auto.tcl: Setting watchdog for 200 seconds at Sat Sep 15 02:11:21 UTC 2018
7 ms. Memory: 337408K Free: 325872K (97%)
ptolemy.util.test.WatchDog.cancel(): canceling Sat Sep 15 02:11:21 UTC 2018
auto.tcl: Setting watchdog for 200 seconds at Sat Sep 15 02:11:21 UTC 2018
2 ms. Memory: 337408K Free: 321955K (95%)
ptolemy.util.test.WatchDog.cancel(): canceling Sat Sep 15 02:11:21 UTC 2018
------------------ testing $PTII/ptolemy/domains/de/test/auto/VariableDelay2.xml
auto.tcl: Setting watchdog for 200 seconds at Sat Sep 15 02:11:21 UTC 2018
4 ms. Memory: 339456K Free: 328330K (97%)
ptolemy.util.test.WatchDog.cancel(): canceling Sat Sep 15 02:11:21 UTC 2018
auto.tcl: Setting watchdog for 200 seconds at Sat Sep 15 02:11:21 UTC 2018
2 ms. Memory: 339456K Free: 324414K (96%)
ptolemy.util.test.WatchDog.cancel(): canceling Sat Sep 15 02:11:21 UTC 2018
------------------ testing $PTII/ptolemy/domains/de/test/auto/VariableDelayZeroDelay.xml
auto.tcl: Setting watchdog for 200 seconds at Sat Sep 15 02:11:21 UTC 2018
3 ms. Memory: 337408K Free: 323721K (96%)
ptolemy.util.test.WatchDog.cancel(): canceling Sat Sep 15 02:11:21 UTC 2018
auto.tcl: Setting watchdog for 200 seconds at Sat Sep 15 02:11:21 UTC 2018
2 ms. Memory: 337408K Free: 323721K (96%)
ptolemy.util.test.WatchDog.cancel(): canceling Sat Sep 15 02:11:21 UTC 2018
------------------ testing $PTII/ptolemy/domains/de/test/auto/VariableDelayZeroDelay2.xml
auto.tcl: Setting watchdog for 200 seconds at Sat Sep 15 02:11:21 UTC 2018
9 ms. Memory: 339456K Free: 325768K (96%)
ptolemy.util.test.WatchDog.cancel(): canceling Sat Sep 15 02:11:21 UTC 2018
auto.tcl: Setting watchdog for 200 seconds at Sat Sep 15 02:11:21 UTC 2018
3 ms. Memory: 339456K Free: 321859K (95%)
ptolemy.util.test.WatchDog.cancel(): canceling Sat Sep 15 02:11:21 UTC 2018
------------------ testing $PTII/ptolemy/domains/de/test/auto/deInCt.xml
auto.tcl: Setting watchdog for 200 seconds at Sat Sep 15 02:11:21 UTC 2018
0
1
1
1
0
0
0
1
1
1
1
0
0
0
0
1
1
1
0
0
0
0
1
1
1
0
0
0
1
1
1
0
0
0
0
12 ms. Memory: 337408K Free: 319796K (95%)
ptolemy.util.test.WatchDog.cancel(): canceling Sat Sep 15 02:11:21 UTC 2018
auto.tcl: Setting watchdog for 200 seconds at Sat Sep 15 02:11:21 UTC 2018
0
1
1
1
1
1
0
0
0
1
1
1
0
0
0
1
1
1
0
0
1
1
1
0
0
0
1
1
0
0
0
0
0
1
1
1
1
0
0
0
1
1
1
0
0
0
7 ms. Memory: 337408K Free: 319796K (95%)
ptolemy.util.test.WatchDog.cancel(): canceling Sat Sep 15 02:11:21 UTC 2018
------------------ testing $PTII/ptolemy/domains/de/test/auto/deInCt2.xml
auto.tcl: Setting watchdog for 200 seconds at Sat Sep 15 02:11:21 UTC 2018
0
1
1
1
0
0
1
1
1
0
0
1
1
1
0
0
1
1
1
0
0
1
1
1
0
0
1
1
1
0
0
1
1
1
0
0
1
1
1
0
0
0
26 ms. Memory: 338944K Free: 321332K (95%)
ptolemy.util.test.WatchDog.cancel(): canceling Sat Sep 15 02:11:21 UTC 2018
auto.tcl: Setting watchdog for 200 seconds at Sat Sep 15 02:11:21 UTC 2018
0
1
1
1
0
0
1
1
1
0
0
1
1
1
0
0
1
1
1
0
0
1
1
1
0
0
1
1
1
0
0
1
1
1
0
0
1
1
1
0
0
0
10 ms. Memory: 338944K Free: 321332K (95%)
ptolemy.util.test.WatchDog.cancel(): canceling Sat Sep 15 02:11:21 UTC 2018
------------------ testing $PTII/ptolemy/domains/de/test/auto/dynamicCausalityInterface1.xml
auto.tcl: Setting watchdog for 200 seconds at Sat Sep 15 02:11:21 UTC 2018
1 ms. Memory: 337408K Free: 318454K (94%)
ptolemy.util.test.WatchDog.cancel(): canceling Sat Sep 15 02:11:22 UTC 2018
auto.tcl: Setting watchdog for 200 seconds at Sat Sep 15 02:11:22 UTC 2018
1 ms. Memory: 337408K Free: 318454K (94%)
ptolemy.util.test.WatchDog.cancel(): canceling Sat Sep 15 02:11:22 UTC 2018
------------------ testing $PTII/ptolemy/domains/de/test/auto/fsm_de_test.xml
auto.tcl: Setting watchdog for 200 seconds at Sat Sep 15 02:11:22 UTC 2018
10 ms. Memory: 338944K Free: 317325K (94%)
ptolemy.util.test.WatchDog.cancel(): canceling Sat Sep 15 02:11:22 UTC 2018
auto.tcl: Setting watchdog for 200 seconds at Sat Sep 15 02:11:22 UTC 2018
8 ms. Memory: 338944K Free: 317325K (94%)
ptolemy.util.test.WatchDog.cancel(): canceling Sat Sep 15 02:11:22 UTC 2018
------------------ testing $PTII/ptolemy/domains/de/test/auto/functionDependencyReconstruction.xml
auto.tcl: Setting watchdog for 200 seconds at Sat Sep 15 02:11:22 UTC 2018
3 ms. Memory: 337408K Free: 311879K (92%)
ptolemy.util.test.WatchDog.cancel(): canceling Sat Sep 15 02:11:22 UTC 2018
auto.tcl: Setting watchdog for 200 seconds at Sat Sep 15 02:11:22 UTC 2018
3 ms. Memory: 337408K Free: 307962K (91%)
ptolemy.util.test.WatchDog.cancel(): canceling Sat Sep 15 02:11:22 UTC 2018
------------------ testing $PTII/ptolemy/domains/de/test/auto/multirate.xml
auto.tcl: Setting watchdog for 200 seconds at Sat Sep 15 02:11:22 UTC 2018
7 ms. Memory: 338432K Free: 320598K (95%)
ptolemy.util.test.WatchDog.cancel(): canceling Sat Sep 15 02:11:22 UTC 2018
auto.tcl: Setting watchdog for 200 seconds at Sat Sep 15 02:11:22 UTC 2018
4 ms. Memory: 338432K Free: 320598K (95%)
ptolemy.util.test.WatchDog.cancel(): canceling Sat Sep 15 02:11:22 UTC 2018
------------------ testing $PTII/ptolemy/domains/de/test/auto/multirate2.xml
auto.tcl: Setting watchdog for 200 seconds at Sat Sep 15 02:11:22 UTC 2018
3 ms. Memory: 337408K Free: 319753K (95%)
ptolemy.util.test.WatchDog.cancel(): canceling Sat Sep 15 02:11:22 UTC 2018
auto.tcl: Setting watchdog for 200 seconds at Sat Sep 15 02:11:22 UTC 2018
3 ms. Memory: 337408K Free: 319753K (95%)
ptolemy.util.test.WatchDog.cancel(): canceling Sat Sep 15 02:11:22 UTC 2018
------------------ testing $PTII/ptolemy/domains/de/test/auto/realtime.xml
auto.tcl: Setting watchdog for 200 seconds at Sat Sep 15 02:11:22 UTC 2018
10001 ms. Memory: 338432K Free: 320772K (95%)
ptolemy.util.test.WatchDog.cancel(): canceling Sat Sep 15 02:11:32 UTC 2018
auto.tcl: Setting watchdog for 200 seconds at Sat Sep 15 02:11:32 UTC 2018
10002 ms. Memory: 338432K Free: 320772K (95%)
ptolemy.util.test.WatchDog.cancel(): canceling Sat Sep 15 02:11:42 UTC 2018
------------------ testing $PTII/ptolemy/domains/de/test/auto/relationGroup.xml
auto.tcl: Setting watchdog for 200 seconds at Sat Sep 15 02:11:42 UTC 2018
2 ms. Memory: 337408K Free: 323687K (96%)
ptolemy.util.test.WatchDog.cancel(): canceling Sat Sep 15 02:11:42 UTC 2018
auto.tcl: Setting watchdog for 200 seconds at Sat Sep 15 02:11:42 UTC 2018
1 ms. Memory: 337408K Free: 323687K (96%)
ptolemy.util.test.WatchDog.cancel(): canceling Sat Sep 15 02:11:42 UTC 2018
------------------ testing $PTII/ptolemy/domains/de/test/auto/relationGroup2.xml
auto.tcl: Setting watchdog for 200 seconds at Sat Sep 15 02:11:42 UTC 2018
1 ms. Memory: 338432K Free: 324737K (96%)
ptolemy.util.test.WatchDog.cancel(): canceling Sat Sep 15 02:11:42 UTC 2018
auto.tcl: Setting watchdog for 200 seconds at Sat Sep 15 02:11:42 UTC 2018
2 ms. Memory: 338432K Free: 324737K (96%)
ptolemy.util.test.WatchDog.cancel(): canceling Sat Sep 15 02:11:42 UTC 2018
------------------ testing $PTII/ptolemy/domains/de/test/auto/sortWithOpaquePorts.xml
auto.tcl: Setting watchdog for 200 seconds at Sat Sep 15 02:11:42 UTC 2018
2 ms. Memory: 337408K Free: 323714K (96%)
ptolemy.util.test.WatchDog.cancel(): canceling Sat Sep 15 02:11:42 UTC 2018
auto.tcl: Setting watchdog for 200 seconds at Sat Sep 15 02:11:42 UTC 2018
2 ms. Memory: 337408K Free: 319797K (95%)
ptolemy.util.test.WatchDog.cancel(): canceling Sat Sep 15 02:11:42 UTC 2018
------------------ testing $PTII/ptolemy/domains/de/test/auto/transferInputsandOutputs.xml
auto.tcl: Setting watchdog for 200 seconds at Sat Sep 15 02:11:42 UTC 2018
5 ms. Memory: 337920K Free: 320296K (95%)
ptolemy.util.test.WatchDog.cancel(): canceling Sat Sep 15 02:11:42 UTC 2018
auto.tcl: Setting watchdog for 200 seconds at Sat Sep 15 02:11:42 UTC 2018
2 ms. Memory: 337920K Free: 320296K (95%)
ptolemy.util.test.WatchDog.cancel(): canceling Sat Sep 15 02:11:42 UTC 2018
------------------ testing $PTII/ptolemy/domains/de/test/auto/triggerType.xml
auto.tcl: Setting watchdog for 200 seconds at Sat Sep 15 02:11:42 UTC 2018
2 ms. Memory: 337408K Free: 323652K (96%)
ptolemy.util.test.WatchDog.cancel(): canceling Sat Sep 15 02:11:42 UTC 2018
auto.tcl: Setting watchdog for 200 seconds at Sat Sep 15 02:11:42 UTC 2018
2 ms. Memory: 337408K Free: 319735K (95%)
ptolemy.util.test.WatchDog.cancel(): canceling Sat Sep 15 02:11:42 UTC 2018
09/15/18 02:11:42
Failed: 0  Total Tests: 192  ((Passed: 187, Newly Passed: 1)  Known Failed: 5) /home/travis/build/icyphy/ptII/ptolemy/domains/de/test
09/15/18 02:11:42
Failed: 0  Total Tests: 192  ((Passed: 187, Newly Passed: 1)  Known Failed: 5) /home/travis/build/icyphy/ptII/ptolemy/domains/de/test
----------------- testing (KnownFailure) /home/travis/build/icyphy/ptII/ptolemy/domains/de/test/auto/knownFailedTests/DESDFClockTest.xml
2017 ms. Memory: 337920K Free: 313961K (93%)
Known Failure: java.lang.reflect.InvocationTargetException
----------------- testing (KnownFailure) /home/travis/build/icyphy/ptII/ptolemy/domains/de/test/auto/knownFailedTests/DirectFeedback.xml
2 ms. Memory: 337920K Free: 293481K (87%)
Known Failure: java.lang.reflect.InvocationTargetException
----------------- testing (KnownFailure) /home/travis/build/icyphy/ptII/ptolemy/domains/de/test/auto/knownFailedTests/FSMSource.xml
10 ms. Memory: 337920K Free: 267865K (79%)
----------------- testing (KnownFailure) /home/travis/build/icyphy/ptII/ptolemy/domains/de/test/auto/knownFailedTests/HierarchicalModel.xml
2 ms. Memory: 337920K Free: 242244K (72%)
Known Failure: java.lang.reflect.InvocationTargetException
----------------- testing (KnownFailure) /home/travis/build/icyphy/ptII/ptolemy/domains/de/test/auto/knownFailedTests/dependencyLoop.xml
2 ms. Memory: 337920K Free: 211508K (63%)
Known Failure: java.lang.reflect.InvocationTargetException
----------------- testing (KnownFailure) /home/travis/build/icyphy/ptII/ptolemy/domains/de/test/auto/knownFailedTests/dependencyLoop2.xml
2 ms. Memory: 337920K Free: 180772K (53%)
Known Failure: java.lang.reflect.InvocationTargetException
No auto/linux-amd64/*.xml tests in /home/travis/build/icyphy/ptII/ptolemy/domains/de/test
AutoTests.java: About to close Vertx.
AutoTests.java: Vertx closed.

===========================================================================================
----------------- testing Sat Sep 15 02:11:45 UTC 2018 /home/travis/build/icyphy/ptII/ptolemy/domains/de/test/auto/ActorDepthCalculation_actorWithoutPorts.xml
----------------- Instantiating /home/travis/build/icyphy/ptII/ptolemy/domains/de/test/auto/ActorDepthCalculation_actorWithoutPorts.xml
2 ms. Memory: 337920K Free: 155171K (46%)
----------------- Invoking toplevel() on ptolemy.moml.MoMLSimpleApplication@6770395b
----------------- Done invoking toplevel() on ptolemy.moml.MoMLSimpleApplication@6770395b
reloadAllAccessors: .ActorDepthCalculation_actorWithoutPorts

===========================================================================================
----------------- testing Sat Sep 15 02:11:45 UTC 2018 /home/travis/build/icyphy/ptII/ptolemy/domains/de/test/auto/AssemblyLine.xml
----------------- Instantiating /home/travis/build/icyphy/ptII/ptolemy/domains/de/test/auto/AssemblyLine.xml
2 ms. Memory: 337920K Free: 139795K (41%)
----------------- Invoking toplevel() on ptolemy.moml.MoMLSimpleApplication@5b14b7ef
----------------- Done invoking toplevel() on ptolemy.moml.MoMLSimpleApplication@5b14b7ef
reloadAllAccessors: .AssemblyLine

===========================================================================================
----------------- testing Sat Sep 15 02:11:45 UTC 2018 /home/travis/build/icyphy/ptII/ptolemy/domains/de/test/auto/CQBug1.xml
----------------- Instantiating /home/travis/build/icyphy/ptII/ptolemy/domains/de/test/auto/CQBug1.xml
1 ms. Memory: 337920K Free: 129555K (38%)
----------------- Invoking toplevel() on ptolemy.moml.MoMLSimpleApplication@73404a15
----------------- Done invoking toplevel() on ptolemy.moml.MoMLSimpleApplication@73404a15
reloadAllAccessors: .CQBug1

===========================================================================================
----------------- testing Sat Sep 15 02:11:45 UTC 2018 /home/travis/build/icyphy/ptII/ptolemy/domains/de/test/auto/CancelFireAt.xml
----------------- Instantiating /home/travis/build/icyphy/ptII/ptolemy/domains/de/test/auto/CancelFireAt.xml
1 ms. Memory: 337920K Free: 119315K (35%)
----------------- Invoking toplevel() on ptolemy.moml.MoMLSimpleApplication@7b1097b0
----------------- Done invoking toplevel() on ptolemy.moml.MoMLSimpleApplication@7b1097b0
reloadAllAccessors: .CancelFireAt

===========================================================================================
----------------- testing Sat Sep 15 02:11:45 UTC 2018 /home/travis/build/icyphy/ptII/ptolemy/domains/de/test/auto/CausalityAndComposabilityAnalysis.xml
----------------- Instantiating /home/travis/build/icyphy/ptII/ptolemy/domains/de/test/auto/CausalityAndComposabilityAnalysis.xml
1 ms. Memory: 337920K Free: 109075K (32%)
----------------- Invoking toplevel() on ptolemy.moml.MoMLSimpleApplication@7383a961
----------------- Done invoking toplevel() on ptolemy.moml.MoMLSimpleApplication@7383a961
reloadAllAccessors: .CausalityAndComposabilityAnalysis

===========================================================================================
----------------- testing Sat Sep 15 02:11:45 UTC 2018 /home/travis/build/icyphy/ptII/ptolemy/domains/de/test/auto/CausalityInterface1.xml
----------------- Instantiating /home/travis/build/icyphy/ptII/ptolemy/domains/de/test/auto/CausalityInterface1.xml
4 ms. Memory: 337920K Free: 98835K (29%)
----------------- Invoking toplevel() on ptolemy.moml.MoMLSimpleApplication@1ed34aa5
----------------- Done invoking toplevel() on ptolemy.moml.MoMLSimpleApplication@1ed34aa5
reloadAllAccessors: .CausalityInterface1

===========================================================================================
----------------- testing Sat Sep 15 02:11:45 UTC 2018 /home/travis/build/icyphy/ptII/ptolemy/domains/de/test/auto/CausalityInterface15.xml
----------------- Instantiating /home/travis/build/icyphy/ptII/ptolemy/domains/de/test/auto/CausalityInterface15.xml
2 ms. Memory: 337920K Free: 84694K (25%)
----------------- Invoking toplevel() on ptolemy.moml.MoMLSimpleApplication@5d55a6d3
----------------- Done invoking toplevel() on ptolemy.moml.MoMLSimpleApplication@5d55a6d3
reloadAllAccessors: .CausalityInterface15

[...]
java.lang.RuntimeException: Execution failed
	at ptolemy.moml.MoMLSimpleApplication$UnloadThread.run(MoMLSimpleApplication.java:402)
Caused by: ptolemy.kernel.util.IllegalActionException: Test fails in iteration 1.
Value was: 1.0. Should have been: 2.0
  in .DirectFeedback.Test
	at ptolemy.actor.lib.Test.fire(Test.java:268)
	at ptolemy.domains.de.kernel.DEDirector._fire(DEDirector.java:1949)
	at ptolemy.domains.de.kernel.DEDirector.fire(DEDirector.java:502)
	at ptolemy.actor.CompositeActor.fire(CompositeActor.java:455)
	at ptolemy.actor.Manager.iterate(Manager.java:851)
	at ptolemy.actor.Manager.execute(Manager.java:369)
	at ptolemy.actor.Manager.run(Manager.java:1263)
	at ptolemy.actor.Manager$PtolemyRunThread.run(Manager.java:1915)
java.lang.RuntimeException: Execution failed
	at ptolemy.moml.MoMLSimpleApplication$UnloadThread.run(MoMLSimpleApplication.java:402)
Caused by: ptolemy.kernel.util.IllegalActionException: Actor is not ready to fire.  Perhaps UpSample.prefire() returned false? Try debugging the actor by selecting "Listen to Actor".  Also, for SDF check moml for tokenConsumptionRate on input.
  in .DESDFClockTest.Play Bell.Copy1:SDF Director and .DESDFClockTest.Play Bell.UpSample
	at ptolemy.actor.sched.StaticSchedulingDirector.fire(StaticSchedulingDirector.java:227)
	at ptolemy.domains.sdf.kernel.SDFDirector.fire(SDFDirector.java:500)
	at ptolemy.actor.CompositeActor.fire(CompositeActor.java:455)
	at ptolemy.domains.de.kernel.DEDirector._fire(DEDirector.java:1949)
	at ptolemy.domains.de.kernel.DEDirector.fire(DEDirector.java:502)
	at ptolemy.actor.CompositeActor.fire(CompositeActor.java:455)
	at ptolemy.actor.Manager.iterate(Manager.java:851)
	at ptolemy.actor.Manager.execute(Manager.java:369)
	at ptolemy.actor.Manager.run(Manager.java:1263)
	at ptolemy.actor.Manager$PtolemyRunThread.run(Manager.java:1915)
java.lang.reflect.InvocationTargetException
	at sun.reflect.NativeConstructorAccessorImpl.newInstance0(Native Method)
	at sun.reflect.NativeConstructorAccessorImpl.newInstance(NativeConstructorAccessorImpl.java:62)
	at sun.reflect.DelegatingConstructorAccessorImpl.newInstance(DelegatingConstructorAccessorImpl.java:45)
	at java.lang.reflect.Constructor.newInstance(Constructor.java:423)
	at ptolemy.util.test.junit.AutoKnownFailedTests.RunModel(AutoKnownFailedTests.java:107)
	at sun.reflect.NativeMethodAccessorImpl.invoke0(Native Method)
	at sun.reflect.NativeMethodAccessorImpl.invoke(NativeMethodAccessorImpl.java:62)
	at sun.reflect.DelegatingMethodAccessorImpl.invoke(DelegatingMethodAccessorImpl.java:43)
	at java.lang.reflect.Method.invoke(Method.java:498)
	at org.junit.runners.model.FrameworkMethod$1.runReflectiveCall(FrameworkMethod.java:44)
	at org.junit.internal.runners.model.ReflectiveCallable.run(ReflectiveCallable.java:15)
	at org.junit.runners.model.FrameworkMethod.invokeExplosively(FrameworkMethod.java:41)
	at junitparams.internal.InvokeParameterisedMethod.evaluate(InvokeParameterisedMethod.java:102)
	at org.junit.internal.runners.statements.FailOnTimeout$1.run(FailOnTimeout.java:28)
Caused by: ptolemy.kernel.util.IllegalActionException: Actor is not ready to fire.  Perhaps UpSample.prefire() returned false? Try debugging the actor by selecting "Listen to Actor".  Also, for SDF check moml for tokenConsumptionRate on input.
  in .DESDFClockTest.Play Bell.Copy1:SDF Director and .DESDFClockTest.Play Bell.UpSample
	at ptolemy.actor.sched.StaticSchedulingDirector.fire(StaticSchedulingDirector.java:227)
	at ptolemy.domains.sdf.kernel.SDFDirector.fire(SDFDirector.java:500)
	at ptolemy.actor.CompositeActor.fire(CompositeActor.java:455)
	at ptolemy.domains.de.kernel.DEDirector._fire(DEDirector.java:1949)
	at ptolemy.domains.de.kernel.DEDirector.fire(DEDirector.java:502)
	at ptolemy.actor.CompositeActor.fire(CompositeActor.java:455)
	at ptolemy.actor.Manager.iterate(Manager.java:851)
	at ptolemy.actor.Manager.execute(Manager.java:369)
	at ptolemy.actor.Manager.run(Manager.java:1263)
	at ptolemy.actor.Manager$PtolemyRunThread.run(Manager.java:1915)
java.lang.RuntimeException: Execution failed
	at ptolemy.moml.MoMLSimpleApplication$UnloadThread.run(MoMLSimpleApplication.java:402)
Caused by: ptolemy.kernel.util.IllegalActionException: Test fails in iteration 1.
Value was: 1.0. Should have been: 2.0
  in .DirectFeedback.Test
	at ptolemy.actor.lib.Test.fire(Test.java:268)
	at ptolemy.domains.de.kernel.DEDirector._fire(DEDirector.java:1949)
	at ptolemy.domains.de.kernel.DEDirector.fire(DEDirector.java:502)
	at ptolemy.actor.CompositeActor.fire(CompositeActor.java:455)
	at ptolemy.actor.Manager.iterate(Manager.java:851)
	at ptolemy.actor.Manager.execute(Manager.java:369)
	at ptolemy.actor.Manager.run(Manager.java:1263)
	at ptolemy.actor.Manager$PtolemyRunThread.run(Manager.java:1915)
java.lang.reflect.InvocationTargetException
	at sun.reflect.NativeConstructorAccessorImpl.newInstance0(Native Method)
	at sun.reflect.NativeConstructorAccessorImpl.newInstance(NativeConstructorAccessorImpl.java:62)
	at sun.reflect.DelegatingConstructorAccessorImpl.newInstance(DelegatingConstructorAccessorImpl.java:45)
	at java.lang.reflect.Constructor.newInstance(Constructor.java:423)
	at ptolemy.util.test.junit.AutoKnownFailedTests.RunModel(AutoKnownFailedTests.java:107)
	at sun.reflect.NativeMethodAccessorImpl.invoke0(Native Method)
	at sun.reflect.NativeMethodAccessorImpl.invoke(NativeMethodAccessorImpl.java:62)
	at sun.reflect.DelegatingMethodAccessorImpl.invoke(DelegatingMethodAccessorImpl.java:43)
	at java.lang.reflect.Method.invoke(Method.java:498)
	at org.junit.runners.model.FrameworkMethod$1.runReflectiveCall(FrameworkMethod.java:44)
	at org.junit.internal.runners.model.ReflectiveCallable.run(ReflectiveCallable.java:15)
	at org.junit.runners.model.FrameworkMethod.invokeExplosively(FrameworkMethod.java:41)
	at junitparams.internal.InvokeParameterisedMethod.evaluate(InvokeParameterisedMethod.java:102)
	at org.junit.internal.runners.statements.FailOnTimeout$1.run(FailOnTimeout.java:28)
Caused by: ptolemy.kernel.util.IllegalActionException: Test fails in iteration 1.
Value was: 1.0. Should have been: 2.0
  in .DirectFeedback.Test
	at ptolemy.actor.lib.Test.fire(Test.java:268)
	at ptolemy.domains.de.kernel.DEDirector._fire(DEDirector.java:1949)
	at ptolemy.domains.de.kernel.DEDirector.fire(DEDirector.java:502)
	at ptolemy.actor.CompositeActor.fire(CompositeActor.java:455)
	at ptolemy.actor.Manager.iterate(Manager.java:851)
	at ptolemy.actor.Manager.execute(Manager.java:369)
	at ptolemy.actor.Manager.run(Manager.java:1263)
	at ptolemy.actor.Manager$PtolemyRunThread.run(Manager.java:1915)
java.lang.RuntimeException: Execution failed
	at ptolemy.moml.MoMLSimpleApplication$UnloadThread.run(MoMLSimpleApplication.java:402)
Caused by: ptolemy.kernel.util.IllegalActionException: Found a zero delay loop containing .HierarchicalModel.A
  in .HierarchicalModel and .HierarchicalModel.A
	at ptolemy.actor.util.CausalityInterfaceForComposites._computeOutputPortDepth(CausalityInterfaceForComposites.java:759)
	at ptolemy.actor.util.CausalityInterfaceForComposites._computeInputDepth(CausalityInterfaceForComposites.java:696)
	at ptolemy.actor.util.CausalityInterfaceForComposites._computeOutputPortDepth(CausalityInterfaceForComposites.java:765)
	at ptolemy.actor.util.CausalityInterfaceForComposites._computeInputDepth(CausalityInterfaceForComposites.java:696)
	at ptolemy.actor.util.CausalityInterfaceForComposites._computeOutputPortDepth(CausalityInterfaceForComposites.java:765)
	at ptolemy.actor.util.CausalityInterfaceForComposites._computeInputDepth(CausalityInterfaceForComposites.java:696)
	at ptolemy.actor.util.CausalityInterfaceForComposites._computeActorDepth(CausalityInterfaceForComposites.java:532)
	at ptolemy.actor.util.CausalityInterfaceForComposites.checkForCycles(CausalityInterfaceForComposites.java:96)
	at ptolemy.domains.de.kernel.DEDirector.preinitialize(DEDirector.java:1338)
	at ptolemy.actor.CompositeActor.preinitialize(CompositeActor.java:1828)
	at ptolemy.actor.Manager.preinitializeAndResolveTypes(Manager.java:1040)
	at ptolemy.actor.Manager.initialize(Manager.java:710)
	at ptolemy.actor.Manager.execute(Manager.java:356)
	at ptolemy.actor.Manager.run(Manager.java:1263)
	at ptolemy.actor.Manager$PtolemyRunThread.run(Manager.java:1915)
java.lang.reflect.InvocationTargetException
	at sun.reflect.NativeConstructorAccessorImpl.newInstance0(Native Method)
	at sun.reflect.NativeConstructorAccessorImpl.newInstance(NativeConstructorAccessorImpl.java:62)
	at sun.reflect.DelegatingConstructorAccessorImpl.newInstance(DelegatingConstructorAccessorImpl.java:45)
	at java.lang.reflect.Constructor.newInstance(Constructor.java:423)
	at ptolemy.util.test.junit.AutoKnownFailedTests.RunModel(AutoKnownFailedTests.java:107)
	at sun.reflect.NativeMethodAccessorImpl.invoke0(Native Method)
	at sun.reflect.NativeMethodAccessorImpl.invoke(NativeMethodAccessorImpl.java:62)
	at sun.reflect.DelegatingMethodAccessorImpl.invoke(DelegatingMethodAccessorImpl.java:43)
	at java.lang.reflect.Method.invoke(Method.java:498)
	at org.junit.runners.model.FrameworkMethod$1.runReflectiveCall(FrameworkMethod.java:44)
	at org.junit.internal.runners.model.ReflectiveCallable.run(ReflectiveCallable.java:15)
	at org.junit.runners.model.FrameworkMethod.invokeExplosively(FrameworkMethod.java:41)
	at junitparams.internal.InvokeParameterisedMethod.evaluate(InvokeParameterisedMethod.java:102)
	at org.junit.internal.runners.statements.FailOnTimeout$1.run(FailOnTimeout.java:28)
Caused by: ptolemy.kernel.util.IllegalActionException: Found a zero delay loop containing .HierarchicalModel.A
  in .HierarchicalModel and .HierarchicalModel.A
	at ptolemy.actor.util.CausalityInterfaceForComposites._computeOutputPortDepth(CausalityInterfaceForComposites.java:759)
	at ptolemy.actor.util.CausalityInterfaceForComposites._computeInputDepth(CausalityInterfaceForComposites.java:696)
	at ptolemy.actor.util.CausalityInterfaceForComposites._computeOutputPortDepth(CausalityInterfaceForComposites.java:765)
	at ptolemy.actor.util.CausalityInterfaceForComposites._computeInputDepth(CausalityInterfaceForComposites.java:696)
	at ptolemy.actor.util.CausalityInterfaceForComposites._computeOutputPortDepth(CausalityInterfaceForComposites.java:765)
	at ptolemy.actor.util.CausalityInterfaceForComposites._computeInputDepth(CausalityInterfaceForComposites.java:696)
	at ptolemy.actor.util.CausalityInterfaceForComposites._computeActorDepth(CausalityInterfaceForComposites.java:532)
	at ptolemy.actor.util.CausalityInterfaceForComposites.checkForCycles(CausalityInterfaceForComposites.java:96)
	at ptolemy.domains.de.kernel.DEDirector.preinitialize(DEDirector.java:1338)
	at ptolemy.actor.CompositeActor.preinitialize(CompositeActor.java:1828)
	at ptolemy.actor.Manager.preinitializeAndResolveTypes(Manager.java:1040)
	at ptolemy.actor.Manager.initialize(Manager.java:710)
	at ptolemy.actor.Manager.execute(Manager.java:356)
	at ptolemy.actor.Manager.run(Manager.java:1263)
	at ptolemy.actor.Manager$PtolemyRunThread.run(Manager.java:1915)
java.lang.RuntimeException: Execution failed
	at ptolemy.moml.MoMLSimpleApplication$UnloadThread.run(MoMLSimpleApplication.java:402)
Caused by: ptolemy.kernel.util.IllegalActionException: Found a zero delay loop containing .dependencyLoop.original
  in .dependencyLoop and .dependencyLoop.original
	at ptolemy.actor.util.CausalityInterfaceForComposites._computeOutputPortDepth(CausalityInterfaceForComposites.java:759)
	at ptolemy.actor.util.CausalityInterfaceForComposites._computeInputDepth(CausalityInterfaceForComposites.java:696)
	at ptolemy.actor.util.CausalityInterfaceForComposites._computeOutputPortDepth(CausalityInterfaceForComposites.java:765)
	at ptolemy.actor.util.CausalityInterfaceForComposites._computeInputDepth(CausalityInterfaceForComposites.java:696)
	at ptolemy.actor.util.CausalityInterfaceForComposites._computeOutputPortDepth(CausalityInterfaceForComposites.java:765)
	at ptolemy.actor.util.CausalityInterfaceForComposites._computeInputDepth(CausalityInterfaceForComposites.java:696)
	at ptolemy.actor.util.CausalityInterfaceForComposites._computeActorDepth(CausalityInterfaceForComposites.java:532)
	at ptolemy.actor.util.CausalityInterfaceForComposites.checkForCycles(CausalityInterfaceForComposites.java:96)
	at ptolemy.domains.de.kernel.DEDirector.preinitialize(DEDirector.java:1338)
	at ptolemy.actor.CompositeActor.preinitialize(CompositeActor.java:1828)
	at ptolemy.actor.Manager.preinitializeAndResolveTypes(Manager.java:1040)
	at ptolemy.actor.Manager.initialize(Manager.java:710)
	at ptolemy.actor.Manager.execute(Manager.java:356)
	at ptolemy.actor.Manager.run(Manager.java:1263)
	at ptolemy.actor.Manager$PtolemyRunThread.run(Manager.java:1915)
java.lang.reflect.InvocationTargetException
	at sun.reflect.NativeConstructorAccessorImpl.newInstance0(Native Method)
	at sun.reflect.NativeConstructorAccessorImpl.newInstance(NativeConstructorAccessorImpl.java:62)
	at sun.reflect.DelegatingConstructorAccessorImpl.newInstance(DelegatingConstructorAccessorImpl.java:45)
	at java.lang.reflect.Constructor.newInstance(Constructor.java:423)
	at ptolemy.util.test.junit.AutoKnownFailedTests.RunModel(AutoKnownFailedTests.java:107)
	at sun.reflect.NativeMethodAccessorImpl.invoke0(Native Method)
	at sun.reflect.NativeMethodAccessorImpl.invoke(NativeMethodAccessorImpl.java:62)
	at sun.reflect.DelegatingMethodAccessorImpl.invoke(DelegatingMethodAccessorImpl.java:43)
	at java.lang.reflect.Method.invoke(Method.java:498)
	at org.junit.runners.model.FrameworkMethod$1.runReflectiveCall(FrameworkMethod.java:44)
	at org.junit.internal.runners.model.ReflectiveCallable.run(ReflectiveCallable.java:15)
	at org.junit.runners.model.FrameworkMethod.invokeExplosively(FrameworkMethod.java:41)
	at junitparams.internal.InvokeParameterisedMethod.evaluate(InvokeParameterisedMethod.java:102)
	at org.junit.internal.runners.statements.FailOnTimeout$1.run(FailOnTimeout.java:28)
Caused by: ptolemy.kernel.util.IllegalActionException: Found a zero delay loop containing .dependencyLoop.original
  in .dependencyLoop and .dependencyLoop.original
	at ptolemy.actor.util.CausalityInterfaceForComposites._computeOutputPortDepth(CausalityInterfaceForComposites.java:759)
	at ptolemy.actor.util.CausalityInterfaceForComposites._computeInputDepth(CausalityInterfaceForComposites.java:696)
	at ptolemy.actor.util.CausalityInterfaceForComposites._computeOutputPortDepth(CausalityInterfaceForComposites.java:765)
	at ptolemy.actor.util.CausalityInterfaceForComposites._computeInputDepth(CausalityInterfaceForComposites.java:696)
	at ptolemy.actor.util.CausalityInterfaceForComposites._computeOutputPortDepth(CausalityInterfaceForComposites.java:765)
	at ptolemy.actor.util.CausalityInterfaceForComposites._computeInputDepth(CausalityInterfaceForComposites.java:696)
	at ptolemy.actor.util.CausalityInterfaceForComposites._computeActorDepth(CausalityInterfaceForComposites.java:532)
	at ptolemy.actor.util.CausalityInterfaceForComposites.checkForCycles(CausalityInterfaceForComposites.java:96)
	at ptolemy.domains.de.kernel.DEDirector.preinitialize(DEDirector.java:1338)
	at ptolemy.actor.CompositeActor.preinitialize(CompositeActor.java:1828)
	at ptolemy.actor.Manager.preinitializeAndResolveTypes(Manager.java:1040)
	at ptolemy.actor.Manager.initialize(Manager.java:710)
	at ptolemy.actor.Manager.execute(Manager.java:356)
	at ptolemy.actor.Manager.run(Manager.java:1263)
	at ptolemy.actor.Manager$PtolemyRunThread.run(Manager.java:1915)
java.lang.RuntimeException: Execution failed
	at ptolemy.moml.MoMLSimpleApplication$UnloadThread.run(MoMLSimpleApplication.java:402)
Caused by: ptolemy.kernel.util.IllegalActionException: Found a zero delay loop containing .dependencyLoop2.original
  in .dependencyLoop2 and .dependencyLoop2.original
	at ptolemy.actor.util.CausalityInterfaceForComposites._computeOutputPortDepth(CausalityInterfaceForComposites.java:759)
	at ptolemy.actor.util.CausalityInterfaceForComposites._computeInputDepth(CausalityInterfaceForComposites.java:696)
	at ptolemy.actor.util.CausalityInterfaceForComposites._computeOutputPortDepth(CausalityInterfaceForComposites.java:765)
	at ptolemy.actor.util.CausalityInterfaceForComposites._computeInputDepth(CausalityInterfaceForComposites.java:696)
	at ptolemy.actor.util.CausalityInterfaceForComposites._computeOutputPortDepth(CausalityInterfaceForComposites.java:765)
	at ptolemy.actor.util.CausalityInterfaceForComposites._computeInputDepth(CausalityInterfaceForComposites.java:696)
	at ptolemy.actor.util.CausalityInterfaceForComposites._computeActorDepth(CausalityInterfaceForComposites.java:532)
	at ptolemy.actor.util.CausalityInterfaceForComposites.checkForCycles(CausalityInterfaceForComposites.java:96)
	at ptolemy.domains.de.kernel.DEDirector.preinitialize(DEDirector.java:1338)
	at ptolemy.actor.CompositeActor.preinitialize(CompositeActor.java:1828)
	at ptolemy.actor.Manager.preinitializeAndResolveTypes(Manager.java:1040)
	at ptolemy.actor.Manager.initialize(Manager.java:710)
	at ptolemy.actor.Manager.execute(Manager.java:356)
	at ptolemy.actor.Manager.run(Manager.java:1263)
	at ptolemy.actor.Manager$PtolemyRunThread.run(Manager.java:1915)
java.lang.reflect.InvocationTargetException
	at sun.reflect.NativeConstructorAccessorImpl.newInstance0(Native Method)
	at sun.reflect.NativeConstructorAccessorImpl.newInstance(NativeConstructorAccessorImpl.java:62)
	at sun.reflect.DelegatingConstructorAccessorImpl.newInstance(DelegatingConstructorAccessorImpl.java:45)
	at java.lang.reflect.Constructor.newInstance(Constructor.java:423)
	at ptolemy.util.test.junit.AutoKnownFailedTests.RunModel(AutoKnownFailedTests.java:107)
	at sun.reflect.NativeMethodAccessorImpl.invoke0(Native Method)
	at sun.reflect.NativeMethodAccessorImpl.invoke(NativeMethodAccessorImpl.java:62)
	at sun.reflect.DelegatingMethodAccessorImpl.invoke(DelegatingMethodAccessorImpl.java:43)
	at java.lang.reflect.Method.invoke(Method.java:498)
	at org.junit.runners.model.FrameworkMethod$1.runReflectiveCall(FrameworkMethod.java:44)
	at org.junit.internal.runners.model.ReflectiveCallable.run(ReflectiveCallable.java:15)
	at org.junit.runners.model.FrameworkMethod.invokeExplosively(FrameworkMethod.java:41)
	at junitparams.internal.InvokeParameterisedMethod.evaluate(InvokeParameterisedMethod.java:102)
	at org.junit.internal.runners.statements.FailOnTimeout$1.run(FailOnTimeout.java:28)
Caused by: ptolemy.kernel.util.IllegalActionException: Found a zero delay loop containing .dependencyLoop2.original
  in .dependencyLoop2 and .dependencyLoop2.original
	at ptolemy.actor.util.CausalityInterfaceForComposites._computeOutputPortDepth(CausalityInterfaceForComposites.java:759)
	at ptolemy.actor.util.CausalityInterfaceForComposites._computeInputDepth(CausalityInterfaceForComposites.java:696)
	at ptolemy.actor.util.CausalityInterfaceForComposites._computeOutputPortDepth(CausalityInterfaceForComposites.java:765)
	at ptolemy.actor.util.CausalityInterfaceForComposites._computeInputDepth(CausalityInterfaceForComposites.java:696)
	at ptolemy.actor.util.CausalityInterfaceForComposites._computeOutputPortDepth(CausalityInterfaceForComposites.java:765)
	at ptolemy.actor.util.CausalityInterfaceForComposites._computeInputDepth(CausalityInterfaceForComposites.java:696)
	at ptolemy.actor.util.CausalityInterfaceForComposites._computeActorDepth(CausalityInterfaceForComposites.java:532)
	at ptolemy.actor.util.CausalityInterfaceForComposites.checkForCycles(CausalityInterfaceForComposites.java:96)
	at ptolemy.domains.de.kernel.DEDirector.preinitialize(DEDirector.java:1338)
	at ptolemy.actor.CompositeActor.preinitialize(CompositeActor.java:1828)
	at ptolemy.actor.Manager.preinitializeAndResolveTypes(Manager.java:1040)
	at ptolemy.actor.Manager.initialize(Manager.java:710)
	at ptolemy.actor.Manager.execute(Manager.java:356)
	at ptolemy.actor.Manager.run(Manager.java:1263)
	at ptolemy.actor.Manager$PtolemyRunThread.run(Manager.java:1915)
]]></system-err>
</testsuite>
