<?xml version="1.0" encoding="UTF-8" ?>
<testsuite errors="0" failures="0" hostname="travis-job-d6eaf2e1-9229-4a9f-a5dd-a696cdf24984" name="ptolemy.domains.de.test.junit.JUnitTclTest" skipped="0" tests="101" time="134.42" timestamp="2019-11-08T06:13:55">
  <properties>
[...]
</properties>
  <testcase classname="ptolemy.util.test.junit.TclTests" name="[0] /home/travis/build/icyphy/ptII/ptolemy/domains/de/test/DependencyLoop.tcl (RunTclFile)" time="1.001" />
  <testcase classname="ptolemy.util.test.junit.TclTests" name="[1] /home/travis/build/icyphy/ptII/ptolemy/domains/de/test/RunDETestsAsQSS.tcl (RunTclFile)" time="90.553" />
  <testcase classname="ptolemy.util.test.junit.AutoKnownFailedTests" name="[0] /home/travis/build/icyphy/ptII/ptolemy/domains/de/test/auto/knownFailedTests/DESDFClockTest.xml (RunModel)" time="2.038" />
  <testcase classname="ptolemy.util.test.junit.AutoKnownFailedTests" name="[1] /home/travis/build/icyphy/ptII/ptolemy/domains/de/test/auto/knownFailedTests/DirectFeedback.xml (RunModel)" time="0.015" />
  <testcase classname="ptolemy.util.test.junit.AutoKnownFailedTests" name="[2] /home/travis/build/icyphy/ptII/ptolemy/domains/de/test/auto/knownFailedTests/FSMSource.xml (RunModel)" time="0.019" />
  <testcase classname="ptolemy.util.test.junit.AutoKnownFailedTests" name="[3] /home/travis/build/icyphy/ptII/ptolemy/domains/de/test/auto/knownFailedTests/HierarchicalModel.xml (RunModel)" time="0.06" />
  <testcase classname="ptolemy.util.test.junit.AutoKnownFailedTests" name="[4] /home/travis/build/icyphy/ptII/ptolemy/domains/de/test/auto/knownFailedTests/dependencyLoop.xml (RunModel)" time="0.057" />
  <testcase classname="ptolemy.util.test.junit.AutoKnownFailedTests" name="[5] /home/travis/build/icyphy/ptII/ptolemy/domains/de/test/auto/knownFailedTests/dependencyLoop2.xml (RunModel)" time="0.087" />
  <testcase classname="ptolemy.util.test.junit.AutoNameArchTests" name="[0] ThereAreNoAutoArchTests (RunModel)" time="0.015" />
  <testcase classname="ptolemy.util.test.junit.AutoTests" name="[0] /home/travis/build/icyphy/ptII/ptolemy/domains/de/test/auto/ActorDepthCalculation_actorWithoutPorts.xml (RunModel)" time="0.049" />
  <testcase classname="ptolemy.util.test.junit.AutoTests" name="[1] /home/travis/build/icyphy/ptII/ptolemy/domains/de/test/auto/AssemblyLine.xml (RunModel)" time="0.035" />
  <testcase classname="ptolemy.util.test.junit.AutoTests" name="[2] /home/travis/build/icyphy/ptII/ptolemy/domains/de/test/auto/CQBug1.xml (RunModel)" time="0.021" />
  <testcase classname="ptolemy.util.test.junit.AutoTests" name="[3] /home/travis/build/icyphy/ptII/ptolemy/domains/de/test/auto/CancelFireAt.xml (RunModel)" time="0.014" />
  <testcase classname="ptolemy.util.test.junit.AutoTests" name="[4] /home/travis/build/icyphy/ptII/ptolemy/domains/de/test/auto/CausalityAndComposabilityAnalysis.xml (RunModel)" time="0.014" />
  <testcase classname="ptolemy.util.test.junit.AutoTests" name="[5] /home/travis/build/icyphy/ptII/ptolemy/domains/de/test/auto/CausalityInterface1.xml (RunModel)" time="0.015" />
  <testcase classname="ptolemy.util.test.junit.AutoTests" name="[6] /home/travis/build/icyphy/ptII/ptolemy/domains/de/test/auto/CausalityInterface15.xml (RunModel)" time="0.024" />
  <testcase classname="ptolemy.util.test.junit.AutoTests" name="[7] /home/travis/build/icyphy/ptII/ptolemy/domains/de/test/auto/CausalityInterface2.xml (RunModel)" time="0.01" />
  <testcase classname="ptolemy.util.test.junit.AutoTests" name="[8] /home/travis/build/icyphy/ptII/ptolemy/domains/de/test/auto/CausalityInterface3.xml (RunModel)" time="0.012" />
  <testcase classname="ptolemy.util.test.junit.AutoTests" name="[9] /home/travis/build/icyphy/ptII/ptolemy/domains/de/test/auto/ClockDrift.xml (RunModel)" time="0.039" />
  <testcase classname="ptolemy.util.test.junit.AutoTests" name="[10] /home/travis/build/icyphy/ptII/ptolemy/domains/de/test/auto/ClockDriftAndValueChange.xml (RunModel)" time="0.04" />
  <testcase classname="ptolemy.util.test.junit.AutoTests" name="[11] /home/travis/build/icyphy/ptII/ptolemy/domains/de/test/auto/ClockDriftChange.xml (RunModel)" time="0.037" />
  <testcase classname="ptolemy.util.test.junit.AutoTests" name="[12] /home/travis/build/icyphy/ptII/ptolemy/domains/de/test/auto/ComposableCausalityAnalysis.xml (RunModel)" time="0.018" />
  <testcase classname="ptolemy.util.test.junit.AutoTests" name="[13] /home/travis/build/icyphy/ptII/ptolemy/domains/de/test/auto/DEFixedPointLimitation.xml (RunModel)" time="0.013" />
  <testcase classname="ptolemy.util.test.junit.AutoTests" name="[14] /home/travis/build/icyphy/ptII/ptolemy/domains/de/test/auto/DEScheduleTest.xml (RunModel)" time="0.015" />
  <testcase classname="ptolemy.util.test.junit.AutoTests" name="[15] /home/travis/build/icyphy/ptII/ptolemy/domains/de/test/auto/DEinDEwithStartTimes.xml (RunModel)" time="0.018" />
  <testcase classname="ptolemy.util.test.junit.AutoTests" name="[16] /home/travis/build/icyphy/ptII/ptolemy/domains/de/test/auto/DEinDEwithStartTimes2.xml (RunModel)" time="0.019" />
  <testcase classname="ptolemy.util.test.junit.AutoTests" name="[17] /home/travis/build/icyphy/ptII/ptolemy/domains/de/test/auto/DateDemo.xml (RunModel)" time="0.039" />
  <testcase classname="ptolemy.util.test.junit.AutoTests" name="[18] /home/travis/build/icyphy/ptII/ptolemy/domains/de/test/auto/DateToEvent.xml (RunModel)" time="2.044" />
  <testcase classname="ptolemy.util.test.junit.AutoTests" name="[19] /home/travis/build/icyphy/ptII/ptolemy/domains/de/test/auto/DepthTest1.xml (RunModel)" time="0.016" />
  <testcase classname="ptolemy.util.test.junit.AutoTests" name="[20] /home/travis/build/icyphy/ptII/ptolemy/domains/de/test/auto/DepthTest2.xml (RunModel)" time="0.03" />
  <testcase classname="ptolemy.util.test.junit.AutoTests" name="[21] /home/travis/build/icyphy/ptII/ptolemy/domains/de/test/auto/DepthTest3.xml (RunModel)" time="0.01" />
  <testcase classname="ptolemy.util.test.junit.AutoTests" name="[22] /home/travis/build/icyphy/ptII/ptolemy/domains/de/test/auto/DepthTest4.xml (RunModel)" time="0.022" />
  <testcase classname="ptolemy.util.test.junit.AutoTests" name="[23] /home/travis/build/icyphy/ptII/ptolemy/domains/de/test/auto/DepthTest5.xml (RunModel)" time="0.017" />
  <testcase classname="ptolemy.util.test.junit.AutoTests" name="[24] /home/travis/build/icyphy/ptII/ptolemy/domains/de/test/auto/DepthTest6.xml (RunModel)" time="0.015" />
  <testcase classname="ptolemy.util.test.junit.AutoTests" name="[25] /home/travis/build/icyphy/ptII/ptolemy/domains/de/test/auto/DepthTest7.xml (RunModel)" time="0.021" />
  <testcase classname="ptolemy.util.test.junit.AutoTests" name="[26] /home/travis/build/icyphy/ptII/ptolemy/domains/de/test/auto/EventToDate.xml (RunModel)" time="3.046" />
  <testcase classname="ptolemy.util.test.junit.AutoTests" name="[27] /home/travis/build/icyphy/ptII/ptolemy/domains/de/test/auto/FSM1.xml (RunModel)" time="0.057" />
  <testcase classname="ptolemy.util.test.junit.AutoTests" name="[28] /home/travis/build/icyphy/ptII/ptolemy/domains/de/test/auto/FSM7.xml (RunModel)" time="0.054" />
  <testcase classname="ptolemy.util.test.junit.AutoTests" name="[29] /home/travis/build/icyphy/ptII/ptolemy/domains/de/test/auto/Inspection.xml (RunModel)" time="0.064" />
  <testcase classname="ptolemy.util.test.junit.AutoTests" name="[30] /home/travis/build/icyphy/ptII/ptolemy/domains/de/test/auto/Iteration.xml (RunModel)" time="0.042" />
  <testcase classname="ptolemy.util.test.junit.AutoTests" name="[31] /home/travis/build/icyphy/ptII/ptolemy/domains/de/test/auto/LineFault.xml (RunModel)" time="0.707" />
  <testcase classname="ptolemy.util.test.junit.AutoTests" name="[32] /home/travis/build/icyphy/ptII/ptolemy/domains/de/test/auto/MergeModel1Add.xml (RunModel)" time="0.062" />
  <testcase classname="ptolemy.util.test.junit.AutoTests" name="[33] /home/travis/build/icyphy/ptII/ptolemy/domains/de/test/auto/MergeModel2Add.xml (RunModel)" time="0.047" />
  <testcase classname="ptolemy.util.test.junit.AutoTests" name="[34] /home/travis/build/icyphy/ptII/ptolemy/domains/de/test/auto/MergeModel3Add.xml (RunModel)" time="0.059" />
  <testcase classname="ptolemy.util.test.junit.AutoTests" name="[35] /home/travis/build/icyphy/ptII/ptolemy/domains/de/test/auto/MergeWithoutDiscard.xml (RunModel)" time="0.019" />
  <testcase classname="ptolemy.util.test.junit.AutoTests" name="[36] /home/travis/build/icyphy/ptII/ptolemy/domains/de/test/auto/Modal1.xml (RunModel)" time="0.031" />
  <testcase classname="ptolemy.util.test.junit.AutoTests" name="[37] /home/travis/build/icyphy/ptII/ptolemy/domains/de/test/auto/Modal2.xml (RunModel)" time="0.041" />
  <testcase classname="ptolemy.util.test.junit.AutoTests" name="[38] /home/travis/build/icyphy/ptII/ptolemy/domains/de/test/auto/Modal3.xml (RunModel)" time="0.031" />
  <testcase classname="ptolemy.util.test.junit.AutoTests" name="[39] /home/travis/build/icyphy/ptII/ptolemy/domains/de/test/auto/Modal4.xml (RunModel)" time="0.045" />
  <testcase classname="ptolemy.util.test.junit.AutoTests" name="[40] /home/travis/build/icyphy/ptII/ptolemy/domains/de/test/auto/Modal5.xml (RunModel)" time="0.034" />
  <testcase classname="ptolemy.util.test.junit.AutoTests" name="[41] /home/travis/build/icyphy/ptII/ptolemy/domains/de/test/auto/Modal6.xml (RunModel)" time="0.039" />
  <testcase classname="ptolemy.util.test.junit.AutoTests" name="[42] /home/travis/build/icyphy/ptII/ptolemy/domains/de/test/auto/Modal7.xml (RunModel)" time="0.043" />
  <testcase classname="ptolemy.util.test.junit.AutoTests" name="[43] /home/travis/build/icyphy/ptII/ptolemy/domains/de/test/auto/ModalModel.xml (RunModel)" time="0.228" />
  <testcase classname="ptolemy.util.test.junit.AutoTests" name="[44] /home/travis/build/icyphy/ptII/ptolemy/domains/de/test/auto/ModalSource.xml (RunModel)" time="0.02" />
  <testcase classname="ptolemy.util.test.junit.AutoTests" name="[45] /home/travis/build/icyphy/ptII/ptolemy/domains/de/test/auto/NonInterruptibleTimerZeroDelay.xml (RunModel)" time="0.009" />
  <testcase classname="ptolemy.util.test.junit.AutoTests" name="[46] /home/travis/build/icyphy/ptII/ptolemy/domains/de/test/auto/OpenQueueingNetwork.xml (RunModel)" time="2.649" />
  <testcase classname="ptolemy.util.test.junit.AutoTests" name="[47] /home/travis/build/icyphy/ptII/ptolemy/domains/de/test/auto/OpenQueuingNetwork.xml (RunModel)" time="0.345" />
  <testcase classname="ptolemy.util.test.junit.AutoTests" name="[48] /home/travis/build/icyphy/ptII/ptolemy/domains/de/test/auto/PeriodicSampler.xml (RunModel)" time="0.015" />
  <testcase classname="ptolemy.util.test.junit.AutoTests" name="[49] /home/travis/build/icyphy/ptII/ptolemy/domains/de/test/auto/PersistentIO.xml (RunModel)" time="0.023" />
  <testcase classname="ptolemy.util.test.junit.AutoTests" name="[50] /home/travis/build/icyphy/ptII/ptolemy/domains/de/test/auto/PortParameterResetOnInitialize.xml (RunModel)" time="0.013" />
  <testcase classname="ptolemy.util.test.junit.AutoTests" name="[51] /home/travis/build/icyphy/ptII/ptolemy/domains/de/test/auto/PortParameterUpdates.xml (RunModel)" time="0.017" />
  <testcase classname="ptolemy.util.test.junit.AutoTests" name="[52] /home/travis/build/icyphy/ptII/ptolemy/domains/de/test/auto/QueueAndServer.xml (RunModel)" time="0.025" />
  <testcase classname="ptolemy.util.test.junit.AutoTests" name="[53] /home/travis/build/icyphy/ptII/ptolemy/domains/de/test/auto/Records.xml (RunModel)" time="0.018" />
  <testcase classname="ptolemy.util.test.junit.AutoTests" name="[54] /home/travis/build/icyphy/ptII/ptolemy/domains/de/test/auto/ResetTransitionWithStartTime1.xml (RunModel)" time="0.02" />
  <testcase classname="ptolemy.util.test.junit.AutoTests" name="[55] /home/travis/build/icyphy/ptII/ptolemy/domains/de/test/auto/ResetTransitionWithStartTime2.xml (RunModel)" time="0.022" />
  <testcase classname="ptolemy.util.test.junit.AutoTests" name="[56] /home/travis/build/icyphy/ptII/ptolemy/domains/de/test/auto/ResetTransitionWithStartTime3.xml (RunModel)" time="0.027" />
  <testcase classname="ptolemy.util.test.junit.AutoTests" name="[57] /home/travis/build/icyphy/ptII/ptolemy/domains/de/test/auto/ResetTransitionWithStartTime4.xml (RunModel)" time="0.019" />
  <testcase classname="ptolemy.util.test.junit.AutoTests" name="[58] /home/travis/build/icyphy/ptII/ptolemy/domains/de/test/auto/ResettableTimer1.xml (RunModel)" time="0.012" />
  <testcase classname="ptolemy.util.test.junit.AutoTests" name="[59] /home/travis/build/icyphy/ptII/ptolemy/domains/de/test/auto/ResettableTimer2.xml (RunModel)" time="0.012" />
  <testcase classname="ptolemy.util.test.junit.AutoTests" name="[60] /home/travis/build/icyphy/ptII/ptolemy/domains/de/test/auto/ResettableTimer3.xml (RunModel)" time="0.011" />
  <testcase classname="ptolemy.util.test.junit.AutoTests" name="[61] /home/travis/build/icyphy/ptII/ptolemy/domains/de/test/auto/ResettableTimer4.xml (RunModel)" time="0.009" />
  <testcase classname="ptolemy.util.test.junit.AutoTests" name="[62] /home/travis/build/icyphy/ptII/ptolemy/domains/de/test/auto/ResettableTimer5.xml (RunModel)" time="0.01" />
  <testcase classname="ptolemy.util.test.junit.AutoTests" name="[63] /home/travis/build/icyphy/ptII/ptolemy/domains/de/test/auto/ResettableTimer6.xml (RunModel)" time="0.021" />
  <testcase classname="ptolemy.util.test.junit.AutoTests" name="[64] /home/travis/build/icyphy/ptII/ptolemy/domains/de/test/auto/ServerZeroDelay.xml (RunModel)" time="0.013" />
  <testcase classname="ptolemy.util.test.junit.AutoTests" name="[65] /home/travis/build/icyphy/ptII/ptolemy/domains/de/test/auto/SmartSender.xml (RunModel)" time="3.009" />
  <testcase classname="ptolemy.util.test.junit.AutoTests" name="[66] /home/travis/build/icyphy/ptII/ptolemy/domains/de/test/auto/ThreadedComposite.xml (RunModel)" time="0.149" />
  <testcase classname="ptolemy.util.test.junit.AutoTests" name="[67] /home/travis/build/icyphy/ptII/ptolemy/domains/de/test/auto/Time.xml (RunModel)" time="0.476" />
  <testcase classname="ptolemy.util.test.junit.AutoTests" name="[68] /home/travis/build/icyphy/ptII/ptolemy/domains/de/test/auto/TimeDelayZeroDelay.xml (RunModel)" time="0.019" />
  <testcase classname="ptolemy.util.test.junit.AutoTests" name="[69] /home/travis/build/icyphy/ptII/ptolemy/domains/de/test/auto/TimerZeroDelay.xml (RunModel)" time="0.011" />
  <testcase classname="ptolemy.util.test.junit.AutoTests" name="[70] /home/travis/build/icyphy/ptII/ptolemy/domains/de/test/auto/TimingParadox.xml (RunModel)" time="0.354" />
  <testcase classname="ptolemy.util.test.junit.AutoTests" name="[71] /home/travis/build/icyphy/ptII/ptolemy/domains/de/test/auto/TransferInputs.xml (RunModel)" time="0.013" />
  <testcase classname="ptolemy.util.test.junit.AutoTests" name="[72] /home/travis/build/icyphy/ptII/ptolemy/domains/de/test/auto/TransferOutputs2.xml (RunModel)" time="0.014" />
  <testcase classname="ptolemy.util.test.junit.AutoTests" name="[73] /home/travis/build/icyphy/ptII/ptolemy/domains/de/test/auto/Trilateration.xml (RunModel)" time="13.302" />
  <testcase classname="ptolemy.util.test.junit.AutoTests" name="[74] /home/travis/build/icyphy/ptII/ptolemy/domains/de/test/auto/TwoSigmaDelta.xml (RunModel)" time="2.009" />
  <testcase classname="ptolemy.util.test.junit.AutoTests" name="[75] /home/travis/build/icyphy/ptII/ptolemy/domains/de/test/auto/VariableDelay.xml (RunModel)" time="0.016" />
  <testcase classname="ptolemy.util.test.junit.AutoTests" name="[76] /home/travis/build/icyphy/ptII/ptolemy/domains/de/test/auto/VariableDelay2.xml (RunModel)" time="0.011" />
  <testcase classname="ptolemy.util.test.junit.AutoTests" name="[77] /home/travis/build/icyphy/ptII/ptolemy/domains/de/test/auto/VariableDelayZeroDelay.xml (RunModel)" time="0.015" />
  <testcase classname="ptolemy.util.test.junit.AutoTests" name="[78] /home/travis/build/icyphy/ptII/ptolemy/domains/de/test/auto/VariableDelayZeroDelay2.xml (RunModel)" time="0.015" />
  <testcase classname="ptolemy.util.test.junit.AutoTests" name="[79] /home/travis/build/icyphy/ptII/ptolemy/domains/de/test/auto/deInCt.xml (RunModel)" time="0.02" />
  <testcase classname="ptolemy.util.test.junit.AutoTests" name="[80] /home/travis/build/icyphy/ptII/ptolemy/domains/de/test/auto/deInCt2.xml (RunModel)" time="0.022" />
  <testcase classname="ptolemy.util.test.junit.AutoTests" name="[81] /home/travis/build/icyphy/ptII/ptolemy/domains/de/test/auto/dynamicCausalityInterface1.xml (RunModel)" time="0.02" />
  <testcase classname="ptolemy.util.test.junit.AutoTests" name="[82] /home/travis/build/icyphy/ptII/ptolemy/domains/de/test/auto/fsm_de_test.xml (RunModel)" time="0.027" />
  <testcase classname="ptolemy.util.test.junit.AutoTests" name="[83] /home/travis/build/icyphy/ptII/ptolemy/domains/de/test/auto/functionDependencyReconstruction.xml (RunModel)" time="0.033" />
  <testcase classname="ptolemy.util.test.junit.AutoTests" name="[84] /home/travis/build/icyphy/ptII/ptolemy/domains/de/test/auto/multirate.xml (RunModel)" time="0.015" />
  <testcase classname="ptolemy.util.test.junit.AutoTests" name="[85] /home/travis/build/icyphy/ptII/ptolemy/domains/de/test/auto/multirate2.xml (RunModel)" time="0.02" />
  <testcase classname="ptolemy.util.test.junit.AutoTests" name="[86] /home/travis/build/icyphy/ptII/ptolemy/domains/de/test/auto/realtime.xml (RunModel)" time="10.011" />
  <testcase classname="ptolemy.util.test.junit.AutoTests" name="[87] /home/travis/build/icyphy/ptII/ptolemy/domains/de/test/auto/relationGroup.xml (RunModel)" time="0.01" />
  <testcase classname="ptolemy.util.test.junit.AutoTests" name="[88] /home/travis/build/icyphy/ptII/ptolemy/domains/de/test/auto/relationGroup2.xml (RunModel)" time="0.005" />
  <testcase classname="ptolemy.util.test.junit.AutoTests" name="[89] /home/travis/build/icyphy/ptII/ptolemy/domains/de/test/auto/sortWithOpaquePorts.xml (RunModel)" time="0.008" />
  <testcase classname="ptolemy.util.test.junit.AutoTests" name="[90] /home/travis/build/icyphy/ptII/ptolemy/domains/de/test/auto/transferInputsandOutputs.xml (RunModel)" time="0.018" />
  <testcase classname="ptolemy.util.test.junit.AutoTests" name="[91] /home/travis/build/icyphy/ptII/ptolemy/domains/de/test/auto/triggerType.xml (RunModel)" time="0.008" />
  <system-out><![CDATA[/home/travis/build/icyphy/ptII/ptolemy/domains/de/test/DependencyLoop.tcl
testDefs.tcl: setting time out to 9000 seconds at Fri Nov 08 06:13:55 UTC 2019
64 ms. Memory: 120832K Free: 72133K (60%)
27 ms. Memory: 120832K Free: 54711K (45%)
/home/travis/build/icyphy/ptII/ptolemy/domains/de/test/RunDETestsAsQSS.tcl
Run the DE tests using ptolemy.domains.qss.test.QSSDirectorTest, which extends QSSDirector and prints a message in the constructors.
------------------ testing $PTII/ptolemy/domains/de/test/auto/knownFailedTests/DirectFeedback.xml (Known Failure) 
48 ms. Memory: 120832K Free: 48581K (40%)


==== $PTIIhome/travis/build/icyphy/ptII/ptolemy/domains/de/test/../../../../: Auto Automatic test in file $PTII/ptolemy/domains/de/test/auto/knownFailedTests/DirectFeedback.xml
==== Contents of test case:

	    # FIXME: we should use $relativeFilename here, but it
	    # might have backslashes under Windows, which causes no end
	    # of trouble.
	    createAndExecute $file
	    list {}
	
.... Test generated KNOWN error:
    while executing
ptolemy.kernel.util.IllegalActionException: Test fails in iteration 1.
Value was: 1.0. Should have been: 2.0
  in .DirectFeedback.Test
	at ptolemy.actor.lib.Test.fire(Test.java:268)
	at ptolemy.domains.de.kernel.DEDirector._fire(DEDirector.java:1949)
	at ptolemy.domains.de.kernel.DEDirector.fire(DEDirector.java:502)
	at ptolemy.actor.CompositeActor.fire(CompositeActor.java:455)
	at ptolemy.actor.Manager.iterate(Manager.java:851)
	at ptolemy.actor.Manager.execute(Manager.java:369)
	at ptolemy.actor.Manager.run(Manager.java:1263)
	at ptolemy.actor.Manager$PtolemyRunThread.run(Manager.java:1933)

    while executing
ptolemy.kernel.util.IllegalActionException: Test fails in iteration 1.
Value was: 1.0. Should have been: 2.0
  in .DirectFeedback.Test
    while executing
"java::new ptolemy.moml.MoMLSimpleApplication $file
"
    (procedure "createAndExecute" line 2)
    invoked from within
"createAndExecute $file"
    ("uplevel" body line 5)
    invoked from within
"uplevel $contents_of_test"
------------------ testing $PTII/ptolemy/domains/de/test/auto/knownFailedTests/dependencyLoop.xml (Known Failure) 
60 ms. Memory: 120832K Free: 107929K (89%)


==== $PTIIhome/travis/build/icyphy/ptII/ptolemy/domains/de/test/../../../../: Auto Automatic test in file $PTII/ptolemy/domains/de/test/auto/knownFailedTests/dependencyLoop.xml
==== Contents of test case:

	    # FIXME: we should use $relativeFilename here, but it
	    # might have backslashes under Windows, which causes no end
	    # of trouble.
	    createAndExecute $file
	    list {}
	
.... Test generated KNOWN error:
    while executing
ptolemy.kernel.util.IllegalActionException: Found a zero delay loop containing .dependencyLoop.original
  in .dependencyLoop and .dependencyLoop.original
	at ptolemy.actor.util.CausalityInterfaceForComposites._computeOutputPortDepth(CausalityInterfaceForComposites.java:759)
	at ptolemy.actor.util.CausalityInterfaceForComposites._computeInputDepth(CausalityInterfaceForComposites.java:696)
	at ptolemy.actor.util.CausalityInterfaceForComposites._computeOutputPortDepth(CausalityInterfaceForComposites.java:765)
	at ptolemy.actor.util.CausalityInterfaceForComposites._computeInputDepth(CausalityInterfaceForComposites.java:696)
	at ptolemy.actor.util.CausalityInterfaceForComposites._computeOutputPortDepth(CausalityInterfaceForComposites.java:765)
	at ptolemy.actor.util.CausalityInterfaceForComposites._computeInputDepth(CausalityInterfaceForComposites.java:696)
	at ptolemy.actor.util.CausalityInterfaceForComposites._computeActorDepth(CausalityInterfaceForComposites.java:532)
	at ptolemy.actor.util.CausalityInterfaceForComposites.checkForCycles(CausalityInterfaceForComposites.java:96)
	at ptolemy.domains.de.kernel.DEDirector.preinitialize(DEDirector.java:1338)
	at ptolemy.actor.CompositeActor.preinitialize(CompositeActor.java:1828)
	at ptolemy.actor.Manager.preinitializeAndResolveTypes(Manager.java:1040)
	at ptolemy.actor.Manager.initialize(Manager.java:710)
	at ptolemy.actor.Manager.execute(Manager.java:356)
	at ptolemy.actor.Manager.run(Manager.java:1263)
	at ptolemy.actor.Manager$PtolemyRunThread.run(Manager.java:1933)

    while executing
ptolemy.kernel.util.IllegalActionException: Found a zero delay loop containing .dependencyLoop.original
  in .dependencyLoop and .dependencyLoop.original
    while executing
"java::new ptolemy.moml.MoMLSimpleApplication $file
"
    (procedure "createAndExecute" line 2)
    invoked from within
"createAndExecute $file"
    ("uplevel" body line 5)
    invoked from within
"uplevel $contents_of_test"
------------------ testing $PTII/ptolemy/domains/de/test/auto/knownFailedTests/FSMSource.xml (Known Failure) 
80 ms. Memory: 120832K Free: 99068K (82%)
!!!! Auto was marked as failing, but now passes
------------------ testing $PTII/ptolemy/domains/de/test/auto/knownFailedTests/HierarchicalModel.xml (Known Failure) 
6 ms. Memory: 120832K Free: 81653K (68%)


==== $PTIIhome/travis/build/icyphy/ptII/ptolemy/domains/de/test/../../../../: Auto Automatic test in file $PTII/ptolemy/domains/de/test/auto/knownFailedTests/HierarchicalModel.xml
==== Contents of test case:

	    # FIXME: we should use $relativeFilename here, but it
	    # might have backslashes under Windows, which causes no end
	    # of trouble.
	    createAndExecute $file
	    list {}
	
.... Test generated KNOWN error:
    while executing
ptolemy.kernel.util.IllegalActionException: Found a zero delay loop containing .HierarchicalModel.A
  in .HierarchicalModel and .HierarchicalModel.A
	at ptolemy.actor.util.CausalityInterfaceForComposites._computeOutputPortDepth(CausalityInterfaceForComposites.java:759)
	at ptolemy.actor.util.CausalityInterfaceForComposites._computeInputDepth(CausalityInterfaceForComposites.java:696)
	at ptolemy.actor.util.CausalityInterfaceForComposites._computeOutputPortDepth(CausalityInterfaceForComposites.java:765)
	at ptolemy.actor.util.CausalityInterfaceForComposites._computeInputDepth(CausalityInterfaceForComposites.java:696)
	at ptolemy.actor.util.CausalityInterfaceForComposites._computeOutputPortDepth(CausalityInterfaceForComposites.java:765)
	at ptolemy.actor.util.CausalityInterfaceForComposites._computeInputDepth(CausalityInterfaceForComposites.java:696)
	at ptolemy.actor.util.CausalityInterfaceForComposites._computeActorDepth(CausalityInterfaceForComposites.java:532)
	at ptolemy.actor.util.CausalityInterfaceForComposites.checkForCycles(CausalityInterfaceForComposites.java:96)
	at ptolemy.domains.de.kernel.DEDirector.preinitialize(DEDirector.java:1338)
	at ptolemy.actor.CompositeActor.preinitialize(CompositeActor.java:1828)
	at ptolemy.actor.Manager.preinitializeAndResolveTypes(Manager.java:1040)
	at ptolemy.actor.Manager.initialize(Manager.java:710)
	at ptolemy.actor.Manager.execute(Manager.java:356)
	at ptolemy.actor.Manager.run(Manager.java:1263)
	at ptolemy.actor.Manager$PtolemyRunThread.run(Manager.java:1933)

    while executing
ptolemy.kernel.util.IllegalActionException: Found a zero delay loop containing .HierarchicalModel.A
  in .HierarchicalModel and .HierarchicalModel.A
    while executing
"java::new ptolemy.moml.MoMLSimpleApplication $file
"
    (procedure "createAndExecute" line 2)
    invoked from within
"createAndExecute $file"
    ("uplevel" body line 5)
    invoked from within
"uplevel $contents_of_test"
------------------ testing $PTII/ptolemy/domains/de/test/auto/knownFailedTests/dependencyLoop2.xml (Known Failure) 
28 ms. Memory: 120832K Free: 106233K (88%)


==== $PTIIhome/travis/build/icyphy/ptII/ptolemy/domains/de/test/../../../../: Auto Automatic test in file $PTII/ptolemy/domains/de/test/auto/knownFailedTests/dependencyLoop2.xml
==== Contents of test case:

	    # FIXME: we should use $relativeFilename here, but it
	    # might have backslashes under Windows, which causes no end
	    # of trouble.
	    createAndExecute $file
	    list {}
	
.... Test generated KNOWN error:
    while executing
ptolemy.kernel.util.IllegalActionException: Found a zero delay loop containing .dependencyLoop2.original
  in .dependencyLoop2 and .dependencyLoop2.original
	at ptolemy.actor.util.CausalityInterfaceForComposites._computeOutputPortDepth(CausalityInterfaceForComposites.java:759)
	at ptolemy.actor.util.CausalityInterfaceForComposites._computeInputDepth(CausalityInterfaceForComposites.java:696)
	at ptolemy.actor.util.CausalityInterfaceForComposites._computeOutputPortDepth(CausalityInterfaceForComposites.java:765)
	at ptolemy.actor.util.CausalityInterfaceForComposites._computeInputDepth(CausalityInterfaceForComposites.java:696)
	at ptolemy.actor.util.CausalityInterfaceForComposites._computeOutputPortDepth(CausalityInterfaceForComposites.java:765)
	at ptolemy.actor.util.CausalityInterfaceForComposites._computeInputDepth(CausalityInterfaceForComposites.java:696)
	at ptolemy.actor.util.CausalityInterfaceForComposites._computeActorDepth(CausalityInterfaceForComposites.java:532)
	at ptolemy.actor.util.CausalityInterfaceForComposites.checkForCycles(CausalityInterfaceForComposites.java:96)
	at ptolemy.domains.de.kernel.DEDirector.preinitialize(DEDirector.java:1338)
	at ptolemy.actor.CompositeActor.preinitialize(CompositeActor.java:1828)
	at ptolemy.actor.Manager.preinitializeAndResolveTypes(Manager.java:1040)
	at ptolemy.actor.Manager.initialize(Manager.java:710)
	at ptolemy.actor.Manager.execute(Manager.java:356)
	at ptolemy.actor.Manager.run(Manager.java:1263)
	at ptolemy.actor.Manager$PtolemyRunThread.run(Manager.java:1933)

    while executing
ptolemy.kernel.util.IllegalActionException: Found a zero delay loop containing .dependencyLoop2.original
  in .dependencyLoop2 and .dependencyLoop2.original
    while executing
"java::new ptolemy.moml.MoMLSimpleApplication $file
"
    (procedure "createAndExecute" line 2)
    invoked from within
"createAndExecute $file"
    ("uplevel" body line 5)
    invoked from within
"uplevel $contents_of_test"
------------------ testing $PTII/ptolemy/domains/de/test/auto/knownFailedTests/DESDFClockTest.xml (Known Failure) 
2068 ms. Memory: 120832K Free: 93086K (77%)


==== $PTIIhome/travis/build/icyphy/ptII/ptolemy/domains/de/test/../../../../: Auto Automatic test in file $PTII/ptolemy/domains/de/test/auto/knownFailedTests/DESDFClockTest.xml
==== Contents of test case:

	    # FIXME: we should use $relativeFilename here, but it
	    # might have backslashes under Windows, which causes no end
	    # of trouble.
	    createAndExecute $file
	    list {}
	
.... Test generated KNOWN error:
    while executing
ptolemy.kernel.util.IllegalActionException: Actor is not ready to fire.  Perhaps UpSample.prefire() returned false? Try debugging the actor by selecting "Listen to Actor".  Also, for SDF check moml for tokenConsumptionRate on input.
  in .DESDFClockTest.Play Bell.Copy1:SDF Director and .DESDFClockTest.Play Bell.UpSample
	at ptolemy.actor.sched.StaticSchedulingDirector.fire(StaticSchedulingDirector.java:227)
	at ptolemy.domains.sdf.kernel.SDFDirector.fire(SDFDirector.java:500)
	at ptolemy.actor.CompositeActor.fire(CompositeActor.java:455)
	at ptolemy.domains.de.kernel.DEDirector._fire(DEDirector.java:1949)
	at ptolemy.domains.de.kernel.DEDirector.fire(DEDirector.java:502)
	at ptolemy.actor.CompositeActor.fire(CompositeActor.java:455)
	at ptolemy.actor.Manager.iterate(Manager.java:851)
	at ptolemy.actor.Manager.execute(Manager.java:369)
	at ptolemy.actor.Manager.run(Manager.java:1263)
	at ptolemy.actor.Manager$PtolemyRunThread.run(Manager.java:1933)

    while executing
ptolemy.kernel.util.IllegalActionException: Actor is not ready to fire.  Perhaps UpSample.prefire() returned false? Try debugging the actor by selecting "Listen to Actor".  Also, for SDF check moml for tokenConsumptionRate on input.
  in .DESDFClockTest.Play Bell.Copy1:SDF Director and .DESDFClockTest.Play Bell.UpSample
    while executing
"java::new ptolemy.moml.MoMLSimpleApplication $file
"
    (procedure "createAndExecute" line 2)
    invoked from within
"createAndExecute $file"
    ("uplevel" body line 5)
    invoked from within
"uplevel $contents_of_test"
------------------ testing $PTII/ptolemy/domains/de/test/auto/ActorDepthCalculation_actorWithoutPorts.xml
auto.tcl: Setting watchdog for 200 seconds at Fri Nov 08 06:13:59 UTC 2019
4 ms. Memory: 120832K Free: 86258K (71%)
ptolemy.util.test.WatchDog.cancel(): canceling Fri Nov 08 06:13:59 UTC 2019
auto.tcl: Setting watchdog for 200 seconds at Fri Nov 08 06:13:59 UTC 2019
5 ms. Memory: 120832K Free: 84611K (70%)
ptolemy.util.test.WatchDog.cancel(): canceling Fri Nov 08 06:13:59 UTC 2019
------------------ testing $PTII/ptolemy/domains/de/test/auto/AssemblyLine.xml
auto.tcl: Setting watchdog for 200 seconds at Fri Nov 08 06:13:59 UTC 2019
10 ms. Memory: 51200K Free: 28568K (56%)
ptolemy.util.test.WatchDog.cancel(): canceling Fri Nov 08 06:14:00 UTC 2019
auto.tcl: Setting watchdog for 200 seconds at Fri Nov 08 06:14:00 UTC 2019
8 ms. Memory: 51200K Free: 27812K (54%)
ptolemy.util.test.WatchDog.cancel(): canceling Fri Nov 08 06:14:00 UTC 2019
------------------ testing $PTII/ptolemy/domains/de/test/auto/CQBug1.xml
auto.tcl: Setting watchdog for 200 seconds at Fri Nov 08 06:14:00 UTC 2019
4 ms. Memory: 48128K Free: 31472K (65%)
ptolemy.util.test.WatchDog.cancel(): canceling Fri Nov 08 06:14:00 UTC 2019
auto.tcl: Setting watchdog for 200 seconds at Fri Nov 08 06:14:00 UTC 2019
3 ms. Memory: 48128K Free: 31032K (64%)
ptolemy.util.test.WatchDog.cancel(): canceling Fri Nov 08 06:14:00 UTC 2019
------------------ testing $PTII/ptolemy/domains/de/test/auto/CancelFireAt.xml
auto.tcl: Setting watchdog for 200 seconds at Fri Nov 08 06:14:00 UTC 2019
4 ms. Memory: 48128K Free: 32633K (68%)
ptolemy.util.test.WatchDog.cancel(): canceling Fri Nov 08 06:14:00 UTC 2019
auto.tcl: Setting watchdog for 200 seconds at Fri Nov 08 06:14:00 UTC 2019
4 ms. Memory: 48128K Free: 32185K (67%)
ptolemy.util.test.WatchDog.cancel(): canceling Fri Nov 08 06:14:00 UTC 2019
------------------ testing $PTII/ptolemy/domains/de/test/auto/CausalityAndComposabilityAnalysis.xml
auto.tcl: Setting watchdog for 200 seconds at Fri Nov 08 06:14:00 UTC 2019
8 ms. Memory: 48128K Free: 30499K (63%)
ptolemy.util.test.WatchDog.cancel(): canceling Fri Nov 08 06:14:00 UTC 2019
auto.tcl: Setting watchdog for 200 seconds at Fri Nov 08 06:14:00 UTC 2019
7 ms. Memory: 48128K Free: 30068K (62%)
ptolemy.util.test.WatchDog.cancel(): canceling Fri Nov 08 06:14:00 UTC 2019
------------------ testing $PTII/ptolemy/domains/de/test/auto/CausalityInterface1.xml
auto.tcl: Setting watchdog for 200 seconds at Fri Nov 08 06:14:00 UTC 2019
43 ms. Memory: 48128K Free: 29416K (61%)
ptolemy.util.test.WatchDog.cancel(): canceling Fri Nov 08 06:14:00 UTC 2019
auto.tcl: Setting watchdog for 200 seconds at Fri Nov 08 06:14:00 UTC 2019
5 ms. Memory: 48128K Free: 28451K (59%)
ptolemy.util.test.WatchDog.cancel(): canceling Fri Nov 08 06:14:00 UTC 2019
------------------ testing $PTII/ptolemy/domains/de/test/auto/CausalityInterface15.xml
auto.tcl: Setting watchdog for 200 seconds at Fri Nov 08 06:14:00 UTC 2019
8 ms. Memory: 48128K Free: 29557K (61%)
ptolemy.util.test.WatchDog.cancel(): canceling Fri Nov 08 06:14:00 UTC 2019
auto.tcl: Setting watchdog for 200 seconds at Fri Nov 08 06:14:00 UTC 2019
4 ms. Memory: 48128K Free: 28386K (59%)
ptolemy.util.test.WatchDog.cancel(): canceling Fri Nov 08 06:14:00 UTC 2019
------------------ testing $PTII/ptolemy/domains/de/test/auto/CausalityInterface2.xml
auto.tcl: Setting watchdog for 200 seconds at Fri Nov 08 06:14:00 UTC 2019
5 ms. Memory: 45056K Free: 27087K (60%)
ptolemy.util.test.WatchDog.cancel(): canceling Fri Nov 08 06:14:00 UTC 2019
auto.tcl: Setting watchdog for 200 seconds at Fri Nov 08 06:14:00 UTC 2019
3 ms. Memory: 45056K Free: 26326K (58%)
ptolemy.util.test.WatchDog.cancel(): canceling Fri Nov 08 06:14:00 UTC 2019
------------------ testing $PTII/ptolemy/domains/de/test/auto/CausalityInterface3.xml
auto.tcl: Setting watchdog for 200 seconds at Fri Nov 08 06:14:00 UTC 2019
3 ms. Memory: 45056K Free: 26555K (59%)
ptolemy.util.test.WatchDog.cancel(): canceling Fri Nov 08 06:14:00 UTC 2019
auto.tcl: Setting watchdog for 200 seconds at Fri Nov 08 06:14:00 UTC 2019
3 ms. Memory: 45056K Free: 26127K (58%)
ptolemy.util.test.WatchDog.cancel(): canceling Fri Nov 08 06:14:00 UTC 2019
------------------ testing $PTII/ptolemy/domains/de/test/auto/ClockDrift.xml
auto.tcl: Setting watchdog for 200 seconds at Fri Nov 08 06:14:00 UTC 2019
78 ms. Memory: 45056K Free: 19129K (42%)
ptolemy.util.test.WatchDog.cancel(): canceling Fri Nov 08 06:14:01 UTC 2019
auto.tcl: Setting watchdog for 200 seconds at Fri Nov 08 06:14:01 UTC 2019
53 ms. Memory: 45056K Free: 16114K (36%)
ptolemy.util.test.WatchDog.cancel(): canceling Fri Nov 08 06:14:01 UTC 2019
------------------ testing $PTII/ptolemy/domains/de/test/auto/ClockDriftAndValueChange.xml
auto.tcl: Setting watchdog for 200 seconds at Fri Nov 08 06:14:01 UTC 2019
44 ms. Memory: 45056K Free: 19219K (43%)
ptolemy.util.test.WatchDog.cancel(): canceling Fri Nov 08 06:14:01 UTC 2019
auto.tcl: Setting watchdog for 200 seconds at Fri Nov 08 06:14:01 UTC 2019
26 ms. Memory: 45056K Free: 16375K (36%)
ptolemy.util.test.WatchDog.cancel(): canceling Fri Nov 08 06:14:01 UTC 2019
------------------ testing $PTII/ptolemy/domains/de/test/auto/ClockDriftChange.xml
auto.tcl: Setting watchdog for 200 seconds at Fri Nov 08 06:14:01 UTC 2019
23 ms. Memory: 45056K Free: 21265K (47%)
ptolemy.util.test.WatchDog.cancel(): canceling Fri Nov 08 06:14:01 UTC 2019
auto.tcl: Setting watchdog for 200 seconds at Fri Nov 08 06:14:01 UTC 2019
21 ms. Memory: 45056K Free: 18709K (42%)
ptolemy.util.test.WatchDog.cancel(): canceling Fri Nov 08 06:14:01 UTC 2019
------------------ testing $PTII/ptolemy/domains/de/test/auto/ComposableCausalityAnalysis.xml
auto.tcl: Setting watchdog for 200 seconds at Fri Nov 08 06:14:01 UTC 2019
2 ms. Memory: 45056K Free: 25879K (57%)
ptolemy.util.test.WatchDog.cancel(): canceling Fri Nov 08 06:14:01 UTC 2019
auto.tcl: Setting watchdog for 200 seconds at Fri Nov 08 06:14:01 UTC 2019
5 ms. Memory: 45056K Free: 24845K (55%)
ptolemy.util.test.WatchDog.cancel(): canceling Fri Nov 08 06:14:01 UTC 2019
------------------ testing $PTII/ptolemy/domains/de/test/auto/DEFixedPointLimitation.xml
auto.tcl: Setting watchdog for 200 seconds at Fri Nov 08 06:14:01 UTC 2019
3 ms. Memory: 45056K Free: 27232K (60%)
ptolemy.util.test.WatchDog.cancel(): canceling Fri Nov 08 06:14:01 UTC 2019
auto.tcl: Setting watchdog for 200 seconds at Fri Nov 08 06:14:01 UTC 2019
2 ms. Memory: 45056K Free: 26365K (59%)
ptolemy.util.test.WatchDog.cancel(): canceling Fri Nov 08 06:14:01 UTC 2019
------------------ testing $PTII/ptolemy/domains/de/test/auto/DEScheduleTest.xml
auto.tcl: Setting watchdog for 200 seconds at Fri Nov 08 06:14:01 UTC 2019
6 ms. Memory: 45056K Free: 27552K (61%)
ptolemy.util.test.WatchDog.cancel(): canceling Fri Nov 08 06:14:01 UTC 2019
auto.tcl: Setting watchdog for 200 seconds at Fri Nov 08 06:14:01 UTC 2019
3 ms. Memory: 45056K Free: 26785K (59%)
ptolemy.util.test.WatchDog.cancel(): canceling Fri Nov 08 06:14:01 UTC 2019
------------------ testing $PTII/ptolemy/domains/de/test/auto/DEinDEwithStartTimes.xml
auto.tcl: Setting watchdog for 200 seconds at Fri Nov 08 06:14:01 UTC 2019
5 ms. Memory: 45056K Free: 25711K (57%)
ptolemy.util.test.WatchDog.cancel(): canceling Fri Nov 08 06:14:01 UTC 2019
auto.tcl: Setting watchdog for 200 seconds at Fri Nov 08 06:14:01 UTC 2019
4 ms. Memory: 45056K Free: 24668K (55%)
ptolemy.util.test.WatchDog.cancel(): canceling Fri Nov 08 06:14:01 UTC 2019
------------------ testing $PTII/ptolemy/domains/de/test/auto/DEinDEwithStartTimes2.xml
auto.tcl: Setting watchdog for 200 seconds at Fri Nov 08 06:14:01 UTC 2019
9 ms. Memory: 45056K Free: 24980K (55%)
ptolemy.util.test.WatchDog.cancel(): canceling Fri Nov 08 06:14:01 UTC 2019
auto.tcl: Setting watchdog for 200 seconds at Fri Nov 08 06:14:01 UTC 2019
5 ms. Memory: 45056K Free: 23624K (52%)
ptolemy.util.test.WatchDog.cancel(): canceling Fri Nov 08 06:14:01 UTC 2019
------------------ testing $PTII/ptolemy/domains/de/test/auto/DateDemo.xml
auto.tcl: Setting watchdog for 200 seconds at Fri Nov 08 06:14:01 UTC 2019
20 ms. Memory: 45056K Free: 19582K (43%)
ptolemy.util.test.WatchDog.cancel(): canceling Fri Nov 08 06:14:02 UTC 2019
auto.tcl: Setting watchdog for 200 seconds at Fri Nov 08 06:14:02 UTC 2019
11 ms. Memory: 45056K Free: 17719K (39%)
ptolemy.util.test.WatchDog.cancel(): canceling Fri Nov 08 06:14:02 UTC 2019
------------------ testing $PTII/ptolemy/domains/de/test/auto/DateToEvent.xml
auto.tcl: Setting watchdog for 200 seconds at Fri Nov 08 06:14:02 UTC 2019
2011 ms. Memory: 45056K Free: 15184K (34%)
ptolemy.util.test.WatchDog.cancel(): canceling Fri Nov 08 06:14:04 UTC 2019
auto.tcl: Setting watchdog for 200 seconds at Fri Nov 08 06:14:04 UTC 2019
2006 ms. Memory: 45056K Free: 14484K (32%)
ptolemy.util.test.WatchDog.cancel(): canceling Fri Nov 08 06:14:06 UTC 2019
------------------ testing $PTII/ptolemy/domains/de/test/auto/DepthTest1.xml
auto.tcl: Setting watchdog for 200 seconds at Fri Nov 08 06:14:06 UTC 2019
4 ms. Memory: 45056K Free: 28454K (63%)
ptolemy.util.test.WatchDog.cancel(): canceling Fri Nov 08 06:14:06 UTC 2019
auto.tcl: Setting watchdog for 200 seconds at Fri Nov 08 06:14:06 UTC 2019
2 ms. Memory: 45056K Free: 27963K (62%)
ptolemy.util.test.WatchDog.cancel(): canceling Fri Nov 08 06:14:06 UTC 2019
------------------ testing $PTII/ptolemy/domains/de/test/auto/DepthTest2.xml
auto.tcl: Setting watchdog for 200 seconds at Fri Nov 08 06:14:06 UTC 2019
3 ms. Memory: 45056K Free: 25201K (56%)
ptolemy.util.test.WatchDog.cancel(): canceling Fri Nov 08 06:14:06 UTC 2019
auto.tcl: Setting watchdog for 200 seconds at Fri Nov 08 06:14:06 UTC 2019
3 ms. Memory: 45056K Free: 24660K (55%)
ptolemy.util.test.WatchDog.cancel(): canceling Fri Nov 08 06:14:06 UTC 2019
------------------ testing $PTII/ptolemy/domains/de/test/auto/DepthTest3.xml
auto.tcl: Setting watchdog for 200 seconds at Fri Nov 08 06:14:06 UTC 2019
2 ms. Memory: 45056K Free: 28661K (64%)
ptolemy.util.test.WatchDog.cancel(): canceling Fri Nov 08 06:14:06 UTC 2019
auto.tcl: Setting watchdog for 200 seconds at Fri Nov 08 06:14:06 UTC 2019
1 ms. Memory: 45056K Free: 28242K (63%)
ptolemy.util.test.WatchDog.cancel(): canceling Fri Nov 08 06:14:06 UTC 2019
------------------ testing $PTII/ptolemy/domains/de/test/auto/DepthTest4.xml
auto.tcl: Setting watchdog for 200 seconds at Fri Nov 08 06:14:06 UTC 2019
6 ms. Memory: 45056K Free: 27018K (60%)
ptolemy.util.test.WatchDog.cancel(): canceling Fri Nov 08 06:14:06 UTC 2019
auto.tcl: Setting watchdog for 200 seconds at Fri Nov 08 06:14:06 UTC 2019
2 ms. Memory: 45056K Free: 26287K (58%)
ptolemy.util.test.WatchDog.cancel(): canceling Fri Nov 08 06:14:06 UTC 2019
------------------ testing $PTII/ptolemy/domains/de/test/auto/DepthTest5.xml
auto.tcl: Setting watchdog for 200 seconds at Fri Nov 08 06:14:06 UTC 2019
10 ms. Memory: 45056K Free: 26420K (59%)
ptolemy.util.test.WatchDog.cancel(): canceling Fri Nov 08 06:14:06 UTC 2019
auto.tcl: Setting watchdog for 200 seconds at Fri Nov 08 06:14:06 UTC 2019
2 ms. Memory: 45056K Free: 25623K (57%)
ptolemy.util.test.WatchDog.cancel(): canceling Fri Nov 08 06:14:06 UTC 2019
------------------ testing $PTII/ptolemy/domains/de/test/auto/DepthTest6.xml
auto.tcl: Setting watchdog for 200 seconds at Fri Nov 08 06:14:06 UTC 2019
5 ms. Memory: 45056K Free: 26106K (58%)
ptolemy.util.test.WatchDog.cancel(): canceling Fri Nov 08 06:14:06 UTC 2019
auto.tcl: Setting watchdog for 200 seconds at Fri Nov 08 06:14:06 UTC 2019
2 ms. Memory: 45056K Free: 25600K (57%)
ptolemy.util.test.WatchDog.cancel(): canceling Fri Nov 08 06:14:06 UTC 2019
------------------ testing $PTII/ptolemy/domains/de/test/auto/DepthTest7.xml
auto.tcl: Setting watchdog for 200 seconds at Fri Nov 08 06:14:06 UTC 2019
2 ms. Memory: 45056K Free: 26621K (59%)
ptolemy.util.test.WatchDog.cancel(): canceling Fri Nov 08 06:14:06 UTC 2019
auto.tcl: Setting watchdog for 200 seconds at Fri Nov 08 06:14:06 UTC 2019
2 ms. Memory: 45056K Free: 26204K (58%)
ptolemy.util.test.WatchDog.cancel(): canceling Fri Nov 08 06:14:06 UTC 2019
------------------ testing $PTII/ptolemy/domains/de/test/auto/EventToDate.xml
auto.tcl: Setting watchdog for 200 seconds at Fri Nov 08 06:14:06 UTC 2019
3007 ms. Memory: 45056K Free: 17741K (39%)
ptolemy.util.test.WatchDog.cancel(): canceling Fri Nov 08 06:14:09 UTC 2019
auto.tcl: Setting watchdog for 200 seconds at Fri Nov 08 06:14:09 UTC 2019
3004 ms. Memory: 45056K Free: 17056K (38%)
ptolemy.util.test.WatchDog.cancel(): canceling Fri Nov 08 06:14:12 UTC 2019
------------------ testing $PTII/ptolemy/domains/de/test/auto/FSM1.xml
auto.tcl: Setting watchdog for 200 seconds at Fri Nov 08 06:14:12 UTC 2019
33 ms. Memory: 45056K Free: 18919K (42%)
ptolemy.util.test.WatchDog.cancel(): canceling Fri Nov 08 06:14:13 UTC 2019
auto.tcl: Setting watchdog for 200 seconds at Fri Nov 08 06:14:13 UTC 2019
24 ms. Memory: 45056K Free: 15344K (34%)
ptolemy.util.test.WatchDog.cancel(): canceling Fri Nov 08 06:14:13 UTC 2019
------------------ testing $PTII/ptolemy/domains/de/test/auto/FSM7.xml
auto.tcl: Setting watchdog for 200 seconds at Fri Nov 08 06:14:13 UTC 2019
24 ms. Memory: 45056K Free: 18866K (42%)
ptolemy.util.test.WatchDog.cancel(): canceling Fri Nov 08 06:14:13 UTC 2019
auto.tcl: Setting watchdog for 200 seconds at Fri Nov 08 06:14:13 UTC 2019
23 ms. Memory: 45056K Free: 15558K (35%)
ptolemy.util.test.WatchDog.cancel(): canceling Fri Nov 08 06:14:13 UTC 2019
------------------ testing $PTII/ptolemy/domains/de/test/auto/Inspection.xml
auto.tcl: Setting watchdog for 200 seconds at Fri Nov 08 06:14:13 UTC 2019
24 ms. Memory: 45056K Free: 18677K (41%)
ptolemy.util.test.WatchDog.cancel(): canceling Fri Nov 08 06:14:13 UTC 2019
auto.tcl: Setting watchdog for 200 seconds at Fri Nov 08 06:14:13 UTC 2019
28 ms. Memory: 45056K Free: 16940K (38%)
ptolemy.util.test.WatchDog.cancel(): canceling Fri Nov 08 06:14:13 UTC 2019
------------------ testing $PTII/ptolemy/domains/de/test/auto/Iteration.xml
auto.tcl: Setting watchdog for 200 seconds at Fri Nov 08 06:14:13 UTC 2019
9 ms. Memory: 45056K Free: 24417K (54%)
ptolemy.util.test.WatchDog.cancel(): canceling Fri Nov 08 06:14:13 UTC 2019
auto.tcl: Setting watchdog for 200 seconds at Fri Nov 08 06:14:13 UTC 2019
7 ms. Memory: 45056K Free: 23365K (52%)
ptolemy.util.test.WatchDog.cancel(): canceling Fri Nov 08 06:14:13 UTC 2019
------------------ testing $PTII/ptolemy/domains/de/test/auto/LineFault.xml
auto.tcl: Setting watchdog for 200 seconds at Fri Nov 08 06:14:13 UTC 2019
656 ms. Memory: 45056K Free: 13428K (30%)
ptolemy.util.test.WatchDog.cancel(): canceling Fri Nov 08 06:14:14 UTC 2019
auto.tcl: Setting watchdog for 200 seconds at Fri Nov 08 06:14:14 UTC 2019
631 ms. Memory: 54272K Free: 28369K (52%)
ptolemy.util.test.WatchDog.cancel(): canceling Fri Nov 08 06:14:14 UTC 2019
------------------ testing $PTII/ptolemy/domains/de/test/auto/MergeModel1Add.xml
auto.tcl: Setting watchdog for 200 seconds at Fri Nov 08 06:14:15 UTC 2019
39 ms. Memory: 54272K Free: 19109K (35%)
ptolemy.util.test.WatchDog.cancel(): canceling Fri Nov 08 06:14:15 UTC 2019
auto.tcl: Setting watchdog for 200 seconds at Fri Nov 08 06:14:15 UTC 2019
9 ms. Memory: 54272K Free: 17370K (32%)
ptolemy.util.test.WatchDog.cancel(): canceling Fri Nov 08 06:14:15 UTC 2019
------------------ testing $PTII/ptolemy/domains/de/test/auto/MergeModel2Add.xml
auto.tcl: Setting watchdog for 200 seconds at Fri Nov 08 06:14:15 UTC 2019
9 ms. Memory: 51200K Free: 19095K (37%)
ptolemy.util.test.WatchDog.cancel(): canceling Fri Nov 08 06:14:15 UTC 2019
auto.tcl: Setting watchdog for 200 seconds at Fri Nov 08 06:14:15 UTC 2019
8 ms. Memory: 51200K Free: 17234K (34%)
ptolemy.util.test.WatchDog.cancel(): canceling Fri Nov 08 06:14:15 UTC 2019
------------------ testing $PTII/ptolemy/domains/de/test/auto/MergeModel3Add.xml
auto.tcl: Setting watchdog for 200 seconds at Fri Nov 08 06:14:15 UTC 2019
9 ms. Memory: 51200K Free: 19104K (37%)
ptolemy.util.test.WatchDog.cancel(): canceling Fri Nov 08 06:14:15 UTC 2019
auto.tcl: Setting watchdog for 200 seconds at Fri Nov 08 06:14:15 UTC 2019
8 ms. Memory: 51200K Free: 17662K (34%)
ptolemy.util.test.WatchDog.cancel(): canceling Fri Nov 08 06:14:15 UTC 2019
------------------ testing $PTII/ptolemy/domains/de/test/auto/MergeWithoutDiscard.xml
auto.tcl: Setting watchdog for 200 seconds at Fri Nov 08 06:14:15 UTC 2019
3 ms. Memory: 51200K Free: 32965K (64%)
ptolemy.util.test.WatchDog.cancel(): canceling Fri Nov 08 06:14:15 UTC 2019
auto.tcl: Setting watchdog for 200 seconds at Fri Nov 08 06:14:15 UTC 2019
2 ms. Memory: 51200K Free: 32533K (64%)
ptolemy.util.test.WatchDog.cancel(): canceling Fri Nov 08 06:14:15 UTC 2019
------------------ testing $PTII/ptolemy/domains/de/test/auto/Modal1.xml
auto.tcl: Setting watchdog for 200 seconds at Fri Nov 08 06:14:15 UTC 2019
12 ms. Memory: 48128K Free: 22032K (46%)
ptolemy.util.test.WatchDog.cancel(): canceling Fri Nov 08 06:14:15 UTC 2019
auto.tcl: Setting watchdog for 200 seconds at Fri Nov 08 06:14:15 UTC 2019
13 ms. Memory: 48128K Free: 18615K (39%)
ptolemy.util.test.WatchDog.cancel(): canceling Fri Nov 08 06:14:15 UTC 2019
------------------ testing $PTII/ptolemy/domains/de/test/auto/Modal2.xml
auto.tcl: Setting watchdog for 200 seconds at Fri Nov 08 06:14:15 UTC 2019
11 ms. Memory: 48128K Free: 22134K (46%)
ptolemy.util.test.WatchDog.cancel(): canceling Fri Nov 08 06:14:15 UTC 2019
auto.tcl: Setting watchdog for 200 seconds at Fri Nov 08 06:14:15 UTC 2019
12 ms. Memory: 48128K Free: 18910K (39%)
ptolemy.util.test.WatchDog.cancel(): canceling Fri Nov 08 06:14:15 UTC 2019
------------------ testing $PTII/ptolemy/domains/de/test/auto/Modal3.xml
auto.tcl: Setting watchdog for 200 seconds at Fri Nov 08 06:14:15 UTC 2019
11 ms. Memory: 48128K Free: 21854K (45%)
ptolemy.util.test.WatchDog.cancel(): canceling Fri Nov 08 06:14:15 UTC 2019
auto.tcl: Setting watchdog for 200 seconds at Fri Nov 08 06:14:15 UTC 2019
11 ms. Memory: 48128K Free: 18535K (39%)
ptolemy.util.test.WatchDog.cancel(): canceling Fri Nov 08 06:14:15 UTC 2019
------------------ testing $PTII/ptolemy/domains/de/test/auto/Modal4.xml
auto.tcl: Setting watchdog for 200 seconds at Fri Nov 08 06:14:15 UTC 2019
13 ms. Memory: 48128K Free: 21068K (44%)
ptolemy.util.test.WatchDog.cancel(): canceling Fri Nov 08 06:14:15 UTC 2019
auto.tcl: Setting watchdog for 200 seconds at Fri Nov 08 06:14:15 UTC 2019
14 ms. Memory: 48128K Free: 17237K (36%)
ptolemy.util.test.WatchDog.cancel(): canceling Fri Nov 08 06:14:15 UTC 2019
------------------ testing $PTII/ptolemy/domains/de/test/auto/Modal5.xml
auto.tcl: Setting watchdog for 200 seconds at Fri Nov 08 06:14:15 UTC 2019
13 ms. Memory: 48128K Free: 21055K (44%)
ptolemy.util.test.WatchDog.cancel(): canceling Fri Nov 08 06:14:15 UTC 2019
auto.tcl: Setting watchdog for 200 seconds at Fri Nov 08 06:14:15 UTC 2019
13 ms. Memory: 48128K Free: 17224K (36%)
ptolemy.util.test.WatchDog.cancel(): canceling Fri Nov 08 06:14:15 UTC 2019
------------------ testing $PTII/ptolemy/domains/de/test/auto/Modal6.xml
auto.tcl: Setting watchdog for 200 seconds at Fri Nov 08 06:14:15 UTC 2019
11 ms. Memory: 48128K Free: 21873K (45%)
ptolemy.util.test.WatchDog.cancel(): canceling Fri Nov 08 06:14:16 UTC 2019
auto.tcl: Setting watchdog for 200 seconds at Fri Nov 08 06:14:16 UTC 2019
13 ms. Memory: 48128K Free: 17888K (37%)
ptolemy.util.test.WatchDog.cancel(): canceling Fri Nov 08 06:14:16 UTC 2019
------------------ testing $PTII/ptolemy/domains/de/test/auto/Modal7.xml
auto.tcl: Setting watchdog for 200 seconds at Fri Nov 08 06:14:16 UTC 2019
14 ms. Memory: 48128K Free: 20820K (43%)
ptolemy.util.test.WatchDog.cancel(): canceling Fri Nov 08 06:14:16 UTC 2019
auto.tcl: Setting watchdog for 200 seconds at Fri Nov 08 06:14:16 UTC 2019
9 ms. Memory: 48128K Free: 17224K (36%)
ptolemy.util.test.WatchDog.cancel(): canceling Fri Nov 08 06:14:16 UTC 2019
------------------ testing $PTII/ptolemy/domains/de/test/auto/ModalModel.xml
auto.tcl: Setting watchdog for 200 seconds at Fri Nov 08 06:14:16 UTC 2019
220 ms. Memory: 62464K Free: 45604K (73%)
ptolemy.util.test.WatchDog.cancel(): canceling Fri Nov 08 06:14:16 UTC 2019
auto.tcl: Setting watchdog for 200 seconds at Fri Nov 08 06:14:16 UTC 2019
226 ms. Memory: 62464K Free: 43484K (70%)
ptolemy.util.test.WatchDog.cancel(): canceling Fri Nov 08 06:14:16 UTC 2019
------------------ testing $PTII/ptolemy/domains/de/test/auto/ModalSource.xml
auto.tcl: Setting watchdog for 200 seconds at Fri Nov 08 06:14:16 UTC 2019
6 ms. Memory: 48128K Free: 25896K (54%)
ptolemy.util.test.WatchDog.cancel(): canceling Fri Nov 08 06:14:16 UTC 2019
auto.tcl: Setting watchdog for 200 seconds at Fri Nov 08 06:14:16 UTC 2019
5 ms. Memory: 48128K Free: 23995K (50%)
ptolemy.util.test.WatchDog.cancel(): canceling Fri Nov 08 06:14:16 UTC 2019
------------------ testing $PTII/ptolemy/domains/de/test/auto/NonInterruptibleTimerZeroDelay.xml
auto.tcl: Setting watchdog for 200 seconds at Fri Nov 08 06:14:16 UTC 2019
3 ms. Memory: 48128K Free: 30824K (64%)
ptolemy.util.test.WatchDog.cancel(): canceling Fri Nov 08 06:14:16 UTC 2019
auto.tcl: Setting watchdog for 200 seconds at Fri Nov 08 06:14:16 UTC 2019
2 ms. Memory: 48128K Free: 30154K (63%)
ptolemy.util.test.WatchDog.cancel(): canceling Fri Nov 08 06:14:16 UTC 2019
------------------ testing $PTII/ptolemy/domains/de/test/auto/OpenQueueingNetwork.xml
auto.tcl: Setting watchdog for 200 seconds at Fri Nov 08 06:14:16 UTC 2019
3092 ms. Memory: 140288K Free: 57150K (41%)
ptolemy.util.test.WatchDog.cancel(): canceling Fri Nov 08 06:14:20 UTC 2019
auto.tcl: Setting watchdog for 200 seconds at Fri Nov 08 06:14:20 UTC 2019
2587 ms. Memory: 168960K Free: 86261K (51%)
ptolemy.util.test.WatchDog.cancel(): canceling Fri Nov 08 06:14:22 UTC 2019
------------------ testing $PTII/ptolemy/domains/de/test/auto/OpenQueuingNetwork.xml
auto.tcl: Setting watchdog for 200 seconds at Fri Nov 08 06:14:22 UTC 2019
257 ms. Memory: 55296K Free: 23901K (43%)
ptolemy.util.test.WatchDog.cancel(): canceling Fri Nov 08 06:14:23 UTC 2019
auto.tcl: Setting watchdog for 200 seconds at Fri Nov 08 06:14:23 UTC 2019
240 ms. Memory: 55296K Free: 32503K (59%)
ptolemy.util.test.WatchDog.cancel(): canceling Fri Nov 08 06:14:23 UTC 2019
------------------ testing $PTII/ptolemy/domains/de/test/auto/PeriodicSampler.xml
auto.tcl: Setting watchdog for 200 seconds at Fri Nov 08 06:14:23 UTC 2019
3 ms. Memory: 48128K Free: 30029K (62%)
ptolemy.util.test.WatchDog.cancel(): canceling Fri Nov 08 06:14:23 UTC 2019
auto.tcl: Setting watchdog for 200 seconds at Fri Nov 08 06:14:23 UTC 2019
2 ms. Memory: 48128K Free: 29054K (60%)
ptolemy.util.test.WatchDog.cancel(): canceling Fri Nov 08 06:14:23 UTC 2019
------------------ testing $PTII/ptolemy/domains/de/test/auto/PersistentIO.xml
auto.tcl: Setting watchdog for 200 seconds at Fri Nov 08 06:14:23 UTC 2019
11 ms. Memory: 48128K Free: 24954K (52%)
ptolemy.util.test.WatchDog.cancel(): canceling Fri Nov 08 06:14:23 UTC 2019
auto.tcl: Setting watchdog for 200 seconds at Fri Nov 08 06:14:23 UTC 2019
3 ms. Memory: 48128K Free: 23483K (49%)
ptolemy.util.test.WatchDog.cancel(): canceling Fri Nov 08 06:14:23 UTC 2019
------------------ testing $PTII/ptolemy/domains/de/test/auto/PortParameterResetOnInitialize.xml
auto.tcl: Setting watchdog for 200 seconds at Fri Nov 08 06:14:23 UTC 2019
8 ms. Memory: 48128K Free: 30158K (63%)
ptolemy.util.test.WatchDog.cancel(): canceling Fri Nov 08 06:14:23 UTC 2019
auto.tcl: Setting watchdog for 200 seconds at Fri Nov 08 06:14:23 UTC 2019
2 ms. Memory: 48128K Free: 29700K (62%)
ptolemy.util.test.WatchDog.cancel(): canceling Fri Nov 08 06:14:23 UTC 2019
------------------ testing $PTII/ptolemy/domains/de/test/auto/PortParameterUpdates.xml
auto.tcl: Setting watchdog for 200 seconds at Fri Nov 08 06:14:23 UTC 2019
3 ms. Memory: 48128K Free: 28256K (59%)
ptolemy.util.test.WatchDog.cancel(): canceling Fri Nov 08 06:14:23 UTC 2019
auto.tcl: Setting watchdog for 200 seconds at Fri Nov 08 06:14:23 UTC 2019
4 ms. Memory: 48128K Free: 27055K (56%)
ptolemy.util.test.WatchDog.cancel(): canceling Fri Nov 08 06:14:23 UTC 2019
------------------ testing $PTII/ptolemy/domains/de/test/auto/QueueAndServer.xml
auto.tcl: Setting watchdog for 200 seconds at Fri Nov 08 06:14:23 UTC 2019
15 ms. Memory: 48128K Free: 27211K (57%)
ptolemy.util.test.WatchDog.cancel(): canceling Fri Nov 08 06:14:23 UTC 2019
auto.tcl: Setting watchdog for 200 seconds at Fri Nov 08 06:14:23 UTC 2019
6 ms. Memory: 48128K Free: 25974K (54%)
ptolemy.util.test.WatchDog.cancel(): canceling Fri Nov 08 06:14:23 UTC 2019
------------------ testing $PTII/ptolemy/domains/de/test/auto/Records.xml
auto.tcl: Setting watchdog for 200 seconds at Fri Nov 08 06:14:23 UTC 2019
4 ms. Memory: 48128K Free: 29479K (61%)
ptolemy.util.test.WatchDog.cancel(): canceling Fri Nov 08 06:14:23 UTC 2019
auto.tcl: Setting watchdog for 200 seconds at Fri Nov 08 06:14:23 UTC 2019
2 ms. Memory: 48128K Free: 28996K (60%)
ptolemy.util.test.WatchDog.cancel(): canceling Fri Nov 08 06:14:23 UTC 2019
------------------ testing $PTII/ptolemy/domains/de/test/auto/ResetTransitionWithStartTime1.xml
auto.tcl: Setting watchdog for 200 seconds at Fri Nov 08 06:14:23 UTC 2019
13 ms. Memory: 48128K Free: 26436K (55%)
ptolemy.util.test.WatchDog.cancel(): canceling Fri Nov 08 06:14:23 UTC 2019
auto.tcl: Setting watchdog for 200 seconds at Fri Nov 08 06:14:23 UTC 2019
5 ms. Memory: 48128K Free: 23936K (50%)
ptolemy.util.test.WatchDog.cancel(): canceling Fri Nov 08 06:14:23 UTC 2019
------------------ testing $PTII/ptolemy/domains/de/test/auto/ResetTransitionWithStartTime2.xml
auto.tcl: Setting watchdog for 200 seconds at Fri Nov 08 06:14:23 UTC 2019
5 ms. Memory: 48128K Free: 26392K (55%)
ptolemy.util.test.WatchDog.cancel(): canceling Fri Nov 08 06:14:24 UTC 2019
auto.tcl: Setting watchdog for 200 seconds at Fri Nov 08 06:14:24 UTC 2019
6 ms. Memory: 48128K Free: 23874K (50%)
ptolemy.util.test.WatchDog.cancel(): canceling Fri Nov 08 06:14:24 UTC 2019
------------------ testing $PTII/ptolemy/domains/de/test/auto/ResetTransitionWithStartTime3.xml
auto.tcl: Setting watchdog for 200 seconds at Fri Nov 08 06:14:24 UTC 2019
9 ms. Memory: 48128K Free: 26520K (55%)
ptolemy.util.test.WatchDog.cancel(): canceling Fri Nov 08 06:14:24 UTC 2019
auto.tcl: Setting watchdog for 200 seconds at Fri Nov 08 06:14:24 UTC 2019
5 ms. Memory: 48128K Free: 24343K (51%)
ptolemy.util.test.WatchDog.cancel(): canceling Fri Nov 08 06:14:24 UTC 2019
------------------ testing $PTII/ptolemy/domains/de/test/auto/ResetTransitionWithStartTime4.xml
auto.tcl: Setting watchdog for 200 seconds at Fri Nov 08 06:14:24 UTC 2019
10 ms. Memory: 48128K Free: 27131K (56%)
ptolemy.util.test.WatchDog.cancel(): canceling Fri Nov 08 06:14:24 UTC 2019
auto.tcl: Setting watchdog for 200 seconds at Fri Nov 08 06:14:24 UTC 2019
4 ms. Memory: 48128K Free: 25487K (53%)
ptolemy.util.test.WatchDog.cancel(): canceling Fri Nov 08 06:14:24 UTC 2019
------------------ testing $PTII/ptolemy/domains/de/test/auto/ResettableTimer1.xml
auto.tcl: Setting watchdog for 200 seconds at Fri Nov 08 06:14:24 UTC 2019
3 ms. Memory: 48128K Free: 30879K (64%)
ptolemy.util.test.WatchDog.cancel(): canceling Fri Nov 08 06:14:24 UTC 2019
auto.tcl: Setting watchdog for 200 seconds at Fri Nov 08 06:14:24 UTC 2019
2 ms. Memory: 48128K Free: 30016K (62%)
ptolemy.util.test.WatchDog.cancel(): canceling Fri Nov 08 06:14:24 UTC 2019
------------------ testing $PTII/ptolemy/domains/de/test/auto/ResettableTimer2.xml
auto.tcl: Setting watchdog for 200 seconds at Fri Nov 08 06:14:24 UTC 2019
4 ms. Memory: 48128K Free: 30524K (63%)
ptolemy.util.test.WatchDog.cancel(): canceling Fri Nov 08 06:14:24 UTC 2019
auto.tcl: Setting watchdog for 200 seconds at Fri Nov 08 06:14:24 UTC 2019
3 ms. Memory: 48128K Free: 29622K (62%)
ptolemy.util.test.WatchDog.cancel(): canceling Fri Nov 08 06:14:24 UTC 2019
------------------ testing $PTII/ptolemy/domains/de/test/auto/ResettableTimer3.xml
auto.tcl: Setting watchdog for 200 seconds at Fri Nov 08 06:14:24 UTC 2019
1 ms. Memory: 48128K Free: 30569K (64%)
ptolemy.util.test.WatchDog.cancel(): canceling Fri Nov 08 06:14:24 UTC 2019
auto.tcl: Setting watchdog for 200 seconds at Fri Nov 08 06:14:24 UTC 2019
1 ms. Memory: 48128K Free: 30523K (63%)
ptolemy.util.test.WatchDog.cancel(): canceling Fri Nov 08 06:14:24 UTC 2019
------------------ testing $PTII/ptolemy/domains/de/test/auto/ResettableTimer4.xml
auto.tcl: Setting watchdog for 200 seconds at Fri Nov 08 06:14:24 UTC 2019
1 ms. Memory: 48128K Free: 30583K (64%)
ptolemy.util.test.WatchDog.cancel(): canceling Fri Nov 08 06:14:24 UTC 2019
auto.tcl: Setting watchdog for 200 seconds at Fri Nov 08 06:14:24 UTC 2019
1 ms. Memory: 48128K Free: 30085K (63%)
ptolemy.util.test.WatchDog.cancel(): canceling Fri Nov 08 06:14:24 UTC 2019
------------------ testing $PTII/ptolemy/domains/de/test/auto/ResettableTimer5.xml
auto.tcl: Setting watchdog for 200 seconds at Fri Nov 08 06:14:24 UTC 2019
5 ms. Memory: 48128K Free: 30007K (62%)
ptolemy.util.test.WatchDog.cancel(): canceling Fri Nov 08 06:14:24 UTC 2019
auto.tcl: Setting watchdog for 200 seconds at Fri Nov 08 06:14:24 UTC 2019
1 ms. Memory: 48128K Free: 29541K (61%)
ptolemy.util.test.WatchDog.cancel(): canceling Fri Nov 08 06:14:24 UTC 2019
------------------ testing $PTII/ptolemy/domains/de/test/auto/ResettableTimer6.xml
auto.tcl: Setting watchdog for 200 seconds at Fri Nov 08 06:14:24 UTC 2019
1 ms. Memory: 48128K Free: 29998K (62%)
ptolemy.util.test.WatchDog.cancel(): canceling Fri Nov 08 06:14:24 UTC 2019
auto.tcl: Setting watchdog for 200 seconds at Fri Nov 08 06:14:24 UTC 2019
2 ms. Memory: 48128K Free: 29532K (61%)
ptolemy.util.test.WatchDog.cancel(): canceling Fri Nov 08 06:14:24 UTC 2019
------------------ testing $PTII/ptolemy/domains/de/test/auto/ServerZeroDelay.xml
auto.tcl: Setting watchdog for 200 seconds at Fri Nov 08 06:14:24 UTC 2019
4 ms. Memory: 48128K Free: 30517K (63%)
ptolemy.util.test.WatchDog.cancel(): canceling Fri Nov 08 06:14:24 UTC 2019
auto.tcl: Setting watchdog for 200 seconds at Fri Nov 08 06:14:24 UTC 2019
3 ms. Memory: 48128K Free: 29601K (62%)
ptolemy.util.test.WatchDog.cancel(): canceling Fri Nov 08 06:14:24 UTC 2019
------------------ testing $PTII/ptolemy/domains/de/test/auto/SmartSender.xml
auto.tcl: Setting watchdog for 200 seconds at Fri Nov 08 06:14:24 UTC 2019
3002 ms. Memory: 48128K Free: 30533K (63%)
ptolemy.util.test.WatchDog.cancel(): canceling Fri Nov 08 06:14:27 UTC 2019
auto.tcl: Setting watchdog for 200 seconds at Fri Nov 08 06:14:27 UTC 2019
3001 ms. Memory: 48128K Free: 30059K (62%)
ptolemy.util.test.WatchDog.cancel(): canceling Fri Nov 08 06:14:30 UTC 2019
------------------ testing $PTII/ptolemy/domains/de/test/auto/ThreadedComposite.xml
auto.tcl: Setting watchdog for 200 seconds at Fri Nov 08 06:14:30 UTC 2019
165 ms. Memory: 48128K Free: 11580K (24%)
ptolemy.util.test.WatchDog.cancel(): canceling Fri Nov 08 06:14:30 UTC 2019
auto.tcl: Setting watchdog for 200 seconds at Fri Nov 08 06:14:30 UTC 2019
123 ms. Memory: 48128K Free: 25068K (52%)
ptolemy.util.test.WatchDog.cancel(): canceling Fri Nov 08 06:14:31 UTC 2019
------------------ testing $PTII/ptolemy/domains/de/test/auto/Time.xml
auto.tcl: Setting watchdog for 200 seconds at Fri Nov 08 06:14:31 UTC 2019
589 ms. Memory: 48128K Free: 31281K (65%)
ptolemy.util.test.WatchDog.cancel(): canceling Fri Nov 08 06:14:31 UTC 2019
auto.tcl: Setting watchdog for 200 seconds at Fri Nov 08 06:14:31 UTC 2019
529 ms. Memory: 48128K Free: 32759K (68%)
ptolemy.util.test.WatchDog.cancel(): canceling Fri Nov 08 06:14:32 UTC 2019
------------------ testing $PTII/ptolemy/domains/de/test/auto/TimeDelayZeroDelay.xml
auto.tcl: Setting watchdog for 200 seconds at Fri Nov 08 06:14:32 UTC 2019
3 ms. Memory: 48128K Free: 30440K (63%)
ptolemy.util.test.WatchDog.cancel(): canceling Fri Nov 08 06:14:32 UTC 2019
auto.tcl: Setting watchdog for 200 seconds at Fri Nov 08 06:14:32 UTC 2019
2 ms. Memory: 48128K Free: 29604K (62%)
ptolemy.util.test.WatchDog.cancel(): canceling Fri Nov 08 06:14:32 UTC 2019
------------------ testing $PTII/ptolemy/domains/de/test/auto/TimerZeroDelay.xml
auto.tcl: Setting watchdog for 200 seconds at Fri Nov 08 06:14:32 UTC 2019
4 ms. Memory: 48128K Free: 30483K (63%)
ptolemy.util.test.WatchDog.cancel(): canceling Fri Nov 08 06:14:32 UTC 2019
auto.tcl: Setting watchdog for 200 seconds at Fri Nov 08 06:14:32 UTC 2019
2 ms. Memory: 48128K Free: 30041K (62%)
ptolemy.util.test.WatchDog.cancel(): canceling Fri Nov 08 06:14:32 UTC 2019
------------------ testing $PTII/ptolemy/domains/de/test/auto/TimingParadox.xml
auto.tcl: Setting watchdog for 200 seconds at Fri Nov 08 06:14:32 UTC 2019
362 ms. Memory: 48128K Free: 14611K (30%)
ptolemy.util.test.WatchDog.cancel(): canceling Fri Nov 08 06:14:32 UTC 2019
auto.tcl: Setting watchdog for 200 seconds at Fri Nov 08 06:14:32 UTC 2019
364 ms. Memory: 96256K Free: 51792K (54%)
ptolemy.util.test.WatchDog.cancel(): canceling Fri Nov 08 06:14:33 UTC 2019
------------------ testing $PTII/ptolemy/domains/de/test/auto/TransferInputs.xml
auto.tcl: Setting watchdog for 200 seconds at Fri Nov 08 06:14:33 UTC 2019
1 ms. Memory: 51200K Free: 32023K (63%)
ptolemy.util.test.WatchDog.cancel(): canceling Fri Nov 08 06:14:33 UTC 2019
auto.tcl: Setting watchdog for 200 seconds at Fri Nov 08 06:14:33 UTC 2019
1 ms. Memory: 51200K Free: 31156K (61%)
ptolemy.util.test.WatchDog.cancel(): canceling Fri Nov 08 06:14:33 UTC 2019
------------------ testing $PTII/ptolemy/domains/de/test/auto/TransferOutputs2.xml
auto.tcl: Setting watchdog for 200 seconds at Fri Nov 08 06:14:33 UTC 2019
3 ms. Memory: 48128K Free: 26393K (55%)
ptolemy.util.test.WatchDog.cancel(): canceling Fri Nov 08 06:14:33 UTC 2019
auto.tcl: Setting watchdog for 200 seconds at Fri Nov 08 06:14:33 UTC 2019
3 ms. Memory: 48128K Free: 25004K (52%)
ptolemy.util.test.WatchDog.cancel(): canceling Fri Nov 08 06:14:33 UTC 2019
------------------ testing $PTII/ptolemy/domains/de/test/auto/Trilateration.xml
auto.tcl: Setting watchdog for 200 seconds at Fri Nov 08 06:14:33 UTC 2019
14508 ms. Memory: 436224K Free: 286933K (66%)
ptolemy.util.test.WatchDog.cancel(): canceling Fri Nov 08 06:14:49 UTC 2019
auto.tcl: Setting watchdog for 200 seconds at Fri Nov 08 06:14:49 UTC 2019
10953 ms. Memory: 436224K Free: 245953K (56%)
ptolemy.util.test.WatchDog.cancel(): canceling Fri Nov 08 06:15:00 UTC 2019
------------------ testing $PTII/ptolemy/domains/de/test/auto/TwoSigmaDelta.xml
auto.tcl: Setting watchdog for 200 seconds at Fri Nov 08 06:15:00 UTC 2019
2796 ms. Memory: 86016K Free: 18928K (22%)
ptolemy.util.test.WatchDog.cancel(): canceling Fri Nov 08 06:15:03 UTC 2019
auto.tcl: Setting watchdog for 200 seconds at Fri Nov 08 06:15:03 UTC 2019
2327 ms. Memory: 86016K Free: 49625K (58%)
ptolemy.util.test.WatchDog.cancel(): canceling Fri Nov 08 06:15:05 UTC 2019
------------------ testing $PTII/ptolemy/domains/de/test/auto/VariableDelay.xml
auto.tcl: Setting watchdog for 200 seconds at Fri Nov 08 06:15:05 UTC 2019
3 ms. Memory: 51200K Free: 32499K (63%)
ptolemy.util.test.WatchDog.cancel(): canceling Fri Nov 08 06:15:05 UTC 2019
auto.tcl: Setting watchdog for 200 seconds at Fri Nov 08 06:15:05 UTC 2019
2 ms. Memory: 51200K Free: 31505K (62%)
ptolemy.util.test.WatchDog.cancel(): canceling Fri Nov 08 06:15:05 UTC 2019
------------------ testing $PTII/ptolemy/domains/de/test/auto/VariableDelay2.xml
auto.tcl: Setting watchdog for 200 seconds at Fri Nov 08 06:15:05 UTC 2019
3 ms. Memory: 48128K Free: 29842K (62%)
ptolemy.util.test.WatchDog.cancel(): canceling Fri Nov 08 06:15:05 UTC 2019
auto.tcl: Setting watchdog for 200 seconds at Fri Nov 08 06:15:05 UTC 2019
2 ms. Memory: 48128K Free: 28829K (60%)
ptolemy.util.test.WatchDog.cancel(): canceling Fri Nov 08 06:15:05 UTC 2019
------------------ testing $PTII/ptolemy/domains/de/test/auto/VariableDelayZeroDelay.xml
auto.tcl: Setting watchdog for 200 seconds at Fri Nov 08 06:15:05 UTC 2019
2 ms. Memory: 48128K Free: 30368K (63%)
ptolemy.util.test.WatchDog.cancel(): canceling Fri Nov 08 06:15:05 UTC 2019
auto.tcl: Setting watchdog for 200 seconds at Fri Nov 08 06:15:05 UTC 2019
2 ms. Memory: 48128K Free: 29886K (62%)
ptolemy.util.test.WatchDog.cancel(): canceling Fri Nov 08 06:15:05 UTC 2019
------------------ testing $PTII/ptolemy/domains/de/test/auto/VariableDelayZeroDelay2.xml
auto.tcl: Setting watchdog for 200 seconds at Fri Nov 08 06:15:05 UTC 2019
2 ms. Memory: 48128K Free: 30368K (63%)
ptolemy.util.test.WatchDog.cancel(): canceling Fri Nov 08 06:15:05 UTC 2019
auto.tcl: Setting watchdog for 200 seconds at Fri Nov 08 06:15:05 UTC 2019
1 ms. Memory: 48128K Free: 29432K (61%)
ptolemy.util.test.WatchDog.cancel(): canceling Fri Nov 08 06:15:05 UTC 2019
------------------ testing $PTII/ptolemy/domains/de/test/auto/deInCt.xml
auto.tcl: Setting watchdog for 200 seconds at Fri Nov 08 06:15:05 UTC 2019
0
1
1
1
0
0
0
1
1
1
0
0
0
1
1
1
0
0
1
1
1
0
0
0
1
1
1
1
0
0
0
1
1
1
0
0
0
1
1
1
1
0
0
0
0
0
14 ms. Memory: 48128K Free: 29342K (61%)
ptolemy.util.test.WatchDog.cancel(): canceling Fri Nov 08 06:15:05 UTC 2019
auto.tcl: Setting watchdog for 200 seconds at Fri Nov 08 06:15:05 UTC 2019
0
1
1
1
1
0
0
0
0
1
1
1
1
0
0
0
1
1
1
1
0
0
0
1
1
0
0
0
1
1
1
1
1
6 ms. Memory: 48128K Free: 27827K (58%)
ptolemy.util.test.WatchDog.cancel(): canceling Fri Nov 08 06:15:05 UTC 2019
------------------ testing $PTII/ptolemy/domains/de/test/auto/deInCt2.xml
auto.tcl: Setting watchdog for 200 seconds at Fri Nov 08 06:15:05 UTC 2019
0
1
1
1
0
0
1
1
1
0
0
1
1
1
0
0
1
1
1
0
0
1
1
1
0
0
1
1
1
0
0
1
1
1
0
0
1
1
1
0
0
0
7 ms. Memory: 48128K Free: 29343K (61%)
ptolemy.util.test.WatchDog.cancel(): canceling Fri Nov 08 06:15:05 UTC 2019
auto.tcl: Setting watchdog for 200 seconds at Fri Nov 08 06:15:05 UTC 2019
0
1
1
1
0
0
1
1
1
0
0
1
1
1
0
0
1
1
1
0
0
1
1
1
0
0
1
1
1
0
0
1
1
1
0
0
1
1
1
0
0
0
5 ms. Memory: 48128K Free: 27837K (58%)
ptolemy.util.test.WatchDog.cancel(): canceling Fri Nov 08 06:15:06 UTC 2019
------------------ testing $PTII/ptolemy/domains/de/test/auto/dynamicCausalityInterface1.xml
auto.tcl: Setting watchdog for 200 seconds at Fri Nov 08 06:15:06 UTC 2019
2 ms. Memory: 48128K Free: 24621K (51%)
ptolemy.util.test.WatchDog.cancel(): canceling Fri Nov 08 06:15:06 UTC 2019
auto.tcl: Setting watchdog for 200 seconds at Fri Nov 08 06:15:06 UTC 2019
1 ms. Memory: 48128K Free: 24218K (50%)
ptolemy.util.test.WatchDog.cancel(): canceling Fri Nov 08 06:15:06 UTC 2019
------------------ testing $PTII/ptolemy/domains/de/test/auto/fsm_de_test.xml
auto.tcl: Setting watchdog for 200 seconds at Fri Nov 08 06:15:06 UTC 2019
15 ms. Memory: 48128K Free: 25140K (52%)
ptolemy.util.test.WatchDog.cancel(): canceling Fri Nov 08 06:15:06 UTC 2019
auto.tcl: Setting watchdog for 200 seconds at Fri Nov 08 06:15:06 UTC 2019
11 ms. Memory: 48128K Free: 23092K (48%)
ptolemy.util.test.WatchDog.cancel(): canceling Fri Nov 08 06:15:06 UTC 2019
------------------ testing $PTII/ptolemy/domains/de/test/auto/functionDependencyReconstruction.xml
auto.tcl: Setting watchdog for 200 seconds at Fri Nov 08 06:15:06 UTC 2019
3 ms. Memory: 48128K Free: 18986K (39%)
ptolemy.util.test.WatchDog.cancel(): canceling Fri Nov 08 06:15:06 UTC 2019
auto.tcl: Setting watchdog for 200 seconds at Fri Nov 08 06:15:06 UTC 2019
3 ms. Memory: 48128K Free: 16980K (35%)
ptolemy.util.test.WatchDog.cancel(): canceling Fri Nov 08 06:15:06 UTC 2019
------------------ testing $PTII/ptolemy/domains/de/test/auto/multirate.xml
auto.tcl: Setting watchdog for 200 seconds at Fri Nov 08 06:15:06 UTC 2019
4 ms. Memory: 48128K Free: 27199K (57%)
ptolemy.util.test.WatchDog.cancel(): canceling Fri Nov 08 06:15:06 UTC 2019
auto.tcl: Setting watchdog for 200 seconds at Fri Nov 08 06:15:06 UTC 2019
4 ms. Memory: 48128K Free: 26086K (54%)
ptolemy.util.test.WatchDog.cancel(): canceling Fri Nov 08 06:15:06 UTC 2019
------------------ testing $PTII/ptolemy/domains/de/test/auto/multirate2.xml
auto.tcl: Setting watchdog for 200 seconds at Fri Nov 08 06:15:06 UTC 2019
3 ms. Memory: 48128K Free: 27737K (58%)
ptolemy.util.test.WatchDog.cancel(): canceling Fri Nov 08 06:15:06 UTC 2019
auto.tcl: Setting watchdog for 200 seconds at Fri Nov 08 06:15:06 UTC 2019
3 ms. Memory: 48128K Free: 26266K (55%)
ptolemy.util.test.WatchDog.cancel(): canceling Fri Nov 08 06:15:06 UTC 2019
------------------ testing $PTII/ptolemy/domains/de/test/auto/realtime.xml
auto.tcl: Setting watchdog for 200 seconds at Fri Nov 08 06:15:06 UTC 2019
10001 ms. Memory: 48128K Free: 30030K (62%)
ptolemy.util.test.WatchDog.cancel(): canceling Fri Nov 08 06:15:16 UTC 2019
auto.tcl: Setting watchdog for 200 seconds at Fri Nov 08 06:15:16 UTC 2019
10001 ms. Memory: 48128K Free: 29288K (61%)
ptolemy.util.test.WatchDog.cancel(): canceling Fri Nov 08 06:15:26 UTC 2019
------------------ testing $PTII/ptolemy/domains/de/test/auto/relationGroup.xml
auto.tcl: Setting watchdog for 200 seconds at Fri Nov 08 06:15:26 UTC 2019
2 ms. Memory: 48128K Free: 31114K (65%)
ptolemy.util.test.WatchDog.cancel(): canceling Fri Nov 08 06:15:26 UTC 2019
auto.tcl: Setting watchdog for 200 seconds at Fri Nov 08 06:15:26 UTC 2019
1 ms. Memory: 48128K Free: 30369K (63%)
ptolemy.util.test.WatchDog.cancel(): canceling Fri Nov 08 06:15:26 UTC 2019
------------------ testing $PTII/ptolemy/domains/de/test/auto/relationGroup2.xml
auto.tcl: Setting watchdog for 200 seconds at Fri Nov 08 06:15:26 UTC 2019
2 ms. Memory: 48128K Free: 30904K (64%)
ptolemy.util.test.WatchDog.cancel(): canceling Fri Nov 08 06:15:26 UTC 2019
auto.tcl: Setting watchdog for 200 seconds at Fri Nov 08 06:15:26 UTC 2019
2 ms. Memory: 48128K Free: 29916K (62%)
ptolemy.util.test.WatchDog.cancel(): canceling Fri Nov 08 06:15:26 UTC 2019
------------------ testing $PTII/ptolemy/domains/de/test/auto/sortWithOpaquePorts.xml
auto.tcl: Setting watchdog for 200 seconds at Fri Nov 08 06:15:26 UTC 2019
2 ms. Memory: 48128K Free: 29867K (62%)
ptolemy.util.test.WatchDog.cancel(): canceling Fri Nov 08 06:15:26 UTC 2019
auto.tcl: Setting watchdog for 200 seconds at Fri Nov 08 06:15:26 UTC 2019
2 ms. Memory: 48128K Free: 28868K (60%)
ptolemy.util.test.WatchDog.cancel(): canceling Fri Nov 08 06:15:26 UTC 2019
------------------ testing $PTII/ptolemy/domains/de/test/auto/transferInputsandOutputs.xml
auto.tcl: Setting watchdog for 200 seconds at Fri Nov 08 06:15:26 UTC 2019
2 ms. Memory: 48128K Free: 27665K (57%)
ptolemy.util.test.WatchDog.cancel(): canceling Fri Nov 08 06:15:26 UTC 2019
auto.tcl: Setting watchdog for 200 seconds at Fri Nov 08 06:15:26 UTC 2019
3 ms. Memory: 48128K Free: 26384K (55%)
ptolemy.util.test.WatchDog.cancel(): canceling Fri Nov 08 06:15:26 UTC 2019
------------------ testing $PTII/ptolemy/domains/de/test/auto/triggerType.xml
auto.tcl: Setting watchdog for 200 seconds at Fri Nov 08 06:15:26 UTC 2019
2 ms. Memory: 48128K Free: 30335K (63%)
ptolemy.util.test.WatchDog.cancel(): canceling Fri Nov 08 06:15:26 UTC 2019
auto.tcl: Setting watchdog for 200 seconds at Fri Nov 08 06:15:26 UTC 2019
2 ms. Memory: 48128K Free: 29363K (61%)
ptolemy.util.test.WatchDog.cancel(): canceling Fri Nov 08 06:15:26 UTC 2019
11/08/19 06:15:26
Failed: 0  Total Tests: 192  ((Passed: 187, Newly Passed: 1)  Known Failed: 5) /home/travis/build/icyphy/ptII/ptolemy/domains/de/test
11/08/19 06:15:26
Failed: 0  Total Tests: 192  ((Passed: 187, Newly Passed: 1)  Known Failed: 5) /home/travis/build/icyphy/ptII/ptolemy/domains/de/test
----------------- testing (KnownFailure) /home/travis/build/icyphy/ptII/ptolemy/domains/de/test/auto/knownFailedTests/DESDFClockTest.xml
2012 ms. Memory: 48128K Free: 23219K (48%)
Known Failure: java.lang.reflect.InvocationTargetException
----------------- testing (KnownFailure) /home/travis/build/icyphy/ptII/ptolemy/domains/de/test/auto/knownFailedTests/DirectFeedback.xml
2 ms. Memory: 48128K Free: 19123K (40%)
Known Failure: java.lang.reflect.InvocationTargetException
----------------- testing (KnownFailure) /home/travis/build/icyphy/ptII/ptolemy/domains/de/test/auto/knownFailedTests/FSMSource.xml
7 ms. Memory: 48128K Free: 11955K (25%)
----------------- testing (KnownFailure) /home/travis/build/icyphy/ptII/ptolemy/domains/de/test/auto/knownFailedTests/HierarchicalModel.xml
2 ms. Memory: 48128K Free: 21987K (46%)
Known Failure: java.lang.reflect.InvocationTargetException
----------------- testing (KnownFailure) /home/travis/build/icyphy/ptII/ptolemy/domains/de/test/auto/knownFailedTests/dependencyLoop.xml
9 ms. Memory: 48128K Free: 32540K (68%)
Known Failure: java.lang.reflect.InvocationTargetException
----------------- testing (KnownFailure) /home/travis/build/icyphy/ptII/ptolemy/domains/de/test/auto/knownFailedTests/dependencyLoop2.xml
2 ms. Memory: 48128K Free: 17133K (36%)
Known Failure: java.lang.reflect.InvocationTargetException
No auto/linux-amd64/*.xml tests in /home/travis/build/icyphy/ptII/ptolemy/domains/de/test
AutoTests.java: About to close Vertx.
AutoTests.java: Vertx closed.

===========================================================================================
----------------- testing Fri Nov 08 06:15:29 UTC 2019 /home/travis/build/icyphy/ptII/ptolemy/domains/de/test/auto/ActorDepthCalculation_actorWithoutPorts.xml
----------------- Instantiating /home/travis/build/icyphy/ptII/ptolemy/domains/de/test/auto/ActorDepthCalculation_actorWithoutPorts.xml
2 ms. Memory: 48128K Free: 10605K (22%)
----------------- Invoking toplevel() on ptolemy.moml.MoMLSimpleApplication@4b0b572c
----------------- Done invoking toplevel() on ptolemy.moml.MoMLSimpleApplication@4b0b572c
reloadAllAccessors: .ActorDepthCalculation_actorWithoutPorts

===========================================================================================
----------------- testing Fri Nov 08 06:15:29 UTC 2019 /home/travis/build/icyphy/ptII/ptolemy/domains/de/test/auto/AssemblyLine.xml
----------------- Instantiating /home/travis/build/icyphy/ptII/ptolemy/domains/de/test/auto/AssemblyLine.xml
2 ms. Memory: 48128K Free: 28988K (60%)
----------------- Invoking toplevel() on ptolemy.moml.MoMLSimpleApplication@147517d2
----------------- Done invoking toplevel() on ptolemy.moml.MoMLSimpleApplication@147517d2
reloadAllAccessors: .AssemblyLine

===========================================================================================
----------------- testing Fri Nov 08 06:15:29 UTC 2019 /home/travis/build/icyphy/ptII/ptolemy/domains/de/test/auto/CQBug1.xml
----------------- Instantiating /home/travis/build/icyphy/ptII/ptolemy/domains/de/test/auto/CQBug1.xml
1 ms. Memory: 48128K Free: 26086K (54%)
----------------- Invoking toplevel() on ptolemy.moml.MoMLSimpleApplication@2e760fbf
----------------- Done invoking toplevel() on ptolemy.moml.MoMLSimpleApplication@2e760fbf
reloadAllAccessors: .CQBug1

===========================================================================================
----------------- testing Fri Nov 08 06:15:29 UTC 2019 /home/travis/build/icyphy/ptII/ptolemy/domains/de/test/auto/CancelFireAt.xml
----------------- Instantiating /home/travis/build/icyphy/ptII/ptolemy/domains/de/test/auto/CancelFireAt.xml
1 ms. Memory: 48128K Free: 23316K (48%)
----------------- Invoking toplevel() on ptolemy.moml.MoMLSimpleApplication@7a5c0c3
----------------- Done invoking toplevel() on ptolemy.moml.MoMLSimpleApplication@7a5c0c3
reloadAllAccessors: .CancelFireAt

===========================================================================================
----------------- testing Fri Nov 08 06:15:29 UTC 2019 /home/travis/build/icyphy/ptII/ptolemy/domains/de/test/auto/CausalityAndComposabilityAnalysis.xml
----------------- Instantiating /home/travis/build/icyphy/ptII/ptolemy/domains/de/test/auto/CausalityAndComposabilityAnalysis.xml
2 ms. Memory: 48128K Free: 19212K (40%)
----------------- Invoking toplevel() on ptolemy.moml.MoMLSimpleApplication@fe2a384
----------------- Done invoking toplevel() on ptolemy.moml.MoMLSimpleApplication@fe2a384
reloadAllAccessors: .CausalityAndComposabilityAnalysis

===========================================================================================
----------------- testing Fri Nov 08 06:15:29 UTC 2019 /home/travis/build/icyphy/ptII/ptolemy/domains/de/test/auto/CausalityInterface1.xml
----------------- Instantiating /home/travis/build/icyphy/ptII/ptolemy/domains/de/test/auto/CausalityInterface1.xml
4 ms. Memory: 48128K Free: 14132K (29%)
----------------- Invoking toplevel() on ptolemy.moml.MoMLSimpleApplication@45c88a7b
----------------- Done invoking toplevel() on ptolemy.moml.MoMLSimpleApplication@45c88a7b
reloadAllAccessors: .CausalityInterface1

===========================================================================================
----------------- testing Fri Nov 08 06:15:29 UTC 2019 /home/travis/build/icyphy/ptII/ptolemy/domains/de/test/auto/CausalityInterface15.xml
----------------- Instantiating /home/travis/build/icyphy/ptII/ptolemy/domains/de/test/auto/CausalityInterface15.xml
2 ms. Memory: 48128K Free: 8662K (18%)
----------------- Invoking toplevel() on ptolemy.moml.MoMLSimpleApplication@76fe61d1
----------------- Done invoking toplevel() on ptolemy.moml.MoMLSimpleApplication@76fe61d1
reloadAllAccessors: .CausalityInterface15

===========================================================================================
----------------- testing Fri Nov 08 06:15:29 UTC 2019 /home/travis/build/icyphy/ptII/ptolemy/domains/de/test/auto/CausalityInterface2.xml
----------------- Instantiating /home/travis/build/icyphy/ptII/ptolemy/domains/de/test/auto/CausalityInterface2.xml
2 ms. Memory: 48128K Free: 29852K (62%)
[...]
	at ptolemy.actor.Manager.run(Manager.java:1263)
	at ptolemy.actor.Manager$PtolemyRunThread.run(Manager.java:1933)
java.lang.RuntimeException: Execution failed
	at ptolemy.moml.MoMLSimpleApplication$UnloadThread.run(MoMLSimpleApplication.java:402)
Caused by: ptolemy.kernel.util.IllegalActionException: Actor is not ready to fire.  Perhaps UpSample.prefire() returned false? Try debugging the actor by selecting "Listen to Actor".  Also, for SDF check moml for tokenConsumptionRate on input.
  in .DESDFClockTest.Play Bell.Copy1:SDF Director and .DESDFClockTest.Play Bell.UpSample
	at ptolemy.actor.sched.StaticSchedulingDirector.fire(StaticSchedulingDirector.java:227)
	at ptolemy.domains.sdf.kernel.SDFDirector.fire(SDFDirector.java:500)
	at ptolemy.actor.CompositeActor.fire(CompositeActor.java:455)
	at ptolemy.domains.de.kernel.DEDirector._fire(DEDirector.java:1949)
	at ptolemy.domains.de.kernel.DEDirector.fire(DEDirector.java:502)
	at ptolemy.actor.CompositeActor.fire(CompositeActor.java:455)
	at ptolemy.actor.Manager.iterate(Manager.java:851)
	at ptolemy.actor.Manager.execute(Manager.java:369)
	at ptolemy.actor.Manager.run(Manager.java:1263)
	at ptolemy.actor.Manager$PtolemyRunThread.run(Manager.java:1933)
java.lang.reflect.InvocationTargetException
	at java.base/jdk.internal.reflect.NativeConstructorAccessorImpl.newInstance0(Native Method)
	at java.base/jdk.internal.reflect.NativeConstructorAccessorImpl.newInstance(NativeConstructorAccessorImpl.java:62)
	at java.base/jdk.internal.reflect.DelegatingConstructorAccessorImpl.newInstance(DelegatingConstructorAccessorImpl.java:45)
	at java.base/java.lang.reflect.Constructor.newInstance(Constructor.java:490)
	at ptolemy.util.test.junit.AutoKnownFailedTests.RunModel(AutoKnownFailedTests.java:105)
	at java.base/jdk.internal.reflect.NativeMethodAccessorImpl.invoke0(Native Method)
	at java.base/jdk.internal.reflect.NativeMethodAccessorImpl.invoke(NativeMethodAccessorImpl.java:62)
	at java.base/jdk.internal.reflect.DelegatingMethodAccessorImpl.invoke(DelegatingMethodAccessorImpl.java:43)
	at java.base/java.lang.reflect.Method.invoke(Method.java:566)
	at org.junit.runners.model.FrameworkMethod$1.runReflectiveCall(FrameworkMethod.java:44)
	at org.junit.internal.runners.model.ReflectiveCallable.run(ReflectiveCallable.java:15)
	at org.junit.runners.model.FrameworkMethod.invokeExplosively(FrameworkMethod.java:41)
	at junitparams.internal.InvokeParameterisedMethod.evaluate(InvokeParameterisedMethod.java:102)
	at org.junit.internal.runners.statements.FailOnTimeout$1.run(FailOnTimeout.java:28)
Caused by: ptolemy.kernel.util.IllegalActionException: Actor is not ready to fire.  Perhaps UpSample.prefire() returned false? Try debugging the actor by selecting "Listen to Actor".  Also, for SDF check moml for tokenConsumptionRate on input.
  in .DESDFClockTest.Play Bell.Copy1:SDF Director and .DESDFClockTest.Play Bell.UpSample
	at ptolemy.actor.sched.StaticSchedulingDirector.fire(StaticSchedulingDirector.java:227)
	at ptolemy.domains.sdf.kernel.SDFDirector.fire(SDFDirector.java:500)
	at ptolemy.actor.CompositeActor.fire(CompositeActor.java:455)
	at ptolemy.domains.de.kernel.DEDirector._fire(DEDirector.java:1949)
	at ptolemy.domains.de.kernel.DEDirector.fire(DEDirector.java:502)
	at ptolemy.actor.CompositeActor.fire(CompositeActor.java:455)
	at ptolemy.actor.Manager.iterate(Manager.java:851)
	at ptolemy.actor.Manager.execute(Manager.java:369)
	at ptolemy.actor.Manager.run(Manager.java:1263)
	at ptolemy.actor.Manager$PtolemyRunThread.run(Manager.java:1933)
java.lang.RuntimeException: Execution failed
	at ptolemy.moml.MoMLSimpleApplication$UnloadThread.run(MoMLSimpleApplication.java:402)
Caused by: ptolemy.kernel.util.IllegalActionException: Test fails in iteration 1.
Value was: 1.0. Should have been: 2.0
  in .DirectFeedback.Test
	at ptolemy.actor.lib.Test.fire(Test.java:268)
	at ptolemy.domains.de.kernel.DEDirector._fire(DEDirector.java:1949)
	at ptolemy.domains.de.kernel.DEDirector.fire(DEDirector.java:502)
	at ptolemy.actor.CompositeActor.fire(CompositeActor.java:455)
	at ptolemy.actor.Manager.iterate(Manager.java:851)
	at ptolemy.actor.Manager.execute(Manager.java:369)
	at ptolemy.actor.Manager.run(Manager.java:1263)
	at ptolemy.actor.Manager$PtolemyRunThread.run(Manager.java:1933)
java.lang.reflect.InvocationTargetException
	at java.base/jdk.internal.reflect.NativeConstructorAccessorImpl.newInstance0(Native Method)
	at java.base/jdk.internal.reflect.NativeConstructorAccessorImpl.newInstance(NativeConstructorAccessorImpl.java:62)
	at java.base/jdk.internal.reflect.DelegatingConstructorAccessorImpl.newInstance(DelegatingConstructorAccessorImpl.java:45)
	at java.base/java.lang.reflect.Constructor.newInstance(Constructor.java:490)
	at ptolemy.util.test.junit.AutoKnownFailedTests.RunModel(AutoKnownFailedTests.java:105)
	at java.base/jdk.internal.reflect.NativeMethodAccessorImpl.invoke0(Native Method)
	at java.base/jdk.internal.reflect.NativeMethodAccessorImpl.invoke(NativeMethodAccessorImpl.java:62)
	at java.base/jdk.internal.reflect.DelegatingMethodAccessorImpl.invoke(DelegatingMethodAccessorImpl.java:43)
	at java.base/java.lang.reflect.Method.invoke(Method.java:566)
	at org.junit.runners.model.FrameworkMethod$1.runReflectiveCall(FrameworkMethod.java:44)
	at org.junit.internal.runners.model.ReflectiveCallable.run(ReflectiveCallable.java:15)
	at org.junit.runners.model.FrameworkMethod.invokeExplosively(FrameworkMethod.java:41)
	at junitparams.internal.InvokeParameterisedMethod.evaluate(InvokeParameterisedMethod.java:102)
	at org.junit.internal.runners.statements.FailOnTimeout$1.run(FailOnTimeout.java:28)
Caused by: ptolemy.kernel.util.IllegalActionException: Test fails in iteration 1.
Value was: 1.0. Should have been: 2.0
  in .DirectFeedback.Test
	at ptolemy.actor.lib.Test.fire(Test.java:268)
	at ptolemy.domains.de.kernel.DEDirector._fire(DEDirector.java:1949)
	at ptolemy.domains.de.kernel.DEDirector.fire(DEDirector.java:502)
	at ptolemy.actor.CompositeActor.fire(CompositeActor.java:455)
	at ptolemy.actor.Manager.iterate(Manager.java:851)
	at ptolemy.actor.Manager.execute(Manager.java:369)
	at ptolemy.actor.Manager.run(Manager.java:1263)
	at ptolemy.actor.Manager$PtolemyRunThread.run(Manager.java:1933)
java.lang.RuntimeException: Execution failed
	at ptolemy.moml.MoMLSimpleApplication$UnloadThread.run(MoMLSimpleApplication.java:402)
Caused by: ptolemy.kernel.util.IllegalActionException: Found a zero delay loop containing .HierarchicalModel.A
  in .HierarchicalModel and .HierarchicalModel.A
	at ptolemy.actor.util.CausalityInterfaceForComposites._computeOutputPortDepth(CausalityInterfaceForComposites.java:759)
	at ptolemy.actor.util.CausalityInterfaceForComposites._computeInputDepth(CausalityInterfaceForComposites.java:696)
	at ptolemy.actor.util.CausalityInterfaceForComposites._computeOutputPortDepth(CausalityInterfaceForComposites.java:765)
	at ptolemy.actor.util.CausalityInterfaceForComposites._computeInputDepth(CausalityInterfaceForComposites.java:696)
	at ptolemy.actor.util.CausalityInterfaceForComposites._computeOutputPortDepth(CausalityInterfaceForComposites.java:765)
	at ptolemy.actor.util.CausalityInterfaceForComposites._computeInputDepth(CausalityInterfaceForComposites.java:696)
	at ptolemy.actor.util.CausalityInterfaceForComposites._computeActorDepth(CausalityInterfaceForComposites.java:532)
	at ptolemy.actor.util.CausalityInterfaceForComposites.checkForCycles(CausalityInterfaceForComposites.java:96)
	at ptolemy.domains.de.kernel.DEDirector.preinitialize(DEDirector.java:1338)
	at ptolemy.actor.CompositeActor.preinitialize(CompositeActor.java:1828)
	at ptolemy.actor.Manager.preinitializeAndResolveTypes(Manager.java:1040)
	at ptolemy.actor.Manager.initialize(Manager.java:710)
	at ptolemy.actor.Manager.execute(Manager.java:356)
	at ptolemy.actor.Manager.run(Manager.java:1263)
	at ptolemy.actor.Manager$PtolemyRunThread.run(Manager.java:1933)
java.lang.reflect.InvocationTargetException
	at java.base/jdk.internal.reflect.NativeConstructorAccessorImpl.newInstance0(Native Method)
	at java.base/jdk.internal.reflect.NativeConstructorAccessorImpl.newInstance(NativeConstructorAccessorImpl.java:62)
	at java.base/jdk.internal.reflect.DelegatingConstructorAccessorImpl.newInstance(DelegatingConstructorAccessorImpl.java:45)
	at java.base/java.lang.reflect.Constructor.newInstance(Constructor.java:490)
	at ptolemy.util.test.junit.AutoKnownFailedTests.RunModel(AutoKnownFailedTests.java:105)
	at java.base/jdk.internal.reflect.NativeMethodAccessorImpl.invoke0(Native Method)
	at java.base/jdk.internal.reflect.NativeMethodAccessorImpl.invoke(NativeMethodAccessorImpl.java:62)
	at java.base/jdk.internal.reflect.DelegatingMethodAccessorImpl.invoke(DelegatingMethodAccessorImpl.java:43)
	at java.base/java.lang.reflect.Method.invoke(Method.java:566)
	at org.junit.runners.model.FrameworkMethod$1.runReflectiveCall(FrameworkMethod.java:44)
	at org.junit.internal.runners.model.ReflectiveCallable.run(ReflectiveCallable.java:15)
	at org.junit.runners.model.FrameworkMethod.invokeExplosively(FrameworkMethod.java:41)
	at junitparams.internal.InvokeParameterisedMethod.evaluate(InvokeParameterisedMethod.java:102)
	at org.junit.internal.runners.statements.FailOnTimeout$1.run(FailOnTimeout.java:28)
Caused by: ptolemy.kernel.util.IllegalActionException: Found a zero delay loop containing .HierarchicalModel.A
  in .HierarchicalModel and .HierarchicalModel.A
	at ptolemy.actor.util.CausalityInterfaceForComposites._computeOutputPortDepth(CausalityInterfaceForComposites.java:759)
	at ptolemy.actor.util.CausalityInterfaceForComposites._computeInputDepth(CausalityInterfaceForComposites.java:696)
	at ptolemy.actor.util.CausalityInterfaceForComposites._computeOutputPortDepth(CausalityInterfaceForComposites.java:765)
	at ptolemy.actor.util.CausalityInterfaceForComposites._computeInputDepth(CausalityInterfaceForComposites.java:696)
	at ptolemy.actor.util.CausalityInterfaceForComposites._computeOutputPortDepth(CausalityInterfaceForComposites.java:765)
	at ptolemy.actor.util.CausalityInterfaceForComposites._computeInputDepth(CausalityInterfaceForComposites.java:696)
	at ptolemy.actor.util.CausalityInterfaceForComposites._computeActorDepth(CausalityInterfaceForComposites.java:532)
	at ptolemy.actor.util.CausalityInterfaceForComposites.checkForCycles(CausalityInterfaceForComposites.java:96)
	at ptolemy.domains.de.kernel.DEDirector.preinitialize(DEDirector.java:1338)
	at ptolemy.actor.CompositeActor.preinitialize(CompositeActor.java:1828)
	at ptolemy.actor.Manager.preinitializeAndResolveTypes(Manager.java:1040)
	at ptolemy.actor.Manager.initialize(Manager.java:710)
	at ptolemy.actor.Manager.execute(Manager.java:356)
	at ptolemy.actor.Manager.run(Manager.java:1263)
	at ptolemy.actor.Manager$PtolemyRunThread.run(Manager.java:1933)
java.lang.RuntimeException: Execution failed
	at ptolemy.moml.MoMLSimpleApplication$UnloadThread.run(MoMLSimpleApplication.java:402)
Caused by: ptolemy.kernel.util.IllegalActionException: Found a zero delay loop containing .dependencyLoop.original
  in .dependencyLoop and .dependencyLoop.original
	at ptolemy.actor.util.CausalityInterfaceForComposites._computeOutputPortDepth(CausalityInterfaceForComposites.java:759)
	at ptolemy.actor.util.CausalityInterfaceForComposites._computeInputDepth(CausalityInterfaceForComposites.java:696)
	at ptolemy.actor.util.CausalityInterfaceForComposites._computeOutputPortDepth(CausalityInterfaceForComposites.java:765)
	at ptolemy.actor.util.CausalityInterfaceForComposites._computeInputDepth(CausalityInterfaceForComposites.java:696)
	at ptolemy.actor.util.CausalityInterfaceForComposites._computeOutputPortDepth(CausalityInterfaceForComposites.java:765)
	at ptolemy.actor.util.CausalityInterfaceForComposites._computeInputDepth(CausalityInterfaceForComposites.java:696)
	at ptolemy.actor.util.CausalityInterfaceForComposites._computeActorDepth(CausalityInterfaceForComposites.java:532)
	at ptolemy.actor.util.CausalityInterfaceForComposites.checkForCycles(CausalityInterfaceForComposites.java:96)
	at ptolemy.domains.de.kernel.DEDirector.preinitialize(DEDirector.java:1338)
	at ptolemy.actor.CompositeActor.preinitialize(CompositeActor.java:1828)
	at ptolemy.actor.Manager.preinitializeAndResolveTypes(Manager.java:1040)
	at ptolemy.actor.Manager.initialize(Manager.java:710)
	at ptolemy.actor.Manager.execute(Manager.java:356)
	at ptolemy.actor.Manager.run(Manager.java:1263)
	at ptolemy.actor.Manager$PtolemyRunThread.run(Manager.java:1933)
java.lang.reflect.InvocationTargetException
	at java.base/jdk.internal.reflect.NativeConstructorAccessorImpl.newInstance0(Native Method)
	at java.base/jdk.internal.reflect.NativeConstructorAccessorImpl.newInstance(NativeConstructorAccessorImpl.java:62)
	at java.base/jdk.internal.reflect.DelegatingConstructorAccessorImpl.newInstance(DelegatingConstructorAccessorImpl.java:45)
	at java.base/java.lang.reflect.Constructor.newInstance(Constructor.java:490)
	at ptolemy.util.test.junit.AutoKnownFailedTests.RunModel(AutoKnownFailedTests.java:105)
	at java.base/jdk.internal.reflect.NativeMethodAccessorImpl.invoke0(Native Method)
	at java.base/jdk.internal.reflect.NativeMethodAccessorImpl.invoke(NativeMethodAccessorImpl.java:62)
	at java.base/jdk.internal.reflect.DelegatingMethodAccessorImpl.invoke(DelegatingMethodAccessorImpl.java:43)
	at java.base/java.lang.reflect.Method.invoke(Method.java:566)
	at org.junit.runners.model.FrameworkMethod$1.runReflectiveCall(FrameworkMethod.java:44)
	at org.junit.internal.runners.model.ReflectiveCallable.run(ReflectiveCallable.java:15)
	at org.junit.runners.model.FrameworkMethod.invokeExplosively(FrameworkMethod.java:41)
	at junitparams.internal.InvokeParameterisedMethod.evaluate(InvokeParameterisedMethod.java:102)
	at org.junit.internal.runners.statements.FailOnTimeout$1.run(FailOnTimeout.java:28)
Caused by: ptolemy.kernel.util.IllegalActionException: Found a zero delay loop containing .dependencyLoop.original
  in .dependencyLoop and .dependencyLoop.original
	at ptolemy.actor.util.CausalityInterfaceForComposites._computeOutputPortDepth(CausalityInterfaceForComposites.java:759)
	at ptolemy.actor.util.CausalityInterfaceForComposites._computeInputDepth(CausalityInterfaceForComposites.java:696)
	at ptolemy.actor.util.CausalityInterfaceForComposites._computeOutputPortDepth(CausalityInterfaceForComposites.java:765)
	at ptolemy.actor.util.CausalityInterfaceForComposites._computeInputDepth(CausalityInterfaceForComposites.java:696)
	at ptolemy.actor.util.CausalityInterfaceForComposites._computeOutputPortDepth(CausalityInterfaceForComposites.java:765)
	at ptolemy.actor.util.CausalityInterfaceForComposites._computeInputDepth(CausalityInterfaceForComposites.java:696)
	at ptolemy.actor.util.CausalityInterfaceForComposites._computeActorDepth(CausalityInterfaceForComposites.java:532)
	at ptolemy.actor.util.CausalityInterfaceForComposites.checkForCycles(CausalityInterfaceForComposites.java:96)
	at ptolemy.domains.de.kernel.DEDirector.preinitialize(DEDirector.java:1338)
	at ptolemy.actor.CompositeActor.preinitialize(CompositeActor.java:1828)
	at ptolemy.actor.Manager.preinitializeAndResolveTypes(Manager.java:1040)
	at ptolemy.actor.Manager.initialize(Manager.java:710)
	at ptolemy.actor.Manager.execute(Manager.java:356)
	at ptolemy.actor.Manager.run(Manager.java:1263)
	at ptolemy.actor.Manager$PtolemyRunThread.run(Manager.java:1933)
java.lang.RuntimeException: Execution failed
	at ptolemy.moml.MoMLSimpleApplication$UnloadThread.run(MoMLSimpleApplication.java:402)
Caused by: ptolemy.kernel.util.IllegalActionException: Found a zero delay loop containing .dependencyLoop2.original
  in .dependencyLoop2 and .dependencyLoop2.original
	at ptolemy.actor.util.CausalityInterfaceForComposites._computeOutputPortDepth(CausalityInterfaceForComposites.java:759)
	at ptolemy.actor.util.CausalityInterfaceForComposites._computeInputDepth(CausalityInterfaceForComposites.java:696)
	at ptolemy.actor.util.CausalityInterfaceForComposites._computeOutputPortDepth(CausalityInterfaceForComposites.java:765)
	at ptolemy.actor.util.CausalityInterfaceForComposites._computeInputDepth(CausalityInterfaceForComposites.java:696)
	at ptolemy.actor.util.CausalityInterfaceForComposites._computeOutputPortDepth(CausalityInterfaceForComposites.java:765)
	at ptolemy.actor.util.CausalityInterfaceForComposites._computeInputDepth(CausalityInterfaceForComposites.java:696)
	at ptolemy.actor.util.CausalityInterfaceForComposites._computeActorDepth(CausalityInterfaceForComposites.java:532)
	at ptolemy.actor.util.CausalityInterfaceForComposites.checkForCycles(CausalityInterfaceForComposites.java:96)
	at ptolemy.domains.de.kernel.DEDirector.preinitialize(DEDirector.java:1338)
	at ptolemy.actor.CompositeActor.preinitialize(CompositeActor.java:1828)
	at ptolemy.actor.Manager.preinitializeAndResolveTypes(Manager.java:1040)
	at ptolemy.actor.Manager.initialize(Manager.java:710)
	at ptolemy.actor.Manager.execute(Manager.java:356)
	at ptolemy.actor.Manager.run(Manager.java:1263)
	at ptolemy.actor.Manager$PtolemyRunThread.run(Manager.java:1933)
java.lang.reflect.InvocationTargetException
	at java.base/jdk.internal.reflect.NativeConstructorAccessorImpl.newInstance0(Native Method)
	at java.base/jdk.internal.reflect.NativeConstructorAccessorImpl.newInstance(NativeConstructorAccessorImpl.java:62)
	at java.base/jdk.internal.reflect.DelegatingConstructorAccessorImpl.newInstance(DelegatingConstructorAccessorImpl.java:45)
	at java.base/java.lang.reflect.Constructor.newInstance(Constructor.java:490)
	at ptolemy.util.test.junit.AutoKnownFailedTests.RunModel(AutoKnownFailedTests.java:105)
	at java.base/jdk.internal.reflect.NativeMethodAccessorImpl.invoke0(Native Method)
	at java.base/jdk.internal.reflect.NativeMethodAccessorImpl.invoke(NativeMethodAccessorImpl.java:62)
	at java.base/jdk.internal.reflect.DelegatingMethodAccessorImpl.invoke(DelegatingMethodAccessorImpl.java:43)
	at java.base/java.lang.reflect.Method.invoke(Method.java:566)
	at org.junit.runners.model.FrameworkMethod$1.runReflectiveCall(FrameworkMethod.java:44)
	at org.junit.internal.runners.model.ReflectiveCallable.run(ReflectiveCallable.java:15)
	at org.junit.runners.model.FrameworkMethod.invokeExplosively(FrameworkMethod.java:41)
	at junitparams.internal.InvokeParameterisedMethod.evaluate(InvokeParameterisedMethod.java:102)
	at org.junit.internal.runners.statements.FailOnTimeout$1.run(FailOnTimeout.java:28)
Caused by: ptolemy.kernel.util.IllegalActionException: Found a zero delay loop containing .dependencyLoop2.original
  in .dependencyLoop2 and .dependencyLoop2.original
	at ptolemy.actor.util.CausalityInterfaceForComposites._computeOutputPortDepth(CausalityInterfaceForComposites.java:759)
	at ptolemy.actor.util.CausalityInterfaceForComposites._computeInputDepth(CausalityInterfaceForComposites.java:696)
	at ptolemy.actor.util.CausalityInterfaceForComposites._computeOutputPortDepth(CausalityInterfaceForComposites.java:765)
	at ptolemy.actor.util.CausalityInterfaceForComposites._computeInputDepth(CausalityInterfaceForComposites.java:696)
	at ptolemy.actor.util.CausalityInterfaceForComposites._computeOutputPortDepth(CausalityInterfaceForComposites.java:765)
	at ptolemy.actor.util.CausalityInterfaceForComposites._computeInputDepth(CausalityInterfaceForComposites.java:696)
	at ptolemy.actor.util.CausalityInterfaceForComposites._computeActorDepth(CausalityInterfaceForComposites.java:532)
	at ptolemy.actor.util.CausalityInterfaceForComposites.checkForCycles(CausalityInterfaceForComposites.java:96)
	at ptolemy.domains.de.kernel.DEDirector.preinitialize(DEDirector.java:1338)
	at ptolemy.actor.CompositeActor.preinitialize(CompositeActor.java:1828)
	at ptolemy.actor.Manager.preinitializeAndResolveTypes(Manager.java:1040)
	at ptolemy.actor.Manager.initialize(Manager.java:710)
	at ptolemy.actor.Manager.execute(Manager.java:356)
	at ptolemy.actor.Manager.run(Manager.java:1263)
	at ptolemy.actor.Manager$PtolemyRunThread.run(Manager.java:1933)
]]></system-err>
</testsuite>
