<?xml version="1.0" encoding="UTF-8" ?>
<testsuite errors="0" failures="0" hostname="travis-job-f7f2352d-ca5c-4b9b-83c1-6dbd2ed30c77" name="ptolemy.vergil.basic.export.test.junit.ExportModelJUnitTestBatch5" skipped="0" tests="150" time="1890.736" timestamp="2020-05-22T15:12:48">
  <properties>
[...]
</properties>
  <testcase classname="ptolemy.vergil.basic.export.test.junit.ExportModelJUnitTestBatch5" name="[0] ptolemy/demo/RobotMPC/CollisionAvoidanceWithAccModel.xml (RunExportModel)" time="14.873" />
  <testcase classname="ptolemy.vergil.basic.export.test.junit.ExportModelJUnitTestBatch5" name="[1] ptolemy/demo/RobotMPC/CollisionAvoidanceWithObservationRobots.xml (RunExportModel)" time="81.305" />
  <testcase classname="ptolemy.vergil.basic.export.test.junit.ExportModelJUnitTestBatch5" name="[2] ptolemy/demo/RobotMPC/CollisionAvoidanceWithUncertainMeasurement.xml (RunExportModel)" time="14.887" />
  <testcase classname="ptolemy.vergil.basic.export.test.junit.ExportModelJUnitTestBatch5" name="[3] ptolemy/demo/RobotMPC/RobotMPC.xml (RunExportModel)" time="3.208" />
  <testcase classname="ptolemy.vergil.basic.export.test.junit.ExportModelJUnitTestBatch5" name="[4] ptolemy/demo/RobotMPC/SimpleChase.xml (RunExportModel)" time="6.472" />
  <testcase classname="ptolemy.vergil.basic.export.test.junit.ExportModelJUnitTestBatch5" name="[5] ptolemy/distributed/demo/Sleep/Sleep.xml (RunExportModel)" time="3.229" />
  <testcase classname="ptolemy.vergil.basic.export.test.junit.ExportModelJUnitTestBatch5" name="[6] ptolemy/domains/algebraic/demo/HeaterOpenTank/HeaterOpenTank.xml (RunExportModel)" time="5.034" />
  <testcase classname="ptolemy.vergil.basic.export.test.junit.ExportModelJUnitTestBatch5" name="[7] ptolemy/domains/algebraic/demo/HeaterOpenTank/HeaterOpenTankRefactored.xml (RunExportModel)" time="4.444" />
  <testcase classname="ptolemy.vergil.basic.export.test.junit.ExportModelJUnitTestBatch5" name="[8] ptolemy/domains/algebraic/demo/RLC/RLC.xml (RunExportModel)" time="4.425" />
  <testcase classname="ptolemy.vergil.basic.export.test.junit.ExportModelJUnitTestBatch5" name="[9] ptolemy/domains/atc/demo/FirstPolicy/FirstPolicy.xml (RunExportModel)" time="34.946" />
  <testcase classname="ptolemy.vergil.basic.export.test.junit.ExportModelJUnitTestBatch5" name="[10] ptolemy/domains/atc/demo/SecondPolicy/SecondPolicy.xml (RunExportModel)" time="34.857" />
  <testcase classname="ptolemy.vergil.basic.export.test.junit.ExportModelJUnitTestBatch5" name="[11] ptolemy/domains/ca/demo/Conway/Conway.xml (RunExportModel)" time="24.744" />
  <testcase classname="ptolemy.vergil.basic.export.test.junit.ExportModelJUnitTestBatch5" name="[12] ptolemy/domains/ca/demo/ConwayRandom/ConwayRandom.xml (RunExportModel)" time="61.833" />
  <testcase classname="ptolemy.vergil.basic.export.test.junit.ExportModelJUnitTestBatch5" name="[13] ptolemy/domains/ci/demo/Router/Router.xml (RunExportModel)" time="34.367" />
  <testcase classname="ptolemy.vergil.basic.export.test.junit.ExportModelJUnitTestBatch5" name="[14] ptolemy/domains/continuous/demo/BouncingBall/BouncingBall.xml (RunExportModel)" time="34.515" />
  <testcase classname="ptolemy.vergil.basic.export.test.junit.ExportModelJUnitTestBatch5" name="[15] ptolemy/domains/continuous/demo/BouncingBall/BouncingBallWithoutGR.xml (RunExportModel)" time="5.076" />
  <testcase classname="ptolemy.vergil.basic.export.test.junit.ExportModelJUnitTestBatch5" name="[16] ptolemy/domains/continuous/demo/Brownian/Brownian.xml (RunExportModel)" time="4.376" />
  <testcase classname="ptolemy.vergil.basic.export.test.junit.ExportModelJUnitTestBatch5" name="[17] ptolemy/domains/continuous/demo/CartPendulum/CartPendulum.xml (RunExportModel)" time="22.352" />
  <testcase classname="ptolemy.vergil.basic.export.test.junit.ExportModelJUnitTestBatch5" name="[18] ptolemy/domains/continuous/demo/CarTracking/CarTracking.xml (RunExportModel)" time="8.476" />
  <testcase classname="ptolemy.vergil.basic.export.test.junit.ExportModelJUnitTestBatch5" name="[19] ptolemy/domains/continuous/demo/ComparedClocks/ComparedClocks.xml (RunExportModel)" time="4.45" />
  <testcase classname="ptolemy.vergil.basic.export.test.junit.ExportModelJUnitTestBatch5" name="[20] ptolemy/domains/continuous/demo/ContinuousInsideDE/ContinuousInsideDE.xml (RunExportModel)" time="4.314" />
  <testcase classname="ptolemy.vergil.basic.export.test.junit.ExportModelJUnitTestBatch5" name="[21] ptolemy/domains/continuous/demo/DCMotor/DCMotor.xml (RunExportModel)" time="34.383" />
  <testcase classname="ptolemy.vergil.basic.export.test.junit.ExportModelJUnitTestBatch5" name="[22] ptolemy/domains/continuous/demo/Derivative/Derivative.xml (RunExportModel)" time="4.364" />
  <testcase classname="ptolemy.vergil.basic.export.test.junit.ExportModelJUnitTestBatch5" name="[23] ptolemy/domains/continuous/demo/Friction/Friction.xml (RunExportModel)" time="5.97" />
  <testcase classname="ptolemy.vergil.basic.export.test.junit.ExportModelJUnitTestBatch5" name="[24] ptolemy/domains/continuous/demo/FurutaPendulum/FurutaPendulum.xml (RunExportModel)" time="29.042" />
  <testcase classname="ptolemy.vergil.basic.export.test.junit.ExportModelJUnitTestBatch5" name="[25] ptolemy/domains/continuous/demo/HierarchicalExecution/HierarchicalExecution.xml (RunExportModel)" time="5.44" />
  <testcase classname="ptolemy.vergil.basic.export.test.junit.ExportModelJUnitTestBatch5" name="[26] ptolemy/domains/continuous/demo/HybridPlant/HybridPlant.xml (RunExportModel)" time="4.946" />
  <testcase classname="ptolemy.vergil.basic.export.test.junit.ExportModelJUnitTestBatch5" name="[27] ptolemy/domains/continuous/demo/HybridPlant/RandomHybridPlant.xml (RunExportModel)" time="4.885" />
  <testcase classname="ptolemy.vergil.basic.export.test.junit.ExportModelJUnitTestBatch5" name="[28] ptolemy/domains/continuous/demo/Hysteresis/Hysteresis.xml (RunExportModel)" time="4.4" />
  <testcase classname="ptolemy.vergil.basic.export.test.junit.ExportModelJUnitTestBatch5" name="[29] ptolemy/domains/continuous/demo/Hysteresis/HysteresisWithRandomDelay.xml (RunExportModel)" time="4.483" />
  <testcase classname="ptolemy.vergil.basic.export.test.junit.ExportModelJUnitTestBatch5" name="[30] ptolemy/domains/continuous/demo/Hysteresis/HysteresisWithRandomLosses.xml (RunExportModel)" time="5.281" />
  <testcase classname="ptolemy.vergil.basic.export.test.junit.ExportModelJUnitTestBatch5" name="[31] ptolemy/domains/continuous/demo/LevelCrossingDetector/LevelCrossingDetector.xml (RunExportModel)" time="4.18" />
  <testcase classname="ptolemy.vergil.basic.export.test.junit.ExportModelJUnitTestBatch5" name="[32] ptolemy/domains/continuous/demo/LevelCrossingDetector/LevelCrossingDetectorDetectingDirections.xml (RunExportModel)" time="4.235" />
  <testcase classname="ptolemy.vergil.basic.export.test.junit.ExportModelJUnitTestBatch5" name="[33] ptolemy/domains/continuous/demo/LevelCrossingDetectorDetectsGlitches/LevelCrossingDetectorDetectsGlitches.xml (RunExportModel)" time="4.392" />
  <testcase classname="ptolemy.vergil.basic.export.test.junit.ExportModelJUnitTestBatch5" name="[34] ptolemy/domains/continuous/demo/Lorenz/Lorenz.xml (RunExportModel)" time="7.074" />
  <testcase classname="ptolemy.vergil.basic.export.test.junit.ExportModelJUnitTestBatch5" name="[35] ptolemy/domains/continuous/demo/Lorenz/LorenzDifferentialSystem.xml (RunExportModel)" time="11.296" />
  <testcase classname="ptolemy.vergil.basic.export.test.junit.ExportModelJUnitTestBatch5" name="[36] ptolemy/domains/continuous/demo/NewtonsCradle/NewtonsCradle.xml (RunExportModel)" time="7.351" />
  <testcase classname="ptolemy.vergil.basic.export.test.junit.ExportModelJUnitTestBatch5" name="[37] ptolemy/domains/continuous/demo/NewtonsCradle/NewtonsCradleAnimated.xml (RunExportModel)" time="36.276" />
  <testcase classname="ptolemy.vergil.basic.export.test.junit.ExportModelJUnitTestBatch5" name="[38] ptolemy/domains/continuous/demo/NewtonsCradle/NewtonsCradleComplicated.xml (RunExportModel)" time="34.742" />
  <testcase classname="ptolemy.vergil.basic.export.test.junit.ExportModelJUnitTestBatch5" name="[39] ptolemy/domains/continuous/demo/NewtonsCradle/NewtonsCradleNondeterministic.xml (RunExportModel)" time="34.894" />
  <testcase classname="ptolemy.vergil.basic.export.test.junit.ExportModelJUnitTestBatch5" name="[40] ptolemy/domains/continuous/demo/NewtonsCradle/NewtonsCradlePerfectlyInelastic1.xml (RunExportModel)" time="11.722" />
  <testcase classname="ptolemy.vergil.basic.export.test.junit.ExportModelJUnitTestBatch5" name="[41] ptolemy/domains/continuous/demo/NewtonsCradle/ParameterizedNewtonsCradleAnimated.xml (RunExportModel)" time="13.77" />
  <testcase classname="ptolemy.vergil.basic.export.test.junit.ExportModelJUnitTestBatch5" name="[42] ptolemy/domains/continuous/demo/NewtonsCradle/ParameterizedNewtonsCradleAnimatedNondeterministic.xml (RunExportModel)" time="34.839" />
  <testcase classname="ptolemy.vergil.basic.export.test.junit.ExportModelJUnitTestBatch5" name="[43] ptolemy/domains/continuous/demo/Noise/Noise.xml (RunExportModel)" time="4.342" />
  <testcase classname="ptolemy.vergil.basic.export.test.junit.ExportModelJUnitTestBatch5" name="[44] ptolemy/domains/continuous/demo/Noise/NoiseSpectrum.xml (RunExportModel)" time="4.891" />
  <testcase classname="ptolemy.vergil.basic.export.test.junit.ExportModelJUnitTestBatch5" name="[45] ptolemy/domains/continuous/demo/Noise/SinusoidInNoise.xml (RunExportModel)" time="5.353" />
  <testcase classname="ptolemy.vergil.basic.export.test.junit.ExportModelJUnitTestBatch5" name="[46] ptolemy/domains/continuous/demo/Pendulum3D/Pendulum3D.xml (RunExportModel)" time="34.491" />
  <testcase classname="ptolemy.vergil.basic.export.test.junit.ExportModelJUnitTestBatch5" name="[47] ptolemy/domains/continuous/demo/Poisson/IncreasingRatePoisson.xml (RunExportModel)" time="4.653" />
  <testcase classname="ptolemy.vergil.basic.export.test.junit.ExportModelJUnitTestBatch5" name="[48] ptolemy/domains/continuous/demo/Poisson/Poisson.xml (RunExportModel)" time="4.563" />
  <testcase classname="ptolemy.vergil.basic.export.test.junit.ExportModelJUnitTestBatch5" name="[49] ptolemy/domains/continuous/demo/SampledClocks/SampledClocks.xml (RunExportModel)" time="4.248" />
  <testcase classname="ptolemy.vergil.basic.export.test.junit.ExportModelJUnitTestBatch5" name="[50] ptolemy/domains/continuous/demo/Satellite/Satellite.xml (RunExportModel)" time="4.887" />
  <testcase classname="ptolemy.vergil.basic.export.test.junit.ExportModelJUnitTestBatch5" name="[51] ptolemy/domains/continuous/demo/SigmaDelta/SigmaDelta.xml (RunExportModel)" time="26.416" />
  <testcase classname="ptolemy.vergil.basic.export.test.junit.ExportModelJUnitTestBatch5" name="[52] ptolemy/domains/continuous/demo/SinuBouncingBall/SinuBouncingBall.xml (RunExportModel)" time="6.563" />
  <testcase classname="ptolemy.vergil.basic.export.test.junit.ExportModelJUnitTestBatch5" name="[53] ptolemy/domains/continuous/demo/Sinusoid/Sinusoid.xml (RunExportModel)" time="4.123" />
  <testcase classname="ptolemy.vergil.basic.export.test.junit.ExportModelJUnitTestBatch5" name="[54] ptolemy/domains/continuous/demo/SquareWave/SquareWave.xml (RunExportModel)" time="4.368" />
  <testcase classname="ptolemy.vergil.basic.export.test.junit.ExportModelJUnitTestBatch5" name="[55] ptolemy/domains/continuous/demo/Starmac/Starmac.xml (RunExportModel)" time="17.879" />
  <testcase classname="ptolemy.vergil.basic.export.test.junit.ExportModelJUnitTestBatch5" name="[56] ptolemy/domains/continuous/demo/StickyMasses/StickyMasses.xml (RunExportModel)" time="19.064" />
  <testcase classname="ptolemy.vergil.basic.export.test.junit.ExportModelJUnitTestBatch5" name="[57] ptolemy/domains/continuous/demo/Switch/Switch.xml (RunExportModel)" time="4.289" />
  <testcase classname="ptolemy.vergil.basic.export.test.junit.ExportModelJUnitTestBatch5" name="[58] ptolemy/domains/continuous/demo/Thermostat/Thermostat.xml (RunExportModel)" time="4.372" />
  <testcase classname="ptolemy.vergil.basic.export.test.junit.ExportModelJUnitTestBatch5" name="[59] ptolemy/domains/continuous/demo/Transmission/EfficiencyCurve.xml (RunExportModel)" time="4.139" />
  <testcase classname="ptolemy.vergil.basic.export.test.junit.ExportModelJUnitTestBatch5" name="[60] ptolemy/domains/continuous/demo/Transmission/Transmission.xml (RunExportModel)" time="4.801" />
  <testcase classname="ptolemy.vergil.basic.export.test.junit.ExportModelJUnitTestBatch5" name="[61] ptolemy/domains/continuous/demo/TwoMachineInfiniteBusControl/TwoMachineInfiniteBusControl.xml (RunExportModel)" time="6.966" />
  <testcase classname="ptolemy.vergil.basic.export.test.junit.ExportModelJUnitTestBatch5" name="[62] ptolemy/domains/continuous/demo/V2V/V2V.xml (RunExportModel)" time="4.982" />
  <testcase classname="ptolemy.vergil.basic.export.test.junit.ExportModelJUnitTestBatch5" name="[63] ptolemy/domains/csp/demo/Barrier/Barrier.xml (RunExportModel)" time="34.532" />
  <testcase classname="ptolemy.vergil.basic.export.test.junit.ExportModelJUnitTestBatch5" name="[64] ptolemy/domains/csp/demo/ResourcePool/ResourcePool.xml (RunExportModel)" time="34.263" />
  <testcase classname="ptolemy.vergil.basic.export.test.junit.ExportModelJUnitTestBatch5" name="[65] ptolemy/domains/csp/demo/WriteRegulator/WriteRegulator.xml (RunExportModel)" time="35.631" />
  <testcase classname="ptolemy.vergil.basic.export.test.junit.ExportModelJUnitTestBatch5" name="[66] ptolemy/domains/curriculum/demo/Curriculum/Curriculum.xml (RunExportModel)" time="3.497" />
  <testcase classname="ptolemy.vergil.basic.export.test.junit.ExportModelJUnitTestBatch5" name="[67] ptolemy/domains/dde/demo/LocalZeno/LocalZeno.xml (RunExportModel)" time="34.209" />
  <testcase classname="ptolemy.vergil.basic.export.test.junit.ExportModelJUnitTestBatch5" name="[68] ptolemy/domains/ddf/demo/Eratosthenes/Eratosthenes.xml (RunExportModel)" time="9.344" />
  <testcase classname="ptolemy.vergil.basic.export.test.junit.ExportModelJUnitTestBatch5" name="[69] ptolemy/domains/ddf/demo/Factorial/Factorial.xml (RunExportModel)" time="5.846" />
  <testcase classname="ptolemy.vergil.basic.export.test.junit.ExportModelJUnitTestBatch5" name="[70] ptolemy/domains/ddf/demo/HanoiTower/HanoiTower.xml (RunExportModel)" time="67.929" />
  <testcase classname="ptolemy.vergil.basic.export.test.junit.ExportModelJUnitTestBatch5" name="[71] ptolemy/domains/ddf/demo/IfThenElse/IfThenElse.xml (RunExportModel)" time="4.211" />
  <testcase classname="ptolemy.vergil.basic.export.test.junit.ExportModelJUnitTestBatch5" name="[72] ptolemy/domains/ddf/demo/IfThenElse/IfThenElseFSM.xml (RunExportModel)" time="4.275" />
  <testcase classname="ptolemy.vergil.basic.export.test.junit.ExportModelJUnitTestBatch5" name="[73] ptolemy/domains/ddf/demo/Loop/Loop.xml (RunExportModel)" time="4.144" />
  <testcase classname="ptolemy.vergil.basic.export.test.junit.ExportModelJUnitTestBatch5" name="[74] ptolemy/domains/ddf/demo/OrderedMerge/OrderedMerge.xml (RunExportModel)" time="4.216" />
  <testcase classname="ptolemy.vergil.basic.export.test.junit.ExportModelJUnitTestBatch5" name="[75] ptolemy/domains/ddf/demo/RandomWalk/RandomWalk.xml (RunExportModel)" time="4.221" />
  <testcase classname="ptolemy.vergil.basic.export.test.junit.ExportModelJUnitTestBatch5" name="[76] ptolemy/domains/ddf/demo/RijndaelEncryption/RijndaelEncryption.xml (RunExportModel)" time="4.49" />
  <testcase classname="ptolemy.vergil.basic.export.test.junit.ExportModelJUnitTestBatch5" name="[77] ptolemy/domains/de/demo/AFDX/AFDX.xml (RunExportModel)" time="4.365" />
  <testcase classname="ptolemy.vergil.basic.export.test.junit.ExportModelJUnitTestBatch5" name="[78] ptolemy/domains/de/demo/AssemblyLine/AssemblyLine.xml (RunExportModel)" time="4.14" />
  <testcase classname="ptolemy.vergil.basic.export.test.junit.ExportModelJUnitTestBatch5" name="[79] ptolemy/domains/de/demo/Bus/Bus.xml (RunExportModel)" time="4.264" />
  <testcase classname="ptolemy.vergil.basic.export.test.junit.ExportModelJUnitTestBatch5" name="[80] ptolemy/domains/de/demo/Clock/Clock.xml (RunExportModel)" time="3.204" />
  <testcase classname="ptolemy.vergil.basic.export.test.junit.ExportModelJUnitTestBatch5" name="[81] ptolemy/domains/de/demo/ClockDrift/ClockDrift.xml (RunExportModel)" time="4.237" />
  <testcase classname="ptolemy.vergil.basic.export.test.junit.ExportModelJUnitTestBatch5" name="[82] ptolemy/domains/de/demo/DateDemo/DateDemo.xml (RunExportModel)" time="7.43" />
  <testcase classname="ptolemy.vergil.basic.export.test.junit.ExportModelJUnitTestBatch5" name="[83] ptolemy/domains/de/demo/EventButton/EventButton.xml (RunExportModel)" time="34.152" />
  <testcase classname="ptolemy.vergil.basic.export.test.junit.ExportModelJUnitTestBatch5" name="[84] ptolemy/domains/de/demo/Inspection/Inspection.xml (RunExportModel)" time="4.34" />
  <testcase classname="ptolemy.vergil.basic.export.test.junit.ExportModelJUnitTestBatch5" name="[85] ptolemy/domains/de/demo/LineFault/LineFault.xml (RunExportModel)" time="6.207" />
  <testcase classname="ptolemy.vergil.basic.export.test.junit.ExportModelJUnitTestBatch5" name="[86] ptolemy/domains/de/demo/LongRuns/LongRuns.xml (RunExportModel)" time="3.151" />
  <testcase classname="ptolemy.vergil.basic.export.test.junit.ExportModelJUnitTestBatch5" name="[87] ptolemy/domains/de/demo/ModalModel/ModalModel.xml (RunExportModel)" time="4.516" />
  <testcase classname="ptolemy.vergil.basic.export.test.junit.ExportModelJUnitTestBatch5" name="[88] ptolemy/domains/de/demo/OpenQueueingNetwork/OpenQueueingNetwork.xml (RunExportModel)" time="6.907" />
  <testcase classname="ptolemy.vergil.basic.export.test.junit.ExportModelJUnitTestBatch5" name="[89] ptolemy/domains/de/demo/PersistentIO/PersistentIO.xml (RunExportModel)" time="4.203" />
  <testcase classname="ptolemy.vergil.basic.export.test.junit.ExportModelJUnitTestBatch5" name="[90] ptolemy/domains/de/demo/QueueAndServer/QueueAndServer.xml (RunExportModel)" time="4.161" />
  <testcase classname="ptolemy.vergil.basic.export.test.junit.ExportModelJUnitTestBatch5" name="[91] ptolemy/domains/de/demo/RealTimeComposite/RealTimeComposite.xml (RunExportModel)" time="3.383" />
  <testcase classname="ptolemy.vergil.basic.export.test.junit.ExportModelJUnitTestBatch5" name="[92] ptolemy/domains/de/demo/SmartSender/SmartSender.xml (RunExportModel)" time="34.128" />
  <testcase classname="ptolemy.vergil.basic.export.test.junit.ExportModelJUnitTestBatch5" name="[93] ptolemy/domains/de/demo/Switch/Switch.xml (RunExportModel)" time="4.462" />
  <testcase classname="ptolemy.vergil.basic.export.test.junit.ExportModelJUnitTestBatch5" name="[94] ptolemy/domains/de/demo/TimingParadox/TimingParadox.xml (RunExportModel)" time="6.731" />
  <testcase classname="ptolemy.vergil.basic.export.test.junit.ExportModelJUnitTestBatch5" name="[95] ptolemy/domains/de/demo/Trilateration/Trilateration.xml (RunExportModel)" time="49.429" />
  <testcase classname="ptolemy.vergil.basic.export.test.junit.ExportModelJUnitTestBatch5" name="[96] ptolemy/domains/de/demo/TTE/TTE.xml (RunExportModel)" time="4.28" />
  <testcase classname="ptolemy.vergil.basic.export.test.junit.ExportModelJUnitTestBatch5" name="[97] ptolemy/domains/de/demo/VariableDelay/VariableDelay.xml (RunExportModel)" time="4.161" />
  <testcase classname="ptolemy.vergil.basic.export.test.junit.ExportModelJUnitTestBatch5" name="[98] ptolemy/domains/dt/demo/Eye/Eye.xml (RunExportModel)" time="34.147" />
  <testcase classname="ptolemy.vergil.basic.export.test.junit.ExportModelJUnitTestBatch5" name="[99] ptolemy/domains/giotto/cgc/demo/SoundGenerator/SoundGenerator.xml (RunExportModel)" time="34.161" />
  <testcase classname="ptolemy.vergil.basic.export.test.junit.ExportModelJUnitTestBatch5" name="[100] ptolemy/domains/giotto/demo/Composite/Composite.xml (RunExportModel)" time="4.16" />
  <testcase classname="ptolemy.vergil.basic.export.test.junit.ExportModelJUnitTestBatch5" name="[101] ptolemy/domains/giotto/demo/Hierarchy/Hierarchy.xml (RunExportModel)" time="4.149" />
  <testcase classname="ptolemy.vergil.basic.export.test.junit.ExportModelJUnitTestBatch5" name="[102] ptolemy/domains/giotto/demo/Multimode/Multimode.xml (RunExportModel)" time="4.276" />
  <testcase classname="ptolemy.vergil.basic.export.test.junit.ExportModelJUnitTestBatch5" name="[103] ptolemy/domains/giotto/demo/Simple/Simple.xml (RunExportModel)" time="4.128" />
  <testcase classname="ptolemy.vergil.basic.export.test.junit.ExportModelJUnitTestBatch5" name="[104] ptolemy/domains/gr/demo/FurutaPendulum/FurutaPendulum.xml (RunExportModel)" time="28.591" />
  <testcase classname="ptolemy.vergil.basic.export.test.junit.ExportModelJUnitTestBatch5" name="[105] ptolemy/domains/gr/demo/Helen/Helen.xml (RunExportModel)" time="64.206" />
  <testcase classname="ptolemy.vergil.basic.export.test.junit.ExportModelJUnitTestBatch5" name="[106] ptolemy/domains/gr/demo/Pendulum/Pendulum.xml (RunExportModel)" time="64.222" />
  <testcase classname="ptolemy.vergil.basic.export.test.junit.ExportModelJUnitTestBatch5" name="[107] ptolemy/domains/gr/demo/Pong/Pong.xml (RunExportModel)" time="10.367" />
  <testcase classname="ptolemy.vergil.basic.export.test.junit.ExportModelJUnitTestBatch5" name="[108] ptolemy/domains/gr/demo/SolarSystem/SolarSystem.xml (RunExportModel)" time="64.428" />
  <testcase classname="ptolemy.vergil.basic.export.test.junit.ExportModelJUnitTestBatch5" name="[109] ptolemy/domains/gr/demo/StickyMasses/StickyMasses.xml (RunExportModel)" time="23.474" />
  <testcase classname="ptolemy.vergil.basic.export.test.junit.ExportModelJUnitTestBatch5" name="[110] ptolemy/domains/gr/demo/Universe/Universe.xml (RunExportModel)" time="64.15" />
  <testcase classname="ptolemy.vergil.basic.export.test.junit.ExportModelJUnitTestBatch5" name="[111] ptolemy/domains/hdf/demo/AdaptiveCoding/AdaptiveCoding.xml (RunExportModel)" time="5.24" />
  <testcase classname="ptolemy.vergil.basic.export.test.junit.ExportModelJUnitTestBatch5" name="[112] ptolemy/domains/hdf/demo/Fibonacci/Fibonacci.xml (RunExportModel)" time="4.532" />
  <testcase classname="ptolemy.vergil.basic.export.test.junit.ExportModelJUnitTestBatch5" name="[113] ptolemy/domains/hdf/demo/Hysteresis/Hysteresis.xml (RunExportModel)" time="4.294" />
  <testcase classname="ptolemy.vergil.basic.export.test.junit.ExportModelJUnitTestBatch5" name="[114] ptolemy/domains/hdf/demo/Merge/Merge.xml (RunExportModel)" time="4.407" />
  <testcase classname="ptolemy.vergil.basic.export.test.junit.ExportModelJUnitTestBatch5" name="[115] ptolemy/domains/modal/demo/ABP/ABP.xml (RunExportModel)" time="4.608" />
  <testcase classname="ptolemy.vergil.basic.export.test.junit.ExportModelJUnitTestBatch5" name="[116] ptolemy/domains/modal/demo/Blending/Blending.xml (RunExportModel)" time="4.51" />
  <testcase classname="ptolemy.vergil.basic.export.test.junit.ExportModelJUnitTestBatch5" name="[117] ptolemy/domains/modal/demo/Case/Case.xml (RunExportModel)" time="4.25" />
  <testcase classname="ptolemy.vergil.basic.export.test.junit.ExportModelJUnitTestBatch5" name="[118] ptolemy/domains/modal/demo/ChainedTransitions/ChainedTransitions.xml (RunExportModel)" time="4.27" />
  <testcase classname="ptolemy.vergil.basic.export.test.junit.ExportModelJUnitTestBatch5" name="[119] ptolemy/domains/modal/demo/ModalBSC/ModalBSC.xml (RunExportModel)" time="4.308" />
  <testcase classname="ptolemy.vergil.basic.export.test.junit.ExportModelJUnitTestBatch5" name="[120] ptolemy/domains/modal/demo/MultipleRuns/MultipleRuns.xml (RunExportModel)" time="4.695" />
  <testcase classname="ptolemy.vergil.basic.export.test.junit.ExportModelJUnitTestBatch5" name="[121] ptolemy/domains/modal/demo/PersistentIO/PersistentIO.xml (RunExportModel)" time="4.245" />
  <testcase classname="ptolemy.vergil.basic.export.test.junit.ExportModelJUnitTestBatch5" name="[122] ptolemy/domains/modal/demo/StateTracker/StateTracker.xml (RunExportModel)" time="4.303" />
  <testcase classname="ptolemy.vergil.basic.export.test.junit.ExportModelJUnitTestBatch5" name="[123] ptolemy/domains/modal/demo/SystemLevelType/CSPDomain.xml (RunExportModel)" time="3.138" />
  <testcase classname="ptolemy.vergil.basic.export.test.junit.ExportModelJUnitTestBatch5" name="[124] ptolemy/domains/modal/demo/SystemLevelType/CSPDomain_PolyActor.xml (RunExportModel)" time="3.135" />
  <testcase classname="ptolemy.vergil.basic.export.test.junit.ExportModelJUnitTestBatch5" name="[125] ptolemy/domains/modal/demo/SystemLevelType/CSPDomain_SDFActor.xml (RunExportModel)" time="3.121" />
  <testcase classname="ptolemy.vergil.basic.export.test.junit.ExportModelJUnitTestBatch5" name="[126] ptolemy/domains/modal/demo/SystemLevelType/DEDomain.xml (RunExportModel)" time="3.134" />
  <testcase classname="ptolemy.vergil.basic.export.test.junit.ExportModelJUnitTestBatch5" name="[127] ptolemy/domains/modal/demo/SystemLevelType/DEDomain_PolyActor.xml (RunExportModel)" time="3.137" />
  <testcase classname="ptolemy.vergil.basic.export.test.junit.ExportModelJUnitTestBatch5" name="[128] ptolemy/domains/modal/demo/SystemLevelType/DEDomain_SDFActor.xml (RunExportModel)" time="3.09" />
  <testcase classname="ptolemy.vergil.basic.export.test.junit.ExportModelJUnitTestBatch5" name="[129] ptolemy/domains/modal/demo/SystemLevelType/DP.xml (RunExportModel)" time="3.142" />
  <testcase classname="ptolemy.vergil.basic.export.test.junit.ExportModelJUnitTestBatch5" name="[130] ptolemy/domains/modal/demo/SystemLevelType/DummyDirector1.xml (RunExportModel)" time="3.099" />
  <testcase classname="ptolemy.vergil.basic.export.test.junit.ExportModelJUnitTestBatch5" name="[131] ptolemy/domains/modal/demo/SystemLevelType/DummyDirector1_SDFActor.xml (RunExportModel)" time="3.094" />
  <testcase classname="ptolemy.vergil.basic.export.test.junit.ExportModelJUnitTestBatch5" name="[132] ptolemy/domains/modal/demo/SystemLevelType/DummyDirector2.xml (RunExportModel)" time="3.094" />
  <testcase classname="ptolemy.vergil.basic.export.test.junit.ExportModelJUnitTestBatch5" name="[133] ptolemy/domains/modal/demo/SystemLevelType/DummyDirector2_SDFActor.xml (RunExportModel)" time="3.09" />
  <testcase classname="ptolemy.vergil.basic.export.test.junit.ExportModelJUnitTestBatch5" name="[134] ptolemy/domains/modal/demo/SystemLevelType/InterruptableWaitingThreadA.xml (RunExportModel)" time="3.165" />
  <testcase classname="ptolemy.vergil.basic.export.test.junit.ExportModelJUnitTestBatch5" name="[135] ptolemy/domains/modal/demo/SystemLevelType/Interrupter.xml (RunExportModel)" time="3.108" />
  <testcase classname="ptolemy.vergil.basic.export.test.junit.ExportModelJUnitTestBatch5" name="[136] ptolemy/domains/modal/demo/SystemLevelType/Monitor.xml (RunExportModel)" time="3.101" />
  <testcase classname="ptolemy.vergil.basic.export.test.junit.ExportModelJUnitTestBatch5" name="[137] ptolemy/domains/modal/demo/SystemLevelType/PNDomain.xml (RunExportModel)" time="3.108" />
  <testcase classname="ptolemy.vergil.basic.export.test.junit.ExportModelJUnitTestBatch5" name="[138] ptolemy/domains/modal/demo/SystemLevelType/PNDomain_PolyActor.xml (RunExportModel)" time="3.117" />
  <testcase classname="ptolemy.vergil.basic.export.test.junit.ExportModelJUnitTestBatch5" name="[139] ptolemy/domains/modal/demo/SystemLevelType/PNDomain_SDFActor.xml (RunExportModel)" time="3.096" />
  <testcase classname="ptolemy.vergil.basic.export.test.junit.ExportModelJUnitTestBatch5" name="[140] ptolemy/domains/modal/demo/SystemLevelType/PolyActor.xml (RunExportModel)" time="3.106" />
  <testcase classname="ptolemy.vergil.basic.export.test.junit.ExportModelJUnitTestBatch5" name="[141] ptolemy/domains/modal/demo/SystemLevelType/SDFActor.xml (RunExportModel)" time="3.107" />
  <testcase classname="ptolemy.vergil.basic.export.test.junit.ExportModelJUnitTestBatch5" name="[142] ptolemy/domains/modal/demo/SystemLevelType/SDFDomain.xml (RunExportModel)" time="3.131" />
  <testcase classname="ptolemy.vergil.basic.export.test.junit.ExportModelJUnitTestBatch5" name="[143] ptolemy/domains/modal/demo/SystemLevelType/SDFDomain_PolyActor.xml (RunExportModel)" time="3.102" />
  <testcase classname="ptolemy.vergil.basic.export.test.junit.ExportModelJUnitTestBatch5" name="[144] ptolemy/domains/modal/demo/SystemLevelType/SDFDomain_SDFActor.xml (RunExportModel)" time="3.099" />
  <testcase classname="ptolemy.vergil.basic.export.test.junit.ExportModelJUnitTestBatch5" name="[145] ptolemy/domains/modal/demo/SystemLevelType/ThreadA.xml (RunExportModel)" time="3.101" />
  <testcase classname="ptolemy.vergil.basic.export.test.junit.ExportModelJUnitTestBatch5" name="[146] ptolemy/domains/modal/demo/SystemLevelType/ThreadA_Monitor_ThreadB.xml (RunExportModel)" time="3.115" />
  <testcase classname="ptolemy.vergil.basic.export.test.junit.ExportModelJUnitTestBatch5" name="[147] ptolemy/domains/modal/demo/SystemLevelType/ThreadB.xml (RunExportModel)" time="3.095" />
  <testcase classname="ptolemy.vergil.basic.export.test.junit.ExportModelJUnitTestBatch5" name="[148] ptolemy/domains/modal/demo/SystemLevelType/ThreadBNotifies.xml (RunExportModel)" time="3.097" />
  <testcase classname="ptolemy.vergil.basic.export.test.junit.ExportModelJUnitTestBatch5" name="[149] ptolemy/domains/modal/demo/SystemLevelType/Trigger.xml (RunExportModel)" time="3.094" />
  <system-out><![CDATA[ExportModeJUnitTestBatch: There are 741 demos. Exporting demos: 441 to 590.
####### 1 Fri May 22 15:12:48 UTC 2020 $PTII/bin/ptinvoke ptolemy.vergil.basic.export.ExportModel -force htm  -openComposites -timeOut 30000 -whiteBackground ptolemy/demo/RobotMPC/CollisionAvoidanceWithAccModel.xml $PTII/ptolemy/demo/RobotMPC/CollisionAvoidanceWithAccModel
Warning: not running ptolemy/demo/RobotMPC/CollisionAvoidanceWithAccModel.xml. See ptolemy/vergil/basic/export/test/junit/ExportModelJUnitTest.java
Exported /home/travis/build/icyphy/ptII/ptolemy/demo/RobotMPC/CollisionAvoidanceWithAccModel/index.html
14802 ms. Memory: 392192K Free: 191981K (49%)
####### 2 Fri May 22 15:13:03 UTC 2020 $PTII/bin/ptinvoke ptolemy.vergil.basic.export.ExportModel -force htm  -openComposites -timeOut 30000 -whiteBackground ptolemy/demo/RobotMPC/CollisionAvoidanceWithObservationRobots.xml $PTII/ptolemy/demo/RobotMPC/CollisionAvoidanceWithObservationRobots
Warning: not running ptolemy/demo/RobotMPC/CollisionAvoidanceWithObservationRobots.xml. See ptolemy/vergil/basic/export/test/junit/ExportModelJUnitTest.java
Exported /home/travis/build/icyphy/ptII/ptolemy/demo/RobotMPC/CollisionAvoidanceWithObservationRobots/index.html
81300 ms. Memory: 1009664K Free: 471155K (47%)
####### 3 Fri May 22 15:14:25 UTC 2020 $PTII/bin/ptinvoke ptolemy.vergil.basic.export.ExportModel -force htm  -openComposites -timeOut 30000 -whiteBackground ptolemy/demo/RobotMPC/CollisionAvoidanceWithUncertainMeasurement.xml $PTII/ptolemy/demo/RobotMPC/CollisionAvoidanceWithUncertainMeasurement
Warning: not running ptolemy/demo/RobotMPC/CollisionAvoidanceWithUncertainMeasurement.xml. See ptolemy/vergil/basic/export/test/junit/ExportModelJUnitTest.java
Exported /home/travis/build/icyphy/ptII/ptolemy/demo/RobotMPC/CollisionAvoidanceWithUncertainMeasurement/index.html
14886 ms. Memory: 1009664K Free: 244161K (24%)
####### 4 Fri May 22 15:14:39 UTC 2020 $PTII/bin/ptinvoke ptolemy.vergil.basic.export.ExportModel -force htm  -openComposites -timeOut 30000 -whiteBackground ptolemy/demo/RobotMPC/RobotMPC.xml $PTII/ptolemy/demo/RobotMPC/RobotMPC
Warning: not running ptolemy/demo/RobotMPC/RobotMPC.xml. See ptolemy/vergil/basic/export/test/junit/ExportModelJUnitTest.java
Exported /home/travis/build/icyphy/ptII/ptolemy/demo/RobotMPC/RobotMPC/index.html
3207 ms. Memory: 1009664K Free: 776645K (77%)
####### 5 Fri May 22 15:14:43 UTC 2020 $PTII/bin/ptinvoke ptolemy.vergil.basic.export.ExportModel -force htm  -openComposites -timeOut 30000 -whiteBackground ptolemy/demo/RobotMPC/SimpleChase.xml $PTII/ptolemy/demo/RobotMPC/SimpleChase
Warning: not running ptolemy/demo/RobotMPC/SimpleChase.xml. See ptolemy/vergil/basic/export/test/junit/ExportModelJUnitTest.java
Exported /home/travis/build/icyphy/ptII/ptolemy/demo/RobotMPC/SimpleChase/index.html
6472 ms. Memory: 1009664K Free: 346606K (34%)
####### 6 Fri May 22 15:14:49 UTC 2020 $PTII/bin/ptinvoke ptolemy.vergil.basic.export.ExportModel -force htm  -openComposites -timeOut 30000 -whiteBackground ptolemy/distributed/demo/Sleep/Sleep.xml $PTII/ptolemy/distributed/demo/Sleep/Sleep
Warning: not running ptolemy/distributed/demo/Sleep/Sleep.xml. See ptolemy/vergil/basic/export/test/junit/ExportModelJUnitTest.java
Exported /home/travis/build/icyphy/ptII/ptolemy/distributed/demo/Sleep/Sleep/index.html
3228 ms. Memory: 1009664K Free: 757692K (75%)
####### 7 Fri May 22 15:14:52 UTC 2020 $PTII/bin/ptinvoke ptolemy.vergil.basic.export.ExportModel -force htm -run -openComposites -timeOut 30000 -whiteBackground ptolemy/domains/algebraic/demo/HeaterOpenTank/HeaterOpenTank.xml $PTII/ptolemy/domains/algebraic/demo/HeaterOpenTank/HeaterOpenTank
Running .HeaterOpenTank
622 ms. Memory: 1009664K Free: 605140K (60%)
Exported /home/travis/build/icyphy/ptII/ptolemy/domains/algebraic/demo/HeaterOpenTank/HeaterOpenTank/index.html
5033 ms. Memory: 1009664K Free: 388985K (39%)
####### 8 Fri May 22 15:14:57 UTC 2020 $PTII/bin/ptinvoke ptolemy.vergil.basic.export.ExportModel -force htm -run -openComposites -timeOut 30000 -whiteBackground ptolemy/domains/algebraic/demo/HeaterOpenTank/HeaterOpenTankRefactored.xml $PTII/ptolemy/domains/algebraic/demo/HeaterOpenTank/HeaterOpenTankRefactored
Running .HeaterOpenTankRefactored
117 ms. Memory: 1009664K Free: 284118K (28%)
Exported /home/travis/build/icyphy/ptII/ptolemy/domains/algebraic/demo/HeaterOpenTank/HeaterOpenTankRefactored/index.html
4442 ms. Memory: 1009664K Free: 790043K (78%)
####### 9 Fri May 22 15:15:02 UTC 2020 $PTII/bin/ptinvoke ptolemy.vergil.basic.export.ExportModel -force htm -run -openComposites -timeOut 30000 -whiteBackground ptolemy/domains/algebraic/demo/RLC/RLC.xml $PTII/ptolemy/domains/algebraic/demo/RLC/RLC
Running .RLC
82 ms. Memory: 1009664K Free: 678539K (67%)
Exported /home/travis/build/icyphy/ptII/ptolemy/domains/algebraic/demo/RLC/RLC/index.html
4424 ms. Memory: 1009664K Free: 527483K (52%)
####### 10 Fri May 22 15:15:06 UTC 2020 $PTII/bin/ptinvoke ptolemy.vergil.basic.export.ExportModel -force htm -run -openComposites -timeOut 30000 -whiteBackground ptolemy/domains/atc/demo/FirstPolicy/FirstPolicy.xml $PTII/ptolemy/domains/atc/demo/FirstPolicy/FirstPolicy
Running .FirstPolicy
ExportHTMLTimer went off after 30000 ms., calling getDirector().finish and getDirector().stopFire()
30003 ms. Memory: 1009664K Free: 254603K (25%)
Exported /home/travis/build/icyphy/ptII/ptolemy/domains/atc/demo/FirstPolicy/FirstPolicy/index.html
34945 ms. Memory: 1009664K Free: 565651K (56%)
####### 11 Fri May 22 15:15:41 UTC 2020 $PTII/bin/ptinvoke ptolemy.vergil.basic.export.ExportModel -force htm -run -openComposites -timeOut 30000 -whiteBackground ptolemy/domains/atc/demo/SecondPolicy/SecondPolicy.xml $PTII/ptolemy/domains/atc/demo/SecondPolicy/SecondPolicy
Running .SecondPolicy
ExportHTMLTimer went off after 30000 ms., calling getDirector().finish and getDirector().stopFire()
30001 ms. Memory: 1009664K Free: 300500K (30%)
Exported /home/travis/build/icyphy/ptII/ptolemy/domains/atc/demo/SecondPolicy/SecondPolicy/index.html
34855 ms. Memory: 1009664K Free: 604393K (60%)
####### 12 Fri May 22 15:16:16 UTC 2020 $PTII/bin/ptinvoke ptolemy.vergil.basic.export.ExportModel -force htm -run -openComposites -timeOut 30000 -whiteBackground ptolemy/domains/ca/demo/Conway/Conway.xml $PTII/ptolemy/domains/ca/demo/Conway/Conway
Running .Conway
20454 ms. Memory: 1009664K Free: 406996K (40%)
Exported /home/travis/build/icyphy/ptII/ptolemy/domains/ca/demo/Conway/Conway/index.html
24743 ms. Memory: 1009664K Free: 306121K (30%)
####### 13 Fri May 22 15:16:41 UTC 2020 $PTII/bin/ptinvoke ptolemy.vergil.basic.export.ExportModel -force htm -run -openComposites -timeOut 30000 -whiteBackground ptolemy/domains/ca/demo/ConwayRandom/ConwayRandom.xml $PTII/ptolemy/domains/ca/demo/ConwayRandom/ConwayRandom
Running .ConwayRandom
ExportHTMLTimer went off after 30000 ms., calling getDirector().finish and getDirector().stopFire()
57629 ms. Memory: 1009664K Free: 451133K (45%)
Exported /home/travis/build/icyphy/ptII/ptolemy/domains/ca/demo/ConwayRandom/ConwayRandom/index.html
61832 ms. Memory: 1009664K Free: 362016K (36%)
####### 14 Fri May 22 15:17:43 UTC 2020 $PTII/bin/ptinvoke ptolemy.vergil.basic.export.ExportModel -force htm -run -openComposites -timeOut 30000 -whiteBackground ptolemy/domains/ci/demo/Router/Router.xml $PTII/ptolemy/domains/ci/demo/Router/Router
Running .Router
ExportHTMLTimer went off after 30000 ms., calling getDirector().finish and getDirector().stopFire()
30001 ms. Memory: 1009664K Free: 223805K (22%)
Exported /home/travis/build/icyphy/ptII/ptolemy/domains/ci/demo/Router/Router/index.html
34367 ms. Memory: 1009664K Free: 629007K (62%)
####### 15 Fri May 22 15:18:17 UTC 2020 $PTII/bin/ptinvoke ptolemy.vergil.basic.export.ExportModel -force htm -run -openComposites -timeOut 30000 -whiteBackground ptolemy/domains/continuous/demo/BouncingBall/BouncingBall.xml $PTII/ptolemy/domains/continuous/demo/BouncingBall/BouncingBall
Running .BouncingBall
ExportHTMLTimer went off after 30000 ms., calling getDirector().finish and getDirector().stopFire()
30018 ms. Memory: 1009664K Free: 724740K (72%)
Exported /home/travis/build/icyphy/ptII/ptolemy/domains/continuous/demo/BouncingBall/BouncingBall/index.html
34515 ms. Memory: 1009664K Free: 560325K (55%)
####### 16 Fri May 22 15:18:52 UTC 2020 $PTII/bin/ptinvoke ptolemy.vergil.basic.export.ExportModel -force htm -run -openComposites -timeOut 30000 -whiteBackground ptolemy/domains/continuous/demo/BouncingBall/BouncingBallWithoutGR.xml $PTII/ptolemy/domains/continuous/demo/BouncingBall/BouncingBallWithoutGR
Running .BouncingBallWithoutGR
687 ms. Memory: 1009664K Free: 291590K (29%)
Exported /home/travis/build/icyphy/ptII/ptolemy/domains/continuous/demo/BouncingBall/BouncingBallWithoutGR/index.html
5075 ms. Memory: 1009664K Free: 775735K (77%)
####### 17 Fri May 22 15:18:57 UTC 2020 $PTII/bin/ptinvoke ptolemy.vergil.basic.export.ExportModel -force htm -run -openComposites -timeOut 30000 -whiteBackground ptolemy/domains/continuous/demo/Brownian/Brownian.xml $PTII/ptolemy/domains/continuous/demo/Brownian/Brownian
Running .Brownian
181 ms. Memory: 1009664K Free: 635179K (63%)
Exported /home/travis/build/icyphy/ptII/ptolemy/domains/continuous/demo/Brownian/Brownian/index.html
4374 ms. Memory: 1009664K Free: 584485K (58%)
####### 18 Fri May 22 15:19:01 UTC 2020 $PTII/bin/ptinvoke ptolemy.vergil.basic.export.ExportModel -force htm -run -openComposites -timeOut 30000 -whiteBackground ptolemy/domains/continuous/demo/CartPendulum/CartPendulum.xml $PTII/ptolemy/domains/continuous/demo/CartPendulum/CartPendulum
Running .CartPendulum
17722 ms. Memory: 1009664K Free: 661430K (66%)
Exported /home/travis/build/icyphy/ptII/ptolemy/domains/continuous/demo/CartPendulum/CartPendulum/index.html
22352 ms. Memory: 1009664K Free: 300371K (30%)
####### 19 Fri May 22 15:19:23 UTC 2020 $PTII/bin/ptinvoke ptolemy.vergil.basic.export.ExportModel -force htm -run -openComposites -timeOut 30000 -whiteBackground ptolemy/domains/continuous/demo/CarTracking/CarTracking.xml $PTII/ptolemy/domains/continuous/demo/CarTracking/CarTracking
Running .CarTracking
3075 ms. Memory: 1009664K Free: 640568K (63%)
Exported /home/travis/build/icyphy/ptII/ptolemy/domains/continuous/demo/CarTracking/CarTracking/index.html
8476 ms. Memory: 1009664K Free: 672228K (67%)
####### 20 Fri May 22 15:19:32 UTC 2020 $PTII/bin/ptinvoke ptolemy.vergil.basic.export.ExportModel -force htm -run -openComposites -timeOut 30000 -whiteBackground ptolemy/domains/continuous/demo/ComparedClocks/ComparedClocks.xml $PTII/ptolemy/domains/continuous/demo/ComparedClocks/ComparedClocks
Running .ComparedClocks
97 ms. Memory: 1009664K Free: 502838K (50%)
Exported /home/travis/build/icyphy/ptII/ptolemy/domains/continuous/demo/ComparedClocks/ComparedClocks/index.html
4448 ms. Memory: 1009664K Free: 267798K (27%)
####### 21 Fri May 22 15:19:36 UTC 2020 $PTII/bin/ptinvoke ptolemy.vergil.basic.export.ExportModel -force htm -run -openComposites -timeOut 30000 -whiteBackground ptolemy/domains/continuous/demo/ContinuousInsideDE/ContinuousInsideDE.xml $PTII/ptolemy/domains/continuous/demo/ContinuousInsideDE/ContinuousInsideDE
Running .ContinuousInsideDE
92 ms. Memory: 1009664K Free: 756792K (75%)
Exported /home/travis/build/icyphy/ptII/ptolemy/domains/continuous/demo/ContinuousInsideDE/ContinuousInsideDE/index.html
4314 ms. Memory: 1009664K Free: 665582K (66%)
####### 22 Fri May 22 15:19:41 UTC 2020 $PTII/bin/ptinvoke ptolemy.vergil.basic.export.ExportModel -force htm -run -openComposites -timeOut 30000 -whiteBackground ptolemy/domains/continuous/demo/DCMotor/DCMotor.xml $PTII/ptolemy/domains/continuous/demo/DCMotor/DCMotor
Running .DCMotor
ExportHTMLTimer went off after 30000 ms., calling getDirector().finish and getDirector().stopFire()
30010 ms. Memory: 1009664K Free: 293255K (29%)
Exported /home/travis/build/icyphy/ptII/ptolemy/domains/continuous/demo/DCMotor/DCMotor/index.html
34382 ms. Memory: 1009664K Free: 718645K (71%)
####### 23 Fri May 22 15:20:15 UTC 2020 $PTII/bin/ptinvoke ptolemy.vergil.basic.export.ExportModel -force htm -run -openComposites -timeOut 30000 -whiteBackground ptolemy/domains/continuous/demo/Derivative/Derivative.xml $PTII/ptolemy/domains/continuous/demo/Derivative/Derivative
Running .Derivative
110 ms. Memory: 1009664K Free: 583083K (58%)
Exported /home/travis/build/icyphy/ptII/ptolemy/domains/continuous/demo/Derivative/Derivative/index.html
4363 ms. Memory: 1009664K Free: 484214K (48%)
####### 24 Fri May 22 15:20:19 UTC 2020 $PTII/bin/ptinvoke ptolemy.vergil.basic.export.ExportModel -force htm -run -openComposites -timeOut 30000 -whiteBackground ptolemy/domains/continuous/demo/Friction/Friction.xml $PTII/ptolemy/domains/continuous/demo/Friction/Friction
Running .Friction
1411 ms. Memory: 1009664K Free: 558984K (55%)
Exported /home/travis/build/icyphy/ptII/ptolemy/domains/continuous/demo/Friction/Friction/index.html
5969 ms. Memory: 1009664K Free: 164208K (16%)
####### 25 Fri May 22 15:20:25 UTC 2020 $PTII/bin/ptinvoke ptolemy.vergil.basic.export.ExportModel -force htm -run -openComposites -timeOut 30000 -whiteBackground ptolemy/domains/continuous/demo/FurutaPendulum/FurutaPendulum.xml $PTII/ptolemy/domains/continuous/demo/FurutaPendulum/FurutaPendulum
Running .FurutaPendulum
23634 ms. Memory: 1009664K Free: 679906K (67%)
Exported /home/travis/build/icyphy/ptII/ptolemy/domains/continuous/demo/FurutaPendulum/FurutaPendulum/index.html
29041 ms. Memory: 1009664K Free: 549117K (54%)
####### 26 Fri May 22 15:20:54 UTC 2020 $PTII/bin/ptinvoke ptolemy.vergil.basic.export.ExportModel -force htm -run -openComposites -timeOut 30000 -whiteBackground ptolemy/domains/continuous/demo/HierarchicalExecution/HierarchicalExecution.xml $PTII/ptolemy/domains/continuous/demo/HierarchicalExecution/HierarchicalExecution
Running .HierarchicalExecution
1265 ms. Memory: 1009664K Free: 217362K (22%)
Exported /home/travis/build/icyphy/ptII/ptolemy/domains/continuous/demo/HierarchicalExecution/HierarchicalExecution/index.html
5439 ms. Memory: 1009664K Free: 145667K (14%)
####### 27 Fri May 22 15:21:00 UTC 2020 $PTII/bin/ptinvoke ptolemy.vergil.basic.export.ExportModel -force htm -run -openComposites -timeOut 30000 -whiteBackground ptolemy/domains/continuous/demo/HybridPlant/HybridPlant.xml $PTII/ptolemy/domains/continuous/demo/HybridPlant/HybridPlant
Running .HybridPlant
579 ms. Memory: 1009664K Free: 379944K (38%)
Exported /home/travis/build/icyphy/ptII/ptolemy/domains/continuous/demo/HybridPlant/HybridPlant/index.html
4945 ms. Memory: 1009664K Free: 181230K (18%)
####### 28 Fri May 22 15:21:05 UTC 2020 $PTII/bin/ptinvoke ptolemy.vergil.basic.export.ExportModel -force htm -run -openComposites -timeOut 30000 -whiteBackground ptolemy/domains/continuous/demo/HybridPlant/RandomHybridPlant.xml $PTII/ptolemy/domains/continuous/demo/HybridPlant/RandomHybridPlant
Running .RandomHybridPlant
496 ms. Memory: 1009664K Free: 394580K (39%)
Exported /home/travis/build/icyphy/ptII/ptolemy/domains/continuous/demo/HybridPlant/RandomHybridPlant/index.html
4883 ms. Memory: 1009664K Free: 189728K (19%)
####### 29 Fri May 22 15:21:10 UTC 2020 $PTII/bin/ptinvoke ptolemy.vergil.basic.export.ExportModel -force htm -run -openComposites -timeOut 30000 -whiteBackground ptolemy/domains/continuous/demo/Hysteresis/Hysteresis.xml $PTII/ptolemy/domains/continuous/demo/Hysteresis/Hysteresis
Running .Hysteresis
143 ms. Memory: 1009664K Free: 643730K (64%)
Exported /home/travis/build/icyphy/ptII/ptolemy/domains/continuous/demo/Hysteresis/Hysteresis/index.html
4400 ms. Memory: 1009664K Free: 501840K (50%)
####### 30 Fri May 22 15:21:14 UTC 2020 $PTII/bin/ptinvoke ptolemy.vergil.basic.export.ExportModel -force htm -run -openComposites -timeOut 30000 -whiteBackground ptolemy/domains/continuous/demo/Hysteresis/HysteresisWithRandomDelay.xml $PTII/ptolemy/domains/continuous/demo/Hysteresis/HysteresisWithRandomDelay
Running .HysteresisWithRandomDelay
195 ms. Memory: 1009664K Free: 300690K (30%)
Exported /home/travis/build/icyphy/ptII/ptolemy/domains/continuous/demo/Hysteresis/HysteresisWithRandomDelay/index.html
4483 ms. Memory: 1009664K Free: 114298K (11%)
####### 31 Fri May 22 15:21:19 UTC 2020 $PTII/bin/ptinvoke ptolemy.vergil.basic.export.ExportModel -force htm -run -openComposites -timeOut 30000 -whiteBackground ptolemy/domains/continuous/demo/Hysteresis/HysteresisWithRandomLosses.xml $PTII/ptolemy/domains/continuous/demo/Hysteresis/HysteresisWithRandomLosses
Running .HysteresisWithRandomLosses
1007 ms. Memory: 1009664K Free: 196029K (19%)
Exported /home/travis/build/icyphy/ptII/ptolemy/domains/continuous/demo/Hysteresis/HysteresisWithRandomLosses/index.html
5280 ms. Memory: 1009664K Free: 662391K (66%)
####### 32 Fri May 22 15:21:24 UTC 2020 $PTII/bin/ptinvoke ptolemy.vergil.basic.export.ExportModel -force htm -run -openComposites -timeOut 30000 -whiteBackground ptolemy/domains/continuous/demo/LevelCrossingDetector/LevelCrossingDetector.xml $PTII/ptolemy/domains/continuous/demo/LevelCrossingDetector/LevelCrossingDetector
Running .LevelCrossingDetector
28 ms. Memory: 1009664K Free: 548842K (54%)
Exported /home/travis/build/icyphy/ptII/ptolemy/domains/continuous/demo/LevelCrossingDetector/LevelCrossingDetector/index.html
4180 ms. Memory: 1009664K Free: 491469K (49%)
####### 33 Fri May 22 15:21:28 UTC 2020 $PTII/bin/ptinvoke ptolemy.vergil.basic.export.ExportModel -force htm -run -openComposites -timeOut 30000 -whiteBackground ptolemy/domains/continuous/demo/LevelCrossingDetector/LevelCrossingDetectorDetectingDirections.xml $PTII/ptolemy/domains/continuous/demo/LevelCrossingDetector/LevelCrossingDetectorDetectingDirections
Running .LevelCrossingDetectorDetectingDirections
60 ms. Memory: 1009664K Free: 366570K (36%)
Exported /home/travis/build/icyphy/ptII/ptolemy/domains/continuous/demo/LevelCrossingDetector/LevelCrossingDetectorDetectingDirections/index.html
4235 ms. Memory: 1009664K Free: 284614K (28%)
####### 34 Fri May 22 15:21:32 UTC 2020 $PTII/bin/ptinvoke ptolemy.vergil.basic.export.ExportModel -force htm -run -openComposites -timeOut 30000 -whiteBackground ptolemy/domains/continuous/demo/LevelCrossingDetectorDetectsGlitches/LevelCrossingDetectorDetectsGlitches.xml $PTII/ptolemy/domains/continuous/demo/LevelCrossingDetectorDetectsGlitches/LevelCrossingDetectorDetectsGlitches
Running .LevelCrossingDetectorDetectsGlitches
78 ms. Memory: 1009664K Free: 146403K (15%)
Exported /home/travis/build/icyphy/ptII/ptolemy/domains/continuous/demo/LevelCrossingDetectorDetectsGlitches/LevelCrossingDetectorDetectsGlitches/index.html
4392 ms. Memory: 1009664K Free: 478883K (47%)
####### 35 Fri May 22 15:21:37 UTC 2020 $PTII/bin/ptinvoke ptolemy.vergil.basic.export.ExportModel -force htm -run -openComposites -timeOut 30000 -whiteBackground ptolemy/domains/continuous/demo/Lorenz/Lorenz.xml $PTII/ptolemy/domains/continuous/demo/Lorenz/Lorenz
Running .Lorenz
2940 ms. Memory: 1009664K Free: 447491K (44%)
Exported /home/travis/build/icyphy/ptII/ptolemy/domains/continuous/demo/Lorenz/Lorenz/index.html
7073 ms. Memory: 1009664K Free: 403439K (40%)
####### 36 Fri May 22 15:21:44 UTC 2020 $PTII/bin/ptinvoke ptolemy.vergil.basic.export.ExportModel -force htm -run -openComposites -timeOut 30000 -whiteBackground ptolemy/domains/continuous/demo/Lorenz/LorenzDifferentialSystem.xml $PTII/ptolemy/domains/continuous/demo/Lorenz/LorenzDifferentialSystem
Running .LorenzDifferentialSystem
7122 ms. Memory: 1009664K Free: 222248K (22%)
Exported /home/travis/build/icyphy/ptII/ptolemy/domains/continuous/demo/Lorenz/LorenzDifferentialSystem/index.html
11296 ms. Memory: 1009664K Free: 714631K (71%)
####### 37 Fri May 22 15:21:55 UTC 2020 $PTII/bin/ptinvoke ptolemy.vergil.basic.export.ExportModel -force htm -run -openComposites -timeOut 30000 -whiteBackground ptolemy/domains/continuous/demo/NewtonsCradle/NewtonsCradle.xml $PTII/ptolemy/domains/continuous/demo/NewtonsCradle/NewtonsCradle
Running .NewtonsCradle
2411 ms. Memory: 1009664K Free: 611354K (61%)
Exported /home/travis/build/icyphy/ptII/ptolemy/domains/continuous/demo/NewtonsCradle/NewtonsCradle/index.html
7350 ms. Memory: 1009664K Free: 721562K (71%)
####### 38 Fri May 22 15:22:02 UTC 2020 $PTII/bin/ptinvoke ptolemy.vergil.basic.export.ExportModel -force htm -run -openComposites -timeOut 30000 -whiteBackground ptolemy/domains/continuous/demo/NewtonsCradle/NewtonsCradleAnimated.xml $PTII/ptolemy/domains/continuous/demo/NewtonsCradle/NewtonsCradleAnimated
Running .NewtonsCradleAnimated
ExportHTMLTimer went off after 30000 ms., calling getDirector().finish and getDirector().stopFire()
30056 ms. Memory: 1009664K Free: 310767K (31%)
Exported /home/travis/build/icyphy/ptII/ptolemy/domains/continuous/demo/NewtonsCradle/NewtonsCradleAnimated/index.html
36274 ms. Memory: 1009664K Free: 613870K (61%)
####### 39 Fri May 22 15:22:39 UTC 2020 $PTII/bin/ptinvoke ptolemy.vergil.basic.export.ExportModel -force htm -run -openComposites -timeOut 30000 -whiteBackground ptolemy/domains/continuous/demo/NewtonsCradle/NewtonsCradleComplicated.xml $PTII/ptolemy/domains/continuous/demo/NewtonsCradle/NewtonsCradleComplicated
Running .NewtonsCradleComplicated
ExportHTMLTimer went off after 30000 ms., calling getDirector().finish and getDirector().stopFire()
30021 ms. Memory: 1009664K Free: 564224K (56%)
Exported /home/travis/build/icyphy/ptII/ptolemy/domains/continuous/demo/NewtonsCradle/NewtonsCradleComplicated/index.html
34742 ms. Memory: 1009664K Free: 695736K (69%)
####### 40 Fri May 22 15:23:13 UTC 2020 $PTII/bin/ptinvoke ptolemy.vergil.basic.export.ExportModel -force htm -run -openComposites -timeOut 30000 -whiteBackground ptolemy/domains/continuous/demo/NewtonsCradle/NewtonsCradleNondeterministic.xml $PTII/ptolemy/domains/continuous/demo/NewtonsCradle/NewtonsCradleNondeterministic
Running .NewtonsCradleNondeterministic
ExportHTMLTimer went off after 30000 ms., calling getDirector().finish and getDirector().stopFire()
30020 ms. Memory: 1009664K Free: 629248K (62%)
Exported /home/travis/build/icyphy/ptII/ptolemy/domains/continuous/demo/NewtonsCradle/NewtonsCradleNondeterministic/index.html
34894 ms. Memory: 1009664K Free: 499586K (49%)
####### 41 Fri May 22 15:23:48 UTC 2020 $PTII/bin/ptinvoke ptolemy.vergil.basic.export.ExportModel -force htm -run -openComposites -timeOut 30000 -whiteBackground ptolemy/domains/continuous/demo/NewtonsCradle/NewtonsCradlePerfectlyInelastic1.xml $PTII/ptolemy/domains/continuous/demo/NewtonsCradle/NewtonsCradlePerfectlyInelastic1
Running .NewtonsCradlePerfectlyInelastic1
7091 ms. Memory: 1009664K Free: 601583K (60%)
Exported /home/travis/build/icyphy/ptII/ptolemy/domains/continuous/demo/NewtonsCradle/NewtonsCradlePerfectlyInelastic1/index.html
11721 ms. Memory: 1009664K Free: 758248K (75%)
####### 42 Fri May 22 15:24:00 UTC 2020 $PTII/bin/ptinvoke ptolemy.vergil.basic.export.ExportModel -force htm -run -openComposites -timeOut 30000 -whiteBackground ptolemy/domains/continuous/demo/NewtonsCradle/ParameterizedNewtonsCradleAnimated.xml $PTII/ptolemy/domains/continuous/demo/NewtonsCradle/ParameterizedNewtonsCradleAnimated
Running .ParameterizedNewtonsCradleAnimated
9008 ms. Memory: 1009664K Free: 711485K (70%)
Exported /home/travis/build/icyphy/ptII/ptolemy/domains/continuous/demo/NewtonsCradle/ParameterizedNewtonsCradleAnimated/index.html
13769 ms. Memory: 1009664K Free: 704966K (70%)
####### 43 Fri May 22 15:24:14 UTC 2020 $PTII/bin/ptinvoke ptolemy.vergil.basic.export.ExportModel -force htm -run -openComposites -timeOut 30000 -whiteBackground ptolemy/domains/continuous/demo/NewtonsCradle/ParameterizedNewtonsCradleAnimatedNondeterministic.xml $PTII/ptolemy/domains/continuous/demo/NewtonsCradle/ParameterizedNewtonsCradleAnimatedNondeterministic
Running .ParameterizedNewtonsCradleAnimatedNondeterministic
ExportHTMLTimer went off after 30000 ms., calling getDirector().finish and getDirector().stopFire()
30040 ms. Memory: 1009664K Free: 724518K (72%)
Exported /home/travis/build/icyphy/ptII/ptolemy/domains/continuous/demo/NewtonsCradle/ParameterizedNewtonsCradleAnimatedNondeterministic/index.html
34838 ms. Memory: 1009664K Free: 734370K (73%)
####### 44 Fri May 22 15:24:49 UTC 2020 $PTII/bin/ptinvoke ptolemy.vergil.basic.export.ExportModel -force htm -run -openComposites -timeOut 30000 -whiteBackground ptolemy/domains/continuous/demo/Noise/Noise.xml $PTII/ptolemy/domains/continuous/demo/Noise/Noise
Running .Noise
114 ms. Memory: 1009664K Free: 570117K (56%)
Exported /home/travis/build/icyphy/ptII/ptolemy/domains/continuous/demo/Noise/Noise/index.html
4341 ms. Memory: 1009664K Free: 424686K (42%)
####### 45 Fri May 22 15:24:53 UTC 2020 $PTII/bin/ptinvoke ptolemy.vergil.basic.export.ExportModel -force htm -run -openComposites -timeOut 30000 -whiteBackground ptolemy/domains/continuous/demo/Noise/NoiseSpectrum.xml $PTII/ptolemy/domains/continuous/demo/Noise/NoiseSpectrum
Running .NoiseSpectrum
656 ms. Memory: 1009664K Free: 755239K (75%)
Exported /home/travis/build/icyphy/ptII/ptolemy/domains/continuous/demo/Noise/NoiseSpectrum/index.html
4891 ms. Memory: 1009664K Free: 603636K (60%)
####### 46 Fri May 22 15:24:58 UTC 2020 $PTII/bin/ptinvoke ptolemy.vergil.basic.export.ExportModel -force htm -run -openComposites -timeOut 30000 -whiteBackground ptolemy/domains/continuous/demo/Noise/SinusoidInNoise.xml $PTII/ptolemy/domains/continuous/demo/Noise/SinusoidInNoise
Running .SinusoidInNoise
1075 ms. Memory: 1009664K Free: 265257K (26%)
Exported /home/travis/build/icyphy/ptII/ptolemy/domains/continuous/demo/Noise/SinusoidInNoise/index.html
5353 ms. Memory: 1009664K Free: 727188K (72%)
####### 47 Fri May 22 15:25:03 UTC 2020 $PTII/bin/ptinvoke ptolemy.vergil.basic.export.ExportModel -force htm -run -openComposites -timeOut 30000 -whiteBackground ptolemy/domains/continuous/demo/Pendulum3D/Pendulum3D.xml $PTII/ptolemy/domains/continuous/demo/Pendulum3D/Pendulum3D
Running .Pendulum3D
ExportHTMLTimer went off after 30000 ms., calling getDirector().finish and getDirector().stopFire()
30015 ms. Memory: 1009664K Free: 511799K (51%)
Exported /home/travis/build/icyphy/ptII/ptolemy/domains/continuous/demo/Pendulum3D/Pendulum3D/index.html
34489 ms. Memory: 1009664K Free: 767320K (76%)
####### 48 Fri May 22 15:25:38 UTC 2020 $PTII/bin/ptinvoke ptolemy.vergil.basic.export.ExportModel -force htm -run -openComposites -timeOut 30000 -whiteBackground ptolemy/domains/continuous/demo/Poisson/IncreasingRatePoisson.xml $PTII/ptolemy/domains/continuous/demo/Poisson/IncreasingRatePoisson
Running .IncreasingRatePoisson
461 ms. Memory: 1009664K Free: 369546K (37%)
Exported /home/travis/build/icyphy/ptII/ptolemy/domains/continuous/demo/Poisson/IncreasingRatePoisson/index.html
4653 ms. Memory: 1009664K Free: 249701K (25%)
####### 49 Fri May 22 15:25:42 UTC 2020 $PTII/bin/ptinvoke ptolemy.vergil.basic.export.ExportModel -force htm -run -openComposites -timeOut 30000 -whiteBackground ptolemy/domains/continuous/demo/Poisson/Poisson.xml $PTII/ptolemy/domains/continuous/demo/Poisson/Poisson
Running .Poisson
344 ms. Memory: 1009664K Free: 510856K (51%)
Exported /home/travis/build/icyphy/ptII/ptolemy/domains/continuous/demo/Poisson/Poisson/index.html
4563 ms. Memory: 1009664K Free: 391527K (39%)
####### 50 Fri May 22 15:25:47 UTC 2020 $PTII/bin/ptinvoke ptolemy.vergil.basic.export.ExportModel -force htm -run -openComposites -timeOut 30000 -whiteBackground ptolemy/domains/continuous/demo/SampledClocks/SampledClocks.xml $PTII/ptolemy/domains/continuous/demo/SampledClocks/SampledClocks
Running .SampledClocks
40 ms. Memory: 1009664K Free: 274292K (27%)
Exported /home/travis/build/icyphy/ptII/ptolemy/domains/continuous/demo/SampledClocks/SampledClocks/index.html
4246 ms. Memory: 1009664K Free: 195934K (19%)
####### 51 Fri May 22 15:25:51 UTC 2020 $PTII/bin/ptinvoke ptolemy.vergil.basic.export.ExportModel -force htm -run -openComposites -timeOut 30000 -whiteBackground ptolemy/domains/continuous/demo/Satellite/Satellite.xml $PTII/ptolemy/domains/continuous/demo/Satellite/Satellite
Running .Satellite
732 ms. Memory: 1009664K Free: 435594K (43%)
Exported /home/travis/build/icyphy/ptII/ptolemy/domains/continuous/demo/Satellite/Satellite/index.html
4885 ms. Memory: 1009664K Free: 382828K (38%)
####### 52 Fri May 22 15:25:56 UTC 2020 $PTII/bin/ptinvoke ptolemy.vergil.basic.export.ExportModel -force htm -run -openComposites -timeOut 30000 -whiteBackground ptolemy/domains/continuous/demo/SigmaDelta/SigmaDelta.xml $PTII/ptolemy/domains/continuous/demo/SigmaDelta/SigmaDelta
Running .SigmaDelta
22187 ms. Memory: 1009664K Free: 532478K (53%)
Exported /home/travis/build/icyphy/ptII/ptolemy/domains/continuous/demo/SigmaDelta/SigmaDelta/index.html
26414 ms. Memory: 1009664K Free: 439248K (44%)
####### 53 Fri May 22 15:26:22 UTC 2020 $PTII/bin/ptinvoke ptolemy.vergil.basic.export.ExportModel -force htm -run -openComposites -timeOut 30000 -whiteBackground ptolemy/domains/continuous/demo/SinuBouncingBall/SinuBouncingBall.xml $PTII/ptolemy/domains/continuous/demo/SinuBouncingBall/SinuBouncingBall
Running .SinuBouncingBall
2238 ms. Memory: 1009664K Free: 190524K (19%)
Exported /home/travis/build/icyphy/ptII/ptolemy/domains/continuous/demo/SinuBouncingBall/SinuBouncingBall/index.html
6563 ms. Memory: 1009664K Free: 578039K (57%)
####### 54 Fri May 22 15:26:29 UTC 2020 $PTII/bin/ptinvoke ptolemy.vergil.basic.export.ExportModel -force htm -run -openComposites -timeOut 30000 -whiteBackground ptolemy/domains/continuous/demo/Sinusoid/Sinusoid.xml $PTII/ptolemy/domains/continuous/demo/Sinusoid/Sinusoid
Running .Sinusoid
21 ms. Memory: 1009664K Free: 482302K (48%)
Exported /home/travis/build/icyphy/ptII/ptolemy/domains/continuous/demo/Sinusoid/Sinusoid/index.html
4122 ms. Memory: 1009664K Free: 444387K (44%)
####### 55 Fri May 22 15:26:33 UTC 2020 $PTII/bin/ptinvoke ptolemy.vergil.basic.export.ExportModel -force htm -run -openComposites -timeOut 30000 -whiteBackground ptolemy/domains/continuous/demo/SquareWave/SquareWave.xml $PTII/ptolemy/domains/continuous/demo/SquareWave/SquareWave
Running .SquareWave
142 ms. Memory: 1009664K Free: 318462K (32%)
Exported /home/travis/build/icyphy/ptII/ptolemy/domains/continuous/demo/SquareWave/SquareWave/index.html
4367 ms. Memory: 1009664K Free: 223704K (22%)
####### 56 Fri May 22 15:26:38 UTC 2020 $PTII/bin/ptinvoke ptolemy.vergil.basic.export.ExportModel -force htm -run -openComposites -timeOut 30000 -whiteBackground ptolemy/domains/continuous/demo/Starmac/Starmac.xml $PTII/ptolemy/domains/continuous/demo/Starmac/Starmac
Running .Starmac
5126 ms. Memory: 1009664K Free: 457246K (45%)
Exported /home/travis/build/icyphy/ptII/ptolemy/domains/continuous/demo/Starmac/Starmac/index.html
17878 ms. Memory: 1009664K Free: 392260K (39%)
####### 57 Fri May 22 15:26:55 UTC 2020 $PTII/bin/ptinvoke ptolemy.vergil.basic.export.ExportModel -force htm -run -openComposites -timeOut 30000 -whiteBackground ptolemy/domains/continuous/demo/StickyMasses/StickyMasses.xml $PTII/ptolemy/domains/continuous/demo/StickyMasses/StickyMasses
Running .StickyMasses
13036 ms. Memory: 1009664K Free: 604758K (60%)
Exported /home/travis/build/icyphy/ptII/ptolemy/domains/continuous/demo/StickyMasses/StickyMasses/index.html
19063 ms. Memory: 1009664K Free: 449573K (45%)
####### 58 Fri May 22 15:27:14 UTC 2020 $PTII/bin/ptinvoke ptolemy.vergil.basic.export.ExportModel -force htm -run -openComposites -timeOut 30000 -whiteBackground ptolemy/domains/continuous/demo/Switch/Switch.xml $PTII/ptolemy/domains/continuous/demo/Switch/Switch
Running .Switch
69 ms. Memory: 1009664K Free: 317517K (31%)
Exported /home/travis/build/icyphy/ptII/ptolemy/domains/continuous/demo/Switch/Switch/index.html
4288 ms. Memory: 1009664K Free: 207372K (21%)
####### 59 Fri May 22 15:27:19 UTC 2020 $PTII/bin/ptinvoke ptolemy.vergil.basic.export.ExportModel -force htm -run -openComposites -timeOut 30000 -whiteBackground ptolemy/domains/continuous/demo/Thermostat/Thermostat.xml $PTII/ptolemy/domains/continuous/demo/Thermostat/Thermostat
Running .Thermostat
182 ms. Memory: 1009664K Free: 629253K (62%)
Exported /home/travis/build/icyphy/ptII/ptolemy/domains/continuous/demo/Thermostat/Thermostat/index.html
4371 ms. Memory: 1009664K Free: 476098K (47%)
####### 60 Fri May 22 15:27:23 UTC 2020 $PTII/bin/ptinvoke ptolemy.vergil.basic.export.ExportModel -force htm -run -openComposites -timeOut 30000 -whiteBackground ptolemy/domains/continuous/demo/Transmission/EfficiencyCurve.xml $PTII/ptolemy/domains/continuous/demo/Transmission/EfficiencyCurve
Running .EfficiencyCurve
28 ms. Memory: 1009664K Free: 388613K (38%)
Exported /home/travis/build/icyphy/ptII/ptolemy/domains/continuous/demo/Transmission/EfficiencyCurve/index.html
4137 ms. Memory: 1009664K Free: 349674K (35%)
####### 61 Fri May 22 15:27:27 UTC 2020 $PTII/bin/ptinvoke ptolemy.vergil.basic.export.ExportModel -force htm -run -openComposites -timeOut 30000 -whiteBackground ptolemy/domains/continuous/demo/Transmission/Transmission.xml $PTII/ptolemy/domains/continuous/demo/Transmission/Transmission
Running .Transmission
556 ms. Memory: 1009664K Free: 577133K (57%)
Exported /home/travis/build/icyphy/ptII/ptolemy/domains/continuous/demo/Transmission/Transmission/index.html
4800 ms. Memory: 1009664K Free: 457825K (45%)
####### 62 Fri May 22 15:27:32 UTC 2020 $PTII/bin/ptinvoke ptolemy.vergil.basic.export.ExportModel -force htm -run -openComposites -timeOut 30000 -whiteBackground ptolemy/domains/continuous/demo/TwoMachineInfiniteBusControl/TwoMachineInfiniteBusControl.xml $PTII/ptolemy/domains/continuous/demo/TwoMachineInfiniteBusControl/TwoMachineInfiniteBusControl
Running .TwoMachineInfiniteBusControl
2180 ms. Memory: 1009664K Free: 158831K (16%)
Exported /home/travis/build/icyphy/ptII/ptolemy/domains/continuous/demo/TwoMachineInfiniteBusControl/TwoMachineInfiniteBusControl/index.html
6966 ms. Memory: 1009664K Free: 268383K (27%)
####### 63 Fri May 22 15:27:39 UTC 2020 $PTII/bin/ptinvoke ptolemy.vergil.basic.export.ExportModel -force htm -run -openComposites -timeOut 30000 -whiteBackground ptolemy/domains/continuous/demo/V2V/V2V.xml $PTII/ptolemy/domains/continuous/demo/V2V/V2V
Running .V2V
606 ms. Memory: 1009664K Free: 524911K (52%)
Exported /home/travis/build/icyphy/ptII/ptolemy/domains/continuous/demo/V2V/V2V/index.html
4981 ms. Memory: 1009664K Free: 242255K (24%)
####### 64 Fri May 22 15:27:44 UTC 2020 $PTII/bin/ptinvoke ptolemy.vergil.basic.export.ExportModel -force htm -run -openComposites -timeOut 30000 -whiteBackground ptolemy/domains/csp/demo/Barrier/Barrier.xml $PTII/ptolemy/domains/csp/demo/Barrier/Barrier
Running .Barrier
ExportHTMLTimer went off after 30000 ms., calling getDirector().finish and getDirector().stopFire()
30021 ms. Memory: 1009664K Free: 515084K (51%)
Exported /home/travis/build/icyphy/ptII/ptolemy/domains/csp/demo/Barrier/Barrier/index.html
34531 ms. Memory: 1009664K Free: 297464K (29%)
####### 65 Fri May 22 15:28:19 UTC 2020 $PTII/bin/ptinvoke ptolemy.vergil.basic.export.ExportModel -force htm -run -openComposites -timeOut 30000 -whiteBackground ptolemy/domains/csp/demo/ResourcePool/ResourcePool.xml $PTII/ptolemy/domains/csp/demo/ResourcePool/ResourcePool
Running .ResourcePool
ExportHTMLTimer went off after 30000 ms., calling getDirector().finish and getDirector().stopFire()
30146 ms. Memory: 1009664K Free: 505167K (50%)
Exported /home/travis/build/icyphy/ptII/ptolemy/domains/csp/demo/ResourcePool/ResourcePool/index.html
34263 ms. Memory: 1009664K Free: 475415K (47%)
####### 66 Fri May 22 15:28:53 UTC 2020 $PTII/bin/ptinvoke ptolemy.vergil.basic.export.ExportModel -force htm -run -openComposites -timeOut 30000 -whiteBackground ptolemy/domains/csp/demo/WriteRegulator/WriteRegulator.xml $PTII/ptolemy/domains/csp/demo/WriteRegulator/WriteRegulator
Running .WriteRegulator
ExportHTMLTimer went off after 30000 ms., calling getDirector().finish and getDirector().stopFire()
31522 ms. Memory: 1009664K Free: 349504K (35%)
Exported /home/travis/build/icyphy/ptII/ptolemy/domains/csp/demo/WriteRegulator/WriteRegulator/index.html
35630 ms. Memory: 1009664K Free: 320292K (32%)
####### 67 Fri May 22 15:29:28 UTC 2020 $PTII/bin/ptinvoke ptolemy.vergil.basic.export.ExportModel -force htm -run -openComposites -timeOut 30000 -whiteBackground ptolemy/domains/curriculum/demo/Curriculum/Curriculum.xml $PTII/ptolemy/domains/curriculum/demo/Curriculum/Curriculum
Model ".Curriculum" contains actors such cannot be run  as part of the export process from ExportModel or it has a WebExportParameters value that runBeforeExport set to false. To export run this model and export it, use vergil.
Exported /home/travis/build/icyphy/ptII/ptolemy/domains/curriculum/demo/Curriculum/Curriculum/index.html
3497 ms. Memory: 1009664K Free: 447252K (44%)
####### 68 Fri May 22 15:29:32 UTC 2020 $PTII/bin/ptinvoke ptolemy.vergil.basic.export.ExportModel -force htm -run -openComposites -timeOut 30000 -whiteBackground ptolemy/domains/dde/demo/LocalZeno/LocalZeno.xml $PTII/ptolemy/domains/dde/demo/LocalZeno/LocalZeno
Running .LocalZeno
ExportHTMLTimer went off after 30000 ms., calling getDirector().finish and getDirector().stopFire()
30078 ms. Memory: 1009664K Free: 310592K (31%)
Exported /home/travis/build/icyphy/ptII/ptolemy/domains/dde/demo/LocalZeno/LocalZeno/index.html
34208 ms. Memory: 1009664K Free: 245023K (24%)
####### 69 Fri May 22 15:30:06 UTC 2020 $PTII/bin/ptinvoke ptolemy.vergil.basic.export.ExportModel -force htm -run -openComposites -timeOut 30000 -whiteBackground ptolemy/domains/ddf/demo/Eratosthenes/Eratosthenes.xml $PTII/ptolemy/domains/ddf/demo/Eratosthenes/Eratosthenes
Running .Eratosthenes
789 ms. Memory: 1009664K Free: 310078K (31%)
Exported /home/travis/build/icyphy/ptII/ptolemy/domains/ddf/demo/Eratosthenes/Eratosthenes/index.html
9344 ms. Memory: 1009664K Free: 481778K (48%)
####### 70 Fri May 22 15:30:16 UTC 2020 $PTII/bin/ptinvoke ptolemy.vergil.basic.export.ExportModel -force htm -run -openComposites -timeOut 30000 -whiteBackground ptolemy/domains/ddf/demo/Factorial/Factorial.xml $PTII/ptolemy/domains/ddf/demo/Factorial/Factorial
Running .Factorial
83 ms. Memory: 1009664K Free: 360960K (36%)
Exported /home/travis/build/icyphy/ptII/ptolemy/domains/ddf/demo/Factorial/Factorial/index.html
5845 ms. Memory: 1009664K Free: 83954K (8%)
####### 71 Fri May 22 15:30:21 UTC 2020 $PTII/bin/ptinvoke ptolemy.vergil.basic.export.ExportModel -force htm -run -openComposites -timeOut 30000 -whiteBackground ptolemy/domains/ddf/demo/HanoiTower/HanoiTower.xml $PTII/ptolemy/domains/ddf/demo/HanoiTower/HanoiTower
Running .HanoiTower
ExportHTMLTimer went off after 30000 ms., calling getDirector().finish and getDirector().stopFire()
30016 ms. Memory: 1009664K Free: 267702K (27%)
Exported /home/travis/build/icyphy/ptII/ptolemy/domains/ddf/demo/HanoiTower/HanoiTower/index.html
67929 ms. Memory: 1009664K Free: 243574K (24%)
####### 72 Fri May 22 15:31:29 UTC 2020 $PTII/bin/ptinvoke ptolemy.vergil.basic.export.ExportModel -force htm -run -openComposites -timeOut 30000 -whiteBackground ptolemy/domains/ddf/demo/IfThenElse/IfThenElse.xml $PTII/ptolemy/domains/ddf/demo/IfThenElse/IfThenElse
Running .IfThenElse
17 ms. Memory: 1009664K Free: 130423K (13%)
Exported /home/travis/build/icyphy/ptII/ptolemy/domains/ddf/demo/IfThenElse/IfThenElse/index.html
4210 ms. Memory: 1009664K Free: 593999K (59%)
####### 73 Fri May 22 15:31:34 UTC 2020 $PTII/bin/ptinvoke ptolemy.vergil.basic.export.ExportModel -force htm -run -openComposites -timeOut 30000 -whiteBackground ptolemy/domains/ddf/demo/IfThenElse/IfThenElseFSM.xml $PTII/ptolemy/domains/ddf/demo/IfThenElse/IfThenElseFSM
Running .IfThenElseFSM
45 ms. Memory: 1009664K Free: 463975K (46%)
Exported /home/travis/build/icyphy/ptII/ptolemy/domains/ddf/demo/IfThenElse/IfThenElseFSM/index.html
4274 ms. Memory: 1009664K Free: 292386K (29%)
####### 74 Fri May 22 15:31:38 UTC 2020 $PTII/bin/ptinvoke ptolemy.vergil.basic.export.ExportModel -force htm -run -openComposites -timeOut 30000 -whiteBackground ptolemy/domains/ddf/demo/Loop/Loop.xml $PTII/ptolemy/domains/ddf/demo/Loop/Loop
Running .Loop
26 ms. Memory: 1009664K Free: 187495K (19%)
Exported /home/travis/build/icyphy/ptII/ptolemy/domains/ddf/demo/Loop/Loop/index.html
4143 ms. Memory: 1009664K Free: 135243K (13%)
####### 75 Fri May 22 15:31:42 UTC 2020 $PTII/bin/ptinvoke ptolemy.vergil.basic.export.ExportModel -force htm -run -openComposites -timeOut 30000 -whiteBackground ptolemy/domains/ddf/demo/OrderedMerge/OrderedMerge.xml $PTII/ptolemy/domains/ddf/demo/OrderedMerge/OrderedMerge
Running .OrderedMerge
19 ms. Memory: 1009664K Free: 545706K (54%)
Exported /home/travis/build/icyphy/ptII/ptolemy/domains/ddf/demo/OrderedMerge/OrderedMerge/index.html
4215 ms. Memory: 1009664K Free: 516488K (51%)
####### 76 Fri May 22 15:31:46 UTC 2020 $PTII/bin/ptinvoke ptolemy.vergil.basic.export.ExportModel -force htm -run -openComposites -timeOut 30000 -whiteBackground ptolemy/domains/ddf/demo/RandomWalk/RandomWalk.xml $PTII/ptolemy/domains/ddf/demo/RandomWalk/RandomWalk
Running .RandomWalk
41 ms. Memory: 1009664K Free: 396709K (39%)
Exported /home/travis/build/icyphy/ptII/ptolemy/domains/ddf/demo/RandomWalk/RandomWalk/index.html
4220 ms. Memory: 1009664K Free: 289661K (29%)
####### 77 Fri May 22 15:31:50 UTC 2020 $PTII/bin/ptinvoke ptolemy.vergil.basic.export.ExportModel -force htm  -openComposites -timeOut 30000 -whiteBackground ptolemy/domains/ddf/demo/RijndaelEncryption/RijndaelEncryption.xml $PTII/ptolemy/domains/ddf/demo/RijndaelEncryption/RijndaelEncryption
Warning: not running ptolemy/domains/ddf/demo/RijndaelEncryption/RijndaelEncryption.xml. See ptolemy/vergil/basic/export/test/junit/ExportModelJUnitTest.java
Exported /home/travis/build/icyphy/ptII/ptolemy/domains/ddf/demo/RijndaelEncryption/RijndaelEncryption/index.html
4490 ms. Memory: 1009664K Free: 154980K (15%)
####### 78 Fri May 22 15:31:55 UTC 2020 $PTII/bin/ptinvoke ptolemy.vergil.basic.export.ExportModel -force htm -run -openComposites -timeOut 30000 -whiteBackground ptolemy/domains/de/demo/AFDX/AFDX.xml $PTII/ptolemy/domains/de/demo/AFDX/AFDX
Running .AFDX
51 ms. Memory: 1009664K Free: 547219K (54%)
Exported /home/travis/build/icyphy/ptII/ptolemy/domains/de/demo/AFDX/AFDX/index.html
4365 ms. Memory: 1009664K Free: 372000K (37%)
####### 79 Fri May 22 15:31:59 UTC 2020 $PTII/bin/ptinvoke ptolemy.vergil.basic.export.ExportModel -force htm -run -openComposites -timeOut 30000 -whiteBackground ptolemy/domains/de/demo/AssemblyLine/AssemblyLine.xml $PTII/ptolemy/domains/de/demo/AssemblyLine/AssemblyLine
Running .AssemblyLine
13 ms. Memory: 1009664K Free: 235428K (23%)
Exported /home/travis/build/icyphy/ptII/ptolemy/domains/de/demo/AssemblyLine/AssemblyLine/index.html
4139 ms. Memory: 1009664K Free: 189315K (19%)
####### 80 Fri May 22 15:32:03 UTC 2020 $PTII/bin/ptinvoke ptolemy.vergil.basic.export.ExportModel -force htm -run -openComposites -timeOut 30000 -whiteBackground ptolemy/domains/de/demo/Bus/Bus.xml $PTII/ptolemy/domains/de/demo/Bus/Bus
Running .Bus
12 ms. Memory: 1009664K Free: 624042K (62%)
Exported /home/travis/build/icyphy/ptII/ptolemy/domains/de/demo/Bus/Bus/index.html
4263 ms. Memory: 1009664K Free: 502161K (50%)
####### 81 Fri May 22 15:32:08 UTC 2020 $PTII/bin/ptinvoke ptolemy.vergil.basic.export.ExportModel -force htm  -openComposites -timeOut 30000 -whiteBackground ptolemy/domains/de/demo/Clock/Clock.xml $PTII/ptolemy/domains/de/demo/Clock/Clock
Warning: not running ptolemy/domains/de/demo/Clock/Clock.xml. See ptolemy/vergil/basic/export/test/junit/ExportModelJUnitTest.java
Exported /home/travis/build/icyphy/ptII/ptolemy/domains/de/demo/Clock/Clock/index.html
3204 ms. Memory: 1009664K Free: 311164K (31%)
####### 82 Fri May 22 15:32:11 UTC 2020 $PTII/bin/ptinvoke ptolemy.vergil.basic.export.ExportModel -force htm -run -openComposites -timeOut 30000 -whiteBackground ptolemy/domains/de/demo/ClockDrift/ClockDrift.xml $PTII/ptolemy/domains/de/demo/ClockDrift/ClockDrift
Running .ClockDrift
22 ms. Memory: 1009664K Free: 219048K (22%)
Exported /home/travis/build/icyphy/ptII/ptolemy/domains/de/demo/ClockDrift/ClockDrift/index.html
4236 ms. Memory: 1009664K Free: 113523K (11%)
####### 83 Fri May 22 15:32:15 UTC 2020 $PTII/bin/ptinvoke ptolemy.vergil.basic.export.ExportModel -force htm -run -openComposites -timeOut 30000 -whiteBackground ptolemy/domains/de/demo/DateDemo/DateDemo.xml $PTII/ptolemy/domains/de/demo/DateDemo/DateDemo
Running .DateDemo
3102 ms. Memory: 1009664K Free: 365482K (36%)
Exported /home/travis/build/icyphy/ptII/ptolemy/domains/de/demo/DateDemo/DateDemo/index.html
7429 ms. Memory: 1009664K Free: 298192K (30%)
####### 84 Fri May 22 15:32:23 UTC 2020 $PTII/bin/ptinvoke ptolemy.vergil.basic.export.ExportModel -force htm -run -openComposites -timeOut 30000 -whiteBackground ptolemy/domains/de/demo/EventButton/EventButton.xml $PTII/ptolemy/domains/de/demo/EventButton/EventButton
Running .EventButton
ExportHTMLTimer went off after 30000 ms., calling getDirector().finish and getDirector().stopFire()
30004 ms. Memory: 1009664K Free: 213414K (21%)
Exported /home/travis/build/icyphy/ptII/ptolemy/domains/de/demo/EventButton/EventButton/index.html
34151 ms. Memory: 1009664K Free: 184723K (18%)
####### 85 Fri May 22 15:32:57 UTC 2020 $PTII/bin/ptinvoke ptolemy.vergil.basic.export.ExportModel -force htm -run -openComposites -timeOut 30000 -whiteBackground ptolemy/domains/de/demo/Inspection/Inspection.xml $PTII/ptolemy/domains/de/demo/Inspection/Inspection
Running .Inspection
37 ms. Memory: 1009664K Free: 551322K (55%)
Exported /home/travis/build/icyphy/ptII/ptolemy/domains/de/demo/Inspection/Inspection/index.html
4340 ms. Memory: 1009664K Free: 424828K (42%)
####### 86 Fri May 22 15:33:01 UTC 2020 $PTII/bin/ptinvoke ptolemy.vergil.basic.export.ExportModel -force htm  -openComposites -timeOut 30000 -whiteBackground ptolemy/domains/de/demo/LineFault/LineFault.xml $PTII/ptolemy/domains/de/demo/LineFault/LineFault
Warning: not running ptolemy/domains/de/demo/LineFault/LineFault.xml. See ptolemy/vergil/basic/export/test/junit/ExportModelJUnitTest.java
Exported /home/travis/build/icyphy/ptII/ptolemy/domains/de/demo/LineFault/LineFault/index.html
6207 ms. Memory: 1009664K Free: 234199K (23%)
####### 87 Fri May 22 15:33:07 UTC 2020 $PTII/bin/ptinvoke ptolemy.vergil.basic.export.ExportModel -force htm  -openComposites -timeOut 30000 -whiteBackground ptolemy/domains/de/demo/LongRuns/LongRuns.xml $PTII/ptolemy/domains/de/demo/LongRuns/LongRuns
Warning: not running ptolemy/domains/de/demo/LongRuns/LongRuns.xml. See ptolemy/vergil/basic/export/test/junit/ExportModelJUnitTest.java
Exported /home/travis/build/icyphy/ptII/ptolemy/domains/de/demo/LongRuns/LongRuns/index.html
3150 ms. Memory: 1009664K Free: 102102K (10%)
####### 88 Fri May 22 15:33:10 UTC 2020 $PTII/bin/ptinvoke ptolemy.vergil.basic.export.ExportModel -force htm -run -openComposites -timeOut 30000 -whiteBackground ptolemy/domains/de/demo/ModalModel/ModalModel.xml $PTII/ptolemy/domains/de/demo/ModalModel/ModalModel
Running .ModalModel
160 ms. Memory: 1009664K Free: 443895K (44%)
Exported /home/travis/build/icyphy/ptII/ptolemy/domains/de/demo/ModalModel/ModalModel/index.html
4516 ms. Memory: 1009664K Free: 265659K (26%)
####### 89 Fri May 22 15:33:15 UTC 2020 $PTII/bin/ptinvoke ptolemy.vergil.basic.export.ExportModel -force htm -run -openComposites -timeOut 30000 -whiteBackground ptolemy/domains/de/demo/OpenQueueingNetwork/OpenQueueingNetwork.xml $PTII/ptolemy/domains/de/demo/OpenQueueingNetwork/OpenQueueingNetwork
Running .OpenQueueingNetwork
2576 ms. Memory: 1009664K Free: 560649K (56%)
Exported /home/travis/build/icyphy/ptII/ptolemy/domains/de/demo/OpenQueueingNetwork/OpenQueueingNetwork/index.html
6906 ms. Memory: 1009664K Free: 395211K (39%)
####### 90 Fri May 22 15:33:22 UTC 2020 $PTII/bin/ptinvoke ptolemy.vergil.basic.export.ExportModel -force htm -run -openComposites -timeOut 30000 -whiteBackground ptolemy/domains/de/demo/PersistentIO/PersistentIO.xml $PTII/ptolemy/domains/de/demo/PersistentIO/PersistentIO
Running .PersistentIO
16 ms. Memory: 1009664K Free: 288258K (29%)
Exported /home/travis/build/icyphy/ptII/ptolemy/domains/de/demo/PersistentIO/PersistentIO/index.html
4202 ms. Memory: 1009664K Free: 214496K (21%)
####### 91 Fri May 22 15:33:26 UTC 2020 $PTII/bin/ptinvoke ptolemy.vergil.basic.export.ExportModel -force htm -run -openComposites -timeOut 30000 -whiteBackground ptolemy/domains/de/demo/QueueAndServer/QueueAndServer.xml $PTII/ptolemy/domains/de/demo/QueueAndServer/QueueAndServer
Running .QueueAndServer
17 ms. Memory: 1009664K Free: 618202K (61%)
Exported /home/travis/build/icyphy/ptII/ptolemy/domains/de/demo/QueueAndServer/QueueAndServer/index.html
4161 ms. Memory: 1009664K Free: 562360K (56%)
####### 92 Fri May 22 15:33:30 UTC 2020 $PTII/bin/ptinvoke ptolemy.vergil.basic.export.ExportModel -force htm  -openComposites -timeOut 30000 -whiteBackground ptolemy/domains/de/demo/RealTimeComposite/RealTimeComposite.xml $PTII/ptolemy/domains/de/demo/RealTimeComposite/RealTimeComposite
Warning: not running ptolemy/domains/de/demo/RealTimeComposite/RealTimeComposite.xml. See ptolemy/vergil/basic/export/test/junit/ExportModelJUnitTest.java
Exported /home/travis/build/icyphy/ptII/ptolemy/domains/de/demo/RealTimeComposite/RealTimeComposite/index.html
3382 ms. Memory: 1009664K Free: 431789K (43%)
####### 93 Fri May 22 15:33:34 UTC 2020 $PTII/bin/ptinvoke ptolemy.vergil.basic.export.ExportModel -force htm -run -openComposites -timeOut 30000 -whiteBackground ptolemy/domains/de/demo/SmartSender/SmartSender.xml $PTII/ptolemy/domains/de/demo/SmartSender/SmartSender
Running .SmartSender
ExportHTMLTimer went off after 30000 ms., calling getDirector().finish and getDirector().stopFire()
30001 ms. Memory: 1009664K Free: 335068K (33%)
Exported /home/travis/build/icyphy/ptII/ptolemy/domains/de/demo/SmartSender/SmartSender/index.html
34127 ms. Memory: 1009664K Free: 309955K (31%)
####### 94 Fri May 22 15:34:08 UTC 2020 $PTII/bin/ptinvoke ptolemy.vergil.basic.export.ExportModel -force htm -run -openComposites -timeOut 30000 -whiteBackground ptolemy/domains/de/demo/Switch/Switch.xml $PTII/ptolemy/domains/de/demo/Switch/Switch
Running .Switch
22 ms. Memory: 1009664K Free: 193749K (19%)
Exported /home/travis/build/icyphy/ptII/ptolemy/domains/de/demo/Switch/Switch/index.html
4462 ms. Memory: 1009664K Free: 438395K (43%)
####### 95 Fri May 22 15:34:12 UTC 2020 $PTII/bin/ptinvoke ptolemy.vergil.basic.export.ExportModel -force htm -run -openComposites -timeOut 30000 -whiteBackground ptolemy/domains/de/demo/TimingParadox/TimingParadox.xml $PTII/ptolemy/domains/de/demo/TimingParadox/TimingParadox
Running .TimingParadox
2570 ms. Memory: 1009664K Free: 414894K (41%)
[...]
Running .MultipleRuns
469 ms. Memory: 1009664K Free: 579294K (57%)
Exported /home/travis/build/icyphy/ptII/ptolemy/domains/modal/demo/MultipleRuns/MultipleRuns/index.html
4695 ms. Memory: 1009664K Free: 451743K (45%)
####### 122 Fri May 22 15:42:46 UTC 2020 $PTII/bin/ptinvoke ptolemy.vergil.basic.export.ExportModel -force htm -run -openComposites -timeOut 30000 -whiteBackground ptolemy/domains/modal/demo/PersistentIO/PersistentIO.xml $PTII/ptolemy/domains/modal/demo/PersistentIO/PersistentIO
Running .PersistentIO
26 ms. Memory: 1009664K Free: 335068K (33%)
Exported /home/travis/build/icyphy/ptII/ptolemy/domains/modal/demo/PersistentIO/PersistentIO/index.html
4244 ms. Memory: 1009664K Free: 224976K (22%)
####### 123 Fri May 22 15:42:51 UTC 2020 $PTII/bin/ptinvoke ptolemy.vergil.basic.export.ExportModel -force htm -run -openComposites -timeOut 30000 -whiteBackground ptolemy/domains/modal/demo/StateTracker/StateTracker.xml $PTII/ptolemy/domains/modal/demo/StateTracker/StateTracker
Running .StateTracker
19 ms. Memory: 1009664K Free: 604500K (60%)
Exported /home/travis/build/icyphy/ptII/ptolemy/domains/modal/demo/StateTracker/StateTracker/index.html
4303 ms. Memory: 1009664K Free: 423162K (42%)
####### 124 Fri May 22 15:42:55 UTC 2020 $PTII/bin/ptinvoke ptolemy.vergil.basic.export.ExportModel -force htm  -openComposites -timeOut 30000 -whiteBackground ptolemy/domains/modal/demo/SystemLevelType/CSPDomain.xml $PTII/ptolemy/domains/modal/demo/SystemLevelType/CSPDomain
Warning: not running ptolemy/domains/modal/demo/SystemLevelType/CSPDomain.xml. See ptolemy/vergil/basic/export/test/junit/ExportModelJUnitTest.java
Exported /home/travis/build/icyphy/ptII/ptolemy/domains/modal/demo/SystemLevelType/CSPDomain/index.html
3137 ms. Memory: 1009664K Free: 297794K (29%)
####### 125 Fri May 22 15:42:58 UTC 2020 $PTII/bin/ptinvoke ptolemy.vergil.basic.export.ExportModel -force htm  -openComposites -timeOut 30000 -whiteBackground ptolemy/domains/modal/demo/SystemLevelType/CSPDomain_PolyActor.xml $PTII/ptolemy/domains/modal/demo/SystemLevelType/CSPDomain_PolyActor
Warning: not running ptolemy/domains/modal/demo/SystemLevelType/CSPDomain_PolyActor.xml. See ptolemy/vergil/basic/export/test/junit/ExportModelJUnitTest.java
Exported /home/travis/build/icyphy/ptII/ptolemy/domains/modal/demo/SystemLevelType/CSPDomain_PolyActor/index.html
3133 ms. Memory: 1009664K Free: 591038K (59%)
####### 126 Fri May 22 15:43:01 UTC 2020 $PTII/bin/ptinvoke ptolemy.vergil.basic.export.ExportModel -force htm  -openComposites -timeOut 30000 -whiteBackground ptolemy/domains/modal/demo/SystemLevelType/CSPDomain_SDFActor.xml $PTII/ptolemy/domains/modal/demo/SystemLevelType/CSPDomain_SDFActor
Warning: not running ptolemy/domains/modal/demo/SystemLevelType/CSPDomain_SDFActor.xml. See ptolemy/vergil/basic/export/test/junit/ExportModelJUnitTest.java
Exported /home/travis/build/icyphy/ptII/ptolemy/domains/modal/demo/SystemLevelType/CSPDomain_SDFActor/index.html
3120 ms. Memory: 1009664K Free: 478400K (47%)
####### 127 Fri May 22 15:43:04 UTC 2020 $PTII/bin/ptinvoke ptolemy.vergil.basic.export.ExportModel -force htm  -openComposites -timeOut 30000 -whiteBackground ptolemy/domains/modal/demo/SystemLevelType/DEDomain.xml $PTII/ptolemy/domains/modal/demo/SystemLevelType/DEDomain
Warning: not running ptolemy/domains/modal/demo/SystemLevelType/DEDomain.xml. See ptolemy/vergil/basic/export/test/junit/ExportModelJUnitTest.java
Exported /home/travis/build/icyphy/ptII/ptolemy/domains/modal/demo/SystemLevelType/DEDomain/index.html
3134 ms. Memory: 1009664K Free: 353985K (35%)
####### 128 Fri May 22 15:43:07 UTC 2020 $PTII/bin/ptinvoke ptolemy.vergil.basic.export.ExportModel -force htm  -openComposites -timeOut 30000 -whiteBackground ptolemy/domains/modal/demo/SystemLevelType/DEDomain_PolyActor.xml $PTII/ptolemy/domains/modal/demo/SystemLevelType/DEDomain_PolyActor
Warning: not running ptolemy/domains/modal/demo/SystemLevelType/DEDomain_PolyActor.xml. See ptolemy/vergil/basic/export/test/junit/ExportModelJUnitTest.java
Exported /home/travis/build/icyphy/ptII/ptolemy/domains/modal/demo/SystemLevelType/DEDomain_PolyActor/index.html
3136 ms. Memory: 1009664K Free: 227524K (23%)
####### 129 Fri May 22 15:43:11 UTC 2020 $PTII/bin/ptinvoke ptolemy.vergil.basic.export.ExportModel -force htm  -openComposites -timeOut 30000 -whiteBackground ptolemy/domains/modal/demo/SystemLevelType/DEDomain_SDFActor.xml $PTII/ptolemy/domains/modal/demo/SystemLevelType/DEDomain_SDFActor
Warning: not running ptolemy/domains/modal/demo/SystemLevelType/DEDomain_SDFActor.xml. See ptolemy/vergil/basic/export/test/junit/ExportModelJUnitTest.java
Exported /home/travis/build/icyphy/ptII/ptolemy/domains/modal/demo/SystemLevelType/DEDomain_SDFActor/index.html
3089 ms. Memory: 1009664K Free: 599229K (59%)
####### 130 Fri May 22 15:43:14 UTC 2020 $PTII/bin/ptinvoke ptolemy.vergil.basic.export.ExportModel -force htm  -openComposites -timeOut 30000 -whiteBackground ptolemy/domains/modal/demo/SystemLevelType/DP.xml $PTII/ptolemy/domains/modal/demo/SystemLevelType/DP
Warning: not running ptolemy/domains/modal/demo/SystemLevelType/DP.xml. See ptolemy/vergil/basic/export/test/junit/ExportModelJUnitTest.java
Exported /home/travis/build/icyphy/ptII/ptolemy/domains/modal/demo/SystemLevelType/DP/index.html
3142 ms. Memory: 1009664K Free: 539568K (53%)
####### 131 Fri May 22 15:43:17 UTC 2020 $PTII/bin/ptinvoke ptolemy.vergil.basic.export.ExportModel -force htm  -openComposites -timeOut 30000 -whiteBackground ptolemy/domains/modal/demo/SystemLevelType/DummyDirector1.xml $PTII/ptolemy/domains/modal/demo/SystemLevelType/DummyDirector1
Warning: not running ptolemy/domains/modal/demo/SystemLevelType/DummyDirector1.xml. See ptolemy/vergil/basic/export/test/junit/ExportModelJUnitTest.java
Exported /home/travis/build/icyphy/ptII/ptolemy/domains/modal/demo/SystemLevelType/DummyDirector1/index.html
3099 ms. Memory: 1009664K Free: 438194K (43%)
####### 132 Fri May 22 15:43:20 UTC 2020 $PTII/bin/ptinvoke ptolemy.vergil.basic.export.ExportModel -force htm  -openComposites -timeOut 30000 -whiteBackground ptolemy/domains/modal/demo/SystemLevelType/DummyDirector1_SDFActor.xml $PTII/ptolemy/domains/modal/demo/SystemLevelType/DummyDirector1_SDFActor
Warning: not running ptolemy/domains/modal/demo/SystemLevelType/DummyDirector1_SDFActor.xml. See ptolemy/vergil/basic/export/test/junit/ExportModelJUnitTest.java
Exported /home/travis/build/icyphy/ptII/ptolemy/domains/modal/demo/SystemLevelType/DummyDirector1_SDFActor/index.html
3094 ms. Memory: 1009664K Free: 332211K (33%)
####### 133 Fri May 22 15:43:23 UTC 2020 $PTII/bin/ptinvoke ptolemy.vergil.basic.export.ExportModel -force htm  -openComposites -timeOut 30000 -whiteBackground ptolemy/domains/modal/demo/SystemLevelType/DummyDirector2.xml $PTII/ptolemy/domains/modal/demo/SystemLevelType/DummyDirector2
Warning: not running ptolemy/domains/modal/demo/SystemLevelType/DummyDirector2.xml. See ptolemy/vergil/basic/export/test/junit/ExportModelJUnitTest.java
Exported /home/travis/build/icyphy/ptII/ptolemy/domains/modal/demo/SystemLevelType/DummyDirector2/index.html
3093 ms. Memory: 1009664K Free: 228272K (23%)
####### 134 Fri May 22 15:43:26 UTC 2020 $PTII/bin/ptinvoke ptolemy.vergil.basic.export.ExportModel -force htm  -openComposites -timeOut 30000 -whiteBackground ptolemy/domains/modal/demo/SystemLevelType/DummyDirector2_SDFActor.xml $PTII/ptolemy/domains/modal/demo/SystemLevelType/DummyDirector2_SDFActor
Warning: not running ptolemy/domains/modal/demo/SystemLevelType/DummyDirector2_SDFActor.xml. See ptolemy/vergil/basic/export/test/junit/ExportModelJUnitTest.java
Exported /home/travis/build/icyphy/ptII/ptolemy/domains/modal/demo/SystemLevelType/DummyDirector2_SDFActor/index.html
3090 ms. Memory: 1009664K Free: 620169K (61%)
####### 135 Fri May 22 15:43:29 UTC 2020 $PTII/bin/ptinvoke ptolemy.vergil.basic.export.ExportModel -force htm  -openComposites -timeOut 30000 -whiteBackground ptolemy/domains/modal/demo/SystemLevelType/InterruptableWaitingThreadA.xml $PTII/ptolemy/domains/modal/demo/SystemLevelType/InterruptableWaitingThreadA
Warning: not running ptolemy/domains/modal/demo/SystemLevelType/InterruptableWaitingThreadA.xml. See ptolemy/vergil/basic/export/test/junit/ExportModelJUnitTest.java
Exported /home/travis/build/icyphy/ptII/ptolemy/domains/modal/demo/SystemLevelType/InterruptableWaitingThreadA/index.html
3164 ms. Memory: 1009664K Free: 480394K (48%)
####### 136 Fri May 22 15:43:32 UTC 2020 $PTII/bin/ptinvoke ptolemy.vergil.basic.export.ExportModel -force htm  -openComposites -timeOut 30000 -whiteBackground ptolemy/domains/modal/demo/SystemLevelType/Interrupter.xml $PTII/ptolemy/domains/modal/demo/SystemLevelType/Interrupter
Warning: not running ptolemy/domains/modal/demo/SystemLevelType/Interrupter.xml. See ptolemy/vergil/basic/export/test/junit/ExportModelJUnitTest.java
Exported /home/travis/build/icyphy/ptII/ptolemy/domains/modal/demo/SystemLevelType/Interrupter/index.html
3107 ms. Memory: 1009664K Free: 360583K (36%)
####### 137 Fri May 22 15:43:35 UTC 2020 $PTII/bin/ptinvoke ptolemy.vergil.basic.export.ExportModel -force htm  -openComposites -timeOut 30000 -whiteBackground ptolemy/domains/modal/demo/SystemLevelType/Monitor.xml $PTII/ptolemy/domains/modal/demo/SystemLevelType/Monitor
Warning: not running ptolemy/domains/modal/demo/SystemLevelType/Monitor.xml. See ptolemy/vergil/basic/export/test/junit/ExportModelJUnitTest.java
Exported /home/travis/build/icyphy/ptII/ptolemy/domains/modal/demo/SystemLevelType/Monitor/index.html
3100 ms. Memory: 1009664K Free: 244877K (24%)
####### 138 Fri May 22 15:43:39 UTC 2020 $PTII/bin/ptinvoke ptolemy.vergil.basic.export.ExportModel -force htm  -openComposites -timeOut 30000 -whiteBackground ptolemy/domains/modal/demo/SystemLevelType/PNDomain.xml $PTII/ptolemy/domains/modal/demo/SystemLevelType/PNDomain
Warning: not running ptolemy/domains/modal/demo/SystemLevelType/PNDomain.xml. See ptolemy/vergil/basic/export/test/junit/ExportModelJUnitTest.java
Exported /home/travis/build/icyphy/ptII/ptolemy/domains/modal/demo/SystemLevelType/PNDomain/index.html
3107 ms. Memory: 1009664K Free: 611552K (61%)
####### 139 Fri May 22 15:43:42 UTC 2020 $PTII/bin/ptinvoke ptolemy.vergil.basic.export.ExportModel -force htm  -openComposites -timeOut 30000 -whiteBackground ptolemy/domains/modal/demo/SystemLevelType/PNDomain_PolyActor.xml $PTII/ptolemy/domains/modal/demo/SystemLevelType/PNDomain_PolyActor
Warning: not running ptolemy/domains/modal/demo/SystemLevelType/PNDomain_PolyActor.xml. See ptolemy/vergil/basic/export/test/junit/ExportModelJUnitTest.java
Exported /home/travis/build/icyphy/ptII/ptolemy/domains/modal/demo/SystemLevelType/PNDomain_PolyActor/index.html
3115 ms. Memory: 1009664K Free: 499421K (49%)
####### 140 Fri May 22 15:43:45 UTC 2020 $PTII/bin/ptinvoke ptolemy.vergil.basic.export.ExportModel -force htm  -openComposites -timeOut 30000 -whiteBackground ptolemy/domains/modal/demo/SystemLevelType/PNDomain_SDFActor.xml $PTII/ptolemy/domains/modal/demo/SystemLevelType/PNDomain_SDFActor
Warning: not running ptolemy/domains/modal/demo/SystemLevelType/PNDomain_SDFActor.xml. See ptolemy/vergil/basic/export/test/junit/ExportModelJUnitTest.java
Exported /home/travis/build/icyphy/ptII/ptolemy/domains/modal/demo/SystemLevelType/PNDomain_SDFActor/index.html
3096 ms. Memory: 1009664K Free: 390879K (39%)
####### 141 Fri May 22 15:43:48 UTC 2020 $PTII/bin/ptinvoke ptolemy.vergil.basic.export.ExportModel -force htm  -openComposites -timeOut 30000 -whiteBackground ptolemy/domains/modal/demo/SystemLevelType/PolyActor.xml $PTII/ptolemy/domains/modal/demo/SystemLevelType/PolyActor
Warning: not running ptolemy/domains/modal/demo/SystemLevelType/PolyActor.xml. See ptolemy/vergil/basic/export/test/junit/ExportModelJUnitTest.java
Exported /home/travis/build/icyphy/ptII/ptolemy/domains/modal/demo/SystemLevelType/PolyActor/index.html
3106 ms. Memory: 1009664K Free: 269541K (27%)
####### 142 Fri May 22 15:43:51 UTC 2020 $PTII/bin/ptinvoke ptolemy.vergil.basic.export.ExportModel -force htm  -openComposites -timeOut 30000 -whiteBackground ptolemy/domains/modal/demo/SystemLevelType/SDFActor.xml $PTII/ptolemy/domains/modal/demo/SystemLevelType/SDFActor
Warning: not running ptolemy/domains/modal/demo/SystemLevelType/SDFActor.xml. See ptolemy/vergil/basic/export/test/junit/ExportModelJUnitTest.java
Exported /home/travis/build/icyphy/ptII/ptolemy/domains/modal/demo/SystemLevelType/SDFActor/index.html
3105 ms. Memory: 1009664K Free: 157401K (16%)
####### 143 Fri May 22 15:43:54 UTC 2020 $PTII/bin/ptinvoke ptolemy.vergil.basic.export.ExportModel -force htm  -openComposites -timeOut 30000 -whiteBackground ptolemy/domains/modal/demo/SystemLevelType/SDFDomain.xml $PTII/ptolemy/domains/modal/demo/SystemLevelType/SDFDomain
Warning: not running ptolemy/domains/modal/demo/SystemLevelType/SDFDomain.xml. See ptolemy/vergil/basic/export/test/junit/ExportModelJUnitTest.java
Exported /home/travis/build/icyphy/ptII/ptolemy/domains/modal/demo/SystemLevelType/SDFDomain/index.html
3131 ms. Memory: 1009664K Free: 541644K (54%)
####### 144 Fri May 22 15:43:57 UTC 2020 $PTII/bin/ptinvoke ptolemy.vergil.basic.export.ExportModel -force htm  -openComposites -timeOut 30000 -whiteBackground ptolemy/domains/modal/demo/SystemLevelType/SDFDomain_PolyActor.xml $PTII/ptolemy/domains/modal/demo/SystemLevelType/SDFDomain_PolyActor
Warning: not running ptolemy/domains/modal/demo/SystemLevelType/SDFDomain_PolyActor.xml. See ptolemy/vergil/basic/export/test/junit/ExportModelJUnitTest.java
Exported /home/travis/build/icyphy/ptII/ptolemy/domains/modal/demo/SystemLevelType/SDFDomain_PolyActor/index.html
3102 ms. Memory: 1009664K Free: 419263K (42%)
####### 145 Fri May 22 15:44:00 UTC 2020 $PTII/bin/ptinvoke ptolemy.vergil.basic.export.ExportModel -force htm  -openComposites -timeOut 30000 -whiteBackground ptolemy/domains/modal/demo/SystemLevelType/SDFDomain_SDFActor.xml $PTII/ptolemy/domains/modal/demo/SystemLevelType/SDFDomain_SDFActor
Warning: not running ptolemy/domains/modal/demo/SystemLevelType/SDFDomain_SDFActor.xml. See ptolemy/vergil/basic/export/test/junit/ExportModelJUnitTest.java
Exported /home/travis/build/icyphy/ptII/ptolemy/domains/modal/demo/SystemLevelType/SDFDomain_SDFActor/index.html
3099 ms. Memory: 1009664K Free: 298956K (30%)
####### 146 Fri May 22 15:44:03 UTC 2020 $PTII/bin/ptinvoke ptolemy.vergil.basic.export.ExportModel -force htm  -openComposites -timeOut 30000 -whiteBackground ptolemy/domains/modal/demo/SystemLevelType/ThreadA.xml $PTII/ptolemy/domains/modal/demo/SystemLevelType/ThreadA
Warning: not running ptolemy/domains/modal/demo/SystemLevelType/ThreadA.xml. See ptolemy/vergil/basic/export/test/junit/ExportModelJUnitTest.java
Exported /home/travis/build/icyphy/ptII/ptolemy/domains/modal/demo/SystemLevelType/ThreadA/index.html
3101 ms. Memory: 1009664K Free: 195021K (19%)
####### 147 Fri May 22 15:44:07 UTC 2020 $PTII/bin/ptinvoke ptolemy.vergil.basic.export.ExportModel -force htm  -openComposites -timeOut 30000 -whiteBackground ptolemy/domains/modal/demo/SystemLevelType/ThreadA_Monitor_ThreadB.xml $PTII/ptolemy/domains/modal/demo/SystemLevelType/ThreadA_Monitor_ThreadB
Warning: not running ptolemy/domains/modal/demo/SystemLevelType/ThreadA_Monitor_ThreadB.xml. See ptolemy/vergil/basic/export/test/junit/ExportModelJUnitTest.java
Exported /home/travis/build/icyphy/ptII/ptolemy/domains/modal/demo/SystemLevelType/ThreadA_Monitor_ThreadB/index.html
3114 ms. Memory: 1009664K Free: 566206K (56%)
####### 148 Fri May 22 15:44:10 UTC 2020 $PTII/bin/ptinvoke ptolemy.vergil.basic.export.ExportModel -force htm  -openComposites -timeOut 30000 -whiteBackground ptolemy/domains/modal/demo/SystemLevelType/ThreadB.xml $PTII/ptolemy/domains/modal/demo/SystemLevelType/ThreadB
Warning: not running ptolemy/domains/modal/demo/SystemLevelType/ThreadB.xml. See ptolemy/vergil/basic/export/test/junit/ExportModelJUnitTest.java
Exported /home/travis/build/icyphy/ptII/ptolemy/domains/modal/demo/SystemLevelType/ThreadB/index.html
3095 ms. Memory: 1009664K Free: 462272K (46%)
####### 149 Fri May 22 15:44:13 UTC 2020 $PTII/bin/ptinvoke ptolemy.vergil.basic.export.ExportModel -force htm  -openComposites -timeOut 30000 -whiteBackground ptolemy/domains/modal/demo/SystemLevelType/ThreadBNotifies.xml $PTII/ptolemy/domains/modal/demo/SystemLevelType/ThreadBNotifies
Warning: not running ptolemy/domains/modal/demo/SystemLevelType/ThreadBNotifies.xml. See ptolemy/vergil/basic/export/test/junit/ExportModelJUnitTest.java
Exported /home/travis/build/icyphy/ptII/ptolemy/domains/modal/demo/SystemLevelType/ThreadBNotifies/index.html
3095 ms. Memory: 1009664K Free: 357805K (35%)
####### 150 Fri May 22 15:44:16 UTC 2020 $PTII/bin/ptinvoke ptolemy.vergil.basic.export.ExportModel -force htm  -openComposites -timeOut 30000 -whiteBackground ptolemy/domains/modal/demo/SystemLevelType/Trigger.xml $PTII/ptolemy/domains/modal/demo/SystemLevelType/Trigger
Warning: not running ptolemy/domains/modal/demo/SystemLevelType/Trigger.xml. See ptolemy/vergil/basic/export/test/junit/ExportModelJUnitTest.java
Exported /home/travis/build/icyphy/ptII/ptolemy/domains/modal/demo/SystemLevelType/Trigger/index.html
3094 ms. Memory: 1009664K Free: 612910K (61%)
]]></system-out>
  <system-err><![CDATA[May 22, 2020 3:22:01 PM sun.awt.X11.XToolkit processException
WARNING: Exception on Toolkit thread
java.lang.NullPointerException
	at java.desktop/java.awt.Component$BltBufferStrategy.contentsLost(Component.java:4584)
	at java.desktop/java.awt.Component$BltSubRegionBufferStrategy.showIfNotLost(Component.java:4647)
	at java.desktop/javax.swing.BufferStrategyPaintManager.show(BufferStrategyPaintManager.java:208)
	at java.desktop/javax.swing.RepaintManager.show(RepaintManager.java:1430)
	at java.desktop/javax.swing.SwingPaintEventDispatcher.createPaintEvent(SwingPaintEventDispatcher.java:61)
	at java.desktop/sun.awt.X11.XWindow.postPaintEvent(XWindow.java:568)
	at java.desktop/sun.awt.X11.XContentWindow.postPaintEvent(XContentWindow.java:180)
	at java.desktop/sun.awt.X11.XWindow.handleExposeEvent(XWindow.java:562)
	at java.desktop/sun.awt.X11.XContentWindow.handleExposeEvent(XContentWindow.java:151)
	at java.desktop/sun.awt.X11.XBaseWindow.dispatchEvent(XBaseWindow.java:1132)
	at java.desktop/sun.awt.X11.XBaseWindow.dispatchToWindow(XBaseWindow.java:1108)
	at java.desktop/sun.awt.X11.XToolkit.dispatchEvent(XToolkit.java:621)
	at java.desktop/sun.awt.X11.XToolkit.run(XToolkit.java:736)
	at java.desktop/sun.awt.X11.XToolkit.run(XToolkit.java:652)
	at java.base/java.lang.Thread.run(Thread.java:834)

May 22, 2020 3:35:12 PM sun.awt.X11.XToolkit processException
WARNING: Exception on Toolkit thread
java.lang.NullPointerException
	at java.desktop/java.awt.Component$BltBufferStrategy.contentsLost(Component.java:4584)
	at java.desktop/java.awt.Component$BltSubRegionBufferStrategy.showIfNotLost(Component.java:4647)
	at java.desktop/javax.swing.BufferStrategyPaintManager.show(BufferStrategyPaintManager.java:208)
	at java.desktop/javax.swing.RepaintManager.show(RepaintManager.java:1430)
	at java.desktop/javax.swing.SwingPaintEventDispatcher.createPaintEvent(SwingPaintEventDispatcher.java:61)
	at java.desktop/sun.awt.X11.XWindow.postPaintEvent(XWindow.java:568)
	at java.desktop/sun.awt.X11.XContentWindow.postPaintEvent(XContentWindow.java:180)
	at java.desktop/sun.awt.X11.XWindow.handleExposeEvent(XWindow.java:562)
	at java.desktop/sun.awt.X11.XContentWindow.handleExposeEvent(XContentWindow.java:151)
	at java.desktop/sun.awt.X11.XBaseWindow.dispatchEvent(XBaseWindow.java:1132)
	at java.desktop/sun.awt.X11.XBaseWindow.dispatchToWindow(XBaseWindow.java:1108)
	at java.desktop/sun.awt.X11.XToolkit.dispatchEvent(XToolkit.java:621)
	at java.desktop/sun.awt.X11.XToolkit.run(XToolkit.java:736)
	at java.desktop/sun.awt.X11.XToolkit.run(XToolkit.java:652)
	at java.base/java.lang.Thread.run(Thread.java:834)

]]></system-err>
</testsuite>
