<?xml version="1.0" encoding="UTF-8" ?>
<testsuite errors="0" failures="0" hostname="travis-job-32cf780f-57d5-4261-8149-9cdf27bec15f" name="ptolemy.domains.modal.test.junit.JUnitTclTest" skipped="0" tests="148" time="11.198" timestamp="2019-07-20T22:42:10">
  <properties>
[...]
</properties>
  <testcase classname="ptolemy.util.test.junit.TclTests" name="[0] /home/travis/build/icyphy/ptII/ptolemy/domains/modal/test/SystemLevelType.tcl (RunTclFile)" time="2.104" />
  <testcase classname="ptolemy.util.test.junit.AutoKnownFailedTests" name="[0] /home/travis/build/icyphy/ptII/ptolemy/domains/modal/test/auto/knownFailedTests/CannotAnalysisWithPreemption.xml (RunModel)" time="0.324" />
  <testcase classname="ptolemy.util.test.junit.AutoNameArchTests" name="[0] ThereAreNoAutoArchTests (RunModel)" time="0.005" />
  <testcase classname="ptolemy.util.test.junit.AutoTests" name="[0] /home/travis/build/icyphy/ptII/ptolemy/domains/modal/test/auto/ABPTest.xml (RunModel)" time="0.857" />
  <testcase classname="ptolemy.util.test.junit.AutoTests" name="[1] /home/travis/build/icyphy/ptII/ptolemy/domains/modal/test/auto/ABROFlat.xml (RunModel)" time="0.092" />
  <testcase classname="ptolemy.util.test.junit.AutoTests" name="[2] /home/travis/build/icyphy/ptII/ptolemy/domains/modal/test/auto/ABROFlat2.xml (RunModel)" time="0.054" />
  <testcase classname="ptolemy.util.test.junit.AutoTests" name="[3] /home/travis/build/icyphy/ptII/ptolemy/domains/modal/test/auto/ABRO_present_hmm.xml (RunModel)" time="0.155" />
  <testcase classname="ptolemy.util.test.junit.AutoTests" name="[4] /home/travis/build/icyphy/ptII/ptolemy/domains/modal/test/auto/AMICoderExample.xml (RunModel)" time="0.08" />
  <testcase classname="ptolemy.util.test.junit.AutoTests" name="[5] /home/travis/build/icyphy/ptII/ptolemy/domains/modal/test/auto/AbsentToPresent.xml (RunModel)" time="0.03" />
  <testcase classname="ptolemy.util.test.junit.AutoTests" name="[6] /home/travis/build/icyphy/ptII/ptolemy/domains/modal/test/auto/Blending.xml (RunModel)" time="0.319" />
  <testcase classname="ptolemy.util.test.junit.AutoTests" name="[7] /home/travis/build/icyphy/ptII/ptolemy/domains/modal/test/auto/Broadcast.xml (RunModel)" time="0.044" />
  <testcase classname="ptolemy.util.test.junit.AutoTests" name="[8] /home/travis/build/icyphy/ptII/ptolemy/domains/modal/test/auto/BroadcastHierarchy.xml (RunModel)" time="0.055" />
  <testcase classname="ptolemy.util.test.junit.AutoTests" name="[9] /home/travis/build/icyphy/ptII/ptolemy/domains/modal/test/auto/BroadcastHierarchy2.xml (RunModel)" time="0.105" />
  <testcase classname="ptolemy.util.test.junit.AutoTests" name="[10] /home/travis/build/icyphy/ptII/ptolemy/domains/modal/test/auto/BroadcastHierarchy3.xml (RunModel)" time="0.109" />
  <testcase classname="ptolemy.util.test.junit.AutoTests" name="[11] /home/travis/build/icyphy/ptII/ptolemy/domains/modal/test/auto/BroadcastHierarchy4.xml (RunModel)" time="0.106" />
  <testcase classname="ptolemy.util.test.junit.AutoTests" name="[12] /home/travis/build/icyphy/ptII/ptolemy/domains/modal/test/auto/CannotAnalysisWithPreemption2.xml (RunModel)" time="0.037" />
  <testcase classname="ptolemy.util.test.junit.AutoTests" name="[13] /home/travis/build/icyphy/ptII/ptolemy/domains/modal/test/auto/CannotAnalysisWithPreemption3.xml (RunModel)" time="0.039" />
  <testcase classname="ptolemy.util.test.junit.AutoTests" name="[14] /home/travis/build/icyphy/ptII/ptolemy/domains/modal/test/auto/CannotProduce.xml (RunModel)" time="0.038" />
  <testcase classname="ptolemy.util.test.junit.AutoTests" name="[15] /home/travis/build/icyphy/ptII/ptolemy/domains/modal/test/auto/CannotProduceModal.xml (RunModel)" time="0.039" />
  <testcase classname="ptolemy.util.test.junit.AutoTests" name="[16] /home/travis/build/icyphy/ptII/ptolemy/domains/modal/test/auto/Case.xml (RunModel)" time="0.077" />
  <testcase classname="ptolemy.util.test.junit.AutoTests" name="[17] /home/travis/build/icyphy/ptII/ptolemy/domains/modal/test/auto/Case1.xml (RunModel)" time="0.047" />
  <testcase classname="ptolemy.util.test.junit.AutoTests" name="[18] /home/travis/build/icyphy/ptII/ptolemy/domains/modal/test/auto/Case2.xml (RunModel)" time="0.073" />
  <testcase classname="ptolemy.util.test.junit.AutoTests" name="[19] /home/travis/build/icyphy/ptII/ptolemy/domains/modal/test/auto/CausalityInterface1.xml (RunModel)" time="0.031" />
  <testcase classname="ptolemy.util.test.junit.AutoTests" name="[20] /home/travis/build/icyphy/ptII/ptolemy/domains/modal/test/auto/CausalityInterface10.xml (RunModel)" time="0.057" />
  <testcase classname="ptolemy.util.test.junit.AutoTests" name="[21] /home/travis/build/icyphy/ptII/ptolemy/domains/modal/test/auto/CausalityInterface11.xml (RunModel)" time="0.062" />
  <testcase classname="ptolemy.util.test.junit.AutoTests" name="[22] /home/travis/build/icyphy/ptII/ptolemy/domains/modal/test/auto/CausalityInterface12.xml (RunModel)" time="0.047" />
  <testcase classname="ptolemy.util.test.junit.AutoTests" name="[23] /home/travis/build/icyphy/ptII/ptolemy/domains/modal/test/auto/CausalityInterface13.xml (RunModel)" time="0.062" />
  <testcase classname="ptolemy.util.test.junit.AutoTests" name="[24] /home/travis/build/icyphy/ptII/ptolemy/domains/modal/test/auto/CausalityInterface14.xml (RunModel)" time="0.063" />
  <testcase classname="ptolemy.util.test.junit.AutoTests" name="[25] /home/travis/build/icyphy/ptII/ptolemy/domains/modal/test/auto/CausalityInterface2.xml (RunModel)" time="0.029" />
  <testcase classname="ptolemy.util.test.junit.AutoTests" name="[26] /home/travis/build/icyphy/ptII/ptolemy/domains/modal/test/auto/CausalityInterface3.xml (RunModel)" time="0.027" />
  <testcase classname="ptolemy.util.test.junit.AutoTests" name="[27] /home/travis/build/icyphy/ptII/ptolemy/domains/modal/test/auto/CausalityInterface4.xml (RunModel)" time="0.024" />
  <testcase classname="ptolemy.util.test.junit.AutoTests" name="[28] /home/travis/build/icyphy/ptII/ptolemy/domains/modal/test/auto/CausalityInterface5.xml (RunModel)" time="0.043" />
  <testcase classname="ptolemy.util.test.junit.AutoTests" name="[29] /home/travis/build/icyphy/ptII/ptolemy/domains/modal/test/auto/CausalityInterface6.xml (RunModel)" time="0.037" />
  <testcase classname="ptolemy.util.test.junit.AutoTests" name="[30] /home/travis/build/icyphy/ptII/ptolemy/domains/modal/test/auto/CausalityInterface7.xml (RunModel)" time="0.036" />
  <testcase classname="ptolemy.util.test.junit.AutoTests" name="[31] /home/travis/build/icyphy/ptII/ptolemy/domains/modal/test/auto/CausalityInterface8.xml (RunModel)" time="0.034" />
  <testcase classname="ptolemy.util.test.junit.AutoTests" name="[32] /home/travis/build/icyphy/ptII/ptolemy/domains/modal/test/auto/CausalityInterface9.xml (RunModel)" time="0.051" />
  <testcase classname="ptolemy.util.test.junit.AutoTests" name="[33] /home/travis/build/icyphy/ptII/ptolemy/domains/modal/test/auto/ChainedTransitions.xml (RunModel)" time="0.165" />
  <testcase classname="ptolemy.util.test.junit.AutoTests" name="[34] /home/travis/build/icyphy/ptII/ptolemy/domains/modal/test/auto/CycleOfImmediateTransitionsFSM.xml (RunModel)" time="0.023" />
  <testcase classname="ptolemy.util.test.junit.AutoTests" name="[35] /home/travis/build/icyphy/ptII/ptolemy/domains/modal/test/auto/CycleOfImmediateTransitionsModal.xml (RunModel)" time="0.024" />
  <testcase classname="ptolemy.util.test.junit.AutoTests" name="[36] /home/travis/build/icyphy/ptII/ptolemy/domains/modal/test/auto/CycleOfImmediateTransitionsModal2.xml (RunModel)" time="0.031" />
  <testcase classname="ptolemy.util.test.junit.AutoTests" name="[37] /home/travis/build/icyphy/ptII/ptolemy/domains/modal/test/auto/CycleOfImmediateTransitionsModal3.xml (RunModel)" time="0.076" />
  <testcase classname="ptolemy.util.test.junit.AutoTests" name="[38] /home/travis/build/icyphy/ptII/ptolemy/domains/modal/test/auto/DeepModal1.xml (RunModel)" time="0.078" />
  <testcase classname="ptolemy.util.test.junit.AutoTests" name="[39] /home/travis/build/icyphy/ptII/ptolemy/domains/modal/test/auto/DeepModal2.xml (RunModel)" time="0.073" />
  <testcase classname="ptolemy.util.test.junit.AutoTests" name="[40] /home/travis/build/icyphy/ptII/ptolemy/domains/modal/test/auto/DeepModal3.xml (RunModel)" time="0.078" />
  <testcase classname="ptolemy.util.test.junit.AutoTests" name="[41] /home/travis/build/icyphy/ptII/ptolemy/domains/modal/test/auto/DeepModal4.xml (RunModel)" time="0.071" />
  <testcase classname="ptolemy.util.test.junit.AutoTests" name="[42] /home/travis/build/icyphy/ptII/ptolemy/domains/modal/test/auto/Default1.xml (RunModel)" time="0.018" />
  <testcase classname="ptolemy.util.test.junit.AutoTests" name="[43] /home/travis/build/icyphy/ptII/ptolemy/domains/modal/test/auto/Default2.xml (RunModel)" time="0.021" />
  <testcase classname="ptolemy.util.test.junit.AutoTests" name="[44] /home/travis/build/icyphy/ptII/ptolemy/domains/modal/test/auto/Default3.xml (RunModel)" time="0.02" />
  <testcase classname="ptolemy.util.test.junit.AutoTests" name="[45] /home/travis/build/icyphy/ptII/ptolemy/domains/modal/test/auto/Default4.xml (RunModel)" time="0.027" />
  <testcase classname="ptolemy.util.test.junit.AutoTests" name="[46] /home/travis/build/icyphy/ptII/ptolemy/domains/modal/test/auto/Default5.xml (RunModel)" time="0.029" />
  <testcase classname="ptolemy.util.test.junit.AutoTests" name="[47] /home/travis/build/icyphy/ptII/ptolemy/domains/modal/test/auto/EmptyGuard.xml (RunModel)" time="0.028" />
  <testcase classname="ptolemy.util.test.junit.AutoTests" name="[48] /home/travis/build/icyphy/ptII/ptolemy/domains/modal/test/auto/ErrorTransition1.xml (RunModel)" time="0.029" />
  <testcase classname="ptolemy.util.test.junit.AutoTests" name="[49] /home/travis/build/icyphy/ptII/ptolemy/domains/modal/test/auto/ErrorTransition10.xml (RunModel)" time="0.053" />
  <testcase classname="ptolemy.util.test.junit.AutoTests" name="[50] /home/travis/build/icyphy/ptII/ptolemy/domains/modal/test/auto/ErrorTransition11.xml (RunModel)" time="0.038" />
  <testcase classname="ptolemy.util.test.junit.AutoTests" name="[51] /home/travis/build/icyphy/ptII/ptolemy/domains/modal/test/auto/ErrorTransition2.xml (RunModel)" time="0.031" />
  <testcase classname="ptolemy.util.test.junit.AutoTests" name="[52] /home/travis/build/icyphy/ptII/ptolemy/domains/modal/test/auto/ErrorTransition3.xml (RunModel)" time="0.034" />
  <testcase classname="ptolemy.util.test.junit.AutoTests" name="[53] /home/travis/build/icyphy/ptII/ptolemy/domains/modal/test/auto/ErrorTransition4.xml (RunModel)" time="0.04" />
  <testcase classname="ptolemy.util.test.junit.AutoTests" name="[54] /home/travis/build/icyphy/ptII/ptolemy/domains/modal/test/auto/ErrorTransition5.xml (RunModel)" time="0.032" />
  <testcase classname="ptolemy.util.test.junit.AutoTests" name="[55] /home/travis/build/icyphy/ptII/ptolemy/domains/modal/test/auto/ErrorTransition6.xml (RunModel)" time="0.033" />
  <testcase classname="ptolemy.util.test.junit.AutoTests" name="[56] /home/travis/build/icyphy/ptII/ptolemy/domains/modal/test/auto/ErrorTransition7.xml (RunModel)" time="0.046" />
  <testcase classname="ptolemy.util.test.junit.AutoTests" name="[57] /home/travis/build/icyphy/ptII/ptolemy/domains/modal/test/auto/ErrorTransition8.xml (RunModel)" time="0.052" />
  <testcase classname="ptolemy.util.test.junit.AutoTests" name="[58] /home/travis/build/icyphy/ptII/ptolemy/domains/modal/test/auto/ErrorTransition9.xml (RunModel)" time="0.048" />
  <testcase classname="ptolemy.util.test.junit.AutoTests" name="[59] /home/travis/build/icyphy/ptII/ptolemy/domains/modal/test/auto/ExtendedFSM.xml (RunModel)" time="0.022" />
  <testcase classname="ptolemy.util.test.junit.AutoTests" name="[60] /home/travis/build/icyphy/ptII/ptolemy/domains/modal/test/auto/FinalStates.xml (RunModel)" time="0.023" />
  <testcase classname="ptolemy.util.test.junit.AutoTests" name="[61] /home/travis/build/icyphy/ptII/ptolemy/domains/modal/test/auto/FixedPointFSM.xml (RunModel)" time="0.06" />
  <testcase classname="ptolemy.util.test.junit.AutoTests" name="[62] /home/travis/build/icyphy/ptII/ptolemy/domains/modal/test/auto/FixedPointIterationFSMActor.xml (RunModel)" time="0.031" />
  <testcase classname="ptolemy.util.test.junit.AutoTests" name="[63] /home/travis/build/icyphy/ptII/ptolemy/domains/modal/test/auto/FixedPointIterationFSMActor2.xml (RunModel)" time="0.033" />
  <testcase classname="ptolemy.util.test.junit.AutoTests" name="[64] /home/travis/build/icyphy/ptII/ptolemy/domains/modal/test/auto/ForbiddenInstantanousLoop.xml (RunModel)" time="0.034" />
  <testcase classname="ptolemy.util.test.junit.AutoTests" name="[65] /home/travis/build/icyphy/ptII/ptolemy/domains/modal/test/auto/FunctionDependencyOfFSMActorTest.xml (RunModel)" time="0.03" />
  <testcase classname="ptolemy.util.test.junit.AutoTests" name="[66] /home/travis/build/icyphy/ptII/ptolemy/domains/modal/test/auto/GuardExpression.xml (RunModel)" time="0.019" />
  <testcase classname="ptolemy.util.test.junit.AutoTests" name="[67] /home/travis/build/icyphy/ptII/ptolemy/domains/modal/test/auto/GuardNotEvaluated.xml (RunModel)" time="0.027" />
  <testcase classname="ptolemy.util.test.junit.AutoTests" name="[68] /home/travis/build/icyphy/ptII/ptolemy/domains/modal/test/auto/GuardNotEvaluated2.xml (RunModel)" time="0.026" />
  <testcase classname="ptolemy.util.test.junit.AutoTests" name="[69] /home/travis/build/icyphy/ptII/ptolemy/domains/modal/test/auto/GuardOnAbsent.xml (RunModel)" time="0.024" />
  <testcase classname="ptolemy.util.test.junit.AutoTests" name="[70] /home/travis/build/icyphy/ptII/ptolemy/domains/modal/test/auto/HierarchicalFSMTypeInference.xml (RunModel)" time="0.035" />
  <testcase classname="ptolemy.util.test.junit.AutoTests" name="[71] /home/travis/build/icyphy/ptII/ptolemy/domains/modal/test/auto/Hysteresis.xml (RunModel)" time="0.048" />
  <testcase classname="ptolemy.util.test.junit.AutoTests" name="[72] /home/travis/build/icyphy/ptII/ptolemy/domains/modal/test/auto/HysteresisWithDefault.xml (RunModel)" time="0.075" />
  <testcase classname="ptolemy.util.test.junit.AutoTests" name="[73] /home/travis/build/icyphy/ptII/ptolemy/domains/modal/test/auto/HysteresisWithDefault2.xml (RunModel)" time="0.092" />
  <testcase classname="ptolemy.util.test.junit.AutoTests" name="[74] /home/travis/build/icyphy/ptII/ptolemy/domains/modal/test/auto/ImmediateNonConstructiveness.xml (RunModel)" time="0.018" />
  <testcase classname="ptolemy.util.test.junit.AutoTests" name="[75] /home/travis/build/icyphy/ptII/ptolemy/domains/modal/test/auto/ImmediateNonConstructiveness2.xml (RunModel)" time="0.019" />
  <testcase classname="ptolemy.util.test.junit.AutoTests" name="[76] /home/travis/build/icyphy/ptII/ptolemy/domains/modal/test/auto/ImmediateTransitionReset.xml (RunModel)" time="0.042" />
  <testcase classname="ptolemy.util.test.junit.AutoTests" name="[77] /home/travis/build/icyphy/ptII/ptolemy/domains/modal/test/auto/ImmediateTransitions1.xml (RunModel)" time="0.015" />
  <testcase classname="ptolemy.util.test.junit.AutoTests" name="[78] /home/travis/build/icyphy/ptII/ptolemy/domains/modal/test/auto/ImmediateTransitionsInstantaneousCommunication.xml (RunModel)" time="0.03" />
  <testcase classname="ptolemy.util.test.junit.AutoTests" name="[79] /home/travis/build/icyphy/ptII/ptolemy/domains/modal/test/auto/InitialImmediateTransition.xml (RunModel)" time="0.015" />
  <testcase classname="ptolemy.util.test.junit.AutoTests" name="[80] /home/travis/build/icyphy/ptII/ptolemy/domains/modal/test/auto/InitialOutputs.xml (RunModel)" time="0.015" />
  <testcase classname="ptolemy.util.test.junit.AutoTests" name="[81] /home/travis/build/icyphy/ptII/ptolemy/domains/modal/test/auto/InitialStateTransition1.xml (RunModel)" time="0.02" />
  <testcase classname="ptolemy.util.test.junit.AutoTests" name="[82] /home/travis/build/icyphy/ptII/ptolemy/domains/modal/test/auto/InitialStateTransition2.xml (RunModel)" time="0.021" />
  <testcase classname="ptolemy.util.test.junit.AutoTests" name="[83] /home/travis/build/icyphy/ptII/ptolemy/domains/modal/test/auto/InitialStateTransition3.xml (RunModel)" time="0.022" />
  <testcase classname="ptolemy.util.test.junit.AutoTests" name="[84] /home/travis/build/icyphy/ptII/ptolemy/domains/modal/test/auto/InitialStateTransition4.xml (RunModel)" time="0.024" />
  <testcase classname="ptolemy.util.test.junit.AutoTests" name="[85] /home/travis/build/icyphy/ptII/ptolemy/domains/modal/test/auto/MalformedGuardExpressionNotCaught.xml (RunModel)" time="0.025" />
  <testcase classname="ptolemy.util.test.junit.AutoTests" name="[86] /home/travis/build/icyphy/ptII/ptolemy/domains/modal/test/auto/ModalBSC.xml (RunModel)" time="0.133" />
  <testcase classname="ptolemy.util.test.junit.AutoTests" name="[87] /home/travis/build/icyphy/ptII/ptolemy/domains/modal/test/auto/ModalClocks.xml (RunModel)" time="0.099" />
  <testcase classname="ptolemy.util.test.junit.AutoTests" name="[88] /home/travis/build/icyphy/ptII/ptolemy/domains/modal/test/auto/ModalDelay.xml (RunModel)" time="0.064" />
  <testcase classname="ptolemy.util.test.junit.AutoTests" name="[89] /home/travis/build/icyphy/ptII/ptolemy/domains/modal/test/auto/ModalDelay2.xml (RunModel)" time="0.054" />
  <testcase classname="ptolemy.util.test.junit.AutoTests" name="[90] /home/travis/build/icyphy/ptII/ptolemy/domains/modal/test/auto/ModalModelFromMemo.xml (RunModel)" time="0.064" />
  <testcase classname="ptolemy.util.test.junit.AutoTests" name="[91] /home/travis/build/icyphy/ptII/ptolemy/domains/modal/test/auto/ModalModelWithMultirateTransient.xml (RunModel)" time="0.05" />
  <testcase classname="ptolemy.util.test.junit.AutoTests" name="[92] /home/travis/build/icyphy/ptII/ptolemy/domains/modal/test/auto/ModalModelWithReset.xml (RunModel)" time="0.051" />
  <testcase classname="ptolemy.util.test.junit.AutoTests" name="[93] /home/travis/build/icyphy/ptII/ptolemy/domains/modal/test/auto/MouseClickFSM.xml (RunModel)" time="0.043" />
  <testcase classname="ptolemy.util.test.junit.AutoTests" name="[94] /home/travis/build/icyphy/ptII/ptolemy/domains/modal/test/auto/MouseClickFSMModal.xml (RunModel)" time="0.036" />
  <testcase classname="ptolemy.util.test.junit.AutoTests" name="[95] /home/travis/build/icyphy/ptII/ptolemy/domains/modal/test/auto/NonStrictFSM_FeedbackLoop.xml (RunModel)" time="0.049" />
  <testcase classname="ptolemy.util.test.junit.AutoTests" name="[96] /home/travis/build/icyphy/ptII/ptolemy/domains/modal/test/auto/NonStrictFSM_FeedbackLoop_Refinement.xml (RunModel)" time="0.111" />
  <testcase classname="ptolemy.util.test.junit.AutoTests" name="[97] /home/travis/build/icyphy/ptII/ptolemy/domains/modal/test/auto/NonStrictFSM_FeedbackLoop_preemptive.xml (RunModel)" time="0.046" />
  <testcase classname="ptolemy.util.test.junit.AutoTests" name="[98] /home/travis/build/icyphy/ptII/ptolemy/domains/modal/test/auto/NormalTermination.xml (RunModel)" time="0.044" />
  <testcase classname="ptolemy.util.test.junit.AutoTests" name="[99] /home/travis/build/icyphy/ptII/ptolemy/domains/modal/test/auto/Pong.xml (RunModel)" time="0.084" />
  <testcase classname="ptolemy.util.test.junit.AutoTests" name="[100] /home/travis/build/icyphy/ptII/ptolemy/domains/modal/test/auto/Pong_test.xml (RunModel)" time="0.105" />
  <testcase classname="ptolemy.util.test.junit.AutoTests" name="[101] /home/travis/build/icyphy/ptII/ptolemy/domains/modal/test/auto/PreemptionHierarchy.xml (RunModel)" time="0.024" />
  <testcase classname="ptolemy.util.test.junit.AutoTests" name="[102] /home/travis/build/icyphy/ptII/ptolemy/domains/modal/test/auto/PreemptionHierarchy2.xml (RunModel)" time="0.03" />
  <testcase classname="ptolemy.util.test.junit.AutoTests" name="[103] /home/travis/build/icyphy/ptII/ptolemy/domains/modal/test/auto/PreemptiveTransition.xml (RunModel)" time="0.025" />
  <testcase classname="ptolemy.util.test.junit.AutoTests" name="[104] /home/travis/build/icyphy/ptII/ptolemy/domains/modal/test/auto/Priorities.xml (RunModel)" time="0.088" />
  <testcase classname="ptolemy.util.test.junit.AutoTests" name="[105] /home/travis/build/icyphy/ptII/ptolemy/domains/modal/test/auto/ResetFinal.xml (RunModel)" time="0.043" />
  <testcase classname="ptolemy.util.test.junit.AutoTests" name="[106] /home/travis/build/icyphy/ptII/ptolemy/domains/modal/test/auto/ResetFinal2.xml (RunModel)" time="0.044" />
  <testcase classname="ptolemy.util.test.junit.AutoTests" name="[107] /home/travis/build/icyphy/ptII/ptolemy/domains/modal/test/auto/ResetTransitionWithStartTime.xml (RunModel)" time="0.028" />
  <testcase classname="ptolemy.util.test.junit.AutoTests" name="[108] /home/travis/build/icyphy/ptII/ptolemy/domains/modal/test/auto/SDF-FSMComposite.xml (RunModel)" time="0.029" />
  <testcase classname="ptolemy.util.test.junit.AutoTests" name="[109] /home/travis/build/icyphy/ptII/ptolemy/domains/modal/test/auto/SeeminglyNondeterminate.xml (RunModel)" time="0.072" />
  <testcase classname="ptolemy.util.test.junit.AutoTests" name="[110] /home/travis/build/icyphy/ptII/ptolemy/domains/modal/test/auto/SeeminglyNondeterminate2.xml (RunModel)" time="0.071" />
  <testcase classname="ptolemy.util.test.junit.AutoTests" name="[111] /home/travis/build/icyphy/ptII/ptolemy/domains/modal/test/auto/SpontaneousFSM.xml (RunModel)" time="0.044" />
  <testcase classname="ptolemy.util.test.junit.AutoTests" name="[112] /home/travis/build/icyphy/ptII/ptolemy/domains/modal/test/auto/SpontaneousFSM2.xml (RunModel)" time="0.026" />
  <testcase classname="ptolemy.util.test.junit.AutoTests" name="[113] /home/travis/build/icyphy/ptII/ptolemy/domains/modal/test/auto/SpontaneousFSM3.xml (RunModel)" time="0.036" />
  <testcase classname="ptolemy.util.test.junit.AutoTests" name="[114] /home/travis/build/icyphy/ptII/ptolemy/domains/modal/test/auto/SpontaneousFSM4.xml (RunModel)" time="0.04" />
  <testcase classname="ptolemy.util.test.junit.AutoTests" name="[115] /home/travis/build/icyphy/ptII/ptolemy/domains/modal/test/auto/StateTrackerTest.xml (RunModel)" time="0.045" />
  <testcase classname="ptolemy.util.test.junit.AutoTests" name="[116] /home/travis/build/icyphy/ptII/ptolemy/domains/modal/test/auto/StrongImmediateTransition.xml (RunModel)" time="0.019" />
  <testcase classname="ptolemy.util.test.junit.AutoTests" name="[117] /home/travis/build/icyphy/ptII/ptolemy/domains/modal/test/auto/SustainHierarchy.xml (RunModel)" time="0.052" />
  <testcase classname="ptolemy.util.test.junit.AutoTests" name="[118] /home/travis/build/icyphy/ptII/ptolemy/domains/modal/test/auto/TerminationTransition1.xml (RunModel)" time="0.021" />
  <testcase classname="ptolemy.util.test.junit.AutoTests" name="[119] /home/travis/build/icyphy/ptII/ptolemy/domains/modal/test/auto/TerminationTransition2.xml (RunModel)" time="0.025" />
  <testcase classname="ptolemy.util.test.junit.AutoTests" name="[120] /home/travis/build/icyphy/ptII/ptolemy/domains/modal/test/auto/TerminationTransition3.xml (RunModel)" time="0.02" />
  <testcase classname="ptolemy.util.test.junit.AutoTests" name="[121] /home/travis/build/icyphy/ptII/ptolemy/domains/modal/test/auto/TerminationTransition4.xml (RunModel)" time="0.035" />
  <testcase classname="ptolemy.util.test.junit.AutoTests" name="[122] /home/travis/build/icyphy/ptII/ptolemy/domains/modal/test/auto/TerminationTransition5.xml (RunModel)" time="0.032" />
  <testcase classname="ptolemy.util.test.junit.AutoTests" name="[123] /home/travis/build/icyphy/ptII/ptolemy/domains/modal/test/auto/TerminationTransition6.xml (RunModel)" time="0.02" />
  <testcase classname="ptolemy.util.test.junit.AutoTests" name="[124] /home/travis/build/icyphy/ptII/ptolemy/domains/modal/test/auto/TerminationTransition7.xml (RunModel)" time="0.02" />
  <testcase classname="ptolemy.util.test.junit.AutoTests" name="[125] /home/travis/build/icyphy/ptII/ptolemy/domains/modal/test/auto/TerminationTransition8.xml (RunModel)" time="0.023" />
  <testcase classname="ptolemy.util.test.junit.AutoTests" name="[126] /home/travis/build/icyphy/ptII/ptolemy/domains/modal/test/auto/Thermostat_NoHysteresis.xml (RunModel)" time="0.08" />
  <testcase classname="ptolemy.util.test.junit.AutoTests" name="[127] /home/travis/build/icyphy/ptII/ptolemy/domains/modal/test/auto/TimedFSM.xml (RunModel)" time="0.035" />
  <testcase classname="ptolemy.util.test.junit.AutoTests" name="[128] /home/travis/build/icyphy/ptII/ptolemy/domains/modal/test/auto/Timeout1.xml (RunModel)" time="0.015" />
  <testcase classname="ptolemy.util.test.junit.AutoTests" name="[129] /home/travis/build/icyphy/ptII/ptolemy/domains/modal/test/auto/Timeout2.xml (RunModel)" time="0.025" />
  <testcase classname="ptolemy.util.test.junit.AutoTests" name="[130] /home/travis/build/icyphy/ptII/ptolemy/domains/modal/test/auto/Timeout3.xml (RunModel)" time="0.013" />
  <testcase classname="ptolemy.util.test.junit.AutoTests" name="[131] /home/travis/build/icyphy/ptII/ptolemy/domains/modal/test/auto/Timeout4.xml (RunModel)" time="0.011" />
  <testcase classname="ptolemy.util.test.junit.AutoTests" name="[132] /home/travis/build/icyphy/ptII/ptolemy/domains/modal/test/auto/TransientstateModelAdvanced.xml (RunModel)" time="0.027" />
  <testcase classname="ptolemy.util.test.junit.AutoTests" name="[133] /home/travis/build/icyphy/ptII/ptolemy/domains/modal/test/auto/TransientstateModelAdvanced2.xml (RunModel)" time="0.046" />
  <testcase classname="ptolemy.util.test.junit.AutoTests" name="[134] /home/travis/build/icyphy/ptII/ptolemy/domains/modal/test/auto/TransitionRefinements.xml (RunModel)" time="0.032" />
  <testcase classname="ptolemy.util.test.junit.AutoTests" name="[135] /home/travis/build/icyphy/ptII/ptolemy/domains/modal/test/auto/TwoRefinements1.xml (RunModel)" time="0.029" />
  <testcase classname="ptolemy.util.test.junit.AutoTests" name="[136] /home/travis/build/icyphy/ptII/ptolemy/domains/modal/test/auto/TwoRefinements2.xml (RunModel)" time="0.029" />
  <testcase classname="ptolemy.util.test.junit.AutoTests" name="[137] /home/travis/build/icyphy/ptII/ptolemy/domains/modal/test/auto/WeakImmediateTransition.xml (RunModel)" time="0.031" />
  <testcase classname="ptolemy.util.test.junit.AutoTests" name="[138] /home/travis/build/icyphy/ptII/ptolemy/domains/modal/test/auto/booleanSelect.xml (RunModel)" time="0.082" />
  <testcase classname="ptolemy.util.test.junit.AutoTests" name="[139] /home/travis/build/icyphy/ptII/ptolemy/domains/modal/test/auto/modalChangingParams.xml (RunModel)" time="0.301" />
  <testcase classname="ptolemy.util.test.junit.AutoTests" name="[140] /home/travis/build/icyphy/ptII/ptolemy/domains/modal/test/auto/modalModel.xml (RunModel)" time="0.032" />
  <testcase classname="ptolemy.util.test.junit.AutoTests" name="[141] /home/travis/build/icyphy/ptII/ptolemy/domains/modal/test/auto/modalModel2.xml (RunModel)" time="0.028" />
  <testcase classname="ptolemy.util.test.junit.AutoTests" name="[142] /home/travis/build/icyphy/ptII/ptolemy/domains/modal/test/auto/modalModel3.xml (RunModel)" time="0.039" />
  <testcase classname="ptolemy.util.test.junit.AutoTests" name="[143] /home/travis/build/icyphy/ptII/ptolemy/domains/modal/test/auto/model1.xml (RunModel)" time="0.022" />
  <testcase classname="ptolemy.util.test.junit.AutoTests" name="[144] /home/travis/build/icyphy/ptII/ptolemy/domains/modal/test/auto/test-direct-in-out.xml (RunModel)" time="0.02" />
  <system-out><![CDATA[/home/travis/build/icyphy/ptII/ptolemy/domains/modal/test/SystemLevelType.tcl
testDefs.tcl: setting time out to 9000 seconds at Sat Jul 20 22:42:11 UTC 2019
07/20/19 10:42:13
Failed: 0  Total Tests: 1  ((Passed: 1, Newly Passed: 0)  Known Failed: 0) /home/travis/build/icyphy/ptII/ptolemy/domains/modal/test
----------------- testing (KnownFailure) /home/travis/build/icyphy/ptII/ptolemy/domains/modal/test/auto/knownFailedTests/CannotAnalysisWithPreemption.xml
149 ms. Memory: 151552K Free: 72376K (48%)
Known Failure: java.lang.reflect.InvocationTargetException
No auto/linux-amd64/*.xml tests in /home/travis/build/icyphy/ptII/ptolemy/domains/modal/test
AutoTests.java: About to close Vertx.
AutoTests.java: Vertx closed.

===========================================================================================
----------------- testing Sat Jul 20 22:42:13 UTC 2019 /home/travis/build/icyphy/ptII/ptolemy/domains/modal/test/auto/ABPTest.xml
----------------- Instantiating /home/travis/build/icyphy/ptII/ptolemy/domains/modal/test/auto/ABPTest.xml
418 ms. Memory: 151552K Free: 102589K (68%)
----------------- Invoking toplevel() on ptolemy.moml.MoMLSimpleApplication@5285a460
----------------- Done invoking toplevel() on ptolemy.moml.MoMLSimpleApplication@5285a460
reloadAllAccessors: .ABPTest

===========================================================================================
----------------- testing Sat Jul 20 22:42:14 UTC 2019 /home/travis/build/icyphy/ptII/ptolemy/domains/modal/test/auto/ABROFlat.xml
----------------- Instantiating /home/travis/build/icyphy/ptII/ptolemy/domains/modal/test/auto/ABROFlat.xml
33 ms. Memory: 151552K Free: 87453K (58%)
----------------- Invoking toplevel() on ptolemy.moml.MoMLSimpleApplication@3a07dac9
----------------- Done invoking toplevel() on ptolemy.moml.MoMLSimpleApplication@3a07dac9
reloadAllAccessors: .ABROFlat

===========================================================================================
----------------- testing Sat Jul 20 22:42:14 UTC 2019 /home/travis/build/icyphy/ptII/ptolemy/domains/modal/test/auto/ABROFlat2.xml
----------------- Instantiating /home/travis/build/icyphy/ptII/ptolemy/domains/modal/test/auto/ABROFlat2.xml
17 ms. Memory: 151552K Free: 71097K (47%)
----------------- Invoking toplevel() on ptolemy.moml.MoMLSimpleApplication@6f05b1af
----------------- Done invoking toplevel() on ptolemy.moml.MoMLSimpleApplication@6f05b1af
reloadAllAccessors: .ABROFlat2

===========================================================================================
----------------- testing Sat Jul 20 22:42:14 UTC 2019 /home/travis/build/icyphy/ptII/ptolemy/domains/modal/test/auto/ABRO_present_hmm.xml
----------------- Instantiating /home/travis/build/icyphy/ptII/ptolemy/domains/modal/test/auto/ABRO_present_hmm.xml
36 ms. Memory: 189440K Free: 157335K (83%)
----------------- Invoking toplevel() on ptolemy.moml.MoMLSimpleApplication@68b030dd
----------------- Done invoking toplevel() on ptolemy.moml.MoMLSimpleApplication@68b030dd
reloadAllAccessors: .ABRO_present_hmm

===========================================================================================
----------------- testing Sat Jul 20 22:42:15 UTC 2019 /home/travis/build/icyphy/ptII/ptolemy/domains/modal/test/auto/AMICoderExample.xml
----------------- Instantiating /home/travis/build/icyphy/ptII/ptolemy/domains/modal/test/auto/AMICoderExample.xml
40 ms. Memory: 189440K Free: 147098K (78%)
----------------- Invoking toplevel() on ptolemy.moml.MoMLSimpleApplication@77f139ac
----------------- Done invoking toplevel() on ptolemy.moml.MoMLSimpleApplication@77f139ac
reloadAllAccessors: .AMICoderExample

===========================================================================================
----------------- testing Sat Jul 20 22:42:15 UTC 2019 /home/travis/build/icyphy/ptII/ptolemy/domains/modal/test/auto/AbsentToPresent.xml
----------------- Instantiating /home/travis/build/icyphy/ptII/ptolemy/domains/modal/test/auto/AbsentToPresent.xml
8 ms. Memory: 189440K Free: 142500K (75%)
----------------- Invoking toplevel() on ptolemy.moml.MoMLSimpleApplication@28b6aaa0
----------------- Done invoking toplevel() on ptolemy.moml.MoMLSimpleApplication@28b6aaa0
reloadAllAccessors: .AbsentToPresent

===========================================================================================
----------------- testing Sat Jul 20 22:42:15 UTC 2019 /home/travis/build/icyphy/ptII/ptolemy/domains/modal/test/auto/Blending.xml
----------------- Instantiating /home/travis/build/icyphy/ptII/ptolemy/domains/modal/test/auto/Blending.xml
181 ms. Memory: 189440K Free: 97943K (52%)
----------------- Invoking toplevel() on ptolemy.moml.MoMLSimpleApplication@54101b29
----------------- Done invoking toplevel() on ptolemy.moml.MoMLSimpleApplication@54101b29
reloadAllAccessors: .Blending

===========================================================================================
----------------- testing Sat Jul 20 22:42:15 UTC 2019 /home/travis/build/icyphy/ptII/ptolemy/domains/modal/test/auto/Broadcast.xml
----------------- Instantiating /home/travis/build/icyphy/ptII/ptolemy/domains/modal/test/auto/Broadcast.xml
10 ms. Memory: 189440K Free: 88234K (47%)
----------------- Invoking toplevel() on ptolemy.moml.MoMLSimpleApplication@716654b
----------------- Done invoking toplevel() on ptolemy.moml.MoMLSimpleApplication@716654b
reloadAllAccessors: .Broadcast

===========================================================================================
----------------- testing Sat Jul 20 22:42:15 UTC 2019 /home/travis/build/icyphy/ptII/ptolemy/domains/modal/test/auto/BroadcastHierarchy.xml
----------------- Instantiating /home/travis/build/icyphy/ptII/ptolemy/domains/modal/test/auto/BroadcastHierarchy.xml
9 ms. Memory: 189440K Free: 74914K (40%)
----------------- Invoking toplevel() on ptolemy.moml.MoMLSimpleApplication@6a510308
----------------- Done invoking toplevel() on ptolemy.moml.MoMLSimpleApplication@6a510308
reloadAllAccessors: .BroadcastHierarchy

===========================================================================================
----------------- testing Sat Jul 20 22:42:15 UTC 2019 /home/travis/build/icyphy/ptII/ptolemy/domains/modal/test/auto/BroadcastHierarchy2.xml
----------------- Instantiating /home/travis/build/icyphy/ptII/ptolemy/domains/modal/test/auto/BroadcastHierarchy2.xml
17 ms. Memory: 189440K Free: 150178K (79%)
----------------- Invoking toplevel() on ptolemy.moml.MoMLSimpleApplication@1f1fbb7
----------------- Done invoking toplevel() on ptolemy.moml.MoMLSimpleApplication@1f1fbb7
reloadAllAccessors: .BroadcastHierarchy2

===========================================================================================
----------------- testing Sat Jul 20 22:42:15 UTC 2019 /home/travis/build/icyphy/ptII/ptolemy/domains/modal/test/auto/BroadcastHierarchy3.xml
----------------- Instantiating /home/travis/build/icyphy/ptII/ptolemy/domains/modal/test/auto/BroadcastHierarchy3.xml
26 ms. Memory: 189440K Free: 130208K (69%)
----------------- Invoking toplevel() on ptolemy.moml.MoMLSimpleApplication@868f874
----------------- Done invoking toplevel() on ptolemy.moml.MoMLSimpleApplication@868f874
reloadAllAccessors: .BroadcastHierarchy3

===========================================================================================
----------------- testing Sat Jul 20 22:42:15 UTC 2019 /home/travis/build/icyphy/ptII/ptolemy/domains/modal/test/auto/BroadcastHierarchy4.xml
----------------- Instantiating /home/travis/build/icyphy/ptII/ptolemy/domains/modal/test/auto/BroadcastHierarchy4.xml
25 ms. Memory: 189440K Free: 106146K (56%)
----------------- Invoking toplevel() on ptolemy.moml.MoMLSimpleApplication@6d6ec30a
----------------- Done invoking toplevel() on ptolemy.moml.MoMLSimpleApplication@6d6ec30a
reloadAllAccessors: .BroadcastHierarchy4

===========================================================================================
----------------- testing Sat Jul 20 22:42:15 UTC 2019 /home/travis/build/icyphy/ptII/ptolemy/domains/modal/test/auto/CannotAnalysisWithPreemption2.xml
----------------- Instantiating /home/travis/build/icyphy/ptII/ptolemy/domains/modal/test/auto/CannotAnalysisWithPreemption2.xml
5 ms. Memory: 189440K Free: 98978K (52%)
----------------- Invoking toplevel() on ptolemy.moml.MoMLSimpleApplication@10ff681f
----------------- Done invoking toplevel() on ptolemy.moml.MoMLSimpleApplication@10ff681f
reloadAllAccessors: .CannotAnalysisWithPreemption2

===========================================================================================
----------------- testing Sat Jul 20 22:42:15 UTC 2019 /home/travis/build/icyphy/ptII/ptolemy/domains/modal/test/auto/CannotAnalysisWithPreemption3.xml
----------------- Instantiating /home/travis/build/icyphy/ptII/ptolemy/domains/modal/test/auto/CannotAnalysisWithPreemption3.xml
6 ms. Memory: 189440K Free: 88738K (47%)
----------------- Invoking toplevel() on ptolemy.moml.MoMLSimpleApplication@40c24461
----------------- Done invoking toplevel() on ptolemy.moml.MoMLSimpleApplication@40c24461
reloadAllAccessors: .CannotAnalysisWithPreemption3

===========================================================================================
----------------- testing Sat Jul 20 22:42:15 UTC 2019 /home/travis/build/icyphy/ptII/ptolemy/domains/modal/test/auto/CannotProduce.xml
----------------- Instantiating /home/travis/build/icyphy/ptII/ptolemy/domains/modal/test/auto/CannotProduce.xml
18 ms. Memory: 189440K Free: 82080K (43%)
----------------- Invoking toplevel() on ptolemy.moml.MoMLSimpleApplication@744e6b29
----------------- Done invoking toplevel() on ptolemy.moml.MoMLSimpleApplication@744e6b29
reloadAllAccessors: .CannotProduce

===========================================================================================
----------------- testing Sat Jul 20 22:42:16 UTC 2019 /home/travis/build/icyphy/ptII/ptolemy/domains/modal/test/auto/CannotProduceModal.xml
----------------- Instantiating /home/travis/build/icyphy/ptII/ptolemy/domains/modal/test/auto/CannotProduceModal.xml
11 ms. Memory: 189440K Free: 75930K (40%)
----------------- Invoking toplevel() on ptolemy.moml.MoMLSimpleApplication@10453f4e
----------------- Done invoking toplevel() on ptolemy.moml.MoMLSimpleApplication@10453f4e
reloadAllAccessors: .CannotProduceModal

===========================================================================================
----------------- testing Sat Jul 20 22:42:16 UTC 2019 /home/travis/build/icyphy/ptII/ptolemy/domains/modal/test/auto/Case.xml
----------------- Instantiating /home/travis/build/icyphy/ptII/ptolemy/domains/modal/test/auto/Case.xml
36 ms. Memory: 189440K Free: 64672K (34%)
----------------- Invoking toplevel() on ptolemy.moml.MoMLSimpleApplication@6ae8d334
----------------- Done invoking toplevel() on ptolemy.moml.MoMLSimpleApplication@6ae8d334
reloadAllAccessors: .Case

===========================================================================================
----------------- testing Sat Jul 20 22:42:16 UTC 2019 /home/travis/build/icyphy/ptII/ptolemy/domains/modal/test/auto/Case1.xml
----------------- Instantiating /home/travis/build/icyphy/ptII/ptolemy/domains/modal/test/auto/Case1.xml
10 ms. Memory: 189440K Free: 167267K (88%)
----------------- Invoking toplevel() on ptolemy.moml.MoMLSimpleApplication@7ec5d4dc
----------------- Done invoking toplevel() on ptolemy.moml.MoMLSimpleApplication@7ec5d4dc
reloadAllAccessors: .Case1

===========================================================================================
----------------- testing Sat Jul 20 22:42:16 UTC 2019 /home/travis/build/icyphy/ptII/ptolemy/domains/modal/test/auto/Case2.xml
----------------- Instantiating /home/travis/build/icyphy/ptII/ptolemy/domains/modal/test/auto/Case2.xml
30 ms. Memory: 189440K Free: 156531K (83%)
----------------- Invoking toplevel() on ptolemy.moml.MoMLSimpleApplication@26ec6e30
----------------- Done invoking toplevel() on ptolemy.moml.MoMLSimpleApplication@26ec6e30
reloadAllAccessors: .Case2

===========================================================================================
----------------- testing Sat Jul 20 22:42:16 UTC 2019 /home/travis/build/icyphy/ptII/ptolemy/domains/modal/test/auto/CausalityInterface1.xml
----------------- Instantiating /home/travis/build/icyphy/ptII/ptolemy/domains/modal/test/auto/CausalityInterface1.xml
6 ms. Memory: 189440K Free: 151411K (80%)
----------------- Invoking toplevel() on ptolemy.moml.MoMLSimpleApplication@37305477
----------------- Done invoking toplevel() on ptolemy.moml.MoMLSimpleApplication@37305477
reloadAllAccessors: .CausalityInterface1

===========================================================================================
----------------- testing Sat Jul 20 22:42:16 UTC 2019 /home/travis/build/icyphy/ptII/ptolemy/domains/modal/test/auto/CausalityInterface10.xml
----------------- Instantiating /home/travis/build/icyphy/ptII/ptolemy/domains/modal/test/auto/CausalityInterface10.xml
8 ms. Memory: 189440K Free: 137571K (73%)
----------------- Invoking toplevel() on ptolemy.moml.MoMLSimpleApplication@71a972da
----------------- Done invoking toplevel() on ptolemy.moml.MoMLSimpleApplication@71a972da
reloadAllAccessors: .CausalityInterface10

===========================================================================================
----------------- testing Sat Jul 20 22:42:16 UTC 2019 /home/travis/build/icyphy/ptII/ptolemy/domains/modal/test/auto/CausalityInterface11.xml
----------------- Instantiating /home/travis/build/icyphy/ptII/ptolemy/domains/modal/test/auto/CausalityInterface11.xml
9 ms. Memory: 189440K Free: 124243K (66%)
----------------- Invoking toplevel() on ptolemy.moml.MoMLSimpleApplication@72042779
----------------- Done invoking toplevel() on ptolemy.moml.MoMLSimpleApplication@72042779
reloadAllAccessors: .CausalityInterface11

===========================================================================================
----------------- testing Sat Jul 20 22:42:16 UTC 2019 /home/travis/build/icyphy/ptII/ptolemy/domains/modal/test/auto/CausalityInterface12.xml
----------------- Instantiating /home/travis/build/icyphy/ptII/ptolemy/domains/modal/test/auto/CausalityInterface12.xml
9 ms. Memory: 189440K Free: 110931K (59%)
----------------- Invoking toplevel() on ptolemy.moml.MoMLSimpleApplication@67902967
----------------- Done invoking toplevel() on ptolemy.moml.MoMLSimpleApplication@67902967
reloadAllAccessors: .CausalityInterface12

===========================================================================================
----------------- testing Sat Jul 20 22:42:16 UTC 2019 /home/travis/build/icyphy/ptII/ptolemy/domains/modal/test/auto/CausalityInterface13.xml
----------------- Instantiating /home/travis/build/icyphy/ptII/ptolemy/domains/modal/test/auto/CausalityInterface13.xml
10 ms. Memory: 189440K Free: 97139K (51%)
----------------- Invoking toplevel() on ptolemy.moml.MoMLSimpleApplication@7e34df74
----------------- Done invoking toplevel() on ptolemy.moml.MoMLSimpleApplication@7e34df74
reloadAllAccessors: .CausalityInterface13

===========================================================================================
----------------- testing Sat Jul 20 22:42:16 UTC 2019 /home/travis/build/icyphy/ptII/ptolemy/domains/modal/test/auto/CausalityInterface14.xml
----------------- Instantiating /home/travis/build/icyphy/ptII/ptolemy/domains/modal/test/auto/CausalityInterface14.xml
10 ms. Memory: 189440K Free: 83299K (44%)
----------------- Invoking toplevel() on ptolemy.moml.MoMLSimpleApplication@19e46ef8
----------------- Done invoking toplevel() on ptolemy.moml.MoMLSimpleApplication@19e46ef8
reloadAllAccessors: .CausalityInterface14

===========================================================================================
----------------- testing Sat Jul 20 22:42:16 UTC 2019 /home/travis/build/icyphy/ptII/ptolemy/domains/modal/test/auto/CausalityInterface2.xml
----------------- Instantiating /home/travis/build/icyphy/ptII/ptolemy/domains/modal/test/auto/CausalityInterface2.xml
6 ms. Memory: 189440K Free: 77155K (41%)
----------------- Invoking toplevel() on ptolemy.moml.MoMLSimpleApplication@18bd1281
----------------- Done invoking toplevel() on ptolemy.moml.MoMLSimpleApplication@18bd1281
reloadAllAccessors: .CausalityInterface2

===========================================================================================
----------------- testing Sat Jul 20 22:42:16 UTC 2019 /home/travis/build/icyphy/ptII/ptolemy/domains/modal/test/auto/CausalityInterface3.xml
----------------- Instantiating /home/travis/build/icyphy/ptII/ptolemy/domains/modal/test/auto/CausalityInterface3.xml
6 ms. Memory: 189440K Free: 71025K (37%)
----------------- Invoking toplevel() on ptolemy.moml.MoMLSimpleApplication@4dd1c33a
----------------- Done invoking toplevel() on ptolemy.moml.MoMLSimpleApplication@4dd1c33a
reloadAllAccessors: .CausalityInterface3

===========================================================================================
----------------- testing Sat Jul 20 22:42:16 UTC 2019 /home/travis/build/icyphy/ptII/ptolemy/domains/modal/test/auto/CausalityInterface4.xml
----------------- Instantiating /home/travis/build/icyphy/ptII/ptolemy/domains/modal/test/auto/CausalityInterface4.xml
3 ms. Memory: 189440K Free: 64851K (34%)
----------------- Invoking toplevel() on ptolemy.moml.MoMLSimpleApplication@799016c4
----------------- Done invoking toplevel() on ptolemy.moml.MoMLSimpleApplication@799016c4
reloadAllAccessors: .CausalityInterface4

===========================================================================================
----------------- testing Sat Jul 20 22:42:16 UTC 2019 /home/travis/build/icyphy/ptII/ptolemy/domains/modal/test/auto/CausalityInterface5.xml
----------------- Instantiating /home/travis/build/icyphy/ptII/ptolemy/domains/modal/test/auto/CausalityInterface5.xml
2 ms. Memory: 189440K Free: 166048K (88%)
----------------- Invoking toplevel() on ptolemy.moml.MoMLSimpleApplication@8fe509b
----------------- Done invoking toplevel() on ptolemy.moml.MoMLSimpleApplication@8fe509b
reloadAllAccessors: .CausalityInterface5

===========================================================================================
----------------- testing Sat Jul 20 22:42:16 UTC 2019 /home/travis/build/icyphy/ptII/ptolemy/domains/modal/test/auto/CausalityInterface6.xml
----------------- Instantiating /home/travis/build/icyphy/ptII/ptolemy/domains/modal/test/auto/CausalityInterface6.xml
6 ms. Memory: 189440K Free: 157856K (83%)
----------------- Invoking toplevel() on ptolemy.moml.MoMLSimpleApplication@6c6118d0
----------------- Done invoking toplevel() on ptolemy.moml.MoMLSimpleApplication@6c6118d0
reloadAllAccessors: .CausalityInterface6

===========================================================================================
----------------- testing Sat Jul 20 22:42:16 UTC 2019 /home/travis/build/icyphy/ptII/ptolemy/domains/modal/test/auto/CausalityInterface7.xml
----------------- Instantiating /home/travis/build/icyphy/ptII/ptolemy/domains/modal/test/auto/CausalityInterface7.xml
4 ms. Memory: 189440K Free: 149634K (79%)
----------------- Invoking toplevel() on ptolemy.moml.MoMLSimpleApplication@a718efb
----------------- Done invoking toplevel() on ptolemy.moml.MoMLSimpleApplication@a718efb
reloadAllAccessors: .CausalityInterface7

===========================================================================================
----------------- testing Sat Jul 20 22:42:16 UTC 2019 /home/travis/build/icyphy/ptII/ptolemy/domains/modal/test/auto/CausalityInterface8.xml
----------------- Instantiating /home/travis/build/icyphy/ptII/ptolemy/domains/modal/test/auto/CausalityInterface8.xml
8 ms. Memory: 189440K Free: 141466K (75%)
----------------- Invoking toplevel() on ptolemy.moml.MoMLSimpleApplication@402a6c28
----------------- Done invoking toplevel() on ptolemy.moml.MoMLSimpleApplication@402a6c28
reloadAllAccessors: .CausalityInterface8

===========================================================================================
----------------- testing Sat Jul 20 22:42:16 UTC 2019 /home/travis/build/icyphy/ptII/ptolemy/domains/modal/test/auto/CausalityInterface9.xml
----------------- Instantiating /home/travis/build/icyphy/ptII/ptolemy/domains/modal/test/auto/CausalityInterface9.xml
6 ms. Memory: 189440K Free: 132256K (70%)
----------------- Invoking toplevel() on ptolemy.moml.MoMLSimpleApplication@2b4dc553
----------------- Done invoking toplevel() on ptolemy.moml.MoMLSimpleApplication@2b4dc553
reloadAllAccessors: .CausalityInterface9

===========================================================================================
----------------- testing Sat Jul 20 22:42:16 UTC 2019 /home/travis/build/icyphy/ptII/ptolemy/domains/modal/test/auto/ChainedTransitions.xml
----------------- Instantiating /home/travis/build/icyphy/ptII/ptolemy/domains/modal/test/auto/ChainedTransitions.xml
103 ms. Memory: 189440K Free: 107680K (57%)
----------------- Invoking toplevel() on ptolemy.moml.MoMLSimpleApplication@67645d99
----------------- Done invoking toplevel() on ptolemy.moml.MoMLSimpleApplication@67645d99
reloadAllAccessors: .ChainedTransitions

===========================================================================================
----------------- testing Sat Jul 20 22:42:17 UTC 2019 /home/travis/build/icyphy/ptII/ptolemy/domains/modal/test/auto/CycleOfImmediateTransitionsFSM.xml
----------------- Instantiating /home/travis/build/icyphy/ptII/ptolemy/domains/modal/test/auto/CycleOfImmediateTransitionsFSM.xml
3 ms. Memory: 189440K Free: 102050K (54%)
----------------- Invoking toplevel() on ptolemy.moml.MoMLSimpleApplication@6db9612d
----------------- Done invoking toplevel() on ptolemy.moml.MoMLSimpleApplication@6db9612d
reloadAllAccessors: .CycleOfImmediateTransitionsFSM

===========================================================================================
----------------- testing Sat Jul 20 22:42:17 UTC 2019 /home/travis/build/icyphy/ptII/ptolemy/domains/modal/test/auto/CycleOfImmediateTransitionsModal.xml
----------------- Instantiating /home/travis/build/icyphy/ptII/ptolemy/domains/modal/test/auto/CycleOfImmediateTransitionsModal.xml
4 ms. Memory: 189440K Free: 95906K (51%)
----------------- Invoking toplevel() on ptolemy.moml.MoMLSimpleApplication@53c95950
----------------- Done invoking toplevel() on ptolemy.moml.MoMLSimpleApplication@53c95950
reloadAllAccessors: .CycleOfImmediateTransitionsModal

===========================================================================================
----------------- testing Sat Jul 20 22:42:17 UTC 2019 /home/travis/build/icyphy/ptII/ptolemy/domains/modal/test/auto/CycleOfImmediateTransitionsModal2.xml
----------------- Instantiating /home/travis/build/icyphy/ptII/ptolemy/domains/modal/test/auto/CycleOfImmediateTransitionsModal2.xml
8 ms. Memory: 189440K Free: 89248K (47%)
----------------- Invoking toplevel() on ptolemy.moml.MoMLSimpleApplication@441559f7
----------------- Done invoking toplevel() on ptolemy.moml.MoMLSimpleApplication@441559f7
reloadAllAccessors: .CycleOfImmediateTransitionsModal2

===========================================================================================
----------------- testing Sat Jul 20 22:42:17 UTC 2019 /home/travis/build/icyphy/ptII/ptolemy/domains/modal/test/auto/CycleOfImmediateTransitionsModal3.xml
----------------- Instantiating /home/travis/build/icyphy/ptII/ptolemy/domains/modal/test/auto/CycleOfImmediateTransitionsModal3.xml
11 ms. Memory: 189440K Free: 66706K (35%)
----------------- Invoking toplevel() on ptolemy.moml.MoMLSimpleApplication@3f476560
----------------- Done invoking toplevel() on ptolemy.moml.MoMLSimpleApplication@3f476560
reloadAllAccessors: .CycleOfImmediateTransitionsModal3

===========================================================================================
----------------- testing Sat Jul 20 22:42:17 UTC 2019 /home/travis/build/icyphy/ptII/ptolemy/domains/modal/test/auto/DeepModal1.xml
----------------- Instantiating /home/travis/build/icyphy/ptII/ptolemy/domains/modal/test/auto/DeepModal1.xml
30 ms. Memory: 227328K Free: 199970K (88%)
----------------- Invoking toplevel() on ptolemy.moml.MoMLSimpleApplication@612cd197
----------------- Done invoking toplevel() on ptolemy.moml.MoMLSimpleApplication@612cd197
reloadAllAccessors: .DeepModal1

===========================================================================================
----------------- testing Sat Jul 20 22:42:17 UTC 2019 /home/travis/build/icyphy/ptII/ptolemy/domains/modal/test/auto/DeepModal2.xml
----------------- Instantiating /home/travis/build/icyphy/ptII/ptolemy/domains/modal/test/auto/DeepModal2.xml
28 ms. Memory: 227328K Free: 181538K (80%)
----------------- Invoking toplevel() on ptolemy.moml.MoMLSimpleApplication@6885c5b1
----------------- Done invoking toplevel() on ptolemy.moml.MoMLSimpleApplication@6885c5b1
reloadAllAccessors: .DeepModal2

===========================================================================================
----------------- testing Sat Jul 20 22:42:17 UTC 2019 /home/travis/build/icyphy/ptII/ptolemy/domains/modal/test/auto/DeepModal3.xml
----------------- Instantiating /home/travis/build/icyphy/ptII/ptolemy/domains/modal/test/auto/DeepModal3.xml
27 ms. Memory: 227328K Free: 162082K (71%)
----------------- Invoking toplevel() on ptolemy.moml.MoMLSimpleApplication@66af3af0
----------------- Done invoking toplevel() on ptolemy.moml.MoMLSimpleApplication@66af3af0
reloadAllAccessors: .DeepModal3

===========================================================================================
----------------- testing Sat Jul 20 22:42:17 UTC 2019 /home/travis/build/icyphy/ptII/ptolemy/domains/modal/test/auto/DeepModal4.xml
----------------- Instantiating /home/travis/build/icyphy/ptII/ptolemy/domains/modal/test/auto/DeepModal4.xml
30 ms. Memory: 227328K Free: 142626K (63%)
----------------- Invoking toplevel() on ptolemy.moml.MoMLSimpleApplication@2e82cb6c
----------------- Done invoking toplevel() on ptolemy.moml.MoMLSimpleApplication@2e82cb6c
reloadAllAccessors: .DeepModal4

===========================================================================================
----------------- testing Sat Jul 20 22:42:17 UTC 2019 /home/travis/build/icyphy/ptII/ptolemy/domains/modal/test/auto/Default1.xml
----------------- Instantiating /home/travis/build/icyphy/ptII/ptolemy/domains/modal/test/auto/Default1.xml
3 ms. Memory: 227328K Free: 136992K (60%)
----------------- Invoking toplevel() on ptolemy.moml.MoMLSimpleApplication@67896b7c
----------------- Done invoking toplevel() on ptolemy.moml.MoMLSimpleApplication@67896b7c
reloadAllAccessors: .Default1

===========================================================================================
----------------- testing Sat Jul 20 22:42:17 UTC 2019 /home/travis/build/icyphy/ptII/ptolemy/domains/modal/test/auto/Default2.xml
----------------- Instantiating /home/travis/build/icyphy/ptII/ptolemy/domains/modal/test/auto/Default2.xml
9 ms. Memory: 227328K Free: 131360K (58%)
----------------- Invoking toplevel() on ptolemy.moml.MoMLSimpleApplication@29ea5d21
----------------- Done invoking toplevel() on ptolemy.moml.MoMLSimpleApplication@29ea5d21
reloadAllAccessors: .Default2

===========================================================================================
----------------- testing Sat Jul 20 22:42:17 UTC 2019 /home/travis/build/icyphy/ptII/ptolemy/domains/modal/test/auto/Default3.xml
----------------- Instantiating /home/travis/build/icyphy/ptII/ptolemy/domains/modal/test/auto/Default3.xml
5 ms. Memory: 227328K Free: 125218K (55%)
----------------- Invoking toplevel() on ptolemy.moml.MoMLSimpleApplication@64652dd0
----------------- Done invoking toplevel() on ptolemy.moml.MoMLSimpleApplication@64652dd0
reloadAllAccessors: .Default3

===========================================================================================
----------------- testing Sat Jul 20 22:42:17 UTC 2019 /home/travis/build/icyphy/ptII/ptolemy/domains/modal/test/auto/Default4.xml
----------------- Instantiating /home/travis/build/icyphy/ptII/ptolemy/domains/modal/test/auto/Default4.xml
6 ms. Memory: 227328K Free: 119074K (52%)
----------------- Invoking toplevel() on ptolemy.moml.MoMLSimpleApplication@7db5a582
----------------- Done invoking toplevel() on ptolemy.moml.MoMLSimpleApplication@7db5a582
reloadAllAccessors: .Default4

===========================================================================================
----------------- testing Sat Jul 20 22:42:17 UTC 2019 /home/travis/build/icyphy/ptII/ptolemy/domains/modal/test/auto/Default5.xml
----------------- Instantiating /home/travis/build/icyphy/ptII/ptolemy/domains/modal/test/auto/Default5.xml
7 ms. Memory: 227328K Free: 110882K (49%)
----------------- Invoking toplevel() on ptolemy.moml.MoMLSimpleApplication@1b42df32
----------------- Done invoking toplevel() on ptolemy.moml.MoMLSimpleApplication@1b42df32
reloadAllAccessors: .Default5

===========================================================================================
----------------- testing Sat Jul 20 22:42:17 UTC 2019 /home/travis/build/icyphy/ptII/ptolemy/domains/modal/test/auto/EmptyGuard.xml
----------------- Instantiating /home/travis/build/icyphy/ptII/ptolemy/domains/modal/test/auto/EmptyGuard.xml
9 ms. Memory: 227328K Free: 103182K (45%)
----------------- Invoking toplevel() on ptolemy.moml.MoMLSimpleApplication@77068ee4
----------------- Done invoking toplevel() on ptolemy.moml.MoMLSimpleApplication@77068ee4
reloadAllAccessors: .EmptyGuard

===========================================================================================
----------------- testing Sat Jul 20 22:42:17 UTC 2019 /home/travis/build/icyphy/ptII/ptolemy/domains/modal/test/auto/ErrorTransition1.xml
----------------- Instantiating /home/travis/build/icyphy/ptII/ptolemy/domains/modal/test/auto/ErrorTransition1.xml
5 ms. Memory: 227328K Free: 93984K (41%)
----------------- Invoking toplevel() on ptolemy.moml.MoMLSimpleApplication@694634f2
----------------- Done invoking toplevel() on ptolemy.moml.MoMLSimpleApplication@694634f2
reloadAllAccessors: .ErrorTransition1

===========================================================================================
----------------- testing Sat Jul 20 22:42:17 UTC 2019 /home/travis/build/icyphy/ptII/ptolemy/domains/modal/test/auto/ErrorTransition10.xml
----------------- Instantiating /home/travis/build/icyphy/ptII/ptolemy/domains/modal/test/auto/ErrorTransition10.xml
30 ms. Memory: 227328K Free: 209253K (92%)
----------------- Invoking toplevel() on ptolemy.moml.MoMLSimpleApplication@f9a9e4e
----------------- Done invoking toplevel() on ptolemy.moml.MoMLSimpleApplication@f9a9e4e
reloadAllAccessors: .ErrorTransition10

===========================================================================================
----------------- testing Sat Jul 20 22:42:17 UTC 2019 /home/travis/build/icyphy/ptII/ptolemy/domains/modal/test/auto/ErrorTransition11.xml
----------------- Instantiating /home/travis/build/icyphy/ptII/ptolemy/domains/modal/test/auto/ErrorTransition11.xml
5 ms. Memory: 227328K Free: 197282K (87%)
----------------- Invoking toplevel() on ptolemy.moml.MoMLSimpleApplication@6577e388
----------------- Done invoking toplevel() on ptolemy.moml.MoMLSimpleApplication@6577e388
reloadAllAccessors: .ErrorTransition11

===========================================================================================
----------------- testing Sat Jul 20 22:42:17 UTC 2019 /home/travis/build/icyphy/ptII/ptolemy/domains/modal/test/auto/ErrorTransition2.xml
----------------- Instantiating /home/travis/build/icyphy/ptII/ptolemy/domains/modal/test/auto/ErrorTransition2.xml
8 ms. Memory: 227328K Free: 188576K (83%)
----------------- Invoking toplevel() on ptolemy.moml.MoMLSimpleApplication@7617362e
----------------- Done invoking toplevel() on ptolemy.moml.MoMLSimpleApplication@7617362e
reloadAllAccessors: .ErrorTransition2

===========================================================================================
----------------- testing Sat Jul 20 22:42:17 UTC 2019 /home/travis/build/icyphy/ptII/ptolemy/domains/modal/test/auto/ErrorTransition3.xml
----------------- Instantiating /home/travis/build/icyphy/ptII/ptolemy/domains/modal/test/auto/ErrorTransition3.xml
13 ms. Memory: 227328K Free: 178850K (79%)
----------------- Invoking toplevel() on ptolemy.moml.MoMLSimpleApplication@3e67f66a
----------------- Done invoking toplevel() on ptolemy.moml.MoMLSimpleApplication@3e67f66a
reloadAllAccessors: .ErrorTransition3

===========================================================================================
----------------- testing Sat Jul 20 22:42:17 UTC 2019 /home/travis/build/icyphy/ptII/ptolemy/domains/modal/test/auto/ErrorTransition4.xml
----------------- Instantiating /home/travis/build/icyphy/ptII/ptolemy/domains/modal/test/auto/ErrorTransition4.xml
14 ms. Memory: 227328K Free: 167586K (74%)
----------------- Invoking toplevel() on ptolemy.moml.MoMLSimpleApplication@6a4e7fc9
----------------- Done invoking toplevel() on ptolemy.moml.MoMLSimpleApplication@6a4e7fc9
reloadAllAccessors: .ErrorTransition4

===========================================================================================
----------------- testing Sat Jul 20 22:42:17 UTC 2019 /home/travis/build/icyphy/ptII/ptolemy/domains/modal/test/auto/ErrorTransition5.xml
----------------- Instantiating /home/travis/build/icyphy/ptII/ptolemy/domains/modal/test/auto/ErrorTransition5.xml
8 ms. Memory: 227328K Free: 157346K (69%)
----------------- Invoking toplevel() on ptolemy.moml.MoMLSimpleApplication@64c8a44c
----------------- Done invoking toplevel() on ptolemy.moml.MoMLSimpleApplication@64c8a44c
reloadAllAccessors: .ErrorTransition5

===========================================================================================
----------------- testing Sat Jul 20 22:42:17 UTC 2019 /home/travis/build/icyphy/ptII/ptolemy/domains/modal/test/auto/ErrorTransition6.xml
----------------- Instantiating /home/travis/build/icyphy/ptII/ptolemy/domains/modal/test/auto/ErrorTransition6.xml
11 ms. Memory: 227328K Free: 146592K (64%)
----------------- Invoking toplevel() on ptolemy.moml.MoMLSimpleApplication@38bcd501
----------------- Done invoking toplevel() on ptolemy.moml.MoMLSimpleApplication@38bcd501
reloadAllAccessors: .ErrorTransition6

===========================================================================================
----------------- testing Sat Jul 20 22:42:18 UTC 2019 /home/travis/build/icyphy/ptII/ptolemy/domains/modal/test/auto/ErrorTransition7.xml
----------------- Instantiating /home/travis/build/icyphy/ptII/ptolemy/domains/modal/test/auto/ErrorTransition7.xml
16 ms. Memory: 227328K Free: 134298K (59%)
----------------- Invoking toplevel() on ptolemy.moml.MoMLSimpleApplication@59c6064
----------------- Done invoking toplevel() on ptolemy.moml.MoMLSimpleApplication@59c6064
reloadAllAccessors: .ErrorTransition7

===========================================================================================
----------------- testing Sat Jul 20 22:42:18 UTC 2019 /home/travis/build/icyphy/ptII/ptolemy/domains/modal/test/auto/ErrorTransition8.xml
----------------- Instantiating /home/travis/build/icyphy/ptII/ptolemy/domains/modal/test/auto/ErrorTransition8.xml
27 ms. Memory: 227328K Free: 120992K (53%)
----------------- Invoking toplevel() on ptolemy.moml.MoMLSimpleApplication@e0235c9
----------------- Done invoking toplevel() on ptolemy.moml.MoMLSimpleApplication@e0235c9
reloadAllAccessors: .ErrorTransition8

===========================================================================================
----------------- testing Sat Jul 20 22:42:18 UTC 2019 /home/travis/build/icyphy/ptII/ptolemy/domains/modal/test/auto/ErrorTransition9.xml
----------------- Instantiating /home/travis/build/icyphy/ptII/ptolemy/domains/modal/test/auto/ErrorTransition9.xml
16 ms. Memory: 227328K Free: 107666K (47%)
----------------- Invoking toplevel() on ptolemy.moml.MoMLSimpleApplication@56f65fcb
----------------- Done invoking toplevel() on ptolemy.moml.MoMLSimpleApplication@56f65fcb
reloadAllAccessors: .ErrorTransition9

===========================================================================================
----------------- testing Sat Jul 20 22:42:18 UTC 2019 /home/travis/build/icyphy/ptII/ptolemy/domains/modal/test/auto/ExtendedFSM.xml
----------------- Instantiating /home/travis/build/icyphy/ptII/ptolemy/domains/modal/test/auto/ExtendedFSM.xml
7 ms. Memory: 227328K Free: 99474K (44%)
----------------- Invoking toplevel() on ptolemy.moml.MoMLSimpleApplication@6f8f1686
----------------- Done invoking toplevel() on ptolemy.moml.MoMLSimpleApplication@6f8f1686
reloadAllAccessors: .ExtendedFSM

===========================================================================================
----------------- testing Sat Jul 20 22:42:18 UTC 2019 /home/travis/build/icyphy/ptII/ptolemy/domains/modal/test/auto/FinalStates.xml
----------------- Instantiating /home/travis/build/icyphy/ptII/ptolemy/domains/modal/test/auto/FinalStates.xml
7 ms. Memory: 227328K Free: 91296K (40%)
----------------- Invoking toplevel() on ptolemy.moml.MoMLSimpleApplication@1b7c9b11
----------------- Done invoking toplevel() on ptolemy.moml.MoMLSimpleApplication@1b7c9b11
reloadAllAccessors: .FinalStates

===========================================================================================
----------------- testing Sat Jul 20 22:42:18 UTC 2019 /home/travis/build/icyphy/ptII/ptolemy/domains/modal/test/auto/FixedPointFSM.xml
----------------- Instantiating /home/travis/build/icyphy/ptII/ptolemy/domains/modal/test/auto/FixedPointFSM.xml
37 ms. Memory: 227328K Free: 207901K (91%)
----------------- Invoking toplevel() on ptolemy.moml.MoMLSimpleApplication@4d279598
----------------- Done invoking toplevel() on ptolemy.moml.MoMLSimpleApplication@4d279598
reloadAllAccessors: .FixedPointFSM

===========================================================================================
----------------- testing Sat Jul 20 22:42:18 UTC 2019 /home/travis/build/icyphy/ptII/ptolemy/domains/modal/test/auto/FixedPointIterationFSMActor.xml
----------------- Instantiating /home/travis/build/icyphy/ptII/ptolemy/domains/modal/test/auto/FixedPointIterationFSMActor.xml
9 ms. Memory: 227328K Free: 196987K (87%)
----------------- Invoking toplevel() on ptolemy.moml.MoMLSimpleApplication@777e7635
----------------- Done invoking toplevel() on ptolemy.moml.MoMLSimpleApplication@777e7635
reloadAllAccessors: .FixedPointIterationFSMActor

===========================================================================================
----------------- testing Sat Jul 20 22:42:18 UTC 2019 /home/travis/build/icyphy/ptII/ptolemy/domains/modal/test/auto/FixedPointIterationFSMActor2.xml
----------------- Instantiating /home/travis/build/icyphy/ptII/ptolemy/domains/modal/test/auto/FixedPointIterationFSMActor2.xml
8 ms. Memory: 227328K Free: 184699K (81%)
----------------- Invoking toplevel() on ptolemy.moml.MoMLSimpleApplication@7d59b4ad
----------------- Done invoking toplevel() on ptolemy.moml.MoMLSimpleApplication@7d59b4ad
reloadAllAccessors: .FixedPointIterationFSMActor2

===========================================================================================
----------------- testing Sat Jul 20 22:42:18 UTC 2019 /home/travis/build/icyphy/ptII/ptolemy/domains/modal/test/auto/ForbiddenInstantanousLoop.xml
----------------- Instantiating /home/travis/build/icyphy/ptII/ptolemy/domains/modal/test/auto/ForbiddenInstantanousLoop.xml
8 ms. Memory: 227328K Free: 172403K (76%)
----------------- Invoking toplevel() on ptolemy.moml.MoMLSimpleApplication@7494650b
----------------- Done invoking toplevel() on ptolemy.moml.MoMLSimpleApplication@7494650b
reloadAllAccessors: .ForbiddenInstantanousLoop

===========================================================================================
----------------- testing Sat Jul 20 22:42:18 UTC 2019 /home/travis/build/icyphy/ptII/ptolemy/domains/modal/test/auto/FunctionDependencyOfFSMActorTest.xml
----------------- Instantiating /home/travis/build/icyphy/ptII/ptolemy/domains/modal/test/auto/FunctionDependencyOfFSMActorTest.xml
14 ms. Memory: 227328K Free: 165230K (73%)
----------------- Invoking toplevel() on ptolemy.moml.MoMLSimpleApplication@3e382497
----------------- Done invoking toplevel() on ptolemy.moml.MoMLSimpleApplication@3e382497
reloadAllAccessors: .FunctionDependencyOfFSMActorTest

===========================================================================================
----------------- testing Sat Jul 20 22:42:18 UTC 2019 /home/travis/build/icyphy/ptII/ptolemy/domains/modal/test/auto/GuardExpression.xml
----------------- Instantiating /home/travis/build/icyphy/ptII/ptolemy/domains/modal/test/auto/GuardExpression.xml
2 ms. Memory: 227328K Free: 160129K (70%)
----------------- Invoking toplevel() on ptolemy.moml.MoMLSimpleApplication@669b8a1a
----------------- Done invoking toplevel() on ptolemy.moml.MoMLSimpleApplication@669b8a1a
reloadAllAccessors: .GuardExpression

===========================================================================================
----------------- testing Sat Jul 20 22:42:18 UTC 2019 /home/travis/build/icyphy/ptII/ptolemy/domains/modal/test/auto/GuardNotEvaluated.xml
----------------- Instantiating /home/travis/build/icyphy/ptII/ptolemy/domains/modal/test/auto/GuardNotEvaluated.xml
6 ms. Memory: 227328K Free: 151427K (67%)
----------------- Invoking toplevel() on ptolemy.moml.MoMLSimpleApplication@258abba8
----------------- Done invoking toplevel() on ptolemy.moml.MoMLSimpleApplication@258abba8
reloadAllAccessors: .GuardNotEvaluated

===========================================================================================
----------------- testing Sat Jul 20 22:42:18 UTC 2019 /home/travis/build/icyphy/ptII/ptolemy/domains/modal/test/auto/GuardNotEvaluated2.xml
----------------- Instantiating /home/travis/build/icyphy/ptII/ptolemy/domains/modal/test/auto/GuardNotEvaluated2.xml
9 ms. Memory: 227328K Free: 141697K (62%)
----------------- Invoking toplevel() on ptolemy.moml.MoMLSimpleApplication@32276065
----------------- Done invoking toplevel() on ptolemy.moml.MoMLSimpleApplication@32276065
reloadAllAccessors: .GuardNotEvaluated2

===========================================================================================
----------------- testing Sat Jul 20 22:42:18 UTC 2019 /home/travis/build/icyphy/ptII/ptolemy/domains/modal/test/auto/GuardOnAbsent.xml
----------------- Instantiating /home/travis/build/icyphy/ptII/ptolemy/domains/modal/test/auto/GuardOnAbsent.xml
9 ms. Memory: 227328K Free: 134515K (59%)
----------------- Invoking toplevel() on ptolemy.moml.MoMLSimpleApplication@12fd2ec3
----------------- Done invoking toplevel() on ptolemy.moml.MoMLSimpleApplication@12fd2ec3
reloadAllAccessors: .GuardOnAbsent

===========================================================================================
----------------- testing Sat Jul 20 22:42:18 UTC 2019 /home/travis/build/icyphy/ptII/ptolemy/domains/modal/test/auto/HierarchicalFSMTypeInference.xml
----------------- Instantiating /home/travis/build/icyphy/ptII/ptolemy/domains/modal/test/auto/HierarchicalFSMTypeInference.xml
6 ms. Memory: 227328K Free: 124289K (55%)
----------------- Invoking toplevel() on ptolemy.moml.MoMLSimpleApplication@1e51163d
----------------- Done invoking toplevel() on ptolemy.moml.MoMLSimpleApplication@1e51163d
reloadAllAccessors: .HierarchicalFSMTypeInference

===========================================================================================
----------------- testing Sat Jul 20 22:42:18 UTC 2019 /home/travis/build/icyphy/ptII/ptolemy/domains/modal/test/auto/Hysteresis.xml
----------------- Instantiating /home/travis/build/icyphy/ptII/ptolemy/domains/modal/test/auto/Hysteresis.xml
17 ms. Memory: 227328K Free: 110963K (49%)
----------------- Invoking toplevel() on ptolemy.moml.MoMLSimpleApplication@571f3a26
----------------- Done invoking toplevel() on ptolemy.moml.MoMLSimpleApplication@571f3a26
reloadAllAccessors: .Hysteresis

===========================================================================================
----------------- testing Sat Jul 20 22:42:18 UTC 2019 /home/travis/build/icyphy/ptII/ptolemy/domains/modal/test/auto/HysteresisWithDefault.xml
----------------- Instantiating /home/travis/build/icyphy/ptII/ptolemy/domains/modal/test/auto/HysteresisWithDefault.xml
44 ms. Memory: 227328K Free: 87425K (38%)
----------------- Invoking toplevel() on ptolemy.moml.MoMLSimpleApplication@5ec8c4bf
----------------- Done invoking toplevel() on ptolemy.moml.MoMLSimpleApplication@5ec8c4bf
reloadAllAccessors: .HysteresisWithDefault

===========================================================================================
----------------- testing Sat Jul 20 22:42:18 UTC 2019 /home/travis/build/icyphy/ptII/ptolemy/domains/modal/test/auto/HysteresisWithDefault2.xml
----------------- Instantiating /home/travis/build/icyphy/ptII/ptolemy/domains/modal/test/auto/HysteresisWithDefault2.xml
39 ms. Memory: 227328K Free: 189251K (83%)
----------------- Invoking toplevel() on ptolemy.moml.MoMLSimpleApplication@78a70dff
----------------- Done invoking toplevel() on ptolemy.moml.MoMLSimpleApplication@78a70dff
reloadAllAccessors: .HysteresisWithDefault2

===========================================================================================
----------------- testing Sat Jul 20 22:42:18 UTC 2019 /home/travis/build/icyphy/ptII/ptolemy/domains/modal/test/auto/ImmediateNonConstructiveness.xml
----------------- Instantiating /home/travis/build/icyphy/ptII/ptolemy/domains/modal/test/auto/ImmediateNonConstructiveness.xml
3 ms. Memory: 227328K Free: 182083K (80%)
----------------- Invoking toplevel() on ptolemy.moml.MoMLSimpleApplication@f303508
----------------- Done invoking toplevel() on ptolemy.moml.MoMLSimpleApplication@f303508
reloadAllAccessors: .ImmediateNonConstructiveness

===========================================================================================
----------------- testing Sat Jul 20 22:42:18 UTC 2019 /home/travis/build/icyphy/ptII/ptolemy/domains/modal/test/auto/ImmediateNonConstructiveness2.xml
----------------- Instantiating /home/travis/build/icyphy/ptII/ptolemy/domains/modal/test/auto/ImmediateNonConstructiveness2.xml
3 ms. Memory: 227328K Free: 175425K (77%)
----------------- Invoking toplevel() on ptolemy.moml.MoMLSimpleApplication@530dcc2f
----------------- Done invoking toplevel() on ptolemy.moml.MoMLSimpleApplication@530dcc2f
reloadAllAccessors: .ImmediateNonConstructiveness2

===========================================================================================
----------------- testing Sat Jul 20 22:42:18 UTC 2019 /home/travis/build/icyphy/ptII/ptolemy/domains/modal/test/auto/ImmediateTransitionReset.xml
----------------- Instantiating /home/travis/build/icyphy/ptII/ptolemy/domains/modal/test/auto/ImmediateTransitionReset.xml
9 ms. Memory: 227328K Free: 163651K (72%)
----------------- Invoking toplevel() on ptolemy.moml.MoMLSimpleApplication@269969c3
----------------- Done invoking toplevel() on ptolemy.moml.MoMLSimpleApplication@269969c3
reloadAllAccessors: .ImmediateTransitionReset

===========================================================================================
----------------- testing Sat Jul 20 22:42:18 UTC 2019 /home/travis/build/icyphy/ptII/ptolemy/domains/modal/test/auto/ImmediateTransitions1.xml
----------------- Instantiating /home/travis/build/icyphy/ptII/ptolemy/domains/modal/test/auto/ImmediateTransitions1.xml
2 ms. Memory: 227328K Free: 158531K (70%)
----------------- Invoking toplevel() on ptolemy.moml.MoMLSimpleApplication@27b30eab
----------------- Done invoking toplevel() on ptolemy.moml.MoMLSimpleApplication@27b30eab
reloadAllAccessors: .ImmediateTransitions1

===========================================================================================
----------------- testing Sat Jul 20 22:42:18 UTC 2019 /home/travis/build/icyphy/ptII/ptolemy/domains/modal/test/auto/ImmediateTransitionsInstantaneousCommunication.xml
----------------- Instantiating /home/travis/build/icyphy/ptII/ptolemy/domains/modal/test/auto/ImmediateTransitionsInstantaneousCommunication.xml
4 ms. Memory: 227328K Free: 146747K (65%)
----------------- Invoking toplevel() on ptolemy.moml.MoMLSimpleApplication@623e348
----------------- Done invoking toplevel() on ptolemy.moml.MoMLSimpleApplication@623e348
reloadAllAccessors: .ImmediateTransitionsInstantaneousCommunication

===========================================================================================
----------------- testing Sat Jul 20 22:42:18 UTC 2019 /home/travis/build/icyphy/ptII/ptolemy/domains/modal/test/auto/InitialImmediateTransition.xml
----------------- Instantiating /home/travis/build/icyphy/ptII/ptolemy/domains/modal/test/auto/InitialImmediateTransition.xml
3 ms. Memory: 227328K Free: 139579K (61%)
----------------- Invoking toplevel() on ptolemy.moml.MoMLSimpleApplication@48d85918
----------------- Done invoking toplevel() on ptolemy.moml.MoMLSimpleApplication@48d85918
reloadAllAccessors: .InitialImmediateTransition

===========================================================================================
----------------- testing Sat Jul 20 22:42:18 UTC 2019 /home/travis/build/icyphy/ptII/ptolemy/domains/modal/test/auto/InitialOutputs.xml
----------------- Instantiating /home/travis/build/icyphy/ptII/ptolemy/domains/modal/test/auto/InitialOutputs.xml
3 ms. Memory: 227328K Free: 133441K (59%)
----------------- Invoking toplevel() on ptolemy.moml.MoMLSimpleApplication@3a718875
----------------- Done invoking toplevel() on ptolemy.moml.MoMLSimpleApplication@3a718875
reloadAllAccessors: .InitialOutputs

===========================================================================================
----------------- testing Sat Jul 20 22:42:18 UTC 2019 /home/travis/build/icyphy/ptII/ptolemy/domains/modal/test/auto/InitialStateTransition1.xml
----------------- Instantiating /home/travis/build/icyphy/ptII/ptolemy/domains/modal/test/auto/InitialStateTransition1.xml
3 ms. Memory: 227328K Free: 126273K (56%)
----------------- Invoking toplevel() on ptolemy.moml.MoMLSimpleApplication@4e00271
----------------- Done invoking toplevel() on ptolemy.moml.MoMLSimpleApplication@4e00271
reloadAllAccessors: .InitialStateTransition1

===========================================================================================
----------------- testing Sat Jul 20 22:42:19 UTC 2019 /home/travis/build/icyphy/ptII/ptolemy/domains/modal/test/auto/InitialStateTransition2.xml
----------------- Instantiating /home/travis/build/icyphy/ptII/ptolemy/domains/modal/test/auto/InitialStateTransition2.xml
.InitialStateTransition2.TestExceptionAttributeNonConstructive: initialize() was not invoked, but wrapup() was.  This is unusual, but not always a problem.  For example, exporting JNLP will do this.
3 ms. Memory: 227328K Free: 119105K (52%)
----------------- Invoking toplevel() on ptolemy.moml.MoMLSimpleApplication@7b3a898c
----------------- Done invoking toplevel() on ptolemy.moml.MoMLSimpleApplication@7b3a898c
reloadAllAccessors: .InitialStateTransition2

===========================================================================================
----------------- testing Sat Jul 20 22:42:19 UTC 2019 /home/travis/build/icyphy/ptII/ptolemy/domains/modal/test/auto/InitialStateTransition3.xml
----------------- Instantiating /home/travis/build/icyphy/ptII/ptolemy/domains/modal/test/auto/InitialStateTransition3.xml
4 ms. Memory: 227328K Free: 110913K (49%)
----------------- Invoking toplevel() on ptolemy.moml.MoMLSimpleApplication@477cd746
----------------- Done invoking toplevel() on ptolemy.moml.MoMLSimpleApplication@477cd746
reloadAllAccessors: .InitialStateTransition3

===========================================================================================
----------------- testing Sat Jul 20 22:42:19 UTC 2019 /home/travis/build/icyphy/ptII/ptolemy/domains/modal/test/auto/InitialStateTransition4.xml
----------------- Instantiating /home/travis/build/icyphy/ptII/ptolemy/domains/modal/test/auto/InitialStateTransition4.xml
3 ms. Memory: 227328K Free: 101187K (45%)
----------------- Invoking toplevel() on ptolemy.moml.MoMLSimpleApplication@4ea344d3
----------------- Done invoking toplevel() on ptolemy.moml.MoMLSimpleApplication@4ea344d3
[...]
reloadAllAccessors: .TerminationTransition3

===========================================================================================
----------------- testing Sat Jul 20 22:42:21 UTC 2019 /home/travis/build/icyphy/ptII/ptolemy/domains/modal/test/auto/TerminationTransition4.xml
----------------- Instantiating /home/travis/build/icyphy/ptII/ptolemy/domains/modal/test/auto/TerminationTransition4.xml
6 ms. Memory: 295936K Free: 230389K (78%)
----------------- Invoking toplevel() on ptolemy.moml.MoMLSimpleApplication@16f8df64
----------------- Done invoking toplevel() on ptolemy.moml.MoMLSimpleApplication@16f8df64
reloadAllAccessors: .TerminationTransition4

===========================================================================================
----------------- testing Sat Jul 20 22:42:21 UTC 2019 /home/travis/build/icyphy/ptII/ptolemy/domains/modal/test/auto/TerminationTransition5.xml
----------------- Instantiating /home/travis/build/icyphy/ptII/ptolemy/domains/modal/test/auto/TerminationTransition5.xml
3 ms. Memory: 295936K Free: 216567K (73%)
----------------- Invoking toplevel() on ptolemy.moml.MoMLSimpleApplication@810fada
----------------- Done invoking toplevel() on ptolemy.moml.MoMLSimpleApplication@810fada
reloadAllAccessors: .TerminationTransition5

===========================================================================================
----------------- testing Sat Jul 20 22:42:21 UTC 2019 /home/travis/build/icyphy/ptII/ptolemy/domains/modal/test/auto/TerminationTransition6.xml
----------------- Instantiating /home/travis/build/icyphy/ptII/ptolemy/domains/modal/test/auto/TerminationTransition6.xml
1 ms. Memory: 295936K Free: 208375K (70%)
----------------- Invoking toplevel() on ptolemy.moml.MoMLSimpleApplication@699d5c21
----------------- Done invoking toplevel() on ptolemy.moml.MoMLSimpleApplication@699d5c21
reloadAllAccessors: .TerminationTransition6

===========================================================================================
----------------- testing Sat Jul 20 22:42:21 UTC 2019 /home/travis/build/icyphy/ptII/ptolemy/domains/modal/test/auto/TerminationTransition7.xml
----------------- Instantiating /home/travis/build/icyphy/ptII/ptolemy/domains/modal/test/auto/TerminationTransition7.xml
2 ms. Memory: 295936K Free: 199159K (67%)
----------------- Invoking toplevel() on ptolemy.moml.MoMLSimpleApplication@308e3450
----------------- Done invoking toplevel() on ptolemy.moml.MoMLSimpleApplication@308e3450
reloadAllAccessors: .TerminationTransition7

===========================================================================================
----------------- testing Sat Jul 20 22:42:21 UTC 2019 /home/travis/build/icyphy/ptII/ptolemy/domains/modal/test/auto/TerminationTransition8.xml
----------------- Instantiating /home/travis/build/icyphy/ptII/ptolemy/domains/modal/test/auto/TerminationTransition8.xml
3 ms. Memory: 295936K Free: 189429K (64%)
----------------- Invoking toplevel() on ptolemy.moml.MoMLSimpleApplication@5a34c905
----------------- Done invoking toplevel() on ptolemy.moml.MoMLSimpleApplication@5a34c905
reloadAllAccessors: .TerminationTransition8

===========================================================================================
----------------- testing Sat Jul 20 22:42:21 UTC 2019 /home/travis/build/icyphy/ptII/ptolemy/domains/modal/test/auto/Thermostat_NoHysteresis.xml
----------------- Instantiating /home/travis/build/icyphy/ptII/ptolemy/domains/modal/test/auto/Thermostat_NoHysteresis.xml
38 ms. Memory: 295936K Free: 164853K (56%)
----------------- Invoking toplevel() on ptolemy.moml.MoMLSimpleApplication@2818506c
----------------- Done invoking toplevel() on ptolemy.moml.MoMLSimpleApplication@2818506c
reloadAllAccessors: .Thermostat_NoHysteresis

===========================================================================================
----------------- testing Sat Jul 20 22:42:21 UTC 2019 /home/travis/build/icyphy/ptII/ptolemy/domains/modal/test/auto/TimedFSM.xml
----------------- Instantiating /home/travis/build/icyphy/ptII/ptolemy/domains/modal/test/auto/TimedFSM.xml
10 ms. Memory: 295936K Free: 153079K (52%)
----------------- Invoking toplevel() on ptolemy.moml.MoMLSimpleApplication@19e5853e
----------------- Done invoking toplevel() on ptolemy.moml.MoMLSimpleApplication@19e5853e
reloadAllAccessors: .TimedFSM

===========================================================================================
----------------- testing Sat Jul 20 22:42:21 UTC 2019 /home/travis/build/icyphy/ptII/ptolemy/domains/modal/test/auto/Timeout1.xml
----------------- Instantiating /home/travis/build/icyphy/ptII/ptolemy/domains/modal/test/auto/Timeout1.xml
3 ms. Memory: 295936K Free: 147431K (50%)
----------------- Invoking toplevel() on ptolemy.moml.MoMLSimpleApplication@fbdd23e
----------------- Done invoking toplevel() on ptolemy.moml.MoMLSimpleApplication@fbdd23e
reloadAllAccessors: .Timeout1

===========================================================================================
----------------- testing Sat Jul 20 22:42:21 UTC 2019 /home/travis/build/icyphy/ptII/ptolemy/domains/modal/test/auto/Timeout2.xml
----------------- Instantiating /home/travis/build/icyphy/ptII/ptolemy/domains/modal/test/auto/Timeout2.xml
10 ms. Memory: 295936K Free: 138743K (47%)
----------------- Invoking toplevel() on ptolemy.moml.MoMLSimpleApplication@a8201ac
----------------- Done invoking toplevel() on ptolemy.moml.MoMLSimpleApplication@a8201ac
reloadAllAccessors: .Timeout2

===========================================================================================
----------------- testing Sat Jul 20 22:42:21 UTC 2019 /home/travis/build/icyphy/ptII/ptolemy/domains/modal/test/auto/Timeout3.xml
----------------- Instantiating /home/travis/build/icyphy/ptII/ptolemy/domains/modal/test/auto/Timeout3.xml
2 ms. Memory: 295936K Free: 134103K (45%)
----------------- Invoking toplevel() on ptolemy.moml.MoMLSimpleApplication@659ea475
----------------- Done invoking toplevel() on ptolemy.moml.MoMLSimpleApplication@659ea475
reloadAllAccessors: .Timeout3

===========================================================================================
----------------- testing Sat Jul 20 22:42:21 UTC 2019 /home/travis/build/icyphy/ptII/ptolemy/domains/modal/test/auto/Timeout4.xml
----------------- Instantiating /home/travis/build/icyphy/ptII/ptolemy/domains/modal/test/auto/Timeout4.xml
2 ms. Memory: 295936K Free: 129013K (44%)
----------------- Invoking toplevel() on ptolemy.moml.MoMLSimpleApplication@146428a9
----------------- Done invoking toplevel() on ptolemy.moml.MoMLSimpleApplication@146428a9
reloadAllAccessors: .Timeout4

===========================================================================================
----------------- testing Sat Jul 20 22:42:21 UTC 2019 /home/travis/build/icyphy/ptII/ptolemy/domains/modal/test/auto/TransientstateModelAdvanced.xml
----------------- Instantiating /home/travis/build/icyphy/ptII/ptolemy/domains/modal/test/auto/TransientstateModelAdvanced.xml
3 ms. Memory: 295936K Free: 116711K (39%)
----------------- Invoking toplevel() on ptolemy.moml.MoMLSimpleApplication@4cfb3cd5
----------------- Done invoking toplevel() on ptolemy.moml.MoMLSimpleApplication@4cfb3cd5
reloadAllAccessors: .TransientstateModelAdvanced

===========================================================================================
----------------- testing Sat Jul 20 22:42:21 UTC 2019 /home/travis/build/icyphy/ptII/ptolemy/domains/modal/test/auto/TransientstateModelAdvanced2.xml
----------------- Instantiating /home/travis/build/icyphy/ptII/ptolemy/domains/modal/test/auto/TransientstateModelAdvanced2.xml
16 ms. Memory: 376832K Free: 356921K (95%)
----------------- Invoking toplevel() on ptolemy.moml.MoMLSimpleApplication@d514235
----------------- Done invoking toplevel() on ptolemy.moml.MoMLSimpleApplication@d514235
reloadAllAccessors: .transientstatemodelAdvanced

===========================================================================================
----------------- testing Sat Jul 20 22:42:21 UTC 2019 /home/travis/build/icyphy/ptII/ptolemy/domains/modal/test/auto/TransitionRefinements.xml
----------------- Instantiating /home/travis/build/icyphy/ptII/ptolemy/domains/modal/test/auto/TransitionRefinements.xml
8 ms. Memory: 376832K Free: 346681K (92%)
----------------- Invoking toplevel() on ptolemy.moml.MoMLSimpleApplication@1050fe0e
----------------- Done invoking toplevel() on ptolemy.moml.MoMLSimpleApplication@1050fe0e
reloadAllAccessors: .TransitionRefinements

===========================================================================================
----------------- testing Sat Jul 20 22:42:21 UTC 2019 /home/travis/build/icyphy/ptII/ptolemy/domains/modal/test/auto/TwoRefinements1.xml
----------------- Instantiating /home/travis/build/icyphy/ptII/ptolemy/domains/modal/test/auto/TwoRefinements1.xml
3 ms. Memory: 376832K Free: 336951K (89%)
----------------- Invoking toplevel() on ptolemy.moml.MoMLSimpleApplication@fd79455
----------------- Done invoking toplevel() on ptolemy.moml.MoMLSimpleApplication@fd79455
reloadAllAccessors: .TwoRefinements1

===========================================================================================
----------------- testing Sat Jul 20 22:42:21 UTC 2019 /home/travis/build/icyphy/ptII/ptolemy/domains/modal/test/auto/TwoRefinements2.xml
----------------- Instantiating /home/travis/build/icyphy/ptII/ptolemy/domains/modal/test/auto/TwoRefinements2.xml
4 ms. Memory: 376832K Free: 327225K (87%)
----------------- Invoking toplevel() on ptolemy.moml.MoMLSimpleApplication@55921d3c
----------------- Done invoking toplevel() on ptolemy.moml.MoMLSimpleApplication@55921d3c
reloadAllAccessors: .TwoRefinements2

===========================================================================================
----------------- testing Sat Jul 20 22:42:21 UTC 2019 /home/travis/build/icyphy/ptII/ptolemy/domains/modal/test/auto/WeakImmediateTransition.xml
----------------- Instantiating /home/travis/build/icyphy/ptII/ptolemy/domains/modal/test/auto/WeakImmediateTransition.xml
4 ms. Memory: 376832K Free: 318519K (85%)
----------------- Invoking toplevel() on ptolemy.moml.MoMLSimpleApplication@68425078
----------------- Done invoking toplevel() on ptolemy.moml.MoMLSimpleApplication@68425078
reloadAllAccessors: .WeakImmediateTransition

===========================================================================================
----------------- testing Sat Jul 20 22:42:21 UTC 2019 /home/travis/build/icyphy/ptII/ptolemy/domains/modal/test/auto/booleanSelect.xml
----------------- Instantiating /home/travis/build/icyphy/ptII/ptolemy/domains/modal/test/auto/booleanSelect.xml
33 ms. Memory: 376832K Free: 300601K (80%)
----------------- Invoking toplevel() on ptolemy.moml.MoMLSimpleApplication@4c6c810b
----------------- Done invoking toplevel() on ptolemy.moml.MoMLSimpleApplication@4c6c810b
reloadAllAccessors: .booleanSelect

===========================================================================================
----------------- testing Sat Jul 20 22:42:21 UTC 2019 /home/travis/build/icyphy/ptII/ptolemy/domains/modal/test/auto/modalChangingParams.xml
----------------- Instantiating /home/travis/build/icyphy/ptII/ptolemy/domains/modal/test/auto/modalChangingParams.xml
0
1
0
2
4
6
8
7
0
2
4
6
8
13
0
2
4
6
8
19
0
2
4
6
8
25
0
2
4
6
8
31
0
2
4
6
8
37
0
2
4
6
8
43
0
2
4
6
8
49
0
2
4
6
8
55
0
2
4
6
8
61
0
2
4
6
8
67
0
2
4
6
8
73
0
2
4
6
8
79
0
2
4
6
8
85
0
2
4
6
8
91
0
2
4
6
8
97
0
2
4
6
8
103
0
2
4
6
8
109
0
2
4
6
8
115
0
2
4
6
8
121
0
2
4
6
8
127
0
2
4
6
8
133
0
2
4
6
8
139
0
2
4
6
8
145
0
2
4
6
8
151
0
2
4
6
8
157
0
2
4
6
8
163
0
2
4
6
8
169
0
2
4
6
8
175
0
2
4
6
8
181
0
2
4
6
8
187
0
2
4
6
8
193
0
2
4
6
8
199
0
2
4
6
8
205
0
2
4
6
8
211
0
2
4
6
8
217
0
2
4
6
8
223
0
2
4
6
8
229
0
2
4
6
8
235
0
2
4
6
8
241
0
2
4
6
8
247
0
2
4
6
8
253
0
2
4
6
8
259
0
2
4
6
8
265
0
2
4
6
8
271
0
2
4
6
8
277
0
2
4
6
8
283
0
2
4
6
8
289
0
2
4
6
8
295
0
2
4
6
8
301
0
2
4
6
8
307
0
2
4
6
8
313
0
2
4
6
8
319
0
2
4
6
8
325
0
2
4
6
8
331
0
2
4
6
8
337
0
2
4
6
8
343
0
2
4
6
8
349
0
2
4
6
8
355
0
2
4
6
8
361
0
2
4
6
8
367
0
2
4
6
8
373
0
2
4
6
8
379
0
2
4
6
8
385
0
2
4
6
8
391
0
2
4
6
8
397
0
2
4
6
8
403
0
2
4
6
8
409
0
2
4
6
8
415
0
2
4
6
8
421
0
2
4
6
8
427
0
2
4
6
8
433
0
2
4
6
8
439
0
2
4
6
8
445
0
2
4
6
8
451
0
2
4
6
8
457
0
2
4
6
8
463
0
2
4
6
8
469
0
2
4
6
8
475
0
2
4
6
8
481
0
2
4
6
8
487
0
2
4
6
8
493
0
2
4
6
8
499
0
2
4
6
8
505
0
2
4
6
8
511
0
2
4
6
8
517
0
2
4
6
8
523
0
2
4
6
8
529
0
2
4
6
8
535
0
2
4
6
8
541
0
2
4
6
8
547
0
2
4
6
8
553
0
2
4
6
8
559
0
2
4
6
8
565
0
2
4
6
8
571
0
2
4
6
8
577
0
2
4
6
8
583
0
2
4
6
8
589
0
2
4
6
8
595
0
2
4
6
8
601
0
2
4
6
8
607
0
2
4
6
8
613
0
2
4
6
8
619
0
2
4
6
8
625
0
2
4
6
8
631
0
2
4
6
8
637
0
2
4
6
8
643
0
2
4
6
8
649
0
2
4
6
8
655
0
2
4
6
8
661
0
2
4
6
8
667
0
2
4
6
8
673
0
2
4
6
8
679
0
2
4
6
8
685
0
2
4
6
8
691
0
2
4
6
8
697
0
2
4
6
8
703
0
2
4
6
8
709
0
2
4
6
8
715
0
2
4
6
8
721
0
2
4
6
8
727
0
2
4
6
8
733
0
2
4
6
8
739
0
2
4
6
8
745
0
2
4
6
8
751
0
2
4
6
8
757
0
2
4
6
8
763
0
2
4
6
8
769
0
2
4
6
8
775
0
2
4
6
8
781
0
2
4
6
8
787
0
2
4
6
8
793
0
2
4
6
8
799
0
2
4
6
8
805
0
2
4
6
8
811
0
2
4
6
8
817
0
2
4
6
8
823
0
2
4
6
8
829
0
2
4
6
8
835
0
2
4
6
8
841
0
2
4
6
8
847
0
2
4
6
8
853
0
2
4
6
8
859
0
2
4
6
8
865
0
2
4
6
8
871
0
2
4
6
8
877
0
2
4
6
8
883
0
2
4
6
8
889
0
2
4
6
8
895
0
2
4
6
8
901
0
2
4
6
8
907
0
2
4
6
8
913
0
2
4
6
8
919
0
2
4
6
8
925
0
2
4
6
8
931
0
2
4
6
8
937
0
2
4
6
8
943
0
2
4
6
8
949
0
2
4
6
8
955
0
2
4
6
8
961
0
2
4
6
8
967
0
2
4
6
8
973
0
2
4
6
8
979
0
2
4
6
8
985
0
2
4
6
8
991
0
2
4
6
8
997
0
2
259 ms. Memory: 376832K Free: 185913K (49%)
----------------- Invoking toplevel() on ptolemy.moml.MoMLSimpleApplication@710d1a25
----------------- Done invoking toplevel() on ptolemy.moml.MoMLSimpleApplication@710d1a25
reloadAllAccessors: .modalChangingParams

===========================================================================================
----------------- testing Sat Jul 20 22:42:21 UTC 2019 /home/travis/build/icyphy/ptII/ptolemy/domains/modal/test/auto/modalModel.xml
----------------- Instantiating /home/travis/build/icyphy/ptII/ptolemy/domains/modal/test/auto/modalModel.xml
5 ms. Memory: 376832K Free: 177193K (47%)
----------------- Invoking toplevel() on ptolemy.moml.MoMLSimpleApplication@5532beba
----------------- Done invoking toplevel() on ptolemy.moml.MoMLSimpleApplication@5532beba
reloadAllAccessors: .modalModel

===========================================================================================
----------------- testing Sat Jul 20 22:42:21 UTC 2019 /home/travis/build/icyphy/ptII/ptolemy/domains/modal/test/auto/modalModel2.xml
----------------- Instantiating /home/travis/build/icyphy/ptII/ptolemy/domains/modal/test/auto/modalModel2.xml
9 ms. Memory: 376832K Free: 166457K (44%)
----------------- Invoking toplevel() on ptolemy.moml.MoMLSimpleApplication@260916
----------------- Done invoking toplevel() on ptolemy.moml.MoMLSimpleApplication@260916
reloadAllAccessors: .modalModel2

===========================================================================================
----------------- testing Sat Jul 20 22:42:22 UTC 2019 /home/travis/build/icyphy/ptII/ptolemy/domains/modal/test/auto/modalModel3.xml
----------------- Instantiating /home/travis/build/icyphy/ptII/ptolemy/domains/modal/test/auto/modalModel3.xml
0	0	0
3	2	1
6	4	2
9	6	3
4	0	4
7	2	5
10	4	6
13	6	7
8	0	8
11	2	9
14	4	10
17	6	11
12	0	12
15	2	13
18	4	14
15 ms. Memory: 376832K Free: 152121K (40%)
----------------- Invoking toplevel() on ptolemy.moml.MoMLSimpleApplication@7a3c9922
----------------- Done invoking toplevel() on ptolemy.moml.MoMLSimpleApplication@7a3c9922
reloadAllAccessors: .modalModel3

===========================================================================================
----------------- testing Sat Jul 20 22:42:22 UTC 2019 /home/travis/build/icyphy/ptII/ptolemy/domains/modal/test/auto/model1.xml
----------------- Instantiating /home/travis/build/icyphy/ptII/ptolemy/domains/modal/test/auto/model1.xml
12 ms. Memory: 376832K Free: 146473K (39%)
----------------- Invoking toplevel() on ptolemy.moml.MoMLSimpleApplication@5f229941
----------------- Done invoking toplevel() on ptolemy.moml.MoMLSimpleApplication@5f229941
reloadAllAccessors: .model1

===========================================================================================
----------------- testing Sat Jul 20 22:42:22 UTC 2019 /home/travis/build/icyphy/ptII/ptolemy/domains/modal/test/auto/test-direct-in-out.xml
----------------- Instantiating /home/travis/build/icyphy/ptII/ptolemy/domains/modal/test/auto/test-direct-in-out.xml
5 ms. Memory: 376832K Free: 138295K (37%)
----------------- Invoking toplevel() on ptolemy.moml.MoMLSimpleApplication@4f18fe77
----------------- Done invoking toplevel() on ptolemy.moml.MoMLSimpleApplication@4f18fe77
reloadAllAccessors: .test-direct-in-out
AutoTests.java: About to close Vertx.
AutoTests.java: Vertx closed.
]]></system-out>
  <system-err><![CDATA[java.lang.RuntimeException: Execution failed
	at ptolemy.moml.MoMLSimpleApplication$UnloadThread.run(MoMLSimpleApplication.java:402)
Caused by: ptolemy.kernel.util.IllegalActionException: Unknown inputs remain. Possible causality loop:
L_model_1893289564i

  in .CannotAnalysisWithPreemption.model_1893289564_region_1 and .CannotAnalysisWithPreemption.model_1893289564_region_1.L_model_1893289564i
	at ptolemy.actor.sched.FixedPointDirector.postfire(FixedPointDirector.java:515)
	at ptolemy.domains.sr.kernel.SRDirector.postfire(SRDirector.java:417)
	at ptolemy.actor.CompositeActor.postfire(CompositeActor.java:1668)
	at ptolemy.actor.Manager.iterate(Manager.java:852)
	at ptolemy.actor.Manager.execute(Manager.java:369)
	at ptolemy.actor.Manager.run(Manager.java:1263)
	at ptolemy.actor.Manager$PtolemyRunThread.run(Manager.java:1933)
java.lang.reflect.InvocationTargetException
	at java.base/jdk.internal.reflect.NativeConstructorAccessorImpl.newInstance0(Native Method)
	at java.base/jdk.internal.reflect.NativeConstructorAccessorImpl.newInstance(NativeConstructorAccessorImpl.java:62)
	at java.base/jdk.internal.reflect.DelegatingConstructorAccessorImpl.newInstance(DelegatingConstructorAccessorImpl.java:45)
	at java.base/java.lang.reflect.Constructor.newInstance(Constructor.java:490)
	at ptolemy.util.test.junit.AutoKnownFailedTests.RunModel(AutoKnownFailedTests.java:105)
	at java.base/jdk.internal.reflect.NativeMethodAccessorImpl.invoke0(Native Method)
	at java.base/jdk.internal.reflect.NativeMethodAccessorImpl.invoke(NativeMethodAccessorImpl.java:62)
	at java.base/jdk.internal.reflect.DelegatingMethodAccessorImpl.invoke(DelegatingMethodAccessorImpl.java:43)
	at java.base/java.lang.reflect.Method.invoke(Method.java:566)
	at org.junit.runners.model.FrameworkMethod$1.runReflectiveCall(FrameworkMethod.java:44)
	at org.junit.internal.runners.model.ReflectiveCallable.run(ReflectiveCallable.java:15)
	at org.junit.runners.model.FrameworkMethod.invokeExplosively(FrameworkMethod.java:41)
	at junitparams.internal.InvokeParameterisedMethod.evaluate(InvokeParameterisedMethod.java:102)
	at org.junit.internal.runners.statements.FailOnTimeout$1.run(FailOnTimeout.java:28)
Caused by: ptolemy.kernel.util.IllegalActionException: Unknown inputs remain. Possible causality loop:
L_model_1893289564i

  in .CannotAnalysisWithPreemption.model_1893289564_region_1 and .CannotAnalysisWithPreemption.model_1893289564_region_1.L_model_1893289564i
	at ptolemy.actor.sched.FixedPointDirector.postfire(FixedPointDirector.java:515)
	at ptolemy.domains.sr.kernel.SRDirector.postfire(SRDirector.java:417)
	at ptolemy.actor.CompositeActor.postfire(CompositeActor.java:1668)
	at ptolemy.actor.Manager.iterate(Manager.java:852)
	at ptolemy.actor.Manager.execute(Manager.java:369)
	at ptolemy.actor.Manager.run(Manager.java:1263)
	at ptolemy.actor.Manager$PtolemyRunThread.run(Manager.java:1933)
]]></system-err>
</testsuite>
