<?xml version="1.0" encoding="UTF-8" ?>
<testsuite errors="0" failures="0" hostname="travis-job-3b3e01cd-4719-42cb-980e-604d0d4c5328" name="ptolemy.domains.modal.test.junit.JUnitTclTest" skipped="0" tests="148" time="9.905" timestamp="2018-07-12T02:04:10">
  <properties>
[...]
</properties>
  <testcase classname="ptolemy.util.test.junit.TclTests" name="[0] /home/travis/build/icyphy/ptII/ptolemy/domains/modal/test/SystemLevelType.tcl (RunTclFile)" time="1.834" />
  <testcase classname="ptolemy.util.test.junit.AutoKnownFailedTests" name="[0] /home/travis/build/icyphy/ptII/ptolemy/domains/modal/test/auto/knownFailedTests/CannotAnalysisWithPreemption.xml (RunModel)" time="0.106" />
  <testcase classname="ptolemy.util.test.junit.AutoNameArchTests" name="[0] ThereAreNoAutoArchTests (RunModel)" time="0.001" />
  <testcase classname="ptolemy.util.test.junit.AutoTests" name="[0] /home/travis/build/icyphy/ptII/ptolemy/domains/modal/test/auto/ABPTest.xml (RunModel)" time="0.55" />
  <testcase classname="ptolemy.util.test.junit.AutoTests" name="[1] /home/travis/build/icyphy/ptII/ptolemy/domains/modal/test/auto/ABROFlat.xml (RunModel)" time="0.1" />
  <testcase classname="ptolemy.util.test.junit.AutoTests" name="[2] /home/travis/build/icyphy/ptII/ptolemy/domains/modal/test/auto/ABROFlat2.xml (RunModel)" time="0.08" />
  <testcase classname="ptolemy.util.test.junit.AutoTests" name="[3] /home/travis/build/icyphy/ptII/ptolemy/domains/modal/test/auto/ABRO_present_hmm.xml (RunModel)" time="0.147" />
  <testcase classname="ptolemy.util.test.junit.AutoTests" name="[4] /home/travis/build/icyphy/ptII/ptolemy/domains/modal/test/auto/AMICoderExample.xml (RunModel)" time="0.067" />
  <testcase classname="ptolemy.util.test.junit.AutoTests" name="[5] /home/travis/build/icyphy/ptII/ptolemy/domains/modal/test/auto/AbsentToPresent.xml (RunModel)" time="0.031" />
  <testcase classname="ptolemy.util.test.junit.AutoTests" name="[6] /home/travis/build/icyphy/ptII/ptolemy/domains/modal/test/auto/Blending.xml (RunModel)" time="0.271" />
  <testcase classname="ptolemy.util.test.junit.AutoTests" name="[7] /home/travis/build/icyphy/ptII/ptolemy/domains/modal/test/auto/Broadcast.xml (RunModel)" time="0.067" />
  <testcase classname="ptolemy.util.test.junit.AutoTests" name="[8] /home/travis/build/icyphy/ptII/ptolemy/domains/modal/test/auto/BroadcastHierarchy.xml (RunModel)" time="0.067" />
  <testcase classname="ptolemy.util.test.junit.AutoTests" name="[9] /home/travis/build/icyphy/ptII/ptolemy/domains/modal/test/auto/BroadcastHierarchy2.xml (RunModel)" time="0.122" />
  <testcase classname="ptolemy.util.test.junit.AutoTests" name="[10] /home/travis/build/icyphy/ptII/ptolemy/domains/modal/test/auto/BroadcastHierarchy3.xml (RunModel)" time="0.131" />
  <testcase classname="ptolemy.util.test.junit.AutoTests" name="[11] /home/travis/build/icyphy/ptII/ptolemy/domains/modal/test/auto/BroadcastHierarchy4.xml (RunModel)" time="0.091" />
  <testcase classname="ptolemy.util.test.junit.AutoTests" name="[12] /home/travis/build/icyphy/ptII/ptolemy/domains/modal/test/auto/CannotAnalysisWithPreemption2.xml (RunModel)" time="0.038" />
  <testcase classname="ptolemy.util.test.junit.AutoTests" name="[13] /home/travis/build/icyphy/ptII/ptolemy/domains/modal/test/auto/CannotAnalysisWithPreemption3.xml (RunModel)" time="0.059" />
  <testcase classname="ptolemy.util.test.junit.AutoTests" name="[14] /home/travis/build/icyphy/ptII/ptolemy/domains/modal/test/auto/CannotProduce.xml (RunModel)" time="0.05" />
  <testcase classname="ptolemy.util.test.junit.AutoTests" name="[15] /home/travis/build/icyphy/ptII/ptolemy/domains/modal/test/auto/CannotProduceModal.xml (RunModel)" time="0.035" />
  <testcase classname="ptolemy.util.test.junit.AutoTests" name="[16] /home/travis/build/icyphy/ptII/ptolemy/domains/modal/test/auto/Case.xml (RunModel)" time="0.074" />
  <testcase classname="ptolemy.util.test.junit.AutoTests" name="[17] /home/travis/build/icyphy/ptII/ptolemy/domains/modal/test/auto/Case1.xml (RunModel)" time="0.033" />
  <testcase classname="ptolemy.util.test.junit.AutoTests" name="[18] /home/travis/build/icyphy/ptII/ptolemy/domains/modal/test/auto/Case2.xml (RunModel)" time="0.064" />
  <testcase classname="ptolemy.util.test.junit.AutoTests" name="[19] /home/travis/build/icyphy/ptII/ptolemy/domains/modal/test/auto/CausalityInterface1.xml (RunModel)" time="0.034" />
  <testcase classname="ptolemy.util.test.junit.AutoTests" name="[20] /home/travis/build/icyphy/ptII/ptolemy/domains/modal/test/auto/CausalityInterface10.xml (RunModel)" time="0.06" />
  <testcase classname="ptolemy.util.test.junit.AutoTests" name="[21] /home/travis/build/icyphy/ptII/ptolemy/domains/modal/test/auto/CausalityInterface11.xml (RunModel)" time="0.054" />
  <testcase classname="ptolemy.util.test.junit.AutoTests" name="[22] /home/travis/build/icyphy/ptII/ptolemy/domains/modal/test/auto/CausalityInterface12.xml (RunModel)" time="0.061" />
  <testcase classname="ptolemy.util.test.junit.AutoTests" name="[23] /home/travis/build/icyphy/ptII/ptolemy/domains/modal/test/auto/CausalityInterface13.xml (RunModel)" time="0.057" />
  <testcase classname="ptolemy.util.test.junit.AutoTests" name="[24] /home/travis/build/icyphy/ptII/ptolemy/domains/modal/test/auto/CausalityInterface14.xml (RunModel)" time="0.051" />
  <testcase classname="ptolemy.util.test.junit.AutoTests" name="[25] /home/travis/build/icyphy/ptII/ptolemy/domains/modal/test/auto/CausalityInterface2.xml (RunModel)" time="0.025" />
  <testcase classname="ptolemy.util.test.junit.AutoTests" name="[26] /home/travis/build/icyphy/ptII/ptolemy/domains/modal/test/auto/CausalityInterface3.xml (RunModel)" time="0.02" />
  <testcase classname="ptolemy.util.test.junit.AutoTests" name="[27] /home/travis/build/icyphy/ptII/ptolemy/domains/modal/test/auto/CausalityInterface4.xml (RunModel)" time="0.036" />
  <testcase classname="ptolemy.util.test.junit.AutoTests" name="[28] /home/travis/build/icyphy/ptII/ptolemy/domains/modal/test/auto/CausalityInterface5.xml (RunModel)" time="0.043" />
  <testcase classname="ptolemy.util.test.junit.AutoTests" name="[29] /home/travis/build/icyphy/ptII/ptolemy/domains/modal/test/auto/CausalityInterface6.xml (RunModel)" time="0.036" />
  <testcase classname="ptolemy.util.test.junit.AutoTests" name="[30] /home/travis/build/icyphy/ptII/ptolemy/domains/modal/test/auto/CausalityInterface7.xml (RunModel)" time="0.043" />
  <testcase classname="ptolemy.util.test.junit.AutoTests" name="[31] /home/travis/build/icyphy/ptII/ptolemy/domains/modal/test/auto/CausalityInterface8.xml (RunModel)" time="0.037" />
  <testcase classname="ptolemy.util.test.junit.AutoTests" name="[32] /home/travis/build/icyphy/ptII/ptolemy/domains/modal/test/auto/CausalityInterface9.xml (RunModel)" time="0.039" />
  <testcase classname="ptolemy.util.test.junit.AutoTests" name="[33] /home/travis/build/icyphy/ptII/ptolemy/domains/modal/test/auto/ChainedTransitions.xml (RunModel)" time="0.134" />
  <testcase classname="ptolemy.util.test.junit.AutoTests" name="[34] /home/travis/build/icyphy/ptII/ptolemy/domains/modal/test/auto/CycleOfImmediateTransitionsFSM.xml (RunModel)" time="0.023" />
  <testcase classname="ptolemy.util.test.junit.AutoTests" name="[35] /home/travis/build/icyphy/ptII/ptolemy/domains/modal/test/auto/CycleOfImmediateTransitionsModal.xml (RunModel)" time="0.021" />
  <testcase classname="ptolemy.util.test.junit.AutoTests" name="[36] /home/travis/build/icyphy/ptII/ptolemy/domains/modal/test/auto/CycleOfImmediateTransitionsModal2.xml (RunModel)" time="0.025" />
  <testcase classname="ptolemy.util.test.junit.AutoTests" name="[37] /home/travis/build/icyphy/ptII/ptolemy/domains/modal/test/auto/CycleOfImmediateTransitionsModal3.xml (RunModel)" time="0.083" />
  <testcase classname="ptolemy.util.test.junit.AutoTests" name="[38] /home/travis/build/icyphy/ptII/ptolemy/domains/modal/test/auto/DeepModal1.xml (RunModel)" time="0.05" />
  <testcase classname="ptolemy.util.test.junit.AutoTests" name="[39] /home/travis/build/icyphy/ptII/ptolemy/domains/modal/test/auto/DeepModal2.xml (RunModel)" time="0.068" />
  <testcase classname="ptolemy.util.test.junit.AutoTests" name="[40] /home/travis/build/icyphy/ptII/ptolemy/domains/modal/test/auto/DeepModal3.xml (RunModel)" time="0.073" />
  <testcase classname="ptolemy.util.test.junit.AutoTests" name="[41] /home/travis/build/icyphy/ptII/ptolemy/domains/modal/test/auto/DeepModal4.xml (RunModel)" time="0.074" />
  <testcase classname="ptolemy.util.test.junit.AutoTests" name="[42] /home/travis/build/icyphy/ptII/ptolemy/domains/modal/test/auto/Default1.xml (RunModel)" time="0.024" />
  <testcase classname="ptolemy.util.test.junit.AutoTests" name="[43] /home/travis/build/icyphy/ptII/ptolemy/domains/modal/test/auto/Default2.xml (RunModel)" time="0.02" />
  <testcase classname="ptolemy.util.test.junit.AutoTests" name="[44] /home/travis/build/icyphy/ptII/ptolemy/domains/modal/test/auto/Default3.xml (RunModel)" time="0.021" />
  <testcase classname="ptolemy.util.test.junit.AutoTests" name="[45] /home/travis/build/icyphy/ptII/ptolemy/domains/modal/test/auto/Default4.xml (RunModel)" time="0.02" />
  <testcase classname="ptolemy.util.test.junit.AutoTests" name="[46] /home/travis/build/icyphy/ptII/ptolemy/domains/modal/test/auto/Default5.xml (RunModel)" time="0.027" />
  <testcase classname="ptolemy.util.test.junit.AutoTests" name="[47] /home/travis/build/icyphy/ptII/ptolemy/domains/modal/test/auto/EmptyGuard.xml (RunModel)" time="0.034" />
  <testcase classname="ptolemy.util.test.junit.AutoTests" name="[48] /home/travis/build/icyphy/ptII/ptolemy/domains/modal/test/auto/ErrorTransition1.xml (RunModel)" time="0.029" />
  <testcase classname="ptolemy.util.test.junit.AutoTests" name="[49] /home/travis/build/icyphy/ptII/ptolemy/domains/modal/test/auto/ErrorTransition10.xml (RunModel)" time="0.052" />
  <testcase classname="ptolemy.util.test.junit.AutoTests" name="[50] /home/travis/build/icyphy/ptII/ptolemy/domains/modal/test/auto/ErrorTransition11.xml (RunModel)" time="0.036" />
  <testcase classname="ptolemy.util.test.junit.AutoTests" name="[51] /home/travis/build/icyphy/ptII/ptolemy/domains/modal/test/auto/ErrorTransition2.xml (RunModel)" time="0.025" />
  <testcase classname="ptolemy.util.test.junit.AutoTests" name="[52] /home/travis/build/icyphy/ptII/ptolemy/domains/modal/test/auto/ErrorTransition3.xml (RunModel)" time="0.034" />
  <testcase classname="ptolemy.util.test.junit.AutoTests" name="[53] /home/travis/build/icyphy/ptII/ptolemy/domains/modal/test/auto/ErrorTransition4.xml (RunModel)" time="0.03" />
  <testcase classname="ptolemy.util.test.junit.AutoTests" name="[54] /home/travis/build/icyphy/ptII/ptolemy/domains/modal/test/auto/ErrorTransition5.xml (RunModel)" time="0.027" />
  <testcase classname="ptolemy.util.test.junit.AutoTests" name="[55] /home/travis/build/icyphy/ptII/ptolemy/domains/modal/test/auto/ErrorTransition6.xml (RunModel)" time="0.032" />
  <testcase classname="ptolemy.util.test.junit.AutoTests" name="[56] /home/travis/build/icyphy/ptII/ptolemy/domains/modal/test/auto/ErrorTransition7.xml (RunModel)" time="0.037" />
  <testcase classname="ptolemy.util.test.junit.AutoTests" name="[57] /home/travis/build/icyphy/ptII/ptolemy/domains/modal/test/auto/ErrorTransition8.xml (RunModel)" time="0.065" />
  <testcase classname="ptolemy.util.test.junit.AutoTests" name="[58] /home/travis/build/icyphy/ptII/ptolemy/domains/modal/test/auto/ErrorTransition9.xml (RunModel)" time="0.047" />
  <testcase classname="ptolemy.util.test.junit.AutoTests" name="[59] /home/travis/build/icyphy/ptII/ptolemy/domains/modal/test/auto/ExtendedFSM.xml (RunModel)" time="0.025" />
  <testcase classname="ptolemy.util.test.junit.AutoTests" name="[60] /home/travis/build/icyphy/ptII/ptolemy/domains/modal/test/auto/FinalStates.xml (RunModel)" time="0.032" />
  <testcase classname="ptolemy.util.test.junit.AutoTests" name="[61] /home/travis/build/icyphy/ptII/ptolemy/domains/modal/test/auto/FixedPointFSM.xml (RunModel)" time="0.045" />
  <testcase classname="ptolemy.util.test.junit.AutoTests" name="[62] /home/travis/build/icyphy/ptII/ptolemy/domains/modal/test/auto/FixedPointIterationFSMActor.xml (RunModel)" time="0.034" />
  <testcase classname="ptolemy.util.test.junit.AutoTests" name="[63] /home/travis/build/icyphy/ptII/ptolemy/domains/modal/test/auto/FixedPointIterationFSMActor2.xml (RunModel)" time="0.037" />
  <testcase classname="ptolemy.util.test.junit.AutoTests" name="[64] /home/travis/build/icyphy/ptII/ptolemy/domains/modal/test/auto/ForbiddenInstantanousLoop.xml (RunModel)" time="0.029" />
  <testcase classname="ptolemy.util.test.junit.AutoTests" name="[65] /home/travis/build/icyphy/ptII/ptolemy/domains/modal/test/auto/FunctionDependencyOfFSMActorTest.xml (RunModel)" time="0.034" />
  <testcase classname="ptolemy.util.test.junit.AutoTests" name="[66] /home/travis/build/icyphy/ptII/ptolemy/domains/modal/test/auto/GuardExpression.xml (RunModel)" time="0.025" />
  <testcase classname="ptolemy.util.test.junit.AutoTests" name="[67] /home/travis/build/icyphy/ptII/ptolemy/domains/modal/test/auto/GuardNotEvaluated.xml (RunModel)" time="0.025" />
  <testcase classname="ptolemy.util.test.junit.AutoTests" name="[68] /home/travis/build/icyphy/ptII/ptolemy/domains/modal/test/auto/GuardNotEvaluated2.xml (RunModel)" time="0.022" />
  <testcase classname="ptolemy.util.test.junit.AutoTests" name="[69] /home/travis/build/icyphy/ptII/ptolemy/domains/modal/test/auto/GuardOnAbsent.xml (RunModel)" time="0.023" />
  <testcase classname="ptolemy.util.test.junit.AutoTests" name="[70] /home/travis/build/icyphy/ptII/ptolemy/domains/modal/test/auto/HierarchicalFSMTypeInference.xml (RunModel)" time="0.033" />
  <testcase classname="ptolemy.util.test.junit.AutoTests" name="[71] /home/travis/build/icyphy/ptII/ptolemy/domains/modal/test/auto/Hysteresis.xml (RunModel)" time="0.042" />
  <testcase classname="ptolemy.util.test.junit.AutoTests" name="[72] /home/travis/build/icyphy/ptII/ptolemy/domains/modal/test/auto/HysteresisWithDefault.xml (RunModel)" time="0.074" />
  <testcase classname="ptolemy.util.test.junit.AutoTests" name="[73] /home/travis/build/icyphy/ptII/ptolemy/domains/modal/test/auto/HysteresisWithDefault2.xml (RunModel)" time="0.078" />
  <testcase classname="ptolemy.util.test.junit.AutoTests" name="[74] /home/travis/build/icyphy/ptII/ptolemy/domains/modal/test/auto/ImmediateNonConstructiveness.xml (RunModel)" time="0.016" />
  <testcase classname="ptolemy.util.test.junit.AutoTests" name="[75] /home/travis/build/icyphy/ptII/ptolemy/domains/modal/test/auto/ImmediateNonConstructiveness2.xml (RunModel)" time="0.016" />
  <testcase classname="ptolemy.util.test.junit.AutoTests" name="[76] /home/travis/build/icyphy/ptII/ptolemy/domains/modal/test/auto/ImmediateTransitionReset.xml (RunModel)" time="0.036" />
  <testcase classname="ptolemy.util.test.junit.AutoTests" name="[77] /home/travis/build/icyphy/ptII/ptolemy/domains/modal/test/auto/ImmediateTransitions1.xml (RunModel)" time="0.012" />
  <testcase classname="ptolemy.util.test.junit.AutoTests" name="[78] /home/travis/build/icyphy/ptII/ptolemy/domains/modal/test/auto/ImmediateTransitionsInstantaneousCommunication.xml (RunModel)" time="0.037" />
  <testcase classname="ptolemy.util.test.junit.AutoTests" name="[79] /home/travis/build/icyphy/ptII/ptolemy/domains/modal/test/auto/InitialImmediateTransition.xml (RunModel)" time="0.015" />
  <testcase classname="ptolemy.util.test.junit.AutoTests" name="[80] /home/travis/build/icyphy/ptII/ptolemy/domains/modal/test/auto/InitialOutputs.xml (RunModel)" time="0.015" />
  <testcase classname="ptolemy.util.test.junit.AutoTests" name="[81] /home/travis/build/icyphy/ptII/ptolemy/domains/modal/test/auto/InitialStateTransition1.xml (RunModel)" time="0.02" />
  <testcase classname="ptolemy.util.test.junit.AutoTests" name="[82] /home/travis/build/icyphy/ptII/ptolemy/domains/modal/test/auto/InitialStateTransition2.xml (RunModel)" time="0.027" />
  <testcase classname="ptolemy.util.test.junit.AutoTests" name="[83] /home/travis/build/icyphy/ptII/ptolemy/domains/modal/test/auto/InitialStateTransition3.xml (RunModel)" time="0.025" />
  <testcase classname="ptolemy.util.test.junit.AutoTests" name="[84] /home/travis/build/icyphy/ptII/ptolemy/domains/modal/test/auto/InitialStateTransition4.xml (RunModel)" time="0.028" />
  <testcase classname="ptolemy.util.test.junit.AutoTests" name="[85] /home/travis/build/icyphy/ptII/ptolemy/domains/modal/test/auto/MalformedGuardExpressionNotCaught.xml (RunModel)" time="0.02" />
  <testcase classname="ptolemy.util.test.junit.AutoTests" name="[86] /home/travis/build/icyphy/ptII/ptolemy/domains/modal/test/auto/ModalBSC.xml (RunModel)" time="0.084" />
  <testcase classname="ptolemy.util.test.junit.AutoTests" name="[87] /home/travis/build/icyphy/ptII/ptolemy/domains/modal/test/auto/ModalClocks.xml (RunModel)" time="0.085" />
  <testcase classname="ptolemy.util.test.junit.AutoTests" name="[88] /home/travis/build/icyphy/ptII/ptolemy/domains/modal/test/auto/ModalDelay.xml (RunModel)" time="0.052" />
  <testcase classname="ptolemy.util.test.junit.AutoTests" name="[89] /home/travis/build/icyphy/ptII/ptolemy/domains/modal/test/auto/ModalDelay2.xml (RunModel)" time="0.046" />
  <testcase classname="ptolemy.util.test.junit.AutoTests" name="[90] /home/travis/build/icyphy/ptII/ptolemy/domains/modal/test/auto/ModalModelFromMemo.xml (RunModel)" time="0.05" />
  <testcase classname="ptolemy.util.test.junit.AutoTests" name="[91] /home/travis/build/icyphy/ptII/ptolemy/domains/modal/test/auto/ModalModelWithMultirateTransient.xml (RunModel)" time="0.054" />
  <testcase classname="ptolemy.util.test.junit.AutoTests" name="[92] /home/travis/build/icyphy/ptII/ptolemy/domains/modal/test/auto/ModalModelWithReset.xml (RunModel)" time="0.052" />
  <testcase classname="ptolemy.util.test.junit.AutoTests" name="[93] /home/travis/build/icyphy/ptII/ptolemy/domains/modal/test/auto/MouseClickFSM.xml (RunModel)" time="0.041" />
  <testcase classname="ptolemy.util.test.junit.AutoTests" name="[94] /home/travis/build/icyphy/ptII/ptolemy/domains/modal/test/auto/MouseClickFSMModal.xml (RunModel)" time="0.032" />
  <testcase classname="ptolemy.util.test.junit.AutoTests" name="[95] /home/travis/build/icyphy/ptII/ptolemy/domains/modal/test/auto/NonStrictFSM_FeedbackLoop.xml (RunModel)" time="0.048" />
  <testcase classname="ptolemy.util.test.junit.AutoTests" name="[96] /home/travis/build/icyphy/ptII/ptolemy/domains/modal/test/auto/NonStrictFSM_FeedbackLoop_Refinement.xml (RunModel)" time="0.071" />
  <testcase classname="ptolemy.util.test.junit.AutoTests" name="[97] /home/travis/build/icyphy/ptII/ptolemy/domains/modal/test/auto/NonStrictFSM_FeedbackLoop_preemptive.xml (RunModel)" time="0.04" />
  <testcase classname="ptolemy.util.test.junit.AutoTests" name="[98] /home/travis/build/icyphy/ptII/ptolemy/domains/modal/test/auto/NormalTermination.xml (RunModel)" time="0.039" />
  <testcase classname="ptolemy.util.test.junit.AutoTests" name="[99] /home/travis/build/icyphy/ptII/ptolemy/domains/modal/test/auto/Pong.xml (RunModel)" time="0.071" />
  <testcase classname="ptolemy.util.test.junit.AutoTests" name="[100] /home/travis/build/icyphy/ptII/ptolemy/domains/modal/test/auto/Pong_test.xml (RunModel)" time="0.069" />
  <testcase classname="ptolemy.util.test.junit.AutoTests" name="[101] /home/travis/build/icyphy/ptII/ptolemy/domains/modal/test/auto/PreemptionHierarchy.xml (RunModel)" time="0.023" />
  <testcase classname="ptolemy.util.test.junit.AutoTests" name="[102] /home/travis/build/icyphy/ptII/ptolemy/domains/modal/test/auto/PreemptionHierarchy2.xml (RunModel)" time="0.029" />
  <testcase classname="ptolemy.util.test.junit.AutoTests" name="[103] /home/travis/build/icyphy/ptII/ptolemy/domains/modal/test/auto/PreemptiveTransition.xml (RunModel)" time="0.02" />
  <testcase classname="ptolemy.util.test.junit.AutoTests" name="[104] /home/travis/build/icyphy/ptII/ptolemy/domains/modal/test/auto/Priorities.xml (RunModel)" time="0.078" />
  <testcase classname="ptolemy.util.test.junit.AutoTests" name="[105] /home/travis/build/icyphy/ptII/ptolemy/domains/modal/test/auto/ResetFinal.xml (RunModel)" time="0.046" />
  <testcase classname="ptolemy.util.test.junit.AutoTests" name="[106] /home/travis/build/icyphy/ptII/ptolemy/domains/modal/test/auto/ResetFinal2.xml (RunModel)" time="0.031" />
  <testcase classname="ptolemy.util.test.junit.AutoTests" name="[107] /home/travis/build/icyphy/ptII/ptolemy/domains/modal/test/auto/ResetTransitionWithStartTime.xml (RunModel)" time="0.027" />
  <testcase classname="ptolemy.util.test.junit.AutoTests" name="[108] /home/travis/build/icyphy/ptII/ptolemy/domains/modal/test/auto/SDF-FSMComposite.xml (RunModel)" time="0.021" />
  <testcase classname="ptolemy.util.test.junit.AutoTests" name="[109] /home/travis/build/icyphy/ptII/ptolemy/domains/modal/test/auto/SeeminglyNondeterminate.xml (RunModel)" time="0.066" />
  <testcase classname="ptolemy.util.test.junit.AutoTests" name="[110] /home/travis/build/icyphy/ptII/ptolemy/domains/modal/test/auto/SeeminglyNondeterminate2.xml (RunModel)" time="0.06" />
  <testcase classname="ptolemy.util.test.junit.AutoTests" name="[111] /home/travis/build/icyphy/ptII/ptolemy/domains/modal/test/auto/SpontaneousFSM.xml (RunModel)" time="0.038" />
  <testcase classname="ptolemy.util.test.junit.AutoTests" name="[112] /home/travis/build/icyphy/ptII/ptolemy/domains/modal/test/auto/SpontaneousFSM2.xml (RunModel)" time="0.03" />
  <testcase classname="ptolemy.util.test.junit.AutoTests" name="[113] /home/travis/build/icyphy/ptII/ptolemy/domains/modal/test/auto/SpontaneousFSM3.xml (RunModel)" time="0.041" />
  <testcase classname="ptolemy.util.test.junit.AutoTests" name="[114] /home/travis/build/icyphy/ptII/ptolemy/domains/modal/test/auto/SpontaneousFSM4.xml (RunModel)" time="0.047" />
  <testcase classname="ptolemy.util.test.junit.AutoTests" name="[115] /home/travis/build/icyphy/ptII/ptolemy/domains/modal/test/auto/StateTrackerTest.xml (RunModel)" time="0.062" />
  <testcase classname="ptolemy.util.test.junit.AutoTests" name="[116] /home/travis/build/icyphy/ptII/ptolemy/domains/modal/test/auto/StrongImmediateTransition.xml (RunModel)" time="0.025" />
  <testcase classname="ptolemy.util.test.junit.AutoTests" name="[117] /home/travis/build/icyphy/ptII/ptolemy/domains/modal/test/auto/SustainHierarchy.xml (RunModel)" time="0.034" />
  <testcase classname="ptolemy.util.test.junit.AutoTests" name="[118] /home/travis/build/icyphy/ptII/ptolemy/domains/modal/test/auto/TerminationTransition1.xml (RunModel)" time="0.023" />
  <testcase classname="ptolemy.util.test.junit.AutoTests" name="[119] /home/travis/build/icyphy/ptII/ptolemy/domains/modal/test/auto/TerminationTransition2.xml (RunModel)" time="0.031" />
  <testcase classname="ptolemy.util.test.junit.AutoTests" name="[120] /home/travis/build/icyphy/ptII/ptolemy/domains/modal/test/auto/TerminationTransition3.xml (RunModel)" time="0.027" />
  <testcase classname="ptolemy.util.test.junit.AutoTests" name="[121] /home/travis/build/icyphy/ptII/ptolemy/domains/modal/test/auto/TerminationTransition4.xml (RunModel)" time="0.037" />
  <testcase classname="ptolemy.util.test.junit.AutoTests" name="[122] /home/travis/build/icyphy/ptII/ptolemy/domains/modal/test/auto/TerminationTransition5.xml (RunModel)" time="0.038" />
  <testcase classname="ptolemy.util.test.junit.AutoTests" name="[123] /home/travis/build/icyphy/ptII/ptolemy/domains/modal/test/auto/TerminationTransition6.xml (RunModel)" time="0.027" />
  <testcase classname="ptolemy.util.test.junit.AutoTests" name="[124] /home/travis/build/icyphy/ptII/ptolemy/domains/modal/test/auto/TerminationTransition7.xml (RunModel)" time="0.024" />
  <testcase classname="ptolemy.util.test.junit.AutoTests" name="[125] /home/travis/build/icyphy/ptII/ptolemy/domains/modal/test/auto/TerminationTransition8.xml (RunModel)" time="0.026" />
  <testcase classname="ptolemy.util.test.junit.AutoTests" name="[126] /home/travis/build/icyphy/ptII/ptolemy/domains/modal/test/auto/Thermostat_NoHysteresis.xml (RunModel)" time="0.06" />
  <testcase classname="ptolemy.util.test.junit.AutoTests" name="[127] /home/travis/build/icyphy/ptII/ptolemy/domains/modal/test/auto/TimedFSM.xml (RunModel)" time="0.042" />
  <testcase classname="ptolemy.util.test.junit.AutoTests" name="[128] /home/travis/build/icyphy/ptII/ptolemy/domains/modal/test/auto/Timeout1.xml (RunModel)" time="0.013" />
  <testcase classname="ptolemy.util.test.junit.AutoTests" name="[129] /home/travis/build/icyphy/ptII/ptolemy/domains/modal/test/auto/Timeout2.xml (RunModel)" time="0.017" />
  <testcase classname="ptolemy.util.test.junit.AutoTests" name="[130] /home/travis/build/icyphy/ptII/ptolemy/domains/modal/test/auto/Timeout3.xml (RunModel)" time="0.014" />
  <testcase classname="ptolemy.util.test.junit.AutoTests" name="[131] /home/travis/build/icyphy/ptII/ptolemy/domains/modal/test/auto/Timeout4.xml (RunModel)" time="0.01" />
  <testcase classname="ptolemy.util.test.junit.AutoTests" name="[132] /home/travis/build/icyphy/ptII/ptolemy/domains/modal/test/auto/TransientstateModelAdvanced.xml (RunModel)" time="0.026" />
  <testcase classname="ptolemy.util.test.junit.AutoTests" name="[133] /home/travis/build/icyphy/ptII/ptolemy/domains/modal/test/auto/TransientstateModelAdvanced2.xml (RunModel)" time="0.029" />
  <testcase classname="ptolemy.util.test.junit.AutoTests" name="[134] /home/travis/build/icyphy/ptII/ptolemy/domains/modal/test/auto/TransitionRefinements.xml (RunModel)" time="0.025" />
  <testcase classname="ptolemy.util.test.junit.AutoTests" name="[135] /home/travis/build/icyphy/ptII/ptolemy/domains/modal/test/auto/TwoRefinements1.xml (RunModel)" time="0.027" />
  <testcase classname="ptolemy.util.test.junit.AutoTests" name="[136] /home/travis/build/icyphy/ptII/ptolemy/domains/modal/test/auto/TwoRefinements2.xml (RunModel)" time="0.025" />
  <testcase classname="ptolemy.util.test.junit.AutoTests" name="[137] /home/travis/build/icyphy/ptII/ptolemy/domains/modal/test/auto/WeakImmediateTransition.xml (RunModel)" time="0.021" />
  <testcase classname="ptolemy.util.test.junit.AutoTests" name="[138] /home/travis/build/icyphy/ptII/ptolemy/domains/modal/test/auto/booleanSelect.xml (RunModel)" time="0.053" />
  <testcase classname="ptolemy.util.test.junit.AutoTests" name="[139] /home/travis/build/icyphy/ptII/ptolemy/domains/modal/test/auto/modalChangingParams.xml (RunModel)" time="0.194" />
  <testcase classname="ptolemy.util.test.junit.AutoTests" name="[140] /home/travis/build/icyphy/ptII/ptolemy/domains/modal/test/auto/modalModel.xml (RunModel)" time="0.02" />
  <testcase classname="ptolemy.util.test.junit.AutoTests" name="[141] /home/travis/build/icyphy/ptII/ptolemy/domains/modal/test/auto/modalModel2.xml (RunModel)" time="0.024" />
  <testcase classname="ptolemy.util.test.junit.AutoTests" name="[142] /home/travis/build/icyphy/ptII/ptolemy/domains/modal/test/auto/modalModel3.xml (RunModel)" time="0.037" />
  <testcase classname="ptolemy.util.test.junit.AutoTests" name="[143] /home/travis/build/icyphy/ptII/ptolemy/domains/modal/test/auto/model1.xml (RunModel)" time="0.022" />
  <testcase classname="ptolemy.util.test.junit.AutoTests" name="[144] /home/travis/build/icyphy/ptII/ptolemy/domains/modal/test/auto/test-direct-in-out.xml (RunModel)" time="0.02" />
  <system-out><![CDATA[/home/travis/build/icyphy/ptII/ptolemy/domains/modal/test/SystemLevelType.tcl
testDefs.tcl: setting time out to 9000 seconds at Thu Jul 12 02:04:10 UTC 2018
07/12/18 02:04:12
Failed: 0  Total Tests: 1  ((Passed: 1, Newly Passed: 0)  Known Failed: 0) /home/travis/build/icyphy/ptII/ptolemy/domains/modal/test
----------------- testing (KnownFailure) /home/travis/build/icyphy/ptII/ptolemy/domains/modal/test/auto/knownFailedTests/CannotAnalysisWithPreemption.xml
29 ms. Memory: 208384K Free: 185922K (89%)
Known Failure: java.lang.reflect.InvocationTargetException
No auto/linux-amd64/*.xml tests in /home/travis/build/icyphy/ptII/ptolemy/domains/modal/test
AutoTests.java: About to close Vertx.
AutoTests.java: Vertx closed.

===========================================================================================
----------------- testing Thu Jul 12 02:04:13 UTC 2018 /home/travis/build/icyphy/ptII/ptolemy/domains/modal/test/auto/ABPTest.xml
----------------- Instantiating /home/travis/build/icyphy/ptII/ptolemy/domains/modal/test/auto/ABPTest.xml
297 ms. Memory: 332288K Free: 292641K (88%)
----------------- Invoking toplevel() on ptolemy.moml.MoMLSimpleApplication@2a0249c8
----------------- Done invoking toplevel() on ptolemy.moml.MoMLSimpleApplication@2a0249c8
reloadAllAccessors: .ABPTest

===========================================================================================
----------------- testing Thu Jul 12 02:04:13 UTC 2018 /home/travis/build/icyphy/ptII/ptolemy/domains/modal/test/auto/ABROFlat.xml
----------------- Instantiating /home/travis/build/icyphy/ptII/ptolemy/domains/modal/test/auto/ABROFlat.xml
24 ms. Memory: 332288K Free: 270475K (81%)
----------------- Invoking toplevel() on ptolemy.moml.MoMLSimpleApplication@23c460a6
----------------- Done invoking toplevel() on ptolemy.moml.MoMLSimpleApplication@23c460a6
reloadAllAccessors: .ABROFlat

===========================================================================================
----------------- testing Thu Jul 12 02:04:13 UTC 2018 /home/travis/build/icyphy/ptII/ptolemy/domains/modal/test/auto/ABROFlat2.xml
----------------- Instantiating /home/travis/build/icyphy/ptII/ptolemy/domains/modal/test/auto/ABROFlat2.xml
11 ms. Memory: 332288K Free: 252484K (76%)
----------------- Invoking toplevel() on ptolemy.moml.MoMLSimpleApplication@654b22f2
----------------- Done invoking toplevel() on ptolemy.moml.MoMLSimpleApplication@654b22f2
reloadAllAccessors: .ABROFlat2

===========================================================================================
----------------- testing Thu Jul 12 02:04:13 UTC 2018 /home/travis/build/icyphy/ptII/ptolemy/domains/modal/test/auto/ABRO_present_hmm.xml
----------------- Instantiating /home/travis/build/icyphy/ptII/ptolemy/domains/modal/test/auto/ABRO_present_hmm.xml
39 ms. Memory: 332288K Free: 221475K (67%)
----------------- Invoking toplevel() on ptolemy.moml.MoMLSimpleApplication@61311834
----------------- Done invoking toplevel() on ptolemy.moml.MoMLSimpleApplication@61311834
reloadAllAccessors: .ABRO_present_hmm

===========================================================================================
----------------- testing Thu Jul 12 02:04:13 UTC 2018 /home/travis/build/icyphy/ptII/ptolemy/domains/modal/test/auto/AMICoderExample.xml
----------------- Instantiating /home/travis/build/icyphy/ptII/ptolemy/domains/modal/test/auto/AMICoderExample.xml
30 ms. Memory: 332288K Free: 210054K (63%)
----------------- Invoking toplevel() on ptolemy.moml.MoMLSimpleApplication@2ca24637
----------------- Done invoking toplevel() on ptolemy.moml.MoMLSimpleApplication@2ca24637
reloadAllAccessors: .AMICoderExample

===========================================================================================
----------------- testing Thu Jul 12 02:04:13 UTC 2018 /home/travis/build/icyphy/ptII/ptolemy/domains/modal/test/auto/AbsentToPresent.xml
----------------- Instantiating /home/travis/build/icyphy/ptII/ptolemy/domains/modal/test/auto/AbsentToPresent.xml
12 ms. Memory: 332288K Free: 201731K (61%)
----------------- Invoking toplevel() on ptolemy.moml.MoMLSimpleApplication@584b683e
----------------- Done invoking toplevel() on ptolemy.moml.MoMLSimpleApplication@584b683e
reloadAllAccessors: .AbsentToPresent

===========================================================================================
----------------- testing Thu Jul 12 02:04:14 UTC 2018 /home/travis/build/icyphy/ptII/ptolemy/domains/modal/test/auto/Blending.xml
----------------- Instantiating /home/travis/build/icyphy/ptII/ptolemy/domains/modal/test/auto/Blending.xml
157 ms. Memory: 332288K Free: 147872K (45%)
----------------- Invoking toplevel() on ptolemy.moml.MoMLSimpleApplication@1550b870
----------------- Done invoking toplevel() on ptolemy.moml.MoMLSimpleApplication@1550b870
reloadAllAccessors: .Blending

===========================================================================================
----------------- testing Thu Jul 12 02:04:14 UTC 2018 /home/travis/build/icyphy/ptII/ptolemy/domains/modal/test/auto/Broadcast.xml
----------------- Instantiating /home/travis/build/icyphy/ptII/ptolemy/domains/modal/test/auto/Broadcast.xml
17 ms. Memory: 332288K Free: 134773K (41%)
----------------- Invoking toplevel() on ptolemy.moml.MoMLSimpleApplication@487f50f6
----------------- Done invoking toplevel() on ptolemy.moml.MoMLSimpleApplication@487f50f6
reloadAllAccessors: .Broadcast

===========================================================================================
----------------- testing Thu Jul 12 02:04:14 UTC 2018 /home/travis/build/icyphy/ptII/ptolemy/domains/modal/test/auto/BroadcastHierarchy.xml
----------------- Instantiating /home/travis/build/icyphy/ptII/ptolemy/domains/modal/test/auto/BroadcastHierarchy.xml
9 ms. Memory: 332288K Free: 118443K (36%)
----------------- Invoking toplevel() on ptolemy.moml.MoMLSimpleApplication@74f14f6a
----------------- Done invoking toplevel() on ptolemy.moml.MoMLSimpleApplication@74f14f6a
reloadAllAccessors: .BroadcastHierarchy

===========================================================================================
----------------- testing Thu Jul 12 02:04:14 UTC 2018 /home/travis/build/icyphy/ptII/ptolemy/domains/modal/test/auto/BroadcastHierarchy2.xml
----------------- Instantiating /home/travis/build/icyphy/ptII/ptolemy/domains/modal/test/auto/BroadcastHierarchy2.xml
25 ms. Memory: 332288K Free: 84146K (25%)
----------------- Invoking toplevel() on ptolemy.moml.MoMLSimpleApplication@6ff4126
----------------- Done invoking toplevel() on ptolemy.moml.MoMLSimpleApplication@6ff4126
reloadAllAccessors: .BroadcastHierarchy2

===========================================================================================
----------------- testing Thu Jul 12 02:04:14 UTC 2018 /home/travis/build/icyphy/ptII/ptolemy/domains/modal/test/auto/BroadcastHierarchy3.xml
----------------- Instantiating /home/travis/build/icyphy/ptII/ptolemy/domains/modal/test/auto/BroadcastHierarchy3.xml
22 ms. Memory: 333824K Free: 301356K (90%)
----------------- Invoking toplevel() on ptolemy.moml.MoMLSimpleApplication@213140db
----------------- Done invoking toplevel() on ptolemy.moml.MoMLSimpleApplication@213140db
reloadAllAccessors: .BroadcastHierarchy3

===========================================================================================
----------------- testing Thu Jul 12 02:04:14 UTC 2018 /home/travis/build/icyphy/ptII/ptolemy/domains/modal/test/auto/BroadcastHierarchy4.xml
----------------- Instantiating /home/travis/build/icyphy/ptII/ptolemy/domains/modal/test/auto/BroadcastHierarchy4.xml
15 ms. Memory: 333824K Free: 268394K (80%)
----------------- Invoking toplevel() on ptolemy.moml.MoMLSimpleApplication@744099be
----------------- Done invoking toplevel() on ptolemy.moml.MoMLSimpleApplication@744099be
reloadAllAccessors: .BroadcastHierarchy4

===========================================================================================
----------------- testing Thu Jul 12 02:04:14 UTC 2018 /home/travis/build/icyphy/ptII/ptolemy/domains/modal/test/auto/CannotAnalysisWithPreemption2.xml
----------------- Instantiating /home/travis/build/icyphy/ptII/ptolemy/domains/modal/test/auto/CannotAnalysisWithPreemption2.xml
5 ms. Memory: 333824K Free: 259830K (78%)
----------------- Invoking toplevel() on ptolemy.moml.MoMLSimpleApplication@304d7e60
----------------- Done invoking toplevel() on ptolemy.moml.MoMLSimpleApplication@304d7e60
reloadAllAccessors: .CannotAnalysisWithPreemption2

===========================================================================================
----------------- testing Thu Jul 12 02:04:14 UTC 2018 /home/travis/build/icyphy/ptII/ptolemy/domains/modal/test/auto/CannotAnalysisWithPreemption3.xml
----------------- Instantiating /home/travis/build/icyphy/ptII/ptolemy/domains/modal/test/auto/CannotAnalysisWithPreemption3.xml
3 ms. Memory: 333824K Free: 247562K (74%)
----------------- Invoking toplevel() on ptolemy.moml.MoMLSimpleApplication@1b1e302b
----------------- Done invoking toplevel() on ptolemy.moml.MoMLSimpleApplication@1b1e302b
reloadAllAccessors: .CannotAnalysisWithPreemption3

===========================================================================================
----------------- testing Thu Jul 12 02:04:14 UTC 2018 /home/travis/build/icyphy/ptII/ptolemy/domains/modal/test/auto/CannotProduce.xml
----------------- Instantiating /home/travis/build/icyphy/ptII/ptolemy/domains/modal/test/auto/CannotProduce.xml
9 ms. Memory: 333824K Free: 237898K (71%)
----------------- Invoking toplevel() on ptolemy.moml.MoMLSimpleApplication@6b160d1e
----------------- Done invoking toplevel() on ptolemy.moml.MoMLSimpleApplication@6b160d1e
reloadAllAccessors: .CannotProduce

===========================================================================================
----------------- testing Thu Jul 12 02:04:14 UTC 2018 /home/travis/build/icyphy/ptII/ptolemy/domains/modal/test/auto/CannotProduceModal.xml
----------------- Instantiating /home/travis/build/icyphy/ptII/ptolemy/domains/modal/test/auto/CannotProduceModal.xml
13 ms. Memory: 333824K Free: 229310K (69%)
----------------- Invoking toplevel() on ptolemy.moml.MoMLSimpleApplication@51662903
----------------- Done invoking toplevel() on ptolemy.moml.MoMLSimpleApplication@51662903
reloadAllAccessors: .CannotProduceModal

===========================================================================================
----------------- testing Thu Jul 12 02:04:14 UTC 2018 /home/travis/build/icyphy/ptII/ptolemy/domains/modal/test/auto/Case.xml
----------------- Instantiating /home/travis/build/icyphy/ptII/ptolemy/domains/modal/test/auto/Case.xml
32 ms. Memory: 333824K Free: 217026K (65%)
----------------- Invoking toplevel() on ptolemy.moml.MoMLSimpleApplication@2678d5eb
----------------- Done invoking toplevel() on ptolemy.moml.MoMLSimpleApplication@2678d5eb
reloadAllAccessors: .Case

===========================================================================================
----------------- testing Thu Jul 12 02:04:15 UTC 2018 /home/travis/build/icyphy/ptII/ptolemy/domains/modal/test/auto/Case1.xml
----------------- Instantiating /home/travis/build/icyphy/ptII/ptolemy/domains/modal/test/auto/Case1.xml
8 ms. Memory: 333824K Free: 206141K (62%)
----------------- Invoking toplevel() on ptolemy.moml.MoMLSimpleApplication@4abff3b5
----------------- Done invoking toplevel() on ptolemy.moml.MoMLSimpleApplication@4abff3b5
reloadAllAccessors: .Case1

===========================================================================================
----------------- testing Thu Jul 12 02:04:15 UTC 2018 /home/travis/build/icyphy/ptII/ptolemy/domains/modal/test/auto/Case2.xml
----------------- Instantiating /home/travis/build/icyphy/ptII/ptolemy/domains/modal/test/auto/Case2.xml
23 ms. Memory: 333824K Free: 193865K (58%)
----------------- Invoking toplevel() on ptolemy.moml.MoMLSimpleApplication@74a823ad
----------------- Done invoking toplevel() on ptolemy.moml.MoMLSimpleApplication@74a823ad
reloadAllAccessors: .Case2

===========================================================================================
----------------- testing Thu Jul 12 02:04:15 UTC 2018 /home/travis/build/icyphy/ptII/ptolemy/domains/modal/test/auto/CausalityInterface1.xml
----------------- Instantiating /home/travis/build/icyphy/ptII/ptolemy/domains/modal/test/auto/CausalityInterface1.xml
4 ms. Memory: 333824K Free: 187743K (56%)
----------------- Invoking toplevel() on ptolemy.moml.MoMLSimpleApplication@7aef1201
----------------- Done invoking toplevel() on ptolemy.moml.MoMLSimpleApplication@7aef1201
reloadAllAccessors: .CausalityInterface1

===========================================================================================
----------------- testing Thu Jul 12 02:04:15 UTC 2018 /home/travis/build/icyphy/ptII/ptolemy/domains/modal/test/auto/CausalityInterface10.xml
----------------- Instantiating /home/travis/build/icyphy/ptII/ptolemy/domains/modal/test/auto/CausalityInterface10.xml
8 ms. Memory: 333824K Free: 169483K (51%)
----------------- Invoking toplevel() on ptolemy.moml.MoMLSimpleApplication@40f1e275
----------------- Done invoking toplevel() on ptolemy.moml.MoMLSimpleApplication@40f1e275
reloadAllAccessors: .CausalityInterface10

===========================================================================================
----------------- testing Thu Jul 12 02:04:15 UTC 2018 /home/travis/build/icyphy/ptII/ptolemy/domains/modal/test/auto/CausalityInterface11.xml
----------------- Instantiating /home/travis/build/icyphy/ptII/ptolemy/domains/modal/test/auto/CausalityInterface11.xml
9 ms. Memory: 333824K Free: 154749K (46%)
----------------- Invoking toplevel() on ptolemy.moml.MoMLSimpleApplication@39a37c61
----------------- Done invoking toplevel() on ptolemy.moml.MoMLSimpleApplication@39a37c61
reloadAllAccessors: .CausalityInterface11

===========================================================================================
----------------- testing Thu Jul 12 02:04:15 UTC 2018 /home/travis/build/icyphy/ptII/ptolemy/domains/modal/test/auto/CausalityInterface12.xml
----------------- Instantiating /home/travis/build/icyphy/ptII/ptolemy/domains/modal/test/auto/CausalityInterface12.xml
10 ms. Memory: 333824K Free: 138802K (42%)
----------------- Invoking toplevel() on ptolemy.moml.MoMLSimpleApplication@2afba3ee
----------------- Done invoking toplevel() on ptolemy.moml.MoMLSimpleApplication@2afba3ee
reloadAllAccessors: .CausalityInterface12

===========================================================================================
----------------- testing Thu Jul 12 02:04:15 UTC 2018 /home/travis/build/icyphy/ptII/ptolemy/domains/modal/test/auto/CausalityInterface13.xml
----------------- Instantiating /home/travis/build/icyphy/ptII/ptolemy/domains/modal/test/auto/CausalityInterface13.xml
12 ms. Memory: 333824K Free: 119304K (36%)
----------------- Invoking toplevel() on ptolemy.moml.MoMLSimpleApplication@6c6461c2
----------------- Done invoking toplevel() on ptolemy.moml.MoMLSimpleApplication@6c6461c2
reloadAllAccessors: .CausalityInterface13

===========================================================================================
----------------- testing Thu Jul 12 02:04:15 UTC 2018 /home/travis/build/icyphy/ptII/ptolemy/domains/modal/test/auto/CausalityInterface14.xml
----------------- Instantiating /home/travis/build/icyphy/ptII/ptolemy/domains/modal/test/auto/CausalityInterface14.xml
13 ms. Memory: 333824K Free: 102080K (31%)
----------------- Invoking toplevel() on ptolemy.moml.MoMLSimpleApplication@36563e72
----------------- Done invoking toplevel() on ptolemy.moml.MoMLSimpleApplication@36563e72
reloadAllAccessors: .CausalityInterface14

===========================================================================================
----------------- testing Thu Jul 12 02:04:15 UTC 2018 /home/travis/build/icyphy/ptII/ptolemy/domains/modal/test/auto/CausalityInterface2.xml
----------------- Instantiating /home/travis/build/icyphy/ptII/ptolemy/domains/modal/test/auto/CausalityInterface2.xml
10 ms. Memory: 333824K Free: 94745K (28%)
----------------- Invoking toplevel() on ptolemy.moml.MoMLSimpleApplication@3e553505
----------------- Done invoking toplevel() on ptolemy.moml.MoMLSimpleApplication@3e553505
reloadAllAccessors: .CausalityInterface2

===========================================================================================
----------------- testing Thu Jul 12 02:04:15 UTC 2018 /home/travis/build/icyphy/ptII/ptolemy/domains/modal/test/auto/CausalityInterface3.xml
----------------- Instantiating /home/travis/build/icyphy/ptII/ptolemy/domains/modal/test/auto/CausalityInterface3.xml
4 ms. Memory: 333824K Free: 85105K (25%)
----------------- Invoking toplevel() on ptolemy.moml.MoMLSimpleApplication@2785d3f0
----------------- Done invoking toplevel() on ptolemy.moml.MoMLSimpleApplication@2785d3f0
reloadAllAccessors: .CausalityInterface3

===========================================================================================
----------------- testing Thu Jul 12 02:04:15 UTC 2018 /home/travis/build/icyphy/ptII/ptolemy/domains/modal/test/auto/CausalityInterface4.xml
----------------- Instantiating /home/travis/build/icyphy/ptII/ptolemy/domains/modal/test/auto/CausalityInterface4.xml
14 ms. Memory: 577536K Free: 566012K (98%)
----------------- Invoking toplevel() on ptolemy.moml.MoMLSimpleApplication@65a03ebf
----------------- Done invoking toplevel() on ptolemy.moml.MoMLSimpleApplication@65a03ebf
reloadAllAccessors: .CausalityInterface4

===========================================================================================
----------------- testing Thu Jul 12 02:04:15 UTC 2018 /home/travis/build/icyphy/ptII/ptolemy/domains/modal/test/auto/CausalityInterface5.xml
----------------- Instantiating /home/travis/build/icyphy/ptII/ptolemy/domains/modal/test/auto/CausalityInterface5.xml
5 ms. Memory: 577536K Free: 549360K (95%)
----------------- Invoking toplevel() on ptolemy.moml.MoMLSimpleApplication@7527db7
----------------- Done invoking toplevel() on ptolemy.moml.MoMLSimpleApplication@7527db7
reloadAllAccessors: .CausalityInterface5

===========================================================================================
----------------- testing Thu Jul 12 02:04:15 UTC 2018 /home/travis/build/icyphy/ptII/ptolemy/domains/modal/test/auto/CausalityInterface6.xml
----------------- Instantiating /home/travis/build/icyphy/ptII/ptolemy/domains/modal/test/auto/CausalityInterface6.xml
5 ms. Memory: 577536K Free: 537138K (93%)
----------------- Invoking toplevel() on ptolemy.moml.MoMLSimpleApplication@1a10fc9a
----------------- Done invoking toplevel() on ptolemy.moml.MoMLSimpleApplication@1a10fc9a
reloadAllAccessors: .CausalityInterface6

===========================================================================================
----------------- testing Thu Jul 12 02:04:15 UTC 2018 /home/travis/build/icyphy/ptII/ptolemy/domains/modal/test/auto/CausalityInterface7.xml
----------------- Instantiating /home/travis/build/icyphy/ptII/ptolemy/domains/modal/test/auto/CausalityInterface7.xml
3 ms. Memory: 577536K Free: 524683K (91%)
----------------- Invoking toplevel() on ptolemy.moml.MoMLSimpleApplication@4ba6ec82
----------------- Done invoking toplevel() on ptolemy.moml.MoMLSimpleApplication@4ba6ec82
reloadAllAccessors: .CausalityInterface7

===========================================================================================
----------------- testing Thu Jul 12 02:04:15 UTC 2018 /home/travis/build/icyphy/ptII/ptolemy/domains/modal/test/auto/CausalityInterface8.xml
----------------- Instantiating /home/travis/build/icyphy/ptII/ptolemy/domains/modal/test/auto/CausalityInterface8.xml
7 ms. Memory: 577536K Free: 512461K (89%)
----------------- Invoking toplevel() on ptolemy.moml.MoMLSimpleApplication@1d483d48
----------------- Done invoking toplevel() on ptolemy.moml.MoMLSimpleApplication@1d483d48
reloadAllAccessors: .CausalityInterface8

===========================================================================================
----------------- testing Thu Jul 12 02:04:15 UTC 2018 /home/travis/build/icyphy/ptII/ptolemy/domains/modal/test/auto/CausalityInterface9.xml
----------------- Instantiating /home/travis/build/icyphy/ptII/ptolemy/domains/modal/test/auto/CausalityInterface9.xml
8 ms. Memory: 577536K Free: 497094K (86%)
----------------- Invoking toplevel() on ptolemy.moml.MoMLSimpleApplication@45ef380
----------------- Done invoking toplevel() on ptolemy.moml.MoMLSimpleApplication@45ef380
reloadAllAccessors: .CausalityInterface9

===========================================================================================
----------------- testing Thu Jul 12 02:04:15 UTC 2018 /home/travis/build/icyphy/ptII/ptolemy/domains/modal/test/auto/ChainedTransitions.xml
----------------- Instantiating /home/travis/build/icyphy/ptII/ptolemy/domains/modal/test/auto/ChainedTransitions.xml
80 ms. Memory: 577536K Free: 467762K (81%)
----------------- Invoking toplevel() on ptolemy.moml.MoMLSimpleApplication@e34611a
----------------- Done invoking toplevel() on ptolemy.moml.MoMLSimpleApplication@e34611a
reloadAllAccessors: .ChainedTransitions

===========================================================================================
----------------- testing Thu Jul 12 02:04:15 UTC 2018 /home/travis/build/icyphy/ptII/ptolemy/domains/modal/test/auto/CycleOfImmediateTransitionsFSM.xml
----------------- Instantiating /home/travis/build/icyphy/ptII/ptolemy/domains/modal/test/auto/CycleOfImmediateTransitionsFSM.xml
2 ms. Memory: 577536K Free: 457971K (79%)
----------------- Invoking toplevel() on ptolemy.moml.MoMLSimpleApplication@60790eba
----------------- Done invoking toplevel() on ptolemy.moml.MoMLSimpleApplication@60790eba
reloadAllAccessors: .CycleOfImmediateTransitionsFSM

===========================================================================================
----------------- testing Thu Jul 12 02:04:15 UTC 2018 /home/travis/build/icyphy/ptII/ptolemy/domains/modal/test/auto/CycleOfImmediateTransitionsModal.xml
----------------- Instantiating /home/travis/build/icyphy/ptII/ptolemy/domains/modal/test/auto/CycleOfImmediateTransitionsModal.xml
2 ms. Memory: 577536K Free: 448196K (78%)
----------------- Invoking toplevel() on ptolemy.moml.MoMLSimpleApplication@4e2ccc6c
----------------- Done invoking toplevel() on ptolemy.moml.MoMLSimpleApplication@4e2ccc6c
reloadAllAccessors: .CycleOfImmediateTransitionsModal

===========================================================================================
----------------- testing Thu Jul 12 02:04:15 UTC 2018 /home/travis/build/icyphy/ptII/ptolemy/domains/modal/test/auto/CycleOfImmediateTransitionsModal2.xml
----------------- Instantiating /home/travis/build/icyphy/ptII/ptolemy/domains/modal/test/auto/CycleOfImmediateTransitionsModal2.xml
2 ms. Memory: 577536K Free: 435285K (75%)
----------------- Invoking toplevel() on ptolemy.moml.MoMLSimpleApplication@3eb5919
----------------- Done invoking toplevel() on ptolemy.moml.MoMLSimpleApplication@3eb5919
reloadAllAccessors: .CycleOfImmediateTransitionsModal2

===========================================================================================
----------------- testing Thu Jul 12 02:04:16 UTC 2018 /home/travis/build/icyphy/ptII/ptolemy/domains/modal/test/auto/CycleOfImmediateTransitionsModal3.xml
----------------- Instantiating /home/travis/build/icyphy/ptII/ptolemy/domains/modal/test/auto/CycleOfImmediateTransitionsModal3.xml
14 ms. Memory: 577536K Free: 405929K (70%)
----------------- Invoking toplevel() on ptolemy.moml.MoMLSimpleApplication@51378f50
----------------- Done invoking toplevel() on ptolemy.moml.MoMLSimpleApplication@51378f50
reloadAllAccessors: .CycleOfImmediateTransitionsModal3

===========================================================================================
----------------- testing Thu Jul 12 02:04:16 UTC 2018 /home/travis/build/icyphy/ptII/ptolemy/domains/modal/test/auto/DeepModal1.xml
----------------- Instantiating /home/travis/build/icyphy/ptII/ptolemy/domains/modal/test/auto/DeepModal1.xml
23 ms. Memory: 577536K Free: 388811K (67%)
----------------- Invoking toplevel() on ptolemy.moml.MoMLSimpleApplication@62749d0e
----------------- Done invoking toplevel() on ptolemy.moml.MoMLSimpleApplication@62749d0e
reloadAllAccessors: .DeepModal1

===========================================================================================
----------------- testing Thu Jul 12 02:04:16 UTC 2018 /home/travis/build/icyphy/ptII/ptolemy/domains/modal/test/auto/DeepModal2.xml
----------------- Instantiating /home/travis/build/icyphy/ptII/ptolemy/domains/modal/test/auto/DeepModal2.xml
26 ms. Memory: 577536K Free: 366781K (64%)
----------------- Invoking toplevel() on ptolemy.moml.MoMLSimpleApplication@21bff6af
----------------- Done invoking toplevel() on ptolemy.moml.MoMLSimpleApplication@21bff6af
reloadAllAccessors: .DeepModal2

===========================================================================================
----------------- testing Thu Jul 12 02:04:16 UTC 2018 /home/travis/build/icyphy/ptII/ptolemy/domains/modal/test/auto/DeepModal3.xml
----------------- Instantiating /home/travis/build/icyphy/ptII/ptolemy/domains/modal/test/auto/DeepModal3.xml
32 ms. Memory: 577536K Free: 341640K (59%)
----------------- Invoking toplevel() on ptolemy.moml.MoMLSimpleApplication@11783855
----------------- Done invoking toplevel() on ptolemy.moml.MoMLSimpleApplication@11783855
reloadAllAccessors: .DeepModal3

===========================================================================================
----------------- testing Thu Jul 12 02:04:16 UTC 2018 /home/travis/build/icyphy/ptII/ptolemy/domains/modal/test/auto/DeepModal4.xml
----------------- Instantiating /home/travis/build/icyphy/ptII/ptolemy/domains/modal/test/auto/DeepModal4.xml
32 ms. Memory: 577536K Free: 319610K (55%)
----------------- Invoking toplevel() on ptolemy.moml.MoMLSimpleApplication@26dd91a8
----------------- Done invoking toplevel() on ptolemy.moml.MoMLSimpleApplication@26dd91a8
reloadAllAccessors: .DeepModal4

===========================================================================================
----------------- testing Thu Jul 12 02:04:16 UTC 2018 /home/travis/build/icyphy/ptII/ptolemy/domains/modal/test/auto/Default1.xml
----------------- Instantiating /home/travis/build/icyphy/ptII/ptolemy/domains/modal/test/auto/Default1.xml
2 ms. Memory: 577536K Free: 309828K (54%)
----------------- Invoking toplevel() on ptolemy.moml.MoMLSimpleApplication@5a4a9d75
----------------- Done invoking toplevel() on ptolemy.moml.MoMLSimpleApplication@5a4a9d75
reloadAllAccessors: .Default1

===========================================================================================
----------------- testing Thu Jul 12 02:04:16 UTC 2018 /home/travis/build/icyphy/ptII/ptolemy/domains/modal/test/auto/Default2.xml
----------------- Instantiating /home/travis/build/icyphy/ptII/ptolemy/domains/modal/test/auto/Default2.xml
3 ms. Memory: 577536K Free: 300045K (52%)
----------------- Invoking toplevel() on ptolemy.moml.MoMLSimpleApplication@68eb21db
----------------- Done invoking toplevel() on ptolemy.moml.MoMLSimpleApplication@68eb21db
reloadAllAccessors: .Default2

===========================================================================================
----------------- testing Thu Jul 12 02:04:16 UTC 2018 /home/travis/build/icyphy/ptII/ptolemy/domains/modal/test/auto/Default3.xml
----------------- Instantiating /home/travis/build/icyphy/ptII/ptolemy/domains/modal/test/auto/Default3.xml
2 ms. Memory: 577536K Free: 287134K (50%)
----------------- Invoking toplevel() on ptolemy.moml.MoMLSimpleApplication@dcd10f5
----------------- Done invoking toplevel() on ptolemy.moml.MoMLSimpleApplication@dcd10f5
reloadAllAccessors: .Default3

===========================================================================================
----------------- testing Thu Jul 12 02:04:16 UTC 2018 /home/travis/build/icyphy/ptII/ptolemy/domains/modal/test/auto/Default4.xml
----------------- Instantiating /home/travis/build/icyphy/ptII/ptolemy/domains/modal/test/auto/Default4.xml
3 ms. Memory: 577536K Free: 277359K (48%)
----------------- Invoking toplevel() on ptolemy.moml.MoMLSimpleApplication@60c2cee7
----------------- Done invoking toplevel() on ptolemy.moml.MoMLSimpleApplication@60c2cee7
reloadAllAccessors: .Default4

===========================================================================================
----------------- testing Thu Jul 12 02:04:16 UTC 2018 /home/travis/build/icyphy/ptII/ptolemy/domains/modal/test/auto/Default5.xml
----------------- Instantiating /home/travis/build/icyphy/ptII/ptolemy/domains/modal/test/auto/Default5.xml
3 ms. Memory: 577536K Free: 267585K (46%)
----------------- Invoking toplevel() on ptolemy.moml.MoMLSimpleApplication@5f01058c
----------------- Done invoking toplevel() on ptolemy.moml.MoMLSimpleApplication@5f01058c
reloadAllAccessors: .Default5

===========================================================================================
----------------- testing Thu Jul 12 02:04:16 UTC 2018 /home/travis/build/icyphy/ptII/ptolemy/domains/modal/test/auto/EmptyGuard.xml
----------------- Instantiating /home/travis/build/icyphy/ptII/ptolemy/domains/modal/test/auto/EmptyGuard.xml
9 ms. Memory: 577536K Free: 257825K (45%)
----------------- Invoking toplevel() on ptolemy.moml.MoMLSimpleApplication@77142c2b
----------------- Done invoking toplevel() on ptolemy.moml.MoMLSimpleApplication@77142c2b
reloadAllAccessors: .EmptyGuard

===========================================================================================
----------------- testing Thu Jul 12 02:04:16 UTC 2018 /home/travis/build/icyphy/ptII/ptolemy/domains/modal/test/auto/ErrorTransition1.xml
----------------- Instantiating /home/travis/build/icyphy/ptII/ptolemy/domains/modal/test/auto/ErrorTransition1.xml
5 ms. Memory: 577536K Free: 244931K (42%)
----------------- Invoking toplevel() on ptolemy.moml.MoMLSimpleApplication@a9c170e
----------------- Done invoking toplevel() on ptolemy.moml.MoMLSimpleApplication@a9c170e
reloadAllAccessors: .ErrorTransition1

===========================================================================================
----------------- testing Thu Jul 12 02:04:16 UTC 2018 /home/travis/build/icyphy/ptII/ptolemy/domains/modal/test/auto/ErrorTransition10.xml
----------------- Instantiating /home/travis/build/icyphy/ptII/ptolemy/domains/modal/test/auto/ErrorTransition10.xml
15 ms. Memory: 577536K Free: 227845K (39%)
----------------- Invoking toplevel() on ptolemy.moml.MoMLSimpleApplication@77a3c435
----------------- Done invoking toplevel() on ptolemy.moml.MoMLSimpleApplication@77a3c435
reloadAllAccessors: .ErrorTransition10

===========================================================================================
----------------- testing Thu Jul 12 02:04:16 UTC 2018 /home/travis/build/icyphy/ptII/ptolemy/domains/modal/test/auto/ErrorTransition11.xml
----------------- Instantiating /home/travis/build/icyphy/ptII/ptolemy/domains/modal/test/auto/ErrorTransition11.xml
4 ms. Memory: 577536K Free: 213182K (37%)
----------------- Invoking toplevel() on ptolemy.moml.MoMLSimpleApplication@438ee220
----------------- Done invoking toplevel() on ptolemy.moml.MoMLSimpleApplication@438ee220
reloadAllAccessors: .ErrorTransition11

===========================================================================================
----------------- testing Thu Jul 12 02:04:16 UTC 2018 /home/travis/build/icyphy/ptII/ptolemy/domains/modal/test/auto/ErrorTransition2.xml
----------------- Instantiating /home/travis/build/icyphy/ptII/ptolemy/domains/modal/test/auto/ErrorTransition2.xml
4 ms. Memory: 577536K Free: 203424K (35%)
----------------- Invoking toplevel() on ptolemy.moml.MoMLSimpleApplication@71628c82
----------------- Done invoking toplevel() on ptolemy.moml.MoMLSimpleApplication@71628c82
reloadAllAccessors: .ErrorTransition2

===========================================================================================
----------------- testing Thu Jul 12 02:04:16 UTC 2018 /home/travis/build/icyphy/ptII/ptolemy/domains/modal/test/auto/ErrorTransition3.xml
----------------- Instantiating /home/travis/build/icyphy/ptII/ptolemy/domains/modal/test/auto/ErrorTransition3.xml
12 ms. Memory: 577536K Free: 191217K (33%)
----------------- Invoking toplevel() on ptolemy.moml.MoMLSimpleApplication@23001cd0
----------------- Done invoking toplevel() on ptolemy.moml.MoMLSimpleApplication@23001cd0
reloadAllAccessors: .ErrorTransition3

===========================================================================================
----------------- testing Thu Jul 12 02:04:16 UTC 2018 /home/travis/build/icyphy/ptII/ptolemy/domains/modal/test/auto/ErrorTransition4.xml
----------------- Instantiating /home/travis/build/icyphy/ptII/ptolemy/domains/modal/test/auto/ErrorTransition4.xml
10 ms. Memory: 577536K Free: 175867K (30%)
----------------- Invoking toplevel() on ptolemy.moml.MoMLSimpleApplication@61eb0748
----------------- Done invoking toplevel() on ptolemy.moml.MoMLSimpleApplication@61eb0748
reloadAllAccessors: .ErrorTransition4

===========================================================================================
----------------- testing Thu Jul 12 02:04:16 UTC 2018 /home/travis/build/icyphy/ptII/ptolemy/domains/modal/test/auto/ErrorTransition5.xml
----------------- Instantiating /home/travis/build/icyphy/ptII/ptolemy/domains/modal/test/auto/ErrorTransition5.xml
6 ms. Memory: 577536K Free: 163660K (28%)
----------------- Invoking toplevel() on ptolemy.moml.MoMLSimpleApplication@379e2f06
----------------- Done invoking toplevel() on ptolemy.moml.MoMLSimpleApplication@379e2f06
reloadAllAccessors: .ErrorTransition5

===========================================================================================
----------------- testing Thu Jul 12 02:04:16 UTC 2018 /home/travis/build/icyphy/ptII/ptolemy/domains/modal/test/auto/ErrorTransition6.xml
----------------- Instantiating /home/travis/build/icyphy/ptII/ptolemy/domains/modal/test/auto/ErrorTransition6.xml
8 ms. Memory: 577536K Free: 151429K (26%)
----------------- Invoking toplevel() on ptolemy.moml.MoMLSimpleApplication@6f09e90
----------------- Done invoking toplevel() on ptolemy.moml.MoMLSimpleApplication@6f09e90
reloadAllAccessors: .ErrorTransition6

===========================================================================================
----------------- testing Thu Jul 12 02:04:16 UTC 2018 /home/travis/build/icyphy/ptII/ptolemy/domains/modal/test/auto/ErrorTransition7.xml
----------------- Instantiating /home/travis/build/icyphy/ptII/ptolemy/domains/modal/test/auto/ErrorTransition7.xml
9 ms. Memory: 577536K Free: 134303K (23%)
----------------- Invoking toplevel() on ptolemy.moml.MoMLSimpleApplication@48dc7ab0
----------------- Done invoking toplevel() on ptolemy.moml.MoMLSimpleApplication@48dc7ab0
reloadAllAccessors: .ErrorTransition7

===========================================================================================
----------------- testing Thu Jul 12 02:04:16 UTC 2018 /home/travis/build/icyphy/ptII/ptolemy/domains/modal/test/auto/ErrorTransition8.xml
----------------- Instantiating /home/travis/build/icyphy/ptII/ptolemy/domains/modal/test/auto/ErrorTransition8.xml
32 ms. Memory: 577536K Free: 114058K (20%)
----------------- Invoking toplevel() on ptolemy.moml.MoMLSimpleApplication@6a906695
----------------- Done invoking toplevel() on ptolemy.moml.MoMLSimpleApplication@6a906695
reloadAllAccessors: .ErrorTransition8

===========================================================================================
----------------- testing Thu Jul 12 02:04:16 UTC 2018 /home/travis/build/icyphy/ptII/ptolemy/domains/modal/test/auto/ErrorTransition9.xml
----------------- Instantiating /home/travis/build/icyphy/ptII/ptolemy/domains/modal/test/auto/ErrorTransition9.xml
14 ms. Memory: 577536K Free: 96940K (17%)
----------------- Invoking toplevel() on ptolemy.moml.MoMLSimpleApplication@7ee71e38
----------------- Done invoking toplevel() on ptolemy.moml.MoMLSimpleApplication@7ee71e38
reloadAllAccessors: .ErrorTransition9

===========================================================================================
----------------- testing Thu Jul 12 02:04:16 UTC 2018 /home/travis/build/icyphy/ptII/ptolemy/domains/modal/test/auto/ExtendedFSM.xml
----------------- Instantiating /home/travis/build/icyphy/ptII/ptolemy/domains/modal/test/auto/ExtendedFSM.xml
6 ms. Memory: 577536K Free: 87165K (15%)
----------------- Invoking toplevel() on ptolemy.moml.MoMLSimpleApplication@513181c3
----------------- Done invoking toplevel() on ptolemy.moml.MoMLSimpleApplication@513181c3
reloadAllAccessors: .ExtendedFSM

===========================================================================================
----------------- testing Thu Jul 12 02:04:17 UTC 2018 /home/travis/build/icyphy/ptII/ptolemy/domains/modal/test/auto/FinalStates.xml
----------------- Instantiating /home/travis/build/icyphy/ptII/ptolemy/domains/modal/test/auto/FinalStates.xml
17 ms. Memory: 578048K Free: 565907K (98%)
----------------- Invoking toplevel() on ptolemy.moml.MoMLSimpleApplication@682974e8
----------------- Done invoking toplevel() on ptolemy.moml.MoMLSimpleApplication@682974e8
reloadAllAccessors: .FinalStates

===========================================================================================
----------------- testing Thu Jul 12 02:04:17 UTC 2018 /home/travis/build/icyphy/ptII/ptolemy/domains/modal/test/auto/FixedPointFSM.xml
----------------- Instantiating /home/travis/build/icyphy/ptII/ptolemy/domains/modal/test/auto/FixedPointFSM.xml
18 ms. Memory: 578048K Free: 545159K (94%)
----------------- Invoking toplevel() on ptolemy.moml.MoMLSimpleApplication@4faf4622
----------------- Done invoking toplevel() on ptolemy.moml.MoMLSimpleApplication@4faf4622
reloadAllAccessors: .FixedPointFSM

===========================================================================================
----------------- testing Thu Jul 12 02:04:17 UTC 2018 /home/travis/build/icyphy/ptII/ptolemy/domains/modal/test/auto/FixedPointIterationFSMActor.xml
----------------- Instantiating /home/travis/build/icyphy/ptII/ptolemy/domains/modal/test/auto/FixedPointIterationFSMActor.xml
5 ms. Memory: 578048K Free: 532944K (92%)
----------------- Invoking toplevel() on ptolemy.moml.MoMLSimpleApplication@34517bb5
----------------- Done invoking toplevel() on ptolemy.moml.MoMLSimpleApplication@34517bb5
reloadAllAccessors: .FixedPointIterationFSMActor

===========================================================================================
----------------- testing Thu Jul 12 02:04:17 UTC 2018 /home/travis/build/icyphy/ptII/ptolemy/domains/modal/test/auto/FixedPointIterationFSMActor2.xml
----------------- Instantiating /home/travis/build/icyphy/ptII/ptolemy/domains/modal/test/auto/FixedPointIterationFSMActor2.xml
8 ms. Memory: 578048K Free: 516076K (89%)
----------------- Invoking toplevel() on ptolemy.moml.MoMLSimpleApplication@136996dc
----------------- Done invoking toplevel() on ptolemy.moml.MoMLSimpleApplication@136996dc
reloadAllAccessors: .FixedPointIterationFSMActor2

===========================================================================================
----------------- testing Thu Jul 12 02:04:17 UTC 2018 /home/travis/build/icyphy/ptII/ptolemy/domains/modal/test/auto/ForbiddenInstantanousLoop.xml
----------------- Instantiating /home/travis/build/icyphy/ptII/ptolemy/domains/modal/test/auto/ForbiddenInstantanousLoop.xml
5 ms. Memory: 578048K Free: 501414K (87%)
----------------- Invoking toplevel() on ptolemy.moml.MoMLSimpleApplication@ead70b0
----------------- Done invoking toplevel() on ptolemy.moml.MoMLSimpleApplication@ead70b0
reloadAllAccessors: .ForbiddenInstantanousLoop

===========================================================================================
----------------- testing Thu Jul 12 02:04:17 UTC 2018 /home/travis/build/icyphy/ptII/ptolemy/domains/modal/test/auto/FunctionDependencyOfFSMActorTest.xml
----------------- Instantiating /home/travis/build/icyphy/ptII/ptolemy/domains/modal/test/auto/FunctionDependencyOfFSMActorTest.xml
12 ms. Memory: 578048K Free: 494079K (85%)
----------------- Invoking toplevel() on ptolemy.moml.MoMLSimpleApplication@8025c3a
----------------- Done invoking toplevel() on ptolemy.moml.MoMLSimpleApplication@8025c3a
reloadAllAccessors: .FunctionDependencyOfFSMActorTest

===========================================================================================
----------------- testing Thu Jul 12 02:04:17 UTC 2018 /home/travis/build/icyphy/ptII/ptolemy/domains/modal/test/auto/GuardExpression.xml
----------------- Instantiating /home/travis/build/icyphy/ptII/ptolemy/domains/modal/test/auto/GuardExpression.xml
2 ms. Memory: 578048K Free: 484545K (84%)
----------------- Invoking toplevel() on ptolemy.moml.MoMLSimpleApplication@62160c
----------------- Done invoking toplevel() on ptolemy.moml.MoMLSimpleApplication@62160c
reloadAllAccessors: .GuardExpression

===========================================================================================
----------------- testing Thu Jul 12 02:04:17 UTC 2018 /home/travis/build/icyphy/ptII/ptolemy/domains/modal/test/auto/GuardNotEvaluated.xml
----------------- Instantiating /home/travis/build/icyphy/ptII/ptolemy/domains/modal/test/auto/GuardNotEvaluated.xml
6 ms. Memory: 578048K Free: 474778K (82%)
----------------- Invoking toplevel() on ptolemy.moml.MoMLSimpleApplication@7d0c7ab1
----------------- Done invoking toplevel() on ptolemy.moml.MoMLSimpleApplication@7d0c7ab1
reloadAllAccessors: .GuardNotEvaluated

===========================================================================================
----------------- testing Thu Jul 12 02:04:17 UTC 2018 /home/travis/build/icyphy/ptII/ptolemy/domains/modal/test/auto/GuardNotEvaluated2.xml
----------------- Instantiating /home/travis/build/icyphy/ptII/ptolemy/domains/modal/test/auto/GuardNotEvaluated2.xml
6 ms. Memory: 578048K Free: 465012K (80%)
----------------- Invoking toplevel() on ptolemy.moml.MoMLSimpleApplication@46909137
----------------- Done invoking toplevel() on ptolemy.moml.MoMLSimpleApplication@46909137
reloadAllAccessors: .GuardNotEvaluated2

===========================================================================================
----------------- testing Thu Jul 12 02:04:17 UTC 2018 /home/travis/build/icyphy/ptII/ptolemy/domains/modal/test/auto/GuardOnAbsent.xml
----------------- Instantiating /home/travis/build/icyphy/ptII/ptolemy/domains/modal/test/auto/GuardOnAbsent.xml
10 ms. Memory: 578048K Free: 453022K (78%)
----------------- Invoking toplevel() on ptolemy.moml.MoMLSimpleApplication@3ffcf742
----------------- Done invoking toplevel() on ptolemy.moml.MoMLSimpleApplication@3ffcf742
reloadAllAccessors: .GuardOnAbsent

===========================================================================================
----------------- testing Thu Jul 12 02:04:17 UTC 2018 /home/travis/build/icyphy/ptII/ptolemy/domains/modal/test/auto/HierarchicalFSMTypeInference.xml
----------------- Instantiating /home/travis/build/icyphy/ptII/ptolemy/domains/modal/test/auto/HierarchicalFSMTypeInference.xml
6 ms. Memory: 578048K Free: 438360K (76%)
----------------- Invoking toplevel() on ptolemy.moml.MoMLSimpleApplication@5875dca3
----------------- Done invoking toplevel() on ptolemy.moml.MoMLSimpleApplication@5875dca3
reloadAllAccessors: .HierarchicalFSMTypeInference

===========================================================================================
----------------- testing Thu Jul 12 02:04:17 UTC 2018 /home/travis/build/icyphy/ptII/ptolemy/domains/modal/test/auto/Hysteresis.xml
----------------- Instantiating /home/travis/build/icyphy/ptII/ptolemy/domains/modal/test/auto/Hysteresis.xml
12 ms. Memory: 578048K Free: 421242K (73%)
----------------- Invoking toplevel() on ptolemy.moml.MoMLSimpleApplication@5f048e0f
----------------- Done invoking toplevel() on ptolemy.moml.MoMLSimpleApplication@5f048e0f
reloadAllAccessors: .Hysteresis

===========================================================================================
----------------- testing Thu Jul 12 02:04:17 UTC 2018 /home/travis/build/icyphy/ptII/ptolemy/domains/modal/test/auto/HysteresisWithDefault.xml
----------------- Instantiating /home/travis/build/icyphy/ptII/ptolemy/domains/modal/test/auto/HysteresisWithDefault.xml
42 ms. Memory: 578048K Free: 392143K (68%)
----------------- Invoking toplevel() on ptolemy.moml.MoMLSimpleApplication@4754394e
----------------- Done invoking toplevel() on ptolemy.moml.MoMLSimpleApplication@4754394e
reloadAllAccessors: .HysteresisWithDefault

===========================================================================================
----------------- testing Thu Jul 12 02:04:17 UTC 2018 /home/travis/build/icyphy/ptII/ptolemy/domains/modal/test/auto/HysteresisWithDefault2.xml
----------------- Instantiating /home/travis/build/icyphy/ptII/ptolemy/domains/modal/test/auto/HysteresisWithDefault2.xml
44 ms. Memory: 578048K Free: 360315K (62%)
----------------- Invoking toplevel() on ptolemy.moml.MoMLSimpleApplication@38250819
----------------- Done invoking toplevel() on ptolemy.moml.MoMLSimpleApplication@38250819
reloadAllAccessors: .HysteresisWithDefault2

===========================================================================================
----------------- testing Thu Jul 12 02:04:17 UTC 2018 /home/travis/build/icyphy/ptII/ptolemy/domains/modal/test/auto/ImmediateNonConstructiveness.xml
----------------- Instantiating /home/travis/build/icyphy/ptII/ptolemy/domains/modal/test/auto/ImmediateNonConstructiveness.xml
3 ms. Memory: 578048K Free: 348342K (60%)
----------------- Invoking toplevel() on ptolemy.moml.MoMLSimpleApplication@6e923bd4
----------------- Done invoking toplevel() on ptolemy.moml.MoMLSimpleApplication@6e923bd4
reloadAllAccessors: .ImmediateNonConstructiveness

===========================================================================================
----------------- testing Thu Jul 12 02:04:17 UTC 2018 /home/travis/build/icyphy/ptII/ptolemy/domains/modal/test/auto/ImmediateNonConstructiveness2.xml
----------------- Instantiating /home/travis/build/icyphy/ptII/ptolemy/domains/modal/test/auto/ImmediateNonConstructiveness2.xml
2 ms. Memory: 578048K Free: 338567K (59%)
----------------- Invoking toplevel() on ptolemy.moml.MoMLSimpleApplication@d299bb5
----------------- Done invoking toplevel() on ptolemy.moml.MoMLSimpleApplication@d299bb5
reloadAllAccessors: .ImmediateNonConstructiveness2

===========================================================================================
----------------- testing Thu Jul 12 02:04:17 UTC 2018 /home/travis/build/icyphy/ptII/ptolemy/domains/modal/test/auto/ImmediateTransitionReset.xml
----------------- Instantiating /home/travis/build/icyphy/ptII/ptolemy/domains/modal/test/auto/ImmediateTransitionReset.xml
5 ms. Memory: 578048K Free: 323896K (56%)
----------------- Invoking toplevel() on ptolemy.moml.MoMLSimpleApplication@2cfb9a14
----------------- Done invoking toplevel() on ptolemy.moml.MoMLSimpleApplication@2cfb9a14
reloadAllAccessors: .ImmediateTransitionReset

===========================================================================================
----------------- testing Thu Jul 12 02:04:17 UTC 2018 /home/travis/build/icyphy/ptII/ptolemy/domains/modal/test/auto/ImmediateTransitions1.xml
----------------- Instantiating /home/travis/build/icyphy/ptII/ptolemy/domains/modal/test/auto/ImmediateTransitions1.xml
2 ms. Memory: 578048K Free: 314379K (54%)
----------------- Invoking toplevel() on ptolemy.moml.MoMLSimpleApplication@3b4c37d
----------------- Done invoking toplevel() on ptolemy.moml.MoMLSimpleApplication@3b4c37d
reloadAllAccessors: .ImmediateTransitions1

===========================================================================================
----------------- testing Thu Jul 12 02:04:17 UTC 2018 /home/travis/build/icyphy/ptII/ptolemy/domains/modal/test/auto/ImmediateTransitionsInstantaneousCommunication.xml
----------------- Instantiating /home/travis/build/icyphy/ptII/ptolemy/domains/modal/test/auto/ImmediateTransitionsInstantaneousCommunication.xml
4 ms. Memory: 578048K Free: 299701K (52%)
----------------- Invoking toplevel() on ptolemy.moml.MoMLSimpleApplication@1d055f7b
----------------- Done invoking toplevel() on ptolemy.moml.MoMLSimpleApplication@1d055f7b
reloadAllAccessors: .ImmediateTransitionsInstantaneousCommunication

===========================================================================================
----------------- testing Thu Jul 12 02:04:17 UTC 2018 /home/travis/build/icyphy/ptII/ptolemy/domains/modal/test/auto/InitialImmediateTransition.xml
----------------- Instantiating /home/travis/build/icyphy/ptII/ptolemy/domains/modal/test/auto/InitialImmediateTransition.xml
3 ms. Memory: 578048K Free: 289942K (50%)
----------------- Invoking toplevel() on ptolemy.moml.MoMLSimpleApplication@467b3ffd
----------------- Done invoking toplevel() on ptolemy.moml.MoMLSimpleApplication@467b3ffd
reloadAllAccessors: .InitialImmediateTransition

===========================================================================================
----------------- testing Thu Jul 12 02:04:17 UTC 2018 /home/travis/build/icyphy/ptII/ptolemy/domains/modal/test/auto/InitialOutputs.xml
----------------- Instantiating /home/travis/build/icyphy/ptII/ptolemy/domains/modal/test/auto/InitialOutputs.xml
3 ms. Memory: 578048K Free: 277969K (48%)
----------------- Invoking toplevel() on ptolemy.moml.MoMLSimpleApplication@61545071
----------------- Done invoking toplevel() on ptolemy.moml.MoMLSimpleApplication@61545071
reloadAllAccessors: .InitialOutputs

===========================================================================================
----------------- testing Thu Jul 12 02:04:17 UTC 2018 /home/travis/build/icyphy/ptII/ptolemy/domains/modal/test/auto/InitialStateTransition1.xml
----------------- Instantiating /home/travis/build/icyphy/ptII/ptolemy/domains/modal/test/auto/InitialStateTransition1.xml
2 ms. Memory: 578048K Free: 268210K (46%)
----------------- Invoking toplevel() on ptolemy.moml.MoMLSimpleApplication@273a7ad9
----------------- Done invoking toplevel() on ptolemy.moml.MoMLSimpleApplication@273a7ad9
reloadAllAccessors: .InitialStateTransition1

===========================================================================================
----------------- testing Thu Jul 12 02:04:17 UTC 2018 /home/travis/build/icyphy/ptII/ptolemy/domains/modal/test/auto/InitialStateTransition2.xml
----------------- Instantiating /home/travis/build/icyphy/ptII/ptolemy/domains/modal/test/auto/InitialStateTransition2.xml
.InitialStateTransition2.TestExceptionAttributeNonConstructive: initialize() was not invoked, but wrapup() was.  This is unusual, but not always a problem.  For example, exporting JNLP will do this.
1 ms. Memory: 578048K Free: 255995K (44%)
----------------- Invoking toplevel() on ptolemy.moml.MoMLSimpleApplication@71f720ac
----------------- Done invoking toplevel() on ptolemy.moml.MoMLSimpleApplication@71f720ac
reloadAllAccessors: .InitialStateTransition2

===========================================================================================
----------------- testing Thu Jul 12 02:04:17 UTC 2018 /home/travis/build/icyphy/ptII/ptolemy/domains/modal/test/auto/InitialStateTransition3.xml
----------------- Instantiating /home/travis/build/icyphy/ptII/ptolemy/domains/modal/test/auto/InitialStateTransition3.xml
4 ms. Memory: 578048K Free: 241567K (42%)
----------------- Invoking toplevel() on ptolemy.moml.MoMLSimpleApplication@711e21f2
----------------- Done invoking toplevel() on ptolemy.moml.MoMLSimpleApplication@711e21f2
reloadAllAccessors: .InitialStateTransition3

===========================================================================================
----------------- testing Thu Jul 12 02:04:17 UTC 2018 /home/travis/build/icyphy/ptII/ptolemy/domains/modal/test/auto/InitialStateTransition4.xml
----------------- Instantiating /home/travis/build/icyphy/ptII/ptolemy/domains/modal/test/auto/InitialStateTransition4.xml
3 ms. Memory: 578048K Free: 229344K (40%)
----------------- Invoking toplevel() on ptolemy.moml.MoMLSimpleApplication@236de01
----------------- Done invoking toplevel() on ptolemy.moml.MoMLSimpleApplication@236de01
[...]
----------------- Done invoking toplevel() on ptolemy.moml.MoMLSimpleApplication@2c343a50
reloadAllAccessors: .TerminationTransition3

===========================================================================================
----------------- testing Thu Jul 12 02:04:19 UTC 2018 /home/travis/build/icyphy/ptII/ptolemy/domains/modal/test/auto/TerminationTransition4.xml
----------------- Instantiating /home/travis/build/icyphy/ptII/ptolemy/domains/modal/test/auto/TerminationTransition4.xml
6 ms. Memory: 870912K Free: 184542K (21%)
----------------- Invoking toplevel() on ptolemy.moml.MoMLSimpleApplication@68c00a5f
----------------- Done invoking toplevel() on ptolemy.moml.MoMLSimpleApplication@68c00a5f
reloadAllAccessors: .TerminationTransition4

===========================================================================================
----------------- testing Thu Jul 12 02:04:19 UTC 2018 /home/travis/build/icyphy/ptII/ptolemy/domains/modal/test/auto/TerminationTransition5.xml
----------------- Instantiating /home/travis/build/icyphy/ptII/ptolemy/domains/modal/test/auto/TerminationTransition5.xml
2 ms. Memory: 870912K Free: 162399K (19%)
----------------- Invoking toplevel() on ptolemy.moml.MoMLSimpleApplication@f4b414
----------------- Done invoking toplevel() on ptolemy.moml.MoMLSimpleApplication@f4b414
reloadAllAccessors: .TerminationTransition5

===========================================================================================
----------------- testing Thu Jul 12 02:04:19 UTC 2018 /home/travis/build/icyphy/ptII/ptolemy/domains/modal/test/auto/TerminationTransition6.xml
----------------- Instantiating /home/travis/build/icyphy/ptII/ptolemy/domains/modal/test/auto/TerminationTransition6.xml
2 ms. Memory: 870912K Free: 146750K (17%)
----------------- Invoking toplevel() on ptolemy.moml.MoMLSimpleApplication@5adc3d8e
----------------- Done invoking toplevel() on ptolemy.moml.MoMLSimpleApplication@5adc3d8e
reloadAllAccessors: .TerminationTransition6

===========================================================================================
----------------- testing Thu Jul 12 02:04:19 UTC 2018 /home/travis/build/icyphy/ptII/ptolemy/domains/modal/test/auto/TerminationTransition7.xml
----------------- Instantiating /home/travis/build/icyphy/ptII/ptolemy/domains/modal/test/auto/TerminationTransition7.xml
2 ms. Memory: 870912K Free: 131118K (15%)
----------------- Invoking toplevel() on ptolemy.moml.MoMLSimpleApplication@4729c5a6
----------------- Done invoking toplevel() on ptolemy.moml.MoMLSimpleApplication@4729c5a6
reloadAllAccessors: .TerminationTransition7

===========================================================================================
----------------- testing Thu Jul 12 02:04:19 UTC 2018 /home/travis/build/icyphy/ptII/ptolemy/domains/modal/test/auto/TerminationTransition8.xml
----------------- Instantiating /home/travis/build/icyphy/ptII/ptolemy/domains/modal/test/auto/TerminationTransition8.xml
2 ms. Memory: 870912K Free: 112895K (13%)
----------------- Invoking toplevel() on ptolemy.moml.MoMLSimpleApplication@4f2aada2
----------------- Done invoking toplevel() on ptolemy.moml.MoMLSimpleApplication@4f2aada2
reloadAllAccessors: .TerminationTransition8

===========================================================================================
----------------- testing Thu Jul 12 02:04:19 UTC 2018 /home/travis/build/icyphy/ptII/ptolemy/domains/modal/test/auto/Thermostat_NoHysteresis.xml
----------------- Instantiating /home/travis/build/icyphy/ptII/ptolemy/domains/modal/test/auto/Thermostat_NoHysteresis.xml
24 ms. Memory: 870912K Free: 81622K (9%)
----------------- Invoking toplevel() on ptolemy.moml.MoMLSimpleApplication@754e6d7c
----------------- Done invoking toplevel() on ptolemy.moml.MoMLSimpleApplication@754e6d7c
reloadAllAccessors: .Thermostat_NoHysteresis

===========================================================================================
----------------- testing Thu Jul 12 02:04:19 UTC 2018 /home/travis/build/icyphy/ptII/ptolemy/domains/modal/test/auto/TimedFSM.xml
----------------- Instantiating /home/travis/build/icyphy/ptII/ptolemy/domains/modal/test/auto/TimedFSM.xml
6 ms. Memory: 870912K Free: 847179K (97%)
----------------- Invoking toplevel() on ptolemy.moml.MoMLSimpleApplication@2d0cb6c2
----------------- Done invoking toplevel() on ptolemy.moml.MoMLSimpleApplication@2d0cb6c2
reloadAllAccessors: .TimedFSM

===========================================================================================
----------------- testing Thu Jul 12 02:04:19 UTC 2018 /home/travis/build/icyphy/ptII/ptolemy/domains/modal/test/auto/Timeout1.xml
----------------- Instantiating /home/travis/build/icyphy/ptII/ptolemy/domains/modal/test/auto/Timeout1.xml
2 ms. Memory: 870912K Free: 837483K (96%)
----------------- Invoking toplevel() on ptolemy.moml.MoMLSimpleApplication@c823e98
----------------- Done invoking toplevel() on ptolemy.moml.MoMLSimpleApplication@c823e98
reloadAllAccessors: .Timeout1

===========================================================================================
----------------- testing Thu Jul 12 02:04:19 UTC 2018 /home/travis/build/icyphy/ptII/ptolemy/domains/modal/test/auto/Timeout2.xml
----------------- Instantiating /home/travis/build/icyphy/ptII/ptolemy/domains/modal/test/auto/Timeout2.xml
3 ms. Memory: 870912K Free: 825754K (95%)
----------------- Invoking toplevel() on ptolemy.moml.MoMLSimpleApplication@4e823c41
----------------- Done invoking toplevel() on ptolemy.moml.MoMLSimpleApplication@4e823c41
reloadAllAccessors: .Timeout2

===========================================================================================
----------------- testing Thu Jul 12 02:04:19 UTC 2018 /home/travis/build/icyphy/ptII/ptolemy/domains/modal/test/auto/Timeout3.xml
----------------- Instantiating /home/travis/build/icyphy/ptII/ptolemy/domains/modal/test/auto/Timeout3.xml
1 ms. Memory: 870912K Free: 816058K (94%)
----------------- Invoking toplevel() on ptolemy.moml.MoMLSimpleApplication@3fa4c3da
----------------- Done invoking toplevel() on ptolemy.moml.MoMLSimpleApplication@3fa4c3da
reloadAllAccessors: .Timeout3

===========================================================================================
----------------- testing Thu Jul 12 02:04:19 UTC 2018 /home/travis/build/icyphy/ptII/ptolemy/domains/modal/test/auto/Timeout4.xml
----------------- Instantiating /home/travis/build/icyphy/ptII/ptolemy/domains/modal/test/auto/Timeout4.xml
2 ms. Memory: 870912K Free: 808144K (93%)
----------------- Invoking toplevel() on ptolemy.moml.MoMLSimpleApplication@35d0f678
----------------- Done invoking toplevel() on ptolemy.moml.MoMLSimpleApplication@35d0f678
reloadAllAccessors: .Timeout4

===========================================================================================
----------------- testing Thu Jul 12 02:04:19 UTC 2018 /home/travis/build/icyphy/ptII/ptolemy/domains/modal/test/auto/TransientstateModelAdvanced.xml
----------------- Instantiating /home/travis/build/icyphy/ptII/ptolemy/domains/modal/test/auto/TransientstateModelAdvanced.xml
3 ms. Memory: 870912K Free: 786703K (90%)
----------------- Invoking toplevel() on ptolemy.moml.MoMLSimpleApplication@4db37415
----------------- Done invoking toplevel() on ptolemy.moml.MoMLSimpleApplication@4db37415
reloadAllAccessors: .TransientstateModelAdvanced

===========================================================================================
----------------- testing Thu Jul 12 02:04:19 UTC 2018 /home/travis/build/icyphy/ptII/ptolemy/domains/modal/test/auto/TransientstateModelAdvanced2.xml
----------------- Instantiating /home/travis/build/icyphy/ptII/ptolemy/domains/modal/test/auto/TransientstateModelAdvanced2.xml
3 ms. Memory: 870912K Free: 767151K (88%)
----------------- Invoking toplevel() on ptolemy.moml.MoMLSimpleApplication@286dca35
----------------- Done invoking toplevel() on ptolemy.moml.MoMLSimpleApplication@286dca35
reloadAllAccessors: .transientstatemodelAdvanced

===========================================================================================
----------------- testing Thu Jul 12 02:04:19 UTC 2018 /home/travis/build/icyphy/ptII/ptolemy/domains/modal/test/auto/TransitionRefinements.xml
----------------- Instantiating /home/travis/build/icyphy/ptII/ptolemy/domains/modal/test/auto/TransitionRefinements.xml
9 ms. Memory: 870912K Free: 753534K (87%)
----------------- Invoking toplevel() on ptolemy.moml.MoMLSimpleApplication@c3d904a
----------------- Done invoking toplevel() on ptolemy.moml.MoMLSimpleApplication@c3d904a
reloadAllAccessors: .TransitionRefinements

===========================================================================================
----------------- testing Thu Jul 12 02:04:20 UTC 2018 /home/travis/build/icyphy/ptII/ptolemy/domains/modal/test/auto/TwoRefinements1.xml
----------------- Instantiating /home/travis/build/icyphy/ptII/ptolemy/domains/modal/test/auto/TwoRefinements1.xml
2 ms. Memory: 870912K Free: 737902K (85%)
----------------- Invoking toplevel() on ptolemy.moml.MoMLSimpleApplication@3eda5ce1
----------------- Done invoking toplevel() on ptolemy.moml.MoMLSimpleApplication@3eda5ce1
reloadAllAccessors: .TwoRefinements1

===========================================================================================
----------------- testing Thu Jul 12 02:04:20 UTC 2018 /home/travis/build/icyphy/ptII/ptolemy/domains/modal/test/auto/TwoRefinements2.xml
----------------- Instantiating /home/travis/build/icyphy/ptII/ptolemy/domains/modal/test/auto/TwoRefinements2.xml
2 ms. Memory: 870912K Free: 720382K (83%)
----------------- Invoking toplevel() on ptolemy.moml.MoMLSimpleApplication@297cd3b5
----------------- Done invoking toplevel() on ptolemy.moml.MoMLSimpleApplication@297cd3b5
reloadAllAccessors: .TwoRefinements2

===========================================================================================
----------------- testing Thu Jul 12 02:04:20 UTC 2018 /home/travis/build/icyphy/ptII/ptolemy/domains/modal/test/auto/WeakImmediateTransition.xml
----------------- Instantiating /home/travis/build/icyphy/ptII/ptolemy/domains/modal/test/auto/WeakImmediateTransition.xml
2 ms. Memory: 870912K Free: 704750K (81%)
----------------- Invoking toplevel() on ptolemy.moml.MoMLSimpleApplication@361153b5
----------------- Done invoking toplevel() on ptolemy.moml.MoMLSimpleApplication@361153b5
reloadAllAccessors: .WeakImmediateTransition

===========================================================================================
----------------- testing Thu Jul 12 02:04:20 UTC 2018 /home/travis/build/icyphy/ptII/ptolemy/domains/modal/test/auto/booleanSelect.xml
----------------- Instantiating /home/travis/build/icyphy/ptII/ptolemy/domains/modal/test/auto/booleanSelect.xml
28 ms. Memory: 870912K Free: 683309K (78%)
----------------- Invoking toplevel() on ptolemy.moml.MoMLSimpleApplication@49cd22f5
----------------- Done invoking toplevel() on ptolemy.moml.MoMLSimpleApplication@49cd22f5
reloadAllAccessors: .booleanSelect

===========================================================================================
----------------- testing Thu Jul 12 02:04:20 UTC 2018 /home/travis/build/icyphy/ptII/ptolemy/domains/modal/test/auto/modalChangingParams.xml
----------------- Instantiating /home/travis/build/icyphy/ptII/ptolemy/domains/modal/test/auto/modalChangingParams.xml
0
1
0
2
4
6
8
7
0
2
4
6
8
13
0
2
4
6
8
19
0
2
4
6
8
25
0
2
4
6
8
31
0
2
4
6
8
37
0
2
4
6
8
43
0
2
4
6
8
49
0
2
4
6
8
55
0
2
4
6
8
61
0
2
4
6
8
67
0
2
4
6
8
73
0
2
4
6
8
79
0
2
4
6
8
85
0
2
4
6
8
91
0
2
4
6
8
97
0
2
4
6
8
103
0
2
4
6
8
109
0
2
4
6
8
115
0
2
4
6
8
121
0
2
4
6
8
127
0
2
4
6
8
133
0
2
4
6
8
139
0
2
4
6
8
145
0
2
4
6
8
151
0
2
4
6
8
157
0
2
4
6
8
163
0
2
4
6
8
169
0
2
4
6
8
175
0
2
4
6
8
181
0
2
4
6
8
187
0
2
4
6
8
193
0
2
4
6
8
199
0
2
4
6
8
205
0
2
4
6
8
211
0
2
4
6
8
217
0
2
4
6
8
223
0
2
4
6
8
229
0
2
4
6
8
235
0
2
4
6
8
241
0
2
4
6
8
247
0
2
4
6
8
253
0
2
4
6
8
259
0
2
4
6
8
265
0
2
4
6
8
271
0
2
4
6
8
277
0
2
4
6
8
283
0
2
4
6
8
289
0
2
4
6
8
295
0
2
4
6
8
301
0
2
4
6
8
307
0
2
4
6
8
313
0
2
4
6
8
319
0
2
4
6
8
325
0
2
4
6
8
331
0
2
4
6
8
337
0
2
4
6
8
343
0
2
4
6
8
349
0
2
4
6
8
355
0
2
4
6
8
361
0
2
4
6
8
367
0
2
4
6
8
373
0
2
4
6
8
379
0
2
4
6
8
385
0
2
4
6
8
391
0
2
4
6
8
397
0
2
4
6
8
403
0
2
4
6
8
409
0
2
4
6
8
415
0
2
4
6
8
421
0
2
4
6
8
427
0
2
4
6
8
433
0
2
4
6
8
439
0
2
4
6
8
445
0
2
4
6
8
451
0
2
4
6
8
457
0
2
4
6
8
463
0
2
4
6
8
469
0
2
4
6
8
475
0
2
4
6
8
481
0
2
4
6
8
487
0
2
4
6
8
493
0
2
4
6
8
499
0
2
4
6
8
505
0
2
4
6
8
511
0
2
4
6
8
517
0
2
4
6
8
523
0
2
4
6
8
529
0
2
4
6
8
535
0
2
4
6
8
541
0
2
4
6
8
547
0
2
4
6
8
553
0
2
4
6
8
559
0
2
4
6
8
565
0
2
4
6
8
571
0
2
4
6
8
577
0
2
4
6
8
583
0
2
4
6
8
589
0
2
4
6
8
595
0
2
4
6
8
601
0
2
4
6
8
607
0
2
4
6
8
613
0
2
4
6
8
619
0
2
4
6
8
625
0
2
4
6
8
631
0
2
4
6
8
637
0
2
4
6
8
643
0
2
4
6
8
649
0
2
4
6
8
655
0
2
4
6
8
661
0
2
4
6
8
667
0
2
4
6
8
673
0
2
4
6
8
679
0
2
4
6
8
685
0
2
4
6
8
691
0
2
4
6
8
697
0
2
4
6
8
703
0
2
4
6
8
709
0
2
4
6
8
715
0
2
4
6
8
721
0
2
4
6
8
727
0
2
4
6
8
733
0
2
4
6
8
739
0
2
4
6
8
745
0
2
4
6
8
751
0
2
4
6
8
757
0
2
4
6
8
763
0
2
4
6
8
769
0
2
4
6
8
775
0
2
4
6
8
781
0
2
4
6
8
787
0
2
4
6
8
793
0
2
4
6
8
799
0
2
4
6
8
805
0
2
4
6
8
811
0
2
4
6
8
817
0
2
4
6
8
823
0
2
4
6
8
829
0
2
4
6
8
835
0
2
4
6
8
841
0
2
4
6
8
847
0
2
4
6
8
853
0
2
4
6
8
859
0
2
4
6
8
865
0
2
4
6
8
871
0
2
4
6
8
877
0
2
4
6
8
883
0
2
4
6
8
889
0
2
4
6
8
895
0
2
4
6
8
901
0
2
4
6
8
907
0
2
4
6
8
913
0
2
4
6
8
919
0
2
4
6
8
925
0
2
4
6
8
931
0
2
4
6
8
937
0
2
4
6
8
943
0
2
4
6
8
949
0
2
4
6
8
955
0
2
4
6
8
961
0
2
4
6
8
967
0
2
4
6
8
973
0
2
4
6
8
979
0
2
4
6
8
985
0
2
4
6
8
991
0
2
4
6
8
997
0
2
168 ms. Memory: 870912K Free: 565962K (65%)
----------------- Invoking toplevel() on ptolemy.moml.MoMLSimpleApplication@7e913501
----------------- Done invoking toplevel() on ptolemy.moml.MoMLSimpleApplication@7e913501
reloadAllAccessors: .modalChangingParams

===========================================================================================
----------------- testing Thu Jul 12 02:04:20 UTC 2018 /home/travis/build/icyphy/ptII/ptolemy/domains/modal/test/auto/modalModel.xml
----------------- Instantiating /home/travis/build/icyphy/ptII/ptolemy/domains/modal/test/auto/modalModel.xml
4 ms. Memory: 870912K Free: 552346K (63%)
----------------- Invoking toplevel() on ptolemy.moml.MoMLSimpleApplication@34f4036f
----------------- Done invoking toplevel() on ptolemy.moml.MoMLSimpleApplication@34f4036f
reloadAllAccessors: .modalModel

===========================================================================================
----------------- testing Thu Jul 12 02:04:20 UTC 2018 /home/travis/build/icyphy/ptII/ptolemy/domains/modal/test/auto/modalModel2.xml
----------------- Instantiating /home/travis/build/icyphy/ptII/ptolemy/domains/modal/test/auto/modalModel2.xml
6 ms. Memory: 870912K Free: 536713K (62%)
----------------- Invoking toplevel() on ptolemy.moml.MoMLSimpleApplication@67bee26d
----------------- Done invoking toplevel() on ptolemy.moml.MoMLSimpleApplication@67bee26d
reloadAllAccessors: .modalModel2

===========================================================================================
----------------- testing Thu Jul 12 02:04:20 UTC 2018 /home/travis/build/icyphy/ptII/ptolemy/domains/modal/test/auto/modalModel3.xml
----------------- Instantiating /home/travis/build/icyphy/ptII/ptolemy/domains/modal/test/auto/modalModel3.xml
0	0	0
3	2	1
6	4	2
9	6	3
4	0	4
7	2	5
10	4	6
13	6	7
8	0	8
11	2	9
14	4	10
17	6	11
12	0	12
15	2	13
18	4	14
10 ms. Memory: 870912K Free: 517169K (59%)
----------------- Invoking toplevel() on ptolemy.moml.MoMLSimpleApplication@17a6eca3
----------------- Done invoking toplevel() on ptolemy.moml.MoMLSimpleApplication@17a6eca3
reloadAllAccessors: .modalModel3

===========================================================================================
----------------- testing Thu Jul 12 02:04:20 UTC 2018 /home/travis/build/icyphy/ptII/ptolemy/domains/modal/test/auto/model1.xml
----------------- Instantiating /home/travis/build/icyphy/ptII/ptolemy/domains/modal/test/auto/model1.xml
9 ms. Memory: 870912K Free: 507472K (58%)
----------------- Invoking toplevel() on ptolemy.moml.MoMLSimpleApplication@423e2c82
----------------- Done invoking toplevel() on ptolemy.moml.MoMLSimpleApplication@423e2c82
reloadAllAccessors: .model1

===========================================================================================
----------------- testing Thu Jul 12 02:04:20 UTC 2018 /home/travis/build/icyphy/ptII/ptolemy/domains/modal/test/auto/test-direct-in-out.xml
----------------- Instantiating /home/travis/build/icyphy/ptII/ptolemy/domains/modal/test/auto/test-direct-in-out.xml
4 ms. Memory: 870912K Free: 495744K (57%)
----------------- Invoking toplevel() on ptolemy.moml.MoMLSimpleApplication@491c008
----------------- Done invoking toplevel() on ptolemy.moml.MoMLSimpleApplication@491c008
reloadAllAccessors: .test-direct-in-out
AutoTests.java: About to close Vertx.
AutoTests.java: Vertx closed.
]]></system-out>
  <system-err><![CDATA[java.lang.RuntimeException: Execution failed
	at ptolemy.moml.MoMLSimpleApplication$UnloadThread.run(MoMLSimpleApplication.java:402)
Caused by: ptolemy.kernel.util.IllegalActionException: Unknown inputs remain. Possible causality loop:
L_model_1893289564i

  in .CannotAnalysisWithPreemption.model_1893289564_region_1 and .CannotAnalysisWithPreemption.model_1893289564_region_1.L_model_1893289564i
	at ptolemy.actor.sched.FixedPointDirector.postfire(FixedPointDirector.java:515)
	at ptolemy.domains.sr.kernel.SRDirector.postfire(SRDirector.java:417)
	at ptolemy.actor.CompositeActor.postfire(CompositeActor.java:1668)
	at ptolemy.actor.Manager.iterate(Manager.java:852)
	at ptolemy.actor.Manager.execute(Manager.java:369)
	at ptolemy.actor.Manager.run(Manager.java:1263)
	at ptolemy.actor.Manager$PtolemyRunThread.run(Manager.java:1915)
java.lang.reflect.InvocationTargetException
	at sun.reflect.NativeConstructorAccessorImpl.newInstance0(Native Method)
	at sun.reflect.NativeConstructorAccessorImpl.newInstance(NativeConstructorAccessorImpl.java:62)
	at sun.reflect.DelegatingConstructorAccessorImpl.newInstance(DelegatingConstructorAccessorImpl.java:45)
	at java.lang.reflect.Constructor.newInstance(Constructor.java:423)
	at ptolemy.util.test.junit.AutoKnownFailedTests.RunModel(AutoKnownFailedTests.java:107)
	at sun.reflect.NativeMethodAccessorImpl.invoke0(Native Method)
	at sun.reflect.NativeMethodAccessorImpl.invoke(NativeMethodAccessorImpl.java:62)
	at sun.reflect.DelegatingMethodAccessorImpl.invoke(DelegatingMethodAccessorImpl.java:43)
	at java.lang.reflect.Method.invoke(Method.java:498)
	at org.junit.runners.model.FrameworkMethod$1.runReflectiveCall(FrameworkMethod.java:44)
	at org.junit.internal.runners.model.ReflectiveCallable.run(ReflectiveCallable.java:15)
	at org.junit.runners.model.FrameworkMethod.invokeExplosively(FrameworkMethod.java:41)
	at junitparams.internal.InvokeParameterisedMethod.evaluate(InvokeParameterisedMethod.java:102)
	at org.junit.internal.runners.statements.FailOnTimeout$1.run(FailOnTimeout.java:28)
Caused by: ptolemy.kernel.util.IllegalActionException: Unknown inputs remain. Possible causality loop:
L_model_1893289564i

  in .CannotAnalysisWithPreemption.model_1893289564_region_1 and .CannotAnalysisWithPreemption.model_1893289564_region_1.L_model_1893289564i
	at ptolemy.actor.sched.FixedPointDirector.postfire(FixedPointDirector.java:515)
	at ptolemy.domains.sr.kernel.SRDirector.postfire(SRDirector.java:417)
	at ptolemy.actor.CompositeActor.postfire(CompositeActor.java:1668)
	at ptolemy.actor.Manager.iterate(Manager.java:852)
	at ptolemy.actor.Manager.execute(Manager.java:369)
	at ptolemy.actor.Manager.run(Manager.java:1263)
	at ptolemy.actor.Manager$PtolemyRunThread.run(Manager.java:1915)
]]></system-err>
</testsuite>
