<?xml version="1.0" encoding="UTF-8" ?>
<testsuite errors="0" failures="0" hostname="travis-job-aa447ba5-7e2c-4ddf-b36e-df712d52d1b1" name="ptolemy.domains.continuous.test.junit.JUnitTclTest" skipped="0" tests="155" time="71.135" timestamp="2018-09-19T02:11:39">
  <properties>
[...]
</properties>
  <testcase classname="ptolemy.util.test.junit.TclTests" name="[0] ThereAreNoTclTests (RunTclFile)" time="0.0" />
  <testcase classname="ptolemy.util.test.junit.AutoKnownFailedTests" name="[0] ThereAreNoKnowFailedTests (RunModel)" time="0.001" />
  <testcase classname="ptolemy.util.test.junit.AutoNameArchTests" name="[0] ThereAreNoAutoArchTests (RunModel)" time="0.0" />
  <testcase classname="ptolemy.util.test.junit.AutoTests" name="[0] /home/travis/build/icyphy/ptII/ptolemy/domains/continuous/test/auto/BouncingBall.xml (RunModel)" time="2.777" />
  <testcase classname="ptolemy.util.test.junit.AutoTests" name="[1] /home/travis/build/icyphy/ptII/ptolemy/domains/continuous/test/auto/BouncingBallWithoutGR.xml (RunModel)" time="0.931" />
  <testcase classname="ptolemy.util.test.junit.AutoTests" name="[2] /home/travis/build/icyphy/ptII/ptolemy/domains/continuous/test/auto/Brownian.xml (RunModel)" time="0.125" />
  <testcase classname="ptolemy.util.test.junit.AutoTests" name="[3] /home/travis/build/icyphy/ptII/ptolemy/domains/continuous/test/auto/CarTracking.xml (RunModel)" time="3.341" />
  <testcase classname="ptolemy.util.test.junit.AutoTests" name="[4] /home/travis/build/icyphy/ptII/ptolemy/domains/continuous/test/auto/CartPendulum.xml (RunModel)" time="0.578" />
  <testcase classname="ptolemy.util.test.junit.AutoTests" name="[5] /home/travis/build/icyphy/ptII/ptolemy/domains/continuous/test/auto/CausalityInterface10.xml (RunModel)" time="0.053" />
  <testcase classname="ptolemy.util.test.junit.AutoTests" name="[6] /home/travis/build/icyphy/ptII/ptolemy/domains/continuous/test/auto/CausalityInterface11.xml (RunModel)" time="0.042" />
  <testcase classname="ptolemy.util.test.junit.AutoTests" name="[7] /home/travis/build/icyphy/ptII/ptolemy/domains/continuous/test/auto/CausalityInterface12.xml (RunModel)" time="0.031" />
  <testcase classname="ptolemy.util.test.junit.AutoTests" name="[8] /home/travis/build/icyphy/ptII/ptolemy/domains/continuous/test/auto/CausalityInterface13.xml (RunModel)" time="0.045" />
  <testcase classname="ptolemy.util.test.junit.AutoTests" name="[9] /home/travis/build/icyphy/ptII/ptolemy/domains/continuous/test/auto/CausalityInterface14.xml (RunModel)" time="0.023" />
  <testcase classname="ptolemy.util.test.junit.AutoTests" name="[10] /home/travis/build/icyphy/ptII/ptolemy/domains/continuous/test/auto/CausalityInterface4.xml (RunModel)" time="0.039" />
  <testcase classname="ptolemy.util.test.junit.AutoTests" name="[11] /home/travis/build/icyphy/ptII/ptolemy/domains/continuous/test/auto/CausalityInterface5.xml (RunModel)" time="0.046" />
  <testcase classname="ptolemy.util.test.junit.AutoTests" name="[12] /home/travis/build/icyphy/ptII/ptolemy/domains/continuous/test/auto/CausalityInterface6.xml (RunModel)" time="0.025" />
  <testcase classname="ptolemy.util.test.junit.AutoTests" name="[13] /home/travis/build/icyphy/ptII/ptolemy/domains/continuous/test/auto/CausalityInterface7.xml (RunModel)" time="0.047" />
  <testcase classname="ptolemy.util.test.junit.AutoTests" name="[14] /home/travis/build/icyphy/ptII/ptolemy/domains/continuous/test/auto/CausalityInterface8.xml (RunModel)" time="0.058" />
  <testcase classname="ptolemy.util.test.junit.AutoTests" name="[15] /home/travis/build/icyphy/ptII/ptolemy/domains/continuous/test/auto/CausalityInterface9.xml (RunModel)" time="0.059" />
  <testcase classname="ptolemy.util.test.junit.AutoTests" name="[16] /home/travis/build/icyphy/ptII/ptolemy/domains/continuous/test/auto/CausalityInterfaceFeedback1.xml (RunModel)" time="0.022" />
  <testcase classname="ptolemy.util.test.junit.AutoTests" name="[17] /home/travis/build/icyphy/ptII/ptolemy/domains/continuous/test/auto/CausalityInterfaceFeedback2.xml (RunModel)" time="0.028" />
  <testcase classname="ptolemy.util.test.junit.AutoTests" name="[18] /home/travis/build/icyphy/ptII/ptolemy/domains/continuous/test/auto/CompareWithCurrentTime.xml (RunModel)" time="0.031" />
  <testcase classname="ptolemy.util.test.junit.AutoTests" name="[19] /home/travis/build/icyphy/ptII/ptolemy/domains/continuous/test/auto/ComparedClocks.xml (RunModel)" time="0.075" />
  <testcase classname="ptolemy.util.test.junit.AutoTests" name="[20] /home/travis/build/icyphy/ptII/ptolemy/domains/continuous/test/auto/ContinuousAOCClone.xml (RunModel)" time="2.653" />
  <testcase classname="ptolemy.util.test.junit.AutoTests" name="[21] /home/travis/build/icyphy/ptII/ptolemy/domains/continuous/test/auto/ContinuousClock.xml (RunModel)" time="0.104" />
  <testcase classname="ptolemy.util.test.junit.AutoTests" name="[22] /home/travis/build/icyphy/ptII/ptolemy/domains/continuous/test/auto/ContinuousInContinuous.xml (RunModel)" time="0.09" />
  <testcase classname="ptolemy.util.test.junit.AutoTests" name="[23] /home/travis/build/icyphy/ptII/ptolemy/domains/continuous/test/auto/ContinuousInContinuousInContinuous.xml (RunModel)" time="0.035" />
  <testcase classname="ptolemy.util.test.junit.AutoTests" name="[24] /home/travis/build/icyphy/ptII/ptolemy/domains/continuous/test/auto/ContinuousInDE.xml (RunModel)" time="0.131" />
  <testcase classname="ptolemy.util.test.junit.AutoTests" name="[25] /home/travis/build/icyphy/ptII/ptolemy/domains/continuous/test/auto/ContinuousInDE2.xml (RunModel)" time="0.063" />
  <testcase classname="ptolemy.util.test.junit.AutoTests" name="[26] /home/travis/build/icyphy/ptII/ptolemy/domains/continuous/test/auto/ContinuousInDE3.xml (RunModel)" time="0.054" />
  <testcase classname="ptolemy.util.test.junit.AutoTests" name="[27] /home/travis/build/icyphy/ptII/ptolemy/domains/continuous/test/auto/ContinuousInDE4.xml (RunModel)" time="0.029" />
  <testcase classname="ptolemy.util.test.junit.AutoTests" name="[28] /home/travis/build/icyphy/ptII/ptolemy/domains/continuous/test/auto/ContinuousInDEDifferentRefinements.xml (RunModel)" time="0.119" />
  <testcase classname="ptolemy.util.test.junit.AutoTests" name="[29] /home/travis/build/icyphy/ptII/ptolemy/domains/continuous/test/auto/ContinuousInDEDifferentRefinementsPreemptive.xml (RunModel)" time="0.103" />
  <testcase classname="ptolemy.util.test.junit.AutoTests" name="[30] /home/travis/build/icyphy/ptII/ptolemy/domains/continuous/test/auto/ContinuousInDEInContinuous2.xml (RunModel)" time="0.061" />
  <testcase classname="ptolemy.util.test.junit.AutoTests" name="[31] /home/travis/build/icyphy/ptII/ptolemy/domains/continuous/test/auto/ContinuousInDEInContinuous3.xml (RunModel)" time="0.082" />
  <testcase classname="ptolemy.util.test.junit.AutoTests" name="[32] /home/travis/build/icyphy/ptII/ptolemy/domains/continuous/test/auto/ContinuousInDEInput.xml (RunModel)" time="0.036" />
  <testcase classname="ptolemy.util.test.junit.AutoTests" name="[33] /home/travis/build/icyphy/ptII/ptolemy/domains/continuous/test/auto/ContinuousInDEInput2.xml (RunModel)" time="0.027" />
  <testcase classname="ptolemy.util.test.junit.AutoTests" name="[34] /home/travis/build/icyphy/ptII/ptolemy/domains/continuous/test/auto/ContinuousInDEInput3.xml (RunModel)" time="0.034" />
  <testcase classname="ptolemy.util.test.junit.AutoTests" name="[35] /home/travis/build/icyphy/ptII/ptolemy/domains/continuous/test/auto/ContinuousInDESharingRefinement.xml (RunModel)" time="0.187" />
  <testcase classname="ptolemy.util.test.junit.AutoTests" name="[36] /home/travis/build/icyphy/ptII/ptolemy/domains/continuous/test/auto/ContinuousInDEwithNoPorts.xml (RunModel)" time="0.019" />
  <testcase classname="ptolemy.util.test.junit.AutoTests" name="[37] /home/travis/build/icyphy/ptII/ptolemy/domains/continuous/test/auto/ContinuousInsideDE.xml (RunModel)" time="0.094" />
  <testcase classname="ptolemy.util.test.junit.AutoTests" name="[38] /home/travis/build/icyphy/ptII/ptolemy/domains/continuous/test/auto/ContinuousMerge1.xml (RunModel)" time="0.016" />
  <testcase classname="ptolemy.util.test.junit.AutoTests" name="[39] /home/travis/build/icyphy/ptII/ptolemy/domains/continuous/test/auto/ContinuousMerge2.xml (RunModel)" time="0.048" />
  <testcase classname="ptolemy.util.test.junit.AutoTests" name="[40] /home/travis/build/icyphy/ptII/ptolemy/domains/continuous/test/auto/ContinuousMerge3.xml (RunModel)" time="0.06" />
  <testcase classname="ptolemy.util.test.junit.AutoTests" name="[41] /home/travis/build/icyphy/ptII/ptolemy/domains/continuous/test/auto/ContinuousWithinContinuous.xml (RunModel)" time="0.06" />
  <testcase classname="ptolemy.util.test.junit.AutoTests" name="[42] /home/travis/build/icyphy/ptII/ptolemy/domains/continuous/test/auto/ContinuousWithinContinuous2.xml (RunModel)" time="0.083" />
  <testcase classname="ptolemy.util.test.junit.AutoTests" name="[43] /home/travis/build/icyphy/ptII/ptolemy/domains/continuous/test/auto/ContinuousWithinContinuous3.xml (RunModel)" time="0.029" />
  <testcase classname="ptolemy.util.test.junit.AutoTests" name="[44] /home/travis/build/icyphy/ptII/ptolemy/domains/continuous/test/auto/ContinuousWithinContinuous4.xml (RunModel)" time="0.086" />
  <testcase classname="ptolemy.util.test.junit.AutoTests" name="[45] /home/travis/build/icyphy/ptII/ptolemy/domains/continuous/test/auto/ContinuousWithinContinuous5.xml (RunModel)" time="0.031" />
  <testcase classname="ptolemy.util.test.junit.AutoTests" name="[46] /home/travis/build/icyphy/ptII/ptolemy/domains/continuous/test/auto/ContinuousWithinContinuous6.xml (RunModel)" time="0.029" />
  <testcase classname="ptolemy.util.test.junit.AutoTests" name="[47] /home/travis/build/icyphy/ptII/ptolemy/domains/continuous/test/auto/ContinuousWithinContinuous7.xml (RunModel)" time="0.066" />
  <testcase classname="ptolemy.util.test.junit.AutoTests" name="[48] /home/travis/build/icyphy/ptII/ptolemy/domains/continuous/test/auto/DCMotor.xml (RunModel)" time="12.887" />
  <testcase classname="ptolemy.util.test.junit.AutoTests" name="[49] /home/travis/build/icyphy/ptII/ptolemy/domains/continuous/test/auto/DEInContinuous.xml (RunModel)" time="0.028" />
  <testcase classname="ptolemy.util.test.junit.AutoTests" name="[50] /home/travis/build/icyphy/ptII/ptolemy/domains/continuous/test/auto/DEinContinuous2.xml (RunModel)" time="0.032" />
  <testcase classname="ptolemy.util.test.junit.AutoTests" name="[51] /home/travis/build/icyphy/ptII/ptolemy/domains/continuous/test/auto/Derivative.xml (RunModel)" time="0.202" />
  <testcase classname="ptolemy.util.test.junit.AutoTests" name="[52] /home/travis/build/icyphy/ptII/ptolemy/domains/continuous/test/auto/Derivative1.xml (RunModel)" time="0.059" />
  <testcase classname="ptolemy.util.test.junit.AutoTests" name="[53] /home/travis/build/icyphy/ptII/ptolemy/domains/continuous/test/auto/DiscreteClock.xml (RunModel)" time="0.023" />
  <testcase classname="ptolemy.util.test.junit.AutoTests" name="[54] /home/travis/build/icyphy/ptII/ptolemy/domains/continuous/test/auto/EfficiencyCurve.xml (RunModel)" time="0.102" />
  <testcase classname="ptolemy.util.test.junit.AutoTests" name="[55] /home/travis/build/icyphy/ptII/ptolemy/domains/continuous/test/auto/ExponentialResponse.xml (RunModel)" time="0.122" />
  <testcase classname="ptolemy.util.test.junit.AutoTests" name="[56] /home/travis/build/icyphy/ptII/ptolemy/domains/continuous/test/auto/ExponentialResponseRK45.xml (RunModel)" time="0.035" />
  <testcase classname="ptolemy.util.test.junit.AutoTests" name="[57] /home/travis/build/icyphy/ptII/ptolemy/domains/continuous/test/auto/Friction.xml (RunModel)" time="1.428" />
  <testcase classname="ptolemy.util.test.junit.AutoTests" name="[58] /home/travis/build/icyphy/ptII/ptolemy/domains/continuous/test/auto/FurutaPendulum.xml (RunModel)" time="3.356" />
  <testcase classname="ptolemy.util.test.junit.AutoTests" name="[59] /home/travis/build/icyphy/ptII/ptolemy/domains/continuous/test/auto/HierarchicalExecution.xml (RunModel)" time="1.982" />
  <testcase classname="ptolemy.util.test.junit.AutoTests" name="[60] /home/travis/build/icyphy/ptII/ptolemy/domains/continuous/test/auto/HybridPlant.xml (RunModel)" time="0.524" />
  <testcase classname="ptolemy.util.test.junit.AutoTests" name="[61] /home/travis/build/icyphy/ptII/ptolemy/domains/continuous/test/auto/Hysteresis.xml (RunModel)" time="0.176" />
  <testcase classname="ptolemy.util.test.junit.AutoTests" name="[62] /home/travis/build/icyphy/ptII/ptolemy/domains/continuous/test/auto/HysteresisWithRandomDelay.xml (RunModel)" time="0.196" />
  <testcase classname="ptolemy.util.test.junit.AutoTests" name="[63] /home/travis/build/icyphy/ptII/ptolemy/domains/continuous/test/auto/HysteresisWithRandomLosses.xml (RunModel)" time="2.184" />
  <testcase classname="ptolemy.util.test.junit.AutoTests" name="[64] /home/travis/build/icyphy/ptII/ptolemy/domains/continuous/test/auto/ImmediateTransitions.xml (RunModel)" time="0.042" />
  <testcase classname="ptolemy.util.test.junit.AutoTests" name="[65] /home/travis/build/icyphy/ptII/ptolemy/domains/continuous/test/auto/ImpulseFeedback.xml (RunModel)" time="0.028" />
  <testcase classname="ptolemy.util.test.junit.AutoTests" name="[66] /home/travis/build/icyphy/ptII/ptolemy/domains/continuous/test/auto/ImpulseFeedback2.xml (RunModel)" time="0.023" />
  <testcase classname="ptolemy.util.test.junit.AutoTests" name="[67] /home/travis/build/icyphy/ptII/ptolemy/domains/continuous/test/auto/IncreasingRatePoisson.xml (RunModel)" time="0.626" />
  <testcase classname="ptolemy.util.test.junit.AutoTests" name="[68] /home/travis/build/icyphy/ptII/ptolemy/domains/continuous/test/auto/InitialStateFeedback.xml (RunModel)" time="0.012" />
  <testcase classname="ptolemy.util.test.junit.AutoTests" name="[69] /home/travis/build/icyphy/ptII/ptolemy/domains/continuous/test/auto/Integration.xml (RunModel)" time="0.018" />
  <testcase classname="ptolemy.util.test.junit.AutoTests" name="[70] /home/travis/build/icyphy/ptII/ptolemy/domains/continuous/test/auto/Integration2.xml (RunModel)" time="0.087" />
  <testcase classname="ptolemy.util.test.junit.AutoTests" name="[71] /home/travis/build/icyphy/ptII/ptolemy/domains/continuous/test/auto/Integration3.xml (RunModel)" time="0.012" />
  <testcase classname="ptolemy.util.test.junit.AutoTests" name="[72] /home/travis/build/icyphy/ptII/ptolemy/domains/continuous/test/auto/Integration5.xml (RunModel)" time="0.019" />
  <testcase classname="ptolemy.util.test.junit.AutoTests" name="[73] /home/travis/build/icyphy/ptII/ptolemy/domains/continuous/test/auto/IntegratorImpulse.xml (RunModel)" time="0.011" />
  <testcase classname="ptolemy.util.test.junit.AutoTests" name="[74] /home/travis/build/icyphy/ptII/ptolemy/domains/continuous/test/auto/IntegratorImpulse2.xml (RunModel)" time="0.011" />
  <testcase classname="ptolemy.util.test.junit.AutoTests" name="[75] /home/travis/build/icyphy/ptII/ptolemy/domains/continuous/test/auto/LevelCrossing1.xml (RunModel)" time="0.011" />
  <testcase classname="ptolemy.util.test.junit.AutoTests" name="[76] /home/travis/build/icyphy/ptII/ptolemy/domains/continuous/test/auto/LevelCrossing2.xml (RunModel)" time="0.018" />
  <testcase classname="ptolemy.util.test.junit.AutoTests" name="[77] /home/travis/build/icyphy/ptII/ptolemy/domains/continuous/test/auto/LevelCrossing3.xml (RunModel)" time="0.019" />
  <testcase classname="ptolemy.util.test.junit.AutoTests" name="[78] /home/travis/build/icyphy/ptII/ptolemy/domains/continuous/test/auto/LevelCrossing4.xml (RunModel)" time="0.012" />
  <testcase classname="ptolemy.util.test.junit.AutoTests" name="[79] /home/travis/build/icyphy/ptII/ptolemy/domains/continuous/test/auto/LevelCrossing5.xml (RunModel)" time="0.016" />
  <testcase classname="ptolemy.util.test.junit.AutoTests" name="[80] /home/travis/build/icyphy/ptII/ptolemy/domains/continuous/test/auto/LevelCrossing6.xml (RunModel)" time="0.017" />
  <testcase classname="ptolemy.util.test.junit.AutoTests" name="[81] /home/travis/build/icyphy/ptII/ptolemy/domains/continuous/test/auto/LevelCrossingDetector.xml (RunModel)" time="0.041" />
  <testcase classname="ptolemy.util.test.junit.AutoTests" name="[82] /home/travis/build/icyphy/ptII/ptolemy/domains/continuous/test/auto/LevelCrossingDetectorDetectingDirections.xml (RunModel)" time="0.098" />
  <testcase classname="ptolemy.util.test.junit.AutoTests" name="[83] /home/travis/build/icyphy/ptII/ptolemy/domains/continuous/test/auto/LevelCrossingDetectorDetectsGlitches.xml (RunModel)" time="0.075" />
  <testcase classname="ptolemy.util.test.junit.AutoTests" name="[84] /home/travis/build/icyphy/ptII/ptolemy/domains/continuous/test/auto/LevelCrossingNoInitialOuput.xml (RunModel)" time="0.013" />
  <testcase classname="ptolemy.util.test.junit.AutoTests" name="[85] /home/travis/build/icyphy/ptII/ptolemy/domains/continuous/test/auto/LinearStateSpaceExample.xml (RunModel)" time="0.06" />
  <testcase classname="ptolemy.util.test.junit.AutoTests" name="[86] /home/travis/build/icyphy/ptII/ptolemy/domains/continuous/test/auto/Lorenz.xml (RunModel)" time="4.025" />
  <testcase classname="ptolemy.util.test.junit.AutoTests" name="[87] /home/travis/build/icyphy/ptII/ptolemy/domains/continuous/test/auto/LorenzDifferentialSystem.xml (RunModel)" time="1.125" />
  <testcase classname="ptolemy.util.test.junit.AutoTests" name="[88] /home/travis/build/icyphy/ptII/ptolemy/domains/continuous/test/auto/LorenzDifferentialSystemWithInput.xml (RunModel)" time="1.383" />
  <testcase classname="ptolemy.util.test.junit.AutoTests" name="[89] /home/travis/build/icyphy/ptII/ptolemy/domains/continuous/test/auto/LorenzDifferentialSystemWithTime.xml (RunModel)" time="0.75" />
  <testcase classname="ptolemy.util.test.junit.AutoTests" name="[90] /home/travis/build/icyphy/ptII/ptolemy/domains/continuous/test/auto/Microsteps.xml (RunModel)" time="0.018" />
  <testcase classname="ptolemy.util.test.junit.AutoTests" name="[91] /home/travis/build/icyphy/ptII/ptolemy/domains/continuous/test/auto/Modal1.xml (RunModel)" time="0.041" />
  <testcase classname="ptolemy.util.test.junit.AutoTests" name="[92] /home/travis/build/icyphy/ptII/ptolemy/domains/continuous/test/auto/Modal2.xml (RunModel)" time="0.037" />
  <testcase classname="ptolemy.util.test.junit.AutoTests" name="[93] /home/travis/build/icyphy/ptII/ptolemy/domains/continuous/test/auto/ModalTransitionGuardWithReset.xml (RunModel)" time="0.037" />
  <testcase classname="ptolemy.util.test.junit.AutoTests" name="[94] /home/travis/build/icyphy/ptII/ptolemy/domains/continuous/test/auto/ModalTransitionGuardWithResetUsingPreemptiveTransition.xml (RunModel)" time="0.026" />
  <testcase classname="ptolemy.util.test.junit.AutoTests" name="[95] /home/travis/build/icyphy/ptII/ptolemy/domains/continuous/test/auto/ModalTransitionGuardWithResetUsingPreemptiveTransition2.xml (RunModel)" time="0.03" />
  <testcase classname="ptolemy.util.test.junit.AutoTests" name="[96] /home/travis/build/icyphy/ptII/ptolemy/domains/continuous/test/auto/ModalTransitionGuardWithResetUsingPreemptiveTransition3.xml (RunModel)" time="0.023" />
  <testcase classname="ptolemy.util.test.junit.AutoTests" name="[97] /home/travis/build/icyphy/ptII/ptolemy/domains/continuous/test/auto/NewtonsCradle.xml (RunModel)" time="0.714" />
  <testcase classname="ptolemy.util.test.junit.AutoTests" name="[98] /home/travis/build/icyphy/ptII/ptolemy/domains/continuous/test/auto/NewtonsCradleAnimated.xml (RunModel)" time="1.26" />
  <testcase classname="ptolemy.util.test.junit.AutoTests" name="[99] /home/travis/build/icyphy/ptII/ptolemy/domains/continuous/test/auto/NewtonsCradleComplicated.xml (RunModel)" time="0.843" />
  <testcase classname="ptolemy.util.test.junit.AutoTests" name="[100] /home/travis/build/icyphy/ptII/ptolemy/domains/continuous/test/auto/NewtonsCradleNondeterministic.xml (RunModel)" time="0.644" />
  <testcase classname="ptolemy.util.test.junit.AutoTests" name="[101] /home/travis/build/icyphy/ptII/ptolemy/domains/continuous/test/auto/NewtonsCradlePerfectlyInelastic1.xml (RunModel)" time="1.285" />
  <testcase classname="ptolemy.util.test.junit.AutoTests" name="[102] /home/travis/build/icyphy/ptII/ptolemy/domains/continuous/test/auto/Noise.xml (RunModel)" time="0.184" />
  <testcase classname="ptolemy.util.test.junit.AutoTests" name="[103] /home/travis/build/icyphy/ptII/ptolemy/domains/continuous/test/auto/NoiseSpectrum.xml (RunModel)" time="0.794" />
  <testcase classname="ptolemy.util.test.junit.AutoTests" name="[104] /home/travis/build/icyphy/ptII/ptolemy/domains/continuous/test/auto/ParameterizedNewtonsCradleAnimated.xml (RunModel)" time="0.389" />
  <testcase classname="ptolemy.util.test.junit.AutoTests" name="[105] /home/travis/build/icyphy/ptII/ptolemy/domains/continuous/test/auto/ParameterizedNewtonsCradleAnimatedNondeterministic.xml (RunModel)" time="1.093" />
  <testcase classname="ptolemy.util.test.junit.AutoTests" name="[106] /home/travis/build/icyphy/ptII/ptolemy/domains/continuous/test/auto/Pendulum3D.xml (RunModel)" time="0.182" />
  <testcase classname="ptolemy.util.test.junit.AutoTests" name="[107] /home/travis/build/icyphy/ptII/ptolemy/domains/continuous/test/auto/PeriodicSampler.xml (RunModel)" time="0.014" />
  <testcase classname="ptolemy.util.test.junit.AutoTests" name="[108] /home/travis/build/icyphy/ptII/ptolemy/domains/continuous/test/auto/PeriodicSampler1.xml (RunModel)" time="0.04" />
  <testcase classname="ptolemy.util.test.junit.AutoTests" name="[109] /home/travis/build/icyphy/ptII/ptolemy/domains/continuous/test/auto/PeriodicSampler2.xml (RunModel)" time="0.064" />
  <testcase classname="ptolemy.util.test.junit.AutoTests" name="[110] /home/travis/build/icyphy/ptII/ptolemy/domains/continuous/test/auto/Poisson.xml (RunModel)" time="0.387" />
  <testcase classname="ptolemy.util.test.junit.AutoTests" name="[111] /home/travis/build/icyphy/ptII/ptolemy/domains/continuous/test/auto/PoissonClock.xml (RunModel)" time="0.011" />
  <testcase classname="ptolemy.util.test.junit.AutoTests" name="[112] /home/travis/build/icyphy/ptII/ptolemy/domains/continuous/test/auto/PoissonClock2.xml (RunModel)" time="0.013" />
  <testcase classname="ptolemy.util.test.junit.AutoTests" name="[113] /home/travis/build/icyphy/ptII/ptolemy/domains/continuous/test/auto/PortParameterHierarchy.xml (RunModel)" time="0.015" />
  <testcase classname="ptolemy.util.test.junit.AutoTests" name="[114] /home/travis/build/icyphy/ptII/ptolemy/domains/continuous/test/auto/RandomHybridPlant.xml (RunModel)" time="0.628" />
  <testcase classname="ptolemy.util.test.junit.AutoTests" name="[115] /home/travis/build/icyphy/ptII/ptolemy/domains/continuous/test/auto/ResetTransitionWithStartTime1.xml (RunModel)" time="0.043" />
  <testcase classname="ptolemy.util.test.junit.AutoTests" name="[116] /home/travis/build/icyphy/ptII/ptolemy/domains/continuous/test/auto/ResetTransitionWithStartTime2.xml (RunModel)" time="0.043" />
  <testcase classname="ptolemy.util.test.junit.AutoTests" name="[117] /home/travis/build/icyphy/ptII/ptolemy/domains/continuous/test/auto/ResetTransitionWithStartTime3.xml (RunModel)" time="0.036" />
  <testcase classname="ptolemy.util.test.junit.AutoTests" name="[118] /home/travis/build/icyphy/ptII/ptolemy/domains/continuous/test/auto/ResetTransitionWithStartTime4.xml (RunModel)" time="0.025" />
  <testcase classname="ptolemy.util.test.junit.AutoTests" name="[119] /home/travis/build/icyphy/ptII/ptolemy/domains/continuous/test/auto/ResetTransitionWithStartTime5.xml (RunModel)" time="0.036" />
  <testcase classname="ptolemy.util.test.junit.AutoTests" name="[120] /home/travis/build/icyphy/ptII/ptolemy/domains/continuous/test/auto/ResetTransitionWithStartTime6.xml (RunModel)" time="0.029" />
  <testcase classname="ptolemy.util.test.junit.AutoTests" name="[121] /home/travis/build/icyphy/ptII/ptolemy/domains/continuous/test/auto/SRinContinuous.xml (RunModel)" time="0.025" />
  <testcase classname="ptolemy.util.test.junit.AutoTests" name="[122] /home/travis/build/icyphy/ptII/ptolemy/domains/continuous/test/auto/SampledClocks.xml (RunModel)" time="0.026" />
  <testcase classname="ptolemy.util.test.junit.AutoTests" name="[123] /home/travis/build/icyphy/ptII/ptolemy/domains/continuous/test/auto/Satellite.xml (RunModel)" time="0.789" />
  <testcase classname="ptolemy.util.test.junit.AutoTests" name="[124] /home/travis/build/icyphy/ptII/ptolemy/domains/continuous/test/auto/SigmaDelta.xml (RunModel)" time="2.227" />
  <testcase classname="ptolemy.util.test.junit.AutoTests" name="[125] /home/travis/build/icyphy/ptII/ptolemy/domains/continuous/test/auto/SinuBouncingBall.xml (RunModel)" time="0.793" />
  <testcase classname="ptolemy.util.test.junit.AutoTests" name="[126] /home/travis/build/icyphy/ptII/ptolemy/domains/continuous/test/auto/Sinusoid.xml (RunModel)" time="0.014" />
  <testcase classname="ptolemy.util.test.junit.AutoTests" name="[127] /home/travis/build/icyphy/ptII/ptolemy/domains/continuous/test/auto/SinusoidInNoise.xml (RunModel)" time="0.907" />
  <testcase classname="ptolemy.util.test.junit.AutoTests" name="[128] /home/travis/build/icyphy/ptII/ptolemy/domains/continuous/test/auto/SinusoidRK45.xml (RunModel)" time="0.009" />
  <testcase classname="ptolemy.util.test.junit.AutoTests" name="[129] /home/travis/build/icyphy/ptII/ptolemy/domains/continuous/test/auto/SinusoidWithMultipleImpulses.xml (RunModel)" time="0.019" />
  <testcase classname="ptolemy.util.test.junit.AutoTests" name="[130] /home/travis/build/icyphy/ptII/ptolemy/domains/continuous/test/auto/SquareWave.xml (RunModel)" time="0.195" />
  <testcase classname="ptolemy.util.test.junit.AutoTests" name="[131] /home/travis/build/icyphy/ptII/ptolemy/domains/continuous/test/auto/Starmac.xml (RunModel)" time="3.486" />
  <testcase classname="ptolemy.util.test.junit.AutoTests" name="[132] /home/travis/build/icyphy/ptII/ptolemy/domains/continuous/test/auto/StaticUnits.xml (RunModel)" time="2.535" />
  <testcase classname="ptolemy.util.test.junit.AutoTests" name="[133] /home/travis/build/icyphy/ptII/ptolemy/domains/continuous/test/auto/StickyMasses.xml (RunModel)" time="0.339" />
  <testcase classname="ptolemy.util.test.junit.AutoTests" name="[134] /home/travis/build/icyphy/ptII/ptolemy/domains/continuous/test/auto/StopTime.xml (RunModel)" time="0.058" />
  <testcase classname="ptolemy.util.test.junit.AutoTests" name="[135] /home/travis/build/icyphy/ptII/ptolemy/domains/continuous/test/auto/StopTime2.xml (RunModel)" time="0.052" />
  <testcase classname="ptolemy.util.test.junit.AutoTests" name="[136] /home/travis/build/icyphy/ptII/ptolemy/domains/continuous/test/auto/Switch.xml (RunModel)" time="0.069" />
  <testcase classname="ptolemy.util.test.junit.AutoTests" name="[137] /home/travis/build/icyphy/ptII/ptolemy/domains/continuous/test/auto/Thermostat.xml (RunModel)" time="0.206" />
  <testcase classname="ptolemy.util.test.junit.AutoTests" name="[138] /home/travis/build/icyphy/ptII/ptolemy/domains/continuous/test/auto/TimeDelay.xml (RunModel)" time="0.014" />
  <testcase classname="ptolemy.util.test.junit.AutoTests" name="[139] /home/travis/build/icyphy/ptII/ptolemy/domains/continuous/test/auto/TimeDelay2.xml (RunModel)" time="0.017" />
  <testcase classname="ptolemy.util.test.junit.AutoTests" name="[140] /home/travis/build/icyphy/ptII/ptolemy/domains/continuous/test/auto/TimeDelay3.xml (RunModel)" time="0.014" />
  <testcase classname="ptolemy.util.test.junit.AutoTests" name="[141] /home/travis/build/icyphy/ptII/ptolemy/domains/continuous/test/auto/TransferAbsentToInside.xml (RunModel)" time="0.118" />
  <testcase classname="ptolemy.util.test.junit.AutoTests" name="[142] /home/travis/build/icyphy/ptII/ptolemy/domains/continuous/test/auto/Transmission.xml (RunModel)" time="0.74" />
  <testcase classname="ptolemy.util.test.junit.AutoTests" name="[143] /home/travis/build/icyphy/ptII/ptolemy/domains/continuous/test/auto/TriggeredContinuousClock.xml (RunModel)" time="0.068" />
  <testcase classname="ptolemy.util.test.junit.AutoTests" name="[144] /home/travis/build/icyphy/ptII/ptolemy/domains/continuous/test/auto/TwoMachineInfiniteBusControl.xml (RunModel)" time="2.836" />
  <testcase classname="ptolemy.util.test.junit.AutoTests" name="[145] /home/travis/build/icyphy/ptII/ptolemy/domains/continuous/test/auto/V2V.xml (RunModel)" time="0.762" />
  <testcase classname="ptolemy.util.test.junit.AutoTests" name="[146] /home/travis/build/icyphy/ptII/ptolemy/domains/continuous/test/auto/hierarchicalModalModel.xml (RunModel)" time="0.038" />
  <testcase classname="ptolemy.util.test.junit.AutoTests" name="[147] /home/travis/build/icyphy/ptII/ptolemy/domains/continuous/test/auto/hierarchicalModalModel1.xml (RunModel)" time="0.041" />
  <testcase classname="ptolemy.util.test.junit.AutoTests" name="[148] /home/travis/build/icyphy/ptII/ptolemy/domains/continuous/test/auto/hierarchicalModalModel2.xml (RunModel)" time="0.033" />
  <testcase classname="ptolemy.util.test.junit.AutoTests" name="[149] /home/travis/build/icyphy/ptII/ptolemy/domains/continuous/test/auto/hierarchicalModalModel3.xml (RunModel)" time="0.023" />
  <testcase classname="ptolemy.util.test.junit.AutoTests" name="[150] /home/travis/build/icyphy/ptII/ptolemy/domains/continuous/test/auto/hierarchicalModalModel4.xml (RunModel)" time="0.026" />
  <testcase classname="ptolemy.util.test.junit.AutoTests" name="[151] /home/travis/build/icyphy/ptII/ptolemy/domains/continuous/test/auto/junk.xml (RunModel)" time="0.154" />
  <system-out><![CDATA[No tcl tests in /home/travis/build/icyphy/ptII/ptolemy/domains/continuous/test
No auto/knownFailedTests/*.xml tests in /home/travis/build/icyphy/ptII/ptolemy/domains/continuous/test
No auto/linux-amd64/*.xml tests in /home/travis/build/icyphy/ptII/ptolemy/domains/continuous/test
AutoTests.java: About to close Vertx.
AutoTests.java: Vertx closed.

===========================================================================================
----------------- testing Wed Sep 19 02:11:40 UTC 2018 /home/travis/build/icyphy/ptII/ptolemy/domains/continuous/test/auto/BouncingBall.xml
----------------- Instantiating /home/travis/build/icyphy/ptII/ptolemy/domains/continuous/test/auto/BouncingBall.xml
2311 ms. Memory: 331776K Free: 259691K (78%)
----------------- Invoking toplevel() on ptolemy.moml.MoMLSimpleApplication@27cb299a
----------------- Done invoking toplevel() on ptolemy.moml.MoMLSimpleApplication@27cb299a
reloadAllAccessors: .BouncingBall

===========================================================================================
----------------- testing Wed Sep 19 02:11:42 UTC 2018 /home/travis/build/icyphy/ptII/ptolemy/domains/continuous/test/auto/BouncingBallWithoutGR.xml
----------------- Instantiating /home/travis/build/icyphy/ptII/ptolemy/domains/continuous/test/auto/BouncingBallWithoutGR.xml
803 ms. Memory: 331776K Free: 312531K (94%)
----------------- Invoking toplevel() on ptolemy.moml.MoMLSimpleApplication@14574b96
----------------- Done invoking toplevel() on ptolemy.moml.MoMLSimpleApplication@14574b96
reloadAllAccessors: .BouncingBallWithoutGR

===========================================================================================
----------------- testing Wed Sep 19 02:11:43 UTC 2018 /home/travis/build/icyphy/ptII/ptolemy/domains/continuous/test/auto/Brownian.xml
----------------- Instantiating /home/travis/build/icyphy/ptII/ptolemy/domains/continuous/test/auto/Brownian.xml
44 ms. Memory: 331776K Free: 298618K (90%)
----------------- Invoking toplevel() on ptolemy.moml.MoMLSimpleApplication@5229bda8
----------------- Done invoking toplevel() on ptolemy.moml.MoMLSimpleApplication@5229bda8
reloadAllAccessors: .Brownian

===========================================================================================
----------------- testing Wed Sep 19 02:11:44 UTC 2018 /home/travis/build/icyphy/ptII/ptolemy/domains/continuous/test/auto/CarTracking.xml
----------------- Instantiating /home/travis/build/icyphy/ptII/ptolemy/domains/continuous/test/auto/CarTracking.xml
3091 ms. Memory: 578048K Free: 448112K (78%)
----------------- Invoking toplevel() on ptolemy.moml.MoMLSimpleApplication@360e461c
----------------- Done invoking toplevel() on ptolemy.moml.MoMLSimpleApplication@360e461c
reloadAllAccessors: .CarTracking

===========================================================================================
----------------- testing Wed Sep 19 02:11:47 UTC 2018 /home/travis/build/icyphy/ptII/ptolemy/domains/continuous/test/auto/CartPendulum.xml
----------------- Instantiating /home/travis/build/icyphy/ptII/ptolemy/domains/continuous/test/auto/CartPendulum.xml
424 ms. Memory: 578048K Free: 340166K (59%)
----------------- Invoking toplevel() on ptolemy.moml.MoMLSimpleApplication@46bfbcd6
----------------- Done invoking toplevel() on ptolemy.moml.MoMLSimpleApplication@46bfbcd6
reloadAllAccessors: .CartPendulum

===========================================================================================
----------------- testing Wed Sep 19 02:11:47 UTC 2018 /home/travis/build/icyphy/ptII/ptolemy/domains/continuous/test/auto/CausalityInterface10.xml
----------------- Instantiating /home/travis/build/icyphy/ptII/ptolemy/domains/continuous/test/auto/CausalityInterface10.xml
13 ms. Memory: 578048K Free: 327043K (57%)
----------------- Invoking toplevel() on ptolemy.moml.MoMLSimpleApplication@7589950b
----------------- Done invoking toplevel() on ptolemy.moml.MoMLSimpleApplication@7589950b
reloadAllAccessors: .CausalityInterface10

===========================================================================================
----------------- testing Wed Sep 19 02:11:47 UTC 2018 /home/travis/build/icyphy/ptII/ptolemy/domains/continuous/test/auto/CausalityInterface11.xml
----------------- Instantiating /home/travis/build/icyphy/ptII/ptolemy/domains/continuous/test/auto/CausalityInterface11.xml
7 ms. Memory: 578048K Free: 317196K (55%)
----------------- Invoking toplevel() on ptolemy.moml.MoMLSimpleApplication@166854d7
----------------- Done invoking toplevel() on ptolemy.moml.MoMLSimpleApplication@166854d7
reloadAllAccessors: .CausalityInterface11

===========================================================================================
----------------- testing Wed Sep 19 02:11:48 UTC 2018 /home/travis/build/icyphy/ptII/ptolemy/domains/continuous/test/auto/CausalityInterface12.xml
----------------- Instantiating /home/travis/build/icyphy/ptII/ptolemy/domains/continuous/test/auto/CausalityInterface12.xml
7 ms. Memory: 578048K Free: 307350K (53%)
----------------- Invoking toplevel() on ptolemy.moml.MoMLSimpleApplication@dfa6ce0
----------------- Done invoking toplevel() on ptolemy.moml.MoMLSimpleApplication@dfa6ce0
reloadAllAccessors: .CausalityInterface12

===========================================================================================
----------------- testing Wed Sep 19 02:11:48 UTC 2018 /home/travis/build/icyphy/ptII/ptolemy/domains/continuous/test/auto/CausalityInterface13.xml
----------------- Instantiating /home/travis/build/icyphy/ptII/ptolemy/domains/continuous/test/auto/CausalityInterface13.xml
6 ms. Memory: 578048K Free: 294341K (51%)
----------------- Invoking toplevel() on ptolemy.moml.MoMLSimpleApplication@6f8adb4f
----------------- Done invoking toplevel() on ptolemy.moml.MoMLSimpleApplication@6f8adb4f
reloadAllAccessors: .CausalityInterface13

===========================================================================================
----------------- testing Wed Sep 19 02:11:48 UTC 2018 /home/travis/build/icyphy/ptII/ptolemy/domains/continuous/test/auto/CausalityInterface14.xml
----------------- Instantiating /home/travis/build/icyphy/ptII/ptolemy/domains/continuous/test/auto/CausalityInterface14.xml
4 ms. Memory: 578048K Free: 284503K (49%)
----------------- Invoking toplevel() on ptolemy.moml.MoMLSimpleApplication@2d4268ac
----------------- Done invoking toplevel() on ptolemy.moml.MoMLSimpleApplication@2d4268ac
reloadAllAccessors: .CausalityInterface14

===========================================================================================
----------------- testing Wed Sep 19 02:11:48 UTC 2018 /home/travis/build/icyphy/ptII/ptolemy/domains/continuous/test/auto/CausalityInterface4.xml
----------------- Instantiating /home/travis/build/icyphy/ptII/ptolemy/domains/continuous/test/auto/CausalityInterface4.xml
8 ms. Memory: 578048K Free: 274657K (48%)
----------------- Invoking toplevel() on ptolemy.moml.MoMLSimpleApplication@26f2243
----------------- Done invoking toplevel() on ptolemy.moml.MoMLSimpleApplication@26f2243
reloadAllAccessors: .CausalityInterface4

===========================================================================================
----------------- testing Wed Sep 19 02:11:48 UTC 2018 /home/travis/build/icyphy/ptII/ptolemy/domains/continuous/test/auto/CausalityInterface5.xml
----------------- Instantiating /home/travis/build/icyphy/ptII/ptolemy/domains/continuous/test/auto/CausalityInterface5.xml
7 ms. Memory: 578048K Free: 261533K (45%)
----------------- Invoking toplevel() on ptolemy.moml.MoMLSimpleApplication@5ac42b5f
----------------- Done invoking toplevel() on ptolemy.moml.MoMLSimpleApplication@5ac42b5f
reloadAllAccessors: .CausalityInterface5

===========================================================================================
----------------- testing Wed Sep 19 02:11:48 UTC 2018 /home/travis/build/icyphy/ptII/ptolemy/domains/continuous/test/auto/CausalityInterface6.xml
----------------- Instantiating /home/travis/build/icyphy/ptII/ptolemy/domains/continuous/test/auto/CausalityInterface6.xml
5 ms. Memory: 578048K Free: 248533K (43%)
----------------- Invoking toplevel() on ptolemy.moml.MoMLSimpleApplication@45521e10
----------------- Done invoking toplevel() on ptolemy.moml.MoMLSimpleApplication@45521e10
reloadAllAccessors: .CausalityInterface6

===========================================================================================
----------------- testing Wed Sep 19 02:11:48 UTC 2018 /home/travis/build/icyphy/ptII/ptolemy/domains/continuous/test/auto/CausalityInterface7.xml
----------------- Instantiating /home/travis/build/icyphy/ptII/ptolemy/domains/continuous/test/auto/CausalityInterface7.xml
11 ms. Memory: 578048K Free: 235409K (41%)
----------------- Invoking toplevel() on ptolemy.moml.MoMLSimpleApplication@4ae9375c
----------------- Done invoking toplevel() on ptolemy.moml.MoMLSimpleApplication@4ae9375c
reloadAllAccessors: .CausalityInterface7

===========================================================================================
----------------- testing Wed Sep 19 02:11:48 UTC 2018 /home/travis/build/icyphy/ptII/ptolemy/domains/continuous/test/auto/CausalityInterface8.xml
----------------- Instantiating /home/travis/build/icyphy/ptII/ptolemy/domains/continuous/test/auto/CausalityInterface8.xml
8 ms. Memory: 578048K Free: 222286K (38%)
----------------- Invoking toplevel() on ptolemy.moml.MoMLSimpleApplication@6228d2e0
----------------- Done invoking toplevel() on ptolemy.moml.MoMLSimpleApplication@6228d2e0
reloadAllAccessors: .CausalityInterface8

===========================================================================================
----------------- testing Wed Sep 19 02:11:48 UTC 2018 /home/travis/build/icyphy/ptII/ptolemy/domains/continuous/test/auto/CausalityInterface9.xml
----------------- Instantiating /home/travis/build/icyphy/ptII/ptolemy/domains/continuous/test/auto/CausalityInterface9.xml
8 ms. Memory: 578048K Free: 205878K (36%)
----------------- Invoking toplevel() on ptolemy.moml.MoMLSimpleApplication@5e081ace
----------------- Done invoking toplevel() on ptolemy.moml.MoMLSimpleApplication@5e081ace
reloadAllAccessors: .CausalityInterface9

===========================================================================================
----------------- testing Wed Sep 19 02:11:48 UTC 2018 /home/travis/build/icyphy/ptII/ptolemy/domains/continuous/test/auto/CausalityInterfaceFeedback1.xml
----------------- Instantiating /home/travis/build/icyphy/ptII/ptolemy/domains/continuous/test/auto/CausalityInterfaceFeedback1.xml
2 ms. Memory: 578048K Free: 192869K (33%)
----------------- Invoking toplevel() on ptolemy.moml.MoMLSimpleApplication@5e6dbae0
----------------- Done invoking toplevel() on ptolemy.moml.MoMLSimpleApplication@5e6dbae0
reloadAllAccessors: .CausalityInterfaceFeedback1

===========================================================================================
----------------- testing Wed Sep 19 02:11:48 UTC 2018 /home/travis/build/icyphy/ptII/ptolemy/domains/continuous/test/auto/CausalityInterfaceFeedback2.xml
----------------- Instantiating /home/travis/build/icyphy/ptII/ptolemy/domains/continuous/test/auto/CausalityInterfaceFeedback2.xml
5 ms. Memory: 578048K Free: 183023K (32%)
----------------- Invoking toplevel() on ptolemy.moml.MoMLSimpleApplication@57c8446b
----------------- Done invoking toplevel() on ptolemy.moml.MoMLSimpleApplication@57c8446b
reloadAllAccessors: .CausalityInterfaceFeedback2

===========================================================================================
----------------- testing Wed Sep 19 02:11:48 UTC 2018 /home/travis/build/icyphy/ptII/ptolemy/domains/continuous/test/auto/CompareWithCurrentTime.xml
----------------- Instantiating /home/travis/build/icyphy/ptII/ptolemy/domains/continuous/test/auto/CompareWithCurrentTime.xml
3 ms. Memory: 578048K Free: 176469K (31%)
----------------- Invoking toplevel() on ptolemy.moml.MoMLSimpleApplication@2c5306bc
----------------- Done invoking toplevel() on ptolemy.moml.MoMLSimpleApplication@2c5306bc
reloadAllAccessors: .CompareWithCurrentTime

===========================================================================================
----------------- testing Wed Sep 19 02:11:48 UTC 2018 /home/travis/build/icyphy/ptII/ptolemy/domains/continuous/test/auto/ComparedClocks.xml
----------------- Instantiating /home/travis/build/icyphy/ptII/ptolemy/domains/continuous/test/auto/ComparedClocks.xml
12 ms. Memory: 578048K Free: 156776K (27%)
----------------- Invoking toplevel() on ptolemy.moml.MoMLSimpleApplication@2789328d
----------------- Done invoking toplevel() on ptolemy.moml.MoMLSimpleApplication@2789328d
reloadAllAccessors: .ComparedClocks

===========================================================================================
----------------- testing Wed Sep 19 02:11:48 UTC 2018 /home/travis/build/icyphy/ptII/ptolemy/domains/continuous/test/auto/ContinuousAOCClone.xml
----------------- Instantiating /home/travis/build/icyphy/ptII/ptolemy/domains/continuous/test/auto/ContinuousAOCClone.xml
2420 ms. Memory: 872960K Free: 430333K (49%)
----------------- Invoking toplevel() on ptolemy.moml.MoMLSimpleApplication@dac8000
----------------- Done invoking toplevel() on ptolemy.moml.MoMLSimpleApplication@dac8000
reloadAllAccessors: .ContinuousAOCClone

===========================================================================================
----------------- testing Wed Sep 19 02:11:51 UTC 2018 /home/travis/build/icyphy/ptII/ptolemy/domains/continuous/test/auto/ContinuousClock.xml
----------------- Instantiating /home/travis/build/icyphy/ptII/ptolemy/domains/continuous/test/auto/ContinuousClock.xml
40 ms. Memory: 872960K Free: 397120K (45%)
----------------- Invoking toplevel() on ptolemy.moml.MoMLSimpleApplication@59796fa
----------------- Done invoking toplevel() on ptolemy.moml.MoMLSimpleApplication@59796fa
reloadAllAccessors: .ContinuousClock

===========================================================================================
----------------- testing Wed Sep 19 02:11:51 UTC 2018 /home/travis/build/icyphy/ptII/ptolemy/domains/continuous/test/auto/ContinuousInContinuous.xml
----------------- Instantiating /home/travis/build/icyphy/ptII/ptolemy/domains/continuous/test/auto/ContinuousInContinuous.xml
39 ms. Memory: 872960K Free: 365651K (42%)
----------------- Invoking toplevel() on ptolemy.moml.MoMLSimpleApplication@4970c9b0
----------------- Done invoking toplevel() on ptolemy.moml.MoMLSimpleApplication@4970c9b0
reloadAllAccessors: .ContinuousInContinuous

===========================================================================================
----------------- testing Wed Sep 19 02:11:51 UTC 2018 /home/travis/build/icyphy/ptII/ptolemy/domains/continuous/test/auto/ContinuousInContinuousInContinuous.xml
----------------- Instantiating /home/travis/build/icyphy/ptII/ptolemy/domains/continuous/test/auto/ContinuousInContinuousInContinuous.xml
11 ms. Memory: 872960K Free: 349917K (40%)
----------------- Invoking toplevel() on ptolemy.moml.MoMLSimpleApplication@8811050
----------------- Done invoking toplevel() on ptolemy.moml.MoMLSimpleApplication@8811050
reloadAllAccessors: .ContinuousInContinuousInContinuous

===========================================================================================
----------------- testing Wed Sep 19 02:11:51 UTC 2018 /home/travis/build/icyphy/ptII/ptolemy/domains/continuous/test/auto/ContinuousInDE.xml
----------------- Instantiating /home/travis/build/icyphy/ptII/ptolemy/domains/continuous/test/auto/ContinuousInDE.xml
105 ms. Memory: 872960K Free: 334198K (38%)
----------------- Invoking toplevel() on ptolemy.moml.MoMLSimpleApplication@5a999ffa
----------------- Done invoking toplevel() on ptolemy.moml.MoMLSimpleApplication@5a999ffa
reloadAllAccessors: .ContinuousInDE

===========================================================================================
----------------- testing Wed Sep 19 02:11:51 UTC 2018 /home/travis/build/icyphy/ptII/ptolemy/domains/continuous/test/auto/ContinuousInDE2.xml
----------------- Instantiating /home/travis/build/icyphy/ptII/ptolemy/domains/continuous/test/auto/ContinuousInDE2.xml
38 ms. Memory: 872960K Free: 315052K (36%)
----------------- Invoking toplevel() on ptolemy.moml.MoMLSimpleApplication@62276a4a
----------------- Done invoking toplevel() on ptolemy.moml.MoMLSimpleApplication@62276a4a
reloadAllAccessors: .ContinuousInDE2

===========================================================================================
----------------- testing Wed Sep 19 02:11:51 UTC 2018 /home/travis/build/icyphy/ptII/ptolemy/domains/continuous/test/auto/ContinuousInDE3.xml
----------------- Instantiating /home/travis/build/icyphy/ptII/ptolemy/domains/continuous/test/auto/ContinuousInDE3.xml
32 ms. Memory: 872960K Free: 299333K (34%)
----------------- Invoking toplevel() on ptolemy.moml.MoMLSimpleApplication@7b0c5ec5
----------------- Done invoking toplevel() on ptolemy.moml.MoMLSimpleApplication@7b0c5ec5
reloadAllAccessors: .ContinuousInDE3

===========================================================================================
----------------- testing Wed Sep 19 02:11:51 UTC 2018 /home/travis/build/icyphy/ptII/ptolemy/domains/continuous/test/auto/ContinuousInDE4.xml
----------------- Instantiating /home/travis/build/icyphy/ptII/ptolemy/domains/continuous/test/auto/ContinuousInDE4.xml
11 ms. Memory: 872960K Free: 288854K (33%)
----------------- Invoking toplevel() on ptolemy.moml.MoMLSimpleApplication@507f7736
----------------- Done invoking toplevel() on ptolemy.moml.MoMLSimpleApplication@507f7736
reloadAllAccessors: .ContinuousInDE4

===========================================================================================
----------------- testing Wed Sep 19 02:11:51 UTC 2018 /home/travis/build/icyphy/ptII/ptolemy/domains/continuous/test/auto/ContinuousInDEDifferentRefinements.xml
----------------- Instantiating /home/travis/build/icyphy/ptII/ptolemy/domains/continuous/test/auto/ContinuousInDEDifferentRefinements.xml
67 ms. Memory: 872960K Free: 252145K (29%)
----------------- Invoking toplevel() on ptolemy.moml.MoMLSimpleApplication@4e9bf28e
----------------- Done invoking toplevel() on ptolemy.moml.MoMLSimpleApplication@4e9bf28e
reloadAllAccessors: .ContinuousInDEDifferentRefinements

===========================================================================================
----------------- testing Wed Sep 19 02:11:51 UTC 2018 /home/travis/build/icyphy/ptII/ptolemy/domains/continuous/test/auto/ContinuousInDEDifferentRefinementsPreemptive.xml
----------------- Instantiating /home/travis/build/icyphy/ptII/ptolemy/domains/continuous/test/auto/ContinuousInDEDifferentRefinementsPreemptive.xml
54 ms. Memory: 872960K Free: 212001K (24%)
----------------- Invoking toplevel() on ptolemy.moml.MoMLSimpleApplication@25299a5e
----------------- Done invoking toplevel() on ptolemy.moml.MoMLSimpleApplication@25299a5e
reloadAllAccessors: .ContinuousInDEDifferentRefinementsPreemptive

===========================================================================================
----------------- testing Wed Sep 19 02:11:52 UTC 2018 /home/travis/build/icyphy/ptII/ptolemy/domains/continuous/test/auto/ContinuousInDEInContinuous2.xml
----------------- Instantiating /home/travis/build/icyphy/ptII/ptolemy/domains/continuous/test/auto/ContinuousInDEInContinuous2.xml
37 ms. Memory: 872960K Free: 196266K (22%)
----------------- Invoking toplevel() on ptolemy.moml.MoMLSimpleApplication@462cf783
----------------- Done invoking toplevel() on ptolemy.moml.MoMLSimpleApplication@462cf783
reloadAllAccessors: .ContinuousInDEInContinuous2

===========================================================================================
----------------- testing Wed Sep 19 02:11:52 UTC 2018 /home/travis/build/icyphy/ptII/ptolemy/domains/continuous/test/auto/ContinuousInDEInContinuous3.xml
----------------- Instantiating /home/travis/build/icyphy/ptII/ptolemy/domains/continuous/test/auto/ContinuousInDEInContinuous3.xml
40 ms. Memory: 872960K Free: 175292K (20%)
----------------- Invoking toplevel() on ptolemy.moml.MoMLSimpleApplication@5bbccbcb
----------------- Done invoking toplevel() on ptolemy.moml.MoMLSimpleApplication@5bbccbcb
reloadAllAccessors: .ContinuousInDEInContinuous3

===========================================================================================
----------------- testing Wed Sep 19 02:11:52 UTC 2018 /home/travis/build/icyphy/ptII/ptolemy/domains/continuous/test/auto/ContinuousInDEInput.xml
----------------- Instantiating /home/travis/build/icyphy/ptII/ptolemy/domains/continuous/test/auto/ContinuousInDEInput.xml
16 ms. Memory: 872960K Free: 164813K (19%)
----------------- Invoking toplevel() on ptolemy.moml.MoMLSimpleApplication@61169229
----------------- Done invoking toplevel() on ptolemy.moml.MoMLSimpleApplication@61169229
reloadAllAccessors: .ContinuousInDEInput

===========================================================================================
----------------- testing Wed Sep 19 02:11:52 UTC 2018 /home/travis/build/icyphy/ptII/ptolemy/domains/continuous/test/auto/ContinuousInDEInput2.xml
----------------- Instantiating /home/travis/build/icyphy/ptII/ptolemy/domains/continuous/test/auto/ContinuousInDEInput2.xml
12 ms. Memory: 872960K Free: 150906K (17%)
----------------- Invoking toplevel() on ptolemy.moml.MoMLSimpleApplication@53e61056
----------------- Done invoking toplevel() on ptolemy.moml.MoMLSimpleApplication@53e61056
reloadAllAccessors: .ContinuousInDEInput2

===========================================================================================
----------------- testing Wed Sep 19 02:11:52 UTC 2018 /home/travis/build/icyphy/ptII/ptolemy/domains/continuous/test/auto/ContinuousInDEInput3.xml
----------------- Instantiating /home/travis/build/icyphy/ptII/ptolemy/domains/continuous/test/auto/ContinuousInDEInput3.xml
14 ms. Memory: 872960K Free: 140427K (16%)
----------------- Invoking toplevel() on ptolemy.moml.MoMLSimpleApplication@5c4531aa
----------------- Done invoking toplevel() on ptolemy.moml.MoMLSimpleApplication@5c4531aa
reloadAllAccessors: .ContinuousInDEInput3

===========================================================================================
----------------- testing Wed Sep 19 02:11:52 UTC 2018 /home/travis/build/icyphy/ptII/ptolemy/domains/continuous/test/auto/ContinuousInDESharingRefinement.xml
----------------- Instantiating /home/travis/build/icyphy/ptII/ptolemy/domains/continuous/test/auto/ContinuousInDESharingRefinement.xml
153 ms. Memory: 829952K Free: 783866K (94%)
----------------- Invoking toplevel() on ptolemy.moml.MoMLSimpleApplication@79f6a9b5
----------------- Done invoking toplevel() on ptolemy.moml.MoMLSimpleApplication@79f6a9b5
reloadAllAccessors: .ContinuousInDESharingRefinement

===========================================================================================
----------------- testing Wed Sep 19 02:11:52 UTC 2018 /home/travis/build/icyphy/ptII/ptolemy/domains/continuous/test/auto/ContinuousInDEwithNoPorts.xml
----------------- Instantiating /home/travis/build/icyphy/ptII/ptolemy/domains/continuous/test/auto/ContinuousInDEwithNoPorts.xml
5 ms. Memory: 829952K Free: 771642K (93%)
----------------- Invoking toplevel() on ptolemy.moml.MoMLSimpleApplication@3443cb87
----------------- Done invoking toplevel() on ptolemy.moml.MoMLSimpleApplication@3443cb87
reloadAllAccessors: .ContinuousInDEwithNoPorts

===========================================================================================
----------------- testing Wed Sep 19 02:11:52 UTC 2018 /home/travis/build/icyphy/ptII/ptolemy/domains/continuous/test/auto/ContinuousInsideDE.xml
----------------- Instantiating /home/travis/build/icyphy/ptII/ptolemy/domains/continuous/test/auto/ContinuousInsideDE.xml
50 ms. Memory: 829952K Free: 752757K (91%)
----------------- Invoking toplevel() on ptolemy.moml.MoMLSimpleApplication@323f4f22
----------------- Done invoking toplevel() on ptolemy.moml.MoMLSimpleApplication@323f4f22
reloadAllAccessors: .ContinuousInsideDE

===========================================================================================
----------------- testing Wed Sep 19 02:11:52 UTC 2018 /home/travis/build/icyphy/ptII/ptolemy/domains/continuous/test/auto/ContinuousMerge1.xml
----------------- Instantiating /home/travis/build/icyphy/ptII/ptolemy/domains/continuous/test/auto/ContinuousMerge1.xml
2 ms. Memory: 829952K Free: 743077K (90%)
----------------- Invoking toplevel() on ptolemy.moml.MoMLSimpleApplication@d38e3b0
----------------- Done invoking toplevel() on ptolemy.moml.MoMLSimpleApplication@d38e3b0
reloadAllAccessors: .ContinuousMerge1

===========================================================================================
----------------- testing Wed Sep 19 02:11:52 UTC 2018 /home/travis/build/icyphy/ptII/ptolemy/domains/continuous/test/auto/ContinuousMerge2.xml
----------------- Instantiating /home/travis/build/icyphy/ptII/ptolemy/domains/continuous/test/auto/ContinuousMerge2.xml
13 ms. Memory: 829952K Free: 728074K (88%)
----------------- Invoking toplevel() on ptolemy.moml.MoMLSimpleApplication@206fab70
----------------- Done invoking toplevel() on ptolemy.moml.MoMLSimpleApplication@206fab70
reloadAllAccessors: .ContinuousMerge2

===========================================================================================
----------------- testing Wed Sep 19 02:11:52 UTC 2018 /home/travis/build/icyphy/ptII/ptolemy/domains/continuous/test/auto/ContinuousMerge3.xml
----------------- Instantiating /home/travis/build/icyphy/ptII/ptolemy/domains/continuous/test/auto/ContinuousMerge3.xml
40 ms. Memory: 829952K Free: 713087K (86%)
----------------- Invoking toplevel() on ptolemy.moml.MoMLSimpleApplication@65058348
----------------- Done invoking toplevel() on ptolemy.moml.MoMLSimpleApplication@65058348
reloadAllAccessors: .ContinuousMerge3

===========================================================================================
----------------- testing Wed Sep 19 02:11:52 UTC 2018 /home/travis/build/icyphy/ptII/ptolemy/domains/continuous/test/auto/ContinuousWithinContinuous.xml
----------------- Instantiating /home/travis/build/icyphy/ptII/ptolemy/domains/continuous/test/auto/ContinuousWithinContinuous.xml
42 ms. Memory: 829952K Free: 695922K (84%)
----------------- Invoking toplevel() on ptolemy.moml.MoMLSimpleApplication@29ede8ff
----------------- Done invoking toplevel() on ptolemy.moml.MoMLSimpleApplication@29ede8ff
reloadAllAccessors: .ContinuousWithinContinuous

===========================================================================================
----------------- testing Wed Sep 19 02:11:52 UTC 2018 /home/travis/build/icyphy/ptII/ptolemy/domains/continuous/test/auto/ContinuousWithinContinuous2.xml
----------------- Instantiating /home/travis/build/icyphy/ptII/ptolemy/domains/continuous/test/auto/ContinuousWithinContinuous2.xml
70 ms. Memory: 829952K Free: 684694K (82%)
----------------- Invoking toplevel() on ptolemy.moml.MoMLSimpleApplication@5b3dccce
----------------- Done invoking toplevel() on ptolemy.moml.MoMLSimpleApplication@5b3dccce
reloadAllAccessors: .ContinuousWithinContinuous2

===========================================================================================
----------------- testing Wed Sep 19 02:11:52 UTC 2018 /home/travis/build/icyphy/ptII/ptolemy/domains/continuous/test/auto/ContinuousWithinContinuous3.xml
----------------- Instantiating /home/travis/build/icyphy/ptII/ptolemy/domains/continuous/test/auto/ContinuousWithinContinuous3.xml
12 ms. Memory: 829952K Free: 669723K (81%)
----------------- Invoking toplevel() on ptolemy.moml.MoMLSimpleApplication@502349d1
----------------- Done invoking toplevel() on ptolemy.moml.MoMLSimpleApplication@502349d1
reloadAllAccessors: .ContinuousWithinContinuous3

===========================================================================================
----------------- testing Wed Sep 19 02:11:52 UTC 2018 /home/travis/build/icyphy/ptII/ptolemy/domains/continuous/test/auto/ContinuousWithinContinuous4.xml
----------------- Instantiating /home/travis/build/icyphy/ptII/ptolemy/domains/continuous/test/auto/ContinuousWithinContinuous4.xml
72 ms. Memory: 829952K Free: 648815K (78%)
----------------- Invoking toplevel() on ptolemy.moml.MoMLSimpleApplication@611722df
----------------- Done invoking toplevel() on ptolemy.moml.MoMLSimpleApplication@611722df
reloadAllAccessors: .ContinuousWithinContinuous4

===========================================================================================
----------------- testing Wed Sep 19 02:11:52 UTC 2018 /home/travis/build/icyphy/ptII/ptolemy/domains/continuous/test/auto/ContinuousWithinContinuous5.xml
----------------- Instantiating /home/travis/build/icyphy/ptII/ptolemy/domains/continuous/test/auto/ContinuousWithinContinuous5.xml
12 ms. Memory: 829952K Free: 637571K (77%)
----------------- Invoking toplevel() on ptolemy.moml.MoMLSimpleApplication@1094b97
----------------- Done invoking toplevel() on ptolemy.moml.MoMLSimpleApplication@1094b97
reloadAllAccessors: .ContinuousWithinContinuous5

===========================================================================================
----------------- testing Wed Sep 19 02:11:53 UTC 2018 /home/travis/build/icyphy/ptII/ptolemy/domains/continuous/test/auto/ContinuousWithinContinuous6.xml
----------------- Instantiating /home/travis/build/icyphy/ptII/ptolemy/domains/continuous/test/auto/ContinuousWithinContinuous6.xml
11 ms. Memory: 829952K Free: 624133K (75%)
----------------- Invoking toplevel() on ptolemy.moml.MoMLSimpleApplication@5c970e1
----------------- Done invoking toplevel() on ptolemy.moml.MoMLSimpleApplication@5c970e1
reloadAllAccessors: .ContinuousWithinContinuous6

===========================================================================================
----------------- testing Wed Sep 19 02:11:53 UTC 2018 /home/travis/build/icyphy/ptII/ptolemy/domains/continuous/test/auto/ContinuousWithinContinuous7.xml
----------------- Instantiating /home/travis/build/icyphy/ptII/ptolemy/domains/continuous/test/auto/ContinuousWithinContinuous7.xml
52 ms. Memory: 829952K Free: 609161K (73%)
----------------- Invoking toplevel() on ptolemy.moml.MoMLSimpleApplication@219249c7
----------------- Done invoking toplevel() on ptolemy.moml.MoMLSimpleApplication@219249c7
reloadAllAccessors: .ContinuousWithinContinuous7

===========================================================================================
----------------- testing Wed Sep 19 02:11:53 UTC 2018 /home/travis/build/icyphy/ptII/ptolemy/domains/continuous/test/auto/DCMotor.xml
----------------- Instantiating /home/travis/build/icyphy/ptII/ptolemy/domains/continuous/test/auto/DCMotor.xml
12800 ms. Memory: 668160K Free: 559038K (84%)
----------------- Invoking toplevel() on ptolemy.moml.MoMLSimpleApplication@286eb00e
----------------- Done invoking toplevel() on ptolemy.moml.MoMLSimpleApplication@286eb00e
reloadAllAccessors: .DCMotor

===========================================================================================
----------------- testing Wed Sep 19 02:12:05 UTC 2018 /home/travis/build/icyphy/ptII/ptolemy/domains/continuous/test/auto/DEInContinuous.xml
----------------- Instantiating /home/travis/build/icyphy/ptII/ptolemy/domains/continuous/test/auto/DEInContinuous.xml
15 ms. Memory: 668160K Free: 544426K (81%)
----------------- Invoking toplevel() on ptolemy.moml.MoMLSimpleApplication@a5af7cd
----------------- Done invoking toplevel() on ptolemy.moml.MoMLSimpleApplication@a5af7cd
reloadAllAccessors: .DEInContinuous

===========================================================================================
----------------- testing Wed Sep 19 02:12:06 UTC 2018 /home/travis/build/icyphy/ptII/ptolemy/domains/continuous/test/auto/DEinContinuous2.xml
----------------- Instantiating /home/travis/build/icyphy/ptII/ptolemy/domains/continuous/test/auto/DEinContinuous2.xml
7 ms. Memory: 668160K Free: 525633K (79%)
----------------- Invoking toplevel() on ptolemy.moml.MoMLSimpleApplication@3f7d1f82
----------------- Done invoking toplevel() on ptolemy.moml.MoMLSimpleApplication@3f7d1f82
reloadAllAccessors: .DEinContinuous2

===========================================================================================
----------------- testing Wed Sep 19 02:12:06 UTC 2018 /home/travis/build/icyphy/ptII/ptolemy/domains/continuous/test/auto/Derivative.xml
----------------- Instantiating /home/travis/build/icyphy/ptII/ptolemy/domains/continuous/test/auto/Derivative.xml
153 ms. Memory: 668160K Free: 483317K (72%)
----------------- Invoking toplevel() on ptolemy.moml.MoMLSimpleApplication@17741966
----------------- Done invoking toplevel() on ptolemy.moml.MoMLSimpleApplication@17741966
reloadAllAccessors: .Derivative2

===========================================================================================
----------------- testing Wed Sep 19 02:12:06 UTC 2018 /home/travis/build/icyphy/ptII/ptolemy/domains/continuous/test/auto/Derivative1.xml
----------------- Instantiating /home/travis/build/icyphy/ptII/ptolemy/domains/continuous/test/auto/Derivative1.xml
32 ms. Memory: 668160K Free: 465698K (70%)
----------------- Invoking toplevel() on ptolemy.moml.MoMLSimpleApplication@366c1286
----------------- Done invoking toplevel() on ptolemy.moml.MoMLSimpleApplication@366c1286
reloadAllAccessors: .Derivative1

===========================================================================================
----------------- testing Wed Sep 19 02:12:06 UTC 2018 /home/travis/build/icyphy/ptII/ptolemy/domains/continuous/test/auto/DiscreteClock.xml
----------------- Instantiating /home/travis/build/icyphy/ptII/ptolemy/domains/continuous/test/auto/DiscreteClock.xml
5 ms. Memory: 668160K Free: 452788K (68%)
----------------- Invoking toplevel() on ptolemy.moml.MoMLSimpleApplication@55df8de
----------------- Done invoking toplevel() on ptolemy.moml.MoMLSimpleApplication@55df8de
reloadAllAccessors: .DiscreteClock

===========================================================================================
----------------- testing Wed Sep 19 02:12:06 UTC 2018 /home/travis/build/icyphy/ptII/ptolemy/domains/continuous/test/auto/EfficiencyCurve.xml
----------------- Instantiating /home/travis/build/icyphy/ptII/ptolemy/domains/continuous/test/auto/EfficiencyCurve.xml
58 ms. Memory: 668160K Free: 439878K (66%)
----------------- Invoking toplevel() on ptolemy.moml.MoMLSimpleApplication@f04de8
----------------- Done invoking toplevel() on ptolemy.moml.MoMLSimpleApplication@f04de8
reloadAllAccessors: .EfficiencyCurve

===========================================================================================
----------------- testing Wed Sep 19 02:12:06 UTC 2018 /home/travis/build/icyphy/ptII/ptolemy/domains/continuous/test/auto/ExponentialResponse.xml
----------------- Instantiating /home/travis/build/icyphy/ptII/ptolemy/domains/continuous/test/auto/ExponentialResponse.xml
99 ms. Memory: 668160K Free: 416408K (62%)
----------------- Invoking toplevel() on ptolemy.moml.MoMLSimpleApplication@31fcc34
----------------- Done invoking toplevel() on ptolemy.moml.MoMLSimpleApplication@31fcc34
reloadAllAccessors: .ExponentialResponse

===========================================================================================
----------------- testing Wed Sep 19 02:12:06 UTC 2018 /home/travis/build/icyphy/ptII/ptolemy/domains/continuous/test/auto/ExponentialResponseRK45.xml
----------------- Instantiating /home/travis/build/icyphy/ptII/ptolemy/domains/continuous/test/auto/ExponentialResponseRK45.xml
25 ms. Memory: 668160K Free: 403498K (60%)
----------------- Invoking toplevel() on ptolemy.moml.MoMLSimpleApplication@66c36f1c
----------------- Done invoking toplevel() on ptolemy.moml.MoMLSimpleApplication@66c36f1c
reloadAllAccessors: .ExponentialResponseRK45

===========================================================================================
----------------- testing Wed Sep 19 02:12:06 UTC 2018 /home/travis/build/icyphy/ptII/ptolemy/domains/continuous/test/auto/Friction.xml
----------------- Instantiating /home/travis/build/icyphy/ptII/ptolemy/domains/continuous/test/auto/Friction.xml
1332 ms. Memory: 647168K Free: 520056K (80%)
----------------- Invoking toplevel() on ptolemy.moml.MoMLSimpleApplication@628613d7
----------------- Done invoking toplevel() on ptolemy.moml.MoMLSimpleApplication@628613d7
reloadAllAccessors: .Friction

===========================================================================================
----------------- testing Wed Sep 19 02:12:08 UTC 2018 /home/travis/build/icyphy/ptII/ptolemy/domains/continuous/test/auto/FurutaPendulum.xml
----------------- Instantiating /home/travis/build/icyphy/ptII/ptolemy/domains/continuous/test/auto/FurutaPendulum.xml
3203 ms. Memory: 617472K Free: 561358K (91%)
----------------- Invoking toplevel() on ptolemy.moml.MoMLSimpleApplication@135a2162
----------------- Done invoking toplevel() on ptolemy.moml.MoMLSimpleApplication@135a2162
reloadAllAccessors: .FurutaPendulum

===========================================================================================
----------------- testing Wed Sep 19 02:12:11 UTC 2018 /home/travis/build/icyphy/ptII/ptolemy/domains/continuous/test/auto/HierarchicalExecution.xml
----------------- Instantiating /home/travis/build/icyphy/ptII/ptolemy/domains/continuous/test/auto/HierarchicalExecution.xml
1721 ms. Memory: 617472K Free: 272808K (44%)
----------------- Invoking toplevel() on ptolemy.moml.MoMLSimpleApplication@677998d0
----------------- Done invoking toplevel() on ptolemy.moml.MoMLSimpleApplication@677998d0
reloadAllAccessors: .HierarchicalExecution

===========================================================================================
----------------- testing Wed Sep 19 02:12:13 UTC 2018 /home/travis/build/icyphy/ptII/ptolemy/domains/continuous/test/auto/HybridPlant.xml
----------------- Instantiating /home/travis/build/icyphy/ptII/ptolemy/domains/continuous/test/auto/HybridPlant.xml
465 ms. Memory: 589824K Free: 502023K (85%)
----------------- Invoking toplevel() on ptolemy.moml.MoMLSimpleApplication@4821fa42
----------------- Done invoking toplevel() on ptolemy.moml.MoMLSimpleApplication@4821fa42
reloadAllAccessors: .HybridPlant

===========================================================================================
----------------- testing Wed Sep 19 02:12:13 UTC 2018 /home/travis/build/icyphy/ptII/ptolemy/domains/continuous/test/auto/Hysteresis.xml
----------------- Instantiating /home/travis/build/icyphy/ptII/ptolemy/domains/continuous/test/auto/Hysteresis.xml
140 ms. Memory: 589824K Free: 438501K (74%)
----------------- Invoking toplevel() on ptolemy.moml.MoMLSimpleApplication@56b102c8
----------------- Done invoking toplevel() on ptolemy.moml.MoMLSimpleApplication@56b102c8
reloadAllAccessors: .Hysteresis

===========================================================================================
----------------- testing Wed Sep 19 02:12:14 UTC 2018 /home/travis/build/icyphy/ptII/ptolemy/domains/continuous/test/auto/HysteresisWithRandomDelay.xml
----------------- Instantiating /home/travis/build/icyphy/ptII/ptolemy/domains/continuous/test/auto/HysteresisWithRandomDelay.xml
147 ms. Memory: 589824K Free: 361157K (61%)
----------------- Invoking toplevel() on ptolemy.moml.MoMLSimpleApplication@74de9995
----------------- Done invoking toplevel() on ptolemy.moml.MoMLSimpleApplication@74de9995
reloadAllAccessors: .HysteresisWithRandomDelay

===========================================================================================
----------------- testing Wed Sep 19 02:12:14 UTC 2018 /home/travis/build/icyphy/ptII/ptolemy/domains/continuous/test/auto/HysteresisWithRandomLosses.xml
----------------- Instantiating /home/travis/build/icyphy/ptII/ptolemy/domains/continuous/test/auto/HysteresisWithRandomLosses.xml
2109 ms. Memory: 568320K Free: 100107K (18%)
----------------- Invoking toplevel() on ptolemy.moml.MoMLSimpleApplication@2dc0360e
----------------- Done invoking toplevel() on ptolemy.moml.MoMLSimpleApplication@2dc0360e
reloadAllAccessors: .HysteresisWithRandomLosses

===========================================================================================
----------------- testing Wed Sep 19 02:12:16 UTC 2018 /home/travis/build/icyphy/ptII/ptolemy/domains/continuous/test/auto/ImmediateTransitions.xml
----------------- Instantiating /home/travis/build/icyphy/ptII/ptolemy/domains/continuous/test/auto/ImmediateTransitions.xml
16 ms. Memory: 568320K Free: 85682K (15%)
----------------- Invoking toplevel() on ptolemy.moml.MoMLSimpleApplication@490590fb
----------------- Done invoking toplevel() on ptolemy.moml.MoMLSimpleApplication@490590fb
reloadAllAccessors: .ImmediateTransitions

===========================================================================================
----------------- testing Wed Sep 19 02:12:16 UTC 2018 /home/travis/build/icyphy/ptII/ptolemy/domains/continuous/test/auto/ImpulseFeedback.xml
----------------- Instantiating /home/travis/build/icyphy/ptII/ptolemy/domains/continuous/test/auto/ImpulseFeedback.xml
10 ms. Memory: 568320K Free: 77562K (14%)
----------------- Invoking toplevel() on ptolemy.moml.MoMLSimpleApplication@72a815cb
----------------- Done invoking toplevel() on ptolemy.moml.MoMLSimpleApplication@72a815cb
reloadAllAccessors: .ImpulseFeedback

===========================================================================================
----------------- testing Wed Sep 19 02:12:16 UTC 2018 /home/travis/build/icyphy/ptII/ptolemy/domains/continuous/test/auto/ImpulseFeedback2.xml
----------------- Instantiating /home/travis/build/icyphy/ptII/ptolemy/domains/continuous/test/auto/ImpulseFeedback2.xml
5 ms. Memory: 568320K Free: 69434K (12%)
----------------- Invoking toplevel() on ptolemy.moml.MoMLSimpleApplication@4a72f20d
----------------- Done invoking toplevel() on ptolemy.moml.MoMLSimpleApplication@4a72f20d
reloadAllAccessors: .ImpulseFeedback2

===========================================================================================
----------------- testing Wed Sep 19 02:12:16 UTC 2018 /home/travis/build/icyphy/ptII/ptolemy/domains/continuous/test/auto/IncreasingRatePoisson.xml
----------------- Instantiating /home/travis/build/icyphy/ptII/ptolemy/domains/continuous/test/auto/IncreasingRatePoisson.xml
587 ms. Memory: 543232K Free: 218481K (40%)
----------------- Invoking toplevel() on ptolemy.moml.MoMLSimpleApplication@6f3e8ba3
----------------- Done invoking toplevel() on ptolemy.moml.MoMLSimpleApplication@6f3e8ba3
reloadAllAccessors: .IncreasingRatePoisson

===========================================================================================
----------------- testing Wed Sep 19 02:12:17 UTC 2018 /home/travis/build/icyphy/ptII/ptolemy/domains/continuous/test/auto/InitialStateFeedback.xml
----------------- Instantiating /home/travis/build/icyphy/ptII/ptolemy/domains/continuous/test/auto/InitialStateFeedback.xml
4 ms. Memory: 543232K Free: 210621K (39%)
----------------- Invoking toplevel() on ptolemy.moml.MoMLSimpleApplication@1232765d
----------------- Done invoking toplevel() on ptolemy.moml.MoMLSimpleApplication@1232765d
reloadAllAccessors: .InitialStateFeedback

===========================================================================================
----------------- testing Wed Sep 19 02:12:17 UTC 2018 /home/travis/build/icyphy/ptII/ptolemy/domains/continuous/test/auto/Integration.xml
----------------- Instantiating /home/travis/build/icyphy/ptII/ptolemy/domains/continuous/test/auto/Integration.xml
1 ms. Memory: 543232K Free: 202762K (37%)
----------------- Invoking toplevel() on ptolemy.moml.MoMLSimpleApplication@7a696f05
----------------- Done invoking toplevel() on ptolemy.moml.MoMLSimpleApplication@7a696f05
reloadAllAccessors: .Integration

===========================================================================================
----------------- testing Wed Sep 19 02:12:17 UTC 2018 /home/travis/build/icyphy/ptII/ptolemy/domains/continuous/test/auto/Integration2.xml
----------------- Instantiating /home/travis/build/icyphy/ptII/ptolemy/domains/continuous/test/auto/Integration2.xml
76 ms. Memory: 543232K Free: 185819K (34%)
----------------- Invoking toplevel() on ptolemy.moml.MoMLSimpleApplication@7478e862
----------------- Done invoking toplevel() on ptolemy.moml.MoMLSimpleApplication@7478e862
reloadAllAccessors: .Integration2

===========================================================================================
----------------- testing Wed Sep 19 02:12:17 UTC 2018 /home/travis/build/icyphy/ptII/ptolemy/domains/continuous/test/auto/Integration3.xml
----------------- Instantiating /home/travis/build/icyphy/ptII/ptolemy/domains/continuous/test/auto/Integration3.xml
2 ms. Memory: 543232K Free: 177960K (33%)
----------------- Invoking toplevel() on ptolemy.moml.MoMLSimpleApplication@774450e2
----------------- Done invoking toplevel() on ptolemy.moml.MoMLSimpleApplication@774450e2
reloadAllAccessors: .Integration3

===========================================================================================
----------------- testing Wed Sep 19 02:12:17 UTC 2018 /home/travis/build/icyphy/ptII/ptolemy/domains/continuous/test/auto/Integration5.xml
----------------- Instantiating /home/travis/build/icyphy/ptII/ptolemy/domains/continuous/test/auto/Integration5.xml
3 ms. Memory: 543232K Free: 170269K (31%)
----------------- Invoking toplevel() on ptolemy.moml.MoMLSimpleApplication@7f68e9f6
----------------- Done invoking toplevel() on ptolemy.moml.MoMLSimpleApplication@7f68e9f6
reloadAllAccessors: .Integration5

===========================================================================================
----------------- testing Wed Sep 19 02:12:17 UTC 2018 /home/travis/build/icyphy/ptII/ptolemy/domains/continuous/test/auto/IntegratorImpulse.xml
----------------- Instantiating /home/travis/build/icyphy/ptII/ptolemy/domains/continuous/test/auto/IntegratorImpulse.xml
2 ms. Memory: 543232K Free: 162410K (30%)
----------------- Invoking toplevel() on ptolemy.moml.MoMLSimpleApplication@64d332aa
----------------- Done invoking toplevel() on ptolemy.moml.MoMLSimpleApplication@64d332aa
reloadAllAccessors: .IntegratorImpulse

===========================================================================================
----------------- testing Wed Sep 19 02:12:17 UTC 2018 /home/travis/build/icyphy/ptII/ptolemy/domains/continuous/test/auto/IntegratorImpulse2.xml
----------------- Instantiating /home/travis/build/icyphy/ptII/ptolemy/domains/continuous/test/auto/IntegratorImpulse2.xml
4 ms. Memory: 543232K Free: 154558K (28%)
----------------- Invoking toplevel() on ptolemy.moml.MoMLSimpleApplication@7a505554
----------------- Done invoking toplevel() on ptolemy.moml.MoMLSimpleApplication@7a505554
reloadAllAccessors: .IntegratorImpulse2

===========================================================================================
----------------- testing Wed Sep 19 02:12:17 UTC 2018 /home/travis/build/icyphy/ptII/ptolemy/domains/continuous/test/auto/LevelCrossing1.xml
----------------- Instantiating /home/travis/build/icyphy/ptII/ptolemy/domains/continuous/test/auto/LevelCrossing1.xml
2 ms. Memory: 543232K Free: 146868K (27%)
----------------- Invoking toplevel() on ptolemy.moml.MoMLSimpleApplication@5d04a7da
----------------- Done invoking toplevel() on ptolemy.moml.MoMLSimpleApplication@5d04a7da
reloadAllAccessors: .LevelCrossing1

===========================================================================================
----------------- testing Wed Sep 19 02:12:17 UTC 2018 /home/travis/build/icyphy/ptII/ptolemy/domains/continuous/test/auto/LevelCrossing2.xml
----------------- Instantiating /home/travis/build/icyphy/ptII/ptolemy/domains/continuous/test/auto/LevelCrossing2.xml
3 ms. Memory: 543232K Free: 139009K (26%)
----------------- Invoking toplevel() on ptolemy.moml.MoMLSimpleApplication@7f06e0
----------------- Done invoking toplevel() on ptolemy.moml.MoMLSimpleApplication@7f06e0
reloadAllAccessors: .LevelCrossing2

===========================================================================================
----------------- testing Wed Sep 19 02:12:17 UTC 2018 /home/travis/build/icyphy/ptII/ptolemy/domains/continuous/test/auto/LevelCrossing3.xml
----------------- Instantiating /home/travis/build/icyphy/ptII/ptolemy/domains/continuous/test/auto/LevelCrossing3.xml
4 ms. Memory: 543232K Free: 131310K (24%)
----------------- Invoking toplevel() on ptolemy.moml.MoMLSimpleApplication@7152fceb
----------------- Done invoking toplevel() on ptolemy.moml.MoMLSimpleApplication@7152fceb
reloadAllAccessors: .LevelCrossing3

===========================================================================================
----------------- testing Wed Sep 19 02:12:17 UTC 2018 /home/travis/build/icyphy/ptII/ptolemy/domains/continuous/test/auto/LevelCrossing4.xml
----------------- Instantiating /home/travis/build/icyphy/ptII/ptolemy/domains/continuous/test/auto/LevelCrossing4.xml
3 ms. Memory: 543232K Free: 123466K (23%)
----------------- Invoking toplevel() on ptolemy.moml.MoMLSimpleApplication@6fad5067
----------------- Done invoking toplevel() on ptolemy.moml.MoMLSimpleApplication@6fad5067
reloadAllAccessors: .LevelCrossing4

===========================================================================================
----------------- testing Wed Sep 19 02:12:17 UTC 2018 /home/travis/build/icyphy/ptII/ptolemy/domains/continuous/test/auto/LevelCrossing5.xml
----------------- Instantiating /home/travis/build/icyphy/ptII/ptolemy/domains/continuous/test/auto/LevelCrossing5.xml
3 ms. Memory: 543232K Free: 115615K (21%)
----------------- Invoking toplevel() on ptolemy.moml.MoMLSimpleApplication@4f118e1
----------------- Done invoking toplevel() on ptolemy.moml.MoMLSimpleApplication@4f118e1
reloadAllAccessors: .LevelCrossing5

===========================================================================================
----------------- testing Wed Sep 19 02:12:17 UTC 2018 /home/travis/build/icyphy/ptII/ptolemy/domains/continuous/test/auto/LevelCrossing6.xml
----------------- Instantiating /home/travis/build/icyphy/ptII/ptolemy/domains/continuous/test/auto/LevelCrossing6.xml
2 ms. Memory: 543232K Free: 107909K (20%)
[...]
9 ms. Memory: 592896K Free: 514871K (87%)
----------------- Invoking toplevel() on ptolemy.moml.MoMLSimpleApplication@1ec82fcd
----------------- Done invoking toplevel() on ptolemy.moml.MoMLSimpleApplication@1ec82fcd
reloadAllAccessors: .ResetTransitionWithStartTime6

===========================================================================================
----------------- testing Wed Sep 19 02:12:34 UTC 2018 /home/travis/build/icyphy/ptII/ptolemy/domains/continuous/test/auto/SRinContinuous.xml
----------------- Instantiating /home/travis/build/icyphy/ptII/ptolemy/domains/continuous/test/auto/SRinContinuous.xml
4 ms. Memory: 592896K Free: 503677K (85%)
----------------- Invoking toplevel() on ptolemy.moml.MoMLSimpleApplication@6ff95bb4
----------------- Done invoking toplevel() on ptolemy.moml.MoMLSimpleApplication@6ff95bb4
reloadAllAccessors: .SRinContinuous

===========================================================================================
----------------- testing Wed Sep 19 02:12:34 UTC 2018 /home/travis/build/icyphy/ptII/ptolemy/domains/continuous/test/auto/SampledClocks.xml
----------------- Instantiating /home/travis/build/icyphy/ptII/ptolemy/domains/continuous/test/auto/SampledClocks.xml
6 ms. Memory: 592896K Free: 489156K (83%)
----------------- Invoking toplevel() on ptolemy.moml.MoMLSimpleApplication@3b05eb73
----------------- Done invoking toplevel() on ptolemy.moml.MoMLSimpleApplication@3b05eb73
reloadAllAccessors: .SampledClocks

===========================================================================================
----------------- testing Wed Sep 19 02:12:34 UTC 2018 /home/travis/build/icyphy/ptII/ptolemy/domains/continuous/test/auto/Satellite.xml
----------------- Instantiating /home/travis/build/icyphy/ptII/ptolemy/domains/continuous/test/auto/Satellite.xml
766 ms. Memory: 592896K Free: 310884K (52%)
----------------- Invoking toplevel() on ptolemy.moml.MoMLSimpleApplication@871a73d
----------------- Done invoking toplevel() on ptolemy.moml.MoMLSimpleApplication@871a73d
reloadAllAccessors: .Satellite

===========================================================================================
----------------- testing Wed Sep 19 02:12:34 UTC 2018 /home/travis/build/icyphy/ptII/ptolemy/domains/continuous/test/auto/SigmaDelta.xml
----------------- Instantiating /home/travis/build/icyphy/ptII/ptolemy/domains/continuous/test/auto/SigmaDelta.xml
2095 ms. Memory: 575488K Free: 424302K (74%)
----------------- Invoking toplevel() on ptolemy.moml.MoMLSimpleApplication@94cd563
----------------- Done invoking toplevel() on ptolemy.moml.MoMLSimpleApplication@94cd563
reloadAllAccessors: .SigmaDelta

===========================================================================================
----------------- testing Wed Sep 19 02:12:37 UTC 2018 /home/travis/build/icyphy/ptII/ptolemy/domains/continuous/test/auto/SinuBouncingBall.xml
----------------- Instantiating /home/travis/build/icyphy/ptII/ptolemy/domains/continuous/test/auto/SinuBouncingBall.xml
700 ms. Memory: 575488K Free: 198981K (35%)
----------------- Invoking toplevel() on ptolemy.moml.MoMLSimpleApplication@1d72e3b9
----------------- Done invoking toplevel() on ptolemy.moml.MoMLSimpleApplication@1d72e3b9
reloadAllAccessors: .SinuBouncingBall

===========================================================================================
----------------- testing Wed Sep 19 02:12:38 UTC 2018 /home/travis/build/icyphy/ptII/ptolemy/domains/continuous/test/auto/Sinusoid.xml
----------------- Instantiating /home/travis/build/icyphy/ptII/ptolemy/domains/continuous/test/auto/Sinusoid.xml
5 ms. Memory: 575488K Free: 193142K (34%)
----------------- Invoking toplevel() on ptolemy.moml.MoMLSimpleApplication@2bb3a732
----------------- Done invoking toplevel() on ptolemy.moml.MoMLSimpleApplication@2bb3a732
reloadAllAccessors: .Sinusoid

===========================================================================================
----------------- testing Wed Sep 19 02:12:38 UTC 2018 /home/travis/build/icyphy/ptII/ptolemy/domains/continuous/test/auto/SinusoidInNoise.xml
----------------- Instantiating /home/travis/build/icyphy/ptII/ptolemy/domains/continuous/test/auto/SinusoidInNoise.xml
868 ms. Memory: 547840K Free: 451349K (82%)
----------------- Invoking toplevel() on ptolemy.moml.MoMLSimpleApplication@44afafab
----------------- Done invoking toplevel() on ptolemy.moml.MoMLSimpleApplication@44afafab
reloadAllAccessors: .SinusoidInNoise

===========================================================================================
----------------- testing Wed Sep 19 02:12:38 UTC 2018 /home/travis/build/icyphy/ptII/ptolemy/domains/continuous/test/auto/SinusoidRK45.xml
----------------- Instantiating /home/travis/build/icyphy/ptII/ptolemy/domains/continuous/test/auto/SinusoidRK45.xml
2 ms. Memory: 547840K Free: 442934K (81%)
----------------- Invoking toplevel() on ptolemy.moml.MoMLSimpleApplication@465ee465
----------------- Done invoking toplevel() on ptolemy.moml.MoMLSimpleApplication@465ee465
reloadAllAccessors: .SinusoidRK45

===========================================================================================
----------------- testing Wed Sep 19 02:12:38 UTC 2018 /home/travis/build/icyphy/ptII/ptolemy/domains/continuous/test/auto/SinusoidWithMultipleImpulses.xml
----------------- Instantiating /home/travis/build/icyphy/ptII/ptolemy/domains/continuous/test/auto/SinusoidWithMultipleImpulses.xml
5 ms. Memory: 547840K Free: 432700K (79%)
----------------- Invoking toplevel() on ptolemy.moml.MoMLSimpleApplication@1a966efe
----------------- Done invoking toplevel() on ptolemy.moml.MoMLSimpleApplication@1a966efe
reloadAllAccessors: .SinusoidWithMultipleImpulses

===========================================================================================
----------------- testing Wed Sep 19 02:12:38 UTC 2018 /home/travis/build/icyphy/ptII/ptolemy/domains/continuous/test/auto/SquareWave.xml
----------------- Instantiating /home/travis/build/icyphy/ptII/ptolemy/domains/continuous/test/auto/SquareWave.xml
165 ms. Memory: 547840K Free: 403837K (74%)
----------------- Invoking toplevel() on ptolemy.moml.MoMLSimpleApplication@6ea54633
----------------- Done invoking toplevel() on ptolemy.moml.MoMLSimpleApplication@6ea54633
reloadAllAccessors: .SquareWave

===========================================================================================
----------------- testing Wed Sep 19 02:12:39 UTC 2018 /home/travis/build/icyphy/ptII/ptolemy/domains/continuous/test/auto/Starmac.xml
----------------- Instantiating /home/travis/build/icyphy/ptII/ptolemy/domains/continuous/test/auto/Starmac.xml
3047 ms. Memory: 547840K Free: 46154K (8%)
----------------- Invoking toplevel() on ptolemy.moml.MoMLSimpleApplication@3134f6a4
----------------- Done invoking toplevel() on ptolemy.moml.MoMLSimpleApplication@3134f6a4
reloadAllAccessors: .Starmac

===========================================================================================
----------------- testing Wed Sep 19 02:12:42 UTC 2018 /home/travis/build/icyphy/ptII/ptolemy/domains/continuous/test/auto/StaticUnits.xml
----------------- Instantiating /home/travis/build/icyphy/ptII/ptolemy/domains/continuous/test/auto/StaticUnits.xml
2074 ms. Memory: 530432K Free: 44387K (8%)
----------------- Invoking toplevel() on ptolemy.moml.MoMLSimpleApplication@a84331c
----------------- Done invoking toplevel() on ptolemy.moml.MoMLSimpleApplication@a84331c
reloadAllAccessors: .StaticUnits

===========================================================================================
----------------- testing Wed Sep 19 02:12:45 UTC 2018 /home/travis/build/icyphy/ptII/ptolemy/domains/continuous/test/auto/StickyMasses.xml
----------------- Instantiating /home/travis/build/icyphy/ptII/ptolemy/domains/continuous/test/auto/StickyMasses.xml
185 ms. Memory: 508928K Free: 404475K (79%)
----------------- Invoking toplevel() on ptolemy.moml.MoMLSimpleApplication@61c7fd45
----------------- Done invoking toplevel() on ptolemy.moml.MoMLSimpleApplication@61c7fd45
reloadAllAccessors: .StickyMasses

===========================================================================================
----------------- testing Wed Sep 19 02:12:45 UTC 2018 /home/travis/build/icyphy/ptII/ptolemy/domains/continuous/test/auto/StopTime.xml
----------------- Instantiating /home/travis/build/icyphy/ptII/ptolemy/domains/continuous/test/auto/StopTime.xml
34 ms. Memory: 508928K Free: 375251K (74%)
----------------- Invoking toplevel() on ptolemy.moml.MoMLSimpleApplication@26e8efcc
----------------- Done invoking toplevel() on ptolemy.moml.MoMLSimpleApplication@26e8efcc
reloadAllAccessors: .StopTime

===========================================================================================
----------------- testing Wed Sep 19 02:12:45 UTC 2018 /home/travis/build/icyphy/ptII/ptolemy/domains/continuous/test/auto/StopTime2.xml
----------------- Instantiating /home/travis/build/icyphy/ptII/ptolemy/domains/continuous/test/auto/StopTime2.xml
30 ms. Memory: 508928K Free: 348862K (69%)
----------------- Invoking toplevel() on ptolemy.moml.MoMLSimpleApplication@7033b975
----------------- Done invoking toplevel() on ptolemy.moml.MoMLSimpleApplication@7033b975
reloadAllAccessors: .StopTime2

===========================================================================================
----------------- testing Wed Sep 19 02:12:45 UTC 2018 /home/travis/build/icyphy/ptII/ptolemy/domains/continuous/test/auto/Switch.xml
----------------- Instantiating /home/travis/build/icyphy/ptII/ptolemy/domains/continuous/test/auto/Switch.xml
45 ms. Memory: 508928K Free: 319670K (63%)
----------------- Invoking toplevel() on ptolemy.moml.MoMLSimpleApplication@5c3bd92e
----------------- Done invoking toplevel() on ptolemy.moml.MoMLSimpleApplication@5c3bd92e
reloadAllAccessors: .Switch

===========================================================================================
----------------- testing Wed Sep 19 02:12:45 UTC 2018 /home/travis/build/icyphy/ptII/ptolemy/domains/continuous/test/auto/Thermostat.xml
----------------- Instantiating /home/travis/build/icyphy/ptII/ptolemy/domains/continuous/test/auto/Thermostat.xml
174 ms. Memory: 508928K Free: 242412K (48%)
----------------- Invoking toplevel() on ptolemy.moml.MoMLSimpleApplication@fed62aa
----------------- Done invoking toplevel() on ptolemy.moml.MoMLSimpleApplication@fed62aa
reloadAllAccessors: .Thermostat

===========================================================================================
----------------- testing Wed Sep 19 02:12:45 UTC 2018 /home/travis/build/icyphy/ptII/ptolemy/domains/continuous/test/auto/TimeDelay.xml
----------------- Instantiating /home/travis/build/icyphy/ptII/ptolemy/domains/continuous/test/auto/TimeDelay.xml
4 ms. Memory: 508928K Free: 232996K (46%)
----------------- Invoking toplevel() on ptolemy.moml.MoMLSimpleApplication@26e3dbca
----------------- Done invoking toplevel() on ptolemy.moml.MoMLSimpleApplication@26e3dbca
reloadAllAccessors: .TimeDelay

===========================================================================================
----------------- testing Wed Sep 19 02:12:45 UTC 2018 /home/travis/build/icyphy/ptII/ptolemy/domains/continuous/test/auto/TimeDelay2.xml
----------------- Instantiating /home/travis/build/icyphy/ptII/ptolemy/domains/continuous/test/auto/TimeDelay2.xml
7 ms. Memory: 508928K Free: 223628K (44%)
----------------- Invoking toplevel() on ptolemy.moml.MoMLSimpleApplication@177fdb47
----------------- Done invoking toplevel() on ptolemy.moml.MoMLSimpleApplication@177fdb47
reloadAllAccessors: .TimeDelay2

===========================================================================================
----------------- testing Wed Sep 19 02:12:45 UTC 2018 /home/travis/build/icyphy/ptII/ptolemy/domains/continuous/test/auto/TimeDelay3.xml
----------------- Instantiating /home/travis/build/icyphy/ptII/ptolemy/domains/continuous/test/auto/TimeDelay3.xml
6 ms. Memory: 508928K Free: 217046K (43%)
----------------- Invoking toplevel() on ptolemy.moml.MoMLSimpleApplication@593133da
----------------- Done invoking toplevel() on ptolemy.moml.MoMLSimpleApplication@593133da
reloadAllAccessors: .TimeDelay3

===========================================================================================
----------------- testing Wed Sep 19 02:12:45 UTC 2018 /home/travis/build/icyphy/ptII/ptolemy/domains/continuous/test/auto/TransferAbsentToInside.xml
----------------- Instantiating /home/travis/build/icyphy/ptII/ptolemy/domains/continuous/test/auto/TransferAbsentToInside.xml
34 ms. Memory: 508928K Free: 156729K (31%)
----------------- Invoking toplevel() on ptolemy.moml.MoMLSimpleApplication@7952a5e0
----------------- Done invoking toplevel() on ptolemy.moml.MoMLSimpleApplication@7952a5e0
reloadAllAccessors: .TransferAbsentToInside

===========================================================================================
----------------- testing Wed Sep 19 02:12:46 UTC 2018 /home/travis/build/icyphy/ptII/ptolemy/domains/continuous/test/auto/Transmission.xml
----------------- Instantiating /home/travis/build/icyphy/ptII/ptolemy/domains/continuous/test/auto/Transmission.xml
704 ms. Memory: 485376K Free: 322695K (66%)
----------------- Invoking toplevel() on ptolemy.moml.MoMLSimpleApplication@32d0bc13
----------------- Done invoking toplevel() on ptolemy.moml.MoMLSimpleApplication@32d0bc13
reloadAllAccessors: .Transmission

===========================================================================================
----------------- testing Wed Sep 19 02:12:46 UTC 2018 /home/travis/build/icyphy/ptII/ptolemy/domains/continuous/test/auto/TriggeredContinuousClock.xml
----------------- Instantiating /home/travis/build/icyphy/ptII/ptolemy/domains/continuous/test/auto/TriggeredContinuousClock.xml
36 ms. Memory: 485376K Free: 285160K (59%)
----------------- Invoking toplevel() on ptolemy.moml.MoMLSimpleApplication@4fb1bebe
----------------- Done invoking toplevel() on ptolemy.moml.MoMLSimpleApplication@4fb1bebe
reloadAllAccessors: .TriggeredContinuousClock

===========================================================================================
----------------- testing Wed Sep 19 02:12:46 UTC 2018 /home/travis/build/icyphy/ptII/ptolemy/domains/continuous/test/auto/TwoMachineInfiniteBusControl.xml
----------------- Instantiating /home/travis/build/icyphy/ptII/ptolemy/domains/continuous/test/auto/TwoMachineInfiniteBusControl.xml
2699 ms. Memory: 467968K Free: 118270K (25%)
----------------- Invoking toplevel() on ptolemy.moml.MoMLSimpleApplication@70fe4760
----------------- Done invoking toplevel() on ptolemy.moml.MoMLSimpleApplication@70fe4760
reloadAllAccessors: .TwoMachineInfiniteBusControl

===========================================================================================
----------------- testing Wed Sep 19 02:12:49 UTC 2018 /home/travis/build/icyphy/ptII/ptolemy/domains/continuous/test/auto/V2V.xml
----------------- Instantiating /home/travis/build/icyphy/ptII/ptolemy/domains/continuous/test/auto/V2V.xml
688 ms. Memory: 449536K Free: 287580K (64%)
----------------- Invoking toplevel() on ptolemy.moml.MoMLSimpleApplication@4c6783ff
----------------- Done invoking toplevel() on ptolemy.moml.MoMLSimpleApplication@4c6783ff
reloadAllAccessors: .V2V

===========================================================================================
----------------- testing Wed Sep 19 02:12:50 UTC 2018 /home/travis/build/icyphy/ptII/ptolemy/domains/continuous/test/auto/hierarchicalModalModel.xml
----------------- Instantiating /home/travis/build/icyphy/ptII/ptolemy/domains/continuous/test/auto/hierarchicalModalModel.xml
8 ms. Memory: 449536K Free: 268741K (60%)
----------------- Invoking toplevel() on ptolemy.moml.MoMLSimpleApplication@341438e
----------------- Done invoking toplevel() on ptolemy.moml.MoMLSimpleApplication@341438e
reloadAllAccessors: .hierarchicalModalModel

===========================================================================================
----------------- testing Wed Sep 19 02:12:50 UTC 2018 /home/travis/build/icyphy/ptII/ptolemy/domains/continuous/test/auto/hierarchicalModalModel1.xml
----------------- Instantiating /home/travis/build/icyphy/ptII/ptolemy/domains/continuous/test/auto/hierarchicalModalModel1.xml
14 ms. Memory: 449536K Free: 251249K (56%)
----------------- Invoking toplevel() on ptolemy.moml.MoMLSimpleApplication@625f6bc
----------------- Done invoking toplevel() on ptolemy.moml.MoMLSimpleApplication@625f6bc
reloadAllAccessors: .hierarchicalModalModel1

===========================================================================================
----------------- testing Wed Sep 19 02:12:50 UTC 2018 /home/travis/build/icyphy/ptII/ptolemy/domains/continuous/test/auto/hierarchicalModalModel2.xml
----------------- Instantiating /home/travis/build/icyphy/ptII/ptolemy/domains/continuous/test/auto/hierarchicalModalModel2.xml
6 ms. Memory: 449536K Free: 235564K (52%)
----------------- Invoking toplevel() on ptolemy.moml.MoMLSimpleApplication@a5a2720
----------------- Done invoking toplevel() on ptolemy.moml.MoMLSimpleApplication@a5a2720
reloadAllAccessors: .hierarchicalModalModel2

===========================================================================================
----------------- testing Wed Sep 19 02:12:50 UTC 2018 /home/travis/build/icyphy/ptII/ptolemy/domains/continuous/test/auto/hierarchicalModalModel3.xml
----------------- Instantiating /home/travis/build/icyphy/ptII/ptolemy/domains/continuous/test/auto/hierarchicalModalModel3.xml
5 ms. Memory: 449536K Free: 221780K (49%)
----------------- Invoking toplevel() on ptolemy.moml.MoMLSimpleApplication@3c4a69b0
----------------- Done invoking toplevel() on ptolemy.moml.MoMLSimpleApplication@3c4a69b0
reloadAllAccessors: .hierarchicalModalModel3

===========================================================================================
----------------- testing Wed Sep 19 02:12:50 UTC 2018 /home/travis/build/icyphy/ptII/ptolemy/domains/continuous/test/auto/hierarchicalModalModel4.xml
----------------- Instantiating /home/travis/build/icyphy/ptII/ptolemy/domains/continuous/test/auto/hierarchicalModalModel4.xml
4 ms. Memory: 449536K Free: 206095K (46%)
----------------- Invoking toplevel() on ptolemy.moml.MoMLSimpleApplication@2f2d6929
----------------- Done invoking toplevel() on ptolemy.moml.MoMLSimpleApplication@2f2d6929
reloadAllAccessors: .hierarchicalModalModel4

===========================================================================================
----------------- testing Wed Sep 19 02:12:50 UTC 2018 /home/travis/build/icyphy/ptII/ptolemy/domains/continuous/test/auto/junk.xml
----------------- Instantiating /home/travis/build/icyphy/ptII/ptolemy/domains/continuous/test/auto/junk.xml
137 ms. Memory: 449536K Free: 175785K (39%)
----------------- Invoking toplevel() on ptolemy.moml.MoMLSimpleApplication@76d3aa85
----------------- Done invoking toplevel() on ptolemy.moml.MoMLSimpleApplication@76d3aa85
reloadAllAccessors: .junk
AutoTests.java: About to close Vertx.
AutoTests.java: Vertx closed.
]]></system-out>
  <system-err><![CDATA[Warning: '.HysteresisWithRandomDelay.NonStrictTest' The test produced only 221 tokens, yet the correctValues parameter was expecting 222 tokens.
Warning: '.HysteresisWithRandomDelay.NonStrictTest2' The test produced only 220 tokens, yet the correctValues parameter was expecting 221 tokens.
Warning: '.HysteresisWithRandomDelay.NonStrictTest3' The test produced only 27 tokens, yet the correctValues parameter was expecting 30 tokens.
Warning: '.IncreasingRatePoisson.NonStrictTest' The test produced only 388 tokens, yet the correctValues parameter was expecting 402 tokens.
Warning: '.Poisson.NonStrictTest' The test produced only 366 tokens, yet the correctValues parameter was expecting 430 tokens.
]]></system-err>
</testsuite>
