<?xml version="1.0" encoding="UTF-8" ?>
<testsuite errors="0" failures="0" hostname="travis-job-7ece1b14-175e-4269-902c-3b76453e0f3f" name="ptolemy.domains.continuous.test.junit.JUnitTclTest" skipped="0" tests="156" time="78.648" timestamp="2019-07-15T16:45:12">
  <properties>
[...]
</properties>
  <testcase classname="ptolemy.util.test.junit.TclTests" name="[0] ThereAreNoTclTests (RunTclFile)" time="0.009" />
  <testcase classname="ptolemy.util.test.junit.AutoKnownFailedTests" name="[0] ThereAreNoKnowFailedTests (RunModel)" time="0.002" />
  <testcase classname="ptolemy.util.test.junit.AutoNameArchTests" name="[0] ThereAreNoAutoArchTests (RunModel)" time="0.027" />
  <testcase classname="ptolemy.util.test.junit.AutoTests" name="[0] /home/travis/build/icyphy/ptII/ptolemy/domains/continuous/test/auto/BouncingBall.xml (RunModel)" time="3.387" />
  <testcase classname="ptolemy.util.test.junit.AutoTests" name="[1] /home/travis/build/icyphy/ptII/ptolemy/domains/continuous/test/auto/BouncingBallWithoutGR.xml (RunModel)" time="0.881" />
  <testcase classname="ptolemy.util.test.junit.AutoTests" name="[2] /home/travis/build/icyphy/ptII/ptolemy/domains/continuous/test/auto/Brownian.xml (RunModel)" time="0.134" />
  <testcase classname="ptolemy.util.test.junit.AutoTests" name="[3] /home/travis/build/icyphy/ptII/ptolemy/domains/continuous/test/auto/CarTracking.xml (RunModel)" time="4.705" />
  <testcase classname="ptolemy.util.test.junit.AutoTests" name="[4] /home/travis/build/icyphy/ptII/ptolemy/domains/continuous/test/auto/CartPendulum.xml (RunModel)" time="0.6" />
  <testcase classname="ptolemy.util.test.junit.AutoTests" name="[5] /home/travis/build/icyphy/ptII/ptolemy/domains/continuous/test/auto/CausalityInterface10.xml (RunModel)" time="0.063" />
  <testcase classname="ptolemy.util.test.junit.AutoTests" name="[6] /home/travis/build/icyphy/ptII/ptolemy/domains/continuous/test/auto/CausalityInterface11.xml (RunModel)" time="0.045" />
  <testcase classname="ptolemy.util.test.junit.AutoTests" name="[7] /home/travis/build/icyphy/ptII/ptolemy/domains/continuous/test/auto/CausalityInterface12.xml (RunModel)" time="0.05" />
  <testcase classname="ptolemy.util.test.junit.AutoTests" name="[8] /home/travis/build/icyphy/ptII/ptolemy/domains/continuous/test/auto/CausalityInterface13.xml (RunModel)" time="0.039" />
  <testcase classname="ptolemy.util.test.junit.AutoTests" name="[9] /home/travis/build/icyphy/ptII/ptolemy/domains/continuous/test/auto/CausalityInterface14.xml (RunModel)" time="0.021" />
  <testcase classname="ptolemy.util.test.junit.AutoTests" name="[10] /home/travis/build/icyphy/ptII/ptolemy/domains/continuous/test/auto/CausalityInterface4.xml (RunModel)" time="0.031" />
  <testcase classname="ptolemy.util.test.junit.AutoTests" name="[11] /home/travis/build/icyphy/ptII/ptolemy/domains/continuous/test/auto/CausalityInterface5.xml (RunModel)" time="0.046" />
  <testcase classname="ptolemy.util.test.junit.AutoTests" name="[12] /home/travis/build/icyphy/ptII/ptolemy/domains/continuous/test/auto/CausalityInterface6.xml (RunModel)" time="0.025" />
  <testcase classname="ptolemy.util.test.junit.AutoTests" name="[13] /home/travis/build/icyphy/ptII/ptolemy/domains/continuous/test/auto/CausalityInterface7.xml (RunModel)" time="0.036" />
  <testcase classname="ptolemy.util.test.junit.AutoTests" name="[14] /home/travis/build/icyphy/ptII/ptolemy/domains/continuous/test/auto/CausalityInterface8.xml (RunModel)" time="0.037" />
  <testcase classname="ptolemy.util.test.junit.AutoTests" name="[15] /home/travis/build/icyphy/ptII/ptolemy/domains/continuous/test/auto/CausalityInterface9.xml (RunModel)" time="0.052" />
  <testcase classname="ptolemy.util.test.junit.AutoTests" name="[16] /home/travis/build/icyphy/ptII/ptolemy/domains/continuous/test/auto/CausalityInterfaceFeedback1.xml (RunModel)" time="0.034" />
  <testcase classname="ptolemy.util.test.junit.AutoTests" name="[17] /home/travis/build/icyphy/ptII/ptolemy/domains/continuous/test/auto/CausalityInterfaceFeedback2.xml (RunModel)" time="0.024" />
  <testcase classname="ptolemy.util.test.junit.AutoTests" name="[18] /home/travis/build/icyphy/ptII/ptolemy/domains/continuous/test/auto/CompareWithCurrentTime.xml (RunModel)" time="0.021" />
  <testcase classname="ptolemy.util.test.junit.AutoTests" name="[19] /home/travis/build/icyphy/ptII/ptolemy/domains/continuous/test/auto/ComparedClocks.xml (RunModel)" time="0.066" />
  <testcase classname="ptolemy.util.test.junit.AutoTests" name="[20] /home/travis/build/icyphy/ptII/ptolemy/domains/continuous/test/auto/ContinuousAOCClone.xml (RunModel)" time="2.967" />
  <testcase classname="ptolemy.util.test.junit.AutoTests" name="[21] /home/travis/build/icyphy/ptII/ptolemy/domains/continuous/test/auto/ContinuousClock.xml (RunModel)" time="0.122" />
  <testcase classname="ptolemy.util.test.junit.AutoTests" name="[22] /home/travis/build/icyphy/ptII/ptolemy/domains/continuous/test/auto/ContinuousInContinuous.xml (RunModel)" time="0.09" />
  <testcase classname="ptolemy.util.test.junit.AutoTests" name="[23] /home/travis/build/icyphy/ptII/ptolemy/domains/continuous/test/auto/ContinuousInContinuousInContinuous.xml (RunModel)" time="0.027" />
  <testcase classname="ptolemy.util.test.junit.AutoTests" name="[24] /home/travis/build/icyphy/ptII/ptolemy/domains/continuous/test/auto/ContinuousInDE.xml (RunModel)" time="0.106" />
  <testcase classname="ptolemy.util.test.junit.AutoTests" name="[25] /home/travis/build/icyphy/ptII/ptolemy/domains/continuous/test/auto/ContinuousInDE2.xml (RunModel)" time="0.068" />
  <testcase classname="ptolemy.util.test.junit.AutoTests" name="[26] /home/travis/build/icyphy/ptII/ptolemy/domains/continuous/test/auto/ContinuousInDE3.xml (RunModel)" time="0.064" />
  <testcase classname="ptolemy.util.test.junit.AutoTests" name="[27] /home/travis/build/icyphy/ptII/ptolemy/domains/continuous/test/auto/ContinuousInDE4.xml (RunModel)" time="0.034" />
  <testcase classname="ptolemy.util.test.junit.AutoTests" name="[28] /home/travis/build/icyphy/ptII/ptolemy/domains/continuous/test/auto/ContinuousInDEDifferentRefinements.xml (RunModel)" time="0.096" />
  <testcase classname="ptolemy.util.test.junit.AutoTests" name="[29] /home/travis/build/icyphy/ptII/ptolemy/domains/continuous/test/auto/ContinuousInDEDifferentRefinementsPreemptive.xml (RunModel)" time="0.104" />
  <testcase classname="ptolemy.util.test.junit.AutoTests" name="[30] /home/travis/build/icyphy/ptII/ptolemy/domains/continuous/test/auto/ContinuousInDEInContinuous2.xml (RunModel)" time="0.06" />
  <testcase classname="ptolemy.util.test.junit.AutoTests" name="[31] /home/travis/build/icyphy/ptII/ptolemy/domains/continuous/test/auto/ContinuousInDEInContinuous3.xml (RunModel)" time="0.066" />
  <testcase classname="ptolemy.util.test.junit.AutoTests" name="[32] /home/travis/build/icyphy/ptII/ptolemy/domains/continuous/test/auto/ContinuousInDEInput.xml (RunModel)" time="0.034" />
  <testcase classname="ptolemy.util.test.junit.AutoTests" name="[33] /home/travis/build/icyphy/ptII/ptolemy/domains/continuous/test/auto/ContinuousInDEInput2.xml (RunModel)" time="0.036" />
  <testcase classname="ptolemy.util.test.junit.AutoTests" name="[34] /home/travis/build/icyphy/ptII/ptolemy/domains/continuous/test/auto/ContinuousInDEInput3.xml (RunModel)" time="0.036" />
  <testcase classname="ptolemy.util.test.junit.AutoTests" name="[35] /home/travis/build/icyphy/ptII/ptolemy/domains/continuous/test/auto/ContinuousInDESharingRefinement.xml (RunModel)" time="0.185" />
  <testcase classname="ptolemy.util.test.junit.AutoTests" name="[36] /home/travis/build/icyphy/ptII/ptolemy/domains/continuous/test/auto/ContinuousInDEwithNoPorts.xml (RunModel)" time="0.024" />
  <testcase classname="ptolemy.util.test.junit.AutoTests" name="[37] /home/travis/build/icyphy/ptII/ptolemy/domains/continuous/test/auto/ContinuousInsideDE.xml (RunModel)" time="0.087" />
  <testcase classname="ptolemy.util.test.junit.AutoTests" name="[38] /home/travis/build/icyphy/ptII/ptolemy/domains/continuous/test/auto/ContinuousMerge1.xml (RunModel)" time="0.016" />
  <testcase classname="ptolemy.util.test.junit.AutoTests" name="[39] /home/travis/build/icyphy/ptII/ptolemy/domains/continuous/test/auto/ContinuousMerge2.xml (RunModel)" time="0.061" />
  <testcase classname="ptolemy.util.test.junit.AutoTests" name="[40] /home/travis/build/icyphy/ptII/ptolemy/domains/continuous/test/auto/ContinuousMerge3.xml (RunModel)" time="0.076" />
  <testcase classname="ptolemy.util.test.junit.AutoTests" name="[41] /home/travis/build/icyphy/ptII/ptolemy/domains/continuous/test/auto/ContinuousWithinContinuous.xml (RunModel)" time="0.064" />
  <testcase classname="ptolemy.util.test.junit.AutoTests" name="[42] /home/travis/build/icyphy/ptII/ptolemy/domains/continuous/test/auto/ContinuousWithinContinuous2.xml (RunModel)" time="0.089" />
  <testcase classname="ptolemy.util.test.junit.AutoTests" name="[43] /home/travis/build/icyphy/ptII/ptolemy/domains/continuous/test/auto/ContinuousWithinContinuous3.xml (RunModel)" time="0.032" />
  <testcase classname="ptolemy.util.test.junit.AutoTests" name="[44] /home/travis/build/icyphy/ptII/ptolemy/domains/continuous/test/auto/ContinuousWithinContinuous4.xml (RunModel)" time="0.094" />
  <testcase classname="ptolemy.util.test.junit.AutoTests" name="[45] /home/travis/build/icyphy/ptII/ptolemy/domains/continuous/test/auto/ContinuousWithinContinuous5.xml (RunModel)" time="0.058" />
  <testcase classname="ptolemy.util.test.junit.AutoTests" name="[46] /home/travis/build/icyphy/ptII/ptolemy/domains/continuous/test/auto/ContinuousWithinContinuous6.xml (RunModel)" time="0.034" />
  <testcase classname="ptolemy.util.test.junit.AutoTests" name="[47] /home/travis/build/icyphy/ptII/ptolemy/domains/continuous/test/auto/ContinuousWithinContinuous7.xml (RunModel)" time="0.075" />
  <testcase classname="ptolemy.util.test.junit.AutoTests" name="[48] /home/travis/build/icyphy/ptII/ptolemy/domains/continuous/test/auto/DCMotor.xml (RunModel)" time="13.451" />
  <testcase classname="ptolemy.util.test.junit.AutoTests" name="[49] /home/travis/build/icyphy/ptII/ptolemy/domains/continuous/test/auto/DEInContinuous.xml (RunModel)" time="0.027" />
  <testcase classname="ptolemy.util.test.junit.AutoTests" name="[50] /home/travis/build/icyphy/ptII/ptolemy/domains/continuous/test/auto/DEinContinuous2.xml (RunModel)" time="0.022" />
  <testcase classname="ptolemy.util.test.junit.AutoTests" name="[51] /home/travis/build/icyphy/ptII/ptolemy/domains/continuous/test/auto/Derivative.xml (RunModel)" time="0.186" />
  <testcase classname="ptolemy.util.test.junit.AutoTests" name="[52] /home/travis/build/icyphy/ptII/ptolemy/domains/continuous/test/auto/Derivative1.xml (RunModel)" time="0.057" />
  <testcase classname="ptolemy.util.test.junit.AutoTests" name="[53] /home/travis/build/icyphy/ptII/ptolemy/domains/continuous/test/auto/DiscreteClock.xml (RunModel)" time="0.014" />
  <testcase classname="ptolemy.util.test.junit.AutoTests" name="[54] /home/travis/build/icyphy/ptII/ptolemy/domains/continuous/test/auto/EfficiencyCurve.xml (RunModel)" time="0.109" />
  <testcase classname="ptolemy.util.test.junit.AutoTests" name="[55] /home/travis/build/icyphy/ptII/ptolemy/domains/continuous/test/auto/ExponentialResponse.xml (RunModel)" time="0.12" />
  <testcase classname="ptolemy.util.test.junit.AutoTests" name="[56] /home/travis/build/icyphy/ptII/ptolemy/domains/continuous/test/auto/ExponentialResponseRK45.xml (RunModel)" time="0.036" />
  <testcase classname="ptolemy.util.test.junit.AutoTests" name="[57] /home/travis/build/icyphy/ptII/ptolemy/domains/continuous/test/auto/Friction.xml (RunModel)" time="1.659" />
  <testcase classname="ptolemy.util.test.junit.AutoTests" name="[58] /home/travis/build/icyphy/ptII/ptolemy/domains/continuous/test/auto/FurutaPendulum.xml (RunModel)" time="3.537" />
  <testcase classname="ptolemy.util.test.junit.AutoTests" name="[59] /home/travis/build/icyphy/ptII/ptolemy/domains/continuous/test/auto/HierarchicalExecution.xml (RunModel)" time="2.222" />
  <testcase classname="ptolemy.util.test.junit.AutoTests" name="[60] /home/travis/build/icyphy/ptII/ptolemy/domains/continuous/test/auto/HybridPlant.xml (RunModel)" time="0.584" />
  <testcase classname="ptolemy.util.test.junit.AutoTests" name="[61] /home/travis/build/icyphy/ptII/ptolemy/domains/continuous/test/auto/Hysteresis.xml (RunModel)" time="0.187" />
  <testcase classname="ptolemy.util.test.junit.AutoTests" name="[62] /home/travis/build/icyphy/ptII/ptolemy/domains/continuous/test/auto/HysteresisWithRandomDelay.xml (RunModel)" time="0.241" />
  <testcase classname="ptolemy.util.test.junit.AutoTests" name="[63] /home/travis/build/icyphy/ptII/ptolemy/domains/continuous/test/auto/HysteresisWithRandomLosses.xml (RunModel)" time="2.443" />
  <testcase classname="ptolemy.util.test.junit.AutoTests" name="[64] /home/travis/build/icyphy/ptII/ptolemy/domains/continuous/test/auto/ImmediateTransitions.xml (RunModel)" time="0.04" />
  <testcase classname="ptolemy.util.test.junit.AutoTests" name="[65] /home/travis/build/icyphy/ptII/ptolemy/domains/continuous/test/auto/ImpulseFeedback.xml (RunModel)" time="0.025" />
  <testcase classname="ptolemy.util.test.junit.AutoTests" name="[66] /home/travis/build/icyphy/ptII/ptolemy/domains/continuous/test/auto/ImpulseFeedback2.xml (RunModel)" time="0.018" />
  <testcase classname="ptolemy.util.test.junit.AutoTests" name="[67] /home/travis/build/icyphy/ptII/ptolemy/domains/continuous/test/auto/IncreasingRatePoisson.xml (RunModel)" time="0.805" />
  <testcase classname="ptolemy.util.test.junit.AutoTests" name="[68] /home/travis/build/icyphy/ptII/ptolemy/domains/continuous/test/auto/InitialStateFeedback.xml (RunModel)" time="0.013" />
  <testcase classname="ptolemy.util.test.junit.AutoTests" name="[69] /home/travis/build/icyphy/ptII/ptolemy/domains/continuous/test/auto/Integration.xml (RunModel)" time="0.009" />
  <testcase classname="ptolemy.util.test.junit.AutoTests" name="[70] /home/travis/build/icyphy/ptII/ptolemy/domains/continuous/test/auto/Integration2.xml (RunModel)" time="0.096" />
  <testcase classname="ptolemy.util.test.junit.AutoTests" name="[71] /home/travis/build/icyphy/ptII/ptolemy/domains/continuous/test/auto/Integration3.xml (RunModel)" time="0.033" />
  <testcase classname="ptolemy.util.test.junit.AutoTests" name="[72] /home/travis/build/icyphy/ptII/ptolemy/domains/continuous/test/auto/Integration5.xml (RunModel)" time="0.014" />
  <testcase classname="ptolemy.util.test.junit.AutoTests" name="[73] /home/travis/build/icyphy/ptII/ptolemy/domains/continuous/test/auto/IntegratorImpulse.xml (RunModel)" time="0.01" />
  <testcase classname="ptolemy.util.test.junit.AutoTests" name="[74] /home/travis/build/icyphy/ptII/ptolemy/domains/continuous/test/auto/IntegratorImpulse2.xml (RunModel)" time="0.011" />
  <testcase classname="ptolemy.util.test.junit.AutoTests" name="[75] /home/travis/build/icyphy/ptII/ptolemy/domains/continuous/test/auto/LevelCrossing1.xml (RunModel)" time="0.012" />
  <testcase classname="ptolemy.util.test.junit.AutoTests" name="[76] /home/travis/build/icyphy/ptII/ptolemy/domains/continuous/test/auto/LevelCrossing2.xml (RunModel)" time="0.012" />
  <testcase classname="ptolemy.util.test.junit.AutoTests" name="[77] /home/travis/build/icyphy/ptII/ptolemy/domains/continuous/test/auto/LevelCrossing3.xml (RunModel)" time="0.011" />
  <testcase classname="ptolemy.util.test.junit.AutoTests" name="[78] /home/travis/build/icyphy/ptII/ptolemy/domains/continuous/test/auto/LevelCrossing4.xml (RunModel)" time="0.012" />
  <testcase classname="ptolemy.util.test.junit.AutoTests" name="[79] /home/travis/build/icyphy/ptII/ptolemy/domains/continuous/test/auto/LevelCrossing5.xml (RunModel)" time="0.012" />
  <testcase classname="ptolemy.util.test.junit.AutoTests" name="[80] /home/travis/build/icyphy/ptII/ptolemy/domains/continuous/test/auto/LevelCrossing6.xml (RunModel)" time="0.011" />
  <testcase classname="ptolemy.util.test.junit.AutoTests" name="[81] /home/travis/build/icyphy/ptII/ptolemy/domains/continuous/test/auto/LevelCrossingDetector.xml (RunModel)" time="0.032" />
  <testcase classname="ptolemy.util.test.junit.AutoTests" name="[82] /home/travis/build/icyphy/ptII/ptolemy/domains/continuous/test/auto/LevelCrossingDetectorDetectingDirections.xml (RunModel)" time="0.089" />
  <testcase classname="ptolemy.util.test.junit.AutoTests" name="[83] /home/travis/build/icyphy/ptII/ptolemy/domains/continuous/test/auto/LevelCrossingDetectorDetectsGlitches.xml (RunModel)" time="0.063" />
  <testcase classname="ptolemy.util.test.junit.AutoTests" name="[84] /home/travis/build/icyphy/ptII/ptolemy/domains/continuous/test/auto/LevelCrossingNoInitialOuput.xml (RunModel)" time="0.016" />
  <testcase classname="ptolemy.util.test.junit.AutoTests" name="[85] /home/travis/build/icyphy/ptII/ptolemy/domains/continuous/test/auto/LinearStateSpaceExample.xml (RunModel)" time="0.067" />
  <testcase classname="ptolemy.util.test.junit.AutoTests" name="[86] /home/travis/build/icyphy/ptII/ptolemy/domains/continuous/test/auto/Lorenz.xml (RunModel)" time="4.245" />
  <testcase classname="ptolemy.util.test.junit.AutoTests" name="[87] /home/travis/build/icyphy/ptII/ptolemy/domains/continuous/test/auto/LorenzDifferentialSystem.xml (RunModel)" time="1.29" />
  <testcase classname="ptolemy.util.test.junit.AutoTests" name="[88] /home/travis/build/icyphy/ptII/ptolemy/domains/continuous/test/auto/LorenzDifferentialSystemWithInput.xml (RunModel)" time="1.379" />
  <testcase classname="ptolemy.util.test.junit.AutoTests" name="[89] /home/travis/build/icyphy/ptII/ptolemy/domains/continuous/test/auto/LorenzDifferentialSystemWithTime.xml (RunModel)" time="0.753" />
  <testcase classname="ptolemy.util.test.junit.AutoTests" name="[90] /home/travis/build/icyphy/ptII/ptolemy/domains/continuous/test/auto/Microsteps.xml (RunModel)" time="0.034" />
  <testcase classname="ptolemy.util.test.junit.AutoTests" name="[91] /home/travis/build/icyphy/ptII/ptolemy/domains/continuous/test/auto/Modal1.xml (RunModel)" time="0.037" />
  <testcase classname="ptolemy.util.test.junit.AutoTests" name="[92] /home/travis/build/icyphy/ptII/ptolemy/domains/continuous/test/auto/Modal2.xml (RunModel)" time="0.042" />
  <testcase classname="ptolemy.util.test.junit.AutoTests" name="[93] /home/travis/build/icyphy/ptII/ptolemy/domains/continuous/test/auto/ModalTransitionGuardWithReset.xml (RunModel)" time="0.044" />
  <testcase classname="ptolemy.util.test.junit.AutoTests" name="[94] /home/travis/build/icyphy/ptII/ptolemy/domains/continuous/test/auto/ModalTransitionGuardWithResetUsingPreemptiveTransition.xml (RunModel)" time="0.023" />
  <testcase classname="ptolemy.util.test.junit.AutoTests" name="[95] /home/travis/build/icyphy/ptII/ptolemy/domains/continuous/test/auto/ModalTransitionGuardWithResetUsingPreemptiveTransition2.xml (RunModel)" time="0.025" />
  <testcase classname="ptolemy.util.test.junit.AutoTests" name="[96] /home/travis/build/icyphy/ptII/ptolemy/domains/continuous/test/auto/ModalTransitionGuardWithResetUsingPreemptiveTransition3.xml (RunModel)" time="0.022" />
  <testcase classname="ptolemy.util.test.junit.AutoTests" name="[97] /home/travis/build/icyphy/ptII/ptolemy/domains/continuous/test/auto/NewtonsCradle.xml (RunModel)" time="0.871" />
  <testcase classname="ptolemy.util.test.junit.AutoTests" name="[98] /home/travis/build/icyphy/ptII/ptolemy/domains/continuous/test/auto/NewtonsCradleAnimated.xml (RunModel)" time="1.258" />
  <testcase classname="ptolemy.util.test.junit.AutoTests" name="[99] /home/travis/build/icyphy/ptII/ptolemy/domains/continuous/test/auto/NewtonsCradleComplicated.xml (RunModel)" time="1.03" />
  <testcase classname="ptolemy.util.test.junit.AutoTests" name="[100] /home/travis/build/icyphy/ptII/ptolemy/domains/continuous/test/auto/NewtonsCradleNondeterministic.xml (RunModel)" time="0.731" />
  <testcase classname="ptolemy.util.test.junit.AutoTests" name="[101] /home/travis/build/icyphy/ptII/ptolemy/domains/continuous/test/auto/NewtonsCradlePerfectlyInelastic1.xml (RunModel)" time="1.314" />
  <testcase classname="ptolemy.util.test.junit.AutoTests" name="[102] /home/travis/build/icyphy/ptII/ptolemy/domains/continuous/test/auto/Noise.xml (RunModel)" time="0.193" />
  <testcase classname="ptolemy.util.test.junit.AutoTests" name="[103] /home/travis/build/icyphy/ptII/ptolemy/domains/continuous/test/auto/NoiseSpectrum.xml (RunModel)" time="0.874" />
  <testcase classname="ptolemy.util.test.junit.AutoTests" name="[104] /home/travis/build/icyphy/ptII/ptolemy/domains/continuous/test/auto/ParameterizedNewtonsCradleAnimated.xml (RunModel)" time="0.368" />
  <testcase classname="ptolemy.util.test.junit.AutoTests" name="[105] /home/travis/build/icyphy/ptII/ptolemy/domains/continuous/test/auto/ParameterizedNewtonsCradleAnimatedNondeterministic.xml (RunModel)" time="1.256" />
  <testcase classname="ptolemy.util.test.junit.AutoTests" name="[106] /home/travis/build/icyphy/ptII/ptolemy/domains/continuous/test/auto/Pendulum3D.xml (RunModel)" time="0.177" />
  <testcase classname="ptolemy.util.test.junit.AutoTests" name="[107] /home/travis/build/icyphy/ptII/ptolemy/domains/continuous/test/auto/PeriodicSampler.xml (RunModel)" time="0.011" />
  <testcase classname="ptolemy.util.test.junit.AutoTests" name="[108] /home/travis/build/icyphy/ptII/ptolemy/domains/continuous/test/auto/PeriodicSampler1.xml (RunModel)" time="0.04" />
  <testcase classname="ptolemy.util.test.junit.AutoTests" name="[109] /home/travis/build/icyphy/ptII/ptolemy/domains/continuous/test/auto/PeriodicSampler2.xml (RunModel)" time="0.082" />
  <testcase classname="ptolemy.util.test.junit.AutoTests" name="[110] /home/travis/build/icyphy/ptII/ptolemy/domains/continuous/test/auto/Poisson.xml (RunModel)" time="0.479" />
  <testcase classname="ptolemy.util.test.junit.AutoTests" name="[111] /home/travis/build/icyphy/ptII/ptolemy/domains/continuous/test/auto/PoissonClock.xml (RunModel)" time="0.022" />
  <testcase classname="ptolemy.util.test.junit.AutoTests" name="[112] /home/travis/build/icyphy/ptII/ptolemy/domains/continuous/test/auto/PoissonClock2.xml (RunModel)" time="0.017" />
  <testcase classname="ptolemy.util.test.junit.AutoTests" name="[113] /home/travis/build/icyphy/ptII/ptolemy/domains/continuous/test/auto/PortParameterHierarchy.xml (RunModel)" time="0.028" />
  <testcase classname="ptolemy.util.test.junit.AutoTests" name="[114] /home/travis/build/icyphy/ptII/ptolemy/domains/continuous/test/auto/RandomHybridPlant.xml (RunModel)" time="0.584" />
  <testcase classname="ptolemy.util.test.junit.AutoTests" name="[115] /home/travis/build/icyphy/ptII/ptolemy/domains/continuous/test/auto/ResetTransitionWithStartTime1.xml (RunModel)" time="0.036" />
  <testcase classname="ptolemy.util.test.junit.AutoTests" name="[116] /home/travis/build/icyphy/ptII/ptolemy/domains/continuous/test/auto/ResetTransitionWithStartTime2.xml (RunModel)" time="0.034" />
  <testcase classname="ptolemy.util.test.junit.AutoTests" name="[117] /home/travis/build/icyphy/ptII/ptolemy/domains/continuous/test/auto/ResetTransitionWithStartTime3.xml (RunModel)" time="0.043" />
  <testcase classname="ptolemy.util.test.junit.AutoTests" name="[118] /home/travis/build/icyphy/ptII/ptolemy/domains/continuous/test/auto/ResetTransitionWithStartTime4.xml (RunModel)" time="0.029" />
  <testcase classname="ptolemy.util.test.junit.AutoTests" name="[119] /home/travis/build/icyphy/ptII/ptolemy/domains/continuous/test/auto/ResetTransitionWithStartTime5.xml (RunModel)" time="0.032" />
  <testcase classname="ptolemy.util.test.junit.AutoTests" name="[120] /home/travis/build/icyphy/ptII/ptolemy/domains/continuous/test/auto/ResetTransitionWithStartTime6.xml (RunModel)" time="0.026" />
  <testcase classname="ptolemy.util.test.junit.AutoTests" name="[121] /home/travis/build/icyphy/ptII/ptolemy/domains/continuous/test/auto/SRinContinuous.xml (RunModel)" time="0.03" />
  <testcase classname="ptolemy.util.test.junit.AutoTests" name="[122] /home/travis/build/icyphy/ptII/ptolemy/domains/continuous/test/auto/SampledClocks.xml (RunModel)" time="0.033" />
  <testcase classname="ptolemy.util.test.junit.AutoTests" name="[123] /home/travis/build/icyphy/ptII/ptolemy/domains/continuous/test/auto/Satellite.xml (RunModel)" time="0.9" />
  <testcase classname="ptolemy.util.test.junit.AutoTests" name="[124] /home/travis/build/icyphy/ptII/ptolemy/domains/continuous/test/auto/SigmaDelta.xml (RunModel)" time="2.522" />
  <testcase classname="ptolemy.util.test.junit.AutoTests" name="[125] /home/travis/build/icyphy/ptII/ptolemy/domains/continuous/test/auto/SingleRefinement.xml (RunModel)" time="0.432" />
  <testcase classname="ptolemy.util.test.junit.AutoTests" name="[126] /home/travis/build/icyphy/ptII/ptolemy/domains/continuous/test/auto/SinuBouncingBall.xml (RunModel)" time="0.824" />
  <testcase classname="ptolemy.util.test.junit.AutoTests" name="[127] /home/travis/build/icyphy/ptII/ptolemy/domains/continuous/test/auto/Sinusoid.xml (RunModel)" time="0.024" />
  <testcase classname="ptolemy.util.test.junit.AutoTests" name="[128] /home/travis/build/icyphy/ptII/ptolemy/domains/continuous/test/auto/SinusoidInNoise.xml (RunModel)" time="1.08" />
  <testcase classname="ptolemy.util.test.junit.AutoTests" name="[129] /home/travis/build/icyphy/ptII/ptolemy/domains/continuous/test/auto/SinusoidRK45.xml (RunModel)" time="0.011" />
  <testcase classname="ptolemy.util.test.junit.AutoTests" name="[130] /home/travis/build/icyphy/ptII/ptolemy/domains/continuous/test/auto/SinusoidWithMultipleImpulses.xml (RunModel)" time="0.012" />
  <testcase classname="ptolemy.util.test.junit.AutoTests" name="[131] /home/travis/build/icyphy/ptII/ptolemy/domains/continuous/test/auto/SquareWave.xml (RunModel)" time="0.212" />
  <testcase classname="ptolemy.util.test.junit.AutoTests" name="[132] /home/travis/build/icyphy/ptII/ptolemy/domains/continuous/test/auto/Starmac.xml (RunModel)" time="3.386" />
  <testcase classname="ptolemy.util.test.junit.AutoTests" name="[133] /home/travis/build/icyphy/ptII/ptolemy/domains/continuous/test/auto/StaticUnits.xml (RunModel)" time="2.827" />
  <testcase classname="ptolemy.util.test.junit.AutoTests" name="[134] /home/travis/build/icyphy/ptII/ptolemy/domains/continuous/test/auto/StickyMasses.xml (RunModel)" time="0.208" />
  <testcase classname="ptolemy.util.test.junit.AutoTests" name="[135] /home/travis/build/icyphy/ptII/ptolemy/domains/continuous/test/auto/StopTime.xml (RunModel)" time="0.074" />
  <testcase classname="ptolemy.util.test.junit.AutoTests" name="[136] /home/travis/build/icyphy/ptII/ptolemy/domains/continuous/test/auto/StopTime2.xml (RunModel)" time="0.058" />
  <testcase classname="ptolemy.util.test.junit.AutoTests" name="[137] /home/travis/build/icyphy/ptII/ptolemy/domains/continuous/test/auto/Switch.xml (RunModel)" time="0.06" />
  <testcase classname="ptolemy.util.test.junit.AutoTests" name="[138] /home/travis/build/icyphy/ptII/ptolemy/domains/continuous/test/auto/Thermostat.xml (RunModel)" time="0.217" />
  <testcase classname="ptolemy.util.test.junit.AutoTests" name="[139] /home/travis/build/icyphy/ptII/ptolemy/domains/continuous/test/auto/TimeDelay.xml (RunModel)" time="0.015" />
  <testcase classname="ptolemy.util.test.junit.AutoTests" name="[140] /home/travis/build/icyphy/ptII/ptolemy/domains/continuous/test/auto/TimeDelay2.xml (RunModel)" time="0.029" />
  <testcase classname="ptolemy.util.test.junit.AutoTests" name="[141] /home/travis/build/icyphy/ptII/ptolemy/domains/continuous/test/auto/TimeDelay3.xml (RunModel)" time="0.013" />
  <testcase classname="ptolemy.util.test.junit.AutoTests" name="[142] /home/travis/build/icyphy/ptII/ptolemy/domains/continuous/test/auto/TransferAbsentToInside.xml (RunModel)" time="0.172" />
  <testcase classname="ptolemy.util.test.junit.AutoTests" name="[143] /home/travis/build/icyphy/ptII/ptolemy/domains/continuous/test/auto/Transmission.xml (RunModel)" time="0.832" />
  <testcase classname="ptolemy.util.test.junit.AutoTests" name="[144] /home/travis/build/icyphy/ptII/ptolemy/domains/continuous/test/auto/TriggeredContinuousClock.xml (RunModel)" time="0.064" />
  <testcase classname="ptolemy.util.test.junit.AutoTests" name="[145] /home/travis/build/icyphy/ptII/ptolemy/domains/continuous/test/auto/TwoMachineInfiniteBusControl.xml (RunModel)" time="3.397" />
  <testcase classname="ptolemy.util.test.junit.AutoTests" name="[146] /home/travis/build/icyphy/ptII/ptolemy/domains/continuous/test/auto/V2V.xml (RunModel)" time="0.802" />
  <testcase classname="ptolemy.util.test.junit.AutoTests" name="[147] /home/travis/build/icyphy/ptII/ptolemy/domains/continuous/test/auto/hierarchicalModalModel.xml (RunModel)" time="0.034" />
  <testcase classname="ptolemy.util.test.junit.AutoTests" name="[148] /home/travis/build/icyphy/ptII/ptolemy/domains/continuous/test/auto/hierarchicalModalModel1.xml (RunModel)" time="0.03" />
  <testcase classname="ptolemy.util.test.junit.AutoTests" name="[149] /home/travis/build/icyphy/ptII/ptolemy/domains/continuous/test/auto/hierarchicalModalModel2.xml (RunModel)" time="0.026" />
  <testcase classname="ptolemy.util.test.junit.AutoTests" name="[150] /home/travis/build/icyphy/ptII/ptolemy/domains/continuous/test/auto/hierarchicalModalModel3.xml (RunModel)" time="0.021" />
  <testcase classname="ptolemy.util.test.junit.AutoTests" name="[151] /home/travis/build/icyphy/ptII/ptolemy/domains/continuous/test/auto/hierarchicalModalModel4.xml (RunModel)" time="0.024" />
  <testcase classname="ptolemy.util.test.junit.AutoTests" name="[152] /home/travis/build/icyphy/ptII/ptolemy/domains/continuous/test/auto/junk.xml (RunModel)" time="0.165" />
  <system-out><![CDATA[No tcl tests in /home/travis/build/icyphy/ptII/ptolemy/domains/continuous/test
No auto/knownFailedTests/*.xml tests in /home/travis/build/icyphy/ptII/ptolemy/domains/continuous/test
No auto/linux-amd64/*.xml tests in /home/travis/build/icyphy/ptII/ptolemy/domains/continuous/test
AutoTests.java: About to close Vertx.
AutoTests.java: Vertx closed.

===========================================================================================
----------------- testing Mon Jul 15 16:45:12 UTC 2019 /home/travis/build/icyphy/ptII/ptolemy/domains/continuous/test/auto/BouncingBall.xml
----------------- Instantiating /home/travis/build/icyphy/ptII/ptolemy/domains/continuous/test/auto/BouncingBall.xml
2705 ms. Memory: 120832K Free: 52989K (44%)
----------------- Invoking toplevel() on ptolemy.moml.MoMLSimpleApplication@def6e1a
----------------- Done invoking toplevel() on ptolemy.moml.MoMLSimpleApplication@def6e1a
reloadAllAccessors: .BouncingBall

===========================================================================================
----------------- testing Mon Jul 15 16:45:16 UTC 2019 /home/travis/build/icyphy/ptII/ptolemy/domains/continuous/test/auto/BouncingBallWithoutGR.xml
----------------- Instantiating /home/travis/build/icyphy/ptII/ptolemy/domains/continuous/test/auto/BouncingBallWithoutGR.xml
783 ms. Memory: 145408K Free: 51953K (36%)
----------------- Invoking toplevel() on ptolemy.moml.MoMLSimpleApplication@5b5d9cf8
----------------- Done invoking toplevel() on ptolemy.moml.MoMLSimpleApplication@5b5d9cf8
reloadAllAccessors: .BouncingBallWithoutGR

===========================================================================================
----------------- testing Mon Jul 15 16:45:17 UTC 2019 /home/travis/build/icyphy/ptII/ptolemy/domains/continuous/test/auto/Brownian.xml
----------------- Instantiating /home/travis/build/icyphy/ptII/ptolemy/domains/continuous/test/auto/Brownian.xml
46 ms. Memory: 145408K Free: 127679K (88%)
----------------- Invoking toplevel() on ptolemy.moml.MoMLSimpleApplication@73275a89
----------------- Done invoking toplevel() on ptolemy.moml.MoMLSimpleApplication@73275a89
reloadAllAccessors: .Brownian

===========================================================================================
----------------- testing Mon Jul 15 16:45:17 UTC 2019 /home/travis/build/icyphy/ptII/ptolemy/domains/continuous/test/auto/CarTracking.xml
----------------- Instantiating /home/travis/build/icyphy/ptII/ptolemy/domains/continuous/test/auto/CarTracking.xml
4209 ms. Memory: 210944K Free: 159587K (76%)
----------------- Invoking toplevel() on ptolemy.moml.MoMLSimpleApplication@238787d5
----------------- Done invoking toplevel() on ptolemy.moml.MoMLSimpleApplication@238787d5
reloadAllAccessors: .CarTracking

===========================================================================================
----------------- testing Mon Jul 15 16:45:22 UTC 2019 /home/travis/build/icyphy/ptII/ptolemy/domains/continuous/test/auto/CartPendulum.xml
----------------- Instantiating /home/travis/build/icyphy/ptII/ptolemy/domains/continuous/test/auto/CartPendulum.xml
451 ms. Memory: 210944K Free: 192836K (91%)
----------------- Invoking toplevel() on ptolemy.moml.MoMLSimpleApplication@7f724470
----------------- Done invoking toplevel() on ptolemy.moml.MoMLSimpleApplication@7f724470
reloadAllAccessors: .CartPendulum

===========================================================================================
----------------- testing Mon Jul 15 16:45:22 UTC 2019 /home/travis/build/icyphy/ptII/ptolemy/domains/continuous/test/auto/CausalityInterface10.xml
----------------- Instantiating /home/travis/build/icyphy/ptII/ptolemy/domains/continuous/test/auto/CausalityInterface10.xml
11 ms. Memory: 210944K Free: 182082K (86%)
----------------- Invoking toplevel() on ptolemy.moml.MoMLSimpleApplication@430ee82
----------------- Done invoking toplevel() on ptolemy.moml.MoMLSimpleApplication@430ee82
reloadAllAccessors: .CausalityInterface10

===========================================================================================
----------------- testing Mon Jul 15 16:45:22 UTC 2019 /home/travis/build/icyphy/ptII/ptolemy/domains/continuous/test/auto/CausalityInterface11.xml
----------------- Instantiating /home/travis/build/icyphy/ptII/ptolemy/domains/continuous/test/auto/CausalityInterface11.xml
17 ms. Memory: 210944K Free: 176452K (84%)
----------------- Invoking toplevel() on ptolemy.moml.MoMLSimpleApplication@5258df4a
----------------- Done invoking toplevel() on ptolemy.moml.MoMLSimpleApplication@5258df4a
reloadAllAccessors: .CausalityInterface11

===========================================================================================
----------------- testing Mon Jul 15 16:45:22 UTC 2019 /home/travis/build/icyphy/ptII/ptolemy/domains/continuous/test/auto/CausalityInterface12.xml
----------------- Instantiating /home/travis/build/icyphy/ptII/ptolemy/domains/continuous/test/auto/CausalityInterface12.xml
14 ms. Memory: 210944K Free: 170308K (81%)
----------------- Invoking toplevel() on ptolemy.moml.MoMLSimpleApplication@11ea1e38
----------------- Done invoking toplevel() on ptolemy.moml.MoMLSimpleApplication@11ea1e38
reloadAllAccessors: .CausalityInterface12

===========================================================================================
----------------- testing Mon Jul 15 16:45:22 UTC 2019 /home/travis/build/icyphy/ptII/ptolemy/domains/continuous/test/auto/CausalityInterface13.xml
----------------- Instantiating /home/travis/build/icyphy/ptII/ptolemy/domains/continuous/test/auto/CausalityInterface13.xml
10 ms. Memory: 210944K Free: 164164K (78%)
----------------- Invoking toplevel() on ptolemy.moml.MoMLSimpleApplication@337bf87d
----------------- Done invoking toplevel() on ptolemy.moml.MoMLSimpleApplication@337bf87d
reloadAllAccessors: .CausalityInterface13

===========================================================================================
----------------- testing Mon Jul 15 16:45:22 UTC 2019 /home/travis/build/icyphy/ptII/ptolemy/domains/continuous/test/auto/CausalityInterface14.xml
----------------- Instantiating /home/travis/build/icyphy/ptII/ptolemy/domains/continuous/test/auto/CausalityInterface14.xml
3 ms. Memory: 210944K Free: 158515K (75%)
----------------- Invoking toplevel() on ptolemy.moml.MoMLSimpleApplication@1cba0bee
----------------- Done invoking toplevel() on ptolemy.moml.MoMLSimpleApplication@1cba0bee
reloadAllAccessors: .CausalityInterface14

===========================================================================================
----------------- testing Mon Jul 15 16:45:22 UTC 2019 /home/travis/build/icyphy/ptII/ptolemy/domains/continuous/test/auto/CausalityInterface4.xml
----------------- Instantiating /home/travis/build/icyphy/ptII/ptolemy/domains/continuous/test/auto/CausalityInterface4.xml
5 ms. Memory: 210944K Free: 151876K (72%)
----------------- Invoking toplevel() on ptolemy.moml.MoMLSimpleApplication@2abad972
----------------- Done invoking toplevel() on ptolemy.moml.MoMLSimpleApplication@2abad972
reloadAllAccessors: .CausalityInterface4

===========================================================================================
----------------- testing Mon Jul 15 16:45:22 UTC 2019 /home/travis/build/icyphy/ptII/ptolemy/domains/continuous/test/auto/CausalityInterface5.xml
----------------- Instantiating /home/travis/build/icyphy/ptII/ptolemy/domains/continuous/test/auto/CausalityInterface5.xml
8 ms. Memory: 210944K Free: 143684K (68%)
----------------- Invoking toplevel() on ptolemy.moml.MoMLSimpleApplication@64764d2e
----------------- Done invoking toplevel() on ptolemy.moml.MoMLSimpleApplication@64764d2e
reloadAllAccessors: .CausalityInterface5

===========================================================================================
----------------- testing Mon Jul 15 16:45:22 UTC 2019 /home/travis/build/icyphy/ptII/ptolemy/domains/continuous/test/auto/CausalityInterface6.xml
----------------- Instantiating /home/travis/build/icyphy/ptII/ptolemy/domains/continuous/test/auto/CausalityInterface6.xml
5 ms. Memory: 210944K Free: 138035K (65%)
----------------- Invoking toplevel() on ptolemy.moml.MoMLSimpleApplication@775097b9
----------------- Done invoking toplevel() on ptolemy.moml.MoMLSimpleApplication@775097b9
reloadAllAccessors: .CausalityInterface6

===========================================================================================
----------------- testing Mon Jul 15 16:45:22 UTC 2019 /home/travis/build/icyphy/ptII/ptolemy/domains/continuous/test/auto/CausalityInterface7.xml
----------------- Instantiating /home/travis/build/icyphy/ptII/ptolemy/domains/continuous/test/auto/CausalityInterface7.xml
7 ms. Memory: 210944K Free: 129348K (61%)
----------------- Invoking toplevel() on ptolemy.moml.MoMLSimpleApplication@170564d8
----------------- Done invoking toplevel() on ptolemy.moml.MoMLSimpleApplication@170564d8
reloadAllAccessors: .CausalityInterface7

===========================================================================================
----------------- testing Mon Jul 15 16:45:23 UTC 2019 /home/travis/build/icyphy/ptII/ptolemy/domains/continuous/test/auto/CausalityInterface8.xml
----------------- Instantiating /home/travis/build/icyphy/ptII/ptolemy/domains/continuous/test/auto/CausalityInterface8.xml
4 ms. Memory: 210944K Free: 120132K (57%)
----------------- Invoking toplevel() on ptolemy.moml.MoMLSimpleApplication@4e707ef4
----------------- Done invoking toplevel() on ptolemy.moml.MoMLSimpleApplication@4e707ef4
reloadAllAccessors: .CausalityInterface8

===========================================================================================
----------------- testing Mon Jul 15 16:45:23 UTC 2019 /home/travis/build/icyphy/ptII/ptolemy/domains/continuous/test/auto/CausalityInterface9.xml
----------------- Instantiating /home/travis/build/icyphy/ptII/ptolemy/domains/continuous/test/auto/CausalityInterface9.xml
9 ms. Memory: 210944K Free: 109378K (52%)
----------------- Invoking toplevel() on ptolemy.moml.MoMLSimpleApplication@2c585c41
----------------- Done invoking toplevel() on ptolemy.moml.MoMLSimpleApplication@2c585c41
reloadAllAccessors: .CausalityInterface9

===========================================================================================
----------------- testing Mon Jul 15 16:45:23 UTC 2019 /home/travis/build/icyphy/ptII/ptolemy/domains/continuous/test/auto/CausalityInterfaceFeedback1.xml
----------------- Instantiating /home/travis/build/icyphy/ptII/ptolemy/domains/continuous/test/auto/CausalityInterfaceFeedback1.xml
6 ms. Memory: 210944K Free: 102724K (49%)
----------------- Invoking toplevel() on ptolemy.moml.MoMLSimpleApplication@4b214013
----------------- Done invoking toplevel() on ptolemy.moml.MoMLSimpleApplication@4b214013
reloadAllAccessors: .CausalityInterfaceFeedback1

===========================================================================================
----------------- testing Mon Jul 15 16:45:23 UTC 2019 /home/travis/build/icyphy/ptII/ptolemy/domains/continuous/test/auto/CausalityInterfaceFeedback2.xml
----------------- Instantiating /home/travis/build/icyphy/ptII/ptolemy/domains/continuous/test/auto/CausalityInterfaceFeedback2.xml
3 ms. Memory: 210944K Free: 96051K (46%)
----------------- Invoking toplevel() on ptolemy.moml.MoMLSimpleApplication@6f08eb0a
----------------- Done invoking toplevel() on ptolemy.moml.MoMLSimpleApplication@6f08eb0a
reloadAllAccessors: .CausalityInterfaceFeedback2

===========================================================================================
----------------- testing Mon Jul 15 16:45:23 UTC 2019 /home/travis/build/icyphy/ptII/ptolemy/domains/continuous/test/auto/CompareWithCurrentTime.xml
----------------- Instantiating /home/travis/build/icyphy/ptII/ptolemy/domains/continuous/test/auto/CompareWithCurrentTime.xml
3 ms. Memory: 210944K Free: 91970K (44%)
----------------- Invoking toplevel() on ptolemy.moml.MoMLSimpleApplication@522849c6
----------------- Done invoking toplevel() on ptolemy.moml.MoMLSimpleApplication@522849c6
reloadAllAccessors: .CompareWithCurrentTime

===========================================================================================
----------------- testing Mon Jul 15 16:45:23 UTC 2019 /home/travis/build/icyphy/ptII/ptolemy/domains/continuous/test/auto/ComparedClocks.xml
----------------- Instantiating /home/travis/build/icyphy/ptII/ptolemy/domains/continuous/test/auto/ComparedClocks.xml
6 ms. Memory: 210944K Free: 76595K (36%)
----------------- Invoking toplevel() on ptolemy.moml.MoMLSimpleApplication@1b062c29
----------------- Done invoking toplevel() on ptolemy.moml.MoMLSimpleApplication@1b062c29
reloadAllAccessors: .ComparedClocks

===========================================================================================
----------------- testing Mon Jul 15 16:45:23 UTC 2019 /home/travis/build/icyphy/ptII/ptolemy/domains/continuous/test/auto/ContinuousAOCClone.xml
----------------- Instantiating /home/travis/build/icyphy/ptII/ptolemy/domains/continuous/test/auto/ContinuousAOCClone.xml
2676 ms. Memory: 253952K Free: 224969K (89%)
----------------- Invoking toplevel() on ptolemy.moml.MoMLSimpleApplication@16b69f78
----------------- Done invoking toplevel() on ptolemy.moml.MoMLSimpleApplication@16b69f78
reloadAllAccessors: .ContinuousAOCClone

===========================================================================================
----------------- testing Mon Jul 15 16:45:26 UTC 2019 /home/travis/build/icyphy/ptII/ptolemy/domains/continuous/test/auto/ContinuousClock.xml
----------------- Instantiating /home/travis/build/icyphy/ptII/ptolemy/domains/continuous/test/auto/ContinuousClock.xml
37 ms. Memory: 253952K Free: 203465K (80%)
----------------- Invoking toplevel() on ptolemy.moml.MoMLSimpleApplication@6dbf3e43
----------------- Done invoking toplevel() on ptolemy.moml.MoMLSimpleApplication@6dbf3e43
reloadAllAccessors: .ContinuousClock

===========================================================================================
----------------- testing Mon Jul 15 16:45:26 UTC 2019 /home/travis/build/icyphy/ptII/ptolemy/domains/continuous/test/auto/ContinuousInContinuous.xml
----------------- Instantiating /home/travis/build/icyphy/ptII/ptolemy/domains/continuous/test/auto/ContinuousInContinuous.xml
41 ms. Memory: 253952K Free: 179399K (71%)
----------------- Invoking toplevel() on ptolemy.moml.MoMLSimpleApplication@1701a4eb
----------------- Done invoking toplevel() on ptolemy.moml.MoMLSimpleApplication@1701a4eb
reloadAllAccessors: .ContinuousInContinuous

===========================================================================================
----------------- testing Mon Jul 15 16:45:26 UTC 2019 /home/travis/build/icyphy/ptII/ptolemy/domains/continuous/test/auto/ContinuousInContinuousInContinuous.xml
----------------- Instantiating /home/travis/build/icyphy/ptII/ptolemy/domains/continuous/test/auto/ContinuousInContinuousInContinuous.xml
10 ms. Memory: 253952K Free: 171721K (68%)
----------------- Invoking toplevel() on ptolemy.moml.MoMLSimpleApplication@13d192ba
----------------- Done invoking toplevel() on ptolemy.moml.MoMLSimpleApplication@13d192ba
reloadAllAccessors: .ContinuousInContinuousInContinuous

===========================================================================================
----------------- testing Mon Jul 15 16:45:26 UTC 2019 /home/travis/build/icyphy/ptII/ptolemy/domains/continuous/test/auto/ContinuousInDE.xml
----------------- Instantiating /home/travis/build/icyphy/ptII/ptolemy/domains/continuous/test/auto/ContinuousInDE.xml
76 ms. Memory: 253952K Free: 161481K (64%)
----------------- Invoking toplevel() on ptolemy.moml.MoMLSimpleApplication@6b20d61
----------------- Done invoking toplevel() on ptolemy.moml.MoMLSimpleApplication@6b20d61
reloadAllAccessors: .ContinuousInDE

===========================================================================================
----------------- testing Mon Jul 15 16:45:26 UTC 2019 /home/travis/build/icyphy/ptII/ptolemy/domains/continuous/test/auto/ContinuousInDE2.xml
----------------- Instantiating /home/travis/build/icyphy/ptII/ptolemy/domains/continuous/test/auto/ContinuousInDE2.xml
48 ms. Memory: 253952K Free: 151751K (60%)
----------------- Invoking toplevel() on ptolemy.moml.MoMLSimpleApplication@40151eaf
----------------- Done invoking toplevel() on ptolemy.moml.MoMLSimpleApplication@40151eaf
reloadAllAccessors: .ContinuousInDE2

===========================================================================================
----------------- testing Mon Jul 15 16:45:26 UTC 2019 /home/travis/build/icyphy/ptII/ptolemy/domains/continuous/test/auto/ContinuousInDE3.xml
----------------- Instantiating /home/travis/build/icyphy/ptII/ptolemy/domains/continuous/test/auto/ContinuousInDE3.xml
37 ms. Memory: 253952K Free: 142025K (56%)
----------------- Invoking toplevel() on ptolemy.moml.MoMLSimpleApplication@7c962238
----------------- Done invoking toplevel() on ptolemy.moml.MoMLSimpleApplication@7c962238
reloadAllAccessors: .ContinuousInDE3

===========================================================================================
----------------- testing Mon Jul 15 16:45:26 UTC 2019 /home/travis/build/icyphy/ptII/ptolemy/domains/continuous/test/auto/ContinuousInDE4.xml
----------------- Instantiating /home/travis/build/icyphy/ptII/ptolemy/domains/continuous/test/auto/ContinuousInDE4.xml
19 ms. Memory: 253952K Free: 135367K (53%)
----------------- Invoking toplevel() on ptolemy.moml.MoMLSimpleApplication@bcd3788
----------------- Done invoking toplevel() on ptolemy.moml.MoMLSimpleApplication@bcd3788
reloadAllAccessors: .ContinuousInDE4

===========================================================================================
----------------- testing Mon Jul 15 16:45:26 UTC 2019 /home/travis/build/icyphy/ptII/ptolemy/domains/continuous/test/auto/ContinuousInDEDifferentRefinements.xml
----------------- Instantiating /home/travis/build/icyphy/ptII/ptolemy/domains/continuous/test/auto/ContinuousInDEDifferentRefinements.xml
54 ms. Memory: 253952K Free: 104137K (41%)
----------------- Invoking toplevel() on ptolemy.moml.MoMLSimpleApplication@2a73880d
----------------- Done invoking toplevel() on ptolemy.moml.MoMLSimpleApplication@2a73880d
reloadAllAccessors: .ContinuousInDEDifferentRefinements

===========================================================================================
----------------- testing Mon Jul 15 16:45:26 UTC 2019 /home/travis/build/icyphy/ptII/ptolemy/domains/continuous/test/auto/ContinuousInDEDifferentRefinementsPreemptive.xml
----------------- Instantiating /home/travis/build/icyphy/ptII/ptolemy/domains/continuous/test/auto/ContinuousInDEDifferentRefinementsPreemptive.xml
53 ms. Memory: 253952K Free: 223582K (88%)
----------------- Invoking toplevel() on ptolemy.moml.MoMLSimpleApplication@5d6f07fd
----------------- Done invoking toplevel() on ptolemy.moml.MoMLSimpleApplication@5d6f07fd
reloadAllAccessors: .ContinuousInDEDifferentRefinementsPreemptive

===========================================================================================
----------------- testing Mon Jul 15 16:45:26 UTC 2019 /home/travis/build/icyphy/ptII/ptolemy/domains/continuous/test/auto/ContinuousInDEInContinuous2.xml
----------------- Instantiating /home/travis/build/icyphy/ptII/ptolemy/domains/continuous/test/auto/ContinuousInDEInContinuous2.xml
39 ms. Memory: 253952K Free: 212169K (84%)
----------------- Invoking toplevel() on ptolemy.moml.MoMLSimpleApplication@72b35dc4
----------------- Done invoking toplevel() on ptolemy.moml.MoMLSimpleApplication@72b35dc4
reloadAllAccessors: .ContinuousInDEInContinuous2

===========================================================================================
----------------- testing Mon Jul 15 16:45:27 UTC 2019 /home/travis/build/icyphy/ptII/ptolemy/domains/continuous/test/auto/ContinuousInDEInContinuous3.xml
----------------- Instantiating /home/travis/build/icyphy/ptII/ptolemy/domains/continuous/test/auto/ContinuousInDEInContinuous3.xml
37 ms. Memory: 253952K Free: 200391K (79%)
----------------- Invoking toplevel() on ptolemy.moml.MoMLSimpleApplication@345fbd17
----------------- Done invoking toplevel() on ptolemy.moml.MoMLSimpleApplication@345fbd17
reloadAllAccessors: .ContinuousInDEInContinuous3

===========================================================================================
----------------- testing Mon Jul 15 16:45:27 UTC 2019 /home/travis/build/icyphy/ptII/ptolemy/domains/continuous/test/auto/ContinuousInDEInput.xml
----------------- Instantiating /home/travis/build/icyphy/ptII/ptolemy/domains/continuous/test/auto/ContinuousInDEInput.xml
18 ms. Memory: 253952K Free: 193223K (76%)
----------------- Invoking toplevel() on ptolemy.moml.MoMLSimpleApplication@37c31aec
----------------- Done invoking toplevel() on ptolemy.moml.MoMLSimpleApplication@37c31aec
reloadAllAccessors: .ContinuousInDEInput

===========================================================================================
----------------- testing Mon Jul 15 16:45:27 UTC 2019 /home/travis/build/icyphy/ptII/ptolemy/domains/continuous/test/auto/ContinuousInDEInput2.xml
----------------- Instantiating /home/travis/build/icyphy/ptII/ptolemy/domains/continuous/test/auto/ContinuousInDEInput2.xml
17 ms. Memory: 253952K Free: 186055K (73%)
----------------- Invoking toplevel() on ptolemy.moml.MoMLSimpleApplication@7b480183
----------------- Done invoking toplevel() on ptolemy.moml.MoMLSimpleApplication@7b480183
reloadAllAccessors: .ContinuousInDEInput2

===========================================================================================
----------------- testing Mon Jul 15 16:45:27 UTC 2019 /home/travis/build/icyphy/ptII/ptolemy/domains/continuous/test/auto/ContinuousInDEInput3.xml
----------------- Instantiating /home/travis/build/icyphy/ptII/ptolemy/domains/continuous/test/auto/ContinuousInDEInput3.xml
17 ms. Memory: 253952K Free: 178887K (70%)
----------------- Invoking toplevel() on ptolemy.moml.MoMLSimpleApplication@4bf470e6
----------------- Done invoking toplevel() on ptolemy.moml.MoMLSimpleApplication@4bf470e6
reloadAllAccessors: .ContinuousInDEInput3

===========================================================================================
----------------- testing Mon Jul 15 16:45:27 UTC 2019 /home/travis/build/icyphy/ptII/ptolemy/domains/continuous/test/auto/ContinuousInDESharingRefinement.xml
----------------- Instantiating /home/travis/build/icyphy/ptII/ptolemy/domains/continuous/test/auto/ContinuousInDESharingRefinement.xml
156 ms. Memory: 253952K Free: 234779K (92%)
----------------- Invoking toplevel() on ptolemy.moml.MoMLSimpleApplication@4d059774
----------------- Done invoking toplevel() on ptolemy.moml.MoMLSimpleApplication@4d059774
reloadAllAccessors: .ContinuousInDESharingRefinement

===========================================================================================
----------------- testing Mon Jul 15 16:45:27 UTC 2019 /home/travis/build/icyphy/ptII/ptolemy/domains/continuous/test/auto/ContinuousInDEwithNoPorts.xml
----------------- Instantiating /home/travis/build/icyphy/ptII/ptolemy/domains/continuous/test/auto/ContinuousInDEwithNoPorts.xml
7 ms. Memory: 253952K Free: 230139K (91%)
----------------- Invoking toplevel() on ptolemy.moml.MoMLSimpleApplication@7b9854cc
----------------- Done invoking toplevel() on ptolemy.moml.MoMLSimpleApplication@7b9854cc
reloadAllAccessors: .ContinuousInDEwithNoPorts

===========================================================================================
----------------- testing Mon Jul 15 16:45:27 UTC 2019 /home/travis/build/icyphy/ptII/ptolemy/domains/continuous/test/auto/ContinuousInsideDE.xml
----------------- Instantiating /home/travis/build/icyphy/ptII/ptolemy/domains/continuous/test/auto/ContinuousInsideDE.xml
41 ms. Memory: 253952K Free: 218905K (86%)
----------------- Invoking toplevel() on ptolemy.moml.MoMLSimpleApplication@7aaf44ab
----------------- Done invoking toplevel() on ptolemy.moml.MoMLSimpleApplication@7aaf44ab
reloadAllAccessors: .ContinuousInsideDE

===========================================================================================
----------------- testing Mon Jul 15 16:45:27 UTC 2019 /home/travis/build/icyphy/ptII/ptolemy/domains/continuous/test/auto/ContinuousMerge1.xml
----------------- Instantiating /home/travis/build/icyphy/ptII/ptolemy/domains/continuous/test/auto/ContinuousMerge1.xml
2 ms. Memory: 253952K Free: 214299K (84%)
----------------- Invoking toplevel() on ptolemy.moml.MoMLSimpleApplication@16f0abb0
----------------- Done invoking toplevel() on ptolemy.moml.MoMLSimpleApplication@16f0abb0
reloadAllAccessors: .ContinuousMerge1

===========================================================================================
----------------- testing Mon Jul 15 16:45:27 UTC 2019 /home/travis/build/icyphy/ptII/ptolemy/domains/continuous/test/auto/ContinuousMerge2.xml
----------------- Instantiating /home/travis/build/icyphy/ptII/ptolemy/domains/continuous/test/auto/ContinuousMerge2.xml
29 ms. Memory: 253952K Free: 203545K (80%)
----------------- Invoking toplevel() on ptolemy.moml.MoMLSimpleApplication@2d99ce3f
----------------- Done invoking toplevel() on ptolemy.moml.MoMLSimpleApplication@2d99ce3f
reloadAllAccessors: .ContinuousMerge2

===========================================================================================
----------------- testing Mon Jul 15 16:45:27 UTC 2019 /home/travis/build/icyphy/ptII/ptolemy/domains/continuous/test/auto/ContinuousMerge3.xml
----------------- Instantiating /home/travis/build/icyphy/ptII/ptolemy/domains/continuous/test/auto/ContinuousMerge3.xml
50 ms. Memory: 253952K Free: 192795K (76%)
----------------- Invoking toplevel() on ptolemy.moml.MoMLSimpleApplication@6cf4f18f
----------------- Done invoking toplevel() on ptolemy.moml.MoMLSimpleApplication@6cf4f18f
reloadAllAccessors: .ContinuousMerge3

===========================================================================================
----------------- testing Mon Jul 15 16:45:27 UTC 2019 /home/travis/build/icyphy/ptII/ptolemy/domains/continuous/test/auto/ContinuousWithinContinuous.xml
----------------- Instantiating /home/travis/build/icyphy/ptII/ptolemy/domains/continuous/test/auto/ContinuousWithinContinuous.xml
41 ms. Memory: 253952K Free: 184089K (72%)
----------------- Invoking toplevel() on ptolemy.moml.MoMLSimpleApplication@1d352238
----------------- Done invoking toplevel() on ptolemy.moml.MoMLSimpleApplication@1d352238
reloadAllAccessors: .ContinuousWithinContinuous

===========================================================================================
----------------- testing Mon Jul 15 16:45:27 UTC 2019 /home/travis/build/icyphy/ptII/ptolemy/domains/continuous/test/auto/ContinuousWithinContinuous2.xml
----------------- Instantiating /home/travis/build/icyphy/ptII/ptolemy/domains/continuous/test/auto/ContinuousWithinContinuous2.xml
75 ms. Memory: 253952K Free: 173339K (68%)
----------------- Invoking toplevel() on ptolemy.moml.MoMLSimpleApplication@73b3e299
----------------- Done invoking toplevel() on ptolemy.moml.MoMLSimpleApplication@73b3e299
reloadAllAccessors: .ContinuousWithinContinuous2

===========================================================================================
----------------- testing Mon Jul 15 16:45:27 UTC 2019 /home/travis/build/icyphy/ptII/ptolemy/domains/continuous/test/auto/ContinuousWithinContinuous3.xml
----------------- Instantiating /home/travis/build/icyphy/ptII/ptolemy/domains/continuous/test/auto/ContinuousWithinContinuous3.xml
14 ms. Memory: 253952K Free: 166171K (65%)
----------------- Invoking toplevel() on ptolemy.moml.MoMLSimpleApplication@491adbd7
----------------- Done invoking toplevel() on ptolemy.moml.MoMLSimpleApplication@491adbd7
reloadAllAccessors: .ContinuousWithinContinuous3

===========================================================================================
----------------- testing Mon Jul 15 16:45:27 UTC 2019 /home/travis/build/icyphy/ptII/ptolemy/domains/continuous/test/auto/ContinuousWithinContinuous4.xml
----------------- Instantiating /home/travis/build/icyphy/ptII/ptolemy/domains/continuous/test/auto/ContinuousWithinContinuous4.xml
79 ms. Memory: 253952K Free: 153883K (61%)
----------------- Invoking toplevel() on ptolemy.moml.MoMLSimpleApplication@5859dd10
----------------- Done invoking toplevel() on ptolemy.moml.MoMLSimpleApplication@5859dd10
reloadAllAccessors: .ContinuousWithinContinuous4

===========================================================================================
----------------- testing Mon Jul 15 16:45:27 UTC 2019 /home/travis/build/icyphy/ptII/ptolemy/domains/continuous/test/auto/ContinuousWithinContinuous5.xml
----------------- Instantiating /home/travis/build/icyphy/ptII/ptolemy/domains/continuous/test/auto/ContinuousWithinContinuous5.xml
26 ms. Memory: 253952K Free: 146201K (58%)
----------------- Invoking toplevel() on ptolemy.moml.MoMLSimpleApplication@7bd885ab
----------------- Done invoking toplevel() on ptolemy.moml.MoMLSimpleApplication@7bd885ab
reloadAllAccessors: .ContinuousWithinContinuous5

===========================================================================================
----------------- testing Mon Jul 15 16:45:28 UTC 2019 /home/travis/build/icyphy/ptII/ptolemy/domains/continuous/test/auto/ContinuousWithinContinuous6.xml
----------------- Instantiating /home/travis/build/icyphy/ptII/ptolemy/domains/continuous/test/auto/ContinuousWithinContinuous6.xml
13 ms. Memory: 253952K Free: 139033K (55%)
----------------- Invoking toplevel() on ptolemy.moml.MoMLSimpleApplication@1e9191ff
----------------- Done invoking toplevel() on ptolemy.moml.MoMLSimpleApplication@1e9191ff
reloadAllAccessors: .ContinuousWithinContinuous6

===========================================================================================
----------------- testing Mon Jul 15 16:45:28 UTC 2019 /home/travis/build/icyphy/ptII/ptolemy/domains/continuous/test/auto/ContinuousWithinContinuous7.xml
----------------- Instantiating /home/travis/build/icyphy/ptII/ptolemy/domains/continuous/test/auto/ContinuousWithinContinuous7.xml
61 ms. Memory: 253952K Free: 128283K (51%)
----------------- Invoking toplevel() on ptolemy.moml.MoMLSimpleApplication@22b33237
----------------- Done invoking toplevel() on ptolemy.moml.MoMLSimpleApplication@22b33237
reloadAllAccessors: .ContinuousWithinContinuous7

===========================================================================================
----------------- testing Mon Jul 15 16:45:28 UTC 2019 /home/travis/build/icyphy/ptII/ptolemy/domains/continuous/test/auto/DCMotor.xml
----------------- Instantiating /home/travis/build/icyphy/ptII/ptolemy/domains/continuous/test/auto/DCMotor.xml
13353 ms. Memory: 253952K Free: 238462K (94%)
----------------- Invoking toplevel() on ptolemy.moml.MoMLSimpleApplication@22cbbe04
----------------- Done invoking toplevel() on ptolemy.moml.MoMLSimpleApplication@22cbbe04
reloadAllAccessors: .DCMotor

===========================================================================================
----------------- testing Mon Jul 15 16:45:41 UTC 2019 /home/travis/build/icyphy/ptII/ptolemy/domains/continuous/test/auto/DEInContinuous.xml
----------------- Instantiating /home/travis/build/icyphy/ptII/ptolemy/domains/continuous/test/auto/DEInContinuous.xml
11 ms. Memory: 253952K Free: 232318K (91%)
----------------- Invoking toplevel() on ptolemy.moml.MoMLSimpleApplication@17586a88
----------------- Done invoking toplevel() on ptolemy.moml.MoMLSimpleApplication@17586a88
reloadAllAccessors: .DEInContinuous

===========================================================================================
----------------- testing Mon Jul 15 16:45:41 UTC 2019 /home/travis/build/icyphy/ptII/ptolemy/domains/continuous/test/auto/DEinContinuous2.xml
----------------- Instantiating /home/travis/build/icyphy/ptII/ptolemy/domains/continuous/test/auto/DEinContinuous2.xml
6 ms. Memory: 253952K Free: 224622K (88%)
----------------- Invoking toplevel() on ptolemy.moml.MoMLSimpleApplication@583aa9a5
----------------- Done invoking toplevel() on ptolemy.moml.MoMLSimpleApplication@583aa9a5
reloadAllAccessors: .DEinContinuous2

===========================================================================================
----------------- testing Mon Jul 15 16:45:41 UTC 2019 /home/travis/build/icyphy/ptII/ptolemy/domains/continuous/test/auto/Derivative.xml
----------------- Instantiating /home/travis/build/icyphy/ptII/ptolemy/domains/continuous/test/auto/Derivative.xml
143 ms. Memory: 253952K Free: 195454K (77%)
----------------- Invoking toplevel() on ptolemy.moml.MoMLSimpleApplication@1ec45fa7
----------------- Done invoking toplevel() on ptolemy.moml.MoMLSimpleApplication@1ec45fa7
reloadAllAccessors: .Derivative2

===========================================================================================
----------------- testing Mon Jul 15 16:45:41 UTC 2019 /home/travis/build/icyphy/ptII/ptolemy/domains/continuous/test/auto/Derivative1.xml
----------------- Instantiating /home/travis/build/icyphy/ptII/ptolemy/domains/continuous/test/auto/Derivative1.xml
28 ms. Memory: 253952K Free: 181118K (71%)
----------------- Invoking toplevel() on ptolemy.moml.MoMLSimpleApplication@3881190a
----------------- Done invoking toplevel() on ptolemy.moml.MoMLSimpleApplication@3881190a
reloadAllAccessors: .Derivative1

===========================================================================================
----------------- testing Mon Jul 15 16:45:41 UTC 2019 /home/travis/build/icyphy/ptII/ptolemy/domains/continuous/test/auto/DiscreteClock.xml
----------------- Instantiating /home/travis/build/icyphy/ptII/ptolemy/domains/continuous/test/auto/DiscreteClock.xml
4 ms. Memory: 253952K Free: 175998K (69%)
----------------- Invoking toplevel() on ptolemy.moml.MoMLSimpleApplication@55462ea1
----------------- Done invoking toplevel() on ptolemy.moml.MoMLSimpleApplication@55462ea1
reloadAllAccessors: .DiscreteClock

===========================================================================================
----------------- testing Mon Jul 15 16:45:41 UTC 2019 /home/travis/build/icyphy/ptII/ptolemy/domains/continuous/test/auto/EfficiencyCurve.xml
----------------- Instantiating /home/travis/build/icyphy/ptII/ptolemy/domains/continuous/test/auto/EfficiencyCurve.xml
59 ms. Memory: 253952K Free: 166782K (66%)
----------------- Invoking toplevel() on ptolemy.moml.MoMLSimpleApplication@7c37b127
----------------- Done invoking toplevel() on ptolemy.moml.MoMLSimpleApplication@7c37b127
reloadAllAccessors: .EfficiencyCurve

===========================================================================================
----------------- testing Mon Jul 15 16:45:42 UTC 2019 /home/travis/build/icyphy/ptII/ptolemy/domains/continuous/test/auto/ExponentialResponse.xml
----------------- Instantiating /home/travis/build/icyphy/ptII/ptolemy/domains/continuous/test/auto/ExponentialResponse.xml
109 ms. Memory: 253952K Free: 150908K (59%)
----------------- Invoking toplevel() on ptolemy.moml.MoMLSimpleApplication@42090140
----------------- Done invoking toplevel() on ptolemy.moml.MoMLSimpleApplication@42090140
reloadAllAccessors: .ExponentialResponse

===========================================================================================
----------------- testing Mon Jul 15 16:45:42 UTC 2019 /home/travis/build/icyphy/ptII/ptolemy/domains/continuous/test/auto/ExponentialResponseRK45.xml
----------------- Instantiating /home/travis/build/icyphy/ptII/ptolemy/domains/continuous/test/auto/ExponentialResponseRK45.xml
25 ms. Memory: 253952K Free: 144254K (57%)
----------------- Invoking toplevel() on ptolemy.moml.MoMLSimpleApplication@59d08fbe
----------------- Done invoking toplevel() on ptolemy.moml.MoMLSimpleApplication@59d08fbe
reloadAllAccessors: .ExponentialResponseRK45

===========================================================================================
----------------- testing Mon Jul 15 16:45:42 UTC 2019 /home/travis/build/icyphy/ptII/ptolemy/domains/continuous/test/auto/Friction.xml
----------------- Instantiating /home/travis/build/icyphy/ptII/ptolemy/domains/continuous/test/auto/Friction.xml
1536 ms. Memory: 253952K Free: 173264K (68%)
----------------- Invoking toplevel() on ptolemy.moml.MoMLSimpleApplication@2124e74d
----------------- Done invoking toplevel() on ptolemy.moml.MoMLSimpleApplication@2124e74d
reloadAllAccessors: .Friction

===========================================================================================
----------------- testing Mon Jul 15 16:45:43 UTC 2019 /home/travis/build/icyphy/ptII/ptolemy/domains/continuous/test/auto/FurutaPendulum.xml
----------------- Instantiating /home/travis/build/icyphy/ptII/ptolemy/domains/continuous/test/auto/FurutaPendulum.xml
3376 ms. Memory: 253952K Free: 134422K (53%)
----------------- Invoking toplevel() on ptolemy.moml.MoMLSimpleApplication@40d812c7
----------------- Done invoking toplevel() on ptolemy.moml.MoMLSimpleApplication@40d812c7
reloadAllAccessors: .FurutaPendulum

===========================================================================================
----------------- testing Mon Jul 15 16:45:47 UTC 2019 /home/travis/build/icyphy/ptII/ptolemy/domains/continuous/test/auto/HierarchicalExecution.xml
----------------- Instantiating /home/travis/build/icyphy/ptII/ptolemy/domains/continuous/test/auto/HierarchicalExecution.xml
1924 ms. Memory: 253952K Free: 145366K (57%)
----------------- Invoking toplevel() on ptolemy.moml.MoMLSimpleApplication@62941305
----------------- Done invoking toplevel() on ptolemy.moml.MoMLSimpleApplication@62941305
reloadAllAccessors: .HierarchicalExecution

===========================================================================================
----------------- testing Mon Jul 15 16:45:49 UTC 2019 /home/travis/build/icyphy/ptII/ptolemy/domains/continuous/test/auto/HybridPlant.xml
----------------- Instantiating /home/travis/build/icyphy/ptII/ptolemy/domains/continuous/test/auto/HybridPlant.xml
518 ms. Memory: 253952K Free: 181637K (72%)
----------------- Invoking toplevel() on ptolemy.moml.MoMLSimpleApplication@5ca1d6f8
----------------- Done invoking toplevel() on ptolemy.moml.MoMLSimpleApplication@5ca1d6f8
reloadAllAccessors: .HybridPlant

===========================================================================================
----------------- testing Mon Jul 15 16:45:50 UTC 2019 /home/travis/build/icyphy/ptII/ptolemy/domains/continuous/test/auto/Hysteresis.xml
----------------- Instantiating /home/travis/build/icyphy/ptII/ptolemy/domains/continuous/test/auto/Hysteresis.xml
140 ms. Memory: 253952K Free: 119165K (47%)
----------------- Invoking toplevel() on ptolemy.moml.MoMLSimpleApplication@3bc30078
----------------- Done invoking toplevel() on ptolemy.moml.MoMLSimpleApplication@3bc30078
reloadAllAccessors: .Hysteresis

===========================================================================================
----------------- testing Mon Jul 15 16:45:50 UTC 2019 /home/travis/build/icyphy/ptII/ptolemy/domains/continuous/test/auto/HysteresisWithRandomDelay.xml
----------------- Instantiating /home/travis/build/icyphy/ptII/ptolemy/domains/continuous/test/auto/HysteresisWithRandomDelay.xml
186 ms. Memory: 253952K Free: 198415K (78%)
----------------- Invoking toplevel() on ptolemy.moml.MoMLSimpleApplication@1a5e19d8
----------------- Done invoking toplevel() on ptolemy.moml.MoMLSimpleApplication@1a5e19d8
reloadAllAccessors: .HysteresisWithRandomDelay

===========================================================================================
----------------- testing Mon Jul 15 16:45:50 UTC 2019 /home/travis/build/icyphy/ptII/ptolemy/domains/continuous/test/auto/HysteresisWithRandomLosses.xml
----------------- Instantiating /home/travis/build/icyphy/ptII/ptolemy/domains/continuous/test/auto/HysteresisWithRandomLosses.xml
2366 ms. Memory: 305152K Free: 112200K (37%)
----------------- Invoking toplevel() on ptolemy.moml.MoMLSimpleApplication@3f44c189
----------------- Done invoking toplevel() on ptolemy.moml.MoMLSimpleApplication@3f44c189
reloadAllAccessors: .HysteresisWithRandomLosses

===========================================================================================
----------------- testing Mon Jul 15 16:45:53 UTC 2019 /home/travis/build/icyphy/ptII/ptolemy/domains/continuous/test/auto/ImmediateTransitions.xml
----------------- Instantiating /home/travis/build/icyphy/ptII/ptolemy/domains/continuous/test/auto/ImmediateTransitions.xml
16 ms. Memory: 305152K Free: 282281K (93%)
----------------- Invoking toplevel() on ptolemy.moml.MoMLSimpleApplication@1c3e3df9
----------------- Done invoking toplevel() on ptolemy.moml.MoMLSimpleApplication@1c3e3df9
reloadAllAccessors: .ImmediateTransitions

===========================================================================================
----------------- testing Mon Jul 15 16:45:53 UTC 2019 /home/travis/build/icyphy/ptII/ptolemy/domains/continuous/test/auto/ImpulseFeedback.xml
----------------- Instantiating /home/travis/build/icyphy/ptII/ptolemy/domains/continuous/test/auto/ImpulseFeedback.xml
9 ms. Memory: 305152K Free: 276651K (91%)
----------------- Invoking toplevel() on ptolemy.moml.MoMLSimpleApplication@109b87b
----------------- Done invoking toplevel() on ptolemy.moml.MoMLSimpleApplication@109b87b
reloadAllAccessors: .ImpulseFeedback

===========================================================================================
----------------- testing Mon Jul 15 16:45:53 UTC 2019 /home/travis/build/icyphy/ptII/ptolemy/domains/continuous/test/auto/ImpulseFeedback2.xml
----------------- Instantiating /home/travis/build/icyphy/ptII/ptolemy/domains/continuous/test/auto/ImpulseFeedback2.xml
6 ms. Memory: 305152K Free: 271017K (89%)
----------------- Invoking toplevel() on ptolemy.moml.MoMLSimpleApplication@6bdcd7db
----------------- Done invoking toplevel() on ptolemy.moml.MoMLSimpleApplication@6bdcd7db
reloadAllAccessors: .ImpulseFeedback2

===========================================================================================
----------------- testing Mon Jul 15 16:45:53 UTC 2019 /home/travis/build/icyphy/ptII/ptolemy/domains/continuous/test/auto/IncreasingRatePoisson.xml
----------------- Instantiating /home/travis/build/icyphy/ptII/ptolemy/domains/continuous/test/auto/IncreasingRatePoisson.xml
779 ms. Memory: 305152K Free: 122062K (40%)
----------------- Invoking toplevel() on ptolemy.moml.MoMLSimpleApplication@4bc83161
----------------- Done invoking toplevel() on ptolemy.moml.MoMLSimpleApplication@4bc83161
reloadAllAccessors: .IncreasingRatePoisson

===========================================================================================
----------------- testing Mon Jul 15 16:45:53 UTC 2019 /home/travis/build/icyphy/ptII/ptolemy/domains/continuous/test/auto/InitialStateFeedback.xml
----------------- Instantiating /home/travis/build/icyphy/ptII/ptolemy/domains/continuous/test/auto/InitialStateFeedback.xml
4 ms. Memory: 305152K Free: 117452K (38%)
----------------- Invoking toplevel() on ptolemy.moml.MoMLSimpleApplication@7274b286
----------------- Done invoking toplevel() on ptolemy.moml.MoMLSimpleApplication@7274b286
reloadAllAccessors: .InitialStateFeedback

===========================================================================================
----------------- testing Mon Jul 15 16:45:53 UTC 2019 /home/travis/build/icyphy/ptII/ptolemy/domains/continuous/test/auto/Integration.xml
----------------- Instantiating /home/travis/build/icyphy/ptII/ptolemy/domains/continuous/test/auto/Integration.xml
1 ms. Memory: 305152K Free: 113356K (37%)
----------------- Invoking toplevel() on ptolemy.moml.MoMLSimpleApplication@64a89564
----------------- Done invoking toplevel() on ptolemy.moml.MoMLSimpleApplication@64a89564
reloadAllAccessors: .Integration

===========================================================================================
----------------- testing Mon Jul 15 16:45:54 UTC 2019 /home/travis/build/icyphy/ptII/ptolemy/domains/continuous/test/auto/Integration2.xml
----------------- Instantiating /home/travis/build/icyphy/ptII/ptolemy/domains/continuous/test/auto/Integration2.xml
79 ms. Memory: 305152K Free: 280691K (92%)
----------------- Invoking toplevel() on ptolemy.moml.MoMLSimpleApplication@5db3f4cb
----------------- Done invoking toplevel() on ptolemy.moml.MoMLSimpleApplication@5db3f4cb
reloadAllAccessors: .Integration2

===========================================================================================
----------------- testing Mon Jul 15 16:45:54 UTC 2019 /home/travis/build/icyphy/ptII/ptolemy/domains/continuous/test/auto/Integration3.xml
----------------- Instantiating /home/travis/build/icyphy/ptII/ptolemy/domains/continuous/test/auto/Integration3.xml
3 ms. Memory: 305152K Free: 275839K (90%)
----------------- Invoking toplevel() on ptolemy.moml.MoMLSimpleApplication@4234c60f
----------------- Done invoking toplevel() on ptolemy.moml.MoMLSimpleApplication@4234c60f
reloadAllAccessors: .Integration3

===========================================================================================
----------------- testing Mon Jul 15 16:45:54 UTC 2019 /home/travis/build/icyphy/ptII/ptolemy/domains/continuous/test/auto/Integration5.xml
----------------- Instantiating /home/travis/build/icyphy/ptII/ptolemy/domains/continuous/test/auto/Integration5.xml
2 ms. Memory: 305152K Free: 271743K (89%)
----------------- Invoking toplevel() on ptolemy.moml.MoMLSimpleApplication@76c2d104
----------------- Done invoking toplevel() on ptolemy.moml.MoMLSimpleApplication@76c2d104
reloadAllAccessors: .Integration5

===========================================================================================
----------------- testing Mon Jul 15 16:45:54 UTC 2019 /home/travis/build/icyphy/ptII/ptolemy/domains/continuous/test/auto/IntegratorImpulse.xml
----------------- Instantiating /home/travis/build/icyphy/ptII/ptolemy/domains/continuous/test/auto/IntegratorImpulse.xml
2 ms. Memory: 305152K Free: 267647K (88%)
----------------- Invoking toplevel() on ptolemy.moml.MoMLSimpleApplication@5658fdc5
----------------- Done invoking toplevel() on ptolemy.moml.MoMLSimpleApplication@5658fdc5
reloadAllAccessors: .IntegratorImpulse

===========================================================================================
----------------- testing Mon Jul 15 16:45:54 UTC 2019 /home/travis/build/icyphy/ptII/ptolemy/domains/continuous/test/auto/IntegratorImpulse2.xml
----------------- Instantiating /home/travis/build/icyphy/ptII/ptolemy/domains/continuous/test/auto/IntegratorImpulse2.xml
4 ms. Memory: 305152K Free: 263037K (86%)
----------------- Invoking toplevel() on ptolemy.moml.MoMLSimpleApplication@7bc6cd90
----------------- Done invoking toplevel() on ptolemy.moml.MoMLSimpleApplication@7bc6cd90
reloadAllAccessors: .IntegratorImpulse2

===========================================================================================
----------------- testing Mon Jul 15 16:45:54 UTC 2019 /home/travis/build/icyphy/ptII/ptolemy/domains/continuous/test/auto/LevelCrossing1.xml
----------------- Instantiating /home/travis/build/icyphy/ptII/ptolemy/domains/continuous/test/auto/LevelCrossing1.xml
2 ms. Memory: 305152K Free: 257917K (85%)
----------------- Invoking toplevel() on ptolemy.moml.MoMLSimpleApplication@2fbea7d1
----------------- Done invoking toplevel() on ptolemy.moml.MoMLSimpleApplication@2fbea7d1
reloadAllAccessors: .LevelCrossing1

===========================================================================================
----------------- testing Mon Jul 15 16:45:54 UTC 2019 /home/travis/build/icyphy/ptII/ptolemy/domains/continuous/test/auto/LevelCrossing2.xml
----------------- Instantiating /home/travis/build/icyphy/ptII/ptolemy/domains/continuous/test/auto/LevelCrossing2.xml
3 ms. Memory: 305152K Free: 252791K (83%)
----------------- Invoking toplevel() on ptolemy.moml.MoMLSimpleApplication@14b78a8f
----------------- Done invoking toplevel() on ptolemy.moml.MoMLSimpleApplication@14b78a8f
reloadAllAccessors: .LevelCrossing2

===========================================================================================
----------------- testing Mon Jul 15 16:45:54 UTC 2019 /home/travis/build/icyphy/ptII/ptolemy/domains/continuous/test/auto/LevelCrossing3.xml
----------------- Instantiating /home/travis/build/icyphy/ptII/ptolemy/domains/continuous/test/auto/LevelCrossing3.xml
3 ms. Memory: 305152K Free: 247677K (81%)
----------------- Invoking toplevel() on ptolemy.moml.MoMLSimpleApplication@1e3ffa97
----------------- Done invoking toplevel() on ptolemy.moml.MoMLSimpleApplication@1e3ffa97
reloadAllAccessors: .LevelCrossing3

===========================================================================================
----------------- testing Mon Jul 15 16:45:54 UTC 2019 /home/travis/build/icyphy/ptII/ptolemy/domains/continuous/test/auto/LevelCrossing4.xml
----------------- Instantiating /home/travis/build/icyphy/ptII/ptolemy/domains/continuous/test/auto/LevelCrossing4.xml
3 ms. Memory: 305152K Free: 242543K (79%)
----------------- Invoking toplevel() on ptolemy.moml.MoMLSimpleApplication@544c104b
----------------- Done invoking toplevel() on ptolemy.moml.MoMLSimpleApplication@544c104b
reloadAllAccessors: .LevelCrossing4

===========================================================================================
----------------- testing Mon Jul 15 16:45:54 UTC 2019 /home/travis/build/icyphy/ptII/ptolemy/domains/continuous/test/auto/LevelCrossing5.xml
----------------- Instantiating /home/travis/build/icyphy/ptII/ptolemy/domains/continuous/test/auto/LevelCrossing5.xml
3 ms. Memory: 305152K Free: 237431K (78%)
----------------- Invoking toplevel() on ptolemy.moml.MoMLSimpleApplication@2959ef72
----------------- Done invoking toplevel() on ptolemy.moml.MoMLSimpleApplication@2959ef72
reloadAllAccessors: .LevelCrossing5

===========================================================================================
[...]
reloadAllAccessors: .ResetTransitionWithStartTime6

===========================================================================================
----------------- testing Mon Jul 15 16:46:12 UTC 2019 /home/travis/build/icyphy/ptII/ptolemy/domains/continuous/test/auto/SRinContinuous.xml
----------------- Instantiating /home/travis/build/icyphy/ptII/ptolemy/domains/continuous/test/auto/SRinContinuous.xml
7 ms. Memory: 366592K Free: 202251K (55%)
----------------- Invoking toplevel() on ptolemy.moml.MoMLSimpleApplication@389099a7
----------------- Done invoking toplevel() on ptolemy.moml.MoMLSimpleApplication@389099a7
reloadAllAccessors: .SRinContinuous

===========================================================================================
----------------- testing Mon Jul 15 16:46:12 UTC 2019 /home/travis/build/icyphy/ptII/ptolemy/domains/continuous/test/auto/SampledClocks.xml
----------------- Instantiating /home/travis/build/icyphy/ptII/ptolemy/domains/continuous/test/auto/SampledClocks.xml
8 ms. Memory: 366592K Free: 189449K (52%)
----------------- Invoking toplevel() on ptolemy.moml.MoMLSimpleApplication@39090e28
----------------- Done invoking toplevel() on ptolemy.moml.MoMLSimpleApplication@39090e28
reloadAllAccessors: .SampledClocks

===========================================================================================
----------------- testing Mon Jul 15 16:46:12 UTC 2019 /home/travis/build/icyphy/ptII/ptolemy/domains/continuous/test/auto/Satellite.xml
----------------- Instantiating /home/travis/build/icyphy/ptII/ptolemy/domains/continuous/test/auto/Satellite.xml
882 ms. Memory: 366592K Free: 218182K (60%)
----------------- Invoking toplevel() on ptolemy.moml.MoMLSimpleApplication@24f52e4f
----------------- Done invoking toplevel() on ptolemy.moml.MoMLSimpleApplication@24f52e4f
reloadAllAccessors: .Satellite

===========================================================================================
----------------- testing Mon Jul 15 16:46:13 UTC 2019 /home/travis/build/icyphy/ptII/ptolemy/domains/continuous/test/auto/SigmaDelta.xml
----------------- Instantiating /home/travis/build/icyphy/ptII/ptolemy/domains/continuous/test/auto/SigmaDelta.xml
2390 ms. Memory: 366592K Free: 174297K (48%)
----------------- Invoking toplevel() on ptolemy.moml.MoMLSimpleApplication@77c1b568
----------------- Done invoking toplevel() on ptolemy.moml.MoMLSimpleApplication@77c1b568
reloadAllAccessors: .SigmaDelta

===========================================================================================
----------------- testing Mon Jul 15 16:46:15 UTC 2019 /home/travis/build/icyphy/ptII/ptolemy/domains/continuous/test/auto/SingleRefinement.xml
----------------- Instantiating /home/travis/build/icyphy/ptII/ptolemy/domains/continuous/test/auto/SingleRefinement.xml
325 ms. Memory: 366592K Free: 208134K (57%)
----------------- Invoking toplevel() on ptolemy.moml.MoMLSimpleApplication@27448525
----------------- Done invoking toplevel() on ptolemy.moml.MoMLSimpleApplication@27448525
reloadAllAccessors: .SingleRefinement

===========================================================================================
----------------- testing Mon Jul 15 16:46:15 UTC 2019 /home/travis/build/icyphy/ptII/ptolemy/domains/continuous/test/auto/SinuBouncingBall.xml
----------------- Instantiating /home/travis/build/icyphy/ptII/ptolemy/domains/continuous/test/auto/SinuBouncingBall.xml
751 ms. Memory: 366592K Free: 211823K (58%)
----------------- Invoking toplevel() on ptolemy.moml.MoMLSimpleApplication@b5ec5bd
----------------- Done invoking toplevel() on ptolemy.moml.MoMLSimpleApplication@b5ec5bd
reloadAllAccessors: .SinuBouncingBall

===========================================================================================
----------------- testing Mon Jul 15 16:46:16 UTC 2019 /home/travis/build/icyphy/ptII/ptolemy/domains/continuous/test/auto/Sinusoid.xml
----------------- Instantiating /home/travis/build/icyphy/ptII/ptolemy/domains/continuous/test/auto/Sinusoid.xml
4 ms. Memory: 366592K Free: 207217K (57%)
----------------- Invoking toplevel() on ptolemy.moml.MoMLSimpleApplication@5416308
----------------- Done invoking toplevel() on ptolemy.moml.MoMLSimpleApplication@5416308
reloadAllAccessors: .Sinusoid

===========================================================================================
----------------- testing Mon Jul 15 16:46:16 UTC 2019 /home/travis/build/icyphy/ptII/ptolemy/domains/continuous/test/auto/SinusoidInNoise.xml
----------------- Instantiating /home/travis/build/icyphy/ptII/ptolemy/domains/continuous/test/auto/SinusoidInNoise.xml
1039 ms. Memory: 366592K Free: 288858K (79%)
----------------- Invoking toplevel() on ptolemy.moml.MoMLSimpleApplication@4c8f087d
----------------- Done invoking toplevel() on ptolemy.moml.MoMLSimpleApplication@4c8f087d
reloadAllAccessors: .SinusoidInNoise

===========================================================================================
----------------- testing Mon Jul 15 16:46:17 UTC 2019 /home/travis/build/icyphy/ptII/ptolemy/domains/continuous/test/auto/SinusoidRK45.xml
----------------- Instantiating /home/travis/build/icyphy/ptII/ptolemy/domains/continuous/test/auto/SinusoidRK45.xml
2 ms. Memory: 366592K Free: 284234K (78%)
----------------- Invoking toplevel() on ptolemy.moml.MoMLSimpleApplication@4a3d6085
----------------- Done invoking toplevel() on ptolemy.moml.MoMLSimpleApplication@4a3d6085
reloadAllAccessors: .SinusoidRK45

===========================================================================================
----------------- testing Mon Jul 15 16:46:17 UTC 2019 /home/travis/build/icyphy/ptII/ptolemy/domains/continuous/test/auto/SinusoidWithMultipleImpulses.xml
----------------- Instantiating /home/travis/build/icyphy/ptII/ptolemy/domains/continuous/test/auto/SinusoidWithMultipleImpulses.xml
3 ms. Memory: 366592K Free: 279642K (76%)
----------------- Invoking toplevel() on ptolemy.moml.MoMLSimpleApplication@297bb60a
----------------- Done invoking toplevel() on ptolemy.moml.MoMLSimpleApplication@297bb60a
reloadAllAccessors: .SinusoidWithMultipleImpulses

===========================================================================================
----------------- testing Mon Jul 15 16:46:17 UTC 2019 /home/travis/build/icyphy/ptII/ptolemy/domains/continuous/test/auto/SquareWave.xml
----------------- Instantiating /home/travis/build/icyphy/ptII/ptolemy/domains/continuous/test/auto/SquareWave.xml
177 ms. Memory: 366592K Free: 251994K (69%)
----------------- Invoking toplevel() on ptolemy.moml.MoMLSimpleApplication@5f866d71
----------------- Done invoking toplevel() on ptolemy.moml.MoMLSimpleApplication@5f866d71
reloadAllAccessors: .SquareWave

===========================================================================================
----------------- testing Mon Jul 15 16:46:18 UTC 2019 /home/travis/build/icyphy/ptII/ptolemy/domains/continuous/test/auto/Starmac.xml
----------------- Instantiating /home/travis/build/icyphy/ptII/ptolemy/domains/continuous/test/auto/Starmac.xml
3069 ms. Memory: 366592K Free: 154987K (42%)
----------------- Invoking toplevel() on ptolemy.moml.MoMLSimpleApplication@3ad970ca
----------------- Done invoking toplevel() on ptolemy.moml.MoMLSimpleApplication@3ad970ca
reloadAllAccessors: .Starmac

===========================================================================================
----------------- testing Mon Jul 15 16:46:21 UTC 2019 /home/travis/build/icyphy/ptII/ptolemy/domains/continuous/test/auto/StaticUnits.xml
----------------- Instantiating /home/travis/build/icyphy/ptII/ptolemy/domains/continuous/test/auto/StaticUnits.xml
2233 ms. Memory: 366592K Free: 143100K (39%)
----------------- Invoking toplevel() on ptolemy.moml.MoMLSimpleApplication@264fed2e
----------------- Done invoking toplevel() on ptolemy.moml.MoMLSimpleApplication@264fed2e
reloadAllAccessors: .StaticUnits

===========================================================================================
----------------- testing Mon Jul 15 16:46:24 UTC 2019 /home/travis/build/icyphy/ptII/ptolemy/domains/continuous/test/auto/StickyMasses.xml
----------------- Instantiating /home/travis/build/icyphy/ptII/ptolemy/domains/continuous/test/auto/StickyMasses.xml
146 ms. Memory: 366592K Free: 306902K (84%)
----------------- Invoking toplevel() on ptolemy.moml.MoMLSimpleApplication@65668362
----------------- Done invoking toplevel() on ptolemy.moml.MoMLSimpleApplication@65668362
reloadAllAccessors: .StickyMasses

===========================================================================================
----------------- testing Mon Jul 15 16:46:24 UTC 2019 /home/travis/build/icyphy/ptII/ptolemy/domains/continuous/test/auto/StopTime.xml
----------------- Instantiating /home/travis/build/icyphy/ptII/ptolemy/domains/continuous/test/auto/StopTime.xml
53 ms. Memory: 366592K Free: 281823K (77%)
----------------- Invoking toplevel() on ptolemy.moml.MoMLSimpleApplication@3a2bed68
----------------- Done invoking toplevel() on ptolemy.moml.MoMLSimpleApplication@3a2bed68
reloadAllAccessors: .StopTime

===========================================================================================
----------------- testing Mon Jul 15 16:46:24 UTC 2019 /home/travis/build/icyphy/ptII/ptolemy/domains/continuous/test/auto/StopTime2.xml
----------------- Instantiating /home/travis/build/icyphy/ptII/ptolemy/domains/continuous/test/auto/StopTime2.xml
37 ms. Memory: 366592K Free: 259798K (71%)
----------------- Invoking toplevel() on ptolemy.moml.MoMLSimpleApplication@1aac9f5a
----------------- Done invoking toplevel() on ptolemy.moml.MoMLSimpleApplication@1aac9f5a
reloadAllAccessors: .StopTime2

===========================================================================================
----------------- testing Mon Jul 15 16:46:24 UTC 2019 /home/travis/build/icyphy/ptII/ptolemy/domains/continuous/test/auto/Switch.xml
----------------- Instantiating /home/travis/build/icyphy/ptII/ptolemy/domains/continuous/test/auto/Switch.xml
39 ms. Memory: 366592K Free: 235229K (64%)
----------------- Invoking toplevel() on ptolemy.moml.MoMLSimpleApplication@441f3df1
----------------- Done invoking toplevel() on ptolemy.moml.MoMLSimpleApplication@441f3df1
reloadAllAccessors: .Switch

===========================================================================================
----------------- testing Mon Jul 15 16:46:24 UTC 2019 /home/travis/build/icyphy/ptII/ptolemy/domains/continuous/test/auto/Thermostat.xml
----------------- Instantiating /home/travis/build/icyphy/ptII/ptolemy/domains/continuous/test/auto/Thermostat.xml
191 ms. Memory: 366592K Free: 163039K (44%)
----------------- Invoking toplevel() on ptolemy.moml.MoMLSimpleApplication@2772d13b
----------------- Done invoking toplevel() on ptolemy.moml.MoMLSimpleApplication@2772d13b
reloadAllAccessors: .Thermostat

===========================================================================================
----------------- testing Mon Jul 15 16:46:24 UTC 2019 /home/travis/build/icyphy/ptII/ptolemy/domains/continuous/test/auto/TimeDelay.xml
----------------- Instantiating /home/travis/build/icyphy/ptII/ptolemy/domains/continuous/test/auto/TimeDelay.xml
6 ms. Memory: 366592K Free: 158429K (43%)
----------------- Invoking toplevel() on ptolemy.moml.MoMLSimpleApplication@2e85749a
----------------- Done invoking toplevel() on ptolemy.moml.MoMLSimpleApplication@2e85749a
reloadAllAccessors: .TimeDelay

===========================================================================================
----------------- testing Mon Jul 15 16:46:24 UTC 2019 /home/travis/build/icyphy/ptII/ptolemy/domains/continuous/test/auto/TimeDelay2.xml
----------------- Instantiating /home/travis/build/icyphy/ptII/ptolemy/domains/continuous/test/auto/TimeDelay2.xml
8 ms. Memory: 366592K Free: 148703K (41%)
----------------- Invoking toplevel() on ptolemy.moml.MoMLSimpleApplication@6f36f8b5
----------------- Done invoking toplevel() on ptolemy.moml.MoMLSimpleApplication@6f36f8b5
reloadAllAccessors: .TimeDelay2

===========================================================================================
----------------- testing Mon Jul 15 16:46:25 UTC 2019 /home/travis/build/icyphy/ptII/ptolemy/domains/continuous/test/auto/TimeDelay3.xml
----------------- Instantiating /home/travis/build/icyphy/ptII/ptolemy/domains/continuous/test/auto/TimeDelay3.xml
6 ms. Memory: 366592K Free: 144078K (39%)
----------------- Invoking toplevel() on ptolemy.moml.MoMLSimpleApplication@1d3db05b
----------------- Done invoking toplevel() on ptolemy.moml.MoMLSimpleApplication@1d3db05b
reloadAllAccessors: .TimeDelay3

===========================================================================================
----------------- testing Mon Jul 15 16:46:25 UTC 2019 /home/travis/build/icyphy/ptII/ptolemy/domains/continuous/test/auto/TransferAbsentToInside.xml
----------------- Instantiating /home/travis/build/icyphy/ptII/ptolemy/domains/continuous/test/auto/TransferAbsentToInside.xml
31 ms. Memory: 366592K Free: 303316K (83%)
----------------- Invoking toplevel() on ptolemy.moml.MoMLSimpleApplication@6cb13ac6
----------------- Done invoking toplevel() on ptolemy.moml.MoMLSimpleApplication@6cb13ac6
reloadAllAccessors: .TransferAbsentToInside

===========================================================================================
----------------- testing Mon Jul 15 16:46:25 UTC 2019 /home/travis/build/icyphy/ptII/ptolemy/domains/continuous/test/auto/Transmission.xml
----------------- Instantiating /home/travis/build/icyphy/ptII/ptolemy/domains/continuous/test/auto/Transmission.xml
795 ms. Memory: 366592K Free: 286344K (78%)
----------------- Invoking toplevel() on ptolemy.moml.MoMLSimpleApplication@346af92
----------------- Done invoking toplevel() on ptolemy.moml.MoMLSimpleApplication@346af92
reloadAllAccessors: .Transmission

===========================================================================================
----------------- testing Mon Jul 15 16:46:26 UTC 2019 /home/travis/build/icyphy/ptII/ptolemy/domains/continuous/test/auto/TriggeredContinuousClock.xml
----------------- Instantiating /home/travis/build/icyphy/ptII/ptolemy/domains/continuous/test/auto/TriggeredContinuousClock.xml
35 ms. Memory: 366592K Free: 256648K (70%)
----------------- Invoking toplevel() on ptolemy.moml.MoMLSimpleApplication@15fefe50
----------------- Done invoking toplevel() on ptolemy.moml.MoMLSimpleApplication@15fefe50
reloadAllAccessors: .TriggeredContinuousClock

===========================================================================================
----------------- testing Mon Jul 15 16:46:26 UTC 2019 /home/travis/build/icyphy/ptII/ptolemy/domains/continuous/test/auto/TwoMachineInfiniteBusControl.xml
----------------- Instantiating /home/travis/build/icyphy/ptII/ptolemy/domains/continuous/test/auto/TwoMachineInfiniteBusControl.xml
3275 ms. Memory: 440320K Free: 238706K (54%)
----------------- Invoking toplevel() on ptolemy.moml.MoMLSimpleApplication@18825bde
----------------- Done invoking toplevel() on ptolemy.moml.MoMLSimpleApplication@18825bde
reloadAllAccessors: .TwoMachineInfiniteBusControl

===========================================================================================
----------------- testing Mon Jul 15 16:46:29 UTC 2019 /home/travis/build/icyphy/ptII/ptolemy/domains/continuous/test/auto/V2V.xml
----------------- Instantiating /home/travis/build/icyphy/ptII/ptolemy/domains/continuous/test/auto/V2V.xml
732 ms. Memory: 440320K Free: 308837K (70%)
----------------- Invoking toplevel() on ptolemy.moml.MoMLSimpleApplication@54c7de39
----------------- Done invoking toplevel() on ptolemy.moml.MoMLSimpleApplication@54c7de39
reloadAllAccessors: .V2V

===========================================================================================
----------------- testing Mon Jul 15 16:46:30 UTC 2019 /home/travis/build/icyphy/ptII/ptolemy/domains/continuous/test/auto/hierarchicalModalModel.xml
----------------- Instantiating /home/travis/build/icyphy/ptII/ptolemy/domains/continuous/test/auto/hierarchicalModalModel.xml
7 ms. Memory: 440320K Free: 294501K (67%)
----------------- Invoking toplevel() on ptolemy.moml.MoMLSimpleApplication@4229e766
----------------- Done invoking toplevel() on ptolemy.moml.MoMLSimpleApplication@4229e766
reloadAllAccessors: .hierarchicalModalModel

===========================================================================================
----------------- testing Mon Jul 15 16:46:30 UTC 2019 /home/travis/build/icyphy/ptII/ptolemy/domains/continuous/test/auto/hierarchicalModalModel1.xml
----------------- Instantiating /home/travis/build/icyphy/ptII/ptolemy/domains/continuous/test/auto/hierarchicalModalModel1.xml
8 ms. Memory: 440320K Free: 280165K (64%)
----------------- Invoking toplevel() on ptolemy.moml.MoMLSimpleApplication@76de4efe
----------------- Done invoking toplevel() on ptolemy.moml.MoMLSimpleApplication@76de4efe
reloadAllAccessors: .hierarchicalModalModel1

===========================================================================================
----------------- testing Mon Jul 15 16:46:30 UTC 2019 /home/travis/build/icyphy/ptII/ptolemy/domains/continuous/test/auto/hierarchicalModalModel2.xml
----------------- Instantiating /home/travis/build/icyphy/ptII/ptolemy/domains/continuous/test/auto/hierarchicalModalModel2.xml
6 ms. Memory: 440320K Free: 267877K (61%)
----------------- Invoking toplevel() on ptolemy.moml.MoMLSimpleApplication@2abbabf3
----------------- Done invoking toplevel() on ptolemy.moml.MoMLSimpleApplication@2abbabf3
reloadAllAccessors: .hierarchicalModalModel2

===========================================================================================
----------------- testing Mon Jul 15 16:46:30 UTC 2019 /home/travis/build/icyphy/ptII/ptolemy/domains/continuous/test/auto/hierarchicalModalModel3.xml
----------------- Instantiating /home/travis/build/icyphy/ptII/ptolemy/domains/continuous/test/auto/hierarchicalModalModel3.xml
5 ms. Memory: 440320K Free: 257123K (58%)
----------------- Invoking toplevel() on ptolemy.moml.MoMLSimpleApplication@526c2337
----------------- Done invoking toplevel() on ptolemy.moml.MoMLSimpleApplication@526c2337
reloadAllAccessors: .hierarchicalModalModel3

===========================================================================================
----------------- testing Mon Jul 15 16:46:30 UTC 2019 /home/travis/build/icyphy/ptII/ptolemy/domains/continuous/test/auto/hierarchicalModalModel4.xml
----------------- Instantiating /home/travis/build/icyphy/ptII/ptolemy/domains/continuous/test/auto/hierarchicalModalModel4.xml
5 ms. Memory: 440320K Free: 245349K (56%)
----------------- Invoking toplevel() on ptolemy.moml.MoMLSimpleApplication@124a1595
----------------- Done invoking toplevel() on ptolemy.moml.MoMLSimpleApplication@124a1595
reloadAllAccessors: .hierarchicalModalModel4

===========================================================================================
----------------- testing Mon Jul 15 16:46:30 UTC 2019 /home/travis/build/icyphy/ptII/ptolemy/domains/continuous/test/auto/junk.xml
----------------- Instantiating /home/travis/build/icyphy/ptII/ptolemy/domains/continuous/test/auto/junk.xml
150 ms. Memory: 440320K Free: 219749K (50%)
----------------- Invoking toplevel() on ptolemy.moml.MoMLSimpleApplication@6ee67ab3
----------------- Done invoking toplevel() on ptolemy.moml.MoMLSimpleApplication@6ee67ab3
reloadAllAccessors: .junk
AutoTests.java: About to close Vertx.
AutoTests.java: Vertx closed.
]]></system-out>
  <system-err><![CDATA[Warning: '.HysteresisWithRandomDelay.NonStrictTest3' The test produced only 20 tokens, yet the correctValues parameter was expecting 30 tokens.
Warning: '.Poisson.NonStrictTest' The test produced only 394 tokens, yet the correctValues parameter was expecting 430 tokens.
]]></system-err>
</testsuite>
