<?xml version="1.0" encoding="UTF-8" ?>
<testsuite errors="0" failures="0" hostname="travis-job-e3f70463-8e9d-4dd7-b989-07702adacdd5" name="ptolemy.domains.de.test.junit.JUnitTclTest" skipped="0" tests="101" time="123.438" timestamp="2020-06-27T14:53:38">
  <properties>
[...]
</properties>
  <testcase classname="ptolemy.util.test.junit.TclTests" name="[0] /home/travis/build/icyphy/ptII/ptolemy/domains/de/test/DependencyLoop.tcl (RunTclFile)" time="1.118" />
  <testcase classname="ptolemy.util.test.junit.TclTests" name="[1] /home/travis/build/icyphy/ptII/ptolemy/domains/de/test/RunDETestsAsQSS.tcl (RunTclFile)" time="83.314" />
  <testcase classname="ptolemy.util.test.junit.AutoKnownFailedTests" name="[0] /home/travis/build/icyphy/ptII/ptolemy/domains/de/test/auto/knownFailedTests/DESDFClockTest.xml (RunModel)" time="2.054" />
  <testcase classname="ptolemy.util.test.junit.AutoKnownFailedTests" name="[1] /home/travis/build/icyphy/ptII/ptolemy/domains/de/test/auto/knownFailedTests/DirectFeedback.xml (RunModel)" time="0.012" />
  <testcase classname="ptolemy.util.test.junit.AutoKnownFailedTests" name="[2] /home/travis/build/icyphy/ptII/ptolemy/domains/de/test/auto/knownFailedTests/FSMSource.xml (RunModel)" time="0.028" />
  <testcase classname="ptolemy.util.test.junit.AutoKnownFailedTests" name="[3] /home/travis/build/icyphy/ptII/ptolemy/domains/de/test/auto/knownFailedTests/HierarchicalModel.xml (RunModel)" time="0.039" />
  <testcase classname="ptolemy.util.test.junit.AutoKnownFailedTests" name="[4] /home/travis/build/icyphy/ptII/ptolemy/domains/de/test/auto/knownFailedTests/dependencyLoop.xml (RunModel)" time="0.045" />
  <testcase classname="ptolemy.util.test.junit.AutoKnownFailedTests" name="[5] /home/travis/build/icyphy/ptII/ptolemy/domains/de/test/auto/knownFailedTests/dependencyLoop2.xml (RunModel)" time="0.05" />
  <testcase classname="ptolemy.util.test.junit.AutoNameArchTests" name="[0] ThereAreNoAutoArchTests (RunModel)" time="0.001" />
  <testcase classname="ptolemy.util.test.junit.AutoTests" name="[0] /home/travis/build/icyphy/ptII/ptolemy/domains/de/test/auto/ActorDepthCalculation_actorWithoutPorts.xml (RunModel)" time="0.024" />
  <testcase classname="ptolemy.util.test.junit.AutoTests" name="[1] /home/travis/build/icyphy/ptII/ptolemy/domains/de/test/auto/AssemblyLine.xml (RunModel)" time="0.021" />
  <testcase classname="ptolemy.util.test.junit.AutoTests" name="[2] /home/travis/build/icyphy/ptII/ptolemy/domains/de/test/auto/CQBug1.xml (RunModel)" time="0.011" />
  <testcase classname="ptolemy.util.test.junit.AutoTests" name="[3] /home/travis/build/icyphy/ptII/ptolemy/domains/de/test/auto/CancelFireAt.xml (RunModel)" time="0.018" />
  <testcase classname="ptolemy.util.test.junit.AutoTests" name="[4] /home/travis/build/icyphy/ptII/ptolemy/domains/de/test/auto/CausalityAndComposabilityAnalysis.xml (RunModel)" time="0.023" />
  <testcase classname="ptolemy.util.test.junit.AutoTests" name="[5] /home/travis/build/icyphy/ptII/ptolemy/domains/de/test/auto/CausalityInterface1.xml (RunModel)" time="0.036" />
  <testcase classname="ptolemy.util.test.junit.AutoTests" name="[6] /home/travis/build/icyphy/ptII/ptolemy/domains/de/test/auto/CausalityInterface15.xml (RunModel)" time="0.017" />
  <testcase classname="ptolemy.util.test.junit.AutoTests" name="[7] /home/travis/build/icyphy/ptII/ptolemy/domains/de/test/auto/CausalityInterface2.xml (RunModel)" time="0.015" />
  <testcase classname="ptolemy.util.test.junit.AutoTests" name="[8] /home/travis/build/icyphy/ptII/ptolemy/domains/de/test/auto/CausalityInterface3.xml (RunModel)" time="0.013" />
  <testcase classname="ptolemy.util.test.junit.AutoTests" name="[9] /home/travis/build/icyphy/ptII/ptolemy/domains/de/test/auto/ClockDrift.xml (RunModel)" time="0.037" />
  <testcase classname="ptolemy.util.test.junit.AutoTests" name="[10] /home/travis/build/icyphy/ptII/ptolemy/domains/de/test/auto/ClockDriftAndValueChange.xml (RunModel)" time="0.034" />
  <testcase classname="ptolemy.util.test.junit.AutoTests" name="[11] /home/travis/build/icyphy/ptII/ptolemy/domains/de/test/auto/ClockDriftChange.xml (RunModel)" time="0.031" />
  <testcase classname="ptolemy.util.test.junit.AutoTests" name="[12] /home/travis/build/icyphy/ptII/ptolemy/domains/de/test/auto/ComposableCausalityAnalysis.xml (RunModel)" time="0.018" />
  <testcase classname="ptolemy.util.test.junit.AutoTests" name="[13] /home/travis/build/icyphy/ptII/ptolemy/domains/de/test/auto/DEFixedPointLimitation.xml (RunModel)" time="0.016" />
  <testcase classname="ptolemy.util.test.junit.AutoTests" name="[14] /home/travis/build/icyphy/ptII/ptolemy/domains/de/test/auto/DEScheduleTest.xml (RunModel)" time="0.014" />
  <testcase classname="ptolemy.util.test.junit.AutoTests" name="[15] /home/travis/build/icyphy/ptII/ptolemy/domains/de/test/auto/DEinDEwithStartTimes.xml (RunModel)" time="0.016" />
  <testcase classname="ptolemy.util.test.junit.AutoTests" name="[16] /home/travis/build/icyphy/ptII/ptolemy/domains/de/test/auto/DEinDEwithStartTimes2.xml (RunModel)" time="0.018" />
  <testcase classname="ptolemy.util.test.junit.AutoTests" name="[17] /home/travis/build/icyphy/ptII/ptolemy/domains/de/test/auto/DateDemo.xml (RunModel)" time="0.037" />
  <testcase classname="ptolemy.util.test.junit.AutoTests" name="[18] /home/travis/build/icyphy/ptII/ptolemy/domains/de/test/auto/DateToEvent.xml (RunModel)" time="2.04" />
  <testcase classname="ptolemy.util.test.junit.AutoTests" name="[19] /home/travis/build/icyphy/ptII/ptolemy/domains/de/test/auto/DepthTest1.xml (RunModel)" time="0.008" />
  <testcase classname="ptolemy.util.test.junit.AutoTests" name="[20] /home/travis/build/icyphy/ptII/ptolemy/domains/de/test/auto/DepthTest2.xml (RunModel)" time="0.025" />
  <testcase classname="ptolemy.util.test.junit.AutoTests" name="[21] /home/travis/build/icyphy/ptII/ptolemy/domains/de/test/auto/DepthTest3.xml (RunModel)" time="0.011" />
  <testcase classname="ptolemy.util.test.junit.AutoTests" name="[22] /home/travis/build/icyphy/ptII/ptolemy/domains/de/test/auto/DepthTest4.xml (RunModel)" time="0.031" />
  <testcase classname="ptolemy.util.test.junit.AutoTests" name="[23] /home/travis/build/icyphy/ptII/ptolemy/domains/de/test/auto/DepthTest5.xml (RunModel)" time="0.02" />
  <testcase classname="ptolemy.util.test.junit.AutoTests" name="[24] /home/travis/build/icyphy/ptII/ptolemy/domains/de/test/auto/DepthTest6.xml (RunModel)" time="0.013" />
  <testcase classname="ptolemy.util.test.junit.AutoTests" name="[25] /home/travis/build/icyphy/ptII/ptolemy/domains/de/test/auto/DepthTest7.xml (RunModel)" time="0.011" />
  <testcase classname="ptolemy.util.test.junit.AutoTests" name="[26] /home/travis/build/icyphy/ptII/ptolemy/domains/de/test/auto/EventToDate.xml (RunModel)" time="3.04" />
  <testcase classname="ptolemy.util.test.junit.AutoTests" name="[27] /home/travis/build/icyphy/ptII/ptolemy/domains/de/test/auto/FSM1.xml (RunModel)" time="0.035" />
  <testcase classname="ptolemy.util.test.junit.AutoTests" name="[28] /home/travis/build/icyphy/ptII/ptolemy/domains/de/test/auto/FSM7.xml (RunModel)" time="0.043" />
  <testcase classname="ptolemy.util.test.junit.AutoTests" name="[29] /home/travis/build/icyphy/ptII/ptolemy/domains/de/test/auto/Inspection.xml (RunModel)" time="0.042" />
  <testcase classname="ptolemy.util.test.junit.AutoTests" name="[30] /home/travis/build/icyphy/ptII/ptolemy/domains/de/test/auto/Iteration.xml (RunModel)" time="0.026" />
  <testcase classname="ptolemy.util.test.junit.AutoTests" name="[31] /home/travis/build/icyphy/ptII/ptolemy/domains/de/test/auto/LineFault.xml (RunModel)" time="0.541" />
  <testcase classname="ptolemy.util.test.junit.AutoTests" name="[32] /home/travis/build/icyphy/ptII/ptolemy/domains/de/test/auto/MergeModel1Add.xml (RunModel)" time="0.049" />
  <testcase classname="ptolemy.util.test.junit.AutoTests" name="[33] /home/travis/build/icyphy/ptII/ptolemy/domains/de/test/auto/MergeModel2Add.xml (RunModel)" time="0.038" />
  <testcase classname="ptolemy.util.test.junit.AutoTests" name="[34] /home/travis/build/icyphy/ptII/ptolemy/domains/de/test/auto/MergeModel3Add.xml (RunModel)" time="0.045" />
  <testcase classname="ptolemy.util.test.junit.AutoTests" name="[35] /home/travis/build/icyphy/ptII/ptolemy/domains/de/test/auto/MergeWithoutDiscard.xml (RunModel)" time="0.01" />
  <testcase classname="ptolemy.util.test.junit.AutoTests" name="[36] /home/travis/build/icyphy/ptII/ptolemy/domains/de/test/auto/Modal1.xml (RunModel)" time="0.045" />
  <testcase classname="ptolemy.util.test.junit.AutoTests" name="[37] /home/travis/build/icyphy/ptII/ptolemy/domains/de/test/auto/Modal2.xml (RunModel)" time="0.027" />
  <testcase classname="ptolemy.util.test.junit.AutoTests" name="[38] /home/travis/build/icyphy/ptII/ptolemy/domains/de/test/auto/Modal3.xml (RunModel)" time="0.026" />
  <testcase classname="ptolemy.util.test.junit.AutoTests" name="[39] /home/travis/build/icyphy/ptII/ptolemy/domains/de/test/auto/Modal4.xml (RunModel)" time="0.037" />
  <testcase classname="ptolemy.util.test.junit.AutoTests" name="[40] /home/travis/build/icyphy/ptII/ptolemy/domains/de/test/auto/Modal5.xml (RunModel)" time="0.031" />
  <testcase classname="ptolemy.util.test.junit.AutoTests" name="[41] /home/travis/build/icyphy/ptII/ptolemy/domains/de/test/auto/Modal6.xml (RunModel)" time="0.029" />
  <testcase classname="ptolemy.util.test.junit.AutoTests" name="[42] /home/travis/build/icyphy/ptII/ptolemy/domains/de/test/auto/Modal7.xml (RunModel)" time="0.03" />
  <testcase classname="ptolemy.util.test.junit.AutoTests" name="[43] /home/travis/build/icyphy/ptII/ptolemy/domains/de/test/auto/ModalModel.xml (RunModel)" time="0.175" />
  <testcase classname="ptolemy.util.test.junit.AutoTests" name="[44] /home/travis/build/icyphy/ptII/ptolemy/domains/de/test/auto/ModalSource.xml (RunModel)" time="0.021" />
  <testcase classname="ptolemy.util.test.junit.AutoTests" name="[45] /home/travis/build/icyphy/ptII/ptolemy/domains/de/test/auto/NonInterruptibleTimerZeroDelay.xml (RunModel)" time="0.009" />
  <testcase classname="ptolemy.util.test.junit.AutoTests" name="[46] /home/travis/build/icyphy/ptII/ptolemy/domains/de/test/auto/OpenQueueingNetwork.xml (RunModel)" time="2.462" />
  <testcase classname="ptolemy.util.test.junit.AutoTests" name="[47] /home/travis/build/icyphy/ptII/ptolemy/domains/de/test/auto/OpenQueuingNetwork.xml (RunModel)" time="0.265" />
  <testcase classname="ptolemy.util.test.junit.AutoTests" name="[48] /home/travis/build/icyphy/ptII/ptolemy/domains/de/test/auto/PeriodicSampler.xml (RunModel)" time="0.013" />
  <testcase classname="ptolemy.util.test.junit.AutoTests" name="[49] /home/travis/build/icyphy/ptII/ptolemy/domains/de/test/auto/PersistentIO.xml (RunModel)" time="0.021" />
  <testcase classname="ptolemy.util.test.junit.AutoTests" name="[50] /home/travis/build/icyphy/ptII/ptolemy/domains/de/test/auto/PortParameterResetOnInitialize.xml (RunModel)" time="0.01" />
  <testcase classname="ptolemy.util.test.junit.AutoTests" name="[51] /home/travis/build/icyphy/ptII/ptolemy/domains/de/test/auto/PortParameterUpdates.xml (RunModel)" time="0.014" />
  <testcase classname="ptolemy.util.test.junit.AutoTests" name="[52] /home/travis/build/icyphy/ptII/ptolemy/domains/de/test/auto/QueueAndServer.xml (RunModel)" time="0.022" />
  <testcase classname="ptolemy.util.test.junit.AutoTests" name="[53] /home/travis/build/icyphy/ptII/ptolemy/domains/de/test/auto/Records.xml (RunModel)" time="0.016" />
  <testcase classname="ptolemy.util.test.junit.AutoTests" name="[54] /home/travis/build/icyphy/ptII/ptolemy/domains/de/test/auto/ResetTransitionWithStartTime1.xml (RunModel)" time="0.023" />
  <testcase classname="ptolemy.util.test.junit.AutoTests" name="[55] /home/travis/build/icyphy/ptII/ptolemy/domains/de/test/auto/ResetTransitionWithStartTime2.xml (RunModel)" time="0.024" />
  <testcase classname="ptolemy.util.test.junit.AutoTests" name="[56] /home/travis/build/icyphy/ptII/ptolemy/domains/de/test/auto/ResetTransitionWithStartTime3.xml (RunModel)" time="0.02" />
  <testcase classname="ptolemy.util.test.junit.AutoTests" name="[57] /home/travis/build/icyphy/ptII/ptolemy/domains/de/test/auto/ResetTransitionWithStartTime4.xml (RunModel)" time="0.02" />
  <testcase classname="ptolemy.util.test.junit.AutoTests" name="[58] /home/travis/build/icyphy/ptII/ptolemy/domains/de/test/auto/ResettableTimer1.xml (RunModel)" time="0.011" />
  <testcase classname="ptolemy.util.test.junit.AutoTests" name="[59] /home/travis/build/icyphy/ptII/ptolemy/domains/de/test/auto/ResettableTimer2.xml (RunModel)" time="0.01" />
  <testcase classname="ptolemy.util.test.junit.AutoTests" name="[60] /home/travis/build/icyphy/ptII/ptolemy/domains/de/test/auto/ResettableTimer3.xml (RunModel)" time="0.01" />
  <testcase classname="ptolemy.util.test.junit.AutoTests" name="[61] /home/travis/build/icyphy/ptII/ptolemy/domains/de/test/auto/ResettableTimer4.xml (RunModel)" time="0.01" />
  <testcase classname="ptolemy.util.test.junit.AutoTests" name="[62] /home/travis/build/icyphy/ptII/ptolemy/domains/de/test/auto/ResettableTimer5.xml (RunModel)" time="0.01" />
  <testcase classname="ptolemy.util.test.junit.AutoTests" name="[63] /home/travis/build/icyphy/ptII/ptolemy/domains/de/test/auto/ResettableTimer6.xml (RunModel)" time="0.016" />
  <testcase classname="ptolemy.util.test.junit.AutoTests" name="[64] /home/travis/build/icyphy/ptII/ptolemy/domains/de/test/auto/ServerZeroDelay.xml (RunModel)" time="0.011" />
  <testcase classname="ptolemy.util.test.junit.AutoTests" name="[65] /home/travis/build/icyphy/ptII/ptolemy/domains/de/test/auto/SmartSender.xml (RunModel)" time="3.011" />
  <testcase classname="ptolemy.util.test.junit.AutoTests" name="[66] /home/travis/build/icyphy/ptII/ptolemy/domains/de/test/auto/ThreadedComposite.xml (RunModel)" time="0.113" />
  <testcase classname="ptolemy.util.test.junit.AutoTests" name="[67] /home/travis/build/icyphy/ptII/ptolemy/domains/de/test/auto/Time.xml (RunModel)" time="0.378" />
  <testcase classname="ptolemy.util.test.junit.AutoTests" name="[68] /home/travis/build/icyphy/ptII/ptolemy/domains/de/test/auto/TimeDelayZeroDelay.xml (RunModel)" time="0.012" />
  <testcase classname="ptolemy.util.test.junit.AutoTests" name="[69] /home/travis/build/icyphy/ptII/ptolemy/domains/de/test/auto/TimerZeroDelay.xml (RunModel)" time="0.013" />
  <testcase classname="ptolemy.util.test.junit.AutoTests" name="[70] /home/travis/build/icyphy/ptII/ptolemy/domains/de/test/auto/TimingParadox.xml (RunModel)" time="0.322" />
  <testcase classname="ptolemy.util.test.junit.AutoTests" name="[71] /home/travis/build/icyphy/ptII/ptolemy/domains/de/test/auto/TransferInputs.xml (RunModel)" time="0.017" />
  <testcase classname="ptolemy.util.test.junit.AutoTests" name="[72] /home/travis/build/icyphy/ptII/ptolemy/domains/de/test/auto/TransferOutputs2.xml (RunModel)" time="0.015" />
  <testcase classname="ptolemy.util.test.junit.AutoTests" name="[73] /home/travis/build/icyphy/ptII/ptolemy/domains/de/test/auto/Trilateration.xml (RunModel)" time="10.741" />
  <testcase classname="ptolemy.util.test.junit.AutoTests" name="[74] /home/travis/build/icyphy/ptII/ptolemy/domains/de/test/auto/TwoSigmaDelta.xml (RunModel)" time="1.621" />
  <testcase classname="ptolemy.util.test.junit.AutoTests" name="[75] /home/travis/build/icyphy/ptII/ptolemy/domains/de/test/auto/VariableDelay.xml (RunModel)" time="0.008" />
  <testcase classname="ptolemy.util.test.junit.AutoTests" name="[76] /home/travis/build/icyphy/ptII/ptolemy/domains/de/test/auto/VariableDelay2.xml (RunModel)" time="0.016" />
  <testcase classname="ptolemy.util.test.junit.AutoTests" name="[77] /home/travis/build/icyphy/ptII/ptolemy/domains/de/test/auto/VariableDelayZeroDelay.xml (RunModel)" time="0.018" />
  <testcase classname="ptolemy.util.test.junit.AutoTests" name="[78] /home/travis/build/icyphy/ptII/ptolemy/domains/de/test/auto/VariableDelayZeroDelay2.xml (RunModel)" time="0.013" />
  <testcase classname="ptolemy.util.test.junit.AutoTests" name="[79] /home/travis/build/icyphy/ptII/ptolemy/domains/de/test/auto/deInCt.xml (RunModel)" time="0.016" />
  <testcase classname="ptolemy.util.test.junit.AutoTests" name="[80] /home/travis/build/icyphy/ptII/ptolemy/domains/de/test/auto/deInCt2.xml (RunModel)" time="0.014" />
  <testcase classname="ptolemy.util.test.junit.AutoTests" name="[81] /home/travis/build/icyphy/ptII/ptolemy/domains/de/test/auto/dynamicCausalityInterface1.xml (RunModel)" time="0.017" />
  <testcase classname="ptolemy.util.test.junit.AutoTests" name="[82] /home/travis/build/icyphy/ptII/ptolemy/domains/de/test/auto/fsm_de_test.xml (RunModel)" time="0.024" />
  <testcase classname="ptolemy.util.test.junit.AutoTests" name="[83] /home/travis/build/icyphy/ptII/ptolemy/domains/de/test/auto/functionDependencyReconstruction.xml (RunModel)" time="0.045" />
  <testcase classname="ptolemy.util.test.junit.AutoTests" name="[84] /home/travis/build/icyphy/ptII/ptolemy/domains/de/test/auto/multirate.xml (RunModel)" time="0.031" />
  <testcase classname="ptolemy.util.test.junit.AutoTests" name="[85] /home/travis/build/icyphy/ptII/ptolemy/domains/de/test/auto/multirate2.xml (RunModel)" time="0.029" />
  <testcase classname="ptolemy.util.test.junit.AutoTests" name="[86] /home/travis/build/icyphy/ptII/ptolemy/domains/de/test/auto/realtime.xml (RunModel)" time="10.017" />
  <testcase classname="ptolemy.util.test.junit.AutoTests" name="[87] /home/travis/build/icyphy/ptII/ptolemy/domains/de/test/auto/relationGroup.xml (RunModel)" time="0.009" />
  <testcase classname="ptolemy.util.test.junit.AutoTests" name="[88] /home/travis/build/icyphy/ptII/ptolemy/domains/de/test/auto/relationGroup2.xml (RunModel)" time="0.017" />
  <testcase classname="ptolemy.util.test.junit.AutoTests" name="[89] /home/travis/build/icyphy/ptII/ptolemy/domains/de/test/auto/sortWithOpaquePorts.xml (RunModel)" time="0.011" />
  <testcase classname="ptolemy.util.test.junit.AutoTests" name="[90] /home/travis/build/icyphy/ptII/ptolemy/domains/de/test/auto/transferInputsandOutputs.xml (RunModel)" time="0.018" />
  <testcase classname="ptolemy.util.test.junit.AutoTests" name="[91] /home/travis/build/icyphy/ptII/ptolemy/domains/de/test/auto/triggerType.xml (RunModel)" time="0.01" />
  <system-out><![CDATA[/home/travis/build/icyphy/ptII/ptolemy/domains/de/test/DependencyLoop.tcl
testDefs.tcl: setting time out to 9000 seconds at Sat Jun 27 14:53:38 UTC 2020
70 ms. Memory: 129024K Free: 78792K (61%)
32 ms. Memory: 129024K Free: 61384K (48%)
/home/travis/build/icyphy/ptII/ptolemy/domains/de/test/RunDETestsAsQSS.tcl
Run the DE tests using ptolemy.domains.qss.test.QSSDirectorTest, which extends QSSDirector and prints a message in the constructors.
------------------ testing $PTII/ptolemy/domains/de/test/auto/knownFailedTests/DirectFeedback.xml (Known Failure) 
54 ms. Memory: 129024K Free: 55750K (43%)


==== $PTIIhome/travis/build/icyphy/ptII/ptolemy/domains/de/test/../../../../: Auto Automatic test in file $PTII/ptolemy/domains/de/test/auto/knownFailedTests/DirectFeedback.xml
==== Contents of test case:

	    # FIXME: we should use $relativeFilename here, but it
	    # might have backslashes under Windows, which causes no end
	    # of trouble.
	    createAndExecute $file
	    list {}
	
.... Test generated KNOWN error:
    while executing
ptolemy.kernel.util.IllegalActionException: Test fails in iteration 1.
Value was: 1.0. Should have been: 2.0
  in .DirectFeedback.Test
	at ptolemy.actor.lib.Test.fire(Test.java:268)
	at ptolemy.domains.de.kernel.DEDirector._fire(DEDirector.java:1949)
	at ptolemy.domains.de.kernel.DEDirector.fire(DEDirector.java:502)
	at ptolemy.actor.CompositeActor.fire(CompositeActor.java:455)
	at ptolemy.actor.Manager.iterate(Manager.java:851)
	at ptolemy.actor.Manager.execute(Manager.java:369)
	at ptolemy.actor.Manager.run(Manager.java:1263)
	at ptolemy.actor.Manager$PtolemyRunThread.run(Manager.java:1933)

    while executing
ptolemy.kernel.util.IllegalActionException: Test fails in iteration 1.
Value was: 1.0. Should have been: 2.0
  in .DirectFeedback.Test
    while executing
"java::new ptolemy.moml.MoMLSimpleApplication $file
"
    (procedure "createAndExecute" line 2)
    invoked from within
"createAndExecute $file"
    ("uplevel" body line 5)
    invoked from within
"uplevel $contents_of_test"
------------------ testing $PTII/ptolemy/domains/de/test/auto/knownFailedTests/dependencyLoop.xml (Known Failure) 
21 ms. Memory: 129024K Free: 52678K (41%)


==== $PTIIhome/travis/build/icyphy/ptII/ptolemy/domains/de/test/../../../../: Auto Automatic test in file $PTII/ptolemy/domains/de/test/auto/knownFailedTests/dependencyLoop.xml
==== Contents of test case:

	    # FIXME: we should use $relativeFilename here, but it
	    # might have backslashes under Windows, which causes no end
	    # of trouble.
	    createAndExecute $file
	    list {}
	
.... Test generated KNOWN error:
    while executing
ptolemy.kernel.util.IllegalActionException: Found a zero delay loop containing .dependencyLoop.original
  in .dependencyLoop and .dependencyLoop.original
	at ptolemy.actor.util.CausalityInterfaceForComposites._computeOutputPortDepth(CausalityInterfaceForComposites.java:759)
	at ptolemy.actor.util.CausalityInterfaceForComposites._computeInputDepth(CausalityInterfaceForComposites.java:696)
	at ptolemy.actor.util.CausalityInterfaceForComposites._computeOutputPortDepth(CausalityInterfaceForComposites.java:765)
	at ptolemy.actor.util.CausalityInterfaceForComposites._computeInputDepth(CausalityInterfaceForComposites.java:696)
	at ptolemy.actor.util.CausalityInterfaceForComposites._computeOutputPortDepth(CausalityInterfaceForComposites.java:765)
	at ptolemy.actor.util.CausalityInterfaceForComposites._computeInputDepth(CausalityInterfaceForComposites.java:696)
	at ptolemy.actor.util.CausalityInterfaceForComposites._computeActorDepth(CausalityInterfaceForComposites.java:532)
	at ptolemy.actor.util.CausalityInterfaceForComposites.checkForCycles(CausalityInterfaceForComposites.java:96)
	at ptolemy.domains.de.kernel.DEDirector.preinitialize(DEDirector.java:1338)
	at ptolemy.actor.CompositeActor.preinitialize(CompositeActor.java:1828)
	at ptolemy.actor.Manager.preinitializeAndResolveTypes(Manager.java:1040)
	at ptolemy.actor.Manager.initialize(Manager.java:710)
	at ptolemy.actor.Manager.execute(Manager.java:356)
	at ptolemy.actor.Manager.run(Manager.java:1263)
	at ptolemy.actor.Manager$PtolemyRunThread.run(Manager.java:1933)

    while executing
ptolemy.kernel.util.IllegalActionException: Found a zero delay loop containing .dependencyLoop.original
  in .dependencyLoop and .dependencyLoop.original
    while executing
"java::new ptolemy.moml.MoMLSimpleApplication $file
"
    (procedure "createAndExecute" line 2)
    invoked from within
"createAndExecute $file"
    ("uplevel" body line 5)
    invoked from within
"uplevel $contents_of_test"
------------------ testing $PTII/ptolemy/domains/de/test/auto/knownFailedTests/FSMSource.xml (Known Failure) 
80 ms. Memory: 129024K Free: 110556K (86%)
!!!! Auto was marked as failing, but now passes
------------------ testing $PTII/ptolemy/domains/de/test/auto/knownFailedTests/HierarchicalModel.xml (Known Failure) 
6 ms. Memory: 129024K Free: 93176K (72%)


==== $PTIIhome/travis/build/icyphy/ptII/ptolemy/domains/de/test/../../../../: Auto Automatic test in file $PTII/ptolemy/domains/de/test/auto/knownFailedTests/HierarchicalModel.xml
==== Contents of test case:

	    # FIXME: we should use $relativeFilename here, but it
	    # might have backslashes under Windows, which causes no end
	    # of trouble.
	    createAndExecute $file
	    list {}
	
.... Test generated KNOWN error:
    while executing
ptolemy.kernel.util.IllegalActionException: Found a zero delay loop containing .HierarchicalModel.A
  in .HierarchicalModel and .HierarchicalModel.A
	at ptolemy.actor.util.CausalityInterfaceForComposites._computeOutputPortDepth(CausalityInterfaceForComposites.java:759)
	at ptolemy.actor.util.CausalityInterfaceForComposites._computeInputDepth(CausalityInterfaceForComposites.java:696)
	at ptolemy.actor.util.CausalityInterfaceForComposites._computeOutputPortDepth(CausalityInterfaceForComposites.java:765)
	at ptolemy.actor.util.CausalityInterfaceForComposites._computeInputDepth(CausalityInterfaceForComposites.java:696)
	at ptolemy.actor.util.CausalityInterfaceForComposites._computeOutputPortDepth(CausalityInterfaceForComposites.java:765)
	at ptolemy.actor.util.CausalityInterfaceForComposites._computeInputDepth(CausalityInterfaceForComposites.java:696)
	at ptolemy.actor.util.CausalityInterfaceForComposites._computeActorDepth(CausalityInterfaceForComposites.java:532)
	at ptolemy.actor.util.CausalityInterfaceForComposites.checkForCycles(CausalityInterfaceForComposites.java:96)
	at ptolemy.domains.de.kernel.DEDirector.preinitialize(DEDirector.java:1338)
	at ptolemy.actor.CompositeActor.preinitialize(CompositeActor.java:1828)
	at ptolemy.actor.Manager.preinitializeAndResolveTypes(Manager.java:1040)
	at ptolemy.actor.Manager.initialize(Manager.java:710)
	at ptolemy.actor.Manager.execute(Manager.java:356)
	at ptolemy.actor.Manager.run(Manager.java:1263)
	at ptolemy.actor.Manager$PtolemyRunThread.run(Manager.java:1933)

    while executing
ptolemy.kernel.util.IllegalActionException: Found a zero delay loop containing .HierarchicalModel.A
  in .HierarchicalModel and .HierarchicalModel.A
    while executing
"java::new ptolemy.moml.MoMLSimpleApplication $file
"
    (procedure "createAndExecute" line 2)
    invoked from within
"createAndExecute $file"
    ("uplevel" body line 5)
    invoked from within
"uplevel $contents_of_test"
------------------ testing $PTII/ptolemy/domains/de/test/auto/knownFailedTests/dependencyLoop2.xml (Known Failure) 
10 ms. Memory: 129024K Free: 76776K (60%)


==== $PTIIhome/travis/build/icyphy/ptII/ptolemy/domains/de/test/../../../../: Auto Automatic test in file $PTII/ptolemy/domains/de/test/auto/knownFailedTests/dependencyLoop2.xml
==== Contents of test case:

	    # FIXME: we should use $relativeFilename here, but it
	    # might have backslashes under Windows, which causes no end
	    # of trouble.
	    createAndExecute $file
	    list {}
	
.... Test generated KNOWN error:
    while executing
ptolemy.kernel.util.IllegalActionException: Found a zero delay loop containing .dependencyLoop2.original
  in .dependencyLoop2 and .dependencyLoop2.original
	at ptolemy.actor.util.CausalityInterfaceForComposites._computeOutputPortDepth(CausalityInterfaceForComposites.java:759)
	at ptolemy.actor.util.CausalityInterfaceForComposites._computeInputDepth(CausalityInterfaceForComposites.java:696)
	at ptolemy.actor.util.CausalityInterfaceForComposites._computeOutputPortDepth(CausalityInterfaceForComposites.java:765)
	at ptolemy.actor.util.CausalityInterfaceForComposites._computeInputDepth(CausalityInterfaceForComposites.java:696)
	at ptolemy.actor.util.CausalityInterfaceForComposites._computeOutputPortDepth(CausalityInterfaceForComposites.java:765)
	at ptolemy.actor.util.CausalityInterfaceForComposites._computeInputDepth(CausalityInterfaceForComposites.java:696)
	at ptolemy.actor.util.CausalityInterfaceForComposites._computeActorDepth(CausalityInterfaceForComposites.java:532)
	at ptolemy.actor.util.CausalityInterfaceForComposites.checkForCycles(CausalityInterfaceForComposites.java:96)
	at ptolemy.domains.de.kernel.DEDirector.preinitialize(DEDirector.java:1338)
	at ptolemy.actor.CompositeActor.preinitialize(CompositeActor.java:1828)
	at ptolemy.actor.Manager.preinitializeAndResolveTypes(Manager.java:1040)
	at ptolemy.actor.Manager.initialize(Manager.java:710)
	at ptolemy.actor.Manager.execute(Manager.java:356)
	at ptolemy.actor.Manager.run(Manager.java:1263)
	at ptolemy.actor.Manager$PtolemyRunThread.run(Manager.java:1933)

    while executing
ptolemy.kernel.util.IllegalActionException: Found a zero delay loop containing .dependencyLoop2.original
  in .dependencyLoop2 and .dependencyLoop2.original
    while executing
"java::new ptolemy.moml.MoMLSimpleApplication $file
"
    (procedure "createAndExecute" line 2)
    invoked from within
"createAndExecute $file"
    ("uplevel" body line 5)
    invoked from within
"uplevel $contents_of_test"
------------------ testing $PTII/ptolemy/domains/de/test/auto/knownFailedTests/DESDFClockTest.xml (Known Failure) 
2063 ms. Memory: 129024K Free: 107069K (83%)


==== $PTIIhome/travis/build/icyphy/ptII/ptolemy/domains/de/test/../../../../: Auto Automatic test in file $PTII/ptolemy/domains/de/test/auto/knownFailedTests/DESDFClockTest.xml
==== Contents of test case:

	    # FIXME: we should use $relativeFilename here, but it
	    # might have backslashes under Windows, which causes no end
	    # of trouble.
	    createAndExecute $file
	    list {}
	
.... Test generated KNOWN error:
    while executing
ptolemy.kernel.util.IllegalActionException: Actor is not ready to fire.  Perhaps UpSample.prefire() returned false? Try debugging the actor by selecting "Listen to Actor".  Also, for SDF check moml for tokenConsumptionRate on input.
  in .DESDFClockTest.Play Bell.Copy1:SDF Director and .DESDFClockTest.Play Bell.UpSample
	at ptolemy.actor.sched.StaticSchedulingDirector.fire(StaticSchedulingDirector.java:227)
	at ptolemy.domains.sdf.kernel.SDFDirector.fire(SDFDirector.java:500)
	at ptolemy.actor.CompositeActor.fire(CompositeActor.java:455)
	at ptolemy.domains.de.kernel.DEDirector._fire(DEDirector.java:1949)
	at ptolemy.domains.de.kernel.DEDirector.fire(DEDirector.java:502)
	at ptolemy.actor.CompositeActor.fire(CompositeActor.java:455)
	at ptolemy.actor.Manager.iterate(Manager.java:851)
	at ptolemy.actor.Manager.execute(Manager.java:369)
	at ptolemy.actor.Manager.run(Manager.java:1263)
	at ptolemy.actor.Manager$PtolemyRunThread.run(Manager.java:1933)

    while executing
ptolemy.kernel.util.IllegalActionException: Actor is not ready to fire.  Perhaps UpSample.prefire() returned false? Try debugging the actor by selecting "Listen to Actor".  Also, for SDF check moml for tokenConsumptionRate on input.
  in .DESDFClockTest.Play Bell.Copy1:SDF Director and .DESDFClockTest.Play Bell.UpSample
    while executing
"java::new ptolemy.moml.MoMLSimpleApplication $file
"
    (procedure "createAndExecute" line 2)
    invoked from within
"createAndExecute $file"
    ("uplevel" body line 5)
    invoked from within
"uplevel $contents_of_test"
------------------ testing $PTII/ptolemy/domains/de/test/auto/ActorDepthCalculation_actorWithoutPorts.xml
auto.tcl: Setting watchdog for 200 seconds at Sat Jun 27 14:53:42 UTC 2020
5 ms. Memory: 129024K Free: 99373K (77%)
ptolemy.util.test.WatchDog.cancel(): canceling Sat Jun 27 14:53:42 UTC 2020
auto.tcl: Setting watchdog for 200 seconds at Sat Jun 27 14:53:42 UTC 2020
7 ms. Memory: 129024K Free: 97853K (76%)
ptolemy.util.test.WatchDog.cancel(): canceling Sat Jun 27 14:53:42 UTC 2020
------------------ testing $PTII/ptolemy/domains/de/test/auto/AssemblyLine.xml
auto.tcl: Setting watchdog for 200 seconds at Sat Jun 27 14:53:43 UTC 2020
12 ms. Memory: 55296K Free: 31985K (58%)
ptolemy.util.test.WatchDog.cancel(): canceling Sat Jun 27 14:53:43 UTC 2020
auto.tcl: Setting watchdog for 200 seconds at Sat Jun 27 14:53:43 UTC 2020
12 ms. Memory: 55296K Free: 31332K (57%)
ptolemy.util.test.WatchDog.cancel(): canceling Sat Jun 27 14:53:43 UTC 2020
------------------ testing $PTII/ptolemy/domains/de/test/auto/CQBug1.xml
auto.tcl: Setting watchdog for 200 seconds at Sat Jun 27 14:53:43 UTC 2020
7 ms. Memory: 51200K Free: 33278K (65%)
ptolemy.util.test.WatchDog.cancel(): canceling Sat Jun 27 14:53:43 UTC 2020
auto.tcl: Setting watchdog for 200 seconds at Sat Jun 27 14:53:43 UTC 2020
5 ms. Memory: 51200K Free: 32830K (64%)
ptolemy.util.test.WatchDog.cancel(): canceling Sat Jun 27 14:53:43 UTC 2020
------------------ testing $PTII/ptolemy/domains/de/test/auto/CancelFireAt.xml
auto.tcl: Setting watchdog for 200 seconds at Sat Jun 27 14:53:43 UTC 2020
13 ms. Memory: 51200K Free: 34733K (68%)
ptolemy.util.test.WatchDog.cancel(): canceling Sat Jun 27 14:53:43 UTC 2020
auto.tcl: Setting watchdog for 200 seconds at Sat Jun 27 14:53:43 UTC 2020
3 ms. Memory: 51200K Free: 34277K (67%)
ptolemy.util.test.WatchDog.cancel(): canceling Sat Jun 27 14:53:43 UTC 2020
------------------ testing $PTII/ptolemy/domains/de/test/auto/CausalityAndComposabilityAnalysis.xml
auto.tcl: Setting watchdog for 200 seconds at Sat Jun 27 14:53:43 UTC 2020
13 ms. Memory: 51200K Free: 32437K (63%)
ptolemy.util.test.WatchDog.cancel(): canceling Sat Jun 27 14:53:43 UTC 2020
auto.tcl: Setting watchdog for 200 seconds at Sat Jun 27 14:53:43 UTC 2020
5 ms. Memory: 51200K Free: 31957K (62%)
ptolemy.util.test.WatchDog.cancel(): canceling Sat Jun 27 14:53:43 UTC 2020
------------------ testing $PTII/ptolemy/domains/de/test/auto/CausalityInterface1.xml
auto.tcl: Setting watchdog for 200 seconds at Sat Jun 27 14:53:43 UTC 2020
20 ms. Memory: 51200K Free: 31381K (61%)
ptolemy.util.test.WatchDog.cancel(): canceling Sat Jun 27 14:53:43 UTC 2020
auto.tcl: Setting watchdog for 200 seconds at Sat Jun 27 14:53:43 UTC 2020
4 ms. Memory: 51200K Free: 30399K (59%)
ptolemy.util.test.WatchDog.cancel(): canceling Sat Jun 27 14:53:43 UTC 2020
------------------ testing $PTII/ptolemy/domains/de/test/auto/CausalityInterface15.xml
auto.tcl: Setting watchdog for 200 seconds at Sat Jun 27 14:53:43 UTC 2020
13 ms. Memory: 51200K Free: 31013K (61%)
ptolemy.util.test.WatchDog.cancel(): canceling Sat Jun 27 14:53:43 UTC 2020
auto.tcl: Setting watchdog for 200 seconds at Sat Jun 27 14:53:43 UTC 2020
4 ms. Memory: 51200K Free: 30356K (59%)
ptolemy.util.test.WatchDog.cancel(): canceling Sat Jun 27 14:53:43 UTC 2020
------------------ testing $PTII/ptolemy/domains/de/test/auto/CausalityInterface2.xml
auto.tcl: Setting watchdog for 200 seconds at Sat Jun 27 14:53:43 UTC 2020
5 ms. Memory: 51200K Free: 32054K (63%)
ptolemy.util.test.WatchDog.cancel(): canceling Sat Jun 27 14:53:44 UTC 2020
auto.tcl: Setting watchdog for 200 seconds at Sat Jun 27 14:53:44 UTC 2020
3 ms. Memory: 51200K Free: 31366K (61%)
ptolemy.util.test.WatchDog.cancel(): canceling Sat Jun 27 14:53:44 UTC 2020
------------------ testing $PTII/ptolemy/domains/de/test/auto/CausalityInterface3.xml
auto.tcl: Setting watchdog for 200 seconds at Sat Jun 27 14:53:44 UTC 2020
8 ms. Memory: 51200K Free: 31553K (62%)
ptolemy.util.test.WatchDog.cancel(): canceling Sat Jun 27 14:53:44 UTC 2020
auto.tcl: Setting watchdog for 200 seconds at Sat Jun 27 14:53:44 UTC 2020
3 ms. Memory: 51200K Free: 30817K (60%)
ptolemy.util.test.WatchDog.cancel(): canceling Sat Jun 27 14:53:44 UTC 2020
------------------ testing $PTII/ptolemy/domains/de/test/auto/ClockDrift.xml
auto.tcl: Setting watchdog for 200 seconds at Sat Jun 27 14:53:44 UTC 2020
51 ms. Memory: 51200K Free: 23637K (46%)
ptolemy.util.test.WatchDog.cancel(): canceling Sat Jun 27 14:53:44 UTC 2020
auto.tcl: Setting watchdog for 200 seconds at Sat Jun 27 14:53:44 UTC 2020
61 ms. Memory: 51200K Free: 20690K (40%)
ptolemy.util.test.WatchDog.cancel(): canceling Sat Jun 27 14:53:44 UTC 2020
------------------ testing $PTII/ptolemy/domains/de/test/auto/ClockDriftAndValueChange.xml
auto.tcl: Setting watchdog for 200 seconds at Sat Jun 27 14:53:44 UTC 2020
34 ms. Memory: 51200K Free: 24243K (47%)
ptolemy.util.test.WatchDog.cancel(): canceling Sat Jun 27 14:53:44 UTC 2020
auto.tcl: Setting watchdog for 200 seconds at Sat Jun 27 14:53:44 UTC 2020
13 ms. Memory: 51200K Free: 21429K (42%)
ptolemy.util.test.WatchDog.cancel(): canceling Sat Jun 27 14:53:44 UTC 2020
------------------ testing $PTII/ptolemy/domains/de/test/auto/ClockDriftChange.xml
auto.tcl: Setting watchdog for 200 seconds at Sat Jun 27 14:53:44 UTC 2020
17 ms. Memory: 51200K Free: 26036K (51%)
ptolemy.util.test.WatchDog.cancel(): canceling Sat Jun 27 14:53:44 UTC 2020
auto.tcl: Setting watchdog for 200 seconds at Sat Jun 27 14:53:44 UTC 2020
12 ms. Memory: 51200K Free: 23478K (46%)
ptolemy.util.test.WatchDog.cancel(): canceling Sat Jun 27 14:53:44 UTC 2020
------------------ testing $PTII/ptolemy/domains/de/test/auto/ComposableCausalityAnalysis.xml
auto.tcl: Setting watchdog for 200 seconds at Sat Jun 27 14:53:44 UTC 2020
7 ms. Memory: 51200K Free: 30837K (60%)
ptolemy.util.test.WatchDog.cancel(): canceling Sat Jun 27 14:53:44 UTC 2020
auto.tcl: Setting watchdog for 200 seconds at Sat Jun 27 14:53:44 UTC 2020
5 ms. Memory: 51200K Free: 29813K (58%)
ptolemy.util.test.WatchDog.cancel(): canceling Sat Jun 27 14:53:44 UTC 2020
------------------ testing $PTII/ptolemy/domains/de/test/auto/DEFixedPointLimitation.xml
auto.tcl: Setting watchdog for 200 seconds at Sat Jun 27 14:53:44 UTC 2020
4 ms. Memory: 51200K Free: 32258K (63%)
ptolemy.util.test.WatchDog.cancel(): canceling Sat Jun 27 14:53:44 UTC 2020
auto.tcl: Setting watchdog for 200 seconds at Sat Jun 27 14:53:44 UTC 2020
2 ms. Memory: 51200K Free: 31383K (61%)
ptolemy.util.test.WatchDog.cancel(): canceling Sat Jun 27 14:53:44 UTC 2020
------------------ testing $PTII/ptolemy/domains/de/test/auto/DEScheduleTest.xml
auto.tcl: Setting watchdog for 200 seconds at Sat Jun 27 14:53:44 UTC 2020
7 ms. Memory: 51200K Free: 32589K (64%)
ptolemy.util.test.WatchDog.cancel(): canceling Sat Jun 27 14:53:44 UTC 2020
auto.tcl: Setting watchdog for 200 seconds at Sat Jun 27 14:53:44 UTC 2020
3 ms. Memory: 51200K Free: 31823K (62%)
ptolemy.util.test.WatchDog.cancel(): canceling Sat Jun 27 14:53:44 UTC 2020
------------------ testing $PTII/ptolemy/domains/de/test/auto/DEinDEwithStartTimes.xml
auto.tcl: Setting watchdog for 200 seconds at Sat Jun 27 14:53:44 UTC 2020
4 ms. Memory: 51200K Free: 30750K (60%)
ptolemy.util.test.WatchDog.cancel(): canceling Sat Jun 27 14:53:44 UTC 2020
auto.tcl: Setting watchdog for 200 seconds at Sat Jun 27 14:53:44 UTC 2020
3 ms. Memory: 51200K Free: 29726K (58%)
ptolemy.util.test.WatchDog.cancel(): canceling Sat Jun 27 14:53:44 UTC 2020
------------------ testing $PTII/ptolemy/domains/de/test/auto/DEinDEwithStartTimes2.xml
auto.tcl: Setting watchdog for 200 seconds at Sat Jun 27 14:53:44 UTC 2020
4 ms. Memory: 51200K Free: 29859K (58%)
ptolemy.util.test.WatchDog.cancel(): canceling Sat Jun 27 14:53:44 UTC 2020
auto.tcl: Setting watchdog for 200 seconds at Sat Jun 27 14:53:44 UTC 2020
4 ms. Memory: 51200K Free: 28681K (56%)
ptolemy.util.test.WatchDog.cancel(): canceling Sat Jun 27 14:53:44 UTC 2020
------------------ testing $PTII/ptolemy/domains/de/test/auto/DateDemo.xml
auto.tcl: Setting watchdog for 200 seconds at Sat Jun 27 14:53:44 UTC 2020
13 ms. Memory: 51200K Free: 24302K (47%)
ptolemy.util.test.WatchDog.cancel(): canceling Sat Jun 27 14:53:45 UTC 2020
auto.tcl: Setting watchdog for 200 seconds at Sat Jun 27 14:53:45 UTC 2020
8 ms. Memory: 51200K Free: 22680K (44%)
ptolemy.util.test.WatchDog.cancel(): canceling Sat Jun 27 14:53:45 UTC 2020
------------------ testing $PTII/ptolemy/domains/de/test/auto/DateToEvent.xml
auto.tcl: Setting watchdog for 200 seconds at Sat Jun 27 14:53:45 UTC 2020
2014 ms. Memory: 51200K Free: 20245K (40%)
ptolemy.util.test.WatchDog.cancel(): canceling Sat Jun 27 14:53:47 UTC 2020
auto.tcl: Setting watchdog for 200 seconds at Sat Jun 27 14:53:47 UTC 2020
2004 ms. Memory: 51200K Free: 19412K (38%)
ptolemy.util.test.WatchDog.cancel(): canceling Sat Jun 27 14:53:49 UTC 2020
------------------ testing $PTII/ptolemy/domains/de/test/auto/DepthTest1.xml
auto.tcl: Setting watchdog for 200 seconds at Sat Jun 27 14:53:49 UTC 2020
3 ms. Memory: 51200K Free: 33419K (65%)
ptolemy.util.test.WatchDog.cancel(): canceling Sat Jun 27 14:53:49 UTC 2020
auto.tcl: Setting watchdog for 200 seconds at Sat Jun 27 14:53:49 UTC 2020
2 ms. Memory: 51200K Free: 32947K (64%)
ptolemy.util.test.WatchDog.cancel(): canceling Sat Jun 27 14:53:49 UTC 2020
------------------ testing $PTII/ptolemy/domains/de/test/auto/DepthTest2.xml
auto.tcl: Setting watchdog for 200 seconds at Sat Jun 27 14:53:49 UTC 2020
3 ms. Memory: 51200K Free: 30230K (59%)
ptolemy.util.test.WatchDog.cancel(): canceling Sat Jun 27 14:53:49 UTC 2020
auto.tcl: Setting watchdog for 200 seconds at Sat Jun 27 14:53:49 UTC 2020
5 ms. Memory: 51200K Free: 29793K (58%)
ptolemy.util.test.WatchDog.cancel(): canceling Sat Jun 27 14:53:49 UTC 2020
------------------ testing $PTII/ptolemy/domains/de/test/auto/DepthTest3.xml
auto.tcl: Setting watchdog for 200 seconds at Sat Jun 27 14:53:49 UTC 2020
3 ms. Memory: 51200K Free: 33749K (66%)
ptolemy.util.test.WatchDog.cancel(): canceling Sat Jun 27 14:53:49 UTC 2020
auto.tcl: Setting watchdog for 200 seconds at Sat Jun 27 14:53:49 UTC 2020
2 ms. Memory: 51200K Free: 33253K (65%)
ptolemy.util.test.WatchDog.cancel(): canceling Sat Jun 27 14:53:49 UTC 2020
------------------ testing $PTII/ptolemy/domains/de/test/auto/DepthTest4.xml
auto.tcl: Setting watchdog for 200 seconds at Sat Jun 27 14:53:49 UTC 2020
6 ms. Memory: 51200K Free: 31969K (62%)
ptolemy.util.test.WatchDog.cancel(): canceling Sat Jun 27 14:53:49 UTC 2020
auto.tcl: Setting watchdog for 200 seconds at Sat Jun 27 14:53:49 UTC 2020
2 ms. Memory: 51200K Free: 30888K (60%)
ptolemy.util.test.WatchDog.cancel(): canceling Sat Jun 27 14:53:49 UTC 2020
------------------ testing $PTII/ptolemy/domains/de/test/auto/DepthTest5.xml
auto.tcl: Setting watchdog for 200 seconds at Sat Jun 27 14:53:49 UTC 2020
4 ms. Memory: 51200K Free: 31420K (61%)
ptolemy.util.test.WatchDog.cancel(): canceling Sat Jun 27 14:53:49 UTC 2020
auto.tcl: Setting watchdog for 200 seconds at Sat Jun 27 14:53:49 UTC 2020
2 ms. Memory: 51200K Free: 30684K (60%)
ptolemy.util.test.WatchDog.cancel(): canceling Sat Jun 27 14:53:49 UTC 2020
------------------ testing $PTII/ptolemy/domains/de/test/auto/DepthTest6.xml
auto.tcl: Setting watchdog for 200 seconds at Sat Jun 27 14:53:49 UTC 2020
4 ms. Memory: 51200K Free: 31150K (61%)
ptolemy.util.test.WatchDog.cancel(): canceling Sat Jun 27 14:53:49 UTC 2020
auto.tcl: Setting watchdog for 200 seconds at Sat Jun 27 14:53:49 UTC 2020
2 ms. Memory: 51200K Free: 30713K (60%)
ptolemy.util.test.WatchDog.cancel(): canceling Sat Jun 27 14:53:49 UTC 2020
------------------ testing $PTII/ptolemy/domains/de/test/auto/DepthTest7.xml
auto.tcl: Setting watchdog for 200 seconds at Sat Jun 27 14:53:49 UTC 2020
2 ms. Memory: 51200K Free: 31683K (62%)
ptolemy.util.test.WatchDog.cancel(): canceling Sat Jun 27 14:53:49 UTC 2020
auto.tcl: Setting watchdog for 200 seconds at Sat Jun 27 14:53:49 UTC 2020
2 ms. Memory: 51200K Free: 30823K (60%)
ptolemy.util.test.WatchDog.cancel(): canceling Sat Jun 27 14:53:49 UTC 2020
------------------ testing $PTII/ptolemy/domains/de/test/auto/EventToDate.xml
auto.tcl: Setting watchdog for 200 seconds at Sat Jun 27 14:53:49 UTC 2020
3009 ms. Memory: 51200K Free: 22671K (44%)
ptolemy.util.test.WatchDog.cancel(): canceling Sat Jun 27 14:53:52 UTC 2020
auto.tcl: Setting watchdog for 200 seconds at Sat Jun 27 14:53:52 UTC 2020
3003 ms. Memory: 51200K Free: 22057K (43%)
ptolemy.util.test.WatchDog.cancel(): canceling Sat Jun 27 14:53:55 UTC 2020
------------------ testing $PTII/ptolemy/domains/de/test/auto/FSM1.xml
auto.tcl: Setting watchdog for 200 seconds at Sat Jun 27 14:53:55 UTC 2020
24 ms. Memory: 51200K Free: 23636K (46%)
ptolemy.util.test.WatchDog.cancel(): canceling Sat Jun 27 14:53:55 UTC 2020
auto.tcl: Setting watchdog for 200 seconds at Sat Jun 27 14:53:55 UTC 2020
16 ms. Memory: 51200K Free: 20221K (39%)
ptolemy.util.test.WatchDog.cancel(): canceling Sat Jun 27 14:53:55 UTC 2020
------------------ testing $PTII/ptolemy/domains/de/test/auto/FSM7.xml
auto.tcl: Setting watchdog for 200 seconds at Sat Jun 27 14:53:55 UTC 2020
13 ms. Memory: 51200K Free: 23886K (47%)
ptolemy.util.test.WatchDog.cancel(): canceling Sat Jun 27 14:53:56 UTC 2020
auto.tcl: Setting watchdog for 200 seconds at Sat Jun 27 14:53:56 UTC 2020
22 ms. Memory: 51200K Free: 20499K (40%)
ptolemy.util.test.WatchDog.cancel(): canceling Sat Jun 27 14:53:56 UTC 2020
------------------ testing $PTII/ptolemy/domains/de/test/auto/Inspection.xml
auto.tcl: Setting watchdog for 200 seconds at Sat Jun 27 14:53:56 UTC 2020
22 ms. Memory: 51200K Free: 23646K (46%)
ptolemy.util.test.WatchDog.cancel(): canceling Sat Jun 27 14:53:56 UTC 2020
auto.tcl: Setting watchdog for 200 seconds at Sat Jun 27 14:53:56 UTC 2020
26 ms. Memory: 51200K Free: 21952K (43%)
ptolemy.util.test.WatchDog.cancel(): canceling Sat Jun 27 14:53:56 UTC 2020
------------------ testing $PTII/ptolemy/domains/de/test/auto/Iteration.xml
auto.tcl: Setting watchdog for 200 seconds at Sat Jun 27 14:53:56 UTC 2020
10 ms. Memory: 51200K Free: 29192K (57%)
ptolemy.util.test.WatchDog.cancel(): canceling Sat Jun 27 14:53:56 UTC 2020
auto.tcl: Setting watchdog for 200 seconds at Sat Jun 27 14:53:56 UTC 2020
8 ms. Memory: 51200K Free: 28008K (55%)
ptolemy.util.test.WatchDog.cancel(): canceling Sat Jun 27 14:53:56 UTC 2020
------------------ testing $PTII/ptolemy/domains/de/test/auto/LineFault.xml
auto.tcl: Setting watchdog for 200 seconds at Sat Jun 27 14:53:56 UTC 2020
659 ms. Memory: 61440K Free: 26605K (43%)
ptolemy.util.test.WatchDog.cancel(): canceling Sat Jun 27 14:53:57 UTC 2020
auto.tcl: Setting watchdog for 200 seconds at Sat Jun 27 14:53:57 UTC 2020
506 ms. Memory: 61440K Free: 27952K (45%)
ptolemy.util.test.WatchDog.cancel(): canceling Sat Jun 27 14:53:57 UTC 2020
------------------ testing $PTII/ptolemy/domains/de/test/auto/MergeModel1Add.xml
auto.tcl: Setting watchdog for 200 seconds at Sat Jun 27 14:53:57 UTC 2020
29 ms. Memory: 58368K Free: 22274K (38%)
ptolemy.util.test.WatchDog.cancel(): canceling Sat Jun 27 14:53:57 UTC 2020
auto.tcl: Setting watchdog for 200 seconds at Sat Jun 27 14:53:57 UTC 2020
13 ms. Memory: 58368K Free: 20586K (35%)
ptolemy.util.test.WatchDog.cancel(): canceling Sat Jun 27 14:53:58 UTC 2020
------------------ testing $PTII/ptolemy/domains/de/test/auto/MergeModel2Add.xml
auto.tcl: Setting watchdog for 200 seconds at Sat Jun 27 14:53:58 UTC 2020
8 ms. Memory: 55296K Free: 20976K (38%)
ptolemy.util.test.WatchDog.cancel(): canceling Sat Jun 27 14:53:58 UTC 2020
auto.tcl: Setting watchdog for 200 seconds at Sat Jun 27 14:53:58 UTC 2020
6 ms. Memory: 55296K Free: 19270K (35%)
ptolemy.util.test.WatchDog.cancel(): canceling Sat Jun 27 14:53:58 UTC 2020
------------------ testing $PTII/ptolemy/domains/de/test/auto/MergeModel3Add.xml
auto.tcl: Setting watchdog for 200 seconds at Sat Jun 27 14:53:58 UTC 2020
7 ms. Memory: 55296K Free: 21232K (38%)
ptolemy.util.test.WatchDog.cancel(): canceling Sat Jun 27 14:53:58 UTC 2020
auto.tcl: Setting watchdog for 200 seconds at Sat Jun 27 14:53:58 UTC 2020
6 ms. Memory: 55296K Free: 19804K (36%)
ptolemy.util.test.WatchDog.cancel(): canceling Sat Jun 27 14:53:58 UTC 2020
------------------ testing $PTII/ptolemy/domains/de/test/auto/MergeWithoutDiscard.xml
auto.tcl: Setting watchdog for 200 seconds at Sat Jun 27 14:53:58 UTC 2020
1 ms. Memory: 55296K Free: 36150K (65%)
ptolemy.util.test.WatchDog.cancel(): canceling Sat Jun 27 14:53:58 UTC 2020
auto.tcl: Setting watchdog for 200 seconds at Sat Jun 27 14:53:58 UTC 2020
1 ms. Memory: 55296K Free: 35668K (65%)
ptolemy.util.test.WatchDog.cancel(): canceling Sat Jun 27 14:53:58 UTC 2020
------------------ testing $PTII/ptolemy/domains/de/test/auto/Modal1.xml
auto.tcl: Setting watchdog for 200 seconds at Sat Jun 27 14:53:58 UTC 2020
11 ms. Memory: 51200K Free: 23889K (47%)
ptolemy.util.test.WatchDog.cancel(): canceling Sat Jun 27 14:53:58 UTC 2020
auto.tcl: Setting watchdog for 200 seconds at Sat Jun 27 14:53:58 UTC 2020
12 ms. Memory: 51200K Free: 20635K (40%)
ptolemy.util.test.WatchDog.cancel(): canceling Sat Jun 27 14:53:58 UTC 2020
------------------ testing $PTII/ptolemy/domains/de/test/auto/Modal2.xml
auto.tcl: Setting watchdog for 200 seconds at Sat Jun 27 14:53:58 UTC 2020
11 ms. Memory: 51200K Free: 23535K (46%)
ptolemy.util.test.WatchDog.cancel(): canceling Sat Jun 27 14:53:58 UTC 2020
auto.tcl: Setting watchdog for 200 seconds at Sat Jun 27 14:53:58 UTC 2020
17 ms. Memory: 51200K Free: 20536K (40%)
ptolemy.util.test.WatchDog.cancel(): canceling Sat Jun 27 14:53:58 UTC 2020
------------------ testing $PTII/ptolemy/domains/de/test/auto/Modal3.xml
auto.tcl: Setting watchdog for 200 seconds at Sat Jun 27 14:53:58 UTC 2020
11 ms. Memory: 51200K Free: 23464K (46%)
ptolemy.util.test.WatchDog.cancel(): canceling Sat Jun 27 14:53:58 UTC 2020
auto.tcl: Setting watchdog for 200 seconds at Sat Jun 27 14:53:58 UTC 2020
13 ms. Memory: 51200K Free: 20539K (40%)
ptolemy.util.test.WatchDog.cancel(): canceling Sat Jun 27 14:53:58 UTC 2020
------------------ testing $PTII/ptolemy/domains/de/test/auto/Modal4.xml
auto.tcl: Setting watchdog for 200 seconds at Sat Jun 27 14:53:58 UTC 2020
13 ms. Memory: 51200K Free: 22745K (44%)
ptolemy.util.test.WatchDog.cancel(): canceling Sat Jun 27 14:53:58 UTC 2020
auto.tcl: Setting watchdog for 200 seconds at Sat Jun 27 14:53:58 UTC 2020
13 ms. Memory: 51200K Free: 18925K (37%)
ptolemy.util.test.WatchDog.cancel(): canceling Sat Jun 27 14:53:58 UTC 2020
------------------ testing $PTII/ptolemy/domains/de/test/auto/Modal5.xml
auto.tcl: Setting watchdog for 200 seconds at Sat Jun 27 14:53:58 UTC 2020
12 ms. Memory: 51200K Free: 22735K (44%)
ptolemy.util.test.WatchDog.cancel(): canceling Sat Jun 27 14:53:58 UTC 2020
auto.tcl: Setting watchdog for 200 seconds at Sat Jun 27 14:53:58 UTC 2020
14 ms. Memory: 51200K Free: 18912K (37%)
ptolemy.util.test.WatchDog.cancel(): canceling Sat Jun 27 14:53:58 UTC 2020
------------------ testing $PTII/ptolemy/domains/de/test/auto/Modal6.xml
auto.tcl: Setting watchdog for 200 seconds at Sat Jun 27 14:53:58 UTC 2020
20 ms. Memory: 51200K Free: 23445K (46%)
ptolemy.util.test.WatchDog.cancel(): canceling Sat Jun 27 14:53:58 UTC 2020
auto.tcl: Setting watchdog for 200 seconds at Sat Jun 27 14:53:58 UTC 2020
18 ms. Memory: 51200K Free: 19507K (38%)
ptolemy.util.test.WatchDog.cancel(): canceling Sat Jun 27 14:53:58 UTC 2020
------------------ testing $PTII/ptolemy/domains/de/test/auto/Modal7.xml
auto.tcl: Setting watchdog for 200 seconds at Sat Jun 27 14:53:58 UTC 2020
15 ms. Memory: 51200K Free: 22716K (44%)
ptolemy.util.test.WatchDog.cancel(): canceling Sat Jun 27 14:53:59 UTC 2020
auto.tcl: Setting watchdog for 200 seconds at Sat Jun 27 14:53:59 UTC 2020
12 ms. Memory: 51200K Free: 19100K (37%)
ptolemy.util.test.WatchDog.cancel(): canceling Sat Jun 27 14:53:59 UTC 2020
------------------ testing $PTII/ptolemy/domains/de/test/auto/ModalModel.xml
auto.tcl: Setting watchdog for 200 seconds at Sat Jun 27 14:53:59 UTC 2020
184 ms. Memory: 51200K Free: 17001K (33%)
ptolemy.util.test.WatchDog.cancel(): canceling Sat Jun 27 14:53:59 UTC 2020
auto.tcl: Setting watchdog for 200 seconds at Sat Jun 27 14:53:59 UTC 2020
193 ms. Memory: 65536K Free: 25332K (39%)
ptolemy.util.test.WatchDog.cancel(): canceling Sat Jun 27 14:53:59 UTC 2020
------------------ testing $PTII/ptolemy/domains/de/test/auto/ModalSource.xml
auto.tcl: Setting watchdog for 200 seconds at Sat Jun 27 14:53:59 UTC 2020
5 ms. Memory: 55296K Free: 31681K (57%)
ptolemy.util.test.WatchDog.cancel(): canceling Sat Jun 27 14:53:59 UTC 2020
auto.tcl: Setting watchdog for 200 seconds at Sat Jun 27 14:53:59 UTC 2020
6 ms. Memory: 55296K Free: 29633K (54%)
ptolemy.util.test.WatchDog.cancel(): canceling Sat Jun 27 14:53:59 UTC 2020
------------------ testing $PTII/ptolemy/domains/de/test/auto/NonInterruptibleTimerZeroDelay.xml
auto.tcl: Setting watchdog for 200 seconds at Sat Jun 27 14:53:59 UTC 2020
3 ms. Memory: 55296K Free: 36553K (66%)
ptolemy.util.test.WatchDog.cancel(): canceling Sat Jun 27 14:53:59 UTC 2020
auto.tcl: Setting watchdog for 200 seconds at Sat Jun 27 14:53:59 UTC 2020
2 ms. Memory: 55296K Free: 35926K (65%)
ptolemy.util.test.WatchDog.cancel(): canceling Sat Jun 27 14:53:59 UTC 2020
------------------ testing $PTII/ptolemy/domains/de/test/auto/OpenQueueingNetwork.xml
auto.tcl: Setting watchdog for 200 seconds at Sat Jun 27 14:53:59 UTC 2020
2680 ms. Memory: 123904K Free: 74601K (60%)
ptolemy.util.test.WatchDog.cancel(): canceling Sat Jun 27 14:54:02 UTC 2020
auto.tcl: Setting watchdog for 200 seconds at Sat Jun 27 14:54:02 UTC 2020
2452 ms. Memory: 149504K Free: 79237K (53%)
ptolemy.util.test.WatchDog.cancel(): canceling Sat Jun 27 14:54:05 UTC 2020
------------------ testing $PTII/ptolemy/domains/de/test/auto/OpenQueuingNetwork.xml
auto.tcl: Setting watchdog for 200 seconds at Sat Jun 27 14:54:05 UTC 2020
261 ms. Memory: 58368K Free: 32123K (55%)
ptolemy.util.test.WatchDog.cancel(): canceling Sat Jun 27 14:54:05 UTC 2020
auto.tcl: Setting watchdog for 200 seconds at Sat Jun 27 14:54:05 UTC 2020
217 ms. Memory: 58368K Free: 14178K (24%)
ptolemy.util.test.WatchDog.cancel(): canceling Sat Jun 27 14:54:05 UTC 2020
------------------ testing $PTII/ptolemy/domains/de/test/auto/PeriodicSampler.xml
auto.tcl: Setting watchdog for 200 seconds at Sat Jun 27 14:54:05 UTC 2020
3 ms. Memory: 55296K Free: 35816K (65%)
ptolemy.util.test.WatchDog.cancel(): canceling Sat Jun 27 14:54:05 UTC 2020
auto.tcl: Setting watchdog for 200 seconds at Sat Jun 27 14:54:05 UTC 2020
2 ms. Memory: 55296K Free: 35296K (64%)
ptolemy.util.test.WatchDog.cancel(): canceling Sat Jun 27 14:54:05 UTC 2020
------------------ testing $PTII/ptolemy/domains/de/test/auto/PersistentIO.xml
auto.tcl: Setting watchdog for 200 seconds at Sat Jun 27 14:54:05 UTC 2020
19 ms. Memory: 55296K Free: 30724K (56%)
ptolemy.util.test.WatchDog.cancel(): canceling Sat Jun 27 14:54:05 UTC 2020
auto.tcl: Setting watchdog for 200 seconds at Sat Jun 27 14:54:05 UTC 2020
4 ms. Memory: 55296K Free: 29221K (53%)
ptolemy.util.test.WatchDog.cancel(): canceling Sat Jun 27 14:54:05 UTC 2020
------------------ testing $PTII/ptolemy/domains/de/test/auto/PortParameterResetOnInitialize.xml
auto.tcl: Setting watchdog for 200 seconds at Sat Jun 27 14:54:05 UTC 2020
7 ms. Memory: 55296K Free: 35736K (65%)
ptolemy.util.test.WatchDog.cancel(): canceling Sat Jun 27 14:54:05 UTC 2020
auto.tcl: Setting watchdog for 200 seconds at Sat Jun 27 14:54:05 UTC 2020
2 ms. Memory: 55296K Free: 35229K (64%)
ptolemy.util.test.WatchDog.cancel(): canceling Sat Jun 27 14:54:05 UTC 2020
------------------ testing $PTII/ptolemy/domains/de/test/auto/PortParameterUpdates.xml
auto.tcl: Setting watchdog for 200 seconds at Sat Jun 27 14:54:05 UTC 2020
5 ms. Memory: 55296K Free: 33809K (61%)
ptolemy.util.test.WatchDog.cancel(): canceling Sat Jun 27 14:54:05 UTC 2020
auto.tcl: Setting watchdog for 200 seconds at Sat Jun 27 14:54:05 UTC 2020
5 ms. Memory: 55296K Free: 32782K (59%)
ptolemy.util.test.WatchDog.cancel(): canceling Sat Jun 27 14:54:05 UTC 2020
------------------ testing $PTII/ptolemy/domains/de/test/auto/QueueAndServer.xml
auto.tcl: Setting watchdog for 200 seconds at Sat Jun 27 14:54:05 UTC 2020
12 ms. Memory: 51200K Free: 28584K (56%)
ptolemy.util.test.WatchDog.cancel(): canceling Sat Jun 27 14:54:05 UTC 2020
auto.tcl: Setting watchdog for 200 seconds at Sat Jun 27 14:54:05 UTC 2020
6 ms. Memory: 51200K Free: 27132K (53%)
ptolemy.util.test.WatchDog.cancel(): canceling Sat Jun 27 14:54:06 UTC 2020
------------------ testing $PTII/ptolemy/domains/de/test/auto/Records.xml
auto.tcl: Setting watchdog for 200 seconds at Sat Jun 27 14:54:06 UTC 2020
4 ms. Memory: 51200K Free: 30883K (60%)
ptolemy.util.test.WatchDog.cancel(): canceling Sat Jun 27 14:54:06 UTC 2020
auto.tcl: Setting watchdog for 200 seconds at Sat Jun 27 14:54:06 UTC 2020
2 ms. Memory: 51200K Free: 30346K (59%)
ptolemy.util.test.WatchDog.cancel(): canceling Sat Jun 27 14:54:06 UTC 2020
------------------ testing $PTII/ptolemy/domains/de/test/auto/ResetTransitionWithStartTime1.xml
auto.tcl: Setting watchdog for 200 seconds at Sat Jun 27 14:54:06 UTC 2020
13 ms. Memory: 51200K Free: 28128K (55%)
ptolemy.util.test.WatchDog.cancel(): canceling Sat Jun 27 14:54:06 UTC 2020
auto.tcl: Setting watchdog for 200 seconds at Sat Jun 27 14:54:06 UTC 2020
8 ms. Memory: 51200K Free: 26078K (51%)
ptolemy.util.test.WatchDog.cancel(): canceling Sat Jun 27 14:54:06 UTC 2020
------------------ testing $PTII/ptolemy/domains/de/test/auto/ResetTransitionWithStartTime2.xml
auto.tcl: Setting watchdog for 200 seconds at Sat Jun 27 14:54:06 UTC 2020
5 ms. Memory: 51200K Free: 28084K (55%)
ptolemy.util.test.WatchDog.cancel(): canceling Sat Jun 27 14:54:06 UTC 2020
auto.tcl: Setting watchdog for 200 seconds at Sat Jun 27 14:54:06 UTC 2020
6 ms. Memory: 51200K Free: 26036K (51%)
ptolemy.util.test.WatchDog.cancel(): canceling Sat Jun 27 14:54:06 UTC 2020
------------------ testing $PTII/ptolemy/domains/de/test/auto/ResetTransitionWithStartTime3.xml
auto.tcl: Setting watchdog for 200 seconds at Sat Jun 27 14:54:06 UTC 2020
6 ms. Memory: 51200K Free: 28082K (55%)
ptolemy.util.test.WatchDog.cancel(): canceling Sat Jun 27 14:54:06 UTC 2020
auto.tcl: Setting watchdog for 200 seconds at Sat Jun 27 14:54:06 UTC 2020
5 ms. Memory: 51200K Free: 26034K (51%)
ptolemy.util.test.WatchDog.cancel(): canceling Sat Jun 27 14:54:06 UTC 2020
------------------ testing $PTII/ptolemy/domains/de/test/auto/ResetTransitionWithStartTime4.xml
auto.tcl: Setting watchdog for 200 seconds at Sat Jun 27 14:54:06 UTC 2020
11 ms. Memory: 51200K Free: 28529K (56%)
ptolemy.util.test.WatchDog.cancel(): canceling Sat Jun 27 14:54:06 UTC 2020
auto.tcl: Setting watchdog for 200 seconds at Sat Jun 27 14:54:06 UTC 2020
4 ms. Memory: 51200K Free: 27057K (53%)
ptolemy.util.test.WatchDog.cancel(): canceling Sat Jun 27 14:54:06 UTC 2020
------------------ testing $PTII/ptolemy/domains/de/test/auto/ResettableTimer1.xml
auto.tcl: Setting watchdog for 200 seconds at Sat Jun 27 14:54:06 UTC 2020
3 ms. Memory: 51200K Free: 32160K (63%)
ptolemy.util.test.WatchDog.cancel(): canceling Sat Jun 27 14:54:06 UTC 2020
auto.tcl: Setting watchdog for 200 seconds at Sat Jun 27 14:54:06 UTC 2020
2 ms. Memory: 51200K Free: 31136K (61%)
ptolemy.util.test.WatchDog.cancel(): canceling Sat Jun 27 14:54:06 UTC 2020
------------------ testing $PTII/ptolemy/domains/de/test/auto/ResettableTimer2.xml
auto.tcl: Setting watchdog for 200 seconds at Sat Jun 27 14:54:06 UTC 2020
2 ms. Memory: 51200K Free: 32216K (63%)
ptolemy.util.test.WatchDog.cancel(): canceling Sat Jun 27 14:54:06 UTC 2020
auto.tcl: Setting watchdog for 200 seconds at Sat Jun 27 14:54:06 UTC 2020
3 ms. Memory: 51200K Free: 31192K (61%)
ptolemy.util.test.WatchDog.cancel(): canceling Sat Jun 27 14:54:06 UTC 2020
------------------ testing $PTII/ptolemy/domains/de/test/auto/ResettableTimer3.xml
auto.tcl: Setting watchdog for 200 seconds at Sat Jun 27 14:54:06 UTC 2020
1 ms. Memory: 51200K Free: 32215K (63%)
ptolemy.util.test.WatchDog.cancel(): canceling Sat Jun 27 14:54:06 UTC 2020
auto.tcl: Setting watchdog for 200 seconds at Sat Jun 27 14:54:06 UTC 2020
3 ms. Memory: 51200K Free: 32215K (63%)
ptolemy.util.test.WatchDog.cancel(): canceling Sat Jun 27 14:54:06 UTC 2020
------------------ testing $PTII/ptolemy/domains/de/test/auto/ResettableTimer4.xml
auto.tcl: Setting watchdog for 200 seconds at Sat Jun 27 14:54:06 UTC 2020
1 ms. Memory: 51200K Free: 32229K (63%)
ptolemy.util.test.WatchDog.cancel(): canceling Sat Jun 27 14:54:06 UTC 2020
auto.tcl: Setting watchdog for 200 seconds at Sat Jun 27 14:54:06 UTC 2020
2 ms. Memory: 51200K Free: 31722K (62%)
ptolemy.util.test.WatchDog.cancel(): canceling Sat Jun 27 14:54:06 UTC 2020
------------------ testing $PTII/ptolemy/domains/de/test/auto/ResettableTimer5.xml
auto.tcl: Setting watchdog for 200 seconds at Sat Jun 27 14:54:06 UTC 2020
1 ms. Memory: 51200K Free: 31713K (62%)
ptolemy.util.test.WatchDog.cancel(): canceling Sat Jun 27 14:54:06 UTC 2020
auto.tcl: Setting watchdog for 200 seconds at Sat Jun 27 14:54:06 UTC 2020
1 ms. Memory: 51200K Free: 31208K (61%)
ptolemy.util.test.WatchDog.cancel(): canceling Sat Jun 27 14:54:06 UTC 2020
------------------ testing $PTII/ptolemy/domains/de/test/auto/ResettableTimer6.xml
auto.tcl: Setting watchdog for 200 seconds at Sat Jun 27 14:54:06 UTC 2020
4 ms. Memory: 51200K Free: 31704K (62%)
ptolemy.util.test.WatchDog.cancel(): canceling Sat Jun 27 14:54:06 UTC 2020
auto.tcl: Setting watchdog for 200 seconds at Sat Jun 27 14:54:06 UTC 2020
1 ms. Memory: 51200K Free: 31194K (61%)
ptolemy.util.test.WatchDog.cancel(): canceling Sat Jun 27 14:54:06 UTC 2020
------------------ testing $PTII/ptolemy/domains/de/test/auto/ServerZeroDelay.xml
auto.tcl: Setting watchdog for 200 seconds at Sat Jun 27 14:54:06 UTC 2020
5 ms. Memory: 51200K Free: 32209K (63%)
ptolemy.util.test.WatchDog.cancel(): canceling Sat Jun 27 14:54:06 UTC 2020
auto.tcl: Setting watchdog for 200 seconds at Sat Jun 27 14:54:06 UTC 2020
2 ms. Memory: 51200K Free: 31185K (61%)
ptolemy.util.test.WatchDog.cancel(): canceling Sat Jun 27 14:54:06 UTC 2020
------------------ testing $PTII/ptolemy/domains/de/test/auto/SmartSender.xml
auto.tcl: Setting watchdog for 200 seconds at Sat Jun 27 14:54:06 UTC 2020
3002 ms. Memory: 51200K Free: 31689K (62%)
ptolemy.util.test.WatchDog.cancel(): canceling Sat Jun 27 14:54:09 UTC 2020
auto.tcl: Setting watchdog for 200 seconds at Sat Jun 27 14:54:09 UTC 2020
3003 ms. Memory: 51200K Free: 31179K (61%)
ptolemy.util.test.WatchDog.cancel(): canceling Sat Jun 27 14:54:12 UTC 2020
------------------ testing $PTII/ptolemy/domains/de/test/auto/ThreadedComposite.xml
auto.tcl: Setting watchdog for 200 seconds at Sat Jun 27 14:54:12 UTC 2020
646 ms. Memory: 51200K Free: 12976K (25%)
ptolemy.util.test.WatchDog.cancel(): canceling Sat Jun 27 14:54:13 UTC 2020
auto.tcl: Setting watchdog for 200 seconds at Sat Jun 27 14:54:13 UTC 2020
105 ms. Memory: 51200K Free: 28547K (56%)
ptolemy.util.test.WatchDog.cancel(): canceling Sat Jun 27 14:54:13 UTC 2020
------------------ testing $PTII/ptolemy/domains/de/test/auto/Time.xml
auto.tcl: Setting watchdog for 200 seconds at Sat Jun 27 14:54:13 UTC 2020
419 ms. Memory: 51200K Free: 35439K (69%)
ptolemy.util.test.WatchDog.cancel(): canceling Sat Jun 27 14:54:14 UTC 2020
auto.tcl: Setting watchdog for 200 seconds at Sat Jun 27 14:54:14 UTC 2020
408 ms. Memory: 68608K Free: 28851K (42%)
ptolemy.util.test.WatchDog.cancel(): canceling Sat Jun 27 14:54:14 UTC 2020
------------------ testing $PTII/ptolemy/domains/de/test/auto/TimeDelayZeroDelay.xml
auto.tcl: Setting watchdog for 200 seconds at Sat Jun 27 14:54:14 UTC 2020
2 ms. Memory: 55296K Free: 36230K (66%)
ptolemy.util.test.WatchDog.cancel(): canceling Sat Jun 27 14:54:14 UTC 2020
auto.tcl: Setting watchdog for 200 seconds at Sat Jun 27 14:54:14 UTC 2020
2 ms. Memory: 55296K Free: 35752K (65%)
ptolemy.util.test.WatchDog.cancel(): canceling Sat Jun 27 14:54:14 UTC 2020
------------------ testing $PTII/ptolemy/domains/de/test/auto/TimerZeroDelay.xml
auto.tcl: Setting watchdog for 200 seconds at Sat Jun 27 14:54:14 UTC 2020
3 ms. Memory: 55296K Free: 36658K (66%)
ptolemy.util.test.WatchDog.cancel(): canceling Sat Jun 27 14:54:14 UTC 2020
auto.tcl: Setting watchdog for 200 seconds at Sat Jun 27 14:54:14 UTC 2020
2 ms. Memory: 55296K Free: 36273K (66%)
ptolemy.util.test.WatchDog.cancel(): canceling Sat Jun 27 14:54:14 UTC 2020
------------------ testing $PTII/ptolemy/domains/de/test/auto/TimingParadox.xml
auto.tcl: Setting watchdog for 200 seconds at Sat Jun 27 14:54:14 UTC 2020
317 ms. Memory: 55296K Free: 27424K (50%)
ptolemy.util.test.WatchDog.cancel(): canceling Sat Jun 27 14:54:15 UTC 2020
auto.tcl: Setting watchdog for 200 seconds at Sat Jun 27 14:54:15 UTC 2020
302 ms. Memory: 55296K Free: 19687K (36%)
ptolemy.util.test.WatchDog.cancel(): canceling Sat Jun 27 14:54:15 UTC 2020
------------------ testing $PTII/ptolemy/domains/de/test/auto/TransferInputs.xml
auto.tcl: Setting watchdog for 200 seconds at Sat Jun 27 14:54:15 UTC 2020
2 ms. Memory: 55296K Free: 34724K (63%)
ptolemy.util.test.WatchDog.cancel(): canceling Sat Jun 27 14:54:15 UTC 2020
auto.tcl: Setting watchdog for 200 seconds at Sat Jun 27 14:54:15 UTC 2020
1 ms. Memory: 55296K Free: 33804K (61%)
ptolemy.util.test.WatchDog.cancel(): canceling Sat Jun 27 14:54:15 UTC 2020
------------------ testing $PTII/ptolemy/domains/de/test/auto/TransferOutputs2.xml
auto.tcl: Setting watchdog for 200 seconds at Sat Jun 27 14:54:15 UTC 2020
3 ms. Memory: 55296K Free: 32183K (58%)
ptolemy.util.test.WatchDog.cancel(): canceling Sat Jun 27 14:54:15 UTC 2020
auto.tcl: Setting watchdog for 200 seconds at Sat Jun 27 14:54:15 UTC 2020
2 ms. Memory: 55296K Free: 30710K (56%)
ptolemy.util.test.WatchDog.cancel(): canceling Sat Jun 27 14:54:15 UTC 2020
------------------ testing $PTII/ptolemy/domains/de/test/auto/Trilateration.xml
auto.tcl: Setting watchdog for 200 seconds at Sat Jun 27 14:54:15 UTC 2020
12056 ms. Memory: 465920K Free: 183157K (39%)
ptolemy.util.test.WatchDog.cancel(): canceling Sat Jun 27 14:54:28 UTC 2020
auto.tcl: Setting watchdog for 200 seconds at Sat Jun 27 14:54:28 UTC 2020
8943 ms. Memory: 465920K Free: 323389K (69%)
ptolemy.util.test.WatchDog.cancel(): canceling Sat Jun 27 14:54:37 UTC 2020
------------------ testing $PTII/ptolemy/domains/de/test/auto/TwoSigmaDelta.xml
auto.tcl: Setting watchdog for 200 seconds at Sat Jun 27 14:54:37 UTC 2020
2214 ms. Memory: 92160K Free: 41100K (45%)
ptolemy.util.test.WatchDog.cancel(): canceling Sat Jun 27 14:54:40 UTC 2020
auto.tcl: Setting watchdog for 200 seconds at Sat Jun 27 14:54:40 UTC 2020
1704 ms. Memory: 92160K Free: 45726K (50%)
ptolemy.util.test.WatchDog.cancel(): canceling Sat Jun 27 14:54:41 UTC 2020
------------------ testing $PTII/ptolemy/domains/de/test/auto/VariableDelay.xml
auto.tcl: Setting watchdog for 200 seconds at Sat Jun 27 14:54:41 UTC 2020
4 ms. Memory: 58368K Free: 38287K (66%)
ptolemy.util.test.WatchDog.cancel(): canceling Sat Jun 27 14:54:41 UTC 2020
auto.tcl: Setting watchdog for 200 seconds at Sat Jun 27 14:54:42 UTC 2020
2 ms. Memory: 58368K Free: 37293K (64%)
ptolemy.util.test.WatchDog.cancel(): canceling Sat Jun 27 14:54:42 UTC 2020
------------------ testing $PTII/ptolemy/domains/de/test/auto/VariableDelay2.xml
auto.tcl: Setting watchdog for 200 seconds at Sat Jun 27 14:54:42 UTC 2020
2 ms. Memory: 55296K Free: 35613K (64%)
ptolemy.util.test.WatchDog.cancel(): canceling Sat Jun 27 14:54:42 UTC 2020
auto.tcl: Setting watchdog for 200 seconds at Sat Jun 27 14:54:42 UTC 2020
1 ms. Memory: 55296K Free: 35133K (64%)
ptolemy.util.test.WatchDog.cancel(): canceling Sat Jun 27 14:54:42 UTC 2020
------------------ testing $PTII/ptolemy/domains/de/test/auto/VariableDelayZeroDelay.xml
auto.tcl: Setting watchdog for 200 seconds at Sat Jun 27 14:54:42 UTC 2020
3 ms. Memory: 55296K Free: 36157K (65%)
ptolemy.util.test.WatchDog.cancel(): canceling Sat Jun 27 14:54:42 UTC 2020
auto.tcl: Setting watchdog for 200 seconds at Sat Jun 27 14:54:42 UTC 2020
2 ms. Memory: 55296K Free: 35613K (64%)
ptolemy.util.test.WatchDog.cancel(): canceling Sat Jun 27 14:54:42 UTC 2020
------------------ testing $PTII/ptolemy/domains/de/test/auto/VariableDelayZeroDelay2.xml
auto.tcl: Setting watchdog for 200 seconds at Sat Jun 27 14:54:42 UTC 2020
5 ms. Memory: 55296K Free: 36155K (65%)
ptolemy.util.test.WatchDog.cancel(): canceling Sat Jun 27 14:54:42 UTC 2020
auto.tcl: Setting watchdog for 200 seconds at Sat Jun 27 14:54:42 UTC 2020
2 ms. Memory: 55296K Free: 35131K (64%)
ptolemy.util.test.WatchDog.cancel(): canceling Sat Jun 27 14:54:42 UTC 2020
------------------ testing $PTII/ptolemy/domains/de/test/auto/deInCt.xml
auto.tcl: Setting watchdog for 200 seconds at Sat Jun 27 14:54:42 UTC 2020
0
1
1
1
0
0
0
0
0
1
1
1
1
0
0
0
0
0
1
1
1
0
0
0
1
1
1
1
1
9 ms. Memory: 55296K Free: 35129K (64%)
ptolemy.util.test.WatchDog.cancel(): canceling Sat Jun 27 14:54:42 UTC 2020
auto.tcl: Setting watchdog for 200 seconds at Sat Jun 27 14:54:42 UTC 2020
0
1
1
1
0
0
0
1
1
1
0
0
0
1
1
1
1
0
0
1
1
0
0
0
0
1
1
1
1
0
0
1
1
0
0
0
1
1
1
0
0
0
0
0
6 ms. Memory: 55296K Free: 33591K (61%)
ptolemy.util.test.WatchDog.cancel(): canceling Sat Jun 27 14:54:42 UTC 2020
------------------ testing $PTII/ptolemy/domains/de/test/auto/deInCt2.xml
auto.tcl: Setting watchdog for 200 seconds at Sat Jun 27 14:54:42 UTC 2020
0
1
1
1
0
0
1
1
1
0
0
1
1
1
0
0
1
1
1
0
0
1
1
1
0
0
1
1
1
0
0
1
1
1
0
0
1
1
1
0
0
0
11 ms. Memory: 55296K Free: 35130K (64%)
ptolemy.util.test.WatchDog.cancel(): canceling Sat Jun 27 14:54:42 UTC 2020
auto.tcl: Setting watchdog for 200 seconds at Sat Jun 27 14:54:42 UTC 2020
0
1
1
1
0
0
1
1
1
0
0
1
1
1
0
0
1
1
1
0
0
1
1
1
0
0
1
1
1
0
0
1
1
1
0
0
1
1
1
0
0
0
8 ms. Memory: 55296K Free: 33578K (61%)
ptolemy.util.test.WatchDog.cancel(): canceling Sat Jun 27 14:54:42 UTC 2020
------------------ testing $PTII/ptolemy/domains/de/test/auto/dynamicCausalityInterface1.xml
auto.tcl: Setting watchdog for 200 seconds at Sat Jun 27 14:54:42 UTC 2020
2 ms. Memory: 55296K Free: 31028K (56%)
ptolemy.util.test.WatchDog.cancel(): canceling Sat Jun 27 14:54:42 UTC 2020
auto.tcl: Setting watchdog for 200 seconds at Sat Jun 27 14:54:42 UTC 2020
1 ms. Memory: 55296K Free: 30514K (55%)
ptolemy.util.test.WatchDog.cancel(): canceling Sat Jun 27 14:54:42 UTC 2020
------------------ testing $PTII/ptolemy/domains/de/test/auto/fsm_de_test.xml
auto.tcl: Setting watchdog for 200 seconds at Sat Jun 27 14:54:42 UTC 2020
10 ms. Memory: 55296K Free: 30926K (56%)
ptolemy.util.test.WatchDog.cancel(): canceling Sat Jun 27 14:54:42 UTC 2020
auto.tcl: Setting watchdog for 200 seconds at Sat Jun 27 14:54:42 UTC 2020
4 ms. Memory: 55296K Free: 28878K (52%)
ptolemy.util.test.WatchDog.cancel(): canceling Sat Jun 27 14:54:42 UTC 2020
------------------ testing $PTII/ptolemy/domains/de/test/auto/functionDependencyReconstruction.xml
auto.tcl: Setting watchdog for 200 seconds at Sat Jun 27 14:54:42 UTC 2020
3 ms. Memory: 55296K Free: 24794K (45%)
ptolemy.util.test.WatchDog.cancel(): canceling Sat Jun 27 14:54:42 UTC 2020
auto.tcl: Setting watchdog for 200 seconds at Sat Jun 27 14:54:42 UTC 2020
3 ms. Memory: 55296K Free: 22724K (41%)
ptolemy.util.test.WatchDog.cancel(): canceling Sat Jun 27 14:54:42 UTC 2020
------------------ testing $PTII/ptolemy/domains/de/test/auto/multirate.xml
auto.tcl: Setting watchdog for 200 seconds at Sat Jun 27 14:54:42 UTC 2020
5 ms. Memory: 55296K Free: 33547K (61%)
ptolemy.util.test.WatchDog.cancel(): canceling Sat Jun 27 14:54:42 UTC 2020
auto.tcl: Setting watchdog for 200 seconds at Sat Jun 27 14:54:42 UTC 2020
2 ms. Memory: 55296K Free: 31822K (58%)
ptolemy.util.test.WatchDog.cancel(): canceling Sat Jun 27 14:54:42 UTC 2020
------------------ testing $PTII/ptolemy/domains/de/test/auto/multirate2.xml
auto.tcl: Setting watchdog for 200 seconds at Sat Jun 27 14:54:42 UTC 2020
5 ms. Memory: 55296K Free: 33702K (61%)
ptolemy.util.test.WatchDog.cancel(): canceling Sat Jun 27 14:54:42 UTC 2020
auto.tcl: Setting watchdog for 200 seconds at Sat Jun 27 14:54:42 UTC 2020
4 ms. Memory: 55296K Free: 32003K (58%)
ptolemy.util.test.WatchDog.cancel(): canceling Sat Jun 27 14:54:42 UTC 2020
------------------ testing $PTII/ptolemy/domains/de/test/auto/realtime.xml
auto.tcl: Setting watchdog for 200 seconds at Sat Jun 27 14:54:42 UTC 2020
10001 ms. Memory: 55296K Free: 35778K (65%)
ptolemy.util.test.WatchDog.cancel(): canceling Sat Jun 27 14:54:52 UTC 2020
auto.tcl: Setting watchdog for 200 seconds at Sat Jun 27 14:54:52 UTC 2020
10002 ms. Memory: 55296K Free: 35074K (63%)
ptolemy.util.test.WatchDog.cancel(): canceling Sat Jun 27 14:55:02 UTC 2020
------------------ testing $PTII/ptolemy/domains/de/test/auto/relationGroup.xml
auto.tcl: Setting watchdog for 200 seconds at Sat Jun 27 14:55:02 UTC 2020
2 ms. Memory: 55296K Free: 36827K (67%)
ptolemy.util.test.WatchDog.cancel(): canceling Sat Jun 27 14:55:02 UTC 2020
auto.tcl: Setting watchdog for 200 seconds at Sat Jun 27 14:55:02 UTC 2020
2 ms. Memory: 55296K Free: 36315K (66%)
ptolemy.util.test.WatchDog.cancel(): canceling Sat Jun 27 14:55:02 UTC 2020
------------------ testing $PTII/ptolemy/domains/de/test/auto/relationGroup2.xml
auto.tcl: Setting watchdog for 200 seconds at Sat Jun 27 14:55:02 UTC 2020
1 ms. Memory: 55296K Free: 36884K (67%)
ptolemy.util.test.WatchDog.cancel(): canceling Sat Jun 27 14:55:02 UTC 2020
auto.tcl: Setting watchdog for 200 seconds at Sat Jun 27 14:55:02 UTC 2020
1 ms. Memory: 55296K Free: 36340K (66%)
ptolemy.util.test.WatchDog.cancel(): canceling Sat Jun 27 14:55:02 UTC 2020
------------------ testing $PTII/ptolemy/domains/de/test/auto/sortWithOpaquePorts.xml
auto.tcl: Setting watchdog for 200 seconds at Sat Jun 27 14:55:03 UTC 2020
2 ms. Memory: 55296K Free: 35652K (64%)
ptolemy.util.test.WatchDog.cancel(): canceling Sat Jun 27 14:55:03 UTC 2020
auto.tcl: Setting watchdog for 200 seconds at Sat Jun 27 14:55:03 UTC 2020
2 ms. Memory: 55296K Free: 34628K (63%)
ptolemy.util.test.WatchDog.cancel(): canceling Sat Jun 27 14:55:03 UTC 2020
------------------ testing $PTII/ptolemy/domains/de/test/auto/transferInputsandOutputs.xml
auto.tcl: Setting watchdog for 200 seconds at Sat Jun 27 14:55:03 UTC 2020
4 ms. Memory: 55296K Free: 33095K (60%)
ptolemy.util.test.WatchDog.cancel(): canceling Sat Jun 27 14:55:03 UTC 2020
auto.tcl: Setting watchdog for 200 seconds at Sat Jun 27 14:55:03 UTC 2020
2 ms. Memory: 55296K Free: 32071K (58%)
ptolemy.util.test.WatchDog.cancel(): canceling Sat Jun 27 14:55:03 UTC 2020
------------------ testing $PTII/ptolemy/domains/de/test/auto/triggerType.xml
auto.tcl: Setting watchdog for 200 seconds at Sat Jun 27 14:55:03 UTC 2020
3 ms. Memory: 55296K Free: 36121K (65%)
ptolemy.util.test.WatchDog.cancel(): canceling Sat Jun 27 14:55:03 UTC 2020
auto.tcl: Setting watchdog for 200 seconds at Sat Jun 27 14:55:03 UTC 2020
2 ms. Memory: 55296K Free: 35097K (63%)
ptolemy.util.test.WatchDog.cancel(): canceling Sat Jun 27 14:55:03 UTC 2020
06/27/20 02:55:03
Failed: 0  Total Tests: 192  ((Passed: 187, Newly Passed: 1)  Known Failed: 5) /home/travis/build/icyphy/ptII/ptolemy/domains/de/test
06/27/20 02:55:03
Failed: 0  Total Tests: 192  ((Passed: 187, Newly Passed: 1)  Known Failed: 5) /home/travis/build/icyphy/ptII/ptolemy/domains/de/test
----------------- testing (KnownFailure) /home/travis/build/icyphy/ptII/ptolemy/domains/de/test/auto/knownFailedTests/DESDFClockTest.xml
2016 ms. Memory: 55296K Free: 29005K (52%)
Known Failure: java.lang.reflect.InvocationTargetException
----------------- testing (KnownFailure) /home/travis/build/icyphy/ptII/ptolemy/domains/de/test/auto/knownFailedTests/DirectFeedback.xml
2 ms. Memory: 55296K Free: 25419K (46%)
Known Failure: java.lang.reflect.InvocationTargetException
----------------- testing (KnownFailure) /home/travis/build/icyphy/ptII/ptolemy/domains/de/test/auto/knownFailedTests/FSMSource.xml
15 ms. Memory: 55296K Free: 17741K (32%)
----------------- testing (KnownFailure) /home/travis/build/icyphy/ptII/ptolemy/domains/de/test/auto/knownFailedTests/HierarchicalModel.xml
2 ms. Memory: 55296K Free: 33000K (60%)
Known Failure: java.lang.reflect.InvocationTargetException
----------------- testing (KnownFailure) /home/travis/build/icyphy/ptII/ptolemy/domains/de/test/auto/knownFailedTests/dependencyLoop.xml
2 ms. Memory: 55296K Free: 17664K (32%)
Known Failure: java.lang.reflect.InvocationTargetException
----------------- testing (KnownFailure) /home/travis/build/icyphy/ptII/ptolemy/domains/de/test/auto/knownFailedTests/dependencyLoop2.xml
7 ms. Memory: 55296K Free: 33631K (61%)
Known Failure: java.lang.reflect.InvocationTargetException
No auto/linux-amd64/*.xml tests in /home/travis/build/icyphy/ptII/ptolemy/domains/de/test
AutoTests.java: About to close Vertx.
AutoTests.java: Vertx closed.

===========================================================================================
----------------- testing Sat Jun 27 14:55:05 UTC 2020 /home/travis/build/icyphy/ptII/ptolemy/domains/de/test/auto/ActorDepthCalculation_actorWithoutPorts.xml
----------------- Instantiating /home/travis/build/icyphy/ptII/ptolemy/domains/de/test/auto/ActorDepthCalculation_actorWithoutPorts.xml
3 ms. Memory: 55296K Free: 26778K (48%)
----------------- Invoking toplevel() on ptolemy.moml.MoMLSimpleApplication@4c906165
----------------- Done invoking toplevel() on ptolemy.moml.MoMLSimpleApplication@4c906165
reloadAllAccessors: .ActorDepthCalculation_actorWithoutPorts

===========================================================================================
----------------- testing Sat Jun 27 14:55:05 UTC 2020 /home/travis/build/icyphy/ptII/ptolemy/domains/de/test/auto/AssemblyLine.xml
----------------- Instantiating /home/travis/build/icyphy/ptII/ptolemy/domains/de/test/auto/AssemblyLine.xml
3 ms. Memory: 55296K Free: 19648K (36%)
----------------- Invoking toplevel() on ptolemy.moml.MoMLSimpleApplication@75e94cf9
----------------- Done invoking toplevel() on ptolemy.moml.MoMLSimpleApplication@75e94cf9
reloadAllAccessors: .AssemblyLine

===========================================================================================
----------------- testing Sat Jun 27 14:55:05 UTC 2020 /home/travis/build/icyphy/ptII/ptolemy/domains/de/test/auto/CQBug1.xml
----------------- Instantiating /home/travis/build/icyphy/ptII/ptolemy/domains/de/test/auto/CQBug1.xml
0 ms. Memory: 55296K Free: 16261K (29%)
----------------- Invoking toplevel() on ptolemy.moml.MoMLSimpleApplication@165ea285
----------------- Done invoking toplevel() on ptolemy.moml.MoMLSimpleApplication@165ea285
reloadAllAccessors: .CQBug1

===========================================================================================
----------------- testing Sat Jun 27 14:55:05 UTC 2020 /home/travis/build/icyphy/ptII/ptolemy/domains/de/test/auto/CancelFireAt.xml
----------------- Instantiating /home/travis/build/icyphy/ptII/ptolemy/domains/de/test/auto/CancelFireAt.xml
8 ms. Memory: 55296K Free: 13536K (24%)
----------------- Invoking toplevel() on ptolemy.moml.MoMLSimpleApplication@102e5a40
----------------- Done invoking toplevel() on ptolemy.moml.MoMLSimpleApplication@102e5a40
reloadAllAccessors: .CancelFireAt

===========================================================================================
----------------- testing Sat Jun 27 14:55:05 UTC 2020 /home/travis/build/icyphy/ptII/ptolemy/domains/de/test/auto/CausalityAndComposabilityAnalysis.xml
----------------- Instantiating /home/travis/build/icyphy/ptII/ptolemy/domains/de/test/auto/CausalityAndComposabilityAnalysis.xml
4 ms. Memory: 55296K Free: 9386K (17%)
----------------- Invoking toplevel() on ptolemy.moml.MoMLSimpleApplication@17894450
----------------- Done invoking toplevel() on ptolemy.moml.MoMLSimpleApplication@17894450
reloadAllAccessors: .CausalityAndComposabilityAnalysis

===========================================================================================
----------------- testing Sat Jun 27 14:55:05 UTC 2020 /home/travis/build/icyphy/ptII/ptolemy/domains/de/test/auto/CausalityInterface1.xml
----------------- Instantiating /home/travis/build/icyphy/ptII/ptolemy/domains/de/test/auto/CausalityInterface1.xml
7 ms. Memory: 55296K Free: 34989K (63%)
----------------- Invoking toplevel() on ptolemy.moml.MoMLSimpleApplication@27233759
----------------- Done invoking toplevel() on ptolemy.moml.MoMLSimpleApplication@27233759
reloadAllAccessors: .CausalityInterface1

===========================================================================================
----------------- testing Sat Jun 27 14:55:05 UTC 2020 /home/travis/build/icyphy/ptII/ptolemy/domains/de/test/auto/CausalityInterface15.xml
----------------- Instantiating /home/travis/build/icyphy/ptII/ptolemy/domains/de/test/auto/CausalityInterface15.xml
2 ms. Memory: 55296K Free: 29439K (53%)
----------------- Invoking toplevel() on ptolemy.moml.MoMLSimpleApplication@5517c0d9
----------------- Done invoking toplevel() on ptolemy.moml.MoMLSimpleApplication@5517c0d9
reloadAllAccessors: .CausalityInterface15

===========================================================================================
----------------- testing Sat Jun 27 14:55:05 UTC 2020 /home/travis/build/icyphy/ptII/ptolemy/domains/de/test/auto/CausalityInterface2.xml
----------------- Instantiating /home/travis/build/icyphy/ptII/ptolemy/domains/de/test/auto/CausalityInterface2.xml
1 ms. Memory: 55296K Free: 25017K (45%)
[...]
	at ptolemy.actor.Manager.run(Manager.java:1263)
	at ptolemy.actor.Manager$PtolemyRunThread.run(Manager.java:1933)
java.lang.RuntimeException: Execution failed
	at ptolemy.moml.MoMLSimpleApplication$UnloadThread.run(MoMLSimpleApplication.java:402)
Caused by: ptolemy.kernel.util.IllegalActionException: Actor is not ready to fire.  Perhaps UpSample.prefire() returned false? Try debugging the actor by selecting "Listen to Actor".  Also, for SDF check moml for tokenConsumptionRate on input.
  in .DESDFClockTest.Play Bell.Copy1:SDF Director and .DESDFClockTest.Play Bell.UpSample
	at ptolemy.actor.sched.StaticSchedulingDirector.fire(StaticSchedulingDirector.java:227)
	at ptolemy.domains.sdf.kernel.SDFDirector.fire(SDFDirector.java:500)
	at ptolemy.actor.CompositeActor.fire(CompositeActor.java:455)
	at ptolemy.domains.de.kernel.DEDirector._fire(DEDirector.java:1949)
	at ptolemy.domains.de.kernel.DEDirector.fire(DEDirector.java:502)
	at ptolemy.actor.CompositeActor.fire(CompositeActor.java:455)
	at ptolemy.actor.Manager.iterate(Manager.java:851)
	at ptolemy.actor.Manager.execute(Manager.java:369)
	at ptolemy.actor.Manager.run(Manager.java:1263)
	at ptolemy.actor.Manager$PtolemyRunThread.run(Manager.java:1933)
java.lang.reflect.InvocationTargetException
	at java.base/jdk.internal.reflect.NativeConstructorAccessorImpl.newInstance0(Native Method)
	at java.base/jdk.internal.reflect.NativeConstructorAccessorImpl.newInstance(NativeConstructorAccessorImpl.java:62)
	at java.base/jdk.internal.reflect.DelegatingConstructorAccessorImpl.newInstance(DelegatingConstructorAccessorImpl.java:45)
	at java.base/java.lang.reflect.Constructor.newInstance(Constructor.java:490)
	at ptolemy.util.test.junit.AutoKnownFailedTests.RunModel(AutoKnownFailedTests.java:105)
	at java.base/jdk.internal.reflect.NativeMethodAccessorImpl.invoke0(Native Method)
	at java.base/jdk.internal.reflect.NativeMethodAccessorImpl.invoke(NativeMethodAccessorImpl.java:62)
	at java.base/jdk.internal.reflect.DelegatingMethodAccessorImpl.invoke(DelegatingMethodAccessorImpl.java:43)
	at java.base/java.lang.reflect.Method.invoke(Method.java:566)
	at org.junit.runners.model.FrameworkMethod$1.runReflectiveCall(FrameworkMethod.java:44)
	at org.junit.internal.runners.model.ReflectiveCallable.run(ReflectiveCallable.java:15)
	at org.junit.runners.model.FrameworkMethod.invokeExplosively(FrameworkMethod.java:41)
	at junitparams.internal.InvokeParameterisedMethod.evaluate(InvokeParameterisedMethod.java:102)
	at org.junit.internal.runners.statements.FailOnTimeout$1.run(FailOnTimeout.java:28)
Caused by: ptolemy.kernel.util.IllegalActionException: Actor is not ready to fire.  Perhaps UpSample.prefire() returned false? Try debugging the actor by selecting "Listen to Actor".  Also, for SDF check moml for tokenConsumptionRate on input.
  in .DESDFClockTest.Play Bell.Copy1:SDF Director and .DESDFClockTest.Play Bell.UpSample
	at ptolemy.actor.sched.StaticSchedulingDirector.fire(StaticSchedulingDirector.java:227)
	at ptolemy.domains.sdf.kernel.SDFDirector.fire(SDFDirector.java:500)
	at ptolemy.actor.CompositeActor.fire(CompositeActor.java:455)
	at ptolemy.domains.de.kernel.DEDirector._fire(DEDirector.java:1949)
	at ptolemy.domains.de.kernel.DEDirector.fire(DEDirector.java:502)
	at ptolemy.actor.CompositeActor.fire(CompositeActor.java:455)
	at ptolemy.actor.Manager.iterate(Manager.java:851)
	at ptolemy.actor.Manager.execute(Manager.java:369)
	at ptolemy.actor.Manager.run(Manager.java:1263)
	at ptolemy.actor.Manager$PtolemyRunThread.run(Manager.java:1933)
java.lang.RuntimeException: Execution failed
	at ptolemy.moml.MoMLSimpleApplication$UnloadThread.run(MoMLSimpleApplication.java:402)
Caused by: ptolemy.kernel.util.IllegalActionException: Test fails in iteration 1.
Value was: 1.0. Should have been: 2.0
  in .DirectFeedback.Test
	at ptolemy.actor.lib.Test.fire(Test.java:268)
	at ptolemy.domains.de.kernel.DEDirector._fire(DEDirector.java:1949)
	at ptolemy.domains.de.kernel.DEDirector.fire(DEDirector.java:502)
	at ptolemy.actor.CompositeActor.fire(CompositeActor.java:455)
	at ptolemy.actor.Manager.iterate(Manager.java:851)
	at ptolemy.actor.Manager.execute(Manager.java:369)
	at ptolemy.actor.Manager.run(Manager.java:1263)
	at ptolemy.actor.Manager$PtolemyRunThread.run(Manager.java:1933)
java.lang.reflect.InvocationTargetException
	at java.base/jdk.internal.reflect.NativeConstructorAccessorImpl.newInstance0(Native Method)
	at java.base/jdk.internal.reflect.NativeConstructorAccessorImpl.newInstance(NativeConstructorAccessorImpl.java:62)
	at java.base/jdk.internal.reflect.DelegatingConstructorAccessorImpl.newInstance(DelegatingConstructorAccessorImpl.java:45)
	at java.base/java.lang.reflect.Constructor.newInstance(Constructor.java:490)
	at ptolemy.util.test.junit.AutoKnownFailedTests.RunModel(AutoKnownFailedTests.java:105)
	at java.base/jdk.internal.reflect.NativeMethodAccessorImpl.invoke0(Native Method)
	at java.base/jdk.internal.reflect.NativeMethodAccessorImpl.invoke(NativeMethodAccessorImpl.java:62)
	at java.base/jdk.internal.reflect.DelegatingMethodAccessorImpl.invoke(DelegatingMethodAccessorImpl.java:43)
	at java.base/java.lang.reflect.Method.invoke(Method.java:566)
	at org.junit.runners.model.FrameworkMethod$1.runReflectiveCall(FrameworkMethod.java:44)
	at org.junit.internal.runners.model.ReflectiveCallable.run(ReflectiveCallable.java:15)
	at org.junit.runners.model.FrameworkMethod.invokeExplosively(FrameworkMethod.java:41)
	at junitparams.internal.InvokeParameterisedMethod.evaluate(InvokeParameterisedMethod.java:102)
	at org.junit.internal.runners.statements.FailOnTimeout$1.run(FailOnTimeout.java:28)
Caused by: ptolemy.kernel.util.IllegalActionException: Test fails in iteration 1.
Value was: 1.0. Should have been: 2.0
  in .DirectFeedback.Test
	at ptolemy.actor.lib.Test.fire(Test.java:268)
	at ptolemy.domains.de.kernel.DEDirector._fire(DEDirector.java:1949)
	at ptolemy.domains.de.kernel.DEDirector.fire(DEDirector.java:502)
	at ptolemy.actor.CompositeActor.fire(CompositeActor.java:455)
	at ptolemy.actor.Manager.iterate(Manager.java:851)
	at ptolemy.actor.Manager.execute(Manager.java:369)
	at ptolemy.actor.Manager.run(Manager.java:1263)
	at ptolemy.actor.Manager$PtolemyRunThread.run(Manager.java:1933)
java.lang.RuntimeException: Execution failed
	at ptolemy.moml.MoMLSimpleApplication$UnloadThread.run(MoMLSimpleApplication.java:402)
Caused by: ptolemy.kernel.util.IllegalActionException: Found a zero delay loop containing .HierarchicalModel.A
  in .HierarchicalModel and .HierarchicalModel.A
	at ptolemy.actor.util.CausalityInterfaceForComposites._computeOutputPortDepth(CausalityInterfaceForComposites.java:759)
	at ptolemy.actor.util.CausalityInterfaceForComposites._computeInputDepth(CausalityInterfaceForComposites.java:696)
	at ptolemy.actor.util.CausalityInterfaceForComposites._computeOutputPortDepth(CausalityInterfaceForComposites.java:765)
	at ptolemy.actor.util.CausalityInterfaceForComposites._computeInputDepth(CausalityInterfaceForComposites.java:696)
	at ptolemy.actor.util.CausalityInterfaceForComposites._computeOutputPortDepth(CausalityInterfaceForComposites.java:765)
	at ptolemy.actor.util.CausalityInterfaceForComposites._computeInputDepth(CausalityInterfaceForComposites.java:696)
	at ptolemy.actor.util.CausalityInterfaceForComposites._computeActorDepth(CausalityInterfaceForComposites.java:532)
	at ptolemy.actor.util.CausalityInterfaceForComposites.checkForCycles(CausalityInterfaceForComposites.java:96)
	at ptolemy.domains.de.kernel.DEDirector.preinitialize(DEDirector.java:1338)
	at ptolemy.actor.CompositeActor.preinitialize(CompositeActor.java:1828)
	at ptolemy.actor.Manager.preinitializeAndResolveTypes(Manager.java:1040)
	at ptolemy.actor.Manager.initialize(Manager.java:710)
	at ptolemy.actor.Manager.execute(Manager.java:356)
	at ptolemy.actor.Manager.run(Manager.java:1263)
	at ptolemy.actor.Manager$PtolemyRunThread.run(Manager.java:1933)
java.lang.reflect.InvocationTargetException
	at java.base/jdk.internal.reflect.NativeConstructorAccessorImpl.newInstance0(Native Method)
	at java.base/jdk.internal.reflect.NativeConstructorAccessorImpl.newInstance(NativeConstructorAccessorImpl.java:62)
	at java.base/jdk.internal.reflect.DelegatingConstructorAccessorImpl.newInstance(DelegatingConstructorAccessorImpl.java:45)
	at java.base/java.lang.reflect.Constructor.newInstance(Constructor.java:490)
	at ptolemy.util.test.junit.AutoKnownFailedTests.RunModel(AutoKnownFailedTests.java:105)
	at java.base/jdk.internal.reflect.NativeMethodAccessorImpl.invoke0(Native Method)
	at java.base/jdk.internal.reflect.NativeMethodAccessorImpl.invoke(NativeMethodAccessorImpl.java:62)
	at java.base/jdk.internal.reflect.DelegatingMethodAccessorImpl.invoke(DelegatingMethodAccessorImpl.java:43)
	at java.base/java.lang.reflect.Method.invoke(Method.java:566)
	at org.junit.runners.model.FrameworkMethod$1.runReflectiveCall(FrameworkMethod.java:44)
	at org.junit.internal.runners.model.ReflectiveCallable.run(ReflectiveCallable.java:15)
	at org.junit.runners.model.FrameworkMethod.invokeExplosively(FrameworkMethod.java:41)
	at junitparams.internal.InvokeParameterisedMethod.evaluate(InvokeParameterisedMethod.java:102)
	at org.junit.internal.runners.statements.FailOnTimeout$1.run(FailOnTimeout.java:28)
Caused by: ptolemy.kernel.util.IllegalActionException: Found a zero delay loop containing .HierarchicalModel.A
  in .HierarchicalModel and .HierarchicalModel.A
	at ptolemy.actor.util.CausalityInterfaceForComposites._computeOutputPortDepth(CausalityInterfaceForComposites.java:759)
	at ptolemy.actor.util.CausalityInterfaceForComposites._computeInputDepth(CausalityInterfaceForComposites.java:696)
	at ptolemy.actor.util.CausalityInterfaceForComposites._computeOutputPortDepth(CausalityInterfaceForComposites.java:765)
	at ptolemy.actor.util.CausalityInterfaceForComposites._computeInputDepth(CausalityInterfaceForComposites.java:696)
	at ptolemy.actor.util.CausalityInterfaceForComposites._computeOutputPortDepth(CausalityInterfaceForComposites.java:765)
	at ptolemy.actor.util.CausalityInterfaceForComposites._computeInputDepth(CausalityInterfaceForComposites.java:696)
	at ptolemy.actor.util.CausalityInterfaceForComposites._computeActorDepth(CausalityInterfaceForComposites.java:532)
	at ptolemy.actor.util.CausalityInterfaceForComposites.checkForCycles(CausalityInterfaceForComposites.java:96)
	at ptolemy.domains.de.kernel.DEDirector.preinitialize(DEDirector.java:1338)
	at ptolemy.actor.CompositeActor.preinitialize(CompositeActor.java:1828)
	at ptolemy.actor.Manager.preinitializeAndResolveTypes(Manager.java:1040)
	at ptolemy.actor.Manager.initialize(Manager.java:710)
	at ptolemy.actor.Manager.execute(Manager.java:356)
	at ptolemy.actor.Manager.run(Manager.java:1263)
	at ptolemy.actor.Manager$PtolemyRunThread.run(Manager.java:1933)
java.lang.RuntimeException: Execution failed
	at ptolemy.moml.MoMLSimpleApplication$UnloadThread.run(MoMLSimpleApplication.java:402)
Caused by: ptolemy.kernel.util.IllegalActionException: Found a zero delay loop containing .dependencyLoop.original
  in .dependencyLoop and .dependencyLoop.original
	at ptolemy.actor.util.CausalityInterfaceForComposites._computeOutputPortDepth(CausalityInterfaceForComposites.java:759)
	at ptolemy.actor.util.CausalityInterfaceForComposites._computeInputDepth(CausalityInterfaceForComposites.java:696)
	at ptolemy.actor.util.CausalityInterfaceForComposites._computeOutputPortDepth(CausalityInterfaceForComposites.java:765)
	at ptolemy.actor.util.CausalityInterfaceForComposites._computeInputDepth(CausalityInterfaceForComposites.java:696)
	at ptolemy.actor.util.CausalityInterfaceForComposites._computeOutputPortDepth(CausalityInterfaceForComposites.java:765)
	at ptolemy.actor.util.CausalityInterfaceForComposites._computeInputDepth(CausalityInterfaceForComposites.java:696)
	at ptolemy.actor.util.CausalityInterfaceForComposites._computeActorDepth(CausalityInterfaceForComposites.java:532)
	at ptolemy.actor.util.CausalityInterfaceForComposites.checkForCycles(CausalityInterfaceForComposites.java:96)
	at ptolemy.domains.de.kernel.DEDirector.preinitialize(DEDirector.java:1338)
	at ptolemy.actor.CompositeActor.preinitialize(CompositeActor.java:1828)
	at ptolemy.actor.Manager.preinitializeAndResolveTypes(Manager.java:1040)
	at ptolemy.actor.Manager.initialize(Manager.java:710)
	at ptolemy.actor.Manager.execute(Manager.java:356)
	at ptolemy.actor.Manager.run(Manager.java:1263)
	at ptolemy.actor.Manager$PtolemyRunThread.run(Manager.java:1933)
java.lang.reflect.InvocationTargetException
	at java.base/jdk.internal.reflect.NativeConstructorAccessorImpl.newInstance0(Native Method)
	at java.base/jdk.internal.reflect.NativeConstructorAccessorImpl.newInstance(NativeConstructorAccessorImpl.java:62)
	at java.base/jdk.internal.reflect.DelegatingConstructorAccessorImpl.newInstance(DelegatingConstructorAccessorImpl.java:45)
	at java.base/java.lang.reflect.Constructor.newInstance(Constructor.java:490)
	at ptolemy.util.test.junit.AutoKnownFailedTests.RunModel(AutoKnownFailedTests.java:105)
	at java.base/jdk.internal.reflect.NativeMethodAccessorImpl.invoke0(Native Method)
	at java.base/jdk.internal.reflect.NativeMethodAccessorImpl.invoke(NativeMethodAccessorImpl.java:62)
	at java.base/jdk.internal.reflect.DelegatingMethodAccessorImpl.invoke(DelegatingMethodAccessorImpl.java:43)
	at java.base/java.lang.reflect.Method.invoke(Method.java:566)
	at org.junit.runners.model.FrameworkMethod$1.runReflectiveCall(FrameworkMethod.java:44)
	at org.junit.internal.runners.model.ReflectiveCallable.run(ReflectiveCallable.java:15)
	at org.junit.runners.model.FrameworkMethod.invokeExplosively(FrameworkMethod.java:41)
	at junitparams.internal.InvokeParameterisedMethod.evaluate(InvokeParameterisedMethod.java:102)
	at org.junit.internal.runners.statements.FailOnTimeout$1.run(FailOnTimeout.java:28)
Caused by: ptolemy.kernel.util.IllegalActionException: Found a zero delay loop containing .dependencyLoop.original
  in .dependencyLoop and .dependencyLoop.original
	at ptolemy.actor.util.CausalityInterfaceForComposites._computeOutputPortDepth(CausalityInterfaceForComposites.java:759)
	at ptolemy.actor.util.CausalityInterfaceForComposites._computeInputDepth(CausalityInterfaceForComposites.java:696)
	at ptolemy.actor.util.CausalityInterfaceForComposites._computeOutputPortDepth(CausalityInterfaceForComposites.java:765)
	at ptolemy.actor.util.CausalityInterfaceForComposites._computeInputDepth(CausalityInterfaceForComposites.java:696)
	at ptolemy.actor.util.CausalityInterfaceForComposites._computeOutputPortDepth(CausalityInterfaceForComposites.java:765)
	at ptolemy.actor.util.CausalityInterfaceForComposites._computeInputDepth(CausalityInterfaceForComposites.java:696)
	at ptolemy.actor.util.CausalityInterfaceForComposites._computeActorDepth(CausalityInterfaceForComposites.java:532)
	at ptolemy.actor.util.CausalityInterfaceForComposites.checkForCycles(CausalityInterfaceForComposites.java:96)
	at ptolemy.domains.de.kernel.DEDirector.preinitialize(DEDirector.java:1338)
	at ptolemy.actor.CompositeActor.preinitialize(CompositeActor.java:1828)
	at ptolemy.actor.Manager.preinitializeAndResolveTypes(Manager.java:1040)
	at ptolemy.actor.Manager.initialize(Manager.java:710)
	at ptolemy.actor.Manager.execute(Manager.java:356)
	at ptolemy.actor.Manager.run(Manager.java:1263)
	at ptolemy.actor.Manager$PtolemyRunThread.run(Manager.java:1933)
java.lang.RuntimeException: Execution failed
	at ptolemy.moml.MoMLSimpleApplication$UnloadThread.run(MoMLSimpleApplication.java:402)
Caused by: ptolemy.kernel.util.IllegalActionException: Found a zero delay loop containing .dependencyLoop2.original
  in .dependencyLoop2 and .dependencyLoop2.original
	at ptolemy.actor.util.CausalityInterfaceForComposites._computeOutputPortDepth(CausalityInterfaceForComposites.java:759)
	at ptolemy.actor.util.CausalityInterfaceForComposites._computeInputDepth(CausalityInterfaceForComposites.java:696)
	at ptolemy.actor.util.CausalityInterfaceForComposites._computeOutputPortDepth(CausalityInterfaceForComposites.java:765)
	at ptolemy.actor.util.CausalityInterfaceForComposites._computeInputDepth(CausalityInterfaceForComposites.java:696)
	at ptolemy.actor.util.CausalityInterfaceForComposites._computeOutputPortDepth(CausalityInterfaceForComposites.java:765)
	at ptolemy.actor.util.CausalityInterfaceForComposites._computeInputDepth(CausalityInterfaceForComposites.java:696)
	at ptolemy.actor.util.CausalityInterfaceForComposites._computeActorDepth(CausalityInterfaceForComposites.java:532)
	at ptolemy.actor.util.CausalityInterfaceForComposites.checkForCycles(CausalityInterfaceForComposites.java:96)
	at ptolemy.domains.de.kernel.DEDirector.preinitialize(DEDirector.java:1338)
	at ptolemy.actor.CompositeActor.preinitialize(CompositeActor.java:1828)
	at ptolemy.actor.Manager.preinitializeAndResolveTypes(Manager.java:1040)
	at ptolemy.actor.Manager.initialize(Manager.java:710)
	at ptolemy.actor.Manager.execute(Manager.java:356)
	at ptolemy.actor.Manager.run(Manager.java:1263)
	at ptolemy.actor.Manager$PtolemyRunThread.run(Manager.java:1933)
java.lang.reflect.InvocationTargetException
	at java.base/jdk.internal.reflect.NativeConstructorAccessorImpl.newInstance0(Native Method)
	at java.base/jdk.internal.reflect.NativeConstructorAccessorImpl.newInstance(NativeConstructorAccessorImpl.java:62)
	at java.base/jdk.internal.reflect.DelegatingConstructorAccessorImpl.newInstance(DelegatingConstructorAccessorImpl.java:45)
	at java.base/java.lang.reflect.Constructor.newInstance(Constructor.java:490)
	at ptolemy.util.test.junit.AutoKnownFailedTests.RunModel(AutoKnownFailedTests.java:105)
	at java.base/jdk.internal.reflect.NativeMethodAccessorImpl.invoke0(Native Method)
	at java.base/jdk.internal.reflect.NativeMethodAccessorImpl.invoke(NativeMethodAccessorImpl.java:62)
	at java.base/jdk.internal.reflect.DelegatingMethodAccessorImpl.invoke(DelegatingMethodAccessorImpl.java:43)
	at java.base/java.lang.reflect.Method.invoke(Method.java:566)
	at org.junit.runners.model.FrameworkMethod$1.runReflectiveCall(FrameworkMethod.java:44)
	at org.junit.internal.runners.model.ReflectiveCallable.run(ReflectiveCallable.java:15)
	at org.junit.runners.model.FrameworkMethod.invokeExplosively(FrameworkMethod.java:41)
	at junitparams.internal.InvokeParameterisedMethod.evaluate(InvokeParameterisedMethod.java:102)
	at org.junit.internal.runners.statements.FailOnTimeout$1.run(FailOnTimeout.java:28)
Caused by: ptolemy.kernel.util.IllegalActionException: Found a zero delay loop containing .dependencyLoop2.original
  in .dependencyLoop2 and .dependencyLoop2.original
	at ptolemy.actor.util.CausalityInterfaceForComposites._computeOutputPortDepth(CausalityInterfaceForComposites.java:759)
	at ptolemy.actor.util.CausalityInterfaceForComposites._computeInputDepth(CausalityInterfaceForComposites.java:696)
	at ptolemy.actor.util.CausalityInterfaceForComposites._computeOutputPortDepth(CausalityInterfaceForComposites.java:765)
	at ptolemy.actor.util.CausalityInterfaceForComposites._computeInputDepth(CausalityInterfaceForComposites.java:696)
	at ptolemy.actor.util.CausalityInterfaceForComposites._computeOutputPortDepth(CausalityInterfaceForComposites.java:765)
	at ptolemy.actor.util.CausalityInterfaceForComposites._computeInputDepth(CausalityInterfaceForComposites.java:696)
	at ptolemy.actor.util.CausalityInterfaceForComposites._computeActorDepth(CausalityInterfaceForComposites.java:532)
	at ptolemy.actor.util.CausalityInterfaceForComposites.checkForCycles(CausalityInterfaceForComposites.java:96)
	at ptolemy.domains.de.kernel.DEDirector.preinitialize(DEDirector.java:1338)
	at ptolemy.actor.CompositeActor.preinitialize(CompositeActor.java:1828)
	at ptolemy.actor.Manager.preinitializeAndResolveTypes(Manager.java:1040)
	at ptolemy.actor.Manager.initialize(Manager.java:710)
	at ptolemy.actor.Manager.execute(Manager.java:356)
	at ptolemy.actor.Manager.run(Manager.java:1263)
	at ptolemy.actor.Manager$PtolemyRunThread.run(Manager.java:1933)
]]></system-err>
</testsuite>
