<?xml version="1.0" encoding="UTF-8" ?>
<testsuite errors="0" failures="0" hostname="travis-job-05fc6ff4-e00f-4d1d-b5b5-d478ed97cc80" name="ptolemy.domains.de.test.junit.JUnitTclTest" skipped="0" tests="101" time="126.385" timestamp="2019-02-27T22:08:41">
  <properties>
[...]
</properties>
  <testcase classname="ptolemy.util.test.junit.TclTests" name="[0] /home/travis/build/icyphy/ptII/ptolemy/domains/de/test/DependencyLoop.tcl (RunTclFile)" time="0.674" />
  <testcase classname="ptolemy.util.test.junit.TclTests" name="[1] /home/travis/build/icyphy/ptII/ptolemy/domains/de/test/RunDETestsAsQSS.tcl (RunTclFile)" time="86.325" />
  <testcase classname="ptolemy.util.test.junit.AutoKnownFailedTests" name="[0] /home/travis/build/icyphy/ptII/ptolemy/domains/de/test/auto/knownFailedTests/DESDFClockTest.xml (RunModel)" time="2.041" />
  <testcase classname="ptolemy.util.test.junit.AutoKnownFailedTests" name="[1] /home/travis/build/icyphy/ptII/ptolemy/domains/de/test/auto/knownFailedTests/DirectFeedback.xml (RunModel)" time="0.027" />
  <testcase classname="ptolemy.util.test.junit.AutoKnownFailedTests" name="[2] /home/travis/build/icyphy/ptII/ptolemy/domains/de/test/auto/knownFailedTests/FSMSource.xml (RunModel)" time="0.035" />
  <testcase classname="ptolemy.util.test.junit.AutoKnownFailedTests" name="[3] /home/travis/build/icyphy/ptII/ptolemy/domains/de/test/auto/knownFailedTests/HierarchicalModel.xml (RunModel)" time="0.041" />
  <testcase classname="ptolemy.util.test.junit.AutoKnownFailedTests" name="[4] /home/travis/build/icyphy/ptII/ptolemy/domains/de/test/auto/knownFailedTests/dependencyLoop.xml (RunModel)" time="0.026" />
  <testcase classname="ptolemy.util.test.junit.AutoKnownFailedTests" name="[5] /home/travis/build/icyphy/ptII/ptolemy/domains/de/test/auto/knownFailedTests/dependencyLoop2.xml (RunModel)" time="0.032" />
  <testcase classname="ptolemy.util.test.junit.AutoNameArchTests" name="[0] ThereAreNoAutoArchTests (RunModel)" time="0.0" />
  <testcase classname="ptolemy.util.test.junit.AutoTests" name="[0] /home/travis/build/icyphy/ptII/ptolemy/domains/de/test/auto/ActorDepthCalculation_actorWithoutPorts.xml (RunModel)" time="0.022" />
  <testcase classname="ptolemy.util.test.junit.AutoTests" name="[1] /home/travis/build/icyphy/ptII/ptolemy/domains/de/test/auto/AssemblyLine.xml (RunModel)" time="0.024" />
  <testcase classname="ptolemy.util.test.junit.AutoTests" name="[2] /home/travis/build/icyphy/ptII/ptolemy/domains/de/test/auto/CQBug1.xml (RunModel)" time="0.015" />
  <testcase classname="ptolemy.util.test.junit.AutoTests" name="[3] /home/travis/build/icyphy/ptII/ptolemy/domains/de/test/auto/CancelFireAt.xml (RunModel)" time="0.007" />
  <testcase classname="ptolemy.util.test.junit.AutoTests" name="[4] /home/travis/build/icyphy/ptII/ptolemy/domains/de/test/auto/CausalityAndComposabilityAnalysis.xml (RunModel)" time="0.011" />
  <testcase classname="ptolemy.util.test.junit.AutoTests" name="[5] /home/travis/build/icyphy/ptII/ptolemy/domains/de/test/auto/CausalityInterface1.xml (RunModel)" time="0.014" />
  <testcase classname="ptolemy.util.test.junit.AutoTests" name="[6] /home/travis/build/icyphy/ptII/ptolemy/domains/de/test/auto/CausalityInterface15.xml (RunModel)" time="0.014" />
  <testcase classname="ptolemy.util.test.junit.AutoTests" name="[7] /home/travis/build/icyphy/ptII/ptolemy/domains/de/test/auto/CausalityInterface2.xml (RunModel)" time="0.014" />
  <testcase classname="ptolemy.util.test.junit.AutoTests" name="[8] /home/travis/build/icyphy/ptII/ptolemy/domains/de/test/auto/CausalityInterface3.xml (RunModel)" time="0.01" />
  <testcase classname="ptolemy.util.test.junit.AutoTests" name="[9] /home/travis/build/icyphy/ptII/ptolemy/domains/de/test/auto/ClockDrift.xml (RunModel)" time="0.038" />
  <testcase classname="ptolemy.util.test.junit.AutoTests" name="[10] /home/travis/build/icyphy/ptII/ptolemy/domains/de/test/auto/ClockDriftAndValueChange.xml (RunModel)" time="0.033" />
  <testcase classname="ptolemy.util.test.junit.AutoTests" name="[11] /home/travis/build/icyphy/ptII/ptolemy/domains/de/test/auto/ClockDriftChange.xml (RunModel)" time="0.032" />
  <testcase classname="ptolemy.util.test.junit.AutoTests" name="[12] /home/travis/build/icyphy/ptII/ptolemy/domains/de/test/auto/ComposableCausalityAnalysis.xml (RunModel)" time="0.021" />
  <testcase classname="ptolemy.util.test.junit.AutoTests" name="[13] /home/travis/build/icyphy/ptII/ptolemy/domains/de/test/auto/DEFixedPointLimitation.xml (RunModel)" time="0.008" />
  <testcase classname="ptolemy.util.test.junit.AutoTests" name="[14] /home/travis/build/icyphy/ptII/ptolemy/domains/de/test/auto/DEScheduleTest.xml (RunModel)" time="0.009" />
  <testcase classname="ptolemy.util.test.junit.AutoTests" name="[15] /home/travis/build/icyphy/ptII/ptolemy/domains/de/test/auto/DEinDEwithStartTimes.xml (RunModel)" time="0.012" />
  <testcase classname="ptolemy.util.test.junit.AutoTests" name="[16] /home/travis/build/icyphy/ptII/ptolemy/domains/de/test/auto/DEinDEwithStartTimes2.xml (RunModel)" time="0.012" />
  <testcase classname="ptolemy.util.test.junit.AutoTests" name="[17] /home/travis/build/icyphy/ptII/ptolemy/domains/de/test/auto/DateDemo.xml (RunModel)" time="0.024" />
  <testcase classname="ptolemy.util.test.junit.AutoTests" name="[18] /home/travis/build/icyphy/ptII/ptolemy/domains/de/test/auto/DateToEvent.xml (RunModel)" time="2.037" />
  <testcase classname="ptolemy.util.test.junit.AutoTests" name="[19] /home/travis/build/icyphy/ptII/ptolemy/domains/de/test/auto/DepthTest1.xml (RunModel)" time="0.007" />
  <testcase classname="ptolemy.util.test.junit.AutoTests" name="[20] /home/travis/build/icyphy/ptII/ptolemy/domains/de/test/auto/DepthTest2.xml (RunModel)" time="0.016" />
  <testcase classname="ptolemy.util.test.junit.AutoTests" name="[21] /home/travis/build/icyphy/ptII/ptolemy/domains/de/test/auto/DepthTest3.xml (RunModel)" time="0.008" />
  <testcase classname="ptolemy.util.test.junit.AutoTests" name="[22] /home/travis/build/icyphy/ptII/ptolemy/domains/de/test/auto/DepthTest4.xml (RunModel)" time="0.011" />
  <testcase classname="ptolemy.util.test.junit.AutoTests" name="[23] /home/travis/build/icyphy/ptII/ptolemy/domains/de/test/auto/DepthTest5.xml (RunModel)" time="0.013" />
  <testcase classname="ptolemy.util.test.junit.AutoTests" name="[24] /home/travis/build/icyphy/ptII/ptolemy/domains/de/test/auto/DepthTest6.xml (RunModel)" time="0.013" />
  <testcase classname="ptolemy.util.test.junit.AutoTests" name="[25] /home/travis/build/icyphy/ptII/ptolemy/domains/de/test/auto/DepthTest7.xml (RunModel)" time="0.011" />
  <testcase classname="ptolemy.util.test.junit.AutoTests" name="[26] /home/travis/build/icyphy/ptII/ptolemy/domains/de/test/auto/EventToDate.xml (RunModel)" time="3.033" />
  <testcase classname="ptolemy.util.test.junit.AutoTests" name="[27] /home/travis/build/icyphy/ptII/ptolemy/domains/de/test/auto/FSM1.xml (RunModel)" time="0.028" />
  <testcase classname="ptolemy.util.test.junit.AutoTests" name="[28] /home/travis/build/icyphy/ptII/ptolemy/domains/de/test/auto/FSM7.xml (RunModel)" time="0.028" />
  <testcase classname="ptolemy.util.test.junit.AutoTests" name="[29] /home/travis/build/icyphy/ptII/ptolemy/domains/de/test/auto/Inspection.xml (RunModel)" time="0.035" />
  <testcase classname="ptolemy.util.test.junit.AutoTests" name="[30] /home/travis/build/icyphy/ptII/ptolemy/domains/de/test/auto/Iteration.xml (RunModel)" time="0.017" />
  <testcase classname="ptolemy.util.test.junit.AutoTests" name="[31] /home/travis/build/icyphy/ptII/ptolemy/domains/de/test/auto/LineFault.xml (RunModel)" time="0.523" />
  <testcase classname="ptolemy.util.test.junit.AutoTests" name="[32] /home/travis/build/icyphy/ptII/ptolemy/domains/de/test/auto/MergeModel1Add.xml (RunModel)" time="0.039" />
  <testcase classname="ptolemy.util.test.junit.AutoTests" name="[33] /home/travis/build/icyphy/ptII/ptolemy/domains/de/test/auto/MergeModel2Add.xml (RunModel)" time="0.033" />
  <testcase classname="ptolemy.util.test.junit.AutoTests" name="[34] /home/travis/build/icyphy/ptII/ptolemy/domains/de/test/auto/MergeModel3Add.xml (RunModel)" time="0.034" />
  <testcase classname="ptolemy.util.test.junit.AutoTests" name="[35] /home/travis/build/icyphy/ptII/ptolemy/domains/de/test/auto/MergeWithoutDiscard.xml (RunModel)" time="0.009" />
  <testcase classname="ptolemy.util.test.junit.AutoTests" name="[36] /home/travis/build/icyphy/ptII/ptolemy/domains/de/test/auto/Modal1.xml (RunModel)" time="0.025" />
  <testcase classname="ptolemy.util.test.junit.AutoTests" name="[37] /home/travis/build/icyphy/ptII/ptolemy/domains/de/test/auto/Modal2.xml (RunModel)" time="0.024" />
  <testcase classname="ptolemy.util.test.junit.AutoTests" name="[38] /home/travis/build/icyphy/ptII/ptolemy/domains/de/test/auto/Modal3.xml (RunModel)" time="0.023" />
  <testcase classname="ptolemy.util.test.junit.AutoTests" name="[39] /home/travis/build/icyphy/ptII/ptolemy/domains/de/test/auto/Modal4.xml (RunModel)" time="0.025" />
  <testcase classname="ptolemy.util.test.junit.AutoTests" name="[40] /home/travis/build/icyphy/ptII/ptolemy/domains/de/test/auto/Modal5.xml (RunModel)" time="0.024" />
  <testcase classname="ptolemy.util.test.junit.AutoTests" name="[41] /home/travis/build/icyphy/ptII/ptolemy/domains/de/test/auto/Modal6.xml (RunModel)" time="0.025" />
  <testcase classname="ptolemy.util.test.junit.AutoTests" name="[42] /home/travis/build/icyphy/ptII/ptolemy/domains/de/test/auto/Modal7.xml (RunModel)" time="0.024" />
  <testcase classname="ptolemy.util.test.junit.AutoTests" name="[43] /home/travis/build/icyphy/ptII/ptolemy/domains/de/test/auto/ModalModel.xml (RunModel)" time="0.13" />
  <testcase classname="ptolemy.util.test.junit.AutoTests" name="[44] /home/travis/build/icyphy/ptII/ptolemy/domains/de/test/auto/ModalSource.xml (RunModel)" time="0.016" />
  <testcase classname="ptolemy.util.test.junit.AutoTests" name="[45] /home/travis/build/icyphy/ptII/ptolemy/domains/de/test/auto/NonInterruptibleTimerZeroDelay.xml (RunModel)" time="0.009" />
  <testcase classname="ptolemy.util.test.junit.AutoTests" name="[46] /home/travis/build/icyphy/ptII/ptolemy/domains/de/test/auto/OpenQueueingNetwork.xml (RunModel)" time="2.247" />
  <testcase classname="ptolemy.util.test.junit.AutoTests" name="[47] /home/travis/build/icyphy/ptII/ptolemy/domains/de/test/auto/OpenQueuingNetwork.xml (RunModel)" time="0.272" />
  <testcase classname="ptolemy.util.test.junit.AutoTests" name="[48] /home/travis/build/icyphy/ptII/ptolemy/domains/de/test/auto/PeriodicSampler.xml (RunModel)" time="0.011" />
  <testcase classname="ptolemy.util.test.junit.AutoTests" name="[49] /home/travis/build/icyphy/ptII/ptolemy/domains/de/test/auto/PersistentIO.xml (RunModel)" time="0.018" />
  <testcase classname="ptolemy.util.test.junit.AutoTests" name="[50] /home/travis/build/icyphy/ptII/ptolemy/domains/de/test/auto/PortParameterResetOnInitialize.xml (RunModel)" time="0.01" />
  <testcase classname="ptolemy.util.test.junit.AutoTests" name="[51] /home/travis/build/icyphy/ptII/ptolemy/domains/de/test/auto/PortParameterUpdates.xml (RunModel)" time="0.013" />
  <testcase classname="ptolemy.util.test.junit.AutoTests" name="[52] /home/travis/build/icyphy/ptII/ptolemy/domains/de/test/auto/QueueAndServer.xml (RunModel)" time="0.021" />
  <testcase classname="ptolemy.util.test.junit.AutoTests" name="[53] /home/travis/build/icyphy/ptII/ptolemy/domains/de/test/auto/Records.xml (RunModel)" time="0.022" />
  <testcase classname="ptolemy.util.test.junit.AutoTests" name="[54] /home/travis/build/icyphy/ptII/ptolemy/domains/de/test/auto/ResetTransitionWithStartTime1.xml (RunModel)" time="0.017" />
  <testcase classname="ptolemy.util.test.junit.AutoTests" name="[55] /home/travis/build/icyphy/ptII/ptolemy/domains/de/test/auto/ResetTransitionWithStartTime2.xml (RunModel)" time="0.017" />
  <testcase classname="ptolemy.util.test.junit.AutoTests" name="[56] /home/travis/build/icyphy/ptII/ptolemy/domains/de/test/auto/ResetTransitionWithStartTime3.xml (RunModel)" time="0.016" />
  <testcase classname="ptolemy.util.test.junit.AutoTests" name="[57] /home/travis/build/icyphy/ptII/ptolemy/domains/de/test/auto/ResetTransitionWithStartTime4.xml (RunModel)" time="0.016" />
  <testcase classname="ptolemy.util.test.junit.AutoTests" name="[58] /home/travis/build/icyphy/ptII/ptolemy/domains/de/test/auto/ResettableTimer1.xml (RunModel)" time="0.009" />
  <testcase classname="ptolemy.util.test.junit.AutoTests" name="[59] /home/travis/build/icyphy/ptII/ptolemy/domains/de/test/auto/ResettableTimer2.xml (RunModel)" time="0.009" />
  <testcase classname="ptolemy.util.test.junit.AutoTests" name="[60] /home/travis/build/icyphy/ptII/ptolemy/domains/de/test/auto/ResettableTimer3.xml (RunModel)" time="0.008" />
  <testcase classname="ptolemy.util.test.junit.AutoTests" name="[61] /home/travis/build/icyphy/ptII/ptolemy/domains/de/test/auto/ResettableTimer4.xml (RunModel)" time="0.008" />
  <testcase classname="ptolemy.util.test.junit.AutoTests" name="[62] /home/travis/build/icyphy/ptII/ptolemy/domains/de/test/auto/ResettableTimer5.xml (RunModel)" time="0.009" />
  <testcase classname="ptolemy.util.test.junit.AutoTests" name="[63] /home/travis/build/icyphy/ptII/ptolemy/domains/de/test/auto/ResettableTimer6.xml (RunModel)" time="0.011" />
  <testcase classname="ptolemy.util.test.junit.AutoTests" name="[64] /home/travis/build/icyphy/ptII/ptolemy/domains/de/test/auto/ServerZeroDelay.xml (RunModel)" time="0.01" />
  <testcase classname="ptolemy.util.test.junit.AutoTests" name="[65] /home/travis/build/icyphy/ptII/ptolemy/domains/de/test/auto/SmartSender.xml (RunModel)" time="3.009" />
  <testcase classname="ptolemy.util.test.junit.AutoTests" name="[66] /home/travis/build/icyphy/ptII/ptolemy/domains/de/test/auto/ThreadedComposite.xml (RunModel)" time="0.128" />
  <testcase classname="ptolemy.util.test.junit.AutoTests" name="[67] /home/travis/build/icyphy/ptII/ptolemy/domains/de/test/auto/Time.xml (RunModel)" time="0.424" />
  <testcase classname="ptolemy.util.test.junit.AutoTests" name="[68] /home/travis/build/icyphy/ptII/ptolemy/domains/de/test/auto/TimeDelayZeroDelay.xml (RunModel)" time="0.013" />
  <testcase classname="ptolemy.util.test.junit.AutoTests" name="[69] /home/travis/build/icyphy/ptII/ptolemy/domains/de/test/auto/TimerZeroDelay.xml (RunModel)" time="0.009" />
  <testcase classname="ptolemy.util.test.junit.AutoTests" name="[70] /home/travis/build/icyphy/ptII/ptolemy/domains/de/test/auto/TimingParadox.xml (RunModel)" time="0.334" />
  <testcase classname="ptolemy.util.test.junit.AutoTests" name="[71] /home/travis/build/icyphy/ptII/ptolemy/domains/de/test/auto/TransferInputs.xml (RunModel)" time="0.013" />
  <testcase classname="ptolemy.util.test.junit.AutoTests" name="[72] /home/travis/build/icyphy/ptII/ptolemy/domains/de/test/auto/TransferOutputs2.xml (RunModel)" time="0.019" />
  <testcase classname="ptolemy.util.test.junit.AutoTests" name="[73] /home/travis/build/icyphy/ptII/ptolemy/domains/de/test/auto/Trilateration.xml (RunModel)" time="11.459" />
  <testcase classname="ptolemy.util.test.junit.AutoTests" name="[74] /home/travis/build/icyphy/ptII/ptolemy/domains/de/test/auto/TwoSigmaDelta.xml (RunModel)" time="1.936" />
  <testcase classname="ptolemy.util.test.junit.AutoTests" name="[75] /home/travis/build/icyphy/ptII/ptolemy/domains/de/test/auto/VariableDelay.xml (RunModel)" time="0.015" />
  <testcase classname="ptolemy.util.test.junit.AutoTests" name="[76] /home/travis/build/icyphy/ptII/ptolemy/domains/de/test/auto/VariableDelay2.xml (RunModel)" time="0.015" />
  <testcase classname="ptolemy.util.test.junit.AutoTests" name="[77] /home/travis/build/icyphy/ptII/ptolemy/domains/de/test/auto/VariableDelayZeroDelay.xml (RunModel)" time="0.009" />
  <testcase classname="ptolemy.util.test.junit.AutoTests" name="[78] /home/travis/build/icyphy/ptII/ptolemy/domains/de/test/auto/VariableDelayZeroDelay2.xml (RunModel)" time="0.019" />
  <testcase classname="ptolemy.util.test.junit.AutoTests" name="[79] /home/travis/build/icyphy/ptII/ptolemy/domains/de/test/auto/deInCt.xml (RunModel)" time="0.013" />
  <testcase classname="ptolemy.util.test.junit.AutoTests" name="[80] /home/travis/build/icyphy/ptII/ptolemy/domains/de/test/auto/deInCt2.xml (RunModel)" time="0.012" />
  <testcase classname="ptolemy.util.test.junit.AutoTests" name="[81] /home/travis/build/icyphy/ptII/ptolemy/domains/de/test/auto/dynamicCausalityInterface1.xml (RunModel)" time="0.023" />
  <testcase classname="ptolemy.util.test.junit.AutoTests" name="[82] /home/travis/build/icyphy/ptII/ptolemy/domains/de/test/auto/fsm_de_test.xml (RunModel)" time="0.02" />
  <testcase classname="ptolemy.util.test.junit.AutoTests" name="[83] /home/travis/build/icyphy/ptII/ptolemy/domains/de/test/auto/functionDependencyReconstruction.xml (RunModel)" time="0.029" />
  <testcase classname="ptolemy.util.test.junit.AutoTests" name="[84] /home/travis/build/icyphy/ptII/ptolemy/domains/de/test/auto/multirate.xml (RunModel)" time="0.014" />
  <testcase classname="ptolemy.util.test.junit.AutoTests" name="[85] /home/travis/build/icyphy/ptII/ptolemy/domains/de/test/auto/multirate2.xml (RunModel)" time="0.013" />
  <testcase classname="ptolemy.util.test.junit.AutoTests" name="[86] /home/travis/build/icyphy/ptII/ptolemy/domains/de/test/auto/realtime.xml (RunModel)" time="10.01" />
  <testcase classname="ptolemy.util.test.junit.AutoTests" name="[87] /home/travis/build/icyphy/ptII/ptolemy/domains/de/test/auto/relationGroup.xml (RunModel)" time="0.014" />
  <testcase classname="ptolemy.util.test.junit.AutoTests" name="[88] /home/travis/build/icyphy/ptII/ptolemy/domains/de/test/auto/relationGroup2.xml (RunModel)" time="0.009" />
  <testcase classname="ptolemy.util.test.junit.AutoTests" name="[89] /home/travis/build/icyphy/ptII/ptolemy/domains/de/test/auto/sortWithOpaquePorts.xml (RunModel)" time="0.014" />
  <testcase classname="ptolemy.util.test.junit.AutoTests" name="[90] /home/travis/build/icyphy/ptII/ptolemy/domains/de/test/auto/transferInputsandOutputs.xml (RunModel)" time="0.016" />
  <testcase classname="ptolemy.util.test.junit.AutoTests" name="[91] /home/travis/build/icyphy/ptII/ptolemy/domains/de/test/auto/triggerType.xml (RunModel)" time="0.008" />
  <system-out><![CDATA[/home/travis/build/icyphy/ptII/ptolemy/domains/de/test/DependencyLoop.tcl
testDefs.tcl: setting time out to 9000 seconds at Wed Feb 27 22:08:41 UTC 2019
17 ms. Memory: 116224K Free: 97430K (84%)
26 ms. Memory: 146944K Free: 141577K (96%)
/home/travis/build/icyphy/ptII/ptolemy/domains/de/test/RunDETestsAsQSS.tcl
Run the DE tests using ptolemy.domains.qss.test.QSSDirectorTest, which extends QSSDirector and prints a message in the constructors.
------------------ testing $PTII/ptolemy/domains/de/test/auto/knownFailedTests/dependencyLoop.xml (Known Failure) 
10 ms. Memory: 146944K Free: 136928K (93%)


==== $PTIIhome/travis/build/icyphy/ptII/ptolemy/domains/de/test/../../../../: Auto Automatic test in file $PTII/ptolemy/domains/de/test/auto/knownFailedTests/dependencyLoop.xml
==== Contents of test case:

	    # FIXME: we should use $relativeFilename here, but it
	    # might have backslashes under Windows, which causes no end
	    # of trouble.
	    createAndExecute $file
	    list {}
	
.... Test generated KNOWN error:
    while executing
ptolemy.kernel.util.IllegalActionException: Found a zero delay loop containing .dependencyLoop.original
  in .dependencyLoop and .dependencyLoop.original
	at ptolemy.actor.util.CausalityInterfaceForComposites._computeOutputPortDepth(CausalityInterfaceForComposites.java:759)
	at ptolemy.actor.util.CausalityInterfaceForComposites._computeInputDepth(CausalityInterfaceForComposites.java:696)
	at ptolemy.actor.util.CausalityInterfaceForComposites._computeOutputPortDepth(CausalityInterfaceForComposites.java:765)
	at ptolemy.actor.util.CausalityInterfaceForComposites._computeInputDepth(CausalityInterfaceForComposites.java:696)
	at ptolemy.actor.util.CausalityInterfaceForComposites._computeOutputPortDepth(CausalityInterfaceForComposites.java:765)
	at ptolemy.actor.util.CausalityInterfaceForComposites._computeInputDepth(CausalityInterfaceForComposites.java:696)
	at ptolemy.actor.util.CausalityInterfaceForComposites._computeActorDepth(CausalityInterfaceForComposites.java:532)
	at ptolemy.actor.util.CausalityInterfaceForComposites.checkForCycles(CausalityInterfaceForComposites.java:96)
	at ptolemy.domains.de.kernel.DEDirector.preinitialize(DEDirector.java:1338)
	at ptolemy.actor.CompositeActor.preinitialize(CompositeActor.java:1828)
	at ptolemy.actor.Manager.preinitializeAndResolveTypes(Manager.java:1040)
	at ptolemy.actor.Manager.initialize(Manager.java:710)
	at ptolemy.actor.Manager.execute(Manager.java:356)
	at ptolemy.actor.Manager.run(Manager.java:1263)
	at ptolemy.actor.Manager$PtolemyRunThread.run(Manager.java:1915)

    while executing
ptolemy.kernel.util.IllegalActionException: Found a zero delay loop containing .dependencyLoop.original
  in .dependencyLoop and .dependencyLoop.original
    while executing
"java::new ptolemy.moml.MoMLSimpleApplication $file
"
    (procedure "createAndExecute" line 2)
    invoked from within
"createAndExecute $file"
    ("uplevel" body line 5)
    invoked from within
"uplevel $contents_of_test"
------------------ testing $PTII/ptolemy/domains/de/test/auto/knownFailedTests/DESDFClockTest.xml (Known Failure) 
2061 ms. Memory: 146944K Free: 121732K (83%)


==== $PTIIhome/travis/build/icyphy/ptII/ptolemy/domains/de/test/../../../../: Auto Automatic test in file $PTII/ptolemy/domains/de/test/auto/knownFailedTests/DESDFClockTest.xml
==== Contents of test case:

	    # FIXME: we should use $relativeFilename here, but it
	    # might have backslashes under Windows, which causes no end
	    # of trouble.
	    createAndExecute $file
	    list {}
	
.... Test generated KNOWN error:
    while executing
ptolemy.kernel.util.IllegalActionException: Actor is not ready to fire.  Perhaps UpSample.prefire() returned false? Try debugging the actor by selecting "Listen to Actor".  Also, for SDF check moml for tokenConsumptionRate on input.
  in .DESDFClockTest.Play Bell.Copy1:SDF Director and .DESDFClockTest.Play Bell.UpSample
	at ptolemy.actor.sched.StaticSchedulingDirector.fire(StaticSchedulingDirector.java:227)
	at ptolemy.domains.sdf.kernel.SDFDirector.fire(SDFDirector.java:500)
	at ptolemy.actor.CompositeActor.fire(CompositeActor.java:455)
	at ptolemy.domains.de.kernel.DEDirector._fire(DEDirector.java:1949)
	at ptolemy.domains.de.kernel.DEDirector.fire(DEDirector.java:502)
	at ptolemy.actor.CompositeActor.fire(CompositeActor.java:455)
	at ptolemy.actor.Manager.iterate(Manager.java:851)
	at ptolemy.actor.Manager.execute(Manager.java:369)
	at ptolemy.actor.Manager.run(Manager.java:1263)
	at ptolemy.actor.Manager$PtolemyRunThread.run(Manager.java:1915)

    while executing
ptolemy.kernel.util.IllegalActionException: Actor is not ready to fire.  Perhaps UpSample.prefire() returned false? Try debugging the actor by selecting "Listen to Actor".  Also, for SDF check moml for tokenConsumptionRate on input.
  in .DESDFClockTest.Play Bell.Copy1:SDF Director and .DESDFClockTest.Play Bell.UpSample
    while executing
"java::new ptolemy.moml.MoMLSimpleApplication $file
"
    (procedure "createAndExecute" line 2)
    invoked from within
"createAndExecute $file"
    ("uplevel" body line 5)
    invoked from within
"uplevel $contents_of_test"
------------------ testing $PTII/ptolemy/domains/de/test/auto/knownFailedTests/FSMSource.xml (Known Failure) 
24 ms. Memory: 146944K Free: 112875K (77%)
!!!! Auto was marked as failing, but now passes
------------------ testing $PTII/ptolemy/domains/de/test/auto/knownFailedTests/dependencyLoop2.xml (Known Failure) 
5 ms. Memory: 146944K Free: 110992K (76%)


==== $PTIIhome/travis/build/icyphy/ptII/ptolemy/domains/de/test/../../../../: Auto Automatic test in file $PTII/ptolemy/domains/de/test/auto/knownFailedTests/dependencyLoop2.xml
==== Contents of test case:

	    # FIXME: we should use $relativeFilename here, but it
	    # might have backslashes under Windows, which causes no end
	    # of trouble.
	    createAndExecute $file
	    list {}
	
.... Test generated KNOWN error:
    while executing
ptolemy.kernel.util.IllegalActionException: Found a zero delay loop containing .dependencyLoop2.original
  in .dependencyLoop2 and .dependencyLoop2.original
	at ptolemy.actor.util.CausalityInterfaceForComposites._computeOutputPortDepth(CausalityInterfaceForComposites.java:759)
	at ptolemy.actor.util.CausalityInterfaceForComposites._computeInputDepth(CausalityInterfaceForComposites.java:696)
	at ptolemy.actor.util.CausalityInterfaceForComposites._computeOutputPortDepth(CausalityInterfaceForComposites.java:765)
	at ptolemy.actor.util.CausalityInterfaceForComposites._computeInputDepth(CausalityInterfaceForComposites.java:696)
	at ptolemy.actor.util.CausalityInterfaceForComposites._computeOutputPortDepth(CausalityInterfaceForComposites.java:765)
	at ptolemy.actor.util.CausalityInterfaceForComposites._computeInputDepth(CausalityInterfaceForComposites.java:696)
	at ptolemy.actor.util.CausalityInterfaceForComposites._computeActorDepth(CausalityInterfaceForComposites.java:532)
	at ptolemy.actor.util.CausalityInterfaceForComposites.checkForCycles(CausalityInterfaceForComposites.java:96)
	at ptolemy.domains.de.kernel.DEDirector.preinitialize(DEDirector.java:1338)
	at ptolemy.actor.CompositeActor.preinitialize(CompositeActor.java:1828)
	at ptolemy.actor.Manager.preinitializeAndResolveTypes(Manager.java:1040)
	at ptolemy.actor.Manager.initialize(Manager.java:710)
	at ptolemy.actor.Manager.execute(Manager.java:356)
	at ptolemy.actor.Manager.run(Manager.java:1263)
	at ptolemy.actor.Manager$PtolemyRunThread.run(Manager.java:1915)

    while executing
ptolemy.kernel.util.IllegalActionException: Found a zero delay loop containing .dependencyLoop2.original
  in .dependencyLoop2 and .dependencyLoop2.original
    while executing
"java::new ptolemy.moml.MoMLSimpleApplication $file
"
    (procedure "createAndExecute" line 2)
    invoked from within
"createAndExecute $file"
    ("uplevel" body line 5)
    invoked from within
"uplevel $contents_of_test"
------------------ testing $PTII/ptolemy/domains/de/test/auto/knownFailedTests/HierarchicalModel.xml (Known Failure) 
11 ms. Memory: 146944K Free: 90710K (62%)


==== $PTIIhome/travis/build/icyphy/ptII/ptolemy/domains/de/test/../../../../: Auto Automatic test in file $PTII/ptolemy/domains/de/test/auto/knownFailedTests/HierarchicalModel.xml
==== Contents of test case:

	    # FIXME: we should use $relativeFilename here, but it
	    # might have backslashes under Windows, which causes no end
	    # of trouble.
	    createAndExecute $file
	    list {}
	
.... Test generated KNOWN error:
    while executing
ptolemy.kernel.util.IllegalActionException: Found a zero delay loop containing .HierarchicalModel.A
  in .HierarchicalModel and .HierarchicalModel.A
	at ptolemy.actor.util.CausalityInterfaceForComposites._computeOutputPortDepth(CausalityInterfaceForComposites.java:759)
	at ptolemy.actor.util.CausalityInterfaceForComposites._computeInputDepth(CausalityInterfaceForComposites.java:696)
	at ptolemy.actor.util.CausalityInterfaceForComposites._computeOutputPortDepth(CausalityInterfaceForComposites.java:765)
	at ptolemy.actor.util.CausalityInterfaceForComposites._computeInputDepth(CausalityInterfaceForComposites.java:696)
	at ptolemy.actor.util.CausalityInterfaceForComposites._computeOutputPortDepth(CausalityInterfaceForComposites.java:765)
	at ptolemy.actor.util.CausalityInterfaceForComposites._computeInputDepth(CausalityInterfaceForComposites.java:696)
	at ptolemy.actor.util.CausalityInterfaceForComposites._computeActorDepth(CausalityInterfaceForComposites.java:532)
	at ptolemy.actor.util.CausalityInterfaceForComposites.checkForCycles(CausalityInterfaceForComposites.java:96)
	at ptolemy.domains.de.kernel.DEDirector.preinitialize(DEDirector.java:1338)
	at ptolemy.actor.CompositeActor.preinitialize(CompositeActor.java:1828)
	at ptolemy.actor.Manager.preinitializeAndResolveTypes(Manager.java:1040)
	at ptolemy.actor.Manager.initialize(Manager.java:710)
	at ptolemy.actor.Manager.execute(Manager.java:356)
	at ptolemy.actor.Manager.run(Manager.java:1263)
	at ptolemy.actor.Manager$PtolemyRunThread.run(Manager.java:1915)

    while executing
ptolemy.kernel.util.IllegalActionException: Found a zero delay loop containing .HierarchicalModel.A
  in .HierarchicalModel and .HierarchicalModel.A
    while executing
"java::new ptolemy.moml.MoMLSimpleApplication $file
"
    (procedure "createAndExecute" line 2)
    invoked from within
"createAndExecute $file"
    ("uplevel" body line 5)
    invoked from within
"uplevel $contents_of_test"
------------------ testing $PTII/ptolemy/domains/de/test/auto/knownFailedTests/DirectFeedback.xml (Known Failure) 
7 ms. Memory: 146944K Free: 86559K (59%)


==== $PTIIhome/travis/build/icyphy/ptII/ptolemy/domains/de/test/../../../../: Auto Automatic test in file $PTII/ptolemy/domains/de/test/auto/knownFailedTests/DirectFeedback.xml
==== Contents of test case:

	    # FIXME: we should use $relativeFilename here, but it
	    # might have backslashes under Windows, which causes no end
	    # of trouble.
	    createAndExecute $file
	    list {}
	
.... Test generated KNOWN error:
    while executing
ptolemy.kernel.util.IllegalActionException: Test fails in iteration 1.
Value was: 1.0. Should have been: 2.0
  in .DirectFeedback.Test
	at ptolemy.actor.lib.Test.fire(Test.java:268)
	at ptolemy.domains.de.kernel.DEDirector._fire(DEDirector.java:1949)
	at ptolemy.domains.de.kernel.DEDirector.fire(DEDirector.java:502)
	at ptolemy.actor.CompositeActor.fire(CompositeActor.java:455)
	at ptolemy.actor.Manager.iterate(Manager.java:851)
	at ptolemy.actor.Manager.execute(Manager.java:369)
	at ptolemy.actor.Manager.run(Manager.java:1263)
	at ptolemy.actor.Manager$PtolemyRunThread.run(Manager.java:1915)

    while executing
ptolemy.kernel.util.IllegalActionException: Test fails in iteration 1.
Value was: 1.0. Should have been: 2.0
  in .DirectFeedback.Test
    while executing
"java::new ptolemy.moml.MoMLSimpleApplication $file
"
    (procedure "createAndExecute" line 2)
    invoked from within
"createAndExecute $file"
    ("uplevel" body line 5)
    invoked from within
"uplevel $contents_of_test"
------------------ testing $PTII/ptolemy/domains/de/test/auto/ActorDepthCalculation_actorWithoutPorts.xml
auto.tcl: Setting watchdog for 200 seconds at Wed Feb 27 22:08:44 UTC 2019
7 ms. Memory: 146944K Free: 139914K (95%)
ptolemy.util.test.WatchDog.cancel(): canceling Wed Feb 27 22:08:44 UTC 2019
auto.tcl: Setting watchdog for 200 seconds at Wed Feb 27 22:08:44 UTC 2019
3 ms. Memory: 146944K Free: 138625K (94%)
ptolemy.util.test.WatchDog.cancel(): canceling Wed Feb 27 22:08:44 UTC 2019
------------------ testing $PTII/ptolemy/domains/de/test/auto/AssemblyLine.xml
auto.tcl: Setting watchdog for 200 seconds at Wed Feb 27 22:08:45 UTC 2019
23 ms. Memory: 208384K Free: 183335K (88%)
ptolemy.util.test.WatchDog.cancel(): canceling Wed Feb 27 22:08:45 UTC 2019
auto.tcl: Setting watchdog for 200 seconds at Wed Feb 27 22:08:45 UTC 2019
6 ms. Memory: 208384K Free: 183335K (88%)
ptolemy.util.test.WatchDog.cancel(): canceling Wed Feb 27 22:08:45 UTC 2019
------------------ testing $PTII/ptolemy/domains/de/test/auto/CQBug1.xml
auto.tcl: Setting watchdog for 200 seconds at Wed Feb 27 22:08:45 UTC 2019
4 ms. Memory: 208384K Free: 197879K (95%)
ptolemy.util.test.WatchDog.cancel(): canceling Wed Feb 27 22:08:45 UTC 2019
auto.tcl: Setting watchdog for 200 seconds at Wed Feb 27 22:08:45 UTC 2019
2 ms. Memory: 208384K Free: 197879K (95%)
ptolemy.util.test.WatchDog.cancel(): canceling Wed Feb 27 22:08:45 UTC 2019
------------------ testing $PTII/ptolemy/domains/de/test/auto/CancelFireAt.xml
auto.tcl: Setting watchdog for 200 seconds at Wed Feb 27 22:08:45 UTC 2019
4 ms. Memory: 208384K Free: 201557K (97%)
ptolemy.util.test.WatchDog.cancel(): canceling Wed Feb 27 22:08:45 UTC 2019
auto.tcl: Setting watchdog for 200 seconds at Wed Feb 27 22:08:45 UTC 2019
4 ms. Memory: 208384K Free: 199500K (96%)
ptolemy.util.test.WatchDog.cancel(): canceling Wed Feb 27 22:08:45 UTC 2019
------------------ testing $PTII/ptolemy/domains/de/test/auto/CausalityAndComposabilityAnalysis.xml
auto.tcl: Setting watchdog for 200 seconds at Wed Feb 27 22:08:45 UTC 2019
21 ms. Memory: 208384K Free: 198578K (95%)
ptolemy.util.test.WatchDog.cancel(): canceling Wed Feb 27 22:08:45 UTC 2019
auto.tcl: Setting watchdog for 200 seconds at Wed Feb 27 22:08:45 UTC 2019
5 ms. Memory: 208384K Free: 196521K (94%)
ptolemy.util.test.WatchDog.cancel(): canceling Wed Feb 27 22:08:45 UTC 2019
------------------ testing $PTII/ptolemy/domains/de/test/auto/CausalityInterface1.xml
auto.tcl: Setting watchdog for 200 seconds at Wed Feb 27 22:08:45 UTC 2019
9 ms. Memory: 208384K Free: 198515K (95%)
ptolemy.util.test.WatchDog.cancel(): canceling Wed Feb 27 22:08:45 UTC 2019
auto.tcl: Setting watchdog for 200 seconds at Wed Feb 27 22:08:45 UTC 2019
4 ms. Memory: 208384K Free: 196458K (94%)
ptolemy.util.test.WatchDog.cancel(): canceling Wed Feb 27 22:08:45 UTC 2019
------------------ testing $PTII/ptolemy/domains/de/test/auto/CausalityInterface15.xml
auto.tcl: Setting watchdog for 200 seconds at Wed Feb 27 22:08:45 UTC 2019
11 ms. Memory: 208384K Free: 196449K (94%)
ptolemy.util.test.WatchDog.cancel(): canceling Wed Feb 27 22:08:45 UTC 2019
auto.tcl: Setting watchdog for 200 seconds at Wed Feb 27 22:08:45 UTC 2019
8 ms. Memory: 208384K Free: 196449K (94%)
ptolemy.util.test.WatchDog.cancel(): canceling Wed Feb 27 22:08:45 UTC 2019
------------------ testing $PTII/ptolemy/domains/de/test/auto/CausalityInterface2.xml
auto.tcl: Setting watchdog for 200 seconds at Wed Feb 27 22:08:45 UTC 2019
4 ms. Memory: 208384K Free: 196331K (94%)
ptolemy.util.test.WatchDog.cancel(): canceling Wed Feb 27 22:08:45 UTC 2019
auto.tcl: Setting watchdog for 200 seconds at Wed Feb 27 22:08:45 UTC 2019
3 ms. Memory: 208384K Free: 196331K (94%)
ptolemy.util.test.WatchDog.cancel(): canceling Wed Feb 27 22:08:46 UTC 2019
------------------ testing $PTII/ptolemy/domains/de/test/auto/CausalityInterface3.xml
auto.tcl: Setting watchdog for 200 seconds at Wed Feb 27 22:08:46 UTC 2019
6 ms. Memory: 208384K Free: 196342K (94%)
ptolemy.util.test.WatchDog.cancel(): canceling Wed Feb 27 22:08:46 UTC 2019
auto.tcl: Setting watchdog for 200 seconds at Wed Feb 27 22:08:46 UTC 2019
8 ms. Memory: 208384K Free: 196342K (94%)
ptolemy.util.test.WatchDog.cancel(): canceling Wed Feb 27 22:08:46 UTC 2019
------------------ testing $PTII/ptolemy/domains/de/test/auto/ClockDrift.xml
auto.tcl: Setting watchdog for 200 seconds at Wed Feb 27 22:08:46 UTC 2019
106 ms. Memory: 208384K Free: 187703K (90%)
ptolemy.util.test.WatchDog.cancel(): canceling Wed Feb 27 22:08:46 UTC 2019
auto.tcl: Setting watchdog for 200 seconds at Wed Feb 27 22:08:46 UTC 2019
60 ms. Memory: 208384K Free: 185646K (89%)
ptolemy.util.test.WatchDog.cancel(): canceling Wed Feb 27 22:08:46 UTC 2019
------------------ testing $PTII/ptolemy/domains/de/test/auto/ClockDriftAndValueChange.xml
auto.tcl: Setting watchdog for 200 seconds at Wed Feb 27 22:08:46 UTC 2019
47 ms. Memory: 208384K Free: 189594K (91%)
ptolemy.util.test.WatchDog.cancel(): canceling Wed Feb 27 22:08:46 UTC 2019
auto.tcl: Setting watchdog for 200 seconds at Wed Feb 27 22:08:46 UTC 2019
22 ms. Memory: 208384K Free: 185479K (89%)
ptolemy.util.test.WatchDog.cancel(): canceling Wed Feb 27 22:08:46 UTC 2019
------------------ testing $PTII/ptolemy/domains/de/test/auto/ClockDriftChange.xml
auto.tcl: Setting watchdog for 200 seconds at Wed Feb 27 22:08:46 UTC 2019
19 ms. Memory: 208384K Free: 190817K (92%)
ptolemy.util.test.WatchDog.cancel(): canceling Wed Feb 27 22:08:46 UTC 2019
auto.tcl: Setting watchdog for 200 seconds at Wed Feb 27 22:08:46 UTC 2019
22 ms. Memory: 208384K Free: 188760K (91%)
ptolemy.util.test.WatchDog.cancel(): canceling Wed Feb 27 22:08:46 UTC 2019
------------------ testing $PTII/ptolemy/domains/de/test/auto/ComposableCausalityAnalysis.xml
auto.tcl: Setting watchdog for 200 seconds at Wed Feb 27 22:08:46 UTC 2019
2 ms. Memory: 208384K Free: 196191K (94%)
ptolemy.util.test.WatchDog.cancel(): canceling Wed Feb 27 22:08:46 UTC 2019
auto.tcl: Setting watchdog for 200 seconds at Wed Feb 27 22:08:46 UTC 2019
2 ms. Memory: 208384K Free: 196191K (94%)
ptolemy.util.test.WatchDog.cancel(): canceling Wed Feb 27 22:08:46 UTC 2019
------------------ testing $PTII/ptolemy/domains/de/test/auto/DEFixedPointLimitation.xml
auto.tcl: Setting watchdog for 200 seconds at Wed Feb 27 22:08:46 UTC 2019
2 ms. Memory: 208384K Free: 198329K (95%)
ptolemy.util.test.WatchDog.cancel(): canceling Wed Feb 27 22:08:46 UTC 2019
auto.tcl: Setting watchdog for 200 seconds at Wed Feb 27 22:08:46 UTC 2019
1 ms. Memory: 208384K Free: 196272K (94%)
ptolemy.util.test.WatchDog.cancel(): canceling Wed Feb 27 22:08:46 UTC 2019
------------------ testing $PTII/ptolemy/domains/de/test/auto/DEScheduleTest.xml
auto.tcl: Setting watchdog for 200 seconds at Wed Feb 27 22:08:46 UTC 2019
6 ms. Memory: 208384K Free: 198884K (95%)
ptolemy.util.test.WatchDog.cancel(): canceling Wed Feb 27 22:08:46 UTC 2019
auto.tcl: Setting watchdog for 200 seconds at Wed Feb 27 22:08:46 UTC 2019
5 ms. Memory: 208384K Free: 196308K (94%)
ptolemy.util.test.WatchDog.cancel(): canceling Wed Feb 27 22:08:46 UTC 2019
------------------ testing $PTII/ptolemy/domains/de/test/auto/DEinDEwithStartTimes.xml
auto.tcl: Setting watchdog for 200 seconds at Wed Feb 27 22:08:46 UTC 2019
4 ms. Memory: 208384K Free: 196278K (94%)
ptolemy.util.test.WatchDog.cancel(): canceling Wed Feb 27 22:08:47 UTC 2019
auto.tcl: Setting watchdog for 200 seconds at Wed Feb 27 22:08:47 UTC 2019
3 ms. Memory: 208384K Free: 196278K (94%)
ptolemy.util.test.WatchDog.cancel(): canceling Wed Feb 27 22:08:47 UTC 2019
------------------ testing $PTII/ptolemy/domains/de/test/auto/DEinDEwithStartTimes2.xml
auto.tcl: Setting watchdog for 200 seconds at Wed Feb 27 22:08:47 UTC 2019
12 ms. Memory: 208384K Free: 196257K (94%)
ptolemy.util.test.WatchDog.cancel(): canceling Wed Feb 27 22:08:47 UTC 2019
auto.tcl: Setting watchdog for 200 seconds at Wed Feb 27 22:08:47 UTC 2019
3 ms. Memory: 208384K Free: 194200K (93%)
ptolemy.util.test.WatchDog.cancel(): canceling Wed Feb 27 22:08:47 UTC 2019
------------------ testing $PTII/ptolemy/domains/de/test/auto/DateDemo.xml
auto.tcl: Setting watchdog for 200 seconds at Wed Feb 27 22:08:47 UTC 2019
14 ms. Memory: 208384K Free: 188815K (91%)
ptolemy.util.test.WatchDog.cancel(): canceling Wed Feb 27 22:08:47 UTC 2019
auto.tcl: Setting watchdog for 200 seconds at Wed Feb 27 22:08:47 UTC 2019
5 ms. Memory: 208384K Free: 186757K (90%)
ptolemy.util.test.WatchDog.cancel(): canceling Wed Feb 27 22:08:47 UTC 2019
------------------ testing $PTII/ptolemy/domains/de/test/auto/DateToEvent.xml
auto.tcl: Setting watchdog for 200 seconds at Wed Feb 27 22:08:47 UTC 2019
2013 ms. Memory: 208384K Free: 183649K (88%)
ptolemy.util.test.WatchDog.cancel(): canceling Wed Feb 27 22:08:49 UTC 2019
auto.tcl: Setting watchdog for 200 seconds at Wed Feb 27 22:08:49 UTC 2019
2005 ms. Memory: 208384K Free: 183649K (88%)
ptolemy.util.test.WatchDog.cancel(): canceling Wed Feb 27 22:08:51 UTC 2019
------------------ testing $PTII/ptolemy/domains/de/test/auto/DepthTest1.xml
auto.tcl: Setting watchdog for 200 seconds at Wed Feb 27 22:08:51 UTC 2019
6 ms. Memory: 208384K Free: 198411K (95%)
ptolemy.util.test.WatchDog.cancel(): canceling Wed Feb 27 22:08:51 UTC 2019
auto.tcl: Setting watchdog for 200 seconds at Wed Feb 27 22:08:51 UTC 2019
2 ms. Memory: 208384K Free: 198411K (95%)
ptolemy.util.test.WatchDog.cancel(): canceling Wed Feb 27 22:08:51 UTC 2019
------------------ testing $PTII/ptolemy/domains/de/test/auto/DepthTest2.xml
auto.tcl: Setting watchdog for 200 seconds at Wed Feb 27 22:08:51 UTC 2019
10 ms. Memory: 208384K Free: 194211K (93%)
ptolemy.util.test.WatchDog.cancel(): canceling Wed Feb 27 22:08:51 UTC 2019
auto.tcl: Setting watchdog for 200 seconds at Wed Feb 27 22:08:51 UTC 2019
3 ms. Memory: 208384K Free: 194211K (93%)
ptolemy.util.test.WatchDog.cancel(): canceling Wed Feb 27 22:08:51 UTC 2019
------------------ testing $PTII/ptolemy/domains/de/test/auto/DepthTest3.xml
auto.tcl: Setting watchdog for 200 seconds at Wed Feb 27 22:08:51 UTC 2019
8 ms. Memory: 208384K Free: 198747K (95%)
ptolemy.util.test.WatchDog.cancel(): canceling Wed Feb 27 22:08:51 UTC 2019
auto.tcl: Setting watchdog for 200 seconds at Wed Feb 27 22:08:51 UTC 2019
1 ms. Memory: 208384K Free: 198747K (95%)
ptolemy.util.test.WatchDog.cancel(): canceling Wed Feb 27 22:08:51 UTC 2019
------------------ testing $PTII/ptolemy/domains/de/test/auto/DepthTest4.xml
auto.tcl: Setting watchdog for 200 seconds at Wed Feb 27 22:08:51 UTC 2019
5 ms. Memory: 208384K Free: 196258K (94%)
ptolemy.util.test.WatchDog.cancel(): canceling Wed Feb 27 22:08:51 UTC 2019
auto.tcl: Setting watchdog for 200 seconds at Wed Feb 27 22:08:51 UTC 2019
3 ms. Memory: 208384K Free: 196258K (94%)
ptolemy.util.test.WatchDog.cancel(): canceling Wed Feb 27 22:08:51 UTC 2019
------------------ testing $PTII/ptolemy/domains/de/test/auto/DepthTest5.xml
auto.tcl: Setting watchdog for 200 seconds at Wed Feb 27 22:08:51 UTC 2019
3 ms. Memory: 208384K Free: 196724K (94%)
ptolemy.util.test.WatchDog.cancel(): canceling Wed Feb 27 22:08:51 UTC 2019
auto.tcl: Setting watchdog for 200 seconds at Wed Feb 27 22:08:51 UTC 2019
3 ms. Memory: 208384K Free: 196724K (94%)
ptolemy.util.test.WatchDog.cancel(): canceling Wed Feb 27 22:08:51 UTC 2019
------------------ testing $PTII/ptolemy/domains/de/test/auto/DepthTest6.xml
auto.tcl: Setting watchdog for 200 seconds at Wed Feb 27 22:08:51 UTC 2019
9 ms. Memory: 208384K Free: 196699K (94%)
ptolemy.util.test.WatchDog.cancel(): canceling Wed Feb 27 22:08:51 UTC 2019
auto.tcl: Setting watchdog for 200 seconds at Wed Feb 27 22:08:51 UTC 2019
2 ms. Memory: 208384K Free: 196699K (94%)
ptolemy.util.test.WatchDog.cancel(): canceling Wed Feb 27 22:08:51 UTC 2019
------------------ testing $PTII/ptolemy/domains/de/test/auto/DepthTest7.xml
auto.tcl: Setting watchdog for 200 seconds at Wed Feb 27 22:08:51 UTC 2019
2 ms. Memory: 208384K Free: 196162K (94%)
ptolemy.util.test.WatchDog.cancel(): canceling Wed Feb 27 22:08:51 UTC 2019
auto.tcl: Setting watchdog for 200 seconds at Wed Feb 27 22:08:51 UTC 2019
2 ms. Memory: 208384K Free: 196162K (94%)
ptolemy.util.test.WatchDog.cancel(): canceling Wed Feb 27 22:08:51 UTC 2019
------------------ testing $PTII/ptolemy/domains/de/test/auto/EventToDate.xml
auto.tcl: Setting watchdog for 200 seconds at Wed Feb 27 22:08:52 UTC 2019
3007 ms. Memory: 208384K Free: 187947K (90%)
ptolemy.util.test.WatchDog.cancel(): canceling Wed Feb 27 22:08:55 UTC 2019
auto.tcl: Setting watchdog for 200 seconds at Wed Feb 27 22:08:55 UTC 2019
3005 ms. Memory: 208384K Free: 185890K (89%)
ptolemy.util.test.WatchDog.cancel(): canceling Wed Feb 27 22:08:58 UTC 2019
------------------ testing $PTII/ptolemy/domains/de/test/auto/FSM1.xml
auto.tcl: Setting watchdog for 200 seconds at Wed Feb 27 22:08:58 UTC 2019
20 ms. Memory: 208384K Free: 189300K (91%)
ptolemy.util.test.WatchDog.cancel(): canceling Wed Feb 27 22:08:58 UTC 2019
auto.tcl: Setting watchdog for 200 seconds at Wed Feb 27 22:08:58 UTC 2019
17 ms. Memory: 208384K Free: 185186K (89%)
ptolemy.util.test.WatchDog.cancel(): canceling Wed Feb 27 22:08:58 UTC 2019
------------------ testing $PTII/ptolemy/domains/de/test/auto/FSM7.xml
auto.tcl: Setting watchdog for 200 seconds at Wed Feb 27 22:08:58 UTC 2019
22 ms. Memory: 208384K Free: 189503K (91%)
ptolemy.util.test.WatchDog.cancel(): canceling Wed Feb 27 22:08:58 UTC 2019
auto.tcl: Setting watchdog for 200 seconds at Wed Feb 27 22:08:58 UTC 2019
16 ms. Memory: 208384K Free: 185389K (89%)
ptolemy.util.test.WatchDog.cancel(): canceling Wed Feb 27 22:08:58 UTC 2019
------------------ testing $PTII/ptolemy/domains/de/test/auto/Inspection.xml
auto.tcl: Setting watchdog for 200 seconds at Wed Feb 27 22:08:58 UTC 2019
34 ms. Memory: 208384K Free: 189163K (91%)
ptolemy.util.test.WatchDog.cancel(): canceling Wed Feb 27 22:08:58 UTC 2019
auto.tcl: Setting watchdog for 200 seconds at Wed Feb 27 22:08:58 UTC 2019
27 ms. Memory: 208384K Free: 187106K (90%)
ptolemy.util.test.WatchDog.cancel(): canceling Wed Feb 27 22:08:58 UTC 2019
------------------ testing $PTII/ptolemy/domains/de/test/auto/Iteration.xml
auto.tcl: Setting watchdog for 200 seconds at Wed Feb 27 22:08:58 UTC 2019
10 ms. Memory: 208384K Free: 195969K (94%)
ptolemy.util.test.WatchDog.cancel(): canceling Wed Feb 27 22:08:58 UTC 2019
auto.tcl: Setting watchdog for 200 seconds at Wed Feb 27 22:08:58 UTC 2019
6 ms. Memory: 208384K Free: 193912K (93%)
ptolemy.util.test.WatchDog.cancel(): canceling Wed Feb 27 22:08:58 UTC 2019
------------------ testing $PTII/ptolemy/domains/de/test/auto/LineFault.xml
auto.tcl: Setting watchdog for 200 seconds at Wed Feb 27 22:08:58 UTC 2019
660 ms. Memory: 208384K Free: 199768K (96%)
ptolemy.util.test.WatchDog.cancel(): canceling Wed Feb 27 22:08:59 UTC 2019
auto.tcl: Setting watchdog for 200 seconds at Wed Feb 27 22:08:59 UTC 2019
617 ms. Memory: 208384K Free: 143707K (69%)
ptolemy.util.test.WatchDog.cancel(): canceling Wed Feb 27 22:09:00 UTC 2019
------------------ testing $PTII/ptolemy/domains/de/test/auto/MergeModel1Add.xml
auto.tcl: Setting watchdog for 200 seconds at Wed Feb 27 22:09:00 UTC 2019
29 ms. Memory: 331264K Free: 300486K (91%)
ptolemy.util.test.WatchDog.cancel(): canceling Wed Feb 27 22:09:00 UTC 2019
auto.tcl: Setting watchdog for 200 seconds at Wed Feb 27 22:09:00 UTC 2019
7 ms. Memory: 331264K Free: 300486K (91%)
ptolemy.util.test.WatchDog.cancel(): canceling Wed Feb 27 22:09:00 UTC 2019
------------------ testing $PTII/ptolemy/domains/de/test/auto/MergeModel2Add.xml
auto.tcl: Setting watchdog for 200 seconds at Wed Feb 27 22:09:00 UTC 2019
16 ms. Memory: 331264K Free: 305467K (92%)
ptolemy.util.test.WatchDog.cancel(): canceling Wed Feb 27 22:09:00 UTC 2019
auto.tcl: Setting watchdog for 200 seconds at Wed Feb 27 22:09:00 UTC 2019
11 ms. Memory: 331264K Free: 301872K (91%)
ptolemy.util.test.WatchDog.cancel(): canceling Wed Feb 27 22:09:00 UTC 2019
------------------ testing $PTII/ptolemy/domains/de/test/auto/MergeModel3Add.xml
auto.tcl: Setting watchdog for 200 seconds at Wed Feb 27 22:09:00 UTC 2019
10 ms. Memory: 331264K Free: 305501K (92%)
ptolemy.util.test.WatchDog.cancel(): canceling Wed Feb 27 22:09:00 UTC 2019
auto.tcl: Setting watchdog for 200 seconds at Wed Feb 27 22:09:00 UTC 2019
10 ms. Memory: 331264K Free: 301898K (91%)
ptolemy.util.test.WatchDog.cancel(): canceling Wed Feb 27 22:09:00 UTC 2019
------------------ testing $PTII/ptolemy/domains/de/test/auto/MergeWithoutDiscard.xml
auto.tcl: Setting watchdog for 200 seconds at Wed Feb 27 22:09:00 UTC 2019
6 ms. Memory: 331264K Free: 316943K (96%)
ptolemy.util.test.WatchDog.cancel(): canceling Wed Feb 27 22:09:00 UTC 2019
auto.tcl: Setting watchdog for 200 seconds at Wed Feb 27 22:09:00 UTC 2019
1 ms. Memory: 331264K Free: 316943K (96%)
ptolemy.util.test.WatchDog.cancel(): canceling Wed Feb 27 22:09:00 UTC 2019
------------------ testing $PTII/ptolemy/domains/de/test/auto/Modal1.xml
auto.tcl: Setting watchdog for 200 seconds at Wed Feb 27 22:09:00 UTC 2019
15 ms. Memory: 331264K Free: 310505K (94%)
ptolemy.util.test.WatchDog.cancel(): canceling Wed Feb 27 22:09:00 UTC 2019
auto.tcl: Setting watchdog for 200 seconds at Wed Feb 27 22:09:00 UTC 2019
12 ms. Memory: 331264K Free: 306902K (93%)
ptolemy.util.test.WatchDog.cancel(): canceling Wed Feb 27 22:09:00 UTC 2019
------------------ testing $PTII/ptolemy/domains/de/test/auto/Modal2.xml
auto.tcl: Setting watchdog for 200 seconds at Wed Feb 27 22:09:00 UTC 2019
16 ms. Memory: 331264K Free: 310387K (94%)
ptolemy.util.test.WatchDog.cancel(): canceling Wed Feb 27 22:09:00 UTC 2019
auto.tcl: Setting watchdog for 200 seconds at Wed Feb 27 22:09:00 UTC 2019
17 ms. Memory: 331264K Free: 306792K (93%)
ptolemy.util.test.WatchDog.cancel(): canceling Wed Feb 27 22:09:00 UTC 2019
------------------ testing $PTII/ptolemy/domains/de/test/auto/Modal3.xml
auto.tcl: Setting watchdog for 200 seconds at Wed Feb 27 22:09:01 UTC 2019
10 ms. Memory: 331264K Free: 310367K (94%)
ptolemy.util.test.WatchDog.cancel(): canceling Wed Feb 27 22:09:01 UTC 2019
auto.tcl: Setting watchdog for 200 seconds at Wed Feb 27 22:09:01 UTC 2019
11 ms. Memory: 331264K Free: 306772K (93%)
ptolemy.util.test.WatchDog.cancel(): canceling Wed Feb 27 22:09:01 UTC 2019
------------------ testing $PTII/ptolemy/domains/de/test/auto/Modal4.xml
auto.tcl: Setting watchdog for 200 seconds at Wed Feb 27 22:09:01 UTC 2019
29 ms. Memory: 331264K Free: 305490K (92%)
ptolemy.util.test.WatchDog.cancel(): canceling Wed Feb 27 22:09:01 UTC 2019
auto.tcl: Setting watchdog for 200 seconds at Wed Feb 27 22:09:01 UTC 2019
18 ms. Memory: 331264K Free: 301895K (91%)
ptolemy.util.test.WatchDog.cancel(): canceling Wed Feb 27 22:09:01 UTC 2019
------------------ testing $PTII/ptolemy/domains/de/test/auto/Modal5.xml
auto.tcl: Setting watchdog for 200 seconds at Wed Feb 27 22:09:01 UTC 2019
13 ms. Memory: 331264K Free: 310377K (94%)
ptolemy.util.test.WatchDog.cancel(): canceling Wed Feb 27 22:09:01 UTC 2019
auto.tcl: Setting watchdog for 200 seconds at Wed Feb 27 22:09:01 UTC 2019
15 ms. Memory: 331264K Free: 306774K (93%)
ptolemy.util.test.WatchDog.cancel(): canceling Wed Feb 27 22:09:01 UTC 2019
------------------ testing $PTII/ptolemy/domains/de/test/auto/Modal6.xml
auto.tcl: Setting watchdog for 200 seconds at Wed Feb 27 22:09:01 UTC 2019
11 ms. Memory: 331264K Free: 310382K (94%)
ptolemy.util.test.WatchDog.cancel(): canceling Wed Feb 27 22:09:01 UTC 2019
auto.tcl: Setting watchdog for 200 seconds at Wed Feb 27 22:09:01 UTC 2019
12 ms. Memory: 331264K Free: 306771K (93%)
ptolemy.util.test.WatchDog.cancel(): canceling Wed Feb 27 22:09:01 UTC 2019
------------------ testing $PTII/ptolemy/domains/de/test/auto/Modal7.xml
auto.tcl: Setting watchdog for 200 seconds at Wed Feb 27 22:09:01 UTC 2019
18 ms. Memory: 331264K Free: 306788K (93%)
ptolemy.util.test.WatchDog.cancel(): canceling Wed Feb 27 22:09:01 UTC 2019
auto.tcl: Setting watchdog for 200 seconds at Wed Feb 27 22:09:01 UTC 2019
10 ms. Memory: 331264K Free: 303177K (92%)
ptolemy.util.test.WatchDog.cancel(): canceling Wed Feb 27 22:09:01 UTC 2019
------------------ testing $PTII/ptolemy/domains/de/test/auto/ModalModel.xml
auto.tcl: Setting watchdog for 200 seconds at Wed Feb 27 22:09:01 UTC 2019
202 ms. Memory: 331264K Free: 250196K (76%)
ptolemy.util.test.WatchDog.cancel(): canceling Wed Feb 27 22:09:01 UTC 2019
auto.tcl: Setting watchdog for 200 seconds at Wed Feb 27 22:09:01 UTC 2019
160 ms. Memory: 331264K Free: 192546K (58%)
ptolemy.util.test.WatchDog.cancel(): canceling Wed Feb 27 22:09:01 UTC 2019
------------------ testing $PTII/ptolemy/domains/de/test/auto/ModalSource.xml
auto.tcl: Setting watchdog for 200 seconds at Wed Feb 27 22:09:02 UTC 2019
6 ms. Memory: 331264K Free: 316667K (96%)
ptolemy.util.test.WatchDog.cancel(): canceling Wed Feb 27 22:09:02 UTC 2019
auto.tcl: Setting watchdog for 200 seconds at Wed Feb 27 22:09:02 UTC 2019
6 ms. Memory: 331264K Free: 313353K (95%)
ptolemy.util.test.WatchDog.cancel(): canceling Wed Feb 27 22:09:02 UTC 2019
------------------ testing $PTII/ptolemy/domains/de/test/auto/NonInterruptibleTimerZeroDelay.xml
auto.tcl: Setting watchdog for 200 seconds at Wed Feb 27 22:09:02 UTC 2019
4 ms. Memory: 331264K Free: 321080K (97%)
ptolemy.util.test.WatchDog.cancel(): canceling Wed Feb 27 22:09:02 UTC 2019
auto.tcl: Setting watchdog for 200 seconds at Wed Feb 27 22:09:02 UTC 2019
2 ms. Memory: 331264K Free: 317758K (96%)
ptolemy.util.test.WatchDog.cancel(): canceling Wed Feb 27 22:09:02 UTC 2019
------------------ testing $PTII/ptolemy/domains/de/test/auto/OpenQueueingNetwork.xml
auto.tcl: Setting watchdog for 200 seconds at Wed Feb 27 22:09:02 UTC 2019
2594 ms. Memory: 573952K Free: 421357K (73%)
ptolemy.util.test.WatchDog.cancel(): canceling Wed Feb 27 22:09:04 UTC 2019
auto.tcl: Setting watchdog for 200 seconds at Wed Feb 27 22:09:04 UTC 2019
2260 ms. Memory: 550912K Free: 323080K (59%)
ptolemy.util.test.WatchDog.cancel(): canceling Wed Feb 27 22:09:07 UTC 2019
------------------ testing $PTII/ptolemy/domains/de/test/auto/OpenQueuingNetwork.xml
auto.tcl: Setting watchdog for 200 seconds at Wed Feb 27 22:09:07 UTC 2019
244 ms. Memory: 549888K Free: 446054K (81%)
ptolemy.util.test.WatchDog.cancel(): canceling Wed Feb 27 22:09:07 UTC 2019
auto.tcl: Setting watchdog for 200 seconds at Wed Feb 27 22:09:07 UTC 2019
238 ms. Memory: 549888K Free: 388032K (71%)
ptolemy.util.test.WatchDog.cancel(): canceling Wed Feb 27 22:09:07 UTC 2019
------------------ testing $PTII/ptolemy/domains/de/test/auto/PeriodicSampler.xml
auto.tcl: Setting watchdog for 200 seconds at Wed Feb 27 22:09:07 UTC 2019
3 ms. Memory: 551936K Free: 536937K (97%)
ptolemy.util.test.WatchDog.cancel(): canceling Wed Feb 27 22:09:07 UTC 2019
auto.tcl: Setting watchdog for 200 seconds at Wed Feb 27 22:09:07 UTC 2019
2 ms. Memory: 551936K Free: 536937K (97%)
ptolemy.util.test.WatchDog.cancel(): canceling Wed Feb 27 22:09:07 UTC 2019
------------------ testing $PTII/ptolemy/domains/de/test/auto/PersistentIO.xml
auto.tcl: Setting watchdog for 200 seconds at Wed Feb 27 22:09:07 UTC 2019
5 ms. Memory: 549376K Free: 525006K (96%)
ptolemy.util.test.WatchDog.cancel(): canceling Wed Feb 27 22:09:07 UTC 2019
auto.tcl: Setting watchdog for 200 seconds at Wed Feb 27 22:09:07 UTC 2019
4 ms. Memory: 549376K Free: 525006K (96%)
ptolemy.util.test.WatchDog.cancel(): canceling Wed Feb 27 22:09:07 UTC 2019
------------------ testing $PTII/ptolemy/domains/de/test/auto/PortParameterResetOnInitialize.xml
auto.tcl: Setting watchdog for 200 seconds at Wed Feb 27 22:09:08 UTC 2019
2 ms. Memory: 551424K Free: 532207K (97%)
ptolemy.util.test.WatchDog.cancel(): canceling Wed Feb 27 22:09:08 UTC 2019
auto.tcl: Setting watchdog for 200 seconds at Wed Feb 27 22:09:08 UTC 2019
2 ms. Memory: 551424K Free: 532207K (97%)
ptolemy.util.test.WatchDog.cancel(): canceling Wed Feb 27 22:09:08 UTC 2019
------------------ testing $PTII/ptolemy/domains/de/test/auto/PortParameterUpdates.xml
auto.tcl: Setting watchdog for 200 seconds at Wed Feb 27 22:09:08 UTC 2019
3 ms. Memory: 549376K Free: 534429K (97%)
ptolemy.util.test.WatchDog.cancel(): canceling Wed Feb 27 22:09:08 UTC 2019
auto.tcl: Setting watchdog for 200 seconds at Wed Feb 27 22:09:08 UTC 2019
3 ms. Memory: 549376K Free: 529138K (96%)
ptolemy.util.test.WatchDog.cancel(): canceling Wed Feb 27 22:09:08 UTC 2019
------------------ testing $PTII/ptolemy/domains/de/test/auto/QueueAndServer.xml
auto.tcl: Setting watchdog for 200 seconds at Wed Feb 27 22:09:08 UTC 2019
18 ms. Memory: 551424K Free: 531166K (96%)
ptolemy.util.test.WatchDog.cancel(): canceling Wed Feb 27 22:09:08 UTC 2019
auto.tcl: Setting watchdog for 200 seconds at Wed Feb 27 22:09:08 UTC 2019
6 ms. Memory: 551424K Free: 531166K (96%)
ptolemy.util.test.WatchDog.cancel(): canceling Wed Feb 27 22:09:08 UTC 2019
------------------ testing $PTII/ptolemy/domains/de/test/auto/Records.xml
auto.tcl: Setting watchdog for 200 seconds at Wed Feb 27 22:09:08 UTC 2019
5 ms. Memory: 549376K Free: 534334K (97%)
ptolemy.util.test.WatchDog.cancel(): canceling Wed Feb 27 22:09:08 UTC 2019
auto.tcl: Setting watchdog for 200 seconds at Wed Feb 27 22:09:08 UTC 2019
2 ms. Memory: 549376K Free: 534334K (97%)
ptolemy.util.test.WatchDog.cancel(): canceling Wed Feb 27 22:09:08 UTC 2019
------------------ testing $PTII/ptolemy/domains/de/test/auto/ResetTransitionWithStartTime1.xml
auto.tcl: Setting watchdog for 200 seconds at Wed Feb 27 22:09:08 UTC 2019
15 ms. Memory: 551424K Free: 531123K (96%)
ptolemy.util.test.WatchDog.cancel(): canceling Wed Feb 27 22:09:08 UTC 2019
auto.tcl: Setting watchdog for 200 seconds at Wed Feb 27 22:09:08 UTC 2019
7 ms. Memory: 551424K Free: 531123K (96%)
ptolemy.util.test.WatchDog.cancel(): canceling Wed Feb 27 22:09:08 UTC 2019
------------------ testing $PTII/ptolemy/domains/de/test/auto/ResetTransitionWithStartTime2.xml
auto.tcl: Setting watchdog for 200 seconds at Wed Feb 27 22:09:08 UTC 2019
5 ms. Memory: 549376K Free: 529602K (96%)
ptolemy.util.test.WatchDog.cancel(): canceling Wed Feb 27 22:09:08 UTC 2019
auto.tcl: Setting watchdog for 200 seconds at Wed Feb 27 22:09:08 UTC 2019
6 ms. Memory: 549376K Free: 529602K (96%)
ptolemy.util.test.WatchDog.cancel(): canceling Wed Feb 27 22:09:08 UTC 2019
------------------ testing $PTII/ptolemy/domains/de/test/auto/ResetTransitionWithStartTime3.xml
auto.tcl: Setting watchdog for 200 seconds at Wed Feb 27 22:09:08 UTC 2019
8 ms. Memory: 550912K Free: 530601K (96%)
ptolemy.util.test.WatchDog.cancel(): canceling Wed Feb 27 22:09:08 UTC 2019
auto.tcl: Setting watchdog for 200 seconds at Wed Feb 27 22:09:08 UTC 2019
6 ms. Memory: 550912K Free: 530601K (96%)
ptolemy.util.test.WatchDog.cancel(): canceling Wed Feb 27 22:09:08 UTC 2019
------------------ testing $PTII/ptolemy/domains/de/test/auto/ResetTransitionWithStartTime4.xml
auto.tcl: Setting watchdog for 200 seconds at Wed Feb 27 22:09:08 UTC 2019
5 ms. Memory: 549376K Free: 529056K (96%)
ptolemy.util.test.WatchDog.cancel(): canceling Wed Feb 27 22:09:08 UTC 2019
auto.tcl: Setting watchdog for 200 seconds at Wed Feb 27 22:09:08 UTC 2019
3 ms. Memory: 549376K Free: 529056K (96%)
ptolemy.util.test.WatchDog.cancel(): canceling Wed Feb 27 22:09:08 UTC 2019
------------------ testing $PTII/ptolemy/domains/de/test/auto/ResettableTimer1.xml
auto.tcl: Setting watchdog for 200 seconds at Wed Feb 27 22:09:08 UTC 2019
4 ms. Memory: 550912K Free: 535878K (97%)
ptolemy.util.test.WatchDog.cancel(): canceling Wed Feb 27 22:09:08 UTC 2019
auto.tcl: Setting watchdog for 200 seconds at Wed Feb 27 22:09:08 UTC 2019
3 ms. Memory: 550912K Free: 535878K (97%)
ptolemy.util.test.WatchDog.cancel(): canceling Wed Feb 27 22:09:08 UTC 2019
------------------ testing $PTII/ptolemy/domains/de/test/auto/ResettableTimer2.xml
auto.tcl: Setting watchdog for 200 seconds at Wed Feb 27 22:09:08 UTC 2019
3 ms. Memory: 549376K Free: 534944K (97%)
ptolemy.util.test.WatchDog.cancel(): canceling Wed Feb 27 22:09:08 UTC 2019
auto.tcl: Setting watchdog for 200 seconds at Wed Feb 27 22:09:08 UTC 2019
4 ms. Memory: 549376K Free: 534944K (97%)
ptolemy.util.test.WatchDog.cancel(): canceling Wed Feb 27 22:09:08 UTC 2019
------------------ testing $PTII/ptolemy/domains/de/test/auto/ResettableTimer3.xml
auto.tcl: Setting watchdog for 200 seconds at Wed Feb 27 22:09:08 UTC 2019
1 ms. Memory: 550912K Free: 535935K (97%)
ptolemy.util.test.WatchDog.cancel(): canceling Wed Feb 27 22:09:08 UTC 2019
auto.tcl: Setting watchdog for 200 seconds at Wed Feb 27 22:09:08 UTC 2019
2 ms. Memory: 550912K Free: 535935K (97%)
ptolemy.util.test.WatchDog.cancel(): canceling Wed Feb 27 22:09:08 UTC 2019
------------------ testing $PTII/ptolemy/domains/de/test/auto/ResettableTimer4.xml
auto.tcl: Setting watchdog for 200 seconds at Wed Feb 27 22:09:08 UTC 2019
1 ms. Memory: 549376K Free: 534956K (97%)
ptolemy.util.test.WatchDog.cancel(): canceling Wed Feb 27 22:09:08 UTC 2019
auto.tcl: Setting watchdog for 200 seconds at Wed Feb 27 22:09:08 UTC 2019
2 ms. Memory: 549376K Free: 534956K (97%)
ptolemy.util.test.WatchDog.cancel(): canceling Wed Feb 27 22:09:08 UTC 2019
------------------ testing $PTII/ptolemy/domains/de/test/auto/ResettableTimer5.xml
auto.tcl: Setting watchdog for 200 seconds at Wed Feb 27 22:09:08 UTC 2019
2 ms. Memory: 550400K Free: 531298K (97%)
ptolemy.util.test.WatchDog.cancel(): canceling Wed Feb 27 22:09:08 UTC 2019
auto.tcl: Setting watchdog for 200 seconds at Wed Feb 27 22:09:08 UTC 2019
1 ms. Memory: 550400K Free: 531298K (97%)
ptolemy.util.test.WatchDog.cancel(): canceling Wed Feb 27 22:09:08 UTC 2019
------------------ testing $PTII/ptolemy/domains/de/test/auto/ResettableTimer6.xml
auto.tcl: Setting watchdog for 200 seconds at Wed Feb 27 22:09:08 UTC 2019
2 ms. Memory: 549376K Free: 529680K (96%)
ptolemy.util.test.WatchDog.cancel(): canceling Wed Feb 27 22:09:08 UTC 2019
auto.tcl: Setting watchdog for 200 seconds at Wed Feb 27 22:09:08 UTC 2019
2 ms. Memory: 549376K Free: 529680K (96%)
ptolemy.util.test.WatchDog.cancel(): canceling Wed Feb 27 22:09:08 UTC 2019
------------------ testing $PTII/ptolemy/domains/de/test/auto/ServerZeroDelay.xml
auto.tcl: Setting watchdog for 200 seconds at Wed Feb 27 22:09:09 UTC 2019
5 ms. Memory: 550400K Free: 535918K (97%)
ptolemy.util.test.WatchDog.cancel(): canceling Wed Feb 27 22:09:09 UTC 2019
auto.tcl: Setting watchdog for 200 seconds at Wed Feb 27 22:09:09 UTC 2019
2 ms. Memory: 550400K Free: 535918K (97%)
ptolemy.util.test.WatchDog.cancel(): canceling Wed Feb 27 22:09:09 UTC 2019
------------------ testing $PTII/ptolemy/domains/de/test/auto/SmartSender.xml
auto.tcl: Setting watchdog for 200 seconds at Wed Feb 27 22:09:09 UTC 2019
3002 ms. Memory: 549376K Free: 530209K (97%)
ptolemy.util.test.WatchDog.cancel(): canceling Wed Feb 27 22:09:12 UTC 2019
auto.tcl: Setting watchdog for 200 seconds at Wed Feb 27 22:09:12 UTC 2019
3002 ms. Memory: 549376K Free: 530209K (97%)
ptolemy.util.test.WatchDog.cancel(): canceling Wed Feb 27 22:09:15 UTC 2019
------------------ testing $PTII/ptolemy/domains/de/test/auto/ThreadedComposite.xml
auto.tcl: Setting watchdog for 200 seconds at Wed Feb 27 22:09:15 UTC 2019
195 ms. Memory: 550400K Free: 510778K (93%)
ptolemy.util.test.WatchDog.cancel(): canceling Wed Feb 27 22:09:15 UTC 2019
auto.tcl: Setting watchdog for 200 seconds at Wed Feb 27 22:09:15 UTC 2019
145 ms. Memory: 550400K Free: 496144K (90%)
ptolemy.util.test.WatchDog.cancel(): canceling Wed Feb 27 22:09:15 UTC 2019
------------------ testing $PTII/ptolemy/domains/de/test/auto/Time.xml
auto.tcl: Setting watchdog for 200 seconds at Wed Feb 27 22:09:15 UTC 2019
544 ms. Memory: 549376K Free: 482595K (88%)
ptolemy.util.test.WatchDog.cancel(): canceling Wed Feb 27 22:09:16 UTC 2019
auto.tcl: Setting watchdog for 200 seconds at Wed Feb 27 22:09:16 UTC 2019
549 ms. Memory: 549376K Free: 424573K (77%)
ptolemy.util.test.WatchDog.cancel(): canceling Wed Feb 27 22:09:16 UTC 2019
------------------ testing $PTII/ptolemy/domains/de/test/auto/TimeDelayZeroDelay.xml
auto.tcl: Setting watchdog for 200 seconds at Wed Feb 27 22:09:16 UTC 2019
2 ms. Memory: 550400K Free: 535293K (97%)
ptolemy.util.test.WatchDog.cancel(): canceling Wed Feb 27 22:09:16 UTC 2019
auto.tcl: Setting watchdog for 200 seconds at Wed Feb 27 22:09:16 UTC 2019
2 ms. Memory: 550400K Free: 535293K (97%)
ptolemy.util.test.WatchDog.cancel(): canceling Wed Feb 27 22:09:16 UTC 2019
------------------ testing $PTII/ptolemy/domains/de/test/auto/TimerZeroDelay.xml
auto.tcl: Setting watchdog for 200 seconds at Wed Feb 27 22:09:16 UTC 2019
3 ms. Memory: 549376K Free: 534857K (97%)
ptolemy.util.test.WatchDog.cancel(): canceling Wed Feb 27 22:09:16 UTC 2019
auto.tcl: Setting watchdog for 200 seconds at Wed Feb 27 22:09:16 UTC 2019
2 ms. Memory: 549376K Free: 534857K (97%)
ptolemy.util.test.WatchDog.cancel(): canceling Wed Feb 27 22:09:16 UTC 2019
------------------ testing $PTII/ptolemy/domains/de/test/auto/TimingParadox.xml
auto.tcl: Setting watchdog for 200 seconds at Wed Feb 27 22:09:16 UTC 2019
418 ms. Memory: 549888K Free: 465707K (85%)
ptolemy.util.test.WatchDog.cancel(): canceling Wed Feb 27 22:09:17 UTC 2019
auto.tcl: Setting watchdog for 200 seconds at Wed Feb 27 22:09:17 UTC 2019
396 ms. Memory: 549888K Free: 428784K (78%)
ptolemy.util.test.WatchDog.cancel(): canceling Wed Feb 27 22:09:17 UTC 2019
------------------ testing $PTII/ptolemy/domains/de/test/auto/TransferInputs.xml
auto.tcl: Setting watchdog for 200 seconds at Wed Feb 27 22:09:17 UTC 2019
2 ms. Memory: 549888K Free: 534330K (97%)
ptolemy.util.test.WatchDog.cancel(): canceling Wed Feb 27 22:09:17 UTC 2019
auto.tcl: Setting watchdog for 200 seconds at Wed Feb 27 22:09:17 UTC 2019
1 ms. Memory: 549888K Free: 534330K (97%)
ptolemy.util.test.WatchDog.cancel(): canceling Wed Feb 27 22:09:17 UTC 2019
------------------ testing $PTII/ptolemy/domains/de/test/auto/TransferOutputs2.xml
auto.tcl: Setting watchdog for 200 seconds at Wed Feb 27 22:09:17 UTC 2019
6 ms. Memory: 549376K Free: 524949K (96%)
ptolemy.util.test.WatchDog.cancel(): canceling Wed Feb 27 22:09:18 UTC 2019
auto.tcl: Setting watchdog for 200 seconds at Wed Feb 27 22:09:18 UTC 2019
3 ms. Memory: 549376K Free: 524949K (96%)
ptolemy.util.test.WatchDog.cancel(): canceling Wed Feb 27 22:09:18 UTC 2019
------------------ testing $PTII/ptolemy/domains/de/test/auto/Trilateration.xml
auto.tcl: Setting watchdog for 200 seconds at Wed Feb 27 22:09:18 UTC 2019
12748 ms. Memory: 766976K Free: 271386K (35%)
ptolemy.util.test.WatchDog.cancel(): canceling Wed Feb 27 22:09:31 UTC 2019
auto.tcl: Setting watchdog for 200 seconds at Wed Feb 27 22:09:31 UTC 2019
10578 ms. Memory: 646144K Free: 128559K (20%)
ptolemy.util.test.WatchDog.cancel(): canceling Wed Feb 27 22:09:42 UTC 2019
------------------ testing $PTII/ptolemy/domains/de/test/auto/TwoSigmaDelta.xml
auto.tcl: Setting watchdog for 200 seconds at Wed Feb 27 22:09:42 UTC 2019
2680 ms. Memory: 649728K Free: 352785K (54%)
ptolemy.util.test.WatchDog.cancel(): canceling Wed Feb 27 22:09:45 UTC 2019
auto.tcl: Setting watchdog for 200 seconds at Wed Feb 27 22:09:45 UTC 2019
2029 ms. Memory: 649728K Free: 117062K (18%)
ptolemy.util.test.WatchDog.cancel(): canceling Wed Feb 27 22:09:47 UTC 2019
------------------ testing $PTII/ptolemy/domains/de/test/auto/VariableDelay.xml
auto.tcl: Setting watchdog for 200 seconds at Wed Feb 27 22:09:47 UTC 2019
3 ms. Memory: 646656K Free: 627344K (97%)
ptolemy.util.test.WatchDog.cancel(): canceling Wed Feb 27 22:09:47 UTC 2019
auto.tcl: Setting watchdog for 200 seconds at Wed Feb 27 22:09:47 UTC 2019
2 ms. Memory: 646656K Free: 627344K (97%)
ptolemy.util.test.WatchDog.cancel(): canceling Wed Feb 27 22:09:47 UTC 2019
------------------ testing $PTII/ptolemy/domains/de/test/auto/VariableDelay2.xml
auto.tcl: Setting watchdog for 200 seconds at Wed Feb 27 22:09:47 UTC 2019
4 ms. Memory: 646144K Free: 627322K (97%)
ptolemy.util.test.WatchDog.cancel(): canceling Wed Feb 27 22:09:47 UTC 2019
auto.tcl: Setting watchdog for 200 seconds at Wed Feb 27 22:09:47 UTC 2019
2 ms. Memory: 646144K Free: 627322K (97%)
ptolemy.util.test.WatchDog.cancel(): canceling Wed Feb 27 22:09:47 UTC 2019
------------------ testing $PTII/ptolemy/domains/de/test/auto/VariableDelayZeroDelay.xml
auto.tcl: Setting watchdog for 200 seconds at Wed Feb 27 22:09:47 UTC 2019
2 ms. Memory: 646144K Free: 621673K (96%)
ptolemy.util.test.WatchDog.cancel(): canceling Wed Feb 27 22:09:47 UTC 2019
auto.tcl: Setting watchdog for 200 seconds at Wed Feb 27 22:09:47 UTC 2019
2 ms. Memory: 646144K Free: 621673K (96%)
ptolemy.util.test.WatchDog.cancel(): canceling Wed Feb 27 22:09:47 UTC 2019
------------------ testing $PTII/ptolemy/domains/de/test/auto/VariableDelayZeroDelay2.xml
auto.tcl: Setting watchdog for 200 seconds at Wed Feb 27 22:09:47 UTC 2019
6 ms. Memory: 649216K Free: 624743K (96%)
ptolemy.util.test.WatchDog.cancel(): canceling Wed Feb 27 22:09:47 UTC 2019
auto.tcl: Setting watchdog for 200 seconds at Wed Feb 27 22:09:47 UTC 2019
5 ms. Memory: 649216K Free: 624743K (96%)
ptolemy.util.test.WatchDog.cancel(): canceling Wed Feb 27 22:09:47 UTC 2019
------------------ testing $PTII/ptolemy/domains/de/test/auto/deInCt.xml
auto.tcl: Setting watchdog for 200 seconds at Wed Feb 27 22:09:47 UTC 2019
0
1
1
1
0
0
0
1
1
1
0
0
0
1
1
0
0
0
1
1
0
0
0
1
1
1
1
0
0
0
0
1
1
1
0
0
0
1
1
1
0
0
0
1
1
1
1
1
0
0
0
0
10 ms. Memory: 646144K Free: 621592K (96%)
ptolemy.util.test.WatchDog.cancel(): canceling Wed Feb 27 22:09:47 UTC 2019
auto.tcl: Setting watchdog for 200 seconds at Wed Feb 27 22:09:47 UTC 2019
0
1
1
1
0
0
0
1
1
1
0
0
0
0
0
0
1
1
1
1
1
0
0
0
0
0
0
10 ms. Memory: 646144K Free: 621592K (96%)
ptolemy.util.test.WatchDog.cancel(): canceling Wed Feb 27 22:09:47 UTC 2019
------------------ testing $PTII/ptolemy/domains/de/test/auto/deInCt2.xml
auto.tcl: Setting watchdog for 200 seconds at Wed Feb 27 22:09:47 UTC 2019
0
1
1
1
0
0
1
1
1
0
0
1
1
1
0
0
1
1
1
0
0
1
1
1
0
0
1
1
1
0
0
1
1
1
0
0
1
1
1
0
0
0
9 ms. Memory: 648704K Free: 624151K (96%)
ptolemy.util.test.WatchDog.cancel(): canceling Wed Feb 27 22:09:47 UTC 2019
auto.tcl: Setting watchdog for 200 seconds at Wed Feb 27 22:09:47 UTC 2019
0
1
1
1
0
0
1
1
1
0
0
1
1
1
0
0
1
1
1
0
0
1
1
1
0
0
1
1
1
0
0
1
1
1
0
0
1
1
1
0
0
0
5 ms. Memory: 648704K Free: 624151K (96%)
ptolemy.util.test.WatchDog.cancel(): canceling Wed Feb 27 22:09:47 UTC 2019
------------------ testing $PTII/ptolemy/domains/de/test/auto/dynamicCausalityInterface1.xml
auto.tcl: Setting watchdog for 200 seconds at Wed Feb 27 22:09:47 UTC 2019
3 ms. Memory: 646144K Free: 618749K (96%)
ptolemy.util.test.WatchDog.cancel(): canceling Wed Feb 27 22:09:47 UTC 2019
auto.tcl: Setting watchdog for 200 seconds at Wed Feb 27 22:09:47 UTC 2019
1 ms. Memory: 646144K Free: 618749K (96%)
ptolemy.util.test.WatchDog.cancel(): canceling Wed Feb 27 22:09:47 UTC 2019
------------------ testing $PTII/ptolemy/domains/de/test/auto/fsm_de_test.xml
auto.tcl: Setting watchdog for 200 seconds at Wed Feb 27 22:09:47 UTC 2019
7 ms. Memory: 648192K Free: 623605K (96%)
ptolemy.util.test.WatchDog.cancel(): canceling Wed Feb 27 22:09:47 UTC 2019
auto.tcl: Setting watchdog for 200 seconds at Wed Feb 27 22:09:47 UTC 2019
5 ms. Memory: 648192K Free: 615044K (95%)
ptolemy.util.test.WatchDog.cancel(): canceling Wed Feb 27 22:09:47 UTC 2019
------------------ testing $PTII/ptolemy/domains/de/test/auto/functionDependencyReconstruction.xml
auto.tcl: Setting watchdog for 200 seconds at Wed Feb 27 22:09:47 UTC 2019
3 ms. Memory: 646144K Free: 612995K (95%)
ptolemy.util.test.WatchDog.cancel(): canceling Wed Feb 27 22:09:47 UTC 2019
auto.tcl: Setting watchdog for 200 seconds at Wed Feb 27 22:09:47 UTC 2019
3 ms. Memory: 646144K Free: 612995K (95%)
ptolemy.util.test.WatchDog.cancel(): canceling Wed Feb 27 22:09:47 UTC 2019
------------------ testing $PTII/ptolemy/domains/de/test/auto/multirate.xml
auto.tcl: Setting watchdog for 200 seconds at Wed Feb 27 22:09:48 UTC 2019
3 ms. Memory: 648192K Free: 623472K (96%)
ptolemy.util.test.WatchDog.cancel(): canceling Wed Feb 27 22:09:48 UTC 2019
auto.tcl: Setting watchdog for 200 seconds at Wed Feb 27 22:09:48 UTC 2019
3 ms. Memory: 648192K Free: 623396K (96%)
ptolemy.util.test.WatchDog.cancel(): canceling Wed Feb 27 22:09:48 UTC 2019
------------------ testing $PTII/ptolemy/domains/de/test/auto/multirate2.xml
auto.tcl: Setting watchdog for 200 seconds at Wed Feb 27 22:09:48 UTC 2019
8 ms. Memory: 646144K Free: 621612K (96%)
ptolemy.util.test.WatchDog.cancel(): canceling Wed Feb 27 22:09:48 UTC 2019
auto.tcl: Setting watchdog for 200 seconds at Wed Feb 27 22:09:48 UTC 2019
3 ms. Memory: 646144K Free: 621612K (96%)
ptolemy.util.test.WatchDog.cancel(): canceling Wed Feb 27 22:09:48 UTC 2019
------------------ testing $PTII/ptolemy/domains/de/test/auto/realtime.xml
auto.tcl: Setting watchdog for 200 seconds at Wed Feb 27 22:09:48 UTC 2019
10001 ms. Memory: 647680K Free: 623071K (96%)
ptolemy.util.test.WatchDog.cancel(): canceling Wed Feb 27 22:09:58 UTC 2019
auto.tcl: Setting watchdog for 200 seconds at Wed Feb 27 22:09:58 UTC 2019
10001 ms. Memory: 647680K Free: 623071K (96%)
ptolemy.util.test.WatchDog.cancel(): canceling Wed Feb 27 22:10:08 UTC 2019
------------------ testing $PTII/ptolemy/domains/de/test/auto/relationGroup.xml
auto.tcl: Setting watchdog for 200 seconds at Wed Feb 27 22:10:08 UTC 2019
2 ms. Memory: 646144K Free: 627284K (97%)
ptolemy.util.test.WatchDog.cancel(): canceling Wed Feb 27 22:10:08 UTC 2019
auto.tcl: Setting watchdog for 200 seconds at Wed Feb 27 22:10:08 UTC 2019
2 ms. Memory: 646144K Free: 627284K (97%)
ptolemy.util.test.WatchDog.cancel(): canceling Wed Feb 27 22:10:08 UTC 2019
------------------ testing $PTII/ptolemy/domains/de/test/auto/relationGroup2.xml
auto.tcl: Setting watchdog for 200 seconds at Wed Feb 27 22:10:08 UTC 2019
1 ms. Memory: 647680K Free: 623199K (96%)
ptolemy.util.test.WatchDog.cancel(): canceling Wed Feb 27 22:10:08 UTC 2019
auto.tcl: Setting watchdog for 200 seconds at Wed Feb 27 22:10:08 UTC 2019
1 ms. Memory: 647680K Free: 623199K (96%)
ptolemy.util.test.WatchDog.cancel(): canceling Wed Feb 27 22:10:08 UTC 2019
------------------ testing $PTII/ptolemy/domains/de/test/auto/sortWithOpaquePorts.xml
auto.tcl: Setting watchdog for 200 seconds at Wed Feb 27 22:10:08 UTC 2019
1 ms. Memory: 646144K Free: 621664K (96%)
ptolemy.util.test.WatchDog.cancel(): canceling Wed Feb 27 22:10:08 UTC 2019
auto.tcl: Setting watchdog for 200 seconds at Wed Feb 27 22:10:08 UTC 2019
2 ms. Memory: 646144K Free: 621664K (96%)
ptolemy.util.test.WatchDog.cancel(): canceling Wed Feb 27 22:10:08 UTC 2019
------------------ testing $PTII/ptolemy/domains/de/test/auto/transferInputsandOutputs.xml
auto.tcl: Setting watchdog for 200 seconds at Wed Feb 27 22:10:08 UTC 2019
2 ms. Memory: 647168K Free: 622675K (96%)
ptolemy.util.test.WatchDog.cancel(): canceling Wed Feb 27 22:10:08 UTC 2019
auto.tcl: Setting watchdog for 200 seconds at Wed Feb 27 22:10:08 UTC 2019
3 ms. Memory: 647168K Free: 622675K (96%)
ptolemy.util.test.WatchDog.cancel(): canceling Wed Feb 27 22:10:08 UTC 2019
------------------ testing $PTII/ptolemy/domains/de/test/auto/triggerType.xml
auto.tcl: Setting watchdog for 200 seconds at Wed Feb 27 22:10:08 UTC 2019
1 ms. Memory: 646144K Free: 621602K (96%)
ptolemy.util.test.WatchDog.cancel(): canceling Wed Feb 27 22:10:08 UTC 2019
auto.tcl: Setting watchdog for 200 seconds at Wed Feb 27 22:10:08 UTC 2019
2 ms. Memory: 646144K Free: 621602K (96%)
ptolemy.util.test.WatchDog.cancel(): canceling Wed Feb 27 22:10:08 UTC 2019
02/27/19 10:10:08
Failed: 0  Total Tests: 192  ((Passed: 187, Newly Passed: 1)  Known Failed: 5) /home/travis/build/icyphy/ptII/ptolemy/domains/de/test
02/27/19 10:10:08
Failed: 0  Total Tests: 192  ((Passed: 187, Newly Passed: 1)  Known Failed: 5) /home/travis/build/icyphy/ptII/ptolemy/domains/de/test
----------------- testing (KnownFailure) /home/travis/build/icyphy/ptII/ptolemy/domains/de/test/auto/knownFailedTests/DESDFClockTest.xml
2016 ms. Memory: 647168K Free: 611308K (94%)
Known Failure: java.lang.reflect.InvocationTargetException
----------------- testing (KnownFailure) /home/travis/build/icyphy/ptII/ptolemy/domains/de/test/auto/knownFailedTests/DirectFeedback.xml
2 ms. Memory: 647168K Free: 566129K (87%)
Known Failure: java.lang.reflect.InvocationTargetException
----------------- testing (KnownFailure) /home/travis/build/icyphy/ptII/ptolemy/domains/de/test/auto/knownFailedTests/FSMSource.xml
19 ms. Memory: 647168K Free: 520950K (80%)
----------------- testing (KnownFailure) /home/travis/build/icyphy/ptII/ptolemy/domains/de/test/auto/knownFailedTests/HierarchicalModel.xml
2 ms. Memory: 647168K Free: 487049K (75%)
Known Failure: java.lang.reflect.InvocationTargetException
----------------- testing (KnownFailure) /home/travis/build/icyphy/ptII/ptolemy/domains/de/test/auto/knownFailedTests/dependencyLoop.xml
1 ms. Memory: 647168K Free: 430560K (67%)
Known Failure: java.lang.reflect.InvocationTargetException
----------------- testing (KnownFailure) /home/travis/build/icyphy/ptII/ptolemy/domains/de/test/auto/knownFailedTests/dependencyLoop2.xml
2 ms. Memory: 647168K Free: 374070K (58%)
Known Failure: java.lang.reflect.InvocationTargetException
No auto/linux-amd64/*.xml tests in /home/travis/build/icyphy/ptII/ptolemy/domains/de/test
AutoTests.java: About to close Vertx.
AutoTests.java: Vertx closed.

===========================================================================================
----------------- testing Wed Feb 27 22:10:10 UTC 2019 /home/travis/build/icyphy/ptII/ptolemy/domains/de/test/auto/ActorDepthCalculation_actorWithoutPorts.xml
----------------- Instantiating /home/travis/build/icyphy/ptII/ptolemy/domains/de/test/auto/ActorDepthCalculation_actorWithoutPorts.xml
2 ms. Memory: 647168K Free: 317596K (49%)
----------------- Invoking toplevel() on ptolemy.moml.MoMLSimpleApplication@1a7ba8e
----------------- Done invoking toplevel() on ptolemy.moml.MoMLSimpleApplication@1a7ba8e
reloadAllAccessors: .ActorDepthCalculation_actorWithoutPorts

===========================================================================================
----------------- testing Wed Feb 27 22:10:10 UTC 2019 /home/travis/build/icyphy/ptII/ptolemy/domains/de/test/auto/AssemblyLine.xml
----------------- Instantiating /home/travis/build/icyphy/ptII/ptolemy/domains/de/test/auto/AssemblyLine.xml
6 ms. Memory: 647168K Free: 295006K (46%)
----------------- Invoking toplevel() on ptolemy.moml.MoMLSimpleApplication@5c7cc40c
----------------- Done invoking toplevel() on ptolemy.moml.MoMLSimpleApplication@5c7cc40c
reloadAllAccessors: .AssemblyLine

===========================================================================================
----------------- testing Wed Feb 27 22:10:10 UTC 2019 /home/travis/build/icyphy/ptII/ptolemy/domains/de/test/auto/CQBug1.xml
----------------- Instantiating /home/travis/build/icyphy/ptII/ptolemy/domains/de/test/auto/CQBug1.xml
1 ms. Memory: 647168K Free: 272417K (42%)
----------------- Invoking toplevel() on ptolemy.moml.MoMLSimpleApplication@6556e2a6
----------------- Done invoking toplevel() on ptolemy.moml.MoMLSimpleApplication@6556e2a6
reloadAllAccessors: .CQBug1

===========================================================================================
----------------- testing Wed Feb 27 22:10:10 UTC 2019 /home/travis/build/icyphy/ptII/ptolemy/domains/de/test/auto/CancelFireAt.xml
----------------- Instantiating /home/travis/build/icyphy/ptII/ptolemy/domains/de/test/auto/CancelFireAt.xml
2 ms. Memory: 647168K Free: 249827K (39%)
----------------- Invoking toplevel() on ptolemy.moml.MoMLSimpleApplication@6b50ecfd
----------------- Done invoking toplevel() on ptolemy.moml.MoMLSimpleApplication@6b50ecfd
reloadAllAccessors: .CancelFireAt

===========================================================================================
----------------- testing Wed Feb 27 22:10:10 UTC 2019 /home/travis/build/icyphy/ptII/ptolemy/domains/de/test/auto/CausalityAndComposabilityAnalysis.xml
----------------- Instantiating /home/travis/build/icyphy/ptII/ptolemy/domains/de/test/auto/CausalityAndComposabilityAnalysis.xml
2 ms. Memory: 647168K Free: 227238K (35%)
----------------- Invoking toplevel() on ptolemy.moml.MoMLSimpleApplication@16d9ea61
----------------- Done invoking toplevel() on ptolemy.moml.MoMLSimpleApplication@16d9ea61
reloadAllAccessors: .CausalityAndComposabilityAnalysis

===========================================================================================
----------------- testing Wed Feb 27 22:10:10 UTC 2019 /home/travis/build/icyphy/ptII/ptolemy/domains/de/test/auto/CausalityInterface1.xml
----------------- Instantiating /home/travis/build/icyphy/ptII/ptolemy/domains/de/test/auto/CausalityInterface1.xml
5 ms. Memory: 647168K Free: 204648K (32%)
----------------- Invoking toplevel() on ptolemy.moml.MoMLSimpleApplication@7492ae80
----------------- Done invoking toplevel() on ptolemy.moml.MoMLSimpleApplication@7492ae80
reloadAllAccessors: .CausalityInterface1

===========================================================================================
----------------- testing Wed Feb 27 22:10:10 UTC 2019 /home/travis/build/icyphy/ptII/ptolemy/domains/de/test/auto/CausalityInterface15.xml
----------------- Instantiating /home/travis/build/icyphy/ptII/ptolemy/domains/de/test/auto/CausalityInterface15.xml
1 ms. Memory: 647168K Free: 182059K (28%)
----------------- Invoking toplevel() on ptolemy.moml.MoMLSimpleApplication@1b24a727
----------------- Done invoking toplevel() on ptolemy.moml.MoMLSimpleApplication@1b24a727
reloadAllAccessors: .CausalityInterface15

[...]
java.lang.RuntimeException: Execution failed
	at ptolemy.moml.MoMLSimpleApplication$UnloadThread.run(MoMLSimpleApplication.java:402)
Caused by: ptolemy.kernel.util.IllegalActionException: Test fails in iteration 1.
Value was: 1.0. Should have been: 2.0
  in .DirectFeedback.Test
	at ptolemy.actor.lib.Test.fire(Test.java:268)
	at ptolemy.domains.de.kernel.DEDirector._fire(DEDirector.java:1949)
	at ptolemy.domains.de.kernel.DEDirector.fire(DEDirector.java:502)
	at ptolemy.actor.CompositeActor.fire(CompositeActor.java:455)
	at ptolemy.actor.Manager.iterate(Manager.java:851)
	at ptolemy.actor.Manager.execute(Manager.java:369)
	at ptolemy.actor.Manager.run(Manager.java:1263)
	at ptolemy.actor.Manager$PtolemyRunThread.run(Manager.java:1915)
java.lang.RuntimeException: Execution failed
	at ptolemy.moml.MoMLSimpleApplication$UnloadThread.run(MoMLSimpleApplication.java:402)
Caused by: ptolemy.kernel.util.IllegalActionException: Actor is not ready to fire.  Perhaps UpSample.prefire() returned false? Try debugging the actor by selecting "Listen to Actor".  Also, for SDF check moml for tokenConsumptionRate on input.
  in .DESDFClockTest.Play Bell.Copy1:SDF Director and .DESDFClockTest.Play Bell.UpSample
	at ptolemy.actor.sched.StaticSchedulingDirector.fire(StaticSchedulingDirector.java:227)
	at ptolemy.domains.sdf.kernel.SDFDirector.fire(SDFDirector.java:500)
	at ptolemy.actor.CompositeActor.fire(CompositeActor.java:455)
	at ptolemy.domains.de.kernel.DEDirector._fire(DEDirector.java:1949)
	at ptolemy.domains.de.kernel.DEDirector.fire(DEDirector.java:502)
	at ptolemy.actor.CompositeActor.fire(CompositeActor.java:455)
	at ptolemy.actor.Manager.iterate(Manager.java:851)
	at ptolemy.actor.Manager.execute(Manager.java:369)
	at ptolemy.actor.Manager.run(Manager.java:1263)
	at ptolemy.actor.Manager$PtolemyRunThread.run(Manager.java:1915)
java.lang.reflect.InvocationTargetException
	at sun.reflect.NativeConstructorAccessorImpl.newInstance0(Native Method)
	at sun.reflect.NativeConstructorAccessorImpl.newInstance(NativeConstructorAccessorImpl.java:62)
	at sun.reflect.DelegatingConstructorAccessorImpl.newInstance(DelegatingConstructorAccessorImpl.java:45)
	at java.lang.reflect.Constructor.newInstance(Constructor.java:423)
	at ptolemy.util.test.junit.AutoKnownFailedTests.RunModel(AutoKnownFailedTests.java:105)
	at sun.reflect.NativeMethodAccessorImpl.invoke0(Native Method)
	at sun.reflect.NativeMethodAccessorImpl.invoke(NativeMethodAccessorImpl.java:62)
	at sun.reflect.DelegatingMethodAccessorImpl.invoke(DelegatingMethodAccessorImpl.java:43)
	at java.lang.reflect.Method.invoke(Method.java:498)
	at org.junit.runners.model.FrameworkMethod$1.runReflectiveCall(FrameworkMethod.java:44)
	at org.junit.internal.runners.model.ReflectiveCallable.run(ReflectiveCallable.java:15)
	at org.junit.runners.model.FrameworkMethod.invokeExplosively(FrameworkMethod.java:41)
	at junitparams.internal.InvokeParameterisedMethod.evaluate(InvokeParameterisedMethod.java:102)
	at org.junit.internal.runners.statements.FailOnTimeout$1.run(FailOnTimeout.java:28)
Caused by: ptolemy.kernel.util.IllegalActionException: Actor is not ready to fire.  Perhaps UpSample.prefire() returned false? Try debugging the actor by selecting "Listen to Actor".  Also, for SDF check moml for tokenConsumptionRate on input.
  in .DESDFClockTest.Play Bell.Copy1:SDF Director and .DESDFClockTest.Play Bell.UpSample
	at ptolemy.actor.sched.StaticSchedulingDirector.fire(StaticSchedulingDirector.java:227)
	at ptolemy.domains.sdf.kernel.SDFDirector.fire(SDFDirector.java:500)
	at ptolemy.actor.CompositeActor.fire(CompositeActor.java:455)
	at ptolemy.domains.de.kernel.DEDirector._fire(DEDirector.java:1949)
	at ptolemy.domains.de.kernel.DEDirector.fire(DEDirector.java:502)
	at ptolemy.actor.CompositeActor.fire(CompositeActor.java:455)
	at ptolemy.actor.Manager.iterate(Manager.java:851)
	at ptolemy.actor.Manager.execute(Manager.java:369)
	at ptolemy.actor.Manager.run(Manager.java:1263)
	at ptolemy.actor.Manager$PtolemyRunThread.run(Manager.java:1915)
java.lang.RuntimeException: Execution failed
	at ptolemy.moml.MoMLSimpleApplication$UnloadThread.run(MoMLSimpleApplication.java:402)
Caused by: ptolemy.kernel.util.IllegalActionException: Test fails in iteration 1.
Value was: 1.0. Should have been: 2.0
  in .DirectFeedback.Test
	at ptolemy.actor.lib.Test.fire(Test.java:268)
	at ptolemy.domains.de.kernel.DEDirector._fire(DEDirector.java:1949)
	at ptolemy.domains.de.kernel.DEDirector.fire(DEDirector.java:502)
	at ptolemy.actor.CompositeActor.fire(CompositeActor.java:455)
	at ptolemy.actor.Manager.iterate(Manager.java:851)
	at ptolemy.actor.Manager.execute(Manager.java:369)
	at ptolemy.actor.Manager.run(Manager.java:1263)
	at ptolemy.actor.Manager$PtolemyRunThread.run(Manager.java:1915)
java.lang.reflect.InvocationTargetException
	at sun.reflect.NativeConstructorAccessorImpl.newInstance0(Native Method)
	at sun.reflect.NativeConstructorAccessorImpl.newInstance(NativeConstructorAccessorImpl.java:62)
	at sun.reflect.DelegatingConstructorAccessorImpl.newInstance(DelegatingConstructorAccessorImpl.java:45)
	at java.lang.reflect.Constructor.newInstance(Constructor.java:423)
	at ptolemy.util.test.junit.AutoKnownFailedTests.RunModel(AutoKnownFailedTests.java:105)
	at sun.reflect.NativeMethodAccessorImpl.invoke0(Native Method)
	at sun.reflect.NativeMethodAccessorImpl.invoke(NativeMethodAccessorImpl.java:62)
	at sun.reflect.DelegatingMethodAccessorImpl.invoke(DelegatingMethodAccessorImpl.java:43)
	at java.lang.reflect.Method.invoke(Method.java:498)
	at org.junit.runners.model.FrameworkMethod$1.runReflectiveCall(FrameworkMethod.java:44)
	at org.junit.internal.runners.model.ReflectiveCallable.run(ReflectiveCallable.java:15)
	at org.junit.runners.model.FrameworkMethod.invokeExplosively(FrameworkMethod.java:41)
	at junitparams.internal.InvokeParameterisedMethod.evaluate(InvokeParameterisedMethod.java:102)
	at org.junit.internal.runners.statements.FailOnTimeout$1.run(FailOnTimeout.java:28)
Caused by: ptolemy.kernel.util.IllegalActionException: Test fails in iteration 1.
Value was: 1.0. Should have been: 2.0
  in .DirectFeedback.Test
	at ptolemy.actor.lib.Test.fire(Test.java:268)
	at ptolemy.domains.de.kernel.DEDirector._fire(DEDirector.java:1949)
	at ptolemy.domains.de.kernel.DEDirector.fire(DEDirector.java:502)
	at ptolemy.actor.CompositeActor.fire(CompositeActor.java:455)
	at ptolemy.actor.Manager.iterate(Manager.java:851)
	at ptolemy.actor.Manager.execute(Manager.java:369)
	at ptolemy.actor.Manager.run(Manager.java:1263)
	at ptolemy.actor.Manager$PtolemyRunThread.run(Manager.java:1915)
java.lang.RuntimeException: Execution failed
	at ptolemy.moml.MoMLSimpleApplication$UnloadThread.run(MoMLSimpleApplication.java:402)
Caused by: ptolemy.kernel.util.IllegalActionException: Found a zero delay loop containing .HierarchicalModel.A
  in .HierarchicalModel and .HierarchicalModel.A
	at ptolemy.actor.util.CausalityInterfaceForComposites._computeOutputPortDepth(CausalityInterfaceForComposites.java:759)
	at ptolemy.actor.util.CausalityInterfaceForComposites._computeInputDepth(CausalityInterfaceForComposites.java:696)
	at ptolemy.actor.util.CausalityInterfaceForComposites._computeOutputPortDepth(CausalityInterfaceForComposites.java:765)
	at ptolemy.actor.util.CausalityInterfaceForComposites._computeInputDepth(CausalityInterfaceForComposites.java:696)
	at ptolemy.actor.util.CausalityInterfaceForComposites._computeOutputPortDepth(CausalityInterfaceForComposites.java:765)
	at ptolemy.actor.util.CausalityInterfaceForComposites._computeInputDepth(CausalityInterfaceForComposites.java:696)
	at ptolemy.actor.util.CausalityInterfaceForComposites._computeActorDepth(CausalityInterfaceForComposites.java:532)
	at ptolemy.actor.util.CausalityInterfaceForComposites.checkForCycles(CausalityInterfaceForComposites.java:96)
	at ptolemy.domains.de.kernel.DEDirector.preinitialize(DEDirector.java:1338)
	at ptolemy.actor.CompositeActor.preinitialize(CompositeActor.java:1828)
	at ptolemy.actor.Manager.preinitializeAndResolveTypes(Manager.java:1040)
	at ptolemy.actor.Manager.initialize(Manager.java:710)
	at ptolemy.actor.Manager.execute(Manager.java:356)
	at ptolemy.actor.Manager.run(Manager.java:1263)
	at ptolemy.actor.Manager$PtolemyRunThread.run(Manager.java:1915)
java.lang.reflect.InvocationTargetException
	at sun.reflect.NativeConstructorAccessorImpl.newInstance0(Native Method)
	at sun.reflect.NativeConstructorAccessorImpl.newInstance(NativeConstructorAccessorImpl.java:62)
	at sun.reflect.DelegatingConstructorAccessorImpl.newInstance(DelegatingConstructorAccessorImpl.java:45)
	at java.lang.reflect.Constructor.newInstance(Constructor.java:423)
	at ptolemy.util.test.junit.AutoKnownFailedTests.RunModel(AutoKnownFailedTests.java:105)
	at sun.reflect.NativeMethodAccessorImpl.invoke0(Native Method)
	at sun.reflect.NativeMethodAccessorImpl.invoke(NativeMethodAccessorImpl.java:62)
	at sun.reflect.DelegatingMethodAccessorImpl.invoke(DelegatingMethodAccessorImpl.java:43)
	at java.lang.reflect.Method.invoke(Method.java:498)
	at org.junit.runners.model.FrameworkMethod$1.runReflectiveCall(FrameworkMethod.java:44)
	at org.junit.internal.runners.model.ReflectiveCallable.run(ReflectiveCallable.java:15)
	at org.junit.runners.model.FrameworkMethod.invokeExplosively(FrameworkMethod.java:41)
	at junitparams.internal.InvokeParameterisedMethod.evaluate(InvokeParameterisedMethod.java:102)
	at org.junit.internal.runners.statements.FailOnTimeout$1.run(FailOnTimeout.java:28)
Caused by: ptolemy.kernel.util.IllegalActionException: Found a zero delay loop containing .HierarchicalModel.A
  in .HierarchicalModel and .HierarchicalModel.A
	at ptolemy.actor.util.CausalityInterfaceForComposites._computeOutputPortDepth(CausalityInterfaceForComposites.java:759)
	at ptolemy.actor.util.CausalityInterfaceForComposites._computeInputDepth(CausalityInterfaceForComposites.java:696)
	at ptolemy.actor.util.CausalityInterfaceForComposites._computeOutputPortDepth(CausalityInterfaceForComposites.java:765)
	at ptolemy.actor.util.CausalityInterfaceForComposites._computeInputDepth(CausalityInterfaceForComposites.java:696)
	at ptolemy.actor.util.CausalityInterfaceForComposites._computeOutputPortDepth(CausalityInterfaceForComposites.java:765)
	at ptolemy.actor.util.CausalityInterfaceForComposites._computeInputDepth(CausalityInterfaceForComposites.java:696)
	at ptolemy.actor.util.CausalityInterfaceForComposites._computeActorDepth(CausalityInterfaceForComposites.java:532)
	at ptolemy.actor.util.CausalityInterfaceForComposites.checkForCycles(CausalityInterfaceForComposites.java:96)
	at ptolemy.domains.de.kernel.DEDirector.preinitialize(DEDirector.java:1338)
	at ptolemy.actor.CompositeActor.preinitialize(CompositeActor.java:1828)
	at ptolemy.actor.Manager.preinitializeAndResolveTypes(Manager.java:1040)
	at ptolemy.actor.Manager.initialize(Manager.java:710)
	at ptolemy.actor.Manager.execute(Manager.java:356)
	at ptolemy.actor.Manager.run(Manager.java:1263)
	at ptolemy.actor.Manager$PtolemyRunThread.run(Manager.java:1915)
java.lang.RuntimeException: Execution failed
	at ptolemy.moml.MoMLSimpleApplication$UnloadThread.run(MoMLSimpleApplication.java:402)
Caused by: ptolemy.kernel.util.IllegalActionException: Found a zero delay loop containing .dependencyLoop.original
  in .dependencyLoop and .dependencyLoop.original
	at ptolemy.actor.util.CausalityInterfaceForComposites._computeOutputPortDepth(CausalityInterfaceForComposites.java:759)
	at ptolemy.actor.util.CausalityInterfaceForComposites._computeInputDepth(CausalityInterfaceForComposites.java:696)
	at ptolemy.actor.util.CausalityInterfaceForComposites._computeOutputPortDepth(CausalityInterfaceForComposites.java:765)
	at ptolemy.actor.util.CausalityInterfaceForComposites._computeInputDepth(CausalityInterfaceForComposites.java:696)
	at ptolemy.actor.util.CausalityInterfaceForComposites._computeOutputPortDepth(CausalityInterfaceForComposites.java:765)
	at ptolemy.actor.util.CausalityInterfaceForComposites._computeInputDepth(CausalityInterfaceForComposites.java:696)
	at ptolemy.actor.util.CausalityInterfaceForComposites._computeActorDepth(CausalityInterfaceForComposites.java:532)
	at ptolemy.actor.util.CausalityInterfaceForComposites.checkForCycles(CausalityInterfaceForComposites.java:96)
	at ptolemy.domains.de.kernel.DEDirector.preinitialize(DEDirector.java:1338)
	at ptolemy.actor.CompositeActor.preinitialize(CompositeActor.java:1828)
	at ptolemy.actor.Manager.preinitializeAndResolveTypes(Manager.java:1040)
	at ptolemy.actor.Manager.initialize(Manager.java:710)
	at ptolemy.actor.Manager.execute(Manager.java:356)
	at ptolemy.actor.Manager.run(Manager.java:1263)
	at ptolemy.actor.Manager$PtolemyRunThread.run(Manager.java:1915)
java.lang.reflect.InvocationTargetException
	at sun.reflect.NativeConstructorAccessorImpl.newInstance0(Native Method)
	at sun.reflect.NativeConstructorAccessorImpl.newInstance(NativeConstructorAccessorImpl.java:62)
	at sun.reflect.DelegatingConstructorAccessorImpl.newInstance(DelegatingConstructorAccessorImpl.java:45)
	at java.lang.reflect.Constructor.newInstance(Constructor.java:423)
	at ptolemy.util.test.junit.AutoKnownFailedTests.RunModel(AutoKnownFailedTests.java:105)
	at sun.reflect.NativeMethodAccessorImpl.invoke0(Native Method)
	at sun.reflect.NativeMethodAccessorImpl.invoke(NativeMethodAccessorImpl.java:62)
	at sun.reflect.DelegatingMethodAccessorImpl.invoke(DelegatingMethodAccessorImpl.java:43)
	at java.lang.reflect.Method.invoke(Method.java:498)
	at org.junit.runners.model.FrameworkMethod$1.runReflectiveCall(FrameworkMethod.java:44)
	at org.junit.internal.runners.model.ReflectiveCallable.run(ReflectiveCallable.java:15)
	at org.junit.runners.model.FrameworkMethod.invokeExplosively(FrameworkMethod.java:41)
	at junitparams.internal.InvokeParameterisedMethod.evaluate(InvokeParameterisedMethod.java:102)
	at org.junit.internal.runners.statements.FailOnTimeout$1.run(FailOnTimeout.java:28)
Caused by: ptolemy.kernel.util.IllegalActionException: Found a zero delay loop containing .dependencyLoop.original
  in .dependencyLoop and .dependencyLoop.original
	at ptolemy.actor.util.CausalityInterfaceForComposites._computeOutputPortDepth(CausalityInterfaceForComposites.java:759)
	at ptolemy.actor.util.CausalityInterfaceForComposites._computeInputDepth(CausalityInterfaceForComposites.java:696)
	at ptolemy.actor.util.CausalityInterfaceForComposites._computeOutputPortDepth(CausalityInterfaceForComposites.java:765)
	at ptolemy.actor.util.CausalityInterfaceForComposites._computeInputDepth(CausalityInterfaceForComposites.java:696)
	at ptolemy.actor.util.CausalityInterfaceForComposites._computeOutputPortDepth(CausalityInterfaceForComposites.java:765)
	at ptolemy.actor.util.CausalityInterfaceForComposites._computeInputDepth(CausalityInterfaceForComposites.java:696)
	at ptolemy.actor.util.CausalityInterfaceForComposites._computeActorDepth(CausalityInterfaceForComposites.java:532)
	at ptolemy.actor.util.CausalityInterfaceForComposites.checkForCycles(CausalityInterfaceForComposites.java:96)
	at ptolemy.domains.de.kernel.DEDirector.preinitialize(DEDirector.java:1338)
	at ptolemy.actor.CompositeActor.preinitialize(CompositeActor.java:1828)
	at ptolemy.actor.Manager.preinitializeAndResolveTypes(Manager.java:1040)
	at ptolemy.actor.Manager.initialize(Manager.java:710)
	at ptolemy.actor.Manager.execute(Manager.java:356)
	at ptolemy.actor.Manager.run(Manager.java:1263)
	at ptolemy.actor.Manager$PtolemyRunThread.run(Manager.java:1915)
java.lang.RuntimeException: Execution failed
	at ptolemy.moml.MoMLSimpleApplication$UnloadThread.run(MoMLSimpleApplication.java:402)
Caused by: ptolemy.kernel.util.IllegalActionException: Found a zero delay loop containing .dependencyLoop2.original
  in .dependencyLoop2 and .dependencyLoop2.original
	at ptolemy.actor.util.CausalityInterfaceForComposites._computeOutputPortDepth(CausalityInterfaceForComposites.java:759)
	at ptolemy.actor.util.CausalityInterfaceForComposites._computeInputDepth(CausalityInterfaceForComposites.java:696)
	at ptolemy.actor.util.CausalityInterfaceForComposites._computeOutputPortDepth(CausalityInterfaceForComposites.java:765)
	at ptolemy.actor.util.CausalityInterfaceForComposites._computeInputDepth(CausalityInterfaceForComposites.java:696)
	at ptolemy.actor.util.CausalityInterfaceForComposites._computeOutputPortDepth(CausalityInterfaceForComposites.java:765)
	at ptolemy.actor.util.CausalityInterfaceForComposites._computeInputDepth(CausalityInterfaceForComposites.java:696)
	at ptolemy.actor.util.CausalityInterfaceForComposites._computeActorDepth(CausalityInterfaceForComposites.java:532)
	at ptolemy.actor.util.CausalityInterfaceForComposites.checkForCycles(CausalityInterfaceForComposites.java:96)
	at ptolemy.domains.de.kernel.DEDirector.preinitialize(DEDirector.java:1338)
	at ptolemy.actor.CompositeActor.preinitialize(CompositeActor.java:1828)
	at ptolemy.actor.Manager.preinitializeAndResolveTypes(Manager.java:1040)
	at ptolemy.actor.Manager.initialize(Manager.java:710)
	at ptolemy.actor.Manager.execute(Manager.java:356)
	at ptolemy.actor.Manager.run(Manager.java:1263)
	at ptolemy.actor.Manager$PtolemyRunThread.run(Manager.java:1915)
java.lang.reflect.InvocationTargetException
	at sun.reflect.NativeConstructorAccessorImpl.newInstance0(Native Method)
	at sun.reflect.NativeConstructorAccessorImpl.newInstance(NativeConstructorAccessorImpl.java:62)
	at sun.reflect.DelegatingConstructorAccessorImpl.newInstance(DelegatingConstructorAccessorImpl.java:45)
	at java.lang.reflect.Constructor.newInstance(Constructor.java:423)
	at ptolemy.util.test.junit.AutoKnownFailedTests.RunModel(AutoKnownFailedTests.java:105)
	at sun.reflect.NativeMethodAccessorImpl.invoke0(Native Method)
	at sun.reflect.NativeMethodAccessorImpl.invoke(NativeMethodAccessorImpl.java:62)
	at sun.reflect.DelegatingMethodAccessorImpl.invoke(DelegatingMethodAccessorImpl.java:43)
	at java.lang.reflect.Method.invoke(Method.java:498)
	at org.junit.runners.model.FrameworkMethod$1.runReflectiveCall(FrameworkMethod.java:44)
	at org.junit.internal.runners.model.ReflectiveCallable.run(ReflectiveCallable.java:15)
	at org.junit.runners.model.FrameworkMethod.invokeExplosively(FrameworkMethod.java:41)
	at junitparams.internal.InvokeParameterisedMethod.evaluate(InvokeParameterisedMethod.java:102)
	at org.junit.internal.runners.statements.FailOnTimeout$1.run(FailOnTimeout.java:28)
Caused by: ptolemy.kernel.util.IllegalActionException: Found a zero delay loop containing .dependencyLoop2.original
  in .dependencyLoop2 and .dependencyLoop2.original
	at ptolemy.actor.util.CausalityInterfaceForComposites._computeOutputPortDepth(CausalityInterfaceForComposites.java:759)
	at ptolemy.actor.util.CausalityInterfaceForComposites._computeInputDepth(CausalityInterfaceForComposites.java:696)
	at ptolemy.actor.util.CausalityInterfaceForComposites._computeOutputPortDepth(CausalityInterfaceForComposites.java:765)
	at ptolemy.actor.util.CausalityInterfaceForComposites._computeInputDepth(CausalityInterfaceForComposites.java:696)
	at ptolemy.actor.util.CausalityInterfaceForComposites._computeOutputPortDepth(CausalityInterfaceForComposites.java:765)
	at ptolemy.actor.util.CausalityInterfaceForComposites._computeInputDepth(CausalityInterfaceForComposites.java:696)
	at ptolemy.actor.util.CausalityInterfaceForComposites._computeActorDepth(CausalityInterfaceForComposites.java:532)
	at ptolemy.actor.util.CausalityInterfaceForComposites.checkForCycles(CausalityInterfaceForComposites.java:96)
	at ptolemy.domains.de.kernel.DEDirector.preinitialize(DEDirector.java:1338)
	at ptolemy.actor.CompositeActor.preinitialize(CompositeActor.java:1828)
	at ptolemy.actor.Manager.preinitializeAndResolveTypes(Manager.java:1040)
	at ptolemy.actor.Manager.initialize(Manager.java:710)
	at ptolemy.actor.Manager.execute(Manager.java:356)
	at ptolemy.actor.Manager.run(Manager.java:1263)
	at ptolemy.actor.Manager$PtolemyRunThread.run(Manager.java:1915)
]]></system-err>
</testsuite>
