<?xml version="1.0" encoding="UTF-8" ?>
<testsuite errors="0" failures="0" hostname="travis-job-10ba0c0c-9857-443d-b437-c6b8836fd6ca" name="ptolemy.actor.lib.hoc.test.junit.JUnitTclTest" skipped="0" tests="58" time="30.213" timestamp="2020-08-23T15:30:40">
  <properties>
[...]
</properties>
  <testcase classname="ptolemy.util.test.junit.TclTests" name="[0] /home/travis/build/icyphy/ptII/ptolemy/actor/lib/hoc/test/IterateOverArray.tcl (RunTclFile)" time="0.301" />
  <testcase classname="ptolemy.util.test.junit.AutoKnownFailedTests" name="[0] /home/travis/build/icyphy/ptII/ptolemy/actor/lib/hoc/test/auto/knownFailedTests/PreinitializeMustBeInvokedRunComposite.xml (RunModel)" time="0.34" />
  <testcase classname="ptolemy.util.test.junit.AutoNameArchTests" name="[0] ThereAreNoAutoArchTests (RunModel)" time="0.004" />
  <testcase classname="ptolemy.util.test.junit.AutoTests" name="[0] /home/travis/build/icyphy/ptII/ptolemy/actor/lib/hoc/test/auto/AllToAllMultiInstanceComposite.xml (RunModel)" time="0.389" />
  <testcase classname="ptolemy.util.test.junit.AutoTests" name="[1] /home/travis/build/icyphy/ptII/ptolemy/actor/lib/hoc/test/auto/ApplyFFTTest.xml (RunModel)" time="0.286" />
  <testcase classname="ptolemy.util.test.junit.AutoTests" name="[2] /home/travis/build/icyphy/ptII/ptolemy/actor/lib/hoc/test/auto/ApplyFunction.xml (RunModel)" time="0.025" />
  <testcase classname="ptolemy.util.test.junit.AutoTests" name="[3] /home/travis/build/icyphy/ptII/ptolemy/actor/lib/hoc/test/auto/BackgroundExecution.xml (RunModel)" time="0.715" />
  <testcase classname="ptolemy.util.test.junit.AutoTests" name="[4] /home/travis/build/icyphy/ptII/ptolemy/actor/lib/hoc/test/auto/Case.xml (RunModel)" time="0.102" />
  <testcase classname="ptolemy.util.test.junit.AutoTests" name="[5] /home/travis/build/icyphy/ptII/ptolemy/actor/lib/hoc/test/auto/Case1.xml (RunModel)" time="0.06" />
  <testcase classname="ptolemy.util.test.junit.AutoTests" name="[6] /home/travis/build/icyphy/ptII/ptolemy/actor/lib/hoc/test/auto/Case2.xml (RunModel)" time="0.096" />
  <testcase classname="ptolemy.util.test.junit.AutoTests" name="[7] /home/travis/build/icyphy/ptII/ptolemy/actor/lib/hoc/test/auto/Case3.xml (RunModel)" time="0.057" />
  <testcase classname="ptolemy.util.test.junit.AutoTests" name="[8] /home/travis/build/icyphy/ptII/ptolemy/actor/lib/hoc/test/auto/Case4.xml (RunModel)" time="0.074" />
  <testcase classname="ptolemy.util.test.junit.AutoTests" name="[9] /home/travis/build/icyphy/ptII/ptolemy/actor/lib/hoc/test/auto/Case5.xml (RunModel)" time="0.117" />
  <testcase classname="ptolemy.util.test.junit.AutoTests" name="[10] /home/travis/build/icyphy/ptII/ptolemy/actor/lib/hoc/test/auto/Case6.xml (RunModel)" time="0.109" />
  <testcase classname="ptolemy.util.test.junit.AutoTests" name="[11] /home/travis/build/icyphy/ptII/ptolemy/actor/lib/hoc/test/auto/CaseString2.xml (RunModel)" time="0.037" />
  <testcase classname="ptolemy.util.test.junit.AutoTests" name="[12] /home/travis/build/icyphy/ptII/ptolemy/actor/lib/hoc/test/auto/CatchUpComposite1.xml (RunModel)" time="0.078" />
  <testcase classname="ptolemy.util.test.junit.AutoTests" name="[13] /home/travis/build/icyphy/ptII/ptolemy/actor/lib/hoc/test/auto/CatchUpComposite2.xml (RunModel)" time="0.072" />
  <testcase classname="ptolemy.util.test.junit.AutoTests" name="[14] /home/travis/build/icyphy/ptII/ptolemy/actor/lib/hoc/test/auto/CatchUpComposite3.xml (RunModel)" time="0.059" />
  <testcase classname="ptolemy.util.test.junit.AutoTests" name="[15] /home/travis/build/icyphy/ptII/ptolemy/actor/lib/hoc/test/auto/CatchUpComposite4.xml (RunModel)" time="0.037" />
  <testcase classname="ptolemy.util.test.junit.AutoTests" name="[16] /home/travis/build/icyphy/ptII/ptolemy/actor/lib/hoc/test/auto/CatchUpComposite5.xml (RunModel)" time="0.028" />
  <testcase classname="ptolemy.util.test.junit.AutoTests" name="[17] /home/travis/build/icyphy/ptII/ptolemy/actor/lib/hoc/test/auto/CatchUpComposite6.xml (RunModel)" time="0.144" />
  <testcase classname="ptolemy.util.test.junit.AutoTests" name="[18] /home/travis/build/icyphy/ptII/ptolemy/actor/lib/hoc/test/auto/CatchUpComposite7.xml (RunModel)" time="0.094" />
  <testcase classname="ptolemy.util.test.junit.AutoTests" name="[19] /home/travis/build/icyphy/ptII/ptolemy/actor/lib/hoc/test/auto/ConcurrentExecutionTimeSDF.xml (RunModel)" time="0.946" />
  <testcase classname="ptolemy.util.test.junit.AutoTests" name="[20] /home/travis/build/icyphy/ptII/ptolemy/actor/lib/hoc/test/auto/ConcurrentSleep.xml (RunModel)" time="0.756" />
  <testcase classname="ptolemy.util.test.junit.AutoTests" name="[21] /home/travis/build/icyphy/ptII/ptolemy/actor/lib/hoc/test/auto/DEInPNInRunCompositeActor.xml (RunModel)" time="0.04" />
  <testcase classname="ptolemy.util.test.junit.AutoTests" name="[22] /home/travis/build/icyphy/ptII/ptolemy/actor/lib/hoc/test/auto/DFTSubSetTest.xml (RunModel)" time="0.249" />
  <testcase classname="ptolemy.util.test.junit.AutoTests" name="[23] /home/travis/build/icyphy/ptII/ptolemy/actor/lib/hoc/test/auto/HocDE.xml (RunModel)" time="0.123" />
  <testcase classname="ptolemy.util.test.junit.AutoTests" name="[24] /home/travis/build/icyphy/ptII/ptolemy/actor/lib/hoc/test/auto/IterateOverArray.xml (RunModel)" time="0.031" />
  <testcase classname="ptolemy.util.test.junit.AutoTests" name="[25] /home/travis/build/icyphy/ptII/ptolemy/actor/lib/hoc/test/auto/IterateOverArray10.xml (RunModel)" time="0.02" />
  <testcase classname="ptolemy.util.test.junit.AutoTests" name="[26] /home/travis/build/icyphy/ptII/ptolemy/actor/lib/hoc/test/auto/IterateOverArray11.xml (RunModel)" time="0.016" />
  <testcase classname="ptolemy.util.test.junit.AutoTests" name="[27] /home/travis/build/icyphy/ptII/ptolemy/actor/lib/hoc/test/auto/IterateOverArray12.xml (RunModel)" time="0.028" />
  <testcase classname="ptolemy.util.test.junit.AutoTests" name="[28] /home/travis/build/icyphy/ptII/ptolemy/actor/lib/hoc/test/auto/IterateOverArray13.xml (RunModel)" time="0.111" />
  <testcase classname="ptolemy.util.test.junit.AutoTests" name="[29] /home/travis/build/icyphy/ptII/ptolemy/actor/lib/hoc/test/auto/IterateOverArray14.xml (RunModel)" time="0.1" />
  <testcase classname="ptolemy.util.test.junit.AutoTests" name="[30] /home/travis/build/icyphy/ptII/ptolemy/actor/lib/hoc/test/auto/IterateOverArray2.xml (RunModel)" time="0.019" />
  <testcase classname="ptolemy.util.test.junit.AutoTests" name="[31] /home/travis/build/icyphy/ptII/ptolemy/actor/lib/hoc/test/auto/IterateOverArray3.xml (RunModel)" time="0.03" />
  <testcase classname="ptolemy.util.test.junit.AutoTests" name="[32] /home/travis/build/icyphy/ptII/ptolemy/actor/lib/hoc/test/auto/IterateOverArray4.xml (RunModel)" time="0.021" />
  <testcase classname="ptolemy.util.test.junit.AutoTests" name="[33] /home/travis/build/icyphy/ptII/ptolemy/actor/lib/hoc/test/auto/IterateOverArray5.xml (RunModel)" time="0.019" />
  <testcase classname="ptolemy.util.test.junit.AutoTests" name="[34] /home/travis/build/icyphy/ptII/ptolemy/actor/lib/hoc/test/auto/IterateOverArray6.xml (RunModel)" time="0.014" />
  <testcase classname="ptolemy.util.test.junit.AutoTests" name="[35] /home/travis/build/icyphy/ptII/ptolemy/actor/lib/hoc/test/auto/IterateOverArray7.xml (RunModel)" time="0.022" />
  <testcase classname="ptolemy.util.test.junit.AutoTests" name="[36] /home/travis/build/icyphy/ptII/ptolemy/actor/lib/hoc/test/auto/IterateOverArray8.xml (RunModel)" time="0.016" />
  <testcase classname="ptolemy.util.test.junit.AutoTests" name="[37] /home/travis/build/icyphy/ptII/ptolemy/actor/lib/hoc/test/auto/IterateOverArray9.xml (RunModel)" time="0.02" />
  <testcase classname="ptolemy.util.test.junit.AutoTests" name="[38] /home/travis/build/icyphy/ptII/ptolemy/actor/lib/hoc/test/auto/IterateOverArrayCoercedOutputType.xml (RunModel)" time="0.04" />
  <testcase classname="ptolemy.util.test.junit.AutoTests" name="[39] /home/travis/build/icyphy/ptII/ptolemy/actor/lib/hoc/test/auto/IterateOverArrayInferredOutputType.xml (RunModel)" time="0.02" />
  <testcase classname="ptolemy.util.test.junit.AutoTests" name="[40] /home/travis/build/icyphy/ptII/ptolemy/actor/lib/hoc/test/auto/MobileFunctionTest.xml (RunModel)" time="0.026" />
  <testcase classname="ptolemy.util.test.junit.AutoTests" name="[41] /home/travis/build/icyphy/ptII/ptolemy/actor/lib/hoc/test/auto/MobileModelTest.xml (RunModel)" time="0.168" />
  <testcase classname="ptolemy.util.test.junit.AutoTests" name="[42] /home/travis/build/icyphy/ptII/ptolemy/actor/lib/hoc/test/auto/ModelReference.xml (RunModel)" time="0.066" />
  <testcase classname="ptolemy.util.test.junit.AutoTests" name="[43] /home/travis/build/icyphy/ptII/ptolemy/actor/lib/hoc/test/auto/ModelReference3.xml (RunModel)" time="0.037" />
  <testcase classname="ptolemy.util.test.junit.AutoTests" name="[44] /home/travis/build/icyphy/ptII/ptolemy/actor/lib/hoc/test/auto/ModelReference4.xml (RunModel)" time="10.042" />
  <testcase classname="ptolemy.util.test.junit.AutoTests" name="[45] /home/travis/build/icyphy/ptII/ptolemy/actor/lib/hoc/test/auto/MultiInstanceComposite.xml (RunModel)" time="0.051" />
  <testcase classname="ptolemy.util.test.junit.AutoTests" name="[46] /home/travis/build/icyphy/ptII/ptolemy/actor/lib/hoc/test/auto/MultiInstanceComposite2.xml (RunModel)" time="0.03" />
  <testcase classname="ptolemy.util.test.junit.AutoTests" name="[47] /home/travis/build/icyphy/ptII/ptolemy/actor/lib/hoc/test/auto/MulticoreExecution.xml (RunModel)" time="1.054" />
  <testcase classname="ptolemy.util.test.junit.AutoTests" name="[48] /home/travis/build/icyphy/ptII/ptolemy/actor/lib/hoc/test/auto/ParallelExecution.xml (RunModel)" time="0.939" />
  <testcase classname="ptolemy.util.test.junit.AutoTests" name="[49] /home/travis/build/icyphy/ptII/ptolemy/actor/lib/hoc/test/auto/RunCompositeActor.xml (RunModel)" time="0.022" />
  <testcase classname="ptolemy.util.test.junit.AutoTests" name="[50] /home/travis/build/icyphy/ptII/ptolemy/actor/lib/hoc/test/auto/RunCompositeActor2.xml (RunModel)" time="0.019" />
  <testcase classname="ptolemy.util.test.junit.AutoTests" name="[51] /home/travis/build/icyphy/ptII/ptolemy/actor/lib/hoc/test/auto/RunCompositeActor3.xml (RunModel)" time="0.016" />
  <testcase classname="ptolemy.util.test.junit.AutoTests" name="[52] /home/travis/build/icyphy/ptII/ptolemy/actor/lib/hoc/test/auto/RunCompositeActor4.xml (RunModel)" time="0.037" />
  <testcase classname="ptolemy.util.test.junit.AutoTests" name="[53] /home/travis/build/icyphy/ptII/ptolemy/actor/lib/hoc/test/auto/RunCompositeIterateOverArray.xml (RunModel)" time="0.026" />
  <testcase classname="ptolemy.util.test.junit.AutoTests" name="[54] /home/travis/build/icyphy/ptII/ptolemy/actor/lib/hoc/test/auto/ThreadedJS.xml (RunModel)" time="11.224" />
  <system-out><![CDATA[/home/travis/build/icyphy/ptII/ptolemy/actor/lib/hoc/test/IterateOverArray.tcl
testDefs.tcl: setting time out to 9000 seconds at Sun Aug 23 15:30:40 UTC 2020
08/23/20 03:30:40
Failed: 0  Total Tests: 2  ((Passed: 2, Newly Passed: 0)  Known Failed: 0) /home/travis/build/icyphy/ptII/ptolemy/actor/lib/hoc/test
----------------- testing (KnownFailure) /home/travis/build/icyphy/ptII/ptolemy/actor/lib/hoc/test/auto/knownFailedTests/PreinitializeMustBeInvokedRunComposite.xml
78 ms. Memory: 129024K Free: 86470K (67%)
Known Failure: java.lang.reflect.InvocationTargetException
No auto/linux-amd64/*.xml tests in /home/travis/build/icyphy/ptII/ptolemy/actor/lib/hoc/test
AutoTests.java: About to close Vertx.
AutoTests.java: Vertx closed.

===========================================================================================
----------------- testing Sun Aug 23 15:30:41 UTC 2020 /home/travis/build/icyphy/ptII/ptolemy/actor/lib/hoc/test/auto/AllToAllMultiInstanceComposite.xml
----------------- Instantiating /home/travis/build/icyphy/ptII/ptolemy/actor/lib/hoc/test/auto/AllToAllMultiInstanceComposite.xml
168 ms. Memory: 129024K Free: 109201K (85%)
----------------- Invoking toplevel() on ptolemy.moml.MoMLSimpleApplication@1f8c21f7
----------------- Done invoking toplevel() on ptolemy.moml.MoMLSimpleApplication@1f8c21f7
reloadAllAccessors: .AllToAllMultiInstanceComposite

===========================================================================================
----------------- testing Sun Aug 23 15:30:41 UTC 2020 /home/travis/build/icyphy/ptII/ptolemy/actor/lib/hoc/test/auto/ApplyFFTTest.xml
----------------- Instantiating /home/travis/build/icyphy/ptII/ptolemy/actor/lib/hoc/test/auto/ApplyFFTTest.xml
109 ms. Memory: 129024K Free: 90544K (70%)
----------------- Invoking toplevel() on ptolemy.moml.MoMLSimpleApplication@81f1c47
----------------- Done invoking toplevel() on ptolemy.moml.MoMLSimpleApplication@81f1c47
reloadAllAccessors: .ApplyFFTTest

===========================================================================================
----------------- testing Sun Aug 23 15:30:42 UTC 2020 /home/travis/build/icyphy/ptII/ptolemy/actor/lib/hoc/test/auto/ApplyFunction.xml
----------------- Instantiating /home/travis/build/icyphy/ptII/ptolemy/actor/lib/hoc/test/auto/ApplyFunction.xml
5 ms. Memory: 129024K Free: 87430K (68%)
----------------- Invoking toplevel() on ptolemy.moml.MoMLSimpleApplication@49e78b96
----------------- Done invoking toplevel() on ptolemy.moml.MoMLSimpleApplication@49e78b96
reloadAllAccessors: .ApplyFunction

===========================================================================================
----------------- testing Sun Aug 23 15:30:42 UTC 2020 /home/travis/build/icyphy/ptII/ptolemy/actor/lib/hoc/test/auto/BackgroundExecution.xml
----------------- Instantiating /home/travis/build/icyphy/ptII/ptolemy/actor/lib/hoc/test/auto/BackgroundExecution.xml
638 ms. Memory: 129024K Free: 112131K (87%)
----------------- Invoking toplevel() on ptolemy.moml.MoMLSimpleApplication@4ed8fe38
----------------- Done invoking toplevel() on ptolemy.moml.MoMLSimpleApplication@4ed8fe38
reloadAllAccessors: .BackgroundExecution

===========================================================================================
----------------- testing Sun Aug 23 15:30:42 UTC 2020 /home/travis/build/icyphy/ptII/ptolemy/actor/lib/hoc/test/auto/Case.xml
----------------- Instantiating /home/travis/build/icyphy/ptII/ptolemy/actor/lib/hoc/test/auto/Case.xml
30 ms. Memory: 129024K Free: 104447K (81%)
----------------- Invoking toplevel() on ptolemy.moml.MoMLSimpleApplication@7ab07d4b
----------------- Done invoking toplevel() on ptolemy.moml.MoMLSimpleApplication@7ab07d4b
reloadAllAccessors: .Case

===========================================================================================
----------------- testing Sun Aug 23 15:30:43 UTC 2020 /home/travis/build/icyphy/ptII/ptolemy/actor/lib/hoc/test/auto/Case1.xml
----------------- Instantiating /home/travis/build/icyphy/ptII/ptolemy/actor/lib/hoc/test/auto/Case1.xml
10 ms. Memory: 129024K Free: 98295K (76%)
----------------- Invoking toplevel() on ptolemy.moml.MoMLSimpleApplication@624a7ee9
----------------- Done invoking toplevel() on ptolemy.moml.MoMLSimpleApplication@624a7ee9
reloadAllAccessors: .Case1

===========================================================================================
----------------- testing Sun Aug 23 15:30:43 UTC 2020 /home/travis/build/icyphy/ptII/ptolemy/actor/lib/hoc/test/auto/Case2.xml
----------------- Instantiating /home/travis/build/icyphy/ptII/ptolemy/actor/lib/hoc/test/auto/Case2.xml
48 ms. Memory: 129024K Free: 88087K (68%)
----------------- Invoking toplevel() on ptolemy.moml.MoMLSimpleApplication@610ac000
----------------- Done invoking toplevel() on ptolemy.moml.MoMLSimpleApplication@610ac000
reloadAllAccessors: .Case2

===========================================================================================
----------------- testing Sun Aug 23 15:30:43 UTC 2020 /home/travis/build/icyphy/ptII/ptolemy/actor/lib/hoc/test/auto/Case3.xml
----------------- Instantiating /home/travis/build/icyphy/ptII/ptolemy/actor/lib/hoc/test/auto/Case3.xml
7 ms. Memory: 129024K Free: 82092K (64%)
----------------- Invoking toplevel() on ptolemy.moml.MoMLSimpleApplication@63cdd631
----------------- Done invoking toplevel() on ptolemy.moml.MoMLSimpleApplication@63cdd631
reloadAllAccessors: .Case3

===========================================================================================
----------------- testing Sun Aug 23 15:30:43 UTC 2020 /home/travis/build/icyphy/ptII/ptolemy/actor/lib/hoc/test/auto/Case4.xml
----------------- Instantiating /home/travis/build/icyphy/ptII/ptolemy/actor/lib/hoc/test/auto/Case4.xml
22 ms. Memory: 129024K Free: 74551K (58%)
----------------- Invoking toplevel() on ptolemy.moml.MoMLSimpleApplication@4f54320b
----------------- Done invoking toplevel() on ptolemy.moml.MoMLSimpleApplication@4f54320b
reloadAllAccessors: .Case4

===========================================================================================
----------------- testing Sun Aug 23 15:30:43 UTC 2020 /home/travis/build/icyphy/ptII/ptolemy/actor/lib/hoc/test/auto/Case5.xml
----------------- Instantiating /home/travis/build/icyphy/ptII/ptolemy/actor/lib/hoc/test/auto/Case5.xml
51 ms. Memory: 157696K Free: 136904K (87%)
----------------- Invoking toplevel() on ptolemy.moml.MoMLSimpleApplication@5994d3ad
----------------- Done invoking toplevel() on ptolemy.moml.MoMLSimpleApplication@5994d3ad
reloadAllAccessors: .junk

===========================================================================================
----------------- testing Sun Aug 23 15:30:43 UTC 2020 /home/travis/build/icyphy/ptII/ptolemy/actor/lib/hoc/test/auto/Case6.xml
----------------- Instantiating /home/travis/build/icyphy/ptII/ptolemy/actor/lib/hoc/test/auto/Case6.xml
31 ms. Memory: 157696K Free: 124995K (79%)
----------------- Invoking toplevel() on ptolemy.moml.MoMLSimpleApplication@11a6c01e
----------------- Done invoking toplevel() on ptolemy.moml.MoMLSimpleApplication@11a6c01e
reloadAllAccessors: .Case6

===========================================================================================
----------------- testing Sun Aug 23 15:30:43 UTC 2020 /home/travis/build/icyphy/ptII/ptolemy/actor/lib/hoc/test/auto/CaseString2.xml
----------------- Instantiating /home/travis/build/icyphy/ptII/ptolemy/actor/lib/hoc/test/auto/CaseString2.xml
10 ms. Memory: 157696K Free: 117576K (75%)
----------------- Invoking toplevel() on ptolemy.moml.MoMLSimpleApplication@55eb9883
----------------- Done invoking toplevel() on ptolemy.moml.MoMLSimpleApplication@55eb9883
reloadAllAccessors: .CaseString2

===========================================================================================
----------------- testing Sun Aug 23 15:30:43 UTC 2020 /home/travis/build/icyphy/ptII/ptolemy/actor/lib/hoc/test/auto/CatchUpComposite1.xml
----------------- Instantiating /home/travis/build/icyphy/ptII/ptolemy/actor/lib/hoc/test/auto/CatchUpComposite1.xml
29 ms. Memory: 157696K Free: 108611K (69%)
----------------- Invoking toplevel() on ptolemy.moml.MoMLSimpleApplication@19822da
----------------- Done invoking toplevel() on ptolemy.moml.MoMLSimpleApplication@19822da
reloadAllAccessors: .CatchUpComposite1

===========================================================================================
----------------- testing Sun Aug 23 15:30:43 UTC 2020 /home/travis/build/icyphy/ptII/ptolemy/actor/lib/hoc/test/auto/CatchUpComposite2.xml
----------------- Instantiating /home/travis/build/icyphy/ptII/ptolemy/actor/lib/hoc/test/auto/CatchUpComposite2.xml
6 ms. Memory: 157696K Free: 100387K (64%)
----------------- Invoking toplevel() on ptolemy.moml.MoMLSimpleApplication@34f20ee
----------------- Done invoking toplevel() on ptolemy.moml.MoMLSimpleApplication@34f20ee
reloadAllAccessors: .CatchUpComposite2

===========================================================================================
----------------- testing Sun Aug 23 15:30:43 UTC 2020 /home/travis/build/icyphy/ptII/ptolemy/actor/lib/hoc/test/auto/CatchUpComposite3.xml
----------------- Instantiating /home/travis/build/icyphy/ptII/ptolemy/actor/lib/hoc/test/auto/CatchUpComposite3.xml
18 ms. Memory: 157696K Free: 141756K (90%)
----------------- Invoking toplevel() on ptolemy.moml.MoMLSimpleApplication@7df969d8
----------------- Done invoking toplevel() on ptolemy.moml.MoMLSimpleApplication@7df969d8
reloadAllAccessors: .CatchUpComposite3

===========================================================================================
----------------- testing Sun Aug 23 15:30:43 UTC 2020 /home/travis/build/icyphy/ptII/ptolemy/actor/lib/hoc/test/auto/CatchUpComposite4.xml
----------------- Instantiating /home/travis/build/icyphy/ptII/ptolemy/actor/lib/hoc/test/auto/CatchUpComposite4.xml
9 ms. Memory: 157696K Free: 133611K (85%)
----------------- Invoking toplevel() on ptolemy.moml.MoMLSimpleApplication@360012b2
----------------- Done invoking toplevel() on ptolemy.moml.MoMLSimpleApplication@360012b2
reloadAllAccessors: .CatchUpComposite4

===========================================================================================
----------------- testing Sun Aug 23 15:30:43 UTC 2020 /home/travis/build/icyphy/ptII/ptolemy/actor/lib/hoc/test/auto/CatchUpComposite5.xml
----------------- Instantiating /home/travis/build/icyphy/ptII/ptolemy/actor/lib/hoc/test/auto/CatchUpComposite5.xml
6 ms. Memory: 157696K Free: 126060K (80%)
----------------- Invoking toplevel() on ptolemy.moml.MoMLSimpleApplication@4865981d
----------------- Done invoking toplevel() on ptolemy.moml.MoMLSimpleApplication@4865981d
reloadAllAccessors: .CatchUpComposite5

===========================================================================================
----------------- testing Sun Aug 23 15:30:43 UTC 2020 /home/travis/build/icyphy/ptII/ptolemy/actor/lib/hoc/test/auto/CatchUpComposite6.xml
----------------- Instantiating /home/travis/build/icyphy/ptII/ptolemy/actor/lib/hoc/test/auto/CatchUpComposite6.xml
WARNING: The execution aspects in this model can influence the timing of actors by delaying the 
execution, potentially changing the behavior. There is no guarantee that actors fire at the 
time they request to be fired. 
Use Ptides for deterministic DE behavior that is not influenced by execution aspects. 

82 ms. Memory: 157696K Free: 111746K (71%)
----------------- Invoking toplevel() on ptolemy.moml.MoMLSimpleApplication@3da4ff8c
----------------- Done invoking toplevel() on ptolemy.moml.MoMLSimpleApplication@3da4ff8c
reloadAllAccessors: .CatchUpComposite6

===========================================================================================
----------------- testing Sun Aug 23 15:30:44 UTC 2020 /home/travis/build/icyphy/ptII/ptolemy/actor/lib/hoc/test/auto/CatchUpComposite7.xml
----------------- Instantiating /home/travis/build/icyphy/ptII/ptolemy/actor/lib/hoc/test/auto/CatchUpComposite7.xml
WARNING: The execution aspects in this model can influence the timing of actors by delaying the 
execution, potentially changing the behavior. There is no guarantee that actors fire at the 
time they request to be fired. 
Use Ptides for deterministic DE behavior that is not influenced by execution aspects. 

38 ms. Memory: 157696K Free: 97809K (62%)
----------------- Invoking toplevel() on ptolemy.moml.MoMLSimpleApplication@42dcd5a4
----------------- Done invoking toplevel() on ptolemy.moml.MoMLSimpleApplication@42dcd5a4
reloadAllAccessors: .CatchUpComposite7

===========================================================================================
----------------- testing Sun Aug 23 15:30:44 UTC 2020 /home/travis/build/icyphy/ptII/ptolemy/actor/lib/hoc/test/auto/ConcurrentExecutionTimeSDF.xml
----------------- Instantiating /home/travis/build/icyphy/ptII/ptolemy/actor/lib/hoc/test/auto/ConcurrentExecutionTimeSDF.xml
Fired ExecutionTime: 40400000
Fired ExecutionTime: 40400000
Fired ExecutionTime: 40400000
Fired ExecutionTime: 40400000
Fired ExecutionTime: 40400000
Fired ExecutionTime: 40400000
Fired ExecutionTime: 40400000
Fired ExecutionTime: 40400000
Fired ExecutionTime: 40400000
Fired ExecutionTime: 40400000
Fired ExecutionTime: 40400000
Fired ExecutionTime: 40400000
Fired ExecutionTime: 40400000
Fired ExecutionTime: 40400000
Fired ExecutionTime: 40400000
Fired ExecutionTime: 40400000
Fired ExecutionTime: 40400000
Fired ExecutionTime: 40400000
Fired ExecutionTime: 40400000
Fired ExecutionTime: 40400000
921 ms. Memory: 157696K Free: 90954K (58%)
----------------- Invoking toplevel() on ptolemy.moml.MoMLSimpleApplication@4a435ecd
----------------- Done invoking toplevel() on ptolemy.moml.MoMLSimpleApplication@4a435ecd
reloadAllAccessors: .ConcurrentExecutionTimeSDF

===========================================================================================
----------------- testing Sun Aug 23 15:30:45 UTC 2020 /home/travis/build/icyphy/ptII/ptolemy/actor/lib/hoc/test/auto/ConcurrentSleep.xml
----------------- Instantiating /home/travis/build/icyphy/ptII/ptolemy/actor/lib/hoc/test/auto/ConcurrentSleep.xml
727 ms. Memory: 157696K Free: 80714K (51%)
----------------- Invoking toplevel() on ptolemy.moml.MoMLSimpleApplication@142be078
----------------- Done invoking toplevel() on ptolemy.moml.MoMLSimpleApplication@142be078
reloadAllAccessors: .ConcurrentSleep

===========================================================================================
----------------- testing Sun Aug 23 15:30:45 UTC 2020 /home/travis/build/icyphy/ptII/ptolemy/actor/lib/hoc/test/auto/DEInPNInRunCompositeActor.xml
----------------- Instantiating /home/travis/build/icyphy/ptII/ptolemy/actor/lib/hoc/test/auto/DEInPNInRunCompositeActor.xml
16 ms. Memory: 157696K Free: 137456K (87%)
----------------- Invoking toplevel() on ptolemy.moml.MoMLSimpleApplication@536df2d0
----------------- Done invoking toplevel() on ptolemy.moml.MoMLSimpleApplication@536df2d0
reloadAllAccessors: .DEInPNInRunCompositeActor

===========================================================================================
----------------- testing Sun Aug 23 15:30:45 UTC 2020 /home/travis/build/icyphy/ptII/ptolemy/actor/lib/hoc/test/auto/DFTSubSetTest.xml
----------------- Instantiating /home/travis/build/icyphy/ptII/ptolemy/actor/lib/hoc/test/auto/DFTSubSetTest.xml
141 ms. Memory: 157696K Free: 94473K (60%)
----------------- Invoking toplevel() on ptolemy.moml.MoMLSimpleApplication@10c846b0
----------------- Done invoking toplevel() on ptolemy.moml.MoMLSimpleApplication@10c846b0
reloadAllAccessors: .DFTSubSetTest

===========================================================================================
----------------- testing Sun Aug 23 15:30:46 UTC 2020 /home/travis/build/icyphy/ptII/ptolemy/actor/lib/hoc/test/auto/HocDE.xml
----------------- Instantiating /home/travis/build/icyphy/ptII/ptolemy/actor/lib/hoc/test/auto/HocDE.xml
86 ms. Memory: 157696K Free: 68873K (44%)
----------------- Invoking toplevel() on ptolemy.moml.MoMLSimpleApplication@476eb5ce
----------------- Done invoking toplevel() on ptolemy.moml.MoMLSimpleApplication@476eb5ce
reloadAllAccessors: .HocDE

===========================================================================================
----------------- testing Sun Aug 23 15:30:46 UTC 2020 /home/travis/build/icyphy/ptII/ptolemy/actor/lib/hoc/test/auto/IterateOverArray.xml
----------------- Instantiating /home/travis/build/icyphy/ptII/ptolemy/actor/lib/hoc/test/auto/IterateOverArray.xml
4 ms. Memory: 157696K Free: 138929K (88%)
----------------- Invoking toplevel() on ptolemy.moml.MoMLSimpleApplication@69d16224
----------------- Done invoking toplevel() on ptolemy.moml.MoMLSimpleApplication@69d16224
reloadAllAccessors: .IterateOverArray

===========================================================================================
----------------- testing Sun Aug 23 15:30:46 UTC 2020 /home/travis/build/icyphy/ptII/ptolemy/actor/lib/hoc/test/auto/IterateOverArray10.xml
----------------- Instantiating /home/travis/build/icyphy/ptII/ptolemy/actor/lib/hoc/test/auto/IterateOverArray10.xml
2 ms. Memory: 157696K Free: 135353K (86%)
----------------- Invoking toplevel() on ptolemy.moml.MoMLSimpleApplication@7af3d246
----------------- Done invoking toplevel() on ptolemy.moml.MoMLSimpleApplication@7af3d246
reloadAllAccessors: .IterateOverArray10

===========================================================================================
----------------- testing Sun Aug 23 15:30:46 UTC 2020 /home/travis/build/icyphy/ptII/ptolemy/actor/lib/hoc/test/auto/IterateOverArray11.xml
----------------- Instantiating /home/travis/build/icyphy/ptII/ptolemy/actor/lib/hoc/test/auto/IterateOverArray11.xml
3 ms. Memory: 157696K Free: 131257K (83%)
----------------- Invoking toplevel() on ptolemy.moml.MoMLSimpleApplication@2fc06cd9
----------------- Done invoking toplevel() on ptolemy.moml.MoMLSimpleApplication@2fc06cd9
reloadAllAccessors: .IterateOverArray11

===========================================================================================
----------------- testing Sun Aug 23 15:30:46 UTC 2020 /home/travis/build/icyphy/ptII/ptolemy/actor/lib/hoc/test/auto/IterateOverArray12.xml
----------------- Instantiating /home/travis/build/icyphy/ptII/ptolemy/actor/lib/hoc/test/auto/IterateOverArray12.xml
11 ms. Memory: 157696K Free: 125113K (79%)
----------------- Invoking toplevel() on ptolemy.moml.MoMLSimpleApplication@57f3e7cd
----------------- Done invoking toplevel() on ptolemy.moml.MoMLSimpleApplication@57f3e7cd
reloadAllAccessors: .IterateOverArray12

===========================================================================================
----------------- testing Sun Aug 23 15:30:46 UTC 2020 /home/travis/build/icyphy/ptII/ptolemy/actor/lib/hoc/test/auto/IterateOverArray13.xml
----------------- Instantiating /home/travis/build/icyphy/ptII/ptolemy/actor/lib/hoc/test/auto/IterateOverArray13.xml
48 ms. Memory: 157696K Free: 95927K (61%)
----------------- Invoking toplevel() on ptolemy.moml.MoMLSimpleApplication@6c6b033
----------------- Done invoking toplevel() on ptolemy.moml.MoMLSimpleApplication@6c6b033
reloadAllAccessors: .IterateOverArray13

===========================================================================================
----------------- testing Sun Aug 23 15:30:46 UTC 2020 /home/travis/build/icyphy/ptII/ptolemy/actor/lib/hoc/test/auto/IterateOverArray14.xml
----------------- Instantiating /home/travis/build/icyphy/ptII/ptolemy/actor/lib/hoc/test/auto/IterateOverArray14.xml
44 ms. Memory: 157696K Free: 63159K (40%)
----------------- Invoking toplevel() on ptolemy.moml.MoMLSimpleApplication@171285d9
----------------- Done invoking toplevel() on ptolemy.moml.MoMLSimpleApplication@171285d9
reloadAllAccessors: .IterateOverArray14

===========================================================================================
----------------- testing Sun Aug 23 15:30:46 UTC 2020 /home/travis/build/icyphy/ptII/ptolemy/actor/lib/hoc/test/auto/IterateOverArray2.xml
----------------- Instantiating /home/travis/build/icyphy/ptII/ptolemy/actor/lib/hoc/test/auto/IterateOverArray2.xml
4 ms. Memory: 157696K Free: 58553K (37%)
----------------- Invoking toplevel() on ptolemy.moml.MoMLSimpleApplication@3d7ce167
----------------- Done invoking toplevel() on ptolemy.moml.MoMLSimpleApplication@3d7ce167
reloadAllAccessors: .IterateOverArray2

===========================================================================================
----------------- testing Sun Aug 23 15:30:46 UTC 2020 /home/travis/build/icyphy/ptII/ptolemy/actor/lib/hoc/test/auto/IterateOverArray3.xml
----------------- Instantiating /home/travis/build/icyphy/ptII/ptolemy/actor/lib/hoc/test/auto/IterateOverArray3.xml
6 ms. Memory: 157696K Free: 136810K (87%)
----------------- Invoking toplevel() on ptolemy.moml.MoMLSimpleApplication@7c9fff1b
----------------- Done invoking toplevel() on ptolemy.moml.MoMLSimpleApplication@7c9fff1b
reloadAllAccessors: .IterateOverArray3

===========================================================================================
----------------- testing Sun Aug 23 15:30:46 UTC 2020 /home/travis/build/icyphy/ptII/ptolemy/actor/lib/hoc/test/auto/IterateOverArray4.xml
----------------- Instantiating /home/travis/build/icyphy/ptII/ptolemy/actor/lib/hoc/test/auto/IterateOverArray4.xml
4 ms. Memory: 157696K Free: 132743K (84%)
----------------- Invoking toplevel() on ptolemy.moml.MoMLSimpleApplication@7ea49c04
----------------- Done invoking toplevel() on ptolemy.moml.MoMLSimpleApplication@7ea49c04
reloadAllAccessors: .IterateOverArray4

===========================================================================================
----------------- testing Sun Aug 23 15:30:46 UTC 2020 /home/travis/build/icyphy/ptII/ptolemy/actor/lib/hoc/test/auto/IterateOverArray5.xml
----------------- Instantiating /home/travis/build/icyphy/ptII/ptolemy/actor/lib/hoc/test/auto/IterateOverArray5.xml
3 ms. Memory: 157696K Free: 128647K (82%)
----------------- Invoking toplevel() on ptolemy.moml.MoMLSimpleApplication@5082b91c
----------------- Done invoking toplevel() on ptolemy.moml.MoMLSimpleApplication@5082b91c
reloadAllAccessors: .IterateOverArray5

===========================================================================================
----------------- testing Sun Aug 23 15:30:46 UTC 2020 /home/travis/build/icyphy/ptII/ptolemy/actor/lib/hoc/test/auto/IterateOverArray6.xml
----------------- Instantiating /home/travis/build/icyphy/ptII/ptolemy/actor/lib/hoc/test/auto/IterateOverArray6.xml
3 ms. Memory: 157696K Free: 125575K (80%)
----------------- Invoking toplevel() on ptolemy.moml.MoMLSimpleApplication@6729c915
----------------- Done invoking toplevel() on ptolemy.moml.MoMLSimpleApplication@6729c915
reloadAllAccessors: .IterateOverArray6

===========================================================================================
----------------- testing Sun Aug 23 15:30:46 UTC 2020 /home/travis/build/icyphy/ptII/ptolemy/actor/lib/hoc/test/auto/IterateOverArray7.xml
----------------- Instantiating /home/travis/build/icyphy/ptII/ptolemy/actor/lib/hoc/test/auto/IterateOverArray7.xml
6 ms. Memory: 157696K Free: 120969K (77%)
----------------- Invoking toplevel() on ptolemy.moml.MoMLSimpleApplication@25a32e42
----------------- Done invoking toplevel() on ptolemy.moml.MoMLSimpleApplication@25a32e42
reloadAllAccessors: .IterateOverArray7

===========================================================================================
----------------- testing Sun Aug 23 15:30:46 UTC 2020 /home/travis/build/icyphy/ptII/ptolemy/actor/lib/hoc/test/auto/IterateOverArray8.xml
----------------- Instantiating /home/travis/build/icyphy/ptII/ptolemy/actor/lib/hoc/test/auto/IterateOverArray8.xml
4 ms. Memory: 157696K Free: 116873K (74%)
----------------- Invoking toplevel() on ptolemy.moml.MoMLSimpleApplication@5c89a23
----------------- Done invoking toplevel() on ptolemy.moml.MoMLSimpleApplication@5c89a23
reloadAllAccessors: .IterateOverArray8

===========================================================================================
----------------- testing Sun Aug 23 15:30:46 UTC 2020 /home/travis/build/icyphy/ptII/ptolemy/actor/lib/hoc/test/auto/IterateOverArray9.xml
----------------- Instantiating /home/travis/build/icyphy/ptII/ptolemy/actor/lib/hoc/test/auto/IterateOverArray9.xml
5 ms. Memory: 157696K Free: 112777K (72%)
----------------- Invoking toplevel() on ptolemy.moml.MoMLSimpleApplication@580fd598
----------------- Done invoking toplevel() on ptolemy.moml.MoMLSimpleApplication@580fd598
reloadAllAccessors: .IterateOverArray9

===========================================================================================
----------------- testing Sun Aug 23 15:30:46 UTC 2020 /home/travis/build/icyphy/ptII/ptolemy/actor/lib/hoc/test/auto/IterateOverArrayCoercedOutputType.xml
----------------- Instantiating /home/travis/build/icyphy/ptII/ptolemy/actor/lib/hoc/test/auto/IterateOverArrayCoercedOutputType.xml
8 ms. Memory: 157696K Free: 107657K (68%)
----------------- Invoking toplevel() on ptolemy.moml.MoMLSimpleApplication@185bc97
----------------- Done invoking toplevel() on ptolemy.moml.MoMLSimpleApplication@185bc97
reloadAllAccessors: .IterateOverArrayCoercedOutputType

===========================================================================================
----------------- testing Sun Aug 23 15:30:46 UTC 2020 /home/travis/build/icyphy/ptII/ptolemy/actor/lib/hoc/test/auto/IterateOverArrayInferredOutputType.xml
----------------- Instantiating /home/travis/build/icyphy/ptII/ptolemy/actor/lib/hoc/test/auto/IterateOverArrayInferredOutputType.xml
6 ms. Memory: 157696K Free: 103047K (65%)
----------------- Invoking toplevel() on ptolemy.moml.MoMLSimpleApplication@a18f4bc
----------------- Done invoking toplevel() on ptolemy.moml.MoMLSimpleApplication@a18f4bc
reloadAllAccessors: .IterateOverArrayInferredOutputType

===========================================================================================
----------------- testing Sun Aug 23 15:30:46 UTC 2020 /home/travis/build/icyphy/ptII/ptolemy/actor/lib/hoc/test/auto/MobileFunctionTest.xml
----------------- Instantiating /home/travis/build/icyphy/ptII/ptolemy/actor/lib/hoc/test/auto/MobileFunctionTest.xml
11 ms. Memory: 157696K Free: 98951K (63%)
----------------- Invoking toplevel() on ptolemy.moml.MoMLSimpleApplication@9c42fe5
----------------- Done invoking toplevel() on ptolemy.moml.MoMLSimpleApplication@9c42fe5
reloadAllAccessors: .MobileFunctionTest

===========================================================================================
----------------- testing Sun Aug 23 15:30:46 UTC 2020 /home/travis/build/icyphy/ptII/ptolemy/actor/lib/hoc/test/auto/MobileModelTest.xml
----------------- Instantiating /home/travis/build/icyphy/ptII/ptolemy/actor/lib/hoc/test/auto/MobileModelTest.xml
141 ms. Memory: 157696K Free: 77961K (49%)
----------------- Invoking toplevel() on ptolemy.moml.MoMLSimpleApplication@3df4ec8b
----------------- Done invoking toplevel() on ptolemy.moml.MoMLSimpleApplication@3df4ec8b
reloadAllAccessors: .MobileModelTest

===========================================================================================
----------------- testing Sun Aug 23 15:30:47 UTC 2020 /home/travis/build/icyphy/ptII/ptolemy/actor/lib/hoc/test/auto/ModelReference.xml
----------------- Instantiating /home/travis/build/icyphy/ptII/ptolemy/actor/lib/hoc/test/auto/ModelReference.xml
2 ms. Memory: 157696K Free: 71303K (45%)
4 ms. Memory: 157696K Free: 70793K (45%)
2 ms. Memory: 157696K Free: 69769K (44%)
2 ms. Memory: 157696K Free: 68745K (44%)
1 ms. Memory: 157696K Free: 68217K (43%)
1 ms. Memory: 157696K Free: 67207K (43%)
2 ms. Memory: 157696K Free: 66697K (42%)
3 ms. Memory: 157696K Free: 65673K (42%)
3 ms. Memory: 157696K Free: 64649K (41%)
2 ms. Memory: 157696K Free: 64121K (41%)
31 ms. Memory: 157696K Free: 64121K (41%)
----------------- Invoking toplevel() on ptolemy.moml.MoMLSimpleApplication@1a0bf630
----------------- Done invoking toplevel() on ptolemy.moml.MoMLSimpleApplication@1a0bf630
reloadAllAccessors: .ModelReference

===========================================================================================
----------------- testing Sun Aug 23 15:30:47 UTC 2020 /home/travis/build/icyphy/ptII/ptolemy/actor/lib/hoc/test/auto/ModelReference3.xml
----------------- Instantiating /home/travis/build/icyphy/ptII/ptolemy/actor/lib/hoc/test/auto/ModelReference3.xml
2 ms. Memory: 157696K Free: 58985K (37%)
3 ms. Memory: 157696K Free: 58505K (37%)
1 ms. Memory: 157696K Free: 57481K (36%)
2 ms. Memory: 157696K Free: 56937K (36%)
2 ms. Memory: 157696K Free: 55929K (35%)
2 ms. Memory: 157696K Free: 54905K (35%)
1 ms. Memory: 157696K Free: 54409K (35%)
1 ms. Memory: 157696K Free: 53385K (34%)
2 ms. Memory: 157696K Free: 52841K (34%)
2 ms. Memory: 157696K Free: 51833K (33%)
26 ms. Memory: 157696K Free: 51833K (33%)
----------------- Invoking toplevel() on ptolemy.moml.MoMLSimpleApplication@1bc7efb8
----------------- Done invoking toplevel() on ptolemy.moml.MoMLSimpleApplication@1bc7efb8
reloadAllAccessors: .ModelReference3

===========================================================================================
----------------- testing Sun Aug 23 15:30:47 UTC 2020 /home/travis/build/icyphy/ptII/ptolemy/actor/lib/hoc/test/auto/ModelReference4.xml
----------------- Instantiating /home/travis/build/icyphy/ptII/ptolemy/actor/lib/hoc/test/auto/ModelReference4.xml
3 ms. Memory: 157696K Free: 135997K (86%)
2 ms. Memory: 157696K Free: 134453K (85%)
2 ms. Memory: 157696K Free: 133421K (85%)
2 ms. Memory: 157696K Free: 132405K (84%)
2 ms. Memory: 157696K Free: 130877K (83%)
4 ms. Memory: 157696K Free: 129853K (82%)
2 ms. Memory: 157696K Free: 128309K (81%)
2 ms. Memory: 157696K Free: 127277K (81%)
2 ms. Memory: 157696K Free: 126261K (80%)
1 ms. Memory: 157696K Free: 124733K (79%)
10015 ms. Memory: 157696K Free: 124731K (79%)
----------------- Invoking toplevel() on ptolemy.moml.MoMLSimpleApplication@78384fff
----------------- Done invoking toplevel() on ptolemy.moml.MoMLSimpleApplication@78384fff
reloadAllAccessors: .ModelReference4

===========================================================================================
----------------- testing Sun Aug 23 15:30:57 UTC 2020 /home/travis/build/icyphy/ptII/ptolemy/actor/lib/hoc/test/auto/MultiInstanceComposite.xml
----------------- Instantiating /home/travis/build/icyphy/ptII/ptolemy/actor/lib/hoc/test/auto/MultiInstanceComposite.xml
25 ms. Memory: 157696K Free: 105277K (67%)
----------------- Invoking toplevel() on ptolemy.moml.MoMLSimpleApplication@4a1f35d9
----------------- Done invoking toplevel() on ptolemy.moml.MoMLSimpleApplication@4a1f35d9
reloadAllAccessors: .MultiInstanceComposite

===========================================================================================
----------------- testing Sun Aug 23 15:30:57 UTC 2020 /home/travis/build/icyphy/ptII/ptolemy/actor/lib/hoc/test/auto/MultiInstanceComposite2.xml
----------------- Instantiating /home/travis/build/icyphy/ptII/ptolemy/actor/lib/hoc/test/auto/MultiInstanceComposite2.xml
15 ms. Memory: 157696K Free: 94013K (60%)
----------------- Invoking toplevel() on ptolemy.moml.MoMLSimpleApplication@668809fd
----------------- Done invoking toplevel() on ptolemy.moml.MoMLSimpleApplication@668809fd
reloadAllAccessors: .MultiInstanceComposite2

===========================================================================================
----------------- testing Sun Aug 23 15:30:57 UTC 2020 /home/travis/build/icyphy/ptII/ptolemy/actor/lib/hoc/test/auto/MulticoreExecution.xml
----------------- Instantiating /home/travis/build/icyphy/ptII/ptolemy/actor/lib/hoc/test/auto/MulticoreExecution.xml
Fired ExecutionTime: 2400000
Fired ExecutionTime: 2400000
Fired ExecutionTime: 102800000
Fired ExecutionTime: 113200000
Fired ExecutionTime: 108000000
Fired ExecutionTime: 108000000
Fired ExecutionTime: 108000000
Fired ExecutionTime: 108000000
Fired ExecutionTime: 104800000
Fired ExecutionTime: 113200000
Fired ExecutionTime: 108000000
Fired ExecutionTime: 108400000
Fired ExecutionTime: 108400000
Fired ExecutionTime: 108000000
Fired ExecutionTime: 108000000
Fired ExecutionTime: 108000000
Fired ExecutionTime: 107600000
Fired ExecutionTime: 108000000
Fired ExecutionTime: 105600000
Fired ExecutionTime: 105600000
1034 ms. Memory: 157696K Free: 84797K (54%)
----------------- Invoking toplevel() on ptolemy.moml.MoMLSimpleApplication@535d1937
----------------- Done invoking toplevel() on ptolemy.moml.MoMLSimpleApplication@535d1937
reloadAllAccessors: .MulticoreExecution

===========================================================================================
----------------- testing Sun Aug 23 15:30:58 UTC 2020 /home/travis/build/icyphy/ptII/ptolemy/actor/lib/hoc/test/auto/ParallelExecution.xml
----------------- Instantiating /home/travis/build/icyphy/ptII/ptolemy/actor/lib/hoc/test/auto/ParallelExecution.xml
915 ms. Memory: 157696K Free: 77115K (49%)
----------------- Invoking toplevel() on ptolemy.moml.MoMLSimpleApplication@6410ac48
----------------- Done invoking toplevel() on ptolemy.moml.MoMLSimpleApplication@6410ac48
reloadAllAccessors: .ParallelExecution

===========================================================================================
----------------- testing Sun Aug 23 15:30:59 UTC 2020 /home/travis/build/icyphy/ptII/ptolemy/actor/lib/hoc/test/auto/RunCompositeActor.xml
----------------- Instantiating /home/travis/build/icyphy/ptII/ptolemy/actor/lib/hoc/test/auto/RunCompositeActor.xml
9 ms. Memory: 157696K Free: 69941K (44%)
----------------- Invoking toplevel() on ptolemy.moml.MoMLSimpleApplication@31d1f744
----------------- Done invoking toplevel() on ptolemy.moml.MoMLSimpleApplication@31d1f744
reloadAllAccessors: .RunCompositeActor

===========================================================================================
----------------- testing Sun Aug 23 15:30:59 UTC 2020 /home/travis/build/icyphy/ptII/ptolemy/actor/lib/hoc/test/auto/RunCompositeActor2.xml
----------------- Instantiating /home/travis/build/icyphy/ptII/ptolemy/actor/lib/hoc/test/auto/RunCompositeActor2.xml
7 ms. Memory: 157696K Free: 63797K (40%)
----------------- Invoking toplevel() on ptolemy.moml.MoMLSimpleApplication@32a747e4
----------------- Done invoking toplevel() on ptolemy.moml.MoMLSimpleApplication@32a747e4
reloadAllAccessors: .RunCompositeActor2

===========================================================================================
----------------- testing Sun Aug 23 15:30:59 UTC 2020 /home/travis/build/icyphy/ptII/ptolemy/actor/lib/hoc/test/auto/RunCompositeActor3.xml
----------------- Instantiating /home/travis/build/icyphy/ptII/ptolemy/actor/lib/hoc/test/auto/RunCompositeActor3.xml
4 ms. Memory: 157696K Free: 58669K (37%)
----------------- Invoking toplevel() on ptolemy.moml.MoMLSimpleApplication@1fe37d7d
----------------- Done invoking toplevel() on ptolemy.moml.MoMLSimpleApplication@1fe37d7d
reloadAllAccessors: .RunCompositeActor3

===========================================================================================
----------------- testing Sun Aug 23 15:30:59 UTC 2020 /home/travis/build/icyphy/ptII/ptolemy/actor/lib/hoc/test/auto/RunCompositeActor4.xml
----------------- Instantiating /home/travis/build/icyphy/ptII/ptolemy/actor/lib/hoc/test/auto/RunCompositeActor4.xml
24 ms. Memory: 157696K Free: 141807K (90%)
----------------- Invoking toplevel() on ptolemy.moml.MoMLSimpleApplication@6237f892
----------------- Done invoking toplevel() on ptolemy.moml.MoMLSimpleApplication@6237f892
reloadAllAccessors: .RunCompositeActor4

===========================================================================================
----------------- testing Sun Aug 23 15:30:59 UTC 2020 /home/travis/build/icyphy/ptII/ptolemy/actor/lib/hoc/test/auto/RunCompositeIterateOverArray.xml
----------------- Instantiating /home/travis/build/icyphy/ptII/ptolemy/actor/lib/hoc/test/auto/RunCompositeIterateOverArray.xml
4 ms. Memory: 157696K Free: 135974K (86%)
----------------- Invoking toplevel() on ptolemy.moml.MoMLSimpleApplication@13fb55bf
----------------- Done invoking toplevel() on ptolemy.moml.MoMLSimpleApplication@13fb55bf
reloadAllAccessors: .RunCompositeIterateOverArray

===========================================================================================
----------------- testing Sun Aug 23 15:30:59 UTC 2020 /home/travis/build/icyphy/ptII/ptolemy/actor/lib/hoc/test/auto/ThreadedJS.xml
----------------- Instantiating /home/travis/build/icyphy/ptII/ptolemy/actor/lib/hoc/test/auto/ThreadedJS.xml
5247 ms. Memory: 227328K Free: 160629K (71%)
----------------- Invoking toplevel() on ptolemy.moml.MoMLSimpleApplication@72087446
----------------- Done invoking toplevel() on ptolemy.moml.MoMLSimpleApplication@72087446
reloadAllAccessors: .ThreadedJS
AutoTests.java: About to close Vertx.
AutoTests.java: Vertx closed.
]]></system-out>
  <system-err><![CDATA[java.lang.RuntimeException: Execution failed
	at ptolemy.moml.MoMLSimpleApplication$UnloadThread.run(MoMLSimpleApplication.java:402)
Caused by: ptolemy.kernel.util.IllegalActionException: initialize() was called after wrapup() was called but preinitialize() was not called after wrapup().
	at ptolemy.actor.lib.hoc.test.PreinitializeMustBeInvoked.initialize(PreinitializeMustBeInvoked.java:78)
	at ptolemy.actor.Director.initialize(Director.java:938)
	at ptolemy.actor.Director.initialize(Director.java:907)
	at ptolemy.actor.sched.StaticSchedulingDirector.initialize(StaticSchedulingDirector.java:159)
	at ptolemy.domains.sdf.kernel.SDFDirector.initialize(SDFDirector.java:544)
	at ptolemy.actor.CompositeActor.initialize(CompositeActor.java:935)
	at ptolemy.actor.lib.hoc.LifeCycleManager._executeInsideModel(LifeCycleManager.java:339)
	at ptolemy.actor.lib.hoc.RunCompositeActor.fire(RunCompositeActor.java:205)
	at ptolemy.actor.CompositeActor.iterate(CompositeActor.java:1146)
	at ptolemy.actor.sched.StaticSchedulingDirector.fire(StaticSchedulingDirector.java:216)
	at ptolemy.domains.sdf.kernel.SDFDirector.fire(SDFDirector.java:500)
	at ptolemy.actor.CompositeActor.fire(CompositeActor.java:455)
	at ptolemy.actor.Manager.iterate(Manager.java:851)
	at ptolemy.actor.Manager.execute(Manager.java:369)
	at ptolemy.actor.Manager.run(Manager.java:1263)
	at ptolemy.actor.Manager$PtolemyRunThread.run(Manager.java:1933)
java.lang.reflect.InvocationTargetException
	at java.base/jdk.internal.reflect.NativeConstructorAccessorImpl.newInstance0(Native Method)
	at java.base/jdk.internal.reflect.NativeConstructorAccessorImpl.newInstance(NativeConstructorAccessorImpl.java:62)
	at java.base/jdk.internal.reflect.DelegatingConstructorAccessorImpl.newInstance(DelegatingConstructorAccessorImpl.java:45)
	at java.base/java.lang.reflect.Constructor.newInstance(Constructor.java:490)
	at ptolemy.util.test.junit.AutoKnownFailedTests.RunModel(AutoKnownFailedTests.java:105)
	at java.base/jdk.internal.reflect.NativeMethodAccessorImpl.invoke0(Native Method)
	at java.base/jdk.internal.reflect.NativeMethodAccessorImpl.invoke(NativeMethodAccessorImpl.java:62)
	at java.base/jdk.internal.reflect.DelegatingMethodAccessorImpl.invoke(DelegatingMethodAccessorImpl.java:43)
	at java.base/java.lang.reflect.Method.invoke(Method.java:566)
	at org.junit.runners.model.FrameworkMethod$1.runReflectiveCall(FrameworkMethod.java:44)
	at org.junit.internal.runners.model.ReflectiveCallable.run(ReflectiveCallable.java:15)
	at org.junit.runners.model.FrameworkMethod.invokeExplosively(FrameworkMethod.java:41)
	at junitparams.internal.InvokeParameterisedMethod.evaluate(InvokeParameterisedMethod.java:102)
	at org.junit.internal.runners.statements.FailOnTimeout$1.run(FailOnTimeout.java:28)
Caused by: ptolemy.kernel.util.IllegalActionException: initialize() was called after wrapup() was called but preinitialize() was not called after wrapup().
	at ptolemy.actor.lib.hoc.test.PreinitializeMustBeInvoked.initialize(PreinitializeMustBeInvoked.java:78)
	at ptolemy.actor.Director.initialize(Director.java:938)
	at ptolemy.actor.Director.initialize(Director.java:907)
	at ptolemy.actor.sched.StaticSchedulingDirector.initialize(StaticSchedulingDirector.java:159)
	at ptolemy.domains.sdf.kernel.SDFDirector.initialize(SDFDirector.java:544)
	at ptolemy.actor.CompositeActor.initialize(CompositeActor.java:935)
	at ptolemy.actor.lib.hoc.LifeCycleManager._executeInsideModel(LifeCycleManager.java:339)
	at ptolemy.actor.lib.hoc.RunCompositeActor.fire(RunCompositeActor.java:205)
	at ptolemy.actor.CompositeActor.iterate(CompositeActor.java:1146)
	at ptolemy.actor.sched.StaticSchedulingDirector.fire(StaticSchedulingDirector.java:216)
	at ptolemy.domains.sdf.kernel.SDFDirector.fire(SDFDirector.java:500)
	at ptolemy.actor.CompositeActor.fire(CompositeActor.java:455)
	at ptolemy.actor.Manager.iterate(Manager.java:851)
	at ptolemy.actor.Manager.execute(Manager.java:369)
	at ptolemy.actor.Manager.run(Manager.java:1263)
	at ptolemy.actor.Manager$PtolemyRunThread.run(Manager.java:1933)
Warning: Nashorn engine is planned to be removed from a future JDK release
Warning: Nashorn engine is planned to be removed from a future JDK release
Warning: Nashorn engine is planned to be removed from a future JDK release
Warning: Nashorn engine is planned to be removed from a future JDK release
Warning: Nashorn engine is planned to be removed from a future JDK release
Warning: Nashorn engine is planned to be removed from a future JDK release
Warning: Nashorn engine is planned to be removed from a future JDK release
Warning: Nashorn engine is planned to be removed from a future JDK release
]]></system-err>
</testsuite>
