<?xml version="1.0" encoding="UTF-8" ?>
<testsuite errors="0" failures="0" hostname="travis-job-0c72b847-72f9-486f-825b-6a7161cebc22" name="ptolemy.domains.modal.test.junit.JUnitTclTest" skipped="0" tests="148" time="10.982" timestamp="2019-12-24T16:24:26">
  <properties>
[...]
</properties>
  <testcase classname="ptolemy.util.test.junit.TclTests" name="[0] /home/travis/build/icyphy/ptII/ptolemy/domains/modal/test/SystemLevelType.tcl (RunTclFile)" time="2.008" />
  <testcase classname="ptolemy.util.test.junit.AutoKnownFailedTests" name="[0] /home/travis/build/icyphy/ptII/ptolemy/domains/modal/test/auto/knownFailedTests/CannotAnalysisWithPreemption.xml (RunModel)" time="0.333" />
  <testcase classname="ptolemy.util.test.junit.AutoNameArchTests" name="[0] ThereAreNoAutoArchTests (RunModel)" time="0.001" />
  <testcase classname="ptolemy.util.test.junit.AutoTests" name="[0] /home/travis/build/icyphy/ptII/ptolemy/domains/modal/test/auto/ABPTest.xml (RunModel)" time="0.778" />
  <testcase classname="ptolemy.util.test.junit.AutoTests" name="[1] /home/travis/build/icyphy/ptII/ptolemy/domains/modal/test/auto/ABROFlat.xml (RunModel)" time="0.094" />
  <testcase classname="ptolemy.util.test.junit.AutoTests" name="[2] /home/travis/build/icyphy/ptII/ptolemy/domains/modal/test/auto/ABROFlat2.xml (RunModel)" time="0.075" />
  <testcase classname="ptolemy.util.test.junit.AutoTests" name="[3] /home/travis/build/icyphy/ptII/ptolemy/domains/modal/test/auto/ABRO_present_hmm.xml (RunModel)" time="0.196" />
  <testcase classname="ptolemy.util.test.junit.AutoTests" name="[4] /home/travis/build/icyphy/ptII/ptolemy/domains/modal/test/auto/AMICoderExample.xml (RunModel)" time="0.055" />
  <testcase classname="ptolemy.util.test.junit.AutoTests" name="[5] /home/travis/build/icyphy/ptII/ptolemy/domains/modal/test/auto/AbsentToPresent.xml (RunModel)" time="0.026" />
  <testcase classname="ptolemy.util.test.junit.AutoTests" name="[6] /home/travis/build/icyphy/ptII/ptolemy/domains/modal/test/auto/Blending.xml (RunModel)" time="0.258" />
  <testcase classname="ptolemy.util.test.junit.AutoTests" name="[7] /home/travis/build/icyphy/ptII/ptolemy/domains/modal/test/auto/Broadcast.xml (RunModel)" time="0.032" />
  <testcase classname="ptolemy.util.test.junit.AutoTests" name="[8] /home/travis/build/icyphy/ptII/ptolemy/domains/modal/test/auto/BroadcastHierarchy.xml (RunModel)" time="0.044" />
  <testcase classname="ptolemy.util.test.junit.AutoTests" name="[9] /home/travis/build/icyphy/ptII/ptolemy/domains/modal/test/auto/BroadcastHierarchy2.xml (RunModel)" time="0.148" />
  <testcase classname="ptolemy.util.test.junit.AutoTests" name="[10] /home/travis/build/icyphy/ptII/ptolemy/domains/modal/test/auto/BroadcastHierarchy3.xml (RunModel)" time="0.106" />
  <testcase classname="ptolemy.util.test.junit.AutoTests" name="[11] /home/travis/build/icyphy/ptII/ptolemy/domains/modal/test/auto/BroadcastHierarchy4.xml (RunModel)" time="0.091" />
  <testcase classname="ptolemy.util.test.junit.AutoTests" name="[12] /home/travis/build/icyphy/ptII/ptolemy/domains/modal/test/auto/CannotAnalysisWithPreemption2.xml (RunModel)" time="0.039" />
  <testcase classname="ptolemy.util.test.junit.AutoTests" name="[13] /home/travis/build/icyphy/ptII/ptolemy/domains/modal/test/auto/CannotAnalysisWithPreemption3.xml (RunModel)" time="0.044" />
  <testcase classname="ptolemy.util.test.junit.AutoTests" name="[14] /home/travis/build/icyphy/ptII/ptolemy/domains/modal/test/auto/CannotProduce.xml (RunModel)" time="0.034" />
  <testcase classname="ptolemy.util.test.junit.AutoTests" name="[15] /home/travis/build/icyphy/ptII/ptolemy/domains/modal/test/auto/CannotProduceModal.xml (RunModel)" time="0.028" />
  <testcase classname="ptolemy.util.test.junit.AutoTests" name="[16] /home/travis/build/icyphy/ptII/ptolemy/domains/modal/test/auto/Case.xml (RunModel)" time="0.101" />
  <testcase classname="ptolemy.util.test.junit.AutoTests" name="[17] /home/travis/build/icyphy/ptII/ptolemy/domains/modal/test/auto/Case1.xml (RunModel)" time="0.046" />
  <testcase classname="ptolemy.util.test.junit.AutoTests" name="[18] /home/travis/build/icyphy/ptII/ptolemy/domains/modal/test/auto/Case2.xml (RunModel)" time="0.041" />
  <testcase classname="ptolemy.util.test.junit.AutoTests" name="[19] /home/travis/build/icyphy/ptII/ptolemy/domains/modal/test/auto/CausalityInterface1.xml (RunModel)" time="0.02" />
  <testcase classname="ptolemy.util.test.junit.AutoTests" name="[20] /home/travis/build/icyphy/ptII/ptolemy/domains/modal/test/auto/CausalityInterface10.xml (RunModel)" time="0.043" />
  <testcase classname="ptolemy.util.test.junit.AutoTests" name="[21] /home/travis/build/icyphy/ptII/ptolemy/domains/modal/test/auto/CausalityInterface11.xml (RunModel)" time="0.047" />
  <testcase classname="ptolemy.util.test.junit.AutoTests" name="[22] /home/travis/build/icyphy/ptII/ptolemy/domains/modal/test/auto/CausalityInterface12.xml (RunModel)" time="0.055" />
  <testcase classname="ptolemy.util.test.junit.AutoTests" name="[23] /home/travis/build/icyphy/ptII/ptolemy/domains/modal/test/auto/CausalityInterface13.xml (RunModel)" time="0.075" />
  <testcase classname="ptolemy.util.test.junit.AutoTests" name="[24] /home/travis/build/icyphy/ptII/ptolemy/domains/modal/test/auto/CausalityInterface14.xml (RunModel)" time="0.054" />
  <testcase classname="ptolemy.util.test.junit.AutoTests" name="[25] /home/travis/build/icyphy/ptII/ptolemy/domains/modal/test/auto/CausalityInterface2.xml (RunModel)" time="0.032" />
  <testcase classname="ptolemy.util.test.junit.AutoTests" name="[26] /home/travis/build/icyphy/ptII/ptolemy/domains/modal/test/auto/CausalityInterface3.xml (RunModel)" time="0.027" />
  <testcase classname="ptolemy.util.test.junit.AutoTests" name="[27] /home/travis/build/icyphy/ptII/ptolemy/domains/modal/test/auto/CausalityInterface4.xml (RunModel)" time="0.029" />
  <testcase classname="ptolemy.util.test.junit.AutoTests" name="[28] /home/travis/build/icyphy/ptII/ptolemy/domains/modal/test/auto/CausalityInterface5.xml (RunModel)" time="0.034" />
  <testcase classname="ptolemy.util.test.junit.AutoTests" name="[29] /home/travis/build/icyphy/ptII/ptolemy/domains/modal/test/auto/CausalityInterface6.xml (RunModel)" time="0.035" />
  <testcase classname="ptolemy.util.test.junit.AutoTests" name="[30] /home/travis/build/icyphy/ptII/ptolemy/domains/modal/test/auto/CausalityInterface7.xml (RunModel)" time="0.033" />
  <testcase classname="ptolemy.util.test.junit.AutoTests" name="[31] /home/travis/build/icyphy/ptII/ptolemy/domains/modal/test/auto/CausalityInterface8.xml (RunModel)" time="0.028" />
  <testcase classname="ptolemy.util.test.junit.AutoTests" name="[32] /home/travis/build/icyphy/ptII/ptolemy/domains/modal/test/auto/CausalityInterface9.xml (RunModel)" time="0.05" />
  <testcase classname="ptolemy.util.test.junit.AutoTests" name="[33] /home/travis/build/icyphy/ptII/ptolemy/domains/modal/test/auto/ChainedTransitions.xml (RunModel)" time="0.17" />
  <testcase classname="ptolemy.util.test.junit.AutoTests" name="[34] /home/travis/build/icyphy/ptII/ptolemy/domains/modal/test/auto/CycleOfImmediateTransitionsFSM.xml (RunModel)" time="0.025" />
  <testcase classname="ptolemy.util.test.junit.AutoTests" name="[35] /home/travis/build/icyphy/ptII/ptolemy/domains/modal/test/auto/CycleOfImmediateTransitionsModal.xml (RunModel)" time="0.024" />
  <testcase classname="ptolemy.util.test.junit.AutoTests" name="[36] /home/travis/build/icyphy/ptII/ptolemy/domains/modal/test/auto/CycleOfImmediateTransitionsModal2.xml (RunModel)" time="0.031" />
  <testcase classname="ptolemy.util.test.junit.AutoTests" name="[37] /home/travis/build/icyphy/ptII/ptolemy/domains/modal/test/auto/CycleOfImmediateTransitionsModal3.xml (RunModel)" time="0.095" />
  <testcase classname="ptolemy.util.test.junit.AutoTests" name="[38] /home/travis/build/icyphy/ptII/ptolemy/domains/modal/test/auto/DeepModal1.xml (RunModel)" time="0.061" />
  <testcase classname="ptolemy.util.test.junit.AutoTests" name="[39] /home/travis/build/icyphy/ptII/ptolemy/domains/modal/test/auto/DeepModal2.xml (RunModel)" time="0.06" />
  <testcase classname="ptolemy.util.test.junit.AutoTests" name="[40] /home/travis/build/icyphy/ptII/ptolemy/domains/modal/test/auto/DeepModal3.xml (RunModel)" time="0.075" />
  <testcase classname="ptolemy.util.test.junit.AutoTests" name="[41] /home/travis/build/icyphy/ptII/ptolemy/domains/modal/test/auto/DeepModal4.xml (RunModel)" time="0.078" />
  <testcase classname="ptolemy.util.test.junit.AutoTests" name="[42] /home/travis/build/icyphy/ptII/ptolemy/domains/modal/test/auto/Default1.xml (RunModel)" time="0.02" />
  <testcase classname="ptolemy.util.test.junit.AutoTests" name="[43] /home/travis/build/icyphy/ptII/ptolemy/domains/modal/test/auto/Default2.xml (RunModel)" time="0.018" />
  <testcase classname="ptolemy.util.test.junit.AutoTests" name="[44] /home/travis/build/icyphy/ptII/ptolemy/domains/modal/test/auto/Default3.xml (RunModel)" time="0.035" />
  <testcase classname="ptolemy.util.test.junit.AutoTests" name="[45] /home/travis/build/icyphy/ptII/ptolemy/domains/modal/test/auto/Default4.xml (RunModel)" time="0.019" />
  <testcase classname="ptolemy.util.test.junit.AutoTests" name="[46] /home/travis/build/icyphy/ptII/ptolemy/domains/modal/test/auto/Default5.xml (RunModel)" time="0.041" />
  <testcase classname="ptolemy.util.test.junit.AutoTests" name="[47] /home/travis/build/icyphy/ptII/ptolemy/domains/modal/test/auto/EmptyGuard.xml (RunModel)" time="0.042" />
  <testcase classname="ptolemy.util.test.junit.AutoTests" name="[48] /home/travis/build/icyphy/ptII/ptolemy/domains/modal/test/auto/ErrorTransition1.xml (RunModel)" time="0.041" />
  <testcase classname="ptolemy.util.test.junit.AutoTests" name="[49] /home/travis/build/icyphy/ptII/ptolemy/domains/modal/test/auto/ErrorTransition10.xml (RunModel)" time="0.047" />
  <testcase classname="ptolemy.util.test.junit.AutoTests" name="[50] /home/travis/build/icyphy/ptII/ptolemy/domains/modal/test/auto/ErrorTransition11.xml (RunModel)" time="0.038" />
  <testcase classname="ptolemy.util.test.junit.AutoTests" name="[51] /home/travis/build/icyphy/ptII/ptolemy/domains/modal/test/auto/ErrorTransition2.xml (RunModel)" time="0.032" />
  <testcase classname="ptolemy.util.test.junit.AutoTests" name="[52] /home/travis/build/icyphy/ptII/ptolemy/domains/modal/test/auto/ErrorTransition3.xml (RunModel)" time="0.039" />
  <testcase classname="ptolemy.util.test.junit.AutoTests" name="[53] /home/travis/build/icyphy/ptII/ptolemy/domains/modal/test/auto/ErrorTransition4.xml (RunModel)" time="0.04" />
  <testcase classname="ptolemy.util.test.junit.AutoTests" name="[54] /home/travis/build/icyphy/ptII/ptolemy/domains/modal/test/auto/ErrorTransition5.xml (RunModel)" time="0.029" />
  <testcase classname="ptolemy.util.test.junit.AutoTests" name="[55] /home/travis/build/icyphy/ptII/ptolemy/domains/modal/test/auto/ErrorTransition6.xml (RunModel)" time="0.032" />
  <testcase classname="ptolemy.util.test.junit.AutoTests" name="[56] /home/travis/build/icyphy/ptII/ptolemy/domains/modal/test/auto/ErrorTransition7.xml (RunModel)" time="0.037" />
  <testcase classname="ptolemy.util.test.junit.AutoTests" name="[57] /home/travis/build/icyphy/ptII/ptolemy/domains/modal/test/auto/ErrorTransition8.xml (RunModel)" time="0.042" />
  <testcase classname="ptolemy.util.test.junit.AutoTests" name="[58] /home/travis/build/icyphy/ptII/ptolemy/domains/modal/test/auto/ErrorTransition9.xml (RunModel)" time="0.047" />
  <testcase classname="ptolemy.util.test.junit.AutoTests" name="[59] /home/travis/build/icyphy/ptII/ptolemy/domains/modal/test/auto/ExtendedFSM.xml (RunModel)" time="0.031" />
  <testcase classname="ptolemy.util.test.junit.AutoTests" name="[60] /home/travis/build/icyphy/ptII/ptolemy/domains/modal/test/auto/FinalStates.xml (RunModel)" time="0.024" />
  <testcase classname="ptolemy.util.test.junit.AutoTests" name="[61] /home/travis/build/icyphy/ptII/ptolemy/domains/modal/test/auto/FixedPointFSM.xml (RunModel)" time="0.047" />
  <testcase classname="ptolemy.util.test.junit.AutoTests" name="[62] /home/travis/build/icyphy/ptII/ptolemy/domains/modal/test/auto/FixedPointIterationFSMActor.xml (RunModel)" time="0.033" />
  <testcase classname="ptolemy.util.test.junit.AutoTests" name="[63] /home/travis/build/icyphy/ptII/ptolemy/domains/modal/test/auto/FixedPointIterationFSMActor2.xml (RunModel)" time="0.038" />
  <testcase classname="ptolemy.util.test.junit.AutoTests" name="[64] /home/travis/build/icyphy/ptII/ptolemy/domains/modal/test/auto/ForbiddenInstantanousLoop.xml (RunModel)" time="0.036" />
  <testcase classname="ptolemy.util.test.junit.AutoTests" name="[65] /home/travis/build/icyphy/ptII/ptolemy/domains/modal/test/auto/FunctionDependencyOfFSMActorTest.xml (RunModel)" time="0.03" />
  <testcase classname="ptolemy.util.test.junit.AutoTests" name="[66] /home/travis/build/icyphy/ptII/ptolemy/domains/modal/test/auto/GuardExpression.xml (RunModel)" time="0.014" />
  <testcase classname="ptolemy.util.test.junit.AutoTests" name="[67] /home/travis/build/icyphy/ptII/ptolemy/domains/modal/test/auto/GuardNotEvaluated.xml (RunModel)" time="0.027" />
  <testcase classname="ptolemy.util.test.junit.AutoTests" name="[68] /home/travis/build/icyphy/ptII/ptolemy/domains/modal/test/auto/GuardNotEvaluated2.xml (RunModel)" time="0.029" />
  <testcase classname="ptolemy.util.test.junit.AutoTests" name="[69] /home/travis/build/icyphy/ptII/ptolemy/domains/modal/test/auto/GuardOnAbsent.xml (RunModel)" time="0.02" />
  <testcase classname="ptolemy.util.test.junit.AutoTests" name="[70] /home/travis/build/icyphy/ptII/ptolemy/domains/modal/test/auto/HierarchicalFSMTypeInference.xml (RunModel)" time="0.026" />
  <testcase classname="ptolemy.util.test.junit.AutoTests" name="[71] /home/travis/build/icyphy/ptII/ptolemy/domains/modal/test/auto/Hysteresis.xml (RunModel)" time="0.043" />
  <testcase classname="ptolemy.util.test.junit.AutoTests" name="[72] /home/travis/build/icyphy/ptII/ptolemy/domains/modal/test/auto/HysteresisWithDefault.xml (RunModel)" time="0.068" />
  <testcase classname="ptolemy.util.test.junit.AutoTests" name="[73] /home/travis/build/icyphy/ptII/ptolemy/domains/modal/test/auto/HysteresisWithDefault2.xml (RunModel)" time="0.068" />
  <testcase classname="ptolemy.util.test.junit.AutoTests" name="[74] /home/travis/build/icyphy/ptII/ptolemy/domains/modal/test/auto/ImmediateNonConstructiveness.xml (RunModel)" time="0.03" />
  <testcase classname="ptolemy.util.test.junit.AutoTests" name="[75] /home/travis/build/icyphy/ptII/ptolemy/domains/modal/test/auto/ImmediateNonConstructiveness2.xml (RunModel)" time="0.017" />
  <testcase classname="ptolemy.util.test.junit.AutoTests" name="[76] /home/travis/build/icyphy/ptII/ptolemy/domains/modal/test/auto/ImmediateTransitionReset.xml (RunModel)" time="0.034" />
  <testcase classname="ptolemy.util.test.junit.AutoTests" name="[77] /home/travis/build/icyphy/ptII/ptolemy/domains/modal/test/auto/ImmediateTransitions1.xml (RunModel)" time="0.013" />
  <testcase classname="ptolemy.util.test.junit.AutoTests" name="[78] /home/travis/build/icyphy/ptII/ptolemy/domains/modal/test/auto/ImmediateTransitionsInstantaneousCommunication.xml (RunModel)" time="0.03" />
  <testcase classname="ptolemy.util.test.junit.AutoTests" name="[79] /home/travis/build/icyphy/ptII/ptolemy/domains/modal/test/auto/InitialImmediateTransition.xml (RunModel)" time="0.017" />
  <testcase classname="ptolemy.util.test.junit.AutoTests" name="[80] /home/travis/build/icyphy/ptII/ptolemy/domains/modal/test/auto/InitialOutputs.xml (RunModel)" time="0.016" />
  <testcase classname="ptolemy.util.test.junit.AutoTests" name="[81] /home/travis/build/icyphy/ptII/ptolemy/domains/modal/test/auto/InitialStateTransition1.xml (RunModel)" time="0.02" />
  <testcase classname="ptolemy.util.test.junit.AutoTests" name="[82] /home/travis/build/icyphy/ptII/ptolemy/domains/modal/test/auto/InitialStateTransition2.xml (RunModel)" time="0.026" />
  <testcase classname="ptolemy.util.test.junit.AutoTests" name="[83] /home/travis/build/icyphy/ptII/ptolemy/domains/modal/test/auto/InitialStateTransition3.xml (RunModel)" time="0.044" />
  <testcase classname="ptolemy.util.test.junit.AutoTests" name="[84] /home/travis/build/icyphy/ptII/ptolemy/domains/modal/test/auto/InitialStateTransition4.xml (RunModel)" time="0.026" />
  <testcase classname="ptolemy.util.test.junit.AutoTests" name="[85] /home/travis/build/icyphy/ptII/ptolemy/domains/modal/test/auto/MalformedGuardExpressionNotCaught.xml (RunModel)" time="0.029" />
  <testcase classname="ptolemy.util.test.junit.AutoTests" name="[86] /home/travis/build/icyphy/ptII/ptolemy/domains/modal/test/auto/ModalBSC.xml (RunModel)" time="0.091" />
  <testcase classname="ptolemy.util.test.junit.AutoTests" name="[87] /home/travis/build/icyphy/ptII/ptolemy/domains/modal/test/auto/ModalClocks.xml (RunModel)" time="0.085" />
  <testcase classname="ptolemy.util.test.junit.AutoTests" name="[88] /home/travis/build/icyphy/ptII/ptolemy/domains/modal/test/auto/ModalDelay.xml (RunModel)" time="0.053" />
  <testcase classname="ptolemy.util.test.junit.AutoTests" name="[89] /home/travis/build/icyphy/ptII/ptolemy/domains/modal/test/auto/ModalDelay2.xml (RunModel)" time="0.042" />
  <testcase classname="ptolemy.util.test.junit.AutoTests" name="[90] /home/travis/build/icyphy/ptII/ptolemy/domains/modal/test/auto/ModalModelFromMemo.xml (RunModel)" time="0.056" />
  <testcase classname="ptolemy.util.test.junit.AutoTests" name="[91] /home/travis/build/icyphy/ptII/ptolemy/domains/modal/test/auto/ModalModelWithMultirateTransient.xml (RunModel)" time="0.056" />
  <testcase classname="ptolemy.util.test.junit.AutoTests" name="[92] /home/travis/build/icyphy/ptII/ptolemy/domains/modal/test/auto/ModalModelWithReset.xml (RunModel)" time="0.084" />
  <testcase classname="ptolemy.util.test.junit.AutoTests" name="[93] /home/travis/build/icyphy/ptII/ptolemy/domains/modal/test/auto/MouseClickFSM.xml (RunModel)" time="0.054" />
  <testcase classname="ptolemy.util.test.junit.AutoTests" name="[94] /home/travis/build/icyphy/ptII/ptolemy/domains/modal/test/auto/MouseClickFSMModal.xml (RunModel)" time="0.041" />
  <testcase classname="ptolemy.util.test.junit.AutoTests" name="[95] /home/travis/build/icyphy/ptII/ptolemy/domains/modal/test/auto/NonStrictFSM_FeedbackLoop.xml (RunModel)" time="0.054" />
  <testcase classname="ptolemy.util.test.junit.AutoTests" name="[96] /home/travis/build/icyphy/ptII/ptolemy/domains/modal/test/auto/NonStrictFSM_FeedbackLoop_Refinement.xml (RunModel)" time="0.069" />
  <testcase classname="ptolemy.util.test.junit.AutoTests" name="[97] /home/travis/build/icyphy/ptII/ptolemy/domains/modal/test/auto/NonStrictFSM_FeedbackLoop_preemptive.xml (RunModel)" time="0.044" />
  <testcase classname="ptolemy.util.test.junit.AutoTests" name="[98] /home/travis/build/icyphy/ptII/ptolemy/domains/modal/test/auto/NormalTermination.xml (RunModel)" time="0.04" />
  <testcase classname="ptolemy.util.test.junit.AutoTests" name="[99] /home/travis/build/icyphy/ptII/ptolemy/domains/modal/test/auto/Pong.xml (RunModel)" time="0.072" />
  <testcase classname="ptolemy.util.test.junit.AutoTests" name="[100] /home/travis/build/icyphy/ptII/ptolemy/domains/modal/test/auto/Pong_test.xml (RunModel)" time="0.09" />
  <testcase classname="ptolemy.util.test.junit.AutoTests" name="[101] /home/travis/build/icyphy/ptII/ptolemy/domains/modal/test/auto/PreemptionHierarchy.xml (RunModel)" time="0.036" />
  <testcase classname="ptolemy.util.test.junit.AutoTests" name="[102] /home/travis/build/icyphy/ptII/ptolemy/domains/modal/test/auto/PreemptionHierarchy2.xml (RunModel)" time="0.035" />
  <testcase classname="ptolemy.util.test.junit.AutoTests" name="[103] /home/travis/build/icyphy/ptII/ptolemy/domains/modal/test/auto/PreemptiveTransition.xml (RunModel)" time="0.026" />
  <testcase classname="ptolemy.util.test.junit.AutoTests" name="[104] /home/travis/build/icyphy/ptII/ptolemy/domains/modal/test/auto/Priorities.xml (RunModel)" time="0.085" />
  <testcase classname="ptolemy.util.test.junit.AutoTests" name="[105] /home/travis/build/icyphy/ptII/ptolemy/domains/modal/test/auto/ResetFinal.xml (RunModel)" time="0.041" />
  <testcase classname="ptolemy.util.test.junit.AutoTests" name="[106] /home/travis/build/icyphy/ptII/ptolemy/domains/modal/test/auto/ResetFinal2.xml (RunModel)" time="0.031" />
  <testcase classname="ptolemy.util.test.junit.AutoTests" name="[107] /home/travis/build/icyphy/ptII/ptolemy/domains/modal/test/auto/ResetTransitionWithStartTime.xml (RunModel)" time="0.03" />
  <testcase classname="ptolemy.util.test.junit.AutoTests" name="[108] /home/travis/build/icyphy/ptII/ptolemy/domains/modal/test/auto/SDF-FSMComposite.xml (RunModel)" time="0.023" />
  <testcase classname="ptolemy.util.test.junit.AutoTests" name="[109] /home/travis/build/icyphy/ptII/ptolemy/domains/modal/test/auto/SeeminglyNondeterminate.xml (RunModel)" time="0.073" />
  <testcase classname="ptolemy.util.test.junit.AutoTests" name="[110] /home/travis/build/icyphy/ptII/ptolemy/domains/modal/test/auto/SeeminglyNondeterminate2.xml (RunModel)" time="0.1" />
  <testcase classname="ptolemy.util.test.junit.AutoTests" name="[111] /home/travis/build/icyphy/ptII/ptolemy/domains/modal/test/auto/SpontaneousFSM.xml (RunModel)" time="0.049" />
  <testcase classname="ptolemy.util.test.junit.AutoTests" name="[112] /home/travis/build/icyphy/ptII/ptolemy/domains/modal/test/auto/SpontaneousFSM2.xml (RunModel)" time="0.03" />
  <testcase classname="ptolemy.util.test.junit.AutoTests" name="[113] /home/travis/build/icyphy/ptII/ptolemy/domains/modal/test/auto/SpontaneousFSM3.xml (RunModel)" time="0.041" />
  <testcase classname="ptolemy.util.test.junit.AutoTests" name="[114] /home/travis/build/icyphy/ptII/ptolemy/domains/modal/test/auto/SpontaneousFSM4.xml (RunModel)" time="0.048" />
  <testcase classname="ptolemy.util.test.junit.AutoTests" name="[115] /home/travis/build/icyphy/ptII/ptolemy/domains/modal/test/auto/StateTrackerTest.xml (RunModel)" time="0.076" />
  <testcase classname="ptolemy.util.test.junit.AutoTests" name="[116] /home/travis/build/icyphy/ptII/ptolemy/domains/modal/test/auto/StrongImmediateTransition.xml (RunModel)" time="0.026" />
  <testcase classname="ptolemy.util.test.junit.AutoTests" name="[117] /home/travis/build/icyphy/ptII/ptolemy/domains/modal/test/auto/SustainHierarchy.xml (RunModel)" time="0.031" />
  <testcase classname="ptolemy.util.test.junit.AutoTests" name="[118] /home/travis/build/icyphy/ptII/ptolemy/domains/modal/test/auto/TerminationTransition1.xml (RunModel)" time="0.022" />
  <testcase classname="ptolemy.util.test.junit.AutoTests" name="[119] /home/travis/build/icyphy/ptII/ptolemy/domains/modal/test/auto/TerminationTransition2.xml (RunModel)" time="0.027" />
  <testcase classname="ptolemy.util.test.junit.AutoTests" name="[120] /home/travis/build/icyphy/ptII/ptolemy/domains/modal/test/auto/TerminationTransition3.xml (RunModel)" time="0.025" />
  <testcase classname="ptolemy.util.test.junit.AutoTests" name="[121] /home/travis/build/icyphy/ptII/ptolemy/domains/modal/test/auto/TerminationTransition4.xml (RunModel)" time="0.036" />
  <testcase classname="ptolemy.util.test.junit.AutoTests" name="[122] /home/travis/build/icyphy/ptII/ptolemy/domains/modal/test/auto/TerminationTransition5.xml (RunModel)" time="0.03" />
  <testcase classname="ptolemy.util.test.junit.AutoTests" name="[123] /home/travis/build/icyphy/ptII/ptolemy/domains/modal/test/auto/TerminationTransition6.xml (RunModel)" time="0.041" />
  <testcase classname="ptolemy.util.test.junit.AutoTests" name="[124] /home/travis/build/icyphy/ptII/ptolemy/domains/modal/test/auto/TerminationTransition7.xml (RunModel)" time="0.02" />
  <testcase classname="ptolemy.util.test.junit.AutoTests" name="[125] /home/travis/build/icyphy/ptII/ptolemy/domains/modal/test/auto/TerminationTransition8.xml (RunModel)" time="0.025" />
  <testcase classname="ptolemy.util.test.junit.AutoTests" name="[126] /home/travis/build/icyphy/ptII/ptolemy/domains/modal/test/auto/Thermostat_NoHysteresis.xml (RunModel)" time="0.084" />
  <testcase classname="ptolemy.util.test.junit.AutoTests" name="[127] /home/travis/build/icyphy/ptII/ptolemy/domains/modal/test/auto/TimedFSM.xml (RunModel)" time="0.029" />
  <testcase classname="ptolemy.util.test.junit.AutoTests" name="[128] /home/travis/build/icyphy/ptII/ptolemy/domains/modal/test/auto/Timeout1.xml (RunModel)" time="0.017" />
  <testcase classname="ptolemy.util.test.junit.AutoTests" name="[129] /home/travis/build/icyphy/ptII/ptolemy/domains/modal/test/auto/Timeout2.xml (RunModel)" time="0.019" />
  <testcase classname="ptolemy.util.test.junit.AutoTests" name="[130] /home/travis/build/icyphy/ptII/ptolemy/domains/modal/test/auto/Timeout3.xml (RunModel)" time="0.012" />
  <testcase classname="ptolemy.util.test.junit.AutoTests" name="[131] /home/travis/build/icyphy/ptII/ptolemy/domains/modal/test/auto/Timeout4.xml (RunModel)" time="0.012" />
  <testcase classname="ptolemy.util.test.junit.AutoTests" name="[132] /home/travis/build/icyphy/ptII/ptolemy/domains/modal/test/auto/TransientstateModelAdvanced.xml (RunModel)" time="0.028" />
  <testcase classname="ptolemy.util.test.junit.AutoTests" name="[133] /home/travis/build/icyphy/ptII/ptolemy/domains/modal/test/auto/TransientstateModelAdvanced2.xml (RunModel)" time="0.028" />
  <testcase classname="ptolemy.util.test.junit.AutoTests" name="[134] /home/travis/build/icyphy/ptII/ptolemy/domains/modal/test/auto/TransitionRefinements.xml (RunModel)" time="0.025" />
  <testcase classname="ptolemy.util.test.junit.AutoTests" name="[135] /home/travis/build/icyphy/ptII/ptolemy/domains/modal/test/auto/TwoRefinements1.xml (RunModel)" time="0.025" />
  <testcase classname="ptolemy.util.test.junit.AutoTests" name="[136] /home/travis/build/icyphy/ptII/ptolemy/domains/modal/test/auto/TwoRefinements2.xml (RunModel)" time="0.026" />
  <testcase classname="ptolemy.util.test.junit.AutoTests" name="[137] /home/travis/build/icyphy/ptII/ptolemy/domains/modal/test/auto/WeakImmediateTransition.xml (RunModel)" time="0.029" />
  <testcase classname="ptolemy.util.test.junit.AutoTests" name="[138] /home/travis/build/icyphy/ptII/ptolemy/domains/modal/test/auto/booleanSelect.xml (RunModel)" time="0.118" />
  <testcase classname="ptolemy.util.test.junit.AutoTests" name="[139] /home/travis/build/icyphy/ptII/ptolemy/domains/modal/test/auto/modalChangingParams.xml (RunModel)" time="0.335" />
  <testcase classname="ptolemy.util.test.junit.AutoTests" name="[140] /home/travis/build/icyphy/ptII/ptolemy/domains/modal/test/auto/modalModel.xml (RunModel)" time="0.026" />
  <testcase classname="ptolemy.util.test.junit.AutoTests" name="[141] /home/travis/build/icyphy/ptII/ptolemy/domains/modal/test/auto/modalModel2.xml (RunModel)" time="0.034" />
  <testcase classname="ptolemy.util.test.junit.AutoTests" name="[142] /home/travis/build/icyphy/ptII/ptolemy/domains/modal/test/auto/modalModel3.xml (RunModel)" time="0.039" />
  <testcase classname="ptolemy.util.test.junit.AutoTests" name="[143] /home/travis/build/icyphy/ptII/ptolemy/domains/modal/test/auto/model1.xml (RunModel)" time="0.022" />
  <testcase classname="ptolemy.util.test.junit.AutoTests" name="[144] /home/travis/build/icyphy/ptII/ptolemy/domains/modal/test/auto/test-direct-in-out.xml (RunModel)" time="0.028" />
  <system-out><![CDATA[/home/travis/build/icyphy/ptII/ptolemy/domains/modal/test/SystemLevelType.tcl
testDefs.tcl: setting time out to 9000 seconds at Tue Dec 24 16:24:26 UTC 2019
12/24/19 04:24:28
Failed: 0  Total Tests: 1  ((Passed: 1, Newly Passed: 0)  Known Failed: 0) /home/travis/build/icyphy/ptII/ptolemy/domains/modal/test
----------------- testing (KnownFailure) /home/travis/build/icyphy/ptII/ptolemy/domains/modal/test/auto/knownFailedTests/CannotAnalysisWithPreemption.xml
160 ms. Memory: 155648K Free: 95374K (61%)
Known Failure: java.lang.reflect.InvocationTargetException
No auto/linux-amd64/*.xml tests in /home/travis/build/icyphy/ptII/ptolemy/domains/modal/test
AutoTests.java: About to close Vertx.
AutoTests.java: Vertx closed.

===========================================================================================
----------------- testing Tue Dec 24 16:24:28 UTC 2019 /home/travis/build/icyphy/ptII/ptolemy/domains/modal/test/auto/ABPTest.xml
----------------- Instantiating /home/travis/build/icyphy/ptII/ptolemy/domains/modal/test/auto/ABPTest.xml
355 ms. Memory: 155648K Free: 111361K (72%)
----------------- Invoking toplevel() on ptolemy.moml.MoMLSimpleApplication@26e9be9c
----------------- Done invoking toplevel() on ptolemy.moml.MoMLSimpleApplication@26e9be9c
reloadAllAccessors: .ABPTest

===========================================================================================
----------------- testing Tue Dec 24 16:24:29 UTC 2019 /home/travis/build/icyphy/ptII/ptolemy/domains/modal/test/auto/ABROFlat.xml
----------------- Instantiating /home/travis/build/icyphy/ptII/ptolemy/domains/modal/test/auto/ABROFlat.xml
29 ms. Memory: 155648K Free: 95349K (61%)
----------------- Invoking toplevel() on ptolemy.moml.MoMLSimpleApplication@3866330a
----------------- Done invoking toplevel() on ptolemy.moml.MoMLSimpleApplication@3866330a
reloadAllAccessors: .ABROFlat

===========================================================================================
----------------- testing Tue Dec 24 16:24:29 UTC 2019 /home/travis/build/icyphy/ptII/ptolemy/domains/modal/test/auto/ABROFlat2.xml
----------------- Instantiating /home/travis/build/icyphy/ptII/ptolemy/domains/modal/test/auto/ABROFlat2.xml
31 ms. Memory: 155648K Free: 78971K (51%)
----------------- Invoking toplevel() on ptolemy.moml.MoMLSimpleApplication@41fe64de
----------------- Done invoking toplevel() on ptolemy.moml.MoMLSimpleApplication@41fe64de
reloadAllAccessors: .ABROFlat2

===========================================================================================
----------------- testing Tue Dec 24 16:24:29 UTC 2019 /home/travis/build/icyphy/ptII/ptolemy/domains/modal/test/auto/ABRO_present_hmm.xml
----------------- Instantiating /home/travis/build/icyphy/ptII/ptolemy/domains/modal/test/auto/ABRO_present_hmm.xml
67 ms. Memory: 155648K Free: 136584K (88%)
----------------- Invoking toplevel() on ptolemy.moml.MoMLSimpleApplication@4a21397
----------------- Done invoking toplevel() on ptolemy.moml.MoMLSimpleApplication@4a21397
reloadAllAccessors: .ABRO_present_hmm

===========================================================================================
----------------- testing Tue Dec 24 16:24:30 UTC 2019 /home/travis/build/icyphy/ptII/ptolemy/domains/modal/test/auto/AMICoderExample.xml
----------------- Instantiating /home/travis/build/icyphy/ptII/ptolemy/domains/modal/test/auto/AMICoderExample.xml
23 ms. Memory: 155648K Free: 126081K (81%)
----------------- Invoking toplevel() on ptolemy.moml.MoMLSimpleApplication@7fab3256
----------------- Done invoking toplevel() on ptolemy.moml.MoMLSimpleApplication@7fab3256
reloadAllAccessors: .AMICoderExample

===========================================================================================
----------------- testing Tue Dec 24 16:24:30 UTC 2019 /home/travis/build/icyphy/ptII/ptolemy/domains/modal/test/auto/AbsentToPresent.xml
----------------- Instantiating /home/travis/build/icyphy/ptII/ptolemy/domains/modal/test/auto/AbsentToPresent.xml
12 ms. Memory: 155648K Free: 121420K (78%)
----------------- Invoking toplevel() on ptolemy.moml.MoMLSimpleApplication@73f53e91
----------------- Done invoking toplevel() on ptolemy.moml.MoMLSimpleApplication@73f53e91
reloadAllAccessors: .AbsentToPresent

===========================================================================================
----------------- testing Tue Dec 24 16:24:30 UTC 2019 /home/travis/build/icyphy/ptII/ptolemy/domains/modal/test/auto/Blending.xml
----------------- Instantiating /home/travis/build/icyphy/ptII/ptolemy/domains/modal/test/auto/Blending.xml
114 ms. Memory: 155648K Free: 76967K (49%)
----------------- Invoking toplevel() on ptolemy.moml.MoMLSimpleApplication@58eaabcc
----------------- Done invoking toplevel() on ptolemy.moml.MoMLSimpleApplication@58eaabcc
reloadAllAccessors: .Blending

===========================================================================================
----------------- testing Tue Dec 24 16:24:30 UTC 2019 /home/travis/build/icyphy/ptII/ptolemy/domains/modal/test/auto/Broadcast.xml
----------------- Instantiating /home/travis/build/icyphy/ptII/ptolemy/domains/modal/test/auto/Broadcast.xml
6 ms. Memory: 155648K Free: 67600K (43%)
----------------- Invoking toplevel() on ptolemy.moml.MoMLSimpleApplication@471542ae
----------------- Done invoking toplevel() on ptolemy.moml.MoMLSimpleApplication@471542ae
reloadAllAccessors: .Broadcast

===========================================================================================
----------------- testing Tue Dec 24 16:24:30 UTC 2019 /home/travis/build/icyphy/ptII/ptolemy/domains/modal/test/auto/BroadcastHierarchy.xml
----------------- Instantiating /home/travis/build/icyphy/ptII/ptolemy/domains/modal/test/auto/BroadcastHierarchy.xml
11 ms. Memory: 155648K Free: 53836K (35%)
----------------- Invoking toplevel() on ptolemy.moml.MoMLSimpleApplication@6a510308
----------------- Done invoking toplevel() on ptolemy.moml.MoMLSimpleApplication@6a510308
reloadAllAccessors: .BroadcastHierarchy

===========================================================================================
----------------- testing Tue Dec 24 16:24:30 UTC 2019 /home/travis/build/icyphy/ptII/ptolemy/domains/modal/test/auto/BroadcastHierarchy2.xml
----------------- Instantiating /home/travis/build/icyphy/ptII/ptolemy/domains/modal/test/auto/BroadcastHierarchy2.xml
39 ms. Memory: 192512K Free: 150544K (78%)
----------------- Invoking toplevel() on ptolemy.moml.MoMLSimpleApplication@29068c79
----------------- Done invoking toplevel() on ptolemy.moml.MoMLSimpleApplication@29068c79
reloadAllAccessors: .BroadcastHierarchy2

===========================================================================================
----------------- testing Tue Dec 24 16:24:30 UTC 2019 /home/travis/build/icyphy/ptII/ptolemy/domains/modal/test/auto/BroadcastHierarchy3.xml
----------------- Instantiating /home/travis/build/icyphy/ptII/ptolemy/domains/modal/test/auto/BroadcastHierarchy3.xml
32 ms. Memory: 192512K Free: 130574K (68%)
----------------- Invoking toplevel() on ptolemy.moml.MoMLSimpleApplication@79c40b4c
----------------- Done invoking toplevel() on ptolemy.moml.MoMLSimpleApplication@79c40b4c
reloadAllAccessors: .BroadcastHierarchy3

===========================================================================================
----------------- testing Tue Dec 24 16:24:30 UTC 2019 /home/travis/build/icyphy/ptII/ptolemy/domains/modal/test/auto/BroadcastHierarchy4.xml
----------------- Instantiating /home/travis/build/icyphy/ptII/ptolemy/domains/modal/test/auto/BroadcastHierarchy4.xml
19 ms. Memory: 192512K Free: 106512K (55%)
----------------- Invoking toplevel() on ptolemy.moml.MoMLSimpleApplication@3218dcea
----------------- Done invoking toplevel() on ptolemy.moml.MoMLSimpleApplication@3218dcea
reloadAllAccessors: .BroadcastHierarchy4

===========================================================================================
----------------- testing Tue Dec 24 16:24:30 UTC 2019 /home/travis/build/icyphy/ptII/ptolemy/domains/modal/test/auto/CannotAnalysisWithPreemption2.xml
----------------- Instantiating /home/travis/build/icyphy/ptII/ptolemy/domains/modal/test/auto/CannotAnalysisWithPreemption2.xml
6 ms. Memory: 192512K Free: 99344K (52%)
----------------- Invoking toplevel() on ptolemy.moml.MoMLSimpleApplication@11e26039
----------------- Done invoking toplevel() on ptolemy.moml.MoMLSimpleApplication@11e26039
reloadAllAccessors: .CannotAnalysisWithPreemption2

===========================================================================================
----------------- testing Tue Dec 24 16:24:30 UTC 2019 /home/travis/build/icyphy/ptII/ptolemy/domains/modal/test/auto/CannotAnalysisWithPreemption3.xml
----------------- Instantiating /home/travis/build/icyphy/ptII/ptolemy/domains/modal/test/auto/CannotAnalysisWithPreemption3.xml
6 ms. Memory: 192512K Free: 89104K (46%)
----------------- Invoking toplevel() on ptolemy.moml.MoMLSimpleApplication@4496c5af
----------------- Done invoking toplevel() on ptolemy.moml.MoMLSimpleApplication@4496c5af
reloadAllAccessors: .CannotAnalysisWithPreemption3

===========================================================================================
----------------- testing Tue Dec 24 16:24:30 UTC 2019 /home/travis/build/icyphy/ptII/ptolemy/domains/modal/test/auto/CannotProduce.xml
----------------- Instantiating /home/travis/build/icyphy/ptII/ptolemy/domains/modal/test/auto/CannotProduce.xml
18 ms. Memory: 192512K Free: 82431K (43%)
----------------- Invoking toplevel() on ptolemy.moml.MoMLSimpleApplication@744e6b29
----------------- Done invoking toplevel() on ptolemy.moml.MoMLSimpleApplication@744e6b29
reloadAllAccessors: .CannotProduce

===========================================================================================
----------------- testing Tue Dec 24 16:24:31 UTC 2019 /home/travis/build/icyphy/ptII/ptolemy/domains/modal/test/auto/CannotProduceModal.xml
----------------- Instantiating /home/travis/build/icyphy/ptII/ptolemy/domains/modal/test/auto/CannotProduceModal.xml
7 ms. Memory: 192512K Free: 75792K (39%)
----------------- Invoking toplevel() on ptolemy.moml.MoMLSimpleApplication@3c525cf4
----------------- Done invoking toplevel() on ptolemy.moml.MoMLSimpleApplication@3c525cf4
reloadAllAccessors: .CannotProduceModal

===========================================================================================
----------------- testing Tue Dec 24 16:24:31 UTC 2019 /home/travis/build/icyphy/ptII/ptolemy/domains/modal/test/auto/Case.xml
----------------- Instantiating /home/travis/build/icyphy/ptII/ptolemy/domains/modal/test/auto/Case.xml
39 ms. Memory: 192512K Free: 169488K (88%)
----------------- Invoking toplevel() on ptolemy.moml.MoMLSimpleApplication@5aeb055
----------------- Done invoking toplevel() on ptolemy.moml.MoMLSimpleApplication@5aeb055
reloadAllAccessors: .Case

===========================================================================================
----------------- testing Tue Dec 24 16:24:31 UTC 2019 /home/travis/build/icyphy/ptII/ptolemy/domains/modal/test/auto/Case1.xml
----------------- Instantiating /home/travis/build/icyphy/ptII/ptolemy/domains/modal/test/auto/Case1.xml
11 ms. Memory: 192512K Free: 161806K (84%)
----------------- Invoking toplevel() on ptolemy.moml.MoMLSimpleApplication@23f3a37e
----------------- Done invoking toplevel() on ptolemy.moml.MoMLSimpleApplication@23f3a37e
reloadAllAccessors: .Case1

===========================================================================================
----------------- testing Tue Dec 24 16:24:31 UTC 2019 /home/travis/build/icyphy/ptII/ptolemy/domains/modal/test/auto/Case2.xml
----------------- Instantiating /home/travis/build/icyphy/ptII/ptolemy/domains/modal/test/auto/Case2.xml
15 ms. Memory: 192512K Free: 151056K (78%)
----------------- Invoking toplevel() on ptolemy.moml.MoMLSimpleApplication@572d999c
----------------- Done invoking toplevel() on ptolemy.moml.MoMLSimpleApplication@572d999c
reloadAllAccessors: .Case2

===========================================================================================
----------------- testing Tue Dec 24 16:24:31 UTC 2019 /home/travis/build/icyphy/ptII/ptolemy/domains/modal/test/auto/CausalityInterface1.xml
----------------- Instantiating /home/travis/build/icyphy/ptII/ptolemy/domains/modal/test/auto/CausalityInterface1.xml
3 ms. Memory: 192512K Free: 145936K (76%)
----------------- Invoking toplevel() on ptolemy.moml.MoMLSimpleApplication@368887e3
----------------- Done invoking toplevel() on ptolemy.moml.MoMLSimpleApplication@368887e3
reloadAllAccessors: .CausalityInterface1

===========================================================================================
----------------- testing Tue Dec 24 16:24:31 UTC 2019 /home/travis/build/icyphy/ptII/ptolemy/domains/modal/test/auto/CausalityInterface10.xml
----------------- Instantiating /home/travis/build/icyphy/ptII/ptolemy/domains/modal/test/auto/CausalityInterface10.xml
7 ms. Memory: 192512K Free: 132624K (69%)
----------------- Invoking toplevel() on ptolemy.moml.MoMLSimpleApplication@6ba3c9d
----------------- Done invoking toplevel() on ptolemy.moml.MoMLSimpleApplication@6ba3c9d
reloadAllAccessors: .CausalityInterface10

===========================================================================================
----------------- testing Tue Dec 24 16:24:31 UTC 2019 /home/travis/build/icyphy/ptII/ptolemy/domains/modal/test/auto/CausalityInterface11.xml
----------------- Instantiating /home/travis/build/icyphy/ptII/ptolemy/domains/modal/test/auto/CausalityInterface11.xml
6 ms. Memory: 192512K Free: 119312K (62%)
----------------- Invoking toplevel() on ptolemy.moml.MoMLSimpleApplication@4488e419
----------------- Done invoking toplevel() on ptolemy.moml.MoMLSimpleApplication@4488e419
reloadAllAccessors: .CausalityInterface11

===========================================================================================
----------------- testing Tue Dec 24 16:24:31 UTC 2019 /home/travis/build/icyphy/ptII/ptolemy/domains/modal/test/auto/CausalityInterface12.xml
----------------- Instantiating /home/travis/build/icyphy/ptII/ptolemy/domains/modal/test/auto/CausalityInterface12.xml
7 ms. Memory: 192512K Free: 106000K (55%)
----------------- Invoking toplevel() on ptolemy.moml.MoMLSimpleApplication@35969d2e
----------------- Done invoking toplevel() on ptolemy.moml.MoMLSimpleApplication@35969d2e
reloadAllAccessors: .CausalityInterface12

===========================================================================================
----------------- testing Tue Dec 24 16:24:31 UTC 2019 /home/travis/build/icyphy/ptII/ptolemy/domains/modal/test/auto/CausalityInterface13.xml
----------------- Instantiating /home/travis/build/icyphy/ptII/ptolemy/domains/modal/test/auto/CausalityInterface13.xml
17 ms. Memory: 192512K Free: 92159K (48%)
----------------- Invoking toplevel() on ptolemy.moml.MoMLSimpleApplication@289d589e
----------------- Done invoking toplevel() on ptolemy.moml.MoMLSimpleApplication@289d589e
reloadAllAccessors: .CausalityInterface13

===========================================================================================
----------------- testing Tue Dec 24 16:24:31 UTC 2019 /home/travis/build/icyphy/ptII/ptolemy/domains/modal/test/auto/CausalityInterface14.xml
----------------- Instantiating /home/travis/build/icyphy/ptII/ptolemy/domains/modal/test/auto/CausalityInterface14.xml
10 ms. Memory: 192512K Free: 78352K (41%)
----------------- Invoking toplevel() on ptolemy.moml.MoMLSimpleApplication@4b838b45
----------------- Done invoking toplevel() on ptolemy.moml.MoMLSimpleApplication@4b838b45
reloadAllAccessors: .CausalityInterface14

===========================================================================================
----------------- testing Tue Dec 24 16:24:31 UTC 2019 /home/travis/build/icyphy/ptII/ptolemy/domains/modal/test/auto/CausalityInterface2.xml
----------------- Instantiating /home/travis/build/icyphy/ptII/ptolemy/domains/modal/test/auto/CausalityInterface2.xml
4 ms. Memory: 192512K Free: 72208K (38%)
----------------- Invoking toplevel() on ptolemy.moml.MoMLSimpleApplication@5b39da6
----------------- Done invoking toplevel() on ptolemy.moml.MoMLSimpleApplication@5b39da6
reloadAllAccessors: .CausalityInterface2

===========================================================================================
----------------- testing Tue Dec 24 16:24:31 UTC 2019 /home/travis/build/icyphy/ptII/ptolemy/domains/modal/test/auto/CausalityInterface3.xml
----------------- Instantiating /home/travis/build/icyphy/ptII/ptolemy/domains/modal/test/auto/CausalityInterface3.xml
3 ms. Memory: 192512K Free: 66064K (34%)
----------------- Invoking toplevel() on ptolemy.moml.MoMLSimpleApplication@6d7601e2
----------------- Done invoking toplevel() on ptolemy.moml.MoMLSimpleApplication@6d7601e2
reloadAllAccessors: .CausalityInterface3

===========================================================================================
----------------- testing Tue Dec 24 16:24:31 UTC 2019 /home/travis/build/icyphy/ptII/ptolemy/domains/modal/test/auto/CausalityInterface4.xml
----------------- Instantiating /home/travis/build/icyphy/ptII/ptolemy/domains/modal/test/auto/CausalityInterface4.xml
4 ms. Memory: 192512K Free: 167952K (87%)
----------------- Invoking toplevel() on ptolemy.moml.MoMLSimpleApplication@6d5db03d
----------------- Done invoking toplevel() on ptolemy.moml.MoMLSimpleApplication@6d5db03d
reloadAllAccessors: .CausalityInterface4

===========================================================================================
----------------- testing Tue Dec 24 16:24:31 UTC 2019 /home/travis/build/icyphy/ptII/ptolemy/domains/modal/test/auto/CausalityInterface5.xml
----------------- Instantiating /home/travis/build/icyphy/ptII/ptolemy/domains/modal/test/auto/CausalityInterface5.xml
5 ms. Memory: 192512K Free: 159246K (83%)
----------------- Invoking toplevel() on ptolemy.moml.MoMLSimpleApplication@144e3f4d
----------------- Done invoking toplevel() on ptolemy.moml.MoMLSimpleApplication@144e3f4d
reloadAllAccessors: .CausalityInterface5

===========================================================================================
----------------- testing Tue Dec 24 16:24:31 UTC 2019 /home/travis/build/icyphy/ptII/ptolemy/domains/modal/test/auto/CausalityInterface6.xml
----------------- Instantiating /home/travis/build/icyphy/ptII/ptolemy/domains/modal/test/auto/CausalityInterface6.xml
5 ms. Memory: 192512K Free: 151054K (78%)
----------------- Invoking toplevel() on ptolemy.moml.MoMLSimpleApplication@73f33ad3
----------------- Done invoking toplevel() on ptolemy.moml.MoMLSimpleApplication@73f33ad3
reloadAllAccessors: .CausalityInterface6

===========================================================================================
----------------- testing Tue Dec 24 16:24:31 UTC 2019 /home/travis/build/icyphy/ptII/ptolemy/domains/modal/test/auto/CausalityInterface7.xml
----------------- Instantiating /home/travis/build/icyphy/ptII/ptolemy/domains/modal/test/auto/CausalityInterface7.xml
6 ms. Memory: 192512K Free: 142847K (74%)
----------------- Invoking toplevel() on ptolemy.moml.MoMLSimpleApplication@1d5ee1d9
----------------- Done invoking toplevel() on ptolemy.moml.MoMLSimpleApplication@1d5ee1d9
reloadAllAccessors: .CausalityInterface7

===========================================================================================
----------------- testing Tue Dec 24 16:24:31 UTC 2019 /home/travis/build/icyphy/ptII/ptolemy/domains/modal/test/auto/CausalityInterface8.xml
----------------- Instantiating /home/travis/build/icyphy/ptII/ptolemy/domains/modal/test/auto/CausalityInterface8.xml
5 ms. Memory: 192512K Free: 134160K (70%)
----------------- Invoking toplevel() on ptolemy.moml.MoMLSimpleApplication@5bdd4b60
----------------- Done invoking toplevel() on ptolemy.moml.MoMLSimpleApplication@5bdd4b60
reloadAllAccessors: .CausalityInterface8

===========================================================================================
----------------- testing Tue Dec 24 16:24:31 UTC 2019 /home/travis/build/icyphy/ptII/ptolemy/domains/modal/test/auto/CausalityInterface9.xml
----------------- Instantiating /home/travis/build/icyphy/ptII/ptolemy/domains/modal/test/auto/CausalityInterface9.xml
8 ms. Memory: 192512K Free: 124944K (65%)
----------------- Invoking toplevel() on ptolemy.moml.MoMLSimpleApplication@678d6be4
----------------- Done invoking toplevel() on ptolemy.moml.MoMLSimpleApplication@678d6be4
reloadAllAccessors: .CausalityInterface9

===========================================================================================
----------------- testing Tue Dec 24 16:24:31 UTC 2019 /home/travis/build/icyphy/ptII/ptolemy/domains/modal/test/auto/ChainedTransitions.xml
----------------- Instantiating /home/travis/build/icyphy/ptII/ptolemy/domains/modal/test/auto/ChainedTransitions.xml
113 ms. Memory: 192512K Free: 99854K (52%)
----------------- Invoking toplevel() on ptolemy.moml.MoMLSimpleApplication@2ea24b62
----------------- Done invoking toplevel() on ptolemy.moml.MoMLSimpleApplication@2ea24b62
reloadAllAccessors: .ChainedTransitions

===========================================================================================
----------------- testing Tue Dec 24 16:24:32 UTC 2019 /home/travis/build/icyphy/ptII/ptolemy/domains/modal/test/auto/CycleOfImmediateTransitionsFSM.xml
----------------- Instantiating /home/travis/build/icyphy/ptII/ptolemy/domains/modal/test/auto/CycleOfImmediateTransitionsFSM.xml
3 ms. Memory: 192512K Free: 94224K (49%)
----------------- Invoking toplevel() on ptolemy.moml.MoMLSimpleApplication@1ae77be2
----------------- Done invoking toplevel() on ptolemy.moml.MoMLSimpleApplication@1ae77be2
reloadAllAccessors: .CycleOfImmediateTransitionsFSM

===========================================================================================
----------------- testing Tue Dec 24 16:24:32 UTC 2019 /home/travis/build/icyphy/ptII/ptolemy/domains/modal/test/auto/CycleOfImmediateTransitionsModal.xml
----------------- Instantiating /home/travis/build/icyphy/ptII/ptolemy/domains/modal/test/auto/CycleOfImmediateTransitionsModal.xml
3 ms. Memory: 192512K Free: 88080K (46%)
----------------- Invoking toplevel() on ptolemy.moml.MoMLSimpleApplication@25381cb1
----------------- Done invoking toplevel() on ptolemy.moml.MoMLSimpleApplication@25381cb1
reloadAllAccessors: .CycleOfImmediateTransitionsModal

===========================================================================================
----------------- testing Tue Dec 24 16:24:32 UTC 2019 /home/travis/build/icyphy/ptII/ptolemy/domains/modal/test/auto/CycleOfImmediateTransitionsModal2.xml
----------------- Instantiating /home/travis/build/icyphy/ptII/ptolemy/domains/modal/test/auto/CycleOfImmediateTransitionsModal2.xml
5 ms. Memory: 192512K Free: 81936K (43%)
----------------- Invoking toplevel() on ptolemy.moml.MoMLSimpleApplication@5a56da
----------------- Done invoking toplevel() on ptolemy.moml.MoMLSimpleApplication@5a56da
reloadAllAccessors: .CycleOfImmediateTransitionsModal2

===========================================================================================
----------------- testing Tue Dec 24 16:24:32 UTC 2019 /home/travis/build/icyphy/ptII/ptolemy/domains/modal/test/auto/CycleOfImmediateTransitionsModal3.xml
----------------- Instantiating /home/travis/build/icyphy/ptII/ptolemy/domains/modal/test/auto/CycleOfImmediateTransitionsModal3.xml
15 ms. Memory: 192512K Free: 167952K (87%)
----------------- Invoking toplevel() on ptolemy.moml.MoMLSimpleApplication@4addb123
----------------- Done invoking toplevel() on ptolemy.moml.MoMLSimpleApplication@4addb123
reloadAllAccessors: .CycleOfImmediateTransitionsModal3

===========================================================================================
----------------- testing Tue Dec 24 16:24:32 UTC 2019 /home/travis/build/icyphy/ptII/ptolemy/domains/modal/test/auto/DeepModal1.xml
----------------- Instantiating /home/travis/build/icyphy/ptII/ptolemy/domains/modal/test/auto/DeepModal1.xml
36 ms. Memory: 192512K Free: 154095K (80%)
----------------- Invoking toplevel() on ptolemy.moml.MoMLSimpleApplication@1cf4a422
----------------- Done invoking toplevel() on ptolemy.moml.MoMLSimpleApplication@1cf4a422
reloadAllAccessors: .DeepModal1

===========================================================================================
----------------- testing Tue Dec 24 16:24:32 UTC 2019 /home/travis/build/icyphy/ptII/ptolemy/domains/modal/test/auto/DeepModal2.xml
----------------- Instantiating /home/travis/build/icyphy/ptII/ptolemy/domains/modal/test/auto/DeepModal2.xml
25 ms. Memory: 192512K Free: 135694K (70%)
----------------- Invoking toplevel() on ptolemy.moml.MoMLSimpleApplication@73ce789
----------------- Done invoking toplevel() on ptolemy.moml.MoMLSimpleApplication@73ce789
reloadAllAccessors: .DeepModal2

===========================================================================================
----------------- testing Tue Dec 24 16:24:32 UTC 2019 /home/travis/build/icyphy/ptII/ptolemy/domains/modal/test/auto/DeepModal3.xml
----------------- Instantiating /home/travis/build/icyphy/ptII/ptolemy/domains/modal/test/auto/DeepModal3.xml
29 ms. Memory: 192512K Free: 116223K (60%)
----------------- Invoking toplevel() on ptolemy.moml.MoMLSimpleApplication@391e3c4c
----------------- Done invoking toplevel() on ptolemy.moml.MoMLSimpleApplication@391e3c4c
reloadAllAccessors: .DeepModal3

===========================================================================================
----------------- testing Tue Dec 24 16:24:32 UTC 2019 /home/travis/build/icyphy/ptII/ptolemy/domains/modal/test/auto/DeepModal4.xml
----------------- Instantiating /home/travis/build/icyphy/ptII/ptolemy/domains/modal/test/auto/DeepModal4.xml
29 ms. Memory: 192512K Free: 96767K (50%)
----------------- Invoking toplevel() on ptolemy.moml.MoMLSimpleApplication@6ef6770e
----------------- Done invoking toplevel() on ptolemy.moml.MoMLSimpleApplication@6ef6770e
reloadAllAccessors: .DeepModal4

===========================================================================================
----------------- testing Tue Dec 24 16:24:32 UTC 2019 /home/travis/build/icyphy/ptII/ptolemy/domains/modal/test/auto/Default1.xml
----------------- Instantiating /home/travis/build/icyphy/ptII/ptolemy/domains/modal/test/auto/Default1.xml
3 ms. Memory: 192512K Free: 90638K (47%)
----------------- Invoking toplevel() on ptolemy.moml.MoMLSimpleApplication@688a9d14
----------------- Done invoking toplevel() on ptolemy.moml.MoMLSimpleApplication@688a9d14
reloadAllAccessors: .Default1

===========================================================================================
----------------- testing Tue Dec 24 16:24:32 UTC 2019 /home/travis/build/icyphy/ptII/ptolemy/domains/modal/test/auto/Default2.xml
----------------- Instantiating /home/travis/build/icyphy/ptII/ptolemy/domains/modal/test/auto/Default2.xml
6 ms. Memory: 192512K Free: 85008K (44%)
----------------- Invoking toplevel() on ptolemy.moml.MoMLSimpleApplication@37bbf05c
----------------- Done invoking toplevel() on ptolemy.moml.MoMLSimpleApplication@37bbf05c
reloadAllAccessors: .Default2

===========================================================================================
----------------- testing Tue Dec 24 16:24:32 UTC 2019 /home/travis/build/icyphy/ptII/ptolemy/domains/modal/test/auto/Default3.xml
----------------- Instantiating /home/travis/build/icyphy/ptII/ptolemy/domains/modal/test/auto/Default3.xml
6 ms. Memory: 192512K Free: 79343K (41%)
----------------- Invoking toplevel() on ptolemy.moml.MoMLSimpleApplication@734af096
----------------- Done invoking toplevel() on ptolemy.moml.MoMLSimpleApplication@734af096
reloadAllAccessors: .Default3

===========================================================================================
----------------- testing Tue Dec 24 16:24:32 UTC 2019 /home/travis/build/icyphy/ptII/ptolemy/domains/modal/test/auto/Default4.xml
----------------- Instantiating /home/travis/build/icyphy/ptII/ptolemy/domains/modal/test/auto/Default4.xml
6 ms. Memory: 192512K Free: 73230K (38%)
----------------- Invoking toplevel() on ptolemy.moml.MoMLSimpleApplication@19458677
----------------- Done invoking toplevel() on ptolemy.moml.MoMLSimpleApplication@19458677
reloadAllAccessors: .Default4

===========================================================================================
----------------- testing Tue Dec 24 16:24:32 UTC 2019 /home/travis/build/icyphy/ptII/ptolemy/domains/modal/test/auto/Default5.xml
----------------- Instantiating /home/travis/build/icyphy/ptII/ptolemy/domains/modal/test/auto/Default5.xml
23 ms. Memory: 231424K Free: 213170K (92%)
----------------- Invoking toplevel() on ptolemy.moml.MoMLSimpleApplication@174143a0
----------------- Done invoking toplevel() on ptolemy.moml.MoMLSimpleApplication@174143a0
reloadAllAccessors: .Default5

===========================================================================================
----------------- testing Tue Dec 24 16:24:32 UTC 2019 /home/travis/build/icyphy/ptII/ptolemy/domains/modal/test/auto/EmptyGuard.xml
----------------- Instantiating /home/travis/build/icyphy/ptII/ptolemy/domains/modal/test/auto/EmptyGuard.xml
13 ms. Memory: 231424K Free: 204814K (89%)
----------------- Invoking toplevel() on ptolemy.moml.MoMLSimpleApplication@5cd4f7f1
----------------- Done invoking toplevel() on ptolemy.moml.MoMLSimpleApplication@5cd4f7f1
reloadAllAccessors: .EmptyGuard

===========================================================================================
----------------- testing Tue Dec 24 16:24:32 UTC 2019 /home/travis/build/icyphy/ptII/ptolemy/domains/modal/test/auto/ErrorTransition1.xml
----------------- Instantiating /home/travis/build/icyphy/ptII/ptolemy/domains/modal/test/auto/ErrorTransition1.xml
9 ms. Memory: 231424K Free: 196112K (85%)
----------------- Invoking toplevel() on ptolemy.moml.MoMLSimpleApplication@3a31b74b
----------------- Done invoking toplevel() on ptolemy.moml.MoMLSimpleApplication@3a31b74b
reloadAllAccessors: .ErrorTransition1

===========================================================================================
----------------- testing Tue Dec 24 16:24:32 UTC 2019 /home/travis/build/icyphy/ptII/ptolemy/domains/modal/test/auto/ErrorTransition10.xml
----------------- Instantiating /home/travis/build/icyphy/ptII/ptolemy/domains/modal/test/auto/ErrorTransition10.xml
15 ms. Memory: 231424K Free: 182800K (79%)
----------------- Invoking toplevel() on ptolemy.moml.MoMLSimpleApplication@34c1705c
----------------- Done invoking toplevel() on ptolemy.moml.MoMLSimpleApplication@34c1705c
reloadAllAccessors: .ErrorTransition10

===========================================================================================
----------------- testing Tue Dec 24 16:24:32 UTC 2019 /home/travis/build/icyphy/ptII/ptolemy/domains/modal/test/auto/ErrorTransition11.xml
----------------- Instantiating /home/travis/build/icyphy/ptII/ptolemy/domains/modal/test/auto/ErrorTransition11.xml
4 ms. Memory: 231424K Free: 171536K (74%)
----------------- Invoking toplevel() on ptolemy.moml.MoMLSimpleApplication@23b70490
----------------- Done invoking toplevel() on ptolemy.moml.MoMLSimpleApplication@23b70490
reloadAllAccessors: .ErrorTransition11

===========================================================================================
----------------- testing Tue Dec 24 16:24:32 UTC 2019 /home/travis/build/icyphy/ptII/ptolemy/domains/modal/test/auto/ErrorTransition2.xml
----------------- Instantiating /home/travis/build/icyphy/ptII/ptolemy/domains/modal/test/auto/ErrorTransition2.xml
9 ms. Memory: 231424K Free: 161806K (70%)
----------------- Invoking toplevel() on ptolemy.moml.MoMLSimpleApplication@38996d6c
----------------- Done invoking toplevel() on ptolemy.moml.MoMLSimpleApplication@38996d6c
reloadAllAccessors: .ErrorTransition2

===========================================================================================
----------------- testing Tue Dec 24 16:24:32 UTC 2019 /home/travis/build/icyphy/ptII/ptolemy/domains/modal/test/auto/ErrorTransition3.xml
----------------- Instantiating /home/travis/build/icyphy/ptII/ptolemy/domains/modal/test/auto/ErrorTransition3.xml
18 ms. Memory: 231424K Free: 152080K (66%)
----------------- Invoking toplevel() on ptolemy.moml.MoMLSimpleApplication@41d2f528
----------------- Done invoking toplevel() on ptolemy.moml.MoMLSimpleApplication@41d2f528
reloadAllAccessors: .ErrorTransition3

===========================================================================================
----------------- testing Tue Dec 24 16:24:32 UTC 2019 /home/travis/build/icyphy/ptII/ptolemy/domains/modal/test/auto/ErrorTransition4.xml
----------------- Instantiating /home/travis/build/icyphy/ptII/ptolemy/domains/modal/test/auto/ErrorTransition4.xml
14 ms. Memory: 231424K Free: 140816K (61%)
----------------- Invoking toplevel() on ptolemy.moml.MoMLSimpleApplication@8d49935
----------------- Done invoking toplevel() on ptolemy.moml.MoMLSimpleApplication@8d49935
reloadAllAccessors: .ErrorTransition4

===========================================================================================
----------------- testing Tue Dec 24 16:24:32 UTC 2019 /home/travis/build/icyphy/ptII/ptolemy/domains/modal/test/auto/ErrorTransition5.xml
----------------- Instantiating /home/travis/build/icyphy/ptII/ptolemy/domains/modal/test/auto/ErrorTransition5.xml
7 ms. Memory: 231424K Free: 130576K (56%)
----------------- Invoking toplevel() on ptolemy.moml.MoMLSimpleApplication@13282624
----------------- Done invoking toplevel() on ptolemy.moml.MoMLSimpleApplication@13282624
reloadAllAccessors: .ErrorTransition5

===========================================================================================
----------------- testing Tue Dec 24 16:24:32 UTC 2019 /home/travis/build/icyphy/ptII/ptolemy/domains/modal/test/auto/ErrorTransition6.xml
----------------- Instantiating /home/travis/build/icyphy/ptII/ptolemy/domains/modal/test/auto/ErrorTransition6.xml
8 ms. Memory: 231424K Free: 119822K (52%)
----------------- Invoking toplevel() on ptolemy.moml.MoMLSimpleApplication@757ce466
----------------- Done invoking toplevel() on ptolemy.moml.MoMLSimpleApplication@757ce466
reloadAllAccessors: .ErrorTransition6

===========================================================================================
----------------- testing Tue Dec 24 16:24:32 UTC 2019 /home/travis/build/icyphy/ptII/ptolemy/domains/modal/test/auto/ErrorTransition7.xml
----------------- Instantiating /home/travis/build/icyphy/ptII/ptolemy/domains/modal/test/auto/ErrorTransition7.xml
13 ms. Memory: 231424K Free: 106503K (46%)
----------------- Invoking toplevel() on ptolemy.moml.MoMLSimpleApplication@7732f688
----------------- Done invoking toplevel() on ptolemy.moml.MoMLSimpleApplication@7732f688
reloadAllAccessors: .ErrorTransition7

===========================================================================================
----------------- testing Tue Dec 24 16:24:33 UTC 2019 /home/travis/build/icyphy/ptII/ptolemy/domains/modal/test/auto/ErrorTransition8.xml
----------------- Instantiating /home/travis/build/icyphy/ptII/ptolemy/domains/modal/test/auto/ErrorTransition8.xml
21 ms. Memory: 231424K Free: 93712K (40%)
----------------- Invoking toplevel() on ptolemy.moml.MoMLSimpleApplication@c888c71
----------------- Done invoking toplevel() on ptolemy.moml.MoMLSimpleApplication@c888c71
reloadAllAccessors: .ErrorTransition8

===========================================================================================
----------------- testing Tue Dec 24 16:24:33 UTC 2019 /home/travis/build/icyphy/ptII/ptolemy/domains/modal/test/auto/ErrorTransition9.xml
----------------- Instantiating /home/travis/build/icyphy/ptII/ptolemy/domains/modal/test/auto/ErrorTransition9.xml
21 ms. Memory: 231424K Free: 211186K (91%)
----------------- Invoking toplevel() on ptolemy.moml.MoMLSimpleApplication@519e5a81
----------------- Done invoking toplevel() on ptolemy.moml.MoMLSimpleApplication@519e5a81
reloadAllAccessors: .ErrorTransition9

===========================================================================================
----------------- testing Tue Dec 24 16:24:33 UTC 2019 /home/travis/build/icyphy/ptII/ptolemy/domains/modal/test/auto/ExtendedFSM.xml
----------------- Instantiating /home/travis/build/icyphy/ptII/ptolemy/domains/modal/test/auto/ExtendedFSM.xml
10 ms. Memory: 231424K Free: 201727K (87%)
----------------- Invoking toplevel() on ptolemy.moml.MoMLSimpleApplication@1325073d
----------------- Done invoking toplevel() on ptolemy.moml.MoMLSimpleApplication@1325073d
reloadAllAccessors: .ExtendedFSM

===========================================================================================
----------------- testing Tue Dec 24 16:24:33 UTC 2019 /home/travis/build/icyphy/ptII/ptolemy/domains/modal/test/auto/FinalStates.xml
----------------- Instantiating /home/travis/build/icyphy/ptII/ptolemy/domains/modal/test/auto/FinalStates.xml
9 ms. Memory: 231424K Free: 193535K (84%)
----------------- Invoking toplevel() on ptolemy.moml.MoMLSimpleApplication@18f2044
----------------- Done invoking toplevel() on ptolemy.moml.MoMLSimpleApplication@18f2044
reloadAllAccessors: .FinalStates

===========================================================================================
----------------- testing Tue Dec 24 16:24:33 UTC 2019 /home/travis/build/icyphy/ptII/ptolemy/domains/modal/test/auto/FixedPointFSM.xml
----------------- Instantiating /home/travis/build/icyphy/ptII/ptolemy/domains/modal/test/auto/FixedPointFSM.xml
22 ms. Memory: 231424K Free: 178704K (77%)
----------------- Invoking toplevel() on ptolemy.moml.MoMLSimpleApplication@305e444a
----------------- Done invoking toplevel() on ptolemy.moml.MoMLSimpleApplication@305e444a
reloadAllAccessors: .FixedPointFSM

===========================================================================================
----------------- testing Tue Dec 24 16:24:33 UTC 2019 /home/travis/build/icyphy/ptII/ptolemy/domains/modal/test/auto/FixedPointIterationFSMActor.xml
----------------- Instantiating /home/travis/build/icyphy/ptII/ptolemy/domains/modal/test/auto/FixedPointIterationFSMActor.xml
8 ms. Memory: 231424K Free: 167943K (73%)
----------------- Invoking toplevel() on ptolemy.moml.MoMLSimpleApplication@5df0b6b1
----------------- Done invoking toplevel() on ptolemy.moml.MoMLSimpleApplication@5df0b6b1
reloadAllAccessors: .FixedPointIterationFSMActor

===========================================================================================
----------------- testing Tue Dec 24 16:24:33 UTC 2019 /home/travis/build/icyphy/ptII/ptolemy/domains/modal/test/auto/FixedPointIterationFSMActor2.xml
----------------- Instantiating /home/travis/build/icyphy/ptII/ptolemy/domains/modal/test/auto/FixedPointIterationFSMActor2.xml
12 ms. Memory: 231424K Free: 155655K (67%)
----------------- Invoking toplevel() on ptolemy.moml.MoMLSimpleApplication@641d9a62
----------------- Done invoking toplevel() on ptolemy.moml.MoMLSimpleApplication@641d9a62
reloadAllAccessors: .FixedPointIterationFSMActor2

===========================================================================================
----------------- testing Tue Dec 24 16:24:33 UTC 2019 /home/travis/build/icyphy/ptII/ptolemy/domains/modal/test/auto/ForbiddenInstantanousLoop.xml
----------------- Instantiating /home/travis/build/icyphy/ptII/ptolemy/domains/modal/test/auto/ForbiddenInstantanousLoop.xml
11 ms. Memory: 231424K Free: 143359K (62%)
----------------- Invoking toplevel() on ptolemy.moml.MoMLSimpleApplication@70a19498
----------------- Done invoking toplevel() on ptolemy.moml.MoMLSimpleApplication@70a19498
reloadAllAccessors: .ForbiddenInstantanousLoop

===========================================================================================
----------------- testing Tue Dec 24 16:24:33 UTC 2019 /home/travis/build/icyphy/ptII/ptolemy/domains/modal/test/auto/FunctionDependencyOfFSMActorTest.xml
----------------- Instantiating /home/travis/build/icyphy/ptII/ptolemy/domains/modal/test/auto/FunctionDependencyOfFSMActorTest.xml
15 ms. Memory: 231424K Free: 136720K (59%)
----------------- Invoking toplevel() on ptolemy.moml.MoMLSimpleApplication@6f5be339
----------------- Done invoking toplevel() on ptolemy.moml.MoMLSimpleApplication@6f5be339
reloadAllAccessors: .FunctionDependencyOfFSMActorTest

===========================================================================================
----------------- testing Tue Dec 24 16:24:33 UTC 2019 /home/travis/build/icyphy/ptII/ptolemy/domains/modal/test/auto/GuardExpression.xml
----------------- Instantiating /home/travis/build/icyphy/ptII/ptolemy/domains/modal/test/auto/GuardExpression.xml
2 ms. Memory: 231424K Free: 131600K (57%)
----------------- Invoking toplevel() on ptolemy.moml.MoMLSimpleApplication@258b6dc4
----------------- Done invoking toplevel() on ptolemy.moml.MoMLSimpleApplication@258b6dc4
reloadAllAccessors: .GuardExpression

===========================================================================================
----------------- testing Tue Dec 24 16:24:33 UTC 2019 /home/travis/build/icyphy/ptII/ptolemy/domains/modal/test/auto/GuardNotEvaluated.xml
----------------- Instantiating /home/travis/build/icyphy/ptII/ptolemy/domains/modal/test/auto/GuardNotEvaluated.xml
7 ms. Memory: 231424K Free: 122879K (53%)
----------------- Invoking toplevel() on ptolemy.moml.MoMLSimpleApplication@62199906
----------------- Done invoking toplevel() on ptolemy.moml.MoMLSimpleApplication@62199906
reloadAllAccessors: .GuardNotEvaluated

===========================================================================================
----------------- testing Tue Dec 24 16:24:33 UTC 2019 /home/travis/build/icyphy/ptII/ptolemy/domains/modal/test/auto/GuardNotEvaluated2.xml
----------------- Instantiating /home/travis/build/icyphy/ptII/ptolemy/domains/modal/test/auto/GuardNotEvaluated2.xml
8 ms. Memory: 231424K Free: 113168K (49%)
----------------- Invoking toplevel() on ptolemy.moml.MoMLSimpleApplication@1e7dc43b
----------------- Done invoking toplevel() on ptolemy.moml.MoMLSimpleApplication@1e7dc43b
reloadAllAccessors: .GuardNotEvaluated2

===========================================================================================
----------------- testing Tue Dec 24 16:24:33 UTC 2019 /home/travis/build/icyphy/ptII/ptolemy/domains/modal/test/auto/GuardOnAbsent.xml
----------------- Instantiating /home/travis/build/icyphy/ptII/ptolemy/domains/modal/test/auto/GuardOnAbsent.xml
8 ms. Memory: 231424K Free: 105455K (46%)
----------------- Invoking toplevel() on ptolemy.moml.MoMLSimpleApplication@44caa9d9
----------------- Done invoking toplevel() on ptolemy.moml.MoMLSimpleApplication@44caa9d9
reloadAllAccessors: .GuardOnAbsent

===========================================================================================
----------------- testing Tue Dec 24 16:24:33 UTC 2019 /home/travis/build/icyphy/ptII/ptolemy/domains/modal/test/auto/HierarchicalFSMTypeInference.xml
----------------- Instantiating /home/travis/build/icyphy/ptII/ptolemy/domains/modal/test/auto/HierarchicalFSMTypeInference.xml
5 ms. Memory: 231424K Free: 94736K (41%)
----------------- Invoking toplevel() on ptolemy.moml.MoMLSimpleApplication@6b71f48b
----------------- Done invoking toplevel() on ptolemy.moml.MoMLSimpleApplication@6b71f48b
reloadAllAccessors: .HierarchicalFSMTypeInference

===========================================================================================
----------------- testing Tue Dec 24 16:24:33 UTC 2019 /home/travis/build/icyphy/ptII/ptolemy/domains/modal/test/auto/Hysteresis.xml
----------------- Instantiating /home/travis/build/icyphy/ptII/ptolemy/domains/modal/test/auto/Hysteresis.xml
17 ms. Memory: 231424K Free: 81424K (35%)
----------------- Invoking toplevel() on ptolemy.moml.MoMLSimpleApplication@7eb78964
----------------- Done invoking toplevel() on ptolemy.moml.MoMLSimpleApplication@7eb78964
reloadAllAccessors: .Hysteresis

===========================================================================================
----------------- testing Tue Dec 24 16:24:33 UTC 2019 /home/travis/build/icyphy/ptII/ptolemy/domains/modal/test/auto/HysteresisWithDefault.xml
----------------- Instantiating /home/travis/build/icyphy/ptII/ptolemy/domains/modal/test/auto/HysteresisWithDefault.xml
39 ms. Memory: 231424K Free: 189439K (82%)
----------------- Invoking toplevel() on ptolemy.moml.MoMLSimpleApplication@2dc39449
----------------- Done invoking toplevel() on ptolemy.moml.MoMLSimpleApplication@2dc39449
reloadAllAccessors: .HysteresisWithDefault

===========================================================================================
----------------- testing Tue Dec 24 16:24:33 UTC 2019 /home/travis/build/icyphy/ptII/ptolemy/domains/modal/test/auto/HysteresisWithDefault2.xml
----------------- Instantiating /home/travis/build/icyphy/ptII/ptolemy/domains/modal/test/auto/HysteresisWithDefault2.xml
43 ms. Memory: 231424K Free: 160270K (69%)
----------------- Invoking toplevel() on ptolemy.moml.MoMLSimpleApplication@40f8bc70
----------------- Done invoking toplevel() on ptolemy.moml.MoMLSimpleApplication@40f8bc70
reloadAllAccessors: .HysteresisWithDefault2

===========================================================================================
----------------- testing Tue Dec 24 16:24:33 UTC 2019 /home/travis/build/icyphy/ptII/ptolemy/domains/modal/test/auto/ImmediateNonConstructiveness.xml
----------------- Instantiating /home/travis/build/icyphy/ptII/ptolemy/domains/modal/test/auto/ImmediateNonConstructiveness.xml
4 ms. Memory: 231424K Free: 153104K (66%)
----------------- Invoking toplevel() on ptolemy.moml.MoMLSimpleApplication@8b8c0fe
----------------- Done invoking toplevel() on ptolemy.moml.MoMLSimpleApplication@8b8c0fe
reloadAllAccessors: .ImmediateNonConstructiveness

===========================================================================================
----------------- testing Tue Dec 24 16:24:33 UTC 2019 /home/travis/build/icyphy/ptII/ptolemy/domains/modal/test/auto/ImmediateNonConstructiveness2.xml
----------------- Instantiating /home/travis/build/icyphy/ptII/ptolemy/domains/modal/test/auto/ImmediateNonConstructiveness2.xml
2 ms. Memory: 231424K Free: 146446K (63%)
----------------- Invoking toplevel() on ptolemy.moml.MoMLSimpleApplication@5090f7
----------------- Done invoking toplevel() on ptolemy.moml.MoMLSimpleApplication@5090f7
reloadAllAccessors: .ImmediateNonConstructiveness2

===========================================================================================
----------------- testing Tue Dec 24 16:24:33 UTC 2019 /home/travis/build/icyphy/ptII/ptolemy/domains/modal/test/auto/ImmediateTransitionReset.xml
----------------- Instantiating /home/travis/build/icyphy/ptII/ptolemy/domains/modal/test/auto/ImmediateTransitionReset.xml
8 ms. Memory: 231424K Free: 134158K (58%)
----------------- Invoking toplevel() on ptolemy.moml.MoMLSimpleApplication@256a1bc6
----------------- Done invoking toplevel() on ptolemy.moml.MoMLSimpleApplication@256a1bc6
reloadAllAccessors: .ImmediateTransitionReset

===========================================================================================
----------------- testing Tue Dec 24 16:24:33 UTC 2019 /home/travis/build/icyphy/ptII/ptolemy/domains/modal/test/auto/ImmediateTransitions1.xml
----------------- Instantiating /home/travis/build/icyphy/ptII/ptolemy/domains/modal/test/auto/ImmediateTransitions1.xml
2 ms. Memory: 231424K Free: 129038K (56%)
----------------- Invoking toplevel() on ptolemy.moml.MoMLSimpleApplication@51414585
----------------- Done invoking toplevel() on ptolemy.moml.MoMLSimpleApplication@51414585
reloadAllAccessors: .ImmediateTransitions1

===========================================================================================
----------------- testing Tue Dec 24 16:24:33 UTC 2019 /home/travis/build/icyphy/ptII/ptolemy/domains/modal/test/auto/ImmediateTransitionsInstantaneousCommunication.xml
----------------- Instantiating /home/travis/build/icyphy/ptII/ptolemy/domains/modal/test/auto/ImmediateTransitionsInstantaneousCommunication.xml
5 ms. Memory: 231424K Free: 116735K (50%)
----------------- Invoking toplevel() on ptolemy.moml.MoMLSimpleApplication@529a774b
----------------- Done invoking toplevel() on ptolemy.moml.MoMLSimpleApplication@529a774b
reloadAllAccessors: .ImmediateTransitionsInstantaneousCommunication

===========================================================================================
----------------- testing Tue Dec 24 16:24:33 UTC 2019 /home/travis/build/icyphy/ptII/ptolemy/domains/modal/test/auto/InitialImmediateTransition.xml
----------------- Instantiating /home/travis/build/icyphy/ptII/ptolemy/domains/modal/test/auto/InitialImmediateTransition.xml
5 ms. Memory: 231424K Free: 109575K (47%)
----------------- Invoking toplevel() on ptolemy.moml.MoMLSimpleApplication@546ef5f7
----------------- Done invoking toplevel() on ptolemy.moml.MoMLSimpleApplication@546ef5f7
reloadAllAccessors: .InitialImmediateTransition

===========================================================================================
----------------- testing Tue Dec 24 16:24:33 UTC 2019 /home/travis/build/icyphy/ptII/ptolemy/domains/modal/test/auto/InitialOutputs.xml
----------------- Instantiating /home/travis/build/icyphy/ptII/ptolemy/domains/modal/test/auto/InitialOutputs.xml
3 ms. Memory: 231424K Free: 102928K (44%)
----------------- Invoking toplevel() on ptolemy.moml.MoMLSimpleApplication@53e8e951
----------------- Done invoking toplevel() on ptolemy.moml.MoMLSimpleApplication@53e8e951
reloadAllAccessors: .InitialOutputs

===========================================================================================
----------------- testing Tue Dec 24 16:24:33 UTC 2019 /home/travis/build/icyphy/ptII/ptolemy/domains/modal/test/auto/InitialStateTransition1.xml
----------------- Instantiating /home/travis/build/icyphy/ptII/ptolemy/domains/modal/test/auto/InitialStateTransition1.xml
3 ms. Memory: 231424K Free: 95760K (41%)
----------------- Invoking toplevel() on ptolemy.moml.MoMLSimpleApplication@1efae7ee
----------------- Done invoking toplevel() on ptolemy.moml.MoMLSimpleApplication@1efae7ee
reloadAllAccessors: .InitialStateTransition1

===========================================================================================
----------------- testing Tue Dec 24 16:24:33 UTC 2019 /home/travis/build/icyphy/ptII/ptolemy/domains/modal/test/auto/InitialStateTransition2.xml
----------------- Instantiating /home/travis/build/icyphy/ptII/ptolemy/domains/modal/test/auto/InitialStateTransition2.xml
.InitialStateTransition2.TestExceptionAttributeNonConstructive: initialize() was not invoked, but wrapup() was.  This is unusual, but not always a problem.  For example, exporting JNLP will do this.
1 ms. Memory: 231424K Free: 88592K (38%)
----------------- Invoking toplevel() on ptolemy.moml.MoMLSimpleApplication@1426b6d9
----------------- Done invoking toplevel() on ptolemy.moml.MoMLSimpleApplication@1426b6d9
reloadAllAccessors: .InitialStateTransition2

===========================================================================================
----------------- testing Tue Dec 24 16:24:33 UTC 2019 /home/travis/build/icyphy/ptII/ptolemy/domains/modal/test/auto/InitialStateTransition3.xml
----------------- Instantiating /home/travis/build/icyphy/ptII/ptolemy/domains/modal/test/auto/InitialStateTransition3.xml
4 ms. Memory: 231424K Free: 211634K (91%)
----------------- Invoking toplevel() on ptolemy.moml.MoMLSimpleApplication@3db50360
----------------- Done invoking toplevel() on ptolemy.moml.MoMLSimpleApplication@3db50360
reloadAllAccessors: .InitialStateTransition3

===========================================================================================
----------------- testing Tue Dec 24 16:24:33 UTC 2019 /home/travis/build/icyphy/ptII/ptolemy/domains/modal/test/auto/InitialStateTransition4.xml
----------------- Instantiating /home/travis/build/icyphy/ptII/ptolemy/domains/modal/test/auto/InitialStateTransition4.xml
4 ms. Memory: 231424K Free: 201742K (87%)
----------------- Invoking toplevel() on ptolemy.moml.MoMLSimpleApplication@3a28fc0
----------------- Done invoking toplevel() on ptolemy.moml.MoMLSimpleApplication@3a28fc0
[...]
reloadAllAccessors: .TerminationTransition3

===========================================================================================
----------------- testing Tue Dec 24 16:24:35 UTC 2019 /home/travis/build/icyphy/ptII/ptolemy/domains/modal/test/auto/TerminationTransition4.xml
----------------- Instantiating /home/travis/build/icyphy/ptII/ptolemy/domains/modal/test/auto/TerminationTransition4.xml
4 ms. Memory: 278528K Free: 116347K (42%)
----------------- Invoking toplevel() on ptolemy.moml.MoMLSimpleApplication@4614ca3e
----------------- Done invoking toplevel() on ptolemy.moml.MoMLSimpleApplication@4614ca3e
reloadAllAccessors: .TerminationTransition4

===========================================================================================
----------------- testing Tue Dec 24 16:24:35 UTC 2019 /home/travis/build/icyphy/ptII/ptolemy/domains/modal/test/auto/TerminationTransition5.xml
----------------- Instantiating /home/travis/build/icyphy/ptII/ptolemy/domains/modal/test/auto/TerminationTransition5.xml
3 ms. Memory: 278528K Free: 102525K (37%)
----------------- Invoking toplevel() on ptolemy.moml.MoMLSimpleApplication@5bb1f743
----------------- Done invoking toplevel() on ptolemy.moml.MoMLSimpleApplication@5bb1f743
reloadAllAccessors: .TerminationTransition5

===========================================================================================
----------------- testing Tue Dec 24 16:24:35 UTC 2019 /home/travis/build/icyphy/ptII/ptolemy/domains/modal/test/auto/TerminationTransition6.xml
----------------- Instantiating /home/travis/build/icyphy/ptII/ptolemy/domains/modal/test/auto/TerminationTransition6.xml
2 ms. Memory: 278528K Free: 256236K (92%)
----------------- Invoking toplevel() on ptolemy.moml.MoMLSimpleApplication@2dce26bb
----------------- Done invoking toplevel() on ptolemy.moml.MoMLSimpleApplication@2dce26bb
reloadAllAccessors: .TerminationTransition6

===========================================================================================
----------------- testing Tue Dec 24 16:24:36 UTC 2019 /home/travis/build/icyphy/ptII/ptolemy/domains/modal/test/auto/TerminationTransition7.xml
----------------- Instantiating /home/travis/build/icyphy/ptII/ptolemy/domains/modal/test/auto/TerminationTransition7.xml
2 ms. Memory: 278528K Free: 246506K (89%)
----------------- Invoking toplevel() on ptolemy.moml.MoMLSimpleApplication@22b9f315
----------------- Done invoking toplevel() on ptolemy.moml.MoMLSimpleApplication@22b9f315
reloadAllAccessors: .TerminationTransition7

===========================================================================================
----------------- testing Tue Dec 24 16:24:36 UTC 2019 /home/travis/build/icyphy/ptII/ptolemy/domains/modal/test/auto/TerminationTransition8.xml
----------------- Instantiating /home/travis/build/icyphy/ptII/ptolemy/domains/modal/test/auto/TerminationTransition8.xml
3 ms. Memory: 278528K Free: 237290K (85%)
----------------- Invoking toplevel() on ptolemy.moml.MoMLSimpleApplication@40354854
----------------- Done invoking toplevel() on ptolemy.moml.MoMLSimpleApplication@40354854
reloadAllAccessors: .TerminationTransition8

===========================================================================================
----------------- testing Tue Dec 24 16:24:36 UTC 2019 /home/travis/build/icyphy/ptII/ptolemy/domains/modal/test/auto/Thermostat_NoHysteresis.xml
----------------- Instantiating /home/travis/build/icyphy/ptII/ptolemy/domains/modal/test/auto/Thermostat_NoHysteresis.xml
43 ms. Memory: 278528K Free: 212708K (76%)
----------------- Invoking toplevel() on ptolemy.moml.MoMLSimpleApplication@6cf09ace
----------------- Done invoking toplevel() on ptolemy.moml.MoMLSimpleApplication@6cf09ace
reloadAllAccessors: .Thermostat_NoHysteresis

===========================================================================================
----------------- testing Tue Dec 24 16:24:36 UTC 2019 /home/travis/build/icyphy/ptII/ptolemy/domains/modal/test/auto/TimedFSM.xml
----------------- Instantiating /home/travis/build/icyphy/ptII/ptolemy/domains/modal/test/auto/TimedFSM.xml
7 ms. Memory: 278528K Free: 200940K (72%)
----------------- Invoking toplevel() on ptolemy.moml.MoMLSimpleApplication@fa92ef4
----------------- Done invoking toplevel() on ptolemy.moml.MoMLSimpleApplication@fa92ef4
reloadAllAccessors: .TimedFSM

===========================================================================================
----------------- testing Tue Dec 24 16:24:36 UTC 2019 /home/travis/build/icyphy/ptII/ptolemy/domains/modal/test/auto/Timeout1.xml
----------------- Instantiating /home/travis/build/icyphy/ptII/ptolemy/domains/modal/test/auto/Timeout1.xml
4 ms. Memory: 278528K Free: 195292K (70%)
----------------- Invoking toplevel() on ptolemy.moml.MoMLSimpleApplication@7319cc3a
----------------- Done invoking toplevel() on ptolemy.moml.MoMLSimpleApplication@7319cc3a
reloadAllAccessors: .Timeout1

===========================================================================================
----------------- testing Tue Dec 24 16:24:36 UTC 2019 /home/travis/build/icyphy/ptII/ptolemy/domains/modal/test/auto/Timeout2.xml
----------------- Instantiating /home/travis/build/icyphy/ptII/ptolemy/domains/modal/test/auto/Timeout2.xml
6 ms. Memory: 278528K Free: 186604K (67%)
----------------- Invoking toplevel() on ptolemy.moml.MoMLSimpleApplication@2c600f62
----------------- Done invoking toplevel() on ptolemy.moml.MoMLSimpleApplication@2c600f62
reloadAllAccessors: .Timeout2

===========================================================================================
----------------- testing Tue Dec 24 16:24:36 UTC 2019 /home/travis/build/icyphy/ptII/ptolemy/domains/modal/test/auto/Timeout3.xml
----------------- Instantiating /home/travis/build/icyphy/ptII/ptolemy/domains/modal/test/auto/Timeout3.xml
2 ms. Memory: 278528K Free: 181484K (65%)
----------------- Invoking toplevel() on ptolemy.moml.MoMLSimpleApplication@13b37dcd
----------------- Done invoking toplevel() on ptolemy.moml.MoMLSimpleApplication@13b37dcd
reloadAllAccessors: .Timeout3

===========================================================================================
----------------- testing Tue Dec 24 16:24:36 UTC 2019 /home/travis/build/icyphy/ptII/ptolemy/domains/modal/test/auto/Timeout4.xml
----------------- Instantiating /home/travis/build/icyphy/ptII/ptolemy/domains/modal/test/auto/Timeout4.xml
2 ms. Memory: 278528K Free: 176364K (63%)
----------------- Invoking toplevel() on ptolemy.moml.MoMLSimpleApplication@1625c99f
----------------- Done invoking toplevel() on ptolemy.moml.MoMLSimpleApplication@1625c99f
reloadAllAccessors: .Timeout4

===========================================================================================
----------------- testing Tue Dec 24 16:24:36 UTC 2019 /home/travis/build/icyphy/ptII/ptolemy/domains/modal/test/auto/TransientstateModelAdvanced.xml
----------------- Instantiating /home/travis/build/icyphy/ptII/ptolemy/domains/modal/test/auto/TransientstateModelAdvanced.xml
4 ms. Memory: 278528K Free: 164076K (59%)
----------------- Invoking toplevel() on ptolemy.moml.MoMLSimpleApplication@565f139e
----------------- Done invoking toplevel() on ptolemy.moml.MoMLSimpleApplication@565f139e
reloadAllAccessors: .TransientstateModelAdvanced

===========================================================================================
----------------- testing Tue Dec 24 16:24:36 UTC 2019 /home/travis/build/icyphy/ptII/ptolemy/domains/modal/test/auto/TransientstateModelAdvanced2.xml
----------------- Instantiating /home/travis/build/icyphy/ptII/ptolemy/domains/modal/test/auto/TransientstateModelAdvanced2.xml
3 ms. Memory: 278528K Free: 149740K (54%)
----------------- Invoking toplevel() on ptolemy.moml.MoMLSimpleApplication@25609b83
----------------- Done invoking toplevel() on ptolemy.moml.MoMLSimpleApplication@25609b83
reloadAllAccessors: .transientstatemodelAdvanced

===========================================================================================
----------------- testing Tue Dec 24 16:24:36 UTC 2019 /home/travis/build/icyphy/ptII/ptolemy/domains/modal/test/auto/TransitionRefinements.xml
----------------- Instantiating /home/travis/build/icyphy/ptII/ptolemy/domains/modal/test/auto/TransitionRefinements.xml
8 ms. Memory: 278528K Free: 139996K (50%)
----------------- Invoking toplevel() on ptolemy.moml.MoMLSimpleApplication@5d798f97
----------------- Done invoking toplevel() on ptolemy.moml.MoMLSimpleApplication@5d798f97
reloadAllAccessors: .TransitionRefinements

===========================================================================================
----------------- testing Tue Dec 24 16:24:36 UTC 2019 /home/travis/build/icyphy/ptII/ptolemy/domains/modal/test/auto/TwoRefinements1.xml
----------------- Instantiating /home/travis/build/icyphy/ptII/ptolemy/domains/modal/test/auto/TwoRefinements1.xml
4 ms. Memory: 278528K Free: 129770K (47%)
----------------- Invoking toplevel() on ptolemy.moml.MoMLSimpleApplication@5553a595
----------------- Done invoking toplevel() on ptolemy.moml.MoMLSimpleApplication@5553a595
reloadAllAccessors: .TwoRefinements1

===========================================================================================
----------------- testing Tue Dec 24 16:24:36 UTC 2019 /home/travis/build/icyphy/ptII/ptolemy/domains/modal/test/auto/TwoRefinements2.xml
----------------- Instantiating /home/travis/build/icyphy/ptII/ptolemy/domains/modal/test/auto/TwoRefinements2.xml
2 ms. Memory: 278528K Free: 119530K (43%)
----------------- Invoking toplevel() on ptolemy.moml.MoMLSimpleApplication@1d2dbb48
----------------- Done invoking toplevel() on ptolemy.moml.MoMLSimpleApplication@1d2dbb48
reloadAllAccessors: .TwoRefinements2

===========================================================================================
----------------- testing Tue Dec 24 16:24:36 UTC 2019 /home/travis/build/icyphy/ptII/ptolemy/domains/modal/test/auto/WeakImmediateTransition.xml
----------------- Instantiating /home/travis/build/icyphy/ptII/ptolemy/domains/modal/test/auto/WeakImmediateTransition.xml
4 ms. Memory: 278528K Free: 110828K (40%)
----------------- Invoking toplevel() on ptolemy.moml.MoMLSimpleApplication@c14ab49
----------------- Done invoking toplevel() on ptolemy.moml.MoMLSimpleApplication@c14ab49
reloadAllAccessors: .WeakImmediateTransition

===========================================================================================
----------------- testing Tue Dec 24 16:24:36 UTC 2019 /home/travis/build/icyphy/ptII/ptolemy/domains/modal/test/auto/booleanSelect.xml
----------------- Instantiating /home/travis/build/icyphy/ptII/ptolemy/domains/modal/test/auto/booleanSelect.xml
74 ms. Memory: 361472K Free: 338125K (94%)
----------------- Invoking toplevel() on ptolemy.moml.MoMLSimpleApplication@5530f1a9
----------------- Done invoking toplevel() on ptolemy.moml.MoMLSimpleApplication@5530f1a9
reloadAllAccessors: .booleanSelect

===========================================================================================
----------------- testing Tue Dec 24 16:24:36 UTC 2019 /home/travis/build/icyphy/ptII/ptolemy/domains/modal/test/auto/modalChangingParams.xml
----------------- Instantiating /home/travis/build/icyphy/ptII/ptolemy/domains/modal/test/auto/modalChangingParams.xml
0
1
0
2
4
6
8
7
0
2
4
6
8
13
0
2
4
6
8
19
0
2
4
6
8
25
0
2
4
6
8
31
0
2
4
6
8
37
0
2
4
6
8
43
0
2
4
6
8
49
0
2
4
6
8
55
0
2
4
6
8
61
0
2
4
6
8
67
0
2
4
6
8
73
0
2
4
6
8
79
0
2
4
6
8
85
0
2
4
6
8
91
0
2
4
6
8
97
0
2
4
6
8
103
0
2
4
6
8
109
0
2
4
6
8
115
0
2
4
6
8
121
0
2
4
6
8
127
0
2
4
6
8
133
0
2
4
6
8
139
0
2
4
6
8
145
0
2
4
6
8
151
0
2
4
6
8
157
0
2
4
6
8
163
0
2
4
6
8
169
0
2
4
6
8
175
0
2
4
6
8
181
0
2
4
6
8
187
0
2
4
6
8
193
0
2
4
6
8
199
0
2
4
6
8
205
0
2
4
6
8
211
0
2
4
6
8
217
0
2
4
6
8
223
0
2
4
6
8
229
0
2
4
6
8
235
0
2
4
6
8
241
0
2
4
6
8
247
0
2
4
6
8
253
0
2
4
6
8
259
0
2
4
6
8
265
0
2
4
6
8
271
0
2
4
6
8
277
0
2
4
6
8
283
0
2
4
6
8
289
0
2
4
6
8
295
0
2
4
6
8
301
0
2
4
6
8
307
0
2
4
6
8
313
0
2
4
6
8
319
0
2
4
6
8
325
0
2
4
6
8
331
0
2
4
6
8
337
0
2
4
6
8
343
0
2
4
6
8
349
0
2
4
6
8
355
0
2
4
6
8
361
0
2
4
6
8
367
0
2
4
6
8
373
0
2
4
6
8
379
0
2
4
6
8
385
0
2
4
6
8
391
0
2
4
6
8
397
0
2
4
6
8
403
0
2
4
6
8
409
0
2
4
6
8
415
0
2
4
6
8
421
0
2
4
6
8
427
0
2
4
6
8
433
0
2
4
6
8
439
0
2
4
6
8
445
0
2
4
6
8
451
0
2
4
6
8
457
0
2
4
6
8
463
0
2
4
6
8
469
0
2
4
6
8
475
0
2
4
6
8
481
0
2
4
6
8
487
0
2
4
6
8
493
0
2
4
6
8
499
0
2
4
6
8
505
0
2
4
6
8
511
0
2
4
6
8
517
0
2
4
6
8
523
0
2
4
6
8
529
0
2
4
6
8
535
0
2
4
6
8
541
0
2
4
6
8
547
0
2
4
6
8
553
0
2
4
6
8
559
0
2
4
6
8
565
0
2
4
6
8
571
0
2
4
6
8
577
0
2
4
6
8
583
0
2
4
6
8
589
0
2
4
6
8
595
0
2
4
6
8
601
0
2
4
6
8
607
0
2
4
6
8
613
0
2
4
6
8
619
0
2
4
6
8
625
0
2
4
6
8
631
0
2
4
6
8
637
0
2
4
6
8
643
0
2
4
6
8
649
0
2
4
6
8
655
0
2
4
6
8
661
0
2
4
6
8
667
0
2
4
6
8
673
0
2
4
6
8
679
0
2
4
6
8
685
0
2
4
6
8
691
0
2
4
6
8
697
0
2
4
6
8
703
0
2
4
6
8
709
0
2
4
6
8
715
0
2
4
6
8
721
0
2
4
6
8
727
0
2
4
6
8
733
0
2
4
6
8
739
0
2
4
6
8
745
0
2
4
6
8
751
0
2
4
6
8
757
0
2
4
6
8
763
0
2
4
6
8
769
0
2
4
6
8
775
0
2
4
6
8
781
0
2
4
6
8
787
0
2
4
6
8
793
0
2
4
6
8
799
0
2
4
6
8
805
0
2
4
6
8
811
0
2
4
6
8
817
0
2
4
6
8
823
0
2
4
6
8
829
0
2
4
6
8
835
0
2
4
6
8
841
0
2
4
6
8
847
0
2
4
6
8
853
0
2
4
6
8
859
0
2
4
6
8
865
0
2
4
6
8
871
0
2
4
6
8
877
0
2
4
6
8
883
0
2
4
6
8
889
0
2
4
6
8
895
0
2
4
6
8
901
0
2
4
6
8
907
0
2
4
6
8
913
0
2
4
6
8
919
0
2
4
6
8
925
0
2
4
6
8
931
0
2
4
6
8
937
0
2
4
6
8
943
0
2
4
6
8
949
0
2
4
6
8
955
0
2
4
6
8
961
0
2
4
6
8
967
0
2
4
6
8
973
0
2
4
6
8
979
0
2
4
6
8
985
0
2
4
6
8
991
0
2
4
6
8
997
0
2
304 ms. Memory: 361472K Free: 223762K (62%)
----------------- Invoking toplevel() on ptolemy.moml.MoMLSimpleApplication@797a5a99
----------------- Done invoking toplevel() on ptolemy.moml.MoMLSimpleApplication@797a5a99
reloadAllAccessors: .modalChangingParams

===========================================================================================
----------------- testing Tue Dec 24 16:24:36 UTC 2019 /home/travis/build/icyphy/ptII/ptolemy/domains/modal/test/auto/modalModel.xml
----------------- Instantiating /home/travis/build/icyphy/ptII/ptolemy/domains/modal/test/auto/modalModel.xml
5 ms. Memory: 361472K Free: 215066K (59%)
----------------- Invoking toplevel() on ptolemy.moml.MoMLSimpleApplication@5e145908
----------------- Done invoking toplevel() on ptolemy.moml.MoMLSimpleApplication@5e145908
reloadAllAccessors: .modalModel

===========================================================================================
----------------- testing Tue Dec 24 16:24:36 UTC 2019 /home/travis/build/icyphy/ptII/ptolemy/domains/modal/test/auto/modalModel2.xml
----------------- Instantiating /home/travis/build/icyphy/ptII/ptolemy/domains/modal/test/auto/modalModel2.xml
11 ms. Memory: 361472K Free: 204312K (57%)
----------------- Invoking toplevel() on ptolemy.moml.MoMLSimpleApplication@5f0cd0fc
----------------- Done invoking toplevel() on ptolemy.moml.MoMLSimpleApplication@5f0cd0fc
reloadAllAccessors: .modalModel2

===========================================================================================
----------------- testing Tue Dec 24 16:24:36 UTC 2019 /home/travis/build/icyphy/ptII/ptolemy/domains/modal/test/auto/modalModel3.xml
----------------- Instantiating /home/travis/build/icyphy/ptII/ptolemy/domains/modal/test/auto/modalModel3.xml
0	0	0
3	2	1
6	4	2
9	6	3
4	0	4
7	2	5
10	4	6
13	6	7
8	0	8
11	2	9
14	4	10
17	6	11
12	0	12
15	2	13
18	4	14
18 ms. Memory: 361472K Free: 189466K (52%)
----------------- Invoking toplevel() on ptolemy.moml.MoMLSimpleApplication@622e1b8
----------------- Done invoking toplevel() on ptolemy.moml.MoMLSimpleApplication@622e1b8
reloadAllAccessors: .modalModel3

===========================================================================================
----------------- testing Tue Dec 24 16:24:36 UTC 2019 /home/travis/build/icyphy/ptII/ptolemy/domains/modal/test/auto/model1.xml
----------------- Instantiating /home/travis/build/icyphy/ptII/ptolemy/domains/modal/test/auto/model1.xml
13 ms. Memory: 361472K Free: 183832K (51%)
----------------- Invoking toplevel() on ptolemy.moml.MoMLSimpleApplication@3fecc0ba
----------------- Done invoking toplevel() on ptolemy.moml.MoMLSimpleApplication@3fecc0ba
reloadAllAccessors: .model1

===========================================================================================
----------------- testing Tue Dec 24 16:24:37 UTC 2019 /home/travis/build/icyphy/ptII/ptolemy/domains/modal/test/auto/test-direct-in-out.xml
----------------- Instantiating /home/travis/build/icyphy/ptII/ptolemy/domains/modal/test/auto/test-direct-in-out.xml
4 ms. Memory: 361472K Free: 176154K (49%)
----------------- Invoking toplevel() on ptolemy.moml.MoMLSimpleApplication@273dc2c3
----------------- Done invoking toplevel() on ptolemy.moml.MoMLSimpleApplication@273dc2c3
reloadAllAccessors: .test-direct-in-out
AutoTests.java: About to close Vertx.
AutoTests.java: Vertx closed.
]]></system-out>
  <system-err><![CDATA[java.lang.RuntimeException: Execution failed
	at ptolemy.moml.MoMLSimpleApplication$UnloadThread.run(MoMLSimpleApplication.java:402)
Caused by: ptolemy.kernel.util.IllegalActionException: Unknown inputs remain. Possible causality loop:
L_model_1893289564i

  in .CannotAnalysisWithPreemption.model_1893289564_region_1 and .CannotAnalysisWithPreemption.model_1893289564_region_1.L_model_1893289564i
	at ptolemy.actor.sched.FixedPointDirector.postfire(FixedPointDirector.java:515)
	at ptolemy.domains.sr.kernel.SRDirector.postfire(SRDirector.java:417)
	at ptolemy.actor.CompositeActor.postfire(CompositeActor.java:1668)
	at ptolemy.actor.Manager.iterate(Manager.java:852)
	at ptolemy.actor.Manager.execute(Manager.java:369)
	at ptolemy.actor.Manager.run(Manager.java:1263)
	at ptolemy.actor.Manager$PtolemyRunThread.run(Manager.java:1933)
java.lang.reflect.InvocationTargetException
	at java.base/jdk.internal.reflect.NativeConstructorAccessorImpl.newInstance0(Native Method)
	at java.base/jdk.internal.reflect.NativeConstructorAccessorImpl.newInstance(NativeConstructorAccessorImpl.java:62)
	at java.base/jdk.internal.reflect.DelegatingConstructorAccessorImpl.newInstance(DelegatingConstructorAccessorImpl.java:45)
	at java.base/java.lang.reflect.Constructor.newInstance(Constructor.java:490)
	at ptolemy.util.test.junit.AutoKnownFailedTests.RunModel(AutoKnownFailedTests.java:105)
	at java.base/jdk.internal.reflect.NativeMethodAccessorImpl.invoke0(Native Method)
	at java.base/jdk.internal.reflect.NativeMethodAccessorImpl.invoke(NativeMethodAccessorImpl.java:62)
	at java.base/jdk.internal.reflect.DelegatingMethodAccessorImpl.invoke(DelegatingMethodAccessorImpl.java:43)
	at java.base/java.lang.reflect.Method.invoke(Method.java:566)
	at org.junit.runners.model.FrameworkMethod$1.runReflectiveCall(FrameworkMethod.java:44)
	at org.junit.internal.runners.model.ReflectiveCallable.run(ReflectiveCallable.java:15)
	at org.junit.runners.model.FrameworkMethod.invokeExplosively(FrameworkMethod.java:41)
	at junitparams.internal.InvokeParameterisedMethod.evaluate(InvokeParameterisedMethod.java:102)
	at org.junit.internal.runners.statements.FailOnTimeout$1.run(FailOnTimeout.java:28)
Caused by: ptolemy.kernel.util.IllegalActionException: Unknown inputs remain. Possible causality loop:
L_model_1893289564i

  in .CannotAnalysisWithPreemption.model_1893289564_region_1 and .CannotAnalysisWithPreemption.model_1893289564_region_1.L_model_1893289564i
	at ptolemy.actor.sched.FixedPointDirector.postfire(FixedPointDirector.java:515)
	at ptolemy.domains.sr.kernel.SRDirector.postfire(SRDirector.java:417)
	at ptolemy.actor.CompositeActor.postfire(CompositeActor.java:1668)
	at ptolemy.actor.Manager.iterate(Manager.java:852)
	at ptolemy.actor.Manager.execute(Manager.java:369)
	at ptolemy.actor.Manager.run(Manager.java:1263)
	at ptolemy.actor.Manager$PtolemyRunThread.run(Manager.java:1933)
]]></system-err>
</testsuite>
