<?xml version="1.0" encoding="UTF-8" ?>
<testsuite errors="0" failures="0" hostname="travis-job-014a706f-4f4b-4355-b82f-9941355c9fbf" name="ptolemy.domains.continuous.test.junit.JUnitTclTest" skipped="0" tests="156" time="69.593" timestamp="2020-06-03T14:31:09">
  <properties>
[...]
</properties>
  <testcase classname="ptolemy.util.test.junit.TclTests" name="[0] ThereAreNoTclTests (RunTclFile)" time="0.012" />
  <testcase classname="ptolemy.util.test.junit.AutoKnownFailedTests" name="[0] ThereAreNoKnowFailedTests (RunModel)" time="0.003" />
  <testcase classname="ptolemy.util.test.junit.AutoNameArchTests" name="[0] ThereAreNoAutoArchTests (RunModel)" time="0.024" />
  <testcase classname="ptolemy.util.test.junit.AutoTests" name="[0] /home/travis/build/icyphy/ptII/ptolemy/domains/continuous/test/auto/BouncingBall.xml (RunModel)" time="2.705" />
  <testcase classname="ptolemy.util.test.junit.AutoTests" name="[1] /home/travis/build/icyphy/ptII/ptolemy/domains/continuous/test/auto/BouncingBallWithoutGR.xml (RunModel)" time="0.886" />
  <testcase classname="ptolemy.util.test.junit.AutoTests" name="[2] /home/travis/build/icyphy/ptII/ptolemy/domains/continuous/test/auto/Brownian.xml (RunModel)" time="0.139" />
  <testcase classname="ptolemy.util.test.junit.AutoTests" name="[3] /home/travis/build/icyphy/ptII/ptolemy/domains/continuous/test/auto/CarTracking.xml (RunModel)" time="4.23" />
  <testcase classname="ptolemy.util.test.junit.AutoTests" name="[4] /home/travis/build/icyphy/ptII/ptolemy/domains/continuous/test/auto/CartPendulum.xml (RunModel)" time="0.525" />
  <testcase classname="ptolemy.util.test.junit.AutoTests" name="[5] /home/travis/build/icyphy/ptII/ptolemy/domains/continuous/test/auto/CausalityInterface10.xml (RunModel)" time="0.054" />
  <testcase classname="ptolemy.util.test.junit.AutoTests" name="[6] /home/travis/build/icyphy/ptII/ptolemy/domains/continuous/test/auto/CausalityInterface11.xml (RunModel)" time="0.026" />
  <testcase classname="ptolemy.util.test.junit.AutoTests" name="[7] /home/travis/build/icyphy/ptII/ptolemy/domains/continuous/test/auto/CausalityInterface12.xml (RunModel)" time="0.031" />
  <testcase classname="ptolemy.util.test.junit.AutoTests" name="[8] /home/travis/build/icyphy/ptII/ptolemy/domains/continuous/test/auto/CausalityInterface13.xml (RunModel)" time="0.033" />
  <testcase classname="ptolemy.util.test.junit.AutoTests" name="[9] /home/travis/build/icyphy/ptII/ptolemy/domains/continuous/test/auto/CausalityInterface14.xml (RunModel)" time="0.027" />
  <testcase classname="ptolemy.util.test.junit.AutoTests" name="[10] /home/travis/build/icyphy/ptII/ptolemy/domains/continuous/test/auto/CausalityInterface4.xml (RunModel)" time="0.04" />
  <testcase classname="ptolemy.util.test.junit.AutoTests" name="[11] /home/travis/build/icyphy/ptII/ptolemy/domains/continuous/test/auto/CausalityInterface5.xml (RunModel)" time="0.03" />
  <testcase classname="ptolemy.util.test.junit.AutoTests" name="[12] /home/travis/build/icyphy/ptII/ptolemy/domains/continuous/test/auto/CausalityInterface6.xml (RunModel)" time="0.029" />
  <testcase classname="ptolemy.util.test.junit.AutoTests" name="[13] /home/travis/build/icyphy/ptII/ptolemy/domains/continuous/test/auto/CausalityInterface7.xml (RunModel)" time="0.04" />
  <testcase classname="ptolemy.util.test.junit.AutoTests" name="[14] /home/travis/build/icyphy/ptII/ptolemy/domains/continuous/test/auto/CausalityInterface8.xml (RunModel)" time="0.047" />
  <testcase classname="ptolemy.util.test.junit.AutoTests" name="[15] /home/travis/build/icyphy/ptII/ptolemy/domains/continuous/test/auto/CausalityInterface9.xml (RunModel)" time="0.05" />
  <testcase classname="ptolemy.util.test.junit.AutoTests" name="[16] /home/travis/build/icyphy/ptII/ptolemy/domains/continuous/test/auto/CausalityInterfaceFeedback1.xml (RunModel)" time="0.029" />
  <testcase classname="ptolemy.util.test.junit.AutoTests" name="[17] /home/travis/build/icyphy/ptII/ptolemy/domains/continuous/test/auto/CausalityInterfaceFeedback2.xml (RunModel)" time="0.039" />
  <testcase classname="ptolemy.util.test.junit.AutoTests" name="[18] /home/travis/build/icyphy/ptII/ptolemy/domains/continuous/test/auto/CompareWithCurrentTime.xml (RunModel)" time="0.022" />
  <testcase classname="ptolemy.util.test.junit.AutoTests" name="[19] /home/travis/build/icyphy/ptII/ptolemy/domains/continuous/test/auto/ComparedClocks.xml (RunModel)" time="0.076" />
  <testcase classname="ptolemy.util.test.junit.AutoTests" name="[20] /home/travis/build/icyphy/ptII/ptolemy/domains/continuous/test/auto/ContinuousAOCClone.xml (RunModel)" time="2.615" />
  <testcase classname="ptolemy.util.test.junit.AutoTests" name="[21] /home/travis/build/icyphy/ptII/ptolemy/domains/continuous/test/auto/ContinuousClock.xml (RunModel)" time="0.077" />
  <testcase classname="ptolemy.util.test.junit.AutoTests" name="[22] /home/travis/build/icyphy/ptII/ptolemy/domains/continuous/test/auto/ContinuousInContinuous.xml (RunModel)" time="0.104" />
  <testcase classname="ptolemy.util.test.junit.AutoTests" name="[23] /home/travis/build/icyphy/ptII/ptolemy/domains/continuous/test/auto/ContinuousInContinuousInContinuous.xml (RunModel)" time="0.026" />
  <testcase classname="ptolemy.util.test.junit.AutoTests" name="[24] /home/travis/build/icyphy/ptII/ptolemy/domains/continuous/test/auto/ContinuousInDE.xml (RunModel)" time="0.086" />
  <testcase classname="ptolemy.util.test.junit.AutoTests" name="[25] /home/travis/build/icyphy/ptII/ptolemy/domains/continuous/test/auto/ContinuousInDE2.xml (RunModel)" time="0.039" />
  <testcase classname="ptolemy.util.test.junit.AutoTests" name="[26] /home/travis/build/icyphy/ptII/ptolemy/domains/continuous/test/auto/ContinuousInDE3.xml (RunModel)" time="0.038" />
  <testcase classname="ptolemy.util.test.junit.AutoTests" name="[27] /home/travis/build/icyphy/ptII/ptolemy/domains/continuous/test/auto/ContinuousInDE4.xml (RunModel)" time="0.028" />
  <testcase classname="ptolemy.util.test.junit.AutoTests" name="[28] /home/travis/build/icyphy/ptII/ptolemy/domains/continuous/test/auto/ContinuousInDEDifferentRefinements.xml (RunModel)" time="0.095" />
  <testcase classname="ptolemy.util.test.junit.AutoTests" name="[29] /home/travis/build/icyphy/ptII/ptolemy/domains/continuous/test/auto/ContinuousInDEDifferentRefinementsPreemptive.xml (RunModel)" time="0.089" />
  <testcase classname="ptolemy.util.test.junit.AutoTests" name="[30] /home/travis/build/icyphy/ptII/ptolemy/domains/continuous/test/auto/ContinuousInDEInContinuous2.xml (RunModel)" time="0.054" />
  <testcase classname="ptolemy.util.test.junit.AutoTests" name="[31] /home/travis/build/icyphy/ptII/ptolemy/domains/continuous/test/auto/ContinuousInDEInContinuous3.xml (RunModel)" time="0.059" />
  <testcase classname="ptolemy.util.test.junit.AutoTests" name="[32] /home/travis/build/icyphy/ptII/ptolemy/domains/continuous/test/auto/ContinuousInDEInput.xml (RunModel)" time="0.037" />
  <testcase classname="ptolemy.util.test.junit.AutoTests" name="[33] /home/travis/build/icyphy/ptII/ptolemy/domains/continuous/test/auto/ContinuousInDEInput2.xml (RunModel)" time="0.034" />
  <testcase classname="ptolemy.util.test.junit.AutoTests" name="[34] /home/travis/build/icyphy/ptII/ptolemy/domains/continuous/test/auto/ContinuousInDEInput3.xml (RunModel)" time="0.029" />
  <testcase classname="ptolemy.util.test.junit.AutoTests" name="[35] /home/travis/build/icyphy/ptII/ptolemy/domains/continuous/test/auto/ContinuousInDESharingRefinement.xml (RunModel)" time="0.175" />
  <testcase classname="ptolemy.util.test.junit.AutoTests" name="[36] /home/travis/build/icyphy/ptII/ptolemy/domains/continuous/test/auto/ContinuousInDEwithNoPorts.xml (RunModel)" time="0.018" />
  <testcase classname="ptolemy.util.test.junit.AutoTests" name="[37] /home/travis/build/icyphy/ptII/ptolemy/domains/continuous/test/auto/ContinuousInsideDE.xml (RunModel)" time="0.073" />
  <testcase classname="ptolemy.util.test.junit.AutoTests" name="[38] /home/travis/build/icyphy/ptII/ptolemy/domains/continuous/test/auto/ContinuousMerge1.xml (RunModel)" time="0.02" />
  <testcase classname="ptolemy.util.test.junit.AutoTests" name="[39] /home/travis/build/icyphy/ptII/ptolemy/domains/continuous/test/auto/ContinuousMerge2.xml (RunModel)" time="0.043" />
  <testcase classname="ptolemy.util.test.junit.AutoTests" name="[40] /home/travis/build/icyphy/ptII/ptolemy/domains/continuous/test/auto/ContinuousMerge3.xml (RunModel)" time="0.067" />
  <testcase classname="ptolemy.util.test.junit.AutoTests" name="[41] /home/travis/build/icyphy/ptII/ptolemy/domains/continuous/test/auto/ContinuousWithinContinuous.xml (RunModel)" time="0.051" />
  <testcase classname="ptolemy.util.test.junit.AutoTests" name="[42] /home/travis/build/icyphy/ptII/ptolemy/domains/continuous/test/auto/ContinuousWithinContinuous2.xml (RunModel)" time="0.078" />
  <testcase classname="ptolemy.util.test.junit.AutoTests" name="[43] /home/travis/build/icyphy/ptII/ptolemy/domains/continuous/test/auto/ContinuousWithinContinuous3.xml (RunModel)" time="0.029" />
  <testcase classname="ptolemy.util.test.junit.AutoTests" name="[44] /home/travis/build/icyphy/ptII/ptolemy/domains/continuous/test/auto/ContinuousWithinContinuous4.xml (RunModel)" time="0.085" />
  <testcase classname="ptolemy.util.test.junit.AutoTests" name="[45] /home/travis/build/icyphy/ptII/ptolemy/domains/continuous/test/auto/ContinuousWithinContinuous5.xml (RunModel)" time="0.042" />
  <testcase classname="ptolemy.util.test.junit.AutoTests" name="[46] /home/travis/build/icyphy/ptII/ptolemy/domains/continuous/test/auto/ContinuousWithinContinuous6.xml (RunModel)" time="0.023" />
  <testcase classname="ptolemy.util.test.junit.AutoTests" name="[47] /home/travis/build/icyphy/ptII/ptolemy/domains/continuous/test/auto/ContinuousWithinContinuous7.xml (RunModel)" time="0.059" />
  <testcase classname="ptolemy.util.test.junit.AutoTests" name="[48] /home/travis/build/icyphy/ptII/ptolemy/domains/continuous/test/auto/DCMotor.xml (RunModel)" time="13.329" />
  <testcase classname="ptolemy.util.test.junit.AutoTests" name="[49] /home/travis/build/icyphy/ptII/ptolemy/domains/continuous/test/auto/DEInContinuous.xml (RunModel)" time="0.037" />
  <testcase classname="ptolemy.util.test.junit.AutoTests" name="[50] /home/travis/build/icyphy/ptII/ptolemy/domains/continuous/test/auto/DEinContinuous2.xml (RunModel)" time="0.023" />
  <testcase classname="ptolemy.util.test.junit.AutoTests" name="[51] /home/travis/build/icyphy/ptII/ptolemy/domains/continuous/test/auto/Derivative.xml (RunModel)" time="0.156" />
  <testcase classname="ptolemy.util.test.junit.AutoTests" name="[52] /home/travis/build/icyphy/ptII/ptolemy/domains/continuous/test/auto/Derivative1.xml (RunModel)" time="0.045" />
  <testcase classname="ptolemy.util.test.junit.AutoTests" name="[53] /home/travis/build/icyphy/ptII/ptolemy/domains/continuous/test/auto/DiscreteClock.xml (RunModel)" time="0.016" />
  <testcase classname="ptolemy.util.test.junit.AutoTests" name="[54] /home/travis/build/icyphy/ptII/ptolemy/domains/continuous/test/auto/EfficiencyCurve.xml (RunModel)" time="0.085" />
  <testcase classname="ptolemy.util.test.junit.AutoTests" name="[55] /home/travis/build/icyphy/ptII/ptolemy/domains/continuous/test/auto/ExponentialResponse.xml (RunModel)" time="0.102" />
  <testcase classname="ptolemy.util.test.junit.AutoTests" name="[56] /home/travis/build/icyphy/ptII/ptolemy/domains/continuous/test/auto/ExponentialResponseRK45.xml (RunModel)" time="0.031" />
  <testcase classname="ptolemy.util.test.junit.AutoTests" name="[57] /home/travis/build/icyphy/ptII/ptolemy/domains/continuous/test/auto/Friction.xml (RunModel)" time="1.488" />
  <testcase classname="ptolemy.util.test.junit.AutoTests" name="[58] /home/travis/build/icyphy/ptII/ptolemy/domains/continuous/test/auto/FurutaPendulum.xml (RunModel)" time="2.884" />
  <testcase classname="ptolemy.util.test.junit.AutoTests" name="[59] /home/travis/build/icyphy/ptII/ptolemy/domains/continuous/test/auto/HierarchicalExecution.xml (RunModel)" time="1.944" />
  <testcase classname="ptolemy.util.test.junit.AutoTests" name="[60] /home/travis/build/icyphy/ptII/ptolemy/domains/continuous/test/auto/HybridPlant.xml (RunModel)" time="0.538" />
  <testcase classname="ptolemy.util.test.junit.AutoTests" name="[61] /home/travis/build/icyphy/ptII/ptolemy/domains/continuous/test/auto/Hysteresis.xml (RunModel)" time="0.17" />
  <testcase classname="ptolemy.util.test.junit.AutoTests" name="[62] /home/travis/build/icyphy/ptII/ptolemy/domains/continuous/test/auto/HysteresisWithRandomDelay.xml (RunModel)" time="0.226" />
  <testcase classname="ptolemy.util.test.junit.AutoTests" name="[63] /home/travis/build/icyphy/ptII/ptolemy/domains/continuous/test/auto/HysteresisWithRandomLosses.xml (RunModel)" time="2.333" />
  <testcase classname="ptolemy.util.test.junit.AutoTests" name="[64] /home/travis/build/icyphy/ptII/ptolemy/domains/continuous/test/auto/ImmediateTransitions.xml (RunModel)" time="0.033" />
  <testcase classname="ptolemy.util.test.junit.AutoTests" name="[65] /home/travis/build/icyphy/ptII/ptolemy/domains/continuous/test/auto/ImpulseFeedback.xml (RunModel)" time="0.019" />
  <testcase classname="ptolemy.util.test.junit.AutoTests" name="[66] /home/travis/build/icyphy/ptII/ptolemy/domains/continuous/test/auto/ImpulseFeedback2.xml (RunModel)" time="0.015" />
  <testcase classname="ptolemy.util.test.junit.AutoTests" name="[67] /home/travis/build/icyphy/ptII/ptolemy/domains/continuous/test/auto/IncreasingRatePoisson.xml (RunModel)" time="0.694" />
  <testcase classname="ptolemy.util.test.junit.AutoTests" name="[68] /home/travis/build/icyphy/ptII/ptolemy/domains/continuous/test/auto/InitialStateFeedback.xml (RunModel)" time="0.014" />
  <testcase classname="ptolemy.util.test.junit.AutoTests" name="[69] /home/travis/build/icyphy/ptII/ptolemy/domains/continuous/test/auto/Integration.xml (RunModel)" time="0.01" />
  <testcase classname="ptolemy.util.test.junit.AutoTests" name="[70] /home/travis/build/icyphy/ptII/ptolemy/domains/continuous/test/auto/Integration2.xml (RunModel)" time="0.079" />
  <testcase classname="ptolemy.util.test.junit.AutoTests" name="[71] /home/travis/build/icyphy/ptII/ptolemy/domains/continuous/test/auto/Integration3.xml (RunModel)" time="0.014" />
  <testcase classname="ptolemy.util.test.junit.AutoTests" name="[72] /home/travis/build/icyphy/ptII/ptolemy/domains/continuous/test/auto/Integration5.xml (RunModel)" time="0.009" />
  <testcase classname="ptolemy.util.test.junit.AutoTests" name="[73] /home/travis/build/icyphy/ptII/ptolemy/domains/continuous/test/auto/IntegratorImpulse.xml (RunModel)" time="0.008" />
  <testcase classname="ptolemy.util.test.junit.AutoTests" name="[74] /home/travis/build/icyphy/ptII/ptolemy/domains/continuous/test/auto/IntegratorImpulse2.xml (RunModel)" time="0.019" />
  <testcase classname="ptolemy.util.test.junit.AutoTests" name="[75] /home/travis/build/icyphy/ptII/ptolemy/domains/continuous/test/auto/LevelCrossing1.xml (RunModel)" time="0.01" />
  <testcase classname="ptolemy.util.test.junit.AutoTests" name="[76] /home/travis/build/icyphy/ptII/ptolemy/domains/continuous/test/auto/LevelCrossing2.xml (RunModel)" time="0.012" />
  <testcase classname="ptolemy.util.test.junit.AutoTests" name="[77] /home/travis/build/icyphy/ptII/ptolemy/domains/continuous/test/auto/LevelCrossing3.xml (RunModel)" time="0.013" />
  <testcase classname="ptolemy.util.test.junit.AutoTests" name="[78] /home/travis/build/icyphy/ptII/ptolemy/domains/continuous/test/auto/LevelCrossing4.xml (RunModel)" time="0.025" />
  <testcase classname="ptolemy.util.test.junit.AutoTests" name="[79] /home/travis/build/icyphy/ptII/ptolemy/domains/continuous/test/auto/LevelCrossing5.xml (RunModel)" time="0.015" />
  <testcase classname="ptolemy.util.test.junit.AutoTests" name="[80] /home/travis/build/icyphy/ptII/ptolemy/domains/continuous/test/auto/LevelCrossing6.xml (RunModel)" time="0.011" />
  <testcase classname="ptolemy.util.test.junit.AutoTests" name="[81] /home/travis/build/icyphy/ptII/ptolemy/domains/continuous/test/auto/LevelCrossingDetector.xml (RunModel)" time="0.032" />
  <testcase classname="ptolemy.util.test.junit.AutoTests" name="[82] /home/travis/build/icyphy/ptII/ptolemy/domains/continuous/test/auto/LevelCrossingDetectorDetectingDirections.xml (RunModel)" time="0.083" />
  <testcase classname="ptolemy.util.test.junit.AutoTests" name="[83] /home/travis/build/icyphy/ptII/ptolemy/domains/continuous/test/auto/LevelCrossingDetectorDetectsGlitches.xml (RunModel)" time="0.054" />
  <testcase classname="ptolemy.util.test.junit.AutoTests" name="[84] /home/travis/build/icyphy/ptII/ptolemy/domains/continuous/test/auto/LevelCrossingNoInitialOuput.xml (RunModel)" time="0.013" />
  <testcase classname="ptolemy.util.test.junit.AutoTests" name="[85] /home/travis/build/icyphy/ptII/ptolemy/domains/continuous/test/auto/LinearStateSpaceExample.xml (RunModel)" time="0.064" />
  <testcase classname="ptolemy.util.test.junit.AutoTests" name="[86] /home/travis/build/icyphy/ptII/ptolemy/domains/continuous/test/auto/Lorenz.xml (RunModel)" time="3.22" />
  <testcase classname="ptolemy.util.test.junit.AutoTests" name="[87] /home/travis/build/icyphy/ptII/ptolemy/domains/continuous/test/auto/LorenzDifferentialSystem.xml (RunModel)" time="0.847" />
  <testcase classname="ptolemy.util.test.junit.AutoTests" name="[88] /home/travis/build/icyphy/ptII/ptolemy/domains/continuous/test/auto/LorenzDifferentialSystemWithInput.xml (RunModel)" time="1.292" />
  <testcase classname="ptolemy.util.test.junit.AutoTests" name="[89] /home/travis/build/icyphy/ptII/ptolemy/domains/continuous/test/auto/LorenzDifferentialSystemWithTime.xml (RunModel)" time="0.699" />
  <testcase classname="ptolemy.util.test.junit.AutoTests" name="[90] /home/travis/build/icyphy/ptII/ptolemy/domains/continuous/test/auto/Microsteps.xml (RunModel)" time="0.02" />
  <testcase classname="ptolemy.util.test.junit.AutoTests" name="[91] /home/travis/build/icyphy/ptII/ptolemy/domains/continuous/test/auto/Modal1.xml (RunModel)" time="0.036" />
  <testcase classname="ptolemy.util.test.junit.AutoTests" name="[92] /home/travis/build/icyphy/ptII/ptolemy/domains/continuous/test/auto/Modal2.xml (RunModel)" time="0.044" />
  <testcase classname="ptolemy.util.test.junit.AutoTests" name="[93] /home/travis/build/icyphy/ptII/ptolemy/domains/continuous/test/auto/ModalTransitionGuardWithReset.xml (RunModel)" time="0.027" />
  <testcase classname="ptolemy.util.test.junit.AutoTests" name="[94] /home/travis/build/icyphy/ptII/ptolemy/domains/continuous/test/auto/ModalTransitionGuardWithResetUsingPreemptiveTransition.xml (RunModel)" time="0.023" />
  <testcase classname="ptolemy.util.test.junit.AutoTests" name="[95] /home/travis/build/icyphy/ptII/ptolemy/domains/continuous/test/auto/ModalTransitionGuardWithResetUsingPreemptiveTransition2.xml (RunModel)" time="0.027" />
  <testcase classname="ptolemy.util.test.junit.AutoTests" name="[96] /home/travis/build/icyphy/ptII/ptolemy/domains/continuous/test/auto/ModalTransitionGuardWithResetUsingPreemptiveTransition3.xml (RunModel)" time="0.027" />
  <testcase classname="ptolemy.util.test.junit.AutoTests" name="[97] /home/travis/build/icyphy/ptII/ptolemy/domains/continuous/test/auto/NewtonsCradle.xml (RunModel)" time="0.748" />
  <testcase classname="ptolemy.util.test.junit.AutoTests" name="[98] /home/travis/build/icyphy/ptII/ptolemy/domains/continuous/test/auto/NewtonsCradleAnimated.xml (RunModel)" time="1.238" />
  <testcase classname="ptolemy.util.test.junit.AutoTests" name="[99] /home/travis/build/icyphy/ptII/ptolemy/domains/continuous/test/auto/NewtonsCradleComplicated.xml (RunModel)" time="0.911" />
  <testcase classname="ptolemy.util.test.junit.AutoTests" name="[100] /home/travis/build/icyphy/ptII/ptolemy/domains/continuous/test/auto/NewtonsCradleNondeterministic.xml (RunModel)" time="0.658" />
  <testcase classname="ptolemy.util.test.junit.AutoTests" name="[101] /home/travis/build/icyphy/ptII/ptolemy/domains/continuous/test/auto/NewtonsCradlePerfectlyInelastic1.xml (RunModel)" time="1.124" />
  <testcase classname="ptolemy.util.test.junit.AutoTests" name="[102] /home/travis/build/icyphy/ptII/ptolemy/domains/continuous/test/auto/Noise.xml (RunModel)" time="0.185" />
  <testcase classname="ptolemy.util.test.junit.AutoTests" name="[103] /home/travis/build/icyphy/ptII/ptolemy/domains/continuous/test/auto/NoiseSpectrum.xml (RunModel)" time="0.749" />
  <testcase classname="ptolemy.util.test.junit.AutoTests" name="[104] /home/travis/build/icyphy/ptII/ptolemy/domains/continuous/test/auto/ParameterizedNewtonsCradleAnimated.xml (RunModel)" time="0.328" />
  <testcase classname="ptolemy.util.test.junit.AutoTests" name="[105] /home/travis/build/icyphy/ptII/ptolemy/domains/continuous/test/auto/ParameterizedNewtonsCradleAnimatedNondeterministic.xml (RunModel)" time="1.031" />
  <testcase classname="ptolemy.util.test.junit.AutoTests" name="[106] /home/travis/build/icyphy/ptII/ptolemy/domains/continuous/test/auto/Pendulum3D.xml (RunModel)" time="0.154" />
  <testcase classname="ptolemy.util.test.junit.AutoTests" name="[107] /home/travis/build/icyphy/ptII/ptolemy/domains/continuous/test/auto/PeriodicSampler.xml (RunModel)" time="0.01" />
  <testcase classname="ptolemy.util.test.junit.AutoTests" name="[108] /home/travis/build/icyphy/ptII/ptolemy/domains/continuous/test/auto/PeriodicSampler1.xml (RunModel)" time="0.038" />
  <testcase classname="ptolemy.util.test.junit.AutoTests" name="[109] /home/travis/build/icyphy/ptII/ptolemy/domains/continuous/test/auto/PeriodicSampler2.xml (RunModel)" time="0.074" />
  <testcase classname="ptolemy.util.test.junit.AutoTests" name="[110] /home/travis/build/icyphy/ptII/ptolemy/domains/continuous/test/auto/Poisson.xml (RunModel)" time="0.407" />
  <testcase classname="ptolemy.util.test.junit.AutoTests" name="[111] /home/travis/build/icyphy/ptII/ptolemy/domains/continuous/test/auto/PoissonClock.xml (RunModel)" time="0.016" />
  <testcase classname="ptolemy.util.test.junit.AutoTests" name="[112] /home/travis/build/icyphy/ptII/ptolemy/domains/continuous/test/auto/PoissonClock2.xml (RunModel)" time="0.01" />
  <testcase classname="ptolemy.util.test.junit.AutoTests" name="[113] /home/travis/build/icyphy/ptII/ptolemy/domains/continuous/test/auto/PortParameterHierarchy.xml (RunModel)" time="0.02" />
  <testcase classname="ptolemy.util.test.junit.AutoTests" name="[114] /home/travis/build/icyphy/ptII/ptolemy/domains/continuous/test/auto/RandomHybridPlant.xml (RunModel)" time="0.516" />
  <testcase classname="ptolemy.util.test.junit.AutoTests" name="[115] /home/travis/build/icyphy/ptII/ptolemy/domains/continuous/test/auto/ResetTransitionWithStartTime1.xml (RunModel)" time="0.031" />
  <testcase classname="ptolemy.util.test.junit.AutoTests" name="[116] /home/travis/build/icyphy/ptII/ptolemy/domains/continuous/test/auto/ResetTransitionWithStartTime2.xml (RunModel)" time="0.032" />
  <testcase classname="ptolemy.util.test.junit.AutoTests" name="[117] /home/travis/build/icyphy/ptII/ptolemy/domains/continuous/test/auto/ResetTransitionWithStartTime3.xml (RunModel)" time="0.032" />
  <testcase classname="ptolemy.util.test.junit.AutoTests" name="[118] /home/travis/build/icyphy/ptII/ptolemy/domains/continuous/test/auto/ResetTransitionWithStartTime4.xml (RunModel)" time="0.027" />
  <testcase classname="ptolemy.util.test.junit.AutoTests" name="[119] /home/travis/build/icyphy/ptII/ptolemy/domains/continuous/test/auto/ResetTransitionWithStartTime5.xml (RunModel)" time="0.031" />
  <testcase classname="ptolemy.util.test.junit.AutoTests" name="[120] /home/travis/build/icyphy/ptII/ptolemy/domains/continuous/test/auto/ResetTransitionWithStartTime6.xml (RunModel)" time="0.021" />
  <testcase classname="ptolemy.util.test.junit.AutoTests" name="[121] /home/travis/build/icyphy/ptII/ptolemy/domains/continuous/test/auto/SRinContinuous.xml (RunModel)" time="0.019" />
  <testcase classname="ptolemy.util.test.junit.AutoTests" name="[122] /home/travis/build/icyphy/ptII/ptolemy/domains/continuous/test/auto/SampledClocks.xml (RunModel)" time="0.028" />
  <testcase classname="ptolemy.util.test.junit.AutoTests" name="[123] /home/travis/build/icyphy/ptII/ptolemy/domains/continuous/test/auto/Satellite.xml (RunModel)" time="0.667" />
  <testcase classname="ptolemy.util.test.junit.AutoTests" name="[124] /home/travis/build/icyphy/ptII/ptolemy/domains/continuous/test/auto/SigmaDelta.xml (RunModel)" time="2.01" />
  <testcase classname="ptolemy.util.test.junit.AutoTests" name="[125] /home/travis/build/icyphy/ptII/ptolemy/domains/continuous/test/auto/SingleRefinement.xml (RunModel)" time="0.398" />
  <testcase classname="ptolemy.util.test.junit.AutoTests" name="[126] /home/travis/build/icyphy/ptII/ptolemy/domains/continuous/test/auto/SinuBouncingBall.xml (RunModel)" time="0.824" />
  <testcase classname="ptolemy.util.test.junit.AutoTests" name="[127] /home/travis/build/icyphy/ptII/ptolemy/domains/continuous/test/auto/Sinusoid.xml (RunModel)" time="0.018" />
  <testcase classname="ptolemy.util.test.junit.AutoTests" name="[128] /home/travis/build/icyphy/ptII/ptolemy/domains/continuous/test/auto/SinusoidInNoise.xml (RunModel)" time="0.818" />
  <testcase classname="ptolemy.util.test.junit.AutoTests" name="[129] /home/travis/build/icyphy/ptII/ptolemy/domains/continuous/test/auto/SinusoidRK45.xml (RunModel)" time="0.009" />
  <testcase classname="ptolemy.util.test.junit.AutoTests" name="[130] /home/travis/build/icyphy/ptII/ptolemy/domains/continuous/test/auto/SinusoidWithMultipleImpulses.xml (RunModel)" time="0.009" />
  <testcase classname="ptolemy.util.test.junit.AutoTests" name="[131] /home/travis/build/icyphy/ptII/ptolemy/domains/continuous/test/auto/SquareWave.xml (RunModel)" time="0.151" />
  <testcase classname="ptolemy.util.test.junit.AutoTests" name="[132] /home/travis/build/icyphy/ptII/ptolemy/domains/continuous/test/auto/Starmac.xml (RunModel)" time="3.353" />
  <testcase classname="ptolemy.util.test.junit.AutoTests" name="[133] /home/travis/build/icyphy/ptII/ptolemy/domains/continuous/test/auto/StaticUnits.xml (RunModel)" time="2.47" />
  <testcase classname="ptolemy.util.test.junit.AutoTests" name="[134] /home/travis/build/icyphy/ptII/ptolemy/domains/continuous/test/auto/StickyMasses.xml (RunModel)" time="0.199" />
  <testcase classname="ptolemy.util.test.junit.AutoTests" name="[135] /home/travis/build/icyphy/ptII/ptolemy/domains/continuous/test/auto/StopTime.xml (RunModel)" time="0.071" />
  <testcase classname="ptolemy.util.test.junit.AutoTests" name="[136] /home/travis/build/icyphy/ptII/ptolemy/domains/continuous/test/auto/StopTime2.xml (RunModel)" time="0.06" />
  <testcase classname="ptolemy.util.test.junit.AutoTests" name="[137] /home/travis/build/icyphy/ptII/ptolemy/domains/continuous/test/auto/Switch.xml (RunModel)" time="0.055" />
  <testcase classname="ptolemy.util.test.junit.AutoTests" name="[138] /home/travis/build/icyphy/ptII/ptolemy/domains/continuous/test/auto/Thermostat.xml (RunModel)" time="0.196" />
  <testcase classname="ptolemy.util.test.junit.AutoTests" name="[139] /home/travis/build/icyphy/ptII/ptolemy/domains/continuous/test/auto/TimeDelay.xml (RunModel)" time="0.013" />
  <testcase classname="ptolemy.util.test.junit.AutoTests" name="[140] /home/travis/build/icyphy/ptII/ptolemy/domains/continuous/test/auto/TimeDelay2.xml (RunModel)" time="0.022" />
  <testcase classname="ptolemy.util.test.junit.AutoTests" name="[141] /home/travis/build/icyphy/ptII/ptolemy/domains/continuous/test/auto/TimeDelay3.xml (RunModel)" time="0.01" />
  <testcase classname="ptolemy.util.test.junit.AutoTests" name="[142] /home/travis/build/icyphy/ptII/ptolemy/domains/continuous/test/auto/TransferAbsentToInside.xml (RunModel)" time="0.151" />
  <testcase classname="ptolemy.util.test.junit.AutoTests" name="[143] /home/travis/build/icyphy/ptII/ptolemy/domains/continuous/test/auto/Transmission.xml (RunModel)" time="0.747" />
  <testcase classname="ptolemy.util.test.junit.AutoTests" name="[144] /home/travis/build/icyphy/ptII/ptolemy/domains/continuous/test/auto/TriggeredContinuousClock.xml (RunModel)" time="0.06" />
  <testcase classname="ptolemy.util.test.junit.AutoTests" name="[145] /home/travis/build/icyphy/ptII/ptolemy/domains/continuous/test/auto/TwoMachineInfiniteBusControl.xml (RunModel)" time="2.744" />
  <testcase classname="ptolemy.util.test.junit.AutoTests" name="[146] /home/travis/build/icyphy/ptII/ptolemy/domains/continuous/test/auto/V2V.xml (RunModel)" time="0.81" />
  <testcase classname="ptolemy.util.test.junit.AutoTests" name="[147] /home/travis/build/icyphy/ptII/ptolemy/domains/continuous/test/auto/hierarchicalModalModel.xml (RunModel)" time="0.029" />
  <testcase classname="ptolemy.util.test.junit.AutoTests" name="[148] /home/travis/build/icyphy/ptII/ptolemy/domains/continuous/test/auto/hierarchicalModalModel1.xml (RunModel)" time="0.027" />
  <testcase classname="ptolemy.util.test.junit.AutoTests" name="[149] /home/travis/build/icyphy/ptII/ptolemy/domains/continuous/test/auto/hierarchicalModalModel2.xml (RunModel)" time="0.022" />
  <testcase classname="ptolemy.util.test.junit.AutoTests" name="[150] /home/travis/build/icyphy/ptII/ptolemy/domains/continuous/test/auto/hierarchicalModalModel3.xml (RunModel)" time="0.02" />
  <testcase classname="ptolemy.util.test.junit.AutoTests" name="[151] /home/travis/build/icyphy/ptII/ptolemy/domains/continuous/test/auto/hierarchicalModalModel4.xml (RunModel)" time="0.021" />
  <testcase classname="ptolemy.util.test.junit.AutoTests" name="[152] /home/travis/build/icyphy/ptII/ptolemy/domains/continuous/test/auto/junk.xml (RunModel)" time="0.122" />
  <system-out><![CDATA[No tcl tests in /home/travis/build/icyphy/ptII/ptolemy/domains/continuous/test
No auto/knownFailedTests/*.xml tests in /home/travis/build/icyphy/ptII/ptolemy/domains/continuous/test
No auto/linux-amd64/*.xml tests in /home/travis/build/icyphy/ptII/ptolemy/domains/continuous/test
AutoTests.java: About to close Vertx.
AutoTests.java: Vertx closed.

===========================================================================================
----------------- testing Wed Jun 03 14:31:10 UTC 2020 /home/travis/build/icyphy/ptII/ptolemy/domains/continuous/test/auto/BouncingBall.xml
----------------- Instantiating /home/travis/build/icyphy/ptII/ptolemy/domains/continuous/test/auto/BouncingBall.xml
2105 ms. Memory: 155648K Free: 74548K (48%)
----------------- Invoking toplevel() on ptolemy.moml.MoMLSimpleApplication@25e296d
----------------- Done invoking toplevel() on ptolemy.moml.MoMLSimpleApplication@25e296d
reloadAllAccessors: .BouncingBall

===========================================================================================
----------------- testing Wed Jun 03 14:31:12 UTC 2020 /home/travis/build/icyphy/ptII/ptolemy/domains/continuous/test/auto/BouncingBallWithoutGR.xml
----------------- Instantiating /home/travis/build/icyphy/ptII/ptolemy/domains/continuous/test/auto/BouncingBallWithoutGR.xml
751 ms. Memory: 155648K Free: 74414K (48%)
----------------- Invoking toplevel() on ptolemy.moml.MoMLSimpleApplication@6be54d3f
----------------- Done invoking toplevel() on ptolemy.moml.MoMLSimpleApplication@6be54d3f
reloadAllAccessors: .BouncingBallWithoutGR

===========================================================================================
----------------- testing Wed Jun 03 14:31:13 UTC 2020 /home/travis/build/icyphy/ptII/ptolemy/domains/continuous/test/auto/Brownian.xml
----------------- Instantiating /home/travis/build/icyphy/ptII/ptolemy/domains/continuous/test/auto/Brownian.xml
30 ms. Memory: 155648K Free: 65708K (42%)
----------------- Invoking toplevel() on ptolemy.moml.MoMLSimpleApplication@b7ce3cd
----------------- Done invoking toplevel() on ptolemy.moml.MoMLSimpleApplication@b7ce3cd
reloadAllAccessors: .Brownian

===========================================================================================
----------------- testing Wed Jun 03 14:31:13 UTC 2020 /home/travis/build/icyphy/ptII/ptolemy/domains/continuous/test/auto/CarTracking.xml
----------------- Instantiating /home/travis/build/icyphy/ptII/ptolemy/domains/continuous/test/auto/CarTracking.xml
3822 ms. Memory: 225280K Free: 105817K (47%)
----------------- Invoking toplevel() on ptolemy.moml.MoMLSimpleApplication@230d5be7
----------------- Done invoking toplevel() on ptolemy.moml.MoMLSimpleApplication@230d5be7
reloadAllAccessors: .CarTracking

===========================================================================================
----------------- testing Wed Jun 03 14:31:18 UTC 2020 /home/travis/build/icyphy/ptII/ptolemy/domains/continuous/test/auto/CartPendulum.xml
----------------- Instantiating /home/travis/build/icyphy/ptII/ptolemy/domains/continuous/test/auto/CartPendulum.xml
361 ms. Memory: 225280K Free: 145150K (64%)
----------------- Invoking toplevel() on ptolemy.moml.MoMLSimpleApplication@206965f0
----------------- Done invoking toplevel() on ptolemy.moml.MoMLSimpleApplication@206965f0
reloadAllAccessors: .CartPendulum

===========================================================================================
----------------- testing Wed Jun 03 14:31:18 UTC 2020 /home/travis/build/icyphy/ptII/ptolemy/domains/continuous/test/auto/CausalityInterface10.xml
----------------- Instantiating /home/travis/build/icyphy/ptII/ptolemy/domains/continuous/test/auto/CausalityInterface10.xml
9 ms. Memory: 225280K Free: 134187K (60%)
----------------- Invoking toplevel() on ptolemy.moml.MoMLSimpleApplication@158a1506
----------------- Done invoking toplevel() on ptolemy.moml.MoMLSimpleApplication@158a1506
reloadAllAccessors: .CausalityInterface10

===========================================================================================
----------------- testing Wed Jun 03 14:31:18 UTC 2020 /home/travis/build/icyphy/ptII/ptolemy/domains/continuous/test/auto/CausalityInterface11.xml
----------------- Instantiating /home/travis/build/icyphy/ptII/ptolemy/domains/continuous/test/auto/CausalityInterface11.xml
6 ms. Memory: 225280K Free: 128043K (57%)
----------------- Invoking toplevel() on ptolemy.moml.MoMLSimpleApplication@525ba878
----------------- Done invoking toplevel() on ptolemy.moml.MoMLSimpleApplication@525ba878
reloadAllAccessors: .CausalityInterface11

===========================================================================================
----------------- testing Wed Jun 03 14:31:18 UTC 2020 /home/travis/build/icyphy/ptII/ptolemy/domains/continuous/test/auto/CausalityInterface12.xml
----------------- Instantiating /home/travis/build/icyphy/ptII/ptolemy/domains/continuous/test/auto/CausalityInterface12.xml
8 ms. Memory: 225280K Free: 121899K (54%)
----------------- Invoking toplevel() on ptolemy.moml.MoMLSimpleApplication@7214868a
----------------- Done invoking toplevel() on ptolemy.moml.MoMLSimpleApplication@7214868a
reloadAllAccessors: .CausalityInterface12

===========================================================================================
----------------- testing Wed Jun 03 14:31:18 UTC 2020 /home/travis/build/icyphy/ptII/ptolemy/domains/continuous/test/auto/CausalityInterface13.xml
----------------- Instantiating /home/travis/build/icyphy/ptII/ptolemy/domains/continuous/test/auto/CausalityInterface13.xml
7 ms. Memory: 225280K Free: 116235K (52%)
----------------- Invoking toplevel() on ptolemy.moml.MoMLSimpleApplication@56e712ea
----------------- Done invoking toplevel() on ptolemy.moml.MoMLSimpleApplication@56e712ea
reloadAllAccessors: .CausalityInterface13

===========================================================================================
----------------- testing Wed Jun 03 14:31:18 UTC 2020 /home/travis/build/icyphy/ptII/ptolemy/domains/continuous/test/auto/CausalityInterface14.xml
----------------- Instantiating /home/travis/build/icyphy/ptII/ptolemy/domains/continuous/test/auto/CausalityInterface14.xml
4 ms. Memory: 225280K Free: 110635K (49%)
----------------- Invoking toplevel() on ptolemy.moml.MoMLSimpleApplication@30b1c550
----------------- Done invoking toplevel() on ptolemy.moml.MoMLSimpleApplication@30b1c550
reloadAllAccessors: .CausalityInterface14

===========================================================================================
----------------- testing Wed Jun 03 14:31:18 UTC 2020 /home/travis/build/icyphy/ptII/ptolemy/domains/continuous/test/auto/CausalityInterface4.xml
----------------- Instantiating /home/travis/build/icyphy/ptII/ptolemy/domains/continuous/test/auto/CausalityInterface4.xml
4 ms. Memory: 225280K Free: 103467K (46%)
----------------- Invoking toplevel() on ptolemy.moml.MoMLSimpleApplication@570850a1
----------------- Done invoking toplevel() on ptolemy.moml.MoMLSimpleApplication@570850a1
reloadAllAccessors: .CausalityInterface4

===========================================================================================
----------------- testing Wed Jun 03 14:31:18 UTC 2020 /home/travis/build/icyphy/ptII/ptolemy/domains/continuous/test/auto/CausalityInterface5.xml
----------------- Instantiating /home/travis/build/icyphy/ptII/ptolemy/domains/continuous/test/auto/CausalityInterface5.xml
7 ms. Memory: 225280K Free: 95275K (42%)
----------------- Invoking toplevel() on ptolemy.moml.MoMLSimpleApplication@2c592341
----------------- Done invoking toplevel() on ptolemy.moml.MoMLSimpleApplication@2c592341
reloadAllAccessors: .CausalityInterface5

===========================================================================================
----------------- testing Wed Jun 03 14:31:18 UTC 2020 /home/travis/build/icyphy/ptII/ptolemy/domains/continuous/test/auto/CausalityInterface6.xml
----------------- Instantiating /home/travis/build/icyphy/ptII/ptolemy/domains/continuous/test/auto/CausalityInterface6.xml
3 ms. Memory: 225280K Free: 89627K (40%)
----------------- Invoking toplevel() on ptolemy.moml.MoMLSimpleApplication@86a1cf0
----------------- Done invoking toplevel() on ptolemy.moml.MoMLSimpleApplication@86a1cf0
reloadAllAccessors: .CausalityInterface6

===========================================================================================
----------------- testing Wed Jun 03 14:31:18 UTC 2020 /home/travis/build/icyphy/ptII/ptolemy/domains/continuous/test/auto/CausalityInterface7.xml
----------------- Instantiating /home/travis/build/icyphy/ptII/ptolemy/domains/continuous/test/auto/CausalityInterface7.xml
10 ms. Memory: 225280K Free: 80939K (36%)
----------------- Invoking toplevel() on ptolemy.moml.MoMLSimpleApplication@124c4d2e
----------------- Done invoking toplevel() on ptolemy.moml.MoMLSimpleApplication@124c4d2e
reloadAllAccessors: .CausalityInterface7

===========================================================================================
----------------- testing Wed Jun 03 14:31:19 UTC 2020 /home/travis/build/icyphy/ptII/ptolemy/domains/continuous/test/auto/CausalityInterface8.xml
----------------- Instantiating /home/travis/build/icyphy/ptII/ptolemy/domains/continuous/test/auto/CausalityInterface8.xml
7 ms. Memory: 225280K Free: 205719K (91%)
----------------- Invoking toplevel() on ptolemy.moml.MoMLSimpleApplication@631f5131
----------------- Done invoking toplevel() on ptolemy.moml.MoMLSimpleApplication@631f5131
reloadAllAccessors: .CausalityInterface8

===========================================================================================
----------------- testing Wed Jun 03 14:31:19 UTC 2020 /home/travis/build/icyphy/ptII/ptolemy/domains/continuous/test/auto/CausalityInterface9.xml
----------------- Instantiating /home/travis/build/icyphy/ptII/ptolemy/domains/continuous/test/auto/CausalityInterface9.xml
11 ms. Memory: 225280K Free: 194983K (87%)
----------------- Invoking toplevel() on ptolemy.moml.MoMLSimpleApplication@29d4d659
----------------- Done invoking toplevel() on ptolemy.moml.MoMLSimpleApplication@29d4d659
reloadAllAccessors: .CausalityInterface9

===========================================================================================
----------------- testing Wed Jun 03 14:31:19 UTC 2020 /home/travis/build/icyphy/ptII/ptolemy/domains/continuous/test/auto/CausalityInterfaceFeedback1.xml
----------------- Instantiating /home/travis/build/icyphy/ptII/ptolemy/domains/continuous/test/auto/CausalityInterfaceFeedback1.xml
5 ms. Memory: 225280K Free: 188313K (84%)
----------------- Invoking toplevel() on ptolemy.moml.MoMLSimpleApplication@22406d49
----------------- Done invoking toplevel() on ptolemy.moml.MoMLSimpleApplication@22406d49
reloadAllAccessors: .CausalityInterfaceFeedback1

===========================================================================================
----------------- testing Wed Jun 03 14:31:19 UTC 2020 /home/travis/build/icyphy/ptII/ptolemy/domains/continuous/test/auto/CausalityInterfaceFeedback2.xml
----------------- Instantiating /home/travis/build/icyphy/ptII/ptolemy/domains/continuous/test/auto/CausalityInterfaceFeedback2.xml
7 ms. Memory: 225280K Free: 181673K (81%)
----------------- Invoking toplevel() on ptolemy.moml.MoMLSimpleApplication@1cee4109
----------------- Done invoking toplevel() on ptolemy.moml.MoMLSimpleApplication@1cee4109
reloadAllAccessors: .CausalityInterfaceFeedback2

===========================================================================================
----------------- testing Wed Jun 03 14:31:19 UTC 2020 /home/travis/build/icyphy/ptII/ptolemy/domains/continuous/test/auto/CompareWithCurrentTime.xml
----------------- Instantiating /home/travis/build/icyphy/ptII/ptolemy/domains/continuous/test/auto/CompareWithCurrentTime.xml
4 ms. Memory: 225280K Free: 177577K (79%)
----------------- Invoking toplevel() on ptolemy.moml.MoMLSimpleApplication@2c1c08b5
----------------- Done invoking toplevel() on ptolemy.moml.MoMLSimpleApplication@2c1c08b5
reloadAllAccessors: .CompareWithCurrentTime

===========================================================================================
----------------- testing Wed Jun 03 14:31:19 UTC 2020 /home/travis/build/icyphy/ptII/ptolemy/domains/continuous/test/auto/ComparedClocks.xml
----------------- Instantiating /home/travis/build/icyphy/ptII/ptolemy/domains/continuous/test/auto/ComparedClocks.xml
8 ms. Memory: 225280K Free: 162215K (72%)
----------------- Invoking toplevel() on ptolemy.moml.MoMLSimpleApplication@caf2b63
----------------- Done invoking toplevel() on ptolemy.moml.MoMLSimpleApplication@caf2b63
reloadAllAccessors: .ComparedClocks

===========================================================================================
----------------- testing Wed Jun 03 14:31:19 UTC 2020 /home/travis/build/icyphy/ptII/ptolemy/domains/continuous/test/auto/ContinuousAOCClone.xml
----------------- Instantiating /home/travis/build/icyphy/ptII/ptolemy/domains/continuous/test/auto/ContinuousAOCClone.xml
2420 ms. Memory: 270336K Free: 226473K (84%)
----------------- Invoking toplevel() on ptolemy.moml.MoMLSimpleApplication@fa72ff5
----------------- Done invoking toplevel() on ptolemy.moml.MoMLSimpleApplication@fa72ff5
reloadAllAccessors: .ContinuousAOCClone

===========================================================================================
----------------- testing Wed Jun 03 14:31:21 UTC 2020 /home/travis/build/icyphy/ptII/ptolemy/domains/continuous/test/auto/ContinuousClock.xml
----------------- Instantiating /home/travis/build/icyphy/ptII/ptolemy/domains/continuous/test/auto/ContinuousClock.xml
36 ms. Memory: 270336K Free: 204473K (76%)
----------------- Invoking toplevel() on ptolemy.moml.MoMLSimpleApplication@778b0236
----------------- Done invoking toplevel() on ptolemy.moml.MoMLSimpleApplication@778b0236
reloadAllAccessors: .ContinuousClock

===========================================================================================
----------------- testing Wed Jun 03 14:31:22 UTC 2020 /home/travis/build/icyphy/ptII/ptolemy/domains/continuous/test/auto/ContinuousInContinuous.xml
----------------- Instantiating /home/travis/build/icyphy/ptII/ptolemy/domains/continuous/test/auto/ContinuousInContinuous.xml
57 ms. Memory: 270336K Free: 180921K (67%)
----------------- Invoking toplevel() on ptolemy.moml.MoMLSimpleApplication@4fa48e9c
----------------- Done invoking toplevel() on ptolemy.moml.MoMLSimpleApplication@4fa48e9c
reloadAllAccessors: .ContinuousInContinuous

===========================================================================================
----------------- testing Wed Jun 03 14:31:22 UTC 2020 /home/travis/build/icyphy/ptII/ptolemy/domains/continuous/test/auto/ContinuousInContinuousInContinuous.xml
----------------- Instantiating /home/travis/build/icyphy/ptII/ptolemy/domains/continuous/test/auto/ContinuousInContinuousInContinuous.xml
8 ms. Memory: 270336K Free: 173239K (64%)
----------------- Invoking toplevel() on ptolemy.moml.MoMLSimpleApplication@1be9c5ee
----------------- Done invoking toplevel() on ptolemy.moml.MoMLSimpleApplication@1be9c5ee
reloadAllAccessors: .ContinuousInContinuousInContinuous

===========================================================================================
----------------- testing Wed Jun 03 14:31:22 UTC 2020 /home/travis/build/icyphy/ptII/ptolemy/domains/continuous/test/auto/ContinuousInDE.xml
----------------- Instantiating /home/travis/build/icyphy/ptII/ptolemy/domains/continuous/test/auto/ContinuousInDE.xml
68 ms. Memory: 270336K Free: 162999K (60%)
----------------- Invoking toplevel() on ptolemy.moml.MoMLSimpleApplication@2f8a4e2
----------------- Done invoking toplevel() on ptolemy.moml.MoMLSimpleApplication@2f8a4e2
reloadAllAccessors: .ContinuousInDE

===========================================================================================
----------------- testing Wed Jun 03 14:31:22 UTC 2020 /home/travis/build/icyphy/ptII/ptolemy/domains/continuous/test/auto/ContinuousInDE2.xml
----------------- Instantiating /home/travis/build/icyphy/ptII/ptolemy/domains/continuous/test/auto/ContinuousInDE2.xml
29 ms. Memory: 270336K Free: 153273K (57%)
----------------- Invoking toplevel() on ptolemy.moml.MoMLSimpleApplication@2b3b382f
----------------- Done invoking toplevel() on ptolemy.moml.MoMLSimpleApplication@2b3b382f
reloadAllAccessors: .ContinuousInDE2

===========================================================================================
----------------- testing Wed Jun 03 14:31:22 UTC 2020 /home/travis/build/icyphy/ptII/ptolemy/domains/continuous/test/auto/ContinuousInDE3.xml
----------------- Instantiating /home/travis/build/icyphy/ptII/ptolemy/domains/continuous/test/auto/ContinuousInDE3.xml
28 ms. Memory: 270336K Free: 143033K (53%)
----------------- Invoking toplevel() on ptolemy.moml.MoMLSimpleApplication@6d5888ce
----------------- Done invoking toplevel() on ptolemy.moml.MoMLSimpleApplication@6d5888ce
reloadAllAccessors: .ContinuousInDE3

===========================================================================================
----------------- testing Wed Jun 03 14:31:22 UTC 2020 /home/travis/build/icyphy/ptII/ptolemy/domains/continuous/test/auto/ContinuousInDE4.xml
----------------- Instantiating /home/travis/build/icyphy/ptII/ptolemy/domains/continuous/test/auto/ContinuousInDE4.xml
16 ms. Memory: 270336K Free: 136889K (51%)
----------------- Invoking toplevel() on ptolemy.moml.MoMLSimpleApplication@3308cc
----------------- Done invoking toplevel() on ptolemy.moml.MoMLSimpleApplication@3308cc
reloadAllAccessors: .ContinuousInDE4

===========================================================================================
----------------- testing Wed Jun 03 14:31:22 UTC 2020 /home/travis/build/icyphy/ptII/ptolemy/domains/continuous/test/auto/ContinuousInDEDifferentRefinements.xml
----------------- Instantiating /home/travis/build/icyphy/ptII/ptolemy/domains/continuous/test/auto/ContinuousInDEDifferentRefinements.xml
54 ms. Memory: 270336K Free: 105641K (39%)
----------------- Invoking toplevel() on ptolemy.moml.MoMLSimpleApplication@41f2f87e
----------------- Done invoking toplevel() on ptolemy.moml.MoMLSimpleApplication@41f2f87e
reloadAllAccessors: .ContinuousInDEDifferentRefinements

===========================================================================================
----------------- testing Wed Jun 03 14:31:22 UTC 2020 /home/travis/build/icyphy/ptII/ptolemy/domains/continuous/test/auto/ContinuousInDEDifferentRefinementsPreemptive.xml
----------------- Instantiating /home/travis/build/icyphy/ptII/ptolemy/domains/continuous/test/auto/ContinuousInDEDifferentRefinementsPreemptive.xml
42 ms. Memory: 270336K Free: 235078K (87%)
----------------- Invoking toplevel() on ptolemy.moml.MoMLSimpleApplication@5d28b1b7
----------------- Done invoking toplevel() on ptolemy.moml.MoMLSimpleApplication@5d28b1b7
reloadAllAccessors: .ContinuousInDEDifferentRefinementsPreemptive

===========================================================================================
----------------- testing Wed Jun 03 14:31:22 UTC 2020 /home/travis/build/icyphy/ptII/ptolemy/domains/continuous/test/auto/ContinuousInDEInContinuous2.xml
----------------- Instantiating /home/travis/build/icyphy/ptII/ptolemy/domains/continuous/test/auto/ContinuousInDEInContinuous2.xml
35 ms. Memory: 270336K Free: 223828K (83%)
----------------- Invoking toplevel() on ptolemy.moml.MoMLSimpleApplication@745619e8
----------------- Done invoking toplevel() on ptolemy.moml.MoMLSimpleApplication@745619e8
reloadAllAccessors: .ContinuousInDEInContinuous2

===========================================================================================
----------------- testing Wed Jun 03 14:31:22 UTC 2020 /home/travis/build/icyphy/ptII/ptolemy/domains/continuous/test/auto/ContinuousInDEInContinuous3.xml
----------------- Instantiating /home/travis/build/icyphy/ptII/ptolemy/domains/continuous/test/auto/ContinuousInDEInContinuous3.xml
38 ms. Memory: 270336K Free: 211540K (78%)
----------------- Invoking toplevel() on ptolemy.moml.MoMLSimpleApplication@4239d292
----------------- Done invoking toplevel() on ptolemy.moml.MoMLSimpleApplication@4239d292
reloadAllAccessors: .ContinuousInDEInContinuous3

===========================================================================================
----------------- testing Wed Jun 03 14:31:22 UTC 2020 /home/travis/build/icyphy/ptII/ptolemy/domains/continuous/test/auto/ContinuousInDEInput.xml
----------------- Instantiating /home/travis/build/icyphy/ptII/ptolemy/domains/continuous/test/auto/ContinuousInDEInput.xml
15 ms. Memory: 270336K Free: 204372K (76%)
----------------- Invoking toplevel() on ptolemy.moml.MoMLSimpleApplication@6ee6e981
----------------- Done invoking toplevel() on ptolemy.moml.MoMLSimpleApplication@6ee6e981
reloadAllAccessors: .ContinuousInDEInput

===========================================================================================
----------------- testing Wed Jun 03 14:31:22 UTC 2020 /home/travis/build/icyphy/ptII/ptolemy/domains/continuous/test/auto/ContinuousInDEInput2.xml
----------------- Instantiating /home/travis/build/icyphy/ptII/ptolemy/domains/continuous/test/auto/ContinuousInDEInput2.xml
12 ms. Memory: 270336K Free: 197204K (73%)
----------------- Invoking toplevel() on ptolemy.moml.MoMLSimpleApplication@19c65275
----------------- Done invoking toplevel() on ptolemy.moml.MoMLSimpleApplication@19c65275
reloadAllAccessors: .ContinuousInDEInput2

===========================================================================================
----------------- testing Wed Jun 03 14:31:22 UTC 2020 /home/travis/build/icyphy/ptII/ptolemy/domains/continuous/test/auto/ContinuousInDEInput3.xml
----------------- Instantiating /home/travis/build/icyphy/ptII/ptolemy/domains/continuous/test/auto/ContinuousInDEInput3.xml
13 ms. Memory: 270336K Free: 190036K (70%)
----------------- Invoking toplevel() on ptolemy.moml.MoMLSimpleApplication@50920684
----------------- Done invoking toplevel() on ptolemy.moml.MoMLSimpleApplication@50920684
reloadAllAccessors: .ContinuousInDEInput3

===========================================================================================
----------------- testing Wed Jun 03 14:31:22 UTC 2020 /home/travis/build/icyphy/ptII/ptolemy/domains/continuous/test/auto/ContinuousInDESharingRefinement.xml
----------------- Instantiating /home/travis/build/icyphy/ptII/ptolemy/domains/continuous/test/auto/ContinuousInDESharingRefinement.xml
151 ms. Memory: 270336K Free: 95318K (35%)
----------------- Invoking toplevel() on ptolemy.moml.MoMLSimpleApplication@3ca713c5
----------------- Done invoking toplevel() on ptolemy.moml.MoMLSimpleApplication@3ca713c5
reloadAllAccessors: .ContinuousInDESharingRefinement

===========================================================================================
----------------- testing Wed Jun 03 14:31:22 UTC 2020 /home/travis/build/icyphy/ptII/ptolemy/domains/continuous/test/auto/ContinuousInDEwithNoPorts.xml
----------------- Instantiating /home/travis/build/icyphy/ptII/ptolemy/domains/continuous/test/auto/ContinuousInDEwithNoPorts.xml
5 ms. Memory: 270336K Free: 252244K (93%)
----------------- Invoking toplevel() on ptolemy.moml.MoMLSimpleApplication@6b9705bc
----------------- Done invoking toplevel() on ptolemy.moml.MoMLSimpleApplication@6b9705bc
reloadAllAccessors: .ContinuousInDEwithNoPorts

===========================================================================================
----------------- testing Wed Jun 03 14:31:22 UTC 2020 /home/travis/build/icyphy/ptII/ptolemy/domains/continuous/test/auto/ContinuousInsideDE.xml
----------------- Instantiating /home/travis/build/icyphy/ptII/ptolemy/domains/continuous/test/auto/ContinuousInsideDE.xml
31 ms. Memory: 270336K Free: 240466K (89%)
----------------- Invoking toplevel() on ptolemy.moml.MoMLSimpleApplication@28b3a3df
----------------- Done invoking toplevel() on ptolemy.moml.MoMLSimpleApplication@28b3a3df
reloadAllAccessors: .ContinuousInsideDE

===========================================================================================
----------------- testing Wed Jun 03 14:31:23 UTC 2020 /home/travis/build/icyphy/ptII/ptolemy/domains/continuous/test/auto/ContinuousMerge1.xml
----------------- Instantiating /home/travis/build/icyphy/ptII/ptolemy/domains/continuous/test/auto/ContinuousMerge1.xml
3 ms. Memory: 270336K Free: 236356K (87%)
----------------- Invoking toplevel() on ptolemy.moml.MoMLSimpleApplication@453570c2
----------------- Done invoking toplevel() on ptolemy.moml.MoMLSimpleApplication@453570c2
reloadAllAccessors: .ContinuousMerge1

===========================================================================================
----------------- testing Wed Jun 03 14:31:23 UTC 2020 /home/travis/build/icyphy/ptII/ptolemy/domains/continuous/test/auto/ContinuousMerge2.xml
----------------- Instantiating /home/travis/build/icyphy/ptII/ptolemy/domains/continuous/test/auto/ContinuousMerge2.xml
14 ms. Memory: 270336K Free: 226130K (84%)
----------------- Invoking toplevel() on ptolemy.moml.MoMLSimpleApplication@1ec05af4
----------------- Done invoking toplevel() on ptolemy.moml.MoMLSimpleApplication@1ec05af4
reloadAllAccessors: .ContinuousMerge2

===========================================================================================
----------------- testing Wed Jun 03 14:31:23 UTC 2020 /home/travis/build/icyphy/ptII/ptolemy/domains/continuous/test/auto/ContinuousMerge3.xml
----------------- Instantiating /home/travis/build/icyphy/ptII/ptolemy/domains/continuous/test/auto/ContinuousMerge3.xml
40 ms. Memory: 270336K Free: 215380K (80%)
----------------- Invoking toplevel() on ptolemy.moml.MoMLSimpleApplication@41ba30f5
----------------- Done invoking toplevel() on ptolemy.moml.MoMLSimpleApplication@41ba30f5
reloadAllAccessors: .ContinuousMerge3

===========================================================================================
----------------- testing Wed Jun 03 14:31:23 UTC 2020 /home/travis/build/icyphy/ptII/ptolemy/domains/continuous/test/auto/ContinuousWithinContinuous.xml
----------------- Instantiating /home/travis/build/icyphy/ptII/ptolemy/domains/continuous/test/auto/ContinuousWithinContinuous.xml
32 ms. Memory: 270336K Free: 205650K (76%)
----------------- Invoking toplevel() on ptolemy.moml.MoMLSimpleApplication@51b4fd99
----------------- Done invoking toplevel() on ptolemy.moml.MoMLSimpleApplication@51b4fd99
reloadAllAccessors: .ContinuousWithinContinuous

===========================================================================================
----------------- testing Wed Jun 03 14:31:23 UTC 2020 /home/travis/build/icyphy/ptII/ptolemy/domains/continuous/test/auto/ContinuousWithinContinuous2.xml
----------------- Instantiating /home/travis/build/icyphy/ptII/ptolemy/domains/continuous/test/auto/ContinuousWithinContinuous2.xml
66 ms. Memory: 270336K Free: 194386K (72%)
----------------- Invoking toplevel() on ptolemy.moml.MoMLSimpleApplication@27c605fe
----------------- Done invoking toplevel() on ptolemy.moml.MoMLSimpleApplication@27c605fe
reloadAllAccessors: .ContinuousWithinContinuous2

===========================================================================================
----------------- testing Wed Jun 03 14:31:23 UTC 2020 /home/travis/build/icyphy/ptII/ptolemy/domains/continuous/test/auto/ContinuousWithinContinuous3.xml
----------------- Instantiating /home/travis/build/icyphy/ptII/ptolemy/domains/continuous/test/auto/ContinuousWithinContinuous3.xml
11 ms. Memory: 270336K Free: 187732K (69%)
----------------- Invoking toplevel() on ptolemy.moml.MoMLSimpleApplication@66bd4f99
----------------- Done invoking toplevel() on ptolemy.moml.MoMLSimpleApplication@66bd4f99
reloadAllAccessors: .ContinuousWithinContinuous3

===========================================================================================
----------------- testing Wed Jun 03 14:31:23 UTC 2020 /home/travis/build/icyphy/ptII/ptolemy/domains/continuous/test/auto/ContinuousWithinContinuous4.xml
----------------- Instantiating /home/travis/build/icyphy/ptII/ptolemy/domains/continuous/test/auto/ContinuousWithinContinuous4.xml
70 ms. Memory: 270336K Free: 174930K (65%)
----------------- Invoking toplevel() on ptolemy.moml.MoMLSimpleApplication@280f7c90
----------------- Done invoking toplevel() on ptolemy.moml.MoMLSimpleApplication@280f7c90
reloadAllAccessors: .ContinuousWithinContinuous4

===========================================================================================
----------------- testing Wed Jun 03 14:31:23 UTC 2020 /home/travis/build/icyphy/ptII/ptolemy/domains/continuous/test/auto/ContinuousWithinContinuous5.xml
----------------- Instantiating /home/travis/build/icyphy/ptII/ptolemy/domains/continuous/test/auto/ContinuousWithinContinuous5.xml
20 ms. Memory: 270336K Free: 167762K (62%)
----------------- Invoking toplevel() on ptolemy.moml.MoMLSimpleApplication@3c277a1c
----------------- Done invoking toplevel() on ptolemy.moml.MoMLSimpleApplication@3c277a1c
reloadAllAccessors: .ContinuousWithinContinuous5

===========================================================================================
----------------- testing Wed Jun 03 14:31:23 UTC 2020 /home/travis/build/icyphy/ptII/ptolemy/domains/continuous/test/auto/ContinuousWithinContinuous6.xml
----------------- Instantiating /home/travis/build/icyphy/ptII/ptolemy/domains/continuous/test/auto/ContinuousWithinContinuous6.xml
9 ms. Memory: 270336K Free: 160594K (59%)
----------------- Invoking toplevel() on ptolemy.moml.MoMLSimpleApplication@e18adbb
----------------- Done invoking toplevel() on ptolemy.moml.MoMLSimpleApplication@e18adbb
reloadAllAccessors: .ContinuousWithinContinuous6

===========================================================================================
----------------- testing Wed Jun 03 14:31:23 UTC 2020 /home/travis/build/icyphy/ptII/ptolemy/domains/continuous/test/auto/ContinuousWithinContinuous7.xml
----------------- Instantiating /home/travis/build/icyphy/ptII/ptolemy/domains/continuous/test/auto/ContinuousWithinContinuous7.xml
46 ms. Memory: 270336K Free: 149330K (55%)
----------------- Invoking toplevel() on ptolemy.moml.MoMLSimpleApplication@20ae968f
----------------- Done invoking toplevel() on ptolemy.moml.MoMLSimpleApplication@20ae968f
reloadAllAccessors: .ContinuousWithinContinuous7

===========================================================================================
----------------- testing Wed Jun 03 14:31:23 UTC 2020 /home/travis/build/icyphy/ptII/ptolemy/domains/continuous/test/auto/DCMotor.xml
----------------- Instantiating /home/travis/build/icyphy/ptII/ptolemy/domains/continuous/test/auto/DCMotor.xml
13248 ms. Memory: 270336K Free: 212289K (79%)
----------------- Invoking toplevel() on ptolemy.moml.MoMLSimpleApplication@73c0e5ec
----------------- Done invoking toplevel() on ptolemy.moml.MoMLSimpleApplication@73c0e5ec
reloadAllAccessors: .DCMotor

===========================================================================================
----------------- testing Wed Jun 03 14:31:36 UTC 2020 /home/travis/build/icyphy/ptII/ptolemy/domains/continuous/test/auto/DEInContinuous.xml
----------------- Instantiating /home/travis/build/icyphy/ptII/ptolemy/domains/continuous/test/auto/DEInContinuous.xml
20 ms. Memory: 270336K Free: 206151K (76%)
----------------- Invoking toplevel() on ptolemy.moml.MoMLSimpleApplication@113d83a6
----------------- Done invoking toplevel() on ptolemy.moml.MoMLSimpleApplication@113d83a6
reloadAllAccessors: .DEInContinuous

===========================================================================================
----------------- testing Wed Jun 03 14:31:36 UTC 2020 /home/travis/build/icyphy/ptII/ptolemy/domains/continuous/test/auto/DEinContinuous2.xml
----------------- Instantiating /home/travis/build/icyphy/ptII/ptolemy/domains/continuous/test/auto/DEinContinuous2.xml
6 ms. Memory: 270336K Free: 197929K (73%)
----------------- Invoking toplevel() on ptolemy.moml.MoMLSimpleApplication@1cf2b978
----------------- Done invoking toplevel() on ptolemy.moml.MoMLSimpleApplication@1cf2b978
reloadAllAccessors: .DEinContinuous2

===========================================================================================
----------------- testing Wed Jun 03 14:31:36 UTC 2020 /home/travis/build/icyphy/ptII/ptolemy/domains/continuous/test/auto/Derivative.xml
----------------- Instantiating /home/travis/build/icyphy/ptII/ptolemy/domains/continuous/test/auto/Derivative.xml
117 ms. Memory: 270336K Free: 168263K (62%)
----------------- Invoking toplevel() on ptolemy.moml.MoMLSimpleApplication@14e7628e
----------------- Done invoking toplevel() on ptolemy.moml.MoMLSimpleApplication@14e7628e
reloadAllAccessors: .Derivative2

===========================================================================================
----------------- testing Wed Jun 03 14:31:37 UTC 2020 /home/travis/build/icyphy/ptII/ptolemy/domains/continuous/test/auto/Derivative1.xml
----------------- Instantiating /home/travis/build/icyphy/ptII/ptolemy/domains/continuous/test/auto/Derivative1.xml
23 ms. Memory: 270336K Free: 153927K (57%)
----------------- Invoking toplevel() on ptolemy.moml.MoMLSimpleApplication@5d8eca3
----------------- Done invoking toplevel() on ptolemy.moml.MoMLSimpleApplication@5d8eca3
reloadAllAccessors: .Derivative1

===========================================================================================
----------------- testing Wed Jun 03 14:31:37 UTC 2020 /home/travis/build/icyphy/ptII/ptolemy/domains/continuous/test/auto/DiscreteClock.xml
----------------- Instantiating /home/travis/build/icyphy/ptII/ptolemy/domains/continuous/test/auto/DiscreteClock.xml
3 ms. Memory: 270336K Free: 148807K (55%)
----------------- Invoking toplevel() on ptolemy.moml.MoMLSimpleApplication@20bac143
----------------- Done invoking toplevel() on ptolemy.moml.MoMLSimpleApplication@20bac143
reloadAllAccessors: .DiscreteClock

===========================================================================================
----------------- testing Wed Jun 03 14:31:37 UTC 2020 /home/travis/build/icyphy/ptII/ptolemy/domains/continuous/test/auto/EfficiencyCurve.xml
----------------- Instantiating /home/travis/build/icyphy/ptII/ptolemy/domains/continuous/test/auto/EfficiencyCurve.xml
57 ms. Memory: 270336K Free: 139591K (52%)
----------------- Invoking toplevel() on ptolemy.moml.MoMLSimpleApplication@30c8dfa6
----------------- Done invoking toplevel() on ptolemy.moml.MoMLSimpleApplication@30c8dfa6
reloadAllAccessors: .EfficiencyCurve

===========================================================================================
----------------- testing Wed Jun 03 14:31:37 UTC 2020 /home/travis/build/icyphy/ptII/ptolemy/domains/continuous/test/auto/ExponentialResponse.xml
----------------- Instantiating /home/travis/build/icyphy/ptII/ptolemy/domains/continuous/test/auto/ExponentialResponse.xml
92 ms. Memory: 270336K Free: 123207K (46%)
----------------- Invoking toplevel() on ptolemy.moml.MoMLSimpleApplication@315c9344
----------------- Done invoking toplevel() on ptolemy.moml.MoMLSimpleApplication@315c9344
reloadAllAccessors: .ExponentialResponse

===========================================================================================
----------------- testing Wed Jun 03 14:31:37 UTC 2020 /home/travis/build/icyphy/ptII/ptolemy/domains/continuous/test/auto/ExponentialResponseRK45.xml
----------------- Instantiating /home/travis/build/icyphy/ptII/ptolemy/domains/continuous/test/auto/ExponentialResponseRK45.xml
22 ms. Memory: 270336K Free: 116553K (43%)
----------------- Invoking toplevel() on ptolemy.moml.MoMLSimpleApplication@1895d29e
----------------- Done invoking toplevel() on ptolemy.moml.MoMLSimpleApplication@1895d29e
reloadAllAccessors: .ExponentialResponseRK45

===========================================================================================
----------------- testing Wed Jun 03 14:31:37 UTC 2020 /home/travis/build/icyphy/ptII/ptolemy/domains/continuous/test/auto/Friction.xml
----------------- Instantiating /home/travis/build/icyphy/ptII/ptolemy/domains/continuous/test/auto/Friction.xml
1371 ms. Memory: 270336K Free: 164144K (61%)
----------------- Invoking toplevel() on ptolemy.moml.MoMLSimpleApplication@48633bb3
----------------- Done invoking toplevel() on ptolemy.moml.MoMLSimpleApplication@48633bb3
reloadAllAccessors: .Friction

===========================================================================================
----------------- testing Wed Jun 03 14:31:38 UTC 2020 /home/travis/build/icyphy/ptII/ptolemy/domains/continuous/test/auto/FurutaPendulum.xml
----------------- Instantiating /home/travis/build/icyphy/ptII/ptolemy/domains/continuous/test/auto/FurutaPendulum.xml
2731 ms. Memory: 270336K Free: 108753K (40%)
----------------- Invoking toplevel() on ptolemy.moml.MoMLSimpleApplication@4ddbd490
----------------- Done invoking toplevel() on ptolemy.moml.MoMLSimpleApplication@4ddbd490
reloadAllAccessors: .FurutaPendulum

===========================================================================================
----------------- testing Wed Jun 03 14:31:41 UTC 2020 /home/travis/build/icyphy/ptII/ptolemy/domains/continuous/test/auto/HierarchicalExecution.xml
----------------- Instantiating /home/travis/build/icyphy/ptII/ptolemy/domains/continuous/test/auto/HierarchicalExecution.xml
1470 ms. Memory: 270336K Free: 138875K (51%)
----------------- Invoking toplevel() on ptolemy.moml.MoMLSimpleApplication@19ba7c24
----------------- Done invoking toplevel() on ptolemy.moml.MoMLSimpleApplication@19ba7c24
reloadAllAccessors: .HierarchicalExecution

===========================================================================================
----------------- testing Wed Jun 03 14:31:43 UTC 2020 /home/travis/build/icyphy/ptII/ptolemy/domains/continuous/test/auto/HybridPlant.xml
----------------- Instantiating /home/travis/build/icyphy/ptII/ptolemy/domains/continuous/test/auto/HybridPlant.xml
479 ms. Memory: 270336K Free: 194370K (72%)
----------------- Invoking toplevel() on ptolemy.moml.MoMLSimpleApplication@42ad8d23
----------------- Done invoking toplevel() on ptolemy.moml.MoMLSimpleApplication@42ad8d23
reloadAllAccessors: .HybridPlant

===========================================================================================
----------------- testing Wed Jun 03 14:31:44 UTC 2020 /home/travis/build/icyphy/ptII/ptolemy/domains/continuous/test/auto/Hysteresis.xml
----------------- Instantiating /home/travis/build/icyphy/ptII/ptolemy/domains/continuous/test/auto/Hysteresis.xml
128 ms. Memory: 270336K Free: 130882K (48%)
----------------- Invoking toplevel() on ptolemy.moml.MoMLSimpleApplication@29b277b9
----------------- Done invoking toplevel() on ptolemy.moml.MoMLSimpleApplication@29b277b9
reloadAllAccessors: .Hysteresis

===========================================================================================
----------------- testing Wed Jun 03 14:31:44 UTC 2020 /home/travis/build/icyphy/ptII/ptolemy/domains/continuous/test/auto/HysteresisWithRandomDelay.xml
----------------- Instantiating /home/travis/build/icyphy/ptII/ptolemy/domains/continuous/test/auto/HysteresisWithRandomDelay.xml
179 ms. Memory: 270336K Free: 219162K (81%)
----------------- Invoking toplevel() on ptolemy.moml.MoMLSimpleApplication@54f7c32d
----------------- Done invoking toplevel() on ptolemy.moml.MoMLSimpleApplication@54f7c32d
reloadAllAccessors: .HysteresisWithRandomDelay

===========================================================================================
----------------- testing Wed Jun 03 14:31:44 UTC 2020 /home/travis/build/icyphy/ptII/ptolemy/domains/continuous/test/auto/HysteresisWithRandomLosses.xml
----------------- Instantiating /home/travis/build/icyphy/ptII/ptolemy/domains/continuous/test/auto/HysteresisWithRandomLosses.xml
2255 ms. Memory: 324608K Free: 157380K (48%)
----------------- Invoking toplevel() on ptolemy.moml.MoMLSimpleApplication@69430ba8
----------------- Done invoking toplevel() on ptolemy.moml.MoMLSimpleApplication@69430ba8
reloadAllAccessors: .HysteresisWithRandomLosses

===========================================================================================
----------------- testing Wed Jun 03 14:31:47 UTC 2020 /home/travis/build/icyphy/ptII/ptolemy/domains/continuous/test/auto/ImmediateTransitions.xml
----------------- Instantiating /home/travis/build/icyphy/ptII/ptolemy/domains/continuous/test/auto/ImmediateTransitions.xml
11 ms. Memory: 324608K Free: 146116K (45%)
----------------- Invoking toplevel() on ptolemy.moml.MoMLSimpleApplication@339290ca
----------------- Done invoking toplevel() on ptolemy.moml.MoMLSimpleApplication@339290ca
reloadAllAccessors: .ImmediateTransitions

===========================================================================================
----------------- testing Wed Jun 03 14:31:47 UTC 2020 /home/travis/build/icyphy/ptII/ptolemy/domains/continuous/test/auto/ImpulseFeedback.xml
----------------- Instantiating /home/travis/build/icyphy/ptII/ptolemy/domains/continuous/test/auto/ImpulseFeedback.xml
6 ms. Memory: 324608K Free: 140486K (43%)
----------------- Invoking toplevel() on ptolemy.moml.MoMLSimpleApplication@425449da
----------------- Done invoking toplevel() on ptolemy.moml.MoMLSimpleApplication@425449da
reloadAllAccessors: .ImpulseFeedback

===========================================================================================
----------------- testing Wed Jun 03 14:31:47 UTC 2020 /home/travis/build/icyphy/ptII/ptolemy/domains/continuous/test/auto/ImpulseFeedback2.xml
----------------- Instantiating /home/travis/build/icyphy/ptII/ptolemy/domains/continuous/test/auto/ImpulseFeedback2.xml
5 ms. Memory: 324608K Free: 134852K (42%)
----------------- Invoking toplevel() on ptolemy.moml.MoMLSimpleApplication@540c4e29
----------------- Done invoking toplevel() on ptolemy.moml.MoMLSimpleApplication@540c4e29
reloadAllAccessors: .ImpulseFeedback2

===========================================================================================
----------------- testing Wed Jun 03 14:31:47 UTC 2020 /home/travis/build/icyphy/ptII/ptolemy/domains/continuous/test/auto/IncreasingRatePoisson.xml
----------------- Instantiating /home/travis/build/icyphy/ptII/ptolemy/domains/continuous/test/auto/IncreasingRatePoisson.xml
673 ms. Memory: 324608K Free: 197134K (61%)
----------------- Invoking toplevel() on ptolemy.moml.MoMLSimpleApplication@676c38f9
----------------- Done invoking toplevel() on ptolemy.moml.MoMLSimpleApplication@676c38f9
reloadAllAccessors: .IncreasingRatePoisson

===========================================================================================
----------------- testing Wed Jun 03 14:31:47 UTC 2020 /home/travis/build/icyphy/ptII/ptolemy/domains/continuous/test/auto/InitialStateFeedback.xml
----------------- Instantiating /home/travis/build/icyphy/ptII/ptolemy/domains/continuous/test/auto/InitialStateFeedback.xml
5 ms. Memory: 324608K Free: 192542K (59%)
----------------- Invoking toplevel() on ptolemy.moml.MoMLSimpleApplication@7f372e31
----------------- Done invoking toplevel() on ptolemy.moml.MoMLSimpleApplication@7f372e31
reloadAllAccessors: .InitialStateFeedback

===========================================================================================
----------------- testing Wed Jun 03 14:31:47 UTC 2020 /home/travis/build/icyphy/ptII/ptolemy/domains/continuous/test/auto/Integration.xml
----------------- Instantiating /home/travis/build/icyphy/ptII/ptolemy/domains/continuous/test/auto/Integration.xml
3 ms. Memory: 324608K Free: 188446K (58%)
----------------- Invoking toplevel() on ptolemy.moml.MoMLSimpleApplication@713c0c27
----------------- Done invoking toplevel() on ptolemy.moml.MoMLSimpleApplication@713c0c27
reloadAllAccessors: .Integration

===========================================================================================
----------------- testing Wed Jun 03 14:31:47 UTC 2020 /home/travis/build/icyphy/ptII/ptolemy/domains/continuous/test/auto/Integration2.xml
----------------- Instantiating /home/travis/build/icyphy/ptII/ptolemy/domains/continuous/test/auto/Integration2.xml
67 ms. Memory: 324608K Free: 173596K (53%)
----------------- Invoking toplevel() on ptolemy.moml.MoMLSimpleApplication@280482db
----------------- Done invoking toplevel() on ptolemy.moml.MoMLSimpleApplication@280482db
reloadAllAccessors: .Integration2

===========================================================================================
----------------- testing Wed Jun 03 14:31:47 UTC 2020 /home/travis/build/icyphy/ptII/ptolemy/domains/continuous/test/auto/Integration3.xml
----------------- Instantiating /home/travis/build/icyphy/ptII/ptolemy/domains/continuous/test/auto/Integration3.xml
2 ms. Memory: 324608K Free: 168990K (52%)
----------------- Invoking toplevel() on ptolemy.moml.MoMLSimpleApplication@3cd05ed8
----------------- Done invoking toplevel() on ptolemy.moml.MoMLSimpleApplication@3cd05ed8
reloadAllAccessors: .Integration3

===========================================================================================
----------------- testing Wed Jun 03 14:31:47 UTC 2020 /home/travis/build/icyphy/ptII/ptolemy/domains/continuous/test/auto/Integration5.xml
----------------- Instantiating /home/travis/build/icyphy/ptII/ptolemy/domains/continuous/test/auto/Integration5.xml
1 ms. Memory: 324608K Free: 164894K (51%)
----------------- Invoking toplevel() on ptolemy.moml.MoMLSimpleApplication@2a0d9f6e
----------------- Done invoking toplevel() on ptolemy.moml.MoMLSimpleApplication@2a0d9f6e
reloadAllAccessors: .Integration5

===========================================================================================
----------------- testing Wed Jun 03 14:31:47 UTC 2020 /home/travis/build/icyphy/ptII/ptolemy/domains/continuous/test/auto/IntegratorImpulse.xml
----------------- Instantiating /home/travis/build/icyphy/ptII/ptolemy/domains/continuous/test/auto/IntegratorImpulse.xml
1 ms. Memory: 324608K Free: 160798K (50%)
----------------- Invoking toplevel() on ptolemy.moml.MoMLSimpleApplication@26f8f5fa
----------------- Done invoking toplevel() on ptolemy.moml.MoMLSimpleApplication@26f8f5fa
reloadAllAccessors: .IntegratorImpulse

===========================================================================================
----------------- testing Wed Jun 03 14:31:47 UTC 2020 /home/travis/build/icyphy/ptII/ptolemy/domains/continuous/test/auto/IntegratorImpulse2.xml
----------------- Instantiating /home/travis/build/icyphy/ptII/ptolemy/domains/continuous/test/auto/IntegratorImpulse2.xml
3 ms. Memory: 324608K Free: 156182K (48%)
----------------- Invoking toplevel() on ptolemy.moml.MoMLSimpleApplication@37290498
----------------- Done invoking toplevel() on ptolemy.moml.MoMLSimpleApplication@37290498
reloadAllAccessors: .IntegratorImpulse2

===========================================================================================
----------------- testing Wed Jun 03 14:31:47 UTC 2020 /home/travis/build/icyphy/ptII/ptolemy/domains/continuous/test/auto/LevelCrossing1.xml
----------------- Instantiating /home/travis/build/icyphy/ptII/ptolemy/domains/continuous/test/auto/LevelCrossing1.xml
2 ms. Memory: 324608K Free: 151062K (47%)
----------------- Invoking toplevel() on ptolemy.moml.MoMLSimpleApplication@2cb455a0
----------------- Done invoking toplevel() on ptolemy.moml.MoMLSimpleApplication@2cb455a0
reloadAllAccessors: .LevelCrossing1

===========================================================================================
----------------- testing Wed Jun 03 14:31:47 UTC 2020 /home/travis/build/icyphy/ptII/ptolemy/domains/continuous/test/auto/LevelCrossing2.xml
----------------- Instantiating /home/travis/build/icyphy/ptII/ptolemy/domains/continuous/test/auto/LevelCrossing2.xml
3 ms. Memory: 324608K Free: 145948K (45%)
----------------- Invoking toplevel() on ptolemy.moml.MoMLSimpleApplication@288045bc
----------------- Done invoking toplevel() on ptolemy.moml.MoMLSimpleApplication@288045bc
reloadAllAccessors: .LevelCrossing2

===========================================================================================
----------------- testing Wed Jun 03 14:31:47 UTC 2020 /home/travis/build/icyphy/ptII/ptolemy/domains/continuous/test/auto/LevelCrossing3.xml
----------------- Instantiating /home/travis/build/icyphy/ptII/ptolemy/domains/continuous/test/auto/LevelCrossing3.xml
2 ms. Memory: 324608K Free: 140822K (43%)
----------------- Invoking toplevel() on ptolemy.moml.MoMLSimpleApplication@348be618
----------------- Done invoking toplevel() on ptolemy.moml.MoMLSimpleApplication@348be618
reloadAllAccessors: .LevelCrossing3

===========================================================================================
----------------- testing Wed Jun 03 14:31:48 UTC 2020 /home/travis/build/icyphy/ptII/ptolemy/domains/continuous/test/auto/LevelCrossing4.xml
----------------- Instantiating /home/travis/build/icyphy/ptII/ptolemy/domains/continuous/test/auto/LevelCrossing4.xml
11 ms. Memory: 324608K Free: 135708K (42%)
----------------- Invoking toplevel() on ptolemy.moml.MoMLSimpleApplication@782473c6
----------------- Done invoking toplevel() on ptolemy.moml.MoMLSimpleApplication@782473c6
reloadAllAccessors: .LevelCrossing4

===========================================================================================
----------------- testing Wed Jun 03 14:31:48 UTC 2020 /home/travis/build/icyphy/ptII/ptolemy/domains/continuous/test/auto/LevelCrossing5.xml
----------------- Instantiating /home/travis/build/icyphy/ptII/ptolemy/domains/continuous/test/auto/LevelCrossing5.xml
3 ms. Memory: 324608K Free: 130588K (40%)
----------------- Invoking toplevel() on ptolemy.moml.MoMLSimpleApplication@45246465
----------------- Done invoking toplevel() on ptolemy.moml.MoMLSimpleApplication@45246465
reloadAllAccessors: .LevelCrossing5

===========================================================================================
[...]
reloadAllAccessors: .ResetTransitionWithStartTime6

===========================================================================================
----------------- testing Wed Jun 03 14:32:03 UTC 2020 /home/travis/build/icyphy/ptII/ptolemy/domains/continuous/test/auto/SRinContinuous.xml
----------------- Instantiating /home/travis/build/icyphy/ptII/ptolemy/domains/continuous/test/auto/SRinContinuous.xml
4 ms. Memory: 324608K Free: 154554K (48%)
----------------- Invoking toplevel() on ptolemy.moml.MoMLSimpleApplication@15d4ee72
----------------- Done invoking toplevel() on ptolemy.moml.MoMLSimpleApplication@15d4ee72
reloadAllAccessors: .SRinContinuous

===========================================================================================
----------------- testing Wed Jun 03 14:32:03 UTC 2020 /home/travis/build/icyphy/ptII/ptolemy/domains/continuous/test/auto/SampledClocks.xml
----------------- Instantiating /home/travis/build/icyphy/ptII/ptolemy/domains/continuous/test/auto/SampledClocks.xml
6 ms. Memory: 324608K Free: 141756K (44%)
----------------- Invoking toplevel() on ptolemy.moml.MoMLSimpleApplication@2eb0def9
----------------- Done invoking toplevel() on ptolemy.moml.MoMLSimpleApplication@2eb0def9
reloadAllAccessors: .SampledClocks

===========================================================================================
----------------- testing Wed Jun 03 14:32:03 UTC 2020 /home/travis/build/icyphy/ptII/ptolemy/domains/continuous/test/auto/Satellite.xml
----------------- Instantiating /home/travis/build/icyphy/ptII/ptolemy/domains/continuous/test/auto/Satellite.xml
650 ms. Memory: 324608K Free: 125573K (39%)
----------------- Invoking toplevel() on ptolemy.moml.MoMLSimpleApplication@5aea7768
----------------- Done invoking toplevel() on ptolemy.moml.MoMLSimpleApplication@5aea7768
reloadAllAccessors: .Satellite

===========================================================================================
----------------- testing Wed Jun 03 14:32:03 UTC 2020 /home/travis/build/icyphy/ptII/ptolemy/domains/continuous/test/auto/SigmaDelta.xml
----------------- Instantiating /home/travis/build/icyphy/ptII/ptolemy/domains/continuous/test/auto/SigmaDelta.xml
1813 ms. Memory: 324608K Free: 245409K (76%)
----------------- Invoking toplevel() on ptolemy.moml.MoMLSimpleApplication@4e06e9dd
----------------- Done invoking toplevel() on ptolemy.moml.MoMLSimpleApplication@4e06e9dd
reloadAllAccessors: .SigmaDelta

===========================================================================================
----------------- testing Wed Jun 03 14:32:05 UTC 2020 /home/travis/build/icyphy/ptII/ptolemy/domains/continuous/test/auto/SingleRefinement.xml
----------------- Instantiating /home/travis/build/icyphy/ptII/ptolemy/domains/continuous/test/auto/SingleRefinement.xml
290 ms. Memory: 324608K Free: 251559K (77%)
----------------- Invoking toplevel() on ptolemy.moml.MoMLSimpleApplication@21d72588
----------------- Done invoking toplevel() on ptolemy.moml.MoMLSimpleApplication@21d72588
reloadAllAccessors: .SingleRefinement

===========================================================================================
----------------- testing Wed Jun 03 14:32:06 UTC 2020 /home/travis/build/icyphy/ptII/ptolemy/domains/continuous/test/auto/SinuBouncingBall.xml
----------------- Instantiating /home/travis/build/icyphy/ptII/ptolemy/domains/continuous/test/auto/SinuBouncingBall.xml
754 ms. Memory: 324608K Free: 220957K (68%)
----------------- Invoking toplevel() on ptolemy.moml.MoMLSimpleApplication@349a1507
----------------- Done invoking toplevel() on ptolemy.moml.MoMLSimpleApplication@349a1507
reloadAllAccessors: .SinuBouncingBall

===========================================================================================
----------------- testing Wed Jun 03 14:32:06 UTC 2020 /home/travis/build/icyphy/ptII/ptolemy/domains/continuous/test/auto/Sinusoid.xml
----------------- Instantiating /home/travis/build/icyphy/ptII/ptolemy/domains/continuous/test/auto/Sinusoid.xml
3 ms. Memory: 324608K Free: 216351K (67%)
----------------- Invoking toplevel() on ptolemy.moml.MoMLSimpleApplication@750e24ce
----------------- Done invoking toplevel() on ptolemy.moml.MoMLSimpleApplication@750e24ce
reloadAllAccessors: .Sinusoid

===========================================================================================
----------------- testing Wed Jun 03 14:32:07 UTC 2020 /home/travis/build/icyphy/ptII/ptolemy/domains/continuous/test/auto/SinusoidInNoise.xml
----------------- Instantiating /home/travis/build/icyphy/ptII/ptolemy/domains/continuous/test/auto/SinusoidInNoise.xml
782 ms. Memory: 324608K Free: 267424K (82%)
----------------- Invoking toplevel() on ptolemy.moml.MoMLSimpleApplication@4290fdf2
----------------- Done invoking toplevel() on ptolemy.moml.MoMLSimpleApplication@4290fdf2
reloadAllAccessors: .SinusoidInNoise

===========================================================================================
----------------- testing Wed Jun 03 14:32:07 UTC 2020 /home/travis/build/icyphy/ptII/ptolemy/domains/continuous/test/auto/SinusoidRK45.xml
----------------- Instantiating /home/travis/build/icyphy/ptII/ptolemy/domains/continuous/test/auto/SinusoidRK45.xml
2 ms. Memory: 324608K Free: 262800K (81%)
----------------- Invoking toplevel() on ptolemy.moml.MoMLSimpleApplication@bfd9ea
----------------- Done invoking toplevel() on ptolemy.moml.MoMLSimpleApplication@bfd9ea
reloadAllAccessors: .SinusoidRK45

===========================================================================================
----------------- testing Wed Jun 03 14:32:07 UTC 2020 /home/travis/build/icyphy/ptII/ptolemy/domains/continuous/test/auto/SinusoidWithMultipleImpulses.xml
----------------- Instantiating /home/travis/build/icyphy/ptII/ptolemy/domains/continuous/test/auto/SinusoidWithMultipleImpulses.xml
2 ms. Memory: 324608K Free: 258208K (80%)
----------------- Invoking toplevel() on ptolemy.moml.MoMLSimpleApplication@3e8d876
----------------- Done invoking toplevel() on ptolemy.moml.MoMLSimpleApplication@3e8d876
reloadAllAccessors: .SinusoidWithMultipleImpulses

===========================================================================================
----------------- testing Wed Jun 03 14:32:07 UTC 2020 /home/travis/build/icyphy/ptII/ptolemy/domains/continuous/test/auto/SquareWave.xml
----------------- Instantiating /home/travis/build/icyphy/ptII/ptolemy/domains/continuous/test/auto/SquareWave.xml
120 ms. Memory: 324608K Free: 231070K (71%)
----------------- Invoking toplevel() on ptolemy.moml.MoMLSimpleApplication@66f3435e
----------------- Done invoking toplevel() on ptolemy.moml.MoMLSimpleApplication@66f3435e
reloadAllAccessors: .SquareWave

===========================================================================================
----------------- testing Wed Jun 03 14:32:07 UTC 2020 /home/travis/build/icyphy/ptII/ptolemy/domains/continuous/test/auto/Starmac.xml
----------------- Instantiating /home/travis/build/icyphy/ptII/ptolemy/domains/continuous/test/auto/Starmac.xml
3061 ms. Memory: 324608K Free: 286936K (88%)
----------------- Invoking toplevel() on ptolemy.moml.MoMLSimpleApplication@1b3220c8
----------------- Done invoking toplevel() on ptolemy.moml.MoMLSimpleApplication@1b3220c8
reloadAllAccessors: .Starmac

===========================================================================================
----------------- testing Wed Jun 03 14:32:11 UTC 2020 /home/travis/build/icyphy/ptII/ptolemy/domains/continuous/test/auto/StaticUnits.xml
----------------- Instantiating /home/travis/build/icyphy/ptII/ptolemy/domains/continuous/test/auto/StaticUnits.xml
2053 ms. Memory: 324608K Free: 180803K (56%)
----------------- Invoking toplevel() on ptolemy.moml.MoMLSimpleApplication@1960ca4d
----------------- Done invoking toplevel() on ptolemy.moml.MoMLSimpleApplication@1960ca4d
reloadAllAccessors: .StaticUnits

===========================================================================================
----------------- testing Wed Jun 03 14:32:13 UTC 2020 /home/travis/build/icyphy/ptII/ptolemy/domains/continuous/test/auto/StickyMasses.xml
----------------- Instantiating /home/travis/build/icyphy/ptII/ptolemy/domains/continuous/test/auto/StickyMasses.xml
142 ms. Memory: 324608K Free: 131137K (40%)
----------------- Invoking toplevel() on ptolemy.moml.MoMLSimpleApplication@10479be6
----------------- Done invoking toplevel() on ptolemy.moml.MoMLSimpleApplication@10479be6
reloadAllAccessors: .StickyMasses

===========================================================================================
----------------- testing Wed Jun 03 14:32:14 UTC 2020 /home/travis/build/icyphy/ptII/ptolemy/domains/continuous/test/auto/StopTime.xml
----------------- Instantiating /home/travis/build/icyphy/ptII/ptolemy/domains/continuous/test/auto/StopTime.xml
51 ms. Memory: 324608K Free: 294262K (91%)
----------------- Invoking toplevel() on ptolemy.moml.MoMLSimpleApplication@63b377cc
----------------- Done invoking toplevel() on ptolemy.moml.MoMLSimpleApplication@63b377cc
reloadAllAccessors: .StopTime

===========================================================================================
----------------- testing Wed Jun 03 14:32:14 UTC 2020 /home/travis/build/icyphy/ptII/ptolemy/domains/continuous/test/auto/StopTime2.xml
----------------- Instantiating /home/travis/build/icyphy/ptII/ptolemy/domains/continuous/test/auto/StopTime2.xml
40 ms. Memory: 324608K Free: 271420K (84%)
----------------- Invoking toplevel() on ptolemy.moml.MoMLSimpleApplication@51634c96
----------------- Done invoking toplevel() on ptolemy.moml.MoMLSimpleApplication@51634c96
reloadAllAccessors: .StopTime2

===========================================================================================
----------------- testing Wed Jun 03 14:32:14 UTC 2020 /home/travis/build/icyphy/ptII/ptolemy/domains/continuous/test/auto/Switch.xml
----------------- Instantiating /home/travis/build/icyphy/ptII/ptolemy/domains/continuous/test/auto/Switch.xml
37 ms. Memory: 324608K Free: 246315K (76%)
----------------- Invoking toplevel() on ptolemy.moml.MoMLSimpleApplication@1bac11aa
----------------- Done invoking toplevel() on ptolemy.moml.MoMLSimpleApplication@1bac11aa
reloadAllAccessors: .Switch

===========================================================================================
----------------- testing Wed Jun 03 14:32:14 UTC 2020 /home/travis/build/icyphy/ptII/ptolemy/domains/continuous/test/auto/Thermostat.xml
----------------- Instantiating /home/travis/build/icyphy/ptII/ptolemy/domains/continuous/test/auto/Thermostat.xml
169 ms. Memory: 324608K Free: 173116K (53%)
----------------- Invoking toplevel() on ptolemy.moml.MoMLSimpleApplication@62e7d87b
----------------- Done invoking toplevel() on ptolemy.moml.MoMLSimpleApplication@62e7d87b
reloadAllAccessors: .Thermostat

===========================================================================================
----------------- testing Wed Jun 03 14:32:14 UTC 2020 /home/travis/build/icyphy/ptII/ptolemy/domains/continuous/test/auto/TimeDelay.xml
----------------- Instantiating /home/travis/build/icyphy/ptII/ptolemy/domains/continuous/test/auto/TimeDelay.xml
4 ms. Memory: 324608K Free: 168499K (52%)
----------------- Invoking toplevel() on ptolemy.moml.MoMLSimpleApplication@3249d5a4
----------------- Done invoking toplevel() on ptolemy.moml.MoMLSimpleApplication@3249d5a4
reloadAllAccessors: .TimeDelay

===========================================================================================
----------------- testing Wed Jun 03 14:32:14 UTC 2020 /home/travis/build/icyphy/ptII/ptolemy/domains/continuous/test/auto/TimeDelay2.xml
----------------- Instantiating /home/travis/build/icyphy/ptII/ptolemy/domains/continuous/test/auto/TimeDelay2.xml
7 ms. Memory: 324608K Free: 158266K (49%)
----------------- Invoking toplevel() on ptolemy.moml.MoMLSimpleApplication@4fcd9458
----------------- Done invoking toplevel() on ptolemy.moml.MoMLSimpleApplication@4fcd9458
reloadAllAccessors: .TimeDelay2

===========================================================================================
----------------- testing Wed Jun 03 14:32:14 UTC 2020 /home/travis/build/icyphy/ptII/ptolemy/domains/continuous/test/auto/TimeDelay3.xml
----------------- Instantiating /home/travis/build/icyphy/ptII/ptolemy/domains/continuous/test/auto/TimeDelay3.xml
4 ms. Memory: 324608K Free: 153658K (47%)
----------------- Invoking toplevel() on ptolemy.moml.MoMLSimpleApplication@21a3518a
----------------- Done invoking toplevel() on ptolemy.moml.MoMLSimpleApplication@21a3518a
reloadAllAccessors: .TimeDelay3

===========================================================================================
----------------- testing Wed Jun 03 14:32:14 UTC 2020 /home/travis/build/icyphy/ptII/ptolemy/domains/continuous/test/auto/TransferAbsentToInside.xml
----------------- Instantiating /home/travis/build/icyphy/ptII/ptolemy/domains/continuous/test/auto/TransferAbsentToInside.xml
31 ms. Memory: 324608K Free: 288811K (89%)
----------------- Invoking toplevel() on ptolemy.moml.MoMLSimpleApplication@3f011811
----------------- Done invoking toplevel() on ptolemy.moml.MoMLSimpleApplication@3f011811
reloadAllAccessors: .TransferAbsentToInside

===========================================================================================
----------------- testing Wed Jun 03 14:32:14 UTC 2020 /home/travis/build/icyphy/ptII/ptolemy/domains/continuous/test/auto/Transmission.xml
----------------- Instantiating /home/travis/build/icyphy/ptII/ptolemy/domains/continuous/test/auto/Transmission.xml
719 ms. Memory: 324608K Free: 241177K (74%)
----------------- Invoking toplevel() on ptolemy.moml.MoMLSimpleApplication@1f7435d3
----------------- Done invoking toplevel() on ptolemy.moml.MoMLSimpleApplication@1f7435d3
reloadAllAccessors: .Transmission

===========================================================================================
----------------- testing Wed Jun 03 14:32:15 UTC 2020 /home/travis/build/icyphy/ptII/ptolemy/domains/continuous/test/auto/TriggeredContinuousClock.xml
----------------- Instantiating /home/travis/build/icyphy/ptII/ptolemy/domains/continuous/test/auto/TriggeredContinuousClock.xml
35 ms. Memory: 324608K Free: 211495K (65%)
----------------- Invoking toplevel() on ptolemy.moml.MoMLSimpleApplication@7db3a20
----------------- Done invoking toplevel() on ptolemy.moml.MoMLSimpleApplication@7db3a20
reloadAllAccessors: .TriggeredContinuousClock

===========================================================================================
----------------- testing Wed Jun 03 14:32:15 UTC 2020 /home/travis/build/icyphy/ptII/ptolemy/domains/continuous/test/auto/TwoMachineInfiniteBusControl.xml
----------------- Instantiating /home/travis/build/icyphy/ptII/ptolemy/domains/continuous/test/auto/TwoMachineInfiniteBusControl.xml
2630 ms. Memory: 390144K Free: 299495K (77%)
----------------- Invoking toplevel() on ptolemy.moml.MoMLSimpleApplication@4bd3a90d
----------------- Done invoking toplevel() on ptolemy.moml.MoMLSimpleApplication@4bd3a90d
reloadAllAccessors: .TwoMachineInfiniteBusControl

===========================================================================================
----------------- testing Wed Jun 03 14:32:18 UTC 2020 /home/travis/build/icyphy/ptII/ptolemy/domains/continuous/test/auto/V2V.xml
----------------- Instantiating /home/travis/build/icyphy/ptII/ptolemy/domains/continuous/test/auto/V2V.xml
743 ms. Memory: 390144K Free: 334320K (86%)
----------------- Invoking toplevel() on ptolemy.moml.MoMLSimpleApplication@5a878e07
----------------- Done invoking toplevel() on ptolemy.moml.MoMLSimpleApplication@5a878e07
reloadAllAccessors: .V2V

===========================================================================================
----------------- testing Wed Jun 03 14:32:18 UTC 2020 /home/travis/build/icyphy/ptII/ptolemy/domains/continuous/test/auto/hierarchicalModalModel.xml
----------------- Instantiating /home/travis/build/icyphy/ptII/ptolemy/domains/continuous/test/auto/hierarchicalModalModel.xml
7 ms. Memory: 390144K Free: 319984K (82%)
----------------- Invoking toplevel() on ptolemy.moml.MoMLSimpleApplication@21c92abb
----------------- Done invoking toplevel() on ptolemy.moml.MoMLSimpleApplication@21c92abb
reloadAllAccessors: .hierarchicalModalModel

===========================================================================================
----------------- testing Wed Jun 03 14:32:19 UTC 2020 /home/travis/build/icyphy/ptII/ptolemy/domains/continuous/test/auto/hierarchicalModalModel1.xml
----------------- Instantiating /home/travis/build/icyphy/ptII/ptolemy/domains/continuous/test/auto/hierarchicalModalModel1.xml
7 ms. Memory: 390144K Free: 305648K (78%)
----------------- Invoking toplevel() on ptolemy.moml.MoMLSimpleApplication@7b4cd986
----------------- Done invoking toplevel() on ptolemy.moml.MoMLSimpleApplication@7b4cd986
reloadAllAccessors: .hierarchicalModalModel1

===========================================================================================
----------------- testing Wed Jun 03 14:32:19 UTC 2020 /home/travis/build/icyphy/ptII/ptolemy/domains/continuous/test/auto/hierarchicalModalModel2.xml
----------------- Instantiating /home/travis/build/icyphy/ptII/ptolemy/domains/continuous/test/auto/hierarchicalModalModel2.xml
6 ms. Memory: 390144K Free: 293360K (75%)
----------------- Invoking toplevel() on ptolemy.moml.MoMLSimpleApplication@27fca834
----------------- Done invoking toplevel() on ptolemy.moml.MoMLSimpleApplication@27fca834
reloadAllAccessors: .hierarchicalModalModel2

===========================================================================================
----------------- testing Wed Jun 03 14:32:19 UTC 2020 /home/travis/build/icyphy/ptII/ptolemy/domains/continuous/test/auto/hierarchicalModalModel3.xml
----------------- Instantiating /home/travis/build/icyphy/ptII/ptolemy/domains/continuous/test/auto/hierarchicalModalModel3.xml
5 ms. Memory: 390144K Free: 282606K (72%)
----------------- Invoking toplevel() on ptolemy.moml.MoMLSimpleApplication@31eddf5c
----------------- Done invoking toplevel() on ptolemy.moml.MoMLSimpleApplication@31eddf5c
reloadAllAccessors: .hierarchicalModalModel3

===========================================================================================
----------------- testing Wed Jun 03 14:32:19 UTC 2020 /home/travis/build/icyphy/ptII/ptolemy/domains/continuous/test/auto/hierarchicalModalModel4.xml
----------------- Instantiating /home/travis/build/icyphy/ptII/ptolemy/domains/continuous/test/auto/hierarchicalModalModel4.xml
5 ms. Memory: 390144K Free: 270832K (69%)
----------------- Invoking toplevel() on ptolemy.moml.MoMLSimpleApplication@7a0e3046
----------------- Done invoking toplevel() on ptolemy.moml.MoMLSimpleApplication@7a0e3046
reloadAllAccessors: .hierarchicalModalModel4

===========================================================================================
----------------- testing Wed Jun 03 14:32:19 UTC 2020 /home/travis/build/icyphy/ptII/ptolemy/domains/continuous/test/auto/junk.xml
----------------- Instantiating /home/travis/build/icyphy/ptII/ptolemy/domains/continuous/test/auto/junk.xml
109 ms. Memory: 390144K Free: 244718K (63%)
----------------- Invoking toplevel() on ptolemy.moml.MoMLSimpleApplication@38a87968
----------------- Done invoking toplevel() on ptolemy.moml.MoMLSimpleApplication@38a87968
reloadAllAccessors: .junk
AutoTests.java: About to close Vertx.
AutoTests.java: Vertx closed.
]]></system-out>
  <system-err><![CDATA[Warning: '.HysteresisWithRandomDelay.NonStrictTest3' The test produced only 23 tokens, yet the correctValues parameter was expecting 30 tokens.
Warning: '.Poisson.NonStrictTest' The test produced only 402 tokens, yet the correctValues parameter was expecting 430 tokens.
]]></system-err>
</testsuite>
