<?xml version="1.0" encoding="UTF-8" ?>
<testsuite errors="0" failures="0" hostname="travis-job-1fd60944-7a36-42d0-81c4-31e5986ac69b" name="ptolemy.domains.pn.test.junit.JUnitTclTest" skipped="0" tests="43" time="7.503" timestamp="2019-12-12T06:28:19">
  <properties>
[...]
</properties>
  <testcase classname="ptolemy.util.test.junit.TclTests" name="[0] /home/travis/build/icyphy/ptII/ptolemy/domains/pn/test/PNDirector.tcl (RunTclFile)" time="0.698" />
  <testcase classname="ptolemy.util.test.junit.TclTests" name="[1] /home/travis/build/icyphy/ptII/ptolemy/domains/pn/test/TimedPNDirector.tcl (RunTclFile)" time="0.023" />
  <testcase classname="ptolemy.util.test.junit.AutoKnownFailedTests" name="[0] ThereAreNoKnowFailedTests (RunModel)" time="0.005" />
  <testcase classname="ptolemy.util.test.junit.AutoNameArchTests" name="[0] ThereAreNoAutoArchTests (RunModel)" time="0.001" />
  <testcase classname="ptolemy.util.test.junit.AutoTests" name="[0] /home/travis/build/icyphy/ptII/ptolemy/domains/pn/test/auto/Branching-switch-PN-ptolemy-2.xml (RunModel)" time="0.231" />
  <testcase classname="ptolemy.util.test.junit.AutoTests" name="[1] /home/travis/build/icyphy/ptII/ptolemy/domains/pn/test/auto/Branching-switch-PN-ptolemy.xml (RunModel)" time="0.155" />
  <testcase classname="ptolemy.util.test.junit.AutoTests" name="[2] /home/travis/build/icyphy/ptII/ptolemy/domains/pn/test/auto/BrockAckermanTest.xml (RunModel)" time="0.493" />
  <testcase classname="ptolemy.util.test.junit.AutoTests" name="[3] /home/travis/build/icyphy/ptII/ptolemy/domains/pn/test/auto/CounterMachine.xml (RunModel)" time="1.598" />
  <testcase classname="ptolemy.util.test.junit.AutoTests" name="[4] /home/travis/build/icyphy/ptII/ptolemy/domains/pn/test/auto/CounterMachine1.xml (RunModel)" time="1.511" />
  <testcase classname="ptolemy.util.test.junit.AutoTests" name="[5] /home/travis/build/icyphy/ptII/ptolemy/domains/pn/test/auto/CounterMachineWithException.xml (RunModel)" time="0.648" />
  <testcase classname="ptolemy.util.test.junit.AutoTests" name="[6] /home/travis/build/icyphy/ptII/ptolemy/domains/pn/test/auto/FinalState.xml (RunModel)" time="0.07" />
  <testcase classname="ptolemy.util.test.junit.AutoTests" name="[7] /home/travis/build/icyphy/ptII/ptolemy/domains/pn/test/auto/FourExpressions.xml (RunModel)" time="0.057" />
  <testcase classname="ptolemy.util.test.junit.AutoTests" name="[8] /home/travis/build/icyphy/ptII/ptolemy/domains/pn/test/auto/Identity.xml (RunModel)" time="0.061" />
  <testcase classname="ptolemy.util.test.junit.AutoTests" name="[9] /home/travis/build/icyphy/ptII/ptolemy/domains/pn/test/auto/IdentityWithFeedback.xml (RunModel)" time="0.036" />
  <testcase classname="ptolemy.util.test.junit.AutoTests" name="[10] /home/travis/build/icyphy/ptII/ptolemy/domains/pn/test/auto/NondeterministicMergeTest.xml (RunModel)" time="0.066" />
  <testcase classname="ptolemy.util.test.junit.AutoTests" name="[11] /home/travis/build/icyphy/ptII/ptolemy/domains/pn/test/auto/OrderedMerge.xml (RunModel)" time="0.191" />
  <testcase classname="ptolemy.util.test.junit.AutoTests" name="[12] /home/travis/build/icyphy/ptII/ptolemy/domains/pn/test/auto/PNAbstractReceiverTest.xml (RunModel)" time="0.035" />
  <testcase classname="ptolemy.util.test.junit.AutoTests" name="[13] /home/travis/build/icyphy/ptII/ptolemy/domains/pn/test/auto/QR.xml (RunModel)" time="0.076" />
  <testcase classname="ptolemy.util.test.junit.AutoTests" name="[14] /home/travis/build/icyphy/ptII/ptolemy/domains/pn/test/auto/RemoveNilTokens.xml (RunModel)" time="0.084" />
  <testcase classname="ptolemy.util.test.junit.AutoTests" name="[15] /home/travis/build/icyphy/ptII/ptolemy/domains/pn/test/auto/Stack.xml (RunModel)" time="0.15" />
  <testcase classname="ptolemy.util.test.junit.AutoTests" name="[16] /home/travis/build/icyphy/ptII/ptolemy/domains/pn/test/auto/TestRemoveNilTokens.xml (RunModel)" time="0.039" />
  <testcase classname="ptolemy.util.test.junit.AutoTests" name="[17] /home/travis/build/icyphy/ptII/ptolemy/domains/pn/test/auto/TestSeq2Array.xml (RunModel)" time="0.046" />
  <testcase classname="ptolemy.util.test.junit.AutoTests" name="[18] /home/travis/build/icyphy/ptII/ptolemy/domains/pn/test/auto/TrivialIdentity.xml (RunModel)" time="0.03" />
  <testcase classname="ptolemy.util.test.junit.AutoTests" name="[19] /home/travis/build/icyphy/ptII/ptolemy/domains/pn/test/auto/WidthInferenceTest1.xml (RunModel)" time="0.047" />
  <testcase classname="ptolemy.util.test.junit.AutoTests" name="[20] /home/travis/build/icyphy/ptII/ptolemy/domains/pn/test/auto/WidthInferenceTest2.xml (RunModel)" time="0.035" />
  <testcase classname="ptolemy.util.test.junit.AutoTests" name="[21] /home/travis/build/icyphy/ptII/ptolemy/domains/pn/test/auto/WidthInferenceTest3.xml (RunModel)" time="0.056" />
  <testcase classname="ptolemy.util.test.junit.AutoTests" name="[22] /home/travis/build/icyphy/ptII/ptolemy/domains/pn/test/auto/WidthInferenceTest4.xml (RunModel)" time="0.07" />
  <testcase classname="ptolemy.util.test.junit.AutoTests" name="[23] /home/travis/build/icyphy/ptII/ptolemy/domains/pn/test/auto/WidthInferenceTest5.xml (RunModel)" time="0.067" />
  <testcase classname="ptolemy.util.test.junit.AutoTests" name="[24] /home/travis/build/icyphy/ptII/ptolemy/domains/pn/test/auto/controlled_kahnnet.xml (RunModel)" time="0.037" />
  <testcase classname="ptolemy.util.test.junit.AutoTests" name="[25] /home/travis/build/icyphy/ptII/ptolemy/domains/pn/test/auto/demandDriven.xml (RunModel)" time="0.024" />
  <testcase classname="ptolemy.util.test.junit.AutoTests" name="[26] /home/travis/build/icyphy/ptII/ptolemy/domains/pn/test/auto/feedback.xml (RunModel)" time="0.021" />
  <testcase classname="ptolemy.util.test.junit.AutoTests" name="[27] /home/travis/build/icyphy/ptII/ptolemy/domains/pn/test/auto/helloWorld.xml (RunModel)" time="0.022" />
  <testcase classname="ptolemy.util.test.junit.AutoTests" name="[28] /home/travis/build/icyphy/ptII/ptolemy/domains/pn/test/auto/helloWorld2.xml (RunModel)" time="0.031" />
  <testcase classname="ptolemy.util.test.junit.AutoTests" name="[29] /home/travis/build/icyphy/ptII/ptolemy/domains/pn/test/auto/noOutput.xml (RunModel)" time="0.055" />
  <testcase classname="ptolemy.util.test.junit.AutoTests" name="[30] /home/travis/build/icyphy/ptII/ptolemy/domains/pn/test/auto/relationGroup.xml (RunModel)" time="0.018" />
  <testcase classname="ptolemy.util.test.junit.AutoTests" name="[31] /home/travis/build/icyphy/ptII/ptolemy/domains/pn/test/auto/relationGroup2.xml (RunModel)" time="0.02" />
  <testcase classname="ptolemy.util.test.junit.AutoTests" name="[32] /home/travis/build/icyphy/ptII/ptolemy/domains/pn/test/auto/relationGroup3.xml (RunModel)" time="0.018" />
  <testcase classname="ptolemy.util.test.junit.AutoTests" name="[33] /home/travis/build/icyphy/ptII/ptolemy/domains/pn/test/auto/relationGroup4.xml (RunModel)" time="0.018" />
  <testcase classname="ptolemy.util.test.junit.AutoTests" name="[34] /home/travis/build/icyphy/ptII/ptolemy/domains/pn/test/auto/relationGroup5.xml (RunModel)" time="0.019" />
  <testcase classname="ptolemy.util.test.junit.AutoTests" name="[35] /home/travis/build/icyphy/ptII/ptolemy/domains/pn/test/auto/relationGroup6.xml (RunModel)" time="0.02" />
  <testcase classname="ptolemy.util.test.junit.AutoTests" name="[36] /home/travis/build/icyphy/ptII/ptolemy/domains/pn/test/auto/relationGroup7.xml (RunModel)" time="0.019" />
  <testcase classname="ptolemy.util.test.junit.AutoTests" name="[37] /home/travis/build/icyphy/ptII/ptolemy/domains/pn/test/auto/relationGroup8.xml (RunModel)" time="0.024" />
  <testcase classname="ptolemy.util.test.junit.AutoTests" name="[38] /home/travis/build/icyphy/ptII/ptolemy/domains/pn/test/auto/widthTest.xml (RunModel)" time="0.037" />
  <system-out><![CDATA[/home/travis/build/icyphy/ptII/ptolemy/domains/pn/test/PNDirector.tcl
testDefs.tcl: setting time out to 9000 seconds at Thu Dec 12 06:28:19 UTC 2019
87 ms. Memory: 120832K Free: 89031K (74%)
84 ms. Memory: 120832K Free: 80839K (67%)
/home/travis/build/icyphy/ptII/ptolemy/domains/pn/test/TimedPNDirector.tcl


==== $PTII/ptolemy/domains/pn/test/TimedPNDirector.tcl: TimedPNDirector-6.1 Test an application
==== Contents of test case:


    set e0 [java::new ptolemy.actor.TypedCompositeActor]
    set manager [java::new ptolemy.actor.Manager]
    set director [java::new ptolemy.domains.pn.kernel.TimedPNDirector]
    $e0 setDirector $director
    $e0 setName top
    $e0 setManager $manager

    # FIXME: why doesn't the getParameter option work.
    set ramp [java::new ptolemy.actor.lib.Ramp $e0 ramp]
    set param [java::cast ptolemy.data.expr.Parameter  [$ramp getAttribute  firingCountLimit]]
    $param setExpression 20

    set rec [java::new ptolemy.actor.lib.Recorder $e0 rec]
    $e0 connect  [java::field [java::cast ptolemy.actor.lib.Source $ramp] output]  [java::field [java::cast ptolemy.actor.lib.Sink $rec] input]

    error "Running this test sometimes causes an endless loop" 

#    [$e0 getManager] execute
#    enumToTokenValues [$rec getRecord 0]


.... Test generated KNOWN error:
Running this test sometimes causes an endless loop
    while executing
"error "Running this test sometimes causes an endless loop" "
    ("uplevel" body line 18)
    invoked from within
"uplevel $contents_of_test"
12/12/19 06:28:20
Failed: 0  Total Tests: 3  ((Passed: 2, Newly Passed: 0)  Known Failed: 1) /home/travis/build/icyphy/ptII/ptolemy/domains/pn/test
No auto/knownFailedTests/*.xml tests in /home/travis/build/icyphy/ptII/ptolemy/domains/pn/test
No auto/linux-amd64/*.xml tests in /home/travis/build/icyphy/ptII/ptolemy/domains/pn/test
AutoTests.java: About to close Vertx.
AutoTests.java: Vertx closed.

===========================================================================================
----------------- testing Thu Dec 12 06:28:20 UTC 2019 /home/travis/build/icyphy/ptII/ptolemy/domains/pn/test/auto/Branching-switch-PN-ptolemy-2.xml
----------------- Instantiating /home/travis/build/icyphy/ptII/ptolemy/domains/pn/test/auto/Branching-switch-PN-ptolemy-2.xml
61 ms. Memory: 120832K Free: 96081K (80%)
----------------- Invoking toplevel() on ptolemy.moml.MoMLSimpleApplication@30bbff0a
----------------- Done invoking toplevel() on ptolemy.moml.MoMLSimpleApplication@30bbff0a
reloadAllAccessors: .Branching-switch-PN-ptolemy-2

===========================================================================================
----------------- testing Thu Dec 12 06:28:20 UTC 2019 /home/travis/build/icyphy/ptII/ptolemy/domains/pn/test/auto/Branching-switch-PN-ptolemy.xml
----------------- Instantiating /home/travis/build/icyphy/ptII/ptolemy/domains/pn/test/auto/Branching-switch-PN-ptolemy.xml
61 ms. Memory: 120832K Free: 105000K (87%)
----------------- Invoking toplevel() on ptolemy.moml.MoMLSimpleApplication@126787c1
----------------- Done invoking toplevel() on ptolemy.moml.MoMLSimpleApplication@126787c1
reloadAllAccessors: .Branching-switch-PN-ptolemy

===========================================================================================
----------------- testing Thu Dec 12 06:28:21 UTC 2019 /home/travis/build/icyphy/ptII/ptolemy/domains/pn/test/auto/BrockAckermanTest.xml
----------------- Instantiating /home/travis/build/icyphy/ptII/ptolemy/domains/pn/test/auto/BrockAckermanTest.xml
315 ms. Memory: 120832K Free: 90900K (75%)
----------------- Invoking toplevel() on ptolemy.moml.MoMLSimpleApplication@29b4ad7
----------------- Done invoking toplevel() on ptolemy.moml.MoMLSimpleApplication@29b4ad7
reloadAllAccessors: .BrockAckermanTest

===========================================================================================
----------------- testing Thu Dec 12 06:28:21 UTC 2019 /home/travis/build/icyphy/ptII/ptolemy/domains/pn/test/auto/CounterMachine.xml
----------------- Instantiating /home/travis/build/icyphy/ptII/ptolemy/domains/pn/test/auto/CounterMachine.xml
1005 ms. Memory: 152576K Free: 90684K (59%)
----------------- Invoking toplevel() on ptolemy.moml.MoMLSimpleApplication@79e11392
----------------- Done invoking toplevel() on ptolemy.moml.MoMLSimpleApplication@79e11392
reloadAllAccessors: .CounterMachine

===========================================================================================
----------------- testing Thu Dec 12 06:28:23 UTC 2019 /home/travis/build/icyphy/ptII/ptolemy/domains/pn/test/auto/CounterMachine1.xml
----------------- Instantiating /home/travis/build/icyphy/ptII/ptolemy/domains/pn/test/auto/CounterMachine1.xml
1080 ms. Memory: 152576K Free: 77179K (51%)
----------------- Invoking toplevel() on ptolemy.moml.MoMLSimpleApplication@4bda3ca9
----------------- Done invoking toplevel() on ptolemy.moml.MoMLSimpleApplication@4bda3ca9
reloadAllAccessors: .CounterMachine1

===========================================================================================
----------------- testing Thu Dec 12 06:28:24 UTC 2019 /home/travis/build/icyphy/ptII/ptolemy/domains/pn/test/auto/CounterMachineWithException.xml
----------------- Instantiating /home/travis/build/icyphy/ptII/ptolemy/domains/pn/test/auto/CounterMachineWithException.xml
367 ms. Memory: 183296K Free: 114975K (63%)
----------------- Invoking toplevel() on ptolemy.moml.MoMLSimpleApplication@29767731
----------------- Done invoking toplevel() on ptolemy.moml.MoMLSimpleApplication@29767731
reloadAllAccessors: .CounterMachineWithException

===========================================================================================
----------------- testing Thu Dec 12 06:28:25 UTC 2019 /home/travis/build/icyphy/ptII/ptolemy/domains/pn/test/auto/FinalState.xml
----------------- Instantiating /home/travis/build/icyphy/ptII/ptolemy/domains/pn/test/auto/FinalState.xml
26 ms. Memory: 183296K Free: 107672K (59%)
----------------- Invoking toplevel() on ptolemy.moml.MoMLSimpleApplication@267a6390
----------------- Done invoking toplevel() on ptolemy.moml.MoMLSimpleApplication@267a6390
reloadAllAccessors: .FinalState

===========================================================================================
----------------- testing Thu Dec 12 06:28:25 UTC 2019 /home/travis/build/icyphy/ptII/ptolemy/domains/pn/test/auto/FourExpressions.xml
----------------- Instantiating /home/travis/build/icyphy/ptII/ptolemy/domains/pn/test/auto/FourExpressions.xml
32 ms. Memory: 183296K Free: 101263K (55%)
----------------- Invoking toplevel() on ptolemy.moml.MoMLSimpleApplication@4767f61a
----------------- Done invoking toplevel() on ptolemy.moml.MoMLSimpleApplication@4767f61a
reloadAllAccessors: .FourExpressions

===========================================================================================
----------------- testing Thu Dec 12 06:28:25 UTC 2019 /home/travis/build/icyphy/ptII/ptolemy/domains/pn/test/auto/Identity.xml
----------------- Instantiating /home/travis/build/icyphy/ptII/ptolemy/domains/pn/test/auto/Identity.xml
14 ms. Memory: 183296K Free: 96409K (53%)
----------------- Invoking toplevel() on ptolemy.moml.MoMLSimpleApplication@71ed196
----------------- Done invoking toplevel() on ptolemy.moml.MoMLSimpleApplication@71ed196
reloadAllAccessors: .Identity

===========================================================================================
----------------- testing Thu Dec 12 06:28:25 UTC 2019 /home/travis/build/icyphy/ptII/ptolemy/domains/pn/test/auto/IdentityWithFeedback.xml
----------------- Instantiating /home/travis/build/icyphy/ptII/ptolemy/domains/pn/test/auto/IdentityWithFeedback.xml
9 ms. Memory: 183296K Free: 92445K (50%)
----------------- Invoking toplevel() on ptolemy.moml.MoMLSimpleApplication@7cf3266e
----------------- Done invoking toplevel() on ptolemy.moml.MoMLSimpleApplication@7cf3266e
reloadAllAccessors: .IdentityWithFeedback

===========================================================================================
----------------- testing Thu Dec 12 06:28:25 UTC 2019 /home/travis/build/icyphy/ptII/ptolemy/domains/pn/test/auto/NondeterministicMergeTest.xml
----------------- Instantiating /home/travis/build/icyphy/ptII/ptolemy/domains/pn/test/auto/NondeterministicMergeTest.xml
27 ms. Memory: 183296K Free: 87417K (48%)
----------------- Invoking toplevel() on ptolemy.moml.MoMLSimpleApplication@236ed602
----------------- Done invoking toplevel() on ptolemy.moml.MoMLSimpleApplication@236ed602
reloadAllAccessors: .NondeterministicMergeTest

===========================================================================================
----------------- testing Thu Dec 12 06:28:25 UTC 2019 /home/travis/build/icyphy/ptII/ptolemy/domains/pn/test/auto/OrderedMerge.xml
----------------- Instantiating /home/travis/build/icyphy/ptII/ptolemy/domains/pn/test/auto/OrderedMerge.xml
130 ms. Memory: 183296K Free: 79000K (43%)
----------------- Invoking toplevel() on ptolemy.moml.MoMLSimpleApplication@13c702f
----------------- Done invoking toplevel() on ptolemy.moml.MoMLSimpleApplication@13c702f
reloadAllAccessors: .OrderedMerge

===========================================================================================
----------------- testing Thu Dec 12 06:28:25 UTC 2019 /home/travis/build/icyphy/ptII/ptolemy/domains/pn/test/auto/PNAbstractReceiverTest.xml
----------------- Instantiating /home/travis/build/icyphy/ptII/ptolemy/domains/pn/test/auto/PNAbstractReceiverTest.xml
4 ms. Memory: 183296K Free: 75529K (41%)
----------------- Invoking toplevel() on ptolemy.moml.MoMLSimpleApplication@5a6ce235
----------------- Done invoking toplevel() on ptolemy.moml.MoMLSimpleApplication@5a6ce235
reloadAllAccessors: .PNAbstractReceiverTest

===========================================================================================
----------------- testing Thu Dec 12 06:28:25 UTC 2019 /home/travis/build/icyphy/ptII/ptolemy/domains/pn/test/auto/QR.xml
----------------- Instantiating /home/travis/build/icyphy/ptII/ptolemy/domains/pn/test/auto/QR.xml
26 ms. Memory: 183296K Free: 67204K (37%)
----------------- Invoking toplevel() on ptolemy.moml.MoMLSimpleApplication@34598b93
----------------- Done invoking toplevel() on ptolemy.moml.MoMLSimpleApplication@34598b93
reloadAllAccessors: .QR

===========================================================================================
----------------- testing Thu Dec 12 06:28:25 UTC 2019 /home/travis/build/icyphy/ptII/ptolemy/domains/pn/test/auto/RemoveNilTokens.xml
----------------- Instantiating /home/travis/build/icyphy/ptII/ptolemy/domains/pn/test/auto/RemoveNilTokens.xml
23 ms. Memory: 183296K Free: 166839K (91%)
----------------- Invoking toplevel() on ptolemy.moml.MoMLSimpleApplication@620fe7d2
----------------- Done invoking toplevel() on ptolemy.moml.MoMLSimpleApplication@620fe7d2
reloadAllAccessors: .RemoveNilTokens

===========================================================================================
----------------- testing Thu Dec 12 06:28:26 UTC 2019 /home/travis/build/icyphy/ptII/ptolemy/domains/pn/test/auto/Stack.xml
----------------- Instantiating /home/travis/build/icyphy/ptII/ptolemy/domains/pn/test/auto/Stack.xml
81 ms. Memory: 183296K Free: 144942K (79%)
----------------- Invoking toplevel() on ptolemy.moml.MoMLSimpleApplication@5bb86de1
----------------- Done invoking toplevel() on ptolemy.moml.MoMLSimpleApplication@5bb86de1
reloadAllAccessors: .Stack

===========================================================================================
----------------- testing Thu Dec 12 06:28:26 UTC 2019 /home/travis/build/icyphy/ptII/ptolemy/domains/pn/test/auto/TestRemoveNilTokens.xml
----------------- Instantiating /home/travis/build/icyphy/ptII/ptolemy/domains/pn/test/auto/TestRemoveNilTokens.xml
14 ms. Memory: 183296K Free: 138211K (75%)
----------------- Invoking toplevel() on ptolemy.moml.MoMLSimpleApplication@e05e986
----------------- Done invoking toplevel() on ptolemy.moml.MoMLSimpleApplication@e05e986
reloadAllAccessors: .TestRemoveNilTokens

===========================================================================================
----------------- testing Thu Dec 12 06:28:26 UTC 2019 /home/travis/build/icyphy/ptII/ptolemy/domains/pn/test/auto/TestSeq2Array.xml
----------------- Instantiating /home/travis/build/icyphy/ptII/ptolemy/domains/pn/test/auto/TestSeq2Array.xml
21 ms. Memory: 183296K Free: 133091K (73%)
----------------- Invoking toplevel() on ptolemy.moml.MoMLSimpleApplication@1f89a0b8
----------------- Done invoking toplevel() on ptolemy.moml.MoMLSimpleApplication@1f89a0b8
reloadAllAccessors: .TestSeq2Array

===========================================================================================
----------------- testing Thu Dec 12 06:28:26 UTC 2019 /home/travis/build/icyphy/ptII/ptolemy/domains/pn/test/auto/TrivialIdentity.xml
----------------- Instantiating /home/travis/build/icyphy/ptII/ptolemy/domains/pn/test/auto/TrivialIdentity.xml
9 ms. Memory: 183296K Free: 128981K (70%)
----------------- Invoking toplevel() on ptolemy.moml.MoMLSimpleApplication@33939b32
----------------- Done invoking toplevel() on ptolemy.moml.MoMLSimpleApplication@33939b32
reloadAllAccessors: .TrivialIdentity

===========================================================================================
----------------- testing Thu Dec 12 06:28:26 UTC 2019 /home/travis/build/icyphy/ptII/ptolemy/domains/pn/test/auto/WidthInferenceTest1.xml
----------------- Instantiating /home/travis/build/icyphy/ptII/ptolemy/domains/pn/test/auto/WidthInferenceTest1.xml
12 ms. Memory: 183296K Free: 123047K (67%)
----------------- Invoking toplevel() on ptolemy.moml.MoMLSimpleApplication@1f11ade1
----------------- Done invoking toplevel() on ptolemy.moml.MoMLSimpleApplication@1f11ade1
reloadAllAccessors: .1

===========================================================================================
----------------- testing Thu Dec 12 06:28:26 UTC 2019 /home/travis/build/icyphy/ptII/ptolemy/domains/pn/test/auto/WidthInferenceTest2.xml
----------------- Instantiating /home/travis/build/icyphy/ptII/ptolemy/domains/pn/test/auto/WidthInferenceTest2.xml
8 ms. Memory: 183296K Free: 117927K (64%)
----------------- Invoking toplevel() on ptolemy.moml.MoMLSimpleApplication@4b7d76e5
----------------- Done invoking toplevel() on ptolemy.moml.MoMLSimpleApplication@4b7d76e5
reloadAllAccessors: .2

===========================================================================================
----------------- testing Thu Dec 12 06:28:26 UTC 2019 /home/travis/build/icyphy/ptII/ptolemy/domains/pn/test/auto/WidthInferenceTest3.xml
----------------- Instantiating /home/travis/build/icyphy/ptII/ptolemy/domains/pn/test/auto/WidthInferenceTest3.xml
16 ms. Memory: 183296K Free: 104375K (57%)
----------------- Invoking toplevel() on ptolemy.moml.MoMLSimpleApplication@1605747f
----------------- Done invoking toplevel() on ptolemy.moml.MoMLSimpleApplication@1605747f
reloadAllAccessors: .3

===========================================================================================
----------------- testing Thu Dec 12 06:28:26 UTC 2019 /home/travis/build/icyphy/ptII/ptolemy/domains/pn/test/auto/WidthInferenceTest4.xml
----------------- Instantiating /home/travis/build/icyphy/ptII/ptolemy/domains/pn/test/auto/WidthInferenceTest4.xml
25 ms. Memory: 183296K Free: 92085K (50%)
----------------- Invoking toplevel() on ptolemy.moml.MoMLSimpleApplication@641d21fa
----------------- Done invoking toplevel() on ptolemy.moml.MoMLSimpleApplication@641d21fa
reloadAllAccessors: .WidthInferenceTest4

===========================================================================================
----------------- testing Thu Dec 12 06:28:26 UTC 2019 /home/travis/build/icyphy/ptII/ptolemy/domains/pn/test/auto/WidthInferenceTest5.xml
----------------- Instantiating /home/travis/build/icyphy/ptII/ptolemy/domains/pn/test/auto/WidthInferenceTest5.xml
28 ms. Memory: 183296K Free: 80235K (44%)
----------------- Invoking toplevel() on ptolemy.moml.MoMLSimpleApplication@57d0742f
----------------- Done invoking toplevel() on ptolemy.moml.MoMLSimpleApplication@57d0742f
reloadAllAccessors: .WidthInferenceTest5

===========================================================================================
----------------- testing Thu Dec 12 06:28:26 UTC 2019 /home/travis/build/icyphy/ptII/ptolemy/domains/pn/test/auto/controlled_kahnnet.xml
----------------- Instantiating /home/travis/build/icyphy/ptII/ptolemy/domains/pn/test/auto/controlled_kahnnet.xml
15 ms. Memory: 183296K Free: 75748K (41%)
----------------- Invoking toplevel() on ptolemy.moml.MoMLSimpleApplication@662fe614
----------------- Done invoking toplevel() on ptolemy.moml.MoMLSimpleApplication@662fe614
reloadAllAccessors: .controlled_kahnnet

===========================================================================================
----------------- testing Thu Dec 12 06:28:26 UTC 2019 /home/travis/build/icyphy/ptII/ptolemy/domains/pn/test/auto/demandDriven.xml
----------------- Instantiating /home/travis/build/icyphy/ptII/ptolemy/domains/pn/test/auto/demandDriven.xml
8 ms. Memory: 183296K Free: 72433K (40%)
----------------- Invoking toplevel() on ptolemy.moml.MoMLSimpleApplication@1eff0fe2
----------------- Done invoking toplevel() on ptolemy.moml.MoMLSimpleApplication@1eff0fe2
reloadAllAccessors: .demandDriven

===========================================================================================
----------------- testing Thu Dec 12 06:28:26 UTC 2019 /home/travis/build/icyphy/ptII/ptolemy/domains/pn/test/auto/feedback.xml
----------------- Instantiating /home/travis/build/icyphy/ptII/ptolemy/domains/pn/test/auto/feedback.xml
7 ms. Memory: 183296K Free: 68580K (37%)
----------------- Invoking toplevel() on ptolemy.moml.MoMLSimpleApplication@6753d6d3
----------------- Done invoking toplevel() on ptolemy.moml.MoMLSimpleApplication@6753d6d3
reloadAllAccessors: .feedback

===========================================================================================
----------------- testing Thu Dec 12 06:28:26 UTC 2019 /home/travis/build/icyphy/ptII/ptolemy/domains/pn/test/auto/helloWorld.xml
----------------- Instantiating /home/travis/build/icyphy/ptII/ptolemy/domains/pn/test/auto/helloWorld.xml
9 ms. Memory: 183296K Free: 66713K (36%)
----------------- Invoking toplevel() on ptolemy.moml.MoMLSimpleApplication@41fbe8b9
----------------- Done invoking toplevel() on ptolemy.moml.MoMLSimpleApplication@41fbe8b9
reloadAllAccessors: .helloWorld

===========================================================================================
----------------- testing Thu Dec 12 06:28:26 UTC 2019 /home/travis/build/icyphy/ptII/ptolemy/domains/pn/test/auto/helloWorld2.xml
----------------- Instantiating /home/travis/build/icyphy/ptII/ptolemy/domains/pn/test/auto/helloWorld2.xml
11 ms. Memory: 183296K Free: 62435K (34%)
----------------- Invoking toplevel() on ptolemy.moml.MoMLSimpleApplication@74eeaed5
----------------- Done invoking toplevel() on ptolemy.moml.MoMLSimpleApplication@74eeaed5
reloadAllAccessors: .helloWorld2

===========================================================================================
----------------- testing Thu Dec 12 06:28:26 UTC 2019 /home/travis/build/icyphy/ptII/ptolemy/domains/pn/test/auto/noOutput.xml
----------------- Instantiating /home/travis/build/icyphy/ptII/ptolemy/domains/pn/test/auto/noOutput.xml
33 ms. Memory: 183296K Free: 165767K (90%)
----------------- Invoking toplevel() on ptolemy.moml.MoMLSimpleApplication@59b07caf
----------------- Done invoking toplevel() on ptolemy.moml.MoMLSimpleApplication@59b07caf
reloadAllAccessors: .noOutput

===========================================================================================
----------------- testing Thu Dec 12 06:28:26 UTC 2019 /home/travis/build/icyphy/ptII/ptolemy/domains/pn/test/auto/relationGroup.xml
----------------- Instantiating /home/travis/build/icyphy/ptII/ptolemy/domains/pn/test/auto/relationGroup.xml
6 ms. Memory: 183296K Free: 163217K (89%)
----------------- Invoking toplevel() on ptolemy.moml.MoMLSimpleApplication@3d028f05
----------------- Done invoking toplevel() on ptolemy.moml.MoMLSimpleApplication@3d028f05
reloadAllAccessors: .relationGroup

===========================================================================================
----------------- testing Thu Dec 12 06:28:26 UTC 2019 /home/travis/build/icyphy/ptII/ptolemy/domains/pn/test/auto/relationGroup2.xml
----------------- Instantiating /home/travis/build/icyphy/ptII/ptolemy/domains/pn/test/auto/relationGroup2.xml
5 ms. Memory: 183296K Free: 160914K (88%)
----------------- Invoking toplevel() on ptolemy.moml.MoMLSimpleApplication@4e9b0f80
----------------- Done invoking toplevel() on ptolemy.moml.MoMLSimpleApplication@4e9b0f80
reloadAllAccessors: .relationGroup2

===========================================================================================
----------------- testing Thu Dec 12 06:28:26 UTC 2019 /home/travis/build/icyphy/ptII/ptolemy/domains/pn/test/auto/relationGroup3.xml
----------------- Instantiating /home/travis/build/icyphy/ptII/ptolemy/domains/pn/test/auto/relationGroup3.xml
5 ms. Memory: 183296K Free: 158599K (87%)
----------------- Invoking toplevel() on ptolemy.moml.MoMLSimpleApplication@25ee3f4b
----------------- Done invoking toplevel() on ptolemy.moml.MoMLSimpleApplication@25ee3f4b
reloadAllAccessors: .relationGroup3

===========================================================================================
----------------- testing Thu Dec 12 06:28:26 UTC 2019 /home/travis/build/icyphy/ptII/ptolemy/domains/pn/test/auto/relationGroup4.xml
----------------- Instantiating /home/travis/build/icyphy/ptII/ptolemy/domains/pn/test/auto/relationGroup4.xml
6 ms. Memory: 183296K Free: 156551K (85%)
----------------- Invoking toplevel() on ptolemy.moml.MoMLSimpleApplication@181df0e0
----------------- Done invoking toplevel() on ptolemy.moml.MoMLSimpleApplication@181df0e0
reloadAllAccessors: .relationGroup4

===========================================================================================
----------------- testing Thu Dec 12 06:28:26 UTC 2019 /home/travis/build/icyphy/ptII/ptolemy/domains/pn/test/auto/relationGroup5.xml
----------------- Instantiating /home/travis/build/icyphy/ptII/ptolemy/domains/pn/test/auto/relationGroup5.xml
6 ms. Memory: 183296K Free: 154503K (84%)
----------------- Invoking toplevel() on ptolemy.moml.MoMLSimpleApplication@4e9161a4
----------------- Done invoking toplevel() on ptolemy.moml.MoMLSimpleApplication@4e9161a4
reloadAllAccessors: .relationGroup5

===========================================================================================
----------------- testing Thu Dec 12 06:28:26 UTC 2019 /home/travis/build/icyphy/ptII/ptolemy/domains/pn/test/auto/relationGroup6.xml
----------------- Instantiating /home/travis/build/icyphy/ptII/ptolemy/domains/pn/test/auto/relationGroup6.xml
7 ms. Memory: 183296K Free: 151736K (83%)
----------------- Invoking toplevel() on ptolemy.moml.MoMLSimpleApplication@4f6c91a6
----------------- Done invoking toplevel() on ptolemy.moml.MoMLSimpleApplication@4f6c91a6
reloadAllAccessors: .relationGroup6

===========================================================================================
----------------- testing Thu Dec 12 06:28:26 UTC 2019 /home/travis/build/icyphy/ptII/ptolemy/domains/pn/test/auto/relationGroup7.xml
----------------- Instantiating /home/travis/build/icyphy/ptII/ptolemy/domains/pn/test/auto/relationGroup7.xml
7 ms. Memory: 183296K Free: 148903K (81%)
----------------- Invoking toplevel() on ptolemy.moml.MoMLSimpleApplication@3e5c47a1
----------------- Done invoking toplevel() on ptolemy.moml.MoMLSimpleApplication@3e5c47a1
reloadAllAccessors: .relationGroup7

===========================================================================================
----------------- testing Thu Dec 12 06:28:26 UTC 2019 /home/travis/build/icyphy/ptII/ptolemy/domains/pn/test/auto/relationGroup8.xml
----------------- Instantiating /home/travis/build/icyphy/ptII/ptolemy/domains/pn/test/auto/relationGroup8.xml
12 ms. Memory: 183296K Free: 145831K (80%)
----------------- Invoking toplevel() on ptolemy.moml.MoMLSimpleApplication@2ebd206d
----------------- Done invoking toplevel() on ptolemy.moml.MoMLSimpleApplication@2ebd206d
reloadAllAccessors: .relationGroup8

===========================================================================================
----------------- testing Thu Dec 12 06:28:26 UTC 2019 /home/travis/build/icyphy/ptII/ptolemy/domains/pn/test/auto/widthTest.xml
----------------- Instantiating /home/travis/build/icyphy/ptII/ptolemy/domains/pn/test/auto/widthTest.xml
8 ms. Memory: 183296K Free: 141974K (77%)
----------------- Invoking toplevel() on ptolemy.moml.MoMLSimpleApplication@3370f645
----------------- Done invoking toplevel() on ptolemy.moml.MoMLSimpleApplication@3370f645
reloadAllAccessors: .widthTest
AutoTests.java: About to close Vertx.
AutoTests.java: Vertx closed.
]]></system-out>
  <system-err><![CDATA[java.lang.RuntimeException: Execution failed
	at ptolemy.moml.MoMLSimpleApplication$UnloadThread.run(MoMLSimpleApplication.java:402)
Caused by: ptolemy.kernel.util.IllegalActionException: At the current time, process-oriented domains (PN and CSP) cannot be nested inside firing-based domains (SDF, DE, CT, etc.).
  in .PNInsideDE.CompositeActor.port
Because:
class ptolemy.domains.de.kernel.DEReceiver cannot be cast to class ptolemy.actor.process.ProcessReceiver (ptolemy.domains.de.kernel.DEReceiver and ptolemy.actor.process.ProcessReceiver are in unnamed module of loader 'app')
	at ptolemy.actor.process.BranchController.addBranches(BranchController.java:182)
	at ptolemy.actor.process.CompositeProcessDirector.createBranchController(CompositeProcessDirector.java:221)
	at ptolemy.actor.process.CompositeProcessDirector.initialize(CompositeProcessDirector.java:289)
	at ptolemy.domains.pn.kernel.PNDirector.initialize(PNDirector.java:241)
	at ptolemy.actor.CompositeActor.initialize(CompositeActor.java:935)
	at ptolemy.actor.Director.initialize(Director.java:938)
	at ptolemy.actor.Director.initialize(Director.java:907)
	at ptolemy.domains.de.kernel.DEDirector.initialize(DEDirector.java:944)
	at ptolemy.actor.CompositeActor.initialize(CompositeActor.java:935)
	at ptolemy.actor.Manager.initialize(Manager.java:724)
	at ptolemy.actor.Manager.execute(Manager.java:356)
	at ptolemy.actor.Manager.run(Manager.java:1263)
	at ptolemy.actor.Manager$PtolemyRunThread.run(Manager.java:1933)
Caused by: java.lang.ClassCastException: class ptolemy.domains.de.kernel.DEReceiver cannot be cast to class ptolemy.actor.process.ProcessReceiver (ptolemy.domains.de.kernel.DEReceiver and ptolemy.actor.process.ProcessReceiver are in unnamed module of loader 'app')
	at ptolemy.actor.process.BranchController.addBranches(BranchController.java:178)
	... 12 more
Warning: '.RemoveNilTokens.Test2' The test produced only 7 tokens, yet the correctValues parameter was expecting 8 tokens.
Warning: '.RemoveNilTokens.Test' The test produced only 9 tokens, yet the correctValues parameter was expecting 13 tokens.
]]></system-err>
</testsuite>
