<?xml version="1.0" encoding="UTF-8" ?>
<testsuite errors="0" failures="0" hostname="travis-job-b567d478-a3c8-4cea-98fb-8dbff7a43863" name="ptolemy.domains.sdf.test.junit.JUnitTclTest" skipped="0" tests="66" time="21.481" timestamp="2019-09-02T06:09:14">
  <properties>
[...]
</properties>
  <testcase classname="ptolemy.util.test.junit.TclTests" name="[0] /home/travis/build/icyphy/ptII/ptolemy/domains/sdf/test/SDFSchedulerErrors.tcl (RunTclFile)" time="0.93" />
  <testcase classname="ptolemy.util.test.junit.TclTests" name="[1] /home/travis/build/icyphy/ptII/ptolemy/domains/sdf/test/composition.tcl (RunTclFile)" time="0.125" />
  <testcase classname="ptolemy.util.test.junit.TclTests" name="[2] /home/travis/build/icyphy/ptII/ptolemy/domains/sdf/test/cycle.tcl (RunTclFile)" time="0.046" />
  <testcase classname="ptolemy.util.test.junit.AutoKnownFailedTests" name="[0] ThereAreNoKnowFailedTests (RunModel)" time="0.002" />
  <testcase classname="ptolemy.util.test.junit.AutoNameArchTests" name="[0] ThereAreNoAutoArchTests (RunModel)" time="0.005" />
  <testcase classname="ptolemy.util.test.junit.AutoTests" name="[0] /home/travis/build/icyphy/ptII/ptolemy/domains/sdf/test/auto/Array.xml (RunModel)" time="0.278" />
  <testcase classname="ptolemy.util.test.junit.AutoTests" name="[1] /home/travis/build/icyphy/ptII/ptolemy/domains/sdf/test/auto/Butterfly.xml (RunModel)" time="0.119" />
  <testcase classname="ptolemy.util.test.junit.AutoTests" name="[2] /home/travis/build/icyphy/ptII/ptolemy/domains/sdf/test/auto/Expression.xml (RunModel)" time="0.146" />
  <testcase classname="ptolemy.util.test.junit.AutoTests" name="[3] /home/travis/build/icyphy/ptII/ptolemy/domains/sdf/test/auto/Eye.xml (RunModel)" time="0.399" />
  <testcase classname="ptolemy.util.test.junit.AutoTests" name="[4] /home/travis/build/icyphy/ptII/ptolemy/domains/sdf/test/auto/FixFIR.xml (RunModel)" time="0.39" />
  <testcase classname="ptolemy.util.test.junit.AutoTests" name="[5] /home/travis/build/icyphy/ptII/ptolemy/domains/sdf/test/auto/FixPoint.xml (RunModel)" time="0.027" />
  <testcase classname="ptolemy.util.test.junit.AutoTests" name="[6] /home/travis/build/icyphy/ptII/ptolemy/domains/sdf/test/auto/Gravitation.xml (RunModel)" time="3.31" />
  <testcase classname="ptolemy.util.test.junit.AutoTests" name="[7] /home/travis/build/icyphy/ptII/ptolemy/domains/sdf/test/auto/GravitationWithCollisionDetection.xml (RunModel)" time="6.939" />
  <testcase classname="ptolemy.util.test.junit.AutoTests" name="[8] /home/travis/build/icyphy/ptII/ptolemy/domains/sdf/test/auto/HDF.xml (RunModel)" time="0.146" />
  <testcase classname="ptolemy.util.test.junit.AutoTests" name="[9] /home/travis/build/icyphy/ptII/ptolemy/domains/sdf/test/auto/HDFwithTransientStates.xml (RunModel)" time="0.133" />
  <testcase classname="ptolemy.util.test.junit.AutoTests" name="[10] /home/travis/build/icyphy/ptII/ptolemy/domains/sdf/test/auto/HTVQ.xml (RunModel)" time="0.917" />
  <testcase classname="ptolemy.util.test.junit.AutoTests" name="[11] /home/travis/build/icyphy/ptII/ptolemy/domains/sdf/test/auto/InferInitProduction.xml (RunModel)" time="0.037" />
  <testcase classname="ptolemy.util.test.junit.AutoTests" name="[12] /home/travis/build/icyphy/ptII/ptolemy/domains/sdf/test/auto/InferInitProductionDeeper.xml (RunModel)" time="0.048" />
  <testcase classname="ptolemy.util.test.junit.AutoTests" name="[13] /home/travis/build/icyphy/ptII/ptolemy/domains/sdf/test/auto/LMSAdaptive.xml (RunModel)" time="0.066" />
  <testcase classname="ptolemy.util.test.junit.AutoTests" name="[14] /home/travis/build/icyphy/ptII/ptolemy/domains/sdf/test/auto/LogisticMap.xml (RunModel)" time="0.495" />
  <testcase classname="ptolemy.util.test.junit.AutoTests" name="[15] /home/travis/build/icyphy/ptII/ptolemy/domains/sdf/test/auto/MaximumEntropySpectrum.xml (RunModel)" time="0.305" />
  <testcase classname="ptolemy.util.test.junit.AutoTests" name="[16] /home/travis/build/icyphy/ptII/ptolemy/domains/sdf/test/auto/MultirateSDF.xml (RunModel)" time="0.054" />
  <testcase classname="ptolemy.util.test.junit.AutoTests" name="[17] /home/travis/build/icyphy/ptII/ptolemy/domains/sdf/test/auto/MultirateSDFwithTransientStates.xml (RunModel)" time="0.106" />
  <testcase classname="ptolemy.util.test.junit.AutoTests" name="[18] /home/travis/build/icyphy/ptII/ptolemy/domains/sdf/test/auto/NoisySinewave.xml (RunModel)" time="0.087" />
  <testcase classname="ptolemy.util.test.junit.AutoTests" name="[19] /home/travis/build/icyphy/ptII/ptolemy/domains/sdf/test/auto/Objects.xml (RunModel)" time="0.036" />
  <testcase classname="ptolemy.util.test.junit.AutoTests" name="[20] /home/travis/build/icyphy/ptII/ptolemy/domains/sdf/test/auto/OrthogonalCom.xml (RunModel)" time="0.039" />
  <testcase classname="ptolemy.util.test.junit.AutoTests" name="[21] /home/travis/build/icyphy/ptII/ptolemy/domains/sdf/test/auto/RijndaelEncryption.xml (RunModel)" time="0.581" />
  <testcase classname="ptolemy.util.test.junit.AutoTests" name="[22] /home/travis/build/icyphy/ptII/ptolemy/domains/sdf/test/auto/SDFEmptyIterations.xml (RunModel)" time="0.025" />
  <testcase classname="ptolemy.util.test.junit.AutoTests" name="[23] /home/travis/build/icyphy/ptII/ptolemy/domains/sdf/test/auto/Spectrum.xml (RunModel)" time="0.119" />
  <testcase classname="ptolemy.util.test.junit.AutoTests" name="[24] /home/travis/build/icyphy/ptII/ptolemy/domains/sdf/test/auto/de_inside_sdf.xml (RunModel)" time="0.029" />
  <testcase classname="ptolemy.util.test.junit.AutoTests" name="[25] /home/travis/build/icyphy/ptII/ptolemy/domains/sdf/test/auto/disconnectedHierarchicalSDF.xml (RunModel)" time="0.038" />
  <testcase classname="ptolemy.util.test.junit.AutoTests" name="[26] /home/travis/build/icyphy/ptII/ptolemy/domains/sdf/test/auto/disconnectedSDF.xml (RunModel)" time="0.023" />
  <testcase classname="ptolemy.util.test.junit.AutoTests" name="[27] /home/travis/build/icyphy/ptII/ptolemy/domains/sdf/test/auto/emptyRefinement.xml (RunModel)" time="0.019" />
  <testcase classname="ptolemy.util.test.junit.AutoTests" name="[28] /home/travis/build/icyphy/ptII/ptolemy/domains/sdf/test/auto/filePortParameter.xml (RunModel)" time="0.05" />
  <testcase classname="ptolemy.util.test.junit.AutoTests" name="[29] /home/travis/build/icyphy/ptII/ptolemy/domains/sdf/test/auto/inferRelationWidth1.xml (RunModel)" time="0.013" />
  <testcase classname="ptolemy.util.test.junit.AutoTests" name="[30] /home/travis/build/icyphy/ptII/ptolemy/domains/sdf/test/auto/initProductionInference.xml (RunModel)" time="0.017" />
  <testcase classname="ptolemy.util.test.junit.AutoTests" name="[31] /home/travis/build/icyphy/ptII/ptolemy/domains/sdf/test/auto/relationGroup.xml (RunModel)" time="0.013" />
  <testcase classname="ptolemy.util.test.junit.AutoTests" name="[32] /home/travis/build/icyphy/ptII/ptolemy/domains/sdf/test/auto/relationGroup10.xml (RunModel)" time="0.02" />
  <testcase classname="ptolemy.util.test.junit.AutoTests" name="[33] /home/travis/build/icyphy/ptII/ptolemy/domains/sdf/test/auto/relationGroup11.xml (RunModel)" time="0.017" />
  <testcase classname="ptolemy.util.test.junit.AutoTests" name="[34] /home/travis/build/icyphy/ptII/ptolemy/domains/sdf/test/auto/relationGroup12.xml (RunModel)" time="0.015" />
  <testcase classname="ptolemy.util.test.junit.AutoTests" name="[35] /home/travis/build/icyphy/ptII/ptolemy/domains/sdf/test/auto/relationGroup13.xml (RunModel)" time="0.017" />
  <testcase classname="ptolemy.util.test.junit.AutoTests" name="[36] /home/travis/build/icyphy/ptII/ptolemy/domains/sdf/test/auto/relationGroup14.xml (RunModel)" time="0.02" />
  <testcase classname="ptolemy.util.test.junit.AutoTests" name="[37] /home/travis/build/icyphy/ptII/ptolemy/domains/sdf/test/auto/relationGroup15.xml (RunModel)" time="0.021" />
  <testcase classname="ptolemy.util.test.junit.AutoTests" name="[38] /home/travis/build/icyphy/ptII/ptolemy/domains/sdf/test/auto/relationGroup2.xml (RunModel)" time="0.021" />
  <testcase classname="ptolemy.util.test.junit.AutoTests" name="[39] /home/travis/build/icyphy/ptII/ptolemy/domains/sdf/test/auto/relationGroup3.xml (RunModel)" time="0.009" />
  <testcase classname="ptolemy.util.test.junit.AutoTests" name="[40] /home/travis/build/icyphy/ptII/ptolemy/domains/sdf/test/auto/relationGroup4.xml (RunModel)" time="0.012" />
  <testcase classname="ptolemy.util.test.junit.AutoTests" name="[41] /home/travis/build/icyphy/ptII/ptolemy/domains/sdf/test/auto/relationGroup5.xml (RunModel)" time="0.012" />
  <testcase classname="ptolemy.util.test.junit.AutoTests" name="[42] /home/travis/build/icyphy/ptII/ptolemy/domains/sdf/test/auto/relationGroup6.xml (RunModel)" time="0.012" />
  <testcase classname="ptolemy.util.test.junit.AutoTests" name="[43] /home/travis/build/icyphy/ptII/ptolemy/domains/sdf/test/auto/relationGroup7.xml (RunModel)" time="0.01" />
  <testcase classname="ptolemy.util.test.junit.AutoTests" name="[44] /home/travis/build/icyphy/ptII/ptolemy/domains/sdf/test/auto/relationGroup8.xml (RunModel)" time="0.019" />
  <testcase classname="ptolemy.util.test.junit.AutoTests" name="[45] /home/travis/build/icyphy/ptII/ptolemy/domains/sdf/test/auto/relationGroup9.xml (RunModel)" time="0.014" />
  <testcase classname="ptolemy.util.test.junit.AutoTests" name="[46] /home/travis/build/icyphy/ptII/ptolemy/domains/sdf/test/auto/sdf_inside_de.xml (RunModel)" time="0.037" />
  <testcase classname="ptolemy.util.test.junit.AutoTests" name="[47] /home/travis/build/icyphy/ptII/ptolemy/domains/sdf/test/auto/sdf_inside_pn.xml (RunModel)" time="0.067" />
  <testcase classname="ptolemy.util.test.junit.AutoTests" name="[48] /home/travis/build/icyphy/ptII/ptolemy/domains/sdf/test/auto/sdf_sdf1.xml (RunModel)" time="0.019" />
  <testcase classname="ptolemy.util.test.junit.AutoTests" name="[49] /home/travis/build/icyphy/ptII/ptolemy/domains/sdf/test/auto/test1.xml (RunModel)" time="0.017" />
  <testcase classname="ptolemy.util.test.junit.AutoTests" name="[50] /home/travis/build/icyphy/ptII/ptolemy/domains/sdf/test/auto/time1.xml (RunModel)" time="0.011" />
  <testcase classname="ptolemy.util.test.junit.AutoTests" name="[51] /home/travis/build/icyphy/ptII/ptolemy/domains/sdf/test/auto/time2.xml (RunModel)" time="0.011" />
  <testcase classname="ptolemy.util.test.junit.AutoTests" name="[52] /home/travis/build/icyphy/ptII/ptolemy/domains/sdf/test/auto/time3.xml (RunModel)" time="0.022" />
  <testcase classname="ptolemy.util.test.junit.AutoTests" name="[53] /home/travis/build/icyphy/ptII/ptolemy/domains/sdf/test/auto/time4.xml (RunModel)" time="0.019" />
  <testcase classname="ptolemy.util.test.junit.AutoTests" name="[54] /home/travis/build/icyphy/ptII/ptolemy/domains/sdf/test/auto/time5.xml (RunModel)" time="4.011" />
  <testcase classname="ptolemy.util.test.junit.AutoTests" name="[55] /home/travis/build/icyphy/ptII/ptolemy/domains/sdf/test/auto/typeSystem_Const_Integer_smallest_Type.xml (RunModel)" time="0.044" />
  <testcase classname="ptolemy.util.test.junit.AutoTests" name="[56] /home/travis/build/icyphy/ptII/ptolemy/domains/sdf/test/auto/typeSystem_declared_Inports_OutportTypeException.xml (RunModel)" time="0.037" />
  <testcase classname="ptolemy.util.test.junit.AutoTests" name="[57] /home/travis/build/icyphy/ptII/ptolemy/domains/sdf/test/auto/typeSystem_oneDeclaredInportType_wrongTypeOutport.xml (RunModel)" time="0.019" />
  <testcase classname="ptolemy.util.test.junit.AutoTests" name="[58] /home/travis/build/icyphy/ptII/ptolemy/domains/sdf/test/auto/width.xml (RunModel)" time="0.022" />
  <testcase classname="ptolemy.util.test.junit.AutoTests" name="[59] /home/travis/build/icyphy/ptII/ptolemy/domains/sdf/test/auto/width2.xml (RunModel)" time="0.04" />
  <testcase classname="ptolemy.util.test.junit.AutoTests" name="[60] /home/travis/build/icyphy/ptII/ptolemy/domains/sdf/test/auto/width3.xml (RunModel)" time="0.044" />
  <system-out><![CDATA[/home/travis/build/icyphy/ptII/ptolemy/domains/sdf/test/SDFSchedulerErrors.tcl
testDefs.tcl: setting time out to 9000 seconds at Mon Sep 02 06:09:14 UTC 2019
67 ms. Memory: 120832K Free: 82373K (68%)
12 ms. Memory: 120832K Free: 74695K (62%)
18 ms. Memory: 120832K Free: 68551K (57%)
14 ms. Memory: 120832K Free: 65479K (54%)
/home/travis/build/icyphy/ptII/ptolemy/domains/sdf/test/composition.tcl
23 ms. Memory: 120832K Free: 61383K (51%)
8 ms. Memory: 120832K Free: 59335K (49%)
/home/travis/build/icyphy/ptII/ptolemy/domains/sdf/test/cycle.tcl
.Toplevel.Director Preinitializing ...
Invoking preinitialize():  .Toplevel.Actor1
Invoking preinitialize():  .Toplevel.Actor2
Invoking preinitialize():  .Toplevel.Delay
.Toplevel.Director Finished preinitialize().
### Schedule:
Execute Schedule{
Fire Actor ptolemy.domains.sdf.kernel.test.SDFTestDelay {.Toplevel.Actor1}
Fire Actor ptolemy.domains.sdf.kernel.test.SDFTestDelay {.Toplevel.Actor2}
Fire Actor ptolemy.domains.sdf.lib.SampleDelay {.Toplevel.Delay}
}
### End schedule
Called initialize().
Invoking initialize():  .Toplevel.Actor1
Initializing actor: .Toplevel.Actor1.
Invoking initialize():  .Toplevel.Actor2
Initializing actor: .Toplevel.Actor2.
Invoking initialize():  .Toplevel.Delay
Initializing actor: .Toplevel.Delay.
Director: Called prefire().
-- Setting current time to 0.0
Director prefire returns true.
The actor .Toplevel.Actor1 will be iterated.
The actor .Toplevel.Actor1 was iterated.
The actor .Toplevel.Actor2 will be iterated.
The actor .Toplevel.Actor2 was iterated.
The actor .Toplevel.Delay will be iterated.
The actor .Toplevel.Delay was iterated.
Director: Called postfire().
Postfire returns: true
Director: Called prefire().
-- Setting current time to 0.0
Director prefire returns true.
The actor .Toplevel.Actor1 will be iterated.
The actor .Toplevel.Actor1 was iterated.
The actor .Toplevel.Actor2 will be iterated.
The actor .Toplevel.Actor2 was iterated.
The actor .Toplevel.Delay will be iterated.
The actor .Toplevel.Delay was iterated.
Director: Called postfire().
Postfire returns: true
Director: Called prefire().
-- Setting current time to 0.0
Director prefire returns true.
The actor .Toplevel.Actor1 will be iterated.
The actor .Toplevel.Actor1 was iterated.
The actor .Toplevel.Actor2 will be iterated.
The actor .Toplevel.Actor2 was iterated.
The actor .Toplevel.Delay will be iterated.
The actor .Toplevel.Delay was iterated.
Director: Called postfire().
Postfire returns: true
Director: Called prefire().
-- Setting current time to 0.0
Director prefire returns true.
The actor .Toplevel.Actor1 will be iterated.
The actor .Toplevel.Actor1 was iterated.
The actor .Toplevel.Actor2 will be iterated.
The actor .Toplevel.Actor2 was iterated.
The actor .Toplevel.Delay will be iterated.
The actor .Toplevel.Delay was iterated.
Director: Called postfire().
Postfire returns: true
Director: Called prefire().
-- Setting current time to 0.0
Director prefire returns true.
The actor .Toplevel.Actor1 will be iterated.
The actor .Toplevel.Actor1 was iterated.
The actor .Toplevel.Actor2 will be iterated.
The actor .Toplevel.Actor2 was iterated.
The actor .Toplevel.Delay will be iterated.
The actor .Toplevel.Delay was iterated.
Director: Called postfire().
Postfire returns: true
Director: Called prefire().
-- Setting current time to 0.0
Director prefire returns true.
The actor .Toplevel.Actor1 will be iterated.
The actor .Toplevel.Actor1 was iterated.
The actor .Toplevel.Actor2 will be iterated.
The actor .Toplevel.Actor2 was iterated.
The actor .Toplevel.Delay will be iterated.
The actor .Toplevel.Delay was iterated.
Reached specified number of iterations: 6
Director: Called wrapup().
24 ms. Memory: 120832K Free: 56773K (47%)
09/02/19 06:09:15
Failed: 0  Total Tests: 8  ((Passed: 8, Newly Passed: 0)  Known Failed: 0) /home/travis/build/icyphy/ptII/ptolemy/domains/sdf/test
No auto/knownFailedTests/*.xml tests in /home/travis/build/icyphy/ptII/ptolemy/domains/sdf/test
No auto/linux-amd64/*.xml tests in /home/travis/build/icyphy/ptII/ptolemy/domains/sdf/test
AutoTests.java: About to close Vertx.
AutoTests.java: Vertx closed.

===========================================================================================
----------------- testing Mon Sep 02 06:09:16 UTC 2019 /home/travis/build/icyphy/ptII/ptolemy/domains/sdf/test/auto/Array.xml
----------------- Instantiating /home/travis/build/icyphy/ptII/ptolemy/domains/sdf/test/auto/Array.xml
52 ms. Memory: 120832K Free: 94706K (78%)
----------------- Invoking toplevel() on ptolemy.moml.MoMLSimpleApplication@6c520e78
----------------- Done invoking toplevel() on ptolemy.moml.MoMLSimpleApplication@6c520e78
reloadAllAccessors: .Array

===========================================================================================
----------------- testing Mon Sep 02 06:09:16 UTC 2019 /home/travis/build/icyphy/ptII/ptolemy/domains/sdf/test/auto/Butterfly.xml
----------------- Instantiating /home/travis/build/icyphy/ptII/ptolemy/domains/sdf/test/auto/Butterfly.xml
85 ms. Memory: 120832K Free: 89279K (74%)
----------------- Invoking toplevel() on ptolemy.moml.MoMLSimpleApplication@3555de7
----------------- Done invoking toplevel() on ptolemy.moml.MoMLSimpleApplication@3555de7
reloadAllAccessors: .Butterfly

===========================================================================================
----------------- testing Mon Sep 02 06:09:16 UTC 2019 /home/travis/build/icyphy/ptII/ptolemy/domains/sdf/test/auto/Expression.xml
----------------- Instantiating /home/travis/build/icyphy/ptII/ptolemy/domains/sdf/test/auto/Expression.xml
79 ms. Memory: 120832K Free: 102549K (85%)
----------------- Invoking toplevel() on ptolemy.moml.MoMLSimpleApplication@23d1368e
----------------- Done invoking toplevel() on ptolemy.moml.MoMLSimpleApplication@23d1368e
reloadAllAccessors: .Expression

===========================================================================================
----------------- testing Mon Sep 02 06:09:16 UTC 2019 /home/travis/build/icyphy/ptII/ptolemy/domains/sdf/test/auto/Eye.xml
----------------- Instantiating /home/travis/build/icyphy/ptII/ptolemy/domains/sdf/test/auto/Eye.xml
193 ms. Memory: 120832K Free: 77759K (64%)
----------------- Invoking toplevel() on ptolemy.moml.MoMLSimpleApplication@26b5613c
----------------- Done invoking toplevel() on ptolemy.moml.MoMLSimpleApplication@26b5613c
reloadAllAccessors: .Eye

===========================================================================================
----------------- testing Mon Sep 02 06:09:17 UTC 2019 /home/travis/build/icyphy/ptII/ptolemy/domains/sdf/test/auto/FixFIR.xml
----------------- Instantiating /home/travis/build/icyphy/ptII/ptolemy/domains/sdf/test/auto/FixFIR.xml
173 ms. Memory: 120832K Free: 76316K (63%)
----------------- Invoking toplevel() on ptolemy.moml.MoMLSimpleApplication@5bf39bbb
----------------- Done invoking toplevel() on ptolemy.moml.MoMLSimpleApplication@5bf39bbb
reloadAllAccessors: .FixFIR

===========================================================================================
----------------- testing Mon Sep 02 06:09:17 UTC 2019 /home/travis/build/icyphy/ptII/ptolemy/domains/sdf/test/auto/FixPoint.xml
----------------- Instantiating /home/travis/build/icyphy/ptII/ptolemy/domains/sdf/test/auto/FixPoint.xml
9 ms. Memory: 120832K Free: 72221K (60%)
----------------- Invoking toplevel() on ptolemy.moml.MoMLSimpleApplication@5e1243b4
----------------- Done invoking toplevel() on ptolemy.moml.MoMLSimpleApplication@5e1243b4
reloadAllAccessors: .FixPoint

===========================================================================================
----------------- testing Mon Sep 02 06:09:17 UTC 2019 /home/travis/build/icyphy/ptII/ptolemy/domains/sdf/test/auto/Gravitation.xml
----------------- Instantiating /home/travis/build/icyphy/ptII/ptolemy/domains/sdf/test/auto/Gravitation.xml
3230 ms. Memory: 145408K Free: 69487K (48%)
----------------- Invoking toplevel() on ptolemy.moml.MoMLSimpleApplication@638325b6
----------------- Done invoking toplevel() on ptolemy.moml.MoMLSimpleApplication@638325b6
reloadAllAccessors: .Gravitation

===========================================================================================
----------------- testing Mon Sep 02 06:09:21 UTC 2019 /home/travis/build/icyphy/ptII/ptolemy/domains/sdf/test/auto/GravitationWithCollisionDetection.xml
----------------- Instantiating /home/travis/build/icyphy/ptII/ptolemy/domains/sdf/test/auto/GravitationWithCollisionDetection.xml
6699 ms. Memory: 254976K Free: 101586K (40%)
----------------- Invoking toplevel() on ptolemy.moml.MoMLSimpleApplication@28eec615
----------------- Done invoking toplevel() on ptolemy.moml.MoMLSimpleApplication@28eec615
reloadAllAccessors: .GravitationWithCollisionDetection

===========================================================================================
----------------- testing Mon Sep 02 06:09:28 UTC 2019 /home/travis/build/icyphy/ptII/ptolemy/domains/sdf/test/auto/HDF.xml
----------------- Instantiating /home/travis/build/icyphy/ptII/ptolemy/domains/sdf/test/auto/HDF.xml
49 ms. Memory: 319488K Free: 298530K (93%)
----------------- Invoking toplevel() on ptolemy.moml.MoMLSimpleApplication@77a7d920
----------------- Done invoking toplevel() on ptolemy.moml.MoMLSimpleApplication@77a7d920
reloadAllAccessors: .HDF

===========================================================================================
----------------- testing Mon Sep 02 06:09:28 UTC 2019 /home/travis/build/icyphy/ptII/ptolemy/domains/sdf/test/auto/HDFwithTransientStates.xml
----------------- Instantiating /home/travis/build/icyphy/ptII/ptolemy/domains/sdf/test/auto/HDFwithTransientStates.xml
40 ms. Memory: 319488K Free: 279252K (87%)
----------------- Invoking toplevel() on ptolemy.moml.MoMLSimpleApplication@36766958
----------------- Done invoking toplevel() on ptolemy.moml.MoMLSimpleApplication@36766958
reloadAllAccessors: .HDFwithTransientStates

===========================================================================================
----------------- testing Mon Sep 02 06:09:28 UTC 2019 /home/travis/build/icyphy/ptII/ptolemy/domains/sdf/test/auto/HTVQ.xml
----------------- Instantiating /home/travis/build/icyphy/ptII/ptolemy/domains/sdf/test/auto/HTVQ.xml
863 ms. Memory: 319488K Free: 118898K (37%)
----------------- Invoking toplevel() on ptolemy.moml.MoMLSimpleApplication@1a1c5fd4
----------------- Done invoking toplevel() on ptolemy.moml.MoMLSimpleApplication@1a1c5fd4
reloadAllAccessors: .HTVQ

===========================================================================================
----------------- testing Mon Sep 02 06:09:29 UTC 2019 /home/travis/build/icyphy/ptII/ptolemy/domains/sdf/test/auto/InferInitProduction.xml
----------------- Instantiating /home/travis/build/icyphy/ptII/ptolemy/domains/sdf/test/auto/InferInitProduction.xml
8 ms. Memory: 319488K Free: 113349K (35%)
----------------- Invoking toplevel() on ptolemy.moml.MoMLSimpleApplication@4504928d
----------------- Done invoking toplevel() on ptolemy.moml.MoMLSimpleApplication@4504928d
reloadAllAccessors: .InferInitProduction

===========================================================================================
----------------- testing Mon Sep 02 06:09:29 UTC 2019 /home/travis/build/icyphy/ptII/ptolemy/domains/sdf/test/auto/InferInitProductionDeeper.xml
----------------- Instantiating /home/travis/build/icyphy/ptII/ptolemy/domains/sdf/test/auto/InferInitProductionDeeper.xml
7 ms. Memory: 319488K Free: 297713K (93%)
----------------- Invoking toplevel() on ptolemy.moml.MoMLSimpleApplication@19e71b2e
----------------- Done invoking toplevel() on ptolemy.moml.MoMLSimpleApplication@19e71b2e
reloadAllAccessors: .InferInitProductionDeeper

===========================================================================================
----------------- testing Mon Sep 02 06:09:29 UTC 2019 /home/travis/build/icyphy/ptII/ptolemy/domains/sdf/test/auto/LMSAdaptive.xml
----------------- Instantiating /home/travis/build/icyphy/ptII/ptolemy/domains/sdf/test/auto/LMSAdaptive.xml
14 ms. Memory: 319488K Free: 288497K (90%)
----------------- Invoking toplevel() on ptolemy.moml.MoMLSimpleApplication@213d994c
----------------- Done invoking toplevel() on ptolemy.moml.MoMLSimpleApplication@213d994c
reloadAllAccessors: .LMSAdaptive

===========================================================================================
----------------- testing Mon Sep 02 06:09:29 UTC 2019 /home/travis/build/icyphy/ptII/ptolemy/domains/sdf/test/auto/LogisticMap.xml
----------------- Instantiating /home/travis/build/icyphy/ptII/ptolemy/domains/sdf/test/auto/LogisticMap.xml
443 ms. Memory: 319488K Free: 282867K (89%)
----------------- Invoking toplevel() on ptolemy.moml.MoMLSimpleApplication@2a3fa1f5
----------------- Done invoking toplevel() on ptolemy.moml.MoMLSimpleApplication@2a3fa1f5
reloadAllAccessors: .LogisticMap

===========================================================================================
----------------- testing Mon Sep 02 06:09:29 UTC 2019 /home/travis/build/icyphy/ptII/ptolemy/domains/sdf/test/auto/MaximumEntropySpectrum.xml
----------------- Instantiating /home/travis/build/icyphy/ptII/ptolemy/domains/sdf/test/auto/MaximumEntropySpectrum.xml
87 ms. Memory: 319488K Free: 221937K (69%)
----------------- Invoking toplevel() on ptolemy.moml.MoMLSimpleApplication@72ea121b
----------------- Done invoking toplevel() on ptolemy.moml.MoMLSimpleApplication@72ea121b
reloadAllAccessors: .MaximumEntropySpectrum

===========================================================================================
----------------- testing Mon Sep 02 06:09:30 UTC 2019 /home/travis/build/icyphy/ptII/ptolemy/domains/sdf/test/auto/MultirateSDF.xml
----------------- Instantiating /home/travis/build/icyphy/ptII/ptolemy/domains/sdf/test/auto/MultirateSDF.xml
17 ms. Memory: 319488K Free: 207587K (65%)
----------------- Invoking toplevel() on ptolemy.moml.MoMLSimpleApplication@1dd1c85f
----------------- Done invoking toplevel() on ptolemy.moml.MoMLSimpleApplication@1dd1c85f
reloadAllAccessors: .MultirateSDF

===========================================================================================
----------------- testing Mon Sep 02 06:09:30 UTC 2019 /home/travis/build/icyphy/ptII/ptolemy/domains/sdf/test/auto/MultirateSDFwithTransientStates.xml
----------------- Instantiating /home/travis/build/icyphy/ptII/ptolemy/domains/sdf/test/auto/MultirateSDFwithTransientStates.xml
21 ms. Memory: 319488K Free: 188659K (59%)
----------------- Invoking toplevel() on ptolemy.moml.MoMLSimpleApplication@5f5c80ae
----------------- Done invoking toplevel() on ptolemy.moml.MoMLSimpleApplication@5f5c80ae
reloadAllAccessors: .MultirateSDFwithTransientStates

===========================================================================================
----------------- testing Mon Sep 02 06:09:30 UTC 2019 /home/travis/build/icyphy/ptII/ptolemy/domains/sdf/test/auto/NoisySinewave.xml
----------------- Instantiating /home/travis/build/icyphy/ptII/ptolemy/domains/sdf/test/auto/NoisySinewave.xml
14 ms. Memory: 319488K Free: 172275K (54%)
----------------- Invoking toplevel() on ptolemy.moml.MoMLSimpleApplication@4b2251dd
----------------- Done invoking toplevel() on ptolemy.moml.MoMLSimpleApplication@4b2251dd
reloadAllAccessors: .NoisySinewave

===========================================================================================
----------------- testing Mon Sep 02 06:09:30 UTC 2019 /home/travis/build/icyphy/ptII/ptolemy/domains/sdf/test/auto/Objects.xml
----------------- Instantiating /home/travis/build/icyphy/ptII/ptolemy/domains/sdf/test/auto/Objects.xml
3 ms. Memory: 319488K Free: 164593K (52%)
----------------- Invoking toplevel() on ptolemy.moml.MoMLSimpleApplication@778d4ce2
----------------- Done invoking toplevel() on ptolemy.moml.MoMLSimpleApplication@778d4ce2
reloadAllAccessors: .Objects

===========================================================================================
----------------- testing Mon Sep 02 06:09:30 UTC 2019 /home/travis/build/icyphy/ptII/ptolemy/domains/sdf/test/auto/OrthogonalCom.xml
----------------- Instantiating /home/travis/build/icyphy/ptII/ptolemy/domains/sdf/test/auto/OrthogonalCom.xml
6 ms. Memory: 319488K Free: 156401K (49%)
----------------- Invoking toplevel() on ptolemy.moml.MoMLSimpleApplication@4bea9439
----------------- Done invoking toplevel() on ptolemy.moml.MoMLSimpleApplication@4bea9439
reloadAllAccessors: .OrthogonalCom

===========================================================================================
----------------- testing Mon Sep 02 06:09:30 UTC 2019 /home/travis/build/icyphy/ptII/ptolemy/domains/sdf/test/auto/RijndaelEncryption.xml
----------------- Instantiating /home/travis/build/icyphy/ptII/ptolemy/domains/sdf/test/auto/RijndaelEncryption.xml
309 ms. Memory: 319488K Free: 200724K (63%)
----------------- Invoking toplevel() on ptolemy.moml.MoMLSimpleApplication@7d5cf0fe
----------------- Done invoking toplevel() on ptolemy.moml.MoMLSimpleApplication@7d5cf0fe
reloadAllAccessors: .RijndaelEncryption

===========================================================================================
----------------- testing Mon Sep 02 06:09:31 UTC 2019 /home/travis/build/icyphy/ptII/ptolemy/domains/sdf/test/auto/SDFEmptyIterations.xml
----------------- Instantiating /home/travis/build/icyphy/ptII/ptolemy/domains/sdf/test/auto/SDFEmptyIterations.xml
9 ms. Memory: 319488K Free: 196628K (62%)
----------------- Invoking toplevel() on ptolemy.moml.MoMLSimpleApplication@14ebca32
----------------- Done invoking toplevel() on ptolemy.moml.MoMLSimpleApplication@14ebca32
reloadAllAccessors: .SDFEmptyIterations

===========================================================================================
----------------- testing Mon Sep 02 06:09:31 UTC 2019 /home/travis/build/icyphy/ptII/ptolemy/domains/sdf/test/auto/Spectrum.xml
----------------- Instantiating /home/travis/build/icyphy/ptII/ptolemy/domains/sdf/test/auto/Spectrum.xml
44 ms. Memory: 319488K Free: 172052K (54%)
----------------- Invoking toplevel() on ptolemy.moml.MoMLSimpleApplication@33d49cbf
----------------- Done invoking toplevel() on ptolemy.moml.MoMLSimpleApplication@33d49cbf
reloadAllAccessors: .Spectrum

===========================================================================================
----------------- testing Mon Sep 02 06:09:31 UTC 2019 /home/travis/build/icyphy/ptII/ptolemy/domains/sdf/test/auto/de_inside_sdf.xml
----------------- Instantiating /home/travis/build/icyphy/ptII/ptolemy/domains/sdf/test/auto/de_inside_sdf.xml
9 ms. Memory: 319488K Free: 166932K (52%)
----------------- Invoking toplevel() on ptolemy.moml.MoMLSimpleApplication@68bffa5e
----------------- Done invoking toplevel() on ptolemy.moml.MoMLSimpleApplication@68bffa5e
reloadAllAccessors: .de_inside_sdf

===========================================================================================
----------------- testing Mon Sep 02 06:09:31 UTC 2019 /home/travis/build/icyphy/ptII/ptolemy/domains/sdf/test/auto/disconnectedHierarchicalSDF.xml
----------------- Instantiating /home/travis/build/icyphy/ptII/ptolemy/domains/sdf/test/auto/disconnectedHierarchicalSDF.xml
9 ms. Memory: 319488K Free: 160788K (50%)
----------------- Invoking toplevel() on ptolemy.moml.MoMLSimpleApplication@72a2cf7d
----------------- Done invoking toplevel() on ptolemy.moml.MoMLSimpleApplication@72a2cf7d
reloadAllAccessors: .disconnectedHierarchicalSDF

===========================================================================================
----------------- testing Mon Sep 02 06:09:31 UTC 2019 /home/travis/build/icyphy/ptII/ptolemy/domains/sdf/test/auto/disconnectedSDF.xml
----------------- Instantiating /home/travis/build/icyphy/ptII/ptolemy/domains/sdf/test/auto/disconnectedSDF.xml
3 ms. Memory: 319488K Free: 156692K (49%)
----------------- Invoking toplevel() on ptolemy.moml.MoMLSimpleApplication@5963310e
----------------- Done invoking toplevel() on ptolemy.moml.MoMLSimpleApplication@5963310e
reloadAllAccessors: .disconnectedSDF

===========================================================================================
----------------- testing Mon Sep 02 06:09:31 UTC 2019 /home/travis/build/icyphy/ptII/ptolemy/domains/sdf/test/auto/emptyRefinement.xml
----------------- Instantiating /home/travis/build/icyphy/ptII/ptolemy/domains/sdf/test/auto/emptyRefinement.xml
4 ms. Memory: 319488K Free: 152082K (48%)
----------------- Invoking toplevel() on ptolemy.moml.MoMLSimpleApplication@d87080f
----------------- Done invoking toplevel() on ptolemy.moml.MoMLSimpleApplication@d87080f
reloadAllAccessors: .emptyRefinement

===========================================================================================
----------------- testing Mon Sep 02 06:09:31 UTC 2019 /home/travis/build/icyphy/ptII/ptolemy/domains/sdf/test/auto/filePortParameter.xml
----------------- Instantiating /home/travis/build/icyphy/ptII/ptolemy/domains/sdf/test/auto/filePortParameter.xml
15 ms. Memory: 319488K Free: 144914K (45%)
----------------- Invoking toplevel() on ptolemy.moml.MoMLSimpleApplication@21bd68a6
----------------- Done invoking toplevel() on ptolemy.moml.MoMLSimpleApplication@21bd68a6
reloadAllAccessors: .filePortParameter

===========================================================================================
----------------- testing Mon Sep 02 06:09:31 UTC 2019 /home/travis/build/icyphy/ptII/ptolemy/domains/sdf/test/auto/inferRelationWidth1.xml
----------------- Instantiating /home/travis/build/icyphy/ptII/ptolemy/domains/sdf/test/auto/inferRelationWidth1.xml
2 ms. Memory: 319488K Free: 141842K (44%)
----------------- Invoking toplevel() on ptolemy.moml.MoMLSimpleApplication@2efb7408
----------------- Done invoking toplevel() on ptolemy.moml.MoMLSimpleApplication@2efb7408
reloadAllAccessors: .inferRelationWidth1

===========================================================================================
----------------- testing Mon Sep 02 06:09:31 UTC 2019 /home/travis/build/icyphy/ptII/ptolemy/domains/sdf/test/auto/initProductionInference.xml
----------------- Instantiating /home/travis/build/icyphy/ptII/ptolemy/domains/sdf/test/auto/initProductionInference.xml
3 ms. Memory: 319488K Free: 137732K (43%)
----------------- Invoking toplevel() on ptolemy.moml.MoMLSimpleApplication@58a15b5f
----------------- Done invoking toplevel() on ptolemy.moml.MoMLSimpleApplication@58a15b5f
reloadAllAccessors: .initProductionInference

===========================================================================================
----------------- testing Mon Sep 02 06:09:31 UTC 2019 /home/travis/build/icyphy/ptII/ptolemy/domains/sdf/test/auto/relationGroup.xml
----------------- Instantiating /home/travis/build/icyphy/ptII/ptolemy/domains/sdf/test/auto/relationGroup.xml
2 ms. Memory: 319488K Free: 134164K (42%)
----------------- Invoking toplevel() on ptolemy.moml.MoMLSimpleApplication@8609d34
----------------- Done invoking toplevel() on ptolemy.moml.MoMLSimpleApplication@8609d34
reloadAllAccessors: .relationGroup

===========================================================================================
----------------- testing Mon Sep 02 06:09:31 UTC 2019 /home/travis/build/icyphy/ptII/ptolemy/domains/sdf/test/auto/relationGroup10.xml
----------------- Instantiating /home/travis/build/icyphy/ptII/ptolemy/domains/sdf/test/auto/relationGroup10.xml
2 ms. Memory: 319488K Free: 130578K (41%)
----------------- Invoking toplevel() on ptolemy.moml.MoMLSimpleApplication@37e60d5b
----------------- Done invoking toplevel() on ptolemy.moml.MoMLSimpleApplication@37e60d5b
reloadAllAccessors: .relationGroup10

===========================================================================================
----------------- testing Mon Sep 02 06:09:31 UTC 2019 /home/travis/build/icyphy/ptII/ptolemy/domains/sdf/test/auto/relationGroup11.xml
----------------- Instantiating /home/travis/build/icyphy/ptII/ptolemy/domains/sdf/test/auto/relationGroup11.xml
4 ms. Memory: 319488K Free: 126996K (40%)
----------------- Invoking toplevel() on ptolemy.moml.MoMLSimpleApplication@6a21a4f3
----------------- Done invoking toplevel() on ptolemy.moml.MoMLSimpleApplication@6a21a4f3
reloadAllAccessors: .relationGroup11

===========================================================================================
----------------- testing Mon Sep 02 06:09:31 UTC 2019 /home/travis/build/icyphy/ptII/ptolemy/domains/sdf/test/auto/relationGroup12.xml
----------------- Instantiating /home/travis/build/icyphy/ptII/ptolemy/domains/sdf/test/auto/relationGroup12.xml
3 ms. Memory: 319488K Free: 123410K (39%)
----------------- Invoking toplevel() on ptolemy.moml.MoMLSimpleApplication@47927170
----------------- Done invoking toplevel() on ptolemy.moml.MoMLSimpleApplication@47927170
reloadAllAccessors: .relationGroup12

===========================================================================================
----------------- testing Mon Sep 02 06:09:31 UTC 2019 /home/travis/build/icyphy/ptII/ptolemy/domains/sdf/test/auto/relationGroup13.xml
----------------- Instantiating /home/travis/build/icyphy/ptII/ptolemy/domains/sdf/test/auto/relationGroup13.xml
7 ms. Memory: 319488K Free: 118804K (37%)
----------------- Invoking toplevel() on ptolemy.moml.MoMLSimpleApplication@18835b59
----------------- Done invoking toplevel() on ptolemy.moml.MoMLSimpleApplication@18835b59
reloadAllAccessors: .relationGroup13

===========================================================================================
----------------- testing Mon Sep 02 06:09:31 UTC 2019 /home/travis/build/icyphy/ptII/ptolemy/domains/sdf/test/auto/relationGroup14.xml
----------------- Instantiating /home/travis/build/icyphy/ptII/ptolemy/domains/sdf/test/auto/relationGroup14.xml
5 ms. Memory: 319488K Free: 114194K (36%)
----------------- Invoking toplevel() on ptolemy.moml.MoMLSimpleApplication@29255f1f
----------------- Done invoking toplevel() on ptolemy.moml.MoMLSimpleApplication@29255f1f
reloadAllAccessors: .relationGroup14

===========================================================================================
----------------- testing Mon Sep 02 06:09:31 UTC 2019 /home/travis/build/icyphy/ptII/ptolemy/domains/sdf/test/auto/relationGroup15.xml
----------------- Instantiating /home/travis/build/icyphy/ptII/ptolemy/domains/sdf/test/auto/relationGroup15.xml
10 ms. Memory: 319488K Free: 300541K (94%)
----------------- Invoking toplevel() on ptolemy.moml.MoMLSimpleApplication@7deceac7
----------------- Done invoking toplevel() on ptolemy.moml.MoMLSimpleApplication@7deceac7
reloadAllAccessors: .relationGroup15

===========================================================================================
----------------- testing Mon Sep 02 06:09:31 UTC 2019 /home/travis/build/icyphy/ptII/ptolemy/domains/sdf/test/auto/relationGroup2.xml
----------------- Instantiating /home/travis/build/icyphy/ptII/ptolemy/domains/sdf/test/auto/relationGroup2.xml
2 ms. Memory: 319488K Free: 296955K (93%)
----------------- Invoking toplevel() on ptolemy.moml.MoMLSimpleApplication@17f2affe
----------------- Done invoking toplevel() on ptolemy.moml.MoMLSimpleApplication@17f2affe
reloadAllAccessors: .relationGroup2

===========================================================================================
----------------- testing Mon Sep 02 06:09:31 UTC 2019 /home/travis/build/icyphy/ptII/ptolemy/domains/sdf/test/auto/relationGroup3.xml
----------------- Instantiating /home/travis/build/icyphy/ptII/ptolemy/domains/sdf/test/auto/relationGroup3.xml
2 ms. Memory: 319488K Free: 293883K (92%)
----------------- Invoking toplevel() on ptolemy.moml.MoMLSimpleApplication@2589ee99
----------------- Done invoking toplevel() on ptolemy.moml.MoMLSimpleApplication@2589ee99
reloadAllAccessors: .relationGroup3

===========================================================================================
----------------- testing Mon Sep 02 06:09:31 UTC 2019 /home/travis/build/icyphy/ptII/ptolemy/domains/sdf/test/auto/relationGroup4.xml
----------------- Instantiating /home/travis/build/icyphy/ptII/ptolemy/domains/sdf/test/auto/relationGroup4.xml
3 ms. Memory: 319488K Free: 289277K (91%)
----------------- Invoking toplevel() on ptolemy.moml.MoMLSimpleApplication@1843c8ed
----------------- Done invoking toplevel() on ptolemy.moml.MoMLSimpleApplication@1843c8ed
reloadAllAccessors: .relationGroup4

===========================================================================================
----------------- testing Mon Sep 02 06:09:31 UTC 2019 /home/travis/build/icyphy/ptII/ptolemy/domains/sdf/test/auto/relationGroup5.xml
----------------- Instantiating /home/travis/build/icyphy/ptII/ptolemy/domains/sdf/test/auto/relationGroup5.xml
3 ms. Memory: 319488K Free: 284667K (89%)
----------------- Invoking toplevel() on ptolemy.moml.MoMLSimpleApplication@38e8f7ce
----------------- Done invoking toplevel() on ptolemy.moml.MoMLSimpleApplication@38e8f7ce
reloadAllAccessors: .relationGroup5

===========================================================================================
----------------- testing Mon Sep 02 06:09:31 UTC 2019 /home/travis/build/icyphy/ptII/ptolemy/domains/sdf/test/auto/relationGroup6.xml
----------------- Instantiating /home/travis/build/icyphy/ptII/ptolemy/domains/sdf/test/auto/relationGroup6.xml
4 ms. Memory: 319488K Free: 280061K (88%)
----------------- Invoking toplevel() on ptolemy.moml.MoMLSimpleApplication@74998808
----------------- Done invoking toplevel() on ptolemy.moml.MoMLSimpleApplication@74998808
reloadAllAccessors: .relationGroup6

===========================================================================================
----------------- testing Mon Sep 02 06:09:31 UTC 2019 /home/travis/build/icyphy/ptII/ptolemy/domains/sdf/test/auto/relationGroup7.xml
----------------- Instantiating /home/travis/build/icyphy/ptII/ptolemy/domains/sdf/test/auto/relationGroup7.xml
2 ms. Memory: 319488K Free: 276989K (87%)
----------------- Invoking toplevel() on ptolemy.moml.MoMLSimpleApplication@18ac1fe0
----------------- Done invoking toplevel() on ptolemy.moml.MoMLSimpleApplication@18ac1fe0
reloadAllAccessors: .relationGroup7

===========================================================================================
----------------- testing Mon Sep 02 06:09:31 UTC 2019 /home/travis/build/icyphy/ptII/ptolemy/domains/sdf/test/auto/relationGroup8.xml
----------------- Instantiating /home/travis/build/icyphy/ptII/ptolemy/domains/sdf/test/auto/relationGroup8.xml
2 ms. Memory: 319488K Free: 273917K (86%)
----------------- Invoking toplevel() on ptolemy.moml.MoMLSimpleApplication@3bec4d02
----------------- Done invoking toplevel() on ptolemy.moml.MoMLSimpleApplication@3bec4d02
reloadAllAccessors: .relationGroup8

===========================================================================================
----------------- testing Mon Sep 02 06:09:31 UTC 2019 /home/travis/build/icyphy/ptII/ptolemy/domains/sdf/test/auto/relationGroup9.xml
----------------- Instantiating /home/travis/build/icyphy/ptII/ptolemy/domains/sdf/test/auto/relationGroup9.xml
6 ms. Memory: 319488K Free: 269821K (84%)
----------------- Invoking toplevel() on ptolemy.moml.MoMLSimpleApplication@782566de
----------------- Done invoking toplevel() on ptolemy.moml.MoMLSimpleApplication@782566de
reloadAllAccessors: .relationGroup9

===========================================================================================
----------------- testing Mon Sep 02 06:09:31 UTC 2019 /home/travis/build/icyphy/ptII/ptolemy/domains/sdf/test/auto/sdf_inside_de.xml
----------------- Instantiating /home/travis/build/icyphy/ptII/ptolemy/domains/sdf/test/auto/sdf_inside_de.xml
11 ms. Memory: 319488K Free: 261115K (82%)
----------------- Invoking toplevel() on ptolemy.moml.MoMLSimpleApplication@401336b6
----------------- Done invoking toplevel() on ptolemy.moml.MoMLSimpleApplication@401336b6
reloadAllAccessors: .sdf_inside_de

===========================================================================================
----------------- testing Mon Sep 02 06:09:31 UTC 2019 /home/travis/build/icyphy/ptII/ptolemy/domains/sdf/test/auto/sdf_inside_pn.xml
----------------- Instantiating /home/travis/build/icyphy/ptII/ptolemy/domains/sdf/test/auto/sdf_inside_pn.xml
43 ms. Memory: 319488K Free: 251899K (79%)
----------------- Invoking toplevel() on ptolemy.moml.MoMLSimpleApplication@b0bc9cc
----------------- Done invoking toplevel() on ptolemy.moml.MoMLSimpleApplication@b0bc9cc
reloadAllAccessors: .sdf_inside_pn

===========================================================================================
----------------- testing Mon Sep 02 06:09:31 UTC 2019 /home/travis/build/icyphy/ptII/ptolemy/domains/sdf/test/auto/sdf_sdf1.xml
----------------- Instantiating /home/travis/build/icyphy/ptII/ptolemy/domains/sdf/test/auto/sdf_sdf1.xml
4 ms. Memory: 319488K Free: 246269K (77%)
----------------- Invoking toplevel() on ptolemy.moml.MoMLSimpleApplication@3e05070c
----------------- Done invoking toplevel() on ptolemy.moml.MoMLSimpleApplication@3e05070c
reloadAllAccessors: .sdf_sdf1

===========================================================================================
----------------- testing Mon Sep 02 06:09:31 UTC 2019 /home/travis/build/icyphy/ptII/ptolemy/domains/sdf/test/auto/test1.xml
----------------- Instantiating /home/travis/build/icyphy/ptII/ptolemy/domains/sdf/test/auto/test1.xml
3 ms. Memory: 319488K Free: 241149K (75%)
----------------- Invoking toplevel() on ptolemy.moml.MoMLSimpleApplication@481053ed
----------------- Done invoking toplevel() on ptolemy.moml.MoMLSimpleApplication@481053ed
reloadAllAccessors: .test1

===========================================================================================
----------------- testing Mon Sep 02 06:09:31 UTC 2019 /home/travis/build/icyphy/ptII/ptolemy/domains/sdf/test/auto/time1.xml
----------------- Instantiating /home/travis/build/icyphy/ptII/ptolemy/domains/sdf/test/auto/time1.xml
2 ms. Memory: 319488K Free: 237563K (74%)
----------------- Invoking toplevel() on ptolemy.moml.MoMLSimpleApplication@626b95a2
----------------- Done invoking toplevel() on ptolemy.moml.MoMLSimpleApplication@626b95a2
reloadAllAccessors: .time1

===========================================================================================
----------------- testing Mon Sep 02 06:09:31 UTC 2019 /home/travis/build/icyphy/ptII/ptolemy/domains/sdf/test/auto/time2.xml
----------------- Instantiating /home/travis/build/icyphy/ptII/ptolemy/domains/sdf/test/auto/time2.xml
3 ms. Memory: 319488K Free: 233981K (73%)
----------------- Invoking toplevel() on ptolemy.moml.MoMLSimpleApplication@60c05259
----------------- Done invoking toplevel() on ptolemy.moml.MoMLSimpleApplication@60c05259
reloadAllAccessors: .time2

===========================================================================================
----------------- testing Mon Sep 02 06:09:31 UTC 2019 /home/travis/build/icyphy/ptII/ptolemy/domains/sdf/test/auto/time3.xml
----------------- Instantiating /home/travis/build/icyphy/ptII/ptolemy/domains/sdf/test/auto/time3.xml
6 ms. Memory: 319488K Free: 228861K (72%)
----------------- Invoking toplevel() on ptolemy.moml.MoMLSimpleApplication@53363d01
----------------- Done invoking toplevel() on ptolemy.moml.MoMLSimpleApplication@53363d01
reloadAllAccessors: .time3

===========================================================================================
----------------- testing Mon Sep 02 06:09:31 UTC 2019 /home/travis/build/icyphy/ptII/ptolemy/domains/sdf/test/auto/time4.xml
----------------- Instantiating /home/travis/build/icyphy/ptII/ptolemy/domains/sdf/test/auto/time4.xml
6 ms. Memory: 319488K Free: 223213K (70%)
----------------- Invoking toplevel() on ptolemy.moml.MoMLSimpleApplication@7c8a57e7
----------------- Done invoking toplevel() on ptolemy.moml.MoMLSimpleApplication@7c8a57e7
reloadAllAccessors: .time4

===========================================================================================
----------------- testing Mon Sep 02 06:09:31 UTC 2019 /home/travis/build/icyphy/ptII/ptolemy/domains/sdf/test/auto/time5.xml
----------------- Instantiating /home/travis/build/icyphy/ptII/ptolemy/domains/sdf/test/auto/time5.xml
4002 ms. Memory: 319488K Free: 219645K (69%)
----------------- Invoking toplevel() on ptolemy.moml.MoMLSimpleApplication@3641aa51
----------------- Done invoking toplevel() on ptolemy.moml.MoMLSimpleApplication@3641aa51
reloadAllAccessors: .time5

===========================================================================================
----------------- testing Mon Sep 02 06:09:35 UTC 2019 /home/travis/build/icyphy/ptII/ptolemy/domains/sdf/test/auto/typeSystem_Const_Integer_smallest_Type.xml
----------------- Instantiating /home/travis/build/icyphy/ptII/ptolemy/domains/sdf/test/auto/typeSystem_Const_Integer_smallest_Type.xml
5 ms. Memory: 319488K Free: 215035K (67%)
----------------- Invoking toplevel() on ptolemy.moml.MoMLSimpleApplication@1e82c8fd
----------------- Done invoking toplevel() on ptolemy.moml.MoMLSimpleApplication@1e82c8fd
reloadAllAccessors: .typeSystem_Const_Integer_smallest_Type

===========================================================================================
----------------- testing Mon Sep 02 06:09:36 UTC 2019 /home/travis/build/icyphy/ptII/ptolemy/domains/sdf/test/auto/typeSystem_declared_Inports_OutportTypeException.xml
----------------- Instantiating /home/travis/build/icyphy/ptII/ptolemy/domains/sdf/test/auto/typeSystem_declared_Inports_OutportTypeException.xml
.typeSystem_declared_Inports_OutportTypeException.TestExceptionAttribute: initialize() was not invoked, but wrapup() was.  This is unusual, but not always a problem.  For example, exporting JNLP will do this.
7 ms. Memory: 319488K Free: 210939K (66%)
----------------- Invoking toplevel() on ptolemy.moml.MoMLSimpleApplication@743b36b3
----------------- Done invoking toplevel() on ptolemy.moml.MoMLSimpleApplication@743b36b3
reloadAllAccessors: .typeSystem_declared_Inports_OutportTypeException

===========================================================================================
----------------- testing Mon Sep 02 06:09:36 UTC 2019 /home/travis/build/icyphy/ptII/ptolemy/domains/sdf/test/auto/typeSystem_oneDeclaredInportType_wrongTypeOutport.xml
----------------- Instantiating /home/travis/build/icyphy/ptII/ptolemy/domains/sdf/test/auto/typeSystem_oneDeclaredInportType_wrongTypeOutport.xml
4 ms. Memory: 319488K Free: 206843K (65%)
----------------- Invoking toplevel() on ptolemy.moml.MoMLSimpleApplication@668599a3
----------------- Done invoking toplevel() on ptolemy.moml.MoMLSimpleApplication@668599a3
reloadAllAccessors: .typeSystem_oneDeclaredInportType_wrongTypeOutport

===========================================================================================
----------------- testing Mon Sep 02 06:09:36 UTC 2019 /home/travis/build/icyphy/ptII/ptolemy/domains/sdf/test/auto/width.xml
----------------- Instantiating /home/travis/build/icyphy/ptII/ptolemy/domains/sdf/test/auto/width.xml
11 ms. Memory: 319488K Free: 203261K (64%)
----------------- Invoking toplevel() on ptolemy.moml.MoMLSimpleApplication@784a07b2
----------------- Done invoking toplevel() on ptolemy.moml.MoMLSimpleApplication@784a07b2
reloadAllAccessors: .width

===========================================================================================
----------------- testing Mon Sep 02 06:09:36 UTC 2019 /home/travis/build/icyphy/ptII/ptolemy/domains/sdf/test/auto/width2.xml
----------------- Instantiating /home/travis/build/icyphy/ptII/ptolemy/domains/sdf/test/auto/width2.xml
30 ms. Memory: 319488K Free: 198141K (62%)
----------------- Invoking toplevel() on ptolemy.moml.MoMLSimpleApplication@7744e581
----------------- Done invoking toplevel() on ptolemy.moml.MoMLSimpleApplication@7744e581
reloadAllAccessors: .width2

===========================================================================================
----------------- testing Mon Sep 02 06:09:36 UTC 2019 /home/travis/build/icyphy/ptII/ptolemy/domains/sdf/test/auto/width3.xml
----------------- Instantiating /home/travis/build/icyphy/ptII/ptolemy/domains/sdf/test/auto/width3.xml
31 ms. Memory: 319488K Free: 193531K (61%)
----------------- Invoking toplevel() on ptolemy.moml.MoMLSimpleApplication@444b8c04
----------------- Done invoking toplevel() on ptolemy.moml.MoMLSimpleApplication@444b8c04
reloadAllAccessors: .width3
AutoTests.java: About to close Vertx.
AutoTests.java: Vertx closed.
]]></system-out>
  <system-err><![CDATA[java.lang.RuntimeException: Execution failed
	at ptolemy.moml.MoMLSimpleApplication$UnloadThread.run(MoMLSimpleApplication.java:402)
Caused by: ptolemy.actor.sched.NotSchedulableException: No solution exists for the balance equations.
Graph is not consistent under the SDF domain detected on external port .rateConsistency.actor.port2
  in .rateConsistency.SDF Director.Scheduler
	at ptolemy.domains.sdf.kernel.SDFScheduler._propagatePort(SDFScheduler.java:1425)
	at ptolemy.domains.sdf.kernel.SDFScheduler._solveBalanceEquations(SDFScheduler.java:710)
	at ptolemy.domains.sdf.kernel.SDFScheduler._getSchedule(SDFScheduler.java:566)
	at ptolemy.actor.sched.Scheduler.getSchedule(Scheduler.java:189)
	at ptolemy.domains.sdf.kernel.SDFDirector.createSchedule(SDFDirector.java:408)
	at ptolemy.domains.sdf.kernel.SDFDirector.preinitialize(SDFDirector.java:764)
	at ptolemy.actor.CompositeActor.preinitialize(CompositeActor.java:1828)
	at ptolemy.actor.Manager.preinitializeAndResolveTypes(Manager.java:1040)
	at ptolemy.actor.Manager.initialize(Manager.java:710)
	at ptolemy.actor.Manager.execute(Manager.java:356)
	at ptolemy.actor.Manager.run(Manager.java:1263)
	at ptolemy.actor.Manager$PtolemyRunThread.run(Manager.java:1933)
java.lang.RuntimeException: Execution failed
	at ptolemy.moml.MoMLSimpleApplication$UnloadThread.run(MoMLSimpleApplication.java:402)
Caused by: ptolemy.kernel.util.IllegalActionException: Failed to compute schedule:
  in .badRateChanges.typed composite actor.SDF Director
Because:
The SDF rate parameter may change. This is not allowed in SDF models that will be run through the code generator.  If you don't care about code generation, then you might consider setting the allowRateChanges parameter of the SDF director to false.
  in .badRateChanges.typed composite actor.Repeat.output.tokenProductionRate
	at ptolemy.domains.sdf.kernel.SDFDirector.createSchedule(SDFDirector.java:418)
	at ptolemy.domains.sdf.kernel.SDFDirector.preinitialize(SDFDirector.java:764)
	at ptolemy.actor.CompositeActor.preinitialize(CompositeActor.java:1828)
	at ptolemy.actor.Director.preinitialize(Director.java:1302)
	at ptolemy.actor.Director.preinitialize(Director.java:1257)
	at ptolemy.domains.sdf.kernel.SDFDirector.preinitialize(SDFDirector.java:763)
	at ptolemy.actor.CompositeActor.preinitialize(CompositeActor.java:1828)
	at ptolemy.actor.Manager.preinitializeAndResolveTypes(Manager.java:1040)
	at ptolemy.actor.Manager.initialize(Manager.java:710)
	at ptolemy.actor.Manager.execute(Manager.java:356)
	at ptolemy.actor.Manager.run(Manager.java:1263)
	at ptolemy.actor.Manager$PtolemyRunThread.run(Manager.java:1933)
Caused by: ptolemy.kernel.util.IllegalActionException: The SDF rate parameter may change. This is not allowed in SDF models that will be run through the code generator.  If you don't care about code generation, then you might consider setting the allowRateChanges parameter of the SDF director to false.
  in .badRateChanges.typed composite actor.Repeat.output.tokenProductionRate
	at ptolemy.domains.sdf.kernel.SDFScheduler._assertDynamicRateVariable(SDFScheduler.java:931)
	at ptolemy.domains.sdf.kernel.SDFScheduler._checkDynamicRateVariables(SDFScheduler.java:339)
	at ptolemy.domains.sdf.kernel.SDFScheduler._getSchedule(SDFScheduler.java:527)
	at ptolemy.actor.sched.Scheduler.getSchedule(Scheduler.java:189)
	at ptolemy.domains.sdf.kernel.SDFDirector.createSchedule(SDFDirector.java:408)
	... 11 more
java.lang.RuntimeException: Execution failed
	at ptolemy.moml.MoMLSimpleApplication$UnloadThread.run(MoMLSimpleApplication.java:402)
Caused by: ptolemy.kernel.util.IllegalActionException: Failed to compute schedule:
  in .badRateChanges2.typed composite actor.SDF Director
Because:
The SDF rate parameter may change. This is not allowed in SDF models that will be run through the code generator.  If you don't care about code generation, then you might consider setting the allowRateChanges parameter of the SDF director to false.
  in .badRateChanges2.typed composite actor.Repeat.output.tokenProductionRate
	at ptolemy.domains.sdf.kernel.SDFDirector.createSchedule(SDFDirector.java:418)
	at ptolemy.domains.sdf.kernel.SDFDirector.preinitialize(SDFDirector.java:764)
	at ptolemy.actor.CompositeActor.preinitialize(CompositeActor.java:1828)
	at ptolemy.actor.Director.preinitialize(Director.java:1302)
	at ptolemy.actor.Director.preinitialize(Director.java:1257)
	at ptolemy.domains.sdf.kernel.SDFDirector.preinitialize(SDFDirector.java:763)
	at ptolemy.actor.CompositeActor.preinitialize(CompositeActor.java:1828)
	at ptolemy.actor.Manager.preinitializeAndResolveTypes(Manager.java:1040)
	at ptolemy.actor.Manager.initialize(Manager.java:710)
	at ptolemy.actor.Manager.execute(Manager.java:356)
	at ptolemy.actor.Manager.run(Manager.java:1263)
	at ptolemy.actor.Manager$PtolemyRunThread.run(Manager.java:1933)
Caused by: ptolemy.kernel.util.IllegalActionException: The SDF rate parameter may change. This is not allowed in SDF models that will be run through the code generator.  If you don't care about code generation, then you might consider setting the allowRateChanges parameter of the SDF director to false.
  in .badRateChanges2.typed composite actor.Repeat.output.tokenProductionRate
	at ptolemy.domains.sdf.kernel.SDFScheduler._assertDynamicRateVariable(SDFScheduler.java:931)
	at ptolemy.domains.sdf.kernel.SDFScheduler._checkDynamicRateVariables(SDFScheduler.java:339)
	at ptolemy.domains.sdf.kernel.SDFScheduler._getSchedule(SDFScheduler.java:527)
	at ptolemy.actor.sched.Scheduler.getSchedule(Scheduler.java:189)
	at ptolemy.domains.sdf.kernel.SDFDirector.createSchedule(SDFDirector.java:408)
	... 11 more
java.lang.RuntimeException: Execution failed
	at ptolemy.moml.MoMLSimpleApplication$UnloadThread.run(MoMLSimpleApplication.java:402)
Caused by: ptolemy.actor.sched.NotSchedulableException: Actors remain that cannot be scheduled!

There are several possible reasons:
* SDF Graphs with feedback loops should have an actor with a delay in the loop, such as a SampleDelay.
* The SDF director has an "allowDisconnectedGraphs"parameter, which, when true, permits disconnected SDF graphs.
* The token consumption rate and production rates might be mismatched.
Usually, actors produce one token or consume one token on a port.  To produce or consume multiple tokens per firing, add a "tokenConsumptionRate" or "tokenProductionRate" parameter to the appropriate port.
Unscheduled actors:
.partiallyConnected.Const2 
Scheduled actors:
.partiallyConnected.Const 
  in .partiallyConnected.SDF Director.Scheduler
	at ptolemy.domains.sdf.kernel.SDFScheduler._scheduleConnectedActors(SDFScheduler.java:1828)
	at ptolemy.domains.sdf.kernel.SDFScheduler._getSchedule(SDFScheduler.java:587)
	at ptolemy.actor.sched.Scheduler.getSchedule(Scheduler.java:189)
	at ptolemy.domains.sdf.kernel.SDFDirector.createSchedule(SDFDirector.java:408)
	at ptolemy.domains.sdf.kernel.SDFDirector.preinitialize(SDFDirector.java:764)
	at ptolemy.actor.CompositeActor.preinitialize(CompositeActor.java:1828)
	at ptolemy.actor.Manager.preinitializeAndResolveTypes(Manager.java:1040)
	at ptolemy.actor.Manager.initialize(Manager.java:710)
	at ptolemy.actor.Manager.execute(Manager.java:356)
	at ptolemy.actor.Manager.run(Manager.java:1263)
	at ptolemy.actor.Manager$PtolemyRunThread.run(Manager.java:1933)
]]></system-err>
</testsuite>
