<?xml version="1.0" encoding="UTF-8" ?>
<testsuite errors="0" failures="0" hostname="travis-job-c0606841-fecc-42fb-91d4-5ec2f032812b" name="ptolemy.domains.modal.test.junit.JUnitTclTest" skipped="0" tests="148" time="10.052" timestamp="2020-08-12T15:25:24">
  <properties>
[...]
</properties>
  <testcase classname="ptolemy.util.test.junit.TclTests" name="[0] /home/travis/build/icyphy/ptII/ptolemy/domains/modal/test/SystemLevelType.tcl (RunTclFile)" time="1.89" />
  <testcase classname="ptolemy.util.test.junit.AutoKnownFailedTests" name="[0] /home/travis/build/icyphy/ptII/ptolemy/domains/modal/test/auto/knownFailedTests/CannotAnalysisWithPreemption.xml (RunModel)" time="0.234" />
  <testcase classname="ptolemy.util.test.junit.AutoNameArchTests" name="[0] ThereAreNoAutoArchTests (RunModel)" time="0.005" />
  <testcase classname="ptolemy.util.test.junit.AutoTests" name="[0] /home/travis/build/icyphy/ptII/ptolemy/domains/modal/test/auto/ABPTest.xml (RunModel)" time="0.719" />
  <testcase classname="ptolemy.util.test.junit.AutoTests" name="[1] /home/travis/build/icyphy/ptII/ptolemy/domains/modal/test/auto/ABROFlat.xml (RunModel)" time="0.075" />
  <testcase classname="ptolemy.util.test.junit.AutoTests" name="[2] /home/travis/build/icyphy/ptII/ptolemy/domains/modal/test/auto/ABROFlat2.xml (RunModel)" time="0.052" />
  <testcase classname="ptolemy.util.test.junit.AutoTests" name="[3] /home/travis/build/icyphy/ptII/ptolemy/domains/modal/test/auto/ABRO_present_hmm.xml (RunModel)" time="0.114" />
  <testcase classname="ptolemy.util.test.junit.AutoTests" name="[4] /home/travis/build/icyphy/ptII/ptolemy/domains/modal/test/auto/AMICoderExample.xml (RunModel)" time="0.066" />
  <testcase classname="ptolemy.util.test.junit.AutoTests" name="[5] /home/travis/build/icyphy/ptII/ptolemy/domains/modal/test/auto/AbsentToPresent.xml (RunModel)" time="0.036" />
  <testcase classname="ptolemy.util.test.junit.AutoTests" name="[6] /home/travis/build/icyphy/ptII/ptolemy/domains/modal/test/auto/Blending.xml (RunModel)" time="0.185" />
  <testcase classname="ptolemy.util.test.junit.AutoTests" name="[7] /home/travis/build/icyphy/ptII/ptolemy/domains/modal/test/auto/Broadcast.xml (RunModel)" time="0.037" />
  <testcase classname="ptolemy.util.test.junit.AutoTests" name="[8] /home/travis/build/icyphy/ptII/ptolemy/domains/modal/test/auto/BroadcastHierarchy.xml (RunModel)" time="0.06" />
  <testcase classname="ptolemy.util.test.junit.AutoTests" name="[9] /home/travis/build/icyphy/ptII/ptolemy/domains/modal/test/auto/BroadcastHierarchy2.xml (RunModel)" time="0.097" />
  <testcase classname="ptolemy.util.test.junit.AutoTests" name="[10] /home/travis/build/icyphy/ptII/ptolemy/domains/modal/test/auto/BroadcastHierarchy3.xml (RunModel)" time="0.088" />
  <testcase classname="ptolemy.util.test.junit.AutoTests" name="[11] /home/travis/build/icyphy/ptII/ptolemy/domains/modal/test/auto/BroadcastHierarchy4.xml (RunModel)" time="0.079" />
  <testcase classname="ptolemy.util.test.junit.AutoTests" name="[12] /home/travis/build/icyphy/ptII/ptolemy/domains/modal/test/auto/CannotAnalysisWithPreemption2.xml (RunModel)" time="0.039" />
  <testcase classname="ptolemy.util.test.junit.AutoTests" name="[13] /home/travis/build/icyphy/ptII/ptolemy/domains/modal/test/auto/CannotAnalysisWithPreemption3.xml (RunModel)" time="0.044" />
  <testcase classname="ptolemy.util.test.junit.AutoTests" name="[14] /home/travis/build/icyphy/ptII/ptolemy/domains/modal/test/auto/CannotProduce.xml (RunModel)" time="0.04" />
  <testcase classname="ptolemy.util.test.junit.AutoTests" name="[15] /home/travis/build/icyphy/ptII/ptolemy/domains/modal/test/auto/CannotProduceModal.xml (RunModel)" time="0.034" />
  <testcase classname="ptolemy.util.test.junit.AutoTests" name="[16] /home/travis/build/icyphy/ptII/ptolemy/domains/modal/test/auto/Case.xml (RunModel)" time="0.096" />
  <testcase classname="ptolemy.util.test.junit.AutoTests" name="[17] /home/travis/build/icyphy/ptII/ptolemy/domains/modal/test/auto/Case1.xml (RunModel)" time="0.038" />
  <testcase classname="ptolemy.util.test.junit.AutoTests" name="[18] /home/travis/build/icyphy/ptII/ptolemy/domains/modal/test/auto/Case2.xml (RunModel)" time="0.063" />
  <testcase classname="ptolemy.util.test.junit.AutoTests" name="[19] /home/travis/build/icyphy/ptII/ptolemy/domains/modal/test/auto/CausalityInterface1.xml (RunModel)" time="0.033" />
  <testcase classname="ptolemy.util.test.junit.AutoTests" name="[20] /home/travis/build/icyphy/ptII/ptolemy/domains/modal/test/auto/CausalityInterface10.xml (RunModel)" time="0.061" />
  <testcase classname="ptolemy.util.test.junit.AutoTests" name="[21] /home/travis/build/icyphy/ptII/ptolemy/domains/modal/test/auto/CausalityInterface11.xml (RunModel)" time="0.041" />
  <testcase classname="ptolemy.util.test.junit.AutoTests" name="[22] /home/travis/build/icyphy/ptII/ptolemy/domains/modal/test/auto/CausalityInterface12.xml (RunModel)" time="0.044" />
  <testcase classname="ptolemy.util.test.junit.AutoTests" name="[23] /home/travis/build/icyphy/ptII/ptolemy/domains/modal/test/auto/CausalityInterface13.xml (RunModel)" time="0.059" />
  <testcase classname="ptolemy.util.test.junit.AutoTests" name="[24] /home/travis/build/icyphy/ptII/ptolemy/domains/modal/test/auto/CausalityInterface14.xml (RunModel)" time="0.061" />
  <testcase classname="ptolemy.util.test.junit.AutoTests" name="[25] /home/travis/build/icyphy/ptII/ptolemy/domains/modal/test/auto/CausalityInterface2.xml (RunModel)" time="0.025" />
  <testcase classname="ptolemy.util.test.junit.AutoTests" name="[26] /home/travis/build/icyphy/ptII/ptolemy/domains/modal/test/auto/CausalityInterface3.xml (RunModel)" time="0.032" />
  <testcase classname="ptolemy.util.test.junit.AutoTests" name="[27] /home/travis/build/icyphy/ptII/ptolemy/domains/modal/test/auto/CausalityInterface4.xml (RunModel)" time="0.045" />
  <testcase classname="ptolemy.util.test.junit.AutoTests" name="[28] /home/travis/build/icyphy/ptII/ptolemy/domains/modal/test/auto/CausalityInterface5.xml (RunModel)" time="0.03" />
  <testcase classname="ptolemy.util.test.junit.AutoTests" name="[29] /home/travis/build/icyphy/ptII/ptolemy/domains/modal/test/auto/CausalityInterface6.xml (RunModel)" time="0.037" />
  <testcase classname="ptolemy.util.test.junit.AutoTests" name="[30] /home/travis/build/icyphy/ptII/ptolemy/domains/modal/test/auto/CausalityInterface7.xml (RunModel)" time="0.033" />
  <testcase classname="ptolemy.util.test.junit.AutoTests" name="[31] /home/travis/build/icyphy/ptII/ptolemy/domains/modal/test/auto/CausalityInterface8.xml (RunModel)" time="0.032" />
  <testcase classname="ptolemy.util.test.junit.AutoTests" name="[32] /home/travis/build/icyphy/ptII/ptolemy/domains/modal/test/auto/CausalityInterface9.xml (RunModel)" time="0.047" />
  <testcase classname="ptolemy.util.test.junit.AutoTests" name="[33] /home/travis/build/icyphy/ptII/ptolemy/domains/modal/test/auto/ChainedTransitions.xml (RunModel)" time="0.163" />
  <testcase classname="ptolemy.util.test.junit.AutoTests" name="[34] /home/travis/build/icyphy/ptII/ptolemy/domains/modal/test/auto/CycleOfImmediateTransitionsFSM.xml (RunModel)" time="0.023" />
  <testcase classname="ptolemy.util.test.junit.AutoTests" name="[35] /home/travis/build/icyphy/ptII/ptolemy/domains/modal/test/auto/CycleOfImmediateTransitionsModal.xml (RunModel)" time="0.024" />
  <testcase classname="ptolemy.util.test.junit.AutoTests" name="[36] /home/travis/build/icyphy/ptII/ptolemy/domains/modal/test/auto/CycleOfImmediateTransitionsModal2.xml (RunModel)" time="0.038" />
  <testcase classname="ptolemy.util.test.junit.AutoTests" name="[37] /home/travis/build/icyphy/ptII/ptolemy/domains/modal/test/auto/CycleOfImmediateTransitionsModal3.xml (RunModel)" time="0.076" />
  <testcase classname="ptolemy.util.test.junit.AutoTests" name="[38] /home/travis/build/icyphy/ptII/ptolemy/domains/modal/test/auto/DeepModal1.xml (RunModel)" time="0.052" />
  <testcase classname="ptolemy.util.test.junit.AutoTests" name="[39] /home/travis/build/icyphy/ptII/ptolemy/domains/modal/test/auto/DeepModal2.xml (RunModel)" time="0.056" />
  <testcase classname="ptolemy.util.test.junit.AutoTests" name="[40] /home/travis/build/icyphy/ptII/ptolemy/domains/modal/test/auto/DeepModal3.xml (RunModel)" time="0.063" />
  <testcase classname="ptolemy.util.test.junit.AutoTests" name="[41] /home/travis/build/icyphy/ptII/ptolemy/domains/modal/test/auto/DeepModal4.xml (RunModel)" time="0.07" />
  <testcase classname="ptolemy.util.test.junit.AutoTests" name="[42] /home/travis/build/icyphy/ptII/ptolemy/domains/modal/test/auto/Default1.xml (RunModel)" time="0.021" />
  <testcase classname="ptolemy.util.test.junit.AutoTests" name="[43] /home/travis/build/icyphy/ptII/ptolemy/domains/modal/test/auto/Default2.xml (RunModel)" time="0.016" />
  <testcase classname="ptolemy.util.test.junit.AutoTests" name="[44] /home/travis/build/icyphy/ptII/ptolemy/domains/modal/test/auto/Default3.xml (RunModel)" time="0.026" />
  <testcase classname="ptolemy.util.test.junit.AutoTests" name="[45] /home/travis/build/icyphy/ptII/ptolemy/domains/modal/test/auto/Default4.xml (RunModel)" time="0.018" />
  <testcase classname="ptolemy.util.test.junit.AutoTests" name="[46] /home/travis/build/icyphy/ptII/ptolemy/domains/modal/test/auto/Default5.xml (RunModel)" time="0.029" />
  <testcase classname="ptolemy.util.test.junit.AutoTests" name="[47] /home/travis/build/icyphy/ptII/ptolemy/domains/modal/test/auto/EmptyGuard.xml (RunModel)" time="0.04" />
  <testcase classname="ptolemy.util.test.junit.AutoTests" name="[48] /home/travis/build/icyphy/ptII/ptolemy/domains/modal/test/auto/ErrorTransition1.xml (RunModel)" time="0.028" />
  <testcase classname="ptolemy.util.test.junit.AutoTests" name="[49] /home/travis/build/icyphy/ptII/ptolemy/domains/modal/test/auto/ErrorTransition10.xml (RunModel)" time="0.039" />
  <testcase classname="ptolemy.util.test.junit.AutoTests" name="[50] /home/travis/build/icyphy/ptII/ptolemy/domains/modal/test/auto/ErrorTransition11.xml (RunModel)" time="0.037" />
  <testcase classname="ptolemy.util.test.junit.AutoTests" name="[51] /home/travis/build/icyphy/ptII/ptolemy/domains/modal/test/auto/ErrorTransition2.xml (RunModel)" time="0.024" />
  <testcase classname="ptolemy.util.test.junit.AutoTests" name="[52] /home/travis/build/icyphy/ptII/ptolemy/domains/modal/test/auto/ErrorTransition3.xml (RunModel)" time="0.033" />
  <testcase classname="ptolemy.util.test.junit.AutoTests" name="[53] /home/travis/build/icyphy/ptII/ptolemy/domains/modal/test/auto/ErrorTransition4.xml (RunModel)" time="0.028" />
  <testcase classname="ptolemy.util.test.junit.AutoTests" name="[54] /home/travis/build/icyphy/ptII/ptolemy/domains/modal/test/auto/ErrorTransition5.xml (RunModel)" time="0.025" />
  <testcase classname="ptolemy.util.test.junit.AutoTests" name="[55] /home/travis/build/icyphy/ptII/ptolemy/domains/modal/test/auto/ErrorTransition6.xml (RunModel)" time="0.027" />
  <testcase classname="ptolemy.util.test.junit.AutoTests" name="[56] /home/travis/build/icyphy/ptII/ptolemy/domains/modal/test/auto/ErrorTransition7.xml (RunModel)" time="0.041" />
  <testcase classname="ptolemy.util.test.junit.AutoTests" name="[57] /home/travis/build/icyphy/ptII/ptolemy/domains/modal/test/auto/ErrorTransition8.xml (RunModel)" time="0.076" />
  <testcase classname="ptolemy.util.test.junit.AutoTests" name="[58] /home/travis/build/icyphy/ptII/ptolemy/domains/modal/test/auto/ErrorTransition9.xml (RunModel)" time="0.049" />
  <testcase classname="ptolemy.util.test.junit.AutoTests" name="[59] /home/travis/build/icyphy/ptII/ptolemy/domains/modal/test/auto/ExtendedFSM.xml (RunModel)" time="0.034" />
  <testcase classname="ptolemy.util.test.junit.AutoTests" name="[60] /home/travis/build/icyphy/ptII/ptolemy/domains/modal/test/auto/FinalStates.xml (RunModel)" time="0.028" />
  <testcase classname="ptolemy.util.test.junit.AutoTests" name="[61] /home/travis/build/icyphy/ptII/ptolemy/domains/modal/test/auto/FixedPointFSM.xml (RunModel)" time="0.042" />
  <testcase classname="ptolemy.util.test.junit.AutoTests" name="[62] /home/travis/build/icyphy/ptII/ptolemy/domains/modal/test/auto/FixedPointIterationFSMActor.xml (RunModel)" time="0.027" />
  <testcase classname="ptolemy.util.test.junit.AutoTests" name="[63] /home/travis/build/icyphy/ptII/ptolemy/domains/modal/test/auto/FixedPointIterationFSMActor2.xml (RunModel)" time="0.027" />
  <testcase classname="ptolemy.util.test.junit.AutoTests" name="[64] /home/travis/build/icyphy/ptII/ptolemy/domains/modal/test/auto/ForbiddenInstantanousLoop.xml (RunModel)" time="0.033" />
  <testcase classname="ptolemy.util.test.junit.AutoTests" name="[65] /home/travis/build/icyphy/ptII/ptolemy/domains/modal/test/auto/FunctionDependencyOfFSMActorTest.xml (RunModel)" time="0.031" />
  <testcase classname="ptolemy.util.test.junit.AutoTests" name="[66] /home/travis/build/icyphy/ptII/ptolemy/domains/modal/test/auto/GuardExpression.xml (RunModel)" time="0.013" />
  <testcase classname="ptolemy.util.test.junit.AutoTests" name="[67] /home/travis/build/icyphy/ptII/ptolemy/domains/modal/test/auto/GuardNotEvaluated.xml (RunModel)" time="0.026" />
  <testcase classname="ptolemy.util.test.junit.AutoTests" name="[68] /home/travis/build/icyphy/ptII/ptolemy/domains/modal/test/auto/GuardNotEvaluated2.xml (RunModel)" time="0.024" />
  <testcase classname="ptolemy.util.test.junit.AutoTests" name="[69] /home/travis/build/icyphy/ptII/ptolemy/domains/modal/test/auto/GuardOnAbsent.xml (RunModel)" time="0.019" />
  <testcase classname="ptolemy.util.test.junit.AutoTests" name="[70] /home/travis/build/icyphy/ptII/ptolemy/domains/modal/test/auto/HierarchicalFSMTypeInference.xml (RunModel)" time="0.03" />
  <testcase classname="ptolemy.util.test.junit.AutoTests" name="[71] /home/travis/build/icyphy/ptII/ptolemy/domains/modal/test/auto/Hysteresis.xml (RunModel)" time="0.053" />
  <testcase classname="ptolemy.util.test.junit.AutoTests" name="[72] /home/travis/build/icyphy/ptII/ptolemy/domains/modal/test/auto/HysteresisWithDefault.xml (RunModel)" time="0.063" />
  <testcase classname="ptolemy.util.test.junit.AutoTests" name="[73] /home/travis/build/icyphy/ptII/ptolemy/domains/modal/test/auto/HysteresisWithDefault2.xml (RunModel)" time="0.071" />
  <testcase classname="ptolemy.util.test.junit.AutoTests" name="[74] /home/travis/build/icyphy/ptII/ptolemy/domains/modal/test/auto/ImmediateNonConstructiveness.xml (RunModel)" time="0.017" />
  <testcase classname="ptolemy.util.test.junit.AutoTests" name="[75] /home/travis/build/icyphy/ptII/ptolemy/domains/modal/test/auto/ImmediateNonConstructiveness2.xml (RunModel)" time="0.016" />
  <testcase classname="ptolemy.util.test.junit.AutoTests" name="[76] /home/travis/build/icyphy/ptII/ptolemy/domains/modal/test/auto/ImmediateTransitionReset.xml (RunModel)" time="0.033" />
  <testcase classname="ptolemy.util.test.junit.AutoTests" name="[77] /home/travis/build/icyphy/ptII/ptolemy/domains/modal/test/auto/ImmediateTransitions1.xml (RunModel)" time="0.015" />
  <testcase classname="ptolemy.util.test.junit.AutoTests" name="[78] /home/travis/build/icyphy/ptII/ptolemy/domains/modal/test/auto/ImmediateTransitionsInstantaneousCommunication.xml (RunModel)" time="0.038" />
  <testcase classname="ptolemy.util.test.junit.AutoTests" name="[79] /home/travis/build/icyphy/ptII/ptolemy/domains/modal/test/auto/InitialImmediateTransition.xml (RunModel)" time="0.017" />
  <testcase classname="ptolemy.util.test.junit.AutoTests" name="[80] /home/travis/build/icyphy/ptII/ptolemy/domains/modal/test/auto/InitialOutputs.xml (RunModel)" time="0.016" />
  <testcase classname="ptolemy.util.test.junit.AutoTests" name="[81] /home/travis/build/icyphy/ptII/ptolemy/domains/modal/test/auto/InitialStateTransition1.xml (RunModel)" time="0.019" />
  <testcase classname="ptolemy.util.test.junit.AutoTests" name="[82] /home/travis/build/icyphy/ptII/ptolemy/domains/modal/test/auto/InitialStateTransition2.xml (RunModel)" time="0.035" />
  <testcase classname="ptolemy.util.test.junit.AutoTests" name="[83] /home/travis/build/icyphy/ptII/ptolemy/domains/modal/test/auto/InitialStateTransition3.xml (RunModel)" time="0.023" />
  <testcase classname="ptolemy.util.test.junit.AutoTests" name="[84] /home/travis/build/icyphy/ptII/ptolemy/domains/modal/test/auto/InitialStateTransition4.xml (RunModel)" time="0.028" />
  <testcase classname="ptolemy.util.test.junit.AutoTests" name="[85] /home/travis/build/icyphy/ptII/ptolemy/domains/modal/test/auto/MalformedGuardExpressionNotCaught.xml (RunModel)" time="0.026" />
  <testcase classname="ptolemy.util.test.junit.AutoTests" name="[86] /home/travis/build/icyphy/ptII/ptolemy/domains/modal/test/auto/ModalBSC.xml (RunModel)" time="0.088" />
  <testcase classname="ptolemy.util.test.junit.AutoTests" name="[87] /home/travis/build/icyphy/ptII/ptolemy/domains/modal/test/auto/ModalClocks.xml (RunModel)" time="0.075" />
  <testcase classname="ptolemy.util.test.junit.AutoTests" name="[88] /home/travis/build/icyphy/ptII/ptolemy/domains/modal/test/auto/ModalDelay.xml (RunModel)" time="0.042" />
  <testcase classname="ptolemy.util.test.junit.AutoTests" name="[89] /home/travis/build/icyphy/ptII/ptolemy/domains/modal/test/auto/ModalDelay2.xml (RunModel)" time="0.04" />
  <testcase classname="ptolemy.util.test.junit.AutoTests" name="[90] /home/travis/build/icyphy/ptII/ptolemy/domains/modal/test/auto/ModalModelFromMemo.xml (RunModel)" time="0.045" />
  <testcase classname="ptolemy.util.test.junit.AutoTests" name="[91] /home/travis/build/icyphy/ptII/ptolemy/domains/modal/test/auto/ModalModelWithMultirateTransient.xml (RunModel)" time="0.066" />
  <testcase classname="ptolemy.util.test.junit.AutoTests" name="[92] /home/travis/build/icyphy/ptII/ptolemy/domains/modal/test/auto/ModalModelWithReset.xml (RunModel)" time="0.048" />
  <testcase classname="ptolemy.util.test.junit.AutoTests" name="[93] /home/travis/build/icyphy/ptII/ptolemy/domains/modal/test/auto/MouseClickFSM.xml (RunModel)" time="0.039" />
  <testcase classname="ptolemy.util.test.junit.AutoTests" name="[94] /home/travis/build/icyphy/ptII/ptolemy/domains/modal/test/auto/MouseClickFSMModal.xml (RunModel)" time="0.034" />
  <testcase classname="ptolemy.util.test.junit.AutoTests" name="[95] /home/travis/build/icyphy/ptII/ptolemy/domains/modal/test/auto/NonStrictFSM_FeedbackLoop.xml (RunModel)" time="0.045" />
  <testcase classname="ptolemy.util.test.junit.AutoTests" name="[96] /home/travis/build/icyphy/ptII/ptolemy/domains/modal/test/auto/NonStrictFSM_FeedbackLoop_Refinement.xml (RunModel)" time="0.082" />
  <testcase classname="ptolemy.util.test.junit.AutoTests" name="[97] /home/travis/build/icyphy/ptII/ptolemy/domains/modal/test/auto/NonStrictFSM_FeedbackLoop_preemptive.xml (RunModel)" time="0.043" />
  <testcase classname="ptolemy.util.test.junit.AutoTests" name="[98] /home/travis/build/icyphy/ptII/ptolemy/domains/modal/test/auto/NormalTermination.xml (RunModel)" time="0.044" />
  <testcase classname="ptolemy.util.test.junit.AutoTests" name="[99] /home/travis/build/icyphy/ptII/ptolemy/domains/modal/test/auto/Pong.xml (RunModel)" time="0.094" />
  <testcase classname="ptolemy.util.test.junit.AutoTests" name="[100] /home/travis/build/icyphy/ptII/ptolemy/domains/modal/test/auto/Pong_test.xml (RunModel)" time="0.134" />
  <testcase classname="ptolemy.util.test.junit.AutoTests" name="[101] /home/travis/build/icyphy/ptII/ptolemy/domains/modal/test/auto/PreemptionHierarchy.xml (RunModel)" time="0.045" />
  <testcase classname="ptolemy.util.test.junit.AutoTests" name="[102] /home/travis/build/icyphy/ptII/ptolemy/domains/modal/test/auto/PreemptionHierarchy2.xml (RunModel)" time="0.033" />
  <testcase classname="ptolemy.util.test.junit.AutoTests" name="[103] /home/travis/build/icyphy/ptII/ptolemy/domains/modal/test/auto/PreemptiveTransition.xml (RunModel)" time="0.027" />
  <testcase classname="ptolemy.util.test.junit.AutoTests" name="[104] /home/travis/build/icyphy/ptII/ptolemy/domains/modal/test/auto/Priorities.xml (RunModel)" time="0.072" />
  <testcase classname="ptolemy.util.test.junit.AutoTests" name="[105] /home/travis/build/icyphy/ptII/ptolemy/domains/modal/test/auto/ResetFinal.xml (RunModel)" time="0.035" />
  <testcase classname="ptolemy.util.test.junit.AutoTests" name="[106] /home/travis/build/icyphy/ptII/ptolemy/domains/modal/test/auto/ResetFinal2.xml (RunModel)" time="0.033" />
  <testcase classname="ptolemy.util.test.junit.AutoTests" name="[107] /home/travis/build/icyphy/ptII/ptolemy/domains/modal/test/auto/ResetTransitionWithStartTime.xml (RunModel)" time="0.03" />
  <testcase classname="ptolemy.util.test.junit.AutoTests" name="[108] /home/travis/build/icyphy/ptII/ptolemy/domains/modal/test/auto/SDF-FSMComposite.xml (RunModel)" time="0.023" />
  <testcase classname="ptolemy.util.test.junit.AutoTests" name="[109] /home/travis/build/icyphy/ptII/ptolemy/domains/modal/test/auto/SeeminglyNondeterminate.xml (RunModel)" time="0.079" />
  <testcase classname="ptolemy.util.test.junit.AutoTests" name="[110] /home/travis/build/icyphy/ptII/ptolemy/domains/modal/test/auto/SeeminglyNondeterminate2.xml (RunModel)" time="0.072" />
  <testcase classname="ptolemy.util.test.junit.AutoTests" name="[111] /home/travis/build/icyphy/ptII/ptolemy/domains/modal/test/auto/SpontaneousFSM.xml (RunModel)" time="0.048" />
  <testcase classname="ptolemy.util.test.junit.AutoTests" name="[112] /home/travis/build/icyphy/ptII/ptolemy/domains/modal/test/auto/SpontaneousFSM2.xml (RunModel)" time="0.035" />
  <testcase classname="ptolemy.util.test.junit.AutoTests" name="[113] /home/travis/build/icyphy/ptII/ptolemy/domains/modal/test/auto/SpontaneousFSM3.xml (RunModel)" time="0.037" />
  <testcase classname="ptolemy.util.test.junit.AutoTests" name="[114] /home/travis/build/icyphy/ptII/ptolemy/domains/modal/test/auto/SpontaneousFSM4.xml (RunModel)" time="0.041" />
  <testcase classname="ptolemy.util.test.junit.AutoTests" name="[115] /home/travis/build/icyphy/ptII/ptolemy/domains/modal/test/auto/StateTrackerTest.xml (RunModel)" time="0.055" />
  <testcase classname="ptolemy.util.test.junit.AutoTests" name="[116] /home/travis/build/icyphy/ptII/ptolemy/domains/modal/test/auto/StrongImmediateTransition.xml (RunModel)" time="0.024" />
  <testcase classname="ptolemy.util.test.junit.AutoTests" name="[117] /home/travis/build/icyphy/ptII/ptolemy/domains/modal/test/auto/SustainHierarchy.xml (RunModel)" time="0.026" />
  <testcase classname="ptolemy.util.test.junit.AutoTests" name="[118] /home/travis/build/icyphy/ptII/ptolemy/domains/modal/test/auto/TerminationTransition1.xml (RunModel)" time="0.017" />
  <testcase classname="ptolemy.util.test.junit.AutoTests" name="[119] /home/travis/build/icyphy/ptII/ptolemy/domains/modal/test/auto/TerminationTransition2.xml (RunModel)" time="0.023" />
  <testcase classname="ptolemy.util.test.junit.AutoTests" name="[120] /home/travis/build/icyphy/ptII/ptolemy/domains/modal/test/auto/TerminationTransition3.xml (RunModel)" time="0.021" />
  <testcase classname="ptolemy.util.test.junit.AutoTests" name="[121] /home/travis/build/icyphy/ptII/ptolemy/domains/modal/test/auto/TerminationTransition4.xml (RunModel)" time="0.041" />
  <testcase classname="ptolemy.util.test.junit.AutoTests" name="[122] /home/travis/build/icyphy/ptII/ptolemy/domains/modal/test/auto/TerminationTransition5.xml (RunModel)" time="0.027" />
  <testcase classname="ptolemy.util.test.junit.AutoTests" name="[123] /home/travis/build/icyphy/ptII/ptolemy/domains/modal/test/auto/TerminationTransition6.xml (RunModel)" time="0.018" />
  <testcase classname="ptolemy.util.test.junit.AutoTests" name="[124] /home/travis/build/icyphy/ptII/ptolemy/domains/modal/test/auto/TerminationTransition7.xml (RunModel)" time="0.019" />
  <testcase classname="ptolemy.util.test.junit.AutoTests" name="[125] /home/travis/build/icyphy/ptII/ptolemy/domains/modal/test/auto/TerminationTransition8.xml (RunModel)" time="0.022" />
  <testcase classname="ptolemy.util.test.junit.AutoTests" name="[126] /home/travis/build/icyphy/ptII/ptolemy/domains/modal/test/auto/Thermostat_NoHysteresis.xml (RunModel)" time="0.058" />
  <testcase classname="ptolemy.util.test.junit.AutoTests" name="[127] /home/travis/build/icyphy/ptII/ptolemy/domains/modal/test/auto/TimedFSM.xml (RunModel)" time="0.024" />
  <testcase classname="ptolemy.util.test.junit.AutoTests" name="[128] /home/travis/build/icyphy/ptII/ptolemy/domains/modal/test/auto/Timeout1.xml (RunModel)" time="0.015" />
  <testcase classname="ptolemy.util.test.junit.AutoTests" name="[129] /home/travis/build/icyphy/ptII/ptolemy/domains/modal/test/auto/Timeout2.xml (RunModel)" time="0.023" />
  <testcase classname="ptolemy.util.test.junit.AutoTests" name="[130] /home/travis/build/icyphy/ptII/ptolemy/domains/modal/test/auto/Timeout3.xml (RunModel)" time="0.011" />
  <testcase classname="ptolemy.util.test.junit.AutoTests" name="[131] /home/travis/build/icyphy/ptII/ptolemy/domains/modal/test/auto/Timeout4.xml (RunModel)" time="0.01" />
  <testcase classname="ptolemy.util.test.junit.AutoTests" name="[132] /home/travis/build/icyphy/ptII/ptolemy/domains/modal/test/auto/TransientstateModelAdvanced.xml (RunModel)" time="0.023" />
  <testcase classname="ptolemy.util.test.junit.AutoTests" name="[133] /home/travis/build/icyphy/ptII/ptolemy/domains/modal/test/auto/TransientstateModelAdvanced2.xml (RunModel)" time="0.027" />
  <testcase classname="ptolemy.util.test.junit.AutoTests" name="[134] /home/travis/build/icyphy/ptII/ptolemy/domains/modal/test/auto/TransitionRefinements.xml (RunModel)" time="0.022" />
  <testcase classname="ptolemy.util.test.junit.AutoTests" name="[135] /home/travis/build/icyphy/ptII/ptolemy/domains/modal/test/auto/TwoRefinements1.xml (RunModel)" time="0.021" />
  <testcase classname="ptolemy.util.test.junit.AutoTests" name="[136] /home/travis/build/icyphy/ptII/ptolemy/domains/modal/test/auto/TwoRefinements2.xml (RunModel)" time="0.022" />
  <testcase classname="ptolemy.util.test.junit.AutoTests" name="[137] /home/travis/build/icyphy/ptII/ptolemy/domains/modal/test/auto/WeakImmediateTransition.xml (RunModel)" time="0.028" />
  <testcase classname="ptolemy.util.test.junit.AutoTests" name="[138] /home/travis/build/icyphy/ptII/ptolemy/domains/modal/test/auto/booleanSelect.xml (RunModel)" time="0.085" />
  <testcase classname="ptolemy.util.test.junit.AutoTests" name="[139] /home/travis/build/icyphy/ptII/ptolemy/domains/modal/test/auto/modalChangingParams.xml (RunModel)" time="0.266" />
  <testcase classname="ptolemy.util.test.junit.AutoTests" name="[140] /home/travis/build/icyphy/ptII/ptolemy/domains/modal/test/auto/modalModel.xml (RunModel)" time="0.033" />
  <testcase classname="ptolemy.util.test.junit.AutoTests" name="[141] /home/travis/build/icyphy/ptII/ptolemy/domains/modal/test/auto/modalModel2.xml (RunModel)" time="0.028" />
  <testcase classname="ptolemy.util.test.junit.AutoTests" name="[142] /home/travis/build/icyphy/ptII/ptolemy/domains/modal/test/auto/modalModel3.xml (RunModel)" time="0.04" />
  <testcase classname="ptolemy.util.test.junit.AutoTests" name="[143] /home/travis/build/icyphy/ptII/ptolemy/domains/modal/test/auto/model1.xml (RunModel)" time="0.019" />
  <testcase classname="ptolemy.util.test.junit.AutoTests" name="[144] /home/travis/build/icyphy/ptII/ptolemy/domains/modal/test/auto/test-direct-in-out.xml (RunModel)" time="0.04" />
  <system-out><![CDATA[/home/travis/build/icyphy/ptII/ptolemy/domains/modal/test/SystemLevelType.tcl
testDefs.tcl: setting time out to 9000 seconds at Wed Aug 12 15:25:24 UTC 2020
08/12/20 03:25:26
Failed: 0  Total Tests: 1  ((Passed: 1, Newly Passed: 0)  Known Failed: 0) /home/travis/build/icyphy/ptII/ptolemy/domains/modal/test
----------------- testing (KnownFailure) /home/travis/build/icyphy/ptII/ptolemy/domains/modal/test/auto/knownFailedTests/CannotAnalysisWithPreemption.xml
103 ms. Memory: 129024K Free: 84425K (65%)
Known Failure: java.lang.reflect.InvocationTargetException
No auto/linux-amd64/*.xml tests in /home/travis/build/icyphy/ptII/ptolemy/domains/modal/test
AutoTests.java: About to close Vertx.
AutoTests.java: Vertx closed.

===========================================================================================
----------------- testing Wed Aug 12 15:25:26 UTC 2020 /home/travis/build/icyphy/ptII/ptolemy/domains/modal/test/auto/ABPTest.xml
----------------- Instantiating /home/travis/build/icyphy/ptII/ptolemy/domains/modal/test/auto/ABPTest.xml
315 ms. Memory: 160768K Free: 123596K (77%)
----------------- Invoking toplevel() on ptolemy.moml.MoMLSimpleApplication@bd4c87a
----------------- Done invoking toplevel() on ptolemy.moml.MoMLSimpleApplication@bd4c87a
reloadAllAccessors: .ABPTest

===========================================================================================
----------------- testing Wed Aug 12 15:25:27 UTC 2020 /home/travis/build/icyphy/ptII/ptolemy/domains/modal/test/auto/ABROFlat.xml
----------------- Instantiating /home/travis/build/icyphy/ptII/ptolemy/domains/modal/test/auto/ABROFlat.xml
25 ms. Memory: 160768K Free: 108230K (67%)
----------------- Invoking toplevel() on ptolemy.moml.MoMLSimpleApplication@20c57d44
----------------- Done invoking toplevel() on ptolemy.moml.MoMLSimpleApplication@20c57d44
reloadAllAccessors: .ABROFlat

===========================================================================================
----------------- testing Wed Aug 12 15:25:27 UTC 2020 /home/travis/build/icyphy/ptII/ptolemy/domains/modal/test/auto/ABROFlat2.xml
----------------- Instantiating /home/travis/build/icyphy/ptII/ptolemy/domains/modal/test/auto/ABROFlat2.xml
15 ms. Memory: 160768K Free: 91328K (57%)
----------------- Invoking toplevel() on ptolemy.moml.MoMLSimpleApplication@248e1924
----------------- Done invoking toplevel() on ptolemy.moml.MoMLSimpleApplication@248e1924
reloadAllAccessors: .ABROFlat2

===========================================================================================
----------------- testing Wed Aug 12 15:25:27 UTC 2020 /home/travis/build/icyphy/ptII/ptolemy/domains/modal/test/auto/ABRO_present_hmm.xml
----------------- Instantiating /home/travis/build/icyphy/ptII/ptolemy/domains/modal/test/auto/ABRO_present_hmm.xml
39 ms. Memory: 160768K Free: 64200K (40%)
----------------- Invoking toplevel() on ptolemy.moml.MoMLSimpleApplication@490c8b28
----------------- Done invoking toplevel() on ptolemy.moml.MoMLSimpleApplication@490c8b28
reloadAllAccessors: .ABRO_present_hmm

===========================================================================================
----------------- testing Wed Aug 12 15:25:27 UTC 2020 /home/travis/build/icyphy/ptII/ptolemy/domains/modal/test/auto/AMICoderExample.xml
----------------- Instantiating /home/travis/build/icyphy/ptII/ptolemy/domains/modal/test/auto/AMICoderExample.xml
27 ms. Memory: 160768K Free: 53960K (34%)
----------------- Invoking toplevel() on ptolemy.moml.MoMLSimpleApplication@502f9734
----------------- Done invoking toplevel() on ptolemy.moml.MoMLSimpleApplication@502f9734
reloadAllAccessors: .AMICoderExample

===========================================================================================
----------------- testing Wed Aug 12 15:25:27 UTC 2020 /home/travis/build/icyphy/ptII/ptolemy/domains/modal/test/auto/AbsentToPresent.xml
----------------- Instantiating /home/travis/build/icyphy/ptII/ptolemy/domains/modal/test/auto/AbsentToPresent.xml
11 ms. Memory: 160768K Free: 140317K (87%)
----------------- Invoking toplevel() on ptolemy.moml.MoMLSimpleApplication@81c83d1
----------------- Done invoking toplevel() on ptolemy.moml.MoMLSimpleApplication@81c83d1
reloadAllAccessors: .AbsentToPresent

===========================================================================================
----------------- testing Wed Aug 12 15:25:27 UTC 2020 /home/travis/build/icyphy/ptII/ptolemy/domains/modal/test/auto/Blending.xml
----------------- Instantiating /home/travis/build/icyphy/ptII/ptolemy/domains/modal/test/auto/Blending.xml
97 ms. Memory: 160768K Free: 95843K (60%)
----------------- Invoking toplevel() on ptolemy.moml.MoMLSimpleApplication@79e0bba
----------------- Done invoking toplevel() on ptolemy.moml.MoMLSimpleApplication@79e0bba
reloadAllAccessors: .Blending

===========================================================================================
----------------- testing Wed Aug 12 15:25:28 UTC 2020 /home/travis/build/icyphy/ptII/ptolemy/domains/modal/test/auto/Broadcast.xml
----------------- Instantiating /home/travis/build/icyphy/ptII/ptolemy/domains/modal/test/auto/Broadcast.xml
7 ms. Memory: 160768K Free: 85603K (53%)
----------------- Invoking toplevel() on ptolemy.moml.MoMLSimpleApplication@9f9ae07
----------------- Done invoking toplevel() on ptolemy.moml.MoMLSimpleApplication@9f9ae07
reloadAllAccessors: .Broadcast

===========================================================================================
----------------- testing Wed Aug 12 15:25:28 UTC 2020 /home/travis/build/icyphy/ptII/ptolemy/domains/modal/test/auto/BroadcastHierarchy.xml
----------------- Instantiating /home/travis/build/icyphy/ptII/ptolemy/domains/modal/test/auto/BroadcastHierarchy.xml
15 ms. Memory: 160768K Free: 71763K (45%)
----------------- Invoking toplevel() on ptolemy.moml.MoMLSimpleApplication@611054b7
----------------- Done invoking toplevel() on ptolemy.moml.MoMLSimpleApplication@611054b7
reloadAllAccessors: .BroadcastHierarchy

===========================================================================================
----------------- testing Wed Aug 12 15:25:28 UTC 2020 /home/travis/build/icyphy/ptII/ptolemy/domains/modal/test/auto/BroadcastHierarchy2.xml
----------------- Instantiating /home/travis/build/icyphy/ptII/ptolemy/domains/modal/test/auto/BroadcastHierarchy2.xml
13 ms. Memory: 160768K Free: 134243K (84%)
----------------- Invoking toplevel() on ptolemy.moml.MoMLSimpleApplication@4fda8545
----------------- Done invoking toplevel() on ptolemy.moml.MoMLSimpleApplication@4fda8545
reloadAllAccessors: .BroadcastHierarchy2

===========================================================================================
----------------- testing Wed Aug 12 15:25:28 UTC 2020 /home/travis/build/icyphy/ptII/ptolemy/domains/modal/test/auto/BroadcastHierarchy3.xml
----------------- Instantiating /home/travis/build/icyphy/ptII/ptolemy/domains/modal/test/auto/BroadcastHierarchy3.xml
19 ms. Memory: 160768K Free: 114273K (71%)
----------------- Invoking toplevel() on ptolemy.moml.MoMLSimpleApplication@69ffa537
----------------- Done invoking toplevel() on ptolemy.moml.MoMLSimpleApplication@69ffa537
reloadAllAccessors: .BroadcastHierarchy3

===========================================================================================
----------------- testing Wed Aug 12 15:25:28 UTC 2020 /home/travis/build/icyphy/ptII/ptolemy/domains/modal/test/auto/BroadcastHierarchy4.xml
----------------- Instantiating /home/travis/build/icyphy/ptII/ptolemy/domains/modal/test/auto/BroadcastHierarchy4.xml
11 ms. Memory: 160768K Free: 90211K (56%)
----------------- Invoking toplevel() on ptolemy.moml.MoMLSimpleApplication@48aa2947
----------------- Done invoking toplevel() on ptolemy.moml.MoMLSimpleApplication@48aa2947
reloadAllAccessors: .BroadcastHierarchy4

===========================================================================================
----------------- testing Wed Aug 12 15:25:28 UTC 2020 /home/travis/build/icyphy/ptII/ptolemy/domains/modal/test/auto/CannotAnalysisWithPreemption2.xml
----------------- Instantiating /home/travis/build/icyphy/ptII/ptolemy/domains/modal/test/auto/CannotAnalysisWithPreemption2.xml
5 ms. Memory: 160768K Free: 83043K (52%)
----------------- Invoking toplevel() on ptolemy.moml.MoMLSimpleApplication@6ef68d85
----------------- Done invoking toplevel() on ptolemy.moml.MoMLSimpleApplication@6ef68d85
reloadAllAccessors: .CannotAnalysisWithPreemption2

===========================================================================================
----------------- testing Wed Aug 12 15:25:28 UTC 2020 /home/travis/build/icyphy/ptII/ptolemy/domains/modal/test/auto/CannotAnalysisWithPreemption3.xml
----------------- Instantiating /home/travis/build/icyphy/ptII/ptolemy/domains/modal/test/auto/CannotAnalysisWithPreemption3.xml
6 ms. Memory: 160768K Free: 72803K (45%)
----------------- Invoking toplevel() on ptolemy.moml.MoMLSimpleApplication@4bf9ab35
----------------- Done invoking toplevel() on ptolemy.moml.MoMLSimpleApplication@4bf9ab35
reloadAllAccessors: .CannotAnalysisWithPreemption3

===========================================================================================
----------------- testing Wed Aug 12 15:25:28 UTC 2020 /home/travis/build/icyphy/ptII/ptolemy/domains/modal/test/auto/CannotProduce.xml
----------------- Instantiating /home/travis/build/icyphy/ptII/ptolemy/domains/modal/test/auto/CannotProduce.xml
16 ms. Memory: 160768K Free: 66145K (41%)
----------------- Invoking toplevel() on ptolemy.moml.MoMLSimpleApplication@5d43465
----------------- Done invoking toplevel() on ptolemy.moml.MoMLSimpleApplication@5d43465
reloadAllAccessors: .CannotProduce

===========================================================================================
----------------- testing Wed Aug 12 15:25:28 UTC 2020 /home/travis/build/icyphy/ptII/ptolemy/domains/modal/test/auto/CannotProduceModal.xml
----------------- Instantiating /home/travis/build/icyphy/ptII/ptolemy/domains/modal/test/auto/CannotProduceModal.xml
9 ms. Memory: 160768K Free: 59491K (37%)
----------------- Invoking toplevel() on ptolemy.moml.MoMLSimpleApplication@5584af94
----------------- Done invoking toplevel() on ptolemy.moml.MoMLSimpleApplication@5584af94
reloadAllAccessors: .CannotProduceModal

===========================================================================================
----------------- testing Wed Aug 12 15:25:28 UTC 2020 /home/travis/build/icyphy/ptII/ptolemy/domains/modal/test/auto/Case.xml
----------------- Instantiating /home/travis/build/icyphy/ptII/ptolemy/domains/modal/test/auto/Case.xml
53 ms. Memory: 193536K Free: 171619K (89%)
----------------- Invoking toplevel() on ptolemy.moml.MoMLSimpleApplication@5f227bb3
----------------- Done invoking toplevel() on ptolemy.moml.MoMLSimpleApplication@5f227bb3
reloadAllAccessors: .Case

===========================================================================================
----------------- testing Wed Aug 12 15:25:28 UTC 2020 /home/travis/build/icyphy/ptII/ptolemy/domains/modal/test/auto/Case1.xml
----------------- Instantiating /home/travis/build/icyphy/ptII/ptolemy/domains/modal/test/auto/Case1.xml
7 ms. Memory: 193536K Free: 163937K (85%)
----------------- Invoking toplevel() on ptolemy.moml.MoMLSimpleApplication@eba8832
----------------- Done invoking toplevel() on ptolemy.moml.MoMLSimpleApplication@eba8832
reloadAllAccessors: .Case1

===========================================================================================
----------------- testing Wed Aug 12 15:25:28 UTC 2020 /home/travis/build/icyphy/ptII/ptolemy/domains/modal/test/auto/Case2.xml
----------------- Instantiating /home/travis/build/icyphy/ptII/ptolemy/domains/modal/test/auto/Case2.xml
28 ms. Memory: 193536K Free: 153187K (79%)
----------------- Invoking toplevel() on ptolemy.moml.MoMLSimpleApplication@7634a778
----------------- Done invoking toplevel() on ptolemy.moml.MoMLSimpleApplication@7634a778
reloadAllAccessors: .Case2

===========================================================================================
----------------- testing Wed Aug 12 15:25:28 UTC 2020 /home/travis/build/icyphy/ptII/ptolemy/domains/modal/test/auto/CausalityInterface1.xml
----------------- Instantiating /home/travis/build/icyphy/ptII/ptolemy/domains/modal/test/auto/CausalityInterface1.xml
5 ms. Memory: 193536K Free: 148067K (77%)
----------------- Invoking toplevel() on ptolemy.moml.MoMLSimpleApplication@58948281
----------------- Done invoking toplevel() on ptolemy.moml.MoMLSimpleApplication@58948281
reloadAllAccessors: .CausalityInterface1

===========================================================================================
----------------- testing Wed Aug 12 15:25:28 UTC 2020 /home/travis/build/icyphy/ptII/ptolemy/domains/modal/test/auto/CausalityInterface10.xml
----------------- Instantiating /home/travis/build/icyphy/ptII/ptolemy/domains/modal/test/auto/CausalityInterface10.xml
13 ms. Memory: 193536K Free: 134755K (70%)
----------------- Invoking toplevel() on ptolemy.moml.MoMLSimpleApplication@1138630e
----------------- Done invoking toplevel() on ptolemy.moml.MoMLSimpleApplication@1138630e
reloadAllAccessors: .CausalityInterface10

===========================================================================================
----------------- testing Wed Aug 12 15:25:29 UTC 2020 /home/travis/build/icyphy/ptII/ptolemy/domains/modal/test/auto/CausalityInterface11.xml
----------------- Instantiating /home/travis/build/icyphy/ptII/ptolemy/domains/modal/test/auto/CausalityInterface11.xml
5 ms. Memory: 193536K Free: 121443K (63%)
----------------- Invoking toplevel() on ptolemy.moml.MoMLSimpleApplication@61293d87
----------------- Done invoking toplevel() on ptolemy.moml.MoMLSimpleApplication@61293d87
reloadAllAccessors: .CausalityInterface11

===========================================================================================
----------------- testing Wed Aug 12 15:25:29 UTC 2020 /home/travis/build/icyphy/ptII/ptolemy/domains/modal/test/auto/CausalityInterface12.xml
----------------- Instantiating /home/travis/build/icyphy/ptII/ptolemy/domains/modal/test/auto/CausalityInterface12.xml
6 ms. Memory: 193536K Free: 108131K (56%)
----------------- Invoking toplevel() on ptolemy.moml.MoMLSimpleApplication@2a9193fc
----------------- Done invoking toplevel() on ptolemy.moml.MoMLSimpleApplication@2a9193fc
reloadAllAccessors: .CausalityInterface12

===========================================================================================
----------------- testing Wed Aug 12 15:25:29 UTC 2020 /home/travis/build/icyphy/ptII/ptolemy/domains/modal/test/auto/CausalityInterface13.xml
----------------- Instantiating /home/travis/build/icyphy/ptII/ptolemy/domains/modal/test/auto/CausalityInterface13.xml
15 ms. Memory: 193536K Free: 94291K (49%)
----------------- Invoking toplevel() on ptolemy.moml.MoMLSimpleApplication@61ca7fe9
----------------- Done invoking toplevel() on ptolemy.moml.MoMLSimpleApplication@61ca7fe9
reloadAllAccessors: .CausalityInterface13

===========================================================================================
----------------- testing Wed Aug 12 15:25:29 UTC 2020 /home/travis/build/icyphy/ptII/ptolemy/domains/modal/test/auto/CausalityInterface14.xml
----------------- Instantiating /home/travis/build/icyphy/ptII/ptolemy/domains/modal/test/auto/CausalityInterface14.xml
6 ms. Memory: 193536K Free: 80483K (42%)
----------------- Invoking toplevel() on ptolemy.moml.MoMLSimpleApplication@3c6c67aa
----------------- Done invoking toplevel() on ptolemy.moml.MoMLSimpleApplication@3c6c67aa
reloadAllAccessors: .CausalityInterface14

===========================================================================================
----------------- testing Wed Aug 12 15:25:29 UTC 2020 /home/travis/build/icyphy/ptII/ptolemy/domains/modal/test/auto/CausalityInterface2.xml
----------------- Instantiating /home/travis/build/icyphy/ptII/ptolemy/domains/modal/test/auto/CausalityInterface2.xml
5 ms. Memory: 193536K Free: 74339K (38%)
----------------- Invoking toplevel() on ptolemy.moml.MoMLSimpleApplication@6c4bf59f
----------------- Done invoking toplevel() on ptolemy.moml.MoMLSimpleApplication@6c4bf59f
reloadAllAccessors: .CausalityInterface2

===========================================================================================
----------------- testing Wed Aug 12 15:25:29 UTC 2020 /home/travis/build/icyphy/ptII/ptolemy/domains/modal/test/auto/CausalityInterface3.xml
----------------- Instantiating /home/travis/build/icyphy/ptII/ptolemy/domains/modal/test/auto/CausalityInterface3.xml
4 ms. Memory: 193536K Free: 67675K (35%)
----------------- Invoking toplevel() on ptolemy.moml.MoMLSimpleApplication@3cab2c87
----------------- Done invoking toplevel() on ptolemy.moml.MoMLSimpleApplication@3cab2c87
reloadAllAccessors: .CausalityInterface3

===========================================================================================
----------------- testing Wed Aug 12 15:25:29 UTC 2020 /home/travis/build/icyphy/ptII/ptolemy/domains/modal/test/auto/CausalityInterface4.xml
----------------- Instantiating /home/travis/build/icyphy/ptII/ptolemy/domains/modal/test/auto/CausalityInterface4.xml
5 ms. Memory: 193536K Free: 170579K (88%)
----------------- Invoking toplevel() on ptolemy.moml.MoMLSimpleApplication@5d185887
----------------- Done invoking toplevel() on ptolemy.moml.MoMLSimpleApplication@5d185887
reloadAllAccessors: .CausalityInterface4

===========================================================================================
----------------- testing Wed Aug 12 15:25:29 UTC 2020 /home/travis/build/icyphy/ptII/ptolemy/domains/modal/test/auto/CausalityInterface5.xml
----------------- Instantiating /home/travis/build/icyphy/ptII/ptolemy/domains/modal/test/auto/CausalityInterface5.xml
5 ms. Memory: 193536K Free: 162401K (84%)
----------------- Invoking toplevel() on ptolemy.moml.MoMLSimpleApplication@3c20f788
----------------- Done invoking toplevel() on ptolemy.moml.MoMLSimpleApplication@3c20f788
reloadAllAccessors: .CausalityInterface5

===========================================================================================
----------------- testing Wed Aug 12 15:25:29 UTC 2020 /home/travis/build/icyphy/ptII/ptolemy/domains/modal/test/auto/CausalityInterface6.xml
----------------- Instantiating /home/travis/build/icyphy/ptII/ptolemy/domains/modal/test/auto/CausalityInterface6.xml
7 ms. Memory: 193536K Free: 154209K (80%)
----------------- Invoking toplevel() on ptolemy.moml.MoMLSimpleApplication@7af73703
----------------- Done invoking toplevel() on ptolemy.moml.MoMLSimpleApplication@7af73703
reloadAllAccessors: .CausalityInterface6

===========================================================================================
----------------- testing Wed Aug 12 15:25:29 UTC 2020 /home/travis/build/icyphy/ptII/ptolemy/domains/modal/test/auto/CausalityInterface7.xml
----------------- Instantiating /home/travis/build/icyphy/ptII/ptolemy/domains/modal/test/auto/CausalityInterface7.xml
5 ms. Memory: 193536K Free: 146017K (75%)
----------------- Invoking toplevel() on ptolemy.moml.MoMLSimpleApplication@5ef0df58
----------------- Done invoking toplevel() on ptolemy.moml.MoMLSimpleApplication@5ef0df58
reloadAllAccessors: .CausalityInterface7

===========================================================================================
----------------- testing Wed Aug 12 15:25:29 UTC 2020 /home/travis/build/icyphy/ptII/ptolemy/domains/modal/test/auto/CausalityInterface8.xml
----------------- Instantiating /home/travis/build/icyphy/ptII/ptolemy/domains/modal/test/auto/CausalityInterface8.xml
7 ms. Memory: 193536K Free: 137819K (71%)
----------------- Invoking toplevel() on ptolemy.moml.MoMLSimpleApplication@33588071
----------------- Done invoking toplevel() on ptolemy.moml.MoMLSimpleApplication@33588071
reloadAllAccessors: .CausalityInterface8

===========================================================================================
----------------- testing Wed Aug 12 15:25:29 UTC 2020 /home/travis/build/icyphy/ptII/ptolemy/domains/modal/test/auto/CausalityInterface9.xml
----------------- Instantiating /home/travis/build/icyphy/ptII/ptolemy/domains/modal/test/auto/CausalityInterface9.xml
5 ms. Memory: 193536K Free: 128609K (66%)
----------------- Invoking toplevel() on ptolemy.moml.MoMLSimpleApplication@51d07f1a
----------------- Done invoking toplevel() on ptolemy.moml.MoMLSimpleApplication@51d07f1a
reloadAllAccessors: .CausalityInterface9

===========================================================================================
----------------- testing Wed Aug 12 15:25:29 UTC 2020 /home/travis/build/icyphy/ptII/ptolemy/domains/modal/test/auto/ChainedTransitions.xml
----------------- Instantiating /home/travis/build/icyphy/ptII/ptolemy/domains/modal/test/auto/ChainedTransitions.xml
101 ms. Memory: 193536K Free: 104019K (54%)
----------------- Invoking toplevel() on ptolemy.moml.MoMLSimpleApplication@23872970
----------------- Done invoking toplevel() on ptolemy.moml.MoMLSimpleApplication@23872970
reloadAllAccessors: .ChainedTransitions

===========================================================================================
----------------- testing Wed Aug 12 15:25:29 UTC 2020 /home/travis/build/icyphy/ptII/ptolemy/domains/modal/test/auto/CycleOfImmediateTransitionsFSM.xml
----------------- Instantiating /home/travis/build/icyphy/ptII/ptolemy/domains/modal/test/auto/CycleOfImmediateTransitionsFSM.xml
3 ms. Memory: 193536K Free: 98403K (51%)
----------------- Invoking toplevel() on ptolemy.moml.MoMLSimpleApplication@62a33338
----------------- Done invoking toplevel() on ptolemy.moml.MoMLSimpleApplication@62a33338
reloadAllAccessors: .CycleOfImmediateTransitionsFSM

===========================================================================================
----------------- testing Wed Aug 12 15:25:29 UTC 2020 /home/travis/build/icyphy/ptII/ptolemy/domains/modal/test/auto/CycleOfImmediateTransitionsModal.xml
----------------- Instantiating /home/travis/build/icyphy/ptII/ptolemy/domains/modal/test/auto/CycleOfImmediateTransitionsModal.xml
3 ms. Memory: 193536K Free: 92259K (48%)
----------------- Invoking toplevel() on ptolemy.moml.MoMLSimpleApplication@1f06216f
----------------- Done invoking toplevel() on ptolemy.moml.MoMLSimpleApplication@1f06216f
reloadAllAccessors: .CycleOfImmediateTransitionsModal

===========================================================================================
----------------- testing Wed Aug 12 15:25:29 UTC 2020 /home/travis/build/icyphy/ptII/ptolemy/domains/modal/test/auto/CycleOfImmediateTransitionsModal2.xml
----------------- Instantiating /home/travis/build/icyphy/ptII/ptolemy/domains/modal/test/auto/CycleOfImmediateTransitionsModal2.xml
16 ms. Memory: 193536K Free: 85601K (44%)
----------------- Invoking toplevel() on ptolemy.moml.MoMLSimpleApplication@27f421a4
----------------- Done invoking toplevel() on ptolemy.moml.MoMLSimpleApplication@27f421a4
reloadAllAccessors: .CycleOfImmediateTransitionsModal2

===========================================================================================
----------------- testing Wed Aug 12 15:25:29 UTC 2020 /home/travis/build/icyphy/ptII/ptolemy/domains/modal/test/auto/CycleOfImmediateTransitionsModal3.xml
----------------- Instantiating /home/travis/build/icyphy/ptII/ptolemy/domains/modal/test/auto/CycleOfImmediateTransitionsModal3.xml
23 ms. Memory: 193536K Free: 172627K (89%)
----------------- Invoking toplevel() on ptolemy.moml.MoMLSimpleApplication@3d0a7554
----------------- Done invoking toplevel() on ptolemy.moml.MoMLSimpleApplication@3d0a7554
reloadAllAccessors: .CycleOfImmediateTransitionsModal3

===========================================================================================
----------------- testing Wed Aug 12 15:25:29 UTC 2020 /home/travis/build/icyphy/ptII/ptolemy/domains/modal/test/auto/DeepModal1.xml
----------------- Instantiating /home/travis/build/icyphy/ptII/ptolemy/domains/modal/test/auto/DeepModal1.xml
26 ms. Memory: 193536K Free: 158275K (82%)
----------------- Invoking toplevel() on ptolemy.moml.MoMLSimpleApplication@1caa653d
----------------- Done invoking toplevel() on ptolemy.moml.MoMLSimpleApplication@1caa653d
reloadAllAccessors: .DeepModal1

===========================================================================================
----------------- testing Wed Aug 12 15:25:29 UTC 2020 /home/travis/build/icyphy/ptII/ptolemy/domains/modal/test/auto/DeepModal2.xml
----------------- Instantiating /home/travis/build/icyphy/ptII/ptolemy/domains/modal/test/auto/DeepModal2.xml
24 ms. Memory: 193536K Free: 139873K (72%)
----------------- Invoking toplevel() on ptolemy.moml.MoMLSimpleApplication@551984ce
----------------- Done invoking toplevel() on ptolemy.moml.MoMLSimpleApplication@551984ce
reloadAllAccessors: .DeepModal2

===========================================================================================
----------------- testing Wed Aug 12 15:25:29 UTC 2020 /home/travis/build/icyphy/ptII/ptolemy/domains/modal/test/auto/DeepModal3.xml
----------------- Instantiating /home/travis/build/icyphy/ptII/ptolemy/domains/modal/test/auto/DeepModal3.xml
28 ms. Memory: 193536K Free: 120417K (62%)
----------------- Invoking toplevel() on ptolemy.moml.MoMLSimpleApplication@4dbcf8aa
----------------- Done invoking toplevel() on ptolemy.moml.MoMLSimpleApplication@4dbcf8aa
reloadAllAccessors: .DeepModal3

===========================================================================================
----------------- testing Wed Aug 12 15:25:30 UTC 2020 /home/travis/build/icyphy/ptII/ptolemy/domains/modal/test/auto/DeepModal4.xml
----------------- Instantiating /home/travis/build/icyphy/ptII/ptolemy/domains/modal/test/auto/DeepModal4.xml
29 ms. Memory: 193536K Free: 100961K (52%)
----------------- Invoking toplevel() on ptolemy.moml.MoMLSimpleApplication@69db4c7d
----------------- Done invoking toplevel() on ptolemy.moml.MoMLSimpleApplication@69db4c7d
reloadAllAccessors: .DeepModal4

===========================================================================================
----------------- testing Wed Aug 12 15:25:30 UTC 2020 /home/travis/build/icyphy/ptII/ptolemy/domains/modal/test/auto/Default1.xml
----------------- Instantiating /home/travis/build/icyphy/ptII/ptolemy/domains/modal/test/auto/Default1.xml
3 ms. Memory: 193536K Free: 94817K (49%)
----------------- Invoking toplevel() on ptolemy.moml.MoMLSimpleApplication@5277f8c0
----------------- Done invoking toplevel() on ptolemy.moml.MoMLSimpleApplication@5277f8c0
reloadAllAccessors: .Default1

===========================================================================================
----------------- testing Wed Aug 12 15:25:30 UTC 2020 /home/travis/build/icyphy/ptII/ptolemy/domains/modal/test/auto/Default2.xml
----------------- Instantiating /home/travis/build/icyphy/ptII/ptolemy/domains/modal/test/auto/Default2.xml
6 ms. Memory: 193536K Free: 89187K (46%)
----------------- Invoking toplevel() on ptolemy.moml.MoMLSimpleApplication@7682f429
----------------- Done invoking toplevel() on ptolemy.moml.MoMLSimpleApplication@7682f429
reloadAllAccessors: .Default2

===========================================================================================
----------------- testing Wed Aug 12 15:25:30 UTC 2020 /home/travis/build/icyphy/ptII/ptolemy/domains/modal/test/auto/Default3.xml
----------------- Instantiating /home/travis/build/icyphy/ptII/ptolemy/domains/modal/test/auto/Default3.xml
2 ms. Memory: 193536K Free: 83539K (43%)
----------------- Invoking toplevel() on ptolemy.moml.MoMLSimpleApplication@4a0d31cc
----------------- Done invoking toplevel() on ptolemy.moml.MoMLSimpleApplication@4a0d31cc
reloadAllAccessors: .Default3

===========================================================================================
----------------- testing Wed Aug 12 15:25:30 UTC 2020 /home/travis/build/icyphy/ptII/ptolemy/domains/modal/test/auto/Default4.xml
----------------- Instantiating /home/travis/build/icyphy/ptII/ptolemy/domains/modal/test/auto/Default4.xml
6 ms. Memory: 193536K Free: 76899K (40%)
----------------- Invoking toplevel() on ptolemy.moml.MoMLSimpleApplication@3d9a3e5
----------------- Done invoking toplevel() on ptolemy.moml.MoMLSimpleApplication@3d9a3e5
reloadAllAccessors: .Default4

===========================================================================================
----------------- testing Wed Aug 12 15:25:30 UTC 2020 /home/travis/build/icyphy/ptII/ptolemy/domains/modal/test/auto/Default5.xml
----------------- Instantiating /home/travis/build/icyphy/ptII/ptolemy/domains/modal/test/auto/Default5.xml
11 ms. Memory: 193536K Free: 68707K (36%)
----------------- Invoking toplevel() on ptolemy.moml.MoMLSimpleApplication@7070775
----------------- Done invoking toplevel() on ptolemy.moml.MoMLSimpleApplication@7070775
reloadAllAccessors: .Default5

===========================================================================================
----------------- testing Wed Aug 12 15:25:30 UTC 2020 /home/travis/build/icyphy/ptII/ptolemy/domains/modal/test/auto/EmptyGuard.xml
----------------- Instantiating /home/travis/build/icyphy/ptII/ptolemy/domains/modal/test/auto/EmptyGuard.xml
10 ms. Memory: 193536K Free: 171091K (88%)
----------------- Invoking toplevel() on ptolemy.moml.MoMLSimpleApplication@3c72e491
----------------- Done invoking toplevel() on ptolemy.moml.MoMLSimpleApplication@3c72e491
reloadAllAccessors: .EmptyGuard

===========================================================================================
----------------- testing Wed Aug 12 15:25:30 UTC 2020 /home/travis/build/icyphy/ptII/ptolemy/domains/modal/test/auto/ErrorTransition1.xml
----------------- Instantiating /home/travis/build/icyphy/ptII/ptolemy/domains/modal/test/auto/ErrorTransition1.xml
7 ms. Memory: 193536K Free: 162401K (84%)
----------------- Invoking toplevel() on ptolemy.moml.MoMLSimpleApplication@1fa030ba
----------------- Done invoking toplevel() on ptolemy.moml.MoMLSimpleApplication@1fa030ba
reloadAllAccessors: .ErrorTransition1

===========================================================================================
----------------- testing Wed Aug 12 15:25:30 UTC 2020 /home/travis/build/icyphy/ptII/ptolemy/domains/modal/test/auto/ErrorTransition10.xml
----------------- Instantiating /home/travis/build/icyphy/ptII/ptolemy/domains/modal/test/auto/ErrorTransition10.xml
11 ms. Memory: 193536K Free: 148563K (77%)
----------------- Invoking toplevel() on ptolemy.moml.MoMLSimpleApplication@7b60af96
----------------- Done invoking toplevel() on ptolemy.moml.MoMLSimpleApplication@7b60af96
reloadAllAccessors: .ErrorTransition10

===========================================================================================
----------------- testing Wed Aug 12 15:25:30 UTC 2020 /home/travis/build/icyphy/ptII/ptolemy/domains/modal/test/auto/ErrorTransition11.xml
----------------- Instantiating /home/travis/build/icyphy/ptII/ptolemy/domains/modal/test/auto/ErrorTransition11.xml
4 ms. Memory: 193536K Free: 137313K (71%)
----------------- Invoking toplevel() on ptolemy.moml.MoMLSimpleApplication@66901af0
----------------- Done invoking toplevel() on ptolemy.moml.MoMLSimpleApplication@66901af0
reloadAllAccessors: .ErrorTransition11

===========================================================================================
----------------- testing Wed Aug 12 15:25:30 UTC 2020 /home/travis/build/icyphy/ptII/ptolemy/domains/modal/test/auto/ErrorTransition2.xml
----------------- Instantiating /home/travis/build/icyphy/ptII/ptolemy/domains/modal/test/auto/ErrorTransition2.xml
6 ms. Memory: 193536K Free: 128097K (66%)
----------------- Invoking toplevel() on ptolemy.moml.MoMLSimpleApplication@1c6fd6a
----------------- Done invoking toplevel() on ptolemy.moml.MoMLSimpleApplication@1c6fd6a
reloadAllAccessors: .ErrorTransition2

===========================================================================================
----------------- testing Wed Aug 12 15:25:30 UTC 2020 /home/travis/build/icyphy/ptII/ptolemy/domains/modal/test/auto/ErrorTransition3.xml
----------------- Instantiating /home/travis/build/icyphy/ptII/ptolemy/domains/modal/test/auto/ErrorTransition3.xml
14 ms. Memory: 193536K Free: 118371K (61%)
----------------- Invoking toplevel() on ptolemy.moml.MoMLSimpleApplication@2d0ce3be
----------------- Done invoking toplevel() on ptolemy.moml.MoMLSimpleApplication@2d0ce3be
reloadAllAccessors: .ErrorTransition3

===========================================================================================
----------------- testing Wed Aug 12 15:25:30 UTC 2020 /home/travis/build/icyphy/ptII/ptolemy/domains/modal/test/auto/ErrorTransition4.xml
----------------- Instantiating /home/travis/build/icyphy/ptII/ptolemy/domains/modal/test/auto/ErrorTransition4.xml
10 ms. Memory: 193536K Free: 107107K (55%)
----------------- Invoking toplevel() on ptolemy.moml.MoMLSimpleApplication@3d2026cd
----------------- Done invoking toplevel() on ptolemy.moml.MoMLSimpleApplication@3d2026cd
reloadAllAccessors: .ErrorTransition4

===========================================================================================
----------------- testing Wed Aug 12 15:25:30 UTC 2020 /home/travis/build/icyphy/ptII/ptolemy/domains/modal/test/auto/ErrorTransition5.xml
----------------- Instantiating /home/travis/build/icyphy/ptII/ptolemy/domains/modal/test/auto/ErrorTransition5.xml
8 ms. Memory: 193536K Free: 96867K (50%)
----------------- Invoking toplevel() on ptolemy.moml.MoMLSimpleApplication@182401c
----------------- Done invoking toplevel() on ptolemy.moml.MoMLSimpleApplication@182401c
reloadAllAccessors: .ErrorTransition5

===========================================================================================
----------------- testing Wed Aug 12 15:25:30 UTC 2020 /home/travis/build/icyphy/ptII/ptolemy/domains/modal/test/auto/ErrorTransition6.xml
----------------- Instantiating /home/travis/build/icyphy/ptII/ptolemy/domains/modal/test/auto/ErrorTransition6.xml
8 ms. Memory: 193536K Free: 86113K (44%)
----------------- Invoking toplevel() on ptolemy.moml.MoMLSimpleApplication@5a7c7fa2
----------------- Done invoking toplevel() on ptolemy.moml.MoMLSimpleApplication@5a7c7fa2
reloadAllAccessors: .ErrorTransition6

===========================================================================================
----------------- testing Wed Aug 12 15:25:30 UTC 2020 /home/travis/build/icyphy/ptII/ptolemy/domains/modal/test/auto/ErrorTransition7.xml
----------------- Instantiating /home/travis/build/icyphy/ptII/ptolemy/domains/modal/test/auto/ErrorTransition7.xml
13 ms. Memory: 193536K Free: 73315K (38%)
----------------- Invoking toplevel() on ptolemy.moml.MoMLSimpleApplication@32b9d6b8
----------------- Done invoking toplevel() on ptolemy.moml.MoMLSimpleApplication@32b9d6b8
reloadAllAccessors: .ErrorTransition7

===========================================================================================
----------------- testing Wed Aug 12 15:25:30 UTC 2020 /home/travis/build/icyphy/ptII/ptolemy/domains/modal/test/auto/ErrorTransition8.xml
----------------- Instantiating /home/travis/build/icyphy/ptII/ptolemy/domains/modal/test/auto/ErrorTransition8.xml
37 ms. Memory: 232448K Free: 208481K (90%)
----------------- Invoking toplevel() on ptolemy.moml.MoMLSimpleApplication@2137e10c
----------------- Done invoking toplevel() on ptolemy.moml.MoMLSimpleApplication@2137e10c
reloadAllAccessors: .ErrorTransition8

===========================================================================================
----------------- testing Wed Aug 12 15:25:30 UTC 2020 /home/travis/build/icyphy/ptII/ptolemy/domains/modal/test/auto/ErrorTransition9.xml
----------------- Instantiating /home/travis/build/icyphy/ptII/ptolemy/domains/modal/test/auto/ErrorTransition9.xml
18 ms. Memory: 232448K Free: 195155K (84%)
----------------- Invoking toplevel() on ptolemy.moml.MoMLSimpleApplication@2a0eb2b2
----------------- Done invoking toplevel() on ptolemy.moml.MoMLSimpleApplication@2a0eb2b2
reloadAllAccessors: .ErrorTransition9

===========================================================================================
----------------- testing Wed Aug 12 15:25:30 UTC 2020 /home/travis/build/icyphy/ptII/ptolemy/domains/modal/test/auto/ExtendedFSM.xml
----------------- Instantiating /home/travis/build/icyphy/ptII/ptolemy/domains/modal/test/auto/ExtendedFSM.xml
9 ms. Memory: 232448K Free: 186963K (80%)
----------------- Invoking toplevel() on ptolemy.moml.MoMLSimpleApplication@69e71c
----------------- Done invoking toplevel() on ptolemy.moml.MoMLSimpleApplication@69e71c
reloadAllAccessors: .ExtendedFSM

===========================================================================================
----------------- testing Wed Aug 12 15:25:30 UTC 2020 /home/travis/build/icyphy/ptII/ptolemy/domains/modal/test/auto/FinalStates.xml
----------------- Instantiating /home/travis/build/icyphy/ptII/ptolemy/domains/modal/test/auto/FinalStates.xml
5 ms. Memory: 232448K Free: 178275K (77%)
----------------- Invoking toplevel() on ptolemy.moml.MoMLSimpleApplication@37e9c15d
----------------- Done invoking toplevel() on ptolemy.moml.MoMLSimpleApplication@37e9c15d
reloadAllAccessors: .FinalStates

===========================================================================================
----------------- testing Wed Aug 12 15:25:30 UTC 2020 /home/travis/build/icyphy/ptII/ptolemy/domains/modal/test/auto/FixedPointFSM.xml
----------------- Instantiating /home/travis/build/icyphy/ptII/ptolemy/domains/modal/test/auto/FixedPointFSM.xml
19 ms. Memory: 232448K Free: 163419K (70%)
----------------- Invoking toplevel() on ptolemy.moml.MoMLSimpleApplication@2d655dca
----------------- Done invoking toplevel() on ptolemy.moml.MoMLSimpleApplication@2d655dca
reloadAllAccessors: .FixedPointFSM

===========================================================================================
----------------- testing Wed Aug 12 15:25:30 UTC 2020 /home/travis/build/icyphy/ptII/ptolemy/domains/modal/test/auto/FixedPointIterationFSMActor.xml
----------------- Instantiating /home/travis/build/icyphy/ptII/ptolemy/domains/modal/test/auto/FixedPointIterationFSMActor.xml
8 ms. Memory: 232448K Free: 153179K (66%)
----------------- Invoking toplevel() on ptolemy.moml.MoMLSimpleApplication@680dea0b
----------------- Done invoking toplevel() on ptolemy.moml.MoMLSimpleApplication@680dea0b
reloadAllAccessors: .FixedPointIterationFSMActor

===========================================================================================
----------------- testing Wed Aug 12 15:25:30 UTC 2020 /home/travis/build/icyphy/ptII/ptolemy/domains/modal/test/auto/FixedPointIterationFSMActor2.xml
----------------- Instantiating /home/travis/build/icyphy/ptII/ptolemy/domains/modal/test/auto/FixedPointIterationFSMActor2.xml
9 ms. Memory: 232448K Free: 140891K (61%)
----------------- Invoking toplevel() on ptolemy.moml.MoMLSimpleApplication@482f361f
----------------- Done invoking toplevel() on ptolemy.moml.MoMLSimpleApplication@482f361f
reloadAllAccessors: .FixedPointIterationFSMActor2

===========================================================================================
----------------- testing Wed Aug 12 15:25:30 UTC 2020 /home/travis/build/icyphy/ptII/ptolemy/domains/modal/test/auto/ForbiddenInstantanousLoop.xml
----------------- Instantiating /home/travis/build/icyphy/ptII/ptolemy/domains/modal/test/auto/ForbiddenInstantanousLoop.xml
6 ms. Memory: 232448K Free: 129091K (56%)
----------------- Invoking toplevel() on ptolemy.moml.MoMLSimpleApplication@49fdbf9
----------------- Done invoking toplevel() on ptolemy.moml.MoMLSimpleApplication@49fdbf9
reloadAllAccessors: .ForbiddenInstantanousLoop

===========================================================================================
----------------- testing Wed Aug 12 15:25:30 UTC 2020 /home/travis/build/icyphy/ptII/ptolemy/domains/modal/test/auto/FunctionDependencyOfFSMActorTest.xml
----------------- Instantiating /home/travis/build/icyphy/ptII/ptolemy/domains/modal/test/auto/FunctionDependencyOfFSMActorTest.xml
12 ms. Memory: 232448K Free: 121955K (52%)
----------------- Invoking toplevel() on ptolemy.moml.MoMLSimpleApplication@d19bf19
----------------- Done invoking toplevel() on ptolemy.moml.MoMLSimpleApplication@d19bf19
reloadAllAccessors: .FunctionDependencyOfFSMActorTest

===========================================================================================
----------------- testing Wed Aug 12 15:25:30 UTC 2020 /home/travis/build/icyphy/ptII/ptolemy/domains/modal/test/auto/GuardExpression.xml
----------------- Instantiating /home/travis/build/icyphy/ptII/ptolemy/domains/modal/test/auto/GuardExpression.xml
1 ms. Memory: 232448K Free: 116835K (50%)
----------------- Invoking toplevel() on ptolemy.moml.MoMLSimpleApplication@617b53a3
----------------- Done invoking toplevel() on ptolemy.moml.MoMLSimpleApplication@617b53a3
reloadAllAccessors: .GuardExpression

===========================================================================================
----------------- testing Wed Aug 12 15:25:30 UTC 2020 /home/travis/build/icyphy/ptII/ptolemy/domains/modal/test/auto/GuardNotEvaluated.xml
----------------- Instantiating /home/travis/build/icyphy/ptII/ptolemy/domains/modal/test/auto/GuardNotEvaluated.xml
7 ms. Memory: 232448K Free: 108129K (47%)
----------------- Invoking toplevel() on ptolemy.moml.MoMLSimpleApplication@5bed5d3e
----------------- Done invoking toplevel() on ptolemy.moml.MoMLSimpleApplication@5bed5d3e
reloadAllAccessors: .GuardNotEvaluated

===========================================================================================
----------------- testing Wed Aug 12 15:25:30 UTC 2020 /home/travis/build/icyphy/ptII/ptolemy/domains/modal/test/auto/GuardNotEvaluated2.xml
----------------- Instantiating /home/travis/build/icyphy/ptII/ptolemy/domains/modal/test/auto/GuardNotEvaluated2.xml
7 ms. Memory: 232448K Free: 98899K (43%)
----------------- Invoking toplevel() on ptolemy.moml.MoMLSimpleApplication@7f3f82c2
----------------- Done invoking toplevel() on ptolemy.moml.MoMLSimpleApplication@7f3f82c2
reloadAllAccessors: .GuardNotEvaluated2

===========================================================================================
----------------- testing Wed Aug 12 15:25:31 UTC 2020 /home/travis/build/icyphy/ptII/ptolemy/domains/modal/test/auto/GuardOnAbsent.xml
----------------- Instantiating /home/travis/build/icyphy/ptII/ptolemy/domains/modal/test/auto/GuardOnAbsent.xml
8 ms. Memory: 232448K Free: 90691K (39%)
----------------- Invoking toplevel() on ptolemy.moml.MoMLSimpleApplication@7754ea17
----------------- Done invoking toplevel() on ptolemy.moml.MoMLSimpleApplication@7754ea17
reloadAllAccessors: .GuardOnAbsent

===========================================================================================
----------------- testing Wed Aug 12 15:25:31 UTC 2020 /home/travis/build/icyphy/ptII/ptolemy/domains/modal/test/auto/HierarchicalFSMTypeInference.xml
----------------- Instantiating /home/travis/build/icyphy/ptII/ptolemy/domains/modal/test/auto/HierarchicalFSMTypeInference.xml
5 ms. Memory: 232448K Free: 80481K (35%)
----------------- Invoking toplevel() on ptolemy.moml.MoMLSimpleApplication@6b81cdfc
----------------- Done invoking toplevel() on ptolemy.moml.MoMLSimpleApplication@6b81cdfc
reloadAllAccessors: .HierarchicalFSMTypeInference

===========================================================================================
----------------- testing Wed Aug 12 15:25:31 UTC 2020 /home/travis/build/icyphy/ptII/ptolemy/domains/modal/test/auto/Hysteresis.xml
----------------- Instantiating /home/travis/build/icyphy/ptII/ptolemy/domains/modal/test/auto/Hysteresis.xml
11 ms. Memory: 232448K Free: 200275K (86%)
----------------- Invoking toplevel() on ptolemy.moml.MoMLSimpleApplication@5448102b
----------------- Done invoking toplevel() on ptolemy.moml.MoMLSimpleApplication@5448102b
reloadAllAccessors: .Hysteresis

===========================================================================================
----------------- testing Wed Aug 12 15:25:31 UTC 2020 /home/travis/build/icyphy/ptII/ptolemy/domains/modal/test/auto/HysteresisWithDefault.xml
----------------- Instantiating /home/travis/build/icyphy/ptII/ptolemy/domains/modal/test/auto/HysteresisWithDefault.xml
38 ms. Memory: 232448K Free: 177251K (76%)
----------------- Invoking toplevel() on ptolemy.moml.MoMLSimpleApplication@2f799b9b
----------------- Done invoking toplevel() on ptolemy.moml.MoMLSimpleApplication@2f799b9b
reloadAllAccessors: .HysteresisWithDefault

===========================================================================================
----------------- testing Wed Aug 12 15:25:31 UTC 2020 /home/travis/build/icyphy/ptII/ptolemy/domains/modal/test/auto/HysteresisWithDefault2.xml
----------------- Instantiating /home/travis/build/icyphy/ptII/ptolemy/domains/modal/test/auto/HysteresisWithDefault2.xml
43 ms. Memory: 232448K Free: 147553K (63%)
----------------- Invoking toplevel() on ptolemy.moml.MoMLSimpleApplication@526b706c
----------------- Done invoking toplevel() on ptolemy.moml.MoMLSimpleApplication@526b706c
reloadAllAccessors: .HysteresisWithDefault2

===========================================================================================
----------------- testing Wed Aug 12 15:25:31 UTC 2020 /home/travis/build/icyphy/ptII/ptolemy/domains/modal/test/auto/ImmediateNonConstructiveness.xml
----------------- Instantiating /home/travis/build/icyphy/ptII/ptolemy/domains/modal/test/auto/ImmediateNonConstructiveness.xml
3 ms. Memory: 232448K Free: 140387K (60%)
----------------- Invoking toplevel() on ptolemy.moml.MoMLSimpleApplication@3ba95970
----------------- Done invoking toplevel() on ptolemy.moml.MoMLSimpleApplication@3ba95970
reloadAllAccessors: .ImmediateNonConstructiveness

===========================================================================================
----------------- testing Wed Aug 12 15:25:31 UTC 2020 /home/travis/build/icyphy/ptII/ptolemy/domains/modal/test/auto/ImmediateNonConstructiveness2.xml
----------------- Instantiating /home/travis/build/icyphy/ptII/ptolemy/domains/modal/test/auto/ImmediateNonConstructiveness2.xml
2 ms. Memory: 232448K Free: 133729K (58%)
----------------- Invoking toplevel() on ptolemy.moml.MoMLSimpleApplication@36709831
----------------- Done invoking toplevel() on ptolemy.moml.MoMLSimpleApplication@36709831
reloadAllAccessors: .ImmediateNonConstructiveness2

===========================================================================================
----------------- testing Wed Aug 12 15:25:31 UTC 2020 /home/travis/build/icyphy/ptII/ptolemy/domains/modal/test/auto/ImmediateTransitionReset.xml
----------------- Instantiating /home/travis/build/icyphy/ptII/ptolemy/domains/modal/test/auto/ImmediateTransitionReset.xml
6 ms. Memory: 232448K Free: 121955K (52%)
----------------- Invoking toplevel() on ptolemy.moml.MoMLSimpleApplication@55985984
----------------- Done invoking toplevel() on ptolemy.moml.MoMLSimpleApplication@55985984
reloadAllAccessors: .ImmediateTransitionReset

===========================================================================================
----------------- testing Wed Aug 12 15:25:31 UTC 2020 /home/travis/build/icyphy/ptII/ptolemy/domains/modal/test/auto/ImmediateTransitions1.xml
----------------- Instantiating /home/travis/build/icyphy/ptII/ptolemy/domains/modal/test/auto/ImmediateTransitions1.xml
1 ms. Memory: 232448K Free: 116835K (50%)
----------------- Invoking toplevel() on ptolemy.moml.MoMLSimpleApplication@437774a4
----------------- Done invoking toplevel() on ptolemy.moml.MoMLSimpleApplication@437774a4
reloadAllAccessors: .ImmediateTransitions1

===========================================================================================
----------------- testing Wed Aug 12 15:25:31 UTC 2020 /home/travis/build/icyphy/ptII/ptolemy/domains/modal/test/auto/ImmediateTransitionsInstantaneousCommunication.xml
----------------- Instantiating /home/travis/build/icyphy/ptII/ptolemy/domains/modal/test/auto/ImmediateTransitionsInstantaneousCommunication.xml
4 ms. Memory: 232448K Free: 104547K (45%)
----------------- Invoking toplevel() on ptolemy.moml.MoMLSimpleApplication@1176c028
----------------- Done invoking toplevel() on ptolemy.moml.MoMLSimpleApplication@1176c028
reloadAllAccessors: .ImmediateTransitionsInstantaneousCommunication

===========================================================================================
----------------- testing Wed Aug 12 15:25:31 UTC 2020 /home/travis/build/icyphy/ptII/ptolemy/domains/modal/test/auto/InitialImmediateTransition.xml
----------------- Instantiating /home/travis/build/icyphy/ptII/ptolemy/domains/modal/test/auto/InitialImmediateTransition.xml
4 ms. Memory: 232448K Free: 97379K (42%)
----------------- Invoking toplevel() on ptolemy.moml.MoMLSimpleApplication@3a368a2
----------------- Done invoking toplevel() on ptolemy.moml.MoMLSimpleApplication@3a368a2
reloadAllAccessors: .InitialImmediateTransition

===========================================================================================
----------------- testing Wed Aug 12 15:25:31 UTC 2020 /home/travis/build/icyphy/ptII/ptolemy/domains/modal/test/auto/InitialOutputs.xml
----------------- Instantiating /home/travis/build/icyphy/ptII/ptolemy/domains/modal/test/auto/InitialOutputs.xml
5 ms. Memory: 232448K Free: 90707K (39%)
----------------- Invoking toplevel() on ptolemy.moml.MoMLSimpleApplication@668f5a6
----------------- Done invoking toplevel() on ptolemy.moml.MoMLSimpleApplication@668f5a6
reloadAllAccessors: .InitialOutputs

===========================================================================================
----------------- testing Wed Aug 12 15:25:31 UTC 2020 /home/travis/build/icyphy/ptII/ptolemy/domains/modal/test/auto/InitialStateTransition1.xml
----------------- Instantiating /home/travis/build/icyphy/ptII/ptolemy/domains/modal/test/auto/InitialStateTransition1.xml
3 ms. Memory: 232448K Free: 83553K (36%)
----------------- Invoking toplevel() on ptolemy.moml.MoMLSimpleApplication@21d4c92f
----------------- Done invoking toplevel() on ptolemy.moml.MoMLSimpleApplication@21d4c92f
reloadAllAccessors: .InitialStateTransition1

===========================================================================================
----------------- testing Wed Aug 12 15:25:31 UTC 2020 /home/travis/build/icyphy/ptII/ptolemy/domains/modal/test/auto/InitialStateTransition2.xml
----------------- Instantiating /home/travis/build/icyphy/ptII/ptolemy/domains/modal/test/auto/InitialStateTransition2.xml
.InitialStateTransition2.TestExceptionAttributeNonConstructive: initialize() was not invoked, but wrapup() was.  This is unusual, but not always a problem.  For example, exporting JNLP will do this.
1 ms. Memory: 232448K Free: 208993K (90%)
----------------- Invoking toplevel() on ptolemy.moml.MoMLSimpleApplication@45753d03
----------------- Done invoking toplevel() on ptolemy.moml.MoMLSimpleApplication@45753d03
reloadAllAccessors: .InitialStateTransition2

===========================================================================================
----------------- testing Wed Aug 12 15:25:31 UTC 2020 /home/travis/build/icyphy/ptII/ptolemy/domains/modal/test/auto/InitialStateTransition3.xml
----------------- Instantiating /home/travis/build/icyphy/ptII/ptolemy/domains/modal/test/auto/InitialStateTransition3.xml
4 ms. Memory: 232448K Free: 200801K (86%)
----------------- Invoking toplevel() on ptolemy.moml.MoMLSimpleApplication@62b0e23e
----------------- Done invoking toplevel() on ptolemy.moml.MoMLSimpleApplication@62b0e23e
reloadAllAccessors: .InitialStateTransition3

===========================================================================================
----------------- testing Wed Aug 12 15:25:31 UTC 2020 /home/travis/build/icyphy/ptII/ptolemy/domains/modal/test/auto/InitialStateTransition4.xml
----------------- Instantiating /home/travis/build/icyphy/ptII/ptolemy/domains/modal/test/auto/InitialStateTransition4.xml
3 ms. Memory: 232448K Free: 191585K (82%)
----------------- Invoking toplevel() on ptolemy.moml.MoMLSimpleApplication@5068c2f5
----------------- Done invoking toplevel() on ptolemy.moml.MoMLSimpleApplication@5068c2f5
reloadAllAccessors: .InitialStateTransition4

[...]
reloadAllAccessors: .TerminationTransition3

===========================================================================================
----------------- testing Wed Aug 12 15:25:33 UTC 2020 /home/travis/build/icyphy/ptII/ptolemy/domains/modal/test/auto/TerminationTransition4.xml
----------------- Instantiating /home/travis/build/icyphy/ptII/ptolemy/domains/modal/test/auto/TerminationTransition4.xml
5 ms. Memory: 292864K Free: 270565K (92%)
----------------- Invoking toplevel() on ptolemy.moml.MoMLSimpleApplication@1afaebdb
----------------- Done invoking toplevel() on ptolemy.moml.MoMLSimpleApplication@1afaebdb
reloadAllAccessors: .TerminationTransition4

===========================================================================================
----------------- testing Wed Aug 12 15:25:33 UTC 2020 /home/travis/build/icyphy/ptII/ptolemy/domains/modal/test/auto/TerminationTransition5.xml
----------------- Instantiating /home/travis/build/icyphy/ptII/ptolemy/domains/modal/test/auto/TerminationTransition5.xml
2 ms. Memory: 292864K Free: 256607K (88%)
----------------- Invoking toplevel() on ptolemy.moml.MoMLSimpleApplication@7acd5a4
----------------- Done invoking toplevel() on ptolemy.moml.MoMLSimpleApplication@7acd5a4
reloadAllAccessors: .TerminationTransition5

===========================================================================================
----------------- testing Wed Aug 12 15:25:33 UTC 2020 /home/travis/build/icyphy/ptII/ptolemy/domains/modal/test/auto/TerminationTransition6.xml
----------------- Instantiating /home/travis/build/icyphy/ptII/ptolemy/domains/modal/test/auto/TerminationTransition6.xml
1 ms. Memory: 292864K Free: 248415K (85%)
----------------- Invoking toplevel() on ptolemy.moml.MoMLSimpleApplication@48f228db
----------------- Done invoking toplevel() on ptolemy.moml.MoMLSimpleApplication@48f228db
reloadAllAccessors: .TerminationTransition6

===========================================================================================
----------------- testing Wed Aug 12 15:25:33 UTC 2020 /home/travis/build/icyphy/ptII/ptolemy/domains/modal/test/auto/TerminationTransition7.xml
----------------- Instantiating /home/travis/build/icyphy/ptII/ptolemy/domains/modal/test/auto/TerminationTransition7.xml
2 ms. Memory: 292864K Free: 239199K (82%)
----------------- Invoking toplevel() on ptolemy.moml.MoMLSimpleApplication@6387edfb
----------------- Done invoking toplevel() on ptolemy.moml.MoMLSimpleApplication@6387edfb
reloadAllAccessors: .TerminationTransition7

===========================================================================================
----------------- testing Wed Aug 12 15:25:33 UTC 2020 /home/travis/build/icyphy/ptII/ptolemy/domains/modal/test/auto/TerminationTransition8.xml
----------------- Instantiating /home/travis/build/icyphy/ptII/ptolemy/domains/modal/test/auto/TerminationTransition8.xml
1 ms. Memory: 292864K Free: 229983K (79%)
----------------- Invoking toplevel() on ptolemy.moml.MoMLSimpleApplication@1eabd122
----------------- Done invoking toplevel() on ptolemy.moml.MoMLSimpleApplication@1eabd122
reloadAllAccessors: .TerminationTransition8

===========================================================================================
----------------- testing Wed Aug 12 15:25:33 UTC 2020 /home/travis/build/icyphy/ptII/ptolemy/domains/modal/test/auto/Thermostat_NoHysteresis.xml
----------------- Instantiating /home/travis/build/icyphy/ptII/ptolemy/domains/modal/test/auto/Thermostat_NoHysteresis.xml
21 ms. Memory: 292864K Free: 205401K (70%)
----------------- Invoking toplevel() on ptolemy.moml.MoMLSimpleApplication@7528799f
----------------- Done invoking toplevel() on ptolemy.moml.MoMLSimpleApplication@7528799f
reloadAllAccessors: .Thermostat_NoHysteresis

===========================================================================================
----------------- testing Wed Aug 12 15:25:33 UTC 2020 /home/travis/build/icyphy/ptII/ptolemy/domains/modal/test/auto/TimedFSM.xml
----------------- Instantiating /home/travis/build/icyphy/ptII/ptolemy/domains/modal/test/auto/TimedFSM.xml
7 ms. Memory: 292864K Free: 194129K (66%)
----------------- Invoking toplevel() on ptolemy.moml.MoMLSimpleApplication@3cdd6834
----------------- Done invoking toplevel() on ptolemy.moml.MoMLSimpleApplication@3cdd6834
reloadAllAccessors: .TimedFSM

===========================================================================================
----------------- testing Wed Aug 12 15:25:33 UTC 2020 /home/travis/build/icyphy/ptII/ptolemy/domains/modal/test/auto/Timeout1.xml
----------------- Instantiating /home/travis/build/icyphy/ptII/ptolemy/domains/modal/test/auto/Timeout1.xml
3 ms. Memory: 292864K Free: 187985K (64%)
----------------- Invoking toplevel() on ptolemy.moml.MoMLSimpleApplication@556eb53a
----------------- Done invoking toplevel() on ptolemy.moml.MoMLSimpleApplication@556eb53a
reloadAllAccessors: .Timeout1

===========================================================================================
----------------- testing Wed Aug 12 15:25:33 UTC 2020 /home/travis/build/icyphy/ptII/ptolemy/domains/modal/test/auto/Timeout2.xml
----------------- Instantiating /home/travis/build/icyphy/ptII/ptolemy/domains/modal/test/auto/Timeout2.xml
8 ms. Memory: 292864K Free: 179297K (61%)
----------------- Invoking toplevel() on ptolemy.moml.MoMLSimpleApplication@72a4e9dc
----------------- Done invoking toplevel() on ptolemy.moml.MoMLSimpleApplication@72a4e9dc
reloadAllAccessors: .Timeout2

===========================================================================================
----------------- testing Wed Aug 12 15:25:33 UTC 2020 /home/travis/build/icyphy/ptII/ptolemy/domains/modal/test/auto/Timeout3.xml
----------------- Instantiating /home/travis/build/icyphy/ptII/ptolemy/domains/modal/test/auto/Timeout3.xml
3 ms. Memory: 292864K Free: 174177K (59%)
----------------- Invoking toplevel() on ptolemy.moml.MoMLSimpleApplication@4c0c1247
----------------- Done invoking toplevel() on ptolemy.moml.MoMLSimpleApplication@4c0c1247
reloadAllAccessors: .Timeout3

===========================================================================================
----------------- testing Wed Aug 12 15:25:33 UTC 2020 /home/travis/build/icyphy/ptII/ptolemy/domains/modal/test/auto/Timeout4.xml
----------------- Instantiating /home/travis/build/icyphy/ptII/ptolemy/domains/modal/test/auto/Timeout4.xml
1 ms. Memory: 292864K Free: 169057K (58%)
----------------- Invoking toplevel() on ptolemy.moml.MoMLSimpleApplication@2606c803
----------------- Done invoking toplevel() on ptolemy.moml.MoMLSimpleApplication@2606c803
reloadAllAccessors: .Timeout4

===========================================================================================
----------------- testing Wed Aug 12 15:25:33 UTC 2020 /home/travis/build/icyphy/ptII/ptolemy/domains/modal/test/auto/TransientstateModelAdvanced.xml
----------------- Instantiating /home/travis/build/icyphy/ptII/ptolemy/domains/modal/test/auto/TransientstateModelAdvanced.xml
3 ms. Memory: 292864K Free: 156769K (54%)
----------------- Invoking toplevel() on ptolemy.moml.MoMLSimpleApplication@14548cd9
----------------- Done invoking toplevel() on ptolemy.moml.MoMLSimpleApplication@14548cd9
reloadAllAccessors: .TransientstateModelAdvanced

===========================================================================================
----------------- testing Wed Aug 12 15:25:33 UTC 2020 /home/travis/build/icyphy/ptII/ptolemy/domains/modal/test/auto/TransientstateModelAdvanced2.xml
----------------- Instantiating /home/travis/build/icyphy/ptII/ptolemy/domains/modal/test/auto/TransientstateModelAdvanced2.xml
3 ms. Memory: 292864K Free: 142433K (49%)
----------------- Invoking toplevel() on ptolemy.moml.MoMLSimpleApplication@78043bf2
----------------- Done invoking toplevel() on ptolemy.moml.MoMLSimpleApplication@78043bf2
reloadAllAccessors: .transientstatemodelAdvanced

===========================================================================================
----------------- testing Wed Aug 12 15:25:33 UTC 2020 /home/travis/build/icyphy/ptII/ptolemy/domains/modal/test/auto/TransitionRefinements.xml
----------------- Instantiating /home/travis/build/icyphy/ptII/ptolemy/domains/modal/test/auto/TransitionRefinements.xml
6 ms. Memory: 292864K Free: 132689K (45%)
----------------- Invoking toplevel() on ptolemy.moml.MoMLSimpleApplication@1afa92bd
----------------- Done invoking toplevel() on ptolemy.moml.MoMLSimpleApplication@1afa92bd
reloadAllAccessors: .TransitionRefinements

===========================================================================================
----------------- testing Wed Aug 12 15:25:33 UTC 2020 /home/travis/build/icyphy/ptII/ptolemy/domains/modal/test/auto/TwoRefinements1.xml
----------------- Instantiating /home/travis/build/icyphy/ptII/ptolemy/domains/modal/test/auto/TwoRefinements1.xml
3 ms. Memory: 292864K Free: 122977K (42%)
----------------- Invoking toplevel() on ptolemy.moml.MoMLSimpleApplication@58464d0
----------------- Done invoking toplevel() on ptolemy.moml.MoMLSimpleApplication@58464d0
reloadAllAccessors: .TwoRefinements1

===========================================================================================
----------------- testing Wed Aug 12 15:25:33 UTC 2020 /home/travis/build/icyphy/ptII/ptolemy/domains/modal/test/auto/TwoRefinements2.xml
----------------- Instantiating /home/travis/build/icyphy/ptII/ptolemy/domains/modal/test/auto/TwoRefinements2.xml
2 ms. Memory: 292864K Free: 112737K (38%)
----------------- Invoking toplevel() on ptolemy.moml.MoMLSimpleApplication@12429763
----------------- Done invoking toplevel() on ptolemy.moml.MoMLSimpleApplication@12429763
reloadAllAccessors: .TwoRefinements2

===========================================================================================
----------------- testing Wed Aug 12 15:25:33 UTC 2020 /home/travis/build/icyphy/ptII/ptolemy/domains/modal/test/auto/WeakImmediateTransition.xml
----------------- Instantiating /home/travis/build/icyphy/ptII/ptolemy/domains/modal/test/auto/WeakImmediateTransition.xml
6 ms. Memory: 292864K Free: 104031K (36%)
----------------- Invoking toplevel() on ptolemy.moml.MoMLSimpleApplication@2e8965eb
----------------- Done invoking toplevel() on ptolemy.moml.MoMLSimpleApplication@2e8965eb
reloadAllAccessors: .WeakImmediateTransition

===========================================================================================
----------------- testing Wed Aug 12 15:25:33 UTC 2020 /home/travis/build/icyphy/ptII/ptolemy/domains/modal/test/auto/booleanSelect.xml
----------------- Instantiating /home/travis/build/icyphy/ptII/ptolemy/domains/modal/test/auto/booleanSelect.xml
34 ms. Memory: 292864K Free: 257317K (88%)
----------------- Invoking toplevel() on ptolemy.moml.MoMLSimpleApplication@60c1bb0f
----------------- Done invoking toplevel() on ptolemy.moml.MoMLSimpleApplication@60c1bb0f
reloadAllAccessors: .booleanSelect

===========================================================================================
----------------- testing Wed Aug 12 15:25:33 UTC 2020 /home/travis/build/icyphy/ptII/ptolemy/domains/modal/test/auto/modalChangingParams.xml
----------------- Instantiating /home/travis/build/icyphy/ptII/ptolemy/domains/modal/test/auto/modalChangingParams.xml
0
1
0
2
4
6
8
7
0
2
4
6
8
13
0
2
4
6
8
19
0
2
4
6
8
25
0
2
4
6
8
31
0
2
4
6
8
37
0
2
4
6
8
43
0
2
4
6
8
49
0
2
4
6
8
55
0
2
4
6
8
61
0
2
4
6
8
67
0
2
4
6
8
73
0
2
4
6
8
79
0
2
4
6
8
85
0
2
4
6
8
91
0
2
4
6
8
97
0
2
4
6
8
103
0
2
4
6
8
109
0
2
4
6
8
115
0
2
4
6
8
121
0
2
4
6
8
127
0
2
4
6
8
133
0
2
4
6
8
139
0
2
4
6
8
145
0
2
4
6
8
151
0
2
4
6
8
157
0
2
4
6
8
163
0
2
4
6
8
169
0
2
4
6
8
175
0
2
4
6
8
181
0
2
4
6
8
187
0
2
4
6
8
193
0
2
4
6
8
199
0
2
4
6
8
205
0
2
4
6
8
211
0
2
4
6
8
217
0
2
4
6
8
223
0
2
4
6
8
229
0
2
4
6
8
235
0
2
4
6
8
241
0
2
4
6
8
247
0
2
4
6
8
253
0
2
4
6
8
259
0
2
4
6
8
265
0
2
4
6
8
271
0
2
4
6
8
277
0
2
4
6
8
283
0
2
4
6
8
289
0
2
4
6
8
295
0
2
4
6
8
301
0
2
4
6
8
307
0
2
4
6
8
313
0
2
4
6
8
319
0
2
4
6
8
325
0
2
4
6
8
331
0
2
4
6
8
337
0
2
4
6
8
343
0
2
4
6
8
349
0
2
4
6
8
355
0
2
4
6
8
361
0
2
4
6
8
367
0
2
4
6
8
373
0
2
4
6
8
379
0
2
4
6
8
385
0
2
4
6
8
391
0
2
4
6
8
397
0
2
4
6
8
403
0
2
4
6
8
409
0
2
4
6
8
415
0
2
4
6
8
421
0
2
4
6
8
427
0
2
4
6
8
433
0
2
4
6
8
439
0
2
4
6
8
445
0
2
4
6
8
451
0
2
4
6
8
457
0
2
4
6
8
463
0
2
4
6
8
469
0
2
4
6
8
475
0
2
4
6
8
481
0
2
4
6
8
487
0
2
4
6
8
493
0
2
4
6
8
499
0
2
4
6
8
505
0
2
4
6
8
511
0
2
4
6
8
517
0
2
4
6
8
523
0
2
4
6
8
529
0
2
4
6
8
535
0
2
4
6
8
541
0
2
4
6
8
547
0
2
4
6
8
553
0
2
4
6
8
559
0
2
4
6
8
565
0
2
4
6
8
571
0
2
4
6
8
577
0
2
4
6
8
583
0
2
4
6
8
589
0
2
4
6
8
595
0
2
4
6
8
601
0
2
4
6
8
607
0
2
4
6
8
613
0
2
4
6
8
619
0
2
4
6
8
625
0
2
4
6
8
631
0
2
4
6
8
637
0
2
4
6
8
643
0
2
4
6
8
649
0
2
4
6
8
655
0
2
4
6
8
661
0
2
4
6
8
667
0
2
4
6
8
673
0
2
4
6
8
679
0
2
4
6
8
685
0
2
4
6
8
691
0
2
4
6
8
697
0
2
4
6
8
703
0
2
4
6
8
709
0
2
4
6
8
715
0
2
4
6
8
721
0
2
4
6
8
727
0
2
4
6
8
733
0
2
4
6
8
739
0
2
4
6
8
745
0
2
4
6
8
751
0
2
4
6
8
757
0
2
4
6
8
763
0
2
4
6
8
769
0
2
4
6
8
775
0
2
4
6
8
781
0
2
4
6
8
787
0
2
4
6
8
793
0
2
4
6
8
799
0
2
4
6
8
805
0
2
4
6
8
811
0
2
4
6
8
817
0
2
4
6
8
823
0
2
4
6
8
829
0
2
4
6
8
835
0
2
4
6
8
841
0
2
4
6
8
847
0
2
4
6
8
853
0
2
4
6
8
859
0
2
4
6
8
865
0
2
4
6
8
871
0
2
4
6
8
877
0
2
4
6
8
883
0
2
4
6
8
889
0
2
4
6
8
895
0
2
4
6
8
901
0
2
4
6
8
907
0
2
4
6
8
913
0
2
4
6
8
919
0
2
4
6
8
925
0
2
4
6
8
931
0
2
4
6
8
937
0
2
4
6
8
943
0
2
4
6
8
949
0
2
4
6
8
955
0
2
4
6
8
961
0
2
4
6
8
967
0
2
4
6
8
973
0
2
4
6
8
979
0
2
4
6
8
985
0
2
4
6
8
991
0
2
4
6
8
997
0
2
238 ms. Memory: 292864K Free: 142629K (49%)
----------------- Invoking toplevel() on ptolemy.moml.MoMLSimpleApplication@52cf7ccc
----------------- Done invoking toplevel() on ptolemy.moml.MoMLSimpleApplication@52cf7ccc
reloadAllAccessors: .modalChangingParams

===========================================================================================
----------------- testing Wed Aug 12 15:25:34 UTC 2020 /home/travis/build/icyphy/ptII/ptolemy/domains/modal/test/auto/modalModel.xml
----------------- Instantiating /home/travis/build/icyphy/ptII/ptolemy/domains/modal/test/auto/modalModel.xml
12 ms. Memory: 292864K Free: 133909K (46%)
----------------- Invoking toplevel() on ptolemy.moml.MoMLSimpleApplication@19eeeb0f
----------------- Done invoking toplevel() on ptolemy.moml.MoMLSimpleApplication@19eeeb0f
reloadAllAccessors: .modalModel

===========================================================================================
----------------- testing Wed Aug 12 15:25:34 UTC 2020 /home/travis/build/icyphy/ptII/ptolemy/domains/modal/test/auto/modalModel2.xml
----------------- Instantiating /home/travis/build/icyphy/ptII/ptolemy/domains/modal/test/auto/modalModel2.xml
9 ms. Memory: 292864K Free: 123173K (42%)
----------------- Invoking toplevel() on ptolemy.moml.MoMLSimpleApplication@641cc2c4
----------------- Done invoking toplevel() on ptolemy.moml.MoMLSimpleApplication@641cc2c4
reloadAllAccessors: .modalModel2

===========================================================================================
----------------- testing Wed Aug 12 15:25:34 UTC 2020 /home/travis/build/icyphy/ptII/ptolemy/domains/modal/test/auto/modalModel3.xml
----------------- Instantiating /home/travis/build/icyphy/ptII/ptolemy/domains/modal/test/auto/modalModel3.xml
0	0	0
1	0	1
4	2	2
7	4	3
10	6	4
5	0	5
8	2	6
11	4	7
14	6	8
9	0	9
12	2	10
15	4	11
18	6	12
13	0	13
16	2	14
13 ms. Memory: 292864K Free: 108837K (37%)
----------------- Invoking toplevel() on ptolemy.moml.MoMLSimpleApplication@6c14d01a
----------------- Done invoking toplevel() on ptolemy.moml.MoMLSimpleApplication@6c14d01a
reloadAllAccessors: .modalModel3

===========================================================================================
----------------- testing Wed Aug 12 15:25:34 UTC 2020 /home/travis/build/icyphy/ptII/ptolemy/domains/modal/test/auto/model1.xml
----------------- Instantiating /home/travis/build/icyphy/ptII/ptolemy/domains/modal/test/auto/model1.xml
11 ms. Memory: 292864K Free: 103189K (35%)
----------------- Invoking toplevel() on ptolemy.moml.MoMLSimpleApplication@7d9d5d54
----------------- Done invoking toplevel() on ptolemy.moml.MoMLSimpleApplication@7d9d5d54
reloadAllAccessors: .model1

===========================================================================================
----------------- testing Wed Aug 12 15:25:34 UTC 2020 /home/travis/build/icyphy/ptII/ptolemy/domains/modal/test/auto/test-direct-in-out.xml
----------------- Instantiating /home/travis/build/icyphy/ptII/ptolemy/domains/modal/test/auto/test-direct-in-out.xml
8 ms. Memory: 352256K Free: 326559K (93%)
----------------- Invoking toplevel() on ptolemy.moml.MoMLSimpleApplication@34a89058
----------------- Done invoking toplevel() on ptolemy.moml.MoMLSimpleApplication@34a89058
reloadAllAccessors: .test-direct-in-out
AutoTests.java: About to close Vertx.
AutoTests.java: Vertx closed.
]]></system-out>
  <system-err><![CDATA[java.lang.RuntimeException: Execution failed
	at ptolemy.moml.MoMLSimpleApplication$UnloadThread.run(MoMLSimpleApplication.java:402)
Caused by: ptolemy.kernel.util.IllegalActionException: Unknown inputs remain. Possible causality loop:
L_model_1893289564i

  in .CannotAnalysisWithPreemption.model_1893289564_region_1 and .CannotAnalysisWithPreemption.model_1893289564_region_1.L_model_1893289564i
	at ptolemy.actor.sched.FixedPointDirector.postfire(FixedPointDirector.java:515)
	at ptolemy.domains.sr.kernel.SRDirector.postfire(SRDirector.java:417)
	at ptolemy.actor.CompositeActor.postfire(CompositeActor.java:1668)
	at ptolemy.actor.Manager.iterate(Manager.java:852)
	at ptolemy.actor.Manager.execute(Manager.java:369)
	at ptolemy.actor.Manager.run(Manager.java:1263)
	at ptolemy.actor.Manager$PtolemyRunThread.run(Manager.java:1933)
java.lang.reflect.InvocationTargetException
	at java.base/jdk.internal.reflect.NativeConstructorAccessorImpl.newInstance0(Native Method)
	at java.base/jdk.internal.reflect.NativeConstructorAccessorImpl.newInstance(NativeConstructorAccessorImpl.java:62)
	at java.base/jdk.internal.reflect.DelegatingConstructorAccessorImpl.newInstance(DelegatingConstructorAccessorImpl.java:45)
	at java.base/java.lang.reflect.Constructor.newInstance(Constructor.java:490)
	at ptolemy.util.test.junit.AutoKnownFailedTests.RunModel(AutoKnownFailedTests.java:105)
	at java.base/jdk.internal.reflect.NativeMethodAccessorImpl.invoke0(Native Method)
	at java.base/jdk.internal.reflect.NativeMethodAccessorImpl.invoke(NativeMethodAccessorImpl.java:62)
	at java.base/jdk.internal.reflect.DelegatingMethodAccessorImpl.invoke(DelegatingMethodAccessorImpl.java:43)
	at java.base/java.lang.reflect.Method.invoke(Method.java:566)
	at org.junit.runners.model.FrameworkMethod$1.runReflectiveCall(FrameworkMethod.java:44)
	at org.junit.internal.runners.model.ReflectiveCallable.run(ReflectiveCallable.java:15)
	at org.junit.runners.model.FrameworkMethod.invokeExplosively(FrameworkMethod.java:41)
	at junitparams.internal.InvokeParameterisedMethod.evaluate(InvokeParameterisedMethod.java:102)
	at org.junit.internal.runners.statements.FailOnTimeout$1.run(FailOnTimeout.java:28)
Caused by: ptolemy.kernel.util.IllegalActionException: Unknown inputs remain. Possible causality loop:
L_model_1893289564i

  in .CannotAnalysisWithPreemption.model_1893289564_region_1 and .CannotAnalysisWithPreemption.model_1893289564_region_1.L_model_1893289564i
	at ptolemy.actor.sched.FixedPointDirector.postfire(FixedPointDirector.java:515)
	at ptolemy.domains.sr.kernel.SRDirector.postfire(SRDirector.java:417)
	at ptolemy.actor.CompositeActor.postfire(CompositeActor.java:1668)
	at ptolemy.actor.Manager.iterate(Manager.java:852)
	at ptolemy.actor.Manager.execute(Manager.java:369)
	at ptolemy.actor.Manager.run(Manager.java:1263)
	at ptolemy.actor.Manager$PtolemyRunThread.run(Manager.java:1933)
]]></system-err>
</testsuite>
