<?xml version="1.0" encoding="UTF-8" ?>
<testsuite errors="0" failures="0" hostname="travis-job-38b86369-43fc-4000-b41d-e222d42f395d" name="ptolemy.domains.hdf.kernel.test.junit.JUnitTclTest" skipped="0" tests="39" time="6.249" timestamp="2019-11-01T06:13:07">
  <properties>
[...]
</properties>
  <testcase classname="ptolemy.util.test.junit.TclTests" name="[0] /home/travis/build/icyphy/ptII/ptolemy/domains/hdf/kernel/test/RateErrorChecking.tcl (RunTclFile)" time="0.16" />
  <testcase classname="ptolemy.util.test.junit.AutoKnownFailedTests" name="[0] /home/travis/build/icyphy/ptII/ptolemy/domains/hdf/kernel/test/auto/knownFailedTests/badFSMRateChanges.xml (RunModel)" time="0.739" />
  <testcase classname="ptolemy.util.test.junit.AutoNameArchTests" name="[0] ThereAreNoAutoArchTests (RunModel)" time="0.002" />
  <testcase classname="ptolemy.util.test.junit.AutoTests" name="[0] /home/travis/build/icyphy/ptII/ptolemy/domains/hdf/kernel/test/auto/ConstVariableRateTest.xml (RunModel)" time="0.275" />
  <testcase classname="ptolemy.util.test.junit.AutoTests" name="[1] /home/travis/build/icyphy/ptII/ptolemy/domains/hdf/kernel/test/auto/DifferentRefinedRates.xml (RunModel)" time="0.185" />
  <testcase classname="ptolemy.util.test.junit.AutoTests" name="[2] /home/travis/build/icyphy/ptII/ptolemy/domains/hdf/kernel/test/auto/DifferentRefinedRates2.xml (RunModel)" time="0.129" />
  <testcase classname="ptolemy.util.test.junit.AutoTests" name="[3] /home/travis/build/icyphy/ptII/ptolemy/domains/hdf/kernel/test/auto/DifferentRefinedRates3.xml (RunModel)" time="0.132" />
  <testcase classname="ptolemy.util.test.junit.AutoTests" name="[4] /home/travis/build/icyphy/ptII/ptolemy/domains/hdf/kernel/test/auto/DifferentRefinedRates4.xml (RunModel)" time="0.183" />
  <testcase classname="ptolemy.util.test.junit.AutoTests" name="[5] /home/travis/build/icyphy/ptII/ptolemy/domains/hdf/kernel/test/auto/DifferentRefinedRates5.xml (RunModel)" time="0.111" />
  <testcase classname="ptolemy.util.test.junit.AutoTests" name="[6] /home/travis/build/icyphy/ptII/ptolemy/domains/hdf/kernel/test/auto/DifferentRefinedRates6.xml (RunModel)" time="0.089" />
  <testcase classname="ptolemy.util.test.junit.AutoTests" name="[7] /home/travis/build/icyphy/ptII/ptolemy/domains/hdf/kernel/test/auto/DownSample_PowerOfTwo.xml (RunModel)" time="0.236" />
  <testcase classname="ptolemy.util.test.junit.AutoTests" name="[8] /home/travis/build/icyphy/ptII/ptolemy/domains/hdf/kernel/test/auto/FibonacciWithNullInitial.xml (RunModel)" time="0.218" />
  <testcase classname="ptolemy.util.test.junit.AutoTests" name="[9] /home/travis/build/icyphy/ptII/ptolemy/domains/hdf/kernel/test/auto/FibonacciWithNullInitial1.xml (RunModel)" time="0.222" />
  <testcase classname="ptolemy.util.test.junit.AutoTests" name="[10] /home/travis/build/icyphy/ptII/ptolemy/domains/hdf/kernel/test/auto/FibonacciWithTransientStates.xml (RunModel)" time="0.174" />
  <testcase classname="ptolemy.util.test.junit.AutoTests" name="[11] /home/travis/build/icyphy/ptII/ptolemy/domains/hdf/kernel/test/auto/FibonacciWithTransientStates2.xml (RunModel)" time="0.1" />
  <testcase classname="ptolemy.util.test.junit.AutoTests" name="[12] /home/travis/build/icyphy/ptII/ptolemy/domains/hdf/kernel/test/auto/FibonacciWithoutHistoryInitial.xml (RunModel)" time="0.16" />
  <testcase classname="ptolemy.util.test.junit.AutoTests" name="[13] /home/travis/build/icyphy/ptII/ptolemy/domains/hdf/kernel/test/auto/GuardUsingPastTokens.xml (RunModel)" time="0.079" />
  <testcase classname="ptolemy.util.test.junit.AutoTests" name="[14] /home/travis/build/icyphy/ptII/ptolemy/domains/hdf/kernel/test/auto/GuardWithResets.xml (RunModel)" time="0.091" />
  <testcase classname="ptolemy.util.test.junit.AutoTests" name="[15] /home/travis/build/icyphy/ptII/ptolemy/domains/hdf/kernel/test/auto/Hierarchy_2Level_Test1.xml (RunModel)" time="0.066" />
  <testcase classname="ptolemy.util.test.junit.AutoTests" name="[16] /home/travis/build/icyphy/ptII/ptolemy/domains/hdf/kernel/test/auto/Hierarchy_2Level_Test2.xml (RunModel)" time="0.064" />
  <testcase classname="ptolemy.util.test.junit.AutoTests" name="[17] /home/travis/build/icyphy/ptII/ptolemy/domains/hdf/kernel/test/auto/Hysteresis.xml (RunModel)" time="0.058" />
  <testcase classname="ptolemy.util.test.junit.AutoTests" name="[18] /home/travis/build/icyphy/ptII/ptolemy/domains/hdf/kernel/test/auto/InitTransient.xml (RunModel)" time="0.102" />
  <testcase classname="ptolemy.util.test.junit.AutoTests" name="[19] /home/travis/build/icyphy/ptII/ptolemy/domains/hdf/kernel/test/auto/Merge.xml (RunModel)" time="0.099" />
  <testcase classname="ptolemy.util.test.junit.AutoTests" name="[20] /home/travis/build/icyphy/ptII/ptolemy/domains/hdf/kernel/test/auto/ModalModelBooleanSwitch.xml (RunModel)" time="0.113" />
  <testcase classname="ptolemy.util.test.junit.AutoTests" name="[21] /home/travis/build/icyphy/ptII/ptolemy/domains/hdf/kernel/test/auto/SameRates.xml (RunModel)" time="0.061" />
  <testcase classname="ptolemy.util.test.junit.AutoTests" name="[22] /home/travis/build/icyphy/ptII/ptolemy/domains/hdf/kernel/test/auto/SameRefinedRates.xml (RunModel)" time="0.065" />
  <testcase classname="ptolemy.util.test.junit.AutoTests" name="[23] /home/travis/build/icyphy/ptII/ptolemy/domains/hdf/kernel/test/auto/SameRefinedRates2.xml (RunModel)" time="0.064" />
  <testcase classname="ptolemy.util.test.junit.AutoTests" name="[24] /home/travis/build/icyphy/ptII/ptolemy/domains/hdf/kernel/test/auto/TransientStates.xml (RunModel)" time="0.089" />
  <testcase classname="ptolemy.util.test.junit.AutoTests" name="[25] /home/travis/build/icyphy/ptII/ptolemy/domains/hdf/kernel/test/auto/TwoHammingCodec.xml (RunModel)" time="0.096" />
  <testcase classname="ptolemy.util.test.junit.AutoTests" name="[26] /home/travis/build/icyphy/ptII/ptolemy/domains/hdf/kernel/test/auto/TwoHammingCodec1.xml (RunModel)" time="0.105" />
  <testcase classname="ptolemy.util.test.junit.AutoTests" name="[27] /home/travis/build/icyphy/ptII/ptolemy/domains/hdf/kernel/test/auto/TwoLevelHierarchy.xml (RunModel)" time="0.178" />
  <testcase classname="ptolemy.util.test.junit.AutoTests" name="[28] /home/travis/build/icyphy/ptII/ptolemy/domains/hdf/kernel/test/auto/TwoLevelHierarchy1.xml (RunModel)" time="0.167" />
  <testcase classname="ptolemy.util.test.junit.AutoTests" name="[29] /home/travis/build/icyphy/ptII/ptolemy/domains/hdf/kernel/test/auto/TwoLevelHierarchy2.xml (RunModel)" time="0.15" />
  <testcase classname="ptolemy.util.test.junit.AutoTests" name="[30] /home/travis/build/icyphy/ptII/ptolemy/domains/hdf/kernel/test/auto/TwoLevelHierarchyNullStates.xml (RunModel)" time="0.19" />
  <testcase classname="ptolemy.util.test.junit.AutoTests" name="[31] /home/travis/build/icyphy/ptII/ptolemy/domains/hdf/kernel/test/auto/TwoLevelHierarchyWithResets.xml (RunModel)" time="0.195" />
  <testcase classname="ptolemy.util.test.junit.AutoTests" name="[32] /home/travis/build/icyphy/ptII/ptolemy/domains/hdf/kernel/test/auto/TwoLevelHierarchyWithResetsNullStates.xml (RunModel)" time="0.195" />
  <testcase classname="ptolemy.util.test.junit.AutoTests" name="[33] /home/travis/build/icyphy/ptII/ptolemy/domains/hdf/kernel/test/auto/WaterTank_HDF.xml (RunModel)" time="0.119" />
  <testcase classname="ptolemy.util.test.junit.AutoTests" name="[34] /home/travis/build/icyphy/ptII/ptolemy/domains/hdf/kernel/test/auto/WaterTank_HDF2.xml (RunModel)" time="0.121" />
  <testcase classname="ptolemy.util.test.junit.AutoTests" name="[35] /home/travis/build/icyphy/ptII/ptolemy/domains/hdf/kernel/test/auto/badFSMRateChanges.xml (RunModel)" time="0.047" />
  <system-out><![CDATA[/home/travis/build/icyphy/ptII/ptolemy/domains/hdf/kernel/test/RateErrorChecking.tcl
testDefs.tcl: setting time out to 9000 seconds at Fri Nov 01 06:13:07 UTC 2019


==== $PTII/ptolemy/domains/hdf/kernel/test/RateErrorChecking.tcl: RateErrorChecking-1.0 
==== Contents of test case:

    catch {createAndExecute "badFSMRateChanges.xml"} foo
    list $foo

==== Result was:
{java.io.FileNotFoundException: /home/travis/build/icyphy/ptII/ptolemy/domains/hdf/kernel/test/badFSMRateChanges.xml (No such file or directory)}
---- KNOWN Failure, Result should have been:
{ptolemy.kernel.util.IllegalActionException: Failed to compute schedule:
  in .badFSMRateChanges.SDF Director
Because:
The SDF rate parameter may change. This is not allowed in SDF models that will be run through the code generator.  If you don't care about code generation, then you might consider setting the allowRateChanges parameter of the SDF director to false.
    in .badFSMRateChanges.typed composite actor.output.tokenProductionRate}
---- RateErrorChecking-1.0 Failed, but this is a KNOWN failure
11/01/19 06:13:07
Failed: 0  Total Tests: 1  ((Passed: 0, Newly Passed: 0)  Known Failed: 1) /home/travis/build/icyphy/ptII/ptolemy/domains/hdf/kernel/test
----------------- testing (KnownFailure) /home/travis/build/icyphy/ptII/ptolemy/domains/hdf/kernel/test/auto/knownFailedTests/badFSMRateChanges.xml
234 ms. Memory: 120832K Free: 70600K (58%)
No auto/linux-amd64/*.xml tests in /home/travis/build/icyphy/ptII/ptolemy/domains/hdf/kernel/test
AutoTests.java: About to close Vertx.
AutoTests.java: Vertx closed.

===========================================================================================
----------------- testing Fri Nov 01 06:13:08 UTC 2019 /home/travis/build/icyphy/ptII/ptolemy/domains/hdf/kernel/test/auto/ConstVariableRateTest.xml
----------------- Instantiating /home/travis/build/icyphy/ptII/ptolemy/domains/hdf/kernel/test/auto/ConstVariableRateTest.xml
92 ms. Memory: 120832K Free: 85579K (71%)
----------------- Invoking toplevel() on ptolemy.moml.MoMLSimpleApplication@7ea8e158
----------------- Done invoking toplevel() on ptolemy.moml.MoMLSimpleApplication@7ea8e158
reloadAllAccessors: .ConstVariableRateTest

===========================================================================================
----------------- testing Fri Nov 01 06:13:09 UTC 2019 /home/travis/build/icyphy/ptII/ptolemy/domains/hdf/kernel/test/auto/DifferentRefinedRates.xml
----------------- Instantiating /home/travis/build/icyphy/ptII/ptolemy/domains/hdf/kernel/test/auto/DifferentRefinedRates.xml
79 ms. Memory: 120832K Free: 97606K (81%)
----------------- Invoking toplevel() on ptolemy.moml.MoMLSimpleApplication@6c9911ad
----------------- Done invoking toplevel() on ptolemy.moml.MoMLSimpleApplication@6c9911ad
reloadAllAccessors: .DifferentRefinedRates

===========================================================================================
----------------- testing Fri Nov 01 06:13:09 UTC 2019 /home/travis/build/icyphy/ptII/ptolemy/domains/hdf/kernel/test/auto/DifferentRefinedRates2.xml
----------------- Instantiating /home/travis/build/icyphy/ptII/ptolemy/domains/hdf/kernel/test/auto/DifferentRefinedRates2.xml
67 ms. Memory: 120832K Free: 83666K (69%)
----------------- Invoking toplevel() on ptolemy.moml.MoMLSimpleApplication@5f9410
----------------- Done invoking toplevel() on ptolemy.moml.MoMLSimpleApplication@5f9410
reloadAllAccessors: .DifferentRefinedRates2

===========================================================================================
----------------- testing Fri Nov 01 06:13:09 UTC 2019 /home/travis/build/icyphy/ptII/ptolemy/domains/hdf/kernel/test/auto/DifferentRefinedRates3.xml
----------------- Instantiating /home/travis/build/icyphy/ptII/ptolemy/domains/hdf/kernel/test/auto/DifferentRefinedRates3.xml
37 ms. Memory: 120832K Free: 73223K (61%)
----------------- Invoking toplevel() on ptolemy.moml.MoMLSimpleApplication@6a64c3e4
----------------- Done invoking toplevel() on ptolemy.moml.MoMLSimpleApplication@6a64c3e4
reloadAllAccessors: .DifferentRefinedRates3

===========================================================================================
----------------- testing Fri Nov 01 06:13:09 UTC 2019 /home/travis/build/icyphy/ptII/ptolemy/domains/hdf/kernel/test/auto/DifferentRefinedRates4.xml
----------------- Instantiating /home/travis/build/icyphy/ptII/ptolemy/domains/hdf/kernel/test/auto/DifferentRefinedRates4.xml
80 ms. Memory: 120832K Free: 97606K (81%)
----------------- Invoking toplevel() on ptolemy.moml.MoMLSimpleApplication@1e7f62f9
----------------- Done invoking toplevel() on ptolemy.moml.MoMLSimpleApplication@1e7f62f9
reloadAllAccessors: .NewHDFtest1

===========================================================================================
----------------- testing Fri Nov 01 06:13:09 UTC 2019 /home/travis/build/icyphy/ptII/ptolemy/domains/hdf/kernel/test/auto/DifferentRefinedRates5.xml
----------------- Instantiating /home/travis/build/icyphy/ptII/ptolemy/domains/hdf/kernel/test/auto/DifferentRefinedRates5.xml
29 ms. Memory: 120832K Free: 82246K (68%)
----------------- Invoking toplevel() on ptolemy.moml.MoMLSimpleApplication@9fa634b
----------------- Done invoking toplevel() on ptolemy.moml.MoMLSimpleApplication@9fa634b
reloadAllAccessors: .NewHDFtest2

===========================================================================================
----------------- testing Fri Nov 01 06:13:09 UTC 2019 /home/travis/build/icyphy/ptII/ptolemy/domains/hdf/kernel/test/auto/DifferentRefinedRates6.xml
----------------- Instantiating /home/travis/build/icyphy/ptII/ptolemy/domains/hdf/kernel/test/auto/DifferentRefinedRates6.xml
50 ms. Memory: 120832K Free: 69593K (58%)
----------------- Invoking toplevel() on ptolemy.moml.MoMLSimpleApplication@3e1eef4c
----------------- Done invoking toplevel() on ptolemy.moml.MoMLSimpleApplication@3e1eef4c
reloadAllAccessors: .DifferentRefinedRates6

===========================================================================================
----------------- testing Fri Nov 01 06:13:09 UTC 2019 /home/travis/build/icyphy/ptII/ptolemy/domains/hdf/kernel/test/auto/DownSample_PowerOfTwo.xml
----------------- Instantiating /home/travis/build/icyphy/ptII/ptolemy/domains/hdf/kernel/test/auto/DownSample_PowerOfTwo.xml
202 ms. Memory: 145408K Free: 118740K (82%)
----------------- Invoking toplevel() on ptolemy.moml.MoMLSimpleApplication@23fbdb98
----------------- Done invoking toplevel() on ptolemy.moml.MoMLSimpleApplication@23fbdb98
reloadAllAccessors: .SDFDownSample

===========================================================================================
----------------- testing Fri Nov 01 06:13:10 UTC 2019 /home/travis/build/icyphy/ptII/ptolemy/domains/hdf/kernel/test/auto/FibonacciWithNullInitial.xml
----------------- Instantiating /home/travis/build/icyphy/ptII/ptolemy/domains/hdf/kernel/test/auto/FibonacciWithNullInitial.xml
164 ms. Memory: 145408K Free: 94675K (65%)
----------------- Invoking toplevel() on ptolemy.moml.MoMLSimpleApplication@232c6235
----------------- Done invoking toplevel() on ptolemy.moml.MoMLSimpleApplication@232c6235
reloadAllAccessors: .FibonacciWithNullInitial

===========================================================================================
----------------- testing Fri Nov 01 06:13:10 UTC 2019 /home/travis/build/icyphy/ptII/ptolemy/domains/hdf/kernel/test/auto/FibonacciWithNullInitial1.xml
----------------- Instantiating /home/travis/build/icyphy/ptII/ptolemy/domains/hdf/kernel/test/auto/FibonacciWithNullInitial1.xml
182 ms. Memory: 145408K Free: 129993K (89%)
----------------- Invoking toplevel() on ptolemy.moml.MoMLSimpleApplication@6fc71b85
----------------- Done invoking toplevel() on ptolemy.moml.MoMLSimpleApplication@6fc71b85
reloadAllAccessors: .FibonacciWithNullInitial1

===========================================================================================
----------------- testing Fri Nov 01 06:13:10 UTC 2019 /home/travis/build/icyphy/ptII/ptolemy/domains/hdf/kernel/test/auto/FibonacciWithTransientStates.xml
----------------- Instantiating /home/travis/build/icyphy/ptII/ptolemy/domains/hdf/kernel/test/auto/FibonacciWithTransientStates.xml
130 ms. Memory: 145408K Free: 101329K (70%)
----------------- Invoking toplevel() on ptolemy.moml.MoMLSimpleApplication@4750c30b
----------------- Done invoking toplevel() on ptolemy.moml.MoMLSimpleApplication@4750c30b
reloadAllAccessors: .FibonacciWithTransientStates

===========================================================================================
----------------- testing Fri Nov 01 06:13:10 UTC 2019 /home/travis/build/icyphy/ptII/ptolemy/domains/hdf/kernel/test/auto/FibonacciWithTransientStates2.xml
----------------- Instantiating /home/travis/build/icyphy/ptII/ptolemy/domains/hdf/kernel/test/auto/FibonacciWithTransientStates2.xml
44 ms. Memory: 145408K Free: 80147K (55%)
----------------- Invoking toplevel() on ptolemy.moml.MoMLSimpleApplication@7dcd204f
----------------- Done invoking toplevel() on ptolemy.moml.MoMLSimpleApplication@7dcd204f
reloadAllAccessors: .FibonacciWithTransientStates2

===========================================================================================
----------------- testing Fri Nov 01 06:13:10 UTC 2019 /home/travis/build/icyphy/ptII/ptolemy/domains/hdf/kernel/test/auto/FibonacciWithoutHistoryInitial.xml
----------------- Instantiating /home/travis/build/icyphy/ptII/ptolemy/domains/hdf/kernel/test/auto/FibonacciWithoutHistoryInitial.xml
117 ms. Memory: 145408K Free: 125869K (87%)
----------------- Invoking toplevel() on ptolemy.moml.MoMLSimpleApplication@7f3e0942
----------------- Done invoking toplevel() on ptolemy.moml.MoMLSimpleApplication@7f3e0942
reloadAllAccessors: .FibonacciWithoutHistoryInitial

===========================================================================================
----------------- testing Fri Nov 01 06:13:11 UTC 2019 /home/travis/build/icyphy/ptII/ptolemy/domains/hdf/kernel/test/auto/GuardUsingPastTokens.xml
----------------- Instantiating /home/travis/build/icyphy/ptII/ptolemy/domains/hdf/kernel/test/auto/GuardUsingPastTokens.xml
24 ms. Memory: 145408K Free: 111015K (76%)
----------------- Invoking toplevel() on ptolemy.moml.MoMLSimpleApplication@57d950d0
----------------- Done invoking toplevel() on ptolemy.moml.MoMLSimpleApplication@57d950d0
reloadAllAccessors: .GuardUsingPastTokens

===========================================================================================
----------------- testing Fri Nov 01 06:13:11 UTC 2019 /home/travis/build/icyphy/ptII/ptolemy/domains/hdf/kernel/test/auto/GuardWithResets.xml
----------------- Instantiating /home/travis/build/icyphy/ptII/ptolemy/domains/hdf/kernel/test/auto/GuardWithResets.xml
33 ms. Memory: 145408K Free: 94015K (65%)
----------------- Invoking toplevel() on ptolemy.moml.MoMLSimpleApplication@3bd194b2
----------------- Done invoking toplevel() on ptolemy.moml.MoMLSimpleApplication@3bd194b2
reloadAllAccessors: .GuardWithResets

===========================================================================================
----------------- testing Fri Nov 01 06:13:11 UTC 2019 /home/travis/build/icyphy/ptII/ptolemy/domains/hdf/kernel/test/auto/Hierarchy_2Level_Test1.xml
----------------- Instantiating /home/travis/build/icyphy/ptII/ptolemy/domains/hdf/kernel/test/auto/Hierarchy_2Level_Test1.xml
17 ms. Memory: 145408K Free: 76167K (52%)
----------------- Invoking toplevel() on ptolemy.moml.MoMLSimpleApplication@55647376
----------------- Done invoking toplevel() on ptolemy.moml.MoMLSimpleApplication@55647376
reloadAllAccessors: .Hierarchy_2Level_Test1

===========================================================================================
----------------- testing Fri Nov 01 06:13:11 UTC 2019 /home/travis/build/icyphy/ptII/ptolemy/domains/hdf/kernel/test/auto/Hierarchy_2Level_Test2.xml
----------------- Instantiating /home/travis/build/icyphy/ptII/ptolemy/domains/hdf/kernel/test/auto/Hierarchy_2Level_Test2.xml
26 ms. Memory: 145408K Free: 58572K (40%)
----------------- Invoking toplevel() on ptolemy.moml.MoMLSimpleApplication@3d921c5c
----------------- Done invoking toplevel() on ptolemy.moml.MoMLSimpleApplication@3d921c5c
reloadAllAccessors: .Hierarchy_4Level_Test2

===========================================================================================
----------------- testing Fri Nov 01 06:13:11 UTC 2019 /home/travis/build/icyphy/ptII/ptolemy/domains/hdf/kernel/test/auto/Hysteresis.xml
----------------- Instantiating /home/travis/build/icyphy/ptII/ptolemy/domains/hdf/kernel/test/auto/Hysteresis.xml
20 ms. Memory: 145408K Free: 126747K (87%)
----------------- Invoking toplevel() on ptolemy.moml.MoMLSimpleApplication@14f9811
----------------- Done invoking toplevel() on ptolemy.moml.MoMLSimpleApplication@14f9811
reloadAllAccessors: .Hysteresis

===========================================================================================
----------------- testing Fri Nov 01 06:13:11 UTC 2019 /home/travis/build/icyphy/ptII/ptolemy/domains/hdf/kernel/test/auto/InitTransient.xml
----------------- Instantiating /home/travis/build/icyphy/ptII/ptolemy/domains/hdf/kernel/test/auto/InitTransient.xml
33 ms. Memory: 145408K Free: 107277K (74%)
----------------- Invoking toplevel() on ptolemy.moml.MoMLSimpleApplication@432bd6b2
----------------- Done invoking toplevel() on ptolemy.moml.MoMLSimpleApplication@432bd6b2
reloadAllAccessors: .InitTransient

===========================================================================================
----------------- testing Fri Nov 01 06:13:11 UTC 2019 /home/travis/build/icyphy/ptII/ptolemy/domains/hdf/kernel/test/auto/Merge.xml
----------------- Instantiating /home/travis/build/icyphy/ptII/ptolemy/domains/hdf/kernel/test/auto/Merge.xml
35 ms. Memory: 145408K Free: 89883K (62%)
----------------- Invoking toplevel() on ptolemy.moml.MoMLSimpleApplication@74826bcd
----------------- Done invoking toplevel() on ptolemy.moml.MoMLSimpleApplication@74826bcd
reloadAllAccessors: .Merge

===========================================================================================
----------------- testing Fri Nov 01 06:13:11 UTC 2019 /home/travis/build/icyphy/ptII/ptolemy/domains/hdf/kernel/test/auto/ModalModelBooleanSwitch.xml
----------------- Instantiating /home/travis/build/icyphy/ptII/ptolemy/domains/hdf/kernel/test/auto/ModalModelBooleanSwitch.xml
36 ms. Memory: 145408K Free: 70854K (49%)
----------------- Invoking toplevel() on ptolemy.moml.MoMLSimpleApplication@64dc4b93
----------------- Done invoking toplevel() on ptolemy.moml.MoMLSimpleApplication@64dc4b93
reloadAllAccessors: .BooleanSwitchWithModel

===========================================================================================
----------------- testing Fri Nov 01 06:13:11 UTC 2019 /home/travis/build/icyphy/ptII/ptolemy/domains/hdf/kernel/test/auto/SameRates.xml
----------------- Instantiating /home/travis/build/icyphy/ptII/ptolemy/domains/hdf/kernel/test/auto/SameRates.xml
18 ms. Memory: 145408K Free: 58737K (40%)
----------------- Invoking toplevel() on ptolemy.moml.MoMLSimpleApplication@5ac32ca3
----------------- Done invoking toplevel() on ptolemy.moml.MoMLSimpleApplication@5ac32ca3
reloadAllAccessors: .SameRates

===========================================================================================
----------------- testing Fri Nov 01 06:13:11 UTC 2019 /home/travis/build/icyphy/ptII/ptolemy/domains/hdf/kernel/test/auto/SameRefinedRates.xml
----------------- Instantiating /home/travis/build/icyphy/ptII/ptolemy/domains/hdf/kernel/test/auto/SameRefinedRates.xml
29 ms. Memory: 145408K Free: 130422K (90%)
----------------- Invoking toplevel() on ptolemy.moml.MoMLSimpleApplication@7173b1a4
----------------- Done invoking toplevel() on ptolemy.moml.MoMLSimpleApplication@7173b1a4
reloadAllAccessors: .SameRefinedRates

===========================================================================================
----------------- testing Fri Nov 01 06:13:11 UTC 2019 /home/travis/build/icyphy/ptII/ptolemy/domains/hdf/kernel/test/auto/SameRefinedRates2.xml
----------------- Instantiating /home/travis/build/icyphy/ptII/ptolemy/domains/hdf/kernel/test/auto/SameRefinedRates2.xml
20 ms. Memory: 145408K Free: 115969K (80%)
----------------- Invoking toplevel() on ptolemy.moml.MoMLSimpleApplication@7e86bdf8
----------------- Done invoking toplevel() on ptolemy.moml.MoMLSimpleApplication@7e86bdf8
reloadAllAccessors: .SameRefinedRates2

===========================================================================================
----------------- testing Fri Nov 01 06:13:11 UTC 2019 /home/travis/build/icyphy/ptII/ptolemy/domains/hdf/kernel/test/auto/TransientStates.xml
----------------- Instantiating /home/travis/build/icyphy/ptII/ptolemy/domains/hdf/kernel/test/auto/TransientStates.xml
35 ms. Memory: 145408K Free: 96962K (67%)
----------------- Invoking toplevel() on ptolemy.moml.MoMLSimpleApplication@56271158
----------------- Done invoking toplevel() on ptolemy.moml.MoMLSimpleApplication@56271158
reloadAllAccessors: .TransientStates

===========================================================================================
----------------- testing Fri Nov 01 06:13:12 UTC 2019 /home/travis/build/icyphy/ptII/ptolemy/domains/hdf/kernel/test/auto/TwoHammingCodec.xml
----------------- Instantiating /home/travis/build/icyphy/ptII/ptolemy/domains/hdf/kernel/test/auto/TwoHammingCodec.xml
41 ms. Memory: 145408K Free: 77035K (53%)
----------------- Invoking toplevel() on ptolemy.moml.MoMLSimpleApplication@24d1fbda
----------------- Done invoking toplevel() on ptolemy.moml.MoMLSimpleApplication@24d1fbda
reloadAllAccessors: .TwoHammingCodec

===========================================================================================
----------------- testing Fri Nov 01 06:13:12 UTC 2019 /home/travis/build/icyphy/ptII/ptolemy/domains/hdf/kernel/test/auto/TwoHammingCodec1.xml
----------------- Instantiating /home/travis/build/icyphy/ptII/ptolemy/domains/hdf/kernel/test/auto/TwoHammingCodec1.xml
47 ms. Memory: 145408K Free: 53513K (37%)
----------------- Invoking toplevel() on ptolemy.moml.MoMLSimpleApplication@1ae78a13
----------------- Done invoking toplevel() on ptolemy.moml.MoMLSimpleApplication@1ae78a13
reloadAllAccessors: .twoHammingCodec1

===========================================================================================
----------------- testing Fri Nov 01 06:13:12 UTC 2019 /home/travis/build/icyphy/ptII/ptolemy/domains/hdf/kernel/test/auto/TwoLevelHierarchy.xml
----------------- Instantiating /home/travis/build/icyphy/ptII/ptolemy/domains/hdf/kernel/test/auto/TwoLevelHierarchy.xml
57 ms. Memory: 175104K Free: 124952K (71%)
----------------- Invoking toplevel() on ptolemy.moml.MoMLSimpleApplication@7caa0dcb
----------------- Done invoking toplevel() on ptolemy.moml.MoMLSimpleApplication@7caa0dcb
reloadAllAccessors: .TwoLevelHierarchy

===========================================================================================
----------------- testing Fri Nov 01 06:13:12 UTC 2019 /home/travis/build/icyphy/ptII/ptolemy/domains/hdf/kernel/test/auto/TwoLevelHierarchy1.xml
----------------- Instantiating /home/travis/build/icyphy/ptII/ptolemy/domains/hdf/kernel/test/auto/TwoLevelHierarchy1.xml
63 ms. Memory: 175104K Free: 82472K (47%)
----------------- Invoking toplevel() on ptolemy.moml.MoMLSimpleApplication@7bdaaa16
----------------- Done invoking toplevel() on ptolemy.moml.MoMLSimpleApplication@7bdaaa16
reloadAllAccessors: .TwoLevelHierarchy1

===========================================================================================
----------------- testing Fri Nov 01 06:13:12 UTC 2019 /home/travis/build/icyphy/ptII/ptolemy/domains/hdf/kernel/test/auto/TwoLevelHierarchy2.xml
----------------- Instantiating /home/travis/build/icyphy/ptII/ptolemy/domains/hdf/kernel/test/auto/TwoLevelHierarchy2.xml
66 ms. Memory: 175104K Free: 150984K (86%)
----------------- Invoking toplevel() on ptolemy.moml.MoMLSimpleApplication@3b676d3c
----------------- Done invoking toplevel() on ptolemy.moml.MoMLSimpleApplication@3b676d3c
reloadAllAccessors: .TwoLevelHierarchy2

===========================================================================================
----------------- testing Fri Nov 01 06:13:12 UTC 2019 /home/travis/build/icyphy/ptII/ptolemy/domains/hdf/kernel/test/auto/TwoLevelHierarchyNullStates.xml
----------------- Instantiating /home/travis/build/icyphy/ptII/ptolemy/domains/hdf/kernel/test/auto/TwoLevelHierarchyNullStates.xml
61 ms. Memory: 175104K Free: 101071K (58%)
----------------- Invoking toplevel() on ptolemy.moml.MoMLSimpleApplication@29bead1d
----------------- Done invoking toplevel() on ptolemy.moml.MoMLSimpleApplication@29bead1d
reloadAllAccessors: .TwoLevelHierarchyNullStates

===========================================================================================
----------------- testing Fri Nov 01 06:13:12 UTC 2019 /home/travis/build/icyphy/ptII/ptolemy/domains/hdf/kernel/test/auto/TwoLevelHierarchyWithResets.xml
----------------- Instantiating /home/travis/build/icyphy/ptII/ptolemy/domains/hdf/kernel/test/auto/TwoLevelHierarchyWithResets.xml
92 ms. Memory: 175104K Free: 158215K (90%)
----------------- Invoking toplevel() on ptolemy.moml.MoMLSimpleApplication@2063f7ea
----------------- Done invoking toplevel() on ptolemy.moml.MoMLSimpleApplication@2063f7ea
reloadAllAccessors: .TwoLevelHierarchy1

===========================================================================================
----------------- testing Fri Nov 01 06:13:13 UTC 2019 /home/travis/build/icyphy/ptII/ptolemy/domains/hdf/kernel/test/auto/TwoLevelHierarchyWithResetsNullStates.xml
----------------- Instantiating /home/travis/build/icyphy/ptII/ptolemy/domains/hdf/kernel/test/auto/TwoLevelHierarchyWithResetsNullStates.xml
80 ms. Memory: 175104K Free: 98630K (56%)
----------------- Invoking toplevel() on ptolemy.moml.MoMLSimpleApplication@79b3383e
----------------- Done invoking toplevel() on ptolemy.moml.MoMLSimpleApplication@79b3383e
reloadAllAccessors: .TwoLevelHierarchyWithResetsNullStates

===========================================================================================
----------------- testing Fri Nov 01 06:13:13 UTC 2019 /home/travis/build/icyphy/ptII/ptolemy/domains/hdf/kernel/test/auto/WaterTank_HDF.xml
----------------- Instantiating /home/travis/build/icyphy/ptII/ptolemy/domains/hdf/kernel/test/auto/WaterTank_HDF.xml
62 ms. Memory: 175104K Free: 69958K (40%)
----------------- Invoking toplevel() on ptolemy.moml.MoMLSimpleApplication@5fe46b79
----------------- Done invoking toplevel() on ptolemy.moml.MoMLSimpleApplication@5fe46b79
reloadAllAccessors: .WaterTank_HDF

===========================================================================================
----------------- testing Fri Nov 01 06:13:13 UTC 2019 /home/travis/build/icyphy/ptII/ptolemy/domains/hdf/kernel/test/auto/WaterTank_HDF2.xml
----------------- Instantiating /home/travis/build/icyphy/ptII/ptolemy/domains/hdf/kernel/test/auto/WaterTank_HDF2.xml
44 ms. Memory: 175104K Free: 140508K (80%)
----------------- Invoking toplevel() on ptolemy.moml.MoMLSimpleApplication@4d83efb9
----------------- Done invoking toplevel() on ptolemy.moml.MoMLSimpleApplication@4d83efb9
reloadAllAccessors: .WaterTank_HDF2

===========================================================================================
----------------- testing Fri Nov 01 06:13:13 UTC 2019 /home/travis/build/icyphy/ptII/ptolemy/domains/hdf/kernel/test/auto/badFSMRateChanges.xml
----------------- Instantiating /home/travis/build/icyphy/ptII/ptolemy/domains/hdf/kernel/test/auto/badFSMRateChanges.xml
14 ms. Memory: 175104K Free: 126166K (72%)
----------------- Invoking toplevel() on ptolemy.moml.MoMLSimpleApplication@3bb3763b
----------------- Done invoking toplevel() on ptolemy.moml.MoMLSimpleApplication@3bb3763b
reloadAllAccessors: .badFSMRateChanges
AutoTests.java: About to close Vertx.
AutoTests.java: Vertx closed.
]]></system-out>
  <system-err><![CDATA[]]></system-err>
</testsuite>
