<?xml version="1.0" encoding="UTF-8" ?>
<testsuite errors="0" failures="0" hostname="travis-job-6d845328-1893-4d55-af78-d3d068e418cc" name="ptolemy.domains.de.test.junit.JUnitTclTest" skipped="0" tests="101" time="144.436" timestamp="2020-06-26T14:52:57">
  <properties>
[...]
</properties>
  <testcase classname="ptolemy.util.test.junit.TclTests" name="[0] /home/travis/build/icyphy/ptII/ptolemy/domains/de/test/DependencyLoop.tcl (RunTclFile)" time="1.156" />
  <testcase classname="ptolemy.util.test.junit.TclTests" name="[1] /home/travis/build/icyphy/ptII/ptolemy/domains/de/test/RunDETestsAsQSS.tcl (RunTclFile)" time="99.424" />
  <testcase classname="ptolemy.util.test.junit.AutoKnownFailedTests" name="[0] /home/travis/build/icyphy/ptII/ptolemy/domains/de/test/auto/knownFailedTests/DESDFClockTest.xml (RunModel)" time="2.048" />
  <testcase classname="ptolemy.util.test.junit.AutoKnownFailedTests" name="[1] /home/travis/build/icyphy/ptII/ptolemy/domains/de/test/auto/knownFailedTests/DirectFeedback.xml (RunModel)" time="0.022" />
  <testcase classname="ptolemy.util.test.junit.AutoKnownFailedTests" name="[2] /home/travis/build/icyphy/ptII/ptolemy/domains/de/test/auto/knownFailedTests/FSMSource.xml (RunModel)" time="0.028" />
  <testcase classname="ptolemy.util.test.junit.AutoKnownFailedTests" name="[3] /home/travis/build/icyphy/ptII/ptolemy/domains/de/test/auto/knownFailedTests/HierarchicalModel.xml (RunModel)" time="0.065" />
  <testcase classname="ptolemy.util.test.junit.AutoKnownFailedTests" name="[4] /home/travis/build/icyphy/ptII/ptolemy/domains/de/test/auto/knownFailedTests/dependencyLoop.xml (RunModel)" time="0.053" />
  <testcase classname="ptolemy.util.test.junit.AutoKnownFailedTests" name="[5] /home/travis/build/icyphy/ptII/ptolemy/domains/de/test/auto/knownFailedTests/dependencyLoop2.xml (RunModel)" time="0.058" />
  <testcase classname="ptolemy.util.test.junit.AutoNameArchTests" name="[0] ThereAreNoAutoArchTests (RunModel)" time="0.005" />
  <testcase classname="ptolemy.util.test.junit.AutoTests" name="[0] /home/travis/build/icyphy/ptII/ptolemy/domains/de/test/auto/ActorDepthCalculation_actorWithoutPorts.xml (RunModel)" time="0.023" />
  <testcase classname="ptolemy.util.test.junit.AutoTests" name="[1] /home/travis/build/icyphy/ptII/ptolemy/domains/de/test/auto/AssemblyLine.xml (RunModel)" time="0.028" />
  <testcase classname="ptolemy.util.test.junit.AutoTests" name="[2] /home/travis/build/icyphy/ptII/ptolemy/domains/de/test/auto/CQBug1.xml (RunModel)" time="0.012" />
  <testcase classname="ptolemy.util.test.junit.AutoTests" name="[3] /home/travis/build/icyphy/ptII/ptolemy/domains/de/test/auto/CancelFireAt.xml (RunModel)" time="0.015" />
  <testcase classname="ptolemy.util.test.junit.AutoTests" name="[4] /home/travis/build/icyphy/ptII/ptolemy/domains/de/test/auto/CausalityAndComposabilityAnalysis.xml (RunModel)" time="0.022" />
  <testcase classname="ptolemy.util.test.junit.AutoTests" name="[5] /home/travis/build/icyphy/ptII/ptolemy/domains/de/test/auto/CausalityInterface1.xml (RunModel)" time="0.03" />
  <testcase classname="ptolemy.util.test.junit.AutoTests" name="[6] /home/travis/build/icyphy/ptII/ptolemy/domains/de/test/auto/CausalityInterface15.xml (RunModel)" time="0.022" />
  <testcase classname="ptolemy.util.test.junit.AutoTests" name="[7] /home/travis/build/icyphy/ptII/ptolemy/domains/de/test/auto/CausalityInterface2.xml (RunModel)" time="0.017" />
  <testcase classname="ptolemy.util.test.junit.AutoTests" name="[8] /home/travis/build/icyphy/ptII/ptolemy/domains/de/test/auto/CausalityInterface3.xml (RunModel)" time="0.019" />
  <testcase classname="ptolemy.util.test.junit.AutoTests" name="[9] /home/travis/build/icyphy/ptII/ptolemy/domains/de/test/auto/ClockDrift.xml (RunModel)" time="0.047" />
  <testcase classname="ptolemy.util.test.junit.AutoTests" name="[10] /home/travis/build/icyphy/ptII/ptolemy/domains/de/test/auto/ClockDriftAndValueChange.xml (RunModel)" time="0.036" />
  <testcase classname="ptolemy.util.test.junit.AutoTests" name="[11] /home/travis/build/icyphy/ptII/ptolemy/domains/de/test/auto/ClockDriftChange.xml (RunModel)" time="0.037" />
  <testcase classname="ptolemy.util.test.junit.AutoTests" name="[12] /home/travis/build/icyphy/ptII/ptolemy/domains/de/test/auto/ComposableCausalityAnalysis.xml (RunModel)" time="0.017" />
  <testcase classname="ptolemy.util.test.junit.AutoTests" name="[13] /home/travis/build/icyphy/ptII/ptolemy/domains/de/test/auto/DEFixedPointLimitation.xml (RunModel)" time="0.016" />
  <testcase classname="ptolemy.util.test.junit.AutoTests" name="[14] /home/travis/build/icyphy/ptII/ptolemy/domains/de/test/auto/DEScheduleTest.xml (RunModel)" time="0.044" />
  <testcase classname="ptolemy.util.test.junit.AutoTests" name="[15] /home/travis/build/icyphy/ptII/ptolemy/domains/de/test/auto/DEinDEwithStartTimes.xml (RunModel)" time="0.02" />
  <testcase classname="ptolemy.util.test.junit.AutoTests" name="[16] /home/travis/build/icyphy/ptII/ptolemy/domains/de/test/auto/DEinDEwithStartTimes2.xml (RunModel)" time="0.025" />
  <testcase classname="ptolemy.util.test.junit.AutoTests" name="[17] /home/travis/build/icyphy/ptII/ptolemy/domains/de/test/auto/DateDemo.xml (RunModel)" time="0.047" />
  <testcase classname="ptolemy.util.test.junit.AutoTests" name="[18] /home/travis/build/icyphy/ptII/ptolemy/domains/de/test/auto/DateToEvent.xml (RunModel)" time="2.056" />
  <testcase classname="ptolemy.util.test.junit.AutoTests" name="[19] /home/travis/build/icyphy/ptII/ptolemy/domains/de/test/auto/DepthTest1.xml (RunModel)" time="0.011" />
  <testcase classname="ptolemy.util.test.junit.AutoTests" name="[20] /home/travis/build/icyphy/ptII/ptolemy/domains/de/test/auto/DepthTest2.xml (RunModel)" time="0.023" />
  <testcase classname="ptolemy.util.test.junit.AutoTests" name="[21] /home/travis/build/icyphy/ptII/ptolemy/domains/de/test/auto/DepthTest3.xml (RunModel)" time="0.013" />
  <testcase classname="ptolemy.util.test.junit.AutoTests" name="[22] /home/travis/build/icyphy/ptII/ptolemy/domains/de/test/auto/DepthTest4.xml (RunModel)" time="0.031" />
  <testcase classname="ptolemy.util.test.junit.AutoTests" name="[23] /home/travis/build/icyphy/ptII/ptolemy/domains/de/test/auto/DepthTest5.xml (RunModel)" time="0.02" />
  <testcase classname="ptolemy.util.test.junit.AutoTests" name="[24] /home/travis/build/icyphy/ptII/ptolemy/domains/de/test/auto/DepthTest6.xml (RunModel)" time="0.016" />
  <testcase classname="ptolemy.util.test.junit.AutoTests" name="[25] /home/travis/build/icyphy/ptII/ptolemy/domains/de/test/auto/DepthTest7.xml (RunModel)" time="0.012" />
  <testcase classname="ptolemy.util.test.junit.AutoTests" name="[26] /home/travis/build/icyphy/ptII/ptolemy/domains/de/test/auto/EventToDate.xml (RunModel)" time="3.048" />
  <testcase classname="ptolemy.util.test.junit.AutoTests" name="[27] /home/travis/build/icyphy/ptII/ptolemy/domains/de/test/auto/FSM1.xml (RunModel)" time="0.04" />
  <testcase classname="ptolemy.util.test.junit.AutoTests" name="[28] /home/travis/build/icyphy/ptII/ptolemy/domains/de/test/auto/FSM7.xml (RunModel)" time="0.043" />
  <testcase classname="ptolemy.util.test.junit.AutoTests" name="[29] /home/travis/build/icyphy/ptII/ptolemy/domains/de/test/auto/Inspection.xml (RunModel)" time="0.07" />
  <testcase classname="ptolemy.util.test.junit.AutoTests" name="[30] /home/travis/build/icyphy/ptII/ptolemy/domains/de/test/auto/Iteration.xml (RunModel)" time="0.03" />
  <testcase classname="ptolemy.util.test.junit.AutoTests" name="[31] /home/travis/build/icyphy/ptII/ptolemy/domains/de/test/auto/LineFault.xml (RunModel)" time="0.716" />
  <testcase classname="ptolemy.util.test.junit.AutoTests" name="[32] /home/travis/build/icyphy/ptII/ptolemy/domains/de/test/auto/MergeModel1Add.xml (RunModel)" time="0.064" />
  <testcase classname="ptolemy.util.test.junit.AutoTests" name="[33] /home/travis/build/icyphy/ptII/ptolemy/domains/de/test/auto/MergeModel2Add.xml (RunModel)" time="0.05" />
  <testcase classname="ptolemy.util.test.junit.AutoTests" name="[34] /home/travis/build/icyphy/ptII/ptolemy/domains/de/test/auto/MergeModel3Add.xml (RunModel)" time="0.052" />
  <testcase classname="ptolemy.util.test.junit.AutoTests" name="[35] /home/travis/build/icyphy/ptII/ptolemy/domains/de/test/auto/MergeWithoutDiscard.xml (RunModel)" time="0.02" />
  <testcase classname="ptolemy.util.test.junit.AutoTests" name="[36] /home/travis/build/icyphy/ptII/ptolemy/domains/de/test/auto/Modal1.xml (RunModel)" time="0.046" />
  <testcase classname="ptolemy.util.test.junit.AutoTests" name="[37] /home/travis/build/icyphy/ptII/ptolemy/domains/de/test/auto/Modal2.xml (RunModel)" time="0.039" />
  <testcase classname="ptolemy.util.test.junit.AutoTests" name="[38] /home/travis/build/icyphy/ptII/ptolemy/domains/de/test/auto/Modal3.xml (RunModel)" time="0.032" />
  <testcase classname="ptolemy.util.test.junit.AutoTests" name="[39] /home/travis/build/icyphy/ptII/ptolemy/domains/de/test/auto/Modal4.xml (RunModel)" time="0.038" />
  <testcase classname="ptolemy.util.test.junit.AutoTests" name="[40] /home/travis/build/icyphy/ptII/ptolemy/domains/de/test/auto/Modal5.xml (RunModel)" time="0.042" />
  <testcase classname="ptolemy.util.test.junit.AutoTests" name="[41] /home/travis/build/icyphy/ptII/ptolemy/domains/de/test/auto/Modal6.xml (RunModel)" time="0.033" />
  <testcase classname="ptolemy.util.test.junit.AutoTests" name="[42] /home/travis/build/icyphy/ptII/ptolemy/domains/de/test/auto/Modal7.xml (RunModel)" time="0.039" />
  <testcase classname="ptolemy.util.test.junit.AutoTests" name="[43] /home/travis/build/icyphy/ptII/ptolemy/domains/de/test/auto/ModalModel.xml (RunModel)" time="0.226" />
  <testcase classname="ptolemy.util.test.junit.AutoTests" name="[44] /home/travis/build/icyphy/ptII/ptolemy/domains/de/test/auto/ModalSource.xml (RunModel)" time="0.029" />
  <testcase classname="ptolemy.util.test.junit.AutoTests" name="[45] /home/travis/build/icyphy/ptII/ptolemy/domains/de/test/auto/NonInterruptibleTimerZeroDelay.xml (RunModel)" time="0.011" />
  <testcase classname="ptolemy.util.test.junit.AutoTests" name="[46] /home/travis/build/icyphy/ptII/ptolemy/domains/de/test/auto/OpenQueueingNetwork.xml (RunModel)" time="2.457" />
  <testcase classname="ptolemy.util.test.junit.AutoTests" name="[47] /home/travis/build/icyphy/ptII/ptolemy/domains/de/test/auto/OpenQueuingNetwork.xml (RunModel)" time="0.354" />
  <testcase classname="ptolemy.util.test.junit.AutoTests" name="[48] /home/travis/build/icyphy/ptII/ptolemy/domains/de/test/auto/PeriodicSampler.xml (RunModel)" time="0.015" />
  <testcase classname="ptolemy.util.test.junit.AutoTests" name="[49] /home/travis/build/icyphy/ptII/ptolemy/domains/de/test/auto/PersistentIO.xml (RunModel)" time="0.025" />
  <testcase classname="ptolemy.util.test.junit.AutoTests" name="[50] /home/travis/build/icyphy/ptII/ptolemy/domains/de/test/auto/PortParameterResetOnInitialize.xml (RunModel)" time="0.015" />
  <testcase classname="ptolemy.util.test.junit.AutoTests" name="[51] /home/travis/build/icyphy/ptII/ptolemy/domains/de/test/auto/PortParameterUpdates.xml (RunModel)" time="0.017" />
  <testcase classname="ptolemy.util.test.junit.AutoTests" name="[52] /home/travis/build/icyphy/ptII/ptolemy/domains/de/test/auto/QueueAndServer.xml (RunModel)" time="0.026" />
  <testcase classname="ptolemy.util.test.junit.AutoTests" name="[53] /home/travis/build/icyphy/ptII/ptolemy/domains/de/test/auto/Records.xml (RunModel)" time="0.017" />
  <testcase classname="ptolemy.util.test.junit.AutoTests" name="[54] /home/travis/build/icyphy/ptII/ptolemy/domains/de/test/auto/ResetTransitionWithStartTime1.xml (RunModel)" time="0.029" />
  <testcase classname="ptolemy.util.test.junit.AutoTests" name="[55] /home/travis/build/icyphy/ptII/ptolemy/domains/de/test/auto/ResetTransitionWithStartTime2.xml (RunModel)" time="0.025" />
  <testcase classname="ptolemy.util.test.junit.AutoTests" name="[56] /home/travis/build/icyphy/ptII/ptolemy/domains/de/test/auto/ResetTransitionWithStartTime3.xml (RunModel)" time="0.023" />
  <testcase classname="ptolemy.util.test.junit.AutoTests" name="[57] /home/travis/build/icyphy/ptII/ptolemy/domains/de/test/auto/ResetTransitionWithStartTime4.xml (RunModel)" time="0.022" />
  <testcase classname="ptolemy.util.test.junit.AutoTests" name="[58] /home/travis/build/icyphy/ptII/ptolemy/domains/de/test/auto/ResettableTimer1.xml (RunModel)" time="0.015" />
  <testcase classname="ptolemy.util.test.junit.AutoTests" name="[59] /home/travis/build/icyphy/ptII/ptolemy/domains/de/test/auto/ResettableTimer2.xml (RunModel)" time="0.016" />
  <testcase classname="ptolemy.util.test.junit.AutoTests" name="[60] /home/travis/build/icyphy/ptII/ptolemy/domains/de/test/auto/ResettableTimer3.xml (RunModel)" time="0.01" />
  <testcase classname="ptolemy.util.test.junit.AutoTests" name="[61] /home/travis/build/icyphy/ptII/ptolemy/domains/de/test/auto/ResettableTimer4.xml (RunModel)" time="0.012" />
  <testcase classname="ptolemy.util.test.junit.AutoTests" name="[62] /home/travis/build/icyphy/ptII/ptolemy/domains/de/test/auto/ResettableTimer5.xml (RunModel)" time="0.011" />
  <testcase classname="ptolemy.util.test.junit.AutoTests" name="[63] /home/travis/build/icyphy/ptII/ptolemy/domains/de/test/auto/ResettableTimer6.xml (RunModel)" time="0.022" />
  <testcase classname="ptolemy.util.test.junit.AutoTests" name="[64] /home/travis/build/icyphy/ptII/ptolemy/domains/de/test/auto/ServerZeroDelay.xml (RunModel)" time="0.012" />
  <testcase classname="ptolemy.util.test.junit.AutoTests" name="[65] /home/travis/build/icyphy/ptII/ptolemy/domains/de/test/auto/SmartSender.xml (RunModel)" time="3.011" />
  <testcase classname="ptolemy.util.test.junit.AutoTests" name="[66] /home/travis/build/icyphy/ptII/ptolemy/domains/de/test/auto/ThreadedComposite.xml (RunModel)" time="0.198" />
  <testcase classname="ptolemy.util.test.junit.AutoTests" name="[67] /home/travis/build/icyphy/ptII/ptolemy/domains/de/test/auto/Time.xml (RunModel)" time="0.422" />
  <testcase classname="ptolemy.util.test.junit.AutoTests" name="[68] /home/travis/build/icyphy/ptII/ptolemy/domains/de/test/auto/TimeDelayZeroDelay.xml (RunModel)" time="0.019" />
  <testcase classname="ptolemy.util.test.junit.AutoTests" name="[69] /home/travis/build/icyphy/ptII/ptolemy/domains/de/test/auto/TimerZeroDelay.xml (RunModel)" time="0.011" />
  <testcase classname="ptolemy.util.test.junit.AutoTests" name="[70] /home/travis/build/icyphy/ptII/ptolemy/domains/de/test/auto/TimingParadox.xml (RunModel)" time="0.337" />
  <testcase classname="ptolemy.util.test.junit.AutoTests" name="[71] /home/travis/build/icyphy/ptII/ptolemy/domains/de/test/auto/TransferInputs.xml (RunModel)" time="0.015" />
  <testcase classname="ptolemy.util.test.junit.AutoTests" name="[72] /home/travis/build/icyphy/ptII/ptolemy/domains/de/test/auto/TransferOutputs2.xml (RunModel)" time="0.023" />
  <testcase classname="ptolemy.util.test.junit.AutoTests" name="[73] /home/travis/build/icyphy/ptII/ptolemy/domains/de/test/auto/Trilateration.xml (RunModel)" time="13.762" />
  <testcase classname="ptolemy.util.test.junit.AutoTests" name="[74] /home/travis/build/icyphy/ptII/ptolemy/domains/de/test/auto/TwoSigmaDelta.xml (RunModel)" time="2.362" />
  <testcase classname="ptolemy.util.test.junit.AutoTests" name="[75] /home/travis/build/icyphy/ptII/ptolemy/domains/de/test/auto/VariableDelay.xml (RunModel)" time="0.01" />
  <testcase classname="ptolemy.util.test.junit.AutoTests" name="[76] /home/travis/build/icyphy/ptII/ptolemy/domains/de/test/auto/VariableDelay2.xml (RunModel)" time="0.015" />
  <testcase classname="ptolemy.util.test.junit.AutoTests" name="[77] /home/travis/build/icyphy/ptII/ptolemy/domains/de/test/auto/VariableDelayZeroDelay.xml (RunModel)" time="0.027" />
  <testcase classname="ptolemy.util.test.junit.AutoTests" name="[78] /home/travis/build/icyphy/ptII/ptolemy/domains/de/test/auto/VariableDelayZeroDelay2.xml (RunModel)" time="0.05" />
  <testcase classname="ptolemy.util.test.junit.AutoTests" name="[79] /home/travis/build/icyphy/ptII/ptolemy/domains/de/test/auto/deInCt.xml (RunModel)" time="0.047" />
  <testcase classname="ptolemy.util.test.junit.AutoTests" name="[80] /home/travis/build/icyphy/ptII/ptolemy/domains/de/test/auto/deInCt2.xml (RunModel)" time="0.034" />
  <testcase classname="ptolemy.util.test.junit.AutoTests" name="[81] /home/travis/build/icyphy/ptII/ptolemy/domains/de/test/auto/dynamicCausalityInterface1.xml (RunModel)" time="0.066" />
  <testcase classname="ptolemy.util.test.junit.AutoTests" name="[82] /home/travis/build/icyphy/ptII/ptolemy/domains/de/test/auto/fsm_de_test.xml (RunModel)" time="0.058" />
  <testcase classname="ptolemy.util.test.junit.AutoTests" name="[83] /home/travis/build/icyphy/ptII/ptolemy/domains/de/test/auto/functionDependencyReconstruction.xml (RunModel)" time="0.045" />
  <testcase classname="ptolemy.util.test.junit.AutoTests" name="[84] /home/travis/build/icyphy/ptII/ptolemy/domains/de/test/auto/multirate.xml (RunModel)" time="0.04" />
  <testcase classname="ptolemy.util.test.junit.AutoTests" name="[85] /home/travis/build/icyphy/ptII/ptolemy/domains/de/test/auto/multirate2.xml (RunModel)" time="0.035" />
  <testcase classname="ptolemy.util.test.junit.AutoTests" name="[86] /home/travis/build/icyphy/ptII/ptolemy/domains/de/test/auto/realtime.xml (RunModel)" time="10.018" />
  <testcase classname="ptolemy.util.test.junit.AutoTests" name="[87] /home/travis/build/icyphy/ptII/ptolemy/domains/de/test/auto/relationGroup.xml (RunModel)" time="0.011" />
  <testcase classname="ptolemy.util.test.junit.AutoTests" name="[88] /home/travis/build/icyphy/ptII/ptolemy/domains/de/test/auto/relationGroup2.xml (RunModel)" time="0.007" />
  <testcase classname="ptolemy.util.test.junit.AutoTests" name="[89] /home/travis/build/icyphy/ptII/ptolemy/domains/de/test/auto/sortWithOpaquePorts.xml (RunModel)" time="0.011" />
  <testcase classname="ptolemy.util.test.junit.AutoTests" name="[90] /home/travis/build/icyphy/ptII/ptolemy/domains/de/test/auto/transferInputsandOutputs.xml (RunModel)" time="0.015" />
  <testcase classname="ptolemy.util.test.junit.AutoTests" name="[91] /home/travis/build/icyphy/ptII/ptolemy/domains/de/test/auto/triggerType.xml (RunModel)" time="0.023" />
  <system-out><![CDATA[/home/travis/build/icyphy/ptII/ptolemy/domains/de/test/DependencyLoop.tcl
testDefs.tcl: setting time out to 9000 seconds at Fri Jun 26 14:52:57 UTC 2020
87 ms. Memory: 129024K Free: 78795K (61%)
27 ms. Memory: 129024K Free: 61387K (48%)
/home/travis/build/icyphy/ptII/ptolemy/domains/de/test/RunDETestsAsQSS.tcl
Run the DE tests using ptolemy.domains.qss.test.QSSDirectorTest, which extends QSSDirector and prints a message in the constructors.
------------------ testing $PTII/ptolemy/domains/de/test/auto/knownFailedTests/DirectFeedback.xml (Known Failure) 
101 ms. Memory: 129024K Free: 55753K (43%)


==== $PTIIhome/travis/build/icyphy/ptII/ptolemy/domains/de/test/../../../../: Auto Automatic test in file $PTII/ptolemy/domains/de/test/auto/knownFailedTests/DirectFeedback.xml
==== Contents of test case:

	    # FIXME: we should use $relativeFilename here, but it
	    # might have backslashes under Windows, which causes no end
	    # of trouble.
	    createAndExecute $file
	    list {}
	
.... Test generated KNOWN error:
    while executing
ptolemy.kernel.util.IllegalActionException: Test fails in iteration 1.
Value was: 1.0. Should have been: 2.0
  in .DirectFeedback.Test
	at ptolemy.actor.lib.Test.fire(Test.java:268)
	at ptolemy.domains.de.kernel.DEDirector._fire(DEDirector.java:1949)
	at ptolemy.domains.de.kernel.DEDirector.fire(DEDirector.java:502)
	at ptolemy.actor.CompositeActor.fire(CompositeActor.java:455)
	at ptolemy.actor.Manager.iterate(Manager.java:851)
	at ptolemy.actor.Manager.execute(Manager.java:369)
	at ptolemy.actor.Manager.run(Manager.java:1263)
	at ptolemy.actor.Manager$PtolemyRunThread.run(Manager.java:1933)

    while executing
ptolemy.kernel.util.IllegalActionException: Test fails in iteration 1.
Value was: 1.0. Should have been: 2.0
  in .DirectFeedback.Test
    while executing
"java::new ptolemy.moml.MoMLSimpleApplication $file
"
    (procedure "createAndExecute" line 2)
    invoked from within
"createAndExecute $file"
    ("uplevel" body line 5)
    invoked from within
"uplevel $contents_of_test"
------------------ testing $PTII/ptolemy/domains/de/test/auto/knownFailedTests/dependencyLoop.xml (Known Failure) 
13 ms. Memory: 129024K Free: 52681K (41%)


==== $PTIIhome/travis/build/icyphy/ptII/ptolemy/domains/de/test/../../../../: Auto Automatic test in file $PTII/ptolemy/domains/de/test/auto/knownFailedTests/dependencyLoop.xml
==== Contents of test case:

	    # FIXME: we should use $relativeFilename here, but it
	    # might have backslashes under Windows, which causes no end
	    # of trouble.
	    createAndExecute $file
	    list {}
	
.... Test generated KNOWN error:
    while executing
ptolemy.kernel.util.IllegalActionException: Found a zero delay loop containing .dependencyLoop.original
  in .dependencyLoop and .dependencyLoop.original
	at ptolemy.actor.util.CausalityInterfaceForComposites._computeOutputPortDepth(CausalityInterfaceForComposites.java:759)
	at ptolemy.actor.util.CausalityInterfaceForComposites._computeInputDepth(CausalityInterfaceForComposites.java:696)
	at ptolemy.actor.util.CausalityInterfaceForComposites._computeOutputPortDepth(CausalityInterfaceForComposites.java:765)
	at ptolemy.actor.util.CausalityInterfaceForComposites._computeInputDepth(CausalityInterfaceForComposites.java:696)
	at ptolemy.actor.util.CausalityInterfaceForComposites._computeOutputPortDepth(CausalityInterfaceForComposites.java:765)
	at ptolemy.actor.util.CausalityInterfaceForComposites._computeInputDepth(CausalityInterfaceForComposites.java:696)
	at ptolemy.actor.util.CausalityInterfaceForComposites._computeActorDepth(CausalityInterfaceForComposites.java:532)
	at ptolemy.actor.util.CausalityInterfaceForComposites.checkForCycles(CausalityInterfaceForComposites.java:96)
	at ptolemy.domains.de.kernel.DEDirector.preinitialize(DEDirector.java:1338)
	at ptolemy.actor.CompositeActor.preinitialize(CompositeActor.java:1828)
	at ptolemy.actor.Manager.preinitializeAndResolveTypes(Manager.java:1040)
	at ptolemy.actor.Manager.initialize(Manager.java:710)
	at ptolemy.actor.Manager.execute(Manager.java:356)
	at ptolemy.actor.Manager.run(Manager.java:1263)
	at ptolemy.actor.Manager$PtolemyRunThread.run(Manager.java:1933)

    while executing
ptolemy.kernel.util.IllegalActionException: Found a zero delay loop containing .dependencyLoop.original
  in .dependencyLoop and .dependencyLoop.original
    while executing
"java::new ptolemy.moml.MoMLSimpleApplication $file
"
    (procedure "createAndExecute" line 2)
    invoked from within
"createAndExecute $file"
    ("uplevel" body line 5)
    invoked from within
"uplevel $contents_of_test"
------------------ testing $PTII/ptolemy/domains/de/test/auto/knownFailedTests/FSMSource.xml (Known Failure) 
55 ms. Memory: 129024K Free: 110470K (86%)
!!!! Auto was marked as failing, but now passes
------------------ testing $PTII/ptolemy/domains/de/test/auto/knownFailedTests/HierarchicalModel.xml (Known Failure) 
7 ms. Memory: 129024K Free: 93092K (72%)


==== $PTIIhome/travis/build/icyphy/ptII/ptolemy/domains/de/test/../../../../: Auto Automatic test in file $PTII/ptolemy/domains/de/test/auto/knownFailedTests/HierarchicalModel.xml
==== Contents of test case:

	    # FIXME: we should use $relativeFilename here, but it
	    # might have backslashes under Windows, which causes no end
	    # of trouble.
	    createAndExecute $file
	    list {}
	
.... Test generated KNOWN error:
    while executing
ptolemy.kernel.util.IllegalActionException: Found a zero delay loop containing .HierarchicalModel.A
  in .HierarchicalModel and .HierarchicalModel.A
	at ptolemy.actor.util.CausalityInterfaceForComposites._computeOutputPortDepth(CausalityInterfaceForComposites.java:759)
	at ptolemy.actor.util.CausalityInterfaceForComposites._computeInputDepth(CausalityInterfaceForComposites.java:696)
	at ptolemy.actor.util.CausalityInterfaceForComposites._computeOutputPortDepth(CausalityInterfaceForComposites.java:765)
	at ptolemy.actor.util.CausalityInterfaceForComposites._computeInputDepth(CausalityInterfaceForComposites.java:696)
	at ptolemy.actor.util.CausalityInterfaceForComposites._computeOutputPortDepth(CausalityInterfaceForComposites.java:765)
	at ptolemy.actor.util.CausalityInterfaceForComposites._computeInputDepth(CausalityInterfaceForComposites.java:696)
	at ptolemy.actor.util.CausalityInterfaceForComposites._computeActorDepth(CausalityInterfaceForComposites.java:532)
	at ptolemy.actor.util.CausalityInterfaceForComposites.checkForCycles(CausalityInterfaceForComposites.java:96)
	at ptolemy.domains.de.kernel.DEDirector.preinitialize(DEDirector.java:1338)
	at ptolemy.actor.CompositeActor.preinitialize(CompositeActor.java:1828)
	at ptolemy.actor.Manager.preinitializeAndResolveTypes(Manager.java:1040)
	at ptolemy.actor.Manager.initialize(Manager.java:710)
	at ptolemy.actor.Manager.execute(Manager.java:356)
	at ptolemy.actor.Manager.run(Manager.java:1263)
	at ptolemy.actor.Manager$PtolemyRunThread.run(Manager.java:1933)

    while executing
ptolemy.kernel.util.IllegalActionException: Found a zero delay loop containing .HierarchicalModel.A
  in .HierarchicalModel and .HierarchicalModel.A
    while executing
"java::new ptolemy.moml.MoMLSimpleApplication $file
"
    (procedure "createAndExecute" line 2)
    invoked from within
"createAndExecute $file"
    ("uplevel" body line 5)
    invoked from within
"uplevel $contents_of_test"
------------------ testing $PTII/ptolemy/domains/de/test/auto/knownFailedTests/dependencyLoop2.xml (Known Failure) 
14 ms. Memory: 129024K Free: 76692K (59%)


==== $PTIIhome/travis/build/icyphy/ptII/ptolemy/domains/de/test/../../../../: Auto Automatic test in file $PTII/ptolemy/domains/de/test/auto/knownFailedTests/dependencyLoop2.xml
==== Contents of test case:

	    # FIXME: we should use $relativeFilename here, but it
	    # might have backslashes under Windows, which causes no end
	    # of trouble.
	    createAndExecute $file
	    list {}
	
.... Test generated KNOWN error:
    while executing
ptolemy.kernel.util.IllegalActionException: Found a zero delay loop containing .dependencyLoop2.original
  in .dependencyLoop2 and .dependencyLoop2.original
	at ptolemy.actor.util.CausalityInterfaceForComposites._computeOutputPortDepth(CausalityInterfaceForComposites.java:759)
	at ptolemy.actor.util.CausalityInterfaceForComposites._computeInputDepth(CausalityInterfaceForComposites.java:696)
	at ptolemy.actor.util.CausalityInterfaceForComposites._computeOutputPortDepth(CausalityInterfaceForComposites.java:765)
	at ptolemy.actor.util.CausalityInterfaceForComposites._computeInputDepth(CausalityInterfaceForComposites.java:696)
	at ptolemy.actor.util.CausalityInterfaceForComposites._computeOutputPortDepth(CausalityInterfaceForComposites.java:765)
	at ptolemy.actor.util.CausalityInterfaceForComposites._computeInputDepth(CausalityInterfaceForComposites.java:696)
	at ptolemy.actor.util.CausalityInterfaceForComposites._computeActorDepth(CausalityInterfaceForComposites.java:532)
	at ptolemy.actor.util.CausalityInterfaceForComposites.checkForCycles(CausalityInterfaceForComposites.java:96)
	at ptolemy.domains.de.kernel.DEDirector.preinitialize(DEDirector.java:1338)
	at ptolemy.actor.CompositeActor.preinitialize(CompositeActor.java:1828)
	at ptolemy.actor.Manager.preinitializeAndResolveTypes(Manager.java:1040)
	at ptolemy.actor.Manager.initialize(Manager.java:710)
	at ptolemy.actor.Manager.execute(Manager.java:356)
	at ptolemy.actor.Manager.run(Manager.java:1263)
	at ptolemy.actor.Manager$PtolemyRunThread.run(Manager.java:1933)

    while executing
ptolemy.kernel.util.IllegalActionException: Found a zero delay loop containing .dependencyLoop2.original
  in .dependencyLoop2 and .dependencyLoop2.original
    while executing
"java::new ptolemy.moml.MoMLSimpleApplication $file
"
    (procedure "createAndExecute" line 2)
    invoked from within
"createAndExecute $file"
    ("uplevel" body line 5)
    invoked from within
"uplevel $contents_of_test"
------------------ testing $PTII/ptolemy/domains/de/test/auto/knownFailedTests/DESDFClockTest.xml (Known Failure) 
2074 ms. Memory: 129024K Free: 106757K (83%)


==== $PTIIhome/travis/build/icyphy/ptII/ptolemy/domains/de/test/../../../../: Auto Automatic test in file $PTII/ptolemy/domains/de/test/auto/knownFailedTests/DESDFClockTest.xml
==== Contents of test case:

	    # FIXME: we should use $relativeFilename here, but it
	    # might have backslashes under Windows, which causes no end
	    # of trouble.
	    createAndExecute $file
	    list {}
	
.... Test generated KNOWN error:
    while executing
ptolemy.kernel.util.IllegalActionException: Actor is not ready to fire.  Perhaps UpSample.prefire() returned false? Try debugging the actor by selecting "Listen to Actor".  Also, for SDF check moml for tokenConsumptionRate on input.
  in .DESDFClockTest.Play Bell.Copy1:SDF Director and .DESDFClockTest.Play Bell.UpSample
	at ptolemy.actor.sched.StaticSchedulingDirector.fire(StaticSchedulingDirector.java:227)
	at ptolemy.domains.sdf.kernel.SDFDirector.fire(SDFDirector.java:500)
	at ptolemy.actor.CompositeActor.fire(CompositeActor.java:455)
	at ptolemy.domains.de.kernel.DEDirector._fire(DEDirector.java:1949)
	at ptolemy.domains.de.kernel.DEDirector.fire(DEDirector.java:502)
	at ptolemy.actor.CompositeActor.fire(CompositeActor.java:455)
	at ptolemy.actor.Manager.iterate(Manager.java:851)
	at ptolemy.actor.Manager.execute(Manager.java:369)
	at ptolemy.actor.Manager.run(Manager.java:1263)
	at ptolemy.actor.Manager$PtolemyRunThread.run(Manager.java:1933)

    while executing
ptolemy.kernel.util.IllegalActionException: Actor is not ready to fire.  Perhaps UpSample.prefire() returned false? Try debugging the actor by selecting "Listen to Actor".  Also, for SDF check moml for tokenConsumptionRate on input.
  in .DESDFClockTest.Play Bell.Copy1:SDF Director and .DESDFClockTest.Play Bell.UpSample
    while executing
"java::new ptolemy.moml.MoMLSimpleApplication $file
"
    (procedure "createAndExecute" line 2)
    invoked from within
"createAndExecute $file"
    ("uplevel" body line 5)
    invoked from within
"uplevel $contents_of_test"
------------------ testing $PTII/ptolemy/domains/de/test/auto/ActorDepthCalculation_actorWithoutPorts.xml
auto.tcl: Setting watchdog for 200 seconds at Fri Jun 26 14:53:02 UTC 2020
11 ms. Memory: 129024K Free: 99079K (77%)
ptolemy.util.test.WatchDog.cancel(): canceling Fri Jun 26 14:53:02 UTC 2020
auto.tcl: Setting watchdog for 200 seconds at Fri Jun 26 14:53:02 UTC 2020
10 ms. Memory: 129024K Free: 97527K (76%)
ptolemy.util.test.WatchDog.cancel(): canceling Fri Jun 26 14:53:02 UTC 2020
------------------ testing $PTII/ptolemy/domains/de/test/auto/AssemblyLine.xml
auto.tcl: Setting watchdog for 200 seconds at Fri Jun 26 14:53:02 UTC 2020
31 ms. Memory: 51200K Free: 27478K (54%)
ptolemy.util.test.WatchDog.cancel(): canceling Fri Jun 26 14:53:02 UTC 2020
auto.tcl: Setting watchdog for 200 seconds at Fri Jun 26 14:53:02 UTC 2020
13 ms. Memory: 51200K Free: 26972K (53%)
ptolemy.util.test.WatchDog.cancel(): canceling Fri Jun 26 14:53:02 UTC 2020
------------------ testing $PTII/ptolemy/domains/de/test/auto/CQBug1.xml
auto.tcl: Setting watchdog for 200 seconds at Fri Jun 26 14:53:02 UTC 2020
3 ms. Memory: 51200K Free: 33823K (66%)
ptolemy.util.test.WatchDog.cancel(): canceling Fri Jun 26 14:53:03 UTC 2020
auto.tcl: Setting watchdog for 200 seconds at Fri Jun 26 14:53:03 UTC 2020
6 ms. Memory: 51200K Free: 33355K (65%)
ptolemy.util.test.WatchDog.cancel(): canceling Fri Jun 26 14:53:03 UTC 2020
------------------ testing $PTII/ptolemy/domains/de/test/auto/CancelFireAt.xml
auto.tcl: Setting watchdog for 200 seconds at Fri Jun 26 14:53:03 UTC 2020
14 ms. Memory: 48128K Free: 31584K (66%)
ptolemy.util.test.WatchDog.cancel(): canceling Fri Jun 26 14:53:03 UTC 2020
auto.tcl: Setting watchdog for 200 seconds at Fri Jun 26 14:53:03 UTC 2020
3 ms. Memory: 48128K Free: 31130K (65%)
ptolemy.util.test.WatchDog.cancel(): canceling Fri Jun 26 14:53:03 UTC 2020
------------------ testing $PTII/ptolemy/domains/de/test/auto/CausalityAndComposabilityAnalysis.xml
auto.tcl: Setting watchdog for 200 seconds at Fri Jun 26 14:53:03 UTC 2020
8 ms. Memory: 48128K Free: 29438K (61%)
ptolemy.util.test.WatchDog.cancel(): canceling Fri Jun 26 14:53:03 UTC 2020
auto.tcl: Setting watchdog for 200 seconds at Fri Jun 26 14:53:03 UTC 2020
6 ms. Memory: 48128K Free: 29026K (60%)
ptolemy.util.test.WatchDog.cancel(): canceling Fri Jun 26 14:53:03 UTC 2020
------------------ testing $PTII/ptolemy/domains/de/test/auto/CausalityInterface1.xml
auto.tcl: Setting watchdog for 200 seconds at Fri Jun 26 14:53:03 UTC 2020
38 ms. Memory: 48128K Free: 28351K (59%)
ptolemy.util.test.WatchDog.cancel(): canceling Fri Jun 26 14:53:03 UTC 2020
auto.tcl: Setting watchdog for 200 seconds at Fri Jun 26 14:53:03 UTC 2020
9 ms. Memory: 48128K Free: 27357K (57%)
ptolemy.util.test.WatchDog.cancel(): canceling Fri Jun 26 14:53:03 UTC 2020
------------------ testing $PTII/ptolemy/domains/de/test/auto/CausalityInterface15.xml
auto.tcl: Setting watchdog for 200 seconds at Fri Jun 26 14:53:03 UTC 2020
6 ms. Memory: 48128K Free: 28424K (59%)
ptolemy.util.test.WatchDog.cancel(): canceling Fri Jun 26 14:53:03 UTC 2020
auto.tcl: Setting watchdog for 200 seconds at Fri Jun 26 14:53:03 UTC 2020
6 ms. Memory: 48128K Free: 27323K (57%)
ptolemy.util.test.WatchDog.cancel(): canceling Fri Jun 26 14:53:03 UTC 2020
------------------ testing $PTII/ptolemy/domains/de/test/auto/CausalityInterface2.xml
auto.tcl: Setting watchdog for 200 seconds at Fri Jun 26 14:53:03 UTC 2020
7 ms. Memory: 48128K Free: 28965K (60%)
ptolemy.util.test.WatchDog.cancel(): canceling Fri Jun 26 14:53:03 UTC 2020
auto.tcl: Setting watchdog for 200 seconds at Fri Jun 26 14:53:03 UTC 2020
5 ms. Memory: 48128K Free: 27860K (58%)
ptolemy.util.test.WatchDog.cancel(): canceling Fri Jun 26 14:53:03 UTC 2020
------------------ testing $PTII/ptolemy/domains/de/test/auto/CausalityInterface3.xml
auto.tcl: Setting watchdog for 200 seconds at Fri Jun 26 14:53:03 UTC 2020
4 ms. Memory: 48128K Free: 28534K (59%)
ptolemy.util.test.WatchDog.cancel(): canceling Fri Jun 26 14:53:03 UTC 2020
auto.tcl: Setting watchdog for 200 seconds at Fri Jun 26 14:53:03 UTC 2020
3 ms. Memory: 48128K Free: 27748K (58%)
ptolemy.util.test.WatchDog.cancel(): canceling Fri Jun 26 14:53:03 UTC 2020
------------------ testing $PTII/ptolemy/domains/de/test/auto/ClockDrift.xml
auto.tcl: Setting watchdog for 200 seconds at Fri Jun 26 14:53:03 UTC 2020
71 ms. Memory: 48128K Free: 21117K (44%)
ptolemy.util.test.WatchDog.cancel(): canceling Fri Jun 26 14:53:03 UTC 2020
auto.tcl: Setting watchdog for 200 seconds at Fri Jun 26 14:53:03 UTC 2020
63 ms. Memory: 48128K Free: 18104K (38%)
ptolemy.util.test.WatchDog.cancel(): canceling Fri Jun 26 14:53:03 UTC 2020
------------------ testing $PTII/ptolemy/domains/de/test/auto/ClockDriftAndValueChange.xml
auto.tcl: Setting watchdog for 200 seconds at Fri Jun 26 14:53:03 UTC 2020
61 ms. Memory: 48128K Free: 20958K (44%)
ptolemy.util.test.WatchDog.cancel(): canceling Fri Jun 26 14:53:04 UTC 2020
auto.tcl: Setting watchdog for 200 seconds at Fri Jun 26 14:53:04 UTC 2020
32 ms. Memory: 48128K Free: 17962K (37%)
ptolemy.util.test.WatchDog.cancel(): canceling Fri Jun 26 14:53:04 UTC 2020
------------------ testing $PTII/ptolemy/domains/de/test/auto/ClockDriftChange.xml
auto.tcl: Setting watchdog for 200 seconds at Fri Jun 26 14:53:04 UTC 2020
22 ms. Memory: 48128K Free: 23241K (48%)
ptolemy.util.test.WatchDog.cancel(): canceling Fri Jun 26 14:53:04 UTC 2020
auto.tcl: Setting watchdog for 200 seconds at Fri Jun 26 14:53:04 UTC 2020
17 ms. Memory: 48128K Free: 20668K (43%)
ptolemy.util.test.WatchDog.cancel(): canceling Fri Jun 26 14:53:04 UTC 2020
------------------ testing $PTII/ptolemy/domains/de/test/auto/ComposableCausalityAnalysis.xml
auto.tcl: Setting watchdog for 200 seconds at Fri Jun 26 14:53:04 UTC 2020
3 ms. Memory: 48128K Free: 27652K (57%)
ptolemy.util.test.WatchDog.cancel(): canceling Fri Jun 26 14:53:04 UTC 2020
auto.tcl: Setting watchdog for 200 seconds at Fri Jun 26 14:53:04 UTC 2020
5 ms. Memory: 48128K Free: 26573K (55%)
ptolemy.util.test.WatchDog.cancel(): canceling Fri Jun 26 14:53:04 UTC 2020
------------------ testing $PTII/ptolemy/domains/de/test/auto/DEFixedPointLimitation.xml
auto.tcl: Setting watchdog for 200 seconds at Fri Jun 26 14:53:04 UTC 2020
5 ms. Memory: 48128K Free: 28951K (60%)
ptolemy.util.test.WatchDog.cancel(): canceling Fri Jun 26 14:53:04 UTC 2020
auto.tcl: Setting watchdog for 200 seconds at Fri Jun 26 14:53:04 UTC 2020
1 ms. Memory: 48128K Free: 28073K (58%)
ptolemy.util.test.WatchDog.cancel(): canceling Fri Jun 26 14:53:04 UTC 2020
------------------ testing $PTII/ptolemy/domains/de/test/auto/DEScheduleTest.xml
auto.tcl: Setting watchdog for 200 seconds at Fri Jun 26 14:53:04 UTC 2020
10 ms. Memory: 48128K Free: 29277K (61%)
ptolemy.util.test.WatchDog.cancel(): canceling Fri Jun 26 14:53:04 UTC 2020
auto.tcl: Setting watchdog for 200 seconds at Fri Jun 26 14:53:04 UTC 2020
3 ms. Memory: 48128K Free: 28513K (59%)
ptolemy.util.test.WatchDog.cancel(): canceling Fri Jun 26 14:53:04 UTC 2020
------------------ testing $PTII/ptolemy/domains/de/test/auto/DEinDEwithStartTimes.xml
auto.tcl: Setting watchdog for 200 seconds at Fri Jun 26 14:53:04 UTC 2020
5 ms. Memory: 48128K Free: 27458K (57%)
ptolemy.util.test.WatchDog.cancel(): canceling Fri Jun 26 14:53:04 UTC 2020
auto.tcl: Setting watchdog for 200 seconds at Fri Jun 26 14:53:04 UTC 2020
3 ms. Memory: 48128K Free: 26415K (55%)
ptolemy.util.test.WatchDog.cancel(): canceling Fri Jun 26 14:53:04 UTC 2020
------------------ testing $PTII/ptolemy/domains/de/test/auto/DEinDEwithStartTimes2.xml
auto.tcl: Setting watchdog for 200 seconds at Fri Jun 26 14:53:04 UTC 2020
6 ms. Memory: 48128K Free: 26624K (55%)
ptolemy.util.test.WatchDog.cancel(): canceling Fri Jun 26 14:53:04 UTC 2020
auto.tcl: Setting watchdog for 200 seconds at Fri Jun 26 14:53:04 UTC 2020
3 ms. Memory: 48128K Free: 25371K (53%)
ptolemy.util.test.WatchDog.cancel(): canceling Fri Jun 26 14:53:04 UTC 2020
------------------ testing $PTII/ptolemy/domains/de/test/auto/DateDemo.xml
auto.tcl: Setting watchdog for 200 seconds at Fri Jun 26 14:53:04 UTC 2020
29 ms. Memory: 48128K Free: 21023K (44%)
ptolemy.util.test.WatchDog.cancel(): canceling Fri Jun 26 14:53:04 UTC 2020
auto.tcl: Setting watchdog for 200 seconds at Fri Jun 26 14:53:04 UTC 2020
12 ms. Memory: 48128K Free: 19438K (40%)
ptolemy.util.test.WatchDog.cancel(): canceling Fri Jun 26 14:53:04 UTC 2020
------------------ testing $PTII/ptolemy/domains/de/test/auto/DateToEvent.xml
auto.tcl: Setting watchdog for 200 seconds at Fri Jun 26 14:53:04 UTC 2020
2021 ms. Memory: 48128K Free: 16935K (35%)
ptolemy.util.test.WatchDog.cancel(): canceling Fri Jun 26 14:53:07 UTC 2020
auto.tcl: Setting watchdog for 200 seconds at Fri Jun 26 14:53:07 UTC 2020
2005 ms. Memory: 48128K Free: 16174K (34%)
ptolemy.util.test.WatchDog.cancel(): canceling Fri Jun 26 14:53:09 UTC 2020
------------------ testing $PTII/ptolemy/domains/de/test/auto/DepthTest1.xml
auto.tcl: Setting watchdog for 200 seconds at Fri Jun 26 14:53:09 UTC 2020
5 ms. Memory: 48128K Free: 30082K (63%)
ptolemy.util.test.WatchDog.cancel(): canceling Fri Jun 26 14:53:09 UTC 2020
auto.tcl: Setting watchdog for 200 seconds at Fri Jun 26 14:53:09 UTC 2020
2 ms. Memory: 48128K Free: 29665K (62%)
ptolemy.util.test.WatchDog.cancel(): canceling Fri Jun 26 14:53:09 UTC 2020
------------------ testing $PTII/ptolemy/domains/de/test/auto/DepthTest2.xml
auto.tcl: Setting watchdog for 200 seconds at Fri Jun 26 14:53:09 UTC 2020
7 ms. Memory: 48128K Free: 26893K (56%)
ptolemy.util.test.WatchDog.cancel(): canceling Fri Jun 26 14:53:09 UTC 2020
auto.tcl: Setting watchdog for 200 seconds at Fri Jun 26 14:53:09 UTC 2020
4 ms. Memory: 48128K Free: 26504K (55%)
ptolemy.util.test.WatchDog.cancel(): canceling Fri Jun 26 14:53:09 UTC 2020
------------------ testing $PTII/ptolemy/domains/de/test/auto/DepthTest3.xml
auto.tcl: Setting watchdog for 200 seconds at Fri Jun 26 14:53:09 UTC 2020
4 ms. Memory: 48128K Free: 30495K (63%)
ptolemy.util.test.WatchDog.cancel(): canceling Fri Jun 26 14:53:09 UTC 2020
auto.tcl: Setting watchdog for 200 seconds at Fri Jun 26 14:53:09 UTC 2020
2 ms. Memory: 48128K Free: 30004K (62%)
ptolemy.util.test.WatchDog.cancel(): canceling Fri Jun 26 14:53:09 UTC 2020
------------------ testing $PTII/ptolemy/domains/de/test/auto/DepthTest4.xml
auto.tcl: Setting watchdog for 200 seconds at Fri Jun 26 14:53:09 UTC 2020
10 ms. Memory: 48128K Free: 28763K (60%)
ptolemy.util.test.WatchDog.cancel(): canceling Fri Jun 26 14:53:09 UTC 2020
auto.tcl: Setting watchdog for 200 seconds at Fri Jun 26 14:53:09 UTC 2020
3 ms. Memory: 48128K Free: 28040K (58%)
ptolemy.util.test.WatchDog.cancel(): canceling Fri Jun 26 14:53:09 UTC 2020
------------------ testing $PTII/ptolemy/domains/de/test/auto/DepthTest5.xml
auto.tcl: Setting watchdog for 200 seconds at Fri Jun 26 14:53:09 UTC 2020
3 ms. Memory: 48128K Free: 28171K (59%)
ptolemy.util.test.WatchDog.cancel(): canceling Fri Jun 26 14:53:09 UTC 2020
auto.tcl: Setting watchdog for 200 seconds at Fri Jun 26 14:53:09 UTC 2020
6 ms. Memory: 48128K Free: 27374K (57%)
ptolemy.util.test.WatchDog.cancel(): canceling Fri Jun 26 14:53:09 UTC 2020
------------------ testing $PTII/ptolemy/domains/de/test/auto/DepthTest6.xml
auto.tcl: Setting watchdog for 200 seconds at Fri Jun 26 14:53:09 UTC 2020
6 ms. Memory: 48128K Free: 27901K (58%)
ptolemy.util.test.WatchDog.cancel(): canceling Fri Jun 26 14:53:09 UTC 2020
auto.tcl: Setting watchdog for 200 seconds at Fri Jun 26 14:53:09 UTC 2020
6 ms. Memory: 48128K Free: 27481K (57%)
ptolemy.util.test.WatchDog.cancel(): canceling Fri Jun 26 14:53:09 UTC 2020
------------------ testing $PTII/ptolemy/domains/de/test/auto/DepthTest7.xml
auto.tcl: Setting watchdog for 200 seconds at Fri Jun 26 14:53:09 UTC 2020
3 ms. Memory: 48128K Free: 28695K (60%)
ptolemy.util.test.WatchDog.cancel(): canceling Fri Jun 26 14:53:09 UTC 2020
auto.tcl: Setting watchdog for 200 seconds at Fri Jun 26 14:53:09 UTC 2020
3 ms. Memory: 48128K Free: 27961K (58%)
ptolemy.util.test.WatchDog.cancel(): canceling Fri Jun 26 14:53:09 UTC 2020
------------------ testing $PTII/ptolemy/domains/de/test/auto/EventToDate.xml
auto.tcl: Setting watchdog for 200 seconds at Fri Jun 26 14:53:09 UTC 2020
3006 ms. Memory: 48128K Free: 19243K (40%)
ptolemy.util.test.WatchDog.cancel(): canceling Fri Jun 26 14:53:12 UTC 2020
auto.tcl: Setting watchdog for 200 seconds at Fri Jun 26 14:53:12 UTC 2020
3006 ms. Memory: 48128K Free: 18756K (39%)
ptolemy.util.test.WatchDog.cancel(): canceling Fri Jun 26 14:53:15 UTC 2020
------------------ testing $PTII/ptolemy/domains/de/test/auto/FSM1.xml
auto.tcl: Setting watchdog for 200 seconds at Fri Jun 26 14:53:15 UTC 2020
60 ms. Memory: 48128K Free: 20690K (43%)
ptolemy.util.test.WatchDog.cancel(): canceling Fri Jun 26 14:53:15 UTC 2020
auto.tcl: Setting watchdog for 200 seconds at Fri Jun 26 14:53:15 UTC 2020
49 ms. Memory: 48128K Free: 17452K (36%)
ptolemy.util.test.WatchDog.cancel(): canceling Fri Jun 26 14:53:15 UTC 2020
------------------ testing $PTII/ptolemy/domains/de/test/auto/FSM7.xml
auto.tcl: Setting watchdog for 200 seconds at Fri Jun 26 14:53:16 UTC 2020
35 ms. Memory: 48128K Free: 20379K (42%)
ptolemy.util.test.WatchDog.cancel(): canceling Fri Jun 26 14:53:16 UTC 2020
auto.tcl: Setting watchdog for 200 seconds at Fri Jun 26 14:53:16 UTC 2020
33 ms. Memory: 48128K Free: 17275K (36%)
ptolemy.util.test.WatchDog.cancel(): canceling Fri Jun 26 14:53:16 UTC 2020
------------------ testing $PTII/ptolemy/domains/de/test/auto/Inspection.xml
auto.tcl: Setting watchdog for 200 seconds at Fri Jun 26 14:53:16 UTC 2020
40 ms. Memory: 48128K Free: 20397K (42%)
ptolemy.util.test.WatchDog.cancel(): canceling Fri Jun 26 14:53:16 UTC 2020
auto.tcl: Setting watchdog for 200 seconds at Fri Jun 26 14:53:16 UTC 2020
44 ms. Memory: 48128K Free: 18671K (39%)
ptolemy.util.test.WatchDog.cancel(): canceling Fri Jun 26 14:53:16 UTC 2020
------------------ testing $PTII/ptolemy/domains/de/test/auto/Iteration.xml
auto.tcl: Setting watchdog for 200 seconds at Fri Jun 26 14:53:16 UTC 2020
11 ms. Memory: 48128K Free: 26140K (54%)
ptolemy.util.test.WatchDog.cancel(): canceling Fri Jun 26 14:53:16 UTC 2020
auto.tcl: Setting watchdog for 200 seconds at Fri Jun 26 14:53:16 UTC 2020
10 ms. Memory: 48128K Free: 25116K (52%)
ptolemy.util.test.WatchDog.cancel(): canceling Fri Jun 26 14:53:16 UTC 2020
------------------ testing $PTII/ptolemy/domains/de/test/auto/LineFault.xml
auto.tcl: Setting watchdog for 200 seconds at Fri Jun 26 14:53:16 UTC 2020
892 ms. Memory: 58368K Free: 37710K (65%)
ptolemy.util.test.WatchDog.cancel(): canceling Fri Jun 26 14:53:17 UTC 2020
auto.tcl: Setting watchdog for 200 seconds at Fri Jun 26 14:53:17 UTC 2020
750 ms. Memory: 58368K Free: 33610K (58%)
ptolemy.util.test.WatchDog.cancel(): canceling Fri Jun 26 14:53:18 UTC 2020
------------------ testing $PTII/ptolemy/domains/de/test/auto/MergeModel1Add.xml
auto.tcl: Setting watchdog for 200 seconds at Fri Jun 26 14:53:18 UTC 2020
41 ms. Memory: 58368K Free: 22339K (38%)
ptolemy.util.test.WatchDog.cancel(): canceling Fri Jun 26 14:53:18 UTC 2020
auto.tcl: Setting watchdog for 200 seconds at Fri Jun 26 14:53:18 UTC 2020
13 ms. Memory: 58368K Free: 20601K (35%)
ptolemy.util.test.WatchDog.cancel(): canceling Fri Jun 26 14:53:18 UTC 2020
------------------ testing $PTII/ptolemy/domains/de/test/auto/MergeModel2Add.xml
auto.tcl: Setting watchdog for 200 seconds at Fri Jun 26 14:53:18 UTC 2020
11 ms. Memory: 55296K Free: 21063K (38%)
ptolemy.util.test.WatchDog.cancel(): canceling Fri Jun 26 14:53:18 UTC 2020
auto.tcl: Setting watchdog for 200 seconds at Fri Jun 26 14:53:18 UTC 2020
9 ms. Memory: 55296K Free: 19335K (35%)
ptolemy.util.test.WatchDog.cancel(): canceling Fri Jun 26 14:53:18 UTC 2020
------------------ testing $PTII/ptolemy/domains/de/test/auto/MergeModel3Add.xml
auto.tcl: Setting watchdog for 200 seconds at Fri Jun 26 14:53:18 UTC 2020
13 ms. Memory: 55296K Free: 20912K (38%)
ptolemy.util.test.WatchDog.cancel(): canceling Fri Jun 26 14:53:18 UTC 2020
auto.tcl: Setting watchdog for 200 seconds at Fri Jun 26 14:53:18 UTC 2020
14 ms. Memory: 55296K Free: 19482K (35%)
ptolemy.util.test.WatchDog.cancel(): canceling Fri Jun 26 14:53:18 UTC 2020
------------------ testing $PTII/ptolemy/domains/de/test/auto/MergeWithoutDiscard.xml
auto.tcl: Setting watchdog for 200 seconds at Fri Jun 26 14:53:19 UTC 2020
4 ms. Memory: 55296K Free: 35802K (65%)
ptolemy.util.test.WatchDog.cancel(): canceling Fri Jun 26 14:53:19 UTC 2020
auto.tcl: Setting watchdog for 200 seconds at Fri Jun 26 14:53:19 UTC 2020
2 ms. Memory: 55296K Free: 35323K (64%)
ptolemy.util.test.WatchDog.cancel(): canceling Fri Jun 26 14:53:19 UTC 2020
------------------ testing $PTII/ptolemy/domains/de/test/auto/Modal1.xml
auto.tcl: Setting watchdog for 200 seconds at Fri Jun 26 14:53:19 UTC 2020
16 ms. Memory: 55296K Free: 27392K (50%)
ptolemy.util.test.WatchDog.cancel(): canceling Fri Jun 26 14:53:19 UTC 2020
auto.tcl: Setting watchdog for 200 seconds at Fri Jun 26 14:53:19 UTC 2020
16 ms. Memory: 55296K Free: 23865K (43%)
ptolemy.util.test.WatchDog.cancel(): canceling Fri Jun 26 14:53:19 UTC 2020
------------------ testing $PTII/ptolemy/domains/de/test/auto/Modal2.xml
auto.tcl: Setting watchdog for 200 seconds at Fri Jun 26 14:53:19 UTC 2020
23 ms. Memory: 55296K Free: 27797K (50%)
ptolemy.util.test.WatchDog.cancel(): canceling Fri Jun 26 14:53:19 UTC 2020
auto.tcl: Setting watchdog for 200 seconds at Fri Jun 26 14:53:19 UTC 2020
28 ms. Memory: 55296K Free: 24274K (44%)
ptolemy.util.test.WatchDog.cancel(): canceling Fri Jun 26 14:53:19 UTC 2020
------------------ testing $PTII/ptolemy/domains/de/test/auto/Modal3.xml
auto.tcl: Setting watchdog for 200 seconds at Fri Jun 26 14:53:19 UTC 2020
20 ms. Memory: 55296K Free: 27503K (50%)
ptolemy.util.test.WatchDog.cancel(): canceling Fri Jun 26 14:53:19 UTC 2020
auto.tcl: Setting watchdog for 200 seconds at Fri Jun 26 14:53:19 UTC 2020
21 ms. Memory: 55296K Free: 24256K (44%)
ptolemy.util.test.WatchDog.cancel(): canceling Fri Jun 26 14:53:19 UTC 2020
------------------ testing $PTII/ptolemy/domains/de/test/auto/Modal4.xml
auto.tcl: Setting watchdog for 200 seconds at Fri Jun 26 14:53:19 UTC 2020
40 ms. Memory: 51200K Free: 22412K (44%)
ptolemy.util.test.WatchDog.cancel(): canceling Fri Jun 26 14:53:19 UTC 2020
auto.tcl: Setting watchdog for 200 seconds at Fri Jun 26 14:53:19 UTC 2020
27 ms. Memory: 51200K Free: 18574K (36%)
ptolemy.util.test.WatchDog.cancel(): canceling Fri Jun 26 14:53:19 UTC 2020
------------------ testing $PTII/ptolemy/domains/de/test/auto/Modal5.xml
auto.tcl: Setting watchdog for 200 seconds at Fri Jun 26 14:53:19 UTC 2020
18 ms. Memory: 51200K Free: 22368K (44%)
ptolemy.util.test.WatchDog.cancel(): canceling Fri Jun 26 14:53:19 UTC 2020
auto.tcl: Setting watchdog for 200 seconds at Fri Jun 26 14:53:19 UTC 2020
32 ms. Memory: 51200K Free: 18560K (36%)
ptolemy.util.test.WatchDog.cancel(): canceling Fri Jun 26 14:53:19 UTC 2020
------------------ testing $PTII/ptolemy/domains/de/test/auto/Modal6.xml
auto.tcl: Setting watchdog for 200 seconds at Fri Jun 26 14:53:19 UTC 2020
13 ms. Memory: 51200K Free: 23142K (45%)
ptolemy.util.test.WatchDog.cancel(): canceling Fri Jun 26 14:53:19 UTC 2020
auto.tcl: Setting watchdog for 200 seconds at Fri Jun 26 14:53:19 UTC 2020
14 ms. Memory: 51200K Free: 19178K (37%)
ptolemy.util.test.WatchDog.cancel(): canceling Fri Jun 26 14:53:19 UTC 2020
------------------ testing $PTII/ptolemy/domains/de/test/auto/Modal7.xml
auto.tcl: Setting watchdog for 200 seconds at Fri Jun 26 14:53:19 UTC 2020
13 ms. Memory: 51200K Free: 22110K (43%)
ptolemy.util.test.WatchDog.cancel(): canceling Fri Jun 26 14:53:19 UTC 2020
auto.tcl: Setting watchdog for 200 seconds at Fri Jun 26 14:53:19 UTC 2020
13 ms. Memory: 51200K Free: 18560K (36%)
ptolemy.util.test.WatchDog.cancel(): canceling Fri Jun 26 14:53:20 UTC 2020
------------------ testing $PTII/ptolemy/domains/de/test/auto/ModalModel.xml
auto.tcl: Setting watchdog for 200 seconds at Fri Jun 26 14:53:20 UTC 2020
215 ms. Memory: 51200K Free: 15652K (31%)
ptolemy.util.test.WatchDog.cancel(): canceling Fri Jun 26 14:53:20 UTC 2020
auto.tcl: Setting watchdog for 200 seconds at Fri Jun 26 14:53:20 UTC 2020
237 ms. Memory: 66560K Free: 28500K (43%)
ptolemy.util.test.WatchDog.cancel(): canceling Fri Jun 26 14:53:20 UTC 2020
------------------ testing $PTII/ptolemy/domains/de/test/auto/ModalSource.xml
auto.tcl: Setting watchdog for 200 seconds at Fri Jun 26 14:53:20 UTC 2020
12 ms. Memory: 55296K Free: 31329K (57%)
ptolemy.util.test.WatchDog.cancel(): canceling Fri Jun 26 14:53:20 UTC 2020
auto.tcl: Setting watchdog for 200 seconds at Fri Jun 26 14:53:20 UTC 2020
6 ms. Memory: 55296K Free: 29281K (53%)
ptolemy.util.test.WatchDog.cancel(): canceling Fri Jun 26 14:53:20 UTC 2020
------------------ testing $PTII/ptolemy/domains/de/test/auto/NonInterruptibleTimerZeroDelay.xml
auto.tcl: Setting watchdog for 200 seconds at Fri Jun 26 14:53:20 UTC 2020
4 ms. Memory: 55296K Free: 36248K (66%)
ptolemy.util.test.WatchDog.cancel(): canceling Fri Jun 26 14:53:20 UTC 2020
auto.tcl: Setting watchdog for 200 seconds at Fri Jun 26 14:53:20 UTC 2020
3 ms. Memory: 55296K Free: 35597K (64%)
ptolemy.util.test.WatchDog.cancel(): canceling Fri Jun 26 14:53:20 UTC 2020
------------------ testing $PTII/ptolemy/domains/de/test/auto/OpenQueueingNetwork.xml
auto.tcl: Setting watchdog for 200 seconds at Fri Jun 26 14:53:20 UTC 2020
3685 ms. Memory: 91136K Free: 46227K (51%)
ptolemy.util.test.WatchDog.cancel(): canceling Fri Jun 26 14:53:24 UTC 2020
auto.tcl: Setting watchdog for 200 seconds at Fri Jun 26 14:53:24 UTC 2020
3010 ms. Memory: 109568K Free: 77898K (71%)
ptolemy.util.test.WatchDog.cancel(): canceling Fri Jun 26 14:53:27 UTC 2020
------------------ testing $PTII/ptolemy/domains/de/test/auto/OpenQueuingNetwork.xml
auto.tcl: Setting watchdog for 200 seconds at Fri Jun 26 14:53:27 UTC 2020
341 ms. Memory: 58368K Free: 29891K (51%)
ptolemy.util.test.WatchDog.cancel(): canceling Fri Jun 26 14:53:28 UTC 2020
auto.tcl: Setting watchdog for 200 seconds at Fri Jun 26 14:53:28 UTC 2020
318 ms. Memory: 58368K Free: 9792K (17%)
ptolemy.util.test.WatchDog.cancel(): canceling Fri Jun 26 14:53:28 UTC 2020
------------------ testing $PTII/ptolemy/domains/de/test/auto/PeriodicSampler.xml
auto.tcl: Setting watchdog for 200 seconds at Fri Jun 26 14:53:28 UTC 2020
4 ms. Memory: 55296K Free: 35462K (64%)
ptolemy.util.test.WatchDog.cancel(): canceling Fri Jun 26 14:53:28 UTC 2020
auto.tcl: Setting watchdog for 200 seconds at Fri Jun 26 14:53:28 UTC 2020
3 ms. Memory: 55296K Free: 34942K (63%)
ptolemy.util.test.WatchDog.cancel(): canceling Fri Jun 26 14:53:28 UTC 2020
------------------ testing $PTII/ptolemy/domains/de/test/auto/PersistentIO.xml
auto.tcl: Setting watchdog for 200 seconds at Fri Jun 26 14:53:28 UTC 2020
15 ms. Memory: 51200K Free: 26291K (51%)
ptolemy.util.test.WatchDog.cancel(): canceling Fri Jun 26 14:53:28 UTC 2020
auto.tcl: Setting watchdog for 200 seconds at Fri Jun 26 14:53:28 UTC 2020
6 ms. Memory: 51200K Free: 24771K (48%)
ptolemy.util.test.WatchDog.cancel(): canceling Fri Jun 26 14:53:28 UTC 2020
------------------ testing $PTII/ptolemy/domains/de/test/auto/PortParameterResetOnInitialize.xml
auto.tcl: Setting watchdog for 200 seconds at Fri Jun 26 14:53:28 UTC 2020
3 ms. Memory: 51200K Free: 31275K (61%)
ptolemy.util.test.WatchDog.cancel(): canceling Fri Jun 26 14:53:28 UTC 2020
auto.tcl: Setting watchdog for 200 seconds at Fri Jun 26 14:53:28 UTC 2020
2 ms. Memory: 51200K Free: 30779K (60%)
ptolemy.util.test.WatchDog.cancel(): canceling Fri Jun 26 14:53:28 UTC 2020
------------------ testing $PTII/ptolemy/domains/de/test/auto/PortParameterUpdates.xml
auto.tcl: Setting watchdog for 200 seconds at Fri Jun 26 14:53:28 UTC 2020
5 ms. Memory: 51200K Free: 29359K (57%)
ptolemy.util.test.WatchDog.cancel(): canceling Fri Jun 26 14:53:28 UTC 2020
auto.tcl: Setting watchdog for 200 seconds at Fri Jun 26 14:53:28 UTC 2020
5 ms. Memory: 51200K Free: 28347K (55%)
ptolemy.util.test.WatchDog.cancel(): canceling Fri Jun 26 14:53:28 UTC 2020
------------------ testing $PTII/ptolemy/domains/de/test/auto/QueueAndServer.xml
auto.tcl: Setting watchdog for 200 seconds at Fri Jun 26 14:53:28 UTC 2020
18 ms. Memory: 51200K Free: 28313K (55%)
ptolemy.util.test.WatchDog.cancel(): canceling Fri Jun 26 14:53:28 UTC 2020
auto.tcl: Setting watchdog for 200 seconds at Fri Jun 26 14:53:28 UTC 2020
10 ms. Memory: 51200K Free: 26779K (52%)
ptolemy.util.test.WatchDog.cancel(): canceling Fri Jun 26 14:53:29 UTC 2020
------------------ testing $PTII/ptolemy/domains/de/test/auto/Records.xml
auto.tcl: Setting watchdog for 200 seconds at Fri Jun 26 14:53:29 UTC 2020
3 ms. Memory: 51200K Free: 30519K (60%)
ptolemy.util.test.WatchDog.cancel(): canceling Fri Jun 26 14:53:29 UTC 2020
auto.tcl: Setting watchdog for 200 seconds at Fri Jun 26 14:53:29 UTC 2020
3 ms. Memory: 51200K Free: 29988K (59%)
ptolemy.util.test.WatchDog.cancel(): canceling Fri Jun 26 14:53:29 UTC 2020
------------------ testing $PTII/ptolemy/domains/de/test/auto/ResetTransitionWithStartTime1.xml
auto.tcl: Setting watchdog for 200 seconds at Fri Jun 26 14:53:29 UTC 2020
19 ms. Memory: 51200K Free: 27774K (54%)
ptolemy.util.test.WatchDog.cancel(): canceling Fri Jun 26 14:53:29 UTC 2020
auto.tcl: Setting watchdog for 200 seconds at Fri Jun 26 14:53:29 UTC 2020
6 ms. Memory: 51200K Free: 25726K (50%)
ptolemy.util.test.WatchDog.cancel(): canceling Fri Jun 26 14:53:29 UTC 2020
------------------ testing $PTII/ptolemy/domains/de/test/auto/ResetTransitionWithStartTime2.xml
auto.tcl: Setting watchdog for 200 seconds at Fri Jun 26 14:53:29 UTC 2020
7 ms. Memory: 51200K Free: 27729K (54%)
ptolemy.util.test.WatchDog.cancel(): canceling Fri Jun 26 14:53:29 UTC 2020
auto.tcl: Setting watchdog for 200 seconds at Fri Jun 26 14:53:29 UTC 2020
9 ms. Memory: 51200K Free: 25681K (50%)
ptolemy.util.test.WatchDog.cancel(): canceling Fri Jun 26 14:53:29 UTC 2020
------------------ testing $PTII/ptolemy/domains/de/test/auto/ResetTransitionWithStartTime3.xml
auto.tcl: Setting watchdog for 200 seconds at Fri Jun 26 14:53:29 UTC 2020
16 ms. Memory: 51200K Free: 27728K (54%)
ptolemy.util.test.WatchDog.cancel(): canceling Fri Jun 26 14:53:29 UTC 2020
auto.tcl: Setting watchdog for 200 seconds at Fri Jun 26 14:53:29 UTC 2020
10 ms. Memory: 51200K Free: 25680K (50%)
ptolemy.util.test.WatchDog.cancel(): canceling Fri Jun 26 14:53:29 UTC 2020
------------------ testing $PTII/ptolemy/domains/de/test/auto/ResetTransitionWithStartTime4.xml
auto.tcl: Setting watchdog for 200 seconds at Fri Jun 26 14:53:29 UTC 2020
10 ms. Memory: 51200K Free: 28172K (55%)
ptolemy.util.test.WatchDog.cancel(): canceling Fri Jun 26 14:53:29 UTC 2020
auto.tcl: Setting watchdog for 200 seconds at Fri Jun 26 14:53:29 UTC 2020
3 ms. Memory: 51200K Free: 26710K (52%)
ptolemy.util.test.WatchDog.cancel(): canceling Fri Jun 26 14:53:29 UTC 2020
------------------ testing $PTII/ptolemy/domains/de/test/auto/ResettableTimer1.xml
auto.tcl: Setting watchdog for 200 seconds at Fri Jun 26 14:53:29 UTC 2020
4 ms. Memory: 51200K Free: 31904K (62%)
ptolemy.util.test.WatchDog.cancel(): canceling Fri Jun 26 14:53:29 UTC 2020
auto.tcl: Setting watchdog for 200 seconds at Fri Jun 26 14:53:29 UTC 2020
3 ms. Memory: 51200K Free: 31276K (61%)
ptolemy.util.test.WatchDog.cancel(): canceling Fri Jun 26 14:53:29 UTC 2020
------------------ testing $PTII/ptolemy/domains/de/test/auto/ResettableTimer2.xml
auto.tcl: Setting watchdog for 200 seconds at Fri Jun 26 14:53:29 UTC 2020
13 ms. Memory: 51200K Free: 31998K (62%)
ptolemy.util.test.WatchDog.cancel(): canceling Fri Jun 26 14:53:29 UTC 2020
auto.tcl: Setting watchdog for 200 seconds at Fri Jun 26 14:53:29 UTC 2020
4 ms. Memory: 51200K Free: 31348K (61%)
ptolemy.util.test.WatchDog.cancel(): canceling Fri Jun 26 14:53:29 UTC 2020
------------------ testing $PTII/ptolemy/domains/de/test/auto/ResettableTimer3.xml
auto.tcl: Setting watchdog for 200 seconds at Fri Jun 26 14:53:29 UTC 2020
4 ms. Memory: 51200K Free: 31860K (62%)
ptolemy.util.test.WatchDog.cancel(): canceling Fri Jun 26 14:53:29 UTC 2020
auto.tcl: Setting watchdog for 200 seconds at Fri Jun 26 14:53:29 UTC 2020
2 ms. Memory: 51200K Free: 31860K (62%)
ptolemy.util.test.WatchDog.cancel(): canceling Fri Jun 26 14:53:29 UTC 2020
------------------ testing $PTII/ptolemy/domains/de/test/auto/ResettableTimer4.xml
auto.tcl: Setting watchdog for 200 seconds at Fri Jun 26 14:53:29 UTC 2020
2 ms. Memory: 51200K Free: 31874K (62%)
ptolemy.util.test.WatchDog.cancel(): canceling Fri Jun 26 14:53:29 UTC 2020
auto.tcl: Setting watchdog for 200 seconds at Fri Jun 26 14:53:29 UTC 2020
2 ms. Memory: 51200K Free: 31375K (61%)
ptolemy.util.test.WatchDog.cancel(): canceling Fri Jun 26 14:53:29 UTC 2020
------------------ testing $PTII/ptolemy/domains/de/test/auto/ResettableTimer5.xml
auto.tcl: Setting watchdog for 200 seconds at Fri Jun 26 14:53:29 UTC 2020
2 ms. Memory: 51200K Free: 31351K (61%)
ptolemy.util.test.WatchDog.cancel(): canceling Fri Jun 26 14:53:29 UTC 2020
auto.tcl: Setting watchdog for 200 seconds at Fri Jun 26 14:53:29 UTC 2020
1 ms. Memory: 51200K Free: 30855K (60%)
ptolemy.util.test.WatchDog.cancel(): canceling Fri Jun 26 14:53:29 UTC 2020
------------------ testing $PTII/ptolemy/domains/de/test/auto/ResettableTimer6.xml
auto.tcl: Setting watchdog for 200 seconds at Fri Jun 26 14:53:29 UTC 2020
2 ms. Memory: 51200K Free: 31348K (61%)
ptolemy.util.test.WatchDog.cancel(): canceling Fri Jun 26 14:53:29 UTC 2020
auto.tcl: Setting watchdog for 200 seconds at Fri Jun 26 14:53:29 UTC 2020
2 ms. Memory: 51200K Free: 30838K (60%)
ptolemy.util.test.WatchDog.cancel(): canceling Fri Jun 26 14:53:29 UTC 2020
------------------ testing $PTII/ptolemy/domains/de/test/auto/ServerZeroDelay.xml
auto.tcl: Setting watchdog for 200 seconds at Fri Jun 26 14:53:30 UTC 2020
10 ms. Memory: 51200K Free: 31853K (62%)
ptolemy.util.test.WatchDog.cancel(): canceling Fri Jun 26 14:53:30 UTC 2020
auto.tcl: Setting watchdog for 200 seconds at Fri Jun 26 14:53:30 UTC 2020
3 ms. Memory: 51200K Free: 30829K (60%)
ptolemy.util.test.WatchDog.cancel(): canceling Fri Jun 26 14:53:30 UTC 2020
------------------ testing $PTII/ptolemy/domains/de/test/auto/SmartSender.xml
auto.tcl: Setting watchdog for 200 seconds at Fri Jun 26 14:53:30 UTC 2020
3001 ms. Memory: 51200K Free: 31847K (62%)
ptolemy.util.test.WatchDog.cancel(): canceling Fri Jun 26 14:53:33 UTC 2020
auto.tcl: Setting watchdog for 200 seconds at Fri Jun 26 14:53:33 UTC 2020
3002 ms. Memory: 51200K Free: 31349K (61%)
ptolemy.util.test.WatchDog.cancel(): canceling Fri Jun 26 14:53:36 UTC 2020
------------------ testing $PTII/ptolemy/domains/de/test/auto/ThreadedComposite.xml
auto.tcl: Setting watchdog for 200 seconds at Fri Jun 26 14:53:36 UTC 2020
282 ms. Memory: 51200K Free: 11381K (22%)
ptolemy.util.test.WatchDog.cancel(): canceling Fri Jun 26 14:53:36 UTC 2020
auto.tcl: Setting watchdog for 200 seconds at Fri Jun 26 14:53:36 UTC 2020
169 ms. Memory: 61440K Free: 36571K (60%)
ptolemy.util.test.WatchDog.cancel(): canceling Fri Jun 26 14:53:36 UTC 2020
------------------ testing $PTII/ptolemy/domains/de/test/auto/Time.xml
auto.tcl: Setting watchdog for 200 seconds at Fri Jun 26 14:53:36 UTC 2020
640 ms. Memory: 55296K Free: 11122K (20%)
ptolemy.util.test.WatchDog.cancel(): canceling Fri Jun 26 14:53:37 UTC 2020
auto.tcl: Setting watchdog for 200 seconds at Fri Jun 26 14:53:37 UTC 2020
632 ms. Memory: 55296K Free: 17389K (31%)
ptolemy.util.test.WatchDog.cancel(): canceling Fri Jun 26 14:53:38 UTC 2020
------------------ testing $PTII/ptolemy/domains/de/test/auto/TimeDelayZeroDelay.xml
auto.tcl: Setting watchdog for 200 seconds at Fri Jun 26 14:53:38 UTC 2020
3 ms. Memory: 55296K Free: 35873K (65%)
ptolemy.util.test.WatchDog.cancel(): canceling Fri Jun 26 14:53:38 UTC 2020
auto.tcl: Setting watchdog for 200 seconds at Fri Jun 26 14:53:38 UTC 2020
3 ms. Memory: 55296K Free: 35407K (64%)
ptolemy.util.test.WatchDog.cancel(): canceling Fri Jun 26 14:53:38 UTC 2020
------------------ testing $PTII/ptolemy/domains/de/test/auto/TimerZeroDelay.xml
auto.tcl: Setting watchdog for 200 seconds at Fri Jun 26 14:53:38 UTC 2020
4 ms. Memory: 55296K Free: 36294K (66%)
ptolemy.util.test.WatchDog.cancel(): canceling Fri Jun 26 14:53:38 UTC 2020
auto.tcl: Setting watchdog for 200 seconds at Fri Jun 26 14:53:38 UTC 2020
3 ms. Memory: 55296K Free: 35472K (64%)
ptolemy.util.test.WatchDog.cancel(): canceling Fri Jun 26 14:53:38 UTC 2020
------------------ testing $PTII/ptolemy/domains/de/test/auto/TimingParadox.xml
auto.tcl: Setting watchdog for 200 seconds at Fri Jun 26 14:53:38 UTC 2020
471 ms. Memory: 55296K Free: 26041K (47%)
ptolemy.util.test.WatchDog.cancel(): canceling Fri Jun 26 14:53:38 UTC 2020
auto.tcl: Setting watchdog for 200 seconds at Fri Jun 26 14:53:38 UTC 2020
469 ms. Memory: 55296K Free: 16956K (31%)
ptolemy.util.test.WatchDog.cancel(): canceling Fri Jun 26 14:53:39 UTC 2020
------------------ testing $PTII/ptolemy/domains/de/test/auto/TransferInputs.xml
auto.tcl: Setting watchdog for 200 seconds at Fri Jun 26 14:53:39 UTC 2020
2 ms. Memory: 55296K Free: 34392K (62%)
ptolemy.util.test.WatchDog.cancel(): canceling Fri Jun 26 14:53:39 UTC 2020
auto.tcl: Setting watchdog for 200 seconds at Fri Jun 26 14:53:39 UTC 2020
2 ms. Memory: 55296K Free: 33453K (60%)
ptolemy.util.test.WatchDog.cancel(): canceling Fri Jun 26 14:53:39 UTC 2020
------------------ testing $PTII/ptolemy/domains/de/test/auto/TransferOutputs2.xml
auto.tcl: Setting watchdog for 200 seconds at Fri Jun 26 14:53:39 UTC 2020
3 ms. Memory: 55296K Free: 31833K (58%)
ptolemy.util.test.WatchDog.cancel(): canceling Fri Jun 26 14:53:39 UTC 2020
auto.tcl: Setting watchdog for 200 seconds at Fri Jun 26 14:53:39 UTC 2020
4 ms. Memory: 55296K Free: 30345K (55%)
ptolemy.util.test.WatchDog.cancel(): canceling Fri Jun 26 14:53:39 UTC 2020
------------------ testing $PTII/ptolemy/domains/de/test/auto/Trilateration.xml
auto.tcl: Setting watchdog for 200 seconds at Fri Jun 26 14:53:39 UTC 2020
18332 ms. Memory: 343040K Free: 154888K (45%)
ptolemy.util.test.WatchDog.cancel(): canceling Fri Jun 26 14:53:59 UTC 2020
auto.tcl: Setting watchdog for 200 seconds at Fri Jun 26 14:53:59 UTC 2020
12263 ms. Memory: 343040K Free: 149532K (44%)
ptolemy.util.test.WatchDog.cancel(): canceling Fri Jun 26 14:54:11 UTC 2020
------------------ testing $PTII/ptolemy/domains/de/test/auto/TwoSigmaDelta.xml
auto.tcl: Setting watchdog for 200 seconds at Fri Jun 26 14:54:11 UTC 2020
2987 ms. Memory: 92160K Free: 32556K (35%)
ptolemy.util.test.WatchDog.cancel(): canceling Fri Jun 26 14:54:14 UTC 2020
auto.tcl: Setting watchdog for 200 seconds at Fri Jun 26 14:54:14 UTC 2020
2224 ms. Memory: 92160K Free: 33554K (36%)
ptolemy.util.test.WatchDog.cancel(): canceling Fri Jun 26 14:54:16 UTC 2020
------------------ testing $PTII/ptolemy/domains/de/test/auto/VariableDelay.xml
auto.tcl: Setting watchdog for 200 seconds at Fri Jun 26 14:54:17 UTC 2020
5 ms. Memory: 55296K Free: 34859K (63%)
ptolemy.util.test.WatchDog.cancel(): canceling Fri Jun 26 14:54:17 UTC 2020
auto.tcl: Setting watchdog for 200 seconds at Fri Jun 26 14:54:17 UTC 2020
3 ms. Memory: 55296K Free: 33851K (61%)
ptolemy.util.test.WatchDog.cancel(): canceling Fri Jun 26 14:54:17 UTC 2020
------------------ testing $PTII/ptolemy/domains/de/test/auto/VariableDelay2.xml
auto.tcl: Setting watchdog for 200 seconds at Fri Jun 26 14:54:17 UTC 2020
12 ms. Memory: 55296K Free: 35802K (65%)
ptolemy.util.test.WatchDog.cancel(): canceling Fri Jun 26 14:54:17 UTC 2020
auto.tcl: Setting watchdog for 200 seconds at Fri Jun 26 14:54:17 UTC 2020
3 ms. Memory: 55296K Free: 34778K (63%)
ptolemy.util.test.WatchDog.cancel(): canceling Fri Jun 26 14:54:17 UTC 2020
------------------ testing $PTII/ptolemy/domains/de/test/auto/VariableDelayZeroDelay.xml
auto.tcl: Setting watchdog for 200 seconds at Fri Jun 26 14:54:17 UTC 2020
3 ms. Memory: 55296K Free: 35813K (65%)
ptolemy.util.test.WatchDog.cancel(): canceling Fri Jun 26 14:54:17 UTC 2020
auto.tcl: Setting watchdog for 200 seconds at Fri Jun 26 14:54:17 UTC 2020
3 ms. Memory: 55296K Free: 35272K (64%)
ptolemy.util.test.WatchDog.cancel(): canceling Fri Jun 26 14:54:17 UTC 2020
------------------ testing $PTII/ptolemy/domains/de/test/auto/VariableDelayZeroDelay2.xml
auto.tcl: Setting watchdog for 200 seconds at Fri Jun 26 14:54:17 UTC 2020
2 ms. Memory: 55296K Free: 35800K (65%)
ptolemy.util.test.WatchDog.cancel(): canceling Fri Jun 26 14:54:17 UTC 2020
auto.tcl: Setting watchdog for 200 seconds at Fri Jun 26 14:54:17 UTC 2020
2 ms. Memory: 55296K Free: 34776K (63%)
ptolemy.util.test.WatchDog.cancel(): canceling Fri Jun 26 14:54:17 UTC 2020
------------------ testing $PTII/ptolemy/domains/de/test/auto/deInCt.xml
auto.tcl: Setting watchdog for 200 seconds at Fri Jun 26 14:54:17 UTC 2020
0
1
1
1
0
0
0
1
1
1
1
0
0
0
1
1
1
0
0
0
0
1
1
1
1
0
0
0
0
0
0
12 ms. Memory: 55296K Free: 34773K (63%)
ptolemy.util.test.WatchDog.cancel(): canceling Fri Jun 26 14:54:17 UTC 2020
auto.tcl: Setting watchdog for 200 seconds at Fri Jun 26 14:54:17 UTC 2020
0
1
1
1
0
0
0
1
1
0
0
0
1
1
1
1
0
0
0
0
0
0
1
1
1
0
0
1
1
1
1
0
0
0
1
1
0
0
1
1
1
0
0
0
0
8 ms. Memory: 55296K Free: 33235K (60%)
ptolemy.util.test.WatchDog.cancel(): canceling Fri Jun 26 14:54:17 UTC 2020
------------------ testing $PTII/ptolemy/domains/de/test/auto/deInCt2.xml
auto.tcl: Setting watchdog for 200 seconds at Fri Jun 26 14:54:17 UTC 2020
0
1
1
1
0
0
1
1
1
0
0
1
1
1
0
0
1
1
1
0
0
1
1
1
0
0
1
1
1
0
0
1
1
1
0
0
1
1
1
0
0
0
8 ms. Memory: 55296K Free: 34783K (63%)
ptolemy.util.test.WatchDog.cancel(): canceling Fri Jun 26 14:54:17 UTC 2020
auto.tcl: Setting watchdog for 200 seconds at Fri Jun 26 14:54:17 UTC 2020
0
1
1
1
0
0
1
1
1
0
0
1
1
1
0
0
1
1
1
0
0
1
1
1
0
0
1
1
1
0
0
1
1
1
0
0
1
1
1
0
0
0
8 ms. Memory: 55296K Free: 33237K (60%)
ptolemy.util.test.WatchDog.cancel(): canceling Fri Jun 26 14:54:17 UTC 2020
------------------ testing $PTII/ptolemy/domains/de/test/auto/dynamicCausalityInterface1.xml
auto.tcl: Setting watchdog for 200 seconds at Fri Jun 26 14:54:17 UTC 2020
2 ms. Memory: 55296K Free: 30708K (56%)
ptolemy.util.test.WatchDog.cancel(): canceling Fri Jun 26 14:54:17 UTC 2020
auto.tcl: Setting watchdog for 200 seconds at Fri Jun 26 14:54:17 UTC 2020
1 ms. Memory: 55296K Free: 30194K (55%)
ptolemy.util.test.WatchDog.cancel(): canceling Fri Jun 26 14:54:17 UTC 2020
------------------ testing $PTII/ptolemy/domains/de/test/auto/fsm_de_test.xml
auto.tcl: Setting watchdog for 200 seconds at Fri Jun 26 14:54:17 UTC 2020
9 ms. Memory: 55296K Free: 30606K (55%)
ptolemy.util.test.WatchDog.cancel(): canceling Fri Jun 26 14:54:17 UTC 2020
auto.tcl: Setting watchdog for 200 seconds at Fri Jun 26 14:54:17 UTC 2020
9 ms. Memory: 55296K Free: 28558K (52%)
ptolemy.util.test.WatchDog.cancel(): canceling Fri Jun 26 14:54:17 UTC 2020
------------------ testing $PTII/ptolemy/domains/de/test/auto/functionDependencyReconstruction.xml
auto.tcl: Setting watchdog for 200 seconds at Fri Jun 26 14:54:17 UTC 2020
8 ms. Memory: 55296K Free: 24452K (44%)
ptolemy.util.test.WatchDog.cancel(): canceling Fri Jun 26 14:54:17 UTC 2020
auto.tcl: Setting watchdog for 200 seconds at Fri Jun 26 14:54:17 UTC 2020
3 ms. Memory: 55296K Free: 22404K (41%)
ptolemy.util.test.WatchDog.cancel(): canceling Fri Jun 26 14:54:17 UTC 2020
------------------ testing $PTII/ptolemy/domains/de/test/auto/multirate.xml
auto.tcl: Setting watchdog for 200 seconds at Fri Jun 26 14:54:17 UTC 2020
4 ms. Memory: 55296K Free: 33216K (60%)
ptolemy.util.test.WatchDog.cancel(): canceling Fri Jun 26 14:54:17 UTC 2020
auto.tcl: Setting watchdog for 200 seconds at Fri Jun 26 14:54:17 UTC 2020
4 ms. Memory: 55296K Free: 31501K (57%)
ptolemy.util.test.WatchDog.cancel(): canceling Fri Jun 26 14:54:17 UTC 2020
------------------ testing $PTII/ptolemy/domains/de/test/auto/multirate2.xml
auto.tcl: Setting watchdog for 200 seconds at Fri Jun 26 14:54:17 UTC 2020
4 ms. Memory: 55296K Free: 33381K (60%)
ptolemy.util.test.WatchDog.cancel(): canceling Fri Jun 26 14:54:17 UTC 2020
auto.tcl: Setting watchdog for 200 seconds at Fri Jun 26 14:54:17 UTC 2020
5 ms. Memory: 55296K Free: 31682K (57%)
ptolemy.util.test.WatchDog.cancel(): canceling Fri Jun 26 14:54:17 UTC 2020
------------------ testing $PTII/ptolemy/domains/de/test/auto/realtime.xml
auto.tcl: Setting watchdog for 200 seconds at Fri Jun 26 14:54:18 UTC 2020
10002 ms. Memory: 55296K Free: 35457K (64%)
ptolemy.util.test.WatchDog.cancel(): canceling Fri Jun 26 14:54:28 UTC 2020
auto.tcl: Setting watchdog for 200 seconds at Fri Jun 26 14:54:28 UTC 2020
10001 ms. Memory: 55296K Free: 34753K (63%)
ptolemy.util.test.WatchDog.cancel(): canceling Fri Jun 26 14:54:38 UTC 2020
------------------ testing $PTII/ptolemy/domains/de/test/auto/relationGroup.xml
auto.tcl: Setting watchdog for 200 seconds at Fri Jun 26 14:54:38 UTC 2020
2 ms. Memory: 55296K Free: 36507K (66%)
ptolemy.util.test.WatchDog.cancel(): canceling Fri Jun 26 14:54:38 UTC 2020
auto.tcl: Setting watchdog for 200 seconds at Fri Jun 26 14:54:38 UTC 2020
2 ms. Memory: 55296K Free: 35803K (65%)
ptolemy.util.test.WatchDog.cancel(): canceling Fri Jun 26 14:54:38 UTC 2020
------------------ testing $PTII/ptolemy/domains/de/test/auto/relationGroup2.xml
auto.tcl: Setting watchdog for 200 seconds at Fri Jun 26 14:54:38 UTC 2020
2 ms. Memory: 55296K Free: 36533K (66%)
ptolemy.util.test.WatchDog.cancel(): canceling Fri Jun 26 14:54:38 UTC 2020
auto.tcl: Setting watchdog for 200 seconds at Fri Jun 26 14:54:38 UTC 2020
2 ms. Memory: 55296K Free: 35829K (65%)
ptolemy.util.test.WatchDog.cancel(): canceling Fri Jun 26 14:54:38 UTC 2020
------------------ testing $PTII/ptolemy/domains/de/test/auto/sortWithOpaquePorts.xml
auto.tcl: Setting watchdog for 200 seconds at Fri Jun 26 14:54:38 UTC 2020
2 ms. Memory: 55296K Free: 35302K (64%)
ptolemy.util.test.WatchDog.cancel(): canceling Fri Jun 26 14:54:38 UTC 2020
auto.tcl: Setting watchdog for 200 seconds at Fri Jun 26 14:54:38 UTC 2020
2 ms. Memory: 55296K Free: 34292K (62%)
ptolemy.util.test.WatchDog.cancel(): canceling Fri Jun 26 14:54:38 UTC 2020
------------------ testing $PTII/ptolemy/domains/de/test/auto/transferInputsandOutputs.xml
auto.tcl: Setting watchdog for 200 seconds at Fri Jun 26 14:54:38 UTC 2020
3 ms. Memory: 55296K Free: 32745K (59%)
ptolemy.util.test.WatchDog.cancel(): canceling Fri Jun 26 14:54:38 UTC 2020
auto.tcl: Setting watchdog for 200 seconds at Fri Jun 26 14:54:38 UTC 2020
3 ms. Memory: 55296K Free: 31721K (57%)
ptolemy.util.test.WatchDog.cancel(): canceling Fri Jun 26 14:54:38 UTC 2020
------------------ testing $PTII/ptolemy/domains/de/test/auto/triggerType.xml
auto.tcl: Setting watchdog for 200 seconds at Fri Jun 26 14:54:38 UTC 2020
2 ms. Memory: 55296K Free: 35770K (65%)
ptolemy.util.test.WatchDog.cancel(): canceling Fri Jun 26 14:54:38 UTC 2020
auto.tcl: Setting watchdog for 200 seconds at Fri Jun 26 14:54:38 UTC 2020
3 ms. Memory: 55296K Free: 34746K (63%)
ptolemy.util.test.WatchDog.cancel(): canceling Fri Jun 26 14:54:38 UTC 2020
06/26/20 02:54:38
Failed: 0  Total Tests: 192  ((Passed: 187, Newly Passed: 1)  Known Failed: 5) /home/travis/build/icyphy/ptII/ptolemy/domains/de/test
06/26/20 02:54:38
Failed: 0  Total Tests: 192  ((Passed: 187, Newly Passed: 1)  Known Failed: 5) /home/travis/build/icyphy/ptII/ptolemy/domains/de/test
----------------- testing (KnownFailure) /home/travis/build/icyphy/ptII/ptolemy/domains/de/test/auto/knownFailedTests/DESDFClockTest.xml
2013 ms. Memory: 55296K Free: 29165K (53%)
Known Failure: java.lang.reflect.InvocationTargetException
----------------- testing (KnownFailure) /home/travis/build/icyphy/ptII/ptolemy/domains/de/test/auto/knownFailedTests/DirectFeedback.xml
2 ms. Memory: 55296K Free: 25069K (45%)
Known Failure: java.lang.reflect.InvocationTargetException
----------------- testing (KnownFailure) /home/travis/build/icyphy/ptII/ptolemy/domains/de/test/auto/knownFailedTests/FSMSource.xml
10 ms. Memory: 55296K Free: 17391K (31%)
----------------- testing (KnownFailure) /home/travis/build/icyphy/ptII/ptolemy/domains/de/test/auto/knownFailedTests/HierarchicalModel.xml
3 ms. Memory: 55296K Free: 32614K (59%)
Known Failure: java.lang.reflect.InvocationTargetException
----------------- testing (KnownFailure) /home/travis/build/icyphy/ptII/ptolemy/domains/de/test/auto/knownFailedTests/dependencyLoop.xml
2 ms. Memory: 55296K Free: 17537K (32%)
Known Failure: java.lang.reflect.InvocationTargetException
----------------- testing (KnownFailure) /home/travis/build/icyphy/ptII/ptolemy/domains/de/test/auto/knownFailedTests/dependencyLoop2.xml
4 ms. Memory: 55296K Free: 32936K (60%)
Known Failure: java.lang.reflect.InvocationTargetException
No auto/linux-amd64/*.xml tests in /home/travis/build/icyphy/ptII/ptolemy/domains/de/test
AutoTests.java: About to close Vertx.
AutoTests.java: Vertx closed.

===========================================================================================
----------------- testing Fri Jun 26 14:54:40 UTC 2020 /home/travis/build/icyphy/ptII/ptolemy/domains/de/test/auto/ActorDepthCalculation_actorWithoutPorts.xml
----------------- Instantiating /home/travis/build/icyphy/ptII/ptolemy/domains/de/test/auto/ActorDepthCalculation_actorWithoutPorts.xml
4 ms. Memory: 55296K Free: 26148K (47%)
----------------- Invoking toplevel() on ptolemy.moml.MoMLSimpleApplication@447088c4
----------------- Done invoking toplevel() on ptolemy.moml.MoMLSimpleApplication@447088c4
reloadAllAccessors: .ActorDepthCalculation_actorWithoutPorts

===========================================================================================
----------------- testing Fri Jun 26 14:54:40 UTC 2020 /home/travis/build/icyphy/ptII/ptolemy/domains/de/test/auto/AssemblyLine.xml
----------------- Instantiating /home/travis/build/icyphy/ptII/ptolemy/domains/de/test/auto/AssemblyLine.xml
3 ms. Memory: 55296K Free: 18963K (34%)
----------------- Invoking toplevel() on ptolemy.moml.MoMLSimpleApplication@6eca5110
----------------- Done invoking toplevel() on ptolemy.moml.MoMLSimpleApplication@6eca5110
reloadAllAccessors: .AssemblyLine

===========================================================================================
----------------- testing Fri Jun 26 14:54:40 UTC 2020 /home/travis/build/icyphy/ptII/ptolemy/domains/de/test/auto/CQBug1.xml
----------------- Instantiating /home/travis/build/icyphy/ptII/ptolemy/domains/de/test/auto/CQBug1.xml
1 ms. Memory: 55296K Free: 15868K (29%)
----------------- Invoking toplevel() on ptolemy.moml.MoMLSimpleApplication@3c92a7ad
----------------- Done invoking toplevel() on ptolemy.moml.MoMLSimpleApplication@3c92a7ad
reloadAllAccessors: .CQBug1

===========================================================================================
----------------- testing Fri Jun 26 14:54:40 UTC 2020 /home/travis/build/icyphy/ptII/ptolemy/domains/de/test/auto/CancelFireAt.xml
----------------- Instantiating /home/travis/build/icyphy/ptII/ptolemy/domains/de/test/auto/CancelFireAt.xml
1 ms. Memory: 55296K Free: 13458K (24%)
----------------- Invoking toplevel() on ptolemy.moml.MoMLSimpleApplication@2d2eca2f
----------------- Done invoking toplevel() on ptolemy.moml.MoMLSimpleApplication@2d2eca2f
reloadAllAccessors: .CancelFireAt

===========================================================================================
----------------- testing Fri Jun 26 14:54:40 UTC 2020 /home/travis/build/icyphy/ptII/ptolemy/domains/de/test/auto/CausalityAndComposabilityAnalysis.xml
----------------- Instantiating /home/travis/build/icyphy/ptII/ptolemy/domains/de/test/auto/CausalityAndComposabilityAnalysis.xml
10 ms. Memory: 55296K Free: 9015K (16%)
----------------- Invoking toplevel() on ptolemy.moml.MoMLSimpleApplication@5fd02566
----------------- Done invoking toplevel() on ptolemy.moml.MoMLSimpleApplication@5fd02566
reloadAllAccessors: .CausalityAndComposabilityAnalysis

===========================================================================================
----------------- testing Fri Jun 26 14:54:40 UTC 2020 /home/travis/build/icyphy/ptII/ptolemy/domains/de/test/auto/CausalityInterface1.xml
----------------- Instantiating /home/travis/build/icyphy/ptII/ptolemy/domains/de/test/auto/CausalityInterface1.xml
7 ms. Memory: 55296K Free: 35252K (64%)
----------------- Invoking toplevel() on ptolemy.moml.MoMLSimpleApplication@39ede220
----------------- Done invoking toplevel() on ptolemy.moml.MoMLSimpleApplication@39ede220
reloadAllAccessors: .CausalityInterface1

===========================================================================================
----------------- testing Fri Jun 26 14:54:40 UTC 2020 /home/travis/build/icyphy/ptII/ptolemy/domains/de/test/auto/CausalityInterface15.xml
----------------- Instantiating /home/travis/build/icyphy/ptII/ptolemy/domains/de/test/auto/CausalityInterface15.xml
3 ms. Memory: 55296K Free: 29810K (54%)
----------------- Invoking toplevel() on ptolemy.moml.MoMLSimpleApplication@5c7dc4c9
----------------- Done invoking toplevel() on ptolemy.moml.MoMLSimpleApplication@5c7dc4c9
reloadAllAccessors: .CausalityInterface15

===========================================================================================
----------------- testing Fri Jun 26 14:54:40 UTC 2020 /home/travis/build/icyphy/ptII/ptolemy/domains/de/test/auto/CausalityInterface2.xml
----------------- Instantiating /home/travis/build/icyphy/ptII/ptolemy/domains/de/test/auto/CausalityInterface2.xml
1 ms. Memory: 55296K Free: 25321K (46%)
[...]
	at ptolemy.actor.Manager.run(Manager.java:1263)
	at ptolemy.actor.Manager$PtolemyRunThread.run(Manager.java:1933)
java.lang.RuntimeException: Execution failed
	at ptolemy.moml.MoMLSimpleApplication$UnloadThread.run(MoMLSimpleApplication.java:402)
Caused by: ptolemy.kernel.util.IllegalActionException: Actor is not ready to fire.  Perhaps UpSample.prefire() returned false? Try debugging the actor by selecting "Listen to Actor".  Also, for SDF check moml for tokenConsumptionRate on input.
  in .DESDFClockTest.Play Bell.Copy1:SDF Director and .DESDFClockTest.Play Bell.UpSample
	at ptolemy.actor.sched.StaticSchedulingDirector.fire(StaticSchedulingDirector.java:227)
	at ptolemy.domains.sdf.kernel.SDFDirector.fire(SDFDirector.java:500)
	at ptolemy.actor.CompositeActor.fire(CompositeActor.java:455)
	at ptolemy.domains.de.kernel.DEDirector._fire(DEDirector.java:1949)
	at ptolemy.domains.de.kernel.DEDirector.fire(DEDirector.java:502)
	at ptolemy.actor.CompositeActor.fire(CompositeActor.java:455)
	at ptolemy.actor.Manager.iterate(Manager.java:851)
	at ptolemy.actor.Manager.execute(Manager.java:369)
	at ptolemy.actor.Manager.run(Manager.java:1263)
	at ptolemy.actor.Manager$PtolemyRunThread.run(Manager.java:1933)
java.lang.reflect.InvocationTargetException
	at java.base/jdk.internal.reflect.NativeConstructorAccessorImpl.newInstance0(Native Method)
	at java.base/jdk.internal.reflect.NativeConstructorAccessorImpl.newInstance(NativeConstructorAccessorImpl.java:62)
	at java.base/jdk.internal.reflect.DelegatingConstructorAccessorImpl.newInstance(DelegatingConstructorAccessorImpl.java:45)
	at java.base/java.lang.reflect.Constructor.newInstance(Constructor.java:490)
	at ptolemy.util.test.junit.AutoKnownFailedTests.RunModel(AutoKnownFailedTests.java:105)
	at java.base/jdk.internal.reflect.NativeMethodAccessorImpl.invoke0(Native Method)
	at java.base/jdk.internal.reflect.NativeMethodAccessorImpl.invoke(NativeMethodAccessorImpl.java:62)
	at java.base/jdk.internal.reflect.DelegatingMethodAccessorImpl.invoke(DelegatingMethodAccessorImpl.java:43)
	at java.base/java.lang.reflect.Method.invoke(Method.java:566)
	at org.junit.runners.model.FrameworkMethod$1.runReflectiveCall(FrameworkMethod.java:44)
	at org.junit.internal.runners.model.ReflectiveCallable.run(ReflectiveCallable.java:15)
	at org.junit.runners.model.FrameworkMethod.invokeExplosively(FrameworkMethod.java:41)
	at junitparams.internal.InvokeParameterisedMethod.evaluate(InvokeParameterisedMethod.java:102)
	at org.junit.internal.runners.statements.FailOnTimeout$1.run(FailOnTimeout.java:28)
Caused by: ptolemy.kernel.util.IllegalActionException: Actor is not ready to fire.  Perhaps UpSample.prefire() returned false? Try debugging the actor by selecting "Listen to Actor".  Also, for SDF check moml for tokenConsumptionRate on input.
  in .DESDFClockTest.Play Bell.Copy1:SDF Director and .DESDFClockTest.Play Bell.UpSample
	at ptolemy.actor.sched.StaticSchedulingDirector.fire(StaticSchedulingDirector.java:227)
	at ptolemy.domains.sdf.kernel.SDFDirector.fire(SDFDirector.java:500)
	at ptolemy.actor.CompositeActor.fire(CompositeActor.java:455)
	at ptolemy.domains.de.kernel.DEDirector._fire(DEDirector.java:1949)
	at ptolemy.domains.de.kernel.DEDirector.fire(DEDirector.java:502)
	at ptolemy.actor.CompositeActor.fire(CompositeActor.java:455)
	at ptolemy.actor.Manager.iterate(Manager.java:851)
	at ptolemy.actor.Manager.execute(Manager.java:369)
	at ptolemy.actor.Manager.run(Manager.java:1263)
	at ptolemy.actor.Manager$PtolemyRunThread.run(Manager.java:1933)
java.lang.RuntimeException: Execution failed
	at ptolemy.moml.MoMLSimpleApplication$UnloadThread.run(MoMLSimpleApplication.java:402)
Caused by: ptolemy.kernel.util.IllegalActionException: Test fails in iteration 1.
Value was: 1.0. Should have been: 2.0
  in .DirectFeedback.Test
	at ptolemy.actor.lib.Test.fire(Test.java:268)
	at ptolemy.domains.de.kernel.DEDirector._fire(DEDirector.java:1949)
	at ptolemy.domains.de.kernel.DEDirector.fire(DEDirector.java:502)
	at ptolemy.actor.CompositeActor.fire(CompositeActor.java:455)
	at ptolemy.actor.Manager.iterate(Manager.java:851)
	at ptolemy.actor.Manager.execute(Manager.java:369)
	at ptolemy.actor.Manager.run(Manager.java:1263)
	at ptolemy.actor.Manager$PtolemyRunThread.run(Manager.java:1933)
java.lang.reflect.InvocationTargetException
	at java.base/jdk.internal.reflect.NativeConstructorAccessorImpl.newInstance0(Native Method)
	at java.base/jdk.internal.reflect.NativeConstructorAccessorImpl.newInstance(NativeConstructorAccessorImpl.java:62)
	at java.base/jdk.internal.reflect.DelegatingConstructorAccessorImpl.newInstance(DelegatingConstructorAccessorImpl.java:45)
	at java.base/java.lang.reflect.Constructor.newInstance(Constructor.java:490)
	at ptolemy.util.test.junit.AutoKnownFailedTests.RunModel(AutoKnownFailedTests.java:105)
	at java.base/jdk.internal.reflect.NativeMethodAccessorImpl.invoke0(Native Method)
	at java.base/jdk.internal.reflect.NativeMethodAccessorImpl.invoke(NativeMethodAccessorImpl.java:62)
	at java.base/jdk.internal.reflect.DelegatingMethodAccessorImpl.invoke(DelegatingMethodAccessorImpl.java:43)
	at java.base/java.lang.reflect.Method.invoke(Method.java:566)
	at org.junit.runners.model.FrameworkMethod$1.runReflectiveCall(FrameworkMethod.java:44)
	at org.junit.internal.runners.model.ReflectiveCallable.run(ReflectiveCallable.java:15)
	at org.junit.runners.model.FrameworkMethod.invokeExplosively(FrameworkMethod.java:41)
	at junitparams.internal.InvokeParameterisedMethod.evaluate(InvokeParameterisedMethod.java:102)
	at org.junit.internal.runners.statements.FailOnTimeout$1.run(FailOnTimeout.java:28)
Caused by: ptolemy.kernel.util.IllegalActionException: Test fails in iteration 1.
Value was: 1.0. Should have been: 2.0
  in .DirectFeedback.Test
	at ptolemy.actor.lib.Test.fire(Test.java:268)
	at ptolemy.domains.de.kernel.DEDirector._fire(DEDirector.java:1949)
	at ptolemy.domains.de.kernel.DEDirector.fire(DEDirector.java:502)
	at ptolemy.actor.CompositeActor.fire(CompositeActor.java:455)
	at ptolemy.actor.Manager.iterate(Manager.java:851)
	at ptolemy.actor.Manager.execute(Manager.java:369)
	at ptolemy.actor.Manager.run(Manager.java:1263)
	at ptolemy.actor.Manager$PtolemyRunThread.run(Manager.java:1933)
java.lang.RuntimeException: Execution failed
	at ptolemy.moml.MoMLSimpleApplication$UnloadThread.run(MoMLSimpleApplication.java:402)
Caused by: ptolemy.kernel.util.IllegalActionException: Found a zero delay loop containing .HierarchicalModel.A
  in .HierarchicalModel and .HierarchicalModel.A
	at ptolemy.actor.util.CausalityInterfaceForComposites._computeOutputPortDepth(CausalityInterfaceForComposites.java:759)
	at ptolemy.actor.util.CausalityInterfaceForComposites._computeInputDepth(CausalityInterfaceForComposites.java:696)
	at ptolemy.actor.util.CausalityInterfaceForComposites._computeOutputPortDepth(CausalityInterfaceForComposites.java:765)
	at ptolemy.actor.util.CausalityInterfaceForComposites._computeInputDepth(CausalityInterfaceForComposites.java:696)
	at ptolemy.actor.util.CausalityInterfaceForComposites._computeOutputPortDepth(CausalityInterfaceForComposites.java:765)
	at ptolemy.actor.util.CausalityInterfaceForComposites._computeInputDepth(CausalityInterfaceForComposites.java:696)
	at ptolemy.actor.util.CausalityInterfaceForComposites._computeActorDepth(CausalityInterfaceForComposites.java:532)
	at ptolemy.actor.util.CausalityInterfaceForComposites.checkForCycles(CausalityInterfaceForComposites.java:96)
	at ptolemy.domains.de.kernel.DEDirector.preinitialize(DEDirector.java:1338)
	at ptolemy.actor.CompositeActor.preinitialize(CompositeActor.java:1828)
	at ptolemy.actor.Manager.preinitializeAndResolveTypes(Manager.java:1040)
	at ptolemy.actor.Manager.initialize(Manager.java:710)
	at ptolemy.actor.Manager.execute(Manager.java:356)
	at ptolemy.actor.Manager.run(Manager.java:1263)
	at ptolemy.actor.Manager$PtolemyRunThread.run(Manager.java:1933)
java.lang.reflect.InvocationTargetException
	at java.base/jdk.internal.reflect.NativeConstructorAccessorImpl.newInstance0(Native Method)
	at java.base/jdk.internal.reflect.NativeConstructorAccessorImpl.newInstance(NativeConstructorAccessorImpl.java:62)
	at java.base/jdk.internal.reflect.DelegatingConstructorAccessorImpl.newInstance(DelegatingConstructorAccessorImpl.java:45)
	at java.base/java.lang.reflect.Constructor.newInstance(Constructor.java:490)
	at ptolemy.util.test.junit.AutoKnownFailedTests.RunModel(AutoKnownFailedTests.java:105)
	at java.base/jdk.internal.reflect.NativeMethodAccessorImpl.invoke0(Native Method)
	at java.base/jdk.internal.reflect.NativeMethodAccessorImpl.invoke(NativeMethodAccessorImpl.java:62)
	at java.base/jdk.internal.reflect.DelegatingMethodAccessorImpl.invoke(DelegatingMethodAccessorImpl.java:43)
	at java.base/java.lang.reflect.Method.invoke(Method.java:566)
	at org.junit.runners.model.FrameworkMethod$1.runReflectiveCall(FrameworkMethod.java:44)
	at org.junit.internal.runners.model.ReflectiveCallable.run(ReflectiveCallable.java:15)
	at org.junit.runners.model.FrameworkMethod.invokeExplosively(FrameworkMethod.java:41)
	at junitparams.internal.InvokeParameterisedMethod.evaluate(InvokeParameterisedMethod.java:102)
	at org.junit.internal.runners.statements.FailOnTimeout$1.run(FailOnTimeout.java:28)
Caused by: ptolemy.kernel.util.IllegalActionException: Found a zero delay loop containing .HierarchicalModel.A
  in .HierarchicalModel and .HierarchicalModel.A
	at ptolemy.actor.util.CausalityInterfaceForComposites._computeOutputPortDepth(CausalityInterfaceForComposites.java:759)
	at ptolemy.actor.util.CausalityInterfaceForComposites._computeInputDepth(CausalityInterfaceForComposites.java:696)
	at ptolemy.actor.util.CausalityInterfaceForComposites._computeOutputPortDepth(CausalityInterfaceForComposites.java:765)
	at ptolemy.actor.util.CausalityInterfaceForComposites._computeInputDepth(CausalityInterfaceForComposites.java:696)
	at ptolemy.actor.util.CausalityInterfaceForComposites._computeOutputPortDepth(CausalityInterfaceForComposites.java:765)
	at ptolemy.actor.util.CausalityInterfaceForComposites._computeInputDepth(CausalityInterfaceForComposites.java:696)
	at ptolemy.actor.util.CausalityInterfaceForComposites._computeActorDepth(CausalityInterfaceForComposites.java:532)
	at ptolemy.actor.util.CausalityInterfaceForComposites.checkForCycles(CausalityInterfaceForComposites.java:96)
	at ptolemy.domains.de.kernel.DEDirector.preinitialize(DEDirector.java:1338)
	at ptolemy.actor.CompositeActor.preinitialize(CompositeActor.java:1828)
	at ptolemy.actor.Manager.preinitializeAndResolveTypes(Manager.java:1040)
	at ptolemy.actor.Manager.initialize(Manager.java:710)
	at ptolemy.actor.Manager.execute(Manager.java:356)
	at ptolemy.actor.Manager.run(Manager.java:1263)
	at ptolemy.actor.Manager$PtolemyRunThread.run(Manager.java:1933)
java.lang.RuntimeException: Execution failed
	at ptolemy.moml.MoMLSimpleApplication$UnloadThread.run(MoMLSimpleApplication.java:402)
Caused by: ptolemy.kernel.util.IllegalActionException: Found a zero delay loop containing .dependencyLoop.original
  in .dependencyLoop and .dependencyLoop.original
	at ptolemy.actor.util.CausalityInterfaceForComposites._computeOutputPortDepth(CausalityInterfaceForComposites.java:759)
	at ptolemy.actor.util.CausalityInterfaceForComposites._computeInputDepth(CausalityInterfaceForComposites.java:696)
	at ptolemy.actor.util.CausalityInterfaceForComposites._computeOutputPortDepth(CausalityInterfaceForComposites.java:765)
	at ptolemy.actor.util.CausalityInterfaceForComposites._computeInputDepth(CausalityInterfaceForComposites.java:696)
	at ptolemy.actor.util.CausalityInterfaceForComposites._computeOutputPortDepth(CausalityInterfaceForComposites.java:765)
	at ptolemy.actor.util.CausalityInterfaceForComposites._computeInputDepth(CausalityInterfaceForComposites.java:696)
	at ptolemy.actor.util.CausalityInterfaceForComposites._computeActorDepth(CausalityInterfaceForComposites.java:532)
	at ptolemy.actor.util.CausalityInterfaceForComposites.checkForCycles(CausalityInterfaceForComposites.java:96)
	at ptolemy.domains.de.kernel.DEDirector.preinitialize(DEDirector.java:1338)
	at ptolemy.actor.CompositeActor.preinitialize(CompositeActor.java:1828)
	at ptolemy.actor.Manager.preinitializeAndResolveTypes(Manager.java:1040)
	at ptolemy.actor.Manager.initialize(Manager.java:710)
	at ptolemy.actor.Manager.execute(Manager.java:356)
	at ptolemy.actor.Manager.run(Manager.java:1263)
	at ptolemy.actor.Manager$PtolemyRunThread.run(Manager.java:1933)
java.lang.reflect.InvocationTargetException
	at java.base/jdk.internal.reflect.NativeConstructorAccessorImpl.newInstance0(Native Method)
	at java.base/jdk.internal.reflect.NativeConstructorAccessorImpl.newInstance(NativeConstructorAccessorImpl.java:62)
	at java.base/jdk.internal.reflect.DelegatingConstructorAccessorImpl.newInstance(DelegatingConstructorAccessorImpl.java:45)
	at java.base/java.lang.reflect.Constructor.newInstance(Constructor.java:490)
	at ptolemy.util.test.junit.AutoKnownFailedTests.RunModel(AutoKnownFailedTests.java:105)
	at java.base/jdk.internal.reflect.NativeMethodAccessorImpl.invoke0(Native Method)
	at java.base/jdk.internal.reflect.NativeMethodAccessorImpl.invoke(NativeMethodAccessorImpl.java:62)
	at java.base/jdk.internal.reflect.DelegatingMethodAccessorImpl.invoke(DelegatingMethodAccessorImpl.java:43)
	at java.base/java.lang.reflect.Method.invoke(Method.java:566)
	at org.junit.runners.model.FrameworkMethod$1.runReflectiveCall(FrameworkMethod.java:44)
	at org.junit.internal.runners.model.ReflectiveCallable.run(ReflectiveCallable.java:15)
	at org.junit.runners.model.FrameworkMethod.invokeExplosively(FrameworkMethod.java:41)
	at junitparams.internal.InvokeParameterisedMethod.evaluate(InvokeParameterisedMethod.java:102)
	at org.junit.internal.runners.statements.FailOnTimeout$1.run(FailOnTimeout.java:28)
Caused by: ptolemy.kernel.util.IllegalActionException: Found a zero delay loop containing .dependencyLoop.original
  in .dependencyLoop and .dependencyLoop.original
	at ptolemy.actor.util.CausalityInterfaceForComposites._computeOutputPortDepth(CausalityInterfaceForComposites.java:759)
	at ptolemy.actor.util.CausalityInterfaceForComposites._computeInputDepth(CausalityInterfaceForComposites.java:696)
	at ptolemy.actor.util.CausalityInterfaceForComposites._computeOutputPortDepth(CausalityInterfaceForComposites.java:765)
	at ptolemy.actor.util.CausalityInterfaceForComposites._computeInputDepth(CausalityInterfaceForComposites.java:696)
	at ptolemy.actor.util.CausalityInterfaceForComposites._computeOutputPortDepth(CausalityInterfaceForComposites.java:765)
	at ptolemy.actor.util.CausalityInterfaceForComposites._computeInputDepth(CausalityInterfaceForComposites.java:696)
	at ptolemy.actor.util.CausalityInterfaceForComposites._computeActorDepth(CausalityInterfaceForComposites.java:532)
	at ptolemy.actor.util.CausalityInterfaceForComposites.checkForCycles(CausalityInterfaceForComposites.java:96)
	at ptolemy.domains.de.kernel.DEDirector.preinitialize(DEDirector.java:1338)
	at ptolemy.actor.CompositeActor.preinitialize(CompositeActor.java:1828)
	at ptolemy.actor.Manager.preinitializeAndResolveTypes(Manager.java:1040)
	at ptolemy.actor.Manager.initialize(Manager.java:710)
	at ptolemy.actor.Manager.execute(Manager.java:356)
	at ptolemy.actor.Manager.run(Manager.java:1263)
	at ptolemy.actor.Manager$PtolemyRunThread.run(Manager.java:1933)
java.lang.RuntimeException: Execution failed
	at ptolemy.moml.MoMLSimpleApplication$UnloadThread.run(MoMLSimpleApplication.java:402)
Caused by: ptolemy.kernel.util.IllegalActionException: Found a zero delay loop containing .dependencyLoop2.original
  in .dependencyLoop2 and .dependencyLoop2.original
	at ptolemy.actor.util.CausalityInterfaceForComposites._computeOutputPortDepth(CausalityInterfaceForComposites.java:759)
	at ptolemy.actor.util.CausalityInterfaceForComposites._computeInputDepth(CausalityInterfaceForComposites.java:696)
	at ptolemy.actor.util.CausalityInterfaceForComposites._computeOutputPortDepth(CausalityInterfaceForComposites.java:765)
	at ptolemy.actor.util.CausalityInterfaceForComposites._computeInputDepth(CausalityInterfaceForComposites.java:696)
	at ptolemy.actor.util.CausalityInterfaceForComposites._computeOutputPortDepth(CausalityInterfaceForComposites.java:765)
	at ptolemy.actor.util.CausalityInterfaceForComposites._computeInputDepth(CausalityInterfaceForComposites.java:696)
	at ptolemy.actor.util.CausalityInterfaceForComposites._computeActorDepth(CausalityInterfaceForComposites.java:532)
	at ptolemy.actor.util.CausalityInterfaceForComposites.checkForCycles(CausalityInterfaceForComposites.java:96)
	at ptolemy.domains.de.kernel.DEDirector.preinitialize(DEDirector.java:1338)
	at ptolemy.actor.CompositeActor.preinitialize(CompositeActor.java:1828)
	at ptolemy.actor.Manager.preinitializeAndResolveTypes(Manager.java:1040)
	at ptolemy.actor.Manager.initialize(Manager.java:710)
	at ptolemy.actor.Manager.execute(Manager.java:356)
	at ptolemy.actor.Manager.run(Manager.java:1263)
	at ptolemy.actor.Manager$PtolemyRunThread.run(Manager.java:1933)
java.lang.reflect.InvocationTargetException
	at java.base/jdk.internal.reflect.NativeConstructorAccessorImpl.newInstance0(Native Method)
	at java.base/jdk.internal.reflect.NativeConstructorAccessorImpl.newInstance(NativeConstructorAccessorImpl.java:62)
	at java.base/jdk.internal.reflect.DelegatingConstructorAccessorImpl.newInstance(DelegatingConstructorAccessorImpl.java:45)
	at java.base/java.lang.reflect.Constructor.newInstance(Constructor.java:490)
	at ptolemy.util.test.junit.AutoKnownFailedTests.RunModel(AutoKnownFailedTests.java:105)
	at java.base/jdk.internal.reflect.NativeMethodAccessorImpl.invoke0(Native Method)
	at java.base/jdk.internal.reflect.NativeMethodAccessorImpl.invoke(NativeMethodAccessorImpl.java:62)
	at java.base/jdk.internal.reflect.DelegatingMethodAccessorImpl.invoke(DelegatingMethodAccessorImpl.java:43)
	at java.base/java.lang.reflect.Method.invoke(Method.java:566)
	at org.junit.runners.model.FrameworkMethod$1.runReflectiveCall(FrameworkMethod.java:44)
	at org.junit.internal.runners.model.ReflectiveCallable.run(ReflectiveCallable.java:15)
	at org.junit.runners.model.FrameworkMethod.invokeExplosively(FrameworkMethod.java:41)
	at junitparams.internal.InvokeParameterisedMethod.evaluate(InvokeParameterisedMethod.java:102)
	at org.junit.internal.runners.statements.FailOnTimeout$1.run(FailOnTimeout.java:28)
Caused by: ptolemy.kernel.util.IllegalActionException: Found a zero delay loop containing .dependencyLoop2.original
  in .dependencyLoop2 and .dependencyLoop2.original
	at ptolemy.actor.util.CausalityInterfaceForComposites._computeOutputPortDepth(CausalityInterfaceForComposites.java:759)
	at ptolemy.actor.util.CausalityInterfaceForComposites._computeInputDepth(CausalityInterfaceForComposites.java:696)
	at ptolemy.actor.util.CausalityInterfaceForComposites._computeOutputPortDepth(CausalityInterfaceForComposites.java:765)
	at ptolemy.actor.util.CausalityInterfaceForComposites._computeInputDepth(CausalityInterfaceForComposites.java:696)
	at ptolemy.actor.util.CausalityInterfaceForComposites._computeOutputPortDepth(CausalityInterfaceForComposites.java:765)
	at ptolemy.actor.util.CausalityInterfaceForComposites._computeInputDepth(CausalityInterfaceForComposites.java:696)
	at ptolemy.actor.util.CausalityInterfaceForComposites._computeActorDepth(CausalityInterfaceForComposites.java:532)
	at ptolemy.actor.util.CausalityInterfaceForComposites.checkForCycles(CausalityInterfaceForComposites.java:96)
	at ptolemy.domains.de.kernel.DEDirector.preinitialize(DEDirector.java:1338)
	at ptolemy.actor.CompositeActor.preinitialize(CompositeActor.java:1828)
	at ptolemy.actor.Manager.preinitializeAndResolveTypes(Manager.java:1040)
	at ptolemy.actor.Manager.initialize(Manager.java:710)
	at ptolemy.actor.Manager.execute(Manager.java:356)
	at ptolemy.actor.Manager.run(Manager.java:1263)
	at ptolemy.actor.Manager$PtolemyRunThread.run(Manager.java:1933)
]]></system-err>
</testsuite>
