<?xml version="1.0" encoding="UTF-8" ?>
<testsuite errors="0" failures="0" hostname="travis-job-8add2df3-6a76-42d8-8e56-19b3cecf22d5" name="ptolemy.actor.lib.hoc.test.junit.JUnitTclTest" skipped="0" tests="58" time="32.129" timestamp="2020-10-02T15:41:11">
  <properties>
[...]
</properties>
  <testcase classname="ptolemy.util.test.junit.TclTests" name="[0] /home/travis/build/icyphy/ptII/ptolemy/actor/lib/hoc/test/IterateOverArray.tcl (RunTclFile)" time="0.364" />
  <testcase classname="ptolemy.util.test.junit.AutoKnownFailedTests" name="[0] /home/travis/build/icyphy/ptII/ptolemy/actor/lib/hoc/test/auto/knownFailedTests/PreinitializeMustBeInvokedRunComposite.xml (RunModel)" time="0.382" />
  <testcase classname="ptolemy.util.test.junit.AutoNameArchTests" name="[0] ThereAreNoAutoArchTests (RunModel)" time="0.005" />
  <testcase classname="ptolemy.util.test.junit.AutoTests" name="[0] /home/travis/build/icyphy/ptII/ptolemy/actor/lib/hoc/test/auto/AllToAllMultiInstanceComposite.xml (RunModel)" time="0.395" />
  <testcase classname="ptolemy.util.test.junit.AutoTests" name="[1] /home/travis/build/icyphy/ptII/ptolemy/actor/lib/hoc/test/auto/ApplyFFTTest.xml (RunModel)" time="0.359" />
  <testcase classname="ptolemy.util.test.junit.AutoTests" name="[2] /home/travis/build/icyphy/ptII/ptolemy/actor/lib/hoc/test/auto/ApplyFunction.xml (RunModel)" time="0.068" />
  <testcase classname="ptolemy.util.test.junit.AutoTests" name="[3] /home/travis/build/icyphy/ptII/ptolemy/actor/lib/hoc/test/auto/BackgroundExecution.xml (RunModel)" time="0.725" />
  <testcase classname="ptolemy.util.test.junit.AutoTests" name="[4] /home/travis/build/icyphy/ptII/ptolemy/actor/lib/hoc/test/auto/Case.xml (RunModel)" time="0.089" />
  <testcase classname="ptolemy.util.test.junit.AutoTests" name="[5] /home/travis/build/icyphy/ptII/ptolemy/actor/lib/hoc/test/auto/Case1.xml (RunModel)" time="0.045" />
  <testcase classname="ptolemy.util.test.junit.AutoTests" name="[6] /home/travis/build/icyphy/ptII/ptolemy/actor/lib/hoc/test/auto/Case2.xml (RunModel)" time="0.096" />
  <testcase classname="ptolemy.util.test.junit.AutoTests" name="[7] /home/travis/build/icyphy/ptII/ptolemy/actor/lib/hoc/test/auto/Case3.xml (RunModel)" time="0.033" />
  <testcase classname="ptolemy.util.test.junit.AutoTests" name="[8] /home/travis/build/icyphy/ptII/ptolemy/actor/lib/hoc/test/auto/Case4.xml (RunModel)" time="0.082" />
  <testcase classname="ptolemy.util.test.junit.AutoTests" name="[9] /home/travis/build/icyphy/ptII/ptolemy/actor/lib/hoc/test/auto/Case5.xml (RunModel)" time="0.061" />
  <testcase classname="ptolemy.util.test.junit.AutoTests" name="[10] /home/travis/build/icyphy/ptII/ptolemy/actor/lib/hoc/test/auto/Case6.xml (RunModel)" time="0.094" />
  <testcase classname="ptolemy.util.test.junit.AutoTests" name="[11] /home/travis/build/icyphy/ptII/ptolemy/actor/lib/hoc/test/auto/CaseString2.xml (RunModel)" time="0.067" />
  <testcase classname="ptolemy.util.test.junit.AutoTests" name="[12] /home/travis/build/icyphy/ptII/ptolemy/actor/lib/hoc/test/auto/CatchUpComposite1.xml (RunModel)" time="0.101" />
  <testcase classname="ptolemy.util.test.junit.AutoTests" name="[13] /home/travis/build/icyphy/ptII/ptolemy/actor/lib/hoc/test/auto/CatchUpComposite2.xml (RunModel)" time="0.069" />
  <testcase classname="ptolemy.util.test.junit.AutoTests" name="[14] /home/travis/build/icyphy/ptII/ptolemy/actor/lib/hoc/test/auto/CatchUpComposite3.xml (RunModel)" time="0.08" />
  <testcase classname="ptolemy.util.test.junit.AutoTests" name="[15] /home/travis/build/icyphy/ptII/ptolemy/actor/lib/hoc/test/auto/CatchUpComposite4.xml (RunModel)" time="0.076" />
  <testcase classname="ptolemy.util.test.junit.AutoTests" name="[16] /home/travis/build/icyphy/ptII/ptolemy/actor/lib/hoc/test/auto/CatchUpComposite5.xml (RunModel)" time="0.045" />
  <testcase classname="ptolemy.util.test.junit.AutoTests" name="[17] /home/travis/build/icyphy/ptII/ptolemy/actor/lib/hoc/test/auto/CatchUpComposite6.xml (RunModel)" time="0.171" />
  <testcase classname="ptolemy.util.test.junit.AutoTests" name="[18] /home/travis/build/icyphy/ptII/ptolemy/actor/lib/hoc/test/auto/CatchUpComposite7.xml (RunModel)" time="0.096" />
  <testcase classname="ptolemy.util.test.junit.AutoTests" name="[19] /home/travis/build/icyphy/ptII/ptolemy/actor/lib/hoc/test/auto/ConcurrentExecutionTimeSDF.xml (RunModel)" time="0.724" />
  <testcase classname="ptolemy.util.test.junit.AutoTests" name="[20] /home/travis/build/icyphy/ptII/ptolemy/actor/lib/hoc/test/auto/ConcurrentSleep.xml (RunModel)" time="0.765" />
  <testcase classname="ptolemy.util.test.junit.AutoTests" name="[21] /home/travis/build/icyphy/ptII/ptolemy/actor/lib/hoc/test/auto/DEInPNInRunCompositeActor.xml (RunModel)" time="0.037" />
  <testcase classname="ptolemy.util.test.junit.AutoTests" name="[22] /home/travis/build/icyphy/ptII/ptolemy/actor/lib/hoc/test/auto/DFTSubSetTest.xml (RunModel)" time="0.297" />
  <testcase classname="ptolemy.util.test.junit.AutoTests" name="[23] /home/travis/build/icyphy/ptII/ptolemy/actor/lib/hoc/test/auto/HocDE.xml (RunModel)" time="0.172" />
  <testcase classname="ptolemy.util.test.junit.AutoTests" name="[24] /home/travis/build/icyphy/ptII/ptolemy/actor/lib/hoc/test/auto/IterateOverArray.xml (RunModel)" time="0.028" />
  <testcase classname="ptolemy.util.test.junit.AutoTests" name="[25] /home/travis/build/icyphy/ptII/ptolemy/actor/lib/hoc/test/auto/IterateOverArray10.xml (RunModel)" time="0.02" />
  <testcase classname="ptolemy.util.test.junit.AutoTests" name="[26] /home/travis/build/icyphy/ptII/ptolemy/actor/lib/hoc/test/auto/IterateOverArray11.xml (RunModel)" time="0.035" />
  <testcase classname="ptolemy.util.test.junit.AutoTests" name="[27] /home/travis/build/icyphy/ptII/ptolemy/actor/lib/hoc/test/auto/IterateOverArray12.xml (RunModel)" time="0.036" />
  <testcase classname="ptolemy.util.test.junit.AutoTests" name="[28] /home/travis/build/icyphy/ptII/ptolemy/actor/lib/hoc/test/auto/IterateOverArray13.xml (RunModel)" time="0.152" />
  <testcase classname="ptolemy.util.test.junit.AutoTests" name="[29] /home/travis/build/icyphy/ptII/ptolemy/actor/lib/hoc/test/auto/IterateOverArray14.xml (RunModel)" time="0.16" />
  <testcase classname="ptolemy.util.test.junit.AutoTests" name="[30] /home/travis/build/icyphy/ptII/ptolemy/actor/lib/hoc/test/auto/IterateOverArray2.xml (RunModel)" time="0.035" />
  <testcase classname="ptolemy.util.test.junit.AutoTests" name="[31] /home/travis/build/icyphy/ptII/ptolemy/actor/lib/hoc/test/auto/IterateOverArray3.xml (RunModel)" time="0.045" />
  <testcase classname="ptolemy.util.test.junit.AutoTests" name="[32] /home/travis/build/icyphy/ptII/ptolemy/actor/lib/hoc/test/auto/IterateOverArray4.xml (RunModel)" time="0.022" />
  <testcase classname="ptolemy.util.test.junit.AutoTests" name="[33] /home/travis/build/icyphy/ptII/ptolemy/actor/lib/hoc/test/auto/IterateOverArray5.xml (RunModel)" time="0.026" />
  <testcase classname="ptolemy.util.test.junit.AutoTests" name="[34] /home/travis/build/icyphy/ptII/ptolemy/actor/lib/hoc/test/auto/IterateOverArray6.xml (RunModel)" time="0.012" />
  <testcase classname="ptolemy.util.test.junit.AutoTests" name="[35] /home/travis/build/icyphy/ptII/ptolemy/actor/lib/hoc/test/auto/IterateOverArray7.xml (RunModel)" time="0.021" />
  <testcase classname="ptolemy.util.test.junit.AutoTests" name="[36] /home/travis/build/icyphy/ptII/ptolemy/actor/lib/hoc/test/auto/IterateOverArray8.xml (RunModel)" time="0.024" />
  <testcase classname="ptolemy.util.test.junit.AutoTests" name="[37] /home/travis/build/icyphy/ptII/ptolemy/actor/lib/hoc/test/auto/IterateOverArray9.xml (RunModel)" time="0.042" />
  <testcase classname="ptolemy.util.test.junit.AutoTests" name="[38] /home/travis/build/icyphy/ptII/ptolemy/actor/lib/hoc/test/auto/IterateOverArrayCoercedOutputType.xml (RunModel)" time="0.025" />
  <testcase classname="ptolemy.util.test.junit.AutoTests" name="[39] /home/travis/build/icyphy/ptII/ptolemy/actor/lib/hoc/test/auto/IterateOverArrayInferredOutputType.xml (RunModel)" time="0.019" />
  <testcase classname="ptolemy.util.test.junit.AutoTests" name="[40] /home/travis/build/icyphy/ptII/ptolemy/actor/lib/hoc/test/auto/MobileFunctionTest.xml (RunModel)" time="0.023" />
  <testcase classname="ptolemy.util.test.junit.AutoTests" name="[41] /home/travis/build/icyphy/ptII/ptolemy/actor/lib/hoc/test/auto/MobileModelTest.xml (RunModel)" time="0.18" />
  <testcase classname="ptolemy.util.test.junit.AutoTests" name="[42] /home/travis/build/icyphy/ptII/ptolemy/actor/lib/hoc/test/auto/ModelReference.xml (RunModel)" time="0.08" />
  <testcase classname="ptolemy.util.test.junit.AutoTests" name="[43] /home/travis/build/icyphy/ptII/ptolemy/actor/lib/hoc/test/auto/ModelReference3.xml (RunModel)" time="0.044" />
  <testcase classname="ptolemy.util.test.junit.AutoTests" name="[44] /home/travis/build/icyphy/ptII/ptolemy/actor/lib/hoc/test/auto/ModelReference4.xml (RunModel)" time="10.031" />
  <testcase classname="ptolemy.util.test.junit.AutoTests" name="[45] /home/travis/build/icyphy/ptII/ptolemy/actor/lib/hoc/test/auto/MultiInstanceComposite.xml (RunModel)" time="0.059" />
  <testcase classname="ptolemy.util.test.junit.AutoTests" name="[46] /home/travis/build/icyphy/ptII/ptolemy/actor/lib/hoc/test/auto/MultiInstanceComposite2.xml (RunModel)" time="0.038" />
  <testcase classname="ptolemy.util.test.junit.AutoTests" name="[47] /home/travis/build/icyphy/ptII/ptolemy/actor/lib/hoc/test/auto/MulticoreExecution.xml (RunModel)" time="1.069" />
  <testcase classname="ptolemy.util.test.junit.AutoTests" name="[48] /home/travis/build/icyphy/ptII/ptolemy/actor/lib/hoc/test/auto/ParallelExecution.xml (RunModel)" time="0.936" />
  <testcase classname="ptolemy.util.test.junit.AutoTests" name="[49] /home/travis/build/icyphy/ptII/ptolemy/actor/lib/hoc/test/auto/RunCompositeActor.xml (RunModel)" time="0.034" />
  <testcase classname="ptolemy.util.test.junit.AutoTests" name="[50] /home/travis/build/icyphy/ptII/ptolemy/actor/lib/hoc/test/auto/RunCompositeActor2.xml (RunModel)" time="0.018" />
  <testcase classname="ptolemy.util.test.junit.AutoTests" name="[51] /home/travis/build/icyphy/ptII/ptolemy/actor/lib/hoc/test/auto/RunCompositeActor3.xml (RunModel)" time="0.019" />
  <testcase classname="ptolemy.util.test.junit.AutoTests" name="[52] /home/travis/build/icyphy/ptII/ptolemy/actor/lib/hoc/test/auto/RunCompositeActor4.xml (RunModel)" time="0.029" />
  <testcase classname="ptolemy.util.test.junit.AutoTests" name="[53] /home/travis/build/icyphy/ptII/ptolemy/actor/lib/hoc/test/auto/RunCompositeIterateOverArray.xml (RunModel)" time="0.02" />
  <testcase classname="ptolemy.util.test.junit.AutoTests" name="[54] /home/travis/build/icyphy/ptII/ptolemy/actor/lib/hoc/test/auto/ThreadedJS.xml (RunModel)" time="12.713" />
  <system-out><![CDATA[/home/travis/build/icyphy/ptII/ptolemy/actor/lib/hoc/test/IterateOverArray.tcl
testDefs.tcl: setting time out to 9000 seconds at Fri Oct 02 15:41:12 UTC 2020
10/02/20 03:41:12
Failed: 0  Total Tests: 2  ((Passed: 2, Newly Passed: 0)  Known Failed: 0) /home/travis/build/icyphy/ptII/ptolemy/actor/lib/hoc/test
----------------- testing (KnownFailure) /home/travis/build/icyphy/ptII/ptolemy/actor/lib/hoc/test/auto/knownFailedTests/PreinitializeMustBeInvokedRunComposite.xml
109 ms. Memory: 129024K Free: 86465K (67%)
Known Failure: java.lang.reflect.InvocationTargetException
No auto/linux-amd64/*.xml tests in /home/travis/build/icyphy/ptII/ptolemy/actor/lib/hoc/test
AutoTests.java: About to close Vertx.
AutoTests.java: Vertx closed.

===========================================================================================
----------------- testing Fri Oct 02 15:41:13 UTC 2020 /home/travis/build/icyphy/ptII/ptolemy/actor/lib/hoc/test/auto/AllToAllMultiInstanceComposite.xml
----------------- Instantiating /home/travis/build/icyphy/ptII/ptolemy/actor/lib/hoc/test/auto/AllToAllMultiInstanceComposite.xml
166 ms. Memory: 129024K Free: 108854K (84%)
----------------- Invoking toplevel() on ptolemy.moml.MoMLSimpleApplication@6d9c55c2
----------------- Done invoking toplevel() on ptolemy.moml.MoMLSimpleApplication@6d9c55c2
reloadAllAccessors: .AllToAllMultiInstanceComposite

===========================================================================================
----------------- testing Fri Oct 02 15:41:13 UTC 2020 /home/travis/build/icyphy/ptII/ptolemy/actor/lib/hoc/test/auto/ApplyFFTTest.xml
----------------- Instantiating /home/travis/build/icyphy/ptII/ptolemy/actor/lib/hoc/test/auto/ApplyFFTTest.xml
140 ms. Memory: 129024K Free: 90076K (70%)
----------------- Invoking toplevel() on ptolemy.moml.MoMLSimpleApplication@52d9674d
----------------- Done invoking toplevel() on ptolemy.moml.MoMLSimpleApplication@52d9674d
reloadAllAccessors: .ApplyFFTTest

===========================================================================================
----------------- testing Fri Oct 02 15:41:13 UTC 2020 /home/travis/build/icyphy/ptII/ptolemy/actor/lib/hoc/test/auto/ApplyFunction.xml
----------------- Instantiating /home/travis/build/icyphy/ptII/ptolemy/actor/lib/hoc/test/auto/ApplyFunction.xml
9 ms. Memory: 129024K Free: 87004K (67%)
----------------- Invoking toplevel() on ptolemy.moml.MoMLSimpleApplication@7251ec16
----------------- Done invoking toplevel() on ptolemy.moml.MoMLSimpleApplication@7251ec16
reloadAllAccessors: .ApplyFunction

===========================================================================================
----------------- testing Fri Oct 02 15:41:13 UTC 2020 /home/travis/build/icyphy/ptII/ptolemy/actor/lib/hoc/test/auto/BackgroundExecution.xml
----------------- Instantiating /home/travis/build/icyphy/ptII/ptolemy/actor/lib/hoc/test/auto/BackgroundExecution.xml
647 ms. Memory: 129024K Free: 111865K (87%)
----------------- Invoking toplevel() on ptolemy.moml.MoMLSimpleApplication@265786ca
----------------- Done invoking toplevel() on ptolemy.moml.MoMLSimpleApplication@265786ca
reloadAllAccessors: .BackgroundExecution

===========================================================================================
----------------- testing Fri Oct 02 15:41:14 UTC 2020 /home/travis/build/icyphy/ptII/ptolemy/actor/lib/hoc/test/auto/Case.xml
----------------- Instantiating /home/travis/build/icyphy/ptII/ptolemy/actor/lib/hoc/test/auto/Case.xml
22 ms. Memory: 129024K Free: 104470K (81%)
----------------- Invoking toplevel() on ptolemy.moml.MoMLSimpleApplication@2bf9f858
----------------- Done invoking toplevel() on ptolemy.moml.MoMLSimpleApplication@2bf9f858
reloadAllAccessors: .Case

===========================================================================================
----------------- testing Fri Oct 02 15:41:14 UTC 2020 /home/travis/build/icyphy/ptII/ptolemy/actor/lib/hoc/test/auto/Case1.xml
----------------- Instantiating /home/travis/build/icyphy/ptII/ptolemy/actor/lib/hoc/test/auto/Case1.xml
14 ms. Memory: 129024K Free: 98205K (76%)
----------------- Invoking toplevel() on ptolemy.moml.MoMLSimpleApplication@365b5ba8
----------------- Done invoking toplevel() on ptolemy.moml.MoMLSimpleApplication@365b5ba8
reloadAllAccessors: .Case1

===========================================================================================
----------------- testing Fri Oct 02 15:41:14 UTC 2020 /home/travis/build/icyphy/ptII/ptolemy/actor/lib/hoc/test/auto/Case2.xml
----------------- Instantiating /home/travis/build/icyphy/ptII/ptolemy/actor/lib/hoc/test/auto/Case2.xml
23 ms. Memory: 129024K Free: 87903K (68%)
----------------- Invoking toplevel() on ptolemy.moml.MoMLSimpleApplication@2e895c96
----------------- Done invoking toplevel() on ptolemy.moml.MoMLSimpleApplication@2e895c96
reloadAllAccessors: .Case2

===========================================================================================
----------------- testing Fri Oct 02 15:41:14 UTC 2020 /home/travis/build/icyphy/ptII/ptolemy/actor/lib/hoc/test/auto/Case3.xml
----------------- Instantiating /home/travis/build/icyphy/ptII/ptolemy/actor/lib/hoc/test/auto/Case3.xml
12 ms. Memory: 129024K Free: 82139K (64%)
----------------- Invoking toplevel() on ptolemy.moml.MoMLSimpleApplication@58ab8ba5
----------------- Done invoking toplevel() on ptolemy.moml.MoMLSimpleApplication@58ab8ba5
reloadAllAccessors: .Case3

===========================================================================================
----------------- testing Fri Oct 02 15:41:14 UTC 2020 /home/travis/build/icyphy/ptII/ptolemy/actor/lib/hoc/test/auto/Case4.xml
----------------- Instantiating /home/travis/build/icyphy/ptII/ptolemy/actor/lib/hoc/test/auto/Case4.xml
27 ms. Memory: 129024K Free: 74345K (58%)
----------------- Invoking toplevel() on ptolemy.moml.MoMLSimpleApplication@7720230e
----------------- Done invoking toplevel() on ptolemy.moml.MoMLSimpleApplication@7720230e
reloadAllAccessors: .Case4

===========================================================================================
----------------- testing Fri Oct 02 15:41:15 UTC 2020 /home/travis/build/icyphy/ptII/ptolemy/actor/lib/hoc/test/auto/Case5.xml
----------------- Instantiating /home/travis/build/icyphy/ptII/ptolemy/actor/lib/hoc/test/auto/Case5.xml
25 ms. Memory: 129024K Free: 107876K (84%)
----------------- Invoking toplevel() on ptolemy.moml.MoMLSimpleApplication@6b7ae856
----------------- Done invoking toplevel() on ptolemy.moml.MoMLSimpleApplication@6b7ae856
reloadAllAccessors: .junk

===========================================================================================
----------------- testing Fri Oct 02 15:41:15 UTC 2020 /home/travis/build/icyphy/ptII/ptolemy/actor/lib/hoc/test/auto/Case6.xml
----------------- Instantiating /home/travis/build/icyphy/ptII/ptolemy/actor/lib/hoc/test/auto/Case6.xml
55 ms. Memory: 129024K Free: 95927K (74%)
----------------- Invoking toplevel() on ptolemy.moml.MoMLSimpleApplication@124f70ae
----------------- Done invoking toplevel() on ptolemy.moml.MoMLSimpleApplication@124f70ae
reloadAllAccessors: .Case6

===========================================================================================
----------------- testing Fri Oct 02 15:41:15 UTC 2020 /home/travis/build/icyphy/ptII/ptolemy/actor/lib/hoc/test/auto/CaseString2.xml
----------------- Instantiating /home/travis/build/icyphy/ptII/ptolemy/actor/lib/hoc/test/auto/CaseString2.xml
23 ms. Memory: 129024K Free: 88420K (69%)
----------------- Invoking toplevel() on ptolemy.moml.MoMLSimpleApplication@38e62e3f
----------------- Done invoking toplevel() on ptolemy.moml.MoMLSimpleApplication@38e62e3f
reloadAllAccessors: .CaseString2

===========================================================================================
----------------- testing Fri Oct 02 15:41:15 UTC 2020 /home/travis/build/icyphy/ptII/ptolemy/actor/lib/hoc/test/auto/CatchUpComposite1.xml
----------------- Instantiating /home/travis/build/icyphy/ptII/ptolemy/actor/lib/hoc/test/auto/CatchUpComposite1.xml
44 ms. Memory: 129024K Free: 79543K (62%)
----------------- Invoking toplevel() on ptolemy.moml.MoMLSimpleApplication@43b84c4a
----------------- Done invoking toplevel() on ptolemy.moml.MoMLSimpleApplication@43b84c4a
reloadAllAccessors: .CatchUpComposite1

===========================================================================================
----------------- testing Fri Oct 02 15:41:15 UTC 2020 /home/travis/build/icyphy/ptII/ptolemy/actor/lib/hoc/test/auto/CatchUpComposite2.xml
----------------- Instantiating /home/travis/build/icyphy/ptII/ptolemy/actor/lib/hoc/test/auto/CatchUpComposite2.xml
9 ms. Memory: 129024K Free: 71343K (55%)
----------------- Invoking toplevel() on ptolemy.moml.MoMLSimpleApplication@27173b28
----------------- Done invoking toplevel() on ptolemy.moml.MoMLSimpleApplication@27173b28
reloadAllAccessors: .CatchUpComposite2

===========================================================================================
----------------- testing Fri Oct 02 15:41:15 UTC 2020 /home/travis/build/icyphy/ptII/ptolemy/actor/lib/hoc/test/auto/CatchUpComposite3.xml
----------------- Instantiating /home/travis/build/icyphy/ptII/ptolemy/actor/lib/hoc/test/auto/CatchUpComposite3.xml
31 ms. Memory: 129024K Free: 113483K (88%)
----------------- Invoking toplevel() on ptolemy.moml.MoMLSimpleApplication@72723c03
----------------- Done invoking toplevel() on ptolemy.moml.MoMLSimpleApplication@72723c03
reloadAllAccessors: .CatchUpComposite3

===========================================================================================
----------------- testing Fri Oct 02 15:41:15 UTC 2020 /home/travis/build/icyphy/ptII/ptolemy/actor/lib/hoc/test/auto/CatchUpComposite4.xml
----------------- Instantiating /home/travis/build/icyphy/ptII/ptolemy/actor/lib/hoc/test/auto/CatchUpComposite4.xml
21 ms. Memory: 129024K Free: 105387K (82%)
----------------- Invoking toplevel() on ptolemy.moml.MoMLSimpleApplication@12796723
----------------- Done invoking toplevel() on ptolemy.moml.MoMLSimpleApplication@12796723
reloadAllAccessors: .CatchUpComposite4

===========================================================================================
----------------- testing Fri Oct 02 15:41:15 UTC 2020 /home/travis/build/icyphy/ptII/ptolemy/actor/lib/hoc/test/auto/CatchUpComposite5.xml
----------------- Instantiating /home/travis/build/icyphy/ptII/ptolemy/actor/lib/hoc/test/auto/CatchUpComposite5.xml
13 ms. Memory: 129024K Free: 97942K (76%)
----------------- Invoking toplevel() on ptolemy.moml.MoMLSimpleApplication@450f31e
----------------- Done invoking toplevel() on ptolemy.moml.MoMLSimpleApplication@450f31e
reloadAllAccessors: .CatchUpComposite5

===========================================================================================
----------------- testing Fri Oct 02 15:41:15 UTC 2020 /home/travis/build/icyphy/ptII/ptolemy/actor/lib/hoc/test/auto/CatchUpComposite6.xml
----------------- Instantiating /home/travis/build/icyphy/ptII/ptolemy/actor/lib/hoc/test/auto/CatchUpComposite6.xml
WARNING: The execution aspects in this model can influence the timing of actors by delaying the 
execution, potentially changing the behavior. There is no guarantee that actors fire at the 
time they request to be fired. 
Use Ptides for deterministic DE behavior that is not influenced by execution aspects. 

88 ms. Memory: 129024K Free: 83315K (65%)
----------------- Invoking toplevel() on ptolemy.moml.MoMLSimpleApplication@3626f062
----------------- Done invoking toplevel() on ptolemy.moml.MoMLSimpleApplication@3626f062
reloadAllAccessors: .CatchUpComposite6

===========================================================================================
----------------- testing Fri Oct 02 15:41:15 UTC 2020 /home/travis/build/icyphy/ptII/ptolemy/actor/lib/hoc/test/auto/CatchUpComposite7.xml
----------------- Instantiating /home/travis/build/icyphy/ptII/ptolemy/actor/lib/hoc/test/auto/CatchUpComposite7.xml
WARNING: The execution aspects in this model can influence the timing of actors by delaying the 
execution, potentially changing the behavior. There is no guarantee that actors fire at the 
time they request to be fired. 
Use Ptides for deterministic DE behavior that is not influenced by execution aspects. 

40 ms. Memory: 129024K Free: 69903K (54%)
----------------- Invoking toplevel() on ptolemy.moml.MoMLSimpleApplication@1a43efd1
----------------- Done invoking toplevel() on ptolemy.moml.MoMLSimpleApplication@1a43efd1
reloadAllAccessors: .CatchUpComposite7

===========================================================================================
----------------- testing Fri Oct 02 15:41:15 UTC 2020 /home/travis/build/icyphy/ptII/ptolemy/actor/lib/hoc/test/auto/ConcurrentExecutionTimeSDF.xml
----------------- Instantiating /home/travis/build/icyphy/ptII/ptolemy/actor/lib/hoc/test/auto/ConcurrentExecutionTimeSDF.xml
Fired ExecutionTime: 40400000
Fired ExecutionTime: 40400000
Fired ExecutionTime: 40400000
Fired ExecutionTime: 40400000
Fired ExecutionTime: 40400000
Fired ExecutionTime: 40400000
Fired ExecutionTime: 40400000
Fired ExecutionTime: 40400000
Fired ExecutionTime: 40400000
Fired ExecutionTime: 40400000
Fired ExecutionTime: 40400000
Fired ExecutionTime: 40400000
Fired ExecutionTime: 40400000
Fired ExecutionTime: 40400000
Fired ExecutionTime: 40400000
Fired ExecutionTime: 40400000
Fired ExecutionTime: 40400000
Fired ExecutionTime: 40400000
Fired ExecutionTime: 40400000
Fired ExecutionTime: 40400000
695 ms. Memory: 129024K Free: 63449K (49%)
----------------- Invoking toplevel() on ptolemy.moml.MoMLSimpleApplication@5b234a60
----------------- Done invoking toplevel() on ptolemy.moml.MoMLSimpleApplication@5b234a60
reloadAllAccessors: .ConcurrentExecutionTimeSDF

===========================================================================================
----------------- testing Fri Oct 02 15:41:16 UTC 2020 /home/travis/build/icyphy/ptII/ptolemy/actor/lib/hoc/test/auto/ConcurrentSleep.xml
----------------- Instantiating /home/travis/build/icyphy/ptII/ptolemy/actor/lib/hoc/test/auto/ConcurrentSleep.xml
725 ms. Memory: 129024K Free: 53519K (41%)
----------------- Invoking toplevel() on ptolemy.moml.MoMLSimpleApplication@303336b9
----------------- Done invoking toplevel() on ptolemy.moml.MoMLSimpleApplication@303336b9
reloadAllAccessors: .ConcurrentSleep

===========================================================================================
----------------- testing Fri Oct 02 15:41:17 UTC 2020 /home/travis/build/icyphy/ptII/ptolemy/actor/lib/hoc/test/auto/DEInPNInRunCompositeActor.xml
----------------- Instantiating /home/travis/build/icyphy/ptII/ptolemy/actor/lib/hoc/test/auto/DEInPNInRunCompositeActor.xml
11 ms. Memory: 129024K Free: 109198K (85%)
----------------- Invoking toplevel() on ptolemy.moml.MoMLSimpleApplication@7bdb97f2
----------------- Done invoking toplevel() on ptolemy.moml.MoMLSimpleApplication@7bdb97f2
reloadAllAccessors: .DEInPNInRunCompositeActor

===========================================================================================
----------------- testing Fri Oct 02 15:41:17 UTC 2020 /home/travis/build/icyphy/ptII/ptolemy/actor/lib/hoc/test/auto/DFTSubSetTest.xml
----------------- Instantiating /home/travis/build/icyphy/ptII/ptolemy/actor/lib/hoc/test/auto/DFTSubSetTest.xml
178 ms. Memory: 129024K Free: 66190K (51%)
----------------- Invoking toplevel() on ptolemy.moml.MoMLSimpleApplication@72e59e57
----------------- Done invoking toplevel() on ptolemy.moml.MoMLSimpleApplication@72e59e57
reloadAllAccessors: .DFTSubSetTest

===========================================================================================
----------------- testing Fri Oct 02 15:41:17 UTC 2020 /home/travis/build/icyphy/ptII/ptolemy/actor/lib/hoc/test/auto/HocDE.xml
----------------- Instantiating /home/travis/build/icyphy/ptII/ptolemy/actor/lib/hoc/test/auto/HocDE.xml
126 ms. Memory: 129024K Free: 106457K (83%)
----------------- Invoking toplevel() on ptolemy.moml.MoMLSimpleApplication@4197f2e1
----------------- Done invoking toplevel() on ptolemy.moml.MoMLSimpleApplication@4197f2e1
reloadAllAccessors: .HocDE

===========================================================================================
----------------- testing Fri Oct 02 15:41:17 UTC 2020 /home/travis/build/icyphy/ptII/ptolemy/actor/lib/hoc/test/auto/IterateOverArray.xml
----------------- Instantiating /home/travis/build/icyphy/ptII/ptolemy/actor/lib/hoc/test/auto/IterateOverArray.xml
5 ms. Memory: 129024K Free: 101665K (79%)
----------------- Invoking toplevel() on ptolemy.moml.MoMLSimpleApplication@3039d9f8
----------------- Done invoking toplevel() on ptolemy.moml.MoMLSimpleApplication@3039d9f8
reloadAllAccessors: .IterateOverArray

===========================================================================================
----------------- testing Fri Oct 02 15:41:17 UTC 2020 /home/travis/build/icyphy/ptII/ptolemy/actor/lib/hoc/test/auto/IterateOverArray10.xml
----------------- Instantiating /home/travis/build/icyphy/ptII/ptolemy/actor/lib/hoc/test/auto/IterateOverArray10.xml
3 ms. Memory: 129024K Free: 98272K (76%)
----------------- Invoking toplevel() on ptolemy.moml.MoMLSimpleApplication@4a97409f
----------------- Done invoking toplevel() on ptolemy.moml.MoMLSimpleApplication@4a97409f
reloadAllAccessors: .IterateOverArray10

===========================================================================================
----------------- testing Fri Oct 02 15:41:17 UTC 2020 /home/travis/build/icyphy/ptII/ptolemy/actor/lib/hoc/test/auto/IterateOverArray11.xml
----------------- Instantiating /home/travis/build/icyphy/ptII/ptolemy/actor/lib/hoc/test/auto/IterateOverArray11.xml
6 ms. Memory: 129024K Free: 94154K (73%)
----------------- Invoking toplevel() on ptolemy.moml.MoMLSimpleApplication@5ade8eee
----------------- Done invoking toplevel() on ptolemy.moml.MoMLSimpleApplication@5ade8eee
reloadAllAccessors: .IterateOverArray11

===========================================================================================
----------------- testing Fri Oct 02 15:41:18 UTC 2020 /home/travis/build/icyphy/ptII/ptolemy/actor/lib/hoc/test/auto/IterateOverArray12.xml
----------------- Instantiating /home/travis/build/icyphy/ptII/ptolemy/actor/lib/hoc/test/auto/IterateOverArray12.xml
16 ms. Memory: 129024K Free: 88032K (68%)
----------------- Invoking toplevel() on ptolemy.moml.MoMLSimpleApplication@37e84b21
----------------- Done invoking toplevel() on ptolemy.moml.MoMLSimpleApplication@37e84b21
reloadAllAccessors: .IterateOverArray12

===========================================================================================
----------------- testing Fri Oct 02 15:41:18 UTC 2020 /home/travis/build/icyphy/ptII/ptolemy/actor/lib/hoc/test/auto/IterateOverArray13.xml
----------------- Instantiating /home/travis/build/icyphy/ptII/ptolemy/actor/lib/hoc/test/auto/IterateOverArray13.xml
69 ms. Memory: 129024K Free: 59024K (46%)
----------------- Invoking toplevel() on ptolemy.moml.MoMLSimpleApplication@6e2a9a5d
----------------- Done invoking toplevel() on ptolemy.moml.MoMLSimpleApplication@6e2a9a5d
reloadAllAccessors: .IterateOverArray13

===========================================================================================
----------------- testing Fri Oct 02 15:41:18 UTC 2020 /home/travis/build/icyphy/ptII/ptolemy/actor/lib/hoc/test/auto/IterateOverArray14.xml
----------------- Instantiating /home/travis/build/icyphy/ptII/ptolemy/actor/lib/hoc/test/auto/IterateOverArray14.xml
71 ms. Memory: 157696K Free: 123150K (78%)
----------------- Invoking toplevel() on ptolemy.moml.MoMLSimpleApplication@7184833
----------------- Done invoking toplevel() on ptolemy.moml.MoMLSimpleApplication@7184833
reloadAllAccessors: .IterateOverArray14

===========================================================================================
----------------- testing Fri Oct 02 15:41:18 UTC 2020 /home/travis/build/icyphy/ptII/ptolemy/actor/lib/hoc/test/auto/IterateOverArray2.xml
----------------- Instantiating /home/travis/build/icyphy/ptII/ptolemy/actor/lib/hoc/test/auto/IterateOverArray2.xml
11 ms. Memory: 157696K Free: 118030K (75%)
----------------- Invoking toplevel() on ptolemy.moml.MoMLSimpleApplication@13625807
----------------- Done invoking toplevel() on ptolemy.moml.MoMLSimpleApplication@13625807
reloadAllAccessors: .IterateOverArray2

===========================================================================================
----------------- testing Fri Oct 02 15:41:18 UTC 2020 /home/travis/build/icyphy/ptII/ptolemy/actor/lib/hoc/test/auto/IterateOverArray3.xml
----------------- Instantiating /home/travis/build/icyphy/ptII/ptolemy/actor/lib/hoc/test/auto/IterateOverArray3.xml
19 ms. Memory: 157696K Free: 111886K (71%)
----------------- Invoking toplevel() on ptolemy.moml.MoMLSimpleApplication@33c31e39
----------------- Done invoking toplevel() on ptolemy.moml.MoMLSimpleApplication@33c31e39
reloadAllAccessors: .IterateOverArray3

===========================================================================================
----------------- testing Fri Oct 02 15:41:18 UTC 2020 /home/travis/build/icyphy/ptII/ptolemy/actor/lib/hoc/test/auto/IterateOverArray4.xml
----------------- Instantiating /home/travis/build/icyphy/ptII/ptolemy/actor/lib/hoc/test/auto/IterateOverArray4.xml
5 ms. Memory: 157696K Free: 107790K (68%)
----------------- Invoking toplevel() on ptolemy.moml.MoMLSimpleApplication@2fb8d0d0
----------------- Done invoking toplevel() on ptolemy.moml.MoMLSimpleApplication@2fb8d0d0
reloadAllAccessors: .IterateOverArray4

===========================================================================================
----------------- testing Fri Oct 02 15:41:18 UTC 2020 /home/travis/build/icyphy/ptII/ptolemy/actor/lib/hoc/test/auto/IterateOverArray5.xml
----------------- Instantiating /home/travis/build/icyphy/ptII/ptolemy/actor/lib/hoc/test/auto/IterateOverArray5.xml
3 ms. Memory: 157696K Free: 103694K (66%)
----------------- Invoking toplevel() on ptolemy.moml.MoMLSimpleApplication@bd6dd35
----------------- Done invoking toplevel() on ptolemy.moml.MoMLSimpleApplication@bd6dd35
reloadAllAccessors: .IterateOverArray5

===========================================================================================
----------------- testing Fri Oct 02 15:41:18 UTC 2020 /home/travis/build/icyphy/ptII/ptolemy/actor/lib/hoc/test/auto/IterateOverArray6.xml
----------------- Instantiating /home/travis/build/icyphy/ptII/ptolemy/actor/lib/hoc/test/auto/IterateOverArray6.xml
2 ms. Memory: 157696K Free: 100112K (63%)
----------------- Invoking toplevel() on ptolemy.moml.MoMLSimpleApplication@1f1e9b2e
----------------- Done invoking toplevel() on ptolemy.moml.MoMLSimpleApplication@1f1e9b2e
reloadAllAccessors: .IterateOverArray6

===========================================================================================
----------------- testing Fri Oct 02 15:41:18 UTC 2020 /home/travis/build/icyphy/ptII/ptolemy/actor/lib/hoc/test/auto/IterateOverArray7.xml
----------------- Instantiating /home/travis/build/icyphy/ptII/ptolemy/actor/lib/hoc/test/auto/IterateOverArray7.xml
7 ms. Memory: 157696K Free: 95502K (61%)
----------------- Invoking toplevel() on ptolemy.moml.MoMLSimpleApplication@31b4c39c
----------------- Done invoking toplevel() on ptolemy.moml.MoMLSimpleApplication@31b4c39c
reloadAllAccessors: .IterateOverArray7

===========================================================================================
----------------- testing Fri Oct 02 15:41:18 UTC 2020 /home/travis/build/icyphy/ptII/ptolemy/actor/lib/hoc/test/auto/IterateOverArray8.xml
----------------- Instantiating /home/travis/build/icyphy/ptII/ptolemy/actor/lib/hoc/test/auto/IterateOverArray8.xml
5 ms. Memory: 157696K Free: 91406K (58%)
----------------- Invoking toplevel() on ptolemy.moml.MoMLSimpleApplication@37673cd
----------------- Done invoking toplevel() on ptolemy.moml.MoMLSimpleApplication@37673cd
reloadAllAccessors: .IterateOverArray8

===========================================================================================
----------------- testing Fri Oct 02 15:41:18 UTC 2020 /home/travis/build/icyphy/ptII/ptolemy/actor/lib/hoc/test/auto/IterateOverArray9.xml
----------------- Instantiating /home/travis/build/icyphy/ptII/ptolemy/actor/lib/hoc/test/auto/IterateOverArray9.xml
4 ms. Memory: 157696K Free: 87310K (55%)
----------------- Invoking toplevel() on ptolemy.moml.MoMLSimpleApplication@2c9a7aae
----------------- Done invoking toplevel() on ptolemy.moml.MoMLSimpleApplication@2c9a7aae
reloadAllAccessors: .IterateOverArray9

===========================================================================================
----------------- testing Fri Oct 02 15:41:18 UTC 2020 /home/travis/build/icyphy/ptII/ptolemy/actor/lib/hoc/test/auto/IterateOverArrayCoercedOutputType.xml
----------------- Instantiating /home/travis/build/icyphy/ptII/ptolemy/actor/lib/hoc/test/auto/IterateOverArrayCoercedOutputType.xml
4 ms. Memory: 157696K Free: 82190K (52%)
----------------- Invoking toplevel() on ptolemy.moml.MoMLSimpleApplication@4bef92de
----------------- Done invoking toplevel() on ptolemy.moml.MoMLSimpleApplication@4bef92de
reloadAllAccessors: .IterateOverArrayCoercedOutputType

===========================================================================================
----------------- testing Fri Oct 02 15:41:18 UTC 2020 /home/travis/build/icyphy/ptII/ptolemy/actor/lib/hoc/test/auto/IterateOverArrayInferredOutputType.xml
----------------- Instantiating /home/travis/build/icyphy/ptII/ptolemy/actor/lib/hoc/test/auto/IterateOverArrayInferredOutputType.xml
7 ms. Memory: 157696K Free: 77584K (49%)
----------------- Invoking toplevel() on ptolemy.moml.MoMLSimpleApplication@5d5691c
----------------- Done invoking toplevel() on ptolemy.moml.MoMLSimpleApplication@5d5691c
reloadAllAccessors: .IterateOverArrayInferredOutputType

===========================================================================================
----------------- testing Fri Oct 02 15:41:18 UTC 2020 /home/travis/build/icyphy/ptII/ptolemy/actor/lib/hoc/test/auto/MobileFunctionTest.xml
----------------- Instantiating /home/travis/build/icyphy/ptII/ptolemy/actor/lib/hoc/test/auto/MobileFunctionTest.xml
4 ms. Memory: 157696K Free: 73488K (47%)
----------------- Invoking toplevel() on ptolemy.moml.MoMLSimpleApplication@429376ff
----------------- Done invoking toplevel() on ptolemy.moml.MoMLSimpleApplication@429376ff
reloadAllAccessors: .MobileFunctionTest

===========================================================================================
----------------- testing Fri Oct 02 15:41:18 UTC 2020 /home/travis/build/icyphy/ptII/ptolemy/actor/lib/hoc/test/auto/MobileModelTest.xml
----------------- Instantiating /home/travis/build/icyphy/ptII/ptolemy/actor/lib/hoc/test/auto/MobileModelTest.xml
156 ms. Memory: 157696K Free: 51984K (33%)
----------------- Invoking toplevel() on ptolemy.moml.MoMLSimpleApplication@1405daf1
----------------- Done invoking toplevel() on ptolemy.moml.MoMLSimpleApplication@1405daf1
reloadAllAccessors: .MobileModelTest

===========================================================================================
----------------- testing Fri Oct 02 15:41:18 UTC 2020 /home/travis/build/icyphy/ptII/ptolemy/actor/lib/hoc/test/auto/ModelReference.xml
----------------- Instantiating /home/travis/build/icyphy/ptII/ptolemy/actor/lib/hoc/test/auto/ModelReference.xml
2 ms. Memory: 157696K Free: 135087K (86%)
2 ms. Memory: 157696K Free: 134577K (85%)
2 ms. Memory: 157696K Free: 133553K (85%)
2 ms. Memory: 157696K Free: 132529K (84%)
4 ms. Memory: 157696K Free: 132001K (84%)
2 ms. Memory: 157696K Free: 130991K (83%)
1 ms. Memory: 157696K Free: 130481K (83%)
2 ms. Memory: 157696K Free: 129457K (82%)
2 ms. Memory: 157696K Free: 128433K (81%)
2 ms. Memory: 157696K Free: 127905K (81%)
29 ms. Memory: 157696K Free: 127905K (81%)
----------------- Invoking toplevel() on ptolemy.moml.MoMLSimpleApplication@5a029abc
----------------- Done invoking toplevel() on ptolemy.moml.MoMLSimpleApplication@5a029abc
reloadAllAccessors: .ModelReference

===========================================================================================
----------------- testing Fri Oct 02 15:41:18 UTC 2020 /home/travis/build/icyphy/ptII/ptolemy/actor/lib/hoc/test/auto/ModelReference3.xml
----------------- Instantiating /home/travis/build/icyphy/ptII/ptolemy/actor/lib/hoc/test/auto/ModelReference3.xml
2 ms. Memory: 157696K Free: 122769K (78%)
4 ms. Memory: 157696K Free: 122289K (78%)
1 ms. Memory: 157696K Free: 121265K (77%)
3 ms. Memory: 157696K Free: 120721K (77%)
2 ms. Memory: 157696K Free: 119713K (76%)
1 ms. Memory: 157696K Free: 118689K (75%)
1 ms. Memory: 157696K Free: 118193K (75%)
4 ms. Memory: 157696K Free: 117169K (74%)
2 ms. Memory: 157696K Free: 116625K (74%)
2 ms. Memory: 157696K Free: 115617K (73%)
31 ms. Memory: 157696K Free: 115617K (73%)
----------------- Invoking toplevel() on ptolemy.moml.MoMLSimpleApplication@247624e3
----------------- Done invoking toplevel() on ptolemy.moml.MoMLSimpleApplication@247624e3
reloadAllAccessors: .ModelReference3

===========================================================================================
----------------- testing Fri Oct 02 15:41:18 UTC 2020 /home/travis/build/icyphy/ptII/ptolemy/actor/lib/hoc/test/auto/ModelReference4.xml
----------------- Instantiating /home/travis/build/icyphy/ptII/ptolemy/actor/lib/hoc/test/auto/ModelReference4.xml
2 ms. Memory: 157696K Free: 111025K (70%)
1 ms. Memory: 157696K Free: 109481K (69%)
2 ms. Memory: 157696K Free: 108449K (69%)
6 ms. Memory: 157696K Free: 107439K (68%)
2 ms. Memory: 157696K Free: 105905K (67%)
1 ms. Memory: 157696K Free: 104881K (67%)
5 ms. Memory: 157696K Free: 103337K (66%)
3 ms. Memory: 157696K Free: 102305K (65%)
2 ms. Memory: 157696K Free: 100785K (64%)
2 ms. Memory: 157696K Free: 99761K (63%)
10022 ms. Memory: 157696K Free: 99761K (63%)
----------------- Invoking toplevel() on ptolemy.moml.MoMLSimpleApplication@6e60418a
----------------- Done invoking toplevel() on ptolemy.moml.MoMLSimpleApplication@6e60418a
reloadAllAccessors: .ModelReference4

===========================================================================================
----------------- testing Fri Oct 02 15:41:29 UTC 2020 /home/travis/build/icyphy/ptII/ptolemy/actor/lib/hoc/test/auto/MultiInstanceComposite.xml
----------------- Instantiating /home/travis/build/icyphy/ptII/ptolemy/actor/lib/hoc/test/auto/MultiInstanceComposite.xml
28 ms. Memory: 157696K Free: 80815K (51%)
----------------- Invoking toplevel() on ptolemy.moml.MoMLSimpleApplication@2bbf48ab
----------------- Done invoking toplevel() on ptolemy.moml.MoMLSimpleApplication@2bbf48ab
reloadAllAccessors: .MultiInstanceComposite

===========================================================================================
----------------- testing Fri Oct 02 15:41:29 UTC 2020 /home/travis/build/icyphy/ptII/ptolemy/actor/lib/hoc/test/auto/MultiInstanceComposite2.xml
----------------- Instantiating /home/travis/build/icyphy/ptII/ptolemy/actor/lib/hoc/test/auto/MultiInstanceComposite2.xml
16 ms. Memory: 157696K Free: 69551K (44%)
----------------- Invoking toplevel() on ptolemy.moml.MoMLSimpleApplication@d14d31b
----------------- Done invoking toplevel() on ptolemy.moml.MoMLSimpleApplication@d14d31b
reloadAllAccessors: .MultiInstanceComposite2

===========================================================================================
----------------- testing Fri Oct 02 15:41:29 UTC 2020 /home/travis/build/icyphy/ptII/ptolemy/actor/lib/hoc/test/auto/MulticoreExecution.xml
----------------- Instantiating /home/travis/build/icyphy/ptII/ptolemy/actor/lib/hoc/test/auto/MulticoreExecution.xml
Fired ExecutionTime: 2400000
Fired ExecutionTime: 4800000
Fired ExecutionTime: 3600000
Fired ExecutionTime: 16000000
Fired ExecutionTime: 110000000
Fired ExecutionTime: 67600000
Fired ExecutionTime: 108000000
Fired ExecutionTime: 109600000
Fired ExecutionTime: 107600000
Fired ExecutionTime: 110000000
Fired ExecutionTime: 108800000
Fired ExecutionTime: 112800000
Fired ExecutionTime: 108800000
Fired ExecutionTime: 108000000
Fired ExecutionTime: 108800000
Fired ExecutionTime: 108000000
Fired ExecutionTime: 98400000
Fired ExecutionTime: 110800000
Fired ExecutionTime: 106400000
Fired ExecutionTime: 104800000
1052 ms. Memory: 157696K Free: 60849K (39%)
----------------- Invoking toplevel() on ptolemy.moml.MoMLSimpleApplication@5f2237ec
----------------- Done invoking toplevel() on ptolemy.moml.MoMLSimpleApplication@5f2237ec
reloadAllAccessors: .MulticoreExecution

===========================================================================================
----------------- testing Fri Oct 02 15:41:30 UTC 2020 /home/travis/build/icyphy/ptII/ptolemy/actor/lib/hoc/test/auto/ParallelExecution.xml
----------------- Instantiating /home/travis/build/icyphy/ptII/ptolemy/actor/lib/hoc/test/auto/ParallelExecution.xml
916 ms. Memory: 157696K Free: 53167K (34%)
----------------- Invoking toplevel() on ptolemy.moml.MoMLSimpleApplication@6468187e
----------------- Done invoking toplevel() on ptolemy.moml.MoMLSimpleApplication@6468187e
reloadAllAccessors: .ParallelExecution

===========================================================================================
----------------- testing Fri Oct 02 15:41:31 UTC 2020 /home/travis/build/icyphy/ptII/ptolemy/actor/lib/hoc/test/auto/RunCompositeActor.xml
----------------- Instantiating /home/travis/build/icyphy/ptII/ptolemy/actor/lib/hoc/test/auto/RunCompositeActor.xml
7 ms. Memory: 157696K Free: 137208K (87%)
----------------- Invoking toplevel() on ptolemy.moml.MoMLSimpleApplication@2de3ca08
----------------- Done invoking toplevel() on ptolemy.moml.MoMLSimpleApplication@2de3ca08
reloadAllAccessors: .RunCompositeActor

===========================================================================================
----------------- testing Fri Oct 02 15:41:31 UTC 2020 /home/travis/build/icyphy/ptII/ptolemy/actor/lib/hoc/test/auto/RunCompositeActor2.xml
----------------- Instantiating /home/travis/build/icyphy/ptII/ptolemy/actor/lib/hoc/test/auto/RunCompositeActor2.xml
4 ms. Memory: 157696K Free: 131058K (83%)
----------------- Invoking toplevel() on ptolemy.moml.MoMLSimpleApplication@1becebfd
----------------- Done invoking toplevel() on ptolemy.moml.MoMLSimpleApplication@1becebfd
reloadAllAccessors: .RunCompositeActor2

===========================================================================================
----------------- testing Fri Oct 02 15:41:31 UTC 2020 /home/travis/build/icyphy/ptII/ptolemy/actor/lib/hoc/test/auto/RunCompositeActor3.xml
----------------- Instantiating /home/travis/build/icyphy/ptII/ptolemy/actor/lib/hoc/test/auto/RunCompositeActor3.xml
4 ms. Memory: 157696K Free: 125434K (80%)
----------------- Invoking toplevel() on ptolemy.moml.MoMLSimpleApplication@71b4d4f0
----------------- Done invoking toplevel() on ptolemy.moml.MoMLSimpleApplication@71b4d4f0
reloadAllAccessors: .RunCompositeActor3

===========================================================================================
----------------- testing Fri Oct 02 15:41:31 UTC 2020 /home/travis/build/icyphy/ptII/ptolemy/actor/lib/hoc/test/auto/RunCompositeActor4.xml
----------------- Instantiating /home/travis/build/icyphy/ptII/ptolemy/actor/lib/hoc/test/auto/RunCompositeActor4.xml
13 ms. Memory: 157696K Free: 117242K (74%)
----------------- Invoking toplevel() on ptolemy.moml.MoMLSimpleApplication@56318f2d
----------------- Done invoking toplevel() on ptolemy.moml.MoMLSimpleApplication@56318f2d
reloadAllAccessors: .RunCompositeActor4

===========================================================================================
----------------- testing Fri Oct 02 15:41:31 UTC 2020 /home/travis/build/icyphy/ptII/ptolemy/actor/lib/hoc/test/auto/RunCompositeIterateOverArray.xml
----------------- Instantiating /home/travis/build/icyphy/ptII/ptolemy/actor/lib/hoc/test/auto/RunCompositeIterateOverArray.xml
4 ms. Memory: 157696K Free: 111098K (70%)
----------------- Invoking toplevel() on ptolemy.moml.MoMLSimpleApplication@58d074d6
----------------- Done invoking toplevel() on ptolemy.moml.MoMLSimpleApplication@58d074d6
reloadAllAccessors: .RunCompositeIterateOverArray

===========================================================================================
----------------- testing Fri Oct 02 15:41:31 UTC 2020 /home/travis/build/icyphy/ptII/ptolemy/actor/lib/hoc/test/auto/ThreadedJS.xml
----------------- Instantiating /home/travis/build/icyphy/ptII/ptolemy/actor/lib/hoc/test/auto/ThreadedJS.xml
5835 ms. Memory: 227328K Free: 159837K (70%)
----------------- Invoking toplevel() on ptolemy.moml.MoMLSimpleApplication@3bebf9b2
----------------- Done invoking toplevel() on ptolemy.moml.MoMLSimpleApplication@3bebf9b2
reloadAllAccessors: .ThreadedJS
AutoTests.java: About to close Vertx.
AutoTests.java: Vertx closed.
]]></system-out>
  <system-err><![CDATA[java.lang.RuntimeException: Execution failed
	at ptolemy.moml.MoMLSimpleApplication$UnloadThread.run(MoMLSimpleApplication.java:402)
Caused by: ptolemy.kernel.util.IllegalActionException: initialize() was called after wrapup() was called but preinitialize() was not called after wrapup().
	at ptolemy.actor.lib.hoc.test.PreinitializeMustBeInvoked.initialize(PreinitializeMustBeInvoked.java:78)
	at ptolemy.actor.Director.initialize(Director.java:938)
	at ptolemy.actor.Director.initialize(Director.java:907)
	at ptolemy.actor.sched.StaticSchedulingDirector.initialize(StaticSchedulingDirector.java:159)
	at ptolemy.domains.sdf.kernel.SDFDirector.initialize(SDFDirector.java:544)
	at ptolemy.actor.CompositeActor.initialize(CompositeActor.java:935)
	at ptolemy.actor.lib.hoc.LifeCycleManager._executeInsideModel(LifeCycleManager.java:339)
	at ptolemy.actor.lib.hoc.RunCompositeActor.fire(RunCompositeActor.java:205)
	at ptolemy.actor.CompositeActor.iterate(CompositeActor.java:1146)
	at ptolemy.actor.sched.StaticSchedulingDirector.fire(StaticSchedulingDirector.java:216)
	at ptolemy.domains.sdf.kernel.SDFDirector.fire(SDFDirector.java:500)
	at ptolemy.actor.CompositeActor.fire(CompositeActor.java:455)
	at ptolemy.actor.Manager.iterate(Manager.java:851)
	at ptolemy.actor.Manager.execute(Manager.java:369)
	at ptolemy.actor.Manager.run(Manager.java:1263)
	at ptolemy.actor.Manager$PtolemyRunThread.run(Manager.java:1933)
java.lang.reflect.InvocationTargetException
	at java.base/jdk.internal.reflect.NativeConstructorAccessorImpl.newInstance0(Native Method)
	at java.base/jdk.internal.reflect.NativeConstructorAccessorImpl.newInstance(NativeConstructorAccessorImpl.java:62)
	at java.base/jdk.internal.reflect.DelegatingConstructorAccessorImpl.newInstance(DelegatingConstructorAccessorImpl.java:45)
	at java.base/java.lang.reflect.Constructor.newInstance(Constructor.java:490)
	at ptolemy.util.test.junit.AutoKnownFailedTests.RunModel(AutoKnownFailedTests.java:105)
	at java.base/jdk.internal.reflect.NativeMethodAccessorImpl.invoke0(Native Method)
	at java.base/jdk.internal.reflect.NativeMethodAccessorImpl.invoke(NativeMethodAccessorImpl.java:62)
	at java.base/jdk.internal.reflect.DelegatingMethodAccessorImpl.invoke(DelegatingMethodAccessorImpl.java:43)
	at java.base/java.lang.reflect.Method.invoke(Method.java:566)
	at org.junit.runners.model.FrameworkMethod$1.runReflectiveCall(FrameworkMethod.java:44)
	at org.junit.internal.runners.model.ReflectiveCallable.run(ReflectiveCallable.java:15)
	at org.junit.runners.model.FrameworkMethod.invokeExplosively(FrameworkMethod.java:41)
	at junitparams.internal.InvokeParameterisedMethod.evaluate(InvokeParameterisedMethod.java:102)
	at org.junit.internal.runners.statements.FailOnTimeout$1.run(FailOnTimeout.java:28)
Caused by: ptolemy.kernel.util.IllegalActionException: initialize() was called after wrapup() was called but preinitialize() was not called after wrapup().
	at ptolemy.actor.lib.hoc.test.PreinitializeMustBeInvoked.initialize(PreinitializeMustBeInvoked.java:78)
	at ptolemy.actor.Director.initialize(Director.java:938)
	at ptolemy.actor.Director.initialize(Director.java:907)
	at ptolemy.actor.sched.StaticSchedulingDirector.initialize(StaticSchedulingDirector.java:159)
	at ptolemy.domains.sdf.kernel.SDFDirector.initialize(SDFDirector.java:544)
	at ptolemy.actor.CompositeActor.initialize(CompositeActor.java:935)
	at ptolemy.actor.lib.hoc.LifeCycleManager._executeInsideModel(LifeCycleManager.java:339)
	at ptolemy.actor.lib.hoc.RunCompositeActor.fire(RunCompositeActor.java:205)
	at ptolemy.actor.CompositeActor.iterate(CompositeActor.java:1146)
	at ptolemy.actor.sched.StaticSchedulingDirector.fire(StaticSchedulingDirector.java:216)
	at ptolemy.domains.sdf.kernel.SDFDirector.fire(SDFDirector.java:500)
	at ptolemy.actor.CompositeActor.fire(CompositeActor.java:455)
	at ptolemy.actor.Manager.iterate(Manager.java:851)
	at ptolemy.actor.Manager.execute(Manager.java:369)
	at ptolemy.actor.Manager.run(Manager.java:1263)
	at ptolemy.actor.Manager$PtolemyRunThread.run(Manager.java:1933)
Warning: Nashorn engine is planned to be removed from a future JDK release
Warning: Nashorn engine is planned to be removed from a future JDK release
Warning: Nashorn engine is planned to be removed from a future JDK release
Warning: Nashorn engine is planned to be removed from a future JDK release
Warning: Nashorn engine is planned to be removed from a future JDK release
Warning: Nashorn engine is planned to be removed from a future JDK release
Warning: Nashorn engine is planned to be removed from a future JDK release
Warning: Nashorn engine is planned to be removed from a future JDK release
]]></system-err>
</testsuite>
