<?xml version="1.0" encoding="UTF-8" ?>
<testsuite errors="0" failures="0" hostname="travis-job-bb5d9908-6b13-4475-aacc-55dd9c0a40d0" name="ptolemy.domains.sdf.lib.test.junit.JUnitTclTest" skipped="0" tests="82" time="9.253" timestamp="2019-11-26T06:51:51">
  <properties>
[...]
</properties>
  <testcase classname="ptolemy.util.test.junit.TclTests" name="[0] /home/travis/build/icyphy/ptII/ptolemy/domains/sdf/lib/test/ArrayToSequence.tcl (RunTclFile)" time="0.623" />
  <testcase classname="ptolemy.util.test.junit.TclTests" name="[1] /home/travis/build/icyphy/ptII/ptolemy/domains/sdf/lib/test/BitsToInt.tcl (RunTclFile)" time="0.071" />
  <testcase classname="ptolemy.util.test.junit.TclTests" name="[2] /home/travis/build/icyphy/ptII/ptolemy/domains/sdf/lib/test/DelayLine.tcl (RunTclFile)" time="0.043" />
  <testcase classname="ptolemy.util.test.junit.TclTests" name="[3] /home/travis/build/icyphy/ptII/ptolemy/domains/sdf/lib/test/FFT.tcl (RunTclFile)" time="0.036" />
  <testcase classname="ptolemy.util.test.junit.TclTests" name="[4] /home/travis/build/icyphy/ptII/ptolemy/domains/sdf/lib/test/FIR.tcl (RunTclFile)" time="0.159" />
  <testcase classname="ptolemy.util.test.junit.TclTests" name="[5] /home/travis/build/icyphy/ptII/ptolemy/domains/sdf/lib/test/IntToBits.tcl (RunTclFile)" time="0.039" />
  <testcase classname="ptolemy.util.test.junit.TclTests" name="[6] /home/travis/build/icyphy/ptII/ptolemy/domains/sdf/lib/test/MaximumEntropySpectrum.tcl (RunTclFile)" time="0.404" />
  <testcase classname="ptolemy.util.test.junit.TclTests" name="[7] /home/travis/build/icyphy/ptII/ptolemy/domains/sdf/lib/test/Repeat.tcl (RunTclFile)" time="0.04" />
  <testcase classname="ptolemy.util.test.junit.TclTests" name="[8] /home/travis/build/icyphy/ptII/ptolemy/domains/sdf/lib/test/SampleDelay.tcl (RunTclFile)" time="0.098" />
  <testcase classname="ptolemy.util.test.junit.TclTests" name="[9] /home/travis/build/icyphy/ptII/ptolemy/domains/sdf/lib/test/SequenceToArray.tcl (RunTclFile)" time="0.072" />
  <testcase classname="ptolemy.util.test.junit.AutoKnownFailedTests" name="[0] ThereAreNoKnowFailedTests (RunModel)" time="0.012" />
  <testcase classname="ptolemy.util.test.junit.AutoNameArchTests" name="[0] ThereAreNoAutoArchTests (RunModel)" time="0.003" />
  <testcase classname="ptolemy.util.test.junit.AutoTests" name="[0] /home/travis/build/icyphy/ptII/ptolemy/domains/sdf/lib/test/auto/ArrayToSequence.xml (RunModel)" time="0.244" />
  <testcase classname="ptolemy.util.test.junit.AutoTests" name="[1] /home/travis/build/icyphy/ptII/ptolemy/domains/sdf/lib/test/auto/ArrayToSequenceTest.xml (RunModel)" time="0.092" />
  <testcase classname="ptolemy.util.test.junit.AutoTests" name="[2] /home/travis/build/icyphy/ptII/ptolemy/domains/sdf/lib/test/auto/Autocorrelation.xml (RunModel)" time="0.058" />
  <testcase classname="ptolemy.util.test.junit.AutoTests" name="[3] /home/travis/build/icyphy/ptII/ptolemy/domains/sdf/lib/test/auto/Autocorrelation2.xml (RunModel)" time="0.059" />
  <testcase classname="ptolemy.util.test.junit.AutoTests" name="[4] /home/travis/build/icyphy/ptII/ptolemy/domains/sdf/lib/test/auto/Autocorrelation3.xml (RunModel)" time="0.028" />
  <testcase classname="ptolemy.util.test.junit.AutoTests" name="[5] /home/travis/build/icyphy/ptII/ptolemy/domains/sdf/lib/test/auto/Autocorrelation4.xml (RunModel)" time="0.048" />
  <testcase classname="ptolemy.util.test.junit.AutoTests" name="[6] /home/travis/build/icyphy/ptII/ptolemy/domains/sdf/lib/test/auto/Autocorrelation5.xml (RunModel)" time="0.103" />
  <testcase classname="ptolemy.util.test.junit.AutoTests" name="[7] /home/travis/build/icyphy/ptII/ptolemy/domains/sdf/lib/test/auto/BitsToInt.xml (RunModel)" time="0.015" />
  <testcase classname="ptolemy.util.test.junit.AutoTests" name="[8] /home/travis/build/icyphy/ptII/ptolemy/domains/sdf/lib/test/auto/BooleanJoin.xml (RunModel)" time="0.048" />
  <testcase classname="ptolemy.util.test.junit.AutoTests" name="[9] /home/travis/build/icyphy/ptII/ptolemy/domains/sdf/lib/test/auto/BootstrapSampleDelay.xml (RunModel)" time="0.043" />
  <testcase classname="ptolemy.util.test.junit.AutoTests" name="[10] /home/travis/build/icyphy/ptII/ptolemy/domains/sdf/lib/test/auto/Chop.xml (RunModel)" time="0.068" />
  <testcase classname="ptolemy.util.test.junit.AutoTests" name="[11] /home/travis/build/icyphy/ptII/ptolemy/domains/sdf/lib/test/auto/Chop2.xml (RunModel)" time="0.051" />
  <testcase classname="ptolemy.util.test.junit.AutoTests" name="[12] /home/travis/build/icyphy/ptII/ptolemy/domains/sdf/lib/test/auto/ComplexJoin.xml (RunModel)" time="0.039" />
  <testcase classname="ptolemy.util.test.junit.AutoTests" name="[13] /home/travis/build/icyphy/ptII/ptolemy/domains/sdf/lib/test/auto/CountTrues.xml (RunModel)" time="0.033" />
  <testcase classname="ptolemy.util.test.junit.AutoTests" name="[14] /home/travis/build/icyphy/ptII/ptolemy/domains/sdf/lib/test/auto/DelayLine.xml (RunModel)" time="0.043" />
  <testcase classname="ptolemy.util.test.junit.AutoTests" name="[15] /home/travis/build/icyphy/ptII/ptolemy/domains/sdf/lib/test/auto/DotProduct.xml (RunModel)" time="0.029" />
  <testcase classname="ptolemy.util.test.junit.AutoTests" name="[16] /home/travis/build/icyphy/ptII/ptolemy/domains/sdf/lib/test/auto/DotProductMatrix.xml (RunModel)" time="0.019" />
  <testcase classname="ptolemy.util.test.junit.AutoTests" name="[17] /home/travis/build/icyphy/ptII/ptolemy/domains/sdf/lib/test/auto/DownSample1.xml (RunModel)" time="0.026" />
  <testcase classname="ptolemy.util.test.junit.AutoTests" name="[18] /home/travis/build/icyphy/ptII/ptolemy/domains/sdf/lib/test/auto/DynamicRateChange.xml (RunModel)" time="0.049" />
  <testcase classname="ptolemy.util.test.junit.AutoTests" name="[19] /home/travis/build/icyphy/ptII/ptolemy/domains/sdf/lib/test/auto/DynamicRates.xml (RunModel)" time="0.035" />
  <testcase classname="ptolemy.util.test.junit.AutoTests" name="[20] /home/travis/build/icyphy/ptII/ptolemy/domains/sdf/lib/test/auto/FFT1.xml (RunModel)" time="0.045" />
  <testcase classname="ptolemy.util.test.junit.AutoTests" name="[21] /home/travis/build/icyphy/ptII/ptolemy/domains/sdf/lib/test/auto/FIR1.xml (RunModel)" time="0.059" />
  <testcase classname="ptolemy.util.test.junit.AutoTests" name="[22] /home/travis/build/icyphy/ptII/ptolemy/domains/sdf/lib/test/auto/FIR2.xml (RunModel)" time="0.024" />
  <testcase classname="ptolemy.util.test.junit.AutoTests" name="[23] /home/travis/build/icyphy/ptII/ptolemy/domains/sdf/lib/test/auto/FIR4.xml (RunModel)" time="0.04" />
  <testcase classname="ptolemy.util.test.junit.AutoTests" name="[24] /home/travis/build/icyphy/ptII/ptolemy/domains/sdf/lib/test/auto/FixJoin.xml (RunModel)" time="0.042" />
  <testcase classname="ptolemy.util.test.junit.AutoTests" name="[25] /home/travis/build/icyphy/ptII/ptolemy/domains/sdf/lib/test/auto/IntJoin1.xml (RunModel)" time="0.031" />
  <testcase classname="ptolemy.util.test.junit.AutoTests" name="[26] /home/travis/build/icyphy/ptII/ptolemy/domains/sdf/lib/test/auto/IntJoin2.xml (RunModel)" time="0.022" />
  <testcase classname="ptolemy.util.test.junit.AutoTests" name="[27] /home/travis/build/icyphy/ptII/ptolemy/domains/sdf/lib/test/auto/IntJoin3.xml (RunModel)" time="0.023" />
  <testcase classname="ptolemy.util.test.junit.AutoTests" name="[28] /home/travis/build/icyphy/ptII/ptolemy/domains/sdf/lib/test/auto/IntJoin4.xml (RunModel)" time="0.026" />
  <testcase classname="ptolemy.util.test.junit.AutoTests" name="[29] /home/travis/build/icyphy/ptII/ptolemy/domains/sdf/lib/test/auto/IntJoin5.xml (RunModel)" time="0.028" />
  <testcase classname="ptolemy.util.test.junit.AutoTests" name="[30] /home/travis/build/icyphy/ptII/ptolemy/domains/sdf/lib/test/auto/IntToBits.xml (RunModel)" time="0.029" />
  <testcase classname="ptolemy.util.test.junit.AutoTests" name="[31] /home/travis/build/icyphy/ptII/ptolemy/domains/sdf/lib/test/auto/LMSAdaptive.xml (RunModel)" time="0.077" />
  <testcase classname="ptolemy.util.test.junit.AutoTests" name="[32] /home/travis/build/icyphy/ptII/ptolemy/domains/sdf/lib/test/auto/LMSAdaptiveFIR.xml (RunModel)" time="0.389" />
  <testcase classname="ptolemy.util.test.junit.AutoTests" name="[33] /home/travis/build/icyphy/ptII/ptolemy/domains/sdf/lib/test/auto/LMSAdaptiveFIR2.xml (RunModel)" time="0.609" />
  <testcase classname="ptolemy.util.test.junit.AutoTests" name="[34] /home/travis/build/icyphy/ptII/ptolemy/domains/sdf/lib/test/auto/LongJoin.xml (RunModel)" time="0.039" />
  <testcase classname="ptolemy.util.test.junit.AutoTests" name="[35] /home/travis/build/icyphy/ptII/ptolemy/domains/sdf/lib/test/auto/Matrix1.xml (RunModel)" time="0.03" />
  <testcase classname="ptolemy.util.test.junit.AutoTests" name="[36] /home/travis/build/icyphy/ptII/ptolemy/domains/sdf/lib/test/auto/Matrix2.xml (RunModel)" time="0.03" />
  <testcase classname="ptolemy.util.test.junit.AutoTests" name="[37] /home/travis/build/icyphy/ptII/ptolemy/domains/sdf/lib/test/auto/MatrixJoin1.xml (RunModel)" time="0.024" />
  <testcase classname="ptolemy.util.test.junit.AutoTests" name="[38] /home/travis/build/icyphy/ptII/ptolemy/domains/sdf/lib/test/auto/MatrixJoin2.xml (RunModel)" time="0.019" />
  <testcase classname="ptolemy.util.test.junit.AutoTests" name="[39] /home/travis/build/icyphy/ptII/ptolemy/domains/sdf/lib/test/auto/MatrixJoin3.xml (RunModel)" time="0.029" />
  <testcase classname="ptolemy.util.test.junit.AutoTests" name="[40] /home/travis/build/icyphy/ptII/ptolemy/domains/sdf/lib/test/auto/MatrixJoin4.xml (RunModel)" time="0.015" />
  <testcase classname="ptolemy.util.test.junit.AutoTests" name="[41] /home/travis/build/icyphy/ptII/ptolemy/domains/sdf/lib/test/auto/MatrixJoin5.xml (RunModel)" time="0.016" />
  <testcase classname="ptolemy.util.test.junit.AutoTests" name="[42] /home/travis/build/icyphy/ptII/ptolemy/domains/sdf/lib/test/auto/MatrixSplit1.xml (RunModel)" time="0.025" />
  <testcase classname="ptolemy.util.test.junit.AutoTests" name="[43] /home/travis/build/icyphy/ptII/ptolemy/domains/sdf/lib/test/auto/MatrixSplit10.xml (RunModel)" time="0.018" />
  <testcase classname="ptolemy.util.test.junit.AutoTests" name="[44] /home/travis/build/icyphy/ptII/ptolemy/domains/sdf/lib/test/auto/MatrixSplit11.xml (RunModel)" time="0.012" />
  <testcase classname="ptolemy.util.test.junit.AutoTests" name="[45] /home/travis/build/icyphy/ptII/ptolemy/domains/sdf/lib/test/auto/MatrixSplit12.xml (RunModel)" time="0.039" />
  <testcase classname="ptolemy.util.test.junit.AutoTests" name="[46] /home/travis/build/icyphy/ptII/ptolemy/domains/sdf/lib/test/auto/MatrixSplit13.xml (RunModel)" time="0.014" />
  <testcase classname="ptolemy.util.test.junit.AutoTests" name="[47] /home/travis/build/icyphy/ptII/ptolemy/domains/sdf/lib/test/auto/MatrixSplit14.xml (RunModel)" time="0.011" />
  <testcase classname="ptolemy.util.test.junit.AutoTests" name="[48] /home/travis/build/icyphy/ptII/ptolemy/domains/sdf/lib/test/auto/MatrixSplit2.xml (RunModel)" time="0.016" />
  <testcase classname="ptolemy.util.test.junit.AutoTests" name="[49] /home/travis/build/icyphy/ptII/ptolemy/domains/sdf/lib/test/auto/MatrixSplit3.xml (RunModel)" time="0.013" />
  <testcase classname="ptolemy.util.test.junit.AutoTests" name="[50] /home/travis/build/icyphy/ptII/ptolemy/domains/sdf/lib/test/auto/MatrixSplit4.xml (RunModel)" time="0.013" />
  <testcase classname="ptolemy.util.test.junit.AutoTests" name="[51] /home/travis/build/icyphy/ptII/ptolemy/domains/sdf/lib/test/auto/MatrixSplit5.xml (RunModel)" time="0.023" />
  <testcase classname="ptolemy.util.test.junit.AutoTests" name="[52] /home/travis/build/icyphy/ptII/ptolemy/domains/sdf/lib/test/auto/MatrixSplit6.xml (RunModel)" time="0.02" />
  <testcase classname="ptolemy.util.test.junit.AutoTests" name="[53] /home/travis/build/icyphy/ptII/ptolemy/domains/sdf/lib/test/auto/MatrixSplit7.xml (RunModel)" time="0.028" />
  <testcase classname="ptolemy.util.test.junit.AutoTests" name="[54] /home/travis/build/icyphy/ptII/ptolemy/domains/sdf/lib/test/auto/MatrixSplit8.xml (RunModel)" time="0.017" />
  <testcase classname="ptolemy.util.test.junit.AutoTests" name="[55] /home/travis/build/icyphy/ptII/ptolemy/domains/sdf/lib/test/auto/MatrixSplit9.xml (RunModel)" time="0.028" />
  <testcase classname="ptolemy.util.test.junit.AutoTests" name="[56] /home/travis/build/icyphy/ptII/ptolemy/domains/sdf/lib/test/auto/MatrixToSequence.xml (RunModel)" time="0.041" />
  <testcase classname="ptolemy.util.test.junit.AutoTests" name="[57] /home/travis/build/icyphy/ptII/ptolemy/domains/sdf/lib/test/auto/MaximumEntropySpectrum.xml (RunModel)" time="0.092" />
  <testcase classname="ptolemy.util.test.junit.AutoTests" name="[58] /home/travis/build/icyphy/ptII/ptolemy/domains/sdf/lib/test/auto/SampleDelayConversion.xml (RunModel)" time="0.016" />
  <testcase classname="ptolemy.util.test.junit.AutoTests" name="[59] /home/travis/build/icyphy/ptII/ptolemy/domains/sdf/lib/test/auto/SequenceToArray.xml (RunModel)" time="0.04" />
  <testcase classname="ptolemy.util.test.junit.AutoTests" name="[60] /home/travis/build/icyphy/ptII/ptolemy/domains/sdf/lib/test/auto/SequenceToMatrix.xml (RunModel)" time="3.567" />
  <testcase classname="ptolemy.util.test.junit.AutoTests" name="[61] /home/travis/build/icyphy/ptII/ptolemy/domains/sdf/lib/test/auto/SmoothedPeriodogram.xml (RunModel)" time="0.052" />
  <testcase classname="ptolemy.util.test.junit.AutoTests" name="[62] /home/travis/build/icyphy/ptII/ptolemy/domains/sdf/lib/test/auto/UpDownSample1.xml (RunModel)" time="0.013" />
  <testcase classname="ptolemy.util.test.junit.AutoTests" name="[63] /home/travis/build/icyphy/ptII/ptolemy/domains/sdf/lib/test/auto/UpSample1.xml (RunModel)" time="0.009" />
  <testcase classname="ptolemy.util.test.junit.AutoTests" name="[64] /home/travis/build/icyphy/ptII/ptolemy/domains/sdf/lib/test/auto/VariableFIR.xml (RunModel)" time="0.029" />
  <testcase classname="ptolemy.util.test.junit.AutoTests" name="[65] /home/travis/build/icyphy/ptII/ptolemy/domains/sdf/lib/test/auto/VariableFIR2.xml (RunModel)" time="0.024" />
  <testcase classname="ptolemy.util.test.junit.AutoTests" name="[66] /home/travis/build/icyphy/ptII/ptolemy/domains/sdf/lib/test/auto/VariableLattice.xml (RunModel)" time="0.029" />
  <testcase classname="ptolemy.util.test.junit.AutoTests" name="[67] /home/travis/build/icyphy/ptII/ptolemy/domains/sdf/lib/test/auto/VariableLattice2.xml (RunModel)" time="0.019" />
  <testcase classname="ptolemy.util.test.junit.AutoTests" name="[68] /home/travis/build/icyphy/ptII/ptolemy/domains/sdf/lib/test/auto/VariableRecursiveLattice.xml (RunModel)" time="0.018" />
  <testcase classname="ptolemy.util.test.junit.AutoTests" name="[69] /home/travis/build/icyphy/ptII/ptolemy/domains/sdf/lib/test/auto/VariableRecursiveLattice2.xml (RunModel)" time="0.016" />
  <system-out><![CDATA[/home/travis/build/icyphy/ptII/ptolemy/domains/sdf/lib/test/ArrayToSequence.tcl
testDefs.tcl: setting time out to 9000 seconds at Tue Nov 26 06:51:51 UTC 2019
102 ms. Memory: 120832K Free: 87490K (72%)
22 ms. Memory: 120832K Free: 85442K (71%)
27 ms. Memory: 120832K Free: 83379K (69%)
17 ms. Memory: 120832K Free: 81860K (68%)
/home/travis/build/icyphy/ptII/ptolemy/domains/sdf/lib/test/BitsToInt.tcl
26 ms. Memory: 120832K Free: 80291K (66%)
17 ms. Memory: 120832K Free: 78243K (65%)
/home/travis/build/icyphy/ptII/ptolemy/domains/sdf/lib/test/DelayLine.tcl
17 ms. Memory: 120832K Free: 76740K (64%)
/home/travis/build/icyphy/ptII/ptolemy/domains/sdf/lib/test/FFT.tcl
9 ms. Memory: 120832K Free: 74692K (62%)
/home/travis/build/icyphy/ptII/ptolemy/domains/sdf/lib/test/FIR.tcl
17 ms. Memory: 120832K Free: 73154K (61%)
70 ms. Memory: 120832K Free: 68548K (57%)
ptolemy.kernel.util.IllegalActionException: multiplyReverse method not supported between ptolemy.data.FixToken 'fix(-0.0625,6,2)' and ptolemy.data.IntToken '1' because the types are incomparable.
  in .top.FIRclone
Because:
multiplyReverse method not supported between ptolemy.data.FixToken 'fix(-0.0625,6,2)' and ptolemy.data.IntToken '1' because the types are incomparable.
19 ms. Memory: 120832K Free: 66500K (55%)
/home/travis/build/icyphy/ptII/ptolemy/domains/sdf/lib/test/IntToBits.tcl
6 ms. Memory: 120832K Free: 64947K (54%)
13 ms. Memory: 120832K Free: 63428K (52%)
/home/travis/build/icyphy/ptII/ptolemy/domains/sdf/lib/test/MaximumEntropySpectrum.tcl
/home/travis/build/icyphy/ptII/ptolemy/domains/sdf/lib/test/Repeat.tcl
6 ms. Memory: 120832K Free: 103756K (86%)
/home/travis/build/icyphy/ptII/ptolemy/domains/sdf/lib/test/SampleDelay.tcl
9 ms. Memory: 120832K Free: 101708K (84%)
6 ms. Memory: 120832K Free: 100684K (83%)
4 ms. Memory: 120832K Free: 100156K (83%)
29 ms. Memory: 120832K Free: 106459K (88%)
6 ms. Memory: 120832K Free: 105914K (88%)
2 ms. Memory: 120832K Free: 105419K (87%)
/home/travis/build/icyphy/ptII/ptolemy/domains/sdf/lib/test/SequenceToArray.tcl
5 ms. Memory: 120832K Free: 103931K (86%)
18 ms. Memory: 120832K Free: 102842K (85%)
15 ms. Memory: 120832K Free: 101353K (84%)
13 ms. Memory: 120832K Free: 100329K (83%)
11/26/19 06:51:52
Failed: 0  Total Tests: 41  ((Passed: 41, Newly Passed: 0)  Known Failed: 0) /home/travis/build/icyphy/ptII/ptolemy/domains/sdf/lib/test
No auto/knownFailedTests/*.xml tests in /home/travis/build/icyphy/ptII/ptolemy/domains/sdf/lib/test
No auto/linux-amd64/*.xml tests in /home/travis/build/icyphy/ptII/ptolemy/domains/sdf/lib/test
AutoTests.java: About to close Vertx.
AutoTests.java: Vertx closed.

===========================================================================================
----------------- testing Tue Nov 26 06:51:53 UTC 2019 /home/travis/build/icyphy/ptII/ptolemy/domains/sdf/lib/test/auto/ArrayToSequence.xml
----------------- Instantiating /home/travis/build/icyphy/ptII/ptolemy/domains/sdf/lib/test/auto/ArrayToSequence.xml
52 ms. Memory: 120832K Free: 86466K (72%)
----------------- Invoking toplevel() on ptolemy.moml.MoMLSimpleApplication@49709841
----------------- Done invoking toplevel() on ptolemy.moml.MoMLSimpleApplication@49709841
reloadAllAccessors: .ArrayToSequence

===========================================================================================
----------------- testing Tue Nov 26 06:51:53 UTC 2019 /home/travis/build/icyphy/ptII/ptolemy/domains/sdf/lib/test/auto/ArrayToSequenceTest.xml
----------------- Instantiating /home/travis/build/icyphy/ptII/ptolemy/domains/sdf/lib/test/auto/ArrayToSequenceTest.xml
31 ms. Memory: 120832K Free: 80556K (67%)
----------------- Invoking toplevel() on ptolemy.moml.MoMLSimpleApplication@6fad0d4f
----------------- Done invoking toplevel() on ptolemy.moml.MoMLSimpleApplication@6fad0d4f
reloadAllAccessors: .ArrayToSequenceTest

===========================================================================================
----------------- testing Tue Nov 26 06:51:53 UTC 2019 /home/travis/build/icyphy/ptII/ptolemy/domains/sdf/lib/test/auto/Autocorrelation.xml
----------------- Instantiating /home/travis/build/icyphy/ptII/ptolemy/domains/sdf/lib/test/auto/Autocorrelation.xml
5 ms. Memory: 120832K Free: 76132K (63%)
----------------- Invoking toplevel() on ptolemy.moml.MoMLSimpleApplication@66d0f006
----------------- Done invoking toplevel() on ptolemy.moml.MoMLSimpleApplication@66d0f006
reloadAllAccessors: .Autocorrelation

===========================================================================================
----------------- testing Tue Nov 26 06:51:53 UTC 2019 /home/travis/build/icyphy/ptII/ptolemy/domains/sdf/lib/test/auto/Autocorrelation2.xml
----------------- Instantiating /home/travis/build/icyphy/ptII/ptolemy/domains/sdf/lib/test/auto/Autocorrelation2.xml
13 ms. Memory: 120832K Free: 106131K (88%)
----------------- Invoking toplevel() on ptolemy.moml.MoMLSimpleApplication@6a93a34a
----------------- Done invoking toplevel() on ptolemy.moml.MoMLSimpleApplication@6a93a34a
reloadAllAccessors: .Autocorrelation2

===========================================================================================
----------------- testing Tue Nov 26 06:51:53 UTC 2019 /home/travis/build/icyphy/ptII/ptolemy/domains/sdf/lib/test/auto/Autocorrelation3.xml
----------------- Instantiating /home/travis/build/icyphy/ptII/ptolemy/domains/sdf/lib/test/auto/Autocorrelation3.xml
3 ms. Memory: 120832K Free: 102049K (84%)
----------------- Invoking toplevel() on ptolemy.moml.MoMLSimpleApplication@149e9a0a
----------------- Done invoking toplevel() on ptolemy.moml.MoMLSimpleApplication@149e9a0a
reloadAllAccessors: .Autocorrelation3

===========================================================================================
----------------- testing Tue Nov 26 06:51:53 UTC 2019 /home/travis/build/icyphy/ptII/ptolemy/domains/sdf/lib/test/auto/Autocorrelation4.xml
----------------- Instantiating /home/travis/build/icyphy/ptII/ptolemy/domains/sdf/lib/test/auto/Autocorrelation4.xml
5 ms. Memory: 120832K Free: 97939K (81%)
----------------- Invoking toplevel() on ptolemy.moml.MoMLSimpleApplication@475dd0f8
----------------- Done invoking toplevel() on ptolemy.moml.MoMLSimpleApplication@475dd0f8
reloadAllAccessors: .Autocorrelation4

===========================================================================================
----------------- testing Tue Nov 26 06:51:53 UTC 2019 /home/travis/build/icyphy/ptII/ptolemy/domains/sdf/lib/test/auto/Autocorrelation5.xml
----------------- Instantiating /home/travis/build/icyphy/ptII/ptolemy/domains/sdf/lib/test/auto/Autocorrelation5.xml
36 ms. Memory: 120832K Free: 90464K (75%)
----------------- Invoking toplevel() on ptolemy.moml.MoMLSimpleApplication@640f1240
----------------- Done invoking toplevel() on ptolemy.moml.MoMLSimpleApplication@640f1240
reloadAllAccessors: .Autocorrelation5

===========================================================================================
----------------- testing Tue Nov 26 06:51:53 UTC 2019 /home/travis/build/icyphy/ptII/ptolemy/domains/sdf/lib/test/auto/BitsToInt.xml
----------------- Instantiating /home/travis/build/icyphy/ptII/ptolemy/domains/sdf/lib/test/auto/BitsToInt.xml
2 ms. Memory: 120832K Free: 87376K (72%)
----------------- Invoking toplevel() on ptolemy.moml.MoMLSimpleApplication@6592a23d
----------------- Done invoking toplevel() on ptolemy.moml.MoMLSimpleApplication@6592a23d
reloadAllAccessors: .BitsToInt

===========================================================================================
----------------- testing Tue Nov 26 06:51:53 UTC 2019 /home/travis/build/icyphy/ptII/ptolemy/domains/sdf/lib/test/auto/BooleanJoin.xml
----------------- Instantiating /home/travis/build/icyphy/ptII/ptolemy/domains/sdf/lib/test/auto/BooleanJoin.xml
6 ms. Memory: 120832K Free: 82916K (69%)
----------------- Invoking toplevel() on ptolemy.moml.MoMLSimpleApplication@2e8c69d7
----------------- Done invoking toplevel() on ptolemy.moml.MoMLSimpleApplication@2e8c69d7
reloadAllAccessors: .BooleanJoin

===========================================================================================
----------------- testing Tue Nov 26 06:51:53 UTC 2019 /home/travis/build/icyphy/ptII/ptolemy/domains/sdf/lib/test/auto/BootstrapSampleDelay.xml
----------------- Instantiating /home/travis/build/icyphy/ptII/ptolemy/domains/sdf/lib/test/auto/BootstrapSampleDelay.xml
16 ms. Memory: 120832K Free: 79146K (66%)
----------------- Invoking toplevel() on ptolemy.moml.MoMLSimpleApplication@1fcf4824
----------------- Done invoking toplevel() on ptolemy.moml.MoMLSimpleApplication@1fcf4824
reloadAllAccessors: .BootstrapSampleDelay

===========================================================================================
----------------- testing Tue Nov 26 06:51:53 UTC 2019 /home/travis/build/icyphy/ptII/ptolemy/domains/sdf/lib/test/auto/Chop.xml
----------------- Instantiating /home/travis/build/icyphy/ptII/ptolemy/domains/sdf/lib/test/auto/Chop.xml
5 ms. Memory: 120832K Free: 71677K (59%)
----------------- Invoking toplevel() on ptolemy.moml.MoMLSimpleApplication@6e0f4c86
----------------- Done invoking toplevel() on ptolemy.moml.MoMLSimpleApplication@6e0f4c86
reloadAllAccessors: .Chop

===========================================================================================
----------------- testing Tue Nov 26 06:51:53 UTC 2019 /home/travis/build/icyphy/ptII/ptolemy/domains/sdf/lib/test/auto/Chop2.xml
----------------- Instantiating /home/travis/build/icyphy/ptII/ptolemy/domains/sdf/lib/test/auto/Chop2.xml
9 ms. Memory: 120832K Free: 65572K (54%)
----------------- Invoking toplevel() on ptolemy.moml.MoMLSimpleApplication@267bd2dd
----------------- Done invoking toplevel() on ptolemy.moml.MoMLSimpleApplication@267bd2dd
reloadAllAccessors: .Chop2

===========================================================================================
----------------- testing Tue Nov 26 06:51:53 UTC 2019 /home/travis/build/icyphy/ptII/ptolemy/domains/sdf/lib/test/auto/ComplexJoin.xml
----------------- Instantiating /home/travis/build/icyphy/ptII/ptolemy/domains/sdf/lib/test/auto/ComplexJoin.xml
4 ms. Memory: 120832K Free: 60711K (50%)
----------------- Invoking toplevel() on ptolemy.moml.MoMLSimpleApplication@335fb99
----------------- Done invoking toplevel() on ptolemy.moml.MoMLSimpleApplication@335fb99
reloadAllAccessors: .ComplexJoin

===========================================================================================
----------------- testing Tue Nov 26 06:51:54 UTC 2019 /home/travis/build/icyphy/ptII/ptolemy/domains/sdf/lib/test/auto/CountTrues.xml
----------------- Instantiating /home/travis/build/icyphy/ptII/ptolemy/domains/sdf/lib/test/auto/CountTrues.xml
3 ms. Memory: 120832K Free: 104574K (87%)
----------------- Invoking toplevel() on ptolemy.moml.MoMLSimpleApplication@57367a17
----------------- Done invoking toplevel() on ptolemy.moml.MoMLSimpleApplication@57367a17
reloadAllAccessors: .CountTrues

===========================================================================================
----------------- testing Tue Nov 26 06:51:54 UTC 2019 /home/travis/build/icyphy/ptII/ptolemy/domains/sdf/lib/test/auto/DelayLine.xml
----------------- Instantiating /home/travis/build/icyphy/ptII/ptolemy/domains/sdf/lib/test/auto/DelayLine.xml
5 ms. Memory: 120832K Free: 99126K (82%)
----------------- Invoking toplevel() on ptolemy.moml.MoMLSimpleApplication@1c77e344
----------------- Done invoking toplevel() on ptolemy.moml.MoMLSimpleApplication@1c77e344
reloadAllAccessors: .DelayLine

===========================================================================================
----------------- testing Tue Nov 26 06:51:54 UTC 2019 /home/travis/build/icyphy/ptII/ptolemy/domains/sdf/lib/test/auto/DotProduct.xml
----------------- Instantiating /home/travis/build/icyphy/ptII/ptolemy/domains/sdf/lib/test/auto/DotProduct.xml
4 ms. Memory: 120832K Free: 96414K (80%)
----------------- Invoking toplevel() on ptolemy.moml.MoMLSimpleApplication@4dd1ca80
----------------- Done invoking toplevel() on ptolemy.moml.MoMLSimpleApplication@4dd1ca80
reloadAllAccessors: .DotProduct

===========================================================================================
----------------- testing Tue Nov 26 06:51:54 UTC 2019 /home/travis/build/icyphy/ptII/ptolemy/domains/sdf/lib/test/auto/DotProductMatrix.xml
----------------- Instantiating /home/travis/build/icyphy/ptII/ptolemy/domains/sdf/lib/test/auto/DotProductMatrix.xml
3 ms. Memory: 120832K Free: 93342K (77%)
----------------- Invoking toplevel() on ptolemy.moml.MoMLSimpleApplication@6ee4913
----------------- Done invoking toplevel() on ptolemy.moml.MoMLSimpleApplication@6ee4913
reloadAllAccessors: .DotProductMatrix

===========================================================================================
----------------- testing Tue Nov 26 06:51:54 UTC 2019 /home/travis/build/icyphy/ptII/ptolemy/domains/sdf/lib/test/auto/DownSample1.xml
----------------- Instantiating /home/travis/build/icyphy/ptII/ptolemy/domains/sdf/lib/test/auto/DownSample1.xml
6 ms. Memory: 120832K Free: 90300K (75%)
----------------- Invoking toplevel() on ptolemy.moml.MoMLSimpleApplication@38c4a7ab
----------------- Done invoking toplevel() on ptolemy.moml.MoMLSimpleApplication@38c4a7ab
reloadAllAccessors: .DownSample1

===========================================================================================
----------------- testing Tue Nov 26 06:51:54 UTC 2019 /home/travis/build/icyphy/ptII/ptolemy/domains/sdf/lib/test/auto/DynamicRateChange.xml
----------------- Instantiating /home/travis/build/icyphy/ptII/ptolemy/domains/sdf/lib/test/auto/DynamicRateChange.xml
11 ms. Memory: 120832K Free: 84156K (70%)
----------------- Invoking toplevel() on ptolemy.moml.MoMLSimpleApplication@57eecc00
----------------- Done invoking toplevel() on ptolemy.moml.MoMLSimpleApplication@57eecc00
reloadAllAccessors: .DynamicRateChange

===========================================================================================
----------------- testing Tue Nov 26 06:51:54 UTC 2019 /home/travis/build/icyphy/ptII/ptolemy/domains/sdf/lib/test/auto/DynamicRates.xml
----------------- Instantiating /home/travis/build/icyphy/ptII/ptolemy/domains/sdf/lib/test/auto/DynamicRates.xml
10 ms. Memory: 120832K Free: 79676K (66%)
----------------- Invoking toplevel() on ptolemy.moml.MoMLSimpleApplication@62229204
----------------- Done invoking toplevel() on ptolemy.moml.MoMLSimpleApplication@62229204
reloadAllAccessors: .DynamicRates

===========================================================================================
----------------- testing Tue Nov 26 06:51:54 UTC 2019 /home/travis/build/icyphy/ptII/ptolemy/domains/sdf/lib/test/auto/FFT1.xml
----------------- Instantiating /home/travis/build/icyphy/ptII/ptolemy/domains/sdf/lib/test/auto/FFT1.xml
10 ms. Memory: 120832K Free: 75317K (62%)
----------------- Invoking toplevel() on ptolemy.moml.MoMLSimpleApplication@74e6036b
----------------- Done invoking toplevel() on ptolemy.moml.MoMLSimpleApplication@74e6036b
reloadAllAccessors: .FFT1

===========================================================================================
----------------- testing Tue Nov 26 06:51:54 UTC 2019 /home/travis/build/icyphy/ptII/ptolemy/domains/sdf/lib/test/auto/FIR1.xml
----------------- Instantiating /home/travis/build/icyphy/ptII/ptolemy/domains/sdf/lib/test/auto/FIR1.xml
25 ms. Memory: 120832K Free: 68420K (57%)
----------------- Invoking toplevel() on ptolemy.moml.MoMLSimpleApplication@56431e64
----------------- Done invoking toplevel() on ptolemy.moml.MoMLSimpleApplication@56431e64
reloadAllAccessors: .FIR1

===========================================================================================
----------------- testing Tue Nov 26 06:51:54 UTC 2019 /home/travis/build/icyphy/ptII/ptolemy/domains/sdf/lib/test/auto/FIR2.xml
----------------- Instantiating /home/travis/build/icyphy/ptII/ptolemy/domains/sdf/lib/test/auto/FIR2.xml
2 ms. Memory: 120832K Free: 65077K (54%)
----------------- Invoking toplevel() on ptolemy.moml.MoMLSimpleApplication@1e173baf
----------------- Done invoking toplevel() on ptolemy.moml.MoMLSimpleApplication@1e173baf
reloadAllAccessors: .FIR2

===========================================================================================
----------------- testing Tue Nov 26 06:51:54 UTC 2019 /home/travis/build/icyphy/ptII/ptolemy/domains/sdf/lib/test/auto/FIR4.xml
----------------- Instantiating /home/travis/build/icyphy/ptII/ptolemy/domains/sdf/lib/test/auto/FIR4.xml
11 ms. Memory: 120832K Free: 57532K (48%)
----------------- Invoking toplevel() on ptolemy.moml.MoMLSimpleApplication@627b2695
----------------- Done invoking toplevel() on ptolemy.moml.MoMLSimpleApplication@627b2695
reloadAllAccessors: .FIR4

===========================================================================================
----------------- testing Tue Nov 26 06:51:54 UTC 2019 /home/travis/build/icyphy/ptII/ptolemy/domains/sdf/lib/test/auto/FixJoin.xml
----------------- Instantiating /home/travis/build/icyphy/ptII/ptolemy/domains/sdf/lib/test/auto/FixJoin.xml
4 ms. Memory: 120832K Free: 53060K (44%)
----------------- Invoking toplevel() on ptolemy.moml.MoMLSimpleApplication@1ea04e5c
----------------- Done invoking toplevel() on ptolemy.moml.MoMLSimpleApplication@1ea04e5c
reloadAllAccessors: .FixJoin

===========================================================================================
----------------- testing Tue Nov 26 06:51:54 UTC 2019 /home/travis/build/icyphy/ptII/ptolemy/domains/sdf/lib/test/auto/IntJoin1.xml
----------------- Instantiating /home/travis/build/icyphy/ptII/ptolemy/domains/sdf/lib/test/auto/IntJoin1.xml
6 ms. Memory: 120832K Free: 105051K (87%)
----------------- Invoking toplevel() on ptolemy.moml.MoMLSimpleApplication@474b8398
----------------- Done invoking toplevel() on ptolemy.moml.MoMLSimpleApplication@474b8398
reloadAllAccessors: .IntJoin1

===========================================================================================
----------------- testing Tue Nov 26 06:51:54 UTC 2019 /home/travis/build/icyphy/ptII/ptolemy/domains/sdf/lib/test/auto/IntJoin2.xml
----------------- Instantiating /home/travis/build/icyphy/ptII/ptolemy/domains/sdf/lib/test/auto/IntJoin2.xml
4 ms. Memory: 120832K Free: 100550K (83%)
----------------- Invoking toplevel() on ptolemy.moml.MoMLSimpleApplication@26fa121e
----------------- Done invoking toplevel() on ptolemy.moml.MoMLSimpleApplication@26fa121e
reloadAllAccessors: .IntJoin2

===========================================================================================
----------------- testing Tue Nov 26 06:51:54 UTC 2019 /home/travis/build/icyphy/ptII/ptolemy/domains/sdf/lib/test/auto/IntJoin3.xml
----------------- Instantiating /home/travis/build/icyphy/ptII/ptolemy/domains/sdf/lib/test/auto/IntJoin3.xml
4 ms. Memory: 120832K Free: 96066K (80%)
----------------- Invoking toplevel() on ptolemy.moml.MoMLSimpleApplication@1c472ea3
----------------- Done invoking toplevel() on ptolemy.moml.MoMLSimpleApplication@1c472ea3
reloadAllAccessors: .IntJoin3

===========================================================================================
----------------- testing Tue Nov 26 06:51:54 UTC 2019 /home/travis/build/icyphy/ptII/ptolemy/domains/sdf/lib/test/auto/IntJoin4.xml
----------------- Instantiating /home/travis/build/icyphy/ptII/ptolemy/domains/sdf/lib/test/auto/IntJoin4.xml
3 ms. Memory: 120832K Free: 91970K (76%)
----------------- Invoking toplevel() on ptolemy.moml.MoMLSimpleApplication@41e93a1d
----------------- Done invoking toplevel() on ptolemy.moml.MoMLSimpleApplication@41e93a1d
reloadAllAccessors: .IntJoin4

===========================================================================================
----------------- testing Tue Nov 26 06:51:54 UTC 2019 /home/travis/build/icyphy/ptII/ptolemy/domains/sdf/lib/test/auto/IntJoin5.xml
----------------- Instantiating /home/travis/build/icyphy/ptII/ptolemy/domains/sdf/lib/test/auto/IntJoin5.xml
4 ms. Memory: 120832K Free: 87643K (73%)
----------------- Invoking toplevel() on ptolemy.moml.MoMLSimpleApplication@2778bdf
----------------- Done invoking toplevel() on ptolemy.moml.MoMLSimpleApplication@2778bdf
reloadAllAccessors: .IntJoin5

===========================================================================================
----------------- testing Tue Nov 26 06:51:54 UTC 2019 /home/travis/build/icyphy/ptII/ptolemy/domains/sdf/lib/test/auto/IntToBits.xml
----------------- Instantiating /home/travis/build/icyphy/ptII/ptolemy/domains/sdf/lib/test/auto/IntToBits.xml
7 ms. Memory: 120832K Free: 84173K (70%)
----------------- Invoking toplevel() on ptolemy.moml.MoMLSimpleApplication@51840788
----------------- Done invoking toplevel() on ptolemy.moml.MoMLSimpleApplication@51840788
reloadAllAccessors: .IntToBits

===========================================================================================
----------------- testing Tue Nov 26 06:51:54 UTC 2019 /home/travis/build/icyphy/ptII/ptolemy/domains/sdf/lib/test/auto/LMSAdaptive.xml
----------------- Instantiating /home/travis/build/icyphy/ptII/ptolemy/domains/sdf/lib/test/auto/LMSAdaptive.xml
13 ms. Memory: 120832K Free: 75959K (63%)
----------------- Invoking toplevel() on ptolemy.moml.MoMLSimpleApplication@ff06815
----------------- Done invoking toplevel() on ptolemy.moml.MoMLSimpleApplication@ff06815
reloadAllAccessors: .LMSAdaptive

===========================================================================================
----------------- testing Tue Nov 26 06:51:54 UTC 2019 /home/travis/build/icyphy/ptII/ptolemy/domains/sdf/lib/test/auto/LMSAdaptiveFIR.xml
----------------- Instantiating /home/travis/build/icyphy/ptII/ptolemy/domains/sdf/lib/test/auto/LMSAdaptiveFIR.xml
295 ms. Memory: 120832K Free: 100103K (83%)
----------------- Invoking toplevel() on ptolemy.moml.MoMLSimpleApplication@1afa15d9
----------------- Done invoking toplevel() on ptolemy.moml.MoMLSimpleApplication@1afa15d9
reloadAllAccessors: .LMSAdaptiveFIR

===========================================================================================
----------------- testing Tue Nov 26 06:51:55 UTC 2019 /home/travis/build/icyphy/ptII/ptolemy/domains/sdf/lib/test/auto/LMSAdaptiveFIR2.xml
----------------- Instantiating /home/travis/build/icyphy/ptII/ptolemy/domains/sdf/lib/test/auto/LMSAdaptiveFIR2.xml
480 ms. Memory: 120832K Free: 43733K (36%)
----------------- Invoking toplevel() on ptolemy.moml.MoMLSimpleApplication@589756b6
----------------- Done invoking toplevel() on ptolemy.moml.MoMLSimpleApplication@589756b6
reloadAllAccessors: .LMSAdaptiveFIR2

===========================================================================================
----------------- testing Tue Nov 26 06:51:55 UTC 2019 /home/travis/build/icyphy/ptII/ptolemy/domains/sdf/lib/test/auto/LongJoin.xml
----------------- Instantiating /home/travis/build/icyphy/ptII/ptolemy/domains/sdf/lib/test/auto/LongJoin.xml
9 ms. Memory: 145408K Free: 125855K (87%)
----------------- Invoking toplevel() on ptolemy.moml.MoMLSimpleApplication@6dd2eadc
----------------- Done invoking toplevel() on ptolemy.moml.MoMLSimpleApplication@6dd2eadc
reloadAllAccessors: .LongJoin

===========================================================================================
----------------- testing Tue Nov 26 06:51:55 UTC 2019 /home/travis/build/icyphy/ptII/ptolemy/domains/sdf/lib/test/auto/Matrix1.xml
----------------- Instantiating /home/travis/build/icyphy/ptII/ptolemy/domains/sdf/lib/test/auto/Matrix1.xml
4 ms. Memory: 145408K Free: 122292K (84%)
----------------- Invoking toplevel() on ptolemy.moml.MoMLSimpleApplication@6fc36bb0
----------------- Done invoking toplevel() on ptolemy.moml.MoMLSimpleApplication@6fc36bb0
reloadAllAccessors: .Matrix1

===========================================================================================
----------------- testing Tue Nov 26 06:51:55 UTC 2019 /home/travis/build/icyphy/ptII/ptolemy/domains/sdf/lib/test/auto/Matrix2.xml
----------------- Instantiating /home/travis/build/icyphy/ptII/ptolemy/domains/sdf/lib/test/auto/Matrix2.xml
7 ms. Memory: 145408K Free: 118218K (81%)
----------------- Invoking toplevel() on ptolemy.moml.MoMLSimpleApplication@55501269
----------------- Done invoking toplevel() on ptolemy.moml.MoMLSimpleApplication@55501269
reloadAllAccessors: .Matrix2

===========================================================================================
----------------- testing Tue Nov 26 06:51:55 UTC 2019 /home/travis/build/icyphy/ptII/ptolemy/domains/sdf/lib/test/auto/MatrixJoin1.xml
----------------- Instantiating /home/travis/build/icyphy/ptII/ptolemy/domains/sdf/lib/test/auto/MatrixJoin1.xml
3 ms. Memory: 145408K Free: 113567K (78%)
----------------- Invoking toplevel() on ptolemy.moml.MoMLSimpleApplication@2d79b796
----------------- Done invoking toplevel() on ptolemy.moml.MoMLSimpleApplication@2d79b796
reloadAllAccessors: .MatrixJoin1

===========================================================================================
----------------- testing Tue Nov 26 06:51:55 UTC 2019 /home/travis/build/icyphy/ptII/ptolemy/domains/sdf/lib/test/auto/MatrixJoin2.xml
----------------- Instantiating /home/travis/build/icyphy/ptII/ptolemy/domains/sdf/lib/test/auto/MatrixJoin2.xml
2 ms. Memory: 145408K Free: 108972K (75%)
----------------- Invoking toplevel() on ptolemy.moml.MoMLSimpleApplication@4032bff
----------------- Done invoking toplevel() on ptolemy.moml.MoMLSimpleApplication@4032bff
reloadAllAccessors: .MatrixJoin2

===========================================================================================
----------------- testing Tue Nov 26 06:51:55 UTC 2019 /home/travis/build/icyphy/ptII/ptolemy/domains/sdf/lib/test/auto/MatrixJoin3.xml
----------------- Instantiating /home/travis/build/icyphy/ptII/ptolemy/domains/sdf/lib/test/auto/MatrixJoin3.xml
16 ms. Memory: 145408K Free: 104884K (72%)
----------------- Invoking toplevel() on ptolemy.moml.MoMLSimpleApplication@4a742bbd
----------------- Done invoking toplevel() on ptolemy.moml.MoMLSimpleApplication@4a742bbd
reloadAllAccessors: .MatrixJoin3

===========================================================================================
----------------- testing Tue Nov 26 06:51:55 UTC 2019 /home/travis/build/icyphy/ptII/ptolemy/domains/sdf/lib/test/auto/MatrixJoin4.xml
----------------- Instantiating /home/travis/build/icyphy/ptII/ptolemy/domains/sdf/lib/test/auto/MatrixJoin4.xml
1 ms. Memory: 145408K Free: 100810K (69%)
----------------- Invoking toplevel() on ptolemy.moml.MoMLSimpleApplication@798bd019
----------------- Done invoking toplevel() on ptolemy.moml.MoMLSimpleApplication@798bd019
reloadAllAccessors: .MatrixJoin4

===========================================================================================
----------------- testing Tue Nov 26 06:51:55 UTC 2019 /home/travis/build/icyphy/ptII/ptolemy/domains/sdf/lib/test/auto/MatrixJoin5.xml
----------------- Instantiating /home/travis/build/icyphy/ptII/ptolemy/domains/sdf/lib/test/auto/MatrixJoin5.xml
2 ms. Memory: 145408K Free: 96692K (66%)
----------------- Invoking toplevel() on ptolemy.moml.MoMLSimpleApplication@1d080d81
----------------- Done invoking toplevel() on ptolemy.moml.MoMLSimpleApplication@1d080d81
reloadAllAccessors: .MatrixJoin5

===========================================================================================
----------------- testing Tue Nov 26 06:51:55 UTC 2019 /home/travis/build/icyphy/ptII/ptolemy/domains/sdf/lib/test/auto/MatrixSplit1.xml
----------------- Instantiating /home/travis/build/icyphy/ptII/ptolemy/domains/sdf/lib/test/auto/MatrixSplit1.xml
2 ms. Memory: 145408K Free: 91061K (63%)
----------------- Invoking toplevel() on ptolemy.moml.MoMLSimpleApplication@e06e808
----------------- Done invoking toplevel() on ptolemy.moml.MoMLSimpleApplication@e06e808
reloadAllAccessors: .MatrixSplit1

===========================================================================================
----------------- testing Tue Nov 26 06:51:55 UTC 2019 /home/travis/build/icyphy/ptII/ptolemy/domains/sdf/lib/test/auto/MatrixSplit10.xml
----------------- Instantiating /home/travis/build/icyphy/ptII/ptolemy/domains/sdf/lib/test/auto/MatrixSplit10.xml
3 ms. Memory: 145408K Free: 87459K (60%)
----------------- Invoking toplevel() on ptolemy.moml.MoMLSimpleApplication@9730f87
----------------- Done invoking toplevel() on ptolemy.moml.MoMLSimpleApplication@9730f87
reloadAllAccessors: .MatrixSplit10

===========================================================================================
----------------- testing Tue Nov 26 06:51:55 UTC 2019 /home/travis/build/icyphy/ptII/ptolemy/domains/sdf/lib/test/auto/MatrixSplit11.xml
----------------- Instantiating /home/travis/build/icyphy/ptII/ptolemy/domains/sdf/lib/test/auto/MatrixSplit11.xml
1 ms. Memory: 145408K Free: 83893K (58%)
----------------- Invoking toplevel() on ptolemy.moml.MoMLSimpleApplication@77895e81
----------------- Done invoking toplevel() on ptolemy.moml.MoMLSimpleApplication@77895e81
reloadAllAccessors: .MatrixSplit11

===========================================================================================
----------------- testing Tue Nov 26 06:51:55 UTC 2019 /home/travis/build/icyphy/ptII/ptolemy/domains/sdf/lib/test/auto/MatrixSplit12.xml
----------------- Instantiating /home/travis/build/icyphy/ptII/ptolemy/domains/sdf/lib/test/auto/MatrixSplit12.xml
1 ms. Memory: 145408K Free: 80330K (55%)
----------------- Invoking toplevel() on ptolemy.moml.MoMLSimpleApplication@35272d33
----------------- Done invoking toplevel() on ptolemy.moml.MoMLSimpleApplication@35272d33
reloadAllAccessors: .MatrixSplit12

===========================================================================================
----------------- testing Tue Nov 26 06:51:56 UTC 2019 /home/travis/build/icyphy/ptII/ptolemy/domains/sdf/lib/test/auto/MatrixSplit13.xml
----------------- Instantiating /home/travis/build/icyphy/ptII/ptolemy/domains/sdf/lib/test/auto/MatrixSplit13.xml
1 ms. Memory: 145408K Free: 76703K (53%)
----------------- Invoking toplevel() on ptolemy.moml.MoMLSimpleApplication@3a4dd8f3
----------------- Done invoking toplevel() on ptolemy.moml.MoMLSimpleApplication@3a4dd8f3
reloadAllAccessors: .MatrixSplit13

===========================================================================================
----------------- testing Tue Nov 26 06:51:56 UTC 2019 /home/travis/build/icyphy/ptII/ptolemy/domains/sdf/lib/test/auto/MatrixSplit14.xml
----------------- Instantiating /home/travis/build/icyphy/ptII/ptolemy/domains/sdf/lib/test/auto/MatrixSplit14.xml
1 ms. Memory: 145408K Free: 73132K (50%)
----------------- Invoking toplevel() on ptolemy.moml.MoMLSimpleApplication@39adb47e
----------------- Done invoking toplevel() on ptolemy.moml.MoMLSimpleApplication@39adb47e
reloadAllAccessors: .MatrixSplit14

===========================================================================================
----------------- testing Tue Nov 26 06:51:56 UTC 2019 /home/travis/build/icyphy/ptII/ptolemy/domains/sdf/lib/test/auto/MatrixSplit2.xml
----------------- Instantiating /home/travis/build/icyphy/ptII/ptolemy/domains/sdf/lib/test/auto/MatrixSplit2.xml
2 ms. Memory: 145408K Free: 70076K (48%)
----------------- Invoking toplevel() on ptolemy.moml.MoMLSimpleApplication@2f941690
----------------- Done invoking toplevel() on ptolemy.moml.MoMLSimpleApplication@2f941690
reloadAllAccessors: .MatrixSplit2

===========================================================================================
----------------- testing Tue Nov 26 06:51:56 UTC 2019 /home/travis/build/icyphy/ptII/ptolemy/domains/sdf/lib/test/auto/MatrixSplit3.xml
----------------- Instantiating /home/travis/build/icyphy/ptII/ptolemy/domains/sdf/lib/test/auto/MatrixSplit3.xml
2 ms. Memory: 145408K Free: 66485K (46%)
----------------- Invoking toplevel() on ptolemy.moml.MoMLSimpleApplication@720c6f2a
----------------- Done invoking toplevel() on ptolemy.moml.MoMLSimpleApplication@720c6f2a
reloadAllAccessors: .MatrixSplit3

===========================================================================================
----------------- testing Tue Nov 26 06:51:56 UTC 2019 /home/travis/build/icyphy/ptII/ptolemy/domains/sdf/lib/test/auto/MatrixSplit4.xml
----------------- Instantiating /home/travis/build/icyphy/ptII/ptolemy/domains/sdf/lib/test/auto/MatrixSplit4.xml
2 ms. Memory: 145408K Free: 63383K (44%)
----------------- Invoking toplevel() on ptolemy.moml.MoMLSimpleApplication@24b0bf36
----------------- Done invoking toplevel() on ptolemy.moml.MoMLSimpleApplication@24b0bf36
reloadAllAccessors: .MatrixSplit4

===========================================================================================
----------------- testing Tue Nov 26 06:51:56 UTC 2019 /home/travis/build/icyphy/ptII/ptolemy/domains/sdf/lib/test/auto/MatrixSplit5.xml
----------------- Instantiating /home/travis/build/icyphy/ptII/ptolemy/domains/sdf/lib/test/auto/MatrixSplit5.xml
9 ms. Memory: 145408K Free: 59820K (41%)
----------------- Invoking toplevel() on ptolemy.moml.MoMLSimpleApplication@721b183d
----------------- Done invoking toplevel() on ptolemy.moml.MoMLSimpleApplication@721b183d
reloadAllAccessors: .MatrixSplit5

===========================================================================================
----------------- testing Tue Nov 26 06:51:56 UTC 2019 /home/travis/build/icyphy/ptII/ptolemy/domains/sdf/lib/test/auto/MatrixSplit6.xml
----------------- Instantiating /home/travis/build/icyphy/ptII/ptolemy/domains/sdf/lib/test/auto/MatrixSplit6.xml
9 ms. Memory: 145408K Free: 129950K (89%)
----------------- Invoking toplevel() on ptolemy.moml.MoMLSimpleApplication@55fe3e42
----------------- Done invoking toplevel() on ptolemy.moml.MoMLSimpleApplication@55fe3e42
reloadAllAccessors: .MatrixSplit6

===========================================================================================
----------------- testing Tue Nov 26 06:51:56 UTC 2019 /home/travis/build/icyphy/ptII/ptolemy/domains/sdf/lib/test/auto/MatrixSplit7.xml
----------------- Instantiating /home/travis/build/icyphy/ptII/ptolemy/domains/sdf/lib/test/auto/MatrixSplit7.xml
1 ms. Memory: 145408K Free: 125900K (87%)
----------------- Invoking toplevel() on ptolemy.moml.MoMLSimpleApplication@3901ac97
----------------- Done invoking toplevel() on ptolemy.moml.MoMLSimpleApplication@3901ac97
reloadAllAccessors: .MatrixSplit7

===========================================================================================
----------------- testing Tue Nov 26 06:51:56 UTC 2019 /home/travis/build/icyphy/ptII/ptolemy/domains/sdf/lib/test/auto/MatrixSplit8.xml
----------------- Instantiating /home/travis/build/icyphy/ptII/ptolemy/domains/sdf/lib/test/auto/MatrixSplit8.xml
2 ms. Memory: 145408K Free: 122318K (84%)
----------------- Invoking toplevel() on ptolemy.moml.MoMLSimpleApplication@122c3735
----------------- Done invoking toplevel() on ptolemy.moml.MoMLSimpleApplication@122c3735
reloadAllAccessors: .MatrixSplit8

===========================================================================================
----------------- testing Tue Nov 26 06:51:56 UTC 2019 /home/travis/build/icyphy/ptII/ptolemy/domains/sdf/lib/test/auto/MatrixSplit9.xml
----------------- Instantiating /home/travis/build/icyphy/ptII/ptolemy/domains/sdf/lib/test/auto/MatrixSplit9.xml
2 ms. Memory: 145408K Free: 118732K (82%)
----------------- Invoking toplevel() on ptolemy.moml.MoMLSimpleApplication@4443d85a
----------------- Done invoking toplevel() on ptolemy.moml.MoMLSimpleApplication@4443d85a
reloadAllAccessors: .MatrixSplit9

===========================================================================================
----------------- testing Tue Nov 26 06:51:56 UTC 2019 /home/travis/build/icyphy/ptII/ptolemy/domains/sdf/lib/test/auto/MatrixToSequence.xml
----------------- Instantiating /home/travis/build/icyphy/ptII/ptolemy/domains/sdf/lib/test/auto/MatrixToSequence.xml
13 ms. Memory: 145408K Free: 109516K (75%)
----------------- Invoking toplevel() on ptolemy.moml.MoMLSimpleApplication@23c69dd3
----------------- Done invoking toplevel() on ptolemy.moml.MoMLSimpleApplication@23c69dd3
reloadAllAccessors: .MatrixToSequence

===========================================================================================
----------------- testing Tue Nov 26 06:51:56 UTC 2019 /home/travis/build/icyphy/ptII/ptolemy/domains/sdf/lib/test/auto/MaximumEntropySpectrum.xml
----------------- Instantiating /home/travis/build/icyphy/ptII/ptolemy/domains/sdf/lib/test/auto/MaximumEntropySpectrum.xml
14 ms. Memory: 145408K Free: 88526K (61%)
----------------- Invoking toplevel() on ptolemy.moml.MoMLSimpleApplication@59f06648
----------------- Done invoking toplevel() on ptolemy.moml.MoMLSimpleApplication@59f06648
reloadAllAccessors: .MaximumEntropySpectrum

===========================================================================================
----------------- testing Tue Nov 26 06:51:56 UTC 2019 /home/travis/build/icyphy/ptII/ptolemy/domains/sdf/lib/test/auto/SampleDelayConversion.xml
----------------- Instantiating /home/travis/build/icyphy/ptII/ptolemy/domains/sdf/lib/test/auto/SampleDelayConversion.xml
2 ms. Memory: 145408K Free: 84430K (58%)
----------------- Invoking toplevel() on ptolemy.moml.MoMLSimpleApplication@8b2ec2e
----------------- Done invoking toplevel() on ptolemy.moml.MoMLSimpleApplication@8b2ec2e
reloadAllAccessors: .SampleDelayConversion

===========================================================================================
----------------- testing Tue Nov 26 06:51:56 UTC 2019 /home/travis/build/icyphy/ptII/ptolemy/domains/sdf/lib/test/auto/SequenceToArray.xml
----------------- Instantiating /home/travis/build/icyphy/ptII/ptolemy/domains/sdf/lib/test/auto/SequenceToArray.xml
8 ms. Memory: 145408K Free: 73166K (50%)
----------------- Invoking toplevel() on ptolemy.moml.MoMLSimpleApplication@34feace3
----------------- Done invoking toplevel() on ptolemy.moml.MoMLSimpleApplication@34feace3
reloadAllAccessors: .SequenceToArray

===========================================================================================
----------------- testing Tue Nov 26 06:51:56 UTC 2019 /home/travis/build/icyphy/ptII/ptolemy/domains/sdf/lib/test/auto/SequenceToMatrix.xml
----------------- Instantiating /home/travis/build/icyphy/ptII/ptolemy/domains/sdf/lib/test/auto/SequenceToMatrix.xml
3548 ms. Memory: 145408K Free: 73369K (50%)
----------------- Invoking toplevel() on ptolemy.moml.MoMLSimpleApplication@2453c8f0
----------------- Done invoking toplevel() on ptolemy.moml.MoMLSimpleApplication@2453c8f0
reloadAllAccessors: .SequenceToMatrix

===========================================================================================
----------------- testing Tue Nov 26 06:52:00 UTC 2019 /home/travis/build/icyphy/ptII/ptolemy/domains/sdf/lib/test/auto/SmoothedPeriodogram.xml
----------------- Instantiating /home/travis/build/icyphy/ptII/ptolemy/domains/sdf/lib/test/auto/SmoothedPeriodogram.xml
9 ms. Memory: 145408K Free: 58009K (40%)
----------------- Invoking toplevel() on ptolemy.moml.MoMLSimpleApplication@483a028d
----------------- Done invoking toplevel() on ptolemy.moml.MoMLSimpleApplication@483a028d
reloadAllAccessors: .SmoothedPeriodogram

===========================================================================================
----------------- testing Tue Nov 26 06:52:00 UTC 2019 /home/travis/build/icyphy/ptII/ptolemy/domains/sdf/lib/test/auto/UpDownSample1.xml
----------------- Instantiating /home/travis/build/icyphy/ptII/ptolemy/domains/sdf/lib/test/auto/UpDownSample1.xml
2 ms. Memory: 145408K Free: 53913K (37%)
----------------- Invoking toplevel() on ptolemy.moml.MoMLSimpleApplication@4f14c92d
----------------- Done invoking toplevel() on ptolemy.moml.MoMLSimpleApplication@4f14c92d
reloadAllAccessors: .UpDownSample1

===========================================================================================
----------------- testing Tue Nov 26 06:52:00 UTC 2019 /home/travis/build/icyphy/ptII/ptolemy/domains/sdf/lib/test/auto/UpSample1.xml
----------------- Instantiating /home/travis/build/icyphy/ptII/ptolemy/domains/sdf/lib/test/auto/UpSample1.xml
1 ms. Memory: 145408K Free: 50331K (35%)
----------------- Invoking toplevel() on ptolemy.moml.MoMLSimpleApplication@3e33469d
----------------- Done invoking toplevel() on ptolemy.moml.MoMLSimpleApplication@3e33469d
reloadAllAccessors: .UpSample1

===========================================================================================
----------------- testing Tue Nov 26 06:52:00 UTC 2019 /home/travis/build/icyphy/ptII/ptolemy/domains/sdf/lib/test/auto/VariableFIR.xml
----------------- Instantiating /home/travis/build/icyphy/ptII/ptolemy/domains/sdf/lib/test/auto/VariableFIR.xml
10 ms. Memory: 145408K Free: 129376K (89%)
----------------- Invoking toplevel() on ptolemy.moml.MoMLSimpleApplication@556b586f
----------------- Done invoking toplevel() on ptolemy.moml.MoMLSimpleApplication@556b586f
reloadAllAccessors: .VariableFIR

===========================================================================================
----------------- testing Tue Nov 26 06:52:00 UTC 2019 /home/travis/build/icyphy/ptII/ptolemy/domains/sdf/lib/test/auto/VariableFIR2.xml
----------------- Instantiating /home/travis/build/icyphy/ptII/ptolemy/domains/sdf/lib/test/auto/VariableFIR2.xml
4 ms. Memory: 145408K Free: 123735K (85%)
----------------- Invoking toplevel() on ptolemy.moml.MoMLSimpleApplication@42f3c229
----------------- Done invoking toplevel() on ptolemy.moml.MoMLSimpleApplication@42f3c229
reloadAllAccessors: .VariableFIR2

===========================================================================================
----------------- testing Tue Nov 26 06:52:00 UTC 2019 /home/travis/build/icyphy/ptII/ptolemy/domains/sdf/lib/test/auto/VariableLattice.xml
----------------- Instantiating /home/travis/build/icyphy/ptII/ptolemy/domains/sdf/lib/test/auto/VariableLattice.xml
5 ms. Memory: 145408K Free: 117598K (81%)
----------------- Invoking toplevel() on ptolemy.moml.MoMLSimpleApplication@4f6ee19
----------------- Done invoking toplevel() on ptolemy.moml.MoMLSimpleApplication@4f6ee19
reloadAllAccessors: .VariableLattice

===========================================================================================
----------------- testing Tue Nov 26 06:52:00 UTC 2019 /home/travis/build/icyphy/ptII/ptolemy/domains/sdf/lib/test/auto/VariableLattice2.xml
----------------- Instantiating /home/travis/build/icyphy/ptII/ptolemy/domains/sdf/lib/test/auto/VariableLattice2.xml
1.0
-1.999999602036
1.9099998677481
-0.9099996420674
0.205
0.0
0.0
1.0
-0.25
-0.5
0.0
0.0
0.0
0.0
4 ms. Memory: 145408K Free: 112992K (78%)
----------------- Invoking toplevel() on ptolemy.moml.MoMLSimpleApplication@672151c9
----------------- Done invoking toplevel() on ptolemy.moml.MoMLSimpleApplication@672151c9
reloadAllAccessors: .VariableLattice2

===========================================================================================
----------------- testing Tue Nov 26 06:52:00 UTC 2019 /home/travis/build/icyphy/ptII/ptolemy/domains/sdf/lib/test/auto/VariableRecursiveLattice.xml
----------------- Instantiating /home/travis/build/icyphy/ptII/ptolemy/domains/sdf/lib/test/auto/VariableRecursiveLattice.xml
5 ms. Memory: 145408K Free: 108382K (75%)
----------------- Invoking toplevel() on ptolemy.moml.MoMLSimpleApplication@16190568
----------------- Done invoking toplevel() on ptolemy.moml.MoMLSimpleApplication@16190568
reloadAllAccessors: .VariableRecursiveLattice

===========================================================================================
----------------- testing Tue Nov 26 06:52:00 UTC 2019 /home/travis/build/icyphy/ptII/ptolemy/domains/sdf/lib/test/auto/VariableRecursiveLattice2.xml
----------------- Instantiating /home/travis/build/icyphy/ptII/ptolemy/domains/sdf/lib/test/auto/VariableRecursiveLattice2.xml
2 ms. Memory: 145408K Free: 104286K (72%)
----------------- Invoking toplevel() on ptolemy.moml.MoMLSimpleApplication@38c113c4
----------------- Done invoking toplevel() on ptolemy.moml.MoMLSimpleApplication@38c113c4
reloadAllAccessors: .VariableRecursiveLattice2
AutoTests.java: About to close Vertx.
AutoTests.java: Vertx closed.
]]></system-out>
  <system-err><![CDATA[]]></system-err>
</testsuite>
