<?xml version="1.0" encoding="UTF-8" ?>
<testsuite errors="0" failures="0" hostname="travis-job-abeb5aaf-8376-4a79-80c3-271feeff1274" name="ptolemy.domains.de.test.junit.JUnitTclTest" skipped="0" tests="101" time="128.921" timestamp="2018-07-30T01:47:27">
  <properties>
[...]
</properties>
  <testcase classname="ptolemy.util.test.junit.TclTests" name="[0] /home/travis/build/icyphy/ptII/ptolemy/domains/de/test/DependencyLoop.tcl (RunTclFile)" time="0.693" />
  <testcase classname="ptolemy.util.test.junit.TclTests" name="[1] /home/travis/build/icyphy/ptII/ptolemy/domains/de/test/RunDETestsAsQSS.tcl (RunTclFile)" time="88.941" />
  <testcase classname="ptolemy.util.test.junit.AutoKnownFailedTests" name="[0] /home/travis/build/icyphy/ptII/ptolemy/domains/de/test/auto/knownFailedTests/DESDFClockTest.xml (RunModel)" time="2.032" />
  <testcase classname="ptolemy.util.test.junit.AutoKnownFailedTests" name="[1] /home/travis/build/icyphy/ptII/ptolemy/domains/de/test/auto/knownFailedTests/DirectFeedback.xml (RunModel)" time="0.011" />
  <testcase classname="ptolemy.util.test.junit.AutoKnownFailedTests" name="[2] /home/travis/build/icyphy/ptII/ptolemy/domains/de/test/auto/knownFailedTests/FSMSource.xml (RunModel)" time="0.021" />
  <testcase classname="ptolemy.util.test.junit.AutoKnownFailedTests" name="[3] /home/travis/build/icyphy/ptII/ptolemy/domains/de/test/auto/knownFailedTests/HierarchicalModel.xml (RunModel)" time="0.027" />
  <testcase classname="ptolemy.util.test.junit.AutoKnownFailedTests" name="[4] /home/travis/build/icyphy/ptII/ptolemy/domains/de/test/auto/knownFailedTests/dependencyLoop.xml (RunModel)" time="0.037" />
  <testcase classname="ptolemy.util.test.junit.AutoKnownFailedTests" name="[5] /home/travis/build/icyphy/ptII/ptolemy/domains/de/test/auto/knownFailedTests/dependencyLoop2.xml (RunModel)" time="0.04" />
  <testcase classname="ptolemy.util.test.junit.AutoNameArchTests" name="[0] ThereAreNoAutoArchTests (RunModel)" time="0.001" />
  <testcase classname="ptolemy.util.test.junit.AutoTests" name="[0] /home/travis/build/icyphy/ptII/ptolemy/domains/de/test/auto/ActorDepthCalculation_actorWithoutPorts.xml (RunModel)" time="0.017" />
  <testcase classname="ptolemy.util.test.junit.AutoTests" name="[1] /home/travis/build/icyphy/ptII/ptolemy/domains/de/test/auto/AssemblyLine.xml (RunModel)" time="0.014" />
  <testcase classname="ptolemy.util.test.junit.AutoTests" name="[2] /home/travis/build/icyphy/ptII/ptolemy/domains/de/test/auto/CQBug1.xml (RunModel)" time="0.012" />
  <testcase classname="ptolemy.util.test.junit.AutoTests" name="[3] /home/travis/build/icyphy/ptII/ptolemy/domains/de/test/auto/CancelFireAt.xml (RunModel)" time="0.009" />
  <testcase classname="ptolemy.util.test.junit.AutoTests" name="[4] /home/travis/build/icyphy/ptII/ptolemy/domains/de/test/auto/CausalityAndComposabilityAnalysis.xml (RunModel)" time="0.017" />
  <testcase classname="ptolemy.util.test.junit.AutoTests" name="[5] /home/travis/build/icyphy/ptII/ptolemy/domains/de/test/auto/CausalityInterface1.xml (RunModel)" time="0.011" />
  <testcase classname="ptolemy.util.test.junit.AutoTests" name="[6] /home/travis/build/icyphy/ptII/ptolemy/domains/de/test/auto/CausalityInterface15.xml (RunModel)" time="0.024" />
  <testcase classname="ptolemy.util.test.junit.AutoTests" name="[7] /home/travis/build/icyphy/ptII/ptolemy/domains/de/test/auto/CausalityInterface2.xml (RunModel)" time="0.01" />
  <testcase classname="ptolemy.util.test.junit.AutoTests" name="[8] /home/travis/build/icyphy/ptII/ptolemy/domains/de/test/auto/CausalityInterface3.xml (RunModel)" time="0.01" />
  <testcase classname="ptolemy.util.test.junit.AutoTests" name="[9] /home/travis/build/icyphy/ptII/ptolemy/domains/de/test/auto/ClockDrift.xml (RunModel)" time="0.034" />
  <testcase classname="ptolemy.util.test.junit.AutoTests" name="[10] /home/travis/build/icyphy/ptII/ptolemy/domains/de/test/auto/ClockDriftAndValueChange.xml (RunModel)" time="0.023" />
  <testcase classname="ptolemy.util.test.junit.AutoTests" name="[11] /home/travis/build/icyphy/ptII/ptolemy/domains/de/test/auto/ClockDriftChange.xml (RunModel)" time="0.022" />
  <testcase classname="ptolemy.util.test.junit.AutoTests" name="[12] /home/travis/build/icyphy/ptII/ptolemy/domains/de/test/auto/ComposableCausalityAnalysis.xml (RunModel)" time="0.015" />
  <testcase classname="ptolemy.util.test.junit.AutoTests" name="[13] /home/travis/build/icyphy/ptII/ptolemy/domains/de/test/auto/DEFixedPointLimitation.xml (RunModel)" time="0.009" />
  <testcase classname="ptolemy.util.test.junit.AutoTests" name="[14] /home/travis/build/icyphy/ptII/ptolemy/domains/de/test/auto/DEScheduleTest.xml (RunModel)" time="0.011" />
  <testcase classname="ptolemy.util.test.junit.AutoTests" name="[15] /home/travis/build/icyphy/ptII/ptolemy/domains/de/test/auto/DEinDEwithStartTimes.xml (RunModel)" time="0.015" />
  <testcase classname="ptolemy.util.test.junit.AutoTests" name="[16] /home/travis/build/icyphy/ptII/ptolemy/domains/de/test/auto/DEinDEwithStartTimes2.xml (RunModel)" time="0.023" />
  <testcase classname="ptolemy.util.test.junit.AutoTests" name="[17] /home/travis/build/icyphy/ptII/ptolemy/domains/de/test/auto/DateDemo.xml (RunModel)" time="0.026" />
  <testcase classname="ptolemy.util.test.junit.AutoTests" name="[18] /home/travis/build/icyphy/ptII/ptolemy/domains/de/test/auto/DateToEvent.xml (RunModel)" time="2.036" />
  <testcase classname="ptolemy.util.test.junit.AutoTests" name="[19] /home/travis/build/icyphy/ptII/ptolemy/domains/de/test/auto/DepthTest1.xml (RunModel)" time="0.012" />
  <testcase classname="ptolemy.util.test.junit.AutoTests" name="[20] /home/travis/build/icyphy/ptII/ptolemy/domains/de/test/auto/DepthTest2.xml (RunModel)" time="0.019" />
  <testcase classname="ptolemy.util.test.junit.AutoTests" name="[21] /home/travis/build/icyphy/ptII/ptolemy/domains/de/test/auto/DepthTest3.xml (RunModel)" time="0.007" />
  <testcase classname="ptolemy.util.test.junit.AutoTests" name="[22] /home/travis/build/icyphy/ptII/ptolemy/domains/de/test/auto/DepthTest4.xml (RunModel)" time="0.011" />
  <testcase classname="ptolemy.util.test.junit.AutoTests" name="[23] /home/travis/build/icyphy/ptII/ptolemy/domains/de/test/auto/DepthTest5.xml (RunModel)" time="0.012" />
  <testcase classname="ptolemy.util.test.junit.AutoTests" name="[24] /home/travis/build/icyphy/ptII/ptolemy/domains/de/test/auto/DepthTest6.xml (RunModel)" time="0.013" />
  <testcase classname="ptolemy.util.test.junit.AutoTests" name="[25] /home/travis/build/icyphy/ptII/ptolemy/domains/de/test/auto/DepthTest7.xml (RunModel)" time="0.025" />
  <testcase classname="ptolemy.util.test.junit.AutoTests" name="[26] /home/travis/build/icyphy/ptII/ptolemy/domains/de/test/auto/EventToDate.xml (RunModel)" time="3.033" />
  <testcase classname="ptolemy.util.test.junit.AutoTests" name="[27] /home/travis/build/icyphy/ptII/ptolemy/domains/de/test/auto/FSM1.xml (RunModel)" time="0.039" />
  <testcase classname="ptolemy.util.test.junit.AutoTests" name="[28] /home/travis/build/icyphy/ptII/ptolemy/domains/de/test/auto/FSM7.xml (RunModel)" time="0.028" />
  <testcase classname="ptolemy.util.test.junit.AutoTests" name="[29] /home/travis/build/icyphy/ptII/ptolemy/domains/de/test/auto/Inspection.xml (RunModel)" time="0.034" />
  <testcase classname="ptolemy.util.test.junit.AutoTests" name="[30] /home/travis/build/icyphy/ptII/ptolemy/domains/de/test/auto/Iteration.xml (RunModel)" time="0.017" />
  <testcase classname="ptolemy.util.test.junit.AutoTests" name="[31] /home/travis/build/icyphy/ptII/ptolemy/domains/de/test/auto/LineFault.xml (RunModel)" time="0.539" />
  <testcase classname="ptolemy.util.test.junit.AutoTests" name="[32] /home/travis/build/icyphy/ptII/ptolemy/domains/de/test/auto/MergeModel1Add.xml (RunModel)" time="0.044" />
  <testcase classname="ptolemy.util.test.junit.AutoTests" name="[33] /home/travis/build/icyphy/ptII/ptolemy/domains/de/test/auto/MergeModel2Add.xml (RunModel)" time="0.034" />
  <testcase classname="ptolemy.util.test.junit.AutoTests" name="[34] /home/travis/build/icyphy/ptII/ptolemy/domains/de/test/auto/MergeModel3Add.xml (RunModel)" time="0.047" />
  <testcase classname="ptolemy.util.test.junit.AutoTests" name="[35] /home/travis/build/icyphy/ptII/ptolemy/domains/de/test/auto/MergeWithoutDiscard.xml (RunModel)" time="0.016" />
  <testcase classname="ptolemy.util.test.junit.AutoTests" name="[36] /home/travis/build/icyphy/ptII/ptolemy/domains/de/test/auto/Modal1.xml (RunModel)" time="0.03" />
  <testcase classname="ptolemy.util.test.junit.AutoTests" name="[37] /home/travis/build/icyphy/ptII/ptolemy/domains/de/test/auto/Modal2.xml (RunModel)" time="0.027" />
  <testcase classname="ptolemy.util.test.junit.AutoTests" name="[38] /home/travis/build/icyphy/ptII/ptolemy/domains/de/test/auto/Modal3.xml (RunModel)" time="0.025" />
  <testcase classname="ptolemy.util.test.junit.AutoTests" name="[39] /home/travis/build/icyphy/ptII/ptolemy/domains/de/test/auto/Modal4.xml (RunModel)" time="0.031" />
  <testcase classname="ptolemy.util.test.junit.AutoTests" name="[40] /home/travis/build/icyphy/ptII/ptolemy/domains/de/test/auto/Modal5.xml (RunModel)" time="0.027" />
  <testcase classname="ptolemy.util.test.junit.AutoTests" name="[41] /home/travis/build/icyphy/ptII/ptolemy/domains/de/test/auto/Modal6.xml (RunModel)" time="0.027" />
  <testcase classname="ptolemy.util.test.junit.AutoTests" name="[42] /home/travis/build/icyphy/ptII/ptolemy/domains/de/test/auto/Modal7.xml (RunModel)" time="0.026" />
  <testcase classname="ptolemy.util.test.junit.AutoTests" name="[43] /home/travis/build/icyphy/ptII/ptolemy/domains/de/test/auto/ModalModel.xml (RunModel)" time="0.149" />
  <testcase classname="ptolemy.util.test.junit.AutoTests" name="[44] /home/travis/build/icyphy/ptII/ptolemy/domains/de/test/auto/ModalSource.xml (RunModel)" time="0.018" />
  <testcase classname="ptolemy.util.test.junit.AutoTests" name="[45] /home/travis/build/icyphy/ptII/ptolemy/domains/de/test/auto/NonInterruptibleTimerZeroDelay.xml (RunModel)" time="0.009" />
  <testcase classname="ptolemy.util.test.junit.AutoTests" name="[46] /home/travis/build/icyphy/ptII/ptolemy/domains/de/test/auto/OpenQueueingNetwork.xml (RunModel)" time="2.307" />
  <testcase classname="ptolemy.util.test.junit.AutoTests" name="[47] /home/travis/build/icyphy/ptII/ptolemy/domains/de/test/auto/OpenQueuingNetwork.xml (RunModel)" time="0.267" />
  <testcase classname="ptolemy.util.test.junit.AutoTests" name="[48] /home/travis/build/icyphy/ptII/ptolemy/domains/de/test/auto/PeriodicSampler.xml (RunModel)" time="0.007" />
  <testcase classname="ptolemy.util.test.junit.AutoTests" name="[49] /home/travis/build/icyphy/ptII/ptolemy/domains/de/test/auto/PersistentIO.xml (RunModel)" time="0.021" />
  <testcase classname="ptolemy.util.test.junit.AutoTests" name="[50] /home/travis/build/icyphy/ptII/ptolemy/domains/de/test/auto/PortParameterResetOnInitialize.xml (RunModel)" time="0.01" />
  <testcase classname="ptolemy.util.test.junit.AutoTests" name="[51] /home/travis/build/icyphy/ptII/ptolemy/domains/de/test/auto/PortParameterUpdates.xml (RunModel)" time="0.013" />
  <testcase classname="ptolemy.util.test.junit.AutoTests" name="[52] /home/travis/build/icyphy/ptII/ptolemy/domains/de/test/auto/QueueAndServer.xml (RunModel)" time="0.021" />
  <testcase classname="ptolemy.util.test.junit.AutoTests" name="[53] /home/travis/build/icyphy/ptII/ptolemy/domains/de/test/auto/Records.xml (RunModel)" time="0.01" />
  <testcase classname="ptolemy.util.test.junit.AutoTests" name="[54] /home/travis/build/icyphy/ptII/ptolemy/domains/de/test/auto/ResetTransitionWithStartTime1.xml (RunModel)" time="0.016" />
  <testcase classname="ptolemy.util.test.junit.AutoTests" name="[55] /home/travis/build/icyphy/ptII/ptolemy/domains/de/test/auto/ResetTransitionWithStartTime2.xml (RunModel)" time="0.017" />
  <testcase classname="ptolemy.util.test.junit.AutoTests" name="[56] /home/travis/build/icyphy/ptII/ptolemy/domains/de/test/auto/ResetTransitionWithStartTime3.xml (RunModel)" time="0.015" />
  <testcase classname="ptolemy.util.test.junit.AutoTests" name="[57] /home/travis/build/icyphy/ptII/ptolemy/domains/de/test/auto/ResetTransitionWithStartTime4.xml (RunModel)" time="0.015" />
  <testcase classname="ptolemy.util.test.junit.AutoTests" name="[58] /home/travis/build/icyphy/ptII/ptolemy/domains/de/test/auto/ResettableTimer1.xml (RunModel)" time="0.01" />
  <testcase classname="ptolemy.util.test.junit.AutoTests" name="[59] /home/travis/build/icyphy/ptII/ptolemy/domains/de/test/auto/ResettableTimer2.xml (RunModel)" time="0.009" />
  <testcase classname="ptolemy.util.test.junit.AutoTests" name="[60] /home/travis/build/icyphy/ptII/ptolemy/domains/de/test/auto/ResettableTimer3.xml (RunModel)" time="0.008" />
  <testcase classname="ptolemy.util.test.junit.AutoTests" name="[61] /home/travis/build/icyphy/ptII/ptolemy/domains/de/test/auto/ResettableTimer4.xml (RunModel)" time="0.007" />
  <testcase classname="ptolemy.util.test.junit.AutoTests" name="[62] /home/travis/build/icyphy/ptII/ptolemy/domains/de/test/auto/ResettableTimer5.xml (RunModel)" time="0.009" />
  <testcase classname="ptolemy.util.test.junit.AutoTests" name="[63] /home/travis/build/icyphy/ptII/ptolemy/domains/de/test/auto/ResettableTimer6.xml (RunModel)" time="0.009" />
  <testcase classname="ptolemy.util.test.junit.AutoTests" name="[64] /home/travis/build/icyphy/ptII/ptolemy/domains/de/test/auto/ServerZeroDelay.xml (RunModel)" time="0.008" />
  <testcase classname="ptolemy.util.test.junit.AutoTests" name="[65] /home/travis/build/icyphy/ptII/ptolemy/domains/de/test/auto/SmartSender.xml (RunModel)" time="3.008" />
  <testcase classname="ptolemy.util.test.junit.AutoTests" name="[66] /home/travis/build/icyphy/ptII/ptolemy/domains/de/test/auto/ThreadedComposite.xml (RunModel)" time="0.104" />
  <testcase classname="ptolemy.util.test.junit.AutoTests" name="[67] /home/travis/build/icyphy/ptII/ptolemy/domains/de/test/auto/Time.xml (RunModel)" time="0.443" />
  <testcase classname="ptolemy.util.test.junit.AutoTests" name="[68] /home/travis/build/icyphy/ptII/ptolemy/domains/de/test/auto/TimeDelayZeroDelay.xml (RunModel)" time="0.009" />
  <testcase classname="ptolemy.util.test.junit.AutoTests" name="[69] /home/travis/build/icyphy/ptII/ptolemy/domains/de/test/auto/TimerZeroDelay.xml (RunModel)" time="0.008" />
  <testcase classname="ptolemy.util.test.junit.AutoTests" name="[70] /home/travis/build/icyphy/ptII/ptolemy/domains/de/test/auto/TimingParadox.xml (RunModel)" time="0.348" />
  <testcase classname="ptolemy.util.test.junit.AutoTests" name="[71] /home/travis/build/icyphy/ptII/ptolemy/domains/de/test/auto/TransferInputs.xml (RunModel)" time="0.015" />
  <testcase classname="ptolemy.util.test.junit.AutoTests" name="[72] /home/travis/build/icyphy/ptII/ptolemy/domains/de/test/auto/TransferOutputs2.xml (RunModel)" time="0.018" />
  <testcase classname="ptolemy.util.test.junit.AutoTests" name="[73] /home/travis/build/icyphy/ptII/ptolemy/domains/de/test/auto/Trilateration.xml (RunModel)" time="11.283" />
  <testcase classname="ptolemy.util.test.junit.AutoTests" name="[74] /home/travis/build/icyphy/ptII/ptolemy/domains/de/test/auto/TwoSigmaDelta.xml (RunModel)" time="1.993" />
  <testcase classname="ptolemy.util.test.junit.AutoTests" name="[75] /home/travis/build/icyphy/ptII/ptolemy/domains/de/test/auto/VariableDelay.xml (RunModel)" time="0.013" />
  <testcase classname="ptolemy.util.test.junit.AutoTests" name="[76] /home/travis/build/icyphy/ptII/ptolemy/domains/de/test/auto/VariableDelay2.xml (RunModel)" time="0.008" />
  <testcase classname="ptolemy.util.test.junit.AutoTests" name="[77] /home/travis/build/icyphy/ptII/ptolemy/domains/de/test/auto/VariableDelayZeroDelay.xml (RunModel)" time="0.014" />
  <testcase classname="ptolemy.util.test.junit.AutoTests" name="[78] /home/travis/build/icyphy/ptII/ptolemy/domains/de/test/auto/VariableDelayZeroDelay2.xml (RunModel)" time="0.009" />
  <testcase classname="ptolemy.util.test.junit.AutoTests" name="[79] /home/travis/build/icyphy/ptII/ptolemy/domains/de/test/auto/deInCt.xml (RunModel)" time="0.014" />
  <testcase classname="ptolemy.util.test.junit.AutoTests" name="[80] /home/travis/build/icyphy/ptII/ptolemy/domains/de/test/auto/deInCt2.xml (RunModel)" time="0.014" />
  <testcase classname="ptolemy.util.test.junit.AutoTests" name="[81] /home/travis/build/icyphy/ptII/ptolemy/domains/de/test/auto/dynamicCausalityInterface1.xml (RunModel)" time="0.016" />
  <testcase classname="ptolemy.util.test.junit.AutoTests" name="[82] /home/travis/build/icyphy/ptII/ptolemy/domains/de/test/auto/fsm_de_test.xml (RunModel)" time="0.023" />
  <testcase classname="ptolemy.util.test.junit.AutoTests" name="[83] /home/travis/build/icyphy/ptII/ptolemy/domains/de/test/auto/functionDependencyReconstruction.xml (RunModel)" time="0.034" />
  <testcase classname="ptolemy.util.test.junit.AutoTests" name="[84] /home/travis/build/icyphy/ptII/ptolemy/domains/de/test/auto/multirate.xml (RunModel)" time="0.014" />
  <testcase classname="ptolemy.util.test.junit.AutoTests" name="[85] /home/travis/build/icyphy/ptII/ptolemy/domains/de/test/auto/multirate2.xml (RunModel)" time="0.014" />
  <testcase classname="ptolemy.util.test.junit.AutoTests" name="[86] /home/travis/build/icyphy/ptII/ptolemy/domains/de/test/auto/realtime.xml (RunModel)" time="10.009" />
  <testcase classname="ptolemy.util.test.junit.AutoTests" name="[87] /home/travis/build/icyphy/ptII/ptolemy/domains/de/test/auto/relationGroup.xml (RunModel)" time="0.007" />
  <testcase classname="ptolemy.util.test.junit.AutoTests" name="[88] /home/travis/build/icyphy/ptII/ptolemy/domains/de/test/auto/relationGroup2.xml (RunModel)" time="0.006" />
  <testcase classname="ptolemy.util.test.junit.AutoTests" name="[89] /home/travis/build/icyphy/ptII/ptolemy/domains/de/test/auto/sortWithOpaquePorts.xml (RunModel)" time="0.007" />
  <testcase classname="ptolemy.util.test.junit.AutoTests" name="[90] /home/travis/build/icyphy/ptII/ptolemy/domains/de/test/auto/transferInputsandOutputs.xml (RunModel)" time="0.013" />
  <testcase classname="ptolemy.util.test.junit.AutoTests" name="[91] /home/travis/build/icyphy/ptII/ptolemy/domains/de/test/auto/triggerType.xml (RunModel)" time="0.008" />
  <system-out><![CDATA[/home/travis/build/icyphy/ptII/ptolemy/domains/de/test/DependencyLoop.tcl
testDefs.tcl: setting time out to 9000 seconds at Mon Jul 30 01:47:28 UTC 2018
13 ms. Memory: 116224K Free: 93929K (81%)
6 ms. Memory: 146944K Free: 135017K (92%)
/home/travis/build/icyphy/ptII/ptolemy/domains/de/test/RunDETestsAsQSS.tcl
Run the DE tests using ptolemy.domains.qss.test.QSSDirectorTest, which extends QSSDirector and prints a message in the constructors.
------------------ testing $PTII/ptolemy/domains/de/test/auto/knownFailedTests/dependencyLoop.xml (Known Failure) 
6 ms. Memory: 146944K Free: 131904K (90%)


==== $PTIIhome/travis/build/icyphy/ptII/ptolemy/domains/de/test/../../../../: Auto Automatic test in file $PTII/ptolemy/domains/de/test/auto/knownFailedTests/dependencyLoop.xml
==== Contents of test case:

	    # FIXME: we should use $relativeFilename here, but it
	    # might have backslashes under Windows, which causes no end
	    # of trouble.
	    createAndExecute $file
	    list {}
	
.... Test generated KNOWN error:
    while executing
ptolemy.kernel.util.IllegalActionException: Found a zero delay loop containing .dependencyLoop.original
  in .dependencyLoop and .dependencyLoop.original
	at ptolemy.actor.util.CausalityInterfaceForComposites._computeOutputPortDepth(CausalityInterfaceForComposites.java:759)
	at ptolemy.actor.util.CausalityInterfaceForComposites._computeInputDepth(CausalityInterfaceForComposites.java:696)
	at ptolemy.actor.util.CausalityInterfaceForComposites._computeOutputPortDepth(CausalityInterfaceForComposites.java:765)
	at ptolemy.actor.util.CausalityInterfaceForComposites._computeInputDepth(CausalityInterfaceForComposites.java:696)
	at ptolemy.actor.util.CausalityInterfaceForComposites._computeOutputPortDepth(CausalityInterfaceForComposites.java:765)
	at ptolemy.actor.util.CausalityInterfaceForComposites._computeInputDepth(CausalityInterfaceForComposites.java:696)
	at ptolemy.actor.util.CausalityInterfaceForComposites._computeActorDepth(CausalityInterfaceForComposites.java:532)
	at ptolemy.actor.util.CausalityInterfaceForComposites.checkForCycles(CausalityInterfaceForComposites.java:96)
	at ptolemy.domains.de.kernel.DEDirector.preinitialize(DEDirector.java:1338)
	at ptolemy.actor.CompositeActor.preinitialize(CompositeActor.java:1828)
	at ptolemy.actor.Manager.preinitializeAndResolveTypes(Manager.java:1040)
	at ptolemy.actor.Manager.initialize(Manager.java:710)
	at ptolemy.actor.Manager.execute(Manager.java:356)
	at ptolemy.actor.Manager.run(Manager.java:1263)
	at ptolemy.actor.Manager$PtolemyRunThread.run(Manager.java:1915)

    while executing
ptolemy.kernel.util.IllegalActionException: Found a zero delay loop containing .dependencyLoop.original
  in .dependencyLoop and .dependencyLoop.original
    while executing
"java::new ptolemy.moml.MoMLSimpleApplication $file
"
    (procedure "createAndExecute" line 2)
    invoked from within
"createAndExecute $file"
    ("uplevel" body line 5)
    invoked from within
"uplevel $contents_of_test"
------------------ testing $PTII/ptolemy/domains/de/test/auto/knownFailedTests/DESDFClockTest.xml (Known Failure) 
2053 ms. Memory: 146944K Free: 116404K (79%)


==== $PTIIhome/travis/build/icyphy/ptII/ptolemy/domains/de/test/../../../../: Auto Automatic test in file $PTII/ptolemy/domains/de/test/auto/knownFailedTests/DESDFClockTest.xml
==== Contents of test case:

	    # FIXME: we should use $relativeFilename here, but it
	    # might have backslashes under Windows, which causes no end
	    # of trouble.
	    createAndExecute $file
	    list {}
	
.... Test generated KNOWN error:
    while executing
ptolemy.kernel.util.IllegalActionException: Actor is not ready to fire.  Perhaps UpSample.prefire() returned false? Try debugging the actor by selecting "Listen to Actor".  Also, for SDF check moml for tokenConsumptionRate on input.
  in .DESDFClockTest.Play Bell.Copy1:SDF Director and .DESDFClockTest.Play Bell.UpSample
	at ptolemy.actor.sched.StaticSchedulingDirector.fire(StaticSchedulingDirector.java:227)
	at ptolemy.domains.sdf.kernel.SDFDirector.fire(SDFDirector.java:500)
	at ptolemy.actor.CompositeActor.fire(CompositeActor.java:455)
	at ptolemy.domains.de.kernel.DEDirector._fire(DEDirector.java:1949)
	at ptolemy.domains.de.kernel.DEDirector.fire(DEDirector.java:502)
	at ptolemy.actor.CompositeActor.fire(CompositeActor.java:455)
	at ptolemy.actor.Manager.iterate(Manager.java:851)
	at ptolemy.actor.Manager.execute(Manager.java:369)
	at ptolemy.actor.Manager.run(Manager.java:1263)
	at ptolemy.actor.Manager$PtolemyRunThread.run(Manager.java:1915)

    while executing
ptolemy.kernel.util.IllegalActionException: Actor is not ready to fire.  Perhaps UpSample.prefire() returned false? Try debugging the actor by selecting "Listen to Actor".  Also, for SDF check moml for tokenConsumptionRate on input.
  in .DESDFClockTest.Play Bell.Copy1:SDF Director and .DESDFClockTest.Play Bell.UpSample
    while executing
"java::new ptolemy.moml.MoMLSimpleApplication $file
"
    (procedure "createAndExecute" line 2)
    invoked from within
"createAndExecute $file"
    ("uplevel" body line 5)
    invoked from within
"uplevel $contents_of_test"
------------------ testing $PTII/ptolemy/domains/de/test/auto/knownFailedTests/FSMSource.xml (Known Failure) 
32 ms. Memory: 146944K Free: 107379K (73%)
!!!! Auto was marked as failing, but now passes
------------------ testing $PTII/ptolemy/domains/de/test/auto/knownFailedTests/dependencyLoop2.xml (Known Failure) 
8 ms. Memory: 146944K Free: 105496K (72%)


==== $PTIIhome/travis/build/icyphy/ptII/ptolemy/domains/de/test/../../../../: Auto Automatic test in file $PTII/ptolemy/domains/de/test/auto/knownFailedTests/dependencyLoop2.xml
==== Contents of test case:

	    # FIXME: we should use $relativeFilename here, but it
	    # might have backslashes under Windows, which causes no end
	    # of trouble.
	    createAndExecute $file
	    list {}
	
.... Test generated KNOWN error:
    while executing
ptolemy.kernel.util.IllegalActionException: Found a zero delay loop containing .dependencyLoop2.original
  in .dependencyLoop2 and .dependencyLoop2.original
	at ptolemy.actor.util.CausalityInterfaceForComposites._computeOutputPortDepth(CausalityInterfaceForComposites.java:759)
	at ptolemy.actor.util.CausalityInterfaceForComposites._computeInputDepth(CausalityInterfaceForComposites.java:696)
	at ptolemy.actor.util.CausalityInterfaceForComposites._computeOutputPortDepth(CausalityInterfaceForComposites.java:765)
	at ptolemy.actor.util.CausalityInterfaceForComposites._computeInputDepth(CausalityInterfaceForComposites.java:696)
	at ptolemy.actor.util.CausalityInterfaceForComposites._computeOutputPortDepth(CausalityInterfaceForComposites.java:765)
	at ptolemy.actor.util.CausalityInterfaceForComposites._computeInputDepth(CausalityInterfaceForComposites.java:696)
	at ptolemy.actor.util.CausalityInterfaceForComposites._computeActorDepth(CausalityInterfaceForComposites.java:532)
	at ptolemy.actor.util.CausalityInterfaceForComposites.checkForCycles(CausalityInterfaceForComposites.java:96)
	at ptolemy.domains.de.kernel.DEDirector.preinitialize(DEDirector.java:1338)
	at ptolemy.actor.CompositeActor.preinitialize(CompositeActor.java:1828)
	at ptolemy.actor.Manager.preinitializeAndResolveTypes(Manager.java:1040)
	at ptolemy.actor.Manager.initialize(Manager.java:710)
	at ptolemy.actor.Manager.execute(Manager.java:356)
	at ptolemy.actor.Manager.run(Manager.java:1263)
	at ptolemy.actor.Manager$PtolemyRunThread.run(Manager.java:1915)

    while executing
ptolemy.kernel.util.IllegalActionException: Found a zero delay loop containing .dependencyLoop2.original
  in .dependencyLoop2 and .dependencyLoop2.original
    while executing
"java::new ptolemy.moml.MoMLSimpleApplication $file
"
    (procedure "createAndExecute" line 2)
    invoked from within
"createAndExecute $file"
    ("uplevel" body line 5)
    invoked from within
"uplevel $contents_of_test"
------------------ testing $PTII/ptolemy/domains/de/test/auto/knownFailedTests/HierarchicalModel.xml (Known Failure) 
16 ms. Memory: 146944K Free: 84787K (58%)


==== $PTIIhome/travis/build/icyphy/ptII/ptolemy/domains/de/test/../../../../: Auto Automatic test in file $PTII/ptolemy/domains/de/test/auto/knownFailedTests/HierarchicalModel.xml
==== Contents of test case:

	    # FIXME: we should use $relativeFilename here, but it
	    # might have backslashes under Windows, which causes no end
	    # of trouble.
	    createAndExecute $file
	    list {}
	
.... Test generated KNOWN error:
    while executing
ptolemy.kernel.util.IllegalActionException: Found a zero delay loop containing .HierarchicalModel.A
  in .HierarchicalModel and .HierarchicalModel.A
	at ptolemy.actor.util.CausalityInterfaceForComposites._computeOutputPortDepth(CausalityInterfaceForComposites.java:759)
	at ptolemy.actor.util.CausalityInterfaceForComposites._computeInputDepth(CausalityInterfaceForComposites.java:696)
	at ptolemy.actor.util.CausalityInterfaceForComposites._computeOutputPortDepth(CausalityInterfaceForComposites.java:765)
	at ptolemy.actor.util.CausalityInterfaceForComposites._computeInputDepth(CausalityInterfaceForComposites.java:696)
	at ptolemy.actor.util.CausalityInterfaceForComposites._computeOutputPortDepth(CausalityInterfaceForComposites.java:765)
	at ptolemy.actor.util.CausalityInterfaceForComposites._computeInputDepth(CausalityInterfaceForComposites.java:696)
	at ptolemy.actor.util.CausalityInterfaceForComposites._computeActorDepth(CausalityInterfaceForComposites.java:532)
	at ptolemy.actor.util.CausalityInterfaceForComposites.checkForCycles(CausalityInterfaceForComposites.java:96)
	at ptolemy.domains.de.kernel.DEDirector.preinitialize(DEDirector.java:1338)
	at ptolemy.actor.CompositeActor.preinitialize(CompositeActor.java:1828)
	at ptolemy.actor.Manager.preinitializeAndResolveTypes(Manager.java:1040)
	at ptolemy.actor.Manager.initialize(Manager.java:710)
	at ptolemy.actor.Manager.execute(Manager.java:356)
	at ptolemy.actor.Manager.run(Manager.java:1263)
	at ptolemy.actor.Manager$PtolemyRunThread.run(Manager.java:1915)

    while executing
ptolemy.kernel.util.IllegalActionException: Found a zero delay loop containing .HierarchicalModel.A
  in .HierarchicalModel and .HierarchicalModel.A
    while executing
"java::new ptolemy.moml.MoMLSimpleApplication $file
"
    (procedure "createAndExecute" line 2)
    invoked from within
"createAndExecute $file"
    ("uplevel" body line 5)
    invoked from within
"uplevel $contents_of_test"
------------------ testing $PTII/ptolemy/domains/de/test/auto/knownFailedTests/DirectFeedback.xml (Known Failure) 
4 ms. Memory: 146944K Free: 141132K (96%)


==== $PTIIhome/travis/build/icyphy/ptII/ptolemy/domains/de/test/../../../../: Auto Automatic test in file $PTII/ptolemy/domains/de/test/auto/knownFailedTests/DirectFeedback.xml
==== Contents of test case:

	    # FIXME: we should use $relativeFilename here, but it
	    # might have backslashes under Windows, which causes no end
	    # of trouble.
	    createAndExecute $file
	    list {}
	
.... Test generated KNOWN error:
    while executing
ptolemy.kernel.util.IllegalActionException: Test fails in iteration 1.
Value was: 1.0. Should have been: 2.0
  in .DirectFeedback.Test
	at ptolemy.actor.lib.Test.fire(Test.java:268)
	at ptolemy.domains.de.kernel.DEDirector._fire(DEDirector.java:1949)
	at ptolemy.domains.de.kernel.DEDirector.fire(DEDirector.java:502)
	at ptolemy.actor.CompositeActor.fire(CompositeActor.java:455)
	at ptolemy.actor.Manager.iterate(Manager.java:851)
	at ptolemy.actor.Manager.execute(Manager.java:369)
	at ptolemy.actor.Manager.run(Manager.java:1263)
	at ptolemy.actor.Manager$PtolemyRunThread.run(Manager.java:1915)

    while executing
ptolemy.kernel.util.IllegalActionException: Test fails in iteration 1.
Value was: 1.0. Should have been: 2.0
  in .DirectFeedback.Test
    while executing
"java::new ptolemy.moml.MoMLSimpleApplication $file
"
    (procedure "createAndExecute" line 2)
    invoked from within
"createAndExecute $file"
    ("uplevel" body line 5)
    invoked from within
"uplevel $contents_of_test"
------------------ testing $PTII/ptolemy/domains/de/test/auto/ActorDepthCalculation_actorWithoutPorts.xml
auto.tcl: Setting watchdog for 200 seconds at Mon Jul 30 01:47:31 UTC 2018
4 ms. Memory: 146944K Free: 133437K (91%)
ptolemy.util.test.WatchDog.cancel(): canceling Mon Jul 30 01:47:31 UTC 2018
auto.tcl: Setting watchdog for 200 seconds at Mon Jul 30 01:47:31 UTC 2018
5 ms. Memory: 146944K Free: 131342K (89%)
ptolemy.util.test.WatchDog.cancel(): canceling Mon Jul 30 01:47:31 UTC 2018
------------------ testing $PTII/ptolemy/domains/de/test/auto/AssemblyLine.xml
auto.tcl: Setting watchdog for 200 seconds at Mon Jul 30 01:47:31 UTC 2018
8 ms. Memory: 208384K Free: 182821K (88%)
ptolemy.util.test.WatchDog.cancel(): canceling Mon Jul 30 01:47:31 UTC 2018
auto.tcl: Setting watchdog for 200 seconds at Mon Jul 30 01:47:31 UTC 2018
7 ms. Memory: 208384K Free: 182821K (88%)
ptolemy.util.test.WatchDog.cancel(): canceling Mon Jul 30 01:47:31 UTC 2018
------------------ testing $PTII/ptolemy/domains/de/test/auto/CQBug1.xml
auto.tcl: Setting watchdog for 200 seconds at Mon Jul 30 01:47:31 UTC 2018
4 ms. Memory: 208384K Free: 197711K (95%)
ptolemy.util.test.WatchDog.cancel(): canceling Mon Jul 30 01:47:31 UTC 2018
auto.tcl: Setting watchdog for 200 seconds at Mon Jul 30 01:47:31 UTC 2018
2 ms. Memory: 208384K Free: 197711K (95%)
ptolemy.util.test.WatchDog.cancel(): canceling Mon Jul 30 01:47:31 UTC 2018
------------------ testing $PTII/ptolemy/domains/de/test/auto/CancelFireAt.xml
auto.tcl: Setting watchdog for 200 seconds at Mon Jul 30 01:47:31 UTC 2018
4 ms. Memory: 208384K Free: 201440K (97%)
ptolemy.util.test.WatchDog.cancel(): canceling Mon Jul 30 01:47:31 UTC 2018
auto.tcl: Setting watchdog for 200 seconds at Mon Jul 30 01:47:31 UTC 2018
4 ms. Memory: 208384K Free: 199332K (96%)
ptolemy.util.test.WatchDog.cancel(): canceling Mon Jul 30 01:47:31 UTC 2018
------------------ testing $PTII/ptolemy/domains/de/test/auto/CausalityAndComposabilityAnalysis.xml
auto.tcl: Setting watchdog for 200 seconds at Mon Jul 30 01:47:31 UTC 2018
15 ms. Memory: 208384K Free: 196483K (94%)
ptolemy.util.test.WatchDog.cancel(): canceling Mon Jul 30 01:47:32 UTC 2018
auto.tcl: Setting watchdog for 200 seconds at Mon Jul 30 01:47:32 UTC 2018
10 ms. Memory: 208384K Free: 196483K (94%)
ptolemy.util.test.WatchDog.cancel(): canceling Mon Jul 30 01:47:32 UTC 2018
------------------ testing $PTII/ptolemy/domains/de/test/auto/CausalityInterface1.xml
auto.tcl: Setting watchdog for 200 seconds at Mon Jul 30 01:47:32 UTC 2018
21 ms. Memory: 208384K Free: 196420K (94%)
ptolemy.util.test.WatchDog.cancel(): canceling Mon Jul 30 01:47:32 UTC 2018
auto.tcl: Setting watchdog for 200 seconds at Mon Jul 30 01:47:32 UTC 2018
5 ms. Memory: 208384K Free: 196420K (94%)
ptolemy.util.test.WatchDog.cancel(): canceling Mon Jul 30 01:47:32 UTC 2018
------------------ testing $PTII/ptolemy/domains/de/test/auto/CausalityInterface15.xml
auto.tcl: Setting watchdog for 200 seconds at Mon Jul 30 01:47:32 UTC 2018
19 ms. Memory: 208384K Free: 196410K (94%)
ptolemy.util.test.WatchDog.cancel(): canceling Mon Jul 30 01:47:32 UTC 2018
auto.tcl: Setting watchdog for 200 seconds at Mon Jul 30 01:47:32 UTC 2018
4 ms. Memory: 208384K Free: 196410K (94%)
ptolemy.util.test.WatchDog.cancel(): canceling Mon Jul 30 01:47:32 UTC 2018
------------------ testing $PTII/ptolemy/domains/de/test/auto/CausalityInterface2.xml
auto.tcl: Setting watchdog for 200 seconds at Mon Jul 30 01:47:32 UTC 2018
7 ms. Memory: 208384K Free: 196391K (94%)
ptolemy.util.test.WatchDog.cancel(): canceling Mon Jul 30 01:47:32 UTC 2018
auto.tcl: Setting watchdog for 200 seconds at Mon Jul 30 01:47:32 UTC 2018
3 ms. Memory: 208384K Free: 196391K (94%)
ptolemy.util.test.WatchDog.cancel(): canceling Mon Jul 30 01:47:32 UTC 2018
------------------ testing $PTII/ptolemy/domains/de/test/auto/CausalityInterface3.xml
auto.tcl: Setting watchdog for 200 seconds at Mon Jul 30 01:47:32 UTC 2018
7 ms. Memory: 208384K Free: 196289K (94%)
ptolemy.util.test.WatchDog.cancel(): canceling Mon Jul 30 01:47:32 UTC 2018
auto.tcl: Setting watchdog for 200 seconds at Mon Jul 30 01:47:32 UTC 2018
7 ms. Memory: 208384K Free: 196289K (94%)
ptolemy.util.test.WatchDog.cancel(): canceling Mon Jul 30 01:47:32 UTC 2018
------------------ testing $PTII/ptolemy/domains/de/test/auto/ClockDrift.xml
auto.tcl: Setting watchdog for 200 seconds at Mon Jul 30 01:47:32 UTC 2018
93 ms. Memory: 208384K Free: 187495K (90%)
ptolemy.util.test.WatchDog.cancel(): canceling Mon Jul 30 01:47:32 UTC 2018
auto.tcl: Setting watchdog for 200 seconds at Mon Jul 30 01:47:32 UTC 2018
58 ms. Memory: 208384K Free: 185386K (89%)
ptolemy.util.test.WatchDog.cancel(): canceling Mon Jul 30 01:47:32 UTC 2018
------------------ testing $PTII/ptolemy/domains/de/test/auto/ClockDriftAndValueChange.xml
auto.tcl: Setting watchdog for 200 seconds at Mon Jul 30 01:47:32 UTC 2018
34 ms. Memory: 208384K Free: 187327K (90%)
ptolemy.util.test.WatchDog.cancel(): canceling Mon Jul 30 01:47:32 UTC 2018
auto.tcl: Setting watchdog for 200 seconds at Mon Jul 30 01:47:32 UTC 2018
25 ms. Memory: 208384K Free: 185219K (89%)
ptolemy.util.test.WatchDog.cancel(): canceling Mon Jul 30 01:47:32 UTC 2018
------------------ testing $PTII/ptolemy/domains/de/test/auto/ClockDriftChange.xml
auto.tcl: Setting watchdog for 200 seconds at Mon Jul 30 01:47:32 UTC 2018
38 ms. Memory: 208384K Free: 190659K (91%)
ptolemy.util.test.WatchDog.cancel(): canceling Mon Jul 30 01:47:33 UTC 2018
auto.tcl: Setting watchdog for 200 seconds at Mon Jul 30 01:47:33 UTC 2018
27 ms. Memory: 208384K Free: 188550K (90%)
ptolemy.util.test.WatchDog.cancel(): canceling Mon Jul 30 01:47:33 UTC 2018
------------------ testing $PTII/ptolemy/domains/de/test/auto/ComposableCausalityAnalysis.xml
auto.tcl: Setting watchdog for 200 seconds at Mon Jul 30 01:47:33 UTC 2018
3 ms. Memory: 208384K Free: 196136K (94%)
ptolemy.util.test.WatchDog.cancel(): canceling Mon Jul 30 01:47:33 UTC 2018
auto.tcl: Setting watchdog for 200 seconds at Mon Jul 30 01:47:33 UTC 2018
1 ms. Memory: 208384K Free: 194027K (93%)
ptolemy.util.test.WatchDog.cancel(): canceling Mon Jul 30 01:47:33 UTC 2018
------------------ testing $PTII/ptolemy/domains/de/test/auto/DEFixedPointLimitation.xml
auto.tcl: Setting watchdog for 200 seconds at Mon Jul 30 01:47:33 UTC 2018
1 ms. Memory: 208384K Free: 196216K (94%)
ptolemy.util.test.WatchDog.cancel(): canceling Mon Jul 30 01:47:33 UTC 2018
auto.tcl: Setting watchdog for 200 seconds at Mon Jul 30 01:47:33 UTC 2018
2 ms. Memory: 208384K Free: 196216K (94%)
ptolemy.util.test.WatchDog.cancel(): canceling Mon Jul 30 01:47:33 UTC 2018
------------------ testing $PTII/ptolemy/domains/de/test/auto/DEScheduleTest.xml
auto.tcl: Setting watchdog for 200 seconds at Mon Jul 30 01:47:33 UTC 2018
7 ms. Memory: 208384K Free: 198360K (95%)
ptolemy.util.test.WatchDog.cancel(): canceling Mon Jul 30 01:47:33 UTC 2018
auto.tcl: Setting watchdog for 200 seconds at Mon Jul 30 01:47:33 UTC 2018
4 ms. Memory: 208384K Free: 196252K (94%)
ptolemy.util.test.WatchDog.cancel(): canceling Mon Jul 30 01:47:33 UTC 2018
------------------ testing $PTII/ptolemy/domains/de/test/auto/DEinDEwithStartTimes.xml
auto.tcl: Setting watchdog for 200 seconds at Mon Jul 30 01:47:33 UTC 2018
8 ms. Memory: 208384K Free: 196222K (94%)
ptolemy.util.test.WatchDog.cancel(): canceling Mon Jul 30 01:47:33 UTC 2018
auto.tcl: Setting watchdog for 200 seconds at Mon Jul 30 01:47:33 UTC 2018
4 ms. Memory: 208384K Free: 194113K (93%)
ptolemy.util.test.WatchDog.cancel(): canceling Mon Jul 30 01:47:33 UTC 2018
------------------ testing $PTII/ptolemy/domains/de/test/auto/DEinDEwithStartTimes2.xml
auto.tcl: Setting watchdog for 200 seconds at Mon Jul 30 01:47:33 UTC 2018
8 ms. Memory: 208384K Free: 196539K (94%)
ptolemy.util.test.WatchDog.cancel(): canceling Mon Jul 30 01:47:33 UTC 2018
auto.tcl: Setting watchdog for 200 seconds at Mon Jul 30 01:47:33 UTC 2018
4 ms. Memory: 208384K Free: 194093K (93%)
ptolemy.util.test.WatchDog.cancel(): canceling Mon Jul 30 01:47:33 UTC 2018
------------------ testing $PTII/ptolemy/domains/de/test/auto/DateDemo.xml
auto.tcl: Setting watchdog for 200 seconds at Mon Jul 30 01:47:33 UTC 2018
17 ms. Memory: 208384K Free: 188605K (91%)
ptolemy.util.test.WatchDog.cancel(): canceling Mon Jul 30 01:47:33 UTC 2018
auto.tcl: Setting watchdog for 200 seconds at Mon Jul 30 01:47:33 UTC 2018
9 ms. Memory: 208384K Free: 186496K (89%)
ptolemy.util.test.WatchDog.cancel(): canceling Mon Jul 30 01:47:33 UTC 2018
------------------ testing $PTII/ptolemy/domains/de/test/auto/DateToEvent.xml
auto.tcl: Setting watchdog for 200 seconds at Mon Jul 30 01:47:33 UTC 2018
2016 ms. Memory: 208384K Free: 180856K (87%)
ptolemy.util.test.WatchDog.cancel(): canceling Mon Jul 30 01:47:35 UTC 2018
auto.tcl: Setting watchdog for 200 seconds at Mon Jul 30 01:47:35 UTC 2018
2005 ms. Memory: 208384K Free: 180856K (87%)
ptolemy.util.test.WatchDog.cancel(): canceling Mon Jul 30 01:47:37 UTC 2018
------------------ testing $PTII/ptolemy/domains/de/test/auto/DepthTest1.xml
auto.tcl: Setting watchdog for 200 seconds at Mon Jul 30 01:47:37 UTC 2018
8 ms. Memory: 208384K Free: 198227K (95%)
ptolemy.util.test.WatchDog.cancel(): canceling Mon Jul 30 01:47:37 UTC 2018
auto.tcl: Setting watchdog for 200 seconds at Mon Jul 30 01:47:37 UTC 2018
2 ms. Memory: 208384K Free: 198227K (95%)
ptolemy.util.test.WatchDog.cancel(): canceling Mon Jul 30 01:47:37 UTC 2018
------------------ testing $PTII/ptolemy/domains/de/test/auto/DepthTest2.xml
auto.tcl: Setting watchdog for 200 seconds at Mon Jul 30 01:47:37 UTC 2018
7 ms. Memory: 208384K Free: 194074K (93%)
ptolemy.util.test.WatchDog.cancel(): canceling Mon Jul 30 01:47:37 UTC 2018
auto.tcl: Setting watchdog for 200 seconds at Mon Jul 30 01:47:37 UTC 2018
5 ms. Memory: 208384K Free: 194074K (93%)
ptolemy.util.test.WatchDog.cancel(): canceling Mon Jul 30 01:47:37 UTC 2018
------------------ testing $PTII/ptolemy/domains/de/test/auto/DepthTest3.xml
auto.tcl: Setting watchdog for 200 seconds at Mon Jul 30 01:47:37 UTC 2018
3 ms. Memory: 208384K Free: 198563K (95%)
ptolemy.util.test.WatchDog.cancel(): canceling Mon Jul 30 01:47:38 UTC 2018
auto.tcl: Setting watchdog for 200 seconds at Mon Jul 30 01:47:38 UTC 2018
3 ms. Memory: 208384K Free: 198563K (95%)
ptolemy.util.test.WatchDog.cancel(): canceling Mon Jul 30 01:47:38 UTC 2018
------------------ testing $PTII/ptolemy/domains/de/test/auto/DepthTest4.xml
auto.tcl: Setting watchdog for 200 seconds at Mon Jul 30 01:47:38 UTC 2018
5 ms. Memory: 208384K Free: 196204K (94%)
ptolemy.util.test.WatchDog.cancel(): canceling Mon Jul 30 01:47:38 UTC 2018
auto.tcl: Setting watchdog for 200 seconds at Mon Jul 30 01:47:38 UTC 2018
4 ms. Memory: 208384K Free: 196204K (94%)
ptolemy.util.test.WatchDog.cancel(): canceling Mon Jul 30 01:47:38 UTC 2018
------------------ testing $PTII/ptolemy/domains/de/test/auto/DepthTest5.xml
auto.tcl: Setting watchdog for 200 seconds at Mon Jul 30 01:47:38 UTC 2018
2 ms. Memory: 208384K Free: 196151K (94%)
ptolemy.util.test.WatchDog.cancel(): canceling Mon Jul 30 01:47:38 UTC 2018
auto.tcl: Setting watchdog for 200 seconds at Mon Jul 30 01:47:38 UTC 2018
3 ms. Memory: 208384K Free: 196151K (94%)
ptolemy.util.test.WatchDog.cancel(): canceling Mon Jul 30 01:47:38 UTC 2018
------------------ testing $PTII/ptolemy/domains/de/test/auto/DepthTest6.xml
auto.tcl: Setting watchdog for 200 seconds at Mon Jul 30 01:47:38 UTC 2018
8 ms. Memory: 208384K Free: 196118K (94%)
ptolemy.util.test.WatchDog.cancel(): canceling Mon Jul 30 01:47:38 UTC 2018
auto.tcl: Setting watchdog for 200 seconds at Mon Jul 30 01:47:38 UTC 2018
3 ms. Memory: 208384K Free: 196118K (94%)
ptolemy.util.test.WatchDog.cancel(): canceling Mon Jul 30 01:47:38 UTC 2018
------------------ testing $PTII/ptolemy/domains/de/test/auto/DepthTest7.xml
auto.tcl: Setting watchdog for 200 seconds at Mon Jul 30 01:47:38 UTC 2018
3 ms. Memory: 208384K Free: 196107K (94%)
ptolemy.util.test.WatchDog.cancel(): canceling Mon Jul 30 01:47:38 UTC 2018
auto.tcl: Setting watchdog for 200 seconds at Mon Jul 30 01:47:38 UTC 2018
2 ms. Memory: 208384K Free: 196107K (94%)
ptolemy.util.test.WatchDog.cancel(): canceling Mon Jul 30 01:47:38 UTC 2018
------------------ testing $PTII/ptolemy/domains/de/test/auto/EventToDate.xml
auto.tcl: Setting watchdog for 200 seconds at Mon Jul 30 01:47:38 UTC 2018
3006 ms. Memory: 208384K Free: 183128K (88%)
ptolemy.util.test.WatchDog.cancel(): canceling Mon Jul 30 01:47:41 UTC 2018
auto.tcl: Setting watchdog for 200 seconds at Mon Jul 30 01:47:41 UTC 2018
3003 ms. Memory: 208384K Free: 183128K (88%)
ptolemy.util.test.WatchDog.cancel(): canceling Mon Jul 30 01:47:44 UTC 2018
------------------ testing $PTII/ptolemy/domains/de/test/auto/FSM1.xml
auto.tcl: Setting watchdog for 200 seconds at Mon Jul 30 01:47:44 UTC 2018
20 ms. Memory: 208384K Free: 189142K (91%)
ptolemy.util.test.WatchDog.cancel(): canceling Mon Jul 30 01:47:44 UTC 2018
auto.tcl: Setting watchdog for 200 seconds at Mon Jul 30 01:47:44 UTC 2018
22 ms. Memory: 208384K Free: 184925K (89%)
ptolemy.util.test.WatchDog.cancel(): canceling Mon Jul 30 01:47:44 UTC 2018
------------------ testing $PTII/ptolemy/domains/de/test/auto/FSM7.xml
auto.tcl: Setting watchdog for 200 seconds at Mon Jul 30 01:47:44 UTC 2018
25 ms. Memory: 208384K Free: 187237K (90%)
ptolemy.util.test.WatchDog.cancel(): canceling Mon Jul 30 01:47:44 UTC 2018
auto.tcl: Setting watchdog for 200 seconds at Mon Jul 30 01:47:44 UTC 2018
18 ms. Memory: 208384K Free: 185129K (89%)
ptolemy.util.test.WatchDog.cancel(): canceling Mon Jul 30 01:47:44 UTC 2018
------------------ testing $PTII/ptolemy/domains/de/test/auto/Inspection.xml
auto.tcl: Setting watchdog for 200 seconds at Mon Jul 30 01:47:44 UTC 2018
26 ms. Memory: 208384K Free: 188451K (90%)
ptolemy.util.test.WatchDog.cancel(): canceling Mon Jul 30 01:47:44 UTC 2018
auto.tcl: Setting watchdog for 200 seconds at Mon Jul 30 01:47:44 UTC 2018
28 ms. Memory: 208384K Free: 186343K (89%)
ptolemy.util.test.WatchDog.cancel(): canceling Mon Jul 30 01:47:44 UTC 2018
------------------ testing $PTII/ptolemy/domains/de/test/auto/Iteration.xml
auto.tcl: Setting watchdog for 200 seconds at Mon Jul 30 01:47:44 UTC 2018
17 ms. Memory: 208384K Free: 196252K (94%)
ptolemy.util.test.WatchDog.cancel(): canceling Mon Jul 30 01:47:44 UTC 2018
auto.tcl: Setting watchdog for 200 seconds at Mon Jul 30 01:47:44 UTC 2018
7 ms. Memory: 208384K Free: 194143K (93%)
ptolemy.util.test.WatchDog.cancel(): canceling Mon Jul 30 01:47:44 UTC 2018
------------------ testing $PTII/ptolemy/domains/de/test/auto/LineFault.xml
auto.tcl: Setting watchdog for 200 seconds at Mon Jul 30 01:47:44 UTC 2018
721 ms. Memory: 208384K Free: 196096K (94%)
ptolemy.util.test.WatchDog.cancel(): canceling Mon Jul 30 01:47:45 UTC 2018
auto.tcl: Setting watchdog for 200 seconds at Mon Jul 30 01:47:45 UTC 2018
548 ms. Memory: 208384K Free: 138526K (66%)
ptolemy.util.test.WatchDog.cancel(): canceling Mon Jul 30 01:47:46 UTC 2018
------------------ testing $PTII/ptolemy/domains/de/test/auto/MergeModel1Add.xml
auto.tcl: Setting watchdog for 200 seconds at Mon Jul 30 01:47:46 UTC 2018
17 ms. Memory: 331264K Free: 298739K (90%)
ptolemy.util.test.WatchDog.cancel(): canceling Mon Jul 30 01:47:46 UTC 2018
auto.tcl: Setting watchdog for 200 seconds at Mon Jul 30 01:47:46 UTC 2018
9 ms. Memory: 331264K Free: 298739K (90%)
ptolemy.util.test.WatchDog.cancel(): canceling Mon Jul 30 01:47:46 UTC 2018
------------------ testing $PTII/ptolemy/domains/de/test/auto/MergeModel2Add.xml
auto.tcl: Setting watchdog for 200 seconds at Mon Jul 30 01:47:46 UTC 2018
12 ms. Memory: 331264K Free: 304028K (92%)
ptolemy.util.test.WatchDog.cancel(): canceling Mon Jul 30 01:47:46 UTC 2018
auto.tcl: Setting watchdog for 200 seconds at Mon Jul 30 01:47:46 UTC 2018
7 ms. Memory: 331264K Free: 300078K (91%)
ptolemy.util.test.WatchDog.cancel(): canceling Mon Jul 30 01:47:46 UTC 2018
------------------ testing $PTII/ptolemy/domains/de/test/auto/MergeModel3Add.xml
auto.tcl: Setting watchdog for 200 seconds at Mon Jul 30 01:47:46 UTC 2018
7 ms. Memory: 331264K Free: 304038K (92%)
ptolemy.util.test.WatchDog.cancel(): canceling Mon Jul 30 01:47:46 UTC 2018
auto.tcl: Setting watchdog for 200 seconds at Mon Jul 30 01:47:46 UTC 2018
7 ms. Memory: 331264K Free: 300088K (91%)
ptolemy.util.test.WatchDog.cancel(): canceling Mon Jul 30 01:47:46 UTC 2018
------------------ testing $PTII/ptolemy/domains/de/test/auto/MergeWithoutDiscard.xml
auto.tcl: Setting watchdog for 200 seconds at Mon Jul 30 01:47:46 UTC 2018
6 ms. Memory: 331264K Free: 320120K (97%)
ptolemy.util.test.WatchDog.cancel(): canceling Mon Jul 30 01:47:46 UTC 2018
auto.tcl: Setting watchdog for 200 seconds at Mon Jul 30 01:47:46 UTC 2018
2 ms. Memory: 331264K Free: 315884K (95%)
ptolemy.util.test.WatchDog.cancel(): canceling Mon Jul 30 01:47:46 UTC 2018
------------------ testing $PTII/ptolemy/domains/de/test/auto/Modal1.xml
auto.tcl: Setting watchdog for 200 seconds at Mon Jul 30 01:47:46 UTC 2018
18 ms. Memory: 331264K Free: 309783K (94%)
ptolemy.util.test.WatchDog.cancel(): canceling Mon Jul 30 01:47:46 UTC 2018
auto.tcl: Setting watchdog for 200 seconds at Mon Jul 30 01:47:46 UTC 2018
24 ms. Memory: 331264K Free: 305833K (92%)
ptolemy.util.test.WatchDog.cancel(): canceling Mon Jul 30 01:47:47 UTC 2018
------------------ testing $PTII/ptolemy/domains/de/test/auto/Modal2.xml
auto.tcl: Setting watchdog for 200 seconds at Mon Jul 30 01:47:47 UTC 2018
12 ms. Memory: 331264K Free: 309647K (93%)
ptolemy.util.test.WatchDog.cancel(): canceling Mon Jul 30 01:47:47 UTC 2018
auto.tcl: Setting watchdog for 200 seconds at Mon Jul 30 01:47:47 UTC 2018
10 ms. Memory: 331264K Free: 305697K (92%)
ptolemy.util.test.WatchDog.cancel(): canceling Mon Jul 30 01:47:47 UTC 2018
------------------ testing $PTII/ptolemy/domains/de/test/auto/Modal3.xml
auto.tcl: Setting watchdog for 200 seconds at Mon Jul 30 01:47:47 UTC 2018
11 ms. Memory: 331264K Free: 309444K (93%)
ptolemy.util.test.WatchDog.cancel(): canceling Mon Jul 30 01:47:47 UTC 2018
auto.tcl: Setting watchdog for 200 seconds at Mon Jul 30 01:47:47 UTC 2018
10 ms. Memory: 331264K Free: 305494K (92%)
ptolemy.util.test.WatchDog.cancel(): canceling Mon Jul 30 01:47:47 UTC 2018
------------------ testing $PTII/ptolemy/domains/de/test/auto/Modal4.xml
auto.tcl: Setting watchdog for 200 seconds at Mon Jul 30 01:47:47 UTC 2018
22 ms. Memory: 331264K Free: 309448K (93%)
ptolemy.util.test.WatchDog.cancel(): canceling Mon Jul 30 01:47:47 UTC 2018
auto.tcl: Setting watchdog for 200 seconds at Mon Jul 30 01:47:47 UTC 2018
16 ms. Memory: 331264K Free: 305498K (92%)
ptolemy.util.test.WatchDog.cancel(): canceling Mon Jul 30 01:47:47 UTC 2018
------------------ testing $PTII/ptolemy/domains/de/test/auto/Modal5.xml
auto.tcl: Setting watchdog for 200 seconds at Mon Jul 30 01:47:47 UTC 2018
20 ms. Memory: 331264K Free: 309436K (93%)
ptolemy.util.test.WatchDog.cancel(): canceling Mon Jul 30 01:47:47 UTC 2018
auto.tcl: Setting watchdog for 200 seconds at Mon Jul 30 01:47:47 UTC 2018
11 ms. Memory: 331264K Free: 305486K (92%)
ptolemy.util.test.WatchDog.cancel(): canceling Mon Jul 30 01:47:47 UTC 2018
------------------ testing $PTII/ptolemy/domains/de/test/auto/Modal6.xml
auto.tcl: Setting watchdog for 200 seconds at Mon Jul 30 01:47:47 UTC 2018
15 ms. Memory: 331264K Free: 309434K (93%)
ptolemy.util.test.WatchDog.cancel(): canceling Mon Jul 30 01:47:47 UTC 2018
auto.tcl: Setting watchdog for 200 seconds at Mon Jul 30 01:47:47 UTC 2018
12 ms. Memory: 331264K Free: 305484K (92%)
ptolemy.util.test.WatchDog.cancel(): canceling Mon Jul 30 01:47:47 UTC 2018
------------------ testing $PTII/ptolemy/domains/de/test/auto/Modal7.xml
auto.tcl: Setting watchdog for 200 seconds at Mon Jul 30 01:47:47 UTC 2018
20 ms. Memory: 331264K Free: 309434K (93%)
ptolemy.util.test.WatchDog.cancel(): canceling Mon Jul 30 01:47:47 UTC 2018
auto.tcl: Setting watchdog for 200 seconds at Mon Jul 30 01:47:47 UTC 2018
10 ms. Memory: 331264K Free: 305484K (92%)
ptolemy.util.test.WatchDog.cancel(): canceling Mon Jul 30 01:47:47 UTC 2018
------------------ testing $PTII/ptolemy/domains/de/test/auto/ModalModel.xml
auto.tcl: Setting watchdog for 200 seconds at Mon Jul 30 01:47:47 UTC 2018
190 ms. Memory: 331264K Free: 245942K (74%)
ptolemy.util.test.WatchDog.cancel(): canceling Mon Jul 30 01:47:47 UTC 2018
auto.tcl: Setting watchdog for 200 seconds at Mon Jul 30 01:47:47 UTC 2018
165 ms. Memory: 331264K Free: 190645K (58%)
ptolemy.util.test.WatchDog.cancel(): canceling Mon Jul 30 01:47:48 UTC 2018
------------------ testing $PTII/ptolemy/domains/de/test/auto/ModalSource.xml
auto.tcl: Setting watchdog for 200 seconds at Mon Jul 30 01:47:48 UTC 2018
5 ms. Memory: 331264K Free: 316225K (95%)
ptolemy.util.test.WatchDog.cancel(): canceling Mon Jul 30 01:47:48 UTC 2018
auto.tcl: Setting watchdog for 200 seconds at Mon Jul 30 01:47:48 UTC 2018
5 ms. Memory: 331264K Free: 312709K (94%)
ptolemy.util.test.WatchDog.cancel(): canceling Mon Jul 30 01:47:48 UTC 2018
------------------ testing $PTII/ptolemy/domains/de/test/auto/NonInterruptibleTimerZeroDelay.xml
auto.tcl: Setting watchdog for 200 seconds at Mon Jul 30 01:47:48 UTC 2018
4 ms. Memory: 331264K Free: 320580K (97%)
ptolemy.util.test.WatchDog.cancel(): canceling Mon Jul 30 01:47:48 UTC 2018
auto.tcl: Setting watchdog for 200 seconds at Mon Jul 30 01:47:48 UTC 2018
2 ms. Memory: 331264K Free: 317063K (96%)
ptolemy.util.test.WatchDog.cancel(): canceling Mon Jul 30 01:47:48 UTC 2018
------------------ testing $PTII/ptolemy/domains/de/test/auto/OpenQueueingNetwork.xml
auto.tcl: Setting watchdog for 200 seconds at Mon Jul 30 01:47:48 UTC 2018
2626 ms. Memory: 317952K Free: 141305K (44%)
ptolemy.util.test.WatchDog.cancel(): canceling Mon Jul 30 01:47:51 UTC 2018
auto.tcl: Setting watchdog for 200 seconds at Mon Jul 30 01:47:51 UTC 2018
2267 ms. Memory: 287232K Free: 202240K (70%)
ptolemy.util.test.WatchDog.cancel(): canceling Mon Jul 30 01:47:53 UTC 2018
------------------ testing $PTII/ptolemy/domains/de/test/auto/OpenQueuingNetwork.xml
auto.tcl: Setting watchdog for 200 seconds at Mon Jul 30 01:47:53 UTC 2018
230 ms. Memory: 287232K Free: 183606K (64%)
ptolemy.util.test.WatchDog.cancel(): canceling Mon Jul 30 01:47:53 UTC 2018
auto.tcl: Setting watchdog for 200 seconds at Mon Jul 30 01:47:53 UTC 2018
238 ms. Memory: 287232K Free: 120866K (42%)
ptolemy.util.test.WatchDog.cancel(): canceling Mon Jul 30 01:47:54 UTC 2018
------------------ testing $PTII/ptolemy/domains/de/test/auto/PeriodicSampler.xml
auto.tcl: Setting watchdog for 200 seconds at Mon Jul 30 01:47:54 UTC 2018
2 ms. Memory: 289792K Free: 274542K (95%)
ptolemy.util.test.WatchDog.cancel(): canceling Mon Jul 30 01:47:54 UTC 2018
auto.tcl: Setting watchdog for 200 seconds at Mon Jul 30 01:47:54 UTC 2018
2 ms. Memory: 289792K Free: 274542K (95%)
ptolemy.util.test.WatchDog.cancel(): canceling Mon Jul 30 01:47:54 UTC 2018
------------------ testing $PTII/ptolemy/domains/de/test/auto/PersistentIO.xml
auto.tcl: Setting watchdog for 200 seconds at Mon Jul 30 01:47:54 UTC 2018
4 ms. Memory: 287232K Free: 266964K (93%)
ptolemy.util.test.WatchDog.cancel(): canceling Mon Jul 30 01:47:54 UTC 2018
auto.tcl: Setting watchdog for 200 seconds at Mon Jul 30 01:47:54 UTC 2018
6 ms. Memory: 287232K Free: 266964K (93%)
ptolemy.util.test.WatchDog.cancel(): canceling Mon Jul 30 01:47:54 UTC 2018
------------------ testing $PTII/ptolemy/domains/de/test/auto/PortParameterResetOnInitialize.xml
auto.tcl: Setting watchdog for 200 seconds at Mon Jul 30 01:47:54 UTC 2018
2 ms. Memory: 289280K Free: 274591K (95%)
ptolemy.util.test.WatchDog.cancel(): canceling Mon Jul 30 01:47:54 UTC 2018
auto.tcl: Setting watchdog for 200 seconds at Mon Jul 30 01:47:54 UTC 2018
2 ms. Memory: 289280K Free: 274591K (95%)
ptolemy.util.test.WatchDog.cancel(): canceling Mon Jul 30 01:47:54 UTC 2018
------------------ testing $PTII/ptolemy/domains/de/test/auto/PortParameterUpdates.xml
auto.tcl: Setting watchdog for 200 seconds at Mon Jul 30 01:47:54 UTC 2018
3 ms. Memory: 287232K Free: 272676K (95%)
ptolemy.util.test.WatchDog.cancel(): canceling Mon Jul 30 01:47:54 UTC 2018
auto.tcl: Setting watchdog for 200 seconds at Mon Jul 30 01:47:54 UTC 2018
3 ms. Memory: 287232K Free: 269818K (94%)
ptolemy.util.test.WatchDog.cancel(): canceling Mon Jul 30 01:47:54 UTC 2018
------------------ testing $PTII/ptolemy/domains/de/test/auto/QueueAndServer.xml
auto.tcl: Setting watchdog for 200 seconds at Mon Jul 30 01:47:54 UTC 2018
10 ms. Memory: 289280K Free: 271729K (94%)
ptolemy.util.test.WatchDog.cancel(): canceling Mon Jul 30 01:47:54 UTC 2018
auto.tcl: Setting watchdog for 200 seconds at Mon Jul 30 01:47:54 UTC 2018
6 ms. Memory: 289280K Free: 271729K (94%)
ptolemy.util.test.WatchDog.cancel(): canceling Mon Jul 30 01:47:54 UTC 2018
------------------ testing $PTII/ptolemy/domains/de/test/auto/Records.xml
auto.tcl: Setting watchdog for 200 seconds at Mon Jul 30 01:47:54 UTC 2018
8 ms. Memory: 287232K Free: 274539K (96%)
ptolemy.util.test.WatchDog.cancel(): canceling Mon Jul 30 01:47:54 UTC 2018
auto.tcl: Setting watchdog for 200 seconds at Mon Jul 30 01:47:54 UTC 2018
2 ms. Memory: 287232K Free: 274539K (96%)
ptolemy.util.test.WatchDog.cancel(): canceling Mon Jul 30 01:47:54 UTC 2018
------------------ testing $PTII/ptolemy/domains/de/test/auto/ResetTransitionWithStartTime1.xml
auto.tcl: Setting watchdog for 200 seconds at Mon Jul 30 01:47:54 UTC 2018
10 ms. Memory: 288768K Free: 273344K (95%)
ptolemy.util.test.WatchDog.cancel(): canceling Mon Jul 30 01:47:54 UTC 2018
auto.tcl: Setting watchdog for 200 seconds at Mon Jul 30 01:47:54 UTC 2018
4 ms. Memory: 288768K Free: 270385K (94%)
ptolemy.util.test.WatchDog.cancel(): canceling Mon Jul 30 01:47:54 UTC 2018
------------------ testing $PTII/ptolemy/domains/de/test/auto/ResetTransitionWithStartTime2.xml
auto.tcl: Setting watchdog for 200 seconds at Mon Jul 30 01:47:54 UTC 2018
4 ms. Memory: 287232K Free: 271698K (95%)
ptolemy.util.test.WatchDog.cancel(): canceling Mon Jul 30 01:47:54 UTC 2018
auto.tcl: Setting watchdog for 200 seconds at Mon Jul 30 01:47:54 UTC 2018
7 ms. Memory: 287232K Free: 268840K (94%)
ptolemy.util.test.WatchDog.cancel(): canceling Mon Jul 30 01:47:54 UTC 2018
------------------ testing $PTII/ptolemy/domains/de/test/auto/ResetTransitionWithStartTime3.xml
auto.tcl: Setting watchdog for 200 seconds at Mon Jul 30 01:47:54 UTC 2018
7 ms. Memory: 288768K Free: 273232K (95%)
ptolemy.util.test.WatchDog.cancel(): canceling Mon Jul 30 01:47:54 UTC 2018
auto.tcl: Setting watchdog for 200 seconds at Mon Jul 30 01:47:54 UTC 2018
5 ms. Memory: 288768K Free: 270374K (94%)
ptolemy.util.test.WatchDog.cancel(): canceling Mon Jul 30 01:47:54 UTC 2018
------------------ testing $PTII/ptolemy/domains/de/test/auto/ResetTransitionWithStartTime4.xml
auto.tcl: Setting watchdog for 200 seconds at Mon Jul 30 01:47:54 UTC 2018
3 ms. Memory: 287232K Free: 271694K (95%)
ptolemy.util.test.WatchDog.cancel(): canceling Mon Jul 30 01:47:54 UTC 2018
auto.tcl: Setting watchdog for 200 seconds at Mon Jul 30 01:47:54 UTC 2018
4 ms. Memory: 287232K Free: 271694K (95%)
ptolemy.util.test.WatchDog.cancel(): canceling Mon Jul 30 01:47:54 UTC 2018
------------------ testing $PTII/ptolemy/domains/de/test/auto/ResettableTimer1.xml
auto.tcl: Setting watchdog for 200 seconds at Mon Jul 30 01:47:54 UTC 2018
3 ms. Memory: 288768K Free: 276084K (96%)
ptolemy.util.test.WatchDog.cancel(): canceling Mon Jul 30 01:47:54 UTC 2018
auto.tcl: Setting watchdog for 200 seconds at Mon Jul 30 01:47:54 UTC 2018
2 ms. Memory: 288768K Free: 276084K (96%)
ptolemy.util.test.WatchDog.cancel(): canceling Mon Jul 30 01:47:54 UTC 2018
------------------ testing $PTII/ptolemy/domains/de/test/auto/ResettableTimer2.xml
auto.tcl: Setting watchdog for 200 seconds at Mon Jul 30 01:47:54 UTC 2018
2 ms. Memory: 287232K Free: 274707K (96%)
ptolemy.util.test.WatchDog.cancel(): canceling Mon Jul 30 01:47:54 UTC 2018
auto.tcl: Setting watchdog for 200 seconds at Mon Jul 30 01:47:54 UTC 2018
2 ms. Memory: 287232K Free: 274707K (96%)
ptolemy.util.test.WatchDog.cancel(): canceling Mon Jul 30 01:47:54 UTC 2018
------------------ testing $PTII/ptolemy/domains/de/test/auto/ResettableTimer3.xml
auto.tcl: Setting watchdog for 200 seconds at Mon Jul 30 01:47:54 UTC 2018
1 ms. Memory: 288256K Free: 275630K (96%)
ptolemy.util.test.WatchDog.cancel(): canceling Mon Jul 30 01:47:54 UTC 2018
auto.tcl: Setting watchdog for 200 seconds at Mon Jul 30 01:47:54 UTC 2018
1 ms. Memory: 288256K Free: 275630K (96%)
ptolemy.util.test.WatchDog.cancel(): canceling Mon Jul 30 01:47:54 UTC 2018
------------------ testing $PTII/ptolemy/domains/de/test/auto/ResettableTimer4.xml
auto.tcl: Setting watchdog for 200 seconds at Mon Jul 30 01:47:54 UTC 2018
1 ms. Memory: 287232K Free: 274719K (96%)
ptolemy.util.test.WatchDog.cancel(): canceling Mon Jul 30 01:47:54 UTC 2018
auto.tcl: Setting watchdog for 200 seconds at Mon Jul 30 01:47:54 UTC 2018
1 ms. Memory: 287232K Free: 274719K (96%)
ptolemy.util.test.WatchDog.cancel(): canceling Mon Jul 30 01:47:54 UTC 2018
------------------ testing $PTII/ptolemy/domains/de/test/auto/ResettableTimer5.xml
auto.tcl: Setting watchdog for 200 seconds at Mon Jul 30 01:47:55 UTC 2018
2 ms. Memory: 288256K Free: 273683K (95%)
ptolemy.util.test.WatchDog.cancel(): canceling Mon Jul 30 01:47:55 UTC 2018
auto.tcl: Setting watchdog for 200 seconds at Mon Jul 30 01:47:55 UTC 2018
1 ms. Memory: 288256K Free: 273683K (95%)
ptolemy.util.test.WatchDog.cancel(): canceling Mon Jul 30 01:47:55 UTC 2018
------------------ testing $PTII/ptolemy/domains/de/test/auto/ResettableTimer6.xml
auto.tcl: Setting watchdog for 200 seconds at Mon Jul 30 01:47:55 UTC 2018
1 ms. Memory: 287232K Free: 272508K (95%)
ptolemy.util.test.WatchDog.cancel(): canceling Mon Jul 30 01:47:55 UTC 2018
auto.tcl: Setting watchdog for 200 seconds at Mon Jul 30 01:47:55 UTC 2018
2 ms. Memory: 287232K Free: 272508K (95%)
ptolemy.util.test.WatchDog.cancel(): canceling Mon Jul 30 01:47:55 UTC 2018
------------------ testing $PTII/ptolemy/domains/de/test/auto/ServerZeroDelay.xml
auto.tcl: Setting watchdog for 200 seconds at Mon Jul 30 01:47:55 UTC 2018
2 ms. Memory: 288256K Free: 275682K (96%)
ptolemy.util.test.WatchDog.cancel(): canceling Mon Jul 30 01:47:55 UTC 2018
auto.tcl: Setting watchdog for 200 seconds at Mon Jul 30 01:47:55 UTC 2018
2 ms. Memory: 288256K Free: 275682K (96%)
ptolemy.util.test.WatchDog.cancel(): canceling Mon Jul 30 01:47:55 UTC 2018
------------------ testing $PTII/ptolemy/domains/de/test/auto/SmartSender.xml
auto.tcl: Setting watchdog for 200 seconds at Mon Jul 30 01:47:55 UTC 2018
3001 ms. Memory: 287232K Free: 272594K (95%)
ptolemy.util.test.WatchDog.cancel(): canceling Mon Jul 30 01:47:58 UTC 2018
auto.tcl: Setting watchdog for 200 seconds at Mon Jul 30 01:47:58 UTC 2018
3003 ms. Memory: 287232K Free: 272594K (95%)
ptolemy.util.test.WatchDog.cancel(): canceling Mon Jul 30 01:48:01 UTC 2018
------------------ testing $PTII/ptolemy/domains/de/test/auto/ThreadedComposite.xml
auto.tcl: Setting watchdog for 200 seconds at Mon Jul 30 01:48:01 UTC 2018
212 ms. Memory: 288256K Free: 252590K (88%)
ptolemy.util.test.WatchDog.cancel(): canceling Mon Jul 30 01:48:01 UTC 2018
auto.tcl: Setting watchdog for 200 seconds at Mon Jul 30 01:48:01 UTC 2018
97 ms. Memory: 288256K Free: 234509K (81%)
ptolemy.util.test.WatchDog.cancel(): canceling Mon Jul 30 01:48:01 UTC 2018
------------------ testing $PTII/ptolemy/domains/de/test/auto/Time.xml
auto.tcl: Setting watchdog for 200 seconds at Mon Jul 30 01:48:01 UTC 2018
518 ms. Memory: 287232K Free: 216628K (75%)
ptolemy.util.test.WatchDog.cancel(): canceling Mon Jul 30 01:48:02 UTC 2018
auto.tcl: Setting watchdog for 200 seconds at Mon Jul 30 01:48:02 UTC 2018
513 ms. Memory: 287232K Free: 156609K (55%)
ptolemy.util.test.WatchDog.cancel(): canceling Mon Jul 30 01:48:02 UTC 2018
------------------ testing $PTII/ptolemy/domains/de/test/auto/TimeDelayZeroDelay.xml
auto.tcl: Setting watchdog for 200 seconds at Mon Jul 30 01:48:02 UTC 2018
2 ms. Memory: 287744K Free: 275569K (96%)
ptolemy.util.test.WatchDog.cancel(): canceling Mon Jul 30 01:48:02 UTC 2018
auto.tcl: Setting watchdog for 200 seconds at Mon Jul 30 01:48:02 UTC 2018
2 ms. Memory: 287744K Free: 275569K (96%)
ptolemy.util.test.WatchDog.cancel(): canceling Mon Jul 30 01:48:02 UTC 2018
------------------ testing $PTII/ptolemy/domains/de/test/auto/TimerZeroDelay.xml
auto.tcl: Setting watchdog for 200 seconds at Mon Jul 30 01:48:02 UTC 2018
2 ms. Memory: 287232K Free: 275166K (96%)
ptolemy.util.test.WatchDog.cancel(): canceling Mon Jul 30 01:48:02 UTC 2018
auto.tcl: Setting watchdog for 200 seconds at Mon Jul 30 01:48:02 UTC 2018
2 ms. Memory: 287232K Free: 275166K (96%)
ptolemy.util.test.WatchDog.cancel(): canceling Mon Jul 30 01:48:02 UTC 2018
------------------ testing $PTII/ptolemy/domains/de/test/auto/TimingParadox.xml
auto.tcl: Setting watchdog for 200 seconds at Mon Jul 30 01:48:02 UTC 2018
351 ms. Memory: 287744K Free: 207454K (72%)
ptolemy.util.test.WatchDog.cancel(): canceling Mon Jul 30 01:48:03 UTC 2018
auto.tcl: Setting watchdog for 200 seconds at Mon Jul 30 01:48:03 UTC 2018
346 ms. Memory: 287744K Free: 168745K (59%)
ptolemy.util.test.WatchDog.cancel(): canceling Mon Jul 30 01:48:03 UTC 2018
------------------ testing $PTII/ptolemy/domains/de/test/auto/TransferInputs.xml
auto.tcl: Setting watchdog for 200 seconds at Mon Jul 30 01:48:03 UTC 2018
2 ms. Memory: 287744K Free: 274554K (95%)
ptolemy.util.test.WatchDog.cancel(): canceling Mon Jul 30 01:48:03 UTC 2018
auto.tcl: Setting watchdog for 200 seconds at Mon Jul 30 01:48:03 UTC 2018
1 ms. Memory: 287744K Free: 274554K (95%)
ptolemy.util.test.WatchDog.cancel(): canceling Mon Jul 30 01:48:03 UTC 2018
------------------ testing $PTII/ptolemy/domains/de/test/auto/TransferOutputs2.xml
auto.tcl: Setting watchdog for 200 seconds at Mon Jul 30 01:48:03 UTC 2018
3 ms. Memory: 287232K Free: 270496K (94%)
ptolemy.util.test.WatchDog.cancel(): canceling Mon Jul 30 01:48:03 UTC 2018
auto.tcl: Setting watchdog for 200 seconds at Mon Jul 30 01:48:03 UTC 2018
3 ms. Memory: 287232K Free: 267899K (93%)
ptolemy.util.test.WatchDog.cancel(): canceling Mon Jul 30 01:48:03 UTC 2018
------------------ testing $PTII/ptolemy/domains/de/test/auto/Trilateration.xml
auto.tcl: Setting watchdog for 200 seconds at Mon Jul 30 01:48:03 UTC 2018
14721 ms. Memory: 473088K Free: 143761K (30%)
ptolemy.util.test.WatchDog.cancel(): canceling Mon Jul 30 01:48:19 UTC 2018
auto.tcl: Setting watchdog for 200 seconds at Mon Jul 30 01:48:19 UTC 2018
11363 ms. Memory: 352256K Free: 77933K (22%)
ptolemy.util.test.WatchDog.cancel(): canceling Mon Jul 30 01:48:31 UTC 2018
------------------ testing $PTII/ptolemy/domains/de/test/auto/TwoSigmaDelta.xml
auto.tcl: Setting watchdog for 200 seconds at Mon Jul 30 01:48:31 UTC 2018
2692 ms. Memory: 339968K Free: 288360K (85%)
ptolemy.util.test.WatchDog.cancel(): canceling Mon Jul 30 01:48:34 UTC 2018
auto.tcl: Setting watchdog for 200 seconds at Mon Jul 30 01:48:34 UTC 2018
2262 ms. Memory: 326144K Free: 290688K (89%)
ptolemy.util.test.WatchDog.cancel(): canceling Mon Jul 30 01:48:36 UTC 2018
------------------ testing $PTII/ptolemy/domains/de/test/auto/VariableDelay.xml
auto.tcl: Setting watchdog for 200 seconds at Mon Jul 30 01:48:36 UTC 2018
11 ms. Memory: 328192K Free: 314310K (96%)
ptolemy.util.test.WatchDog.cancel(): canceling Mon Jul 30 01:48:36 UTC 2018
auto.tcl: Setting watchdog for 200 seconds at Mon Jul 30 01:48:36 UTC 2018
2 ms. Memory: 328192K Free: 310699K (95%)
ptolemy.util.test.WatchDog.cancel(): canceling Mon Jul 30 01:48:36 UTC 2018
------------------ testing $PTII/ptolemy/domains/de/test/auto/VariableDelay2.xml
auto.tcl: Setting watchdog for 200 seconds at Mon Jul 30 01:48:36 UTC 2018
9 ms. Memory: 326144K Free: 315119K (97%)
ptolemy.util.test.WatchDog.cancel(): canceling Mon Jul 30 01:48:36 UTC 2018
auto.tcl: Setting watchdog for 200 seconds at Mon Jul 30 01:48:36 UTC 2018
1 ms. Memory: 326144K Free: 311509K (96%)
ptolemy.util.test.WatchDog.cancel(): canceling Mon Jul 30 01:48:36 UTC 2018
------------------ testing $PTII/ptolemy/domains/de/test/auto/VariableDelayZeroDelay.xml
auto.tcl: Setting watchdog for 200 seconds at Mon Jul 30 01:48:36 UTC 2018
2 ms. Memory: 328192K Free: 314719K (96%)
ptolemy.util.test.WatchDog.cancel(): canceling Mon Jul 30 01:48:36 UTC 2018
auto.tcl: Setting watchdog for 200 seconds at Mon Jul 30 01:48:36 UTC 2018
1 ms. Memory: 328192K Free: 311124K (95%)
ptolemy.util.test.WatchDog.cancel(): canceling Mon Jul 30 01:48:36 UTC 2018
------------------ testing $PTII/ptolemy/domains/de/test/auto/VariableDelayZeroDelay2.xml
auto.tcl: Setting watchdog for 200 seconds at Mon Jul 30 01:48:36 UTC 2018
2 ms. Memory: 326144K Free: 312669K (96%)
ptolemy.util.test.WatchDog.cancel(): canceling Mon Jul 30 01:48:36 UTC 2018
auto.tcl: Setting watchdog for 200 seconds at Mon Jul 30 01:48:36 UTC 2018
1 ms. Memory: 326144K Free: 309066K (95%)
ptolemy.util.test.WatchDog.cancel(): canceling Mon Jul 30 01:48:36 UTC 2018
------------------ testing $PTII/ptolemy/domains/de/test/auto/deInCt.xml
auto.tcl: Setting watchdog for 200 seconds at Mon Jul 30 01:48:36 UTC 2018
0
1
1
1
0
0
0
0
1
1
1
0
0
0
1
1
1
0
0
0
0
1
1
1
1
1
0
0
1
1
1
0
0
0
1
1
1
1
12 ms. Memory: 327680K Free: 310587K (95%)
ptolemy.util.test.WatchDog.cancel(): canceling Mon Jul 30 01:48:36 UTC 2018
auto.tcl: Setting watchdog for 200 seconds at Mon Jul 30 01:48:36 UTC 2018
0
1
1
1
0
0
0
1
1
1
1
0
0
0
1
1
1
1
1
1
0
0
1
1
0
0
0
0
0
1
1
1
0
0
0
0
0
5 ms. Memory: 327680K Free: 310587K (95%)
ptolemy.util.test.WatchDog.cancel(): canceling Mon Jul 30 01:48:36 UTC 2018
------------------ testing $PTII/ptolemy/domains/de/test/auto/deInCt2.xml
auto.tcl: Setting watchdog for 200 seconds at Mon Jul 30 01:48:36 UTC 2018
0
1
1
1
0
0
1
1
1
0
0
1
1
1
0
0
1
1
1
0
0
1
1
1
0
0
1
1
1
0
0
1
1
1
0
0
1
1
1
0
0
0
10 ms. Memory: 326144K Free: 309052K (95%)
ptolemy.util.test.WatchDog.cancel(): canceling Mon Jul 30 01:48:36 UTC 2018
auto.tcl: Setting watchdog for 200 seconds at Mon Jul 30 01:48:36 UTC 2018
0
1
1
1
0
0
1
1
1
0
0
1
1
1
0
0
1
1
1
0
0
1
1
1
0
0
1
1
1
0
0
1
1
1
0
0
1
1
1
0
0
0
8 ms. Memory: 326144K Free: 309052K (95%)
ptolemy.util.test.WatchDog.cancel(): canceling Mon Jul 30 01:48:36 UTC 2018
------------------ testing $PTII/ptolemy/domains/de/test/auto/dynamicCausalityInterface1.xml
auto.tcl: Setting watchdog for 200 seconds at Mon Jul 30 01:48:36 UTC 2018
0 ms. Memory: 327680K Free: 309455K (94%)
ptolemy.util.test.WatchDog.cancel(): canceling Mon Jul 30 01:48:36 UTC 2018
auto.tcl: Setting watchdog for 200 seconds at Mon Jul 30 01:48:36 UTC 2018
1 ms. Memory: 327680K Free: 309455K (94%)
ptolemy.util.test.WatchDog.cancel(): canceling Mon Jul 30 01:48:36 UTC 2018
------------------ testing $PTII/ptolemy/domains/de/test/auto/fsm_de_test.xml
auto.tcl: Setting watchdog for 200 seconds at Mon Jul 30 01:48:36 UTC 2018
9 ms. Memory: 326144K Free: 305350K (94%)
ptolemy.util.test.WatchDog.cancel(): canceling Mon Jul 30 01:48:36 UTC 2018
auto.tcl: Setting watchdog for 200 seconds at Mon Jul 30 01:48:36 UTC 2018
7 ms. Memory: 326144K Free: 305350K (94%)
ptolemy.util.test.WatchDog.cancel(): canceling Mon Jul 30 01:48:36 UTC 2018
------------------ testing $PTII/ptolemy/domains/de/test/auto/functionDependencyReconstruction.xml
auto.tcl: Setting watchdog for 200 seconds at Mon Jul 30 01:48:36 UTC 2018
2 ms. Memory: 327168K Free: 299168K (91%)
ptolemy.util.test.WatchDog.cancel(): canceling Mon Jul 30 01:48:37 UTC 2018
auto.tcl: Setting watchdog for 200 seconds at Mon Jul 30 01:48:37 UTC 2018
3 ms. Memory: 327168K Free: 299168K (91%)
ptolemy.util.test.WatchDog.cancel(): canceling Mon Jul 30 01:48:37 UTC 2018
------------------ testing $PTII/ptolemy/domains/de/test/auto/multirate.xml
auto.tcl: Setting watchdog for 200 seconds at Mon Jul 30 01:48:37 UTC 2018
3 ms. Memory: 326144K Free: 308829K (95%)
ptolemy.util.test.WatchDog.cancel(): canceling Mon Jul 30 01:48:37 UTC 2018
auto.tcl: Setting watchdog for 200 seconds at Mon Jul 30 01:48:37 UTC 2018
3 ms. Memory: 326144K Free: 308829K (95%)
ptolemy.util.test.WatchDog.cancel(): canceling Mon Jul 30 01:48:37 UTC 2018
------------------ testing $PTII/ptolemy/domains/de/test/auto/multirate2.xml
auto.tcl: Setting watchdog for 200 seconds at Mon Jul 30 01:48:37 UTC 2018
3 ms. Memory: 327168K Free: 310025K (95%)
ptolemy.util.test.WatchDog.cancel(): canceling Mon Jul 30 01:48:37 UTC 2018
auto.tcl: Setting watchdog for 200 seconds at Mon Jul 30 01:48:37 UTC 2018
3 ms. Memory: 327168K Free: 310025K (95%)
ptolemy.util.test.WatchDog.cancel(): canceling Mon Jul 30 01:48:37 UTC 2018
------------------ testing $PTII/ptolemy/domains/de/test/auto/realtime.xml
auto.tcl: Setting watchdog for 200 seconds at Mon Jul 30 01:48:37 UTC 2018
10001 ms. Memory: 326144K Free: 308996K (95%)
ptolemy.util.test.WatchDog.cancel(): canceling Mon Jul 30 01:48:47 UTC 2018
auto.tcl: Setting watchdog for 200 seconds at Mon Jul 30 01:48:47 UTC 2018
10002 ms. Memory: 326144K Free: 308996K (95%)
ptolemy.util.test.WatchDog.cancel(): canceling Mon Jul 30 01:48:57 UTC 2018
------------------ testing $PTII/ptolemy/domains/de/test/auto/relationGroup.xml
auto.tcl: Setting watchdog for 200 seconds at Mon Jul 30 01:48:57 UTC 2018
1 ms. Memory: 327168K Free: 313661K (96%)
ptolemy.util.test.WatchDog.cancel(): canceling Mon Jul 30 01:48:57 UTC 2018
auto.tcl: Setting watchdog for 200 seconds at Mon Jul 30 01:48:57 UTC 2018
1 ms. Memory: 327168K Free: 313661K (96%)
ptolemy.util.test.WatchDog.cancel(): canceling Mon Jul 30 01:48:57 UTC 2018
------------------ testing $PTII/ptolemy/domains/de/test/auto/relationGroup2.xml
auto.tcl: Setting watchdog for 200 seconds at Mon Jul 30 01:48:57 UTC 2018
1 ms. Memory: 326144K Free: 312663K (96%)
ptolemy.util.test.WatchDog.cancel(): canceling Mon Jul 30 01:48:57 UTC 2018
auto.tcl: Setting watchdog for 200 seconds at Mon Jul 30 01:48:57 UTC 2018
1 ms. Memory: 326144K Free: 312663K (96%)
ptolemy.util.test.WatchDog.cancel(): canceling Mon Jul 30 01:48:57 UTC 2018
------------------ testing $PTII/ptolemy/domains/de/test/auto/sortWithOpaquePorts.xml
auto.tcl: Setting watchdog for 200 seconds at Mon Jul 30 01:48:57 UTC 2018
1 ms. Memory: 326656K Free: 313175K (96%)
ptolemy.util.test.WatchDog.cancel(): canceling Mon Jul 30 01:48:57 UTC 2018
auto.tcl: Setting watchdog for 200 seconds at Mon Jul 30 01:48:57 UTC 2018
1 ms. Memory: 326656K Free: 309572K (95%)
ptolemy.util.test.WatchDog.cancel(): canceling Mon Jul 30 01:48:57 UTC 2018
------------------ testing $PTII/ptolemy/domains/de/test/auto/transferInputsandOutputs.xml
auto.tcl: Setting watchdog for 200 seconds at Mon Jul 30 01:48:57 UTC 2018
3 ms. Memory: 326144K Free: 309040K (95%)
ptolemy.util.test.WatchDog.cancel(): canceling Mon Jul 30 01:48:57 UTC 2018
auto.tcl: Setting watchdog for 200 seconds at Mon Jul 30 01:48:57 UTC 2018
5 ms. Memory: 326144K Free: 309040K (95%)
ptolemy.util.test.WatchDog.cancel(): canceling Mon Jul 30 01:48:57 UTC 2018
------------------ testing $PTII/ptolemy/domains/de/test/auto/triggerType.xml
auto.tcl: Setting watchdog for 200 seconds at Mon Jul 30 01:48:57 UTC 2018
1 ms. Memory: 326656K Free: 313113K (96%)
ptolemy.util.test.WatchDog.cancel(): canceling Mon Jul 30 01:48:57 UTC 2018
auto.tcl: Setting watchdog for 200 seconds at Mon Jul 30 01:48:57 UTC 2018
1 ms. Memory: 326656K Free: 309502K (95%)
ptolemy.util.test.WatchDog.cancel(): canceling Mon Jul 30 01:48:57 UTC 2018
07/30/18 01:48:57
Failed: 0  Total Tests: 192  ((Passed: 187, Newly Passed: 1)  Known Failed: 5) /home/travis/build/icyphy/ptII/ptolemy/domains/de/test
07/30/18 01:48:57
Failed: 0  Total Tests: 192  ((Passed: 187, Newly Passed: 1)  Known Failed: 5) /home/travis/build/icyphy/ptII/ptolemy/domains/de/test
----------------- testing (KnownFailure) /home/travis/build/icyphy/ptII/ptolemy/domains/de/test/auto/knownFailedTests/DESDFClockTest.xml
2009 ms. Memory: 326144K Free: 302853K (93%)
Known Failure: java.lang.reflect.InvocationTargetException
----------------- testing (KnownFailure) /home/travis/build/icyphy/ptII/ptolemy/domains/de/test/auto/knownFailedTests/DirectFeedback.xml
1 ms. Memory: 326144K Free: 283274K (87%)
Known Failure: java.lang.reflect.InvocationTargetException
----------------- testing (KnownFailure) /home/travis/build/icyphy/ptII/ptolemy/domains/de/test/auto/knownFailedTests/FSMSource.xml
8 ms. Memory: 326144K Free: 258792K (79%)
----------------- testing (KnownFailure) /home/travis/build/icyphy/ptII/ptolemy/domains/de/test/auto/knownFailedTests/HierarchicalModel.xml
1 ms. Memory: 326144K Free: 234286K (72%)
Known Failure: java.lang.reflect.InvocationTargetException
----------------- testing (KnownFailure) /home/travis/build/icyphy/ptII/ptolemy/domains/de/test/auto/knownFailedTests/dependencyLoop.xml
3 ms. Memory: 326144K Free: 204901K (63%)
Known Failure: java.lang.reflect.InvocationTargetException
----------------- testing (KnownFailure) /home/travis/build/icyphy/ptII/ptolemy/domains/de/test/auto/knownFailedTests/dependencyLoop2.xml
3 ms. Memory: 326144K Free: 170622K (52%)
Known Failure: java.lang.reflect.InvocationTargetException
No auto/linux-amd64/*.xml tests in /home/travis/build/icyphy/ptII/ptolemy/domains/de/test
AutoTests.java: About to close Vertx.
AutoTests.java: Vertx closed.

===========================================================================================
----------------- testing Mon Jul 30 01:48:59 UTC 2018 /home/travis/build/icyphy/ptII/ptolemy/domains/de/test/auto/ActorDepthCalculation_actorWithoutPorts.xml
----------------- Instantiating /home/travis/build/icyphy/ptII/ptolemy/domains/de/test/auto/ActorDepthCalculation_actorWithoutPorts.xml
3 ms. Memory: 326144K Free: 141253K (43%)
----------------- Invoking toplevel() on ptolemy.moml.MoMLSimpleApplication@1ea5c58c
----------------- Done invoking toplevel() on ptolemy.moml.MoMLSimpleApplication@1ea5c58c
reloadAllAccessors: .ActorDepthCalculation_actorWithoutPorts

===========================================================================================
----------------- testing Mon Jul 30 01:48:59 UTC 2018 /home/travis/build/icyphy/ptII/ptolemy/domains/de/test/auto/AssemblyLine.xml
----------------- Instantiating /home/travis/build/icyphy/ptII/ptolemy/domains/de/test/auto/AssemblyLine.xml
2 ms. Memory: 326144K Free: 126553K (39%)
----------------- Invoking toplevel() on ptolemy.moml.MoMLSimpleApplication@4001b0df
----------------- Done invoking toplevel() on ptolemy.moml.MoMLSimpleApplication@4001b0df
reloadAllAccessors: .AssemblyLine

===========================================================================================
----------------- testing Mon Jul 30 01:48:59 UTC 2018 /home/travis/build/icyphy/ptII/ptolemy/domains/de/test/auto/CQBug1.xml
----------------- Instantiating /home/travis/build/icyphy/ptII/ptolemy/domains/de/test/auto/CQBug1.xml
1 ms. Memory: 326144K Free: 116763K (36%)
----------------- Invoking toplevel() on ptolemy.moml.MoMLSimpleApplication@62b55fa6
----------------- Done invoking toplevel() on ptolemy.moml.MoMLSimpleApplication@62b55fa6
reloadAllAccessors: .CQBug1

===========================================================================================
----------------- testing Mon Jul 30 01:48:59 UTC 2018 /home/travis/build/icyphy/ptII/ptolemy/domains/de/test/auto/CancelFireAt.xml
----------------- Instantiating /home/travis/build/icyphy/ptII/ptolemy/domains/de/test/auto/CancelFireAt.xml
4 ms. Memory: 326144K Free: 106973K (33%)
----------------- Invoking toplevel() on ptolemy.moml.MoMLSimpleApplication@5ba996e6
----------------- Done invoking toplevel() on ptolemy.moml.MoMLSimpleApplication@5ba996e6
reloadAllAccessors: .CancelFireAt

===========================================================================================
----------------- testing Mon Jul 30 01:48:59 UTC 2018 /home/travis/build/icyphy/ptII/ptolemy/domains/de/test/auto/CausalityAndComposabilityAnalysis.xml
----------------- Instantiating /home/travis/build/icyphy/ptII/ptolemy/domains/de/test/auto/CausalityAndComposabilityAnalysis.xml
1 ms. Memory: 326144K Free: 97183K (30%)
----------------- Invoking toplevel() on ptolemy.moml.MoMLSimpleApplication@250894b5
----------------- Done invoking toplevel() on ptolemy.moml.MoMLSimpleApplication@250894b5
reloadAllAccessors: .CausalityAndComposabilityAnalysis

===========================================================================================
----------------- testing Mon Jul 30 01:48:59 UTC 2018 /home/travis/build/icyphy/ptII/ptolemy/domains/de/test/auto/CausalityInterface1.xml
----------------- Instantiating /home/travis/build/icyphy/ptII/ptolemy/domains/de/test/auto/CausalityInterface1.xml
4 ms. Memory: 326144K Free: 83799K (26%)
----------------- Invoking toplevel() on ptolemy.moml.MoMLSimpleApplication@e2b67c0
----------------- Done invoking toplevel() on ptolemy.moml.MoMLSimpleApplication@e2b67c0
reloadAllAccessors: .CausalityInterface1

===========================================================================================
----------------- testing Mon Jul 30 01:48:59 UTC 2018 /home/travis/build/icyphy/ptII/ptolemy/domains/de/test/auto/CausalityInterface15.xml
----------------- Instantiating /home/travis/build/icyphy/ptII/ptolemy/domains/de/test/auto/CausalityInterface15.xml
9 ms. Memory: 315904K Free: 305903K (97%)
----------------- Invoking toplevel() on ptolemy.moml.MoMLSimpleApplication@569d1d40
----------------- Done invoking toplevel() on ptolemy.moml.MoMLSimpleApplication@569d1d40
reloadAllAccessors: .CausalityInterface15

[...]
java.lang.RuntimeException: Execution failed
	at ptolemy.moml.MoMLSimpleApplication$UnloadThread.run(MoMLSimpleApplication.java:402)
Caused by: ptolemy.kernel.util.IllegalActionException: Test fails in iteration 1.
Value was: 1.0. Should have been: 2.0
  in .DirectFeedback.Test
	at ptolemy.actor.lib.Test.fire(Test.java:268)
	at ptolemy.domains.de.kernel.DEDirector._fire(DEDirector.java:1949)
	at ptolemy.domains.de.kernel.DEDirector.fire(DEDirector.java:502)
	at ptolemy.actor.CompositeActor.fire(CompositeActor.java:455)
	at ptolemy.actor.Manager.iterate(Manager.java:851)
	at ptolemy.actor.Manager.execute(Manager.java:369)
	at ptolemy.actor.Manager.run(Manager.java:1263)
	at ptolemy.actor.Manager$PtolemyRunThread.run(Manager.java:1915)
java.lang.RuntimeException: Execution failed
	at ptolemy.moml.MoMLSimpleApplication$UnloadThread.run(MoMLSimpleApplication.java:402)
Caused by: ptolemy.kernel.util.IllegalActionException: Actor is not ready to fire.  Perhaps UpSample.prefire() returned false? Try debugging the actor by selecting "Listen to Actor".  Also, for SDF check moml for tokenConsumptionRate on input.
  in .DESDFClockTest.Play Bell.Copy1:SDF Director and .DESDFClockTest.Play Bell.UpSample
	at ptolemy.actor.sched.StaticSchedulingDirector.fire(StaticSchedulingDirector.java:227)
	at ptolemy.domains.sdf.kernel.SDFDirector.fire(SDFDirector.java:500)
	at ptolemy.actor.CompositeActor.fire(CompositeActor.java:455)
	at ptolemy.domains.de.kernel.DEDirector._fire(DEDirector.java:1949)
	at ptolemy.domains.de.kernel.DEDirector.fire(DEDirector.java:502)
	at ptolemy.actor.CompositeActor.fire(CompositeActor.java:455)
	at ptolemy.actor.Manager.iterate(Manager.java:851)
	at ptolemy.actor.Manager.execute(Manager.java:369)
	at ptolemy.actor.Manager.run(Manager.java:1263)
	at ptolemy.actor.Manager$PtolemyRunThread.run(Manager.java:1915)
java.lang.reflect.InvocationTargetException
	at sun.reflect.NativeConstructorAccessorImpl.newInstance0(Native Method)
	at sun.reflect.NativeConstructorAccessorImpl.newInstance(NativeConstructorAccessorImpl.java:62)
	at sun.reflect.DelegatingConstructorAccessorImpl.newInstance(DelegatingConstructorAccessorImpl.java:45)
	at java.lang.reflect.Constructor.newInstance(Constructor.java:423)
	at ptolemy.util.test.junit.AutoKnownFailedTests.RunModel(AutoKnownFailedTests.java:107)
	at sun.reflect.NativeMethodAccessorImpl.invoke0(Native Method)
	at sun.reflect.NativeMethodAccessorImpl.invoke(NativeMethodAccessorImpl.java:62)
	at sun.reflect.DelegatingMethodAccessorImpl.invoke(DelegatingMethodAccessorImpl.java:43)
	at java.lang.reflect.Method.invoke(Method.java:498)
	at org.junit.runners.model.FrameworkMethod$1.runReflectiveCall(FrameworkMethod.java:44)
	at org.junit.internal.runners.model.ReflectiveCallable.run(ReflectiveCallable.java:15)
	at org.junit.runners.model.FrameworkMethod.invokeExplosively(FrameworkMethod.java:41)
	at junitparams.internal.InvokeParameterisedMethod.evaluate(InvokeParameterisedMethod.java:102)
	at org.junit.internal.runners.statements.FailOnTimeout$1.run(FailOnTimeout.java:28)
Caused by: ptolemy.kernel.util.IllegalActionException: Actor is not ready to fire.  Perhaps UpSample.prefire() returned false? Try debugging the actor by selecting "Listen to Actor".  Also, for SDF check moml for tokenConsumptionRate on input.
  in .DESDFClockTest.Play Bell.Copy1:SDF Director and .DESDFClockTest.Play Bell.UpSample
	at ptolemy.actor.sched.StaticSchedulingDirector.fire(StaticSchedulingDirector.java:227)
	at ptolemy.domains.sdf.kernel.SDFDirector.fire(SDFDirector.java:500)
	at ptolemy.actor.CompositeActor.fire(CompositeActor.java:455)
	at ptolemy.domains.de.kernel.DEDirector._fire(DEDirector.java:1949)
	at ptolemy.domains.de.kernel.DEDirector.fire(DEDirector.java:502)
	at ptolemy.actor.CompositeActor.fire(CompositeActor.java:455)
	at ptolemy.actor.Manager.iterate(Manager.java:851)
	at ptolemy.actor.Manager.execute(Manager.java:369)
	at ptolemy.actor.Manager.run(Manager.java:1263)
	at ptolemy.actor.Manager$PtolemyRunThread.run(Manager.java:1915)
java.lang.RuntimeException: Execution failed
	at ptolemy.moml.MoMLSimpleApplication$UnloadThread.run(MoMLSimpleApplication.java:402)
Caused by: ptolemy.kernel.util.IllegalActionException: Test fails in iteration 1.
Value was: 1.0. Should have been: 2.0
  in .DirectFeedback.Test
	at ptolemy.actor.lib.Test.fire(Test.java:268)
	at ptolemy.domains.de.kernel.DEDirector._fire(DEDirector.java:1949)
	at ptolemy.domains.de.kernel.DEDirector.fire(DEDirector.java:502)
	at ptolemy.actor.CompositeActor.fire(CompositeActor.java:455)
	at ptolemy.actor.Manager.iterate(Manager.java:851)
	at ptolemy.actor.Manager.execute(Manager.java:369)
	at ptolemy.actor.Manager.run(Manager.java:1263)
	at ptolemy.actor.Manager$PtolemyRunThread.run(Manager.java:1915)
java.lang.reflect.InvocationTargetException
	at sun.reflect.NativeConstructorAccessorImpl.newInstance0(Native Method)
	at sun.reflect.NativeConstructorAccessorImpl.newInstance(NativeConstructorAccessorImpl.java:62)
	at sun.reflect.DelegatingConstructorAccessorImpl.newInstance(DelegatingConstructorAccessorImpl.java:45)
	at java.lang.reflect.Constructor.newInstance(Constructor.java:423)
	at ptolemy.util.test.junit.AutoKnownFailedTests.RunModel(AutoKnownFailedTests.java:107)
	at sun.reflect.NativeMethodAccessorImpl.invoke0(Native Method)
	at sun.reflect.NativeMethodAccessorImpl.invoke(NativeMethodAccessorImpl.java:62)
	at sun.reflect.DelegatingMethodAccessorImpl.invoke(DelegatingMethodAccessorImpl.java:43)
	at java.lang.reflect.Method.invoke(Method.java:498)
	at org.junit.runners.model.FrameworkMethod$1.runReflectiveCall(FrameworkMethod.java:44)
	at org.junit.internal.runners.model.ReflectiveCallable.run(ReflectiveCallable.java:15)
	at org.junit.runners.model.FrameworkMethod.invokeExplosively(FrameworkMethod.java:41)
	at junitparams.internal.InvokeParameterisedMethod.evaluate(InvokeParameterisedMethod.java:102)
	at org.junit.internal.runners.statements.FailOnTimeout$1.run(FailOnTimeout.java:28)
Caused by: ptolemy.kernel.util.IllegalActionException: Test fails in iteration 1.
Value was: 1.0. Should have been: 2.0
  in .DirectFeedback.Test
	at ptolemy.actor.lib.Test.fire(Test.java:268)
	at ptolemy.domains.de.kernel.DEDirector._fire(DEDirector.java:1949)
	at ptolemy.domains.de.kernel.DEDirector.fire(DEDirector.java:502)
	at ptolemy.actor.CompositeActor.fire(CompositeActor.java:455)
	at ptolemy.actor.Manager.iterate(Manager.java:851)
	at ptolemy.actor.Manager.execute(Manager.java:369)
	at ptolemy.actor.Manager.run(Manager.java:1263)
	at ptolemy.actor.Manager$PtolemyRunThread.run(Manager.java:1915)
java.lang.RuntimeException: Execution failed
	at ptolemy.moml.MoMLSimpleApplication$UnloadThread.run(MoMLSimpleApplication.java:402)
Caused by: ptolemy.kernel.util.IllegalActionException: Found a zero delay loop containing .HierarchicalModel.A
  in .HierarchicalModel and .HierarchicalModel.A
	at ptolemy.actor.util.CausalityInterfaceForComposites._computeOutputPortDepth(CausalityInterfaceForComposites.java:759)
	at ptolemy.actor.util.CausalityInterfaceForComposites._computeInputDepth(CausalityInterfaceForComposites.java:696)
	at ptolemy.actor.util.CausalityInterfaceForComposites._computeOutputPortDepth(CausalityInterfaceForComposites.java:765)
	at ptolemy.actor.util.CausalityInterfaceForComposites._computeInputDepth(CausalityInterfaceForComposites.java:696)
	at ptolemy.actor.util.CausalityInterfaceForComposites._computeOutputPortDepth(CausalityInterfaceForComposites.java:765)
	at ptolemy.actor.util.CausalityInterfaceForComposites._computeInputDepth(CausalityInterfaceForComposites.java:696)
	at ptolemy.actor.util.CausalityInterfaceForComposites._computeActorDepth(CausalityInterfaceForComposites.java:532)
	at ptolemy.actor.util.CausalityInterfaceForComposites.checkForCycles(CausalityInterfaceForComposites.java:96)
	at ptolemy.domains.de.kernel.DEDirector.preinitialize(DEDirector.java:1338)
	at ptolemy.actor.CompositeActor.preinitialize(CompositeActor.java:1828)
	at ptolemy.actor.Manager.preinitializeAndResolveTypes(Manager.java:1040)
	at ptolemy.actor.Manager.initialize(Manager.java:710)
	at ptolemy.actor.Manager.execute(Manager.java:356)
	at ptolemy.actor.Manager.run(Manager.java:1263)
	at ptolemy.actor.Manager$PtolemyRunThread.run(Manager.java:1915)
java.lang.reflect.InvocationTargetException
	at sun.reflect.NativeConstructorAccessorImpl.newInstance0(Native Method)
	at sun.reflect.NativeConstructorAccessorImpl.newInstance(NativeConstructorAccessorImpl.java:62)
	at sun.reflect.DelegatingConstructorAccessorImpl.newInstance(DelegatingConstructorAccessorImpl.java:45)
	at java.lang.reflect.Constructor.newInstance(Constructor.java:423)
	at ptolemy.util.test.junit.AutoKnownFailedTests.RunModel(AutoKnownFailedTests.java:107)
	at sun.reflect.NativeMethodAccessorImpl.invoke0(Native Method)
	at sun.reflect.NativeMethodAccessorImpl.invoke(NativeMethodAccessorImpl.java:62)
	at sun.reflect.DelegatingMethodAccessorImpl.invoke(DelegatingMethodAccessorImpl.java:43)
	at java.lang.reflect.Method.invoke(Method.java:498)
	at org.junit.runners.model.FrameworkMethod$1.runReflectiveCall(FrameworkMethod.java:44)
	at org.junit.internal.runners.model.ReflectiveCallable.run(ReflectiveCallable.java:15)
	at org.junit.runners.model.FrameworkMethod.invokeExplosively(FrameworkMethod.java:41)
	at junitparams.internal.InvokeParameterisedMethod.evaluate(InvokeParameterisedMethod.java:102)
	at org.junit.internal.runners.statements.FailOnTimeout$1.run(FailOnTimeout.java:28)
Caused by: ptolemy.kernel.util.IllegalActionException: Found a zero delay loop containing .HierarchicalModel.A
  in .HierarchicalModel and .HierarchicalModel.A
	at ptolemy.actor.util.CausalityInterfaceForComposites._computeOutputPortDepth(CausalityInterfaceForComposites.java:759)
	at ptolemy.actor.util.CausalityInterfaceForComposites._computeInputDepth(CausalityInterfaceForComposites.java:696)
	at ptolemy.actor.util.CausalityInterfaceForComposites._computeOutputPortDepth(CausalityInterfaceForComposites.java:765)
	at ptolemy.actor.util.CausalityInterfaceForComposites._computeInputDepth(CausalityInterfaceForComposites.java:696)
	at ptolemy.actor.util.CausalityInterfaceForComposites._computeOutputPortDepth(CausalityInterfaceForComposites.java:765)
	at ptolemy.actor.util.CausalityInterfaceForComposites._computeInputDepth(CausalityInterfaceForComposites.java:696)
	at ptolemy.actor.util.CausalityInterfaceForComposites._computeActorDepth(CausalityInterfaceForComposites.java:532)
	at ptolemy.actor.util.CausalityInterfaceForComposites.checkForCycles(CausalityInterfaceForComposites.java:96)
	at ptolemy.domains.de.kernel.DEDirector.preinitialize(DEDirector.java:1338)
	at ptolemy.actor.CompositeActor.preinitialize(CompositeActor.java:1828)
	at ptolemy.actor.Manager.preinitializeAndResolveTypes(Manager.java:1040)
	at ptolemy.actor.Manager.initialize(Manager.java:710)
	at ptolemy.actor.Manager.execute(Manager.java:356)
	at ptolemy.actor.Manager.run(Manager.java:1263)
	at ptolemy.actor.Manager$PtolemyRunThread.run(Manager.java:1915)
java.lang.RuntimeException: Execution failed
	at ptolemy.moml.MoMLSimpleApplication$UnloadThread.run(MoMLSimpleApplication.java:402)
Caused by: ptolemy.kernel.util.IllegalActionException: Found a zero delay loop containing .dependencyLoop.original
  in .dependencyLoop and .dependencyLoop.original
	at ptolemy.actor.util.CausalityInterfaceForComposites._computeOutputPortDepth(CausalityInterfaceForComposites.java:759)
	at ptolemy.actor.util.CausalityInterfaceForComposites._computeInputDepth(CausalityInterfaceForComposites.java:696)
	at ptolemy.actor.util.CausalityInterfaceForComposites._computeOutputPortDepth(CausalityInterfaceForComposites.java:765)
	at ptolemy.actor.util.CausalityInterfaceForComposites._computeInputDepth(CausalityInterfaceForComposites.java:696)
	at ptolemy.actor.util.CausalityInterfaceForComposites._computeOutputPortDepth(CausalityInterfaceForComposites.java:765)
	at ptolemy.actor.util.CausalityInterfaceForComposites._computeInputDepth(CausalityInterfaceForComposites.java:696)
	at ptolemy.actor.util.CausalityInterfaceForComposites._computeActorDepth(CausalityInterfaceForComposites.java:532)
	at ptolemy.actor.util.CausalityInterfaceForComposites.checkForCycles(CausalityInterfaceForComposites.java:96)
	at ptolemy.domains.de.kernel.DEDirector.preinitialize(DEDirector.java:1338)
	at ptolemy.actor.CompositeActor.preinitialize(CompositeActor.java:1828)
	at ptolemy.actor.Manager.preinitializeAndResolveTypes(Manager.java:1040)
	at ptolemy.actor.Manager.initialize(Manager.java:710)
	at ptolemy.actor.Manager.execute(Manager.java:356)
	at ptolemy.actor.Manager.run(Manager.java:1263)
	at ptolemy.actor.Manager$PtolemyRunThread.run(Manager.java:1915)
java.lang.reflect.InvocationTargetException
	at sun.reflect.NativeConstructorAccessorImpl.newInstance0(Native Method)
	at sun.reflect.NativeConstructorAccessorImpl.newInstance(NativeConstructorAccessorImpl.java:62)
	at sun.reflect.DelegatingConstructorAccessorImpl.newInstance(DelegatingConstructorAccessorImpl.java:45)
	at java.lang.reflect.Constructor.newInstance(Constructor.java:423)
	at ptolemy.util.test.junit.AutoKnownFailedTests.RunModel(AutoKnownFailedTests.java:107)
	at sun.reflect.NativeMethodAccessorImpl.invoke0(Native Method)
	at sun.reflect.NativeMethodAccessorImpl.invoke(NativeMethodAccessorImpl.java:62)
	at sun.reflect.DelegatingMethodAccessorImpl.invoke(DelegatingMethodAccessorImpl.java:43)
	at java.lang.reflect.Method.invoke(Method.java:498)
	at org.junit.runners.model.FrameworkMethod$1.runReflectiveCall(FrameworkMethod.java:44)
	at org.junit.internal.runners.model.ReflectiveCallable.run(ReflectiveCallable.java:15)
	at org.junit.runners.model.FrameworkMethod.invokeExplosively(FrameworkMethod.java:41)
	at junitparams.internal.InvokeParameterisedMethod.evaluate(InvokeParameterisedMethod.java:102)
	at org.junit.internal.runners.statements.FailOnTimeout$1.run(FailOnTimeout.java:28)
Caused by: ptolemy.kernel.util.IllegalActionException: Found a zero delay loop containing .dependencyLoop.original
  in .dependencyLoop and .dependencyLoop.original
	at ptolemy.actor.util.CausalityInterfaceForComposites._computeOutputPortDepth(CausalityInterfaceForComposites.java:759)
	at ptolemy.actor.util.CausalityInterfaceForComposites._computeInputDepth(CausalityInterfaceForComposites.java:696)
	at ptolemy.actor.util.CausalityInterfaceForComposites._computeOutputPortDepth(CausalityInterfaceForComposites.java:765)
	at ptolemy.actor.util.CausalityInterfaceForComposites._computeInputDepth(CausalityInterfaceForComposites.java:696)
	at ptolemy.actor.util.CausalityInterfaceForComposites._computeOutputPortDepth(CausalityInterfaceForComposites.java:765)
	at ptolemy.actor.util.CausalityInterfaceForComposites._computeInputDepth(CausalityInterfaceForComposites.java:696)
	at ptolemy.actor.util.CausalityInterfaceForComposites._computeActorDepth(CausalityInterfaceForComposites.java:532)
	at ptolemy.actor.util.CausalityInterfaceForComposites.checkForCycles(CausalityInterfaceForComposites.java:96)
	at ptolemy.domains.de.kernel.DEDirector.preinitialize(DEDirector.java:1338)
	at ptolemy.actor.CompositeActor.preinitialize(CompositeActor.java:1828)
	at ptolemy.actor.Manager.preinitializeAndResolveTypes(Manager.java:1040)
	at ptolemy.actor.Manager.initialize(Manager.java:710)
	at ptolemy.actor.Manager.execute(Manager.java:356)
	at ptolemy.actor.Manager.run(Manager.java:1263)
	at ptolemy.actor.Manager$PtolemyRunThread.run(Manager.java:1915)
java.lang.RuntimeException: Execution failed
	at ptolemy.moml.MoMLSimpleApplication$UnloadThread.run(MoMLSimpleApplication.java:402)
Caused by: ptolemy.kernel.util.IllegalActionException: Found a zero delay loop containing .dependencyLoop2.original
  in .dependencyLoop2 and .dependencyLoop2.original
	at ptolemy.actor.util.CausalityInterfaceForComposites._computeOutputPortDepth(CausalityInterfaceForComposites.java:759)
	at ptolemy.actor.util.CausalityInterfaceForComposites._computeInputDepth(CausalityInterfaceForComposites.java:696)
	at ptolemy.actor.util.CausalityInterfaceForComposites._computeOutputPortDepth(CausalityInterfaceForComposites.java:765)
	at ptolemy.actor.util.CausalityInterfaceForComposites._computeInputDepth(CausalityInterfaceForComposites.java:696)
	at ptolemy.actor.util.CausalityInterfaceForComposites._computeOutputPortDepth(CausalityInterfaceForComposites.java:765)
	at ptolemy.actor.util.CausalityInterfaceForComposites._computeInputDepth(CausalityInterfaceForComposites.java:696)
	at ptolemy.actor.util.CausalityInterfaceForComposites._computeActorDepth(CausalityInterfaceForComposites.java:532)
	at ptolemy.actor.util.CausalityInterfaceForComposites.checkForCycles(CausalityInterfaceForComposites.java:96)
	at ptolemy.domains.de.kernel.DEDirector.preinitialize(DEDirector.java:1338)
	at ptolemy.actor.CompositeActor.preinitialize(CompositeActor.java:1828)
	at ptolemy.actor.Manager.preinitializeAndResolveTypes(Manager.java:1040)
	at ptolemy.actor.Manager.initialize(Manager.java:710)
	at ptolemy.actor.Manager.execute(Manager.java:356)
	at ptolemy.actor.Manager.run(Manager.java:1263)
	at ptolemy.actor.Manager$PtolemyRunThread.run(Manager.java:1915)
java.lang.reflect.InvocationTargetException
	at sun.reflect.NativeConstructorAccessorImpl.newInstance0(Native Method)
	at sun.reflect.NativeConstructorAccessorImpl.newInstance(NativeConstructorAccessorImpl.java:62)
	at sun.reflect.DelegatingConstructorAccessorImpl.newInstance(DelegatingConstructorAccessorImpl.java:45)
	at java.lang.reflect.Constructor.newInstance(Constructor.java:423)
	at ptolemy.util.test.junit.AutoKnownFailedTests.RunModel(AutoKnownFailedTests.java:107)
	at sun.reflect.NativeMethodAccessorImpl.invoke0(Native Method)
	at sun.reflect.NativeMethodAccessorImpl.invoke(NativeMethodAccessorImpl.java:62)
	at sun.reflect.DelegatingMethodAccessorImpl.invoke(DelegatingMethodAccessorImpl.java:43)
	at java.lang.reflect.Method.invoke(Method.java:498)
	at org.junit.runners.model.FrameworkMethod$1.runReflectiveCall(FrameworkMethod.java:44)
	at org.junit.internal.runners.model.ReflectiveCallable.run(ReflectiveCallable.java:15)
	at org.junit.runners.model.FrameworkMethod.invokeExplosively(FrameworkMethod.java:41)
	at junitparams.internal.InvokeParameterisedMethod.evaluate(InvokeParameterisedMethod.java:102)
	at org.junit.internal.runners.statements.FailOnTimeout$1.run(FailOnTimeout.java:28)
Caused by: ptolemy.kernel.util.IllegalActionException: Found a zero delay loop containing .dependencyLoop2.original
  in .dependencyLoop2 and .dependencyLoop2.original
	at ptolemy.actor.util.CausalityInterfaceForComposites._computeOutputPortDepth(CausalityInterfaceForComposites.java:759)
	at ptolemy.actor.util.CausalityInterfaceForComposites._computeInputDepth(CausalityInterfaceForComposites.java:696)
	at ptolemy.actor.util.CausalityInterfaceForComposites._computeOutputPortDepth(CausalityInterfaceForComposites.java:765)
	at ptolemy.actor.util.CausalityInterfaceForComposites._computeInputDepth(CausalityInterfaceForComposites.java:696)
	at ptolemy.actor.util.CausalityInterfaceForComposites._computeOutputPortDepth(CausalityInterfaceForComposites.java:765)
	at ptolemy.actor.util.CausalityInterfaceForComposites._computeInputDepth(CausalityInterfaceForComposites.java:696)
	at ptolemy.actor.util.CausalityInterfaceForComposites._computeActorDepth(CausalityInterfaceForComposites.java:532)
	at ptolemy.actor.util.CausalityInterfaceForComposites.checkForCycles(CausalityInterfaceForComposites.java:96)
	at ptolemy.domains.de.kernel.DEDirector.preinitialize(DEDirector.java:1338)
	at ptolemy.actor.CompositeActor.preinitialize(CompositeActor.java:1828)
	at ptolemy.actor.Manager.preinitializeAndResolveTypes(Manager.java:1040)
	at ptolemy.actor.Manager.initialize(Manager.java:710)
	at ptolemy.actor.Manager.execute(Manager.java:356)
	at ptolemy.actor.Manager.run(Manager.java:1263)
	at ptolemy.actor.Manager$PtolemyRunThread.run(Manager.java:1915)
]]></system-err>
</testsuite>
