<?xml version="1.0" encoding="UTF-8" ?>
<testsuite errors="0" failures="0" hostname="travis-job-6b7510b8-213f-414f-a5b3-0620122f0448" name="ptolemy.domains.de.test.junit.JUnitTclTest" skipped="0" tests="101" time="126.588" timestamp="2018-06-01T23:09:35">
  <properties>
[...]
</properties>
  <testcase classname="ptolemy.util.test.junit.TclTests" name="[0] /home/travis/build/icyphy/ptII/ptolemy/domains/de/test/DependencyLoop.tcl (RunTclFile)" time="0.745" />
  <testcase classname="ptolemy.util.test.junit.TclTests" name="[1] /home/travis/build/icyphy/ptII/ptolemy/domains/de/test/RunDETestsAsQSS.tcl (RunTclFile)" time="86.994" />
  <testcase classname="ptolemy.util.test.junit.AutoKnownFailedTests" name="[0] /home/travis/build/icyphy/ptII/ptolemy/domains/de/test/auto/knownFailedTests/DESDFClockTest.xml (RunModel)" time="2.026" />
  <testcase classname="ptolemy.util.test.junit.AutoKnownFailedTests" name="[1] /home/travis/build/icyphy/ptII/ptolemy/domains/de/test/auto/knownFailedTests/DirectFeedback.xml (RunModel)" time="0.01" />
  <testcase classname="ptolemy.util.test.junit.AutoKnownFailedTests" name="[2] /home/travis/build/icyphy/ptII/ptolemy/domains/de/test/auto/knownFailedTests/FSMSource.xml (RunModel)" time="0.03" />
  <testcase classname="ptolemy.util.test.junit.AutoKnownFailedTests" name="[3] /home/travis/build/icyphy/ptII/ptolemy/domains/de/test/auto/knownFailedTests/HierarchicalModel.xml (RunModel)" time="0.029" />
  <testcase classname="ptolemy.util.test.junit.AutoKnownFailedTests" name="[4] /home/travis/build/icyphy/ptII/ptolemy/domains/de/test/auto/knownFailedTests/dependencyLoop.xml (RunModel)" time="0.029" />
  <testcase classname="ptolemy.util.test.junit.AutoKnownFailedTests" name="[5] /home/travis/build/icyphy/ptII/ptolemy/domains/de/test/auto/knownFailedTests/dependencyLoop2.xml (RunModel)" time="0.029" />
  <testcase classname="ptolemy.util.test.junit.AutoNameArchTests" name="[0] ThereAreNoAutoArchTests (RunModel)" time="0.0" />
  <testcase classname="ptolemy.util.test.junit.AutoTests" name="[0] /home/travis/build/icyphy/ptII/ptolemy/domains/de/test/auto/ActorDepthCalculation_actorWithoutPorts.xml (RunModel)" time="0.01" />
  <testcase classname="ptolemy.util.test.junit.AutoTests" name="[1] /home/travis/build/icyphy/ptII/ptolemy/domains/de/test/auto/AssemblyLine.xml (RunModel)" time="0.015" />
  <testcase classname="ptolemy.util.test.junit.AutoTests" name="[2] /home/travis/build/icyphy/ptII/ptolemy/domains/de/test/auto/CQBug1.xml (RunModel)" time="0.01" />
  <testcase classname="ptolemy.util.test.junit.AutoTests" name="[3] /home/travis/build/icyphy/ptII/ptolemy/domains/de/test/auto/CancelFireAt.xml (RunModel)" time="0.014" />
  <testcase classname="ptolemy.util.test.junit.AutoTests" name="[4] /home/travis/build/icyphy/ptII/ptolemy/domains/de/test/auto/CausalityAndComposabilityAnalysis.xml (RunModel)" time="0.011" />
  <testcase classname="ptolemy.util.test.junit.AutoTests" name="[5] /home/travis/build/icyphy/ptII/ptolemy/domains/de/test/auto/CausalityInterface1.xml (RunModel)" time="0.01" />
  <testcase classname="ptolemy.util.test.junit.AutoTests" name="[6] /home/travis/build/icyphy/ptII/ptolemy/domains/de/test/auto/CausalityInterface15.xml (RunModel)" time="0.012" />
  <testcase classname="ptolemy.util.test.junit.AutoTests" name="[7] /home/travis/build/icyphy/ptII/ptolemy/domains/de/test/auto/CausalityInterface2.xml (RunModel)" time="0.01" />
  <testcase classname="ptolemy.util.test.junit.AutoTests" name="[8] /home/travis/build/icyphy/ptII/ptolemy/domains/de/test/auto/CausalityInterface3.xml (RunModel)" time="0.011" />
  <testcase classname="ptolemy.util.test.junit.AutoTests" name="[9] /home/travis/build/icyphy/ptII/ptolemy/domains/de/test/auto/ClockDrift.xml (RunModel)" time="0.033" />
  <testcase classname="ptolemy.util.test.junit.AutoTests" name="[10] /home/travis/build/icyphy/ptII/ptolemy/domains/de/test/auto/ClockDriftAndValueChange.xml (RunModel)" time="0.023" />
  <testcase classname="ptolemy.util.test.junit.AutoTests" name="[11] /home/travis/build/icyphy/ptII/ptolemy/domains/de/test/auto/ClockDriftChange.xml (RunModel)" time="0.019" />
  <testcase classname="ptolemy.util.test.junit.AutoTests" name="[12] /home/travis/build/icyphy/ptII/ptolemy/domains/de/test/auto/ComposableCausalityAnalysis.xml (RunModel)" time="0.012" />
  <testcase classname="ptolemy.util.test.junit.AutoTests" name="[13] /home/travis/build/icyphy/ptII/ptolemy/domains/de/test/auto/DEFixedPointLimitation.xml (RunModel)" time="0.007" />
  <testcase classname="ptolemy.util.test.junit.AutoTests" name="[14] /home/travis/build/icyphy/ptII/ptolemy/domains/de/test/auto/DEScheduleTest.xml (RunModel)" time="0.023" />
  <testcase classname="ptolemy.util.test.junit.AutoTests" name="[15] /home/travis/build/icyphy/ptII/ptolemy/domains/de/test/auto/DEinDEwithStartTimes.xml (RunModel)" time="0.013" />
  <testcase classname="ptolemy.util.test.junit.AutoTests" name="[16] /home/travis/build/icyphy/ptII/ptolemy/domains/de/test/auto/DEinDEwithStartTimes2.xml (RunModel)" time="0.012" />
  <testcase classname="ptolemy.util.test.junit.AutoTests" name="[17] /home/travis/build/icyphy/ptII/ptolemy/domains/de/test/auto/DateDemo.xml (RunModel)" time="0.024" />
  <testcase classname="ptolemy.util.test.junit.AutoTests" name="[18] /home/travis/build/icyphy/ptII/ptolemy/domains/de/test/auto/DateToEvent.xml (RunModel)" time="2.03" />
  <testcase classname="ptolemy.util.test.junit.AutoTests" name="[19] /home/travis/build/icyphy/ptII/ptolemy/domains/de/test/auto/DepthTest1.xml (RunModel)" time="0.007" />
  <testcase classname="ptolemy.util.test.junit.AutoTests" name="[20] /home/travis/build/icyphy/ptII/ptolemy/domains/de/test/auto/DepthTest2.xml (RunModel)" time="0.016" />
  <testcase classname="ptolemy.util.test.junit.AutoTests" name="[21] /home/travis/build/icyphy/ptII/ptolemy/domains/de/test/auto/DepthTest3.xml (RunModel)" time="0.013" />
  <testcase classname="ptolemy.util.test.junit.AutoTests" name="[22] /home/travis/build/icyphy/ptII/ptolemy/domains/de/test/auto/DepthTest4.xml (RunModel)" time="0.012" />
  <testcase classname="ptolemy.util.test.junit.AutoTests" name="[23] /home/travis/build/icyphy/ptII/ptolemy/domains/de/test/auto/DepthTest5.xml (RunModel)" time="0.015" />
  <testcase classname="ptolemy.util.test.junit.AutoTests" name="[24] /home/travis/build/icyphy/ptII/ptolemy/domains/de/test/auto/DepthTest6.xml (RunModel)" time="0.014" />
  <testcase classname="ptolemy.util.test.junit.AutoTests" name="[25] /home/travis/build/icyphy/ptII/ptolemy/domains/de/test/auto/DepthTest7.xml (RunModel)" time="0.025" />
  <testcase classname="ptolemy.util.test.junit.AutoTests" name="[26] /home/travis/build/icyphy/ptII/ptolemy/domains/de/test/auto/EventToDate.xml (RunModel)" time="3.044" />
  <testcase classname="ptolemy.util.test.junit.AutoTests" name="[27] /home/travis/build/icyphy/ptII/ptolemy/domains/de/test/auto/FSM1.xml (RunModel)" time="0.035" />
  <testcase classname="ptolemy.util.test.junit.AutoTests" name="[28] /home/travis/build/icyphy/ptII/ptolemy/domains/de/test/auto/FSM7.xml (RunModel)" time="0.034" />
  <testcase classname="ptolemy.util.test.junit.AutoTests" name="[29] /home/travis/build/icyphy/ptII/ptolemy/domains/de/test/auto/Inspection.xml (RunModel)" time="0.044" />
  <testcase classname="ptolemy.util.test.junit.AutoTests" name="[30] /home/travis/build/icyphy/ptII/ptolemy/domains/de/test/auto/Iteration.xml (RunModel)" time="0.024" />
  <testcase classname="ptolemy.util.test.junit.AutoTests" name="[31] /home/travis/build/icyphy/ptII/ptolemy/domains/de/test/auto/LineFault.xml (RunModel)" time="0.535" />
  <testcase classname="ptolemy.util.test.junit.AutoTests" name="[32] /home/travis/build/icyphy/ptII/ptolemy/domains/de/test/auto/MergeModel1Add.xml (RunModel)" time="0.038" />
  <testcase classname="ptolemy.util.test.junit.AutoTests" name="[33] /home/travis/build/icyphy/ptII/ptolemy/domains/de/test/auto/MergeModel2Add.xml (RunModel)" time="0.039" />
  <testcase classname="ptolemy.util.test.junit.AutoTests" name="[34] /home/travis/build/icyphy/ptII/ptolemy/domains/de/test/auto/MergeModel3Add.xml (RunModel)" time="0.036" />
  <testcase classname="ptolemy.util.test.junit.AutoTests" name="[35] /home/travis/build/icyphy/ptII/ptolemy/domains/de/test/auto/MergeWithoutDiscard.xml (RunModel)" time="0.01" />
  <testcase classname="ptolemy.util.test.junit.AutoTests" name="[36] /home/travis/build/icyphy/ptII/ptolemy/domains/de/test/auto/Modal1.xml (RunModel)" time="0.031" />
  <testcase classname="ptolemy.util.test.junit.AutoTests" name="[37] /home/travis/build/icyphy/ptII/ptolemy/domains/de/test/auto/Modal2.xml (RunModel)" time="0.028" />
  <testcase classname="ptolemy.util.test.junit.AutoTests" name="[38] /home/travis/build/icyphy/ptII/ptolemy/domains/de/test/auto/Modal3.xml (RunModel)" time="0.033" />
  <testcase classname="ptolemy.util.test.junit.AutoTests" name="[39] /home/travis/build/icyphy/ptII/ptolemy/domains/de/test/auto/Modal4.xml (RunModel)" time="0.029" />
  <testcase classname="ptolemy.util.test.junit.AutoTests" name="[40] /home/travis/build/icyphy/ptII/ptolemy/domains/de/test/auto/Modal5.xml (RunModel)" time="0.028" />
  <testcase classname="ptolemy.util.test.junit.AutoTests" name="[41] /home/travis/build/icyphy/ptII/ptolemy/domains/de/test/auto/Modal6.xml (RunModel)" time="0.027" />
  <testcase classname="ptolemy.util.test.junit.AutoTests" name="[42] /home/travis/build/icyphy/ptII/ptolemy/domains/de/test/auto/Modal7.xml (RunModel)" time="0.027" />
  <testcase classname="ptolemy.util.test.junit.AutoTests" name="[43] /home/travis/build/icyphy/ptII/ptolemy/domains/de/test/auto/ModalModel.xml (RunModel)" time="0.161" />
  <testcase classname="ptolemy.util.test.junit.AutoTests" name="[44] /home/travis/build/icyphy/ptII/ptolemy/domains/de/test/auto/ModalSource.xml (RunModel)" time="0.016" />
  <testcase classname="ptolemy.util.test.junit.AutoTests" name="[45] /home/travis/build/icyphy/ptII/ptolemy/domains/de/test/auto/NonInterruptibleTimerZeroDelay.xml (RunModel)" time="0.009" />
  <testcase classname="ptolemy.util.test.junit.AutoTests" name="[46] /home/travis/build/icyphy/ptII/ptolemy/domains/de/test/auto/OpenQueueingNetwork.xml (RunModel)" time="2.135" />
  <testcase classname="ptolemy.util.test.junit.AutoTests" name="[47] /home/travis/build/icyphy/ptII/ptolemy/domains/de/test/auto/OpenQueuingNetwork.xml (RunModel)" time="0.239" />
  <testcase classname="ptolemy.util.test.junit.AutoTests" name="[48] /home/travis/build/icyphy/ptII/ptolemy/domains/de/test/auto/PeriodicSampler.xml (RunModel)" time="0.012" />
  <testcase classname="ptolemy.util.test.junit.AutoTests" name="[49] /home/travis/build/icyphy/ptII/ptolemy/domains/de/test/auto/PersistentIO.xml (RunModel)" time="0.015" />
  <testcase classname="ptolemy.util.test.junit.AutoTests" name="[50] /home/travis/build/icyphy/ptII/ptolemy/domains/de/test/auto/PortParameterResetOnInitialize.xml (RunModel)" time="0.008" />
  <testcase classname="ptolemy.util.test.junit.AutoTests" name="[51] /home/travis/build/icyphy/ptII/ptolemy/domains/de/test/auto/PortParameterUpdates.xml (RunModel)" time="0.012" />
  <testcase classname="ptolemy.util.test.junit.AutoTests" name="[52] /home/travis/build/icyphy/ptII/ptolemy/domains/de/test/auto/QueueAndServer.xml (RunModel)" time="0.016" />
  <testcase classname="ptolemy.util.test.junit.AutoTests" name="[53] /home/travis/build/icyphy/ptII/ptolemy/domains/de/test/auto/Records.xml (RunModel)" time="0.01" />
  <testcase classname="ptolemy.util.test.junit.AutoTests" name="[54] /home/travis/build/icyphy/ptII/ptolemy/domains/de/test/auto/ResetTransitionWithStartTime1.xml (RunModel)" time="0.023" />
  <testcase classname="ptolemy.util.test.junit.AutoTests" name="[55] /home/travis/build/icyphy/ptII/ptolemy/domains/de/test/auto/ResetTransitionWithStartTime2.xml (RunModel)" time="0.017" />
  <testcase classname="ptolemy.util.test.junit.AutoTests" name="[56] /home/travis/build/icyphy/ptII/ptolemy/domains/de/test/auto/ResetTransitionWithStartTime3.xml (RunModel)" time="0.017" />
  <testcase classname="ptolemy.util.test.junit.AutoTests" name="[57] /home/travis/build/icyphy/ptII/ptolemy/domains/de/test/auto/ResetTransitionWithStartTime4.xml (RunModel)" time="0.016" />
  <testcase classname="ptolemy.util.test.junit.AutoTests" name="[58] /home/travis/build/icyphy/ptII/ptolemy/domains/de/test/auto/ResettableTimer1.xml (RunModel)" time="0.009" />
  <testcase classname="ptolemy.util.test.junit.AutoTests" name="[59] /home/travis/build/icyphy/ptII/ptolemy/domains/de/test/auto/ResettableTimer2.xml (RunModel)" time="0.008" />
  <testcase classname="ptolemy.util.test.junit.AutoTests" name="[60] /home/travis/build/icyphy/ptII/ptolemy/domains/de/test/auto/ResettableTimer3.xml (RunModel)" time="0.008" />
  <testcase classname="ptolemy.util.test.junit.AutoTests" name="[61] /home/travis/build/icyphy/ptII/ptolemy/domains/de/test/auto/ResettableTimer4.xml (RunModel)" time="0.007" />
  <testcase classname="ptolemy.util.test.junit.AutoTests" name="[62] /home/travis/build/icyphy/ptII/ptolemy/domains/de/test/auto/ResettableTimer5.xml (RunModel)" time="0.01" />
  <testcase classname="ptolemy.util.test.junit.AutoTests" name="[63] /home/travis/build/icyphy/ptII/ptolemy/domains/de/test/auto/ResettableTimer6.xml (RunModel)" time="0.017" />
  <testcase classname="ptolemy.util.test.junit.AutoTests" name="[64] /home/travis/build/icyphy/ptII/ptolemy/domains/de/test/auto/ServerZeroDelay.xml (RunModel)" time="0.01" />
  <testcase classname="ptolemy.util.test.junit.AutoTests" name="[65] /home/travis/build/icyphy/ptII/ptolemy/domains/de/test/auto/SmartSender.xml (RunModel)" time="3.007" />
  <testcase classname="ptolemy.util.test.junit.AutoTests" name="[66] /home/travis/build/icyphy/ptII/ptolemy/domains/de/test/auto/ThreadedComposite.xml (RunModel)" time="0.106" />
  <testcase classname="ptolemy.util.test.junit.AutoTests" name="[67] /home/travis/build/icyphy/ptII/ptolemy/domains/de/test/auto/Time.xml (RunModel)" time="0.405" />
  <testcase classname="ptolemy.util.test.junit.AutoTests" name="[68] /home/travis/build/icyphy/ptII/ptolemy/domains/de/test/auto/TimeDelayZeroDelay.xml (RunModel)" time="0.011" />
  <testcase classname="ptolemy.util.test.junit.AutoTests" name="[69] /home/travis/build/icyphy/ptII/ptolemy/domains/de/test/auto/TimerZeroDelay.xml (RunModel)" time="0.01" />
  <testcase classname="ptolemy.util.test.junit.AutoTests" name="[70] /home/travis/build/icyphy/ptII/ptolemy/domains/de/test/auto/TimingParadox.xml (RunModel)" time="0.338" />
  <testcase classname="ptolemy.util.test.junit.AutoTests" name="[71] /home/travis/build/icyphy/ptII/ptolemy/domains/de/test/auto/TransferInputs.xml (RunModel)" time="0.009" />
  <testcase classname="ptolemy.util.test.junit.AutoTests" name="[72] /home/travis/build/icyphy/ptII/ptolemy/domains/de/test/auto/TransferOutputs2.xml (RunModel)" time="0.016" />
  <testcase classname="ptolemy.util.test.junit.AutoTests" name="[73] /home/travis/build/icyphy/ptII/ptolemy/domains/de/test/auto/Trilateration.xml (RunModel)" time="11.222" />
  <testcase classname="ptolemy.util.test.junit.AutoTests" name="[74] /home/travis/build/icyphy/ptII/ptolemy/domains/de/test/auto/TwoSigmaDelta.xml (RunModel)" time="1.859" />
  <testcase classname="ptolemy.util.test.junit.AutoTests" name="[75] /home/travis/build/icyphy/ptII/ptolemy/domains/de/test/auto/VariableDelay.xml (RunModel)" time="0.019" />
  <testcase classname="ptolemy.util.test.junit.AutoTests" name="[76] /home/travis/build/icyphy/ptII/ptolemy/domains/de/test/auto/VariableDelay2.xml (RunModel)" time="0.015" />
  <testcase classname="ptolemy.util.test.junit.AutoTests" name="[77] /home/travis/build/icyphy/ptII/ptolemy/domains/de/test/auto/VariableDelayZeroDelay.xml (RunModel)" time="0.012" />
  <testcase classname="ptolemy.util.test.junit.AutoTests" name="[78] /home/travis/build/icyphy/ptII/ptolemy/domains/de/test/auto/VariableDelayZeroDelay2.xml (RunModel)" time="0.009" />
  <testcase classname="ptolemy.util.test.junit.AutoTests" name="[79] /home/travis/build/icyphy/ptII/ptolemy/domains/de/test/auto/deInCt.xml (RunModel)" time="0.016" />
  <testcase classname="ptolemy.util.test.junit.AutoTests" name="[80] /home/travis/build/icyphy/ptII/ptolemy/domains/de/test/auto/deInCt2.xml (RunModel)" time="0.014" />
  <testcase classname="ptolemy.util.test.junit.AutoTests" name="[81] /home/travis/build/icyphy/ptII/ptolemy/domains/de/test/auto/dynamicCausalityInterface1.xml (RunModel)" time="0.017" />
  <testcase classname="ptolemy.util.test.junit.AutoTests" name="[82] /home/travis/build/icyphy/ptII/ptolemy/domains/de/test/auto/fsm_de_test.xml (RunModel)" time="0.023" />
  <testcase classname="ptolemy.util.test.junit.AutoTests" name="[83] /home/travis/build/icyphy/ptII/ptolemy/domains/de/test/auto/functionDependencyReconstruction.xml (RunModel)" time="0.032" />
  <testcase classname="ptolemy.util.test.junit.AutoTests" name="[84] /home/travis/build/icyphy/ptII/ptolemy/domains/de/test/auto/multirate.xml (RunModel)" time="0.015" />
  <testcase classname="ptolemy.util.test.junit.AutoTests" name="[85] /home/travis/build/icyphy/ptII/ptolemy/domains/de/test/auto/multirate2.xml (RunModel)" time="0.018" />
  <testcase classname="ptolemy.util.test.junit.AutoTests" name="[86] /home/travis/build/icyphy/ptII/ptolemy/domains/de/test/auto/realtime.xml (RunModel)" time="10.01" />
  <testcase classname="ptolemy.util.test.junit.AutoTests" name="[87] /home/travis/build/icyphy/ptII/ptolemy/domains/de/test/auto/relationGroup.xml (RunModel)" time="0.007" />
  <testcase classname="ptolemy.util.test.junit.AutoTests" name="[88] /home/travis/build/icyphy/ptII/ptolemy/domains/de/test/auto/relationGroup2.xml (RunModel)" time="0.008" />
  <testcase classname="ptolemy.util.test.junit.AutoTests" name="[89] /home/travis/build/icyphy/ptII/ptolemy/domains/de/test/auto/sortWithOpaquePorts.xml (RunModel)" time="0.011" />
  <testcase classname="ptolemy.util.test.junit.AutoTests" name="[90] /home/travis/build/icyphy/ptII/ptolemy/domains/de/test/auto/transferInputsandOutputs.xml (RunModel)" time="0.019" />
  <testcase classname="ptolemy.util.test.junit.AutoTests" name="[91] /home/travis/build/icyphy/ptII/ptolemy/domains/de/test/auto/triggerType.xml (RunModel)" time="0.007" />
  <system-out><![CDATA[/home/travis/build/icyphy/ptII/ptolemy/domains/de/test/DependencyLoop.tcl
testDefs.tcl: setting time out to 9000 seconds at Fri Jun 01 23:09:35 UTC 2018
14 ms. Memory: 116224K Free: 95090K (82%)
6 ms. Memory: 146944K Free: 137832K (94%)
/home/travis/build/icyphy/ptII/ptolemy/domains/de/test/RunDETestsAsQSS.tcl
Run the DE tests using ptolemy.domains.qss.test.QSSDirectorTest, which extends QSSDirector and prints a message in the constructors.
------------------ testing $PTII/ptolemy/domains/de/test/auto/knownFailedTests/dependencyLoop.xml (Known Failure) 
6 ms. Memory: 146944K Free: 133556K (91%)


==== $PTIIhome/travis/build/icyphy/ptII/ptolemy/domains/de/test/../../../../: Auto Automatic test in file $PTII/ptolemy/domains/de/test/auto/knownFailedTests/dependencyLoop.xml
==== Contents of test case:

	    # FIXME: we should use $relativeFilename here, but it
	    # might have backslashes under Windows, which causes no end
	    # of trouble.
	    createAndExecute $file
	    list {}
	
.... Test generated KNOWN error:
    while executing
ptolemy.kernel.util.IllegalActionException: Found a zero delay loop containing .dependencyLoop.original
  in .dependencyLoop and .dependencyLoop.original
	at ptolemy.actor.util.CausalityInterfaceForComposites._computeOutputPortDepth(CausalityInterfaceForComposites.java:759)
	at ptolemy.actor.util.CausalityInterfaceForComposites._computeInputDepth(CausalityInterfaceForComposites.java:696)
	at ptolemy.actor.util.CausalityInterfaceForComposites._computeOutputPortDepth(CausalityInterfaceForComposites.java:765)
	at ptolemy.actor.util.CausalityInterfaceForComposites._computeInputDepth(CausalityInterfaceForComposites.java:696)
	at ptolemy.actor.util.CausalityInterfaceForComposites._computeOutputPortDepth(CausalityInterfaceForComposites.java:765)
	at ptolemy.actor.util.CausalityInterfaceForComposites._computeInputDepth(CausalityInterfaceForComposites.java:696)
	at ptolemy.actor.util.CausalityInterfaceForComposites._computeActorDepth(CausalityInterfaceForComposites.java:532)
	at ptolemy.actor.util.CausalityInterfaceForComposites.checkForCycles(CausalityInterfaceForComposites.java:96)
	at ptolemy.domains.de.kernel.DEDirector.preinitialize(DEDirector.java:1337)
	at ptolemy.actor.CompositeActor.preinitialize(CompositeActor.java:1828)
	at ptolemy.actor.Manager.preinitializeAndResolveTypes(Manager.java:1040)
	at ptolemy.actor.Manager.initialize(Manager.java:710)
	at ptolemy.actor.Manager.execute(Manager.java:356)
	at ptolemy.actor.Manager.run(Manager.java:1263)
	at ptolemy.actor.Manager$PtolemyRunThread.run(Manager.java:1915)

    while executing
ptolemy.kernel.util.IllegalActionException: Found a zero delay loop containing .dependencyLoop.original
  in .dependencyLoop and .dependencyLoop.original
    while executing
"java::new ptolemy.moml.MoMLSimpleApplication $file
"
    (procedure "createAndExecute" line 2)
    invoked from within
"createAndExecute $file"
    ("uplevel" body line 5)
    invoked from within
"uplevel $contents_of_test"
------------------ testing $PTII/ptolemy/domains/de/test/auto/knownFailedTests/DESDFClockTest.xml (Known Failure) 
2076 ms. Memory: 146944K Free: 117739K (80%)


==== $PTIIhome/travis/build/icyphy/ptII/ptolemy/domains/de/test/../../../../: Auto Automatic test in file $PTII/ptolemy/domains/de/test/auto/knownFailedTests/DESDFClockTest.xml
==== Contents of test case:

	    # FIXME: we should use $relativeFilename here, but it
	    # might have backslashes under Windows, which causes no end
	    # of trouble.
	    createAndExecute $file
	    list {}
	
.... Test generated KNOWN error:
    while executing
ptolemy.kernel.util.IllegalActionException: Actor is not ready to fire.  Perhaps UpSample.prefire() returned false? Try debugging the actor by selecting "Listen to Actor".  Also, for SDF check moml for tokenConsumptionRate on input.
  in .DESDFClockTest.Play Bell.Copy1:SDF Director and .DESDFClockTest.Play Bell.UpSample
	at ptolemy.actor.sched.StaticSchedulingDirector.fire(StaticSchedulingDirector.java:227)
	at ptolemy.domains.sdf.kernel.SDFDirector.fire(SDFDirector.java:500)
	at ptolemy.actor.CompositeActor.fire(CompositeActor.java:455)
	at ptolemy.domains.de.kernel.DEDirector._fire(DEDirector.java:1948)
	at ptolemy.domains.de.kernel.DEDirector.fire(DEDirector.java:502)
	at ptolemy.actor.CompositeActor.fire(CompositeActor.java:455)
	at ptolemy.actor.Manager.iterate(Manager.java:851)
	at ptolemy.actor.Manager.execute(Manager.java:369)
	at ptolemy.actor.Manager.run(Manager.java:1263)
	at ptolemy.actor.Manager$PtolemyRunThread.run(Manager.java:1915)

    while executing
ptolemy.kernel.util.IllegalActionException: Actor is not ready to fire.  Perhaps UpSample.prefire() returned false? Try debugging the actor by selecting "Listen to Actor".  Also, for SDF check moml for tokenConsumptionRate on input.
  in .DESDFClockTest.Play Bell.Copy1:SDF Director and .DESDFClockTest.Play Bell.UpSample
    while executing
"java::new ptolemy.moml.MoMLSimpleApplication $file
"
    (procedure "createAndExecute" line 2)
    invoked from within
"createAndExecute $file"
    ("uplevel" body line 5)
    invoked from within
"uplevel $contents_of_test"
------------------ testing $PTII/ptolemy/domains/de/test/auto/knownFailedTests/FSMSource.xml (Known Failure) 
38 ms. Memory: 146944K Free: 108163K (74%)
!!!! Auto was marked as failing, but now passes
------------------ testing $PTII/ptolemy/domains/de/test/auto/knownFailedTests/dependencyLoop2.xml (Known Failure) 
10 ms. Memory: 146944K Free: 106304K (72%)


==== $PTIIhome/travis/build/icyphy/ptII/ptolemy/domains/de/test/../../../../: Auto Automatic test in file $PTII/ptolemy/domains/de/test/auto/knownFailedTests/dependencyLoop2.xml
==== Contents of test case:

	    # FIXME: we should use $relativeFilename here, but it
	    # might have backslashes under Windows, which causes no end
	    # of trouble.
	    createAndExecute $file
	    list {}
	
.... Test generated KNOWN error:
    while executing
ptolemy.kernel.util.IllegalActionException: Found a zero delay loop containing .dependencyLoop2.original
  in .dependencyLoop2 and .dependencyLoop2.original
	at ptolemy.actor.util.CausalityInterfaceForComposites._computeOutputPortDepth(CausalityInterfaceForComposites.java:759)
	at ptolemy.actor.util.CausalityInterfaceForComposites._computeInputDepth(CausalityInterfaceForComposites.java:696)
	at ptolemy.actor.util.CausalityInterfaceForComposites._computeOutputPortDepth(CausalityInterfaceForComposites.java:765)
	at ptolemy.actor.util.CausalityInterfaceForComposites._computeInputDepth(CausalityInterfaceForComposites.java:696)
	at ptolemy.actor.util.CausalityInterfaceForComposites._computeOutputPortDepth(CausalityInterfaceForComposites.java:765)
	at ptolemy.actor.util.CausalityInterfaceForComposites._computeInputDepth(CausalityInterfaceForComposites.java:696)
	at ptolemy.actor.util.CausalityInterfaceForComposites._computeActorDepth(CausalityInterfaceForComposites.java:532)
	at ptolemy.actor.util.CausalityInterfaceForComposites.checkForCycles(CausalityInterfaceForComposites.java:96)
	at ptolemy.domains.de.kernel.DEDirector.preinitialize(DEDirector.java:1337)
	at ptolemy.actor.CompositeActor.preinitialize(CompositeActor.java:1828)
	at ptolemy.actor.Manager.preinitializeAndResolveTypes(Manager.java:1040)
	at ptolemy.actor.Manager.initialize(Manager.java:710)
	at ptolemy.actor.Manager.execute(Manager.java:356)
	at ptolemy.actor.Manager.run(Manager.java:1263)
	at ptolemy.actor.Manager$PtolemyRunThread.run(Manager.java:1915)

    while executing
ptolemy.kernel.util.IllegalActionException: Found a zero delay loop containing .dependencyLoop2.original
  in .dependencyLoop2 and .dependencyLoop2.original
    while executing
"java::new ptolemy.moml.MoMLSimpleApplication $file
"
    (procedure "createAndExecute" line 2)
    invoked from within
"createAndExecute $file"
    ("uplevel" body line 5)
    invoked from within
"uplevel $contents_of_test"
------------------ testing $PTII/ptolemy/domains/de/test/auto/knownFailedTests/HierarchicalModel.xml (Known Failure) 
5 ms. Memory: 146944K Free: 85764K (58%)


==== $PTIIhome/travis/build/icyphy/ptII/ptolemy/domains/de/test/../../../../: Auto Automatic test in file $PTII/ptolemy/domains/de/test/auto/knownFailedTests/HierarchicalModel.xml
==== Contents of test case:

	    # FIXME: we should use $relativeFilename here, but it
	    # might have backslashes under Windows, which causes no end
	    # of trouble.
	    createAndExecute $file
	    list {}
	
.... Test generated KNOWN error:
    while executing
ptolemy.kernel.util.IllegalActionException: Found a zero delay loop containing .HierarchicalModel.A
  in .HierarchicalModel and .HierarchicalModel.A
	at ptolemy.actor.util.CausalityInterfaceForComposites._computeOutputPortDepth(CausalityInterfaceForComposites.java:759)
	at ptolemy.actor.util.CausalityInterfaceForComposites._computeInputDepth(CausalityInterfaceForComposites.java:696)
	at ptolemy.actor.util.CausalityInterfaceForComposites._computeOutputPortDepth(CausalityInterfaceForComposites.java:765)
	at ptolemy.actor.util.CausalityInterfaceForComposites._computeInputDepth(CausalityInterfaceForComposites.java:696)
	at ptolemy.actor.util.CausalityInterfaceForComposites._computeOutputPortDepth(CausalityInterfaceForComposites.java:765)
	at ptolemy.actor.util.CausalityInterfaceForComposites._computeInputDepth(CausalityInterfaceForComposites.java:696)
	at ptolemy.actor.util.CausalityInterfaceForComposites._computeActorDepth(CausalityInterfaceForComposites.java:532)
	at ptolemy.actor.util.CausalityInterfaceForComposites.checkForCycles(CausalityInterfaceForComposites.java:96)
	at ptolemy.domains.de.kernel.DEDirector.preinitialize(DEDirector.java:1337)
	at ptolemy.actor.CompositeActor.preinitialize(CompositeActor.java:1828)
	at ptolemy.actor.Manager.preinitializeAndResolveTypes(Manager.java:1040)
	at ptolemy.actor.Manager.initialize(Manager.java:710)
	at ptolemy.actor.Manager.execute(Manager.java:356)
	at ptolemy.actor.Manager.run(Manager.java:1263)
	at ptolemy.actor.Manager$PtolemyRunThread.run(Manager.java:1915)

    while executing
ptolemy.kernel.util.IllegalActionException: Found a zero delay loop containing .HierarchicalModel.A
  in .HierarchicalModel and .HierarchicalModel.A
    while executing
"java::new ptolemy.moml.MoMLSimpleApplication $file
"
    (procedure "createAndExecute" line 2)
    invoked from within
"createAndExecute $file"
    ("uplevel" body line 5)
    invoked from within
"uplevel $contents_of_test"
------------------ testing $PTII/ptolemy/domains/de/test/auto/knownFailedTests/DirectFeedback.xml (Known Failure) 
18 ms. Memory: 146944K Free: 142593K (97%)


==== $PTIIhome/travis/build/icyphy/ptII/ptolemy/domains/de/test/../../../../: Auto Automatic test in file $PTII/ptolemy/domains/de/test/auto/knownFailedTests/DirectFeedback.xml
==== Contents of test case:

	    # FIXME: we should use $relativeFilename here, but it
	    # might have backslashes under Windows, which causes no end
	    # of trouble.
	    createAndExecute $file
	    list {}
	
.... Test generated KNOWN error:
    while executing
ptolemy.kernel.util.IllegalActionException: Test fails in iteration 1.
Value was: 1.0. Should have been: 2.0
  in .DirectFeedback.Test
	at ptolemy.actor.lib.Test.fire(Test.java:268)
	at ptolemy.domains.de.kernel.DEDirector._fire(DEDirector.java:1948)
	at ptolemy.domains.de.kernel.DEDirector.fire(DEDirector.java:502)
	at ptolemy.actor.CompositeActor.fire(CompositeActor.java:455)
	at ptolemy.actor.Manager.iterate(Manager.java:851)
	at ptolemy.actor.Manager.execute(Manager.java:369)
	at ptolemy.actor.Manager.run(Manager.java:1263)
	at ptolemy.actor.Manager$PtolemyRunThread.run(Manager.java:1915)

    while executing
ptolemy.kernel.util.IllegalActionException: Test fails in iteration 1.
Value was: 1.0. Should have been: 2.0
  in .DirectFeedback.Test
    while executing
"java::new ptolemy.moml.MoMLSimpleApplication $file
"
    (procedure "createAndExecute" line 2)
    invoked from within
"createAndExecute $file"
    ("uplevel" body line 5)
    invoked from within
"uplevel $contents_of_test"
------------------ testing $PTII/ptolemy/domains/de/test/auto/ActorDepthCalculation_actorWithoutPorts.xml
auto.tcl: Setting watchdog for 200 seconds at Fri Jun 01 23:09:38 UTC 2018
8 ms. Memory: 146944K Free: 133614K (91%)
ptolemy.util.test.WatchDog.cancel(): canceling Fri Jun 01 23:09:39 UTC 2018
auto.tcl: Setting watchdog for 200 seconds at Fri Jun 01 23:09:39 UTC 2018
8 ms. Memory: 146944K Free: 132573K (90%)
ptolemy.util.test.WatchDog.cancel(): canceling Fri Jun 01 23:09:39 UTC 2018
------------------ testing $PTII/ptolemy/domains/de/test/auto/AssemblyLine.xml
auto.tcl: Setting watchdog for 200 seconds at Fri Jun 01 23:09:39 UTC 2018
18 ms. Memory: 208384K Free: 182831K (88%)
ptolemy.util.test.WatchDog.cancel(): canceling Fri Jun 01 23:09:39 UTC 2018
auto.tcl: Setting watchdog for 200 seconds at Fri Jun 01 23:09:39 UTC 2018
10 ms. Memory: 208384K Free: 182831K (88%)
ptolemy.util.test.WatchDog.cancel(): canceling Fri Jun 01 23:09:39 UTC 2018
------------------ testing $PTII/ptolemy/domains/de/test/auto/CQBug1.xml
auto.tcl: Setting watchdog for 200 seconds at Fri Jun 01 23:09:39 UTC 2018
3 ms. Memory: 208384K Free: 197706K (95%)
ptolemy.util.test.WatchDog.cancel(): canceling Fri Jun 01 23:09:39 UTC 2018
auto.tcl: Setting watchdog for 200 seconds at Fri Jun 01 23:09:39 UTC 2018
1 ms. Memory: 208384K Free: 197706K (95%)
ptolemy.util.test.WatchDog.cancel(): canceling Fri Jun 01 23:09:39 UTC 2018
------------------ testing $PTII/ptolemy/domains/de/test/auto/CancelFireAt.xml
auto.tcl: Setting watchdog for 200 seconds at Fri Jun 01 23:09:39 UTC 2018
3 ms. Memory: 208384K Free: 201427K (97%)
ptolemy.util.test.WatchDog.cancel(): canceling Fri Jun 01 23:09:39 UTC 2018
auto.tcl: Setting watchdog for 200 seconds at Fri Jun 01 23:09:39 UTC 2018
2 ms. Memory: 208384K Free: 199325K (96%)
ptolemy.util.test.WatchDog.cancel(): canceling Fri Jun 01 23:09:39 UTC 2018
------------------ testing $PTII/ptolemy/domains/de/test/auto/CausalityAndComposabilityAnalysis.xml
auto.tcl: Setting watchdog for 200 seconds at Fri Jun 01 23:09:39 UTC 2018
8 ms. Memory: 208384K Free: 196435K (94%)
ptolemy.util.test.WatchDog.cancel(): canceling Fri Jun 01 23:09:39 UTC 2018
auto.tcl: Setting watchdog for 200 seconds at Fri Jun 01 23:09:39 UTC 2018
4 ms. Memory: 208384K Free: 196435K (94%)
ptolemy.util.test.WatchDog.cancel(): canceling Fri Jun 01 23:09:39 UTC 2018
------------------ testing $PTII/ptolemy/domains/de/test/auto/CausalityInterface1.xml
auto.tcl: Setting watchdog for 200 seconds at Fri Jun 01 23:09:39 UTC 2018
19 ms. Memory: 208384K Free: 196373K (94%)
ptolemy.util.test.WatchDog.cancel(): canceling Fri Jun 01 23:09:39 UTC 2018
auto.tcl: Setting watchdog for 200 seconds at Fri Jun 01 23:09:39 UTC 2018
4 ms. Memory: 208384K Free: 196373K (94%)
ptolemy.util.test.WatchDog.cancel(): canceling Fri Jun 01 23:09:39 UTC 2018
------------------ testing $PTII/ptolemy/domains/de/test/auto/CausalityInterface15.xml
auto.tcl: Setting watchdog for 200 seconds at Fri Jun 01 23:09:40 UTC 2018
21 ms. Memory: 208384K Free: 196364K (94%)
ptolemy.util.test.WatchDog.cancel(): canceling Fri Jun 01 23:09:40 UTC 2018
auto.tcl: Setting watchdog for 200 seconds at Fri Jun 01 23:09:40 UTC 2018
5 ms. Memory: 208384K Free: 196364K (94%)
ptolemy.util.test.WatchDog.cancel(): canceling Fri Jun 01 23:09:40 UTC 2018
------------------ testing $PTII/ptolemy/domains/de/test/auto/CausalityInterface2.xml
auto.tcl: Setting watchdog for 200 seconds at Fri Jun 01 23:09:40 UTC 2018
3 ms. Memory: 208384K Free: 196348K (94%)
ptolemy.util.test.WatchDog.cancel(): canceling Fri Jun 01 23:09:40 UTC 2018
auto.tcl: Setting watchdog for 200 seconds at Fri Jun 01 23:09:40 UTC 2018
3 ms. Memory: 208384K Free: 196348K (94%)
ptolemy.util.test.WatchDog.cancel(): canceling Fri Jun 01 23:09:40 UTC 2018
------------------ testing $PTII/ptolemy/domains/de/test/auto/CausalityInterface3.xml
auto.tcl: Setting watchdog for 200 seconds at Fri Jun 01 23:09:40 UTC 2018
6 ms. Memory: 208384K Free: 196361K (94%)
ptolemy.util.test.WatchDog.cancel(): canceling Fri Jun 01 23:09:40 UTC 2018
auto.tcl: Setting watchdog for 200 seconds at Fri Jun 01 23:09:40 UTC 2018
8 ms. Memory: 208384K Free: 196361K (94%)
ptolemy.util.test.WatchDog.cancel(): canceling Fri Jun 01 23:09:40 UTC 2018
------------------ testing $PTII/ptolemy/domains/de/test/auto/ClockDrift.xml
auto.tcl: Setting watchdog for 200 seconds at Fri Jun 01 23:09:40 UTC 2018
83 ms. Memory: 208384K Free: 187589K (90%)
ptolemy.util.test.WatchDog.cancel(): canceling Fri Jun 01 23:09:40 UTC 2018
auto.tcl: Setting watchdog for 200 seconds at Fri Jun 01 23:09:40 UTC 2018
68 ms. Memory: 208384K Free: 185488K (89%)
ptolemy.util.test.WatchDog.cancel(): canceling Fri Jun 01 23:09:40 UTC 2018
------------------ testing $PTII/ptolemy/domains/de/test/auto/ClockDriftAndValueChange.xml
auto.tcl: Setting watchdog for 200 seconds at Fri Jun 01 23:09:40 UTC 2018
45 ms. Memory: 208384K Free: 187424K (90%)
ptolemy.util.test.WatchDog.cancel(): canceling Fri Jun 01 23:09:40 UTC 2018
auto.tcl: Setting watchdog for 200 seconds at Fri Jun 01 23:09:40 UTC 2018
38 ms. Memory: 208384K Free: 185323K (89%)
ptolemy.util.test.WatchDog.cancel(): canceling Fri Jun 01 23:09:40 UTC 2018
------------------ testing $PTII/ptolemy/domains/de/test/auto/ClockDriftChange.xml
auto.tcl: Setting watchdog for 200 seconds at Fri Jun 01 23:09:40 UTC 2018
33 ms. Memory: 208384K Free: 190750K (92%)
ptolemy.util.test.WatchDog.cancel(): canceling Fri Jun 01 23:09:40 UTC 2018
auto.tcl: Setting watchdog for 200 seconds at Fri Jun 01 23:09:40 UTC 2018
15 ms. Memory: 208384K Free: 188649K (91%)
ptolemy.util.test.WatchDog.cancel(): canceling Fri Jun 01 23:09:40 UTC 2018
------------------ testing $PTII/ptolemy/domains/de/test/auto/ComposableCausalityAnalysis.xml
auto.tcl: Setting watchdog for 200 seconds at Fri Jun 01 23:09:40 UTC 2018
4 ms. Memory: 208384K Free: 196313K (94%)
ptolemy.util.test.WatchDog.cancel(): canceling Fri Jun 01 23:09:41 UTC 2018
auto.tcl: Setting watchdog for 200 seconds at Fri Jun 01 23:09:41 UTC 2018
2 ms. Memory: 208384K Free: 194212K (93%)
ptolemy.util.test.WatchDog.cancel(): canceling Fri Jun 01 23:09:41 UTC 2018
------------------ testing $PTII/ptolemy/domains/de/test/auto/DEFixedPointLimitation.xml
auto.tcl: Setting watchdog for 200 seconds at Fri Jun 01 23:09:41 UTC 2018
2 ms. Memory: 208384K Free: 196055K (94%)
ptolemy.util.test.WatchDog.cancel(): canceling Fri Jun 01 23:09:41 UTC 2018
auto.tcl: Setting watchdog for 200 seconds at Fri Jun 01 23:09:41 UTC 2018
2 ms. Memory: 208384K Free: 196055K (94%)
ptolemy.util.test.WatchDog.cancel(): canceling Fri Jun 01 23:09:41 UTC 2018
------------------ testing $PTII/ptolemy/domains/de/test/auto/DEScheduleTest.xml
auto.tcl: Setting watchdog for 200 seconds at Fri Jun 01 23:09:41 UTC 2018
6 ms. Memory: 208384K Free: 198192K (95%)
ptolemy.util.test.WatchDog.cancel(): canceling Fri Jun 01 23:09:41 UTC 2018
auto.tcl: Setting watchdog for 200 seconds at Fri Jun 01 23:09:41 UTC 2018
5 ms. Memory: 208384K Free: 196091K (94%)
ptolemy.util.test.WatchDog.cancel(): canceling Fri Jun 01 23:09:41 UTC 2018
------------------ testing $PTII/ptolemy/domains/de/test/auto/DEinDEwithStartTimes.xml
auto.tcl: Setting watchdog for 200 seconds at Fri Jun 01 23:09:41 UTC 2018
3 ms. Memory: 208384K Free: 196060K (94%)
ptolemy.util.test.WatchDog.cancel(): canceling Fri Jun 01 23:09:41 UTC 2018
auto.tcl: Setting watchdog for 200 seconds at Fri Jun 01 23:09:41 UTC 2018
3 ms. Memory: 208384K Free: 193959K (93%)
ptolemy.util.test.WatchDog.cancel(): canceling Fri Jun 01 23:09:41 UTC 2018
------------------ testing $PTII/ptolemy/domains/de/test/auto/DEinDEwithStartTimes2.xml
auto.tcl: Setting watchdog for 200 seconds at Fri Jun 01 23:09:41 UTC 2018
5 ms. Memory: 208384K Free: 196377K (94%)
ptolemy.util.test.WatchDog.cancel(): canceling Fri Jun 01 23:09:41 UTC 2018
auto.tcl: Setting watchdog for 200 seconds at Fri Jun 01 23:09:41 UTC 2018
4 ms. Memory: 208384K Free: 194276K (93%)
ptolemy.util.test.WatchDog.cancel(): canceling Fri Jun 01 23:09:41 UTC 2018
------------------ testing $PTII/ptolemy/domains/de/test/auto/DateDemo.xml
auto.tcl: Setting watchdog for 200 seconds at Fri Jun 01 23:09:41 UTC 2018
9 ms. Memory: 208384K Free: 188475K (90%)
ptolemy.util.test.WatchDog.cancel(): canceling Fri Jun 01 23:09:41 UTC 2018
auto.tcl: Setting watchdog for 200 seconds at Fri Jun 01 23:09:41 UTC 2018
5 ms. Memory: 208384K Free: 186374K (89%)
ptolemy.util.test.WatchDog.cancel(): canceling Fri Jun 01 23:09:41 UTC 2018
------------------ testing $PTII/ptolemy/domains/de/test/auto/DateToEvent.xml
auto.tcl: Setting watchdog for 200 seconds at Fri Jun 01 23:09:41 UTC 2018
2009 ms. Memory: 208384K Free: 183186K (88%)
ptolemy.util.test.WatchDog.cancel(): canceling Fri Jun 01 23:09:43 UTC 2018
auto.tcl: Setting watchdog for 200 seconds at Fri Jun 01 23:09:43 UTC 2018
2004 ms. Memory: 208384K Free: 180729K (87%)
ptolemy.util.test.WatchDog.cancel(): canceling Fri Jun 01 23:09:45 UTC 2018
------------------ testing $PTII/ptolemy/domains/de/test/auto/DepthTest1.xml
auto.tcl: Setting watchdog for 200 seconds at Fri Jun 01 23:09:45 UTC 2018
4 ms. Memory: 208384K Free: 197720K (95%)
ptolemy.util.test.WatchDog.cancel(): canceling Fri Jun 01 23:09:45 UTC 2018
auto.tcl: Setting watchdog for 200 seconds at Fri Jun 01 23:09:45 UTC 2018
1 ms. Memory: 208384K Free: 197720K (95%)
ptolemy.util.test.WatchDog.cancel(): canceling Fri Jun 01 23:09:45 UTC 2018
------------------ testing $PTII/ptolemy/domains/de/test/auto/DepthTest2.xml
auto.tcl: Setting watchdog for 200 seconds at Fri Jun 01 23:09:45 UTC 2018
10 ms. Memory: 208384K Free: 193919K (93%)
ptolemy.util.test.WatchDog.cancel(): canceling Fri Jun 01 23:09:45 UTC 2018
auto.tcl: Setting watchdog for 200 seconds at Fri Jun 01 23:09:45 UTC 2018
6 ms. Memory: 208384K Free: 193919K (93%)
ptolemy.util.test.WatchDog.cancel(): canceling Fri Jun 01 23:09:45 UTC 2018
------------------ testing $PTII/ptolemy/domains/de/test/auto/DepthTest3.xml
auto.tcl: Setting watchdog for 200 seconds at Fri Jun 01 23:09:45 UTC 2018
2 ms. Memory: 208384K Free: 198054K (95%)
ptolemy.util.test.WatchDog.cancel(): canceling Fri Jun 01 23:09:45 UTC 2018
auto.tcl: Setting watchdog for 200 seconds at Fri Jun 01 23:09:45 UTC 2018
1 ms. Memory: 208384K Free: 198054K (95%)
ptolemy.util.test.WatchDog.cancel(): canceling Fri Jun 01 23:09:45 UTC 2018
------------------ testing $PTII/ptolemy/domains/de/test/auto/DepthTest4.xml
auto.tcl: Setting watchdog for 200 seconds at Fri Jun 01 23:09:45 UTC 2018
3 ms. Memory: 208384K Free: 196040K (94%)
ptolemy.util.test.WatchDog.cancel(): canceling Fri Jun 01 23:09:45 UTC 2018
auto.tcl: Setting watchdog for 200 seconds at Fri Jun 01 23:09:45 UTC 2018
3 ms. Memory: 208384K Free: 196040K (94%)
ptolemy.util.test.WatchDog.cancel(): canceling Fri Jun 01 23:09:45 UTC 2018
------------------ testing $PTII/ptolemy/domains/de/test/auto/DepthTest5.xml
auto.tcl: Setting watchdog for 200 seconds at Fri Jun 01 23:09:45 UTC 2018
5 ms. Memory: 208384K Free: 195987K (94%)
ptolemy.util.test.WatchDog.cancel(): canceling Fri Jun 01 23:09:45 UTC 2018
auto.tcl: Setting watchdog for 200 seconds at Fri Jun 01 23:09:45 UTC 2018
3 ms. Memory: 208384K Free: 195987K (94%)
ptolemy.util.test.WatchDog.cancel(): canceling Fri Jun 01 23:09:45 UTC 2018
------------------ testing $PTII/ptolemy/domains/de/test/auto/DepthTest6.xml
auto.tcl: Setting watchdog for 200 seconds at Fri Jun 01 23:09:45 UTC 2018
9 ms. Memory: 208384K Free: 196293K (94%)
ptolemy.util.test.WatchDog.cancel(): canceling Fri Jun 01 23:09:46 UTC 2018
auto.tcl: Setting watchdog for 200 seconds at Fri Jun 01 23:09:46 UTC 2018
2 ms. Memory: 208384K Free: 196293K (94%)
ptolemy.util.test.WatchDog.cancel(): canceling Fri Jun 01 23:09:46 UTC 2018
------------------ testing $PTII/ptolemy/domains/de/test/auto/DepthTest7.xml
auto.tcl: Setting watchdog for 200 seconds at Fri Jun 01 23:09:46 UTC 2018
2 ms. Memory: 208384K Free: 195944K (94%)
ptolemy.util.test.WatchDog.cancel(): canceling Fri Jun 01 23:09:46 UTC 2018
auto.tcl: Setting watchdog for 200 seconds at Fri Jun 01 23:09:46 UTC 2018
2 ms. Memory: 208384K Free: 195944K (94%)
ptolemy.util.test.WatchDog.cancel(): canceling Fri Jun 01 23:09:46 UTC 2018
------------------ testing $PTII/ptolemy/domains/de/test/auto/EventToDate.xml
auto.tcl: Setting watchdog for 200 seconds at Fri Jun 01 23:09:46 UTC 2018
3007 ms. Memory: 208384K Free: 185459K (89%)
ptolemy.util.test.WatchDog.cancel(): canceling Fri Jun 01 23:09:49 UTC 2018
auto.tcl: Setting watchdog for 200 seconds at Fri Jun 01 23:09:49 UTC 2018
3005 ms. Memory: 208384K Free: 185459K (89%)
ptolemy.util.test.WatchDog.cancel(): canceling Fri Jun 01 23:09:52 UTC 2018
------------------ testing $PTII/ptolemy/domains/de/test/auto/FSM1.xml
auto.tcl: Setting watchdog for 200 seconds at Fri Jun 01 23:09:52 UTC 2018
17 ms. Memory: 208384K Free: 186893K (90%)
ptolemy.util.test.WatchDog.cancel(): canceling Fri Jun 01 23:09:52 UTC 2018
auto.tcl: Setting watchdog for 200 seconds at Fri Jun 01 23:09:52 UTC 2018
14 ms. Memory: 208384K Free: 184792K (89%)
ptolemy.util.test.WatchDog.cancel(): canceling Fri Jun 01 23:09:52 UTC 2018
------------------ testing $PTII/ptolemy/domains/de/test/auto/FSM7.xml
auto.tcl: Setting watchdog for 200 seconds at Fri Jun 01 23:09:52 UTC 2018
14 ms. Memory: 208384K Free: 187395K (90%)
ptolemy.util.test.WatchDog.cancel(): canceling Fri Jun 01 23:09:52 UTC 2018
auto.tcl: Setting watchdog for 200 seconds at Fri Jun 01 23:09:52 UTC 2018
14 ms. Memory: 208384K Free: 184940K (89%)
ptolemy.util.test.WatchDog.cancel(): canceling Fri Jun 01 23:09:52 UTC 2018
------------------ testing $PTII/ptolemy/domains/de/test/auto/Inspection.xml
auto.tcl: Setting watchdog for 200 seconds at Fri Jun 01 23:09:52 UTC 2018
20 ms. Memory: 208384K Free: 188602K (91%)
ptolemy.util.test.WatchDog.cancel(): canceling Fri Jun 01 23:09:52 UTC 2018
auto.tcl: Setting watchdog for 200 seconds at Fri Jun 01 23:09:52 UTC 2018
22 ms. Memory: 208384K Free: 186485K (89%)
ptolemy.util.test.WatchDog.cancel(): canceling Fri Jun 01 23:09:52 UTC 2018
------------------ testing $PTII/ptolemy/domains/de/test/auto/Iteration.xml
auto.tcl: Setting watchdog for 200 seconds at Fri Jun 01 23:09:52 UTC 2018
9 ms. Memory: 208384K Free: 193958K (93%)
ptolemy.util.test.WatchDog.cancel(): canceling Fri Jun 01 23:09:52 UTC 2018
auto.tcl: Setting watchdog for 200 seconds at Fri Jun 01 23:09:52 UTC 2018
6 ms. Memory: 208384K Free: 193621K (93%)
ptolemy.util.test.WatchDog.cancel(): canceling Fri Jun 01 23:09:52 UTC 2018
------------------ testing $PTII/ptolemy/domains/de/test/auto/LineFault.xml
auto.tcl: Setting watchdog for 200 seconds at Fri Jun 01 23:09:52 UTC 2018
613 ms. Memory: 208384K Free: 196010K (94%)
ptolemy.util.test.WatchDog.cancel(): canceling Fri Jun 01 23:09:53 UTC 2018
auto.tcl: Setting watchdog for 200 seconds at Fri Jun 01 23:09:53 UTC 2018
606 ms. Memory: 208384K Free: 138574K (66%)
ptolemy.util.test.WatchDog.cancel(): canceling Fri Jun 01 23:09:54 UTC 2018
------------------ testing $PTII/ptolemy/domains/de/test/auto/MergeModel1Add.xml
auto.tcl: Setting watchdog for 200 seconds at Fri Jun 01 23:09:54 UTC 2018
29 ms. Memory: 331264K Free: 302431K (91%)
ptolemy.util.test.WatchDog.cancel(): canceling Fri Jun 01 23:09:54 UTC 2018
auto.tcl: Setting watchdog for 200 seconds at Fri Jun 01 23:09:54 UTC 2018
13 ms. Memory: 331264K Free: 298454K (90%)
ptolemy.util.test.WatchDog.cancel(): canceling Fri Jun 01 23:09:54 UTC 2018
------------------ testing $PTII/ptolemy/domains/de/test/auto/MergeModel2Add.xml
auto.tcl: Setting watchdog for 200 seconds at Fri Jun 01 23:09:54 UTC 2018
11 ms. Memory: 331264K Free: 303770K (92%)
ptolemy.util.test.WatchDog.cancel(): canceling Fri Jun 01 23:09:54 UTC 2018
auto.tcl: Setting watchdog for 200 seconds at Fri Jun 01 23:09:54 UTC 2018
11 ms. Memory: 331264K Free: 299808K (91%)
ptolemy.util.test.WatchDog.cancel(): canceling Fri Jun 01 23:09:54 UTC 2018
------------------ testing $PTII/ptolemy/domains/de/test/auto/MergeModel3Add.xml
auto.tcl: Setting watchdog for 200 seconds at Fri Jun 01 23:09:54 UTC 2018
12 ms. Memory: 331264K Free: 303772K (92%)
ptolemy.util.test.WatchDog.cancel(): canceling Fri Jun 01 23:09:54 UTC 2018
auto.tcl: Setting watchdog for 200 seconds at Fri Jun 01 23:09:54 UTC 2018
9 ms. Memory: 331264K Free: 299795K (91%)
ptolemy.util.test.WatchDog.cancel(): canceling Fri Jun 01 23:09:54 UTC 2018
------------------ testing $PTII/ptolemy/domains/de/test/auto/MergeWithoutDiscard.xml
auto.tcl: Setting watchdog for 200 seconds at Fri Jun 01 23:09:54 UTC 2018
3 ms. Memory: 331264K Free: 319638K (96%)
ptolemy.util.test.WatchDog.cancel(): canceling Fri Jun 01 23:09:54 UTC 2018
auto.tcl: Setting watchdog for 200 seconds at Fri Jun 01 23:09:54 UTC 2018
2 ms. Memory: 331264K Free: 315677K (95%)
ptolemy.util.test.WatchDog.cancel(): canceling Fri Jun 01 23:09:54 UTC 2018
------------------ testing $PTII/ptolemy/domains/de/test/auto/Modal1.xml
auto.tcl: Setting watchdog for 200 seconds at Fri Jun 01 23:09:54 UTC 2018
11 ms. Memory: 331264K Free: 309556K (93%)
ptolemy.util.test.WatchDog.cancel(): canceling Fri Jun 01 23:09:54 UTC 2018
auto.tcl: Setting watchdog for 200 seconds at Fri Jun 01 23:09:54 UTC 2018
10 ms. Memory: 331264K Free: 305595K (92%)
ptolemy.util.test.WatchDog.cancel(): canceling Fri Jun 01 23:09:54 UTC 2018
------------------ testing $PTII/ptolemy/domains/de/test/auto/Modal2.xml
auto.tcl: Setting watchdog for 200 seconds at Fri Jun 01 23:09:54 UTC 2018
11 ms. Memory: 331264K Free: 309438K (93%)
ptolemy.util.test.WatchDog.cancel(): canceling Fri Jun 01 23:09:54 UTC 2018
auto.tcl: Setting watchdog for 200 seconds at Fri Jun 01 23:09:54 UTC 2018
10 ms. Memory: 331264K Free: 305477K (92%)
ptolemy.util.test.WatchDog.cancel(): canceling Fri Jun 01 23:09:54 UTC 2018
------------------ testing $PTII/ptolemy/domains/de/test/auto/Modal3.xml
auto.tcl: Setting watchdog for 200 seconds at Fri Jun 01 23:09:54 UTC 2018
11 ms. Memory: 331264K Free: 309412K (93%)
ptolemy.util.test.WatchDog.cancel(): canceling Fri Jun 01 23:09:55 UTC 2018
auto.tcl: Setting watchdog for 200 seconds at Fri Jun 01 23:09:55 UTC 2018
11 ms. Memory: 331264K Free: 305434K (92%)
ptolemy.util.test.WatchDog.cancel(): canceling Fri Jun 01 23:09:55 UTC 2018
------------------ testing $PTII/ptolemy/domains/de/test/auto/Modal4.xml
auto.tcl: Setting watchdog for 200 seconds at Fri Jun 01 23:09:55 UTC 2018
29 ms. Memory: 331264K Free: 309425K (93%)
ptolemy.util.test.WatchDog.cancel(): canceling Fri Jun 01 23:09:55 UTC 2018
auto.tcl: Setting watchdog for 200 seconds at Fri Jun 01 23:09:55 UTC 2018
19 ms. Memory: 331264K Free: 305448K (92%)
ptolemy.util.test.WatchDog.cancel(): canceling Fri Jun 01 23:09:55 UTC 2018
------------------ testing $PTII/ptolemy/domains/de/test/auto/Modal5.xml
auto.tcl: Setting watchdog for 200 seconds at Fri Jun 01 23:09:55 UTC 2018
19 ms. Memory: 331264K Free: 309428K (93%)
ptolemy.util.test.WatchDog.cancel(): canceling Fri Jun 01 23:09:55 UTC 2018
auto.tcl: Setting watchdog for 200 seconds at Fri Jun 01 23:09:55 UTC 2018
13 ms. Memory: 331264K Free: 305459K (92%)
ptolemy.util.test.WatchDog.cancel(): canceling Fri Jun 01 23:09:55 UTC 2018
------------------ testing $PTII/ptolemy/domains/de/test/auto/Modal6.xml
auto.tcl: Setting watchdog for 200 seconds at Fri Jun 01 23:09:55 UTC 2018
13 ms. Memory: 331264K Free: 309409K (93%)
ptolemy.util.test.WatchDog.cancel(): canceling Fri Jun 01 23:09:55 UTC 2018
auto.tcl: Setting watchdog for 200 seconds at Fri Jun 01 23:09:55 UTC 2018
14 ms. Memory: 331264K Free: 305447K (92%)
ptolemy.util.test.WatchDog.cancel(): canceling Fri Jun 01 23:09:55 UTC 2018
------------------ testing $PTII/ptolemy/domains/de/test/auto/Modal7.xml
auto.tcl: Setting watchdog for 200 seconds at Fri Jun 01 23:09:55 UTC 2018
9 ms. Memory: 331264K Free: 309402K (93%)
ptolemy.util.test.WatchDog.cancel(): canceling Fri Jun 01 23:09:55 UTC 2018
auto.tcl: Setting watchdog for 200 seconds at Fri Jun 01 23:09:55 UTC 2018
9 ms. Memory: 331264K Free: 305424K (92%)
ptolemy.util.test.WatchDog.cancel(): canceling Fri Jun 01 23:09:55 UTC 2018
------------------ testing $PTII/ptolemy/domains/de/test/auto/ModalModel.xml
auto.tcl: Setting watchdog for 200 seconds at Fri Jun 01 23:09:55 UTC 2018
197 ms. Memory: 331264K Free: 245627K (74%)
ptolemy.util.test.WatchDog.cancel(): canceling Fri Jun 01 23:09:55 UTC 2018
auto.tcl: Setting watchdog for 200 seconds at Fri Jun 01 23:09:55 UTC 2018
178 ms. Memory: 331264K Free: 190088K (57%)
ptolemy.util.test.WatchDog.cancel(): canceling Fri Jun 01 23:09:55 UTC 2018
------------------ testing $PTII/ptolemy/domains/de/test/auto/ModalSource.xml
auto.tcl: Setting watchdog for 200 seconds at Fri Jun 01 23:09:56 UTC 2018
9 ms. Memory: 331264K Free: 316218K (95%)
ptolemy.util.test.WatchDog.cancel(): canceling Fri Jun 01 23:09:56 UTC 2018
auto.tcl: Setting watchdog for 200 seconds at Fri Jun 01 23:09:56 UTC 2018
8 ms. Memory: 331264K Free: 312693K (94%)
ptolemy.util.test.WatchDog.cancel(): canceling Fri Jun 01 23:09:56 UTC 2018
------------------ testing $PTII/ptolemy/domains/de/test/auto/NonInterruptibleTimerZeroDelay.xml
auto.tcl: Setting watchdog for 200 seconds at Fri Jun 01 23:09:56 UTC 2018
4 ms. Memory: 331264K Free: 320596K (97%)
ptolemy.util.test.WatchDog.cancel(): canceling Fri Jun 01 23:09:56 UTC 2018
auto.tcl: Setting watchdog for 200 seconds at Fri Jun 01 23:09:56 UTC 2018
2 ms. Memory: 331264K Free: 317055K (96%)
ptolemy.util.test.WatchDog.cancel(): canceling Fri Jun 01 23:09:56 UTC 2018
------------------ testing $PTII/ptolemy/domains/de/test/auto/OpenQueueingNetwork.xml
auto.tcl: Setting watchdog for 200 seconds at Fri Jun 01 23:09:56 UTC 2018
2636 ms. Memory: 573952K Free: 413996K (72%)
ptolemy.util.test.WatchDog.cancel(): canceling Fri Jun 01 23:09:58 UTC 2018
auto.tcl: Setting watchdog for 200 seconds at Fri Jun 01 23:09:58 UTC 2018
2430 ms. Memory: 550912K Free: 294763K (54%)
ptolemy.util.test.WatchDog.cancel(): canceling Fri Jun 01 23:10:01 UTC 2018
------------------ testing $PTII/ptolemy/domains/de/test/auto/OpenQueuingNetwork.xml
auto.tcl: Setting watchdog for 200 seconds at Fri Jun 01 23:10:01 UTC 2018
224 ms. Memory: 549888K Free: 444331K (81%)
ptolemy.util.test.WatchDog.cancel(): canceling Fri Jun 01 23:10:01 UTC 2018
auto.tcl: Setting watchdog for 200 seconds at Fri Jun 01 23:10:01 UTC 2018
220 ms. Memory: 549888K Free: 383749K (70%)
ptolemy.util.test.WatchDog.cancel(): canceling Fri Jun 01 23:10:01 UTC 2018
------------------ testing $PTII/ptolemy/domains/de/test/auto/PeriodicSampler.xml
auto.tcl: Setting watchdog for 200 seconds at Fri Jun 01 23:10:02 UTC 2018
3 ms. Memory: 551936K Free: 530321K (96%)
ptolemy.util.test.WatchDog.cancel(): canceling Fri Jun 01 23:10:02 UTC 2018
auto.tcl: Setting watchdog for 200 seconds at Fri Jun 01 23:10:02 UTC 2018
2 ms. Memory: 551936K Free: 530321K (96%)
ptolemy.util.test.WatchDog.cancel(): canceling Fri Jun 01 23:10:02 UTC 2018
------------------ testing $PTII/ptolemy/domains/de/test/auto/PersistentIO.xml
auto.tcl: Setting watchdog for 200 seconds at Fri Jun 01 23:10:02 UTC 2018
11 ms. Memory: 549376K Free: 521859K (95%)
ptolemy.util.test.WatchDog.cancel(): canceling Fri Jun 01 23:10:02 UTC 2018
auto.tcl: Setting watchdog for 200 seconds at Fri Jun 01 23:10:02 UTC 2018
4 ms. Memory: 549376K Free: 521859K (95%)
ptolemy.util.test.WatchDog.cancel(): canceling Fri Jun 01 23:10:02 UTC 2018
------------------ testing $PTII/ptolemy/domains/de/test/auto/PortParameterResetOnInitialize.xml
auto.tcl: Setting watchdog for 200 seconds at Fri Jun 01 23:10:02 UTC 2018
2 ms. Memory: 551424K Free: 530269K (96%)
ptolemy.util.test.WatchDog.cancel(): canceling Fri Jun 01 23:10:02 UTC 2018
auto.tcl: Setting watchdog for 200 seconds at Fri Jun 01 23:10:02 UTC 2018
2 ms. Memory: 551424K Free: 530269K (96%)
ptolemy.util.test.WatchDog.cancel(): canceling Fri Jun 01 23:10:02 UTC 2018
------------------ testing $PTII/ptolemy/domains/de/test/auto/PortParameterUpdates.xml
auto.tcl: Setting watchdog for 200 seconds at Fri Jun 01 23:10:02 UTC 2018
4 ms. Memory: 549376K Free: 533034K (97%)
ptolemy.util.test.WatchDog.cancel(): canceling Fri Jun 01 23:10:02 UTC 2018
auto.tcl: Setting watchdog for 200 seconds at Fri Jun 01 23:10:02 UTC 2018
4 ms. Memory: 549376K Free: 533034K (97%)
ptolemy.util.test.WatchDog.cancel(): canceling Fri Jun 01 23:10:02 UTC 2018
------------------ testing $PTII/ptolemy/domains/de/test/auto/QueueAndServer.xml
auto.tcl: Setting watchdog for 200 seconds at Fri Jun 01 23:10:02 UTC 2018
20 ms. Memory: 551424K Free: 535045K (97%)
ptolemy.util.test.WatchDog.cancel(): canceling Fri Jun 01 23:10:02 UTC 2018
auto.tcl: Setting watchdog for 200 seconds at Fri Jun 01 23:10:02 UTC 2018
6 ms. Memory: 551424K Free: 528298K (96%)
ptolemy.util.test.WatchDog.cancel(): canceling Fri Jun 01 23:10:02 UTC 2018
------------------ testing $PTII/ptolemy/domains/de/test/auto/Records.xml
auto.tcl: Setting watchdog for 200 seconds at Fri Jun 01 23:10:02 UTC 2018
5 ms. Memory: 549376K Free: 532937K (97%)
ptolemy.util.test.WatchDog.cancel(): canceling Fri Jun 01 23:10:02 UTC 2018
auto.tcl: Setting watchdog for 200 seconds at Fri Jun 01 23:10:02 UTC 2018
2 ms. Memory: 549376K Free: 532937K (97%)
ptolemy.util.test.WatchDog.cancel(): canceling Fri Jun 01 23:10:02 UTC 2018
------------------ testing $PTII/ptolemy/domains/de/test/auto/ResetTransitionWithStartTime1.xml
auto.tcl: Setting watchdog for 200 seconds at Fri Jun 01 23:10:02 UTC 2018
11 ms. Memory: 551424K Free: 535241K (97%)
ptolemy.util.test.WatchDog.cancel(): canceling Fri Jun 01 23:10:02 UTC 2018
auto.tcl: Setting watchdog for 200 seconds at Fri Jun 01 23:10:02 UTC 2018
5 ms. Memory: 551424K Free: 528264K (96%)
ptolemy.util.test.WatchDog.cancel(): canceling Fri Jun 01 23:10:02 UTC 2018
------------------ testing $PTII/ptolemy/domains/de/test/auto/ResetTransitionWithStartTime2.xml
auto.tcl: Setting watchdog for 200 seconds at Fri Jun 01 23:10:02 UTC 2018
5 ms. Memory: 549376K Free: 526453K (96%)
ptolemy.util.test.WatchDog.cancel(): canceling Fri Jun 01 23:10:02 UTC 2018
auto.tcl: Setting watchdog for 200 seconds at Fri Jun 01 23:10:02 UTC 2018
6 ms. Memory: 549376K Free: 526453K (96%)
ptolemy.util.test.WatchDog.cancel(): canceling Fri Jun 01 23:10:02 UTC 2018
------------------ testing $PTII/ptolemy/domains/de/test/auto/ResetTransitionWithStartTime3.xml
auto.tcl: Setting watchdog for 200 seconds at Fri Jun 01 23:10:02 UTC 2018
4 ms. Memory: 550912K Free: 534719K (97%)
ptolemy.util.test.WatchDog.cancel(): canceling Fri Jun 01 23:10:02 UTC 2018
auto.tcl: Setting watchdog for 200 seconds at Fri Jun 01 23:10:02 UTC 2018
4 ms. Memory: 550912K Free: 527988K (96%)
ptolemy.util.test.WatchDog.cancel(): canceling Fri Jun 01 23:10:02 UTC 2018
------------------ testing $PTII/ptolemy/domains/de/test/auto/ResetTransitionWithStartTime4.xml
auto.tcl: Setting watchdog for 200 seconds at Fri Jun 01 23:10:02 UTC 2018
5 ms. Memory: 549376K Free: 521541K (95%)
ptolemy.util.test.WatchDog.cancel(): canceling Fri Jun 01 23:10:02 UTC 2018
auto.tcl: Setting watchdog for 200 seconds at Fri Jun 01 23:10:02 UTC 2018
3 ms. Memory: 549376K Free: 521541K (95%)
ptolemy.util.test.WatchDog.cancel(): canceling Fri Jun 01 23:10:02 UTC 2018
------------------ testing $PTII/ptolemy/domains/de/test/auto/ResettableTimer1.xml
auto.tcl: Setting watchdog for 200 seconds at Fri Jun 01 23:10:02 UTC 2018
4 ms. Memory: 550912K Free: 534483K (97%)
ptolemy.util.test.WatchDog.cancel(): canceling Fri Jun 01 23:10:02 UTC 2018
auto.tcl: Setting watchdog for 200 seconds at Fri Jun 01 23:10:02 UTC 2018
2 ms. Memory: 550912K Free: 534483K (97%)
ptolemy.util.test.WatchDog.cancel(): canceling Fri Jun 01 23:10:02 UTC 2018
------------------ testing $PTII/ptolemy/domains/de/test/auto/ResettableTimer2.xml
auto.tcl: Setting watchdog for 200 seconds at Fri Jun 01 23:10:02 UTC 2018
2 ms. Memory: 549376K Free: 533235K (97%)
ptolemy.util.test.WatchDog.cancel(): canceling Fri Jun 01 23:10:02 UTC 2018
auto.tcl: Setting watchdog for 200 seconds at Fri Jun 01 23:10:02 UTC 2018
2 ms. Memory: 549376K Free: 533235K (97%)
ptolemy.util.test.WatchDog.cancel(): canceling Fri Jun 01 23:10:02 UTC 2018
------------------ testing $PTII/ptolemy/domains/de/test/auto/ResettableTimer3.xml
auto.tcl: Setting watchdog for 200 seconds at Fri Jun 01 23:10:02 UTC 2018
1 ms. Memory: 550912K Free: 529861K (96%)
ptolemy.util.test.WatchDog.cancel(): canceling Fri Jun 01 23:10:02 UTC 2018
auto.tcl: Setting watchdog for 200 seconds at Fri Jun 01 23:10:02 UTC 2018
1 ms. Memory: 550912K Free: 529861K (96%)
ptolemy.util.test.WatchDog.cancel(): canceling Fri Jun 01 23:10:02 UTC 2018
------------------ testing $PTII/ptolemy/domains/de/test/auto/ResettableTimer4.xml
auto.tcl: Setting watchdog for 200 seconds at Fri Jun 01 23:10:02 UTC 2018
2 ms. Memory: 549376K Free: 533248K (97%)
ptolemy.util.test.WatchDog.cancel(): canceling Fri Jun 01 23:10:02 UTC 2018
auto.tcl: Setting watchdog for 200 seconds at Fri Jun 01 23:10:02 UTC 2018
1 ms. Memory: 549376K Free: 533248K (97%)
ptolemy.util.test.WatchDog.cancel(): canceling Fri Jun 01 23:10:02 UTC 2018
------------------ testing $PTII/ptolemy/domains/de/test/auto/ResettableTimer5.xml
auto.tcl: Setting watchdog for 200 seconds at Fri Jun 01 23:10:02 UTC 2018
1 ms. Memory: 550400K Free: 529360K (96%)
ptolemy.util.test.WatchDog.cancel(): canceling Fri Jun 01 23:10:02 UTC 2018
auto.tcl: Setting watchdog for 200 seconds at Fri Jun 01 23:10:02 UTC 2018
2 ms. Memory: 550400K Free: 529360K (96%)
ptolemy.util.test.WatchDog.cancel(): canceling Fri Jun 01 23:10:03 UTC 2018
------------------ testing $PTII/ptolemy/domains/de/test/auto/ResettableTimer6.xml
auto.tcl: Setting watchdog for 200 seconds at Fri Jun 01 23:10:03 UTC 2018
1 ms. Memory: 549376K Free: 532965K (97%)
ptolemy.util.test.WatchDog.cancel(): canceling Fri Jun 01 23:10:03 UTC 2018
auto.tcl: Setting watchdog for 200 seconds at Fri Jun 01 23:10:03 UTC 2018
2 ms. Memory: 549376K Free: 523606K (95%)
ptolemy.util.test.WatchDog.cancel(): canceling Fri Jun 01 23:10:03 UTC 2018
------------------ testing $PTII/ptolemy/domains/de/test/auto/ServerZeroDelay.xml
auto.tcl: Setting watchdog for 200 seconds at Fri Jun 01 23:10:03 UTC 2018
2 ms. Memory: 550400K Free: 534210K (97%)
ptolemy.util.test.WatchDog.cancel(): canceling Fri Jun 01 23:10:03 UTC 2018
auto.tcl: Setting watchdog for 200 seconds at Fri Jun 01 23:10:03 UTC 2018
3 ms. Memory: 550400K Free: 534210K (97%)
ptolemy.util.test.WatchDog.cancel(): canceling Fri Jun 01 23:10:03 UTC 2018
------------------ testing $PTII/ptolemy/domains/de/test/auto/SmartSender.xml
auto.tcl: Setting watchdog for 200 seconds at Fri Jun 01 23:10:03 UTC 2018
3001 ms. Memory: 549376K Free: 533182K (97%)
ptolemy.util.test.WatchDog.cancel(): canceling Fri Jun 01 23:10:06 UTC 2018
auto.tcl: Setting watchdog for 200 seconds at Fri Jun 01 23:10:06 UTC 2018
3002 ms. Memory: 549376K Free: 533182K (97%)
ptolemy.util.test.WatchDog.cancel(): canceling Fri Jun 01 23:10:09 UTC 2018
------------------ testing $PTII/ptolemy/domains/de/test/auto/ThreadedComposite.xml
auto.tcl: Setting watchdog for 200 seconds at Fri Jun 01 23:10:09 UTC 2018
174 ms. Memory: 550400K Free: 513219K (93%)
ptolemy.util.test.WatchDog.cancel(): canceling Fri Jun 01 23:10:09 UTC 2018
auto.tcl: Setting watchdog for 200 seconds at Fri Jun 01 23:10:09 UTC 2018
195 ms. Memory: 550400K Free: 487769K (89%)
ptolemy.util.test.WatchDog.cancel(): canceling Fri Jun 01 23:10:09 UTC 2018
------------------ testing $PTII/ptolemy/domains/de/test/auto/Time.xml
auto.tcl: Setting watchdog for 200 seconds at Fri Jun 01 23:10:09 UTC 2018
509 ms. Memory: 549376K Free: 476521K (87%)
ptolemy.util.test.WatchDog.cancel(): canceling Fri Jun 01 23:10:10 UTC 2018
auto.tcl: Setting watchdog for 200 seconds at Fri Jun 01 23:10:10 UTC 2018
510 ms. Memory: 549376K Free: 415939K (76%)
ptolemy.util.test.WatchDog.cancel(): canceling Fri Jun 01 23:10:10 UTC 2018
------------------ testing $PTII/ptolemy/domains/de/test/auto/TimeDelayZeroDelay.xml
auto.tcl: Setting watchdog for 200 seconds at Fri Jun 01 23:10:10 UTC 2018
2 ms. Memory: 550400K Free: 533898K (97%)
ptolemy.util.test.WatchDog.cancel(): canceling Fri Jun 01 23:10:10 UTC 2018
auto.tcl: Setting watchdog for 200 seconds at Fri Jun 01 23:10:10 UTC 2018
2 ms. Memory: 550400K Free: 533898K (97%)
ptolemy.util.test.WatchDog.cancel(): canceling Fri Jun 01 23:10:10 UTC 2018
------------------ testing $PTII/ptolemy/domains/de/test/auto/TimerZeroDelay.xml
auto.tcl: Setting watchdog for 200 seconds at Fri Jun 01 23:10:10 UTC 2018
2 ms. Memory: 549376K Free: 533147K (97%)
ptolemy.util.test.WatchDog.cancel(): canceling Fri Jun 01 23:10:10 UTC 2018
auto.tcl: Setting watchdog for 200 seconds at Fri Jun 01 23:10:10 UTC 2018
2 ms. Memory: 549376K Free: 533147K (97%)
ptolemy.util.test.WatchDog.cancel(): canceling Fri Jun 01 23:10:10 UTC 2018
------------------ testing $PTII/ptolemy/domains/de/test/auto/TimingParadox.xml
auto.tcl: Setting watchdog for 200 seconds at Fri Jun 01 23:10:10 UTC 2018
354 ms. Memory: 549888K Free: 462303K (84%)
ptolemy.util.test.WatchDog.cancel(): canceling Fri Jun 01 23:10:11 UTC 2018
auto.tcl: Setting watchdog for 200 seconds at Fri Jun 01 23:10:11 UTC 2018
330 ms. Memory: 549888K Free: 428647K (78%)
ptolemy.util.test.WatchDog.cancel(): canceling Fri Jun 01 23:10:11 UTC 2018
------------------ testing $PTII/ptolemy/domains/de/test/auto/TransferInputs.xml
auto.tcl: Setting watchdog for 200 seconds at Fri Jun 01 23:10:11 UTC 2018
2 ms. Memory: 549888K Free: 532564K (97%)
ptolemy.util.test.WatchDog.cancel(): canceling Fri Jun 01 23:10:11 UTC 2018
auto.tcl: Setting watchdog for 200 seconds at Fri Jun 01 23:10:11 UTC 2018
1 ms. Memory: 549888K Free: 532564K (97%)
ptolemy.util.test.WatchDog.cancel(): canceling Fri Jun 01 23:10:11 UTC 2018
------------------ testing $PTII/ptolemy/domains/de/test/auto/TransferOutputs2.xml
auto.tcl: Setting watchdog for 200 seconds at Fri Jun 01 23:10:11 UTC 2018
3 ms. Memory: 549376K Free: 526423K (96%)
ptolemy.util.test.WatchDog.cancel(): canceling Fri Jun 01 23:10:11 UTC 2018
auto.tcl: Setting watchdog for 200 seconds at Fri Jun 01 23:10:11 UTC 2018
3 ms. Memory: 549376K Free: 526423K (96%)
ptolemy.util.test.WatchDog.cancel(): canceling Fri Jun 01 23:10:11 UTC 2018
------------------ testing $PTII/ptolemy/domains/de/test/auto/Trilateration.xml
auto.tcl: Setting watchdog for 200 seconds at Fri Jun 01 23:10:11 UTC 2018
13327 ms. Memory: 453632K Free: 82217K (18%)
ptolemy.util.test.WatchDog.cancel(): canceling Fri Jun 01 23:10:26 UTC 2018
auto.tcl: Setting watchdog for 200 seconds at Fri Jun 01 23:10:26 UTC 2018
10804 ms. Memory: 331264K Free: 172490K (52%)
ptolemy.util.test.WatchDog.cancel(): canceling Fri Jun 01 23:10:37 UTC 2018
------------------ testing $PTII/ptolemy/domains/de/test/auto/TwoSigmaDelta.xml
auto.tcl: Setting watchdog for 200 seconds at Fri Jun 01 23:10:37 UTC 2018
2755 ms. Memory: 320000K Free: 253026K (79%)
ptolemy.util.test.WatchDog.cancel(): canceling Fri Jun 01 23:10:40 UTC 2018
auto.tcl: Setting watchdog for 200 seconds at Fri Jun 01 23:10:40 UTC 2018
2153 ms. Memory: 307712K Free: 242002K (79%)
ptolemy.util.test.WatchDog.cancel(): canceling Fri Jun 01 23:10:42 UTC 2018
------------------ testing $PTII/ptolemy/domains/de/test/auto/VariableDelay.xml
auto.tcl: Setting watchdog for 200 seconds at Fri Jun 01 23:10:42 UTC 2018
3 ms. Memory: 309760K Free: 293429K (95%)
ptolemy.util.test.WatchDog.cancel(): canceling Fri Jun 01 23:10:42 UTC 2018
auto.tcl: Setting watchdog for 200 seconds at Fri Jun 01 23:10:42 UTC 2018
1 ms. Memory: 309760K Free: 293429K (95%)
ptolemy.util.test.WatchDog.cancel(): canceling Fri Jun 01 23:10:42 UTC 2018
------------------ testing $PTII/ptolemy/domains/de/test/auto/VariableDelay2.xml
auto.tcl: Setting watchdog for 200 seconds at Fri Jun 01 23:10:42 UTC 2018
1 ms. Memory: 307712K Free: 294059K (96%)
ptolemy.util.test.WatchDog.cancel(): canceling Fri Jun 01 23:10:42 UTC 2018
auto.tcl: Setting watchdog for 200 seconds at Fri Jun 01 23:10:42 UTC 2018
1 ms. Memory: 307712K Free: 294059K (96%)
ptolemy.util.test.WatchDog.cancel(): canceling Fri Jun 01 23:10:42 UTC 2018
------------------ testing $PTII/ptolemy/domains/de/test/auto/VariableDelayZeroDelay.xml
auto.tcl: Setting watchdog for 200 seconds at Fri Jun 01 23:10:42 UTC 2018
2 ms. Memory: 309248K Free: 296562K (96%)
ptolemy.util.test.WatchDog.cancel(): canceling Fri Jun 01 23:10:42 UTC 2018
auto.tcl: Setting watchdog for 200 seconds at Fri Jun 01 23:10:42 UTC 2018
2 ms. Memory: 309248K Free: 293322K (95%)
ptolemy.util.test.WatchDog.cancel(): canceling Fri Jun 01 23:10:42 UTC 2018
------------------ testing $PTII/ptolemy/domains/de/test/auto/VariableDelayZeroDelay2.xml
auto.tcl: Setting watchdog for 200 seconds at Fri Jun 01 23:10:42 UTC 2018
2 ms. Memory: 307712K Free: 294072K (96%)
ptolemy.util.test.WatchDog.cancel(): canceling Fri Jun 01 23:10:42 UTC 2018
auto.tcl: Setting watchdog for 200 seconds at Fri Jun 01 23:10:42 UTC 2018
1 ms. Memory: 307712K Free: 294072K (96%)
ptolemy.util.test.WatchDog.cancel(): canceling Fri Jun 01 23:10:42 UTC 2018
------------------ testing $PTII/ptolemy/domains/de/test/auto/deInCt.xml
auto.tcl: Setting watchdog for 200 seconds at Fri Jun 01 23:10:42 UTC 2018
0
1
1
1
1
0
0
0
1
1
1
0
0
0
1
1
1
0
0
0
0
1
1
1
0
0
0
1
1
1
0
0
0
1
1
1
0
0
0
1
1
1
1
1
7 ms. Memory: 309248K Free: 293317K (95%)
ptolemy.util.test.WatchDog.cancel(): canceling Fri Jun 01 23:10:42 UTC 2018
auto.tcl: Setting watchdog for 200 seconds at Fri Jun 01 23:10:42 UTC 2018
0
1
1
1
1
0
0
0
0
1
1
1
1
0
0
0
0
1
1
0
0
0
1
1
1
1
0
0
0
1
1
1
0
0
0
1
1
0
0
0
0
8 ms. Memory: 309248K Free: 293317K (95%)
ptolemy.util.test.WatchDog.cancel(): canceling Fri Jun 01 23:10:42 UTC 2018
------------------ testing $PTII/ptolemy/domains/de/test/auto/deInCt2.xml
auto.tcl: Setting watchdog for 200 seconds at Fri Jun 01 23:10:42 UTC 2018
0
1
1
1
0
0
1
1
1
0
0
1
1
1
0
0
1
1
1
0
0
1
1
1
0
0
1
1
1
0
0
1
1
1
0
0
1
1
1
0
0
0
5 ms. Memory: 307712K Free: 294045K (96%)
ptolemy.util.test.WatchDog.cancel(): canceling Fri Jun 01 23:10:42 UTC 2018
auto.tcl: Setting watchdog for 200 seconds at Fri Jun 01 23:10:42 UTC 2018
0
1
1
1
0
0
1
1
1
0
0
1
1
1
0
0
1
1
1
0
0
1
1
1
0
0
1
1
1
0
0
1
1
1
0
0
1
1
1
0
0
0
7 ms. Memory: 307712K Free: 294045K (96%)
ptolemy.util.test.WatchDog.cancel(): canceling Fri Jun 01 23:10:42 UTC 2018
------------------ testing $PTII/ptolemy/domains/de/test/auto/dynamicCausalityInterface1.xml
auto.tcl: Setting watchdog for 200 seconds at Fri Jun 01 23:10:42 UTC 2018
1 ms. Memory: 308736K Free: 291857K (95%)
ptolemy.util.test.WatchDog.cancel(): canceling Fri Jun 01 23:10:42 UTC 2018
auto.tcl: Setting watchdog for 200 seconds at Fri Jun 01 23:10:42 UTC 2018
1 ms. Memory: 308736K Free: 288625K (93%)
ptolemy.util.test.WatchDog.cancel(): canceling Fri Jun 01 23:10:42 UTC 2018
------------------ testing $PTII/ptolemy/domains/de/test/auto/fsm_de_test.xml
auto.tcl: Setting watchdog for 200 seconds at Fri Jun 01 23:10:42 UTC 2018
6 ms. Memory: 307712K Free: 288473K (94%)
ptolemy.util.test.WatchDog.cancel(): canceling Fri Jun 01 23:10:42 UTC 2018
auto.tcl: Setting watchdog for 200 seconds at Fri Jun 01 23:10:42 UTC 2018
6 ms. Memory: 307712K Free: 285241K (93%)
ptolemy.util.test.WatchDog.cancel(): canceling Fri Jun 01 23:10:42 UTC 2018
------------------ testing $PTII/ptolemy/domains/de/test/auto/functionDependencyReconstruction.xml
auto.tcl: Setting watchdog for 200 seconds at Fri Jun 01 23:10:42 UTC 2018
3 ms. Memory: 308736K Free: 283033K (92%)
ptolemy.util.test.WatchDog.cancel(): canceling Fri Jun 01 23:10:42 UTC 2018
auto.tcl: Setting watchdog for 200 seconds at Fri Jun 01 23:10:42 UTC 2018
2 ms. Memory: 308736K Free: 279817K (91%)
ptolemy.util.test.WatchDog.cancel(): canceling Fri Jun 01 23:10:42 UTC 2018
------------------ testing $PTII/ptolemy/domains/de/test/auto/multirate.xml
auto.tcl: Setting watchdog for 200 seconds at Fri Jun 01 23:10:42 UTC 2018
3 ms. Memory: 307712K Free: 291548K (95%)
ptolemy.util.test.WatchDog.cancel(): canceling Fri Jun 01 23:10:42 UTC 2018
auto.tcl: Setting watchdog for 200 seconds at Fri Jun 01 23:10:42 UTC 2018
3 ms. Memory: 307712K Free: 288332K (94%)
ptolemy.util.test.WatchDog.cancel(): canceling Fri Jun 01 23:10:42 UTC 2018
------------------ testing $PTII/ptolemy/domains/de/test/auto/multirate2.xml
auto.tcl: Setting watchdog for 200 seconds at Fri Jun 01 23:10:42 UTC 2018
7 ms. Memory: 308736K Free: 292767K (95%)
ptolemy.util.test.WatchDog.cancel(): canceling Fri Jun 01 23:10:43 UTC 2018
auto.tcl: Setting watchdog for 200 seconds at Fri Jun 01 23:10:43 UTC 2018
3 ms. Memory: 308736K Free: 289535K (94%)
ptolemy.util.test.WatchDog.cancel(): canceling Fri Jun 01 23:10:43 UTC 2018
------------------ testing $PTII/ptolemy/domains/de/test/auto/realtime.xml
auto.tcl: Setting watchdog for 200 seconds at Fri Jun 01 23:10:43 UTC 2018
10001 ms. Memory: 307712K Free: 291725K (95%)
ptolemy.util.test.WatchDog.cancel(): canceling Fri Jun 01 23:10:53 UTC 2018
auto.tcl: Setting watchdog for 200 seconds at Fri Jun 01 23:10:53 UTC 2018
10001 ms. Memory: 307712K Free: 291725K (95%)
ptolemy.util.test.WatchDog.cancel(): canceling Fri Jun 01 23:11:03 UTC 2018
------------------ testing $PTII/ptolemy/domains/de/test/auto/relationGroup.xml
auto.tcl: Setting watchdog for 200 seconds at Fri Jun 01 23:11:03 UTC 2018
1 ms. Memory: 308224K Free: 295503K (96%)
ptolemy.util.test.WatchDog.cancel(): canceling Fri Jun 01 23:11:03 UTC 2018
auto.tcl: Setting watchdog for 200 seconds at Fri Jun 01 23:11:03 UTC 2018
1 ms. Memory: 308224K Free: 292271K (95%)
ptolemy.util.test.WatchDog.cancel(): canceling Fri Jun 01 23:11:03 UTC 2018
------------------ testing $PTII/ptolemy/domains/de/test/auto/relationGroup2.xml
auto.tcl: Setting watchdog for 200 seconds at Fri Jun 01 23:11:03 UTC 2018
1 ms. Memory: 307712K Free: 295018K (96%)
ptolemy.util.test.WatchDog.cancel(): canceling Fri Jun 01 23:11:03 UTC 2018
auto.tcl: Setting watchdog for 200 seconds at Fri Jun 01 23:11:03 UTC 2018
0 ms. Memory: 307712K Free: 291786K (95%)
ptolemy.util.test.WatchDog.cancel(): canceling Fri Jun 01 23:11:03 UTC 2018
------------------ testing $PTII/ptolemy/domains/de/test/auto/sortWithOpaquePorts.xml
auto.tcl: Setting watchdog for 200 seconds at Fri Jun 01 23:11:03 UTC 2018
1 ms. Memory: 308224K Free: 292312K (95%)
ptolemy.util.test.WatchDog.cancel(): canceling Fri Jun 01 23:11:03 UTC 2018
auto.tcl: Setting watchdog for 200 seconds at Fri Jun 01 23:11:03 UTC 2018
1 ms. Memory: 308224K Free: 292312K (95%)
ptolemy.util.test.WatchDog.cancel(): canceling Fri Jun 01 23:11:03 UTC 2018
------------------ testing $PTII/ptolemy/domains/de/test/auto/transferInputsandOutputs.xml
auto.tcl: Setting watchdog for 200 seconds at Fri Jun 01 23:11:03 UTC 2018
3 ms. Memory: 307712K Free: 291773K (95%)
ptolemy.util.test.WatchDog.cancel(): canceling Fri Jun 01 23:11:03 UTC 2018
auto.tcl: Setting watchdog for 200 seconds at Fri Jun 01 23:11:03 UTC 2018
1 ms. Memory: 307712K Free: 288541K (94%)
ptolemy.util.test.WatchDog.cancel(): canceling Fri Jun 01 23:11:03 UTC 2018
------------------ testing $PTII/ptolemy/domains/de/test/auto/triggerType.xml
auto.tcl: Setting watchdog for 200 seconds at Fri Jun 01 23:11:03 UTC 2018
1 ms. Memory: 308224K Free: 292236K (95%)
ptolemy.util.test.WatchDog.cancel(): canceling Fri Jun 01 23:11:03 UTC 2018
auto.tcl: Setting watchdog for 200 seconds at Fri Jun 01 23:11:03 UTC 2018
1 ms. Memory: 308224K Free: 292236K (95%)
ptolemy.util.test.WatchDog.cancel(): canceling Fri Jun 01 23:11:03 UTC 2018
06/01/18 11:11:03
Failed: 0  Total Tests: 192  ((Passed: 187, Newly Passed: 1)  Known Failed: 5) /home/travis/build/icyphy/ptII/ptolemy/domains/de/test
06/01/18 11:11:03
Failed: 0  Total Tests: 192  ((Passed: 187, Newly Passed: 1)  Known Failed: 5) /home/travis/build/icyphy/ptII/ptolemy/domains/de/test
----------------- testing (KnownFailure) /home/travis/build/icyphy/ptII/ptolemy/domains/de/test/auto/knownFailedTests/DESDFClockTest.xml
2007 ms. Memory: 307712K Free: 285932K (93%)
Known Failure: java.lang.reflect.InvocationTargetException
----------------- testing (KnownFailure) /home/travis/build/icyphy/ptII/ptolemy/domains/de/test/auto/knownFailedTests/DirectFeedback.xml
1 ms. Memory: 307712K Free: 267827K (87%)
Known Failure: java.lang.reflect.InvocationTargetException
----------------- testing (KnownFailure) /home/travis/build/icyphy/ptII/ptolemy/domains/de/test/auto/knownFailedTests/FSMSource.xml
9 ms. Memory: 307712K Free: 245181K (80%)
----------------- testing (KnownFailure) /home/travis/build/icyphy/ptII/ptolemy/domains/de/test/auto/knownFailedTests/HierarchicalModel.xml
2 ms. Memory: 307712K Free: 222534K (72%)
Known Failure: java.lang.reflect.InvocationTargetException
----------------- testing (KnownFailure) /home/travis/build/icyphy/ptII/ptolemy/domains/de/test/auto/knownFailedTests/dependencyLoop.xml
2 ms. Memory: 307712K Free: 190819K (62%)
Known Failure: java.lang.reflect.InvocationTargetException
----------------- testing (KnownFailure) /home/travis/build/icyphy/ptII/ptolemy/domains/de/test/auto/knownFailedTests/dependencyLoop2.xml
3 ms. Memory: 307712K Free: 159104K (52%)
Known Failure: java.lang.reflect.InvocationTargetException
No auto/linux-amd64/*.xml tests in /home/travis/build/icyphy/ptII/ptolemy/domains/de/test
AutoTests.java: About to close Vertx.
AutoTests.java: Vertx closed.

===========================================================================================
----------------- testing Fri Jun 01 23:11:05 UTC 2018 /home/travis/build/icyphy/ptII/ptolemy/domains/de/test/auto/ActorDepthCalculation_actorWithoutPorts.xml
----------------- Instantiating /home/travis/build/icyphy/ptII/ptolemy/domains/de/test/auto/ActorDepthCalculation_actorWithoutPorts.xml
1 ms. Memory: 307712K Free: 131932K (43%)
----------------- Invoking toplevel() on ptolemy.moml.MoMLSimpleApplication@7a51373d
----------------- Done invoking toplevel() on ptolemy.moml.MoMLSimpleApplication@7a51373d
reloadAllAccessors: .ActorDepthCalculation_actorWithoutPorts

===========================================================================================
----------------- testing Fri Jun 01 23:11:05 UTC 2018 /home/travis/build/icyphy/ptII/ptolemy/domains/de/test/auto/AssemblyLine.xml
----------------- Instantiating /home/travis/build/icyphy/ptII/ptolemy/domains/de/test/auto/AssemblyLine.xml
2 ms. Memory: 307712K Free: 118353K (38%)
----------------- Invoking toplevel() on ptolemy.moml.MoMLSimpleApplication@4264c33b
----------------- Done invoking toplevel() on ptolemy.moml.MoMLSimpleApplication@4264c33b
reloadAllAccessors: .AssemblyLine

===========================================================================================
----------------- testing Fri Jun 01 23:11:05 UTC 2018 /home/travis/build/icyphy/ptII/ptolemy/domains/de/test/auto/CQBug1.xml
----------------- Instantiating /home/travis/build/icyphy/ptII/ptolemy/domains/de/test/auto/CQBug1.xml
1 ms. Memory: 307712K Free: 109301K (36%)
----------------- Invoking toplevel() on ptolemy.moml.MoMLSimpleApplication@4ffd9c31
----------------- Done invoking toplevel() on ptolemy.moml.MoMLSimpleApplication@4ffd9c31
reloadAllAccessors: .CQBug1

===========================================================================================
----------------- testing Fri Jun 01 23:11:05 UTC 2018 /home/travis/build/icyphy/ptII/ptolemy/domains/de/test/auto/CancelFireAt.xml
----------------- Instantiating /home/travis/build/icyphy/ptII/ptolemy/domains/de/test/auto/CancelFireAt.xml
1 ms. Memory: 307712K Free: 100249K (33%)
----------------- Invoking toplevel() on ptolemy.moml.MoMLSimpleApplication@25086f76
----------------- Done invoking toplevel() on ptolemy.moml.MoMLSimpleApplication@25086f76
reloadAllAccessors: .CancelFireAt

===========================================================================================
----------------- testing Fri Jun 01 23:11:05 UTC 2018 /home/travis/build/icyphy/ptII/ptolemy/domains/de/test/auto/CausalityAndComposabilityAnalysis.xml
----------------- Instantiating /home/travis/build/icyphy/ptII/ptolemy/domains/de/test/auto/CausalityAndComposabilityAnalysis.xml
3 ms. Memory: 307712K Free: 91197K (30%)
----------------- Invoking toplevel() on ptolemy.moml.MoMLSimpleApplication@5a2329d1
----------------- Done invoking toplevel() on ptolemy.moml.MoMLSimpleApplication@5a2329d1
reloadAllAccessors: .CausalityAndComposabilityAnalysis

===========================================================================================
----------------- testing Fri Jun 01 23:11:05 UTC 2018 /home/travis/build/icyphy/ptII/ptolemy/domains/de/test/auto/CausalityInterface1.xml
----------------- Instantiating /home/travis/build/icyphy/ptII/ptolemy/domains/de/test/auto/CausalityInterface1.xml
3 ms. Memory: 307712K Free: 78929K (26%)
----------------- Invoking toplevel() on ptolemy.moml.MoMLSimpleApplication@1ca3907c
----------------- Done invoking toplevel() on ptolemy.moml.MoMLSimpleApplication@1ca3907c
reloadAllAccessors: .CausalityInterface1

===========================================================================================
----------------- testing Fri Jun 01 23:11:05 UTC 2018 /home/travis/build/icyphy/ptII/ptolemy/domains/de/test/auto/CausalityInterface15.xml
----------------- Instantiating /home/travis/build/icyphy/ptII/ptolemy/domains/de/test/auto/CausalityInterface15.xml
1 ms. Memory: 298496K Free: 286524K (96%)
----------------- Invoking toplevel() on ptolemy.moml.MoMLSimpleApplication@49d2a20d
----------------- Done invoking toplevel() on ptolemy.moml.MoMLSimpleApplication@49d2a20d
reloadAllAccessors: .CausalityInterface15

[...]
java.lang.RuntimeException: Execution failed
	at ptolemy.moml.MoMLSimpleApplication$UnloadThread.run(MoMLSimpleApplication.java:402)
Caused by: ptolemy.kernel.util.IllegalActionException: Test fails in iteration 1.
Value was: 1.0. Should have been: 2.0
  in .DirectFeedback.Test
	at ptolemy.actor.lib.Test.fire(Test.java:268)
	at ptolemy.domains.de.kernel.DEDirector._fire(DEDirector.java:1948)
	at ptolemy.domains.de.kernel.DEDirector.fire(DEDirector.java:502)
	at ptolemy.actor.CompositeActor.fire(CompositeActor.java:455)
	at ptolemy.actor.Manager.iterate(Manager.java:851)
	at ptolemy.actor.Manager.execute(Manager.java:369)
	at ptolemy.actor.Manager.run(Manager.java:1263)
	at ptolemy.actor.Manager$PtolemyRunThread.run(Manager.java:1915)
java.lang.RuntimeException: Execution failed
	at ptolemy.moml.MoMLSimpleApplication$UnloadThread.run(MoMLSimpleApplication.java:402)
Caused by: ptolemy.kernel.util.IllegalActionException: Actor is not ready to fire.  Perhaps UpSample.prefire() returned false? Try debugging the actor by selecting "Listen to Actor".  Also, for SDF check moml for tokenConsumptionRate on input.
  in .DESDFClockTest.Play Bell.Copy1:SDF Director and .DESDFClockTest.Play Bell.UpSample
	at ptolemy.actor.sched.StaticSchedulingDirector.fire(StaticSchedulingDirector.java:227)
	at ptolemy.domains.sdf.kernel.SDFDirector.fire(SDFDirector.java:500)
	at ptolemy.actor.CompositeActor.fire(CompositeActor.java:455)
	at ptolemy.domains.de.kernel.DEDirector._fire(DEDirector.java:1948)
	at ptolemy.domains.de.kernel.DEDirector.fire(DEDirector.java:502)
	at ptolemy.actor.CompositeActor.fire(CompositeActor.java:455)
	at ptolemy.actor.Manager.iterate(Manager.java:851)
	at ptolemy.actor.Manager.execute(Manager.java:369)
	at ptolemy.actor.Manager.run(Manager.java:1263)
	at ptolemy.actor.Manager$PtolemyRunThread.run(Manager.java:1915)
java.lang.reflect.InvocationTargetException
	at sun.reflect.NativeConstructorAccessorImpl.newInstance0(Native Method)
	at sun.reflect.NativeConstructorAccessorImpl.newInstance(NativeConstructorAccessorImpl.java:62)
	at sun.reflect.DelegatingConstructorAccessorImpl.newInstance(DelegatingConstructorAccessorImpl.java:45)
	at java.lang.reflect.Constructor.newInstance(Constructor.java:423)
	at ptolemy.util.test.junit.AutoKnownFailedTests.RunModel(AutoKnownFailedTests.java:107)
	at sun.reflect.NativeMethodAccessorImpl.invoke0(Native Method)
	at sun.reflect.NativeMethodAccessorImpl.invoke(NativeMethodAccessorImpl.java:62)
	at sun.reflect.DelegatingMethodAccessorImpl.invoke(DelegatingMethodAccessorImpl.java:43)
	at java.lang.reflect.Method.invoke(Method.java:498)
	at org.junit.runners.model.FrameworkMethod$1.runReflectiveCall(FrameworkMethod.java:44)
	at org.junit.internal.runners.model.ReflectiveCallable.run(ReflectiveCallable.java:15)
	at org.junit.runners.model.FrameworkMethod.invokeExplosively(FrameworkMethod.java:41)
	at junitparams.internal.InvokeParameterisedMethod.evaluate(InvokeParameterisedMethod.java:102)
	at org.junit.internal.runners.statements.FailOnTimeout$1.run(FailOnTimeout.java:28)
Caused by: ptolemy.kernel.util.IllegalActionException: Actor is not ready to fire.  Perhaps UpSample.prefire() returned false? Try debugging the actor by selecting "Listen to Actor".  Also, for SDF check moml for tokenConsumptionRate on input.
  in .DESDFClockTest.Play Bell.Copy1:SDF Director and .DESDFClockTest.Play Bell.UpSample
	at ptolemy.actor.sched.StaticSchedulingDirector.fire(StaticSchedulingDirector.java:227)
	at ptolemy.domains.sdf.kernel.SDFDirector.fire(SDFDirector.java:500)
	at ptolemy.actor.CompositeActor.fire(CompositeActor.java:455)
	at ptolemy.domains.de.kernel.DEDirector._fire(DEDirector.java:1948)
	at ptolemy.domains.de.kernel.DEDirector.fire(DEDirector.java:502)
	at ptolemy.actor.CompositeActor.fire(CompositeActor.java:455)
	at ptolemy.actor.Manager.iterate(Manager.java:851)
	at ptolemy.actor.Manager.execute(Manager.java:369)
	at ptolemy.actor.Manager.run(Manager.java:1263)
	at ptolemy.actor.Manager$PtolemyRunThread.run(Manager.java:1915)
java.lang.RuntimeException: Execution failed
	at ptolemy.moml.MoMLSimpleApplication$UnloadThread.run(MoMLSimpleApplication.java:402)
Caused by: ptolemy.kernel.util.IllegalActionException: Test fails in iteration 1.
Value was: 1.0. Should have been: 2.0
  in .DirectFeedback.Test
	at ptolemy.actor.lib.Test.fire(Test.java:268)
	at ptolemy.domains.de.kernel.DEDirector._fire(DEDirector.java:1948)
	at ptolemy.domains.de.kernel.DEDirector.fire(DEDirector.java:502)
	at ptolemy.actor.CompositeActor.fire(CompositeActor.java:455)
	at ptolemy.actor.Manager.iterate(Manager.java:851)
	at ptolemy.actor.Manager.execute(Manager.java:369)
	at ptolemy.actor.Manager.run(Manager.java:1263)
	at ptolemy.actor.Manager$PtolemyRunThread.run(Manager.java:1915)
java.lang.reflect.InvocationTargetException
	at sun.reflect.NativeConstructorAccessorImpl.newInstance0(Native Method)
	at sun.reflect.NativeConstructorAccessorImpl.newInstance(NativeConstructorAccessorImpl.java:62)
	at sun.reflect.DelegatingConstructorAccessorImpl.newInstance(DelegatingConstructorAccessorImpl.java:45)
	at java.lang.reflect.Constructor.newInstance(Constructor.java:423)
	at ptolemy.util.test.junit.AutoKnownFailedTests.RunModel(AutoKnownFailedTests.java:107)
	at sun.reflect.NativeMethodAccessorImpl.invoke0(Native Method)
	at sun.reflect.NativeMethodAccessorImpl.invoke(NativeMethodAccessorImpl.java:62)
	at sun.reflect.DelegatingMethodAccessorImpl.invoke(DelegatingMethodAccessorImpl.java:43)
	at java.lang.reflect.Method.invoke(Method.java:498)
	at org.junit.runners.model.FrameworkMethod$1.runReflectiveCall(FrameworkMethod.java:44)
	at org.junit.internal.runners.model.ReflectiveCallable.run(ReflectiveCallable.java:15)
	at org.junit.runners.model.FrameworkMethod.invokeExplosively(FrameworkMethod.java:41)
	at junitparams.internal.InvokeParameterisedMethod.evaluate(InvokeParameterisedMethod.java:102)
	at org.junit.internal.runners.statements.FailOnTimeout$1.run(FailOnTimeout.java:28)
Caused by: ptolemy.kernel.util.IllegalActionException: Test fails in iteration 1.
Value was: 1.0. Should have been: 2.0
  in .DirectFeedback.Test
	at ptolemy.actor.lib.Test.fire(Test.java:268)
	at ptolemy.domains.de.kernel.DEDirector._fire(DEDirector.java:1948)
	at ptolemy.domains.de.kernel.DEDirector.fire(DEDirector.java:502)
	at ptolemy.actor.CompositeActor.fire(CompositeActor.java:455)
	at ptolemy.actor.Manager.iterate(Manager.java:851)
	at ptolemy.actor.Manager.execute(Manager.java:369)
	at ptolemy.actor.Manager.run(Manager.java:1263)
	at ptolemy.actor.Manager$PtolemyRunThread.run(Manager.java:1915)
java.lang.RuntimeException: Execution failed
	at ptolemy.moml.MoMLSimpleApplication$UnloadThread.run(MoMLSimpleApplication.java:402)
Caused by: ptolemy.kernel.util.IllegalActionException: Found a zero delay loop containing .HierarchicalModel.A
  in .HierarchicalModel and .HierarchicalModel.A
	at ptolemy.actor.util.CausalityInterfaceForComposites._computeOutputPortDepth(CausalityInterfaceForComposites.java:759)
	at ptolemy.actor.util.CausalityInterfaceForComposites._computeInputDepth(CausalityInterfaceForComposites.java:696)
	at ptolemy.actor.util.CausalityInterfaceForComposites._computeOutputPortDepth(CausalityInterfaceForComposites.java:765)
	at ptolemy.actor.util.CausalityInterfaceForComposites._computeInputDepth(CausalityInterfaceForComposites.java:696)
	at ptolemy.actor.util.CausalityInterfaceForComposites._computeOutputPortDepth(CausalityInterfaceForComposites.java:765)
	at ptolemy.actor.util.CausalityInterfaceForComposites._computeInputDepth(CausalityInterfaceForComposites.java:696)
	at ptolemy.actor.util.CausalityInterfaceForComposites._computeActorDepth(CausalityInterfaceForComposites.java:532)
	at ptolemy.actor.util.CausalityInterfaceForComposites.checkForCycles(CausalityInterfaceForComposites.java:96)
	at ptolemy.domains.de.kernel.DEDirector.preinitialize(DEDirector.java:1337)
	at ptolemy.actor.CompositeActor.preinitialize(CompositeActor.java:1828)
	at ptolemy.actor.Manager.preinitializeAndResolveTypes(Manager.java:1040)
	at ptolemy.actor.Manager.initialize(Manager.java:710)
	at ptolemy.actor.Manager.execute(Manager.java:356)
	at ptolemy.actor.Manager.run(Manager.java:1263)
	at ptolemy.actor.Manager$PtolemyRunThread.run(Manager.java:1915)
java.lang.reflect.InvocationTargetException
	at sun.reflect.NativeConstructorAccessorImpl.newInstance0(Native Method)
	at sun.reflect.NativeConstructorAccessorImpl.newInstance(NativeConstructorAccessorImpl.java:62)
	at sun.reflect.DelegatingConstructorAccessorImpl.newInstance(DelegatingConstructorAccessorImpl.java:45)
	at java.lang.reflect.Constructor.newInstance(Constructor.java:423)
	at ptolemy.util.test.junit.AutoKnownFailedTests.RunModel(AutoKnownFailedTests.java:107)
	at sun.reflect.NativeMethodAccessorImpl.invoke0(Native Method)
	at sun.reflect.NativeMethodAccessorImpl.invoke(NativeMethodAccessorImpl.java:62)
	at sun.reflect.DelegatingMethodAccessorImpl.invoke(DelegatingMethodAccessorImpl.java:43)
	at java.lang.reflect.Method.invoke(Method.java:498)
	at org.junit.runners.model.FrameworkMethod$1.runReflectiveCall(FrameworkMethod.java:44)
	at org.junit.internal.runners.model.ReflectiveCallable.run(ReflectiveCallable.java:15)
	at org.junit.runners.model.FrameworkMethod.invokeExplosively(FrameworkMethod.java:41)
	at junitparams.internal.InvokeParameterisedMethod.evaluate(InvokeParameterisedMethod.java:102)
	at org.junit.internal.runners.statements.FailOnTimeout$1.run(FailOnTimeout.java:28)
Caused by: ptolemy.kernel.util.IllegalActionException: Found a zero delay loop containing .HierarchicalModel.A
  in .HierarchicalModel and .HierarchicalModel.A
	at ptolemy.actor.util.CausalityInterfaceForComposites._computeOutputPortDepth(CausalityInterfaceForComposites.java:759)
	at ptolemy.actor.util.CausalityInterfaceForComposites._computeInputDepth(CausalityInterfaceForComposites.java:696)
	at ptolemy.actor.util.CausalityInterfaceForComposites._computeOutputPortDepth(CausalityInterfaceForComposites.java:765)
	at ptolemy.actor.util.CausalityInterfaceForComposites._computeInputDepth(CausalityInterfaceForComposites.java:696)
	at ptolemy.actor.util.CausalityInterfaceForComposites._computeOutputPortDepth(CausalityInterfaceForComposites.java:765)
	at ptolemy.actor.util.CausalityInterfaceForComposites._computeInputDepth(CausalityInterfaceForComposites.java:696)
	at ptolemy.actor.util.CausalityInterfaceForComposites._computeActorDepth(CausalityInterfaceForComposites.java:532)
	at ptolemy.actor.util.CausalityInterfaceForComposites.checkForCycles(CausalityInterfaceForComposites.java:96)
	at ptolemy.domains.de.kernel.DEDirector.preinitialize(DEDirector.java:1337)
	at ptolemy.actor.CompositeActor.preinitialize(CompositeActor.java:1828)
	at ptolemy.actor.Manager.preinitializeAndResolveTypes(Manager.java:1040)
	at ptolemy.actor.Manager.initialize(Manager.java:710)
	at ptolemy.actor.Manager.execute(Manager.java:356)
	at ptolemy.actor.Manager.run(Manager.java:1263)
	at ptolemy.actor.Manager$PtolemyRunThread.run(Manager.java:1915)
java.lang.RuntimeException: Execution failed
	at ptolemy.moml.MoMLSimpleApplication$UnloadThread.run(MoMLSimpleApplication.java:402)
Caused by: ptolemy.kernel.util.IllegalActionException: Found a zero delay loop containing .dependencyLoop.original
  in .dependencyLoop and .dependencyLoop.original
	at ptolemy.actor.util.CausalityInterfaceForComposites._computeOutputPortDepth(CausalityInterfaceForComposites.java:759)
	at ptolemy.actor.util.CausalityInterfaceForComposites._computeInputDepth(CausalityInterfaceForComposites.java:696)
	at ptolemy.actor.util.CausalityInterfaceForComposites._computeOutputPortDepth(CausalityInterfaceForComposites.java:765)
	at ptolemy.actor.util.CausalityInterfaceForComposites._computeInputDepth(CausalityInterfaceForComposites.java:696)
	at ptolemy.actor.util.CausalityInterfaceForComposites._computeOutputPortDepth(CausalityInterfaceForComposites.java:765)
	at ptolemy.actor.util.CausalityInterfaceForComposites._computeInputDepth(CausalityInterfaceForComposites.java:696)
	at ptolemy.actor.util.CausalityInterfaceForComposites._computeActorDepth(CausalityInterfaceForComposites.java:532)
	at ptolemy.actor.util.CausalityInterfaceForComposites.checkForCycles(CausalityInterfaceForComposites.java:96)
	at ptolemy.domains.de.kernel.DEDirector.preinitialize(DEDirector.java:1337)
	at ptolemy.actor.CompositeActor.preinitialize(CompositeActor.java:1828)
	at ptolemy.actor.Manager.preinitializeAndResolveTypes(Manager.java:1040)
	at ptolemy.actor.Manager.initialize(Manager.java:710)
	at ptolemy.actor.Manager.execute(Manager.java:356)
	at ptolemy.actor.Manager.run(Manager.java:1263)
	at ptolemy.actor.Manager$PtolemyRunThread.run(Manager.java:1915)
java.lang.reflect.InvocationTargetException
	at sun.reflect.NativeConstructorAccessorImpl.newInstance0(Native Method)
	at sun.reflect.NativeConstructorAccessorImpl.newInstance(NativeConstructorAccessorImpl.java:62)
	at sun.reflect.DelegatingConstructorAccessorImpl.newInstance(DelegatingConstructorAccessorImpl.java:45)
	at java.lang.reflect.Constructor.newInstance(Constructor.java:423)
	at ptolemy.util.test.junit.AutoKnownFailedTests.RunModel(AutoKnownFailedTests.java:107)
	at sun.reflect.NativeMethodAccessorImpl.invoke0(Native Method)
	at sun.reflect.NativeMethodAccessorImpl.invoke(NativeMethodAccessorImpl.java:62)
	at sun.reflect.DelegatingMethodAccessorImpl.invoke(DelegatingMethodAccessorImpl.java:43)
	at java.lang.reflect.Method.invoke(Method.java:498)
	at org.junit.runners.model.FrameworkMethod$1.runReflectiveCall(FrameworkMethod.java:44)
	at org.junit.internal.runners.model.ReflectiveCallable.run(ReflectiveCallable.java:15)
	at org.junit.runners.model.FrameworkMethod.invokeExplosively(FrameworkMethod.java:41)
	at junitparams.internal.InvokeParameterisedMethod.evaluate(InvokeParameterisedMethod.java:102)
	at org.junit.internal.runners.statements.FailOnTimeout$1.run(FailOnTimeout.java:28)
Caused by: ptolemy.kernel.util.IllegalActionException: Found a zero delay loop containing .dependencyLoop.original
  in .dependencyLoop and .dependencyLoop.original
	at ptolemy.actor.util.CausalityInterfaceForComposites._computeOutputPortDepth(CausalityInterfaceForComposites.java:759)
	at ptolemy.actor.util.CausalityInterfaceForComposites._computeInputDepth(CausalityInterfaceForComposites.java:696)
	at ptolemy.actor.util.CausalityInterfaceForComposites._computeOutputPortDepth(CausalityInterfaceForComposites.java:765)
	at ptolemy.actor.util.CausalityInterfaceForComposites._computeInputDepth(CausalityInterfaceForComposites.java:696)
	at ptolemy.actor.util.CausalityInterfaceForComposites._computeOutputPortDepth(CausalityInterfaceForComposites.java:765)
	at ptolemy.actor.util.CausalityInterfaceForComposites._computeInputDepth(CausalityInterfaceForComposites.java:696)
	at ptolemy.actor.util.CausalityInterfaceForComposites._computeActorDepth(CausalityInterfaceForComposites.java:532)
	at ptolemy.actor.util.CausalityInterfaceForComposites.checkForCycles(CausalityInterfaceForComposites.java:96)
	at ptolemy.domains.de.kernel.DEDirector.preinitialize(DEDirector.java:1337)
	at ptolemy.actor.CompositeActor.preinitialize(CompositeActor.java:1828)
	at ptolemy.actor.Manager.preinitializeAndResolveTypes(Manager.java:1040)
	at ptolemy.actor.Manager.initialize(Manager.java:710)
	at ptolemy.actor.Manager.execute(Manager.java:356)
	at ptolemy.actor.Manager.run(Manager.java:1263)
	at ptolemy.actor.Manager$PtolemyRunThread.run(Manager.java:1915)
java.lang.RuntimeException: Execution failed
	at ptolemy.moml.MoMLSimpleApplication$UnloadThread.run(MoMLSimpleApplication.java:402)
Caused by: ptolemy.kernel.util.IllegalActionException: Found a zero delay loop containing .dependencyLoop2.original
  in .dependencyLoop2 and .dependencyLoop2.original
	at ptolemy.actor.util.CausalityInterfaceForComposites._computeOutputPortDepth(CausalityInterfaceForComposites.java:759)
	at ptolemy.actor.util.CausalityInterfaceForComposites._computeInputDepth(CausalityInterfaceForComposites.java:696)
	at ptolemy.actor.util.CausalityInterfaceForComposites._computeOutputPortDepth(CausalityInterfaceForComposites.java:765)
	at ptolemy.actor.util.CausalityInterfaceForComposites._computeInputDepth(CausalityInterfaceForComposites.java:696)
	at ptolemy.actor.util.CausalityInterfaceForComposites._computeOutputPortDepth(CausalityInterfaceForComposites.java:765)
	at ptolemy.actor.util.CausalityInterfaceForComposites._computeInputDepth(CausalityInterfaceForComposites.java:696)
	at ptolemy.actor.util.CausalityInterfaceForComposites._computeActorDepth(CausalityInterfaceForComposites.java:532)
	at ptolemy.actor.util.CausalityInterfaceForComposites.checkForCycles(CausalityInterfaceForComposites.java:96)
	at ptolemy.domains.de.kernel.DEDirector.preinitialize(DEDirector.java:1337)
	at ptolemy.actor.CompositeActor.preinitialize(CompositeActor.java:1828)
	at ptolemy.actor.Manager.preinitializeAndResolveTypes(Manager.java:1040)
	at ptolemy.actor.Manager.initialize(Manager.java:710)
	at ptolemy.actor.Manager.execute(Manager.java:356)
	at ptolemy.actor.Manager.run(Manager.java:1263)
	at ptolemy.actor.Manager$PtolemyRunThread.run(Manager.java:1915)
java.lang.reflect.InvocationTargetException
	at sun.reflect.NativeConstructorAccessorImpl.newInstance0(Native Method)
	at sun.reflect.NativeConstructorAccessorImpl.newInstance(NativeConstructorAccessorImpl.java:62)
	at sun.reflect.DelegatingConstructorAccessorImpl.newInstance(DelegatingConstructorAccessorImpl.java:45)
	at java.lang.reflect.Constructor.newInstance(Constructor.java:423)
	at ptolemy.util.test.junit.AutoKnownFailedTests.RunModel(AutoKnownFailedTests.java:107)
	at sun.reflect.NativeMethodAccessorImpl.invoke0(Native Method)
	at sun.reflect.NativeMethodAccessorImpl.invoke(NativeMethodAccessorImpl.java:62)
	at sun.reflect.DelegatingMethodAccessorImpl.invoke(DelegatingMethodAccessorImpl.java:43)
	at java.lang.reflect.Method.invoke(Method.java:498)
	at org.junit.runners.model.FrameworkMethod$1.runReflectiveCall(FrameworkMethod.java:44)
	at org.junit.internal.runners.model.ReflectiveCallable.run(ReflectiveCallable.java:15)
	at org.junit.runners.model.FrameworkMethod.invokeExplosively(FrameworkMethod.java:41)
	at junitparams.internal.InvokeParameterisedMethod.evaluate(InvokeParameterisedMethod.java:102)
	at org.junit.internal.runners.statements.FailOnTimeout$1.run(FailOnTimeout.java:28)
Caused by: ptolemy.kernel.util.IllegalActionException: Found a zero delay loop containing .dependencyLoop2.original
  in .dependencyLoop2 and .dependencyLoop2.original
	at ptolemy.actor.util.CausalityInterfaceForComposites._computeOutputPortDepth(CausalityInterfaceForComposites.java:759)
	at ptolemy.actor.util.CausalityInterfaceForComposites._computeInputDepth(CausalityInterfaceForComposites.java:696)
	at ptolemy.actor.util.CausalityInterfaceForComposites._computeOutputPortDepth(CausalityInterfaceForComposites.java:765)
	at ptolemy.actor.util.CausalityInterfaceForComposites._computeInputDepth(CausalityInterfaceForComposites.java:696)
	at ptolemy.actor.util.CausalityInterfaceForComposites._computeOutputPortDepth(CausalityInterfaceForComposites.java:765)
	at ptolemy.actor.util.CausalityInterfaceForComposites._computeInputDepth(CausalityInterfaceForComposites.java:696)
	at ptolemy.actor.util.CausalityInterfaceForComposites._computeActorDepth(CausalityInterfaceForComposites.java:532)
	at ptolemy.actor.util.CausalityInterfaceForComposites.checkForCycles(CausalityInterfaceForComposites.java:96)
	at ptolemy.domains.de.kernel.DEDirector.preinitialize(DEDirector.java:1337)
	at ptolemy.actor.CompositeActor.preinitialize(CompositeActor.java:1828)
	at ptolemy.actor.Manager.preinitializeAndResolveTypes(Manager.java:1040)
	at ptolemy.actor.Manager.initialize(Manager.java:710)
	at ptolemy.actor.Manager.execute(Manager.java:356)
	at ptolemy.actor.Manager.run(Manager.java:1263)
	at ptolemy.actor.Manager$PtolemyRunThread.run(Manager.java:1915)
]]></system-err>
</testsuite>
