<?xml version="1.0" encoding="UTF-8" ?>
<testsuite errors="0" failures="0" hostname="travis-job-868eb2d8-3c6e-4295-b690-6418401bea73" name="ptolemy.domains.continuous.test.junit.JUnitTclTest" skipped="0" tests="156" time="68.59" timestamp="2020-02-13T07:26:13">
  <properties>
[...]
</properties>
  <testcase classname="ptolemy.util.test.junit.TclTests" name="[0] ThereAreNoTclTests (RunTclFile)" time="0.008" />
  <testcase classname="ptolemy.util.test.junit.AutoKnownFailedTests" name="[0] ThereAreNoKnowFailedTests (RunModel)" time="0.002" />
  <testcase classname="ptolemy.util.test.junit.AutoNameArchTests" name="[0] ThereAreNoAutoArchTests (RunModel)" time="0.026" />
  <testcase classname="ptolemy.util.test.junit.AutoTests" name="[0] /home/travis/build/icyphy/ptII/ptolemy/domains/continuous/test/auto/BouncingBall.xml (RunModel)" time="3.019" />
  <testcase classname="ptolemy.util.test.junit.AutoTests" name="[1] /home/travis/build/icyphy/ptII/ptolemy/domains/continuous/test/auto/BouncingBallWithoutGR.xml (RunModel)" time="0.757" />
  <testcase classname="ptolemy.util.test.junit.AutoTests" name="[2] /home/travis/build/icyphy/ptII/ptolemy/domains/continuous/test/auto/Brownian.xml (RunModel)" time="0.058" />
  <testcase classname="ptolemy.util.test.junit.AutoTests" name="[3] /home/travis/build/icyphy/ptII/ptolemy/domains/continuous/test/auto/CarTracking.xml (RunModel)" time="3.689" />
  <testcase classname="ptolemy.util.test.junit.AutoTests" name="[4] /home/travis/build/icyphy/ptII/ptolemy/domains/continuous/test/auto/CartPendulum.xml (RunModel)" time="0.524" />
  <testcase classname="ptolemy.util.test.junit.AutoTests" name="[5] /home/travis/build/icyphy/ptII/ptolemy/domains/continuous/test/auto/CausalityInterface10.xml (RunModel)" time="0.053" />
  <testcase classname="ptolemy.util.test.junit.AutoTests" name="[6] /home/travis/build/icyphy/ptII/ptolemy/domains/continuous/test/auto/CausalityInterface11.xml (RunModel)" time="0.022" />
  <testcase classname="ptolemy.util.test.junit.AutoTests" name="[7] /home/travis/build/icyphy/ptII/ptolemy/domains/continuous/test/auto/CausalityInterface12.xml (RunModel)" time="0.022" />
  <testcase classname="ptolemy.util.test.junit.AutoTests" name="[8] /home/travis/build/icyphy/ptII/ptolemy/domains/continuous/test/auto/CausalityInterface13.xml (RunModel)" time="0.039" />
  <testcase classname="ptolemy.util.test.junit.AutoTests" name="[9] /home/travis/build/icyphy/ptII/ptolemy/domains/continuous/test/auto/CausalityInterface14.xml (RunModel)" time="0.024" />
  <testcase classname="ptolemy.util.test.junit.AutoTests" name="[10] /home/travis/build/icyphy/ptII/ptolemy/domains/continuous/test/auto/CausalityInterface4.xml (RunModel)" time="0.04" />
  <testcase classname="ptolemy.util.test.junit.AutoTests" name="[11] /home/travis/build/icyphy/ptII/ptolemy/domains/continuous/test/auto/CausalityInterface5.xml (RunModel)" time="0.061" />
  <testcase classname="ptolemy.util.test.junit.AutoTests" name="[12] /home/travis/build/icyphy/ptII/ptolemy/domains/continuous/test/auto/CausalityInterface6.xml (RunModel)" time="0.025" />
  <testcase classname="ptolemy.util.test.junit.AutoTests" name="[13] /home/travis/build/icyphy/ptII/ptolemy/domains/continuous/test/auto/CausalityInterface7.xml (RunModel)" time="0.031" />
  <testcase classname="ptolemy.util.test.junit.AutoTests" name="[14] /home/travis/build/icyphy/ptII/ptolemy/domains/continuous/test/auto/CausalityInterface8.xml (RunModel)" time="0.032" />
  <testcase classname="ptolemy.util.test.junit.AutoTests" name="[15] /home/travis/build/icyphy/ptII/ptolemy/domains/continuous/test/auto/CausalityInterface9.xml (RunModel)" time="0.038" />
  <testcase classname="ptolemy.util.test.junit.AutoTests" name="[16] /home/travis/build/icyphy/ptII/ptolemy/domains/continuous/test/auto/CausalityInterfaceFeedback1.xml (RunModel)" time="0.019" />
  <testcase classname="ptolemy.util.test.junit.AutoTests" name="[17] /home/travis/build/icyphy/ptII/ptolemy/domains/continuous/test/auto/CausalityInterfaceFeedback2.xml (RunModel)" time="0.033" />
  <testcase classname="ptolemy.util.test.junit.AutoTests" name="[18] /home/travis/build/icyphy/ptII/ptolemy/domains/continuous/test/auto/CompareWithCurrentTime.xml (RunModel)" time="0.016" />
  <testcase classname="ptolemy.util.test.junit.AutoTests" name="[19] /home/travis/build/icyphy/ptII/ptolemy/domains/continuous/test/auto/ComparedClocks.xml (RunModel)" time="0.065" />
  <testcase classname="ptolemy.util.test.junit.AutoTests" name="[20] /home/travis/build/icyphy/ptII/ptolemy/domains/continuous/test/auto/ContinuousAOCClone.xml (RunModel)" time="2.618" />
  <testcase classname="ptolemy.util.test.junit.AutoTests" name="[21] /home/travis/build/icyphy/ptII/ptolemy/domains/continuous/test/auto/ContinuousClock.xml (RunModel)" time="0.106" />
  <testcase classname="ptolemy.util.test.junit.AutoTests" name="[22] /home/travis/build/icyphy/ptII/ptolemy/domains/continuous/test/auto/ContinuousInContinuous.xml (RunModel)" time="0.081" />
  <testcase classname="ptolemy.util.test.junit.AutoTests" name="[23] /home/travis/build/icyphy/ptII/ptolemy/domains/continuous/test/auto/ContinuousInContinuousInContinuous.xml (RunModel)" time="0.022" />
  <testcase classname="ptolemy.util.test.junit.AutoTests" name="[24] /home/travis/build/icyphy/ptII/ptolemy/domains/continuous/test/auto/ContinuousInDE.xml (RunModel)" time="0.113" />
  <testcase classname="ptolemy.util.test.junit.AutoTests" name="[25] /home/travis/build/icyphy/ptII/ptolemy/domains/continuous/test/auto/ContinuousInDE2.xml (RunModel)" time="0.05" />
  <testcase classname="ptolemy.util.test.junit.AutoTests" name="[26] /home/travis/build/icyphy/ptII/ptolemy/domains/continuous/test/auto/ContinuousInDE3.xml (RunModel)" time="0.046" />
  <testcase classname="ptolemy.util.test.junit.AutoTests" name="[27] /home/travis/build/icyphy/ptII/ptolemy/domains/continuous/test/auto/ContinuousInDE4.xml (RunModel)" time="0.032" />
  <testcase classname="ptolemy.util.test.junit.AutoTests" name="[28] /home/travis/build/icyphy/ptII/ptolemy/domains/continuous/test/auto/ContinuousInDEDifferentRefinements.xml (RunModel)" time="0.112" />
  <testcase classname="ptolemy.util.test.junit.AutoTests" name="[29] /home/travis/build/icyphy/ptII/ptolemy/domains/continuous/test/auto/ContinuousInDEDifferentRefinementsPreemptive.xml (RunModel)" time="0.09" />
  <testcase classname="ptolemy.util.test.junit.AutoTests" name="[30] /home/travis/build/icyphy/ptII/ptolemy/domains/continuous/test/auto/ContinuousInDEInContinuous2.xml (RunModel)" time="0.06" />
  <testcase classname="ptolemy.util.test.junit.AutoTests" name="[31] /home/travis/build/icyphy/ptII/ptolemy/domains/continuous/test/auto/ContinuousInDEInContinuous3.xml (RunModel)" time="0.067" />
  <testcase classname="ptolemy.util.test.junit.AutoTests" name="[32] /home/travis/build/icyphy/ptII/ptolemy/domains/continuous/test/auto/ContinuousInDEInput.xml (RunModel)" time="0.034" />
  <testcase classname="ptolemy.util.test.junit.AutoTests" name="[33] /home/travis/build/icyphy/ptII/ptolemy/domains/continuous/test/auto/ContinuousInDEInput2.xml (RunModel)" time="0.03" />
  <testcase classname="ptolemy.util.test.junit.AutoTests" name="[34] /home/travis/build/icyphy/ptII/ptolemy/domains/continuous/test/auto/ContinuousInDEInput3.xml (RunModel)" time="0.033" />
  <testcase classname="ptolemy.util.test.junit.AutoTests" name="[35] /home/travis/build/icyphy/ptII/ptolemy/domains/continuous/test/auto/ContinuousInDESharingRefinement.xml (RunModel)" time="0.166" />
  <testcase classname="ptolemy.util.test.junit.AutoTests" name="[36] /home/travis/build/icyphy/ptII/ptolemy/domains/continuous/test/auto/ContinuousInDEwithNoPorts.xml (RunModel)" time="0.012" />
  <testcase classname="ptolemy.util.test.junit.AutoTests" name="[37] /home/travis/build/icyphy/ptII/ptolemy/domains/continuous/test/auto/ContinuousInsideDE.xml (RunModel)" time="0.075" />
  <testcase classname="ptolemy.util.test.junit.AutoTests" name="[38] /home/travis/build/icyphy/ptII/ptolemy/domains/continuous/test/auto/ContinuousMerge1.xml (RunModel)" time="0.018" />
  <testcase classname="ptolemy.util.test.junit.AutoTests" name="[39] /home/travis/build/icyphy/ptII/ptolemy/domains/continuous/test/auto/ContinuousMerge2.xml (RunModel)" time="0.041" />
  <testcase classname="ptolemy.util.test.junit.AutoTests" name="[40] /home/travis/build/icyphy/ptII/ptolemy/domains/continuous/test/auto/ContinuousMerge3.xml (RunModel)" time="0.06" />
  <testcase classname="ptolemy.util.test.junit.AutoTests" name="[41] /home/travis/build/icyphy/ptII/ptolemy/domains/continuous/test/auto/ContinuousWithinContinuous.xml (RunModel)" time="0.057" />
  <testcase classname="ptolemy.util.test.junit.AutoTests" name="[42] /home/travis/build/icyphy/ptII/ptolemy/domains/continuous/test/auto/ContinuousWithinContinuous2.xml (RunModel)" time="0.073" />
  <testcase classname="ptolemy.util.test.junit.AutoTests" name="[43] /home/travis/build/icyphy/ptII/ptolemy/domains/continuous/test/auto/ContinuousWithinContinuous3.xml (RunModel)" time="0.032" />
  <testcase classname="ptolemy.util.test.junit.AutoTests" name="[44] /home/travis/build/icyphy/ptII/ptolemy/domains/continuous/test/auto/ContinuousWithinContinuous4.xml (RunModel)" time="0.078" />
  <testcase classname="ptolemy.util.test.junit.AutoTests" name="[45] /home/travis/build/icyphy/ptII/ptolemy/domains/continuous/test/auto/ContinuousWithinContinuous5.xml (RunModel)" time="0.045" />
  <testcase classname="ptolemy.util.test.junit.AutoTests" name="[46] /home/travis/build/icyphy/ptII/ptolemy/domains/continuous/test/auto/ContinuousWithinContinuous6.xml (RunModel)" time="0.027" />
  <testcase classname="ptolemy.util.test.junit.AutoTests" name="[47] /home/travis/build/icyphy/ptII/ptolemy/domains/continuous/test/auto/ContinuousWithinContinuous7.xml (RunModel)" time="0.061" />
  <testcase classname="ptolemy.util.test.junit.AutoTests" name="[48] /home/travis/build/icyphy/ptII/ptolemy/domains/continuous/test/auto/DCMotor.xml (RunModel)" time="13.136" />
  <testcase classname="ptolemy.util.test.junit.AutoTests" name="[49] /home/travis/build/icyphy/ptII/ptolemy/domains/continuous/test/auto/DEInContinuous.xml (RunModel)" time="0.02" />
  <testcase classname="ptolemy.util.test.junit.AutoTests" name="[50] /home/travis/build/icyphy/ptII/ptolemy/domains/continuous/test/auto/DEinContinuous2.xml (RunModel)" time="0.031" />
  <testcase classname="ptolemy.util.test.junit.AutoTests" name="[51] /home/travis/build/icyphy/ptII/ptolemy/domains/continuous/test/auto/Derivative.xml (RunModel)" time="0.192" />
  <testcase classname="ptolemy.util.test.junit.AutoTests" name="[52] /home/travis/build/icyphy/ptII/ptolemy/domains/continuous/test/auto/Derivative1.xml (RunModel)" time="0.06" />
  <testcase classname="ptolemy.util.test.junit.AutoTests" name="[53] /home/travis/build/icyphy/ptII/ptolemy/domains/continuous/test/auto/DiscreteClock.xml (RunModel)" time="0.014" />
  <testcase classname="ptolemy.util.test.junit.AutoTests" name="[54] /home/travis/build/icyphy/ptII/ptolemy/domains/continuous/test/auto/EfficiencyCurve.xml (RunModel)" time="0.101" />
  <testcase classname="ptolemy.util.test.junit.AutoTests" name="[55] /home/travis/build/icyphy/ptII/ptolemy/domains/continuous/test/auto/ExponentialResponse.xml (RunModel)" time="0.121" />
  <testcase classname="ptolemy.util.test.junit.AutoTests" name="[56] /home/travis/build/icyphy/ptII/ptolemy/domains/continuous/test/auto/ExponentialResponseRK45.xml (RunModel)" time="0.039" />
  <testcase classname="ptolemy.util.test.junit.AutoTests" name="[57] /home/travis/build/icyphy/ptII/ptolemy/domains/continuous/test/auto/Friction.xml (RunModel)" time="1.558" />
  <testcase classname="ptolemy.util.test.junit.AutoTests" name="[58] /home/travis/build/icyphy/ptII/ptolemy/domains/continuous/test/auto/FurutaPendulum.xml (RunModel)" time="2.975" />
  <testcase classname="ptolemy.util.test.junit.AutoTests" name="[59] /home/travis/build/icyphy/ptII/ptolemy/domains/continuous/test/auto/HierarchicalExecution.xml (RunModel)" time="1.704" />
  <testcase classname="ptolemy.util.test.junit.AutoTests" name="[60] /home/travis/build/icyphy/ptII/ptolemy/domains/continuous/test/auto/HybridPlant.xml (RunModel)" time="0.529" />
  <testcase classname="ptolemy.util.test.junit.AutoTests" name="[61] /home/travis/build/icyphy/ptII/ptolemy/domains/continuous/test/auto/Hysteresis.xml (RunModel)" time="0.17" />
  <testcase classname="ptolemy.util.test.junit.AutoTests" name="[62] /home/travis/build/icyphy/ptII/ptolemy/domains/continuous/test/auto/HysteresisWithRandomDelay.xml (RunModel)" time="0.217" />
  <testcase classname="ptolemy.util.test.junit.AutoTests" name="[63] /home/travis/build/icyphy/ptII/ptolemy/domains/continuous/test/auto/HysteresisWithRandomLosses.xml (RunModel)" time="2.242" />
  <testcase classname="ptolemy.util.test.junit.AutoTests" name="[64] /home/travis/build/icyphy/ptII/ptolemy/domains/continuous/test/auto/ImmediateTransitions.xml (RunModel)" time="0.028" />
  <testcase classname="ptolemy.util.test.junit.AutoTests" name="[65] /home/travis/build/icyphy/ptII/ptolemy/domains/continuous/test/auto/ImpulseFeedback.xml (RunModel)" time="0.022" />
  <testcase classname="ptolemy.util.test.junit.AutoTests" name="[66] /home/travis/build/icyphy/ptII/ptolemy/domains/continuous/test/auto/ImpulseFeedback2.xml (RunModel)" time="0.016" />
  <testcase classname="ptolemy.util.test.junit.AutoTests" name="[67] /home/travis/build/icyphy/ptII/ptolemy/domains/continuous/test/auto/IncreasingRatePoisson.xml (RunModel)" time="0.679" />
  <testcase classname="ptolemy.util.test.junit.AutoTests" name="[68] /home/travis/build/icyphy/ptII/ptolemy/domains/continuous/test/auto/InitialStateFeedback.xml (RunModel)" time="0.019" />
  <testcase classname="ptolemy.util.test.junit.AutoTests" name="[69] /home/travis/build/icyphy/ptII/ptolemy/domains/continuous/test/auto/Integration.xml (RunModel)" time="0.015" />
  <testcase classname="ptolemy.util.test.junit.AutoTests" name="[70] /home/travis/build/icyphy/ptII/ptolemy/domains/continuous/test/auto/Integration2.xml (RunModel)" time="0.071" />
  <testcase classname="ptolemy.util.test.junit.AutoTests" name="[71] /home/travis/build/icyphy/ptII/ptolemy/domains/continuous/test/auto/Integration3.xml (RunModel)" time="0.013" />
  <testcase classname="ptolemy.util.test.junit.AutoTests" name="[72] /home/travis/build/icyphy/ptII/ptolemy/domains/continuous/test/auto/Integration5.xml (RunModel)" time="0.032" />
  <testcase classname="ptolemy.util.test.junit.AutoTests" name="[73] /home/travis/build/icyphy/ptII/ptolemy/domains/continuous/test/auto/IntegratorImpulse.xml (RunModel)" time="0.009" />
  <testcase classname="ptolemy.util.test.junit.AutoTests" name="[74] /home/travis/build/icyphy/ptII/ptolemy/domains/continuous/test/auto/IntegratorImpulse2.xml (RunModel)" time="0.01" />
  <testcase classname="ptolemy.util.test.junit.AutoTests" name="[75] /home/travis/build/icyphy/ptII/ptolemy/domains/continuous/test/auto/LevelCrossing1.xml (RunModel)" time="0.017" />
  <testcase classname="ptolemy.util.test.junit.AutoTests" name="[76] /home/travis/build/icyphy/ptII/ptolemy/domains/continuous/test/auto/LevelCrossing2.xml (RunModel)" time="0.011" />
  <testcase classname="ptolemy.util.test.junit.AutoTests" name="[77] /home/travis/build/icyphy/ptII/ptolemy/domains/continuous/test/auto/LevelCrossing3.xml (RunModel)" time="0.009" />
  <testcase classname="ptolemy.util.test.junit.AutoTests" name="[78] /home/travis/build/icyphy/ptII/ptolemy/domains/continuous/test/auto/LevelCrossing4.xml (RunModel)" time="0.013" />
  <testcase classname="ptolemy.util.test.junit.AutoTests" name="[79] /home/travis/build/icyphy/ptII/ptolemy/domains/continuous/test/auto/LevelCrossing5.xml (RunModel)" time="0.013" />
  <testcase classname="ptolemy.util.test.junit.AutoTests" name="[80] /home/travis/build/icyphy/ptII/ptolemy/domains/continuous/test/auto/LevelCrossing6.xml (RunModel)" time="0.011" />
  <testcase classname="ptolemy.util.test.junit.AutoTests" name="[81] /home/travis/build/icyphy/ptII/ptolemy/domains/continuous/test/auto/LevelCrossingDetector.xml (RunModel)" time="0.036" />
  <testcase classname="ptolemy.util.test.junit.AutoTests" name="[82] /home/travis/build/icyphy/ptII/ptolemy/domains/continuous/test/auto/LevelCrossingDetectorDetectingDirections.xml (RunModel)" time="0.086" />
  <testcase classname="ptolemy.util.test.junit.AutoTests" name="[83] /home/travis/build/icyphy/ptII/ptolemy/domains/continuous/test/auto/LevelCrossingDetectorDetectsGlitches.xml (RunModel)" time="0.055" />
  <testcase classname="ptolemy.util.test.junit.AutoTests" name="[84] /home/travis/build/icyphy/ptII/ptolemy/domains/continuous/test/auto/LevelCrossingNoInitialOuput.xml (RunModel)" time="0.013" />
  <testcase classname="ptolemy.util.test.junit.AutoTests" name="[85] /home/travis/build/icyphy/ptII/ptolemy/domains/continuous/test/auto/LinearStateSpaceExample.xml (RunModel)" time="0.071" />
  <testcase classname="ptolemy.util.test.junit.AutoTests" name="[86] /home/travis/build/icyphy/ptII/ptolemy/domains/continuous/test/auto/Lorenz.xml (RunModel)" time="3.267" />
  <testcase classname="ptolemy.util.test.junit.AutoTests" name="[87] /home/travis/build/icyphy/ptII/ptolemy/domains/continuous/test/auto/LorenzDifferentialSystem.xml (RunModel)" time="0.915" />
  <testcase classname="ptolemy.util.test.junit.AutoTests" name="[88] /home/travis/build/icyphy/ptII/ptolemy/domains/continuous/test/auto/LorenzDifferentialSystemWithInput.xml (RunModel)" time="1.184" />
  <testcase classname="ptolemy.util.test.junit.AutoTests" name="[89] /home/travis/build/icyphy/ptII/ptolemy/domains/continuous/test/auto/LorenzDifferentialSystemWithTime.xml (RunModel)" time="0.633" />
  <testcase classname="ptolemy.util.test.junit.AutoTests" name="[90] /home/travis/build/icyphy/ptII/ptolemy/domains/continuous/test/auto/Microsteps.xml (RunModel)" time="0.037" />
  <testcase classname="ptolemy.util.test.junit.AutoTests" name="[91] /home/travis/build/icyphy/ptII/ptolemy/domains/continuous/test/auto/Modal1.xml (RunModel)" time="0.039" />
  <testcase classname="ptolemy.util.test.junit.AutoTests" name="[92] /home/travis/build/icyphy/ptII/ptolemy/domains/continuous/test/auto/Modal2.xml (RunModel)" time="0.05" />
  <testcase classname="ptolemy.util.test.junit.AutoTests" name="[93] /home/travis/build/icyphy/ptII/ptolemy/domains/continuous/test/auto/ModalTransitionGuardWithReset.xml (RunModel)" time="0.025" />
  <testcase classname="ptolemy.util.test.junit.AutoTests" name="[94] /home/travis/build/icyphy/ptII/ptolemy/domains/continuous/test/auto/ModalTransitionGuardWithResetUsingPreemptiveTransition.xml (RunModel)" time="0.031" />
  <testcase classname="ptolemy.util.test.junit.AutoTests" name="[95] /home/travis/build/icyphy/ptII/ptolemy/domains/continuous/test/auto/ModalTransitionGuardWithResetUsingPreemptiveTransition2.xml (RunModel)" time="0.032" />
  <testcase classname="ptolemy.util.test.junit.AutoTests" name="[96] /home/travis/build/icyphy/ptII/ptolemy/domains/continuous/test/auto/ModalTransitionGuardWithResetUsingPreemptiveTransition3.xml (RunModel)" time="0.029" />
  <testcase classname="ptolemy.util.test.junit.AutoTests" name="[97] /home/travis/build/icyphy/ptII/ptolemy/domains/continuous/test/auto/NewtonsCradle.xml (RunModel)" time="0.743" />
  <testcase classname="ptolemy.util.test.junit.AutoTests" name="[98] /home/travis/build/icyphy/ptII/ptolemy/domains/continuous/test/auto/NewtonsCradleAnimated.xml (RunModel)" time="1.21" />
  <testcase classname="ptolemy.util.test.junit.AutoTests" name="[99] /home/travis/build/icyphy/ptII/ptolemy/domains/continuous/test/auto/NewtonsCradleComplicated.xml (RunModel)" time="0.84" />
  <testcase classname="ptolemy.util.test.junit.AutoTests" name="[100] /home/travis/build/icyphy/ptII/ptolemy/domains/continuous/test/auto/NewtonsCradleNondeterministic.xml (RunModel)" time="0.648" />
  <testcase classname="ptolemy.util.test.junit.AutoTests" name="[101] /home/travis/build/icyphy/ptII/ptolemy/domains/continuous/test/auto/NewtonsCradlePerfectlyInelastic1.xml (RunModel)" time="1.141" />
  <testcase classname="ptolemy.util.test.junit.AutoTests" name="[102] /home/travis/build/icyphy/ptII/ptolemy/domains/continuous/test/auto/Noise.xml (RunModel)" time="0.187" />
  <testcase classname="ptolemy.util.test.junit.AutoTests" name="[103] /home/travis/build/icyphy/ptII/ptolemy/domains/continuous/test/auto/NoiseSpectrum.xml (RunModel)" time="0.632" />
  <testcase classname="ptolemy.util.test.junit.AutoTests" name="[104] /home/travis/build/icyphy/ptII/ptolemy/domains/continuous/test/auto/ParameterizedNewtonsCradleAnimated.xml (RunModel)" time="0.329" />
  <testcase classname="ptolemy.util.test.junit.AutoTests" name="[105] /home/travis/build/icyphy/ptII/ptolemy/domains/continuous/test/auto/ParameterizedNewtonsCradleAnimatedNondeterministic.xml (RunModel)" time="1.088" />
  <testcase classname="ptolemy.util.test.junit.AutoTests" name="[106] /home/travis/build/icyphy/ptII/ptolemy/domains/continuous/test/auto/Pendulum3D.xml (RunModel)" time="0.164" />
  <testcase classname="ptolemy.util.test.junit.AutoTests" name="[107] /home/travis/build/icyphy/ptII/ptolemy/domains/continuous/test/auto/PeriodicSampler.xml (RunModel)" time="0.012" />
  <testcase classname="ptolemy.util.test.junit.AutoTests" name="[108] /home/travis/build/icyphy/ptII/ptolemy/domains/continuous/test/auto/PeriodicSampler1.xml (RunModel)" time="0.04" />
  <testcase classname="ptolemy.util.test.junit.AutoTests" name="[109] /home/travis/build/icyphy/ptII/ptolemy/domains/continuous/test/auto/PeriodicSampler2.xml (RunModel)" time="0.096" />
  <testcase classname="ptolemy.util.test.junit.AutoTests" name="[110] /home/travis/build/icyphy/ptII/ptolemy/domains/continuous/test/auto/Poisson.xml (RunModel)" time="0.419" />
  <testcase classname="ptolemy.util.test.junit.AutoTests" name="[111] /home/travis/build/icyphy/ptII/ptolemy/domains/continuous/test/auto/PoissonClock.xml (RunModel)" time="0.011" />
  <testcase classname="ptolemy.util.test.junit.AutoTests" name="[112] /home/travis/build/icyphy/ptII/ptolemy/domains/continuous/test/auto/PoissonClock2.xml (RunModel)" time="0.01" />
  <testcase classname="ptolemy.util.test.junit.AutoTests" name="[113] /home/travis/build/icyphy/ptII/ptolemy/domains/continuous/test/auto/PortParameterHierarchy.xml (RunModel)" time="0.023" />
  <testcase classname="ptolemy.util.test.junit.AutoTests" name="[114] /home/travis/build/icyphy/ptII/ptolemy/domains/continuous/test/auto/RandomHybridPlant.xml (RunModel)" time="0.5" />
  <testcase classname="ptolemy.util.test.junit.AutoTests" name="[115] /home/travis/build/icyphy/ptII/ptolemy/domains/continuous/test/auto/ResetTransitionWithStartTime1.xml (RunModel)" time="0.028" />
  <testcase classname="ptolemy.util.test.junit.AutoTests" name="[116] /home/travis/build/icyphy/ptII/ptolemy/domains/continuous/test/auto/ResetTransitionWithStartTime2.xml (RunModel)" time="0.031" />
  <testcase classname="ptolemy.util.test.junit.AutoTests" name="[117] /home/travis/build/icyphy/ptII/ptolemy/domains/continuous/test/auto/ResetTransitionWithStartTime3.xml (RunModel)" time="0.044" />
  <testcase classname="ptolemy.util.test.junit.AutoTests" name="[118] /home/travis/build/icyphy/ptII/ptolemy/domains/continuous/test/auto/ResetTransitionWithStartTime4.xml (RunModel)" time="0.032" />
  <testcase classname="ptolemy.util.test.junit.AutoTests" name="[119] /home/travis/build/icyphy/ptII/ptolemy/domains/continuous/test/auto/ResetTransitionWithStartTime5.xml (RunModel)" time="0.034" />
  <testcase classname="ptolemy.util.test.junit.AutoTests" name="[120] /home/travis/build/icyphy/ptII/ptolemy/domains/continuous/test/auto/ResetTransitionWithStartTime6.xml (RunModel)" time="0.026" />
  <testcase classname="ptolemy.util.test.junit.AutoTests" name="[121] /home/travis/build/icyphy/ptII/ptolemy/domains/continuous/test/auto/SRinContinuous.xml (RunModel)" time="0.026" />
  <testcase classname="ptolemy.util.test.junit.AutoTests" name="[122] /home/travis/build/icyphy/ptII/ptolemy/domains/continuous/test/auto/SampledClocks.xml (RunModel)" time="0.032" />
  <testcase classname="ptolemy.util.test.junit.AutoTests" name="[123] /home/travis/build/icyphy/ptII/ptolemy/domains/continuous/test/auto/Satellite.xml (RunModel)" time="0.701" />
  <testcase classname="ptolemy.util.test.junit.AutoTests" name="[124] /home/travis/build/icyphy/ptII/ptolemy/domains/continuous/test/auto/SigmaDelta.xml (RunModel)" time="2.107" />
  <testcase classname="ptolemy.util.test.junit.AutoTests" name="[125] /home/travis/build/icyphy/ptII/ptolemy/domains/continuous/test/auto/SingleRefinement.xml (RunModel)" time="0.412" />
  <testcase classname="ptolemy.util.test.junit.AutoTests" name="[126] /home/travis/build/icyphy/ptII/ptolemy/domains/continuous/test/auto/SinuBouncingBall.xml (RunModel)" time="0.846" />
  <testcase classname="ptolemy.util.test.junit.AutoTests" name="[127] /home/travis/build/icyphy/ptII/ptolemy/domains/continuous/test/auto/Sinusoid.xml (RunModel)" time="0.01" />
  <testcase classname="ptolemy.util.test.junit.AutoTests" name="[128] /home/travis/build/icyphy/ptII/ptolemy/domains/continuous/test/auto/SinusoidInNoise.xml (RunModel)" time="0.809" />
  <testcase classname="ptolemy.util.test.junit.AutoTests" name="[129] /home/travis/build/icyphy/ptII/ptolemy/domains/continuous/test/auto/SinusoidRK45.xml (RunModel)" time="0.009" />
  <testcase classname="ptolemy.util.test.junit.AutoTests" name="[130] /home/travis/build/icyphy/ptII/ptolemy/domains/continuous/test/auto/SinusoidWithMultipleImpulses.xml (RunModel)" time="0.01" />
  <testcase classname="ptolemy.util.test.junit.AutoTests" name="[131] /home/travis/build/icyphy/ptII/ptolemy/domains/continuous/test/auto/SquareWave.xml (RunModel)" time="0.169" />
  <testcase classname="ptolemy.util.test.junit.AutoTests" name="[132] /home/travis/build/icyphy/ptII/ptolemy/domains/continuous/test/auto/Starmac.xml (RunModel)" time="3.352" />
  <testcase classname="ptolemy.util.test.junit.AutoTests" name="[133] /home/travis/build/icyphy/ptII/ptolemy/domains/continuous/test/auto/StaticUnits.xml (RunModel)" time="2.171" />
  <testcase classname="ptolemy.util.test.junit.AutoTests" name="[134] /home/travis/build/icyphy/ptII/ptolemy/domains/continuous/test/auto/StickyMasses.xml (RunModel)" time="0.234" />
  <testcase classname="ptolemy.util.test.junit.AutoTests" name="[135] /home/travis/build/icyphy/ptII/ptolemy/domains/continuous/test/auto/StopTime.xml (RunModel)" time="0.135" />
  <testcase classname="ptolemy.util.test.junit.AutoTests" name="[136] /home/travis/build/icyphy/ptII/ptolemy/domains/continuous/test/auto/StopTime2.xml (RunModel)" time="0.075" />
  <testcase classname="ptolemy.util.test.junit.AutoTests" name="[137] /home/travis/build/icyphy/ptII/ptolemy/domains/continuous/test/auto/Switch.xml (RunModel)" time="0.063" />
  <testcase classname="ptolemy.util.test.junit.AutoTests" name="[138] /home/travis/build/icyphy/ptII/ptolemy/domains/continuous/test/auto/Thermostat.xml (RunModel)" time="0.198" />
  <testcase classname="ptolemy.util.test.junit.AutoTests" name="[139] /home/travis/build/icyphy/ptII/ptolemy/domains/continuous/test/auto/TimeDelay.xml (RunModel)" time="0.012" />
  <testcase classname="ptolemy.util.test.junit.AutoTests" name="[140] /home/travis/build/icyphy/ptII/ptolemy/domains/continuous/test/auto/TimeDelay2.xml (RunModel)" time="0.022" />
  <testcase classname="ptolemy.util.test.junit.AutoTests" name="[141] /home/travis/build/icyphy/ptII/ptolemy/domains/continuous/test/auto/TimeDelay3.xml (RunModel)" time="0.01" />
  <testcase classname="ptolemy.util.test.junit.AutoTests" name="[142] /home/travis/build/icyphy/ptII/ptolemy/domains/continuous/test/auto/TransferAbsentToInside.xml (RunModel)" time="0.115" />
  <testcase classname="ptolemy.util.test.junit.AutoTests" name="[143] /home/travis/build/icyphy/ptII/ptolemy/domains/continuous/test/auto/Transmission.xml (RunModel)" time="0.793" />
  <testcase classname="ptolemy.util.test.junit.AutoTests" name="[144] /home/travis/build/icyphy/ptII/ptolemy/domains/continuous/test/auto/TriggeredContinuousClock.xml (RunModel)" time="0.064" />
  <testcase classname="ptolemy.util.test.junit.AutoTests" name="[145] /home/travis/build/icyphy/ptII/ptolemy/domains/continuous/test/auto/TwoMachineInfiniteBusControl.xml (RunModel)" time="2.541" />
  <testcase classname="ptolemy.util.test.junit.AutoTests" name="[146] /home/travis/build/icyphy/ptII/ptolemy/domains/continuous/test/auto/V2V.xml (RunModel)" time="0.831" />
  <testcase classname="ptolemy.util.test.junit.AutoTests" name="[147] /home/travis/build/icyphy/ptII/ptolemy/domains/continuous/test/auto/hierarchicalModalModel.xml (RunModel)" time="0.04" />
  <testcase classname="ptolemy.util.test.junit.AutoTests" name="[148] /home/travis/build/icyphy/ptII/ptolemy/domains/continuous/test/auto/hierarchicalModalModel1.xml (RunModel)" time="0.027" />
  <testcase classname="ptolemy.util.test.junit.AutoTests" name="[149] /home/travis/build/icyphy/ptII/ptolemy/domains/continuous/test/auto/hierarchicalModalModel2.xml (RunModel)" time="0.023" />
  <testcase classname="ptolemy.util.test.junit.AutoTests" name="[150] /home/travis/build/icyphy/ptII/ptolemy/domains/continuous/test/auto/hierarchicalModalModel3.xml (RunModel)" time="0.025" />
  <testcase classname="ptolemy.util.test.junit.AutoTests" name="[151] /home/travis/build/icyphy/ptII/ptolemy/domains/continuous/test/auto/hierarchicalModalModel4.xml (RunModel)" time="0.024" />
  <testcase classname="ptolemy.util.test.junit.AutoTests" name="[152] /home/travis/build/icyphy/ptII/ptolemy/domains/continuous/test/auto/junk.xml (RunModel)" time="0.124" />
  <system-out><![CDATA[No tcl tests in /home/travis/build/icyphy/ptII/ptolemy/domains/continuous/test
No auto/knownFailedTests/*.xml tests in /home/travis/build/icyphy/ptII/ptolemy/domains/continuous/test
No auto/linux-amd64/*.xml tests in /home/travis/build/icyphy/ptII/ptolemy/domains/continuous/test
AutoTests.java: About to close Vertx.
AutoTests.java: Vertx closed.

===========================================================================================
----------------- testing Thu Feb 13 07:26:14 UTC 2020 /home/travis/build/icyphy/ptII/ptolemy/domains/continuous/test/auto/BouncingBall.xml
----------------- Instantiating /home/travis/build/icyphy/ptII/ptolemy/domains/continuous/test/auto/BouncingBall.xml
2377 ms. Memory: 161792K Free: 124609K (77%)
----------------- Invoking toplevel() on ptolemy.moml.MoMLSimpleApplication@4244b7f
----------------- Done invoking toplevel() on ptolemy.moml.MoMLSimpleApplication@4244b7f
reloadAllAccessors: .BouncingBall

===========================================================================================
----------------- testing Thu Feb 13 07:26:17 UTC 2020 /home/travis/build/icyphy/ptII/ptolemy/domains/continuous/test/auto/BouncingBallWithoutGR.xml
----------------- Instantiating /home/travis/build/icyphy/ptII/ptolemy/domains/continuous/test/auto/BouncingBallWithoutGR.xml
683 ms. Memory: 194560K Free: 166066K (85%)
----------------- Invoking toplevel() on ptolemy.moml.MoMLSimpleApplication@3b5fb688
----------------- Done invoking toplevel() on ptolemy.moml.MoMLSimpleApplication@3b5fb688
reloadAllAccessors: .BouncingBallWithoutGR

===========================================================================================
----------------- testing Thu Feb 13 07:26:18 UTC 2020 /home/travis/build/icyphy/ptII/ptolemy/domains/continuous/test/auto/Brownian.xml
----------------- Instantiating /home/travis/build/icyphy/ptII/ptolemy/domains/continuous/test/auto/Brownian.xml
17 ms. Memory: 194560K Free: 157364K (81%)
----------------- Invoking toplevel() on ptolemy.moml.MoMLSimpleApplication@4da59ce2
----------------- Done invoking toplevel() on ptolemy.moml.MoMLSimpleApplication@4da59ce2
reloadAllAccessors: .Brownian

===========================================================================================
----------------- testing Thu Feb 13 07:26:18 UTC 2020 /home/travis/build/icyphy/ptII/ptolemy/domains/continuous/test/auto/CarTracking.xml
----------------- Instantiating /home/travis/build/icyphy/ptII/ptolemy/domains/continuous/test/auto/CarTracking.xml
3338 ms. Memory: 233472K Free: 198233K (85%)
----------------- Invoking toplevel() on ptolemy.moml.MoMLSimpleApplication@426e9b90
----------------- Done invoking toplevel() on ptolemy.moml.MoMLSimpleApplication@426e9b90
reloadAllAccessors: .CarTracking

===========================================================================================
----------------- testing Thu Feb 13 07:26:22 UTC 2020 /home/travis/build/icyphy/ptII/ptolemy/domains/continuous/test/auto/CartPendulum.xml
----------------- Instantiating /home/travis/build/icyphy/ptII/ptolemy/domains/continuous/test/auto/CartPendulum.xml
347 ms. Memory: 233472K Free: 106587K (46%)
----------------- Invoking toplevel() on ptolemy.moml.MoMLSimpleApplication@536d1eae
----------------- Done invoking toplevel() on ptolemy.moml.MoMLSimpleApplication@536d1eae
reloadAllAccessors: .CartPendulum

===========================================================================================
----------------- testing Thu Feb 13 07:26:22 UTC 2020 /home/travis/build/icyphy/ptII/ptolemy/domains/continuous/test/auto/CausalityInterface10.xml
----------------- Instantiating /home/travis/build/icyphy/ptII/ptolemy/domains/continuous/test/auto/CausalityInterface10.xml
7 ms. Memory: 233472K Free: 96347K (41%)
----------------- Invoking toplevel() on ptolemy.moml.MoMLSimpleApplication@788ef622
----------------- Done invoking toplevel() on ptolemy.moml.MoMLSimpleApplication@788ef622
reloadAllAccessors: .CausalityInterface10

===========================================================================================
----------------- testing Thu Feb 13 07:26:22 UTC 2020 /home/travis/build/icyphy/ptII/ptolemy/domains/continuous/test/auto/CausalityInterface11.xml
----------------- Instantiating /home/travis/build/icyphy/ptII/ptolemy/domains/continuous/test/auto/CausalityInterface11.xml
4 ms. Memory: 233472K Free: 90203K (39%)
----------------- Invoking toplevel() on ptolemy.moml.MoMLSimpleApplication@57a5f9da
----------------- Done invoking toplevel() on ptolemy.moml.MoMLSimpleApplication@57a5f9da
reloadAllAccessors: .CausalityInterface11

===========================================================================================
----------------- testing Thu Feb 13 07:26:22 UTC 2020 /home/travis/build/icyphy/ptII/ptolemy/domains/continuous/test/auto/CausalityInterface12.xml
----------------- Instantiating /home/travis/build/icyphy/ptII/ptolemy/domains/continuous/test/auto/CausalityInterface12.xml
4 ms. Memory: 233472K Free: 84059K (36%)
----------------- Invoking toplevel() on ptolemy.moml.MoMLSimpleApplication@3ea7ffcd
----------------- Done invoking toplevel() on ptolemy.moml.MoMLSimpleApplication@3ea7ffcd
reloadAllAccessors: .CausalityInterface12

===========================================================================================
----------------- testing Thu Feb 13 07:26:22 UTC 2020 /home/travis/build/icyphy/ptII/ptolemy/domains/continuous/test/auto/CausalityInterface13.xml
----------------- Instantiating /home/travis/build/icyphy/ptII/ptolemy/domains/continuous/test/auto/CausalityInterface13.xml
8 ms. Memory: 233472K Free: 214101K (92%)
----------------- Invoking toplevel() on ptolemy.moml.MoMLSimpleApplication@52b41669
----------------- Done invoking toplevel() on ptolemy.moml.MoMLSimpleApplication@52b41669
reloadAllAccessors: .CausalityInterface13

===========================================================================================
----------------- testing Thu Feb 13 07:26:22 UTC 2020 /home/travis/build/icyphy/ptII/ptolemy/domains/continuous/test/auto/CausalityInterface14.xml
----------------- Instantiating /home/travis/build/icyphy/ptII/ptolemy/domains/continuous/test/auto/CausalityInterface14.xml
4 ms. Memory: 233472K Free: 208453K (89%)
----------------- Invoking toplevel() on ptolemy.moml.MoMLSimpleApplication@4f577d5f
----------------- Done invoking toplevel() on ptolemy.moml.MoMLSimpleApplication@4f577d5f
reloadAllAccessors: .CausalityInterface14

===========================================================================================
----------------- testing Thu Feb 13 07:26:22 UTC 2020 /home/travis/build/icyphy/ptII/ptolemy/domains/continuous/test/auto/CausalityInterface4.xml
----------------- Instantiating /home/travis/build/icyphy/ptII/ptolemy/domains/continuous/test/auto/CausalityInterface4.xml
5 ms. Memory: 233472K Free: 201813K (86%)
----------------- Invoking toplevel() on ptolemy.moml.MoMLSimpleApplication@3e58ab34
----------------- Done invoking toplevel() on ptolemy.moml.MoMLSimpleApplication@3e58ab34
reloadAllAccessors: .CausalityInterface4

===========================================================================================
----------------- testing Thu Feb 13 07:26:22 UTC 2020 /home/travis/build/icyphy/ptII/ptolemy/domains/continuous/test/auto/CausalityInterface5.xml
----------------- Instantiating /home/travis/build/icyphy/ptII/ptolemy/domains/continuous/test/auto/CausalityInterface5.xml
13 ms. Memory: 233472K Free: 193621K (83%)
----------------- Invoking toplevel() on ptolemy.moml.MoMLSimpleApplication@6a02df8b
----------------- Done invoking toplevel() on ptolemy.moml.MoMLSimpleApplication@6a02df8b
reloadAllAccessors: .CausalityInterface5

===========================================================================================
----------------- testing Thu Feb 13 07:26:22 UTC 2020 /home/travis/build/icyphy/ptII/ptolemy/domains/continuous/test/auto/CausalityInterface6.xml
----------------- Instantiating /home/travis/build/icyphy/ptII/ptolemy/domains/continuous/test/auto/CausalityInterface6.xml
3 ms. Memory: 233472K Free: 187987K (81%)
----------------- Invoking toplevel() on ptolemy.moml.MoMLSimpleApplication@8c6c021
----------------- Done invoking toplevel() on ptolemy.moml.MoMLSimpleApplication@8c6c021
reloadAllAccessors: .CausalityInterface6

===========================================================================================
----------------- testing Thu Feb 13 07:26:22 UTC 2020 /home/travis/build/icyphy/ptII/ptolemy/domains/continuous/test/auto/CausalityInterface7.xml
----------------- Instantiating /home/travis/build/icyphy/ptII/ptolemy/domains/continuous/test/auto/CausalityInterface7.xml
6 ms. Memory: 233472K Free: 179285K (77%)
----------------- Invoking toplevel() on ptolemy.moml.MoMLSimpleApplication@46c2a4e3
----------------- Done invoking toplevel() on ptolemy.moml.MoMLSimpleApplication@46c2a4e3
reloadAllAccessors: .CausalityInterface7

===========================================================================================
----------------- testing Thu Feb 13 07:26:22 UTC 2020 /home/travis/build/icyphy/ptII/ptolemy/domains/continuous/test/auto/CausalityInterface8.xml
----------------- Instantiating /home/travis/build/icyphy/ptII/ptolemy/domains/continuous/test/auto/CausalityInterface8.xml
5 ms. Memory: 233472K Free: 170069K (73%)
----------------- Invoking toplevel() on ptolemy.moml.MoMLSimpleApplication@141d373b
----------------- Done invoking toplevel() on ptolemy.moml.MoMLSimpleApplication@141d373b
reloadAllAccessors: .CausalityInterface8

===========================================================================================
----------------- testing Thu Feb 13 07:26:22 UTC 2020 /home/travis/build/icyphy/ptII/ptolemy/domains/continuous/test/auto/CausalityInterface9.xml
----------------- Instantiating /home/travis/build/icyphy/ptII/ptolemy/domains/continuous/test/auto/CausalityInterface9.xml
5 ms. Memory: 233472K Free: 159315K (68%)
----------------- Invoking toplevel() on ptolemy.moml.MoMLSimpleApplication@2b85ef3e
----------------- Done invoking toplevel() on ptolemy.moml.MoMLSimpleApplication@2b85ef3e
reloadAllAccessors: .CausalityInterface9

===========================================================================================
----------------- testing Thu Feb 13 07:26:22 UTC 2020 /home/travis/build/icyphy/ptII/ptolemy/domains/continuous/test/auto/CausalityInterfaceFeedback1.xml
----------------- Instantiating /home/travis/build/icyphy/ptII/ptolemy/domains/continuous/test/auto/CausalityInterfaceFeedback1.xml
3 ms. Memory: 233472K Free: 152661K (65%)
----------------- Invoking toplevel() on ptolemy.moml.MoMLSimpleApplication@2a7166f9
----------------- Done invoking toplevel() on ptolemy.moml.MoMLSimpleApplication@2a7166f9
reloadAllAccessors: .CausalityInterfaceFeedback1

===========================================================================================
----------------- testing Thu Feb 13 07:26:23 UTC 2020 /home/travis/build/icyphy/ptII/ptolemy/domains/continuous/test/auto/CausalityInterfaceFeedback2.xml
----------------- Instantiating /home/travis/build/icyphy/ptII/ptolemy/domains/continuous/test/auto/CausalityInterfaceFeedback2.xml
8 ms. Memory: 233472K Free: 146517K (63%)
----------------- Invoking toplevel() on ptolemy.moml.MoMLSimpleApplication@1937305e
----------------- Done invoking toplevel() on ptolemy.moml.MoMLSimpleApplication@1937305e
reloadAllAccessors: .CausalityInterfaceFeedback2

===========================================================================================
----------------- testing Thu Feb 13 07:26:23 UTC 2020 /home/travis/build/icyphy/ptII/ptolemy/domains/continuous/test/auto/CompareWithCurrentTime.xml
----------------- Instantiating /home/travis/build/icyphy/ptII/ptolemy/domains/continuous/test/auto/CompareWithCurrentTime.xml
4 ms. Memory: 233472K Free: 142421K (61%)
----------------- Invoking toplevel() on ptolemy.moml.MoMLSimpleApplication@6985bf45
----------------- Done invoking toplevel() on ptolemy.moml.MoMLSimpleApplication@6985bf45
reloadAllAccessors: .CompareWithCurrentTime

===========================================================================================
----------------- testing Thu Feb 13 07:26:23 UTC 2020 /home/travis/build/icyphy/ptII/ptolemy/domains/continuous/test/auto/ComparedClocks.xml
----------------- Instantiating /home/travis/build/icyphy/ptII/ptolemy/domains/continuous/test/auto/ComparedClocks.xml
5 ms. Memory: 233472K Free: 127061K (54%)
----------------- Invoking toplevel() on ptolemy.moml.MoMLSimpleApplication@75836c9e
----------------- Done invoking toplevel() on ptolemy.moml.MoMLSimpleApplication@75836c9e
reloadAllAccessors: .ComparedClocks

===========================================================================================
----------------- testing Thu Feb 13 07:26:23 UTC 2020 /home/travis/build/icyphy/ptII/ptolemy/domains/continuous/test/auto/ContinuousAOCClone.xml
----------------- Instantiating /home/travis/build/icyphy/ptII/ptolemy/domains/continuous/test/auto/ContinuousAOCClone.xml
2342 ms. Memory: 280576K Free: 125319K (45%)
----------------- Invoking toplevel() on ptolemy.moml.MoMLSimpleApplication@1ea4644d
----------------- Done invoking toplevel() on ptolemy.moml.MoMLSimpleApplication@1ea4644d
reloadAllAccessors: .ContinuousAOCClone

===========================================================================================
----------------- testing Thu Feb 13 07:26:25 UTC 2020 /home/travis/build/icyphy/ptII/ptolemy/domains/continuous/test/auto/ContinuousClock.xml
----------------- Instantiating /home/travis/build/icyphy/ptII/ptolemy/domains/continuous/test/auto/ContinuousClock.xml
34 ms. Memory: 280576K Free: 103815K (37%)
----------------- Invoking toplevel() on ptolemy.moml.MoMLSimpleApplication@783618b2
----------------- Done invoking toplevel() on ptolemy.moml.MoMLSimpleApplication@783618b2
reloadAllAccessors: .ContinuousClock

===========================================================================================
----------------- testing Thu Feb 13 07:26:25 UTC 2020 /home/travis/build/icyphy/ptII/ptolemy/domains/continuous/test/auto/ContinuousInContinuous.xml
----------------- Instantiating /home/travis/build/icyphy/ptII/ptolemy/domains/continuous/test/auto/ContinuousInContinuous.xml
38 ms. Memory: 280576K Free: 247046K (88%)
----------------- Invoking toplevel() on ptolemy.moml.MoMLSimpleApplication@61d77f41
----------------- Done invoking toplevel() on ptolemy.moml.MoMLSimpleApplication@61d77f41
reloadAllAccessors: .ContinuousInContinuous

===========================================================================================
----------------- testing Thu Feb 13 07:26:25 UTC 2020 /home/travis/build/icyphy/ptII/ptolemy/domains/continuous/test/auto/ContinuousInContinuousInContinuous.xml
----------------- Instantiating /home/travis/build/icyphy/ptII/ptolemy/domains/continuous/test/auto/ContinuousInContinuousInContinuous.xml
6 ms. Memory: 280576K Free: 239364K (85%)
----------------- Invoking toplevel() on ptolemy.moml.MoMLSimpleApplication@5a6b1a98
----------------- Done invoking toplevel() on ptolemy.moml.MoMLSimpleApplication@5a6b1a98
reloadAllAccessors: .ContinuousInContinuousInContinuous

===========================================================================================
----------------- testing Thu Feb 13 07:26:25 UTC 2020 /home/travis/build/icyphy/ptII/ptolemy/domains/continuous/test/auto/ContinuousInDE.xml
----------------- Instantiating /home/travis/build/icyphy/ptII/ptolemy/domains/continuous/test/auto/ContinuousInDE.xml
88 ms. Memory: 280576K Free: 229124K (82%)
----------------- Invoking toplevel() on ptolemy.moml.MoMLSimpleApplication@20b1dfef
----------------- Done invoking toplevel() on ptolemy.moml.MoMLSimpleApplication@20b1dfef
reloadAllAccessors: .ContinuousInDE

===========================================================================================
----------------- testing Thu Feb 13 07:26:26 UTC 2020 /home/travis/build/icyphy/ptII/ptolemy/domains/continuous/test/auto/ContinuousInDE2.xml
----------------- Instantiating /home/travis/build/icyphy/ptII/ptolemy/domains/continuous/test/auto/ContinuousInDE2.xml
31 ms. Memory: 280576K Free: 219398K (78%)
----------------- Invoking toplevel() on ptolemy.moml.MoMLSimpleApplication@35f03b87
----------------- Done invoking toplevel() on ptolemy.moml.MoMLSimpleApplication@35f03b87
reloadAllAccessors: .ContinuousInDE2

===========================================================================================
----------------- testing Thu Feb 13 07:26:26 UTC 2020 /home/travis/build/icyphy/ptII/ptolemy/domains/continuous/test/auto/ContinuousInDE3.xml
----------------- Instantiating /home/travis/build/icyphy/ptII/ptolemy/domains/continuous/test/auto/ContinuousInDE3.xml
30 ms. Memory: 280576K Free: 209668K (75%)
----------------- Invoking toplevel() on ptolemy.moml.MoMLSimpleApplication@10d7ca7a
----------------- Done invoking toplevel() on ptolemy.moml.MoMLSimpleApplication@10d7ca7a
reloadAllAccessors: .ContinuousInDE3

===========================================================================================
----------------- testing Thu Feb 13 07:26:26 UTC 2020 /home/travis/build/icyphy/ptII/ptolemy/domains/continuous/test/auto/ContinuousInDE4.xml
----------------- Instantiating /home/travis/build/icyphy/ptII/ptolemy/domains/continuous/test/auto/ContinuousInDE4.xml
13 ms. Memory: 280576K Free: 203524K (73%)
----------------- Invoking toplevel() on ptolemy.moml.MoMLSimpleApplication@1f1df2b6
----------------- Done invoking toplevel() on ptolemy.moml.MoMLSimpleApplication@1f1df2b6
reloadAllAccessors: .ContinuousInDE4

===========================================================================================
----------------- testing Thu Feb 13 07:26:26 UTC 2020 /home/travis/build/icyphy/ptII/ptolemy/domains/continuous/test/auto/ContinuousInDEDifferentRefinements.xml
----------------- Instantiating /home/travis/build/icyphy/ptII/ptolemy/domains/continuous/test/auto/ContinuousInDEDifferentRefinements.xml
59 ms. Memory: 280576K Free: 172294K (61%)
----------------- Invoking toplevel() on ptolemy.moml.MoMLSimpleApplication@717f920f
----------------- Done invoking toplevel() on ptolemy.moml.MoMLSimpleApplication@717f920f
reloadAllAccessors: .ContinuousInDEDifferentRefinements

===========================================================================================
----------------- testing Thu Feb 13 07:26:26 UTC 2020 /home/travis/build/icyphy/ptII/ptolemy/domains/continuous/test/auto/ContinuousInDEDifferentRefinementsPreemptive.xml
----------------- Instantiating /home/travis/build/icyphy/ptII/ptolemy/domains/continuous/test/auto/ContinuousInDEDifferentRefinementsPreemptive.xml
47 ms. Memory: 280576K Free: 141046K (50%)
----------------- Invoking toplevel() on ptolemy.moml.MoMLSimpleApplication@7357b22e
----------------- Done invoking toplevel() on ptolemy.moml.MoMLSimpleApplication@7357b22e
reloadAllAccessors: .ContinuousInDEDifferentRefinementsPreemptive

===========================================================================================
----------------- testing Thu Feb 13 07:26:26 UTC 2020 /home/travis/build/icyphy/ptII/ptolemy/domains/continuous/test/auto/ContinuousInDEInContinuous2.xml
----------------- Instantiating /home/travis/build/icyphy/ptII/ptolemy/domains/continuous/test/auto/ContinuousInDEInContinuous2.xml
36 ms. Memory: 280576K Free: 129796K (46%)
----------------- Invoking toplevel() on ptolemy.moml.MoMLSimpleApplication@27006f23
----------------- Done invoking toplevel() on ptolemy.moml.MoMLSimpleApplication@27006f23
reloadAllAccessors: .ContinuousInDEInContinuous2

===========================================================================================
----------------- testing Thu Feb 13 07:26:26 UTC 2020 /home/travis/build/icyphy/ptII/ptolemy/domains/continuous/test/auto/ContinuousInDEInContinuous3.xml
----------------- Instantiating /home/travis/build/icyphy/ptII/ptolemy/domains/continuous/test/auto/ContinuousInDEInContinuous3.xml
40 ms. Memory: 280576K Free: 118022K (42%)
----------------- Invoking toplevel() on ptolemy.moml.MoMLSimpleApplication@7d11510b
----------------- Done invoking toplevel() on ptolemy.moml.MoMLSimpleApplication@7d11510b
reloadAllAccessors: .ContinuousInDEInContinuous3

===========================================================================================
----------------- testing Thu Feb 13 07:26:26 UTC 2020 /home/travis/build/icyphy/ptII/ptolemy/domains/continuous/test/auto/ContinuousInDEInput.xml
----------------- Instantiating /home/travis/build/icyphy/ptII/ptolemy/domains/continuous/test/auto/ContinuousInDEInput.xml
14 ms. Memory: 280576K Free: 110854K (40%)
----------------- Invoking toplevel() on ptolemy.moml.MoMLSimpleApplication@4d3dbbbb
----------------- Done invoking toplevel() on ptolemy.moml.MoMLSimpleApplication@4d3dbbbb
reloadAllAccessors: .ContinuousInDEInput

===========================================================================================
----------------- testing Thu Feb 13 07:26:26 UTC 2020 /home/travis/build/icyphy/ptII/ptolemy/domains/continuous/test/auto/ContinuousInDEInput2.xml
----------------- Instantiating /home/travis/build/icyphy/ptII/ptolemy/domains/continuous/test/auto/ContinuousInDEInput2.xml
13 ms. Memory: 280576K Free: 103686K (37%)
----------------- Invoking toplevel() on ptolemy.moml.MoMLSimpleApplication@4da0ec3d
----------------- Done invoking toplevel() on ptolemy.moml.MoMLSimpleApplication@4da0ec3d
reloadAllAccessors: .ContinuousInDEInput2

===========================================================================================
----------------- testing Thu Feb 13 07:26:26 UTC 2020 /home/travis/build/icyphy/ptII/ptolemy/domains/continuous/test/auto/ContinuousInDEInput3.xml
----------------- Instantiating /home/travis/build/icyphy/ptII/ptolemy/domains/continuous/test/auto/ContinuousInDEInput3.xml
13 ms. Memory: 280576K Free: 262910K (94%)
----------------- Invoking toplevel() on ptolemy.moml.MoMLSimpleApplication@1f8db8ef
----------------- Done invoking toplevel() on ptolemy.moml.MoMLSimpleApplication@1f8db8ef
reloadAllAccessors: .ContinuousInDEInput3

===========================================================================================
----------------- testing Thu Feb 13 07:26:26 UTC 2020 /home/travis/build/icyphy/ptII/ptolemy/domains/continuous/test/auto/ContinuousInDESharingRefinement.xml
----------------- Instantiating /home/travis/build/icyphy/ptII/ptolemy/domains/continuous/test/auto/ContinuousInDESharingRefinement.xml
144 ms. Memory: 280576K Free: 168192K (60%)
----------------- Invoking toplevel() on ptolemy.moml.MoMLSimpleApplication@7217f4a8
----------------- Done invoking toplevel() on ptolemy.moml.MoMLSimpleApplication@7217f4a8
reloadAllAccessors: .ContinuousInDESharingRefinement

===========================================================================================
----------------- testing Thu Feb 13 07:26:26 UTC 2020 /home/travis/build/icyphy/ptII/ptolemy/domains/continuous/test/auto/ContinuousInDEwithNoPorts.xml
----------------- Instantiating /home/travis/build/icyphy/ptII/ptolemy/domains/continuous/test/auto/ContinuousInDEwithNoPorts.xml
2 ms. Memory: 280576K Free: 164096K (58%)
----------------- Invoking toplevel() on ptolemy.moml.MoMLSimpleApplication@7f0ba445
----------------- Done invoking toplevel() on ptolemy.moml.MoMLSimpleApplication@7f0ba445
reloadAllAccessors: .ContinuousInDEwithNoPorts

===========================================================================================
----------------- testing Thu Feb 13 07:26:26 UTC 2020 /home/travis/build/icyphy/ptII/ptolemy/domains/continuous/test/auto/ContinuousInsideDE.xml
----------------- Instantiating /home/travis/build/icyphy/ptII/ptolemy/domains/continuous/test/auto/ContinuousInsideDE.xml
28 ms. Memory: 280576K Free: 152318K (54%)
----------------- Invoking toplevel() on ptolemy.moml.MoMLSimpleApplication@5427ce8e
----------------- Done invoking toplevel() on ptolemy.moml.MoMLSimpleApplication@5427ce8e
reloadAllAccessors: .ContinuousInsideDE

===========================================================================================
----------------- testing Thu Feb 13 07:26:26 UTC 2020 /home/travis/build/icyphy/ptII/ptolemy/domains/continuous/test/auto/ContinuousMerge1.xml
----------------- Instantiating /home/travis/build/icyphy/ptII/ptolemy/domains/continuous/test/auto/ContinuousMerge1.xml
2 ms. Memory: 280576K Free: 148207K (53%)
----------------- Invoking toplevel() on ptolemy.moml.MoMLSimpleApplication@331c20d3
----------------- Done invoking toplevel() on ptolemy.moml.MoMLSimpleApplication@331c20d3
reloadAllAccessors: .ContinuousMerge1

===========================================================================================
----------------- testing Thu Feb 13 07:26:26 UTC 2020 /home/travis/build/icyphy/ptII/ptolemy/domains/continuous/test/auto/ContinuousMerge2.xml
----------------- Instantiating /home/travis/build/icyphy/ptII/ptolemy/domains/continuous/test/auto/ContinuousMerge2.xml
12 ms. Memory: 280576K Free: 137982K (49%)
----------------- Invoking toplevel() on ptolemy.moml.MoMLSimpleApplication@175adaf
----------------- Done invoking toplevel() on ptolemy.moml.MoMLSimpleApplication@175adaf
reloadAllAccessors: .ContinuousMerge2

===========================================================================================
----------------- testing Thu Feb 13 07:26:26 UTC 2020 /home/travis/build/icyphy/ptII/ptolemy/domains/continuous/test/auto/ContinuousMerge3.xml
----------------- Instantiating /home/travis/build/icyphy/ptII/ptolemy/domains/continuous/test/auto/ContinuousMerge3.xml
36 ms. Memory: 280576K Free: 127232K (45%)
----------------- Invoking toplevel() on ptolemy.moml.MoMLSimpleApplication@6140e4bd
----------------- Done invoking toplevel() on ptolemy.moml.MoMLSimpleApplication@6140e4bd
reloadAllAccessors: .ContinuousMerge3

===========================================================================================
----------------- testing Thu Feb 13 07:26:27 UTC 2020 /home/travis/build/icyphy/ptII/ptolemy/domains/continuous/test/auto/ContinuousWithinContinuous.xml
----------------- Instantiating /home/travis/build/icyphy/ptII/ptolemy/domains/continuous/test/auto/ContinuousWithinContinuous.xml
39 ms. Memory: 280576K Free: 118016K (42%)
----------------- Invoking toplevel() on ptolemy.moml.MoMLSimpleApplication@291e64d9
----------------- Done invoking toplevel() on ptolemy.moml.MoMLSimpleApplication@291e64d9
reloadAllAccessors: .ContinuousWithinContinuous

===========================================================================================
----------------- testing Thu Feb 13 07:26:27 UTC 2020 /home/travis/build/icyphy/ptII/ptolemy/domains/continuous/test/auto/ContinuousWithinContinuous2.xml
----------------- Instantiating /home/travis/build/icyphy/ptII/ptolemy/domains/continuous/test/auto/ContinuousWithinContinuous2.xml
59 ms. Memory: 280576K Free: 107262K (38%)
----------------- Invoking toplevel() on ptolemy.moml.MoMLSimpleApplication@62e589c2
----------------- Done invoking toplevel() on ptolemy.moml.MoMLSimpleApplication@62e589c2
reloadAllAccessors: .ContinuousWithinContinuous2

===========================================================================================
----------------- testing Thu Feb 13 07:26:27 UTC 2020 /home/travis/build/icyphy/ptII/ptolemy/domains/continuous/test/auto/ContinuousWithinContinuous3.xml
----------------- Instantiating /home/travis/build/icyphy/ptII/ptolemy/domains/continuous/test/auto/ContinuousWithinContinuous3.xml
15 ms. Memory: 280576K Free: 100608K (36%)
----------------- Invoking toplevel() on ptolemy.moml.MoMLSimpleApplication@3939d22a
----------------- Done invoking toplevel() on ptolemy.moml.MoMLSimpleApplication@3939d22a
reloadAllAccessors: .ContinuousWithinContinuous3

===========================================================================================
----------------- testing Thu Feb 13 07:26:27 UTC 2020 /home/travis/build/icyphy/ptII/ptolemy/domains/continuous/test/auto/ContinuousWithinContinuous4.xml
----------------- Instantiating /home/travis/build/icyphy/ptII/ptolemy/domains/continuous/test/auto/ContinuousWithinContinuous4.xml
60 ms. Memory: 280576K Free: 255367K (91%)
----------------- Invoking toplevel() on ptolemy.moml.MoMLSimpleApplication@3d15e12f
----------------- Done invoking toplevel() on ptolemy.moml.MoMLSimpleApplication@3d15e12f
reloadAllAccessors: .ContinuousWithinContinuous4

===========================================================================================
----------------- testing Thu Feb 13 07:26:27 UTC 2020 /home/travis/build/icyphy/ptII/ptolemy/domains/continuous/test/auto/ContinuousWithinContinuous5.xml
----------------- Instantiating /home/travis/build/icyphy/ptII/ptolemy/domains/continuous/test/auto/ContinuousWithinContinuous5.xml
11 ms. Memory: 280576K Free: 247685K (88%)
----------------- Invoking toplevel() on ptolemy.moml.MoMLSimpleApplication@32ae4047
----------------- Done invoking toplevel() on ptolemy.moml.MoMLSimpleApplication@32ae4047
reloadAllAccessors: .ContinuousWithinContinuous5

===========================================================================================
----------------- testing Thu Feb 13 07:26:27 UTC 2020 /home/travis/build/icyphy/ptII/ptolemy/domains/continuous/test/auto/ContinuousWithinContinuous6.xml
----------------- Instantiating /home/travis/build/icyphy/ptII/ptolemy/domains/continuous/test/auto/ContinuousWithinContinuous6.xml
10 ms. Memory: 280576K Free: 240517K (86%)
----------------- Invoking toplevel() on ptolemy.moml.MoMLSimpleApplication@42ec4b93
----------------- Done invoking toplevel() on ptolemy.moml.MoMLSimpleApplication@42ec4b93
reloadAllAccessors: .ContinuousWithinContinuous6

===========================================================================================
----------------- testing Thu Feb 13 07:26:27 UTC 2020 /home/travis/build/icyphy/ptII/ptolemy/domains/continuous/test/auto/ContinuousWithinContinuous7.xml
----------------- Instantiating /home/travis/build/icyphy/ptII/ptolemy/domains/continuous/test/auto/ContinuousWithinContinuous7.xml
48 ms. Memory: 280576K Free: 229767K (82%)
----------------- Invoking toplevel() on ptolemy.moml.MoMLSimpleApplication@619c2887
----------------- Done invoking toplevel() on ptolemy.moml.MoMLSimpleApplication@619c2887
reloadAllAccessors: .ContinuousWithinContinuous7

===========================================================================================
----------------- testing Thu Feb 13 07:26:27 UTC 2020 /home/travis/build/icyphy/ptII/ptolemy/domains/continuous/test/auto/DCMotor.xml
----------------- Instantiating /home/travis/build/icyphy/ptII/ptolemy/domains/continuous/test/auto/DCMotor.xml
13051 ms. Memory: 280576K Free: 155513K (55%)
----------------- Invoking toplevel() on ptolemy.moml.MoMLSimpleApplication@53cf36a7
----------------- Done invoking toplevel() on ptolemy.moml.MoMLSimpleApplication@53cf36a7
reloadAllAccessors: .DCMotor

===========================================================================================
----------------- testing Thu Feb 13 07:26:40 UTC 2020 /home/travis/build/icyphy/ptII/ptolemy/domains/continuous/test/auto/DEInContinuous.xml
----------------- Instantiating /home/travis/build/icyphy/ptII/ptolemy/domains/continuous/test/auto/DEInContinuous.xml
8 ms. Memory: 280576K Free: 149369K (53%)
----------------- Invoking toplevel() on ptolemy.moml.MoMLSimpleApplication@37535acd
----------------- Done invoking toplevel() on ptolemy.moml.MoMLSimpleApplication@37535acd
reloadAllAccessors: .DEInContinuous

===========================================================================================
----------------- testing Thu Feb 13 07:26:40 UTC 2020 /home/travis/build/icyphy/ptII/ptolemy/domains/continuous/test/auto/DEinContinuous2.xml
----------------- Instantiating /home/travis/build/icyphy/ptII/ptolemy/domains/continuous/test/auto/DEinContinuous2.xml
7 ms. Memory: 280576K Free: 141177K (50%)
----------------- Invoking toplevel() on ptolemy.moml.MoMLSimpleApplication@4daa9eff
----------------- Done invoking toplevel() on ptolemy.moml.MoMLSimpleApplication@4daa9eff
reloadAllAccessors: .DEinContinuous2

===========================================================================================
----------------- testing Thu Feb 13 07:26:40 UTC 2020 /home/travis/build/icyphy/ptII/ptolemy/domains/continuous/test/auto/Derivative.xml
----------------- Instantiating /home/travis/build/icyphy/ptII/ptolemy/domains/continuous/test/auto/Derivative.xml
147 ms. Memory: 280576K Free: 111991K (40%)
----------------- Invoking toplevel() on ptolemy.moml.MoMLSimpleApplication@79936e74
----------------- Done invoking toplevel() on ptolemy.moml.MoMLSimpleApplication@79936e74
reloadAllAccessors: .Derivative2

===========================================================================================
----------------- testing Thu Feb 13 07:26:40 UTC 2020 /home/travis/build/icyphy/ptII/ptolemy/domains/continuous/test/auto/Derivative1.xml
----------------- Instantiating /home/travis/build/icyphy/ptII/ptolemy/domains/continuous/test/auto/Derivative1.xml
29 ms. Memory: 280576K Free: 264470K (94%)
----------------- Invoking toplevel() on ptolemy.moml.MoMLSimpleApplication@317acad4
----------------- Done invoking toplevel() on ptolemy.moml.MoMLSimpleApplication@317acad4
reloadAllAccessors: .Derivative1

===========================================================================================
----------------- testing Thu Feb 13 07:26:40 UTC 2020 /home/travis/build/icyphy/ptII/ptolemy/domains/continuous/test/auto/DiscreteClock.xml
----------------- Instantiating /home/travis/build/icyphy/ptII/ptolemy/domains/continuous/test/auto/DiscreteClock.xml
4 ms. Memory: 280576K Free: 258624K (92%)
----------------- Invoking toplevel() on ptolemy.moml.MoMLSimpleApplication@573f8f4b
----------------- Done invoking toplevel() on ptolemy.moml.MoMLSimpleApplication@573f8f4b
reloadAllAccessors: .DiscreteClock

===========================================================================================
----------------- testing Thu Feb 13 07:26:40 UTC 2020 /home/travis/build/icyphy/ptII/ptolemy/domains/continuous/test/auto/EfficiencyCurve.xml
----------------- Instantiating /home/travis/build/icyphy/ptII/ptolemy/domains/continuous/test/auto/EfficiencyCurve.xml
65 ms. Memory: 280576K Free: 249408K (89%)
----------------- Invoking toplevel() on ptolemy.moml.MoMLSimpleApplication@765ecd03
----------------- Done invoking toplevel() on ptolemy.moml.MoMLSimpleApplication@765ecd03
reloadAllAccessors: .EfficiencyCurve

===========================================================================================
----------------- testing Thu Feb 13 07:26:41 UTC 2020 /home/travis/build/icyphy/ptII/ptolemy/domains/continuous/test/auto/ExponentialResponse.xml
----------------- Instantiating /home/travis/build/icyphy/ptII/ptolemy/domains/continuous/test/auto/ExponentialResponse.xml
109 ms. Memory: 280576K Free: 233534K (83%)
----------------- Invoking toplevel() on ptolemy.moml.MoMLSimpleApplication@36c98fa2
----------------- Done invoking toplevel() on ptolemy.moml.MoMLSimpleApplication@36c98fa2
reloadAllAccessors: .ExponentialResponse

===========================================================================================
----------------- testing Thu Feb 13 07:26:41 UTC 2020 /home/travis/build/icyphy/ptII/ptolemy/domains/continuous/test/auto/ExponentialResponseRK45.xml
----------------- Instantiating /home/travis/build/icyphy/ptII/ptolemy/domains/continuous/test/auto/ExponentialResponseRK45.xml
28 ms. Memory: 280576K Free: 226880K (81%)
----------------- Invoking toplevel() on ptolemy.moml.MoMLSimpleApplication@4a7335a3
----------------- Done invoking toplevel() on ptolemy.moml.MoMLSimpleApplication@4a7335a3
reloadAllAccessors: .ExponentialResponseRK45

===========================================================================================
----------------- testing Thu Feb 13 07:26:41 UTC 2020 /home/travis/build/icyphy/ptII/ptolemy/domains/continuous/test/auto/Friction.xml
----------------- Instantiating /home/travis/build/icyphy/ptII/ptolemy/domains/continuous/test/auto/Friction.xml
1429 ms. Memory: 280576K Free: 133730K (48%)
----------------- Invoking toplevel() on ptolemy.moml.MoMLSimpleApplication@2d616700
----------------- Done invoking toplevel() on ptolemy.moml.MoMLSimpleApplication@2d616700
reloadAllAccessors: .Friction

===========================================================================================
----------------- testing Thu Feb 13 07:26:42 UTC 2020 /home/travis/build/icyphy/ptII/ptolemy/domains/continuous/test/auto/FurutaPendulum.xml
----------------- Instantiating /home/travis/build/icyphy/ptII/ptolemy/domains/continuous/test/auto/FurutaPendulum.xml
2800 ms. Memory: 280576K Free: 130886K (47%)
----------------- Invoking toplevel() on ptolemy.moml.MoMLSimpleApplication@65dddf96
----------------- Done invoking toplevel() on ptolemy.moml.MoMLSimpleApplication@65dddf96
reloadAllAccessors: .FurutaPendulum

===========================================================================================
----------------- testing Thu Feb 13 07:26:45 UTC 2020 /home/travis/build/icyphy/ptII/ptolemy/domains/continuous/test/auto/HierarchicalExecution.xml
----------------- Instantiating /home/travis/build/icyphy/ptII/ptolemy/domains/continuous/test/auto/HierarchicalExecution.xml
1424 ms. Memory: 280576K Free: 177742K (63%)
----------------- Invoking toplevel() on ptolemy.moml.MoMLSimpleApplication@6ba397dd
----------------- Done invoking toplevel() on ptolemy.moml.MoMLSimpleApplication@6ba397dd
reloadAllAccessors: .HierarchicalExecution

===========================================================================================
----------------- testing Thu Feb 13 07:26:47 UTC 2020 /home/travis/build/icyphy/ptII/ptolemy/domains/continuous/test/auto/HybridPlant.xml
----------------- Instantiating /home/travis/build/icyphy/ptII/ptolemy/domains/continuous/test/auto/HybridPlant.xml
474 ms. Memory: 280576K Free: 246450K (88%)
----------------- Invoking toplevel() on ptolemy.moml.MoMLSimpleApplication@59280423
----------------- Done invoking toplevel() on ptolemy.moml.MoMLSimpleApplication@59280423
reloadAllAccessors: .HybridPlant

===========================================================================================
----------------- testing Thu Feb 13 07:26:47 UTC 2020 /home/travis/build/icyphy/ptII/ptolemy/domains/continuous/test/auto/Hysteresis.xml
----------------- Instantiating /home/travis/build/icyphy/ptII/ptolemy/domains/continuous/test/auto/Hysteresis.xml
129 ms. Memory: 280576K Free: 183986K (66%)
----------------- Invoking toplevel() on ptolemy.moml.MoMLSimpleApplication@72e2acfa
----------------- Done invoking toplevel() on ptolemy.moml.MoMLSimpleApplication@72e2acfa
reloadAllAccessors: .Hysteresis

===========================================================================================
----------------- testing Thu Feb 13 07:26:48 UTC 2020 /home/travis/build/icyphy/ptII/ptolemy/domains/continuous/test/auto/HysteresisWithRandomDelay.xml
----------------- Instantiating /home/travis/build/icyphy/ptII/ptolemy/domains/continuous/test/auto/HysteresisWithRandomDelay.xml
168 ms. Memory: 280576K Free: 112816K (40%)
----------------- Invoking toplevel() on ptolemy.moml.MoMLSimpleApplication@716c7661
----------------- Done invoking toplevel() on ptolemy.moml.MoMLSimpleApplication@716c7661
reloadAllAccessors: .HysteresisWithRandomDelay

===========================================================================================
----------------- testing Thu Feb 13 07:26:48 UTC 2020 /home/travis/build/icyphy/ptII/ptolemy/domains/continuous/test/auto/HysteresisWithRandomLosses.xml
----------------- Instantiating /home/travis/build/icyphy/ptII/ptolemy/domains/continuous/test/auto/HysteresisWithRandomLosses.xml
2161 ms. Memory: 280576K Free: 203800K (73%)
----------------- Invoking toplevel() on ptolemy.moml.MoMLSimpleApplication@1ef1367a
----------------- Done invoking toplevel() on ptolemy.moml.MoMLSimpleApplication@1ef1367a
reloadAllAccessors: .HysteresisWithRandomLosses

===========================================================================================
----------------- testing Thu Feb 13 07:26:50 UTC 2020 /home/travis/build/icyphy/ptII/ptolemy/domains/continuous/test/auto/ImmediateTransitions.xml
----------------- Instantiating /home/travis/build/icyphy/ptII/ptolemy/domains/continuous/test/auto/ImmediateTransitions.xml
10 ms. Memory: 280576K Free: 193064K (69%)
----------------- Invoking toplevel() on ptolemy.moml.MoMLSimpleApplication@392c1306
----------------- Done invoking toplevel() on ptolemy.moml.MoMLSimpleApplication@392c1306
reloadAllAccessors: .ImmediateTransitions

===========================================================================================
----------------- testing Thu Feb 13 07:26:50 UTC 2020 /home/travis/build/icyphy/ptII/ptolemy/domains/continuous/test/auto/ImpulseFeedback.xml
----------------- Instantiating /home/travis/build/icyphy/ptII/ptolemy/domains/continuous/test/auto/ImpulseFeedback.xml
7 ms. Memory: 280576K Free: 187430K (67%)
----------------- Invoking toplevel() on ptolemy.moml.MoMLSimpleApplication@27f9338a
----------------- Done invoking toplevel() on ptolemy.moml.MoMLSimpleApplication@27f9338a
reloadAllAccessors: .ImpulseFeedback

===========================================================================================
----------------- testing Thu Feb 13 07:26:50 UTC 2020 /home/travis/build/icyphy/ptII/ptolemy/domains/continuous/test/auto/ImpulseFeedback2.xml
----------------- Instantiating /home/travis/build/icyphy/ptII/ptolemy/domains/continuous/test/auto/ImpulseFeedback2.xml
5 ms. Memory: 280576K Free: 181800K (65%)
----------------- Invoking toplevel() on ptolemy.moml.MoMLSimpleApplication@26470148
----------------- Done invoking toplevel() on ptolemy.moml.MoMLSimpleApplication@26470148
reloadAllAccessors: .ImpulseFeedback2

===========================================================================================
----------------- testing Thu Feb 13 07:26:50 UTC 2020 /home/travis/build/icyphy/ptII/ptolemy/domains/continuous/test/auto/IncreasingRatePoisson.xml
----------------- Instantiating /home/travis/build/icyphy/ptII/ptolemy/domains/continuous/test/auto/IncreasingRatePoisson.xml
657 ms. Memory: 336896K Free: 122556K (36%)
----------------- Invoking toplevel() on ptolemy.moml.MoMLSimpleApplication@42823498
----------------- Done invoking toplevel() on ptolemy.moml.MoMLSimpleApplication@42823498
reloadAllAccessors: .IncreasingRatePoisson

===========================================================================================
----------------- testing Thu Feb 13 07:26:51 UTC 2020 /home/travis/build/icyphy/ptII/ptolemy/domains/continuous/test/auto/InitialStateFeedback.xml
----------------- Instantiating /home/travis/build/icyphy/ptII/ptolemy/domains/continuous/test/auto/InitialStateFeedback.xml
6 ms. Memory: 336896K Free: 318638K (95%)
----------------- Invoking toplevel() on ptolemy.moml.MoMLSimpleApplication@6c0dcfaf
----------------- Done invoking toplevel() on ptolemy.moml.MoMLSimpleApplication@6c0dcfaf
reloadAllAccessors: .InitialStateFeedback

===========================================================================================
----------------- testing Thu Feb 13 07:26:51 UTC 2020 /home/travis/build/icyphy/ptII/ptolemy/domains/continuous/test/auto/Integration.xml
----------------- Instantiating /home/travis/build/icyphy/ptII/ptolemy/domains/continuous/test/auto/Integration.xml
2 ms. Memory: 336896K Free: 314542K (93%)
----------------- Invoking toplevel() on ptolemy.moml.MoMLSimpleApplication@31f2d1ca
----------------- Done invoking toplevel() on ptolemy.moml.MoMLSimpleApplication@31f2d1ca
reloadAllAccessors: .Integration

===========================================================================================
----------------- testing Thu Feb 13 07:26:51 UTC 2020 /home/travis/build/icyphy/ptII/ptolemy/domains/continuous/test/auto/Integration2.xml
----------------- Instantiating /home/travis/build/icyphy/ptII/ptolemy/domains/continuous/test/auto/Integration2.xml
61 ms. Memory: 336896K Free: 300206K (89%)
----------------- Invoking toplevel() on ptolemy.moml.MoMLSimpleApplication@5007a723
----------------- Done invoking toplevel() on ptolemy.moml.MoMLSimpleApplication@5007a723
reloadAllAccessors: .Integration2

===========================================================================================
----------------- testing Thu Feb 13 07:26:51 UTC 2020 /home/travis/build/icyphy/ptII/ptolemy/domains/continuous/test/auto/Integration3.xml
----------------- Instantiating /home/travis/build/icyphy/ptII/ptolemy/domains/continuous/test/auto/Integration3.xml
2 ms. Memory: 336896K Free: 295596K (88%)
----------------- Invoking toplevel() on ptolemy.moml.MoMLSimpleApplication@6694595c
----------------- Done invoking toplevel() on ptolemy.moml.MoMLSimpleApplication@6694595c
reloadAllAccessors: .Integration3

===========================================================================================
----------------- testing Thu Feb 13 07:26:51 UTC 2020 /home/travis/build/icyphy/ptII/ptolemy/domains/continuous/test/auto/Integration5.xml
----------------- Instantiating /home/travis/build/icyphy/ptII/ptolemy/domains/continuous/test/auto/Integration5.xml
3 ms. Memory: 336896K Free: 291500K (87%)
----------------- Invoking toplevel() on ptolemy.moml.MoMLSimpleApplication@75f6d877
----------------- Done invoking toplevel() on ptolemy.moml.MoMLSimpleApplication@75f6d877
reloadAllAccessors: .Integration5

===========================================================================================
----------------- testing Thu Feb 13 07:26:51 UTC 2020 /home/travis/build/icyphy/ptII/ptolemy/domains/continuous/test/auto/IntegratorImpulse.xml
----------------- Instantiating /home/travis/build/icyphy/ptII/ptolemy/domains/continuous/test/auto/IntegratorImpulse.xml
2 ms. Memory: 336896K Free: 287390K (85%)
----------------- Invoking toplevel() on ptolemy.moml.MoMLSimpleApplication@63b8da50
----------------- Done invoking toplevel() on ptolemy.moml.MoMLSimpleApplication@63b8da50
reloadAllAccessors: .IntegratorImpulse

===========================================================================================
----------------- testing Thu Feb 13 07:26:51 UTC 2020 /home/travis/build/icyphy/ptII/ptolemy/domains/continuous/test/auto/IntegratorImpulse2.xml
----------------- Instantiating /home/travis/build/icyphy/ptII/ptolemy/domains/continuous/test/auto/IntegratorImpulse2.xml
3 ms. Memory: 336896K Free: 282798K (84%)
----------------- Invoking toplevel() on ptolemy.moml.MoMLSimpleApplication@120bd1bf
----------------- Done invoking toplevel() on ptolemy.moml.MoMLSimpleApplication@120bd1bf
reloadAllAccessors: .IntegratorImpulse2

===========================================================================================
----------------- testing Thu Feb 13 07:26:51 UTC 2020 /home/travis/build/icyphy/ptII/ptolemy/domains/continuous/test/auto/LevelCrossing1.xml
----------------- Instantiating /home/travis/build/icyphy/ptII/ptolemy/domains/continuous/test/auto/LevelCrossing1.xml
2 ms. Memory: 336896K Free: 277678K (82%)
----------------- Invoking toplevel() on ptolemy.moml.MoMLSimpleApplication@5f50abc0
----------------- Done invoking toplevel() on ptolemy.moml.MoMLSimpleApplication@5f50abc0
reloadAllAccessors: .LevelCrossing1

===========================================================================================
----------------- testing Thu Feb 13 07:26:51 UTC 2020 /home/travis/build/icyphy/ptII/ptolemy/domains/continuous/test/auto/LevelCrossing2.xml
----------------- Instantiating /home/travis/build/icyphy/ptII/ptolemy/domains/continuous/test/auto/LevelCrossing2.xml
3 ms. Memory: 336896K Free: 272558K (81%)
----------------- Invoking toplevel() on ptolemy.moml.MoMLSimpleApplication@369cbd4b
----------------- Done invoking toplevel() on ptolemy.moml.MoMLSimpleApplication@369cbd4b
reloadAllAccessors: .LevelCrossing2

===========================================================================================
----------------- testing Thu Feb 13 07:26:51 UTC 2020 /home/travis/build/icyphy/ptII/ptolemy/domains/continuous/test/auto/LevelCrossing3.xml
----------------- Instantiating /home/travis/build/icyphy/ptII/ptolemy/domains/continuous/test/auto/LevelCrossing3.xml
2 ms. Memory: 336896K Free: 267438K (79%)
----------------- Invoking toplevel() on ptolemy.moml.MoMLSimpleApplication@1c91a87a
----------------- Done invoking toplevel() on ptolemy.moml.MoMLSimpleApplication@1c91a87a
reloadAllAccessors: .LevelCrossing3

===========================================================================================
----------------- testing Thu Feb 13 07:26:51 UTC 2020 /home/travis/build/icyphy/ptII/ptolemy/domains/continuous/test/auto/LevelCrossing4.xml
----------------- Instantiating /home/travis/build/icyphy/ptII/ptolemy/domains/continuous/test/auto/LevelCrossing4.xml
3 ms. Memory: 336896K Free: 262318K (78%)
----------------- Invoking toplevel() on ptolemy.moml.MoMLSimpleApplication@16bfb49b
----------------- Done invoking toplevel() on ptolemy.moml.MoMLSimpleApplication@16bfb49b
reloadAllAccessors: .LevelCrossing4

===========================================================================================
----------------- testing Thu Feb 13 07:26:51 UTC 2020 /home/travis/build/icyphy/ptII/ptolemy/domains/continuous/test/auto/LevelCrossing5.xml
----------------- Instantiating /home/travis/build/icyphy/ptII/ptolemy/domains/continuous/test/auto/LevelCrossing5.xml
2 ms. Memory: 336896K Free: 257198K (76%)
----------------- Invoking toplevel() on ptolemy.moml.MoMLSimpleApplication@4acc383c
----------------- Done invoking toplevel() on ptolemy.moml.MoMLSimpleApplication@4acc383c
reloadAllAccessors: .LevelCrossing5

===========================================================================================
[...]
----------------- testing Thu Feb 13 07:27:06 UTC 2020 /home/travis/build/icyphy/ptII/ptolemy/domains/continuous/test/auto/SRinContinuous.xml
----------------- Instantiating /home/travis/build/icyphy/ptII/ptolemy/domains/continuous/test/auto/SRinContinuous.xml
3 ms. Memory: 336896K Free: 181695K (54%)
----------------- Invoking toplevel() on ptolemy.moml.MoMLSimpleApplication@2beb6258
----------------- Done invoking toplevel() on ptolemy.moml.MoMLSimpleApplication@2beb6258
reloadAllAccessors: .SRinContinuous

===========================================================================================
----------------- testing Thu Feb 13 07:27:06 UTC 2020 /home/travis/build/icyphy/ptII/ptolemy/domains/continuous/test/auto/SampledClocks.xml
----------------- Instantiating /home/travis/build/icyphy/ptII/ptolemy/domains/continuous/test/auto/SampledClocks.xml
6 ms. Memory: 336896K Free: 168893K (50%)
----------------- Invoking toplevel() on ptolemy.moml.MoMLSimpleApplication@f09c398
----------------- Done invoking toplevel() on ptolemy.moml.MoMLSimpleApplication@f09c398
reloadAllAccessors: .SampledClocks

===========================================================================================
----------------- testing Thu Feb 13 07:27:06 UTC 2020 /home/travis/build/icyphy/ptII/ptolemy/domains/continuous/test/auto/Satellite.xml
----------------- Instantiating /home/travis/build/icyphy/ptII/ptolemy/domains/continuous/test/auto/Satellite.xml
678 ms. Memory: 336896K Free: 169015K (50%)
----------------- Invoking toplevel() on ptolemy.moml.MoMLSimpleApplication@722180dc
----------------- Done invoking toplevel() on ptolemy.moml.MoMLSimpleApplication@722180dc
reloadAllAccessors: .Satellite

===========================================================================================
----------------- testing Thu Feb 13 07:27:07 UTC 2020 /home/travis/build/icyphy/ptII/ptolemy/domains/continuous/test/auto/SigmaDelta.xml
----------------- Instantiating /home/travis/build/icyphy/ptII/ptolemy/domains/continuous/test/auto/SigmaDelta.xml
1962 ms. Memory: 336896K Free: 300253K (89%)
----------------- Invoking toplevel() on ptolemy.moml.MoMLSimpleApplication@4881dd82
----------------- Done invoking toplevel() on ptolemy.moml.MoMLSimpleApplication@4881dd82
reloadAllAccessors: .SigmaDelta

===========================================================================================
----------------- testing Thu Feb 13 07:27:09 UTC 2020 /home/travis/build/icyphy/ptII/ptolemy/domains/continuous/test/auto/SingleRefinement.xml
----------------- Instantiating /home/travis/build/icyphy/ptII/ptolemy/domains/continuous/test/auto/SingleRefinement.xml
291 ms. Memory: 336896K Free: 317144K (94%)
----------------- Invoking toplevel() on ptolemy.moml.MoMLSimpleApplication@1ebe5791
----------------- Done invoking toplevel() on ptolemy.moml.MoMLSimpleApplication@1ebe5791
reloadAllAccessors: .SingleRefinement

===========================================================================================
----------------- testing Thu Feb 13 07:27:09 UTC 2020 /home/travis/build/icyphy/ptII/ptolemy/domains/continuous/test/auto/SinuBouncingBall.xml
----------------- Instantiating /home/travis/build/icyphy/ptII/ptolemy/domains/continuous/test/auto/SinuBouncingBall.xml
778 ms. Memory: 336896K Free: 298693K (89%)
----------------- Invoking toplevel() on ptolemy.moml.MoMLSimpleApplication@c72e891
----------------- Done invoking toplevel() on ptolemy.moml.MoMLSimpleApplication@c72e891
reloadAllAccessors: .SinuBouncingBall

===========================================================================================
----------------- testing Thu Feb 13 07:27:10 UTC 2020 /home/travis/build/icyphy/ptII/ptolemy/domains/continuous/test/auto/Sinusoid.xml
----------------- Instantiating /home/travis/build/icyphy/ptII/ptolemy/domains/continuous/test/auto/Sinusoid.xml
4 ms. Memory: 336896K Free: 294102K (87%)
----------------- Invoking toplevel() on ptolemy.moml.MoMLSimpleApplication@46b72a55
----------------- Done invoking toplevel() on ptolemy.moml.MoMLSimpleApplication@46b72a55
reloadAllAccessors: .Sinusoid

===========================================================================================
----------------- testing Thu Feb 13 07:27:10 UTC 2020 /home/travis/build/icyphy/ptII/ptolemy/domains/continuous/test/auto/SinusoidInNoise.xml
----------------- Instantiating /home/travis/build/icyphy/ptII/ptolemy/domains/continuous/test/auto/SinusoidInNoise.xml
771 ms. Memory: 336896K Free: 159958K (47%)
----------------- Invoking toplevel() on ptolemy.moml.MoMLSimpleApplication@13778552
----------------- Done invoking toplevel() on ptolemy.moml.MoMLSimpleApplication@13778552
reloadAllAccessors: .SinusoidInNoise

===========================================================================================
----------------- testing Thu Feb 13 07:27:11 UTC 2020 /home/travis/build/icyphy/ptII/ptolemy/domains/continuous/test/auto/SinusoidRK45.xml
----------------- Instantiating /home/travis/build/icyphy/ptII/ptolemy/domains/continuous/test/auto/SinusoidRK45.xml
2 ms. Memory: 336896K Free: 155862K (46%)
----------------- Invoking toplevel() on ptolemy.moml.MoMLSimpleApplication@5fdec165
----------------- Done invoking toplevel() on ptolemy.moml.MoMLSimpleApplication@5fdec165
reloadAllAccessors: .SinusoidRK45

===========================================================================================
----------------- testing Thu Feb 13 07:27:11 UTC 2020 /home/travis/build/icyphy/ptII/ptolemy/domains/continuous/test/auto/SinusoidWithMultipleImpulses.xml
----------------- Instantiating /home/travis/build/icyphy/ptII/ptolemy/domains/continuous/test/auto/SinusoidWithMultipleImpulses.xml
3 ms. Memory: 336896K Free: 151252K (45%)
----------------- Invoking toplevel() on ptolemy.moml.MoMLSimpleApplication@44a3e1d4
----------------- Done invoking toplevel() on ptolemy.moml.MoMLSimpleApplication@44a3e1d4
reloadAllAccessors: .SinusoidWithMultipleImpulses

===========================================================================================
----------------- testing Thu Feb 13 07:27:11 UTC 2020 /home/travis/build/icyphy/ptII/ptolemy/domains/continuous/test/auto/SquareWave.xml
----------------- Instantiating /home/travis/build/icyphy/ptII/ptolemy/domains/continuous/test/auto/SquareWave.xml
140 ms. Memory: 336896K Free: 124118K (37%)
----------------- Invoking toplevel() on ptolemy.moml.MoMLSimpleApplication@2841008f
----------------- Done invoking toplevel() on ptolemy.moml.MoMLSimpleApplication@2841008f
reloadAllAccessors: .SquareWave

===========================================================================================
----------------- testing Thu Feb 13 07:27:11 UTC 2020 /home/travis/build/icyphy/ptII/ptolemy/domains/continuous/test/auto/Starmac.xml
----------------- Instantiating /home/travis/build/icyphy/ptII/ptolemy/domains/continuous/test/auto/Starmac.xml
3056 ms. Memory: 336896K Free: 208761K (62%)
----------------- Invoking toplevel() on ptolemy.moml.MoMLSimpleApplication@2ca17e40
----------------- Done invoking toplevel() on ptolemy.moml.MoMLSimpleApplication@2ca17e40
reloadAllAccessors: .Starmac

===========================================================================================
----------------- testing Thu Feb 13 07:27:14 UTC 2020 /home/travis/build/icyphy/ptII/ptolemy/domains/continuous/test/auto/StaticUnits.xml
----------------- Instantiating /home/travis/build/icyphy/ptII/ptolemy/domains/continuous/test/auto/StaticUnits.xml
1727 ms. Memory: 336896K Free: 138948K (41%)
----------------- Invoking toplevel() on ptolemy.moml.MoMLSimpleApplication@51b5785
----------------- Done invoking toplevel() on ptolemy.moml.MoMLSimpleApplication@51b5785
reloadAllAccessors: .StaticUnits

===========================================================================================
----------------- testing Thu Feb 13 07:27:17 UTC 2020 /home/travis/build/icyphy/ptII/ptolemy/domains/continuous/test/auto/StickyMasses.xml
----------------- Instantiating /home/travis/build/icyphy/ptII/ptolemy/domains/continuous/test/auto/StickyMasses.xml
166 ms. Memory: 336896K Free: 285811K (85%)
----------------- Invoking toplevel() on ptolemy.moml.MoMLSimpleApplication@12f38f74
----------------- Done invoking toplevel() on ptolemy.moml.MoMLSimpleApplication@12f38f74
reloadAllAccessors: .StickyMasses

===========================================================================================
----------------- testing Thu Feb 13 07:27:17 UTC 2020 /home/travis/build/icyphy/ptII/ptolemy/domains/continuous/test/auto/StopTime.xml
----------------- Instantiating /home/travis/build/icyphy/ptII/ptolemy/domains/continuous/test/auto/StopTime.xml
81 ms. Memory: 336896K Free: 260707K (77%)
----------------- Invoking toplevel() on ptolemy.moml.MoMLSimpleApplication@225e4f14
----------------- Done invoking toplevel() on ptolemy.moml.MoMLSimpleApplication@225e4f14
reloadAllAccessors: .StopTime

===========================================================================================
----------------- testing Thu Feb 13 07:27:17 UTC 2020 /home/travis/build/icyphy/ptII/ptolemy/domains/continuous/test/auto/StopTime2.xml
----------------- Instantiating /home/travis/build/icyphy/ptII/ptolemy/domains/continuous/test/auto/StopTime2.xml
34 ms. Memory: 336896K Free: 238707K (71%)
----------------- Invoking toplevel() on ptolemy.moml.MoMLSimpleApplication@40b7225b
----------------- Done invoking toplevel() on ptolemy.moml.MoMLSimpleApplication@40b7225b
reloadAllAccessors: .StopTime2

===========================================================================================
----------------- testing Thu Feb 13 07:27:17 UTC 2020 /home/travis/build/icyphy/ptII/ptolemy/domains/continuous/test/auto/Switch.xml
----------------- Instantiating /home/travis/build/icyphy/ptII/ptolemy/domains/continuous/test/auto/Switch.xml
38 ms. Memory: 336896K Free: 214131K (64%)
----------------- Invoking toplevel() on ptolemy.moml.MoMLSimpleApplication@4ea0c151
----------------- Done invoking toplevel() on ptolemy.moml.MoMLSimpleApplication@4ea0c151
reloadAllAccessors: .Switch

===========================================================================================
----------------- testing Thu Feb 13 07:27:17 UTC 2020 /home/travis/build/icyphy/ptII/ptolemy/domains/continuous/test/auto/Thermostat.xml
----------------- Instantiating /home/travis/build/icyphy/ptII/ptolemy/domains/continuous/test/auto/Thermostat.xml
175 ms. Memory: 336896K Free: 141937K (42%)
----------------- Invoking toplevel() on ptolemy.moml.MoMLSimpleApplication@2a4d4afe
----------------- Done invoking toplevel() on ptolemy.moml.MoMLSimpleApplication@2a4d4afe
reloadAllAccessors: .Thermostat

===========================================================================================
----------------- testing Thu Feb 13 07:27:17 UTC 2020 /home/travis/build/icyphy/ptII/ptolemy/domains/continuous/test/auto/TimeDelay.xml
----------------- Instantiating /home/travis/build/icyphy/ptII/ptolemy/domains/continuous/test/auto/TimeDelay.xml
5 ms. Memory: 336896K Free: 137331K (41%)
----------------- Invoking toplevel() on ptolemy.moml.MoMLSimpleApplication@5719e472
----------------- Done invoking toplevel() on ptolemy.moml.MoMLSimpleApplication@5719e472
reloadAllAccessors: .TimeDelay

===========================================================================================
----------------- testing Thu Feb 13 07:27:17 UTC 2020 /home/travis/build/icyphy/ptII/ptolemy/domains/continuous/test/auto/TimeDelay2.xml
----------------- Instantiating /home/travis/build/icyphy/ptII/ptolemy/domains/continuous/test/auto/TimeDelay2.xml
6 ms. Memory: 336896K Free: 127601K (38%)
----------------- Invoking toplevel() on ptolemy.moml.MoMLSimpleApplication@4f38cef4
----------------- Done invoking toplevel() on ptolemy.moml.MoMLSimpleApplication@4f38cef4
reloadAllAccessors: .TimeDelay2

===========================================================================================
----------------- testing Thu Feb 13 07:27:17 UTC 2020 /home/travis/build/icyphy/ptII/ptolemy/domains/continuous/test/auto/TimeDelay3.xml
----------------- Instantiating /home/travis/build/icyphy/ptII/ptolemy/domains/continuous/test/auto/TimeDelay3.xml
4 ms. Memory: 336896K Free: 122993K (37%)
----------------- Invoking toplevel() on ptolemy.moml.MoMLSimpleApplication@6079422a
----------------- Done invoking toplevel() on ptolemy.moml.MoMLSimpleApplication@6079422a
reloadAllAccessors: .TimeDelay3

===========================================================================================
----------------- testing Thu Feb 13 07:27:17 UTC 2020 /home/travis/build/icyphy/ptII/ptolemy/domains/continuous/test/auto/TransferAbsentToInside.xml
----------------- Instantiating /home/travis/build/icyphy/ptII/ptolemy/domains/continuous/test/auto/TransferAbsentToInside.xml
27 ms. Memory: 336896K Free: 265831K (79%)
----------------- Invoking toplevel() on ptolemy.moml.MoMLSimpleApplication@1436056e
----------------- Done invoking toplevel() on ptolemy.moml.MoMLSimpleApplication@1436056e
reloadAllAccessors: .TransferAbsentToInside

===========================================================================================
----------------- testing Thu Feb 13 07:27:18 UTC 2020 /home/travis/build/icyphy/ptII/ptolemy/domains/continuous/test/auto/Transmission.xml
----------------- Instantiating /home/travis/build/icyphy/ptII/ptolemy/domains/continuous/test/auto/Transmission.xml
760 ms. Memory: 336896K Free: 229985K (68%)
----------------- Invoking toplevel() on ptolemy.moml.MoMLSimpleApplication@926274e
----------------- Done invoking toplevel() on ptolemy.moml.MoMLSimpleApplication@926274e
reloadAllAccessors: .Transmission

===========================================================================================
----------------- testing Thu Feb 13 07:27:18 UTC 2020 /home/travis/build/icyphy/ptII/ptolemy/domains/continuous/test/auto/TriggeredContinuousClock.xml
----------------- Instantiating /home/travis/build/icyphy/ptII/ptolemy/domains/continuous/test/auto/TriggeredContinuousClock.xml
35 ms. Memory: 336896K Free: 200809K (60%)
----------------- Invoking toplevel() on ptolemy.moml.MoMLSimpleApplication@3646aa0d
----------------- Done invoking toplevel() on ptolemy.moml.MoMLSimpleApplication@3646aa0d
reloadAllAccessors: .TriggeredContinuousClock

===========================================================================================
----------------- testing Thu Feb 13 07:27:18 UTC 2020 /home/travis/build/icyphy/ptII/ptolemy/domains/continuous/test/auto/TwoMachineInfiniteBusControl.xml
----------------- Instantiating /home/travis/build/icyphy/ptII/ptolemy/domains/continuous/test/auto/TwoMachineInfiniteBusControl.xml
2426 ms. Memory: 336896K Free: 208394K (62%)
----------------- Invoking toplevel() on ptolemy.moml.MoMLSimpleApplication@3bf7087a
----------------- Done invoking toplevel() on ptolemy.moml.MoMLSimpleApplication@3bf7087a
reloadAllAccessors: .TwoMachineInfiniteBusControl

===========================================================================================
----------------- testing Thu Feb 13 07:27:21 UTC 2020 /home/travis/build/icyphy/ptII/ptolemy/domains/continuous/test/auto/V2V.xml
----------------- Instantiating /home/travis/build/icyphy/ptII/ptolemy/domains/continuous/test/auto/V2V.xml
763 ms. Memory: 336896K Free: 216603K (64%)
----------------- Invoking toplevel() on ptolemy.moml.MoMLSimpleApplication@63277c99
----------------- Done invoking toplevel() on ptolemy.moml.MoMLSimpleApplication@63277c99
reloadAllAccessors: .V2V

===========================================================================================
----------------- testing Thu Feb 13 07:27:22 UTC 2020 /home/travis/build/icyphy/ptII/ptolemy/domains/continuous/test/auto/hierarchicalModalModel.xml
----------------- Instantiating /home/travis/build/icyphy/ptII/ptolemy/domains/continuous/test/auto/hierarchicalModalModel.xml
6 ms. Memory: 336896K Free: 202267K (60%)
----------------- Invoking toplevel() on ptolemy.moml.MoMLSimpleApplication@8366225
----------------- Done invoking toplevel() on ptolemy.moml.MoMLSimpleApplication@8366225
reloadAllAccessors: .hierarchicalModalModel

===========================================================================================
----------------- testing Thu Feb 13 07:27:22 UTC 2020 /home/travis/build/icyphy/ptII/ptolemy/domains/continuous/test/auto/hierarchicalModalModel1.xml
----------------- Instantiating /home/travis/build/icyphy/ptII/ptolemy/domains/continuous/test/auto/hierarchicalModalModel1.xml
8 ms. Memory: 336896K Free: 187946K (56%)
----------------- Invoking toplevel() on ptolemy.moml.MoMLSimpleApplication@2987e20c
----------------- Done invoking toplevel() on ptolemy.moml.MoMLSimpleApplication@2987e20c
reloadAllAccessors: .hierarchicalModalModel1

===========================================================================================
----------------- testing Thu Feb 13 07:27:22 UTC 2020 /home/travis/build/icyphy/ptII/ptolemy/domains/continuous/test/auto/hierarchicalModalModel2.xml
----------------- Instantiating /home/travis/build/icyphy/ptII/ptolemy/domains/continuous/test/auto/hierarchicalModalModel2.xml
5 ms. Memory: 336896K Free: 175643K (52%)
----------------- Invoking toplevel() on ptolemy.moml.MoMLSimpleApplication@39b15646
----------------- Done invoking toplevel() on ptolemy.moml.MoMLSimpleApplication@39b15646
reloadAllAccessors: .hierarchicalModalModel2

===========================================================================================
----------------- testing Thu Feb 13 07:27:22 UTC 2020 /home/travis/build/icyphy/ptII/ptolemy/domains/continuous/test/auto/hierarchicalModalModel3.xml
----------------- Instantiating /home/travis/build/icyphy/ptII/ptolemy/domains/continuous/test/auto/hierarchicalModalModel3.xml
10 ms. Memory: 336896K Free: 164908K (49%)
----------------- Invoking toplevel() on ptolemy.moml.MoMLSimpleApplication@67846b41
----------------- Done invoking toplevel() on ptolemy.moml.MoMLSimpleApplication@67846b41
reloadAllAccessors: .hierarchicalModalModel3

===========================================================================================
----------------- testing Thu Feb 13 07:27:22 UTC 2020 /home/travis/build/icyphy/ptII/ptolemy/domains/continuous/test/auto/hierarchicalModalModel4.xml
----------------- Instantiating /home/travis/build/icyphy/ptII/ptolemy/domains/continuous/test/auto/hierarchicalModalModel4.xml
5 ms. Memory: 336896K Free: 153130K (45%)
----------------- Invoking toplevel() on ptolemy.moml.MoMLSimpleApplication@4d954f0f
----------------- Done invoking toplevel() on ptolemy.moml.MoMLSimpleApplication@4d954f0f
reloadAllAccessors: .hierarchicalModalModel4

===========================================================================================
----------------- testing Thu Feb 13 07:27:22 UTC 2020 /home/travis/build/icyphy/ptII/ptolemy/domains/continuous/test/auto/junk.xml
----------------- Instantiating /home/travis/build/icyphy/ptII/ptolemy/domains/continuous/test/auto/junk.xml
110 ms. Memory: 336896K Free: 128554K (38%)
----------------- Invoking toplevel() on ptolemy.moml.MoMLSimpleApplication@266c24ab
----------------- Done invoking toplevel() on ptolemy.moml.MoMLSimpleApplication@266c24ab
reloadAllAccessors: .junk
AutoTests.java: About to close Vertx.
AutoTests.java: Vertx closed.
]]></system-out>
  <system-err><![CDATA[Warning: '.HysteresisWithRandomDelay.NonStrictTest3' The test produced only 24 tokens, yet the correctValues parameter was expecting 30 tokens.
Warning: '.IncreasingRatePoisson.NonStrictTest' The test produced only 358 tokens, yet the correctValues parameter was expecting 402 tokens.
Warning: '.Poisson.NonStrictTest' The test produced only 385 tokens, yet the correctValues parameter was expecting 430 tokens.
]]></system-err>
</testsuite>
