<?xml version="1.0" encoding="UTF-8" ?>
<testsuite errors="0" failures="0" hostname="travis-job-5d10100e-4afa-4c49-8467-326019c648e1" name="ptolemy.domains.de.test.junit.JUnitTclTest" skipped="0" tests="101" time="121.438" timestamp="2021-09-08T18:56:07">
  <properties>
[...]
</properties>
  <testcase classname="ptolemy.util.test.junit.TclTests" name="[0] /home/travis/build/icyphy/ptII/ptolemy/domains/de/test/DependencyLoop.tcl (RunTclFile)" time="0.944" />
  <testcase classname="ptolemy.util.test.junit.TclTests" name="[1] /home/travis/build/icyphy/ptII/ptolemy/domains/de/test/RunDETestsAsQSS.tcl (RunTclFile)" time="81.632" />
  <testcase classname="ptolemy.util.test.junit.AutoKnownFailedTests" name="[0] /home/travis/build/icyphy/ptII/ptolemy/domains/de/test/auto/knownFailedTests/DESDFClockTest.xml (RunModel)" time="2.05" />
  <testcase classname="ptolemy.util.test.junit.AutoKnownFailedTests" name="[1] /home/travis/build/icyphy/ptII/ptolemy/domains/de/test/auto/knownFailedTests/DirectFeedback.xml (RunModel)" time="0.024" />
  <testcase classname="ptolemy.util.test.junit.AutoKnownFailedTests" name="[2] /home/travis/build/icyphy/ptII/ptolemy/domains/de/test/auto/knownFailedTests/FSMSource.xml (RunModel)" time="0.02" />
  <testcase classname="ptolemy.util.test.junit.AutoKnownFailedTests" name="[3] /home/travis/build/icyphy/ptII/ptolemy/domains/de/test/auto/knownFailedTests/HierarchicalModel.xml (RunModel)" time="0.044" />
  <testcase classname="ptolemy.util.test.junit.AutoKnownFailedTests" name="[4] /home/travis/build/icyphy/ptII/ptolemy/domains/de/test/auto/knownFailedTests/dependencyLoop.xml (RunModel)" time="0.043" />
  <testcase classname="ptolemy.util.test.junit.AutoKnownFailedTests" name="[5] /home/travis/build/icyphy/ptII/ptolemy/domains/de/test/auto/knownFailedTests/dependencyLoop2.xml (RunModel)" time="0.044" />
  <testcase classname="ptolemy.util.test.junit.AutoNameArchTests" name="[0] ThereAreNoAutoArchTests (RunModel)" time="0.004" />
  <testcase classname="ptolemy.util.test.junit.AutoTests" name="[0] /home/travis/build/icyphy/ptII/ptolemy/domains/de/test/auto/ActorDepthCalculation_actorWithoutPorts.xml (RunModel)" time="0.018" />
  <testcase classname="ptolemy.util.test.junit.AutoTests" name="[1] /home/travis/build/icyphy/ptII/ptolemy/domains/de/test/auto/AssemblyLine.xml (RunModel)" time="0.024" />
  <testcase classname="ptolemy.util.test.junit.AutoTests" name="[2] /home/travis/build/icyphy/ptII/ptolemy/domains/de/test/auto/CQBug1.xml (RunModel)" time="0.01" />
  <testcase classname="ptolemy.util.test.junit.AutoTests" name="[3] /home/travis/build/icyphy/ptII/ptolemy/domains/de/test/auto/CancelFireAt.xml (RunModel)" time="0.01" />
  <testcase classname="ptolemy.util.test.junit.AutoTests" name="[4] /home/travis/build/icyphy/ptII/ptolemy/domains/de/test/auto/CausalityAndComposabilityAnalysis.xml (RunModel)" time="0.015" />
  <testcase classname="ptolemy.util.test.junit.AutoTests" name="[5] /home/travis/build/icyphy/ptII/ptolemy/domains/de/test/auto/CausalityInterface1.xml (RunModel)" time="0.022" />
  <testcase classname="ptolemy.util.test.junit.AutoTests" name="[6] /home/travis/build/icyphy/ptII/ptolemy/domains/de/test/auto/CausalityInterface15.xml (RunModel)" time="0.014" />
  <testcase classname="ptolemy.util.test.junit.AutoTests" name="[7] /home/travis/build/icyphy/ptII/ptolemy/domains/de/test/auto/CausalityInterface2.xml (RunModel)" time="0.012" />
  <testcase classname="ptolemy.util.test.junit.AutoTests" name="[8] /home/travis/build/icyphy/ptII/ptolemy/domains/de/test/auto/CausalityInterface3.xml (RunModel)" time="0.011" />
  <testcase classname="ptolemy.util.test.junit.AutoTests" name="[9] /home/travis/build/icyphy/ptII/ptolemy/domains/de/test/auto/ClockDrift.xml (RunModel)" time="0.037" />
  <testcase classname="ptolemy.util.test.junit.AutoTests" name="[10] /home/travis/build/icyphy/ptII/ptolemy/domains/de/test/auto/ClockDriftAndValueChange.xml (RunModel)" time="0.032" />
  <testcase classname="ptolemy.util.test.junit.AutoTests" name="[11] /home/travis/build/icyphy/ptII/ptolemy/domains/de/test/auto/ClockDriftChange.xml (RunModel)" time="0.031" />
  <testcase classname="ptolemy.util.test.junit.AutoTests" name="[12] /home/travis/build/icyphy/ptII/ptolemy/domains/de/test/auto/ComposableCausalityAnalysis.xml (RunModel)" time="0.017" />
  <testcase classname="ptolemy.util.test.junit.AutoTests" name="[13] /home/travis/build/icyphy/ptII/ptolemy/domains/de/test/auto/DEFixedPointLimitation.xml (RunModel)" time="0.012" />
  <testcase classname="ptolemy.util.test.junit.AutoTests" name="[14] /home/travis/build/icyphy/ptII/ptolemy/domains/de/test/auto/DEScheduleTest.xml (RunModel)" time="0.013" />
  <testcase classname="ptolemy.util.test.junit.AutoTests" name="[15] /home/travis/build/icyphy/ptII/ptolemy/domains/de/test/auto/DEinDEwithStartTimes.xml (RunModel)" time="0.014" />
  <testcase classname="ptolemy.util.test.junit.AutoTests" name="[16] /home/travis/build/icyphy/ptII/ptolemy/domains/de/test/auto/DEinDEwithStartTimes2.xml (RunModel)" time="0.016" />
  <testcase classname="ptolemy.util.test.junit.AutoTests" name="[17] /home/travis/build/icyphy/ptII/ptolemy/domains/de/test/auto/DateDemo.xml (RunModel)" time="0.029" />
  <testcase classname="ptolemy.util.test.junit.AutoTests" name="[18] /home/travis/build/icyphy/ptII/ptolemy/domains/de/test/auto/DateToEvent.xml (RunModel)" time="2.04" />
  <testcase classname="ptolemy.util.test.junit.AutoTests" name="[19] /home/travis/build/icyphy/ptII/ptolemy/domains/de/test/auto/DepthTest1.xml (RunModel)" time="0.01" />
  <testcase classname="ptolemy.util.test.junit.AutoTests" name="[20] /home/travis/build/icyphy/ptII/ptolemy/domains/de/test/auto/DepthTest2.xml (RunModel)" time="0.019" />
  <testcase classname="ptolemy.util.test.junit.AutoTests" name="[21] /home/travis/build/icyphy/ptII/ptolemy/domains/de/test/auto/DepthTest3.xml (RunModel)" time="0.008" />
  <testcase classname="ptolemy.util.test.junit.AutoTests" name="[22] /home/travis/build/icyphy/ptII/ptolemy/domains/de/test/auto/DepthTest4.xml (RunModel)" time="0.029" />
  <testcase classname="ptolemy.util.test.junit.AutoTests" name="[23] /home/travis/build/icyphy/ptII/ptolemy/domains/de/test/auto/DepthTest5.xml (RunModel)" time="0.019" />
  <testcase classname="ptolemy.util.test.junit.AutoTests" name="[24] /home/travis/build/icyphy/ptII/ptolemy/domains/de/test/auto/DepthTest6.xml (RunModel)" time="0.012" />
  <testcase classname="ptolemy.util.test.junit.AutoTests" name="[25] /home/travis/build/icyphy/ptII/ptolemy/domains/de/test/auto/DepthTest7.xml (RunModel)" time="0.011" />
  <testcase classname="ptolemy.util.test.junit.AutoTests" name="[26] /home/travis/build/icyphy/ptII/ptolemy/domains/de/test/auto/EventToDate.xml (RunModel)" time="3.056" />
  <testcase classname="ptolemy.util.test.junit.AutoTests" name="[27] /home/travis/build/icyphy/ptII/ptolemy/domains/de/test/auto/FSM1.xml (RunModel)" time="0.034" />
  <testcase classname="ptolemy.util.test.junit.AutoTests" name="[28] /home/travis/build/icyphy/ptII/ptolemy/domains/de/test/auto/FSM7.xml (RunModel)" time="0.03" />
  <testcase classname="ptolemy.util.test.junit.AutoTests" name="[29] /home/travis/build/icyphy/ptII/ptolemy/domains/de/test/auto/Inspection.xml (RunModel)" time="0.037" />
  <testcase classname="ptolemy.util.test.junit.AutoTests" name="[30] /home/travis/build/icyphy/ptII/ptolemy/domains/de/test/auto/Iteration.xml (RunModel)" time="0.024" />
  <testcase classname="ptolemy.util.test.junit.AutoTests" name="[31] /home/travis/build/icyphy/ptII/ptolemy/domains/de/test/auto/LineFault.xml (RunModel)" time="0.544" />
  <testcase classname="ptolemy.util.test.junit.AutoTests" name="[32] /home/travis/build/icyphy/ptII/ptolemy/domains/de/test/auto/MergeModel1Add.xml (RunModel)" time="0.05" />
  <testcase classname="ptolemy.util.test.junit.AutoTests" name="[33] /home/travis/build/icyphy/ptII/ptolemy/domains/de/test/auto/MergeModel2Add.xml (RunModel)" time="0.033" />
  <testcase classname="ptolemy.util.test.junit.AutoTests" name="[34] /home/travis/build/icyphy/ptII/ptolemy/domains/de/test/auto/MergeModel3Add.xml (RunModel)" time="0.038" />
  <testcase classname="ptolemy.util.test.junit.AutoTests" name="[35] /home/travis/build/icyphy/ptII/ptolemy/domains/de/test/auto/MergeWithoutDiscard.xml (RunModel)" time="0.009" />
  <testcase classname="ptolemy.util.test.junit.AutoTests" name="[36] /home/travis/build/icyphy/ptII/ptolemy/domains/de/test/auto/Modal1.xml (RunModel)" time="0.028" />
  <testcase classname="ptolemy.util.test.junit.AutoTests" name="[37] /home/travis/build/icyphy/ptII/ptolemy/domains/de/test/auto/Modal2.xml (RunModel)" time="0.027" />
  <testcase classname="ptolemy.util.test.junit.AutoTests" name="[38] /home/travis/build/icyphy/ptII/ptolemy/domains/de/test/auto/Modal3.xml (RunModel)" time="0.028" />
  <testcase classname="ptolemy.util.test.junit.AutoTests" name="[39] /home/travis/build/icyphy/ptII/ptolemy/domains/de/test/auto/Modal4.xml (RunModel)" time="0.025" />
  <testcase classname="ptolemy.util.test.junit.AutoTests" name="[40] /home/travis/build/icyphy/ptII/ptolemy/domains/de/test/auto/Modal5.xml (RunModel)" time="0.029" />
  <testcase classname="ptolemy.util.test.junit.AutoTests" name="[41] /home/travis/build/icyphy/ptII/ptolemy/domains/de/test/auto/Modal6.xml (RunModel)" time="0.023" />
  <testcase classname="ptolemy.util.test.junit.AutoTests" name="[42] /home/travis/build/icyphy/ptII/ptolemy/domains/de/test/auto/Modal7.xml (RunModel)" time="0.024" />
  <testcase classname="ptolemy.util.test.junit.AutoTests" name="[43] /home/travis/build/icyphy/ptII/ptolemy/domains/de/test/auto/ModalModel.xml (RunModel)" time="0.144" />
  <testcase classname="ptolemy.util.test.junit.AutoTests" name="[44] /home/travis/build/icyphy/ptII/ptolemy/domains/de/test/auto/ModalSource.xml (RunModel)" time="0.018" />
  <testcase classname="ptolemy.util.test.junit.AutoTests" name="[45] /home/travis/build/icyphy/ptII/ptolemy/domains/de/test/auto/NonInterruptibleTimerZeroDelay.xml (RunModel)" time="0.012" />
  <testcase classname="ptolemy.util.test.junit.AutoTests" name="[46] /home/travis/build/icyphy/ptII/ptolemy/domains/de/test/auto/OpenQueueingNetwork.xml (RunModel)" time="2.53" />
  <testcase classname="ptolemy.util.test.junit.AutoTests" name="[47] /home/travis/build/icyphy/ptII/ptolemy/domains/de/test/auto/OpenQueuingNetwork.xml (RunModel)" time="0.283" />
  <testcase classname="ptolemy.util.test.junit.AutoTests" name="[48] /home/travis/build/icyphy/ptII/ptolemy/domains/de/test/auto/PeriodicSampler.xml (RunModel)" time="0.007" />
  <testcase classname="ptolemy.util.test.junit.AutoTests" name="[49] /home/travis/build/icyphy/ptII/ptolemy/domains/de/test/auto/PersistentIO.xml (RunModel)" time="0.018" />
  <testcase classname="ptolemy.util.test.junit.AutoTests" name="[50] /home/travis/build/icyphy/ptII/ptolemy/domains/de/test/auto/PortParameterResetOnInitialize.xml (RunModel)" time="0.007" />
  <testcase classname="ptolemy.util.test.junit.AutoTests" name="[51] /home/travis/build/icyphy/ptII/ptolemy/domains/de/test/auto/PortParameterUpdates.xml (RunModel)" time="0.01" />
  <testcase classname="ptolemy.util.test.junit.AutoTests" name="[52] /home/travis/build/icyphy/ptII/ptolemy/domains/de/test/auto/QueueAndServer.xml (RunModel)" time="0.019" />
  <testcase classname="ptolemy.util.test.junit.AutoTests" name="[53] /home/travis/build/icyphy/ptII/ptolemy/domains/de/test/auto/Records.xml (RunModel)" time="0.013" />
  <testcase classname="ptolemy.util.test.junit.AutoTests" name="[54] /home/travis/build/icyphy/ptII/ptolemy/domains/de/test/auto/ResetTransitionWithStartTime1.xml (RunModel)" time="0.014" />
  <testcase classname="ptolemy.util.test.junit.AutoTests" name="[55] /home/travis/build/icyphy/ptII/ptolemy/domains/de/test/auto/ResetTransitionWithStartTime2.xml (RunModel)" time="0.017" />
  <testcase classname="ptolemy.util.test.junit.AutoTests" name="[56] /home/travis/build/icyphy/ptII/ptolemy/domains/de/test/auto/ResetTransitionWithStartTime3.xml (RunModel)" time="0.014" />
  <testcase classname="ptolemy.util.test.junit.AutoTests" name="[57] /home/travis/build/icyphy/ptII/ptolemy/domains/de/test/auto/ResetTransitionWithStartTime4.xml (RunModel)" time="0.017" />
  <testcase classname="ptolemy.util.test.junit.AutoTests" name="[58] /home/travis/build/icyphy/ptII/ptolemy/domains/de/test/auto/ResettableTimer1.xml (RunModel)" time="0.008" />
  <testcase classname="ptolemy.util.test.junit.AutoTests" name="[59] /home/travis/build/icyphy/ptII/ptolemy/domains/de/test/auto/ResettableTimer2.xml (RunModel)" time="0.008" />
  <testcase classname="ptolemy.util.test.junit.AutoTests" name="[60] /home/travis/build/icyphy/ptII/ptolemy/domains/de/test/auto/ResettableTimer3.xml (RunModel)" time="0.008" />
  <testcase classname="ptolemy.util.test.junit.AutoTests" name="[61] /home/travis/build/icyphy/ptII/ptolemy/domains/de/test/auto/ResettableTimer4.xml (RunModel)" time="0.008" />
  <testcase classname="ptolemy.util.test.junit.AutoTests" name="[62] /home/travis/build/icyphy/ptII/ptolemy/domains/de/test/auto/ResettableTimer5.xml (RunModel)" time="0.008" />
  <testcase classname="ptolemy.util.test.junit.AutoTests" name="[63] /home/travis/build/icyphy/ptII/ptolemy/domains/de/test/auto/ResettableTimer6.xml (RunModel)" time="0.015" />
  <testcase classname="ptolemy.util.test.junit.AutoTests" name="[64] /home/travis/build/icyphy/ptII/ptolemy/domains/de/test/auto/ServerZeroDelay.xml (RunModel)" time="0.007" />
  <testcase classname="ptolemy.util.test.junit.AutoTests" name="[65] /home/travis/build/icyphy/ptII/ptolemy/domains/de/test/auto/SmartSender.xml (RunModel)" time="3.006" />
  <testcase classname="ptolemy.util.test.junit.AutoTests" name="[66] /home/travis/build/icyphy/ptII/ptolemy/domains/de/test/auto/ThreadedComposite.xml (RunModel)" time="0.117" />
  <testcase classname="ptolemy.util.test.junit.AutoTests" name="[67] /home/travis/build/icyphy/ptII/ptolemy/domains/de/test/auto/Time.xml (RunModel)" time="0.367" />
  <testcase classname="ptolemy.util.test.junit.AutoTests" name="[68] /home/travis/build/icyphy/ptII/ptolemy/domains/de/test/auto/TimeDelayZeroDelay.xml (RunModel)" time="0.009" />
  <testcase classname="ptolemy.util.test.junit.AutoTests" name="[69] /home/travis/build/icyphy/ptII/ptolemy/domains/de/test/auto/TimerZeroDelay.xml (RunModel)" time="0.008" />
  <testcase classname="ptolemy.util.test.junit.AutoTests" name="[70] /home/travis/build/icyphy/ptII/ptolemy/domains/de/test/auto/TimingParadox.xml (RunModel)" time="0.265" />
  <testcase classname="ptolemy.util.test.junit.AutoTests" name="[71] /home/travis/build/icyphy/ptII/ptolemy/domains/de/test/auto/TransferInputs.xml (RunModel)" time="0.008" />
  <testcase classname="ptolemy.util.test.junit.AutoTests" name="[72] /home/travis/build/icyphy/ptII/ptolemy/domains/de/test/auto/TransferOutputs2.xml (RunModel)" time="0.012" />
  <testcase classname="ptolemy.util.test.junit.AutoTests" name="[73] /home/travis/build/icyphy/ptII/ptolemy/domains/de/test/auto/Trilateration.xml (RunModel)" time="10.788" />
  <testcase classname="ptolemy.util.test.junit.AutoTests" name="[74] /home/travis/build/icyphy/ptII/ptolemy/domains/de/test/auto/TwoSigmaDelta.xml (RunModel)" time="1.786" />
  <testcase classname="ptolemy.util.test.junit.AutoTests" name="[75] /home/travis/build/icyphy/ptII/ptolemy/domains/de/test/auto/VariableDelay.xml (RunModel)" time="0.016" />
  <testcase classname="ptolemy.util.test.junit.AutoTests" name="[76] /home/travis/build/icyphy/ptII/ptolemy/domains/de/test/auto/VariableDelay2.xml (RunModel)" time="0.013" />
  <testcase classname="ptolemy.util.test.junit.AutoTests" name="[77] /home/travis/build/icyphy/ptII/ptolemy/domains/de/test/auto/VariableDelayZeroDelay.xml (RunModel)" time="0.017" />
  <testcase classname="ptolemy.util.test.junit.AutoTests" name="[78] /home/travis/build/icyphy/ptII/ptolemy/domains/de/test/auto/VariableDelayZeroDelay2.xml (RunModel)" time="0.008" />
  <testcase classname="ptolemy.util.test.junit.AutoTests" name="[79] /home/travis/build/icyphy/ptII/ptolemy/domains/de/test/auto/deInCt.xml (RunModel)" time="0.015" />
  <testcase classname="ptolemy.util.test.junit.AutoTests" name="[80] /home/travis/build/icyphy/ptII/ptolemy/domains/de/test/auto/deInCt2.xml (RunModel)" time="0.014" />
  <testcase classname="ptolemy.util.test.junit.AutoTests" name="[81] /home/travis/build/icyphy/ptII/ptolemy/domains/de/test/auto/dynamicCausalityInterface1.xml (RunModel)" time="0.016" />
  <testcase classname="ptolemy.util.test.junit.AutoTests" name="[82] /home/travis/build/icyphy/ptII/ptolemy/domains/de/test/auto/fsm_de_test.xml (RunModel)" time="0.032" />
  <testcase classname="ptolemy.util.test.junit.AutoTests" name="[83] /home/travis/build/icyphy/ptII/ptolemy/domains/de/test/auto/functionDependencyReconstruction.xml (RunModel)" time="0.028" />
  <testcase classname="ptolemy.util.test.junit.AutoTests" name="[84] /home/travis/build/icyphy/ptII/ptolemy/domains/de/test/auto/multirate.xml (RunModel)" time="0.016" />
  <testcase classname="ptolemy.util.test.junit.AutoTests" name="[85] /home/travis/build/icyphy/ptII/ptolemy/domains/de/test/auto/multirate2.xml (RunModel)" time="0.021" />
  <testcase classname="ptolemy.util.test.junit.AutoTests" name="[86] /home/travis/build/icyphy/ptII/ptolemy/domains/de/test/auto/realtime.xml (RunModel)" time="10.01" />
  <testcase classname="ptolemy.util.test.junit.AutoTests" name="[87] /home/travis/build/icyphy/ptII/ptolemy/domains/de/test/auto/relationGroup.xml (RunModel)" time="0.007" />
  <testcase classname="ptolemy.util.test.junit.AutoTests" name="[88] /home/travis/build/icyphy/ptII/ptolemy/domains/de/test/auto/relationGroup2.xml (RunModel)" time="0.005" />
  <testcase classname="ptolemy.util.test.junit.AutoTests" name="[89] /home/travis/build/icyphy/ptII/ptolemy/domains/de/test/auto/sortWithOpaquePorts.xml (RunModel)" time="0.011" />
  <testcase classname="ptolemy.util.test.junit.AutoTests" name="[90] /home/travis/build/icyphy/ptII/ptolemy/domains/de/test/auto/transferInputsandOutputs.xml (RunModel)" time="0.015" />
  <testcase classname="ptolemy.util.test.junit.AutoTests" name="[91] /home/travis/build/icyphy/ptII/ptolemy/domains/de/test/auto/triggerType.xml (RunModel)" time="0.01" />
  <system-out><![CDATA[/home/travis/build/icyphy/ptII/ptolemy/domains/de/test/DependencyLoop.tcl
testDefs.tcl: setting time out to 9000 seconds at Wed Sep 08 18:56:07 UTC 2021
75 ms. Memory: 129024K Free: 77687K (60%)
23 ms. Memory: 129024K Free: 60775K (47%)
/home/travis/build/icyphy/ptII/ptolemy/domains/de/test/RunDETestsAsQSS.tcl
Run the DE tests using ptolemy.domains.qss.test.QSSDirectorTest, which extends QSSDirector and prints a message in the constructors.
------------------ testing $PTII/ptolemy/domains/de/test/auto/knownFailedTests/DirectFeedback.xml (Known Failure) 
59 ms. Memory: 129024K Free: 54645K (42%)


==== $PTIIhome/travis/build/icyphy/ptII/ptolemy/domains/de/test/../../../../: Auto Automatic test in file $PTII/ptolemy/domains/de/test/auto/knownFailedTests/DirectFeedback.xml
==== Contents of test case:

	    # FIXME: we should use $relativeFilename here, but it
	    # might have backslashes under Windows, which causes no end
	    # of trouble.
	    createAndExecute $file
	    list {}
	
.... Test generated KNOWN error:
    while executing
ptolemy.kernel.util.IllegalActionException: Test fails in iteration 1.
Value was: 1.0. Should have been: 2.0
  in .DirectFeedback.Test
	at ptolemy.actor.lib.Test.fire(Test.java:268)
	at ptolemy.domains.de.kernel.DEDirector._fire(DEDirector.java:1949)
	at ptolemy.domains.de.kernel.DEDirector.fire(DEDirector.java:502)
	at ptolemy.actor.CompositeActor.fire(CompositeActor.java:455)
	at ptolemy.actor.Manager.iterate(Manager.java:851)
	at ptolemy.actor.Manager.execute(Manager.java:369)
	at ptolemy.actor.Manager.run(Manager.java:1263)
	at ptolemy.actor.Manager$PtolemyRunThread.run(Manager.java:1933)

    while executing
ptolemy.kernel.util.IllegalActionException: Test fails in iteration 1.
Value was: 1.0. Should have been: 2.0
  in .DirectFeedback.Test
    while executing
"java::new ptolemy.moml.MoMLSimpleApplication $file
"
    (procedure "createAndExecute" line 2)
    invoked from within
"createAndExecute $file"
    ("uplevel" body line 5)
    invoked from within
"uplevel $contents_of_test"
------------------ testing $PTII/ptolemy/domains/de/test/auto/knownFailedTests/dependencyLoop.xml (Known Failure) 
22 ms. Memory: 129024K Free: 51573K (40%)


==== $PTIIhome/travis/build/icyphy/ptII/ptolemy/domains/de/test/../../../../: Auto Automatic test in file $PTII/ptolemy/domains/de/test/auto/knownFailedTests/dependencyLoop.xml
==== Contents of test case:

	    # FIXME: we should use $relativeFilename here, but it
	    # might have backslashes under Windows, which causes no end
	    # of trouble.
	    createAndExecute $file
	    list {}
	
.... Test generated KNOWN error:
    while executing
ptolemy.kernel.util.IllegalActionException: Found a zero delay loop containing .dependencyLoop.original
  in .dependencyLoop and .dependencyLoop.original
	at ptolemy.actor.util.CausalityInterfaceForComposites._computeOutputPortDepth(CausalityInterfaceForComposites.java:759)
	at ptolemy.actor.util.CausalityInterfaceForComposites._computeInputDepth(CausalityInterfaceForComposites.java:696)
	at ptolemy.actor.util.CausalityInterfaceForComposites._computeOutputPortDepth(CausalityInterfaceForComposites.java:765)
	at ptolemy.actor.util.CausalityInterfaceForComposites._computeInputDepth(CausalityInterfaceForComposites.java:696)
	at ptolemy.actor.util.CausalityInterfaceForComposites._computeOutputPortDepth(CausalityInterfaceForComposites.java:765)
	at ptolemy.actor.util.CausalityInterfaceForComposites._computeInputDepth(CausalityInterfaceForComposites.java:696)
	at ptolemy.actor.util.CausalityInterfaceForComposites._computeActorDepth(CausalityInterfaceForComposites.java:532)
	at ptolemy.actor.util.CausalityInterfaceForComposites.checkForCycles(CausalityInterfaceForComposites.java:96)
	at ptolemy.domains.de.kernel.DEDirector.preinitialize(DEDirector.java:1338)
	at ptolemy.actor.CompositeActor.preinitialize(CompositeActor.java:1828)
	at ptolemy.actor.Manager.preinitializeAndResolveTypes(Manager.java:1040)
	at ptolemy.actor.Manager.initialize(Manager.java:710)
	at ptolemy.actor.Manager.execute(Manager.java:356)
	at ptolemy.actor.Manager.run(Manager.java:1263)
	at ptolemy.actor.Manager$PtolemyRunThread.run(Manager.java:1933)

    while executing
ptolemy.kernel.util.IllegalActionException: Found a zero delay loop containing .dependencyLoop.original
  in .dependencyLoop and .dependencyLoop.original
    while executing
"java::new ptolemy.moml.MoMLSimpleApplication $file
"
    (procedure "createAndExecute" line 2)
    invoked from within
"createAndExecute $file"
    ("uplevel" body line 5)
    invoked from within
"uplevel $contents_of_test"
------------------ testing $PTII/ptolemy/domains/de/test/auto/knownFailedTests/FSMSource.xml (Known Failure) 
36 ms. Memory: 129024K Free: 109382K (85%)
!!!! Auto was marked as failing, but now passes
------------------ testing $PTII/ptolemy/domains/de/test/auto/knownFailedTests/HierarchicalModel.xml (Known Failure) 
5 ms. Memory: 129024K Free: 92004K (71%)


==== $PTIIhome/travis/build/icyphy/ptII/ptolemy/domains/de/test/../../../../: Auto Automatic test in file $PTII/ptolemy/domains/de/test/auto/knownFailedTests/HierarchicalModel.xml
==== Contents of test case:

	    # FIXME: we should use $relativeFilename here, but it
	    # might have backslashes under Windows, which causes no end
	    # of trouble.
	    createAndExecute $file
	    list {}
	
.... Test generated KNOWN error:
    while executing
ptolemy.kernel.util.IllegalActionException: Found a zero delay loop containing .HierarchicalModel.A
  in .HierarchicalModel and .HierarchicalModel.A
	at ptolemy.actor.util.CausalityInterfaceForComposites._computeOutputPortDepth(CausalityInterfaceForComposites.java:759)
	at ptolemy.actor.util.CausalityInterfaceForComposites._computeInputDepth(CausalityInterfaceForComposites.java:696)
	at ptolemy.actor.util.CausalityInterfaceForComposites._computeOutputPortDepth(CausalityInterfaceForComposites.java:765)
	at ptolemy.actor.util.CausalityInterfaceForComposites._computeInputDepth(CausalityInterfaceForComposites.java:696)
	at ptolemy.actor.util.CausalityInterfaceForComposites._computeOutputPortDepth(CausalityInterfaceForComposites.java:765)
	at ptolemy.actor.util.CausalityInterfaceForComposites._computeInputDepth(CausalityInterfaceForComposites.java:696)
	at ptolemy.actor.util.CausalityInterfaceForComposites._computeActorDepth(CausalityInterfaceForComposites.java:532)
	at ptolemy.actor.util.CausalityInterfaceForComposites.checkForCycles(CausalityInterfaceForComposites.java:96)
	at ptolemy.domains.de.kernel.DEDirector.preinitialize(DEDirector.java:1338)
	at ptolemy.actor.CompositeActor.preinitialize(CompositeActor.java:1828)
	at ptolemy.actor.Manager.preinitializeAndResolveTypes(Manager.java:1040)
	at ptolemy.actor.Manager.initialize(Manager.java:710)
	at ptolemy.actor.Manager.execute(Manager.java:356)
	at ptolemy.actor.Manager.run(Manager.java:1263)
	at ptolemy.actor.Manager$PtolemyRunThread.run(Manager.java:1933)

    while executing
ptolemy.kernel.util.IllegalActionException: Found a zero delay loop containing .HierarchicalModel.A
  in .HierarchicalModel and .HierarchicalModel.A
    while executing
"java::new ptolemy.moml.MoMLSimpleApplication $file
"
    (procedure "createAndExecute" line 2)
    invoked from within
"createAndExecute $file"
    ("uplevel" body line 5)
    invoked from within
"uplevel $contents_of_test"
------------------ testing $PTII/ptolemy/domains/de/test/auto/knownFailedTests/dependencyLoop2.xml (Known Failure) 
4 ms. Memory: 129024K Free: 76089K (59%)


==== $PTIIhome/travis/build/icyphy/ptII/ptolemy/domains/de/test/../../../../: Auto Automatic test in file $PTII/ptolemy/domains/de/test/auto/knownFailedTests/dependencyLoop2.xml
==== Contents of test case:

	    # FIXME: we should use $relativeFilename here, but it
	    # might have backslashes under Windows, which causes no end
	    # of trouble.
	    createAndExecute $file
	    list {}
	
.... Test generated KNOWN error:
    while executing
ptolemy.kernel.util.IllegalActionException: Found a zero delay loop containing .dependencyLoop2.original
  in .dependencyLoop2 and .dependencyLoop2.original
	at ptolemy.actor.util.CausalityInterfaceForComposites._computeOutputPortDepth(CausalityInterfaceForComposites.java:759)
	at ptolemy.actor.util.CausalityInterfaceForComposites._computeInputDepth(CausalityInterfaceForComposites.java:696)
	at ptolemy.actor.util.CausalityInterfaceForComposites._computeOutputPortDepth(CausalityInterfaceForComposites.java:765)
	at ptolemy.actor.util.CausalityInterfaceForComposites._computeInputDepth(CausalityInterfaceForComposites.java:696)
	at ptolemy.actor.util.CausalityInterfaceForComposites._computeOutputPortDepth(CausalityInterfaceForComposites.java:765)
	at ptolemy.actor.util.CausalityInterfaceForComposites._computeInputDepth(CausalityInterfaceForComposites.java:696)
	at ptolemy.actor.util.CausalityInterfaceForComposites._computeActorDepth(CausalityInterfaceForComposites.java:532)
	at ptolemy.actor.util.CausalityInterfaceForComposites.checkForCycles(CausalityInterfaceForComposites.java:96)
	at ptolemy.domains.de.kernel.DEDirector.preinitialize(DEDirector.java:1338)
	at ptolemy.actor.CompositeActor.preinitialize(CompositeActor.java:1828)
	at ptolemy.actor.Manager.preinitializeAndResolveTypes(Manager.java:1040)
	at ptolemy.actor.Manager.initialize(Manager.java:710)
	at ptolemy.actor.Manager.execute(Manager.java:356)
	at ptolemy.actor.Manager.run(Manager.java:1263)
	at ptolemy.actor.Manager$PtolemyRunThread.run(Manager.java:1933)

    while executing
ptolemy.kernel.util.IllegalActionException: Found a zero delay loop containing .dependencyLoop2.original
  in .dependencyLoop2 and .dependencyLoop2.original
    while executing
"java::new ptolemy.moml.MoMLSimpleApplication $file
"
    (procedure "createAndExecute" line 2)
    invoked from within
"createAndExecute $file"
    ("uplevel" body line 5)
    invoked from within
"uplevel $contents_of_test"
------------------ testing $PTII/ptolemy/domains/de/test/auto/knownFailedTests/DESDFClockTest.xml (Known Failure) 
2045 ms. Memory: 129024K Free: 108357K (84%)


==== $PTIIhome/travis/build/icyphy/ptII/ptolemy/domains/de/test/../../../../: Auto Automatic test in file $PTII/ptolemy/domains/de/test/auto/knownFailedTests/DESDFClockTest.xml
==== Contents of test case:

	    # FIXME: we should use $relativeFilename here, but it
	    # might have backslashes under Windows, which causes no end
	    # of trouble.
	    createAndExecute $file
	    list {}
	
.... Test generated KNOWN error:
    while executing
ptolemy.kernel.util.IllegalActionException: Actor is not ready to fire.  Perhaps UpSample.prefire() returned false? Try debugging the actor by selecting "Listen to Actor".  Also, for SDF check moml for tokenConsumptionRate on input.
  in .DESDFClockTest.Play Bell.Copy1:SDF Director and .DESDFClockTest.Play Bell.UpSample
	at ptolemy.actor.sched.StaticSchedulingDirector.fire(StaticSchedulingDirector.java:227)
	at ptolemy.domains.sdf.kernel.SDFDirector.fire(SDFDirector.java:500)
	at ptolemy.actor.CompositeActor.fire(CompositeActor.java:455)
	at ptolemy.domains.de.kernel.DEDirector._fire(DEDirector.java:1949)
	at ptolemy.domains.de.kernel.DEDirector.fire(DEDirector.java:502)
	at ptolemy.actor.CompositeActor.fire(CompositeActor.java:455)
	at ptolemy.actor.Manager.iterate(Manager.java:851)
	at ptolemy.actor.Manager.execute(Manager.java:369)
	at ptolemy.actor.Manager.run(Manager.java:1263)
	at ptolemy.actor.Manager$PtolemyRunThread.run(Manager.java:1933)

    while executing
ptolemy.kernel.util.IllegalActionException: Actor is not ready to fire.  Perhaps UpSample.prefire() returned false? Try debugging the actor by selecting "Listen to Actor".  Also, for SDF check moml for tokenConsumptionRate on input.
  in .DESDFClockTest.Play Bell.Copy1:SDF Director and .DESDFClockTest.Play Bell.UpSample
    while executing
"java::new ptolemy.moml.MoMLSimpleApplication $file
"
    (procedure "createAndExecute" line 2)
    invoked from within
"createAndExecute $file"
    ("uplevel" body line 5)
    invoked from within
"uplevel $contents_of_test"
------------------ testing $PTII/ptolemy/domains/de/test/auto/ActorDepthCalculation_actorWithoutPorts.xml
auto.tcl: Setting watchdog for 200 seconds at Wed Sep 08 18:56:11 UTC 2021
4 ms. Memory: 129024K Free: 101175K (78%)
ptolemy.util.test.WatchDog.cancel(): canceling Wed Sep 08 18:56:11 UTC 2021
auto.tcl: Setting watchdog for 200 seconds at Wed Sep 08 18:56:11 UTC 2021
4 ms. Memory: 129024K Free: 99655K (77%)
ptolemy.util.test.WatchDog.cancel(): canceling Wed Sep 08 18:56:11 UTC 2021
------------------ testing $PTII/ptolemy/domains/de/test/auto/AssemblyLine.xml
auto.tcl: Setting watchdog for 200 seconds at Wed Sep 08 18:56:11 UTC 2021
8 ms. Memory: 51200K Free: 27637K (54%)
ptolemy.util.test.WatchDog.cancel(): canceling Wed Sep 08 18:56:11 UTC 2021
auto.tcl: Setting watchdog for 200 seconds at Wed Sep 08 18:56:11 UTC 2021
6 ms. Memory: 51200K Free: 27011K (53%)
ptolemy.util.test.WatchDog.cancel(): canceling Wed Sep 08 18:56:11 UTC 2021
------------------ testing $PTII/ptolemy/domains/de/test/auto/CQBug1.xml
auto.tcl: Setting watchdog for 200 seconds at Wed Sep 08 18:56:11 UTC 2021
3 ms. Memory: 51200K Free: 32999K (64%)
ptolemy.util.test.WatchDog.cancel(): canceling Wed Sep 08 18:56:11 UTC 2021
auto.tcl: Setting watchdog for 200 seconds at Wed Sep 08 18:56:11 UTC 2021
2 ms. Memory: 51200K Free: 32546K (64%)
ptolemy.util.test.WatchDog.cancel(): canceling Wed Sep 08 18:56:11 UTC 2021
------------------ testing $PTII/ptolemy/domains/de/test/auto/CancelFireAt.xml
auto.tcl: Setting watchdog for 200 seconds at Wed Sep 08 18:56:11 UTC 2021
3 ms. Memory: 51200K Free: 34059K (67%)
ptolemy.util.test.WatchDog.cancel(): canceling Wed Sep 08 18:56:11 UTC 2021
auto.tcl: Setting watchdog for 200 seconds at Wed Sep 08 18:56:11 UTC 2021
1 ms. Memory: 51200K Free: 33604K (66%)
ptolemy.util.test.WatchDog.cancel(): canceling Wed Sep 08 18:56:11 UTC 2021
------------------ testing $PTII/ptolemy/domains/de/test/auto/CausalityAndComposabilityAnalysis.xml
auto.tcl: Setting watchdog for 200 seconds at Wed Sep 08 18:56:11 UTC 2021
9 ms. Memory: 51200K Free: 31992K (62%)
ptolemy.util.test.WatchDog.cancel(): canceling Wed Sep 08 18:56:11 UTC 2021
auto.tcl: Setting watchdog for 200 seconds at Wed Sep 08 18:56:11 UTC 2021
8 ms. Memory: 51200K Free: 31561K (62%)
ptolemy.util.test.WatchDog.cancel(): canceling Wed Sep 08 18:56:11 UTC 2021
------------------ testing $PTII/ptolemy/domains/de/test/auto/CausalityInterface1.xml
auto.tcl: Setting watchdog for 200 seconds at Wed Sep 08 18:56:11 UTC 2021
22 ms. Memory: 51200K Free: 30965K (60%)
ptolemy.util.test.WatchDog.cancel(): canceling Wed Sep 08 18:56:11 UTC 2021
auto.tcl: Setting watchdog for 200 seconds at Wed Sep 08 18:56:11 UTC 2021
4 ms. Memory: 51200K Free: 29989K (59%)
ptolemy.util.test.WatchDog.cancel(): canceling Wed Sep 08 18:56:11 UTC 2021
------------------ testing $PTII/ptolemy/domains/de/test/auto/CausalityInterface15.xml
auto.tcl: Setting watchdog for 200 seconds at Wed Sep 08 18:56:11 UTC 2021
5 ms. Memory: 51200K Free: 31134K (61%)
ptolemy.util.test.WatchDog.cancel(): canceling Wed Sep 08 18:56:12 UTC 2021
auto.tcl: Setting watchdog for 200 seconds at Wed Sep 08 18:56:12 UTC 2021
3 ms. Memory: 51200K Free: 29952K (59%)
ptolemy.util.test.WatchDog.cancel(): canceling Wed Sep 08 18:56:12 UTC 2021
------------------ testing $PTII/ptolemy/domains/de/test/auto/CausalityInterface2.xml
auto.tcl: Setting watchdog for 200 seconds at Wed Sep 08 18:56:12 UTC 2021
5 ms. Memory: 51200K Free: 31611K (62%)
ptolemy.util.test.WatchDog.cancel(): canceling Wed Sep 08 18:56:12 UTC 2021
auto.tcl: Setting watchdog for 200 seconds at Wed Sep 08 18:56:12 UTC 2021
5 ms. Memory: 51200K Free: 30948K (60%)
ptolemy.util.test.WatchDog.cancel(): canceling Wed Sep 08 18:56:12 UTC 2021
------------------ testing $PTII/ptolemy/domains/de/test/auto/CausalityInterface3.xml
auto.tcl: Setting watchdog for 200 seconds at Wed Sep 08 18:56:12 UTC 2021
6 ms. Memory: 51200K Free: 31177K (61%)
ptolemy.util.test.WatchDog.cancel(): canceling Wed Sep 08 18:56:12 UTC 2021
auto.tcl: Setting watchdog for 200 seconds at Wed Sep 08 18:56:12 UTC 2021
3 ms. Memory: 51200K Free: 30691K (60%)
ptolemy.util.test.WatchDog.cancel(): canceling Wed Sep 08 18:56:12 UTC 2021
------------------ testing $PTII/ptolemy/domains/de/test/auto/ClockDrift.xml
auto.tcl: Setting watchdog for 200 seconds at Wed Sep 08 18:56:12 UTC 2021
92 ms. Memory: 51200K Free: 23433K (46%)
ptolemy.util.test.WatchDog.cancel(): canceling Wed Sep 08 18:56:12 UTC 2021
auto.tcl: Setting watchdog for 200 seconds at Wed Sep 08 18:56:12 UTC 2021
51 ms. Memory: 51200K Free: 20215K (39%)
ptolemy.util.test.WatchDog.cancel(): canceling Wed Sep 08 18:56:12 UTC 2021
------------------ testing $PTII/ptolemy/domains/de/test/auto/ClockDriftAndValueChange.xml
auto.tcl: Setting watchdog for 200 seconds at Wed Sep 08 18:56:12 UTC 2021
34 ms. Memory: 51200K Free: 24303K (47%)
ptolemy.util.test.WatchDog.cancel(): canceling Wed Sep 08 18:56:12 UTC 2021
auto.tcl: Setting watchdog for 200 seconds at Wed Sep 08 18:56:12 UTC 2021
24 ms. Memory: 51200K Free: 21135K (41%)
ptolemy.util.test.WatchDog.cancel(): canceling Wed Sep 08 18:56:12 UTC 2021
------------------ testing $PTII/ptolemy/domains/de/test/auto/ClockDriftChange.xml
auto.tcl: Setting watchdog for 200 seconds at Wed Sep 08 18:56:12 UTC 2021
17 ms. Memory: 51200K Free: 25617K (50%)
ptolemy.util.test.WatchDog.cancel(): canceling Wed Sep 08 18:56:12 UTC 2021
auto.tcl: Setting watchdog for 200 seconds at Wed Sep 08 18:56:12 UTC 2021
26 ms. Memory: 51200K Free: 23218K (45%)
ptolemy.util.test.WatchDog.cancel(): canceling Wed Sep 08 18:56:12 UTC 2021
------------------ testing $PTII/ptolemy/domains/de/test/auto/ComposableCausalityAnalysis.xml
auto.tcl: Setting watchdog for 200 seconds at Wed Sep 08 18:56:12 UTC 2021
2 ms. Memory: 51200K Free: 30407K (59%)
ptolemy.util.test.WatchDog.cancel(): canceling Wed Sep 08 18:56:12 UTC 2021
auto.tcl: Setting watchdog for 200 seconds at Wed Sep 08 18:56:12 UTC 2021
4 ms. Memory: 51200K Free: 29347K (57%)
ptolemy.util.test.WatchDog.cancel(): canceling Wed Sep 08 18:56:12 UTC 2021
------------------ testing $PTII/ptolemy/domains/de/test/auto/DEFixedPointLimitation.xml
auto.tcl: Setting watchdog for 200 seconds at Wed Sep 08 18:56:12 UTC 2021
2 ms. Memory: 51200K Free: 31566K (62%)
ptolemy.util.test.WatchDog.cancel(): canceling Wed Sep 08 18:56:12 UTC 2021
auto.tcl: Setting watchdog for 200 seconds at Wed Sep 08 18:56:12 UTC 2021
1 ms. Memory: 51200K Free: 30916K (60%)
ptolemy.util.test.WatchDog.cancel(): canceling Wed Sep 08 18:56:12 UTC 2021
------------------ testing $PTII/ptolemy/domains/de/test/auto/DEScheduleTest.xml
auto.tcl: Setting watchdog for 200 seconds at Wed Sep 08 18:56:12 UTC 2021
4 ms. Memory: 51200K Free: 32180K (63%)
ptolemy.util.test.WatchDog.cancel(): canceling Wed Sep 08 18:56:12 UTC 2021
auto.tcl: Setting watchdog for 200 seconds at Wed Sep 08 18:56:12 UTC 2021
3 ms. Memory: 51200K Free: 31424K (61%)
ptolemy.util.test.WatchDog.cancel(): canceling Wed Sep 08 18:56:12 UTC 2021
------------------ testing $PTII/ptolemy/domains/de/test/auto/DEinDEwithStartTimes.xml
auto.tcl: Setting watchdog for 200 seconds at Wed Sep 08 18:56:12 UTC 2021
4 ms. Memory: 51200K Free: 30350K (59%)
ptolemy.util.test.WatchDog.cancel(): canceling Wed Sep 08 18:56:12 UTC 2021
auto.tcl: Setting watchdog for 200 seconds at Wed Sep 08 18:56:12 UTC 2021
3 ms. Memory: 51200K Free: 29427K (57%)
ptolemy.util.test.WatchDog.cancel(): canceling Wed Sep 08 18:56:12 UTC 2021
------------------ testing $PTII/ptolemy/domains/de/test/auto/DEinDEwithStartTimes2.xml
auto.tcl: Setting watchdog for 200 seconds at Wed Sep 08 18:56:12 UTC 2021
4 ms. Memory: 51200K Free: 29490K (58%)
ptolemy.util.test.WatchDog.cancel(): canceling Wed Sep 08 18:56:12 UTC 2021
auto.tcl: Setting watchdog for 200 seconds at Wed Sep 08 18:56:12 UTC 2021
4 ms. Memory: 51200K Free: 28406K (55%)
ptolemy.util.test.WatchDog.cancel(): canceling Wed Sep 08 18:56:13 UTC 2021
------------------ testing $PTII/ptolemy/domains/de/test/auto/DateDemo.xml
auto.tcl: Setting watchdog for 200 seconds at Wed Sep 08 18:56:13 UTC 2021
19 ms. Memory: 51200K Free: 24297K (47%)
ptolemy.util.test.WatchDog.cancel(): canceling Wed Sep 08 18:56:13 UTC 2021
auto.tcl: Setting watchdog for 200 seconds at Wed Sep 08 18:56:13 UTC 2021
9 ms. Memory: 51200K Free: 22655K (44%)
ptolemy.util.test.WatchDog.cancel(): canceling Wed Sep 08 18:56:13 UTC 2021
------------------ testing $PTII/ptolemy/domains/de/test/auto/DateToEvent.xml
auto.tcl: Setting watchdog for 200 seconds at Wed Sep 08 18:56:13 UTC 2021
2018 ms. Memory: 51200K Free: 19013K (37%)
ptolemy.util.test.WatchDog.cancel(): canceling Wed Sep 08 18:56:15 UTC 2021
auto.tcl: Setting watchdog for 200 seconds at Wed Sep 08 18:56:15 UTC 2021
2006 ms. Memory: 51200K Free: 18362K (36%)
ptolemy.util.test.WatchDog.cancel(): canceling Wed Sep 08 18:56:17 UTC 2021
------------------ testing $PTII/ptolemy/domains/de/test/auto/DepthTest1.xml
auto.tcl: Setting watchdog for 200 seconds at Wed Sep 08 18:56:17 UTC 2021
4 ms. Memory: 51200K Free: 32993K (64%)
ptolemy.util.test.WatchDog.cancel(): canceling Wed Sep 08 18:56:17 UTC 2021
auto.tcl: Setting watchdog for 200 seconds at Wed Sep 08 18:56:17 UTC 2021
2 ms. Memory: 51200K Free: 32507K (63%)
ptolemy.util.test.WatchDog.cancel(): canceling Wed Sep 08 18:56:17 UTC 2021
------------------ testing $PTII/ptolemy/domains/de/test/auto/DepthTest2.xml
auto.tcl: Setting watchdog for 200 seconds at Wed Sep 08 18:56:17 UTC 2021
3 ms. Memory: 51200K Free: 29788K (58%)
ptolemy.util.test.WatchDog.cancel(): canceling Wed Sep 08 18:56:17 UTC 2021
auto.tcl: Setting watchdog for 200 seconds at Wed Sep 08 18:56:17 UTC 2021
2 ms. Memory: 51200K Free: 29320K (57%)
ptolemy.util.test.WatchDog.cancel(): canceling Wed Sep 08 18:56:17 UTC 2021
------------------ testing $PTII/ptolemy/domains/de/test/auto/DepthTest3.xml
auto.tcl: Setting watchdog for 200 seconds at Wed Sep 08 18:56:17 UTC 2021
2 ms. Memory: 51200K Free: 33329K (65%)
ptolemy.util.test.WatchDog.cancel(): canceling Wed Sep 08 18:56:17 UTC 2021
auto.tcl: Setting watchdog for 200 seconds at Wed Sep 08 18:56:17 UTC 2021
1 ms. Memory: 51200K Free: 32844K (64%)
ptolemy.util.test.WatchDog.cancel(): canceling Wed Sep 08 18:56:17 UTC 2021
------------------ testing $PTII/ptolemy/domains/de/test/auto/DepthTest4.xml
auto.tcl: Setting watchdog for 200 seconds at Wed Sep 08 18:56:17 UTC 2021
5 ms. Memory: 51200K Free: 31565K (62%)
ptolemy.util.test.WatchDog.cancel(): canceling Wed Sep 08 18:56:17 UTC 2021
auto.tcl: Setting watchdog for 200 seconds at Wed Sep 08 18:56:17 UTC 2021
3 ms. Memory: 51200K Free: 30881K (60%)
ptolemy.util.test.WatchDog.cancel(): canceling Wed Sep 08 18:56:17 UTC 2021
------------------ testing $PTII/ptolemy/domains/de/test/auto/DepthTest5.xml
auto.tcl: Setting watchdog for 200 seconds at Wed Sep 08 18:56:17 UTC 2021
4 ms. Memory: 51200K Free: 31002K (61%)
ptolemy.util.test.WatchDog.cancel(): canceling Wed Sep 08 18:56:17 UTC 2021
auto.tcl: Setting watchdog for 200 seconds at Wed Sep 08 18:56:17 UTC 2021
2 ms. Memory: 51200K Free: 30284K (59%)
ptolemy.util.test.WatchDog.cancel(): canceling Wed Sep 08 18:56:17 UTC 2021
------------------ testing $PTII/ptolemy/domains/de/test/auto/DepthTest6.xml
auto.tcl: Setting watchdog for 200 seconds at Wed Sep 08 18:56:17 UTC 2021
5 ms. Memory: 51200K Free: 30463K (59%)
ptolemy.util.test.WatchDog.cancel(): canceling Wed Sep 08 18:56:17 UTC 2021
auto.tcl: Setting watchdog for 200 seconds at Wed Sep 08 18:56:17 UTC 2021
1 ms. Memory: 51200K Free: 29777K (58%)
ptolemy.util.test.WatchDog.cancel(): canceling Wed Sep 08 18:56:17 UTC 2021
------------------ testing $PTII/ptolemy/domains/de/test/auto/DepthTest7.xml
auto.tcl: Setting watchdog for 200 seconds at Wed Sep 08 18:56:17 UTC 2021
2 ms. Memory: 51200K Free: 30769K (60%)
ptolemy.util.test.WatchDog.cancel(): canceling Wed Sep 08 18:56:17 UTC 2021
auto.tcl: Setting watchdog for 200 seconds at Wed Sep 08 18:56:17 UTC 2021
2 ms. Memory: 51200K Free: 30316K (59%)
ptolemy.util.test.WatchDog.cancel(): canceling Wed Sep 08 18:56:17 UTC 2021
------------------ testing $PTII/ptolemy/domains/de/test/auto/EventToDate.xml
auto.tcl: Setting watchdog for 200 seconds at Wed Sep 08 18:56:17 UTC 2021
3006 ms. Memory: 51200K Free: 22087K (43%)
ptolemy.util.test.WatchDog.cancel(): canceling Wed Sep 08 18:56:20 UTC 2021
auto.tcl: Setting watchdog for 200 seconds at Wed Sep 08 18:56:20 UTC 2021
3004 ms. Memory: 51200K Free: 21610K (42%)
ptolemy.util.test.WatchDog.cancel(): canceling Wed Sep 08 18:56:23 UTC 2021
------------------ testing $PTII/ptolemy/domains/de/test/auto/FSM1.xml
auto.tcl: Setting watchdog for 200 seconds at Wed Sep 08 18:56:23 UTC 2021
32 ms. Memory: 51200K Free: 23560K (46%)
ptolemy.util.test.WatchDog.cancel(): canceling Wed Sep 08 18:56:23 UTC 2021
auto.tcl: Setting watchdog for 200 seconds at Wed Sep 08 18:56:23 UTC 2021
25 ms. Memory: 51200K Free: 20294K (40%)
ptolemy.util.test.WatchDog.cancel(): canceling Wed Sep 08 18:56:23 UTC 2021
------------------ testing $PTII/ptolemy/domains/de/test/auto/FSM7.xml
auto.tcl: Setting watchdog for 200 seconds at Wed Sep 08 18:56:23 UTC 2021
30 ms. Memory: 51200K Free: 23463K (46%)
ptolemy.util.test.WatchDog.cancel(): canceling Wed Sep 08 18:56:24 UTC 2021
auto.tcl: Setting watchdog for 200 seconds at Wed Sep 08 18:56:24 UTC 2021
22 ms. Memory: 51200K Free: 20008K (39%)
ptolemy.util.test.WatchDog.cancel(): canceling Wed Sep 08 18:56:24 UTC 2021
------------------ testing $PTII/ptolemy/domains/de/test/auto/Inspection.xml
auto.tcl: Setting watchdog for 200 seconds at Wed Sep 08 18:56:24 UTC 2021
22 ms. Memory: 51200K Free: 23737K (46%)
ptolemy.util.test.WatchDog.cancel(): canceling Wed Sep 08 18:56:24 UTC 2021
auto.tcl: Setting watchdog for 200 seconds at Wed Sep 08 18:56:24 UTC 2021
20 ms. Memory: 51200K Free: 21518K (42%)
ptolemy.util.test.WatchDog.cancel(): canceling Wed Sep 08 18:56:24 UTC 2021
------------------ testing $PTII/ptolemy/domains/de/test/auto/Iteration.xml
auto.tcl: Setting watchdog for 200 seconds at Wed Sep 08 18:56:24 UTC 2021
7 ms. Memory: 51200K Free: 28772K (56%)
ptolemy.util.test.WatchDog.cancel(): canceling Wed Sep 08 18:56:24 UTC 2021
auto.tcl: Setting watchdog for 200 seconds at Wed Sep 08 18:56:24 UTC 2021
7 ms. Memory: 51200K Free: 27576K (54%)
ptolemy.util.test.WatchDog.cancel(): canceling Wed Sep 08 18:56:24 UTC 2021
------------------ testing $PTII/ptolemy/domains/de/test/auto/LineFault.xml
auto.tcl: Setting watchdog for 200 seconds at Wed Sep 08 18:56:24 UTC 2021
674 ms. Memory: 51200K Free: 18732K (37%)
ptolemy.util.test.WatchDog.cancel(): canceling Wed Sep 08 18:56:25 UTC 2021
auto.tcl: Setting watchdog for 200 seconds at Wed Sep 08 18:56:25 UTC 2021
510 ms. Memory: 61440K Free: 21727K (35%)
ptolemy.util.test.WatchDog.cancel(): canceling Wed Sep 08 18:56:25 UTC 2021
------------------ testing $PTII/ptolemy/domains/de/test/auto/MergeModel1Add.xml
auto.tcl: Setting watchdog for 200 seconds at Wed Sep 08 18:56:25 UTC 2021
15 ms. Memory: 61440K Free: 24704K (40%)
ptolemy.util.test.WatchDog.cancel(): canceling Wed Sep 08 18:56:25 UTC 2021
auto.tcl: Setting watchdog for 200 seconds at Wed Sep 08 18:56:25 UTC 2021
8 ms. Memory: 61440K Free: 23039K (37%)
ptolemy.util.test.WatchDog.cancel(): canceling Wed Sep 08 18:56:25 UTC 2021
------------------ testing $PTII/ptolemy/domains/de/test/auto/MergeModel2Add.xml
auto.tcl: Setting watchdog for 200 seconds at Wed Sep 08 18:56:25 UTC 2021
7 ms. Memory: 55296K Free: 21932K (40%)
ptolemy.util.test.WatchDog.cancel(): canceling Wed Sep 08 18:56:26 UTC 2021
auto.tcl: Setting watchdog for 200 seconds at Wed Sep 08 18:56:26 UTC 2021
7 ms. Memory: 55296K Free: 20239K (37%)
ptolemy.util.test.WatchDog.cancel(): canceling Wed Sep 08 18:56:26 UTC 2021
------------------ testing $PTII/ptolemy/domains/de/test/auto/MergeModel3Add.xml
auto.tcl: Setting watchdog for 200 seconds at Wed Sep 08 18:56:26 UTC 2021
8 ms. Memory: 55296K Free: 21449K (39%)
ptolemy.util.test.WatchDog.cancel(): canceling Wed Sep 08 18:56:26 UTC 2021
auto.tcl: Setting watchdog for 200 seconds at Wed Sep 08 18:56:26 UTC 2021
9 ms. Memory: 55296K Free: 19787K (36%)
ptolemy.util.test.WatchDog.cancel(): canceling Wed Sep 08 18:56:26 UTC 2021
------------------ testing $PTII/ptolemy/domains/de/test/auto/MergeWithoutDiscard.xml
auto.tcl: Setting watchdog for 200 seconds at Wed Sep 08 18:56:26 UTC 2021
1 ms. Memory: 55296K Free: 35487K (64%)
ptolemy.util.test.WatchDog.cancel(): canceling Wed Sep 08 18:56:26 UTC 2021
auto.tcl: Setting watchdog for 200 seconds at Wed Sep 08 18:56:26 UTC 2021
1 ms. Memory: 55296K Free: 35028K (63%)
ptolemy.util.test.WatchDog.cancel(): canceling Wed Sep 08 18:56:26 UTC 2021
------------------ testing $PTII/ptolemy/domains/de/test/auto/Modal1.xml
auto.tcl: Setting watchdog for 200 seconds at Wed Sep 08 18:56:26 UTC 2021
15 ms. Memory: 55296K Free: 27626K (50%)
ptolemy.util.test.WatchDog.cancel(): canceling Wed Sep 08 18:56:26 UTC 2021
auto.tcl: Setting watchdog for 200 seconds at Wed Sep 08 18:56:26 UTC 2021
19 ms. Memory: 55296K Free: 24156K (44%)
ptolemy.util.test.WatchDog.cancel(): canceling Wed Sep 08 18:56:26 UTC 2021
------------------ testing $PTII/ptolemy/domains/de/test/auto/Modal2.xml
auto.tcl: Setting watchdog for 200 seconds at Wed Sep 08 18:56:26 UTC 2021
14 ms. Memory: 55296K Free: 27765K (50%)
ptolemy.util.test.WatchDog.cancel(): canceling Wed Sep 08 18:56:26 UTC 2021
auto.tcl: Setting watchdog for 200 seconds at Wed Sep 08 18:56:26 UTC 2021
17 ms. Memory: 55296K Free: 24502K (44%)
ptolemy.util.test.WatchDog.cancel(): canceling Wed Sep 08 18:56:26 UTC 2021
------------------ testing $PTII/ptolemy/domains/de/test/auto/Modal3.xml
auto.tcl: Setting watchdog for 200 seconds at Wed Sep 08 18:56:26 UTC 2021
9 ms. Memory: 55296K Free: 27457K (50%)
ptolemy.util.test.WatchDog.cancel(): canceling Wed Sep 08 18:56:26 UTC 2021
auto.tcl: Setting watchdog for 200 seconds at Wed Sep 08 18:56:26 UTC 2021
10 ms. Memory: 55296K Free: 24546K (44%)
ptolemy.util.test.WatchDog.cancel(): canceling Wed Sep 08 18:56:26 UTC 2021
------------------ testing $PTII/ptolemy/domains/de/test/auto/Modal4.xml
auto.tcl: Setting watchdog for 200 seconds at Wed Sep 08 18:56:26 UTC 2021
12 ms. Memory: 55296K Free: 26504K (48%)
ptolemy.util.test.WatchDog.cancel(): canceling Wed Sep 08 18:56:26 UTC 2021
auto.tcl: Setting watchdog for 200 seconds at Wed Sep 08 18:56:26 UTC 2021
12 ms. Memory: 55296K Free: 22922K (41%)
ptolemy.util.test.WatchDog.cancel(): canceling Wed Sep 08 18:56:26 UTC 2021
------------------ testing $PTII/ptolemy/domains/de/test/auto/Modal5.xml
auto.tcl: Setting watchdog for 200 seconds at Wed Sep 08 18:56:26 UTC 2021
12 ms. Memory: 55296K Free: 26707K (48%)
ptolemy.util.test.WatchDog.cancel(): canceling Wed Sep 08 18:56:26 UTC 2021
auto.tcl: Setting watchdog for 200 seconds at Wed Sep 08 18:56:26 UTC 2021
13 ms. Memory: 55296K Free: 22909K (41%)
ptolemy.util.test.WatchDog.cancel(): canceling Wed Sep 08 18:56:26 UTC 2021
------------------ testing $PTII/ptolemy/domains/de/test/auto/Modal6.xml
auto.tcl: Setting watchdog for 200 seconds at Wed Sep 08 18:56:26 UTC 2021
11 ms. Memory: 55296K Free: 27513K (50%)
ptolemy.util.test.WatchDog.cancel(): canceling Wed Sep 08 18:56:26 UTC 2021
auto.tcl: Setting watchdog for 200 seconds at Wed Sep 08 18:56:26 UTC 2021
12 ms. Memory: 55296K Free: 23490K (42%)
ptolemy.util.test.WatchDog.cancel(): canceling Wed Sep 08 18:56:26 UTC 2021
------------------ testing $PTII/ptolemy/domains/de/test/auto/Modal7.xml
auto.tcl: Setting watchdog for 200 seconds at Wed Sep 08 18:56:26 UTC 2021
13 ms. Memory: 55296K Free: 26477K (48%)
ptolemy.util.test.WatchDog.cancel(): canceling Wed Sep 08 18:56:26 UTC 2021
auto.tcl: Setting watchdog for 200 seconds at Wed Sep 08 18:56:26 UTC 2021
9 ms. Memory: 55296K Free: 23095K (42%)
ptolemy.util.test.WatchDog.cancel(): canceling Wed Sep 08 18:56:26 UTC 2021
------------------ testing $PTII/ptolemy/domains/de/test/auto/ModalModel.xml
auto.tcl: Setting watchdog for 200 seconds at Wed Sep 08 18:56:26 UTC 2021
166 ms. Memory: 51200K Free: 16558K (32%)
ptolemy.util.test.WatchDog.cancel(): canceling Wed Sep 08 18:56:27 UTC 2021
auto.tcl: Setting watchdog for 200 seconds at Wed Sep 08 18:56:27 UTC 2021
172 ms. Memory: 63488K Free: 22544K (36%)
ptolemy.util.test.WatchDog.cancel(): canceling Wed Sep 08 18:56:27 UTC 2021
------------------ testing $PTII/ptolemy/domains/de/test/auto/ModalSource.xml
auto.tcl: Setting watchdog for 200 seconds at Wed Sep 08 18:56:27 UTC 2021
10 ms. Memory: 55296K Free: 31583K (57%)
ptolemy.util.test.WatchDog.cancel(): canceling Wed Sep 08 18:56:27 UTC 2021
auto.tcl: Setting watchdog for 200 seconds at Wed Sep 08 18:56:27 UTC 2021
6 ms. Memory: 55296K Free: 29535K (53%)
ptolemy.util.test.WatchDog.cancel(): canceling Wed Sep 08 18:56:27 UTC 2021
------------------ testing $PTII/ptolemy/domains/de/test/auto/NonInterruptibleTimerZeroDelay.xml
auto.tcl: Setting watchdog for 200 seconds at Wed Sep 08 18:56:27 UTC 2021
4 ms. Memory: 51200K Free: 32431K (63%)
ptolemy.util.test.WatchDog.cancel(): canceling Wed Sep 08 18:56:27 UTC 2021
auto.tcl: Setting watchdog for 200 seconds at Wed Sep 08 18:56:27 UTC 2021
3 ms. Memory: 51200K Free: 31762K (62%)
ptolemy.util.test.WatchDog.cancel(): canceling Wed Sep 08 18:56:27 UTC 2021
------------------ testing $PTII/ptolemy/domains/de/test/auto/OpenQueueingNetwork.xml
auto.tcl: Setting watchdog for 200 seconds at Wed Sep 08 18:56:27 UTC 2021
3040 ms. Memory: 91136K Free: 51030K (56%)
ptolemy.util.test.WatchDog.cancel(): canceling Wed Sep 08 18:56:30 UTC 2021
auto.tcl: Setting watchdog for 200 seconds at Wed Sep 08 18:56:30 UTC 2021
2246 ms. Memory: 109568K Free: 83211K (76%)
ptolemy.util.test.WatchDog.cancel(): canceling Wed Sep 08 18:56:32 UTC 2021
------------------ testing $PTII/ptolemy/domains/de/test/auto/OpenQueuingNetwork.xml
auto.tcl: Setting watchdog for 200 seconds at Wed Sep 08 18:56:32 UTC 2021
331 ms. Memory: 58368K Free: 29610K (51%)
ptolemy.util.test.WatchDog.cancel(): canceling Wed Sep 08 18:56:33 UTC 2021
auto.tcl: Setting watchdog for 200 seconds at Wed Sep 08 18:56:33 UTC 2021
220 ms. Memory: 58368K Free: 10501K (18%)
ptolemy.util.test.WatchDog.cancel(): canceling Wed Sep 08 18:56:33 UTC 2021
------------------ testing $PTII/ptolemy/domains/de/test/auto/PeriodicSampler.xml
auto.tcl: Setting watchdog for 200 seconds at Wed Sep 08 18:56:33 UTC 2021
2 ms. Memory: 58368K Free: 39265K (67%)
ptolemy.util.test.WatchDog.cancel(): canceling Wed Sep 08 18:56:33 UTC 2021
auto.tcl: Setting watchdog for 200 seconds at Wed Sep 08 18:56:33 UTC 2021
2 ms. Memory: 58368K Free: 38265K (66%)
ptolemy.util.test.WatchDog.cancel(): canceling Wed Sep 08 18:56:33 UTC 2021
------------------ testing $PTII/ptolemy/domains/de/test/auto/PersistentIO.xml
auto.tcl: Setting watchdog for 200 seconds at Wed Sep 08 18:56:33 UTC 2021
5 ms. Memory: 55296K Free: 30637K (55%)
ptolemy.util.test.WatchDog.cancel(): canceling Wed Sep 08 18:56:33 UTC 2021
auto.tcl: Setting watchdog for 200 seconds at Wed Sep 08 18:56:33 UTC 2021
3 ms. Memory: 55296K Free: 29613K (54%)
ptolemy.util.test.WatchDog.cancel(): canceling Wed Sep 08 18:56:33 UTC 2021
------------------ testing $PTII/ptolemy/domains/de/test/auto/PortParameterResetOnInitialize.xml
auto.tcl: Setting watchdog for 200 seconds at Wed Sep 08 18:56:33 UTC 2021
2 ms. Memory: 55296K Free: 35605K (64%)
ptolemy.util.test.WatchDog.cancel(): canceling Wed Sep 08 18:56:33 UTC 2021
auto.tcl: Setting watchdog for 200 seconds at Wed Sep 08 18:56:33 UTC 2021
1 ms. Memory: 55296K Free: 35125K (64%)
ptolemy.util.test.WatchDog.cancel(): canceling Wed Sep 08 18:56:33 UTC 2021
------------------ testing $PTII/ptolemy/domains/de/test/auto/PortParameterUpdates.xml
auto.tcl: Setting watchdog for 200 seconds at Wed Sep 08 18:56:33 UTC 2021
4 ms. Memory: 55296K Free: 33706K (61%)
ptolemy.util.test.WatchDog.cancel(): canceling Wed Sep 08 18:56:33 UTC 2021
auto.tcl: Setting watchdog for 200 seconds at Wed Sep 08 18:56:33 UTC 2021
3 ms. Memory: 55296K Free: 32666K (59%)
ptolemy.util.test.WatchDog.cancel(): canceling Wed Sep 08 18:56:33 UTC 2021
------------------ testing $PTII/ptolemy/domains/de/test/auto/QueueAndServer.xml
auto.tcl: Setting watchdog for 200 seconds at Wed Sep 08 18:56:33 UTC 2021
14 ms. Memory: 55296K Free: 32661K (59%)
ptolemy.util.test.WatchDog.cancel(): canceling Wed Sep 08 18:56:33 UTC 2021
auto.tcl: Setting watchdog for 200 seconds at Wed Sep 08 18:56:33 UTC 2021
5 ms. Memory: 55296K Free: 31127K (56%)
ptolemy.util.test.WatchDog.cancel(): canceling Wed Sep 08 18:56:33 UTC 2021
------------------ testing $PTII/ptolemy/domains/de/test/auto/Records.xml
auto.tcl: Setting watchdog for 200 seconds at Wed Sep 08 18:56:33 UTC 2021
3 ms. Memory: 55296K Free: 34653K (63%)
ptolemy.util.test.WatchDog.cancel(): canceling Wed Sep 08 18:56:33 UTC 2021
auto.tcl: Setting watchdog for 200 seconds at Wed Sep 08 18:56:33 UTC 2021
1 ms. Memory: 55296K Free: 34143K (62%)
ptolemy.util.test.WatchDog.cancel(): canceling Wed Sep 08 18:56:33 UTC 2021
------------------ testing $PTII/ptolemy/domains/de/test/auto/ResetTransitionWithStartTime1.xml
auto.tcl: Setting watchdog for 200 seconds at Wed Sep 08 18:56:33 UTC 2021
9 ms. Memory: 55296K Free: 32168K (58%)
ptolemy.util.test.WatchDog.cancel(): canceling Wed Sep 08 18:56:33 UTC 2021
auto.tcl: Setting watchdog for 200 seconds at Wed Sep 08 18:56:33 UTC 2021
6 ms. Memory: 55296K Free: 30074K (54%)
ptolemy.util.test.WatchDog.cancel(): canceling Wed Sep 08 18:56:33 UTC 2021
------------------ testing $PTII/ptolemy/domains/de/test/auto/ResetTransitionWithStartTime2.xml
auto.tcl: Setting watchdog for 200 seconds at Wed Sep 08 18:56:34 UTC 2021
6 ms. Memory: 55296K Free: 32078K (58%)
ptolemy.util.test.WatchDog.cancel(): canceling Wed Sep 08 18:56:34 UTC 2021
auto.tcl: Setting watchdog for 200 seconds at Wed Sep 08 18:56:34 UTC 2021
6 ms. Memory: 55296K Free: 30030K (54%)
ptolemy.util.test.WatchDog.cancel(): canceling Wed Sep 08 18:56:34 UTC 2021
------------------ testing $PTII/ptolemy/domains/de/test/auto/ResetTransitionWithStartTime3.xml
auto.tcl: Setting watchdog for 200 seconds at Wed Sep 08 18:56:34 UTC 2021
7 ms. Memory: 55296K Free: 32076K (58%)
ptolemy.util.test.WatchDog.cancel(): canceling Wed Sep 08 18:56:34 UTC 2021
auto.tcl: Setting watchdog for 200 seconds at Wed Sep 08 18:56:34 UTC 2021
5 ms. Memory: 55296K Free: 30028K (54%)
ptolemy.util.test.WatchDog.cancel(): canceling Wed Sep 08 18:56:34 UTC 2021
------------------ testing $PTII/ptolemy/domains/de/test/auto/ResetTransitionWithStartTime4.xml
auto.tcl: Setting watchdog for 200 seconds at Wed Sep 08 18:56:34 UTC 2021
10 ms. Memory: 55296K Free: 32483K (59%)
ptolemy.util.test.WatchDog.cancel(): canceling Wed Sep 08 18:56:34 UTC 2021
auto.tcl: Setting watchdog for 200 seconds at Wed Sep 08 18:56:34 UTC 2021
4 ms. Memory: 55296K Free: 31051K (56%)
ptolemy.util.test.WatchDog.cancel(): canceling Wed Sep 08 18:56:34 UTC 2021
------------------ testing $PTII/ptolemy/domains/de/test/auto/ResettableTimer1.xml
auto.tcl: Setting watchdog for 200 seconds at Wed Sep 08 18:56:34 UTC 2021
3 ms. Memory: 55296K Free: 36179K (65%)
ptolemy.util.test.WatchDog.cancel(): canceling Wed Sep 08 18:56:34 UTC 2021
auto.tcl: Setting watchdog for 200 seconds at Wed Sep 08 18:56:34 UTC 2021
1 ms. Memory: 55296K Free: 35127K (64%)
ptolemy.util.test.WatchDog.cancel(): canceling Wed Sep 08 18:56:34 UTC 2021
------------------ testing $PTII/ptolemy/domains/de/test/auto/ResettableTimer2.xml
auto.tcl: Setting watchdog for 200 seconds at Wed Sep 08 18:56:34 UTC 2021
5 ms. Memory: 51200K Free: 32213K (63%)
ptolemy.util.test.WatchDog.cancel(): canceling Wed Sep 08 18:56:34 UTC 2021
auto.tcl: Setting watchdog for 200 seconds at Wed Sep 08 18:56:34 UTC 2021
2 ms. Memory: 51200K Free: 31586K (62%)
ptolemy.util.test.WatchDog.cancel(): canceling Wed Sep 08 18:56:34 UTC 2021
------------------ testing $PTII/ptolemy/domains/de/test/auto/ResettableTimer3.xml
auto.tcl: Setting watchdog for 200 seconds at Wed Sep 08 18:56:34 UTC 2021
1 ms. Memory: 51200K Free: 32113K (63%)
ptolemy.util.test.WatchDog.cancel(): canceling Wed Sep 08 18:56:34 UTC 2021
auto.tcl: Setting watchdog for 200 seconds at Wed Sep 08 18:56:34 UTC 2021
1 ms. Memory: 51200K Free: 32113K (63%)
ptolemy.util.test.WatchDog.cancel(): canceling Wed Sep 08 18:56:34 UTC 2021
------------------ testing $PTII/ptolemy/domains/de/test/auto/ResettableTimer4.xml
auto.tcl: Setting watchdog for 200 seconds at Wed Sep 08 18:56:34 UTC 2021
1 ms. Memory: 51200K Free: 32637K (64%)
ptolemy.util.test.WatchDog.cancel(): canceling Wed Sep 08 18:56:34 UTC 2021
auto.tcl: Setting watchdog for 200 seconds at Wed Sep 08 18:56:34 UTC 2021
1 ms. Memory: 51200K Free: 32136K (63%)
ptolemy.util.test.WatchDog.cancel(): canceling Wed Sep 08 18:56:34 UTC 2021
------------------ testing $PTII/ptolemy/domains/de/test/auto/ResettableTimer5.xml
auto.tcl: Setting watchdog for 200 seconds at Wed Sep 08 18:56:34 UTC 2021
2 ms. Memory: 51200K Free: 31611K (62%)
ptolemy.util.test.WatchDog.cancel(): canceling Wed Sep 08 18:56:34 UTC 2021
auto.tcl: Setting watchdog for 200 seconds at Wed Sep 08 18:56:34 UTC 2021
1 ms. Memory: 51200K Free: 31611K (62%)
ptolemy.util.test.WatchDog.cancel(): canceling Wed Sep 08 18:56:34 UTC 2021
------------------ testing $PTII/ptolemy/domains/de/test/auto/ResettableTimer6.xml
auto.tcl: Setting watchdog for 200 seconds at Wed Sep 08 18:56:34 UTC 2021
1 ms. Memory: 51200K Free: 31602K (62%)
ptolemy.util.test.WatchDog.cancel(): canceling Wed Sep 08 18:56:34 UTC 2021
auto.tcl: Setting watchdog for 200 seconds at Wed Sep 08 18:56:34 UTC 2021
1 ms. Memory: 51200K Free: 31092K (61%)
ptolemy.util.test.WatchDog.cancel(): canceling Wed Sep 08 18:56:34 UTC 2021
------------------ testing $PTII/ptolemy/domains/de/test/auto/ServerZeroDelay.xml
auto.tcl: Setting watchdog for 200 seconds at Wed Sep 08 18:56:34 UTC 2021
3 ms. Memory: 51200K Free: 32107K (63%)
ptolemy.util.test.WatchDog.cancel(): canceling Wed Sep 08 18:56:34 UTC 2021
auto.tcl: Setting watchdog for 200 seconds at Wed Sep 08 18:56:34 UTC 2021
3 ms. Memory: 51200K Free: 31083K (61%)
ptolemy.util.test.WatchDog.cancel(): canceling Wed Sep 08 18:56:34 UTC 2021
------------------ testing $PTII/ptolemy/domains/de/test/auto/SmartSender.xml
auto.tcl: Setting watchdog for 200 seconds at Wed Sep 08 18:56:34 UTC 2021
3002 ms. Memory: 51200K Free: 32605K (64%)
ptolemy.util.test.WatchDog.cancel(): canceling Wed Sep 08 18:56:37 UTC 2021
auto.tcl: Setting watchdog for 200 seconds at Wed Sep 08 18:56:37 UTC 2021
3001 ms. Memory: 51200K Free: 31598K (62%)
ptolemy.util.test.WatchDog.cancel(): canceling Wed Sep 08 18:56:40 UTC 2021
------------------ testing $PTII/ptolemy/domains/de/test/auto/ThreadedComposite.xml
auto.tcl: Setting watchdog for 200 seconds at Wed Sep 08 18:56:40 UTC 2021
171 ms. Memory: 51200K Free: 13683K (27%)
ptolemy.util.test.WatchDog.cancel(): canceling Wed Sep 08 18:56:40 UTC 2021
auto.tcl: Setting watchdog for 200 seconds at Wed Sep 08 18:56:40 UTC 2021
245 ms. Memory: 61440K Free: 36550K (59%)
ptolemy.util.test.WatchDog.cancel(): canceling Wed Sep 08 18:56:41 UTC 2021
------------------ testing $PTII/ptolemy/domains/de/test/auto/Time.xml
auto.tcl: Setting watchdog for 200 seconds at Wed Sep 08 18:56:41 UTC 2021
454 ms. Memory: 55296K Free: 13380K (24%)
ptolemy.util.test.WatchDog.cancel(): canceling Wed Sep 08 18:56:41 UTC 2021
auto.tcl: Setting watchdog for 200 seconds at Wed Sep 08 18:56:41 UTC 2021
398 ms. Memory: 55296K Free: 24127K (44%)
ptolemy.util.test.WatchDog.cancel(): canceling Wed Sep 08 18:56:41 UTC 2021
------------------ testing $PTII/ptolemy/domains/de/test/auto/TimeDelayZeroDelay.xml
auto.tcl: Setting watchdog for 200 seconds at Wed Sep 08 18:56:42 UTC 2021
2 ms. Memory: 55296K Free: 36127K (65%)
ptolemy.util.test.WatchDog.cancel(): canceling Wed Sep 08 18:56:42 UTC 2021
auto.tcl: Setting watchdog for 200 seconds at Wed Sep 08 18:56:42 UTC 2021
3 ms. Memory: 55296K Free: 35678K (65%)
ptolemy.util.test.WatchDog.cancel(): canceling Wed Sep 08 18:56:42 UTC 2021
------------------ testing $PTII/ptolemy/domains/de/test/auto/TimerZeroDelay.xml
auto.tcl: Setting watchdog for 200 seconds at Wed Sep 08 18:56:42 UTC 2021
2 ms. Memory: 55296K Free: 36547K (66%)
ptolemy.util.test.WatchDog.cancel(): canceling Wed Sep 08 18:56:42 UTC 2021
auto.tcl: Setting watchdog for 200 seconds at Wed Sep 08 18:56:42 UTC 2021
2 ms. Memory: 55296K Free: 35720K (65%)
ptolemy.util.test.WatchDog.cancel(): canceling Wed Sep 08 18:56:42 UTC 2021
------------------ testing $PTII/ptolemy/domains/de/test/auto/TimingParadox.xml
auto.tcl: Setting watchdog for 200 seconds at Wed Sep 08 18:56:42 UTC 2021
343 ms. Memory: 55296K Free: 30112K (54%)
ptolemy.util.test.WatchDog.cancel(): canceling Wed Sep 08 18:56:42 UTC 2021
auto.tcl: Setting watchdog for 200 seconds at Wed Sep 08 18:56:42 UTC 2021
307 ms. Memory: 55296K Free: 24453K (44%)
ptolemy.util.test.WatchDog.cancel(): canceling Wed Sep 08 18:56:42 UTC 2021
------------------ testing $PTII/ptolemy/domains/de/test/auto/TransferInputs.xml
auto.tcl: Setting watchdog for 200 seconds at Wed Sep 08 18:56:42 UTC 2021
2 ms. Memory: 55296K Free: 34645K (63%)
ptolemy.util.test.WatchDog.cancel(): canceling Wed Sep 08 18:56:42 UTC 2021
auto.tcl: Setting watchdog for 200 seconds at Wed Sep 08 18:56:42 UTC 2021
2 ms. Memory: 55296K Free: 33705K (61%)
ptolemy.util.test.WatchDog.cancel(): canceling Wed Sep 08 18:56:42 UTC 2021
------------------ testing $PTII/ptolemy/domains/de/test/auto/TransferOutputs2.xml
auto.tcl: Setting watchdog for 200 seconds at Wed Sep 08 18:56:42 UTC 2021
9 ms. Memory: 55296K Free: 32080K (58%)
ptolemy.util.test.WatchDog.cancel(): canceling Wed Sep 08 18:56:42 UTC 2021
auto.tcl: Setting watchdog for 200 seconds at Wed Sep 08 18:56:42 UTC 2021
3 ms. Memory: 55296K Free: 30583K (55%)
ptolemy.util.test.WatchDog.cancel(): canceling Wed Sep 08 18:56:42 UTC 2021
------------------ testing $PTII/ptolemy/domains/de/test/auto/Trilateration.xml
auto.tcl: Setting watchdog for 200 seconds at Wed Sep 08 18:56:43 UTC 2021
11821 ms. Memory: 443392K Free: 248626K (56%)
ptolemy.util.test.WatchDog.cancel(): canceling Wed Sep 08 18:56:55 UTC 2021
auto.tcl: Setting watchdog for 200 seconds at Wed Sep 08 18:56:55 UTC 2021
8737 ms. Memory: 443392K Free: 243008K (55%)
ptolemy.util.test.WatchDog.cancel(): canceling Wed Sep 08 18:57:04 UTC 2021
------------------ testing $PTII/ptolemy/domains/de/test/auto/TwoSigmaDelta.xml
auto.tcl: Setting watchdog for 200 seconds at Wed Sep 08 18:57:04 UTC 2021
2293 ms. Memory: 92160K Free: 23536K (26%)
ptolemy.util.test.WatchDog.cancel(): canceling Wed Sep 08 18:57:07 UTC 2021
auto.tcl: Setting watchdog for 200 seconds at Wed Sep 08 18:57:07 UTC 2021
1778 ms. Memory: 92160K Free: 28684K (31%)
ptolemy.util.test.WatchDog.cancel(): canceling Wed Sep 08 18:57:08 UTC 2021
------------------ testing $PTII/ptolemy/domains/de/test/auto/VariableDelay.xml
auto.tcl: Setting watchdog for 200 seconds at Wed Sep 08 18:57:08 UTC 2021
3 ms. Memory: 55296K Free: 35658K (64%)
ptolemy.util.test.WatchDog.cancel(): canceling Wed Sep 08 18:57:08 UTC 2021
auto.tcl: Setting watchdog for 200 seconds at Wed Sep 08 18:57:08 UTC 2021
2 ms. Memory: 55296K Free: 34634K (63%)
ptolemy.util.test.WatchDog.cancel(): canceling Wed Sep 08 18:57:08 UTC 2021
------------------ testing $PTII/ptolemy/domains/de/test/auto/VariableDelay2.xml
auto.tcl: Setting watchdog for 200 seconds at Wed Sep 08 18:57:09 UTC 2021
1 ms. Memory: 55296K Free: 35715K (65%)
ptolemy.util.test.WatchDog.cancel(): canceling Wed Sep 08 18:57:09 UTC 2021
auto.tcl: Setting watchdog for 200 seconds at Wed Sep 08 18:57:09 UTC 2021
2 ms. Memory: 55296K Free: 35203K (64%)
ptolemy.util.test.WatchDog.cancel(): canceling Wed Sep 08 18:57:09 UTC 2021
------------------ testing $PTII/ptolemy/domains/de/test/auto/VariableDelayZeroDelay.xml
auto.tcl: Setting watchdog for 200 seconds at Wed Sep 08 18:57:09 UTC 2021
2 ms. Memory: 55296K Free: 36056K (65%)
ptolemy.util.test.WatchDog.cancel(): canceling Wed Sep 08 18:57:09 UTC 2021
auto.tcl: Setting watchdog for 200 seconds at Wed Sep 08 18:57:09 UTC 2021
2 ms. Memory: 55296K Free: 35542K (64%)
ptolemy.util.test.WatchDog.cancel(): canceling Wed Sep 08 18:57:09 UTC 2021
------------------ testing $PTII/ptolemy/domains/de/test/auto/VariableDelayZeroDelay2.xml
auto.tcl: Setting watchdog for 200 seconds at Wed Sep 08 18:57:09 UTC 2021
3 ms. Memory: 55296K Free: 36055K (65%)
ptolemy.util.test.WatchDog.cancel(): canceling Wed Sep 08 18:57:09 UTC 2021
auto.tcl: Setting watchdog for 200 seconds at Wed Sep 08 18:57:09 UTC 2021
2 ms. Memory: 55296K Free: 35031K (63%)
ptolemy.util.test.WatchDog.cancel(): canceling Wed Sep 08 18:57:09 UTC 2021
------------------ testing $PTII/ptolemy/domains/de/test/auto/deInCt.xml
auto.tcl: Setting watchdog for 200 seconds at Wed Sep 08 18:57:09 UTC 2021
0
1
1
1
1
0
0
0
0
0
1
1
1
1
0
0
0
1
1
1
0
0
0
0
1
1
1
0
0
0
1
1
1
1
13 ms. Memory: 55296K Free: 35028K (63%)
ptolemy.util.test.WatchDog.cancel(): canceling Wed Sep 08 18:57:09 UTC 2021
auto.tcl: Setting watchdog for 200 seconds at Wed Sep 08 18:57:09 UTC 2021
0
1
1
1
0
0
0
1
1
0
0
0
0
1
1
1
0
0
0
0
0
1
1
1
0
0
0
1
1
1
1
1
8 ms. Memory: 55296K Free: 33490K (61%)
ptolemy.util.test.WatchDog.cancel(): canceling Wed Sep 08 18:57:09 UTC 2021
------------------ testing $PTII/ptolemy/domains/de/test/auto/deInCt2.xml
auto.tcl: Setting watchdog for 200 seconds at Wed Sep 08 18:57:09 UTC 2021
0
1
1
1
0
0
1
1
1
0
0
1
1
1
0
0
1
1
1
0
0
1
1
1
0
0
1
1
1
0
0
1
1
1
0
0
1
1
1
0
0
0
9 ms. Memory: 55296K Free: 35029K (63%)
ptolemy.util.test.WatchDog.cancel(): canceling Wed Sep 08 18:57:09 UTC 2021
auto.tcl: Setting watchdog for 200 seconds at Wed Sep 08 18:57:09 UTC 2021
0
1
1
1
0
0
1
1
1
0
0
1
1
1
0
0
1
1
1
0
0
1
1
1
0
0
1
1
1
0
0
1
1
1
0
0
1
1
1
0
0
0
8 ms. Memory: 55296K Free: 33491K (61%)
ptolemy.util.test.WatchDog.cancel(): canceling Wed Sep 08 18:57:09 UTC 2021
------------------ testing $PTII/ptolemy/domains/de/test/auto/dynamicCausalityInterface1.xml
auto.tcl: Setting watchdog for 200 seconds at Wed Sep 08 18:57:09 UTC 2021
1 ms. Memory: 55296K Free: 30238K (55%)
ptolemy.util.test.WatchDog.cancel(): canceling Wed Sep 08 18:57:09 UTC 2021
auto.tcl: Setting watchdog for 200 seconds at Wed Sep 08 18:57:09 UTC 2021
1 ms. Memory: 55296K Free: 29903K (54%)
ptolemy.util.test.WatchDog.cancel(): canceling Wed Sep 08 18:57:09 UTC 2021
------------------ testing $PTII/ptolemy/domains/de/test/auto/fsm_de_test.xml
auto.tcl: Setting watchdog for 200 seconds at Wed Sep 08 18:57:09 UTC 2021
10 ms. Memory: 55296K Free: 30825K (56%)
ptolemy.util.test.WatchDog.cancel(): canceling Wed Sep 08 18:57:09 UTC 2021
auto.tcl: Setting watchdog for 200 seconds at Wed Sep 08 18:57:09 UTC 2021
8 ms. Memory: 55296K Free: 28777K (52%)
ptolemy.util.test.WatchDog.cancel(): canceling Wed Sep 08 18:57:09 UTC 2021
------------------ testing $PTII/ptolemy/domains/de/test/auto/functionDependencyReconstruction.xml
auto.tcl: Setting watchdog for 200 seconds at Wed Sep 08 18:57:09 UTC 2021
8 ms. Memory: 55296K Free: 24722K (45%)
ptolemy.util.test.WatchDog.cancel(): canceling Wed Sep 08 18:57:09 UTC 2021
auto.tcl: Setting watchdog for 200 seconds at Wed Sep 08 18:57:09 UTC 2021
2 ms. Memory: 55296K Free: 22622K (41%)
ptolemy.util.test.WatchDog.cancel(): canceling Wed Sep 08 18:57:09 UTC 2021
------------------ testing $PTII/ptolemy/domains/de/test/auto/multirate.xml
auto.tcl: Setting watchdog for 200 seconds at Wed Sep 08 18:57:09 UTC 2021
4 ms. Memory: 55296K Free: 33445K (60%)
ptolemy.util.test.WatchDog.cancel(): canceling Wed Sep 08 18:57:09 UTC 2021
auto.tcl: Setting watchdog for 200 seconds at Wed Sep 08 18:57:09 UTC 2021
3 ms. Memory: 55296K Free: 31720K (57%)
ptolemy.util.test.WatchDog.cancel(): canceling Wed Sep 08 18:57:09 UTC 2021
------------------ testing $PTII/ptolemy/domains/de/test/auto/multirate2.xml
auto.tcl: Setting watchdog for 200 seconds at Wed Sep 08 18:57:09 UTC 2021
3 ms. Memory: 55296K Free: 33609K (61%)
ptolemy.util.test.WatchDog.cancel(): canceling Wed Sep 08 18:57:09 UTC 2021
auto.tcl: Setting watchdog for 200 seconds at Wed Sep 08 18:57:09 UTC 2021
2 ms. Memory: 55296K Free: 31901K (58%)
ptolemy.util.test.WatchDog.cancel(): canceling Wed Sep 08 18:57:09 UTC 2021
------------------ testing $PTII/ptolemy/domains/de/test/auto/realtime.xml
auto.tcl: Setting watchdog for 200 seconds at Wed Sep 08 18:57:09 UTC 2021
10001 ms. Memory: 55296K Free: 35705K (65%)
ptolemy.util.test.WatchDog.cancel(): canceling Wed Sep 08 18:57:19 UTC 2021
auto.tcl: Setting watchdog for 200 seconds at Wed Sep 08 18:57:19 UTC 2021
10001 ms. Memory: 55296K Free: 35193K (64%)
ptolemy.util.test.WatchDog.cancel(): canceling Wed Sep 08 18:57:29 UTC 2021
------------------ testing $PTII/ptolemy/domains/de/test/auto/relationGroup.xml
auto.tcl: Setting watchdog for 200 seconds at Wed Sep 08 18:57:29 UTC 2021
2 ms. Memory: 55296K Free: 36764K (66%)
ptolemy.util.test.WatchDog.cancel(): canceling Wed Sep 08 18:57:29 UTC 2021
auto.tcl: Setting watchdog for 200 seconds at Wed Sep 08 18:57:29 UTC 2021
1 ms. Memory: 55296K Free: 36049K (65%)
ptolemy.util.test.WatchDog.cancel(): canceling Wed Sep 08 18:57:29 UTC 2021
------------------ testing $PTII/ptolemy/domains/de/test/auto/relationGroup2.xml
auto.tcl: Setting watchdog for 200 seconds at Wed Sep 08 18:57:29 UTC 2021
1 ms. Memory: 55296K Free: 36780K (67%)
ptolemy.util.test.WatchDog.cancel(): canceling Wed Sep 08 18:57:29 UTC 2021
auto.tcl: Setting watchdog for 200 seconds at Wed Sep 08 18:57:29 UTC 2021
2 ms. Memory: 55296K Free: 36268K (66%)
ptolemy.util.test.WatchDog.cancel(): canceling Wed Sep 08 18:57:29 UTC 2021
------------------ testing $PTII/ptolemy/domains/de/test/auto/sortWithOpaquePorts.xml
auto.tcl: Setting watchdog for 200 seconds at Wed Sep 08 18:57:29 UTC 2021
2 ms. Memory: 55296K Free: 35533K (64%)
ptolemy.util.test.WatchDog.cancel(): canceling Wed Sep 08 18:57:29 UTC 2021
auto.tcl: Setting watchdog for 200 seconds at Wed Sep 08 18:57:29 UTC 2021
2 ms. Memory: 55296K Free: 34533K (62%)
ptolemy.util.test.WatchDog.cancel(): canceling Wed Sep 08 18:57:29 UTC 2021
------------------ testing $PTII/ptolemy/domains/de/test/auto/transferInputsandOutputs.xml
auto.tcl: Setting watchdog for 200 seconds at Wed Sep 08 18:57:29 UTC 2021
2 ms. Memory: 55296K Free: 32992K (60%)
ptolemy.util.test.WatchDog.cancel(): canceling Wed Sep 08 18:57:29 UTC 2021
auto.tcl: Setting watchdog for 200 seconds at Wed Sep 08 18:57:29 UTC 2021
2 ms. Memory: 55296K Free: 31968K (58%)
ptolemy.util.test.WatchDog.cancel(): canceling Wed Sep 08 18:57:29 UTC 2021
------------------ testing $PTII/ptolemy/domains/de/test/auto/triggerType.xml
auto.tcl: Setting watchdog for 200 seconds at Wed Sep 08 18:57:29 UTC 2021
5 ms. Memory: 55296K Free: 36016K (65%)
ptolemy.util.test.WatchDog.cancel(): canceling Wed Sep 08 18:57:29 UTC 2021
auto.tcl: Setting watchdog for 200 seconds at Wed Sep 08 18:57:29 UTC 2021
2 ms. Memory: 55296K Free: 34992K (63%)
ptolemy.util.test.WatchDog.cancel(): canceling Wed Sep 08 18:57:29 UTC 2021
09/08/21 06:57:30
Failed: 0  Total Tests: 192  ((Passed: 187, Newly Passed: 1)  Known Failed: 5) /home/travis/build/icyphy/ptII/ptolemy/domains/de/test
09/08/21 06:57:30
Failed: 0  Total Tests: 192  ((Passed: 187, Newly Passed: 1)  Known Failed: 5) /home/travis/build/icyphy/ptII/ptolemy/domains/de/test
----------------- testing (KnownFailure) /home/travis/build/icyphy/ptII/ptolemy/domains/de/test/auto/knownFailedTests/DESDFClockTest.xml
2021 ms. Memory: 55296K Free: 29411K (53%)
Known Failure: java.lang.reflect.InvocationTargetException
----------------- testing (KnownFailure) /home/travis/build/icyphy/ptII/ptolemy/domains/de/test/auto/knownFailedTests/DirectFeedback.xml
1 ms. Memory: 55296K Free: 25829K (47%)
Known Failure: java.lang.reflect.InvocationTargetException
----------------- testing (KnownFailure) /home/travis/build/icyphy/ptII/ptolemy/domains/de/test/auto/knownFailedTests/FSMSource.xml
7 ms. Memory: 55296K Free: 18661K (34%)
----------------- testing (KnownFailure) /home/travis/build/icyphy/ptII/ptolemy/domains/de/test/auto/knownFailedTests/HierarchicalModel.xml
3 ms. Memory: 55296K Free: 33848K (61%)
Known Failure: java.lang.reflect.InvocationTargetException
----------------- testing (KnownFailure) /home/travis/build/icyphy/ptII/ptolemy/domains/de/test/auto/knownFailedTests/dependencyLoop.xml
2 ms. Memory: 55296K Free: 18542K (34%)
Known Failure: java.lang.reflect.InvocationTargetException
----------------- testing (KnownFailure) /home/travis/build/icyphy/ptII/ptolemy/domains/de/test/auto/knownFailedTests/dependencyLoop2.xml
4 ms. Memory: 55296K Free: 34589K (63%)
Known Failure: java.lang.reflect.InvocationTargetException
No auto/linux-amd64/*.xml tests in /home/travis/build/icyphy/ptII/ptolemy/domains/de/test
AutoTests.java: About to close Vertx.
AutoTests.java: Vertx closed.

===========================================================================================
----------------- testing Wed Sep 08 18:57:32 UTC 2021 /home/travis/build/icyphy/ptII/ptolemy/domains/de/test/auto/ActorDepthCalculation_actorWithoutPorts.xml
----------------- Instantiating /home/travis/build/icyphy/ptII/ptolemy/domains/de/test/auto/ActorDepthCalculation_actorWithoutPorts.xml
1 ms. Memory: 55296K Free: 27706K (50%)
----------------- Invoking toplevel() on ptolemy.moml.MoMLSimpleApplication@2443c2e7
----------------- Done invoking toplevel() on ptolemy.moml.MoMLSimpleApplication@2443c2e7
reloadAllAccessors: .ActorDepthCalculation_actorWithoutPorts

===========================================================================================
----------------- testing Wed Sep 08 18:57:32 UTC 2021 /home/travis/build/icyphy/ptII/ptolemy/domains/de/test/auto/AssemblyLine.xml
----------------- Instantiating /home/travis/build/icyphy/ptII/ptolemy/domains/de/test/auto/AssemblyLine.xml
2 ms. Memory: 55296K Free: 20578K (37%)
----------------- Invoking toplevel() on ptolemy.moml.MoMLSimpleApplication@11709c67
----------------- Done invoking toplevel() on ptolemy.moml.MoMLSimpleApplication@11709c67
reloadAllAccessors: .AssemblyLine

===========================================================================================
----------------- testing Wed Sep 08 18:57:32 UTC 2021 /home/travis/build/icyphy/ptII/ptolemy/domains/de/test/auto/CQBug1.xml
----------------- Instantiating /home/travis/build/icyphy/ptII/ptolemy/domains/de/test/auto/CQBug1.xml
2 ms. Memory: 55296K Free: 17514K (32%)
----------------- Invoking toplevel() on ptolemy.moml.MoMLSimpleApplication@1131b6d4
----------------- Done invoking toplevel() on ptolemy.moml.MoMLSimpleApplication@1131b6d4
reloadAllAccessors: .CQBug1

===========================================================================================
----------------- testing Wed Sep 08 18:57:32 UTC 2021 /home/travis/build/icyphy/ptII/ptolemy/domains/de/test/auto/CancelFireAt.xml
----------------- Instantiating /home/travis/build/icyphy/ptII/ptolemy/domains/de/test/auto/CancelFireAt.xml
0 ms. Memory: 55296K Free: 15081K (27%)
----------------- Invoking toplevel() on ptolemy.moml.MoMLSimpleApplication@2b50d3c1
----------------- Done invoking toplevel() on ptolemy.moml.MoMLSimpleApplication@2b50d3c1
reloadAllAccessors: .CancelFireAt

===========================================================================================
----------------- testing Wed Sep 08 18:57:32 UTC 2021 /home/travis/build/icyphy/ptII/ptolemy/domains/de/test/auto/CausalityAndComposabilityAnalysis.xml
----------------- Instantiating /home/travis/build/icyphy/ptII/ptolemy/domains/de/test/auto/CausalityAndComposabilityAnalysis.xml
1 ms. Memory: 55296K Free: 10645K (19%)
----------------- Invoking toplevel() on ptolemy.moml.MoMLSimpleApplication@28372250
----------------- Done invoking toplevel() on ptolemy.moml.MoMLSimpleApplication@28372250
reloadAllAccessors: .CausalityAndComposabilityAnalysis

===========================================================================================
----------------- testing Wed Sep 08 18:57:32 UTC 2021 /home/travis/build/icyphy/ptII/ptolemy/domains/de/test/auto/CausalityInterface1.xml
----------------- Instantiating /home/travis/build/icyphy/ptII/ptolemy/domains/de/test/auto/CausalityInterface1.xml
5 ms. Memory: 55296K Free: 36438K (66%)
----------------- Invoking toplevel() on ptolemy.moml.MoMLSimpleApplication@7429a753
----------------- Done invoking toplevel() on ptolemy.moml.MoMLSimpleApplication@7429a753
reloadAllAccessors: .CausalityInterface1

===========================================================================================
----------------- testing Wed Sep 08 18:57:32 UTC 2021 /home/travis/build/icyphy/ptII/ptolemy/domains/de/test/auto/CausalityInterface15.xml
----------------- Instantiating /home/travis/build/icyphy/ptII/ptolemy/domains/de/test/auto/CausalityInterface15.xml
2 ms. Memory: 55296K Free: 30948K (56%)
----------------- Invoking toplevel() on ptolemy.moml.MoMLSimpleApplication@95f95a0
----------------- Done invoking toplevel() on ptolemy.moml.MoMLSimpleApplication@95f95a0
reloadAllAccessors: .CausalityInterface15

===========================================================================================
----------------- testing Wed Sep 08 18:57:32 UTC 2021 /home/travis/build/icyphy/ptII/ptolemy/domains/de/test/auto/CausalityInterface2.xml
----------------- Instantiating /home/travis/build/icyphy/ptII/ptolemy/domains/de/test/auto/CausalityInterface2.xml
1 ms. Memory: 55296K Free: 26143K (47%)
[...]
	at ptolemy.actor.Manager.run(Manager.java:1263)
	at ptolemy.actor.Manager$PtolemyRunThread.run(Manager.java:1933)
java.lang.RuntimeException: Execution failed
	at ptolemy.moml.MoMLSimpleApplication$UnloadThread.run(MoMLSimpleApplication.java:402)
Caused by: ptolemy.kernel.util.IllegalActionException: Actor is not ready to fire.  Perhaps UpSample.prefire() returned false? Try debugging the actor by selecting "Listen to Actor".  Also, for SDF check moml for tokenConsumptionRate on input.
  in .DESDFClockTest.Play Bell.Copy1:SDF Director and .DESDFClockTest.Play Bell.UpSample
	at ptolemy.actor.sched.StaticSchedulingDirector.fire(StaticSchedulingDirector.java:227)
	at ptolemy.domains.sdf.kernel.SDFDirector.fire(SDFDirector.java:500)
	at ptolemy.actor.CompositeActor.fire(CompositeActor.java:455)
	at ptolemy.domains.de.kernel.DEDirector._fire(DEDirector.java:1949)
	at ptolemy.domains.de.kernel.DEDirector.fire(DEDirector.java:502)
	at ptolemy.actor.CompositeActor.fire(CompositeActor.java:455)
	at ptolemy.actor.Manager.iterate(Manager.java:851)
	at ptolemy.actor.Manager.execute(Manager.java:369)
	at ptolemy.actor.Manager.run(Manager.java:1263)
	at ptolemy.actor.Manager$PtolemyRunThread.run(Manager.java:1933)
java.lang.reflect.InvocationTargetException
	at java.base/jdk.internal.reflect.NativeConstructorAccessorImpl.newInstance0(Native Method)
	at java.base/jdk.internal.reflect.NativeConstructorAccessorImpl.newInstance(NativeConstructorAccessorImpl.java:62)
	at java.base/jdk.internal.reflect.DelegatingConstructorAccessorImpl.newInstance(DelegatingConstructorAccessorImpl.java:45)
	at java.base/java.lang.reflect.Constructor.newInstance(Constructor.java:490)
	at ptolemy.util.test.junit.AutoKnownFailedTests.RunModel(AutoKnownFailedTests.java:105)
	at java.base/jdk.internal.reflect.NativeMethodAccessorImpl.invoke0(Native Method)
	at java.base/jdk.internal.reflect.NativeMethodAccessorImpl.invoke(NativeMethodAccessorImpl.java:62)
	at java.base/jdk.internal.reflect.DelegatingMethodAccessorImpl.invoke(DelegatingMethodAccessorImpl.java:43)
	at java.base/java.lang.reflect.Method.invoke(Method.java:566)
	at org.junit.runners.model.FrameworkMethod$1.runReflectiveCall(FrameworkMethod.java:44)
	at org.junit.internal.runners.model.ReflectiveCallable.run(ReflectiveCallable.java:15)
	at org.junit.runners.model.FrameworkMethod.invokeExplosively(FrameworkMethod.java:41)
	at junitparams.internal.InvokeParameterisedMethod.evaluate(InvokeParameterisedMethod.java:102)
	at org.junit.internal.runners.statements.FailOnTimeout$1.run(FailOnTimeout.java:28)
Caused by: ptolemy.kernel.util.IllegalActionException: Actor is not ready to fire.  Perhaps UpSample.prefire() returned false? Try debugging the actor by selecting "Listen to Actor".  Also, for SDF check moml for tokenConsumptionRate on input.
  in .DESDFClockTest.Play Bell.Copy1:SDF Director and .DESDFClockTest.Play Bell.UpSample
	at ptolemy.actor.sched.StaticSchedulingDirector.fire(StaticSchedulingDirector.java:227)
	at ptolemy.domains.sdf.kernel.SDFDirector.fire(SDFDirector.java:500)
	at ptolemy.actor.CompositeActor.fire(CompositeActor.java:455)
	at ptolemy.domains.de.kernel.DEDirector._fire(DEDirector.java:1949)
	at ptolemy.domains.de.kernel.DEDirector.fire(DEDirector.java:502)
	at ptolemy.actor.CompositeActor.fire(CompositeActor.java:455)
	at ptolemy.actor.Manager.iterate(Manager.java:851)
	at ptolemy.actor.Manager.execute(Manager.java:369)
	at ptolemy.actor.Manager.run(Manager.java:1263)
	at ptolemy.actor.Manager$PtolemyRunThread.run(Manager.java:1933)
java.lang.RuntimeException: Execution failed
	at ptolemy.moml.MoMLSimpleApplication$UnloadThread.run(MoMLSimpleApplication.java:402)
Caused by: ptolemy.kernel.util.IllegalActionException: Test fails in iteration 1.
Value was: 1.0. Should have been: 2.0
  in .DirectFeedback.Test
	at ptolemy.actor.lib.Test.fire(Test.java:268)
	at ptolemy.domains.de.kernel.DEDirector._fire(DEDirector.java:1949)
	at ptolemy.domains.de.kernel.DEDirector.fire(DEDirector.java:502)
	at ptolemy.actor.CompositeActor.fire(CompositeActor.java:455)
	at ptolemy.actor.Manager.iterate(Manager.java:851)
	at ptolemy.actor.Manager.execute(Manager.java:369)
	at ptolemy.actor.Manager.run(Manager.java:1263)
	at ptolemy.actor.Manager$PtolemyRunThread.run(Manager.java:1933)
java.lang.reflect.InvocationTargetException
	at java.base/jdk.internal.reflect.NativeConstructorAccessorImpl.newInstance0(Native Method)
	at java.base/jdk.internal.reflect.NativeConstructorAccessorImpl.newInstance(NativeConstructorAccessorImpl.java:62)
	at java.base/jdk.internal.reflect.DelegatingConstructorAccessorImpl.newInstance(DelegatingConstructorAccessorImpl.java:45)
	at java.base/java.lang.reflect.Constructor.newInstance(Constructor.java:490)
	at ptolemy.util.test.junit.AutoKnownFailedTests.RunModel(AutoKnownFailedTests.java:105)
	at java.base/jdk.internal.reflect.NativeMethodAccessorImpl.invoke0(Native Method)
	at java.base/jdk.internal.reflect.NativeMethodAccessorImpl.invoke(NativeMethodAccessorImpl.java:62)
	at java.base/jdk.internal.reflect.DelegatingMethodAccessorImpl.invoke(DelegatingMethodAccessorImpl.java:43)
	at java.base/java.lang.reflect.Method.invoke(Method.java:566)
	at org.junit.runners.model.FrameworkMethod$1.runReflectiveCall(FrameworkMethod.java:44)
	at org.junit.internal.runners.model.ReflectiveCallable.run(ReflectiveCallable.java:15)
	at org.junit.runners.model.FrameworkMethod.invokeExplosively(FrameworkMethod.java:41)
	at junitparams.internal.InvokeParameterisedMethod.evaluate(InvokeParameterisedMethod.java:102)
	at org.junit.internal.runners.statements.FailOnTimeout$1.run(FailOnTimeout.java:28)
Caused by: ptolemy.kernel.util.IllegalActionException: Test fails in iteration 1.
Value was: 1.0. Should have been: 2.0
  in .DirectFeedback.Test
	at ptolemy.actor.lib.Test.fire(Test.java:268)
	at ptolemy.domains.de.kernel.DEDirector._fire(DEDirector.java:1949)
	at ptolemy.domains.de.kernel.DEDirector.fire(DEDirector.java:502)
	at ptolemy.actor.CompositeActor.fire(CompositeActor.java:455)
	at ptolemy.actor.Manager.iterate(Manager.java:851)
	at ptolemy.actor.Manager.execute(Manager.java:369)
	at ptolemy.actor.Manager.run(Manager.java:1263)
	at ptolemy.actor.Manager$PtolemyRunThread.run(Manager.java:1933)
java.lang.RuntimeException: Execution failed
	at ptolemy.moml.MoMLSimpleApplication$UnloadThread.run(MoMLSimpleApplication.java:402)
Caused by: ptolemy.kernel.util.IllegalActionException: Found a zero delay loop containing .HierarchicalModel.A
  in .HierarchicalModel and .HierarchicalModel.A
	at ptolemy.actor.util.CausalityInterfaceForComposites._computeOutputPortDepth(CausalityInterfaceForComposites.java:759)
	at ptolemy.actor.util.CausalityInterfaceForComposites._computeInputDepth(CausalityInterfaceForComposites.java:696)
	at ptolemy.actor.util.CausalityInterfaceForComposites._computeOutputPortDepth(CausalityInterfaceForComposites.java:765)
	at ptolemy.actor.util.CausalityInterfaceForComposites._computeInputDepth(CausalityInterfaceForComposites.java:696)
	at ptolemy.actor.util.CausalityInterfaceForComposites._computeOutputPortDepth(CausalityInterfaceForComposites.java:765)
	at ptolemy.actor.util.CausalityInterfaceForComposites._computeInputDepth(CausalityInterfaceForComposites.java:696)
	at ptolemy.actor.util.CausalityInterfaceForComposites._computeActorDepth(CausalityInterfaceForComposites.java:532)
	at ptolemy.actor.util.CausalityInterfaceForComposites.checkForCycles(CausalityInterfaceForComposites.java:96)
	at ptolemy.domains.de.kernel.DEDirector.preinitialize(DEDirector.java:1338)
	at ptolemy.actor.CompositeActor.preinitialize(CompositeActor.java:1828)
	at ptolemy.actor.Manager.preinitializeAndResolveTypes(Manager.java:1040)
	at ptolemy.actor.Manager.initialize(Manager.java:710)
	at ptolemy.actor.Manager.execute(Manager.java:356)
	at ptolemy.actor.Manager.run(Manager.java:1263)
	at ptolemy.actor.Manager$PtolemyRunThread.run(Manager.java:1933)
java.lang.reflect.InvocationTargetException
	at java.base/jdk.internal.reflect.NativeConstructorAccessorImpl.newInstance0(Native Method)
	at java.base/jdk.internal.reflect.NativeConstructorAccessorImpl.newInstance(NativeConstructorAccessorImpl.java:62)
	at java.base/jdk.internal.reflect.DelegatingConstructorAccessorImpl.newInstance(DelegatingConstructorAccessorImpl.java:45)
	at java.base/java.lang.reflect.Constructor.newInstance(Constructor.java:490)
	at ptolemy.util.test.junit.AutoKnownFailedTests.RunModel(AutoKnownFailedTests.java:105)
	at java.base/jdk.internal.reflect.NativeMethodAccessorImpl.invoke0(Native Method)
	at java.base/jdk.internal.reflect.NativeMethodAccessorImpl.invoke(NativeMethodAccessorImpl.java:62)
	at java.base/jdk.internal.reflect.DelegatingMethodAccessorImpl.invoke(DelegatingMethodAccessorImpl.java:43)
	at java.base/java.lang.reflect.Method.invoke(Method.java:566)
	at org.junit.runners.model.FrameworkMethod$1.runReflectiveCall(FrameworkMethod.java:44)
	at org.junit.internal.runners.model.ReflectiveCallable.run(ReflectiveCallable.java:15)
	at org.junit.runners.model.FrameworkMethod.invokeExplosively(FrameworkMethod.java:41)
	at junitparams.internal.InvokeParameterisedMethod.evaluate(InvokeParameterisedMethod.java:102)
	at org.junit.internal.runners.statements.FailOnTimeout$1.run(FailOnTimeout.java:28)
Caused by: ptolemy.kernel.util.IllegalActionException: Found a zero delay loop containing .HierarchicalModel.A
  in .HierarchicalModel and .HierarchicalModel.A
	at ptolemy.actor.util.CausalityInterfaceForComposites._computeOutputPortDepth(CausalityInterfaceForComposites.java:759)
	at ptolemy.actor.util.CausalityInterfaceForComposites._computeInputDepth(CausalityInterfaceForComposites.java:696)
	at ptolemy.actor.util.CausalityInterfaceForComposites._computeOutputPortDepth(CausalityInterfaceForComposites.java:765)
	at ptolemy.actor.util.CausalityInterfaceForComposites._computeInputDepth(CausalityInterfaceForComposites.java:696)
	at ptolemy.actor.util.CausalityInterfaceForComposites._computeOutputPortDepth(CausalityInterfaceForComposites.java:765)
	at ptolemy.actor.util.CausalityInterfaceForComposites._computeInputDepth(CausalityInterfaceForComposites.java:696)
	at ptolemy.actor.util.CausalityInterfaceForComposites._computeActorDepth(CausalityInterfaceForComposites.java:532)
	at ptolemy.actor.util.CausalityInterfaceForComposites.checkForCycles(CausalityInterfaceForComposites.java:96)
	at ptolemy.domains.de.kernel.DEDirector.preinitialize(DEDirector.java:1338)
	at ptolemy.actor.CompositeActor.preinitialize(CompositeActor.java:1828)
	at ptolemy.actor.Manager.preinitializeAndResolveTypes(Manager.java:1040)
	at ptolemy.actor.Manager.initialize(Manager.java:710)
	at ptolemy.actor.Manager.execute(Manager.java:356)
	at ptolemy.actor.Manager.run(Manager.java:1263)
	at ptolemy.actor.Manager$PtolemyRunThread.run(Manager.java:1933)
java.lang.RuntimeException: Execution failed
	at ptolemy.moml.MoMLSimpleApplication$UnloadThread.run(MoMLSimpleApplication.java:402)
Caused by: ptolemy.kernel.util.IllegalActionException: Found a zero delay loop containing .dependencyLoop.original
  in .dependencyLoop and .dependencyLoop.original
	at ptolemy.actor.util.CausalityInterfaceForComposites._computeOutputPortDepth(CausalityInterfaceForComposites.java:759)
	at ptolemy.actor.util.CausalityInterfaceForComposites._computeInputDepth(CausalityInterfaceForComposites.java:696)
	at ptolemy.actor.util.CausalityInterfaceForComposites._computeOutputPortDepth(CausalityInterfaceForComposites.java:765)
	at ptolemy.actor.util.CausalityInterfaceForComposites._computeInputDepth(CausalityInterfaceForComposites.java:696)
	at ptolemy.actor.util.CausalityInterfaceForComposites._computeOutputPortDepth(CausalityInterfaceForComposites.java:765)
	at ptolemy.actor.util.CausalityInterfaceForComposites._computeInputDepth(CausalityInterfaceForComposites.java:696)
	at ptolemy.actor.util.CausalityInterfaceForComposites._computeActorDepth(CausalityInterfaceForComposites.java:532)
	at ptolemy.actor.util.CausalityInterfaceForComposites.checkForCycles(CausalityInterfaceForComposites.java:96)
	at ptolemy.domains.de.kernel.DEDirector.preinitialize(DEDirector.java:1338)
	at ptolemy.actor.CompositeActor.preinitialize(CompositeActor.java:1828)
	at ptolemy.actor.Manager.preinitializeAndResolveTypes(Manager.java:1040)
	at ptolemy.actor.Manager.initialize(Manager.java:710)
	at ptolemy.actor.Manager.execute(Manager.java:356)
	at ptolemy.actor.Manager.run(Manager.java:1263)
	at ptolemy.actor.Manager$PtolemyRunThread.run(Manager.java:1933)
java.lang.reflect.InvocationTargetException
	at java.base/jdk.internal.reflect.NativeConstructorAccessorImpl.newInstance0(Native Method)
	at java.base/jdk.internal.reflect.NativeConstructorAccessorImpl.newInstance(NativeConstructorAccessorImpl.java:62)
	at java.base/jdk.internal.reflect.DelegatingConstructorAccessorImpl.newInstance(DelegatingConstructorAccessorImpl.java:45)
	at java.base/java.lang.reflect.Constructor.newInstance(Constructor.java:490)
	at ptolemy.util.test.junit.AutoKnownFailedTests.RunModel(AutoKnownFailedTests.java:105)
	at java.base/jdk.internal.reflect.NativeMethodAccessorImpl.invoke0(Native Method)
	at java.base/jdk.internal.reflect.NativeMethodAccessorImpl.invoke(NativeMethodAccessorImpl.java:62)
	at java.base/jdk.internal.reflect.DelegatingMethodAccessorImpl.invoke(DelegatingMethodAccessorImpl.java:43)
	at java.base/java.lang.reflect.Method.invoke(Method.java:566)
	at org.junit.runners.model.FrameworkMethod$1.runReflectiveCall(FrameworkMethod.java:44)
	at org.junit.internal.runners.model.ReflectiveCallable.run(ReflectiveCallable.java:15)
	at org.junit.runners.model.FrameworkMethod.invokeExplosively(FrameworkMethod.java:41)
	at junitparams.internal.InvokeParameterisedMethod.evaluate(InvokeParameterisedMethod.java:102)
	at org.junit.internal.runners.statements.FailOnTimeout$1.run(FailOnTimeout.java:28)
Caused by: ptolemy.kernel.util.IllegalActionException: Found a zero delay loop containing .dependencyLoop.original
  in .dependencyLoop and .dependencyLoop.original
	at ptolemy.actor.util.CausalityInterfaceForComposites._computeOutputPortDepth(CausalityInterfaceForComposites.java:759)
	at ptolemy.actor.util.CausalityInterfaceForComposites._computeInputDepth(CausalityInterfaceForComposites.java:696)
	at ptolemy.actor.util.CausalityInterfaceForComposites._computeOutputPortDepth(CausalityInterfaceForComposites.java:765)
	at ptolemy.actor.util.CausalityInterfaceForComposites._computeInputDepth(CausalityInterfaceForComposites.java:696)
	at ptolemy.actor.util.CausalityInterfaceForComposites._computeOutputPortDepth(CausalityInterfaceForComposites.java:765)
	at ptolemy.actor.util.CausalityInterfaceForComposites._computeInputDepth(CausalityInterfaceForComposites.java:696)
	at ptolemy.actor.util.CausalityInterfaceForComposites._computeActorDepth(CausalityInterfaceForComposites.java:532)
	at ptolemy.actor.util.CausalityInterfaceForComposites.checkForCycles(CausalityInterfaceForComposites.java:96)
	at ptolemy.domains.de.kernel.DEDirector.preinitialize(DEDirector.java:1338)
	at ptolemy.actor.CompositeActor.preinitialize(CompositeActor.java:1828)
	at ptolemy.actor.Manager.preinitializeAndResolveTypes(Manager.java:1040)
	at ptolemy.actor.Manager.initialize(Manager.java:710)
	at ptolemy.actor.Manager.execute(Manager.java:356)
	at ptolemy.actor.Manager.run(Manager.java:1263)
	at ptolemy.actor.Manager$PtolemyRunThread.run(Manager.java:1933)
java.lang.RuntimeException: Execution failed
	at ptolemy.moml.MoMLSimpleApplication$UnloadThread.run(MoMLSimpleApplication.java:402)
Caused by: ptolemy.kernel.util.IllegalActionException: Found a zero delay loop containing .dependencyLoop2.original
  in .dependencyLoop2 and .dependencyLoop2.original
	at ptolemy.actor.util.CausalityInterfaceForComposites._computeOutputPortDepth(CausalityInterfaceForComposites.java:759)
	at ptolemy.actor.util.CausalityInterfaceForComposites._computeInputDepth(CausalityInterfaceForComposites.java:696)
	at ptolemy.actor.util.CausalityInterfaceForComposites._computeOutputPortDepth(CausalityInterfaceForComposites.java:765)
	at ptolemy.actor.util.CausalityInterfaceForComposites._computeInputDepth(CausalityInterfaceForComposites.java:696)
	at ptolemy.actor.util.CausalityInterfaceForComposites._computeOutputPortDepth(CausalityInterfaceForComposites.java:765)
	at ptolemy.actor.util.CausalityInterfaceForComposites._computeInputDepth(CausalityInterfaceForComposites.java:696)
	at ptolemy.actor.util.CausalityInterfaceForComposites._computeActorDepth(CausalityInterfaceForComposites.java:532)
	at ptolemy.actor.util.CausalityInterfaceForComposites.checkForCycles(CausalityInterfaceForComposites.java:96)
	at ptolemy.domains.de.kernel.DEDirector.preinitialize(DEDirector.java:1338)
	at ptolemy.actor.CompositeActor.preinitialize(CompositeActor.java:1828)
	at ptolemy.actor.Manager.preinitializeAndResolveTypes(Manager.java:1040)
	at ptolemy.actor.Manager.initialize(Manager.java:710)
	at ptolemy.actor.Manager.execute(Manager.java:356)
	at ptolemy.actor.Manager.run(Manager.java:1263)
	at ptolemy.actor.Manager$PtolemyRunThread.run(Manager.java:1933)
java.lang.reflect.InvocationTargetException
	at java.base/jdk.internal.reflect.NativeConstructorAccessorImpl.newInstance0(Native Method)
	at java.base/jdk.internal.reflect.NativeConstructorAccessorImpl.newInstance(NativeConstructorAccessorImpl.java:62)
	at java.base/jdk.internal.reflect.DelegatingConstructorAccessorImpl.newInstance(DelegatingConstructorAccessorImpl.java:45)
	at java.base/java.lang.reflect.Constructor.newInstance(Constructor.java:490)
	at ptolemy.util.test.junit.AutoKnownFailedTests.RunModel(AutoKnownFailedTests.java:105)
	at java.base/jdk.internal.reflect.NativeMethodAccessorImpl.invoke0(Native Method)
	at java.base/jdk.internal.reflect.NativeMethodAccessorImpl.invoke(NativeMethodAccessorImpl.java:62)
	at java.base/jdk.internal.reflect.DelegatingMethodAccessorImpl.invoke(DelegatingMethodAccessorImpl.java:43)
	at java.base/java.lang.reflect.Method.invoke(Method.java:566)
	at org.junit.runners.model.FrameworkMethod$1.runReflectiveCall(FrameworkMethod.java:44)
	at org.junit.internal.runners.model.ReflectiveCallable.run(ReflectiveCallable.java:15)
	at org.junit.runners.model.FrameworkMethod.invokeExplosively(FrameworkMethod.java:41)
	at junitparams.internal.InvokeParameterisedMethod.evaluate(InvokeParameterisedMethod.java:102)
	at org.junit.internal.runners.statements.FailOnTimeout$1.run(FailOnTimeout.java:28)
Caused by: ptolemy.kernel.util.IllegalActionException: Found a zero delay loop containing .dependencyLoop2.original
  in .dependencyLoop2 and .dependencyLoop2.original
	at ptolemy.actor.util.CausalityInterfaceForComposites._computeOutputPortDepth(CausalityInterfaceForComposites.java:759)
	at ptolemy.actor.util.CausalityInterfaceForComposites._computeInputDepth(CausalityInterfaceForComposites.java:696)
	at ptolemy.actor.util.CausalityInterfaceForComposites._computeOutputPortDepth(CausalityInterfaceForComposites.java:765)
	at ptolemy.actor.util.CausalityInterfaceForComposites._computeInputDepth(CausalityInterfaceForComposites.java:696)
	at ptolemy.actor.util.CausalityInterfaceForComposites._computeOutputPortDepth(CausalityInterfaceForComposites.java:765)
	at ptolemy.actor.util.CausalityInterfaceForComposites._computeInputDepth(CausalityInterfaceForComposites.java:696)
	at ptolemy.actor.util.CausalityInterfaceForComposites._computeActorDepth(CausalityInterfaceForComposites.java:532)
	at ptolemy.actor.util.CausalityInterfaceForComposites.checkForCycles(CausalityInterfaceForComposites.java:96)
	at ptolemy.domains.de.kernel.DEDirector.preinitialize(DEDirector.java:1338)
	at ptolemy.actor.CompositeActor.preinitialize(CompositeActor.java:1828)
	at ptolemy.actor.Manager.preinitializeAndResolveTypes(Manager.java:1040)
	at ptolemy.actor.Manager.initialize(Manager.java:710)
	at ptolemy.actor.Manager.execute(Manager.java:356)
	at ptolemy.actor.Manager.run(Manager.java:1263)
	at ptolemy.actor.Manager$PtolemyRunThread.run(Manager.java:1933)
]]></system-err>
</testsuite>
