<?xml version="1.0" encoding="UTF-8" ?>
<testsuite errors="0" failures="0" hostname="travis-job-019f5caa-f33a-429a-924d-a24efd1865f8" name="ptolemy.domains.sdf.lib.test.junit.JUnitTclTest" skipped="0" tests="82" time="8.656" timestamp="2020-10-27T16:29:16">
  <properties>
[...]
</properties>
  <testcase classname="ptolemy.util.test.junit.TclTests" name="[0] /home/travis/build/icyphy/ptII/ptolemy/domains/sdf/lib/test/ArrayToSequence.tcl (RunTclFile)" time="0.514" />
  <testcase classname="ptolemy.util.test.junit.TclTests" name="[1] /home/travis/build/icyphy/ptII/ptolemy/domains/sdf/lib/test/BitsToInt.tcl (RunTclFile)" time="0.037" />
  <testcase classname="ptolemy.util.test.junit.TclTests" name="[2] /home/travis/build/icyphy/ptII/ptolemy/domains/sdf/lib/test/DelayLine.tcl (RunTclFile)" time="0.026" />
  <testcase classname="ptolemy.util.test.junit.TclTests" name="[3] /home/travis/build/icyphy/ptII/ptolemy/domains/sdf/lib/test/FFT.tcl (RunTclFile)" time="0.025" />
  <testcase classname="ptolemy.util.test.junit.TclTests" name="[4] /home/travis/build/icyphy/ptII/ptolemy/domains/sdf/lib/test/FIR.tcl (RunTclFile)" time="0.181" />
  <testcase classname="ptolemy.util.test.junit.TclTests" name="[5] /home/travis/build/icyphy/ptII/ptolemy/domains/sdf/lib/test/IntToBits.tcl (RunTclFile)" time="0.066" />
  <testcase classname="ptolemy.util.test.junit.TclTests" name="[6] /home/travis/build/icyphy/ptII/ptolemy/domains/sdf/lib/test/MaximumEntropySpectrum.tcl (RunTclFile)" time="0.323" />
  <testcase classname="ptolemy.util.test.junit.TclTests" name="[7] /home/travis/build/icyphy/ptII/ptolemy/domains/sdf/lib/test/Repeat.tcl (RunTclFile)" time="0.077" />
  <testcase classname="ptolemy.util.test.junit.TclTests" name="[8] /home/travis/build/icyphy/ptII/ptolemy/domains/sdf/lib/test/SampleDelay.tcl (RunTclFile)" time="0.083" />
  <testcase classname="ptolemy.util.test.junit.TclTests" name="[9] /home/travis/build/icyphy/ptII/ptolemy/domains/sdf/lib/test/SequenceToArray.tcl (RunTclFile)" time="0.057" />
  <testcase classname="ptolemy.util.test.junit.AutoKnownFailedTests" name="[0] ThereAreNoKnowFailedTests (RunModel)" time="0.001" />
  <testcase classname="ptolemy.util.test.junit.AutoNameArchTests" name="[0] ThereAreNoAutoArchTests (RunModel)" time="0.003" />
  <testcase classname="ptolemy.util.test.junit.AutoTests" name="[0] /home/travis/build/icyphy/ptII/ptolemy/domains/sdf/lib/test/auto/ArrayToSequence.xml (RunModel)" time="0.271" />
  <testcase classname="ptolemy.util.test.junit.AutoTests" name="[1] /home/travis/build/icyphy/ptII/ptolemy/domains/sdf/lib/test/auto/ArrayToSequenceTest.xml (RunModel)" time="0.103" />
  <testcase classname="ptolemy.util.test.junit.AutoTests" name="[2] /home/travis/build/icyphy/ptII/ptolemy/domains/sdf/lib/test/auto/Autocorrelation.xml (RunModel)" time="0.076" />
  <testcase classname="ptolemy.util.test.junit.AutoTests" name="[3] /home/travis/build/icyphy/ptII/ptolemy/domains/sdf/lib/test/auto/Autocorrelation2.xml (RunModel)" time="0.046" />
  <testcase classname="ptolemy.util.test.junit.AutoTests" name="[4] /home/travis/build/icyphy/ptII/ptolemy/domains/sdf/lib/test/auto/Autocorrelation3.xml (RunModel)" time="0.029" />
  <testcase classname="ptolemy.util.test.junit.AutoTests" name="[5] /home/travis/build/icyphy/ptII/ptolemy/domains/sdf/lib/test/auto/Autocorrelation4.xml (RunModel)" time="0.052" />
  <testcase classname="ptolemy.util.test.junit.AutoTests" name="[6] /home/travis/build/icyphy/ptII/ptolemy/domains/sdf/lib/test/auto/Autocorrelation5.xml (RunModel)" time="0.072" />
  <testcase classname="ptolemy.util.test.junit.AutoTests" name="[7] /home/travis/build/icyphy/ptII/ptolemy/domains/sdf/lib/test/auto/BitsToInt.xml (RunModel)" time="0.017" />
  <testcase classname="ptolemy.util.test.junit.AutoTests" name="[8] /home/travis/build/icyphy/ptII/ptolemy/domains/sdf/lib/test/auto/BooleanJoin.xml (RunModel)" time="0.032" />
  <testcase classname="ptolemy.util.test.junit.AutoTests" name="[9] /home/travis/build/icyphy/ptII/ptolemy/domains/sdf/lib/test/auto/BootstrapSampleDelay.xml (RunModel)" time="0.026" />
  <testcase classname="ptolemy.util.test.junit.AutoTests" name="[10] /home/travis/build/icyphy/ptII/ptolemy/domains/sdf/lib/test/auto/Chop.xml (RunModel)" time="0.028" />
  <testcase classname="ptolemy.util.test.junit.AutoTests" name="[11] /home/travis/build/icyphy/ptII/ptolemy/domains/sdf/lib/test/auto/Chop2.xml (RunModel)" time="0.036" />
  <testcase classname="ptolemy.util.test.junit.AutoTests" name="[12] /home/travis/build/icyphy/ptII/ptolemy/domains/sdf/lib/test/auto/ComplexJoin.xml (RunModel)" time="0.049" />
  <testcase classname="ptolemy.util.test.junit.AutoTests" name="[13] /home/travis/build/icyphy/ptII/ptolemy/domains/sdf/lib/test/auto/CountTrues.xml (RunModel)" time="0.04" />
  <testcase classname="ptolemy.util.test.junit.AutoTests" name="[14] /home/travis/build/icyphy/ptII/ptolemy/domains/sdf/lib/test/auto/DelayLine.xml (RunModel)" time="0.045" />
  <testcase classname="ptolemy.util.test.junit.AutoTests" name="[15] /home/travis/build/icyphy/ptII/ptolemy/domains/sdf/lib/test/auto/DotProduct.xml (RunModel)" time="0.04" />
  <testcase classname="ptolemy.util.test.junit.AutoTests" name="[16] /home/travis/build/icyphy/ptII/ptolemy/domains/sdf/lib/test/auto/DotProductMatrix.xml (RunModel)" time="0.027" />
  <testcase classname="ptolemy.util.test.junit.AutoTests" name="[17] /home/travis/build/icyphy/ptII/ptolemy/domains/sdf/lib/test/auto/DownSample1.xml (RunModel)" time="0.034" />
  <testcase classname="ptolemy.util.test.junit.AutoTests" name="[18] /home/travis/build/icyphy/ptII/ptolemy/domains/sdf/lib/test/auto/DynamicRateChange.xml (RunModel)" time="0.039" />
  <testcase classname="ptolemy.util.test.junit.AutoTests" name="[19] /home/travis/build/icyphy/ptII/ptolemy/domains/sdf/lib/test/auto/DynamicRates.xml (RunModel)" time="0.037" />
  <testcase classname="ptolemy.util.test.junit.AutoTests" name="[20] /home/travis/build/icyphy/ptII/ptolemy/domains/sdf/lib/test/auto/FFT1.xml (RunModel)" time="0.034" />
  <testcase classname="ptolemy.util.test.junit.AutoTests" name="[21] /home/travis/build/icyphy/ptII/ptolemy/domains/sdf/lib/test/auto/FIR1.xml (RunModel)" time="0.054" />
  <testcase classname="ptolemy.util.test.junit.AutoTests" name="[22] /home/travis/build/icyphy/ptII/ptolemy/domains/sdf/lib/test/auto/FIR2.xml (RunModel)" time="0.028" />
  <testcase classname="ptolemy.util.test.junit.AutoTests" name="[23] /home/travis/build/icyphy/ptII/ptolemy/domains/sdf/lib/test/auto/FIR4.xml (RunModel)" time="0.047" />
  <testcase classname="ptolemy.util.test.junit.AutoTests" name="[24] /home/travis/build/icyphy/ptII/ptolemy/domains/sdf/lib/test/auto/FixJoin.xml (RunModel)" time="0.062" />
  <testcase classname="ptolemy.util.test.junit.AutoTests" name="[25] /home/travis/build/icyphy/ptII/ptolemy/domains/sdf/lib/test/auto/IntJoin1.xml (RunModel)" time="0.038" />
  <testcase classname="ptolemy.util.test.junit.AutoTests" name="[26] /home/travis/build/icyphy/ptII/ptolemy/domains/sdf/lib/test/auto/IntJoin2.xml (RunModel)" time="0.026" />
  <testcase classname="ptolemy.util.test.junit.AutoTests" name="[27] /home/travis/build/icyphy/ptII/ptolemy/domains/sdf/lib/test/auto/IntJoin3.xml (RunModel)" time="0.025" />
  <testcase classname="ptolemy.util.test.junit.AutoTests" name="[28] /home/travis/build/icyphy/ptII/ptolemy/domains/sdf/lib/test/auto/IntJoin4.xml (RunModel)" time="0.026" />
  <testcase classname="ptolemy.util.test.junit.AutoTests" name="[29] /home/travis/build/icyphy/ptII/ptolemy/domains/sdf/lib/test/auto/IntJoin5.xml (RunModel)" time="0.03" />
  <testcase classname="ptolemy.util.test.junit.AutoTests" name="[30] /home/travis/build/icyphy/ptII/ptolemy/domains/sdf/lib/test/auto/IntToBits.xml (RunModel)" time="0.032" />
  <testcase classname="ptolemy.util.test.junit.AutoTests" name="[31] /home/travis/build/icyphy/ptII/ptolemy/domains/sdf/lib/test/auto/LMSAdaptive.xml (RunModel)" time="0.065" />
  <testcase classname="ptolemy.util.test.junit.AutoTests" name="[32] /home/travis/build/icyphy/ptII/ptolemy/domains/sdf/lib/test/auto/LMSAdaptiveFIR.xml (RunModel)" time="0.36" />
  <testcase classname="ptolemy.util.test.junit.AutoTests" name="[33] /home/travis/build/icyphy/ptII/ptolemy/domains/sdf/lib/test/auto/LMSAdaptiveFIR2.xml (RunModel)" time="0.467" />
  <testcase classname="ptolemy.util.test.junit.AutoTests" name="[34] /home/travis/build/icyphy/ptII/ptolemy/domains/sdf/lib/test/auto/LongJoin.xml (RunModel)" time="0.048" />
  <testcase classname="ptolemy.util.test.junit.AutoTests" name="[35] /home/travis/build/icyphy/ptII/ptolemy/domains/sdf/lib/test/auto/Matrix1.xml (RunModel)" time="0.028" />
  <testcase classname="ptolemy.util.test.junit.AutoTests" name="[36] /home/travis/build/icyphy/ptII/ptolemy/domains/sdf/lib/test/auto/Matrix2.xml (RunModel)" time="0.053" />
  <testcase classname="ptolemy.util.test.junit.AutoTests" name="[37] /home/travis/build/icyphy/ptII/ptolemy/domains/sdf/lib/test/auto/MatrixJoin1.xml (RunModel)" time="0.033" />
  <testcase classname="ptolemy.util.test.junit.AutoTests" name="[38] /home/travis/build/icyphy/ptII/ptolemy/domains/sdf/lib/test/auto/MatrixJoin2.xml (RunModel)" time="0.04" />
  <testcase classname="ptolemy.util.test.junit.AutoTests" name="[39] /home/travis/build/icyphy/ptII/ptolemy/domains/sdf/lib/test/auto/MatrixJoin3.xml (RunModel)" time="0.022" />
  <testcase classname="ptolemy.util.test.junit.AutoTests" name="[40] /home/travis/build/icyphy/ptII/ptolemy/domains/sdf/lib/test/auto/MatrixJoin4.xml (RunModel)" time="0.017" />
  <testcase classname="ptolemy.util.test.junit.AutoTests" name="[41] /home/travis/build/icyphy/ptII/ptolemy/domains/sdf/lib/test/auto/MatrixJoin5.xml (RunModel)" time="0.019" />
  <testcase classname="ptolemy.util.test.junit.AutoTests" name="[42] /home/travis/build/icyphy/ptII/ptolemy/domains/sdf/lib/test/auto/MatrixSplit1.xml (RunModel)" time="0.023" />
  <testcase classname="ptolemy.util.test.junit.AutoTests" name="[43] /home/travis/build/icyphy/ptII/ptolemy/domains/sdf/lib/test/auto/MatrixSplit10.xml (RunModel)" time="0.015" />
  <testcase classname="ptolemy.util.test.junit.AutoTests" name="[44] /home/travis/build/icyphy/ptII/ptolemy/domains/sdf/lib/test/auto/MatrixSplit11.xml (RunModel)" time="0.013" />
  <testcase classname="ptolemy.util.test.junit.AutoTests" name="[45] /home/travis/build/icyphy/ptII/ptolemy/domains/sdf/lib/test/auto/MatrixSplit12.xml (RunModel)" time="0.017" />
  <testcase classname="ptolemy.util.test.junit.AutoTests" name="[46] /home/travis/build/icyphy/ptII/ptolemy/domains/sdf/lib/test/auto/MatrixSplit13.xml (RunModel)" time="0.026" />
  <testcase classname="ptolemy.util.test.junit.AutoTests" name="[47] /home/travis/build/icyphy/ptII/ptolemy/domains/sdf/lib/test/auto/MatrixSplit14.xml (RunModel)" time="0.015" />
  <testcase classname="ptolemy.util.test.junit.AutoTests" name="[48] /home/travis/build/icyphy/ptII/ptolemy/domains/sdf/lib/test/auto/MatrixSplit2.xml (RunModel)" time="0.012" />
  <testcase classname="ptolemy.util.test.junit.AutoTests" name="[49] /home/travis/build/icyphy/ptII/ptolemy/domains/sdf/lib/test/auto/MatrixSplit3.xml (RunModel)" time="0.013" />
  <testcase classname="ptolemy.util.test.junit.AutoTests" name="[50] /home/travis/build/icyphy/ptII/ptolemy/domains/sdf/lib/test/auto/MatrixSplit4.xml (RunModel)" time="0.015" />
  <testcase classname="ptolemy.util.test.junit.AutoTests" name="[51] /home/travis/build/icyphy/ptII/ptolemy/domains/sdf/lib/test/auto/MatrixSplit5.xml (RunModel)" time="0.021" />
  <testcase classname="ptolemy.util.test.junit.AutoTests" name="[52] /home/travis/build/icyphy/ptII/ptolemy/domains/sdf/lib/test/auto/MatrixSplit6.xml (RunModel)" time="0.017" />
  <testcase classname="ptolemy.util.test.junit.AutoTests" name="[53] /home/travis/build/icyphy/ptII/ptolemy/domains/sdf/lib/test/auto/MatrixSplit7.xml (RunModel)" time="0.014" />
  <testcase classname="ptolemy.util.test.junit.AutoTests" name="[54] /home/travis/build/icyphy/ptII/ptolemy/domains/sdf/lib/test/auto/MatrixSplit8.xml (RunModel)" time="0.016" />
  <testcase classname="ptolemy.util.test.junit.AutoTests" name="[55] /home/travis/build/icyphy/ptII/ptolemy/domains/sdf/lib/test/auto/MatrixSplit9.xml (RunModel)" time="0.026" />
  <testcase classname="ptolemy.util.test.junit.AutoTests" name="[56] /home/travis/build/icyphy/ptII/ptolemy/domains/sdf/lib/test/auto/MatrixToSequence.xml (RunModel)" time="0.041" />
  <testcase classname="ptolemy.util.test.junit.AutoTests" name="[57] /home/travis/build/icyphy/ptII/ptolemy/domains/sdf/lib/test/auto/MaximumEntropySpectrum.xml (RunModel)" time="0.084" />
  <testcase classname="ptolemy.util.test.junit.AutoTests" name="[58] /home/travis/build/icyphy/ptII/ptolemy/domains/sdf/lib/test/auto/SampleDelayConversion.xml (RunModel)" time="0.016" />
  <testcase classname="ptolemy.util.test.junit.AutoTests" name="[59] /home/travis/build/icyphy/ptII/ptolemy/domains/sdf/lib/test/auto/SequenceToArray.xml (RunModel)" time="0.044" />
  <testcase classname="ptolemy.util.test.junit.AutoTests" name="[60] /home/travis/build/icyphy/ptII/ptolemy/domains/sdf/lib/test/auto/SequenceToMatrix.xml (RunModel)" time="3.295" />
  <testcase classname="ptolemy.util.test.junit.AutoTests" name="[61] /home/travis/build/icyphy/ptII/ptolemy/domains/sdf/lib/test/auto/SmoothedPeriodogram.xml (RunModel)" time="0.06" />
  <testcase classname="ptolemy.util.test.junit.AutoTests" name="[62] /home/travis/build/icyphy/ptII/ptolemy/domains/sdf/lib/test/auto/UpDownSample1.xml (RunModel)" time="0.014" />
  <testcase classname="ptolemy.util.test.junit.AutoTests" name="[63] /home/travis/build/icyphy/ptII/ptolemy/domains/sdf/lib/test/auto/UpSample1.xml (RunModel)" time="0.01" />
  <testcase classname="ptolemy.util.test.junit.AutoTests" name="[64] /home/travis/build/icyphy/ptII/ptolemy/domains/sdf/lib/test/auto/VariableFIR.xml (RunModel)" time="0.026" />
  <testcase classname="ptolemy.util.test.junit.AutoTests" name="[65] /home/travis/build/icyphy/ptII/ptolemy/domains/sdf/lib/test/auto/VariableFIR2.xml (RunModel)" time="0.019" />
  <testcase classname="ptolemy.util.test.junit.AutoTests" name="[66] /home/travis/build/icyphy/ptII/ptolemy/domains/sdf/lib/test/auto/VariableLattice.xml (RunModel)" time="0.024" />
  <testcase classname="ptolemy.util.test.junit.AutoTests" name="[67] /home/travis/build/icyphy/ptII/ptolemy/domains/sdf/lib/test/auto/VariableLattice2.xml (RunModel)" time="0.027" />
  <testcase classname="ptolemy.util.test.junit.AutoTests" name="[68] /home/travis/build/icyphy/ptII/ptolemy/domains/sdf/lib/test/auto/VariableRecursiveLattice.xml (RunModel)" time="0.021" />
  <testcase classname="ptolemy.util.test.junit.AutoTests" name="[69] /home/travis/build/icyphy/ptII/ptolemy/domains/sdf/lib/test/auto/VariableRecursiveLattice2.xml (RunModel)" time="0.023" />
  <system-out><![CDATA[/home/travis/build/icyphy/ptII/ptolemy/domains/sdf/lib/test/ArrayToSequence.tcl
testDefs.tcl: setting time out to 9000 seconds at Tue Oct 27 16:29:16 UTC 2020
62 ms. Memory: 129024K Free: 93631K (73%)
10 ms. Memory: 129024K Free: 91590K (71%)
13 ms. Memory: 129024K Free: 89535K (69%)
13 ms. Memory: 129024K Free: 88008K (68%)
/home/travis/build/icyphy/ptII/ptolemy/domains/sdf/lib/test/BitsToInt.tcl
10 ms. Memory: 129024K Free: 86470K (67%)
7 ms. Memory: 129024K Free: 84422K (65%)
/home/travis/build/icyphy/ptII/ptolemy/domains/sdf/lib/test/DelayLine.tcl
7 ms. Memory: 129024K Free: 82888K (64%)
/home/travis/build/icyphy/ptII/ptolemy/domains/sdf/lib/test/FFT.tcl
6 ms. Memory: 129024K Free: 80840K (63%)
/home/travis/build/icyphy/ptII/ptolemy/domains/sdf/lib/test/FIR.tcl
8 ms. Memory: 129024K Free: 79287K (61%)
67 ms. Memory: 129024K Free: 75206K (58%)
ptolemy.kernel.util.IllegalActionException: multiplyReverse method not supported between ptolemy.data.FixToken 'fix(-0.0625,6,2)' and ptolemy.data.IntToken '1' because the types are incomparable.
  in .top.FIRclone
Because:
multiplyReverse method not supported between ptolemy.data.FixToken 'fix(-0.0625,6,2)' and ptolemy.data.IntToken '1' because the types are incomparable.
36 ms. Memory: 129024K Free: 72648K (56%)
/home/travis/build/icyphy/ptII/ptolemy/domains/sdf/lib/test/IntToBits.tcl
15 ms. Memory: 129024K Free: 71095K (55%)
5 ms. Memory: 129024K Free: 69576K (54%)
/home/travis/build/icyphy/ptII/ptolemy/domains/sdf/lib/test/MaximumEntropySpectrum.tcl
/home/travis/build/icyphy/ptII/ptolemy/domains/sdf/lib/test/Repeat.tcl
17 ms. Memory: 129024K Free: 48072K (37%)
/home/travis/build/icyphy/ptII/ptolemy/domains/sdf/lib/test/SampleDelay.tcl
8 ms. Memory: 129024K Free: 112858K (87%)
5 ms. Memory: 129024K Free: 111826K (87%)
9 ms. Memory: 129024K Free: 111287K (86%)
9 ms. Memory: 129024K Free: 110263K (85%)
5 ms. Memory: 129024K Free: 109767K (85%)
2 ms. Memory: 129024K Free: 109247K (85%)
/home/travis/build/icyphy/ptII/ptolemy/domains/sdf/lib/test/SequenceToArray.tcl
16 ms. Memory: 129024K Free: 107721K (83%)
5 ms. Memory: 129024K Free: 106698K (83%)
5 ms. Memory: 129024K Free: 105152K (81%)
4 ms. Memory: 129024K Free: 104128K (81%)
10/27/20 04:29:17
Failed: 0  Total Tests: 41  ((Passed: 41, Newly Passed: 0)  Known Failed: 0) /home/travis/build/icyphy/ptII/ptolemy/domains/sdf/lib/test
No auto/knownFailedTests/*.xml tests in /home/travis/build/icyphy/ptII/ptolemy/domains/sdf/lib/test
No auto/linux-amd64/*.xml tests in /home/travis/build/icyphy/ptII/ptolemy/domains/sdf/lib/test
AutoTests.java: About to close Vertx.
AutoTests.java: Vertx closed.

===========================================================================================
----------------- testing Tue Oct 27 16:29:18 UTC 2020 /home/travis/build/icyphy/ptII/ptolemy/domains/sdf/lib/test/auto/ArrayToSequence.xml
----------------- Instantiating /home/travis/build/icyphy/ptII/ptolemy/domains/sdf/lib/test/auto/ArrayToSequence.xml
39 ms. Memory: 129024K Free: 92381K (72%)
----------------- Invoking toplevel() on ptolemy.moml.MoMLSimpleApplication@549ea0c3
----------------- Done invoking toplevel() on ptolemy.moml.MoMLSimpleApplication@549ea0c3
reloadAllAccessors: .ArrayToSequence

===========================================================================================
----------------- testing Tue Oct 27 16:29:18 UTC 2020 /home/travis/build/icyphy/ptII/ptolemy/domains/sdf/lib/test/auto/ArrayToSequenceTest.xml
----------------- Instantiating /home/travis/build/icyphy/ptII/ptolemy/domains/sdf/lib/test/auto/ArrayToSequenceTest.xml
25 ms. Memory: 129024K Free: 85938K (67%)
----------------- Invoking toplevel() on ptolemy.moml.MoMLSimpleApplication@29ea2fc
----------------- Done invoking toplevel() on ptolemy.moml.MoMLSimpleApplication@29ea2fc
reloadAllAccessors: .ArrayToSequenceTest

===========================================================================================
----------------- testing Tue Oct 27 16:29:18 UTC 2020 /home/travis/build/icyphy/ptII/ptolemy/domains/sdf/lib/test/auto/Autocorrelation.xml
----------------- Instantiating /home/travis/build/icyphy/ptII/ptolemy/domains/sdf/lib/test/auto/Autocorrelation.xml
8 ms. Memory: 129024K Free: 112027K (87%)
----------------- Invoking toplevel() on ptolemy.moml.MoMLSimpleApplication@b074932
----------------- Done invoking toplevel() on ptolemy.moml.MoMLSimpleApplication@b074932
reloadAllAccessors: .Autocorrelation

===========================================================================================
----------------- testing Tue Oct 27 16:29:18 UTC 2020 /home/travis/build/icyphy/ptII/ptolemy/domains/sdf/lib/test/auto/Autocorrelation2.xml
----------------- Instantiating /home/travis/build/icyphy/ptII/ptolemy/domains/sdf/lib/test/auto/Autocorrelation2.xml
7 ms. Memory: 129024K Free: 107301K (83%)
----------------- Invoking toplevel() on ptolemy.moml.MoMLSimpleApplication@42026085
----------------- Done invoking toplevel() on ptolemy.moml.MoMLSimpleApplication@42026085
reloadAllAccessors: .Autocorrelation2

===========================================================================================
----------------- testing Tue Oct 27 16:29:18 UTC 2020 /home/travis/build/icyphy/ptII/ptolemy/domains/sdf/lib/test/auto/Autocorrelation3.xml
----------------- Instantiating /home/travis/build/icyphy/ptII/ptolemy/domains/sdf/lib/test/auto/Autocorrelation3.xml
4 ms. Memory: 129024K Free: 103526K (80%)
----------------- Invoking toplevel() on ptolemy.moml.MoMLSimpleApplication@6257b69b
----------------- Done invoking toplevel() on ptolemy.moml.MoMLSimpleApplication@6257b69b
reloadAllAccessors: .Autocorrelation3

===========================================================================================
----------------- testing Tue Oct 27 16:29:18 UTC 2020 /home/travis/build/icyphy/ptII/ptolemy/domains/sdf/lib/test/auto/Autocorrelation4.xml
----------------- Instantiating /home/travis/build/icyphy/ptII/ptolemy/domains/sdf/lib/test/auto/Autocorrelation4.xml
9 ms. Memory: 129024K Free: 98784K (77%)
----------------- Invoking toplevel() on ptolemy.moml.MoMLSimpleApplication@757b76d2
----------------- Done invoking toplevel() on ptolemy.moml.MoMLSimpleApplication@757b76d2
reloadAllAccessors: .Autocorrelation4

===========================================================================================
----------------- testing Tue Oct 27 16:29:18 UTC 2020 /home/travis/build/icyphy/ptII/ptolemy/domains/sdf/lib/test/auto/Autocorrelation5.xml
----------------- Instantiating /home/travis/build/icyphy/ptII/ptolemy/domains/sdf/lib/test/auto/Autocorrelation5.xml
28 ms. Memory: 129024K Free: 91955K (71%)
----------------- Invoking toplevel() on ptolemy.moml.MoMLSimpleApplication@5e54767c
----------------- Done invoking toplevel() on ptolemy.moml.MoMLSimpleApplication@5e54767c
reloadAllAccessors: .Autocorrelation5

===========================================================================================
----------------- testing Tue Oct 27 16:29:18 UTC 2020 /home/travis/build/icyphy/ptII/ptolemy/domains/sdf/lib/test/auto/BitsToInt.xml
----------------- Instantiating /home/travis/build/icyphy/ptII/ptolemy/domains/sdf/lib/test/auto/BitsToInt.xml
2 ms. Memory: 129024K Free: 88530K (69%)
----------------- Invoking toplevel() on ptolemy.moml.MoMLSimpleApplication@1fec125d
----------------- Done invoking toplevel() on ptolemy.moml.MoMLSimpleApplication@1fec125d
reloadAllAccessors: .BitsToInt

===========================================================================================
----------------- testing Tue Oct 27 16:29:18 UTC 2020 /home/travis/build/icyphy/ptII/ptolemy/domains/sdf/lib/test/auto/BooleanJoin.xml
----------------- Instantiating /home/travis/build/icyphy/ptII/ptolemy/domains/sdf/lib/test/auto/BooleanJoin.xml
3 ms. Memory: 129024K Free: 84418K (65%)
----------------- Invoking toplevel() on ptolemy.moml.MoMLSimpleApplication@558c3838
----------------- Done invoking toplevel() on ptolemy.moml.MoMLSimpleApplication@558c3838
reloadAllAccessors: .BooleanJoin

===========================================================================================
----------------- testing Tue Oct 27 16:29:18 UTC 2020 /home/travis/build/icyphy/ptII/ptolemy/domains/sdf/lib/test/auto/BootstrapSampleDelay.xml
----------------- Instantiating /home/travis/build/icyphy/ptII/ptolemy/domains/sdf/lib/test/auto/BootstrapSampleDelay.xml
6 ms. Memory: 129024K Free: 80656K (63%)
----------------- Invoking toplevel() on ptolemy.moml.MoMLSimpleApplication@6045cd80
----------------- Done invoking toplevel() on ptolemy.moml.MoMLSimpleApplication@6045cd80
reloadAllAccessors: .BootstrapSampleDelay

===========================================================================================
----------------- testing Tue Oct 27 16:29:18 UTC 2020 /home/travis/build/icyphy/ptII/ptolemy/domains/sdf/lib/test/auto/Chop.xml
----------------- Instantiating /home/travis/build/icyphy/ptII/ptolemy/domains/sdf/lib/test/auto/Chop.xml
5 ms. Memory: 129024K Free: 73195K (57%)
----------------- Invoking toplevel() on ptolemy.moml.MoMLSimpleApplication@13773f61
----------------- Done invoking toplevel() on ptolemy.moml.MoMLSimpleApplication@13773f61
reloadAllAccessors: .Chop

===========================================================================================
----------------- testing Tue Oct 27 16:29:19 UTC 2020 /home/travis/build/icyphy/ptII/ptolemy/domains/sdf/lib/test/auto/Chop2.xml
----------------- Instantiating /home/travis/build/icyphy/ptII/ptolemy/domains/sdf/lib/test/auto/Chop2.xml
7 ms. Memory: 159744K Free: 141501K (89%)
----------------- Invoking toplevel() on ptolemy.moml.MoMLSimpleApplication@d0ae41
----------------- Done invoking toplevel() on ptolemy.moml.MoMLSimpleApplication@d0ae41
reloadAllAccessors: .Chop2

===========================================================================================
----------------- testing Tue Oct 27 16:29:19 UTC 2020 /home/travis/build/icyphy/ptII/ptolemy/domains/sdf/lib/test/auto/ComplexJoin.xml
----------------- Instantiating /home/travis/build/icyphy/ptII/ptolemy/domains/sdf/lib/test/auto/ComplexJoin.xml
5 ms. Memory: 159744K Free: 136415K (85%)
----------------- Invoking toplevel() on ptolemy.moml.MoMLSimpleApplication@420d5e3f
----------------- Done invoking toplevel() on ptolemy.moml.MoMLSimpleApplication@420d5e3f
reloadAllAccessors: .ComplexJoin

===========================================================================================
----------------- testing Tue Oct 27 16:29:19 UTC 2020 /home/travis/build/icyphy/ptII/ptolemy/domains/sdf/lib/test/auto/CountTrues.xml
----------------- Instantiating /home/travis/build/icyphy/ptII/ptolemy/domains/sdf/lib/test/auto/CountTrues.xml
6 ms. Memory: 159744K Free: 133483K (84%)
----------------- Invoking toplevel() on ptolemy.moml.MoMLSimpleApplication@7bfebb6c
----------------- Done invoking toplevel() on ptolemy.moml.MoMLSimpleApplication@7bfebb6c
reloadAllAccessors: .CountTrues

===========================================================================================
----------------- testing Tue Oct 27 16:29:19 UTC 2020 /home/travis/build/icyphy/ptII/ptolemy/domains/sdf/lib/test/auto/DelayLine.xml
----------------- Instantiating /home/travis/build/icyphy/ptII/ptolemy/domains/sdf/lib/test/auto/DelayLine.xml
5 ms. Memory: 159744K Free: 128371K (80%)
----------------- Invoking toplevel() on ptolemy.moml.MoMLSimpleApplication@747c9a49
----------------- Done invoking toplevel() on ptolemy.moml.MoMLSimpleApplication@747c9a49
reloadAllAccessors: .DelayLine

===========================================================================================
----------------- testing Tue Oct 27 16:29:19 UTC 2020 /home/travis/build/icyphy/ptII/ptolemy/domains/sdf/lib/test/auto/DotProduct.xml
----------------- Instantiating /home/travis/build/icyphy/ptII/ptolemy/domains/sdf/lib/test/auto/DotProduct.xml
6 ms. Memory: 159744K Free: 124681K (78%)
----------------- Invoking toplevel() on ptolemy.moml.MoMLSimpleApplication@50959b2a
----------------- Done invoking toplevel() on ptolemy.moml.MoMLSimpleApplication@50959b2a
reloadAllAccessors: .DotProduct

===========================================================================================
----------------- testing Tue Oct 27 16:29:19 UTC 2020 /home/travis/build/icyphy/ptII/ptolemy/domains/sdf/lib/test/auto/DotProductMatrix.xml
----------------- Instantiating /home/travis/build/icyphy/ptII/ptolemy/domains/sdf/lib/test/auto/DotProductMatrix.xml
4 ms. Memory: 159744K Free: 122079K (76%)
----------------- Invoking toplevel() on ptolemy.moml.MoMLSimpleApplication@24037bd9
----------------- Done invoking toplevel() on ptolemy.moml.MoMLSimpleApplication@24037bd9
reloadAllAccessors: .DotProductMatrix

===========================================================================================
----------------- testing Tue Oct 27 16:29:19 UTC 2020 /home/travis/build/icyphy/ptII/ptolemy/domains/sdf/lib/test/auto/DownSample1.xml
----------------- Instantiating /home/travis/build/icyphy/ptII/ptolemy/domains/sdf/lib/test/auto/DownSample1.xml
4 ms. Memory: 159744K Free: 118129K (74%)
----------------- Invoking toplevel() on ptolemy.moml.MoMLSimpleApplication@62e71dc4
----------------- Done invoking toplevel() on ptolemy.moml.MoMLSimpleApplication@62e71dc4
reloadAllAccessors: .DownSample1

===========================================================================================
----------------- testing Tue Oct 27 16:29:19 UTC 2020 /home/travis/build/icyphy/ptII/ptolemy/domains/sdf/lib/test/auto/DynamicRateChange.xml
----------------- Instantiating /home/travis/build/icyphy/ptII/ptolemy/domains/sdf/lib/test/auto/DynamicRateChange.xml
14 ms. Memory: 159744K Free: 112438K (70%)
----------------- Invoking toplevel() on ptolemy.moml.MoMLSimpleApplication@e82be3d
----------------- Done invoking toplevel() on ptolemy.moml.MoMLSimpleApplication@e82be3d
reloadAllAccessors: .DynamicRateChange

===========================================================================================
----------------- testing Tue Oct 27 16:29:19 UTC 2020 /home/travis/build/icyphy/ptII/ptolemy/domains/sdf/lib/test/auto/DynamicRates.xml
----------------- Instantiating /home/travis/build/icyphy/ptII/ptolemy/domains/sdf/lib/test/auto/DynamicRates.xml
13 ms. Memory: 159744K Free: 107743K (67%)
----------------- Invoking toplevel() on ptolemy.moml.MoMLSimpleApplication@6cc062a
----------------- Done invoking toplevel() on ptolemy.moml.MoMLSimpleApplication@6cc062a
reloadAllAccessors: .DynamicRates

===========================================================================================
----------------- testing Tue Oct 27 16:29:19 UTC 2020 /home/travis/build/icyphy/ptII/ptolemy/domains/sdf/lib/test/auto/FFT1.xml
----------------- Instantiating /home/travis/build/icyphy/ptII/ptolemy/domains/sdf/lib/test/auto/FFT1.xml
10 ms. Memory: 159744K Free: 102799K (64%)
----------------- Invoking toplevel() on ptolemy.moml.MoMLSimpleApplication@70cbcd4f
----------------- Done invoking toplevel() on ptolemy.moml.MoMLSimpleApplication@70cbcd4f
reloadAllAccessors: .FFT1

===========================================================================================
----------------- testing Tue Oct 27 16:29:19 UTC 2020 /home/travis/build/icyphy/ptII/ptolemy/domains/sdf/lib/test/auto/FIR1.xml
----------------- Instantiating /home/travis/build/icyphy/ptII/ptolemy/domains/sdf/lib/test/auto/FIR1.xml
21 ms. Memory: 159744K Free: 96054K (60%)
----------------- Invoking toplevel() on ptolemy.moml.MoMLSimpleApplication@18fecf28
----------------- Done invoking toplevel() on ptolemy.moml.MoMLSimpleApplication@18fecf28
reloadAllAccessors: .FIR1

===========================================================================================
----------------- testing Tue Oct 27 16:29:19 UTC 2020 /home/travis/build/icyphy/ptII/ptolemy/domains/sdf/lib/test/auto/FIR2.xml
----------------- Instantiating /home/travis/build/icyphy/ptII/ptolemy/domains/sdf/lib/test/auto/FIR2.xml
4 ms. Memory: 159744K Free: 92383K (58%)
----------------- Invoking toplevel() on ptolemy.moml.MoMLSimpleApplication@39a78f9b
----------------- Done invoking toplevel() on ptolemy.moml.MoMLSimpleApplication@39a78f9b
reloadAllAccessors: .FIR2

===========================================================================================
----------------- testing Tue Oct 27 16:29:19 UTC 2020 /home/travis/build/icyphy/ptII/ptolemy/domains/sdf/lib/test/auto/FIR4.xml
----------------- Instantiating /home/travis/build/icyphy/ptII/ptolemy/domains/sdf/lib/test/auto/FIR4.xml
7 ms. Memory: 159744K Free: 85361K (53%)
----------------- Invoking toplevel() on ptolemy.moml.MoMLSimpleApplication@4a9fd371
----------------- Done invoking toplevel() on ptolemy.moml.MoMLSimpleApplication@4a9fd371
reloadAllAccessors: .FIR4

===========================================================================================
----------------- testing Tue Oct 27 16:29:19 UTC 2020 /home/travis/build/icyphy/ptII/ptolemy/domains/sdf/lib/test/auto/FixJoin.xml
----------------- Instantiating /home/travis/build/icyphy/ptII/ptolemy/domains/sdf/lib/test/auto/FixJoin.xml
10 ms. Memory: 159744K Free: 80632K (50%)
----------------- Invoking toplevel() on ptolemy.moml.MoMLSimpleApplication@3ed30d96
----------------- Done invoking toplevel() on ptolemy.moml.MoMLSimpleApplication@3ed30d96
reloadAllAccessors: .FixJoin

===========================================================================================
----------------- testing Tue Oct 27 16:29:19 UTC 2020 /home/travis/build/icyphy/ptII/ptolemy/domains/sdf/lib/test/auto/IntJoin1.xml
----------------- Instantiating /home/travis/build/icyphy/ptII/ptolemy/domains/sdf/lib/test/auto/IntJoin1.xml
3 ms. Memory: 159744K Free: 139903K (88%)
----------------- Invoking toplevel() on ptolemy.moml.MoMLSimpleApplication@269bf2b
----------------- Done invoking toplevel() on ptolemy.moml.MoMLSimpleApplication@269bf2b
reloadAllAccessors: .IntJoin1

===========================================================================================
----------------- testing Tue Oct 27 16:29:19 UTC 2020 /home/travis/build/icyphy/ptII/ptolemy/domains/sdf/lib/test/auto/IntJoin2.xml
----------------- Instantiating /home/travis/build/icyphy/ptII/ptolemy/domains/sdf/lib/test/auto/IntJoin2.xml
5 ms. Memory: 159744K Free: 135009K (85%)
----------------- Invoking toplevel() on ptolemy.moml.MoMLSimpleApplication@5ecc7de3
----------------- Done invoking toplevel() on ptolemy.moml.MoMLSimpleApplication@5ecc7de3
reloadAllAccessors: .IntJoin2

===========================================================================================
----------------- testing Tue Oct 27 16:29:19 UTC 2020 /home/travis/build/icyphy/ptII/ptolemy/domains/sdf/lib/test/auto/IntJoin3.xml
----------------- Instantiating /home/travis/build/icyphy/ptII/ptolemy/domains/sdf/lib/test/auto/IntJoin3.xml
4 ms. Memory: 159744K Free: 131005K (82%)
----------------- Invoking toplevel() on ptolemy.moml.MoMLSimpleApplication@5960bab8
----------------- Done invoking toplevel() on ptolemy.moml.MoMLSimpleApplication@5960bab8
reloadAllAccessors: .IntJoin3

===========================================================================================
----------------- testing Tue Oct 27 16:29:19 UTC 2020 /home/travis/build/icyphy/ptII/ptolemy/domains/sdf/lib/test/auto/IntJoin4.xml
----------------- Instantiating /home/travis/build/icyphy/ptII/ptolemy/domains/sdf/lib/test/auto/IntJoin4.xml
3 ms. Memory: 159744K Free: 126399K (79%)
----------------- Invoking toplevel() on ptolemy.moml.MoMLSimpleApplication@6e2d4ec1
----------------- Done invoking toplevel() on ptolemy.moml.MoMLSimpleApplication@6e2d4ec1
reloadAllAccessors: .IntJoin4

===========================================================================================
----------------- testing Tue Oct 27 16:29:19 UTC 2020 /home/travis/build/icyphy/ptII/ptolemy/domains/sdf/lib/test/auto/IntJoin5.xml
----------------- Instantiating /home/travis/build/icyphy/ptII/ptolemy/domains/sdf/lib/test/auto/IntJoin5.xml
4 ms. Memory: 159744K Free: 122303K (77%)
----------------- Invoking toplevel() on ptolemy.moml.MoMLSimpleApplication@417ead15
----------------- Done invoking toplevel() on ptolemy.moml.MoMLSimpleApplication@417ead15
reloadAllAccessors: .IntJoin5

===========================================================================================
----------------- testing Tue Oct 27 16:29:19 UTC 2020 /home/travis/build/icyphy/ptII/ptolemy/domains/sdf/lib/test/auto/IntToBits.xml
----------------- Instantiating /home/travis/build/icyphy/ptII/ptolemy/domains/sdf/lib/test/auto/IntToBits.xml
8 ms. Memory: 159744K Free: 119231K (75%)
----------------- Invoking toplevel() on ptolemy.moml.MoMLSimpleApplication@1e36ff90
----------------- Done invoking toplevel() on ptolemy.moml.MoMLSimpleApplication@1e36ff90
reloadAllAccessors: .IntToBits

===========================================================================================
----------------- testing Tue Oct 27 16:29:19 UTC 2020 /home/travis/build/icyphy/ptII/ptolemy/domains/sdf/lib/test/auto/LMSAdaptive.xml
----------------- Instantiating /home/travis/build/icyphy/ptII/ptolemy/domains/sdf/lib/test/auto/LMSAdaptive.xml
12 ms. Memory: 159744K Free: 110511K (69%)
----------------- Invoking toplevel() on ptolemy.moml.MoMLSimpleApplication@7b54f5a4
----------------- Done invoking toplevel() on ptolemy.moml.MoMLSimpleApplication@7b54f5a4
reloadAllAccessors: .LMSAdaptive

===========================================================================================
----------------- testing Tue Oct 27 16:29:19 UTC 2020 /home/travis/build/icyphy/ptII/ptolemy/domains/sdf/lib/test/auto/LMSAdaptiveFIR.xml
----------------- Instantiating /home/travis/build/icyphy/ptII/ptolemy/domains/sdf/lib/test/auto/LMSAdaptiveFIR.xml
274 ms. Memory: 159744K Free: 76223K (48%)
----------------- Invoking toplevel() on ptolemy.moml.MoMLSimpleApplication@3fbd0baa
----------------- Done invoking toplevel() on ptolemy.moml.MoMLSimpleApplication@3fbd0baa
reloadAllAccessors: .LMSAdaptiveFIR

===========================================================================================
----------------- testing Tue Oct 27 16:29:20 UTC 2020 /home/travis/build/icyphy/ptII/ptolemy/domains/sdf/lib/test/auto/LMSAdaptiveFIR2.xml
----------------- Instantiating /home/travis/build/icyphy/ptII/ptolemy/domains/sdf/lib/test/auto/LMSAdaptiveFIR2.xml
383 ms. Memory: 159744K Free: 95233K (60%)
----------------- Invoking toplevel() on ptolemy.moml.MoMLSimpleApplication@2ec62d69
----------------- Done invoking toplevel() on ptolemy.moml.MoMLSimpleApplication@2ec62d69
reloadAllAccessors: .LMSAdaptiveFIR2

===========================================================================================
----------------- testing Tue Oct 27 16:29:20 UTC 2020 /home/travis/build/icyphy/ptII/ptolemy/domains/sdf/lib/test/auto/LongJoin.xml
----------------- Instantiating /home/travis/build/icyphy/ptII/ptolemy/domains/sdf/lib/test/auto/LongJoin.xml
2 ms. Memory: 159744K Free: 90627K (57%)
----------------- Invoking toplevel() on ptolemy.moml.MoMLSimpleApplication@2099af29
----------------- Done invoking toplevel() on ptolemy.moml.MoMLSimpleApplication@2099af29
reloadAllAccessors: .LongJoin

===========================================================================================
----------------- testing Tue Oct 27 16:29:20 UTC 2020 /home/travis/build/icyphy/ptII/ptolemy/domains/sdf/lib/test/auto/Matrix1.xml
----------------- Instantiating /home/travis/build/icyphy/ptII/ptolemy/domains/sdf/lib/test/auto/Matrix1.xml
6 ms. Memory: 159744K Free: 86531K (54%)
----------------- Invoking toplevel() on ptolemy.moml.MoMLSimpleApplication@242b07d8
----------------- Done invoking toplevel() on ptolemy.moml.MoMLSimpleApplication@242b07d8
reloadAllAccessors: .Matrix1

===========================================================================================
----------------- testing Tue Oct 27 16:29:20 UTC 2020 /home/travis/build/icyphy/ptII/ptolemy/domains/sdf/lib/test/auto/Matrix2.xml
----------------- Instantiating /home/travis/build/icyphy/ptII/ptolemy/domains/sdf/lib/test/auto/Matrix2.xml
8 ms. Memory: 159744K Free: 82435K (52%)
----------------- Invoking toplevel() on ptolemy.moml.MoMLSimpleApplication@22a8b969
----------------- Done invoking toplevel() on ptolemy.moml.MoMLSimpleApplication@22a8b969
reloadAllAccessors: .Matrix2

===========================================================================================
----------------- testing Tue Oct 27 16:29:20 UTC 2020 /home/travis/build/icyphy/ptII/ptolemy/domains/sdf/lib/test/auto/MatrixJoin1.xml
----------------- Instantiating /home/travis/build/icyphy/ptII/ptolemy/domains/sdf/lib/test/auto/MatrixJoin1.xml
5 ms. Memory: 159744K Free: 78339K (49%)
----------------- Invoking toplevel() on ptolemy.moml.MoMLSimpleApplication@6235e80a
----------------- Done invoking toplevel() on ptolemy.moml.MoMLSimpleApplication@6235e80a
reloadAllAccessors: .MatrixJoin1

===========================================================================================
----------------- testing Tue Oct 27 16:29:20 UTC 2020 /home/travis/build/icyphy/ptII/ptolemy/domains/sdf/lib/test/auto/MatrixJoin2.xml
----------------- Instantiating /home/travis/build/icyphy/ptII/ptolemy/domains/sdf/lib/test/auto/MatrixJoin2.xml
15 ms. Memory: 159744K Free: 73219K (46%)
----------------- Invoking toplevel() on ptolemy.moml.MoMLSimpleApplication@35d90939
----------------- Done invoking toplevel() on ptolemy.moml.MoMLSimpleApplication@35d90939
reloadAllAccessors: .MatrixJoin2

===========================================================================================
----------------- testing Tue Oct 27 16:29:20 UTC 2020 /home/travis/build/icyphy/ptII/ptolemy/domains/sdf/lib/test/auto/MatrixJoin3.xml
----------------- Instantiating /home/travis/build/icyphy/ptII/ptolemy/domains/sdf/lib/test/auto/MatrixJoin3.xml
6 ms. Memory: 159744K Free: 68609K (43%)
----------------- Invoking toplevel() on ptolemy.moml.MoMLSimpleApplication@744cbf75
----------------- Done invoking toplevel() on ptolemy.moml.MoMLSimpleApplication@744cbf75
reloadAllAccessors: .MatrixJoin3

===========================================================================================
----------------- testing Tue Oct 27 16:29:20 UTC 2020 /home/travis/build/icyphy/ptII/ptolemy/domains/sdf/lib/test/auto/MatrixJoin4.xml
----------------- Instantiating /home/travis/build/icyphy/ptII/ptolemy/domains/sdf/lib/test/auto/MatrixJoin4.xml
1 ms. Memory: 159744K Free: 64513K (40%)
----------------- Invoking toplevel() on ptolemy.moml.MoMLSimpleApplication@23101732
----------------- Done invoking toplevel() on ptolemy.moml.MoMLSimpleApplication@23101732
reloadAllAccessors: .MatrixJoin4

===========================================================================================
----------------- testing Tue Oct 27 16:29:20 UTC 2020 /home/travis/build/icyphy/ptII/ptolemy/domains/sdf/lib/test/auto/MatrixJoin5.xml
----------------- Instantiating /home/travis/build/icyphy/ptII/ptolemy/domains/sdf/lib/test/auto/MatrixJoin5.xml
2 ms. Memory: 159744K Free: 142572K (89%)
----------------- Invoking toplevel() on ptolemy.moml.MoMLSimpleApplication@462ba37a
----------------- Done invoking toplevel() on ptolemy.moml.MoMLSimpleApplication@462ba37a
reloadAllAccessors: .MatrixJoin5

===========================================================================================
----------------- testing Tue Oct 27 16:29:20 UTC 2020 /home/travis/build/icyphy/ptII/ptolemy/domains/sdf/lib/test/auto/MatrixSplit1.xml
----------------- Instantiating /home/travis/build/icyphy/ptII/ptolemy/domains/sdf/lib/test/auto/MatrixSplit1.xml
2 ms. Memory: 159744K Free: 136773K (86%)
----------------- Invoking toplevel() on ptolemy.moml.MoMLSimpleApplication@e947fb3
----------------- Done invoking toplevel() on ptolemy.moml.MoMLSimpleApplication@e947fb3
reloadAllAccessors: .MatrixSplit1

===========================================================================================
----------------- testing Tue Oct 27 16:29:21 UTC 2020 /home/travis/build/icyphy/ptII/ptolemy/domains/sdf/lib/test/auto/MatrixSplit10.xml
----------------- Instantiating /home/travis/build/icyphy/ptII/ptolemy/domains/sdf/lib/test/auto/MatrixSplit10.xml
2 ms. Memory: 159744K Free: 133191K (83%)
----------------- Invoking toplevel() on ptolemy.moml.MoMLSimpleApplication@37441ada
----------------- Done invoking toplevel() on ptolemy.moml.MoMLSimpleApplication@37441ada
reloadAllAccessors: .MatrixSplit10

===========================================================================================
----------------- testing Tue Oct 27 16:29:21 UTC 2020 /home/travis/build/icyphy/ptII/ptolemy/domains/sdf/lib/test/auto/MatrixSplit11.xml
----------------- Instantiating /home/travis/build/icyphy/ptII/ptolemy/domains/sdf/lib/test/auto/MatrixSplit11.xml
2 ms. Memory: 159744K Free: 129605K (81%)
----------------- Invoking toplevel() on ptolemy.moml.MoMLSimpleApplication@64790980
----------------- Done invoking toplevel() on ptolemy.moml.MoMLSimpleApplication@64790980
reloadAllAccessors: .MatrixSplit11

===========================================================================================
----------------- testing Tue Oct 27 16:29:21 UTC 2020 /home/travis/build/icyphy/ptII/ptolemy/domains/sdf/lib/test/auto/MatrixSplit12.xml
----------------- Instantiating /home/travis/build/icyphy/ptII/ptolemy/domains/sdf/lib/test/auto/MatrixSplit12.xml
1 ms. Memory: 159744K Free: 126023K (79%)
----------------- Invoking toplevel() on ptolemy.moml.MoMLSimpleApplication@232c2890
----------------- Done invoking toplevel() on ptolemy.moml.MoMLSimpleApplication@232c2890
reloadAllAccessors: .MatrixSplit12

===========================================================================================
----------------- testing Tue Oct 27 16:29:21 UTC 2020 /home/travis/build/icyphy/ptII/ptolemy/domains/sdf/lib/test/auto/MatrixSplit13.xml
----------------- Instantiating /home/travis/build/icyphy/ptII/ptolemy/domains/sdf/lib/test/auto/MatrixSplit13.xml
5 ms. Memory: 159744K Free: 122437K (77%)
----------------- Invoking toplevel() on ptolemy.moml.MoMLSimpleApplication@6d65a2c3
----------------- Done invoking toplevel() on ptolemy.moml.MoMLSimpleApplication@6d65a2c3
reloadAllAccessors: .MatrixSplit13

===========================================================================================
----------------- testing Tue Oct 27 16:29:21 UTC 2020 /home/travis/build/icyphy/ptII/ptolemy/domains/sdf/lib/test/auto/MatrixSplit14.xml
----------------- Instantiating /home/travis/build/icyphy/ptII/ptolemy/domains/sdf/lib/test/auto/MatrixSplit14.xml
1 ms. Memory: 159744K Free: 118855K (74%)
----------------- Invoking toplevel() on ptolemy.moml.MoMLSimpleApplication@21da96d9
----------------- Done invoking toplevel() on ptolemy.moml.MoMLSimpleApplication@21da96d9
reloadAllAccessors: .MatrixSplit14

===========================================================================================
----------------- testing Tue Oct 27 16:29:21 UTC 2020 /home/travis/build/icyphy/ptII/ptolemy/domains/sdf/lib/test/auto/MatrixSplit2.xml
----------------- Instantiating /home/travis/build/icyphy/ptII/ptolemy/domains/sdf/lib/test/auto/MatrixSplit2.xml
2 ms. Memory: 159744K Free: 115269K (72%)
----------------- Invoking toplevel() on ptolemy.moml.MoMLSimpleApplication@78cadc7e
----------------- Done invoking toplevel() on ptolemy.moml.MoMLSimpleApplication@78cadc7e
reloadAllAccessors: .MatrixSplit2

===========================================================================================
----------------- testing Tue Oct 27 16:29:21 UTC 2020 /home/travis/build/icyphy/ptII/ptolemy/domains/sdf/lib/test/auto/MatrixSplit3.xml
----------------- Instantiating /home/travis/build/icyphy/ptII/ptolemy/domains/sdf/lib/test/auto/MatrixSplit3.xml
2 ms. Memory: 159744K Free: 111687K (70%)
----------------- Invoking toplevel() on ptolemy.moml.MoMLSimpleApplication@45533ec8
----------------- Done invoking toplevel() on ptolemy.moml.MoMLSimpleApplication@45533ec8
reloadAllAccessors: .MatrixSplit3

===========================================================================================
----------------- testing Tue Oct 27 16:29:21 UTC 2020 /home/travis/build/icyphy/ptII/ptolemy/domains/sdf/lib/test/auto/MatrixSplit4.xml
----------------- Instantiating /home/travis/build/icyphy/ptII/ptolemy/domains/sdf/lib/test/auto/MatrixSplit4.xml
2 ms. Memory: 159744K Free: 108101K (68%)
----------------- Invoking toplevel() on ptolemy.moml.MoMLSimpleApplication@c434459
----------------- Done invoking toplevel() on ptolemy.moml.MoMLSimpleApplication@c434459
reloadAllAccessors: .MatrixSplit4

===========================================================================================
----------------- testing Tue Oct 27 16:29:21 UTC 2020 /home/travis/build/icyphy/ptII/ptolemy/domains/sdf/lib/test/auto/MatrixSplit5.xml
----------------- Instantiating /home/travis/build/icyphy/ptII/ptolemy/domains/sdf/lib/test/auto/MatrixSplit5.xml
9 ms. Memory: 159744K Free: 104519K (65%)
----------------- Invoking toplevel() on ptolemy.moml.MoMLSimpleApplication@26dc83bf
----------------- Done invoking toplevel() on ptolemy.moml.MoMLSimpleApplication@26dc83bf
reloadAllAccessors: .MatrixSplit5

===========================================================================================
----------------- testing Tue Oct 27 16:29:21 UTC 2020 /home/travis/build/icyphy/ptII/ptolemy/domains/sdf/lib/test/auto/MatrixSplit6.xml
----------------- Instantiating /home/travis/build/icyphy/ptII/ptolemy/domains/sdf/lib/test/auto/MatrixSplit6.xml
2 ms. Memory: 159744K Free: 100933K (63%)
----------------- Invoking toplevel() on ptolemy.moml.MoMLSimpleApplication@4f7b18b2
----------------- Done invoking toplevel() on ptolemy.moml.MoMLSimpleApplication@4f7b18b2
reloadAllAccessors: .MatrixSplit6

===========================================================================================
----------------- testing Tue Oct 27 16:29:21 UTC 2020 /home/travis/build/icyphy/ptII/ptolemy/domains/sdf/lib/test/auto/MatrixSplit7.xml
----------------- Instantiating /home/travis/build/icyphy/ptII/ptolemy/domains/sdf/lib/test/auto/MatrixSplit7.xml
3 ms. Memory: 159744K Free: 97351K (61%)
----------------- Invoking toplevel() on ptolemy.moml.MoMLSimpleApplication@70c8ca80
----------------- Done invoking toplevel() on ptolemy.moml.MoMLSimpleApplication@70c8ca80
reloadAllAccessors: .MatrixSplit7

===========================================================================================
----------------- testing Tue Oct 27 16:29:21 UTC 2020 /home/travis/build/icyphy/ptII/ptolemy/domains/sdf/lib/test/auto/MatrixSplit8.xml
----------------- Instantiating /home/travis/build/icyphy/ptII/ptolemy/domains/sdf/lib/test/auto/MatrixSplit8.xml
2 ms. Memory: 159744K Free: 93765K (59%)
----------------- Invoking toplevel() on ptolemy.moml.MoMLSimpleApplication@3f3b0d87
----------------- Done invoking toplevel() on ptolemy.moml.MoMLSimpleApplication@3f3b0d87
reloadAllAccessors: .MatrixSplit8

===========================================================================================
----------------- testing Tue Oct 27 16:29:21 UTC 2020 /home/travis/build/icyphy/ptII/ptolemy/domains/sdf/lib/test/auto/MatrixSplit9.xml
----------------- Instantiating /home/travis/build/icyphy/ptII/ptolemy/domains/sdf/lib/test/auto/MatrixSplit9.xml
3 ms. Memory: 159744K Free: 90183K (56%)
----------------- Invoking toplevel() on ptolemy.moml.MoMLSimpleApplication@389f3cbd
----------------- Done invoking toplevel() on ptolemy.moml.MoMLSimpleApplication@389f3cbd
reloadAllAccessors: .MatrixSplit9

===========================================================================================
----------------- testing Tue Oct 27 16:29:21 UTC 2020 /home/travis/build/icyphy/ptII/ptolemy/domains/sdf/lib/test/auto/MatrixToSequence.xml
----------------- Instantiating /home/travis/build/icyphy/ptII/ptolemy/domains/sdf/lib/test/auto/MatrixToSequence.xml
11 ms. Memory: 159744K Free: 80967K (51%)
----------------- Invoking toplevel() on ptolemy.moml.MoMLSimpleApplication@68363797
----------------- Done invoking toplevel() on ptolemy.moml.MoMLSimpleApplication@68363797
reloadAllAccessors: .MatrixToSequence

===========================================================================================
----------------- testing Tue Oct 27 16:29:21 UTC 2020 /home/travis/build/icyphy/ptII/ptolemy/domains/sdf/lib/test/auto/MaximumEntropySpectrum.xml
----------------- Instantiating /home/travis/build/icyphy/ptII/ptolemy/domains/sdf/lib/test/auto/MaximumEntropySpectrum.xml
12 ms. Memory: 159744K Free: 59973K (38%)
----------------- Invoking toplevel() on ptolemy.moml.MoMLSimpleApplication@59ec06d4
----------------- Done invoking toplevel() on ptolemy.moml.MoMLSimpleApplication@59ec06d4
reloadAllAccessors: .MaximumEntropySpectrum

===========================================================================================
----------------- testing Tue Oct 27 16:29:21 UTC 2020 /home/travis/build/icyphy/ptII/ptolemy/domains/sdf/lib/test/auto/SampleDelayConversion.xml
----------------- Instantiating /home/travis/build/icyphy/ptII/ptolemy/domains/sdf/lib/test/auto/SampleDelayConversion.xml
1 ms. Memory: 159744K Free: 55877K (35%)
----------------- Invoking toplevel() on ptolemy.moml.MoMLSimpleApplication@4d2871d3
----------------- Done invoking toplevel() on ptolemy.moml.MoMLSimpleApplication@4d2871d3
reloadAllAccessors: .SampleDelayConversion

===========================================================================================
----------------- testing Tue Oct 27 16:29:21 UTC 2020 /home/travis/build/icyphy/ptII/ptolemy/domains/sdf/lib/test/auto/SequenceToArray.xml
----------------- Instantiating /home/travis/build/icyphy/ptII/ptolemy/domains/sdf/lib/test/auto/SequenceToArray.xml
9 ms. Memory: 159744K Free: 136586K (86%)
----------------- Invoking toplevel() on ptolemy.moml.MoMLSimpleApplication@26b4c5ed
----------------- Done invoking toplevel() on ptolemy.moml.MoMLSimpleApplication@26b4c5ed
reloadAllAccessors: .SequenceToArray

===========================================================================================
----------------- testing Tue Oct 27 16:29:21 UTC 2020 /home/travis/build/icyphy/ptII/ptolemy/domains/sdf/lib/test/auto/SequenceToMatrix.xml
----------------- Instantiating /home/travis/build/icyphy/ptII/ptolemy/domains/sdf/lib/test/auto/SequenceToMatrix.xml
3273 ms. Memory: 159744K Free: 58309K (37%)
----------------- Invoking toplevel() on ptolemy.moml.MoMLSimpleApplication@266a5068
----------------- Done invoking toplevel() on ptolemy.moml.MoMLSimpleApplication@266a5068
reloadAllAccessors: .SequenceToMatrix

===========================================================================================
----------------- testing Tue Oct 27 16:29:24 UTC 2020 /home/travis/build/icyphy/ptII/ptolemy/domains/sdf/lib/test/auto/SmoothedPeriodogram.xml
----------------- Instantiating /home/travis/build/icyphy/ptII/ptolemy/domains/sdf/lib/test/auto/SmoothedPeriodogram.xml
11 ms. Memory: 159744K Free: 136586K (86%)
----------------- Invoking toplevel() on ptolemy.moml.MoMLSimpleApplication@4707eb87
----------------- Done invoking toplevel() on ptolemy.moml.MoMLSimpleApplication@4707eb87
reloadAllAccessors: .SmoothedPeriodogram

===========================================================================================
----------------- testing Tue Oct 27 16:29:24 UTC 2020 /home/travis/build/icyphy/ptII/ptolemy/domains/sdf/lib/test/auto/UpDownSample1.xml
----------------- Instantiating /home/travis/build/icyphy/ptII/ptolemy/domains/sdf/lib/test/auto/UpDownSample1.xml
2 ms. Memory: 159744K Free: 132490K (83%)
----------------- Invoking toplevel() on ptolemy.moml.MoMLSimpleApplication@36f9afbb
----------------- Done invoking toplevel() on ptolemy.moml.MoMLSimpleApplication@36f9afbb
reloadAllAccessors: .UpDownSample1

===========================================================================================
----------------- testing Tue Oct 27 16:29:24 UTC 2020 /home/travis/build/icyphy/ptII/ptolemy/domains/sdf/lib/test/auto/UpSample1.xml
----------------- Instantiating /home/travis/build/icyphy/ptII/ptolemy/domains/sdf/lib/test/auto/UpSample1.xml
2 ms. Memory: 159744K Free: 128908K (81%)
----------------- Invoking toplevel() on ptolemy.moml.MoMLSimpleApplication@1115e17
----------------- Done invoking toplevel() on ptolemy.moml.MoMLSimpleApplication@1115e17
reloadAllAccessors: .UpSample1

===========================================================================================
----------------- testing Tue Oct 27 16:29:24 UTC 2020 /home/travis/build/icyphy/ptII/ptolemy/domains/sdf/lib/test/auto/VariableFIR.xml
----------------- Instantiating /home/travis/build/icyphy/ptII/ptolemy/domains/sdf/lib/test/auto/VariableFIR.xml
6 ms. Memory: 159744K Free: 123788K (77%)
----------------- Invoking toplevel() on ptolemy.moml.MoMLSimpleApplication@285af591
----------------- Done invoking toplevel() on ptolemy.moml.MoMLSimpleApplication@285af591
reloadAllAccessors: .VariableFIR

===========================================================================================
----------------- testing Tue Oct 27 16:29:24 UTC 2020 /home/travis/build/icyphy/ptII/ptolemy/domains/sdf/lib/test/auto/VariableFIR2.xml
----------------- Instantiating /home/travis/build/icyphy/ptII/ptolemy/domains/sdf/lib/test/auto/VariableFIR2.xml
3 ms. Memory: 159744K Free: 118668K (74%)
----------------- Invoking toplevel() on ptolemy.moml.MoMLSimpleApplication@662642b8
----------------- Done invoking toplevel() on ptolemy.moml.MoMLSimpleApplication@662642b8
reloadAllAccessors: .VariableFIR2

===========================================================================================
----------------- testing Tue Oct 27 16:29:24 UTC 2020 /home/travis/build/icyphy/ptII/ptolemy/domains/sdf/lib/test/auto/VariableLattice.xml
----------------- Instantiating /home/travis/build/icyphy/ptII/ptolemy/domains/sdf/lib/test/auto/VariableLattice.xml
5 ms. Memory: 159744K Free: 112010K (70%)
----------------- Invoking toplevel() on ptolemy.moml.MoMLSimpleApplication@54d39893
----------------- Done invoking toplevel() on ptolemy.moml.MoMLSimpleApplication@54d39893
reloadAllAccessors: .VariableLattice

===========================================================================================
----------------- testing Tue Oct 27 16:29:24 UTC 2020 /home/travis/build/icyphy/ptII/ptolemy/domains/sdf/lib/test/auto/VariableLattice2.xml
----------------- Instantiating /home/travis/build/icyphy/ptII/ptolemy/domains/sdf/lib/test/auto/VariableLattice2.xml
1.0
-1.999999602036
1.9099998677481
-0.9099996420674
0.205
0.0
0.0
1.0
-0.25
-0.5
0.0
0.0
0.0
0.0
9 ms. Memory: 159744K Free: 107404K (67%)
----------------- Invoking toplevel() on ptolemy.moml.MoMLSimpleApplication@48ca80d1
----------------- Done invoking toplevel() on ptolemy.moml.MoMLSimpleApplication@48ca80d1
reloadAllAccessors: .VariableLattice2

===========================================================================================
----------------- testing Tue Oct 27 16:29:24 UTC 2020 /home/travis/build/icyphy/ptII/ptolemy/domains/sdf/lib/test/auto/VariableRecursiveLattice.xml
----------------- Instantiating /home/travis/build/icyphy/ptII/ptolemy/domains/sdf/lib/test/auto/VariableRecursiveLattice.xml
6 ms. Memory: 159744K Free: 102794K (64%)
----------------- Invoking toplevel() on ptolemy.moml.MoMLSimpleApplication@1f6c0943
----------------- Done invoking toplevel() on ptolemy.moml.MoMLSimpleApplication@1f6c0943
reloadAllAccessors: .VariableRecursiveLattice

===========================================================================================
----------------- testing Tue Oct 27 16:29:24 UTC 2020 /home/travis/build/icyphy/ptII/ptolemy/domains/sdf/lib/test/auto/VariableRecursiveLattice2.xml
----------------- Instantiating /home/travis/build/icyphy/ptII/ptolemy/domains/sdf/lib/test/auto/VariableRecursiveLattice2.xml
7 ms. Memory: 159744K Free: 98698K (62%)
----------------- Invoking toplevel() on ptolemy.moml.MoMLSimpleApplication@1c7091eb
----------------- Done invoking toplevel() on ptolemy.moml.MoMLSimpleApplication@1c7091eb
reloadAllAccessors: .VariableRecursiveLattice2
AutoTests.java: About to close Vertx.
AutoTests.java: Vertx closed.
]]></system-out>
  <system-err><![CDATA[]]></system-err>
</testsuite>
