<?xml version="1.0" encoding="UTF-8" ?>
<testsuite errors="0" failures="0" hostname="travis-job-b2198122-2d67-409c-aaa6-265761df2597" name="ptolemy.domains.de.test.junit.JUnitTclTest" skipped="0" tests="101" time="129.599" timestamp="2018-09-20T02:12:14">
  <properties>
[...]
</properties>
  <testcase classname="ptolemy.util.test.junit.TclTests" name="[0] /home/travis/build/icyphy/ptII/ptolemy/domains/de/test/DependencyLoop.tcl (RunTclFile)" time="0.76" />
  <testcase classname="ptolemy.util.test.junit.TclTests" name="[1] /home/travis/build/icyphy/ptII/ptolemy/domains/de/test/RunDETestsAsQSS.tcl (RunTclFile)" time="89.391" />
  <testcase classname="ptolemy.util.test.junit.AutoKnownFailedTests" name="[0] /home/travis/build/icyphy/ptII/ptolemy/domains/de/test/auto/knownFailedTests/DESDFClockTest.xml (RunModel)" time="2.039" />
  <testcase classname="ptolemy.util.test.junit.AutoKnownFailedTests" name="[1] /home/travis/build/icyphy/ptII/ptolemy/domains/de/test/auto/knownFailedTests/DirectFeedback.xml (RunModel)" time="0.011" />
  <testcase classname="ptolemy.util.test.junit.AutoKnownFailedTests" name="[2] /home/travis/build/icyphy/ptII/ptolemy/domains/de/test/auto/knownFailedTests/FSMSource.xml (RunModel)" time="0.03" />
  <testcase classname="ptolemy.util.test.junit.AutoKnownFailedTests" name="[3] /home/travis/build/icyphy/ptII/ptolemy/domains/de/test/auto/knownFailedTests/HierarchicalModel.xml (RunModel)" time="0.047" />
  <testcase classname="ptolemy.util.test.junit.AutoKnownFailedTests" name="[4] /home/travis/build/icyphy/ptII/ptolemy/domains/de/test/auto/knownFailedTests/dependencyLoop.xml (RunModel)" time="0.04" />
  <testcase classname="ptolemy.util.test.junit.AutoKnownFailedTests" name="[5] /home/travis/build/icyphy/ptII/ptolemy/domains/de/test/auto/knownFailedTests/dependencyLoop2.xml (RunModel)" time="0.037" />
  <testcase classname="ptolemy.util.test.junit.AutoNameArchTests" name="[0] ThereAreNoAutoArchTests (RunModel)" time="0.001" />
  <testcase classname="ptolemy.util.test.junit.AutoTests" name="[0] /home/travis/build/icyphy/ptII/ptolemy/domains/de/test/auto/ActorDepthCalculation_actorWithoutPorts.xml (RunModel)" time="0.014" />
  <testcase classname="ptolemy.util.test.junit.AutoTests" name="[1] /home/travis/build/icyphy/ptII/ptolemy/domains/de/test/auto/AssemblyLine.xml (RunModel)" time="0.021" />
  <testcase classname="ptolemy.util.test.junit.AutoTests" name="[2] /home/travis/build/icyphy/ptII/ptolemy/domains/de/test/auto/CQBug1.xml (RunModel)" time="0.01" />
  <testcase classname="ptolemy.util.test.junit.AutoTests" name="[3] /home/travis/build/icyphy/ptII/ptolemy/domains/de/test/auto/CancelFireAt.xml (RunModel)" time="0.005" />
  <testcase classname="ptolemy.util.test.junit.AutoTests" name="[4] /home/travis/build/icyphy/ptII/ptolemy/domains/de/test/auto/CausalityAndComposabilityAnalysis.xml (RunModel)" time="0.008" />
  <testcase classname="ptolemy.util.test.junit.AutoTests" name="[5] /home/travis/build/icyphy/ptII/ptolemy/domains/de/test/auto/CausalityInterface1.xml (RunModel)" time="0.009" />
  <testcase classname="ptolemy.util.test.junit.AutoTests" name="[6] /home/travis/build/icyphy/ptII/ptolemy/domains/de/test/auto/CausalityInterface15.xml (RunModel)" time="0.01" />
  <testcase classname="ptolemy.util.test.junit.AutoTests" name="[7] /home/travis/build/icyphy/ptII/ptolemy/domains/de/test/auto/CausalityInterface2.xml (RunModel)" time="0.008" />
  <testcase classname="ptolemy.util.test.junit.AutoTests" name="[8] /home/travis/build/icyphy/ptII/ptolemy/domains/de/test/auto/CausalityInterface3.xml (RunModel)" time="0.015" />
  <testcase classname="ptolemy.util.test.junit.AutoTests" name="[9] /home/travis/build/icyphy/ptII/ptolemy/domains/de/test/auto/ClockDrift.xml (RunModel)" time="0.025" />
  <testcase classname="ptolemy.util.test.junit.AutoTests" name="[10] /home/travis/build/icyphy/ptII/ptolemy/domains/de/test/auto/ClockDriftAndValueChange.xml (RunModel)" time="0.022" />
  <testcase classname="ptolemy.util.test.junit.AutoTests" name="[11] /home/travis/build/icyphy/ptII/ptolemy/domains/de/test/auto/ClockDriftChange.xml (RunModel)" time="0.019" />
  <testcase classname="ptolemy.util.test.junit.AutoTests" name="[12] /home/travis/build/icyphy/ptII/ptolemy/domains/de/test/auto/ComposableCausalityAnalysis.xml (RunModel)" time="0.013" />
  <testcase classname="ptolemy.util.test.junit.AutoTests" name="[13] /home/travis/build/icyphy/ptII/ptolemy/domains/de/test/auto/DEFixedPointLimitation.xml (RunModel)" time="0.007" />
  <testcase classname="ptolemy.util.test.junit.AutoTests" name="[14] /home/travis/build/icyphy/ptII/ptolemy/domains/de/test/auto/DEScheduleTest.xml (RunModel)" time="0.008" />
  <testcase classname="ptolemy.util.test.junit.AutoTests" name="[15] /home/travis/build/icyphy/ptII/ptolemy/domains/de/test/auto/DEinDEwithStartTimes.xml (RunModel)" time="0.009" />
  <testcase classname="ptolemy.util.test.junit.AutoTests" name="[16] /home/travis/build/icyphy/ptII/ptolemy/domains/de/test/auto/DEinDEwithStartTimes2.xml (RunModel)" time="0.012" />
  <testcase classname="ptolemy.util.test.junit.AutoTests" name="[17] /home/travis/build/icyphy/ptII/ptolemy/domains/de/test/auto/DateDemo.xml (RunModel)" time="0.024" />
  <testcase classname="ptolemy.util.test.junit.AutoTests" name="[18] /home/travis/build/icyphy/ptII/ptolemy/domains/de/test/auto/DateToEvent.xml (RunModel)" time="2.046" />
  <testcase classname="ptolemy.util.test.junit.AutoTests" name="[19] /home/travis/build/icyphy/ptII/ptolemy/domains/de/test/auto/DepthTest1.xml (RunModel)" time="0.008" />
  <testcase classname="ptolemy.util.test.junit.AutoTests" name="[20] /home/travis/build/icyphy/ptII/ptolemy/domains/de/test/auto/DepthTest2.xml (RunModel)" time="0.025" />
  <testcase classname="ptolemy.util.test.junit.AutoTests" name="[21] /home/travis/build/icyphy/ptII/ptolemy/domains/de/test/auto/DepthTest3.xml (RunModel)" time="0.01" />
  <testcase classname="ptolemy.util.test.junit.AutoTests" name="[22] /home/travis/build/icyphy/ptII/ptolemy/domains/de/test/auto/DepthTest4.xml (RunModel)" time="0.015" />
  <testcase classname="ptolemy.util.test.junit.AutoTests" name="[23] /home/travis/build/icyphy/ptII/ptolemy/domains/de/test/auto/DepthTest5.xml (RunModel)" time="0.017" />
  <testcase classname="ptolemy.util.test.junit.AutoTests" name="[24] /home/travis/build/icyphy/ptII/ptolemy/domains/de/test/auto/DepthTest6.xml (RunModel)" time="0.023" />
  <testcase classname="ptolemy.util.test.junit.AutoTests" name="[25] /home/travis/build/icyphy/ptII/ptolemy/domains/de/test/auto/DepthTest7.xml (RunModel)" time="0.014" />
  <testcase classname="ptolemy.util.test.junit.AutoTests" name="[26] /home/travis/build/icyphy/ptII/ptolemy/domains/de/test/auto/EventToDate.xml (RunModel)" time="3.038" />
  <testcase classname="ptolemy.util.test.junit.AutoTests" name="[27] /home/travis/build/icyphy/ptII/ptolemy/domains/de/test/auto/FSM1.xml (RunModel)" time="0.037" />
  <testcase classname="ptolemy.util.test.junit.AutoTests" name="[28] /home/travis/build/icyphy/ptII/ptolemy/domains/de/test/auto/FSM7.xml (RunModel)" time="0.057" />
  <testcase classname="ptolemy.util.test.junit.AutoTests" name="[29] /home/travis/build/icyphy/ptII/ptolemy/domains/de/test/auto/Inspection.xml (RunModel)" time="0.041" />
  <testcase classname="ptolemy.util.test.junit.AutoTests" name="[30] /home/travis/build/icyphy/ptII/ptolemy/domains/de/test/auto/Iteration.xml (RunModel)" time="0.025" />
  <testcase classname="ptolemy.util.test.junit.AutoTests" name="[31] /home/travis/build/icyphy/ptII/ptolemy/domains/de/test/auto/LineFault.xml (RunModel)" time="0.451" />
  <testcase classname="ptolemy.util.test.junit.AutoTests" name="[32] /home/travis/build/icyphy/ptII/ptolemy/domains/de/test/auto/MergeModel1Add.xml (RunModel)" time="0.047" />
  <testcase classname="ptolemy.util.test.junit.AutoTests" name="[33] /home/travis/build/icyphy/ptII/ptolemy/domains/de/test/auto/MergeModel2Add.xml (RunModel)" time="0.046" />
  <testcase classname="ptolemy.util.test.junit.AutoTests" name="[34] /home/travis/build/icyphy/ptII/ptolemy/domains/de/test/auto/MergeModel3Add.xml (RunModel)" time="0.04" />
  <testcase classname="ptolemy.util.test.junit.AutoTests" name="[35] /home/travis/build/icyphy/ptII/ptolemy/domains/de/test/auto/MergeWithoutDiscard.xml (RunModel)" time="0.01" />
  <testcase classname="ptolemy.util.test.junit.AutoTests" name="[36] /home/travis/build/icyphy/ptII/ptolemy/domains/de/test/auto/Modal1.xml (RunModel)" time="0.032" />
  <testcase classname="ptolemy.util.test.junit.AutoTests" name="[37] /home/travis/build/icyphy/ptII/ptolemy/domains/de/test/auto/Modal2.xml (RunModel)" time="0.041" />
  <testcase classname="ptolemy.util.test.junit.AutoTests" name="[38] /home/travis/build/icyphy/ptII/ptolemy/domains/de/test/auto/Modal3.xml (RunModel)" time="0.034" />
  <testcase classname="ptolemy.util.test.junit.AutoTests" name="[39] /home/travis/build/icyphy/ptII/ptolemy/domains/de/test/auto/Modal4.xml (RunModel)" time="0.038" />
  <testcase classname="ptolemy.util.test.junit.AutoTests" name="[40] /home/travis/build/icyphy/ptII/ptolemy/domains/de/test/auto/Modal5.xml (RunModel)" time="0.034" />
  <testcase classname="ptolemy.util.test.junit.AutoTests" name="[41] /home/travis/build/icyphy/ptII/ptolemy/domains/de/test/auto/Modal6.xml (RunModel)" time="0.029" />
  <testcase classname="ptolemy.util.test.junit.AutoTests" name="[42] /home/travis/build/icyphy/ptII/ptolemy/domains/de/test/auto/Modal7.xml (RunModel)" time="0.034" />
  <testcase classname="ptolemy.util.test.junit.AutoTests" name="[43] /home/travis/build/icyphy/ptII/ptolemy/domains/de/test/auto/ModalModel.xml (RunModel)" time="0.167" />
  <testcase classname="ptolemy.util.test.junit.AutoTests" name="[44] /home/travis/build/icyphy/ptII/ptolemy/domains/de/test/auto/ModalSource.xml (RunModel)" time="0.024" />
  <testcase classname="ptolemy.util.test.junit.AutoTests" name="[45] /home/travis/build/icyphy/ptII/ptolemy/domains/de/test/auto/NonInterruptibleTimerZeroDelay.xml (RunModel)" time="0.016" />
  <testcase classname="ptolemy.util.test.junit.AutoTests" name="[46] /home/travis/build/icyphy/ptII/ptolemy/domains/de/test/auto/OpenQueueingNetwork.xml (RunModel)" time="2.24" />
  <testcase classname="ptolemy.util.test.junit.AutoTests" name="[47] /home/travis/build/icyphy/ptII/ptolemy/domains/de/test/auto/OpenQueuingNetwork.xml (RunModel)" time="0.258" />
  <testcase classname="ptolemy.util.test.junit.AutoTests" name="[48] /home/travis/build/icyphy/ptII/ptolemy/domains/de/test/auto/PeriodicSampler.xml (RunModel)" time="0.01" />
  <testcase classname="ptolemy.util.test.junit.AutoTests" name="[49] /home/travis/build/icyphy/ptII/ptolemy/domains/de/test/auto/PersistentIO.xml (RunModel)" time="0.018" />
  <testcase classname="ptolemy.util.test.junit.AutoTests" name="[50] /home/travis/build/icyphy/ptII/ptolemy/domains/de/test/auto/PortParameterResetOnInitialize.xml (RunModel)" time="0.009" />
  <testcase classname="ptolemy.util.test.junit.AutoTests" name="[51] /home/travis/build/icyphy/ptII/ptolemy/domains/de/test/auto/PortParameterUpdates.xml (RunModel)" time="0.014" />
  <testcase classname="ptolemy.util.test.junit.AutoTests" name="[52] /home/travis/build/icyphy/ptII/ptolemy/domains/de/test/auto/QueueAndServer.xml (RunModel)" time="0.02" />
  <testcase classname="ptolemy.util.test.junit.AutoTests" name="[53] /home/travis/build/icyphy/ptII/ptolemy/domains/de/test/auto/Records.xml (RunModel)" time="0.021" />
  <testcase classname="ptolemy.util.test.junit.AutoTests" name="[54] /home/travis/build/icyphy/ptII/ptolemy/domains/de/test/auto/ResetTransitionWithStartTime1.xml (RunModel)" time="0.016" />
  <testcase classname="ptolemy.util.test.junit.AutoTests" name="[55] /home/travis/build/icyphy/ptII/ptolemy/domains/de/test/auto/ResetTransitionWithStartTime2.xml (RunModel)" time="0.021" />
  <testcase classname="ptolemy.util.test.junit.AutoTests" name="[56] /home/travis/build/icyphy/ptII/ptolemy/domains/de/test/auto/ResetTransitionWithStartTime3.xml (RunModel)" time="0.016" />
  <testcase classname="ptolemy.util.test.junit.AutoTests" name="[57] /home/travis/build/icyphy/ptII/ptolemy/domains/de/test/auto/ResetTransitionWithStartTime4.xml (RunModel)" time="0.016" />
  <testcase classname="ptolemy.util.test.junit.AutoTests" name="[58] /home/travis/build/icyphy/ptII/ptolemy/domains/de/test/auto/ResettableTimer1.xml (RunModel)" time="0.01" />
  <testcase classname="ptolemy.util.test.junit.AutoTests" name="[59] /home/travis/build/icyphy/ptII/ptolemy/domains/de/test/auto/ResettableTimer2.xml (RunModel)" time="0.009" />
  <testcase classname="ptolemy.util.test.junit.AutoTests" name="[60] /home/travis/build/icyphy/ptII/ptolemy/domains/de/test/auto/ResettableTimer3.xml (RunModel)" time="0.008" />
  <testcase classname="ptolemy.util.test.junit.AutoTests" name="[61] /home/travis/build/icyphy/ptII/ptolemy/domains/de/test/auto/ResettableTimer4.xml (RunModel)" time="0.007" />
  <testcase classname="ptolemy.util.test.junit.AutoTests" name="[62] /home/travis/build/icyphy/ptII/ptolemy/domains/de/test/auto/ResettableTimer5.xml (RunModel)" time="0.009" />
  <testcase classname="ptolemy.util.test.junit.AutoTests" name="[63] /home/travis/build/icyphy/ptII/ptolemy/domains/de/test/auto/ResettableTimer6.xml (RunModel)" time="0.01" />
  <testcase classname="ptolemy.util.test.junit.AutoTests" name="[64] /home/travis/build/icyphy/ptII/ptolemy/domains/de/test/auto/ServerZeroDelay.xml (RunModel)" time="0.009" />
  <testcase classname="ptolemy.util.test.junit.AutoTests" name="[65] /home/travis/build/icyphy/ptII/ptolemy/domains/de/test/auto/SmartSender.xml (RunModel)" time="3.007" />
  <testcase classname="ptolemy.util.test.junit.AutoTests" name="[66] /home/travis/build/icyphy/ptII/ptolemy/domains/de/test/auto/ThreadedComposite.xml (RunModel)" time="0.106" />
  <testcase classname="ptolemy.util.test.junit.AutoTests" name="[67] /home/travis/build/icyphy/ptII/ptolemy/domains/de/test/auto/Time.xml (RunModel)" time="0.426" />
  <testcase classname="ptolemy.util.test.junit.AutoTests" name="[68] /home/travis/build/icyphy/ptII/ptolemy/domains/de/test/auto/TimeDelayZeroDelay.xml (RunModel)" time="0.011" />
  <testcase classname="ptolemy.util.test.junit.AutoTests" name="[69] /home/travis/build/icyphy/ptII/ptolemy/domains/de/test/auto/TimerZeroDelay.xml (RunModel)" time="0.009" />
  <testcase classname="ptolemy.util.test.junit.AutoTests" name="[70] /home/travis/build/icyphy/ptII/ptolemy/domains/de/test/auto/TimingParadox.xml (RunModel)" time="0.333" />
  <testcase classname="ptolemy.util.test.junit.AutoTests" name="[71] /home/travis/build/icyphy/ptII/ptolemy/domains/de/test/auto/TransferInputs.xml (RunModel)" time="0.013" />
  <testcase classname="ptolemy.util.test.junit.AutoTests" name="[72] /home/travis/build/icyphy/ptII/ptolemy/domains/de/test/auto/TransferOutputs2.xml (RunModel)" time="0.014" />
  <testcase classname="ptolemy.util.test.junit.AutoTests" name="[73] /home/travis/build/icyphy/ptII/ptolemy/domains/de/test/auto/Trilateration.xml (RunModel)" time="11.522" />
  <testcase classname="ptolemy.util.test.junit.AutoTests" name="[74] /home/travis/build/icyphy/ptII/ptolemy/domains/de/test/auto/TwoSigmaDelta.xml (RunModel)" time="1.931" />
  <testcase classname="ptolemy.util.test.junit.AutoTests" name="[75] /home/travis/build/icyphy/ptII/ptolemy/domains/de/test/auto/VariableDelay.xml (RunModel)" time="0.011" />
  <testcase classname="ptolemy.util.test.junit.AutoTests" name="[76] /home/travis/build/icyphy/ptII/ptolemy/domains/de/test/auto/VariableDelay2.xml (RunModel)" time="0.009" />
  <testcase classname="ptolemy.util.test.junit.AutoTests" name="[77] /home/travis/build/icyphy/ptII/ptolemy/domains/de/test/auto/VariableDelayZeroDelay.xml (RunModel)" time="0.009" />
  <testcase classname="ptolemy.util.test.junit.AutoTests" name="[78] /home/travis/build/icyphy/ptII/ptolemy/domains/de/test/auto/VariableDelayZeroDelay2.xml (RunModel)" time="0.009" />
  <testcase classname="ptolemy.util.test.junit.AutoTests" name="[79] /home/travis/build/icyphy/ptII/ptolemy/domains/de/test/auto/deInCt.xml (RunModel)" time="0.013" />
  <testcase classname="ptolemy.util.test.junit.AutoTests" name="[80] /home/travis/build/icyphy/ptII/ptolemy/domains/de/test/auto/deInCt2.xml (RunModel)" time="0.016" />
  <testcase classname="ptolemy.util.test.junit.AutoTests" name="[81] /home/travis/build/icyphy/ptII/ptolemy/domains/de/test/auto/dynamicCausalityInterface1.xml (RunModel)" time="0.018" />
  <testcase classname="ptolemy.util.test.junit.AutoTests" name="[82] /home/travis/build/icyphy/ptII/ptolemy/domains/de/test/auto/fsm_de_test.xml (RunModel)" time="0.027" />
  <testcase classname="ptolemy.util.test.junit.AutoTests" name="[83] /home/travis/build/icyphy/ptII/ptolemy/domains/de/test/auto/functionDependencyReconstruction.xml (RunModel)" time="0.033" />
  <testcase classname="ptolemy.util.test.junit.AutoTests" name="[84] /home/travis/build/icyphy/ptII/ptolemy/domains/de/test/auto/multirate.xml (RunModel)" time="0.014" />
  <testcase classname="ptolemy.util.test.junit.AutoTests" name="[85] /home/travis/build/icyphy/ptII/ptolemy/domains/de/test/auto/multirate2.xml (RunModel)" time="0.014" />
  <testcase classname="ptolemy.util.test.junit.AutoTests" name="[86] /home/travis/build/icyphy/ptII/ptolemy/domains/de/test/auto/realtime.xml (RunModel)" time="10.009" />
  <testcase classname="ptolemy.util.test.junit.AutoTests" name="[87] /home/travis/build/icyphy/ptII/ptolemy/domains/de/test/auto/relationGroup.xml (RunModel)" time="0.011" />
  <testcase classname="ptolemy.util.test.junit.AutoTests" name="[88] /home/travis/build/icyphy/ptII/ptolemy/domains/de/test/auto/relationGroup2.xml (RunModel)" time="0.007" />
  <testcase classname="ptolemy.util.test.junit.AutoTests" name="[89] /home/travis/build/icyphy/ptII/ptolemy/domains/de/test/auto/sortWithOpaquePorts.xml (RunModel)" time="0.008" />
  <testcase classname="ptolemy.util.test.junit.AutoTests" name="[90] /home/travis/build/icyphy/ptII/ptolemy/domains/de/test/auto/transferInputsandOutputs.xml (RunModel)" time="0.022" />
  <testcase classname="ptolemy.util.test.junit.AutoTests" name="[91] /home/travis/build/icyphy/ptII/ptolemy/domains/de/test/auto/triggerType.xml (RunModel)" time="0.008" />
  <system-out><![CDATA[/home/travis/build/icyphy/ptII/ptolemy/domains/de/test/DependencyLoop.tcl
testDefs.tcl: setting time out to 9000 seconds at Thu Sep 20 02:12:14 UTC 2018
14 ms. Memory: 116224K Free: 93520K (80%)
6 ms. Memory: 146944K Free: 135177K (92%)
/home/travis/build/icyphy/ptII/ptolemy/domains/de/test/RunDETestsAsQSS.tcl
Run the DE tests using ptolemy.domains.qss.test.QSSDirectorTest, which extends QSSDirector and prints a message in the constructors.
------------------ testing $PTII/ptolemy/domains/de/test/auto/knownFailedTests/dependencyLoop.xml (Known Failure) 
14 ms. Memory: 146944K Free: 132065K (90%)


==== $PTIIhome/travis/build/icyphy/ptII/ptolemy/domains/de/test/../../../../: Auto Automatic test in file $PTII/ptolemy/domains/de/test/auto/knownFailedTests/dependencyLoop.xml
==== Contents of test case:

	    # FIXME: we should use $relativeFilename here, but it
	    # might have backslashes under Windows, which causes no end
	    # of trouble.
	    createAndExecute $file
	    list {}
	
.... Test generated KNOWN error:
    while executing
ptolemy.kernel.util.IllegalActionException: Found a zero delay loop containing .dependencyLoop.original
  in .dependencyLoop and .dependencyLoop.original
	at ptolemy.actor.util.CausalityInterfaceForComposites._computeOutputPortDepth(CausalityInterfaceForComposites.java:759)
	at ptolemy.actor.util.CausalityInterfaceForComposites._computeInputDepth(CausalityInterfaceForComposites.java:696)
	at ptolemy.actor.util.CausalityInterfaceForComposites._computeOutputPortDepth(CausalityInterfaceForComposites.java:765)
	at ptolemy.actor.util.CausalityInterfaceForComposites._computeInputDepth(CausalityInterfaceForComposites.java:696)
	at ptolemy.actor.util.CausalityInterfaceForComposites._computeOutputPortDepth(CausalityInterfaceForComposites.java:765)
	at ptolemy.actor.util.CausalityInterfaceForComposites._computeInputDepth(CausalityInterfaceForComposites.java:696)
	at ptolemy.actor.util.CausalityInterfaceForComposites._computeActorDepth(CausalityInterfaceForComposites.java:532)
	at ptolemy.actor.util.CausalityInterfaceForComposites.checkForCycles(CausalityInterfaceForComposites.java:96)
	at ptolemy.domains.de.kernel.DEDirector.preinitialize(DEDirector.java:1338)
	at ptolemy.actor.CompositeActor.preinitialize(CompositeActor.java:1828)
	at ptolemy.actor.Manager.preinitializeAndResolveTypes(Manager.java:1040)
	at ptolemy.actor.Manager.initialize(Manager.java:710)
	at ptolemy.actor.Manager.execute(Manager.java:356)
	at ptolemy.actor.Manager.run(Manager.java:1263)
	at ptolemy.actor.Manager$PtolemyRunThread.run(Manager.java:1915)

    while executing
ptolemy.kernel.util.IllegalActionException: Found a zero delay loop containing .dependencyLoop.original
  in .dependencyLoop and .dependencyLoop.original
    while executing
"java::new ptolemy.moml.MoMLSimpleApplication $file
"
    (procedure "createAndExecute" line 2)
    invoked from within
"createAndExecute $file"
    ("uplevel" body line 5)
    invoked from within
"uplevel $contents_of_test"
------------------ testing $PTII/ptolemy/domains/de/test/auto/knownFailedTests/DESDFClockTest.xml (Known Failure) 
2089 ms. Memory: 146944K Free: 116696K (79%)


==== $PTIIhome/travis/build/icyphy/ptII/ptolemy/domains/de/test/../../../../: Auto Automatic test in file $PTII/ptolemy/domains/de/test/auto/knownFailedTests/DESDFClockTest.xml
==== Contents of test case:

	    # FIXME: we should use $relativeFilename here, but it
	    # might have backslashes under Windows, which causes no end
	    # of trouble.
	    createAndExecute $file
	    list {}
	
.... Test generated KNOWN error:
    while executing
ptolemy.kernel.util.IllegalActionException: Actor is not ready to fire.  Perhaps UpSample.prefire() returned false? Try debugging the actor by selecting "Listen to Actor".  Also, for SDF check moml for tokenConsumptionRate on input.
  in .DESDFClockTest.Play Bell.Copy1:SDF Director and .DESDFClockTest.Play Bell.UpSample
	at ptolemy.actor.sched.StaticSchedulingDirector.fire(StaticSchedulingDirector.java:227)
	at ptolemy.domains.sdf.kernel.SDFDirector.fire(SDFDirector.java:500)
	at ptolemy.actor.CompositeActor.fire(CompositeActor.java:455)
	at ptolemy.domains.de.kernel.DEDirector._fire(DEDirector.java:1949)
	at ptolemy.domains.de.kernel.DEDirector.fire(DEDirector.java:502)
	at ptolemy.actor.CompositeActor.fire(CompositeActor.java:455)
	at ptolemy.actor.Manager.iterate(Manager.java:851)
	at ptolemy.actor.Manager.execute(Manager.java:369)
	at ptolemy.actor.Manager.run(Manager.java:1263)
	at ptolemy.actor.Manager$PtolemyRunThread.run(Manager.java:1915)

    while executing
ptolemy.kernel.util.IllegalActionException: Actor is not ready to fire.  Perhaps UpSample.prefire() returned false? Try debugging the actor by selecting "Listen to Actor".  Also, for SDF check moml for tokenConsumptionRate on input.
  in .DESDFClockTest.Play Bell.Copy1:SDF Director and .DESDFClockTest.Play Bell.UpSample
    while executing
"java::new ptolemy.moml.MoMLSimpleApplication $file
"
    (procedure "createAndExecute" line 2)
    invoked from within
"createAndExecute $file"
    ("uplevel" body line 5)
    invoked from within
"uplevel $contents_of_test"
------------------ testing $PTII/ptolemy/domains/de/test/auto/knownFailedTests/FSMSource.xml (Known Failure) 
42 ms. Memory: 146944K Free: 107203K (73%)
!!!! Auto was marked as failing, but now passes
------------------ testing $PTII/ptolemy/domains/de/test/auto/knownFailedTests/dependencyLoop2.xml (Known Failure) 
5 ms. Memory: 146944K Free: 105344K (72%)


==== $PTIIhome/travis/build/icyphy/ptII/ptolemy/domains/de/test/../../../../: Auto Automatic test in file $PTII/ptolemy/domains/de/test/auto/knownFailedTests/dependencyLoop2.xml
==== Contents of test case:

	    # FIXME: we should use $relativeFilename here, but it
	    # might have backslashes under Windows, which causes no end
	    # of trouble.
	    createAndExecute $file
	    list {}
	
.... Test generated KNOWN error:
    while executing
ptolemy.kernel.util.IllegalActionException: Found a zero delay loop containing .dependencyLoop2.original
  in .dependencyLoop2 and .dependencyLoop2.original
	at ptolemy.actor.util.CausalityInterfaceForComposites._computeOutputPortDepth(CausalityInterfaceForComposites.java:759)
	at ptolemy.actor.util.CausalityInterfaceForComposites._computeInputDepth(CausalityInterfaceForComposites.java:696)
	at ptolemy.actor.util.CausalityInterfaceForComposites._computeOutputPortDepth(CausalityInterfaceForComposites.java:765)
	at ptolemy.actor.util.CausalityInterfaceForComposites._computeInputDepth(CausalityInterfaceForComposites.java:696)
	at ptolemy.actor.util.CausalityInterfaceForComposites._computeOutputPortDepth(CausalityInterfaceForComposites.java:765)
	at ptolemy.actor.util.CausalityInterfaceForComposites._computeInputDepth(CausalityInterfaceForComposites.java:696)
	at ptolemy.actor.util.CausalityInterfaceForComposites._computeActorDepth(CausalityInterfaceForComposites.java:532)
	at ptolemy.actor.util.CausalityInterfaceForComposites.checkForCycles(CausalityInterfaceForComposites.java:96)
	at ptolemy.domains.de.kernel.DEDirector.preinitialize(DEDirector.java:1338)
	at ptolemy.actor.CompositeActor.preinitialize(CompositeActor.java:1828)
	at ptolemy.actor.Manager.preinitializeAndResolveTypes(Manager.java:1040)
	at ptolemy.actor.Manager.initialize(Manager.java:710)
	at ptolemy.actor.Manager.execute(Manager.java:356)
	at ptolemy.actor.Manager.run(Manager.java:1263)
	at ptolemy.actor.Manager$PtolemyRunThread.run(Manager.java:1915)

    while executing
ptolemy.kernel.util.IllegalActionException: Found a zero delay loop containing .dependencyLoop2.original
  in .dependencyLoop2 and .dependencyLoop2.original
    while executing
"java::new ptolemy.moml.MoMLSimpleApplication $file
"
    (procedure "createAndExecute" line 2)
    invoked from within
"createAndExecute $file"
    ("uplevel" body line 5)
    invoked from within
"uplevel $contents_of_test"
------------------ testing $PTII/ptolemy/domains/de/test/auto/knownFailedTests/HierarchicalModel.xml (Known Failure) 
5 ms. Memory: 146944K Free: 84940K (58%)


==== $PTIIhome/travis/build/icyphy/ptII/ptolemy/domains/de/test/../../../../: Auto Automatic test in file $PTII/ptolemy/domains/de/test/auto/knownFailedTests/HierarchicalModel.xml
==== Contents of test case:

	    # FIXME: we should use $relativeFilename here, but it
	    # might have backslashes under Windows, which causes no end
	    # of trouble.
	    createAndExecute $file
	    list {}
	
.... Test generated KNOWN error:
    while executing
ptolemy.kernel.util.IllegalActionException: Found a zero delay loop containing .HierarchicalModel.A
  in .HierarchicalModel and .HierarchicalModel.A
	at ptolemy.actor.util.CausalityInterfaceForComposites._computeOutputPortDepth(CausalityInterfaceForComposites.java:759)
	at ptolemy.actor.util.CausalityInterfaceForComposites._computeInputDepth(CausalityInterfaceForComposites.java:696)
	at ptolemy.actor.util.CausalityInterfaceForComposites._computeOutputPortDepth(CausalityInterfaceForComposites.java:765)
	at ptolemy.actor.util.CausalityInterfaceForComposites._computeInputDepth(CausalityInterfaceForComposites.java:696)
	at ptolemy.actor.util.CausalityInterfaceForComposites._computeOutputPortDepth(CausalityInterfaceForComposites.java:765)
	at ptolemy.actor.util.CausalityInterfaceForComposites._computeInputDepth(CausalityInterfaceForComposites.java:696)
	at ptolemy.actor.util.CausalityInterfaceForComposites._computeActorDepth(CausalityInterfaceForComposites.java:532)
	at ptolemy.actor.util.CausalityInterfaceForComposites.checkForCycles(CausalityInterfaceForComposites.java:96)
	at ptolemy.domains.de.kernel.DEDirector.preinitialize(DEDirector.java:1338)
	at ptolemy.actor.CompositeActor.preinitialize(CompositeActor.java:1828)
	at ptolemy.actor.Manager.preinitializeAndResolveTypes(Manager.java:1040)
	at ptolemy.actor.Manager.initialize(Manager.java:710)
	at ptolemy.actor.Manager.execute(Manager.java:356)
	at ptolemy.actor.Manager.run(Manager.java:1263)
	at ptolemy.actor.Manager$PtolemyRunThread.run(Manager.java:1915)

    while executing
ptolemy.kernel.util.IllegalActionException: Found a zero delay loop containing .HierarchicalModel.A
  in .HierarchicalModel and .HierarchicalModel.A
    while executing
"java::new ptolemy.moml.MoMLSimpleApplication $file
"
    (procedure "createAndExecute" line 2)
    invoked from within
"createAndExecute $file"
    ("uplevel" body line 5)
    invoked from within
"uplevel $contents_of_test"
------------------ testing $PTII/ptolemy/domains/de/test/auto/knownFailedTests/DirectFeedback.xml (Known Failure) 
7 ms. Memory: 146944K Free: 141108K (96%)


==== $PTIIhome/travis/build/icyphy/ptII/ptolemy/domains/de/test/../../../../: Auto Automatic test in file $PTII/ptolemy/domains/de/test/auto/knownFailedTests/DirectFeedback.xml
==== Contents of test case:

	    # FIXME: we should use $relativeFilename here, but it
	    # might have backslashes under Windows, which causes no end
	    # of trouble.
	    createAndExecute $file
	    list {}
	
.... Test generated KNOWN error:
    while executing
ptolemy.kernel.util.IllegalActionException: Test fails in iteration 1.
Value was: 1.0. Should have been: 2.0
  in .DirectFeedback.Test
	at ptolemy.actor.lib.Test.fire(Test.java:268)
	at ptolemy.domains.de.kernel.DEDirector._fire(DEDirector.java:1949)
	at ptolemy.domains.de.kernel.DEDirector.fire(DEDirector.java:502)
	at ptolemy.actor.CompositeActor.fire(CompositeActor.java:455)
	at ptolemy.actor.Manager.iterate(Manager.java:851)
	at ptolemy.actor.Manager.execute(Manager.java:369)
	at ptolemy.actor.Manager.run(Manager.java:1263)
	at ptolemy.actor.Manager$PtolemyRunThread.run(Manager.java:1915)

    while executing
ptolemy.kernel.util.IllegalActionException: Test fails in iteration 1.
Value was: 1.0. Should have been: 2.0
  in .DirectFeedback.Test
    while executing
"java::new ptolemy.moml.MoMLSimpleApplication $file
"
    (procedure "createAndExecute" line 2)
    invoked from within
"createAndExecute $file"
    ("uplevel" body line 5)
    invoked from within
"uplevel $contents_of_test"
------------------ testing $PTII/ptolemy/domains/de/test/auto/ActorDepthCalculation_actorWithoutPorts.xml
auto.tcl: Setting watchdog for 200 seconds at Thu Sep 20 02:12:17 UTC 2018
8 ms. Memory: 146944K Free: 132448K (90%)
ptolemy.util.test.WatchDog.cancel(): canceling Thu Sep 20 02:12:17 UTC 2018
auto.tcl: Setting watchdog for 200 seconds at Thu Sep 20 02:12:17 UTC 2018
4 ms. Memory: 146944K Free: 131414K (89%)
ptolemy.util.test.WatchDog.cancel(): canceling Thu Sep 20 02:12:17 UTC 2018
------------------ testing $PTII/ptolemy/domains/de/test/auto/AssemblyLine.xml
auto.tcl: Setting watchdog for 200 seconds at Thu Sep 20 02:12:18 UTC 2018
36 ms. Memory: 208384K Free: 182849K (88%)
ptolemy.util.test.WatchDog.cancel(): canceling Thu Sep 20 02:12:18 UTC 2018
auto.tcl: Setting watchdog for 200 seconds at Thu Sep 20 02:12:18 UTC 2018
11 ms. Memory: 208384K Free: 182849K (88%)
ptolemy.util.test.WatchDog.cancel(): canceling Thu Sep 20 02:12:18 UTC 2018
------------------ testing $PTII/ptolemy/domains/de/test/auto/CQBug1.xml
auto.tcl: Setting watchdog for 200 seconds at Thu Sep 20 02:12:18 UTC 2018
7 ms. Memory: 208384K Free: 197372K (95%)
ptolemy.util.test.WatchDog.cancel(): canceling Thu Sep 20 02:12:18 UTC 2018
auto.tcl: Setting watchdog for 200 seconds at Thu Sep 20 02:12:18 UTC 2018
1 ms. Memory: 208384K Free: 197372K (95%)
ptolemy.util.test.WatchDog.cancel(): canceling Thu Sep 20 02:12:18 UTC 2018
------------------ testing $PTII/ptolemy/domains/de/test/auto/CancelFireAt.xml
auto.tcl: Setting watchdog for 200 seconds at Thu Sep 20 02:12:18 UTC 2018
6 ms. Memory: 208384K Free: 201424K (97%)
ptolemy.util.test.WatchDog.cancel(): canceling Thu Sep 20 02:12:18 UTC 2018
auto.tcl: Setting watchdog for 200 seconds at Thu Sep 20 02:12:18 UTC 2018
3 ms. Memory: 208384K Free: 198991K (95%)
ptolemy.util.test.WatchDog.cancel(): canceling Thu Sep 20 02:12:18 UTC 2018
------------------ testing $PTII/ptolemy/domains/de/test/auto/CausalityAndComposabilityAnalysis.xml
auto.tcl: Setting watchdog for 200 seconds at Thu Sep 20 02:12:18 UTC 2018
11 ms. Memory: 208384K Free: 196906K (94%)
ptolemy.util.test.WatchDog.cancel(): canceling Thu Sep 20 02:12:18 UTC 2018
auto.tcl: Setting watchdog for 200 seconds at Thu Sep 20 02:12:18 UTC 2018
4 ms. Memory: 208384K Free: 196906K (94%)
ptolemy.util.test.WatchDog.cancel(): canceling Thu Sep 20 02:12:18 UTC 2018
------------------ testing $PTII/ptolemy/domains/de/test/auto/CausalityInterface1.xml
auto.tcl: Setting watchdog for 200 seconds at Thu Sep 20 02:12:18 UTC 2018
11 ms. Memory: 208384K Free: 196434K (94%)
ptolemy.util.test.WatchDog.cancel(): canceling Thu Sep 20 02:12:18 UTC 2018
auto.tcl: Setting watchdog for 200 seconds at Thu Sep 20 02:12:18 UTC 2018
5 ms. Memory: 208384K Free: 196434K (94%)
ptolemy.util.test.WatchDog.cancel(): canceling Thu Sep 20 02:12:18 UTC 2018
------------------ testing $PTII/ptolemy/domains/de/test/auto/CausalityInterface15.xml
auto.tcl: Setting watchdog for 200 seconds at Thu Sep 20 02:12:18 UTC 2018
8 ms. Memory: 208384K Free: 196425K (94%)
ptolemy.util.test.WatchDog.cancel(): canceling Thu Sep 20 02:12:18 UTC 2018
auto.tcl: Setting watchdog for 200 seconds at Thu Sep 20 02:12:18 UTC 2018
7 ms. Memory: 208384K Free: 196425K (94%)
ptolemy.util.test.WatchDog.cancel(): canceling Thu Sep 20 02:12:18 UTC 2018
------------------ testing $PTII/ptolemy/domains/de/test/auto/CausalityInterface2.xml
auto.tcl: Setting watchdog for 200 seconds at Thu Sep 20 02:12:18 UTC 2018
6 ms. Memory: 208384K Free: 196408K (94%)
ptolemy.util.test.WatchDog.cancel(): canceling Thu Sep 20 02:12:18 UTC 2018
auto.tcl: Setting watchdog for 200 seconds at Thu Sep 20 02:12:18 UTC 2018
2 ms. Memory: 208384K Free: 196408K (94%)
ptolemy.util.test.WatchDog.cancel(): canceling Thu Sep 20 02:12:18 UTC 2018
------------------ testing $PTII/ptolemy/domains/de/test/auto/CausalityInterface3.xml
auto.tcl: Setting watchdog for 200 seconds at Thu Sep 20 02:12:19 UTC 2018
6 ms. Memory: 208384K Free: 196421K (94%)
ptolemy.util.test.WatchDog.cancel(): canceling Thu Sep 20 02:12:19 UTC 2018
auto.tcl: Setting watchdog for 200 seconds at Thu Sep 20 02:12:19 UTC 2018
7 ms. Memory: 208384K Free: 196421K (94%)
ptolemy.util.test.WatchDog.cancel(): canceling Thu Sep 20 02:12:19 UTC 2018
------------------ testing $PTII/ptolemy/domains/de/test/auto/ClockDrift.xml
auto.tcl: Setting watchdog for 200 seconds at Thu Sep 20 02:12:19 UTC 2018
94 ms. Memory: 208384K Free: 187672K (90%)
ptolemy.util.test.WatchDog.cancel(): canceling Thu Sep 20 02:12:19 UTC 2018
auto.tcl: Setting watchdog for 200 seconds at Thu Sep 20 02:12:19 UTC 2018
39 ms. Memory: 208384K Free: 185578K (89%)
ptolemy.util.test.WatchDog.cancel(): canceling Thu Sep 20 02:12:19 UTC 2018
------------------ testing $PTII/ptolemy/domains/de/test/auto/ClockDriftAndValueChange.xml
auto.tcl: Setting watchdog for 200 seconds at Thu Sep 20 02:12:19 UTC 2018
50 ms. Memory: 208384K Free: 187507K (90%)
ptolemy.util.test.WatchDog.cancel(): canceling Thu Sep 20 02:12:19 UTC 2018
auto.tcl: Setting watchdog for 200 seconds at Thu Sep 20 02:12:19 UTC 2018
33 ms. Memory: 208384K Free: 185413K (89%)
ptolemy.util.test.WatchDog.cancel(): canceling Thu Sep 20 02:12:19 UTC 2018
------------------ testing $PTII/ptolemy/domains/de/test/auto/ClockDriftChange.xml
auto.tcl: Setting watchdog for 200 seconds at Thu Sep 20 02:12:19 UTC 2018
39 ms. Memory: 208384K Free: 190830K (92%)
ptolemy.util.test.WatchDog.cancel(): canceling Thu Sep 20 02:12:19 UTC 2018
auto.tcl: Setting watchdog for 200 seconds at Thu Sep 20 02:12:19 UTC 2018
27 ms. Memory: 208384K Free: 188736K (91%)
ptolemy.util.test.WatchDog.cancel(): canceling Thu Sep 20 02:12:19 UTC 2018
------------------ testing $PTII/ptolemy/domains/de/test/auto/ComposableCausalityAnalysis.xml
auto.tcl: Setting watchdog for 200 seconds at Thu Sep 20 02:12:19 UTC 2018
2 ms. Memory: 208384K Free: 196283K (94%)
ptolemy.util.test.WatchDog.cancel(): canceling Thu Sep 20 02:12:19 UTC 2018
auto.tcl: Setting watchdog for 200 seconds at Thu Sep 20 02:12:19 UTC 2018
2 ms. Memory: 208384K Free: 194189K (93%)
ptolemy.util.test.WatchDog.cancel(): canceling Thu Sep 20 02:12:19 UTC 2018
------------------ testing $PTII/ptolemy/domains/de/test/auto/DEFixedPointLimitation.xml
auto.tcl: Setting watchdog for 200 seconds at Thu Sep 20 02:12:19 UTC 2018
2 ms. Memory: 208384K Free: 196363K (94%)
ptolemy.util.test.WatchDog.cancel(): canceling Thu Sep 20 02:12:19 UTC 2018
auto.tcl: Setting watchdog for 200 seconds at Thu Sep 20 02:12:19 UTC 2018
1 ms. Memory: 208384K Free: 196363K (94%)
ptolemy.util.test.WatchDog.cancel(): canceling Thu Sep 20 02:12:19 UTC 2018
------------------ testing $PTII/ptolemy/domains/de/test/auto/DEScheduleTest.xml
auto.tcl: Setting watchdog for 200 seconds at Thu Sep 20 02:12:19 UTC 2018
5 ms. Memory: 208384K Free: 198493K (95%)
ptolemy.util.test.WatchDog.cancel(): canceling Thu Sep 20 02:12:19 UTC 2018
auto.tcl: Setting watchdog for 200 seconds at Thu Sep 20 02:12:19 UTC 2018
5 ms. Memory: 208384K Free: 196399K (94%)
ptolemy.util.test.WatchDog.cancel(): canceling Thu Sep 20 02:12:19 UTC 2018
------------------ testing $PTII/ptolemy/domains/de/test/auto/DEinDEwithStartTimes.xml
auto.tcl: Setting watchdog for 200 seconds at Thu Sep 20 02:12:20 UTC 2018
4 ms. Memory: 208384K Free: 196369K (94%)
ptolemy.util.test.WatchDog.cancel(): canceling Thu Sep 20 02:12:20 UTC 2018
auto.tcl: Setting watchdog for 200 seconds at Thu Sep 20 02:12:20 UTC 2018
3 ms. Memory: 208384K Free: 194275K (93%)
ptolemy.util.test.WatchDog.cancel(): canceling Thu Sep 20 02:12:20 UTC 2018
------------------ testing $PTII/ptolemy/domains/de/test/auto/DEinDEwithStartTimes2.xml
auto.tcl: Setting watchdog for 200 seconds at Thu Sep 20 02:12:20 UTC 2018
4 ms. Memory: 208384K Free: 196686K (94%)
ptolemy.util.test.WatchDog.cancel(): canceling Thu Sep 20 02:12:20 UTC 2018
auto.tcl: Setting watchdog for 200 seconds at Thu Sep 20 02:12:20 UTC 2018
4 ms. Memory: 208384K Free: 194254K (93%)
ptolemy.util.test.WatchDog.cancel(): canceling Thu Sep 20 02:12:20 UTC 2018
------------------ testing $PTII/ptolemy/domains/de/test/auto/DateDemo.xml
auto.tcl: Setting watchdog for 200 seconds at Thu Sep 20 02:12:20 UTC 2018
19 ms. Memory: 208384K Free: 188812K (91%)
ptolemy.util.test.WatchDog.cancel(): canceling Thu Sep 20 02:12:20 UTC 2018
auto.tcl: Setting watchdog for 200 seconds at Thu Sep 20 02:12:20 UTC 2018
6 ms. Memory: 208384K Free: 186718K (90%)
ptolemy.util.test.WatchDog.cancel(): canceling Thu Sep 20 02:12:20 UTC 2018
------------------ testing $PTII/ptolemy/domains/de/test/auto/DateToEvent.xml
auto.tcl: Setting watchdog for 200 seconds at Thu Sep 20 02:12:20 UTC 2018
2015 ms. Memory: 208384K Free: 183537K (88%)
ptolemy.util.test.WatchDog.cancel(): canceling Thu Sep 20 02:12:22 UTC 2018
auto.tcl: Setting watchdog for 200 seconds at Thu Sep 20 02:12:22 UTC 2018
2009 ms. Memory: 208384K Free: 181079K (87%)
ptolemy.util.test.WatchDog.cancel(): canceling Thu Sep 20 02:12:24 UTC 2018
------------------ testing $PTII/ptolemy/domains/de/test/auto/DepthTest1.xml
auto.tcl: Setting watchdog for 200 seconds at Thu Sep 20 02:12:24 UTC 2018
4 ms. Memory: 208384K Free: 198021K (95%)
ptolemy.util.test.WatchDog.cancel(): canceling Thu Sep 20 02:12:24 UTC 2018
auto.tcl: Setting watchdog for 200 seconds at Thu Sep 20 02:12:24 UTC 2018
6 ms. Memory: 208384K Free: 198021K (95%)
ptolemy.util.test.WatchDog.cancel(): canceling Thu Sep 20 02:12:24 UTC 2018
------------------ testing $PTII/ptolemy/domains/de/test/auto/DepthTest2.xml
auto.tcl: Setting watchdog for 200 seconds at Thu Sep 20 02:12:24 UTC 2018
3 ms. Memory: 208384K Free: 194235K (93%)
ptolemy.util.test.WatchDog.cancel(): canceling Thu Sep 20 02:12:24 UTC 2018
auto.tcl: Setting watchdog for 200 seconds at Thu Sep 20 02:12:24 UTC 2018
4 ms. Memory: 208384K Free: 194235K (93%)
ptolemy.util.test.WatchDog.cancel(): canceling Thu Sep 20 02:12:24 UTC 2018
------------------ testing $PTII/ptolemy/domains/de/test/auto/DepthTest3.xml
auto.tcl: Setting watchdog for 200 seconds at Thu Sep 20 02:12:24 UTC 2018
5 ms. Memory: 208384K Free: 198356K (95%)
ptolemy.util.test.WatchDog.cancel(): canceling Thu Sep 20 02:12:24 UTC 2018
auto.tcl: Setting watchdog for 200 seconds at Thu Sep 20 02:12:24 UTC 2018
1 ms. Memory: 208384K Free: 198356K (95%)
ptolemy.util.test.WatchDog.cancel(): canceling Thu Sep 20 02:12:24 UTC 2018
------------------ testing $PTII/ptolemy/domains/de/test/auto/DepthTest4.xml
auto.tcl: Setting watchdog for 200 seconds at Thu Sep 20 02:12:24 UTC 2018
3 ms. Memory: 208384K Free: 196349K (94%)
ptolemy.util.test.WatchDog.cancel(): canceling Thu Sep 20 02:12:24 UTC 2018
auto.tcl: Setting watchdog for 200 seconds at Thu Sep 20 02:12:24 UTC 2018
2 ms. Memory: 208384K Free: 196349K (94%)
ptolemy.util.test.WatchDog.cancel(): canceling Thu Sep 20 02:12:24 UTC 2018
------------------ testing $PTII/ptolemy/domains/de/test/auto/DepthTest5.xml
auto.tcl: Setting watchdog for 200 seconds at Thu Sep 20 02:12:24 UTC 2018
4 ms. Memory: 208384K Free: 196634K (94%)
ptolemy.util.test.WatchDog.cancel(): canceling Thu Sep 20 02:12:24 UTC 2018
auto.tcl: Setting watchdog for 200 seconds at Thu Sep 20 02:12:24 UTC 2018
2 ms. Memory: 208384K Free: 196634K (94%)
ptolemy.util.test.WatchDog.cancel(): canceling Thu Sep 20 02:12:24 UTC 2018
------------------ testing $PTII/ptolemy/domains/de/test/auto/DepthTest6.xml
auto.tcl: Setting watchdog for 200 seconds at Thu Sep 20 02:12:24 UTC 2018
7 ms. Memory: 208384K Free: 196602K (94%)
ptolemy.util.test.WatchDog.cancel(): canceling Thu Sep 20 02:12:24 UTC 2018
auto.tcl: Setting watchdog for 200 seconds at Thu Sep 20 02:12:24 UTC 2018
2 ms. Memory: 208384K Free: 196602K (94%)
ptolemy.util.test.WatchDog.cancel(): canceling Thu Sep 20 02:12:24 UTC 2018
------------------ testing $PTII/ptolemy/domains/de/test/auto/DepthTest7.xml
auto.tcl: Setting watchdog for 200 seconds at Thu Sep 20 02:12:24 UTC 2018
3 ms. Memory: 208384K Free: 195024K (94%)
ptolemy.util.test.WatchDog.cancel(): canceling Thu Sep 20 02:12:24 UTC 2018
auto.tcl: Setting watchdog for 200 seconds at Thu Sep 20 02:12:24 UTC 2018
2 ms. Memory: 208384K Free: 195024K (94%)
ptolemy.util.test.WatchDog.cancel(): canceling Thu Sep 20 02:12:24 UTC 2018
------------------ testing $PTII/ptolemy/domains/de/test/auto/EventToDate.xml
auto.tcl: Setting watchdog for 200 seconds at Thu Sep 20 02:12:24 UTC 2018
3012 ms. Memory: 208384K Free: 185806K (89%)
ptolemy.util.test.WatchDog.cancel(): canceling Thu Sep 20 02:12:28 UTC 2018
auto.tcl: Setting watchdog for 200 seconds at Thu Sep 20 02:12:28 UTC 2018
3004 ms. Memory: 208384K Free: 185806K (89%)
ptolemy.util.test.WatchDog.cancel(): canceling Thu Sep 20 02:12:31 UTC 2018
------------------ testing $PTII/ptolemy/domains/de/test/auto/FSM1.xml
auto.tcl: Setting watchdog for 200 seconds at Thu Sep 20 02:12:31 UTC 2018
24 ms. Memory: 208384K Free: 189318K (91%)
ptolemy.util.test.WatchDog.cancel(): canceling Thu Sep 20 02:12:31 UTC 2018
auto.tcl: Setting watchdog for 200 seconds at Thu Sep 20 02:12:31 UTC 2018
19 ms. Memory: 208384K Free: 185130K (89%)
ptolemy.util.test.WatchDog.cancel(): canceling Thu Sep 20 02:12:31 UTC 2018
------------------ testing $PTII/ptolemy/domains/de/test/auto/FSM7.xml
auto.tcl: Setting watchdog for 200 seconds at Thu Sep 20 02:12:31 UTC 2018
14 ms. Memory: 208384K Free: 187427K (90%)
ptolemy.util.test.WatchDog.cancel(): canceling Thu Sep 20 02:12:31 UTC 2018
auto.tcl: Setting watchdog for 200 seconds at Thu Sep 20 02:12:31 UTC 2018
14 ms. Memory: 208384K Free: 185334K (89%)
ptolemy.util.test.WatchDog.cancel(): canceling Thu Sep 20 02:12:31 UTC 2018
------------------ testing $PTII/ptolemy/domains/de/test/auto/Inspection.xml
auto.tcl: Setting watchdog for 200 seconds at Thu Sep 20 02:12:31 UTC 2018
37 ms. Memory: 208384K Free: 188433K (90%)
ptolemy.util.test.WatchDog.cancel(): canceling Thu Sep 20 02:12:31 UTC 2018
auto.tcl: Setting watchdog for 200 seconds at Thu Sep 20 02:12:31 UTC 2018
40 ms. Memory: 208384K Free: 186339K (89%)
ptolemy.util.test.WatchDog.cancel(): canceling Thu Sep 20 02:12:31 UTC 2018
------------------ testing $PTII/ptolemy/domains/de/test/auto/Iteration.xml
auto.tcl: Setting watchdog for 200 seconds at Thu Sep 20 02:12:31 UTC 2018
11 ms. Memory: 208384K Free: 196188K (94%)
ptolemy.util.test.WatchDog.cancel(): canceling Thu Sep 20 02:12:31 UTC 2018
auto.tcl: Setting watchdog for 200 seconds at Thu Sep 20 02:12:31 UTC 2018
9 ms. Memory: 208384K Free: 193757K (93%)
ptolemy.util.test.WatchDog.cancel(): canceling Thu Sep 20 02:12:31 UTC 2018
------------------ testing $PTII/ptolemy/domains/de/test/auto/LineFault.xml
auto.tcl: Setting watchdog for 200 seconds at Thu Sep 20 02:12:31 UTC 2018
733 ms. Memory: 208384K Free: 195987K (94%)
ptolemy.util.test.WatchDog.cancel(): canceling Thu Sep 20 02:12:32 UTC 2018
auto.tcl: Setting watchdog for 200 seconds at Thu Sep 20 02:12:32 UTC 2018
594 ms. Memory: 208384K Free: 138820K (67%)
ptolemy.util.test.WatchDog.cancel(): canceling Thu Sep 20 02:12:33 UTC 2018
------------------ testing $PTII/ptolemy/domains/de/test/auto/MergeModel1Add.xml
auto.tcl: Setting watchdog for 200 seconds at Thu Sep 20 02:12:33 UTC 2018
21 ms. Memory: 331264K Free: 298666K (90%)
ptolemy.util.test.WatchDog.cancel(): canceling Thu Sep 20 02:12:33 UTC 2018
auto.tcl: Setting watchdog for 200 seconds at Thu Sep 20 02:12:33 UTC 2018
13 ms. Memory: 331264K Free: 298666K (90%)
ptolemy.util.test.WatchDog.cancel(): canceling Thu Sep 20 02:12:33 UTC 2018
------------------ testing $PTII/ptolemy/domains/de/test/auto/MergeModel2Add.xml
auto.tcl: Setting watchdog for 200 seconds at Thu Sep 20 02:12:33 UTC 2018
9 ms. Memory: 331264K Free: 303949K (92%)
ptolemy.util.test.WatchDog.cancel(): canceling Thu Sep 20 02:12:33 UTC 2018
auto.tcl: Setting watchdog for 200 seconds at Thu Sep 20 02:12:33 UTC 2018
12 ms. Memory: 331264K Free: 300005K (91%)
ptolemy.util.test.WatchDog.cancel(): canceling Thu Sep 20 02:12:33 UTC 2018
------------------ testing $PTII/ptolemy/domains/de/test/auto/MergeModel3Add.xml
auto.tcl: Setting watchdog for 200 seconds at Thu Sep 20 02:12:33 UTC 2018
13 ms. Memory: 331264K Free: 303959K (92%)
ptolemy.util.test.WatchDog.cancel(): canceling Thu Sep 20 02:12:33 UTC 2018
auto.tcl: Setting watchdog for 200 seconds at Thu Sep 20 02:12:33 UTC 2018
11 ms. Memory: 331264K Free: 300015K (91%)
ptolemy.util.test.WatchDog.cancel(): canceling Thu Sep 20 02:12:33 UTC 2018
------------------ testing $PTII/ptolemy/domains/de/test/auto/MergeWithoutDiscard.xml
auto.tcl: Setting watchdog for 200 seconds at Thu Sep 20 02:12:33 UTC 2018
3 ms. Memory: 331264K Free: 320019K (97%)
ptolemy.util.test.WatchDog.cancel(): canceling Thu Sep 20 02:12:33 UTC 2018
auto.tcl: Setting watchdog for 200 seconds at Thu Sep 20 02:12:33 UTC 2018
1 ms. Memory: 331264K Free: 316075K (95%)
ptolemy.util.test.WatchDog.cancel(): canceling Thu Sep 20 02:12:33 UTC 2018
------------------ testing $PTII/ptolemy/domains/de/test/auto/Modal1.xml
auto.tcl: Setting watchdog for 200 seconds at Thu Sep 20 02:12:33 UTC 2018
20 ms. Memory: 331264K Free: 309685K (93%)
ptolemy.util.test.WatchDog.cancel(): canceling Thu Sep 20 02:12:33 UTC 2018
auto.tcl: Setting watchdog for 200 seconds at Thu Sep 20 02:12:33 UTC 2018
26 ms. Memory: 331264K Free: 305741K (92%)
ptolemy.util.test.WatchDog.cancel(): canceling Thu Sep 20 02:12:33 UTC 2018
------------------ testing $PTII/ptolemy/domains/de/test/auto/Modal2.xml
auto.tcl: Setting watchdog for 200 seconds at Thu Sep 20 02:12:33 UTC 2018
21 ms. Memory: 331264K Free: 309567K (93%)
ptolemy.util.test.WatchDog.cancel(): canceling Thu Sep 20 02:12:33 UTC 2018
auto.tcl: Setting watchdog for 200 seconds at Thu Sep 20 02:12:33 UTC 2018
16 ms. Memory: 331264K Free: 305622K (92%)
ptolemy.util.test.WatchDog.cancel(): canceling Thu Sep 20 02:12:33 UTC 2018
------------------ testing $PTII/ptolemy/domains/de/test/auto/Modal3.xml
auto.tcl: Setting watchdog for 200 seconds at Thu Sep 20 02:12:33 UTC 2018
15 ms. Memory: 331264K Free: 309843K (94%)
ptolemy.util.test.WatchDog.cancel(): canceling Thu Sep 20 02:12:33 UTC 2018
auto.tcl: Setting watchdog for 200 seconds at Thu Sep 20 02:12:33 UTC 2018
11 ms. Memory: 331264K Free: 305613K (92%)
ptolemy.util.test.WatchDog.cancel(): canceling Thu Sep 20 02:12:34 UTC 2018
------------------ testing $PTII/ptolemy/domains/de/test/auto/Modal4.xml
auto.tcl: Setting watchdog for 200 seconds at Thu Sep 20 02:12:34 UTC 2018
15 ms. Memory: 331264K Free: 309571K (93%)
ptolemy.util.test.WatchDog.cancel(): canceling Thu Sep 20 02:12:34 UTC 2018
auto.tcl: Setting watchdog for 200 seconds at Thu Sep 20 02:12:34 UTC 2018
13 ms. Memory: 331264K Free: 305626K (92%)
ptolemy.util.test.WatchDog.cancel(): canceling Thu Sep 20 02:12:34 UTC 2018
------------------ testing $PTII/ptolemy/domains/de/test/auto/Modal5.xml
auto.tcl: Setting watchdog for 200 seconds at Thu Sep 20 02:12:34 UTC 2018
13 ms. Memory: 331264K Free: 309558K (93%)
ptolemy.util.test.WatchDog.cancel(): canceling Thu Sep 20 02:12:34 UTC 2018
auto.tcl: Setting watchdog for 200 seconds at Thu Sep 20 02:12:34 UTC 2018
13 ms. Memory: 331264K Free: 305614K (92%)
ptolemy.util.test.WatchDog.cancel(): canceling Thu Sep 20 02:12:34 UTC 2018
------------------ testing $PTII/ptolemy/domains/de/test/auto/Modal6.xml
auto.tcl: Setting watchdog for 200 seconds at Thu Sep 20 02:12:34 UTC 2018
15 ms. Memory: 331264K Free: 309555K (93%)
ptolemy.util.test.WatchDog.cancel(): canceling Thu Sep 20 02:12:34 UTC 2018
auto.tcl: Setting watchdog for 200 seconds at Thu Sep 20 02:12:34 UTC 2018
15 ms. Memory: 331264K Free: 305611K (92%)
ptolemy.util.test.WatchDog.cancel(): canceling Thu Sep 20 02:12:34 UTC 2018
------------------ testing $PTII/ptolemy/domains/de/test/auto/Modal7.xml
auto.tcl: Setting watchdog for 200 seconds at Thu Sep 20 02:12:34 UTC 2018
17 ms. Memory: 331264K Free: 309555K (93%)
ptolemy.util.test.WatchDog.cancel(): canceling Thu Sep 20 02:12:34 UTC 2018
auto.tcl: Setting watchdog for 200 seconds at Thu Sep 20 02:12:34 UTC 2018
11 ms. Memory: 331264K Free: 305611K (92%)
ptolemy.util.test.WatchDog.cancel(): canceling Thu Sep 20 02:12:34 UTC 2018
------------------ testing $PTII/ptolemy/domains/de/test/auto/ModalModel.xml
auto.tcl: Setting watchdog for 200 seconds at Thu Sep 20 02:12:34 UTC 2018
193 ms. Memory: 331264K Free: 246081K (74%)
ptolemy.util.test.WatchDog.cancel(): canceling Thu Sep 20 02:12:34 UTC 2018
auto.tcl: Setting watchdog for 200 seconds at Thu Sep 20 02:12:34 UTC 2018
173 ms. Memory: 331264K Free: 190861K (58%)
ptolemy.util.test.WatchDog.cancel(): canceling Thu Sep 20 02:12:34 UTC 2018
------------------ testing $PTII/ptolemy/domains/de/test/auto/ModalSource.xml
auto.tcl: Setting watchdog for 200 seconds at Thu Sep 20 02:12:34 UTC 2018
6 ms. Memory: 331264K Free: 316336K (95%)
ptolemy.util.test.WatchDog.cancel(): canceling Thu Sep 20 02:12:34 UTC 2018
auto.tcl: Setting watchdog for 200 seconds at Thu Sep 20 02:12:34 UTC 2018
6 ms. Memory: 331264K Free: 312823K (94%)
ptolemy.util.test.WatchDog.cancel(): canceling Thu Sep 20 02:12:34 UTC 2018
------------------ testing $PTII/ptolemy/domains/de/test/auto/NonInterruptibleTimerZeroDelay.xml
auto.tcl: Setting watchdog for 200 seconds at Thu Sep 20 02:12:35 UTC 2018
3 ms. Memory: 331264K Free: 320687K (97%)
ptolemy.util.test.WatchDog.cancel(): canceling Thu Sep 20 02:12:35 UTC 2018
auto.tcl: Setting watchdog for 200 seconds at Thu Sep 20 02:12:35 UTC 2018
2 ms. Memory: 331264K Free: 317174K (96%)
ptolemy.util.test.WatchDog.cancel(): canceling Thu Sep 20 02:12:35 UTC 2018
------------------ testing $PTII/ptolemy/domains/de/test/auto/OpenQueueingNetwork.xml
auto.tcl: Setting watchdog for 200 seconds at Thu Sep 20 02:12:35 UTC 2018
2991 ms. Memory: 317952K Free: 164587K (52%)
ptolemy.util.test.WatchDog.cancel(): canceling Thu Sep 20 02:12:38 UTC 2018
auto.tcl: Setting watchdog for 200 seconds at Thu Sep 20 02:12:38 UTC 2018
2088 ms. Memory: 287232K Free: 258437K (90%)
ptolemy.util.test.WatchDog.cancel(): canceling Thu Sep 20 02:12:40 UTC 2018
------------------ testing $PTII/ptolemy/domains/de/test/auto/OpenQueuingNetwork.xml
auto.tcl: Setting watchdog for 200 seconds at Thu Sep 20 02:12:40 UTC 2018
231 ms. Memory: 287232K Free: 190464K (66%)
ptolemy.util.test.WatchDog.cancel(): canceling Thu Sep 20 02:12:40 UTC 2018
auto.tcl: Setting watchdog for 200 seconds at Thu Sep 20 02:12:40 UTC 2018
216 ms. Memory: 287232K Free: 129793K (45%)
ptolemy.util.test.WatchDog.cancel(): canceling Thu Sep 20 02:12:40 UTC 2018
------------------ testing $PTII/ptolemy/domains/de/test/auto/PeriodicSampler.xml
auto.tcl: Setting watchdog for 200 seconds at Thu Sep 20 02:12:41 UTC 2018
5 ms. Memory: 289792K Free: 274556K (95%)
ptolemy.util.test.WatchDog.cancel(): canceling Thu Sep 20 02:12:41 UTC 2018
auto.tcl: Setting watchdog for 200 seconds at Thu Sep 20 02:12:41 UTC 2018
2 ms. Memory: 289792K Free: 274556K (95%)
ptolemy.util.test.WatchDog.cancel(): canceling Thu Sep 20 02:12:41 UTC 2018
------------------ testing $PTII/ptolemy/domains/de/test/auto/PersistentIO.xml
auto.tcl: Setting watchdog for 200 seconds at Thu Sep 20 02:12:41 UTC 2018
11 ms. Memory: 287232K Free: 266901K (93%)
ptolemy.util.test.WatchDog.cancel(): canceling Thu Sep 20 02:12:41 UTC 2018
auto.tcl: Setting watchdog for 200 seconds at Thu Sep 20 02:12:41 UTC 2018
4 ms. Memory: 287232K Free: 266901K (93%)
ptolemy.util.test.WatchDog.cancel(): canceling Thu Sep 20 02:12:41 UTC 2018
------------------ testing $PTII/ptolemy/domains/de/test/auto/PortParameterResetOnInitialize.xml
auto.tcl: Setting watchdog for 200 seconds at Thu Sep 20 02:12:41 UTC 2018
3 ms. Memory: 289280K Free: 276562K (96%)
ptolemy.util.test.WatchDog.cancel(): canceling Thu Sep 20 02:12:41 UTC 2018
auto.tcl: Setting watchdog for 200 seconds at Thu Sep 20 02:12:41 UTC 2018
2 ms. Memory: 289280K Free: 276562K (96%)
ptolemy.util.test.WatchDog.cancel(): canceling Thu Sep 20 02:12:41 UTC 2018
------------------ testing $PTII/ptolemy/domains/de/test/auto/PortParameterUpdates.xml
auto.tcl: Setting watchdog for 200 seconds at Thu Sep 20 02:12:41 UTC 2018
12 ms. Memory: 287232K Free: 274747K (96%)
ptolemy.util.test.WatchDog.cancel(): canceling Thu Sep 20 02:12:41 UTC 2018
auto.tcl: Setting watchdog for 200 seconds at Thu Sep 20 02:12:41 UTC 2018
3 ms. Memory: 287232K Free: 271850K (95%)
ptolemy.util.test.WatchDog.cancel(): canceling Thu Sep 20 02:12:41 UTC 2018
------------------ testing $PTII/ptolemy/domains/de/test/auto/QueueAndServer.xml
auto.tcl: Setting watchdog for 200 seconds at Thu Sep 20 02:12:41 UTC 2018
14 ms. Memory: 289280K Free: 271702K (94%)
ptolemy.util.test.WatchDog.cancel(): canceling Thu Sep 20 02:12:41 UTC 2018
auto.tcl: Setting watchdog for 200 seconds at Thu Sep 20 02:12:41 UTC 2018
6 ms. Memory: 289280K Free: 271702K (94%)
ptolemy.util.test.WatchDog.cancel(): canceling Thu Sep 20 02:12:41 UTC 2018
------------------ testing $PTII/ptolemy/domains/de/test/auto/Records.xml
auto.tcl: Setting watchdog for 200 seconds at Thu Sep 20 02:12:41 UTC 2018
5 ms. Memory: 287232K Free: 274551K (96%)
ptolemy.util.test.WatchDog.cancel(): canceling Thu Sep 20 02:12:41 UTC 2018
auto.tcl: Setting watchdog for 200 seconds at Thu Sep 20 02:12:41 UTC 2018
1 ms. Memory: 287232K Free: 274551K (96%)
ptolemy.util.test.WatchDog.cancel(): canceling Thu Sep 20 02:12:41 UTC 2018
------------------ testing $PTII/ptolemy/domains/de/test/auto/ResetTransitionWithStartTime1.xml
auto.tcl: Setting watchdog for 200 seconds at Thu Sep 20 02:12:41 UTC 2018
11 ms. Memory: 288768K Free: 273318K (95%)
ptolemy.util.test.WatchDog.cancel(): canceling Thu Sep 20 02:12:41 UTC 2018
auto.tcl: Setting watchdog for 200 seconds at Thu Sep 20 02:12:41 UTC 2018
5 ms. Memory: 288768K Free: 270320K (94%)
ptolemy.util.test.WatchDog.cancel(): canceling Thu Sep 20 02:12:41 UTC 2018
------------------ testing $PTII/ptolemy/domains/de/test/auto/ResetTransitionWithStartTime2.xml
auto.tcl: Setting watchdog for 200 seconds at Thu Sep 20 02:12:41 UTC 2018
6 ms. Memory: 287232K Free: 271773K (95%)
ptolemy.util.test.WatchDog.cancel(): canceling Thu Sep 20 02:12:41 UTC 2018
auto.tcl: Setting watchdog for 200 seconds at Thu Sep 20 02:12:41 UTC 2018
9 ms. Memory: 287232K Free: 268875K (94%)
ptolemy.util.test.WatchDog.cancel(): canceling Thu Sep 20 02:12:41 UTC 2018
------------------ testing $PTII/ptolemy/domains/de/test/auto/ResetTransitionWithStartTime3.xml
auto.tcl: Setting watchdog for 200 seconds at Thu Sep 20 02:12:41 UTC 2018
9 ms. Memory: 288768K Free: 273307K (95%)
ptolemy.util.test.WatchDog.cancel(): canceling Thu Sep 20 02:12:41 UTC 2018
auto.tcl: Setting watchdog for 200 seconds at Thu Sep 20 02:12:41 UTC 2018
6 ms. Memory: 288768K Free: 270309K (94%)
ptolemy.util.test.WatchDog.cancel(): canceling Thu Sep 20 02:12:41 UTC 2018
------------------ testing $PTII/ptolemy/domains/de/test/auto/ResetTransitionWithStartTime4.xml
auto.tcl: Setting watchdog for 200 seconds at Thu Sep 20 02:12:41 UTC 2018
5 ms. Memory: 287232K Free: 271668K (95%)
ptolemy.util.test.WatchDog.cancel(): canceling Thu Sep 20 02:12:41 UTC 2018
auto.tcl: Setting watchdog for 200 seconds at Thu Sep 20 02:12:41 UTC 2018
3 ms. Memory: 287232K Free: 271668K (95%)
ptolemy.util.test.WatchDog.cancel(): canceling Thu Sep 20 02:12:41 UTC 2018
------------------ testing $PTII/ptolemy/domains/de/test/auto/ResettableTimer1.xml
auto.tcl: Setting watchdog for 200 seconds at Thu Sep 20 02:12:41 UTC 2018
4 ms. Memory: 288768K Free: 276097K (96%)
ptolemy.util.test.WatchDog.cancel(): canceling Thu Sep 20 02:12:41 UTC 2018
auto.tcl: Setting watchdog for 200 seconds at Thu Sep 20 02:12:41 UTC 2018
1 ms. Memory: 288768K Free: 276097K (96%)
ptolemy.util.test.WatchDog.cancel(): canceling Thu Sep 20 02:12:41 UTC 2018
------------------ testing $PTII/ptolemy/domains/de/test/auto/ResettableTimer2.xml
auto.tcl: Setting watchdog for 200 seconds at Thu Sep 20 02:12:41 UTC 2018
4 ms. Memory: 287232K Free: 274720K (96%)
ptolemy.util.test.WatchDog.cancel(): canceling Thu Sep 20 02:12:41 UTC 2018
auto.tcl: Setting watchdog for 200 seconds at Thu Sep 20 02:12:41 UTC 2018
2 ms. Memory: 287232K Free: 274720K (96%)
ptolemy.util.test.WatchDog.cancel(): canceling Thu Sep 20 02:12:41 UTC 2018
------------------ testing $PTII/ptolemy/domains/de/test/auto/ResettableTimer3.xml
auto.tcl: Setting watchdog for 200 seconds at Thu Sep 20 02:12:41 UTC 2018
1 ms. Memory: 288256K Free: 275642K (96%)
ptolemy.util.test.WatchDog.cancel(): canceling Thu Sep 20 02:12:41 UTC 2018
auto.tcl: Setting watchdog for 200 seconds at Thu Sep 20 02:12:41 UTC 2018
2 ms. Memory: 288256K Free: 275642K (96%)
ptolemy.util.test.WatchDog.cancel(): canceling Thu Sep 20 02:12:41 UTC 2018
------------------ testing $PTII/ptolemy/domains/de/test/auto/ResettableTimer4.xml
auto.tcl: Setting watchdog for 200 seconds at Thu Sep 20 02:12:42 UTC 2018
2 ms. Memory: 287232K Free: 274732K (96%)
ptolemy.util.test.WatchDog.cancel(): canceling Thu Sep 20 02:12:42 UTC 2018
auto.tcl: Setting watchdog for 200 seconds at Thu Sep 20 02:12:42 UTC 2018
1 ms. Memory: 287232K Free: 274732K (96%)
ptolemy.util.test.WatchDog.cancel(): canceling Thu Sep 20 02:12:42 UTC 2018
------------------ testing $PTII/ptolemy/domains/de/test/auto/ResettableTimer5.xml
auto.tcl: Setting watchdog for 200 seconds at Thu Sep 20 02:12:42 UTC 2018
2 ms. Memory: 288256K Free: 273696K (95%)
ptolemy.util.test.WatchDog.cancel(): canceling Thu Sep 20 02:12:42 UTC 2018
auto.tcl: Setting watchdog for 200 seconds at Thu Sep 20 02:12:42 UTC 2018
1 ms. Memory: 288256K Free: 273696K (95%)
ptolemy.util.test.WatchDog.cancel(): canceling Thu Sep 20 02:12:42 UTC 2018
------------------ testing $PTII/ptolemy/domains/de/test/auto/ResettableTimer6.xml
auto.tcl: Setting watchdog for 200 seconds at Thu Sep 20 02:12:42 UTC 2018
2 ms. Memory: 287232K Free: 272521K (95%)
ptolemy.util.test.WatchDog.cancel(): canceling Thu Sep 20 02:12:42 UTC 2018
auto.tcl: Setting watchdog for 200 seconds at Thu Sep 20 02:12:42 UTC 2018
1 ms. Memory: 287232K Free: 272521K (95%)
ptolemy.util.test.WatchDog.cancel(): canceling Thu Sep 20 02:12:42 UTC 2018
------------------ testing $PTII/ptolemy/domains/de/test/auto/ServerZeroDelay.xml
auto.tcl: Setting watchdog for 200 seconds at Thu Sep 20 02:12:42 UTC 2018
4 ms. Memory: 288256K Free: 275695K (96%)
ptolemy.util.test.WatchDog.cancel(): canceling Thu Sep 20 02:12:42 UTC 2018
auto.tcl: Setting watchdog for 200 seconds at Thu Sep 20 02:12:42 UTC 2018
2 ms. Memory: 288256K Free: 275695K (96%)
ptolemy.util.test.WatchDog.cancel(): canceling Thu Sep 20 02:12:42 UTC 2018
------------------ testing $PTII/ptolemy/domains/de/test/auto/SmartSender.xml
auto.tcl: Setting watchdog for 200 seconds at Thu Sep 20 02:12:42 UTC 2018
3002 ms. Memory: 287232K Free: 272608K (95%)
ptolemy.util.test.WatchDog.cancel(): canceling Thu Sep 20 02:12:45 UTC 2018
auto.tcl: Setting watchdog for 200 seconds at Thu Sep 20 02:12:45 UTC 2018
3002 ms. Memory: 287232K Free: 272608K (95%)
ptolemy.util.test.WatchDog.cancel(): canceling Thu Sep 20 02:12:48 UTC 2018
------------------ testing $PTII/ptolemy/domains/de/test/auto/ThreadedComposite.xml
auto.tcl: Setting watchdog for 200 seconds at Thu Sep 20 02:12:48 UTC 2018
232 ms. Memory: 288256K Free: 252472K (88%)
ptolemy.util.test.WatchDog.cancel(): canceling Thu Sep 20 02:12:48 UTC 2018
auto.tcl: Setting watchdog for 200 seconds at Thu Sep 20 02:12:48 UTC 2018
145 ms. Memory: 288256K Free: 234327K (81%)
ptolemy.util.test.WatchDog.cancel(): canceling Thu Sep 20 02:12:48 UTC 2018
------------------ testing $PTII/ptolemy/domains/de/test/auto/Time.xml
auto.tcl: Setting watchdog for 200 seconds at Thu Sep 20 02:12:48 UTC 2018
529 ms. Memory: 287232K Free: 224890K (78%)
ptolemy.util.test.WatchDog.cancel(): canceling Thu Sep 20 02:12:49 UTC 2018
auto.tcl: Setting watchdog for 200 seconds at Thu Sep 20 02:12:49 UTC 2018
489 ms. Memory: 287232K Free: 168626K (59%)
ptolemy.util.test.WatchDog.cancel(): canceling Thu Sep 20 02:12:49 UTC 2018
------------------ testing $PTII/ptolemy/domains/de/test/auto/TimeDelayZeroDelay.xml
auto.tcl: Setting watchdog for 200 seconds at Thu Sep 20 02:12:49 UTC 2018
2 ms. Memory: 287744K Free: 275649K (96%)
ptolemy.util.test.WatchDog.cancel(): canceling Thu Sep 20 02:12:49 UTC 2018
auto.tcl: Setting watchdog for 200 seconds at Thu Sep 20 02:12:49 UTC 2018
1 ms. Memory: 287744K Free: 275649K (96%)
ptolemy.util.test.WatchDog.cancel(): canceling Thu Sep 20 02:12:49 UTC 2018
------------------ testing $PTII/ptolemy/domains/de/test/auto/TimerZeroDelay.xml
auto.tcl: Setting watchdog for 200 seconds at Thu Sep 20 02:12:49 UTC 2018
3 ms. Memory: 287232K Free: 275247K (96%)
ptolemy.util.test.WatchDog.cancel(): canceling Thu Sep 20 02:12:49 UTC 2018
auto.tcl: Setting watchdog for 200 seconds at Thu Sep 20 02:12:49 UTC 2018
2 ms. Memory: 287232K Free: 275247K (96%)
ptolemy.util.test.WatchDog.cancel(): canceling Thu Sep 20 02:12:49 UTC 2018
------------------ testing $PTII/ptolemy/domains/de/test/auto/TimingParadox.xml
auto.tcl: Setting watchdog for 200 seconds at Thu Sep 20 02:12:50 UTC 2018
368 ms. Memory: 287744K Free: 211723K (74%)
ptolemy.util.test.WatchDog.cancel(): canceling Thu Sep 20 02:12:50 UTC 2018
auto.tcl: Setting watchdog for 200 seconds at Thu Sep 20 02:12:50 UTC 2018
347 ms. Memory: 287744K Free: 178169K (62%)
ptolemy.util.test.WatchDog.cancel(): canceling Thu Sep 20 02:12:50 UTC 2018
------------------ testing $PTII/ptolemy/domains/de/test/auto/TransferInputs.xml
auto.tcl: Setting watchdog for 200 seconds at Thu Sep 20 02:12:50 UTC 2018
7 ms. Memory: 287744K Free: 274599K (95%)
ptolemy.util.test.WatchDog.cancel(): canceling Thu Sep 20 02:12:50 UTC 2018
auto.tcl: Setting watchdog for 200 seconds at Thu Sep 20 02:12:50 UTC 2018
2 ms. Memory: 287744K Free: 274599K (95%)
ptolemy.util.test.WatchDog.cancel(): canceling Thu Sep 20 02:12:50 UTC 2018
------------------ testing $PTII/ptolemy/domains/de/test/auto/TransferOutputs2.xml
auto.tcl: Setting watchdog for 200 seconds at Thu Sep 20 02:12:50 UTC 2018
2 ms. Memory: 287232K Free: 272576K (95%)
ptolemy.util.test.WatchDog.cancel(): canceling Thu Sep 20 02:12:50 UTC 2018
auto.tcl: Setting watchdog for 200 seconds at Thu Sep 20 02:12:50 UTC 2018
3 ms. Memory: 287232K Free: 269963K (94%)
ptolemy.util.test.WatchDog.cancel(): canceling Thu Sep 20 02:12:50 UTC 2018
------------------ testing $PTII/ptolemy/domains/de/test/auto/Trilateration.xml
auto.tcl: Setting watchdog for 200 seconds at Thu Sep 20 02:12:51 UTC 2018
14568 ms. Memory: 473088K Free: 266661K (56%)
ptolemy.util.test.WatchDog.cancel(): canceling Thu Sep 20 02:13:06 UTC 2018
auto.tcl: Setting watchdog for 200 seconds at Thu Sep 20 02:13:06 UTC 2018
11728 ms. Memory: 352256K Free: 208164K (59%)
ptolemy.util.test.WatchDog.cancel(): canceling Thu Sep 20 02:13:18 UTC 2018
------------------ testing $PTII/ptolemy/domains/de/test/auto/TwoSigmaDelta.xml
auto.tcl: Setting watchdog for 200 seconds at Thu Sep 20 02:13:18 UTC 2018
2612 ms. Memory: 339968K Free: 303077K (89%)
ptolemy.util.test.WatchDog.cancel(): canceling Thu Sep 20 02:13:21 UTC 2018
auto.tcl: Setting watchdog for 200 seconds at Thu Sep 20 02:13:21 UTC 2018
2078 ms. Memory: 339968K Free: 68050K (20%)
ptolemy.util.test.WatchDog.cancel(): canceling Thu Sep 20 02:13:23 UTC 2018
------------------ testing $PTII/ptolemy/domains/de/test/auto/VariableDelay.xml
auto.tcl: Setting watchdog for 200 seconds at Thu Sep 20 02:13:23 UTC 2018
9 ms. Memory: 337408K Free: 325713K (97%)
ptolemy.util.test.WatchDog.cancel(): canceling Thu Sep 20 02:13:23 UTC 2018
auto.tcl: Setting watchdog for 200 seconds at Thu Sep 20 02:13:23 UTC 2018
2 ms. Memory: 337408K Free: 321851K (95%)
ptolemy.util.test.WatchDog.cancel(): canceling Thu Sep 20 02:13:23 UTC 2018
------------------ testing $PTII/ptolemy/domains/de/test/auto/VariableDelay2.xml
auto.tcl: Setting watchdog for 200 seconds at Thu Sep 20 02:13:23 UTC 2018
2 ms. Memory: 339456K Free: 328172K (97%)
ptolemy.util.test.WatchDog.cancel(): canceling Thu Sep 20 02:13:23 UTC 2018
auto.tcl: Setting watchdog for 200 seconds at Thu Sep 20 02:13:23 UTC 2018
2 ms. Memory: 339456K Free: 324309K (96%)
ptolemy.util.test.WatchDog.cancel(): canceling Thu Sep 20 02:13:23 UTC 2018
------------------ testing $PTII/ptolemy/domains/de/test/auto/VariableDelayZeroDelay.xml
auto.tcl: Setting watchdog for 200 seconds at Thu Sep 20 02:13:23 UTC 2018
4 ms. Memory: 337408K Free: 323562K (96%)
ptolemy.util.test.WatchDog.cancel(): canceling Thu Sep 20 02:13:23 UTC 2018
auto.tcl: Setting watchdog for 200 seconds at Thu Sep 20 02:13:23 UTC 2018
2 ms. Memory: 337408K Free: 319712K (95%)
ptolemy.util.test.WatchDog.cancel(): canceling Thu Sep 20 02:13:23 UTC 2018
------------------ testing $PTII/ptolemy/domains/de/test/auto/VariableDelayZeroDelay2.xml
auto.tcl: Setting watchdog for 200 seconds at Thu Sep 20 02:13:23 UTC 2018
4 ms. Memory: 339456K Free: 328168K (97%)
ptolemy.util.test.WatchDog.cancel(): canceling Thu Sep 20 02:13:23 UTC 2018
auto.tcl: Setting watchdog for 200 seconds at Thu Sep 20 02:13:23 UTC 2018
2 ms. Memory: 339456K Free: 324314K (96%)
ptolemy.util.test.WatchDog.cancel(): canceling Thu Sep 20 02:13:23 UTC 2018
------------------ testing $PTII/ptolemy/domains/de/test/auto/deInCt.xml
auto.tcl: Setting watchdog for 200 seconds at Thu Sep 20 02:13:23 UTC 2018
0
1
1
1
0
0
0
1
1
1
0
0
0
1
1
1
1
1
1
1
0
0
0
1
1
0
0
0
1
1
1
1
1
7 ms. Memory: 337408K Free: 319692K (95%)
ptolemy.util.test.WatchDog.cancel(): canceling Thu Sep 20 02:13:23 UTC 2018
auto.tcl: Setting watchdog for 200 seconds at Thu Sep 20 02:13:23 UTC 2018
0
1
1
0
0
0
0
1
1
1
1
1
0
0
0
0
1
1
1
1
1
1
0
0
0
0
12 ms. Memory: 337408K Free: 319692K (95%)
ptolemy.util.test.WatchDog.cancel(): canceling Thu Sep 20 02:13:23 UTC 2018
------------------ testing $PTII/ptolemy/domains/de/test/auto/deInCt2.xml
auto.tcl: Setting watchdog for 200 seconds at Thu Sep 20 02:13:23 UTC 2018
0
1
1
1
0
0
1
1
1
0
0
1
1
1
0
0
1
1
1
0
0
1
1
1
0
0
1
1
1
0
0
1
1
1
0
0
1
1
1
0
0
0
13 ms. Memory: 338944K Free: 323787K (96%)
ptolemy.util.test.WatchDog.cancel(): canceling Thu Sep 20 02:13:23 UTC 2018
auto.tcl: Setting watchdog for 200 seconds at Thu Sep 20 02:13:23 UTC 2018
0
1
1
1
0
0
1
1
1
0
0
1
1
1
0
0
1
1
1
0
0
1
1
1
0
0
1
1
1
0
0
1
1
1
0
0
1
1
1
0
0
0
7 ms. Memory: 338944K Free: 323787K (96%)
ptolemy.util.test.WatchDog.cancel(): canceling Thu Sep 20 02:13:23 UTC 2018
------------------ testing $PTII/ptolemy/domains/de/test/auto/dynamicCausalityInterface1.xml
auto.tcl: Setting watchdog for 200 seconds at Thu Sep 20 02:13:23 UTC 2018
1 ms. Memory: 337408K Free: 318403K (94%)
ptolemy.util.test.WatchDog.cancel(): canceling Thu Sep 20 02:13:23 UTC 2018
auto.tcl: Setting watchdog for 200 seconds at Thu Sep 20 02:13:23 UTC 2018
0 ms. Memory: 337408K Free: 318403K (94%)
ptolemy.util.test.WatchDog.cancel(): canceling Thu Sep 20 02:13:23 UTC 2018
------------------ testing $PTII/ptolemy/domains/de/test/auto/fsm_de_test.xml
auto.tcl: Setting watchdog for 200 seconds at Thu Sep 20 02:13:23 UTC 2018
7 ms. Memory: 338944K Free: 317258K (94%)
ptolemy.util.test.WatchDog.cancel(): canceling Thu Sep 20 02:13:23 UTC 2018
auto.tcl: Setting watchdog for 200 seconds at Thu Sep 20 02:13:23 UTC 2018
5 ms. Memory: 338944K Free: 317258K (94%)
ptolemy.util.test.WatchDog.cancel(): canceling Thu Sep 20 02:13:23 UTC 2018
------------------ testing $PTII/ptolemy/domains/de/test/auto/functionDependencyReconstruction.xml
auto.tcl: Setting watchdog for 200 seconds at Thu Sep 20 02:13:23 UTC 2018
2 ms. Memory: 337408K Free: 311890K (92%)
ptolemy.util.test.WatchDog.cancel(): canceling Thu Sep 20 02:13:23 UTC 2018
auto.tcl: Setting watchdog for 200 seconds at Thu Sep 20 02:13:23 UTC 2018
2 ms. Memory: 337408K Free: 308044K (91%)
ptolemy.util.test.WatchDog.cancel(): canceling Thu Sep 20 02:13:23 UTC 2018
------------------ testing $PTII/ptolemy/domains/de/test/auto/multirate.xml
auto.tcl: Setting watchdog for 200 seconds at Thu Sep 20 02:13:23 UTC 2018
3 ms. Memory: 338432K Free: 320476K (95%)
ptolemy.util.test.WatchDog.cancel(): canceling Thu Sep 20 02:13:24 UTC 2018
auto.tcl: Setting watchdog for 200 seconds at Thu Sep 20 02:13:24 UTC 2018
2 ms. Memory: 338432K Free: 320476K (95%)
ptolemy.util.test.WatchDog.cancel(): canceling Thu Sep 20 02:13:24 UTC 2018
------------------ testing $PTII/ptolemy/domains/de/test/auto/multirate2.xml
auto.tcl: Setting watchdog for 200 seconds at Thu Sep 20 02:13:24 UTC 2018
5 ms. Memory: 337408K Free: 319651K (95%)
ptolemy.util.test.WatchDog.cancel(): canceling Thu Sep 20 02:13:24 UTC 2018
auto.tcl: Setting watchdog for 200 seconds at Thu Sep 20 02:13:24 UTC 2018
3 ms. Memory: 337408K Free: 319651K (95%)
ptolemy.util.test.WatchDog.cancel(): canceling Thu Sep 20 02:13:24 UTC 2018
------------------ testing $PTII/ptolemy/domains/de/test/auto/realtime.xml
auto.tcl: Setting watchdog for 200 seconds at Thu Sep 20 02:13:24 UTC 2018
10002 ms. Memory: 338432K Free: 320666K (95%)
ptolemy.util.test.WatchDog.cancel(): canceling Thu Sep 20 02:13:34 UTC 2018
auto.tcl: Setting watchdog for 200 seconds at Thu Sep 20 02:13:34 UTC 2018
10002 ms. Memory: 338432K Free: 320666K (95%)
ptolemy.util.test.WatchDog.cancel(): canceling Thu Sep 20 02:13:44 UTC 2018
------------------ testing $PTII/ptolemy/domains/de/test/auto/relationGroup.xml
auto.tcl: Setting watchdog for 200 seconds at Thu Sep 20 02:13:44 UTC 2018
6 ms. Memory: 337408K Free: 326086K (97%)
ptolemy.util.test.WatchDog.cancel(): canceling Thu Sep 20 02:13:44 UTC 2018
auto.tcl: Setting watchdog for 200 seconds at Thu Sep 20 02:13:44 UTC 2018
2 ms. Memory: 337408K Free: 326086K (97%)
ptolemy.util.test.WatchDog.cancel(): canceling Thu Sep 20 02:13:44 UTC 2018
------------------ testing $PTII/ptolemy/domains/de/test/auto/relationGroup2.xml
auto.tcl: Setting watchdog for 200 seconds at Thu Sep 20 02:13:44 UTC 2018
1 ms. Memory: 338432K Free: 324577K (96%)
ptolemy.util.test.WatchDog.cancel(): canceling Thu Sep 20 02:13:44 UTC 2018
auto.tcl: Setting watchdog for 200 seconds at Thu Sep 20 02:13:44 UTC 2018
2 ms. Memory: 338432K Free: 324577K (96%)
ptolemy.util.test.WatchDog.cancel(): canceling Thu Sep 20 02:13:44 UTC 2018
------------------ testing $PTII/ptolemy/domains/de/test/auto/sortWithOpaquePorts.xml
auto.tcl: Setting watchdog for 200 seconds at Thu Sep 20 02:13:44 UTC 2018
2 ms. Memory: 337408K Free: 323554K (96%)
ptolemy.util.test.WatchDog.cancel(): canceling Thu Sep 20 02:13:44 UTC 2018
auto.tcl: Setting watchdog for 200 seconds at Thu Sep 20 02:13:44 UTC 2018
3 ms. Memory: 337408K Free: 319700K (95%)
ptolemy.util.test.WatchDog.cancel(): canceling Thu Sep 20 02:13:44 UTC 2018
------------------ testing $PTII/ptolemy/domains/de/test/auto/transferInputsandOutputs.xml
auto.tcl: Setting watchdog for 200 seconds at Thu Sep 20 02:13:44 UTC 2018
3 ms. Memory: 337920K Free: 320191K (95%)
ptolemy.util.test.WatchDog.cancel(): canceling Thu Sep 20 02:13:44 UTC 2018
auto.tcl: Setting watchdog for 200 seconds at Thu Sep 20 02:13:44 UTC 2018
3 ms. Memory: 337920K Free: 320191K (95%)
ptolemy.util.test.WatchDog.cancel(): canceling Thu Sep 20 02:13:44 UTC 2018
------------------ testing $PTII/ptolemy/domains/de/test/auto/triggerType.xml
auto.tcl: Setting watchdog for 200 seconds at Thu Sep 20 02:13:44 UTC 2018
2 ms. Memory: 337408K Free: 323492K (96%)
ptolemy.util.test.WatchDog.cancel(): canceling Thu Sep 20 02:13:44 UTC 2018
auto.tcl: Setting watchdog for 200 seconds at Thu Sep 20 02:13:44 UTC 2018
2 ms. Memory: 337408K Free: 319629K (95%)
ptolemy.util.test.WatchDog.cancel(): canceling Thu Sep 20 02:13:44 UTC 2018
09/20/18 02:13:44
Failed: 0  Total Tests: 192  ((Passed: 187, Newly Passed: 1)  Known Failed: 5) /home/travis/build/icyphy/ptII/ptolemy/domains/de/test
09/20/18 02:13:44
Failed: 0  Total Tests: 192  ((Passed: 187, Newly Passed: 1)  Known Failed: 5) /home/travis/build/icyphy/ptII/ptolemy/domains/de/test
----------------- testing (KnownFailure) /home/travis/build/icyphy/ptII/ptolemy/domains/de/test/auto/knownFailedTests/DESDFClockTest.xml
2012 ms. Memory: 337920K Free: 313797K (93%)
Known Failure: java.lang.reflect.InvocationTargetException
----------------- testing (KnownFailure) /home/travis/build/icyphy/ptII/ptolemy/domains/de/test/auto/knownFailedTests/DirectFeedback.xml
1 ms. Memory: 337920K Free: 293317K (87%)
Known Failure: java.lang.reflect.InvocationTargetException
----------------- testing (KnownFailure) /home/travis/build/icyphy/ptII/ptolemy/domains/de/test/auto/knownFailedTests/FSMSource.xml
14 ms. Memory: 337920K Free: 267700K (79%)
----------------- testing (KnownFailure) /home/travis/build/icyphy/ptII/ptolemy/domains/de/test/auto/knownFailedTests/HierarchicalModel.xml
2 ms. Memory: 337920K Free: 242068K (72%)
Known Failure: java.lang.reflect.InvocationTargetException
----------------- testing (KnownFailure) /home/travis/build/icyphy/ptII/ptolemy/domains/de/test/auto/knownFailedTests/dependencyLoop.xml
3 ms. Memory: 337920K Free: 211332K (63%)
Known Failure: java.lang.reflect.InvocationTargetException
----------------- testing (KnownFailure) /home/travis/build/icyphy/ptII/ptolemy/domains/de/test/auto/knownFailedTests/dependencyLoop2.xml
4 ms. Memory: 337920K Free: 180595K (53%)
Known Failure: java.lang.reflect.InvocationTargetException
No auto/linux-amd64/*.xml tests in /home/travis/build/icyphy/ptII/ptolemy/domains/de/test
AutoTests.java: About to close Vertx.
AutoTests.java: Vertx closed.

===========================================================================================
----------------- testing Thu Sep 20 02:13:46 UTC 2018 /home/travis/build/icyphy/ptII/ptolemy/domains/de/test/auto/ActorDepthCalculation_actorWithoutPorts.xml
----------------- Instantiating /home/travis/build/icyphy/ptII/ptolemy/domains/de/test/auto/ActorDepthCalculation_actorWithoutPorts.xml
2 ms. Memory: 337920K Free: 154995K (46%)
----------------- Invoking toplevel() on ptolemy.moml.MoMLSimpleApplication@b8c70b0
----------------- Done invoking toplevel() on ptolemy.moml.MoMLSimpleApplication@b8c70b0
reloadAllAccessors: .ActorDepthCalculation_actorWithoutPorts

===========================================================================================
----------------- testing Thu Sep 20 02:13:46 UTC 2018 /home/travis/build/icyphy/ptII/ptolemy/domains/de/test/auto/AssemblyLine.xml
----------------- Instantiating /home/travis/build/icyphy/ptII/ptolemy/domains/de/test/auto/AssemblyLine.xml
3 ms. Memory: 337920K Free: 139634K (41%)
----------------- Invoking toplevel() on ptolemy.moml.MoMLSimpleApplication@2d00fcb3
----------------- Done invoking toplevel() on ptolemy.moml.MoMLSimpleApplication@2d00fcb3
reloadAllAccessors: .AssemblyLine

===========================================================================================
----------------- testing Thu Sep 20 02:13:46 UTC 2018 /home/travis/build/icyphy/ptII/ptolemy/domains/de/test/auto/CQBug1.xml
----------------- Instantiating /home/travis/build/icyphy/ptII/ptolemy/domains/de/test/auto/CQBug1.xml
1 ms. Memory: 337920K Free: 129394K (38%)
----------------- Invoking toplevel() on ptolemy.moml.MoMLSimpleApplication@36a72be
----------------- Done invoking toplevel() on ptolemy.moml.MoMLSimpleApplication@36a72be
reloadAllAccessors: .CQBug1

===========================================================================================
----------------- testing Thu Sep 20 02:13:46 UTC 2018 /home/travis/build/icyphy/ptII/ptolemy/domains/de/test/auto/CancelFireAt.xml
----------------- Instantiating /home/travis/build/icyphy/ptII/ptolemy/domains/de/test/auto/CancelFireAt.xml
1 ms. Memory: 337920K Free: 119154K (35%)
----------------- Invoking toplevel() on ptolemy.moml.MoMLSimpleApplication@1ce00e49
----------------- Done invoking toplevel() on ptolemy.moml.MoMLSimpleApplication@1ce00e49
reloadAllAccessors: .CancelFireAt

===========================================================================================
----------------- testing Thu Sep 20 02:13:46 UTC 2018 /home/travis/build/icyphy/ptII/ptolemy/domains/de/test/auto/CausalityAndComposabilityAnalysis.xml
----------------- Instantiating /home/travis/build/icyphy/ptII/ptolemy/domains/de/test/auto/CausalityAndComposabilityAnalysis.xml
1 ms. Memory: 337920K Free: 108914K (32%)
----------------- Invoking toplevel() on ptolemy.moml.MoMLSimpleApplication@1ca00837
----------------- Done invoking toplevel() on ptolemy.moml.MoMLSimpleApplication@1ca00837
reloadAllAccessors: .CausalityAndComposabilityAnalysis

===========================================================================================
----------------- testing Thu Sep 20 02:13:46 UTC 2018 /home/travis/build/icyphy/ptII/ptolemy/domains/de/test/auto/CausalityInterface1.xml
----------------- Instantiating /home/travis/build/icyphy/ptII/ptolemy/domains/de/test/auto/CausalityInterface1.xml
3 ms. Memory: 337920K Free: 98674K (29%)
----------------- Invoking toplevel() on ptolemy.moml.MoMLSimpleApplication@49e96e8f
----------------- Done invoking toplevel() on ptolemy.moml.MoMLSimpleApplication@49e96e8f
reloadAllAccessors: .CausalityInterface1

===========================================================================================
----------------- testing Thu Sep 20 02:13:46 UTC 2018 /home/travis/build/icyphy/ptII/ptolemy/domains/de/test/auto/CausalityInterface15.xml
----------------- Instantiating /home/travis/build/icyphy/ptII/ptolemy/domains/de/test/auto/CausalityInterface15.xml
1 ms. Memory: 337920K Free: 84587K (25%)
----------------- Invoking toplevel() on ptolemy.moml.MoMLSimpleApplication@216a0333
----------------- Done invoking toplevel() on ptolemy.moml.MoMLSimpleApplication@216a0333
reloadAllAccessors: .CausalityInterface15

[...]
java.lang.RuntimeException: Execution failed
	at ptolemy.moml.MoMLSimpleApplication$UnloadThread.run(MoMLSimpleApplication.java:402)
Caused by: ptolemy.kernel.util.IllegalActionException: Test fails in iteration 1.
Value was: 1.0. Should have been: 2.0
  in .DirectFeedback.Test
	at ptolemy.actor.lib.Test.fire(Test.java:268)
	at ptolemy.domains.de.kernel.DEDirector._fire(DEDirector.java:1949)
	at ptolemy.domains.de.kernel.DEDirector.fire(DEDirector.java:502)
	at ptolemy.actor.CompositeActor.fire(CompositeActor.java:455)
	at ptolemy.actor.Manager.iterate(Manager.java:851)
	at ptolemy.actor.Manager.execute(Manager.java:369)
	at ptolemy.actor.Manager.run(Manager.java:1263)
	at ptolemy.actor.Manager$PtolemyRunThread.run(Manager.java:1915)
java.lang.RuntimeException: Execution failed
	at ptolemy.moml.MoMLSimpleApplication$UnloadThread.run(MoMLSimpleApplication.java:402)
Caused by: ptolemy.kernel.util.IllegalActionException: Actor is not ready to fire.  Perhaps UpSample.prefire() returned false? Try debugging the actor by selecting "Listen to Actor".  Also, for SDF check moml for tokenConsumptionRate on input.
  in .DESDFClockTest.Play Bell.Copy1:SDF Director and .DESDFClockTest.Play Bell.UpSample
	at ptolemy.actor.sched.StaticSchedulingDirector.fire(StaticSchedulingDirector.java:227)
	at ptolemy.domains.sdf.kernel.SDFDirector.fire(SDFDirector.java:500)
	at ptolemy.actor.CompositeActor.fire(CompositeActor.java:455)
	at ptolemy.domains.de.kernel.DEDirector._fire(DEDirector.java:1949)
	at ptolemy.domains.de.kernel.DEDirector.fire(DEDirector.java:502)
	at ptolemy.actor.CompositeActor.fire(CompositeActor.java:455)
	at ptolemy.actor.Manager.iterate(Manager.java:851)
	at ptolemy.actor.Manager.execute(Manager.java:369)
	at ptolemy.actor.Manager.run(Manager.java:1263)
	at ptolemy.actor.Manager$PtolemyRunThread.run(Manager.java:1915)
java.lang.reflect.InvocationTargetException
	at sun.reflect.NativeConstructorAccessorImpl.newInstance0(Native Method)
	at sun.reflect.NativeConstructorAccessorImpl.newInstance(NativeConstructorAccessorImpl.java:62)
	at sun.reflect.DelegatingConstructorAccessorImpl.newInstance(DelegatingConstructorAccessorImpl.java:45)
	at java.lang.reflect.Constructor.newInstance(Constructor.java:423)
	at ptolemy.util.test.junit.AutoKnownFailedTests.RunModel(AutoKnownFailedTests.java:107)
	at sun.reflect.NativeMethodAccessorImpl.invoke0(Native Method)
	at sun.reflect.NativeMethodAccessorImpl.invoke(NativeMethodAccessorImpl.java:62)
	at sun.reflect.DelegatingMethodAccessorImpl.invoke(DelegatingMethodAccessorImpl.java:43)
	at java.lang.reflect.Method.invoke(Method.java:498)
	at org.junit.runners.model.FrameworkMethod$1.runReflectiveCall(FrameworkMethod.java:44)
	at org.junit.internal.runners.model.ReflectiveCallable.run(ReflectiveCallable.java:15)
	at org.junit.runners.model.FrameworkMethod.invokeExplosively(FrameworkMethod.java:41)
	at junitparams.internal.InvokeParameterisedMethod.evaluate(InvokeParameterisedMethod.java:102)
	at org.junit.internal.runners.statements.FailOnTimeout$1.run(FailOnTimeout.java:28)
Caused by: ptolemy.kernel.util.IllegalActionException: Actor is not ready to fire.  Perhaps UpSample.prefire() returned false? Try debugging the actor by selecting "Listen to Actor".  Also, for SDF check moml for tokenConsumptionRate on input.
  in .DESDFClockTest.Play Bell.Copy1:SDF Director and .DESDFClockTest.Play Bell.UpSample
	at ptolemy.actor.sched.StaticSchedulingDirector.fire(StaticSchedulingDirector.java:227)
	at ptolemy.domains.sdf.kernel.SDFDirector.fire(SDFDirector.java:500)
	at ptolemy.actor.CompositeActor.fire(CompositeActor.java:455)
	at ptolemy.domains.de.kernel.DEDirector._fire(DEDirector.java:1949)
	at ptolemy.domains.de.kernel.DEDirector.fire(DEDirector.java:502)
	at ptolemy.actor.CompositeActor.fire(CompositeActor.java:455)
	at ptolemy.actor.Manager.iterate(Manager.java:851)
	at ptolemy.actor.Manager.execute(Manager.java:369)
	at ptolemy.actor.Manager.run(Manager.java:1263)
	at ptolemy.actor.Manager$PtolemyRunThread.run(Manager.java:1915)
java.lang.RuntimeException: Execution failed
	at ptolemy.moml.MoMLSimpleApplication$UnloadThread.run(MoMLSimpleApplication.java:402)
Caused by: ptolemy.kernel.util.IllegalActionException: Test fails in iteration 1.
Value was: 1.0. Should have been: 2.0
  in .DirectFeedback.Test
	at ptolemy.actor.lib.Test.fire(Test.java:268)
	at ptolemy.domains.de.kernel.DEDirector._fire(DEDirector.java:1949)
	at ptolemy.domains.de.kernel.DEDirector.fire(DEDirector.java:502)
	at ptolemy.actor.CompositeActor.fire(CompositeActor.java:455)
	at ptolemy.actor.Manager.iterate(Manager.java:851)
	at ptolemy.actor.Manager.execute(Manager.java:369)
	at ptolemy.actor.Manager.run(Manager.java:1263)
	at ptolemy.actor.Manager$PtolemyRunThread.run(Manager.java:1915)
java.lang.reflect.InvocationTargetException
	at sun.reflect.NativeConstructorAccessorImpl.newInstance0(Native Method)
	at sun.reflect.NativeConstructorAccessorImpl.newInstance(NativeConstructorAccessorImpl.java:62)
	at sun.reflect.DelegatingConstructorAccessorImpl.newInstance(DelegatingConstructorAccessorImpl.java:45)
	at java.lang.reflect.Constructor.newInstance(Constructor.java:423)
	at ptolemy.util.test.junit.AutoKnownFailedTests.RunModel(AutoKnownFailedTests.java:107)
	at sun.reflect.NativeMethodAccessorImpl.invoke0(Native Method)
	at sun.reflect.NativeMethodAccessorImpl.invoke(NativeMethodAccessorImpl.java:62)
	at sun.reflect.DelegatingMethodAccessorImpl.invoke(DelegatingMethodAccessorImpl.java:43)
	at java.lang.reflect.Method.invoke(Method.java:498)
	at org.junit.runners.model.FrameworkMethod$1.runReflectiveCall(FrameworkMethod.java:44)
	at org.junit.internal.runners.model.ReflectiveCallable.run(ReflectiveCallable.java:15)
	at org.junit.runners.model.FrameworkMethod.invokeExplosively(FrameworkMethod.java:41)
	at junitparams.internal.InvokeParameterisedMethod.evaluate(InvokeParameterisedMethod.java:102)
	at org.junit.internal.runners.statements.FailOnTimeout$1.run(FailOnTimeout.java:28)
Caused by: ptolemy.kernel.util.IllegalActionException: Test fails in iteration 1.
Value was: 1.0. Should have been: 2.0
  in .DirectFeedback.Test
	at ptolemy.actor.lib.Test.fire(Test.java:268)
	at ptolemy.domains.de.kernel.DEDirector._fire(DEDirector.java:1949)
	at ptolemy.domains.de.kernel.DEDirector.fire(DEDirector.java:502)
	at ptolemy.actor.CompositeActor.fire(CompositeActor.java:455)
	at ptolemy.actor.Manager.iterate(Manager.java:851)
	at ptolemy.actor.Manager.execute(Manager.java:369)
	at ptolemy.actor.Manager.run(Manager.java:1263)
	at ptolemy.actor.Manager$PtolemyRunThread.run(Manager.java:1915)
java.lang.RuntimeException: Execution failed
	at ptolemy.moml.MoMLSimpleApplication$UnloadThread.run(MoMLSimpleApplication.java:402)
Caused by: ptolemy.kernel.util.IllegalActionException: Found a zero delay loop containing .HierarchicalModel.A
  in .HierarchicalModel and .HierarchicalModel.A
	at ptolemy.actor.util.CausalityInterfaceForComposites._computeOutputPortDepth(CausalityInterfaceForComposites.java:759)
	at ptolemy.actor.util.CausalityInterfaceForComposites._computeInputDepth(CausalityInterfaceForComposites.java:696)
	at ptolemy.actor.util.CausalityInterfaceForComposites._computeOutputPortDepth(CausalityInterfaceForComposites.java:765)
	at ptolemy.actor.util.CausalityInterfaceForComposites._computeInputDepth(CausalityInterfaceForComposites.java:696)
	at ptolemy.actor.util.CausalityInterfaceForComposites._computeOutputPortDepth(CausalityInterfaceForComposites.java:765)
	at ptolemy.actor.util.CausalityInterfaceForComposites._computeInputDepth(CausalityInterfaceForComposites.java:696)
	at ptolemy.actor.util.CausalityInterfaceForComposites._computeActorDepth(CausalityInterfaceForComposites.java:532)
	at ptolemy.actor.util.CausalityInterfaceForComposites.checkForCycles(CausalityInterfaceForComposites.java:96)
	at ptolemy.domains.de.kernel.DEDirector.preinitialize(DEDirector.java:1338)
	at ptolemy.actor.CompositeActor.preinitialize(CompositeActor.java:1828)
	at ptolemy.actor.Manager.preinitializeAndResolveTypes(Manager.java:1040)
	at ptolemy.actor.Manager.initialize(Manager.java:710)
	at ptolemy.actor.Manager.execute(Manager.java:356)
	at ptolemy.actor.Manager.run(Manager.java:1263)
	at ptolemy.actor.Manager$PtolemyRunThread.run(Manager.java:1915)
java.lang.reflect.InvocationTargetException
	at sun.reflect.NativeConstructorAccessorImpl.newInstance0(Native Method)
	at sun.reflect.NativeConstructorAccessorImpl.newInstance(NativeConstructorAccessorImpl.java:62)
	at sun.reflect.DelegatingConstructorAccessorImpl.newInstance(DelegatingConstructorAccessorImpl.java:45)
	at java.lang.reflect.Constructor.newInstance(Constructor.java:423)
	at ptolemy.util.test.junit.AutoKnownFailedTests.RunModel(AutoKnownFailedTests.java:107)
	at sun.reflect.NativeMethodAccessorImpl.invoke0(Native Method)
	at sun.reflect.NativeMethodAccessorImpl.invoke(NativeMethodAccessorImpl.java:62)
	at sun.reflect.DelegatingMethodAccessorImpl.invoke(DelegatingMethodAccessorImpl.java:43)
	at java.lang.reflect.Method.invoke(Method.java:498)
	at org.junit.runners.model.FrameworkMethod$1.runReflectiveCall(FrameworkMethod.java:44)
	at org.junit.internal.runners.model.ReflectiveCallable.run(ReflectiveCallable.java:15)
	at org.junit.runners.model.FrameworkMethod.invokeExplosively(FrameworkMethod.java:41)
	at junitparams.internal.InvokeParameterisedMethod.evaluate(InvokeParameterisedMethod.java:102)
	at org.junit.internal.runners.statements.FailOnTimeout$1.run(FailOnTimeout.java:28)
Caused by: ptolemy.kernel.util.IllegalActionException: Found a zero delay loop containing .HierarchicalModel.A
  in .HierarchicalModel and .HierarchicalModel.A
	at ptolemy.actor.util.CausalityInterfaceForComposites._computeOutputPortDepth(CausalityInterfaceForComposites.java:759)
	at ptolemy.actor.util.CausalityInterfaceForComposites._computeInputDepth(CausalityInterfaceForComposites.java:696)
	at ptolemy.actor.util.CausalityInterfaceForComposites._computeOutputPortDepth(CausalityInterfaceForComposites.java:765)
	at ptolemy.actor.util.CausalityInterfaceForComposites._computeInputDepth(CausalityInterfaceForComposites.java:696)
	at ptolemy.actor.util.CausalityInterfaceForComposites._computeOutputPortDepth(CausalityInterfaceForComposites.java:765)
	at ptolemy.actor.util.CausalityInterfaceForComposites._computeInputDepth(CausalityInterfaceForComposites.java:696)
	at ptolemy.actor.util.CausalityInterfaceForComposites._computeActorDepth(CausalityInterfaceForComposites.java:532)
	at ptolemy.actor.util.CausalityInterfaceForComposites.checkForCycles(CausalityInterfaceForComposites.java:96)
	at ptolemy.domains.de.kernel.DEDirector.preinitialize(DEDirector.java:1338)
	at ptolemy.actor.CompositeActor.preinitialize(CompositeActor.java:1828)
	at ptolemy.actor.Manager.preinitializeAndResolveTypes(Manager.java:1040)
	at ptolemy.actor.Manager.initialize(Manager.java:710)
	at ptolemy.actor.Manager.execute(Manager.java:356)
	at ptolemy.actor.Manager.run(Manager.java:1263)
	at ptolemy.actor.Manager$PtolemyRunThread.run(Manager.java:1915)
java.lang.RuntimeException: Execution failed
	at ptolemy.moml.MoMLSimpleApplication$UnloadThread.run(MoMLSimpleApplication.java:402)
Caused by: ptolemy.kernel.util.IllegalActionException: Found a zero delay loop containing .dependencyLoop.original
  in .dependencyLoop and .dependencyLoop.original
	at ptolemy.actor.util.CausalityInterfaceForComposites._computeOutputPortDepth(CausalityInterfaceForComposites.java:759)
	at ptolemy.actor.util.CausalityInterfaceForComposites._computeInputDepth(CausalityInterfaceForComposites.java:696)
	at ptolemy.actor.util.CausalityInterfaceForComposites._computeOutputPortDepth(CausalityInterfaceForComposites.java:765)
	at ptolemy.actor.util.CausalityInterfaceForComposites._computeInputDepth(CausalityInterfaceForComposites.java:696)
	at ptolemy.actor.util.CausalityInterfaceForComposites._computeOutputPortDepth(CausalityInterfaceForComposites.java:765)
	at ptolemy.actor.util.CausalityInterfaceForComposites._computeInputDepth(CausalityInterfaceForComposites.java:696)
	at ptolemy.actor.util.CausalityInterfaceForComposites._computeActorDepth(CausalityInterfaceForComposites.java:532)
	at ptolemy.actor.util.CausalityInterfaceForComposites.checkForCycles(CausalityInterfaceForComposites.java:96)
	at ptolemy.domains.de.kernel.DEDirector.preinitialize(DEDirector.java:1338)
	at ptolemy.actor.CompositeActor.preinitialize(CompositeActor.java:1828)
	at ptolemy.actor.Manager.preinitializeAndResolveTypes(Manager.java:1040)
	at ptolemy.actor.Manager.initialize(Manager.java:710)
	at ptolemy.actor.Manager.execute(Manager.java:356)
	at ptolemy.actor.Manager.run(Manager.java:1263)
	at ptolemy.actor.Manager$PtolemyRunThread.run(Manager.java:1915)
java.lang.reflect.InvocationTargetException
	at sun.reflect.NativeConstructorAccessorImpl.newInstance0(Native Method)
	at sun.reflect.NativeConstructorAccessorImpl.newInstance(NativeConstructorAccessorImpl.java:62)
	at sun.reflect.DelegatingConstructorAccessorImpl.newInstance(DelegatingConstructorAccessorImpl.java:45)
	at java.lang.reflect.Constructor.newInstance(Constructor.java:423)
	at ptolemy.util.test.junit.AutoKnownFailedTests.RunModel(AutoKnownFailedTests.java:107)
	at sun.reflect.NativeMethodAccessorImpl.invoke0(Native Method)
	at sun.reflect.NativeMethodAccessorImpl.invoke(NativeMethodAccessorImpl.java:62)
	at sun.reflect.DelegatingMethodAccessorImpl.invoke(DelegatingMethodAccessorImpl.java:43)
	at java.lang.reflect.Method.invoke(Method.java:498)
	at org.junit.runners.model.FrameworkMethod$1.runReflectiveCall(FrameworkMethod.java:44)
	at org.junit.internal.runners.model.ReflectiveCallable.run(ReflectiveCallable.java:15)
	at org.junit.runners.model.FrameworkMethod.invokeExplosively(FrameworkMethod.java:41)
	at junitparams.internal.InvokeParameterisedMethod.evaluate(InvokeParameterisedMethod.java:102)
	at org.junit.internal.runners.statements.FailOnTimeout$1.run(FailOnTimeout.java:28)
Caused by: ptolemy.kernel.util.IllegalActionException: Found a zero delay loop containing .dependencyLoop.original
  in .dependencyLoop and .dependencyLoop.original
	at ptolemy.actor.util.CausalityInterfaceForComposites._computeOutputPortDepth(CausalityInterfaceForComposites.java:759)
	at ptolemy.actor.util.CausalityInterfaceForComposites._computeInputDepth(CausalityInterfaceForComposites.java:696)
	at ptolemy.actor.util.CausalityInterfaceForComposites._computeOutputPortDepth(CausalityInterfaceForComposites.java:765)
	at ptolemy.actor.util.CausalityInterfaceForComposites._computeInputDepth(CausalityInterfaceForComposites.java:696)
	at ptolemy.actor.util.CausalityInterfaceForComposites._computeOutputPortDepth(CausalityInterfaceForComposites.java:765)
	at ptolemy.actor.util.CausalityInterfaceForComposites._computeInputDepth(CausalityInterfaceForComposites.java:696)
	at ptolemy.actor.util.CausalityInterfaceForComposites._computeActorDepth(CausalityInterfaceForComposites.java:532)
	at ptolemy.actor.util.CausalityInterfaceForComposites.checkForCycles(CausalityInterfaceForComposites.java:96)
	at ptolemy.domains.de.kernel.DEDirector.preinitialize(DEDirector.java:1338)
	at ptolemy.actor.CompositeActor.preinitialize(CompositeActor.java:1828)
	at ptolemy.actor.Manager.preinitializeAndResolveTypes(Manager.java:1040)
	at ptolemy.actor.Manager.initialize(Manager.java:710)
	at ptolemy.actor.Manager.execute(Manager.java:356)
	at ptolemy.actor.Manager.run(Manager.java:1263)
	at ptolemy.actor.Manager$PtolemyRunThread.run(Manager.java:1915)
java.lang.RuntimeException: Execution failed
	at ptolemy.moml.MoMLSimpleApplication$UnloadThread.run(MoMLSimpleApplication.java:402)
Caused by: ptolemy.kernel.util.IllegalActionException: Found a zero delay loop containing .dependencyLoop2.original
  in .dependencyLoop2 and .dependencyLoop2.original
	at ptolemy.actor.util.CausalityInterfaceForComposites._computeOutputPortDepth(CausalityInterfaceForComposites.java:759)
	at ptolemy.actor.util.CausalityInterfaceForComposites._computeInputDepth(CausalityInterfaceForComposites.java:696)
	at ptolemy.actor.util.CausalityInterfaceForComposites._computeOutputPortDepth(CausalityInterfaceForComposites.java:765)
	at ptolemy.actor.util.CausalityInterfaceForComposites._computeInputDepth(CausalityInterfaceForComposites.java:696)
	at ptolemy.actor.util.CausalityInterfaceForComposites._computeOutputPortDepth(CausalityInterfaceForComposites.java:765)
	at ptolemy.actor.util.CausalityInterfaceForComposites._computeInputDepth(CausalityInterfaceForComposites.java:696)
	at ptolemy.actor.util.CausalityInterfaceForComposites._computeActorDepth(CausalityInterfaceForComposites.java:532)
	at ptolemy.actor.util.CausalityInterfaceForComposites.checkForCycles(CausalityInterfaceForComposites.java:96)
	at ptolemy.domains.de.kernel.DEDirector.preinitialize(DEDirector.java:1338)
	at ptolemy.actor.CompositeActor.preinitialize(CompositeActor.java:1828)
	at ptolemy.actor.Manager.preinitializeAndResolveTypes(Manager.java:1040)
	at ptolemy.actor.Manager.initialize(Manager.java:710)
	at ptolemy.actor.Manager.execute(Manager.java:356)
	at ptolemy.actor.Manager.run(Manager.java:1263)
	at ptolemy.actor.Manager$PtolemyRunThread.run(Manager.java:1915)
java.lang.reflect.InvocationTargetException
	at sun.reflect.NativeConstructorAccessorImpl.newInstance0(Native Method)
	at sun.reflect.NativeConstructorAccessorImpl.newInstance(NativeConstructorAccessorImpl.java:62)
	at sun.reflect.DelegatingConstructorAccessorImpl.newInstance(DelegatingConstructorAccessorImpl.java:45)
	at java.lang.reflect.Constructor.newInstance(Constructor.java:423)
	at ptolemy.util.test.junit.AutoKnownFailedTests.RunModel(AutoKnownFailedTests.java:107)
	at sun.reflect.NativeMethodAccessorImpl.invoke0(Native Method)
	at sun.reflect.NativeMethodAccessorImpl.invoke(NativeMethodAccessorImpl.java:62)
	at sun.reflect.DelegatingMethodAccessorImpl.invoke(DelegatingMethodAccessorImpl.java:43)
	at java.lang.reflect.Method.invoke(Method.java:498)
	at org.junit.runners.model.FrameworkMethod$1.runReflectiveCall(FrameworkMethod.java:44)
	at org.junit.internal.runners.model.ReflectiveCallable.run(ReflectiveCallable.java:15)
	at org.junit.runners.model.FrameworkMethod.invokeExplosively(FrameworkMethod.java:41)
	at junitparams.internal.InvokeParameterisedMethod.evaluate(InvokeParameterisedMethod.java:102)
	at org.junit.internal.runners.statements.FailOnTimeout$1.run(FailOnTimeout.java:28)
Caused by: ptolemy.kernel.util.IllegalActionException: Found a zero delay loop containing .dependencyLoop2.original
  in .dependencyLoop2 and .dependencyLoop2.original
	at ptolemy.actor.util.CausalityInterfaceForComposites._computeOutputPortDepth(CausalityInterfaceForComposites.java:759)
	at ptolemy.actor.util.CausalityInterfaceForComposites._computeInputDepth(CausalityInterfaceForComposites.java:696)
	at ptolemy.actor.util.CausalityInterfaceForComposites._computeOutputPortDepth(CausalityInterfaceForComposites.java:765)
	at ptolemy.actor.util.CausalityInterfaceForComposites._computeInputDepth(CausalityInterfaceForComposites.java:696)
	at ptolemy.actor.util.CausalityInterfaceForComposites._computeOutputPortDepth(CausalityInterfaceForComposites.java:765)
	at ptolemy.actor.util.CausalityInterfaceForComposites._computeInputDepth(CausalityInterfaceForComposites.java:696)
	at ptolemy.actor.util.CausalityInterfaceForComposites._computeActorDepth(CausalityInterfaceForComposites.java:532)
	at ptolemy.actor.util.CausalityInterfaceForComposites.checkForCycles(CausalityInterfaceForComposites.java:96)
	at ptolemy.domains.de.kernel.DEDirector.preinitialize(DEDirector.java:1338)
	at ptolemy.actor.CompositeActor.preinitialize(CompositeActor.java:1828)
	at ptolemy.actor.Manager.preinitializeAndResolveTypes(Manager.java:1040)
	at ptolemy.actor.Manager.initialize(Manager.java:710)
	at ptolemy.actor.Manager.execute(Manager.java:356)
	at ptolemy.actor.Manager.run(Manager.java:1263)
	at ptolemy.actor.Manager$PtolemyRunThread.run(Manager.java:1915)
]]></system-err>
</testsuite>
