<?xml version="1.0" encoding="UTF-8" ?>
<testsuite errors="0" failures="0" hostname="travis-job-f7812f35-07fe-4b1c-adac-78e2cdc16d87" name="ptolemy.actor.lib.hoc.test.junit.JUnitTclTest" skipped="0" tests="58" time="31.495" timestamp="2019-10-15T05:58:27">
  <properties>
[...]
</properties>
  <testcase classname="ptolemy.util.test.junit.TclTests" name="[0] /home/travis/build/icyphy/ptII/ptolemy/actor/lib/hoc/test/IterateOverArray.tcl (RunTclFile)" time="0.274" />
  <testcase classname="ptolemy.util.test.junit.AutoKnownFailedTests" name="[0] /home/travis/build/icyphy/ptII/ptolemy/actor/lib/hoc/test/auto/knownFailedTests/PreinitializeMustBeInvokedRunComposite.xml (RunModel)" time="0.385" />
  <testcase classname="ptolemy.util.test.junit.AutoNameArchTests" name="[0] ThereAreNoAutoArchTests (RunModel)" time="0.001" />
  <testcase classname="ptolemy.util.test.junit.AutoTests" name="[0] /home/travis/build/icyphy/ptII/ptolemy/actor/lib/hoc/test/auto/AllToAllMultiInstanceComposite.xml (RunModel)" time="0.48" />
  <testcase classname="ptolemy.util.test.junit.AutoTests" name="[1] /home/travis/build/icyphy/ptII/ptolemy/actor/lib/hoc/test/auto/ApplyFFTTest.xml (RunModel)" time="0.441" />
  <testcase classname="ptolemy.util.test.junit.AutoTests" name="[2] /home/travis/build/icyphy/ptII/ptolemy/actor/lib/hoc/test/auto/ApplyFunction.xml (RunModel)" time="0.063" />
  <testcase classname="ptolemy.util.test.junit.AutoTests" name="[3] /home/travis/build/icyphy/ptII/ptolemy/actor/lib/hoc/test/auto/BackgroundExecution.xml (RunModel)" time="0.733" />
  <testcase classname="ptolemy.util.test.junit.AutoTests" name="[4] /home/travis/build/icyphy/ptII/ptolemy/actor/lib/hoc/test/auto/Case.xml (RunModel)" time="0.082" />
  <testcase classname="ptolemy.util.test.junit.AutoTests" name="[5] /home/travis/build/icyphy/ptII/ptolemy/actor/lib/hoc/test/auto/Case1.xml (RunModel)" time="0.06" />
  <testcase classname="ptolemy.util.test.junit.AutoTests" name="[6] /home/travis/build/icyphy/ptII/ptolemy/actor/lib/hoc/test/auto/Case2.xml (RunModel)" time="0.098" />
  <testcase classname="ptolemy.util.test.junit.AutoTests" name="[7] /home/travis/build/icyphy/ptII/ptolemy/actor/lib/hoc/test/auto/Case3.xml (RunModel)" time="0.045" />
  <testcase classname="ptolemy.util.test.junit.AutoTests" name="[8] /home/travis/build/icyphy/ptII/ptolemy/actor/lib/hoc/test/auto/Case4.xml (RunModel)" time="0.066" />
  <testcase classname="ptolemy.util.test.junit.AutoTests" name="[9] /home/travis/build/icyphy/ptII/ptolemy/actor/lib/hoc/test/auto/Case5.xml (RunModel)" time="0.081" />
  <testcase classname="ptolemy.util.test.junit.AutoTests" name="[10] /home/travis/build/icyphy/ptII/ptolemy/actor/lib/hoc/test/auto/Case6.xml (RunModel)" time="0.123" />
  <testcase classname="ptolemy.util.test.junit.AutoTests" name="[11] /home/travis/build/icyphy/ptII/ptolemy/actor/lib/hoc/test/auto/CaseString2.xml (RunModel)" time="0.059" />
  <testcase classname="ptolemy.util.test.junit.AutoTests" name="[12] /home/travis/build/icyphy/ptII/ptolemy/actor/lib/hoc/test/auto/CatchUpComposite1.xml (RunModel)" time="0.083" />
  <testcase classname="ptolemy.util.test.junit.AutoTests" name="[13] /home/travis/build/icyphy/ptII/ptolemy/actor/lib/hoc/test/auto/CatchUpComposite2.xml (RunModel)" time="0.051" />
  <testcase classname="ptolemy.util.test.junit.AutoTests" name="[14] /home/travis/build/icyphy/ptII/ptolemy/actor/lib/hoc/test/auto/CatchUpComposite3.xml (RunModel)" time="0.043" />
  <testcase classname="ptolemy.util.test.junit.AutoTests" name="[15] /home/travis/build/icyphy/ptII/ptolemy/actor/lib/hoc/test/auto/CatchUpComposite4.xml (RunModel)" time="0.045" />
  <testcase classname="ptolemy.util.test.junit.AutoTests" name="[16] /home/travis/build/icyphy/ptII/ptolemy/actor/lib/hoc/test/auto/CatchUpComposite5.xml (RunModel)" time="0.032" />
  <testcase classname="ptolemy.util.test.junit.AutoTests" name="[17] /home/travis/build/icyphy/ptII/ptolemy/actor/lib/hoc/test/auto/CatchUpComposite6.xml (RunModel)" time="0.179" />
  <testcase classname="ptolemy.util.test.junit.AutoTests" name="[18] /home/travis/build/icyphy/ptII/ptolemy/actor/lib/hoc/test/auto/CatchUpComposite7.xml (RunModel)" time="0.069" />
  <testcase classname="ptolemy.util.test.junit.AutoTests" name="[19] /home/travis/build/icyphy/ptII/ptolemy/actor/lib/hoc/test/auto/ConcurrentExecutionTimeSDF.xml (RunModel)" time="1.102" />
  <testcase classname="ptolemy.util.test.junit.AutoTests" name="[20] /home/travis/build/icyphy/ptII/ptolemy/actor/lib/hoc/test/auto/ConcurrentSleep.xml (RunModel)" time="0.765" />
  <testcase classname="ptolemy.util.test.junit.AutoTests" name="[21] /home/travis/build/icyphy/ptII/ptolemy/actor/lib/hoc/test/auto/DEInPNInRunCompositeActor.xml (RunModel)" time="0.037" />
  <testcase classname="ptolemy.util.test.junit.AutoTests" name="[22] /home/travis/build/icyphy/ptII/ptolemy/actor/lib/hoc/test/auto/DFTSubSetTest.xml (RunModel)" time="0.282" />
  <testcase classname="ptolemy.util.test.junit.AutoTests" name="[23] /home/travis/build/icyphy/ptII/ptolemy/actor/lib/hoc/test/auto/HocDE.xml (RunModel)" time="0.185" />
  <testcase classname="ptolemy.util.test.junit.AutoTests" name="[24] /home/travis/build/icyphy/ptII/ptolemy/actor/lib/hoc/test/auto/IterateOverArray.xml (RunModel)" time="0.033" />
  <testcase classname="ptolemy.util.test.junit.AutoTests" name="[25] /home/travis/build/icyphy/ptII/ptolemy/actor/lib/hoc/test/auto/IterateOverArray10.xml (RunModel)" time="0.025" />
  <testcase classname="ptolemy.util.test.junit.AutoTests" name="[26] /home/travis/build/icyphy/ptII/ptolemy/actor/lib/hoc/test/auto/IterateOverArray11.xml (RunModel)" time="0.024" />
  <testcase classname="ptolemy.util.test.junit.AutoTests" name="[27] /home/travis/build/icyphy/ptII/ptolemy/actor/lib/hoc/test/auto/IterateOverArray12.xml (RunModel)" time="0.037" />
  <testcase classname="ptolemy.util.test.junit.AutoTests" name="[28] /home/travis/build/icyphy/ptII/ptolemy/actor/lib/hoc/test/auto/IterateOverArray13.xml (RunModel)" time="0.143" />
  <testcase classname="ptolemy.util.test.junit.AutoTests" name="[29] /home/travis/build/icyphy/ptII/ptolemy/actor/lib/hoc/test/auto/IterateOverArray14.xml (RunModel)" time="0.149" />
  <testcase classname="ptolemy.util.test.junit.AutoTests" name="[30] /home/travis/build/icyphy/ptII/ptolemy/actor/lib/hoc/test/auto/IterateOverArray2.xml (RunModel)" time="0.026" />
  <testcase classname="ptolemy.util.test.junit.AutoTests" name="[31] /home/travis/build/icyphy/ptII/ptolemy/actor/lib/hoc/test/auto/IterateOverArray3.xml (RunModel)" time="0.037" />
  <testcase classname="ptolemy.util.test.junit.AutoTests" name="[32] /home/travis/build/icyphy/ptII/ptolemy/actor/lib/hoc/test/auto/IterateOverArray4.xml (RunModel)" time="0.026" />
  <testcase classname="ptolemy.util.test.junit.AutoTests" name="[33] /home/travis/build/icyphy/ptII/ptolemy/actor/lib/hoc/test/auto/IterateOverArray5.xml (RunModel)" time="0.017" />
  <testcase classname="ptolemy.util.test.junit.AutoTests" name="[34] /home/travis/build/icyphy/ptII/ptolemy/actor/lib/hoc/test/auto/IterateOverArray6.xml (RunModel)" time="0.016" />
  <testcase classname="ptolemy.util.test.junit.AutoTests" name="[35] /home/travis/build/icyphy/ptII/ptolemy/actor/lib/hoc/test/auto/IterateOverArray7.xml (RunModel)" time="0.021" />
  <testcase classname="ptolemy.util.test.junit.AutoTests" name="[36] /home/travis/build/icyphy/ptII/ptolemy/actor/lib/hoc/test/auto/IterateOverArray8.xml (RunModel)" time="0.019" />
  <testcase classname="ptolemy.util.test.junit.AutoTests" name="[37] /home/travis/build/icyphy/ptII/ptolemy/actor/lib/hoc/test/auto/IterateOverArray9.xml (RunModel)" time="0.023" />
  <testcase classname="ptolemy.util.test.junit.AutoTests" name="[38] /home/travis/build/icyphy/ptII/ptolemy/actor/lib/hoc/test/auto/IterateOverArrayCoercedOutputType.xml (RunModel)" time="0.035" />
  <testcase classname="ptolemy.util.test.junit.AutoTests" name="[39] /home/travis/build/icyphy/ptII/ptolemy/actor/lib/hoc/test/auto/IterateOverArrayInferredOutputType.xml (RunModel)" time="0.023" />
  <testcase classname="ptolemy.util.test.junit.AutoTests" name="[40] /home/travis/build/icyphy/ptII/ptolemy/actor/lib/hoc/test/auto/MobileFunctionTest.xml (RunModel)" time="0.023" />
  <testcase classname="ptolemy.util.test.junit.AutoTests" name="[41] /home/travis/build/icyphy/ptII/ptolemy/actor/lib/hoc/test/auto/MobileModelTest.xml (RunModel)" time="0.16" />
  <testcase classname="ptolemy.util.test.junit.AutoTests" name="[42] /home/travis/build/icyphy/ptII/ptolemy/actor/lib/hoc/test/auto/ModelReference.xml (RunModel)" time="0.061" />
  <testcase classname="ptolemy.util.test.junit.AutoTests" name="[43] /home/travis/build/icyphy/ptII/ptolemy/actor/lib/hoc/test/auto/ModelReference3.xml (RunModel)" time="0.038" />
  <testcase classname="ptolemy.util.test.junit.AutoTests" name="[44] /home/travis/build/icyphy/ptII/ptolemy/actor/lib/hoc/test/auto/ModelReference4.xml (RunModel)" time="10.033" />
  <testcase classname="ptolemy.util.test.junit.AutoTests" name="[45] /home/travis/build/icyphy/ptII/ptolemy/actor/lib/hoc/test/auto/MultiInstanceComposite.xml (RunModel)" time="0.059" />
  <testcase classname="ptolemy.util.test.junit.AutoTests" name="[46] /home/travis/build/icyphy/ptII/ptolemy/actor/lib/hoc/test/auto/MultiInstanceComposite2.xml (RunModel)" time="0.043" />
  <testcase classname="ptolemy.util.test.junit.AutoTests" name="[47] /home/travis/build/icyphy/ptII/ptolemy/actor/lib/hoc/test/auto/MulticoreExecution.xml (RunModel)" time="1.106" />
  <testcase classname="ptolemy.util.test.junit.AutoTests" name="[48] /home/travis/build/icyphy/ptII/ptolemy/actor/lib/hoc/test/auto/ParallelExecution.xml (RunModel)" time="0.954" />
  <testcase classname="ptolemy.util.test.junit.AutoTests" name="[49] /home/travis/build/icyphy/ptII/ptolemy/actor/lib/hoc/test/auto/RunCompositeActor.xml (RunModel)" time="0.027" />
  <testcase classname="ptolemy.util.test.junit.AutoTests" name="[50] /home/travis/build/icyphy/ptII/ptolemy/actor/lib/hoc/test/auto/RunCompositeActor2.xml (RunModel)" time="0.023" />
  <testcase classname="ptolemy.util.test.junit.AutoTests" name="[51] /home/travis/build/icyphy/ptII/ptolemy/actor/lib/hoc/test/auto/RunCompositeActor3.xml (RunModel)" time="0.016" />
  <testcase classname="ptolemy.util.test.junit.AutoTests" name="[52] /home/travis/build/icyphy/ptII/ptolemy/actor/lib/hoc/test/auto/RunCompositeActor4.xml (RunModel)" time="0.023" />
  <testcase classname="ptolemy.util.test.junit.AutoTests" name="[53] /home/travis/build/icyphy/ptII/ptolemy/actor/lib/hoc/test/auto/RunCompositeIterateOverArray.xml (RunModel)" time="0.04" />
  <testcase classname="ptolemy.util.test.junit.AutoTests" name="[54] /home/travis/build/icyphy/ptII/ptolemy/actor/lib/hoc/test/auto/ThreadedJS.xml (RunModel)" time="11.711" />
  <system-out><![CDATA[/home/travis/build/icyphy/ptII/ptolemy/actor/lib/hoc/test/IterateOverArray.tcl
testDefs.tcl: setting time out to 9000 seconds at Tue Oct 15 05:58:27 UTC 2019
10/15/19 05:58:28
Failed: 0  Total Tests: 2  ((Passed: 2, Newly Passed: 0)  Known Failed: 0) /home/travis/build/icyphy/ptII/ptolemy/actor/lib/hoc/test
----------------- testing (KnownFailure) /home/travis/build/icyphy/ptII/ptolemy/actor/lib/hoc/test/auto/knownFailedTests/PreinitializeMustBeInvokedRunComposite.xml
85 ms. Memory: 120832K Free: 79816K (66%)
Known Failure: java.lang.reflect.InvocationTargetException
No auto/linux-amd64/*.xml tests in /home/travis/build/icyphy/ptII/ptolemy/actor/lib/hoc/test
AutoTests.java: About to close Vertx.
AutoTests.java: Vertx closed.

===========================================================================================
----------------- testing Tue Oct 15 05:58:28 UTC 2019 /home/travis/build/icyphy/ptII/ptolemy/actor/lib/hoc/test/auto/AllToAllMultiInstanceComposite.xml
----------------- Instantiating /home/travis/build/icyphy/ptII/ptolemy/actor/lib/hoc/test/auto/AllToAllMultiInstanceComposite.xml
221 ms. Memory: 120832K Free: 99301K (82%)
----------------- Invoking toplevel() on ptolemy.moml.MoMLSimpleApplication@1bb34f8c
----------------- Done invoking toplevel() on ptolemy.moml.MoMLSimpleApplication@1bb34f8c
reloadAllAccessors: .AllToAllMultiInstanceComposite

===========================================================================================
----------------- testing Tue Oct 15 05:58:29 UTC 2019 /home/travis/build/icyphy/ptII/ptolemy/actor/lib/hoc/test/auto/ApplyFFTTest.xml
----------------- Instantiating /home/travis/build/icyphy/ptII/ptolemy/actor/lib/hoc/test/auto/ApplyFFTTest.xml
161 ms. Memory: 120832K Free: 80288K (66%)
----------------- Invoking toplevel() on ptolemy.moml.MoMLSimpleApplication@55790b5e
----------------- Done invoking toplevel() on ptolemy.moml.MoMLSimpleApplication@55790b5e
reloadAllAccessors: .ApplyFFTTest

===========================================================================================
----------------- testing Tue Oct 15 05:58:29 UTC 2019 /home/travis/build/icyphy/ptII/ptolemy/actor/lib/hoc/test/auto/ApplyFunction.xml
----------------- Instantiating /home/travis/build/icyphy/ptII/ptolemy/actor/lib/hoc/test/auto/ApplyFunction.xml
5 ms. Memory: 120832K Free: 106256K (88%)
----------------- Invoking toplevel() on ptolemy.moml.MoMLSimpleApplication@3c661842
----------------- Done invoking toplevel() on ptolemy.moml.MoMLSimpleApplication@3c661842
reloadAllAccessors: .ApplyFunction

===========================================================================================
----------------- testing Tue Oct 15 05:58:29 UTC 2019 /home/travis/build/icyphy/ptII/ptolemy/actor/lib/hoc/test/auto/BackgroundExecution.xml
----------------- Instantiating /home/travis/build/icyphy/ptII/ptolemy/actor/lib/hoc/test/auto/BackgroundExecution.xml
620 ms. Memory: 120832K Free: 98834K (82%)
----------------- Invoking toplevel() on ptolemy.moml.MoMLSimpleApplication@493f0f47
----------------- Done invoking toplevel() on ptolemy.moml.MoMLSimpleApplication@493f0f47
reloadAllAccessors: .BackgroundExecution

===========================================================================================
----------------- testing Tue Oct 15 05:58:30 UTC 2019 /home/travis/build/icyphy/ptII/ptolemy/actor/lib/hoc/test/auto/Case.xml
----------------- Instantiating /home/travis/build/icyphy/ptII/ptolemy/actor/lib/hoc/test/auto/Case.xml
20 ms. Memory: 120832K Free: 91628K (76%)
----------------- Invoking toplevel() on ptolemy.moml.MoMLSimpleApplication@229010d7
----------------- Done invoking toplevel() on ptolemy.moml.MoMLSimpleApplication@229010d7
reloadAllAccessors: .Case

===========================================================================================
----------------- testing Tue Oct 15 05:58:30 UTC 2019 /home/travis/build/icyphy/ptII/ptolemy/actor/lib/hoc/test/auto/Case1.xml
----------------- Instantiating /home/travis/build/icyphy/ptII/ptolemy/actor/lib/hoc/test/auto/Case1.xml
19 ms. Memory: 120832K Free: 85277K (71%)
----------------- Invoking toplevel() on ptolemy.moml.MoMLSimpleApplication@3310c491
----------------- Done invoking toplevel() on ptolemy.moml.MoMLSimpleApplication@3310c491
reloadAllAccessors: .Case1

===========================================================================================
----------------- testing Tue Oct 15 05:58:30 UTC 2019 /home/travis/build/icyphy/ptII/ptolemy/actor/lib/hoc/test/auto/Case2.xml
----------------- Instantiating /home/travis/build/icyphy/ptII/ptolemy/actor/lib/hoc/test/auto/Case2.xml
22 ms. Memory: 120832K Free: 75282K (62%)
----------------- Invoking toplevel() on ptolemy.moml.MoMLSimpleApplication@733ff151
----------------- Done invoking toplevel() on ptolemy.moml.MoMLSimpleApplication@733ff151
reloadAllAccessors: .Case2

===========================================================================================
----------------- testing Tue Oct 15 05:58:30 UTC 2019 /home/travis/build/icyphy/ptII/ptolemy/actor/lib/hoc/test/auto/Case3.xml
----------------- Instantiating /home/travis/build/icyphy/ptII/ptolemy/actor/lib/hoc/test/auto/Case3.xml
8 ms. Memory: 165888K Free: 150204K (91%)
----------------- Invoking toplevel() on ptolemy.moml.MoMLSimpleApplication@132a4664
----------------- Done invoking toplevel() on ptolemy.moml.MoMLSimpleApplication@132a4664
reloadAllAccessors: .Case3

===========================================================================================
----------------- testing Tue Oct 15 05:58:30 UTC 2019 /home/travis/build/icyphy/ptII/ptolemy/actor/lib/hoc/test/auto/Case4.xml
----------------- Instantiating /home/travis/build/icyphy/ptII/ptolemy/actor/lib/hoc/test/auto/Case4.xml
18 ms. Memory: 165888K Free: 142371K (86%)
----------------- Invoking toplevel() on ptolemy.moml.MoMLSimpleApplication@585bf77e
----------------- Done invoking toplevel() on ptolemy.moml.MoMLSimpleApplication@585bf77e
reloadAllAccessors: .Case4

===========================================================================================
----------------- testing Tue Oct 15 05:58:30 UTC 2019 /home/travis/build/icyphy/ptII/ptolemy/actor/lib/hoc/test/auto/Case5.xml
----------------- Instantiating /home/travis/build/icyphy/ptII/ptolemy/actor/lib/hoc/test/auto/Case5.xml
48 ms. Memory: 165888K Free: 135870K (82%)
----------------- Invoking toplevel() on ptolemy.moml.MoMLSimpleApplication@219cc465
----------------- Done invoking toplevel() on ptolemy.moml.MoMLSimpleApplication@219cc465
reloadAllAccessors: .junk

===========================================================================================
----------------- testing Tue Oct 15 05:58:31 UTC 2019 /home/travis/build/icyphy/ptII/ptolemy/actor/lib/hoc/test/auto/Case6.xml
----------------- Instantiating /home/travis/build/icyphy/ptII/ptolemy/actor/lib/hoc/test/auto/Case6.xml
53 ms. Memory: 165888K Free: 124283K (75%)
----------------- Invoking toplevel() on ptolemy.moml.MoMLSimpleApplication@7cc4a715
----------------- Done invoking toplevel() on ptolemy.moml.MoMLSimpleApplication@7cc4a715
reloadAllAccessors: .Case6

===========================================================================================
----------------- testing Tue Oct 15 05:58:31 UTC 2019 /home/travis/build/icyphy/ptII/ptolemy/actor/lib/hoc/test/auto/CaseString2.xml
----------------- Instantiating /home/travis/build/icyphy/ptII/ptolemy/actor/lib/hoc/test/auto/CaseString2.xml
17 ms. Memory: 165888K Free: 116419K (70%)
----------------- Invoking toplevel() on ptolemy.moml.MoMLSimpleApplication@10ba29bd
----------------- Done invoking toplevel() on ptolemy.moml.MoMLSimpleApplication@10ba29bd
reloadAllAccessors: .CaseString2

===========================================================================================
----------------- testing Tue Oct 15 05:58:31 UTC 2019 /home/travis/build/icyphy/ptII/ptolemy/actor/lib/hoc/test/auto/CatchUpComposite1.xml
----------------- Instantiating /home/travis/build/icyphy/ptII/ptolemy/actor/lib/hoc/test/auto/CatchUpComposite1.xml
41 ms. Memory: 165888K Free: 107258K (65%)
----------------- Invoking toplevel() on ptolemy.moml.MoMLSimpleApplication@19822da
----------------- Done invoking toplevel() on ptolemy.moml.MoMLSimpleApplication@19822da
reloadAllAccessors: .CatchUpComposite1

===========================================================================================
----------------- testing Tue Oct 15 05:58:31 UTC 2019 /home/travis/build/icyphy/ptII/ptolemy/actor/lib/hoc/test/auto/CatchUpComposite2.xml
----------------- Instantiating /home/travis/build/icyphy/ptII/ptolemy/actor/lib/hoc/test/auto/CatchUpComposite2.xml
9 ms. Memory: 165888K Free: 147199K (89%)
----------------- Invoking toplevel() on ptolemy.moml.MoMLSimpleApplication@48bc47b3
----------------- Done invoking toplevel() on ptolemy.moml.MoMLSimpleApplication@48bc47b3
reloadAllAccessors: .CatchUpComposite2

===========================================================================================
----------------- testing Tue Oct 15 05:58:31 UTC 2019 /home/travis/build/icyphy/ptII/ptolemy/actor/lib/hoc/test/auto/CatchUpComposite3.xml
----------------- Instantiating /home/travis/build/icyphy/ptII/ptolemy/actor/lib/hoc/test/auto/CatchUpComposite3.xml
14 ms. Memory: 165888K Free: 138387K (83%)
----------------- Invoking toplevel() on ptolemy.moml.MoMLSimpleApplication@3eacc414
----------------- Done invoking toplevel() on ptolemy.moml.MoMLSimpleApplication@3eacc414
reloadAllAccessors: .CatchUpComposite3

===========================================================================================
----------------- testing Tue Oct 15 05:58:31 UTC 2019 /home/travis/build/icyphy/ptII/ptolemy/actor/lib/hoc/test/auto/CatchUpComposite4.xml
----------------- Instantiating /home/travis/build/icyphy/ptII/ptolemy/actor/lib/hoc/test/auto/CatchUpComposite4.xml
9 ms. Memory: 165888K Free: 130195K (78%)
----------------- Invoking toplevel() on ptolemy.moml.MoMLSimpleApplication@4eb5a485
----------------- Done invoking toplevel() on ptolemy.moml.MoMLSimpleApplication@4eb5a485
reloadAllAccessors: .CatchUpComposite4

===========================================================================================
----------------- testing Tue Oct 15 05:58:31 UTC 2019 /home/travis/build/icyphy/ptII/ptolemy/actor/lib/hoc/test/auto/CatchUpComposite5.xml
----------------- Instantiating /home/travis/build/icyphy/ptII/ptolemy/actor/lib/hoc/test/auto/CatchUpComposite5.xml
7 ms. Memory: 165888K Free: 122561K (74%)
----------------- Invoking toplevel() on ptolemy.moml.MoMLSimpleApplication@1c242a9a
----------------- Done invoking toplevel() on ptolemy.moml.MoMLSimpleApplication@1c242a9a
reloadAllAccessors: .CatchUpComposite5

===========================================================================================
----------------- testing Tue Oct 15 05:58:31 UTC 2019 /home/travis/build/icyphy/ptII/ptolemy/actor/lib/hoc/test/auto/CatchUpComposite6.xml
----------------- Instantiating /home/travis/build/icyphy/ptII/ptolemy/actor/lib/hoc/test/auto/CatchUpComposite6.xml
WARNING: The execution aspects in this model can influence the timing of actors by delaying the 
execution, potentially changing the behavior. There is no guarantee that actors fire at the 
time they request to be fired. 
Use Ptides for deterministic DE behavior that is not influenced by execution aspects. 

102 ms. Memory: 165888K Free: 107667K (65%)
----------------- Invoking toplevel() on ptolemy.moml.MoMLSimpleApplication@258cab28
----------------- Done invoking toplevel() on ptolemy.moml.MoMLSimpleApplication@258cab28
reloadAllAccessors: .CatchUpComposite6

===========================================================================================
----------------- testing Tue Oct 15 05:58:31 UTC 2019 /home/travis/build/icyphy/ptII/ptolemy/actor/lib/hoc/test/auto/CatchUpComposite7.xml
----------------- Instantiating /home/travis/build/icyphy/ptII/ptolemy/actor/lib/hoc/test/auto/CatchUpComposite7.xml
WARNING: The execution aspects in this model can influence the timing of actors by delaying the 
execution, potentially changing the behavior. There is no guarantee that actors fire at the 
time they request to be fired. 
Use Ptides for deterministic DE behavior that is not influenced by execution aspects. 

20 ms. Memory: 165888K Free: 93959K (57%)
----------------- Invoking toplevel() on ptolemy.moml.MoMLSimpleApplication@4a08eb07
----------------- Done invoking toplevel() on ptolemy.moml.MoMLSimpleApplication@4a08eb07
reloadAllAccessors: .CatchUpComposite7

===========================================================================================
----------------- testing Tue Oct 15 05:58:31 UTC 2019 /home/travis/build/icyphy/ptII/ptolemy/actor/lib/hoc/test/auto/ConcurrentExecutionTimeSDF.xml
----------------- Instantiating /home/travis/build/icyphy/ptII/ptolemy/actor/lib/hoc/test/auto/ConcurrentExecutionTimeSDF.xml
Fired ExecutionTime: 40400000
Fired ExecutionTime: 40400000
Fired ExecutionTime: 40400000
Fired ExecutionTime: 40400000
Fired ExecutionTime: 40400000
Fired ExecutionTime: 40400000
Fired ExecutionTime: 40400000
Fired ExecutionTime: 40400000
Fired ExecutionTime: 40400000
Fired ExecutionTime: 40400000
Fired ExecutionTime: 40400000
Fired ExecutionTime: 40400000
Fired ExecutionTime: 40400000
Fired ExecutionTime: 40400000
Fired ExecutionTime: 40400000
Fired ExecutionTime: 40400000
Fired ExecutionTime: 40400000
Fired ExecutionTime: 40400000
Fired ExecutionTime: 40400000
Fired ExecutionTime: 40400000
1077 ms. Memory: 165888K Free: 145895K (88%)
----------------- Invoking toplevel() on ptolemy.moml.MoMLSimpleApplication@2896db17
----------------- Done invoking toplevel() on ptolemy.moml.MoMLSimpleApplication@2896db17
reloadAllAccessors: .ConcurrentExecutionTimeSDF

===========================================================================================
----------------- testing Tue Oct 15 05:58:32 UTC 2019 /home/travis/build/icyphy/ptII/ptolemy/actor/lib/hoc/test/auto/ConcurrentSleep.xml
----------------- Instantiating /home/travis/build/icyphy/ptII/ptolemy/actor/lib/hoc/test/auto/ConcurrentSleep.xml
723 ms. Memory: 165888K Free: 134631K (81%)
----------------- Invoking toplevel() on ptolemy.moml.MoMLSimpleApplication@78a5353e
----------------- Done invoking toplevel() on ptolemy.moml.MoMLSimpleApplication@78a5353e
reloadAllAccessors: .ConcurrentSleep

===========================================================================================
----------------- testing Tue Oct 15 05:58:33 UTC 2019 /home/travis/build/icyphy/ptII/ptolemy/actor/lib/hoc/test/auto/DEInPNInRunCompositeActor.xml
----------------- Instantiating /home/travis/build/icyphy/ptII/ptolemy/actor/lib/hoc/test/auto/DEInPNInRunCompositeActor.xml
9 ms. Memory: 165888K Free: 128487K (77%)
----------------- Invoking toplevel() on ptolemy.moml.MoMLSimpleApplication@c275f00
----------------- Done invoking toplevel() on ptolemy.moml.MoMLSimpleApplication@c275f00
reloadAllAccessors: .DEInPNInRunCompositeActor

===========================================================================================
----------------- testing Tue Oct 15 05:58:33 UTC 2019 /home/travis/build/icyphy/ptII/ptolemy/actor/lib/hoc/test/auto/DFTSubSetTest.xml
----------------- Instantiating /home/travis/build/icyphy/ptII/ptolemy/actor/lib/hoc/test/auto/DFTSubSetTest.xml
180 ms. Memory: 165888K Free: 85479K (52%)
----------------- Invoking toplevel() on ptolemy.moml.MoMLSimpleApplication@10c846b0
----------------- Done invoking toplevel() on ptolemy.moml.MoMLSimpleApplication@10c846b0
reloadAllAccessors: .DFTSubSetTest

===========================================================================================
----------------- testing Tue Oct 15 05:58:33 UTC 2019 /home/travis/build/icyphy/ptII/ptolemy/actor/lib/hoc/test/auto/HocDE.xml
----------------- Instantiating /home/travis/build/icyphy/ptII/ptolemy/actor/lib/hoc/test/auto/HocDE.xml
140 ms. Memory: 165888K Free: 143506K (87%)
----------------- Invoking toplevel() on ptolemy.moml.MoMLSimpleApplication@476eb5ce
----------------- Done invoking toplevel() on ptolemy.moml.MoMLSimpleApplication@476eb5ce
reloadAllAccessors: .HocDE

===========================================================================================
----------------- testing Tue Oct 15 05:58:34 UTC 2019 /home/travis/build/icyphy/ptII/ptolemy/actor/lib/hoc/test/auto/IterateOverArray.xml
----------------- Instantiating /home/travis/build/icyphy/ptII/ptolemy/actor/lib/hoc/test/auto/IterateOverArray.xml
7 ms. Memory: 165888K Free: 138660K (84%)
----------------- Invoking toplevel() on ptolemy.moml.MoMLSimpleApplication@324307d3
----------------- Done invoking toplevel() on ptolemy.moml.MoMLSimpleApplication@324307d3
reloadAllAccessors: .IterateOverArray

===========================================================================================
----------------- testing Tue Oct 15 05:58:34 UTC 2019 /home/travis/build/icyphy/ptII/ptolemy/actor/lib/hoc/test/auto/IterateOverArray10.xml
----------------- Instantiating /home/travis/build/icyphy/ptII/ptolemy/actor/lib/hoc/test/auto/IterateOverArray10.xml
5 ms. Memory: 165888K Free: 135588K (82%)
----------------- Invoking toplevel() on ptolemy.moml.MoMLSimpleApplication@5ecef12a
----------------- Done invoking toplevel() on ptolemy.moml.MoMLSimpleApplication@5ecef12a
reloadAllAccessors: .IterateOverArray10

===========================================================================================
----------------- testing Tue Oct 15 05:58:34 UTC 2019 /home/travis/build/icyphy/ptII/ptolemy/actor/lib/hoc/test/auto/IterateOverArray11.xml
----------------- Instantiating /home/travis/build/icyphy/ptII/ptolemy/actor/lib/hoc/test/auto/IterateOverArray11.xml
6 ms. Memory: 165888K Free: 131492K (79%)
----------------- Invoking toplevel() on ptolemy.moml.MoMLSimpleApplication@5da96a5f
----------------- Done invoking toplevel() on ptolemy.moml.MoMLSimpleApplication@5da96a5f
reloadAllAccessors: .IterateOverArray11

===========================================================================================
----------------- testing Tue Oct 15 05:58:34 UTC 2019 /home/travis/build/icyphy/ptII/ptolemy/actor/lib/hoc/test/auto/IterateOverArray12.xml
----------------- Instantiating /home/travis/build/icyphy/ptII/ptolemy/actor/lib/hoc/test/auto/IterateOverArray12.xml
15 ms. Memory: 165888K Free: 125348K (76%)
----------------- Invoking toplevel() on ptolemy.moml.MoMLSimpleApplication@743ef02a
----------------- Done invoking toplevel() on ptolemy.moml.MoMLSimpleApplication@743ef02a
reloadAllAccessors: .IterateOverArray12

===========================================================================================
----------------- testing Tue Oct 15 05:58:34 UTC 2019 /home/travis/build/icyphy/ptII/ptolemy/actor/lib/hoc/test/auto/IterateOverArray13.xml
----------------- Instantiating /home/travis/build/icyphy/ptII/ptolemy/actor/lib/hoc/test/auto/IterateOverArray13.xml
64 ms. Memory: 165888K Free: 96676K (58%)
----------------- Invoking toplevel() on ptolemy.moml.MoMLSimpleApplication@5c7eb601
----------------- Done invoking toplevel() on ptolemy.moml.MoMLSimpleApplication@5c7eb601
reloadAllAccessors: .IterateOverArray13

===========================================================================================
----------------- testing Tue Oct 15 05:58:34 UTC 2019 /home/travis/build/icyphy/ptII/ptolemy/actor/lib/hoc/test/auto/IterateOverArray14.xml
----------------- Instantiating /home/travis/build/icyphy/ptII/ptolemy/actor/lib/hoc/test/auto/IterateOverArray14.xml
70 ms. Memory: 165888K Free: 63908K (39%)
----------------- Invoking toplevel() on ptolemy.moml.MoMLSimpleApplication@4ea53f78
----------------- Done invoking toplevel() on ptolemy.moml.MoMLSimpleApplication@4ea53f78
reloadAllAccessors: .IterateOverArray14

===========================================================================================
----------------- testing Tue Oct 15 05:58:34 UTC 2019 /home/travis/build/icyphy/ptII/ptolemy/actor/lib/hoc/test/auto/IterateOverArray2.xml
----------------- Instantiating /home/travis/build/icyphy/ptII/ptolemy/actor/lib/hoc/test/auto/IterateOverArray2.xml
9 ms. Memory: 165888K Free: 59302K (36%)
----------------- Invoking toplevel() on ptolemy.moml.MoMLSimpleApplication@317dfcce
----------------- Done invoking toplevel() on ptolemy.moml.MoMLSimpleApplication@317dfcce
reloadAllAccessors: .IterateOverArray2

===========================================================================================
----------------- testing Tue Oct 15 05:58:34 UTC 2019 /home/travis/build/icyphy/ptII/ptolemy/actor/lib/hoc/test/auto/IterateOverArray3.xml
----------------- Instantiating /home/travis/build/icyphy/ptII/ptolemy/actor/lib/hoc/test/auto/IterateOverArray3.xml
7 ms. Memory: 165888K Free: 146376K (88%)
----------------- Invoking toplevel() on ptolemy.moml.MoMLSimpleApplication@4a912c84
----------------- Done invoking toplevel() on ptolemy.moml.MoMLSimpleApplication@4a912c84
reloadAllAccessors: .IterateOverArray3

===========================================================================================
----------------- testing Tue Oct 15 05:58:34 UTC 2019 /home/travis/build/icyphy/ptII/ptolemy/actor/lib/hoc/test/auto/IterateOverArray4.xml
----------------- Instantiating /home/travis/build/icyphy/ptII/ptolemy/actor/lib/hoc/test/auto/IterateOverArray4.xml
5 ms. Memory: 165888K Free: 142280K (86%)
----------------- Invoking toplevel() on ptolemy.moml.MoMLSimpleApplication@2327e0fa
----------------- Done invoking toplevel() on ptolemy.moml.MoMLSimpleApplication@2327e0fa
reloadAllAccessors: .IterateOverArray4

===========================================================================================
----------------- testing Tue Oct 15 05:58:34 UTC 2019 /home/travis/build/icyphy/ptII/ptolemy/actor/lib/hoc/test/auto/IterateOverArray5.xml
----------------- Instantiating /home/travis/build/icyphy/ptII/ptolemy/actor/lib/hoc/test/auto/IterateOverArray5.xml
4 ms. Memory: 165888K Free: 138184K (83%)
----------------- Invoking toplevel() on ptolemy.moml.MoMLSimpleApplication@5d767ca5
----------------- Done invoking toplevel() on ptolemy.moml.MoMLSimpleApplication@5d767ca5
reloadAllAccessors: .IterateOverArray5

===========================================================================================
----------------- testing Tue Oct 15 05:58:34 UTC 2019 /home/travis/build/icyphy/ptII/ptolemy/actor/lib/hoc/test/auto/IterateOverArray6.xml
----------------- Instantiating /home/travis/build/icyphy/ptII/ptolemy/actor/lib/hoc/test/auto/IterateOverArray6.xml
3 ms. Memory: 165888K Free: 135112K (81%)
----------------- Invoking toplevel() on ptolemy.moml.MoMLSimpleApplication@4d90dc7
----------------- Done invoking toplevel() on ptolemy.moml.MoMLSimpleApplication@4d90dc7
reloadAllAccessors: .IterateOverArray6

===========================================================================================
----------------- testing Tue Oct 15 05:58:34 UTC 2019 /home/travis/build/icyphy/ptII/ptolemy/actor/lib/hoc/test/auto/IterateOverArray7.xml
----------------- Instantiating /home/travis/build/icyphy/ptII/ptolemy/actor/lib/hoc/test/auto/IterateOverArray7.xml
4 ms. Memory: 165888K Free: 130506K (79%)
----------------- Invoking toplevel() on ptolemy.moml.MoMLSimpleApplication@7852b761
----------------- Done invoking toplevel() on ptolemy.moml.MoMLSimpleApplication@7852b761
reloadAllAccessors: .IterateOverArray7

===========================================================================================
----------------- testing Tue Oct 15 05:58:34 UTC 2019 /home/travis/build/icyphy/ptII/ptolemy/actor/lib/hoc/test/auto/IterateOverArray8.xml
----------------- Instantiating /home/travis/build/icyphy/ptII/ptolemy/actor/lib/hoc/test/auto/IterateOverArray8.xml
4 ms. Memory: 165888K Free: 126410K (76%)
----------------- Invoking toplevel() on ptolemy.moml.MoMLSimpleApplication@3c50f911
----------------- Done invoking toplevel() on ptolemy.moml.MoMLSimpleApplication@3c50f911
reloadAllAccessors: .IterateOverArray8

===========================================================================================
----------------- testing Tue Oct 15 05:58:34 UTC 2019 /home/travis/build/icyphy/ptII/ptolemy/actor/lib/hoc/test/auto/IterateOverArray9.xml
----------------- Instantiating /home/travis/build/icyphy/ptII/ptolemy/actor/lib/hoc/test/auto/IterateOverArray9.xml
4 ms. Memory: 165888K Free: 122314K (74%)
----------------- Invoking toplevel() on ptolemy.moml.MoMLSimpleApplication@2a0fc3e
----------------- Done invoking toplevel() on ptolemy.moml.MoMLSimpleApplication@2a0fc3e
reloadAllAccessors: .IterateOverArray9

===========================================================================================
----------------- testing Tue Oct 15 05:58:34 UTC 2019 /home/travis/build/icyphy/ptII/ptolemy/actor/lib/hoc/test/auto/IterateOverArrayCoercedOutputType.xml
----------------- Instantiating /home/travis/build/icyphy/ptII/ptolemy/actor/lib/hoc/test/auto/IterateOverArrayCoercedOutputType.xml
6 ms. Memory: 165888K Free: 117194K (71%)
----------------- Invoking toplevel() on ptolemy.moml.MoMLSimpleApplication@62839698
----------------- Done invoking toplevel() on ptolemy.moml.MoMLSimpleApplication@62839698
reloadAllAccessors: .IterateOverArrayCoercedOutputType

===========================================================================================
----------------- testing Tue Oct 15 05:58:34 UTC 2019 /home/travis/build/icyphy/ptII/ptolemy/actor/lib/hoc/test/auto/IterateOverArrayInferredOutputType.xml
----------------- Instantiating /home/travis/build/icyphy/ptII/ptolemy/actor/lib/hoc/test/auto/IterateOverArrayInferredOutputType.xml
9 ms. Memory: 165888K Free: 112584K (68%)
----------------- Invoking toplevel() on ptolemy.moml.MoMLSimpleApplication@8c1f93e
----------------- Done invoking toplevel() on ptolemy.moml.MoMLSimpleApplication@8c1f93e
reloadAllAccessors: .IterateOverArrayInferredOutputType

===========================================================================================
----------------- testing Tue Oct 15 05:58:34 UTC 2019 /home/travis/build/icyphy/ptII/ptolemy/actor/lib/hoc/test/auto/MobileFunctionTest.xml
----------------- Instantiating /home/travis/build/icyphy/ptII/ptolemy/actor/lib/hoc/test/auto/MobileFunctionTest.xml
4 ms. Memory: 165888K Free: 108458K (65%)
----------------- Invoking toplevel() on ptolemy.moml.MoMLSimpleApplication@39a054cc
----------------- Done invoking toplevel() on ptolemy.moml.MoMLSimpleApplication@39a054cc
reloadAllAccessors: .MobileFunctionTest

===========================================================================================
----------------- testing Tue Oct 15 05:58:34 UTC 2019 /home/travis/build/icyphy/ptII/ptolemy/actor/lib/hoc/test/auto/MobileModelTest.xml
----------------- Instantiating /home/travis/build/icyphy/ptII/ptolemy/actor/lib/hoc/test/auto/MobileModelTest.xml
133 ms. Memory: 165888K Free: 87498K (53%)
----------------- Invoking toplevel() on ptolemy.moml.MoMLSimpleApplication@255ef4e2
----------------- Done invoking toplevel() on ptolemy.moml.MoMLSimpleApplication@255ef4e2
reloadAllAccessors: .MobileModelTest

===========================================================================================
----------------- testing Tue Oct 15 05:58:35 UTC 2019 /home/travis/build/icyphy/ptII/ptolemy/actor/lib/hoc/test/auto/ModelReference.xml
----------------- Instantiating /home/travis/build/icyphy/ptII/ptolemy/actor/lib/hoc/test/auto/ModelReference.xml
3 ms. Memory: 165888K Free: 80840K (49%)
6 ms. Memory: 165888K Free: 80330K (48%)
1 ms. Memory: 165888K Free: 79306K (48%)
2 ms. Memory: 165888K Free: 78282K (47%)
1 ms. Memory: 165888K Free: 77768K (47%)
1 ms. Memory: 165888K Free: 76744K (46%)
1 ms. Memory: 165888K Free: 76234K (46%)
2 ms. Memory: 165888K Free: 75210K (45%)
2 ms. Memory: 165888K Free: 74186K (45%)
1 ms. Memory: 165888K Free: 73672K (44%)
28 ms. Memory: 165888K Free: 73672K (44%)
----------------- Invoking toplevel() on ptolemy.moml.MoMLSimpleApplication@5df31a69
----------------- Done invoking toplevel() on ptolemy.moml.MoMLSimpleApplication@5df31a69
reloadAllAccessors: .ModelReference

===========================================================================================
----------------- testing Tue Oct 15 05:58:35 UTC 2019 /home/travis/build/icyphy/ptII/ptolemy/actor/lib/hoc/test/auto/ModelReference3.xml
----------------- Instantiating /home/travis/build/icyphy/ptII/ptolemy/actor/lib/hoc/test/auto/ModelReference3.xml
2 ms. Memory: 165888K Free: 68522K (41%)
5 ms. Memory: 165888K Free: 68042K (41%)
1 ms. Memory: 165888K Free: 67018K (40%)
4 ms. Memory: 165888K Free: 66474K (40%)
2 ms. Memory: 165888K Free: 65466K (39%)
0 ms. Memory: 165888K Free: 64442K (39%)
1 ms. Memory: 165888K Free: 63946K (39%)
2 ms. Memory: 165888K Free: 62922K (38%)
1 ms. Memory: 165888K Free: 62378K (38%)
1 ms. Memory: 165888K Free: 61370K (37%)
27 ms. Memory: 165888K Free: 61370K (37%)
----------------- Invoking toplevel() on ptolemy.moml.MoMLSimpleApplication@7425ca26
----------------- Done invoking toplevel() on ptolemy.moml.MoMLSimpleApplication@7425ca26
reloadAllAccessors: .ModelReference3

===========================================================================================
----------------- testing Tue Oct 15 05:58:35 UTC 2019 /home/travis/build/icyphy/ptII/ptolemy/actor/lib/hoc/test/auto/ModelReference4.xml
----------------- Instantiating /home/travis/build/icyphy/ptII/ptolemy/actor/lib/hoc/test/auto/ModelReference4.xml
1 ms. Memory: 165888K Free: 56778K (34%)
2 ms. Memory: 165888K Free: 55234K (33%)
10 ms. Memory: 165888K Free: 151333K (91%)
4 ms. Memory: 165888K Free: 150116K (90%)
4 ms. Memory: 165888K Free: 148551K (90%)
3 ms. Memory: 165888K Free: 147527K (89%)
2 ms. Memory: 165888K Free: 146563K (88%)
2 ms. Memory: 165888K Free: 145479K (88%)
2 ms. Memory: 165888K Free: 144455K (87%)
2 ms. Memory: 165888K Free: 143491K (86%)
10021 ms. Memory: 165888K Free: 143431K (86%)
----------------- Invoking toplevel() on ptolemy.moml.MoMLSimpleApplication@54d260e2
----------------- Done invoking toplevel() on ptolemy.moml.MoMLSimpleApplication@54d260e2
reloadAllAccessors: .ModelReference4

===========================================================================================
----------------- testing Tue Oct 15 05:58:45 UTC 2019 /home/travis/build/icyphy/ptII/ptolemy/actor/lib/hoc/test/auto/MultiInstanceComposite.xml
----------------- Instantiating /home/travis/build/icyphy/ptII/ptolemy/actor/lib/hoc/test/auto/MultiInstanceComposite.xml
28 ms. Memory: 165888K Free: 124013K (75%)
----------------- Invoking toplevel() on ptolemy.moml.MoMLSimpleApplication@5742e598
----------------- Done invoking toplevel() on ptolemy.moml.MoMLSimpleApplication@5742e598
reloadAllAccessors: .MultiInstanceComposite

===========================================================================================
----------------- testing Tue Oct 15 05:58:45 UTC 2019 /home/travis/build/icyphy/ptII/ptolemy/actor/lib/hoc/test/auto/MultiInstanceComposite2.xml
----------------- Instantiating /home/travis/build/icyphy/ptII/ptolemy/actor/lib/hoc/test/auto/MultiInstanceComposite2.xml
24 ms. Memory: 165888K Free: 112757K (68%)
----------------- Invoking toplevel() on ptolemy.moml.MoMLSimpleApplication@59ed0d35
----------------- Done invoking toplevel() on ptolemy.moml.MoMLSimpleApplication@59ed0d35
reloadAllAccessors: .MultiInstanceComposite2

===========================================================================================
----------------- testing Tue Oct 15 05:58:45 UTC 2019 /home/travis/build/icyphy/ptII/ptolemy/actor/lib/hoc/test/auto/MulticoreExecution.xml
----------------- Instantiating /home/travis/build/icyphy/ptII/ptolemy/actor/lib/hoc/test/auto/MulticoreExecution.xml
Fired ExecutionTime: 2000000
Fired ExecutionTime: 4400000
Fired ExecutionTime: 28800000
Fired ExecutionTime: 28400000
Fired ExecutionTime: 89600000
Fired ExecutionTime: 88000000
Fired ExecutionTime: 88400000
Fired ExecutionTime: 90400000
Fired ExecutionTime: 92400000
Fired ExecutionTime: 91200000
Fired ExecutionTime: 90000000
Fired ExecutionTime: 93200000
Fired ExecutionTime: 65600000
Fired ExecutionTime: 88800000
Fired ExecutionTime: 88400000
Fired ExecutionTime: 88400000
Fired ExecutionTime: 88800000
Fired ExecutionTime: 88800000
Fired ExecutionTime: 88800000
Fired ExecutionTime: 82000000
1060 ms. Memory: 165888K Free: 104036K (63%)
----------------- Invoking toplevel() on ptolemy.moml.MoMLSimpleApplication@44ec02b6
----------------- Done invoking toplevel() on ptolemy.moml.MoMLSimpleApplication@44ec02b6
reloadAllAccessors: .MulticoreExecution

===========================================================================================
----------------- testing Tue Oct 15 05:58:46 UTC 2019 /home/travis/build/icyphy/ptII/ptolemy/actor/lib/hoc/test/auto/ParallelExecution.xml
----------------- Instantiating /home/travis/build/icyphy/ptII/ptolemy/actor/lib/hoc/test/auto/ParallelExecution.xml
915 ms. Memory: 165888K Free: 96366K (58%)
----------------- Invoking toplevel() on ptolemy.moml.MoMLSimpleApplication@3c645fc2
----------------- Done invoking toplevel() on ptolemy.moml.MoMLSimpleApplication@3c645fc2
reloadAllAccessors: .ParallelExecution

===========================================================================================
----------------- testing Tue Oct 15 05:58:47 UTC 2019 /home/travis/build/icyphy/ptII/ptolemy/actor/lib/hoc/test/auto/RunCompositeActor.xml
----------------- Instantiating /home/travis/build/icyphy/ptII/ptolemy/actor/lib/hoc/test/auto/RunCompositeActor.xml
8 ms. Memory: 165888K Free: 89159K (54%)
----------------- Invoking toplevel() on ptolemy.moml.MoMLSimpleApplication@28161a00
----------------- Done invoking toplevel() on ptolemy.moml.MoMLSimpleApplication@28161a00
reloadAllAccessors: .RunCompositeActor

===========================================================================================
----------------- testing Tue Oct 15 05:58:47 UTC 2019 /home/travis/build/icyphy/ptII/ptolemy/actor/lib/hoc/test/auto/RunCompositeActor2.xml
----------------- Instantiating /home/travis/build/icyphy/ptII/ptolemy/actor/lib/hoc/test/auto/RunCompositeActor2.xml
8 ms. Memory: 165888K Free: 83021K (50%)
----------------- Invoking toplevel() on ptolemy.moml.MoMLSimpleApplication@4831a46d
----------------- Done invoking toplevel() on ptolemy.moml.MoMLSimpleApplication@4831a46d
reloadAllAccessors: .RunCompositeActor2

===========================================================================================
----------------- testing Tue Oct 15 05:58:47 UTC 2019 /home/travis/build/icyphy/ptII/ptolemy/actor/lib/hoc/test/auto/RunCompositeActor3.xml
----------------- Instantiating /home/travis/build/icyphy/ptII/ptolemy/actor/lib/hoc/test/auto/RunCompositeActor3.xml
3 ms. Memory: 165888K Free: 77390K (47%)
----------------- Invoking toplevel() on ptolemy.moml.MoMLSimpleApplication@3bb3139e
----------------- Done invoking toplevel() on ptolemy.moml.MoMLSimpleApplication@3bb3139e
reloadAllAccessors: .RunCompositeActor3

===========================================================================================
----------------- testing Tue Oct 15 05:58:47 UTC 2019 /home/travis/build/icyphy/ptII/ptolemy/actor/lib/hoc/test/auto/RunCompositeActor4.xml
----------------- Instantiating /home/travis/build/icyphy/ptII/ptolemy/actor/lib/hoc/test/auto/RunCompositeActor4.xml
8 ms. Memory: 165888K Free: 69190K (42%)
----------------- Invoking toplevel() on ptolemy.moml.MoMLSimpleApplication@4f757abf
----------------- Done invoking toplevel() on ptolemy.moml.MoMLSimpleApplication@4f757abf
reloadAllAccessors: .RunCompositeActor4

===========================================================================================
----------------- testing Tue Oct 15 05:58:47 UTC 2019 /home/travis/build/icyphy/ptII/ptolemy/actor/lib/hoc/test/auto/RunCompositeIterateOverArray.xml
----------------- Instantiating /home/travis/build/icyphy/ptII/ptolemy/actor/lib/hoc/test/auto/RunCompositeIterateOverArray.xml
6 ms. Memory: 165888K Free: 63076K (38%)
----------------- Invoking toplevel() on ptolemy.moml.MoMLSimpleApplication@589df3e0
----------------- Done invoking toplevel() on ptolemy.moml.MoMLSimpleApplication@589df3e0
reloadAllAccessors: .RunCompositeIterateOverArray

===========================================================================================
----------------- testing Tue Oct 15 05:58:47 UTC 2019 /home/travis/build/icyphy/ptII/ptolemy/actor/lib/hoc/test/auto/ThreadedJS.xml
----------------- Instantiating /home/travis/build/icyphy/ptII/ptolemy/actor/lib/hoc/test/auto/ThreadedJS.xml
5426 ms. Memory: 239616K Free: 182784K (76%)
----------------- Invoking toplevel() on ptolemy.moml.MoMLSimpleApplication@5f842693
----------------- Done invoking toplevel() on ptolemy.moml.MoMLSimpleApplication@5f842693
reloadAllAccessors: .ThreadedJS
AutoTests.java: About to close Vertx.
AutoTests.java: Vertx closed.
]]></system-out>
  <system-err><![CDATA[java.lang.RuntimeException: Execution failed
	at ptolemy.moml.MoMLSimpleApplication$UnloadThread.run(MoMLSimpleApplication.java:402)
Caused by: ptolemy.kernel.util.IllegalActionException: initialize() was called after wrapup() was called but preinitialize() was not called after wrapup().
	at ptolemy.actor.lib.hoc.test.PreinitializeMustBeInvoked.initialize(PreinitializeMustBeInvoked.java:78)
	at ptolemy.actor.Director.initialize(Director.java:938)
	at ptolemy.actor.Director.initialize(Director.java:907)
	at ptolemy.actor.sched.StaticSchedulingDirector.initialize(StaticSchedulingDirector.java:159)
	at ptolemy.domains.sdf.kernel.SDFDirector.initialize(SDFDirector.java:544)
	at ptolemy.actor.CompositeActor.initialize(CompositeActor.java:935)
	at ptolemy.actor.lib.hoc.LifeCycleManager._executeInsideModel(LifeCycleManager.java:339)
	at ptolemy.actor.lib.hoc.RunCompositeActor.fire(RunCompositeActor.java:205)
	at ptolemy.actor.CompositeActor.iterate(CompositeActor.java:1146)
	at ptolemy.actor.sched.StaticSchedulingDirector.fire(StaticSchedulingDirector.java:216)
	at ptolemy.domains.sdf.kernel.SDFDirector.fire(SDFDirector.java:500)
	at ptolemy.actor.CompositeActor.fire(CompositeActor.java:455)
	at ptolemy.actor.Manager.iterate(Manager.java:851)
	at ptolemy.actor.Manager.execute(Manager.java:369)
	at ptolemy.actor.Manager.run(Manager.java:1263)
	at ptolemy.actor.Manager$PtolemyRunThread.run(Manager.java:1933)
java.lang.reflect.InvocationTargetException
	at java.base/jdk.internal.reflect.NativeConstructorAccessorImpl.newInstance0(Native Method)
	at java.base/jdk.internal.reflect.NativeConstructorAccessorImpl.newInstance(NativeConstructorAccessorImpl.java:62)
	at java.base/jdk.internal.reflect.DelegatingConstructorAccessorImpl.newInstance(DelegatingConstructorAccessorImpl.java:45)
	at java.base/java.lang.reflect.Constructor.newInstance(Constructor.java:490)
	at ptolemy.util.test.junit.AutoKnownFailedTests.RunModel(AutoKnownFailedTests.java:105)
	at java.base/jdk.internal.reflect.NativeMethodAccessorImpl.invoke0(Native Method)
	at java.base/jdk.internal.reflect.NativeMethodAccessorImpl.invoke(NativeMethodAccessorImpl.java:62)
	at java.base/jdk.internal.reflect.DelegatingMethodAccessorImpl.invoke(DelegatingMethodAccessorImpl.java:43)
	at java.base/java.lang.reflect.Method.invoke(Method.java:566)
	at org.junit.runners.model.FrameworkMethod$1.runReflectiveCall(FrameworkMethod.java:44)
	at org.junit.internal.runners.model.ReflectiveCallable.run(ReflectiveCallable.java:15)
	at org.junit.runners.model.FrameworkMethod.invokeExplosively(FrameworkMethod.java:41)
	at junitparams.internal.InvokeParameterisedMethod.evaluate(InvokeParameterisedMethod.java:102)
	at org.junit.internal.runners.statements.FailOnTimeout$1.run(FailOnTimeout.java:28)
Caused by: ptolemy.kernel.util.IllegalActionException: initialize() was called after wrapup() was called but preinitialize() was not called after wrapup().
	at ptolemy.actor.lib.hoc.test.PreinitializeMustBeInvoked.initialize(PreinitializeMustBeInvoked.java:78)
	at ptolemy.actor.Director.initialize(Director.java:938)
	at ptolemy.actor.Director.initialize(Director.java:907)
	at ptolemy.actor.sched.StaticSchedulingDirector.initialize(StaticSchedulingDirector.java:159)
	at ptolemy.domains.sdf.kernel.SDFDirector.initialize(SDFDirector.java:544)
	at ptolemy.actor.CompositeActor.initialize(CompositeActor.java:935)
	at ptolemy.actor.lib.hoc.LifeCycleManager._executeInsideModel(LifeCycleManager.java:339)
	at ptolemy.actor.lib.hoc.RunCompositeActor.fire(RunCompositeActor.java:205)
	at ptolemy.actor.CompositeActor.iterate(CompositeActor.java:1146)
	at ptolemy.actor.sched.StaticSchedulingDirector.fire(StaticSchedulingDirector.java:216)
	at ptolemy.domains.sdf.kernel.SDFDirector.fire(SDFDirector.java:500)
	at ptolemy.actor.CompositeActor.fire(CompositeActor.java:455)
	at ptolemy.actor.Manager.iterate(Manager.java:851)
	at ptolemy.actor.Manager.execute(Manager.java:369)
	at ptolemy.actor.Manager.run(Manager.java:1263)
	at ptolemy.actor.Manager$PtolemyRunThread.run(Manager.java:1933)
Warning: Nashorn engine is planned to be removed from a future JDK release
Warning: Nashorn engine is planned to be removed from a future JDK release
Warning: Nashorn engine is planned to be removed from a future JDK release
Warning: Nashorn engine is planned to be removed from a future JDK release
Warning: Nashorn engine is planned to be removed from a future JDK release
Warning: Nashorn engine is planned to be removed from a future JDK release
Warning: Nashorn engine is planned to be removed from a future JDK release
Warning: Nashorn engine is planned to be removed from a future JDK release
]]></system-err>
</testsuite>
