<?xml version="1.0" encoding="UTF-8" ?>
<testsuite errors="0" failures="0" hostname="travis-job-092d6cdc-3c08-4c58-81c1-ed5747ab8f85" name="ptolemy.domains.de.test.junit.JUnitTclTest" skipped="0" tests="101" time="122.526" timestamp="2020-02-16T11:28:47">
  <properties>
[...]
</properties>
  <testcase classname="ptolemy.util.test.junit.TclTests" name="[0] /home/travis/build/icyphy/ptII/ptolemy/domains/de/test/DependencyLoop.tcl (RunTclFile)" time="0.95" />
  <testcase classname="ptolemy.util.test.junit.TclTests" name="[1] /home/travis/build/icyphy/ptII/ptolemy/domains/de/test/RunDETestsAsQSS.tcl (RunTclFile)" time="83.422" />
  <testcase classname="ptolemy.util.test.junit.AutoKnownFailedTests" name="[0] /home/travis/build/icyphy/ptII/ptolemy/domains/de/test/auto/knownFailedTests/DESDFClockTest.xml (RunModel)" time="2.065" />
  <testcase classname="ptolemy.util.test.junit.AutoKnownFailedTests" name="[1] /home/travis/build/icyphy/ptII/ptolemy/domains/de/test/auto/knownFailedTests/DirectFeedback.xml (RunModel)" time="0.016" />
  <testcase classname="ptolemy.util.test.junit.AutoKnownFailedTests" name="[2] /home/travis/build/icyphy/ptII/ptolemy/domains/de/test/auto/knownFailedTests/FSMSource.xml (RunModel)" time="0.041" />
  <testcase classname="ptolemy.util.test.junit.AutoKnownFailedTests" name="[3] /home/travis/build/icyphy/ptII/ptolemy/domains/de/test/auto/knownFailedTests/HierarchicalModel.xml (RunModel)" time="0.049" />
  <testcase classname="ptolemy.util.test.junit.AutoKnownFailedTests" name="[4] /home/travis/build/icyphy/ptII/ptolemy/domains/de/test/auto/knownFailedTests/dependencyLoop.xml (RunModel)" time="0.049" />
  <testcase classname="ptolemy.util.test.junit.AutoKnownFailedTests" name="[5] /home/travis/build/icyphy/ptII/ptolemy/domains/de/test/auto/knownFailedTests/dependencyLoop2.xml (RunModel)" time="0.045" />
  <testcase classname="ptolemy.util.test.junit.AutoNameArchTests" name="[0] ThereAreNoAutoArchTests (RunModel)" time="0.001" />
  <testcase classname="ptolemy.util.test.junit.AutoTests" name="[0] /home/travis/build/icyphy/ptII/ptolemy/domains/de/test/auto/ActorDepthCalculation_actorWithoutPorts.xml (RunModel)" time="0.023" />
  <testcase classname="ptolemy.util.test.junit.AutoTests" name="[1] /home/travis/build/icyphy/ptII/ptolemy/domains/de/test/auto/AssemblyLine.xml (RunModel)" time="0.021" />
  <testcase classname="ptolemy.util.test.junit.AutoTests" name="[2] /home/travis/build/icyphy/ptII/ptolemy/domains/de/test/auto/CQBug1.xml (RunModel)" time="0.016" />
  <testcase classname="ptolemy.util.test.junit.AutoTests" name="[3] /home/travis/build/icyphy/ptII/ptolemy/domains/de/test/auto/CancelFireAt.xml (RunModel)" time="0.024" />
  <testcase classname="ptolemy.util.test.junit.AutoTests" name="[4] /home/travis/build/icyphy/ptII/ptolemy/domains/de/test/auto/CausalityAndComposabilityAnalysis.xml (RunModel)" time="0.022" />
  <testcase classname="ptolemy.util.test.junit.AutoTests" name="[5] /home/travis/build/icyphy/ptII/ptolemy/domains/de/test/auto/CausalityInterface1.xml (RunModel)" time="0.018" />
  <testcase classname="ptolemy.util.test.junit.AutoTests" name="[6] /home/travis/build/icyphy/ptII/ptolemy/domains/de/test/auto/CausalityInterface15.xml (RunModel)" time="0.023" />
  <testcase classname="ptolemy.util.test.junit.AutoTests" name="[7] /home/travis/build/icyphy/ptII/ptolemy/domains/de/test/auto/CausalityInterface2.xml (RunModel)" time="0.015" />
  <testcase classname="ptolemy.util.test.junit.AutoTests" name="[8] /home/travis/build/icyphy/ptII/ptolemy/domains/de/test/auto/CausalityInterface3.xml (RunModel)" time="0.016" />
  <testcase classname="ptolemy.util.test.junit.AutoTests" name="[9] /home/travis/build/icyphy/ptII/ptolemy/domains/de/test/auto/ClockDrift.xml (RunModel)" time="0.04" />
  <testcase classname="ptolemy.util.test.junit.AutoTests" name="[10] /home/travis/build/icyphy/ptII/ptolemy/domains/de/test/auto/ClockDriftAndValueChange.xml (RunModel)" time="0.037" />
  <testcase classname="ptolemy.util.test.junit.AutoTests" name="[11] /home/travis/build/icyphy/ptII/ptolemy/domains/de/test/auto/ClockDriftChange.xml (RunModel)" time="0.038" />
  <testcase classname="ptolemy.util.test.junit.AutoTests" name="[12] /home/travis/build/icyphy/ptII/ptolemy/domains/de/test/auto/ComposableCausalityAnalysis.xml (RunModel)" time="0.018" />
  <testcase classname="ptolemy.util.test.junit.AutoTests" name="[13] /home/travis/build/icyphy/ptII/ptolemy/domains/de/test/auto/DEFixedPointLimitation.xml (RunModel)" time="0.011" />
  <testcase classname="ptolemy.util.test.junit.AutoTests" name="[14] /home/travis/build/icyphy/ptII/ptolemy/domains/de/test/auto/DEScheduleTest.xml (RunModel)" time="0.024" />
  <testcase classname="ptolemy.util.test.junit.AutoTests" name="[15] /home/travis/build/icyphy/ptII/ptolemy/domains/de/test/auto/DEinDEwithStartTimes.xml (RunModel)" time="0.019" />
  <testcase classname="ptolemy.util.test.junit.AutoTests" name="[16] /home/travis/build/icyphy/ptII/ptolemy/domains/de/test/auto/DEinDEwithStartTimes2.xml (RunModel)" time="0.026" />
  <testcase classname="ptolemy.util.test.junit.AutoTests" name="[17] /home/travis/build/icyphy/ptII/ptolemy/domains/de/test/auto/DateDemo.xml (RunModel)" time="0.033" />
  <testcase classname="ptolemy.util.test.junit.AutoTests" name="[18] /home/travis/build/icyphy/ptII/ptolemy/domains/de/test/auto/DateToEvent.xml (RunModel)" time="2.047" />
  <testcase classname="ptolemy.util.test.junit.AutoTests" name="[19] /home/travis/build/icyphy/ptII/ptolemy/domains/de/test/auto/DepthTest1.xml (RunModel)" time="0.01" />
  <testcase classname="ptolemy.util.test.junit.AutoTests" name="[20] /home/travis/build/icyphy/ptII/ptolemy/domains/de/test/auto/DepthTest2.xml (RunModel)" time="0.022" />
  <testcase classname="ptolemy.util.test.junit.AutoTests" name="[21] /home/travis/build/icyphy/ptII/ptolemy/domains/de/test/auto/DepthTest3.xml (RunModel)" time="0.013" />
  <testcase classname="ptolemy.util.test.junit.AutoTests" name="[22] /home/travis/build/icyphy/ptII/ptolemy/domains/de/test/auto/DepthTest4.xml (RunModel)" time="0.021" />
  <testcase classname="ptolemy.util.test.junit.AutoTests" name="[23] /home/travis/build/icyphy/ptII/ptolemy/domains/de/test/auto/DepthTest5.xml (RunModel)" time="0.021" />
  <testcase classname="ptolemy.util.test.junit.AutoTests" name="[24] /home/travis/build/icyphy/ptII/ptolemy/domains/de/test/auto/DepthTest6.xml (RunModel)" time="0.014" />
  <testcase classname="ptolemy.util.test.junit.AutoTests" name="[25] /home/travis/build/icyphy/ptII/ptolemy/domains/de/test/auto/DepthTest7.xml (RunModel)" time="0.012" />
  <testcase classname="ptolemy.util.test.junit.AutoTests" name="[26] /home/travis/build/icyphy/ptII/ptolemy/domains/de/test/auto/EventToDate.xml (RunModel)" time="3.032" />
  <testcase classname="ptolemy.util.test.junit.AutoTests" name="[27] /home/travis/build/icyphy/ptII/ptolemy/domains/de/test/auto/FSM1.xml (RunModel)" time="0.057" />
  <testcase classname="ptolemy.util.test.junit.AutoTests" name="[28] /home/travis/build/icyphy/ptII/ptolemy/domains/de/test/auto/FSM7.xml (RunModel)" time="0.032" />
  <testcase classname="ptolemy.util.test.junit.AutoTests" name="[29] /home/travis/build/icyphy/ptII/ptolemy/domains/de/test/auto/Inspection.xml (RunModel)" time="0.039" />
  <testcase classname="ptolemy.util.test.junit.AutoTests" name="[30] /home/travis/build/icyphy/ptII/ptolemy/domains/de/test/auto/Iteration.xml (RunModel)" time="0.023" />
  <testcase classname="ptolemy.util.test.junit.AutoTests" name="[31] /home/travis/build/icyphy/ptII/ptolemy/domains/de/test/auto/LineFault.xml (RunModel)" time="0.516" />
  <testcase classname="ptolemy.util.test.junit.AutoTests" name="[32] /home/travis/build/icyphy/ptII/ptolemy/domains/de/test/auto/MergeModel1Add.xml (RunModel)" time="0.045" />
  <testcase classname="ptolemy.util.test.junit.AutoTests" name="[33] /home/travis/build/icyphy/ptII/ptolemy/domains/de/test/auto/MergeModel2Add.xml (RunModel)" time="0.037" />
  <testcase classname="ptolemy.util.test.junit.AutoTests" name="[34] /home/travis/build/icyphy/ptII/ptolemy/domains/de/test/auto/MergeModel3Add.xml (RunModel)" time="0.059" />
  <testcase classname="ptolemy.util.test.junit.AutoTests" name="[35] /home/travis/build/icyphy/ptII/ptolemy/domains/de/test/auto/MergeWithoutDiscard.xml (RunModel)" time="0.011" />
  <testcase classname="ptolemy.util.test.junit.AutoTests" name="[36] /home/travis/build/icyphy/ptII/ptolemy/domains/de/test/auto/Modal1.xml (RunModel)" time="0.027" />
  <testcase classname="ptolemy.util.test.junit.AutoTests" name="[37] /home/travis/build/icyphy/ptII/ptolemy/domains/de/test/auto/Modal2.xml (RunModel)" time="0.026" />
  <testcase classname="ptolemy.util.test.junit.AutoTests" name="[38] /home/travis/build/icyphy/ptII/ptolemy/domains/de/test/auto/Modal3.xml (RunModel)" time="0.025" />
  <testcase classname="ptolemy.util.test.junit.AutoTests" name="[39] /home/travis/build/icyphy/ptII/ptolemy/domains/de/test/auto/Modal4.xml (RunModel)" time="0.034" />
  <testcase classname="ptolemy.util.test.junit.AutoTests" name="[40] /home/travis/build/icyphy/ptII/ptolemy/domains/de/test/auto/Modal5.xml (RunModel)" time="0.028" />
  <testcase classname="ptolemy.util.test.junit.AutoTests" name="[41] /home/travis/build/icyphy/ptII/ptolemy/domains/de/test/auto/Modal6.xml (RunModel)" time="0.034" />
  <testcase classname="ptolemy.util.test.junit.AutoTests" name="[42] /home/travis/build/icyphy/ptII/ptolemy/domains/de/test/auto/Modal7.xml (RunModel)" time="0.034" />
  <testcase classname="ptolemy.util.test.junit.AutoTests" name="[43] /home/travis/build/icyphy/ptII/ptolemy/domains/de/test/auto/ModalModel.xml (RunModel)" time="0.174" />
  <testcase classname="ptolemy.util.test.junit.AutoTests" name="[44] /home/travis/build/icyphy/ptII/ptolemy/domains/de/test/auto/ModalSource.xml (RunModel)" time="0.018" />
  <testcase classname="ptolemy.util.test.junit.AutoTests" name="[45] /home/travis/build/icyphy/ptII/ptolemy/domains/de/test/auto/NonInterruptibleTimerZeroDelay.xml (RunModel)" time="0.011" />
  <testcase classname="ptolemy.util.test.junit.AutoTests" name="[46] /home/travis/build/icyphy/ptII/ptolemy/domains/de/test/auto/OpenQueueingNetwork.xml (RunModel)" time="2.024" />
  <testcase classname="ptolemy.util.test.junit.AutoTests" name="[47] /home/travis/build/icyphy/ptII/ptolemy/domains/de/test/auto/OpenQueuingNetwork.xml (RunModel)" time="0.262" />
  <testcase classname="ptolemy.util.test.junit.AutoTests" name="[48] /home/travis/build/icyphy/ptII/ptolemy/domains/de/test/auto/PeriodicSampler.xml (RunModel)" time="0.01" />
  <testcase classname="ptolemy.util.test.junit.AutoTests" name="[49] /home/travis/build/icyphy/ptII/ptolemy/domains/de/test/auto/PersistentIO.xml (RunModel)" time="0.019" />
  <testcase classname="ptolemy.util.test.junit.AutoTests" name="[50] /home/travis/build/icyphy/ptII/ptolemy/domains/de/test/auto/PortParameterResetOnInitialize.xml (RunModel)" time="0.009" />
  <testcase classname="ptolemy.util.test.junit.AutoTests" name="[51] /home/travis/build/icyphy/ptII/ptolemy/domains/de/test/auto/PortParameterUpdates.xml (RunModel)" time="0.012" />
  <testcase classname="ptolemy.util.test.junit.AutoTests" name="[52] /home/travis/build/icyphy/ptII/ptolemy/domains/de/test/auto/QueueAndServer.xml (RunModel)" time="0.018" />
  <testcase classname="ptolemy.util.test.junit.AutoTests" name="[53] /home/travis/build/icyphy/ptII/ptolemy/domains/de/test/auto/Records.xml (RunModel)" time="0.014" />
  <testcase classname="ptolemy.util.test.junit.AutoTests" name="[54] /home/travis/build/icyphy/ptII/ptolemy/domains/de/test/auto/ResetTransitionWithStartTime1.xml (RunModel)" time="0.021" />
  <testcase classname="ptolemy.util.test.junit.AutoTests" name="[55] /home/travis/build/icyphy/ptII/ptolemy/domains/de/test/auto/ResetTransitionWithStartTime2.xml (RunModel)" time="0.019" />
  <testcase classname="ptolemy.util.test.junit.AutoTests" name="[56] /home/travis/build/icyphy/ptII/ptolemy/domains/de/test/auto/ResetTransitionWithStartTime3.xml (RunModel)" time="0.023" />
  <testcase classname="ptolemy.util.test.junit.AutoTests" name="[57] /home/travis/build/icyphy/ptII/ptolemy/domains/de/test/auto/ResetTransitionWithStartTime4.xml (RunModel)" time="0.024" />
  <testcase classname="ptolemy.util.test.junit.AutoTests" name="[58] /home/travis/build/icyphy/ptII/ptolemy/domains/de/test/auto/ResettableTimer1.xml (RunModel)" time="0.011" />
  <testcase classname="ptolemy.util.test.junit.AutoTests" name="[59] /home/travis/build/icyphy/ptII/ptolemy/domains/de/test/auto/ResettableTimer2.xml (RunModel)" time="0.01" />
  <testcase classname="ptolemy.util.test.junit.AutoTests" name="[60] /home/travis/build/icyphy/ptII/ptolemy/domains/de/test/auto/ResettableTimer3.xml (RunModel)" time="0.01" />
  <testcase classname="ptolemy.util.test.junit.AutoTests" name="[61] /home/travis/build/icyphy/ptII/ptolemy/domains/de/test/auto/ResettableTimer4.xml (RunModel)" time="0.011" />
  <testcase classname="ptolemy.util.test.junit.AutoTests" name="[62] /home/travis/build/icyphy/ptII/ptolemy/domains/de/test/auto/ResettableTimer5.xml (RunModel)" time="0.011" />
  <testcase classname="ptolemy.util.test.junit.AutoTests" name="[63] /home/travis/build/icyphy/ptII/ptolemy/domains/de/test/auto/ResettableTimer6.xml (RunModel)" time="0.015" />
  <testcase classname="ptolemy.util.test.junit.AutoTests" name="[64] /home/travis/build/icyphy/ptII/ptolemy/domains/de/test/auto/ServerZeroDelay.xml (RunModel)" time="0.009" />
  <testcase classname="ptolemy.util.test.junit.AutoTests" name="[65] /home/travis/build/icyphy/ptII/ptolemy/domains/de/test/auto/SmartSender.xml (RunModel)" time="3.01" />
  <testcase classname="ptolemy.util.test.junit.AutoTests" name="[66] /home/travis/build/icyphy/ptII/ptolemy/domains/de/test/auto/ThreadedComposite.xml (RunModel)" time="0.14" />
  <testcase classname="ptolemy.util.test.junit.AutoTests" name="[67] /home/travis/build/icyphy/ptII/ptolemy/domains/de/test/auto/Time.xml (RunModel)" time="0.343" />
  <testcase classname="ptolemy.util.test.junit.AutoTests" name="[68] /home/travis/build/icyphy/ptII/ptolemy/domains/de/test/auto/TimeDelayZeroDelay.xml (RunModel)" time="0.02" />
  <testcase classname="ptolemy.util.test.junit.AutoTests" name="[69] /home/travis/build/icyphy/ptII/ptolemy/domains/de/test/auto/TimerZeroDelay.xml (RunModel)" time="0.015" />
  <testcase classname="ptolemy.util.test.junit.AutoTests" name="[70] /home/travis/build/icyphy/ptII/ptolemy/domains/de/test/auto/TimingParadox.xml (RunModel)" time="0.321" />
  <testcase classname="ptolemy.util.test.junit.AutoTests" name="[71] /home/travis/build/icyphy/ptII/ptolemy/domains/de/test/auto/TransferInputs.xml (RunModel)" time="0.01" />
  <testcase classname="ptolemy.util.test.junit.AutoTests" name="[72] /home/travis/build/icyphy/ptII/ptolemy/domains/de/test/auto/TransferOutputs2.xml (RunModel)" time="0.015" />
  <testcase classname="ptolemy.util.test.junit.AutoTests" name="[73] /home/travis/build/icyphy/ptII/ptolemy/domains/de/test/auto/Trilateration.xml (RunModel)" time="10.127" />
  <testcase classname="ptolemy.util.test.junit.AutoTests" name="[74] /home/travis/build/icyphy/ptII/ptolemy/domains/de/test/auto/TwoSigmaDelta.xml (RunModel)" time="1.904" />
  <testcase classname="ptolemy.util.test.junit.AutoTests" name="[75] /home/travis/build/icyphy/ptII/ptolemy/domains/de/test/auto/VariableDelay.xml (RunModel)" time="0.011" />
  <testcase classname="ptolemy.util.test.junit.AutoTests" name="[76] /home/travis/build/icyphy/ptII/ptolemy/domains/de/test/auto/VariableDelay2.xml (RunModel)" time="0.008" />
  <testcase classname="ptolemy.util.test.junit.AutoTests" name="[77] /home/travis/build/icyphy/ptII/ptolemy/domains/de/test/auto/VariableDelayZeroDelay.xml (RunModel)" time="0.01" />
  <testcase classname="ptolemy.util.test.junit.AutoTests" name="[78] /home/travis/build/icyphy/ptII/ptolemy/domains/de/test/auto/VariableDelayZeroDelay2.xml (RunModel)" time="0.008" />
  <testcase classname="ptolemy.util.test.junit.AutoTests" name="[79] /home/travis/build/icyphy/ptII/ptolemy/domains/de/test/auto/deInCt.xml (RunModel)" time="0.014" />
  <testcase classname="ptolemy.util.test.junit.AutoTests" name="[80] /home/travis/build/icyphy/ptII/ptolemy/domains/de/test/auto/deInCt2.xml (RunModel)" time="0.013" />
  <testcase classname="ptolemy.util.test.junit.AutoTests" name="[81] /home/travis/build/icyphy/ptII/ptolemy/domains/de/test/auto/dynamicCausalityInterface1.xml (RunModel)" time="0.015" />
  <testcase classname="ptolemy.util.test.junit.AutoTests" name="[82] /home/travis/build/icyphy/ptII/ptolemy/domains/de/test/auto/fsm_de_test.xml (RunModel)" time="0.018" />
  <testcase classname="ptolemy.util.test.junit.AutoTests" name="[83] /home/travis/build/icyphy/ptII/ptolemy/domains/de/test/auto/functionDependencyReconstruction.xml (RunModel)" time="0.027" />
  <testcase classname="ptolemy.util.test.junit.AutoTests" name="[84] /home/travis/build/icyphy/ptII/ptolemy/domains/de/test/auto/multirate.xml (RunModel)" time="0.012" />
  <testcase classname="ptolemy.util.test.junit.AutoTests" name="[85] /home/travis/build/icyphy/ptII/ptolemy/domains/de/test/auto/multirate2.xml (RunModel)" time="0.012" />
  <testcase classname="ptolemy.util.test.junit.AutoTests" name="[86] /home/travis/build/icyphy/ptII/ptolemy/domains/de/test/auto/realtime.xml (RunModel)" time="10.007" />
  <testcase classname="ptolemy.util.test.junit.AutoTests" name="[87] /home/travis/build/icyphy/ptII/ptolemy/domains/de/test/auto/relationGroup.xml (RunModel)" time="0.012" />
  <testcase classname="ptolemy.util.test.junit.AutoTests" name="[88] /home/travis/build/icyphy/ptII/ptolemy/domains/de/test/auto/relationGroup2.xml (RunModel)" time="0.028" />
  <testcase classname="ptolemy.util.test.junit.AutoTests" name="[89] /home/travis/build/icyphy/ptII/ptolemy/domains/de/test/auto/sortWithOpaquePorts.xml (RunModel)" time="0.02" />
  <testcase classname="ptolemy.util.test.junit.AutoTests" name="[90] /home/travis/build/icyphy/ptII/ptolemy/domains/de/test/auto/transferInputsandOutputs.xml (RunModel)" time="0.021" />
  <testcase classname="ptolemy.util.test.junit.AutoTests" name="[91] /home/travis/build/icyphy/ptII/ptolemy/domains/de/test/auto/triggerType.xml (RunModel)" time="0.01" />
  <system-out><![CDATA[/home/travis/build/icyphy/ptII/ptolemy/domains/de/test/DependencyLoop.tcl
testDefs.tcl: setting time out to 9000 seconds at Sun Feb 16 11:28:47 UTC 2020
99 ms. Memory: 129024K Free: 78278K (61%)
15 ms. Memory: 129024K Free: 60839K (47%)
/home/travis/build/icyphy/ptII/ptolemy/domains/de/test/RunDETestsAsQSS.tcl
Run the DE tests using ptolemy.domains.qss.test.QSSDirectorTest, which extends QSSDirector and prints a message in the constructors.
------------------ testing $PTII/ptolemy/domains/de/test/auto/knownFailedTests/DirectFeedback.xml (Known Failure) 
60 ms. Memory: 129024K Free: 55240K (43%)


==== $PTIIhome/travis/build/icyphy/ptII/ptolemy/domains/de/test/../../../../: Auto Automatic test in file $PTII/ptolemy/domains/de/test/auto/knownFailedTests/DirectFeedback.xml
==== Contents of test case:

	    # FIXME: we should use $relativeFilename here, but it
	    # might have backslashes under Windows, which causes no end
	    # of trouble.
	    createAndExecute $file
	    list {}
	
.... Test generated KNOWN error:
    while executing
ptolemy.kernel.util.IllegalActionException: Test fails in iteration 1.
Value was: 1.0. Should have been: 2.0
  in .DirectFeedback.Test
	at ptolemy.actor.lib.Test.fire(Test.java:268)
	at ptolemy.domains.de.kernel.DEDirector._fire(DEDirector.java:1949)
	at ptolemy.domains.de.kernel.DEDirector.fire(DEDirector.java:502)
	at ptolemy.actor.CompositeActor.fire(CompositeActor.java:455)
	at ptolemy.actor.Manager.iterate(Manager.java:851)
	at ptolemy.actor.Manager.execute(Manager.java:369)
	at ptolemy.actor.Manager.run(Manager.java:1263)
	at ptolemy.actor.Manager$PtolemyRunThread.run(Manager.java:1933)

    while executing
ptolemy.kernel.util.IllegalActionException: Test fails in iteration 1.
Value was: 1.0. Should have been: 2.0
  in .DirectFeedback.Test
    while executing
"java::new ptolemy.moml.MoMLSimpleApplication $file
"
    (procedure "createAndExecute" line 2)
    invoked from within
"createAndExecute $file"
    ("uplevel" body line 5)
    invoked from within
"uplevel $contents_of_test"
------------------ testing $PTII/ptolemy/domains/de/test/auto/knownFailedTests/dependencyLoop.xml (Known Failure) 
10 ms. Memory: 129024K Free: 52168K (40%)


==== $PTIIhome/travis/build/icyphy/ptII/ptolemy/domains/de/test/../../../../: Auto Automatic test in file $PTII/ptolemy/domains/de/test/auto/knownFailedTests/dependencyLoop.xml
==== Contents of test case:

	    # FIXME: we should use $relativeFilename here, but it
	    # might have backslashes under Windows, which causes no end
	    # of trouble.
	    createAndExecute $file
	    list {}
	
.... Test generated KNOWN error:
    while executing
ptolemy.kernel.util.IllegalActionException: Found a zero delay loop containing .dependencyLoop.original
  in .dependencyLoop and .dependencyLoop.original
	at ptolemy.actor.util.CausalityInterfaceForComposites._computeOutputPortDepth(CausalityInterfaceForComposites.java:759)
	at ptolemy.actor.util.CausalityInterfaceForComposites._computeInputDepth(CausalityInterfaceForComposites.java:696)
	at ptolemy.actor.util.CausalityInterfaceForComposites._computeOutputPortDepth(CausalityInterfaceForComposites.java:765)
	at ptolemy.actor.util.CausalityInterfaceForComposites._computeInputDepth(CausalityInterfaceForComposites.java:696)
	at ptolemy.actor.util.CausalityInterfaceForComposites._computeOutputPortDepth(CausalityInterfaceForComposites.java:765)
	at ptolemy.actor.util.CausalityInterfaceForComposites._computeInputDepth(CausalityInterfaceForComposites.java:696)
	at ptolemy.actor.util.CausalityInterfaceForComposites._computeActorDepth(CausalityInterfaceForComposites.java:532)
	at ptolemy.actor.util.CausalityInterfaceForComposites.checkForCycles(CausalityInterfaceForComposites.java:96)
	at ptolemy.domains.de.kernel.DEDirector.preinitialize(DEDirector.java:1338)
	at ptolemy.actor.CompositeActor.preinitialize(CompositeActor.java:1828)
	at ptolemy.actor.Manager.preinitializeAndResolveTypes(Manager.java:1040)
	at ptolemy.actor.Manager.initialize(Manager.java:710)
	at ptolemy.actor.Manager.execute(Manager.java:356)
	at ptolemy.actor.Manager.run(Manager.java:1263)
	at ptolemy.actor.Manager$PtolemyRunThread.run(Manager.java:1933)

    while executing
ptolemy.kernel.util.IllegalActionException: Found a zero delay loop containing .dependencyLoop.original
  in .dependencyLoop and .dependencyLoop.original
    while executing
"java::new ptolemy.moml.MoMLSimpleApplication $file
"
    (procedure "createAndExecute" line 2)
    invoked from within
"createAndExecute $file"
    ("uplevel" body line 5)
    invoked from within
"uplevel $contents_of_test"
------------------ testing $PTII/ptolemy/domains/de/test/auto/knownFailedTests/FSMSource.xml (Known Failure) 
67 ms. Memory: 129024K Free: 110856K (86%)
!!!! Auto was marked as failing, but now passes
------------------ testing $PTII/ptolemy/domains/de/test/auto/knownFailedTests/HierarchicalModel.xml (Known Failure) 
6 ms. Memory: 129024K Free: 93765K (73%)


==== $PTIIhome/travis/build/icyphy/ptII/ptolemy/domains/de/test/../../../../: Auto Automatic test in file $PTII/ptolemy/domains/de/test/auto/knownFailedTests/HierarchicalModel.xml
==== Contents of test case:

	    # FIXME: we should use $relativeFilename here, but it
	    # might have backslashes under Windows, which causes no end
	    # of trouble.
	    createAndExecute $file
	    list {}
	
.... Test generated KNOWN error:
    while executing
ptolemy.kernel.util.IllegalActionException: Found a zero delay loop containing .HierarchicalModel.A
  in .HierarchicalModel and .HierarchicalModel.A
	at ptolemy.actor.util.CausalityInterfaceForComposites._computeOutputPortDepth(CausalityInterfaceForComposites.java:759)
	at ptolemy.actor.util.CausalityInterfaceForComposites._computeInputDepth(CausalityInterfaceForComposites.java:696)
	at ptolemy.actor.util.CausalityInterfaceForComposites._computeOutputPortDepth(CausalityInterfaceForComposites.java:765)
	at ptolemy.actor.util.CausalityInterfaceForComposites._computeInputDepth(CausalityInterfaceForComposites.java:696)
	at ptolemy.actor.util.CausalityInterfaceForComposites._computeOutputPortDepth(CausalityInterfaceForComposites.java:765)
	at ptolemy.actor.util.CausalityInterfaceForComposites._computeInputDepth(CausalityInterfaceForComposites.java:696)
	at ptolemy.actor.util.CausalityInterfaceForComposites._computeActorDepth(CausalityInterfaceForComposites.java:532)
	at ptolemy.actor.util.CausalityInterfaceForComposites.checkForCycles(CausalityInterfaceForComposites.java:96)
	at ptolemy.domains.de.kernel.DEDirector.preinitialize(DEDirector.java:1338)
	at ptolemy.actor.CompositeActor.preinitialize(CompositeActor.java:1828)
	at ptolemy.actor.Manager.preinitializeAndResolveTypes(Manager.java:1040)
	at ptolemy.actor.Manager.initialize(Manager.java:710)
	at ptolemy.actor.Manager.execute(Manager.java:356)
	at ptolemy.actor.Manager.run(Manager.java:1263)
	at ptolemy.actor.Manager$PtolemyRunThread.run(Manager.java:1933)

    while executing
ptolemy.kernel.util.IllegalActionException: Found a zero delay loop containing .HierarchicalModel.A
  in .HierarchicalModel and .HierarchicalModel.A
    while executing
"java::new ptolemy.moml.MoMLSimpleApplication $file
"
    (procedure "createAndExecute" line 2)
    invoked from within
"createAndExecute $file"
    ("uplevel" body line 5)
    invoked from within
"uplevel $contents_of_test"
------------------ testing $PTII/ptolemy/domains/de/test/auto/knownFailedTests/dependencyLoop2.xml (Known Failure) 
10 ms. Memory: 129024K Free: 77343K (60%)


==== $PTIIhome/travis/build/icyphy/ptII/ptolemy/domains/de/test/../../../../: Auto Automatic test in file $PTII/ptolemy/domains/de/test/auto/knownFailedTests/dependencyLoop2.xml
==== Contents of test case:

	    # FIXME: we should use $relativeFilename here, but it
	    # might have backslashes under Windows, which causes no end
	    # of trouble.
	    createAndExecute $file
	    list {}
	
.... Test generated KNOWN error:
    while executing
ptolemy.kernel.util.IllegalActionException: Found a zero delay loop containing .dependencyLoop2.original
  in .dependencyLoop2 and .dependencyLoop2.original
	at ptolemy.actor.util.CausalityInterfaceForComposites._computeOutputPortDepth(CausalityInterfaceForComposites.java:759)
	at ptolemy.actor.util.CausalityInterfaceForComposites._computeInputDepth(CausalityInterfaceForComposites.java:696)
	at ptolemy.actor.util.CausalityInterfaceForComposites._computeOutputPortDepth(CausalityInterfaceForComposites.java:765)
	at ptolemy.actor.util.CausalityInterfaceForComposites._computeInputDepth(CausalityInterfaceForComposites.java:696)
	at ptolemy.actor.util.CausalityInterfaceForComposites._computeOutputPortDepth(CausalityInterfaceForComposites.java:765)
	at ptolemy.actor.util.CausalityInterfaceForComposites._computeInputDepth(CausalityInterfaceForComposites.java:696)
	at ptolemy.actor.util.CausalityInterfaceForComposites._computeActorDepth(CausalityInterfaceForComposites.java:532)
	at ptolemy.actor.util.CausalityInterfaceForComposites.checkForCycles(CausalityInterfaceForComposites.java:96)
	at ptolemy.domains.de.kernel.DEDirector.preinitialize(DEDirector.java:1338)
	at ptolemy.actor.CompositeActor.preinitialize(CompositeActor.java:1828)
	at ptolemy.actor.Manager.preinitializeAndResolveTypes(Manager.java:1040)
	at ptolemy.actor.Manager.initialize(Manager.java:710)
	at ptolemy.actor.Manager.execute(Manager.java:356)
	at ptolemy.actor.Manager.run(Manager.java:1263)
	at ptolemy.actor.Manager$PtolemyRunThread.run(Manager.java:1933)

    while executing
ptolemy.kernel.util.IllegalActionException: Found a zero delay loop containing .dependencyLoop2.original
  in .dependencyLoop2 and .dependencyLoop2.original
    while executing
"java::new ptolemy.moml.MoMLSimpleApplication $file
"
    (procedure "createAndExecute" line 2)
    invoked from within
"createAndExecute $file"
    ("uplevel" body line 5)
    invoked from within
"uplevel $contents_of_test"
------------------ testing $PTII/ptolemy/domains/de/test/auto/knownFailedTests/DESDFClockTest.xml (Known Failure) 
2057 ms. Memory: 129024K Free: 108440K (84%)


==== $PTIIhome/travis/build/icyphy/ptII/ptolemy/domains/de/test/../../../../: Auto Automatic test in file $PTII/ptolemy/domains/de/test/auto/knownFailedTests/DESDFClockTest.xml
==== Contents of test case:

	    # FIXME: we should use $relativeFilename here, but it
	    # might have backslashes under Windows, which causes no end
	    # of trouble.
	    createAndExecute $file
	    list {}
	
.... Test generated KNOWN error:
    while executing
ptolemy.kernel.util.IllegalActionException: Actor is not ready to fire.  Perhaps UpSample.prefire() returned false? Try debugging the actor by selecting "Listen to Actor".  Also, for SDF check moml for tokenConsumptionRate on input.
  in .DESDFClockTest.Play Bell.Copy1:SDF Director and .DESDFClockTest.Play Bell.UpSample
	at ptolemy.actor.sched.StaticSchedulingDirector.fire(StaticSchedulingDirector.java:227)
	at ptolemy.domains.sdf.kernel.SDFDirector.fire(SDFDirector.java:500)
	at ptolemy.actor.CompositeActor.fire(CompositeActor.java:455)
	at ptolemy.domains.de.kernel.DEDirector._fire(DEDirector.java:1949)
	at ptolemy.domains.de.kernel.DEDirector.fire(DEDirector.java:502)
	at ptolemy.actor.CompositeActor.fire(CompositeActor.java:455)
	at ptolemy.actor.Manager.iterate(Manager.java:851)
	at ptolemy.actor.Manager.execute(Manager.java:369)
	at ptolemy.actor.Manager.run(Manager.java:1263)
	at ptolemy.actor.Manager$PtolemyRunThread.run(Manager.java:1933)

    while executing
ptolemy.kernel.util.IllegalActionException: Actor is not ready to fire.  Perhaps UpSample.prefire() returned false? Try debugging the actor by selecting "Listen to Actor".  Also, for SDF check moml for tokenConsumptionRate on input.
  in .DESDFClockTest.Play Bell.Copy1:SDF Director and .DESDFClockTest.Play Bell.UpSample
    while executing
"java::new ptolemy.moml.MoMLSimpleApplication $file
"
    (procedure "createAndExecute" line 2)
    invoked from within
"createAndExecute $file"
    ("uplevel" body line 5)
    invoked from within
"uplevel $contents_of_test"
------------------ testing $PTII/ptolemy/domains/de/test/auto/ActorDepthCalculation_actorWithoutPorts.xml
auto.tcl: Setting watchdog for 200 seconds at Sun Feb 16 11:28:51 UTC 2020
4 ms. Memory: 129024K Free: 100762K (78%)
ptolemy.util.test.WatchDog.cancel(): canceling Sun Feb 16 11:28:51 UTC 2020
auto.tcl: Setting watchdog for 200 seconds at Sun Feb 16 11:28:51 UTC 2020
6 ms. Memory: 129024K Free: 99738K (77%)
ptolemy.util.test.WatchDog.cancel(): canceling Sun Feb 16 11:28:51 UTC 2020
------------------ testing $PTII/ptolemy/domains/de/test/auto/AssemblyLine.xml
auto.tcl: Setting watchdog for 200 seconds at Sun Feb 16 11:28:51 UTC 2020
16 ms. Memory: 51200K Free: 27924K (55%)
ptolemy.util.test.WatchDog.cancel(): canceling Sun Feb 16 11:28:52 UTC 2020
auto.tcl: Setting watchdog for 200 seconds at Sun Feb 16 11:28:52 UTC 2020
7 ms. Memory: 51200K Free: 27272K (53%)
ptolemy.util.test.WatchDog.cancel(): canceling Sun Feb 16 11:28:52 UTC 2020
------------------ testing $PTII/ptolemy/domains/de/test/auto/CQBug1.xml
auto.tcl: Setting watchdog for 200 seconds at Sun Feb 16 11:28:52 UTC 2020
2 ms. Memory: 51200K Free: 33828K (66%)
ptolemy.util.test.WatchDog.cancel(): canceling Sun Feb 16 11:28:52 UTC 2020
auto.tcl: Setting watchdog for 200 seconds at Sun Feb 16 11:28:52 UTC 2020
2 ms. Memory: 51200K Free: 33358K (65%)
ptolemy.util.test.WatchDog.cancel(): canceling Sun Feb 16 11:28:52 UTC 2020
------------------ testing $PTII/ptolemy/domains/de/test/auto/CancelFireAt.xml
auto.tcl: Setting watchdog for 200 seconds at Sun Feb 16 11:28:52 UTC 2020
2 ms. Memory: 51200K Free: 34738K (68%)
ptolemy.util.test.WatchDog.cancel(): canceling Sun Feb 16 11:28:52 UTC 2020
auto.tcl: Setting watchdog for 200 seconds at Sun Feb 16 11:28:52 UTC 2020
2 ms. Memory: 51200K Free: 34254K (67%)
ptolemy.util.test.WatchDog.cancel(): canceling Sun Feb 16 11:28:52 UTC 2020
------------------ testing $PTII/ptolemy/domains/de/test/auto/CausalityAndComposabilityAnalysis.xml
auto.tcl: Setting watchdog for 200 seconds at Sun Feb 16 11:28:52 UTC 2020
13 ms. Memory: 51200K Free: 32720K (64%)
ptolemy.util.test.WatchDog.cancel(): canceling Sun Feb 16 11:28:52 UTC 2020
auto.tcl: Setting watchdog for 200 seconds at Sun Feb 16 11:28:52 UTC 2020
7 ms. Memory: 51200K Free: 31964K (62%)
ptolemy.util.test.WatchDog.cancel(): canceling Sun Feb 16 11:28:52 UTC 2020
------------------ testing $PTII/ptolemy/domains/de/test/auto/CausalityInterface1.xml
auto.tcl: Setting watchdog for 200 seconds at Sun Feb 16 11:28:52 UTC 2020
32 ms. Memory: 51200K Free: 31368K (61%)
ptolemy.util.test.WatchDog.cancel(): canceling Sun Feb 16 11:28:52 UTC 2020
auto.tcl: Setting watchdog for 200 seconds at Sun Feb 16 11:28:52 UTC 2020
2 ms. Memory: 51200K Free: 30394K (59%)
ptolemy.util.test.WatchDog.cancel(): canceling Sun Feb 16 11:28:52 UTC 2020
------------------ testing $PTII/ptolemy/domains/de/test/auto/CausalityInterface15.xml
auto.tcl: Setting watchdog for 200 seconds at Sun Feb 16 11:28:52 UTC 2020
4 ms. Memory: 51200K Free: 31286K (61%)
ptolemy.util.test.WatchDog.cancel(): canceling Sun Feb 16 11:28:52 UTC 2020
auto.tcl: Setting watchdog for 200 seconds at Sun Feb 16 11:28:52 UTC 2020
6 ms. Memory: 51200K Free: 30343K (59%)
ptolemy.util.test.WatchDog.cancel(): canceling Sun Feb 16 11:28:52 UTC 2020
------------------ testing $PTII/ptolemy/domains/de/test/auto/CausalityInterface2.xml
auto.tcl: Setting watchdog for 200 seconds at Sun Feb 16 11:28:52 UTC 2020
3 ms. Memory: 51200K Free: 31899K (62%)
ptolemy.util.test.WatchDog.cancel(): canceling Sun Feb 16 11:28:52 UTC 2020
auto.tcl: Setting watchdog for 200 seconds at Sun Feb 16 11:28:52 UTC 2020
3 ms. Memory: 51200K Free: 31245K (61%)
ptolemy.util.test.WatchDog.cancel(): canceling Sun Feb 16 11:28:52 UTC 2020
------------------ testing $PTII/ptolemy/domains/de/test/auto/CausalityInterface3.xml
auto.tcl: Setting watchdog for 200 seconds at Sun Feb 16 11:28:52 UTC 2020
3 ms. Memory: 51200K Free: 31450K (61%)
ptolemy.util.test.WatchDog.cancel(): canceling Sun Feb 16 11:28:52 UTC 2020
auto.tcl: Setting watchdog for 200 seconds at Sun Feb 16 11:28:52 UTC 2020
3 ms. Memory: 51200K Free: 30966K (60%)
ptolemy.util.test.WatchDog.cancel(): canceling Sun Feb 16 11:28:52 UTC 2020
------------------ testing $PTII/ptolemy/domains/de/test/auto/ClockDrift.xml
auto.tcl: Setting watchdog for 200 seconds at Sun Feb 16 11:28:52 UTC 2020
81 ms. Memory: 51200K Free: 23767K (46%)
ptolemy.util.test.WatchDog.cancel(): canceling Sun Feb 16 11:28:52 UTC 2020
auto.tcl: Setting watchdog for 200 seconds at Sun Feb 16 11:28:52 UTC 2020
32 ms. Memory: 51200K Free: 20557K (40%)
ptolemy.util.test.WatchDog.cancel(): canceling Sun Feb 16 11:28:52 UTC 2020
------------------ testing $PTII/ptolemy/domains/de/test/auto/ClockDriftAndValueChange.xml
auto.tcl: Setting watchdog for 200 seconds at Sun Feb 16 11:28:52 UTC 2020
39 ms. Memory: 51200K Free: 24142K (47%)
ptolemy.util.test.WatchDog.cancel(): canceling Sun Feb 16 11:28:53 UTC 2020
auto.tcl: Setting watchdog for 200 seconds at Sun Feb 16 11:28:53 UTC 2020
29 ms. Memory: 51200K Free: 20887K (41%)
ptolemy.util.test.WatchDog.cancel(): canceling Sun Feb 16 11:28:53 UTC 2020
------------------ testing $PTII/ptolemy/domains/de/test/auto/ClockDriftChange.xml
auto.tcl: Setting watchdog for 200 seconds at Sun Feb 16 11:28:53 UTC 2020
21 ms. Memory: 51200K Free: 25942K (51%)
ptolemy.util.test.WatchDog.cancel(): canceling Sun Feb 16 11:28:53 UTC 2020
auto.tcl: Setting watchdog for 200 seconds at Sun Feb 16 11:28:53 UTC 2020
22 ms. Memory: 51200K Free: 23576K (46%)
ptolemy.util.test.WatchDog.cancel(): canceling Sun Feb 16 11:28:53 UTC 2020
------------------ testing $PTII/ptolemy/domains/de/test/auto/ComposableCausalityAnalysis.xml
auto.tcl: Setting watchdog for 200 seconds at Sun Feb 16 11:28:53 UTC 2020
2 ms. Memory: 51200K Free: 30709K (60%)
ptolemy.util.test.WatchDog.cancel(): canceling Sun Feb 16 11:28:53 UTC 2020
auto.tcl: Setting watchdog for 200 seconds at Sun Feb 16 11:28:53 UTC 2020
4 ms. Memory: 51200K Free: 29697K (58%)
ptolemy.util.test.WatchDog.cancel(): canceling Sun Feb 16 11:28:53 UTC 2020
------------------ testing $PTII/ptolemy/domains/de/test/auto/DEFixedPointLimitation.xml
auto.tcl: Setting watchdog for 200 seconds at Sun Feb 16 11:28:53 UTC 2020
1 ms. Memory: 51200K Free: 32159K (63%)
ptolemy.util.test.WatchDog.cancel(): canceling Sun Feb 16 11:28:53 UTC 2020
auto.tcl: Setting watchdog for 200 seconds at Sun Feb 16 11:28:53 UTC 2020
2 ms. Memory: 51200K Free: 31243K (61%)
ptolemy.util.test.WatchDog.cancel(): canceling Sun Feb 16 11:28:53 UTC 2020
------------------ testing $PTII/ptolemy/domains/de/test/auto/DEScheduleTest.xml
auto.tcl: Setting watchdog for 200 seconds at Sun Feb 16 11:28:53 UTC 2020
4 ms. Memory: 51200K Free: 32482K (63%)
ptolemy.util.test.WatchDog.cancel(): canceling Sun Feb 16 11:28:53 UTC 2020
auto.tcl: Setting watchdog for 200 seconds at Sun Feb 16 11:28:53 UTC 2020
3 ms. Memory: 51200K Free: 31726K (62%)
ptolemy.util.test.WatchDog.cancel(): canceling Sun Feb 16 11:28:53 UTC 2020
------------------ testing $PTII/ptolemy/domains/de/test/auto/DEinDEwithStartTimes.xml
auto.tcl: Setting watchdog for 200 seconds at Sun Feb 16 11:28:53 UTC 2020
5 ms. Memory: 51200K Free: 30652K (60%)
ptolemy.util.test.WatchDog.cancel(): canceling Sun Feb 16 11:28:53 UTC 2020
auto.tcl: Setting watchdog for 200 seconds at Sun Feb 16 11:28:53 UTC 2020
3 ms. Memory: 51200K Free: 29777K (58%)
ptolemy.util.test.WatchDog.cancel(): canceling Sun Feb 16 11:28:53 UTC 2020
------------------ testing $PTII/ptolemy/domains/de/test/auto/DEinDEwithStartTimes2.xml
auto.tcl: Setting watchdog for 200 seconds at Sun Feb 16 11:28:53 UTC 2020
4 ms. Memory: 51200K Free: 29782K (58%)
ptolemy.util.test.WatchDog.cancel(): canceling Sun Feb 16 11:28:53 UTC 2020
auto.tcl: Setting watchdog for 200 seconds at Sun Feb 16 11:28:53 UTC 2020
4 ms. Memory: 51200K Free: 28716K (56%)
ptolemy.util.test.WatchDog.cancel(): canceling Sun Feb 16 11:28:53 UTC 2020
------------------ testing $PTII/ptolemy/domains/de/test/auto/DateDemo.xml
auto.tcl: Setting watchdog for 200 seconds at Sun Feb 16 11:28:53 UTC 2020
13 ms. Memory: 51200K Free: 23928K (47%)
ptolemy.util.test.WatchDog.cancel(): canceling Sun Feb 16 11:28:53 UTC 2020
auto.tcl: Setting watchdog for 200 seconds at Sun Feb 16 11:28:53 UTC 2020
7 ms. Memory: 51200K Free: 22578K (44%)
ptolemy.util.test.WatchDog.cancel(): canceling Sun Feb 16 11:28:53 UTC 2020
------------------ testing $PTII/ptolemy/domains/de/test/auto/DateToEvent.xml
auto.tcl: Setting watchdog for 200 seconds at Sun Feb 16 11:28:53 UTC 2020
2017 ms. Memory: 51200K Free: 20143K (39%)
ptolemy.util.test.WatchDog.cancel(): canceling Sun Feb 16 11:28:55 UTC 2020
auto.tcl: Setting watchdog for 200 seconds at Sun Feb 16 11:28:55 UTC 2020
2005 ms. Memory: 51200K Free: 19289K (38%)
ptolemy.util.test.WatchDog.cancel(): canceling Sun Feb 16 11:28:57 UTC 2020
------------------ testing $PTII/ptolemy/domains/de/test/auto/DepthTest1.xml
auto.tcl: Setting watchdog for 200 seconds at Sun Feb 16 11:28:57 UTC 2020
3 ms. Memory: 51200K Free: 33310K (65%)
ptolemy.util.test.WatchDog.cancel(): canceling Sun Feb 16 11:28:57 UTC 2020
auto.tcl: Setting watchdog for 200 seconds at Sun Feb 16 11:28:57 UTC 2020
2 ms. Memory: 51200K Free: 32820K (64%)
ptolemy.util.test.WatchDog.cancel(): canceling Sun Feb 16 11:28:57 UTC 2020
------------------ testing $PTII/ptolemy/domains/de/test/auto/DepthTest2.xml
auto.tcl: Setting watchdog for 200 seconds at Sun Feb 16 11:28:57 UTC 2020
10 ms. Memory: 51200K Free: 30035K (59%)
ptolemy.util.test.WatchDog.cancel(): canceling Sun Feb 16 11:28:57 UTC 2020
auto.tcl: Setting watchdog for 200 seconds at Sun Feb 16 11:28:57 UTC 2020
2 ms. Memory: 51200K Free: 29620K (58%)
ptolemy.util.test.WatchDog.cancel(): canceling Sun Feb 16 11:28:57 UTC 2020
------------------ testing $PTII/ptolemy/domains/de/test/auto/DepthTest3.xml
auto.tcl: Setting watchdog for 200 seconds at Sun Feb 16 11:28:57 UTC 2020
2 ms. Memory: 51200K Free: 33639K (66%)
ptolemy.util.test.WatchDog.cancel(): canceling Sun Feb 16 11:28:58 UTC 2020
auto.tcl: Setting watchdog for 200 seconds at Sun Feb 16 11:28:58 UTC 2020
2 ms. Memory: 51200K Free: 33142K (65%)
ptolemy.util.test.WatchDog.cancel(): canceling Sun Feb 16 11:28:58 UTC 2020
------------------ testing $PTII/ptolemy/domains/de/test/auto/DepthTest4.xml
auto.tcl: Setting watchdog for 200 seconds at Sun Feb 16 11:28:58 UTC 2020
5 ms. Memory: 51200K Free: 31866K (62%)
ptolemy.util.test.WatchDog.cancel(): canceling Sun Feb 16 11:28:58 UTC 2020
auto.tcl: Setting watchdog for 200 seconds at Sun Feb 16 11:28:58 UTC 2020
2 ms. Memory: 51200K Free: 31161K (61%)
ptolemy.util.test.WatchDog.cancel(): canceling Sun Feb 16 11:28:58 UTC 2020
------------------ testing $PTII/ptolemy/domains/de/test/auto/DepthTest5.xml
auto.tcl: Setting watchdog for 200 seconds at Sun Feb 16 11:28:58 UTC 2020
5 ms. Memory: 51200K Free: 31325K (61%)
ptolemy.util.test.WatchDog.cancel(): canceling Sun Feb 16 11:28:58 UTC 2020
auto.tcl: Setting watchdog for 200 seconds at Sun Feb 16 11:28:58 UTC 2020
3 ms. Memory: 51200K Free: 30584K (60%)
ptolemy.util.test.WatchDog.cancel(): canceling Sun Feb 16 11:28:58 UTC 2020
------------------ testing $PTII/ptolemy/domains/de/test/auto/DepthTest6.xml
auto.tcl: Setting watchdog for 200 seconds at Sun Feb 16 11:28:58 UTC 2020
4 ms. Memory: 51200K Free: 31005K (61%)
ptolemy.util.test.WatchDog.cancel(): canceling Sun Feb 16 11:28:58 UTC 2020
auto.tcl: Setting watchdog for 200 seconds at Sun Feb 16 11:28:58 UTC 2020
2 ms. Memory: 51200K Free: 30562K (60%)
ptolemy.util.test.WatchDog.cancel(): canceling Sun Feb 16 11:28:58 UTC 2020
------------------ testing $PTII/ptolemy/domains/de/test/auto/DepthTest7.xml
auto.tcl: Setting watchdog for 200 seconds at Sun Feb 16 11:28:58 UTC 2020
2 ms. Memory: 51200K Free: 32010K (63%)
ptolemy.util.test.WatchDog.cancel(): canceling Sun Feb 16 11:28:58 UTC 2020
auto.tcl: Setting watchdog for 200 seconds at Sun Feb 16 11:28:58 UTC 2020
1 ms. Memory: 51200K Free: 31093K (61%)
ptolemy.util.test.WatchDog.cancel(): canceling Sun Feb 16 11:28:58 UTC 2020
------------------ testing $PTII/ptolemy/domains/de/test/auto/EventToDate.xml
auto.tcl: Setting watchdog for 200 seconds at Sun Feb 16 11:28:58 UTC 2020
3009 ms. Memory: 51200K Free: 22386K (44%)
ptolemy.util.test.WatchDog.cancel(): canceling Sun Feb 16 11:29:01 UTC 2020
auto.tcl: Setting watchdog for 200 seconds at Sun Feb 16 11:29:01 UTC 2020
3004 ms. Memory: 51200K Free: 21926K (43%)
ptolemy.util.test.WatchDog.cancel(): canceling Sun Feb 16 11:29:04 UTC 2020
------------------ testing $PTII/ptolemy/domains/de/test/auto/FSM1.xml
auto.tcl: Setting watchdog for 200 seconds at Sun Feb 16 11:29:04 UTC 2020
21 ms. Memory: 51200K Free: 23869K (47%)
ptolemy.util.test.WatchDog.cancel(): canceling Sun Feb 16 11:29:04 UTC 2020
auto.tcl: Setting watchdog for 200 seconds at Sun Feb 16 11:29:04 UTC 2020
32 ms. Memory: 51200K Free: 20604K (40%)
ptolemy.util.test.WatchDog.cancel(): canceling Sun Feb 16 11:29:04 UTC 2020
------------------ testing $PTII/ptolemy/domains/de/test/auto/FSM7.xml
auto.tcl: Setting watchdog for 200 seconds at Sun Feb 16 11:29:04 UTC 2020
28 ms. Memory: 51200K Free: 23749K (46%)
ptolemy.util.test.WatchDog.cancel(): canceling Sun Feb 16 11:29:04 UTC 2020
auto.tcl: Setting watchdog for 200 seconds at Sun Feb 16 11:29:04 UTC 2020
27 ms. Memory: 51200K Free: 20336K (40%)
ptolemy.util.test.WatchDog.cancel(): canceling Sun Feb 16 11:29:04 UTC 2020
------------------ testing $PTII/ptolemy/domains/de/test/auto/Inspection.xml
auto.tcl: Setting watchdog for 200 seconds at Sun Feb 16 11:29:04 UTC 2020
20 ms. Memory: 51200K Free: 23546K (46%)
ptolemy.util.test.WatchDog.cancel(): canceling Sun Feb 16 11:29:04 UTC 2020
auto.tcl: Setting watchdog for 200 seconds at Sun Feb 16 11:29:04 UTC 2020
20 ms. Memory: 51200K Free: 21849K (43%)
ptolemy.util.test.WatchDog.cancel(): canceling Sun Feb 16 11:29:04 UTC 2020
------------------ testing $PTII/ptolemy/domains/de/test/auto/Iteration.xml
auto.tcl: Setting watchdog for 200 seconds at Sun Feb 16 11:29:04 UTC 2020
7 ms. Memory: 51200K Free: 29093K (57%)
ptolemy.util.test.WatchDog.cancel(): canceling Sun Feb 16 11:29:04 UTC 2020
auto.tcl: Setting watchdog for 200 seconds at Sun Feb 16 11:29:04 UTC 2020
4 ms. Memory: 51200K Free: 27908K (55%)
ptolemy.util.test.WatchDog.cancel(): canceling Sun Feb 16 11:29:04 UTC 2020
------------------ testing $PTII/ptolemy/domains/de/test/auto/LineFault.xml
auto.tcl: Setting watchdog for 200 seconds at Sun Feb 16 11:29:04 UTC 2020
506 ms. Memory: 51200K Free: 13481K (26%)
ptolemy.util.test.WatchDog.cancel(): canceling Sun Feb 16 11:29:05 UTC 2020
auto.tcl: Setting watchdog for 200 seconds at Sun Feb 16 11:29:05 UTC 2020
508 ms. Memory: 61440K Free: 41337K (67%)
ptolemy.util.test.WatchDog.cancel(): canceling Sun Feb 16 11:29:06 UTC 2020
------------------ testing $PTII/ptolemy/domains/de/test/auto/MergeModel1Add.xml
auto.tcl: Setting watchdog for 200 seconds at Sun Feb 16 11:29:06 UTC 2020
36 ms. Memory: 55296K Free: 19423K (35%)
ptolemy.util.test.WatchDog.cancel(): canceling Sun Feb 16 11:29:06 UTC 2020
auto.tcl: Setting watchdog for 200 seconds at Sun Feb 16 11:29:06 UTC 2020
11 ms. Memory: 55296K Free: 17817K (32%)
ptolemy.util.test.WatchDog.cancel(): canceling Sun Feb 16 11:29:06 UTC 2020
------------------ testing $PTII/ptolemy/domains/de/test/auto/MergeModel2Add.xml
auto.tcl: Setting watchdog for 200 seconds at Sun Feb 16 11:29:06 UTC 2020
9 ms. Memory: 51200K Free: 17344K (34%)
ptolemy.util.test.WatchDog.cancel(): canceling Sun Feb 16 11:29:06 UTC 2020
auto.tcl: Setting watchdog for 200 seconds at Sun Feb 16 11:29:06 UTC 2020
8 ms. Memory: 51200K Free: 15435K (30%)
ptolemy.util.test.WatchDog.cancel(): canceling Sun Feb 16 11:29:06 UTC 2020
------------------ testing $PTII/ptolemy/domains/de/test/auto/MergeModel3Add.xml
auto.tcl: Setting watchdog for 200 seconds at Sun Feb 16 11:29:06 UTC 2020
10 ms. Memory: 51200K Free: 17406K (34%)
ptolemy.util.test.WatchDog.cancel(): canceling Sun Feb 16 11:29:06 UTC 2020
auto.tcl: Setting watchdog for 200 seconds at Sun Feb 16 11:29:06 UTC 2020
9 ms. Memory: 51200K Free: 15874K (31%)
ptolemy.util.test.WatchDog.cancel(): canceling Sun Feb 16 11:29:06 UTC 2020
------------------ testing $PTII/ptolemy/domains/de/test/auto/MergeWithoutDiscard.xml
auto.tcl: Setting watchdog for 200 seconds at Sun Feb 16 11:29:06 UTC 2020
1 ms. Memory: 51200K Free: 31970K (62%)
ptolemy.util.test.WatchDog.cancel(): canceling Sun Feb 16 11:29:06 UTC 2020
auto.tcl: Setting watchdog for 200 seconds at Sun Feb 16 11:29:06 UTC 2020
2 ms. Memory: 51200K Free: 31548K (62%)
ptolemy.util.test.WatchDog.cancel(): canceling Sun Feb 16 11:29:06 UTC 2020
------------------ testing $PTII/ptolemy/domains/de/test/auto/Modal1.xml
auto.tcl: Setting watchdog for 200 seconds at Sun Feb 16 11:29:06 UTC 2020
28 ms. Memory: 51200K Free: 24373K (48%)
ptolemy.util.test.WatchDog.cancel(): canceling Sun Feb 16 11:29:06 UTC 2020
auto.tcl: Setting watchdog for 200 seconds at Sun Feb 16 11:29:06 UTC 2020
15 ms. Memory: 51200K Free: 20859K (41%)
ptolemy.util.test.WatchDog.cancel(): canceling Sun Feb 16 11:29:06 UTC 2020
------------------ testing $PTII/ptolemy/domains/de/test/auto/Modal2.xml
auto.tcl: Setting watchdog for 200 seconds at Sun Feb 16 11:29:06 UTC 2020
15 ms. Memory: 51200K Free: 24251K (47%)
ptolemy.util.test.WatchDog.cancel(): canceling Sun Feb 16 11:29:06 UTC 2020
auto.tcl: Setting watchdog for 200 seconds at Sun Feb 16 11:29:06 UTC 2020
23 ms. Memory: 51200K Free: 20773K (41%)
ptolemy.util.test.WatchDog.cancel(): canceling Sun Feb 16 11:29:06 UTC 2020
------------------ testing $PTII/ptolemy/domains/de/test/auto/Modal3.xml
auto.tcl: Setting watchdog for 200 seconds at Sun Feb 16 11:29:06 UTC 2020
16 ms. Memory: 51200K Free: 23988K (47%)
ptolemy.util.test.WatchDog.cancel(): canceling Sun Feb 16 11:29:07 UTC 2020
auto.tcl: Setting watchdog for 200 seconds at Sun Feb 16 11:29:07 UTC 2020
15 ms. Memory: 51200K Free: 20754K (41%)
ptolemy.util.test.WatchDog.cancel(): canceling Sun Feb 16 11:29:07 UTC 2020
------------------ testing $PTII/ptolemy/domains/de/test/auto/Modal4.xml
auto.tcl: Setting watchdog for 200 seconds at Sun Feb 16 11:29:07 UTC 2020
23 ms. Memory: 51200K Free: 22934K (45%)
ptolemy.util.test.WatchDog.cancel(): canceling Sun Feb 16 11:29:07 UTC 2020
auto.tcl: Setting watchdog for 200 seconds at Sun Feb 16 11:29:07 UTC 2020
15 ms. Memory: 51200K Free: 19126K (37%)
ptolemy.util.test.WatchDog.cancel(): canceling Sun Feb 16 11:29:07 UTC 2020
------------------ testing $PTII/ptolemy/domains/de/test/auto/Modal5.xml
auto.tcl: Setting watchdog for 200 seconds at Sun Feb 16 11:29:07 UTC 2020
16 ms. Memory: 51200K Free: 22931K (45%)
ptolemy.util.test.WatchDog.cancel(): canceling Sun Feb 16 11:29:07 UTC 2020
auto.tcl: Setting watchdog for 200 seconds at Sun Feb 16 11:29:07 UTC 2020
15 ms. Memory: 51200K Free: 19322K (38%)
ptolemy.util.test.WatchDog.cancel(): canceling Sun Feb 16 11:29:07 UTC 2020
------------------ testing $PTII/ptolemy/domains/de/test/auto/Modal6.xml
auto.tcl: Setting watchdog for 200 seconds at Sun Feb 16 11:29:07 UTC 2020
19 ms. Memory: 51200K Free: 23492K (46%)
ptolemy.util.test.WatchDog.cancel(): canceling Sun Feb 16 11:29:07 UTC 2020
auto.tcl: Setting watchdog for 200 seconds at Sun Feb 16 11:29:07 UTC 2020
17 ms. Memory: 51200K Free: 19737K (39%)
ptolemy.util.test.WatchDog.cancel(): canceling Sun Feb 16 11:29:07 UTC 2020
------------------ testing $PTII/ptolemy/domains/de/test/auto/Modal7.xml
auto.tcl: Setting watchdog for 200 seconds at Sun Feb 16 11:29:07 UTC 2020
16 ms. Memory: 51200K Free: 22688K (44%)
ptolemy.util.test.WatchDog.cancel(): canceling Sun Feb 16 11:29:07 UTC 2020
auto.tcl: Setting watchdog for 200 seconds at Sun Feb 16 11:29:07 UTC 2020
12 ms. Memory: 51200K Free: 19361K (38%)
ptolemy.util.test.WatchDog.cancel(): canceling Sun Feb 16 11:29:07 UTC 2020
------------------ testing $PTII/ptolemy/domains/de/test/auto/ModalModel.xml
auto.tcl: Setting watchdog for 200 seconds at Sun Feb 16 11:29:07 UTC 2020
218 ms. Memory: 51200K Free: 16172K (32%)
ptolemy.util.test.WatchDog.cancel(): canceling Sun Feb 16 11:29:07 UTC 2020
auto.tcl: Setting watchdog for 200 seconds at Sun Feb 16 11:29:07 UTC 2020
211 ms. Memory: 66560K Free: 29448K (44%)
ptolemy.util.test.WatchDog.cancel(): canceling Sun Feb 16 11:29:08 UTC 2020
------------------ testing $PTII/ptolemy/domains/de/test/auto/ModalSource.xml
auto.tcl: Setting watchdog for 200 seconds at Sun Feb 16 11:29:08 UTC 2020
6 ms. Memory: 55296K Free: 31882K (58%)
ptolemy.util.test.WatchDog.cancel(): canceling Sun Feb 16 11:29:08 UTC 2020
auto.tcl: Setting watchdog for 200 seconds at Sun Feb 16 11:29:08 UTC 2020
6 ms. Memory: 55296K Free: 29834K (54%)
ptolemy.util.test.WatchDog.cancel(): canceling Sun Feb 16 11:29:08 UTC 2020
------------------ testing $PTII/ptolemy/domains/de/test/auto/NonInterruptibleTimerZeroDelay.xml
auto.tcl: Setting watchdog for 200 seconds at Sun Feb 16 11:29:08 UTC 2020
3 ms. Memory: 51200K Free: 32939K (64%)
ptolemy.util.test.WatchDog.cancel(): canceling Sun Feb 16 11:29:08 UTC 2020
auto.tcl: Setting watchdog for 200 seconds at Sun Feb 16 11:29:08 UTC 2020
3 ms. Memory: 51200K Free: 32078K (63%)
ptolemy.util.test.WatchDog.cancel(): canceling Sun Feb 16 11:29:08 UTC 2020
------------------ testing $PTII/ptolemy/domains/de/test/auto/OpenQueueingNetwork.xml
auto.tcl: Setting watchdog for 200 seconds at Sun Feb 16 11:29:08 UTC 2020
2906 ms. Memory: 115712K Free: 57379K (50%)
ptolemy.util.test.WatchDog.cancel(): canceling Sun Feb 16 11:29:11 UTC 2020
auto.tcl: Setting watchdog for 200 seconds at Sun Feb 16 11:29:11 UTC 2020
2836 ms. Memory: 139264K Free: 41963K (30%)
ptolemy.util.test.WatchDog.cancel(): canceling Sun Feb 16 11:29:14 UTC 2020
------------------ testing $PTII/ptolemy/domains/de/test/auto/OpenQueuingNetwork.xml
auto.tcl: Setting watchdog for 200 seconds at Sun Feb 16 11:29:14 UTC 2020
241 ms. Memory: 55296K Free: 25407K (46%)
ptolemy.util.test.WatchDog.cancel(): canceling Sun Feb 16 11:29:14 UTC 2020
auto.tcl: Setting watchdog for 200 seconds at Sun Feb 16 11:29:14 UTC 2020
223 ms. Memory: 55296K Free: 34825K (63%)
ptolemy.util.test.WatchDog.cancel(): canceling Sun Feb 16 11:29:14 UTC 2020
------------------ testing $PTII/ptolemy/domains/de/test/auto/PeriodicSampler.xml
auto.tcl: Setting watchdog for 200 seconds at Sun Feb 16 11:29:14 UTC 2020
2 ms. Memory: 55296K Free: 36015K (65%)
ptolemy.util.test.WatchDog.cancel(): canceling Sun Feb 16 11:29:14 UTC 2020
auto.tcl: Setting watchdog for 200 seconds at Sun Feb 16 11:29:14 UTC 2020
2 ms. Memory: 55296K Free: 35473K (64%)
ptolemy.util.test.WatchDog.cancel(): canceling Sun Feb 16 11:29:14 UTC 2020
------------------ testing $PTII/ptolemy/domains/de/test/auto/PersistentIO.xml
auto.tcl: Setting watchdog for 200 seconds at Sun Feb 16 11:29:14 UTC 2020
4 ms. Memory: 51200K Free: 26844K (52%)
ptolemy.util.test.WatchDog.cancel(): canceling Sun Feb 16 11:29:14 UTC 2020
auto.tcl: Setting watchdog for 200 seconds at Sun Feb 16 11:29:14 UTC 2020
4 ms. Memory: 51200K Free: 25330K (49%)
ptolemy.util.test.WatchDog.cancel(): canceling Sun Feb 16 11:29:14 UTC 2020
------------------ testing $PTII/ptolemy/domains/de/test/auto/PortParameterResetOnInitialize.xml
auto.tcl: Setting watchdog for 200 seconds at Sun Feb 16 11:29:14 UTC 2020
2 ms. Memory: 51200K Free: 31828K (62%)
ptolemy.util.test.WatchDog.cancel(): canceling Sun Feb 16 11:29:14 UTC 2020
auto.tcl: Setting watchdog for 200 seconds at Sun Feb 16 11:29:14 UTC 2020
2 ms. Memory: 51200K Free: 31332K (61%)
ptolemy.util.test.WatchDog.cancel(): canceling Sun Feb 16 11:29:14 UTC 2020
------------------ testing $PTII/ptolemy/domains/de/test/auto/PortParameterUpdates.xml
auto.tcl: Setting watchdog for 200 seconds at Sun Feb 16 11:29:15 UTC 2020
5 ms. Memory: 51200K Free: 29912K (58%)
ptolemy.util.test.WatchDog.cancel(): canceling Sun Feb 16 11:29:15 UTC 2020
auto.tcl: Setting watchdog for 200 seconds at Sun Feb 16 11:29:15 UTC 2020
5 ms. Memory: 51200K Free: 28891K (56%)
ptolemy.util.test.WatchDog.cancel(): canceling Sun Feb 16 11:29:15 UTC 2020
------------------ testing $PTII/ptolemy/domains/de/test/auto/QueueAndServer.xml
auto.tcl: Setting watchdog for 200 seconds at Sun Feb 16 11:29:15 UTC 2020
13 ms. Memory: 51200K Free: 28804K (56%)
ptolemy.util.test.WatchDog.cancel(): canceling Sun Feb 16 11:29:15 UTC 2020
auto.tcl: Setting watchdog for 200 seconds at Sun Feb 16 11:29:15 UTC 2020
7 ms. Memory: 51200K Free: 27352K (53%)
ptolemy.util.test.WatchDog.cancel(): canceling Sun Feb 16 11:29:15 UTC 2020
------------------ testing $PTII/ptolemy/domains/de/test/auto/Records.xml
auto.tcl: Setting watchdog for 200 seconds at Sun Feb 16 11:29:15 UTC 2020
3 ms. Memory: 51200K Free: 31080K (61%)
ptolemy.util.test.WatchDog.cancel(): canceling Sun Feb 16 11:29:15 UTC 2020
auto.tcl: Setting watchdog for 200 seconds at Sun Feb 16 11:29:15 UTC 2020
2 ms. Memory: 51200K Free: 30585K (60%)
ptolemy.util.test.WatchDog.cancel(): canceling Sun Feb 16 11:29:15 UTC 2020
------------------ testing $PTII/ptolemy/domains/de/test/auto/ResetTransitionWithStartTime1.xml
auto.tcl: Setting watchdog for 200 seconds at Sun Feb 16 11:29:15 UTC 2020
8 ms. Memory: 51200K Free: 28326K (55%)
ptolemy.util.test.WatchDog.cancel(): canceling Sun Feb 16 11:29:15 UTC 2020
auto.tcl: Setting watchdog for 200 seconds at Sun Feb 16 11:29:15 UTC 2020
5 ms. Memory: 51200K Free: 26292K (51%)
ptolemy.util.test.WatchDog.cancel(): canceling Sun Feb 16 11:29:15 UTC 2020
------------------ testing $PTII/ptolemy/domains/de/test/auto/ResetTransitionWithStartTime2.xml
auto.tcl: Setting watchdog for 200 seconds at Sun Feb 16 11:29:15 UTC 2020
6 ms. Memory: 51200K Free: 28280K (55%)
ptolemy.util.test.WatchDog.cancel(): canceling Sun Feb 16 11:29:15 UTC 2020
auto.tcl: Setting watchdog for 200 seconds at Sun Feb 16 11:29:15 UTC 2020
6 ms. Memory: 51200K Free: 26254K (51%)
ptolemy.util.test.WatchDog.cancel(): canceling Sun Feb 16 11:29:15 UTC 2020
------------------ testing $PTII/ptolemy/domains/de/test/auto/ResetTransitionWithStartTime3.xml
auto.tcl: Setting watchdog for 200 seconds at Sun Feb 16 11:29:15 UTC 2020
7 ms. Memory: 51200K Free: 28280K (55%)
ptolemy.util.test.WatchDog.cancel(): canceling Sun Feb 16 11:29:15 UTC 2020
auto.tcl: Setting watchdog for 200 seconds at Sun Feb 16 11:29:15 UTC 2020
6 ms. Memory: 51200K Free: 26246K (51%)
ptolemy.util.test.WatchDog.cancel(): canceling Sun Feb 16 11:29:15 UTC 2020
------------------ testing $PTII/ptolemy/domains/de/test/auto/ResetTransitionWithStartTime4.xml
auto.tcl: Setting watchdog for 200 seconds at Sun Feb 16 11:29:15 UTC 2020
8 ms. Memory: 51200K Free: 28723K (56%)
ptolemy.util.test.WatchDog.cancel(): canceling Sun Feb 16 11:29:15 UTC 2020
auto.tcl: Setting watchdog for 200 seconds at Sun Feb 16 11:29:15 UTC 2020
3 ms. Memory: 51200K Free: 27254K (53%)
ptolemy.util.test.WatchDog.cancel(): canceling Sun Feb 16 11:29:15 UTC 2020
------------------ testing $PTII/ptolemy/domains/de/test/auto/ResettableTimer1.xml
auto.tcl: Setting watchdog for 200 seconds at Sun Feb 16 11:29:15 UTC 2020
3 ms. Memory: 51200K Free: 32448K (63%)
ptolemy.util.test.WatchDog.cancel(): canceling Sun Feb 16 11:29:15 UTC 2020
auto.tcl: Setting watchdog for 200 seconds at Sun Feb 16 11:29:15 UTC 2020
2 ms. Memory: 51200K Free: 31847K (62%)
ptolemy.util.test.WatchDog.cancel(): canceling Sun Feb 16 11:29:15 UTC 2020
------------------ testing $PTII/ptolemy/domains/de/test/auto/ResettableTimer2.xml
auto.tcl: Setting watchdog for 200 seconds at Sun Feb 16 11:29:15 UTC 2020
3 ms. Memory: 51200K Free: 32550K (64%)
ptolemy.util.test.WatchDog.cancel(): canceling Sun Feb 16 11:29:15 UTC 2020
auto.tcl: Setting watchdog for 200 seconds at Sun Feb 16 11:29:15 UTC 2020
3 ms. Memory: 51200K Free: 31896K (62%)
ptolemy.util.test.WatchDog.cancel(): canceling Sun Feb 16 11:29:15 UTC 2020
------------------ testing $PTII/ptolemy/domains/de/test/auto/ResettableTimer3.xml
auto.tcl: Setting watchdog for 200 seconds at Sun Feb 16 11:29:15 UTC 2020
2 ms. Memory: 51200K Free: 32853K (64%)
ptolemy.util.test.WatchDog.cancel(): canceling Sun Feb 16 11:29:15 UTC 2020
auto.tcl: Setting watchdog for 200 seconds at Sun Feb 16 11:29:15 UTC 2020
2 ms. Memory: 51200K Free: 31917K (62%)
ptolemy.util.test.WatchDog.cancel(): canceling Sun Feb 16 11:29:15 UTC 2020
------------------ testing $PTII/ptolemy/domains/de/test/auto/ResettableTimer4.xml
auto.tcl: Setting watchdog for 200 seconds at Sun Feb 16 11:29:15 UTC 2020
1 ms. Memory: 51200K Free: 32443K (63%)
ptolemy.util.test.WatchDog.cancel(): canceling Sun Feb 16 11:29:15 UTC 2020
auto.tcl: Setting watchdog for 200 seconds at Sun Feb 16 11:29:15 UTC 2020
2 ms. Memory: 51200K Free: 31931K (62%)
ptolemy.util.test.WatchDog.cancel(): canceling Sun Feb 16 11:29:15 UTC 2020
------------------ testing $PTII/ptolemy/domains/de/test/auto/ResettableTimer5.xml
auto.tcl: Setting watchdog for 200 seconds at Sun Feb 16 11:29:15 UTC 2020
1 ms. Memory: 51200K Free: 31910K (62%)
ptolemy.util.test.WatchDog.cancel(): canceling Sun Feb 16 11:29:15 UTC 2020
auto.tcl: Setting watchdog for 200 seconds at Sun Feb 16 11:29:15 UTC 2020
1 ms. Memory: 51200K Free: 31417K (61%)
ptolemy.util.test.WatchDog.cancel(): canceling Sun Feb 16 11:29:15 UTC 2020
------------------ testing $PTII/ptolemy/domains/de/test/auto/ResettableTimer6.xml
auto.tcl: Setting watchdog for 200 seconds at Sun Feb 16 11:29:15 UTC 2020
3 ms. Memory: 51200K Free: 31886K (62%)
ptolemy.util.test.WatchDog.cancel(): canceling Sun Feb 16 11:29:15 UTC 2020
auto.tcl: Setting watchdog for 200 seconds at Sun Feb 16 11:29:15 UTC 2020
1 ms. Memory: 51200K Free: 31390K (61%)
ptolemy.util.test.WatchDog.cancel(): canceling Sun Feb 16 11:29:15 UTC 2020
------------------ testing $PTII/ptolemy/domains/de/test/auto/ServerZeroDelay.xml
auto.tcl: Setting watchdog for 200 seconds at Sun Feb 16 11:29:15 UTC 2020
2 ms. Memory: 51200K Free: 32405K (63%)
ptolemy.util.test.WatchDog.cancel(): canceling Sun Feb 16 11:29:15 UTC 2020
auto.tcl: Setting watchdog for 200 seconds at Sun Feb 16 11:29:15 UTC 2020
2 ms. Memory: 51200K Free: 31381K (61%)
ptolemy.util.test.WatchDog.cancel(): canceling Sun Feb 16 11:29:15 UTC 2020
------------------ testing $PTII/ptolemy/domains/de/test/auto/SmartSender.xml
auto.tcl: Setting watchdog for 200 seconds at Sun Feb 16 11:29:15 UTC 2020
3001 ms. Memory: 51200K Free: 32400K (63%)
ptolemy.util.test.WatchDog.cancel(): canceling Sun Feb 16 11:29:18 UTC 2020
auto.tcl: Setting watchdog for 200 seconds at Sun Feb 16 11:29:18 UTC 2020
3001 ms. Memory: 51200K Free: 31883K (62%)
ptolemy.util.test.WatchDog.cancel(): canceling Sun Feb 16 11:29:21 UTC 2020
------------------ testing $PTII/ptolemy/domains/de/test/auto/ThreadedComposite.xml
auto.tcl: Setting watchdog for 200 seconds at Sun Feb 16 11:29:21 UTC 2020
185 ms. Memory: 51200K Free: 13468K (26%)
ptolemy.util.test.WatchDog.cancel(): canceling Sun Feb 16 11:29:22 UTC 2020
auto.tcl: Setting watchdog for 200 seconds at Sun Feb 16 11:29:22 UTC 2020
120 ms. Memory: 51200K Free: 28657K (56%)
ptolemy.util.test.WatchDog.cancel(): canceling Sun Feb 16 11:29:22 UTC 2020
------------------ testing $PTII/ptolemy/domains/de/test/auto/Time.xml
auto.tcl: Setting watchdog for 200 seconds at Sun Feb 16 11:29:22 UTC 2020
492 ms. Memory: 51200K Free: 34184K (67%)
ptolemy.util.test.WatchDog.cancel(): canceling Sun Feb 16 11:29:22 UTC 2020
auto.tcl: Setting watchdog for 200 seconds at Sun Feb 16 11:29:22 UTC 2020
491 ms. Memory: 68608K Free: 24844K (36%)
ptolemy.util.test.WatchDog.cancel(): canceling Sun Feb 16 11:29:23 UTC 2020
------------------ testing $PTII/ptolemy/domains/de/test/auto/TimeDelayZeroDelay.xml
auto.tcl: Setting watchdog for 200 seconds at Sun Feb 16 11:29:23 UTC 2020
2 ms. Memory: 51200K Free: 32330K (63%)
ptolemy.util.test.WatchDog.cancel(): canceling Sun Feb 16 11:29:23 UTC 2020
auto.tcl: Setting watchdog for 200 seconds at Sun Feb 16 11:29:23 UTC 2020
2 ms. Memory: 51200K Free: 31865K (62%)
ptolemy.util.test.WatchDog.cancel(): canceling Sun Feb 16 11:29:23 UTC 2020
------------------ testing $PTII/ptolemy/domains/de/test/auto/TimerZeroDelay.xml
auto.tcl: Setting watchdog for 200 seconds at Sun Feb 16 11:29:23 UTC 2020
4 ms. Memory: 51200K Free: 32807K (64%)
ptolemy.util.test.WatchDog.cancel(): canceling Sun Feb 16 11:29:23 UTC 2020
auto.tcl: Setting watchdog for 200 seconds at Sun Feb 16 11:29:23 UTC 2020
3 ms. Memory: 51200K Free: 32373K (63%)
ptolemy.util.test.WatchDog.cancel(): canceling Sun Feb 16 11:29:23 UTC 2020
------------------ testing $PTII/ptolemy/domains/de/test/auto/TimingParadox.xml
auto.tcl: Setting watchdog for 200 seconds at Sun Feb 16 11:29:23 UTC 2020
337 ms. Memory: 51200K Free: 18367K (36%)
ptolemy.util.test.WatchDog.cancel(): canceling Sun Feb 16 11:29:24 UTC 2020
auto.tcl: Setting watchdog for 200 seconds at Sun Feb 16 11:29:24 UTC 2020
315 ms. Memory: 51200K Free: 34312K (67%)
ptolemy.util.test.WatchDog.cancel(): canceling Sun Feb 16 11:29:24 UTC 2020
------------------ testing $PTII/ptolemy/domains/de/test/auto/TransferInputs.xml
auto.tcl: Setting watchdog for 200 seconds at Sun Feb 16 11:29:24 UTC 2020
2 ms. Memory: 51200K Free: 30855K (60%)
ptolemy.util.test.WatchDog.cancel(): canceling Sun Feb 16 11:29:24 UTC 2020
auto.tcl: Setting watchdog for 200 seconds at Sun Feb 16 11:29:24 UTC 2020
2 ms. Memory: 51200K Free: 29945K (58%)
ptolemy.util.test.WatchDog.cancel(): canceling Sun Feb 16 11:29:24 UTC 2020
------------------ testing $PTII/ptolemy/domains/de/test/auto/TransferOutputs2.xml
auto.tcl: Setting watchdog for 200 seconds at Sun Feb 16 11:29:24 UTC 2020
3 ms. Memory: 51200K Free: 28284K (55%)
ptolemy.util.test.WatchDog.cancel(): canceling Sun Feb 16 11:29:24 UTC 2020
auto.tcl: Setting watchdog for 200 seconds at Sun Feb 16 11:29:24 UTC 2020
3 ms. Memory: 51200K Free: 26860K (52%)
ptolemy.util.test.WatchDog.cancel(): canceling Sun Feb 16 11:29:24 UTC 2020
------------------ testing $PTII/ptolemy/domains/de/test/auto/Trilateration.xml
auto.tcl: Setting watchdog for 200 seconds at Sun Feb 16 11:29:24 UTC 2020
12065 ms. Memory: 464896K Free: 215869K (46%)
ptolemy.util.test.WatchDog.cancel(): canceling Sun Feb 16 11:29:37 UTC 2020
auto.tcl: Setting watchdog for 200 seconds at Sun Feb 16 11:29:37 UTC 2020
8880 ms. Memory: 464896K Free: 275744K (59%)
ptolemy.util.test.WatchDog.cancel(): canceling Sun Feb 16 11:29:46 UTC 2020
------------------ testing $PTII/ptolemy/domains/de/test/auto/TwoSigmaDelta.xml
auto.tcl: Setting watchdog for 200 seconds at Sun Feb 16 11:29:46 UTC 2020
2295 ms. Memory: 89088K Free: 22859K (26%)
ptolemy.util.test.WatchDog.cancel(): canceling Sun Feb 16 11:29:49 UTC 2020
auto.tcl: Setting watchdog for 200 seconds at Sun Feb 16 11:29:49 UTC 2020
1870 ms. Memory: 89088K Free: 15673K (18%)
ptolemy.util.test.WatchDog.cancel(): canceling Sun Feb 16 11:29:50 UTC 2020
------------------ testing $PTII/ptolemy/domains/de/test/auto/VariableDelay.xml
auto.tcl: Setting watchdog for 200 seconds at Sun Feb 16 11:29:50 UTC 2020
2 ms. Memory: 55296K Free: 35430K (64%)
ptolemy.util.test.WatchDog.cancel(): canceling Sun Feb 16 11:29:50 UTC 2020
auto.tcl: Setting watchdog for 200 seconds at Sun Feb 16 11:29:50 UTC 2020
1 ms. Memory: 55296K Free: 34390K (62%)
ptolemy.util.test.WatchDog.cancel(): canceling Sun Feb 16 11:29:50 UTC 2020
------------------ testing $PTII/ptolemy/domains/de/test/auto/VariableDelay2.xml
auto.tcl: Setting watchdog for 200 seconds at Sun Feb 16 11:29:51 UTC 2020
2 ms. Memory: 55296K Free: 36015K (65%)
ptolemy.util.test.WatchDog.cancel(): canceling Sun Feb 16 11:29:51 UTC 2020
auto.tcl: Setting watchdog for 200 seconds at Sun Feb 16 11:29:51 UTC 2020
1 ms. Memory: 55296K Free: 35503K (64%)
ptolemy.util.test.WatchDog.cancel(): canceling Sun Feb 16 11:29:51 UTC 2020
------------------ testing $PTII/ptolemy/domains/de/test/auto/VariableDelayZeroDelay.xml
auto.tcl: Setting watchdog for 200 seconds at Sun Feb 16 11:29:51 UTC 2020
2 ms. Memory: 55296K Free: 36356K (66%)
ptolemy.util.test.WatchDog.cancel(): canceling Sun Feb 16 11:29:51 UTC 2020
auto.tcl: Setting watchdog for 200 seconds at Sun Feb 16 11:29:51 UTC 2020
2 ms. Memory: 55296K Free: 35842K (65%)
ptolemy.util.test.WatchDog.cancel(): canceling Sun Feb 16 11:29:51 UTC 2020
------------------ testing $PTII/ptolemy/domains/de/test/auto/VariableDelayZeroDelay2.xml
auto.tcl: Setting watchdog for 200 seconds at Sun Feb 16 11:29:51 UTC 2020
2 ms. Memory: 51200K Free: 32258K (63%)
ptolemy.util.test.WatchDog.cancel(): canceling Sun Feb 16 11:29:51 UTC 2020
auto.tcl: Setting watchdog for 200 seconds at Sun Feb 16 11:29:51 UTC 2020
2 ms. Memory: 51200K Free: 31234K (61%)
ptolemy.util.test.WatchDog.cancel(): canceling Sun Feb 16 11:29:51 UTC 2020
------------------ testing $PTII/ptolemy/domains/de/test/auto/deInCt.xml
auto.tcl: Setting watchdog for 200 seconds at Sun Feb 16 11:29:51 UTC 2020
0
1
1
1
0
0
0
1
1
1
0
0
0
0
1
1
1
0
0
0
1
1
1
1
1
0
0
0
1
1
0
0
0
1
1
1
0
0
0
0
0
0
13 ms. Memory: 51200K Free: 31232K (61%)
ptolemy.util.test.WatchDog.cancel(): canceling Sun Feb 16 11:29:51 UTC 2020
auto.tcl: Setting watchdog for 200 seconds at Sun Feb 16 11:29:51 UTC 2020
0
1
1
1
0
0
0
1
1
1
0
0
0
1
1
0
0
0
1
1
1
1
0
0
0
0
1
1
1
0
0
0
1
1
1
1
0
0
0
1
1
1
0
0
0
1
1
1
1
15 ms. Memory: 51200K Free: 29703K (58%)
ptolemy.util.test.WatchDog.cancel(): canceling Sun Feb 16 11:29:51 UTC 2020
------------------ testing $PTII/ptolemy/domains/de/test/auto/deInCt2.xml
auto.tcl: Setting watchdog for 200 seconds at Sun Feb 16 11:29:51 UTC 2020
0
1
1
1
0
0
1
1
1
0
0
1
1
1
0
0
1
1
1
0
0
1
1
1
0
0
1
1
1
0
0
1
1
1
0
0
1
1
1
0
0
0
10 ms. Memory: 51200K Free: 31233K (61%)
ptolemy.util.test.WatchDog.cancel(): canceling Sun Feb 16 11:29:51 UTC 2020
auto.tcl: Setting watchdog for 200 seconds at Sun Feb 16 11:29:51 UTC 2020
0
1
1
1
0
0
1
1
1
0
0
1
1
1
0
0
1
1
1
0
0
1
1
1
0
0
1
1
1
0
0
1
1
1
0
0
1
1
1
0
0
0
7 ms. Memory: 51200K Free: 29695K (58%)
ptolemy.util.test.WatchDog.cancel(): canceling Sun Feb 16 11:29:51 UTC 2020
------------------ testing $PTII/ptolemy/domains/de/test/auto/dynamicCausalityInterface1.xml
auto.tcl: Setting watchdog for 200 seconds at Sun Feb 16 11:29:51 UTC 2020
2 ms. Memory: 51200K Free: 27131K (53%)
ptolemy.util.test.WatchDog.cancel(): canceling Sun Feb 16 11:29:51 UTC 2020
auto.tcl: Setting watchdog for 200 seconds at Sun Feb 16 11:29:51 UTC 2020
1 ms. Memory: 51200K Free: 26617K (52%)
ptolemy.util.test.WatchDog.cancel(): canceling Sun Feb 16 11:29:51 UTC 2020
------------------ testing $PTII/ptolemy/domains/de/test/auto/fsm_de_test.xml
auto.tcl: Setting watchdog for 200 seconds at Sun Feb 16 11:29:51 UTC 2020
6 ms. Memory: 51200K Free: 27030K (53%)
ptolemy.util.test.WatchDog.cancel(): canceling Sun Feb 16 11:29:51 UTC 2020
auto.tcl: Setting watchdog for 200 seconds at Sun Feb 16 11:29:51 UTC 2020
6 ms. Memory: 51200K Free: 24982K (49%)
ptolemy.util.test.WatchDog.cancel(): canceling Sun Feb 16 11:29:51 UTC 2020
------------------ testing $PTII/ptolemy/domains/de/test/auto/functionDependencyReconstruction.xml
auto.tcl: Setting watchdog for 200 seconds at Sun Feb 16 11:29:51 UTC 2020
3 ms. Memory: 51200K Free: 20875K (41%)
ptolemy.util.test.WatchDog.cancel(): canceling Sun Feb 16 11:29:51 UTC 2020
auto.tcl: Setting watchdog for 200 seconds at Sun Feb 16 11:29:51 UTC 2020
3 ms. Memory: 51200K Free: 18827K (37%)
ptolemy.util.test.WatchDog.cancel(): canceling Sun Feb 16 11:29:51 UTC 2020
------------------ testing $PTII/ptolemy/domains/de/test/auto/multirate.xml
auto.tcl: Setting watchdog for 200 seconds at Sun Feb 16 11:29:51 UTC 2020
4 ms. Memory: 51200K Free: 29670K (58%)
ptolemy.util.test.WatchDog.cancel(): canceling Sun Feb 16 11:29:51 UTC 2020
auto.tcl: Setting watchdog for 200 seconds at Sun Feb 16 11:29:51 UTC 2020
3 ms. Memory: 51200K Free: 27926K (55%)
ptolemy.util.test.WatchDog.cancel(): canceling Sun Feb 16 11:29:51 UTC 2020
------------------ testing $PTII/ptolemy/domains/de/test/auto/multirate2.xml
auto.tcl: Setting watchdog for 200 seconds at Sun Feb 16 11:29:51 UTC 2020
6 ms. Memory: 51200K Free: 29825K (58%)
ptolemy.util.test.WatchDog.cancel(): canceling Sun Feb 16 11:29:51 UTC 2020
auto.tcl: Setting watchdog for 200 seconds at Sun Feb 16 11:29:51 UTC 2020
2 ms. Memory: 51200K Free: 28106K (55%)
ptolemy.util.test.WatchDog.cancel(): canceling Sun Feb 16 11:29:51 UTC 2020
------------------ testing $PTII/ptolemy/domains/de/test/auto/realtime.xml
auto.tcl: Setting watchdog for 200 seconds at Sun Feb 16 11:29:51 UTC 2020
10001 ms. Memory: 51200K Free: 31912K (62%)
ptolemy.util.test.WatchDog.cancel(): canceling Sun Feb 16 11:30:01 UTC 2020
auto.tcl: Setting watchdog for 200 seconds at Sun Feb 16 11:30:01 UTC 2020
10002 ms. Memory: 51200K Free: 31177K (61%)
ptolemy.util.test.WatchDog.cancel(): canceling Sun Feb 16 11:30:11 UTC 2020
------------------ testing $PTII/ptolemy/domains/de/test/auto/relationGroup.xml
auto.tcl: Setting watchdog for 200 seconds at Sun Feb 16 11:30:11 UTC 2020
2 ms. Memory: 51200K Free: 32952K (64%)
ptolemy.util.test.WatchDog.cancel(): canceling Sun Feb 16 11:30:11 UTC 2020
auto.tcl: Setting watchdog for 200 seconds at Sun Feb 16 11:30:11 UTC 2020
2 ms. Memory: 51200K Free: 32440K (63%)
ptolemy.util.test.WatchDog.cancel(): canceling Sun Feb 16 11:30:11 UTC 2020
------------------ testing $PTII/ptolemy/domains/de/test/auto/relationGroup2.xml
auto.tcl: Setting watchdog for 200 seconds at Sun Feb 16 11:30:11 UTC 2020
1 ms. Memory: 51200K Free: 33008K (64%)
ptolemy.util.test.WatchDog.cancel(): canceling Sun Feb 16 11:30:11 UTC 2020
auto.tcl: Setting watchdog for 200 seconds at Sun Feb 16 11:30:11 UTC 2020
2 ms. Memory: 51200K Free: 32496K (63%)
ptolemy.util.test.WatchDog.cancel(): canceling Sun Feb 16 11:30:11 UTC 2020
------------------ testing $PTII/ptolemy/domains/de/test/auto/sortWithOpaquePorts.xml
auto.tcl: Setting watchdog for 200 seconds at Sun Feb 16 11:30:11 UTC 2020
2 ms. Memory: 51200K Free: 32284K (63%)
ptolemy.util.test.WatchDog.cancel(): canceling Sun Feb 16 11:30:12 UTC 2020
auto.tcl: Setting watchdog for 200 seconds at Sun Feb 16 11:30:12 UTC 2020
2 ms. Memory: 51200K Free: 30755K (60%)
ptolemy.util.test.WatchDog.cancel(): canceling Sun Feb 16 11:30:12 UTC 2020
------------------ testing $PTII/ptolemy/domains/de/test/auto/transferInputsandOutputs.xml
auto.tcl: Setting watchdog for 200 seconds at Sun Feb 16 11:30:12 UTC 2020
2 ms. Memory: 51200K Free: 29199K (57%)
ptolemy.util.test.WatchDog.cancel(): canceling Sun Feb 16 11:30:12 UTC 2020
auto.tcl: Setting watchdog for 200 seconds at Sun Feb 16 11:30:12 UTC 2020
3 ms. Memory: 51200K Free: 28175K (55%)
ptolemy.util.test.WatchDog.cancel(): canceling Sun Feb 16 11:30:12 UTC 2020
------------------ testing $PTII/ptolemy/domains/de/test/auto/triggerType.xml
auto.tcl: Setting watchdog for 200 seconds at Sun Feb 16 11:30:12 UTC 2020
2 ms. Memory: 51200K Free: 32224K (63%)
ptolemy.util.test.WatchDog.cancel(): canceling Sun Feb 16 11:30:12 UTC 2020
auto.tcl: Setting watchdog for 200 seconds at Sun Feb 16 11:30:12 UTC 2020
2 ms. Memory: 51200K Free: 31206K (61%)
ptolemy.util.test.WatchDog.cancel(): canceling Sun Feb 16 11:30:12 UTC 2020
02/16/20 11:30:12
Failed: 0  Total Tests: 192  ((Passed: 187, Newly Passed: 1)  Known Failed: 5) /home/travis/build/icyphy/ptII/ptolemy/domains/de/test
02/16/20 11:30:12
Failed: 0  Total Tests: 192  ((Passed: 187, Newly Passed: 1)  Known Failed: 5) /home/travis/build/icyphy/ptII/ptolemy/domains/de/test
----------------- testing (KnownFailure) /home/travis/build/icyphy/ptII/ptolemy/domains/de/test/auto/knownFailedTests/DESDFClockTest.xml
2011 ms. Memory: 51200K Free: 25109K (49%)
Known Failure: java.lang.reflect.InvocationTargetException
----------------- testing (KnownFailure) /home/travis/build/icyphy/ptII/ptolemy/domains/de/test/auto/knownFailedTests/DirectFeedback.xml
2 ms. Memory: 51200K Free: 21523K (42%)
Known Failure: java.lang.reflect.InvocationTargetException
----------------- testing (KnownFailure) /home/travis/build/icyphy/ptII/ptolemy/domains/de/test/auto/knownFailedTests/FSMSource.xml
15 ms. Memory: 51200K Free: 13845K (27%)
----------------- testing (KnownFailure) /home/travis/build/icyphy/ptII/ptolemy/domains/de/test/auto/knownFailedTests/HierarchicalModel.xml
3 ms. Memory: 51200K Free: 26053K (51%)
Known Failure: java.lang.reflect.InvocationTargetException
----------------- testing (KnownFailure) /home/travis/build/icyphy/ptII/ptolemy/domains/de/test/auto/knownFailedTests/dependencyLoop.xml
2 ms. Memory: 51200K Free: 11001K (21%)
Known Failure: java.lang.reflect.InvocationTargetException
----------------- testing (KnownFailure) /home/travis/build/icyphy/ptII/ptolemy/domains/de/test/auto/knownFailedTests/dependencyLoop2.xml
10 ms. Memory: 51200K Free: 23765K (46%)
Known Failure: java.lang.reflect.InvocationTargetException
No auto/linux-amd64/*.xml tests in /home/travis/build/icyphy/ptII/ptolemy/domains/de/test
AutoTests.java: About to close Vertx.
AutoTests.java: Vertx closed.

===========================================================================================
----------------- testing Sun Feb 16 11:30:14 UTC 2020 /home/travis/build/icyphy/ptII/ptolemy/domains/de/test/auto/ActorDepthCalculation_actorWithoutPorts.xml
----------------- Instantiating /home/travis/build/icyphy/ptII/ptolemy/domains/de/test/auto/ActorDepthCalculation_actorWithoutPorts.xml
3 ms. Memory: 51200K Free: 17152K (34%)
----------------- Invoking toplevel() on ptolemy.moml.MoMLSimpleApplication@447088c4
----------------- Done invoking toplevel() on ptolemy.moml.MoMLSimpleApplication@447088c4
reloadAllAccessors: .ActorDepthCalculation_actorWithoutPorts

===========================================================================================
----------------- testing Sun Feb 16 11:30:14 UTC 2020 /home/travis/build/icyphy/ptII/ptolemy/domains/de/test/auto/AssemblyLine.xml
----------------- Instantiating /home/travis/build/icyphy/ptII/ptolemy/domains/de/test/auto/AssemblyLine.xml
3 ms. Memory: 51200K Free: 10014K (20%)
----------------- Invoking toplevel() on ptolemy.moml.MoMLSimpleApplication@63d0a5b0
----------------- Done invoking toplevel() on ptolemy.moml.MoMLSimpleApplication@63d0a5b0
reloadAllAccessors: .AssemblyLine

===========================================================================================
----------------- testing Sun Feb 16 11:30:14 UTC 2020 /home/travis/build/icyphy/ptII/ptolemy/domains/de/test/auto/CQBug1.xml
----------------- Instantiating /home/travis/build/icyphy/ptII/ptolemy/domains/de/test/auto/CQBug1.xml
2 ms. Memory: 51200K Free: 35033K (68%)
----------------- Invoking toplevel() on ptolemy.moml.MoMLSimpleApplication@3c92a7ad
----------------- Done invoking toplevel() on ptolemy.moml.MoMLSimpleApplication@3c92a7ad
reloadAllAccessors: .CQBug1

===========================================================================================
----------------- testing Sun Feb 16 11:30:14 UTC 2020 /home/travis/build/icyphy/ptII/ptolemy/domains/de/test/auto/CancelFireAt.xml
----------------- Instantiating /home/travis/build/icyphy/ptII/ptolemy/domains/de/test/auto/CancelFireAt.xml
10 ms. Memory: 51200K Free: 32684K (64%)
----------------- Invoking toplevel() on ptolemy.moml.MoMLSimpleApplication@38021bd0
----------------- Done invoking toplevel() on ptolemy.moml.MoMLSimpleApplication@38021bd0
reloadAllAccessors: .CancelFireAt

===========================================================================================
----------------- testing Sun Feb 16 11:30:14 UTC 2020 /home/travis/build/icyphy/ptII/ptolemy/domains/de/test/auto/CausalityAndComposabilityAnalysis.xml
----------------- Instantiating /home/travis/build/icyphy/ptII/ptolemy/domains/de/test/auto/CausalityAndComposabilityAnalysis.xml
3 ms. Memory: 51200K Free: 28288K (55%)
----------------- Invoking toplevel() on ptolemy.moml.MoMLSimpleApplication@33402c0f
----------------- Done invoking toplevel() on ptolemy.moml.MoMLSimpleApplication@33402c0f
reloadAllAccessors: .CausalityAndComposabilityAnalysis

===========================================================================================
----------------- testing Sun Feb 16 11:30:14 UTC 2020 /home/travis/build/icyphy/ptII/ptolemy/domains/de/test/auto/CausalityInterface1.xml
----------------- Instantiating /home/travis/build/icyphy/ptII/ptolemy/domains/de/test/auto/CausalityInterface1.xml
6 ms. Memory: 51200K Free: 23200K (45%)
----------------- Invoking toplevel() on ptolemy.moml.MoMLSimpleApplication@532b8c64
----------------- Done invoking toplevel() on ptolemy.moml.MoMLSimpleApplication@532b8c64
reloadAllAccessors: .CausalityInterface1

===========================================================================================
----------------- testing Sun Feb 16 11:30:14 UTC 2020 /home/travis/build/icyphy/ptII/ptolemy/domains/de/test/auto/CausalityInterface15.xml
----------------- Instantiating /home/travis/build/icyphy/ptII/ptolemy/domains/de/test/auto/CausalityInterface15.xml
2 ms. Memory: 51200K Free: 17739K (35%)
----------------- Invoking toplevel() on ptolemy.moml.MoMLSimpleApplication@fbe660b
----------------- Done invoking toplevel() on ptolemy.moml.MoMLSimpleApplication@fbe660b
reloadAllAccessors: .CausalityInterface15

===========================================================================================
----------------- testing Sun Feb 16 11:30:14 UTC 2020 /home/travis/build/icyphy/ptII/ptolemy/domains/de/test/auto/CausalityInterface2.xml
----------------- Instantiating /home/travis/build/icyphy/ptII/ptolemy/domains/de/test/auto/CausalityInterface2.xml
2 ms. Memory: 51200K Free: 13196K (26%)
[...]
	at ptolemy.actor.Manager.run(Manager.java:1263)
	at ptolemy.actor.Manager$PtolemyRunThread.run(Manager.java:1933)
java.lang.RuntimeException: Execution failed
	at ptolemy.moml.MoMLSimpleApplication$UnloadThread.run(MoMLSimpleApplication.java:402)
Caused by: ptolemy.kernel.util.IllegalActionException: Actor is not ready to fire.  Perhaps UpSample.prefire() returned false? Try debugging the actor by selecting "Listen to Actor".  Also, for SDF check moml for tokenConsumptionRate on input.
  in .DESDFClockTest.Play Bell.Copy1:SDF Director and .DESDFClockTest.Play Bell.UpSample
	at ptolemy.actor.sched.StaticSchedulingDirector.fire(StaticSchedulingDirector.java:227)
	at ptolemy.domains.sdf.kernel.SDFDirector.fire(SDFDirector.java:500)
	at ptolemy.actor.CompositeActor.fire(CompositeActor.java:455)
	at ptolemy.domains.de.kernel.DEDirector._fire(DEDirector.java:1949)
	at ptolemy.domains.de.kernel.DEDirector.fire(DEDirector.java:502)
	at ptolemy.actor.CompositeActor.fire(CompositeActor.java:455)
	at ptolemy.actor.Manager.iterate(Manager.java:851)
	at ptolemy.actor.Manager.execute(Manager.java:369)
	at ptolemy.actor.Manager.run(Manager.java:1263)
	at ptolemy.actor.Manager$PtolemyRunThread.run(Manager.java:1933)
java.lang.reflect.InvocationTargetException
	at java.base/jdk.internal.reflect.NativeConstructorAccessorImpl.newInstance0(Native Method)
	at java.base/jdk.internal.reflect.NativeConstructorAccessorImpl.newInstance(NativeConstructorAccessorImpl.java:62)
	at java.base/jdk.internal.reflect.DelegatingConstructorAccessorImpl.newInstance(DelegatingConstructorAccessorImpl.java:45)
	at java.base/java.lang.reflect.Constructor.newInstance(Constructor.java:490)
	at ptolemy.util.test.junit.AutoKnownFailedTests.RunModel(AutoKnownFailedTests.java:105)
	at java.base/jdk.internal.reflect.NativeMethodAccessorImpl.invoke0(Native Method)
	at java.base/jdk.internal.reflect.NativeMethodAccessorImpl.invoke(NativeMethodAccessorImpl.java:62)
	at java.base/jdk.internal.reflect.DelegatingMethodAccessorImpl.invoke(DelegatingMethodAccessorImpl.java:43)
	at java.base/java.lang.reflect.Method.invoke(Method.java:566)
	at org.junit.runners.model.FrameworkMethod$1.runReflectiveCall(FrameworkMethod.java:44)
	at org.junit.internal.runners.model.ReflectiveCallable.run(ReflectiveCallable.java:15)
	at org.junit.runners.model.FrameworkMethod.invokeExplosively(FrameworkMethod.java:41)
	at junitparams.internal.InvokeParameterisedMethod.evaluate(InvokeParameterisedMethod.java:102)
	at org.junit.internal.runners.statements.FailOnTimeout$1.run(FailOnTimeout.java:28)
Caused by: ptolemy.kernel.util.IllegalActionException: Actor is not ready to fire.  Perhaps UpSample.prefire() returned false? Try debugging the actor by selecting "Listen to Actor".  Also, for SDF check moml for tokenConsumptionRate on input.
  in .DESDFClockTest.Play Bell.Copy1:SDF Director and .DESDFClockTest.Play Bell.UpSample
	at ptolemy.actor.sched.StaticSchedulingDirector.fire(StaticSchedulingDirector.java:227)
	at ptolemy.domains.sdf.kernel.SDFDirector.fire(SDFDirector.java:500)
	at ptolemy.actor.CompositeActor.fire(CompositeActor.java:455)
	at ptolemy.domains.de.kernel.DEDirector._fire(DEDirector.java:1949)
	at ptolemy.domains.de.kernel.DEDirector.fire(DEDirector.java:502)
	at ptolemy.actor.CompositeActor.fire(CompositeActor.java:455)
	at ptolemy.actor.Manager.iterate(Manager.java:851)
	at ptolemy.actor.Manager.execute(Manager.java:369)
	at ptolemy.actor.Manager.run(Manager.java:1263)
	at ptolemy.actor.Manager$PtolemyRunThread.run(Manager.java:1933)
java.lang.RuntimeException: Execution failed
	at ptolemy.moml.MoMLSimpleApplication$UnloadThread.run(MoMLSimpleApplication.java:402)
Caused by: ptolemy.kernel.util.IllegalActionException: Test fails in iteration 1.
Value was: 1.0. Should have been: 2.0
  in .DirectFeedback.Test
	at ptolemy.actor.lib.Test.fire(Test.java:268)
	at ptolemy.domains.de.kernel.DEDirector._fire(DEDirector.java:1949)
	at ptolemy.domains.de.kernel.DEDirector.fire(DEDirector.java:502)
	at ptolemy.actor.CompositeActor.fire(CompositeActor.java:455)
	at ptolemy.actor.Manager.iterate(Manager.java:851)
	at ptolemy.actor.Manager.execute(Manager.java:369)
	at ptolemy.actor.Manager.run(Manager.java:1263)
	at ptolemy.actor.Manager$PtolemyRunThread.run(Manager.java:1933)
java.lang.reflect.InvocationTargetException
	at java.base/jdk.internal.reflect.NativeConstructorAccessorImpl.newInstance0(Native Method)
	at java.base/jdk.internal.reflect.NativeConstructorAccessorImpl.newInstance(NativeConstructorAccessorImpl.java:62)
	at java.base/jdk.internal.reflect.DelegatingConstructorAccessorImpl.newInstance(DelegatingConstructorAccessorImpl.java:45)
	at java.base/java.lang.reflect.Constructor.newInstance(Constructor.java:490)
	at ptolemy.util.test.junit.AutoKnownFailedTests.RunModel(AutoKnownFailedTests.java:105)
	at java.base/jdk.internal.reflect.NativeMethodAccessorImpl.invoke0(Native Method)
	at java.base/jdk.internal.reflect.NativeMethodAccessorImpl.invoke(NativeMethodAccessorImpl.java:62)
	at java.base/jdk.internal.reflect.DelegatingMethodAccessorImpl.invoke(DelegatingMethodAccessorImpl.java:43)
	at java.base/java.lang.reflect.Method.invoke(Method.java:566)
	at org.junit.runners.model.FrameworkMethod$1.runReflectiveCall(FrameworkMethod.java:44)
	at org.junit.internal.runners.model.ReflectiveCallable.run(ReflectiveCallable.java:15)
	at org.junit.runners.model.FrameworkMethod.invokeExplosively(FrameworkMethod.java:41)
	at junitparams.internal.InvokeParameterisedMethod.evaluate(InvokeParameterisedMethod.java:102)
	at org.junit.internal.runners.statements.FailOnTimeout$1.run(FailOnTimeout.java:28)
Caused by: ptolemy.kernel.util.IllegalActionException: Test fails in iteration 1.
Value was: 1.0. Should have been: 2.0
  in .DirectFeedback.Test
	at ptolemy.actor.lib.Test.fire(Test.java:268)
	at ptolemy.domains.de.kernel.DEDirector._fire(DEDirector.java:1949)
	at ptolemy.domains.de.kernel.DEDirector.fire(DEDirector.java:502)
	at ptolemy.actor.CompositeActor.fire(CompositeActor.java:455)
	at ptolemy.actor.Manager.iterate(Manager.java:851)
	at ptolemy.actor.Manager.execute(Manager.java:369)
	at ptolemy.actor.Manager.run(Manager.java:1263)
	at ptolemy.actor.Manager$PtolemyRunThread.run(Manager.java:1933)
java.lang.RuntimeException: Execution failed
	at ptolemy.moml.MoMLSimpleApplication$UnloadThread.run(MoMLSimpleApplication.java:402)
Caused by: ptolemy.kernel.util.IllegalActionException: Found a zero delay loop containing .HierarchicalModel.A
  in .HierarchicalModel and .HierarchicalModel.A
	at ptolemy.actor.util.CausalityInterfaceForComposites._computeOutputPortDepth(CausalityInterfaceForComposites.java:759)
	at ptolemy.actor.util.CausalityInterfaceForComposites._computeInputDepth(CausalityInterfaceForComposites.java:696)
	at ptolemy.actor.util.CausalityInterfaceForComposites._computeOutputPortDepth(CausalityInterfaceForComposites.java:765)
	at ptolemy.actor.util.CausalityInterfaceForComposites._computeInputDepth(CausalityInterfaceForComposites.java:696)
	at ptolemy.actor.util.CausalityInterfaceForComposites._computeOutputPortDepth(CausalityInterfaceForComposites.java:765)
	at ptolemy.actor.util.CausalityInterfaceForComposites._computeInputDepth(CausalityInterfaceForComposites.java:696)
	at ptolemy.actor.util.CausalityInterfaceForComposites._computeActorDepth(CausalityInterfaceForComposites.java:532)
	at ptolemy.actor.util.CausalityInterfaceForComposites.checkForCycles(CausalityInterfaceForComposites.java:96)
	at ptolemy.domains.de.kernel.DEDirector.preinitialize(DEDirector.java:1338)
	at ptolemy.actor.CompositeActor.preinitialize(CompositeActor.java:1828)
	at ptolemy.actor.Manager.preinitializeAndResolveTypes(Manager.java:1040)
	at ptolemy.actor.Manager.initialize(Manager.java:710)
	at ptolemy.actor.Manager.execute(Manager.java:356)
	at ptolemy.actor.Manager.run(Manager.java:1263)
	at ptolemy.actor.Manager$PtolemyRunThread.run(Manager.java:1933)
java.lang.reflect.InvocationTargetException
	at java.base/jdk.internal.reflect.NativeConstructorAccessorImpl.newInstance0(Native Method)
	at java.base/jdk.internal.reflect.NativeConstructorAccessorImpl.newInstance(NativeConstructorAccessorImpl.java:62)
	at java.base/jdk.internal.reflect.DelegatingConstructorAccessorImpl.newInstance(DelegatingConstructorAccessorImpl.java:45)
	at java.base/java.lang.reflect.Constructor.newInstance(Constructor.java:490)
	at ptolemy.util.test.junit.AutoKnownFailedTests.RunModel(AutoKnownFailedTests.java:105)
	at java.base/jdk.internal.reflect.NativeMethodAccessorImpl.invoke0(Native Method)
	at java.base/jdk.internal.reflect.NativeMethodAccessorImpl.invoke(NativeMethodAccessorImpl.java:62)
	at java.base/jdk.internal.reflect.DelegatingMethodAccessorImpl.invoke(DelegatingMethodAccessorImpl.java:43)
	at java.base/java.lang.reflect.Method.invoke(Method.java:566)
	at org.junit.runners.model.FrameworkMethod$1.runReflectiveCall(FrameworkMethod.java:44)
	at org.junit.internal.runners.model.ReflectiveCallable.run(ReflectiveCallable.java:15)
	at org.junit.runners.model.FrameworkMethod.invokeExplosively(FrameworkMethod.java:41)
	at junitparams.internal.InvokeParameterisedMethod.evaluate(InvokeParameterisedMethod.java:102)
	at org.junit.internal.runners.statements.FailOnTimeout$1.run(FailOnTimeout.java:28)
Caused by: ptolemy.kernel.util.IllegalActionException: Found a zero delay loop containing .HierarchicalModel.A
  in .HierarchicalModel and .HierarchicalModel.A
	at ptolemy.actor.util.CausalityInterfaceForComposites._computeOutputPortDepth(CausalityInterfaceForComposites.java:759)
	at ptolemy.actor.util.CausalityInterfaceForComposites._computeInputDepth(CausalityInterfaceForComposites.java:696)
	at ptolemy.actor.util.CausalityInterfaceForComposites._computeOutputPortDepth(CausalityInterfaceForComposites.java:765)
	at ptolemy.actor.util.CausalityInterfaceForComposites._computeInputDepth(CausalityInterfaceForComposites.java:696)
	at ptolemy.actor.util.CausalityInterfaceForComposites._computeOutputPortDepth(CausalityInterfaceForComposites.java:765)
	at ptolemy.actor.util.CausalityInterfaceForComposites._computeInputDepth(CausalityInterfaceForComposites.java:696)
	at ptolemy.actor.util.CausalityInterfaceForComposites._computeActorDepth(CausalityInterfaceForComposites.java:532)
	at ptolemy.actor.util.CausalityInterfaceForComposites.checkForCycles(CausalityInterfaceForComposites.java:96)
	at ptolemy.domains.de.kernel.DEDirector.preinitialize(DEDirector.java:1338)
	at ptolemy.actor.CompositeActor.preinitialize(CompositeActor.java:1828)
	at ptolemy.actor.Manager.preinitializeAndResolveTypes(Manager.java:1040)
	at ptolemy.actor.Manager.initialize(Manager.java:710)
	at ptolemy.actor.Manager.execute(Manager.java:356)
	at ptolemy.actor.Manager.run(Manager.java:1263)
	at ptolemy.actor.Manager$PtolemyRunThread.run(Manager.java:1933)
java.lang.RuntimeException: Execution failed
	at ptolemy.moml.MoMLSimpleApplication$UnloadThread.run(MoMLSimpleApplication.java:402)
Caused by: ptolemy.kernel.util.IllegalActionException: Found a zero delay loop containing .dependencyLoop.original
  in .dependencyLoop and .dependencyLoop.original
	at ptolemy.actor.util.CausalityInterfaceForComposites._computeOutputPortDepth(CausalityInterfaceForComposites.java:759)
	at ptolemy.actor.util.CausalityInterfaceForComposites._computeInputDepth(CausalityInterfaceForComposites.java:696)
	at ptolemy.actor.util.CausalityInterfaceForComposites._computeOutputPortDepth(CausalityInterfaceForComposites.java:765)
	at ptolemy.actor.util.CausalityInterfaceForComposites._computeInputDepth(CausalityInterfaceForComposites.java:696)
	at ptolemy.actor.util.CausalityInterfaceForComposites._computeOutputPortDepth(CausalityInterfaceForComposites.java:765)
	at ptolemy.actor.util.CausalityInterfaceForComposites._computeInputDepth(CausalityInterfaceForComposites.java:696)
	at ptolemy.actor.util.CausalityInterfaceForComposites._computeActorDepth(CausalityInterfaceForComposites.java:532)
	at ptolemy.actor.util.CausalityInterfaceForComposites.checkForCycles(CausalityInterfaceForComposites.java:96)
	at ptolemy.domains.de.kernel.DEDirector.preinitialize(DEDirector.java:1338)
	at ptolemy.actor.CompositeActor.preinitialize(CompositeActor.java:1828)
	at ptolemy.actor.Manager.preinitializeAndResolveTypes(Manager.java:1040)
	at ptolemy.actor.Manager.initialize(Manager.java:710)
	at ptolemy.actor.Manager.execute(Manager.java:356)
	at ptolemy.actor.Manager.run(Manager.java:1263)
	at ptolemy.actor.Manager$PtolemyRunThread.run(Manager.java:1933)
java.lang.reflect.InvocationTargetException
	at java.base/jdk.internal.reflect.NativeConstructorAccessorImpl.newInstance0(Native Method)
	at java.base/jdk.internal.reflect.NativeConstructorAccessorImpl.newInstance(NativeConstructorAccessorImpl.java:62)
	at java.base/jdk.internal.reflect.DelegatingConstructorAccessorImpl.newInstance(DelegatingConstructorAccessorImpl.java:45)
	at java.base/java.lang.reflect.Constructor.newInstance(Constructor.java:490)
	at ptolemy.util.test.junit.AutoKnownFailedTests.RunModel(AutoKnownFailedTests.java:105)
	at java.base/jdk.internal.reflect.NativeMethodAccessorImpl.invoke0(Native Method)
	at java.base/jdk.internal.reflect.NativeMethodAccessorImpl.invoke(NativeMethodAccessorImpl.java:62)
	at java.base/jdk.internal.reflect.DelegatingMethodAccessorImpl.invoke(DelegatingMethodAccessorImpl.java:43)
	at java.base/java.lang.reflect.Method.invoke(Method.java:566)
	at org.junit.runners.model.FrameworkMethod$1.runReflectiveCall(FrameworkMethod.java:44)
	at org.junit.internal.runners.model.ReflectiveCallable.run(ReflectiveCallable.java:15)
	at org.junit.runners.model.FrameworkMethod.invokeExplosively(FrameworkMethod.java:41)
	at junitparams.internal.InvokeParameterisedMethod.evaluate(InvokeParameterisedMethod.java:102)
	at org.junit.internal.runners.statements.FailOnTimeout$1.run(FailOnTimeout.java:28)
Caused by: ptolemy.kernel.util.IllegalActionException: Found a zero delay loop containing .dependencyLoop.original
  in .dependencyLoop and .dependencyLoop.original
	at ptolemy.actor.util.CausalityInterfaceForComposites._computeOutputPortDepth(CausalityInterfaceForComposites.java:759)
	at ptolemy.actor.util.CausalityInterfaceForComposites._computeInputDepth(CausalityInterfaceForComposites.java:696)
	at ptolemy.actor.util.CausalityInterfaceForComposites._computeOutputPortDepth(CausalityInterfaceForComposites.java:765)
	at ptolemy.actor.util.CausalityInterfaceForComposites._computeInputDepth(CausalityInterfaceForComposites.java:696)
	at ptolemy.actor.util.CausalityInterfaceForComposites._computeOutputPortDepth(CausalityInterfaceForComposites.java:765)
	at ptolemy.actor.util.CausalityInterfaceForComposites._computeInputDepth(CausalityInterfaceForComposites.java:696)
	at ptolemy.actor.util.CausalityInterfaceForComposites._computeActorDepth(CausalityInterfaceForComposites.java:532)
	at ptolemy.actor.util.CausalityInterfaceForComposites.checkForCycles(CausalityInterfaceForComposites.java:96)
	at ptolemy.domains.de.kernel.DEDirector.preinitialize(DEDirector.java:1338)
	at ptolemy.actor.CompositeActor.preinitialize(CompositeActor.java:1828)
	at ptolemy.actor.Manager.preinitializeAndResolveTypes(Manager.java:1040)
	at ptolemy.actor.Manager.initialize(Manager.java:710)
	at ptolemy.actor.Manager.execute(Manager.java:356)
	at ptolemy.actor.Manager.run(Manager.java:1263)
	at ptolemy.actor.Manager$PtolemyRunThread.run(Manager.java:1933)
java.lang.RuntimeException: Execution failed
	at ptolemy.moml.MoMLSimpleApplication$UnloadThread.run(MoMLSimpleApplication.java:402)
Caused by: ptolemy.kernel.util.IllegalActionException: Found a zero delay loop containing .dependencyLoop2.original
  in .dependencyLoop2 and .dependencyLoop2.original
	at ptolemy.actor.util.CausalityInterfaceForComposites._computeOutputPortDepth(CausalityInterfaceForComposites.java:759)
	at ptolemy.actor.util.CausalityInterfaceForComposites._computeInputDepth(CausalityInterfaceForComposites.java:696)
	at ptolemy.actor.util.CausalityInterfaceForComposites._computeOutputPortDepth(CausalityInterfaceForComposites.java:765)
	at ptolemy.actor.util.CausalityInterfaceForComposites._computeInputDepth(CausalityInterfaceForComposites.java:696)
	at ptolemy.actor.util.CausalityInterfaceForComposites._computeOutputPortDepth(CausalityInterfaceForComposites.java:765)
	at ptolemy.actor.util.CausalityInterfaceForComposites._computeInputDepth(CausalityInterfaceForComposites.java:696)
	at ptolemy.actor.util.CausalityInterfaceForComposites._computeActorDepth(CausalityInterfaceForComposites.java:532)
	at ptolemy.actor.util.CausalityInterfaceForComposites.checkForCycles(CausalityInterfaceForComposites.java:96)
	at ptolemy.domains.de.kernel.DEDirector.preinitialize(DEDirector.java:1338)
	at ptolemy.actor.CompositeActor.preinitialize(CompositeActor.java:1828)
	at ptolemy.actor.Manager.preinitializeAndResolveTypes(Manager.java:1040)
	at ptolemy.actor.Manager.initialize(Manager.java:710)
	at ptolemy.actor.Manager.execute(Manager.java:356)
	at ptolemy.actor.Manager.run(Manager.java:1263)
	at ptolemy.actor.Manager$PtolemyRunThread.run(Manager.java:1933)
java.lang.reflect.InvocationTargetException
	at java.base/jdk.internal.reflect.NativeConstructorAccessorImpl.newInstance0(Native Method)
	at java.base/jdk.internal.reflect.NativeConstructorAccessorImpl.newInstance(NativeConstructorAccessorImpl.java:62)
	at java.base/jdk.internal.reflect.DelegatingConstructorAccessorImpl.newInstance(DelegatingConstructorAccessorImpl.java:45)
	at java.base/java.lang.reflect.Constructor.newInstance(Constructor.java:490)
	at ptolemy.util.test.junit.AutoKnownFailedTests.RunModel(AutoKnownFailedTests.java:105)
	at java.base/jdk.internal.reflect.NativeMethodAccessorImpl.invoke0(Native Method)
	at java.base/jdk.internal.reflect.NativeMethodAccessorImpl.invoke(NativeMethodAccessorImpl.java:62)
	at java.base/jdk.internal.reflect.DelegatingMethodAccessorImpl.invoke(DelegatingMethodAccessorImpl.java:43)
	at java.base/java.lang.reflect.Method.invoke(Method.java:566)
	at org.junit.runners.model.FrameworkMethod$1.runReflectiveCall(FrameworkMethod.java:44)
	at org.junit.internal.runners.model.ReflectiveCallable.run(ReflectiveCallable.java:15)
	at org.junit.runners.model.FrameworkMethod.invokeExplosively(FrameworkMethod.java:41)
	at junitparams.internal.InvokeParameterisedMethod.evaluate(InvokeParameterisedMethod.java:102)
	at org.junit.internal.runners.statements.FailOnTimeout$1.run(FailOnTimeout.java:28)
Caused by: ptolemy.kernel.util.IllegalActionException: Found a zero delay loop containing .dependencyLoop2.original
  in .dependencyLoop2 and .dependencyLoop2.original
	at ptolemy.actor.util.CausalityInterfaceForComposites._computeOutputPortDepth(CausalityInterfaceForComposites.java:759)
	at ptolemy.actor.util.CausalityInterfaceForComposites._computeInputDepth(CausalityInterfaceForComposites.java:696)
	at ptolemy.actor.util.CausalityInterfaceForComposites._computeOutputPortDepth(CausalityInterfaceForComposites.java:765)
	at ptolemy.actor.util.CausalityInterfaceForComposites._computeInputDepth(CausalityInterfaceForComposites.java:696)
	at ptolemy.actor.util.CausalityInterfaceForComposites._computeOutputPortDepth(CausalityInterfaceForComposites.java:765)
	at ptolemy.actor.util.CausalityInterfaceForComposites._computeInputDepth(CausalityInterfaceForComposites.java:696)
	at ptolemy.actor.util.CausalityInterfaceForComposites._computeActorDepth(CausalityInterfaceForComposites.java:532)
	at ptolemy.actor.util.CausalityInterfaceForComposites.checkForCycles(CausalityInterfaceForComposites.java:96)
	at ptolemy.domains.de.kernel.DEDirector.preinitialize(DEDirector.java:1338)
	at ptolemy.actor.CompositeActor.preinitialize(CompositeActor.java:1828)
	at ptolemy.actor.Manager.preinitializeAndResolveTypes(Manager.java:1040)
	at ptolemy.actor.Manager.initialize(Manager.java:710)
	at ptolemy.actor.Manager.execute(Manager.java:356)
	at ptolemy.actor.Manager.run(Manager.java:1263)
	at ptolemy.actor.Manager$PtolemyRunThread.run(Manager.java:1933)
]]></system-err>
</testsuite>
