<?xml version="1.0" encoding="UTF-8" ?>
<testsuite errors="0" failures="0" hostname="travis-job-9bc7ac42-000a-44c8-9409-f1a577c35a97" name="ptolemy.domains.de.test.junit.JUnitTclTest" skipped="0" tests="101" time="130.381" timestamp="2018-07-09T01:36:48">
  <properties>
[...]
</properties>
  <testcase classname="ptolemy.util.test.junit.TclTests" name="[0] /home/travis/build/icyphy/ptII/ptolemy/domains/de/test/DependencyLoop.tcl (RunTclFile)" time="0.768" />
  <testcase classname="ptolemy.util.test.junit.TclTests" name="[1] /home/travis/build/icyphy/ptII/ptolemy/domains/de/test/RunDETestsAsQSS.tcl (RunTclFile)" time="89.631" />
  <testcase classname="ptolemy.util.test.junit.AutoKnownFailedTests" name="[0] /home/travis/build/icyphy/ptII/ptolemy/domains/de/test/auto/knownFailedTests/DESDFClockTest.xml (RunModel)" time="2.033" />
  <testcase classname="ptolemy.util.test.junit.AutoKnownFailedTests" name="[1] /home/travis/build/icyphy/ptII/ptolemy/domains/de/test/auto/knownFailedTests/DirectFeedback.xml (RunModel)" time="0.014" />
  <testcase classname="ptolemy.util.test.junit.AutoKnownFailedTests" name="[2] /home/travis/build/icyphy/ptII/ptolemy/domains/de/test/auto/knownFailedTests/FSMSource.xml (RunModel)" time="0.03" />
  <testcase classname="ptolemy.util.test.junit.AutoKnownFailedTests" name="[3] /home/travis/build/icyphy/ptII/ptolemy/domains/de/test/auto/knownFailedTests/HierarchicalModel.xml (RunModel)" time="0.042" />
  <testcase classname="ptolemy.util.test.junit.AutoKnownFailedTests" name="[4] /home/travis/build/icyphy/ptII/ptolemy/domains/de/test/auto/knownFailedTests/dependencyLoop.xml (RunModel)" time="0.037" />
  <testcase classname="ptolemy.util.test.junit.AutoKnownFailedTests" name="[5] /home/travis/build/icyphy/ptII/ptolemy/domains/de/test/auto/knownFailedTests/dependencyLoop2.xml (RunModel)" time="0.035" />
  <testcase classname="ptolemy.util.test.junit.AutoNameArchTests" name="[0] ThereAreNoAutoArchTests (RunModel)" time="0.001" />
  <testcase classname="ptolemy.util.test.junit.AutoTests" name="[0] /home/travis/build/icyphy/ptII/ptolemy/domains/de/test/auto/ActorDepthCalculation_actorWithoutPorts.xml (RunModel)" time="0.013" />
  <testcase classname="ptolemy.util.test.junit.AutoTests" name="[1] /home/travis/build/icyphy/ptII/ptolemy/domains/de/test/auto/AssemblyLine.xml (RunModel)" time="0.012" />
  <testcase classname="ptolemy.util.test.junit.AutoTests" name="[2] /home/travis/build/icyphy/ptII/ptolemy/domains/de/test/auto/CQBug1.xml (RunModel)" time="0.005" />
  <testcase classname="ptolemy.util.test.junit.AutoTests" name="[3] /home/travis/build/icyphy/ptII/ptolemy/domains/de/test/auto/CancelFireAt.xml (RunModel)" time="0.004" />
  <testcase classname="ptolemy.util.test.junit.AutoTests" name="[4] /home/travis/build/icyphy/ptII/ptolemy/domains/de/test/auto/CausalityAndComposabilityAnalysis.xml (RunModel)" time="0.009" />
  <testcase classname="ptolemy.util.test.junit.AutoTests" name="[5] /home/travis/build/icyphy/ptII/ptolemy/domains/de/test/auto/CausalityInterface1.xml (RunModel)" time="0.012" />
  <testcase classname="ptolemy.util.test.junit.AutoTests" name="[6] /home/travis/build/icyphy/ptII/ptolemy/domains/de/test/auto/CausalityInterface15.xml (RunModel)" time="0.01" />
  <testcase classname="ptolemy.util.test.junit.AutoTests" name="[7] /home/travis/build/icyphy/ptII/ptolemy/domains/de/test/auto/CausalityInterface2.xml (RunModel)" time="0.008" />
  <testcase classname="ptolemy.util.test.junit.AutoTests" name="[8] /home/travis/build/icyphy/ptII/ptolemy/domains/de/test/auto/CausalityInterface3.xml (RunModel)" time="0.008" />
  <testcase classname="ptolemy.util.test.junit.AutoTests" name="[9] /home/travis/build/icyphy/ptII/ptolemy/domains/de/test/auto/ClockDrift.xml (RunModel)" time="0.026" />
  <testcase classname="ptolemy.util.test.junit.AutoTests" name="[10] /home/travis/build/icyphy/ptII/ptolemy/domains/de/test/auto/ClockDriftAndValueChange.xml (RunModel)" time="0.026" />
  <testcase classname="ptolemy.util.test.junit.AutoTests" name="[11] /home/travis/build/icyphy/ptII/ptolemy/domains/de/test/auto/ClockDriftChange.xml (RunModel)" time="0.034" />
  <testcase classname="ptolemy.util.test.junit.AutoTests" name="[12] /home/travis/build/icyphy/ptII/ptolemy/domains/de/test/auto/ComposableCausalityAnalysis.xml (RunModel)" time="0.021" />
  <testcase classname="ptolemy.util.test.junit.AutoTests" name="[13] /home/travis/build/icyphy/ptII/ptolemy/domains/de/test/auto/DEFixedPointLimitation.xml (RunModel)" time="0.009" />
  <testcase classname="ptolemy.util.test.junit.AutoTests" name="[14] /home/travis/build/icyphy/ptII/ptolemy/domains/de/test/auto/DEScheduleTest.xml (RunModel)" time="0.011" />
  <testcase classname="ptolemy.util.test.junit.AutoTests" name="[15] /home/travis/build/icyphy/ptII/ptolemy/domains/de/test/auto/DEinDEwithStartTimes.xml (RunModel)" time="0.016" />
  <testcase classname="ptolemy.util.test.junit.AutoTests" name="[16] /home/travis/build/icyphy/ptII/ptolemy/domains/de/test/auto/DEinDEwithStartTimes2.xml (RunModel)" time="0.015" />
  <testcase classname="ptolemy.util.test.junit.AutoTests" name="[17] /home/travis/build/icyphy/ptII/ptolemy/domains/de/test/auto/DateDemo.xml (RunModel)" time="0.024" />
  <testcase classname="ptolemy.util.test.junit.AutoTests" name="[18] /home/travis/build/icyphy/ptII/ptolemy/domains/de/test/auto/DateToEvent.xml (RunModel)" time="2.03" />
  <testcase classname="ptolemy.util.test.junit.AutoTests" name="[19] /home/travis/build/icyphy/ptII/ptolemy/domains/de/test/auto/DepthTest1.xml (RunModel)" time="0.006" />
  <testcase classname="ptolemy.util.test.junit.AutoTests" name="[20] /home/travis/build/icyphy/ptII/ptolemy/domains/de/test/auto/DepthTest2.xml (RunModel)" time="0.012" />
  <testcase classname="ptolemy.util.test.junit.AutoTests" name="[21] /home/travis/build/icyphy/ptII/ptolemy/domains/de/test/auto/DepthTest3.xml (RunModel)" time="0.006" />
  <testcase classname="ptolemy.util.test.junit.AutoTests" name="[22] /home/travis/build/icyphy/ptII/ptolemy/domains/de/test/auto/DepthTest4.xml (RunModel)" time="0.009" />
  <testcase classname="ptolemy.util.test.junit.AutoTests" name="[23] /home/travis/build/icyphy/ptII/ptolemy/domains/de/test/auto/DepthTest5.xml (RunModel)" time="0.011" />
  <testcase classname="ptolemy.util.test.junit.AutoTests" name="[24] /home/travis/build/icyphy/ptII/ptolemy/domains/de/test/auto/DepthTest6.xml (RunModel)" time="0.011" />
  <testcase classname="ptolemy.util.test.junit.AutoTests" name="[25] /home/travis/build/icyphy/ptII/ptolemy/domains/de/test/auto/DepthTest7.xml (RunModel)" time="0.01" />
  <testcase classname="ptolemy.util.test.junit.AutoTests" name="[26] /home/travis/build/icyphy/ptII/ptolemy/domains/de/test/auto/EventToDate.xml (RunModel)" time="3.027" />
  <testcase classname="ptolemy.util.test.junit.AutoTests" name="[27] /home/travis/build/icyphy/ptII/ptolemy/domains/de/test/auto/FSM1.xml (RunModel)" time="0.024" />
  <testcase classname="ptolemy.util.test.junit.AutoTests" name="[28] /home/travis/build/icyphy/ptII/ptolemy/domains/de/test/auto/FSM7.xml (RunModel)" time="0.037" />
  <testcase classname="ptolemy.util.test.junit.AutoTests" name="[29] /home/travis/build/icyphy/ptII/ptolemy/domains/de/test/auto/Inspection.xml (RunModel)" time="0.041" />
  <testcase classname="ptolemy.util.test.junit.AutoTests" name="[30] /home/travis/build/icyphy/ptII/ptolemy/domains/de/test/auto/Iteration.xml (RunModel)" time="0.024" />
  <testcase classname="ptolemy.util.test.junit.AutoTests" name="[31] /home/travis/build/icyphy/ptII/ptolemy/domains/de/test/auto/LineFault.xml (RunModel)" time="0.483" />
  <testcase classname="ptolemy.util.test.junit.AutoTests" name="[32] /home/travis/build/icyphy/ptII/ptolemy/domains/de/test/auto/MergeModel1Add.xml (RunModel)" time="0.037" />
  <testcase classname="ptolemy.util.test.junit.AutoTests" name="[33] /home/travis/build/icyphy/ptII/ptolemy/domains/de/test/auto/MergeModel2Add.xml (RunModel)" time="0.038" />
  <testcase classname="ptolemy.util.test.junit.AutoTests" name="[34] /home/travis/build/icyphy/ptII/ptolemy/domains/de/test/auto/MergeModel3Add.xml (RunModel)" time="0.04" />
  <testcase classname="ptolemy.util.test.junit.AutoTests" name="[35] /home/travis/build/icyphy/ptII/ptolemy/domains/de/test/auto/MergeWithoutDiscard.xml (RunModel)" time="0.008" />
  <testcase classname="ptolemy.util.test.junit.AutoTests" name="[36] /home/travis/build/icyphy/ptII/ptolemy/domains/de/test/auto/Modal1.xml (RunModel)" time="0.025" />
  <testcase classname="ptolemy.util.test.junit.AutoTests" name="[37] /home/travis/build/icyphy/ptII/ptolemy/domains/de/test/auto/Modal2.xml (RunModel)" time="0.023" />
  <testcase classname="ptolemy.util.test.junit.AutoTests" name="[38] /home/travis/build/icyphy/ptII/ptolemy/domains/de/test/auto/Modal3.xml (RunModel)" time="0.027" />
  <testcase classname="ptolemy.util.test.junit.AutoTests" name="[39] /home/travis/build/icyphy/ptII/ptolemy/domains/de/test/auto/Modal4.xml (RunModel)" time="0.026" />
  <testcase classname="ptolemy.util.test.junit.AutoTests" name="[40] /home/travis/build/icyphy/ptII/ptolemy/domains/de/test/auto/Modal5.xml (RunModel)" time="0.026" />
  <testcase classname="ptolemy.util.test.junit.AutoTests" name="[41] /home/travis/build/icyphy/ptII/ptolemy/domains/de/test/auto/Modal6.xml (RunModel)" time="0.023" />
  <testcase classname="ptolemy.util.test.junit.AutoTests" name="[42] /home/travis/build/icyphy/ptII/ptolemy/domains/de/test/auto/Modal7.xml (RunModel)" time="0.022" />
  <testcase classname="ptolemy.util.test.junit.AutoTests" name="[43] /home/travis/build/icyphy/ptII/ptolemy/domains/de/test/auto/ModalModel.xml (RunModel)" time="0.121" />
  <testcase classname="ptolemy.util.test.junit.AutoTests" name="[44] /home/travis/build/icyphy/ptII/ptolemy/domains/de/test/auto/ModalSource.xml (RunModel)" time="0.013" />
  <testcase classname="ptolemy.util.test.junit.AutoTests" name="[45] /home/travis/build/icyphy/ptII/ptolemy/domains/de/test/auto/NonInterruptibleTimerZeroDelay.xml (RunModel)" time="0.008" />
  <testcase classname="ptolemy.util.test.junit.AutoTests" name="[46] /home/travis/build/icyphy/ptII/ptolemy/domains/de/test/auto/OpenQueueingNetwork.xml (RunModel)" time="2.085" />
  <testcase classname="ptolemy.util.test.junit.AutoTests" name="[47] /home/travis/build/icyphy/ptII/ptolemy/domains/de/test/auto/OpenQueuingNetwork.xml (RunModel)" time="0.272" />
  <testcase classname="ptolemy.util.test.junit.AutoTests" name="[48] /home/travis/build/icyphy/ptII/ptolemy/domains/de/test/auto/PeriodicSampler.xml (RunModel)" time="0.012" />
  <testcase classname="ptolemy.util.test.junit.AutoTests" name="[49] /home/travis/build/icyphy/ptII/ptolemy/domains/de/test/auto/PersistentIO.xml (RunModel)" time="0.019" />
  <testcase classname="ptolemy.util.test.junit.AutoTests" name="[50] /home/travis/build/icyphy/ptII/ptolemy/domains/de/test/auto/PortParameterResetOnInitialize.xml (RunModel)" time="0.012" />
  <testcase classname="ptolemy.util.test.junit.AutoTests" name="[51] /home/travis/build/icyphy/ptII/ptolemy/domains/de/test/auto/PortParameterUpdates.xml (RunModel)" time="0.016" />
  <testcase classname="ptolemy.util.test.junit.AutoTests" name="[52] /home/travis/build/icyphy/ptII/ptolemy/domains/de/test/auto/QueueAndServer.xml (RunModel)" time="0.021" />
  <testcase classname="ptolemy.util.test.junit.AutoTests" name="[53] /home/travis/build/icyphy/ptII/ptolemy/domains/de/test/auto/Records.xml (RunModel)" time="0.023" />
  <testcase classname="ptolemy.util.test.junit.AutoTests" name="[54] /home/travis/build/icyphy/ptII/ptolemy/domains/de/test/auto/ResetTransitionWithStartTime1.xml (RunModel)" time="0.02" />
  <testcase classname="ptolemy.util.test.junit.AutoTests" name="[55] /home/travis/build/icyphy/ptII/ptolemy/domains/de/test/auto/ResetTransitionWithStartTime2.xml (RunModel)" time="0.017" />
  <testcase classname="ptolemy.util.test.junit.AutoTests" name="[56] /home/travis/build/icyphy/ptII/ptolemy/domains/de/test/auto/ResetTransitionWithStartTime3.xml (RunModel)" time="0.018" />
  <testcase classname="ptolemy.util.test.junit.AutoTests" name="[57] /home/travis/build/icyphy/ptII/ptolemy/domains/de/test/auto/ResetTransitionWithStartTime4.xml (RunModel)" time="0.021" />
  <testcase classname="ptolemy.util.test.junit.AutoTests" name="[58] /home/travis/build/icyphy/ptII/ptolemy/domains/de/test/auto/ResettableTimer1.xml (RunModel)" time="0.01" />
  <testcase classname="ptolemy.util.test.junit.AutoTests" name="[59] /home/travis/build/icyphy/ptII/ptolemy/domains/de/test/auto/ResettableTimer2.xml (RunModel)" time="0.01" />
  <testcase classname="ptolemy.util.test.junit.AutoTests" name="[60] /home/travis/build/icyphy/ptII/ptolemy/domains/de/test/auto/ResettableTimer3.xml (RunModel)" time="0.009" />
  <testcase classname="ptolemy.util.test.junit.AutoTests" name="[61] /home/travis/build/icyphy/ptII/ptolemy/domains/de/test/auto/ResettableTimer4.xml (RunModel)" time="0.01" />
  <testcase classname="ptolemy.util.test.junit.AutoTests" name="[62] /home/travis/build/icyphy/ptII/ptolemy/domains/de/test/auto/ResettableTimer5.xml (RunModel)" time="0.01" />
  <testcase classname="ptolemy.util.test.junit.AutoTests" name="[63] /home/travis/build/icyphy/ptII/ptolemy/domains/de/test/auto/ResettableTimer6.xml (RunModel)" time="0.018" />
  <testcase classname="ptolemy.util.test.junit.AutoTests" name="[64] /home/travis/build/icyphy/ptII/ptolemy/domains/de/test/auto/ServerZeroDelay.xml (RunModel)" time="0.012" />
  <testcase classname="ptolemy.util.test.junit.AutoTests" name="[65] /home/travis/build/icyphy/ptII/ptolemy/domains/de/test/auto/SmartSender.xml (RunModel)" time="3.008" />
  <testcase classname="ptolemy.util.test.junit.AutoTests" name="[66] /home/travis/build/icyphy/ptII/ptolemy/domains/de/test/auto/ThreadedComposite.xml (RunModel)" time="0.207" />
  <testcase classname="ptolemy.util.test.junit.AutoTests" name="[67] /home/travis/build/icyphy/ptII/ptolemy/domains/de/test/auto/Time.xml (RunModel)" time="0.4" />
  <testcase classname="ptolemy.util.test.junit.AutoTests" name="[68] /home/travis/build/icyphy/ptII/ptolemy/domains/de/test/auto/TimeDelayZeroDelay.xml (RunModel)" time="0.009" />
  <testcase classname="ptolemy.util.test.junit.AutoTests" name="[69] /home/travis/build/icyphy/ptII/ptolemy/domains/de/test/auto/TimerZeroDelay.xml (RunModel)" time="0.008" />
  <testcase classname="ptolemy.util.test.junit.AutoTests" name="[70] /home/travis/build/icyphy/ptII/ptolemy/domains/de/test/auto/TimingParadox.xml (RunModel)" time="0.325" />
  <testcase classname="ptolemy.util.test.junit.AutoTests" name="[71] /home/travis/build/icyphy/ptII/ptolemy/domains/de/test/auto/TransferInputs.xml (RunModel)" time="0.008" />
  <testcase classname="ptolemy.util.test.junit.AutoTests" name="[72] /home/travis/build/icyphy/ptII/ptolemy/domains/de/test/auto/TransferOutputs2.xml (RunModel)" time="0.016" />
  <testcase classname="ptolemy.util.test.junit.AutoTests" name="[73] /home/travis/build/icyphy/ptII/ptolemy/domains/de/test/auto/Trilateration.xml (RunModel)" time="12.254" />
  <testcase classname="ptolemy.util.test.junit.AutoTests" name="[74] /home/travis/build/icyphy/ptII/ptolemy/domains/de/test/auto/TwoSigmaDelta.xml (RunModel)" time="2.009" />
  <testcase classname="ptolemy.util.test.junit.AutoTests" name="[75] /home/travis/build/icyphy/ptII/ptolemy/domains/de/test/auto/VariableDelay.xml (RunModel)" time="0.018" />
  <testcase classname="ptolemy.util.test.junit.AutoTests" name="[76] /home/travis/build/icyphy/ptII/ptolemy/domains/de/test/auto/VariableDelay2.xml (RunModel)" time="0.007" />
  <testcase classname="ptolemy.util.test.junit.AutoTests" name="[77] /home/travis/build/icyphy/ptII/ptolemy/domains/de/test/auto/VariableDelayZeroDelay.xml (RunModel)" time="0.016" />
  <testcase classname="ptolemy.util.test.junit.AutoTests" name="[78] /home/travis/build/icyphy/ptII/ptolemy/domains/de/test/auto/VariableDelayZeroDelay2.xml (RunModel)" time="0.01" />
  <testcase classname="ptolemy.util.test.junit.AutoTests" name="[79] /home/travis/build/icyphy/ptII/ptolemy/domains/de/test/auto/deInCt.xml (RunModel)" time="0.014" />
  <testcase classname="ptolemy.util.test.junit.AutoTests" name="[80] /home/travis/build/icyphy/ptII/ptolemy/domains/de/test/auto/deInCt2.xml (RunModel)" time="0.013" />
  <testcase classname="ptolemy.util.test.junit.AutoTests" name="[81] /home/travis/build/icyphy/ptII/ptolemy/domains/de/test/auto/dynamicCausalityInterface1.xml (RunModel)" time="0.018" />
  <testcase classname="ptolemy.util.test.junit.AutoTests" name="[82] /home/travis/build/icyphy/ptII/ptolemy/domains/de/test/auto/fsm_de_test.xml (RunModel)" time="0.022" />
  <testcase classname="ptolemy.util.test.junit.AutoTests" name="[83] /home/travis/build/icyphy/ptII/ptolemy/domains/de/test/auto/functionDependencyReconstruction.xml (RunModel)" time="0.031" />
  <testcase classname="ptolemy.util.test.junit.AutoTests" name="[84] /home/travis/build/icyphy/ptII/ptolemy/domains/de/test/auto/multirate.xml (RunModel)" time="0.015" />
  <testcase classname="ptolemy.util.test.junit.AutoTests" name="[85] /home/travis/build/icyphy/ptII/ptolemy/domains/de/test/auto/multirate2.xml (RunModel)" time="0.013" />
  <testcase classname="ptolemy.util.test.junit.AutoTests" name="[86] /home/travis/build/icyphy/ptII/ptolemy/domains/de/test/auto/realtime.xml (RunModel)" time="10.011" />
  <testcase classname="ptolemy.util.test.junit.AutoTests" name="[87] /home/travis/build/icyphy/ptII/ptolemy/domains/de/test/auto/relationGroup.xml (RunModel)" time="0.009" />
  <testcase classname="ptolemy.util.test.junit.AutoTests" name="[88] /home/travis/build/icyphy/ptII/ptolemy/domains/de/test/auto/relationGroup2.xml (RunModel)" time="0.013" />
  <testcase classname="ptolemy.util.test.junit.AutoTests" name="[89] /home/travis/build/icyphy/ptII/ptolemy/domains/de/test/auto/sortWithOpaquePorts.xml (RunModel)" time="0.016" />
  <testcase classname="ptolemy.util.test.junit.AutoTests" name="[90] /home/travis/build/icyphy/ptII/ptolemy/domains/de/test/auto/transferInputsandOutputs.xml (RunModel)" time="0.021" />
  <testcase classname="ptolemy.util.test.junit.AutoTests" name="[91] /home/travis/build/icyphy/ptII/ptolemy/domains/de/test/auto/triggerType.xml (RunModel)" time="0.01" />
  <system-out><![CDATA[/home/travis/build/icyphy/ptII/ptolemy/domains/de/test/DependencyLoop.tcl
testDefs.tcl: setting time out to 9000 seconds at Mon Jul 09 01:36:48 UTC 2018
18 ms. Memory: 116224K Free: 93438K (80%)
6 ms. Memory: 146944K Free: 135493K (92%)
/home/travis/build/icyphy/ptII/ptolemy/domains/de/test/RunDETestsAsQSS.tcl
Run the DE tests using ptolemy.domains.qss.test.QSSDirectorTest, which extends QSSDirector and prints a message in the constructors.
------------------ testing $PTII/ptolemy/domains/de/test/auto/knownFailedTests/dependencyLoop.xml (Known Failure) 
15 ms. Memory: 146944K Free: 132381K (90%)


==== $PTIIhome/travis/build/icyphy/ptII/ptolemy/domains/de/test/../../../../: Auto Automatic test in file $PTII/ptolemy/domains/de/test/auto/knownFailedTests/dependencyLoop.xml
==== Contents of test case:

	    # FIXME: we should use $relativeFilename here, but it
	    # might have backslashes under Windows, which causes no end
	    # of trouble.
	    createAndExecute $file
	    list {}
	
.... Test generated KNOWN error:
    while executing
ptolemy.kernel.util.IllegalActionException: Found a zero delay loop containing .dependencyLoop.original
  in .dependencyLoop and .dependencyLoop.original
	at ptolemy.actor.util.CausalityInterfaceForComposites._computeOutputPortDepth(CausalityInterfaceForComposites.java:759)
	at ptolemy.actor.util.CausalityInterfaceForComposites._computeInputDepth(CausalityInterfaceForComposites.java:696)
	at ptolemy.actor.util.CausalityInterfaceForComposites._computeOutputPortDepth(CausalityInterfaceForComposites.java:765)
	at ptolemy.actor.util.CausalityInterfaceForComposites._computeInputDepth(CausalityInterfaceForComposites.java:696)
	at ptolemy.actor.util.CausalityInterfaceForComposites._computeOutputPortDepth(CausalityInterfaceForComposites.java:765)
	at ptolemy.actor.util.CausalityInterfaceForComposites._computeInputDepth(CausalityInterfaceForComposites.java:696)
	at ptolemy.actor.util.CausalityInterfaceForComposites._computeActorDepth(CausalityInterfaceForComposites.java:532)
	at ptolemy.actor.util.CausalityInterfaceForComposites.checkForCycles(CausalityInterfaceForComposites.java:96)
	at ptolemy.domains.de.kernel.DEDirector.preinitialize(DEDirector.java:1338)
	at ptolemy.actor.CompositeActor.preinitialize(CompositeActor.java:1828)
	at ptolemy.actor.Manager.preinitializeAndResolveTypes(Manager.java:1040)
	at ptolemy.actor.Manager.initialize(Manager.java:710)
	at ptolemy.actor.Manager.execute(Manager.java:356)
	at ptolemy.actor.Manager.run(Manager.java:1263)
	at ptolemy.actor.Manager$PtolemyRunThread.run(Manager.java:1915)

    while executing
ptolemy.kernel.util.IllegalActionException: Found a zero delay loop containing .dependencyLoop.original
  in .dependencyLoop and .dependencyLoop.original
    while executing
"java::new ptolemy.moml.MoMLSimpleApplication $file
"
    (procedure "createAndExecute" line 2)
    invoked from within
"createAndExecute $file"
    ("uplevel" body line 5)
    invoked from within
"uplevel $contents_of_test"
------------------ testing $PTII/ptolemy/domains/de/test/auto/knownFailedTests/DESDFClockTest.xml (Known Failure) 
2067 ms. Memory: 146944K Free: 116646K (79%)


==== $PTIIhome/travis/build/icyphy/ptII/ptolemy/domains/de/test/../../../../: Auto Automatic test in file $PTII/ptolemy/domains/de/test/auto/knownFailedTests/DESDFClockTest.xml
==== Contents of test case:

	    # FIXME: we should use $relativeFilename here, but it
	    # might have backslashes under Windows, which causes no end
	    # of trouble.
	    createAndExecute $file
	    list {}
	
.... Test generated KNOWN error:
    while executing
ptolemy.kernel.util.IllegalActionException: Actor is not ready to fire.  Perhaps UpSample.prefire() returned false? Try debugging the actor by selecting "Listen to Actor".  Also, for SDF check moml for tokenConsumptionRate on input.
  in .DESDFClockTest.Play Bell.Copy1:SDF Director and .DESDFClockTest.Play Bell.UpSample
	at ptolemy.actor.sched.StaticSchedulingDirector.fire(StaticSchedulingDirector.java:227)
	at ptolemy.domains.sdf.kernel.SDFDirector.fire(SDFDirector.java:500)
	at ptolemy.actor.CompositeActor.fire(CompositeActor.java:455)
	at ptolemy.domains.de.kernel.DEDirector._fire(DEDirector.java:1949)
	at ptolemy.domains.de.kernel.DEDirector.fire(DEDirector.java:502)
	at ptolemy.actor.CompositeActor.fire(CompositeActor.java:455)
	at ptolemy.actor.Manager.iterate(Manager.java:851)
	at ptolemy.actor.Manager.execute(Manager.java:369)
	at ptolemy.actor.Manager.run(Manager.java:1263)
	at ptolemy.actor.Manager$PtolemyRunThread.run(Manager.java:1915)

    while executing
ptolemy.kernel.util.IllegalActionException: Actor is not ready to fire.  Perhaps UpSample.prefire() returned false? Try debugging the actor by selecting "Listen to Actor".  Also, for SDF check moml for tokenConsumptionRate on input.
  in .DESDFClockTest.Play Bell.Copy1:SDF Director and .DESDFClockTest.Play Bell.UpSample
    while executing
"java::new ptolemy.moml.MoMLSimpleApplication $file
"
    (procedure "createAndExecute" line 2)
    invoked from within
"createAndExecute $file"
    ("uplevel" body line 5)
    invoked from within
"uplevel $contents_of_test"
------------------ testing $PTII/ptolemy/domains/de/test/auto/knownFailedTests/FSMSource.xml (Known Failure) 
23 ms. Memory: 146944K Free: 107724K (73%)
!!!! Auto was marked as failing, but now passes
------------------ testing $PTII/ptolemy/domains/de/test/auto/knownFailedTests/dependencyLoop2.xml (Known Failure) 
6 ms. Memory: 146944K Free: 105841K (72%)


==== $PTIIhome/travis/build/icyphy/ptII/ptolemy/domains/de/test/../../../../: Auto Automatic test in file $PTII/ptolemy/domains/de/test/auto/knownFailedTests/dependencyLoop2.xml
==== Contents of test case:

	    # FIXME: we should use $relativeFilename here, but it
	    # might have backslashes under Windows, which causes no end
	    # of trouble.
	    createAndExecute $file
	    list {}
	
.... Test generated KNOWN error:
    while executing
ptolemy.kernel.util.IllegalActionException: Found a zero delay loop containing .dependencyLoop2.original
  in .dependencyLoop2 and .dependencyLoop2.original
	at ptolemy.actor.util.CausalityInterfaceForComposites._computeOutputPortDepth(CausalityInterfaceForComposites.java:759)
	at ptolemy.actor.util.CausalityInterfaceForComposites._computeInputDepth(CausalityInterfaceForComposites.java:696)
	at ptolemy.actor.util.CausalityInterfaceForComposites._computeOutputPortDepth(CausalityInterfaceForComposites.java:765)
	at ptolemy.actor.util.CausalityInterfaceForComposites._computeInputDepth(CausalityInterfaceForComposites.java:696)
	at ptolemy.actor.util.CausalityInterfaceForComposites._computeOutputPortDepth(CausalityInterfaceForComposites.java:765)
	at ptolemy.actor.util.CausalityInterfaceForComposites._computeInputDepth(CausalityInterfaceForComposites.java:696)
	at ptolemy.actor.util.CausalityInterfaceForComposites._computeActorDepth(CausalityInterfaceForComposites.java:532)
	at ptolemy.actor.util.CausalityInterfaceForComposites.checkForCycles(CausalityInterfaceForComposites.java:96)
	at ptolemy.domains.de.kernel.DEDirector.preinitialize(DEDirector.java:1338)
	at ptolemy.actor.CompositeActor.preinitialize(CompositeActor.java:1828)
	at ptolemy.actor.Manager.preinitializeAndResolveTypes(Manager.java:1040)
	at ptolemy.actor.Manager.initialize(Manager.java:710)
	at ptolemy.actor.Manager.execute(Manager.java:356)
	at ptolemy.actor.Manager.run(Manager.java:1263)
	at ptolemy.actor.Manager$PtolemyRunThread.run(Manager.java:1915)

    while executing
ptolemy.kernel.util.IllegalActionException: Found a zero delay loop containing .dependencyLoop2.original
  in .dependencyLoop2 and .dependencyLoop2.original
    while executing
"java::new ptolemy.moml.MoMLSimpleApplication $file
"
    (procedure "createAndExecute" line 2)
    invoked from within
"createAndExecute $file"
    ("uplevel" body line 5)
    invoked from within
"uplevel $contents_of_test"
------------------ testing $PTII/ptolemy/domains/de/test/auto/knownFailedTests/HierarchicalModel.xml (Known Failure) 
5 ms. Memory: 146944K Free: 84231K (57%)


==== $PTIIhome/travis/build/icyphy/ptII/ptolemy/domains/de/test/../../../../: Auto Automatic test in file $PTII/ptolemy/domains/de/test/auto/knownFailedTests/HierarchicalModel.xml
==== Contents of test case:

	    # FIXME: we should use $relativeFilename here, but it
	    # might have backslashes under Windows, which causes no end
	    # of trouble.
	    createAndExecute $file
	    list {}
	
.... Test generated KNOWN error:
    while executing
ptolemy.kernel.util.IllegalActionException: Found a zero delay loop containing .HierarchicalModel.A
  in .HierarchicalModel and .HierarchicalModel.A
	at ptolemy.actor.util.CausalityInterfaceForComposites._computeOutputPortDepth(CausalityInterfaceForComposites.java:759)
	at ptolemy.actor.util.CausalityInterfaceForComposites._computeInputDepth(CausalityInterfaceForComposites.java:696)
	at ptolemy.actor.util.CausalityInterfaceForComposites._computeOutputPortDepth(CausalityInterfaceForComposites.java:765)
	at ptolemy.actor.util.CausalityInterfaceForComposites._computeInputDepth(CausalityInterfaceForComposites.java:696)
	at ptolemy.actor.util.CausalityInterfaceForComposites._computeOutputPortDepth(CausalityInterfaceForComposites.java:765)
	at ptolemy.actor.util.CausalityInterfaceForComposites._computeInputDepth(CausalityInterfaceForComposites.java:696)
	at ptolemy.actor.util.CausalityInterfaceForComposites._computeActorDepth(CausalityInterfaceForComposites.java:532)
	at ptolemy.actor.util.CausalityInterfaceForComposites.checkForCycles(CausalityInterfaceForComposites.java:96)
	at ptolemy.domains.de.kernel.DEDirector.preinitialize(DEDirector.java:1338)
	at ptolemy.actor.CompositeActor.preinitialize(CompositeActor.java:1828)
	at ptolemy.actor.Manager.preinitializeAndResolveTypes(Manager.java:1040)
	at ptolemy.actor.Manager.initialize(Manager.java:710)
	at ptolemy.actor.Manager.execute(Manager.java:356)
	at ptolemy.actor.Manager.run(Manager.java:1263)
	at ptolemy.actor.Manager$PtolemyRunThread.run(Manager.java:1915)

    while executing
ptolemy.kernel.util.IllegalActionException: Found a zero delay loop containing .HierarchicalModel.A
  in .HierarchicalModel and .HierarchicalModel.A
    while executing
"java::new ptolemy.moml.MoMLSimpleApplication $file
"
    (procedure "createAndExecute" line 2)
    invoked from within
"createAndExecute $file"
    ("uplevel" body line 5)
    invoked from within
"uplevel $contents_of_test"
------------------ testing $PTII/ptolemy/domains/de/test/auto/knownFailedTests/DirectFeedback.xml (Known Failure) 
8 ms. Memory: 146944K Free: 141159K (96%)


==== $PTIIhome/travis/build/icyphy/ptII/ptolemy/domains/de/test/../../../../: Auto Automatic test in file $PTII/ptolemy/domains/de/test/auto/knownFailedTests/DirectFeedback.xml
==== Contents of test case:

	    # FIXME: we should use $relativeFilename here, but it
	    # might have backslashes under Windows, which causes no end
	    # of trouble.
	    createAndExecute $file
	    list {}
	
.... Test generated KNOWN error:
    while executing
ptolemy.kernel.util.IllegalActionException: Test fails in iteration 1.
Value was: 1.0. Should have been: 2.0
  in .DirectFeedback.Test
	at ptolemy.actor.lib.Test.fire(Test.java:268)
	at ptolemy.domains.de.kernel.DEDirector._fire(DEDirector.java:1949)
	at ptolemy.domains.de.kernel.DEDirector.fire(DEDirector.java:502)
	at ptolemy.actor.CompositeActor.fire(CompositeActor.java:455)
	at ptolemy.actor.Manager.iterate(Manager.java:851)
	at ptolemy.actor.Manager.execute(Manager.java:369)
	at ptolemy.actor.Manager.run(Manager.java:1263)
	at ptolemy.actor.Manager$PtolemyRunThread.run(Manager.java:1915)

    while executing
ptolemy.kernel.util.IllegalActionException: Test fails in iteration 1.
Value was: 1.0. Should have been: 2.0
  in .DirectFeedback.Test
    while executing
"java::new ptolemy.moml.MoMLSimpleApplication $file
"
    (procedure "createAndExecute" line 2)
    invoked from within
"createAndExecute $file"
    ("uplevel" body line 5)
    invoked from within
"uplevel $contents_of_test"
------------------ testing $PTII/ptolemy/domains/de/test/auto/ActorDepthCalculation_actorWithoutPorts.xml
auto.tcl: Setting watchdog for 200 seconds at Mon Jul 09 01:36:51 UTC 2018
10 ms. Memory: 146944K Free: 132434K (90%)
ptolemy.util.test.WatchDog.cancel(): canceling Mon Jul 09 01:36:51 UTC 2018
auto.tcl: Setting watchdog for 200 seconds at Mon Jul 09 01:36:51 UTC 2018
4 ms. Memory: 146944K Free: 131394K (89%)
ptolemy.util.test.WatchDog.cancel(): canceling Mon Jul 09 01:36:51 UTC 2018
------------------ testing $PTII/ptolemy/domains/de/test/auto/AssemblyLine.xml
auto.tcl: Setting watchdog for 200 seconds at Mon Jul 09 01:36:52 UTC 2018
16 ms. Memory: 208384K Free: 183174K (88%)
ptolemy.util.test.WatchDog.cancel(): canceling Mon Jul 09 01:36:52 UTC 2018
auto.tcl: Setting watchdog for 200 seconds at Mon Jul 09 01:36:52 UTC 2018
11 ms. Memory: 208384K Free: 183174K (88%)
ptolemy.util.test.WatchDog.cancel(): canceling Mon Jul 09 01:36:52 UTC 2018
------------------ testing $PTII/ptolemy/domains/de/test/auto/CQBug1.xml
auto.tcl: Setting watchdog for 200 seconds at Mon Jul 09 01:36:52 UTC 2018
10 ms. Memory: 208384K Free: 197305K (95%)
ptolemy.util.test.WatchDog.cancel(): canceling Mon Jul 09 01:36:52 UTC 2018
auto.tcl: Setting watchdog for 200 seconds at Mon Jul 09 01:36:52 UTC 2018
2 ms. Memory: 208384K Free: 197305K (95%)
ptolemy.util.test.WatchDog.cancel(): canceling Mon Jul 09 01:36:52 UTC 2018
------------------ testing $PTII/ptolemy/domains/de/test/auto/CancelFireAt.xml
auto.tcl: Setting watchdog for 200 seconds at Mon Jul 09 01:36:52 UTC 2018
4 ms. Memory: 208384K Free: 201028K (96%)
ptolemy.util.test.WatchDog.cancel(): canceling Mon Jul 09 01:36:52 UTC 2018
auto.tcl: Setting watchdog for 200 seconds at Mon Jul 09 01:36:52 UTC 2018
2 ms. Memory: 208384K Free: 198588K (95%)
ptolemy.util.test.WatchDog.cancel(): canceling Mon Jul 09 01:36:52 UTC 2018
------------------ testing $PTII/ptolemy/domains/de/test/auto/CausalityAndComposabilityAnalysis.xml
auto.tcl: Setting watchdog for 200 seconds at Mon Jul 09 01:36:52 UTC 2018
10 ms. Memory: 208384K Free: 196492K (94%)
ptolemy.util.test.WatchDog.cancel(): canceling Mon Jul 09 01:36:52 UTC 2018
auto.tcl: Setting watchdog for 200 seconds at Mon Jul 09 01:36:52 UTC 2018
5 ms. Memory: 208384K Free: 196492K (94%)
ptolemy.util.test.WatchDog.cancel(): canceling Mon Jul 09 01:36:52 UTC 2018
------------------ testing $PTII/ptolemy/domains/de/test/auto/CausalityInterface1.xml
auto.tcl: Setting watchdog for 200 seconds at Mon Jul 09 01:36:52 UTC 2018
16 ms. Memory: 208384K Free: 196429K (94%)
ptolemy.util.test.WatchDog.cancel(): canceling Mon Jul 09 01:36:52 UTC 2018
auto.tcl: Setting watchdog for 200 seconds at Mon Jul 09 01:36:52 UTC 2018
4 ms. Memory: 208384K Free: 196429K (94%)
ptolemy.util.test.WatchDog.cancel(): canceling Mon Jul 09 01:36:52 UTC 2018
------------------ testing $PTII/ptolemy/domains/de/test/auto/CausalityInterface15.xml
auto.tcl: Setting watchdog for 200 seconds at Mon Jul 09 01:36:52 UTC 2018
8 ms. Memory: 208384K Free: 196419K (94%)
ptolemy.util.test.WatchDog.cancel(): canceling Mon Jul 09 01:36:52 UTC 2018
auto.tcl: Setting watchdog for 200 seconds at Mon Jul 09 01:36:52 UTC 2018
6 ms. Memory: 208384K Free: 196419K (94%)
ptolemy.util.test.WatchDog.cancel(): canceling Mon Jul 09 01:36:52 UTC 2018
------------------ testing $PTII/ptolemy/domains/de/test/auto/CausalityInterface2.xml
auto.tcl: Setting watchdog for 200 seconds at Mon Jul 09 01:36:52 UTC 2018
4 ms. Memory: 208384K Free: 196403K (94%)
ptolemy.util.test.WatchDog.cancel(): canceling Mon Jul 09 01:36:52 UTC 2018
auto.tcl: Setting watchdog for 200 seconds at Mon Jul 09 01:36:52 UTC 2018
3 ms. Memory: 208384K Free: 196403K (94%)
ptolemy.util.test.WatchDog.cancel(): canceling Mon Jul 09 01:36:52 UTC 2018
------------------ testing $PTII/ptolemy/domains/de/test/auto/CausalityInterface3.xml
auto.tcl: Setting watchdog for 200 seconds at Mon Jul 09 01:36:52 UTC 2018
3 ms. Memory: 208384K Free: 196416K (94%)
ptolemy.util.test.WatchDog.cancel(): canceling Mon Jul 09 01:36:53 UTC 2018
auto.tcl: Setting watchdog for 200 seconds at Mon Jul 09 01:36:53 UTC 2018
3 ms. Memory: 208384K Free: 196416K (94%)
ptolemy.util.test.WatchDog.cancel(): canceling Mon Jul 09 01:36:53 UTC 2018
------------------ testing $PTII/ptolemy/domains/de/test/auto/ClockDrift.xml
auto.tcl: Setting watchdog for 200 seconds at Mon Jul 09 01:36:53 UTC 2018
93 ms. Memory: 208384K Free: 187641K (90%)
ptolemy.util.test.WatchDog.cancel(): canceling Mon Jul 09 01:36:53 UTC 2018
auto.tcl: Setting watchdog for 200 seconds at Mon Jul 09 01:36:53 UTC 2018
49 ms. Memory: 208384K Free: 185539K (89%)
ptolemy.util.test.WatchDog.cancel(): canceling Mon Jul 09 01:36:53 UTC 2018
------------------ testing $PTII/ptolemy/domains/de/test/auto/ClockDriftAndValueChange.xml
auto.tcl: Setting watchdog for 200 seconds at Mon Jul 09 01:36:53 UTC 2018
50 ms. Memory: 208384K Free: 187475K (90%)
ptolemy.util.test.WatchDog.cancel(): canceling Mon Jul 09 01:36:53 UTC 2018
auto.tcl: Setting watchdog for 200 seconds at Mon Jul 09 01:36:53 UTC 2018
29 ms. Memory: 208384K Free: 185373K (89%)
ptolemy.util.test.WatchDog.cancel(): canceling Mon Jul 09 01:36:53 UTC 2018
------------------ testing $PTII/ptolemy/domains/de/test/auto/ClockDriftChange.xml
auto.tcl: Setting watchdog for 200 seconds at Mon Jul 09 01:36:53 UTC 2018
20 ms. Memory: 208384K Free: 190798K (92%)
ptolemy.util.test.WatchDog.cancel(): canceling Mon Jul 09 01:36:53 UTC 2018
auto.tcl: Setting watchdog for 200 seconds at Mon Jul 09 01:36:53 UTC 2018
24 ms. Memory: 208384K Free: 188696K (91%)
ptolemy.util.test.WatchDog.cancel(): canceling Mon Jul 09 01:36:53 UTC 2018
------------------ testing $PTII/ptolemy/domains/de/test/auto/ComposableCausalityAnalysis.xml
auto.tcl: Setting watchdog for 200 seconds at Mon Jul 09 01:36:53 UTC 2018
2 ms. Memory: 208384K Free: 196271K (94%)
ptolemy.util.test.WatchDog.cancel(): canceling Mon Jul 09 01:36:53 UTC 2018
auto.tcl: Setting watchdog for 200 seconds at Mon Jul 09 01:36:53 UTC 2018
2 ms. Memory: 208384K Free: 194168K (93%)
ptolemy.util.test.WatchDog.cancel(): canceling Mon Jul 09 01:36:53 UTC 2018
------------------ testing $PTII/ptolemy/domains/de/test/auto/DEFixedPointLimitation.xml
auto.tcl: Setting watchdog for 200 seconds at Mon Jul 09 01:36:53 UTC 2018
2 ms. Memory: 208384K Free: 196351K (94%)
ptolemy.util.test.WatchDog.cancel(): canceling Mon Jul 09 01:36:53 UTC 2018
auto.tcl: Setting watchdog for 200 seconds at Mon Jul 09 01:36:53 UTC 2018
1 ms. Memory: 208384K Free: 196351K (94%)
ptolemy.util.test.WatchDog.cancel(): canceling Mon Jul 09 01:36:53 UTC 2018
------------------ testing $PTII/ptolemy/domains/de/test/auto/DEScheduleTest.xml
auto.tcl: Setting watchdog for 200 seconds at Mon Jul 09 01:36:53 UTC 2018
6 ms. Memory: 208384K Free: 198490K (95%)
ptolemy.util.test.WatchDog.cancel(): canceling Mon Jul 09 01:36:53 UTC 2018
auto.tcl: Setting watchdog for 200 seconds at Mon Jul 09 01:36:53 UTC 2018
5 ms. Memory: 208384K Free: 196387K (94%)
ptolemy.util.test.WatchDog.cancel(): canceling Mon Jul 09 01:36:53 UTC 2018
------------------ testing $PTII/ptolemy/domains/de/test/auto/DEinDEwithStartTimes.xml
auto.tcl: Setting watchdog for 200 seconds at Mon Jul 09 01:36:53 UTC 2018
7 ms. Memory: 208384K Free: 196357K (94%)
ptolemy.util.test.WatchDog.cancel(): canceling Mon Jul 09 01:36:53 UTC 2018
auto.tcl: Setting watchdog for 200 seconds at Mon Jul 09 01:36:53 UTC 2018
4 ms. Memory: 208384K Free: 194255K (93%)
ptolemy.util.test.WatchDog.cancel(): canceling Mon Jul 09 01:36:53 UTC 2018
------------------ testing $PTII/ptolemy/domains/de/test/auto/DEinDEwithStartTimes2.xml
auto.tcl: Setting watchdog for 200 seconds at Mon Jul 09 01:36:54 UTC 2018
4 ms. Memory: 208384K Free: 196674K (94%)
ptolemy.util.test.WatchDog.cancel(): canceling Mon Jul 09 01:36:54 UTC 2018
auto.tcl: Setting watchdog for 200 seconds at Mon Jul 09 01:36:54 UTC 2018
4 ms. Memory: 208384K Free: 194234K (93%)
ptolemy.util.test.WatchDog.cancel(): canceling Mon Jul 09 01:36:54 UTC 2018
------------------ testing $PTII/ptolemy/domains/de/test/auto/DateDemo.xml
auto.tcl: Setting watchdog for 200 seconds at Mon Jul 09 01:36:54 UTC 2018
17 ms. Memory: 208384K Free: 188767K (91%)
ptolemy.util.test.WatchDog.cancel(): canceling Mon Jul 09 01:36:54 UTC 2018
auto.tcl: Setting watchdog for 200 seconds at Mon Jul 09 01:36:54 UTC 2018
9 ms. Memory: 208384K Free: 186664K (90%)
ptolemy.util.test.WatchDog.cancel(): canceling Mon Jul 09 01:36:54 UTC 2018
------------------ testing $PTII/ptolemy/domains/de/test/auto/DateToEvent.xml
auto.tcl: Setting watchdog for 200 seconds at Mon Jul 09 01:36:54 UTC 2018
2020 ms. Memory: 208384K Free: 183474K (88%)
ptolemy.util.test.WatchDog.cancel(): canceling Mon Jul 09 01:36:56 UTC 2018
auto.tcl: Setting watchdog for 200 seconds at Mon Jul 09 01:36:56 UTC 2018
2004 ms. Memory: 208384K Free: 181016K (87%)
ptolemy.util.test.WatchDog.cancel(): canceling Mon Jul 09 01:36:58 UTC 2018
------------------ testing $PTII/ptolemy/domains/de/test/auto/DepthTest1.xml
auto.tcl: Setting watchdog for 200 seconds at Mon Jul 09 01:36:58 UTC 2018
3 ms. Memory: 208384K Free: 198356K (95%)
ptolemy.util.test.WatchDog.cancel(): canceling Mon Jul 09 01:36:58 UTC 2018
auto.tcl: Setting watchdog for 200 seconds at Mon Jul 09 01:36:58 UTC 2018
1 ms. Memory: 208384K Free: 198356K (95%)
ptolemy.util.test.WatchDog.cancel(): canceling Mon Jul 09 01:36:58 UTC 2018
------------------ testing $PTII/ptolemy/domains/de/test/auto/DepthTest2.xml
auto.tcl: Setting watchdog for 200 seconds at Mon Jul 09 01:36:58 UTC 2018
3 ms. Memory: 208384K Free: 194553K (93%)
ptolemy.util.test.WatchDog.cancel(): canceling Mon Jul 09 01:36:58 UTC 2018
auto.tcl: Setting watchdog for 200 seconds at Mon Jul 09 01:36:58 UTC 2018
6 ms. Memory: 208384K Free: 194215K (93%)
ptolemy.util.test.WatchDog.cancel(): canceling Mon Jul 09 01:36:58 UTC 2018
------------------ testing $PTII/ptolemy/domains/de/test/auto/DepthTest3.xml
auto.tcl: Setting watchdog for 200 seconds at Mon Jul 09 01:36:58 UTC 2018
2 ms. Memory: 208384K Free: 198691K (95%)
ptolemy.util.test.WatchDog.cancel(): canceling Mon Jul 09 01:36:58 UTC 2018
auto.tcl: Setting watchdog for 200 seconds at Mon Jul 09 01:36:58 UTC 2018
2 ms. Memory: 208384K Free: 198691K (95%)
ptolemy.util.test.WatchDog.cancel(): canceling Mon Jul 09 01:36:58 UTC 2018
------------------ testing $PTII/ptolemy/domains/de/test/auto/DepthTest4.xml
auto.tcl: Setting watchdog for 200 seconds at Mon Jul 09 01:36:58 UTC 2018
6 ms. Memory: 208384K Free: 196338K (94%)
ptolemy.util.test.WatchDog.cancel(): canceling Mon Jul 09 01:36:58 UTC 2018
auto.tcl: Setting watchdog for 200 seconds at Mon Jul 09 01:36:58 UTC 2018
5 ms. Memory: 208384K Free: 196338K (94%)
ptolemy.util.test.WatchDog.cancel(): canceling Mon Jul 09 01:36:58 UTC 2018
------------------ testing $PTII/ptolemy/domains/de/test/auto/DepthTest5.xml
auto.tcl: Setting watchdog for 200 seconds at Mon Jul 09 01:36:58 UTC 2018
5 ms. Memory: 208384K Free: 196623K (94%)
ptolemy.util.test.WatchDog.cancel(): canceling Mon Jul 09 01:36:58 UTC 2018
auto.tcl: Setting watchdog for 200 seconds at Mon Jul 09 01:36:58 UTC 2018
3 ms. Memory: 208384K Free: 196623K (94%)
ptolemy.util.test.WatchDog.cancel(): canceling Mon Jul 09 01:36:58 UTC 2018
------------------ testing $PTII/ptolemy/domains/de/test/auto/DepthTest6.xml
auto.tcl: Setting watchdog for 200 seconds at Mon Jul 09 01:36:58 UTC 2018
9 ms. Memory: 208384K Free: 195370K (94%)
ptolemy.util.test.WatchDog.cancel(): canceling Mon Jul 09 01:36:58 UTC 2018
auto.tcl: Setting watchdog for 200 seconds at Mon Jul 09 01:36:58 UTC 2018
3 ms. Memory: 208384K Free: 195370K (94%)
ptolemy.util.test.WatchDog.cancel(): canceling Mon Jul 09 01:36:58 UTC 2018
------------------ testing $PTII/ptolemy/domains/de/test/auto/DepthTest7.xml
auto.tcl: Setting watchdog for 200 seconds at Mon Jul 09 01:36:58 UTC 2018
2 ms. Memory: 208384K Free: 195015K (94%)
ptolemy.util.test.WatchDog.cancel(): canceling Mon Jul 09 01:36:58 UTC 2018
auto.tcl: Setting watchdog for 200 seconds at Mon Jul 09 01:36:58 UTC 2018
2 ms. Memory: 208384K Free: 195015K (94%)
ptolemy.util.test.WatchDog.cancel(): canceling Mon Jul 09 01:36:58 UTC 2018
------------------ testing $PTII/ptolemy/domains/de/test/auto/EventToDate.xml
auto.tcl: Setting watchdog for 200 seconds at Mon Jul 09 01:36:58 UTC 2018
3006 ms. Memory: 208384K Free: 185752K (89%)
ptolemy.util.test.WatchDog.cancel(): canceling Mon Jul 09 01:37:02 UTC 2018
auto.tcl: Setting watchdog for 200 seconds at Mon Jul 09 01:37:02 UTC 2018
3004 ms. Memory: 208384K Free: 185752K (89%)
ptolemy.util.test.WatchDog.cancel(): canceling Mon Jul 09 01:37:05 UTC 2018
------------------ testing $PTII/ptolemy/domains/de/test/auto/FSM1.xml
auto.tcl: Setting watchdog for 200 seconds at Mon Jul 09 01:37:05 UTC 2018
44 ms. Memory: 208384K Free: 189288K (91%)
ptolemy.util.test.WatchDog.cancel(): canceling Mon Jul 09 01:37:05 UTC 2018
auto.tcl: Setting watchdog for 200 seconds at Mon Jul 09 01:37:05 UTC 2018
22 ms. Memory: 208384K Free: 185083K (89%)
ptolemy.util.test.WatchDog.cancel(): canceling Mon Jul 09 01:37:05 UTC 2018
------------------ testing $PTII/ptolemy/domains/de/test/auto/FSM7.xml
auto.tcl: Setting watchdog for 200 seconds at Mon Jul 09 01:37:05 UTC 2018
14 ms. Memory: 208384K Free: 187388K (90%)
ptolemy.util.test.WatchDog.cancel(): canceling Mon Jul 09 01:37:05 UTC 2018
auto.tcl: Setting watchdog for 200 seconds at Mon Jul 09 01:37:05 UTC 2018
13 ms. Memory: 208384K Free: 185286K (89%)
ptolemy.util.test.WatchDog.cancel(): canceling Mon Jul 09 01:37:05 UTC 2018
------------------ testing $PTII/ptolemy/domains/de/test/auto/Inspection.xml
auto.tcl: Setting watchdog for 200 seconds at Mon Jul 09 01:37:05 UTC 2018
24 ms. Memory: 208384K Free: 188941K (91%)
ptolemy.util.test.WatchDog.cancel(): canceling Mon Jul 09 01:37:05 UTC 2018
auto.tcl: Setting watchdog for 200 seconds at Mon Jul 09 01:37:05 UTC 2018
30 ms. Memory: 208384K Free: 186838K (90%)
ptolemy.util.test.WatchDog.cancel(): canceling Mon Jul 09 01:37:05 UTC 2018
------------------ testing $PTII/ptolemy/domains/de/test/auto/Iteration.xml
auto.tcl: Setting watchdog for 200 seconds at Mon Jul 09 01:37:05 UTC 2018
8 ms. Memory: 208384K Free: 196385K (94%)
ptolemy.util.test.WatchDog.cancel(): canceling Mon Jul 09 01:37:05 UTC 2018
auto.tcl: Setting watchdog for 200 seconds at Mon Jul 09 01:37:05 UTC 2018
8 ms. Memory: 208384K Free: 194283K (93%)
ptolemy.util.test.WatchDog.cancel(): canceling Mon Jul 09 01:37:05 UTC 2018
------------------ testing $PTII/ptolemy/domains/de/test/auto/LineFault.xml
auto.tcl: Setting watchdog for 200 seconds at Mon Jul 09 01:37:05 UTC 2018
753 ms. Memory: 208384K Free: 196558K (94%)
ptolemy.util.test.WatchDog.cancel(): canceling Mon Jul 09 01:37:06 UTC 2018
auto.tcl: Setting watchdog for 200 seconds at Mon Jul 09 01:37:06 UTC 2018
565 ms. Memory: 208384K Free: 139154K (67%)
ptolemy.util.test.WatchDog.cancel(): canceling Mon Jul 09 01:37:07 UTC 2018
------------------ testing $PTII/ptolemy/domains/de/test/auto/MergeModel1Add.xml
auto.tcl: Setting watchdog for 200 seconds at Mon Jul 09 01:37:07 UTC 2018
17 ms. Memory: 331264K Free: 298819K (90%)
ptolemy.util.test.WatchDog.cancel(): canceling Mon Jul 09 01:37:07 UTC 2018
auto.tcl: Setting watchdog for 200 seconds at Mon Jul 09 01:37:07 UTC 2018
19 ms. Memory: 331264K Free: 298819K (90%)
ptolemy.util.test.WatchDog.cancel(): canceling Mon Jul 09 01:37:07 UTC 2018
------------------ testing $PTII/ptolemy/domains/de/test/auto/MergeModel2Add.xml
auto.tcl: Setting watchdog for 200 seconds at Mon Jul 09 01:37:07 UTC 2018
14 ms. Memory: 331264K Free: 304113K (92%)
ptolemy.util.test.WatchDog.cancel(): canceling Mon Jul 09 01:37:07 UTC 2018
auto.tcl: Setting watchdog for 200 seconds at Mon Jul 09 01:37:07 UTC 2018
11 ms. Memory: 331264K Free: 300157K (91%)
ptolemy.util.test.WatchDog.cancel(): canceling Mon Jul 09 01:37:07 UTC 2018
------------------ testing $PTII/ptolemy/domains/de/test/auto/MergeModel3Add.xml
auto.tcl: Setting watchdog for 200 seconds at Mon Jul 09 01:37:07 UTC 2018
10 ms. Memory: 331264K Free: 304123K (92%)
ptolemy.util.test.WatchDog.cancel(): canceling Mon Jul 09 01:37:07 UTC 2018
auto.tcl: Setting watchdog for 200 seconds at Mon Jul 09 01:37:07 UTC 2018
8 ms. Memory: 331264K Free: 300167K (91%)
ptolemy.util.test.WatchDog.cancel(): canceling Mon Jul 09 01:37:07 UTC 2018
------------------ testing $PTII/ptolemy/domains/de/test/auto/MergeWithoutDiscard.xml
auto.tcl: Setting watchdog for 200 seconds at Mon Jul 09 01:37:07 UTC 2018
2 ms. Memory: 331264K Free: 320228K (97%)
ptolemy.util.test.WatchDog.cancel(): canceling Mon Jul 09 01:37:07 UTC 2018
auto.tcl: Setting watchdog for 200 seconds at Mon Jul 09 01:37:07 UTC 2018
2 ms. Memory: 331264K Free: 316272K (95%)
ptolemy.util.test.WatchDog.cancel(): canceling Mon Jul 09 01:37:07 UTC 2018
------------------ testing $PTII/ptolemy/domains/de/test/auto/Modal1.xml
auto.tcl: Setting watchdog for 200 seconds at Mon Jul 09 01:37:07 UTC 2018
23 ms. Memory: 331264K Free: 309880K (94%)
ptolemy.util.test.WatchDog.cancel(): canceling Mon Jul 09 01:37:07 UTC 2018
auto.tcl: Setting watchdog for 200 seconds at Mon Jul 09 01:37:07 UTC 2018
26 ms. Memory: 331264K Free: 305924K (92%)
ptolemy.util.test.WatchDog.cancel(): canceling Mon Jul 09 01:37:07 UTC 2018
------------------ testing $PTII/ptolemy/domains/de/test/auto/Modal2.xml
auto.tcl: Setting watchdog for 200 seconds at Mon Jul 09 01:37:07 UTC 2018
19 ms. Memory: 331264K Free: 309745K (94%)
ptolemy.util.test.WatchDog.cancel(): canceling Mon Jul 09 01:37:07 UTC 2018
auto.tcl: Setting watchdog for 200 seconds at Mon Jul 09 01:37:07 UTC 2018
18 ms. Memory: 331264K Free: 305789K (92%)
ptolemy.util.test.WatchDog.cancel(): canceling Mon Jul 09 01:37:07 UTC 2018
------------------ testing $PTII/ptolemy/domains/de/test/auto/Modal3.xml
auto.tcl: Setting watchdog for 200 seconds at Mon Jul 09 01:37:08 UTC 2018
14 ms. Memory: 331264K Free: 310037K (94%)
ptolemy.util.test.WatchDog.cancel(): canceling Mon Jul 09 01:37:08 UTC 2018
auto.tcl: Setting watchdog for 200 seconds at Mon Jul 09 01:37:08 UTC 2018
11 ms. Memory: 331264K Free: 305796K (92%)
ptolemy.util.test.WatchDog.cancel(): canceling Mon Jul 09 01:37:08 UTC 2018
------------------ testing $PTII/ptolemy/domains/de/test/auto/Modal4.xml
auto.tcl: Setting watchdog for 200 seconds at Mon Jul 09 01:37:08 UTC 2018
22 ms. Memory: 331264K Free: 309757K (94%)
ptolemy.util.test.WatchDog.cancel(): canceling Mon Jul 09 01:37:08 UTC 2018
auto.tcl: Setting watchdog for 200 seconds at Mon Jul 09 01:37:08 UTC 2018
19 ms. Memory: 331264K Free: 305801K (92%)
ptolemy.util.test.WatchDog.cancel(): canceling Mon Jul 09 01:37:08 UTC 2018
------------------ testing $PTII/ptolemy/domains/de/test/auto/Modal5.xml
auto.tcl: Setting watchdog for 200 seconds at Mon Jul 09 01:37:08 UTC 2018
21 ms. Memory: 331264K Free: 309745K (94%)
ptolemy.util.test.WatchDog.cancel(): canceling Mon Jul 09 01:37:08 UTC 2018
auto.tcl: Setting watchdog for 200 seconds at Mon Jul 09 01:37:08 UTC 2018
12 ms. Memory: 331264K Free: 305789K (92%)
ptolemy.util.test.WatchDog.cancel(): canceling Mon Jul 09 01:37:08 UTC 2018
------------------ testing $PTII/ptolemy/domains/de/test/auto/Modal6.xml
auto.tcl: Setting watchdog for 200 seconds at Mon Jul 09 01:37:08 UTC 2018
11 ms. Memory: 331264K Free: 309742K (94%)
ptolemy.util.test.WatchDog.cancel(): canceling Mon Jul 09 01:37:08 UTC 2018
auto.tcl: Setting watchdog for 200 seconds at Mon Jul 09 01:37:08 UTC 2018
12 ms. Memory: 331264K Free: 305787K (92%)
ptolemy.util.test.WatchDog.cancel(): canceling Mon Jul 09 01:37:08 UTC 2018
------------------ testing $PTII/ptolemy/domains/de/test/auto/Modal7.xml
auto.tcl: Setting watchdog for 200 seconds at Mon Jul 09 01:37:08 UTC 2018
23 ms. Memory: 331264K Free: 304827K (92%)
ptolemy.util.test.WatchDog.cancel(): canceling Mon Jul 09 01:37:08 UTC 2018
auto.tcl: Setting watchdog for 200 seconds at Mon Jul 09 01:37:08 UTC 2018
12 ms. Memory: 331264K Free: 300871K (91%)
ptolemy.util.test.WatchDog.cancel(): canceling Mon Jul 09 01:37:08 UTC 2018
------------------ testing $PTII/ptolemy/domains/de/test/auto/ModalModel.xml
auto.tcl: Setting watchdog for 200 seconds at Mon Jul 09 01:37:08 UTC 2018
225 ms. Memory: 331264K Free: 246233K (74%)
ptolemy.util.test.WatchDog.cancel(): canceling Mon Jul 09 01:37:08 UTC 2018
auto.tcl: Setting watchdog for 200 seconds at Mon Jul 09 01:37:08 UTC 2018
181 ms. Memory: 331264K Free: 190855K (58%)
ptolemy.util.test.WatchDog.cancel(): canceling Mon Jul 09 01:37:09 UTC 2018
------------------ testing $PTII/ptolemy/domains/de/test/auto/ModalSource.xml
auto.tcl: Setting watchdog for 200 seconds at Mon Jul 09 01:37:09 UTC 2018
11 ms. Memory: 331264K Free: 316539K (96%)
ptolemy.util.test.WatchDog.cancel(): canceling Mon Jul 09 01:37:09 UTC 2018
auto.tcl: Setting watchdog for 200 seconds at Mon Jul 09 01:37:09 UTC 2018
6 ms. Memory: 331264K Free: 313002K (94%)
ptolemy.util.test.WatchDog.cancel(): canceling Mon Jul 09 01:37:09 UTC 2018
------------------ testing $PTII/ptolemy/domains/de/test/auto/NonInterruptibleTimerZeroDelay.xml
auto.tcl: Setting watchdog for 200 seconds at Mon Jul 09 01:37:09 UTC 2018
4 ms. Memory: 331264K Free: 320120K (97%)
ptolemy.util.test.WatchDog.cancel(): canceling Mon Jul 09 01:37:09 UTC 2018
auto.tcl: Setting watchdog for 200 seconds at Mon Jul 09 01:37:09 UTC 2018
2 ms. Memory: 331264K Free: 316583K (96%)
ptolemy.util.test.WatchDog.cancel(): canceling Mon Jul 09 01:37:09 UTC 2018
------------------ testing $PTII/ptolemy/domains/de/test/auto/OpenQueueingNetwork.xml
auto.tcl: Setting watchdog for 200 seconds at Mon Jul 09 01:37:09 UTC 2018
2692 ms. Memory: 573952K Free: 413144K (72%)
ptolemy.util.test.WatchDog.cancel(): canceling Mon Jul 09 01:37:12 UTC 2018
auto.tcl: Setting watchdog for 200 seconds at Mon Jul 09 01:37:12 UTC 2018
2233 ms. Memory: 550912K Free: 310851K (56%)
ptolemy.util.test.WatchDog.cancel(): canceling Mon Jul 09 01:37:14 UTC 2018
------------------ testing $PTII/ptolemy/domains/de/test/auto/OpenQueuingNetwork.xml
auto.tcl: Setting watchdog for 200 seconds at Mon Jul 09 01:37:14 UTC 2018
235 ms. Memory: 549888K Free: 444982K (81%)
ptolemy.util.test.WatchDog.cancel(): canceling Mon Jul 09 01:37:14 UTC 2018
auto.tcl: Setting watchdog for 200 seconds at Mon Jul 09 01:37:14 UTC 2018
224 ms. Memory: 549888K Free: 385361K (70%)
ptolemy.util.test.WatchDog.cancel(): canceling Mon Jul 09 01:37:15 UTC 2018
------------------ testing $PTII/ptolemy/domains/de/test/auto/PeriodicSampler.xml
auto.tcl: Setting watchdog for 200 seconds at Mon Jul 09 01:37:15 UTC 2018
2 ms. Memory: 551936K Free: 531147K (96%)
ptolemy.util.test.WatchDog.cancel(): canceling Mon Jul 09 01:37:15 UTC 2018
auto.tcl: Setting watchdog for 200 seconds at Mon Jul 09 01:37:15 UTC 2018
2 ms. Memory: 551936K Free: 531147K (96%)
ptolemy.util.test.WatchDog.cancel(): canceling Mon Jul 09 01:37:15 UTC 2018
------------------ testing $PTII/ptolemy/domains/de/test/auto/PersistentIO.xml
auto.tcl: Setting watchdog for 200 seconds at Mon Jul 09 01:37:15 UTC 2018
4 ms. Memory: 549376K Free: 523979K (95%)
ptolemy.util.test.WatchDog.cancel(): canceling Mon Jul 09 01:37:15 UTC 2018
auto.tcl: Setting watchdog for 200 seconds at Mon Jul 09 01:37:15 UTC 2018
4 ms. Memory: 549376K Free: 523979K (95%)
ptolemy.util.test.WatchDog.cancel(): canceling Mon Jul 09 01:37:15 UTC 2018
------------------ testing $PTII/ptolemy/domains/de/test/auto/PortParameterResetOnInitialize.xml
auto.tcl: Setting watchdog for 200 seconds at Mon Jul 09 01:37:15 UTC 2018
3 ms. Memory: 551424K Free: 531325K (96%)
ptolemy.util.test.WatchDog.cancel(): canceling Mon Jul 09 01:37:15 UTC 2018
auto.tcl: Setting watchdog for 200 seconds at Mon Jul 09 01:37:15 UTC 2018
1 ms. Memory: 551424K Free: 531325K (96%)
ptolemy.util.test.WatchDog.cancel(): canceling Mon Jul 09 01:37:15 UTC 2018
------------------ testing $PTII/ptolemy/domains/de/test/auto/PortParameterUpdates.xml
auto.tcl: Setting watchdog for 200 seconds at Mon Jul 09 01:37:15 UTC 2018
6 ms. Memory: 549376K Free: 523760K (95%)
ptolemy.util.test.WatchDog.cancel(): canceling Mon Jul 09 01:37:15 UTC 2018
auto.tcl: Setting watchdog for 200 seconds at Mon Jul 09 01:37:15 UTC 2018
6 ms. Memory: 549376K Free: 523760K (95%)
ptolemy.util.test.WatchDog.cancel(): canceling Mon Jul 09 01:37:15 UTC 2018
------------------ testing $PTII/ptolemy/domains/de/test/auto/QueueAndServer.xml
auto.tcl: Setting watchdog for 200 seconds at Mon Jul 09 01:37:15 UTC 2018
19 ms. Memory: 551424K Free: 525771K (95%)
ptolemy.util.test.WatchDog.cancel(): canceling Mon Jul 09 01:37:15 UTC 2018
auto.tcl: Setting watchdog for 200 seconds at Mon Jul 09 01:37:15 UTC 2018
5 ms. Memory: 551424K Free: 525771K (95%)
ptolemy.util.test.WatchDog.cancel(): canceling Mon Jul 09 01:37:15 UTC 2018
------------------ testing $PTII/ptolemy/domains/de/test/auto/Records.xml
auto.tcl: Setting watchdog for 200 seconds at Mon Jul 09 01:37:15 UTC 2018
4 ms. Memory: 549376K Free: 533765K (97%)
ptolemy.util.test.WatchDog.cancel(): canceling Mon Jul 09 01:37:15 UTC 2018
auto.tcl: Setting watchdog for 200 seconds at Mon Jul 09 01:37:15 UTC 2018
1 ms. Memory: 549376K Free: 528345K (96%)
ptolemy.util.test.WatchDog.cancel(): canceling Mon Jul 09 01:37:15 UTC 2018
------------------ testing $PTII/ptolemy/domains/de/test/auto/ResetTransitionWithStartTime1.xml
auto.tcl: Setting watchdog for 200 seconds at Mon Jul 09 01:37:15 UTC 2018
11 ms. Memory: 551424K Free: 530402K (96%)
ptolemy.util.test.WatchDog.cancel(): canceling Mon Jul 09 01:37:15 UTC 2018
auto.tcl: Setting watchdog for 200 seconds at Mon Jul 09 01:37:15 UTC 2018
11 ms. Memory: 551424K Free: 530402K (96%)
ptolemy.util.test.WatchDog.cancel(): canceling Mon Jul 09 01:37:15 UTC 2018
------------------ testing $PTII/ptolemy/domains/de/test/auto/ResetTransitionWithStartTime2.xml
auto.tcl: Setting watchdog for 200 seconds at Mon Jul 09 01:37:15 UTC 2018
6 ms. Memory: 549376K Free: 528575K (96%)
ptolemy.util.test.WatchDog.cancel(): canceling Mon Jul 09 01:37:15 UTC 2018
auto.tcl: Setting watchdog for 200 seconds at Mon Jul 09 01:37:15 UTC 2018
7 ms. Memory: 549376K Free: 528575K (96%)
ptolemy.util.test.WatchDog.cancel(): canceling Mon Jul 09 01:37:15 UTC 2018
------------------ testing $PTII/ptolemy/domains/de/test/auto/ResetTransitionWithStartTime3.xml
auto.tcl: Setting watchdog for 200 seconds at Mon Jul 09 01:37:15 UTC 2018
5 ms. Memory: 550912K Free: 529880K (96%)
ptolemy.util.test.WatchDog.cancel(): canceling Mon Jul 09 01:37:15 UTC 2018
auto.tcl: Setting watchdog for 200 seconds at Mon Jul 09 01:37:15 UTC 2018
6 ms. Memory: 550912K Free: 529880K (96%)
ptolemy.util.test.WatchDog.cancel(): canceling Mon Jul 09 01:37:15 UTC 2018
------------------ testing $PTII/ptolemy/domains/de/test/auto/ResetTransitionWithStartTime4.xml
auto.tcl: Setting watchdog for 200 seconds at Mon Jul 09 01:37:15 UTC 2018
4 ms. Memory: 549376K Free: 528358K (96%)
ptolemy.util.test.WatchDog.cancel(): canceling Mon Jul 09 01:37:15 UTC 2018
auto.tcl: Setting watchdog for 200 seconds at Mon Jul 09 01:37:15 UTC 2018
4 ms. Memory: 549376K Free: 528358K (96%)
ptolemy.util.test.WatchDog.cancel(): canceling Mon Jul 09 01:37:15 UTC 2018
------------------ testing $PTII/ptolemy/domains/de/test/auto/ResettableTimer1.xml
auto.tcl: Setting watchdog for 200 seconds at Mon Jul 09 01:37:15 UTC 2018
2 ms. Memory: 550912K Free: 535310K (97%)
ptolemy.util.test.WatchDog.cancel(): canceling Mon Jul 09 01:37:15 UTC 2018
auto.tcl: Setting watchdog for 200 seconds at Mon Jul 09 01:37:15 UTC 2018
2 ms. Memory: 550912K Free: 535310K (97%)
ptolemy.util.test.WatchDog.cancel(): canceling Mon Jul 09 01:37:15 UTC 2018
------------------ testing $PTII/ptolemy/domains/de/test/auto/ResettableTimer2.xml
auto.tcl: Setting watchdog for 200 seconds at Mon Jul 09 01:37:15 UTC 2018
6 ms. Memory: 549376K Free: 534062K (97%)
ptolemy.util.test.WatchDog.cancel(): canceling Mon Jul 09 01:37:15 UTC 2018
auto.tcl: Setting watchdog for 200 seconds at Mon Jul 09 01:37:15 UTC 2018
3 ms. Memory: 549376K Free: 534062K (97%)
ptolemy.util.test.WatchDog.cancel(): canceling Mon Jul 09 01:37:15 UTC 2018
------------------ testing $PTII/ptolemy/domains/de/test/auto/ResettableTimer3.xml
auto.tcl: Setting watchdog for 200 seconds at Mon Jul 09 01:37:15 UTC 2018
2 ms. Memory: 550912K Free: 535368K (97%)
ptolemy.util.test.WatchDog.cancel(): canceling Mon Jul 09 01:37:16 UTC 2018
auto.tcl: Setting watchdog for 200 seconds at Mon Jul 09 01:37:16 UTC 2018
1 ms. Memory: 550912K Free: 535368K (97%)
ptolemy.util.test.WatchDog.cancel(): canceling Mon Jul 09 01:37:16 UTC 2018
------------------ testing $PTII/ptolemy/domains/de/test/auto/ResettableTimer4.xml
auto.tcl: Setting watchdog for 200 seconds at Mon Jul 09 01:37:16 UTC 2018
1 ms. Memory: 549376K Free: 534075K (97%)
ptolemy.util.test.WatchDog.cancel(): canceling Mon Jul 09 01:37:16 UTC 2018
auto.tcl: Setting watchdog for 200 seconds at Mon Jul 09 01:37:16 UTC 2018
2 ms. Memory: 549376K Free: 534075K (97%)
ptolemy.util.test.WatchDog.cancel(): canceling Mon Jul 09 01:37:16 UTC 2018
------------------ testing $PTII/ptolemy/domains/de/test/auto/ResettableTimer5.xml
auto.tcl: Setting watchdog for 200 seconds at Mon Jul 09 01:37:16 UTC 2018
2 ms. Memory: 550400K Free: 530417K (96%)
ptolemy.util.test.WatchDog.cancel(): canceling Mon Jul 09 01:37:16 UTC 2018
auto.tcl: Setting watchdog for 200 seconds at Mon Jul 09 01:37:16 UTC 2018
1 ms. Memory: 550400K Free: 530417K (96%)
ptolemy.util.test.WatchDog.cancel(): canceling Mon Jul 09 01:37:16 UTC 2018
------------------ testing $PTII/ptolemy/domains/de/test/auto/ResettableTimer6.xml
auto.tcl: Setting watchdog for 200 seconds at Mon Jul 09 01:37:16 UTC 2018
1 ms. Memory: 549376K Free: 529113K (96%)
ptolemy.util.test.WatchDog.cancel(): canceling Mon Jul 09 01:37:16 UTC 2018
auto.tcl: Setting watchdog for 200 seconds at Mon Jul 09 01:37:16 UTC 2018
2 ms. Memory: 549376K Free: 529113K (96%)
ptolemy.util.test.WatchDog.cancel(): canceling Mon Jul 09 01:37:16 UTC 2018
------------------ testing $PTII/ptolemy/domains/de/test/auto/ServerZeroDelay.xml
auto.tcl: Setting watchdog for 200 seconds at Mon Jul 09 01:37:16 UTC 2018
5 ms. Memory: 550400K Free: 535037K (97%)
ptolemy.util.test.WatchDog.cancel(): canceling Mon Jul 09 01:37:16 UTC 2018
auto.tcl: Setting watchdog for 200 seconds at Mon Jul 09 01:37:16 UTC 2018
3 ms. Memory: 550400K Free: 535037K (97%)
ptolemy.util.test.WatchDog.cancel(): canceling Mon Jul 09 01:37:16 UTC 2018
------------------ testing $PTII/ptolemy/domains/de/test/auto/SmartSender.xml
auto.tcl: Setting watchdog for 200 seconds at Mon Jul 09 01:37:16 UTC 2018
3001 ms. Memory: 549376K Free: 529329K (96%)
ptolemy.util.test.WatchDog.cancel(): canceling Mon Jul 09 01:37:19 UTC 2018
auto.tcl: Setting watchdog for 200 seconds at Mon Jul 09 01:37:19 UTC 2018
3003 ms. Memory: 549376K Free: 529329K (96%)
ptolemy.util.test.WatchDog.cancel(): canceling Mon Jul 09 01:37:22 UTC 2018
------------------ testing $PTII/ptolemy/domains/de/test/auto/ThreadedComposite.xml
auto.tcl: Setting watchdog for 200 seconds at Mon Jul 09 01:37:22 UTC 2018
184 ms. Memory: 550400K Free: 509921K (93%)
ptolemy.util.test.WatchDog.cancel(): canceling Mon Jul 09 01:37:22 UTC 2018
auto.tcl: Setting watchdog for 200 seconds at Mon Jul 09 01:37:22 UTC 2018
107 ms. Memory: 550400K Free: 495141K (90%)
ptolemy.util.test.WatchDog.cancel(): canceling Mon Jul 09 01:37:22 UTC 2018
------------------ testing $PTII/ptolemy/domains/de/test/auto/Time.xml
auto.tcl: Setting watchdog for 200 seconds at Mon Jul 09 01:37:22 UTC 2018
521 ms. Memory: 549376K Free: 477347K (87%)
ptolemy.util.test.WatchDog.cancel(): canceling Mon Jul 09 01:37:23 UTC 2018
auto.tcl: Setting watchdog for 200 seconds at Mon Jul 09 01:37:23 UTC 2018
478 ms. Memory: 549376K Free: 417726K (76%)
ptolemy.util.test.WatchDog.cancel(): canceling Mon Jul 09 01:37:23 UTC 2018
------------------ testing $PTII/ptolemy/domains/de/test/auto/TimeDelayZeroDelay.xml
auto.tcl: Setting watchdog for 200 seconds at Mon Jul 09 01:37:23 UTC 2018
2 ms. Memory: 550400K Free: 534724K (97%)
ptolemy.util.test.WatchDog.cancel(): canceling Mon Jul 09 01:37:23 UTC 2018
auto.tcl: Setting watchdog for 200 seconds at Mon Jul 09 01:37:23 UTC 2018
2 ms. Memory: 550400K Free: 534724K (97%)
ptolemy.util.test.WatchDog.cancel(): canceling Mon Jul 09 01:37:23 UTC 2018
------------------ testing $PTII/ptolemy/domains/de/test/auto/TimerZeroDelay.xml
auto.tcl: Setting watchdog for 200 seconds at Mon Jul 09 01:37:23 UTC 2018
3 ms. Memory: 549376K Free: 533974K (97%)
ptolemy.util.test.WatchDog.cancel(): canceling Mon Jul 09 01:37:23 UTC 2018
auto.tcl: Setting watchdog for 200 seconds at Mon Jul 09 01:37:23 UTC 2018
2 ms. Memory: 549376K Free: 533974K (97%)
ptolemy.util.test.WatchDog.cancel(): canceling Mon Jul 09 01:37:23 UTC 2018
------------------ testing $PTII/ptolemy/domains/de/test/auto/TimingParadox.xml
auto.tcl: Setting watchdog for 200 seconds at Mon Jul 09 01:37:23 UTC 2018
355 ms. Memory: 549888K Free: 464250K (84%)
ptolemy.util.test.WatchDog.cancel(): canceling Mon Jul 09 01:37:24 UTC 2018
auto.tcl: Setting watchdog for 200 seconds at Mon Jul 09 01:37:24 UTC 2018
334 ms. Memory: 549888K Free: 426309K (78%)
ptolemy.util.test.WatchDog.cancel(): canceling Mon Jul 09 01:37:24 UTC 2018
------------------ testing $PTII/ptolemy/domains/de/test/auto/TransferInputs.xml
auto.tcl: Setting watchdog for 200 seconds at Mon Jul 09 01:37:24 UTC 2018
2 ms. Memory: 549888K Free: 533390K (97%)
ptolemy.util.test.WatchDog.cancel(): canceling Mon Jul 09 01:37:24 UTC 2018
auto.tcl: Setting watchdog for 200 seconds at Mon Jul 09 01:37:24 UTC 2018
2 ms. Memory: 549888K Free: 533390K (97%)
ptolemy.util.test.WatchDog.cancel(): canceling Mon Jul 09 01:37:24 UTC 2018
------------------ testing $PTII/ptolemy/domains/de/test/auto/TransferOutputs2.xml
auto.tcl: Setting watchdog for 200 seconds at Mon Jul 09 01:37:24 UTC 2018
5 ms. Memory: 549376K Free: 523873K (95%)
ptolemy.util.test.WatchDog.cancel(): canceling Mon Jul 09 01:37:24 UTC 2018
auto.tcl: Setting watchdog for 200 seconds at Mon Jul 09 01:37:24 UTC 2018
3 ms. Memory: 549376K Free: 523873K (95%)
ptolemy.util.test.WatchDog.cancel(): canceling Mon Jul 09 01:37:24 UTC 2018
------------------ testing $PTII/ptolemy/domains/de/test/auto/Trilateration.xml
auto.tcl: Setting watchdog for 200 seconds at Mon Jul 09 01:37:24 UTC 2018
14460 ms. Memory: 766976K Free: 176686K (23%)
ptolemy.util.test.WatchDog.cancel(): canceling Mon Jul 09 01:37:40 UTC 2018
auto.tcl: Setting watchdog for 200 seconds at Mon Jul 09 01:37:40 UTC 2018
11814 ms. Memory: 623104K Free: 556181K (89%)
ptolemy.util.test.WatchDog.cancel(): canceling Mon Jul 09 01:37:52 UTC 2018
------------------ testing $PTII/ptolemy/domains/de/test/auto/TwoSigmaDelta.xml
auto.tcl: Setting watchdog for 200 seconds at Mon Jul 09 01:37:52 UTC 2018
2722 ms. Memory: 619520K Free: 314406K (51%)
ptolemy.util.test.WatchDog.cancel(): canceling Mon Jul 09 01:37:55 UTC 2018
auto.tcl: Setting watchdog for 200 seconds at Mon Jul 09 01:37:55 UTC 2018
2052 ms. Memory: 619520K Free: 89375K (14%)
ptolemy.util.test.WatchDog.cancel(): canceling Mon Jul 09 01:37:57 UTC 2018
------------------ testing $PTII/ptolemy/domains/de/test/auto/VariableDelay.xml
auto.tcl: Setting watchdog for 200 seconds at Mon Jul 09 01:37:57 UTC 2018
3 ms. Memory: 623104K Free: 598308K (96%)
ptolemy.util.test.WatchDog.cancel(): canceling Mon Jul 09 01:37:57 UTC 2018
auto.tcl: Setting watchdog for 200 seconds at Mon Jul 09 01:37:57 UTC 2018
2 ms. Memory: 623104K Free: 598308K (96%)
ptolemy.util.test.WatchDog.cancel(): canceling Mon Jul 09 01:37:57 UTC 2018
------------------ testing $PTII/ptolemy/domains/de/test/auto/VariableDelay2.xml
auto.tcl: Setting watchdog for 200 seconds at Mon Jul 09 01:37:57 UTC 2018
17 ms. Memory: 619520K Free: 600549K (97%)
ptolemy.util.test.WatchDog.cancel(): canceling Mon Jul 09 01:37:57 UTC 2018
auto.tcl: Setting watchdog for 200 seconds at Mon Jul 09 01:37:57 UTC 2018
3 ms. Memory: 619520K Free: 600549K (97%)
ptolemy.util.test.WatchDog.cancel(): canceling Mon Jul 09 01:37:57 UTC 2018
------------------ testing $PTII/ptolemy/domains/de/test/auto/VariableDelayZeroDelay.xml
auto.tcl: Setting watchdog for 200 seconds at Mon Jul 09 01:37:57 UTC 2018
2 ms. Memory: 622592K Free: 598240K (96%)
ptolemy.util.test.WatchDog.cancel(): canceling Mon Jul 09 01:37:57 UTC 2018
auto.tcl: Setting watchdog for 200 seconds at Mon Jul 09 01:37:57 UTC 2018
2 ms. Memory: 622592K Free: 598240K (96%)
ptolemy.util.test.WatchDog.cancel(): canceling Mon Jul 09 01:37:57 UTC 2018
------------------ testing $PTII/ptolemy/domains/de/test/auto/VariableDelayZeroDelay2.xml
auto.tcl: Setting watchdog for 200 seconds at Mon Jul 09 01:37:57 UTC 2018
2 ms. Memory: 619520K Free: 595166K (96%)
ptolemy.util.test.WatchDog.cancel(): canceling Mon Jul 09 01:37:57 UTC 2018
auto.tcl: Setting watchdog for 200 seconds at Mon Jul 09 01:37:57 UTC 2018
2 ms. Memory: 619520K Free: 595166K (96%)
ptolemy.util.test.WatchDog.cancel(): canceling Mon Jul 09 01:37:57 UTC 2018
------------------ testing $PTII/ptolemy/domains/de/test/auto/deInCt.xml
auto.tcl: Setting watchdog for 200 seconds at Mon Jul 09 01:37:57 UTC 2018
0
1
1
1
1
0
0
0
1
1
1
0
0
0
1
1
0
0
0
1
1
1
1
1
1
0
0
0
0
1
1
1
1
13 ms. Memory: 622080K Free: 597692K (96%)
ptolemy.util.test.WatchDog.cancel(): canceling Mon Jul 09 01:37:57 UTC 2018
auto.tcl: Setting watchdog for 200 seconds at Mon Jul 09 01:37:57 UTC 2018
0
1
1
1
0
0
0
0
1
1
1
0
0
0
1
1
1
0
0
0
1
1
0
0
0
0
0
0
0
1
1
0
0
0
1
1
1
1
10 ms. Memory: 622080K Free: 597692K (96%)
ptolemy.util.test.WatchDog.cancel(): canceling Mon Jul 09 01:37:57 UTC 2018
------------------ testing $PTII/ptolemy/domains/de/test/auto/deInCt2.xml
auto.tcl: Setting watchdog for 200 seconds at Mon Jul 09 01:37:57 UTC 2018
0
1
1
1
0
0
1
1
1
0
0
1
1
1
0
0
1
1
1
0
0
1
1
1
0
0
1
1
1
0
0
1
1
1
0
0
1
1
1
0
0
0
12 ms. Memory: 619520K Free: 595163K (96%)
ptolemy.util.test.WatchDog.cancel(): canceling Mon Jul 09 01:37:57 UTC 2018
auto.tcl: Setting watchdog for 200 seconds at Mon Jul 09 01:37:57 UTC 2018
0
1
1
1
0
0
1
1
1
0
0
1
1
1
0
0
1
1
1
0
0
1
1
1
0
0
1
1
1
0
0
1
1
1
0
0
1
1
1
0
0
0
6 ms. Memory: 619520K Free: 595163K (96%)
ptolemy.util.test.WatchDog.cancel(): canceling Mon Jul 09 01:37:57 UTC 2018
------------------ testing $PTII/ptolemy/domains/de/test/auto/dynamicCausalityInterface1.xml
auto.tcl: Setting watchdog for 200 seconds at Mon Jul 09 01:37:57 UTC 2018
2 ms. Memory: 621568K Free: 589034K (95%)
ptolemy.util.test.WatchDog.cancel(): canceling Mon Jul 09 01:37:57 UTC 2018
auto.tcl: Setting watchdog for 200 seconds at Mon Jul 09 01:37:57 UTC 2018
1 ms. Memory: 621568K Free: 589034K (95%)
ptolemy.util.test.WatchDog.cancel(): canceling Mon Jul 09 01:37:57 UTC 2018
------------------ testing $PTII/ptolemy/domains/de/test/auto/fsm_de_test.xml
auto.tcl: Setting watchdog for 200 seconds at Mon Jul 09 01:37:57 UTC 2018
7 ms. Memory: 619520K Free: 595054K (96%)
ptolemy.util.test.WatchDog.cancel(): canceling Mon Jul 09 01:37:57 UTC 2018
auto.tcl: Setting watchdog for 200 seconds at Mon Jul 09 01:37:57 UTC 2018
5 ms. Memory: 619520K Free: 586881K (95%)
ptolemy.util.test.WatchDog.cancel(): canceling Mon Jul 09 01:37:57 UTC 2018
------------------ testing $PTII/ptolemy/domains/de/test/auto/functionDependencyReconstruction.xml
auto.tcl: Setting watchdog for 200 seconds at Mon Jul 09 01:37:58 UTC 2018
2 ms. Memory: 621568K Free: 588919K (95%)
ptolemy.util.test.WatchDog.cancel(): canceling Mon Jul 09 01:37:58 UTC 2018
auto.tcl: Setting watchdog for 200 seconds at Mon Jul 09 01:37:58 UTC 2018
3 ms. Memory: 621568K Free: 580763K (93%)
ptolemy.util.test.WatchDog.cancel(): canceling Mon Jul 09 01:37:58 UTC 2018
------------------ testing $PTII/ptolemy/domains/de/test/auto/multirate.xml
auto.tcl: Setting watchdog for 200 seconds at Mon Jul 09 01:37:58 UTC 2018
6 ms. Memory: 619520K Free: 594921K (96%)
ptolemy.util.test.WatchDog.cancel(): canceling Mon Jul 09 01:37:58 UTC 2018
auto.tcl: Setting watchdog for 200 seconds at Mon Jul 09 01:37:58 UTC 2018
3 ms. Memory: 619520K Free: 594921K (96%)
ptolemy.util.test.WatchDog.cancel(): canceling Mon Jul 09 01:37:58 UTC 2018
------------------ testing $PTII/ptolemy/domains/de/test/auto/multirate2.xml
auto.tcl: Setting watchdog for 200 seconds at Mon Jul 09 01:37:58 UTC 2018
3 ms. Memory: 621056K Free: 596645K (96%)
ptolemy.util.test.WatchDog.cancel(): canceling Mon Jul 09 01:37:58 UTC 2018
auto.tcl: Setting watchdog for 200 seconds at Mon Jul 09 01:37:58 UTC 2018
2 ms. Memory: 621056K Free: 596645K (96%)
ptolemy.util.test.WatchDog.cancel(): canceling Mon Jul 09 01:37:58 UTC 2018
------------------ testing $PTII/ptolemy/domains/de/test/auto/realtime.xml
auto.tcl: Setting watchdog for 200 seconds at Mon Jul 09 01:37:58 UTC 2018
10001 ms. Memory: 619520K Free: 595077K (96%)
ptolemy.util.test.WatchDog.cancel(): canceling Mon Jul 09 01:38:08 UTC 2018
auto.tcl: Setting watchdog for 200 seconds at Mon Jul 09 01:38:08 UTC 2018
10002 ms. Memory: 619520K Free: 595077K (96%)
ptolemy.util.test.WatchDog.cancel(): canceling Mon Jul 09 01:38:18 UTC 2018
------------------ testing $PTII/ptolemy/domains/de/test/auto/relationGroup.xml
auto.tcl: Setting watchdog for 200 seconds at Mon Jul 09 01:38:18 UTC 2018
1 ms. Memory: 621056K Free: 596668K (96%)
ptolemy.util.test.WatchDog.cancel(): canceling Mon Jul 09 01:38:18 UTC 2018
auto.tcl: Setting watchdog for 200 seconds at Mon Jul 09 01:38:18 UTC 2018
1 ms. Memory: 621056K Free: 596668K (96%)
ptolemy.util.test.WatchDog.cancel(): canceling Mon Jul 09 01:38:18 UTC 2018
------------------ testing $PTII/ptolemy/domains/de/test/auto/relationGroup2.xml
auto.tcl: Setting watchdog for 200 seconds at Mon Jul 09 01:38:18 UTC 2018
1 ms. Memory: 619520K Free: 595159K (96%)
ptolemy.util.test.WatchDog.cancel(): canceling Mon Jul 09 01:38:18 UTC 2018
auto.tcl: Setting watchdog for 200 seconds at Mon Jul 09 01:38:18 UTC 2018
1 ms. Memory: 619520K Free: 595159K (96%)
ptolemy.util.test.WatchDog.cancel(): canceling Mon Jul 09 01:38:18 UTC 2018
------------------ testing $PTII/ptolemy/domains/de/test/auto/sortWithOpaquePorts.xml
auto.tcl: Setting watchdog for 200 seconds at Mon Jul 09 01:38:18 UTC 2018
2 ms. Memory: 620544K Free: 596184K (96%)
ptolemy.util.test.WatchDog.cancel(): canceling Mon Jul 09 01:38:18 UTC 2018
auto.tcl: Setting watchdog for 200 seconds at Mon Jul 09 01:38:18 UTC 2018
2 ms. Memory: 620544K Free: 596184K (96%)
ptolemy.util.test.WatchDog.cancel(): canceling Mon Jul 09 01:38:18 UTC 2018
------------------ testing $PTII/ptolemy/domains/de/test/auto/transferInputsandOutputs.xml
auto.tcl: Setting watchdog for 200 seconds at Mon Jul 09 01:38:18 UTC 2018
3 ms. Memory: 619520K Free: 595147K (96%)
ptolemy.util.test.WatchDog.cancel(): canceling Mon Jul 09 01:38:18 UTC 2018
auto.tcl: Setting watchdog for 200 seconds at Mon Jul 09 01:38:18 UTC 2018
2 ms. Memory: 619520K Free: 595147K (96%)
ptolemy.util.test.WatchDog.cancel(): canceling Mon Jul 09 01:38:18 UTC 2018
------------------ testing $PTII/ptolemy/domains/de/test/auto/triggerType.xml
auto.tcl: Setting watchdog for 200 seconds at Mon Jul 09 01:38:18 UTC 2018
1 ms. Memory: 620544K Free: 596123K (96%)
ptolemy.util.test.WatchDog.cancel(): canceling Mon Jul 09 01:38:18 UTC 2018
auto.tcl: Setting watchdog for 200 seconds at Mon Jul 09 01:38:18 UTC 2018
1 ms. Memory: 620544K Free: 596123K (96%)
ptolemy.util.test.WatchDog.cancel(): canceling Mon Jul 09 01:38:18 UTC 2018
07/09/18 01:38:18
Failed: 0  Total Tests: 192  ((Passed: 187, Newly Passed: 1)  Known Failed: 5) /home/travis/build/icyphy/ptII/ptolemy/domains/de/test
07/09/18 01:38:18
Failed: 0  Total Tests: 192  ((Passed: 187, Newly Passed: 1)  Known Failed: 5) /home/travis/build/icyphy/ptII/ptolemy/domains/de/test
----------------- testing (KnownFailure) /home/travis/build/icyphy/ptII/ptolemy/domains/de/test/auto/knownFailedTests/DESDFClockTest.xml
2010 ms. Memory: 619520K Free: 584389K (94%)
Known Failure: java.lang.reflect.InvocationTargetException
----------------- testing (KnownFailure) /home/travis/build/icyphy/ptII/ptolemy/domains/de/test/auto/knownFailedTests/DirectFeedback.xml
1 ms. Memory: 619520K Free: 541310K (87%)
Known Failure: java.lang.reflect.InvocationTargetException
----------------- testing (KnownFailure) /home/travis/build/icyphy/ptII/ptolemy/domains/de/test/auto/knownFailedTests/FSMSource.xml
11 ms. Memory: 619520K Free: 498260K (80%)
----------------- testing (KnownFailure) /home/travis/build/icyphy/ptII/ptolemy/domains/de/test/auto/knownFailedTests/HierarchicalModel.xml
3 ms. Memory: 619520K Free: 465958K (75%)
Known Failure: java.lang.reflect.InvocationTargetException
----------------- testing (KnownFailure) /home/travis/build/icyphy/ptII/ptolemy/domains/de/test/auto/knownFailedTests/dependencyLoop.xml
2 ms. Memory: 619520K Free: 412138K (67%)
Known Failure: java.lang.reflect.InvocationTargetException
----------------- testing (KnownFailure) /home/travis/build/icyphy/ptII/ptolemy/domains/de/test/auto/knownFailedTests/dependencyLoop2.xml
3 ms. Memory: 619520K Free: 358311K (58%)
Known Failure: java.lang.reflect.InvocationTargetException
No auto/linux-amd64/*.xml tests in /home/travis/build/icyphy/ptII/ptolemy/domains/de/test
AutoTests.java: About to close Vertx.
AutoTests.java: Vertx closed.

===========================================================================================
----------------- testing Mon Jul 09 01:38:20 UTC 2018 /home/travis/build/icyphy/ptII/ptolemy/domains/de/test/auto/ActorDepthCalculation_actorWithoutPorts.xml
----------------- Instantiating /home/travis/build/icyphy/ptII/ptolemy/domains/de/test/auto/ActorDepthCalculation_actorWithoutPorts.xml
1 ms. Memory: 619520K Free: 304499K (49%)
----------------- Invoking toplevel() on ptolemy.moml.MoMLSimpleApplication@153f8736
----------------- Done invoking toplevel() on ptolemy.moml.MoMLSimpleApplication@153f8736
reloadAllAccessors: .ActorDepthCalculation_actorWithoutPorts

===========================================================================================
----------------- testing Mon Jul 09 01:38:20 UTC 2018 /home/travis/build/icyphy/ptII/ptolemy/domains/de/test/auto/AssemblyLine.xml
----------------- Instantiating /home/travis/build/icyphy/ptII/ptolemy/domains/de/test/auto/AssemblyLine.xml
1 ms. Memory: 619520K Free: 282975K (46%)
----------------- Invoking toplevel() on ptolemy.moml.MoMLSimpleApplication@6d2d3c6d
----------------- Done invoking toplevel() on ptolemy.moml.MoMLSimpleApplication@6d2d3c6d
reloadAllAccessors: .AssemblyLine

===========================================================================================
----------------- testing Mon Jul 09 01:38:20 UTC 2018 /home/travis/build/icyphy/ptII/ptolemy/domains/de/test/auto/CQBug1.xml
----------------- Instantiating /home/travis/build/icyphy/ptII/ptolemy/domains/de/test/auto/CQBug1.xml
1 ms. Memory: 619520K Free: 261450K (42%)
----------------- Invoking toplevel() on ptolemy.moml.MoMLSimpleApplication@2206f090
----------------- Done invoking toplevel() on ptolemy.moml.MoMLSimpleApplication@2206f090
reloadAllAccessors: .CQBug1

===========================================================================================
----------------- testing Mon Jul 09 01:38:20 UTC 2018 /home/travis/build/icyphy/ptII/ptolemy/domains/de/test/auto/CancelFireAt.xml
----------------- Instantiating /home/travis/build/icyphy/ptII/ptolemy/domains/de/test/auto/CancelFireAt.xml
1 ms. Memory: 619520K Free: 239926K (39%)
----------------- Invoking toplevel() on ptolemy.moml.MoMLSimpleApplication@30533212
----------------- Done invoking toplevel() on ptolemy.moml.MoMLSimpleApplication@30533212
reloadAllAccessors: .CancelFireAt

===========================================================================================
----------------- testing Mon Jul 09 01:38:20 UTC 2018 /home/travis/build/icyphy/ptII/ptolemy/domains/de/test/auto/CausalityAndComposabilityAnalysis.xml
----------------- Instantiating /home/travis/build/icyphy/ptII/ptolemy/domains/de/test/auto/CausalityAndComposabilityAnalysis.xml
2 ms. Memory: 619520K Free: 218401K (35%)
----------------- Invoking toplevel() on ptolemy.moml.MoMLSimpleApplication@2589f528
----------------- Done invoking toplevel() on ptolemy.moml.MoMLSimpleApplication@2589f528
reloadAllAccessors: .CausalityAndComposabilityAnalysis

===========================================================================================
----------------- testing Mon Jul 09 01:38:20 UTC 2018 /home/travis/build/icyphy/ptII/ptolemy/domains/de/test/auto/CausalityInterface1.xml
----------------- Instantiating /home/travis/build/icyphy/ptII/ptolemy/domains/de/test/auto/CausalityInterface1.xml
3 ms. Memory: 619520K Free: 196877K (32%)
----------------- Invoking toplevel() on ptolemy.moml.MoMLSimpleApplication@300ff4fb
----------------- Done invoking toplevel() on ptolemy.moml.MoMLSimpleApplication@300ff4fb
reloadAllAccessors: .CausalityInterface1

===========================================================================================
----------------- testing Mon Jul 09 01:38:20 UTC 2018 /home/travis/build/icyphy/ptII/ptolemy/domains/de/test/auto/CausalityInterface15.xml
----------------- Instantiating /home/travis/build/icyphy/ptII/ptolemy/domains/de/test/auto/CausalityInterface15.xml
1 ms. Memory: 619520K Free: 175352K (28%)
----------------- Invoking toplevel() on ptolemy.moml.MoMLSimpleApplication@45196892
----------------- Done invoking toplevel() on ptolemy.moml.MoMLSimpleApplication@45196892
reloadAllAccessors: .CausalityInterface15

[...]
java.lang.RuntimeException: Execution failed
	at ptolemy.moml.MoMLSimpleApplication$UnloadThread.run(MoMLSimpleApplication.java:402)
Caused by: ptolemy.kernel.util.IllegalActionException: Test fails in iteration 1.
Value was: 1.0. Should have been: 2.0
  in .DirectFeedback.Test
	at ptolemy.actor.lib.Test.fire(Test.java:268)
	at ptolemy.domains.de.kernel.DEDirector._fire(DEDirector.java:1949)
	at ptolemy.domains.de.kernel.DEDirector.fire(DEDirector.java:502)
	at ptolemy.actor.CompositeActor.fire(CompositeActor.java:455)
	at ptolemy.actor.Manager.iterate(Manager.java:851)
	at ptolemy.actor.Manager.execute(Manager.java:369)
	at ptolemy.actor.Manager.run(Manager.java:1263)
	at ptolemy.actor.Manager$PtolemyRunThread.run(Manager.java:1915)
java.lang.RuntimeException: Execution failed
	at ptolemy.moml.MoMLSimpleApplication$UnloadThread.run(MoMLSimpleApplication.java:402)
Caused by: ptolemy.kernel.util.IllegalActionException: Actor is not ready to fire.  Perhaps UpSample.prefire() returned false? Try debugging the actor by selecting "Listen to Actor".  Also, for SDF check moml for tokenConsumptionRate on input.
  in .DESDFClockTest.Play Bell.Copy1:SDF Director and .DESDFClockTest.Play Bell.UpSample
	at ptolemy.actor.sched.StaticSchedulingDirector.fire(StaticSchedulingDirector.java:227)
	at ptolemy.domains.sdf.kernel.SDFDirector.fire(SDFDirector.java:500)
	at ptolemy.actor.CompositeActor.fire(CompositeActor.java:455)
	at ptolemy.domains.de.kernel.DEDirector._fire(DEDirector.java:1949)
	at ptolemy.domains.de.kernel.DEDirector.fire(DEDirector.java:502)
	at ptolemy.actor.CompositeActor.fire(CompositeActor.java:455)
	at ptolemy.actor.Manager.iterate(Manager.java:851)
	at ptolemy.actor.Manager.execute(Manager.java:369)
	at ptolemy.actor.Manager.run(Manager.java:1263)
	at ptolemy.actor.Manager$PtolemyRunThread.run(Manager.java:1915)
java.lang.reflect.InvocationTargetException
	at sun.reflect.NativeConstructorAccessorImpl.newInstance0(Native Method)
	at sun.reflect.NativeConstructorAccessorImpl.newInstance(NativeConstructorAccessorImpl.java:62)
	at sun.reflect.DelegatingConstructorAccessorImpl.newInstance(DelegatingConstructorAccessorImpl.java:45)
	at java.lang.reflect.Constructor.newInstance(Constructor.java:423)
	at ptolemy.util.test.junit.AutoKnownFailedTests.RunModel(AutoKnownFailedTests.java:107)
	at sun.reflect.NativeMethodAccessorImpl.invoke0(Native Method)
	at sun.reflect.NativeMethodAccessorImpl.invoke(NativeMethodAccessorImpl.java:62)
	at sun.reflect.DelegatingMethodAccessorImpl.invoke(DelegatingMethodAccessorImpl.java:43)
	at java.lang.reflect.Method.invoke(Method.java:498)
	at org.junit.runners.model.FrameworkMethod$1.runReflectiveCall(FrameworkMethod.java:44)
	at org.junit.internal.runners.model.ReflectiveCallable.run(ReflectiveCallable.java:15)
	at org.junit.runners.model.FrameworkMethod.invokeExplosively(FrameworkMethod.java:41)
	at junitparams.internal.InvokeParameterisedMethod.evaluate(InvokeParameterisedMethod.java:102)
	at org.junit.internal.runners.statements.FailOnTimeout$1.run(FailOnTimeout.java:28)
Caused by: ptolemy.kernel.util.IllegalActionException: Actor is not ready to fire.  Perhaps UpSample.prefire() returned false? Try debugging the actor by selecting "Listen to Actor".  Also, for SDF check moml for tokenConsumptionRate on input.
  in .DESDFClockTest.Play Bell.Copy1:SDF Director and .DESDFClockTest.Play Bell.UpSample
	at ptolemy.actor.sched.StaticSchedulingDirector.fire(StaticSchedulingDirector.java:227)
	at ptolemy.domains.sdf.kernel.SDFDirector.fire(SDFDirector.java:500)
	at ptolemy.actor.CompositeActor.fire(CompositeActor.java:455)
	at ptolemy.domains.de.kernel.DEDirector._fire(DEDirector.java:1949)
	at ptolemy.domains.de.kernel.DEDirector.fire(DEDirector.java:502)
	at ptolemy.actor.CompositeActor.fire(CompositeActor.java:455)
	at ptolemy.actor.Manager.iterate(Manager.java:851)
	at ptolemy.actor.Manager.execute(Manager.java:369)
	at ptolemy.actor.Manager.run(Manager.java:1263)
	at ptolemy.actor.Manager$PtolemyRunThread.run(Manager.java:1915)
java.lang.RuntimeException: Execution failed
	at ptolemy.moml.MoMLSimpleApplication$UnloadThread.run(MoMLSimpleApplication.java:402)
Caused by: ptolemy.kernel.util.IllegalActionException: Test fails in iteration 1.
Value was: 1.0. Should have been: 2.0
  in .DirectFeedback.Test
	at ptolemy.actor.lib.Test.fire(Test.java:268)
	at ptolemy.domains.de.kernel.DEDirector._fire(DEDirector.java:1949)
	at ptolemy.domains.de.kernel.DEDirector.fire(DEDirector.java:502)
	at ptolemy.actor.CompositeActor.fire(CompositeActor.java:455)
	at ptolemy.actor.Manager.iterate(Manager.java:851)
	at ptolemy.actor.Manager.execute(Manager.java:369)
	at ptolemy.actor.Manager.run(Manager.java:1263)
	at ptolemy.actor.Manager$PtolemyRunThread.run(Manager.java:1915)
java.lang.reflect.InvocationTargetException
	at sun.reflect.NativeConstructorAccessorImpl.newInstance0(Native Method)
	at sun.reflect.NativeConstructorAccessorImpl.newInstance(NativeConstructorAccessorImpl.java:62)
	at sun.reflect.DelegatingConstructorAccessorImpl.newInstance(DelegatingConstructorAccessorImpl.java:45)
	at java.lang.reflect.Constructor.newInstance(Constructor.java:423)
	at ptolemy.util.test.junit.AutoKnownFailedTests.RunModel(AutoKnownFailedTests.java:107)
	at sun.reflect.NativeMethodAccessorImpl.invoke0(Native Method)
	at sun.reflect.NativeMethodAccessorImpl.invoke(NativeMethodAccessorImpl.java:62)
	at sun.reflect.DelegatingMethodAccessorImpl.invoke(DelegatingMethodAccessorImpl.java:43)
	at java.lang.reflect.Method.invoke(Method.java:498)
	at org.junit.runners.model.FrameworkMethod$1.runReflectiveCall(FrameworkMethod.java:44)
	at org.junit.internal.runners.model.ReflectiveCallable.run(ReflectiveCallable.java:15)
	at org.junit.runners.model.FrameworkMethod.invokeExplosively(FrameworkMethod.java:41)
	at junitparams.internal.InvokeParameterisedMethod.evaluate(InvokeParameterisedMethod.java:102)
	at org.junit.internal.runners.statements.FailOnTimeout$1.run(FailOnTimeout.java:28)
Caused by: ptolemy.kernel.util.IllegalActionException: Test fails in iteration 1.
Value was: 1.0. Should have been: 2.0
  in .DirectFeedback.Test
	at ptolemy.actor.lib.Test.fire(Test.java:268)
	at ptolemy.domains.de.kernel.DEDirector._fire(DEDirector.java:1949)
	at ptolemy.domains.de.kernel.DEDirector.fire(DEDirector.java:502)
	at ptolemy.actor.CompositeActor.fire(CompositeActor.java:455)
	at ptolemy.actor.Manager.iterate(Manager.java:851)
	at ptolemy.actor.Manager.execute(Manager.java:369)
	at ptolemy.actor.Manager.run(Manager.java:1263)
	at ptolemy.actor.Manager$PtolemyRunThread.run(Manager.java:1915)
java.lang.RuntimeException: Execution failed
	at ptolemy.moml.MoMLSimpleApplication$UnloadThread.run(MoMLSimpleApplication.java:402)
Caused by: ptolemy.kernel.util.IllegalActionException: Found a zero delay loop containing .HierarchicalModel.A
  in .HierarchicalModel and .HierarchicalModel.A
	at ptolemy.actor.util.CausalityInterfaceForComposites._computeOutputPortDepth(CausalityInterfaceForComposites.java:759)
	at ptolemy.actor.util.CausalityInterfaceForComposites._computeInputDepth(CausalityInterfaceForComposites.java:696)
	at ptolemy.actor.util.CausalityInterfaceForComposites._computeOutputPortDepth(CausalityInterfaceForComposites.java:765)
	at ptolemy.actor.util.CausalityInterfaceForComposites._computeInputDepth(CausalityInterfaceForComposites.java:696)
	at ptolemy.actor.util.CausalityInterfaceForComposites._computeOutputPortDepth(CausalityInterfaceForComposites.java:765)
	at ptolemy.actor.util.CausalityInterfaceForComposites._computeInputDepth(CausalityInterfaceForComposites.java:696)
	at ptolemy.actor.util.CausalityInterfaceForComposites._computeActorDepth(CausalityInterfaceForComposites.java:532)
	at ptolemy.actor.util.CausalityInterfaceForComposites.checkForCycles(CausalityInterfaceForComposites.java:96)
	at ptolemy.domains.de.kernel.DEDirector.preinitialize(DEDirector.java:1338)
	at ptolemy.actor.CompositeActor.preinitialize(CompositeActor.java:1828)
	at ptolemy.actor.Manager.preinitializeAndResolveTypes(Manager.java:1040)
	at ptolemy.actor.Manager.initialize(Manager.java:710)
	at ptolemy.actor.Manager.execute(Manager.java:356)
	at ptolemy.actor.Manager.run(Manager.java:1263)
	at ptolemy.actor.Manager$PtolemyRunThread.run(Manager.java:1915)
java.lang.reflect.InvocationTargetException
	at sun.reflect.NativeConstructorAccessorImpl.newInstance0(Native Method)
	at sun.reflect.NativeConstructorAccessorImpl.newInstance(NativeConstructorAccessorImpl.java:62)
	at sun.reflect.DelegatingConstructorAccessorImpl.newInstance(DelegatingConstructorAccessorImpl.java:45)
	at java.lang.reflect.Constructor.newInstance(Constructor.java:423)
	at ptolemy.util.test.junit.AutoKnownFailedTests.RunModel(AutoKnownFailedTests.java:107)
	at sun.reflect.NativeMethodAccessorImpl.invoke0(Native Method)
	at sun.reflect.NativeMethodAccessorImpl.invoke(NativeMethodAccessorImpl.java:62)
	at sun.reflect.DelegatingMethodAccessorImpl.invoke(DelegatingMethodAccessorImpl.java:43)
	at java.lang.reflect.Method.invoke(Method.java:498)
	at org.junit.runners.model.FrameworkMethod$1.runReflectiveCall(FrameworkMethod.java:44)
	at org.junit.internal.runners.model.ReflectiveCallable.run(ReflectiveCallable.java:15)
	at org.junit.runners.model.FrameworkMethod.invokeExplosively(FrameworkMethod.java:41)
	at junitparams.internal.InvokeParameterisedMethod.evaluate(InvokeParameterisedMethod.java:102)
	at org.junit.internal.runners.statements.FailOnTimeout$1.run(FailOnTimeout.java:28)
Caused by: ptolemy.kernel.util.IllegalActionException: Found a zero delay loop containing .HierarchicalModel.A
  in .HierarchicalModel and .HierarchicalModel.A
	at ptolemy.actor.util.CausalityInterfaceForComposites._computeOutputPortDepth(CausalityInterfaceForComposites.java:759)
	at ptolemy.actor.util.CausalityInterfaceForComposites._computeInputDepth(CausalityInterfaceForComposites.java:696)
	at ptolemy.actor.util.CausalityInterfaceForComposites._computeOutputPortDepth(CausalityInterfaceForComposites.java:765)
	at ptolemy.actor.util.CausalityInterfaceForComposites._computeInputDepth(CausalityInterfaceForComposites.java:696)
	at ptolemy.actor.util.CausalityInterfaceForComposites._computeOutputPortDepth(CausalityInterfaceForComposites.java:765)
	at ptolemy.actor.util.CausalityInterfaceForComposites._computeInputDepth(CausalityInterfaceForComposites.java:696)
	at ptolemy.actor.util.CausalityInterfaceForComposites._computeActorDepth(CausalityInterfaceForComposites.java:532)
	at ptolemy.actor.util.CausalityInterfaceForComposites.checkForCycles(CausalityInterfaceForComposites.java:96)
	at ptolemy.domains.de.kernel.DEDirector.preinitialize(DEDirector.java:1338)
	at ptolemy.actor.CompositeActor.preinitialize(CompositeActor.java:1828)
	at ptolemy.actor.Manager.preinitializeAndResolveTypes(Manager.java:1040)
	at ptolemy.actor.Manager.initialize(Manager.java:710)
	at ptolemy.actor.Manager.execute(Manager.java:356)
	at ptolemy.actor.Manager.run(Manager.java:1263)
	at ptolemy.actor.Manager$PtolemyRunThread.run(Manager.java:1915)
java.lang.RuntimeException: Execution failed
	at ptolemy.moml.MoMLSimpleApplication$UnloadThread.run(MoMLSimpleApplication.java:402)
Caused by: ptolemy.kernel.util.IllegalActionException: Found a zero delay loop containing .dependencyLoop.original
  in .dependencyLoop and .dependencyLoop.original
	at ptolemy.actor.util.CausalityInterfaceForComposites._computeOutputPortDepth(CausalityInterfaceForComposites.java:759)
	at ptolemy.actor.util.CausalityInterfaceForComposites._computeInputDepth(CausalityInterfaceForComposites.java:696)
	at ptolemy.actor.util.CausalityInterfaceForComposites._computeOutputPortDepth(CausalityInterfaceForComposites.java:765)
	at ptolemy.actor.util.CausalityInterfaceForComposites._computeInputDepth(CausalityInterfaceForComposites.java:696)
	at ptolemy.actor.util.CausalityInterfaceForComposites._computeOutputPortDepth(CausalityInterfaceForComposites.java:765)
	at ptolemy.actor.util.CausalityInterfaceForComposites._computeInputDepth(CausalityInterfaceForComposites.java:696)
	at ptolemy.actor.util.CausalityInterfaceForComposites._computeActorDepth(CausalityInterfaceForComposites.java:532)
	at ptolemy.actor.util.CausalityInterfaceForComposites.checkForCycles(CausalityInterfaceForComposites.java:96)
	at ptolemy.domains.de.kernel.DEDirector.preinitialize(DEDirector.java:1338)
	at ptolemy.actor.CompositeActor.preinitialize(CompositeActor.java:1828)
	at ptolemy.actor.Manager.preinitializeAndResolveTypes(Manager.java:1040)
	at ptolemy.actor.Manager.initialize(Manager.java:710)
	at ptolemy.actor.Manager.execute(Manager.java:356)
	at ptolemy.actor.Manager.run(Manager.java:1263)
	at ptolemy.actor.Manager$PtolemyRunThread.run(Manager.java:1915)
java.lang.reflect.InvocationTargetException
	at sun.reflect.NativeConstructorAccessorImpl.newInstance0(Native Method)
	at sun.reflect.NativeConstructorAccessorImpl.newInstance(NativeConstructorAccessorImpl.java:62)
	at sun.reflect.DelegatingConstructorAccessorImpl.newInstance(DelegatingConstructorAccessorImpl.java:45)
	at java.lang.reflect.Constructor.newInstance(Constructor.java:423)
	at ptolemy.util.test.junit.AutoKnownFailedTests.RunModel(AutoKnownFailedTests.java:107)
	at sun.reflect.NativeMethodAccessorImpl.invoke0(Native Method)
	at sun.reflect.NativeMethodAccessorImpl.invoke(NativeMethodAccessorImpl.java:62)
	at sun.reflect.DelegatingMethodAccessorImpl.invoke(DelegatingMethodAccessorImpl.java:43)
	at java.lang.reflect.Method.invoke(Method.java:498)
	at org.junit.runners.model.FrameworkMethod$1.runReflectiveCall(FrameworkMethod.java:44)
	at org.junit.internal.runners.model.ReflectiveCallable.run(ReflectiveCallable.java:15)
	at org.junit.runners.model.FrameworkMethod.invokeExplosively(FrameworkMethod.java:41)
	at junitparams.internal.InvokeParameterisedMethod.evaluate(InvokeParameterisedMethod.java:102)
	at org.junit.internal.runners.statements.FailOnTimeout$1.run(FailOnTimeout.java:28)
Caused by: ptolemy.kernel.util.IllegalActionException: Found a zero delay loop containing .dependencyLoop.original
  in .dependencyLoop and .dependencyLoop.original
	at ptolemy.actor.util.CausalityInterfaceForComposites._computeOutputPortDepth(CausalityInterfaceForComposites.java:759)
	at ptolemy.actor.util.CausalityInterfaceForComposites._computeInputDepth(CausalityInterfaceForComposites.java:696)
	at ptolemy.actor.util.CausalityInterfaceForComposites._computeOutputPortDepth(CausalityInterfaceForComposites.java:765)
	at ptolemy.actor.util.CausalityInterfaceForComposites._computeInputDepth(CausalityInterfaceForComposites.java:696)
	at ptolemy.actor.util.CausalityInterfaceForComposites._computeOutputPortDepth(CausalityInterfaceForComposites.java:765)
	at ptolemy.actor.util.CausalityInterfaceForComposites._computeInputDepth(CausalityInterfaceForComposites.java:696)
	at ptolemy.actor.util.CausalityInterfaceForComposites._computeActorDepth(CausalityInterfaceForComposites.java:532)
	at ptolemy.actor.util.CausalityInterfaceForComposites.checkForCycles(CausalityInterfaceForComposites.java:96)
	at ptolemy.domains.de.kernel.DEDirector.preinitialize(DEDirector.java:1338)
	at ptolemy.actor.CompositeActor.preinitialize(CompositeActor.java:1828)
	at ptolemy.actor.Manager.preinitializeAndResolveTypes(Manager.java:1040)
	at ptolemy.actor.Manager.initialize(Manager.java:710)
	at ptolemy.actor.Manager.execute(Manager.java:356)
	at ptolemy.actor.Manager.run(Manager.java:1263)
	at ptolemy.actor.Manager$PtolemyRunThread.run(Manager.java:1915)
java.lang.RuntimeException: Execution failed
	at ptolemy.moml.MoMLSimpleApplication$UnloadThread.run(MoMLSimpleApplication.java:402)
Caused by: ptolemy.kernel.util.IllegalActionException: Found a zero delay loop containing .dependencyLoop2.original
  in .dependencyLoop2 and .dependencyLoop2.original
	at ptolemy.actor.util.CausalityInterfaceForComposites._computeOutputPortDepth(CausalityInterfaceForComposites.java:759)
	at ptolemy.actor.util.CausalityInterfaceForComposites._computeInputDepth(CausalityInterfaceForComposites.java:696)
	at ptolemy.actor.util.CausalityInterfaceForComposites._computeOutputPortDepth(CausalityInterfaceForComposites.java:765)
	at ptolemy.actor.util.CausalityInterfaceForComposites._computeInputDepth(CausalityInterfaceForComposites.java:696)
	at ptolemy.actor.util.CausalityInterfaceForComposites._computeOutputPortDepth(CausalityInterfaceForComposites.java:765)
	at ptolemy.actor.util.CausalityInterfaceForComposites._computeInputDepth(CausalityInterfaceForComposites.java:696)
	at ptolemy.actor.util.CausalityInterfaceForComposites._computeActorDepth(CausalityInterfaceForComposites.java:532)
	at ptolemy.actor.util.CausalityInterfaceForComposites.checkForCycles(CausalityInterfaceForComposites.java:96)
	at ptolemy.domains.de.kernel.DEDirector.preinitialize(DEDirector.java:1338)
	at ptolemy.actor.CompositeActor.preinitialize(CompositeActor.java:1828)
	at ptolemy.actor.Manager.preinitializeAndResolveTypes(Manager.java:1040)
	at ptolemy.actor.Manager.initialize(Manager.java:710)
	at ptolemy.actor.Manager.execute(Manager.java:356)
	at ptolemy.actor.Manager.run(Manager.java:1263)
	at ptolemy.actor.Manager$PtolemyRunThread.run(Manager.java:1915)
java.lang.reflect.InvocationTargetException
	at sun.reflect.NativeConstructorAccessorImpl.newInstance0(Native Method)
	at sun.reflect.NativeConstructorAccessorImpl.newInstance(NativeConstructorAccessorImpl.java:62)
	at sun.reflect.DelegatingConstructorAccessorImpl.newInstance(DelegatingConstructorAccessorImpl.java:45)
	at java.lang.reflect.Constructor.newInstance(Constructor.java:423)
	at ptolemy.util.test.junit.AutoKnownFailedTests.RunModel(AutoKnownFailedTests.java:107)
	at sun.reflect.NativeMethodAccessorImpl.invoke0(Native Method)
	at sun.reflect.NativeMethodAccessorImpl.invoke(NativeMethodAccessorImpl.java:62)
	at sun.reflect.DelegatingMethodAccessorImpl.invoke(DelegatingMethodAccessorImpl.java:43)
	at java.lang.reflect.Method.invoke(Method.java:498)
	at org.junit.runners.model.FrameworkMethod$1.runReflectiveCall(FrameworkMethod.java:44)
	at org.junit.internal.runners.model.ReflectiveCallable.run(ReflectiveCallable.java:15)
	at org.junit.runners.model.FrameworkMethod.invokeExplosively(FrameworkMethod.java:41)
	at junitparams.internal.InvokeParameterisedMethod.evaluate(InvokeParameterisedMethod.java:102)
	at org.junit.internal.runners.statements.FailOnTimeout$1.run(FailOnTimeout.java:28)
Caused by: ptolemy.kernel.util.IllegalActionException: Found a zero delay loop containing .dependencyLoop2.original
  in .dependencyLoop2 and .dependencyLoop2.original
	at ptolemy.actor.util.CausalityInterfaceForComposites._computeOutputPortDepth(CausalityInterfaceForComposites.java:759)
	at ptolemy.actor.util.CausalityInterfaceForComposites._computeInputDepth(CausalityInterfaceForComposites.java:696)
	at ptolemy.actor.util.CausalityInterfaceForComposites._computeOutputPortDepth(CausalityInterfaceForComposites.java:765)
	at ptolemy.actor.util.CausalityInterfaceForComposites._computeInputDepth(CausalityInterfaceForComposites.java:696)
	at ptolemy.actor.util.CausalityInterfaceForComposites._computeOutputPortDepth(CausalityInterfaceForComposites.java:765)
	at ptolemy.actor.util.CausalityInterfaceForComposites._computeInputDepth(CausalityInterfaceForComposites.java:696)
	at ptolemy.actor.util.CausalityInterfaceForComposites._computeActorDepth(CausalityInterfaceForComposites.java:532)
	at ptolemy.actor.util.CausalityInterfaceForComposites.checkForCycles(CausalityInterfaceForComposites.java:96)
	at ptolemy.domains.de.kernel.DEDirector.preinitialize(DEDirector.java:1338)
	at ptolemy.actor.CompositeActor.preinitialize(CompositeActor.java:1828)
	at ptolemy.actor.Manager.preinitializeAndResolveTypes(Manager.java:1040)
	at ptolemy.actor.Manager.initialize(Manager.java:710)
	at ptolemy.actor.Manager.execute(Manager.java:356)
	at ptolemy.actor.Manager.run(Manager.java:1263)
	at ptolemy.actor.Manager$PtolemyRunThread.run(Manager.java:1915)
]]></system-err>
</testsuite>
