<?xml version="1.0" encoding="UTF-8" ?>
<testsuite errors="0" failures="0" hostname="travis-job-c6a16830-67f5-461d-8f24-9c9e0eeadd5a" name="ptolemy.domains.de.test.junit.JUnitTclTest" skipped="0" tests="101" time="120.912" timestamp="2020-08-29T15:34:18">
  <properties>
[...]
</properties>
  <testcase classname="ptolemy.util.test.junit.TclTests" name="[0] /home/travis/build/icyphy/ptII/ptolemy/domains/de/test/DependencyLoop.tcl (RunTclFile)" time="1.013" />
  <testcase classname="ptolemy.util.test.junit.TclTests" name="[1] /home/travis/build/icyphy/ptII/ptolemy/domains/de/test/RunDETestsAsQSS.tcl (RunTclFile)" time="81.666" />
  <testcase classname="ptolemy.util.test.junit.AutoKnownFailedTests" name="[0] /home/travis/build/icyphy/ptII/ptolemy/domains/de/test/auto/knownFailedTests/DESDFClockTest.xml (RunModel)" time="2.04" />
  <testcase classname="ptolemy.util.test.junit.AutoKnownFailedTests" name="[1] /home/travis/build/icyphy/ptII/ptolemy/domains/de/test/auto/knownFailedTests/DirectFeedback.xml (RunModel)" time="0.021" />
  <testcase classname="ptolemy.util.test.junit.AutoKnownFailedTests" name="[2] /home/travis/build/icyphy/ptII/ptolemy/domains/de/test/auto/knownFailedTests/FSMSource.xml (RunModel)" time="0.021" />
  <testcase classname="ptolemy.util.test.junit.AutoKnownFailedTests" name="[3] /home/travis/build/icyphy/ptII/ptolemy/domains/de/test/auto/knownFailedTests/HierarchicalModel.xml (RunModel)" time="0.04" />
  <testcase classname="ptolemy.util.test.junit.AutoKnownFailedTests" name="[4] /home/travis/build/icyphy/ptII/ptolemy/domains/de/test/auto/knownFailedTests/dependencyLoop.xml (RunModel)" time="0.029" />
  <testcase classname="ptolemy.util.test.junit.AutoKnownFailedTests" name="[5] /home/travis/build/icyphy/ptII/ptolemy/domains/de/test/auto/knownFailedTests/dependencyLoop2.xml (RunModel)" time="0.04" />
  <testcase classname="ptolemy.util.test.junit.AutoNameArchTests" name="[0] ThereAreNoAutoArchTests (RunModel)" time="0.004" />
  <testcase classname="ptolemy.util.test.junit.AutoTests" name="[0] /home/travis/build/icyphy/ptII/ptolemy/domains/de/test/auto/ActorDepthCalculation_actorWithoutPorts.xml (RunModel)" time="0.015" />
  <testcase classname="ptolemy.util.test.junit.AutoTests" name="[1] /home/travis/build/icyphy/ptII/ptolemy/domains/de/test/auto/AssemblyLine.xml (RunModel)" time="0.015" />
  <testcase classname="ptolemy.util.test.junit.AutoTests" name="[2] /home/travis/build/icyphy/ptII/ptolemy/domains/de/test/auto/CQBug1.xml (RunModel)" time="0.009" />
  <testcase classname="ptolemy.util.test.junit.AutoTests" name="[3] /home/travis/build/icyphy/ptII/ptolemy/domains/de/test/auto/CancelFireAt.xml (RunModel)" time="0.008" />
  <testcase classname="ptolemy.util.test.junit.AutoTests" name="[4] /home/travis/build/icyphy/ptII/ptolemy/domains/de/test/auto/CausalityAndComposabilityAnalysis.xml (RunModel)" time="0.014" />
  <testcase classname="ptolemy.util.test.junit.AutoTests" name="[5] /home/travis/build/icyphy/ptII/ptolemy/domains/de/test/auto/CausalityInterface1.xml (RunModel)" time="0.012" />
  <testcase classname="ptolemy.util.test.junit.AutoTests" name="[6] /home/travis/build/icyphy/ptII/ptolemy/domains/de/test/auto/CausalityInterface15.xml (RunModel)" time="0.012" />
  <testcase classname="ptolemy.util.test.junit.AutoTests" name="[7] /home/travis/build/icyphy/ptII/ptolemy/domains/de/test/auto/CausalityInterface2.xml (RunModel)" time="0.012" />
  <testcase classname="ptolemy.util.test.junit.AutoTests" name="[8] /home/travis/build/icyphy/ptII/ptolemy/domains/de/test/auto/CausalityInterface3.xml (RunModel)" time="0.01" />
  <testcase classname="ptolemy.util.test.junit.AutoTests" name="[9] /home/travis/build/icyphy/ptII/ptolemy/domains/de/test/auto/ClockDrift.xml (RunModel)" time="0.034" />
  <testcase classname="ptolemy.util.test.junit.AutoTests" name="[10] /home/travis/build/icyphy/ptII/ptolemy/domains/de/test/auto/ClockDriftAndValueChange.xml (RunModel)" time="0.027" />
  <testcase classname="ptolemy.util.test.junit.AutoTests" name="[11] /home/travis/build/icyphy/ptII/ptolemy/domains/de/test/auto/ClockDriftChange.xml (RunModel)" time="0.027" />
  <testcase classname="ptolemy.util.test.junit.AutoTests" name="[12] /home/travis/build/icyphy/ptII/ptolemy/domains/de/test/auto/ComposableCausalityAnalysis.xml (RunModel)" time="0.014" />
  <testcase classname="ptolemy.util.test.junit.AutoTests" name="[13] /home/travis/build/icyphy/ptII/ptolemy/domains/de/test/auto/DEFixedPointLimitation.xml (RunModel)" time="0.008" />
  <testcase classname="ptolemy.util.test.junit.AutoTests" name="[14] /home/travis/build/icyphy/ptII/ptolemy/domains/de/test/auto/DEScheduleTest.xml (RunModel)" time="0.011" />
  <testcase classname="ptolemy.util.test.junit.AutoTests" name="[15] /home/travis/build/icyphy/ptII/ptolemy/domains/de/test/auto/DEinDEwithStartTimes.xml (RunModel)" time="0.013" />
  <testcase classname="ptolemy.util.test.junit.AutoTests" name="[16] /home/travis/build/icyphy/ptII/ptolemy/domains/de/test/auto/DEinDEwithStartTimes2.xml (RunModel)" time="0.017" />
  <testcase classname="ptolemy.util.test.junit.AutoTests" name="[17] /home/travis/build/icyphy/ptII/ptolemy/domains/de/test/auto/DateDemo.xml (RunModel)" time="0.027" />
  <testcase classname="ptolemy.util.test.junit.AutoTests" name="[18] /home/travis/build/icyphy/ptII/ptolemy/domains/de/test/auto/DateToEvent.xml (RunModel)" time="2.035" />
  <testcase classname="ptolemy.util.test.junit.AutoTests" name="[19] /home/travis/build/icyphy/ptII/ptolemy/domains/de/test/auto/DepthTest1.xml (RunModel)" time="0.014" />
  <testcase classname="ptolemy.util.test.junit.AutoTests" name="[20] /home/travis/build/icyphy/ptII/ptolemy/domains/de/test/auto/DepthTest2.xml (RunModel)" time="0.018" />
  <testcase classname="ptolemy.util.test.junit.AutoTests" name="[21] /home/travis/build/icyphy/ptII/ptolemy/domains/de/test/auto/DepthTest3.xml (RunModel)" time="0.008" />
  <testcase classname="ptolemy.util.test.junit.AutoTests" name="[22] /home/travis/build/icyphy/ptII/ptolemy/domains/de/test/auto/DepthTest4.xml (RunModel)" time="0.026" />
  <testcase classname="ptolemy.util.test.junit.AutoTests" name="[23] /home/travis/build/icyphy/ptII/ptolemy/domains/de/test/auto/DepthTest5.xml (RunModel)" time="0.015" />
  <testcase classname="ptolemy.util.test.junit.AutoTests" name="[24] /home/travis/build/icyphy/ptII/ptolemy/domains/de/test/auto/DepthTest6.xml (RunModel)" time="0.013" />
  <testcase classname="ptolemy.util.test.junit.AutoTests" name="[25] /home/travis/build/icyphy/ptII/ptolemy/domains/de/test/auto/DepthTest7.xml (RunModel)" time="0.015" />
  <testcase classname="ptolemy.util.test.junit.AutoTests" name="[26] /home/travis/build/icyphy/ptII/ptolemy/domains/de/test/auto/EventToDate.xml (RunModel)" time="3.041" />
  <testcase classname="ptolemy.util.test.junit.AutoTests" name="[27] /home/travis/build/icyphy/ptII/ptolemy/domains/de/test/auto/FSM1.xml (RunModel)" time="0.042" />
  <testcase classname="ptolemy.util.test.junit.AutoTests" name="[28] /home/travis/build/icyphy/ptII/ptolemy/domains/de/test/auto/FSM7.xml (RunModel)" time="0.033" />
  <testcase classname="ptolemy.util.test.junit.AutoTests" name="[29] /home/travis/build/icyphy/ptII/ptolemy/domains/de/test/auto/Inspection.xml (RunModel)" time="0.035" />
  <testcase classname="ptolemy.util.test.junit.AutoTests" name="[30] /home/travis/build/icyphy/ptII/ptolemy/domains/de/test/auto/Iteration.xml (RunModel)" time="0.024" />
  <testcase classname="ptolemy.util.test.junit.AutoTests" name="[31] /home/travis/build/icyphy/ptII/ptolemy/domains/de/test/auto/LineFault.xml (RunModel)" time="0.529" />
  <testcase classname="ptolemy.util.test.junit.AutoTests" name="[32] /home/travis/build/icyphy/ptII/ptolemy/domains/de/test/auto/MergeModel1Add.xml (RunModel)" time="0.044" />
  <testcase classname="ptolemy.util.test.junit.AutoTests" name="[33] /home/travis/build/icyphy/ptII/ptolemy/domains/de/test/auto/MergeModel2Add.xml (RunModel)" time="0.031" />
  <testcase classname="ptolemy.util.test.junit.AutoTests" name="[34] /home/travis/build/icyphy/ptII/ptolemy/domains/de/test/auto/MergeModel3Add.xml (RunModel)" time="0.038" />
  <testcase classname="ptolemy.util.test.junit.AutoTests" name="[35] /home/travis/build/icyphy/ptII/ptolemy/domains/de/test/auto/MergeWithoutDiscard.xml (RunModel)" time="0.01" />
  <testcase classname="ptolemy.util.test.junit.AutoTests" name="[36] /home/travis/build/icyphy/ptII/ptolemy/domains/de/test/auto/Modal1.xml (RunModel)" time="0.027" />
  <testcase classname="ptolemy.util.test.junit.AutoTests" name="[37] /home/travis/build/icyphy/ptII/ptolemy/domains/de/test/auto/Modal2.xml (RunModel)" time="0.022" />
  <testcase classname="ptolemy.util.test.junit.AutoTests" name="[38] /home/travis/build/icyphy/ptII/ptolemy/domains/de/test/auto/Modal3.xml (RunModel)" time="0.027" />
  <testcase classname="ptolemy.util.test.junit.AutoTests" name="[39] /home/travis/build/icyphy/ptII/ptolemy/domains/de/test/auto/Modal4.xml (RunModel)" time="0.026" />
  <testcase classname="ptolemy.util.test.junit.AutoTests" name="[40] /home/travis/build/icyphy/ptII/ptolemy/domains/de/test/auto/Modal5.xml (RunModel)" time="0.037" />
  <testcase classname="ptolemy.util.test.junit.AutoTests" name="[41] /home/travis/build/icyphy/ptII/ptolemy/domains/de/test/auto/Modal6.xml (RunModel)" time="0.03" />
  <testcase classname="ptolemy.util.test.junit.AutoTests" name="[42] /home/travis/build/icyphy/ptII/ptolemy/domains/de/test/auto/Modal7.xml (RunModel)" time="0.028" />
  <testcase classname="ptolemy.util.test.junit.AutoTests" name="[43] /home/travis/build/icyphy/ptII/ptolemy/domains/de/test/auto/ModalModel.xml (RunModel)" time="0.174" />
  <testcase classname="ptolemy.util.test.junit.AutoTests" name="[44] /home/travis/build/icyphy/ptII/ptolemy/domains/de/test/auto/ModalSource.xml (RunModel)" time="0.017" />
  <testcase classname="ptolemy.util.test.junit.AutoTests" name="[45] /home/travis/build/icyphy/ptII/ptolemy/domains/de/test/auto/NonInterruptibleTimerZeroDelay.xml (RunModel)" time="0.007" />
  <testcase classname="ptolemy.util.test.junit.AutoTests" name="[46] /home/travis/build/icyphy/ptII/ptolemy/domains/de/test/auto/OpenQueueingNetwork.xml (RunModel)" time="2.262" />
  <testcase classname="ptolemy.util.test.junit.AutoTests" name="[47] /home/travis/build/icyphy/ptII/ptolemy/domains/de/test/auto/OpenQueuingNetwork.xml (RunModel)" time="0.258" />
  <testcase classname="ptolemy.util.test.junit.AutoTests" name="[48] /home/travis/build/icyphy/ptII/ptolemy/domains/de/test/auto/PeriodicSampler.xml (RunModel)" time="0.008" />
  <testcase classname="ptolemy.util.test.junit.AutoTests" name="[49] /home/travis/build/icyphy/ptII/ptolemy/domains/de/test/auto/PersistentIO.xml (RunModel)" time="0.022" />
  <testcase classname="ptolemy.util.test.junit.AutoTests" name="[50] /home/travis/build/icyphy/ptII/ptolemy/domains/de/test/auto/PortParameterResetOnInitialize.xml (RunModel)" time="0.007" />
  <testcase classname="ptolemy.util.test.junit.AutoTests" name="[51] /home/travis/build/icyphy/ptII/ptolemy/domains/de/test/auto/PortParameterUpdates.xml (RunModel)" time="0.011" />
  <testcase classname="ptolemy.util.test.junit.AutoTests" name="[52] /home/travis/build/icyphy/ptII/ptolemy/domains/de/test/auto/QueueAndServer.xml (RunModel)" time="0.019" />
  <testcase classname="ptolemy.util.test.junit.AutoTests" name="[53] /home/travis/build/icyphy/ptII/ptolemy/domains/de/test/auto/Records.xml (RunModel)" time="0.012" />
  <testcase classname="ptolemy.util.test.junit.AutoTests" name="[54] /home/travis/build/icyphy/ptII/ptolemy/domains/de/test/auto/ResetTransitionWithStartTime1.xml (RunModel)" time="0.014" />
  <testcase classname="ptolemy.util.test.junit.AutoTests" name="[55] /home/travis/build/icyphy/ptII/ptolemy/domains/de/test/auto/ResetTransitionWithStartTime2.xml (RunModel)" time="0.019" />
  <testcase classname="ptolemy.util.test.junit.AutoTests" name="[56] /home/travis/build/icyphy/ptII/ptolemy/domains/de/test/auto/ResetTransitionWithStartTime3.xml (RunModel)" time="0.016" />
  <testcase classname="ptolemy.util.test.junit.AutoTests" name="[57] /home/travis/build/icyphy/ptII/ptolemy/domains/de/test/auto/ResetTransitionWithStartTime4.xml (RunModel)" time="0.014" />
  <testcase classname="ptolemy.util.test.junit.AutoTests" name="[58] /home/travis/build/icyphy/ptII/ptolemy/domains/de/test/auto/ResettableTimer1.xml (RunModel)" time="0.009" />
  <testcase classname="ptolemy.util.test.junit.AutoTests" name="[59] /home/travis/build/icyphy/ptII/ptolemy/domains/de/test/auto/ResettableTimer2.xml (RunModel)" time="0.008" />
  <testcase classname="ptolemy.util.test.junit.AutoTests" name="[60] /home/travis/build/icyphy/ptII/ptolemy/domains/de/test/auto/ResettableTimer3.xml (RunModel)" time="0.007" />
  <testcase classname="ptolemy.util.test.junit.AutoTests" name="[61] /home/travis/build/icyphy/ptII/ptolemy/domains/de/test/auto/ResettableTimer4.xml (RunModel)" time="0.009" />
  <testcase classname="ptolemy.util.test.junit.AutoTests" name="[62] /home/travis/build/icyphy/ptII/ptolemy/domains/de/test/auto/ResettableTimer5.xml (RunModel)" time="0.008" />
  <testcase classname="ptolemy.util.test.junit.AutoTests" name="[63] /home/travis/build/icyphy/ptII/ptolemy/domains/de/test/auto/ResettableTimer6.xml (RunModel)" time="0.015" />
  <testcase classname="ptolemy.util.test.junit.AutoTests" name="[64] /home/travis/build/icyphy/ptII/ptolemy/domains/de/test/auto/ServerZeroDelay.xml (RunModel)" time="0.009" />
  <testcase classname="ptolemy.util.test.junit.AutoTests" name="[65] /home/travis/build/icyphy/ptII/ptolemy/domains/de/test/auto/SmartSender.xml (RunModel)" time="3.007" />
  <testcase classname="ptolemy.util.test.junit.AutoTests" name="[66] /home/travis/build/icyphy/ptII/ptolemy/domains/de/test/auto/ThreadedComposite.xml (RunModel)" time="0.108" />
  <testcase classname="ptolemy.util.test.junit.AutoTests" name="[67] /home/travis/build/icyphy/ptII/ptolemy/domains/de/test/auto/Time.xml (RunModel)" time="0.402" />
  <testcase classname="ptolemy.util.test.junit.AutoTests" name="[68] /home/travis/build/icyphy/ptII/ptolemy/domains/de/test/auto/TimeDelayZeroDelay.xml (RunModel)" time="0.011" />
  <testcase classname="ptolemy.util.test.junit.AutoTests" name="[69] /home/travis/build/icyphy/ptII/ptolemy/domains/de/test/auto/TimerZeroDelay.xml (RunModel)" time="0.008" />
  <testcase classname="ptolemy.util.test.junit.AutoTests" name="[70] /home/travis/build/icyphy/ptII/ptolemy/domains/de/test/auto/TimingParadox.xml (RunModel)" time="0.299" />
  <testcase classname="ptolemy.util.test.junit.AutoTests" name="[71] /home/travis/build/icyphy/ptII/ptolemy/domains/de/test/auto/TransferInputs.xml (RunModel)" time="0.012" />
  <testcase classname="ptolemy.util.test.junit.AutoTests" name="[72] /home/travis/build/icyphy/ptII/ptolemy/domains/de/test/auto/TransferOutputs2.xml (RunModel)" time="0.012" />
  <testcase classname="ptolemy.util.test.junit.AutoTests" name="[73] /home/travis/build/icyphy/ptII/ptolemy/domains/de/test/auto/Trilateration.xml (RunModel)" time="10.46" />
  <testcase classname="ptolemy.util.test.junit.AutoTests" name="[74] /home/travis/build/icyphy/ptII/ptolemy/domains/de/test/auto/TwoSigmaDelta.xml (RunModel)" time="1.796" />
  <testcase classname="ptolemy.util.test.junit.AutoTests" name="[75] /home/travis/build/icyphy/ptII/ptolemy/domains/de/test/auto/VariableDelay.xml (RunModel)" time="0.014" />
  <testcase classname="ptolemy.util.test.junit.AutoTests" name="[76] /home/travis/build/icyphy/ptII/ptolemy/domains/de/test/auto/VariableDelay2.xml (RunModel)" time="0.008" />
  <testcase classname="ptolemy.util.test.junit.AutoTests" name="[77] /home/travis/build/icyphy/ptII/ptolemy/domains/de/test/auto/VariableDelayZeroDelay.xml (RunModel)" time="0.01" />
  <testcase classname="ptolemy.util.test.junit.AutoTests" name="[78] /home/travis/build/icyphy/ptII/ptolemy/domains/de/test/auto/VariableDelayZeroDelay2.xml (RunModel)" time="0.008" />
  <testcase classname="ptolemy.util.test.junit.AutoTests" name="[79] /home/travis/build/icyphy/ptII/ptolemy/domains/de/test/auto/deInCt.xml (RunModel)" time="0.016" />
  <testcase classname="ptolemy.util.test.junit.AutoTests" name="[80] /home/travis/build/icyphy/ptII/ptolemy/domains/de/test/auto/deInCt2.xml (RunModel)" time="0.014" />
  <testcase classname="ptolemy.util.test.junit.AutoTests" name="[81] /home/travis/build/icyphy/ptII/ptolemy/domains/de/test/auto/dynamicCausalityInterface1.xml (RunModel)" time="0.02" />
  <testcase classname="ptolemy.util.test.junit.AutoTests" name="[82] /home/travis/build/icyphy/ptII/ptolemy/domains/de/test/auto/fsm_de_test.xml (RunModel)" time="0.02" />
  <testcase classname="ptolemy.util.test.junit.AutoTests" name="[83] /home/travis/build/icyphy/ptII/ptolemy/domains/de/test/auto/functionDependencyReconstruction.xml (RunModel)" time="0.024" />
  <testcase classname="ptolemy.util.test.junit.AutoTests" name="[84] /home/travis/build/icyphy/ptII/ptolemy/domains/de/test/auto/multirate.xml (RunModel)" time="0.012" />
  <testcase classname="ptolemy.util.test.junit.AutoTests" name="[85] /home/travis/build/icyphy/ptII/ptolemy/domains/de/test/auto/multirate2.xml (RunModel)" time="0.012" />
  <testcase classname="ptolemy.util.test.junit.AutoTests" name="[86] /home/travis/build/icyphy/ptII/ptolemy/domains/de/test/auto/realtime.xml (RunModel)" time="10.007" />
  <testcase classname="ptolemy.util.test.junit.AutoTests" name="[87] /home/travis/build/icyphy/ptII/ptolemy/domains/de/test/auto/relationGroup.xml (RunModel)" time="0.008" />
  <testcase classname="ptolemy.util.test.junit.AutoTests" name="[88] /home/travis/build/icyphy/ptII/ptolemy/domains/de/test/auto/relationGroup2.xml (RunModel)" time="0.009" />
  <testcase classname="ptolemy.util.test.junit.AutoTests" name="[89] /home/travis/build/icyphy/ptII/ptolemy/domains/de/test/auto/sortWithOpaquePorts.xml (RunModel)" time="0.007" />
  <testcase classname="ptolemy.util.test.junit.AutoTests" name="[90] /home/travis/build/icyphy/ptII/ptolemy/domains/de/test/auto/transferInputsandOutputs.xml (RunModel)" time="0.025" />
  <testcase classname="ptolemy.util.test.junit.AutoTests" name="[91] /home/travis/build/icyphy/ptII/ptolemy/domains/de/test/auto/triggerType.xml (RunModel)" time="0.007" />
  <system-out><![CDATA[/home/travis/build/icyphy/ptII/ptolemy/domains/de/test/DependencyLoop.tcl
testDefs.tcl: setting time out to 9000 seconds at Sat Aug 29 15:34:19 UTC 2020
48 ms. Memory: 129024K Free: 78792K (61%)
21 ms. Memory: 129024K Free: 61384K (48%)
/home/travis/build/icyphy/ptII/ptolemy/domains/de/test/RunDETestsAsQSS.tcl
Run the DE tests using ptolemy.domains.qss.test.QSSDirectorTest, which extends QSSDirector and prints a message in the constructors.
------------------ testing $PTII/ptolemy/domains/de/test/auto/knownFailedTests/DirectFeedback.xml (Known Failure) 
58 ms. Memory: 129024K Free: 55750K (43%)


==== $PTIIhome/travis/build/icyphy/ptII/ptolemy/domains/de/test/../../../../: Auto Automatic test in file $PTII/ptolemy/domains/de/test/auto/knownFailedTests/DirectFeedback.xml
==== Contents of test case:

	    # FIXME: we should use $relativeFilename here, but it
	    # might have backslashes under Windows, which causes no end
	    # of trouble.
	    createAndExecute $file
	    list {}
	
.... Test generated KNOWN error:
    while executing
ptolemy.kernel.util.IllegalActionException: Test fails in iteration 1.
Value was: 1.0. Should have been: 2.0
  in .DirectFeedback.Test
	at ptolemy.actor.lib.Test.fire(Test.java:268)
	at ptolemy.domains.de.kernel.DEDirector._fire(DEDirector.java:1949)
	at ptolemy.domains.de.kernel.DEDirector.fire(DEDirector.java:502)
	at ptolemy.actor.CompositeActor.fire(CompositeActor.java:455)
	at ptolemy.actor.Manager.iterate(Manager.java:851)
	at ptolemy.actor.Manager.execute(Manager.java:369)
	at ptolemy.actor.Manager.run(Manager.java:1263)
	at ptolemy.actor.Manager$PtolemyRunThread.run(Manager.java:1933)

    while executing
ptolemy.kernel.util.IllegalActionException: Test fails in iteration 1.
Value was: 1.0. Should have been: 2.0
  in .DirectFeedback.Test
    while executing
"java::new ptolemy.moml.MoMLSimpleApplication $file
"
    (procedure "createAndExecute" line 2)
    invoked from within
"createAndExecute $file"
    ("uplevel" body line 5)
    invoked from within
"uplevel $contents_of_test"
------------------ testing $PTII/ptolemy/domains/de/test/auto/knownFailedTests/dependencyLoop.xml (Known Failure) 
18 ms. Memory: 129024K Free: 52168K (40%)


==== $PTIIhome/travis/build/icyphy/ptII/ptolemy/domains/de/test/../../../../: Auto Automatic test in file $PTII/ptolemy/domains/de/test/auto/knownFailedTests/dependencyLoop.xml
==== Contents of test case:

	    # FIXME: we should use $relativeFilename here, but it
	    # might have backslashes under Windows, which causes no end
	    # of trouble.
	    createAndExecute $file
	    list {}
	
.... Test generated KNOWN error:
    while executing
ptolemy.kernel.util.IllegalActionException: Found a zero delay loop containing .dependencyLoop.original
  in .dependencyLoop and .dependencyLoop.original
	at ptolemy.actor.util.CausalityInterfaceForComposites._computeOutputPortDepth(CausalityInterfaceForComposites.java:759)
	at ptolemy.actor.util.CausalityInterfaceForComposites._computeInputDepth(CausalityInterfaceForComposites.java:696)
	at ptolemy.actor.util.CausalityInterfaceForComposites._computeOutputPortDepth(CausalityInterfaceForComposites.java:765)
	at ptolemy.actor.util.CausalityInterfaceForComposites._computeInputDepth(CausalityInterfaceForComposites.java:696)
	at ptolemy.actor.util.CausalityInterfaceForComposites._computeOutputPortDepth(CausalityInterfaceForComposites.java:765)
	at ptolemy.actor.util.CausalityInterfaceForComposites._computeInputDepth(CausalityInterfaceForComposites.java:696)
	at ptolemy.actor.util.CausalityInterfaceForComposites._computeActorDepth(CausalityInterfaceForComposites.java:532)
	at ptolemy.actor.util.CausalityInterfaceForComposites.checkForCycles(CausalityInterfaceForComposites.java:96)
	at ptolemy.domains.de.kernel.DEDirector.preinitialize(DEDirector.java:1338)
	at ptolemy.actor.CompositeActor.preinitialize(CompositeActor.java:1828)
	at ptolemy.actor.Manager.preinitializeAndResolveTypes(Manager.java:1040)
	at ptolemy.actor.Manager.initialize(Manager.java:710)
	at ptolemy.actor.Manager.execute(Manager.java:356)
	at ptolemy.actor.Manager.run(Manager.java:1263)
	at ptolemy.actor.Manager$PtolemyRunThread.run(Manager.java:1933)

    while executing
ptolemy.kernel.util.IllegalActionException: Found a zero delay loop containing .dependencyLoop.original
  in .dependencyLoop and .dependencyLoop.original
    while executing
"java::new ptolemy.moml.MoMLSimpleApplication $file
"
    (procedure "createAndExecute" line 2)
    invoked from within
"createAndExecute $file"
    ("uplevel" body line 5)
    invoked from within
"uplevel $contents_of_test"
------------------ testing $PTII/ptolemy/domains/de/test/auto/knownFailedTests/FSMSource.xml (Known Failure) 
46 ms. Memory: 129024K Free: 110339K (86%)
!!!! Auto was marked as failing, but now passes
------------------ testing $PTII/ptolemy/domains/de/test/auto/knownFailedTests/HierarchicalModel.xml (Known Failure) 
5 ms. Memory: 129024K Free: 93006K (72%)


==== $PTIIhome/travis/build/icyphy/ptII/ptolemy/domains/de/test/../../../../: Auto Automatic test in file $PTII/ptolemy/domains/de/test/auto/knownFailedTests/HierarchicalModel.xml
==== Contents of test case:

	    # FIXME: we should use $relativeFilename here, but it
	    # might have backslashes under Windows, which causes no end
	    # of trouble.
	    createAndExecute $file
	    list {}
	
.... Test generated KNOWN error:
    while executing
ptolemy.kernel.util.IllegalActionException: Found a zero delay loop containing .HierarchicalModel.A
  in .HierarchicalModel and .HierarchicalModel.A
	at ptolemy.actor.util.CausalityInterfaceForComposites._computeOutputPortDepth(CausalityInterfaceForComposites.java:759)
	at ptolemy.actor.util.CausalityInterfaceForComposites._computeInputDepth(CausalityInterfaceForComposites.java:696)
	at ptolemy.actor.util.CausalityInterfaceForComposites._computeOutputPortDepth(CausalityInterfaceForComposites.java:765)
	at ptolemy.actor.util.CausalityInterfaceForComposites._computeInputDepth(CausalityInterfaceForComposites.java:696)
	at ptolemy.actor.util.CausalityInterfaceForComposites._computeOutputPortDepth(CausalityInterfaceForComposites.java:765)
	at ptolemy.actor.util.CausalityInterfaceForComposites._computeInputDepth(CausalityInterfaceForComposites.java:696)
	at ptolemy.actor.util.CausalityInterfaceForComposites._computeActorDepth(CausalityInterfaceForComposites.java:532)
	at ptolemy.actor.util.CausalityInterfaceForComposites.checkForCycles(CausalityInterfaceForComposites.java:96)
	at ptolemy.domains.de.kernel.DEDirector.preinitialize(DEDirector.java:1338)
	at ptolemy.actor.CompositeActor.preinitialize(CompositeActor.java:1828)
	at ptolemy.actor.Manager.preinitializeAndResolveTypes(Manager.java:1040)
	at ptolemy.actor.Manager.initialize(Manager.java:710)
	at ptolemy.actor.Manager.execute(Manager.java:356)
	at ptolemy.actor.Manager.run(Manager.java:1263)
	at ptolemy.actor.Manager$PtolemyRunThread.run(Manager.java:1933)

    while executing
ptolemy.kernel.util.IllegalActionException: Found a zero delay loop containing .HierarchicalModel.A
  in .HierarchicalModel and .HierarchicalModel.A
    while executing
"java::new ptolemy.moml.MoMLSimpleApplication $file
"
    (procedure "createAndExecute" line 2)
    invoked from within
"createAndExecute $file"
    ("uplevel" body line 5)
    invoked from within
"uplevel $contents_of_test"
------------------ testing $PTII/ptolemy/domains/de/test/auto/knownFailedTests/dependencyLoop2.xml (Known Failure) 
11 ms. Memory: 129024K Free: 76606K (59%)


==== $PTIIhome/travis/build/icyphy/ptII/ptolemy/domains/de/test/../../../../: Auto Automatic test in file $PTII/ptolemy/domains/de/test/auto/knownFailedTests/dependencyLoop2.xml
==== Contents of test case:

	    # FIXME: we should use $relativeFilename here, but it
	    # might have backslashes under Windows, which causes no end
	    # of trouble.
	    createAndExecute $file
	    list {}
	
.... Test generated KNOWN error:
    while executing
ptolemy.kernel.util.IllegalActionException: Found a zero delay loop containing .dependencyLoop2.original
  in .dependencyLoop2 and .dependencyLoop2.original
	at ptolemy.actor.util.CausalityInterfaceForComposites._computeOutputPortDepth(CausalityInterfaceForComposites.java:759)
	at ptolemy.actor.util.CausalityInterfaceForComposites._computeInputDepth(CausalityInterfaceForComposites.java:696)
	at ptolemy.actor.util.CausalityInterfaceForComposites._computeOutputPortDepth(CausalityInterfaceForComposites.java:765)
	at ptolemy.actor.util.CausalityInterfaceForComposites._computeInputDepth(CausalityInterfaceForComposites.java:696)
	at ptolemy.actor.util.CausalityInterfaceForComposites._computeOutputPortDepth(CausalityInterfaceForComposites.java:765)
	at ptolemy.actor.util.CausalityInterfaceForComposites._computeInputDepth(CausalityInterfaceForComposites.java:696)
	at ptolemy.actor.util.CausalityInterfaceForComposites._computeActorDepth(CausalityInterfaceForComposites.java:532)
	at ptolemy.actor.util.CausalityInterfaceForComposites.checkForCycles(CausalityInterfaceForComposites.java:96)
	at ptolemy.domains.de.kernel.DEDirector.preinitialize(DEDirector.java:1338)
	at ptolemy.actor.CompositeActor.preinitialize(CompositeActor.java:1828)
	at ptolemy.actor.Manager.preinitializeAndResolveTypes(Manager.java:1040)
	at ptolemy.actor.Manager.initialize(Manager.java:710)
	at ptolemy.actor.Manager.execute(Manager.java:356)
	at ptolemy.actor.Manager.run(Manager.java:1263)
	at ptolemy.actor.Manager$PtolemyRunThread.run(Manager.java:1933)

    while executing
ptolemy.kernel.util.IllegalActionException: Found a zero delay loop containing .dependencyLoop2.original
  in .dependencyLoop2 and .dependencyLoop2.original
    while executing
"java::new ptolemy.moml.MoMLSimpleApplication $file
"
    (procedure "createAndExecute" line 2)
    invoked from within
"createAndExecute $file"
    ("uplevel" body line 5)
    invoked from within
"uplevel $contents_of_test"
------------------ testing $PTII/ptolemy/domains/de/test/auto/knownFailedTests/DESDFClockTest.xml (Known Failure) 
2059 ms. Memory: 129024K Free: 106683K (83%)


==== $PTIIhome/travis/build/icyphy/ptII/ptolemy/domains/de/test/../../../../: Auto Automatic test in file $PTII/ptolemy/domains/de/test/auto/knownFailedTests/DESDFClockTest.xml
==== Contents of test case:

	    # FIXME: we should use $relativeFilename here, but it
	    # might have backslashes under Windows, which causes no end
	    # of trouble.
	    createAndExecute $file
	    list {}
	
.... Test generated KNOWN error:
    while executing
ptolemy.kernel.util.IllegalActionException: Actor is not ready to fire.  Perhaps UpSample.prefire() returned false? Try debugging the actor by selecting "Listen to Actor".  Also, for SDF check moml for tokenConsumptionRate on input.
  in .DESDFClockTest.Play Bell.Copy1:SDF Director and .DESDFClockTest.Play Bell.UpSample
	at ptolemy.actor.sched.StaticSchedulingDirector.fire(StaticSchedulingDirector.java:227)
	at ptolemy.domains.sdf.kernel.SDFDirector.fire(SDFDirector.java:500)
	at ptolemy.actor.CompositeActor.fire(CompositeActor.java:455)
	at ptolemy.domains.de.kernel.DEDirector._fire(DEDirector.java:1949)
	at ptolemy.domains.de.kernel.DEDirector.fire(DEDirector.java:502)
	at ptolemy.actor.CompositeActor.fire(CompositeActor.java:455)
	at ptolemy.actor.Manager.iterate(Manager.java:851)
	at ptolemy.actor.Manager.execute(Manager.java:369)
	at ptolemy.actor.Manager.run(Manager.java:1263)
	at ptolemy.actor.Manager$PtolemyRunThread.run(Manager.java:1933)

    while executing
ptolemy.kernel.util.IllegalActionException: Actor is not ready to fire.  Perhaps UpSample.prefire() returned false? Try debugging the actor by selecting "Listen to Actor".  Also, for SDF check moml for tokenConsumptionRate on input.
  in .DESDFClockTest.Play Bell.Copy1:SDF Director and .DESDFClockTest.Play Bell.UpSample
    while executing
"java::new ptolemy.moml.MoMLSimpleApplication $file
"
    (procedure "createAndExecute" line 2)
    invoked from within
"createAndExecute $file"
    ("uplevel" body line 5)
    invoked from within
"uplevel $contents_of_test"
------------------ testing $PTII/ptolemy/domains/de/test/auto/ActorDepthCalculation_actorWithoutPorts.xml
auto.tcl: Setting watchdog for 200 seconds at Sat Aug 29 15:34:22 UTC 2020
5 ms. Memory: 129024K Free: 98476K (76%)
ptolemy.util.test.WatchDog.cancel(): canceling Sat Aug 29 15:34:22 UTC 2020
auto.tcl: Setting watchdog for 200 seconds at Sat Aug 29 15:34:22 UTC 2020
9 ms. Memory: 129024K Free: 97452K (76%)
ptolemy.util.test.WatchDog.cancel(): canceling Sat Aug 29 15:34:22 UTC 2020
------------------ testing $PTII/ptolemy/domains/de/test/auto/AssemblyLine.xml
auto.tcl: Setting watchdog for 200 seconds at Sat Aug 29 15:34:23 UTC 2020
8 ms. Memory: 51200K Free: 27473K (54%)
ptolemy.util.test.WatchDog.cancel(): canceling Sat Aug 29 15:34:23 UTC 2020
auto.tcl: Setting watchdog for 200 seconds at Sat Aug 29 15:34:23 UTC 2020
10 ms. Memory: 51200K Free: 26988K (53%)
ptolemy.util.test.WatchDog.cancel(): canceling Sat Aug 29 15:34:23 UTC 2020
------------------ testing $PTII/ptolemy/domains/de/test/auto/CQBug1.xml
auto.tcl: Setting watchdog for 200 seconds at Sat Aug 29 15:34:23 UTC 2020
2 ms. Memory: 51200K Free: 33245K (65%)
ptolemy.util.test.WatchDog.cancel(): canceling Sat Aug 29 15:34:23 UTC 2020
auto.tcl: Setting watchdog for 200 seconds at Sat Aug 29 15:34:23 UTC 2020
1 ms. Memory: 51200K Free: 32798K (64%)
ptolemy.util.test.WatchDog.cancel(): canceling Sat Aug 29 15:34:23 UTC 2020
------------------ testing $PTII/ptolemy/domains/de/test/auto/CancelFireAt.xml
auto.tcl: Setting watchdog for 200 seconds at Sat Aug 29 15:34:23 UTC 2020
2 ms. Memory: 51200K Free: 34438K (67%)
ptolemy.util.test.WatchDog.cancel(): canceling Sat Aug 29 15:34:23 UTC 2020
auto.tcl: Setting watchdog for 200 seconds at Sat Aug 29 15:34:23 UTC 2020
2 ms. Memory: 51200K Free: 33999K (66%)
ptolemy.util.test.WatchDog.cancel(): canceling Sat Aug 29 15:34:23 UTC 2020
------------------ testing $PTII/ptolemy/domains/de/test/auto/CausalityAndComposabilityAnalysis.xml
auto.tcl: Setting watchdog for 200 seconds at Sat Aug 29 15:34:23 UTC 2020
6 ms. Memory: 51200K Free: 32365K (63%)
ptolemy.util.test.WatchDog.cancel(): canceling Sat Aug 29 15:34:23 UTC 2020
auto.tcl: Setting watchdog for 200 seconds at Sat Aug 29 15:34:23 UTC 2020
5 ms. Memory: 51200K Free: 31958K (62%)
ptolemy.util.test.WatchDog.cancel(): canceling Sat Aug 29 15:34:23 UTC 2020
------------------ testing $PTII/ptolemy/domains/de/test/auto/CausalityInterface1.xml
auto.tcl: Setting watchdog for 200 seconds at Sat Aug 29 15:34:23 UTC 2020
26 ms. Memory: 51200K Free: 31342K (61%)
ptolemy.util.test.WatchDog.cancel(): canceling Sat Aug 29 15:34:23 UTC 2020
auto.tcl: Setting watchdog for 200 seconds at Sat Aug 29 15:34:23 UTC 2020
4 ms. Memory: 51200K Free: 30348K (59%)
ptolemy.util.test.WatchDog.cancel(): canceling Sat Aug 29 15:34:23 UTC 2020
------------------ testing $PTII/ptolemy/domains/de/test/auto/CausalityInterface15.xml
auto.tcl: Setting watchdog for 200 seconds at Sat Aug 29 15:34:23 UTC 2020
4 ms. Memory: 51200K Free: 31540K (62%)
ptolemy.util.test.WatchDog.cancel(): canceling Sat Aug 29 15:34:23 UTC 2020
auto.tcl: Setting watchdog for 200 seconds at Sat Aug 29 15:34:23 UTC 2020
3 ms. Memory: 51200K Free: 30333K (59%)
ptolemy.util.test.WatchDog.cancel(): canceling Sat Aug 29 15:34:23 UTC 2020
------------------ testing $PTII/ptolemy/domains/de/test/auto/CausalityInterface2.xml
auto.tcl: Setting watchdog for 200 seconds at Sat Aug 29 15:34:23 UTC 2020
2 ms. Memory: 51200K Free: 31978K (62%)
ptolemy.util.test.WatchDog.cancel(): canceling Sat Aug 29 15:34:23 UTC 2020
auto.tcl: Setting watchdog for 200 seconds at Sat Aug 29 15:34:23 UTC 2020
2 ms. Memory: 51200K Free: 31326K (61%)
ptolemy.util.test.WatchDog.cancel(): canceling Sat Aug 29 15:34:23 UTC 2020
------------------ testing $PTII/ptolemy/domains/de/test/auto/CausalityInterface3.xml
auto.tcl: Setting watchdog for 200 seconds at Sat Aug 29 15:34:23 UTC 2020
3 ms. Memory: 51200K Free: 31529K (62%)
ptolemy.util.test.WatchDog.cancel(): canceling Sat Aug 29 15:34:23 UTC 2020
auto.tcl: Setting watchdog for 200 seconds at Sat Aug 29 15:34:23 UTC 2020
3 ms. Memory: 51200K Free: 31046K (61%)
ptolemy.util.test.WatchDog.cancel(): canceling Sat Aug 29 15:34:23 UTC 2020
------------------ testing $PTII/ptolemy/domains/de/test/auto/ClockDrift.xml
auto.tcl: Setting watchdog for 200 seconds at Sat Aug 29 15:34:23 UTC 2020
55 ms. Memory: 51200K Free: 24120K (47%)
ptolemy.util.test.WatchDog.cancel(): canceling Sat Aug 29 15:34:23 UTC 2020
auto.tcl: Setting watchdog for 200 seconds at Sat Aug 29 15:34:23 UTC 2020
36 ms. Memory: 51200K Free: 20848K (41%)
ptolemy.util.test.WatchDog.cancel(): canceling Sat Aug 29 15:34:24 UTC 2020
------------------ testing $PTII/ptolemy/domains/de/test/auto/ClockDriftAndValueChange.xml
auto.tcl: Setting watchdog for 200 seconds at Sat Aug 29 15:34:24 UTC 2020
45 ms. Memory: 51200K Free: 23970K (47%)
ptolemy.util.test.WatchDog.cancel(): canceling Sat Aug 29 15:34:24 UTC 2020
auto.tcl: Setting watchdog for 200 seconds at Sat Aug 29 15:34:24 UTC 2020
23 ms. Memory: 51200K Free: 20979K (41%)
ptolemy.util.test.WatchDog.cancel(): canceling Sat Aug 29 15:34:24 UTC 2020
------------------ testing $PTII/ptolemy/domains/de/test/auto/ClockDriftChange.xml
auto.tcl: Setting watchdog for 200 seconds at Sat Aug 29 15:34:24 UTC 2020
16 ms. Memory: 51200K Free: 25998K (51%)
ptolemy.util.test.WatchDog.cancel(): canceling Sat Aug 29 15:34:24 UTC 2020
auto.tcl: Setting watchdog for 200 seconds at Sat Aug 29 15:34:24 UTC 2020
15 ms. Memory: 51200K Free: 23481K (46%)
ptolemy.util.test.WatchDog.cancel(): canceling Sat Aug 29 15:34:24 UTC 2020
------------------ testing $PTII/ptolemy/domains/de/test/auto/ComposableCausalityAnalysis.xml
auto.tcl: Setting watchdog for 200 seconds at Sat Aug 29 15:34:24 UTC 2020
2 ms. Memory: 51200K Free: 30785K (60%)
ptolemy.util.test.WatchDog.cancel(): canceling Sat Aug 29 15:34:24 UTC 2020
auto.tcl: Setting watchdog for 200 seconds at Sat Aug 29 15:34:24 UTC 2020
5 ms. Memory: 51200K Free: 29778K (58%)
ptolemy.util.test.WatchDog.cancel(): canceling Sat Aug 29 15:34:24 UTC 2020
------------------ testing $PTII/ptolemy/domains/de/test/auto/DEFixedPointLimitation.xml
auto.tcl: Setting watchdog for 200 seconds at Sat Aug 29 15:34:24 UTC 2020
1 ms. Memory: 51200K Free: 32247K (63%)
ptolemy.util.test.WatchDog.cancel(): canceling Sat Aug 29 15:34:24 UTC 2020
auto.tcl: Setting watchdog for 200 seconds at Sat Aug 29 15:34:24 UTC 2020
1 ms. Memory: 51200K Free: 31366K (61%)
ptolemy.util.test.WatchDog.cancel(): canceling Sat Aug 29 15:34:24 UTC 2020
------------------ testing $PTII/ptolemy/domains/de/test/auto/DEScheduleTest.xml
auto.tcl: Setting watchdog for 200 seconds at Sat Aug 29 15:34:24 UTC 2020
3 ms. Memory: 51200K Free: 32570K (64%)
ptolemy.util.test.WatchDog.cancel(): canceling Sat Aug 29 15:34:24 UTC 2020
auto.tcl: Setting watchdog for 200 seconds at Sat Aug 29 15:34:24 UTC 2020
3 ms. Memory: 51200K Free: 31825K (62%)
ptolemy.util.test.WatchDog.cancel(): canceling Sat Aug 29 15:34:24 UTC 2020
------------------ testing $PTII/ptolemy/domains/de/test/auto/DEinDEwithStartTimes.xml
auto.tcl: Setting watchdog for 200 seconds at Sat Aug 29 15:34:24 UTC 2020
5 ms. Memory: 51200K Free: 30752K (60%)
ptolemy.util.test.WatchDog.cancel(): canceling Sat Aug 29 15:34:24 UTC 2020
auto.tcl: Setting watchdog for 200 seconds at Sat Aug 29 15:34:24 UTC 2020
3 ms. Memory: 51200K Free: 29836K (58%)
ptolemy.util.test.WatchDog.cancel(): canceling Sat Aug 29 15:34:24 UTC 2020
------------------ testing $PTII/ptolemy/domains/de/test/auto/DEinDEwithStartTimes2.xml
auto.tcl: Setting watchdog for 200 seconds at Sat Aug 29 15:34:24 UTC 2020
11 ms. Memory: 51200K Free: 29861K (58%)
ptolemy.util.test.WatchDog.cancel(): canceling Sat Aug 29 15:34:24 UTC 2020
auto.tcl: Setting watchdog for 200 seconds at Sat Aug 29 15:34:24 UTC 2020
3 ms. Memory: 51200K Free: 28684K (56%)
ptolemy.util.test.WatchDog.cancel(): canceling Sat Aug 29 15:34:24 UTC 2020
------------------ testing $PTII/ptolemy/domains/de/test/auto/DateDemo.xml
auto.tcl: Setting watchdog for 200 seconds at Sat Aug 29 15:34:24 UTC 2020
21 ms. Memory: 51200K Free: 24029K (47%)
ptolemy.util.test.WatchDog.cancel(): canceling Sat Aug 29 15:34:24 UTC 2020
auto.tcl: Setting watchdog for 200 seconds at Sat Aug 29 15:34:24 UTC 2020
6 ms. Memory: 51200K Free: 22632K (44%)
ptolemy.util.test.WatchDog.cancel(): canceling Sat Aug 29 15:34:24 UTC 2020
------------------ testing $PTII/ptolemy/domains/de/test/auto/DateToEvent.xml
auto.tcl: Setting watchdog for 200 seconds at Sat Aug 29 15:34:24 UTC 2020
2007 ms. Memory: 51200K Free: 20246K (40%)
ptolemy.util.test.WatchDog.cancel(): canceling Sat Aug 29 15:34:26 UTC 2020
auto.tcl: Setting watchdog for 200 seconds at Sat Aug 29 15:34:26 UTC 2020
2004 ms. Memory: 51200K Free: 19367K (38%)
ptolemy.util.test.WatchDog.cancel(): canceling Sat Aug 29 15:34:28 UTC 2020
------------------ testing $PTII/ptolemy/domains/de/test/auto/DepthTest1.xml
auto.tcl: Setting watchdog for 200 seconds at Sat Aug 29 15:34:28 UTC 2020
2 ms. Memory: 51200K Free: 33413K (65%)
ptolemy.util.test.WatchDog.cancel(): canceling Sat Aug 29 15:34:28 UTC 2020
auto.tcl: Setting watchdog for 200 seconds at Sat Aug 29 15:34:28 UTC 2020
1 ms. Memory: 51200K Free: 32930K (64%)
ptolemy.util.test.WatchDog.cancel(): canceling Sat Aug 29 15:34:29 UTC 2020
------------------ testing $PTII/ptolemy/domains/de/test/auto/DepthTest2.xml
auto.tcl: Setting watchdog for 200 seconds at Sat Aug 29 15:34:29 UTC 2020
3 ms. Memory: 51200K Free: 30180K (59%)
ptolemy.util.test.WatchDog.cancel(): canceling Sat Aug 29 15:34:29 UTC 2020
auto.tcl: Setting watchdog for 200 seconds at Sat Aug 29 15:34:29 UTC 2020
2 ms. Memory: 51200K Free: 29721K (58%)
ptolemy.util.test.WatchDog.cancel(): canceling Sat Aug 29 15:34:29 UTC 2020
------------------ testing $PTII/ptolemy/domains/de/test/auto/DepthTest3.xml
auto.tcl: Setting watchdog for 200 seconds at Sat Aug 29 15:34:29 UTC 2020
4 ms. Memory: 51200K Free: 33723K (66%)
ptolemy.util.test.WatchDog.cancel(): canceling Sat Aug 29 15:34:29 UTC 2020
auto.tcl: Setting watchdog for 200 seconds at Sat Aug 29 15:34:29 UTC 2020
1 ms. Memory: 51200K Free: 33235K (65%)
ptolemy.util.test.WatchDog.cancel(): canceling Sat Aug 29 15:34:29 UTC 2020
------------------ testing $PTII/ptolemy/domains/de/test/auto/DepthTest4.xml
auto.tcl: Setting watchdog for 200 seconds at Sat Aug 29 15:34:29 UTC 2020
3 ms. Memory: 51200K Free: 31965K (62%)
ptolemy.util.test.WatchDog.cancel(): canceling Sat Aug 29 15:34:29 UTC 2020
auto.tcl: Setting watchdog for 200 seconds at Sat Aug 29 15:34:29 UTC 2020
2 ms. Memory: 51200K Free: 30877K (60%)
ptolemy.util.test.WatchDog.cancel(): canceling Sat Aug 29 15:34:29 UTC 2020
------------------ testing $PTII/ptolemy/domains/de/test/auto/DepthTest5.xml
auto.tcl: Setting watchdog for 200 seconds at Sat Aug 29 15:34:29 UTC 2020
4 ms. Memory: 51200K Free: 31421K (61%)
ptolemy.util.test.WatchDog.cancel(): canceling Sat Aug 29 15:34:29 UTC 2020
auto.tcl: Setting watchdog for 200 seconds at Sat Aug 29 15:34:29 UTC 2020
3 ms. Memory: 51200K Free: 30684K (60%)
ptolemy.util.test.WatchDog.cancel(): canceling Sat Aug 29 15:34:29 UTC 2020
------------------ testing $PTII/ptolemy/domains/de/test/auto/DepthTest6.xml
auto.tcl: Setting watchdog for 200 seconds at Sat Aug 29 15:34:29 UTC 2020
4 ms. Memory: 51200K Free: 31121K (61%)
ptolemy.util.test.WatchDog.cancel(): canceling Sat Aug 29 15:34:29 UTC 2020
auto.tcl: Setting watchdog for 200 seconds at Sat Aug 29 15:34:29 UTC 2020
3 ms. Memory: 51200K Free: 30665K (60%)
ptolemy.util.test.WatchDog.cancel(): canceling Sat Aug 29 15:34:29 UTC 2020
------------------ testing $PTII/ptolemy/domains/de/test/auto/DepthTest7.xml
auto.tcl: Setting watchdog for 200 seconds at Sat Aug 29 15:34:29 UTC 2020
3 ms. Memory: 51200K Free: 31818K (62%)
ptolemy.util.test.WatchDog.cancel(): canceling Sat Aug 29 15:34:29 UTC 2020
auto.tcl: Setting watchdog for 200 seconds at Sat Aug 29 15:34:29 UTC 2020
3 ms. Memory: 51200K Free: 31193K (61%)
ptolemy.util.test.WatchDog.cancel(): canceling Sat Aug 29 15:34:29 UTC 2020
------------------ testing $PTII/ptolemy/domains/de/test/auto/EventToDate.xml
auto.tcl: Setting watchdog for 200 seconds at Sat Aug 29 15:34:29 UTC 2020
3010 ms. Memory: 51200K Free: 22656K (44%)
ptolemy.util.test.WatchDog.cancel(): canceling Sat Aug 29 15:34:32 UTC 2020
auto.tcl: Setting watchdog for 200 seconds at Sat Aug 29 15:34:32 UTC 2020
3004 ms. Memory: 51200K Free: 22027K (43%)
ptolemy.util.test.WatchDog.cancel(): canceling Sat Aug 29 15:34:35 UTC 2020
------------------ testing $PTII/ptolemy/domains/de/test/auto/FSM1.xml
auto.tcl: Setting watchdog for 200 seconds at Sat Aug 29 15:34:35 UTC 2020
38 ms. Memory: 51200K Free: 23957K (47%)
ptolemy.util.test.WatchDog.cancel(): canceling Sat Aug 29 15:34:35 UTC 2020
auto.tcl: Setting watchdog for 200 seconds at Sat Aug 29 15:34:35 UTC 2020
21 ms. Memory: 51200K Free: 20683K (40%)
ptolemy.util.test.WatchDog.cancel(): canceling Sat Aug 29 15:34:35 UTC 2020
------------------ testing $PTII/ptolemy/domains/de/test/auto/FSM7.xml
auto.tcl: Setting watchdog for 200 seconds at Sat Aug 29 15:34:35 UTC 2020
20 ms. Memory: 51200K Free: 23589K (46%)
ptolemy.util.test.WatchDog.cancel(): canceling Sat Aug 29 15:34:35 UTC 2020
auto.tcl: Setting watchdog for 200 seconds at Sat Aug 29 15:34:35 UTC 2020
14 ms. Memory: 51200K Free: 20432K (40%)
ptolemy.util.test.WatchDog.cancel(): canceling Sat Aug 29 15:34:35 UTC 2020
------------------ testing $PTII/ptolemy/domains/de/test/auto/Inspection.xml
auto.tcl: Setting watchdog for 200 seconds at Sat Aug 29 15:34:35 UTC 2020
24 ms. Memory: 51200K Free: 23111K (45%)
ptolemy.util.test.WatchDog.cancel(): canceling Sat Aug 29 15:34:35 UTC 2020
auto.tcl: Setting watchdog for 200 seconds at Sat Aug 29 15:34:35 UTC 2020
33 ms. Memory: 51200K Free: 21470K (42%)
ptolemy.util.test.WatchDog.cancel(): canceling Sat Aug 29 15:34:35 UTC 2020
------------------ testing $PTII/ptolemy/domains/de/test/auto/Iteration.xml
auto.tcl: Setting watchdog for 200 seconds at Sat Aug 29 15:34:35 UTC 2020
6 ms. Memory: 51200K Free: 29180K (57%)
ptolemy.util.test.WatchDog.cancel(): canceling Sat Aug 29 15:34:36 UTC 2020
auto.tcl: Setting watchdog for 200 seconds at Sat Aug 29 15:34:36 UTC 2020
6 ms. Memory: 51200K Free: 27993K (55%)
ptolemy.util.test.WatchDog.cancel(): canceling Sat Aug 29 15:34:36 UTC 2020
------------------ testing $PTII/ptolemy/domains/de/test/auto/LineFault.xml
auto.tcl: Setting watchdog for 200 seconds at Sat Aug 29 15:34:36 UTC 2020
547 ms. Memory: 51200K Free: 14432K (28%)
ptolemy.util.test.WatchDog.cancel(): canceling Sat Aug 29 15:34:36 UTC 2020
auto.tcl: Setting watchdog for 200 seconds at Sat Aug 29 15:34:36 UTC 2020
484 ms. Memory: 64512K Free: 41115K (64%)
ptolemy.util.test.WatchDog.cancel(): canceling Sat Aug 29 15:34:37 UTC 2020
------------------ testing $PTII/ptolemy/domains/de/test/auto/MergeModel1Add.xml
auto.tcl: Setting watchdog for 200 seconds at Sat Aug 29 15:34:37 UTC 2020
30 ms. Memory: 55296K Free: 19532K (35%)
ptolemy.util.test.WatchDog.cancel(): canceling Sat Aug 29 15:34:37 UTC 2020
auto.tcl: Setting watchdog for 200 seconds at Sat Aug 29 15:34:37 UTC 2020
10 ms. Memory: 55296K Free: 17915K (32%)
ptolemy.util.test.WatchDog.cancel(): canceling Sat Aug 29 15:34:37 UTC 2020
------------------ testing $PTII/ptolemy/domains/de/test/auto/MergeModel2Add.xml
auto.tcl: Setting watchdog for 200 seconds at Sat Aug 29 15:34:37 UTC 2020
8 ms. Memory: 51200K Free: 17256K (34%)
ptolemy.util.test.WatchDog.cancel(): canceling Sat Aug 29 15:34:37 UTC 2020
auto.tcl: Setting watchdog for 200 seconds at Sat Aug 29 15:34:37 UTC 2020
8 ms. Memory: 51200K Free: 15554K (30%)
ptolemy.util.test.WatchDog.cancel(): canceling Sat Aug 29 15:34:37 UTC 2020
------------------ testing $PTII/ptolemy/domains/de/test/auto/MergeModel3Add.xml
auto.tcl: Setting watchdog for 200 seconds at Sat Aug 29 15:34:37 UTC 2020
8 ms. Memory: 51200K Free: 17497K (34%)
ptolemy.util.test.WatchDog.cancel(): canceling Sat Aug 29 15:34:37 UTC 2020
auto.tcl: Setting watchdog for 200 seconds at Sat Aug 29 15:34:37 UTC 2020
9 ms. Memory: 51200K Free: 15972K (31%)
ptolemy.util.test.WatchDog.cancel(): canceling Sat Aug 29 15:34:37 UTC 2020
------------------ testing $PTII/ptolemy/domains/de/test/auto/MergeWithoutDiscard.xml
auto.tcl: Setting watchdog for 200 seconds at Sat Aug 29 15:34:37 UTC 2020
1 ms. Memory: 51200K Free: 32053K (63%)
ptolemy.util.test.WatchDog.cancel(): canceling Sat Aug 29 15:34:37 UTC 2020
auto.tcl: Setting watchdog for 200 seconds at Sat Aug 29 15:34:37 UTC 2020
1 ms. Memory: 51200K Free: 31631K (62%)
ptolemy.util.test.WatchDog.cancel(): canceling Sat Aug 29 15:34:37 UTC 2020
------------------ testing $PTII/ptolemy/domains/de/test/auto/Modal1.xml
auto.tcl: Setting watchdog for 200 seconds at Sat Aug 29 15:34:37 UTC 2020
17 ms. Memory: 51200K Free: 23957K (47%)
ptolemy.util.test.WatchDog.cancel(): canceling Sat Aug 29 15:34:37 UTC 2020
auto.tcl: Setting watchdog for 200 seconds at Sat Aug 29 15:34:37 UTC 2020
19 ms. Memory: 51200K Free: 20535K (40%)
ptolemy.util.test.WatchDog.cancel(): canceling Sat Aug 29 15:34:37 UTC 2020
------------------ testing $PTII/ptolemy/domains/de/test/auto/Modal2.xml
auto.tcl: Setting watchdog for 200 seconds at Sat Aug 29 15:34:37 UTC 2020
16 ms. Memory: 51200K Free: 24088K (47%)
ptolemy.util.test.WatchDog.cancel(): canceling Sat Aug 29 15:34:37 UTC 2020
auto.tcl: Setting watchdog for 200 seconds at Sat Aug 29 15:34:37 UTC 2020
16 ms. Memory: 51200K Free: 20428K (40%)
ptolemy.util.test.WatchDog.cancel(): canceling Sat Aug 29 15:34:37 UTC 2020
------------------ testing $PTII/ptolemy/domains/de/test/auto/Modal3.xml
auto.tcl: Setting watchdog for 200 seconds at Sat Aug 29 15:34:37 UTC 2020
13 ms. Memory: 51200K Free: 23855K (47%)
ptolemy.util.test.WatchDog.cancel(): canceling Sat Aug 29 15:34:38 UTC 2020
auto.tcl: Setting watchdog for 200 seconds at Sat Aug 29 15:34:38 UTC 2020
15 ms. Memory: 51200K Free: 20881K (41%)
ptolemy.util.test.WatchDog.cancel(): canceling Sat Aug 29 15:34:38 UTC 2020
------------------ testing $PTII/ptolemy/domains/de/test/auto/Modal4.xml
auto.tcl: Setting watchdog for 200 seconds at Sat Aug 29 15:34:38 UTC 2020
23 ms. Memory: 51200K Free: 23043K (45%)
ptolemy.util.test.WatchDog.cancel(): canceling Sat Aug 29 15:34:38 UTC 2020
auto.tcl: Setting watchdog for 200 seconds at Sat Aug 29 15:34:38 UTC 2020
22 ms. Memory: 51200K Free: 19225K (38%)
ptolemy.util.test.WatchDog.cancel(): canceling Sat Aug 29 15:34:38 UTC 2020
------------------ testing $PTII/ptolemy/domains/de/test/auto/Modal5.xml
auto.tcl: Setting watchdog for 200 seconds at Sat Aug 29 15:34:38 UTC 2020
12 ms. Memory: 51200K Free: 23030K (45%)
ptolemy.util.test.WatchDog.cancel(): canceling Sat Aug 29 15:34:38 UTC 2020
auto.tcl: Setting watchdog for 200 seconds at Sat Aug 29 15:34:38 UTC 2020
14 ms. Memory: 51200K Free: 19211K (38%)
ptolemy.util.test.WatchDog.cancel(): canceling Sat Aug 29 15:34:38 UTC 2020
------------------ testing $PTII/ptolemy/domains/de/test/auto/Modal6.xml
auto.tcl: Setting watchdog for 200 seconds at Sat Aug 29 15:34:38 UTC 2020
15 ms. Memory: 51200K Free: 23822K (47%)
ptolemy.util.test.WatchDog.cancel(): canceling Sat Aug 29 15:34:38 UTC 2020
auto.tcl: Setting watchdog for 200 seconds at Sat Aug 29 15:34:38 UTC 2020
13 ms. Memory: 51200K Free: 19844K (39%)
ptolemy.util.test.WatchDog.cancel(): canceling Sat Aug 29 15:34:38 UTC 2020
------------------ testing $PTII/ptolemy/domains/de/test/auto/Modal7.xml
auto.tcl: Setting watchdog for 200 seconds at Sat Aug 29 15:34:38 UTC 2020
15 ms. Memory: 51200K Free: 23029K (45%)
ptolemy.util.test.WatchDog.cancel(): canceling Sat Aug 29 15:34:38 UTC 2020
auto.tcl: Setting watchdog for 200 seconds at Sat Aug 29 15:34:38 UTC 2020
11 ms. Memory: 51200K Free: 19471K (38%)
ptolemy.util.test.WatchDog.cancel(): canceling Sat Aug 29 15:34:38 UTC 2020
------------------ testing $PTII/ptolemy/domains/de/test/auto/ModalModel.xml
auto.tcl: Setting watchdog for 200 seconds at Sat Aug 29 15:34:38 UTC 2020
157 ms. Memory: 51200K Free: 15206K (30%)
ptolemy.util.test.WatchDog.cancel(): canceling Sat Aug 29 15:34:38 UTC 2020
auto.tcl: Setting watchdog for 200 seconds at Sat Aug 29 15:34:38 UTC 2020
186 ms. Memory: 61440K Free: 17231K (28%)
ptolemy.util.test.WatchDog.cancel(): canceling Sat Aug 29 15:34:38 UTC 2020
------------------ testing $PTII/ptolemy/domains/de/test/auto/ModalSource.xml
auto.tcl: Setting watchdog for 200 seconds at Sat Aug 29 15:34:38 UTC 2020
5 ms. Memory: 55296K Free: 31982K (58%)
ptolemy.util.test.WatchDog.cancel(): canceling Sat Aug 29 15:34:38 UTC 2020
auto.tcl: Setting watchdog for 200 seconds at Sat Aug 29 15:34:38 UTC 2020
6 ms. Memory: 55296K Free: 29934K (54%)
ptolemy.util.test.WatchDog.cancel(): canceling Sat Aug 29 15:34:38 UTC 2020
------------------ testing $PTII/ptolemy/domains/de/test/auto/NonInterruptibleTimerZeroDelay.xml
auto.tcl: Setting watchdog for 200 seconds at Sat Aug 29 15:34:38 UTC 2020
3 ms. Memory: 55296K Free: 36869K (67%)
ptolemy.util.test.WatchDog.cancel(): canceling Sat Aug 29 15:34:39 UTC 2020
auto.tcl: Setting watchdog for 200 seconds at Sat Aug 29 15:34:39 UTC 2020
2 ms. Memory: 55296K Free: 36256K (66%)
ptolemy.util.test.WatchDog.cancel(): canceling Sat Aug 29 15:34:39 UTC 2020
------------------ testing $PTII/ptolemy/domains/de/test/auto/OpenQueueingNetwork.xml
auto.tcl: Setting watchdog for 200 seconds at Sat Aug 29 15:34:39 UTC 2020
2799 ms. Memory: 106496K Free: 76424K (72%)
ptolemy.util.test.WatchDog.cancel(): canceling Sat Aug 29 15:34:41 UTC 2020
auto.tcl: Setting watchdog for 200 seconds at Sat Aug 29 15:34:41 UTC 2020
2379 ms. Memory: 128000K Free: 106157K (83%)
ptolemy.util.test.WatchDog.cancel(): canceling Sat Aug 29 15:34:44 UTC 2020
------------------ testing $PTII/ptolemy/domains/de/test/auto/OpenQueuingNetwork.xml
auto.tcl: Setting watchdog for 200 seconds at Sat Aug 29 15:34:44 UTC 2020
255 ms. Memory: 58368K Free: 31598K (54%)
ptolemy.util.test.WatchDog.cancel(): canceling Sat Aug 29 15:34:44 UTC 2020
auto.tcl: Setting watchdog for 200 seconds at Sat Aug 29 15:34:44 UTC 2020
238 ms. Memory: 58368K Free: 12446K (21%)
ptolemy.util.test.WatchDog.cancel(): canceling Sat Aug 29 15:34:44 UTC 2020
------------------ testing $PTII/ptolemy/domains/de/test/auto/PeriodicSampler.xml
auto.tcl: Setting watchdog for 200 seconds at Sat Aug 29 15:34:45 UTC 2020
2 ms. Memory: 55296K Free: 36116K (65%)
ptolemy.util.test.WatchDog.cancel(): canceling Sat Aug 29 15:34:45 UTC 2020
auto.tcl: Setting watchdog for 200 seconds at Sat Aug 29 15:34:45 UTC 2020
2 ms. Memory: 55296K Free: 35596K (64%)
ptolemy.util.test.WatchDog.cancel(): canceling Sat Aug 29 15:34:45 UTC 2020
------------------ testing $PTII/ptolemy/domains/de/test/auto/PersistentIO.xml
auto.tcl: Setting watchdog for 200 seconds at Sat Aug 29 15:34:45 UTC 2020
15 ms. Memory: 55296K Free: 31040K (56%)
ptolemy.util.test.WatchDog.cancel(): canceling Sat Aug 29 15:34:45 UTC 2020
auto.tcl: Setting watchdog for 200 seconds at Sat Aug 29 15:34:45 UTC 2020
4 ms. Memory: 55296K Free: 29520K (53%)
ptolemy.util.test.WatchDog.cancel(): canceling Sat Aug 29 15:34:45 UTC 2020
------------------ testing $PTII/ptolemy/domains/de/test/auto/PortParameterResetOnInitialize.xml
auto.tcl: Setting watchdog for 200 seconds at Sat Aug 29 15:34:45 UTC 2020
2 ms. Memory: 51200K Free: 32135K (63%)
ptolemy.util.test.WatchDog.cancel(): canceling Sat Aug 29 15:34:45 UTC 2020
auto.tcl: Setting watchdog for 200 seconds at Sat Aug 29 15:34:45 UTC 2020
2 ms. Memory: 51200K Free: 31623K (62%)
ptolemy.util.test.WatchDog.cancel(): canceling Sat Aug 29 15:34:45 UTC 2020
------------------ testing $PTII/ptolemy/domains/de/test/auto/PortParameterUpdates.xml
auto.tcl: Setting watchdog for 200 seconds at Sat Aug 29 15:34:45 UTC 2020
5 ms. Memory: 51200K Free: 30237K (59%)
ptolemy.util.test.WatchDog.cancel(): canceling Sat Aug 29 15:34:45 UTC 2020
auto.tcl: Setting watchdog for 200 seconds at Sat Aug 29 15:34:45 UTC 2020
4 ms. Memory: 51200K Free: 28994K (57%)
ptolemy.util.test.WatchDog.cancel(): canceling Sat Aug 29 15:34:45 UTC 2020
------------------ testing $PTII/ptolemy/domains/de/test/auto/QueueAndServer.xml
auto.tcl: Setting watchdog for 200 seconds at Sat Aug 29 15:34:45 UTC 2020
16 ms. Memory: 51200K Free: 28904K (56%)
ptolemy.util.test.WatchDog.cancel(): canceling Sat Aug 29 15:34:45 UTC 2020
auto.tcl: Setting watchdog for 200 seconds at Sat Aug 29 15:34:45 UTC 2020
6 ms. Memory: 51200K Free: 27432K (54%)
ptolemy.util.test.WatchDog.cancel(): canceling Sat Aug 29 15:34:45 UTC 2020
------------------ testing $PTII/ptolemy/domains/de/test/auto/Records.xml
auto.tcl: Setting watchdog for 200 seconds at Sat Aug 29 15:34:45 UTC 2020
2 ms. Memory: 51200K Free: 31183K (61%)
ptolemy.util.test.WatchDog.cancel(): canceling Sat Aug 29 15:34:45 UTC 2020
auto.tcl: Setting watchdog for 200 seconds at Sat Aug 29 15:34:45 UTC 2020
3 ms. Memory: 51200K Free: 30663K (60%)
ptolemy.util.test.WatchDog.cancel(): canceling Sat Aug 29 15:34:45 UTC 2020
------------------ testing $PTII/ptolemy/domains/de/test/auto/ResetTransitionWithStartTime1.xml
auto.tcl: Setting watchdog for 200 seconds at Sat Aug 29 15:34:45 UTC 2020
11 ms. Memory: 51200K Free: 28428K (56%)
ptolemy.util.test.WatchDog.cancel(): canceling Sat Aug 29 15:34:45 UTC 2020
auto.tcl: Setting watchdog for 200 seconds at Sat Aug 29 15:34:45 UTC 2020
8 ms. Memory: 51200K Free: 26381K (52%)
ptolemy.util.test.WatchDog.cancel(): canceling Sat Aug 29 15:34:45 UTC 2020
------------------ testing $PTII/ptolemy/domains/de/test/auto/ResetTransitionWithStartTime2.xml
auto.tcl: Setting watchdog for 200 seconds at Sat Aug 29 15:34:45 UTC 2020
6 ms. Memory: 51200K Free: 28383K (55%)
ptolemy.util.test.WatchDog.cancel(): canceling Sat Aug 29 15:34:45 UTC 2020
auto.tcl: Setting watchdog for 200 seconds at Sat Aug 29 15:34:45 UTC 2020
7 ms. Memory: 51200K Free: 26335K (51%)
ptolemy.util.test.WatchDog.cancel(): canceling Sat Aug 29 15:34:45 UTC 2020
------------------ testing $PTII/ptolemy/domains/de/test/auto/ResetTransitionWithStartTime3.xml
auto.tcl: Setting watchdog for 200 seconds at Sat Aug 29 15:34:45 UTC 2020
7 ms. Memory: 51200K Free: 28382K (55%)
ptolemy.util.test.WatchDog.cancel(): canceling Sat Aug 29 15:34:45 UTC 2020
auto.tcl: Setting watchdog for 200 seconds at Sat Aug 29 15:34:45 UTC 2020
5 ms. Memory: 51200K Free: 26334K (51%)
ptolemy.util.test.WatchDog.cancel(): canceling Sat Aug 29 15:34:45 UTC 2020
------------------ testing $PTII/ptolemy/domains/de/test/auto/ResetTransitionWithStartTime4.xml
auto.tcl: Setting watchdog for 200 seconds at Sat Aug 29 15:34:45 UTC 2020
6 ms. Memory: 51200K Free: 28809K (56%)
ptolemy.util.test.WatchDog.cancel(): canceling Sat Aug 29 15:34:45 UTC 2020
auto.tcl: Setting watchdog for 200 seconds at Sat Aug 29 15:34:45 UTC 2020
3 ms. Memory: 51200K Free: 27357K (53%)
ptolemy.util.test.WatchDog.cancel(): canceling Sat Aug 29 15:34:45 UTC 2020
------------------ testing $PTII/ptolemy/domains/de/test/auto/ResettableTimer1.xml
auto.tcl: Setting watchdog for 200 seconds at Sat Aug 29 15:34:45 UTC 2020
3 ms. Memory: 51200K Free: 32596K (64%)
ptolemy.util.test.WatchDog.cancel(): canceling Sat Aug 29 15:34:45 UTC 2020
auto.tcl: Setting watchdog for 200 seconds at Sat Aug 29 15:34:45 UTC 2020
2 ms. Memory: 51200K Free: 31915K (62%)
ptolemy.util.test.WatchDog.cancel(): canceling Sat Aug 29 15:34:45 UTC 2020
------------------ testing $PTII/ptolemy/domains/de/test/auto/ResettableTimer2.xml
auto.tcl: Setting watchdog for 200 seconds at Sat Aug 29 15:34:45 UTC 2020
2 ms. Memory: 51200K Free: 32614K (64%)
ptolemy.util.test.WatchDog.cancel(): canceling Sat Aug 29 15:34:45 UTC 2020
auto.tcl: Setting watchdog for 200 seconds at Sat Aug 29 15:34:45 UTC 2020
2 ms. Memory: 51200K Free: 31995K (62%)
ptolemy.util.test.WatchDog.cancel(): canceling Sat Aug 29 15:34:45 UTC 2020
------------------ testing $PTII/ptolemy/domains/de/test/auto/ResettableTimer3.xml
auto.tcl: Setting watchdog for 200 seconds at Sat Aug 29 15:34:45 UTC 2020
2 ms. Memory: 51200K Free: 32515K (64%)
ptolemy.util.test.WatchDog.cancel(): canceling Sat Aug 29 15:34:45 UTC 2020
auto.tcl: Setting watchdog for 200 seconds at Sat Aug 29 15:34:45 UTC 2020
2 ms. Memory: 51200K Free: 32515K (64%)
ptolemy.util.test.WatchDog.cancel(): canceling Sat Aug 29 15:34:45 UTC 2020
------------------ testing $PTII/ptolemy/domains/de/test/auto/ResettableTimer4.xml
auto.tcl: Setting watchdog for 200 seconds at Sat Aug 29 15:34:45 UTC 2020
1 ms. Memory: 51200K Free: 32528K (64%)
ptolemy.util.test.WatchDog.cancel(): canceling Sat Aug 29 15:34:45 UTC 2020
auto.tcl: Setting watchdog for 200 seconds at Sat Aug 29 15:34:45 UTC 2020
1 ms. Memory: 51200K Free: 32014K (63%)
ptolemy.util.test.WatchDog.cancel(): canceling Sat Aug 29 15:34:45 UTC 2020
------------------ testing $PTII/ptolemy/domains/de/test/auto/ResettableTimer5.xml
auto.tcl: Setting watchdog for 200 seconds at Sat Aug 29 15:34:45 UTC 2020
1 ms. Memory: 51200K Free: 32006K (63%)
ptolemy.util.test.WatchDog.cancel(): canceling Sat Aug 29 15:34:45 UTC 2020
auto.tcl: Setting watchdog for 200 seconds at Sat Aug 29 15:34:45 UTC 2020
2 ms. Memory: 51200K Free: 31503K (62%)
ptolemy.util.test.WatchDog.cancel(): canceling Sat Aug 29 15:34:45 UTC 2020
------------------ testing $PTII/ptolemy/domains/de/test/auto/ResettableTimer6.xml
auto.tcl: Setting watchdog for 200 seconds at Sat Aug 29 15:34:45 UTC 2020
1 ms. Memory: 51200K Free: 32003K (63%)
ptolemy.util.test.WatchDog.cancel(): canceling Sat Aug 29 15:34:45 UTC 2020
auto.tcl: Setting watchdog for 200 seconds at Sat Aug 29 15:34:45 UTC 2020
1 ms. Memory: 51200K Free: 31493K (62%)
ptolemy.util.test.WatchDog.cancel(): canceling Sat Aug 29 15:34:45 UTC 2020
------------------ testing $PTII/ptolemy/domains/de/test/auto/ServerZeroDelay.xml
auto.tcl: Setting watchdog for 200 seconds at Sat Aug 29 15:34:46 UTC 2020
3 ms. Memory: 51200K Free: 32616K (64%)
ptolemy.util.test.WatchDog.cancel(): canceling Sat Aug 29 15:34:46 UTC 2020
auto.tcl: Setting watchdog for 200 seconds at Sat Aug 29 15:34:46 UTC 2020
2 ms. Memory: 51200K Free: 31485K (61%)
ptolemy.util.test.WatchDog.cancel(): canceling Sat Aug 29 15:34:46 UTC 2020
------------------ testing $PTII/ptolemy/domains/de/test/auto/SmartSender.xml
auto.tcl: Setting watchdog for 200 seconds at Sat Aug 29 15:34:46 UTC 2020
3002 ms. Memory: 51200K Free: 32502K (63%)
ptolemy.util.test.WatchDog.cancel(): canceling Sat Aug 29 15:34:49 UTC 2020
auto.tcl: Setting watchdog for 200 seconds at Sat Aug 29 15:34:49 UTC 2020
3001 ms. Memory: 51200K Free: 31997K (62%)
ptolemy.util.test.WatchDog.cancel(): canceling Sat Aug 29 15:34:52 UTC 2020
------------------ testing $PTII/ptolemy/domains/de/test/auto/ThreadedComposite.xml
auto.tcl: Setting watchdog for 200 seconds at Sat Aug 29 15:34:52 UTC 2020
222 ms. Memory: 51200K Free: 12037K (24%)
ptolemy.util.test.WatchDog.cancel(): canceling Sat Aug 29 15:34:52 UTC 2020
auto.tcl: Setting watchdog for 200 seconds at Sat Aug 29 15:34:52 UTC 2020
524 ms. Memory: 51200K Free: 26387K (52%)
ptolemy.util.test.WatchDog.cancel(): canceling Sat Aug 29 15:34:52 UTC 2020
------------------ testing $PTII/ptolemy/domains/de/test/auto/Time.xml
auto.tcl: Setting watchdog for 200 seconds at Sat Aug 29 15:34:52 UTC 2020
444 ms. Memory: 69632K Free: 23903K (34%)
ptolemy.util.test.WatchDog.cancel(): canceling Sat Aug 29 15:34:53 UTC 2020
auto.tcl: Setting watchdog for 200 seconds at Sat Aug 29 15:34:53 UTC 2020
397 ms. Memory: 69632K Free: 47450K (68%)
ptolemy.util.test.WatchDog.cancel(): canceling Sat Aug 29 15:34:53 UTC 2020
------------------ testing $PTII/ptolemy/domains/de/test/auto/TimeDelayZeroDelay.xml
auto.tcl: Setting watchdog for 200 seconds at Sat Aug 29 15:34:53 UTC 2020
1 ms. Memory: 51200K Free: 32928K (64%)
ptolemy.util.test.WatchDog.cancel(): canceling Sat Aug 29 15:34:53 UTC 2020
auto.tcl: Setting watchdog for 200 seconds at Sat Aug 29 15:34:53 UTC 2020
1 ms. Memory: 51200K Free: 32088K (63%)
ptolemy.util.test.WatchDog.cancel(): canceling Sat Aug 29 15:34:53 UTC 2020
------------------ testing $PTII/ptolemy/domains/de/test/auto/TimerZeroDelay.xml
auto.tcl: Setting watchdog for 200 seconds at Sat Aug 29 15:34:53 UTC 2020
2 ms. Memory: 51200K Free: 32857K (64%)
ptolemy.util.test.WatchDog.cancel(): canceling Sat Aug 29 15:34:53 UTC 2020
auto.tcl: Setting watchdog for 200 seconds at Sat Aug 29 15:34:53 UTC 2020
2 ms. Memory: 51200K Free: 32116K (63%)
ptolemy.util.test.WatchDog.cancel(): canceling Sat Aug 29 15:34:53 UTC 2020
------------------ testing $PTII/ptolemy/domains/de/test/auto/TimingParadox.xml
auto.tcl: Setting watchdog for 200 seconds at Sat Aug 29 15:34:54 UTC 2020
308 ms. Memory: 51200K Free: 17067K (33%)
ptolemy.util.test.WatchDog.cancel(): canceling Sat Aug 29 15:34:54 UTC 2020
auto.tcl: Setting watchdog for 200 seconds at Sat Aug 29 15:34:54 UTC 2020
297 ms. Memory: 51200K Free: 30249K (59%)
ptolemy.util.test.WatchDog.cancel(): canceling Sat Aug 29 15:34:54 UTC 2020
------------------ testing $PTII/ptolemy/domains/de/test/auto/TransferInputs.xml
auto.tcl: Setting watchdog for 200 seconds at Sat Aug 29 15:34:54 UTC 2020
2 ms. Memory: 51200K Free: 30927K (60%)
ptolemy.util.test.WatchDog.cancel(): canceling Sat Aug 29 15:34:54 UTC 2020
auto.tcl: Setting watchdog for 200 seconds at Sat Aug 29 15:34:54 UTC 2020
2 ms. Memory: 51200K Free: 30065K (59%)
ptolemy.util.test.WatchDog.cancel(): canceling Sat Aug 29 15:34:54 UTC 2020
------------------ testing $PTII/ptolemy/domains/de/test/auto/TransferOutputs2.xml
auto.tcl: Setting watchdog for 200 seconds at Sat Aug 29 15:34:54 UTC 2020
9 ms. Memory: 51200K Free: 28386K (55%)
ptolemy.util.test.WatchDog.cancel(): canceling Sat Aug 29 15:34:54 UTC 2020
auto.tcl: Setting watchdog for 200 seconds at Sat Aug 29 15:34:54 UTC 2020
2 ms. Memory: 51200K Free: 26975K (53%)
ptolemy.util.test.WatchDog.cancel(): canceling Sat Aug 29 15:34:54 UTC 2020
------------------ testing $PTII/ptolemy/domains/de/test/auto/Trilateration.xml
auto.tcl: Setting watchdog for 200 seconds at Sat Aug 29 15:34:54 UTC 2020
12051 ms. Memory: 510976K Free: 202533K (40%)
ptolemy.util.test.WatchDog.cancel(): canceling Sat Aug 29 15:35:07 UTC 2020
auto.tcl: Setting watchdog for 200 seconds at Sat Aug 29 15:35:07 UTC 2020
8668 ms. Memory: 510976K Free: 281495K (55%)
ptolemy.util.test.WatchDog.cancel(): canceling Sat Aug 29 15:35:16 UTC 2020
------------------ testing $PTII/ptolemy/domains/de/test/auto/TwoSigmaDelta.xml
auto.tcl: Setting watchdog for 200 seconds at Sat Aug 29 15:35:16 UTC 2020
2144 ms. Memory: 89088K Free: 16314K (18%)
ptolemy.util.test.WatchDog.cancel(): canceling Sat Aug 29 15:35:18 UTC 2020
auto.tcl: Setting watchdog for 200 seconds at Sat Aug 29 15:35:18 UTC 2020
1690 ms. Memory: 89088K Free: 58782K (66%)
ptolemy.util.test.WatchDog.cancel(): canceling Sat Aug 29 15:35:20 UTC 2020
------------------ testing $PTII/ptolemy/domains/de/test/auto/VariableDelay.xml
auto.tcl: Setting watchdog for 200 seconds at Sat Aug 29 15:35:20 UTC 2020
3 ms. Memory: 55296K Free: 35532K (64%)
ptolemy.util.test.WatchDog.cancel(): canceling Sat Aug 29 15:35:20 UTC 2020
auto.tcl: Setting watchdog for 200 seconds at Sat Aug 29 15:35:20 UTC 2020
2 ms. Memory: 55296K Free: 34516K (62%)
ptolemy.util.test.WatchDog.cancel(): canceling Sat Aug 29 15:35:20 UTC 2020
------------------ testing $PTII/ptolemy/domains/de/test/auto/VariableDelay2.xml
auto.tcl: Setting watchdog for 200 seconds at Sat Aug 29 15:35:20 UTC 2020
2 ms. Memory: 55296K Free: 35938K (65%)
ptolemy.util.test.WatchDog.cancel(): canceling Sat Aug 29 15:35:20 UTC 2020
auto.tcl: Setting watchdog for 200 seconds at Sat Aug 29 15:35:20 UTC 2020
2 ms. Memory: 55296K Free: 35434K (64%)
ptolemy.util.test.WatchDog.cancel(): canceling Sat Aug 29 15:35:20 UTC 2020
------------------ testing $PTII/ptolemy/domains/de/test/auto/VariableDelayZeroDelay.xml
auto.tcl: Setting watchdog for 200 seconds at Sat Aug 29 15:35:20 UTC 2020
2 ms. Memory: 55296K Free: 36457K (66%)
ptolemy.util.test.WatchDog.cancel(): canceling Sat Aug 29 15:35:20 UTC 2020
auto.tcl: Setting watchdog for 200 seconds at Sat Aug 29 15:35:20 UTC 2020
1 ms. Memory: 55296K Free: 35929K (65%)
ptolemy.util.test.WatchDog.cancel(): canceling Sat Aug 29 15:35:20 UTC 2020
------------------ testing $PTII/ptolemy/domains/de/test/auto/VariableDelayZeroDelay2.xml
auto.tcl: Setting watchdog for 200 seconds at Sat Aug 29 15:35:20 UTC 2020
2 ms. Memory: 55296K Free: 36456K (66%)
ptolemy.util.test.WatchDog.cancel(): canceling Sat Aug 29 15:35:20 UTC 2020
auto.tcl: Setting watchdog for 200 seconds at Sat Aug 29 15:35:20 UTC 2020
2 ms. Memory: 55296K Free: 35432K (64%)
ptolemy.util.test.WatchDog.cancel(): canceling Sat Aug 29 15:35:20 UTC 2020
------------------ testing $PTII/ptolemy/domains/de/test/auto/deInCt.xml
auto.tcl: Setting watchdog for 200 seconds at Sat Aug 29 15:35:20 UTC 2020
0
1
1
1
0
0
1
1
1
0
0
1
1
1
0
0
0
1
1
1
0
0
0
1
1
1
0
0
0
1
1
1
1
1
0
0
0
0
0
1
1
1
0
0
0
0
9 ms. Memory: 55296K Free: 35429K (64%)
ptolemy.util.test.WatchDog.cancel(): canceling Sat Aug 29 15:35:20 UTC 2020
auto.tcl: Setting watchdog for 200 seconds at Sat Aug 29 15:35:20 UTC 2020
0
1
1
1
0
0
0
1
1
1
0
0
0
1
1
1
0
0
0
1
1
1
1
0
0
0
1
1
1
1
0
0
0
0
1
1
1
0
0
1
1
1
1
6 ms. Memory: 55296K Free: 33891K (61%)
ptolemy.util.test.WatchDog.cancel(): canceling Sat Aug 29 15:35:20 UTC 2020
------------------ testing $PTII/ptolemy/domains/de/test/auto/deInCt2.xml
auto.tcl: Setting watchdog for 200 seconds at Sat Aug 29 15:35:20 UTC 2020
0
1
1
1
0
0
1
1
1
0
0
1
1
1
0
0
1
1
1
0
0
1
1
1
0
0
1
1
1
0
0
1
1
1
0
0
1
1
1
0
0
0
6 ms. Memory: 55296K Free: 35430K (64%)
ptolemy.util.test.WatchDog.cancel(): canceling Sat Aug 29 15:35:20 UTC 2020
auto.tcl: Setting watchdog for 200 seconds at Sat Aug 29 15:35:20 UTC 2020
0
1
1
1
0
0
1
1
1
0
0
1
1
1
0
0
1
1
1
0
0
1
1
1
0
0
1
1
1
0
0
1
1
1
0
0
1
1
1
0
0
0
3 ms. Memory: 55296K Free: 33878K (61%)
ptolemy.util.test.WatchDog.cancel(): canceling Sat Aug 29 15:35:20 UTC 2020
------------------ testing $PTII/ptolemy/domains/de/test/auto/dynamicCausalityInterface1.xml
auto.tcl: Setting watchdog for 200 seconds at Sat Aug 29 15:35:21 UTC 2020
1 ms. Memory: 55296K Free: 31329K (57%)
ptolemy.util.test.WatchDog.cancel(): canceling Sat Aug 29 15:35:21 UTC 2020
auto.tcl: Setting watchdog for 200 seconds at Sat Aug 29 15:35:21 UTC 2020
1 ms. Memory: 55296K Free: 30815K (56%)
ptolemy.util.test.WatchDog.cancel(): canceling Sat Aug 29 15:35:21 UTC 2020
------------------ testing $PTII/ptolemy/domains/de/test/auto/fsm_de_test.xml
auto.tcl: Setting watchdog for 200 seconds at Sat Aug 29 15:35:21 UTC 2020
7 ms. Memory: 55296K Free: 31227K (56%)
ptolemy.util.test.WatchDog.cancel(): canceling Sat Aug 29 15:35:21 UTC 2020
auto.tcl: Setting watchdog for 200 seconds at Sat Aug 29 15:35:21 UTC 2020
5 ms. Memory: 55296K Free: 29179K (53%)
ptolemy.util.test.WatchDog.cancel(): canceling Sat Aug 29 15:35:21 UTC 2020
------------------ testing $PTII/ptolemy/domains/de/test/auto/functionDependencyReconstruction.xml
auto.tcl: Setting watchdog for 200 seconds at Sat Aug 29 15:35:21 UTC 2020
2 ms. Memory: 55296K Free: 25073K (45%)
ptolemy.util.test.WatchDog.cancel(): canceling Sat Aug 29 15:35:21 UTC 2020
auto.tcl: Setting watchdog for 200 seconds at Sat Aug 29 15:35:21 UTC 2020
1 ms. Memory: 55296K Free: 23025K (42%)
ptolemy.util.test.WatchDog.cancel(): canceling Sat Aug 29 15:35:21 UTC 2020
------------------ testing $PTII/ptolemy/domains/de/test/auto/multirate.xml
auto.tcl: Setting watchdog for 200 seconds at Sat Aug 29 15:35:21 UTC 2020
2 ms. Memory: 51200K Free: 29706K (58%)
ptolemy.util.test.WatchDog.cancel(): canceling Sat Aug 29 15:35:21 UTC 2020
auto.tcl: Setting watchdog for 200 seconds at Sat Aug 29 15:35:21 UTC 2020
2 ms. Memory: 51200K Free: 28027K (55%)
ptolemy.util.test.WatchDog.cancel(): canceling Sat Aug 29 15:35:21 UTC 2020
------------------ testing $PTII/ptolemy/domains/de/test/auto/multirate2.xml
auto.tcl: Setting watchdog for 200 seconds at Sat Aug 29 15:35:21 UTC 2020
3 ms. Memory: 51200K Free: 29728K (58%)
ptolemy.util.test.WatchDog.cancel(): canceling Sat Aug 29 15:35:21 UTC 2020
auto.tcl: Setting watchdog for 200 seconds at Sat Aug 29 15:35:21 UTC 2020
3 ms. Memory: 51200K Free: 28208K (55%)
ptolemy.util.test.WatchDog.cancel(): canceling Sat Aug 29 15:35:21 UTC 2020
------------------ testing $PTII/ptolemy/domains/de/test/auto/realtime.xml
auto.tcl: Setting watchdog for 200 seconds at Sat Aug 29 15:35:21 UTC 2020
10001 ms. Memory: 51200K Free: 32003K (63%)
ptolemy.util.test.WatchDog.cancel(): canceling Sat Aug 29 15:35:31 UTC 2020
auto.tcl: Setting watchdog for 200 seconds at Sat Aug 29 15:35:31 UTC 2020
10001 ms. Memory: 51200K Free: 31278K (61%)
ptolemy.util.test.WatchDog.cancel(): canceling Sat Aug 29 15:35:41 UTC 2020
------------------ testing $PTII/ptolemy/domains/de/test/auto/relationGroup.xml
auto.tcl: Setting watchdog for 200 seconds at Sat Aug 29 15:35:41 UTC 2020
1 ms. Memory: 51200K Free: 33055K (65%)
ptolemy.util.test.WatchDog.cancel(): canceling Sat Aug 29 15:35:41 UTC 2020
auto.tcl: Setting watchdog for 200 seconds at Sat Aug 29 15:35:41 UTC 2020
2 ms. Memory: 51200K Free: 32327K (63%)
ptolemy.util.test.WatchDog.cancel(): canceling Sat Aug 29 15:35:41 UTC 2020
------------------ testing $PTII/ptolemy/domains/de/test/auto/relationGroup2.xml
auto.tcl: Setting watchdog for 200 seconds at Sat Aug 29 15:35:41 UTC 2020
2 ms. Memory: 51200K Free: 32894K (64%)
ptolemy.util.test.WatchDog.cancel(): canceling Sat Aug 29 15:35:41 UTC 2020
auto.tcl: Setting watchdog for 200 seconds at Sat Aug 29 15:35:41 UTC 2020
1 ms. Memory: 51200K Free: 32399K (63%)
ptolemy.util.test.WatchDog.cancel(): canceling Sat Aug 29 15:35:41 UTC 2020
------------------ testing $PTII/ptolemy/domains/de/test/auto/sortWithOpaquePorts.xml
auto.tcl: Setting watchdog for 200 seconds at Sat Aug 29 15:35:41 UTC 2020
2 ms. Memory: 51200K Free: 31871K (62%)
ptolemy.util.test.WatchDog.cancel(): canceling Sat Aug 29 15:35:41 UTC 2020
auto.tcl: Setting watchdog for 200 seconds at Sat Aug 29 15:35:41 UTC 2020
2 ms. Memory: 51200K Free: 30340K (59%)
ptolemy.util.test.WatchDog.cancel(): canceling Sat Aug 29 15:35:41 UTC 2020
------------------ testing $PTII/ptolemy/domains/de/test/auto/transferInputsandOutputs.xml
auto.tcl: Setting watchdog for 200 seconds at Sat Aug 29 15:35:41 UTC 2020
4 ms. Memory: 51200K Free: 29301K (57%)
ptolemy.util.test.WatchDog.cancel(): canceling Sat Aug 29 15:35:41 UTC 2020
auto.tcl: Setting watchdog for 200 seconds at Sat Aug 29 15:35:41 UTC 2020
2 ms. Memory: 51200K Free: 28279K (55%)
ptolemy.util.test.WatchDog.cancel(): canceling Sat Aug 29 15:35:41 UTC 2020
------------------ testing $PTII/ptolemy/domains/de/test/auto/triggerType.xml
auto.tcl: Setting watchdog for 200 seconds at Sat Aug 29 15:35:41 UTC 2020
2 ms. Memory: 51200K Free: 32326K (63%)
ptolemy.util.test.WatchDog.cancel(): canceling Sat Aug 29 15:35:41 UTC 2020
auto.tcl: Setting watchdog for 200 seconds at Sat Aug 29 15:35:41 UTC 2020
2 ms. Memory: 51200K Free: 31302K (61%)
ptolemy.util.test.WatchDog.cancel(): canceling Sat Aug 29 15:35:41 UTC 2020
08/29/20 03:35:41
Failed: 0  Total Tests: 192  ((Passed: 187, Newly Passed: 1)  Known Failed: 5) /home/travis/build/icyphy/ptII/ptolemy/domains/de/test
08/29/20 03:35:41
Failed: 0  Total Tests: 192  ((Passed: 187, Newly Passed: 1)  Known Failed: 5) /home/travis/build/icyphy/ptII/ptolemy/domains/de/test
----------------- testing (KnownFailure) /home/travis/build/icyphy/ptII/ptolemy/domains/de/test/auto/knownFailedTests/DESDFClockTest.xml
2014 ms. Memory: 51200K Free: 25720K (50%)
Known Failure: java.lang.reflect.InvocationTargetException
----------------- testing (KnownFailure) /home/travis/build/icyphy/ptII/ptolemy/domains/de/test/auto/knownFailedTests/DirectFeedback.xml
2 ms. Memory: 51200K Free: 22138K (43%)
Known Failure: java.lang.reflect.InvocationTargetException
----------------- testing (KnownFailure) /home/travis/build/icyphy/ptII/ptolemy/domains/de/test/auto/knownFailedTests/FSMSource.xml
7 ms. Memory: 51200K Free: 14970K (29%)
----------------- testing (KnownFailure) /home/travis/build/icyphy/ptII/ptolemy/domains/de/test/auto/knownFailedTests/HierarchicalModel.xml
2 ms. Memory: 51200K Free: 28197K (55%)
Known Failure: java.lang.reflect.InvocationTargetException
----------------- testing (KnownFailure) /home/travis/build/icyphy/ptII/ptolemy/domains/de/test/auto/knownFailedTests/dependencyLoop.xml
2 ms. Memory: 51200K Free: 13178K (26%)
Known Failure: java.lang.reflect.InvocationTargetException
----------------- testing (KnownFailure) /home/travis/build/icyphy/ptII/ptolemy/domains/de/test/auto/knownFailedTests/dependencyLoop2.xml
3 ms. Memory: 51200K Free: 26734K (52%)
Known Failure: java.lang.reflect.InvocationTargetException
No auto/linux-amd64/*.xml tests in /home/travis/build/icyphy/ptII/ptolemy/domains/de/test
AutoTests.java: About to close Vertx.
AutoTests.java: Vertx closed.

===========================================================================================
----------------- testing Sat Aug 29 15:35:43 UTC 2020 /home/travis/build/icyphy/ptII/ptolemy/domains/de/test/auto/ActorDepthCalculation_actorWithoutPorts.xml
----------------- Instantiating /home/travis/build/icyphy/ptII/ptolemy/domains/de/test/auto/ActorDepthCalculation_actorWithoutPorts.xml
1 ms. Memory: 51200K Free: 19944K (39%)
----------------- Invoking toplevel() on ptolemy.moml.MoMLSimpleApplication@3f8ab9c0
----------------- Done invoking toplevel() on ptolemy.moml.MoMLSimpleApplication@3f8ab9c0
reloadAllAccessors: .ActorDepthCalculation_actorWithoutPorts

===========================================================================================
----------------- testing Sat Aug 29 15:35:43 UTC 2020 /home/travis/build/icyphy/ptII/ptolemy/domains/de/test/auto/AssemblyLine.xml
----------------- Instantiating /home/travis/build/icyphy/ptII/ptolemy/domains/de/test/auto/AssemblyLine.xml
2 ms. Memory: 51200K Free: 12832K (25%)
----------------- Invoking toplevel() on ptolemy.moml.MoMLSimpleApplication@365febb1
----------------- Done invoking toplevel() on ptolemy.moml.MoMLSimpleApplication@365febb1
reloadAllAccessors: .AssemblyLine

===========================================================================================
----------------- testing Sat Aug 29 15:35:43 UTC 2020 /home/travis/build/icyphy/ptII/ptolemy/domains/de/test/auto/CQBug1.xml
----------------- Instantiating /home/travis/build/icyphy/ptII/ptolemy/domains/de/test/auto/CQBug1.xml
1 ms. Memory: 51200K Free: 10061K (20%)
----------------- Invoking toplevel() on ptolemy.moml.MoMLSimpleApplication@236040b2
----------------- Done invoking toplevel() on ptolemy.moml.MoMLSimpleApplication@236040b2
reloadAllAccessors: .CQBug1

===========================================================================================
----------------- testing Sat Aug 29 15:35:43 UTC 2020 /home/travis/build/icyphy/ptII/ptolemy/domains/de/test/auto/CancelFireAt.xml
----------------- Instantiating /home/travis/build/icyphy/ptII/ptolemy/domains/de/test/auto/CancelFireAt.xml
2 ms. Memory: 51200K Free: 7439K (15%)
----------------- Invoking toplevel() on ptolemy.moml.MoMLSimpleApplication@22fc378d
----------------- Done invoking toplevel() on ptolemy.moml.MoMLSimpleApplication@22fc378d
reloadAllAccessors: .CancelFireAt

===========================================================================================
----------------- testing Sat Aug 29 15:35:43 UTC 2020 /home/travis/build/icyphy/ptII/ptolemy/domains/de/test/auto/CausalityAndComposabilityAnalysis.xml
----------------- Instantiating /home/travis/build/icyphy/ptII/ptolemy/domains/de/test/auto/CausalityAndComposabilityAnalysis.xml
2 ms. Memory: 51200K Free: 32279K (63%)
----------------- Invoking toplevel() on ptolemy.moml.MoMLSimpleApplication@25175498
----------------- Done invoking toplevel() on ptolemy.moml.MoMLSimpleApplication@25175498
reloadAllAccessors: .CausalityAndComposabilityAnalysis

===========================================================================================
----------------- testing Sat Aug 29 15:35:43 UTC 2020 /home/travis/build/icyphy/ptII/ptolemy/domains/de/test/auto/CausalityInterface1.xml
----------------- Instantiating /home/travis/build/icyphy/ptII/ptolemy/domains/de/test/auto/CausalityInterface1.xml
5 ms. Memory: 51200K Free: 27191K (53%)
----------------- Invoking toplevel() on ptolemy.moml.MoMLSimpleApplication@1f4aa0b3
----------------- Done invoking toplevel() on ptolemy.moml.MoMLSimpleApplication@1f4aa0b3
reloadAllAccessors: .CausalityInterface1

===========================================================================================
----------------- testing Sat Aug 29 15:35:44 UTC 2020 /home/travis/build/icyphy/ptII/ptolemy/domains/de/test/auto/CausalityInterface15.xml
----------------- Instantiating /home/travis/build/icyphy/ptII/ptolemy/domains/de/test/auto/CausalityInterface15.xml
1 ms. Memory: 51200K Free: 21629K (42%)
----------------- Invoking toplevel() on ptolemy.moml.MoMLSimpleApplication@4e4d1d30
----------------- Done invoking toplevel() on ptolemy.moml.MoMLSimpleApplication@4e4d1d30
reloadAllAccessors: .CausalityInterface15

===========================================================================================
----------------- testing Sat Aug 29 15:35:44 UTC 2020 /home/travis/build/icyphy/ptII/ptolemy/domains/de/test/auto/CausalityInterface2.xml
----------------- Instantiating /home/travis/build/icyphy/ptII/ptolemy/domains/de/test/auto/CausalityInterface2.xml
1 ms. Memory: 51200K Free: 17238K (34%)
[...]
	at ptolemy.actor.Manager.run(Manager.java:1263)
	at ptolemy.actor.Manager$PtolemyRunThread.run(Manager.java:1933)
java.lang.RuntimeException: Execution failed
	at ptolemy.moml.MoMLSimpleApplication$UnloadThread.run(MoMLSimpleApplication.java:402)
Caused by: ptolemy.kernel.util.IllegalActionException: Actor is not ready to fire.  Perhaps UpSample.prefire() returned false? Try debugging the actor by selecting "Listen to Actor".  Also, for SDF check moml for tokenConsumptionRate on input.
  in .DESDFClockTest.Play Bell.Copy1:SDF Director and .DESDFClockTest.Play Bell.UpSample
	at ptolemy.actor.sched.StaticSchedulingDirector.fire(StaticSchedulingDirector.java:227)
	at ptolemy.domains.sdf.kernel.SDFDirector.fire(SDFDirector.java:500)
	at ptolemy.actor.CompositeActor.fire(CompositeActor.java:455)
	at ptolemy.domains.de.kernel.DEDirector._fire(DEDirector.java:1949)
	at ptolemy.domains.de.kernel.DEDirector.fire(DEDirector.java:502)
	at ptolemy.actor.CompositeActor.fire(CompositeActor.java:455)
	at ptolemy.actor.Manager.iterate(Manager.java:851)
	at ptolemy.actor.Manager.execute(Manager.java:369)
	at ptolemy.actor.Manager.run(Manager.java:1263)
	at ptolemy.actor.Manager$PtolemyRunThread.run(Manager.java:1933)
java.lang.reflect.InvocationTargetException
	at java.base/jdk.internal.reflect.NativeConstructorAccessorImpl.newInstance0(Native Method)
	at java.base/jdk.internal.reflect.NativeConstructorAccessorImpl.newInstance(NativeConstructorAccessorImpl.java:62)
	at java.base/jdk.internal.reflect.DelegatingConstructorAccessorImpl.newInstance(DelegatingConstructorAccessorImpl.java:45)
	at java.base/java.lang.reflect.Constructor.newInstance(Constructor.java:490)
	at ptolemy.util.test.junit.AutoKnownFailedTests.RunModel(AutoKnownFailedTests.java:105)
	at java.base/jdk.internal.reflect.NativeMethodAccessorImpl.invoke0(Native Method)
	at java.base/jdk.internal.reflect.NativeMethodAccessorImpl.invoke(NativeMethodAccessorImpl.java:62)
	at java.base/jdk.internal.reflect.DelegatingMethodAccessorImpl.invoke(DelegatingMethodAccessorImpl.java:43)
	at java.base/java.lang.reflect.Method.invoke(Method.java:566)
	at org.junit.runners.model.FrameworkMethod$1.runReflectiveCall(FrameworkMethod.java:44)
	at org.junit.internal.runners.model.ReflectiveCallable.run(ReflectiveCallable.java:15)
	at org.junit.runners.model.FrameworkMethod.invokeExplosively(FrameworkMethod.java:41)
	at junitparams.internal.InvokeParameterisedMethod.evaluate(InvokeParameterisedMethod.java:102)
	at org.junit.internal.runners.statements.FailOnTimeout$1.run(FailOnTimeout.java:28)
Caused by: ptolemy.kernel.util.IllegalActionException: Actor is not ready to fire.  Perhaps UpSample.prefire() returned false? Try debugging the actor by selecting "Listen to Actor".  Also, for SDF check moml for tokenConsumptionRate on input.
  in .DESDFClockTest.Play Bell.Copy1:SDF Director and .DESDFClockTest.Play Bell.UpSample
	at ptolemy.actor.sched.StaticSchedulingDirector.fire(StaticSchedulingDirector.java:227)
	at ptolemy.domains.sdf.kernel.SDFDirector.fire(SDFDirector.java:500)
	at ptolemy.actor.CompositeActor.fire(CompositeActor.java:455)
	at ptolemy.domains.de.kernel.DEDirector._fire(DEDirector.java:1949)
	at ptolemy.domains.de.kernel.DEDirector.fire(DEDirector.java:502)
	at ptolemy.actor.CompositeActor.fire(CompositeActor.java:455)
	at ptolemy.actor.Manager.iterate(Manager.java:851)
	at ptolemy.actor.Manager.execute(Manager.java:369)
	at ptolemy.actor.Manager.run(Manager.java:1263)
	at ptolemy.actor.Manager$PtolemyRunThread.run(Manager.java:1933)
java.lang.RuntimeException: Execution failed
	at ptolemy.moml.MoMLSimpleApplication$UnloadThread.run(MoMLSimpleApplication.java:402)
Caused by: ptolemy.kernel.util.IllegalActionException: Test fails in iteration 1.
Value was: 1.0. Should have been: 2.0
  in .DirectFeedback.Test
	at ptolemy.actor.lib.Test.fire(Test.java:268)
	at ptolemy.domains.de.kernel.DEDirector._fire(DEDirector.java:1949)
	at ptolemy.domains.de.kernel.DEDirector.fire(DEDirector.java:502)
	at ptolemy.actor.CompositeActor.fire(CompositeActor.java:455)
	at ptolemy.actor.Manager.iterate(Manager.java:851)
	at ptolemy.actor.Manager.execute(Manager.java:369)
	at ptolemy.actor.Manager.run(Manager.java:1263)
	at ptolemy.actor.Manager$PtolemyRunThread.run(Manager.java:1933)
java.lang.reflect.InvocationTargetException
	at java.base/jdk.internal.reflect.NativeConstructorAccessorImpl.newInstance0(Native Method)
	at java.base/jdk.internal.reflect.NativeConstructorAccessorImpl.newInstance(NativeConstructorAccessorImpl.java:62)
	at java.base/jdk.internal.reflect.DelegatingConstructorAccessorImpl.newInstance(DelegatingConstructorAccessorImpl.java:45)
	at java.base/java.lang.reflect.Constructor.newInstance(Constructor.java:490)
	at ptolemy.util.test.junit.AutoKnownFailedTests.RunModel(AutoKnownFailedTests.java:105)
	at java.base/jdk.internal.reflect.NativeMethodAccessorImpl.invoke0(Native Method)
	at java.base/jdk.internal.reflect.NativeMethodAccessorImpl.invoke(NativeMethodAccessorImpl.java:62)
	at java.base/jdk.internal.reflect.DelegatingMethodAccessorImpl.invoke(DelegatingMethodAccessorImpl.java:43)
	at java.base/java.lang.reflect.Method.invoke(Method.java:566)
	at org.junit.runners.model.FrameworkMethod$1.runReflectiveCall(FrameworkMethod.java:44)
	at org.junit.internal.runners.model.ReflectiveCallable.run(ReflectiveCallable.java:15)
	at org.junit.runners.model.FrameworkMethod.invokeExplosively(FrameworkMethod.java:41)
	at junitparams.internal.InvokeParameterisedMethod.evaluate(InvokeParameterisedMethod.java:102)
	at org.junit.internal.runners.statements.FailOnTimeout$1.run(FailOnTimeout.java:28)
Caused by: ptolemy.kernel.util.IllegalActionException: Test fails in iteration 1.
Value was: 1.0. Should have been: 2.0
  in .DirectFeedback.Test
	at ptolemy.actor.lib.Test.fire(Test.java:268)
	at ptolemy.domains.de.kernel.DEDirector._fire(DEDirector.java:1949)
	at ptolemy.domains.de.kernel.DEDirector.fire(DEDirector.java:502)
	at ptolemy.actor.CompositeActor.fire(CompositeActor.java:455)
	at ptolemy.actor.Manager.iterate(Manager.java:851)
	at ptolemy.actor.Manager.execute(Manager.java:369)
	at ptolemy.actor.Manager.run(Manager.java:1263)
	at ptolemy.actor.Manager$PtolemyRunThread.run(Manager.java:1933)
java.lang.RuntimeException: Execution failed
	at ptolemy.moml.MoMLSimpleApplication$UnloadThread.run(MoMLSimpleApplication.java:402)
Caused by: ptolemy.kernel.util.IllegalActionException: Found a zero delay loop containing .HierarchicalModel.A
  in .HierarchicalModel and .HierarchicalModel.A
	at ptolemy.actor.util.CausalityInterfaceForComposites._computeOutputPortDepth(CausalityInterfaceForComposites.java:759)
	at ptolemy.actor.util.CausalityInterfaceForComposites._computeInputDepth(CausalityInterfaceForComposites.java:696)
	at ptolemy.actor.util.CausalityInterfaceForComposites._computeOutputPortDepth(CausalityInterfaceForComposites.java:765)
	at ptolemy.actor.util.CausalityInterfaceForComposites._computeInputDepth(CausalityInterfaceForComposites.java:696)
	at ptolemy.actor.util.CausalityInterfaceForComposites._computeOutputPortDepth(CausalityInterfaceForComposites.java:765)
	at ptolemy.actor.util.CausalityInterfaceForComposites._computeInputDepth(CausalityInterfaceForComposites.java:696)
	at ptolemy.actor.util.CausalityInterfaceForComposites._computeActorDepth(CausalityInterfaceForComposites.java:532)
	at ptolemy.actor.util.CausalityInterfaceForComposites.checkForCycles(CausalityInterfaceForComposites.java:96)
	at ptolemy.domains.de.kernel.DEDirector.preinitialize(DEDirector.java:1338)
	at ptolemy.actor.CompositeActor.preinitialize(CompositeActor.java:1828)
	at ptolemy.actor.Manager.preinitializeAndResolveTypes(Manager.java:1040)
	at ptolemy.actor.Manager.initialize(Manager.java:710)
	at ptolemy.actor.Manager.execute(Manager.java:356)
	at ptolemy.actor.Manager.run(Manager.java:1263)
	at ptolemy.actor.Manager$PtolemyRunThread.run(Manager.java:1933)
java.lang.reflect.InvocationTargetException
	at java.base/jdk.internal.reflect.NativeConstructorAccessorImpl.newInstance0(Native Method)
	at java.base/jdk.internal.reflect.NativeConstructorAccessorImpl.newInstance(NativeConstructorAccessorImpl.java:62)
	at java.base/jdk.internal.reflect.DelegatingConstructorAccessorImpl.newInstance(DelegatingConstructorAccessorImpl.java:45)
	at java.base/java.lang.reflect.Constructor.newInstance(Constructor.java:490)
	at ptolemy.util.test.junit.AutoKnownFailedTests.RunModel(AutoKnownFailedTests.java:105)
	at java.base/jdk.internal.reflect.NativeMethodAccessorImpl.invoke0(Native Method)
	at java.base/jdk.internal.reflect.NativeMethodAccessorImpl.invoke(NativeMethodAccessorImpl.java:62)
	at java.base/jdk.internal.reflect.DelegatingMethodAccessorImpl.invoke(DelegatingMethodAccessorImpl.java:43)
	at java.base/java.lang.reflect.Method.invoke(Method.java:566)
	at org.junit.runners.model.FrameworkMethod$1.runReflectiveCall(FrameworkMethod.java:44)
	at org.junit.internal.runners.model.ReflectiveCallable.run(ReflectiveCallable.java:15)
	at org.junit.runners.model.FrameworkMethod.invokeExplosively(FrameworkMethod.java:41)
	at junitparams.internal.InvokeParameterisedMethod.evaluate(InvokeParameterisedMethod.java:102)
	at org.junit.internal.runners.statements.FailOnTimeout$1.run(FailOnTimeout.java:28)
Caused by: ptolemy.kernel.util.IllegalActionException: Found a zero delay loop containing .HierarchicalModel.A
  in .HierarchicalModel and .HierarchicalModel.A
	at ptolemy.actor.util.CausalityInterfaceForComposites._computeOutputPortDepth(CausalityInterfaceForComposites.java:759)
	at ptolemy.actor.util.CausalityInterfaceForComposites._computeInputDepth(CausalityInterfaceForComposites.java:696)
	at ptolemy.actor.util.CausalityInterfaceForComposites._computeOutputPortDepth(CausalityInterfaceForComposites.java:765)
	at ptolemy.actor.util.CausalityInterfaceForComposites._computeInputDepth(CausalityInterfaceForComposites.java:696)
	at ptolemy.actor.util.CausalityInterfaceForComposites._computeOutputPortDepth(CausalityInterfaceForComposites.java:765)
	at ptolemy.actor.util.CausalityInterfaceForComposites._computeInputDepth(CausalityInterfaceForComposites.java:696)
	at ptolemy.actor.util.CausalityInterfaceForComposites._computeActorDepth(CausalityInterfaceForComposites.java:532)
	at ptolemy.actor.util.CausalityInterfaceForComposites.checkForCycles(CausalityInterfaceForComposites.java:96)
	at ptolemy.domains.de.kernel.DEDirector.preinitialize(DEDirector.java:1338)
	at ptolemy.actor.CompositeActor.preinitialize(CompositeActor.java:1828)
	at ptolemy.actor.Manager.preinitializeAndResolveTypes(Manager.java:1040)
	at ptolemy.actor.Manager.initialize(Manager.java:710)
	at ptolemy.actor.Manager.execute(Manager.java:356)
	at ptolemy.actor.Manager.run(Manager.java:1263)
	at ptolemy.actor.Manager$PtolemyRunThread.run(Manager.java:1933)
java.lang.RuntimeException: Execution failed
	at ptolemy.moml.MoMLSimpleApplication$UnloadThread.run(MoMLSimpleApplication.java:402)
Caused by: ptolemy.kernel.util.IllegalActionException: Found a zero delay loop containing .dependencyLoop.original
  in .dependencyLoop and .dependencyLoop.original
	at ptolemy.actor.util.CausalityInterfaceForComposites._computeOutputPortDepth(CausalityInterfaceForComposites.java:759)
	at ptolemy.actor.util.CausalityInterfaceForComposites._computeInputDepth(CausalityInterfaceForComposites.java:696)
	at ptolemy.actor.util.CausalityInterfaceForComposites._computeOutputPortDepth(CausalityInterfaceForComposites.java:765)
	at ptolemy.actor.util.CausalityInterfaceForComposites._computeInputDepth(CausalityInterfaceForComposites.java:696)
	at ptolemy.actor.util.CausalityInterfaceForComposites._computeOutputPortDepth(CausalityInterfaceForComposites.java:765)
	at ptolemy.actor.util.CausalityInterfaceForComposites._computeInputDepth(CausalityInterfaceForComposites.java:696)
	at ptolemy.actor.util.CausalityInterfaceForComposites._computeActorDepth(CausalityInterfaceForComposites.java:532)
	at ptolemy.actor.util.CausalityInterfaceForComposites.checkForCycles(CausalityInterfaceForComposites.java:96)
	at ptolemy.domains.de.kernel.DEDirector.preinitialize(DEDirector.java:1338)
	at ptolemy.actor.CompositeActor.preinitialize(CompositeActor.java:1828)
	at ptolemy.actor.Manager.preinitializeAndResolveTypes(Manager.java:1040)
	at ptolemy.actor.Manager.initialize(Manager.java:710)
	at ptolemy.actor.Manager.execute(Manager.java:356)
	at ptolemy.actor.Manager.run(Manager.java:1263)
	at ptolemy.actor.Manager$PtolemyRunThread.run(Manager.java:1933)
java.lang.reflect.InvocationTargetException
	at java.base/jdk.internal.reflect.NativeConstructorAccessorImpl.newInstance0(Native Method)
	at java.base/jdk.internal.reflect.NativeConstructorAccessorImpl.newInstance(NativeConstructorAccessorImpl.java:62)
	at java.base/jdk.internal.reflect.DelegatingConstructorAccessorImpl.newInstance(DelegatingConstructorAccessorImpl.java:45)
	at java.base/java.lang.reflect.Constructor.newInstance(Constructor.java:490)
	at ptolemy.util.test.junit.AutoKnownFailedTests.RunModel(AutoKnownFailedTests.java:105)
	at java.base/jdk.internal.reflect.NativeMethodAccessorImpl.invoke0(Native Method)
	at java.base/jdk.internal.reflect.NativeMethodAccessorImpl.invoke(NativeMethodAccessorImpl.java:62)
	at java.base/jdk.internal.reflect.DelegatingMethodAccessorImpl.invoke(DelegatingMethodAccessorImpl.java:43)
	at java.base/java.lang.reflect.Method.invoke(Method.java:566)
	at org.junit.runners.model.FrameworkMethod$1.runReflectiveCall(FrameworkMethod.java:44)
	at org.junit.internal.runners.model.ReflectiveCallable.run(ReflectiveCallable.java:15)
	at org.junit.runners.model.FrameworkMethod.invokeExplosively(FrameworkMethod.java:41)
	at junitparams.internal.InvokeParameterisedMethod.evaluate(InvokeParameterisedMethod.java:102)
	at org.junit.internal.runners.statements.FailOnTimeout$1.run(FailOnTimeout.java:28)
Caused by: ptolemy.kernel.util.IllegalActionException: Found a zero delay loop containing .dependencyLoop.original
  in .dependencyLoop and .dependencyLoop.original
	at ptolemy.actor.util.CausalityInterfaceForComposites._computeOutputPortDepth(CausalityInterfaceForComposites.java:759)
	at ptolemy.actor.util.CausalityInterfaceForComposites._computeInputDepth(CausalityInterfaceForComposites.java:696)
	at ptolemy.actor.util.CausalityInterfaceForComposites._computeOutputPortDepth(CausalityInterfaceForComposites.java:765)
	at ptolemy.actor.util.CausalityInterfaceForComposites._computeInputDepth(CausalityInterfaceForComposites.java:696)
	at ptolemy.actor.util.CausalityInterfaceForComposites._computeOutputPortDepth(CausalityInterfaceForComposites.java:765)
	at ptolemy.actor.util.CausalityInterfaceForComposites._computeInputDepth(CausalityInterfaceForComposites.java:696)
	at ptolemy.actor.util.CausalityInterfaceForComposites._computeActorDepth(CausalityInterfaceForComposites.java:532)
	at ptolemy.actor.util.CausalityInterfaceForComposites.checkForCycles(CausalityInterfaceForComposites.java:96)
	at ptolemy.domains.de.kernel.DEDirector.preinitialize(DEDirector.java:1338)
	at ptolemy.actor.CompositeActor.preinitialize(CompositeActor.java:1828)
	at ptolemy.actor.Manager.preinitializeAndResolveTypes(Manager.java:1040)
	at ptolemy.actor.Manager.initialize(Manager.java:710)
	at ptolemy.actor.Manager.execute(Manager.java:356)
	at ptolemy.actor.Manager.run(Manager.java:1263)
	at ptolemy.actor.Manager$PtolemyRunThread.run(Manager.java:1933)
java.lang.RuntimeException: Execution failed
	at ptolemy.moml.MoMLSimpleApplication$UnloadThread.run(MoMLSimpleApplication.java:402)
Caused by: ptolemy.kernel.util.IllegalActionException: Found a zero delay loop containing .dependencyLoop2.original
  in .dependencyLoop2 and .dependencyLoop2.original
	at ptolemy.actor.util.CausalityInterfaceForComposites._computeOutputPortDepth(CausalityInterfaceForComposites.java:759)
	at ptolemy.actor.util.CausalityInterfaceForComposites._computeInputDepth(CausalityInterfaceForComposites.java:696)
	at ptolemy.actor.util.CausalityInterfaceForComposites._computeOutputPortDepth(CausalityInterfaceForComposites.java:765)
	at ptolemy.actor.util.CausalityInterfaceForComposites._computeInputDepth(CausalityInterfaceForComposites.java:696)
	at ptolemy.actor.util.CausalityInterfaceForComposites._computeOutputPortDepth(CausalityInterfaceForComposites.java:765)
	at ptolemy.actor.util.CausalityInterfaceForComposites._computeInputDepth(CausalityInterfaceForComposites.java:696)
	at ptolemy.actor.util.CausalityInterfaceForComposites._computeActorDepth(CausalityInterfaceForComposites.java:532)
	at ptolemy.actor.util.CausalityInterfaceForComposites.checkForCycles(CausalityInterfaceForComposites.java:96)
	at ptolemy.domains.de.kernel.DEDirector.preinitialize(DEDirector.java:1338)
	at ptolemy.actor.CompositeActor.preinitialize(CompositeActor.java:1828)
	at ptolemy.actor.Manager.preinitializeAndResolveTypes(Manager.java:1040)
	at ptolemy.actor.Manager.initialize(Manager.java:710)
	at ptolemy.actor.Manager.execute(Manager.java:356)
	at ptolemy.actor.Manager.run(Manager.java:1263)
	at ptolemy.actor.Manager$PtolemyRunThread.run(Manager.java:1933)
java.lang.reflect.InvocationTargetException
	at java.base/jdk.internal.reflect.NativeConstructorAccessorImpl.newInstance0(Native Method)
	at java.base/jdk.internal.reflect.NativeConstructorAccessorImpl.newInstance(NativeConstructorAccessorImpl.java:62)
	at java.base/jdk.internal.reflect.DelegatingConstructorAccessorImpl.newInstance(DelegatingConstructorAccessorImpl.java:45)
	at java.base/java.lang.reflect.Constructor.newInstance(Constructor.java:490)
	at ptolemy.util.test.junit.AutoKnownFailedTests.RunModel(AutoKnownFailedTests.java:105)
	at java.base/jdk.internal.reflect.NativeMethodAccessorImpl.invoke0(Native Method)
	at java.base/jdk.internal.reflect.NativeMethodAccessorImpl.invoke(NativeMethodAccessorImpl.java:62)
	at java.base/jdk.internal.reflect.DelegatingMethodAccessorImpl.invoke(DelegatingMethodAccessorImpl.java:43)
	at java.base/java.lang.reflect.Method.invoke(Method.java:566)
	at org.junit.runners.model.FrameworkMethod$1.runReflectiveCall(FrameworkMethod.java:44)
	at org.junit.internal.runners.model.ReflectiveCallable.run(ReflectiveCallable.java:15)
	at org.junit.runners.model.FrameworkMethod.invokeExplosively(FrameworkMethod.java:41)
	at junitparams.internal.InvokeParameterisedMethod.evaluate(InvokeParameterisedMethod.java:102)
	at org.junit.internal.runners.statements.FailOnTimeout$1.run(FailOnTimeout.java:28)
Caused by: ptolemy.kernel.util.IllegalActionException: Found a zero delay loop containing .dependencyLoop2.original
  in .dependencyLoop2 and .dependencyLoop2.original
	at ptolemy.actor.util.CausalityInterfaceForComposites._computeOutputPortDepth(CausalityInterfaceForComposites.java:759)
	at ptolemy.actor.util.CausalityInterfaceForComposites._computeInputDepth(CausalityInterfaceForComposites.java:696)
	at ptolemy.actor.util.CausalityInterfaceForComposites._computeOutputPortDepth(CausalityInterfaceForComposites.java:765)
	at ptolemy.actor.util.CausalityInterfaceForComposites._computeInputDepth(CausalityInterfaceForComposites.java:696)
	at ptolemy.actor.util.CausalityInterfaceForComposites._computeOutputPortDepth(CausalityInterfaceForComposites.java:765)
	at ptolemy.actor.util.CausalityInterfaceForComposites._computeInputDepth(CausalityInterfaceForComposites.java:696)
	at ptolemy.actor.util.CausalityInterfaceForComposites._computeActorDepth(CausalityInterfaceForComposites.java:532)
	at ptolemy.actor.util.CausalityInterfaceForComposites.checkForCycles(CausalityInterfaceForComposites.java:96)
	at ptolemy.domains.de.kernel.DEDirector.preinitialize(DEDirector.java:1338)
	at ptolemy.actor.CompositeActor.preinitialize(CompositeActor.java:1828)
	at ptolemy.actor.Manager.preinitializeAndResolveTypes(Manager.java:1040)
	at ptolemy.actor.Manager.initialize(Manager.java:710)
	at ptolemy.actor.Manager.execute(Manager.java:356)
	at ptolemy.actor.Manager.run(Manager.java:1263)
	at ptolemy.actor.Manager$PtolemyRunThread.run(Manager.java:1933)
]]></system-err>
</testsuite>
