<?xml version="1.0" encoding="UTF-8" ?>
<testsuite errors="0" failures="0" hostname="travis-job-1e7b4171-2711-4258-8f99-17cf464e8482" name="ptolemy.domains.de.test.junit.JUnitTclTest" skipped="0" tests="101" time="122.927" timestamp="2019-02-27T20:57:49">
  <properties>
[...]
</properties>
  <testcase classname="ptolemy.util.test.junit.TclTests" name="[0] /home/travis/build/icyphy/ptII/ptolemy/domains/de/test/DependencyLoop.tcl (RunTclFile)" time="0.725" />
  <testcase classname="ptolemy.util.test.junit.TclTests" name="[1] /home/travis/build/icyphy/ptII/ptolemy/domains/de/test/RunDETestsAsQSS.tcl (RunTclFile)" time="83.735" />
  <testcase classname="ptolemy.util.test.junit.AutoKnownFailedTests" name="[0] /home/travis/build/icyphy/ptII/ptolemy/domains/de/test/auto/knownFailedTests/DESDFClockTest.xml (RunModel)" time="2.042" />
  <testcase classname="ptolemy.util.test.junit.AutoKnownFailedTests" name="[1] /home/travis/build/icyphy/ptII/ptolemy/domains/de/test/auto/knownFailedTests/DirectFeedback.xml (RunModel)" time="0.02" />
  <testcase classname="ptolemy.util.test.junit.AutoKnownFailedTests" name="[2] /home/travis/build/icyphy/ptII/ptolemy/domains/de/test/auto/knownFailedTests/FSMSource.xml (RunModel)" time="0.042" />
  <testcase classname="ptolemy.util.test.junit.AutoKnownFailedTests" name="[3] /home/travis/build/icyphy/ptII/ptolemy/domains/de/test/auto/knownFailedTests/HierarchicalModel.xml (RunModel)" time="0.032" />
  <testcase classname="ptolemy.util.test.junit.AutoKnownFailedTests" name="[4] /home/travis/build/icyphy/ptII/ptolemy/domains/de/test/auto/knownFailedTests/dependencyLoop.xml (RunModel)" time="0.032" />
  <testcase classname="ptolemy.util.test.junit.AutoKnownFailedTests" name="[5] /home/travis/build/icyphy/ptII/ptolemy/domains/de/test/auto/knownFailedTests/dependencyLoop2.xml (RunModel)" time="0.034" />
  <testcase classname="ptolemy.util.test.junit.AutoNameArchTests" name="[0] ThereAreNoAutoArchTests (RunModel)" time="0.0" />
  <testcase classname="ptolemy.util.test.junit.AutoTests" name="[0] /home/travis/build/icyphy/ptII/ptolemy/domains/de/test/auto/ActorDepthCalculation_actorWithoutPorts.xml (RunModel)" time="0.014" />
  <testcase classname="ptolemy.util.test.junit.AutoTests" name="[1] /home/travis/build/icyphy/ptII/ptolemy/domains/de/test/auto/AssemblyLine.xml (RunModel)" time="0.015" />
  <testcase classname="ptolemy.util.test.junit.AutoTests" name="[2] /home/travis/build/icyphy/ptII/ptolemy/domains/de/test/auto/CQBug1.xml (RunModel)" time="0.007" />
  <testcase classname="ptolemy.util.test.junit.AutoTests" name="[3] /home/travis/build/icyphy/ptII/ptolemy/domains/de/test/auto/CancelFireAt.xml (RunModel)" time="0.008" />
  <testcase classname="ptolemy.util.test.junit.AutoTests" name="[4] /home/travis/build/icyphy/ptII/ptolemy/domains/de/test/auto/CausalityAndComposabilityAnalysis.xml (RunModel)" time="0.016" />
  <testcase classname="ptolemy.util.test.junit.AutoTests" name="[5] /home/travis/build/icyphy/ptII/ptolemy/domains/de/test/auto/CausalityInterface1.xml (RunModel)" time="0.016" />
  <testcase classname="ptolemy.util.test.junit.AutoTests" name="[6] /home/travis/build/icyphy/ptII/ptolemy/domains/de/test/auto/CausalityInterface15.xml (RunModel)" time="0.011" />
  <testcase classname="ptolemy.util.test.junit.AutoTests" name="[7] /home/travis/build/icyphy/ptII/ptolemy/domains/de/test/auto/CausalityInterface2.xml (RunModel)" time="0.01" />
  <testcase classname="ptolemy.util.test.junit.AutoTests" name="[8] /home/travis/build/icyphy/ptII/ptolemy/domains/de/test/auto/CausalityInterface3.xml (RunModel)" time="0.008" />
  <testcase classname="ptolemy.util.test.junit.AutoTests" name="[9] /home/travis/build/icyphy/ptII/ptolemy/domains/de/test/auto/ClockDrift.xml (RunModel)" time="0.041" />
  <testcase classname="ptolemy.util.test.junit.AutoTests" name="[10] /home/travis/build/icyphy/ptII/ptolemy/domains/de/test/auto/ClockDriftAndValueChange.xml (RunModel)" time="0.024" />
  <testcase classname="ptolemy.util.test.junit.AutoTests" name="[11] /home/travis/build/icyphy/ptII/ptolemy/domains/de/test/auto/ClockDriftChange.xml (RunModel)" time="0.021" />
  <testcase classname="ptolemy.util.test.junit.AutoTests" name="[12] /home/travis/build/icyphy/ptII/ptolemy/domains/de/test/auto/ComposableCausalityAnalysis.xml (RunModel)" time="0.019" />
  <testcase classname="ptolemy.util.test.junit.AutoTests" name="[13] /home/travis/build/icyphy/ptII/ptolemy/domains/de/test/auto/DEFixedPointLimitation.xml (RunModel)" time="0.008" />
  <testcase classname="ptolemy.util.test.junit.AutoTests" name="[14] /home/travis/build/icyphy/ptII/ptolemy/domains/de/test/auto/DEScheduleTest.xml (RunModel)" time="0.026" />
  <testcase classname="ptolemy.util.test.junit.AutoTests" name="[15] /home/travis/build/icyphy/ptII/ptolemy/domains/de/test/auto/DEinDEwithStartTimes.xml (RunModel)" time="0.023" />
  <testcase classname="ptolemy.util.test.junit.AutoTests" name="[16] /home/travis/build/icyphy/ptII/ptolemy/domains/de/test/auto/DEinDEwithStartTimes2.xml (RunModel)" time="0.013" />
  <testcase classname="ptolemy.util.test.junit.AutoTests" name="[17] /home/travis/build/icyphy/ptII/ptolemy/domains/de/test/auto/DateDemo.xml (RunModel)" time="0.021" />
  <testcase classname="ptolemy.util.test.junit.AutoTests" name="[18] /home/travis/build/icyphy/ptII/ptolemy/domains/de/test/auto/DateToEvent.xml (RunModel)" time="2.031" />
  <testcase classname="ptolemy.util.test.junit.AutoTests" name="[19] /home/travis/build/icyphy/ptII/ptolemy/domains/de/test/auto/DepthTest1.xml (RunModel)" time="0.012" />
  <testcase classname="ptolemy.util.test.junit.AutoTests" name="[20] /home/travis/build/icyphy/ptII/ptolemy/domains/de/test/auto/DepthTest2.xml (RunModel)" time="0.015" />
  <testcase classname="ptolemy.util.test.junit.AutoTests" name="[21] /home/travis/build/icyphy/ptII/ptolemy/domains/de/test/auto/DepthTest3.xml (RunModel)" time="0.006" />
  <testcase classname="ptolemy.util.test.junit.AutoTests" name="[22] /home/travis/build/icyphy/ptII/ptolemy/domains/de/test/auto/DepthTest4.xml (RunModel)" time="0.009" />
  <testcase classname="ptolemy.util.test.junit.AutoTests" name="[23] /home/travis/build/icyphy/ptII/ptolemy/domains/de/test/auto/DepthTest5.xml (RunModel)" time="0.015" />
  <testcase classname="ptolemy.util.test.junit.AutoTests" name="[24] /home/travis/build/icyphy/ptII/ptolemy/domains/de/test/auto/DepthTest6.xml (RunModel)" time="0.011" />
  <testcase classname="ptolemy.util.test.junit.AutoTests" name="[25] /home/travis/build/icyphy/ptII/ptolemy/domains/de/test/auto/DepthTest7.xml (RunModel)" time="0.014" />
  <testcase classname="ptolemy.util.test.junit.AutoTests" name="[26] /home/travis/build/icyphy/ptII/ptolemy/domains/de/test/auto/EventToDate.xml (RunModel)" time="3.03" />
  <testcase classname="ptolemy.util.test.junit.AutoTests" name="[27] /home/travis/build/icyphy/ptII/ptolemy/domains/de/test/auto/FSM1.xml (RunModel)" time="0.026" />
  <testcase classname="ptolemy.util.test.junit.AutoTests" name="[28] /home/travis/build/icyphy/ptII/ptolemy/domains/de/test/auto/FSM7.xml (RunModel)" time="0.024" />
  <testcase classname="ptolemy.util.test.junit.AutoTests" name="[29] /home/travis/build/icyphy/ptII/ptolemy/domains/de/test/auto/Inspection.xml (RunModel)" time="0.033" />
  <testcase classname="ptolemy.util.test.junit.AutoTests" name="[30] /home/travis/build/icyphy/ptII/ptolemy/domains/de/test/auto/Iteration.xml (RunModel)" time="0.015" />
  <testcase classname="ptolemy.util.test.junit.AutoTests" name="[31] /home/travis/build/icyphy/ptII/ptolemy/domains/de/test/auto/LineFault.xml (RunModel)" time="0.513" />
  <testcase classname="ptolemy.util.test.junit.AutoTests" name="[32] /home/travis/build/icyphy/ptII/ptolemy/domains/de/test/auto/MergeModel1Add.xml (RunModel)" time="0.039" />
  <testcase classname="ptolemy.util.test.junit.AutoTests" name="[33] /home/travis/build/icyphy/ptII/ptolemy/domains/de/test/auto/MergeModel2Add.xml (RunModel)" time="0.031" />
  <testcase classname="ptolemy.util.test.junit.AutoTests" name="[34] /home/travis/build/icyphy/ptII/ptolemy/domains/de/test/auto/MergeModel3Add.xml (RunModel)" time="0.036" />
  <testcase classname="ptolemy.util.test.junit.AutoTests" name="[35] /home/travis/build/icyphy/ptII/ptolemy/domains/de/test/auto/MergeWithoutDiscard.xml (RunModel)" time="0.008" />
  <testcase classname="ptolemy.util.test.junit.AutoTests" name="[36] /home/travis/build/icyphy/ptII/ptolemy/domains/de/test/auto/Modal1.xml (RunModel)" time="0.025" />
  <testcase classname="ptolemy.util.test.junit.AutoTests" name="[37] /home/travis/build/icyphy/ptII/ptolemy/domains/de/test/auto/Modal2.xml (RunModel)" time="0.023" />
  <testcase classname="ptolemy.util.test.junit.AutoTests" name="[38] /home/travis/build/icyphy/ptII/ptolemy/domains/de/test/auto/Modal3.xml (RunModel)" time="0.021" />
  <testcase classname="ptolemy.util.test.junit.AutoTests" name="[39] /home/travis/build/icyphy/ptII/ptolemy/domains/de/test/auto/Modal4.xml (RunModel)" time="0.022" />
  <testcase classname="ptolemy.util.test.junit.AutoTests" name="[40] /home/travis/build/icyphy/ptII/ptolemy/domains/de/test/auto/Modal5.xml (RunModel)" time="0.022" />
  <testcase classname="ptolemy.util.test.junit.AutoTests" name="[41] /home/travis/build/icyphy/ptII/ptolemy/domains/de/test/auto/Modal6.xml (RunModel)" time="0.022" />
  <testcase classname="ptolemy.util.test.junit.AutoTests" name="[42] /home/travis/build/icyphy/ptII/ptolemy/domains/de/test/auto/Modal7.xml (RunModel)" time="0.022" />
  <testcase classname="ptolemy.util.test.junit.AutoTests" name="[43] /home/travis/build/icyphy/ptII/ptolemy/domains/de/test/auto/ModalModel.xml (RunModel)" time="0.126" />
  <testcase classname="ptolemy.util.test.junit.AutoTests" name="[44] /home/travis/build/icyphy/ptII/ptolemy/domains/de/test/auto/ModalSource.xml (RunModel)" time="0.016" />
  <testcase classname="ptolemy.util.test.junit.AutoTests" name="[45] /home/travis/build/icyphy/ptII/ptolemy/domains/de/test/auto/NonInterruptibleTimerZeroDelay.xml (RunModel)" time="0.007" />
  <testcase classname="ptolemy.util.test.junit.AutoTests" name="[46] /home/travis/build/icyphy/ptII/ptolemy/domains/de/test/auto/OpenQueueingNetwork.xml (RunModel)" time="2.112" />
  <testcase classname="ptolemy.util.test.junit.AutoTests" name="[47] /home/travis/build/icyphy/ptII/ptolemy/domains/de/test/auto/OpenQueuingNetwork.xml (RunModel)" time="0.268" />
  <testcase classname="ptolemy.util.test.junit.AutoTests" name="[48] /home/travis/build/icyphy/ptII/ptolemy/domains/de/test/auto/PeriodicSampler.xml (RunModel)" time="0.008" />
  <testcase classname="ptolemy.util.test.junit.AutoTests" name="[49] /home/travis/build/icyphy/ptII/ptolemy/domains/de/test/auto/PersistentIO.xml (RunModel)" time="0.02" />
  <testcase classname="ptolemy.util.test.junit.AutoTests" name="[50] /home/travis/build/icyphy/ptII/ptolemy/domains/de/test/auto/PortParameterResetOnInitialize.xml (RunModel)" time="0.012" />
  <testcase classname="ptolemy.util.test.junit.AutoTests" name="[51] /home/travis/build/icyphy/ptII/ptolemy/domains/de/test/auto/PortParameterUpdates.xml (RunModel)" time="0.011" />
  <testcase classname="ptolemy.util.test.junit.AutoTests" name="[52] /home/travis/build/icyphy/ptII/ptolemy/domains/de/test/auto/QueueAndServer.xml (RunModel)" time="0.02" />
  <testcase classname="ptolemy.util.test.junit.AutoTests" name="[53] /home/travis/build/icyphy/ptII/ptolemy/domains/de/test/auto/Records.xml (RunModel)" time="0.017" />
  <testcase classname="ptolemy.util.test.junit.AutoTests" name="[54] /home/travis/build/icyphy/ptII/ptolemy/domains/de/test/auto/ResetTransitionWithStartTime1.xml (RunModel)" time="0.015" />
  <testcase classname="ptolemy.util.test.junit.AutoTests" name="[55] /home/travis/build/icyphy/ptII/ptolemy/domains/de/test/auto/ResetTransitionWithStartTime2.xml (RunModel)" time="0.012" />
  <testcase classname="ptolemy.util.test.junit.AutoTests" name="[56] /home/travis/build/icyphy/ptII/ptolemy/domains/de/test/auto/ResetTransitionWithStartTime3.xml (RunModel)" time="0.013" />
  <testcase classname="ptolemy.util.test.junit.AutoTests" name="[57] /home/travis/build/icyphy/ptII/ptolemy/domains/de/test/auto/ResetTransitionWithStartTime4.xml (RunModel)" time="0.016" />
  <testcase classname="ptolemy.util.test.junit.AutoTests" name="[58] /home/travis/build/icyphy/ptII/ptolemy/domains/de/test/auto/ResettableTimer1.xml (RunModel)" time="0.008" />
  <testcase classname="ptolemy.util.test.junit.AutoTests" name="[59] /home/travis/build/icyphy/ptII/ptolemy/domains/de/test/auto/ResettableTimer2.xml (RunModel)" time="0.007" />
  <testcase classname="ptolemy.util.test.junit.AutoTests" name="[60] /home/travis/build/icyphy/ptII/ptolemy/domains/de/test/auto/ResettableTimer3.xml (RunModel)" time="0.007" />
  <testcase classname="ptolemy.util.test.junit.AutoTests" name="[61] /home/travis/build/icyphy/ptII/ptolemy/domains/de/test/auto/ResettableTimer4.xml (RunModel)" time="0.008" />
  <testcase classname="ptolemy.util.test.junit.AutoTests" name="[62] /home/travis/build/icyphy/ptII/ptolemy/domains/de/test/auto/ResettableTimer5.xml (RunModel)" time="0.007" />
  <testcase classname="ptolemy.util.test.junit.AutoTests" name="[63] /home/travis/build/icyphy/ptII/ptolemy/domains/de/test/auto/ResettableTimer6.xml (RunModel)" time="0.015" />
  <testcase classname="ptolemy.util.test.junit.AutoTests" name="[64] /home/travis/build/icyphy/ptII/ptolemy/domains/de/test/auto/ServerZeroDelay.xml (RunModel)" time="0.009" />
  <testcase classname="ptolemy.util.test.junit.AutoTests" name="[65] /home/travis/build/icyphy/ptII/ptolemy/domains/de/test/auto/SmartSender.xml (RunModel)" time="3.008" />
  <testcase classname="ptolemy.util.test.junit.AutoTests" name="[66] /home/travis/build/icyphy/ptII/ptolemy/domains/de/test/auto/ThreadedComposite.xml (RunModel)" time="0.12" />
  <testcase classname="ptolemy.util.test.junit.AutoTests" name="[67] /home/travis/build/icyphy/ptII/ptolemy/domains/de/test/auto/Time.xml (RunModel)" time="0.392" />
  <testcase classname="ptolemy.util.test.junit.AutoTests" name="[68] /home/travis/build/icyphy/ptII/ptolemy/domains/de/test/auto/TimeDelayZeroDelay.xml (RunModel)" time="0.012" />
  <testcase classname="ptolemy.util.test.junit.AutoTests" name="[69] /home/travis/build/icyphy/ptII/ptolemy/domains/de/test/auto/TimerZeroDelay.xml (RunModel)" time="0.007" />
  <testcase classname="ptolemy.util.test.junit.AutoTests" name="[70] /home/travis/build/icyphy/ptII/ptolemy/domains/de/test/auto/TimingParadox.xml (RunModel)" time="0.33" />
  <testcase classname="ptolemy.util.test.junit.AutoTests" name="[71] /home/travis/build/icyphy/ptII/ptolemy/domains/de/test/auto/TransferInputs.xml (RunModel)" time="0.008" />
  <testcase classname="ptolemy.util.test.junit.AutoTests" name="[72] /home/travis/build/icyphy/ptII/ptolemy/domains/de/test/auto/TransferOutputs2.xml (RunModel)" time="0.013" />
  <testcase classname="ptolemy.util.test.junit.AutoTests" name="[73] /home/travis/build/icyphy/ptII/ptolemy/domains/de/test/auto/Trilateration.xml (RunModel)" time="10.799" />
  <testcase classname="ptolemy.util.test.junit.AutoTests" name="[74] /home/travis/build/icyphy/ptII/ptolemy/domains/de/test/auto/TwoSigmaDelta.xml (RunModel)" time="2.074" />
  <testcase classname="ptolemy.util.test.junit.AutoTests" name="[75] /home/travis/build/icyphy/ptII/ptolemy/domains/de/test/auto/VariableDelay.xml (RunModel)" time="0.01" />
  <testcase classname="ptolemy.util.test.junit.AutoTests" name="[76] /home/travis/build/icyphy/ptII/ptolemy/domains/de/test/auto/VariableDelay2.xml (RunModel)" time="0.007" />
  <testcase classname="ptolemy.util.test.junit.AutoTests" name="[77] /home/travis/build/icyphy/ptII/ptolemy/domains/de/test/auto/VariableDelayZeroDelay.xml (RunModel)" time="0.008" />
  <testcase classname="ptolemy.util.test.junit.AutoTests" name="[78] /home/travis/build/icyphy/ptII/ptolemy/domains/de/test/auto/VariableDelayZeroDelay2.xml (RunModel)" time="0.007" />
  <testcase classname="ptolemy.util.test.junit.AutoTests" name="[79] /home/travis/build/icyphy/ptII/ptolemy/domains/de/test/auto/deInCt.xml (RunModel)" time="0.013" />
  <testcase classname="ptolemy.util.test.junit.AutoTests" name="[80] /home/travis/build/icyphy/ptII/ptolemy/domains/de/test/auto/deInCt2.xml (RunModel)" time="0.01" />
  <testcase classname="ptolemy.util.test.junit.AutoTests" name="[81] /home/travis/build/icyphy/ptII/ptolemy/domains/de/test/auto/dynamicCausalityInterface1.xml (RunModel)" time="0.014" />
  <testcase classname="ptolemy.util.test.junit.AutoTests" name="[82] /home/travis/build/icyphy/ptII/ptolemy/domains/de/test/auto/fsm_de_test.xml (RunModel)" time="0.017" />
  <testcase classname="ptolemy.util.test.junit.AutoTests" name="[83] /home/travis/build/icyphy/ptII/ptolemy/domains/de/test/auto/functionDependencyReconstruction.xml (RunModel)" time="0.026" />
  <testcase classname="ptolemy.util.test.junit.AutoTests" name="[84] /home/travis/build/icyphy/ptII/ptolemy/domains/de/test/auto/multirate.xml (RunModel)" time="0.013" />
  <testcase classname="ptolemy.util.test.junit.AutoTests" name="[85] /home/travis/build/icyphy/ptII/ptolemy/domains/de/test/auto/multirate2.xml (RunModel)" time="0.013" />
  <testcase classname="ptolemy.util.test.junit.AutoTests" name="[86] /home/travis/build/icyphy/ptII/ptolemy/domains/de/test/auto/realtime.xml (RunModel)" time="10.008" />
  <testcase classname="ptolemy.util.test.junit.AutoTests" name="[87] /home/travis/build/icyphy/ptII/ptolemy/domains/de/test/auto/relationGroup.xml (RunModel)" time="0.01" />
  <testcase classname="ptolemy.util.test.junit.AutoTests" name="[88] /home/travis/build/icyphy/ptII/ptolemy/domains/de/test/auto/relationGroup2.xml (RunModel)" time="0.006" />
  <testcase classname="ptolemy.util.test.junit.AutoTests" name="[89] /home/travis/build/icyphy/ptII/ptolemy/domains/de/test/auto/sortWithOpaquePorts.xml (RunModel)" time="0.006" />
  <testcase classname="ptolemy.util.test.junit.AutoTests" name="[90] /home/travis/build/icyphy/ptII/ptolemy/domains/de/test/auto/transferInputsandOutputs.xml (RunModel)" time="0.011" />
  <testcase classname="ptolemy.util.test.junit.AutoTests" name="[91] /home/travis/build/icyphy/ptII/ptolemy/domains/de/test/auto/triggerType.xml (RunModel)" time="0.006" />
  <system-out><![CDATA[/home/travis/build/icyphy/ptII/ptolemy/domains/de/test/DependencyLoop.tcl
testDefs.tcl: setting time out to 9000 seconds at Wed Feb 27 20:57:49 UTC 2019
14 ms. Memory: 116224K Free: 97570K (84%)
21 ms. Memory: 146944K Free: 142371K (97%)
/home/travis/build/icyphy/ptII/ptolemy/domains/de/test/RunDETestsAsQSS.tcl
Run the DE tests using ptolemy.domains.qss.test.QSSDirectorTest, which extends QSSDirector and prints a message in the constructors.
------------------ testing $PTII/ptolemy/domains/de/test/auto/knownFailedTests/dependencyLoop.xml (Known Failure) 
11 ms. Memory: 146944K Free: 136896K (93%)


==== $PTIIhome/travis/build/icyphy/ptII/ptolemy/domains/de/test/../../../../: Auto Automatic test in file $PTII/ptolemy/domains/de/test/auto/knownFailedTests/dependencyLoop.xml
==== Contents of test case:

	    # FIXME: we should use $relativeFilename here, but it
	    # might have backslashes under Windows, which causes no end
	    # of trouble.
	    createAndExecute $file
	    list {}
	
.... Test generated KNOWN error:
    while executing
ptolemy.kernel.util.IllegalActionException: Found a zero delay loop containing .dependencyLoop.original
  in .dependencyLoop and .dependencyLoop.original
	at ptolemy.actor.util.CausalityInterfaceForComposites._computeOutputPortDepth(CausalityInterfaceForComposites.java:759)
	at ptolemy.actor.util.CausalityInterfaceForComposites._computeInputDepth(CausalityInterfaceForComposites.java:696)
	at ptolemy.actor.util.CausalityInterfaceForComposites._computeOutputPortDepth(CausalityInterfaceForComposites.java:765)
	at ptolemy.actor.util.CausalityInterfaceForComposites._computeInputDepth(CausalityInterfaceForComposites.java:696)
	at ptolemy.actor.util.CausalityInterfaceForComposites._computeOutputPortDepth(CausalityInterfaceForComposites.java:765)
	at ptolemy.actor.util.CausalityInterfaceForComposites._computeInputDepth(CausalityInterfaceForComposites.java:696)
	at ptolemy.actor.util.CausalityInterfaceForComposites._computeActorDepth(CausalityInterfaceForComposites.java:532)
	at ptolemy.actor.util.CausalityInterfaceForComposites.checkForCycles(CausalityInterfaceForComposites.java:96)
	at ptolemy.domains.de.kernel.DEDirector.preinitialize(DEDirector.java:1338)
	at ptolemy.actor.CompositeActor.preinitialize(CompositeActor.java:1828)
	at ptolemy.actor.Manager.preinitializeAndResolveTypes(Manager.java:1040)
	at ptolemy.actor.Manager.initialize(Manager.java:710)
	at ptolemy.actor.Manager.execute(Manager.java:356)
	at ptolemy.actor.Manager.run(Manager.java:1263)
	at ptolemy.actor.Manager$PtolemyRunThread.run(Manager.java:1915)

    while executing
ptolemy.kernel.util.IllegalActionException: Found a zero delay loop containing .dependencyLoop.original
  in .dependencyLoop and .dependencyLoop.original
    while executing
"java::new ptolemy.moml.MoMLSimpleApplication $file
"
    (procedure "createAndExecute" line 2)
    invoked from within
"createAndExecute $file"
    ("uplevel" body line 5)
    invoked from within
"uplevel $contents_of_test"
------------------ testing $PTII/ptolemy/domains/de/test/auto/knownFailedTests/DESDFClockTest.xml (Known Failure) 
2058 ms. Memory: 146944K Free: 121317K (83%)


==== $PTIIhome/travis/build/icyphy/ptII/ptolemy/domains/de/test/../../../../: Auto Automatic test in file $PTII/ptolemy/domains/de/test/auto/knownFailedTests/DESDFClockTest.xml
==== Contents of test case:

	    # FIXME: we should use $relativeFilename here, but it
	    # might have backslashes under Windows, which causes no end
	    # of trouble.
	    createAndExecute $file
	    list {}
	
.... Test generated KNOWN error:
    while executing
ptolemy.kernel.util.IllegalActionException: Actor is not ready to fire.  Perhaps UpSample.prefire() returned false? Try debugging the actor by selecting "Listen to Actor".  Also, for SDF check moml for tokenConsumptionRate on input.
  in .DESDFClockTest.Play Bell.Copy1:SDF Director and .DESDFClockTest.Play Bell.UpSample
	at ptolemy.actor.sched.StaticSchedulingDirector.fire(StaticSchedulingDirector.java:227)
	at ptolemy.domains.sdf.kernel.SDFDirector.fire(SDFDirector.java:500)
	at ptolemy.actor.CompositeActor.fire(CompositeActor.java:455)
	at ptolemy.domains.de.kernel.DEDirector._fire(DEDirector.java:1949)
	at ptolemy.domains.de.kernel.DEDirector.fire(DEDirector.java:502)
	at ptolemy.actor.CompositeActor.fire(CompositeActor.java:455)
	at ptolemy.actor.Manager.iterate(Manager.java:851)
	at ptolemy.actor.Manager.execute(Manager.java:369)
	at ptolemy.actor.Manager.run(Manager.java:1263)
	at ptolemy.actor.Manager$PtolemyRunThread.run(Manager.java:1915)

    while executing
ptolemy.kernel.util.IllegalActionException: Actor is not ready to fire.  Perhaps UpSample.prefire() returned false? Try debugging the actor by selecting "Listen to Actor".  Also, for SDF check moml for tokenConsumptionRate on input.
  in .DESDFClockTest.Play Bell.Copy1:SDF Director and .DESDFClockTest.Play Bell.UpSample
    while executing
"java::new ptolemy.moml.MoMLSimpleApplication $file
"
    (procedure "createAndExecute" line 2)
    invoked from within
"createAndExecute $file"
    ("uplevel" body line 5)
    invoked from within
"uplevel $contents_of_test"
------------------ testing $PTII/ptolemy/domains/de/test/auto/knownFailedTests/FSMSource.xml (Known Failure) 
24 ms. Memory: 146944K Free: 112466K (77%)
!!!! Auto was marked as failing, but now passes
------------------ testing $PTII/ptolemy/domains/de/test/auto/knownFailedTests/dependencyLoop2.xml (Known Failure) 
10 ms. Memory: 146944K Free: 110583K (75%)


==== $PTIIhome/travis/build/icyphy/ptII/ptolemy/domains/de/test/../../../../: Auto Automatic test in file $PTII/ptolemy/domains/de/test/auto/knownFailedTests/dependencyLoop2.xml
==== Contents of test case:

	    # FIXME: we should use $relativeFilename here, but it
	    # might have backslashes under Windows, which causes no end
	    # of trouble.
	    createAndExecute $file
	    list {}
	
.... Test generated KNOWN error:
    while executing
ptolemy.kernel.util.IllegalActionException: Found a zero delay loop containing .dependencyLoop2.original
  in .dependencyLoop2 and .dependencyLoop2.original
	at ptolemy.actor.util.CausalityInterfaceForComposites._computeOutputPortDepth(CausalityInterfaceForComposites.java:759)
	at ptolemy.actor.util.CausalityInterfaceForComposites._computeInputDepth(CausalityInterfaceForComposites.java:696)
	at ptolemy.actor.util.CausalityInterfaceForComposites._computeOutputPortDepth(CausalityInterfaceForComposites.java:765)
	at ptolemy.actor.util.CausalityInterfaceForComposites._computeInputDepth(CausalityInterfaceForComposites.java:696)
	at ptolemy.actor.util.CausalityInterfaceForComposites._computeOutputPortDepth(CausalityInterfaceForComposites.java:765)
	at ptolemy.actor.util.CausalityInterfaceForComposites._computeInputDepth(CausalityInterfaceForComposites.java:696)
	at ptolemy.actor.util.CausalityInterfaceForComposites._computeActorDepth(CausalityInterfaceForComposites.java:532)
	at ptolemy.actor.util.CausalityInterfaceForComposites.checkForCycles(CausalityInterfaceForComposites.java:96)
	at ptolemy.domains.de.kernel.DEDirector.preinitialize(DEDirector.java:1338)
	at ptolemy.actor.CompositeActor.preinitialize(CompositeActor.java:1828)
	at ptolemy.actor.Manager.preinitializeAndResolveTypes(Manager.java:1040)
	at ptolemy.actor.Manager.initialize(Manager.java:710)
	at ptolemy.actor.Manager.execute(Manager.java:356)
	at ptolemy.actor.Manager.run(Manager.java:1263)
	at ptolemy.actor.Manager$PtolemyRunThread.run(Manager.java:1915)

    while executing
ptolemy.kernel.util.IllegalActionException: Found a zero delay loop containing .dependencyLoop2.original
  in .dependencyLoop2 and .dependencyLoop2.original
    while executing
"java::new ptolemy.moml.MoMLSimpleApplication $file
"
    (procedure "createAndExecute" line 2)
    invoked from within
"createAndExecute $file"
    ("uplevel" body line 5)
    invoked from within
"uplevel $contents_of_test"
------------------ testing $PTII/ptolemy/domains/de/test/auto/knownFailedTests/HierarchicalModel.xml (Known Failure) 
5 ms. Memory: 146944K Free: 90342K (61%)


==== $PTIIhome/travis/build/icyphy/ptII/ptolemy/domains/de/test/../../../../: Auto Automatic test in file $PTII/ptolemy/domains/de/test/auto/knownFailedTests/HierarchicalModel.xml
==== Contents of test case:

	    # FIXME: we should use $relativeFilename here, but it
	    # might have backslashes under Windows, which causes no end
	    # of trouble.
	    createAndExecute $file
	    list {}
	
.... Test generated KNOWN error:
    while executing
ptolemy.kernel.util.IllegalActionException: Found a zero delay loop containing .HierarchicalModel.A
  in .HierarchicalModel and .HierarchicalModel.A
	at ptolemy.actor.util.CausalityInterfaceForComposites._computeOutputPortDepth(CausalityInterfaceForComposites.java:759)
	at ptolemy.actor.util.CausalityInterfaceForComposites._computeInputDepth(CausalityInterfaceForComposites.java:696)
	at ptolemy.actor.util.CausalityInterfaceForComposites._computeOutputPortDepth(CausalityInterfaceForComposites.java:765)
	at ptolemy.actor.util.CausalityInterfaceForComposites._computeInputDepth(CausalityInterfaceForComposites.java:696)
	at ptolemy.actor.util.CausalityInterfaceForComposites._computeOutputPortDepth(CausalityInterfaceForComposites.java:765)
	at ptolemy.actor.util.CausalityInterfaceForComposites._computeInputDepth(CausalityInterfaceForComposites.java:696)
	at ptolemy.actor.util.CausalityInterfaceForComposites._computeActorDepth(CausalityInterfaceForComposites.java:532)
	at ptolemy.actor.util.CausalityInterfaceForComposites.checkForCycles(CausalityInterfaceForComposites.java:96)
	at ptolemy.domains.de.kernel.DEDirector.preinitialize(DEDirector.java:1338)
	at ptolemy.actor.CompositeActor.preinitialize(CompositeActor.java:1828)
	at ptolemy.actor.Manager.preinitializeAndResolveTypes(Manager.java:1040)
	at ptolemy.actor.Manager.initialize(Manager.java:710)
	at ptolemy.actor.Manager.execute(Manager.java:356)
	at ptolemy.actor.Manager.run(Manager.java:1263)
	at ptolemy.actor.Manager$PtolemyRunThread.run(Manager.java:1915)

    while executing
ptolemy.kernel.util.IllegalActionException: Found a zero delay loop containing .HierarchicalModel.A
  in .HierarchicalModel and .HierarchicalModel.A
    while executing
"java::new ptolemy.moml.MoMLSimpleApplication $file
"
    (procedure "createAndExecute" line 2)
    invoked from within
"createAndExecute $file"
    ("uplevel" body line 5)
    invoked from within
"uplevel $contents_of_test"
------------------ testing $PTII/ptolemy/domains/de/test/auto/knownFailedTests/DirectFeedback.xml (Known Failure) 
4 ms. Memory: 146944K Free: 86184K (59%)


==== $PTIIhome/travis/build/icyphy/ptII/ptolemy/domains/de/test/../../../../: Auto Automatic test in file $PTII/ptolemy/domains/de/test/auto/knownFailedTests/DirectFeedback.xml
==== Contents of test case:

	    # FIXME: we should use $relativeFilename here, but it
	    # might have backslashes under Windows, which causes no end
	    # of trouble.
	    createAndExecute $file
	    list {}
	
.... Test generated KNOWN error:
    while executing
ptolemy.kernel.util.IllegalActionException: Test fails in iteration 1.
Value was: 1.0. Should have been: 2.0
  in .DirectFeedback.Test
	at ptolemy.actor.lib.Test.fire(Test.java:268)
	at ptolemy.domains.de.kernel.DEDirector._fire(DEDirector.java:1949)
	at ptolemy.domains.de.kernel.DEDirector.fire(DEDirector.java:502)
	at ptolemy.actor.CompositeActor.fire(CompositeActor.java:455)
	at ptolemy.actor.Manager.iterate(Manager.java:851)
	at ptolemy.actor.Manager.execute(Manager.java:369)
	at ptolemy.actor.Manager.run(Manager.java:1263)
	at ptolemy.actor.Manager$PtolemyRunThread.run(Manager.java:1915)

    while executing
ptolemy.kernel.util.IllegalActionException: Test fails in iteration 1.
Value was: 1.0. Should have been: 2.0
  in .DirectFeedback.Test
    while executing
"java::new ptolemy.moml.MoMLSimpleApplication $file
"
    (procedure "createAndExecute" line 2)
    invoked from within
"createAndExecute $file"
    ("uplevel" body line 5)
    invoked from within
"uplevel $contents_of_test"
------------------ testing $PTII/ptolemy/domains/de/test/auto/ActorDepthCalculation_actorWithoutPorts.xml
auto.tcl: Setting watchdog for 200 seconds at Wed Feb 27 20:57:52 UTC 2019
5 ms. Memory: 146944K Free: 139939K (95%)
ptolemy.util.test.WatchDog.cancel(): canceling Wed Feb 27 20:57:52 UTC 2019
auto.tcl: Setting watchdog for 200 seconds at Wed Feb 27 20:57:52 UTC 2019
4 ms. Memory: 146944K Free: 137650K (94%)
ptolemy.util.test.WatchDog.cancel(): canceling Wed Feb 27 20:57:52 UTC 2019
------------------ testing $PTII/ptolemy/domains/de/test/auto/AssemblyLine.xml
auto.tcl: Setting watchdog for 200 seconds at Wed Feb 27 20:57:52 UTC 2019
17 ms. Memory: 208384K Free: 183446K (88%)
ptolemy.util.test.WatchDog.cancel(): canceling Wed Feb 27 20:57:52 UTC 2019
auto.tcl: Setting watchdog for 200 seconds at Wed Feb 27 20:57:52 UTC 2019
6 ms. Memory: 208384K Free: 183446K (88%)
ptolemy.util.test.WatchDog.cancel(): canceling Wed Feb 27 20:57:52 UTC 2019
------------------ testing $PTII/ptolemy/domains/de/test/auto/CQBug1.xml
auto.tcl: Setting watchdog for 200 seconds at Wed Feb 27 20:57:53 UTC 2019
4 ms. Memory: 208384K Free: 197929K (95%)
ptolemy.util.test.WatchDog.cancel(): canceling Wed Feb 27 20:57:53 UTC 2019
auto.tcl: Setting watchdog for 200 seconds at Wed Feb 27 20:57:53 UTC 2019
2 ms. Memory: 208384K Free: 197929K (95%)
ptolemy.util.test.WatchDog.cancel(): canceling Wed Feb 27 20:57:53 UTC 2019
------------------ testing $PTII/ptolemy/domains/de/test/auto/CancelFireAt.xml
auto.tcl: Setting watchdog for 200 seconds at Wed Feb 27 20:57:53 UTC 2019
5 ms. Memory: 208384K Free: 201059K (96%)
ptolemy.util.test.WatchDog.cancel(): canceling Wed Feb 27 20:57:53 UTC 2019
auto.tcl: Setting watchdog for 200 seconds at Wed Feb 27 20:57:53 UTC 2019
4 ms. Memory: 208384K Free: 199030K (96%)
ptolemy.util.test.WatchDog.cancel(): canceling Wed Feb 27 20:57:53 UTC 2019
------------------ testing $PTII/ptolemy/domains/de/test/auto/CausalityAndComposabilityAnalysis.xml
auto.tcl: Setting watchdog for 200 seconds at Wed Feb 27 20:57:53 UTC 2019
7 ms. Memory: 208384K Free: 198626K (95%)
ptolemy.util.test.WatchDog.cancel(): canceling Wed Feb 27 20:57:53 UTC 2019
auto.tcl: Setting watchdog for 200 seconds at Wed Feb 27 20:57:53 UTC 2019
5 ms. Memory: 208384K Free: 196597K (94%)
ptolemy.util.test.WatchDog.cancel(): canceling Wed Feb 27 20:57:53 UTC 2019
------------------ testing $PTII/ptolemy/domains/de/test/auto/CausalityInterface1.xml
auto.tcl: Setting watchdog for 200 seconds at Wed Feb 27 20:57:53 UTC 2019
14 ms. Memory: 208384K Free: 196535K (94%)
ptolemy.util.test.WatchDog.cancel(): canceling Wed Feb 27 20:57:53 UTC 2019
auto.tcl: Setting watchdog for 200 seconds at Wed Feb 27 20:57:53 UTC 2019
8 ms. Memory: 208384K Free: 196535K (94%)
ptolemy.util.test.WatchDog.cancel(): canceling Wed Feb 27 20:57:53 UTC 2019
------------------ testing $PTII/ptolemy/domains/de/test/auto/CausalityInterface15.xml
auto.tcl: Setting watchdog for 200 seconds at Wed Feb 27 20:57:53 UTC 2019
11 ms. Memory: 208384K Free: 196494K (94%)
ptolemy.util.test.WatchDog.cancel(): canceling Wed Feb 27 20:57:53 UTC 2019
auto.tcl: Setting watchdog for 200 seconds at Wed Feb 27 20:57:53 UTC 2019
7 ms. Memory: 208384K Free: 196494K (94%)
ptolemy.util.test.WatchDog.cancel(): canceling Wed Feb 27 20:57:53 UTC 2019
------------------ testing $PTII/ptolemy/domains/de/test/auto/CausalityInterface2.xml
auto.tcl: Setting watchdog for 200 seconds at Wed Feb 27 20:57:53 UTC 2019
4 ms. Memory: 208384K Free: 196478K (94%)
ptolemy.util.test.WatchDog.cancel(): canceling Wed Feb 27 20:57:53 UTC 2019
auto.tcl: Setting watchdog for 200 seconds at Wed Feb 27 20:57:53 UTC 2019
3 ms. Memory: 208384K Free: 196478K (94%)
ptolemy.util.test.WatchDog.cancel(): canceling Wed Feb 27 20:57:53 UTC 2019
------------------ testing $PTII/ptolemy/domains/de/test/auto/CausalityInterface3.xml
auto.tcl: Setting watchdog for 200 seconds at Wed Feb 27 20:57:53 UTC 2019
8 ms. Memory: 208384K Free: 196522K (94%)
ptolemy.util.test.WatchDog.cancel(): canceling Wed Feb 27 20:57:53 UTC 2019
auto.tcl: Setting watchdog for 200 seconds at Wed Feb 27 20:57:53 UTC 2019
3 ms. Memory: 208384K Free: 196522K (94%)
ptolemy.util.test.WatchDog.cancel(): canceling Wed Feb 27 20:57:53 UTC 2019
------------------ testing $PTII/ptolemy/domains/de/test/auto/ClockDrift.xml
auto.tcl: Setting watchdog for 200 seconds at Wed Feb 27 20:57:53 UTC 2019
87 ms. Memory: 208384K Free: 187918K (90%)
ptolemy.util.test.WatchDog.cancel(): canceling Wed Feb 27 20:57:53 UTC 2019
auto.tcl: Setting watchdog for 200 seconds at Wed Feb 27 20:57:53 UTC 2019
58 ms. Memory: 208384K Free: 185889K (89%)
ptolemy.util.test.WatchDog.cancel(): canceling Wed Feb 27 20:57:53 UTC 2019
------------------ testing $PTII/ptolemy/domains/de/test/auto/ClockDriftAndValueChange.xml
auto.tcl: Setting watchdog for 200 seconds at Wed Feb 27 20:57:53 UTC 2019
43 ms. Memory: 208384K Free: 187740K (90%)
ptolemy.util.test.WatchDog.cancel(): canceling Wed Feb 27 20:57:54 UTC 2019
auto.tcl: Setting watchdog for 200 seconds at Wed Feb 27 20:57:54 UTC 2019
29 ms. Memory: 208384K Free: 185711K (89%)
ptolemy.util.test.WatchDog.cancel(): canceling Wed Feb 27 20:57:54 UTC 2019
------------------ testing $PTII/ptolemy/domains/de/test/auto/ClockDriftChange.xml
auto.tcl: Setting watchdog for 200 seconds at Wed Feb 27 20:57:54 UTC 2019
36 ms. Memory: 208384K Free: 191021K (92%)
ptolemy.util.test.WatchDog.cancel(): canceling Wed Feb 27 20:57:54 UTC 2019
auto.tcl: Setting watchdog for 200 seconds at Wed Feb 27 20:57:54 UTC 2019
27 ms. Memory: 208384K Free: 188992K (91%)
ptolemy.util.test.WatchDog.cancel(): canceling Wed Feb 27 20:57:54 UTC 2019
------------------ testing $PTII/ptolemy/domains/de/test/auto/ComposableCausalityAnalysis.xml
auto.tcl: Setting watchdog for 200 seconds at Wed Feb 27 20:57:54 UTC 2019
3 ms. Memory: 208384K Free: 196880K (94%)
ptolemy.util.test.WatchDog.cancel(): canceling Wed Feb 27 20:57:54 UTC 2019
auto.tcl: Setting watchdog for 200 seconds at Wed Feb 27 20:57:54 UTC 2019
2 ms. Memory: 208384K Free: 194851K (94%)
ptolemy.util.test.WatchDog.cancel(): canceling Wed Feb 27 20:57:54 UTC 2019
------------------ testing $PTII/ptolemy/domains/de/test/auto/DEFixedPointLimitation.xml
auto.tcl: Setting watchdog for 200 seconds at Wed Feb 27 20:57:54 UTC 2019
1 ms. Memory: 208384K Free: 196458K (94%)
ptolemy.util.test.WatchDog.cancel(): canceling Wed Feb 27 20:57:54 UTC 2019
auto.tcl: Setting watchdog for 200 seconds at Wed Feb 27 20:57:54 UTC 2019
1 ms. Memory: 208384K Free: 196458K (94%)
ptolemy.util.test.WatchDog.cancel(): canceling Wed Feb 27 20:57:54 UTC 2019
------------------ testing $PTII/ptolemy/domains/de/test/auto/DEScheduleTest.xml
auto.tcl: Setting watchdog for 200 seconds at Wed Feb 27 20:57:54 UTC 2019
4 ms. Memory: 208384K Free: 199026K (96%)
ptolemy.util.test.WatchDog.cancel(): canceling Wed Feb 27 20:57:54 UTC 2019
auto.tcl: Setting watchdog for 200 seconds at Wed Feb 27 20:57:54 UTC 2019
3 ms. Memory: 208384K Free: 196462K (94%)
ptolemy.util.test.WatchDog.cancel(): canceling Wed Feb 27 20:57:54 UTC 2019
------------------ testing $PTII/ptolemy/domains/de/test/auto/DEinDEwithStartTimes.xml
auto.tcl: Setting watchdog for 200 seconds at Wed Feb 27 20:57:54 UTC 2019
4 ms. Memory: 208384K Free: 196431K (94%)
ptolemy.util.test.WatchDog.cancel(): canceling Wed Feb 27 20:57:54 UTC 2019
auto.tcl: Setting watchdog for 200 seconds at Wed Feb 27 20:57:54 UTC 2019
3 ms. Memory: 208384K Free: 194402K (93%)
ptolemy.util.test.WatchDog.cancel(): canceling Wed Feb 27 20:57:54 UTC 2019
------------------ testing $PTII/ptolemy/domains/de/test/auto/DEinDEwithStartTimes2.xml
auto.tcl: Setting watchdog for 200 seconds at Wed Feb 27 20:57:54 UTC 2019
7 ms. Memory: 208384K Free: 196410K (94%)
ptolemy.util.test.WatchDog.cancel(): canceling Wed Feb 27 20:57:54 UTC 2019
auto.tcl: Setting watchdog for 200 seconds at Wed Feb 27 20:57:54 UTC 2019
5 ms. Memory: 208384K Free: 194365K (93%)
ptolemy.util.test.WatchDog.cancel(): canceling Wed Feb 27 20:57:54 UTC 2019
------------------ testing $PTII/ptolemy/domains/de/test/auto/DateDemo.xml
auto.tcl: Setting watchdog for 200 seconds at Wed Feb 27 20:57:54 UTC 2019
11 ms. Memory: 208384K Free: 189036K (91%)
ptolemy.util.test.WatchDog.cancel(): canceling Wed Feb 27 20:57:54 UTC 2019
auto.tcl: Setting watchdog for 200 seconds at Wed Feb 27 20:57:54 UTC 2019
6 ms. Memory: 208384K Free: 187007K (90%)
ptolemy.util.test.WatchDog.cancel(): canceling Wed Feb 27 20:57:54 UTC 2019
------------------ testing $PTII/ptolemy/domains/de/test/auto/DateToEvent.xml
auto.tcl: Setting watchdog for 200 seconds at Wed Feb 27 20:57:54 UTC 2019
2009 ms. Memory: 208384K Free: 183956K (88%)
ptolemy.util.test.WatchDog.cancel(): canceling Wed Feb 27 20:57:56 UTC 2019
auto.tcl: Setting watchdog for 200 seconds at Wed Feb 27 20:57:56 UTC 2019
2007 ms. Memory: 208384K Free: 183956K (88%)
ptolemy.util.test.WatchDog.cancel(): canceling Wed Feb 27 20:57:58 UTC 2019
------------------ testing $PTII/ptolemy/domains/de/test/auto/DepthTest1.xml
auto.tcl: Setting watchdog for 200 seconds at Wed Feb 27 20:57:58 UTC 2019
4 ms. Memory: 208384K Free: 198553K (95%)
ptolemy.util.test.WatchDog.cancel(): canceling Wed Feb 27 20:57:58 UTC 2019
auto.tcl: Setting watchdog for 200 seconds at Wed Feb 27 20:57:58 UTC 2019
1 ms. Memory: 208384K Free: 198553K (95%)
ptolemy.util.test.WatchDog.cancel(): canceling Wed Feb 27 20:57:58 UTC 2019
------------------ testing $PTII/ptolemy/domains/de/test/auto/DepthTest2.xml
auto.tcl: Setting watchdog for 200 seconds at Wed Feb 27 20:57:58 UTC 2019
4 ms. Memory: 208384K Free: 194378K (93%)
ptolemy.util.test.WatchDog.cancel(): canceling Wed Feb 27 20:57:59 UTC 2019
auto.tcl: Setting watchdog for 200 seconds at Wed Feb 27 20:57:59 UTC 2019
2 ms. Memory: 208384K Free: 194378K (93%)
ptolemy.util.test.WatchDog.cancel(): canceling Wed Feb 27 20:57:59 UTC 2019
------------------ testing $PTII/ptolemy/domains/de/test/auto/DepthTest3.xml
auto.tcl: Setting watchdog for 200 seconds at Wed Feb 27 20:57:59 UTC 2019
6 ms. Memory: 208384K Free: 198369K (95%)
ptolemy.util.test.WatchDog.cancel(): canceling Wed Feb 27 20:57:59 UTC 2019
auto.tcl: Setting watchdog for 200 seconds at Wed Feb 27 20:57:59 UTC 2019
5 ms. Memory: 208384K Free: 198369K (95%)
ptolemy.util.test.WatchDog.cancel(): canceling Wed Feb 27 20:57:59 UTC 2019
------------------ testing $PTII/ptolemy/domains/de/test/auto/DepthTest4.xml
auto.tcl: Setting watchdog for 200 seconds at Wed Feb 27 20:57:59 UTC 2019
6 ms. Memory: 208384K Free: 196427K (94%)
ptolemy.util.test.WatchDog.cancel(): canceling Wed Feb 27 20:57:59 UTC 2019
auto.tcl: Setting watchdog for 200 seconds at Wed Feb 27 20:57:59 UTC 2019
3 ms. Memory: 208384K Free: 196427K (94%)
ptolemy.util.test.WatchDog.cancel(): canceling Wed Feb 27 20:57:59 UTC 2019
------------------ testing $PTII/ptolemy/domains/de/test/auto/DepthTest5.xml
auto.tcl: Setting watchdog for 200 seconds at Wed Feb 27 20:57:59 UTC 2019
7 ms. Memory: 208384K Free: 196374K (94%)
ptolemy.util.test.WatchDog.cancel(): canceling Wed Feb 27 20:57:59 UTC 2019
auto.tcl: Setting watchdog for 200 seconds at Wed Feb 27 20:57:59 UTC 2019
2 ms. Memory: 208384K Free: 196374K (94%)
ptolemy.util.test.WatchDog.cancel(): canceling Wed Feb 27 20:57:59 UTC 2019
------------------ testing $PTII/ptolemy/domains/de/test/auto/DepthTest6.xml
auto.tcl: Setting watchdog for 200 seconds at Wed Feb 27 20:57:59 UTC 2019
5 ms. Memory: 208384K Free: 196367K (94%)
ptolemy.util.test.WatchDog.cancel(): canceling Wed Feb 27 20:57:59 UTC 2019
auto.tcl: Setting watchdog for 200 seconds at Wed Feb 27 20:57:59 UTC 2019
2 ms. Memory: 208384K Free: 196367K (94%)
ptolemy.util.test.WatchDog.cancel(): canceling Wed Feb 27 20:57:59 UTC 2019
------------------ testing $PTII/ptolemy/domains/de/test/auto/DepthTest7.xml
auto.tcl: Setting watchdog for 200 seconds at Wed Feb 27 20:57:59 UTC 2019
3 ms. Memory: 208384K Free: 196331K (94%)
ptolemy.util.test.WatchDog.cancel(): canceling Wed Feb 27 20:57:59 UTC 2019
auto.tcl: Setting watchdog for 200 seconds at Wed Feb 27 20:57:59 UTC 2019
2 ms. Memory: 208384K Free: 196331K (94%)
ptolemy.util.test.WatchDog.cancel(): canceling Wed Feb 27 20:57:59 UTC 2019
------------------ testing $PTII/ptolemy/domains/de/test/auto/EventToDate.xml
auto.tcl: Setting watchdog for 200 seconds at Wed Feb 27 20:57:59 UTC 2019
3008 ms. Memory: 208384K Free: 183694K (88%)
ptolemy.util.test.WatchDog.cancel(): canceling Wed Feb 27 20:58:02 UTC 2019
auto.tcl: Setting watchdog for 200 seconds at Wed Feb 27 20:58:02 UTC 2019
3005 ms. Memory: 208384K Free: 183694K (88%)
ptolemy.util.test.WatchDog.cancel(): canceling Wed Feb 27 20:58:05 UTC 2019
------------------ testing $PTII/ptolemy/domains/de/test/auto/FSM1.xml
auto.tcl: Setting watchdog for 200 seconds at Wed Feb 27 20:58:05 UTC 2019
15 ms. Memory: 208384K Free: 189485K (91%)
ptolemy.util.test.WatchDog.cancel(): canceling Wed Feb 27 20:58:05 UTC 2019
auto.tcl: Setting watchdog for 200 seconds at Wed Feb 27 20:58:05 UTC 2019
14 ms. Memory: 208384K Free: 185395K (89%)
ptolemy.util.test.WatchDog.cancel(): canceling Wed Feb 27 20:58:05 UTC 2019
------------------ testing $PTII/ptolemy/domains/de/test/auto/FSM7.xml
auto.tcl: Setting watchdog for 200 seconds at Wed Feb 27 20:58:05 UTC 2019
26 ms. Memory: 208384K Free: 187684K (90%)
ptolemy.util.test.WatchDog.cancel(): canceling Wed Feb 27 20:58:05 UTC 2019
auto.tcl: Setting watchdog for 200 seconds at Wed Feb 27 20:58:05 UTC 2019
20 ms. Memory: 208384K Free: 185654K (89%)
ptolemy.util.test.WatchDog.cancel(): canceling Wed Feb 27 20:58:05 UTC 2019
------------------ testing $PTII/ptolemy/domains/de/test/auto/Inspection.xml
auto.tcl: Setting watchdog for 200 seconds at Wed Feb 27 20:58:05 UTC 2019
40 ms. Memory: 208384K Free: 189432K (91%)
ptolemy.util.test.WatchDog.cancel(): canceling Wed Feb 27 20:58:05 UTC 2019
auto.tcl: Setting watchdog for 200 seconds at Wed Feb 27 20:58:05 UTC 2019
34 ms. Memory: 208384K Free: 186868K (90%)
ptolemy.util.test.WatchDog.cancel(): canceling Wed Feb 27 20:58:05 UTC 2019
------------------ testing $PTII/ptolemy/domains/de/test/auto/Iteration.xml
auto.tcl: Setting watchdog for 200 seconds at Wed Feb 27 20:58:05 UTC 2019
7 ms. Memory: 208384K Free: 196137K (94%)
ptolemy.util.test.WatchDog.cancel(): canceling Wed Feb 27 20:58:06 UTC 2019
auto.tcl: Setting watchdog for 200 seconds at Wed Feb 27 20:58:06 UTC 2019
8 ms. Memory: 208384K Free: 194092K (93%)
ptolemy.util.test.WatchDog.cancel(): canceling Wed Feb 27 20:58:06 UTC 2019
------------------ testing $PTII/ptolemy/domains/de/test/auto/LineFault.xml
auto.tcl: Setting watchdog for 200 seconds at Wed Feb 27 20:58:06 UTC 2019
486 ms. Memory: 208384K Free: 199858K (96%)
ptolemy.util.test.WatchDog.cancel(): canceling Wed Feb 27 20:58:06 UTC 2019
auto.tcl: Setting watchdog for 200 seconds at Wed Feb 27 20:58:06 UTC 2019
444 ms. Memory: 208384K Free: 142705K (68%)
ptolemy.util.test.WatchDog.cancel(): canceling Wed Feb 27 20:58:07 UTC 2019
------------------ testing $PTII/ptolemy/domains/de/test/auto/MergeModel1Add.xml
auto.tcl: Setting watchdog for 200 seconds at Wed Feb 27 20:58:07 UTC 2019
23 ms. Memory: 331264K Free: 300900K (91%)
ptolemy.util.test.WatchDog.cancel(): canceling Wed Feb 27 20:58:07 UTC 2019
auto.tcl: Setting watchdog for 200 seconds at Wed Feb 27 20:58:07 UTC 2019
7 ms. Memory: 331264K Free: 300900K (91%)
ptolemy.util.test.WatchDog.cancel(): canceling Wed Feb 27 20:58:07 UTC 2019
------------------ testing $PTII/ptolemy/domains/de/test/auto/MergeModel2Add.xml
auto.tcl: Setting watchdog for 200 seconds at Wed Feb 27 20:58:07 UTC 2019
10 ms. Memory: 331264K Free: 305794K (92%)
ptolemy.util.test.WatchDog.cancel(): canceling Wed Feb 27 20:58:07 UTC 2019
auto.tcl: Setting watchdog for 200 seconds at Wed Feb 27 20:58:07 UTC 2019
7 ms. Memory: 331264K Free: 302230K (91%)
ptolemy.util.test.WatchDog.cancel(): canceling Wed Feb 27 20:58:07 UTC 2019
------------------ testing $PTII/ptolemy/domains/de/test/auto/MergeModel3Add.xml
auto.tcl: Setting watchdog for 200 seconds at Wed Feb 27 20:58:07 UTC 2019
7 ms. Memory: 331264K Free: 305362K (92%)
ptolemy.util.test.WatchDog.cancel(): canceling Wed Feb 27 20:58:07 UTC 2019
auto.tcl: Setting watchdog for 200 seconds at Wed Feb 27 20:58:07 UTC 2019
7 ms. Memory: 331264K Free: 301797K (91%)
ptolemy.util.test.WatchDog.cancel(): canceling Wed Feb 27 20:58:07 UTC 2019
------------------ testing $PTII/ptolemy/domains/de/test/auto/MergeWithoutDiscard.xml
auto.tcl: Setting watchdog for 200 seconds at Wed Feb 27 20:58:07 UTC 2019
2 ms. Memory: 331264K Free: 316727K (96%)
ptolemy.util.test.WatchDog.cancel(): canceling Wed Feb 27 20:58:07 UTC 2019
auto.tcl: Setting watchdog for 200 seconds at Wed Feb 27 20:58:07 UTC 2019
1 ms. Memory: 331264K Free: 316727K (96%)
ptolemy.util.test.WatchDog.cancel(): canceling Wed Feb 27 20:58:07 UTC 2019
------------------ testing $PTII/ptolemy/domains/de/test/auto/Modal1.xml
auto.tcl: Setting watchdog for 200 seconds at Wed Feb 27 20:58:07 UTC 2019
11 ms. Memory: 331264K Free: 310367K (94%)
ptolemy.util.test.WatchDog.cancel(): canceling Wed Feb 27 20:58:07 UTC 2019
auto.tcl: Setting watchdog for 200 seconds at Wed Feb 27 20:58:07 UTC 2019
19 ms. Memory: 331264K Free: 306819K (93%)
ptolemy.util.test.WatchDog.cancel(): canceling Wed Feb 27 20:58:07 UTC 2019
------------------ testing $PTII/ptolemy/domains/de/test/auto/Modal2.xml
auto.tcl: Setting watchdog for 200 seconds at Wed Feb 27 20:58:07 UTC 2019
18 ms. Memory: 331264K Free: 310241K (94%)
ptolemy.util.test.WatchDog.cancel(): canceling Wed Feb 27 20:58:07 UTC 2019
auto.tcl: Setting watchdog for 200 seconds at Wed Feb 27 20:58:07 UTC 2019
17 ms. Memory: 331264K Free: 306677K (93%)
ptolemy.util.test.WatchDog.cancel(): canceling Wed Feb 27 20:58:07 UTC 2019
------------------ testing $PTII/ptolemy/domains/de/test/auto/Modal3.xml
auto.tcl: Setting watchdog for 200 seconds at Wed Feb 27 20:58:08 UTC 2019
10 ms. Memory: 331264K Free: 310200K (94%)
ptolemy.util.test.WatchDog.cancel(): canceling Wed Feb 27 20:58:08 UTC 2019
auto.tcl: Setting watchdog for 200 seconds at Wed Feb 27 20:58:08 UTC 2019
11 ms. Memory: 331264K Free: 306635K (93%)
ptolemy.util.test.WatchDog.cancel(): canceling Wed Feb 27 20:58:08 UTC 2019
------------------ testing $PTII/ptolemy/domains/de/test/auto/Modal4.xml
auto.tcl: Setting watchdog for 200 seconds at Wed Feb 27 20:58:08 UTC 2019
15 ms. Memory: 331264K Free: 310213K (94%)
ptolemy.util.test.WatchDog.cancel(): canceling Wed Feb 27 20:58:08 UTC 2019
auto.tcl: Setting watchdog for 200 seconds at Wed Feb 27 20:58:08 UTC 2019
17 ms. Memory: 331264K Free: 306649K (93%)
ptolemy.util.test.WatchDog.cancel(): canceling Wed Feb 27 20:58:08 UTC 2019
------------------ testing $PTII/ptolemy/domains/de/test/auto/Modal5.xml
auto.tcl: Setting watchdog for 200 seconds at Wed Feb 27 20:58:08 UTC 2019
11 ms. Memory: 331264K Free: 310215K (94%)
ptolemy.util.test.WatchDog.cancel(): canceling Wed Feb 27 20:58:08 UTC 2019
auto.tcl: Setting watchdog for 200 seconds at Wed Feb 27 20:58:08 UTC 2019
12 ms. Memory: 331264K Free: 306651K (93%)
ptolemy.util.test.WatchDog.cancel(): canceling Wed Feb 27 20:58:08 UTC 2019
------------------ testing $PTII/ptolemy/domains/de/test/auto/Modal6.xml
auto.tcl: Setting watchdog for 200 seconds at Wed Feb 27 20:58:08 UTC 2019
13 ms. Memory: 331264K Free: 310214K (94%)
ptolemy.util.test.WatchDog.cancel(): canceling Wed Feb 27 20:58:08 UTC 2019
auto.tcl: Setting watchdog for 200 seconds at Wed Feb 27 20:58:08 UTC 2019
12 ms. Memory: 331264K Free: 306665K (93%)
ptolemy.util.test.WatchDog.cancel(): canceling Wed Feb 27 20:58:08 UTC 2019
------------------ testing $PTII/ptolemy/domains/de/test/auto/Modal7.xml
auto.tcl: Setting watchdog for 200 seconds at Wed Feb 27 20:58:08 UTC 2019
9 ms. Memory: 331264K Free: 306642K (93%)
ptolemy.util.test.WatchDog.cancel(): canceling Wed Feb 27 20:58:08 UTC 2019
auto.tcl: Setting watchdog for 200 seconds at Wed Feb 27 20:58:08 UTC 2019
11 ms. Memory: 331264K Free: 303093K (91%)
ptolemy.util.test.WatchDog.cancel(): canceling Wed Feb 27 20:58:08 UTC 2019
------------------ testing $PTII/ptolemy/domains/de/test/auto/ModalModel.xml
auto.tcl: Setting watchdog for 200 seconds at Wed Feb 27 20:58:08 UTC 2019
186 ms. Memory: 331264K Free: 247638K (75%)
ptolemy.util.test.WatchDog.cancel(): canceling Wed Feb 27 20:58:08 UTC 2019
auto.tcl: Setting watchdog for 200 seconds at Wed Feb 27 20:58:08 UTC 2019
187 ms. Memory: 331264K Free: 190726K (58%)
ptolemy.util.test.WatchDog.cancel(): canceling Wed Feb 27 20:58:08 UTC 2019
------------------ testing $PTII/ptolemy/domains/de/test/auto/ModalSource.xml
auto.tcl: Setting watchdog for 200 seconds at Wed Feb 27 20:58:09 UTC 2019
9 ms. Memory: 331264K Free: 316921K (96%)
ptolemy.util.test.WatchDog.cancel(): canceling Wed Feb 27 20:58:09 UTC 2019
auto.tcl: Setting watchdog for 200 seconds at Wed Feb 27 20:58:09 UTC 2019
5 ms. Memory: 331264K Free: 313654K (95%)
ptolemy.util.test.WatchDog.cancel(): canceling Wed Feb 27 20:58:09 UTC 2019
------------------ testing $PTII/ptolemy/domains/de/test/auto/NonInterruptibleTimerZeroDelay.xml
auto.tcl: Setting watchdog for 200 seconds at Wed Feb 27 20:58:09 UTC 2019
4 ms. Memory: 331264K Free: 320826K (97%)
ptolemy.util.test.WatchDog.cancel(): canceling Wed Feb 27 20:58:09 UTC 2019
auto.tcl: Setting watchdog for 200 seconds at Wed Feb 27 20:58:09 UTC 2019
2 ms. Memory: 331264K Free: 317566K (96%)
ptolemy.util.test.WatchDog.cancel(): canceling Wed Feb 27 20:58:09 UTC 2019
------------------ testing $PTII/ptolemy/domains/de/test/auto/OpenQueueingNetwork.xml
auto.tcl: Setting watchdog for 200 seconds at Wed Feb 27 20:58:09 UTC 2019
2698 ms. Memory: 573952K Free: 418102K (73%)
ptolemy.util.test.WatchDog.cancel(): canceling Wed Feb 27 20:58:11 UTC 2019
auto.tcl: Setting watchdog for 200 seconds at Wed Feb 27 20:58:11 UTC 2019
2076 ms. Memory: 550912K Free: 334944K (61%)
ptolemy.util.test.WatchDog.cancel(): canceling Wed Feb 27 20:58:14 UTC 2019
------------------ testing $PTII/ptolemy/domains/de/test/auto/OpenQueuingNetwork.xml
auto.tcl: Setting watchdog for 200 seconds at Wed Feb 27 20:58:14 UTC 2019
232 ms. Memory: 549888K Free: 436608K (79%)
ptolemy.util.test.WatchDog.cancel(): canceling Wed Feb 27 20:58:14 UTC 2019
auto.tcl: Setting watchdog for 200 seconds at Wed Feb 27 20:58:14 UTC 2019
209 ms. Memory: 549888K Free: 379031K (69%)
ptolemy.util.test.WatchDog.cancel(): canceling Wed Feb 27 20:58:14 UTC 2019
------------------ testing $PTII/ptolemy/domains/de/test/auto/PeriodicSampler.xml
auto.tcl: Setting watchdog for 200 seconds at Wed Feb 27 20:58:14 UTC 2019
3 ms. Memory: 551936K Free: 536680K (97%)
ptolemy.util.test.WatchDog.cancel(): canceling Wed Feb 27 20:58:14 UTC 2019
auto.tcl: Setting watchdog for 200 seconds at Wed Feb 27 20:58:14 UTC 2019
1 ms. Memory: 551936K Free: 536680K (97%)
ptolemy.util.test.WatchDog.cancel(): canceling Wed Feb 27 20:58:14 UTC 2019
------------------ testing $PTII/ptolemy/domains/de/test/auto/PersistentIO.xml
auto.tcl: Setting watchdog for 200 seconds at Wed Feb 27 20:58:14 UTC 2019
12 ms. Memory: 549376K Free: 529469K (96%)
ptolemy.util.test.WatchDog.cancel(): canceling Wed Feb 27 20:58:14 UTC 2019
auto.tcl: Setting watchdog for 200 seconds at Wed Feb 27 20:58:14 UTC 2019
4 ms. Memory: 549376K Free: 529469K (96%)
ptolemy.util.test.WatchDog.cancel(): canceling Wed Feb 27 20:58:14 UTC 2019
------------------ testing $PTII/ptolemy/domains/de/test/auto/PortParameterResetOnInitialize.xml
auto.tcl: Setting watchdog for 200 seconds at Wed Feb 27 20:58:14 UTC 2019
2 ms. Memory: 551424K Free: 531949K (96%)
ptolemy.util.test.WatchDog.cancel(): canceling Wed Feb 27 20:58:14 UTC 2019
auto.tcl: Setting watchdog for 200 seconds at Wed Feb 27 20:58:14 UTC 2019
1 ms. Memory: 551424K Free: 531949K (96%)
ptolemy.util.test.WatchDog.cancel(): canceling Wed Feb 27 20:58:14 UTC 2019
------------------ testing $PTII/ptolemy/domains/de/test/auto/PortParameterUpdates.xml
auto.tcl: Setting watchdog for 200 seconds at Wed Feb 27 20:58:14 UTC 2019
3 ms. Memory: 549376K Free: 534714K (97%)
ptolemy.util.test.WatchDog.cancel(): canceling Wed Feb 27 20:58:14 UTC 2019
auto.tcl: Setting watchdog for 200 seconds at Wed Feb 27 20:58:14 UTC 2019
3 ms. Memory: 549376K Free: 529480K (96%)
ptolemy.util.test.WatchDog.cancel(): canceling Wed Feb 27 20:58:14 UTC 2019
------------------ testing $PTII/ptolemy/domains/de/test/auto/QueueAndServer.xml
auto.tcl: Setting watchdog for 200 seconds at Wed Feb 27 20:58:14 UTC 2019
10 ms. Memory: 551424K Free: 526253K (95%)
ptolemy.util.test.WatchDog.cancel(): canceling Wed Feb 27 20:58:14 UTC 2019
auto.tcl: Setting watchdog for 200 seconds at Wed Feb 27 20:58:14 UTC 2019
6 ms. Memory: 551424K Free: 526253K (95%)
ptolemy.util.test.WatchDog.cancel(): canceling Wed Feb 27 20:58:15 UTC 2019
------------------ testing $PTII/ptolemy/domains/de/test/auto/Records.xml
auto.tcl: Setting watchdog for 200 seconds at Wed Feb 27 20:58:15 UTC 2019
8 ms. Memory: 549376K Free: 534078K (97%)
ptolemy.util.test.WatchDog.cancel(): canceling Wed Feb 27 20:58:15 UTC 2019
auto.tcl: Setting watchdog for 200 seconds at Wed Feb 27 20:58:15 UTC 2019
2 ms. Memory: 549376K Free: 528843K (96%)
ptolemy.util.test.WatchDog.cancel(): canceling Wed Feb 27 20:58:15 UTC 2019
------------------ testing $PTII/ptolemy/domains/de/test/auto/ResetTransitionWithStartTime1.xml
auto.tcl: Setting watchdog for 200 seconds at Wed Feb 27 20:58:15 UTC 2019
15 ms. Memory: 551424K Free: 531443K (96%)
ptolemy.util.test.WatchDog.cancel(): canceling Wed Feb 27 20:58:15 UTC 2019
auto.tcl: Setting watchdog for 200 seconds at Wed Feb 27 20:58:15 UTC 2019
6 ms. Memory: 551424K Free: 530900K (96%)
ptolemy.util.test.WatchDog.cancel(): canceling Wed Feb 27 20:58:15 UTC 2019
------------------ testing $PTII/ptolemy/domains/de/test/auto/ResetTransitionWithStartTime2.xml
auto.tcl: Setting watchdog for 200 seconds at Wed Feb 27 20:58:15 UTC 2019
11 ms. Memory: 549376K Free: 529386K (96%)
ptolemy.util.test.WatchDog.cancel(): canceling Wed Feb 27 20:58:15 UTC 2019
auto.tcl: Setting watchdog for 200 seconds at Wed Feb 27 20:58:15 UTC 2019
5 ms. Memory: 549376K Free: 529386K (96%)
ptolemy.util.test.WatchDog.cancel(): canceling Wed Feb 27 20:58:15 UTC 2019
------------------ testing $PTII/ptolemy/domains/de/test/auto/ResetTransitionWithStartTime3.xml
auto.tcl: Setting watchdog for 200 seconds at Wed Feb 27 20:58:15 UTC 2019
4 ms. Memory: 550912K Free: 530240K (96%)
ptolemy.util.test.WatchDog.cancel(): canceling Wed Feb 27 20:58:15 UTC 2019
auto.tcl: Setting watchdog for 200 seconds at Wed Feb 27 20:58:15 UTC 2019
5 ms. Memory: 550912K Free: 530240K (96%)
ptolemy.util.test.WatchDog.cancel(): canceling Wed Feb 27 20:58:15 UTC 2019
------------------ testing $PTII/ptolemy/domains/de/test/auto/ResetTransitionWithStartTime4.xml
auto.tcl: Setting watchdog for 200 seconds at Wed Feb 27 20:58:15 UTC 2019
5 ms. Memory: 549376K Free: 528717K (96%)
ptolemy.util.test.WatchDog.cancel(): canceling Wed Feb 27 20:58:15 UTC 2019
auto.tcl: Setting watchdog for 200 seconds at Wed Feb 27 20:58:15 UTC 2019
4 ms. Memory: 549376K Free: 528717K (96%)
ptolemy.util.test.WatchDog.cancel(): canceling Wed Feb 27 20:58:15 UTC 2019
------------------ testing $PTII/ptolemy/domains/de/test/auto/ResettableTimer1.xml
auto.tcl: Setting watchdog for 200 seconds at Wed Feb 27 20:58:15 UTC 2019
4 ms. Memory: 550912K Free: 535482K (97%)
ptolemy.util.test.WatchDog.cancel(): canceling Wed Feb 27 20:58:15 UTC 2019
auto.tcl: Setting watchdog for 200 seconds at Wed Feb 27 20:58:15 UTC 2019
1 ms. Memory: 550912K Free: 535482K (97%)
ptolemy.util.test.WatchDog.cancel(): canceling Wed Feb 27 20:58:15 UTC 2019
------------------ testing $PTII/ptolemy/domains/de/test/auto/ResettableTimer2.xml
auto.tcl: Setting watchdog for 200 seconds at Wed Feb 27 20:58:15 UTC 2019
2 ms. Memory: 549376K Free: 534547K (97%)
ptolemy.util.test.WatchDog.cancel(): canceling Wed Feb 27 20:58:15 UTC 2019
auto.tcl: Setting watchdog for 200 seconds at Wed Feb 27 20:58:15 UTC 2019
2 ms. Memory: 549376K Free: 534547K (97%)
ptolemy.util.test.WatchDog.cancel(): canceling Wed Feb 27 20:58:15 UTC 2019
------------------ testing $PTII/ptolemy/domains/de/test/auto/ResettableTimer3.xml
auto.tcl: Setting watchdog for 200 seconds at Wed Feb 27 20:58:15 UTC 2019
1 ms. Memory: 550912K Free: 535540K (97%)
ptolemy.util.test.WatchDog.cancel(): canceling Wed Feb 27 20:58:15 UTC 2019
auto.tcl: Setting watchdog for 200 seconds at Wed Feb 27 20:58:15 UTC 2019
1 ms. Memory: 550912K Free: 535540K (97%)
ptolemy.util.test.WatchDog.cancel(): canceling Wed Feb 27 20:58:15 UTC 2019
------------------ testing $PTII/ptolemy/domains/de/test/auto/ResettableTimer4.xml
auto.tcl: Setting watchdog for 200 seconds at Wed Feb 27 20:58:15 UTC 2019
1 ms. Memory: 549376K Free: 534560K (97%)
ptolemy.util.test.WatchDog.cancel(): canceling Wed Feb 27 20:58:15 UTC 2019
auto.tcl: Setting watchdog for 200 seconds at Wed Feb 27 20:58:15 UTC 2019
1 ms. Memory: 549376K Free: 534560K (97%)
ptolemy.util.test.WatchDog.cancel(): canceling Wed Feb 27 20:58:15 UTC 2019
------------------ testing $PTII/ptolemy/domains/de/test/auto/ResettableTimer5.xml
auto.tcl: Setting watchdog for 200 seconds at Wed Feb 27 20:58:15 UTC 2019
2 ms. Memory: 550400K Free: 530902K (96%)
ptolemy.util.test.WatchDog.cancel(): canceling Wed Feb 27 20:58:15 UTC 2019
auto.tcl: Setting watchdog for 200 seconds at Wed Feb 27 20:58:15 UTC 2019
1 ms. Memory: 550400K Free: 530902K (96%)
ptolemy.util.test.WatchDog.cancel(): canceling Wed Feb 27 20:58:15 UTC 2019
------------------ testing $PTII/ptolemy/domains/de/test/auto/ResettableTimer6.xml
auto.tcl: Setting watchdog for 200 seconds at Wed Feb 27 20:58:15 UTC 2019
2 ms. Memory: 549376K Free: 529281K (96%)
ptolemy.util.test.WatchDog.cancel(): canceling Wed Feb 27 20:58:15 UTC 2019
auto.tcl: Setting watchdog for 200 seconds at Wed Feb 27 20:58:15 UTC 2019
1 ms. Memory: 549376K Free: 529281K (96%)
ptolemy.util.test.WatchDog.cancel(): canceling Wed Feb 27 20:58:15 UTC 2019
------------------ testing $PTII/ptolemy/domains/de/test/auto/ServerZeroDelay.xml
auto.tcl: Setting watchdog for 200 seconds at Wed Feb 27 20:58:15 UTC 2019
2 ms. Memory: 550400K Free: 535518K (97%)
ptolemy.util.test.WatchDog.cancel(): canceling Wed Feb 27 20:58:15 UTC 2019
auto.tcl: Setting watchdog for 200 seconds at Wed Feb 27 20:58:15 UTC 2019
2 ms. Memory: 550400K Free: 535518K (97%)
ptolemy.util.test.WatchDog.cancel(): canceling Wed Feb 27 20:58:15 UTC 2019
------------------ testing $PTII/ptolemy/domains/de/test/auto/SmartSender.xml
auto.tcl: Setting watchdog for 200 seconds at Wed Feb 27 20:58:15 UTC 2019
3002 ms. Memory: 549376K Free: 529810K (96%)
ptolemy.util.test.WatchDog.cancel(): canceling Wed Feb 27 20:58:18 UTC 2019
auto.tcl: Setting watchdog for 200 seconds at Wed Feb 27 20:58:18 UTC 2019
3002 ms. Memory: 549376K Free: 529810K (96%)
ptolemy.util.test.WatchDog.cancel(): canceling Wed Feb 27 20:58:21 UTC 2019
------------------ testing $PTII/ptolemy/domains/de/test/auto/ThreadedComposite.xml
auto.tcl: Setting watchdog for 200 seconds at Wed Feb 27 20:58:21 UTC 2019
257 ms. Memory: 550400K Free: 510461K (93%)
ptolemy.util.test.WatchDog.cancel(): canceling Wed Feb 27 20:58:22 UTC 2019
auto.tcl: Setting watchdog for 200 seconds at Wed Feb 27 20:58:22 UTC 2019
191 ms. Memory: 550400K Free: 486508K (88%)
ptolemy.util.test.WatchDog.cancel(): canceling Wed Feb 27 20:58:22 UTC 2019
------------------ testing $PTII/ptolemy/domains/de/test/auto/Time.xml
auto.tcl: Setting watchdog for 200 seconds at Wed Feb 27 20:58:22 UTC 2019
469 ms. Memory: 549376K Free: 482194K (88%)
ptolemy.util.test.WatchDog.cancel(): canceling Wed Feb 27 20:58:22 UTC 2019
auto.tcl: Setting watchdog for 200 seconds at Wed Feb 27 20:58:22 UTC 2019
473 ms. Memory: 549376K Free: 429852K (78%)
ptolemy.util.test.WatchDog.cancel(): canceling Wed Feb 27 20:58:23 UTC 2019
------------------ testing $PTII/ptolemy/domains/de/test/auto/TimeDelayZeroDelay.xml
auto.tcl: Setting watchdog for 200 seconds at Wed Feb 27 20:58:23 UTC 2019
1 ms. Memory: 550400K Free: 534893K (97%)
ptolemy.util.test.WatchDog.cancel(): canceling Wed Feb 27 20:58:23 UTC 2019
auto.tcl: Setting watchdog for 200 seconds at Wed Feb 27 20:58:23 UTC 2019
2 ms. Memory: 550400K Free: 534893K (97%)
ptolemy.util.test.WatchDog.cancel(): canceling Wed Feb 27 20:58:23 UTC 2019
------------------ testing $PTII/ptolemy/domains/de/test/auto/TimerZeroDelay.xml
auto.tcl: Setting watchdog for 200 seconds at Wed Feb 27 20:58:23 UTC 2019
3 ms. Memory: 549376K Free: 534456K (97%)
ptolemy.util.test.WatchDog.cancel(): canceling Wed Feb 27 20:58:23 UTC 2019
auto.tcl: Setting watchdog for 200 seconds at Wed Feb 27 20:58:23 UTC 2019
2 ms. Memory: 549376K Free: 534456K (97%)
ptolemy.util.test.WatchDog.cancel(): canceling Wed Feb 27 20:58:23 UTC 2019
------------------ testing $PTII/ptolemy/domains/de/test/auto/TimingParadox.xml
auto.tcl: Setting watchdog for 200 seconds at Wed Feb 27 20:58:23 UTC 2019
356 ms. Memory: 549888K Free: 470213K (86%)
ptolemy.util.test.WatchDog.cancel(): canceling Wed Feb 27 20:58:23 UTC 2019
auto.tcl: Setting watchdog for 200 seconds at Wed Feb 27 20:58:23 UTC 2019
361 ms. Memory: 549888K Free: 433574K (79%)
ptolemy.util.test.WatchDog.cancel(): canceling Wed Feb 27 20:58:24 UTC 2019
------------------ testing $PTII/ptolemy/domains/de/test/auto/TransferInputs.xml
auto.tcl: Setting watchdog for 200 seconds at Wed Feb 27 20:58:24 UTC 2019
2 ms. Memory: 549888K Free: 533929K (97%)
ptolemy.util.test.WatchDog.cancel(): canceling Wed Feb 27 20:58:24 UTC 2019
auto.tcl: Setting watchdog for 200 seconds at Wed Feb 27 20:58:24 UTC 2019
2 ms. Memory: 549888K Free: 533929K (97%)
ptolemy.util.test.WatchDog.cancel(): canceling Wed Feb 27 20:58:24 UTC 2019
------------------ testing $PTII/ptolemy/domains/de/test/auto/TransferOutputs2.xml
auto.tcl: Setting watchdog for 200 seconds at Wed Feb 27 20:58:24 UTC 2019
3 ms. Memory: 549376K Free: 524589K (95%)
ptolemy.util.test.WatchDog.cancel(): canceling Wed Feb 27 20:58:24 UTC 2019
auto.tcl: Setting watchdog for 200 seconds at Wed Feb 27 20:58:24 UTC 2019
2 ms. Memory: 549376K Free: 524589K (95%)
ptolemy.util.test.WatchDog.cancel(): canceling Wed Feb 27 20:58:24 UTC 2019
------------------ testing $PTII/ptolemy/domains/de/test/auto/Trilateration.xml
auto.tcl: Setting watchdog for 200 seconds at Wed Feb 27 20:58:24 UTC 2019
12515 ms. Memory: 766976K Free: 248555K (32%)
ptolemy.util.test.WatchDog.cancel(): canceling Wed Feb 27 20:58:37 UTC 2019
auto.tcl: Setting watchdog for 200 seconds at Wed Feb 27 20:58:37 UTC 2019
10017 ms. Memory: 646144K Free: 100885K (16%)
ptolemy.util.test.WatchDog.cancel(): canceling Wed Feb 27 20:58:47 UTC 2019
------------------ testing $PTII/ptolemy/domains/de/test/auto/TwoSigmaDelta.xml
auto.tcl: Setting watchdog for 200 seconds at Wed Feb 27 20:58:48 UTC 2019
2647 ms. Memory: 649728K Free: 341078K (52%)
ptolemy.util.test.WatchDog.cancel(): canceling Wed Feb 27 20:58:50 UTC 2019
auto.tcl: Setting watchdog for 200 seconds at Wed Feb 27 20:58:50 UTC 2019
1910 ms. Memory: 649728K Free: 105793K (16%)
ptolemy.util.test.WatchDog.cancel(): canceling Wed Feb 27 20:58:52 UTC 2019
------------------ testing $PTII/ptolemy/domains/de/test/auto/VariableDelay.xml
auto.tcl: Setting watchdog for 200 seconds at Wed Feb 27 20:58:52 UTC 2019
2 ms. Memory: 646656K Free: 626956K (97%)
ptolemy.util.test.WatchDog.cancel(): canceling Wed Feb 27 20:58:52 UTC 2019
auto.tcl: Setting watchdog for 200 seconds at Wed Feb 27 20:58:52 UTC 2019
2 ms. Memory: 646656K Free: 626956K (97%)
ptolemy.util.test.WatchDog.cancel(): canceling Wed Feb 27 20:58:52 UTC 2019
------------------ testing $PTII/ptolemy/domains/de/test/auto/VariableDelay2.xml
auto.tcl: Setting watchdog for 200 seconds at Wed Feb 27 20:58:52 UTC 2019
1 ms. Memory: 646144K Free: 626933K (97%)
ptolemy.util.test.WatchDog.cancel(): canceling Wed Feb 27 20:58:52 UTC 2019
auto.tcl: Setting watchdog for 200 seconds at Wed Feb 27 20:58:52 UTC 2019
2 ms. Memory: 646144K Free: 626933K (97%)
ptolemy.util.test.WatchDog.cancel(): canceling Wed Feb 27 20:58:52 UTC 2019
------------------ testing $PTII/ptolemy/domains/de/test/auto/VariableDelayZeroDelay.xml
auto.tcl: Setting watchdog for 200 seconds at Wed Feb 27 20:58:52 UTC 2019
2 ms. Memory: 646144K Free: 621284K (96%)
ptolemy.util.test.WatchDog.cancel(): canceling Wed Feb 27 20:58:52 UTC 2019
auto.tcl: Setting watchdog for 200 seconds at Wed Feb 27 20:58:52 UTC 2019
1 ms. Memory: 646144K Free: 621284K (96%)
ptolemy.util.test.WatchDog.cancel(): canceling Wed Feb 27 20:58:52 UTC 2019
------------------ testing $PTII/ptolemy/domains/de/test/auto/VariableDelayZeroDelay2.xml
auto.tcl: Setting watchdog for 200 seconds at Wed Feb 27 20:58:52 UTC 2019
2 ms. Memory: 649216K Free: 624354K (96%)
ptolemy.util.test.WatchDog.cancel(): canceling Wed Feb 27 20:58:52 UTC 2019
auto.tcl: Setting watchdog for 200 seconds at Wed Feb 27 20:58:52 UTC 2019
2 ms. Memory: 649216K Free: 624354K (96%)
ptolemy.util.test.WatchDog.cancel(): canceling Wed Feb 27 20:58:52 UTC 2019
------------------ testing $PTII/ptolemy/domains/de/test/auto/deInCt.xml
auto.tcl: Setting watchdog for 200 seconds at Wed Feb 27 20:58:52 UTC 2019
0
1
1
1
0
0
0
1
1
1
0
0
0
1
1
1
0
0
0
1
1
1
0
0
0
1
1
1
0
0
0
0
1
1
1
1
0
0
1
1
0
0
0
1
1
1
0
0
0
0
0
11 ms. Memory: 646144K Free: 621203K (96%)
ptolemy.util.test.WatchDog.cancel(): canceling Wed Feb 27 20:58:52 UTC 2019
auto.tcl: Setting watchdog for 200 seconds at Wed Feb 27 20:58:52 UTC 2019
0
1
1
1
0
0
0
1
1
1
0
0
0
1
1
1
1
0
0
0
1
1
1
0
0
0
1
1
1
0
0
0
0
0
1
1
1
0
0
0
1
1
0
0
0
1
1
1
1
0
0
0
0
9 ms. Memory: 646144K Free: 621203K (96%)
ptolemy.util.test.WatchDog.cancel(): canceling Wed Feb 27 20:58:52 UTC 2019
------------------ testing $PTII/ptolemy/domains/de/test/auto/deInCt2.xml
auto.tcl: Setting watchdog for 200 seconds at Wed Feb 27 20:58:53 UTC 2019
0
1
1
1
0
0
1
1
1
0
0
1
1
1
0
0
1
1
1
0
0
1
1
1
0
0
1
1
1
0
0
1
1
1
0
0
1
1
1
0
0
0
5 ms. Memory: 648704K Free: 623763K (96%)
ptolemy.util.test.WatchDog.cancel(): canceling Wed Feb 27 20:58:53 UTC 2019
auto.tcl: Setting watchdog for 200 seconds at Wed Feb 27 20:58:53 UTC 2019
0
1
1
1
0
0
1
1
1
0
0
1
1
1
0
0
1
1
1
0
0
1
1
1
0
0
1
1
1
0
0
1
1
1
0
0
1
1
1
0
0
0
8 ms. Memory: 648704K Free: 623763K (96%)
ptolemy.util.test.WatchDog.cancel(): canceling Wed Feb 27 20:58:53 UTC 2019
------------------ testing $PTII/ptolemy/domains/de/test/auto/dynamicCausalityInterface1.xml
auto.tcl: Setting watchdog for 200 seconds at Wed Feb 27 20:58:53 UTC 2019
3 ms. Memory: 646144K Free: 618431K (96%)
ptolemy.util.test.WatchDog.cancel(): canceling Wed Feb 27 20:58:53 UTC 2019
auto.tcl: Setting watchdog for 200 seconds at Wed Feb 27 20:58:53 UTC 2019
1 ms. Memory: 646144K Free: 618431K (96%)
ptolemy.util.test.WatchDog.cancel(): canceling Wed Feb 27 20:58:53 UTC 2019
------------------ testing $PTII/ptolemy/domains/de/test/auto/fsm_de_test.xml
auto.tcl: Setting watchdog for 200 seconds at Wed Feb 27 20:58:53 UTC 2019
12 ms. Memory: 648192K Free: 623217K (96%)
ptolemy.util.test.WatchDog.cancel(): canceling Wed Feb 27 20:58:53 UTC 2019
auto.tcl: Setting watchdog for 200 seconds at Wed Feb 27 20:58:53 UTC 2019
5 ms. Memory: 648192K Free: 614711K (95%)
ptolemy.util.test.WatchDog.cancel(): canceling Wed Feb 27 20:58:53 UTC 2019
------------------ testing $PTII/ptolemy/domains/de/test/auto/functionDependencyReconstruction.xml
auto.tcl: Setting watchdog for 200 seconds at Wed Feb 27 20:58:53 UTC 2019
2 ms. Memory: 646144K Free: 612653K (95%)
ptolemy.util.test.WatchDog.cancel(): canceling Wed Feb 27 20:58:53 UTC 2019
auto.tcl: Setting watchdog for 200 seconds at Wed Feb 27 20:58:53 UTC 2019
2 ms. Memory: 646144K Free: 612653K (95%)
ptolemy.util.test.WatchDog.cancel(): canceling Wed Feb 27 20:58:53 UTC 2019
------------------ testing $PTII/ptolemy/domains/de/test/auto/multirate.xml
auto.tcl: Setting watchdog for 200 seconds at Wed Feb 27 20:58:53 UTC 2019
3 ms. Memory: 648192K Free: 623008K (96%)
ptolemy.util.test.WatchDog.cancel(): canceling Wed Feb 27 20:58:53 UTC 2019
auto.tcl: Setting watchdog for 200 seconds at Wed Feb 27 20:58:53 UTC 2019
2 ms. Memory: 648192K Free: 623008K (96%)
ptolemy.util.test.WatchDog.cancel(): canceling Wed Feb 27 20:58:53 UTC 2019
------------------ testing $PTII/ptolemy/domains/de/test/auto/multirate2.xml
auto.tcl: Setting watchdog for 200 seconds at Wed Feb 27 20:58:53 UTC 2019
8 ms. Memory: 646144K Free: 621224K (96%)
ptolemy.util.test.WatchDog.cancel(): canceling Wed Feb 27 20:58:53 UTC 2019
auto.tcl: Setting watchdog for 200 seconds at Wed Feb 27 20:58:53 UTC 2019
3 ms. Memory: 646144K Free: 621224K (96%)
ptolemy.util.test.WatchDog.cancel(): canceling Wed Feb 27 20:58:53 UTC 2019
------------------ testing $PTII/ptolemy/domains/de/test/auto/realtime.xml
auto.tcl: Setting watchdog for 200 seconds at Wed Feb 27 20:58:53 UTC 2019
10002 ms. Memory: 647680K Free: 622682K (96%)
ptolemy.util.test.WatchDog.cancel(): canceling Wed Feb 27 20:59:03 UTC 2019
auto.tcl: Setting watchdog for 200 seconds at Wed Feb 27 20:59:03 UTC 2019
10002 ms. Memory: 647680K Free: 622682K (96%)
ptolemy.util.test.WatchDog.cancel(): canceling Wed Feb 27 20:59:13 UTC 2019
------------------ testing $PTII/ptolemy/domains/de/test/auto/relationGroup.xml
auto.tcl: Setting watchdog for 200 seconds at Wed Feb 27 20:59:13 UTC 2019
2 ms. Memory: 646144K Free: 626895K (97%)
ptolemy.util.test.WatchDog.cancel(): canceling Wed Feb 27 20:59:13 UTC 2019
auto.tcl: Setting watchdog for 200 seconds at Wed Feb 27 20:59:13 UTC 2019
1 ms. Memory: 646144K Free: 626895K (97%)
ptolemy.util.test.WatchDog.cancel(): canceling Wed Feb 27 20:59:13 UTC 2019
------------------ testing $PTII/ptolemy/domains/de/test/auto/relationGroup2.xml
auto.tcl: Setting watchdog for 200 seconds at Wed Feb 27 20:59:13 UTC 2019
1 ms. Memory: 647680K Free: 622810K (96%)
ptolemy.util.test.WatchDog.cancel(): canceling Wed Feb 27 20:59:13 UTC 2019
auto.tcl: Setting watchdog for 200 seconds at Wed Feb 27 20:59:13 UTC 2019
1 ms. Memory: 647680K Free: 622810K (96%)
ptolemy.util.test.WatchDog.cancel(): canceling Wed Feb 27 20:59:13 UTC 2019
------------------ testing $PTII/ptolemy/domains/de/test/auto/sortWithOpaquePorts.xml
auto.tcl: Setting watchdog for 200 seconds at Wed Feb 27 20:59:13 UTC 2019
2 ms. Memory: 646144K Free: 621275K (96%)
ptolemy.util.test.WatchDog.cancel(): canceling Wed Feb 27 20:59:13 UTC 2019
auto.tcl: Setting watchdog for 200 seconds at Wed Feb 27 20:59:13 UTC 2019
2 ms. Memory: 646144K Free: 621275K (96%)
ptolemy.util.test.WatchDog.cancel(): canceling Wed Feb 27 20:59:13 UTC 2019
------------------ testing $PTII/ptolemy/domains/de/test/auto/transferInputsandOutputs.xml
auto.tcl: Setting watchdog for 200 seconds at Wed Feb 27 20:59:13 UTC 2019
2 ms. Memory: 647168K Free: 622286K (96%)
ptolemy.util.test.WatchDog.cancel(): canceling Wed Feb 27 20:59:13 UTC 2019
auto.tcl: Setting watchdog for 200 seconds at Wed Feb 27 20:59:13 UTC 2019
2 ms. Memory: 647168K Free: 622286K (96%)
ptolemy.util.test.WatchDog.cancel(): canceling Wed Feb 27 20:59:13 UTC 2019
------------------ testing $PTII/ptolemy/domains/de/test/auto/triggerType.xml
auto.tcl: Setting watchdog for 200 seconds at Wed Feb 27 20:59:13 UTC 2019
1 ms. Memory: 646144K Free: 621212K (96%)
ptolemy.util.test.WatchDog.cancel(): canceling Wed Feb 27 20:59:13 UTC 2019
auto.tcl: Setting watchdog for 200 seconds at Wed Feb 27 20:59:13 UTC 2019
2 ms. Memory: 646144K Free: 621212K (96%)
ptolemy.util.test.WatchDog.cancel(): canceling Wed Feb 27 20:59:13 UTC 2019
02/27/19 08:59:13
Failed: 0  Total Tests: 192  ((Passed: 187, Newly Passed: 1)  Known Failed: 5) /home/travis/build/icyphy/ptII/ptolemy/domains/de/test
02/27/19 08:59:13
Failed: 0  Total Tests: 192  ((Passed: 187, Newly Passed: 1)  Known Failed: 5) /home/travis/build/icyphy/ptII/ptolemy/domains/de/test
----------------- testing (KnownFailure) /home/travis/build/icyphy/ptII/ptolemy/domains/de/test/auto/knownFailedTests/DESDFClockTest.xml
2014 ms. Memory: 647168K Free: 610919K (94%)
Known Failure: java.lang.reflect.InvocationTargetException
----------------- testing (KnownFailure) /home/travis/build/icyphy/ptII/ptolemy/domains/de/test/auto/knownFailedTests/DirectFeedback.xml
1 ms. Memory: 647168K Free: 565740K (87%)
Known Failure: java.lang.reflect.InvocationTargetException
----------------- testing (KnownFailure) /home/travis/build/icyphy/ptII/ptolemy/domains/de/test/auto/knownFailedTests/FSMSource.xml
15 ms. Memory: 647168K Free: 520561K (80%)
----------------- testing (KnownFailure) /home/travis/build/icyphy/ptII/ptolemy/domains/de/test/auto/knownFailedTests/HierarchicalModel.xml
2 ms. Memory: 647168K Free: 486660K (75%)
Known Failure: java.lang.reflect.InvocationTargetException
----------------- testing (KnownFailure) /home/travis/build/icyphy/ptII/ptolemy/domains/de/test/auto/knownFailedTests/dependencyLoop.xml
1 ms. Memory: 647168K Free: 430171K (66%)
Known Failure: java.lang.reflect.InvocationTargetException
----------------- testing (KnownFailure) /home/travis/build/icyphy/ptII/ptolemy/domains/de/test/auto/knownFailedTests/dependencyLoop2.xml
2 ms. Memory: 647168K Free: 373681K (58%)
Known Failure: java.lang.reflect.InvocationTargetException
No auto/linux-amd64/*.xml tests in /home/travis/build/icyphy/ptII/ptolemy/domains/de/test
AutoTests.java: About to close Vertx.
AutoTests.java: Vertx closed.

===========================================================================================
----------------- testing Wed Feb 27 20:59:15 UTC 2019 /home/travis/build/icyphy/ptII/ptolemy/domains/de/test/auto/ActorDepthCalculation_actorWithoutPorts.xml
----------------- Instantiating /home/travis/build/icyphy/ptII/ptolemy/domains/de/test/auto/ActorDepthCalculation_actorWithoutPorts.xml
2 ms. Memory: 647168K Free: 317207K (49%)
----------------- Invoking toplevel() on ptolemy.moml.MoMLSimpleApplication@3a82e501
----------------- Done invoking toplevel() on ptolemy.moml.MoMLSimpleApplication@3a82e501
reloadAllAccessors: .ActorDepthCalculation_actorWithoutPorts

===========================================================================================
----------------- testing Wed Feb 27 20:59:15 UTC 2019 /home/travis/build/icyphy/ptII/ptolemy/domains/de/test/auto/AssemblyLine.xml
----------------- Instantiating /home/travis/build/icyphy/ptII/ptolemy/domains/de/test/auto/AssemblyLine.xml
2 ms. Memory: 647168K Free: 294617K (46%)
----------------- Invoking toplevel() on ptolemy.moml.MoMLSimpleApplication@44b8b0e2
----------------- Done invoking toplevel() on ptolemy.moml.MoMLSimpleApplication@44b8b0e2
reloadAllAccessors: .AssemblyLine

===========================================================================================
----------------- testing Wed Feb 27 20:59:16 UTC 2019 /home/travis/build/icyphy/ptII/ptolemy/domains/de/test/auto/CQBug1.xml
----------------- Instantiating /home/travis/build/icyphy/ptII/ptolemy/domains/de/test/auto/CQBug1.xml
0 ms. Memory: 647168K Free: 272028K (42%)
----------------- Invoking toplevel() on ptolemy.moml.MoMLSimpleApplication@32ad4a5c
----------------- Done invoking toplevel() on ptolemy.moml.MoMLSimpleApplication@32ad4a5c
reloadAllAccessors: .CQBug1

===========================================================================================
----------------- testing Wed Feb 27 20:59:16 UTC 2019 /home/travis/build/icyphy/ptII/ptolemy/domains/de/test/auto/CancelFireAt.xml
----------------- Instantiating /home/travis/build/icyphy/ptII/ptolemy/domains/de/test/auto/CancelFireAt.xml
1 ms. Memory: 647168K Free: 249438K (39%)
----------------- Invoking toplevel() on ptolemy.moml.MoMLSimpleApplication@61da67b3
----------------- Done invoking toplevel() on ptolemy.moml.MoMLSimpleApplication@61da67b3
reloadAllAccessors: .CancelFireAt

===========================================================================================
----------------- testing Wed Feb 27 20:59:16 UTC 2019 /home/travis/build/icyphy/ptII/ptolemy/domains/de/test/auto/CausalityAndComposabilityAnalysis.xml
----------------- Instantiating /home/travis/build/icyphy/ptII/ptolemy/domains/de/test/auto/CausalityAndComposabilityAnalysis.xml
3 ms. Memory: 647168K Free: 226849K (35%)
----------------- Invoking toplevel() on ptolemy.moml.MoMLSimpleApplication@2f650f32
----------------- Done invoking toplevel() on ptolemy.moml.MoMLSimpleApplication@2f650f32
reloadAllAccessors: .CausalityAndComposabilityAnalysis

===========================================================================================
----------------- testing Wed Feb 27 20:59:16 UTC 2019 /home/travis/build/icyphy/ptII/ptolemy/domains/de/test/auto/CausalityInterface1.xml
----------------- Instantiating /home/travis/build/icyphy/ptII/ptolemy/domains/de/test/auto/CausalityInterface1.xml
4 ms. Memory: 647168K Free: 204259K (32%)
----------------- Invoking toplevel() on ptolemy.moml.MoMLSimpleApplication@6bb757b1
----------------- Done invoking toplevel() on ptolemy.moml.MoMLSimpleApplication@6bb757b1
reloadAllAccessors: .CausalityInterface1

===========================================================================================
----------------- testing Wed Feb 27 20:59:16 UTC 2019 /home/travis/build/icyphy/ptII/ptolemy/domains/de/test/auto/CausalityInterface15.xml
----------------- Instantiating /home/travis/build/icyphy/ptII/ptolemy/domains/de/test/auto/CausalityInterface15.xml
2 ms. Memory: 647168K Free: 181670K (28%)
----------------- Invoking toplevel() on ptolemy.moml.MoMLSimpleApplication@73fc0668
----------------- Done invoking toplevel() on ptolemy.moml.MoMLSimpleApplication@73fc0668
[...]
java.lang.RuntimeException: Execution failed
	at ptolemy.moml.MoMLSimpleApplication$UnloadThread.run(MoMLSimpleApplication.java:402)
Caused by: ptolemy.kernel.util.IllegalActionException: Test fails in iteration 1.
Value was: 1.0. Should have been: 2.0
  in .DirectFeedback.Test
	at ptolemy.actor.lib.Test.fire(Test.java:268)
	at ptolemy.domains.de.kernel.DEDirector._fire(DEDirector.java:1949)
	at ptolemy.domains.de.kernel.DEDirector.fire(DEDirector.java:502)
	at ptolemy.actor.CompositeActor.fire(CompositeActor.java:455)
	at ptolemy.actor.Manager.iterate(Manager.java:851)
	at ptolemy.actor.Manager.execute(Manager.java:369)
	at ptolemy.actor.Manager.run(Manager.java:1263)
	at ptolemy.actor.Manager$PtolemyRunThread.run(Manager.java:1915)
java.lang.RuntimeException: Execution failed
	at ptolemy.moml.MoMLSimpleApplication$UnloadThread.run(MoMLSimpleApplication.java:402)
Caused by: ptolemy.kernel.util.IllegalActionException: Actor is not ready to fire.  Perhaps UpSample.prefire() returned false? Try debugging the actor by selecting "Listen to Actor".  Also, for SDF check moml for tokenConsumptionRate on input.
  in .DESDFClockTest.Play Bell.Copy1:SDF Director and .DESDFClockTest.Play Bell.UpSample
	at ptolemy.actor.sched.StaticSchedulingDirector.fire(StaticSchedulingDirector.java:227)
	at ptolemy.domains.sdf.kernel.SDFDirector.fire(SDFDirector.java:500)
	at ptolemy.actor.CompositeActor.fire(CompositeActor.java:455)
	at ptolemy.domains.de.kernel.DEDirector._fire(DEDirector.java:1949)
	at ptolemy.domains.de.kernel.DEDirector.fire(DEDirector.java:502)
	at ptolemy.actor.CompositeActor.fire(CompositeActor.java:455)
	at ptolemy.actor.Manager.iterate(Manager.java:851)
	at ptolemy.actor.Manager.execute(Manager.java:369)
	at ptolemy.actor.Manager.run(Manager.java:1263)
	at ptolemy.actor.Manager$PtolemyRunThread.run(Manager.java:1915)
java.lang.reflect.InvocationTargetException
	at sun.reflect.NativeConstructorAccessorImpl.newInstance0(Native Method)
	at sun.reflect.NativeConstructorAccessorImpl.newInstance(NativeConstructorAccessorImpl.java:62)
	at sun.reflect.DelegatingConstructorAccessorImpl.newInstance(DelegatingConstructorAccessorImpl.java:45)
	at java.lang.reflect.Constructor.newInstance(Constructor.java:423)
	at ptolemy.util.test.junit.AutoKnownFailedTests.RunModel(AutoKnownFailedTests.java:105)
	at sun.reflect.NativeMethodAccessorImpl.invoke0(Native Method)
	at sun.reflect.NativeMethodAccessorImpl.invoke(NativeMethodAccessorImpl.java:62)
	at sun.reflect.DelegatingMethodAccessorImpl.invoke(DelegatingMethodAccessorImpl.java:43)
	at java.lang.reflect.Method.invoke(Method.java:498)
	at org.junit.runners.model.FrameworkMethod$1.runReflectiveCall(FrameworkMethod.java:44)
	at org.junit.internal.runners.model.ReflectiveCallable.run(ReflectiveCallable.java:15)
	at org.junit.runners.model.FrameworkMethod.invokeExplosively(FrameworkMethod.java:41)
	at junitparams.internal.InvokeParameterisedMethod.evaluate(InvokeParameterisedMethod.java:102)
	at org.junit.internal.runners.statements.FailOnTimeout$1.run(FailOnTimeout.java:28)
Caused by: ptolemy.kernel.util.IllegalActionException: Actor is not ready to fire.  Perhaps UpSample.prefire() returned false? Try debugging the actor by selecting "Listen to Actor".  Also, for SDF check moml for tokenConsumptionRate on input.
  in .DESDFClockTest.Play Bell.Copy1:SDF Director and .DESDFClockTest.Play Bell.UpSample
	at ptolemy.actor.sched.StaticSchedulingDirector.fire(StaticSchedulingDirector.java:227)
	at ptolemy.domains.sdf.kernel.SDFDirector.fire(SDFDirector.java:500)
	at ptolemy.actor.CompositeActor.fire(CompositeActor.java:455)
	at ptolemy.domains.de.kernel.DEDirector._fire(DEDirector.java:1949)
	at ptolemy.domains.de.kernel.DEDirector.fire(DEDirector.java:502)
	at ptolemy.actor.CompositeActor.fire(CompositeActor.java:455)
	at ptolemy.actor.Manager.iterate(Manager.java:851)
	at ptolemy.actor.Manager.execute(Manager.java:369)
	at ptolemy.actor.Manager.run(Manager.java:1263)
	at ptolemy.actor.Manager$PtolemyRunThread.run(Manager.java:1915)
java.lang.RuntimeException: Execution failed
	at ptolemy.moml.MoMLSimpleApplication$UnloadThread.run(MoMLSimpleApplication.java:402)
Caused by: ptolemy.kernel.util.IllegalActionException: Test fails in iteration 1.
Value was: 1.0. Should have been: 2.0
  in .DirectFeedback.Test
	at ptolemy.actor.lib.Test.fire(Test.java:268)
	at ptolemy.domains.de.kernel.DEDirector._fire(DEDirector.java:1949)
	at ptolemy.domains.de.kernel.DEDirector.fire(DEDirector.java:502)
	at ptolemy.actor.CompositeActor.fire(CompositeActor.java:455)
	at ptolemy.actor.Manager.iterate(Manager.java:851)
	at ptolemy.actor.Manager.execute(Manager.java:369)
	at ptolemy.actor.Manager.run(Manager.java:1263)
	at ptolemy.actor.Manager$PtolemyRunThread.run(Manager.java:1915)
java.lang.reflect.InvocationTargetException
	at sun.reflect.NativeConstructorAccessorImpl.newInstance0(Native Method)
	at sun.reflect.NativeConstructorAccessorImpl.newInstance(NativeConstructorAccessorImpl.java:62)
	at sun.reflect.DelegatingConstructorAccessorImpl.newInstance(DelegatingConstructorAccessorImpl.java:45)
	at java.lang.reflect.Constructor.newInstance(Constructor.java:423)
	at ptolemy.util.test.junit.AutoKnownFailedTests.RunModel(AutoKnownFailedTests.java:105)
	at sun.reflect.NativeMethodAccessorImpl.invoke0(Native Method)
	at sun.reflect.NativeMethodAccessorImpl.invoke(NativeMethodAccessorImpl.java:62)
	at sun.reflect.DelegatingMethodAccessorImpl.invoke(DelegatingMethodAccessorImpl.java:43)
	at java.lang.reflect.Method.invoke(Method.java:498)
	at org.junit.runners.model.FrameworkMethod$1.runReflectiveCall(FrameworkMethod.java:44)
	at org.junit.internal.runners.model.ReflectiveCallable.run(ReflectiveCallable.java:15)
	at org.junit.runners.model.FrameworkMethod.invokeExplosively(FrameworkMethod.java:41)
	at junitparams.internal.InvokeParameterisedMethod.evaluate(InvokeParameterisedMethod.java:102)
	at org.junit.internal.runners.statements.FailOnTimeout$1.run(FailOnTimeout.java:28)
Caused by: ptolemy.kernel.util.IllegalActionException: Test fails in iteration 1.
Value was: 1.0. Should have been: 2.0
  in .DirectFeedback.Test
	at ptolemy.actor.lib.Test.fire(Test.java:268)
	at ptolemy.domains.de.kernel.DEDirector._fire(DEDirector.java:1949)
	at ptolemy.domains.de.kernel.DEDirector.fire(DEDirector.java:502)
	at ptolemy.actor.CompositeActor.fire(CompositeActor.java:455)
	at ptolemy.actor.Manager.iterate(Manager.java:851)
	at ptolemy.actor.Manager.execute(Manager.java:369)
	at ptolemy.actor.Manager.run(Manager.java:1263)
	at ptolemy.actor.Manager$PtolemyRunThread.run(Manager.java:1915)
java.lang.RuntimeException: Execution failed
	at ptolemy.moml.MoMLSimpleApplication$UnloadThread.run(MoMLSimpleApplication.java:402)
Caused by: ptolemy.kernel.util.IllegalActionException: Found a zero delay loop containing .HierarchicalModel.A
  in .HierarchicalModel and .HierarchicalModel.A
	at ptolemy.actor.util.CausalityInterfaceForComposites._computeOutputPortDepth(CausalityInterfaceForComposites.java:759)
	at ptolemy.actor.util.CausalityInterfaceForComposites._computeInputDepth(CausalityInterfaceForComposites.java:696)
	at ptolemy.actor.util.CausalityInterfaceForComposites._computeOutputPortDepth(CausalityInterfaceForComposites.java:765)
	at ptolemy.actor.util.CausalityInterfaceForComposites._computeInputDepth(CausalityInterfaceForComposites.java:696)
	at ptolemy.actor.util.CausalityInterfaceForComposites._computeOutputPortDepth(CausalityInterfaceForComposites.java:765)
	at ptolemy.actor.util.CausalityInterfaceForComposites._computeInputDepth(CausalityInterfaceForComposites.java:696)
	at ptolemy.actor.util.CausalityInterfaceForComposites._computeActorDepth(CausalityInterfaceForComposites.java:532)
	at ptolemy.actor.util.CausalityInterfaceForComposites.checkForCycles(CausalityInterfaceForComposites.java:96)
	at ptolemy.domains.de.kernel.DEDirector.preinitialize(DEDirector.java:1338)
	at ptolemy.actor.CompositeActor.preinitialize(CompositeActor.java:1828)
	at ptolemy.actor.Manager.preinitializeAndResolveTypes(Manager.java:1040)
	at ptolemy.actor.Manager.initialize(Manager.java:710)
	at ptolemy.actor.Manager.execute(Manager.java:356)
	at ptolemy.actor.Manager.run(Manager.java:1263)
	at ptolemy.actor.Manager$PtolemyRunThread.run(Manager.java:1915)
java.lang.reflect.InvocationTargetException
	at sun.reflect.NativeConstructorAccessorImpl.newInstance0(Native Method)
	at sun.reflect.NativeConstructorAccessorImpl.newInstance(NativeConstructorAccessorImpl.java:62)
	at sun.reflect.DelegatingConstructorAccessorImpl.newInstance(DelegatingConstructorAccessorImpl.java:45)
	at java.lang.reflect.Constructor.newInstance(Constructor.java:423)
	at ptolemy.util.test.junit.AutoKnownFailedTests.RunModel(AutoKnownFailedTests.java:105)
	at sun.reflect.NativeMethodAccessorImpl.invoke0(Native Method)
	at sun.reflect.NativeMethodAccessorImpl.invoke(NativeMethodAccessorImpl.java:62)
	at sun.reflect.DelegatingMethodAccessorImpl.invoke(DelegatingMethodAccessorImpl.java:43)
	at java.lang.reflect.Method.invoke(Method.java:498)
	at org.junit.runners.model.FrameworkMethod$1.runReflectiveCall(FrameworkMethod.java:44)
	at org.junit.internal.runners.model.ReflectiveCallable.run(ReflectiveCallable.java:15)
	at org.junit.runners.model.FrameworkMethod.invokeExplosively(FrameworkMethod.java:41)
	at junitparams.internal.InvokeParameterisedMethod.evaluate(InvokeParameterisedMethod.java:102)
	at org.junit.internal.runners.statements.FailOnTimeout$1.run(FailOnTimeout.java:28)
Caused by: ptolemy.kernel.util.IllegalActionException: Found a zero delay loop containing .HierarchicalModel.A
  in .HierarchicalModel and .HierarchicalModel.A
	at ptolemy.actor.util.CausalityInterfaceForComposites._computeOutputPortDepth(CausalityInterfaceForComposites.java:759)
	at ptolemy.actor.util.CausalityInterfaceForComposites._computeInputDepth(CausalityInterfaceForComposites.java:696)
	at ptolemy.actor.util.CausalityInterfaceForComposites._computeOutputPortDepth(CausalityInterfaceForComposites.java:765)
	at ptolemy.actor.util.CausalityInterfaceForComposites._computeInputDepth(CausalityInterfaceForComposites.java:696)
	at ptolemy.actor.util.CausalityInterfaceForComposites._computeOutputPortDepth(CausalityInterfaceForComposites.java:765)
	at ptolemy.actor.util.CausalityInterfaceForComposites._computeInputDepth(CausalityInterfaceForComposites.java:696)
	at ptolemy.actor.util.CausalityInterfaceForComposites._computeActorDepth(CausalityInterfaceForComposites.java:532)
	at ptolemy.actor.util.CausalityInterfaceForComposites.checkForCycles(CausalityInterfaceForComposites.java:96)
	at ptolemy.domains.de.kernel.DEDirector.preinitialize(DEDirector.java:1338)
	at ptolemy.actor.CompositeActor.preinitialize(CompositeActor.java:1828)
	at ptolemy.actor.Manager.preinitializeAndResolveTypes(Manager.java:1040)
	at ptolemy.actor.Manager.initialize(Manager.java:710)
	at ptolemy.actor.Manager.execute(Manager.java:356)
	at ptolemy.actor.Manager.run(Manager.java:1263)
	at ptolemy.actor.Manager$PtolemyRunThread.run(Manager.java:1915)
java.lang.RuntimeException: Execution failed
	at ptolemy.moml.MoMLSimpleApplication$UnloadThread.run(MoMLSimpleApplication.java:402)
Caused by: ptolemy.kernel.util.IllegalActionException: Found a zero delay loop containing .dependencyLoop.original
  in .dependencyLoop and .dependencyLoop.original
	at ptolemy.actor.util.CausalityInterfaceForComposites._computeOutputPortDepth(CausalityInterfaceForComposites.java:759)
	at ptolemy.actor.util.CausalityInterfaceForComposites._computeInputDepth(CausalityInterfaceForComposites.java:696)
	at ptolemy.actor.util.CausalityInterfaceForComposites._computeOutputPortDepth(CausalityInterfaceForComposites.java:765)
	at ptolemy.actor.util.CausalityInterfaceForComposites._computeInputDepth(CausalityInterfaceForComposites.java:696)
	at ptolemy.actor.util.CausalityInterfaceForComposites._computeOutputPortDepth(CausalityInterfaceForComposites.java:765)
	at ptolemy.actor.util.CausalityInterfaceForComposites._computeInputDepth(CausalityInterfaceForComposites.java:696)
	at ptolemy.actor.util.CausalityInterfaceForComposites._computeActorDepth(CausalityInterfaceForComposites.java:532)
	at ptolemy.actor.util.CausalityInterfaceForComposites.checkForCycles(CausalityInterfaceForComposites.java:96)
	at ptolemy.domains.de.kernel.DEDirector.preinitialize(DEDirector.java:1338)
	at ptolemy.actor.CompositeActor.preinitialize(CompositeActor.java:1828)
	at ptolemy.actor.Manager.preinitializeAndResolveTypes(Manager.java:1040)
	at ptolemy.actor.Manager.initialize(Manager.java:710)
	at ptolemy.actor.Manager.execute(Manager.java:356)
	at ptolemy.actor.Manager.run(Manager.java:1263)
	at ptolemy.actor.Manager$PtolemyRunThread.run(Manager.java:1915)
java.lang.reflect.InvocationTargetException
	at sun.reflect.NativeConstructorAccessorImpl.newInstance0(Native Method)
	at sun.reflect.NativeConstructorAccessorImpl.newInstance(NativeConstructorAccessorImpl.java:62)
	at sun.reflect.DelegatingConstructorAccessorImpl.newInstance(DelegatingConstructorAccessorImpl.java:45)
	at java.lang.reflect.Constructor.newInstance(Constructor.java:423)
	at ptolemy.util.test.junit.AutoKnownFailedTests.RunModel(AutoKnownFailedTests.java:105)
	at sun.reflect.NativeMethodAccessorImpl.invoke0(Native Method)
	at sun.reflect.NativeMethodAccessorImpl.invoke(NativeMethodAccessorImpl.java:62)
	at sun.reflect.DelegatingMethodAccessorImpl.invoke(DelegatingMethodAccessorImpl.java:43)
	at java.lang.reflect.Method.invoke(Method.java:498)
	at org.junit.runners.model.FrameworkMethod$1.runReflectiveCall(FrameworkMethod.java:44)
	at org.junit.internal.runners.model.ReflectiveCallable.run(ReflectiveCallable.java:15)
	at org.junit.runners.model.FrameworkMethod.invokeExplosively(FrameworkMethod.java:41)
	at junitparams.internal.InvokeParameterisedMethod.evaluate(InvokeParameterisedMethod.java:102)
	at org.junit.internal.runners.statements.FailOnTimeout$1.run(FailOnTimeout.java:28)
Caused by: ptolemy.kernel.util.IllegalActionException: Found a zero delay loop containing .dependencyLoop.original
  in .dependencyLoop and .dependencyLoop.original
	at ptolemy.actor.util.CausalityInterfaceForComposites._computeOutputPortDepth(CausalityInterfaceForComposites.java:759)
	at ptolemy.actor.util.CausalityInterfaceForComposites._computeInputDepth(CausalityInterfaceForComposites.java:696)
	at ptolemy.actor.util.CausalityInterfaceForComposites._computeOutputPortDepth(CausalityInterfaceForComposites.java:765)
	at ptolemy.actor.util.CausalityInterfaceForComposites._computeInputDepth(CausalityInterfaceForComposites.java:696)
	at ptolemy.actor.util.CausalityInterfaceForComposites._computeOutputPortDepth(CausalityInterfaceForComposites.java:765)
	at ptolemy.actor.util.CausalityInterfaceForComposites._computeInputDepth(CausalityInterfaceForComposites.java:696)
	at ptolemy.actor.util.CausalityInterfaceForComposites._computeActorDepth(CausalityInterfaceForComposites.java:532)
	at ptolemy.actor.util.CausalityInterfaceForComposites.checkForCycles(CausalityInterfaceForComposites.java:96)
	at ptolemy.domains.de.kernel.DEDirector.preinitialize(DEDirector.java:1338)
	at ptolemy.actor.CompositeActor.preinitialize(CompositeActor.java:1828)
	at ptolemy.actor.Manager.preinitializeAndResolveTypes(Manager.java:1040)
	at ptolemy.actor.Manager.initialize(Manager.java:710)
	at ptolemy.actor.Manager.execute(Manager.java:356)
	at ptolemy.actor.Manager.run(Manager.java:1263)
	at ptolemy.actor.Manager$PtolemyRunThread.run(Manager.java:1915)
java.lang.RuntimeException: Execution failed
	at ptolemy.moml.MoMLSimpleApplication$UnloadThread.run(MoMLSimpleApplication.java:402)
Caused by: ptolemy.kernel.util.IllegalActionException: Found a zero delay loop containing .dependencyLoop2.original
  in .dependencyLoop2 and .dependencyLoop2.original
	at ptolemy.actor.util.CausalityInterfaceForComposites._computeOutputPortDepth(CausalityInterfaceForComposites.java:759)
	at ptolemy.actor.util.CausalityInterfaceForComposites._computeInputDepth(CausalityInterfaceForComposites.java:696)
	at ptolemy.actor.util.CausalityInterfaceForComposites._computeOutputPortDepth(CausalityInterfaceForComposites.java:765)
	at ptolemy.actor.util.CausalityInterfaceForComposites._computeInputDepth(CausalityInterfaceForComposites.java:696)
	at ptolemy.actor.util.CausalityInterfaceForComposites._computeOutputPortDepth(CausalityInterfaceForComposites.java:765)
	at ptolemy.actor.util.CausalityInterfaceForComposites._computeInputDepth(CausalityInterfaceForComposites.java:696)
	at ptolemy.actor.util.CausalityInterfaceForComposites._computeActorDepth(CausalityInterfaceForComposites.java:532)
	at ptolemy.actor.util.CausalityInterfaceForComposites.checkForCycles(CausalityInterfaceForComposites.java:96)
	at ptolemy.domains.de.kernel.DEDirector.preinitialize(DEDirector.java:1338)
	at ptolemy.actor.CompositeActor.preinitialize(CompositeActor.java:1828)
	at ptolemy.actor.Manager.preinitializeAndResolveTypes(Manager.java:1040)
	at ptolemy.actor.Manager.initialize(Manager.java:710)
	at ptolemy.actor.Manager.execute(Manager.java:356)
	at ptolemy.actor.Manager.run(Manager.java:1263)
	at ptolemy.actor.Manager$PtolemyRunThread.run(Manager.java:1915)
java.lang.reflect.InvocationTargetException
	at sun.reflect.NativeConstructorAccessorImpl.newInstance0(Native Method)
	at sun.reflect.NativeConstructorAccessorImpl.newInstance(NativeConstructorAccessorImpl.java:62)
	at sun.reflect.DelegatingConstructorAccessorImpl.newInstance(DelegatingConstructorAccessorImpl.java:45)
	at java.lang.reflect.Constructor.newInstance(Constructor.java:423)
	at ptolemy.util.test.junit.AutoKnownFailedTests.RunModel(AutoKnownFailedTests.java:105)
	at sun.reflect.NativeMethodAccessorImpl.invoke0(Native Method)
	at sun.reflect.NativeMethodAccessorImpl.invoke(NativeMethodAccessorImpl.java:62)
	at sun.reflect.DelegatingMethodAccessorImpl.invoke(DelegatingMethodAccessorImpl.java:43)
	at java.lang.reflect.Method.invoke(Method.java:498)
	at org.junit.runners.model.FrameworkMethod$1.runReflectiveCall(FrameworkMethod.java:44)
	at org.junit.internal.runners.model.ReflectiveCallable.run(ReflectiveCallable.java:15)
	at org.junit.runners.model.FrameworkMethod.invokeExplosively(FrameworkMethod.java:41)
	at junitparams.internal.InvokeParameterisedMethod.evaluate(InvokeParameterisedMethod.java:102)
	at org.junit.internal.runners.statements.FailOnTimeout$1.run(FailOnTimeout.java:28)
Caused by: ptolemy.kernel.util.IllegalActionException: Found a zero delay loop containing .dependencyLoop2.original
  in .dependencyLoop2 and .dependencyLoop2.original
	at ptolemy.actor.util.CausalityInterfaceForComposites._computeOutputPortDepth(CausalityInterfaceForComposites.java:759)
	at ptolemy.actor.util.CausalityInterfaceForComposites._computeInputDepth(CausalityInterfaceForComposites.java:696)
	at ptolemy.actor.util.CausalityInterfaceForComposites._computeOutputPortDepth(CausalityInterfaceForComposites.java:765)
	at ptolemy.actor.util.CausalityInterfaceForComposites._computeInputDepth(CausalityInterfaceForComposites.java:696)
	at ptolemy.actor.util.CausalityInterfaceForComposites._computeOutputPortDepth(CausalityInterfaceForComposites.java:765)
	at ptolemy.actor.util.CausalityInterfaceForComposites._computeInputDepth(CausalityInterfaceForComposites.java:696)
	at ptolemy.actor.util.CausalityInterfaceForComposites._computeActorDepth(CausalityInterfaceForComposites.java:532)
	at ptolemy.actor.util.CausalityInterfaceForComposites.checkForCycles(CausalityInterfaceForComposites.java:96)
	at ptolemy.domains.de.kernel.DEDirector.preinitialize(DEDirector.java:1338)
	at ptolemy.actor.CompositeActor.preinitialize(CompositeActor.java:1828)
	at ptolemy.actor.Manager.preinitializeAndResolveTypes(Manager.java:1040)
	at ptolemy.actor.Manager.initialize(Manager.java:710)
	at ptolemy.actor.Manager.execute(Manager.java:356)
	at ptolemy.actor.Manager.run(Manager.java:1263)
	at ptolemy.actor.Manager$PtolemyRunThread.run(Manager.java:1915)
]]></system-err>
</testsuite>
