<?xml version="1.0" encoding="UTF-8" ?>
<testsuite errors="0" failures="0" hostname="travis-job-a3c207f5-d2ff-474b-add1-917660780126" name="ptolemy.domains.de.test.junit.JUnitTclTest" skipped="0" tests="101" time="124.826" timestamp="2018-08-21T01:57:06">
  <properties>
[...]
</properties>
  <testcase classname="ptolemy.util.test.junit.TclTests" name="[0] /home/travis/build/icyphy/ptII/ptolemy/domains/de/test/DependencyLoop.tcl (RunTclFile)" time="0.755" />
  <testcase classname="ptolemy.util.test.junit.TclTests" name="[1] /home/travis/build/icyphy/ptII/ptolemy/domains/de/test/RunDETestsAsQSS.tcl (RunTclFile)" time="85.251" />
  <testcase classname="ptolemy.util.test.junit.AutoKnownFailedTests" name="[0] /home/travis/build/icyphy/ptII/ptolemy/domains/de/test/auto/knownFailedTests/DESDFClockTest.xml (RunModel)" time="2.037" />
  <testcase classname="ptolemy.util.test.junit.AutoKnownFailedTests" name="[1] /home/travis/build/icyphy/ptII/ptolemy/domains/de/test/auto/knownFailedTests/DirectFeedback.xml (RunModel)" time="0.01" />
  <testcase classname="ptolemy.util.test.junit.AutoKnownFailedTests" name="[2] /home/travis/build/icyphy/ptII/ptolemy/domains/de/test/auto/knownFailedTests/FSMSource.xml (RunModel)" time="0.017" />
  <testcase classname="ptolemy.util.test.junit.AutoKnownFailedTests" name="[3] /home/travis/build/icyphy/ptII/ptolemy/domains/de/test/auto/knownFailedTests/HierarchicalModel.xml (RunModel)" time="0.036" />
  <testcase classname="ptolemy.util.test.junit.AutoKnownFailedTests" name="[4] /home/travis/build/icyphy/ptII/ptolemy/domains/de/test/auto/knownFailedTests/dependencyLoop.xml (RunModel)" time="0.032" />
  <testcase classname="ptolemy.util.test.junit.AutoKnownFailedTests" name="[5] /home/travis/build/icyphy/ptII/ptolemy/domains/de/test/auto/knownFailedTests/dependencyLoop2.xml (RunModel)" time="0.06" />
  <testcase classname="ptolemy.util.test.junit.AutoNameArchTests" name="[0] ThereAreNoAutoArchTests (RunModel)" time="0.0" />
  <testcase classname="ptolemy.util.test.junit.AutoTests" name="[0] /home/travis/build/icyphy/ptII/ptolemy/domains/de/test/auto/ActorDepthCalculation_actorWithoutPorts.xml (RunModel)" time="0.018" />
  <testcase classname="ptolemy.util.test.junit.AutoTests" name="[1] /home/travis/build/icyphy/ptII/ptolemy/domains/de/test/auto/AssemblyLine.xml (RunModel)" time="0.018" />
  <testcase classname="ptolemy.util.test.junit.AutoTests" name="[2] /home/travis/build/icyphy/ptII/ptolemy/domains/de/test/auto/CQBug1.xml (RunModel)" time="0.012" />
  <testcase classname="ptolemy.util.test.junit.AutoTests" name="[3] /home/travis/build/icyphy/ptII/ptolemy/domains/de/test/auto/CancelFireAt.xml (RunModel)" time="0.018" />
  <testcase classname="ptolemy.util.test.junit.AutoTests" name="[4] /home/travis/build/icyphy/ptII/ptolemy/domains/de/test/auto/CausalityAndComposabilityAnalysis.xml (RunModel)" time="0.019" />
  <testcase classname="ptolemy.util.test.junit.AutoTests" name="[5] /home/travis/build/icyphy/ptII/ptolemy/domains/de/test/auto/CausalityInterface1.xml (RunModel)" time="0.011" />
  <testcase classname="ptolemy.util.test.junit.AutoTests" name="[6] /home/travis/build/icyphy/ptII/ptolemy/domains/de/test/auto/CausalityInterface15.xml (RunModel)" time="0.011" />
  <testcase classname="ptolemy.util.test.junit.AutoTests" name="[7] /home/travis/build/icyphy/ptII/ptolemy/domains/de/test/auto/CausalityInterface2.xml (RunModel)" time="0.009" />
  <testcase classname="ptolemy.util.test.junit.AutoTests" name="[8] /home/travis/build/icyphy/ptII/ptolemy/domains/de/test/auto/CausalityInterface3.xml (RunModel)" time="0.01" />
  <testcase classname="ptolemy.util.test.junit.AutoTests" name="[9] /home/travis/build/icyphy/ptII/ptolemy/domains/de/test/auto/ClockDrift.xml (RunModel)" time="0.027" />
  <testcase classname="ptolemy.util.test.junit.AutoTests" name="[10] /home/travis/build/icyphy/ptII/ptolemy/domains/de/test/auto/ClockDriftAndValueChange.xml (RunModel)" time="0.024" />
  <testcase classname="ptolemy.util.test.junit.AutoTests" name="[11] /home/travis/build/icyphy/ptII/ptolemy/domains/de/test/auto/ClockDriftChange.xml (RunModel)" time="0.021" />
  <testcase classname="ptolemy.util.test.junit.AutoTests" name="[12] /home/travis/build/icyphy/ptII/ptolemy/domains/de/test/auto/ComposableCausalityAnalysis.xml (RunModel)" time="0.017" />
  <testcase classname="ptolemy.util.test.junit.AutoTests" name="[13] /home/travis/build/icyphy/ptII/ptolemy/domains/de/test/auto/DEFixedPointLimitation.xml (RunModel)" time="0.007" />
  <testcase classname="ptolemy.util.test.junit.AutoTests" name="[14] /home/travis/build/icyphy/ptII/ptolemy/domains/de/test/auto/DEScheduleTest.xml (RunModel)" time="0.008" />
  <testcase classname="ptolemy.util.test.junit.AutoTests" name="[15] /home/travis/build/icyphy/ptII/ptolemy/domains/de/test/auto/DEinDEwithStartTimes.xml (RunModel)" time="0.012" />
  <testcase classname="ptolemy.util.test.junit.AutoTests" name="[16] /home/travis/build/icyphy/ptII/ptolemy/domains/de/test/auto/DEinDEwithStartTimes2.xml (RunModel)" time="0.011" />
  <testcase classname="ptolemy.util.test.junit.AutoTests" name="[17] /home/travis/build/icyphy/ptII/ptolemy/domains/de/test/auto/DateDemo.xml (RunModel)" time="0.027" />
  <testcase classname="ptolemy.util.test.junit.AutoTests" name="[18] /home/travis/build/icyphy/ptII/ptolemy/domains/de/test/auto/DateToEvent.xml (RunModel)" time="2.03" />
  <testcase classname="ptolemy.util.test.junit.AutoTests" name="[19] /home/travis/build/icyphy/ptII/ptolemy/domains/de/test/auto/DepthTest1.xml (RunModel)" time="0.011" />
  <testcase classname="ptolemy.util.test.junit.AutoTests" name="[20] /home/travis/build/icyphy/ptII/ptolemy/domains/de/test/auto/DepthTest2.xml (RunModel)" time="0.017" />
  <testcase classname="ptolemy.util.test.junit.AutoTests" name="[21] /home/travis/build/icyphy/ptII/ptolemy/domains/de/test/auto/DepthTest3.xml (RunModel)" time="0.009" />
  <testcase classname="ptolemy.util.test.junit.AutoTests" name="[22] /home/travis/build/icyphy/ptII/ptolemy/domains/de/test/auto/DepthTest4.xml (RunModel)" time="0.011" />
  <testcase classname="ptolemy.util.test.junit.AutoTests" name="[23] /home/travis/build/icyphy/ptII/ptolemy/domains/de/test/auto/DepthTest5.xml (RunModel)" time="0.015" />
  <testcase classname="ptolemy.util.test.junit.AutoTests" name="[24] /home/travis/build/icyphy/ptII/ptolemy/domains/de/test/auto/DepthTest6.xml (RunModel)" time="0.012" />
  <testcase classname="ptolemy.util.test.junit.AutoTests" name="[25] /home/travis/build/icyphy/ptII/ptolemy/domains/de/test/auto/DepthTest7.xml (RunModel)" time="0.01" />
  <testcase classname="ptolemy.util.test.junit.AutoTests" name="[26] /home/travis/build/icyphy/ptII/ptolemy/domains/de/test/auto/EventToDate.xml (RunModel)" time="3.031" />
  <testcase classname="ptolemy.util.test.junit.AutoTests" name="[27] /home/travis/build/icyphy/ptII/ptolemy/domains/de/test/auto/FSM1.xml (RunModel)" time="0.027" />
  <testcase classname="ptolemy.util.test.junit.AutoTests" name="[28] /home/travis/build/icyphy/ptII/ptolemy/domains/de/test/auto/FSM7.xml (RunModel)" time="0.026" />
  <testcase classname="ptolemy.util.test.junit.AutoTests" name="[29] /home/travis/build/icyphy/ptII/ptolemy/domains/de/test/auto/Inspection.xml (RunModel)" time="0.035" />
  <testcase classname="ptolemy.util.test.junit.AutoTests" name="[30] /home/travis/build/icyphy/ptII/ptolemy/domains/de/test/auto/Iteration.xml (RunModel)" time="0.018" />
  <testcase classname="ptolemy.util.test.junit.AutoTests" name="[31] /home/travis/build/icyphy/ptII/ptolemy/domains/de/test/auto/LineFault.xml (RunModel)" time="0.517" />
  <testcase classname="ptolemy.util.test.junit.AutoTests" name="[32] /home/travis/build/icyphy/ptII/ptolemy/domains/de/test/auto/MergeModel1Add.xml (RunModel)" time="0.041" />
  <testcase classname="ptolemy.util.test.junit.AutoTests" name="[33] /home/travis/build/icyphy/ptII/ptolemy/domains/de/test/auto/MergeModel2Add.xml (RunModel)" time="0.035" />
  <testcase classname="ptolemy.util.test.junit.AutoTests" name="[34] /home/travis/build/icyphy/ptII/ptolemy/domains/de/test/auto/MergeModel3Add.xml (RunModel)" time="0.033" />
  <testcase classname="ptolemy.util.test.junit.AutoTests" name="[35] /home/travis/build/icyphy/ptII/ptolemy/domains/de/test/auto/MergeWithoutDiscard.xml (RunModel)" time="0.009" />
  <testcase classname="ptolemy.util.test.junit.AutoTests" name="[36] /home/travis/build/icyphy/ptII/ptolemy/domains/de/test/auto/Modal1.xml (RunModel)" time="0.023" />
  <testcase classname="ptolemy.util.test.junit.AutoTests" name="[37] /home/travis/build/icyphy/ptII/ptolemy/domains/de/test/auto/Modal2.xml (RunModel)" time="0.023" />
  <testcase classname="ptolemy.util.test.junit.AutoTests" name="[38] /home/travis/build/icyphy/ptII/ptolemy/domains/de/test/auto/Modal3.xml (RunModel)" time="0.024" />
  <testcase classname="ptolemy.util.test.junit.AutoTests" name="[39] /home/travis/build/icyphy/ptII/ptolemy/domains/de/test/auto/Modal4.xml (RunModel)" time="0.025" />
  <testcase classname="ptolemy.util.test.junit.AutoTests" name="[40] /home/travis/build/icyphy/ptII/ptolemy/domains/de/test/auto/Modal5.xml (RunModel)" time="0.024" />
  <testcase classname="ptolemy.util.test.junit.AutoTests" name="[41] /home/travis/build/icyphy/ptII/ptolemy/domains/de/test/auto/Modal6.xml (RunModel)" time="0.024" />
  <testcase classname="ptolemy.util.test.junit.AutoTests" name="[42] /home/travis/build/icyphy/ptII/ptolemy/domains/de/test/auto/Modal7.xml (RunModel)" time="0.025" />
  <testcase classname="ptolemy.util.test.junit.AutoTests" name="[43] /home/travis/build/icyphy/ptII/ptolemy/domains/de/test/auto/ModalModel.xml (RunModel)" time="0.121" />
  <testcase classname="ptolemy.util.test.junit.AutoTests" name="[44] /home/travis/build/icyphy/ptII/ptolemy/domains/de/test/auto/ModalSource.xml (RunModel)" time="0.015" />
  <testcase classname="ptolemy.util.test.junit.AutoTests" name="[45] /home/travis/build/icyphy/ptII/ptolemy/domains/de/test/auto/NonInterruptibleTimerZeroDelay.xml (RunModel)" time="0.008" />
  <testcase classname="ptolemy.util.test.junit.AutoTests" name="[46] /home/travis/build/icyphy/ptII/ptolemy/domains/de/test/auto/OpenQueueingNetwork.xml (RunModel)" time="2.145" />
  <testcase classname="ptolemy.util.test.junit.AutoTests" name="[47] /home/travis/build/icyphy/ptII/ptolemy/domains/de/test/auto/OpenQueuingNetwork.xml (RunModel)" time="0.258" />
  <testcase classname="ptolemy.util.test.junit.AutoTests" name="[48] /home/travis/build/icyphy/ptII/ptolemy/domains/de/test/auto/PeriodicSampler.xml (RunModel)" time="0.008" />
  <testcase classname="ptolemy.util.test.junit.AutoTests" name="[49] /home/travis/build/icyphy/ptII/ptolemy/domains/de/test/auto/PersistentIO.xml (RunModel)" time="0.017" />
  <testcase classname="ptolemy.util.test.junit.AutoTests" name="[50] /home/travis/build/icyphy/ptII/ptolemy/domains/de/test/auto/PortParameterResetOnInitialize.xml (RunModel)" time="0.008" />
  <testcase classname="ptolemy.util.test.junit.AutoTests" name="[51] /home/travis/build/icyphy/ptII/ptolemy/domains/de/test/auto/PortParameterUpdates.xml (RunModel)" time="0.012" />
  <testcase classname="ptolemy.util.test.junit.AutoTests" name="[52] /home/travis/build/icyphy/ptII/ptolemy/domains/de/test/auto/QueueAndServer.xml (RunModel)" time="0.016" />
  <testcase classname="ptolemy.util.test.junit.AutoTests" name="[53] /home/travis/build/icyphy/ptII/ptolemy/domains/de/test/auto/Records.xml (RunModel)" time="0.011" />
  <testcase classname="ptolemy.util.test.junit.AutoTests" name="[54] /home/travis/build/icyphy/ptII/ptolemy/domains/de/test/auto/ResetTransitionWithStartTime1.xml (RunModel)" time="0.015" />
  <testcase classname="ptolemy.util.test.junit.AutoTests" name="[55] /home/travis/build/icyphy/ptII/ptolemy/domains/de/test/auto/ResetTransitionWithStartTime2.xml (RunModel)" time="0.014" />
  <testcase classname="ptolemy.util.test.junit.AutoTests" name="[56] /home/travis/build/icyphy/ptII/ptolemy/domains/de/test/auto/ResetTransitionWithStartTime3.xml (RunModel)" time="0.015" />
  <testcase classname="ptolemy.util.test.junit.AutoTests" name="[57] /home/travis/build/icyphy/ptII/ptolemy/domains/de/test/auto/ResetTransitionWithStartTime4.xml (RunModel)" time="0.02" />
  <testcase classname="ptolemy.util.test.junit.AutoTests" name="[58] /home/travis/build/icyphy/ptII/ptolemy/domains/de/test/auto/ResettableTimer1.xml (RunModel)" time="0.009" />
  <testcase classname="ptolemy.util.test.junit.AutoTests" name="[59] /home/travis/build/icyphy/ptII/ptolemy/domains/de/test/auto/ResettableTimer2.xml (RunModel)" time="0.008" />
  <testcase classname="ptolemy.util.test.junit.AutoTests" name="[60] /home/travis/build/icyphy/ptII/ptolemy/domains/de/test/auto/ResettableTimer3.xml (RunModel)" time="0.007" />
  <testcase classname="ptolemy.util.test.junit.AutoTests" name="[61] /home/travis/build/icyphy/ptII/ptolemy/domains/de/test/auto/ResettableTimer4.xml (RunModel)" time="0.007" />
  <testcase classname="ptolemy.util.test.junit.AutoTests" name="[62] /home/travis/build/icyphy/ptII/ptolemy/domains/de/test/auto/ResettableTimer5.xml (RunModel)" time="0.009" />
  <testcase classname="ptolemy.util.test.junit.AutoTests" name="[63] /home/travis/build/icyphy/ptII/ptolemy/domains/de/test/auto/ResettableTimer6.xml (RunModel)" time="0.008" />
  <testcase classname="ptolemy.util.test.junit.AutoTests" name="[64] /home/travis/build/icyphy/ptII/ptolemy/domains/de/test/auto/ServerZeroDelay.xml (RunModel)" time="0.008" />
  <testcase classname="ptolemy.util.test.junit.AutoTests" name="[65] /home/travis/build/icyphy/ptII/ptolemy/domains/de/test/auto/SmartSender.xml (RunModel)" time="3.009" />
  <testcase classname="ptolemy.util.test.junit.AutoTests" name="[66] /home/travis/build/icyphy/ptII/ptolemy/domains/de/test/auto/ThreadedComposite.xml (RunModel)" time="0.108" />
  <testcase classname="ptolemy.util.test.junit.AutoTests" name="[67] /home/travis/build/icyphy/ptII/ptolemy/domains/de/test/auto/Time.xml (RunModel)" time="0.415" />
  <testcase classname="ptolemy.util.test.junit.AutoTests" name="[68] /home/travis/build/icyphy/ptII/ptolemy/domains/de/test/auto/TimeDelayZeroDelay.xml (RunModel)" time="0.01" />
  <testcase classname="ptolemy.util.test.junit.AutoTests" name="[69] /home/travis/build/icyphy/ptII/ptolemy/domains/de/test/auto/TimerZeroDelay.xml (RunModel)" time="0.009" />
  <testcase classname="ptolemy.util.test.junit.AutoTests" name="[70] /home/travis/build/icyphy/ptII/ptolemy/domains/de/test/auto/TimingParadox.xml (RunModel)" time="0.349" />
  <testcase classname="ptolemy.util.test.junit.AutoTests" name="[71] /home/travis/build/icyphy/ptII/ptolemy/domains/de/test/auto/TransferInputs.xml (RunModel)" time="0.009" />
  <testcase classname="ptolemy.util.test.junit.AutoTests" name="[72] /home/travis/build/icyphy/ptII/ptolemy/domains/de/test/auto/TransferOutputs2.xml (RunModel)" time="0.014" />
  <testcase classname="ptolemy.util.test.junit.AutoTests" name="[73] /home/travis/build/icyphy/ptII/ptolemy/domains/de/test/auto/Trilateration.xml (RunModel)" time="11.058" />
  <testcase classname="ptolemy.util.test.junit.AutoTests" name="[74] /home/travis/build/icyphy/ptII/ptolemy/domains/de/test/auto/TwoSigmaDelta.xml (RunModel)" time="2.066" />
  <testcase classname="ptolemy.util.test.junit.AutoTests" name="[75] /home/travis/build/icyphy/ptII/ptolemy/domains/de/test/auto/VariableDelay.xml (RunModel)" time="0.011" />
  <testcase classname="ptolemy.util.test.junit.AutoTests" name="[76] /home/travis/build/icyphy/ptII/ptolemy/domains/de/test/auto/VariableDelay2.xml (RunModel)" time="0.008" />
  <testcase classname="ptolemy.util.test.junit.AutoTests" name="[77] /home/travis/build/icyphy/ptII/ptolemy/domains/de/test/auto/VariableDelayZeroDelay.xml (RunModel)" time="0.01" />
  <testcase classname="ptolemy.util.test.junit.AutoTests" name="[78] /home/travis/build/icyphy/ptII/ptolemy/domains/de/test/auto/VariableDelayZeroDelay2.xml (RunModel)" time="0.009" />
  <testcase classname="ptolemy.util.test.junit.AutoTests" name="[79] /home/travis/build/icyphy/ptII/ptolemy/domains/de/test/auto/deInCt.xml (RunModel)" time="0.017" />
  <testcase classname="ptolemy.util.test.junit.AutoTests" name="[80] /home/travis/build/icyphy/ptII/ptolemy/domains/de/test/auto/deInCt2.xml (RunModel)" time="0.015" />
  <testcase classname="ptolemy.util.test.junit.AutoTests" name="[81] /home/travis/build/icyphy/ptII/ptolemy/domains/de/test/auto/dynamicCausalityInterface1.xml (RunModel)" time="0.018" />
  <testcase classname="ptolemy.util.test.junit.AutoTests" name="[82] /home/travis/build/icyphy/ptII/ptolemy/domains/de/test/auto/fsm_de_test.xml (RunModel)" time="0.021" />
  <testcase classname="ptolemy.util.test.junit.AutoTests" name="[83] /home/travis/build/icyphy/ptII/ptolemy/domains/de/test/auto/functionDependencyReconstruction.xml (RunModel)" time="0.03" />
  <testcase classname="ptolemy.util.test.junit.AutoTests" name="[84] /home/travis/build/icyphy/ptII/ptolemy/domains/de/test/auto/multirate.xml (RunModel)" time="0.015" />
  <testcase classname="ptolemy.util.test.junit.AutoTests" name="[85] /home/travis/build/icyphy/ptII/ptolemy/domains/de/test/auto/multirate2.xml (RunModel)" time="0.014" />
  <testcase classname="ptolemy.util.test.junit.AutoTests" name="[86] /home/travis/build/icyphy/ptII/ptolemy/domains/de/test/auto/realtime.xml (RunModel)" time="10.01" />
  <testcase classname="ptolemy.util.test.junit.AutoTests" name="[87] /home/travis/build/icyphy/ptII/ptolemy/domains/de/test/auto/relationGroup.xml (RunModel)" time="0.009" />
  <testcase classname="ptolemy.util.test.junit.AutoTests" name="[88] /home/travis/build/icyphy/ptII/ptolemy/domains/de/test/auto/relationGroup2.xml (RunModel)" time="0.008" />
  <testcase classname="ptolemy.util.test.junit.AutoTests" name="[89] /home/travis/build/icyphy/ptII/ptolemy/domains/de/test/auto/sortWithOpaquePorts.xml (RunModel)" time="0.015" />
  <testcase classname="ptolemy.util.test.junit.AutoTests" name="[90] /home/travis/build/icyphy/ptII/ptolemy/domains/de/test/auto/transferInputsandOutputs.xml (RunModel)" time="0.017" />
  <testcase classname="ptolemy.util.test.junit.AutoTests" name="[91] /home/travis/build/icyphy/ptII/ptolemy/domains/de/test/auto/triggerType.xml (RunModel)" time="0.008" />
  <system-out><![CDATA[/home/travis/build/icyphy/ptII/ptolemy/domains/de/test/DependencyLoop.tcl
testDefs.tcl: setting time out to 9000 seconds at Tue Aug 21 01:57:07 UTC 2018
13 ms. Memory: 116224K Free: 93842K (81%)
14 ms. Memory: 146944K Free: 135465K (92%)
/home/travis/build/icyphy/ptII/ptolemy/domains/de/test/RunDETestsAsQSS.tcl
Run the DE tests using ptolemy.domains.qss.test.QSSDirectorTest, which extends QSSDirector and prints a message in the constructors.
------------------ testing $PTII/ptolemy/domains/de/test/auto/knownFailedTests/dependencyLoop.xml (Known Failure) 
10 ms. Memory: 146944K Free: 132353K (90%)


==== $PTIIhome/travis/build/icyphy/ptII/ptolemy/domains/de/test/../../../../: Auto Automatic test in file $PTII/ptolemy/domains/de/test/auto/knownFailedTests/dependencyLoop.xml
==== Contents of test case:

	    # FIXME: we should use $relativeFilename here, but it
	    # might have backslashes under Windows, which causes no end
	    # of trouble.
	    createAndExecute $file
	    list {}
	
.... Test generated KNOWN error:
    while executing
ptolemy.kernel.util.IllegalActionException: Found a zero delay loop containing .dependencyLoop.original
  in .dependencyLoop and .dependencyLoop.original
	at ptolemy.actor.util.CausalityInterfaceForComposites._computeOutputPortDepth(CausalityInterfaceForComposites.java:759)
	at ptolemy.actor.util.CausalityInterfaceForComposites._computeInputDepth(CausalityInterfaceForComposites.java:696)
	at ptolemy.actor.util.CausalityInterfaceForComposites._computeOutputPortDepth(CausalityInterfaceForComposites.java:765)
	at ptolemy.actor.util.CausalityInterfaceForComposites._computeInputDepth(CausalityInterfaceForComposites.java:696)
	at ptolemy.actor.util.CausalityInterfaceForComposites._computeOutputPortDepth(CausalityInterfaceForComposites.java:765)
	at ptolemy.actor.util.CausalityInterfaceForComposites._computeInputDepth(CausalityInterfaceForComposites.java:696)
	at ptolemy.actor.util.CausalityInterfaceForComposites._computeActorDepth(CausalityInterfaceForComposites.java:532)
	at ptolemy.actor.util.CausalityInterfaceForComposites.checkForCycles(CausalityInterfaceForComposites.java:96)
	at ptolemy.domains.de.kernel.DEDirector.preinitialize(DEDirector.java:1338)
	at ptolemy.actor.CompositeActor.preinitialize(CompositeActor.java:1828)
	at ptolemy.actor.Manager.preinitializeAndResolveTypes(Manager.java:1040)
	at ptolemy.actor.Manager.initialize(Manager.java:710)
	at ptolemy.actor.Manager.execute(Manager.java:356)
	at ptolemy.actor.Manager.run(Manager.java:1263)
	at ptolemy.actor.Manager$PtolemyRunThread.run(Manager.java:1915)

    while executing
ptolemy.kernel.util.IllegalActionException: Found a zero delay loop containing .dependencyLoop.original
  in .dependencyLoop and .dependencyLoop.original
    while executing
"java::new ptolemy.moml.MoMLSimpleApplication $file
"
    (procedure "createAndExecute" line 2)
    invoked from within
"createAndExecute $file"
    ("uplevel" body line 5)
    invoked from within
"uplevel $contents_of_test"
------------------ testing $PTII/ptolemy/domains/de/test/auto/knownFailedTests/DESDFClockTest.xml (Known Failure) 
2052 ms. Memory: 146944K Free: 116567K (79%)


==== $PTIIhome/travis/build/icyphy/ptII/ptolemy/domains/de/test/../../../../: Auto Automatic test in file $PTII/ptolemy/domains/de/test/auto/knownFailedTests/DESDFClockTest.xml
==== Contents of test case:

	    # FIXME: we should use $relativeFilename here, but it
	    # might have backslashes under Windows, which causes no end
	    # of trouble.
	    createAndExecute $file
	    list {}
	
.... Test generated KNOWN error:
    while executing
ptolemy.kernel.util.IllegalActionException: Actor is not ready to fire.  Perhaps UpSample.prefire() returned false? Try debugging the actor by selecting "Listen to Actor".  Also, for SDF check moml for tokenConsumptionRate on input.
  in .DESDFClockTest.Play Bell.Copy1:SDF Director and .DESDFClockTest.Play Bell.UpSample
	at ptolemy.actor.sched.StaticSchedulingDirector.fire(StaticSchedulingDirector.java:227)
	at ptolemy.domains.sdf.kernel.SDFDirector.fire(SDFDirector.java:500)
	at ptolemy.actor.CompositeActor.fire(CompositeActor.java:455)
	at ptolemy.domains.de.kernel.DEDirector._fire(DEDirector.java:1949)
	at ptolemy.domains.de.kernel.DEDirector.fire(DEDirector.java:502)
	at ptolemy.actor.CompositeActor.fire(CompositeActor.java:455)
	at ptolemy.actor.Manager.iterate(Manager.java:851)
	at ptolemy.actor.Manager.execute(Manager.java:369)
	at ptolemy.actor.Manager.run(Manager.java:1263)
	at ptolemy.actor.Manager$PtolemyRunThread.run(Manager.java:1915)

    while executing
ptolemy.kernel.util.IllegalActionException: Actor is not ready to fire.  Perhaps UpSample.prefire() returned false? Try debugging the actor by selecting "Listen to Actor".  Also, for SDF check moml for tokenConsumptionRate on input.
  in .DESDFClockTest.Play Bell.Copy1:SDF Director and .DESDFClockTest.Play Bell.UpSample
    while executing
"java::new ptolemy.moml.MoMLSimpleApplication $file
"
    (procedure "createAndExecute" line 2)
    invoked from within
"createAndExecute $file"
    ("uplevel" body line 5)
    invoked from within
"uplevel $contents_of_test"
------------------ testing $PTII/ptolemy/domains/de/test/auto/knownFailedTests/FSMSource.xml (Known Failure) 
21 ms. Memory: 146944K Free: 107638K (73%)
!!!! Auto was marked as failing, but now passes
------------------ testing $PTII/ptolemy/domains/de/test/auto/knownFailedTests/dependencyLoop2.xml (Known Failure) 
6 ms. Memory: 146944K Free: 105754K (72%)


==== $PTIIhome/travis/build/icyphy/ptII/ptolemy/domains/de/test/../../../../: Auto Automatic test in file $PTII/ptolemy/domains/de/test/auto/knownFailedTests/dependencyLoop2.xml
==== Contents of test case:

	    # FIXME: we should use $relativeFilename here, but it
	    # might have backslashes under Windows, which causes no end
	    # of trouble.
	    createAndExecute $file
	    list {}
	
.... Test generated KNOWN error:
    while executing
ptolemy.kernel.util.IllegalActionException: Found a zero delay loop containing .dependencyLoop2.original
  in .dependencyLoop2 and .dependencyLoop2.original
	at ptolemy.actor.util.CausalityInterfaceForComposites._computeOutputPortDepth(CausalityInterfaceForComposites.java:759)
	at ptolemy.actor.util.CausalityInterfaceForComposites._computeInputDepth(CausalityInterfaceForComposites.java:696)
	at ptolemy.actor.util.CausalityInterfaceForComposites._computeOutputPortDepth(CausalityInterfaceForComposites.java:765)
	at ptolemy.actor.util.CausalityInterfaceForComposites._computeInputDepth(CausalityInterfaceForComposites.java:696)
	at ptolemy.actor.util.CausalityInterfaceForComposites._computeOutputPortDepth(CausalityInterfaceForComposites.java:765)
	at ptolemy.actor.util.CausalityInterfaceForComposites._computeInputDepth(CausalityInterfaceForComposites.java:696)
	at ptolemy.actor.util.CausalityInterfaceForComposites._computeActorDepth(CausalityInterfaceForComposites.java:532)
	at ptolemy.actor.util.CausalityInterfaceForComposites.checkForCycles(CausalityInterfaceForComposites.java:96)
	at ptolemy.domains.de.kernel.DEDirector.preinitialize(DEDirector.java:1338)
	at ptolemy.actor.CompositeActor.preinitialize(CompositeActor.java:1828)
	at ptolemy.actor.Manager.preinitializeAndResolveTypes(Manager.java:1040)
	at ptolemy.actor.Manager.initialize(Manager.java:710)
	at ptolemy.actor.Manager.execute(Manager.java:356)
	at ptolemy.actor.Manager.run(Manager.java:1263)
	at ptolemy.actor.Manager$PtolemyRunThread.run(Manager.java:1915)

    while executing
ptolemy.kernel.util.IllegalActionException: Found a zero delay loop containing .dependencyLoop2.original
  in .dependencyLoop2 and .dependencyLoop2.original
    while executing
"java::new ptolemy.moml.MoMLSimpleApplication $file
"
    (procedure "createAndExecute" line 2)
    invoked from within
"createAndExecute $file"
    ("uplevel" body line 5)
    invoked from within
"uplevel $contents_of_test"
------------------ testing $PTII/ptolemy/domains/de/test/auto/knownFailedTests/HierarchicalModel.xml (Known Failure) 
6 ms. Memory: 146944K Free: 84010K (57%)


==== $PTIIhome/travis/build/icyphy/ptII/ptolemy/domains/de/test/../../../../: Auto Automatic test in file $PTII/ptolemy/domains/de/test/auto/knownFailedTests/HierarchicalModel.xml
==== Contents of test case:

	    # FIXME: we should use $relativeFilename here, but it
	    # might have backslashes under Windows, which causes no end
	    # of trouble.
	    createAndExecute $file
	    list {}
	
.... Test generated KNOWN error:
    while executing
ptolemy.kernel.util.IllegalActionException: Found a zero delay loop containing .HierarchicalModel.A
  in .HierarchicalModel and .HierarchicalModel.A
	at ptolemy.actor.util.CausalityInterfaceForComposites._computeOutputPortDepth(CausalityInterfaceForComposites.java:759)
	at ptolemy.actor.util.CausalityInterfaceForComposites._computeInputDepth(CausalityInterfaceForComposites.java:696)
	at ptolemy.actor.util.CausalityInterfaceForComposites._computeOutputPortDepth(CausalityInterfaceForComposites.java:765)
	at ptolemy.actor.util.CausalityInterfaceForComposites._computeInputDepth(CausalityInterfaceForComposites.java:696)
	at ptolemy.actor.util.CausalityInterfaceForComposites._computeOutputPortDepth(CausalityInterfaceForComposites.java:765)
	at ptolemy.actor.util.CausalityInterfaceForComposites._computeInputDepth(CausalityInterfaceForComposites.java:696)
	at ptolemy.actor.util.CausalityInterfaceForComposites._computeActorDepth(CausalityInterfaceForComposites.java:532)
	at ptolemy.actor.util.CausalityInterfaceForComposites.checkForCycles(CausalityInterfaceForComposites.java:96)
	at ptolemy.domains.de.kernel.DEDirector.preinitialize(DEDirector.java:1338)
	at ptolemy.actor.CompositeActor.preinitialize(CompositeActor.java:1828)
	at ptolemy.actor.Manager.preinitializeAndResolveTypes(Manager.java:1040)
	at ptolemy.actor.Manager.initialize(Manager.java:710)
	at ptolemy.actor.Manager.execute(Manager.java:356)
	at ptolemy.actor.Manager.run(Manager.java:1263)
	at ptolemy.actor.Manager$PtolemyRunThread.run(Manager.java:1915)

    while executing
ptolemy.kernel.util.IllegalActionException: Found a zero delay loop containing .HierarchicalModel.A
  in .HierarchicalModel and .HierarchicalModel.A
    while executing
"java::new ptolemy.moml.MoMLSimpleApplication $file
"
    (procedure "createAndExecute" line 2)
    invoked from within
"createAndExecute $file"
    ("uplevel" body line 5)
    invoked from within
"uplevel $contents_of_test"
------------------ testing $PTII/ptolemy/domains/de/test/auto/knownFailedTests/DirectFeedback.xml (Known Failure) 
4 ms. Memory: 146944K Free: 141403K (96%)


==== $PTIIhome/travis/build/icyphy/ptII/ptolemy/domains/de/test/../../../../: Auto Automatic test in file $PTII/ptolemy/domains/de/test/auto/knownFailedTests/DirectFeedback.xml
==== Contents of test case:

	    # FIXME: we should use $relativeFilename here, but it
	    # might have backslashes under Windows, which causes no end
	    # of trouble.
	    createAndExecute $file
	    list {}
	
.... Test generated KNOWN error:
    while executing
ptolemy.kernel.util.IllegalActionException: Test fails in iteration 1.
Value was: 1.0. Should have been: 2.0
  in .DirectFeedback.Test
	at ptolemy.actor.lib.Test.fire(Test.java:268)
	at ptolemy.domains.de.kernel.DEDirector._fire(DEDirector.java:1949)
	at ptolemy.domains.de.kernel.DEDirector.fire(DEDirector.java:502)
	at ptolemy.actor.CompositeActor.fire(CompositeActor.java:455)
	at ptolemy.actor.Manager.iterate(Manager.java:851)
	at ptolemy.actor.Manager.execute(Manager.java:369)
	at ptolemy.actor.Manager.run(Manager.java:1263)
	at ptolemy.actor.Manager$PtolemyRunThread.run(Manager.java:1915)

    while executing
ptolemy.kernel.util.IllegalActionException: Test fails in iteration 1.
Value was: 1.0. Should have been: 2.0
  in .DirectFeedback.Test
    while executing
"java::new ptolemy.moml.MoMLSimpleApplication $file
"
    (procedure "createAndExecute" line 2)
    invoked from within
"createAndExecute $file"
    ("uplevel" body line 5)
    invoked from within
"uplevel $contents_of_test"
------------------ testing $PTII/ptolemy/domains/de/test/auto/ActorDepthCalculation_actorWithoutPorts.xml
auto.tcl: Setting watchdog for 200 seconds at Tue Aug 21 01:57:10 UTC 2018
6 ms. Memory: 146944K Free: 132428K (90%)
ptolemy.util.test.WatchDog.cancel(): canceling Tue Aug 21 01:57:10 UTC 2018
auto.tcl: Setting watchdog for 200 seconds at Tue Aug 21 01:57:10 UTC 2018
4 ms. Memory: 146944K Free: 131385K (89%)
ptolemy.util.test.WatchDog.cancel(): canceling Tue Aug 21 01:57:10 UTC 2018
------------------ testing $PTII/ptolemy/domains/de/test/auto/AssemblyLine.xml
auto.tcl: Setting watchdog for 200 seconds at Tue Aug 21 01:57:10 UTC 2018
11 ms. Memory: 208384K Free: 182819K (88%)
ptolemy.util.test.WatchDog.cancel(): canceling Tue Aug 21 01:57:10 UTC 2018
auto.tcl: Setting watchdog for 200 seconds at Tue Aug 21 01:57:10 UTC 2018
14 ms. Memory: 208384K Free: 182819K (88%)
ptolemy.util.test.WatchDog.cancel(): canceling Tue Aug 21 01:57:10 UTC 2018
------------------ testing $PTII/ptolemy/domains/de/test/auto/CQBug1.xml
auto.tcl: Setting watchdog for 200 seconds at Tue Aug 21 01:57:10 UTC 2018
5 ms. Memory: 208384K Free: 197367K (95%)
ptolemy.util.test.WatchDog.cancel(): canceling Tue Aug 21 01:57:11 UTC 2018
auto.tcl: Setting watchdog for 200 seconds at Tue Aug 21 01:57:11 UTC 2018
2 ms. Memory: 208384K Free: 197367K (95%)
ptolemy.util.test.WatchDog.cancel(): canceling Tue Aug 21 01:57:11 UTC 2018
------------------ testing $PTII/ptolemy/domains/de/test/auto/CancelFireAt.xml
auto.tcl: Setting watchdog for 200 seconds at Tue Aug 21 01:57:11 UTC 2018
3 ms. Memory: 208384K Free: 201092K (97%)
ptolemy.util.test.WatchDog.cancel(): canceling Tue Aug 21 01:57:11 UTC 2018
auto.tcl: Setting watchdog for 200 seconds at Tue Aug 21 01:57:11 UTC 2018
4 ms. Memory: 208384K Free: 198986K (95%)
ptolemy.util.test.WatchDog.cancel(): canceling Tue Aug 21 01:57:11 UTC 2018
------------------ testing $PTII/ptolemy/domains/de/test/auto/CausalityAndComposabilityAnalysis.xml
auto.tcl: Setting watchdog for 200 seconds at Tue Aug 21 01:57:11 UTC 2018
10 ms. Memory: 208384K Free: 196886K (94%)
ptolemy.util.test.WatchDog.cancel(): canceling Tue Aug 21 01:57:11 UTC 2018
auto.tcl: Setting watchdog for 200 seconds at Tue Aug 21 01:57:11 UTC 2018
5 ms. Memory: 208384K Free: 196886K (94%)
ptolemy.util.test.WatchDog.cancel(): canceling Tue Aug 21 01:57:11 UTC 2018
------------------ testing $PTII/ptolemy/domains/de/test/auto/CausalityInterface1.xml
auto.tcl: Setting watchdog for 200 seconds at Tue Aug 21 01:57:11 UTC 2018
12 ms. Memory: 208384K Free: 196413K (94%)
ptolemy.util.test.WatchDog.cancel(): canceling Tue Aug 21 01:57:11 UTC 2018
auto.tcl: Setting watchdog for 200 seconds at Tue Aug 21 01:57:11 UTC 2018
3 ms. Memory: 208384K Free: 196413K (94%)
ptolemy.util.test.WatchDog.cancel(): canceling Tue Aug 21 01:57:11 UTC 2018
------------------ testing $PTII/ptolemy/domains/de/test/auto/CausalityInterface15.xml
auto.tcl: Setting watchdog for 200 seconds at Tue Aug 21 01:57:11 UTC 2018
4 ms. Memory: 208384K Free: 196405K (94%)
ptolemy.util.test.WatchDog.cancel(): canceling Tue Aug 21 01:57:11 UTC 2018
auto.tcl: Setting watchdog for 200 seconds at Tue Aug 21 01:57:11 UTC 2018
6 ms. Memory: 208384K Free: 196405K (94%)
ptolemy.util.test.WatchDog.cancel(): canceling Tue Aug 21 01:57:11 UTC 2018
------------------ testing $PTII/ptolemy/domains/de/test/auto/CausalityInterface2.xml
auto.tcl: Setting watchdog for 200 seconds at Tue Aug 21 01:57:11 UTC 2018
3 ms. Memory: 208384K Free: 196387K (94%)
ptolemy.util.test.WatchDog.cancel(): canceling Tue Aug 21 01:57:11 UTC 2018
auto.tcl: Setting watchdog for 200 seconds at Tue Aug 21 01:57:11 UTC 2018
2 ms. Memory: 208384K Free: 196387K (94%)
ptolemy.util.test.WatchDog.cancel(): canceling Tue Aug 21 01:57:11 UTC 2018
------------------ testing $PTII/ptolemy/domains/de/test/auto/CausalityInterface3.xml
auto.tcl: Setting watchdog for 200 seconds at Tue Aug 21 01:57:11 UTC 2018
9 ms. Memory: 208384K Free: 196400K (94%)
ptolemy.util.test.WatchDog.cancel(): canceling Tue Aug 21 01:57:11 UTC 2018
auto.tcl: Setting watchdog for 200 seconds at Tue Aug 21 01:57:11 UTC 2018
4 ms. Memory: 208384K Free: 196400K (94%)
ptolemy.util.test.WatchDog.cancel(): canceling Tue Aug 21 01:57:11 UTC 2018
------------------ testing $PTII/ptolemy/domains/de/test/auto/ClockDrift.xml
auto.tcl: Setting watchdog for 200 seconds at Tue Aug 21 01:57:11 UTC 2018
89 ms. Memory: 208384K Free: 187614K (90%)
ptolemy.util.test.WatchDog.cancel(): canceling Tue Aug 21 01:57:11 UTC 2018
auto.tcl: Setting watchdog for 200 seconds at Tue Aug 21 01:57:11 UTC 2018
52 ms. Memory: 208384K Free: 185508K (89%)
ptolemy.util.test.WatchDog.cancel(): canceling Tue Aug 21 01:57:11 UTC 2018
------------------ testing $PTII/ptolemy/domains/de/test/auto/ClockDriftAndValueChange.xml
auto.tcl: Setting watchdog for 200 seconds at Tue Aug 21 01:57:11 UTC 2018
45 ms. Memory: 208384K Free: 187448K (90%)
ptolemy.util.test.WatchDog.cancel(): canceling Tue Aug 21 01:57:12 UTC 2018
auto.tcl: Setting watchdog for 200 seconds at Tue Aug 21 01:57:12 UTC 2018
29 ms. Memory: 208384K Free: 185342K (89%)
ptolemy.util.test.WatchDog.cancel(): canceling Tue Aug 21 01:57:12 UTC 2018
------------------ testing $PTII/ptolemy/domains/de/test/auto/ClockDriftChange.xml
auto.tcl: Setting watchdog for 200 seconds at Tue Aug 21 01:57:12 UTC 2018
22 ms. Memory: 208384K Free: 190776K (92%)
ptolemy.util.test.WatchDog.cancel(): canceling Tue Aug 21 01:57:12 UTC 2018
auto.tcl: Setting watchdog for 200 seconds at Tue Aug 21 01:57:12 UTC 2018
19 ms. Memory: 208384K Free: 188670K (91%)
ptolemy.util.test.WatchDog.cancel(): canceling Tue Aug 21 01:57:12 UTC 2018
------------------ testing $PTII/ptolemy/domains/de/test/auto/ComposableCausalityAnalysis.xml
auto.tcl: Setting watchdog for 200 seconds at Tue Aug 21 01:57:12 UTC 2018
2 ms. Memory: 208384K Free: 196257K (94%)
ptolemy.util.test.WatchDog.cancel(): canceling Tue Aug 21 01:57:12 UTC 2018
auto.tcl: Setting watchdog for 200 seconds at Tue Aug 21 01:57:12 UTC 2018
3 ms. Memory: 208384K Free: 194150K (93%)
ptolemy.util.test.WatchDog.cancel(): canceling Tue Aug 21 01:57:12 UTC 2018
------------------ testing $PTII/ptolemy/domains/de/test/auto/DEFixedPointLimitation.xml
auto.tcl: Setting watchdog for 200 seconds at Tue Aug 21 01:57:12 UTC 2018
2 ms. Memory: 208384K Free: 196337K (94%)
ptolemy.util.test.WatchDog.cancel(): canceling Tue Aug 21 01:57:12 UTC 2018
auto.tcl: Setting watchdog for 200 seconds at Tue Aug 21 01:57:12 UTC 2018
1 ms. Memory: 208384K Free: 196337K (94%)
ptolemy.util.test.WatchDog.cancel(): canceling Tue Aug 21 01:57:12 UTC 2018
------------------ testing $PTII/ptolemy/domains/de/test/auto/DEScheduleTest.xml
auto.tcl: Setting watchdog for 200 seconds at Tue Aug 21 01:57:12 UTC 2018
4 ms. Memory: 208384K Free: 198479K (95%)
ptolemy.util.test.WatchDog.cancel(): canceling Tue Aug 21 01:57:12 UTC 2018
auto.tcl: Setting watchdog for 200 seconds at Tue Aug 21 01:57:12 UTC 2018
5 ms. Memory: 208384K Free: 196373K (94%)
ptolemy.util.test.WatchDog.cancel(): canceling Tue Aug 21 01:57:12 UTC 2018
------------------ testing $PTII/ptolemy/domains/de/test/auto/DEinDEwithStartTimes.xml
auto.tcl: Setting watchdog for 200 seconds at Tue Aug 21 01:57:12 UTC 2018
3 ms. Memory: 208384K Free: 196343K (94%)
ptolemy.util.test.WatchDog.cancel(): canceling Tue Aug 21 01:57:12 UTC 2018
auto.tcl: Setting watchdog for 200 seconds at Tue Aug 21 01:57:12 UTC 2018
3 ms. Memory: 208384K Free: 194237K (93%)
ptolemy.util.test.WatchDog.cancel(): canceling Tue Aug 21 01:57:12 UTC 2018
------------------ testing $PTII/ptolemy/domains/de/test/auto/DEinDEwithStartTimes2.xml
auto.tcl: Setting watchdog for 200 seconds at Tue Aug 21 01:57:12 UTC 2018
9 ms. Memory: 208384K Free: 196322K (94%)
ptolemy.util.test.WatchDog.cancel(): canceling Tue Aug 21 01:57:12 UTC 2018
auto.tcl: Setting watchdog for 200 seconds at Tue Aug 21 01:57:12 UTC 2018
3 ms. Memory: 208384K Free: 194216K (93%)
ptolemy.util.test.WatchDog.cancel(): canceling Tue Aug 21 01:57:12 UTC 2018
------------------ testing $PTII/ptolemy/domains/de/test/auto/DateDemo.xml
auto.tcl: Setting watchdog for 200 seconds at Tue Aug 21 01:57:12 UTC 2018
18 ms. Memory: 208384K Free: 188734K (91%)
ptolemy.util.test.WatchDog.cancel(): canceling Tue Aug 21 01:57:12 UTC 2018
auto.tcl: Setting watchdog for 200 seconds at Tue Aug 21 01:57:12 UTC 2018
7 ms. Memory: 208384K Free: 186627K (90%)
ptolemy.util.test.WatchDog.cancel(): canceling Tue Aug 21 01:57:12 UTC 2018
------------------ testing $PTII/ptolemy/domains/de/test/auto/DateToEvent.xml
auto.tcl: Setting watchdog for 200 seconds at Tue Aug 21 01:57:12 UTC 2018
2016 ms. Memory: 208384K Free: 180962K (87%)
ptolemy.util.test.WatchDog.cancel(): canceling Tue Aug 21 01:57:14 UTC 2018
auto.tcl: Setting watchdog for 200 seconds at Tue Aug 21 01:57:14 UTC 2018
2005 ms. Memory: 208384K Free: 180962K (87%)
ptolemy.util.test.WatchDog.cancel(): canceling Tue Aug 21 01:57:16 UTC 2018
------------------ testing $PTII/ptolemy/domains/de/test/auto/DepthTest1.xml
auto.tcl: Setting watchdog for 200 seconds at Tue Aug 21 01:57:16 UTC 2018
3 ms. Memory: 208384K Free: 198344K (95%)
ptolemy.util.test.WatchDog.cancel(): canceling Tue Aug 21 01:57:16 UTC 2018
auto.tcl: Setting watchdog for 200 seconds at Tue Aug 21 01:57:16 UTC 2018
1 ms. Memory: 208384K Free: 198344K (95%)
ptolemy.util.test.WatchDog.cancel(): canceling Tue Aug 21 01:57:16 UTC 2018
------------------ testing $PTII/ptolemy/domains/de/test/auto/DepthTest2.xml
auto.tcl: Setting watchdog for 200 seconds at Tue Aug 21 01:57:16 UTC 2018
7 ms. Memory: 208384K Free: 194196K (93%)
ptolemy.util.test.WatchDog.cancel(): canceling Tue Aug 21 01:57:16 UTC 2018
auto.tcl: Setting watchdog for 200 seconds at Tue Aug 21 01:57:16 UTC 2018
2 ms. Memory: 208384K Free: 194196K (93%)
ptolemy.util.test.WatchDog.cancel(): canceling Tue Aug 21 01:57:17 UTC 2018
------------------ testing $PTII/ptolemy/domains/de/test/auto/DepthTest3.xml
auto.tcl: Setting watchdog for 200 seconds at Tue Aug 21 01:57:17 UTC 2018
2 ms. Memory: 208384K Free: 198342K (95%)
ptolemy.util.test.WatchDog.cancel(): canceling Tue Aug 21 01:57:17 UTC 2018
auto.tcl: Setting watchdog for 200 seconds at Tue Aug 21 01:57:17 UTC 2018
2 ms. Memory: 208384K Free: 198342K (95%)
ptolemy.util.test.WatchDog.cancel(): canceling Tue Aug 21 01:57:17 UTC 2018
------------------ testing $PTII/ptolemy/domains/de/test/auto/DepthTest4.xml
auto.tcl: Setting watchdog for 200 seconds at Tue Aug 21 01:57:17 UTC 2018
8 ms. Memory: 208384K Free: 196323K (94%)
ptolemy.util.test.WatchDog.cancel(): canceling Tue Aug 21 01:57:17 UTC 2018
auto.tcl: Setting watchdog for 200 seconds at Tue Aug 21 01:57:17 UTC 2018
2 ms. Memory: 208384K Free: 196323K (94%)
ptolemy.util.test.WatchDog.cancel(): canceling Tue Aug 21 01:57:17 UTC 2018
------------------ testing $PTII/ptolemy/domains/de/test/auto/DepthTest5.xml
auto.tcl: Setting watchdog for 200 seconds at Tue Aug 21 01:57:17 UTC 2018
4 ms. Memory: 208384K Free: 196271K (94%)
ptolemy.util.test.WatchDog.cancel(): canceling Tue Aug 21 01:57:17 UTC 2018
auto.tcl: Setting watchdog for 200 seconds at Tue Aug 21 01:57:17 UTC 2018
2 ms. Memory: 208384K Free: 196271K (94%)
ptolemy.util.test.WatchDog.cancel(): canceling Tue Aug 21 01:57:17 UTC 2018
------------------ testing $PTII/ptolemy/domains/de/test/auto/DepthTest6.xml
auto.tcl: Setting watchdog for 200 seconds at Tue Aug 21 01:57:17 UTC 2018
8 ms. Memory: 208384K Free: 196239K (94%)
ptolemy.util.test.WatchDog.cancel(): canceling Tue Aug 21 01:57:17 UTC 2018
auto.tcl: Setting watchdog for 200 seconds at Tue Aug 21 01:57:17 UTC 2018
3 ms. Memory: 208384K Free: 196239K (94%)
ptolemy.util.test.WatchDog.cancel(): canceling Tue Aug 21 01:57:17 UTC 2018
------------------ testing $PTII/ptolemy/domains/de/test/auto/DepthTest7.xml
auto.tcl: Setting watchdog for 200 seconds at Tue Aug 21 01:57:17 UTC 2018
6 ms. Memory: 208384K Free: 196227K (94%)
ptolemy.util.test.WatchDog.cancel(): canceling Tue Aug 21 01:57:17 UTC 2018
auto.tcl: Setting watchdog for 200 seconds at Tue Aug 21 01:57:17 UTC 2018
1 ms. Memory: 208384K Free: 196227K (94%)
ptolemy.util.test.WatchDog.cancel(): canceling Tue Aug 21 01:57:17 UTC 2018
------------------ testing $PTII/ptolemy/domains/de/test/auto/EventToDate.xml
auto.tcl: Setting watchdog for 200 seconds at Tue Aug 21 01:57:17 UTC 2018
3009 ms. Memory: 208384K Free: 185718K (89%)
ptolemy.util.test.WatchDog.cancel(): canceling Tue Aug 21 01:57:20 UTC 2018
auto.tcl: Setting watchdog for 200 seconds at Tue Aug 21 01:57:20 UTC 2018
3004 ms. Memory: 208384K Free: 185718K (89%)
ptolemy.util.test.WatchDog.cancel(): canceling Tue Aug 21 01:57:23 UTC 2018
------------------ testing $PTII/ptolemy/domains/de/test/auto/FSM1.xml
auto.tcl: Setting watchdog for 200 seconds at Tue Aug 21 01:57:23 UTC 2018
18 ms. Memory: 208384K Free: 189219K (91%)
ptolemy.util.test.WatchDog.cancel(): canceling Tue Aug 21 01:57:23 UTC 2018
auto.tcl: Setting watchdog for 200 seconds at Tue Aug 21 01:57:23 UTC 2018
14 ms. Memory: 208384K Free: 184974K (89%)
ptolemy.util.test.WatchDog.cancel(): canceling Tue Aug 21 01:57:23 UTC 2018
------------------ testing $PTII/ptolemy/domains/de/test/auto/FSM7.xml
auto.tcl: Setting watchdog for 200 seconds at Tue Aug 21 01:57:23 UTC 2018
14 ms. Memory: 208384K Free: 187662K (90%)
ptolemy.util.test.WatchDog.cancel(): canceling Tue Aug 21 01:57:23 UTC 2018
auto.tcl: Setting watchdog for 200 seconds at Tue Aug 21 01:57:23 UTC 2018
22 ms. Memory: 208384K Free: 185540K (89%)
ptolemy.util.test.WatchDog.cancel(): canceling Tue Aug 21 01:57:23 UTC 2018
------------------ testing $PTII/ptolemy/domains/de/test/auto/Inspection.xml
auto.tcl: Setting watchdog for 200 seconds at Tue Aug 21 01:57:23 UTC 2018
37 ms. Memory: 208384K Free: 188877K (91%)
ptolemy.util.test.WatchDog.cancel(): canceling Tue Aug 21 01:57:23 UTC 2018
auto.tcl: Setting watchdog for 200 seconds at Tue Aug 21 01:57:23 UTC 2018
26 ms. Memory: 208384K Free: 186763K (90%)
ptolemy.util.test.WatchDog.cancel(): canceling Tue Aug 21 01:57:23 UTC 2018
------------------ testing $PTII/ptolemy/domains/de/test/auto/Iteration.xml
auto.tcl: Setting watchdog for 200 seconds at Tue Aug 21 01:57:23 UTC 2018
8 ms. Memory: 208384K Free: 196037K (94%)
ptolemy.util.test.WatchDog.cancel(): canceling Tue Aug 21 01:57:23 UTC 2018
auto.tcl: Setting watchdog for 200 seconds at Tue Aug 21 01:57:23 UTC 2018
8 ms. Memory: 208384K Free: 193914K (93%)
ptolemy.util.test.WatchDog.cancel(): canceling Tue Aug 21 01:57:23 UTC 2018
------------------ testing $PTII/ptolemy/domains/de/test/auto/LineFault.xml
auto.tcl: Setting watchdog for 200 seconds at Tue Aug 21 01:57:23 UTC 2018
524 ms. Memory: 208384K Free: 196325K (94%)
ptolemy.util.test.WatchDog.cancel(): canceling Tue Aug 21 01:57:24 UTC 2018
auto.tcl: Setting watchdog for 200 seconds at Tue Aug 21 01:57:24 UTC 2018
372 ms. Memory: 208384K Free: 138758K (67%)
ptolemy.util.test.WatchDog.cancel(): canceling Tue Aug 21 01:57:25 UTC 2018
------------------ testing $PTII/ptolemy/domains/de/test/auto/MergeModel1Add.xml
auto.tcl: Setting watchdog for 200 seconds at Tue Aug 21 01:57:25 UTC 2018
21 ms. Memory: 331264K Free: 298826K (90%)
ptolemy.util.test.WatchDog.cancel(): canceling Tue Aug 21 01:57:25 UTC 2018
auto.tcl: Setting watchdog for 200 seconds at Tue Aug 21 01:57:25 UTC 2018
5 ms. Memory: 331264K Free: 298826K (90%)
ptolemy.util.test.WatchDog.cancel(): canceling Tue Aug 21 01:57:25 UTC 2018
------------------ testing $PTII/ptolemy/domains/de/test/auto/MergeModel2Add.xml
auto.tcl: Setting watchdog for 200 seconds at Tue Aug 21 01:57:25 UTC 2018
8 ms. Memory: 331264K Free: 304128K (92%)
ptolemy.util.test.WatchDog.cancel(): canceling Tue Aug 21 01:57:25 UTC 2018
auto.tcl: Setting watchdog for 200 seconds at Tue Aug 21 01:57:25 UTC 2018
6 ms. Memory: 331264K Free: 300179K (91%)
ptolemy.util.test.WatchDog.cancel(): canceling Tue Aug 21 01:57:25 UTC 2018
------------------ testing $PTII/ptolemy/domains/de/test/auto/MergeModel3Add.xml
auto.tcl: Setting watchdog for 200 seconds at Tue Aug 21 01:57:25 UTC 2018
7 ms. Memory: 331264K Free: 304130K (92%)
ptolemy.util.test.WatchDog.cancel(): canceling Tue Aug 21 01:57:25 UTC 2018
auto.tcl: Setting watchdog for 200 seconds at Tue Aug 21 01:57:25 UTC 2018
5 ms. Memory: 331264K Free: 300182K (91%)
ptolemy.util.test.WatchDog.cancel(): canceling Tue Aug 21 01:57:25 UTC 2018
------------------ testing $PTII/ptolemy/domains/de/test/auto/MergeWithoutDiscard.xml
auto.tcl: Setting watchdog for 200 seconds at Tue Aug 21 01:57:25 UTC 2018
2 ms. Memory: 331264K Free: 320235K (97%)
ptolemy.util.test.WatchDog.cancel(): canceling Tue Aug 21 01:57:25 UTC 2018
auto.tcl: Setting watchdog for 200 seconds at Tue Aug 21 01:57:25 UTC 2018
1 ms. Memory: 331264K Free: 316288K (95%)
ptolemy.util.test.WatchDog.cancel(): canceling Tue Aug 21 01:57:25 UTC 2018
------------------ testing $PTII/ptolemy/domains/de/test/auto/Modal1.xml
auto.tcl: Setting watchdog for 200 seconds at Tue Aug 21 01:57:25 UTC 2018
17 ms. Memory: 331264K Free: 309880K (94%)
ptolemy.util.test.WatchDog.cancel(): canceling Tue Aug 21 01:57:25 UTC 2018
auto.tcl: Setting watchdog for 200 seconds at Tue Aug 21 01:57:25 UTC 2018
10 ms. Memory: 331264K Free: 305932K (92%)
ptolemy.util.test.WatchDog.cancel(): canceling Tue Aug 21 01:57:25 UTC 2018
------------------ testing $PTII/ptolemy/domains/de/test/auto/Modal2.xml
auto.tcl: Setting watchdog for 200 seconds at Tue Aug 21 01:57:25 UTC 2018
10 ms. Memory: 331264K Free: 309760K (94%)
ptolemy.util.test.WatchDog.cancel(): canceling Tue Aug 21 01:57:25 UTC 2018
auto.tcl: Setting watchdog for 200 seconds at Tue Aug 21 01:57:25 UTC 2018
8 ms. Memory: 331264K Free: 305813K (92%)
ptolemy.util.test.WatchDog.cancel(): canceling Tue Aug 21 01:57:25 UTC 2018
------------------ testing $PTII/ptolemy/domains/de/test/auto/Modal3.xml
auto.tcl: Setting watchdog for 200 seconds at Tue Aug 21 01:57:25 UTC 2018
12 ms. Memory: 331264K Free: 310037K (94%)
ptolemy.util.test.WatchDog.cancel(): canceling Tue Aug 21 01:57:25 UTC 2018
auto.tcl: Setting watchdog for 200 seconds at Tue Aug 21 01:57:25 UTC 2018
11 ms. Memory: 331264K Free: 305788K (92%)
ptolemy.util.test.WatchDog.cancel(): canceling Tue Aug 21 01:57:25 UTC 2018
------------------ testing $PTII/ptolemy/domains/de/test/auto/Modal4.xml
auto.tcl: Setting watchdog for 200 seconds at Tue Aug 21 01:57:25 UTC 2018
19 ms. Memory: 331264K Free: 309773K (94%)
ptolemy.util.test.WatchDog.cancel(): canceling Tue Aug 21 01:57:25 UTC 2018
auto.tcl: Setting watchdog for 200 seconds at Tue Aug 21 01:57:25 UTC 2018
9 ms. Memory: 331264K Free: 305817K (92%)
ptolemy.util.test.WatchDog.cancel(): canceling Tue Aug 21 01:57:25 UTC 2018
------------------ testing $PTII/ptolemy/domains/de/test/auto/Modal5.xml
auto.tcl: Setting watchdog for 200 seconds at Tue Aug 21 01:57:25 UTC 2018
13 ms. Memory: 331264K Free: 309759K (94%)
ptolemy.util.test.WatchDog.cancel(): canceling Tue Aug 21 01:57:25 UTC 2018
auto.tcl: Setting watchdog for 200 seconds at Tue Aug 21 01:57:25 UTC 2018
9 ms. Memory: 331264K Free: 305804K (92%)
ptolemy.util.test.WatchDog.cancel(): canceling Tue Aug 21 01:57:25 UTC 2018
------------------ testing $PTII/ptolemy/domains/de/test/auto/Modal6.xml
auto.tcl: Setting watchdog for 200 seconds at Tue Aug 21 01:57:26 UTC 2018
10 ms. Memory: 331264K Free: 309764K (94%)
ptolemy.util.test.WatchDog.cancel(): canceling Tue Aug 21 01:57:26 UTC 2018
auto.tcl: Setting watchdog for 200 seconds at Tue Aug 21 01:57:26 UTC 2018
11 ms. Memory: 331264K Free: 305808K (92%)
ptolemy.util.test.WatchDog.cancel(): canceling Tue Aug 21 01:57:26 UTC 2018
------------------ testing $PTII/ptolemy/domains/de/test/auto/Modal7.xml
auto.tcl: Setting watchdog for 200 seconds at Tue Aug 21 01:57:26 UTC 2018
13 ms. Memory: 331264K Free: 309748K (94%)
ptolemy.util.test.WatchDog.cancel(): canceling Tue Aug 21 01:57:26 UTC 2018
auto.tcl: Setting watchdog for 200 seconds at Tue Aug 21 01:57:26 UTC 2018
6 ms. Memory: 331264K Free: 305800K (92%)
ptolemy.util.test.WatchDog.cancel(): canceling Tue Aug 21 01:57:26 UTC 2018
------------------ testing $PTII/ptolemy/domains/de/test/auto/ModalModel.xml
auto.tcl: Setting watchdog for 200 seconds at Tue Aug 21 01:57:26 UTC 2018
123 ms. Memory: 331264K Free: 246030K (74%)
ptolemy.util.test.WatchDog.cancel(): canceling Tue Aug 21 01:57:26 UTC 2018
auto.tcl: Setting watchdog for 200 seconds at Tue Aug 21 01:57:26 UTC 2018
169 ms. Memory: 331264K Free: 190586K (58%)
ptolemy.util.test.WatchDog.cancel(): canceling Tue Aug 21 01:57:26 UTC 2018
------------------ testing $PTII/ptolemy/domains/de/test/auto/ModalSource.xml
auto.tcl: Setting watchdog for 200 seconds at Tue Aug 21 01:57:26 UTC 2018
6 ms. Memory: 331264K Free: 316720K (96%)
ptolemy.util.test.WatchDog.cancel(): canceling Tue Aug 21 01:57:26 UTC 2018
auto.tcl: Setting watchdog for 200 seconds at Tue Aug 21 01:57:26 UTC 2018
5 ms. Memory: 331264K Free: 313206K (95%)
ptolemy.util.test.WatchDog.cancel(): canceling Tue Aug 21 01:57:26 UTC 2018
------------------ testing $PTII/ptolemy/domains/de/test/auto/NonInterruptibleTimerZeroDelay.xml
auto.tcl: Setting watchdog for 200 seconds at Tue Aug 21 01:57:26 UTC 2018
4 ms. Memory: 331264K Free: 320904K (97%)
ptolemy.util.test.WatchDog.cancel(): canceling Tue Aug 21 01:57:26 UTC 2018
auto.tcl: Setting watchdog for 200 seconds at Tue Aug 21 01:57:26 UTC 2018
2 ms. Memory: 331264K Free: 317373K (96%)
ptolemy.util.test.WatchDog.cancel(): canceling Tue Aug 21 01:57:26 UTC 2018
------------------ testing $PTII/ptolemy/domains/de/test/auto/OpenQueueingNetwork.xml
auto.tcl: Setting watchdog for 200 seconds at Tue Aug 21 01:57:26 UTC 2018
2605 ms. Memory: 317952K Free: 155376K (49%)
ptolemy.util.test.WatchDog.cancel(): canceling Tue Aug 21 01:57:29 UTC 2018
auto.tcl: Setting watchdog for 200 seconds at Tue Aug 21 01:57:29 UTC 2018
2086 ms. Memory: 287232K Free: 233432K (81%)
ptolemy.util.test.WatchDog.cancel(): canceling Tue Aug 21 01:57:31 UTC 2018
------------------ testing $PTII/ptolemy/domains/de/test/auto/OpenQueuingNetwork.xml
auto.tcl: Setting watchdog for 200 seconds at Tue Aug 21 01:57:31 UTC 2018
221 ms. Memory: 287232K Free: 187633K (65%)
ptolemy.util.test.WatchDog.cancel(): canceling Tue Aug 21 01:57:32 UTC 2018
auto.tcl: Setting watchdog for 200 seconds at Tue Aug 21 01:57:32 UTC 2018
209 ms. Memory: 287232K Free: 130588K (45%)
ptolemy.util.test.WatchDog.cancel(): canceling Tue Aug 21 01:57:32 UTC 2018
------------------ testing $PTII/ptolemy/domains/de/test/auto/PeriodicSampler.xml
auto.tcl: Setting watchdog for 200 seconds at Tue Aug 21 01:57:32 UTC 2018
2 ms. Memory: 289792K Free: 274885K (95%)
ptolemy.util.test.WatchDog.cancel(): canceling Tue Aug 21 01:57:32 UTC 2018
auto.tcl: Setting watchdog for 200 seconds at Tue Aug 21 01:57:32 UTC 2018
2 ms. Memory: 289792K Free: 274885K (95%)
ptolemy.util.test.WatchDog.cancel(): canceling Tue Aug 21 01:57:32 UTC 2018
------------------ testing $PTII/ptolemy/domains/de/test/auto/PersistentIO.xml
auto.tcl: Setting watchdog for 200 seconds at Tue Aug 21 01:57:32 UTC 2018
5 ms. Memory: 287232K Free: 267109K (93%)
ptolemy.util.test.WatchDog.cancel(): canceling Tue Aug 21 01:57:32 UTC 2018
auto.tcl: Setting watchdog for 200 seconds at Tue Aug 21 01:57:32 UTC 2018
3 ms. Memory: 287232K Free: 267109K (93%)
ptolemy.util.test.WatchDog.cancel(): canceling Tue Aug 21 01:57:32 UTC 2018
------------------ testing $PTII/ptolemy/domains/de/test/auto/PortParameterResetOnInitialize.xml
auto.tcl: Setting watchdog for 200 seconds at Tue Aug 21 01:57:32 UTC 2018
6 ms. Memory: 289280K Free: 274819K (95%)
ptolemy.util.test.WatchDog.cancel(): canceling Tue Aug 21 01:57:32 UTC 2018
auto.tcl: Setting watchdog for 200 seconds at Tue Aug 21 01:57:32 UTC 2018
2 ms. Memory: 289280K Free: 274819K (95%)
ptolemy.util.test.WatchDog.cancel(): canceling Tue Aug 21 01:57:32 UTC 2018
------------------ testing $PTII/ptolemy/domains/de/test/auto/PortParameterUpdates.xml
auto.tcl: Setting watchdog for 200 seconds at Tue Aug 21 01:57:32 UTC 2018
6 ms. Memory: 287232K Free: 272912K (95%)
ptolemy.util.test.WatchDog.cancel(): canceling Tue Aug 21 01:57:32 UTC 2018
auto.tcl: Setting watchdog for 200 seconds at Tue Aug 21 01:57:32 UTC 2018
3 ms. Memory: 287232K Free: 270004K (94%)
ptolemy.util.test.WatchDog.cancel(): canceling Tue Aug 21 01:57:32 UTC 2018
------------------ testing $PTII/ptolemy/domains/de/test/auto/QueueAndServer.xml
auto.tcl: Setting watchdog for 200 seconds at Tue Aug 21 01:57:32 UTC 2018
22 ms. Memory: 289280K Free: 271915K (94%)
ptolemy.util.test.WatchDog.cancel(): canceling Tue Aug 21 01:57:32 UTC 2018
auto.tcl: Setting watchdog for 200 seconds at Tue Aug 21 01:57:32 UTC 2018
6 ms. Memory: 289280K Free: 271915K (94%)
ptolemy.util.test.WatchDog.cancel(): canceling Tue Aug 21 01:57:32 UTC 2018
------------------ testing $PTII/ptolemy/domains/de/test/auto/Records.xml
auto.tcl: Setting watchdog for 200 seconds at Tue Aug 21 01:57:32 UTC 2018
9 ms. Memory: 287232K Free: 272709K (95%)
ptolemy.util.test.WatchDog.cancel(): canceling Tue Aug 21 01:57:32 UTC 2018
auto.tcl: Setting watchdog for 200 seconds at Tue Aug 21 01:57:32 UTC 2018
2 ms. Memory: 287232K Free: 272709K (95%)
ptolemy.util.test.WatchDog.cancel(): canceling Tue Aug 21 01:57:32 UTC 2018
------------------ testing $PTII/ptolemy/domains/de/test/auto/ResetTransitionWithStartTime1.xml
auto.tcl: Setting watchdog for 200 seconds at Tue Aug 21 01:57:32 UTC 2018
12 ms. Memory: 288768K Free: 273538K (95%)
ptolemy.util.test.WatchDog.cancel(): canceling Tue Aug 21 01:57:32 UTC 2018
auto.tcl: Setting watchdog for 200 seconds at Tue Aug 21 01:57:32 UTC 2018
8 ms. Memory: 288768K Free: 270529K (94%)
ptolemy.util.test.WatchDog.cancel(): canceling Tue Aug 21 01:57:32 UTC 2018
------------------ testing $PTII/ptolemy/domains/de/test/auto/ResetTransitionWithStartTime2.xml
auto.tcl: Setting watchdog for 200 seconds at Tue Aug 21 01:57:32 UTC 2018
8 ms. Memory: 287232K Free: 271992K (95%)
ptolemy.util.test.WatchDog.cancel(): canceling Tue Aug 21 01:57:32 UTC 2018
auto.tcl: Setting watchdog for 200 seconds at Tue Aug 21 01:57:32 UTC 2018
10 ms. Memory: 287232K Free: 269084K (94%)
ptolemy.util.test.WatchDog.cancel(): canceling Tue Aug 21 01:57:32 UTC 2018
------------------ testing $PTII/ptolemy/domains/de/test/auto/ResetTransitionWithStartTime3.xml
auto.tcl: Setting watchdog for 200 seconds at Tue Aug 21 01:57:33 UTC 2018
9 ms. Memory: 288768K Free: 271376K (94%)
ptolemy.util.test.WatchDog.cancel(): canceling Tue Aug 21 01:57:33 UTC 2018
auto.tcl: Setting watchdog for 200 seconds at Tue Aug 21 01:57:33 UTC 2018
9 ms. Memory: 288768K Free: 268476K (93%)
ptolemy.util.test.WatchDog.cancel(): canceling Tue Aug 21 01:57:33 UTC 2018
------------------ testing $PTII/ptolemy/domains/de/test/auto/ResetTransitionWithStartTime4.xml
auto.tcl: Setting watchdog for 200 seconds at Tue Aug 21 01:57:33 UTC 2018
4 ms. Memory: 287232K Free: 271888K (95%)
ptolemy.util.test.WatchDog.cancel(): canceling Tue Aug 21 01:57:33 UTC 2018
auto.tcl: Setting watchdog for 200 seconds at Tue Aug 21 01:57:33 UTC 2018
3 ms. Memory: 287232K Free: 271888K (95%)
ptolemy.util.test.WatchDog.cancel(): canceling Tue Aug 21 01:57:33 UTC 2018
------------------ testing $PTII/ptolemy/domains/de/test/auto/ResettableTimer1.xml
auto.tcl: Setting watchdog for 200 seconds at Tue Aug 21 01:57:33 UTC 2018
6 ms. Memory: 288768K Free: 276320K (96%)
ptolemy.util.test.WatchDog.cancel(): canceling Tue Aug 21 01:57:33 UTC 2018
auto.tcl: Setting watchdog for 200 seconds at Tue Aug 21 01:57:33 UTC 2018
2 ms. Memory: 288768K Free: 276320K (96%)
ptolemy.util.test.WatchDog.cancel(): canceling Tue Aug 21 01:57:33 UTC 2018
------------------ testing $PTII/ptolemy/domains/de/test/auto/ResettableTimer2.xml
auto.tcl: Setting watchdog for 200 seconds at Tue Aug 21 01:57:33 UTC 2018
2 ms. Memory: 287232K Free: 274951K (96%)
ptolemy.util.test.WatchDog.cancel(): canceling Tue Aug 21 01:57:33 UTC 2018
auto.tcl: Setting watchdog for 200 seconds at Tue Aug 21 01:57:33 UTC 2018
2 ms. Memory: 287232K Free: 274951K (96%)
ptolemy.util.test.WatchDog.cancel(): canceling Tue Aug 21 01:57:33 UTC 2018
------------------ testing $PTII/ptolemy/domains/de/test/auto/ResettableTimer3.xml
auto.tcl: Setting watchdog for 200 seconds at Tue Aug 21 01:57:33 UTC 2018
2 ms. Memory: 288256K Free: 275857K (96%)
ptolemy.util.test.WatchDog.cancel(): canceling Tue Aug 21 01:57:33 UTC 2018
auto.tcl: Setting watchdog for 200 seconds at Tue Aug 21 01:57:33 UTC 2018
1 ms. Memory: 288256K Free: 275857K (96%)
ptolemy.util.test.WatchDog.cancel(): canceling Tue Aug 21 01:57:33 UTC 2018
------------------ testing $PTII/ptolemy/domains/de/test/auto/ResettableTimer4.xml
auto.tcl: Setting watchdog for 200 seconds at Tue Aug 21 01:57:33 UTC 2018
1 ms. Memory: 287232K Free: 274947K (96%)
ptolemy.util.test.WatchDog.cancel(): canceling Tue Aug 21 01:57:33 UTC 2018
auto.tcl: Setting watchdog for 200 seconds at Tue Aug 21 01:57:33 UTC 2018
1 ms. Memory: 287232K Free: 274947K (96%)
ptolemy.util.test.WatchDog.cancel(): canceling Tue Aug 21 01:57:33 UTC 2018
------------------ testing $PTII/ptolemy/domains/de/test/auto/ResettableTimer5.xml
auto.tcl: Setting watchdog for 200 seconds at Tue Aug 21 01:57:33 UTC 2018
2 ms. Memory: 288256K Free: 273911K (95%)
ptolemy.util.test.WatchDog.cancel(): canceling Tue Aug 21 01:57:33 UTC 2018
auto.tcl: Setting watchdog for 200 seconds at Tue Aug 21 01:57:33 UTC 2018
1 ms. Memory: 288256K Free: 273911K (95%)
ptolemy.util.test.WatchDog.cancel(): canceling Tue Aug 21 01:57:33 UTC 2018
------------------ testing $PTII/ptolemy/domains/de/test/auto/ResettableTimer6.xml
auto.tcl: Setting watchdog for 200 seconds at Tue Aug 21 01:57:33 UTC 2018
2 ms. Memory: 287232K Free: 272736K (95%)
ptolemy.util.test.WatchDog.cancel(): canceling Tue Aug 21 01:57:33 UTC 2018
auto.tcl: Setting watchdog for 200 seconds at Tue Aug 21 01:57:33 UTC 2018
1 ms. Memory: 287232K Free: 272736K (95%)
ptolemy.util.test.WatchDog.cancel(): canceling Tue Aug 21 01:57:33 UTC 2018
------------------ testing $PTII/ptolemy/domains/de/test/auto/ServerZeroDelay.xml
auto.tcl: Setting watchdog for 200 seconds at Tue Aug 21 01:57:33 UTC 2018
3 ms. Memory: 288256K Free: 275926K (96%)
ptolemy.util.test.WatchDog.cancel(): canceling Tue Aug 21 01:57:33 UTC 2018
auto.tcl: Setting watchdog for 200 seconds at Tue Aug 21 01:57:33 UTC 2018
3 ms. Memory: 288256K Free: 275926K (96%)
ptolemy.util.test.WatchDog.cancel(): canceling Tue Aug 21 01:57:33 UTC 2018
------------------ testing $PTII/ptolemy/domains/de/test/auto/SmartSender.xml
auto.tcl: Setting watchdog for 200 seconds at Tue Aug 21 01:57:33 UTC 2018
3001 ms. Memory: 287232K Free: 272823K (95%)
ptolemy.util.test.WatchDog.cancel(): canceling Tue Aug 21 01:57:36 UTC 2018
auto.tcl: Setting watchdog for 200 seconds at Tue Aug 21 01:57:36 UTC 2018
3001 ms. Memory: 287232K Free: 272823K (95%)
ptolemy.util.test.WatchDog.cancel(): canceling Tue Aug 21 01:57:39 UTC 2018
------------------ testing $PTII/ptolemy/domains/de/test/auto/ThreadedComposite.xml
auto.tcl: Setting watchdog for 200 seconds at Tue Aug 21 01:57:39 UTC 2018
251 ms. Memory: 288256K Free: 248601K (86%)
ptolemy.util.test.WatchDog.cancel(): canceling Tue Aug 21 01:57:40 UTC 2018
auto.tcl: Setting watchdog for 200 seconds at Tue Aug 21 01:57:40 UTC 2018
155 ms. Memory: 288256K Free: 230468K (80%)
ptolemy.util.test.WatchDog.cancel(): canceling Tue Aug 21 01:57:40 UTC 2018
------------------ testing $PTII/ptolemy/domains/de/test/auto/Time.xml
auto.tcl: Setting watchdog for 200 seconds at Tue Aug 21 01:57:40 UTC 2018
514 ms. Memory: 287232K Free: 218940K (76%)
ptolemy.util.test.WatchDog.cancel(): canceling Tue Aug 21 01:57:40 UTC 2018
auto.tcl: Setting watchdog for 200 seconds at Tue Aug 21 01:57:40 UTC 2018
450 ms. Memory: 287232K Free: 163993K (57%)
ptolemy.util.test.WatchDog.cancel(): canceling Tue Aug 21 01:57:41 UTC 2018
------------------ testing $PTII/ptolemy/domains/de/test/auto/TimeDelayZeroDelay.xml
auto.tcl: Setting watchdog for 200 seconds at Tue Aug 21 01:57:41 UTC 2018
2 ms. Memory: 287744K Free: 275884K (96%)
ptolemy.util.test.WatchDog.cancel(): canceling Tue Aug 21 01:57:41 UTC 2018
auto.tcl: Setting watchdog for 200 seconds at Tue Aug 21 01:57:41 UTC 2018
2 ms. Memory: 287744K Free: 275884K (96%)
ptolemy.util.test.WatchDog.cancel(): canceling Tue Aug 21 01:57:41 UTC 2018
------------------ testing $PTII/ptolemy/domains/de/test/auto/TimerZeroDelay.xml
auto.tcl: Setting watchdog for 200 seconds at Tue Aug 21 01:57:41 UTC 2018
5 ms. Memory: 287232K Free: 275481K (96%)
ptolemy.util.test.WatchDog.cancel(): canceling Tue Aug 21 01:57:41 UTC 2018
auto.tcl: Setting watchdog for 200 seconds at Tue Aug 21 01:57:41 UTC 2018
2 ms. Memory: 287232K Free: 275481K (96%)
ptolemy.util.test.WatchDog.cancel(): canceling Tue Aug 21 01:57:41 UTC 2018
------------------ testing $PTII/ptolemy/domains/de/test/auto/TimingParadox.xml
auto.tcl: Setting watchdog for 200 seconds at Tue Aug 21 01:57:41 UTC 2018
354 ms. Memory: 287744K Free: 209821K (73%)
ptolemy.util.test.WatchDog.cancel(): canceling Tue Aug 21 01:57:41 UTC 2018
auto.tcl: Setting watchdog for 200 seconds at Tue Aug 21 01:57:41 UTC 2018
351 ms. Memory: 287744K Free: 173649K (60%)
ptolemy.util.test.WatchDog.cancel(): canceling Tue Aug 21 01:57:42 UTC 2018
------------------ testing $PTII/ptolemy/domains/de/test/auto/TransferInputs.xml
auto.tcl: Setting watchdog for 200 seconds at Tue Aug 21 01:57:42 UTC 2018
2 ms. Memory: 287744K Free: 274853K (96%)
ptolemy.util.test.WatchDog.cancel(): canceling Tue Aug 21 01:57:42 UTC 2018
auto.tcl: Setting watchdog for 200 seconds at Tue Aug 21 01:57:42 UTC 2018
2 ms. Memory: 287744K Free: 274853K (96%)
ptolemy.util.test.WatchDog.cancel(): canceling Tue Aug 21 01:57:42 UTC 2018
------------------ testing $PTII/ptolemy/domains/de/test/auto/TransferOutputs2.xml
auto.tcl: Setting watchdog for 200 seconds at Tue Aug 21 01:57:42 UTC 2018
4 ms. Memory: 287232K Free: 270788K (94%)
ptolemy.util.test.WatchDog.cancel(): canceling Tue Aug 21 01:57:42 UTC 2018
auto.tcl: Setting watchdog for 200 seconds at Tue Aug 21 01:57:42 UTC 2018
4 ms. Memory: 287232K Free: 268174K (93%)
ptolemy.util.test.WatchDog.cancel(): canceling Tue Aug 21 01:57:42 UTC 2018
------------------ testing $PTII/ptolemy/domains/de/test/auto/Trilateration.xml
auto.tcl: Setting watchdog for 200 seconds at Tue Aug 21 01:57:42 UTC 2018
12740 ms. Memory: 793088K Free: 70559K (9%)
ptolemy.util.test.WatchDog.cancel(): canceling Tue Aug 21 01:57:56 UTC 2018
auto.tcl: Setting watchdog for 200 seconds at Tue Aug 21 01:57:56 UTC 2018
10845 ms. Memory: 639488K Free: 571443K (89%)
ptolemy.util.test.WatchDog.cancel(): canceling Tue Aug 21 01:58:07 UTC 2018
------------------ testing $PTII/ptolemy/domains/de/test/auto/TwoSigmaDelta.xml
auto.tcl: Setting watchdog for 200 seconds at Tue Aug 21 01:58:07 UTC 2018
2586 ms. Memory: 643072K Free: 339569K (53%)
ptolemy.util.test.WatchDog.cancel(): canceling Tue Aug 21 01:58:09 UTC 2018
auto.tcl: Setting watchdog for 200 seconds at Tue Aug 21 01:58:09 UTC 2018
1939 ms. Memory: 643072K Free: 118222K (18%)
ptolemy.util.test.WatchDog.cancel(): canceling Tue Aug 21 01:58:11 UTC 2018
------------------ testing $PTII/ptolemy/domains/de/test/auto/VariableDelay.xml
auto.tcl: Setting watchdog for 200 seconds at Tue Aug 21 01:58:11 UTC 2018
3 ms. Memory: 640000K Free: 620949K (97%)
ptolemy.util.test.WatchDog.cancel(): canceling Tue Aug 21 01:58:11 UTC 2018
auto.tcl: Setting watchdog for 200 seconds at Tue Aug 21 01:58:11 UTC 2018
1 ms. Memory: 640000K Free: 620949K (97%)
ptolemy.util.test.WatchDog.cancel(): canceling Tue Aug 21 01:58:11 UTC 2018
------------------ testing $PTII/ptolemy/domains/de/test/auto/VariableDelay2.xml
auto.tcl: Setting watchdog for 200 seconds at Tue Aug 21 01:58:11 UTC 2018
6 ms. Memory: 639488K Free: 620859K (97%)
ptolemy.util.test.WatchDog.cancel(): canceling Tue Aug 21 01:58:11 UTC 2018
auto.tcl: Setting watchdog for 200 seconds at Tue Aug 21 01:58:11 UTC 2018
1 ms. Memory: 639488K Free: 620859K (97%)
ptolemy.util.test.WatchDog.cancel(): canceling Tue Aug 21 01:58:11 UTC 2018
------------------ testing $PTII/ptolemy/domains/de/test/auto/VariableDelayZeroDelay.xml
auto.tcl: Setting watchdog for 200 seconds at Tue Aug 21 01:58:11 UTC 2018
1 ms. Memory: 639488K Free: 615277K (96%)
ptolemy.util.test.WatchDog.cancel(): canceling Tue Aug 21 01:58:11 UTC 2018
auto.tcl: Setting watchdog for 200 seconds at Tue Aug 21 01:58:11 UTC 2018
2 ms. Memory: 639488K Free: 615277K (96%)
ptolemy.util.test.WatchDog.cancel(): canceling Tue Aug 21 01:58:11 UTC 2018
------------------ testing $PTII/ptolemy/domains/de/test/auto/VariableDelayZeroDelay2.xml
auto.tcl: Setting watchdog for 200 seconds at Tue Aug 21 01:58:12 UTC 2018
2 ms. Memory: 642560K Free: 618348K (96%)
ptolemy.util.test.WatchDog.cancel(): canceling Tue Aug 21 01:58:12 UTC 2018
auto.tcl: Setting watchdog for 200 seconds at Tue Aug 21 01:58:12 UTC 2018
1 ms. Memory: 642560K Free: 618348K (96%)
ptolemy.util.test.WatchDog.cancel(): canceling Tue Aug 21 01:58:12 UTC 2018
------------------ testing $PTII/ptolemy/domains/de/test/auto/deInCt.xml
auto.tcl: Setting watchdog for 200 seconds at Tue Aug 21 01:58:12 UTC 2018
0
1
1
1
1
1
1
1
0
0
0
1
1
1
0
0
0
1
1
0
0
0
1
1
1
0
0
0
1
1
1
0
0
0
0
1
1
1
1
13 ms. Memory: 639488K Free: 615265K (96%)
ptolemy.util.test.WatchDog.cancel(): canceling Tue Aug 21 01:58:12 UTC 2018
auto.tcl: Setting watchdog for 200 seconds at Tue Aug 21 01:58:12 UTC 2018
0
1
1
1
0
0
0
1
1
1
0
0
1
1
1
0
0
0
1
1
1
1
0
0
0
1
1
1
1
0
0
1
1
1
0
0
0
0
1
1
1
0
0
0
1
1
1
1
1
6 ms. Memory: 639488K Free: 615265K (96%)
ptolemy.util.test.WatchDog.cancel(): canceling Tue Aug 21 01:58:12 UTC 2018
------------------ testing $PTII/ptolemy/domains/de/test/auto/deInCt2.xml
auto.tcl: Setting watchdog for 200 seconds at Tue Aug 21 01:58:12 UTC 2018
0
1
1
1
0
0
1
1
1
0
0
1
1
1
0
0
1
1
1
0
0
1
1
1
0
0
1
1
1
0
0
1
1
1
0
0
1
1
1
0
0
0
14 ms. Memory: 642048K Free: 617833K (96%)
ptolemy.util.test.WatchDog.cancel(): canceling Tue Aug 21 01:58:12 UTC 2018
auto.tcl: Setting watchdog for 200 seconds at Tue Aug 21 01:58:12 UTC 2018
0
1
1
1
0
0
1
1
1
0
0
1
1
1
0
0
1
1
1
0
0
1
1
1
0
0
1
1
1
0
0
1
1
1
0
0
1
1
1
0
0
0
5 ms. Memory: 642048K Free: 617833K (96%)
ptolemy.util.test.WatchDog.cancel(): canceling Tue Aug 21 01:58:12 UTC 2018
------------------ testing $PTII/ptolemy/domains/de/test/auto/dynamicCausalityInterface1.xml
auto.tcl: Setting watchdog for 200 seconds at Tue Aug 21 01:58:12 UTC 2018
1 ms. Memory: 639488K Free: 606865K (95%)
ptolemy.util.test.WatchDog.cancel(): canceling Tue Aug 21 01:58:12 UTC 2018
auto.tcl: Setting watchdog for 200 seconds at Tue Aug 21 01:58:12 UTC 2018
1 ms. Memory: 639488K Free: 606865K (95%)
ptolemy.util.test.WatchDog.cancel(): canceling Tue Aug 21 01:58:12 UTC 2018
------------------ testing $PTII/ptolemy/domains/de/test/auto/fsm_de_test.xml
auto.tcl: Setting watchdog for 200 seconds at Tue Aug 21 01:58:12 UTC 2018
8 ms. Memory: 641536K Free: 617212K (96%)
ptolemy.util.test.WatchDog.cancel(): canceling Tue Aug 21 01:58:12 UTC 2018
auto.tcl: Setting watchdog for 200 seconds at Tue Aug 21 01:58:12 UTC 2018
5 ms. Memory: 641536K Free: 608800K (95%)
ptolemy.util.test.WatchDog.cancel(): canceling Tue Aug 21 01:58:12 UTC 2018
------------------ testing $PTII/ptolemy/domains/de/test/auto/functionDependencyReconstruction.xml
auto.tcl: Setting watchdog for 200 seconds at Tue Aug 21 01:58:12 UTC 2018
2 ms. Memory: 639488K Free: 606743K (95%)
ptolemy.util.test.WatchDog.cancel(): canceling Tue Aug 21 01:58:12 UTC 2018
auto.tcl: Setting watchdog for 200 seconds at Tue Aug 21 01:58:12 UTC 2018
3 ms. Memory: 639488K Free: 598331K (94%)
ptolemy.util.test.WatchDog.cancel(): canceling Tue Aug 21 01:58:12 UTC 2018
------------------ testing $PTII/ptolemy/domains/de/test/auto/multirate.xml
auto.tcl: Setting watchdog for 200 seconds at Tue Aug 21 01:58:12 UTC 2018
3 ms. Memory: 641536K Free: 617079K (96%)
ptolemy.util.test.WatchDog.cancel(): canceling Tue Aug 21 01:58:12 UTC 2018
auto.tcl: Setting watchdog for 200 seconds at Tue Aug 21 01:58:12 UTC 2018
3 ms. Memory: 641536K Free: 617079K (96%)
ptolemy.util.test.WatchDog.cancel(): canceling Tue Aug 21 01:58:12 UTC 2018
------------------ testing $PTII/ptolemy/domains/de/test/auto/multirate2.xml
auto.tcl: Setting watchdog for 200 seconds at Tue Aug 21 01:58:12 UTC 2018
6 ms. Memory: 639488K Free: 615219K (96%)
ptolemy.util.test.WatchDog.cancel(): canceling Tue Aug 21 01:58:12 UTC 2018
auto.tcl: Setting watchdog for 200 seconds at Tue Aug 21 01:58:12 UTC 2018
3 ms. Memory: 639488K Free: 615219K (96%)
ptolemy.util.test.WatchDog.cancel(): canceling Tue Aug 21 01:58:12 UTC 2018
------------------ testing $PTII/ptolemy/domains/de/test/auto/realtime.xml
auto.tcl: Setting watchdog for 200 seconds at Tue Aug 21 01:58:12 UTC 2018
10002 ms. Memory: 641024K Free: 616745K (96%)
ptolemy.util.test.WatchDog.cancel(): canceling Tue Aug 21 01:58:22 UTC 2018
auto.tcl: Setting watchdog for 200 seconds at Tue Aug 21 01:58:22 UTC 2018
10001 ms. Memory: 641024K Free: 616745K (96%)
ptolemy.util.test.WatchDog.cancel(): canceling Tue Aug 21 01:58:32 UTC 2018
------------------ testing $PTII/ptolemy/domains/de/test/auto/relationGroup.xml
auto.tcl: Setting watchdog for 200 seconds at Tue Aug 21 01:58:32 UTC 2018
1 ms. Memory: 639488K Free: 615244K (96%)
ptolemy.util.test.WatchDog.cancel(): canceling Tue Aug 21 01:58:32 UTC 2018
auto.tcl: Setting watchdog for 200 seconds at Tue Aug 21 01:58:32 UTC 2018
2 ms. Memory: 639488K Free: 615244K (96%)
ptolemy.util.test.WatchDog.cancel(): canceling Tue Aug 21 01:58:32 UTC 2018
------------------ testing $PTII/ptolemy/domains/de/test/auto/relationGroup2.xml
auto.tcl: Setting watchdog for 200 seconds at Tue Aug 21 01:58:32 UTC 2018
1 ms. Memory: 641024K Free: 616806K (96%)
ptolemy.util.test.WatchDog.cancel(): canceling Tue Aug 21 01:58:32 UTC 2018
auto.tcl: Setting watchdog for 200 seconds at Tue Aug 21 01:58:32 UTC 2018
1 ms. Memory: 641024K Free: 616806K (96%)
ptolemy.util.test.WatchDog.cancel(): canceling Tue Aug 21 01:58:32 UTC 2018
------------------ testing $PTII/ptolemy/domains/de/test/auto/sortWithOpaquePorts.xml
auto.tcl: Setting watchdog for 200 seconds at Tue Aug 21 01:58:32 UTC 2018
1 ms. Memory: 639488K Free: 615272K (96%)
ptolemy.util.test.WatchDog.cancel(): canceling Tue Aug 21 01:58:32 UTC 2018
auto.tcl: Setting watchdog for 200 seconds at Tue Aug 21 01:58:32 UTC 2018
1 ms. Memory: 639488K Free: 615272K (96%)
ptolemy.util.test.WatchDog.cancel(): canceling Tue Aug 21 01:58:32 UTC 2018
------------------ testing $PTII/ptolemy/domains/de/test/auto/transferInputsandOutputs.xml
auto.tcl: Setting watchdog for 200 seconds at Tue Aug 21 01:58:32 UTC 2018
2 ms. Memory: 640512K Free: 616282K (96%)
ptolemy.util.test.WatchDog.cancel(): canceling Tue Aug 21 01:58:32 UTC 2018
auto.tcl: Setting watchdog for 200 seconds at Tue Aug 21 01:58:32 UTC 2018
2 ms. Memory: 640512K Free: 616282K (96%)
ptolemy.util.test.WatchDog.cancel(): canceling Tue Aug 21 01:58:32 UTC 2018
------------------ testing $PTII/ptolemy/domains/de/test/auto/triggerType.xml
auto.tcl: Setting watchdog for 200 seconds at Tue Aug 21 01:58:33 UTC 2018
2 ms. Memory: 639488K Free: 615208K (96%)
ptolemy.util.test.WatchDog.cancel(): canceling Tue Aug 21 01:58:33 UTC 2018
auto.tcl: Setting watchdog for 200 seconds at Tue Aug 21 01:58:33 UTC 2018
1 ms. Memory: 639488K Free: 615208K (96%)
ptolemy.util.test.WatchDog.cancel(): canceling Tue Aug 21 01:58:33 UTC 2018
08/21/18 01:58:33
Failed: 0  Total Tests: 192  ((Passed: 187, Newly Passed: 1)  Known Failed: 5) /home/travis/build/icyphy/ptII/ptolemy/domains/de/test
08/21/18 01:58:33
Failed: 0  Total Tests: 192  ((Passed: 187, Newly Passed: 1)  Known Failed: 5) /home/travis/build/icyphy/ptII/ptolemy/domains/de/test
----------------- testing (KnownFailure) /home/travis/build/icyphy/ptII/ptolemy/domains/de/test/auto/knownFailedTests/DESDFClockTest.xml
2014 ms. Memory: 640512K Free: 605115K (94%)
Known Failure: java.lang.reflect.InvocationTargetException
----------------- testing (KnownFailure) /home/travis/build/icyphy/ptII/ptolemy/domains/de/test/auto/knownFailedTests/DirectFeedback.xml
1 ms. Memory: 640512K Free: 560468K (88%)
Known Failure: java.lang.reflect.InvocationTargetException
----------------- testing (KnownFailure) /home/travis/build/icyphy/ptII/ptolemy/domains/de/test/auto/knownFailedTests/FSMSource.xml
5 ms. Memory: 640512K Free: 515822K (81%)
----------------- testing (KnownFailure) /home/travis/build/icyphy/ptII/ptolemy/domains/de/test/auto/knownFailedTests/HierarchicalModel.xml
2 ms. Memory: 640512K Free: 482321K (75%)
Known Failure: java.lang.reflect.InvocationTargetException
----------------- testing (KnownFailure) /home/travis/build/icyphy/ptII/ptolemy/domains/de/test/auto/knownFailedTests/dependencyLoop.xml
2 ms. Memory: 640512K Free: 426496K (67%)
Known Failure: java.lang.reflect.InvocationTargetException
----------------- testing (KnownFailure) /home/travis/build/icyphy/ptII/ptolemy/domains/de/test/auto/knownFailedTests/dependencyLoop2.xml
6 ms. Memory: 640512K Free: 370672K (58%)
Known Failure: java.lang.reflect.InvocationTargetException
No auto/linux-amd64/*.xml tests in /home/travis/build/icyphy/ptII/ptolemy/domains/de/test
AutoTests.java: About to close Vertx.
AutoTests.java: Vertx closed.

===========================================================================================
----------------- testing Tue Aug 21 01:58:35 UTC 2018 /home/travis/build/icyphy/ptII/ptolemy/domains/de/test/auto/ActorDepthCalculation_actorWithoutPorts.xml
----------------- Instantiating /home/travis/build/icyphy/ptII/ptolemy/domains/de/test/auto/ActorDepthCalculation_actorWithoutPorts.xml
1 ms. Memory: 640512K Free: 314864K (49%)
----------------- Invoking toplevel() on ptolemy.moml.MoMLSimpleApplication@1a7ba8e
----------------- Done invoking toplevel() on ptolemy.moml.MoMLSimpleApplication@1a7ba8e
reloadAllAccessors: .ActorDepthCalculation_actorWithoutPorts

===========================================================================================
----------------- testing Tue Aug 21 01:58:35 UTC 2018 /home/travis/build/icyphy/ptII/ptolemy/domains/de/test/auto/AssemblyLine.xml
----------------- Instantiating /home/travis/build/icyphy/ptII/ptolemy/domains/de/test/auto/AssemblyLine.xml
2 ms. Memory: 640512K Free: 292541K (46%)
----------------- Invoking toplevel() on ptolemy.moml.MoMLSimpleApplication@49bdcc2f
----------------- Done invoking toplevel() on ptolemy.moml.MoMLSimpleApplication@49bdcc2f
reloadAllAccessors: .AssemblyLine

===========================================================================================
----------------- testing Tue Aug 21 01:58:35 UTC 2018 /home/travis/build/icyphy/ptII/ptolemy/domains/de/test/auto/CQBug1.xml
----------------- Instantiating /home/travis/build/icyphy/ptII/ptolemy/domains/de/test/auto/CQBug1.xml
1 ms. Memory: 640512K Free: 270217K (42%)
----------------- Invoking toplevel() on ptolemy.moml.MoMLSimpleApplication@7b42c024
----------------- Done invoking toplevel() on ptolemy.moml.MoMLSimpleApplication@7b42c024
reloadAllAccessors: .CQBug1

===========================================================================================
----------------- testing Tue Aug 21 01:58:35 UTC 2018 /home/travis/build/icyphy/ptII/ptolemy/domains/de/test/auto/CancelFireAt.xml
----------------- Instantiating /home/travis/build/icyphy/ptII/ptolemy/domains/de/test/auto/CancelFireAt.xml
4 ms. Memory: 640512K Free: 247894K (39%)
----------------- Invoking toplevel() on ptolemy.moml.MoMLSimpleApplication@1078f127
----------------- Done invoking toplevel() on ptolemy.moml.MoMLSimpleApplication@1078f127
reloadAllAccessors: .CancelFireAt

===========================================================================================
----------------- testing Tue Aug 21 01:58:35 UTC 2018 /home/travis/build/icyphy/ptII/ptolemy/domains/de/test/auto/CausalityAndComposabilityAnalysis.xml
----------------- Instantiating /home/travis/build/icyphy/ptII/ptolemy/domains/de/test/auto/CausalityAndComposabilityAnalysis.xml
3 ms. Memory: 640512K Free: 225571K (35%)
----------------- Invoking toplevel() on ptolemy.moml.MoMLSimpleApplication@abf2f5e
----------------- Done invoking toplevel() on ptolemy.moml.MoMLSimpleApplication@abf2f5e
reloadAllAccessors: .CausalityAndComposabilityAnalysis

===========================================================================================
----------------- testing Tue Aug 21 01:58:35 UTC 2018 /home/travis/build/icyphy/ptII/ptolemy/domains/de/test/auto/CausalityInterface1.xml
----------------- Instantiating /home/travis/build/icyphy/ptII/ptolemy/domains/de/test/auto/CausalityInterface1.xml
3 ms. Memory: 640512K Free: 203248K (32%)
----------------- Invoking toplevel() on ptolemy.moml.MoMLSimpleApplication@1ee04c55
----------------- Done invoking toplevel() on ptolemy.moml.MoMLSimpleApplication@1ee04c55
reloadAllAccessors: .CausalityInterface1

===========================================================================================
----------------- testing Tue Aug 21 01:58:35 UTC 2018 /home/travis/build/icyphy/ptII/ptolemy/domains/de/test/auto/CausalityInterface15.xml
----------------- Instantiating /home/travis/build/icyphy/ptII/ptolemy/domains/de/test/auto/CausalityInterface15.xml
2 ms. Memory: 640512K Free: 180924K (28%)
----------------- Invoking toplevel() on ptolemy.moml.MoMLSimpleApplication@3e19500
----------------- Done invoking toplevel() on ptolemy.moml.MoMLSimpleApplication@3e19500
reloadAllAccessors: .CausalityInterface15

[...]
java.lang.RuntimeException: Execution failed
	at ptolemy.moml.MoMLSimpleApplication$UnloadThread.run(MoMLSimpleApplication.java:402)
Caused by: ptolemy.kernel.util.IllegalActionException: Test fails in iteration 1.
Value was: 1.0. Should have been: 2.0
  in .DirectFeedback.Test
	at ptolemy.actor.lib.Test.fire(Test.java:268)
	at ptolemy.domains.de.kernel.DEDirector._fire(DEDirector.java:1949)
	at ptolemy.domains.de.kernel.DEDirector.fire(DEDirector.java:502)
	at ptolemy.actor.CompositeActor.fire(CompositeActor.java:455)
	at ptolemy.actor.Manager.iterate(Manager.java:851)
	at ptolemy.actor.Manager.execute(Manager.java:369)
	at ptolemy.actor.Manager.run(Manager.java:1263)
	at ptolemy.actor.Manager$PtolemyRunThread.run(Manager.java:1915)
java.lang.RuntimeException: Execution failed
	at ptolemy.moml.MoMLSimpleApplication$UnloadThread.run(MoMLSimpleApplication.java:402)
Caused by: ptolemy.kernel.util.IllegalActionException: Actor is not ready to fire.  Perhaps UpSample.prefire() returned false? Try debugging the actor by selecting "Listen to Actor".  Also, for SDF check moml for tokenConsumptionRate on input.
  in .DESDFClockTest.Play Bell.Copy1:SDF Director and .DESDFClockTest.Play Bell.UpSample
	at ptolemy.actor.sched.StaticSchedulingDirector.fire(StaticSchedulingDirector.java:227)
	at ptolemy.domains.sdf.kernel.SDFDirector.fire(SDFDirector.java:500)
	at ptolemy.actor.CompositeActor.fire(CompositeActor.java:455)
	at ptolemy.domains.de.kernel.DEDirector._fire(DEDirector.java:1949)
	at ptolemy.domains.de.kernel.DEDirector.fire(DEDirector.java:502)
	at ptolemy.actor.CompositeActor.fire(CompositeActor.java:455)
	at ptolemy.actor.Manager.iterate(Manager.java:851)
	at ptolemy.actor.Manager.execute(Manager.java:369)
	at ptolemy.actor.Manager.run(Manager.java:1263)
	at ptolemy.actor.Manager$PtolemyRunThread.run(Manager.java:1915)
java.lang.reflect.InvocationTargetException
	at sun.reflect.NativeConstructorAccessorImpl.newInstance0(Native Method)
	at sun.reflect.NativeConstructorAccessorImpl.newInstance(NativeConstructorAccessorImpl.java:62)
	at sun.reflect.DelegatingConstructorAccessorImpl.newInstance(DelegatingConstructorAccessorImpl.java:45)
	at java.lang.reflect.Constructor.newInstance(Constructor.java:423)
	at ptolemy.util.test.junit.AutoKnownFailedTests.RunModel(AutoKnownFailedTests.java:107)
	at sun.reflect.NativeMethodAccessorImpl.invoke0(Native Method)
	at sun.reflect.NativeMethodAccessorImpl.invoke(NativeMethodAccessorImpl.java:62)
	at sun.reflect.DelegatingMethodAccessorImpl.invoke(DelegatingMethodAccessorImpl.java:43)
	at java.lang.reflect.Method.invoke(Method.java:498)
	at org.junit.runners.model.FrameworkMethod$1.runReflectiveCall(FrameworkMethod.java:44)
	at org.junit.internal.runners.model.ReflectiveCallable.run(ReflectiveCallable.java:15)
	at org.junit.runners.model.FrameworkMethod.invokeExplosively(FrameworkMethod.java:41)
	at junitparams.internal.InvokeParameterisedMethod.evaluate(InvokeParameterisedMethod.java:102)
	at org.junit.internal.runners.statements.FailOnTimeout$1.run(FailOnTimeout.java:28)
Caused by: ptolemy.kernel.util.IllegalActionException: Actor is not ready to fire.  Perhaps UpSample.prefire() returned false? Try debugging the actor by selecting "Listen to Actor".  Also, for SDF check moml for tokenConsumptionRate on input.
  in .DESDFClockTest.Play Bell.Copy1:SDF Director and .DESDFClockTest.Play Bell.UpSample
	at ptolemy.actor.sched.StaticSchedulingDirector.fire(StaticSchedulingDirector.java:227)
	at ptolemy.domains.sdf.kernel.SDFDirector.fire(SDFDirector.java:500)
	at ptolemy.actor.CompositeActor.fire(CompositeActor.java:455)
	at ptolemy.domains.de.kernel.DEDirector._fire(DEDirector.java:1949)
	at ptolemy.domains.de.kernel.DEDirector.fire(DEDirector.java:502)
	at ptolemy.actor.CompositeActor.fire(CompositeActor.java:455)
	at ptolemy.actor.Manager.iterate(Manager.java:851)
	at ptolemy.actor.Manager.execute(Manager.java:369)
	at ptolemy.actor.Manager.run(Manager.java:1263)
	at ptolemy.actor.Manager$PtolemyRunThread.run(Manager.java:1915)
java.lang.RuntimeException: Execution failed
	at ptolemy.moml.MoMLSimpleApplication$UnloadThread.run(MoMLSimpleApplication.java:402)
Caused by: ptolemy.kernel.util.IllegalActionException: Test fails in iteration 1.
Value was: 1.0. Should have been: 2.0
  in .DirectFeedback.Test
	at ptolemy.actor.lib.Test.fire(Test.java:268)
	at ptolemy.domains.de.kernel.DEDirector._fire(DEDirector.java:1949)
	at ptolemy.domains.de.kernel.DEDirector.fire(DEDirector.java:502)
	at ptolemy.actor.CompositeActor.fire(CompositeActor.java:455)
	at ptolemy.actor.Manager.iterate(Manager.java:851)
	at ptolemy.actor.Manager.execute(Manager.java:369)
	at ptolemy.actor.Manager.run(Manager.java:1263)
	at ptolemy.actor.Manager$PtolemyRunThread.run(Manager.java:1915)
java.lang.reflect.InvocationTargetException
	at sun.reflect.NativeConstructorAccessorImpl.newInstance0(Native Method)
	at sun.reflect.NativeConstructorAccessorImpl.newInstance(NativeConstructorAccessorImpl.java:62)
	at sun.reflect.DelegatingConstructorAccessorImpl.newInstance(DelegatingConstructorAccessorImpl.java:45)
	at java.lang.reflect.Constructor.newInstance(Constructor.java:423)
	at ptolemy.util.test.junit.AutoKnownFailedTests.RunModel(AutoKnownFailedTests.java:107)
	at sun.reflect.NativeMethodAccessorImpl.invoke0(Native Method)
	at sun.reflect.NativeMethodAccessorImpl.invoke(NativeMethodAccessorImpl.java:62)
	at sun.reflect.DelegatingMethodAccessorImpl.invoke(DelegatingMethodAccessorImpl.java:43)
	at java.lang.reflect.Method.invoke(Method.java:498)
	at org.junit.runners.model.FrameworkMethod$1.runReflectiveCall(FrameworkMethod.java:44)
	at org.junit.internal.runners.model.ReflectiveCallable.run(ReflectiveCallable.java:15)
	at org.junit.runners.model.FrameworkMethod.invokeExplosively(FrameworkMethod.java:41)
	at junitparams.internal.InvokeParameterisedMethod.evaluate(InvokeParameterisedMethod.java:102)
	at org.junit.internal.runners.statements.FailOnTimeout$1.run(FailOnTimeout.java:28)
Caused by: ptolemy.kernel.util.IllegalActionException: Test fails in iteration 1.
Value was: 1.0. Should have been: 2.0
  in .DirectFeedback.Test
	at ptolemy.actor.lib.Test.fire(Test.java:268)
	at ptolemy.domains.de.kernel.DEDirector._fire(DEDirector.java:1949)
	at ptolemy.domains.de.kernel.DEDirector.fire(DEDirector.java:502)
	at ptolemy.actor.CompositeActor.fire(CompositeActor.java:455)
	at ptolemy.actor.Manager.iterate(Manager.java:851)
	at ptolemy.actor.Manager.execute(Manager.java:369)
	at ptolemy.actor.Manager.run(Manager.java:1263)
	at ptolemy.actor.Manager$PtolemyRunThread.run(Manager.java:1915)
java.lang.RuntimeException: Execution failed
	at ptolemy.moml.MoMLSimpleApplication$UnloadThread.run(MoMLSimpleApplication.java:402)
Caused by: ptolemy.kernel.util.IllegalActionException: Found a zero delay loop containing .HierarchicalModel.A
  in .HierarchicalModel and .HierarchicalModel.A
	at ptolemy.actor.util.CausalityInterfaceForComposites._computeOutputPortDepth(CausalityInterfaceForComposites.java:759)
	at ptolemy.actor.util.CausalityInterfaceForComposites._computeInputDepth(CausalityInterfaceForComposites.java:696)
	at ptolemy.actor.util.CausalityInterfaceForComposites._computeOutputPortDepth(CausalityInterfaceForComposites.java:765)
	at ptolemy.actor.util.CausalityInterfaceForComposites._computeInputDepth(CausalityInterfaceForComposites.java:696)
	at ptolemy.actor.util.CausalityInterfaceForComposites._computeOutputPortDepth(CausalityInterfaceForComposites.java:765)
	at ptolemy.actor.util.CausalityInterfaceForComposites._computeInputDepth(CausalityInterfaceForComposites.java:696)
	at ptolemy.actor.util.CausalityInterfaceForComposites._computeActorDepth(CausalityInterfaceForComposites.java:532)
	at ptolemy.actor.util.CausalityInterfaceForComposites.checkForCycles(CausalityInterfaceForComposites.java:96)
	at ptolemy.domains.de.kernel.DEDirector.preinitialize(DEDirector.java:1338)
	at ptolemy.actor.CompositeActor.preinitialize(CompositeActor.java:1828)
	at ptolemy.actor.Manager.preinitializeAndResolveTypes(Manager.java:1040)
	at ptolemy.actor.Manager.initialize(Manager.java:710)
	at ptolemy.actor.Manager.execute(Manager.java:356)
	at ptolemy.actor.Manager.run(Manager.java:1263)
	at ptolemy.actor.Manager$PtolemyRunThread.run(Manager.java:1915)
java.lang.reflect.InvocationTargetException
	at sun.reflect.NativeConstructorAccessorImpl.newInstance0(Native Method)
	at sun.reflect.NativeConstructorAccessorImpl.newInstance(NativeConstructorAccessorImpl.java:62)
	at sun.reflect.DelegatingConstructorAccessorImpl.newInstance(DelegatingConstructorAccessorImpl.java:45)
	at java.lang.reflect.Constructor.newInstance(Constructor.java:423)
	at ptolemy.util.test.junit.AutoKnownFailedTests.RunModel(AutoKnownFailedTests.java:107)
	at sun.reflect.NativeMethodAccessorImpl.invoke0(Native Method)
	at sun.reflect.NativeMethodAccessorImpl.invoke(NativeMethodAccessorImpl.java:62)
	at sun.reflect.DelegatingMethodAccessorImpl.invoke(DelegatingMethodAccessorImpl.java:43)
	at java.lang.reflect.Method.invoke(Method.java:498)
	at org.junit.runners.model.FrameworkMethod$1.runReflectiveCall(FrameworkMethod.java:44)
	at org.junit.internal.runners.model.ReflectiveCallable.run(ReflectiveCallable.java:15)
	at org.junit.runners.model.FrameworkMethod.invokeExplosively(FrameworkMethod.java:41)
	at junitparams.internal.InvokeParameterisedMethod.evaluate(InvokeParameterisedMethod.java:102)
	at org.junit.internal.runners.statements.FailOnTimeout$1.run(FailOnTimeout.java:28)
Caused by: ptolemy.kernel.util.IllegalActionException: Found a zero delay loop containing .HierarchicalModel.A
  in .HierarchicalModel and .HierarchicalModel.A
	at ptolemy.actor.util.CausalityInterfaceForComposites._computeOutputPortDepth(CausalityInterfaceForComposites.java:759)
	at ptolemy.actor.util.CausalityInterfaceForComposites._computeInputDepth(CausalityInterfaceForComposites.java:696)
	at ptolemy.actor.util.CausalityInterfaceForComposites._computeOutputPortDepth(CausalityInterfaceForComposites.java:765)
	at ptolemy.actor.util.CausalityInterfaceForComposites._computeInputDepth(CausalityInterfaceForComposites.java:696)
	at ptolemy.actor.util.CausalityInterfaceForComposites._computeOutputPortDepth(CausalityInterfaceForComposites.java:765)
	at ptolemy.actor.util.CausalityInterfaceForComposites._computeInputDepth(CausalityInterfaceForComposites.java:696)
	at ptolemy.actor.util.CausalityInterfaceForComposites._computeActorDepth(CausalityInterfaceForComposites.java:532)
	at ptolemy.actor.util.CausalityInterfaceForComposites.checkForCycles(CausalityInterfaceForComposites.java:96)
	at ptolemy.domains.de.kernel.DEDirector.preinitialize(DEDirector.java:1338)
	at ptolemy.actor.CompositeActor.preinitialize(CompositeActor.java:1828)
	at ptolemy.actor.Manager.preinitializeAndResolveTypes(Manager.java:1040)
	at ptolemy.actor.Manager.initialize(Manager.java:710)
	at ptolemy.actor.Manager.execute(Manager.java:356)
	at ptolemy.actor.Manager.run(Manager.java:1263)
	at ptolemy.actor.Manager$PtolemyRunThread.run(Manager.java:1915)
java.lang.RuntimeException: Execution failed
	at ptolemy.moml.MoMLSimpleApplication$UnloadThread.run(MoMLSimpleApplication.java:402)
Caused by: ptolemy.kernel.util.IllegalActionException: Found a zero delay loop containing .dependencyLoop.original
  in .dependencyLoop and .dependencyLoop.original
	at ptolemy.actor.util.CausalityInterfaceForComposites._computeOutputPortDepth(CausalityInterfaceForComposites.java:759)
	at ptolemy.actor.util.CausalityInterfaceForComposites._computeInputDepth(CausalityInterfaceForComposites.java:696)
	at ptolemy.actor.util.CausalityInterfaceForComposites._computeOutputPortDepth(CausalityInterfaceForComposites.java:765)
	at ptolemy.actor.util.CausalityInterfaceForComposites._computeInputDepth(CausalityInterfaceForComposites.java:696)
	at ptolemy.actor.util.CausalityInterfaceForComposites._computeOutputPortDepth(CausalityInterfaceForComposites.java:765)
	at ptolemy.actor.util.CausalityInterfaceForComposites._computeInputDepth(CausalityInterfaceForComposites.java:696)
	at ptolemy.actor.util.CausalityInterfaceForComposites._computeActorDepth(CausalityInterfaceForComposites.java:532)
	at ptolemy.actor.util.CausalityInterfaceForComposites.checkForCycles(CausalityInterfaceForComposites.java:96)
	at ptolemy.domains.de.kernel.DEDirector.preinitialize(DEDirector.java:1338)
	at ptolemy.actor.CompositeActor.preinitialize(CompositeActor.java:1828)
	at ptolemy.actor.Manager.preinitializeAndResolveTypes(Manager.java:1040)
	at ptolemy.actor.Manager.initialize(Manager.java:710)
	at ptolemy.actor.Manager.execute(Manager.java:356)
	at ptolemy.actor.Manager.run(Manager.java:1263)
	at ptolemy.actor.Manager$PtolemyRunThread.run(Manager.java:1915)
java.lang.reflect.InvocationTargetException
	at sun.reflect.NativeConstructorAccessorImpl.newInstance0(Native Method)
	at sun.reflect.NativeConstructorAccessorImpl.newInstance(NativeConstructorAccessorImpl.java:62)
	at sun.reflect.DelegatingConstructorAccessorImpl.newInstance(DelegatingConstructorAccessorImpl.java:45)
	at java.lang.reflect.Constructor.newInstance(Constructor.java:423)
	at ptolemy.util.test.junit.AutoKnownFailedTests.RunModel(AutoKnownFailedTests.java:107)
	at sun.reflect.NativeMethodAccessorImpl.invoke0(Native Method)
	at sun.reflect.NativeMethodAccessorImpl.invoke(NativeMethodAccessorImpl.java:62)
	at sun.reflect.DelegatingMethodAccessorImpl.invoke(DelegatingMethodAccessorImpl.java:43)
	at java.lang.reflect.Method.invoke(Method.java:498)
	at org.junit.runners.model.FrameworkMethod$1.runReflectiveCall(FrameworkMethod.java:44)
	at org.junit.internal.runners.model.ReflectiveCallable.run(ReflectiveCallable.java:15)
	at org.junit.runners.model.FrameworkMethod.invokeExplosively(FrameworkMethod.java:41)
	at junitparams.internal.InvokeParameterisedMethod.evaluate(InvokeParameterisedMethod.java:102)
	at org.junit.internal.runners.statements.FailOnTimeout$1.run(FailOnTimeout.java:28)
Caused by: ptolemy.kernel.util.IllegalActionException: Found a zero delay loop containing .dependencyLoop.original
  in .dependencyLoop and .dependencyLoop.original
	at ptolemy.actor.util.CausalityInterfaceForComposites._computeOutputPortDepth(CausalityInterfaceForComposites.java:759)
	at ptolemy.actor.util.CausalityInterfaceForComposites._computeInputDepth(CausalityInterfaceForComposites.java:696)
	at ptolemy.actor.util.CausalityInterfaceForComposites._computeOutputPortDepth(CausalityInterfaceForComposites.java:765)
	at ptolemy.actor.util.CausalityInterfaceForComposites._computeInputDepth(CausalityInterfaceForComposites.java:696)
	at ptolemy.actor.util.CausalityInterfaceForComposites._computeOutputPortDepth(CausalityInterfaceForComposites.java:765)
	at ptolemy.actor.util.CausalityInterfaceForComposites._computeInputDepth(CausalityInterfaceForComposites.java:696)
	at ptolemy.actor.util.CausalityInterfaceForComposites._computeActorDepth(CausalityInterfaceForComposites.java:532)
	at ptolemy.actor.util.CausalityInterfaceForComposites.checkForCycles(CausalityInterfaceForComposites.java:96)
	at ptolemy.domains.de.kernel.DEDirector.preinitialize(DEDirector.java:1338)
	at ptolemy.actor.CompositeActor.preinitialize(CompositeActor.java:1828)
	at ptolemy.actor.Manager.preinitializeAndResolveTypes(Manager.java:1040)
	at ptolemy.actor.Manager.initialize(Manager.java:710)
	at ptolemy.actor.Manager.execute(Manager.java:356)
	at ptolemy.actor.Manager.run(Manager.java:1263)
	at ptolemy.actor.Manager$PtolemyRunThread.run(Manager.java:1915)
java.lang.RuntimeException: Execution failed
	at ptolemy.moml.MoMLSimpleApplication$UnloadThread.run(MoMLSimpleApplication.java:402)
Caused by: ptolemy.kernel.util.IllegalActionException: Found a zero delay loop containing .dependencyLoop2.original
  in .dependencyLoop2 and .dependencyLoop2.original
	at ptolemy.actor.util.CausalityInterfaceForComposites._computeOutputPortDepth(CausalityInterfaceForComposites.java:759)
	at ptolemy.actor.util.CausalityInterfaceForComposites._computeInputDepth(CausalityInterfaceForComposites.java:696)
	at ptolemy.actor.util.CausalityInterfaceForComposites._computeOutputPortDepth(CausalityInterfaceForComposites.java:765)
	at ptolemy.actor.util.CausalityInterfaceForComposites._computeInputDepth(CausalityInterfaceForComposites.java:696)
	at ptolemy.actor.util.CausalityInterfaceForComposites._computeOutputPortDepth(CausalityInterfaceForComposites.java:765)
	at ptolemy.actor.util.CausalityInterfaceForComposites._computeInputDepth(CausalityInterfaceForComposites.java:696)
	at ptolemy.actor.util.CausalityInterfaceForComposites._computeActorDepth(CausalityInterfaceForComposites.java:532)
	at ptolemy.actor.util.CausalityInterfaceForComposites.checkForCycles(CausalityInterfaceForComposites.java:96)
	at ptolemy.domains.de.kernel.DEDirector.preinitialize(DEDirector.java:1338)
	at ptolemy.actor.CompositeActor.preinitialize(CompositeActor.java:1828)
	at ptolemy.actor.Manager.preinitializeAndResolveTypes(Manager.java:1040)
	at ptolemy.actor.Manager.initialize(Manager.java:710)
	at ptolemy.actor.Manager.execute(Manager.java:356)
	at ptolemy.actor.Manager.run(Manager.java:1263)
	at ptolemy.actor.Manager$PtolemyRunThread.run(Manager.java:1915)
java.lang.reflect.InvocationTargetException
	at sun.reflect.NativeConstructorAccessorImpl.newInstance0(Native Method)
	at sun.reflect.NativeConstructorAccessorImpl.newInstance(NativeConstructorAccessorImpl.java:62)
	at sun.reflect.DelegatingConstructorAccessorImpl.newInstance(DelegatingConstructorAccessorImpl.java:45)
	at java.lang.reflect.Constructor.newInstance(Constructor.java:423)
	at ptolemy.util.test.junit.AutoKnownFailedTests.RunModel(AutoKnownFailedTests.java:107)
	at sun.reflect.NativeMethodAccessorImpl.invoke0(Native Method)
	at sun.reflect.NativeMethodAccessorImpl.invoke(NativeMethodAccessorImpl.java:62)
	at sun.reflect.DelegatingMethodAccessorImpl.invoke(DelegatingMethodAccessorImpl.java:43)
	at java.lang.reflect.Method.invoke(Method.java:498)
	at org.junit.runners.model.FrameworkMethod$1.runReflectiveCall(FrameworkMethod.java:44)
	at org.junit.internal.runners.model.ReflectiveCallable.run(ReflectiveCallable.java:15)
	at org.junit.runners.model.FrameworkMethod.invokeExplosively(FrameworkMethod.java:41)
	at junitparams.internal.InvokeParameterisedMethod.evaluate(InvokeParameterisedMethod.java:102)
	at org.junit.internal.runners.statements.FailOnTimeout$1.run(FailOnTimeout.java:28)
Caused by: ptolemy.kernel.util.IllegalActionException: Found a zero delay loop containing .dependencyLoop2.original
  in .dependencyLoop2 and .dependencyLoop2.original
	at ptolemy.actor.util.CausalityInterfaceForComposites._computeOutputPortDepth(CausalityInterfaceForComposites.java:759)
	at ptolemy.actor.util.CausalityInterfaceForComposites._computeInputDepth(CausalityInterfaceForComposites.java:696)
	at ptolemy.actor.util.CausalityInterfaceForComposites._computeOutputPortDepth(CausalityInterfaceForComposites.java:765)
	at ptolemy.actor.util.CausalityInterfaceForComposites._computeInputDepth(CausalityInterfaceForComposites.java:696)
	at ptolemy.actor.util.CausalityInterfaceForComposites._computeOutputPortDepth(CausalityInterfaceForComposites.java:765)
	at ptolemy.actor.util.CausalityInterfaceForComposites._computeInputDepth(CausalityInterfaceForComposites.java:696)
	at ptolemy.actor.util.CausalityInterfaceForComposites._computeActorDepth(CausalityInterfaceForComposites.java:532)
	at ptolemy.actor.util.CausalityInterfaceForComposites.checkForCycles(CausalityInterfaceForComposites.java:96)
	at ptolemy.domains.de.kernel.DEDirector.preinitialize(DEDirector.java:1338)
	at ptolemy.actor.CompositeActor.preinitialize(CompositeActor.java:1828)
	at ptolemy.actor.Manager.preinitializeAndResolveTypes(Manager.java:1040)
	at ptolemy.actor.Manager.initialize(Manager.java:710)
	at ptolemy.actor.Manager.execute(Manager.java:356)
	at ptolemy.actor.Manager.run(Manager.java:1263)
	at ptolemy.actor.Manager$PtolemyRunThread.run(Manager.java:1915)
]]></system-err>
</testsuite>
