<?xml version="1.0" encoding="UTF-8" ?>
<testsuite errors="0" failures="0" hostname="travis-job-9b39f689-d303-46f2-bd1c-a54cb34da938" name="ptolemy.domains.sdf.test.junit.JUnitTclTest" skipped="0" tests="66" time="19.637" timestamp="2019-03-01T03:46:39">
  <properties>
[...]
</properties>
  <testcase classname="ptolemy.util.test.junit.TclTests" name="[0] /home/travis/build/icyphy/ptII/ptolemy/domains/sdf/test/SDFSchedulerErrors.tcl (RunTclFile)" time="0.736" />
  <testcase classname="ptolemy.util.test.junit.TclTests" name="[1] /home/travis/build/icyphy/ptII/ptolemy/domains/sdf/test/composition.tcl (RunTclFile)" time="0.197" />
  <testcase classname="ptolemy.util.test.junit.TclTests" name="[2] /home/travis/build/icyphy/ptII/ptolemy/domains/sdf/test/cycle.tcl (RunTclFile)" time="0.032" />
  <testcase classname="ptolemy.util.test.junit.AutoKnownFailedTests" name="[0] ThereAreNoKnowFailedTests (RunModel)" time="0.0" />
  <testcase classname="ptolemy.util.test.junit.AutoNameArchTests" name="[0] ThereAreNoAutoArchTests (RunModel)" time="0.0" />
  <testcase classname="ptolemy.util.test.junit.AutoTests" name="[0] /home/travis/build/icyphy/ptII/ptolemy/domains/sdf/test/auto/Array.xml (RunModel)" time="0.159" />
  <testcase classname="ptolemy.util.test.junit.AutoTests" name="[1] /home/travis/build/icyphy/ptII/ptolemy/domains/sdf/test/auto/Butterfly.xml (RunModel)" time="0.199" />
  <testcase classname="ptolemy.util.test.junit.AutoTests" name="[2] /home/travis/build/icyphy/ptII/ptolemy/domains/sdf/test/auto/Expression.xml (RunModel)" time="0.105" />
  <testcase classname="ptolemy.util.test.junit.AutoTests" name="[3] /home/travis/build/icyphy/ptII/ptolemy/domains/sdf/test/auto/Eye.xml (RunModel)" time="0.248" />
  <testcase classname="ptolemy.util.test.junit.AutoTests" name="[4] /home/travis/build/icyphy/ptII/ptolemy/domains/sdf/test/auto/FixFIR.xml (RunModel)" time="0.297" />
  <testcase classname="ptolemy.util.test.junit.AutoTests" name="[5] /home/travis/build/icyphy/ptII/ptolemy/domains/sdf/test/auto/FixPoint.xml (RunModel)" time="0.045" />
  <testcase classname="ptolemy.util.test.junit.AutoTests" name="[6] /home/travis/build/icyphy/ptII/ptolemy/domains/sdf/test/auto/Gravitation.xml (RunModel)" time="3.291" />
  <testcase classname="ptolemy.util.test.junit.AutoTests" name="[7] /home/travis/build/icyphy/ptII/ptolemy/domains/sdf/test/auto/GravitationWithCollisionDetection.xml (RunModel)" time="6.084" />
  <testcase classname="ptolemy.util.test.junit.AutoTests" name="[8] /home/travis/build/icyphy/ptII/ptolemy/domains/sdf/test/auto/HDF.xml (RunModel)" time="0.115" />
  <testcase classname="ptolemy.util.test.junit.AutoTests" name="[9] /home/travis/build/icyphy/ptII/ptolemy/domains/sdf/test/auto/HDFwithTransientStates.xml (RunModel)" time="0.112" />
  <testcase classname="ptolemy.util.test.junit.AutoTests" name="[10] /home/travis/build/icyphy/ptII/ptolemy/domains/sdf/test/auto/HTVQ.xml (RunModel)" time="0.824" />
  <testcase classname="ptolemy.util.test.junit.AutoTests" name="[11] /home/travis/build/icyphy/ptII/ptolemy/domains/sdf/test/auto/InferInitProduction.xml (RunModel)" time="0.028" />
  <testcase classname="ptolemy.util.test.junit.AutoTests" name="[12] /home/travis/build/icyphy/ptII/ptolemy/domains/sdf/test/auto/InferInitProductionDeeper.xml (RunModel)" time="0.026" />
  <testcase classname="ptolemy.util.test.junit.AutoTests" name="[13] /home/travis/build/icyphy/ptII/ptolemy/domains/sdf/test/auto/LMSAdaptive.xml (RunModel)" time="0.095" />
  <testcase classname="ptolemy.util.test.junit.AutoTests" name="[14] /home/travis/build/icyphy/ptII/ptolemy/domains/sdf/test/auto/LogisticMap.xml (RunModel)" time="0.472" />
  <testcase classname="ptolemy.util.test.junit.AutoTests" name="[15] /home/travis/build/icyphy/ptII/ptolemy/domains/sdf/test/auto/MaximumEntropySpectrum.xml (RunModel)" time="0.284" />
  <testcase classname="ptolemy.util.test.junit.AutoTests" name="[16] /home/travis/build/icyphy/ptII/ptolemy/domains/sdf/test/auto/MultirateSDF.xml (RunModel)" time="0.066" />
  <testcase classname="ptolemy.util.test.junit.AutoTests" name="[17] /home/travis/build/icyphy/ptII/ptolemy/domains/sdf/test/auto/MultirateSDFwithTransientStates.xml (RunModel)" time="0.08" />
  <testcase classname="ptolemy.util.test.junit.AutoTests" name="[18] /home/travis/build/icyphy/ptII/ptolemy/domains/sdf/test/auto/NoisySinewave.xml (RunModel)" time="0.061" />
  <testcase classname="ptolemy.util.test.junit.AutoTests" name="[19] /home/travis/build/icyphy/ptII/ptolemy/domains/sdf/test/auto/Objects.xml (RunModel)" time="0.061" />
  <testcase classname="ptolemy.util.test.junit.AutoTests" name="[20] /home/travis/build/icyphy/ptII/ptolemy/domains/sdf/test/auto/OrthogonalCom.xml (RunModel)" time="0.044" />
  <testcase classname="ptolemy.util.test.junit.AutoTests" name="[21] /home/travis/build/icyphy/ptII/ptolemy/domains/sdf/test/auto/RijndaelEncryption.xml (RunModel)" time="0.513" />
  <testcase classname="ptolemy.util.test.junit.AutoTests" name="[22] /home/travis/build/icyphy/ptII/ptolemy/domains/sdf/test/auto/SDFEmptyIterations.xml (RunModel)" time="0.033" />
  <testcase classname="ptolemy.util.test.junit.AutoTests" name="[23] /home/travis/build/icyphy/ptII/ptolemy/domains/sdf/test/auto/Spectrum.xml (RunModel)" time="0.07" />
  <testcase classname="ptolemy.util.test.junit.AutoTests" name="[24] /home/travis/build/icyphy/ptII/ptolemy/domains/sdf/test/auto/de_inside_sdf.xml (RunModel)" time="0.028" />
  <testcase classname="ptolemy.util.test.junit.AutoTests" name="[25] /home/travis/build/icyphy/ptII/ptolemy/domains/sdf/test/auto/disconnectedHierarchicalSDF.xml (RunModel)" time="0.029" />
  <testcase classname="ptolemy.util.test.junit.AutoTests" name="[26] /home/travis/build/icyphy/ptII/ptolemy/domains/sdf/test/auto/disconnectedSDF.xml (RunModel)" time="0.023" />
  <testcase classname="ptolemy.util.test.junit.AutoTests" name="[27] /home/travis/build/icyphy/ptII/ptolemy/domains/sdf/test/auto/emptyRefinement.xml (RunModel)" time="0.021" />
  <testcase classname="ptolemy.util.test.junit.AutoTests" name="[28] /home/travis/build/icyphy/ptII/ptolemy/domains/sdf/test/auto/filePortParameter.xml (RunModel)" time="0.05" />
  <testcase classname="ptolemy.util.test.junit.AutoTests" name="[29] /home/travis/build/icyphy/ptII/ptolemy/domains/sdf/test/auto/inferRelationWidth1.xml (RunModel)" time="0.018" />
  <testcase classname="ptolemy.util.test.junit.AutoTests" name="[30] /home/travis/build/icyphy/ptII/ptolemy/domains/sdf/test/auto/initProductionInference.xml (RunModel)" time="0.022" />
  <testcase classname="ptolemy.util.test.junit.AutoTests" name="[31] /home/travis/build/icyphy/ptII/ptolemy/domains/sdf/test/auto/relationGroup.xml (RunModel)" time="0.016" />
  <testcase classname="ptolemy.util.test.junit.AutoTests" name="[32] /home/travis/build/icyphy/ptII/ptolemy/domains/sdf/test/auto/relationGroup10.xml (RunModel)" time="0.016" />
  <testcase classname="ptolemy.util.test.junit.AutoTests" name="[33] /home/travis/build/icyphy/ptII/ptolemy/domains/sdf/test/auto/relationGroup11.xml (RunModel)" time="0.018" />
  <testcase classname="ptolemy.util.test.junit.AutoTests" name="[34] /home/travis/build/icyphy/ptII/ptolemy/domains/sdf/test/auto/relationGroup12.xml (RunModel)" time="0.022" />
  <testcase classname="ptolemy.util.test.junit.AutoTests" name="[35] /home/travis/build/icyphy/ptII/ptolemy/domains/sdf/test/auto/relationGroup13.xml (RunModel)" time="0.022" />
  <testcase classname="ptolemy.util.test.junit.AutoTests" name="[36] /home/travis/build/icyphy/ptII/ptolemy/domains/sdf/test/auto/relationGroup14.xml (RunModel)" time="0.018" />
  <testcase classname="ptolemy.util.test.junit.AutoTests" name="[37] /home/travis/build/icyphy/ptII/ptolemy/domains/sdf/test/auto/relationGroup15.xml (RunModel)" time="0.021" />
  <testcase classname="ptolemy.util.test.junit.AutoTests" name="[38] /home/travis/build/icyphy/ptII/ptolemy/domains/sdf/test/auto/relationGroup2.xml (RunModel)" time="0.02" />
  <testcase classname="ptolemy.util.test.junit.AutoTests" name="[39] /home/travis/build/icyphy/ptII/ptolemy/domains/sdf/test/auto/relationGroup3.xml (RunModel)" time="0.017" />
  <testcase classname="ptolemy.util.test.junit.AutoTests" name="[40] /home/travis/build/icyphy/ptII/ptolemy/domains/sdf/test/auto/relationGroup4.xml (RunModel)" time="0.015" />
  <testcase classname="ptolemy.util.test.junit.AutoTests" name="[41] /home/travis/build/icyphy/ptII/ptolemy/domains/sdf/test/auto/relationGroup5.xml (RunModel)" time="0.019" />
  <testcase classname="ptolemy.util.test.junit.AutoTests" name="[42] /home/travis/build/icyphy/ptII/ptolemy/domains/sdf/test/auto/relationGroup6.xml (RunModel)" time="0.017" />
  <testcase classname="ptolemy.util.test.junit.AutoTests" name="[43] /home/travis/build/icyphy/ptII/ptolemy/domains/sdf/test/auto/relationGroup7.xml (RunModel)" time="0.009" />
  <testcase classname="ptolemy.util.test.junit.AutoTests" name="[44] /home/travis/build/icyphy/ptII/ptolemy/domains/sdf/test/auto/relationGroup8.xml (RunModel)" time="0.009" />
  <testcase classname="ptolemy.util.test.junit.AutoTests" name="[45] /home/travis/build/icyphy/ptII/ptolemy/domains/sdf/test/auto/relationGroup9.xml (RunModel)" time="0.012" />
  <testcase classname="ptolemy.util.test.junit.AutoTests" name="[46] /home/travis/build/icyphy/ptII/ptolemy/domains/sdf/test/auto/sdf_inside_de.xml (RunModel)" time="0.063" />
  <testcase classname="ptolemy.util.test.junit.AutoTests" name="[47] /home/travis/build/icyphy/ptII/ptolemy/domains/sdf/test/auto/sdf_inside_pn.xml (RunModel)" time="0.052" />
  <testcase classname="ptolemy.util.test.junit.AutoTests" name="[48] /home/travis/build/icyphy/ptII/ptolemy/domains/sdf/test/auto/sdf_sdf1.xml (RunModel)" time="0.024" />
  <testcase classname="ptolemy.util.test.junit.AutoTests" name="[49] /home/travis/build/icyphy/ptII/ptolemy/domains/sdf/test/auto/test1.xml (RunModel)" time="0.019" />
  <testcase classname="ptolemy.util.test.junit.AutoTests" name="[50] /home/travis/build/icyphy/ptII/ptolemy/domains/sdf/test/auto/time1.xml (RunModel)" time="0.011" />
  <testcase classname="ptolemy.util.test.junit.AutoTests" name="[51] /home/travis/build/icyphy/ptII/ptolemy/domains/sdf/test/auto/time2.xml (RunModel)" time="0.011" />
  <testcase classname="ptolemy.util.test.junit.AutoTests" name="[52] /home/travis/build/icyphy/ptII/ptolemy/domains/sdf/test/auto/time3.xml (RunModel)" time="0.02" />
  <testcase classname="ptolemy.util.test.junit.AutoTests" name="[53] /home/travis/build/icyphy/ptII/ptolemy/domains/sdf/test/auto/time4.xml (RunModel)" time="0.02" />
  <testcase classname="ptolemy.util.test.junit.AutoTests" name="[54] /home/travis/build/icyphy/ptII/ptolemy/domains/sdf/test/auto/time5.xml (RunModel)" time="4.01" />
  <testcase classname="ptolemy.util.test.junit.AutoTests" name="[55] /home/travis/build/icyphy/ptII/ptolemy/domains/sdf/test/auto/typeSystem_Const_Integer_smallest_Type.xml (RunModel)" time="0.052" />
  <testcase classname="ptolemy.util.test.junit.AutoTests" name="[56] /home/travis/build/icyphy/ptII/ptolemy/domains/sdf/test/auto/typeSystem_declared_Inports_OutportTypeException.xml (RunModel)" time="0.018" />
  <testcase classname="ptolemy.util.test.junit.AutoTests" name="[57] /home/travis/build/icyphy/ptII/ptolemy/domains/sdf/test/auto/typeSystem_oneDeclaredInportType_wrongTypeOutport.xml (RunModel)" time="0.028" />
  <testcase classname="ptolemy.util.test.junit.AutoTests" name="[58] /home/travis/build/icyphy/ptII/ptolemy/domains/sdf/test/auto/width.xml (RunModel)" time="0.01" />
  <testcase classname="ptolemy.util.test.junit.AutoTests" name="[59] /home/travis/build/icyphy/ptII/ptolemy/domains/sdf/test/auto/width2.xml (RunModel)" time="0.037" />
  <testcase classname="ptolemy.util.test.junit.AutoTests" name="[60] /home/travis/build/icyphy/ptII/ptolemy/domains/sdf/test/auto/width3.xml (RunModel)" time="0.037" />
  <system-out><![CDATA[/home/travis/build/icyphy/ptII/ptolemy/domains/sdf/test/SDFSchedulerErrors.tcl
testDefs.tcl: setting time out to 9000 seconds at Fri Mar 01 03:46:40 UTC 2019
35 ms. Memory: 116224K Free: 108763K (94%)
18 ms. Memory: 116224K Free: 101836K (88%)
4 ms. Memory: 116224K Free: 95403K (82%)
12 ms. Memory: 116224K Free: 92358K (79%)
/home/travis/build/icyphy/ptII/ptolemy/domains/sdf/test/composition.tcl
52 ms. Memory: 116224K Free: 88765K (76%)
6 ms. Memory: 116224K Free: 86966K (75%)
/home/travis/build/icyphy/ptII/ptolemy/domains/sdf/test/cycle.tcl
.Toplevel.Director Preinitializing ...
Invoking preinitialize():  .Toplevel.Actor1
Invoking preinitialize():  .Toplevel.Actor2
Invoking preinitialize():  .Toplevel.Delay
.Toplevel.Director Finished preinitialize().
### Schedule:
Execute Schedule{
Fire Actor ptolemy.domains.sdf.kernel.test.SDFTestDelay {.Toplevel.Actor1}
Fire Actor ptolemy.domains.sdf.kernel.test.SDFTestDelay {.Toplevel.Actor2}
Fire Actor ptolemy.domains.sdf.lib.SampleDelay {.Toplevel.Delay}
}
### End schedule
Called initialize().
Invoking initialize():  .Toplevel.Actor1
Initializing actor: .Toplevel.Actor1.
Invoking initialize():  .Toplevel.Actor2
Initializing actor: .Toplevel.Actor2.
Invoking initialize():  .Toplevel.Delay
Initializing actor: .Toplevel.Delay.
Director: Called prefire().
-- Setting current time to 0.0
Director prefire returns true.
The actor .Toplevel.Actor1 will be iterated.
The actor .Toplevel.Actor1 was iterated.
The actor .Toplevel.Actor2 will be iterated.
The actor .Toplevel.Actor2 was iterated.
The actor .Toplevel.Delay will be iterated.
The actor .Toplevel.Delay was iterated.
Director: Called postfire().
Postfire returns: true
Director: Called prefire().
-- Setting current time to 0.0
Director prefire returns true.
The actor .Toplevel.Actor1 will be iterated.
The actor .Toplevel.Actor1 was iterated.
The actor .Toplevel.Actor2 will be iterated.
The actor .Toplevel.Actor2 was iterated.
The actor .Toplevel.Delay will be iterated.
The actor .Toplevel.Delay was iterated.
Director: Called postfire().
Postfire returns: true
Director: Called prefire().
-- Setting current time to 0.0
Director prefire returns true.
The actor .Toplevel.Actor1 will be iterated.
The actor .Toplevel.Actor1 was iterated.
The actor .Toplevel.Actor2 will be iterated.
The actor .Toplevel.Actor2 was iterated.
The actor .Toplevel.Delay will be iterated.
The actor .Toplevel.Delay was iterated.
Director: Called postfire().
Postfire returns: true
Director: Called prefire().
-- Setting current time to 0.0
Director prefire returns true.
The actor .Toplevel.Actor1 will be iterated.
The actor .Toplevel.Actor1 was iterated.
The actor .Toplevel.Actor2 will be iterated.
The actor .Toplevel.Actor2 was iterated.
The actor .Toplevel.Delay will be iterated.
The actor .Toplevel.Delay was iterated.
Director: Called postfire().
Postfire returns: true
Director: Called prefire().
-- Setting current time to 0.0
Director prefire returns true.
The actor .Toplevel.Actor1 will be iterated.
The actor .Toplevel.Actor1 was iterated.
The actor .Toplevel.Actor2 will be iterated.
The actor .Toplevel.Actor2 was iterated.
The actor .Toplevel.Delay will be iterated.
The actor .Toplevel.Delay was iterated.
Director: Called postfire().
Postfire returns: true
Director: Called prefire().
-- Setting current time to 0.0
Director prefire returns true.
The actor .Toplevel.Actor1 will be iterated.
The actor .Toplevel.Actor1 was iterated.
The actor .Toplevel.Actor2 will be iterated.
The actor .Toplevel.Actor2 was iterated.
The actor .Toplevel.Delay will be iterated.
The actor .Toplevel.Delay was iterated.
Reached specified number of iterations: 6
Director: Called wrapup().
6 ms. Memory: 116224K Free: 84569K (73%)
03/01/19 03:46:40
Failed: 0  Total Tests: 8  ((Passed: 8, Newly Passed: 0)  Known Failed: 0) /home/travis/build/icyphy/ptII/ptolemy/domains/sdf/test
No auto/knownFailedTests/*.xml tests in /home/travis/build/icyphy/ptII/ptolemy/domains/sdf/test
No auto/linux-amd64/*.xml tests in /home/travis/build/icyphy/ptII/ptolemy/domains/sdf/test
AutoTests.java: About to close Vertx.
AutoTests.java: Vertx closed.

===========================================================================================
----------------- testing Fri Mar 01 03:46:41 UTC 2019 /home/travis/build/icyphy/ptII/ptolemy/domains/sdf/test/auto/Array.xml
----------------- Instantiating /home/travis/build/icyphy/ptII/ptolemy/domains/sdf/test/auto/Array.xml
27 ms. Memory: 146944K Free: 109188K (74%)
----------------- Invoking toplevel() on ptolemy.moml.MoMLSimpleApplication@4cd29aee
----------------- Done invoking toplevel() on ptolemy.moml.MoMLSimpleApplication@4cd29aee
reloadAllAccessors: .Array

===========================================================================================
----------------- testing Fri Mar 01 03:46:41 UTC 2019 /home/travis/build/icyphy/ptII/ptolemy/domains/sdf/test/auto/Butterfly.xml
----------------- Instantiating /home/travis/build/icyphy/ptII/ptolemy/domains/sdf/test/auto/Butterfly.xml
120 ms. Memory: 146944K Free: 102987K (70%)
----------------- Invoking toplevel() on ptolemy.moml.MoMLSimpleApplication@32f5455c
----------------- Done invoking toplevel() on ptolemy.moml.MoMLSimpleApplication@32f5455c
reloadAllAccessors: .Butterfly

===========================================================================================
----------------- testing Fri Mar 01 03:46:41 UTC 2019 /home/travis/build/icyphy/ptII/ptolemy/domains/sdf/test/auto/Expression.xml
----------------- Instantiating /home/travis/build/icyphy/ptII/ptolemy/domains/sdf/test/auto/Expression.xml
62 ms. Memory: 146944K Free: 97433K (66%)
----------------- Invoking toplevel() on ptolemy.moml.MoMLSimpleApplication@478fea8e
----------------- Done invoking toplevel() on ptolemy.moml.MoMLSimpleApplication@478fea8e
reloadAllAccessors: .Expression

===========================================================================================
----------------- testing Fri Mar 01 03:46:41 UTC 2019 /home/travis/build/icyphy/ptII/ptolemy/domains/sdf/test/auto/Eye.xml
----------------- Instantiating /home/travis/build/icyphy/ptII/ptolemy/domains/sdf/test/auto/Eye.xml
176 ms. Memory: 146944K Free: 129632K (88%)
----------------- Invoking toplevel() on ptolemy.moml.MoMLSimpleApplication@7d9a704b
----------------- Done invoking toplevel() on ptolemy.moml.MoMLSimpleApplication@7d9a704b
reloadAllAccessors: .Eye

===========================================================================================
----------------- testing Fri Mar 01 03:46:41 UTC 2019 /home/travis/build/icyphy/ptII/ptolemy/domains/sdf/test/auto/FixFIR.xml
----------------- Instantiating /home/travis/build/icyphy/ptII/ptolemy/domains/sdf/test/auto/FixFIR.xml
154 ms. Memory: 146944K Free: 93417K (64%)
----------------- Invoking toplevel() on ptolemy.moml.MoMLSimpleApplication@37787d41
----------------- Done invoking toplevel() on ptolemy.moml.MoMLSimpleApplication@37787d41
reloadAllAccessors: .FixFIR

===========================================================================================
----------------- testing Fri Mar 01 03:46:42 UTC 2019 /home/travis/build/icyphy/ptII/ptolemy/domains/sdf/test/auto/FixPoint.xml
----------------- Instantiating /home/travis/build/icyphy/ptII/ptolemy/domains/sdf/test/auto/FixPoint.xml
21 ms. Memory: 146944K Free: 89225K (61%)
----------------- Invoking toplevel() on ptolemy.moml.MoMLSimpleApplication@47b9ae7d
----------------- Done invoking toplevel() on ptolemy.moml.MoMLSimpleApplication@47b9ae7d
reloadAllAccessors: .FixPoint

===========================================================================================
----------------- testing Fri Mar 01 03:46:42 UTC 2019 /home/travis/build/icyphy/ptII/ptolemy/domains/sdf/test/auto/Gravitation.xml
----------------- Instantiating /home/travis/build/icyphy/ptII/ptolemy/domains/sdf/test/auto/Gravitation.xml
3184 ms. Memory: 208384K Free: 121305K (58%)
----------------- Invoking toplevel() on ptolemy.moml.MoMLSimpleApplication@372a047d
----------------- Done invoking toplevel() on ptolemy.moml.MoMLSimpleApplication@372a047d
reloadAllAccessors: .Gravitation

===========================================================================================
----------------- testing Fri Mar 01 03:46:45 UTC 2019 /home/travis/build/icyphy/ptII/ptolemy/domains/sdf/test/auto/GravitationWithCollisionDetection.xml
----------------- Instantiating /home/travis/build/icyphy/ptII/ptolemy/domains/sdf/test/auto/GravitationWithCollisionDetection.xml
5867 ms. Memory: 872448K Free: 339665K (39%)
----------------- Invoking toplevel() on ptolemy.moml.MoMLSimpleApplication@665fbc05
----------------- Done invoking toplevel() on ptolemy.moml.MoMLSimpleApplication@665fbc05
reloadAllAccessors: .GravitationWithCollisionDetection

===========================================================================================
----------------- testing Fri Mar 01 03:46:51 UTC 2019 /home/travis/build/icyphy/ptII/ptolemy/domains/sdf/test/auto/HDF.xml
----------------- Instantiating /home/travis/build/icyphy/ptII/ptolemy/domains/sdf/test/auto/HDF.xml
45 ms. Memory: 872448K Free: 307105K (35%)
----------------- Invoking toplevel() on ptolemy.moml.MoMLSimpleApplication@49e4ec09
----------------- Done invoking toplevel() on ptolemy.moml.MoMLSimpleApplication@49e4ec09
reloadAllAccessors: .HDF

===========================================================================================
----------------- testing Fri Mar 01 03:46:51 UTC 2019 /home/travis/build/icyphy/ptII/ptolemy/domains/sdf/test/auto/HDFwithTransientStates.xml
----------------- Instantiating /home/travis/build/icyphy/ptII/ptolemy/domains/sdf/test/auto/HDFwithTransientStates.xml
33 ms. Memory: 872448K Free: 283558K (33%)
----------------- Invoking toplevel() on ptolemy.moml.MoMLSimpleApplication@88b5e3
----------------- Done invoking toplevel() on ptolemy.moml.MoMLSimpleApplication@88b5e3
reloadAllAccessors: .HDFwithTransientStates

===========================================================================================
----------------- testing Fri Mar 01 03:46:51 UTC 2019 /home/travis/build/icyphy/ptII/ptolemy/domains/sdf/test/auto/HTVQ.xml
----------------- Instantiating /home/travis/build/icyphy/ptII/ptolemy/domains/sdf/test/auto/HTVQ.xml
786 ms. Memory: 872448K Free: 110976K (13%)
----------------- Invoking toplevel() on ptolemy.moml.MoMLSimpleApplication@99809df
----------------- Done invoking toplevel() on ptolemy.moml.MoMLSimpleApplication@99809df
reloadAllAccessors: .HTVQ

===========================================================================================
----------------- testing Fri Mar 01 03:46:52 UTC 2019 /home/travis/build/icyphy/ptII/ptolemy/domains/sdf/test/auto/InferInitProduction.xml
----------------- Instantiating /home/travis/build/icyphy/ptII/ptolemy/domains/sdf/test/auto/InferInitProduction.xml
3 ms. Memory: 872448K Free: 95288K (11%)
----------------- Invoking toplevel() on ptolemy.moml.MoMLSimpleApplication@6ee73f6b
----------------- Done invoking toplevel() on ptolemy.moml.MoMLSimpleApplication@6ee73f6b
reloadAllAccessors: .InferInitProduction

===========================================================================================
----------------- testing Fri Mar 01 03:46:52 UTC 2019 /home/travis/build/icyphy/ptII/ptolemy/domains/sdf/test/auto/InferInitProductionDeeper.xml
----------------- Instantiating /home/travis/build/icyphy/ptII/ptolemy/domains/sdf/test/auto/InferInitProductionDeeper.xml
8 ms. Memory: 872448K Free: 79601K (9%)
----------------- Invoking toplevel() on ptolemy.moml.MoMLSimpleApplication@369b1981
----------------- Done invoking toplevel() on ptolemy.moml.MoMLSimpleApplication@369b1981
reloadAllAccessors: .InferInitProductionDeeper

===========================================================================================
----------------- testing Fri Mar 01 03:46:52 UTC 2019 /home/travis/build/icyphy/ptII/ptolemy/domains/sdf/test/auto/LMSAdaptive.xml
----------------- Instantiating /home/travis/build/icyphy/ptII/ptolemy/domains/sdf/test/auto/LMSAdaptive.xml
19 ms. Memory: 872960K Free: 848537K (97%)
----------------- Invoking toplevel() on ptolemy.moml.MoMLSimpleApplication@4dd42bb5
----------------- Done invoking toplevel() on ptolemy.moml.MoMLSimpleApplication@4dd42bb5
reloadAllAccessors: .LMSAdaptive

===========================================================================================
----------------- testing Fri Mar 01 03:46:52 UTC 2019 /home/travis/build/icyphy/ptII/ptolemy/domains/sdf/test/auto/LogisticMap.xml
----------------- Instantiating /home/travis/build/icyphy/ptII/ptolemy/domains/sdf/test/auto/LogisticMap.xml
440 ms. Memory: 872960K Free: 834906K (96%)
----------------- Invoking toplevel() on ptolemy.moml.MoMLSimpleApplication@404398fa
----------------- Done invoking toplevel() on ptolemy.moml.MoMLSimpleApplication@404398fa
reloadAllAccessors: .LogisticMap

===========================================================================================
----------------- testing Fri Mar 01 03:46:53 UTC 2019 /home/travis/build/icyphy/ptII/ptolemy/domains/sdf/test/auto/MaximumEntropySpectrum.xml
----------------- Instantiating /home/travis/build/icyphy/ptII/ptolemy/domains/sdf/test/auto/MaximumEntropySpectrum.xml
78 ms. Memory: 872960K Free: 766822K (88%)
----------------- Invoking toplevel() on ptolemy.moml.MoMLSimpleApplication@4902d775
----------------- Done invoking toplevel() on ptolemy.moml.MoMLSimpleApplication@4902d775
reloadAllAccessors: .MaximumEntropySpectrum

===========================================================================================
----------------- testing Fri Mar 01 03:46:53 UTC 2019 /home/travis/build/icyphy/ptII/ptolemy/domains/sdf/test/auto/MultirateSDF.xml
----------------- Instantiating /home/travis/build/icyphy/ptII/ptolemy/domains/sdf/test/auto/MultirateSDF.xml
20 ms. Memory: 872960K Free: 745881K (85%)
----------------- Invoking toplevel() on ptolemy.moml.MoMLSimpleApplication@3f442141
----------------- Done invoking toplevel() on ptolemy.moml.MoMLSimpleApplication@3f442141
reloadAllAccessors: .MultirateSDF

===========================================================================================
----------------- testing Fri Mar 01 03:46:53 UTC 2019 /home/travis/build/icyphy/ptII/ptolemy/domains/sdf/test/auto/MultirateSDFwithTransientStates.xml
----------------- Instantiating /home/travis/build/icyphy/ptII/ptolemy/domains/sdf/test/auto/MultirateSDFwithTransientStates.xml
17 ms. Memory: 872960K Free: 724916K (83%)
----------------- Invoking toplevel() on ptolemy.moml.MoMLSimpleApplication@49176ade
----------------- Done invoking toplevel() on ptolemy.moml.MoMLSimpleApplication@49176ade
reloadAllAccessors: .MultirateSDFwithTransientStates

===========================================================================================
----------------- testing Fri Mar 01 03:46:53 UTC 2019 /home/travis/build/icyphy/ptII/ptolemy/domains/sdf/test/auto/NoisySinewave.xml
----------------- Instantiating /home/travis/build/icyphy/ptII/ptolemy/domains/sdf/test/auto/NoisySinewave.xml
10 ms. Memory: 872960K Free: 703967K (81%)
----------------- Invoking toplevel() on ptolemy.moml.MoMLSimpleApplication@20c69d53
----------------- Done invoking toplevel() on ptolemy.moml.MoMLSimpleApplication@20c69d53
reloadAllAccessors: .NoisySinewave

===========================================================================================
----------------- testing Fri Mar 01 03:46:53 UTC 2019 /home/travis/build/icyphy/ptII/ptolemy/domains/sdf/test/auto/Objects.xml
----------------- Instantiating /home/travis/build/icyphy/ptII/ptolemy/domains/sdf/test/auto/Objects.xml
5 ms. Memory: 872960K Free: 688263K (79%)
----------------- Invoking toplevel() on ptolemy.moml.MoMLSimpleApplication@1d57686
----------------- Done invoking toplevel() on ptolemy.moml.MoMLSimpleApplication@1d57686
reloadAllAccessors: .Objects

===========================================================================================
----------------- testing Fri Mar 01 03:46:53 UTC 2019 /home/travis/build/icyphy/ptII/ptolemy/domains/sdf/test/auto/OrthogonalCom.xml
----------------- Instantiating /home/travis/build/icyphy/ptII/ptolemy/domains/sdf/test/auto/OrthogonalCom.xml
7 ms. Memory: 872960K Free: 672575K (77%)
----------------- Invoking toplevel() on ptolemy.moml.MoMLSimpleApplication@38d0dd41
----------------- Done invoking toplevel() on ptolemy.moml.MoMLSimpleApplication@38d0dd41
reloadAllAccessors: .OrthogonalCom

===========================================================================================
----------------- testing Fri Mar 01 03:46:54 UTC 2019 /home/travis/build/icyphy/ptII/ptolemy/domains/sdf/test/auto/RijndaelEncryption.xml
----------------- Instantiating /home/travis/build/icyphy/ptII/ptolemy/domains/sdf/test/auto/RijndaelEncryption.xml
258 ms. Memory: 872960K Free: 510244K (58%)
----------------- Invoking toplevel() on ptolemy.moml.MoMLSimpleApplication@66edaa86
----------------- Done invoking toplevel() on ptolemy.moml.MoMLSimpleApplication@66edaa86
reloadAllAccessors: .RijndaelEncryption

===========================================================================================
----------------- testing Fri Mar 01 03:46:54 UTC 2019 /home/travis/build/icyphy/ptII/ptolemy/domains/sdf/test/auto/SDFEmptyIterations.xml
----------------- Instantiating /home/travis/build/icyphy/ptII/ptolemy/domains/sdf/test/auto/SDFEmptyIterations.xml
4 ms. Memory: 872960K Free: 499786K (57%)
----------------- Invoking toplevel() on ptolemy.moml.MoMLSimpleApplication@4f6069b0
----------------- Done invoking toplevel() on ptolemy.moml.MoMLSimpleApplication@4f6069b0
reloadAllAccessors: .SDFEmptyIterations

===========================================================================================
----------------- testing Fri Mar 01 03:46:54 UTC 2019 /home/travis/build/icyphy/ptII/ptolemy/domains/sdf/test/auto/Spectrum.xml
----------------- Instantiating /home/travis/build/icyphy/ptII/ptolemy/domains/sdf/test/auto/Spectrum.xml
32 ms. Memory: 872960K Free: 475931K (55%)
----------------- Invoking toplevel() on ptolemy.moml.MoMLSimpleApplication@eb42edd
----------------- Done invoking toplevel() on ptolemy.moml.MoMLSimpleApplication@eb42edd
reloadAllAccessors: .Spectrum

===========================================================================================
----------------- testing Fri Mar 01 03:46:54 UTC 2019 /home/travis/build/icyphy/ptII/ptolemy/domains/sdf/test/auto/de_inside_sdf.xml
----------------- Instantiating /home/travis/build/icyphy/ptII/ptolemy/domains/sdf/test/auto/de_inside_sdf.xml
8 ms. Memory: 872960K Free: 465472K (53%)
----------------- Invoking toplevel() on ptolemy.moml.MoMLSimpleApplication@4eacc76c
----------------- Done invoking toplevel() on ptolemy.moml.MoMLSimpleApplication@4eacc76c
reloadAllAccessors: .de_inside_sdf

===========================================================================================
----------------- testing Fri Mar 01 03:46:54 UTC 2019 /home/travis/build/icyphy/ptII/ptolemy/domains/sdf/test/auto/disconnectedHierarchicalSDF.xml
----------------- Instantiating /home/travis/build/icyphy/ptII/ptolemy/domains/sdf/test/auto/disconnectedHierarchicalSDF.xml
5 ms. Memory: 872960K Free: 455014K (52%)
----------------- Invoking toplevel() on ptolemy.moml.MoMLSimpleApplication@162ad2bd
----------------- Done invoking toplevel() on ptolemy.moml.MoMLSimpleApplication@162ad2bd
reloadAllAccessors: .disconnectedHierarchicalSDF

===========================================================================================
----------------- testing Fri Mar 01 03:46:54 UTC 2019 /home/travis/build/icyphy/ptII/ptolemy/domains/sdf/test/auto/disconnectedSDF.xml
----------------- Instantiating /home/travis/build/icyphy/ptII/ptolemy/domains/sdf/test/auto/disconnectedSDF.xml
2 ms. Memory: 872960K Free: 444556K (51%)
----------------- Invoking toplevel() on ptolemy.moml.MoMLSimpleApplication@719715af
----------------- Done invoking toplevel() on ptolemy.moml.MoMLSimpleApplication@719715af
reloadAllAccessors: .disconnectedSDF

===========================================================================================
----------------- testing Fri Mar 01 03:46:54 UTC 2019 /home/travis/build/icyphy/ptII/ptolemy/domains/sdf/test/auto/emptyRefinement.xml
----------------- Instantiating /home/travis/build/icyphy/ptII/ptolemy/domains/sdf/test/auto/emptyRefinement.xml
3 ms. Memory: 872960K Free: 434097K (50%)
----------------- Invoking toplevel() on ptolemy.moml.MoMLSimpleApplication@263de33e
----------------- Done invoking toplevel() on ptolemy.moml.MoMLSimpleApplication@263de33e
reloadAllAccessors: .emptyRefinement

===========================================================================================
----------------- testing Fri Mar 01 03:46:54 UTC 2019 /home/travis/build/icyphy/ptII/ptolemy/domains/sdf/test/auto/filePortParameter.xml
----------------- Instantiating /home/travis/build/icyphy/ptII/ptolemy/domains/sdf/test/auto/filePortParameter.xml
12 ms. Memory: 872960K Free: 418393K (48%)
----------------- Invoking toplevel() on ptolemy.moml.MoMLSimpleApplication@3540e62f
----------------- Done invoking toplevel() on ptolemy.moml.MoMLSimpleApplication@3540e62f
reloadAllAccessors: .filePortParameter

===========================================================================================
----------------- testing Fri Mar 01 03:46:54 UTC 2019 /home/travis/build/icyphy/ptII/ptolemy/domains/sdf/test/auto/inferRelationWidth1.xml
----------------- Instantiating /home/travis/build/icyphy/ptII/ptolemy/domains/sdf/test/auto/inferRelationWidth1.xml
3 ms. Memory: 872960K Free: 407935K (47%)
----------------- Invoking toplevel() on ptolemy.moml.MoMLSimpleApplication@41ab2998
----------------- Done invoking toplevel() on ptolemy.moml.MoMLSimpleApplication@41ab2998
reloadAllAccessors: .inferRelationWidth1

===========================================================================================
----------------- testing Fri Mar 01 03:46:54 UTC 2019 /home/travis/build/icyphy/ptII/ptolemy/domains/sdf/test/auto/initProductionInference.xml
----------------- Instantiating /home/travis/build/icyphy/ptII/ptolemy/domains/sdf/test/auto/initProductionInference.xml
6 ms. Memory: 872960K Free: 397476K (46%)
----------------- Invoking toplevel() on ptolemy.moml.MoMLSimpleApplication@4f2cc7a4
----------------- Done invoking toplevel() on ptolemy.moml.MoMLSimpleApplication@4f2cc7a4
reloadAllAccessors: .initProductionInference

===========================================================================================
----------------- testing Fri Mar 01 03:46:54 UTC 2019 /home/travis/build/icyphy/ptII/ptolemy/domains/sdf/test/auto/relationGroup.xml
----------------- Instantiating /home/travis/build/icyphy/ptII/ptolemy/domains/sdf/test/auto/relationGroup.xml
2 ms. Memory: 872960K Free: 384096K (44%)
----------------- Invoking toplevel() on ptolemy.moml.MoMLSimpleApplication@561dfe6f
----------------- Done invoking toplevel() on ptolemy.moml.MoMLSimpleApplication@561dfe6f
reloadAllAccessors: .relationGroup

===========================================================================================
----------------- testing Fri Mar 01 03:46:54 UTC 2019 /home/travis/build/icyphy/ptII/ptolemy/domains/sdf/test/auto/relationGroup10.xml
----------------- Instantiating /home/travis/build/icyphy/ptII/ptolemy/domains/sdf/test/auto/relationGroup10.xml
2 ms. Memory: 872960K Free: 373637K (43%)
----------------- Invoking toplevel() on ptolemy.moml.MoMLSimpleApplication@30b7d65c
----------------- Done invoking toplevel() on ptolemy.moml.MoMLSimpleApplication@30b7d65c
reloadAllAccessors: .relationGroup10

===========================================================================================
----------------- testing Fri Mar 01 03:46:54 UTC 2019 /home/travis/build/icyphy/ptII/ptolemy/domains/sdf/test/auto/relationGroup11.xml
----------------- Instantiating /home/travis/build/icyphy/ptII/ptolemy/domains/sdf/test/auto/relationGroup11.xml
3 ms. Memory: 872960K Free: 363179K (42%)
----------------- Invoking toplevel() on ptolemy.moml.MoMLSimpleApplication@42a14410
----------------- Done invoking toplevel() on ptolemy.moml.MoMLSimpleApplication@42a14410
reloadAllAccessors: .relationGroup11

===========================================================================================
----------------- testing Fri Mar 01 03:46:54 UTC 2019 /home/travis/build/icyphy/ptII/ptolemy/domains/sdf/test/auto/relationGroup12.xml
----------------- Instantiating /home/travis/build/icyphy/ptII/ptolemy/domains/sdf/test/auto/relationGroup12.xml
3 ms. Memory: 872960K Free: 352720K (40%)
----------------- Invoking toplevel() on ptolemy.moml.MoMLSimpleApplication@28a6a5c0
----------------- Done invoking toplevel() on ptolemy.moml.MoMLSimpleApplication@28a6a5c0
reloadAllAccessors: .relationGroup12

===========================================================================================
----------------- testing Fri Mar 01 03:46:54 UTC 2019 /home/travis/build/icyphy/ptII/ptolemy/domains/sdf/test/auto/relationGroup13.xml
----------------- Instantiating /home/travis/build/icyphy/ptII/ptolemy/domains/sdf/test/auto/relationGroup13.xml
6 ms. Memory: 872960K Free: 342262K (39%)
----------------- Invoking toplevel() on ptolemy.moml.MoMLSimpleApplication@5daf01a1
----------------- Done invoking toplevel() on ptolemy.moml.MoMLSimpleApplication@5daf01a1
reloadAllAccessors: .relationGroup13

===========================================================================================
----------------- testing Fri Mar 01 03:46:54 UTC 2019 /home/travis/build/icyphy/ptII/ptolemy/domains/sdf/test/auto/relationGroup14.xml
----------------- Instantiating /home/travis/build/icyphy/ptII/ptolemy/domains/sdf/test/auto/relationGroup14.xml
4 ms. Memory: 872960K Free: 331803K (38%)
----------------- Invoking toplevel() on ptolemy.moml.MoMLSimpleApplication@8acc9ef
----------------- Done invoking toplevel() on ptolemy.moml.MoMLSimpleApplication@8acc9ef
reloadAllAccessors: .relationGroup14

===========================================================================================
----------------- testing Fri Mar 01 03:46:54 UTC 2019 /home/travis/build/icyphy/ptII/ptolemy/domains/sdf/test/auto/relationGroup15.xml
----------------- Instantiating /home/travis/build/icyphy/ptII/ptolemy/domains/sdf/test/auto/relationGroup15.xml
3 ms. Memory: 872960K Free: 321345K (37%)
----------------- Invoking toplevel() on ptolemy.moml.MoMLSimpleApplication@7e16d730
----------------- Done invoking toplevel() on ptolemy.moml.MoMLSimpleApplication@7e16d730
reloadAllAccessors: .relationGroup15

===========================================================================================
----------------- testing Fri Mar 01 03:46:54 UTC 2019 /home/travis/build/icyphy/ptII/ptolemy/domains/sdf/test/auto/relationGroup2.xml
----------------- Instantiating /home/travis/build/icyphy/ptII/ptolemy/domains/sdf/test/auto/relationGroup2.xml
3 ms. Memory: 872960K Free: 310886K (36%)
----------------- Invoking toplevel() on ptolemy.moml.MoMLSimpleApplication@102af208
----------------- Done invoking toplevel() on ptolemy.moml.MoMLSimpleApplication@102af208
reloadAllAccessors: .relationGroup2

===========================================================================================
----------------- testing Fri Mar 01 03:46:55 UTC 2019 /home/travis/build/icyphy/ptII/ptolemy/domains/sdf/test/auto/relationGroup3.xml
----------------- Instantiating /home/travis/build/icyphy/ptII/ptolemy/domains/sdf/test/auto/relationGroup3.xml
2 ms. Memory: 872960K Free: 300428K (34%)
----------------- Invoking toplevel() on ptolemy.moml.MoMLSimpleApplication@3c4f5956
----------------- Done invoking toplevel() on ptolemy.moml.MoMLSimpleApplication@3c4f5956
reloadAllAccessors: .relationGroup3

===========================================================================================
----------------- testing Fri Mar 01 03:46:55 UTC 2019 /home/travis/build/icyphy/ptII/ptolemy/domains/sdf/test/auto/relationGroup4.xml
----------------- Instantiating /home/travis/build/icyphy/ptII/ptolemy/domains/sdf/test/auto/relationGroup4.xml
3 ms. Memory: 872960K Free: 287048K (33%)
----------------- Invoking toplevel() on ptolemy.moml.MoMLSimpleApplication@3f214195
----------------- Done invoking toplevel() on ptolemy.moml.MoMLSimpleApplication@3f214195
reloadAllAccessors: .relationGroup4

===========================================================================================
----------------- testing Fri Mar 01 03:46:55 UTC 2019 /home/travis/build/icyphy/ptII/ptolemy/domains/sdf/test/auto/relationGroup5.xml
----------------- Instantiating /home/travis/build/icyphy/ptII/ptolemy/domains/sdf/test/auto/relationGroup5.xml
3 ms. Memory: 872960K Free: 276589K (32%)
----------------- Invoking toplevel() on ptolemy.moml.MoMLSimpleApplication@3ca1b9bd
----------------- Done invoking toplevel() on ptolemy.moml.MoMLSimpleApplication@3ca1b9bd
reloadAllAccessors: .relationGroup5

===========================================================================================
----------------- testing Fri Mar 01 03:46:55 UTC 2019 /home/travis/build/icyphy/ptII/ptolemy/domains/sdf/test/auto/relationGroup6.xml
----------------- Instantiating /home/travis/build/icyphy/ptII/ptolemy/domains/sdf/test/auto/relationGroup6.xml
5 ms. Memory: 872960K Free: 266131K (30%)
----------------- Invoking toplevel() on ptolemy.moml.MoMLSimpleApplication@53265cb8
----------------- Done invoking toplevel() on ptolemy.moml.MoMLSimpleApplication@53265cb8
reloadAllAccessors: .relationGroup6

===========================================================================================
----------------- testing Fri Mar 01 03:46:55 UTC 2019 /home/travis/build/icyphy/ptII/ptolemy/domains/sdf/test/auto/relationGroup7.xml
----------------- Instantiating /home/travis/build/icyphy/ptII/ptolemy/domains/sdf/test/auto/relationGroup7.xml
2 ms. Memory: 872960K Free: 255672K (29%)
----------------- Invoking toplevel() on ptolemy.moml.MoMLSimpleApplication@19bb21ac
----------------- Done invoking toplevel() on ptolemy.moml.MoMLSimpleApplication@19bb21ac
reloadAllAccessors: .relationGroup7

===========================================================================================
----------------- testing Fri Mar 01 03:46:55 UTC 2019 /home/travis/build/icyphy/ptII/ptolemy/domains/sdf/test/auto/relationGroup8.xml
----------------- Instantiating /home/travis/build/icyphy/ptII/ptolemy/domains/sdf/test/auto/relationGroup8.xml
1 ms. Memory: 872960K Free: 245214K (28%)
----------------- Invoking toplevel() on ptolemy.moml.MoMLSimpleApplication@501809a0
----------------- Done invoking toplevel() on ptolemy.moml.MoMLSimpleApplication@501809a0
reloadAllAccessors: .relationGroup8

===========================================================================================
----------------- testing Fri Mar 01 03:46:55 UTC 2019 /home/travis/build/icyphy/ptII/ptolemy/domains/sdf/test/auto/relationGroup9.xml
----------------- Instantiating /home/travis/build/icyphy/ptII/ptolemy/domains/sdf/test/auto/relationGroup9.xml
3 ms. Memory: 872960K Free: 234755K (27%)
----------------- Invoking toplevel() on ptolemy.moml.MoMLSimpleApplication@622eaefb
----------------- Done invoking toplevel() on ptolemy.moml.MoMLSimpleApplication@622eaefb
reloadAllAccessors: .relationGroup9

===========================================================================================
----------------- testing Fri Mar 01 03:46:55 UTC 2019 /home/travis/build/icyphy/ptII/ptolemy/domains/sdf/test/auto/sdf_inside_de.xml
----------------- Instantiating /home/travis/build/icyphy/ptII/ptolemy/domains/sdf/test/auto/sdf_inside_de.xml
18 ms. Memory: 872960K Free: 219067K (25%)
----------------- Invoking toplevel() on ptolemy.moml.MoMLSimpleApplication@18c45f73
----------------- Done invoking toplevel() on ptolemy.moml.MoMLSimpleApplication@18c45f73
reloadAllAccessors: .sdf_inside_de

===========================================================================================
----------------- testing Fri Mar 01 03:46:55 UTC 2019 /home/travis/build/icyphy/ptII/ptolemy/domains/sdf/test/auto/sdf_inside_pn.xml
----------------- Instantiating /home/travis/build/icyphy/ptII/ptolemy/domains/sdf/test/auto/sdf_inside_pn.xml
26 ms. Memory: 872960K Free: 182463K (21%)
----------------- Invoking toplevel() on ptolemy.moml.MoMLSimpleApplication@515a3a68
----------------- Done invoking toplevel() on ptolemy.moml.MoMLSimpleApplication@515a3a68
reloadAllAccessors: .sdf_inside_pn

===========================================================================================
----------------- testing Fri Mar 01 03:46:55 UTC 2019 /home/travis/build/icyphy/ptII/ptolemy/domains/sdf/test/auto/sdf_sdf1.xml
----------------- Instantiating /home/travis/build/icyphy/ptII/ptolemy/domains/sdf/test/auto/sdf_sdf1.xml
3 ms. Memory: 872960K Free: 169082K (19%)
----------------- Invoking toplevel() on ptolemy.moml.MoMLSimpleApplication@2bdbe842
----------------- Done invoking toplevel() on ptolemy.moml.MoMLSimpleApplication@2bdbe842
reloadAllAccessors: .sdf_sdf1

===========================================================================================
----------------- testing Fri Mar 01 03:46:55 UTC 2019 /home/travis/build/icyphy/ptII/ptolemy/domains/sdf/test/auto/test1.xml
----------------- Instantiating /home/travis/build/icyphy/ptII/ptolemy/domains/sdf/test/auto/test1.xml
4 ms. Memory: 872960K Free: 158624K (18%)
----------------- Invoking toplevel() on ptolemy.moml.MoMLSimpleApplication@2c42ecdd
----------------- Done invoking toplevel() on ptolemy.moml.MoMLSimpleApplication@2c42ecdd
reloadAllAccessors: .test1

===========================================================================================
----------------- testing Fri Mar 01 03:46:55 UTC 2019 /home/travis/build/icyphy/ptII/ptolemy/domains/sdf/test/auto/time1.xml
----------------- Instantiating /home/travis/build/icyphy/ptII/ptolemy/domains/sdf/test/auto/time1.xml
3 ms. Memory: 872960K Free: 148165K (17%)
----------------- Invoking toplevel() on ptolemy.moml.MoMLSimpleApplication@22a33a37
----------------- Done invoking toplevel() on ptolemy.moml.MoMLSimpleApplication@22a33a37
reloadAllAccessors: .time1

===========================================================================================
----------------- testing Fri Mar 01 03:46:55 UTC 2019 /home/travis/build/icyphy/ptII/ptolemy/domains/sdf/test/auto/time2.xml
----------------- Instantiating /home/travis/build/icyphy/ptII/ptolemy/domains/sdf/test/auto/time2.xml
2 ms. Memory: 872960K Free: 137707K (16%)
----------------- Invoking toplevel() on ptolemy.moml.MoMLSimpleApplication@30a31bb3
----------------- Done invoking toplevel() on ptolemy.moml.MoMLSimpleApplication@30a31bb3
reloadAllAccessors: .time2

===========================================================================================
----------------- testing Fri Mar 01 03:46:55 UTC 2019 /home/travis/build/icyphy/ptII/ptolemy/domains/sdf/test/auto/time3.xml
----------------- Instantiating /home/travis/build/icyphy/ptII/ptolemy/domains/sdf/test/auto/time3.xml
8 ms. Memory: 872960K Free: 127248K (15%)
----------------- Invoking toplevel() on ptolemy.moml.MoMLSimpleApplication@78a3c4c8
----------------- Done invoking toplevel() on ptolemy.moml.MoMLSimpleApplication@78a3c4c8
reloadAllAccessors: .time3

===========================================================================================
----------------- testing Fri Mar 01 03:46:55 UTC 2019 /home/travis/build/icyphy/ptII/ptolemy/domains/sdf/test/auto/time4.xml
----------------- Instantiating /home/travis/build/icyphy/ptII/ptolemy/domains/sdf/test/auto/time4.xml
6 ms. Memory: 872960K Free: 116790K (13%)
----------------- Invoking toplevel() on ptolemy.moml.MoMLSimpleApplication@5a5a167b
----------------- Done invoking toplevel() on ptolemy.moml.MoMLSimpleApplication@5a5a167b
reloadAllAccessors: .time4

===========================================================================================
----------------- testing Fri Mar 01 03:46:55 UTC 2019 /home/travis/build/icyphy/ptII/ptolemy/domains/sdf/test/auto/time5.xml
----------------- Instantiating /home/travis/build/icyphy/ptII/ptolemy/domains/sdf/test/auto/time5.xml
4002 ms. Memory: 872960K Free: 106332K (12%)
----------------- Invoking toplevel() on ptolemy.moml.MoMLSimpleApplication@75aa1685
----------------- Done invoking toplevel() on ptolemy.moml.MoMLSimpleApplication@75aa1685
reloadAllAccessors: .time5

===========================================================================================
----------------- testing Fri Mar 01 03:46:59 UTC 2019 /home/travis/build/icyphy/ptII/ptolemy/domains/sdf/test/auto/typeSystem_Const_Integer_smallest_Type.xml
----------------- Instantiating /home/travis/build/icyphy/ptII/ptolemy/domains/sdf/test/auto/typeSystem_Const_Integer_smallest_Type.xml
11 ms. Memory: 872960K Free: 95873K (11%)
----------------- Invoking toplevel() on ptolemy.moml.MoMLSimpleApplication@36e9d6c0
----------------- Done invoking toplevel() on ptolemy.moml.MoMLSimpleApplication@36e9d6c0
reloadAllAccessors: .typeSystem_Const_Integer_smallest_Type

===========================================================================================
----------------- testing Fri Mar 01 03:46:59 UTC 2019 /home/travis/build/icyphy/ptII/ptolemy/domains/sdf/test/auto/typeSystem_declared_Inports_OutportTypeException.xml
----------------- Instantiating /home/travis/build/icyphy/ptII/ptolemy/domains/sdf/test/auto/typeSystem_declared_Inports_OutportTypeException.xml
.typeSystem_declared_Inports_OutportTypeException.TestExceptionAttribute: initialize() was not invoked, but wrapup() was.  This is unusual, but not always a problem.  For example, exporting JNLP will do this.
2 ms. Memory: 872960K Free: 82493K (9%)
----------------- Invoking toplevel() on ptolemy.moml.MoMLSimpleApplication@4cfdf756
----------------- Done invoking toplevel() on ptolemy.moml.MoMLSimpleApplication@4cfdf756
reloadAllAccessors: .typeSystem_declared_Inports_OutportTypeException

===========================================================================================
----------------- testing Fri Mar 01 03:46:59 UTC 2019 /home/travis/build/icyphy/ptII/ptolemy/domains/sdf/test/auto/typeSystem_oneDeclaredInportType_wrongTypeOutport.xml
----------------- Instantiating /home/travis/build/icyphy/ptII/ptolemy/domains/sdf/test/auto/typeSystem_oneDeclaredInportType_wrongTypeOutport.xml
14 ms. Memory: 829952K Free: 814981K (98%)
----------------- Invoking toplevel() on ptolemy.moml.MoMLSimpleApplication@10be2a4d
----------------- Done invoking toplevel() on ptolemy.moml.MoMLSimpleApplication@10be2a4d
reloadAllAccessors: .typeSystem_oneDeclaredInportType_wrongTypeOutport

===========================================================================================
----------------- testing Fri Mar 01 03:46:59 UTC 2019 /home/travis/build/icyphy/ptII/ptolemy/domains/sdf/test/auto/width.xml
----------------- Instantiating /home/travis/build/icyphy/ptII/ptolemy/domains/sdf/test/auto/width.xml
2 ms. Memory: 829952K Free: 800612K (96%)
----------------- Invoking toplevel() on ptolemy.moml.MoMLSimpleApplication@43537e9f
----------------- Done invoking toplevel() on ptolemy.moml.MoMLSimpleApplication@43537e9f
reloadAllAccessors: .width

===========================================================================================
----------------- testing Fri Mar 01 03:46:59 UTC 2019 /home/travis/build/icyphy/ptII/ptolemy/domains/sdf/test/auto/width2.xml
----------------- Instantiating /home/travis/build/icyphy/ptII/ptolemy/domains/sdf/test/auto/width2.xml
29 ms. Memory: 829952K Free: 790652K (95%)
----------------- Invoking toplevel() on ptolemy.moml.MoMLSimpleApplication@59c23f23
----------------- Done invoking toplevel() on ptolemy.moml.MoMLSimpleApplication@59c23f23
reloadAllAccessors: .width2

===========================================================================================
----------------- testing Fri Mar 01 03:46:59 UTC 2019 /home/travis/build/icyphy/ptII/ptolemy/domains/sdf/test/auto/width3.xml
----------------- Instantiating /home/travis/build/icyphy/ptII/ptolemy/domains/sdf/test/auto/width3.xml
28 ms. Memory: 829952K Free: 780692K (94%)
----------------- Invoking toplevel() on ptolemy.moml.MoMLSimpleApplication@73e7eecf
----------------- Done invoking toplevel() on ptolemy.moml.MoMLSimpleApplication@73e7eecf
reloadAllAccessors: .width3
AutoTests.java: About to close Vertx.
AutoTests.java: Vertx closed.
]]></system-out>
  <system-err><![CDATA[java.lang.RuntimeException: Execution failed
	at ptolemy.moml.MoMLSimpleApplication$UnloadThread.run(MoMLSimpleApplication.java:402)
Caused by: ptolemy.actor.sched.NotSchedulableException: No solution exists for the balance equations.
Graph is not consistent under the SDF domain detected on external port .rateConsistency.actor.port2
  in .rateConsistency.SDF Director.Scheduler
	at ptolemy.domains.sdf.kernel.SDFScheduler._propagatePort(SDFScheduler.java:1425)
	at ptolemy.domains.sdf.kernel.SDFScheduler._solveBalanceEquations(SDFScheduler.java:710)
	at ptolemy.domains.sdf.kernel.SDFScheduler._getSchedule(SDFScheduler.java:566)
	at ptolemy.actor.sched.Scheduler.getSchedule(Scheduler.java:189)
	at ptolemy.domains.sdf.kernel.SDFDirector.createSchedule(SDFDirector.java:408)
	at ptolemy.domains.sdf.kernel.SDFDirector.preinitialize(SDFDirector.java:764)
	at ptolemy.actor.CompositeActor.preinitialize(CompositeActor.java:1828)
	at ptolemy.actor.Manager.preinitializeAndResolveTypes(Manager.java:1040)
	at ptolemy.actor.Manager.initialize(Manager.java:710)
	at ptolemy.actor.Manager.execute(Manager.java:356)
	at ptolemy.actor.Manager.run(Manager.java:1263)
	at ptolemy.actor.Manager$PtolemyRunThread.run(Manager.java:1915)
java.lang.RuntimeException: Execution failed
	at ptolemy.moml.MoMLSimpleApplication$UnloadThread.run(MoMLSimpleApplication.java:402)
Caused by: ptolemy.kernel.util.IllegalActionException: Failed to compute schedule:
  in .badRateChanges.typed composite actor.SDF Director
Because:
The SDF rate parameter may change. This is not allowed in SDF models that will be run through the code generator.  If you don't care about code generation, then you might consider setting the allowRateChanges parameter of the SDF director to false.
  in .badRateChanges.typed composite actor.Repeat.output.tokenProductionRate
	at ptolemy.domains.sdf.kernel.SDFDirector.createSchedule(SDFDirector.java:418)
	at ptolemy.domains.sdf.kernel.SDFDirector.preinitialize(SDFDirector.java:764)
	at ptolemy.actor.CompositeActor.preinitialize(CompositeActor.java:1828)
	at ptolemy.actor.Director.preinitialize(Director.java:1302)
	at ptolemy.actor.Director.preinitialize(Director.java:1257)
	at ptolemy.domains.sdf.kernel.SDFDirector.preinitialize(SDFDirector.java:763)
	at ptolemy.actor.CompositeActor.preinitialize(CompositeActor.java:1828)
	at ptolemy.actor.Manager.preinitializeAndResolveTypes(Manager.java:1040)
	at ptolemy.actor.Manager.initialize(Manager.java:710)
	at ptolemy.actor.Manager.execute(Manager.java:356)
	at ptolemy.actor.Manager.run(Manager.java:1263)
	at ptolemy.actor.Manager$PtolemyRunThread.run(Manager.java:1915)
Caused by: ptolemy.kernel.util.IllegalActionException: The SDF rate parameter may change. This is not allowed in SDF models that will be run through the code generator.  If you don't care about code generation, then you might consider setting the allowRateChanges parameter of the SDF director to false.
  in .badRateChanges.typed composite actor.Repeat.output.tokenProductionRate
	at ptolemy.domains.sdf.kernel.SDFScheduler._assertDynamicRateVariable(SDFScheduler.java:931)
	at ptolemy.domains.sdf.kernel.SDFScheduler._checkDynamicRateVariables(SDFScheduler.java:339)
	at ptolemy.domains.sdf.kernel.SDFScheduler._getSchedule(SDFScheduler.java:527)
	at ptolemy.actor.sched.Scheduler.getSchedule(Scheduler.java:189)
	at ptolemy.domains.sdf.kernel.SDFDirector.createSchedule(SDFDirector.java:408)
	... 11 more
java.lang.RuntimeException: Execution failed
	at ptolemy.moml.MoMLSimpleApplication$UnloadThread.run(MoMLSimpleApplication.java:402)
Caused by: ptolemy.kernel.util.IllegalActionException: Failed to compute schedule:
  in .badRateChanges2.typed composite actor.SDF Director
Because:
The SDF rate parameter may change. This is not allowed in SDF models that will be run through the code generator.  If you don't care about code generation, then you might consider setting the allowRateChanges parameter of the SDF director to false.
  in .badRateChanges2.typed composite actor.Repeat.output.tokenProductionRate
	at ptolemy.domains.sdf.kernel.SDFDirector.createSchedule(SDFDirector.java:418)
	at ptolemy.domains.sdf.kernel.SDFDirector.preinitialize(SDFDirector.java:764)
	at ptolemy.actor.CompositeActor.preinitialize(CompositeActor.java:1828)
	at ptolemy.actor.Director.preinitialize(Director.java:1302)
	at ptolemy.actor.Director.preinitialize(Director.java:1257)
	at ptolemy.domains.sdf.kernel.SDFDirector.preinitialize(SDFDirector.java:763)
	at ptolemy.actor.CompositeActor.preinitialize(CompositeActor.java:1828)
	at ptolemy.actor.Manager.preinitializeAndResolveTypes(Manager.java:1040)
	at ptolemy.actor.Manager.initialize(Manager.java:710)
	at ptolemy.actor.Manager.execute(Manager.java:356)
	at ptolemy.actor.Manager.run(Manager.java:1263)
	at ptolemy.actor.Manager$PtolemyRunThread.run(Manager.java:1915)
Caused by: ptolemy.kernel.util.IllegalActionException: The SDF rate parameter may change. This is not allowed in SDF models that will be run through the code generator.  If you don't care about code generation, then you might consider setting the allowRateChanges parameter of the SDF director to false.
  in .badRateChanges2.typed composite actor.Repeat.output.tokenProductionRate
	at ptolemy.domains.sdf.kernel.SDFScheduler._assertDynamicRateVariable(SDFScheduler.java:931)
	at ptolemy.domains.sdf.kernel.SDFScheduler._checkDynamicRateVariables(SDFScheduler.java:339)
	at ptolemy.domains.sdf.kernel.SDFScheduler._getSchedule(SDFScheduler.java:527)
	at ptolemy.actor.sched.Scheduler.getSchedule(Scheduler.java:189)
	at ptolemy.domains.sdf.kernel.SDFDirector.createSchedule(SDFDirector.java:408)
	... 11 more
java.lang.RuntimeException: Execution failed
	at ptolemy.moml.MoMLSimpleApplication$UnloadThread.run(MoMLSimpleApplication.java:402)
Caused by: ptolemy.actor.sched.NotSchedulableException: Actors remain that cannot be scheduled!

There are several possible reasons:
* SDF Graphs with feedback loops should have an actor with a delay in the loop, such as a SampleDelay.
* The SDF director has an "allowDisconnectedGraphs"parameter, which, when true, permits disconnected SDF graphs.
* The token consumption rate and production rates might be mismatched.
Usually, actors produce one token or consume one token on a port.  To produce or consume multiple tokens per firing, add a "tokenConsumptionRate" or "tokenProductionRate" parameter to the appropriate port.
Unscheduled actors:
.partiallyConnected.Const2 
Scheduled actors:
.partiallyConnected.Const 
  in .partiallyConnected.SDF Director.Scheduler
	at ptolemy.domains.sdf.kernel.SDFScheduler._scheduleConnectedActors(SDFScheduler.java:1828)
	at ptolemy.domains.sdf.kernel.SDFScheduler._getSchedule(SDFScheduler.java:587)
	at ptolemy.actor.sched.Scheduler.getSchedule(Scheduler.java:189)
	at ptolemy.domains.sdf.kernel.SDFDirector.createSchedule(SDFDirector.java:408)
	at ptolemy.domains.sdf.kernel.SDFDirector.preinitialize(SDFDirector.java:764)
	at ptolemy.actor.CompositeActor.preinitialize(CompositeActor.java:1828)
	at ptolemy.actor.Manager.preinitializeAndResolveTypes(Manager.java:1040)
	at ptolemy.actor.Manager.initialize(Manager.java:710)
	at ptolemy.actor.Manager.execute(Manager.java:356)
	at ptolemy.actor.Manager.run(Manager.java:1263)
	at ptolemy.actor.Manager$PtolemyRunThread.run(Manager.java:1915)
]]></system-err>
</testsuite>
