<?xml version="1.0" encoding="UTF-8" ?>
<testsuite errors="0" failures="0" hostname="travis-job-007efb00-e42f-4ed3-ba07-f1944b591774" name="ptolemy.domains.de.test.junit.JUnitTclTest" skipped="0" tests="101" time="123.225" timestamp="2022-05-11T19:53:52">
  <properties>
[...]
</properties>
  <testcase classname="ptolemy.util.test.junit.TclTests" name="[0] /home/travis/build/icyphy/ptII/ptolemy/domains/de/test/DependencyLoop.tcl (RunTclFile)" time="0.98" />
  <testcase classname="ptolemy.util.test.junit.TclTests" name="[1] /home/travis/build/icyphy/ptII/ptolemy/domains/de/test/RunDETestsAsQSS.tcl (RunTclFile)" time="82.548" />
  <testcase classname="ptolemy.util.test.junit.AutoKnownFailedTests" name="[0] /home/travis/build/icyphy/ptII/ptolemy/domains/de/test/auto/knownFailedTests/DESDFClockTest.xml (RunModel)" time="2.037" />
  <testcase classname="ptolemy.util.test.junit.AutoKnownFailedTests" name="[1] /home/travis/build/icyphy/ptII/ptolemy/domains/de/test/auto/knownFailedTests/DirectFeedback.xml (RunModel)" time="0.019" />
  <testcase classname="ptolemy.util.test.junit.AutoKnownFailedTests" name="[2] /home/travis/build/icyphy/ptII/ptolemy/domains/de/test/auto/knownFailedTests/FSMSource.xml (RunModel)" time="0.038" />
  <testcase classname="ptolemy.util.test.junit.AutoKnownFailedTests" name="[3] /home/travis/build/icyphy/ptII/ptolemy/domains/de/test/auto/knownFailedTests/HierarchicalModel.xml (RunModel)" time="0.046" />
  <testcase classname="ptolemy.util.test.junit.AutoKnownFailedTests" name="[4] /home/travis/build/icyphy/ptII/ptolemy/domains/de/test/auto/knownFailedTests/dependencyLoop.xml (RunModel)" time="0.039" />
  <testcase classname="ptolemy.util.test.junit.AutoKnownFailedTests" name="[5] /home/travis/build/icyphy/ptII/ptolemy/domains/de/test/auto/knownFailedTests/dependencyLoop2.xml (RunModel)" time="0.046" />
  <testcase classname="ptolemy.util.test.junit.AutoNameArchTests" name="[0] ThereAreNoAutoArchTests (RunModel)" time="0.004" />
  <testcase classname="ptolemy.util.test.junit.AutoTests" name="[0] /home/travis/build/icyphy/ptII/ptolemy/domains/de/test/auto/ActorDepthCalculation_actorWithoutPorts.xml (RunModel)" time="0.014" />
  <testcase classname="ptolemy.util.test.junit.AutoTests" name="[1] /home/travis/build/icyphy/ptII/ptolemy/domains/de/test/auto/AssemblyLine.xml (RunModel)" time="0.026" />
  <testcase classname="ptolemy.util.test.junit.AutoTests" name="[2] /home/travis/build/icyphy/ptII/ptolemy/domains/de/test/auto/CQBug1.xml (RunModel)" time="0.016" />
  <testcase classname="ptolemy.util.test.junit.AutoTests" name="[3] /home/travis/build/icyphy/ptII/ptolemy/domains/de/test/auto/CancelFireAt.xml (RunModel)" time="0.01" />
  <testcase classname="ptolemy.util.test.junit.AutoTests" name="[4] /home/travis/build/icyphy/ptII/ptolemy/domains/de/test/auto/CausalityAndComposabilityAnalysis.xml (RunModel)" time="0.014" />
  <testcase classname="ptolemy.util.test.junit.AutoTests" name="[5] /home/travis/build/icyphy/ptII/ptolemy/domains/de/test/auto/CausalityInterface1.xml (RunModel)" time="0.015" />
  <testcase classname="ptolemy.util.test.junit.AutoTests" name="[6] /home/travis/build/icyphy/ptII/ptolemy/domains/de/test/auto/CausalityInterface15.xml (RunModel)" time="0.012" />
  <testcase classname="ptolemy.util.test.junit.AutoTests" name="[7] /home/travis/build/icyphy/ptII/ptolemy/domains/de/test/auto/CausalityInterface2.xml (RunModel)" time="0.012" />
  <testcase classname="ptolemy.util.test.junit.AutoTests" name="[8] /home/travis/build/icyphy/ptII/ptolemy/domains/de/test/auto/CausalityInterface3.xml (RunModel)" time="0.018" />
  <testcase classname="ptolemy.util.test.junit.AutoTests" name="[9] /home/travis/build/icyphy/ptII/ptolemy/domains/de/test/auto/ClockDrift.xml (RunModel)" time="0.043" />
  <testcase classname="ptolemy.util.test.junit.AutoTests" name="[10] /home/travis/build/icyphy/ptII/ptolemy/domains/de/test/auto/ClockDriftAndValueChange.xml (RunModel)" time="0.03" />
  <testcase classname="ptolemy.util.test.junit.AutoTests" name="[11] /home/travis/build/icyphy/ptII/ptolemy/domains/de/test/auto/ClockDriftChange.xml (RunModel)" time="0.03" />
  <testcase classname="ptolemy.util.test.junit.AutoTests" name="[12] /home/travis/build/icyphy/ptII/ptolemy/domains/de/test/auto/ComposableCausalityAnalysis.xml (RunModel)" time="0.018" />
  <testcase classname="ptolemy.util.test.junit.AutoTests" name="[13] /home/travis/build/icyphy/ptII/ptolemy/domains/de/test/auto/DEFixedPointLimitation.xml (RunModel)" time="0.009" />
  <testcase classname="ptolemy.util.test.junit.AutoTests" name="[14] /home/travis/build/icyphy/ptII/ptolemy/domains/de/test/auto/DEScheduleTest.xml (RunModel)" time="0.017" />
  <testcase classname="ptolemy.util.test.junit.AutoTests" name="[15] /home/travis/build/icyphy/ptII/ptolemy/domains/de/test/auto/DEinDEwithStartTimes.xml (RunModel)" time="0.017" />
  <testcase classname="ptolemy.util.test.junit.AutoTests" name="[16] /home/travis/build/icyphy/ptII/ptolemy/domains/de/test/auto/DEinDEwithStartTimes2.xml (RunModel)" time="0.013" />
  <testcase classname="ptolemy.util.test.junit.AutoTests" name="[17] /home/travis/build/icyphy/ptII/ptolemy/domains/de/test/auto/DateDemo.xml (RunModel)" time="0.032" />
  <testcase classname="ptolemy.util.test.junit.AutoTests" name="[18] /home/travis/build/icyphy/ptII/ptolemy/domains/de/test/auto/DateToEvent.xml (RunModel)" time="2.042" />
  <testcase classname="ptolemy.util.test.junit.AutoTests" name="[19] /home/travis/build/icyphy/ptII/ptolemy/domains/de/test/auto/DepthTest1.xml (RunModel)" time="0.008" />
  <testcase classname="ptolemy.util.test.junit.AutoTests" name="[20] /home/travis/build/icyphy/ptII/ptolemy/domains/de/test/auto/DepthTest2.xml (RunModel)" time="0.018" />
  <testcase classname="ptolemy.util.test.junit.AutoTests" name="[21] /home/travis/build/icyphy/ptII/ptolemy/domains/de/test/auto/DepthTest3.xml (RunModel)" time="0.011" />
  <testcase classname="ptolemy.util.test.junit.AutoTests" name="[22] /home/travis/build/icyphy/ptII/ptolemy/domains/de/test/auto/DepthTest4.xml (RunModel)" time="0.02" />
  <testcase classname="ptolemy.util.test.junit.AutoTests" name="[23] /home/travis/build/icyphy/ptII/ptolemy/domains/de/test/auto/DepthTest5.xml (RunModel)" time="0.018" />
  <testcase classname="ptolemy.util.test.junit.AutoTests" name="[24] /home/travis/build/icyphy/ptII/ptolemy/domains/de/test/auto/DepthTest6.xml (RunModel)" time="0.013" />
  <testcase classname="ptolemy.util.test.junit.AutoTests" name="[25] /home/travis/build/icyphy/ptII/ptolemy/domains/de/test/auto/DepthTest7.xml (RunModel)" time="0.038" />
  <testcase classname="ptolemy.util.test.junit.AutoTests" name="[26] /home/travis/build/icyphy/ptII/ptolemy/domains/de/test/auto/EventToDate.xml (RunModel)" time="3.036" />
  <testcase classname="ptolemy.util.test.junit.AutoTests" name="[27] /home/travis/build/icyphy/ptII/ptolemy/domains/de/test/auto/FSM1.xml (RunModel)" time="0.032" />
  <testcase classname="ptolemy.util.test.junit.AutoTests" name="[28] /home/travis/build/icyphy/ptII/ptolemy/domains/de/test/auto/FSM7.xml (RunModel)" time="0.034" />
  <testcase classname="ptolemy.util.test.junit.AutoTests" name="[29] /home/travis/build/icyphy/ptII/ptolemy/domains/de/test/auto/Inspection.xml (RunModel)" time="0.044" />
  <testcase classname="ptolemy.util.test.junit.AutoTests" name="[30] /home/travis/build/icyphy/ptII/ptolemy/domains/de/test/auto/Iteration.xml (RunModel)" time="0.05" />
  <testcase classname="ptolemy.util.test.junit.AutoTests" name="[31] /home/travis/build/icyphy/ptII/ptolemy/domains/de/test/auto/LineFault.xml (RunModel)" time="0.585" />
  <testcase classname="ptolemy.util.test.junit.AutoTests" name="[32] /home/travis/build/icyphy/ptII/ptolemy/domains/de/test/auto/MergeModel1Add.xml (RunModel)" time="0.037" />
  <testcase classname="ptolemy.util.test.junit.AutoTests" name="[33] /home/travis/build/icyphy/ptII/ptolemy/domains/de/test/auto/MergeModel2Add.xml (RunModel)" time="0.04" />
  <testcase classname="ptolemy.util.test.junit.AutoTests" name="[34] /home/travis/build/icyphy/ptII/ptolemy/domains/de/test/auto/MergeModel3Add.xml (RunModel)" time="0.039" />
  <testcase classname="ptolemy.util.test.junit.AutoTests" name="[35] /home/travis/build/icyphy/ptII/ptolemy/domains/de/test/auto/MergeWithoutDiscard.xml (RunModel)" time="0.009" />
  <testcase classname="ptolemy.util.test.junit.AutoTests" name="[36] /home/travis/build/icyphy/ptII/ptolemy/domains/de/test/auto/Modal1.xml (RunModel)" time="0.023" />
  <testcase classname="ptolemy.util.test.junit.AutoTests" name="[37] /home/travis/build/icyphy/ptII/ptolemy/domains/de/test/auto/Modal2.xml (RunModel)" time="0.029" />
  <testcase classname="ptolemy.util.test.junit.AutoTests" name="[38] /home/travis/build/icyphy/ptII/ptolemy/domains/de/test/auto/Modal3.xml (RunModel)" time="0.027" />
  <testcase classname="ptolemy.util.test.junit.AutoTests" name="[39] /home/travis/build/icyphy/ptII/ptolemy/domains/de/test/auto/Modal4.xml (RunModel)" time="0.025" />
  <testcase classname="ptolemy.util.test.junit.AutoTests" name="[40] /home/travis/build/icyphy/ptII/ptolemy/domains/de/test/auto/Modal5.xml (RunModel)" time="0.03" />
  <testcase classname="ptolemy.util.test.junit.AutoTests" name="[41] /home/travis/build/icyphy/ptII/ptolemy/domains/de/test/auto/Modal6.xml (RunModel)" time="0.028" />
  <testcase classname="ptolemy.util.test.junit.AutoTests" name="[42] /home/travis/build/icyphy/ptII/ptolemy/domains/de/test/auto/Modal7.xml (RunModel)" time="0.033" />
  <testcase classname="ptolemy.util.test.junit.AutoTests" name="[43] /home/travis/build/icyphy/ptII/ptolemy/domains/de/test/auto/ModalModel.xml (RunModel)" time="0.159" />
  <testcase classname="ptolemy.util.test.junit.AutoTests" name="[44] /home/travis/build/icyphy/ptII/ptolemy/domains/de/test/auto/ModalSource.xml (RunModel)" time="0.023" />
  <testcase classname="ptolemy.util.test.junit.AutoTests" name="[45] /home/travis/build/icyphy/ptII/ptolemy/domains/de/test/auto/NonInterruptibleTimerZeroDelay.xml (RunModel)" time="0.008" />
  <testcase classname="ptolemy.util.test.junit.AutoTests" name="[46] /home/travis/build/icyphy/ptII/ptolemy/domains/de/test/auto/OpenQueueingNetwork.xml (RunModel)" time="2.439" />
  <testcase classname="ptolemy.util.test.junit.AutoTests" name="[47] /home/travis/build/icyphy/ptII/ptolemy/domains/de/test/auto/OpenQueuingNetwork.xml (RunModel)" time="0.26" />
  <testcase classname="ptolemy.util.test.junit.AutoTests" name="[48] /home/travis/build/icyphy/ptII/ptolemy/domains/de/test/auto/PeriodicSampler.xml (RunModel)" time="0.008" />
  <testcase classname="ptolemy.util.test.junit.AutoTests" name="[49] /home/travis/build/icyphy/ptII/ptolemy/domains/de/test/auto/PersistentIO.xml (RunModel)" time="0.036" />
  <testcase classname="ptolemy.util.test.junit.AutoTests" name="[50] /home/travis/build/icyphy/ptII/ptolemy/domains/de/test/auto/PortParameterResetOnInitialize.xml (RunModel)" time="0.01" />
  <testcase classname="ptolemy.util.test.junit.AutoTests" name="[51] /home/travis/build/icyphy/ptII/ptolemy/domains/de/test/auto/PortParameterUpdates.xml (RunModel)" time="0.014" />
  <testcase classname="ptolemy.util.test.junit.AutoTests" name="[52] /home/travis/build/icyphy/ptII/ptolemy/domains/de/test/auto/QueueAndServer.xml (RunModel)" time="0.017" />
  <testcase classname="ptolemy.util.test.junit.AutoTests" name="[53] /home/travis/build/icyphy/ptII/ptolemy/domains/de/test/auto/Records.xml (RunModel)" time="0.02" />
  <testcase classname="ptolemy.util.test.junit.AutoTests" name="[54] /home/travis/build/icyphy/ptII/ptolemy/domains/de/test/auto/ResetTransitionWithStartTime1.xml (RunModel)" time="0.016" />
  <testcase classname="ptolemy.util.test.junit.AutoTests" name="[55] /home/travis/build/icyphy/ptII/ptolemy/domains/de/test/auto/ResetTransitionWithStartTime2.xml (RunModel)" time="0.016" />
  <testcase classname="ptolemy.util.test.junit.AutoTests" name="[56] /home/travis/build/icyphy/ptII/ptolemy/domains/de/test/auto/ResetTransitionWithStartTime3.xml (RunModel)" time="0.023" />
  <testcase classname="ptolemy.util.test.junit.AutoTests" name="[57] /home/travis/build/icyphy/ptII/ptolemy/domains/de/test/auto/ResetTransitionWithStartTime4.xml (RunModel)" time="0.018" />
  <testcase classname="ptolemy.util.test.junit.AutoTests" name="[58] /home/travis/build/icyphy/ptII/ptolemy/domains/de/test/auto/ResettableTimer1.xml (RunModel)" time="0.009" />
  <testcase classname="ptolemy.util.test.junit.AutoTests" name="[59] /home/travis/build/icyphy/ptII/ptolemy/domains/de/test/auto/ResettableTimer2.xml (RunModel)" time="0.009" />
  <testcase classname="ptolemy.util.test.junit.AutoTests" name="[60] /home/travis/build/icyphy/ptII/ptolemy/domains/de/test/auto/ResettableTimer3.xml (RunModel)" time="0.008" />
  <testcase classname="ptolemy.util.test.junit.AutoTests" name="[61] /home/travis/build/icyphy/ptII/ptolemy/domains/de/test/auto/ResettableTimer4.xml (RunModel)" time="0.007" />
  <testcase classname="ptolemy.util.test.junit.AutoTests" name="[62] /home/travis/build/icyphy/ptII/ptolemy/domains/de/test/auto/ResettableTimer5.xml (RunModel)" time="0.01" />
  <testcase classname="ptolemy.util.test.junit.AutoTests" name="[63] /home/travis/build/icyphy/ptII/ptolemy/domains/de/test/auto/ResettableTimer6.xml (RunModel)" time="0.015" />
  <testcase classname="ptolemy.util.test.junit.AutoTests" name="[64] /home/travis/build/icyphy/ptII/ptolemy/domains/de/test/auto/ServerZeroDelay.xml (RunModel)" time="0.009" />
  <testcase classname="ptolemy.util.test.junit.AutoTests" name="[65] /home/travis/build/icyphy/ptII/ptolemy/domains/de/test/auto/SmartSender.xml (RunModel)" time="3.009" />
  <testcase classname="ptolemy.util.test.junit.AutoTests" name="[66] /home/travis/build/icyphy/ptII/ptolemy/domains/de/test/auto/ThreadedComposite.xml (RunModel)" time="0.127" />
  <testcase classname="ptolemy.util.test.junit.AutoTests" name="[67] /home/travis/build/icyphy/ptII/ptolemy/domains/de/test/auto/Time.xml (RunModel)" time="0.368" />
  <testcase classname="ptolemy.util.test.junit.AutoTests" name="[68] /home/travis/build/icyphy/ptII/ptolemy/domains/de/test/auto/TimeDelayZeroDelay.xml (RunModel)" time="0.011" />
  <testcase classname="ptolemy.util.test.junit.AutoTests" name="[69] /home/travis/build/icyphy/ptII/ptolemy/domains/de/test/auto/TimerZeroDelay.xml (RunModel)" time="0.011" />
  <testcase classname="ptolemy.util.test.junit.AutoTests" name="[70] /home/travis/build/icyphy/ptII/ptolemy/domains/de/test/auto/TimingParadox.xml (RunModel)" time="0.292" />
  <testcase classname="ptolemy.util.test.junit.AutoTests" name="[71] /home/travis/build/icyphy/ptII/ptolemy/domains/de/test/auto/TransferInputs.xml (RunModel)" time="0.027" />
  <testcase classname="ptolemy.util.test.junit.AutoTests" name="[72] /home/travis/build/icyphy/ptII/ptolemy/domains/de/test/auto/TransferOutputs2.xml (RunModel)" time="0.043" />
  <testcase classname="ptolemy.util.test.junit.AutoTests" name="[73] /home/travis/build/icyphy/ptII/ptolemy/domains/de/test/auto/Trilateration.xml (RunModel)" time="11.375" />
  <testcase classname="ptolemy.util.test.junit.AutoTests" name="[74] /home/travis/build/icyphy/ptII/ptolemy/domains/de/test/auto/TwoSigmaDelta.xml (RunModel)" time="1.844" />
  <testcase classname="ptolemy.util.test.junit.AutoTests" name="[75] /home/travis/build/icyphy/ptII/ptolemy/domains/de/test/auto/VariableDelay.xml (RunModel)" time="0.018" />
  <testcase classname="ptolemy.util.test.junit.AutoTests" name="[76] /home/travis/build/icyphy/ptII/ptolemy/domains/de/test/auto/VariableDelay2.xml (RunModel)" time="0.013" />
  <testcase classname="ptolemy.util.test.junit.AutoTests" name="[77] /home/travis/build/icyphy/ptII/ptolemy/domains/de/test/auto/VariableDelayZeroDelay.xml (RunModel)" time="0.01" />
  <testcase classname="ptolemy.util.test.junit.AutoTests" name="[78] /home/travis/build/icyphy/ptII/ptolemy/domains/de/test/auto/VariableDelayZeroDelay2.xml (RunModel)" time="0.029" />
  <testcase classname="ptolemy.util.test.junit.AutoTests" name="[79] /home/travis/build/icyphy/ptII/ptolemy/domains/de/test/auto/deInCt.xml (RunModel)" time="0.016" />
  <testcase classname="ptolemy.util.test.junit.AutoTests" name="[80] /home/travis/build/icyphy/ptII/ptolemy/domains/de/test/auto/deInCt2.xml (RunModel)" time="0.023" />
  <testcase classname="ptolemy.util.test.junit.AutoTests" name="[81] /home/travis/build/icyphy/ptII/ptolemy/domains/de/test/auto/dynamicCausalityInterface1.xml (RunModel)" time="0.019" />
  <testcase classname="ptolemy.util.test.junit.AutoTests" name="[82] /home/travis/build/icyphy/ptII/ptolemy/domains/de/test/auto/fsm_de_test.xml (RunModel)" time="0.021" />
  <testcase classname="ptolemy.util.test.junit.AutoTests" name="[83] /home/travis/build/icyphy/ptII/ptolemy/domains/de/test/auto/functionDependencyReconstruction.xml (RunModel)" time="0.046" />
  <testcase classname="ptolemy.util.test.junit.AutoTests" name="[84] /home/travis/build/icyphy/ptII/ptolemy/domains/de/test/auto/multirate.xml (RunModel)" time="0.031" />
  <testcase classname="ptolemy.util.test.junit.AutoTests" name="[85] /home/travis/build/icyphy/ptII/ptolemy/domains/de/test/auto/multirate2.xml (RunModel)" time="0.017" />
  <testcase classname="ptolemy.util.test.junit.AutoTests" name="[86] /home/travis/build/icyphy/ptII/ptolemy/domains/de/test/auto/realtime.xml (RunModel)" time="10.015" />
  <testcase classname="ptolemy.util.test.junit.AutoTests" name="[87] /home/travis/build/icyphy/ptII/ptolemy/domains/de/test/auto/relationGroup.xml (RunModel)" time="0.007" />
  <testcase classname="ptolemy.util.test.junit.AutoTests" name="[88] /home/travis/build/icyphy/ptII/ptolemy/domains/de/test/auto/relationGroup2.xml (RunModel)" time="0.01" />
  <testcase classname="ptolemy.util.test.junit.AutoTests" name="[89] /home/travis/build/icyphy/ptII/ptolemy/domains/de/test/auto/sortWithOpaquePorts.xml (RunModel)" time="0.012" />
  <testcase classname="ptolemy.util.test.junit.AutoTests" name="[90] /home/travis/build/icyphy/ptII/ptolemy/domains/de/test/auto/transferInputsandOutputs.xml (RunModel)" time="0.013" />
  <testcase classname="ptolemy.util.test.junit.AutoTests" name="[91] /home/travis/build/icyphy/ptII/ptolemy/domains/de/test/auto/triggerType.xml (RunModel)" time="0.007" />
  <system-out><![CDATA[/home/travis/build/icyphy/ptII/ptolemy/domains/de/test/DependencyLoop.tcl
testDefs.tcl: setting time out to 9000 seconds at Wed May 11 19:53:52 UTC 2022
86 ms. Memory: 129024K Free: 77690K (60%)
25 ms. Memory: 129024K Free: 60282K (47%)
/home/travis/build/icyphy/ptII/ptolemy/domains/de/test/RunDETestsAsQSS.tcl
Run the DE tests using ptolemy.domains.qss.test.QSSDirectorTest, which extends QSSDirector and prints a message in the constructors.
------------------ testing $PTII/ptolemy/domains/de/test/auto/knownFailedTests/dependencyLoop2.xml (Known Failure) 
20 ms. Memory: 129024K Free: 57210K (44%)


==== $PTIIhome/travis/build/icyphy/ptII/ptolemy/domains/de/test/../../../../: Auto Automatic test in file $PTII/ptolemy/domains/de/test/auto/knownFailedTests/dependencyLoop2.xml
==== Contents of test case:

	    # FIXME: we should use $relativeFilename here, but it
	    # might have backslashes under Windows, which causes no end
	    # of trouble.
	    createAndExecute $file
	    list {}
	
.... Test generated KNOWN error:
    while executing
ptolemy.kernel.util.IllegalActionException: Found a zero delay loop containing .dependencyLoop2.original
  in .dependencyLoop2 and .dependencyLoop2.original
	at ptolemy.actor.util.CausalityInterfaceForComposites._computeOutputPortDepth(CausalityInterfaceForComposites.java:759)
	at ptolemy.actor.util.CausalityInterfaceForComposites._computeInputDepth(CausalityInterfaceForComposites.java:696)
	at ptolemy.actor.util.CausalityInterfaceForComposites._computeOutputPortDepth(CausalityInterfaceForComposites.java:765)
	at ptolemy.actor.util.CausalityInterfaceForComposites._computeInputDepth(CausalityInterfaceForComposites.java:696)
	at ptolemy.actor.util.CausalityInterfaceForComposites._computeOutputPortDepth(CausalityInterfaceForComposites.java:765)
	at ptolemy.actor.util.CausalityInterfaceForComposites._computeInputDepth(CausalityInterfaceForComposites.java:696)
	at ptolemy.actor.util.CausalityInterfaceForComposites._computeActorDepth(CausalityInterfaceForComposites.java:532)
	at ptolemy.actor.util.CausalityInterfaceForComposites.checkForCycles(CausalityInterfaceForComposites.java:96)
	at ptolemy.domains.de.kernel.DEDirector.preinitialize(DEDirector.java:1338)
	at ptolemy.actor.CompositeActor.preinitialize(CompositeActor.java:1828)
	at ptolemy.actor.Manager.preinitializeAndResolveTypes(Manager.java:1040)
	at ptolemy.actor.Manager.initialize(Manager.java:710)
	at ptolemy.actor.Manager.execute(Manager.java:356)
	at ptolemy.actor.Manager.run(Manager.java:1263)
	at ptolemy.actor.Manager$PtolemyRunThread.run(Manager.java:1933)

    while executing
ptolemy.kernel.util.IllegalActionException: Found a zero delay loop containing .dependencyLoop2.original
  in .dependencyLoop2 and .dependencyLoop2.original
    while executing
"java::new ptolemy.moml.MoMLSimpleApplication $file
"
    (procedure "createAndExecute" line 2)
    invoked from within
"createAndExecute $file"
    ("uplevel" body line 5)
    invoked from within
"uplevel $contents_of_test"
------------------ testing $PTII/ptolemy/domains/de/test/auto/knownFailedTests/dependencyLoop.xml (Known Failure) 
10 ms. Memory: 129024K Free: 54138K (42%)


==== $PTIIhome/travis/build/icyphy/ptII/ptolemy/domains/de/test/../../../../: Auto Automatic test in file $PTII/ptolemy/domains/de/test/auto/knownFailedTests/dependencyLoop.xml
==== Contents of test case:

	    # FIXME: we should use $relativeFilename here, but it
	    # might have backslashes under Windows, which causes no end
	    # of trouble.
	    createAndExecute $file
	    list {}
	
.... Test generated KNOWN error:
    while executing
ptolemy.kernel.util.IllegalActionException: Found a zero delay loop containing .dependencyLoop.original
  in .dependencyLoop and .dependencyLoop.original
	at ptolemy.actor.util.CausalityInterfaceForComposites._computeOutputPortDepth(CausalityInterfaceForComposites.java:759)
	at ptolemy.actor.util.CausalityInterfaceForComposites._computeInputDepth(CausalityInterfaceForComposites.java:696)
	at ptolemy.actor.util.CausalityInterfaceForComposites._computeOutputPortDepth(CausalityInterfaceForComposites.java:765)
	at ptolemy.actor.util.CausalityInterfaceForComposites._computeInputDepth(CausalityInterfaceForComposites.java:696)
	at ptolemy.actor.util.CausalityInterfaceForComposites._computeOutputPortDepth(CausalityInterfaceForComposites.java:765)
	at ptolemy.actor.util.CausalityInterfaceForComposites._computeInputDepth(CausalityInterfaceForComposites.java:696)
	at ptolemy.actor.util.CausalityInterfaceForComposites._computeActorDepth(CausalityInterfaceForComposites.java:532)
	at ptolemy.actor.util.CausalityInterfaceForComposites.checkForCycles(CausalityInterfaceForComposites.java:96)
	at ptolemy.domains.de.kernel.DEDirector.preinitialize(DEDirector.java:1338)
	at ptolemy.actor.CompositeActor.preinitialize(CompositeActor.java:1828)
	at ptolemy.actor.Manager.preinitializeAndResolveTypes(Manager.java:1040)
	at ptolemy.actor.Manager.initialize(Manager.java:710)
	at ptolemy.actor.Manager.execute(Manager.java:356)
	at ptolemy.actor.Manager.run(Manager.java:1263)
	at ptolemy.actor.Manager$PtolemyRunThread.run(Manager.java:1933)

    while executing
ptolemy.kernel.util.IllegalActionException: Found a zero delay loop containing .dependencyLoop.original
  in .dependencyLoop and .dependencyLoop.original
    while executing
"java::new ptolemy.moml.MoMLSimpleApplication $file
"
    (procedure "createAndExecute" line 2)
    invoked from within
"createAndExecute $file"
    ("uplevel" body line 5)
    invoked from within
"uplevel $contents_of_test"
------------------ testing $PTII/ptolemy/domains/de/test/auto/knownFailedTests/DirectFeedback.xml (Known Failure) 
31 ms. Memory: 129024K Free: 49528K (38%)


==== $PTIIhome/travis/build/icyphy/ptII/ptolemy/domains/de/test/../../../../: Auto Automatic test in file $PTII/ptolemy/domains/de/test/auto/knownFailedTests/DirectFeedback.xml
==== Contents of test case:

	    # FIXME: we should use $relativeFilename here, but it
	    # might have backslashes under Windows, which causes no end
	    # of trouble.
	    createAndExecute $file
	    list {}
	
.... Test generated KNOWN error:
    while executing
ptolemy.kernel.util.IllegalActionException: Test fails in iteration 1.
Value was: 1.0. Should have been: 2.0
  in .DirectFeedback.Test
	at ptolemy.actor.lib.Test.fire(Test.java:268)
	at ptolemy.domains.de.kernel.DEDirector._fire(DEDirector.java:1949)
	at ptolemy.domains.de.kernel.DEDirector.fire(DEDirector.java:502)
	at ptolemy.actor.CompositeActor.fire(CompositeActor.java:455)
	at ptolemy.actor.Manager.iterate(Manager.java:851)
	at ptolemy.actor.Manager.execute(Manager.java:369)
	at ptolemy.actor.Manager.run(Manager.java:1263)
	at ptolemy.actor.Manager$PtolemyRunThread.run(Manager.java:1933)

    while executing
ptolemy.kernel.util.IllegalActionException: Test fails in iteration 1.
Value was: 1.0. Should have been: 2.0
  in .DirectFeedback.Test
    while executing
"java::new ptolemy.moml.MoMLSimpleApplication $file
"
    (procedure "createAndExecute" line 2)
    invoked from within
"createAndExecute $file"
    ("uplevel" body line 5)
    invoked from within
"uplevel $contents_of_test"
------------------ testing $PTII/ptolemy/domains/de/test/auto/knownFailedTests/HierarchicalModel.xml (Known Failure) 
7 ms. Memory: 129024K Free: 97795K (76%)


==== $PTIIhome/travis/build/icyphy/ptII/ptolemy/domains/de/test/../../../../: Auto Automatic test in file $PTII/ptolemy/domains/de/test/auto/knownFailedTests/HierarchicalModel.xml
==== Contents of test case:

	    # FIXME: we should use $relativeFilename here, but it
	    # might have backslashes under Windows, which causes no end
	    # of trouble.
	    createAndExecute $file
	    list {}
	
.... Test generated KNOWN error:
    while executing
ptolemy.kernel.util.IllegalActionException: Found a zero delay loop containing .HierarchicalModel.A
  in .HierarchicalModel and .HierarchicalModel.A
	at ptolemy.actor.util.CausalityInterfaceForComposites._computeOutputPortDepth(CausalityInterfaceForComposites.java:759)
	at ptolemy.actor.util.CausalityInterfaceForComposites._computeInputDepth(CausalityInterfaceForComposites.java:696)
	at ptolemy.actor.util.CausalityInterfaceForComposites._computeOutputPortDepth(CausalityInterfaceForComposites.java:765)
	at ptolemy.actor.util.CausalityInterfaceForComposites._computeInputDepth(CausalityInterfaceForComposites.java:696)
	at ptolemy.actor.util.CausalityInterfaceForComposites._computeOutputPortDepth(CausalityInterfaceForComposites.java:765)
	at ptolemy.actor.util.CausalityInterfaceForComposites._computeInputDepth(CausalityInterfaceForComposites.java:696)
	at ptolemy.actor.util.CausalityInterfaceForComposites._computeActorDepth(CausalityInterfaceForComposites.java:532)
	at ptolemy.actor.util.CausalityInterfaceForComposites.checkForCycles(CausalityInterfaceForComposites.java:96)
	at ptolemy.domains.de.kernel.DEDirector.preinitialize(DEDirector.java:1338)
	at ptolemy.actor.CompositeActor.preinitialize(CompositeActor.java:1828)
	at ptolemy.actor.Manager.preinitializeAndResolveTypes(Manager.java:1040)
	at ptolemy.actor.Manager.initialize(Manager.java:710)
	at ptolemy.actor.Manager.execute(Manager.java:356)
	at ptolemy.actor.Manager.run(Manager.java:1263)
	at ptolemy.actor.Manager$PtolemyRunThread.run(Manager.java:1933)

    while executing
ptolemy.kernel.util.IllegalActionException: Found a zero delay loop containing .HierarchicalModel.A
  in .HierarchicalModel and .HierarchicalModel.A
    while executing
"java::new ptolemy.moml.MoMLSimpleApplication $file
"
    (procedure "createAndExecute" line 2)
    invoked from within
"createAndExecute $file"
    ("uplevel" body line 5)
    invoked from within
"uplevel $contents_of_test"
------------------ testing $PTII/ptolemy/domains/de/test/auto/knownFailedTests/FSMSource.xml (Known Failure) 
52 ms. Memory: 129024K Free: 88579K (69%)
!!!! Auto was marked as failing, but now passes
------------------ testing $PTII/ptolemy/domains/de/test/auto/knownFailedTests/DESDFClockTest.xml (Known Failure) 
2046 ms. Memory: 129024K Free: 76305K (59%)


==== $PTIIhome/travis/build/icyphy/ptII/ptolemy/domains/de/test/../../../../: Auto Automatic test in file $PTII/ptolemy/domains/de/test/auto/knownFailedTests/DESDFClockTest.xml
==== Contents of test case:

	    # FIXME: we should use $relativeFilename here, but it
	    # might have backslashes under Windows, which causes no end
	    # of trouble.
	    createAndExecute $file
	    list {}
	
.... Test generated KNOWN error:
    while executing
ptolemy.kernel.util.IllegalActionException: Actor is not ready to fire.  Perhaps UpSample.prefire() returned false? Try debugging the actor by selecting "Listen to Actor".  Also, for SDF check moml for tokenConsumptionRate on input.
  in .DESDFClockTest.Play Bell.Copy1:SDF Director and .DESDFClockTest.Play Bell.UpSample
	at ptolemy.actor.sched.StaticSchedulingDirector.fire(StaticSchedulingDirector.java:227)
	at ptolemy.domains.sdf.kernel.SDFDirector.fire(SDFDirector.java:500)
	at ptolemy.actor.CompositeActor.fire(CompositeActor.java:455)
	at ptolemy.domains.de.kernel.DEDirector._fire(DEDirector.java:1949)
	at ptolemy.domains.de.kernel.DEDirector.fire(DEDirector.java:502)
	at ptolemy.actor.CompositeActor.fire(CompositeActor.java:455)
	at ptolemy.actor.Manager.iterate(Manager.java:851)
	at ptolemy.actor.Manager.execute(Manager.java:369)
	at ptolemy.actor.Manager.run(Manager.java:1263)
	at ptolemy.actor.Manager$PtolemyRunThread.run(Manager.java:1933)

    while executing
ptolemy.kernel.util.IllegalActionException: Actor is not ready to fire.  Perhaps UpSample.prefire() returned false? Try debugging the actor by selecting "Listen to Actor".  Also, for SDF check moml for tokenConsumptionRate on input.
  in .DESDFClockTest.Play Bell.Copy1:SDF Director and .DESDFClockTest.Play Bell.UpSample
    while executing
"java::new ptolemy.moml.MoMLSimpleApplication $file
"
    (procedure "createAndExecute" line 2)
    invoked from within
"createAndExecute $file"
    ("uplevel" body line 5)
    invoked from within
"uplevel $contents_of_test"
------------------ testing $PTII/ptolemy/domains/de/test/auto/ActorDepthCalculation_actorWithoutPorts.xml
auto.tcl: Setting watchdog for 200 seconds at Wed May 11 19:53:56 UTC 2022
8 ms. Memory: 129024K Free: 68627K (53%)
ptolemy.util.test.WatchDog.cancel(): canceling Wed May 11 19:53:56 UTC 2022
auto.tcl: Setting watchdog for 200 seconds at Wed May 11 19:53:56 UTC 2022
3 ms. Memory: 129024K Free: 67083K (52%)
ptolemy.util.test.WatchDog.cancel(): canceling Wed May 11 19:53:56 UTC 2022
------------------ testing $PTII/ptolemy/domains/de/test/auto/AssemblyLine.xml
auto.tcl: Setting watchdog for 200 seconds at Wed May 11 19:53:56 UTC 2022
15 ms. Memory: 55296K Free: 31601K (57%)
ptolemy.util.test.WatchDog.cancel(): canceling Wed May 11 19:53:56 UTC 2022
auto.tcl: Setting watchdog for 200 seconds at Wed May 11 19:53:56 UTC 2022
6 ms. Memory: 55296K Free: 30623K (55%)
ptolemy.util.test.WatchDog.cancel(): canceling Wed May 11 19:53:56 UTC 2022
------------------ testing $PTII/ptolemy/domains/de/test/auto/CQBug1.xml
auto.tcl: Setting watchdog for 200 seconds at Wed May 11 19:53:56 UTC 2022
3 ms. Memory: 51200K Free: 33019K (64%)
ptolemy.util.test.WatchDog.cancel(): canceling Wed May 11 19:53:56 UTC 2022
auto.tcl: Setting watchdog for 200 seconds at Wed May 11 19:53:56 UTC 2022
2 ms. Memory: 51200K Free: 32566K (64%)
ptolemy.util.test.WatchDog.cancel(): canceling Wed May 11 19:53:56 UTC 2022
------------------ testing $PTII/ptolemy/domains/de/test/auto/CancelFireAt.xml
auto.tcl: Setting watchdog for 200 seconds at Wed May 11 19:53:56 UTC 2022
5 ms. Memory: 51200K Free: 34129K (67%)
ptolemy.util.test.WatchDog.cancel(): canceling Wed May 11 19:53:56 UTC 2022
auto.tcl: Setting watchdog for 200 seconds at Wed May 11 19:53:56 UTC 2022
2 ms. Memory: 51200K Free: 33752K (66%)
ptolemy.util.test.WatchDog.cancel(): canceling Wed May 11 19:53:56 UTC 2022
------------------ testing $PTII/ptolemy/domains/de/test/auto/CausalityAndComposabilityAnalysis.xml
auto.tcl: Setting watchdog for 200 seconds at Wed May 11 19:53:56 UTC 2022
13 ms. Memory: 51200K Free: 32191K (63%)
ptolemy.util.test.WatchDog.cancel(): canceling Wed May 11 19:53:56 UTC 2022
auto.tcl: Setting watchdog for 200 seconds at Wed May 11 19:53:56 UTC 2022
4 ms. Memory: 51200K Free: 31755K (62%)
ptolemy.util.test.WatchDog.cancel(): canceling Wed May 11 19:53:56 UTC 2022
------------------ testing $PTII/ptolemy/domains/de/test/auto/CausalityInterface1.xml
auto.tcl: Setting watchdog for 200 seconds at Wed May 11 19:53:57 UTC 2022
23 ms. Memory: 51200K Free: 31135K (61%)
ptolemy.util.test.WatchDog.cancel(): canceling Wed May 11 19:53:57 UTC 2022
auto.tcl: Setting watchdog for 200 seconds at Wed May 11 19:53:57 UTC 2022
3 ms. Memory: 51200K Free: 30175K (59%)
ptolemy.util.test.WatchDog.cancel(): canceling Wed May 11 19:53:57 UTC 2022
------------------ testing $PTII/ptolemy/domains/de/test/auto/CausalityInterface15.xml
auto.tcl: Setting watchdog for 200 seconds at Wed May 11 19:53:57 UTC 2022
13 ms. Memory: 51200K Free: 30711K (60%)
ptolemy.util.test.WatchDog.cancel(): canceling Wed May 11 19:53:57 UTC 2022
auto.tcl: Setting watchdog for 200 seconds at Wed May 11 19:53:57 UTC 2022
4 ms. Memory: 51200K Free: 30100K (59%)
ptolemy.util.test.WatchDog.cancel(): canceling Wed May 11 19:53:57 UTC 2022
------------------ testing $PTII/ptolemy/domains/de/test/auto/CausalityInterface2.xml
auto.tcl: Setting watchdog for 200 seconds at Wed May 11 19:53:57 UTC 2022
6 ms. Memory: 51200K Free: 31877K (62%)
ptolemy.util.test.WatchDog.cancel(): canceling Wed May 11 19:53:57 UTC 2022
auto.tcl: Setting watchdog for 200 seconds at Wed May 11 19:53:57 UTC 2022
2 ms. Memory: 51200K Free: 31131K (61%)
ptolemy.util.test.WatchDog.cancel(): canceling Wed May 11 19:53:57 UTC 2022
------------------ testing $PTII/ptolemy/domains/de/test/auto/CausalityInterface3.xml
auto.tcl: Setting watchdog for 200 seconds at Wed May 11 19:53:57 UTC 2022
7 ms. Memory: 51200K Free: 31324K (61%)
ptolemy.util.test.WatchDog.cancel(): canceling Wed May 11 19:53:57 UTC 2022
auto.tcl: Setting watchdog for 200 seconds at Wed May 11 19:53:57 UTC 2022
3 ms. Memory: 51200K Free: 30572K (60%)
ptolemy.util.test.WatchDog.cancel(): canceling Wed May 11 19:53:57 UTC 2022
------------------ testing $PTII/ptolemy/domains/de/test/auto/ClockDrift.xml
auto.tcl: Setting watchdog for 200 seconds at Wed May 11 19:53:57 UTC 2022
98 ms. Memory: 51200K Free: 23648K (46%)
ptolemy.util.test.WatchDog.cancel(): canceling Wed May 11 19:53:57 UTC 2022
auto.tcl: Setting watchdog for 200 seconds at Wed May 11 19:53:57 UTC 2022
59 ms. Memory: 51200K Free: 20472K (40%)
ptolemy.util.test.WatchDog.cancel(): canceling Wed May 11 19:53:57 UTC 2022
------------------ testing $PTII/ptolemy/domains/de/test/auto/ClockDriftAndValueChange.xml
auto.tcl: Setting watchdog for 200 seconds at Wed May 11 19:53:57 UTC 2022
27 ms. Memory: 51200K Free: 24264K (47%)
ptolemy.util.test.WatchDog.cancel(): canceling Wed May 11 19:53:57 UTC 2022
auto.tcl: Setting watchdog for 200 seconds at Wed May 11 19:53:57 UTC 2022
22 ms. Memory: 51200K Free: 21192K (41%)
ptolemy.util.test.WatchDog.cancel(): canceling Wed May 11 19:53:57 UTC 2022
------------------ testing $PTII/ptolemy/domains/de/test/auto/ClockDriftChange.xml
auto.tcl: Setting watchdog for 200 seconds at Wed May 11 19:53:57 UTC 2022
23 ms. Memory: 51200K Free: 25775K (50%)
ptolemy.util.test.WatchDog.cancel(): canceling Wed May 11 19:53:57 UTC 2022
auto.tcl: Setting watchdog for 200 seconds at Wed May 11 19:53:57 UTC 2022
23 ms. Memory: 51200K Free: 23407K (46%)
ptolemy.util.test.WatchDog.cancel(): canceling Wed May 11 19:53:57 UTC 2022
------------------ testing $PTII/ptolemy/domains/de/test/auto/ComposableCausalityAnalysis.xml
auto.tcl: Setting watchdog for 200 seconds at Wed May 11 19:53:57 UTC 2022
2 ms. Memory: 51200K Free: 30580K (60%)
ptolemy.util.test.WatchDog.cancel(): canceling Wed May 11 19:53:57 UTC 2022
auto.tcl: Setting watchdog for 200 seconds at Wed May 11 19:53:57 UTC 2022
2 ms. Memory: 51200K Free: 29558K (58%)
ptolemy.util.test.WatchDog.cancel(): canceling Wed May 11 19:53:57 UTC 2022
------------------ testing $PTII/ptolemy/domains/de/test/auto/DEFixedPointLimitation.xml
auto.tcl: Setting watchdog for 200 seconds at Wed May 11 19:53:57 UTC 2022
2 ms. Memory: 51200K Free: 31989K (62%)
ptolemy.util.test.WatchDog.cancel(): canceling Wed May 11 19:53:57 UTC 2022
auto.tcl: Setting watchdog for 200 seconds at Wed May 11 19:53:57 UTC 2022
5 ms. Memory: 51200K Free: 31118K (61%)
ptolemy.util.test.WatchDog.cancel(): canceling Wed May 11 19:53:57 UTC 2022
------------------ testing $PTII/ptolemy/domains/de/test/auto/DEScheduleTest.xml
auto.tcl: Setting watchdog for 200 seconds at Wed May 11 19:53:58 UTC 2022
6 ms. Memory: 51200K Free: 32336K (63%)
ptolemy.util.test.WatchDog.cancel(): canceling Wed May 11 19:53:58 UTC 2022
auto.tcl: Setting watchdog for 200 seconds at Wed May 11 19:53:58 UTC 2022
2 ms. Memory: 51200K Free: 31581K (62%)
ptolemy.util.test.WatchDog.cancel(): canceling Wed May 11 19:53:58 UTC 2022
------------------ testing $PTII/ptolemy/domains/de/test/auto/DEinDEwithStartTimes.xml
auto.tcl: Setting watchdog for 200 seconds at Wed May 11 19:53:58 UTC 2022
4 ms. Memory: 51200K Free: 30526K (60%)
ptolemy.util.test.WatchDog.cancel(): canceling Wed May 11 19:53:58 UTC 2022
auto.tcl: Setting watchdog for 200 seconds at Wed May 11 19:53:58 UTC 2022
5 ms. Memory: 51200K Free: 29502K (58%)
ptolemy.util.test.WatchDog.cancel(): canceling Wed May 11 19:53:58 UTC 2022
------------------ testing $PTII/ptolemy/domains/de/test/auto/DEinDEwithStartTimes2.xml
auto.tcl: Setting watchdog for 200 seconds at Wed May 11 19:53:58 UTC 2022
5 ms. Memory: 51200K Free: 29649K (58%)
ptolemy.util.test.WatchDog.cancel(): canceling Wed May 11 19:53:58 UTC 2022
auto.tcl: Setting watchdog for 200 seconds at Wed May 11 19:53:58 UTC 2022
4 ms. Memory: 51200K Free: 28457K (56%)
ptolemy.util.test.WatchDog.cancel(): canceling Wed May 11 19:53:58 UTC 2022
------------------ testing $PTII/ptolemy/domains/de/test/auto/DateDemo.xml
auto.tcl: Setting watchdog for 200 seconds at Wed May 11 19:53:58 UTC 2022
18 ms. Memory: 51200K Free: 24336K (48%)
ptolemy.util.test.WatchDog.cancel(): canceling Wed May 11 19:53:58 UTC 2022
auto.tcl: Setting watchdog for 200 seconds at Wed May 11 19:53:58 UTC 2022
10 ms. Memory: 51200K Free: 22469K (44%)
ptolemy.util.test.WatchDog.cancel(): canceling Wed May 11 19:53:58 UTC 2022
------------------ testing $PTII/ptolemy/domains/de/test/auto/DateToEvent.xml
auto.tcl: Setting watchdog for 200 seconds at Wed May 11 19:53:58 UTC 2022
2008 ms. Memory: 51200K Free: 19504K (38%)
ptolemy.util.test.WatchDog.cancel(): canceling Wed May 11 19:54:00 UTC 2022
auto.tcl: Setting watchdog for 200 seconds at Wed May 11 19:54:00 UTC 2022
2005 ms. Memory: 51200K Free: 18994K (37%)
ptolemy.util.test.WatchDog.cancel(): canceling Wed May 11 19:54:02 UTC 2022
------------------ testing $PTII/ptolemy/domains/de/test/auto/DepthTest1.xml
auto.tcl: Setting watchdog for 200 seconds at Wed May 11 19:54:02 UTC 2022
4 ms. Memory: 51200K Free: 33140K (65%)
ptolemy.util.test.WatchDog.cancel(): canceling Wed May 11 19:54:02 UTC 2022
auto.tcl: Setting watchdog for 200 seconds at Wed May 11 19:54:02 UTC 2022
1 ms. Memory: 51200K Free: 32662K (64%)
ptolemy.util.test.WatchDog.cancel(): canceling Wed May 11 19:54:02 UTC 2022
------------------ testing $PTII/ptolemy/domains/de/test/auto/DepthTest2.xml
auto.tcl: Setting watchdog for 200 seconds at Wed May 11 19:54:02 UTC 2022
4 ms. Memory: 51200K Free: 29955K (59%)
ptolemy.util.test.WatchDog.cancel(): canceling Wed May 11 19:54:02 UTC 2022
auto.tcl: Setting watchdog for 200 seconds at Wed May 11 19:54:02 UTC 2022
3 ms. Memory: 51200K Free: 29526K (58%)
ptolemy.util.test.WatchDog.cancel(): canceling Wed May 11 19:54:02 UTC 2022
------------------ testing $PTII/ptolemy/domains/de/test/auto/DepthTest3.xml
auto.tcl: Setting watchdog for 200 seconds at Wed May 11 19:54:02 UTC 2022
4 ms. Memory: 51200K Free: 33480K (65%)
ptolemy.util.test.WatchDog.cancel(): canceling Wed May 11 19:54:02 UTC 2022
auto.tcl: Setting watchdog for 200 seconds at Wed May 11 19:54:02 UTC 2022
1 ms. Memory: 51200K Free: 33016K (64%)
ptolemy.util.test.WatchDog.cancel(): canceling Wed May 11 19:54:02 UTC 2022
------------------ testing $PTII/ptolemy/domains/de/test/auto/DepthTest4.xml
auto.tcl: Setting watchdog for 200 seconds at Wed May 11 19:54:02 UTC 2022
3 ms. Memory: 51200K Free: 31486K (61%)
ptolemy.util.test.WatchDog.cancel(): canceling Wed May 11 19:54:02 UTC 2022
auto.tcl: Setting watchdog for 200 seconds at Wed May 11 19:54:02 UTC 2022
2 ms. Memory: 51200K Free: 31057K (61%)
ptolemy.util.test.WatchDog.cancel(): canceling Wed May 11 19:54:02 UTC 2022
------------------ testing $PTII/ptolemy/domains/de/test/auto/DepthTest5.xml
auto.tcl: Setting watchdog for 200 seconds at Wed May 11 19:54:02 UTC 2022
7 ms. Memory: 51200K Free: 30903K (60%)
ptolemy.util.test.WatchDog.cancel(): canceling Wed May 11 19:54:02 UTC 2022
auto.tcl: Setting watchdog for 200 seconds at Wed May 11 19:54:02 UTC 2022
3 ms. Memory: 51200K Free: 30474K (60%)
ptolemy.util.test.WatchDog.cancel(): canceling Wed May 11 19:54:02 UTC 2022
------------------ testing $PTII/ptolemy/domains/de/test/auto/DepthTest6.xml
auto.tcl: Setting watchdog for 200 seconds at Wed May 11 19:54:02 UTC 2022
4 ms. Memory: 51200K Free: 30897K (60%)
ptolemy.util.test.WatchDog.cancel(): canceling Wed May 11 19:54:02 UTC 2022
auto.tcl: Setting watchdog for 200 seconds at Wed May 11 19:54:02 UTC 2022
3 ms. Memory: 51200K Free: 30468K (60%)
ptolemy.util.test.WatchDog.cancel(): canceling Wed May 11 19:54:02 UTC 2022
------------------ testing $PTII/ptolemy/domains/de/test/auto/DepthTest7.xml
auto.tcl: Setting watchdog for 200 seconds at Wed May 11 19:54:02 UTC 2022
2 ms. Memory: 51200K Free: 31142K (61%)
ptolemy.util.test.WatchDog.cancel(): canceling Wed May 11 19:54:02 UTC 2022
auto.tcl: Setting watchdog for 200 seconds at Wed May 11 19:54:02 UTC 2022
2 ms. Memory: 51200K Free: 30712K (60%)
ptolemy.util.test.WatchDog.cancel(): canceling Wed May 11 19:54:02 UTC 2022
------------------ testing $PTII/ptolemy/domains/de/test/auto/EventToDate.xml
auto.tcl: Setting watchdog for 200 seconds at Wed May 11 19:54:02 UTC 2022
3005 ms. Memory: 51200K Free: 22234K (43%)
ptolemy.util.test.WatchDog.cancel(): canceling Wed May 11 19:54:06 UTC 2022
auto.tcl: Setting watchdog for 200 seconds at Wed May 11 19:54:06 UTC 2022
3004 ms. Memory: 51200K Free: 21332K (42%)
ptolemy.util.test.WatchDog.cancel(): canceling Wed May 11 19:54:09 UTC 2022
------------------ testing $PTII/ptolemy/domains/de/test/auto/FSM1.xml
auto.tcl: Setting watchdog for 200 seconds at Wed May 11 19:54:09 UTC 2022
20 ms. Memory: 51200K Free: 23130K (45%)
ptolemy.util.test.WatchDog.cancel(): canceling Wed May 11 19:54:09 UTC 2022
auto.tcl: Setting watchdog for 200 seconds at Wed May 11 19:54:09 UTC 2022
15 ms. Memory: 51200K Free: 19955K (39%)
ptolemy.util.test.WatchDog.cancel(): canceling Wed May 11 19:54:09 UTC 2022
------------------ testing $PTII/ptolemy/domains/de/test/auto/FSM7.xml
auto.tcl: Setting watchdog for 200 seconds at Wed May 11 19:54:09 UTC 2022
21 ms. Memory: 51200K Free: 23361K (46%)
ptolemy.util.test.WatchDog.cancel(): canceling Wed May 11 19:54:09 UTC 2022
auto.tcl: Setting watchdog for 200 seconds at Wed May 11 19:54:09 UTC 2022
21 ms. Memory: 51200K Free: 20075K (39%)
ptolemy.util.test.WatchDog.cancel(): canceling Wed May 11 19:54:09 UTC 2022
------------------ testing $PTII/ptolemy/domains/de/test/auto/Inspection.xml
auto.tcl: Setting watchdog for 200 seconds at Wed May 11 19:54:09 UTC 2022
29 ms. Memory: 51200K Free: 23386K (46%)
ptolemy.util.test.WatchDog.cancel(): canceling Wed May 11 19:54:09 UTC 2022
auto.tcl: Setting watchdog for 200 seconds at Wed May 11 19:54:09 UTC 2022
17 ms. Memory: 51200K Free: 21695K (42%)
ptolemy.util.test.WatchDog.cancel(): canceling Wed May 11 19:54:09 UTC 2022
------------------ testing $PTII/ptolemy/domains/de/test/auto/Iteration.xml
auto.tcl: Setting watchdog for 200 seconds at Wed May 11 19:54:09 UTC 2022
6 ms. Memory: 51200K Free: 28924K (56%)
ptolemy.util.test.WatchDog.cancel(): canceling Wed May 11 19:54:09 UTC 2022
auto.tcl: Setting watchdog for 200 seconds at Wed May 11 19:54:09 UTC 2022
5 ms. Memory: 51200K Free: 27733K (54%)
ptolemy.util.test.WatchDog.cancel(): canceling Wed May 11 19:54:09 UTC 2022
------------------ testing $PTII/ptolemy/domains/de/test/auto/LineFault.xml
auto.tcl: Setting watchdog for 200 seconds at Wed May 11 19:54:09 UTC 2022
671 ms. Memory: 61440K Free: 32548K (53%)
ptolemy.util.test.WatchDog.cancel(): canceling Wed May 11 19:54:10 UTC 2022
auto.tcl: Setting watchdog for 200 seconds at Wed May 11 19:54:10 UTC 2022
613 ms. Memory: 61440K Free: 36676K (60%)
ptolemy.util.test.WatchDog.cancel(): canceling Wed May 11 19:54:11 UTC 2022
------------------ testing $PTII/ptolemy/domains/de/test/auto/MergeModel1Add.xml
auto.tcl: Setting watchdog for 200 seconds at Wed May 11 19:54:11 UTC 2022
19 ms. Memory: 61440K Free: 25369K (41%)
ptolemy.util.test.WatchDog.cancel(): canceling Wed May 11 19:54:11 UTC 2022
auto.tcl: Setting watchdog for 200 seconds at Wed May 11 19:54:11 UTC 2022
11 ms. Memory: 61440K Free: 23668K (39%)
ptolemy.util.test.WatchDog.cancel(): canceling Wed May 11 19:54:11 UTC 2022
------------------ testing $PTII/ptolemy/domains/de/test/auto/MergeModel2Add.xml
auto.tcl: Setting watchdog for 200 seconds at Wed May 11 19:54:11 UTC 2022
8 ms. Memory: 55296K Free: 21239K (38%)
ptolemy.util.test.WatchDog.cancel(): canceling Wed May 11 19:54:11 UTC 2022
auto.tcl: Setting watchdog for 200 seconds at Wed May 11 19:54:11 UTC 2022
7 ms. Memory: 55296K Free: 19875K (36%)
ptolemy.util.test.WatchDog.cancel(): canceling Wed May 11 19:54:11 UTC 2022
------------------ testing $PTII/ptolemy/domains/de/test/auto/MergeModel3Add.xml
auto.tcl: Setting watchdog for 200 seconds at Wed May 11 19:54:11 UTC 2022
8 ms. Memory: 55296K Free: 21000K (38%)
ptolemy.util.test.WatchDog.cancel(): canceling Wed May 11 19:54:11 UTC 2022
auto.tcl: Setting watchdog for 200 seconds at Wed May 11 19:54:11 UTC 2022
8 ms. Memory: 55296K Free: 19318K (35%)
ptolemy.util.test.WatchDog.cancel(): canceling Wed May 11 19:54:11 UTC 2022
------------------ testing $PTII/ptolemy/domains/de/test/auto/MergeWithoutDiscard.xml
auto.tcl: Setting watchdog for 200 seconds at Wed May 11 19:54:11 UTC 2022
2 ms. Memory: 55296K Free: 36195K (65%)
ptolemy.util.test.WatchDog.cancel(): canceling Wed May 11 19:54:11 UTC 2022
auto.tcl: Setting watchdog for 200 seconds at Wed May 11 19:54:11 UTC 2022
1 ms. Memory: 55296K Free: 35699K (65%)
ptolemy.util.test.WatchDog.cancel(): canceling Wed May 11 19:54:11 UTC 2022
------------------ testing $PTII/ptolemy/domains/de/test/auto/Modal1.xml
auto.tcl: Setting watchdog for 200 seconds at Wed May 11 19:54:11 UTC 2022
15 ms. Memory: 55296K Free: 28025K (51%)
ptolemy.util.test.WatchDog.cancel(): canceling Wed May 11 19:54:11 UTC 2022
auto.tcl: Setting watchdog for 200 seconds at Wed May 11 19:54:11 UTC 2022
18 ms. Memory: 55296K Free: 24706K (45%)
ptolemy.util.test.WatchDog.cancel(): canceling Wed May 11 19:54:11 UTC 2022
------------------ testing $PTII/ptolemy/domains/de/test/auto/Modal2.xml
auto.tcl: Setting watchdog for 200 seconds at Wed May 11 19:54:11 UTC 2022
15 ms. Memory: 51200K Free: 23476K (46%)
ptolemy.util.test.WatchDog.cancel(): canceling Wed May 11 19:54:11 UTC 2022
auto.tcl: Setting watchdog for 200 seconds at Wed May 11 19:54:11 UTC 2022
18 ms. Memory: 51200K Free: 20536K (40%)
ptolemy.util.test.WatchDog.cancel(): canceling Wed May 11 19:54:11 UTC 2022
------------------ testing $PTII/ptolemy/domains/de/test/auto/Modal3.xml
auto.tcl: Setting watchdog for 200 seconds at Wed May 11 19:54:11 UTC 2022
13 ms. Memory: 51200K Free: 23527K (46%)
ptolemy.util.test.WatchDog.cancel(): canceling Wed May 11 19:54:11 UTC 2022
auto.tcl: Setting watchdog for 200 seconds at Wed May 11 19:54:11 UTC 2022
15 ms. Memory: 51200K Free: 20587K (40%)
ptolemy.util.test.WatchDog.cancel(): canceling Wed May 11 19:54:11 UTC 2022
------------------ testing $PTII/ptolemy/domains/de/test/auto/Modal4.xml
auto.tcl: Setting watchdog for 200 seconds at Wed May 11 19:54:11 UTC 2022
22 ms. Memory: 51200K Free: 22773K (44%)
ptolemy.util.test.WatchDog.cancel(): canceling Wed May 11 19:54:11 UTC 2022
auto.tcl: Setting watchdog for 200 seconds at Wed May 11 19:54:11 UTC 2022
17 ms. Memory: 51200K Free: 18969K (37%)
ptolemy.util.test.WatchDog.cancel(): canceling Wed May 11 19:54:11 UTC 2022
------------------ testing $PTII/ptolemy/domains/de/test/auto/Modal5.xml
auto.tcl: Setting watchdog for 200 seconds at Wed May 11 19:54:11 UTC 2022
12 ms. Memory: 51200K Free: 22754K (44%)
ptolemy.util.test.WatchDog.cancel(): canceling Wed May 11 19:54:11 UTC 2022
auto.tcl: Setting watchdog for 200 seconds at Wed May 11 19:54:11 UTC 2022
13 ms. Memory: 51200K Free: 18957K (37%)
ptolemy.util.test.WatchDog.cancel(): canceling Wed May 11 19:54:11 UTC 2022
------------------ testing $PTII/ptolemy/domains/de/test/auto/Modal6.xml
auto.tcl: Setting watchdog for 200 seconds at Wed May 11 19:54:12 UTC 2022
11 ms. Memory: 51200K Free: 23495K (46%)
ptolemy.util.test.WatchDog.cancel(): canceling Wed May 11 19:54:12 UTC 2022
auto.tcl: Setting watchdog for 200 seconds at Wed May 11 19:54:12 UTC 2022
13 ms. Memory: 51200K Free: 19560K (38%)
ptolemy.util.test.WatchDog.cancel(): canceling Wed May 11 19:54:12 UTC 2022
------------------ testing $PTII/ptolemy/domains/de/test/auto/Modal7.xml
auto.tcl: Setting watchdog for 200 seconds at Wed May 11 19:54:12 UTC 2022
14 ms. Memory: 51200K Free: 22485K (44%)
ptolemy.util.test.WatchDog.cancel(): canceling Wed May 11 19:54:12 UTC 2022
auto.tcl: Setting watchdog for 200 seconds at Wed May 11 19:54:12 UTC 2022
11 ms. Memory: 51200K Free: 18955K (37%)
ptolemy.util.test.WatchDog.cancel(): canceling Wed May 11 19:54:12 UTC 2022
------------------ testing $PTII/ptolemy/domains/de/test/auto/ModalModel.xml
auto.tcl: Setting watchdog for 200 seconds at Wed May 11 19:54:12 UTC 2022
194 ms. Memory: 51200K Free: 17742K (35%)
ptolemy.util.test.WatchDog.cancel(): canceling Wed May 11 19:54:12 UTC 2022
auto.tcl: Setting watchdog for 200 seconds at Wed May 11 19:54:12 UTC 2022
194 ms. Memory: 61440K Free: 26352K (43%)
ptolemy.util.test.WatchDog.cancel(): canceling Wed May 11 19:54:12 UTC 2022
------------------ testing $PTII/ptolemy/domains/de/test/auto/ModalSource.xml
auto.tcl: Setting watchdog for 200 seconds at Wed May 11 19:54:12 UTC 2022
8 ms. Memory: 55296K Free: 31196K (56%)
ptolemy.util.test.WatchDog.cancel(): canceling Wed May 11 19:54:12 UTC 2022
auto.tcl: Setting watchdog for 200 seconds at Wed May 11 19:54:12 UTC 2022
6 ms. Memory: 55296K Free: 29211K (53%)
ptolemy.util.test.WatchDog.cancel(): canceling Wed May 11 19:54:12 UTC 2022
------------------ testing $PTII/ptolemy/domains/de/test/auto/NonInterruptibleTimerZeroDelay.xml
auto.tcl: Setting watchdog for 200 seconds at Wed May 11 19:54:12 UTC 2022
3 ms. Memory: 55296K Free: 36437K (66%)
ptolemy.util.test.WatchDog.cancel(): canceling Wed May 11 19:54:12 UTC 2022
auto.tcl: Setting watchdog for 200 seconds at Wed May 11 19:54:12 UTC 2022
3 ms. Memory: 55296K Free: 35958K (65%)
ptolemy.util.test.WatchDog.cancel(): canceling Wed May 11 19:54:12 UTC 2022
------------------ testing $PTII/ptolemy/domains/de/test/auto/OpenQueueingNetwork.xml
auto.tcl: Setting watchdog for 200 seconds at Wed May 11 19:54:12 UTC 2022
2786 ms. Memory: 96256K Free: 36849K (38%)
ptolemy.util.test.WatchDog.cancel(): canceling Wed May 11 19:54:15 UTC 2022
auto.tcl: Setting watchdog for 200 seconds at Wed May 11 19:54:15 UTC 2022
2291 ms. Memory: 115712K Free: 85913K (74%)
ptolemy.util.test.WatchDog.cancel(): canceling Wed May 11 19:54:18 UTC 2022
------------------ testing $PTII/ptolemy/domains/de/test/auto/OpenQueuingNetwork.xml
auto.tcl: Setting watchdog for 200 seconds at Wed May 11 19:54:18 UTC 2022
258 ms. Memory: 61440K Free: 37422K (61%)
ptolemy.util.test.WatchDog.cancel(): canceling Wed May 11 19:54:18 UTC 2022
auto.tcl: Setting watchdog for 200 seconds at Wed May 11 19:54:18 UTC 2022
245 ms. Memory: 61440K Free: 21398K (35%)
ptolemy.util.test.WatchDog.cancel(): canceling Wed May 11 19:54:18 UTC 2022
------------------ testing $PTII/ptolemy/domains/de/test/auto/PeriodicSampler.xml
auto.tcl: Setting watchdog for 200 seconds at Wed May 11 19:54:18 UTC 2022
2 ms. Memory: 55296K Free: 35856K (65%)
ptolemy.util.test.WatchDog.cancel(): canceling Wed May 11 19:54:18 UTC 2022
auto.tcl: Setting watchdog for 200 seconds at Wed May 11 19:54:18 UTC 2022
2 ms. Memory: 55296K Free: 35342K (64%)
ptolemy.util.test.WatchDog.cancel(): canceling Wed May 11 19:54:18 UTC 2022
------------------ testing $PTII/ptolemy/domains/de/test/auto/PersistentIO.xml
auto.tcl: Setting watchdog for 200 seconds at Wed May 11 19:54:18 UTC 2022
16 ms. Memory: 55296K Free: 30780K (56%)
ptolemy.util.test.WatchDog.cancel(): canceling Wed May 11 19:54:18 UTC 2022
auto.tcl: Setting watchdog for 200 seconds at Wed May 11 19:54:18 UTC 2022
3 ms. Memory: 55296K Free: 29260K (53%)
ptolemy.util.test.WatchDog.cancel(): canceling Wed May 11 19:54:18 UTC 2022
------------------ testing $PTII/ptolemy/domains/de/test/auto/PortParameterResetOnInitialize.xml
auto.tcl: Setting watchdog for 200 seconds at Wed May 11 19:54:18 UTC 2022
2 ms. Memory: 51200K Free: 31677K (62%)
ptolemy.util.test.WatchDog.cancel(): canceling Wed May 11 19:54:19 UTC 2022
auto.tcl: Setting watchdog for 200 seconds at Wed May 11 19:54:19 UTC 2022
1 ms. Memory: 51200K Free: 31173K (61%)
ptolemy.util.test.WatchDog.cancel(): canceling Wed May 11 19:54:19 UTC 2022
------------------ testing $PTII/ptolemy/domains/de/test/auto/PortParameterUpdates.xml
auto.tcl: Setting watchdog for 200 seconds at Wed May 11 19:54:19 UTC 2022
5 ms. Memory: 51200K Free: 29753K (58%)
ptolemy.util.test.WatchDog.cancel(): canceling Wed May 11 19:54:19 UTC 2022
auto.tcl: Setting watchdog for 200 seconds at Wed May 11 19:54:19 UTC 2022
3 ms. Memory: 51200K Free: 28713K (56%)
ptolemy.util.test.WatchDog.cancel(): canceling Wed May 11 19:54:19 UTC 2022
------------------ testing $PTII/ptolemy/domains/de/test/auto/QueueAndServer.xml
auto.tcl: Setting watchdog for 200 seconds at Wed May 11 19:54:19 UTC 2022
5 ms. Memory: 51200K Free: 28707K (56%)
ptolemy.util.test.WatchDog.cancel(): canceling Wed May 11 19:54:19 UTC 2022
auto.tcl: Setting watchdog for 200 seconds at Wed May 11 19:54:19 UTC 2022
5 ms. Memory: 51200K Free: 27173K (53%)
ptolemy.util.test.WatchDog.cancel(): canceling Wed May 11 19:54:19 UTC 2022
------------------ testing $PTII/ptolemy/domains/de/test/auto/Records.xml
auto.tcl: Setting watchdog for 200 seconds at Wed May 11 19:54:19 UTC 2022
3 ms. Memory: 51200K Free: 30925K (60%)
ptolemy.util.test.WatchDog.cancel(): canceling Wed May 11 19:54:19 UTC 2022
auto.tcl: Setting watchdog for 200 seconds at Wed May 11 19:54:19 UTC 2022
1 ms. Memory: 51200K Free: 30397K (59%)
ptolemy.util.test.WatchDog.cancel(): canceling Wed May 11 19:54:19 UTC 2022
------------------ testing $PTII/ptolemy/domains/de/test/auto/ResetTransitionWithStartTime1.xml
auto.tcl: Setting watchdog for 200 seconds at Wed May 11 19:54:19 UTC 2022
13 ms. Memory: 51200K Free: 28170K (55%)
ptolemy.util.test.WatchDog.cancel(): canceling Wed May 11 19:54:19 UTC 2022
auto.tcl: Setting watchdog for 200 seconds at Wed May 11 19:54:19 UTC 2022
8 ms. Memory: 51200K Free: 26122K (51%)
ptolemy.util.test.WatchDog.cancel(): canceling Wed May 11 19:54:19 UTC 2022
------------------ testing $PTII/ptolemy/domains/de/test/auto/ResetTransitionWithStartTime2.xml
auto.tcl: Setting watchdog for 200 seconds at Wed May 11 19:54:19 UTC 2022
6 ms. Memory: 51200K Free: 28161K (55%)
ptolemy.util.test.WatchDog.cancel(): canceling Wed May 11 19:54:19 UTC 2022
auto.tcl: Setting watchdog for 200 seconds at Wed May 11 19:54:19 UTC 2022
7 ms. Memory: 51200K Free: 26113K (51%)
ptolemy.util.test.WatchDog.cancel(): canceling Wed May 11 19:54:19 UTC 2022
------------------ testing $PTII/ptolemy/domains/de/test/auto/ResetTransitionWithStartTime3.xml
auto.tcl: Setting watchdog for 200 seconds at Wed May 11 19:54:19 UTC 2022
5 ms. Memory: 51200K Free: 28160K (55%)
ptolemy.util.test.WatchDog.cancel(): canceling Wed May 11 19:54:19 UTC 2022
auto.tcl: Setting watchdog for 200 seconds at Wed May 11 19:54:19 UTC 2022
5 ms. Memory: 51200K Free: 26112K (51%)
ptolemy.util.test.WatchDog.cancel(): canceling Wed May 11 19:54:19 UTC 2022
------------------ testing $PTII/ptolemy/domains/de/test/auto/ResetTransitionWithStartTime4.xml
auto.tcl: Setting watchdog for 200 seconds at Wed May 11 19:54:19 UTC 2022
7 ms. Memory: 51200K Free: 28587K (56%)
ptolemy.util.test.WatchDog.cancel(): canceling Wed May 11 19:54:19 UTC 2022
auto.tcl: Setting watchdog for 200 seconds at Wed May 11 19:54:19 UTC 2022
3 ms. Memory: 51200K Free: 27135K (53%)
ptolemy.util.test.WatchDog.cancel(): canceling Wed May 11 19:54:19 UTC 2022
------------------ testing $PTII/ptolemy/domains/de/test/auto/ResettableTimer1.xml
auto.tcl: Setting watchdog for 200 seconds at Wed May 11 19:54:19 UTC 2022
3 ms. Memory: 51200K Free: 32375K (63%)
ptolemy.util.test.WatchDog.cancel(): canceling Wed May 11 19:54:19 UTC 2022
auto.tcl: Setting watchdog for 200 seconds at Wed May 11 19:54:19 UTC 2022
1 ms. Memory: 51200K Free: 31717K (62%)
ptolemy.util.test.WatchDog.cancel(): canceling Wed May 11 19:54:19 UTC 2022
------------------ testing $PTII/ptolemy/domains/de/test/auto/ResettableTimer2.xml
auto.tcl: Setting watchdog for 200 seconds at Wed May 11 19:54:19 UTC 2022
2 ms. Memory: 51200K Free: 32431K (63%)
ptolemy.util.test.WatchDog.cancel(): canceling Wed May 11 19:54:19 UTC 2022
auto.tcl: Setting watchdog for 200 seconds at Wed May 11 19:54:19 UTC 2022
2 ms. Memory: 51200K Free: 31765K (62%)
ptolemy.util.test.WatchDog.cancel(): canceling Wed May 11 19:54:19 UTC 2022
------------------ testing $PTII/ptolemy/domains/de/test/auto/ResettableTimer3.xml
auto.tcl: Setting watchdog for 200 seconds at Wed May 11 19:54:19 UTC 2022
1 ms. Memory: 51200K Free: 32803K (64%)
ptolemy.util.test.WatchDog.cancel(): canceling Wed May 11 19:54:19 UTC 2022
auto.tcl: Setting watchdog for 200 seconds at Wed May 11 19:54:19 UTC 2022
1 ms. Memory: 51200K Free: 32293K (63%)
ptolemy.util.test.WatchDog.cancel(): canceling Wed May 11 19:54:19 UTC 2022
------------------ testing $PTII/ptolemy/domains/de/test/auto/ResettableTimer4.xml
auto.tcl: Setting watchdog for 200 seconds at Wed May 11 19:54:19 UTC 2022
1 ms. Memory: 51200K Free: 32816K (64%)
ptolemy.util.test.WatchDog.cancel(): canceling Wed May 11 19:54:19 UTC 2022
auto.tcl: Setting watchdog for 200 seconds at Wed May 11 19:54:19 UTC 2022
2 ms. Memory: 51200K Free: 32306K (63%)
ptolemy.util.test.WatchDog.cancel(): canceling Wed May 11 19:54:19 UTC 2022
------------------ testing $PTII/ptolemy/domains/de/test/auto/ResettableTimer5.xml
auto.tcl: Setting watchdog for 200 seconds at Wed May 11 19:54:19 UTC 2022
1 ms. Memory: 51200K Free: 32304K (63%)
ptolemy.util.test.WatchDog.cancel(): canceling Wed May 11 19:54:19 UTC 2022
auto.tcl: Setting watchdog for 200 seconds at Wed May 11 19:54:19 UTC 2022
2 ms. Memory: 51200K Free: 31784K (62%)
ptolemy.util.test.WatchDog.cancel(): canceling Wed May 11 19:54:19 UTC 2022
------------------ testing $PTII/ptolemy/domains/de/test/auto/ResettableTimer6.xml
auto.tcl: Setting watchdog for 200 seconds at Wed May 11 19:54:19 UTC 2022
1 ms. Memory: 51200K Free: 31781K (62%)
ptolemy.util.test.WatchDog.cancel(): canceling Wed May 11 19:54:19 UTC 2022
auto.tcl: Setting watchdog for 200 seconds at Wed May 11 19:54:19 UTC 2022
2 ms. Memory: 51200K Free: 31271K (61%)
ptolemy.util.test.WatchDog.cancel(): canceling Wed May 11 19:54:19 UTC 2022
------------------ testing $PTII/ptolemy/domains/de/test/auto/ServerZeroDelay.xml
auto.tcl: Setting watchdog for 200 seconds at Wed May 11 19:54:19 UTC 2022
6 ms. Memory: 51200K Free: 32246K (63%)
ptolemy.util.test.WatchDog.cancel(): canceling Wed May 11 19:54:19 UTC 2022
auto.tcl: Setting watchdog for 200 seconds at Wed May 11 19:54:19 UTC 2022
4 ms. Memory: 51200K Free: 31222K (61%)
ptolemy.util.test.WatchDog.cancel(): canceling Wed May 11 19:54:19 UTC 2022
------------------ testing $PTII/ptolemy/domains/de/test/auto/SmartSender.xml
auto.tcl: Setting watchdog for 200 seconds at Wed May 11 19:54:19 UTC 2022
3002 ms. Memory: 51200K Free: 32240K (63%)
ptolemy.util.test.WatchDog.cancel(): canceling Wed May 11 19:54:22 UTC 2022
auto.tcl: Setting watchdog for 200 seconds at Wed May 11 19:54:22 UTC 2022
3001 ms. Memory: 51200K Free: 31720K (62%)
ptolemy.util.test.WatchDog.cancel(): canceling Wed May 11 19:54:25 UTC 2022
------------------ testing $PTII/ptolemy/domains/de/test/auto/ThreadedComposite.xml
auto.tcl: Setting watchdog for 200 seconds at Wed May 11 19:54:25 UTC 2022
187 ms. Memory: 51200K Free: 12798K (25%)
ptolemy.util.test.WatchDog.cancel(): canceling Wed May 11 19:54:26 UTC 2022
auto.tcl: Setting watchdog for 200 seconds at Wed May 11 19:54:26 UTC 2022
147 ms. Memory: 51200K Free: 27482K (54%)
ptolemy.util.test.WatchDog.cancel(): canceling Wed May 11 19:54:26 UTC 2022
------------------ testing $PTII/ptolemy/domains/de/test/auto/Time.xml
auto.tcl: Setting watchdog for 200 seconds at Wed May 11 19:54:26 UTC 2022
505 ms. Memory: 73728K Free: 28741K (39%)
ptolemy.util.test.WatchDog.cancel(): canceling Wed May 11 19:54:26 UTC 2022
auto.tcl: Setting watchdog for 200 seconds at Wed May 11 19:54:26 UTC 2022
467 ms. Memory: 73728K Free: 16449K (22%)
ptolemy.util.test.WatchDog.cancel(): canceling Wed May 11 19:54:27 UTC 2022
------------------ testing $PTII/ptolemy/domains/de/test/auto/TimeDelayZeroDelay.xml
auto.tcl: Setting watchdog for 200 seconds at Wed May 11 19:54:27 UTC 2022
2 ms. Memory: 51200K Free: 32652K (64%)
ptolemy.util.test.WatchDog.cancel(): canceling Wed May 11 19:54:27 UTC 2022
auto.tcl: Setting watchdog for 200 seconds at Wed May 11 19:54:27 UTC 2022
2 ms. Memory: 51200K Free: 31772K (62%)
ptolemy.util.test.WatchDog.cancel(): canceling Wed May 11 19:54:27 UTC 2022
------------------ testing $PTII/ptolemy/domains/de/test/auto/TimerZeroDelay.xml
auto.tcl: Setting watchdog for 200 seconds at Wed May 11 19:54:27 UTC 2022
2 ms. Memory: 51200K Free: 32603K (64%)
ptolemy.util.test.WatchDog.cancel(): canceling Wed May 11 19:54:27 UTC 2022
auto.tcl: Setting watchdog for 200 seconds at Wed May 11 19:54:27 UTC 2022
2 ms. Memory: 51200K Free: 31806K (62%)
ptolemy.util.test.WatchDog.cancel(): canceling Wed May 11 19:54:27 UTC 2022
------------------ testing $PTII/ptolemy/domains/de/test/auto/TimingParadox.xml
auto.tcl: Setting watchdog for 200 seconds at Wed May 11 19:54:27 UTC 2022
358 ms. Memory: 51200K Free: 18833K (37%)
ptolemy.util.test.WatchDog.cancel(): canceling Wed May 11 19:54:27 UTC 2022
auto.tcl: Setting watchdog for 200 seconds at Wed May 11 19:54:27 UTC 2022
385 ms. Memory: 51200K Free: 34461K (67%)
ptolemy.util.test.WatchDog.cancel(): canceling Wed May 11 19:54:28 UTC 2022
------------------ testing $PTII/ptolemy/domains/de/test/auto/TransferInputs.xml
auto.tcl: Setting watchdog for 200 seconds at Wed May 11 19:54:28 UTC 2022
2 ms. Memory: 51200K Free: 30695K (60%)
ptolemy.util.test.WatchDog.cancel(): canceling Wed May 11 19:54:28 UTC 2022
auto.tcl: Setting watchdog for 200 seconds at Wed May 11 19:54:28 UTC 2022
2 ms. Memory: 51200K Free: 29789K (58%)
ptolemy.util.test.WatchDog.cancel(): canceling Wed May 11 19:54:28 UTC 2022
------------------ testing $PTII/ptolemy/domains/de/test/auto/TransferOutputs2.xml
auto.tcl: Setting watchdog for 200 seconds at Wed May 11 19:54:28 UTC 2022
9 ms. Memory: 51200K Free: 28122K (55%)
ptolemy.util.test.WatchDog.cancel(): canceling Wed May 11 19:54:28 UTC 2022
auto.tcl: Setting watchdog for 200 seconds at Wed May 11 19:54:28 UTC 2022
4 ms. Memory: 51200K Free: 26697K (52%)
ptolemy.util.test.WatchDog.cancel(): canceling Wed May 11 19:54:28 UTC 2022
------------------ testing $PTII/ptolemy/domains/de/test/auto/Trilateration.xml
auto.tcl: Setting watchdog for 200 seconds at Wed May 11 19:54:28 UTC 2022
12285 ms. Memory: 453632K Free: 291058K (64%)
ptolemy.util.test.WatchDog.cancel(): canceling Wed May 11 19:54:41 UTC 2022
auto.tcl: Setting watchdog for 200 seconds at Wed May 11 19:54:41 UTC 2022
8867 ms. Memory: 453632K Free: 344095K (76%)
ptolemy.util.test.WatchDog.cancel(): canceling Wed May 11 19:54:50 UTC 2022
------------------ testing $PTII/ptolemy/domains/de/test/auto/TwoSigmaDelta.xml
auto.tcl: Setting watchdog for 200 seconds at Wed May 11 19:54:50 UTC 2022
2224 ms. Memory: 92160K Free: 42154K (46%)
ptolemy.util.test.WatchDog.cancel(): canceling Wed May 11 19:54:53 UTC 2022
auto.tcl: Setting watchdog for 200 seconds at Wed May 11 19:54:53 UTC 2022
1727 ms. Memory: 92160K Free: 47258K (51%)
ptolemy.util.test.WatchDog.cancel(): canceling Wed May 11 19:54:55 UTC 2022
------------------ testing $PTII/ptolemy/domains/de/test/auto/VariableDelay.xml
auto.tcl: Setting watchdog for 200 seconds at Wed May 11 19:54:55 UTC 2022
3 ms. Memory: 55296K Free: 35268K (64%)
ptolemy.util.test.WatchDog.cancel(): canceling Wed May 11 19:54:55 UTC 2022
auto.tcl: Setting watchdog for 200 seconds at Wed May 11 19:54:55 UTC 2022
2 ms. Memory: 55296K Free: 34772K (63%)
ptolemy.util.test.WatchDog.cancel(): canceling Wed May 11 19:54:55 UTC 2022
------------------ testing $PTII/ptolemy/domains/de/test/auto/VariableDelay2.xml
auto.tcl: Setting watchdog for 200 seconds at Wed May 11 19:54:55 UTC 2022
2 ms. Memory: 51200K Free: 31786K (62%)
ptolemy.util.test.WatchDog.cancel(): canceling Wed May 11 19:54:55 UTC 2022
auto.tcl: Setting watchdog for 200 seconds at Wed May 11 19:54:55 UTC 2022
1 ms. Memory: 51200K Free: 31274K (61%)
ptolemy.util.test.WatchDog.cancel(): canceling Wed May 11 19:54:55 UTC 2022
------------------ testing $PTII/ptolemy/domains/de/test/auto/VariableDelayZeroDelay.xml
auto.tcl: Setting watchdog for 200 seconds at Wed May 11 19:54:55 UTC 2022
2 ms. Memory: 51200K Free: 32098K (63%)
ptolemy.util.test.WatchDog.cancel(): canceling Wed May 11 19:54:55 UTC 2022
auto.tcl: Setting watchdog for 200 seconds at Wed May 11 19:54:55 UTC 2022
2 ms. Memory: 51200K Free: 31567K (62%)
ptolemy.util.test.WatchDog.cancel(): canceling Wed May 11 19:54:55 UTC 2022
------------------ testing $PTII/ptolemy/domains/de/test/auto/VariableDelayZeroDelay2.xml
auto.tcl: Setting watchdog for 200 seconds at Wed May 11 19:54:55 UTC 2022
1 ms. Memory: 51200K Free: 32097K (63%)
ptolemy.util.test.WatchDog.cancel(): canceling Wed May 11 19:54:55 UTC 2022
auto.tcl: Setting watchdog for 200 seconds at Wed May 11 19:54:55 UTC 2022
1 ms. Memory: 51200K Free: 31073K (61%)
ptolemy.util.test.WatchDog.cancel(): canceling Wed May 11 19:54:55 UTC 2022
------------------ testing $PTII/ptolemy/domains/de/test/auto/deInCt.xml
auto.tcl: Setting watchdog for 200 seconds at Wed May 11 19:54:55 UTC 2022
0
1
1
1
0
0
0
0
0
1
1
1
0
0
0
1
1
1
0
0
0
0
1
1
1
1
1
1
0
0
0
1
1
1
1
20 ms. Memory: 51200K Free: 31070K (61%)
ptolemy.util.test.WatchDog.cancel(): canceling Wed May 11 19:54:55 UTC 2022
auto.tcl: Setting watchdog for 200 seconds at Wed May 11 19:54:55 UTC 2022
0
1
1
1
1
0
0
0
1
1
1
0
0
0
0
1
1
1
0
0
0
0
1
1
1
0
0
0
1
1
1
0
0
0
0
0
1
1
0
0
0
0
6 ms. Memory: 51200K Free: 29546K (58%)
ptolemy.util.test.WatchDog.cancel(): canceling Wed May 11 19:54:55 UTC 2022
------------------ testing $PTII/ptolemy/domains/de/test/auto/deInCt2.xml
auto.tcl: Setting watchdog for 200 seconds at Wed May 11 19:54:55 UTC 2022
0
1
1
1
0
0
1
1
1
0
0
1
1
1
0
0
1
1
1
0
0
1
1
1
0
0
1
1
1
0
0
1
1
1
0
0
1
1
1
0
0
0
14 ms. Memory: 51200K Free: 31071K (61%)
ptolemy.util.test.WatchDog.cancel(): canceling Wed May 11 19:54:55 UTC 2022
auto.tcl: Setting watchdog for 200 seconds at Wed May 11 19:54:55 UTC 2022
0
1
1
1
0
0
1
1
1
0
0
1
1
1
0
0
1
1
1
0
0
1
1
1
0
0
1
1
1
0
0
1
1
1
0
0
1
1
1
0
0
0
9 ms. Memory: 51200K Free: 29546K (58%)
ptolemy.util.test.WatchDog.cancel(): canceling Wed May 11 19:54:55 UTC 2022
------------------ testing $PTII/ptolemy/domains/de/test/auto/dynamicCausalityInterface1.xml
auto.tcl: Setting watchdog for 200 seconds at Wed May 11 19:54:55 UTC 2022
1 ms. Memory: 51200K Free: 26386K (52%)
ptolemy.util.test.WatchDog.cancel(): canceling Wed May 11 19:54:55 UTC 2022
auto.tcl: Setting watchdog for 200 seconds at Wed May 11 19:54:55 UTC 2022
0 ms. Memory: 51200K Free: 25945K (51%)
ptolemy.util.test.WatchDog.cancel(): canceling Wed May 11 19:54:55 UTC 2022
------------------ testing $PTII/ptolemy/domains/de/test/auto/fsm_de_test.xml
auto.tcl: Setting watchdog for 200 seconds at Wed May 11 19:54:55 UTC 2022
9 ms. Memory: 51200K Free: 26340K (51%)
ptolemy.util.test.WatchDog.cancel(): canceling Wed May 11 19:54:55 UTC 2022
auto.tcl: Setting watchdog for 200 seconds at Wed May 11 19:54:55 UTC 2022
4 ms. Memory: 51200K Free: 24820K (48%)
ptolemy.util.test.WatchDog.cancel(): canceling Wed May 11 19:54:55 UTC 2022
------------------ testing $PTII/ptolemy/domains/de/test/auto/functionDependencyReconstruction.xml
auto.tcl: Setting watchdog for 200 seconds at Wed May 11 19:54:55 UTC 2022
3 ms. Memory: 51200K Free: 20714K (40%)
ptolemy.util.test.WatchDog.cancel(): canceling Wed May 11 19:54:55 UTC 2022
auto.tcl: Setting watchdog for 200 seconds at Wed May 11 19:54:55 UTC 2022
3 ms. Memory: 51200K Free: 18666K (36%)
ptolemy.util.test.WatchDog.cancel(): canceling Wed May 11 19:54:55 UTC 2022
------------------ testing $PTII/ptolemy/domains/de/test/auto/multirate.xml
auto.tcl: Setting watchdog for 200 seconds at Wed May 11 19:54:55 UTC 2022
4 ms. Memory: 51200K Free: 29492K (58%)
ptolemy.util.test.WatchDog.cancel(): canceling Wed May 11 19:54:55 UTC 2022
auto.tcl: Setting watchdog for 200 seconds at Wed May 11 19:54:55 UTC 2022
3 ms. Memory: 51200K Free: 27782K (54%)
ptolemy.util.test.WatchDog.cancel(): canceling Wed May 11 19:54:55 UTC 2022
------------------ testing $PTII/ptolemy/domains/de/test/auto/multirate2.xml
auto.tcl: Setting watchdog for 200 seconds at Wed May 11 19:54:55 UTC 2022
2 ms. Memory: 51200K Free: 29107K (57%)
ptolemy.util.test.WatchDog.cancel(): canceling Wed May 11 19:54:55 UTC 2022
auto.tcl: Setting watchdog for 200 seconds at Wed May 11 19:54:55 UTC 2022
3 ms. Memory: 51200K Free: 27985K (55%)
ptolemy.util.test.WatchDog.cancel(): canceling Wed May 11 19:54:55 UTC 2022
------------------ testing $PTII/ptolemy/domains/de/test/auto/realtime.xml
auto.tcl: Setting watchdog for 200 seconds at Wed May 11 19:54:55 UTC 2022
10001 ms. Memory: 51200K Free: 31779K (62%)
ptolemy.util.test.WatchDog.cancel(): canceling Wed May 11 19:55:05 UTC 2022
auto.tcl: Setting watchdog for 200 seconds at Wed May 11 19:55:05 UTC 2022
10001 ms. Memory: 51200K Free: 31044K (61%)
ptolemy.util.test.WatchDog.cancel(): canceling Wed May 11 19:55:15 UTC 2022
------------------ testing $PTII/ptolemy/domains/de/test/auto/relationGroup.xml
auto.tcl: Setting watchdog for 200 seconds at Wed May 11 19:55:15 UTC 2022
2 ms. Memory: 51200K Free: 32828K (64%)
ptolemy.util.test.WatchDog.cancel(): canceling Wed May 11 19:55:15 UTC 2022
auto.tcl: Setting watchdog for 200 seconds at Wed May 11 19:55:15 UTC 2022
2 ms. Memory: 51200K Free: 32310K (63%)
ptolemy.util.test.WatchDog.cancel(): canceling Wed May 11 19:55:15 UTC 2022
------------------ testing $PTII/ptolemy/domains/de/test/auto/relationGroup2.xml
auto.tcl: Setting watchdog for 200 seconds at Wed May 11 19:55:15 UTC 2022
1 ms. Memory: 51200K Free: 32854K (64%)
ptolemy.util.test.WatchDog.cancel(): canceling Wed May 11 19:55:15 UTC 2022
auto.tcl: Setting watchdog for 200 seconds at Wed May 11 19:55:15 UTC 2022
2 ms. Memory: 51200K Free: 32344K (63%)
ptolemy.util.test.WatchDog.cancel(): canceling Wed May 11 19:55:15 UTC 2022
------------------ testing $PTII/ptolemy/domains/de/test/auto/sortWithOpaquePorts.xml
auto.tcl: Setting watchdog for 200 seconds at Wed May 11 19:55:15 UTC 2022
2 ms. Memory: 51200K Free: 31592K (62%)
ptolemy.util.test.WatchDog.cancel(): canceling Wed May 11 19:55:15 UTC 2022
auto.tcl: Setting watchdog for 200 seconds at Wed May 11 19:55:15 UTC 2022
2 ms. Memory: 51200K Free: 30594K (60%)
ptolemy.util.test.WatchDog.cancel(): canceling Wed May 11 19:55:15 UTC 2022
------------------ testing $PTII/ptolemy/domains/de/test/auto/transferInputsandOutputs.xml
auto.tcl: Setting watchdog for 200 seconds at Wed May 11 19:55:16 UTC 2022
2 ms. Memory: 51200K Free: 29036K (57%)
ptolemy.util.test.WatchDog.cancel(): canceling Wed May 11 19:55:16 UTC 2022
auto.tcl: Setting watchdog for 200 seconds at Wed May 11 19:55:16 UTC 2022
2 ms. Memory: 51200K Free: 28023K (55%)
ptolemy.util.test.WatchDog.cancel(): canceling Wed May 11 19:55:16 UTC 2022
------------------ testing $PTII/ptolemy/domains/de/test/auto/triggerType.xml
auto.tcl: Setting watchdog for 200 seconds at Wed May 11 19:55:16 UTC 2022
1 ms. Memory: 51200K Free: 32060K (63%)
ptolemy.util.test.WatchDog.cancel(): canceling Wed May 11 19:55:16 UTC 2022
auto.tcl: Setting watchdog for 200 seconds at Wed May 11 19:55:16 UTC 2022
1 ms. Memory: 51200K Free: 31077K (61%)
ptolemy.util.test.WatchDog.cancel(): canceling Wed May 11 19:55:16 UTC 2022
05/11/22 07:55:16
Failed: 0  Total Tests: 192  ((Passed: 187, Newly Passed: 1)  Known Failed: 5) /home/travis/build/icyphy/ptII/ptolemy/domains/de/test
05/11/22 07:55:16
Failed: 0  Total Tests: 192  ((Passed: 187, Newly Passed: 1)  Known Failed: 5) /home/travis/build/icyphy/ptII/ptolemy/domains/de/test
----------------- testing (KnownFailure) /home/travis/build/icyphy/ptII/ptolemy/domains/de/test/auto/knownFailedTests/DESDFClockTest.xml
2011 ms. Memory: 51200K Free: 24945K (49%)
Known Failure: java.lang.reflect.InvocationTargetException
----------------- testing (KnownFailure) /home/travis/build/icyphy/ptII/ptolemy/domains/de/test/auto/knownFailedTests/DirectFeedback.xml
2 ms. Memory: 51200K Free: 21359K (42%)
Known Failure: java.lang.reflect.InvocationTargetException
----------------- testing (KnownFailure) /home/travis/build/icyphy/ptII/ptolemy/domains/de/test/auto/knownFailedTests/FSMSource.xml
12 ms. Memory: 51200K Free: 13153K (26%)
----------------- testing (KnownFailure) /home/travis/build/icyphy/ptII/ptolemy/domains/de/test/auto/knownFailedTests/HierarchicalModel.xml
2 ms. Memory: 51200K Free: 25199K (49%)
Known Failure: java.lang.reflect.InvocationTargetException
----------------- testing (KnownFailure) /home/travis/build/icyphy/ptII/ptolemy/domains/de/test/auto/knownFailedTests/dependencyLoop.xml
3 ms. Memory: 51200K Free: 10236K (20%)
Known Failure: java.lang.reflect.InvocationTargetException
----------------- testing (KnownFailure) /home/travis/build/icyphy/ptII/ptolemy/domains/de/test/auto/knownFailedTests/dependencyLoop2.xml
2 ms. Memory: 51200K Free: 22797K (45%)
Known Failure: java.lang.reflect.InvocationTargetException
No auto/linux-amd64/*.xml tests in /home/travis/build/icyphy/ptII/ptolemy/domains/de/test
AutoTests.java: About to close Vertx.
AutoTests.java: Vertx closed.

===========================================================================================
----------------- testing Wed May 11 19:55:18 UTC 2022 /home/travis/build/icyphy/ptII/ptolemy/domains/de/test/auto/ActorDepthCalculation_actorWithoutPorts.xml
----------------- Instantiating /home/travis/build/icyphy/ptII/ptolemy/domains/de/test/auto/ActorDepthCalculation_actorWithoutPorts.xml
1 ms. Memory: 51200K Free: 15994K (31%)
----------------- Invoking toplevel() on ptolemy.moml.MoMLSimpleApplication@541cd17b
----------------- Done invoking toplevel() on ptolemy.moml.MoMLSimpleApplication@541cd17b
reloadAllAccessors: .ActorDepthCalculation_actorWithoutPorts

===========================================================================================
----------------- testing Wed May 11 19:55:18 UTC 2022 /home/travis/build/icyphy/ptII/ptolemy/domains/de/test/auto/AssemblyLine.xml
----------------- Instantiating /home/travis/build/icyphy/ptII/ptolemy/domains/de/test/auto/AssemblyLine.xml
3 ms. Memory: 51200K Free: 8848K (17%)
----------------- Invoking toplevel() on ptolemy.moml.MoMLSimpleApplication@2326e9b4
----------------- Done invoking toplevel() on ptolemy.moml.MoMLSimpleApplication@2326e9b4
reloadAllAccessors: .AssemblyLine

===========================================================================================
----------------- testing Wed May 11 19:55:18 UTC 2022 /home/travis/build/icyphy/ptII/ptolemy/domains/de/test/auto/CQBug1.xml
----------------- Instantiating /home/travis/build/icyphy/ptII/ptolemy/domains/de/test/auto/CQBug1.xml
2 ms. Memory: 51200K Free: 33863K (66%)
----------------- Invoking toplevel() on ptolemy.moml.MoMLSimpleApplication@663c0936
----------------- Done invoking toplevel() on ptolemy.moml.MoMLSimpleApplication@663c0936
reloadAllAccessors: .CQBug1

===========================================================================================
----------------- testing Wed May 11 19:55:18 UTC 2022 /home/travis/build/icyphy/ptII/ptolemy/domains/de/test/auto/CancelFireAt.xml
----------------- Instantiating /home/travis/build/icyphy/ptII/ptolemy/domains/de/test/auto/CancelFireAt.xml
1 ms. Memory: 51200K Free: 31522K (62%)
----------------- Invoking toplevel() on ptolemy.moml.MoMLSimpleApplication@485efbfc
----------------- Done invoking toplevel() on ptolemy.moml.MoMLSimpleApplication@485efbfc
reloadAllAccessors: .CancelFireAt

===========================================================================================
----------------- testing Wed May 11 19:55:18 UTC 2022 /home/travis/build/icyphy/ptII/ptolemy/domains/de/test/auto/CausalityAndComposabilityAnalysis.xml
----------------- Instantiating /home/travis/build/icyphy/ptII/ptolemy/domains/de/test/auto/CausalityAndComposabilityAnalysis.xml
1 ms. Memory: 51200K Free: 27118K (53%)
----------------- Invoking toplevel() on ptolemy.moml.MoMLSimpleApplication@2f33f175
----------------- Done invoking toplevel() on ptolemy.moml.MoMLSimpleApplication@2f33f175
reloadAllAccessors: .CausalityAndComposabilityAnalysis

===========================================================================================
----------------- testing Wed May 11 19:55:18 UTC 2022 /home/travis/build/icyphy/ptII/ptolemy/domains/de/test/auto/CausalityInterface1.xml
----------------- Instantiating /home/travis/build/icyphy/ptII/ptolemy/domains/de/test/auto/CausalityInterface1.xml
5 ms. Memory: 51200K Free: 22014K (43%)
----------------- Invoking toplevel() on ptolemy.moml.MoMLSimpleApplication@42ed6a7f
----------------- Done invoking toplevel() on ptolemy.moml.MoMLSimpleApplication@42ed6a7f
reloadAllAccessors: .CausalityInterface1

===========================================================================================
----------------- testing Wed May 11 19:55:18 UTC 2022 /home/travis/build/icyphy/ptII/ptolemy/domains/de/test/auto/CausalityInterface15.xml
----------------- Instantiating /home/travis/build/icyphy/ptII/ptolemy/domains/de/test/auto/CausalityInterface15.xml
1 ms. Memory: 51200K Free: 16537K (32%)
----------------- Invoking toplevel() on ptolemy.moml.MoMLSimpleApplication@6d0326d9
----------------- Done invoking toplevel() on ptolemy.moml.MoMLSimpleApplication@6d0326d9
reloadAllAccessors: .CausalityInterface15

===========================================================================================
----------------- testing Wed May 11 19:55:18 UTC 2022 /home/travis/build/icyphy/ptII/ptolemy/domains/de/test/auto/CausalityInterface2.xml
----------------- Instantiating /home/travis/build/icyphy/ptII/ptolemy/domains/de/test/auto/CausalityInterface2.xml
1 ms. Memory: 51200K Free: 12066K (24%)
[...]
	at ptolemy.actor.Manager.run(Manager.java:1263)
	at ptolemy.actor.Manager$PtolemyRunThread.run(Manager.java:1933)
java.lang.RuntimeException: Execution failed
	at ptolemy.moml.MoMLSimpleApplication$UnloadThread.run(MoMLSimpleApplication.java:402)
Caused by: ptolemy.kernel.util.IllegalActionException: Actor is not ready to fire.  Perhaps UpSample.prefire() returned false? Try debugging the actor by selecting "Listen to Actor".  Also, for SDF check moml for tokenConsumptionRate on input.
  in .DESDFClockTest.Play Bell.Copy1:SDF Director and .DESDFClockTest.Play Bell.UpSample
	at ptolemy.actor.sched.StaticSchedulingDirector.fire(StaticSchedulingDirector.java:227)
	at ptolemy.domains.sdf.kernel.SDFDirector.fire(SDFDirector.java:500)
	at ptolemy.actor.CompositeActor.fire(CompositeActor.java:455)
	at ptolemy.domains.de.kernel.DEDirector._fire(DEDirector.java:1949)
	at ptolemy.domains.de.kernel.DEDirector.fire(DEDirector.java:502)
	at ptolemy.actor.CompositeActor.fire(CompositeActor.java:455)
	at ptolemy.actor.Manager.iterate(Manager.java:851)
	at ptolemy.actor.Manager.execute(Manager.java:369)
	at ptolemy.actor.Manager.run(Manager.java:1263)
	at ptolemy.actor.Manager$PtolemyRunThread.run(Manager.java:1933)
java.lang.reflect.InvocationTargetException
	at java.base/jdk.internal.reflect.NativeConstructorAccessorImpl.newInstance0(Native Method)
	at java.base/jdk.internal.reflect.NativeConstructorAccessorImpl.newInstance(NativeConstructorAccessorImpl.java:62)
	at java.base/jdk.internal.reflect.DelegatingConstructorAccessorImpl.newInstance(DelegatingConstructorAccessorImpl.java:45)
	at java.base/java.lang.reflect.Constructor.newInstance(Constructor.java:490)
	at ptolemy.util.test.junit.AutoKnownFailedTests.RunModel(AutoKnownFailedTests.java:105)
	at java.base/jdk.internal.reflect.NativeMethodAccessorImpl.invoke0(Native Method)
	at java.base/jdk.internal.reflect.NativeMethodAccessorImpl.invoke(NativeMethodAccessorImpl.java:62)
	at java.base/jdk.internal.reflect.DelegatingMethodAccessorImpl.invoke(DelegatingMethodAccessorImpl.java:43)
	at java.base/java.lang.reflect.Method.invoke(Method.java:566)
	at org.junit.runners.model.FrameworkMethod$1.runReflectiveCall(FrameworkMethod.java:44)
	at org.junit.internal.runners.model.ReflectiveCallable.run(ReflectiveCallable.java:15)
	at org.junit.runners.model.FrameworkMethod.invokeExplosively(FrameworkMethod.java:41)
	at junitparams.internal.InvokeParameterisedMethod.evaluate(InvokeParameterisedMethod.java:102)
	at org.junit.internal.runners.statements.FailOnTimeout$1.run(FailOnTimeout.java:28)
Caused by: ptolemy.kernel.util.IllegalActionException: Actor is not ready to fire.  Perhaps UpSample.prefire() returned false? Try debugging the actor by selecting "Listen to Actor".  Also, for SDF check moml for tokenConsumptionRate on input.
  in .DESDFClockTest.Play Bell.Copy1:SDF Director and .DESDFClockTest.Play Bell.UpSample
	at ptolemy.actor.sched.StaticSchedulingDirector.fire(StaticSchedulingDirector.java:227)
	at ptolemy.domains.sdf.kernel.SDFDirector.fire(SDFDirector.java:500)
	at ptolemy.actor.CompositeActor.fire(CompositeActor.java:455)
	at ptolemy.domains.de.kernel.DEDirector._fire(DEDirector.java:1949)
	at ptolemy.domains.de.kernel.DEDirector.fire(DEDirector.java:502)
	at ptolemy.actor.CompositeActor.fire(CompositeActor.java:455)
	at ptolemy.actor.Manager.iterate(Manager.java:851)
	at ptolemy.actor.Manager.execute(Manager.java:369)
	at ptolemy.actor.Manager.run(Manager.java:1263)
	at ptolemy.actor.Manager$PtolemyRunThread.run(Manager.java:1933)
java.lang.RuntimeException: Execution failed
	at ptolemy.moml.MoMLSimpleApplication$UnloadThread.run(MoMLSimpleApplication.java:402)
Caused by: ptolemy.kernel.util.IllegalActionException: Test fails in iteration 1.
Value was: 1.0. Should have been: 2.0
  in .DirectFeedback.Test
	at ptolemy.actor.lib.Test.fire(Test.java:268)
	at ptolemy.domains.de.kernel.DEDirector._fire(DEDirector.java:1949)
	at ptolemy.domains.de.kernel.DEDirector.fire(DEDirector.java:502)
	at ptolemy.actor.CompositeActor.fire(CompositeActor.java:455)
	at ptolemy.actor.Manager.iterate(Manager.java:851)
	at ptolemy.actor.Manager.execute(Manager.java:369)
	at ptolemy.actor.Manager.run(Manager.java:1263)
	at ptolemy.actor.Manager$PtolemyRunThread.run(Manager.java:1933)
java.lang.reflect.InvocationTargetException
	at java.base/jdk.internal.reflect.NativeConstructorAccessorImpl.newInstance0(Native Method)
	at java.base/jdk.internal.reflect.NativeConstructorAccessorImpl.newInstance(NativeConstructorAccessorImpl.java:62)
	at java.base/jdk.internal.reflect.DelegatingConstructorAccessorImpl.newInstance(DelegatingConstructorAccessorImpl.java:45)
	at java.base/java.lang.reflect.Constructor.newInstance(Constructor.java:490)
	at ptolemy.util.test.junit.AutoKnownFailedTests.RunModel(AutoKnownFailedTests.java:105)
	at java.base/jdk.internal.reflect.NativeMethodAccessorImpl.invoke0(Native Method)
	at java.base/jdk.internal.reflect.NativeMethodAccessorImpl.invoke(NativeMethodAccessorImpl.java:62)
	at java.base/jdk.internal.reflect.DelegatingMethodAccessorImpl.invoke(DelegatingMethodAccessorImpl.java:43)
	at java.base/java.lang.reflect.Method.invoke(Method.java:566)
	at org.junit.runners.model.FrameworkMethod$1.runReflectiveCall(FrameworkMethod.java:44)
	at org.junit.internal.runners.model.ReflectiveCallable.run(ReflectiveCallable.java:15)
	at org.junit.runners.model.FrameworkMethod.invokeExplosively(FrameworkMethod.java:41)
	at junitparams.internal.InvokeParameterisedMethod.evaluate(InvokeParameterisedMethod.java:102)
	at org.junit.internal.runners.statements.FailOnTimeout$1.run(FailOnTimeout.java:28)
Caused by: ptolemy.kernel.util.IllegalActionException: Test fails in iteration 1.
Value was: 1.0. Should have been: 2.0
  in .DirectFeedback.Test
	at ptolemy.actor.lib.Test.fire(Test.java:268)
	at ptolemy.domains.de.kernel.DEDirector._fire(DEDirector.java:1949)
	at ptolemy.domains.de.kernel.DEDirector.fire(DEDirector.java:502)
	at ptolemy.actor.CompositeActor.fire(CompositeActor.java:455)
	at ptolemy.actor.Manager.iterate(Manager.java:851)
	at ptolemy.actor.Manager.execute(Manager.java:369)
	at ptolemy.actor.Manager.run(Manager.java:1263)
	at ptolemy.actor.Manager$PtolemyRunThread.run(Manager.java:1933)
java.lang.RuntimeException: Execution failed
	at ptolemy.moml.MoMLSimpleApplication$UnloadThread.run(MoMLSimpleApplication.java:402)
Caused by: ptolemy.kernel.util.IllegalActionException: Found a zero delay loop containing .HierarchicalModel.A
  in .HierarchicalModel and .HierarchicalModel.A
	at ptolemy.actor.util.CausalityInterfaceForComposites._computeOutputPortDepth(CausalityInterfaceForComposites.java:759)
	at ptolemy.actor.util.CausalityInterfaceForComposites._computeInputDepth(CausalityInterfaceForComposites.java:696)
	at ptolemy.actor.util.CausalityInterfaceForComposites._computeOutputPortDepth(CausalityInterfaceForComposites.java:765)
	at ptolemy.actor.util.CausalityInterfaceForComposites._computeInputDepth(CausalityInterfaceForComposites.java:696)
	at ptolemy.actor.util.CausalityInterfaceForComposites._computeOutputPortDepth(CausalityInterfaceForComposites.java:765)
	at ptolemy.actor.util.CausalityInterfaceForComposites._computeInputDepth(CausalityInterfaceForComposites.java:696)
	at ptolemy.actor.util.CausalityInterfaceForComposites._computeActorDepth(CausalityInterfaceForComposites.java:532)
	at ptolemy.actor.util.CausalityInterfaceForComposites.checkForCycles(CausalityInterfaceForComposites.java:96)
	at ptolemy.domains.de.kernel.DEDirector.preinitialize(DEDirector.java:1338)
	at ptolemy.actor.CompositeActor.preinitialize(CompositeActor.java:1828)
	at ptolemy.actor.Manager.preinitializeAndResolveTypes(Manager.java:1040)
	at ptolemy.actor.Manager.initialize(Manager.java:710)
	at ptolemy.actor.Manager.execute(Manager.java:356)
	at ptolemy.actor.Manager.run(Manager.java:1263)
	at ptolemy.actor.Manager$PtolemyRunThread.run(Manager.java:1933)
java.lang.reflect.InvocationTargetException
	at java.base/jdk.internal.reflect.NativeConstructorAccessorImpl.newInstance0(Native Method)
	at java.base/jdk.internal.reflect.NativeConstructorAccessorImpl.newInstance(NativeConstructorAccessorImpl.java:62)
	at java.base/jdk.internal.reflect.DelegatingConstructorAccessorImpl.newInstance(DelegatingConstructorAccessorImpl.java:45)
	at java.base/java.lang.reflect.Constructor.newInstance(Constructor.java:490)
	at ptolemy.util.test.junit.AutoKnownFailedTests.RunModel(AutoKnownFailedTests.java:105)
	at java.base/jdk.internal.reflect.NativeMethodAccessorImpl.invoke0(Native Method)
	at java.base/jdk.internal.reflect.NativeMethodAccessorImpl.invoke(NativeMethodAccessorImpl.java:62)
	at java.base/jdk.internal.reflect.DelegatingMethodAccessorImpl.invoke(DelegatingMethodAccessorImpl.java:43)
	at java.base/java.lang.reflect.Method.invoke(Method.java:566)
	at org.junit.runners.model.FrameworkMethod$1.runReflectiveCall(FrameworkMethod.java:44)
	at org.junit.internal.runners.model.ReflectiveCallable.run(ReflectiveCallable.java:15)
	at org.junit.runners.model.FrameworkMethod.invokeExplosively(FrameworkMethod.java:41)
	at junitparams.internal.InvokeParameterisedMethod.evaluate(InvokeParameterisedMethod.java:102)
	at org.junit.internal.runners.statements.FailOnTimeout$1.run(FailOnTimeout.java:28)
Caused by: ptolemy.kernel.util.IllegalActionException: Found a zero delay loop containing .HierarchicalModel.A
  in .HierarchicalModel and .HierarchicalModel.A
	at ptolemy.actor.util.CausalityInterfaceForComposites._computeOutputPortDepth(CausalityInterfaceForComposites.java:759)
	at ptolemy.actor.util.CausalityInterfaceForComposites._computeInputDepth(CausalityInterfaceForComposites.java:696)
	at ptolemy.actor.util.CausalityInterfaceForComposites._computeOutputPortDepth(CausalityInterfaceForComposites.java:765)
	at ptolemy.actor.util.CausalityInterfaceForComposites._computeInputDepth(CausalityInterfaceForComposites.java:696)
	at ptolemy.actor.util.CausalityInterfaceForComposites._computeOutputPortDepth(CausalityInterfaceForComposites.java:765)
	at ptolemy.actor.util.CausalityInterfaceForComposites._computeInputDepth(CausalityInterfaceForComposites.java:696)
	at ptolemy.actor.util.CausalityInterfaceForComposites._computeActorDepth(CausalityInterfaceForComposites.java:532)
	at ptolemy.actor.util.CausalityInterfaceForComposites.checkForCycles(CausalityInterfaceForComposites.java:96)
	at ptolemy.domains.de.kernel.DEDirector.preinitialize(DEDirector.java:1338)
	at ptolemy.actor.CompositeActor.preinitialize(CompositeActor.java:1828)
	at ptolemy.actor.Manager.preinitializeAndResolveTypes(Manager.java:1040)
	at ptolemy.actor.Manager.initialize(Manager.java:710)
	at ptolemy.actor.Manager.execute(Manager.java:356)
	at ptolemy.actor.Manager.run(Manager.java:1263)
	at ptolemy.actor.Manager$PtolemyRunThread.run(Manager.java:1933)
java.lang.RuntimeException: Execution failed
	at ptolemy.moml.MoMLSimpleApplication$UnloadThread.run(MoMLSimpleApplication.java:402)
Caused by: ptolemy.kernel.util.IllegalActionException: Found a zero delay loop containing .dependencyLoop.original
  in .dependencyLoop and .dependencyLoop.original
	at ptolemy.actor.util.CausalityInterfaceForComposites._computeOutputPortDepth(CausalityInterfaceForComposites.java:759)
	at ptolemy.actor.util.CausalityInterfaceForComposites._computeInputDepth(CausalityInterfaceForComposites.java:696)
	at ptolemy.actor.util.CausalityInterfaceForComposites._computeOutputPortDepth(CausalityInterfaceForComposites.java:765)
	at ptolemy.actor.util.CausalityInterfaceForComposites._computeInputDepth(CausalityInterfaceForComposites.java:696)
	at ptolemy.actor.util.CausalityInterfaceForComposites._computeOutputPortDepth(CausalityInterfaceForComposites.java:765)
	at ptolemy.actor.util.CausalityInterfaceForComposites._computeInputDepth(CausalityInterfaceForComposites.java:696)
	at ptolemy.actor.util.CausalityInterfaceForComposites._computeActorDepth(CausalityInterfaceForComposites.java:532)
	at ptolemy.actor.util.CausalityInterfaceForComposites.checkForCycles(CausalityInterfaceForComposites.java:96)
	at ptolemy.domains.de.kernel.DEDirector.preinitialize(DEDirector.java:1338)
	at ptolemy.actor.CompositeActor.preinitialize(CompositeActor.java:1828)
	at ptolemy.actor.Manager.preinitializeAndResolveTypes(Manager.java:1040)
	at ptolemy.actor.Manager.initialize(Manager.java:710)
	at ptolemy.actor.Manager.execute(Manager.java:356)
	at ptolemy.actor.Manager.run(Manager.java:1263)
	at ptolemy.actor.Manager$PtolemyRunThread.run(Manager.java:1933)
java.lang.reflect.InvocationTargetException
	at java.base/jdk.internal.reflect.NativeConstructorAccessorImpl.newInstance0(Native Method)
	at java.base/jdk.internal.reflect.NativeConstructorAccessorImpl.newInstance(NativeConstructorAccessorImpl.java:62)
	at java.base/jdk.internal.reflect.DelegatingConstructorAccessorImpl.newInstance(DelegatingConstructorAccessorImpl.java:45)
	at java.base/java.lang.reflect.Constructor.newInstance(Constructor.java:490)
	at ptolemy.util.test.junit.AutoKnownFailedTests.RunModel(AutoKnownFailedTests.java:105)
	at java.base/jdk.internal.reflect.NativeMethodAccessorImpl.invoke0(Native Method)
	at java.base/jdk.internal.reflect.NativeMethodAccessorImpl.invoke(NativeMethodAccessorImpl.java:62)
	at java.base/jdk.internal.reflect.DelegatingMethodAccessorImpl.invoke(DelegatingMethodAccessorImpl.java:43)
	at java.base/java.lang.reflect.Method.invoke(Method.java:566)
	at org.junit.runners.model.FrameworkMethod$1.runReflectiveCall(FrameworkMethod.java:44)
	at org.junit.internal.runners.model.ReflectiveCallable.run(ReflectiveCallable.java:15)
	at org.junit.runners.model.FrameworkMethod.invokeExplosively(FrameworkMethod.java:41)
	at junitparams.internal.InvokeParameterisedMethod.evaluate(InvokeParameterisedMethod.java:102)
	at org.junit.internal.runners.statements.FailOnTimeout$1.run(FailOnTimeout.java:28)
Caused by: ptolemy.kernel.util.IllegalActionException: Found a zero delay loop containing .dependencyLoop.original
  in .dependencyLoop and .dependencyLoop.original
	at ptolemy.actor.util.CausalityInterfaceForComposites._computeOutputPortDepth(CausalityInterfaceForComposites.java:759)
	at ptolemy.actor.util.CausalityInterfaceForComposites._computeInputDepth(CausalityInterfaceForComposites.java:696)
	at ptolemy.actor.util.CausalityInterfaceForComposites._computeOutputPortDepth(CausalityInterfaceForComposites.java:765)
	at ptolemy.actor.util.CausalityInterfaceForComposites._computeInputDepth(CausalityInterfaceForComposites.java:696)
	at ptolemy.actor.util.CausalityInterfaceForComposites._computeOutputPortDepth(CausalityInterfaceForComposites.java:765)
	at ptolemy.actor.util.CausalityInterfaceForComposites._computeInputDepth(CausalityInterfaceForComposites.java:696)
	at ptolemy.actor.util.CausalityInterfaceForComposites._computeActorDepth(CausalityInterfaceForComposites.java:532)
	at ptolemy.actor.util.CausalityInterfaceForComposites.checkForCycles(CausalityInterfaceForComposites.java:96)
	at ptolemy.domains.de.kernel.DEDirector.preinitialize(DEDirector.java:1338)
	at ptolemy.actor.CompositeActor.preinitialize(CompositeActor.java:1828)
	at ptolemy.actor.Manager.preinitializeAndResolveTypes(Manager.java:1040)
	at ptolemy.actor.Manager.initialize(Manager.java:710)
	at ptolemy.actor.Manager.execute(Manager.java:356)
	at ptolemy.actor.Manager.run(Manager.java:1263)
	at ptolemy.actor.Manager$PtolemyRunThread.run(Manager.java:1933)
java.lang.RuntimeException: Execution failed
	at ptolemy.moml.MoMLSimpleApplication$UnloadThread.run(MoMLSimpleApplication.java:402)
Caused by: ptolemy.kernel.util.IllegalActionException: Found a zero delay loop containing .dependencyLoop2.original
  in .dependencyLoop2 and .dependencyLoop2.original
	at ptolemy.actor.util.CausalityInterfaceForComposites._computeOutputPortDepth(CausalityInterfaceForComposites.java:759)
	at ptolemy.actor.util.CausalityInterfaceForComposites._computeInputDepth(CausalityInterfaceForComposites.java:696)
	at ptolemy.actor.util.CausalityInterfaceForComposites._computeOutputPortDepth(CausalityInterfaceForComposites.java:765)
	at ptolemy.actor.util.CausalityInterfaceForComposites._computeInputDepth(CausalityInterfaceForComposites.java:696)
	at ptolemy.actor.util.CausalityInterfaceForComposites._computeOutputPortDepth(CausalityInterfaceForComposites.java:765)
	at ptolemy.actor.util.CausalityInterfaceForComposites._computeInputDepth(CausalityInterfaceForComposites.java:696)
	at ptolemy.actor.util.CausalityInterfaceForComposites._computeActorDepth(CausalityInterfaceForComposites.java:532)
	at ptolemy.actor.util.CausalityInterfaceForComposites.checkForCycles(CausalityInterfaceForComposites.java:96)
	at ptolemy.domains.de.kernel.DEDirector.preinitialize(DEDirector.java:1338)
	at ptolemy.actor.CompositeActor.preinitialize(CompositeActor.java:1828)
	at ptolemy.actor.Manager.preinitializeAndResolveTypes(Manager.java:1040)
	at ptolemy.actor.Manager.initialize(Manager.java:710)
	at ptolemy.actor.Manager.execute(Manager.java:356)
	at ptolemy.actor.Manager.run(Manager.java:1263)
	at ptolemy.actor.Manager$PtolemyRunThread.run(Manager.java:1933)
java.lang.reflect.InvocationTargetException
	at java.base/jdk.internal.reflect.NativeConstructorAccessorImpl.newInstance0(Native Method)
	at java.base/jdk.internal.reflect.NativeConstructorAccessorImpl.newInstance(NativeConstructorAccessorImpl.java:62)
	at java.base/jdk.internal.reflect.DelegatingConstructorAccessorImpl.newInstance(DelegatingConstructorAccessorImpl.java:45)
	at java.base/java.lang.reflect.Constructor.newInstance(Constructor.java:490)
	at ptolemy.util.test.junit.AutoKnownFailedTests.RunModel(AutoKnownFailedTests.java:105)
	at java.base/jdk.internal.reflect.NativeMethodAccessorImpl.invoke0(Native Method)
	at java.base/jdk.internal.reflect.NativeMethodAccessorImpl.invoke(NativeMethodAccessorImpl.java:62)
	at java.base/jdk.internal.reflect.DelegatingMethodAccessorImpl.invoke(DelegatingMethodAccessorImpl.java:43)
	at java.base/java.lang.reflect.Method.invoke(Method.java:566)
	at org.junit.runners.model.FrameworkMethod$1.runReflectiveCall(FrameworkMethod.java:44)
	at org.junit.internal.runners.model.ReflectiveCallable.run(ReflectiveCallable.java:15)
	at org.junit.runners.model.FrameworkMethod.invokeExplosively(FrameworkMethod.java:41)
	at junitparams.internal.InvokeParameterisedMethod.evaluate(InvokeParameterisedMethod.java:102)
	at org.junit.internal.runners.statements.FailOnTimeout$1.run(FailOnTimeout.java:28)
Caused by: ptolemy.kernel.util.IllegalActionException: Found a zero delay loop containing .dependencyLoop2.original
  in .dependencyLoop2 and .dependencyLoop2.original
	at ptolemy.actor.util.CausalityInterfaceForComposites._computeOutputPortDepth(CausalityInterfaceForComposites.java:759)
	at ptolemy.actor.util.CausalityInterfaceForComposites._computeInputDepth(CausalityInterfaceForComposites.java:696)
	at ptolemy.actor.util.CausalityInterfaceForComposites._computeOutputPortDepth(CausalityInterfaceForComposites.java:765)
	at ptolemy.actor.util.CausalityInterfaceForComposites._computeInputDepth(CausalityInterfaceForComposites.java:696)
	at ptolemy.actor.util.CausalityInterfaceForComposites._computeOutputPortDepth(CausalityInterfaceForComposites.java:765)
	at ptolemy.actor.util.CausalityInterfaceForComposites._computeInputDepth(CausalityInterfaceForComposites.java:696)
	at ptolemy.actor.util.CausalityInterfaceForComposites._computeActorDepth(CausalityInterfaceForComposites.java:532)
	at ptolemy.actor.util.CausalityInterfaceForComposites.checkForCycles(CausalityInterfaceForComposites.java:96)
	at ptolemy.domains.de.kernel.DEDirector.preinitialize(DEDirector.java:1338)
	at ptolemy.actor.CompositeActor.preinitialize(CompositeActor.java:1828)
	at ptolemy.actor.Manager.preinitializeAndResolveTypes(Manager.java:1040)
	at ptolemy.actor.Manager.initialize(Manager.java:710)
	at ptolemy.actor.Manager.execute(Manager.java:356)
	at ptolemy.actor.Manager.run(Manager.java:1263)
	at ptolemy.actor.Manager$PtolemyRunThread.run(Manager.java:1933)
]]></system-err>
</testsuite>
