<?xml version="1.0" encoding="UTF-8" ?>
<testsuite errors="0" failures="0" hostname="travis-job-1d93bd47-1085-42ae-9ca3-ec9e7c7ec909" name="ptolemy.domains.sdf.test.junit.JUnitTclTest" skipped="0" tests="66" time="20.178" timestamp="2020-09-27T16:15:18">
  <properties>
[...]
</properties>
  <testcase classname="ptolemy.util.test.junit.TclTests" name="[0] /home/travis/build/icyphy/ptII/ptolemy/domains/sdf/test/SDFSchedulerErrors.tcl (RunTclFile)" time="0.885" />
  <testcase classname="ptolemy.util.test.junit.TclTests" name="[1] /home/travis/build/icyphy/ptII/ptolemy/domains/sdf/test/composition.tcl (RunTclFile)" time="0.2" />
  <testcase classname="ptolemy.util.test.junit.TclTests" name="[2] /home/travis/build/icyphy/ptII/ptolemy/domains/sdf/test/cycle.tcl (RunTclFile)" time="0.073" />
  <testcase classname="ptolemy.util.test.junit.AutoKnownFailedTests" name="[0] ThereAreNoKnowFailedTests (RunModel)" time="0.005" />
  <testcase classname="ptolemy.util.test.junit.AutoNameArchTests" name="[0] ThereAreNoAutoArchTests (RunModel)" time="0.002" />
  <testcase classname="ptolemy.util.test.junit.AutoTests" name="[0] /home/travis/build/icyphy/ptII/ptolemy/domains/sdf/test/auto/Array.xml (RunModel)" time="0.301" />
  <testcase classname="ptolemy.util.test.junit.AutoTests" name="[1] /home/travis/build/icyphy/ptII/ptolemy/domains/sdf/test/auto/Butterfly.xml (RunModel)" time="0.139" />
  <testcase classname="ptolemy.util.test.junit.AutoTests" name="[2] /home/travis/build/icyphy/ptII/ptolemy/domains/sdf/test/auto/Expression.xml (RunModel)" time="0.104" />
  <testcase classname="ptolemy.util.test.junit.AutoTests" name="[3] /home/travis/build/icyphy/ptII/ptolemy/domains/sdf/test/auto/Eye.xml (RunModel)" time="0.283" />
  <testcase classname="ptolemy.util.test.junit.AutoTests" name="[4] /home/travis/build/icyphy/ptII/ptolemy/domains/sdf/test/auto/FixFIR.xml (RunModel)" time="0.335" />
  <testcase classname="ptolemy.util.test.junit.AutoTests" name="[5] /home/travis/build/icyphy/ptII/ptolemy/domains/sdf/test/auto/FixPoint.xml (RunModel)" time="0.029" />
  <testcase classname="ptolemy.util.test.junit.AutoTests" name="[6] /home/travis/build/icyphy/ptII/ptolemy/domains/sdf/test/auto/Gravitation.xml (RunModel)" time="3.299" />
  <testcase classname="ptolemy.util.test.junit.AutoTests" name="[7] /home/travis/build/icyphy/ptII/ptolemy/domains/sdf/test/auto/GravitationWithCollisionDetection.xml (RunModel)" time="6.111" />
  <testcase classname="ptolemy.util.test.junit.AutoTests" name="[8] /home/travis/build/icyphy/ptII/ptolemy/domains/sdf/test/auto/HDF.xml (RunModel)" time="0.118" />
  <testcase classname="ptolemy.util.test.junit.AutoTests" name="[9] /home/travis/build/icyphy/ptII/ptolemy/domains/sdf/test/auto/HDFwithTransientStates.xml (RunModel)" time="0.086" />
  <testcase classname="ptolemy.util.test.junit.AutoTests" name="[10] /home/travis/build/icyphy/ptII/ptolemy/domains/sdf/test/auto/HTVQ.xml (RunModel)" time="0.796" />
  <testcase classname="ptolemy.util.test.junit.AutoTests" name="[11] /home/travis/build/icyphy/ptII/ptolemy/domains/sdf/test/auto/InferInitProduction.xml (RunModel)" time="0.026" />
  <testcase classname="ptolemy.util.test.junit.AutoTests" name="[12] /home/travis/build/icyphy/ptII/ptolemy/domains/sdf/test/auto/InferInitProductionDeeper.xml (RunModel)" time="0.026" />
  <testcase classname="ptolemy.util.test.junit.AutoTests" name="[13] /home/travis/build/icyphy/ptII/ptolemy/domains/sdf/test/auto/LMSAdaptive.xml (RunModel)" time="0.064" />
  <testcase classname="ptolemy.util.test.junit.AutoTests" name="[14] /home/travis/build/icyphy/ptII/ptolemy/domains/sdf/test/auto/LogisticMap.xml (RunModel)" time="0.479" />
  <testcase classname="ptolemy.util.test.junit.AutoTests" name="[15] /home/travis/build/icyphy/ptII/ptolemy/domains/sdf/test/auto/MaximumEntropySpectrum.xml (RunModel)" time="0.29" />
  <testcase classname="ptolemy.util.test.junit.AutoTests" name="[16] /home/travis/build/icyphy/ptII/ptolemy/domains/sdf/test/auto/MultirateSDF.xml (RunModel)" time="0.069" />
  <testcase classname="ptolemy.util.test.junit.AutoTests" name="[17] /home/travis/build/icyphy/ptII/ptolemy/domains/sdf/test/auto/MultirateSDFwithTransientStates.xml (RunModel)" time="0.08" />
  <testcase classname="ptolemy.util.test.junit.AutoTests" name="[18] /home/travis/build/icyphy/ptII/ptolemy/domains/sdf/test/auto/NoisySinewave.xml (RunModel)" time="0.086" />
  <testcase classname="ptolemy.util.test.junit.AutoTests" name="[19] /home/travis/build/icyphy/ptII/ptolemy/domains/sdf/test/auto/Objects.xml (RunModel)" time="0.041" />
  <testcase classname="ptolemy.util.test.junit.AutoTests" name="[20] /home/travis/build/icyphy/ptII/ptolemy/domains/sdf/test/auto/OrthogonalCom.xml (RunModel)" time="0.05" />
  <testcase classname="ptolemy.util.test.junit.AutoTests" name="[21] /home/travis/build/icyphy/ptII/ptolemy/domains/sdf/test/auto/RijndaelEncryption.xml (RunModel)" time="0.605" />
  <testcase classname="ptolemy.util.test.junit.AutoTests" name="[22] /home/travis/build/icyphy/ptII/ptolemy/domains/sdf/test/auto/SDFEmptyIterations.xml (RunModel)" time="0.023" />
  <testcase classname="ptolemy.util.test.junit.AutoTests" name="[23] /home/travis/build/icyphy/ptII/ptolemy/domains/sdf/test/auto/Spectrum.xml (RunModel)" time="0.112" />
  <testcase classname="ptolemy.util.test.junit.AutoTests" name="[24] /home/travis/build/icyphy/ptII/ptolemy/domains/sdf/test/auto/de_inside_sdf.xml (RunModel)" time="0.032" />
  <testcase classname="ptolemy.util.test.junit.AutoTests" name="[25] /home/travis/build/icyphy/ptII/ptolemy/domains/sdf/test/auto/disconnectedHierarchicalSDF.xml (RunModel)" time="0.029" />
  <testcase classname="ptolemy.util.test.junit.AutoTests" name="[26] /home/travis/build/icyphy/ptII/ptolemy/domains/sdf/test/auto/disconnectedSDF.xml (RunModel)" time="0.02" />
  <testcase classname="ptolemy.util.test.junit.AutoTests" name="[27] /home/travis/build/icyphy/ptII/ptolemy/domains/sdf/test/auto/emptyRefinement.xml (RunModel)" time="0.021" />
  <testcase classname="ptolemy.util.test.junit.AutoTests" name="[28] /home/travis/build/icyphy/ptII/ptolemy/domains/sdf/test/auto/filePortParameter.xml (RunModel)" time="0.045" />
  <testcase classname="ptolemy.util.test.junit.AutoTests" name="[29] /home/travis/build/icyphy/ptII/ptolemy/domains/sdf/test/auto/inferRelationWidth1.xml (RunModel)" time="0.031" />
  <testcase classname="ptolemy.util.test.junit.AutoTests" name="[30] /home/travis/build/icyphy/ptII/ptolemy/domains/sdf/test/auto/initProductionInference.xml (RunModel)" time="0.026" />
  <testcase classname="ptolemy.util.test.junit.AutoTests" name="[31] /home/travis/build/icyphy/ptII/ptolemy/domains/sdf/test/auto/relationGroup.xml (RunModel)" time="0.026" />
  <testcase classname="ptolemy.util.test.junit.AutoTests" name="[32] /home/travis/build/icyphy/ptII/ptolemy/domains/sdf/test/auto/relationGroup10.xml (RunModel)" time="0.015" />
  <testcase classname="ptolemy.util.test.junit.AutoTests" name="[33] /home/travis/build/icyphy/ptII/ptolemy/domains/sdf/test/auto/relationGroup11.xml (RunModel)" time="0.02" />
  <testcase classname="ptolemy.util.test.junit.AutoTests" name="[34] /home/travis/build/icyphy/ptII/ptolemy/domains/sdf/test/auto/relationGroup12.xml (RunModel)" time="0.016" />
  <testcase classname="ptolemy.util.test.junit.AutoTests" name="[35] /home/travis/build/icyphy/ptII/ptolemy/domains/sdf/test/auto/relationGroup13.xml (RunModel)" time="0.018" />
  <testcase classname="ptolemy.util.test.junit.AutoTests" name="[36] /home/travis/build/icyphy/ptII/ptolemy/domains/sdf/test/auto/relationGroup14.xml (RunModel)" time="0.013" />
  <testcase classname="ptolemy.util.test.junit.AutoTests" name="[37] /home/travis/build/icyphy/ptII/ptolemy/domains/sdf/test/auto/relationGroup15.xml (RunModel)" time="0.014" />
  <testcase classname="ptolemy.util.test.junit.AutoTests" name="[38] /home/travis/build/icyphy/ptII/ptolemy/domains/sdf/test/auto/relationGroup2.xml (RunModel)" time="0.011" />
  <testcase classname="ptolemy.util.test.junit.AutoTests" name="[39] /home/travis/build/icyphy/ptII/ptolemy/domains/sdf/test/auto/relationGroup3.xml (RunModel)" time="0.009" />
  <testcase classname="ptolemy.util.test.junit.AutoTests" name="[40] /home/travis/build/icyphy/ptII/ptolemy/domains/sdf/test/auto/relationGroup4.xml (RunModel)" time="0.02" />
  <testcase classname="ptolemy.util.test.junit.AutoTests" name="[41] /home/travis/build/icyphy/ptII/ptolemy/domains/sdf/test/auto/relationGroup5.xml (RunModel)" time="0.013" />
  <testcase classname="ptolemy.util.test.junit.AutoTests" name="[42] /home/travis/build/icyphy/ptII/ptolemy/domains/sdf/test/auto/relationGroup6.xml (RunModel)" time="0.011" />
  <testcase classname="ptolemy.util.test.junit.AutoTests" name="[43] /home/travis/build/icyphy/ptII/ptolemy/domains/sdf/test/auto/relationGroup7.xml (RunModel)" time="0.008" />
  <testcase classname="ptolemy.util.test.junit.AutoTests" name="[44] /home/travis/build/icyphy/ptII/ptolemy/domains/sdf/test/auto/relationGroup8.xml (RunModel)" time="0.014" />
  <testcase classname="ptolemy.util.test.junit.AutoTests" name="[45] /home/travis/build/icyphy/ptII/ptolemy/domains/sdf/test/auto/relationGroup9.xml (RunModel)" time="0.014" />
  <testcase classname="ptolemy.util.test.junit.AutoTests" name="[46] /home/travis/build/icyphy/ptII/ptolemy/domains/sdf/test/auto/sdf_inside_de.xml (RunModel)" time="0.036" />
  <testcase classname="ptolemy.util.test.junit.AutoTests" name="[47] /home/travis/build/icyphy/ptII/ptolemy/domains/sdf/test/auto/sdf_inside_pn.xml (RunModel)" time="0.059" />
  <testcase classname="ptolemy.util.test.junit.AutoTests" name="[48] /home/travis/build/icyphy/ptII/ptolemy/domains/sdf/test/auto/sdf_sdf1.xml (RunModel)" time="0.02" />
  <testcase classname="ptolemy.util.test.junit.AutoTests" name="[49] /home/travis/build/icyphy/ptII/ptolemy/domains/sdf/test/auto/test1.xml (RunModel)" time="0.016" />
  <testcase classname="ptolemy.util.test.junit.AutoTests" name="[50] /home/travis/build/icyphy/ptII/ptolemy/domains/sdf/test/auto/time1.xml (RunModel)" time="0.011" />
  <testcase classname="ptolemy.util.test.junit.AutoTests" name="[51] /home/travis/build/icyphy/ptII/ptolemy/domains/sdf/test/auto/time2.xml (RunModel)" time="0.009" />
  <testcase classname="ptolemy.util.test.junit.AutoTests" name="[52] /home/travis/build/icyphy/ptII/ptolemy/domains/sdf/test/auto/time3.xml (RunModel)" time="0.023" />
  <testcase classname="ptolemy.util.test.junit.AutoTests" name="[53] /home/travis/build/icyphy/ptII/ptolemy/domains/sdf/test/auto/time4.xml (RunModel)" time="0.018" />
  <testcase classname="ptolemy.util.test.junit.AutoTests" name="[54] /home/travis/build/icyphy/ptII/ptolemy/domains/sdf/test/auto/time5.xml (RunModel)" time="4.008" />
  <testcase classname="ptolemy.util.test.junit.AutoTests" name="[55] /home/travis/build/icyphy/ptII/ptolemy/domains/sdf/test/auto/typeSystem_Const_Integer_smallest_Type.xml (RunModel)" time="0.029" />
  <testcase classname="ptolemy.util.test.junit.AutoTests" name="[56] /home/travis/build/icyphy/ptII/ptolemy/domains/sdf/test/auto/typeSystem_declared_Inports_OutportTypeException.xml (RunModel)" time="0.024" />
  <testcase classname="ptolemy.util.test.junit.AutoTests" name="[57] /home/travis/build/icyphy/ptII/ptolemy/domains/sdf/test/auto/typeSystem_oneDeclaredInportType_wrongTypeOutport.xml (RunModel)" time="0.013" />
  <testcase classname="ptolemy.util.test.junit.AutoTests" name="[58] /home/travis/build/icyphy/ptII/ptolemy/domains/sdf/test/auto/width.xml (RunModel)" time="0.018" />
  <testcase classname="ptolemy.util.test.junit.AutoTests" name="[59] /home/travis/build/icyphy/ptII/ptolemy/domains/sdf/test/auto/width2.xml (RunModel)" time="0.042" />
  <testcase classname="ptolemy.util.test.junit.AutoTests" name="[60] /home/travis/build/icyphy/ptII/ptolemy/domains/sdf/test/auto/width3.xml (RunModel)" time="0.038" />
  <system-out><![CDATA[/home/travis/build/icyphy/ptII/ptolemy/domains/sdf/test/SDFSchedulerErrors.tcl
testDefs.tcl: setting time out to 9000 seconds at Sun Sep 27 16:15:18 UTC 2020
83 ms. Memory: 129024K Free: 89032K (69%)
15 ms. Memory: 129024K Free: 81343K (63%)
17 ms. Memory: 129024K Free: 75191K (58%)
11 ms. Memory: 129024K Free: 72134K (56%)
/home/travis/build/icyphy/ptII/ptolemy/domains/sdf/test/composition.tcl
36 ms. Memory: 129024K Free: 68031K (53%)
16 ms. Memory: 129024K Free: 65990K (51%)
/home/travis/build/icyphy/ptII/ptolemy/domains/sdf/test/cycle.tcl
.Toplevel.Director Preinitializing ...
Invoking preinitialize():  .Toplevel.Actor1
Invoking preinitialize():  .Toplevel.Actor2
Invoking preinitialize():  .Toplevel.Delay
.Toplevel.Director Finished preinitialize().
### Schedule:
Execute Schedule{
Fire Actor ptolemy.domains.sdf.kernel.test.SDFTestDelay {.Toplevel.Actor1}
Fire Actor ptolemy.domains.sdf.kernel.test.SDFTestDelay {.Toplevel.Actor2}
Fire Actor ptolemy.domains.sdf.lib.SampleDelay {.Toplevel.Delay}
}
### End schedule
Called initialize().
Invoking initialize():  .Toplevel.Actor1
Initializing actor: .Toplevel.Actor1.
Invoking initialize():  .Toplevel.Actor2
Initializing actor: .Toplevel.Actor2.
Invoking initialize():  .Toplevel.Delay
Initializing actor: .Toplevel.Delay.
Director: Called prefire().
-- Setting current time to 0.0
Director prefire returns true.
The actor .Toplevel.Actor1 will be iterated.
The actor .Toplevel.Actor1 was iterated.
The actor .Toplevel.Actor2 will be iterated.
The actor .Toplevel.Actor2 was iterated.
The actor .Toplevel.Delay will be iterated.
The actor .Toplevel.Delay was iterated.
Director: Called postfire().
Postfire returns: true
Director: Called prefire().
-- Setting current time to 0.0
Director prefire returns true.
The actor .Toplevel.Actor1 will be iterated.
The actor .Toplevel.Actor1 was iterated.
The actor .Toplevel.Actor2 will be iterated.
The actor .Toplevel.Actor2 was iterated.
The actor .Toplevel.Delay will be iterated.
The actor .Toplevel.Delay was iterated.
Director: Called postfire().
Postfire returns: true
Director: Called prefire().
-- Setting current time to 0.0
Director prefire returns true.
The actor .Toplevel.Actor1 will be iterated.
The actor .Toplevel.Actor1 was iterated.
The actor .Toplevel.Actor2 will be iterated.
The actor .Toplevel.Actor2 was iterated.
The actor .Toplevel.Delay will be iterated.
The actor .Toplevel.Delay was iterated.
Director: Called postfire().
Postfire returns: true
Director: Called prefire().
-- Setting current time to 0.0
Director prefire returns true.
The actor .Toplevel.Actor1 will be iterated.
The actor .Toplevel.Actor1 was iterated.
The actor .Toplevel.Actor2 will be iterated.
The actor .Toplevel.Actor2 was iterated.
The actor .Toplevel.Delay will be iterated.
The actor .Toplevel.Delay was iterated.
Director: Called postfire().
Postfire returns: true
Director: Called prefire().
-- Setting current time to 0.0
Director prefire returns true.
The actor .Toplevel.Actor1 will be iterated.
The actor .Toplevel.Actor1 was iterated.
The actor .Toplevel.Actor2 will be iterated.
The actor .Toplevel.Actor2 was iterated.
The actor .Toplevel.Delay will be iterated.
The actor .Toplevel.Delay was iterated.
Director: Called postfire().
Postfire returns: true
Director: Called prefire().
-- Setting current time to 0.0
Director prefire returns true.
The actor .Toplevel.Actor1 will be iterated.
The actor .Toplevel.Actor1 was iterated.
The actor .Toplevel.Actor2 will be iterated.
The actor .Toplevel.Actor2 was iterated.
The actor .Toplevel.Delay will be iterated.
The actor .Toplevel.Delay was iterated.
Reached specified number of iterations: 6
Director: Called wrapup().
45 ms. Memory: 129024K Free: 63432K (49%)
09/27/20 04:15:19
Failed: 0  Total Tests: 8  ((Passed: 8, Newly Passed: 0)  Known Failed: 0) /home/travis/build/icyphy/ptII/ptolemy/domains/sdf/test
No auto/knownFailedTests/*.xml tests in /home/travis/build/icyphy/ptII/ptolemy/domains/sdf/test
No auto/linux-amd64/*.xml tests in /home/travis/build/icyphy/ptII/ptolemy/domains/sdf/test
AutoTests.java: About to close Vertx.
AutoTests.java: Vertx closed.

===========================================================================================
----------------- testing Sun Sep 27 16:15:20 UTC 2020 /home/travis/build/icyphy/ptII/ptolemy/domains/sdf/test/auto/Array.xml
----------------- Instantiating /home/travis/build/icyphy/ptII/ptolemy/domains/sdf/test/auto/Array.xml
65 ms. Memory: 129024K Free: 110438K (86%)
----------------- Invoking toplevel() on ptolemy.moml.MoMLSimpleApplication@5ca5617a
----------------- Done invoking toplevel() on ptolemy.moml.MoMLSimpleApplication@5ca5617a
reloadAllAccessors: .Array

===========================================================================================
----------------- testing Sun Sep 27 16:15:20 UTC 2020 /home/travis/build/icyphy/ptII/ptolemy/domains/sdf/test/auto/Butterfly.xml
----------------- Instantiating /home/travis/build/icyphy/ptII/ptolemy/domains/sdf/test/auto/Butterfly.xml
60 ms. Memory: 129024K Free: 104294K (81%)
----------------- Invoking toplevel() on ptolemy.moml.MoMLSimpleApplication@622a63ca
----------------- Done invoking toplevel() on ptolemy.moml.MoMLSimpleApplication@622a63ca
reloadAllAccessors: .Butterfly

===========================================================================================
----------------- testing Sun Sep 27 16:15:20 UTC 2020 /home/travis/build/icyphy/ptII/ptolemy/domains/sdf/test/auto/Expression.xml
----------------- Instantiating /home/travis/build/icyphy/ptII/ptolemy/domains/sdf/test/auto/Expression.xml
78 ms. Memory: 129024K Free: 99827K (77%)
----------------- Invoking toplevel() on ptolemy.moml.MoMLSimpleApplication@5ac43da2
----------------- Done invoking toplevel() on ptolemy.moml.MoMLSimpleApplication@5ac43da2
reloadAllAccessors: .Expression

===========================================================================================
----------------- testing Sun Sep 27 16:15:20 UTC 2020 /home/travis/build/icyphy/ptII/ptolemy/domains/sdf/test/auto/Eye.xml
----------------- Instantiating /home/travis/build/icyphy/ptII/ptolemy/domains/sdf/test/auto/Eye.xml
158 ms. Memory: 129024K Free: 74910K (58%)
----------------- Invoking toplevel() on ptolemy.moml.MoMLSimpleApplication@5b0b4a05
----------------- Done invoking toplevel() on ptolemy.moml.MoMLSimpleApplication@5b0b4a05
reloadAllAccessors: .Eye

===========================================================================================
----------------- testing Sun Sep 27 16:15:21 UTC 2020 /home/travis/build/icyphy/ptII/ptolemy/domains/sdf/test/auto/FixFIR.xml
----------------- Instantiating /home/travis/build/icyphy/ptII/ptolemy/domains/sdf/test/auto/FixFIR.xml
155 ms. Memory: 129024K Free: 94755K (73%)
----------------- Invoking toplevel() on ptolemy.moml.MoMLSimpleApplication@1c2aafa4
----------------- Done invoking toplevel() on ptolemy.moml.MoMLSimpleApplication@1c2aafa4
reloadAllAccessors: .FixFIR

===========================================================================================
----------------- testing Sun Sep 27 16:15:21 UTC 2020 /home/travis/build/icyphy/ptII/ptolemy/domains/sdf/test/auto/FixPoint.xml
----------------- Instantiating /home/travis/build/icyphy/ptII/ptolemy/domains/sdf/test/auto/FixPoint.xml
9 ms. Memory: 129024K Free: 90168K (70%)
----------------- Invoking toplevel() on ptolemy.moml.MoMLSimpleApplication@2a025c54
----------------- Done invoking toplevel() on ptolemy.moml.MoMLSimpleApplication@2a025c54
reloadAllAccessors: .FixPoint

===========================================================================================
----------------- testing Sun Sep 27 16:15:21 UTC 2020 /home/travis/build/icyphy/ptII/ptolemy/domains/sdf/test/auto/Gravitation.xml
----------------- Instantiating /home/travis/build/icyphy/ptII/ptolemy/domains/sdf/test/auto/Gravitation.xml
3197 ms. Memory: 161792K Free: 77456K (48%)
----------------- Invoking toplevel() on ptolemy.moml.MoMLSimpleApplication@551b6676
----------------- Done invoking toplevel() on ptolemy.moml.MoMLSimpleApplication@551b6676
reloadAllAccessors: .Gravitation

===========================================================================================
----------------- testing Sun Sep 27 16:15:24 UTC 2020 /home/travis/build/icyphy/ptII/ptolemy/domains/sdf/test/auto/GravitationWithCollisionDetection.xml
----------------- Instantiating /home/travis/build/icyphy/ptII/ptolemy/domains/sdf/test/auto/GravitationWithCollisionDetection.xml
5933 ms. Memory: 280576K Free: 258290K (92%)
----------------- Invoking toplevel() on ptolemy.moml.MoMLSimpleApplication@225e7a03
----------------- Done invoking toplevel() on ptolemy.moml.MoMLSimpleApplication@225e7a03
reloadAllAccessors: .GravitationWithCollisionDetection

===========================================================================================
----------------- testing Sun Sep 27 16:15:30 UTC 2020 /home/travis/build/icyphy/ptII/ptolemy/domains/sdf/test/auto/HDF.xml
----------------- Instantiating /home/travis/build/icyphy/ptII/ptolemy/domains/sdf/test/auto/HDF.xml
37 ms. Memory: 280576K Free: 242930K (87%)
----------------- Invoking toplevel() on ptolemy.moml.MoMLSimpleApplication@551c7f00
----------------- Done invoking toplevel() on ptolemy.moml.MoMLSimpleApplication@551c7f00
reloadAllAccessors: .HDF

===========================================================================================
----------------- testing Sun Sep 27 16:15:30 UTC 2020 /home/travis/build/icyphy/ptII/ptolemy/domains/sdf/test/auto/HDFwithTransientStates.xml
----------------- Instantiating /home/travis/build/icyphy/ptII/ptolemy/domains/sdf/test/auto/HDFwithTransientStates.xml
29 ms. Memory: 280576K Free: 223984K (80%)
----------------- Invoking toplevel() on ptolemy.moml.MoMLSimpleApplication@66e5a84e
----------------- Done invoking toplevel() on ptolemy.moml.MoMLSimpleApplication@66e5a84e
reloadAllAccessors: .HDFwithTransientStates

===========================================================================================
----------------- testing Sun Sep 27 16:15:31 UTC 2020 /home/travis/build/icyphy/ptII/ptolemy/domains/sdf/test/auto/HTVQ.xml
----------------- Instantiating /home/travis/build/icyphy/ptII/ptolemy/domains/sdf/test/auto/HTVQ.xml
756 ms. Memory: 280576K Free: 221948K (79%)
----------------- Invoking toplevel() on ptolemy.moml.MoMLSimpleApplication@53eb5216
----------------- Done invoking toplevel() on ptolemy.moml.MoMLSimpleApplication@53eb5216
reloadAllAccessors: .HTVQ

===========================================================================================
----------------- testing Sun Sep 27 16:15:31 UTC 2020 /home/travis/build/icyphy/ptII/ptolemy/domains/sdf/test/auto/InferInitProduction.xml
----------------- Instantiating /home/travis/build/icyphy/ptII/ptolemy/domains/sdf/test/auto/InferInitProduction.xml
5 ms. Memory: 280576K Free: 216300K (77%)
----------------- Invoking toplevel() on ptolemy.moml.MoMLSimpleApplication@3ab5821f
----------------- Done invoking toplevel() on ptolemy.moml.MoMLSimpleApplication@3ab5821f
reloadAllAccessors: .InferInitProduction

===========================================================================================
----------------- testing Sun Sep 27 16:15:31 UTC 2020 /home/travis/build/icyphy/ptII/ptolemy/domains/sdf/test/auto/InferInitProductionDeeper.xml
----------------- Instantiating /home/travis/build/icyphy/ptII/ptolemy/domains/sdf/test/auto/InferInitProductionDeeper.xml
4 ms. Memory: 280576K Free: 210684K (75%)
----------------- Invoking toplevel() on ptolemy.moml.MoMLSimpleApplication@c398b1f
----------------- Done invoking toplevel() on ptolemy.moml.MoMLSimpleApplication@c398b1f
reloadAllAccessors: .InferInitProductionDeeper

===========================================================================================
----------------- testing Sun Sep 27 16:15:31 UTC 2020 /home/travis/build/icyphy/ptII/ptolemy/domains/sdf/test/auto/LMSAdaptive.xml
----------------- Instantiating /home/travis/build/icyphy/ptII/ptolemy/domains/sdf/test/auto/LMSAdaptive.xml
13 ms. Memory: 280576K Free: 200954K (72%)
----------------- Invoking toplevel() on ptolemy.moml.MoMLSimpleApplication@1d3544e1
----------------- Done invoking toplevel() on ptolemy.moml.MoMLSimpleApplication@1d3544e1
reloadAllAccessors: .LMSAdaptive

===========================================================================================
----------------- testing Sun Sep 27 16:15:31 UTC 2020 /home/travis/build/icyphy/ptII/ptolemy/domains/sdf/test/auto/LogisticMap.xml
----------------- Instantiating /home/travis/build/icyphy/ptII/ptolemy/domains/sdf/test/auto/LogisticMap.xml
452 ms. Memory: 280576K Free: 195324K (70%)
----------------- Invoking toplevel() on ptolemy.moml.MoMLSimpleApplication@75a844e3
----------------- Done invoking toplevel() on ptolemy.moml.MoMLSimpleApplication@75a844e3
reloadAllAccessors: .LogisticMap

===========================================================================================
----------------- testing Sun Sep 27 16:15:32 UTC 2020 /home/travis/build/icyphy/ptII/ptolemy/domains/sdf/test/auto/MaximumEntropySpectrum.xml
----------------- Instantiating /home/travis/build/icyphy/ptII/ptolemy/domains/sdf/test/auto/MaximumEntropySpectrum.xml
74 ms. Memory: 280576K Free: 133884K (48%)
----------------- Invoking toplevel() on ptolemy.moml.MoMLSimpleApplication@522fc544
----------------- Done invoking toplevel() on ptolemy.moml.MoMLSimpleApplication@522fc544
reloadAllAccessors: .MaximumEntropySpectrum

===========================================================================================
----------------- testing Sun Sep 27 16:15:32 UTC 2020 /home/travis/build/icyphy/ptII/ptolemy/domains/sdf/test/auto/MultirateSDF.xml
----------------- Instantiating /home/travis/build/icyphy/ptII/ptolemy/domains/sdf/test/auto/MultirateSDF.xml
23 ms. Memory: 280576K Free: 119548K (43%)
----------------- Invoking toplevel() on ptolemy.moml.MoMLSimpleApplication@50ef33df
----------------- Done invoking toplevel() on ptolemy.moml.MoMLSimpleApplication@50ef33df
reloadAllAccessors: .MultirateSDF

===========================================================================================
----------------- testing Sun Sep 27 16:15:32 UTC 2020 /home/travis/build/icyphy/ptII/ptolemy/domains/sdf/test/auto/MultirateSDFwithTransientStates.xml
----------------- Instantiating /home/travis/build/icyphy/ptII/ptolemy/domains/sdf/test/auto/MultirateSDFwithTransientStates.xml
22 ms. Memory: 280576K Free: 100602K (36%)
----------------- Invoking toplevel() on ptolemy.moml.MoMLSimpleApplication@66f8adb2
----------------- Done invoking toplevel() on ptolemy.moml.MoMLSimpleApplication@66f8adb2
reloadAllAccessors: .MultirateSDFwithTransientStates

===========================================================================================
----------------- testing Sun Sep 27 16:15:32 UTC 2020 /home/travis/build/icyphy/ptII/ptolemy/domains/sdf/test/auto/NoisySinewave.xml
----------------- Instantiating /home/travis/build/icyphy/ptII/ptolemy/domains/sdf/test/auto/NoisySinewave.xml
18 ms. Memory: 280576K Free: 249439K (89%)
----------------- Invoking toplevel() on ptolemy.moml.MoMLSimpleApplication@14803976
----------------- Done invoking toplevel() on ptolemy.moml.MoMLSimpleApplication@14803976
reloadAllAccessors: .NoisySinewave

===========================================================================================
----------------- testing Sun Sep 27 16:15:33 UTC 2020 /home/travis/build/icyphy/ptII/ptolemy/domains/sdf/test/auto/Objects.xml
----------------- Instantiating /home/travis/build/icyphy/ptII/ptolemy/domains/sdf/test/auto/Objects.xml
4 ms. Memory: 280576K Free: 241247K (86%)
----------------- Invoking toplevel() on ptolemy.moml.MoMLSimpleApplication@4f81ce62
----------------- Done invoking toplevel() on ptolemy.moml.MoMLSimpleApplication@4f81ce62
reloadAllAccessors: .Objects

===========================================================================================
----------------- testing Sun Sep 27 16:15:33 UTC 2020 /home/travis/build/icyphy/ptII/ptolemy/domains/sdf/test/auto/OrthogonalCom.xml
----------------- Instantiating /home/travis/build/icyphy/ptII/ptolemy/domains/sdf/test/auto/OrthogonalCom.xml
10 ms. Memory: 280576K Free: 233565K (83%)
----------------- Invoking toplevel() on ptolemy.moml.MoMLSimpleApplication@2ebb7afe
----------------- Done invoking toplevel() on ptolemy.moml.MoMLSimpleApplication@2ebb7afe
reloadAllAccessors: .OrthogonalCom

===========================================================================================
----------------- testing Sun Sep 27 16:15:33 UTC 2020 /home/travis/build/icyphy/ptII/ptolemy/domains/sdf/test/auto/RijndaelEncryption.xml
----------------- Instantiating /home/travis/build/icyphy/ptII/ptolemy/domains/sdf/test/auto/RijndaelEncryption.xml
312 ms. Memory: 336896K Free: 309501K (92%)
----------------- Invoking toplevel() on ptolemy.moml.MoMLSimpleApplication@5d41e93a
----------------- Done invoking toplevel() on ptolemy.moml.MoMLSimpleApplication@5d41e93a
reloadAllAccessors: .RijndaelEncryption

===========================================================================================
----------------- testing Sun Sep 27 16:15:33 UTC 2020 /home/travis/build/icyphy/ptII/ptolemy/domains/sdf/test/auto/SDFEmptyIterations.xml
----------------- Instantiating /home/travis/build/icyphy/ptII/ptolemy/domains/sdf/test/auto/SDFEmptyIterations.xml
6 ms. Memory: 336896K Free: 304367K (90%)
----------------- Invoking toplevel() on ptolemy.moml.MoMLSimpleApplication@1b2d834e
----------------- Done invoking toplevel() on ptolemy.moml.MoMLSimpleApplication@1b2d834e
reloadAllAccessors: .SDFEmptyIterations

===========================================================================================
----------------- testing Sun Sep 27 16:15:33 UTC 2020 /home/travis/build/icyphy/ptII/ptolemy/domains/sdf/test/auto/Spectrum.xml
----------------- Instantiating /home/travis/build/icyphy/ptII/ptolemy/domains/sdf/test/auto/Spectrum.xml
29 ms. Memory: 336896K Free: 279805K (83%)
----------------- Invoking toplevel() on ptolemy.moml.MoMLSimpleApplication@3d838e36
----------------- Done invoking toplevel() on ptolemy.moml.MoMLSimpleApplication@3d838e36
reloadAllAccessors: .Spectrum

===========================================================================================
----------------- testing Sun Sep 27 16:15:33 UTC 2020 /home/travis/build/icyphy/ptII/ptolemy/domains/sdf/test/auto/de_inside_sdf.xml
----------------- Instantiating /home/travis/build/icyphy/ptII/ptolemy/domains/sdf/test/auto/de_inside_sdf.xml
8 ms. Memory: 336896K Free: 274655K (82%)
----------------- Invoking toplevel() on ptolemy.moml.MoMLSimpleApplication@6588ca60
----------------- Done invoking toplevel() on ptolemy.moml.MoMLSimpleApplication@6588ca60
reloadAllAccessors: .de_inside_sdf

===========================================================================================
----------------- testing Sun Sep 27 16:15:33 UTC 2020 /home/travis/build/icyphy/ptII/ptolemy/domains/sdf/test/auto/disconnectedHierarchicalSDF.xml
----------------- Instantiating /home/travis/build/icyphy/ptII/ptolemy/domains/sdf/test/auto/disconnectedHierarchicalSDF.xml
6 ms. Memory: 336896K Free: 268527K (80%)
----------------- Invoking toplevel() on ptolemy.moml.MoMLSimpleApplication@25fc48e5
----------------- Done invoking toplevel() on ptolemy.moml.MoMLSimpleApplication@25fc48e5
reloadAllAccessors: .disconnectedHierarchicalSDF

===========================================================================================
----------------- testing Sun Sep 27 16:15:33 UTC 2020 /home/travis/build/icyphy/ptII/ptolemy/domains/sdf/test/auto/disconnectedSDF.xml
----------------- Instantiating /home/travis/build/icyphy/ptII/ptolemy/domains/sdf/test/auto/disconnectedSDF.xml
2 ms. Memory: 336896K Free: 264445K (78%)
----------------- Invoking toplevel() on ptolemy.moml.MoMLSimpleApplication@663d7b21
----------------- Done invoking toplevel() on ptolemy.moml.MoMLSimpleApplication@663d7b21
reloadAllAccessors: .disconnectedSDF

===========================================================================================
----------------- testing Sun Sep 27 16:15:33 UTC 2020 /home/travis/build/icyphy/ptII/ptolemy/domains/sdf/test/auto/emptyRefinement.xml
----------------- Instantiating /home/travis/build/icyphy/ptII/ptolemy/domains/sdf/test/auto/emptyRefinement.xml
4 ms. Memory: 336896K Free: 259839K (77%)
----------------- Invoking toplevel() on ptolemy.moml.MoMLSimpleApplication@4df4d342
----------------- Done invoking toplevel() on ptolemy.moml.MoMLSimpleApplication@4df4d342
reloadAllAccessors: .emptyRefinement

===========================================================================================
----------------- testing Sun Sep 27 16:15:33 UTC 2020 /home/travis/build/icyphy/ptII/ptolemy/domains/sdf/test/auto/filePortParameter.xml
----------------- Instantiating /home/travis/build/icyphy/ptII/ptolemy/domains/sdf/test/auto/filePortParameter.xml
15 ms. Memory: 336896K Free: 252671K (75%)
----------------- Invoking toplevel() on ptolemy.moml.MoMLSimpleApplication@6b595029
----------------- Done invoking toplevel() on ptolemy.moml.MoMLSimpleApplication@6b595029
reloadAllAccessors: .filePortParameter

===========================================================================================
----------------- testing Sun Sep 27 16:15:33 UTC 2020 /home/travis/build/icyphy/ptII/ptolemy/domains/sdf/test/auto/inferRelationWidth1.xml
----------------- Instantiating /home/travis/build/icyphy/ptII/ptolemy/domains/sdf/test/auto/inferRelationWidth1.xml
2 ms. Memory: 336896K Free: 249599K (74%)
----------------- Invoking toplevel() on ptolemy.moml.MoMLSimpleApplication@4cbcb01b
----------------- Done invoking toplevel() on ptolemy.moml.MoMLSimpleApplication@4cbcb01b
reloadAllAccessors: .inferRelationWidth1

===========================================================================================
----------------- testing Sun Sep 27 16:15:34 UTC 2020 /home/travis/build/icyphy/ptII/ptolemy/domains/sdf/test/auto/initProductionInference.xml
----------------- Instantiating /home/travis/build/icyphy/ptII/ptolemy/domains/sdf/test/auto/initProductionInference.xml
11 ms. Memory: 336896K Free: 245503K (73%)
----------------- Invoking toplevel() on ptolemy.moml.MoMLSimpleApplication@349716ef
----------------- Done invoking toplevel() on ptolemy.moml.MoMLSimpleApplication@349716ef
reloadAllAccessors: .initProductionInference

===========================================================================================
----------------- testing Sun Sep 27 16:15:34 UTC 2020 /home/travis/build/icyphy/ptII/ptolemy/domains/sdf/test/auto/relationGroup.xml
----------------- Instantiating /home/travis/build/icyphy/ptII/ptolemy/domains/sdf/test/auto/relationGroup.xml
6 ms. Memory: 336896K Free: 241917K (72%)
----------------- Invoking toplevel() on ptolemy.moml.MoMLSimpleApplication@1ba4fc17
----------------- Done invoking toplevel() on ptolemy.moml.MoMLSimpleApplication@1ba4fc17
reloadAllAccessors: .relationGroup

===========================================================================================
----------------- testing Sun Sep 27 16:15:34 UTC 2020 /home/travis/build/icyphy/ptII/ptolemy/domains/sdf/test/auto/relationGroup10.xml
----------------- Instantiating /home/travis/build/icyphy/ptII/ptolemy/domains/sdf/test/auto/relationGroup10.xml
2 ms. Memory: 336896K Free: 238335K (71%)
----------------- Invoking toplevel() on ptolemy.moml.MoMLSimpleApplication@2f4b442e
----------------- Done invoking toplevel() on ptolemy.moml.MoMLSimpleApplication@2f4b442e
reloadAllAccessors: .relationGroup10

===========================================================================================
----------------- testing Sun Sep 27 16:15:34 UTC 2020 /home/travis/build/icyphy/ptII/ptolemy/domains/sdf/test/auto/relationGroup11.xml
----------------- Instantiating /home/travis/build/icyphy/ptII/ptolemy/domains/sdf/test/auto/relationGroup11.xml
3 ms. Memory: 336896K Free: 234749K (70%)
----------------- Invoking toplevel() on ptolemy.moml.MoMLSimpleApplication@57391b43
----------------- Done invoking toplevel() on ptolemy.moml.MoMLSimpleApplication@57391b43
reloadAllAccessors: .relationGroup11

===========================================================================================
----------------- testing Sun Sep 27 16:15:34 UTC 2020 /home/travis/build/icyphy/ptII/ptolemy/domains/sdf/test/auto/relationGroup12.xml
----------------- Instantiating /home/travis/build/icyphy/ptII/ptolemy/domains/sdf/test/auto/relationGroup12.xml
3 ms. Memory: 336896K Free: 231167K (69%)
----------------- Invoking toplevel() on ptolemy.moml.MoMLSimpleApplication@47927170
----------------- Done invoking toplevel() on ptolemy.moml.MoMLSimpleApplication@47927170
reloadAllAccessors: .relationGroup12

===========================================================================================
----------------- testing Sun Sep 27 16:15:34 UTC 2020 /home/travis/build/icyphy/ptII/ptolemy/domains/sdf/test/auto/relationGroup13.xml
----------------- Instantiating /home/travis/build/icyphy/ptII/ptolemy/domains/sdf/test/auto/relationGroup13.xml
8 ms. Memory: 336896K Free: 226047K (67%)
----------------- Invoking toplevel() on ptolemy.moml.MoMLSimpleApplication@18835b59
----------------- Done invoking toplevel() on ptolemy.moml.MoMLSimpleApplication@18835b59
reloadAllAccessors: .relationGroup13

===========================================================================================
----------------- testing Sun Sep 27 16:15:34 UTC 2020 /home/travis/build/icyphy/ptII/ptolemy/domains/sdf/test/auto/relationGroup14.xml
----------------- Instantiating /home/travis/build/icyphy/ptII/ptolemy/domains/sdf/test/auto/relationGroup14.xml
3 ms. Memory: 336896K Free: 221437K (66%)
----------------- Invoking toplevel() on ptolemy.moml.MoMLSimpleApplication@5e3eb953
----------------- Done invoking toplevel() on ptolemy.moml.MoMLSimpleApplication@5e3eb953
reloadAllAccessors: .relationGroup14

===========================================================================================
----------------- testing Sun Sep 27 16:15:34 UTC 2020 /home/travis/build/icyphy/ptII/ptolemy/domains/sdf/test/auto/relationGroup15.xml
----------------- Instantiating /home/travis/build/icyphy/ptII/ptolemy/domains/sdf/test/auto/relationGroup15.xml
2 ms. Memory: 336896K Free: 217855K (65%)
----------------- Invoking toplevel() on ptolemy.moml.MoMLSimpleApplication@41229027
----------------- Done invoking toplevel() on ptolemy.moml.MoMLSimpleApplication@41229027
reloadAllAccessors: .relationGroup15

===========================================================================================
----------------- testing Sun Sep 27 16:15:34 UTC 2020 /home/travis/build/icyphy/ptII/ptolemy/domains/sdf/test/auto/relationGroup2.xml
----------------- Instantiating /home/travis/build/icyphy/ptII/ptolemy/domains/sdf/test/auto/relationGroup2.xml
3 ms. Memory: 336896K Free: 214783K (64%)
----------------- Invoking toplevel() on ptolemy.moml.MoMLSimpleApplication@6bcd0ddd
----------------- Done invoking toplevel() on ptolemy.moml.MoMLSimpleApplication@6bcd0ddd
reloadAllAccessors: .relationGroup2

===========================================================================================
----------------- testing Sun Sep 27 16:15:34 UTC 2020 /home/travis/build/icyphy/ptII/ptolemy/domains/sdf/test/auto/relationGroup3.xml
----------------- Instantiating /home/travis/build/icyphy/ptII/ptolemy/domains/sdf/test/auto/relationGroup3.xml
1 ms. Memory: 336896K Free: 211711K (63%)
----------------- Invoking toplevel() on ptolemy.moml.MoMLSimpleApplication@27794c55
----------------- Done invoking toplevel() on ptolemy.moml.MoMLSimpleApplication@27794c55
reloadAllAccessors: .relationGroup3

===========================================================================================
----------------- testing Sun Sep 27 16:15:34 UTC 2020 /home/travis/build/icyphy/ptII/ptolemy/domains/sdf/test/auto/relationGroup4.xml
----------------- Instantiating /home/travis/build/icyphy/ptII/ptolemy/domains/sdf/test/auto/relationGroup4.xml
7 ms. Memory: 336896K Free: 207101K (61%)
----------------- Invoking toplevel() on ptolemy.moml.MoMLSimpleApplication@66e2fc12
----------------- Done invoking toplevel() on ptolemy.moml.MoMLSimpleApplication@66e2fc12
reloadAllAccessors: .relationGroup4

===========================================================================================
----------------- testing Sun Sep 27 16:15:34 UTC 2020 /home/travis/build/icyphy/ptII/ptolemy/domains/sdf/test/auto/relationGroup5.xml
----------------- Instantiating /home/travis/build/icyphy/ptII/ptolemy/domains/sdf/test/auto/relationGroup5.xml
2 ms. Memory: 336896K Free: 202975K (60%)
----------------- Invoking toplevel() on ptolemy.moml.MoMLSimpleApplication@f69ff91
----------------- Done invoking toplevel() on ptolemy.moml.MoMLSimpleApplication@f69ff91
reloadAllAccessors: .relationGroup5

===========================================================================================
----------------- testing Sun Sep 27 16:15:34 UTC 2020 /home/travis/build/icyphy/ptII/ptolemy/domains/sdf/test/auto/relationGroup6.xml
----------------- Instantiating /home/travis/build/icyphy/ptII/ptolemy/domains/sdf/test/auto/relationGroup6.xml
3 ms. Memory: 336896K Free: 198399K (59%)
----------------- Invoking toplevel() on ptolemy.moml.MoMLSimpleApplication@52f31d5e
----------------- Done invoking toplevel() on ptolemy.moml.MoMLSimpleApplication@52f31d5e
reloadAllAccessors: .relationGroup6

===========================================================================================
----------------- testing Sun Sep 27 16:15:34 UTC 2020 /home/travis/build/icyphy/ptII/ptolemy/domains/sdf/test/auto/relationGroup7.xml
----------------- Instantiating /home/travis/build/icyphy/ptII/ptolemy/domains/sdf/test/auto/relationGroup7.xml
1 ms. Memory: 336896K Free: 195327K (58%)
----------------- Invoking toplevel() on ptolemy.moml.MoMLSimpleApplication@76c9417
----------------- Done invoking toplevel() on ptolemy.moml.MoMLSimpleApplication@76c9417
reloadAllAccessors: .relationGroup7

===========================================================================================
----------------- testing Sun Sep 27 16:15:34 UTC 2020 /home/travis/build/icyphy/ptII/ptolemy/domains/sdf/test/auto/relationGroup8.xml
----------------- Instantiating /home/travis/build/icyphy/ptII/ptolemy/domains/sdf/test/auto/relationGroup8.xml
2 ms. Memory: 336896K Free: 192255K (57%)
----------------- Invoking toplevel() on ptolemy.moml.MoMLSimpleApplication@733c0e83
----------------- Done invoking toplevel() on ptolemy.moml.MoMLSimpleApplication@733c0e83
reloadAllAccessors: .relationGroup8

===========================================================================================
----------------- testing Sun Sep 27 16:15:34 UTC 2020 /home/travis/build/icyphy/ptII/ptolemy/domains/sdf/test/auto/relationGroup9.xml
----------------- Instantiating /home/travis/build/icyphy/ptII/ptolemy/domains/sdf/test/auto/relationGroup9.xml
5 ms. Memory: 336896K Free: 187645K (56%)
----------------- Invoking toplevel() on ptolemy.moml.MoMLSimpleApplication@75a9fece
----------------- Done invoking toplevel() on ptolemy.moml.MoMLSimpleApplication@75a9fece
reloadAllAccessors: .relationGroup9

===========================================================================================
----------------- testing Sun Sep 27 16:15:34 UTC 2020 /home/travis/build/icyphy/ptII/ptolemy/domains/sdf/test/auto/sdf_inside_de.xml
----------------- Instantiating /home/travis/build/icyphy/ptII/ptolemy/domains/sdf/test/auto/sdf_inside_de.xml
10 ms. Memory: 336896K Free: 178943K (53%)
----------------- Invoking toplevel() on ptolemy.moml.MoMLSimpleApplication@3dd43bc
----------------- Done invoking toplevel() on ptolemy.moml.MoMLSimpleApplication@3dd43bc
reloadAllAccessors: .sdf_inside_de

===========================================================================================
----------------- testing Sun Sep 27 16:15:34 UTC 2020 /home/travis/build/icyphy/ptII/ptolemy/domains/sdf/test/auto/sdf_inside_pn.xml
----------------- Instantiating /home/travis/build/icyphy/ptII/ptolemy/domains/sdf/test/auto/sdf_inside_pn.xml
38 ms. Memory: 336896K Free: 169727K (50%)
----------------- Invoking toplevel() on ptolemy.moml.MoMLSimpleApplication@4e124e5c
----------------- Done invoking toplevel() on ptolemy.moml.MoMLSimpleApplication@4e124e5c
reloadAllAccessors: .sdf_inside_pn

===========================================================================================
----------------- testing Sun Sep 27 16:15:34 UTC 2020 /home/travis/build/icyphy/ptII/ptolemy/domains/sdf/test/auto/sdf_sdf1.xml
----------------- Instantiating /home/travis/build/icyphy/ptII/ptolemy/domains/sdf/test/auto/sdf_sdf1.xml
4 ms. Memory: 336896K Free: 164063K (49%)
----------------- Invoking toplevel() on ptolemy.moml.MoMLSimpleApplication@1d7fcad2
----------------- Done invoking toplevel() on ptolemy.moml.MoMLSimpleApplication@1d7fcad2
reloadAllAccessors: .sdf_sdf1

===========================================================================================
----------------- testing Sun Sep 27 16:15:34 UTC 2020 /home/travis/build/icyphy/ptII/ptolemy/domains/sdf/test/auto/test1.xml
----------------- Instantiating /home/travis/build/icyphy/ptII/ptolemy/domains/sdf/test/auto/test1.xml
3 ms. Memory: 336896K Free: 158973K (47%)
----------------- Invoking toplevel() on ptolemy.moml.MoMLSimpleApplication@1711b937
----------------- Done invoking toplevel() on ptolemy.moml.MoMLSimpleApplication@1711b937
reloadAllAccessors: .test1

===========================================================================================
----------------- testing Sun Sep 27 16:15:34 UTC 2020 /home/travis/build/icyphy/ptII/ptolemy/domains/sdf/test/auto/time1.xml
----------------- Instantiating /home/travis/build/icyphy/ptII/ptolemy/domains/sdf/test/auto/time1.xml
2 ms. Memory: 336896K Free: 155391K (46%)
----------------- Invoking toplevel() on ptolemy.moml.MoMLSimpleApplication@ceaa0d
----------------- Done invoking toplevel() on ptolemy.moml.MoMLSimpleApplication@ceaa0d
reloadAllAccessors: .time1

===========================================================================================
----------------- testing Sun Sep 27 16:15:34 UTC 2020 /home/travis/build/icyphy/ptII/ptolemy/domains/sdf/test/auto/time2.xml
----------------- Instantiating /home/travis/build/icyphy/ptII/ptolemy/domains/sdf/test/auto/time2.xml
3 ms. Memory: 336896K Free: 151805K (45%)
----------------- Invoking toplevel() on ptolemy.moml.MoMLSimpleApplication@64198cd7
----------------- Done invoking toplevel() on ptolemy.moml.MoMLSimpleApplication@64198cd7
reloadAllAccessors: .time2

===========================================================================================
----------------- testing Sun Sep 27 16:15:34 UTC 2020 /home/travis/build/icyphy/ptII/ptolemy/domains/sdf/test/auto/time3.xml
----------------- Instantiating /home/travis/build/icyphy/ptII/ptolemy/domains/sdf/test/auto/time3.xml
7 ms. Memory: 336896K Free: 146685K (44%)
----------------- Invoking toplevel() on ptolemy.moml.MoMLSimpleApplication@667f2c6d
----------------- Done invoking toplevel() on ptolemy.moml.MoMLSimpleApplication@667f2c6d
reloadAllAccessors: .time3

===========================================================================================
----------------- testing Sun Sep 27 16:15:34 UTC 2020 /home/travis/build/icyphy/ptII/ptolemy/domains/sdf/test/auto/time4.xml
----------------- Instantiating /home/travis/build/icyphy/ptII/ptolemy/domains/sdf/test/auto/time4.xml
6 ms. Memory: 336896K Free: 141055K (42%)
----------------- Invoking toplevel() on ptolemy.moml.MoMLSimpleApplication@51616cfd
----------------- Done invoking toplevel() on ptolemy.moml.MoMLSimpleApplication@51616cfd
reloadAllAccessors: .time4

===========================================================================================
----------------- testing Sun Sep 27 16:15:34 UTC 2020 /home/travis/build/icyphy/ptII/ptolemy/domains/sdf/test/auto/time5.xml
----------------- Instantiating /home/travis/build/icyphy/ptII/ptolemy/domains/sdf/test/auto/time5.xml
4002 ms. Memory: 336896K Free: 137469K (41%)
----------------- Invoking toplevel() on ptolemy.moml.MoMLSimpleApplication@1a215eb
----------------- Done invoking toplevel() on ptolemy.moml.MoMLSimpleApplication@1a215eb
reloadAllAccessors: .time5

===========================================================================================
----------------- testing Sun Sep 27 16:15:38 UTC 2020 /home/travis/build/icyphy/ptII/ptolemy/domains/sdf/test/auto/typeSystem_Const_Integer_smallest_Type.xml
----------------- Instantiating /home/travis/build/icyphy/ptII/ptolemy/domains/sdf/test/auto/typeSystem_Const_Integer_smallest_Type.xml
6 ms. Memory: 336896K Free: 132863K (39%)
----------------- Invoking toplevel() on ptolemy.moml.MoMLSimpleApplication@1302e05c
----------------- Done invoking toplevel() on ptolemy.moml.MoMLSimpleApplication@1302e05c
reloadAllAccessors: .typeSystem_Const_Integer_smallest_Type

===========================================================================================
----------------- testing Sun Sep 27 16:15:38 UTC 2020 /home/travis/build/icyphy/ptII/ptolemy/domains/sdf/test/auto/typeSystem_declared_Inports_OutportTypeException.xml
----------------- Instantiating /home/travis/build/icyphy/ptII/ptolemy/domains/sdf/test/auto/typeSystem_declared_Inports_OutportTypeException.xml
.typeSystem_declared_Inports_OutportTypeException.TestExceptionAttribute: initialize() was not invoked, but wrapup() was.  This is unusual, but not always a problem.  For example, exporting JNLP will do this.
6 ms. Memory: 336896K Free: 128253K (38%)
----------------- Invoking toplevel() on ptolemy.moml.MoMLSimpleApplication@10a2dc03
----------------- Done invoking toplevel() on ptolemy.moml.MoMLSimpleApplication@10a2dc03
reloadAllAccessors: .typeSystem_declared_Inports_OutportTypeException

===========================================================================================
----------------- testing Sun Sep 27 16:15:38 UTC 2020 /home/travis/build/icyphy/ptII/ptolemy/domains/sdf/test/auto/typeSystem_oneDeclaredInportType_wrongTypeOutport.xml
----------------- Instantiating /home/travis/build/icyphy/ptII/ptolemy/domains/sdf/test/auto/typeSystem_oneDeclaredInportType_wrongTypeOutport.xml
2 ms. Memory: 336896K Free: 124157K (37%)
----------------- Invoking toplevel() on ptolemy.moml.MoMLSimpleApplication@6b5a68ab
----------------- Done invoking toplevel() on ptolemy.moml.MoMLSimpleApplication@6b5a68ab
reloadAllAccessors: .typeSystem_oneDeclaredInportType_wrongTypeOutport

===========================================================================================
----------------- testing Sun Sep 27 16:15:38 UTC 2020 /home/travis/build/icyphy/ptII/ptolemy/domains/sdf/test/auto/width.xml
----------------- Instantiating /home/travis/build/icyphy/ptII/ptolemy/domains/sdf/test/auto/width.xml
10 ms. Memory: 336896K Free: 120575K (36%)
----------------- Invoking toplevel() on ptolemy.moml.MoMLSimpleApplication@2df42a41
----------------- Done invoking toplevel() on ptolemy.moml.MoMLSimpleApplication@2df42a41
reloadAllAccessors: .width

===========================================================================================
----------------- testing Sun Sep 27 16:15:38 UTC 2020 /home/travis/build/icyphy/ptII/ptolemy/domains/sdf/test/auto/width2.xml
----------------- Instantiating /home/travis/build/icyphy/ptII/ptolemy/domains/sdf/test/auto/width2.xml
32 ms. Memory: 336896K Free: 315734K (94%)
----------------- Invoking toplevel() on ptolemy.moml.MoMLSimpleApplication@1ca6e9c0
----------------- Done invoking toplevel() on ptolemy.moml.MoMLSimpleApplication@1ca6e9c0
reloadAllAccessors: .width2

===========================================================================================
----------------- testing Sun Sep 27 16:15:38 UTC 2020 /home/travis/build/icyphy/ptII/ptolemy/domains/sdf/test/auto/width3.xml
----------------- Instantiating /home/travis/build/icyphy/ptII/ptolemy/domains/sdf/test/auto/width3.xml
21 ms. Memory: 336896K Free: 310629K (92%)
----------------- Invoking toplevel() on ptolemy.moml.MoMLSimpleApplication@3ba55d3
----------------- Done invoking toplevel() on ptolemy.moml.MoMLSimpleApplication@3ba55d3
reloadAllAccessors: .width3
AutoTests.java: About to close Vertx.
AutoTests.java: Vertx closed.
]]></system-out>
  <system-err><![CDATA[java.lang.RuntimeException: Execution failed
	at ptolemy.moml.MoMLSimpleApplication$UnloadThread.run(MoMLSimpleApplication.java:402)
Caused by: ptolemy.actor.sched.NotSchedulableException: No solution exists for the balance equations.
Graph is not consistent under the SDF domain detected on external port .rateConsistency.actor.port2
  in .rateConsistency.SDF Director.Scheduler
	at ptolemy.domains.sdf.kernel.SDFScheduler._propagatePort(SDFScheduler.java:1425)
	at ptolemy.domains.sdf.kernel.SDFScheduler._solveBalanceEquations(SDFScheduler.java:710)
	at ptolemy.domains.sdf.kernel.SDFScheduler._getSchedule(SDFScheduler.java:566)
	at ptolemy.actor.sched.Scheduler.getSchedule(Scheduler.java:189)
	at ptolemy.domains.sdf.kernel.SDFDirector.createSchedule(SDFDirector.java:408)
	at ptolemy.domains.sdf.kernel.SDFDirector.preinitialize(SDFDirector.java:764)
	at ptolemy.actor.CompositeActor.preinitialize(CompositeActor.java:1828)
	at ptolemy.actor.Manager.preinitializeAndResolveTypes(Manager.java:1040)
	at ptolemy.actor.Manager.initialize(Manager.java:710)
	at ptolemy.actor.Manager.execute(Manager.java:356)
	at ptolemy.actor.Manager.run(Manager.java:1263)
	at ptolemy.actor.Manager$PtolemyRunThread.run(Manager.java:1933)
java.lang.RuntimeException: Execution failed
	at ptolemy.moml.MoMLSimpleApplication$UnloadThread.run(MoMLSimpleApplication.java:402)
Caused by: ptolemy.kernel.util.IllegalActionException: Failed to compute schedule:
  in .badRateChanges.typed composite actor.SDF Director
Because:
The SDF rate parameter may change. This is not allowed in SDF models that will be run through the code generator.  If you don't care about code generation, then you might consider setting the allowRateChanges parameter of the SDF director to false.
  in .badRateChanges.typed composite actor.Repeat.output.tokenProductionRate
	at ptolemy.domains.sdf.kernel.SDFDirector.createSchedule(SDFDirector.java:418)
	at ptolemy.domains.sdf.kernel.SDFDirector.preinitialize(SDFDirector.java:764)
	at ptolemy.actor.CompositeActor.preinitialize(CompositeActor.java:1828)
	at ptolemy.actor.Director.preinitialize(Director.java:1302)
	at ptolemy.actor.Director.preinitialize(Director.java:1257)
	at ptolemy.domains.sdf.kernel.SDFDirector.preinitialize(SDFDirector.java:763)
	at ptolemy.actor.CompositeActor.preinitialize(CompositeActor.java:1828)
	at ptolemy.actor.Manager.preinitializeAndResolveTypes(Manager.java:1040)
	at ptolemy.actor.Manager.initialize(Manager.java:710)
	at ptolemy.actor.Manager.execute(Manager.java:356)
	at ptolemy.actor.Manager.run(Manager.java:1263)
	at ptolemy.actor.Manager$PtolemyRunThread.run(Manager.java:1933)
Caused by: ptolemy.kernel.util.IllegalActionException: The SDF rate parameter may change. This is not allowed in SDF models that will be run through the code generator.  If you don't care about code generation, then you might consider setting the allowRateChanges parameter of the SDF director to false.
  in .badRateChanges.typed composite actor.Repeat.output.tokenProductionRate
	at ptolemy.domains.sdf.kernel.SDFScheduler._assertDynamicRateVariable(SDFScheduler.java:931)
	at ptolemy.domains.sdf.kernel.SDFScheduler._checkDynamicRateVariables(SDFScheduler.java:339)
	at ptolemy.domains.sdf.kernel.SDFScheduler._getSchedule(SDFScheduler.java:527)
	at ptolemy.actor.sched.Scheduler.getSchedule(Scheduler.java:189)
	at ptolemy.domains.sdf.kernel.SDFDirector.createSchedule(SDFDirector.java:408)
	... 11 more
java.lang.RuntimeException: Execution failed
	at ptolemy.moml.MoMLSimpleApplication$UnloadThread.run(MoMLSimpleApplication.java:402)
Caused by: ptolemy.kernel.util.IllegalActionException: Failed to compute schedule:
  in .badRateChanges2.typed composite actor.SDF Director
Because:
The SDF rate parameter may change. This is not allowed in SDF models that will be run through the code generator.  If you don't care about code generation, then you might consider setting the allowRateChanges parameter of the SDF director to false.
  in .badRateChanges2.typed composite actor.Repeat.output.tokenProductionRate
	at ptolemy.domains.sdf.kernel.SDFDirector.createSchedule(SDFDirector.java:418)
	at ptolemy.domains.sdf.kernel.SDFDirector.preinitialize(SDFDirector.java:764)
	at ptolemy.actor.CompositeActor.preinitialize(CompositeActor.java:1828)
	at ptolemy.actor.Director.preinitialize(Director.java:1302)
	at ptolemy.actor.Director.preinitialize(Director.java:1257)
	at ptolemy.domains.sdf.kernel.SDFDirector.preinitialize(SDFDirector.java:763)
	at ptolemy.actor.CompositeActor.preinitialize(CompositeActor.java:1828)
	at ptolemy.actor.Manager.preinitializeAndResolveTypes(Manager.java:1040)
	at ptolemy.actor.Manager.initialize(Manager.java:710)
	at ptolemy.actor.Manager.execute(Manager.java:356)
	at ptolemy.actor.Manager.run(Manager.java:1263)
	at ptolemy.actor.Manager$PtolemyRunThread.run(Manager.java:1933)
Caused by: ptolemy.kernel.util.IllegalActionException: The SDF rate parameter may change. This is not allowed in SDF models that will be run through the code generator.  If you don't care about code generation, then you might consider setting the allowRateChanges parameter of the SDF director to false.
  in .badRateChanges2.typed composite actor.Repeat.output.tokenProductionRate
	at ptolemy.domains.sdf.kernel.SDFScheduler._assertDynamicRateVariable(SDFScheduler.java:931)
	at ptolemy.domains.sdf.kernel.SDFScheduler._checkDynamicRateVariables(SDFScheduler.java:339)
	at ptolemy.domains.sdf.kernel.SDFScheduler._getSchedule(SDFScheduler.java:527)
	at ptolemy.actor.sched.Scheduler.getSchedule(Scheduler.java:189)
	at ptolemy.domains.sdf.kernel.SDFDirector.createSchedule(SDFDirector.java:408)
	... 11 more
java.lang.RuntimeException: Execution failed
	at ptolemy.moml.MoMLSimpleApplication$UnloadThread.run(MoMLSimpleApplication.java:402)
Caused by: ptolemy.actor.sched.NotSchedulableException: Actors remain that cannot be scheduled!

There are several possible reasons:
* SDF Graphs with feedback loops should have an actor with a delay in the loop, such as a SampleDelay.
* The SDF director has an "allowDisconnectedGraphs"parameter, which, when true, permits disconnected SDF graphs.
* The token consumption rate and production rates might be mismatched.
Usually, actors produce one token or consume one token on a port.  To produce or consume multiple tokens per firing, add a "tokenConsumptionRate" or "tokenProductionRate" parameter to the appropriate port.
Unscheduled actors:
.partiallyConnected.Const2 
Scheduled actors:
.partiallyConnected.Const 
  in .partiallyConnected.SDF Director.Scheduler
	at ptolemy.domains.sdf.kernel.SDFScheduler._scheduleConnectedActors(SDFScheduler.java:1828)
	at ptolemy.domains.sdf.kernel.SDFScheduler._getSchedule(SDFScheduler.java:587)
	at ptolemy.actor.sched.Scheduler.getSchedule(Scheduler.java:189)
	at ptolemy.domains.sdf.kernel.SDFDirector.createSchedule(SDFDirector.java:408)
	at ptolemy.domains.sdf.kernel.SDFDirector.preinitialize(SDFDirector.java:764)
	at ptolemy.actor.CompositeActor.preinitialize(CompositeActor.java:1828)
	at ptolemy.actor.Manager.preinitializeAndResolveTypes(Manager.java:1040)
	at ptolemy.actor.Manager.initialize(Manager.java:710)
	at ptolemy.actor.Manager.execute(Manager.java:356)
	at ptolemy.actor.Manager.run(Manager.java:1263)
	at ptolemy.actor.Manager$PtolemyRunThread.run(Manager.java:1933)
]]></system-err>
</testsuite>
