<?xml version="1.0" encoding="UTF-8" ?>
<testsuite errors="0" failures="0" hostname="travis-job-6557bb6d-41a9-4495-aee1-bd24784eff9f" name="ptolemy.domains.continuous.test.junit.JUnitTclTest" skipped="0" tests="156" time="76.491" timestamp="2019-07-30T05:09:24">
  <properties>
[...]
</properties>
  <testcase classname="ptolemy.util.test.junit.TclTests" name="[0] ThereAreNoTclTests (RunTclFile)" time="0.01" />
  <testcase classname="ptolemy.util.test.junit.AutoKnownFailedTests" name="[0] ThereAreNoKnowFailedTests (RunModel)" time="0.003" />
  <testcase classname="ptolemy.util.test.junit.AutoNameArchTests" name="[0] ThereAreNoAutoArchTests (RunModel)" time="0.019" />
  <testcase classname="ptolemy.util.test.junit.AutoTests" name="[0] /home/travis/build/icyphy/ptII/ptolemy/domains/continuous/test/auto/BouncingBall.xml (RunModel)" time="3.162" />
  <testcase classname="ptolemy.util.test.junit.AutoTests" name="[1] /home/travis/build/icyphy/ptII/ptolemy/domains/continuous/test/auto/BouncingBallWithoutGR.xml (RunModel)" time="0.984" />
  <testcase classname="ptolemy.util.test.junit.AutoTests" name="[2] /home/travis/build/icyphy/ptII/ptolemy/domains/continuous/test/auto/Brownian.xml (RunModel)" time="0.14" />
  <testcase classname="ptolemy.util.test.junit.AutoTests" name="[3] /home/travis/build/icyphy/ptII/ptolemy/domains/continuous/test/auto/CarTracking.xml (RunModel)" time="4.032" />
  <testcase classname="ptolemy.util.test.junit.AutoTests" name="[4] /home/travis/build/icyphy/ptII/ptolemy/domains/continuous/test/auto/CartPendulum.xml (RunModel)" time="0.528" />
  <testcase classname="ptolemy.util.test.junit.AutoTests" name="[5] /home/travis/build/icyphy/ptII/ptolemy/domains/continuous/test/auto/CausalityInterface10.xml (RunModel)" time="0.052" />
  <testcase classname="ptolemy.util.test.junit.AutoTests" name="[6] /home/travis/build/icyphy/ptII/ptolemy/domains/continuous/test/auto/CausalityInterface11.xml (RunModel)" time="0.038" />
  <testcase classname="ptolemy.util.test.junit.AutoTests" name="[7] /home/travis/build/icyphy/ptII/ptolemy/domains/continuous/test/auto/CausalityInterface12.xml (RunModel)" time="0.04" />
  <testcase classname="ptolemy.util.test.junit.AutoTests" name="[8] /home/travis/build/icyphy/ptII/ptolemy/domains/continuous/test/auto/CausalityInterface13.xml (RunModel)" time="0.037" />
  <testcase classname="ptolemy.util.test.junit.AutoTests" name="[9] /home/travis/build/icyphy/ptII/ptolemy/domains/continuous/test/auto/CausalityInterface14.xml (RunModel)" time="0.028" />
  <testcase classname="ptolemy.util.test.junit.AutoTests" name="[10] /home/travis/build/icyphy/ptII/ptolemy/domains/continuous/test/auto/CausalityInterface4.xml (RunModel)" time="0.038" />
  <testcase classname="ptolemy.util.test.junit.AutoTests" name="[11] /home/travis/build/icyphy/ptII/ptolemy/domains/continuous/test/auto/CausalityInterface5.xml (RunModel)" time="0.049" />
  <testcase classname="ptolemy.util.test.junit.AutoTests" name="[12] /home/travis/build/icyphy/ptII/ptolemy/domains/continuous/test/auto/CausalityInterface6.xml (RunModel)" time="0.024" />
  <testcase classname="ptolemy.util.test.junit.AutoTests" name="[13] /home/travis/build/icyphy/ptII/ptolemy/domains/continuous/test/auto/CausalityInterface7.xml (RunModel)" time="0.051" />
  <testcase classname="ptolemy.util.test.junit.AutoTests" name="[14] /home/travis/build/icyphy/ptII/ptolemy/domains/continuous/test/auto/CausalityInterface8.xml (RunModel)" time="0.043" />
  <testcase classname="ptolemy.util.test.junit.AutoTests" name="[15] /home/travis/build/icyphy/ptII/ptolemy/domains/continuous/test/auto/CausalityInterface9.xml (RunModel)" time="0.051" />
  <testcase classname="ptolemy.util.test.junit.AutoTests" name="[16] /home/travis/build/icyphy/ptII/ptolemy/domains/continuous/test/auto/CausalityInterfaceFeedback1.xml (RunModel)" time="0.034" />
  <testcase classname="ptolemy.util.test.junit.AutoTests" name="[17] /home/travis/build/icyphy/ptII/ptolemy/domains/continuous/test/auto/CausalityInterfaceFeedback2.xml (RunModel)" time="0.038" />
  <testcase classname="ptolemy.util.test.junit.AutoTests" name="[18] /home/travis/build/icyphy/ptII/ptolemy/domains/continuous/test/auto/CompareWithCurrentTime.xml (RunModel)" time="0.033" />
  <testcase classname="ptolemy.util.test.junit.AutoTests" name="[19] /home/travis/build/icyphy/ptII/ptolemy/domains/continuous/test/auto/ComparedClocks.xml (RunModel)" time="0.09" />
  <testcase classname="ptolemy.util.test.junit.AutoTests" name="[20] /home/travis/build/icyphy/ptII/ptolemy/domains/continuous/test/auto/ContinuousAOCClone.xml (RunModel)" time="2.806" />
  <testcase classname="ptolemy.util.test.junit.AutoTests" name="[21] /home/travis/build/icyphy/ptII/ptolemy/domains/continuous/test/auto/ContinuousClock.xml (RunModel)" time="0.071" />
  <testcase classname="ptolemy.util.test.junit.AutoTests" name="[22] /home/travis/build/icyphy/ptII/ptolemy/domains/continuous/test/auto/ContinuousInContinuous.xml (RunModel)" time="0.082" />
  <testcase classname="ptolemy.util.test.junit.AutoTests" name="[23] /home/travis/build/icyphy/ptII/ptolemy/domains/continuous/test/auto/ContinuousInContinuousInContinuous.xml (RunModel)" time="0.025" />
  <testcase classname="ptolemy.util.test.junit.AutoTests" name="[24] /home/travis/build/icyphy/ptII/ptolemy/domains/continuous/test/auto/ContinuousInDE.xml (RunModel)" time="0.125" />
  <testcase classname="ptolemy.util.test.junit.AutoTests" name="[25] /home/travis/build/icyphy/ptII/ptolemy/domains/continuous/test/auto/ContinuousInDE2.xml (RunModel)" time="0.05" />
  <testcase classname="ptolemy.util.test.junit.AutoTests" name="[26] /home/travis/build/icyphy/ptII/ptolemy/domains/continuous/test/auto/ContinuousInDE3.xml (RunModel)" time="0.053" />
  <testcase classname="ptolemy.util.test.junit.AutoTests" name="[27] /home/travis/build/icyphy/ptII/ptolemy/domains/continuous/test/auto/ContinuousInDE4.xml (RunModel)" time="0.035" />
  <testcase classname="ptolemy.util.test.junit.AutoTests" name="[28] /home/travis/build/icyphy/ptII/ptolemy/domains/continuous/test/auto/ContinuousInDEDifferentRefinements.xml (RunModel)" time="0.091" />
  <testcase classname="ptolemy.util.test.junit.AutoTests" name="[29] /home/travis/build/icyphy/ptII/ptolemy/domains/continuous/test/auto/ContinuousInDEDifferentRefinementsPreemptive.xml (RunModel)" time="0.085" />
  <testcase classname="ptolemy.util.test.junit.AutoTests" name="[30] /home/travis/build/icyphy/ptII/ptolemy/domains/continuous/test/auto/ContinuousInDEInContinuous2.xml (RunModel)" time="0.056" />
  <testcase classname="ptolemy.util.test.junit.AutoTests" name="[31] /home/travis/build/icyphy/ptII/ptolemy/domains/continuous/test/auto/ContinuousInDEInContinuous3.xml (RunModel)" time="0.064" />
  <testcase classname="ptolemy.util.test.junit.AutoTests" name="[32] /home/travis/build/icyphy/ptII/ptolemy/domains/continuous/test/auto/ContinuousInDEInput.xml (RunModel)" time="0.05" />
  <testcase classname="ptolemy.util.test.junit.AutoTests" name="[33] /home/travis/build/icyphy/ptII/ptolemy/domains/continuous/test/auto/ContinuousInDEInput2.xml (RunModel)" time="0.04" />
  <testcase classname="ptolemy.util.test.junit.AutoTests" name="[34] /home/travis/build/icyphy/ptII/ptolemy/domains/continuous/test/auto/ContinuousInDEInput3.xml (RunModel)" time="0.035" />
  <testcase classname="ptolemy.util.test.junit.AutoTests" name="[35] /home/travis/build/icyphy/ptII/ptolemy/domains/continuous/test/auto/ContinuousInDESharingRefinement.xml (RunModel)" time="0.208" />
  <testcase classname="ptolemy.util.test.junit.AutoTests" name="[36] /home/travis/build/icyphy/ptII/ptolemy/domains/continuous/test/auto/ContinuousInDEwithNoPorts.xml (RunModel)" time="0.015" />
  <testcase classname="ptolemy.util.test.junit.AutoTests" name="[37] /home/travis/build/icyphy/ptII/ptolemy/domains/continuous/test/auto/ContinuousInsideDE.xml (RunModel)" time="0.089" />
  <testcase classname="ptolemy.util.test.junit.AutoTests" name="[38] /home/travis/build/icyphy/ptII/ptolemy/domains/continuous/test/auto/ContinuousMerge1.xml (RunModel)" time="0.016" />
  <testcase classname="ptolemy.util.test.junit.AutoTests" name="[39] /home/travis/build/icyphy/ptII/ptolemy/domains/continuous/test/auto/ContinuousMerge2.xml (RunModel)" time="0.049" />
  <testcase classname="ptolemy.util.test.junit.AutoTests" name="[40] /home/travis/build/icyphy/ptII/ptolemy/domains/continuous/test/auto/ContinuousMerge3.xml (RunModel)" time="0.063" />
  <testcase classname="ptolemy.util.test.junit.AutoTests" name="[41] /home/travis/build/icyphy/ptII/ptolemy/domains/continuous/test/auto/ContinuousWithinContinuous.xml (RunModel)" time="0.058" />
  <testcase classname="ptolemy.util.test.junit.AutoTests" name="[42] /home/travis/build/icyphy/ptII/ptolemy/domains/continuous/test/auto/ContinuousWithinContinuous2.xml (RunModel)" time="0.079" />
  <testcase classname="ptolemy.util.test.junit.AutoTests" name="[43] /home/travis/build/icyphy/ptII/ptolemy/domains/continuous/test/auto/ContinuousWithinContinuous3.xml (RunModel)" time="0.034" />
  <testcase classname="ptolemy.util.test.junit.AutoTests" name="[44] /home/travis/build/icyphy/ptII/ptolemy/domains/continuous/test/auto/ContinuousWithinContinuous4.xml (RunModel)" time="0.087" />
  <testcase classname="ptolemy.util.test.junit.AutoTests" name="[45] /home/travis/build/icyphy/ptII/ptolemy/domains/continuous/test/auto/ContinuousWithinContinuous5.xml (RunModel)" time="0.031" />
  <testcase classname="ptolemy.util.test.junit.AutoTests" name="[46] /home/travis/build/icyphy/ptII/ptolemy/domains/continuous/test/auto/ContinuousWithinContinuous6.xml (RunModel)" time="0.041" />
  <testcase classname="ptolemy.util.test.junit.AutoTests" name="[47] /home/travis/build/icyphy/ptII/ptolemy/domains/continuous/test/auto/ContinuousWithinContinuous7.xml (RunModel)" time="0.065" />
  <testcase classname="ptolemy.util.test.junit.AutoTests" name="[48] /home/travis/build/icyphy/ptII/ptolemy/domains/continuous/test/auto/DCMotor.xml (RunModel)" time="12.961" />
  <testcase classname="ptolemy.util.test.junit.AutoTests" name="[49] /home/travis/build/icyphy/ptII/ptolemy/domains/continuous/test/auto/DEInContinuous.xml (RunModel)" time="0.032" />
  <testcase classname="ptolemy.util.test.junit.AutoTests" name="[50] /home/travis/build/icyphy/ptII/ptolemy/domains/continuous/test/auto/DEinContinuous2.xml (RunModel)" time="0.026" />
  <testcase classname="ptolemy.util.test.junit.AutoTests" name="[51] /home/travis/build/icyphy/ptII/ptolemy/domains/continuous/test/auto/Derivative.xml (RunModel)" time="0.229" />
  <testcase classname="ptolemy.util.test.junit.AutoTests" name="[52] /home/travis/build/icyphy/ptII/ptolemy/domains/continuous/test/auto/Derivative1.xml (RunModel)" time="0.041" />
  <testcase classname="ptolemy.util.test.junit.AutoTests" name="[53] /home/travis/build/icyphy/ptII/ptolemy/domains/continuous/test/auto/DiscreteClock.xml (RunModel)" time="0.012" />
  <testcase classname="ptolemy.util.test.junit.AutoTests" name="[54] /home/travis/build/icyphy/ptII/ptolemy/domains/continuous/test/auto/EfficiencyCurve.xml (RunModel)" time="0.089" />
  <testcase classname="ptolemy.util.test.junit.AutoTests" name="[55] /home/travis/build/icyphy/ptII/ptolemy/domains/continuous/test/auto/ExponentialResponse.xml (RunModel)" time="0.158" />
  <testcase classname="ptolemy.util.test.junit.AutoTests" name="[56] /home/travis/build/icyphy/ptII/ptolemy/domains/continuous/test/auto/ExponentialResponseRK45.xml (RunModel)" time="0.043" />
  <testcase classname="ptolemy.util.test.junit.AutoTests" name="[57] /home/travis/build/icyphy/ptII/ptolemy/domains/continuous/test/auto/Friction.xml (RunModel)" time="1.658" />
  <testcase classname="ptolemy.util.test.junit.AutoTests" name="[58] /home/travis/build/icyphy/ptII/ptolemy/domains/continuous/test/auto/FurutaPendulum.xml (RunModel)" time="3.585" />
  <testcase classname="ptolemy.util.test.junit.AutoTests" name="[59] /home/travis/build/icyphy/ptII/ptolemy/domains/continuous/test/auto/HierarchicalExecution.xml (RunModel)" time="2.391" />
  <testcase classname="ptolemy.util.test.junit.AutoTests" name="[60] /home/travis/build/icyphy/ptII/ptolemy/domains/continuous/test/auto/HybridPlant.xml (RunModel)" time="0.555" />
  <testcase classname="ptolemy.util.test.junit.AutoTests" name="[61] /home/travis/build/icyphy/ptII/ptolemy/domains/continuous/test/auto/Hysteresis.xml (RunModel)" time="0.18" />
  <testcase classname="ptolemy.util.test.junit.AutoTests" name="[62] /home/travis/build/icyphy/ptII/ptolemy/domains/continuous/test/auto/HysteresisWithRandomDelay.xml (RunModel)" time="0.219" />
  <testcase classname="ptolemy.util.test.junit.AutoTests" name="[63] /home/travis/build/icyphy/ptII/ptolemy/domains/continuous/test/auto/HysteresisWithRandomLosses.xml (RunModel)" time="2.448" />
  <testcase classname="ptolemy.util.test.junit.AutoTests" name="[64] /home/travis/build/icyphy/ptII/ptolemy/domains/continuous/test/auto/ImmediateTransitions.xml (RunModel)" time="0.04" />
  <testcase classname="ptolemy.util.test.junit.AutoTests" name="[65] /home/travis/build/icyphy/ptII/ptolemy/domains/continuous/test/auto/ImpulseFeedback.xml (RunModel)" time="0.021" />
  <testcase classname="ptolemy.util.test.junit.AutoTests" name="[66] /home/travis/build/icyphy/ptII/ptolemy/domains/continuous/test/auto/ImpulseFeedback2.xml (RunModel)" time="0.027" />
  <testcase classname="ptolemy.util.test.junit.AutoTests" name="[67] /home/travis/build/icyphy/ptII/ptolemy/domains/continuous/test/auto/IncreasingRatePoisson.xml (RunModel)" time="0.751" />
  <testcase classname="ptolemy.util.test.junit.AutoTests" name="[68] /home/travis/build/icyphy/ptII/ptolemy/domains/continuous/test/auto/InitialStateFeedback.xml (RunModel)" time="0.016" />
  <testcase classname="ptolemy.util.test.junit.AutoTests" name="[69] /home/travis/build/icyphy/ptII/ptolemy/domains/continuous/test/auto/Integration.xml (RunModel)" time="0.01" />
  <testcase classname="ptolemy.util.test.junit.AutoTests" name="[70] /home/travis/build/icyphy/ptII/ptolemy/domains/continuous/test/auto/Integration2.xml (RunModel)" time="0.099" />
  <testcase classname="ptolemy.util.test.junit.AutoTests" name="[71] /home/travis/build/icyphy/ptII/ptolemy/domains/continuous/test/auto/Integration3.xml (RunModel)" time="0.026" />
  <testcase classname="ptolemy.util.test.junit.AutoTests" name="[72] /home/travis/build/icyphy/ptII/ptolemy/domains/continuous/test/auto/Integration5.xml (RunModel)" time="0.024" />
  <testcase classname="ptolemy.util.test.junit.AutoTests" name="[73] /home/travis/build/icyphy/ptII/ptolemy/domains/continuous/test/auto/IntegratorImpulse.xml (RunModel)" time="0.014" />
  <testcase classname="ptolemy.util.test.junit.AutoTests" name="[74] /home/travis/build/icyphy/ptII/ptolemy/domains/continuous/test/auto/IntegratorImpulse2.xml (RunModel)" time="0.011" />
  <testcase classname="ptolemy.util.test.junit.AutoTests" name="[75] /home/travis/build/icyphy/ptII/ptolemy/domains/continuous/test/auto/LevelCrossing1.xml (RunModel)" time="0.011" />
  <testcase classname="ptolemy.util.test.junit.AutoTests" name="[76] /home/travis/build/icyphy/ptII/ptolemy/domains/continuous/test/auto/LevelCrossing2.xml (RunModel)" time="0.017" />
  <testcase classname="ptolemy.util.test.junit.AutoTests" name="[77] /home/travis/build/icyphy/ptII/ptolemy/domains/continuous/test/auto/LevelCrossing3.xml (RunModel)" time="0.019" />
  <testcase classname="ptolemy.util.test.junit.AutoTests" name="[78] /home/travis/build/icyphy/ptII/ptolemy/domains/continuous/test/auto/LevelCrossing4.xml (RunModel)" time="0.014" />
  <testcase classname="ptolemy.util.test.junit.AutoTests" name="[79] /home/travis/build/icyphy/ptII/ptolemy/domains/continuous/test/auto/LevelCrossing5.xml (RunModel)" time="0.018" />
  <testcase classname="ptolemy.util.test.junit.AutoTests" name="[80] /home/travis/build/icyphy/ptII/ptolemy/domains/continuous/test/auto/LevelCrossing6.xml (RunModel)" time="0.016" />
  <testcase classname="ptolemy.util.test.junit.AutoTests" name="[81] /home/travis/build/icyphy/ptII/ptolemy/domains/continuous/test/auto/LevelCrossingDetector.xml (RunModel)" time="0.07" />
  <testcase classname="ptolemy.util.test.junit.AutoTests" name="[82] /home/travis/build/icyphy/ptII/ptolemy/domains/continuous/test/auto/LevelCrossingDetectorDetectingDirections.xml (RunModel)" time="0.091" />
  <testcase classname="ptolemy.util.test.junit.AutoTests" name="[83] /home/travis/build/icyphy/ptII/ptolemy/domains/continuous/test/auto/LevelCrossingDetectorDetectsGlitches.xml (RunModel)" time="0.062" />
  <testcase classname="ptolemy.util.test.junit.AutoTests" name="[84] /home/travis/build/icyphy/ptII/ptolemy/domains/continuous/test/auto/LevelCrossingNoInitialOuput.xml (RunModel)" time="0.018" />
  <testcase classname="ptolemy.util.test.junit.AutoTests" name="[85] /home/travis/build/icyphy/ptII/ptolemy/domains/continuous/test/auto/LinearStateSpaceExample.xml (RunModel)" time="0.071" />
  <testcase classname="ptolemy.util.test.junit.AutoTests" name="[86] /home/travis/build/icyphy/ptII/ptolemy/domains/continuous/test/auto/Lorenz.xml (RunModel)" time="4.112" />
  <testcase classname="ptolemy.util.test.junit.AutoTests" name="[87] /home/travis/build/icyphy/ptII/ptolemy/domains/continuous/test/auto/LorenzDifferentialSystem.xml (RunModel)" time="1.044" />
  <testcase classname="ptolemy.util.test.junit.AutoTests" name="[88] /home/travis/build/icyphy/ptII/ptolemy/domains/continuous/test/auto/LorenzDifferentialSystemWithInput.xml (RunModel)" time="1.54" />
  <testcase classname="ptolemy.util.test.junit.AutoTests" name="[89] /home/travis/build/icyphy/ptII/ptolemy/domains/continuous/test/auto/LorenzDifferentialSystemWithTime.xml (RunModel)" time="0.818" />
  <testcase classname="ptolemy.util.test.junit.AutoTests" name="[90] /home/travis/build/icyphy/ptII/ptolemy/domains/continuous/test/auto/Microsteps.xml (RunModel)" time="0.019" />
  <testcase classname="ptolemy.util.test.junit.AutoTests" name="[91] /home/travis/build/icyphy/ptII/ptolemy/domains/continuous/test/auto/Modal1.xml (RunModel)" time="0.038" />
  <testcase classname="ptolemy.util.test.junit.AutoTests" name="[92] /home/travis/build/icyphy/ptII/ptolemy/domains/continuous/test/auto/Modal2.xml (RunModel)" time="0.049" />
  <testcase classname="ptolemy.util.test.junit.AutoTests" name="[93] /home/travis/build/icyphy/ptII/ptolemy/domains/continuous/test/auto/ModalTransitionGuardWithReset.xml (RunModel)" time="0.034" />
  <testcase classname="ptolemy.util.test.junit.AutoTests" name="[94] /home/travis/build/icyphy/ptII/ptolemy/domains/continuous/test/auto/ModalTransitionGuardWithResetUsingPreemptiveTransition.xml (RunModel)" time="0.023" />
  <testcase classname="ptolemy.util.test.junit.AutoTests" name="[95] /home/travis/build/icyphy/ptII/ptolemy/domains/continuous/test/auto/ModalTransitionGuardWithResetUsingPreemptiveTransition2.xml (RunModel)" time="0.033" />
  <testcase classname="ptolemy.util.test.junit.AutoTests" name="[96] /home/travis/build/icyphy/ptII/ptolemy/domains/continuous/test/auto/ModalTransitionGuardWithResetUsingPreemptiveTransition3.xml (RunModel)" time="0.03" />
  <testcase classname="ptolemy.util.test.junit.AutoTests" name="[97] /home/travis/build/icyphy/ptII/ptolemy/domains/continuous/test/auto/NewtonsCradle.xml (RunModel)" time="0.797" />
  <testcase classname="ptolemy.util.test.junit.AutoTests" name="[98] /home/travis/build/icyphy/ptII/ptolemy/domains/continuous/test/auto/NewtonsCradleAnimated.xml (RunModel)" time="1.305" />
  <testcase classname="ptolemy.util.test.junit.AutoTests" name="[99] /home/travis/build/icyphy/ptII/ptolemy/domains/continuous/test/auto/NewtonsCradleComplicated.xml (RunModel)" time="0.91" />
  <testcase classname="ptolemy.util.test.junit.AutoTests" name="[100] /home/travis/build/icyphy/ptII/ptolemy/domains/continuous/test/auto/NewtonsCradleNondeterministic.xml (RunModel)" time="0.748" />
  <testcase classname="ptolemy.util.test.junit.AutoTests" name="[101] /home/travis/build/icyphy/ptII/ptolemy/domains/continuous/test/auto/NewtonsCradlePerfectlyInelastic1.xml (RunModel)" time="1.31" />
  <testcase classname="ptolemy.util.test.junit.AutoTests" name="[102] /home/travis/build/icyphy/ptII/ptolemy/domains/continuous/test/auto/Noise.xml (RunModel)" time="0.188" />
  <testcase classname="ptolemy.util.test.junit.AutoTests" name="[103] /home/travis/build/icyphy/ptII/ptolemy/domains/continuous/test/auto/NoiseSpectrum.xml (RunModel)" time="0.859" />
  <testcase classname="ptolemy.util.test.junit.AutoTests" name="[104] /home/travis/build/icyphy/ptII/ptolemy/domains/continuous/test/auto/ParameterizedNewtonsCradleAnimated.xml (RunModel)" time="0.39" />
  <testcase classname="ptolemy.util.test.junit.AutoTests" name="[105] /home/travis/build/icyphy/ptII/ptolemy/domains/continuous/test/auto/ParameterizedNewtonsCradleAnimatedNondeterministic.xml (RunModel)" time="1.178" />
  <testcase classname="ptolemy.util.test.junit.AutoTests" name="[106] /home/travis/build/icyphy/ptII/ptolemy/domains/continuous/test/auto/Pendulum3D.xml (RunModel)" time="0.189" />
  <testcase classname="ptolemy.util.test.junit.AutoTests" name="[107] /home/travis/build/icyphy/ptII/ptolemy/domains/continuous/test/auto/PeriodicSampler.xml (RunModel)" time="0.01" />
  <testcase classname="ptolemy.util.test.junit.AutoTests" name="[108] /home/travis/build/icyphy/ptII/ptolemy/domains/continuous/test/auto/PeriodicSampler1.xml (RunModel)" time="0.039" />
  <testcase classname="ptolemy.util.test.junit.AutoTests" name="[109] /home/travis/build/icyphy/ptII/ptolemy/domains/continuous/test/auto/PeriodicSampler2.xml (RunModel)" time="0.088" />
  <testcase classname="ptolemy.util.test.junit.AutoTests" name="[110] /home/travis/build/icyphy/ptII/ptolemy/domains/continuous/test/auto/Poisson.xml (RunModel)" time="0.476" />
  <testcase classname="ptolemy.util.test.junit.AutoTests" name="[111] /home/travis/build/icyphy/ptII/ptolemy/domains/continuous/test/auto/PoissonClock.xml (RunModel)" time="0.02" />
  <testcase classname="ptolemy.util.test.junit.AutoTests" name="[112] /home/travis/build/icyphy/ptII/ptolemy/domains/continuous/test/auto/PoissonClock2.xml (RunModel)" time="0.012" />
  <testcase classname="ptolemy.util.test.junit.AutoTests" name="[113] /home/travis/build/icyphy/ptII/ptolemy/domains/continuous/test/auto/PortParameterHierarchy.xml (RunModel)" time="0.026" />
  <testcase classname="ptolemy.util.test.junit.AutoTests" name="[114] /home/travis/build/icyphy/ptII/ptolemy/domains/continuous/test/auto/RandomHybridPlant.xml (RunModel)" time="0.577" />
  <testcase classname="ptolemy.util.test.junit.AutoTests" name="[115] /home/travis/build/icyphy/ptII/ptolemy/domains/continuous/test/auto/ResetTransitionWithStartTime1.xml (RunModel)" time="0.033" />
  <testcase classname="ptolemy.util.test.junit.AutoTests" name="[116] /home/travis/build/icyphy/ptII/ptolemy/domains/continuous/test/auto/ResetTransitionWithStartTime2.xml (RunModel)" time="0.038" />
  <testcase classname="ptolemy.util.test.junit.AutoTests" name="[117] /home/travis/build/icyphy/ptII/ptolemy/domains/continuous/test/auto/ResetTransitionWithStartTime3.xml (RunModel)" time="0.037" />
  <testcase classname="ptolemy.util.test.junit.AutoTests" name="[118] /home/travis/build/icyphy/ptII/ptolemy/domains/continuous/test/auto/ResetTransitionWithStartTime4.xml (RunModel)" time="0.03" />
  <testcase classname="ptolemy.util.test.junit.AutoTests" name="[119] /home/travis/build/icyphy/ptII/ptolemy/domains/continuous/test/auto/ResetTransitionWithStartTime5.xml (RunModel)" time="0.037" />
  <testcase classname="ptolemy.util.test.junit.AutoTests" name="[120] /home/travis/build/icyphy/ptII/ptolemy/domains/continuous/test/auto/ResetTransitionWithStartTime6.xml (RunModel)" time="0.032" />
  <testcase classname="ptolemy.util.test.junit.AutoTests" name="[121] /home/travis/build/icyphy/ptII/ptolemy/domains/continuous/test/auto/SRinContinuous.xml (RunModel)" time="0.019" />
  <testcase classname="ptolemy.util.test.junit.AutoTests" name="[122] /home/travis/build/icyphy/ptII/ptolemy/domains/continuous/test/auto/SampledClocks.xml (RunModel)" time="0.031" />
  <testcase classname="ptolemy.util.test.junit.AutoTests" name="[123] /home/travis/build/icyphy/ptII/ptolemy/domains/continuous/test/auto/Satellite.xml (RunModel)" time="0.869" />
  <testcase classname="ptolemy.util.test.junit.AutoTests" name="[124] /home/travis/build/icyphy/ptII/ptolemy/domains/continuous/test/auto/SigmaDelta.xml (RunModel)" time="2.404" />
  <testcase classname="ptolemy.util.test.junit.AutoTests" name="[125] /home/travis/build/icyphy/ptII/ptolemy/domains/continuous/test/auto/SingleRefinement.xml (RunModel)" time="0.463" />
  <testcase classname="ptolemy.util.test.junit.AutoTests" name="[126] /home/travis/build/icyphy/ptII/ptolemy/domains/continuous/test/auto/SinuBouncingBall.xml (RunModel)" time="0.906" />
  <testcase classname="ptolemy.util.test.junit.AutoTests" name="[127] /home/travis/build/icyphy/ptII/ptolemy/domains/continuous/test/auto/Sinusoid.xml (RunModel)" time="0.017" />
  <testcase classname="ptolemy.util.test.junit.AutoTests" name="[128] /home/travis/build/icyphy/ptII/ptolemy/domains/continuous/test/auto/SinusoidInNoise.xml (RunModel)" time="1.053" />
  <testcase classname="ptolemy.util.test.junit.AutoTests" name="[129] /home/travis/build/icyphy/ptII/ptolemy/domains/continuous/test/auto/SinusoidRK45.xml (RunModel)" time="0.015" />
  <testcase classname="ptolemy.util.test.junit.AutoTests" name="[130] /home/travis/build/icyphy/ptII/ptolemy/domains/continuous/test/auto/SinusoidWithMultipleImpulses.xml (RunModel)" time="0.013" />
  <testcase classname="ptolemy.util.test.junit.AutoTests" name="[131] /home/travis/build/icyphy/ptII/ptolemy/domains/continuous/test/auto/SquareWave.xml (RunModel)" time="0.21" />
  <testcase classname="ptolemy.util.test.junit.AutoTests" name="[132] /home/travis/build/icyphy/ptII/ptolemy/domains/continuous/test/auto/Starmac.xml (RunModel)" time="3.424" />
  <testcase classname="ptolemy.util.test.junit.AutoTests" name="[133] /home/travis/build/icyphy/ptII/ptolemy/domains/continuous/test/auto/StaticUnits.xml (RunModel)" time="2.895" />
  <testcase classname="ptolemy.util.test.junit.AutoTests" name="[134] /home/travis/build/icyphy/ptII/ptolemy/domains/continuous/test/auto/StickyMasses.xml (RunModel)" time="0.22" />
  <testcase classname="ptolemy.util.test.junit.AutoTests" name="[135] /home/travis/build/icyphy/ptII/ptolemy/domains/continuous/test/auto/StopTime.xml (RunModel)" time="0.074" />
  <testcase classname="ptolemy.util.test.junit.AutoTests" name="[136] /home/travis/build/icyphy/ptII/ptolemy/domains/continuous/test/auto/StopTime2.xml (RunModel)" time="0.054" />
  <testcase classname="ptolemy.util.test.junit.AutoTests" name="[137] /home/travis/build/icyphy/ptII/ptolemy/domains/continuous/test/auto/Switch.xml (RunModel)" time="0.071" />
  <testcase classname="ptolemy.util.test.junit.AutoTests" name="[138] /home/travis/build/icyphy/ptII/ptolemy/domains/continuous/test/auto/Thermostat.xml (RunModel)" time="0.21" />
  <testcase classname="ptolemy.util.test.junit.AutoTests" name="[139] /home/travis/build/icyphy/ptII/ptolemy/domains/continuous/test/auto/TimeDelay.xml (RunModel)" time="0.014" />
  <testcase classname="ptolemy.util.test.junit.AutoTests" name="[140] /home/travis/build/icyphy/ptII/ptolemy/domains/continuous/test/auto/TimeDelay2.xml (RunModel)" time="0.027" />
  <testcase classname="ptolemy.util.test.junit.AutoTests" name="[141] /home/travis/build/icyphy/ptII/ptolemy/domains/continuous/test/auto/TimeDelay3.xml (RunModel)" time="0.012" />
  <testcase classname="ptolemy.util.test.junit.AutoTests" name="[142] /home/travis/build/icyphy/ptII/ptolemy/domains/continuous/test/auto/TransferAbsentToInside.xml (RunModel)" time="0.118" />
  <testcase classname="ptolemy.util.test.junit.AutoTests" name="[143] /home/travis/build/icyphy/ptII/ptolemy/domains/continuous/test/auto/Transmission.xml (RunModel)" time="0.8" />
  <testcase classname="ptolemy.util.test.junit.AutoTests" name="[144] /home/travis/build/icyphy/ptII/ptolemy/domains/continuous/test/auto/TriggeredContinuousClock.xml (RunModel)" time="0.065" />
  <testcase classname="ptolemy.util.test.junit.AutoTests" name="[145] /home/travis/build/icyphy/ptII/ptolemy/domains/continuous/test/auto/TwoMachineInfiniteBusControl.xml (RunModel)" time="3.015" />
  <testcase classname="ptolemy.util.test.junit.AutoTests" name="[146] /home/travis/build/icyphy/ptII/ptolemy/domains/continuous/test/auto/V2V.xml (RunModel)" time="0.84" />
  <testcase classname="ptolemy.util.test.junit.AutoTests" name="[147] /home/travis/build/icyphy/ptII/ptolemy/domains/continuous/test/auto/hierarchicalModalModel.xml (RunModel)" time="0.033" />
  <testcase classname="ptolemy.util.test.junit.AutoTests" name="[148] /home/travis/build/icyphy/ptII/ptolemy/domains/continuous/test/auto/hierarchicalModalModel1.xml (RunModel)" time="0.032" />
  <testcase classname="ptolemy.util.test.junit.AutoTests" name="[149] /home/travis/build/icyphy/ptII/ptolemy/domains/continuous/test/auto/hierarchicalModalModel2.xml (RunModel)" time="0.026" />
  <testcase classname="ptolemy.util.test.junit.AutoTests" name="[150] /home/travis/build/icyphy/ptII/ptolemy/domains/continuous/test/auto/hierarchicalModalModel3.xml (RunModel)" time="0.027" />
  <testcase classname="ptolemy.util.test.junit.AutoTests" name="[151] /home/travis/build/icyphy/ptII/ptolemy/domains/continuous/test/auto/hierarchicalModalModel4.xml (RunModel)" time="0.028" />
  <testcase classname="ptolemy.util.test.junit.AutoTests" name="[152] /home/travis/build/icyphy/ptII/ptolemy/domains/continuous/test/auto/junk.xml (RunModel)" time="0.168" />
  <system-out><![CDATA[No tcl tests in /home/travis/build/icyphy/ptII/ptolemy/domains/continuous/test
No auto/knownFailedTests/*.xml tests in /home/travis/build/icyphy/ptII/ptolemy/domains/continuous/test
No auto/linux-amd64/*.xml tests in /home/travis/build/icyphy/ptII/ptolemy/domains/continuous/test
AutoTests.java: About to close Vertx.
AutoTests.java: Vertx closed.

===========================================================================================
----------------- testing Tue Jul 30 05:09:25 UTC 2019 /home/travis/build/icyphy/ptII/ptolemy/domains/continuous/test/auto/BouncingBall.xml
----------------- Instantiating /home/travis/build/icyphy/ptII/ptolemy/domains/continuous/test/auto/BouncingBall.xml
2481 ms. Memory: 120832K Free: 81679K (68%)
----------------- Invoking toplevel() on ptolemy.moml.MoMLSimpleApplication@39ed1429
----------------- Done invoking toplevel() on ptolemy.moml.MoMLSimpleApplication@39ed1429
reloadAllAccessors: .BouncingBall

===========================================================================================
----------------- testing Tue Jul 30 05:09:28 UTC 2019 /home/travis/build/icyphy/ptII/ptolemy/domains/continuous/test/auto/BouncingBallWithoutGR.xml
----------------- Instantiating /home/travis/build/icyphy/ptII/ptolemy/domains/continuous/test/auto/BouncingBallWithoutGR.xml
861 ms. Memory: 145408K Free: 66828K (46%)
----------------- Invoking toplevel() on ptolemy.moml.MoMLSimpleApplication@5c1e324d
----------------- Done invoking toplevel() on ptolemy.moml.MoMLSimpleApplication@5c1e324d
reloadAllAccessors: .BouncingBallWithoutGR

===========================================================================================
----------------- testing Tue Jul 30 05:09:29 UTC 2019 /home/travis/build/icyphy/ptII/ptolemy/domains/continuous/test/auto/Brownian.xml
----------------- Instantiating /home/travis/build/icyphy/ptII/ptolemy/domains/continuous/test/auto/Brownian.xml
23 ms. Memory: 145408K Free: 57612K (40%)
----------------- Invoking toplevel() on ptolemy.moml.MoMLSimpleApplication@3706054b
----------------- Done invoking toplevel() on ptolemy.moml.MoMLSimpleApplication@3706054b
reloadAllAccessors: .Brownian

===========================================================================================
----------------- testing Tue Jul 30 05:09:29 UTC 2019 /home/travis/build/icyphy/ptII/ptolemy/domains/continuous/test/auto/CarTracking.xml
----------------- Instantiating /home/travis/build/icyphy/ptII/ptolemy/domains/continuous/test/auto/CarTracking.xml
3568 ms. Memory: 210944K Free: 140133K (66%)
----------------- Invoking toplevel() on ptolemy.moml.MoMLSimpleApplication@530e7b62
----------------- Done invoking toplevel() on ptolemy.moml.MoMLSimpleApplication@530e7b62
reloadAllAccessors: .CarTracking

===========================================================================================
----------------- testing Tue Jul 30 05:09:33 UTC 2019 /home/travis/build/icyphy/ptII/ptolemy/domains/continuous/test/auto/CartPendulum.xml
----------------- Instantiating /home/travis/build/icyphy/ptII/ptolemy/domains/continuous/test/auto/CartPendulum.xml
387 ms. Memory: 210944K Free: 171573K (81%)
----------------- Invoking toplevel() on ptolemy.moml.MoMLSimpleApplication@3a3b46fc
----------------- Done invoking toplevel() on ptolemy.moml.MoMLSimpleApplication@3a3b46fc
reloadAllAccessors: .CartPendulum

===========================================================================================
----------------- testing Tue Jul 30 05:09:34 UTC 2019 /home/travis/build/icyphy/ptII/ptolemy/domains/continuous/test/auto/CausalityInterface10.xml
----------------- Instantiating /home/travis/build/icyphy/ptII/ptolemy/domains/continuous/test/auto/CausalityInterface10.xml
15 ms. Memory: 210944K Free: 160853K (76%)
----------------- Invoking toplevel() on ptolemy.moml.MoMLSimpleApplication@570e2a09
----------------- Done invoking toplevel() on ptolemy.moml.MoMLSimpleApplication@570e2a09
reloadAllAccessors: .CausalityInterface10

===========================================================================================
----------------- testing Tue Jul 30 05:09:34 UTC 2019 /home/travis/build/icyphy/ptII/ptolemy/domains/continuous/test/auto/CausalityInterface11.xml
----------------- Instantiating /home/travis/build/icyphy/ptII/ptolemy/domains/continuous/test/auto/CausalityInterface11.xml
9 ms. Memory: 210944K Free: 154709K (73%)
----------------- Invoking toplevel() on ptolemy.moml.MoMLSimpleApplication@1da273f0
----------------- Done invoking toplevel() on ptolemy.moml.MoMLSimpleApplication@1da273f0
reloadAllAccessors: .CausalityInterface11

===========================================================================================
----------------- testing Tue Jul 30 05:09:34 UTC 2019 /home/travis/build/icyphy/ptII/ptolemy/domains/continuous/test/auto/CausalityInterface12.xml
----------------- Instantiating /home/travis/build/icyphy/ptII/ptolemy/domains/continuous/test/auto/CausalityInterface12.xml
13 ms. Memory: 210944K Free: 148565K (70%)
----------------- Invoking toplevel() on ptolemy.moml.MoMLSimpleApplication@27387b00
----------------- Done invoking toplevel() on ptolemy.moml.MoMLSimpleApplication@27387b00
reloadAllAccessors: .CausalityInterface12

===========================================================================================
----------------- testing Tue Jul 30 05:09:34 UTC 2019 /home/travis/build/icyphy/ptII/ptolemy/domains/continuous/test/auto/CausalityInterface13.xml
----------------- Instantiating /home/travis/build/icyphy/ptII/ptolemy/domains/continuous/test/auto/CausalityInterface13.xml
8 ms. Memory: 210944K Free: 142421K (68%)
----------------- Invoking toplevel() on ptolemy.moml.MoMLSimpleApplication@528a1f80
----------------- Done invoking toplevel() on ptolemy.moml.MoMLSimpleApplication@528a1f80
reloadAllAccessors: .CausalityInterface13

===========================================================================================
----------------- testing Tue Jul 30 05:09:34 UTC 2019 /home/travis/build/icyphy/ptII/ptolemy/domains/continuous/test/auto/CausalityInterface14.xml
----------------- Instantiating /home/travis/build/icyphy/ptII/ptolemy/domains/continuous/test/auto/CausalityInterface14.xml
6 ms. Memory: 210944K Free: 136773K (65%)
----------------- Invoking toplevel() on ptolemy.moml.MoMLSimpleApplication@6184f8f3
----------------- Done invoking toplevel() on ptolemy.moml.MoMLSimpleApplication@6184f8f3
reloadAllAccessors: .CausalityInterface14

===========================================================================================
----------------- testing Tue Jul 30 05:09:34 UTC 2019 /home/travis/build/icyphy/ptII/ptolemy/domains/continuous/test/auto/CausalityInterface4.xml
----------------- Instantiating /home/travis/build/icyphy/ptII/ptolemy/domains/continuous/test/auto/CausalityInterface4.xml
6 ms. Memory: 210944K Free: 129605K (61%)
----------------- Invoking toplevel() on ptolemy.moml.MoMLSimpleApplication@58b8f375
----------------- Done invoking toplevel() on ptolemy.moml.MoMLSimpleApplication@58b8f375
reloadAllAccessors: .CausalityInterface4

===========================================================================================
----------------- testing Tue Jul 30 05:09:34 UTC 2019 /home/travis/build/icyphy/ptII/ptolemy/domains/continuous/test/auto/CausalityInterface5.xml
----------------- Instantiating /home/travis/build/icyphy/ptII/ptolemy/domains/continuous/test/auto/CausalityInterface5.xml
10 ms. Memory: 210944K Free: 121427K (58%)
----------------- Invoking toplevel() on ptolemy.moml.MoMLSimpleApplication@9d5235e
----------------- Done invoking toplevel() on ptolemy.moml.MoMLSimpleApplication@9d5235e
reloadAllAccessors: .CausalityInterface5

===========================================================================================
----------------- testing Tue Jul 30 05:09:34 UTC 2019 /home/travis/build/icyphy/ptII/ptolemy/domains/continuous/test/auto/CausalityInterface6.xml
----------------- Instantiating /home/travis/build/icyphy/ptII/ptolemy/domains/continuous/test/auto/CausalityInterface6.xml
3 ms. Memory: 210944K Free: 116293K (55%)
----------------- Invoking toplevel() on ptolemy.moml.MoMLSimpleApplication@6214a98a
----------------- Done invoking toplevel() on ptolemy.moml.MoMLSimpleApplication@6214a98a
reloadAllAccessors: .CausalityInterface6

===========================================================================================
----------------- testing Tue Jul 30 05:09:34 UTC 2019 /home/travis/build/icyphy/ptII/ptolemy/domains/continuous/test/auto/CausalityInterface7.xml
----------------- Instantiating /home/travis/build/icyphy/ptII/ptolemy/domains/continuous/test/auto/CausalityInterface7.xml
13 ms. Memory: 210944K Free: 107605K (51%)
----------------- Invoking toplevel() on ptolemy.moml.MoMLSimpleApplication@5a68696d
----------------- Done invoking toplevel() on ptolemy.moml.MoMLSimpleApplication@5a68696d
reloadAllAccessors: .CausalityInterface7

===========================================================================================
----------------- testing Tue Jul 30 05:09:34 UTC 2019 /home/travis/build/icyphy/ptII/ptolemy/domains/continuous/test/auto/CausalityInterface8.xml
----------------- Instantiating /home/travis/build/icyphy/ptII/ptolemy/domains/continuous/test/auto/CausalityInterface8.xml
7 ms. Memory: 210944K Free: 98389K (47%)
----------------- Invoking toplevel() on ptolemy.moml.MoMLSimpleApplication@2666205c
----------------- Done invoking toplevel() on ptolemy.moml.MoMLSimpleApplication@2666205c
reloadAllAccessors: .CausalityInterface8

===========================================================================================
----------------- testing Tue Jul 30 05:09:34 UTC 2019 /home/travis/build/icyphy/ptII/ptolemy/domains/continuous/test/auto/CausalityInterface9.xml
----------------- Instantiating /home/travis/build/icyphy/ptII/ptolemy/domains/continuous/test/auto/CausalityInterface9.xml
11 ms. Memory: 210944K Free: 87635K (42%)
----------------- Invoking toplevel() on ptolemy.moml.MoMLSimpleApplication@7204a8e5
----------------- Done invoking toplevel() on ptolemy.moml.MoMLSimpleApplication@7204a8e5
reloadAllAccessors: .CausalityInterface9

===========================================================================================
----------------- testing Tue Jul 30 05:09:34 UTC 2019 /home/travis/build/icyphy/ptII/ptolemy/domains/continuous/test/auto/CausalityInterfaceFeedback1.xml
----------------- Instantiating /home/travis/build/icyphy/ptII/ptolemy/domains/continuous/test/auto/CausalityInterfaceFeedback1.xml
5 ms. Memory: 210944K Free: 80981K (38%)
----------------- Invoking toplevel() on ptolemy.moml.MoMLSimpleApplication@521652a6
----------------- Done invoking toplevel() on ptolemy.moml.MoMLSimpleApplication@521652a6
reloadAllAccessors: .CausalityInterfaceFeedback1

===========================================================================================
----------------- testing Tue Jul 30 05:09:34 UTC 2019 /home/travis/build/icyphy/ptII/ptolemy/domains/continuous/test/auto/CausalityInterfaceFeedback2.xml
----------------- Instantiating /home/travis/build/icyphy/ptII/ptolemy/domains/continuous/test/auto/CausalityInterfaceFeedback2.xml
5 ms. Memory: 210944K Free: 74309K (35%)
----------------- Invoking toplevel() on ptolemy.moml.MoMLSimpleApplication@5591dff5
----------------- Done invoking toplevel() on ptolemy.moml.MoMLSimpleApplication@5591dff5
reloadAllAccessors: .CausalityInterfaceFeedback2

===========================================================================================
----------------- testing Tue Jul 30 05:09:34 UTC 2019 /home/travis/build/icyphy/ptII/ptolemy/domains/continuous/test/auto/CompareWithCurrentTime.xml
----------------- Instantiating /home/travis/build/icyphy/ptII/ptolemy/domains/continuous/test/auto/CompareWithCurrentTime.xml
5 ms. Memory: 210944K Free: 194707K (92%)
----------------- Invoking toplevel() on ptolemy.moml.MoMLSimpleApplication@407d2dd5
----------------- Done invoking toplevel() on ptolemy.moml.MoMLSimpleApplication@407d2dd5
reloadAllAccessors: .CompareWithCurrentTime

===========================================================================================
----------------- testing Tue Jul 30 05:09:34 UTC 2019 /home/travis/build/icyphy/ptII/ptolemy/domains/continuous/test/auto/ComparedClocks.xml
----------------- Instantiating /home/travis/build/icyphy/ptII/ptolemy/domains/continuous/test/auto/ComparedClocks.xml
7 ms. Memory: 210944K Free: 179347K (85%)
----------------- Invoking toplevel() on ptolemy.moml.MoMLSimpleApplication@5c972245
----------------- Done invoking toplevel() on ptolemy.moml.MoMLSimpleApplication@5c972245
reloadAllAccessors: .ComparedClocks

===========================================================================================
----------------- testing Tue Jul 30 05:09:34 UTC 2019 /home/travis/build/icyphy/ptII/ptolemy/domains/continuous/test/auto/ContinuousAOCClone.xml
----------------- Instantiating /home/travis/build/icyphy/ptII/ptolemy/domains/continuous/test/auto/ContinuousAOCClone.xml
2607 ms. Memory: 254976K Free: 195258K (77%)
----------------- Invoking toplevel() on ptolemy.moml.MoMLSimpleApplication@f734f56
----------------- Done invoking toplevel() on ptolemy.moml.MoMLSimpleApplication@f734f56
reloadAllAccessors: .ContinuousAOCClone

===========================================================================================
----------------- testing Tue Jul 30 05:09:37 UTC 2019 /home/travis/build/icyphy/ptII/ptolemy/domains/continuous/test/auto/ContinuousClock.xml
----------------- Instantiating /home/travis/build/icyphy/ptII/ptolemy/domains/continuous/test/auto/ContinuousClock.xml
31 ms. Memory: 254976K Free: 173210K (68%)
----------------- Invoking toplevel() on ptolemy.moml.MoMLSimpleApplication@301d454f
----------------- Done invoking toplevel() on ptolemy.moml.MoMLSimpleApplication@301d454f
reloadAllAccessors: .ContinuousClock

===========================================================================================
----------------- testing Tue Jul 30 05:09:37 UTC 2019 /home/travis/build/icyphy/ptII/ptolemy/domains/continuous/test/auto/ContinuousInContinuous.xml
----------------- Instantiating /home/travis/build/icyphy/ptII/ptolemy/domains/continuous/test/auto/ContinuousInContinuous.xml
47 ms. Memory: 254976K Free: 149674K (59%)
----------------- Invoking toplevel() on ptolemy.moml.MoMLSimpleApplication@5cc76959
----------------- Done invoking toplevel() on ptolemy.moml.MoMLSimpleApplication@5cc76959
reloadAllAccessors: .ContinuousInContinuous

===========================================================================================
----------------- testing Tue Jul 30 05:09:37 UTC 2019 /home/travis/build/icyphy/ptII/ptolemy/domains/continuous/test/auto/ContinuousInContinuousInContinuous.xml
----------------- Instantiating /home/travis/build/icyphy/ptII/ptolemy/domains/continuous/test/auto/ContinuousInContinuousInContinuous.xml
6 ms. Memory: 254976K Free: 142010K (56%)
----------------- Invoking toplevel() on ptolemy.moml.MoMLSimpleApplication@52c58c45
----------------- Done invoking toplevel() on ptolemy.moml.MoMLSimpleApplication@52c58c45
reloadAllAccessors: .ContinuousInContinuousInContinuous

===========================================================================================
----------------- testing Tue Jul 30 05:09:37 UTC 2019 /home/travis/build/icyphy/ptII/ptolemy/domains/continuous/test/auto/ContinuousInDE.xml
----------------- Instantiating /home/travis/build/icyphy/ptII/ptolemy/domains/continuous/test/auto/ContinuousInDE.xml
98 ms. Memory: 254976K Free: 131256K (51%)
----------------- Invoking toplevel() on ptolemy.moml.MoMLSimpleApplication@244a777c
----------------- Done invoking toplevel() on ptolemy.moml.MoMLSimpleApplication@244a777c
reloadAllAccessors: .ContinuousInDE

===========================================================================================
----------------- testing Tue Jul 30 05:09:37 UTC 2019 /home/travis/build/icyphy/ptII/ptolemy/domains/continuous/test/auto/ContinuousInDE2.xml
----------------- Instantiating /home/travis/build/icyphy/ptII/ptolemy/domains/continuous/test/auto/ContinuousInDE2.xml
36 ms. Memory: 254976K Free: 121530K (48%)
----------------- Invoking toplevel() on ptolemy.moml.MoMLSimpleApplication@38f9e795
----------------- Done invoking toplevel() on ptolemy.moml.MoMLSimpleApplication@38f9e795
reloadAllAccessors: .ContinuousInDE2

===========================================================================================
----------------- testing Tue Jul 30 05:09:38 UTC 2019 /home/travis/build/icyphy/ptII/ptolemy/domains/continuous/test/auto/ContinuousInDE3.xml
----------------- Instantiating /home/travis/build/icyphy/ptII/ptolemy/domains/continuous/test/auto/ContinuousInDE3.xml
41 ms. Memory: 254976K Free: 111800K (44%)
----------------- Invoking toplevel() on ptolemy.moml.MoMLSimpleApplication@22e5723e
----------------- Done invoking toplevel() on ptolemy.moml.MoMLSimpleApplication@22e5723e
reloadAllAccessors: .ContinuousInDE3

===========================================================================================
----------------- testing Tue Jul 30 05:09:38 UTC 2019 /home/travis/build/icyphy/ptII/ptolemy/domains/continuous/test/auto/ContinuousInDE4.xml
----------------- Instantiating /home/travis/build/icyphy/ptII/ptolemy/domains/continuous/test/auto/ContinuousInDE4.xml
14 ms. Memory: 254976K Free: 105656K (41%)
----------------- Invoking toplevel() on ptolemy.moml.MoMLSimpleApplication@63bf285f
----------------- Done invoking toplevel() on ptolemy.moml.MoMLSimpleApplication@63bf285f
reloadAllAccessors: .ContinuousInDE4

===========================================================================================
----------------- testing Tue Jul 30 05:09:38 UTC 2019 /home/travis/build/icyphy/ptII/ptolemy/domains/continuous/test/auto/ContinuousInDEDifferentRefinements.xml
----------------- Instantiating /home/travis/build/icyphy/ptII/ptolemy/domains/continuous/test/auto/ContinuousInDEDifferentRefinements.xml
55 ms. Memory: 254976K Free: 225328K (88%)
----------------- Invoking toplevel() on ptolemy.moml.MoMLSimpleApplication@1c5e3243
----------------- Done invoking toplevel() on ptolemy.moml.MoMLSimpleApplication@1c5e3243
reloadAllAccessors: .ContinuousInDEDifferentRefinements

===========================================================================================
----------------- testing Tue Jul 30 05:09:38 UTC 2019 /home/travis/build/icyphy/ptII/ptolemy/domains/continuous/test/auto/ContinuousInDEDifferentRefinementsPreemptive.xml
----------------- Instantiating /home/travis/build/icyphy/ptII/ptolemy/domains/continuous/test/auto/ContinuousInDEDifferentRefinementsPreemptive.xml
48 ms. Memory: 254976K Free: 194227K (76%)
----------------- Invoking toplevel() on ptolemy.moml.MoMLSimpleApplication@52826b35
----------------- Done invoking toplevel() on ptolemy.moml.MoMLSimpleApplication@52826b35
reloadAllAccessors: .ContinuousInDEDifferentRefinementsPreemptive

===========================================================================================
----------------- testing Tue Jul 30 05:09:38 UTC 2019 /home/travis/build/icyphy/ptII/ptolemy/domains/continuous/test/auto/ContinuousInDEInContinuous2.xml
----------------- Instantiating /home/travis/build/icyphy/ptII/ptolemy/domains/continuous/test/auto/ContinuousInDEInContinuous2.xml
36 ms. Memory: 254976K Free: 182963K (72%)
----------------- Invoking toplevel() on ptolemy.moml.MoMLSimpleApplication@44bd9524
----------------- Done invoking toplevel() on ptolemy.moml.MoMLSimpleApplication@44bd9524
reloadAllAccessors: .ContinuousInDEInContinuous2

===========================================================================================
----------------- testing Tue Jul 30 05:09:38 UTC 2019 /home/travis/build/icyphy/ptII/ptolemy/domains/continuous/test/auto/ContinuousInDEInContinuous3.xml
----------------- Instantiating /home/travis/build/icyphy/ptII/ptolemy/domains/continuous/test/auto/ContinuousInDEInContinuous3.xml
37 ms. Memory: 254976K Free: 170675K (67%)
----------------- Invoking toplevel() on ptolemy.moml.MoMLSimpleApplication@345fbd17
----------------- Done invoking toplevel() on ptolemy.moml.MoMLSimpleApplication@345fbd17
reloadAllAccessors: .ContinuousInDEInContinuous3

===========================================================================================
----------------- testing Tue Jul 30 05:09:38 UTC 2019 /home/travis/build/icyphy/ptII/ptolemy/domains/continuous/test/auto/ContinuousInDEInput.xml
----------------- Instantiating /home/travis/build/icyphy/ptII/ptolemy/domains/continuous/test/auto/ContinuousInDEInput.xml
20 ms. Memory: 254976K Free: 163507K (64%)
----------------- Invoking toplevel() on ptolemy.moml.MoMLSimpleApplication@3555271b
----------------- Done invoking toplevel() on ptolemy.moml.MoMLSimpleApplication@3555271b
reloadAllAccessors: .ContinuousInDEInput

===========================================================================================
----------------- testing Tue Jul 30 05:09:38 UTC 2019 /home/travis/build/icyphy/ptII/ptolemy/domains/continuous/test/auto/ContinuousInDEInput2.xml
----------------- Instantiating /home/travis/build/icyphy/ptII/ptolemy/domains/continuous/test/auto/ContinuousInDEInput2.xml
17 ms. Memory: 254976K Free: 156339K (61%)
----------------- Invoking toplevel() on ptolemy.moml.MoMLSimpleApplication@68411a55
----------------- Done invoking toplevel() on ptolemy.moml.MoMLSimpleApplication@68411a55
reloadAllAccessors: .ContinuousInDEInput2

===========================================================================================
----------------- testing Tue Jul 30 05:09:38 UTC 2019 /home/travis/build/icyphy/ptII/ptolemy/domains/continuous/test/auto/ContinuousInDEInput3.xml
----------------- Instantiating /home/travis/build/icyphy/ptII/ptolemy/domains/continuous/test/auto/ContinuousInDEInput3.xml
18 ms. Memory: 254976K Free: 149171K (59%)
----------------- Invoking toplevel() on ptolemy.moml.MoMLSimpleApplication@26bbd06d
----------------- Done invoking toplevel() on ptolemy.moml.MoMLSimpleApplication@26bbd06d
reloadAllAccessors: .ContinuousInDEInput3

===========================================================================================
----------------- testing Tue Jul 30 05:09:38 UTC 2019 /home/travis/build/icyphy/ptII/ptolemy/domains/continuous/test/auto/ContinuousInDESharingRefinement.xml
----------------- Instantiating /home/travis/build/icyphy/ptII/ptolemy/domains/continuous/test/auto/ContinuousInDESharingRefinement.xml
180 ms. Memory: 254976K Free: 206674K (81%)
----------------- Invoking toplevel() on ptolemy.moml.MoMLSimpleApplication@a310bb0
----------------- Done invoking toplevel() on ptolemy.moml.MoMLSimpleApplication@a310bb0
reloadAllAccessors: .ContinuousInDESharingRefinement

===========================================================================================
----------------- testing Tue Jul 30 05:09:38 UTC 2019 /home/travis/build/icyphy/ptII/ptolemy/domains/continuous/test/auto/ContinuousInDEwithNoPorts.xml
----------------- Instantiating /home/travis/build/icyphy/ptII/ptolemy/domains/continuous/test/auto/ContinuousInDEwithNoPorts.xml
3 ms. Memory: 254976K Free: 202098K (79%)
----------------- Invoking toplevel() on ptolemy.moml.MoMLSimpleApplication@770d9c7a
----------------- Done invoking toplevel() on ptolemy.moml.MoMLSimpleApplication@770d9c7a
reloadAllAccessors: .ContinuousInDEwithNoPorts

===========================================================================================
----------------- testing Tue Jul 30 05:09:38 UTC 2019 /home/travis/build/icyphy/ptII/ptolemy/domains/continuous/test/auto/ContinuousInsideDE.xml
----------------- Instantiating /home/travis/build/icyphy/ptII/ptolemy/domains/continuous/test/auto/ContinuousInsideDE.xml
33 ms. Memory: 254976K Free: 190320K (75%)
----------------- Invoking toplevel() on ptolemy.moml.MoMLSimpleApplication@231f815c
----------------- Done invoking toplevel() on ptolemy.moml.MoMLSimpleApplication@231f815c
reloadAllAccessors: .ContinuousInsideDE

===========================================================================================
----------------- testing Tue Jul 30 05:09:38 UTC 2019 /home/travis/build/icyphy/ptII/ptolemy/domains/continuous/test/auto/ContinuousMerge1.xml
----------------- Instantiating /home/travis/build/icyphy/ptII/ptolemy/domains/continuous/test/auto/ContinuousMerge1.xml
3 ms. Memory: 254976K Free: 186210K (73%)
----------------- Invoking toplevel() on ptolemy.moml.MoMLSimpleApplication@6bb12b01
----------------- Done invoking toplevel() on ptolemy.moml.MoMLSimpleApplication@6bb12b01
reloadAllAccessors: .ContinuousMerge1

===========================================================================================
----------------- testing Tue Jul 30 05:09:38 UTC 2019 /home/travis/build/icyphy/ptII/ptolemy/domains/continuous/test/auto/ContinuousMerge2.xml
----------------- Instantiating /home/travis/build/icyphy/ptII/ptolemy/domains/continuous/test/auto/ContinuousMerge2.xml
13 ms. Memory: 254976K Free: 175984K (69%)
----------------- Invoking toplevel() on ptolemy.moml.MoMLSimpleApplication@4338c08e
----------------- Done invoking toplevel() on ptolemy.moml.MoMLSimpleApplication@4338c08e
reloadAllAccessors: .ContinuousMerge2

===========================================================================================
----------------- testing Tue Jul 30 05:09:38 UTC 2019 /home/travis/build/icyphy/ptII/ptolemy/domains/continuous/test/auto/ContinuousMerge3.xml
----------------- Instantiating /home/travis/build/icyphy/ptII/ptolemy/domains/continuous/test/auto/ContinuousMerge3.xml
46 ms. Memory: 254976K Free: 165234K (65%)
----------------- Invoking toplevel() on ptolemy.moml.MoMLSimpleApplication@4ba75c99
----------------- Done invoking toplevel() on ptolemy.moml.MoMLSimpleApplication@4ba75c99
reloadAllAccessors: .ContinuousMerge3

===========================================================================================
----------------- testing Tue Jul 30 05:09:39 UTC 2019 /home/travis/build/icyphy/ptII/ptolemy/domains/continuous/test/auto/ContinuousWithinContinuous.xml
----------------- Instantiating /home/travis/build/icyphy/ptII/ptolemy/domains/continuous/test/auto/ContinuousWithinContinuous.xml
36 ms. Memory: 254976K Free: 155504K (61%)
----------------- Invoking toplevel() on ptolemy.moml.MoMLSimpleApplication@2cc44a84
----------------- Done invoking toplevel() on ptolemy.moml.MoMLSimpleApplication@2cc44a84
reloadAllAccessors: .ContinuousWithinContinuous

===========================================================================================
----------------- testing Tue Jul 30 05:09:39 UTC 2019 /home/travis/build/icyphy/ptII/ptolemy/domains/continuous/test/auto/ContinuousWithinContinuous2.xml
----------------- Instantiating /home/travis/build/icyphy/ptII/ptolemy/domains/continuous/test/auto/ContinuousWithinContinuous2.xml
66 ms. Memory: 254976K Free: 145264K (57%)
----------------- Invoking toplevel() on ptolemy.moml.MoMLSimpleApplication@7ff0d0c3
----------------- Done invoking toplevel() on ptolemy.moml.MoMLSimpleApplication@7ff0d0c3
reloadAllAccessors: .ContinuousWithinContinuous2

===========================================================================================
----------------- testing Tue Jul 30 05:09:39 UTC 2019 /home/travis/build/icyphy/ptII/ptolemy/domains/continuous/test/auto/ContinuousWithinContinuous3.xml
----------------- Instantiating /home/travis/build/icyphy/ptII/ptolemy/domains/continuous/test/auto/ContinuousWithinContinuous3.xml
13 ms. Memory: 254976K Free: 137586K (54%)
----------------- Invoking toplevel() on ptolemy.moml.MoMLSimpleApplication@a2d0c14
----------------- Done invoking toplevel() on ptolemy.moml.MoMLSimpleApplication@a2d0c14
reloadAllAccessors: .ContinuousWithinContinuous3

===========================================================================================
----------------- testing Tue Jul 30 05:09:39 UTC 2019 /home/travis/build/icyphy/ptII/ptolemy/domains/continuous/test/auto/ContinuousWithinContinuous4.xml
----------------- Instantiating /home/travis/build/icyphy/ptII/ptolemy/domains/continuous/test/auto/ContinuousWithinContinuous4.xml
65 ms. Memory: 254976K Free: 125298K (49%)
----------------- Invoking toplevel() on ptolemy.moml.MoMLSimpleApplication@7ab0601b
----------------- Done invoking toplevel() on ptolemy.moml.MoMLSimpleApplication@7ab0601b
reloadAllAccessors: .ContinuousWithinContinuous4

===========================================================================================
----------------- testing Tue Jul 30 05:09:39 UTC 2019 /home/travis/build/icyphy/ptII/ptolemy/domains/continuous/test/auto/ContinuousWithinContinuous5.xml
----------------- Instantiating /home/travis/build/icyphy/ptII/ptolemy/domains/continuous/test/auto/ContinuousWithinContinuous5.xml
13 ms. Memory: 254976K Free: 118130K (46%)
----------------- Invoking toplevel() on ptolemy.moml.MoMLSimpleApplication@6d17372
----------------- Done invoking toplevel() on ptolemy.moml.MoMLSimpleApplication@6d17372
reloadAllAccessors: .ContinuousWithinContinuous5

===========================================================================================
----------------- testing Tue Jul 30 05:09:39 UTC 2019 /home/travis/build/icyphy/ptII/ptolemy/domains/continuous/test/auto/ContinuousWithinContinuous6.xml
----------------- Instantiating /home/travis/build/icyphy/ptII/ptolemy/domains/continuous/test/auto/ContinuousWithinContinuous6.xml
23 ms. Memory: 254976K Free: 110962K (44%)
----------------- Invoking toplevel() on ptolemy.moml.MoMLSimpleApplication@345aab5b
----------------- Done invoking toplevel() on ptolemy.moml.MoMLSimpleApplication@345aab5b
reloadAllAccessors: .ContinuousWithinContinuous6

===========================================================================================
----------------- testing Tue Jul 30 05:09:39 UTC 2019 /home/travis/build/icyphy/ptII/ptolemy/domains/continuous/test/auto/ContinuousWithinContinuous7.xml
----------------- Instantiating /home/travis/build/icyphy/ptII/ptolemy/domains/continuous/test/auto/ContinuousWithinContinuous7.xml
54 ms. Memory: 254976K Free: 100208K (39%)
----------------- Invoking toplevel() on ptolemy.moml.MoMLSimpleApplication@475e10b8
----------------- Done invoking toplevel() on ptolemy.moml.MoMLSimpleApplication@475e10b8
reloadAllAccessors: .ContinuousWithinContinuous7

===========================================================================================
----------------- testing Tue Jul 30 05:09:39 UTC 2019 /home/travis/build/icyphy/ptII/ptolemy/domains/continuous/test/auto/DCMotor.xml
----------------- Instantiating /home/travis/build/icyphy/ptII/ptolemy/domains/continuous/test/auto/DCMotor.xml
12855 ms. Memory: 254976K Free: 212902K (83%)
----------------- Invoking toplevel() on ptolemy.moml.MoMLSimpleApplication@384b32c8
----------------- Done invoking toplevel() on ptolemy.moml.MoMLSimpleApplication@384b32c8
reloadAllAccessors: .DCMotor

===========================================================================================
----------------- testing Tue Jul 30 05:09:52 UTC 2019 /home/travis/build/icyphy/ptII/ptolemy/domains/continuous/test/auto/DEInContinuous.xml
----------------- Instantiating /home/travis/build/icyphy/ptII/ptolemy/domains/continuous/test/auto/DEInContinuous.xml
16 ms. Memory: 254976K Free: 206758K (81%)
----------------- Invoking toplevel() on ptolemy.moml.MoMLSimpleApplication@5e072874
----------------- Done invoking toplevel() on ptolemy.moml.MoMLSimpleApplication@5e072874
reloadAllAccessors: .DEInContinuous

===========================================================================================
----------------- testing Tue Jul 30 05:09:52 UTC 2019 /home/travis/build/icyphy/ptII/ptolemy/domains/continuous/test/auto/DEinContinuous2.xml
----------------- Instantiating /home/travis/build/icyphy/ptII/ptolemy/domains/continuous/test/auto/DEinContinuous2.xml
7 ms. Memory: 254976K Free: 199062K (78%)
----------------- Invoking toplevel() on ptolemy.moml.MoMLSimpleApplication@7f9f2e15
----------------- Done invoking toplevel() on ptolemy.moml.MoMLSimpleApplication@7f9f2e15
reloadAllAccessors: .DEinContinuous2

===========================================================================================
----------------- testing Tue Jul 30 05:09:52 UTC 2019 /home/travis/build/icyphy/ptII/ptolemy/domains/continuous/test/auto/Derivative.xml
----------------- Instantiating /home/travis/build/icyphy/ptII/ptolemy/domains/continuous/test/auto/Derivative.xml
185 ms. Memory: 254976K Free: 169894K (67%)
----------------- Invoking toplevel() on ptolemy.moml.MoMLSimpleApplication@5cc4b8ae
----------------- Done invoking toplevel() on ptolemy.moml.MoMLSimpleApplication@5cc4b8ae
reloadAllAccessors: .Derivative2

===========================================================================================
----------------- testing Tue Jul 30 05:09:52 UTC 2019 /home/travis/build/icyphy/ptII/ptolemy/domains/continuous/test/auto/Derivative1.xml
----------------- Instantiating /home/travis/build/icyphy/ptII/ptolemy/domains/continuous/test/auto/Derivative1.xml
16 ms. Memory: 254976K Free: 155558K (61%)
----------------- Invoking toplevel() on ptolemy.moml.MoMLSimpleApplication@58f0e97a
----------------- Done invoking toplevel() on ptolemy.moml.MoMLSimpleApplication@58f0e97a
reloadAllAccessors: .Derivative1

===========================================================================================
----------------- testing Tue Jul 30 05:09:52 UTC 2019 /home/travis/build/icyphy/ptII/ptolemy/domains/continuous/test/auto/DiscreteClock.xml
----------------- Instantiating /home/travis/build/icyphy/ptII/ptolemy/domains/continuous/test/auto/DiscreteClock.xml
4 ms. Memory: 254976K Free: 150438K (59%)
----------------- Invoking toplevel() on ptolemy.moml.MoMLSimpleApplication@7dd135d4
----------------- Done invoking toplevel() on ptolemy.moml.MoMLSimpleApplication@7dd135d4
reloadAllAccessors: .DiscreteClock

===========================================================================================
----------------- testing Tue Jul 30 05:09:52 UTC 2019 /home/travis/build/icyphy/ptII/ptolemy/domains/continuous/test/auto/EfficiencyCurve.xml
----------------- Instantiating /home/travis/build/icyphy/ptII/ptolemy/domains/continuous/test/auto/EfficiencyCurve.xml
58 ms. Memory: 254976K Free: 141222K (55%)
----------------- Invoking toplevel() on ptolemy.moml.MoMLSimpleApplication@31fc1b63
----------------- Done invoking toplevel() on ptolemy.moml.MoMLSimpleApplication@31fc1b63
reloadAllAccessors: .EfficiencyCurve

===========================================================================================
----------------- testing Tue Jul 30 05:09:52 UTC 2019 /home/travis/build/icyphy/ptII/ptolemy/domains/continuous/test/auto/ExponentialResponse.xml
----------------- Instantiating /home/travis/build/icyphy/ptII/ptolemy/domains/continuous/test/auto/ExponentialResponse.xml
144 ms. Memory: 254976K Free: 125348K (49%)
----------------- Invoking toplevel() on ptolemy.moml.MoMLSimpleApplication@1358c32
----------------- Done invoking toplevel() on ptolemy.moml.MoMLSimpleApplication@1358c32
reloadAllAccessors: .ExponentialResponse

===========================================================================================
----------------- testing Tue Jul 30 05:09:53 UTC 2019 /home/travis/build/icyphy/ptII/ptolemy/domains/continuous/test/auto/ExponentialResponseRK45.xml
----------------- Instantiating /home/travis/build/icyphy/ptII/ptolemy/domains/continuous/test/auto/ExponentialResponseRK45.xml
34 ms. Memory: 254976K Free: 118694K (47%)
----------------- Invoking toplevel() on ptolemy.moml.MoMLSimpleApplication@77ea1d5a
----------------- Done invoking toplevel() on ptolemy.moml.MoMLSimpleApplication@77ea1d5a
reloadAllAccessors: .ExponentialResponseRK45

===========================================================================================
----------------- testing Tue Jul 30 05:09:53 UTC 2019 /home/travis/build/icyphy/ptII/ptolemy/domains/continuous/test/auto/Friction.xml
----------------- Instantiating /home/travis/build/icyphy/ptII/ptolemy/domains/continuous/test/auto/Friction.xml
1548 ms. Memory: 254976K Free: 147858K (58%)
----------------- Invoking toplevel() on ptolemy.moml.MoMLSimpleApplication@5ba9cb14
----------------- Done invoking toplevel() on ptolemy.moml.MoMLSimpleApplication@5ba9cb14
reloadAllAccessors: .Friction

===========================================================================================
----------------- testing Tue Jul 30 05:09:54 UTC 2019 /home/travis/build/icyphy/ptII/ptolemy/domains/continuous/test/auto/FurutaPendulum.xml
----------------- Instantiating /home/travis/build/icyphy/ptII/ptolemy/domains/continuous/test/auto/FurutaPendulum.xml
3427 ms. Memory: 254976K Free: 92497K (36%)
----------------- Invoking toplevel() on ptolemy.moml.MoMLSimpleApplication@97679b2
----------------- Done invoking toplevel() on ptolemy.moml.MoMLSimpleApplication@97679b2
reloadAllAccessors: .FurutaPendulum

===========================================================================================
----------------- testing Tue Jul 30 05:09:58 UTC 2019 /home/travis/build/icyphy/ptII/ptolemy/domains/continuous/test/auto/HierarchicalExecution.xml
----------------- Instantiating /home/travis/build/icyphy/ptII/ptolemy/domains/continuous/test/auto/HierarchicalExecution.xml
2056 ms. Memory: 306176K Free: 192965K (63%)
----------------- Invoking toplevel() on ptolemy.moml.MoMLSimpleApplication@a006759
----------------- Done invoking toplevel() on ptolemy.moml.MoMLSimpleApplication@a006759
reloadAllAccessors: .HierarchicalExecution

===========================================================================================
----------------- testing Tue Jul 30 05:10:00 UTC 2019 /home/travis/build/icyphy/ptII/ptolemy/domains/continuous/test/auto/HybridPlant.xml
----------------- Instantiating /home/travis/build/icyphy/ptII/ptolemy/domains/continuous/test/auto/HybridPlant.xml
493 ms. Memory: 306176K Free: 110521K (36%)
----------------- Invoking toplevel() on ptolemy.moml.MoMLSimpleApplication@5ee2b657
----------------- Done invoking toplevel() on ptolemy.moml.MoMLSimpleApplication@5ee2b657
reloadAllAccessors: .HybridPlant

===========================================================================================
----------------- testing Tue Jul 30 05:10:01 UTC 2019 /home/travis/build/icyphy/ptII/ptolemy/domains/continuous/test/auto/Hysteresis.xml
----------------- Instantiating /home/travis/build/icyphy/ptII/ptolemy/domains/continuous/test/auto/Hysteresis.xml
132 ms. Memory: 306176K Free: 230839K (75%)
----------------- Invoking toplevel() on ptolemy.moml.MoMLSimpleApplication@aba54f0
----------------- Done invoking toplevel() on ptolemy.moml.MoMLSimpleApplication@aba54f0
reloadAllAccessors: .Hysteresis

===========================================================================================
----------------- testing Tue Jul 30 05:10:01 UTC 2019 /home/travis/build/icyphy/ptII/ptolemy/domains/continuous/test/auto/HysteresisWithRandomDelay.xml
----------------- Instantiating /home/travis/build/icyphy/ptII/ptolemy/domains/continuous/test/auto/HysteresisWithRandomDelay.xml
179 ms. Memory: 306176K Free: 159669K (52%)
----------------- Invoking toplevel() on ptolemy.moml.MoMLSimpleApplication@1f39f97d
----------------- Done invoking toplevel() on ptolemy.moml.MoMLSimpleApplication@1f39f97d
reloadAllAccessors: .HysteresisWithRandomDelay

===========================================================================================
----------------- testing Tue Jul 30 05:10:01 UTC 2019 /home/travis/build/icyphy/ptII/ptolemy/domains/continuous/test/auto/HysteresisWithRandomLosses.xml
----------------- Instantiating /home/travis/build/icyphy/ptII/ptolemy/domains/continuous/test/auto/HysteresisWithRandomLosses.xml
2359 ms. Memory: 306176K Free: 148088K (48%)
----------------- Invoking toplevel() on ptolemy.moml.MoMLSimpleApplication@2dd4d3d5
----------------- Done invoking toplevel() on ptolemy.moml.MoMLSimpleApplication@2dd4d3d5
reloadAllAccessors: .HysteresisWithRandomLosses

===========================================================================================
----------------- testing Tue Jul 30 05:10:04 UTC 2019 /home/travis/build/icyphy/ptII/ptolemy/domains/continuous/test/auto/ImmediateTransitions.xml
----------------- Instantiating /home/travis/build/icyphy/ptII/ptolemy/domains/continuous/test/auto/ImmediateTransitions.xml
9 ms. Memory: 306176K Free: 137320K (45%)
----------------- Invoking toplevel() on ptolemy.moml.MoMLSimpleApplication@4bcdfa3f
----------------- Done invoking toplevel() on ptolemy.moml.MoMLSimpleApplication@4bcdfa3f
reloadAllAccessors: .ImmediateTransitions

===========================================================================================
----------------- testing Tue Jul 30 05:10:04 UTC 2019 /home/travis/build/icyphy/ptII/ptolemy/domains/continuous/test/auto/ImpulseFeedback.xml
----------------- Instantiating /home/travis/build/icyphy/ptII/ptolemy/domains/continuous/test/auto/ImpulseFeedback.xml
9 ms. Memory: 306176K Free: 131704K (43%)
----------------- Invoking toplevel() on ptolemy.moml.MoMLSimpleApplication@2953869b
----------------- Done invoking toplevel() on ptolemy.moml.MoMLSimpleApplication@2953869b
reloadAllAccessors: .ImpulseFeedback

===========================================================================================
----------------- testing Tue Jul 30 05:10:04 UTC 2019 /home/travis/build/icyphy/ptII/ptolemy/domains/continuous/test/auto/ImpulseFeedback2.xml
----------------- Instantiating /home/travis/build/icyphy/ptII/ptolemy/domains/continuous/test/auto/ImpulseFeedback2.xml
5 ms. Memory: 306176K Free: 126070K (41%)
----------------- Invoking toplevel() on ptolemy.moml.MoMLSimpleApplication@66747886
----------------- Done invoking toplevel() on ptolemy.moml.MoMLSimpleApplication@66747886
reloadAllAccessors: .ImpulseFeedback2

===========================================================================================
----------------- testing Tue Jul 30 05:10:04 UTC 2019 /home/travis/build/icyphy/ptII/ptolemy/domains/continuous/test/auto/IncreasingRatePoisson.xml
----------------- Instantiating /home/travis/build/icyphy/ptII/ptolemy/domains/continuous/test/auto/IncreasingRatePoisson.xml
729 ms. Memory: 306176K Free: 177835K (58%)
----------------- Invoking toplevel() on ptolemy.moml.MoMLSimpleApplication@5c62a265
----------------- Done invoking toplevel() on ptolemy.moml.MoMLSimpleApplication@5c62a265
reloadAllAccessors: .IncreasingRatePoisson

===========================================================================================
----------------- testing Tue Jul 30 05:10:04 UTC 2019 /home/travis/build/icyphy/ptII/ptolemy/domains/continuous/test/auto/InitialStateFeedback.xml
----------------- Instantiating /home/travis/build/icyphy/ptII/ptolemy/domains/continuous/test/auto/InitialStateFeedback.xml
6 ms. Memory: 306176K Free: 173243K (57%)
----------------- Invoking toplevel() on ptolemy.moml.MoMLSimpleApplication@5e6ced7
----------------- Done invoking toplevel() on ptolemy.moml.MoMLSimpleApplication@5e6ced7
reloadAllAccessors: .InitialStateFeedback

===========================================================================================
----------------- testing Tue Jul 30 05:10:04 UTC 2019 /home/travis/build/icyphy/ptII/ptolemy/domains/continuous/test/auto/Integration.xml
----------------- Instantiating /home/travis/build/icyphy/ptII/ptolemy/domains/continuous/test/auto/Integration.xml
3 ms. Memory: 306176K Free: 169147K (55%)
----------------- Invoking toplevel() on ptolemy.moml.MoMLSimpleApplication@23cf61a7
----------------- Done invoking toplevel() on ptolemy.moml.MoMLSimpleApplication@23cf61a7
reloadAllAccessors: .Integration

===========================================================================================
----------------- testing Tue Jul 30 05:10:04 UTC 2019 /home/travis/build/icyphy/ptII/ptolemy/domains/continuous/test/auto/Integration2.xml
----------------- Instantiating /home/travis/build/icyphy/ptII/ptolemy/domains/continuous/test/auto/Integration2.xml
86 ms. Memory: 306176K Free: 154811K (51%)
----------------- Invoking toplevel() on ptolemy.moml.MoMLSimpleApplication@44beaa41
----------------- Done invoking toplevel() on ptolemy.moml.MoMLSimpleApplication@44beaa41
reloadAllAccessors: .Integration2

===========================================================================================
----------------- testing Tue Jul 30 05:10:05 UTC 2019 /home/travis/build/icyphy/ptII/ptolemy/domains/continuous/test/auto/Integration3.xml
----------------- Instantiating /home/travis/build/icyphy/ptII/ptolemy/domains/continuous/test/auto/Integration3.xml
3 ms. Memory: 306176K Free: 150187K (49%)
----------------- Invoking toplevel() on ptolemy.moml.MoMLSimpleApplication@529f9d3d
----------------- Done invoking toplevel() on ptolemy.moml.MoMLSimpleApplication@529f9d3d
reloadAllAccessors: .Integration3

===========================================================================================
----------------- testing Tue Jul 30 05:10:05 UTC 2019 /home/travis/build/icyphy/ptII/ptolemy/domains/continuous/test/auto/Integration5.xml
----------------- Instantiating /home/travis/build/icyphy/ptII/ptolemy/domains/continuous/test/auto/Integration5.xml
14 ms. Memory: 306176K Free: 146105K (48%)
----------------- Invoking toplevel() on ptolemy.moml.MoMLSimpleApplication@1d9320a9
----------------- Done invoking toplevel() on ptolemy.moml.MoMLSimpleApplication@1d9320a9
reloadAllAccessors: .Integration5

===========================================================================================
----------------- testing Tue Jul 30 05:10:05 UTC 2019 /home/travis/build/icyphy/ptII/ptolemy/domains/continuous/test/auto/IntegratorImpulse.xml
----------------- Instantiating /home/travis/build/icyphy/ptII/ptolemy/domains/continuous/test/auto/IntegratorImpulse.xml
2 ms. Memory: 306176K Free: 142009K (46%)
----------------- Invoking toplevel() on ptolemy.moml.MoMLSimpleApplication@446372f4
----------------- Done invoking toplevel() on ptolemy.moml.MoMLSimpleApplication@446372f4
reloadAllAccessors: .IntegratorImpulse

===========================================================================================
----------------- testing Tue Jul 30 05:10:05 UTC 2019 /home/travis/build/icyphy/ptII/ptolemy/domains/continuous/test/auto/IntegratorImpulse2.xml
----------------- Instantiating /home/travis/build/icyphy/ptII/ptolemy/domains/continuous/test/auto/IntegratorImpulse2.xml
3 ms. Memory: 306176K Free: 137403K (45%)
----------------- Invoking toplevel() on ptolemy.moml.MoMLSimpleApplication@794846e
----------------- Done invoking toplevel() on ptolemy.moml.MoMLSimpleApplication@794846e
reloadAllAccessors: .IntegratorImpulse2

===========================================================================================
----------------- testing Tue Jul 30 05:10:05 UTC 2019 /home/travis/build/icyphy/ptII/ptolemy/domains/continuous/test/auto/LevelCrossing1.xml
----------------- Instantiating /home/travis/build/icyphy/ptII/ptolemy/domains/continuous/test/auto/LevelCrossing1.xml
3 ms. Memory: 306176K Free: 132283K (43%)
----------------- Invoking toplevel() on ptolemy.moml.MoMLSimpleApplication@594bdd70
----------------- Done invoking toplevel() on ptolemy.moml.MoMLSimpleApplication@594bdd70
reloadAllAccessors: .LevelCrossing1

===========================================================================================
----------------- testing Tue Jul 30 05:10:05 UTC 2019 /home/travis/build/icyphy/ptII/ptolemy/domains/continuous/test/auto/LevelCrossing2.xml
----------------- Instantiating /home/travis/build/icyphy/ptII/ptolemy/domains/continuous/test/auto/LevelCrossing2.xml
4 ms. Memory: 306176K Free: 127163K (42%)
----------------- Invoking toplevel() on ptolemy.moml.MoMLSimpleApplication@4f94abaf
----------------- Done invoking toplevel() on ptolemy.moml.MoMLSimpleApplication@4f94abaf
reloadAllAccessors: .LevelCrossing2

===========================================================================================
----------------- testing Tue Jul 30 05:10:05 UTC 2019 /home/travis/build/icyphy/ptII/ptolemy/domains/continuous/test/auto/LevelCrossing3.xml
----------------- Instantiating /home/travis/build/icyphy/ptII/ptolemy/domains/continuous/test/auto/LevelCrossing3.xml
8 ms. Memory: 306176K Free: 122043K (40%)
----------------- Invoking toplevel() on ptolemy.moml.MoMLSimpleApplication@4655719e
----------------- Done invoking toplevel() on ptolemy.moml.MoMLSimpleApplication@4655719e
reloadAllAccessors: .LevelCrossing3

===========================================================================================
----------------- testing Tue Jul 30 05:10:05 UTC 2019 /home/travis/build/icyphy/ptII/ptolemy/domains/continuous/test/auto/LevelCrossing4.xml
----------------- Instantiating /home/travis/build/icyphy/ptII/ptolemy/domains/continuous/test/auto/LevelCrossing4.xml
4 ms. Memory: 306176K Free: 116923K (38%)
----------------- Invoking toplevel() on ptolemy.moml.MoMLSimpleApplication@7f942ee
----------------- Done invoking toplevel() on ptolemy.moml.MoMLSimpleApplication@7f942ee
reloadAllAccessors: .LevelCrossing4

===========================================================================================
----------------- testing Tue Jul 30 05:10:05 UTC 2019 /home/travis/build/icyphy/ptII/ptolemy/domains/continuous/test/auto/LevelCrossing5.xml
----------------- Instantiating /home/travis/build/icyphy/ptII/ptolemy/domains/continuous/test/auto/LevelCrossing5.xml
4 ms. Memory: 306176K Free: 111803K (37%)
----------------- Invoking toplevel() on ptolemy.moml.MoMLSimpleApplication@15574897
----------------- Done invoking toplevel() on ptolemy.moml.MoMLSimpleApplication@15574897
reloadAllAccessors: .LevelCrossing5

===========================================================================================
[...]
reloadAllAccessors: .ResetTransitionWithStartTime6

===========================================================================================
----------------- testing Tue Jul 30 05:10:22 UTC 2019 /home/travis/build/icyphy/ptII/ptolemy/domains/continuous/test/auto/SRinContinuous.xml
----------------- Instantiating /home/travis/build/icyphy/ptII/ptolemy/domains/continuous/test/auto/SRinContinuous.xml
4 ms. Memory: 306176K Free: 165333K (54%)
----------------- Invoking toplevel() on ptolemy.moml.MoMLSimpleApplication@4015fe32
----------------- Done invoking toplevel() on ptolemy.moml.MoMLSimpleApplication@4015fe32
reloadAllAccessors: .SRinContinuous

===========================================================================================
----------------- testing Tue Jul 30 05:10:22 UTC 2019 /home/travis/build/icyphy/ptII/ptolemy/domains/continuous/test/auto/SampledClocks.xml
----------------- Instantiating /home/travis/build/icyphy/ptII/ptolemy/domains/continuous/test/auto/SampledClocks.xml
7 ms. Memory: 306176K Free: 153045K (50%)
----------------- Invoking toplevel() on ptolemy.moml.MoMLSimpleApplication@41345116
----------------- Done invoking toplevel() on ptolemy.moml.MoMLSimpleApplication@41345116
reloadAllAccessors: .SampledClocks

===========================================================================================
----------------- testing Tue Jul 30 05:10:22 UTC 2019 /home/travis/build/icyphy/ptII/ptolemy/domains/continuous/test/auto/Satellite.xml
----------------- Instantiating /home/travis/build/icyphy/ptII/ptolemy/domains/continuous/test/auto/Satellite.xml
851 ms. Memory: 306176K Free: 138876K (45%)
----------------- Invoking toplevel() on ptolemy.moml.MoMLSimpleApplication@75a4b674
----------------- Done invoking toplevel() on ptolemy.moml.MoMLSimpleApplication@75a4b674
reloadAllAccessors: .Satellite

===========================================================================================
----------------- testing Tue Jul 30 05:10:23 UTC 2019 /home/travis/build/icyphy/ptII/ptolemy/domains/continuous/test/auto/SigmaDelta.xml
----------------- Instantiating /home/travis/build/icyphy/ptII/ptolemy/domains/continuous/test/auto/SigmaDelta.xml
2266 ms. Memory: 306176K Free: 238604K (78%)
----------------- Invoking toplevel() on ptolemy.moml.MoMLSimpleApplication@15d9162d
----------------- Done invoking toplevel() on ptolemy.moml.MoMLSimpleApplication@15d9162d
reloadAllAccessors: .SigmaDelta

===========================================================================================
----------------- testing Tue Jul 30 05:10:26 UTC 2019 /home/travis/build/icyphy/ptII/ptolemy/domains/continuous/test/auto/SingleRefinement.xml
----------------- Instantiating /home/travis/build/icyphy/ptII/ptolemy/domains/continuous/test/auto/SingleRefinement.xml
357 ms. Memory: 306176K Free: 236287K (77%)
----------------- Invoking toplevel() on ptolemy.moml.MoMLSimpleApplication@29a477dd
----------------- Done invoking toplevel() on ptolemy.moml.MoMLSimpleApplication@29a477dd
reloadAllAccessors: .SingleRefinement

===========================================================================================
----------------- testing Tue Jul 30 05:10:26 UTC 2019 /home/travis/build/icyphy/ptII/ptolemy/domains/continuous/test/auto/SinuBouncingBall.xml
----------------- Instantiating /home/travis/build/icyphy/ptII/ptolemy/domains/continuous/test/auto/SinuBouncingBall.xml
799 ms. Memory: 306176K Free: 200000K (65%)
----------------- Invoking toplevel() on ptolemy.moml.MoMLSimpleApplication@24f4848c
----------------- Done invoking toplevel() on ptolemy.moml.MoMLSimpleApplication@24f4848c
reloadAllAccessors: .SinuBouncingBall

===========================================================================================
----------------- testing Tue Jul 30 05:10:27 UTC 2019 /home/travis/build/icyphy/ptII/ptolemy/domains/continuous/test/auto/Sinusoid.xml
----------------- Instantiating /home/travis/build/icyphy/ptII/ptolemy/domains/continuous/test/auto/Sinusoid.xml
5 ms. Memory: 306176K Free: 195376K (64%)
----------------- Invoking toplevel() on ptolemy.moml.MoMLSimpleApplication@2cbbd635
----------------- Done invoking toplevel() on ptolemy.moml.MoMLSimpleApplication@2cbbd635
reloadAllAccessors: .Sinusoid

===========================================================================================
----------------- testing Tue Jul 30 05:10:27 UTC 2019 /home/travis/build/icyphy/ptII/ptolemy/domains/continuous/test/auto/SinusoidInNoise.xml
----------------- Instantiating /home/travis/build/icyphy/ptII/ptolemy/domains/continuous/test/auto/SinusoidInNoise.xml
1009 ms. Memory: 306176K Free: 241411K (79%)
----------------- Invoking toplevel() on ptolemy.moml.MoMLSimpleApplication@446359ad
----------------- Done invoking toplevel() on ptolemy.moml.MoMLSimpleApplication@446359ad
reloadAllAccessors: .SinusoidInNoise

===========================================================================================
----------------- testing Tue Jul 30 05:10:28 UTC 2019 /home/travis/build/icyphy/ptII/ptolemy/domains/continuous/test/auto/SinusoidRK45.xml
----------------- Instantiating /home/travis/build/icyphy/ptII/ptolemy/domains/continuous/test/auto/SinusoidRK45.xml
2 ms. Memory: 306176K Free: 236805K (77%)
----------------- Invoking toplevel() on ptolemy.moml.MoMLSimpleApplication@6d3a1c12
----------------- Done invoking toplevel() on ptolemy.moml.MoMLSimpleApplication@6d3a1c12
reloadAllAccessors: .SinusoidRK45

===========================================================================================
----------------- testing Tue Jul 30 05:10:28 UTC 2019 /home/travis/build/icyphy/ptII/ptolemy/domains/continuous/test/auto/SinusoidWithMultipleImpulses.xml
----------------- Instantiating /home/travis/build/icyphy/ptII/ptolemy/domains/continuous/test/auto/SinusoidWithMultipleImpulses.xml
3 ms. Memory: 306176K Free: 232195K (76%)
----------------- Invoking toplevel() on ptolemy.moml.MoMLSimpleApplication@688ecf4d
----------------- Done invoking toplevel() on ptolemy.moml.MoMLSimpleApplication@688ecf4d
reloadAllAccessors: .SinusoidWithMultipleImpulses

===========================================================================================
----------------- testing Tue Jul 30 05:10:28 UTC 2019 /home/travis/build/icyphy/ptII/ptolemy/domains/continuous/test/auto/SquareWave.xml
----------------- Instantiating /home/travis/build/icyphy/ptII/ptolemy/domains/continuous/test/auto/SquareWave.xml
176 ms. Memory: 306176K Free: 205061K (67%)
----------------- Invoking toplevel() on ptolemy.moml.MoMLSimpleApplication@436278a5
----------------- Done invoking toplevel() on ptolemy.moml.MoMLSimpleApplication@436278a5
reloadAllAccessors: .SquareWave

===========================================================================================
----------------- testing Tue Jul 30 05:10:28 UTC 2019 /home/travis/build/icyphy/ptII/ptolemy/domains/continuous/test/auto/Starmac.xml
----------------- Instantiating /home/travis/build/icyphy/ptII/ptolemy/domains/continuous/test/auto/Starmac.xml
3089 ms. Memory: 306176K Free: 246522K (81%)
----------------- Invoking toplevel() on ptolemy.moml.MoMLSimpleApplication@391ca0f3
----------------- Done invoking toplevel() on ptolemy.moml.MoMLSimpleApplication@391ca0f3
reloadAllAccessors: .Starmac

===========================================================================================
----------------- testing Tue Jul 30 05:10:32 UTC 2019 /home/travis/build/icyphy/ptII/ptolemy/domains/continuous/test/auto/StaticUnits.xml
----------------- Instantiating /home/travis/build/icyphy/ptII/ptolemy/domains/continuous/test/auto/StaticUnits.xml
2153 ms. Memory: 306176K Free: 138401K (45%)
----------------- Invoking toplevel() on ptolemy.moml.MoMLSimpleApplication@17963653
----------------- Done invoking toplevel() on ptolemy.moml.MoMLSimpleApplication@17963653
reloadAllAccessors: .StaticUnits

===========================================================================================
----------------- testing Tue Jul 30 05:10:35 UTC 2019 /home/travis/build/icyphy/ptII/ptolemy/domains/continuous/test/auto/StickyMasses.xml
----------------- Instantiating /home/travis/build/icyphy/ptII/ptolemy/domains/continuous/test/auto/StickyMasses.xml
171 ms. Memory: 306176K Free: 266398K (87%)
----------------- Invoking toplevel() on ptolemy.moml.MoMLSimpleApplication@194b92fb
----------------- Done invoking toplevel() on ptolemy.moml.MoMLSimpleApplication@194b92fb
reloadAllAccessors: .StickyMasses

===========================================================================================
----------------- testing Tue Jul 30 05:10:35 UTC 2019 /home/travis/build/icyphy/ptII/ptolemy/domains/continuous/test/auto/StopTime.xml
----------------- Instantiating /home/travis/build/icyphy/ptII/ptolemy/domains/continuous/test/auto/StopTime.xml
52 ms. Memory: 306176K Free: 241294K (79%)
----------------- Invoking toplevel() on ptolemy.moml.MoMLSimpleApplication@2ae2d3ce
----------------- Done invoking toplevel() on ptolemy.moml.MoMLSimpleApplication@2ae2d3ce
reloadAllAccessors: .StopTime

===========================================================================================
----------------- testing Tue Jul 30 05:10:35 UTC 2019 /home/travis/build/icyphy/ptII/ptolemy/domains/continuous/test/auto/StopTime2.xml
----------------- Instantiating /home/travis/build/icyphy/ptII/ptolemy/domains/continuous/test/auto/StopTime2.xml
28 ms. Memory: 306176K Free: 219294K (72%)
----------------- Invoking toplevel() on ptolemy.moml.MoMLSimpleApplication@56b6ef8c
----------------- Done invoking toplevel() on ptolemy.moml.MoMLSimpleApplication@56b6ef8c
reloadAllAccessors: .StopTime2

===========================================================================================
----------------- testing Tue Jul 30 05:10:35 UTC 2019 /home/travis/build/icyphy/ptII/ptolemy/domains/continuous/test/auto/Switch.xml
----------------- Instantiating /home/travis/build/icyphy/ptII/ptolemy/domains/continuous/test/auto/Switch.xml
49 ms. Memory: 306176K Free: 194718K (64%)
----------------- Invoking toplevel() on ptolemy.moml.MoMLSimpleApplication@703328bd
----------------- Done invoking toplevel() on ptolemy.moml.MoMLSimpleApplication@703328bd
reloadAllAccessors: .Switch

===========================================================================================
----------------- testing Tue Jul 30 05:10:35 UTC 2019 /home/travis/build/icyphy/ptII/ptolemy/domains/continuous/test/auto/Thermostat.xml
----------------- Instantiating /home/travis/build/icyphy/ptII/ptolemy/domains/continuous/test/auto/Thermostat.xml
182 ms. Memory: 306176K Free: 122510K (40%)
----------------- Invoking toplevel() on ptolemy.moml.MoMLSimpleApplication@7a84f92
----------------- Done invoking toplevel() on ptolemy.moml.MoMLSimpleApplication@7a84f92
reloadAllAccessors: .Thermostat

===========================================================================================
----------------- testing Tue Jul 30 05:10:35 UTC 2019 /home/travis/build/icyphy/ptII/ptolemy/domains/continuous/test/auto/TimeDelay.xml
----------------- Instantiating /home/travis/build/icyphy/ptII/ptolemy/domains/continuous/test/auto/TimeDelay.xml
6 ms. Memory: 306176K Free: 117918K (39%)
----------------- Invoking toplevel() on ptolemy.moml.MoMLSimpleApplication@17dd54ec
----------------- Done invoking toplevel() on ptolemy.moml.MoMLSimpleApplication@17dd54ec
reloadAllAccessors: .TimeDelay

===========================================================================================
----------------- testing Tue Jul 30 05:10:35 UTC 2019 /home/travis/build/icyphy/ptII/ptolemy/domains/continuous/test/auto/TimeDelay2.xml
----------------- Instantiating /home/travis/build/icyphy/ptII/ptolemy/domains/continuous/test/auto/TimeDelay2.xml
7 ms. Memory: 306176K Free: 107678K (35%)
----------------- Invoking toplevel() on ptolemy.moml.MoMLSimpleApplication@4cef20a1
----------------- Done invoking toplevel() on ptolemy.moml.MoMLSimpleApplication@4cef20a1
reloadAllAccessors: .TimeDelay2

===========================================================================================
----------------- testing Tue Jul 30 05:10:35 UTC 2019 /home/travis/build/icyphy/ptII/ptolemy/domains/continuous/test/auto/TimeDelay3.xml
----------------- Instantiating /home/travis/build/icyphy/ptII/ptolemy/domains/continuous/test/auto/TimeDelay3.xml
5 ms. Memory: 306176K Free: 280725K (92%)
----------------- Invoking toplevel() on ptolemy.moml.MoMLSimpleApplication@34d03c89
----------------- Done invoking toplevel() on ptolemy.moml.MoMLSimpleApplication@34d03c89
reloadAllAccessors: .TimeDelay3

===========================================================================================
----------------- testing Tue Jul 30 05:10:35 UTC 2019 /home/travis/build/icyphy/ptII/ptolemy/domains/continuous/test/auto/TransferAbsentToInside.xml
----------------- Instantiating /home/travis/build/icyphy/ptII/ptolemy/domains/continuous/test/auto/TransferAbsentToInside.xml
27 ms. Memory: 306176K Free: 228489K (75%)
----------------- Invoking toplevel() on ptolemy.moml.MoMLSimpleApplication@6d648e7e
----------------- Done invoking toplevel() on ptolemy.moml.MoMLSimpleApplication@6d648e7e
reloadAllAccessors: .TransferAbsentToInside

===========================================================================================
----------------- testing Tue Jul 30 05:10:35 UTC 2019 /home/travis/build/icyphy/ptII/ptolemy/domains/continuous/test/auto/Transmission.xml
----------------- Instantiating /home/travis/build/icyphy/ptII/ptolemy/domains/continuous/test/auto/Transmission.xml
772 ms. Memory: 306176K Free: 174221K (57%)
----------------- Invoking toplevel() on ptolemy.moml.MoMLSimpleApplication@283105bc
----------------- Done invoking toplevel() on ptolemy.moml.MoMLSimpleApplication@283105bc
reloadAllAccessors: .Transmission

===========================================================================================
----------------- testing Tue Jul 30 05:10:36 UTC 2019 /home/travis/build/icyphy/ptII/ptolemy/domains/continuous/test/auto/TriggeredContinuousClock.xml
----------------- Instantiating /home/travis/build/icyphy/ptII/ptolemy/domains/continuous/test/auto/TriggeredContinuousClock.xml
34 ms. Memory: 306176K Free: 145021K (47%)
----------------- Invoking toplevel() on ptolemy.moml.MoMLSimpleApplication@36013287
----------------- Done invoking toplevel() on ptolemy.moml.MoMLSimpleApplication@36013287
reloadAllAccessors: .TriggeredContinuousClock

===========================================================================================
----------------- testing Tue Jul 30 05:10:36 UTC 2019 /home/travis/build/icyphy/ptII/ptolemy/domains/continuous/test/auto/TwoMachineInfiniteBusControl.xml
----------------- Instantiating /home/travis/build/icyphy/ptII/ptolemy/domains/continuous/test/auto/TwoMachineInfiniteBusControl.xml
2879 ms. Memory: 306176K Free: 275029K (90%)
----------------- Invoking toplevel() on ptolemy.moml.MoMLSimpleApplication@63804f24
----------------- Done invoking toplevel() on ptolemy.moml.MoMLSimpleApplication@63804f24
reloadAllAccessors: .TwoMachineInfiniteBusControl

===========================================================================================
----------------- testing Tue Jul 30 05:10:39 UTC 2019 /home/travis/build/icyphy/ptII/ptolemy/domains/continuous/test/auto/V2V.xml
----------------- Instantiating /home/travis/build/icyphy/ptII/ptolemy/domains/continuous/test/auto/V2V.xml
769 ms. Memory: 306176K Free: 263757K (86%)
----------------- Invoking toplevel() on ptolemy.moml.MoMLSimpleApplication@8808e0c
----------------- Done invoking toplevel() on ptolemy.moml.MoMLSimpleApplication@8808e0c
reloadAllAccessors: .V2V

===========================================================================================
----------------- testing Tue Jul 30 05:10:40 UTC 2019 /home/travis/build/icyphy/ptII/ptolemy/domains/continuous/test/auto/hierarchicalModalModel.xml
----------------- Instantiating /home/travis/build/icyphy/ptII/ptolemy/domains/continuous/test/auto/hierarchicalModalModel.xml
8 ms. Memory: 306176K Free: 249421K (81%)
----------------- Invoking toplevel() on ptolemy.moml.MoMLSimpleApplication@45dd2596
----------------- Done invoking toplevel() on ptolemy.moml.MoMLSimpleApplication@45dd2596
reloadAllAccessors: .hierarchicalModalModel

===========================================================================================
----------------- testing Tue Jul 30 05:10:40 UTC 2019 /home/travis/build/icyphy/ptII/ptolemy/domains/continuous/test/auto/hierarchicalModalModel1.xml
----------------- Instantiating /home/travis/build/icyphy/ptII/ptolemy/domains/continuous/test/auto/hierarchicalModalModel1.xml
11 ms. Memory: 306176K Free: 235085K (77%)
----------------- Invoking toplevel() on ptolemy.moml.MoMLSimpleApplication@4738c4a2
----------------- Done invoking toplevel() on ptolemy.moml.MoMLSimpleApplication@4738c4a2
reloadAllAccessors: .hierarchicalModalModel1

===========================================================================================
----------------- testing Tue Jul 30 05:10:40 UTC 2019 /home/travis/build/icyphy/ptII/ptolemy/domains/continuous/test/auto/hierarchicalModalModel2.xml
----------------- Instantiating /home/travis/build/icyphy/ptII/ptolemy/domains/continuous/test/auto/hierarchicalModalModel2.xml
7 ms. Memory: 306176K Free: 222797K (73%)
----------------- Invoking toplevel() on ptolemy.moml.MoMLSimpleApplication@278b09ba
----------------- Done invoking toplevel() on ptolemy.moml.MoMLSimpleApplication@278b09ba
reloadAllAccessors: .hierarchicalModalModel2

===========================================================================================
----------------- testing Tue Jul 30 05:10:40 UTC 2019 /home/travis/build/icyphy/ptII/ptolemy/domains/continuous/test/auto/hierarchicalModalModel3.xml
----------------- Instantiating /home/travis/build/icyphy/ptII/ptolemy/domains/continuous/test/auto/hierarchicalModalModel3.xml
8 ms. Memory: 306176K Free: 212043K (69%)
----------------- Invoking toplevel() on ptolemy.moml.MoMLSimpleApplication@5285b351
----------------- Done invoking toplevel() on ptolemy.moml.MoMLSimpleApplication@5285b351
reloadAllAccessors: .hierarchicalModalModel3

===========================================================================================
----------------- testing Tue Jul 30 05:10:40 UTC 2019 /home/travis/build/icyphy/ptII/ptolemy/domains/continuous/test/auto/hierarchicalModalModel4.xml
----------------- Instantiating /home/travis/build/icyphy/ptII/ptolemy/domains/continuous/test/auto/hierarchicalModalModel4.xml
7 ms. Memory: 306176K Free: 200269K (65%)
----------------- Invoking toplevel() on ptolemy.moml.MoMLSimpleApplication@488ff4f0
----------------- Done invoking toplevel() on ptolemy.moml.MoMLSimpleApplication@488ff4f0
reloadAllAccessors: .hierarchicalModalModel4

===========================================================================================
----------------- testing Tue Jul 30 05:10:40 UTC 2019 /home/travis/build/icyphy/ptII/ptolemy/domains/continuous/test/auto/junk.xml
----------------- Instantiating /home/travis/build/icyphy/ptII/ptolemy/domains/continuous/test/auto/junk.xml
142 ms. Memory: 306176K Free: 174669K (57%)
----------------- Invoking toplevel() on ptolemy.moml.MoMLSimpleApplication@4f66d78b
----------------- Done invoking toplevel() on ptolemy.moml.MoMLSimpleApplication@4f66d78b
reloadAllAccessors: .junk
AutoTests.java: About to close Vertx.
AutoTests.java: Vertx closed.
]]></system-out>
  <system-err><![CDATA[Warning: '.HysteresisWithRandomDelay.NonStrictTest3' The test produced only 16 tokens, yet the correctValues parameter was expecting 30 tokens.
Warning: '.Poisson.NonStrictTest' The test produced only 407 tokens, yet the correctValues parameter was expecting 430 tokens.
]]></system-err>
</testsuite>
