<?xml version="1.0" encoding="UTF-8" ?>
<testsuite errors="0" failures="0" hostname="travis-job-ea6041f2-15fb-44f7-8dab-39f5b5176a8e" name="ptolemy.cg.kernel.generic.accessor.test.junit.JUnitTclTest" skipped="0" tests="9" time="118.439" timestamp="2018-11-01T02:35:25">
  <properties>
[...]
</properties>
  <testcase classname="ptolemy.util.test.junit.TclTests" name="[0] /home/travis/build/icyphy/ptII/ptolemy/cg/kernel/generic/accessor/test/AccessorSSHCodeGenerator.tcl (RunTclFile)" time="40.307" />
  <testcase classname="ptolemy.util.test.junit.AutoKnownFailedTests" name="[0] ThereAreNoKnowFailedTests (RunModel)" time="0.0" />
  <testcase classname="ptolemy.util.test.junit.AutoNameArchTests" name="[0] ThereAreNoAutoArchTests (RunModel)" time="0.002" />
  <testcase classname="ptolemy.util.test.junit.AutoTests" name="[0] /home/travis/build/icyphy/ptII/ptolemy/cg/kernel/generic/accessor/test/auto/AccessorStatusTest.xml (RunModel)" time="26.393" />
  <testcase classname="ptolemy.util.test.junit.AutoTests" name="[1] /home/travis/build/icyphy/ptII/ptolemy/cg/kernel/generic/accessor/test/auto/RampJSDisplay.xml (RunModel)" time="10.842" />
  <testcase classname="ptolemy.util.test.junit.AutoTests" name="[2] /home/travis/build/icyphy/ptII/ptolemy/cg/kernel/generic/accessor/test/auto/RampJSInspect.xml (RunModel)" time="12.65" />
  <testcase classname="ptolemy.util.test.junit.AutoTests" name="[3] /home/travis/build/icyphy/ptII/ptolemy/cg/kernel/generic/accessor/test/auto/RampJSTest.xml (RunModel)" time="11.083" />
  <testcase classname="ptolemy.util.test.junit.AutoTests" name="[4] /home/travis/build/icyphy/ptII/ptolemy/cg/kernel/generic/accessor/test/auto/RampJSTextDisplay.xml (RunModel)" time="13.319" />
  <testcase classname="ptolemy.util.test.junit.AutoTests" name="[5] /home/travis/build/icyphy/ptII/ptolemy/cg/kernel/generic/accessor/test/auto/TestComposite.xml (RunModel)" time="3.52" />
  <system-out><![CDATA[/home/travis/build/icyphy/ptII/ptolemy/cg/kernel/generic/accessor/test/AccessorSSHCodeGenerator.tcl
testDefs.tcl: setting time out to 9000 seconds at Thu Nov 01 02:35:25 UTC 2018
JSAccessor: found node
RunnableCodeGenerator: run command: (cd /home/travis/build/icyphy/ptII/org/terraswarm/accessor/accessors/web/cg; /home/travis/build/icyphy/ptII/ptolemy/cg/kernel/generic/accessor/accessorInvokeSSH localhost /home/travis/build/icyphy/ptII/org/terraswarm/accessor/accessors/web/cg/top.js   npmInstall  )
In "/home/travis/build/icyphy/ptII/org/terraswarm/accessor/accessors/web/cg", about to execute:
    /home/travis/build/icyphy/ptII/ptolemy/cg/kernel/generic/accessor/accessorInvok
eSSH localhost
/home/travis/build/icyphy/ptII/org/terraswarm/accessor/accessors/web/cg/top.js
npmInstall
/home/travis/build/icyphy/ptII/ptolemy/cg/kernel/generic/accessor/accessorInvokeSSH: Note that the timeout defaults to 15000
### accessorInvokeSSH: Creating cg/node_modules and cg/top on localhost
### accessorInvokeSSH: Running npm install @terraswarm/accessors pm2 
### accessorInvokeSSH:   Ignore messages like: 'npm WARN enoent ENOENT: no such file or directory, open cg/top/package.json'
/home/travis/pthla/certi-tools/share/scripts:/home/travis/.rvm/gems/ruby-2.4.1/bin:/home/travis/.rvm/gems/ruby-2.4.1@global/bin:/home/travis/.rvm/rubies/ruby-2.4.1/bin:/home/travis/.rvm/bin:/home/travis/.nvm/versions/node/v7.10.1/bin:./node_modules/.bin:/home/travis/build/icyphy/ptII/bin:/home/travis/pthla/certi-tools/bin:/home/travis/bin:/home/travis/.local/bin:/opt/pyenv/shims:/home/travis/.phpenv/shims:/home/travis/perl5/perlbrew/bin:/home/travis/.kiex/elixirs/elixir-1.4.5/bin:/home/travis/.kiex/bin:/home/travis/gopath/bin:/home/travis/.gimme/versions/go1.7.4.linux.amd64/bin:/usr/local/phantomjs/bin:/usr/local/phantomjs:/usr/local/neo4j-3.2.7/bin:/usr/local/maven-3.5.2/bin:/usr/local/cmake-3.9.2/bin:/usr/local/clang-5.0.0/bin:/usr/local/sbin:/usr/local/bin:/usr/sbin:/usr/bin:/sbin:/bin:/home/travis/.phpenv/bin:/opt/pyenv/bin:/home/travis/.yarn/bin
/usr/local/bin/npm
/home/travis/cg
├─┬ @terraswarm/accessors@0.0.25 
│ ├── @accessors-hosts/common@0.1.0 
│ ├── @accessors-modules/local-storage@0.1.1 
│ ├─┬ express@4.16.4 
│ │ ├─┬ accepts@1.3.5 
│ │ │ ├─┬ mime-types@2.1.21 
│ │ │ │ └── mime-db@1.37.0 
│ │ │ └── negotiator@0.6.1 
│ │ ├── array-flatten@1.1.1 
│ │ ├─┬ body-parser@1.18.3 
│ │ │ ├── bytes@3.0.0 
│ │ │ ├── http-errors@1.6.3 
│ │ │ └── raw-body@2.3.3 
│ │ ├── content-disposition@0.5.2 
│ │ ├── content-type@1.0.4 
│ │ ├── cookie@0.3.1 
│ │ ├── cookie-signature@1.0.6 
│ │ ├── depd@1.1.2 
│ │ ├── encodeurl@1.0.2 
│ │ ├── escape-html@1.0.3 
│ │ ├── etag@1.8.1 
│ │ ├─┬ finalhandler@1.1.1 
│ │ │ └── unpipe@1.0.0 
│ │ ├── fresh@0.5.2 
│ │ ├── merge-descriptors@1.0.1 
│ │ ├── methods@1.1.2 
│ │ ├─┬ on-finished@2.3.0 
│ │ │ └── ee-first@1.1.1 
│ │ ├── parseurl@1.3.2 
│ │ ├── path-to-regexp@0.1.7 
│ │ ├─┬ proxy-addr@2.0.4 
│ │ │ ├── forwarded@0.1.2 
│ │ │ └── ipaddr.js@1.8.0 
│ │ ├── qs@6.5.2 
│ │ ├── range-parser@1.2.0 
│ │ ├─┬ send@0.16.2 
│ │ │ ├── destroy@1.0.4 
│ │ │ └── mime@1.4.1 
│ │ ├── serve-static@1.13.2 
│ │ ├── setprototypeof@1.1.0 
│ │ ├── statuses@1.4.0 
│ │ ├─┬ type-is@1.6.16 
│ │ │ └── media-typer@0.3.0 
│ │ ├── utils-merge@1.0.1 
│ │ └── vary@1.1.2 
│ ├─┬ helmet@3.14.0 
│ │ ├── dns-prefetch-control@0.1.0 
│ │ ├── dont-sniff-mimetype@1.0.0 
│ │ ├── expect-ct@0.1.1 
│ │ ├── feature-policy@0.1.0 
│ │ ├── frameguard@3.0.0 
│ │ ├── helmet-crossdomain@0.3.0 
│ │ ├─┬ helmet-csp@2.7.1 
│ │ │ ├── camelize@1.0.0 
│ │ │ ├── content-security-policy-builder@2.0.0 
│ │ │ ├── dasherize@2.0.0 
│ │ │ └── platform@1.3.5 
│ │ ├── hide-powered-by@1.0.0 
│ │ ├── hpkp@2.0.0 
│ │ ├── hsts@2.1.0 
│ │ ├── ienoopen@1.0.0 
│ │ ├── nocache@2.0.0 
│ │ ├── referrer-policy@1.1.0 
│ │ └── x-xss-protection@1.1.0 
│ ├─┬ node-localstorage@1.3.1 
│ │ └─┬ write-file-atomic@1.3.4 
│ │   ├── imurmurhash@0.1.4 
│ │   └── slide@1.1.6 
│ └─┬ portscanner@2.2.0 
│   └─┬ is-number-like@1.0.8 
│     └── lodash.isfinite@3.3.2 
└─┬ pm2@3.2.2 
  ├─┬ @pm2/agent@0.5.16 
  │ └─┬ ws@5.2.2 
  │   └── async-limiter@1.0.0 
  ├─┬ @pm2/io@2.4.5 
  │ ├─┬ @pm2/agent-node@1.0.7 
  │ │ ├─┬ debug@3.2.6 
  │ │ │ └── ms@2.1.1 
  │ │ └── ws@6.1.0 
  │ ├─┬ debug@3.1.0 
  │ │ └── ms@2.0.0 
  │ ├── deep-metrics@0.0.2 
  │ ├── deepmerge@2.1.1 
  │ ├── event-loop-inspector@1.2.2 
  │ ├── json-stringify-safe@5.0.1 
  │ ├── semver@5.5.0 
  │ ├── signal-exit@3.0.2 
  │ ├── tslib@1.9.3 
  │ └─┬ vxx@1.2.2 
  │   ├─┬ continuation-local-storage@3.2.1 
  │   │ ├── async-listener@0.6.10 
  │   │ └── emitter-listener@1.1.2 
  │   ├── extend@3.0.2 
  │   ├── is@3.2.1 
  │   ├── lodash.isequal@4.5.0 
  │   ├── lodash.merge@4.6.1 
  │   ├── shimmer@1.2.0 
  │   └── uuid@3.3.2 
  ├─┬ @pm2/js-api@0.5.29 
  │ ├─┬ axios@0.16.2 
  │ │ ├─┬ follow-redirects@1.5.9 
  │ │ │ └── debug@3.1.0 
  │ │ └── is-buffer@1.1.6 
  │ ├── debug@2.6.9 
  │ ├── eventemitter2@4.1.2 
  │ └─┬ ws@3.3.3 
  │   └── ultron@1.1.1 
  ├─┬ async@2.6.1 
  │ └── lodash@4.17.11 
  ├── blessed@0.1.81 
  ├─┬ chalk@2.4.1 
  │ ├─┬ ansi-styles@3.2.1 
  │ │ └─┬ color-convert@1.9.3 
  │ │   └── color-name@1.1.3 
  │ ├── escape-string-regexp@1.0.5 
  │ └─┬ supports-color@5.5.0 
  │   └── has-flag@3.0.0 
  ├─┬ chokidar@2.0.4 
  │ ├─┬ anymatch@2.0.0 
  │ │ └─┬ micromatch@3.1.10 
  │ │   ├── arr-diff@4.0.0 
  │ │   ├─┬ define-property@2.0.2 
  │ │   │ └─┬ is-descriptor@1.0.2 
  │ │   │   ├── is-accessor-descriptor@1.0.0 
  │ │   │   └── is-data-descriptor@1.0.0 
  │ │   ├─┬ extend-shallow@3.0.2 
  │ │   │ ├── assign-symbols@1.0.0 
  │ │   │ └─┬ is-extendable@1.0.1 
  │ │   │   └── is-plain-object@2.0.4 
  │ │   ├─┬ extglob@2.0.4 
  │ │   │ ├─┬ define-property@1.0.0 
  │ │   │ │ └─┬ is-descriptor@1.0.2 
  │ │   │ │   ├── is-accessor-descriptor@1.0.0 
  │ │   │ │   └── is-data-descriptor@1.0.0 
  │ │   │ ├─┬ expand-brackets@2.1.4 
  │ │   │ │ ├── define-property@0.2.5 
  │ │   │ │ ├── extend-shallow@2.0.1 
  │ │   │ │ └── posix-character-classes@0.1.1 
  │ │   │ └── extend-shallow@2.0.1 
  │ │   ├── fragment-cache@0.2.1 
  │ │   ├── kind-of@6.0.2 
  │ │   ├─┬ nanomatch@1.2.13 
  │ │   │ └── is-windows@1.0.2 
  │ │   ├── object.pick@1.3.0 
  │ │   └── regex-not@1.0.2 
  │ ├── async-each@1.0.1 
  │ ├─┬ braces@2.3.2 
  │ │ ├── arr-flatten@1.1.0 
  │ │ ├── array-unique@0.3.2 
  │ │ ├─┬ extend-shallow@2.0.1 
  │ │ │ └── is-extendable@0.1.1 
  │ │ ├─┬ fill-range@4.0.0 
  │ │ │ ├── extend-shallow@2.0.1 
  │ │ │ ├─┬ is-number@3.0.0 
  │ │ │ │ └── kind-of@3.2.2 
  │ │ │ ├── repeat-string@1.6.1 
  │ │ │ └── to-regex-range@2.1.1 
  │ │ ├── isobject@3.0.1 
  │ │ ├── repeat-element@1.1.3 
  │ │ ├─┬ snapdragon@0.8.2 
  │ │ │ ├─┬ base@0.11.2 
  │ │ │ │ ├─┬ cache-base@1.0.1 
  │ │ │ │ │ ├─┬ collection-visit@1.0.0 
  │ │ │ │ │ │ ├── map-visit@1.0.0 
  │ │ │ │ │ │ └── object-visit@1.0.1 
  │ │ │ │ │ ├── get-value@2.0.6 
  │ │ │ │ │ ├─┬ has-value@1.0.0 
  │ │ │ │ │ │ └─┬ has-values@1.0.0 
  │ │ │ │ │ │   └── kind-of@4.0.0 
  │ │ │ │ │ ├─┬ set-value@2.0.0 
  │ │ │ │ │ │ └── extend-shallow@2.0.1 
  │ │ │ │ │ ├─┬ to-object-path@0.3.0 
  │ │ │ │ │ │ └── kind-of@3.2.2 
  │ │ │ │ │ ├─┬ union-value@1.0.0 
  │ │ │ │ │ │ └─┬ set-value@0.4.3 
  │ │ │ │ │ │   └── extend-shallow@2.0.1 
  │ │ │ │ │ └─┬ unset-value@1.0.0 
  │ │ │ │ │   └─┬ has-value@0.3.1 
  │ │ │ │ │     ├── has-values@0.1.4 
  │ │ │ │ │     └── isobject@2.1.0 
  │ │ │ │ ├─┬ class-utils@0.3.6 
  │ │ │ │ │ ├── arr-union@3.1.0 
  │ │ │ │ │ ├── define-property@0.2.5 
  │ │ │ │ │ └─┬ static-extend@0.1.2 
  │ │ │ │ │   ├── define-property@0.2.5 
  │ │ │ │ │   └─┬ object-copy@0.1.0 
  │ │ │ │ │     ├── copy-descriptor@0.1.1 
  │ │ │ │ │     ├── define-property@0.2.5 
  │ │ │ │ │     └── kind-of@3.2.2 
  │ │ │ │ ├── component-emitter@1.2.1 
  │ │ │ │ ├─┬ define-property@1.0.0 
  │ │ │ │ │ └─┬ is-descriptor@1.0.2 
  │ │ │ │ │   ├── is-accessor-descriptor@1.0.0 
  │ │ │ │ │   └── is-data-descriptor@1.0.0 
  │ │ │ │ ├─┬ mixin-deep@1.3.1 
  │ │ │ │ │ ├── for-in@1.0.2 
  │ │ │ │ │ └── is-extendable@1.0.1 
  │ │ │ │ └── pascalcase@0.1.1 
  │ │ │ ├─┬ define-property@0.2.5 
  │ │ │ │ └─┬ is-descriptor@0.1.6 
  │ │ │ │   ├─┬ is-accessor-descriptor@0.1.6 
  │ │ │ │   │ └── kind-of@3.2.2 
  │ │ │ │   ├─┬ is-data-descriptor@0.1.4 
  │ │ │ │   │ └── kind-of@3.2.2 
  │ │ │ │   └── kind-of@5.1.0 
  │ │ │ ├── extend-shallow@2.0.1 
  │ │ │ ├── map-cache@0.2.2 
  │ │ │ ├── source-map@0.5.7 
  │ │ │ ├─┬ source-map-resolve@0.5.2 
  │ │ │ │ ├── atob@2.1.2 
  │ │ │ │ ├── decode-uri-component@0.2.0 
  │ │ │ │ ├── resolve-url@0.2.1 
  │ │ │ │ ├── source-map-url@0.4.0 
  │ │ │ │ └── urix@0.1.0 
  │ │ │ └── use@3.1.1 
  │ │ ├─┬ snapdragon-node@2.1.1 
  │ │ │ ├─┬ define-property@1.0.0 
  │ │ │ │ └─┬ is-descriptor@1.0.2 
  │ │ │ │   ├── is-accessor-descriptor@1.0.0 
  │ │ │ │   └── is-data-descriptor@1.0.0 
  │ │ │ └─┬ snapdragon-util@3.0.1 
  │ │ │   └── kind-of@3.2.2 
  │ │ ├── split-string@3.1.0 
  │ │ └─┬ to-regex@3.0.2 
  │ │   └─┬ safe-regex@1.1.0 
  │ │     └── ret@0.1.15 
  │ ├─┬ glob-parent@3.1.0 
  │ │ ├── is-glob@3.1.0 
  │ │ └── path-dirname@1.0.2 
  │ ├── inherits@2.0.3 
  │ ├─┬ is-binary-path@1.0.1 
  │ │ └── binary-extensions@1.12.0 
  │ ├─┬ is-glob@4.0.0 
  │ │ └── is-extglob@2.1.1 
  │ ├── lodash.debounce@4.0.8 
  │ ├─┬ normalize-path@2.1.1 
  │ │ └── remove-trailing-separator@1.1.0 
  │ ├── path-is-absolute@1.0.1 
  │ ├─┬ readdirp@2.2.1 
  │ │ ├── graceful-fs@4.1.11 
  │ │ └─┬ readable-stream@2.3.6 
  │ │   ├── core-util-is@1.0.2 
  │ │   ├── isarray@1.0.0 
  │ │   ├── process-nextick-args@2.0.0 
  │ │   ├── string_decoder@1.1.1 
  │ │   └── util-deprecate@1.0.2 
  │ └── upath@1.1.0 
  ├─┬ cli-table-redemption@1.0.1 
  │ └─┬ chalk@1.1.3 
  │   ├── ansi-styles@2.2.1 
  │   ├─┬ has-ansi@2.0.0 
  │   │ └── ansi-regex@2.1.1 
  │   ├── strip-ansi@3.0.1 
  │   └── supports-color@2.0.0 
  ├── commander@2.15.1 
  ├─┬ cron@1.5.0 
  │ └── moment-timezone@0.5.23 
  ├── date-fns@1.29.0 
  ├─┬ debug@3.2.6 
  │ └── ms@2.1.1 
  ├── eventemitter2@5.0.1 
  ├── fclone@1.0.11 
  ├── gkt@1.0.0 
  ├─┬ mkdirp@0.5.1 
  │ └── minimist@0.0.8 
  ├── moment@2.22.2 
  ├─┬ needle@2.2.4 
  │ ├─┬ iconv-lite@0.4.23 
  │ │ └── safer-buffer@2.1.2 
  │ └── sax@1.2.4 
  ├─┬ nssocket@0.6.0 
  │ ├── eventemitter2@0.4.14 
  │ └── lazy@1.0.11 
  ├─┬ pidusage@2.0.17 
  │ └── safe-buffer@5.1.2 
  ├─┬ pm2-axon@3.3.0 
  │ ├── amp@0.3.1 
  │ ├── amp-message@0.1.2 
  │ ├─┬ debug@3.2.6 
  │ │ └── ms@2.1.1 
  │ └── escape-regexp@0.0.1 
  ├─┬ pm2-axon-rpc@0.5.1 
  │ └─┬ debug@3.2.6 
  │   └── ms@2.1.1 
  ├─┬ pm2-deploy@0.3.10 
  │ └── tv4@1.3.0 
  ├─┬ pm2-multimeter@0.1.2 
  │ └── charm@0.1.2 
  ├─┬ promptly@2.2.0 
  │ └─┬ read@1.0.7 
  │   └── mute-stream@0.0.7 
  ├── semver@5.6.0 
  ├─┬ shelljs@0.8.2 
  │ ├─┬ glob@7.1.3 
  │ │ ├── fs.realpath@1.0.0 
  │ │ ├─┬ inflight@1.0.6 
  │ │ │ └── wrappy@1.0.2 
  │ │ ├─┬ minimatch@3.0.4 
  │ │ │ └─┬ brace-expansion@1.1.11 
  │ │ │   ├── balanced-match@1.0.0 
  │ │ │   └── concat-map@0.0.1 
  │ │ └── once@1.4.0 
  │ ├── interpret@1.1.0 
  │ └─┬ rechoir@0.6.2 
  │   └─┬ resolve@1.8.1 
  │     └── path-parse@1.0.6 
  ├─┬ source-map-support@0.5.9 
  │ ├── buffer-from@1.1.1 
  │ └── source-map@0.6.1 
  ├── sprintf-js@1.1.1 
  ├── v8-compile-cache@2.0.2 
  ├─┬ vizion@2.0.2 
  │ ├── git-node-fs@1.0.0 
  │ ├── ini@1.3.5 
  │ ├─┬ js-git@0.7.8 
  │ │ ├── bodec@0.1.0 
  │ │ ├── culvert@0.1.2 
  │ │ ├── git-sha1@0.1.2 
  │ │ └── pako@0.2.9 
  │ ├── lodash.findindex@4.6.0 
  │ ├── lodash.foreach@4.5.0 
  │ ├── lodash.get@4.4.2 
  │ └── lodash.last@3.0.0 
  └─┬ yamljs@0.3.0 
    └─┬ argparse@1.0.10 
      └── sprintf-js@1.0.3 

npm WARN optional SKIPPING OPTIONAL DEPENDENCY: fsevents@^1.2.2 (node_modules/chokidar/node_modules/fsevents):
npm WARN notsup SKIPPING OPTIONAL DEPENDENCY: Unsupported platform for fsevents@1.2.4: wanted {"os":"darwin","arch":"any"} (current: {"os":"linux","arch":"x64"})
npm WARN enoent ENOENT: no such file or directory, open '/home/travis/cg/package.json'
npm WARN cg No description
npm WARN cg No repository field.
npm WARN cg No README data
npm WARN cg No license field.
### accessorInvokeSSH: Running npm update @terraswarm/accessors pm2 
### accessorInvokeSSH: Creating cg/top/invoke.js
### accessorInvokeSSH: Copying the accessor to cg/top
### accessorInvokeSSH: Creating the runit.sh command in cg/top
### accessorInvokeSSH: Invoking cg/top/runit.sh   on localhost
Running top.js *once* for 15000 ms.
commonHost.js: processCommandLineArguments(): Setting timeout to stop after 15000 ms.
commonHost.js: processCommandLineArguments(): Maximum time reached. Calling stopAllAccessors().
commonHost.js: invoking wrapup() for accessor: top
All initialized accessors have wrapped up. Terminating.
### accessorInvokeSSH: ssh cg/top/runit.sh returned.
All Done
11/01/18 02:36:06
Failed: 0  Total Tests: 2  ((Passed: 2, Newly Passed: 0)  Known Failed: 0) /home/travis/build/icyphy/ptII/ptolemy/cg/kernel/generic/accessor/test
No auto/knownFailedTests/*.xml tests in /home/travis/build/icyphy/ptII/ptolemy/cg/kernel/generic/accessor/test
No auto/linux-amd64/*.xml tests in /home/travis/build/icyphy/ptII/ptolemy/cg/kernel/generic/accessor/test
AutoTests.java: About to close Vertx.
AutoTests.java: Vertx closed.

===========================================================================================
----------------- testing Thu Nov 01 02:36:06 UTC 2018 /home/travis/build/icyphy/ptII/ptolemy/cg/kernel/generic/accessor/test/auto/AccessorStatusTest.xml
----------------- Instantiating /home/travis/build/icyphy/ptII/ptolemy/cg/kernel/generic/accessor/test/auto/AccessorStatusTest.xml
JSAccessor: PT_NO_NET environment variable is set, so git pull and ptdoc are not being run.
TextDisplayHelper: [ { utilization: 0,
    startMonitoringTime: 1541039784212,
    initialize: { count: 0, utilization: 0, latestStart: 0, latestEnd: 0 },
    react: { count: 0, utilization: 0, latestStart: 0, latestEnd: 0 },
    wrapup: { count: 0, utilization: 0, latestStart: 0, latestEnd: 0 },
    accessorName: 'monitor',
    currentMonitoringTime: 1541039785233,
    containedAccessors: [] },
  { utilization: 0.0019801980198019802,
    startMonitoringTime: 1541039784228,
    initialize: { count: 0, utilization: 0, latestStart: 0, latestEnd: 0 },
    react: 
     { count: 1,
       utilization: 0.0019801980198019802,
       latestStart: 1541039785202,
       latestEnd: 1541039785204 },
    wrapup: { count: 0, utilization: 0, latestStart: 0, latestEnd: 0 },
    accessorName: 'TestSpontaneous2',
    currentMonitoringTime: 1541039785238,
    containedAccessors: [] },
  { utilization: 0,
    startMonitoringTime: 1541039784242,
    initialize: { count: 0, utilization: 0, latestStart: 0, latestEnd: 0 },
    react: { count: 0, utilization: 0, latestStart: 0, latestEnd: 0 },
    wrapup: { count: 0, utilization: 0, latestStart: 0, latestEnd: 0 },
    accessorName: 'TextDisplay',
    currentMonitoringTime: 1541039785244,
    containedAccessors: [] },
  { utilization: 0.0010070493454179255,
    startMonitoringTime: 1541039784256,
    initialize: { count: 0, utilization: 0, latestStart: 0, latestEnd: 0 },
    react: 
     { count: 1,
       utilization: 0.0010070493454179255,
       latestStart: 1541039785223,
       latestEnd: 1541039785224 },
    wrapup: { count: 0, utilization: 0, latestStart: 0, latestEnd: 0 },
    accessorName: 'TestSpontaneous',
    currentMonitoringTime: 1541039785249,
    containedAccessors: [] },
  { utilization: 0,
    startMonitoringTime: 1541039784270,
    initialize: { count: 0, utilization: 0, latestStart: 0, latestEnd: 0 },
    react: { count: 0, utilization: 0, latestStart: 0, latestEnd: 0 },
    wrapup: { count: 0, utilization: 0, latestStart: 0, latestEnd: 0 },
    accessorName: 'JavaScriptRamp',
    currentMonitoringTime: 1541039785256,
    containedAccessors: [] },
  { utilization: 0.0020491803278688526,
    startMonitoringTime: 1541039784284,
    initialize: { count: 0, utilization: 0, latestStart: 0, latestEnd: 0 },
    react: 
     { count: 1,
       utilization: 0.0020491803278688526,
       latestStart: 1541039784317,
       latestEnd: 1541039784319 },
    wrapup: { count: 0, utilization: 0, latestStart: 0, latestEnd: 0 },
    accessorName: 'AccessorStatus',
    currentMonitoringTime: 1541039785260,
    containedAccessors: [] },
  { utilization: 0,
    startMonitoringTime: 1541039784297,
    initialize: { count: 0, utilization: 0, latestStart: 0, latestEnd: 0 },
    react: { count: 0, utilization: 0, latestStart: 0, latestEnd: 0 },
    wrapup: { count: 0, utilization: 0, latestStart: 0, latestEnd: 0 },
    accessorName: 'status',
    currentMonitoringTime: 1541039785267,
    containedAccessors: [] } ]
TextDisplayHelper: [ { accessorClass: 'https://accessors.org/utilities/TextDisplay.js',
    accessorName: 'monitor',
    initialized: true },
  { accessorClass: 'https://accessors.org/test/TestSpontaneous.js',
    accessorName: 'TestSpontaneous2',
    initialized: true },
  { accessorClass: 'https://accessors.org/utilities/TextDisplay.js',
    accessorName: 'TextDisplay',
    initialized: true },
  { accessorClass: 'https://accessors.org/test/TestSpontaneous.js',
    accessorName: 'TestSpontaneous',
    initialized: true },
  { accessorClass: 'JavaScript',
    accessorName: 'JavaScriptRamp',
    initialized: true },
  { accessorClass: 'https://accessors.org/trusted/AccessorStatus.js',
    accessorName: 'AccessorStatus',
    initialized: true },
  { accessorClass: 'https://accessors.org/utilities/TextDisplay.js',
    accessorName: 'status',
    initialized: true } ]
TextDisplayHelper: 1
TextDisplayHelper: [ { utilization: 0.10238215914850482,
    startMonitoringTime: 1541039784212,
    initialize: { count: 0, utilization: 0, latestStart: 0, latestEnd: 0 },
    react: 
     { count: 1,
       utilization: 0.10238215914850482,
       latestStart: 1541039785374,
       latestEnd: 1541039785576 },
    wrapup: { count: 0, utilization: 0, latestStart: 0, latestEnd: 0 },
    accessorName: 'monitor',
    currentMonitoringTime: 1541039786185,
    containedAccessors: [] },
  { utilization: 0.0014977902284610484,
    startMonitoringTime: 1541039784228,
    initialize: { count: 0, utilization: 0, latestStart: 0, latestEnd: 0 },
    react: 
     { count: 2,
       utilization: 0.0014977902284610484,
       latestStart: 1541039786182,
       latestEnd: 1541039786183 },
    wrapup: { count: 0, utilization: 0, latestStart: 0, latestEnd: 0 },
    accessorName: 'TestSpontaneous2',
    currentMonitoringTime: 1541039786186,
    containedAccessors: [] },
  { utilization: 0.021079691516709513,
    startMonitoringTime: 1541039784242,
    initialize: { count: 0, utilization: 0, latestStart: 0, latestEnd: 0 },
    react: 
     { count: 1,
       utilization: 0.021079691516709513,
       latestStart: 1541039785721,
       latestEnd: 1541039785762 },
    wrapup: { count: 0, utilization: 0, latestStart: 0, latestEnd: 0 },
    accessorName: 'TextDisplay',
    currentMonitoringTime: 1541039786187,
    containedAccessors: [] },
  { utilization: 0.0005056139867036057,
    startMonitoringTime: 1541039784256,
    initialize: { count: 0, utilization: 0, latestStart: 0, latestEnd: 0 },
    react: 
     { count: 2,
       utilization: 0.0005056139867036057,
       latestStart: 1541039786184,
       latestEnd: 1541039786184 },
    wrapup: { count: 0, utilization: 0, latestStart: 0, latestEnd: 0 },
    accessorName: 'TestSpontaneous',
    currentMonitoringTime: 1541039786188,
    containedAccessors: [] },
  { utilization: 0.007816571130797291,
    startMonitoringTime: 1541039784270,
    initialize: { count: 0, utilization: 0, latestStart: 0, latestEnd: 0 },
    react: 
     { count: 1,
       utilization: 0.007816571130797291,
       latestStart: 1541039785346,
       latestEnd: 1541039785361 },
    wrapup: { count: 0, utilization: 0, latestStart: 0, latestEnd: 0 },
    accessorName: 'JavaScriptRamp',
    currentMonitoringTime: 1541039786189,
    containedAccessors: [] },
  { utilization: 0.019974670152925186,
    startMonitoringTime: 1541039784284,
    initialize: { count: 0, utilization: 0, latestStart: 0, latestEnd: 0 },
    react: 
     { count: 2,
       utilization: 0.019974670152925186,
       latestStart: 1541039785296,
       latestEnd: 1541039785334 },
    wrapup: { count: 0, utilization: 0, latestStart: 0, latestEnd: 0 },
    accessorName: 'AccessorStatus',
    currentMonitoringTime: 1541039786190,
    containedAccessors: [] },
  { utilization: 0.05071315372424723,
    startMonitoringTime: 1541039784297,
    initialize: { count: 0, utilization: 0, latestStart: 0, latestEnd: 0 },
    react: 
     { count: 1,
       utilization: 0.05071315372424723,
       latestStart: 1541039785612,
       latestEnd: 1541039785708 },
    wrapup: { count: 0, utilization: 0, latestStart: 0, latestEnd: 0 },
    accessorName: 'status',
    currentMonitoringTime: 1541039786190,
    containedAccessors: [] } ]
TextDisplayHelper: [ { accessorClass: 'https://accessors.org/utilities/TextDisplay.js',
    accessorName: 'monitor',
    initialized: true },
  { accessorClass: 'https://accessors.org/test/TestSpontaneous.js',
    accessorName: 'TestSpontaneous2',
    initialized: true },
  { accessorClass: 'https://accessors.org/utilities/TextDisplay.js',
    accessorName: 'TextDisplay',
    initialized: true },
  { accessorClass: 'https://accessors.org/test/TestSpontaneous.js',
    accessorName: 'TestSpontaneous',
    initialized: true },
  { accessorClass: 'JavaScript',
    accessorName: 'JavaScriptRamp',
    initialized: true },
  { accessorClass: 'https://accessors.org/trusted/AccessorStatus.js',
    accessorName: 'AccessorStatus',
    initialized: true },
  { accessorClass: 'https://accessors.org/utilities/TextDisplay.js',
    accessorName: 'status',
    initialized: true } ]
TextDisplayHelper: 2
TextDisplayHelper: [ { utilization: 0.05939786989864175,
    startMonitoringTime: 1541039784212,
    initialize: { count: 0, utilization: 0, latestStart: 0, latestEnd: 0 },
    react: 
     { count: 2,
       utilization: 0.05939786989864175,
       latestStart: 1541039786206,
       latestEnd: 1541039786243 },
    wrapup: { count: 0, utilization: 0, latestStart: 0, latestEnd: 0 },
    accessorName: 'monitor',
    currentMonitoringTime: 1541039787186,
    containedAccessors: [] },
  { utilization: 0.0009912592744215807,
    startMonitoringTime: 1541039784228,
    initialize: { count: 0, utilization: 0, latestStart: 0, latestEnd: 0 },
    react: 
     { count: 3,
       utilization: 0.0009912592744215807,
       latestStart: 1541039787182,
       latestEnd: 1541039787182 },
    wrapup: { count: 0, utilization: 0, latestStart: 0, latestEnd: 0 },
    accessorName: 'TestSpontaneous2',
    currentMonitoringTime: 1541039787186,
    containedAccessors: [] },
  { utilization: 0.012921579859170673,
    startMonitoringTime: 1541039784242,
    initialize: { count: 0, utilization: 0, latestStart: 0, latestEnd: 0 },
    react: 
     { count: 2,
       utilization: 0.012921579859170673,
       latestStart: 1541039786265,
       latestEnd: 1541039786271 },
    wrapup: { count: 0, utilization: 0, latestStart: 0, latestEnd: 0 },
    accessorName: 'TextDisplay',
    currentMonitoringTime: 1541039787186,
    containedAccessors: [] },
  { utilization: 0.0003328179468639644,
    startMonitoringTime: 1541039784256,
    initialize: { count: 0, utilization: 0, latestStart: 0, latestEnd: 0 },
    react: 
     { count: 3,
       utilization: 0.0003328179468639644,
       latestStart: 1541039787185,
       latestEnd: 1541039787185 },
    wrapup: { count: 0, utilization: 0, latestStart: 0, latestEnd: 0 },
    accessorName: 'TestSpontaneous',
    currentMonitoringTime: 1541039787186,
    containedAccessors: [] },
  { utilization: 0.0032674482522976143,
    startMonitoringTime: 1541039784270,
    initialize: { count: 0, utilization: 0, latestStart: 0, latestEnd: 0 },
    react: 
     { count: 2,
       utilization: 0.0032674482522976143,
       latestStart: 1541039786204,
       latestEnd: 1541039786205 },
    wrapup: { count: 0, utilization: 0, latestStart: 0, latestEnd: 0 },
    accessorName: 'JavaScriptRamp',
    currentMonitoringTime: 1541039787186,
    containedAccessors: [] },
  { utilization: 0.008605583618391264,
    startMonitoringTime: 1541039784284,
    initialize: { count: 0, utilization: 0, latestStart: 0, latestEnd: 0 },
    react: 
     { count: 3,
       utilization: 0.008605583618391264,
       latestStart: 1541039786199,
       latestEnd: 1541039786203 },
    wrapup: { count: 0, utilization: 0, latestStart: 0, latestEnd: 0 },
    accessorName: 'AccessorStatus',
    currentMonitoringTime: 1541039787186,
    containedAccessors: [] },
  { utilization: 0.03168036674910479,
    startMonitoringTime: 1541039784297,
    initialize: { count: 0, utilization: 0, latestStart: 0, latestEnd: 0 },
    react: 
     { count: 2,
       utilization: 0.03168036674910479,
       latestStart: 1541039786245,
       latestEnd: 1541039786265 },
    wrapup: { count: 0, utilization: 0, latestStart: 0, latestEnd: 0 },
    accessorName: 'status',
    currentMonitoringTime: 1541039787187,
    containedAccessors: [] } ]
TextDisplayHelper: [ { accessorClass: 'https://accessors.org/utilities/TextDisplay.js',
    accessorName: 'monitor',
    initialized: true },
  { accessorClass: 'https://accessors.org/test/TestSpontaneous.js',
    accessorName: 'TestSpontaneous2',
    initialized: true },
  { accessorClass: 'https://accessors.org/utilities/TextDisplay.js',
    accessorName: 'TextDisplay',
    initialized: true },
  { accessorClass: 'https://accessors.org/test/TestSpontaneous.js',
    accessorName: 'TestSpontaneous',
    initialized: true },
  { accessorClass: 'JavaScript',
    accessorName: 'JavaScriptRamp',
    initialized: true },
  { accessorClass: 'https://accessors.org/trusted/AccessorStatus.js',
    accessorName: 'AccessorStatus',
    initialized: true },
  { accessorClass: 'https://accessors.org/utilities/TextDisplay.js',
    accessorName: 'status',
    initialized: true } ]
TextDisplayHelper: 3
TextDisplayHelper: [ { utilization: 0.043967037704970145,
    startMonitoringTime: 1541039784212,
    initialize: { count: 0, utilization: 0, latestStart: 0, latestEnd: 0 },
    react: 
     { count: 3,
       utilization: 0.043967037704970145,
       latestStart: 1541039787208,
       latestEnd: 1541039787262 },
    wrapup: { count: 0, utilization: 0, latestStart: 0, latestEnd: 0 },
    accessorName: 'monitor',
    currentMonitoringTime: 1541039788184,
    containedAccessors: [] },
  { utilization: 0.0007405614306123797,
    startMonitoringTime: 1541039784228,
    initialize: { count: 0, utilization: 0, latestStart: 0, latestEnd: 0 },
    react: 
     { count: 4,
       utilization: 0.0007405614306123797,
       latestStart: 1541039788182,
       latestEnd: 1541039788182 },
    wrapup: { count: 0, utilization: 0, latestStart: 0, latestEnd: 0 },
    accessorName: 'TestSpontaneous2',
    currentMonitoringTime: 1541039788185,
    containedAccessors: [] },
  { utilization: 0.007410064807065,
    startMonitoringTime: 1541039784242,
    initialize: { count: 0, utilization: 0, latestStart: 0, latestEnd: 0 },
    react: 
     { count: 3,
       utilization: 0.007410064807065,
       latestStart: 1541039787284,
       latestEnd: 1541039787287 },
    wrapup: { count: 0, utilization: 0, latestStart: 0, latestEnd: 0 },
    accessorName: 'TextDisplay',
    currentMonitoringTime: 1541039788185,
    containedAccessors: [] },
  { utilization: 0.0002481730566101201,
    startMonitoringTime: 1541039784256,
    initialize: { count: 0, utilization: 0, latestStart: 0, latestEnd: 0 },
    react: 
     { count: 4,
       utilization: 0.0002481730566101201,
       latestStart: 1541039788184,
       latestEnd: 1541039788184 },
    wrapup: { count: 0, utilization: 0, latestStart: 0, latestEnd: 0 },
    accessorName: 'TestSpontaneous',
    currentMonitoringTime: 1541039788185,
    containedAccessors: [] },
  { utilization: 0.0018703735295519496,
    startMonitoringTime: 1541039784270,
    initialize: { count: 0, utilization: 0, latestStart: 0, latestEnd: 0 },
    react: 
     { count: 3,
       utilization: 0.0018703735295519496,
       latestStart: 1541039787207,
       latestEnd: 1541039787208 },
    wrapup: { count: 0, utilization: 0, latestStart: 0, latestEnd: 0 },
    accessorName: 'JavaScriptRamp',
    currentMonitoringTime: 1541039788185,
    containedAccessors: [] },
  { utilization: 0.00782212636854469,
    startMonitoringTime: 1541039784284,
    initialize: { count: 0, utilization: 0, latestStart: 0, latestEnd: 0 },
    react: 
     { count: 4,
       utilization: 0.00782212636854469,
       latestStart: 1541039787193,
       latestEnd: 1541039787207 },
    wrapup: { count: 0, utilization: 0, latestStart: 0, latestEnd: 0 },
    accessorName: 'AccessorStatus',
    currentMonitoringTime: 1541039788185,
    containedAccessors: [] },
  { utilization: 0.021179774115802012,
    startMonitoringTime: 1541039784297,
    initialize: { count: 0, utilization: 0, latestStart: 0, latestEnd: 0 },
    react: 
     { count: 3,
       utilization: 0.021179774115802012,
       latestStart: 1541039787263,
       latestEnd: 1541039787283 },
    wrapup: { count: 0, utilization: 0, latestStart: 0, latestEnd: 0 },
    accessorName: 'status',
    currentMonitoringTime: 1541039788185,
    containedAccessors: [] } ]
TextDisplayHelper: [ { accessorClass: 'https://accessors.org/utilities/TextDisplay.js',
    accessorName: 'monitor',
    initialized: true },
  { accessorClass: 'https://accessors.org/test/TestSpontaneous.js',
    accessorName: 'TestSpontaneous2',
    initialized: true },
  { accessorClass: 'https://accessors.org/utilities/TextDisplay.js',
    accessorName: 'TextDisplay',
    initialized: true },
  { accessorClass: 'https://accessors.org/test/TestSpontaneous.js',
    accessorName: 'TestSpontaneous',
    initialized: true },
  { accessorClass: 'JavaScript',
    accessorName: 'JavaScriptRamp',
    initialized: true },
  { accessorClass: 'https://accessors.org/trusted/AccessorStatus.js',
    accessorName: 'AccessorStatus',
    initialized: true },
  { accessorClass: 'https://accessors.org/utilities/TextDisplay.js',
    accessorName: 'status',
    initialized: true } ]
TextDisplayHelper: 4
TextDisplayHelper: [ { utilization: 0.04004414018506817,
    startMonitoringTime: 1541039784212,
    initialize: { count: 0, utilization: 0, latestStart: 0, latestEnd: 0 },
    react: 
     { count: 4,
       utilization: 0.04004414018506817,
       latestStart: 1541039788200,
       latestEnd: 1541039788265 },
    wrapup: { count: 0, utilization: 0, latestStart: 0, latestEnd: 0 },
    accessorName: 'monitor',
    currentMonitoringTime: 1541039789184,
    containedAccessors: [] },
  { utilization: 0.0005910738588295012,
    startMonitoringTime: 1541039784228,
    initialize: { count: 0, utilization: 0, latestStart: 0, latestEnd: 0 },
    react: 
     { count: 5,
       utilization: 0.0005910738588295012,
       latestStart: 1541039789182,
       latestEnd: 1541039789182 },
    wrapup: { count: 0, utilization: 0, latestStart: 0, latestEnd: 0 },
    accessorName: 'TestSpontaneous2',
    currentMonitoringTime: 1541039789184,
    containedAccessors: [] },
  { utilization: 0.004969380404109432,
    startMonitoringTime: 1541039784242,
    initialize: { count: 0, utilization: 0, latestStart: 0, latestEnd: 0 },
    react: 
     { count: 4,
       utilization: 0.004969380404109432,
       latestStart: 1541039788295,
       latestEnd: 1541039788297 },
    wrapup: { count: 0, utilization: 0, latestStart: 0, latestEnd: 0 },
    accessorName: 'TextDisplay',
    currentMonitoringTime: 1541039789185,
    containedAccessors: [] },
  { utilization: 0.00040065404065014234,
    startMonitoringTime: 1541039784256,
    initialize: { count: 0, utilization: 0, latestStart: 0, latestEnd: 0 },
    react: 
     { count: 5,
       utilization: 0.00040065404065014234,
       latestStart: 1541039789183,
       latestEnd: 1541039789184 },
    wrapup: { count: 0, utilization: 0, latestStart: 0, latestEnd: 0 },
    accessorName: 'TestSpontaneous',
    currentMonitoringTime: 1541039789185,
    containedAccessors: [] },
  { utilization: 0.0013214969338400057,
    startMonitoringTime: 1541039784270,
    initialize: { count: 0, utilization: 0, latestStart: 0, latestEnd: 0 },
    react: 
     { count: 4,
       utilization: 0.0013214969338400057,
       latestStart: 1541039788199,
       latestEnd: 1541039788200 },
    wrapup: { count: 0, utilization: 0, latestStart: 0, latestEnd: 0 },
    accessorName: 'JavaScriptRamp',
    currentMonitoringTime: 1541039789185,
    containedAccessors: [] },
  { utilization: 0.005889425703990233,
    startMonitoringTime: 1541039784284,
    initialize: { count: 0, utilization: 0, latestStart: 0, latestEnd: 0 },
    react: 
     { count: 5,
       utilization: 0.005889425703990233,
       latestStart: 1541039788192,
       latestEnd: 1541039788198 },
    wrapup: { count: 0, utilization: 0, latestStart: 0, latestEnd: 0 },
    accessorName: 'AccessorStatus',
    currentMonitoringTime: 1541039789185,
    containedAccessors: [] },
  { utilization: 0.01641292810590812,
    startMonitoringTime: 1541039784297,
    initialize: { count: 0, utilization: 0, latestStart: 0, latestEnd: 0 },
    react: 
     { count: 4,
       utilization: 0.01641292810590812,
       latestStart: 1541039788277,
       latestEnd: 1541039788294 },
    wrapup: { count: 0, utilization: 0, latestStart: 0, latestEnd: 0 },
    accessorName: 'status',
    currentMonitoringTime: 1541039789186,
    containedAccessors: [] } ]
TextDisplayHelper: [ { accessorClass: 'https://accessors.org/utilities/TextDisplay.js',
    accessorName: 'monitor',
    initialized: true },
  { accessorClass: 'https://accessors.org/test/TestSpontaneous.js',
    accessorName: 'TestSpontaneous2',
    initialized: true },
  { accessorClass: 'https://accessors.org/utilities/TextDisplay.js',
    accessorName: 'TextDisplay',
    initialized: true },
  { accessorClass: 'https://accessors.org/test/TestSpontaneous.js',
    accessorName: 'TestSpontaneous',
    initialized: true },
  { accessorClass: 'JavaScript',
    accessorName: 'JavaScriptRamp',
    initialized: true },
  { accessorClass: 'https://accessors.org/trusted/AccessorStatus.js',
    accessorName: 'AccessorStatus',
    initialized: true },
  { accessorClass: 'https://accessors.org/utilities/TextDisplay.js',
    accessorName: 'status',
    initialized: true } ]
TextDisplayHelper: 5
AccessorStatus: *** Final monitoring information: (Thread[AccessorStatusTest,1,main])
AccessorStatus: { utilization: 0.04528533924302056,
  startMonitoringTime: 1541039784212,
  initialize: { count: 0, utilization: 0, latestStart: 0, latestEnd: 0 },
  react: 
   { count: 5,
     utilization: 0.04394382908587223,
     latestStart: 1541039789196,
     latestEnd: 1541039789263 },
  wrapup: 
   { count: 2,
     utilization: 0.0013415101571483327,
     latestStart: 1541039789291,
     latestEnd: 1541039789298 },
  accessorName: 'monitor',
  currentMonitoringTime: 1541039789430,
  containedAccessors: [] } (Thread[AccessorStatusTest,1,main])
AccessorStatus: { utilization: 0.00208584216974131,
  startMonitoringTime: 1541039784228,
  initialize: { count: 0, utilization: 0, latestStart: 0, latestEnd: 0 },
  react: 
   { count: 5,
     utilization: 0.0005910738588295012,
     latestStart: 1541039789182,
     latestEnd: 1541039789182 },
  wrapup: 
   { count: 2,
     utilization: 0.0014947683109118087,
     latestStart: 1541039789313,
     latestEnd: 1541039789321 },
  accessorName: 'TestSpontaneous2',
  currentMonitoringTime: 1541039789580,
  containedAccessors: [] } (Thread[AccessorStatusTest,1,main])
AccessorStatus: { utilization: 0.007655969774635116,
  startMonitoringTime: 1541039784242,
  initialize: { count: 0, utilization: 0, latestStart: 0, latestEnd: 0 },
  react: 
   { count: 5,
     utilization: 0.005423411635100232,
     latestStart: 1541039789278,
     latestEnd: 1541039789287 },
  wrapup: 
   { count: 2,
     utilization: 0.0022325581395348836,
     latestStart: 1541039789336,
     latestEnd: 1541039789348 },
  accessorName: 'TextDisplay',
  currentMonitoringTime: 1541039789617,
  containedAccessors: [] } (Thread[AccessorStatusTest,1,main])
AccessorStatus: { utilization: 0.002775611327585524,
  startMonitoringTime: 1541039784256,
  initialize: { count: 0, utilization: 0, latestStart: 0, latestEnd: 0 },
  react: 
   { count: 5,
     utilization: 0.00036597277336865644,
     latestStart: 1541039789183,
     latestEnd: 1541039789184 },
  wrapup: 
   { count: 2,
     utilization: 0.0024096385542168677,
     latestStart: 1541039789354,
     latestEnd: 1541039789367 },
  accessorName: 'TestSpontaneous',
  currentMonitoringTime: 1541039789651,
  containedAccessors: [] } (Thread[AccessorStatusTest,1,main])
AccessorStatus: { utilization: 0.003353019342055146,
  startMonitoringTime: 1541039784270,
  initialize: { count: 0, utilization: 0, latestStart: 0, latestEnd: 0 },
  react: 
   { count: 5,
     utilization: 0.0011414454386272064,
     latestStart: 1541039789194,
     latestEnd: 1541039789195 },
  wrapup: 
   { count: 2,
     utilization: 0.0022115739034279398,
     latestStart: 1541039789373,
     latestEnd: 1541039789385 },
  accessorName: 'JavaScriptRamp',
  currentMonitoringTime: 1541039789696,
  containedAccessors: [] } (Thread[AccessorStatusTest,1,main])
AccessorStatus: { utilization: 0.062463377340718086,
  startMonitoringTime: 1541039784284,
  initialize: { count: 0, utilization: 0, latestStart: 0, latestEnd: 0 },
  react: 
   { count: 6,
     utilization: 0.004799412712862522,
     latestStart: 1541039789190,
     latestEnd: 1541039789193 },
  wrapup: 
   { count: 1,
     utilization: 0.057663964627855564,
     latestStart: 1541039789399,
     latestEnd: 0 },
  accessorName: 'AccessorStatus',
  currentMonitoringTime: 1541039789712,
  containedAccessors: [] } (Thread[AccessorStatusTest,1,main])
AccessorStatus: { utilization: 0.014435716003547245,
  startMonitoringTime: 1541039784297,
  initialize: { count: 0, utilization: 0, latestStart: 0, latestEnd: 0 },
  react: 
   { count: 5,
     utilization: 0.014435716003547245,
     latestStart: 1541039789264,
     latestEnd: 1541039789277 },
  wrapup: { count: 0, utilization: 0, latestStart: 0, latestEnd: 0 },
  accessorName: 'status',
  currentMonitoringTime: 1541039789742,
  containedAccessors: [] } (Thread[AccessorStatusTest,1,main])
14469 ms. Memory: 791552K Free: 525292K (66%)
----------------- Invoking toplevel() on ptolemy.moml.MoMLSimpleApplication@6e547a50
----------------- Done invoking toplevel() on ptolemy.moml.MoMLSimpleApplication@6e547a50
reloadAllAccessors: .AccessorStatusTest
This is the first time that the reloadAllAccessors method has been invoked in this JVM, so the the accessors repo will be checked out or updated and JSDoc invoked. Note that running the tests may end up invoking a new JVM for each directory, so the repo may be checked out or updated and JSDoc invoked more than once when the tests are run.
-------------- Reloaded accessors, but skipping rerun for now. Thu Nov 01 02:36:32 UTC 2018 /home/travis/build/icyphy/ptII/ptolemy/cg/kernel/generic/accessor/test/auto/AccessorStatusTest.xml

===========================================================================================
----------------- testing Thu Nov 01 02:36:32 UTC 2018 /home/travis/build/icyphy/ptII/ptolemy/cg/kernel/generic/accessor/test/auto/RampJSDisplay.xml
----------------- Instantiating /home/travis/build/icyphy/ptII/ptolemy/cg/kernel/generic/accessor/test/auto/RampJSDisplay.xml
TextDisplayHelper: 1
TextDisplayHelper: 2
TextDisplayHelper: 3
TextDisplayHelper: 4
TextDisplayHelper: 5
8263 ms. Memory: 1052160K Free: 575492K (55%)
----------------- Invoking toplevel() on ptolemy.moml.MoMLSimpleApplication@5dc3eed9
----------------- Done invoking toplevel() on ptolemy.moml.MoMLSimpleApplication@5dc3eed9
reloadAllAccessors: .RampJSDisplay
-------------- Reloaded accessors, but skipping rerun for now. Thu Nov 01 02:36:43 UTC 2018 /home/travis/build/icyphy/ptII/ptolemy/cg/kernel/generic/accessor/test/auto/RampJSDisplay.xml

===========================================================================================
----------------- testing Thu Nov 01 02:36:43 UTC 2018 /home/travis/build/icyphy/ptII/ptolemy/cg/kernel/generic/accessor/test/auto/RampJSInspect.xml
----------------- Instantiating /home/travis/build/icyphy/ptII/ptolemy/cg/kernel/generic/accessor/test/auto/RampJSInspect.xml
8769 ms. Memory: 1326080K Free: 785416K (59%)
----------------- Invoking toplevel() on ptolemy.moml.MoMLSimpleApplication@36368eec
----------------- Done invoking toplevel() on ptolemy.moml.MoMLSimpleApplication@36368eec
reloadAllAccessors: .RampJSInspect
-------------- Reloaded accessors, but skipping rerun for now. Thu Nov 01 02:36:56 UTC 2018 /home/travis/build/icyphy/ptII/ptolemy/cg/kernel/generic/accessor/test/auto/RampJSInspect.xml

===========================================================================================
----------------- testing Thu Nov 01 02:36:56 UTC 2018 /home/travis/build/icyphy/ptII/ptolemy/cg/kernel/generic/accessor/test/auto/RampJSTest.xml
----------------- Instantiating /home/travis/build/icyphy/ptII/ptolemy/cg/kernel/generic/accessor/test/auto/RampJSTest.xml
7307 ms. Memory: 1335808K Free: 270763K (20%)
----------------- Invoking toplevel() on ptolemy.moml.MoMLSimpleApplication@42e996c9
----------------- Done invoking toplevel() on ptolemy.moml.MoMLSimpleApplication@42e996c9
reloadAllAccessors: .RampJSTest
-------------- Reloaded accessors, but skipping rerun for now. Thu Nov 01 02:37:07 UTC 2018 /home/travis/build/icyphy/ptII/ptolemy/cg/kernel/generic/accessor/test/auto/RampJSTest.xml

===========================================================================================
----------------- testing Thu Nov 01 02:37:07 UTC 2018 /home/travis/build/icyphy/ptII/ptolemy/cg/kernel/generic/accessor/test/auto/RampJSTextDisplay.xml
----------------- Instantiating /home/travis/build/icyphy/ptII/ptolemy/cg/kernel/generic/accessor/test/auto/RampJSTextDisplay.xml
TextDisplayHelper: 1
TextDisplayHelper: 2
TextDisplayHelper: 3
TextDisplayHelper: 4
TextDisplayHelper: 5
9497 ms. Memory: 1682432K Free: 1147199K (68%)
----------------- Invoking toplevel() on ptolemy.moml.MoMLSimpleApplication@144bd17
----------------- Done invoking toplevel() on ptolemy.moml.MoMLSimpleApplication@144bd17
reloadAllAccessors: .RampJSTextDisplay
-------------- Reloaded accessors, but skipping rerun for now. Thu Nov 01 02:37:20 UTC 2018 /home/travis/build/icyphy/ptII/ptolemy/cg/kernel/generic/accessor/test/auto/RampJSTextDisplay.xml

===========================================================================================
----------------- testing Thu Nov 01 02:37:20 UTC 2018 /home/travis/build/icyphy/ptII/ptolemy/cg/kernel/generic/accessor/test/auto/TestComposite.xml
----------------- Instantiating /home/travis/build/icyphy/ptII/ptolemy/cg/kernel/generic/accessor/test/auto/TestComposite.xml
1531 ms. Memory: 1682432K Free: 149475K (9%)
----------------- Invoking toplevel() on ptolemy.moml.MoMLSimpleApplication@779b86fc
----------------- Done invoking toplevel() on ptolemy.moml.MoMLSimpleApplication@779b86fc
reloadAllAccessors: .TestComposite
-------------- Reloaded accessors, but skipping rerun for now. Thu Nov 01 02:37:24 UTC 2018 /home/travis/build/icyphy/ptII/ptolemy/cg/kernel/generic/accessor/test/auto/TestComposite.xml
AutoTests.java: About to close Vertx.
AutoTests.java: Vertx closed.
]]></system-out>
  <system-err><![CDATA[WARNING: TestSpontaneous2: Model stopped before executing actions (e.g. producing outputs) scheduled for execution at times [6.0]
WARNING: TestSpontaneous: Model stopped before executing actions (e.g. producing outputs) scheduled for execution at times [6.0]
WARNING: AccessorStatus: Model stopped before executing actions (e.g. producing outputs) scheduled for execution at times [6.0]
WARNING: TestSpontaneous: Model stopped before executing actions (e.g. producing outputs) scheduled for execution at times [6.0]
WARNING: TestSpontaneous: Model stopped before executing actions (e.g. producing outputs) scheduled for execution at times [5.0]
WARNING: TestSpontaneous: Model stopped before executing actions (e.g. producing outputs) scheduled for execution at times [5.0]
WARNING: TestSpontaneous: Model stopped before executing actions (e.g. producing outputs) scheduled for execution at times [6.0]
]]></system-err>
</testsuite>
