<?xml version="1.0" encoding="UTF-8" ?>
<testsuite errors="0" failures="0" hostname="travis-job-96c4a6ed-69a4-4f45-9116-c38ac51066d5" name="ptolemy.domains.de.test.junit.JUnitTclTest" skipped="0" tests="101" time="120.928" timestamp="2022-06-06T02:09:23">
  <properties>
[...]
</properties>
  <testcase classname="ptolemy.util.test.junit.TclTests" name="[0] /home/travis/build/icyphy/ptII/ptolemy/domains/de/test/DependencyLoop.tcl (RunTclFile)" time="1.001" />
  <testcase classname="ptolemy.util.test.junit.TclTests" name="[1] /home/travis/build/icyphy/ptII/ptolemy/domains/de/test/RunDETestsAsQSS.tcl (RunTclFile)" time="81.958" />
  <testcase classname="ptolemy.util.test.junit.AutoKnownFailedTests" name="[0] /home/travis/build/icyphy/ptII/ptolemy/domains/de/test/auto/knownFailedTests/DESDFClockTest.xml (RunModel)" time="2.043" />
  <testcase classname="ptolemy.util.test.junit.AutoKnownFailedTests" name="[1] /home/travis/build/icyphy/ptII/ptolemy/domains/de/test/auto/knownFailedTests/DirectFeedback.xml (RunModel)" time="0.011" />
  <testcase classname="ptolemy.util.test.junit.AutoKnownFailedTests" name="[2] /home/travis/build/icyphy/ptII/ptolemy/domains/de/test/auto/knownFailedTests/FSMSource.xml (RunModel)" time="0.025" />
  <testcase classname="ptolemy.util.test.junit.AutoKnownFailedTests" name="[3] /home/travis/build/icyphy/ptII/ptolemy/domains/de/test/auto/knownFailedTests/HierarchicalModel.xml (RunModel)" time="0.06" />
  <testcase classname="ptolemy.util.test.junit.AutoKnownFailedTests" name="[4] /home/travis/build/icyphy/ptII/ptolemy/domains/de/test/auto/knownFailedTests/dependencyLoop.xml (RunModel)" time="0.032" />
  <testcase classname="ptolemy.util.test.junit.AutoKnownFailedTests" name="[5] /home/travis/build/icyphy/ptII/ptolemy/domains/de/test/auto/knownFailedTests/dependencyLoop2.xml (RunModel)" time="0.045" />
  <testcase classname="ptolemy.util.test.junit.AutoNameArchTests" name="[0] ThereAreNoAutoArchTests (RunModel)" time="0.007" />
  <testcase classname="ptolemy.util.test.junit.AutoTests" name="[0] /home/travis/build/icyphy/ptII/ptolemy/domains/de/test/auto/ActorDepthCalculation_actorWithoutPorts.xml (RunModel)" time="0.018" />
  <testcase classname="ptolemy.util.test.junit.AutoTests" name="[1] /home/travis/build/icyphy/ptII/ptolemy/domains/de/test/auto/AssemblyLine.xml (RunModel)" time="0.021" />
  <testcase classname="ptolemy.util.test.junit.AutoTests" name="[2] /home/travis/build/icyphy/ptII/ptolemy/domains/de/test/auto/CQBug1.xml (RunModel)" time="0.009" />
  <testcase classname="ptolemy.util.test.junit.AutoTests" name="[3] /home/travis/build/icyphy/ptII/ptolemy/domains/de/test/auto/CancelFireAt.xml (RunModel)" time="0.01" />
  <testcase classname="ptolemy.util.test.junit.AutoTests" name="[4] /home/travis/build/icyphy/ptII/ptolemy/domains/de/test/auto/CausalityAndComposabilityAnalysis.xml (RunModel)" time="0.011" />
  <testcase classname="ptolemy.util.test.junit.AutoTests" name="[5] /home/travis/build/icyphy/ptII/ptolemy/domains/de/test/auto/CausalityInterface1.xml (RunModel)" time="0.014" />
  <testcase classname="ptolemy.util.test.junit.AutoTests" name="[6] /home/travis/build/icyphy/ptII/ptolemy/domains/de/test/auto/CausalityInterface15.xml (RunModel)" time="0.011" />
  <testcase classname="ptolemy.util.test.junit.AutoTests" name="[7] /home/travis/build/icyphy/ptII/ptolemy/domains/de/test/auto/CausalityInterface2.xml (RunModel)" time="0.012" />
  <testcase classname="ptolemy.util.test.junit.AutoTests" name="[8] /home/travis/build/icyphy/ptII/ptolemy/domains/de/test/auto/CausalityInterface3.xml (RunModel)" time="0.012" />
  <testcase classname="ptolemy.util.test.junit.AutoTests" name="[9] /home/travis/build/icyphy/ptII/ptolemy/domains/de/test/auto/ClockDrift.xml (RunModel)" time="0.04" />
  <testcase classname="ptolemy.util.test.junit.AutoTests" name="[10] /home/travis/build/icyphy/ptII/ptolemy/domains/de/test/auto/ClockDriftAndValueChange.xml (RunModel)" time="0.029" />
  <testcase classname="ptolemy.util.test.junit.AutoTests" name="[11] /home/travis/build/icyphy/ptII/ptolemy/domains/de/test/auto/ClockDriftChange.xml (RunModel)" time="0.028" />
  <testcase classname="ptolemy.util.test.junit.AutoTests" name="[12] /home/travis/build/icyphy/ptII/ptolemy/domains/de/test/auto/ComposableCausalityAnalysis.xml (RunModel)" time="0.013" />
  <testcase classname="ptolemy.util.test.junit.AutoTests" name="[13] /home/travis/build/icyphy/ptII/ptolemy/domains/de/test/auto/DEFixedPointLimitation.xml (RunModel)" time="0.012" />
  <testcase classname="ptolemy.util.test.junit.AutoTests" name="[14] /home/travis/build/icyphy/ptII/ptolemy/domains/de/test/auto/DEScheduleTest.xml (RunModel)" time="0.014" />
  <testcase classname="ptolemy.util.test.junit.AutoTests" name="[15] /home/travis/build/icyphy/ptII/ptolemy/domains/de/test/auto/DEinDEwithStartTimes.xml (RunModel)" time="0.014" />
  <testcase classname="ptolemy.util.test.junit.AutoTests" name="[16] /home/travis/build/icyphy/ptII/ptolemy/domains/de/test/auto/DEinDEwithStartTimes2.xml (RunModel)" time="0.016" />
  <testcase classname="ptolemy.util.test.junit.AutoTests" name="[17] /home/travis/build/icyphy/ptII/ptolemy/domains/de/test/auto/DateDemo.xml (RunModel)" time="0.031" />
  <testcase classname="ptolemy.util.test.junit.AutoTests" name="[18] /home/travis/build/icyphy/ptII/ptolemy/domains/de/test/auto/DateToEvent.xml (RunModel)" time="2.041" />
  <testcase classname="ptolemy.util.test.junit.AutoTests" name="[19] /home/travis/build/icyphy/ptII/ptolemy/domains/de/test/auto/DepthTest1.xml (RunModel)" time="0.007" />
  <testcase classname="ptolemy.util.test.junit.AutoTests" name="[20] /home/travis/build/icyphy/ptII/ptolemy/domains/de/test/auto/DepthTest2.xml (RunModel)" time="0.016" />
  <testcase classname="ptolemy.util.test.junit.AutoTests" name="[21] /home/travis/build/icyphy/ptII/ptolemy/domains/de/test/auto/DepthTest3.xml (RunModel)" time="0.013" />
  <testcase classname="ptolemy.util.test.junit.AutoTests" name="[22] /home/travis/build/icyphy/ptII/ptolemy/domains/de/test/auto/DepthTest4.xml (RunModel)" time="0.015" />
  <testcase classname="ptolemy.util.test.junit.AutoTests" name="[23] /home/travis/build/icyphy/ptII/ptolemy/domains/de/test/auto/DepthTest5.xml (RunModel)" time="0.014" />
  <testcase classname="ptolemy.util.test.junit.AutoTests" name="[24] /home/travis/build/icyphy/ptII/ptolemy/domains/de/test/auto/DepthTest6.xml (RunModel)" time="0.023" />
  <testcase classname="ptolemy.util.test.junit.AutoTests" name="[25] /home/travis/build/icyphy/ptII/ptolemy/domains/de/test/auto/DepthTest7.xml (RunModel)" time="0.013" />
  <testcase classname="ptolemy.util.test.junit.AutoTests" name="[26] /home/travis/build/icyphy/ptII/ptolemy/domains/de/test/auto/EventToDate.xml (RunModel)" time="3.04" />
  <testcase classname="ptolemy.util.test.junit.AutoTests" name="[27] /home/travis/build/icyphy/ptII/ptolemy/domains/de/test/auto/FSM1.xml (RunModel)" time="0.034" />
  <testcase classname="ptolemy.util.test.junit.AutoTests" name="[28] /home/travis/build/icyphy/ptII/ptolemy/domains/de/test/auto/FSM7.xml (RunModel)" time="0.055" />
  <testcase classname="ptolemy.util.test.junit.AutoTests" name="[29] /home/travis/build/icyphy/ptII/ptolemy/domains/de/test/auto/Inspection.xml (RunModel)" time="0.045" />
  <testcase classname="ptolemy.util.test.junit.AutoTests" name="[30] /home/travis/build/icyphy/ptII/ptolemy/domains/de/test/auto/Iteration.xml (RunModel)" time="0.022" />
  <testcase classname="ptolemy.util.test.junit.AutoTests" name="[31] /home/travis/build/icyphy/ptII/ptolemy/domains/de/test/auto/LineFault.xml (RunModel)" time="0.562" />
  <testcase classname="ptolemy.util.test.junit.AutoTests" name="[32] /home/travis/build/icyphy/ptII/ptolemy/domains/de/test/auto/MergeModel1Add.xml (RunModel)" time="0.048" />
  <testcase classname="ptolemy.util.test.junit.AutoTests" name="[33] /home/travis/build/icyphy/ptII/ptolemy/domains/de/test/auto/MergeModel2Add.xml (RunModel)" time="0.03" />
  <testcase classname="ptolemy.util.test.junit.AutoTests" name="[34] /home/travis/build/icyphy/ptII/ptolemy/domains/de/test/auto/MergeModel3Add.xml (RunModel)" time="0.033" />
  <testcase classname="ptolemy.util.test.junit.AutoTests" name="[35] /home/travis/build/icyphy/ptII/ptolemy/domains/de/test/auto/MergeWithoutDiscard.xml (RunModel)" time="0.009" />
  <testcase classname="ptolemy.util.test.junit.AutoTests" name="[36] /home/travis/build/icyphy/ptII/ptolemy/domains/de/test/auto/Modal1.xml (RunModel)" time="0.024" />
  <testcase classname="ptolemy.util.test.junit.AutoTests" name="[37] /home/travis/build/icyphy/ptII/ptolemy/domains/de/test/auto/Modal2.xml (RunModel)" time="0.031" />
  <testcase classname="ptolemy.util.test.junit.AutoTests" name="[38] /home/travis/build/icyphy/ptII/ptolemy/domains/de/test/auto/Modal3.xml (RunModel)" time="0.026" />
  <testcase classname="ptolemy.util.test.junit.AutoTests" name="[39] /home/travis/build/icyphy/ptII/ptolemy/domains/de/test/auto/Modal4.xml (RunModel)" time="0.031" />
  <testcase classname="ptolemy.util.test.junit.AutoTests" name="[40] /home/travis/build/icyphy/ptII/ptolemy/domains/de/test/auto/Modal5.xml (RunModel)" time="0.027" />
  <testcase classname="ptolemy.util.test.junit.AutoTests" name="[41] /home/travis/build/icyphy/ptII/ptolemy/domains/de/test/auto/Modal6.xml (RunModel)" time="0.03" />
  <testcase classname="ptolemy.util.test.junit.AutoTests" name="[42] /home/travis/build/icyphy/ptII/ptolemy/domains/de/test/auto/Modal7.xml (RunModel)" time="0.032" />
  <testcase classname="ptolemy.util.test.junit.AutoTests" name="[43] /home/travis/build/icyphy/ptII/ptolemy/domains/de/test/auto/ModalModel.xml (RunModel)" time="0.163" />
  <testcase classname="ptolemy.util.test.junit.AutoTests" name="[44] /home/travis/build/icyphy/ptII/ptolemy/domains/de/test/auto/ModalSource.xml (RunModel)" time="0.021" />
  <testcase classname="ptolemy.util.test.junit.AutoTests" name="[45] /home/travis/build/icyphy/ptII/ptolemy/domains/de/test/auto/NonInterruptibleTimerZeroDelay.xml (RunModel)" time="0.008" />
  <testcase classname="ptolemy.util.test.junit.AutoTests" name="[46] /home/travis/build/icyphy/ptII/ptolemy/domains/de/test/auto/OpenQueueingNetwork.xml (RunModel)" time="2.291" />
  <testcase classname="ptolemy.util.test.junit.AutoTests" name="[47] /home/travis/build/icyphy/ptII/ptolemy/domains/de/test/auto/OpenQueuingNetwork.xml (RunModel)" time="0.281" />
  <testcase classname="ptolemy.util.test.junit.AutoTests" name="[48] /home/travis/build/icyphy/ptII/ptolemy/domains/de/test/auto/PeriodicSampler.xml (RunModel)" time="0.012" />
  <testcase classname="ptolemy.util.test.junit.AutoTests" name="[49] /home/travis/build/icyphy/ptII/ptolemy/domains/de/test/auto/PersistentIO.xml (RunModel)" time="0.019" />
  <testcase classname="ptolemy.util.test.junit.AutoTests" name="[50] /home/travis/build/icyphy/ptII/ptolemy/domains/de/test/auto/PortParameterResetOnInitialize.xml (RunModel)" time="0.008" />
  <testcase classname="ptolemy.util.test.junit.AutoTests" name="[51] /home/travis/build/icyphy/ptII/ptolemy/domains/de/test/auto/PortParameterUpdates.xml (RunModel)" time="0.016" />
  <testcase classname="ptolemy.util.test.junit.AutoTests" name="[52] /home/travis/build/icyphy/ptII/ptolemy/domains/de/test/auto/QueueAndServer.xml (RunModel)" time="0.018" />
  <testcase classname="ptolemy.util.test.junit.AutoTests" name="[53] /home/travis/build/icyphy/ptII/ptolemy/domains/de/test/auto/Records.xml (RunModel)" time="0.014" />
  <testcase classname="ptolemy.util.test.junit.AutoTests" name="[54] /home/travis/build/icyphy/ptII/ptolemy/domains/de/test/auto/ResetTransitionWithStartTime1.xml (RunModel)" time="0.018" />
  <testcase classname="ptolemy.util.test.junit.AutoTests" name="[55] /home/travis/build/icyphy/ptII/ptolemy/domains/de/test/auto/ResetTransitionWithStartTime2.xml (RunModel)" time="0.015" />
  <testcase classname="ptolemy.util.test.junit.AutoTests" name="[56] /home/travis/build/icyphy/ptII/ptolemy/domains/de/test/auto/ResetTransitionWithStartTime3.xml (RunModel)" time="0.018" />
  <testcase classname="ptolemy.util.test.junit.AutoTests" name="[57] /home/travis/build/icyphy/ptII/ptolemy/domains/de/test/auto/ResetTransitionWithStartTime4.xml (RunModel)" time="0.016" />
  <testcase classname="ptolemy.util.test.junit.AutoTests" name="[58] /home/travis/build/icyphy/ptII/ptolemy/domains/de/test/auto/ResettableTimer1.xml (RunModel)" time="0.008" />
  <testcase classname="ptolemy.util.test.junit.AutoTests" name="[59] /home/travis/build/icyphy/ptII/ptolemy/domains/de/test/auto/ResettableTimer2.xml (RunModel)" time="0.008" />
  <testcase classname="ptolemy.util.test.junit.AutoTests" name="[60] /home/travis/build/icyphy/ptII/ptolemy/domains/de/test/auto/ResettableTimer3.xml (RunModel)" time="0.008" />
  <testcase classname="ptolemy.util.test.junit.AutoTests" name="[61] /home/travis/build/icyphy/ptII/ptolemy/domains/de/test/auto/ResettableTimer4.xml (RunModel)" time="0.007" />
  <testcase classname="ptolemy.util.test.junit.AutoTests" name="[62] /home/travis/build/icyphy/ptII/ptolemy/domains/de/test/auto/ResettableTimer5.xml (RunModel)" time="0.009" />
  <testcase classname="ptolemy.util.test.junit.AutoTests" name="[63] /home/travis/build/icyphy/ptII/ptolemy/domains/de/test/auto/ResettableTimer6.xml (RunModel)" time="0.016" />
  <testcase classname="ptolemy.util.test.junit.AutoTests" name="[64] /home/travis/build/icyphy/ptII/ptolemy/domains/de/test/auto/ServerZeroDelay.xml (RunModel)" time="0.009" />
  <testcase classname="ptolemy.util.test.junit.AutoTests" name="[65] /home/travis/build/icyphy/ptII/ptolemy/domains/de/test/auto/SmartSender.xml (RunModel)" time="3.009" />
  <testcase classname="ptolemy.util.test.junit.AutoTests" name="[66] /home/travis/build/icyphy/ptII/ptolemy/domains/de/test/auto/ThreadedComposite.xml (RunModel)" time="0.118" />
  <testcase classname="ptolemy.util.test.junit.AutoTests" name="[67] /home/travis/build/icyphy/ptII/ptolemy/domains/de/test/auto/Time.xml (RunModel)" time="0.33" />
  <testcase classname="ptolemy.util.test.junit.AutoTests" name="[68] /home/travis/build/icyphy/ptII/ptolemy/domains/de/test/auto/TimeDelayZeroDelay.xml (RunModel)" time="0.012" />
  <testcase classname="ptolemy.util.test.junit.AutoTests" name="[69] /home/travis/build/icyphy/ptII/ptolemy/domains/de/test/auto/TimerZeroDelay.xml (RunModel)" time="0.01" />
  <testcase classname="ptolemy.util.test.junit.AutoTests" name="[70] /home/travis/build/icyphy/ptII/ptolemy/domains/de/test/auto/TimingParadox.xml (RunModel)" time="0.302" />
  <testcase classname="ptolemy.util.test.junit.AutoTests" name="[71] /home/travis/build/icyphy/ptII/ptolemy/domains/de/test/auto/TransferInputs.xml (RunModel)" time="0.01" />
  <testcase classname="ptolemy.util.test.junit.AutoTests" name="[72] /home/travis/build/icyphy/ptII/ptolemy/domains/de/test/auto/TransferOutputs2.xml (RunModel)" time="0.014" />
  <testcase classname="ptolemy.util.test.junit.AutoTests" name="[73] /home/travis/build/icyphy/ptII/ptolemy/domains/de/test/auto/Trilateration.xml (RunModel)" time="9.922" />
  <testcase classname="ptolemy.util.test.junit.AutoTests" name="[74] /home/travis/build/icyphy/ptII/ptolemy/domains/de/test/auto/TwoSigmaDelta.xml (RunModel)" time="1.881" />
  <testcase classname="ptolemy.util.test.junit.AutoTests" name="[75] /home/travis/build/icyphy/ptII/ptolemy/domains/de/test/auto/VariableDelay.xml (RunModel)" time="0.012" />
  <testcase classname="ptolemy.util.test.junit.AutoTests" name="[76] /home/travis/build/icyphy/ptII/ptolemy/domains/de/test/auto/VariableDelay2.xml (RunModel)" time="0.014" />
  <testcase classname="ptolemy.util.test.junit.AutoTests" name="[77] /home/travis/build/icyphy/ptII/ptolemy/domains/de/test/auto/VariableDelayZeroDelay.xml (RunModel)" time="0.013" />
  <testcase classname="ptolemy.util.test.junit.AutoTests" name="[78] /home/travis/build/icyphy/ptII/ptolemy/domains/de/test/auto/VariableDelayZeroDelay2.xml (RunModel)" time="0.024" />
  <testcase classname="ptolemy.util.test.junit.AutoTests" name="[79] /home/travis/build/icyphy/ptII/ptolemy/domains/de/test/auto/deInCt.xml (RunModel)" time="0.014" />
  <testcase classname="ptolemy.util.test.junit.AutoTests" name="[80] /home/travis/build/icyphy/ptII/ptolemy/domains/de/test/auto/deInCt2.xml (RunModel)" time="0.023" />
  <testcase classname="ptolemy.util.test.junit.AutoTests" name="[81] /home/travis/build/icyphy/ptII/ptolemy/domains/de/test/auto/dynamicCausalityInterface1.xml (RunModel)" time="0.016" />
  <testcase classname="ptolemy.util.test.junit.AutoTests" name="[82] /home/travis/build/icyphy/ptII/ptolemy/domains/de/test/auto/fsm_de_test.xml (RunModel)" time="0.02" />
  <testcase classname="ptolemy.util.test.junit.AutoTests" name="[83] /home/travis/build/icyphy/ptII/ptolemy/domains/de/test/auto/functionDependencyReconstruction.xml (RunModel)" time="0.032" />
  <testcase classname="ptolemy.util.test.junit.AutoTests" name="[84] /home/travis/build/icyphy/ptII/ptolemy/domains/de/test/auto/multirate.xml (RunModel)" time="0.014" />
  <testcase classname="ptolemy.util.test.junit.AutoTests" name="[85] /home/travis/build/icyphy/ptII/ptolemy/domains/de/test/auto/multirate2.xml (RunModel)" time="0.017" />
  <testcase classname="ptolemy.util.test.junit.AutoTests" name="[86] /home/travis/build/icyphy/ptII/ptolemy/domains/de/test/auto/realtime.xml (RunModel)" time="10.01" />
  <testcase classname="ptolemy.util.test.junit.AutoTests" name="[87] /home/travis/build/icyphy/ptII/ptolemy/domains/de/test/auto/relationGroup.xml (RunModel)" time="0.013" />
  <testcase classname="ptolemy.util.test.junit.AutoTests" name="[88] /home/travis/build/icyphy/ptII/ptolemy/domains/de/test/auto/relationGroup2.xml (RunModel)" time="0.007" />
  <testcase classname="ptolemy.util.test.junit.AutoTests" name="[89] /home/travis/build/icyphy/ptII/ptolemy/domains/de/test/auto/sortWithOpaquePorts.xml (RunModel)" time="0.013" />
  <testcase classname="ptolemy.util.test.junit.AutoTests" name="[90] /home/travis/build/icyphy/ptII/ptolemy/domains/de/test/auto/transferInputsandOutputs.xml (RunModel)" time="0.019" />
  <testcase classname="ptolemy.util.test.junit.AutoTests" name="[91] /home/travis/build/icyphy/ptII/ptolemy/domains/de/test/auto/triggerType.xml (RunModel)" time="0.011" />
  <system-out><![CDATA[/home/travis/build/icyphy/ptII/ptolemy/domains/de/test/DependencyLoop.tcl
testDefs.tcl: setting time out to 9000 seconds at Mon Jun 06 02:09:23 UTC 2022
55 ms. Memory: 129024K Free: 78235K (61%)
19 ms. Memory: 129024K Free: 60797K (47%)
/home/travis/build/icyphy/ptII/ptolemy/domains/de/test/RunDETestsAsQSS.tcl
Run the DE tests using ptolemy.domains.qss.test.QSSDirectorTest, which extends QSSDirector and prints a message in the constructors.
------------------ testing $PTII/ptolemy/domains/de/test/auto/knownFailedTests/dependencyLoop2.xml (Known Failure) 
8 ms. Memory: 129024K Free: 57755K (45%)


==== $PTIIhome/travis/build/icyphy/ptII/ptolemy/domains/de/test/../../../../: Auto Automatic test in file $PTII/ptolemy/domains/de/test/auto/knownFailedTests/dependencyLoop2.xml
==== Contents of test case:

	    # FIXME: we should use $relativeFilename here, but it
	    # might have backslashes under Windows, which causes no end
	    # of trouble.
	    createAndExecute $file
	    list {}
	
.... Test generated KNOWN error:
    while executing
ptolemy.kernel.util.IllegalActionException: Found a zero delay loop containing .dependencyLoop2.original
  in .dependencyLoop2 and .dependencyLoop2.original
	at ptolemy.actor.util.CausalityInterfaceForComposites._computeOutputPortDepth(CausalityInterfaceForComposites.java:759)
	at ptolemy.actor.util.CausalityInterfaceForComposites._computeInputDepth(CausalityInterfaceForComposites.java:696)
	at ptolemy.actor.util.CausalityInterfaceForComposites._computeOutputPortDepth(CausalityInterfaceForComposites.java:765)
	at ptolemy.actor.util.CausalityInterfaceForComposites._computeInputDepth(CausalityInterfaceForComposites.java:696)
	at ptolemy.actor.util.CausalityInterfaceForComposites._computeOutputPortDepth(CausalityInterfaceForComposites.java:765)
	at ptolemy.actor.util.CausalityInterfaceForComposites._computeInputDepth(CausalityInterfaceForComposites.java:696)
	at ptolemy.actor.util.CausalityInterfaceForComposites._computeActorDepth(CausalityInterfaceForComposites.java:532)
	at ptolemy.actor.util.CausalityInterfaceForComposites.checkForCycles(CausalityInterfaceForComposites.java:96)
	at ptolemy.domains.de.kernel.DEDirector.preinitialize(DEDirector.java:1338)
	at ptolemy.actor.CompositeActor.preinitialize(CompositeActor.java:1828)
	at ptolemy.actor.Manager.preinitializeAndResolveTypes(Manager.java:1040)
	at ptolemy.actor.Manager.initialize(Manager.java:710)
	at ptolemy.actor.Manager.execute(Manager.java:356)
	at ptolemy.actor.Manager.run(Manager.java:1263)
	at ptolemy.actor.Manager$PtolemyRunThread.run(Manager.java:1933)

    while executing
ptolemy.kernel.util.IllegalActionException: Found a zero delay loop containing .dependencyLoop2.original
  in .dependencyLoop2 and .dependencyLoop2.original
    while executing
"java::new ptolemy.moml.MoMLSimpleApplication $file
"
    (procedure "createAndExecute" line 2)
    invoked from within
"createAndExecute $file"
    ("uplevel" body line 5)
    invoked from within
"uplevel $contents_of_test"
------------------ testing $PTII/ptolemy/domains/de/test/auto/knownFailedTests/dependencyLoop.xml (Known Failure) 
14 ms. Memory: 129024K Free: 54173K (42%)


==== $PTIIhome/travis/build/icyphy/ptII/ptolemy/domains/de/test/../../../../: Auto Automatic test in file $PTII/ptolemy/domains/de/test/auto/knownFailedTests/dependencyLoop.xml
==== Contents of test case:

	    # FIXME: we should use $relativeFilename here, but it
	    # might have backslashes under Windows, which causes no end
	    # of trouble.
	    createAndExecute $file
	    list {}
	
.... Test generated KNOWN error:
    while executing
ptolemy.kernel.util.IllegalActionException: Found a zero delay loop containing .dependencyLoop.original
  in .dependencyLoop and .dependencyLoop.original
	at ptolemy.actor.util.CausalityInterfaceForComposites._computeOutputPortDepth(CausalityInterfaceForComposites.java:759)
	at ptolemy.actor.util.CausalityInterfaceForComposites._computeInputDepth(CausalityInterfaceForComposites.java:696)
	at ptolemy.actor.util.CausalityInterfaceForComposites._computeOutputPortDepth(CausalityInterfaceForComposites.java:765)
	at ptolemy.actor.util.CausalityInterfaceForComposites._computeInputDepth(CausalityInterfaceForComposites.java:696)
	at ptolemy.actor.util.CausalityInterfaceForComposites._computeOutputPortDepth(CausalityInterfaceForComposites.java:765)
	at ptolemy.actor.util.CausalityInterfaceForComposites._computeInputDepth(CausalityInterfaceForComposites.java:696)
	at ptolemy.actor.util.CausalityInterfaceForComposites._computeActorDepth(CausalityInterfaceForComposites.java:532)
	at ptolemy.actor.util.CausalityInterfaceForComposites.checkForCycles(CausalityInterfaceForComposites.java:96)
	at ptolemy.domains.de.kernel.DEDirector.preinitialize(DEDirector.java:1338)
	at ptolemy.actor.CompositeActor.preinitialize(CompositeActor.java:1828)
	at ptolemy.actor.Manager.preinitializeAndResolveTypes(Manager.java:1040)
	at ptolemy.actor.Manager.initialize(Manager.java:710)
	at ptolemy.actor.Manager.execute(Manager.java:356)
	at ptolemy.actor.Manager.run(Manager.java:1263)
	at ptolemy.actor.Manager$PtolemyRunThread.run(Manager.java:1933)

    while executing
ptolemy.kernel.util.IllegalActionException: Found a zero delay loop containing .dependencyLoop.original
  in .dependencyLoop and .dependencyLoop.original
    while executing
"java::new ptolemy.moml.MoMLSimpleApplication $file
"
    (procedure "createAndExecute" line 2)
    invoked from within
"createAndExecute $file"
    ("uplevel" body line 5)
    invoked from within
"uplevel $contents_of_test"
------------------ testing $PTII/ptolemy/domains/de/test/auto/knownFailedTests/DirectFeedback.xml (Known Failure) 
48 ms. Memory: 129024K Free: 49053K (38%)


==== $PTIIhome/travis/build/icyphy/ptII/ptolemy/domains/de/test/../../../../: Auto Automatic test in file $PTII/ptolemy/domains/de/test/auto/knownFailedTests/DirectFeedback.xml
==== Contents of test case:

	    # FIXME: we should use $relativeFilename here, but it
	    # might have backslashes under Windows, which causes no end
	    # of trouble.
	    createAndExecute $file
	    list {}
	
.... Test generated KNOWN error:
    while executing
ptolemy.kernel.util.IllegalActionException: Test fails in iteration 1.
Value was: 1.0. Should have been: 2.0
  in .DirectFeedback.Test
	at ptolemy.actor.lib.Test.fire(Test.java:268)
	at ptolemy.domains.de.kernel.DEDirector._fire(DEDirector.java:1949)
	at ptolemy.domains.de.kernel.DEDirector.fire(DEDirector.java:502)
	at ptolemy.actor.CompositeActor.fire(CompositeActor.java:455)
	at ptolemy.actor.Manager.iterate(Manager.java:851)
	at ptolemy.actor.Manager.execute(Manager.java:369)
	at ptolemy.actor.Manager.run(Manager.java:1263)
	at ptolemy.actor.Manager$PtolemyRunThread.run(Manager.java:1933)

    while executing
ptolemy.kernel.util.IllegalActionException: Test fails in iteration 1.
Value was: 1.0. Should have been: 2.0
  in .DirectFeedback.Test
    while executing
"java::new ptolemy.moml.MoMLSimpleApplication $file
"
    (procedure "createAndExecute" line 2)
    invoked from within
"createAndExecute $file"
    ("uplevel" body line 5)
    invoked from within
"uplevel $contents_of_test"
------------------ testing $PTII/ptolemy/domains/de/test/auto/knownFailedTests/HierarchicalModel.xml (Known Failure) 
6 ms. Memory: 129024K Free: 98319K (76%)


==== $PTIIhome/travis/build/icyphy/ptII/ptolemy/domains/de/test/../../../../: Auto Automatic test in file $PTII/ptolemy/domains/de/test/auto/knownFailedTests/HierarchicalModel.xml
==== Contents of test case:

	    # FIXME: we should use $relativeFilename here, but it
	    # might have backslashes under Windows, which causes no end
	    # of trouble.
	    createAndExecute $file
	    list {}
	
.... Test generated KNOWN error:
    while executing
ptolemy.kernel.util.IllegalActionException: Found a zero delay loop containing .HierarchicalModel.A
  in .HierarchicalModel and .HierarchicalModel.A
	at ptolemy.actor.util.CausalityInterfaceForComposites._computeOutputPortDepth(CausalityInterfaceForComposites.java:759)
	at ptolemy.actor.util.CausalityInterfaceForComposites._computeInputDepth(CausalityInterfaceForComposites.java:696)
	at ptolemy.actor.util.CausalityInterfaceForComposites._computeOutputPortDepth(CausalityInterfaceForComposites.java:765)
	at ptolemy.actor.util.CausalityInterfaceForComposites._computeInputDepth(CausalityInterfaceForComposites.java:696)
	at ptolemy.actor.util.CausalityInterfaceForComposites._computeOutputPortDepth(CausalityInterfaceForComposites.java:765)
	at ptolemy.actor.util.CausalityInterfaceForComposites._computeInputDepth(CausalityInterfaceForComposites.java:696)
	at ptolemy.actor.util.CausalityInterfaceForComposites._computeActorDepth(CausalityInterfaceForComposites.java:532)
	at ptolemy.actor.util.CausalityInterfaceForComposites.checkForCycles(CausalityInterfaceForComposites.java:96)
	at ptolemy.domains.de.kernel.DEDirector.preinitialize(DEDirector.java:1338)
	at ptolemy.actor.CompositeActor.preinitialize(CompositeActor.java:1828)
	at ptolemy.actor.Manager.preinitializeAndResolveTypes(Manager.java:1040)
	at ptolemy.actor.Manager.initialize(Manager.java:710)
	at ptolemy.actor.Manager.execute(Manager.java:356)
	at ptolemy.actor.Manager.run(Manager.java:1263)
	at ptolemy.actor.Manager$PtolemyRunThread.run(Manager.java:1933)

    while executing
ptolemy.kernel.util.IllegalActionException: Found a zero delay loop containing .HierarchicalModel.A
  in .HierarchicalModel and .HierarchicalModel.A
    while executing
"java::new ptolemy.moml.MoMLSimpleApplication $file
"
    (procedure "createAndExecute" line 2)
    invoked from within
"createAndExecute $file"
    ("uplevel" body line 5)
    invoked from within
"uplevel $contents_of_test"
------------------ testing $PTII/ptolemy/domains/de/test/auto/knownFailedTests/FSMSource.xml (Known Failure) 
54 ms. Memory: 129024K Free: 89599K (69%)
!!!! Auto was marked as failing, but now passes
------------------ testing $PTII/ptolemy/domains/de/test/auto/knownFailedTests/DESDFClockTest.xml (Known Failure) 
2054 ms. Memory: 129024K Free: 77325K (60%)


==== $PTIIhome/travis/build/icyphy/ptII/ptolemy/domains/de/test/../../../../: Auto Automatic test in file $PTII/ptolemy/domains/de/test/auto/knownFailedTests/DESDFClockTest.xml
==== Contents of test case:

	    # FIXME: we should use $relativeFilename here, but it
	    # might have backslashes under Windows, which causes no end
	    # of trouble.
	    createAndExecute $file
	    list {}
	
.... Test generated KNOWN error:
    while executing
ptolemy.kernel.util.IllegalActionException: Actor is not ready to fire.  Perhaps UpSample.prefire() returned false? Try debugging the actor by selecting "Listen to Actor".  Also, for SDF check moml for tokenConsumptionRate on input.
  in .DESDFClockTest.Play Bell.Copy1:SDF Director and .DESDFClockTest.Play Bell.UpSample
	at ptolemy.actor.sched.StaticSchedulingDirector.fire(StaticSchedulingDirector.java:227)
	at ptolemy.domains.sdf.kernel.SDFDirector.fire(SDFDirector.java:500)
	at ptolemy.actor.CompositeActor.fire(CompositeActor.java:455)
	at ptolemy.domains.de.kernel.DEDirector._fire(DEDirector.java:1949)
	at ptolemy.domains.de.kernel.DEDirector.fire(DEDirector.java:502)
	at ptolemy.actor.CompositeActor.fire(CompositeActor.java:455)
	at ptolemy.actor.Manager.iterate(Manager.java:851)
	at ptolemy.actor.Manager.execute(Manager.java:369)
	at ptolemy.actor.Manager.run(Manager.java:1263)
	at ptolemy.actor.Manager$PtolemyRunThread.run(Manager.java:1933)

    while executing
ptolemy.kernel.util.IllegalActionException: Actor is not ready to fire.  Perhaps UpSample.prefire() returned false? Try debugging the actor by selecting "Listen to Actor".  Also, for SDF check moml for tokenConsumptionRate on input.
  in .DESDFClockTest.Play Bell.Copy1:SDF Director and .DESDFClockTest.Play Bell.UpSample
    while executing
"java::new ptolemy.moml.MoMLSimpleApplication $file
"
    (procedure "createAndExecute" line 2)
    invoked from within
"createAndExecute $file"
    ("uplevel" body line 5)
    invoked from within
"uplevel $contents_of_test"
------------------ testing $PTII/ptolemy/domains/de/test/auto/ActorDepthCalculation_actorWithoutPorts.xml
auto.tcl: Setting watchdog for 200 seconds at Mon Jun 06 02:09:26 UTC 2022
14 ms. Memory: 129024K Free: 70143K (54%)
ptolemy.util.test.WatchDog.cancel(): canceling Mon Jun 06 02:09:26 UTC 2022
auto.tcl: Setting watchdog for 200 seconds at Mon Jun 06 02:09:26 UTC 2022
4 ms. Memory: 129024K Free: 68623K (53%)
ptolemy.util.test.WatchDog.cancel(): canceling Mon Jun 06 02:09:26 UTC 2022
------------------ testing $PTII/ptolemy/domains/de/test/auto/AssemblyLine.xml
auto.tcl: Setting watchdog for 200 seconds at Mon Jun 06 02:09:27 UTC 2022
9 ms. Memory: 51200K Free: 27945K (55%)
ptolemy.util.test.WatchDog.cancel(): canceling Mon Jun 06 02:09:27 UTC 2022
auto.tcl: Setting watchdog for 200 seconds at Mon Jun 06 02:09:27 UTC 2022
14 ms. Memory: 51200K Free: 26967K (53%)
ptolemy.util.test.WatchDog.cancel(): canceling Mon Jun 06 02:09:27 UTC 2022
------------------ testing $PTII/ptolemy/domains/de/test/auto/CQBug1.xml
auto.tcl: Setting watchdog for 200 seconds at Mon Jun 06 02:09:27 UTC 2022
2 ms. Memory: 51200K Free: 33569K (66%)
ptolemy.util.test.WatchDog.cancel(): canceling Mon Jun 06 02:09:27 UTC 2022
auto.tcl: Setting watchdog for 200 seconds at Mon Jun 06 02:09:27 UTC 2022
2 ms. Memory: 51200K Free: 33112K (65%)
ptolemy.util.test.WatchDog.cancel(): canceling Mon Jun 06 02:09:27 UTC 2022
------------------ testing $PTII/ptolemy/domains/de/test/auto/CancelFireAt.xml
auto.tcl: Setting watchdog for 200 seconds at Mon Jun 06 02:09:27 UTC 2022
12 ms. Memory: 51200K Free: 34444K (67%)
ptolemy.util.test.WatchDog.cancel(): canceling Mon Jun 06 02:09:27 UTC 2022
auto.tcl: Setting watchdog for 200 seconds at Mon Jun 06 02:09:27 UTC 2022
1 ms. Memory: 51200K Free: 33860K (66%)
ptolemy.util.test.WatchDog.cancel(): canceling Mon Jun 06 02:09:27 UTC 2022
------------------ testing $PTII/ptolemy/domains/de/test/auto/CausalityAndComposabilityAnalysis.xml
auto.tcl: Setting watchdog for 200 seconds at Mon Jun 06 02:09:27 UTC 2022
12 ms. Memory: 51200K Free: 32174K (63%)
ptolemy.util.test.WatchDog.cancel(): canceling Mon Jun 06 02:09:27 UTC 2022
auto.tcl: Setting watchdog for 200 seconds at Mon Jun 06 02:09:27 UTC 2022
7 ms. Memory: 51200K Free: 31719K (62%)
ptolemy.util.test.WatchDog.cancel(): canceling Mon Jun 06 02:09:27 UTC 2022
------------------ testing $PTII/ptolemy/domains/de/test/auto/CausalityInterface1.xml
auto.tcl: Setting watchdog for 200 seconds at Mon Jun 06 02:09:27 UTC 2022
28 ms. Memory: 51200K Free: 31105K (61%)
ptolemy.util.test.WatchDog.cancel(): canceling Mon Jun 06 02:09:27 UTC 2022
auto.tcl: Setting watchdog for 200 seconds at Mon Jun 06 02:09:27 UTC 2022
3 ms. Memory: 51200K Free: 30137K (59%)
ptolemy.util.test.WatchDog.cancel(): canceling Mon Jun 06 02:09:27 UTC 2022
------------------ testing $PTII/ptolemy/domains/de/test/auto/CausalityInterface15.xml
auto.tcl: Setting watchdog for 200 seconds at Mon Jun 06 02:09:27 UTC 2022
4 ms. Memory: 51200K Free: 31283K (61%)
ptolemy.util.test.WatchDog.cancel(): canceling Mon Jun 06 02:09:27 UTC 2022
auto.tcl: Setting watchdog for 200 seconds at Mon Jun 06 02:09:27 UTC 2022
6 ms. Memory: 51200K Free: 30077K (59%)
ptolemy.util.test.WatchDog.cancel(): canceling Mon Jun 06 02:09:27 UTC 2022
------------------ testing $PTII/ptolemy/domains/de/test/auto/CausalityInterface2.xml
auto.tcl: Setting watchdog for 200 seconds at Mon Jun 06 02:09:27 UTC 2022
3 ms. Memory: 51200K Free: 31782K (62%)
ptolemy.util.test.WatchDog.cancel(): canceling Mon Jun 06 02:09:27 UTC 2022
auto.tcl: Setting watchdog for 200 seconds at Mon Jun 06 02:09:27 UTC 2022
3 ms. Memory: 51200K Free: 31104K (61%)
ptolemy.util.test.WatchDog.cancel(): canceling Mon Jun 06 02:09:27 UTC 2022
------------------ testing $PTII/ptolemy/domains/de/test/auto/CausalityInterface3.xml
auto.tcl: Setting watchdog for 200 seconds at Mon Jun 06 02:09:28 UTC 2022
3 ms. Memory: 51200K Free: 31304K (61%)
ptolemy.util.test.WatchDog.cancel(): canceling Mon Jun 06 02:09:28 UTC 2022
auto.tcl: Setting watchdog for 200 seconds at Mon Jun 06 02:09:28 UTC 2022
2 ms. Memory: 51200K Free: 30832K (60%)
ptolemy.util.test.WatchDog.cancel(): canceling Mon Jun 06 02:09:28 UTC 2022
------------------ testing $PTII/ptolemy/domains/de/test/auto/ClockDrift.xml
auto.tcl: Setting watchdog for 200 seconds at Mon Jun 06 02:09:28 UTC 2022
69 ms. Memory: 51200K Free: 23607K (46%)
ptolemy.util.test.WatchDog.cancel(): canceling Mon Jun 06 02:09:28 UTC 2022
auto.tcl: Setting watchdog for 200 seconds at Mon Jun 06 02:09:28 UTC 2022
44 ms. Memory: 51200K Free: 20423K (40%)
ptolemy.util.test.WatchDog.cancel(): canceling Mon Jun 06 02:09:28 UTC 2022
------------------ testing $PTII/ptolemy/domains/de/test/auto/ClockDriftAndValueChange.xml
auto.tcl: Setting watchdog for 200 seconds at Mon Jun 06 02:09:28 UTC 2022
43 ms. Memory: 51200K Free: 24508K (48%)
ptolemy.util.test.WatchDog.cancel(): canceling Mon Jun 06 02:09:28 UTC 2022
auto.tcl: Setting watchdog for 200 seconds at Mon Jun 06 02:09:28 UTC 2022
31 ms. Memory: 51200K Free: 21365K (42%)
ptolemy.util.test.WatchDog.cancel(): canceling Mon Jun 06 02:09:28 UTC 2022
------------------ testing $PTII/ptolemy/domains/de/test/auto/ClockDriftChange.xml
auto.tcl: Setting watchdog for 200 seconds at Mon Jun 06 02:09:28 UTC 2022
26 ms. Memory: 51200K Free: 25789K (50%)
ptolemy.util.test.WatchDog.cancel(): canceling Mon Jun 06 02:09:28 UTC 2022
auto.tcl: Setting watchdog for 200 seconds at Mon Jun 06 02:09:28 UTC 2022
26 ms. Memory: 51200K Free: 23231K (45%)
ptolemy.util.test.WatchDog.cancel(): canceling Mon Jun 06 02:09:28 UTC 2022
------------------ testing $PTII/ptolemy/domains/de/test/auto/ComposableCausalityAnalysis.xml
auto.tcl: Setting watchdog for 200 seconds at Mon Jun 06 02:09:28 UTC 2022
2 ms. Memory: 51200K Free: 30572K (60%)
ptolemy.util.test.WatchDog.cancel(): canceling Mon Jun 06 02:09:28 UTC 2022
auto.tcl: Setting watchdog for 200 seconds at Mon Jun 06 02:09:28 UTC 2022
2 ms. Memory: 51200K Free: 29564K (58%)
ptolemy.util.test.WatchDog.cancel(): canceling Mon Jun 06 02:09:28 UTC 2022
------------------ testing $PTII/ptolemy/domains/de/test/auto/DEFixedPointLimitation.xml
auto.tcl: Setting watchdog for 200 seconds at Mon Jun 06 02:09:28 UTC 2022
2 ms. Memory: 51200K Free: 31917K (62%)
ptolemy.util.test.WatchDog.cancel(): canceling Mon Jun 06 02:09:28 UTC 2022
auto.tcl: Setting watchdog for 200 seconds at Mon Jun 06 02:09:28 UTC 2022
4 ms. Memory: 51200K Free: 31070K (61%)
ptolemy.util.test.WatchDog.cancel(): canceling Mon Jun 06 02:09:28 UTC 2022
------------------ testing $PTII/ptolemy/domains/de/test/auto/DEScheduleTest.xml
auto.tcl: Setting watchdog for 200 seconds at Mon Jun 06 02:09:28 UTC 2022
7 ms. Memory: 51200K Free: 32329K (63%)
ptolemy.util.test.WatchDog.cancel(): canceling Mon Jun 06 02:09:28 UTC 2022
auto.tcl: Setting watchdog for 200 seconds at Mon Jun 06 02:09:28 UTC 2022
2 ms. Memory: 51200K Free: 31573K (62%)
ptolemy.util.test.WatchDog.cancel(): canceling Mon Jun 06 02:09:28 UTC 2022
------------------ testing $PTII/ptolemy/domains/de/test/auto/DEinDEwithStartTimes.xml
auto.tcl: Setting watchdog for 200 seconds at Mon Jun 06 02:09:28 UTC 2022
3 ms. Memory: 51200K Free: 30518K (60%)
ptolemy.util.test.WatchDog.cancel(): canceling Mon Jun 06 02:09:28 UTC 2022
auto.tcl: Setting watchdog for 200 seconds at Mon Jun 06 02:09:28 UTC 2022
3 ms. Memory: 51200K Free: 29638K (58%)
ptolemy.util.test.WatchDog.cancel(): canceling Mon Jun 06 02:09:28 UTC 2022
------------------ testing $PTII/ptolemy/domains/de/test/auto/DEinDEwithStartTimes2.xml
auto.tcl: Setting watchdog for 200 seconds at Mon Jun 06 02:09:28 UTC 2022
6 ms. Memory: 51200K Free: 29634K (58%)
ptolemy.util.test.WatchDog.cancel(): canceling Mon Jun 06 02:09:28 UTC 2022
auto.tcl: Setting watchdog for 200 seconds at Mon Jun 06 02:09:28 UTC 2022
4 ms. Memory: 51200K Free: 28593K (56%)
ptolemy.util.test.WatchDog.cancel(): canceling Mon Jun 06 02:09:28 UTC 2022
------------------ testing $PTII/ptolemy/domains/de/test/auto/DateDemo.xml
auto.tcl: Setting watchdog for 200 seconds at Mon Jun 06 02:09:28 UTC 2022
19 ms. Memory: 51200K Free: 24481K (48%)
ptolemy.util.test.WatchDog.cancel(): canceling Mon Jun 06 02:09:29 UTC 2022
auto.tcl: Setting watchdog for 200 seconds at Mon Jun 06 02:09:29 UTC 2022
10 ms. Memory: 51200K Free: 22844K (45%)
ptolemy.util.test.WatchDog.cancel(): canceling Mon Jun 06 02:09:29 UTC 2022
------------------ testing $PTII/ptolemy/domains/de/test/auto/DateToEvent.xml
auto.tcl: Setting watchdog for 200 seconds at Mon Jun 06 02:09:29 UTC 2022
2015 ms. Memory: 51200K Free: 19499K (38%)
ptolemy.util.test.WatchDog.cancel(): canceling Mon Jun 06 02:09:31 UTC 2022
auto.tcl: Setting watchdog for 200 seconds at Mon Jun 06 02:09:31 UTC 2022
2004 ms. Memory: 51200K Free: 18989K (37%)
ptolemy.util.test.WatchDog.cancel(): canceling Mon Jun 06 02:09:33 UTC 2022
------------------ testing $PTII/ptolemy/domains/de/test/auto/DepthTest1.xml
auto.tcl: Setting watchdog for 200 seconds at Mon Jun 06 02:09:33 UTC 2022
5 ms. Memory: 51200K Free: 33167K (65%)
ptolemy.util.test.WatchDog.cancel(): canceling Mon Jun 06 02:09:33 UTC 2022
auto.tcl: Setting watchdog for 200 seconds at Mon Jun 06 02:09:33 UTC 2022
2 ms. Memory: 51200K Free: 32679K (64%)
ptolemy.util.test.WatchDog.cancel(): canceling Mon Jun 06 02:09:33 UTC 2022
------------------ testing $PTII/ptolemy/domains/de/test/auto/DepthTest2.xml
auto.tcl: Setting watchdog for 200 seconds at Mon Jun 06 02:09:33 UTC 2022
4 ms. Memory: 51200K Free: 29927K (58%)
ptolemy.util.test.WatchDog.cancel(): canceling Mon Jun 06 02:09:33 UTC 2022
auto.tcl: Setting watchdog for 200 seconds at Mon Jun 06 02:09:33 UTC 2022
2 ms. Memory: 51200K Free: 29468K (58%)
ptolemy.util.test.WatchDog.cancel(): canceling Mon Jun 06 02:09:33 UTC 2022
------------------ testing $PTII/ptolemy/domains/de/test/auto/DepthTest3.xml
auto.tcl: Setting watchdog for 200 seconds at Mon Jun 06 02:09:33 UTC 2022
2 ms. Memory: 51200K Free: 33509K (65%)
ptolemy.util.test.WatchDog.cancel(): canceling Mon Jun 06 02:09:33 UTC 2022
auto.tcl: Setting watchdog for 200 seconds at Mon Jun 06 02:09:33 UTC 2022
2 ms. Memory: 51200K Free: 33023K (64%)
ptolemy.util.test.WatchDog.cancel(): canceling Mon Jun 06 02:09:33 UTC 2022
------------------ testing $PTII/ptolemy/domains/de/test/auto/DepthTest4.xml
auto.tcl: Setting watchdog for 200 seconds at Mon Jun 06 02:09:33 UTC 2022
7 ms. Memory: 51200K Free: 31711K (62%)
ptolemy.util.test.WatchDog.cancel(): canceling Mon Jun 06 02:09:33 UTC 2022
auto.tcl: Setting watchdog for 200 seconds at Mon Jun 06 02:09:33 UTC 2022
2 ms. Memory: 51200K Free: 31026K (61%)
ptolemy.util.test.WatchDog.cancel(): canceling Mon Jun 06 02:09:33 UTC 2022
------------------ testing $PTII/ptolemy/domains/de/test/auto/DepthTest5.xml
auto.tcl: Setting watchdog for 200 seconds at Mon Jun 06 02:09:33 UTC 2022
5 ms. Memory: 51200K Free: 31140K (61%)
ptolemy.util.test.WatchDog.cancel(): canceling Mon Jun 06 02:09:33 UTC 2022
auto.tcl: Setting watchdog for 200 seconds at Mon Jun 06 02:09:33 UTC 2022
3 ms. Memory: 51200K Free: 30430K (59%)
ptolemy.util.test.WatchDog.cancel(): canceling Mon Jun 06 02:09:33 UTC 2022
------------------ testing $PTII/ptolemy/domains/de/test/auto/DepthTest6.xml
auto.tcl: Setting watchdog for 200 seconds at Mon Jun 06 02:09:33 UTC 2022
5 ms. Memory: 51200K Free: 30820K (60%)
ptolemy.util.test.WatchDog.cancel(): canceling Mon Jun 06 02:09:33 UTC 2022
auto.tcl: Setting watchdog for 200 seconds at Mon Jun 06 02:09:33 UTC 2022
2 ms. Memory: 51200K Free: 30408K (59%)
ptolemy.util.test.WatchDog.cancel(): canceling Mon Jun 06 02:09:33 UTC 2022
------------------ testing $PTII/ptolemy/domains/de/test/auto/DepthTest7.xml
auto.tcl: Setting watchdog for 200 seconds at Mon Jun 06 02:09:33 UTC 2022
2 ms. Memory: 51200K Free: 31160K (61%)
ptolemy.util.test.WatchDog.cancel(): canceling Mon Jun 06 02:09:33 UTC 2022
auto.tcl: Setting watchdog for 200 seconds at Mon Jun 06 02:09:33 UTC 2022
2 ms. Memory: 51200K Free: 30714K (60%)
ptolemy.util.test.WatchDog.cancel(): canceling Mon Jun 06 02:09:33 UTC 2022
------------------ testing $PTII/ptolemy/domains/de/test/auto/EventToDate.xml
auto.tcl: Setting watchdog for 200 seconds at Mon Jun 06 02:09:33 UTC 2022
3005 ms. Memory: 51200K Free: 22419K (44%)
ptolemy.util.test.WatchDog.cancel(): canceling Mon Jun 06 02:09:36 UTC 2022
auto.tcl: Setting watchdog for 200 seconds at Mon Jun 06 02:09:36 UTC 2022
3004 ms. Memory: 51200K Free: 21786K (43%)
ptolemy.util.test.WatchDog.cancel(): canceling Mon Jun 06 02:09:39 UTC 2022
------------------ testing $PTII/ptolemy/domains/de/test/auto/FSM1.xml
auto.tcl: Setting watchdog for 200 seconds at Mon Jun 06 02:09:39 UTC 2022
23 ms. Memory: 51200K Free: 23715K (46%)
ptolemy.util.test.WatchDog.cancel(): canceling Mon Jun 06 02:09:39 UTC 2022
auto.tcl: Setting watchdog for 200 seconds at Mon Jun 06 02:09:39 UTC 2022
16 ms. Memory: 51200K Free: 20455K (40%)
ptolemy.util.test.WatchDog.cancel(): canceling Mon Jun 06 02:09:39 UTC 2022
------------------ testing $PTII/ptolemy/domains/de/test/auto/FSM7.xml
auto.tcl: Setting watchdog for 200 seconds at Mon Jun 06 02:09:39 UTC 2022
21 ms. Memory: 51200K Free: 23575K (46%)
ptolemy.util.test.WatchDog.cancel(): canceling Mon Jun 06 02:09:39 UTC 2022
auto.tcl: Setting watchdog for 200 seconds at Mon Jun 06 02:09:39 UTC 2022
22 ms. Memory: 51200K Free: 20640K (40%)
ptolemy.util.test.WatchDog.cancel(): canceling Mon Jun 06 02:09:39 UTC 2022
------------------ testing $PTII/ptolemy/domains/de/test/auto/Inspection.xml
auto.tcl: Setting watchdog for 200 seconds at Mon Jun 06 02:09:40 UTC 2022
17 ms. Memory: 51200K Free: 23899K (47%)
ptolemy.util.test.WatchDog.cancel(): canceling Mon Jun 06 02:09:40 UTC 2022
auto.tcl: Setting watchdog for 200 seconds at Mon Jun 06 02:09:40 UTC 2022
13 ms. Memory: 51200K Free: 22109K (43%)
ptolemy.util.test.WatchDog.cancel(): canceling Mon Jun 06 02:09:40 UTC 2022
------------------ testing $PTII/ptolemy/domains/de/test/auto/Iteration.xml
auto.tcl: Setting watchdog for 200 seconds at Mon Jun 06 02:09:40 UTC 2022
6 ms. Memory: 51200K Free: 28925K (56%)
ptolemy.util.test.WatchDog.cancel(): canceling Mon Jun 06 02:09:40 UTC 2022
auto.tcl: Setting watchdog for 200 seconds at Mon Jun 06 02:09:40 UTC 2022
6 ms. Memory: 51200K Free: 27734K (54%)
ptolemy.util.test.WatchDog.cancel(): canceling Mon Jun 06 02:09:40 UTC 2022
------------------ testing $PTII/ptolemy/domains/de/test/auto/LineFault.xml
auto.tcl: Setting watchdog for 200 seconds at Mon Jun 06 02:09:40 UTC 2022
598 ms. Memory: 51200K Free: 17510K (34%)
ptolemy.util.test.WatchDog.cancel(): canceling Mon Jun 06 02:09:41 UTC 2022
auto.tcl: Setting watchdog for 200 seconds at Mon Jun 06 02:09:41 UTC 2022
462 ms. Memory: 62464K Free: 45263K (72%)
ptolemy.util.test.WatchDog.cancel(): canceling Mon Jun 06 02:09:41 UTC 2022
------------------ testing $PTII/ptolemy/domains/de/test/auto/MergeModel1Add.xml
auto.tcl: Setting watchdog for 200 seconds at Mon Jun 06 02:09:41 UTC 2022
16 ms. Memory: 58368K Free: 22337K (38%)
ptolemy.util.test.WatchDog.cancel(): canceling Mon Jun 06 02:09:41 UTC 2022
auto.tcl: Setting watchdog for 200 seconds at Mon Jun 06 02:09:41 UTC 2022
9 ms. Memory: 58368K Free: 21130K (36%)
ptolemy.util.test.WatchDog.cancel(): canceling Mon Jun 06 02:09:41 UTC 2022
------------------ testing $PTII/ptolemy/domains/de/test/auto/MergeModel2Add.xml
auto.tcl: Setting watchdog for 200 seconds at Mon Jun 06 02:09:41 UTC 2022
10 ms. Memory: 55296K Free: 21583K (39%)
ptolemy.util.test.WatchDog.cancel(): canceling Mon Jun 06 02:09:41 UTC 2022
auto.tcl: Setting watchdog for 200 seconds at Mon Jun 06 02:09:41 UTC 2022
7 ms. Memory: 55296K Free: 19930K (36%)
ptolemy.util.test.WatchDog.cancel(): canceling Mon Jun 06 02:09:41 UTC 2022
------------------ testing $PTII/ptolemy/domains/de/test/auto/MergeModel3Add.xml
auto.tcl: Setting watchdog for 200 seconds at Mon Jun 06 02:09:41 UTC 2022
7 ms. Memory: 51200K Free: 17229K (34%)
ptolemy.util.test.WatchDog.cancel(): canceling Mon Jun 06 02:09:41 UTC 2022
auto.tcl: Setting watchdog for 200 seconds at Mon Jun 06 02:09:41 UTC 2022
6 ms. Memory: 51200K Free: 15853K (31%)
ptolemy.util.test.WatchDog.cancel(): canceling Mon Jun 06 02:09:41 UTC 2022
------------------ testing $PTII/ptolemy/domains/de/test/auto/MergeWithoutDiscard.xml
auto.tcl: Setting watchdog for 200 seconds at Mon Jun 06 02:09:41 UTC 2022
2 ms. Memory: 51200K Free: 32102K (63%)
ptolemy.util.test.WatchDog.cancel(): canceling Mon Jun 06 02:09:41 UTC 2022
auto.tcl: Setting watchdog for 200 seconds at Mon Jun 06 02:09:41 UTC 2022
2 ms. Memory: 51200K Free: 31193K (61%)
ptolemy.util.test.WatchDog.cancel(): canceling Mon Jun 06 02:09:41 UTC 2022
------------------ testing $PTII/ptolemy/domains/de/test/auto/Modal1.xml
auto.tcl: Setting watchdog for 200 seconds at Mon Jun 06 02:09:41 UTC 2022
12 ms. Memory: 51200K Free: 24215K (47%)
ptolemy.util.test.WatchDog.cancel(): canceling Mon Jun 06 02:09:42 UTC 2022
auto.tcl: Setting watchdog for 200 seconds at Mon Jun 06 02:09:42 UTC 2022
14 ms. Memory: 51200K Free: 20689K (40%)
ptolemy.util.test.WatchDog.cancel(): canceling Mon Jun 06 02:09:42 UTC 2022
------------------ testing $PTII/ptolemy/domains/de/test/auto/Modal2.xml
auto.tcl: Setting watchdog for 200 seconds at Mon Jun 06 02:09:42 UTC 2022
11 ms. Memory: 51200K Free: 23558K (46%)
ptolemy.util.test.WatchDog.cancel(): canceling Mon Jun 06 02:09:42 UTC 2022
auto.tcl: Setting watchdog for 200 seconds at Mon Jun 06 02:09:42 UTC 2022
12 ms. Memory: 51200K Free: 20577K (40%)
ptolemy.util.test.WatchDog.cancel(): canceling Mon Jun 06 02:09:42 UTC 2022
------------------ testing $PTII/ptolemy/domains/de/test/auto/Modal3.xml
auto.tcl: Setting watchdog for 200 seconds at Mon Jun 06 02:09:42 UTC 2022
10 ms. Memory: 51200K Free: 23522K (46%)
ptolemy.util.test.WatchDog.cancel(): canceling Mon Jun 06 02:09:42 UTC 2022
auto.tcl: Setting watchdog for 200 seconds at Mon Jun 06 02:09:42 UTC 2022
11 ms. Memory: 51200K Free: 20570K (40%)
ptolemy.util.test.WatchDog.cancel(): canceling Mon Jun 06 02:09:42 UTC 2022
------------------ testing $PTII/ptolemy/domains/de/test/auto/Modal4.xml
auto.tcl: Setting watchdog for 200 seconds at Mon Jun 06 02:09:42 UTC 2022
12 ms. Memory: 51200K Free: 22802K (45%)
ptolemy.util.test.WatchDog.cancel(): canceling Mon Jun 06 02:09:42 UTC 2022
auto.tcl: Setting watchdog for 200 seconds at Mon Jun 06 02:09:42 UTC 2022
18 ms. Memory: 51200K Free: 18968K (37%)
ptolemy.util.test.WatchDog.cancel(): canceling Mon Jun 06 02:09:42 UTC 2022
------------------ testing $PTII/ptolemy/domains/de/test/auto/Modal5.xml
auto.tcl: Setting watchdog for 200 seconds at Mon Jun 06 02:09:42 UTC 2022
16 ms. Memory: 51200K Free: 22804K (45%)
ptolemy.util.test.WatchDog.cancel(): canceling Mon Jun 06 02:09:42 UTC 2022
auto.tcl: Setting watchdog for 200 seconds at Mon Jun 06 02:09:42 UTC 2022
15 ms. Memory: 51200K Free: 18956K (37%)
ptolemy.util.test.WatchDog.cancel(): canceling Mon Jun 06 02:09:42 UTC 2022
------------------ testing $PTII/ptolemy/domains/de/test/auto/Modal6.xml
auto.tcl: Setting watchdog for 200 seconds at Mon Jun 06 02:09:42 UTC 2022
11 ms. Memory: 51200K Free: 23785K (46%)
ptolemy.util.test.WatchDog.cancel(): canceling Mon Jun 06 02:09:42 UTC 2022
auto.tcl: Setting watchdog for 200 seconds at Mon Jun 06 02:09:42 UTC 2022
16 ms. Memory: 51200K Free: 19554K (38%)
ptolemy.util.test.WatchDog.cancel(): canceling Mon Jun 06 02:09:42 UTC 2022
------------------ testing $PTII/ptolemy/domains/de/test/auto/Modal7.xml
auto.tcl: Setting watchdog for 200 seconds at Mon Jun 06 02:09:42 UTC 2022
13 ms. Memory: 51200K Free: 22514K (44%)
ptolemy.util.test.WatchDog.cancel(): canceling Mon Jun 06 02:09:42 UTC 2022
auto.tcl: Setting watchdog for 200 seconds at Mon Jun 06 02:09:42 UTC 2022
10 ms. Memory: 51200K Free: 19168K (37%)
ptolemy.util.test.WatchDog.cancel(): canceling Mon Jun 06 02:09:42 UTC 2022
------------------ testing $PTII/ptolemy/domains/de/test/auto/ModalModel.xml
auto.tcl: Setting watchdog for 200 seconds at Mon Jun 06 02:09:42 UTC 2022
174 ms. Memory: 51200K Free: 14685K (29%)
ptolemy.util.test.WatchDog.cancel(): canceling Mon Jun 06 02:09:42 UTC 2022
auto.tcl: Setting watchdog for 200 seconds at Mon Jun 06 02:09:42 UTC 2022
192 ms. Memory: 61440K Free: 45231K (74%)
ptolemy.util.test.WatchDog.cancel(): canceling Mon Jun 06 02:09:43 UTC 2022
------------------ testing $PTII/ptolemy/domains/de/test/auto/ModalSource.xml
auto.tcl: Setting watchdog for 200 seconds at Mon Jun 06 02:09:43 UTC 2022
9 ms. Memory: 58368K Free: 34777K (60%)
ptolemy.util.test.WatchDog.cancel(): canceling Mon Jun 06 02:09:43 UTC 2022
auto.tcl: Setting watchdog for 200 seconds at Mon Jun 06 02:09:43 UTC 2022
6 ms. Memory: 58368K Free: 32848K (56%)
ptolemy.util.test.WatchDog.cancel(): canceling Mon Jun 06 02:09:43 UTC 2022
------------------ testing $PTII/ptolemy/domains/de/test/auto/NonInterruptibleTimerZeroDelay.xml
auto.tcl: Setting watchdog for 200 seconds at Mon Jun 06 02:09:43 UTC 2022
3 ms. Memory: 55296K Free: 36434K (66%)
ptolemy.util.test.WatchDog.cancel(): canceling Mon Jun 06 02:09:43 UTC 2022
auto.tcl: Setting watchdog for 200 seconds at Mon Jun 06 02:09:43 UTC 2022
3 ms. Memory: 55296K Free: 35564K (64%)
ptolemy.util.test.WatchDog.cancel(): canceling Mon Jun 06 02:09:43 UTC 2022
------------------ testing $PTII/ptolemy/domains/de/test/auto/OpenQueueingNetwork.xml
auto.tcl: Setting watchdog for 200 seconds at Mon Jun 06 02:09:43 UTC 2022
2806 ms. Memory: 125952K Free: 65047K (52%)
ptolemy.util.test.WatchDog.cancel(): canceling Mon Jun 06 02:09:46 UTC 2022
auto.tcl: Setting watchdog for 200 seconds at Mon Jun 06 02:09:46 UTC 2022
2177 ms. Memory: 151552K Free: 89429K (59%)
ptolemy.util.test.WatchDog.cancel(): canceling Mon Jun 06 02:09:48 UTC 2022
------------------ testing $PTII/ptolemy/domains/de/test/auto/OpenQueuingNetwork.xml
auto.tcl: Setting watchdog for 200 seconds at Mon Jun 06 02:09:48 UTC 2022
233 ms. Memory: 58368K Free: 30712K (53%)
ptolemy.util.test.WatchDog.cancel(): canceling Mon Jun 06 02:09:48 UTC 2022
auto.tcl: Setting watchdog for 200 seconds at Mon Jun 06 02:09:48 UTC 2022
206 ms. Memory: 58368K Free: 12760K (22%)
ptolemy.util.test.WatchDog.cancel(): canceling Mon Jun 06 02:09:48 UTC 2022
------------------ testing $PTII/ptolemy/domains/de/test/auto/PeriodicSampler.xml
auto.tcl: Setting watchdog for 200 seconds at Mon Jun 06 02:09:48 UTC 2022
2 ms. Memory: 58368K Free: 38924K (67%)
ptolemy.util.test.WatchDog.cancel(): canceling Mon Jun 06 02:09:49 UTC 2022
auto.tcl: Setting watchdog for 200 seconds at Mon Jun 06 02:09:49 UTC 2022
2 ms. Memory: 58368K Free: 38396K (66%)
ptolemy.util.test.WatchDog.cancel(): canceling Mon Jun 06 02:09:49 UTC 2022
------------------ testing $PTII/ptolemy/domains/de/test/auto/PersistentIO.xml
auto.tcl: Setting watchdog for 200 seconds at Mon Jun 06 02:09:49 UTC 2022
12 ms. Memory: 51200K Free: 26681K (52%)
ptolemy.util.test.WatchDog.cancel(): canceling Mon Jun 06 02:09:49 UTC 2022
auto.tcl: Setting watchdog for 200 seconds at Mon Jun 06 02:09:49 UTC 2022
4 ms. Memory: 51200K Free: 25641K (50%)
ptolemy.util.test.WatchDog.cancel(): canceling Mon Jun 06 02:09:49 UTC 2022
------------------ testing $PTII/ptolemy/domains/de/test/auto/PortParameterResetOnInitialize.xml
auto.tcl: Setting watchdog for 200 seconds at Mon Jun 06 02:09:49 UTC 2022
7 ms. Memory: 51200K Free: 31649K (62%)
ptolemy.util.test.WatchDog.cancel(): canceling Mon Jun 06 02:09:49 UTC 2022
auto.tcl: Setting watchdog for 200 seconds at Mon Jun 06 02:09:49 UTC 2022
2 ms. Memory: 51200K Free: 31169K (61%)
ptolemy.util.test.WatchDog.cancel(): canceling Mon Jun 06 02:09:49 UTC 2022
------------------ testing $PTII/ptolemy/domains/de/test/auto/PortParameterUpdates.xml
auto.tcl: Setting watchdog for 200 seconds at Mon Jun 06 02:09:49 UTC 2022
6 ms. Memory: 51200K Free: 29749K (58%)
ptolemy.util.test.WatchDog.cancel(): canceling Mon Jun 06 02:09:49 UTC 2022
auto.tcl: Setting watchdog for 200 seconds at Mon Jun 06 02:09:49 UTC 2022
5 ms. Memory: 51200K Free: 28709K (56%)
ptolemy.util.test.WatchDog.cancel(): canceling Mon Jun 06 02:09:49 UTC 2022
------------------ testing $PTII/ptolemy/domains/de/test/auto/QueueAndServer.xml
auto.tcl: Setting watchdog for 200 seconds at Mon Jun 06 02:09:49 UTC 2022
5 ms. Memory: 51200K Free: 28928K (56%)
ptolemy.util.test.WatchDog.cancel(): canceling Mon Jun 06 02:09:49 UTC 2022
auto.tcl: Setting watchdog for 200 seconds at Mon Jun 06 02:09:49 UTC 2022
5 ms. Memory: 51200K Free: 27678K (54%)
ptolemy.util.test.WatchDog.cancel(): canceling Mon Jun 06 02:09:49 UTC 2022
------------------ testing $PTII/ptolemy/domains/de/test/auto/Records.xml
auto.tcl: Setting watchdog for 200 seconds at Mon Jun 06 02:09:49 UTC 2022
4 ms. Memory: 51200K Free: 30917K (60%)
ptolemy.util.test.WatchDog.cancel(): canceling Mon Jun 06 02:09:49 UTC 2022
auto.tcl: Setting watchdog for 200 seconds at Mon Jun 06 02:09:49 UTC 2022
2 ms. Memory: 51200K Free: 30419K (59%)
ptolemy.util.test.WatchDog.cancel(): canceling Mon Jun 06 02:09:49 UTC 2022
------------------ testing $PTII/ptolemy/domains/de/test/auto/ResetTransitionWithStartTime1.xml
auto.tcl: Setting watchdog for 200 seconds at Mon Jun 06 02:09:49 UTC 2022
11 ms. Memory: 51200K Free: 28201K (55%)
ptolemy.util.test.WatchDog.cancel(): canceling Mon Jun 06 02:09:49 UTC 2022
auto.tcl: Setting watchdog for 200 seconds at Mon Jun 06 02:09:49 UTC 2022
5 ms. Memory: 51200K Free: 26116K (51%)
ptolemy.util.test.WatchDog.cancel(): canceling Mon Jun 06 02:09:49 UTC 2022
------------------ testing $PTII/ptolemy/domains/de/test/auto/ResetTransitionWithStartTime2.xml
auto.tcl: Setting watchdog for 200 seconds at Mon Jun 06 02:09:49 UTC 2022
5 ms. Memory: 51200K Free: 28156K (55%)
ptolemy.util.test.WatchDog.cancel(): canceling Mon Jun 06 02:09:49 UTC 2022
auto.tcl: Setting watchdog for 200 seconds at Mon Jun 06 02:09:49 UTC 2022
5 ms. Memory: 51200K Free: 26108K (51%)
ptolemy.util.test.WatchDog.cancel(): canceling Mon Jun 06 02:09:49 UTC 2022
------------------ testing $PTII/ptolemy/domains/de/test/auto/ResetTransitionWithStartTime3.xml
auto.tcl: Setting watchdog for 200 seconds at Mon Jun 06 02:09:49 UTC 2022
6 ms. Memory: 51200K Free: 28155K (55%)
ptolemy.util.test.WatchDog.cancel(): canceling Mon Jun 06 02:09:49 UTC 2022
auto.tcl: Setting watchdog for 200 seconds at Mon Jun 06 02:09:49 UTC 2022
5 ms. Memory: 51200K Free: 26107K (51%)
ptolemy.util.test.WatchDog.cancel(): canceling Mon Jun 06 02:09:49 UTC 2022
------------------ testing $PTII/ptolemy/domains/de/test/auto/ResetTransitionWithStartTime4.xml
auto.tcl: Setting watchdog for 200 seconds at Mon Jun 06 02:09:49 UTC 2022
10 ms. Memory: 51200K Free: 28582K (56%)
ptolemy.util.test.WatchDog.cancel(): canceling Mon Jun 06 02:09:49 UTC 2022
auto.tcl: Setting watchdog for 200 seconds at Mon Jun 06 02:09:49 UTC 2022
4 ms. Memory: 51200K Free: 27130K (53%)
ptolemy.util.test.WatchDog.cancel(): canceling Mon Jun 06 02:09:49 UTC 2022
------------------ testing $PTII/ptolemy/domains/de/test/auto/ResettableTimer1.xml
auto.tcl: Setting watchdog for 200 seconds at Mon Jun 06 02:09:49 UTC 2022
3 ms. Memory: 51200K Free: 32331K (63%)
ptolemy.util.test.WatchDog.cancel(): canceling Mon Jun 06 02:09:49 UTC 2022
auto.tcl: Setting watchdog for 200 seconds at Mon Jun 06 02:09:49 UTC 2022
2 ms. Memory: 51200K Free: 31704K (62%)
ptolemy.util.test.WatchDog.cancel(): canceling Mon Jun 06 02:09:49 UTC 2022
------------------ testing $PTII/ptolemy/domains/de/test/auto/ResettableTimer2.xml
auto.tcl: Setting watchdog for 200 seconds at Mon Jun 06 02:09:49 UTC 2022
2 ms. Memory: 51200K Free: 32388K (63%)
ptolemy.util.test.WatchDog.cancel(): canceling Mon Jun 06 02:09:49 UTC 2022
auto.tcl: Setting watchdog for 200 seconds at Mon Jun 06 02:09:49 UTC 2022
2 ms. Memory: 51200K Free: 31760K (62%)
ptolemy.util.test.WatchDog.cancel(): canceling Mon Jun 06 02:09:49 UTC 2022
------------------ testing $PTII/ptolemy/domains/de/test/auto/ResettableTimer3.xml
auto.tcl: Setting watchdog for 200 seconds at Mon Jun 06 02:09:49 UTC 2022
1 ms. Memory: 51200K Free: 32299K (63%)
ptolemy.util.test.WatchDog.cancel(): canceling Mon Jun 06 02:09:49 UTC 2022
auto.tcl: Setting watchdog for 200 seconds at Mon Jun 06 02:09:49 UTC 2022
1 ms. Memory: 51200K Free: 32299K (63%)
ptolemy.util.test.WatchDog.cancel(): canceling Mon Jun 06 02:09:49 UTC 2022
------------------ testing $PTII/ptolemy/domains/de/test/auto/ResettableTimer4.xml
auto.tcl: Setting watchdog for 200 seconds at Mon Jun 06 02:09:49 UTC 2022
2 ms. Memory: 51200K Free: 32811K (64%)
ptolemy.util.test.WatchDog.cancel(): canceling Mon Jun 06 02:09:49 UTC 2022
auto.tcl: Setting watchdog for 200 seconds at Mon Jun 06 02:09:49 UTC 2022
1 ms. Memory: 51200K Free: 32313K (63%)
ptolemy.util.test.WatchDog.cancel(): canceling Mon Jun 06 02:09:49 UTC 2022
------------------ testing $PTII/ptolemy/domains/de/test/auto/ResettableTimer5.xml
auto.tcl: Setting watchdog for 200 seconds at Mon Jun 06 02:09:49 UTC 2022
1 ms. Memory: 51200K Free: 31785K (62%)
ptolemy.util.test.WatchDog.cancel(): canceling Mon Jun 06 02:09:49 UTC 2022
auto.tcl: Setting watchdog for 200 seconds at Mon Jun 06 02:09:49 UTC 2022
1 ms. Memory: 51200K Free: 31785K (62%)
ptolemy.util.test.WatchDog.cancel(): canceling Mon Jun 06 02:09:49 UTC 2022
------------------ testing $PTII/ptolemy/domains/de/test/auto/ResettableTimer6.xml
auto.tcl: Setting watchdog for 200 seconds at Mon Jun 06 02:09:49 UTC 2022
2 ms. Memory: 51200K Free: 31776K (62%)
ptolemy.util.test.WatchDog.cancel(): canceling Mon Jun 06 02:09:49 UTC 2022
auto.tcl: Setting watchdog for 200 seconds at Mon Jun 06 02:09:49 UTC 2022
1 ms. Memory: 51200K Free: 31270K (61%)
ptolemy.util.test.WatchDog.cancel(): canceling Mon Jun 06 02:09:49 UTC 2022
------------------ testing $PTII/ptolemy/domains/de/test/auto/ServerZeroDelay.xml
auto.tcl: Setting watchdog for 200 seconds at Mon Jun 06 02:09:50 UTC 2022
2 ms. Memory: 51200K Free: 32241K (63%)
ptolemy.util.test.WatchDog.cancel(): canceling Mon Jun 06 02:09:50 UTC 2022
auto.tcl: Setting watchdog for 200 seconds at Mon Jun 06 02:09:50 UTC 2022
2 ms. Memory: 51200K Free: 31217K (61%)
ptolemy.util.test.WatchDog.cancel(): canceling Mon Jun 06 02:09:50 UTC 2022
------------------ testing $PTII/ptolemy/domains/de/test/auto/SmartSender.xml
auto.tcl: Setting watchdog for 200 seconds at Mon Jun 06 02:09:50 UTC 2022
3001 ms. Memory: 51200K Free: 32247K (63%)
ptolemy.util.test.WatchDog.cancel(): canceling Mon Jun 06 02:09:53 UTC 2022
auto.tcl: Setting watchdog for 200 seconds at Mon Jun 06 02:09:53 UTC 2022
3001 ms. Memory: 51200K Free: 31735K (62%)
ptolemy.util.test.WatchDog.cancel(): canceling Mon Jun 06 02:09:56 UTC 2022
------------------ testing $PTII/ptolemy/domains/de/test/auto/ThreadedComposite.xml
auto.tcl: Setting watchdog for 200 seconds at Mon Jun 06 02:09:56 UTC 2022
153 ms. Memory: 51200K Free: 13303K (26%)
ptolemy.util.test.WatchDog.cancel(): canceling Mon Jun 06 02:09:56 UTC 2022
auto.tcl: Setting watchdog for 200 seconds at Mon Jun 06 02:09:56 UTC 2022
114 ms. Memory: 51200K Free: 27747K (54%)
ptolemy.util.test.WatchDog.cancel(): canceling Mon Jun 06 02:09:56 UTC 2022
------------------ testing $PTII/ptolemy/domains/de/test/auto/Time.xml
auto.tcl: Setting watchdog for 200 seconds at Mon Jun 06 02:09:56 UTC 2022
435 ms. Memory: 51200K Free: 35012K (68%)
ptolemy.util.test.WatchDog.cancel(): canceling Mon Jun 06 02:09:56 UTC 2022
auto.tcl: Setting watchdog for 200 seconds at Mon Jun 06 02:09:56 UTC 2022
442 ms. Memory: 51200K Free: 8270K (16%)
ptolemy.util.test.WatchDog.cancel(): canceling Mon Jun 06 02:09:57 UTC 2022
------------------ testing $PTII/ptolemy/domains/de/test/auto/TimeDelayZeroDelay.xml
auto.tcl: Setting watchdog for 200 seconds at Mon Jun 06 02:09:57 UTC 2022
2 ms. Memory: 51200K Free: 32166K (63%)
ptolemy.util.test.WatchDog.cancel(): canceling Mon Jun 06 02:09:57 UTC 2022
auto.tcl: Setting watchdog for 200 seconds at Mon Jun 06 02:09:57 UTC 2022
2 ms. Memory: 51200K Free: 31697K (62%)
ptolemy.util.test.WatchDog.cancel(): canceling Mon Jun 06 02:09:57 UTC 2022
------------------ testing $PTII/ptolemy/domains/de/test/auto/TimerZeroDelay.xml
auto.tcl: Setting watchdog for 200 seconds at Mon Jun 06 02:09:57 UTC 2022
3 ms. Memory: 51200K Free: 32347K (63%)
ptolemy.util.test.WatchDog.cancel(): canceling Mon Jun 06 02:09:57 UTC 2022
auto.tcl: Setting watchdog for 200 seconds at Mon Jun 06 02:09:57 UTC 2022
2 ms. Memory: 51200K Free: 31734K (62%)
ptolemy.util.test.WatchDog.cancel(): canceling Mon Jun 06 02:09:57 UTC 2022
------------------ testing $PTII/ptolemy/domains/de/test/auto/TimingParadox.xml
auto.tcl: Setting watchdog for 200 seconds at Mon Jun 06 02:09:57 UTC 2022
322 ms. Memory: 64512K Free: 40269K (62%)
ptolemy.util.test.WatchDog.cancel(): canceling Mon Jun 06 02:09:57 UTC 2022
auto.tcl: Setting watchdog for 200 seconds at Mon Jun 06 02:09:57 UTC 2022
326 ms. Memory: 64512K Free: 39237K (61%)
ptolemy.util.test.WatchDog.cancel(): canceling Mon Jun 06 02:09:58 UTC 2022
------------------ testing $PTII/ptolemy/domains/de/test/auto/TransferInputs.xml
auto.tcl: Setting watchdog for 200 seconds at Mon Jun 06 02:09:58 UTC 2022
2 ms. Memory: 55296K Free: 34773K (63%)
ptolemy.util.test.WatchDog.cancel(): canceling Mon Jun 06 02:09:58 UTC 2022
auto.tcl: Setting watchdog for 200 seconds at Mon Jun 06 02:09:58 UTC 2022
2 ms. Memory: 55296K Free: 33830K (61%)
ptolemy.util.test.WatchDog.cancel(): canceling Mon Jun 06 02:09:58 UTC 2022
------------------ testing $PTII/ptolemy/domains/de/test/auto/TransferOutputs2.xml
auto.tcl: Setting watchdog for 200 seconds at Mon Jun 06 02:09:58 UTC 2022
3 ms. Memory: 55296K Free: 32215K (58%)
ptolemy.util.test.WatchDog.cancel(): canceling Mon Jun 06 02:09:58 UTC 2022
auto.tcl: Setting watchdog for 200 seconds at Mon Jun 06 02:09:58 UTC 2022
2 ms. Memory: 55296K Free: 30761K (56%)
ptolemy.util.test.WatchDog.cancel(): canceling Mon Jun 06 02:09:58 UTC 2022
------------------ testing $PTII/ptolemy/domains/de/test/auto/Trilateration.xml
auto.tcl: Setting watchdog for 200 seconds at Mon Jun 06 02:09:58 UTC 2022
12458 ms. Memory: 456704K Free: 204757K (45%)
ptolemy.util.test.WatchDog.cancel(): canceling Mon Jun 06 02:10:11 UTC 2022
auto.tcl: Setting watchdog for 200 seconds at Mon Jun 06 02:10:11 UTC 2022
8909 ms. Memory: 456704K Free: 256085K (56%)
ptolemy.util.test.WatchDog.cancel(): canceling Mon Jun 06 02:10:20 UTC 2022
------------------ testing $PTII/ptolemy/domains/de/test/auto/TwoSigmaDelta.xml
auto.tcl: Setting watchdog for 200 seconds at Mon Jun 06 02:10:20 UTC 2022
2245 ms. Memory: 92160K Free: 21123K (23%)
ptolemy.util.test.WatchDog.cancel(): canceling Mon Jun 06 02:10:23 UTC 2022
auto.tcl: Setting watchdog for 200 seconds at Mon Jun 06 02:10:23 UTC 2022
1755 ms. Memory: 92160K Free: 22682K (25%)
ptolemy.util.test.WatchDog.cancel(): canceling Mon Jun 06 02:10:25 UTC 2022
------------------ testing $PTII/ptolemy/domains/de/test/auto/VariableDelay.xml
auto.tcl: Setting watchdog for 200 seconds at Mon Jun 06 02:10:25 UTC 2022
3 ms. Memory: 55296K Free: 35255K (64%)
ptolemy.util.test.WatchDog.cancel(): canceling Mon Jun 06 02:10:25 UTC 2022
auto.tcl: Setting watchdog for 200 seconds at Mon Jun 06 02:10:25 UTC 2022
2 ms. Memory: 55296K Free: 34247K (62%)
ptolemy.util.test.WatchDog.cancel(): canceling Mon Jun 06 02:10:25 UTC 2022
------------------ testing $PTII/ptolemy/domains/de/test/auto/VariableDelay2.xml
auto.tcl: Setting watchdog for 200 seconds at Mon Jun 06 02:10:25 UTC 2022
7 ms. Memory: 55296K Free: 35384K (64%)
ptolemy.util.test.WatchDog.cancel(): canceling Mon Jun 06 02:10:25 UTC 2022
auto.tcl: Setting watchdog for 200 seconds at Mon Jun 06 02:10:25 UTC 2022
2 ms. Memory: 55296K Free: 34699K (63%)
ptolemy.util.test.WatchDog.cancel(): canceling Mon Jun 06 02:10:25 UTC 2022
------------------ testing $PTII/ptolemy/domains/de/test/auto/VariableDelayZeroDelay.xml
auto.tcl: Setting watchdog for 200 seconds at Mon Jun 06 02:10:25 UTC 2022
2 ms. Memory: 55296K Free: 35721K (65%)
ptolemy.util.test.WatchDog.cancel(): canceling Mon Jun 06 02:10:25 UTC 2022
auto.tcl: Setting watchdog for 200 seconds at Mon Jun 06 02:10:25 UTC 2022
2 ms. Memory: 55296K Free: 35201K (64%)
ptolemy.util.test.WatchDog.cancel(): canceling Mon Jun 06 02:10:25 UTC 2022
------------------ testing $PTII/ptolemy/domains/de/test/auto/VariableDelayZeroDelay2.xml
auto.tcl: Setting watchdog for 200 seconds at Mon Jun 06 02:10:25 UTC 2022
2 ms. Memory: 55296K Free: 35720K (65%)
ptolemy.util.test.WatchDog.cancel(): canceling Mon Jun 06 02:10:25 UTC 2022
auto.tcl: Setting watchdog for 200 seconds at Mon Jun 06 02:10:25 UTC 2022
2 ms. Memory: 55296K Free: 34696K (63%)
ptolemy.util.test.WatchDog.cancel(): canceling Mon Jun 06 02:10:25 UTC 2022
------------------ testing $PTII/ptolemy/domains/de/test/auto/deInCt.xml
auto.tcl: Setting watchdog for 200 seconds at Mon Jun 06 02:10:25 UTC 2022
0
1
1
0
0
0
1
1
1
0
0
0
0
1
1
1
1
0
0
0
1
1
1
0
0
0
1
1
1
0
0
0
1
1
1
1
1
0
0
0
1
1
1
9 ms. Memory: 55296K Free: 34694K (63%)
ptolemy.util.test.WatchDog.cancel(): canceling Mon Jun 06 02:10:25 UTC 2022
auto.tcl: Setting watchdog for 200 seconds at Mon Jun 06 02:10:25 UTC 2022
0
1
1
1
0
0
0
1
1
1
0
0
0
1
1
1
0
0
0
1
1
1
0
0
0
1
1
0
0
0
1
1
1
1
0
0
0
1
1
1
0
0
0
1
1
1
0
0
0
1
1
0
0
0
0
11 ms. Memory: 55296K Free: 33156K (60%)
ptolemy.util.test.WatchDog.cancel(): canceling Mon Jun 06 02:10:25 UTC 2022
------------------ testing $PTII/ptolemy/domains/de/test/auto/deInCt2.xml
auto.tcl: Setting watchdog for 200 seconds at Mon Jun 06 02:10:25 UTC 2022
0
1
1
1
0
0
1
1
1
0
0
1
1
1
0
0
1
1
1
0
0
1
1
1
0
0
1
1
1
0
0
1
1
1
0
0
1
1
1
0
0
0
11 ms. Memory: 55296K Free: 34694K (63%)
ptolemy.util.test.WatchDog.cancel(): canceling Mon Jun 06 02:10:25 UTC 2022
auto.tcl: Setting watchdog for 200 seconds at Mon Jun 06 02:10:25 UTC 2022
0
1
1
1
0
0
1
1
1
0
0
1
1
1
0
0
1
1
1
0
0
1
1
1
0
0
1
1
1
0
0
1
1
1
0
0
1
1
1
0
0
0
4 ms. Memory: 55296K Free: 33156K (60%)
ptolemy.util.test.WatchDog.cancel(): canceling Mon Jun 06 02:10:25 UTC 2022
------------------ testing $PTII/ptolemy/domains/de/test/auto/dynamicCausalityInterface1.xml
auto.tcl: Setting watchdog for 200 seconds at Mon Jun 06 02:10:25 UTC 2022
1 ms. Memory: 55296K Free: 30592K (55%)
ptolemy.util.test.WatchDog.cancel(): canceling Mon Jun 06 02:10:25 UTC 2022
auto.tcl: Setting watchdog for 200 seconds at Mon Jun 06 02:10:25 UTC 2022
1 ms. Memory: 55296K Free: 30078K (54%)
ptolemy.util.test.WatchDog.cancel(): canceling Mon Jun 06 02:10:25 UTC 2022
------------------ testing $PTII/ptolemy/domains/de/test/auto/fsm_de_test.xml
auto.tcl: Setting watchdog for 200 seconds at Mon Jun 06 02:10:25 UTC 2022
5 ms. Memory: 55296K Free: 30491K (55%)
ptolemy.util.test.WatchDog.cancel(): canceling Mon Jun 06 02:10:25 UTC 2022
auto.tcl: Setting watchdog for 200 seconds at Mon Jun 06 02:10:25 UTC 2022
5 ms. Memory: 55296K Free: 28443K (51%)
ptolemy.util.test.WatchDog.cancel(): canceling Mon Jun 06 02:10:25 UTC 2022
------------------ testing $PTII/ptolemy/domains/de/test/auto/functionDependencyReconstruction.xml
auto.tcl: Setting watchdog for 200 seconds at Mon Jun 06 02:10:25 UTC 2022
3 ms. Memory: 55296K Free: 24336K (44%)
ptolemy.util.test.WatchDog.cancel(): canceling Mon Jun 06 02:10:25 UTC 2022
auto.tcl: Setting watchdog for 200 seconds at Mon Jun 06 02:10:25 UTC 2022
2 ms. Memory: 55296K Free: 22288K (40%)
ptolemy.util.test.WatchDog.cancel(): canceling Mon Jun 06 02:10:25 UTC 2022
------------------ testing $PTII/ptolemy/domains/de/test/auto/multirate.xml
auto.tcl: Setting watchdog for 200 seconds at Mon Jun 06 02:10:25 UTC 2022
7 ms. Memory: 55296K Free: 32906K (60%)
ptolemy.util.test.WatchDog.cancel(): canceling Mon Jun 06 02:10:25 UTC 2022
auto.tcl: Setting watchdog for 200 seconds at Mon Jun 06 02:10:25 UTC 2022
3 ms. Memory: 55296K Free: 31386K (57%)
ptolemy.util.test.WatchDog.cancel(): canceling Mon Jun 06 02:10:25 UTC 2022
------------------ testing $PTII/ptolemy/domains/de/test/auto/multirate2.xml
auto.tcl: Setting watchdog for 200 seconds at Mon Jun 06 02:10:25 UTC 2022
6 ms. Memory: 55296K Free: 33087K (60%)
ptolemy.util.test.WatchDog.cancel(): canceling Mon Jun 06 02:10:25 UTC 2022
auto.tcl: Setting watchdog for 200 seconds at Mon Jun 06 02:10:25 UTC 2022
3 ms. Memory: 55296K Free: 31567K (57%)
ptolemy.util.test.WatchDog.cancel(): canceling Mon Jun 06 02:10:25 UTC 2022
------------------ testing $PTII/ptolemy/domains/de/test/auto/realtime.xml
auto.tcl: Setting watchdog for 200 seconds at Mon Jun 06 02:10:25 UTC 2022
10002 ms. Memory: 55296K Free: 35177K (64%)
ptolemy.util.test.WatchDog.cancel(): canceling Mon Jun 06 02:10:35 UTC 2022
auto.tcl: Setting watchdog for 200 seconds at Mon Jun 06 02:10:35 UTC 2022
10002 ms. Memory: 55296K Free: 34153K (62%)
ptolemy.util.test.WatchDog.cancel(): canceling Mon Jun 06 02:10:45 UTC 2022
------------------ testing $PTII/ptolemy/domains/de/test/auto/relationGroup.xml
auto.tcl: Setting watchdog for 200 seconds at Mon Jun 06 02:10:45 UTC 2022
9 ms. Memory: 55296K Free: 36432K (66%)
ptolemy.util.test.WatchDog.cancel(): canceling Mon Jun 06 02:10:45 UTC 2022
auto.tcl: Setting watchdog for 200 seconds at Mon Jun 06 02:10:45 UTC 2022
2 ms. Memory: 55296K Free: 35920K (65%)
ptolemy.util.test.WatchDog.cancel(): canceling Mon Jun 06 02:10:45 UTC 2022
------------------ testing $PTII/ptolemy/domains/de/test/auto/relationGroup2.xml
auto.tcl: Setting watchdog for 200 seconds at Mon Jun 06 02:10:45 UTC 2022
1 ms. Memory: 55296K Free: 36253K (66%)
ptolemy.util.test.WatchDog.cancel(): canceling Mon Jun 06 02:10:45 UTC 2022
auto.tcl: Setting watchdog for 200 seconds at Mon Jun 06 02:10:45 UTC 2022
1 ms. Memory: 55296K Free: 35743K (65%)
ptolemy.util.test.WatchDog.cancel(): canceling Mon Jun 06 02:10:45 UTC 2022
------------------ testing $PTII/ptolemy/domains/de/test/auto/sortWithOpaquePorts.xml
auto.tcl: Setting watchdog for 200 seconds at Mon Jun 06 02:10:46 UTC 2022
1 ms. Memory: 55296K Free: 35744K (65%)
ptolemy.util.test.WatchDog.cancel(): canceling Mon Jun 06 02:10:46 UTC 2022
auto.tcl: Setting watchdog for 200 seconds at Mon Jun 06 02:10:46 UTC 2022
2 ms. Memory: 55296K Free: 34206K (62%)
ptolemy.util.test.WatchDog.cancel(): canceling Mon Jun 06 02:10:46 UTC 2022
------------------ testing $PTII/ptolemy/domains/de/test/auto/transferInputsandOutputs.xml
auto.tcl: Setting watchdog for 200 seconds at Mon Jun 06 02:10:46 UTC 2022
2 ms. Memory: 55296K Free: 32659K (59%)
ptolemy.util.test.WatchDog.cancel(): canceling Mon Jun 06 02:10:46 UTC 2022
auto.tcl: Setting watchdog for 200 seconds at Mon Jun 06 02:10:46 UTC 2022
2 ms. Memory: 55296K Free: 31635K (57%)
ptolemy.util.test.WatchDog.cancel(): canceling Mon Jun 06 02:10:46 UTC 2022
------------------ testing $PTII/ptolemy/domains/de/test/auto/triggerType.xml
auto.tcl: Setting watchdog for 200 seconds at Mon Jun 06 02:10:46 UTC 2022
2 ms. Memory: 55296K Free: 35684K (65%)
ptolemy.util.test.WatchDog.cancel(): canceling Mon Jun 06 02:10:46 UTC 2022
auto.tcl: Setting watchdog for 200 seconds at Mon Jun 06 02:10:46 UTC 2022
1 ms. Memory: 55296K Free: 34660K (63%)
ptolemy.util.test.WatchDog.cancel(): canceling Mon Jun 06 02:10:46 UTC 2022
06/06/22 02:10:46
Failed: 0  Total Tests: 192  ((Passed: 187, Newly Passed: 1)  Known Failed: 5) /home/travis/build/icyphy/ptII/ptolemy/domains/de/test
06/06/22 02:10:46
Failed: 0  Total Tests: 192  ((Passed: 187, Newly Passed: 1)  Known Failed: 5) /home/travis/build/icyphy/ptII/ptolemy/domains/de/test
----------------- testing (KnownFailure) /home/travis/build/icyphy/ptII/ptolemy/domains/de/test/auto/knownFailedTests/DESDFClockTest.xml
2011 ms. Memory: 55296K Free: 28569K (52%)
Known Failure: java.lang.reflect.InvocationTargetException
----------------- testing (KnownFailure) /home/travis/build/icyphy/ptII/ptolemy/domains/de/test/auto/knownFailedTests/DirectFeedback.xml
2 ms. Memory: 55296K Free: 24983K (45%)
Known Failure: java.lang.reflect.InvocationTargetException
----------------- testing (KnownFailure) /home/travis/build/icyphy/ptII/ptolemy/domains/de/test/auto/knownFailedTests/FSMSource.xml
7 ms. Memory: 55296K Free: 16791K (30%)
----------------- testing (KnownFailure) /home/travis/build/icyphy/ptII/ptolemy/domains/de/test/auto/knownFailedTests/HierarchicalModel.xml
3 ms. Memory: 55296K Free: 32184K (58%)
Known Failure: java.lang.reflect.InvocationTargetException
----------------- testing (KnownFailure) /home/travis/build/icyphy/ptII/ptolemy/domains/de/test/auto/knownFailedTests/dependencyLoop.xml
3 ms. Memory: 55296K Free: 17146K (31%)
Known Failure: java.lang.reflect.InvocationTargetException
----------------- testing (KnownFailure) /home/travis/build/icyphy/ptII/ptolemy/domains/de/test/auto/knownFailedTests/dependencyLoop2.xml
3 ms. Memory: 55296K Free: 32851K (59%)
Known Failure: java.lang.reflect.InvocationTargetException
No auto/linux-amd64/*.xml tests in /home/travis/build/icyphy/ptII/ptolemy/domains/de/test
AutoTests.java: About to close Vertx.
AutoTests.java: Vertx closed.

===========================================================================================
----------------- testing Mon Jun 06 02:10:48 UTC 2022 /home/travis/build/icyphy/ptII/ptolemy/domains/de/test/auto/ActorDepthCalculation_actorWithoutPorts.xml
----------------- Instantiating /home/travis/build/icyphy/ptII/ptolemy/domains/de/test/auto/ActorDepthCalculation_actorWithoutPorts.xml
1 ms. Memory: 55296K Free: 26067K (47%)
----------------- Invoking toplevel() on ptolemy.moml.MoMLSimpleApplication@3eb3abac
----------------- Done invoking toplevel() on ptolemy.moml.MoMLSimpleApplication@3eb3abac
reloadAllAccessors: .ActorDepthCalculation_actorWithoutPorts

===========================================================================================
----------------- testing Mon Jun 06 02:10:48 UTC 2022 /home/travis/build/icyphy/ptII/ptolemy/domains/de/test/auto/AssemblyLine.xml
----------------- Instantiating /home/travis/build/icyphy/ptII/ptolemy/domains/de/test/auto/AssemblyLine.xml
3 ms. Memory: 55296K Free: 18893K (34%)
----------------- Invoking toplevel() on ptolemy.moml.MoMLSimpleApplication@37d5dbe0
----------------- Done invoking toplevel() on ptolemy.moml.MoMLSimpleApplication@37d5dbe0
reloadAllAccessors: .AssemblyLine

===========================================================================================
----------------- testing Mon Jun 06 02:10:48 UTC 2022 /home/travis/build/icyphy/ptII/ptolemy/domains/de/test/auto/CQBug1.xml
----------------- Instantiating /home/travis/build/icyphy/ptII/ptolemy/domains/de/test/auto/CQBug1.xml
1 ms. Memory: 55296K Free: 15821K (29%)
----------------- Invoking toplevel() on ptolemy.moml.MoMLSimpleApplication@cfe7085
----------------- Done invoking toplevel() on ptolemy.moml.MoMLSimpleApplication@cfe7085
reloadAllAccessors: .CQBug1

===========================================================================================
----------------- testing Mon Jun 06 02:10:48 UTC 2022 /home/travis/build/icyphy/ptII/ptolemy/domains/de/test/auto/CancelFireAt.xml
----------------- Instantiating /home/travis/build/icyphy/ptII/ptolemy/domains/de/test/auto/CancelFireAt.xml
2 ms. Memory: 55296K Free: 13110K (24%)
----------------- Invoking toplevel() on ptolemy.moml.MoMLSimpleApplication@3ab434c8
----------------- Done invoking toplevel() on ptolemy.moml.MoMLSimpleApplication@3ab434c8
reloadAllAccessors: .CancelFireAt

===========================================================================================
----------------- testing Mon Jun 06 02:10:48 UTC 2022 /home/travis/build/icyphy/ptII/ptolemy/domains/de/test/auto/CausalityAndComposabilityAnalysis.xml
----------------- Instantiating /home/travis/build/icyphy/ptII/ptolemy/domains/de/test/auto/CausalityAndComposabilityAnalysis.xml
2 ms. Memory: 55296K Free: 8960K (16%)
----------------- Invoking toplevel() on ptolemy.moml.MoMLSimpleApplication@73c179e8
----------------- Done invoking toplevel() on ptolemy.moml.MoMLSimpleApplication@73c179e8
reloadAllAccessors: .CausalityAndComposabilityAnalysis

===========================================================================================
----------------- testing Mon Jun 06 02:10:48 UTC 2022 /home/travis/build/icyphy/ptII/ptolemy/domains/de/test/auto/CausalityInterface1.xml
----------------- Instantiating /home/travis/build/icyphy/ptII/ptolemy/domains/de/test/auto/CausalityInterface1.xml
5 ms. Memory: 55296K Free: 35171K (64%)
----------------- Invoking toplevel() on ptolemy.moml.MoMLSimpleApplication@595e1fab
----------------- Done invoking toplevel() on ptolemy.moml.MoMLSimpleApplication@595e1fab
reloadAllAccessors: .CausalityInterface1

===========================================================================================
----------------- testing Mon Jun 06 02:10:48 UTC 2022 /home/travis/build/icyphy/ptII/ptolemy/domains/de/test/auto/CausalityInterface15.xml
----------------- Instantiating /home/travis/build/icyphy/ptII/ptolemy/domains/de/test/auto/CausalityInterface15.xml
1 ms. Memory: 55296K Free: 29697K (54%)
----------------- Invoking toplevel() on ptolemy.moml.MoMLSimpleApplication@2ca1ecd8
----------------- Done invoking toplevel() on ptolemy.moml.MoMLSimpleApplication@2ca1ecd8
reloadAllAccessors: .CausalityInterface15

===========================================================================================
----------------- testing Mon Jun 06 02:10:48 UTC 2022 /home/travis/build/icyphy/ptII/ptolemy/domains/de/test/auto/CausalityInterface2.xml
----------------- Instantiating /home/travis/build/icyphy/ptII/ptolemy/domains/de/test/auto/CausalityInterface2.xml
1 ms. Memory: 55296K Free: 25240K (46%)
[...]
	at ptolemy.actor.Manager.run(Manager.java:1263)
	at ptolemy.actor.Manager$PtolemyRunThread.run(Manager.java:1933)
java.lang.RuntimeException: Execution failed
	at ptolemy.moml.MoMLSimpleApplication$UnloadThread.run(MoMLSimpleApplication.java:402)
Caused by: ptolemy.kernel.util.IllegalActionException: Actor is not ready to fire.  Perhaps UpSample.prefire() returned false? Try debugging the actor by selecting "Listen to Actor".  Also, for SDF check moml for tokenConsumptionRate on input.
  in .DESDFClockTest.Play Bell.Copy1:SDF Director and .DESDFClockTest.Play Bell.UpSample
	at ptolemy.actor.sched.StaticSchedulingDirector.fire(StaticSchedulingDirector.java:227)
	at ptolemy.domains.sdf.kernel.SDFDirector.fire(SDFDirector.java:500)
	at ptolemy.actor.CompositeActor.fire(CompositeActor.java:455)
	at ptolemy.domains.de.kernel.DEDirector._fire(DEDirector.java:1949)
	at ptolemy.domains.de.kernel.DEDirector.fire(DEDirector.java:502)
	at ptolemy.actor.CompositeActor.fire(CompositeActor.java:455)
	at ptolemy.actor.Manager.iterate(Manager.java:851)
	at ptolemy.actor.Manager.execute(Manager.java:369)
	at ptolemy.actor.Manager.run(Manager.java:1263)
	at ptolemy.actor.Manager$PtolemyRunThread.run(Manager.java:1933)
java.lang.reflect.InvocationTargetException
	at java.base/jdk.internal.reflect.NativeConstructorAccessorImpl.newInstance0(Native Method)
	at java.base/jdk.internal.reflect.NativeConstructorAccessorImpl.newInstance(NativeConstructorAccessorImpl.java:62)
	at java.base/jdk.internal.reflect.DelegatingConstructorAccessorImpl.newInstance(DelegatingConstructorAccessorImpl.java:45)
	at java.base/java.lang.reflect.Constructor.newInstance(Constructor.java:490)
	at ptolemy.util.test.junit.AutoKnownFailedTests.RunModel(AutoKnownFailedTests.java:105)
	at java.base/jdk.internal.reflect.NativeMethodAccessorImpl.invoke0(Native Method)
	at java.base/jdk.internal.reflect.NativeMethodAccessorImpl.invoke(NativeMethodAccessorImpl.java:62)
	at java.base/jdk.internal.reflect.DelegatingMethodAccessorImpl.invoke(DelegatingMethodAccessorImpl.java:43)
	at java.base/java.lang.reflect.Method.invoke(Method.java:566)
	at org.junit.runners.model.FrameworkMethod$1.runReflectiveCall(FrameworkMethod.java:44)
	at org.junit.internal.runners.model.ReflectiveCallable.run(ReflectiveCallable.java:15)
	at org.junit.runners.model.FrameworkMethod.invokeExplosively(FrameworkMethod.java:41)
	at junitparams.internal.InvokeParameterisedMethod.evaluate(InvokeParameterisedMethod.java:102)
	at org.junit.internal.runners.statements.FailOnTimeout$1.run(FailOnTimeout.java:28)
Caused by: ptolemy.kernel.util.IllegalActionException: Actor is not ready to fire.  Perhaps UpSample.prefire() returned false? Try debugging the actor by selecting "Listen to Actor".  Also, for SDF check moml for tokenConsumptionRate on input.
  in .DESDFClockTest.Play Bell.Copy1:SDF Director and .DESDFClockTest.Play Bell.UpSample
	at ptolemy.actor.sched.StaticSchedulingDirector.fire(StaticSchedulingDirector.java:227)
	at ptolemy.domains.sdf.kernel.SDFDirector.fire(SDFDirector.java:500)
	at ptolemy.actor.CompositeActor.fire(CompositeActor.java:455)
	at ptolemy.domains.de.kernel.DEDirector._fire(DEDirector.java:1949)
	at ptolemy.domains.de.kernel.DEDirector.fire(DEDirector.java:502)
	at ptolemy.actor.CompositeActor.fire(CompositeActor.java:455)
	at ptolemy.actor.Manager.iterate(Manager.java:851)
	at ptolemy.actor.Manager.execute(Manager.java:369)
	at ptolemy.actor.Manager.run(Manager.java:1263)
	at ptolemy.actor.Manager$PtolemyRunThread.run(Manager.java:1933)
java.lang.RuntimeException: Execution failed
	at ptolemy.moml.MoMLSimpleApplication$UnloadThread.run(MoMLSimpleApplication.java:402)
Caused by: ptolemy.kernel.util.IllegalActionException: Test fails in iteration 1.
Value was: 1.0. Should have been: 2.0
  in .DirectFeedback.Test
	at ptolemy.actor.lib.Test.fire(Test.java:268)
	at ptolemy.domains.de.kernel.DEDirector._fire(DEDirector.java:1949)
	at ptolemy.domains.de.kernel.DEDirector.fire(DEDirector.java:502)
	at ptolemy.actor.CompositeActor.fire(CompositeActor.java:455)
	at ptolemy.actor.Manager.iterate(Manager.java:851)
	at ptolemy.actor.Manager.execute(Manager.java:369)
	at ptolemy.actor.Manager.run(Manager.java:1263)
	at ptolemy.actor.Manager$PtolemyRunThread.run(Manager.java:1933)
java.lang.reflect.InvocationTargetException
	at java.base/jdk.internal.reflect.NativeConstructorAccessorImpl.newInstance0(Native Method)
	at java.base/jdk.internal.reflect.NativeConstructorAccessorImpl.newInstance(NativeConstructorAccessorImpl.java:62)
	at java.base/jdk.internal.reflect.DelegatingConstructorAccessorImpl.newInstance(DelegatingConstructorAccessorImpl.java:45)
	at java.base/java.lang.reflect.Constructor.newInstance(Constructor.java:490)
	at ptolemy.util.test.junit.AutoKnownFailedTests.RunModel(AutoKnownFailedTests.java:105)
	at java.base/jdk.internal.reflect.NativeMethodAccessorImpl.invoke0(Native Method)
	at java.base/jdk.internal.reflect.NativeMethodAccessorImpl.invoke(NativeMethodAccessorImpl.java:62)
	at java.base/jdk.internal.reflect.DelegatingMethodAccessorImpl.invoke(DelegatingMethodAccessorImpl.java:43)
	at java.base/java.lang.reflect.Method.invoke(Method.java:566)
	at org.junit.runners.model.FrameworkMethod$1.runReflectiveCall(FrameworkMethod.java:44)
	at org.junit.internal.runners.model.ReflectiveCallable.run(ReflectiveCallable.java:15)
	at org.junit.runners.model.FrameworkMethod.invokeExplosively(FrameworkMethod.java:41)
	at junitparams.internal.InvokeParameterisedMethod.evaluate(InvokeParameterisedMethod.java:102)
	at org.junit.internal.runners.statements.FailOnTimeout$1.run(FailOnTimeout.java:28)
Caused by: ptolemy.kernel.util.IllegalActionException: Test fails in iteration 1.
Value was: 1.0. Should have been: 2.0
  in .DirectFeedback.Test
	at ptolemy.actor.lib.Test.fire(Test.java:268)
	at ptolemy.domains.de.kernel.DEDirector._fire(DEDirector.java:1949)
	at ptolemy.domains.de.kernel.DEDirector.fire(DEDirector.java:502)
	at ptolemy.actor.CompositeActor.fire(CompositeActor.java:455)
	at ptolemy.actor.Manager.iterate(Manager.java:851)
	at ptolemy.actor.Manager.execute(Manager.java:369)
	at ptolemy.actor.Manager.run(Manager.java:1263)
	at ptolemy.actor.Manager$PtolemyRunThread.run(Manager.java:1933)
java.lang.RuntimeException: Execution failed
	at ptolemy.moml.MoMLSimpleApplication$UnloadThread.run(MoMLSimpleApplication.java:402)
Caused by: ptolemy.kernel.util.IllegalActionException: Found a zero delay loop containing .HierarchicalModel.A
  in .HierarchicalModel and .HierarchicalModel.A
	at ptolemy.actor.util.CausalityInterfaceForComposites._computeOutputPortDepth(CausalityInterfaceForComposites.java:759)
	at ptolemy.actor.util.CausalityInterfaceForComposites._computeInputDepth(CausalityInterfaceForComposites.java:696)
	at ptolemy.actor.util.CausalityInterfaceForComposites._computeOutputPortDepth(CausalityInterfaceForComposites.java:765)
	at ptolemy.actor.util.CausalityInterfaceForComposites._computeInputDepth(CausalityInterfaceForComposites.java:696)
	at ptolemy.actor.util.CausalityInterfaceForComposites._computeOutputPortDepth(CausalityInterfaceForComposites.java:765)
	at ptolemy.actor.util.CausalityInterfaceForComposites._computeInputDepth(CausalityInterfaceForComposites.java:696)
	at ptolemy.actor.util.CausalityInterfaceForComposites._computeActorDepth(CausalityInterfaceForComposites.java:532)
	at ptolemy.actor.util.CausalityInterfaceForComposites.checkForCycles(CausalityInterfaceForComposites.java:96)
	at ptolemy.domains.de.kernel.DEDirector.preinitialize(DEDirector.java:1338)
	at ptolemy.actor.CompositeActor.preinitialize(CompositeActor.java:1828)
	at ptolemy.actor.Manager.preinitializeAndResolveTypes(Manager.java:1040)
	at ptolemy.actor.Manager.initialize(Manager.java:710)
	at ptolemy.actor.Manager.execute(Manager.java:356)
	at ptolemy.actor.Manager.run(Manager.java:1263)
	at ptolemy.actor.Manager$PtolemyRunThread.run(Manager.java:1933)
java.lang.reflect.InvocationTargetException
	at java.base/jdk.internal.reflect.NativeConstructorAccessorImpl.newInstance0(Native Method)
	at java.base/jdk.internal.reflect.NativeConstructorAccessorImpl.newInstance(NativeConstructorAccessorImpl.java:62)
	at java.base/jdk.internal.reflect.DelegatingConstructorAccessorImpl.newInstance(DelegatingConstructorAccessorImpl.java:45)
	at java.base/java.lang.reflect.Constructor.newInstance(Constructor.java:490)
	at ptolemy.util.test.junit.AutoKnownFailedTests.RunModel(AutoKnownFailedTests.java:105)
	at java.base/jdk.internal.reflect.NativeMethodAccessorImpl.invoke0(Native Method)
	at java.base/jdk.internal.reflect.NativeMethodAccessorImpl.invoke(NativeMethodAccessorImpl.java:62)
	at java.base/jdk.internal.reflect.DelegatingMethodAccessorImpl.invoke(DelegatingMethodAccessorImpl.java:43)
	at java.base/java.lang.reflect.Method.invoke(Method.java:566)
	at org.junit.runners.model.FrameworkMethod$1.runReflectiveCall(FrameworkMethod.java:44)
	at org.junit.internal.runners.model.ReflectiveCallable.run(ReflectiveCallable.java:15)
	at org.junit.runners.model.FrameworkMethod.invokeExplosively(FrameworkMethod.java:41)
	at junitparams.internal.InvokeParameterisedMethod.evaluate(InvokeParameterisedMethod.java:102)
	at org.junit.internal.runners.statements.FailOnTimeout$1.run(FailOnTimeout.java:28)
Caused by: ptolemy.kernel.util.IllegalActionException: Found a zero delay loop containing .HierarchicalModel.A
  in .HierarchicalModel and .HierarchicalModel.A
	at ptolemy.actor.util.CausalityInterfaceForComposites._computeOutputPortDepth(CausalityInterfaceForComposites.java:759)
	at ptolemy.actor.util.CausalityInterfaceForComposites._computeInputDepth(CausalityInterfaceForComposites.java:696)
	at ptolemy.actor.util.CausalityInterfaceForComposites._computeOutputPortDepth(CausalityInterfaceForComposites.java:765)
	at ptolemy.actor.util.CausalityInterfaceForComposites._computeInputDepth(CausalityInterfaceForComposites.java:696)
	at ptolemy.actor.util.CausalityInterfaceForComposites._computeOutputPortDepth(CausalityInterfaceForComposites.java:765)
	at ptolemy.actor.util.CausalityInterfaceForComposites._computeInputDepth(CausalityInterfaceForComposites.java:696)
	at ptolemy.actor.util.CausalityInterfaceForComposites._computeActorDepth(CausalityInterfaceForComposites.java:532)
	at ptolemy.actor.util.CausalityInterfaceForComposites.checkForCycles(CausalityInterfaceForComposites.java:96)
	at ptolemy.domains.de.kernel.DEDirector.preinitialize(DEDirector.java:1338)
	at ptolemy.actor.CompositeActor.preinitialize(CompositeActor.java:1828)
	at ptolemy.actor.Manager.preinitializeAndResolveTypes(Manager.java:1040)
	at ptolemy.actor.Manager.initialize(Manager.java:710)
	at ptolemy.actor.Manager.execute(Manager.java:356)
	at ptolemy.actor.Manager.run(Manager.java:1263)
	at ptolemy.actor.Manager$PtolemyRunThread.run(Manager.java:1933)
java.lang.RuntimeException: Execution failed
	at ptolemy.moml.MoMLSimpleApplication$UnloadThread.run(MoMLSimpleApplication.java:402)
Caused by: ptolemy.kernel.util.IllegalActionException: Found a zero delay loop containing .dependencyLoop.original
  in .dependencyLoop and .dependencyLoop.original
	at ptolemy.actor.util.CausalityInterfaceForComposites._computeOutputPortDepth(CausalityInterfaceForComposites.java:759)
	at ptolemy.actor.util.CausalityInterfaceForComposites._computeInputDepth(CausalityInterfaceForComposites.java:696)
	at ptolemy.actor.util.CausalityInterfaceForComposites._computeOutputPortDepth(CausalityInterfaceForComposites.java:765)
	at ptolemy.actor.util.CausalityInterfaceForComposites._computeInputDepth(CausalityInterfaceForComposites.java:696)
	at ptolemy.actor.util.CausalityInterfaceForComposites._computeOutputPortDepth(CausalityInterfaceForComposites.java:765)
	at ptolemy.actor.util.CausalityInterfaceForComposites._computeInputDepth(CausalityInterfaceForComposites.java:696)
	at ptolemy.actor.util.CausalityInterfaceForComposites._computeActorDepth(CausalityInterfaceForComposites.java:532)
	at ptolemy.actor.util.CausalityInterfaceForComposites.checkForCycles(CausalityInterfaceForComposites.java:96)
	at ptolemy.domains.de.kernel.DEDirector.preinitialize(DEDirector.java:1338)
	at ptolemy.actor.CompositeActor.preinitialize(CompositeActor.java:1828)
	at ptolemy.actor.Manager.preinitializeAndResolveTypes(Manager.java:1040)
	at ptolemy.actor.Manager.initialize(Manager.java:710)
	at ptolemy.actor.Manager.execute(Manager.java:356)
	at ptolemy.actor.Manager.run(Manager.java:1263)
	at ptolemy.actor.Manager$PtolemyRunThread.run(Manager.java:1933)
java.lang.reflect.InvocationTargetException
	at java.base/jdk.internal.reflect.NativeConstructorAccessorImpl.newInstance0(Native Method)
	at java.base/jdk.internal.reflect.NativeConstructorAccessorImpl.newInstance(NativeConstructorAccessorImpl.java:62)
	at java.base/jdk.internal.reflect.DelegatingConstructorAccessorImpl.newInstance(DelegatingConstructorAccessorImpl.java:45)
	at java.base/java.lang.reflect.Constructor.newInstance(Constructor.java:490)
	at ptolemy.util.test.junit.AutoKnownFailedTests.RunModel(AutoKnownFailedTests.java:105)
	at java.base/jdk.internal.reflect.NativeMethodAccessorImpl.invoke0(Native Method)
	at java.base/jdk.internal.reflect.NativeMethodAccessorImpl.invoke(NativeMethodAccessorImpl.java:62)
	at java.base/jdk.internal.reflect.DelegatingMethodAccessorImpl.invoke(DelegatingMethodAccessorImpl.java:43)
	at java.base/java.lang.reflect.Method.invoke(Method.java:566)
	at org.junit.runners.model.FrameworkMethod$1.runReflectiveCall(FrameworkMethod.java:44)
	at org.junit.internal.runners.model.ReflectiveCallable.run(ReflectiveCallable.java:15)
	at org.junit.runners.model.FrameworkMethod.invokeExplosively(FrameworkMethod.java:41)
	at junitparams.internal.InvokeParameterisedMethod.evaluate(InvokeParameterisedMethod.java:102)
	at org.junit.internal.runners.statements.FailOnTimeout$1.run(FailOnTimeout.java:28)
Caused by: ptolemy.kernel.util.IllegalActionException: Found a zero delay loop containing .dependencyLoop.original
  in .dependencyLoop and .dependencyLoop.original
	at ptolemy.actor.util.CausalityInterfaceForComposites._computeOutputPortDepth(CausalityInterfaceForComposites.java:759)
	at ptolemy.actor.util.CausalityInterfaceForComposites._computeInputDepth(CausalityInterfaceForComposites.java:696)
	at ptolemy.actor.util.CausalityInterfaceForComposites._computeOutputPortDepth(CausalityInterfaceForComposites.java:765)
	at ptolemy.actor.util.CausalityInterfaceForComposites._computeInputDepth(CausalityInterfaceForComposites.java:696)
	at ptolemy.actor.util.CausalityInterfaceForComposites._computeOutputPortDepth(CausalityInterfaceForComposites.java:765)
	at ptolemy.actor.util.CausalityInterfaceForComposites._computeInputDepth(CausalityInterfaceForComposites.java:696)
	at ptolemy.actor.util.CausalityInterfaceForComposites._computeActorDepth(CausalityInterfaceForComposites.java:532)
	at ptolemy.actor.util.CausalityInterfaceForComposites.checkForCycles(CausalityInterfaceForComposites.java:96)
	at ptolemy.domains.de.kernel.DEDirector.preinitialize(DEDirector.java:1338)
	at ptolemy.actor.CompositeActor.preinitialize(CompositeActor.java:1828)
	at ptolemy.actor.Manager.preinitializeAndResolveTypes(Manager.java:1040)
	at ptolemy.actor.Manager.initialize(Manager.java:710)
	at ptolemy.actor.Manager.execute(Manager.java:356)
	at ptolemy.actor.Manager.run(Manager.java:1263)
	at ptolemy.actor.Manager$PtolemyRunThread.run(Manager.java:1933)
java.lang.RuntimeException: Execution failed
	at ptolemy.moml.MoMLSimpleApplication$UnloadThread.run(MoMLSimpleApplication.java:402)
Caused by: ptolemy.kernel.util.IllegalActionException: Found a zero delay loop containing .dependencyLoop2.original
  in .dependencyLoop2 and .dependencyLoop2.original
	at ptolemy.actor.util.CausalityInterfaceForComposites._computeOutputPortDepth(CausalityInterfaceForComposites.java:759)
	at ptolemy.actor.util.CausalityInterfaceForComposites._computeInputDepth(CausalityInterfaceForComposites.java:696)
	at ptolemy.actor.util.CausalityInterfaceForComposites._computeOutputPortDepth(CausalityInterfaceForComposites.java:765)
	at ptolemy.actor.util.CausalityInterfaceForComposites._computeInputDepth(CausalityInterfaceForComposites.java:696)
	at ptolemy.actor.util.CausalityInterfaceForComposites._computeOutputPortDepth(CausalityInterfaceForComposites.java:765)
	at ptolemy.actor.util.CausalityInterfaceForComposites._computeInputDepth(CausalityInterfaceForComposites.java:696)
	at ptolemy.actor.util.CausalityInterfaceForComposites._computeActorDepth(CausalityInterfaceForComposites.java:532)
	at ptolemy.actor.util.CausalityInterfaceForComposites.checkForCycles(CausalityInterfaceForComposites.java:96)
	at ptolemy.domains.de.kernel.DEDirector.preinitialize(DEDirector.java:1338)
	at ptolemy.actor.CompositeActor.preinitialize(CompositeActor.java:1828)
	at ptolemy.actor.Manager.preinitializeAndResolveTypes(Manager.java:1040)
	at ptolemy.actor.Manager.initialize(Manager.java:710)
	at ptolemy.actor.Manager.execute(Manager.java:356)
	at ptolemy.actor.Manager.run(Manager.java:1263)
	at ptolemy.actor.Manager$PtolemyRunThread.run(Manager.java:1933)
java.lang.reflect.InvocationTargetException
	at java.base/jdk.internal.reflect.NativeConstructorAccessorImpl.newInstance0(Native Method)
	at java.base/jdk.internal.reflect.NativeConstructorAccessorImpl.newInstance(NativeConstructorAccessorImpl.java:62)
	at java.base/jdk.internal.reflect.DelegatingConstructorAccessorImpl.newInstance(DelegatingConstructorAccessorImpl.java:45)
	at java.base/java.lang.reflect.Constructor.newInstance(Constructor.java:490)
	at ptolemy.util.test.junit.AutoKnownFailedTests.RunModel(AutoKnownFailedTests.java:105)
	at java.base/jdk.internal.reflect.NativeMethodAccessorImpl.invoke0(Native Method)
	at java.base/jdk.internal.reflect.NativeMethodAccessorImpl.invoke(NativeMethodAccessorImpl.java:62)
	at java.base/jdk.internal.reflect.DelegatingMethodAccessorImpl.invoke(DelegatingMethodAccessorImpl.java:43)
	at java.base/java.lang.reflect.Method.invoke(Method.java:566)
	at org.junit.runners.model.FrameworkMethod$1.runReflectiveCall(FrameworkMethod.java:44)
	at org.junit.internal.runners.model.ReflectiveCallable.run(ReflectiveCallable.java:15)
	at org.junit.runners.model.FrameworkMethod.invokeExplosively(FrameworkMethod.java:41)
	at junitparams.internal.InvokeParameterisedMethod.evaluate(InvokeParameterisedMethod.java:102)
	at org.junit.internal.runners.statements.FailOnTimeout$1.run(FailOnTimeout.java:28)
Caused by: ptolemy.kernel.util.IllegalActionException: Found a zero delay loop containing .dependencyLoop2.original
  in .dependencyLoop2 and .dependencyLoop2.original
	at ptolemy.actor.util.CausalityInterfaceForComposites._computeOutputPortDepth(CausalityInterfaceForComposites.java:759)
	at ptolemy.actor.util.CausalityInterfaceForComposites._computeInputDepth(CausalityInterfaceForComposites.java:696)
	at ptolemy.actor.util.CausalityInterfaceForComposites._computeOutputPortDepth(CausalityInterfaceForComposites.java:765)
	at ptolemy.actor.util.CausalityInterfaceForComposites._computeInputDepth(CausalityInterfaceForComposites.java:696)
	at ptolemy.actor.util.CausalityInterfaceForComposites._computeOutputPortDepth(CausalityInterfaceForComposites.java:765)
	at ptolemy.actor.util.CausalityInterfaceForComposites._computeInputDepth(CausalityInterfaceForComposites.java:696)
	at ptolemy.actor.util.CausalityInterfaceForComposites._computeActorDepth(CausalityInterfaceForComposites.java:532)
	at ptolemy.actor.util.CausalityInterfaceForComposites.checkForCycles(CausalityInterfaceForComposites.java:96)
	at ptolemy.domains.de.kernel.DEDirector.preinitialize(DEDirector.java:1338)
	at ptolemy.actor.CompositeActor.preinitialize(CompositeActor.java:1828)
	at ptolemy.actor.Manager.preinitializeAndResolveTypes(Manager.java:1040)
	at ptolemy.actor.Manager.initialize(Manager.java:710)
	at ptolemy.actor.Manager.execute(Manager.java:356)
	at ptolemy.actor.Manager.run(Manager.java:1263)
	at ptolemy.actor.Manager$PtolemyRunThread.run(Manager.java:1933)
]]></system-err>
</testsuite>
