<?xml version="1.0" encoding="UTF-8" ?>
<testsuite errors="0" failures="0" hostname="travis-job-71613cda-ab20-4b75-817b-9d76f4ae1c35" name="ptolemy.domains.sdf.test.junit.JUnitTclTest" skipped="0" tests="66" time="20.742" timestamp="2019-08-03T05:51:52">
  <properties>
[...]
</properties>
  <testcase classname="ptolemy.util.test.junit.TclTests" name="[0] /home/travis/build/icyphy/ptII/ptolemy/domains/sdf/test/SDFSchedulerErrors.tcl (RunTclFile)" time="0.909" />
  <testcase classname="ptolemy.util.test.junit.TclTests" name="[1] /home/travis/build/icyphy/ptII/ptolemy/domains/sdf/test/composition.tcl (RunTclFile)" time="0.182" />
  <testcase classname="ptolemy.util.test.junit.TclTests" name="[2] /home/travis/build/icyphy/ptII/ptolemy/domains/sdf/test/cycle.tcl (RunTclFile)" time="0.06" />
  <testcase classname="ptolemy.util.test.junit.AutoKnownFailedTests" name="[0] ThereAreNoKnowFailedTests (RunModel)" time="0.017" />
  <testcase classname="ptolemy.util.test.junit.AutoNameArchTests" name="[0] ThereAreNoAutoArchTests (RunModel)" time="0.012" />
  <testcase classname="ptolemy.util.test.junit.AutoTests" name="[0] /home/travis/build/icyphy/ptII/ptolemy/domains/sdf/test/auto/Array.xml (RunModel)" time="0.261" />
  <testcase classname="ptolemy.util.test.junit.AutoTests" name="[1] /home/travis/build/icyphy/ptII/ptolemy/domains/sdf/test/auto/Butterfly.xml (RunModel)" time="0.177" />
  <testcase classname="ptolemy.util.test.junit.AutoTests" name="[2] /home/travis/build/icyphy/ptII/ptolemy/domains/sdf/test/auto/Expression.xml (RunModel)" time="0.106" />
  <testcase classname="ptolemy.util.test.junit.AutoTests" name="[3] /home/travis/build/icyphy/ptII/ptolemy/domains/sdf/test/auto/Eye.xml (RunModel)" time="0.367" />
  <testcase classname="ptolemy.util.test.junit.AutoTests" name="[4] /home/travis/build/icyphy/ptII/ptolemy/domains/sdf/test/auto/FixFIR.xml (RunModel)" time="0.449" />
  <testcase classname="ptolemy.util.test.junit.AutoTests" name="[5] /home/travis/build/icyphy/ptII/ptolemy/domains/sdf/test/auto/FixPoint.xml (RunModel)" time="0.053" />
  <testcase classname="ptolemy.util.test.junit.AutoTests" name="[6] /home/travis/build/icyphy/ptII/ptolemy/domains/sdf/test/auto/Gravitation.xml (RunModel)" time="3.291" />
  <testcase classname="ptolemy.util.test.junit.AutoTests" name="[7] /home/travis/build/icyphy/ptII/ptolemy/domains/sdf/test/auto/GravitationWithCollisionDetection.xml (RunModel)" time="6.392" />
  <testcase classname="ptolemy.util.test.junit.AutoTests" name="[8] /home/travis/build/icyphy/ptII/ptolemy/domains/sdf/test/auto/HDF.xml (RunModel)" time="0.07" />
  <testcase classname="ptolemy.util.test.junit.AutoTests" name="[9] /home/travis/build/icyphy/ptII/ptolemy/domains/sdf/test/auto/HDFwithTransientStates.xml (RunModel)" time="0.106" />
  <testcase classname="ptolemy.util.test.junit.AutoTests" name="[10] /home/travis/build/icyphy/ptII/ptolemy/domains/sdf/test/auto/HTVQ.xml (RunModel)" time="0.89" />
  <testcase classname="ptolemy.util.test.junit.AutoTests" name="[11] /home/travis/build/icyphy/ptII/ptolemy/domains/sdf/test/auto/InferInitProduction.xml (RunModel)" time="0.031" />
  <testcase classname="ptolemy.util.test.junit.AutoTests" name="[12] /home/travis/build/icyphy/ptII/ptolemy/domains/sdf/test/auto/InferInitProductionDeeper.xml (RunModel)" time="0.019" />
  <testcase classname="ptolemy.util.test.junit.AutoTests" name="[13] /home/travis/build/icyphy/ptII/ptolemy/domains/sdf/test/auto/LMSAdaptive.xml (RunModel)" time="0.06" />
  <testcase classname="ptolemy.util.test.junit.AutoTests" name="[14] /home/travis/build/icyphy/ptII/ptolemy/domains/sdf/test/auto/LogisticMap.xml (RunModel)" time="0.463" />
  <testcase classname="ptolemy.util.test.junit.AutoTests" name="[15] /home/travis/build/icyphy/ptII/ptolemy/domains/sdf/test/auto/MaximumEntropySpectrum.xml (RunModel)" time="0.291" />
  <testcase classname="ptolemy.util.test.junit.AutoTests" name="[16] /home/travis/build/icyphy/ptII/ptolemy/domains/sdf/test/auto/MultirateSDF.xml (RunModel)" time="0.071" />
  <testcase classname="ptolemy.util.test.junit.AutoTests" name="[17] /home/travis/build/icyphy/ptII/ptolemy/domains/sdf/test/auto/MultirateSDFwithTransientStates.xml (RunModel)" time="0.089" />
  <testcase classname="ptolemy.util.test.junit.AutoTests" name="[18] /home/travis/build/icyphy/ptII/ptolemy/domains/sdf/test/auto/NoisySinewave.xml (RunModel)" time="0.066" />
  <testcase classname="ptolemy.util.test.junit.AutoTests" name="[19] /home/travis/build/icyphy/ptII/ptolemy/domains/sdf/test/auto/Objects.xml (RunModel)" time="0.048" />
  <testcase classname="ptolemy.util.test.junit.AutoTests" name="[20] /home/travis/build/icyphy/ptII/ptolemy/domains/sdf/test/auto/OrthogonalCom.xml (RunModel)" time="0.043" />
  <testcase classname="ptolemy.util.test.junit.AutoTests" name="[21] /home/travis/build/icyphy/ptII/ptolemy/domains/sdf/test/auto/RijndaelEncryption.xml (RunModel)" time="0.647" />
  <testcase classname="ptolemy.util.test.junit.AutoTests" name="[22] /home/travis/build/icyphy/ptII/ptolemy/domains/sdf/test/auto/SDFEmptyIterations.xml (RunModel)" time="0.02" />
  <testcase classname="ptolemy.util.test.junit.AutoTests" name="[23] /home/travis/build/icyphy/ptII/ptolemy/domains/sdf/test/auto/Spectrum.xml (RunModel)" time="0.105" />
  <testcase classname="ptolemy.util.test.junit.AutoTests" name="[24] /home/travis/build/icyphy/ptII/ptolemy/domains/sdf/test/auto/de_inside_sdf.xml (RunModel)" time="0.025" />
  <testcase classname="ptolemy.util.test.junit.AutoTests" name="[25] /home/travis/build/icyphy/ptII/ptolemy/domains/sdf/test/auto/disconnectedHierarchicalSDF.xml (RunModel)" time="0.026" />
  <testcase classname="ptolemy.util.test.junit.AutoTests" name="[26] /home/travis/build/icyphy/ptII/ptolemy/domains/sdf/test/auto/disconnectedSDF.xml (RunModel)" time="0.019" />
  <testcase classname="ptolemy.util.test.junit.AutoTests" name="[27] /home/travis/build/icyphy/ptII/ptolemy/domains/sdf/test/auto/emptyRefinement.xml (RunModel)" time="0.014" />
  <testcase classname="ptolemy.util.test.junit.AutoTests" name="[28] /home/travis/build/icyphy/ptII/ptolemy/domains/sdf/test/auto/filePortParameter.xml (RunModel)" time="0.04" />
  <testcase classname="ptolemy.util.test.junit.AutoTests" name="[29] /home/travis/build/icyphy/ptII/ptolemy/domains/sdf/test/auto/inferRelationWidth1.xml (RunModel)" time="0.018" />
  <testcase classname="ptolemy.util.test.junit.AutoTests" name="[30] /home/travis/build/icyphy/ptII/ptolemy/domains/sdf/test/auto/initProductionInference.xml (RunModel)" time="0.022" />
  <testcase classname="ptolemy.util.test.junit.AutoTests" name="[31] /home/travis/build/icyphy/ptII/ptolemy/domains/sdf/test/auto/relationGroup.xml (RunModel)" time="0.018" />
  <testcase classname="ptolemy.util.test.junit.AutoTests" name="[32] /home/travis/build/icyphy/ptII/ptolemy/domains/sdf/test/auto/relationGroup10.xml (RunModel)" time="0.014" />
  <testcase classname="ptolemy.util.test.junit.AutoTests" name="[33] /home/travis/build/icyphy/ptII/ptolemy/domains/sdf/test/auto/relationGroup11.xml (RunModel)" time="0.015" />
  <testcase classname="ptolemy.util.test.junit.AutoTests" name="[34] /home/travis/build/icyphy/ptII/ptolemy/domains/sdf/test/auto/relationGroup12.xml (RunModel)" time="0.014" />
  <testcase classname="ptolemy.util.test.junit.AutoTests" name="[35] /home/travis/build/icyphy/ptII/ptolemy/domains/sdf/test/auto/relationGroup13.xml (RunModel)" time="0.02" />
  <testcase classname="ptolemy.util.test.junit.AutoTests" name="[36] /home/travis/build/icyphy/ptII/ptolemy/domains/sdf/test/auto/relationGroup14.xml (RunModel)" time="0.012" />
  <testcase classname="ptolemy.util.test.junit.AutoTests" name="[37] /home/travis/build/icyphy/ptII/ptolemy/domains/sdf/test/auto/relationGroup15.xml (RunModel)" time="0.012" />
  <testcase classname="ptolemy.util.test.junit.AutoTests" name="[38] /home/travis/build/icyphy/ptII/ptolemy/domains/sdf/test/auto/relationGroup2.xml (RunModel)" time="0.007" />
  <testcase classname="ptolemy.util.test.junit.AutoTests" name="[39] /home/travis/build/icyphy/ptII/ptolemy/domains/sdf/test/auto/relationGroup3.xml (RunModel)" time="0.008" />
  <testcase classname="ptolemy.util.test.junit.AutoTests" name="[40] /home/travis/build/icyphy/ptII/ptolemy/domains/sdf/test/auto/relationGroup4.xml (RunModel)" time="0.01" />
  <testcase classname="ptolemy.util.test.junit.AutoTests" name="[41] /home/travis/build/icyphy/ptII/ptolemy/domains/sdf/test/auto/relationGroup5.xml (RunModel)" time="0.012" />
  <testcase classname="ptolemy.util.test.junit.AutoTests" name="[42] /home/travis/build/icyphy/ptII/ptolemy/domains/sdf/test/auto/relationGroup6.xml (RunModel)" time="0.01" />
  <testcase classname="ptolemy.util.test.junit.AutoTests" name="[43] /home/travis/build/icyphy/ptII/ptolemy/domains/sdf/test/auto/relationGroup7.xml (RunModel)" time="0.008" />
  <testcase classname="ptolemy.util.test.junit.AutoTests" name="[44] /home/travis/build/icyphy/ptII/ptolemy/domains/sdf/test/auto/relationGroup8.xml (RunModel)" time="0.009" />
  <testcase classname="ptolemy.util.test.junit.AutoTests" name="[45] /home/travis/build/icyphy/ptII/ptolemy/domains/sdf/test/auto/relationGroup9.xml (RunModel)" time="0.01" />
  <testcase classname="ptolemy.util.test.junit.AutoTests" name="[46] /home/travis/build/icyphy/ptII/ptolemy/domains/sdf/test/auto/sdf_inside_de.xml (RunModel)" time="0.036" />
  <testcase classname="ptolemy.util.test.junit.AutoTests" name="[47] /home/travis/build/icyphy/ptII/ptolemy/domains/sdf/test/auto/sdf_inside_pn.xml (RunModel)" time="0.061" />
  <testcase classname="ptolemy.util.test.junit.AutoTests" name="[48] /home/travis/build/icyphy/ptII/ptolemy/domains/sdf/test/auto/sdf_sdf1.xml (RunModel)" time="0.028" />
  <testcase classname="ptolemy.util.test.junit.AutoTests" name="[49] /home/travis/build/icyphy/ptII/ptolemy/domains/sdf/test/auto/test1.xml (RunModel)" time="0.016" />
  <testcase classname="ptolemy.util.test.junit.AutoTests" name="[50] /home/travis/build/icyphy/ptII/ptolemy/domains/sdf/test/auto/time1.xml (RunModel)" time="0.01" />
  <testcase classname="ptolemy.util.test.junit.AutoTests" name="[51] /home/travis/build/icyphy/ptII/ptolemy/domains/sdf/test/auto/time2.xml (RunModel)" time="0.01" />
  <testcase classname="ptolemy.util.test.junit.AutoTests" name="[52] /home/travis/build/icyphy/ptII/ptolemy/domains/sdf/test/auto/time3.xml (RunModel)" time="0.021" />
  <testcase classname="ptolemy.util.test.junit.AutoTests" name="[53] /home/travis/build/icyphy/ptII/ptolemy/domains/sdf/test/auto/time4.xml (RunModel)" time="0.02" />
  <testcase classname="ptolemy.util.test.junit.AutoTests" name="[54] /home/travis/build/icyphy/ptII/ptolemy/domains/sdf/test/auto/time5.xml (RunModel)" time="4.01" />
  <testcase classname="ptolemy.util.test.junit.AutoTests" name="[55] /home/travis/build/icyphy/ptII/ptolemy/domains/sdf/test/auto/typeSystem_Const_Integer_smallest_Type.xml (RunModel)" time="0.027" />
  <testcase classname="ptolemy.util.test.junit.AutoTests" name="[56] /home/travis/build/icyphy/ptII/ptolemy/domains/sdf/test/auto/typeSystem_declared_Inports_OutportTypeException.xml (RunModel)" time="0.033" />
  <testcase classname="ptolemy.util.test.junit.AutoTests" name="[57] /home/travis/build/icyphy/ptII/ptolemy/domains/sdf/test/auto/typeSystem_oneDeclaredInportType_wrongTypeOutport.xml (RunModel)" time="0.016" />
  <testcase classname="ptolemy.util.test.junit.AutoTests" name="[58] /home/travis/build/icyphy/ptII/ptolemy/domains/sdf/test/auto/width.xml (RunModel)" time="0.011" />
  <testcase classname="ptolemy.util.test.junit.AutoTests" name="[59] /home/travis/build/icyphy/ptII/ptolemy/domains/sdf/test/auto/width2.xml (RunModel)" time="0.048" />
  <testcase classname="ptolemy.util.test.junit.AutoTests" name="[60] /home/travis/build/icyphy/ptII/ptolemy/domains/sdf/test/auto/width3.xml (RunModel)" time="0.037" />
  <system-out><![CDATA[/home/travis/build/icyphy/ptII/ptolemy/domains/sdf/test/SDFSchedulerErrors.tcl
testDefs.tcl: setting time out to 9000 seconds at Sat Aug 03 05:51:53 UTC 2019
102 ms. Memory: 120832K Free: 82369K (68%)
8 ms. Memory: 120832K Free: 74691K (62%)
7 ms. Memory: 120832K Free: 68018K (56%)
5 ms. Memory: 120832K Free: 64961K (54%)
/home/travis/build/icyphy/ptII/ptolemy/domains/sdf/test/composition.tcl
31 ms. Memory: 120832K Free: 61379K (51%)
20 ms. Memory: 120832K Free: 59331K (49%)
/home/travis/build/icyphy/ptII/ptolemy/domains/sdf/test/cycle.tcl
.Toplevel.Director Preinitializing ...
Invoking preinitialize():  .Toplevel.Actor1
Invoking preinitialize():  .Toplevel.Actor2
Invoking preinitialize():  .Toplevel.Delay
.Toplevel.Director Finished preinitialize().
### Schedule:
Execute Schedule{
Fire Actor ptolemy.domains.sdf.kernel.test.SDFTestDelay {.Toplevel.Actor1}
Fire Actor ptolemy.domains.sdf.kernel.test.SDFTestDelay {.Toplevel.Actor2}
Fire Actor ptolemy.domains.sdf.lib.SampleDelay {.Toplevel.Delay}
}
### End schedule
Called initialize().
Invoking initialize():  .Toplevel.Actor1
Initializing actor: .Toplevel.Actor1.
Invoking initialize():  .Toplevel.Actor2
Initializing actor: .Toplevel.Actor2.
Invoking initialize():  .Toplevel.Delay
Initializing actor: .Toplevel.Delay.
Director: Called prefire().
-- Setting current time to 0.0
Director prefire returns true.
The actor .Toplevel.Actor1 will be iterated.
The actor .Toplevel.Actor1 was iterated.
The actor .Toplevel.Actor2 will be iterated.
The actor .Toplevel.Actor2 was iterated.
The actor .Toplevel.Delay will be iterated.
The actor .Toplevel.Delay was iterated.
Director: Called postfire().
Postfire returns: true
Director: Called prefire().
-- Setting current time to 0.0
Director prefire returns true.
The actor .Toplevel.Actor1 will be iterated.
The actor .Toplevel.Actor1 was iterated.
The actor .Toplevel.Actor2 will be iterated.
The actor .Toplevel.Actor2 was iterated.
The actor .Toplevel.Delay will be iterated.
The actor .Toplevel.Delay was iterated.
Director: Called postfire().
Postfire returns: true
Director: Called prefire().
-- Setting current time to 0.0
Director prefire returns true.
The actor .Toplevel.Actor1 will be iterated.
The actor .Toplevel.Actor1 was iterated.
The actor .Toplevel.Actor2 will be iterated.
The actor .Toplevel.Actor2 was iterated.
The actor .Toplevel.Delay will be iterated.
The actor .Toplevel.Delay was iterated.
Director: Called postfire().
Postfire returns: true
Director: Called prefire().
-- Setting current time to 0.0
Director prefire returns true.
The actor .Toplevel.Actor1 will be iterated.
The actor .Toplevel.Actor1 was iterated.
The actor .Toplevel.Actor2 will be iterated.
The actor .Toplevel.Actor2 was iterated.
The actor .Toplevel.Delay will be iterated.
The actor .Toplevel.Delay was iterated.
Director: Called postfire().
Postfire returns: true
Director: Called prefire().
-- Setting current time to 0.0
Director prefire returns true.
The actor .Toplevel.Actor1 will be iterated.
The actor .Toplevel.Actor1 was iterated.
The actor .Toplevel.Actor2 will be iterated.
The actor .Toplevel.Actor2 was iterated.
The actor .Toplevel.Delay will be iterated.
The actor .Toplevel.Delay was iterated.
Director: Called postfire().
Postfire returns: true
Director: Called prefire().
-- Setting current time to 0.0
Director prefire returns true.
The actor .Toplevel.Actor1 will be iterated.
The actor .Toplevel.Actor1 was iterated.
The actor .Toplevel.Actor2 will be iterated.
The actor .Toplevel.Actor2 was iterated.
The actor .Toplevel.Delay will be iterated.
The actor .Toplevel.Delay was iterated.
Reached specified number of iterations: 6
Director: Called wrapup().
25 ms. Memory: 120832K Free: 56259K (47%)
08/03/19 05:51:54
Failed: 0  Total Tests: 8  ((Passed: 8, Newly Passed: 0)  Known Failed: 0) /home/travis/build/icyphy/ptII/ptolemy/domains/sdf/test
No auto/knownFailedTests/*.xml tests in /home/travis/build/icyphy/ptII/ptolemy/domains/sdf/test
No auto/linux-amd64/*.xml tests in /home/travis/build/icyphy/ptII/ptolemy/domains/sdf/test
AutoTests.java: About to close Vertx.
AutoTests.java: Vertx closed.

===========================================================================================
----------------- testing Sat Aug 03 05:51:54 UTC 2019 /home/travis/build/icyphy/ptII/ptolemy/domains/sdf/test/auto/Array.xml
----------------- Instantiating /home/travis/build/icyphy/ptII/ptolemy/domains/sdf/test/auto/Array.xml
55 ms. Memory: 120832K Free: 98104K (81%)
----------------- Invoking toplevel() on ptolemy.moml.MoMLSimpleApplication@7b7c3ad3
----------------- Done invoking toplevel() on ptolemy.moml.MoMLSimpleApplication@7b7c3ad3
reloadAllAccessors: .Array

===========================================================================================
----------------- testing Sat Aug 03 05:51:54 UTC 2019 /home/travis/build/icyphy/ptII/ptolemy/domains/sdf/test/auto/Butterfly.xml
----------------- Instantiating /home/travis/build/icyphy/ptII/ptolemy/domains/sdf/test/auto/Butterfly.xml
102 ms. Memory: 120832K Free: 92104K (76%)
----------------- Invoking toplevel() on ptolemy.moml.MoMLSimpleApplication@414db702
----------------- Done invoking toplevel() on ptolemy.moml.MoMLSimpleApplication@414db702
reloadAllAccessors: .Butterfly

===========================================================================================
----------------- testing Sat Aug 03 05:51:55 UTC 2019 /home/travis/build/icyphy/ptII/ptolemy/domains/sdf/test/auto/Expression.xml
----------------- Instantiating /home/travis/build/icyphy/ptII/ptolemy/domains/sdf/test/auto/Expression.xml
46 ms. Memory: 120832K Free: 87605K (73%)
----------------- Invoking toplevel() on ptolemy.moml.MoMLSimpleApplication@18647894
----------------- Done invoking toplevel() on ptolemy.moml.MoMLSimpleApplication@18647894
reloadAllAccessors: .Expression

===========================================================================================
----------------- testing Sat Aug 03 05:51:55 UTC 2019 /home/travis/build/icyphy/ptII/ptolemy/domains/sdf/test/auto/Eye.xml
----------------- Instantiating /home/travis/build/icyphy/ptII/ptolemy/domains/sdf/test/auto/Eye.xml
234 ms. Memory: 120832K Free: 83622K (69%)
----------------- Invoking toplevel() on ptolemy.moml.MoMLSimpleApplication@19149b77
----------------- Done invoking toplevel() on ptolemy.moml.MoMLSimpleApplication@19149b77
reloadAllAccessors: .Eye

===========================================================================================
----------------- testing Sat Aug 03 05:51:55 UTC 2019 /home/travis/build/icyphy/ptII/ptolemy/domains/sdf/test/auto/FixFIR.xml
----------------- Instantiating /home/travis/build/icyphy/ptII/ptolemy/domains/sdf/test/auto/FixFIR.xml
225 ms. Memory: 120832K Free: 88277K (73%)
----------------- Invoking toplevel() on ptolemy.moml.MoMLSimpleApplication@996987f
----------------- Done invoking toplevel() on ptolemy.moml.MoMLSimpleApplication@996987f
reloadAllAccessors: .FixFIR

===========================================================================================
----------------- testing Sat Aug 03 05:51:56 UTC 2019 /home/travis/build/icyphy/ptII/ptolemy/domains/sdf/test/auto/FixPoint.xml
----------------- Instantiating /home/travis/build/icyphy/ptII/ptolemy/domains/sdf/test/auto/FixPoint.xml
13 ms. Memory: 120832K Free: 84181K (70%)
----------------- Invoking toplevel() on ptolemy.moml.MoMLSimpleApplication@7fd695e
----------------- Done invoking toplevel() on ptolemy.moml.MoMLSimpleApplication@7fd695e
reloadAllAccessors: .FixPoint

===========================================================================================
----------------- testing Sat Aug 03 05:51:56 UTC 2019 /home/travis/build/icyphy/ptII/ptolemy/domains/sdf/test/auto/Gravitation.xml
----------------- Instantiating /home/travis/build/icyphy/ptII/ptolemy/domains/sdf/test/auto/Gravitation.xml
3201 ms. Memory: 151552K Free: 104287K (69%)
----------------- Invoking toplevel() on ptolemy.moml.MoMLSimpleApplication@7a23e62c
----------------- Done invoking toplevel() on ptolemy.moml.MoMLSimpleApplication@7a23e62c
reloadAllAccessors: .Gravitation

===========================================================================================
----------------- testing Sat Aug 03 05:51:59 UTC 2019 /home/travis/build/icyphy/ptII/ptolemy/domains/sdf/test/auto/GravitationWithCollisionDetection.xml
----------------- Instantiating /home/travis/build/icyphy/ptII/ptolemy/domains/sdf/test/auto/GravitationWithCollisionDetection.xml
6158 ms. Memory: 282624K Free: 211415K (75%)
----------------- Invoking toplevel() on ptolemy.moml.MoMLSimpleApplication@5ee3f14a
----------------- Done invoking toplevel() on ptolemy.moml.MoMLSimpleApplication@5ee3f14a
reloadAllAccessors: .GravitationWithCollisionDetection

===========================================================================================
----------------- testing Sat Aug 03 05:52:05 UTC 2019 /home/travis/build/icyphy/ptII/ptolemy/domains/sdf/test/auto/HDF.xml
----------------- Instantiating /home/travis/build/icyphy/ptII/ptolemy/domains/sdf/test/auto/HDF.xml
22 ms. Memory: 282624K Free: 195541K (69%)
----------------- Invoking toplevel() on ptolemy.moml.MoMLSimpleApplication@7ed0a5c4
----------------- Done invoking toplevel() on ptolemy.moml.MoMLSimpleApplication@7ed0a5c4
reloadAllAccessors: .HDF

===========================================================================================
----------------- testing Sat Aug 03 05:52:05 UTC 2019 /home/travis/build/icyphy/ptII/ptolemy/domains/sdf/test/auto/HDFwithTransientStates.xml
----------------- Instantiating /home/travis/build/icyphy/ptII/ptolemy/domains/sdf/test/auto/HDFwithTransientStates.xml
31 ms. Memory: 282624K Free: 176599K (62%)
----------------- Invoking toplevel() on ptolemy.moml.MoMLSimpleApplication@2627388f
----------------- Done invoking toplevel() on ptolemy.moml.MoMLSimpleApplication@2627388f
reloadAllAccessors: .HDFwithTransientStates

===========================================================================================
----------------- testing Sat Aug 03 05:52:05 UTC 2019 /home/travis/build/icyphy/ptII/ptolemy/domains/sdf/test/auto/HTVQ.xml
----------------- Instantiating /home/travis/build/icyphy/ptII/ptolemy/domains/sdf/test/auto/HTVQ.xml
851 ms. Memory: 282624K Free: 174681K (62%)
----------------- Invoking toplevel() on ptolemy.moml.MoMLSimpleApplication@486760c9
----------------- Done invoking toplevel() on ptolemy.moml.MoMLSimpleApplication@486760c9
reloadAllAccessors: .HTVQ

===========================================================================================
----------------- testing Sat Aug 03 05:52:06 UTC 2019 /home/travis/build/icyphy/ptII/ptolemy/domains/sdf/test/auto/InferInitProduction.xml
----------------- Instantiating /home/travis/build/icyphy/ptII/ptolemy/domains/sdf/test/auto/InferInitProduction.xml
9 ms. Memory: 282624K Free: 169150K (60%)
----------------- Invoking toplevel() on ptolemy.moml.MoMLSimpleApplication@6e055250
----------------- Done invoking toplevel() on ptolemy.moml.MoMLSimpleApplication@6e055250
reloadAllAccessors: .InferInitProduction

===========================================================================================
----------------- testing Sat Aug 03 05:52:06 UTC 2019 /home/travis/build/icyphy/ptII/ptolemy/domains/sdf/test/auto/InferInitProductionDeeper.xml
----------------- Instantiating /home/travis/build/icyphy/ptII/ptolemy/domains/sdf/test/auto/InferInitProductionDeeper.xml
3 ms. Memory: 282624K Free: 163502K (58%)
----------------- Invoking toplevel() on ptolemy.moml.MoMLSimpleApplication@6ae624e1
----------------- Done invoking toplevel() on ptolemy.moml.MoMLSimpleApplication@6ae624e1
reloadAllAccessors: .InferInitProductionDeeper

===========================================================================================
----------------- testing Sat Aug 03 05:52:06 UTC 2019 /home/travis/build/icyphy/ptII/ptolemy/domains/sdf/test/auto/LMSAdaptive.xml
----------------- Instantiating /home/travis/build/icyphy/ptII/ptolemy/domains/sdf/test/auto/LMSAdaptive.xml
9 ms. Memory: 282624K Free: 153790K (54%)
----------------- Invoking toplevel() on ptolemy.moml.MoMLSimpleApplication@12b7a03c
----------------- Done invoking toplevel() on ptolemy.moml.MoMLSimpleApplication@12b7a03c
reloadAllAccessors: .LMSAdaptive

===========================================================================================
----------------- testing Sat Aug 03 05:52:06 UTC 2019 /home/travis/build/icyphy/ptII/ptolemy/domains/sdf/test/auto/LogisticMap.xml
----------------- Instantiating /home/travis/build/icyphy/ptII/ptolemy/domains/sdf/test/auto/LogisticMap.xml
431 ms. Memory: 282624K Free: 148156K (52%)
----------------- Invoking toplevel() on ptolemy.moml.MoMLSimpleApplication@711f374a
----------------- Done invoking toplevel() on ptolemy.moml.MoMLSimpleApplication@711f374a
reloadAllAccessors: .LogisticMap

===========================================================================================
----------------- testing Sat Aug 03 05:52:07 UTC 2019 /home/travis/build/icyphy/ptII/ptolemy/domains/sdf/test/auto/MaximumEntropySpectrum.xml
----------------- Instantiating /home/travis/build/icyphy/ptII/ptolemy/domains/sdf/test/auto/MaximumEntropySpectrum.xml
76 ms. Memory: 339968K Free: 310362K (91%)
----------------- Invoking toplevel() on ptolemy.moml.MoMLSimpleApplication@7b58ef39
----------------- Done invoking toplevel() on ptolemy.moml.MoMLSimpleApplication@7b58ef39
reloadAllAccessors: .MaximumEntropySpectrum

===========================================================================================
----------------- testing Sat Aug 03 05:52:07 UTC 2019 /home/travis/build/icyphy/ptII/ptolemy/domains/sdf/test/auto/MultirateSDF.xml
----------------- Instantiating /home/travis/build/icyphy/ptII/ptolemy/domains/sdf/test/auto/MultirateSDF.xml
20 ms. Memory: 339968K Free: 296012K (87%)
----------------- Invoking toplevel() on ptolemy.moml.MoMLSimpleApplication@19287db7
----------------- Done invoking toplevel() on ptolemy.moml.MoMLSimpleApplication@19287db7
reloadAllAccessors: .MultirateSDF

===========================================================================================
----------------- testing Sat Aug 03 05:52:07 UTC 2019 /home/travis/build/icyphy/ptII/ptolemy/domains/sdf/test/auto/MultirateSDFwithTransientStates.xml
----------------- Instantiating /home/travis/build/icyphy/ptII/ptolemy/domains/sdf/test/auto/MultirateSDFwithTransientStates.xml
19 ms. Memory: 339968K Free: 277084K (82%)
----------------- Invoking toplevel() on ptolemy.moml.MoMLSimpleApplication@612bcc7e
----------------- Done invoking toplevel() on ptolemy.moml.MoMLSimpleApplication@612bcc7e
reloadAllAccessors: .MultirateSDFwithTransientStates

===========================================================================================
----------------- testing Sat Aug 03 05:52:07 UTC 2019 /home/travis/build/icyphy/ptII/ptolemy/domains/sdf/test/auto/NoisySinewave.xml
----------------- Instantiating /home/travis/build/icyphy/ptII/ptolemy/domains/sdf/test/auto/NoisySinewave.xml
13 ms. Memory: 339968K Free: 261210K (77%)
----------------- Invoking toplevel() on ptolemy.moml.MoMLSimpleApplication@108c6ed2
----------------- Done invoking toplevel() on ptolemy.moml.MoMLSimpleApplication@108c6ed2
reloadAllAccessors: .NoisySinewave

===========================================================================================
----------------- testing Sat Aug 03 05:52:07 UTC 2019 /home/travis/build/icyphy/ptII/ptolemy/domains/sdf/test/auto/Objects.xml
----------------- Instantiating /home/travis/build/icyphy/ptII/ptolemy/domains/sdf/test/auto/Objects.xml
5 ms. Memory: 339968K Free: 253018K (74%)
----------------- Invoking toplevel() on ptolemy.moml.MoMLSimpleApplication@7527ea53
----------------- Done invoking toplevel() on ptolemy.moml.MoMLSimpleApplication@7527ea53
reloadAllAccessors: .Objects

===========================================================================================
----------------- testing Sat Aug 03 05:52:07 UTC 2019 /home/travis/build/icyphy/ptII/ptolemy/domains/sdf/test/auto/OrthogonalCom.xml
----------------- Instantiating /home/travis/build/icyphy/ptII/ptolemy/domains/sdf/test/auto/OrthogonalCom.xml
6 ms. Memory: 339968K Free: 244826K (72%)
----------------- Invoking toplevel() on ptolemy.moml.MoMLSimpleApplication@6e8cc40f
----------------- Done invoking toplevel() on ptolemy.moml.MoMLSimpleApplication@6e8cc40f
reloadAllAccessors: .OrthogonalCom

===========================================================================================
----------------- testing Sat Aug 03 05:52:08 UTC 2019 /home/travis/build/icyphy/ptII/ptolemy/domains/sdf/test/auto/RijndaelEncryption.xml
----------------- Instantiating /home/travis/build/icyphy/ptII/ptolemy/domains/sdf/test/auto/RijndaelEncryption.xml
354 ms. Memory: 339968K Free: 298350K (88%)
----------------- Invoking toplevel() on ptolemy.moml.MoMLSimpleApplication@357afc4b
----------------- Done invoking toplevel() on ptolemy.moml.MoMLSimpleApplication@357afc4b
reloadAllAccessors: .RijndaelEncryption

===========================================================================================
----------------- testing Sat Aug 03 05:52:08 UTC 2019 /home/travis/build/icyphy/ptII/ptolemy/domains/sdf/test/auto/SDFEmptyIterations.xml
----------------- Instantiating /home/travis/build/icyphy/ptII/ptolemy/domains/sdf/test/auto/SDFEmptyIterations.xml
6 ms. Memory: 339968K Free: 293650K (86%)
----------------- Invoking toplevel() on ptolemy.moml.MoMLSimpleApplication@7568c9dc
----------------- Done invoking toplevel() on ptolemy.moml.MoMLSimpleApplication@7568c9dc
reloadAllAccessors: .SDFEmptyIterations

===========================================================================================
----------------- testing Sat Aug 03 05:52:08 UTC 2019 /home/travis/build/icyphy/ptII/ptolemy/domains/sdf/test/auto/Spectrum.xml
----------------- Instantiating /home/travis/build/icyphy/ptII/ptolemy/domains/sdf/test/auto/Spectrum.xml
30 ms. Memory: 339968K Free: 268578K (79%)
----------------- Invoking toplevel() on ptolemy.moml.MoMLSimpleApplication@2a653d7f
----------------- Done invoking toplevel() on ptolemy.moml.MoMLSimpleApplication@2a653d7f
reloadAllAccessors: .Spectrum

===========================================================================================
----------------- testing Sat Aug 03 05:52:08 UTC 2019 /home/travis/build/icyphy/ptII/ptolemy/domains/sdf/test/auto/de_inside_sdf.xml
----------------- Instantiating /home/travis/build/icyphy/ptII/ptolemy/domains/sdf/test/auto/de_inside_sdf.xml
8 ms. Memory: 339968K Free: 263458K (77%)
----------------- Invoking toplevel() on ptolemy.moml.MoMLSimpleApplication@6d138f4e
----------------- Done invoking toplevel() on ptolemy.moml.MoMLSimpleApplication@6d138f4e
reloadAllAccessors: .de_inside_sdf

===========================================================================================
----------------- testing Sat Aug 03 05:52:08 UTC 2019 /home/travis/build/icyphy/ptII/ptolemy/domains/sdf/test/auto/disconnectedHierarchicalSDF.xml
----------------- Instantiating /home/travis/build/icyphy/ptII/ptolemy/domains/sdf/test/auto/disconnectedHierarchicalSDF.xml
5 ms. Memory: 339968K Free: 256800K (76%)
----------------- Invoking toplevel() on ptolemy.moml.MoMLSimpleApplication@48b713a1
----------------- Done invoking toplevel() on ptolemy.moml.MoMLSimpleApplication@48b713a1
reloadAllAccessors: .disconnectedHierarchicalSDF

===========================================================================================
----------------- testing Sat Aug 03 05:52:08 UTC 2019 /home/travis/build/icyphy/ptII/ptolemy/domains/sdf/test/auto/disconnectedSDF.xml
----------------- Instantiating /home/travis/build/icyphy/ptII/ptolemy/domains/sdf/test/auto/disconnectedSDF.xml
3 ms. Memory: 339968K Free: 252704K (74%)
----------------- Invoking toplevel() on ptolemy.moml.MoMLSimpleApplication@13c6f33c
----------------- Done invoking toplevel() on ptolemy.moml.MoMLSimpleApplication@13c6f33c
reloadAllAccessors: .disconnectedSDF

===========================================================================================
----------------- testing Sat Aug 03 05:52:08 UTC 2019 /home/travis/build/icyphy/ptII/ptolemy/domains/sdf/test/auto/emptyRefinement.xml
----------------- Instantiating /home/travis/build/icyphy/ptII/ptolemy/domains/sdf/test/auto/emptyRefinement.xml
3 ms. Memory: 339968K Free: 248578K (73%)
----------------- Invoking toplevel() on ptolemy.moml.MoMLSimpleApplication@2515fda2
----------------- Done invoking toplevel() on ptolemy.moml.MoMLSimpleApplication@2515fda2
reloadAllAccessors: .emptyRefinement

===========================================================================================
----------------- testing Sat Aug 03 05:52:08 UTC 2019 /home/travis/build/icyphy/ptII/ptolemy/domains/sdf/test/auto/filePortParameter.xml
----------------- Instantiating /home/travis/build/icyphy/ptII/ptolemy/domains/sdf/test/auto/filePortParameter.xml
9 ms. Memory: 339968K Free: 241440K (71%)
----------------- Invoking toplevel() on ptolemy.moml.MoMLSimpleApplication@172c3125
----------------- Done invoking toplevel() on ptolemy.moml.MoMLSimpleApplication@172c3125
reloadAllAccessors: .filePortParameter

===========================================================================================
----------------- testing Sat Aug 03 05:52:08 UTC 2019 /home/travis/build/icyphy/ptII/ptolemy/domains/sdf/test/auto/inferRelationWidth1.xml
----------------- Instantiating /home/travis/build/icyphy/ptII/ptolemy/domains/sdf/test/auto/inferRelationWidth1.xml
2 ms. Memory: 339968K Free: 238368K (70%)
----------------- Invoking toplevel() on ptolemy.moml.MoMLSimpleApplication@2dfeae5b
----------------- Done invoking toplevel() on ptolemy.moml.MoMLSimpleApplication@2dfeae5b
reloadAllAccessors: .inferRelationWidth1

===========================================================================================
----------------- testing Sat Aug 03 05:52:08 UTC 2019 /home/travis/build/icyphy/ptII/ptolemy/domains/sdf/test/auto/initProductionInference.xml
----------------- Instantiating /home/travis/build/icyphy/ptII/ptolemy/domains/sdf/test/auto/initProductionInference.xml
11 ms. Memory: 339968K Free: 234258K (69%)
----------------- Invoking toplevel() on ptolemy.moml.MoMLSimpleApplication@1e99c456
----------------- Done invoking toplevel() on ptolemy.moml.MoMLSimpleApplication@1e99c456
reloadAllAccessors: .initProductionInference

===========================================================================================
----------------- testing Sat Aug 03 05:52:08 UTC 2019 /home/travis/build/icyphy/ptII/ptolemy/domains/sdf/test/auto/relationGroup.xml
----------------- Instantiating /home/travis/build/icyphy/ptII/ptolemy/domains/sdf/test/auto/relationGroup.xml
2 ms. Memory: 339968K Free: 230690K (68%)
----------------- Invoking toplevel() on ptolemy.moml.MoMLSimpleApplication@10f6a72a
----------------- Done invoking toplevel() on ptolemy.moml.MoMLSimpleApplication@10f6a72a
reloadAllAccessors: .relationGroup

===========================================================================================
----------------- testing Sat Aug 03 05:52:08 UTC 2019 /home/travis/build/icyphy/ptII/ptolemy/domains/sdf/test/auto/relationGroup10.xml
----------------- Instantiating /home/travis/build/icyphy/ptII/ptolemy/domains/sdf/test/auto/relationGroup10.xml
2 ms. Memory: 339968K Free: 227104K (67%)
----------------- Invoking toplevel() on ptolemy.moml.MoMLSimpleApplication@201cd147
----------------- Done invoking toplevel() on ptolemy.moml.MoMLSimpleApplication@201cd147
reloadAllAccessors: .relationGroup10

===========================================================================================
----------------- testing Sat Aug 03 05:52:09 UTC 2019 /home/travis/build/icyphy/ptII/ptolemy/domains/sdf/test/auto/relationGroup11.xml
----------------- Instantiating /home/travis/build/icyphy/ptII/ptolemy/domains/sdf/test/auto/relationGroup11.xml
3 ms. Memory: 339968K Free: 223522K (66%)
----------------- Invoking toplevel() on ptolemy.moml.MoMLSimpleApplication@50337cde
----------------- Done invoking toplevel() on ptolemy.moml.MoMLSimpleApplication@50337cde
reloadAllAccessors: .relationGroup11

===========================================================================================
----------------- testing Sat Aug 03 05:52:09 UTC 2019 /home/travis/build/icyphy/ptII/ptolemy/domains/sdf/test/auto/relationGroup12.xml
----------------- Instantiating /home/travis/build/icyphy/ptII/ptolemy/domains/sdf/test/auto/relationGroup12.xml
2 ms. Memory: 339968K Free: 219936K (65%)
----------------- Invoking toplevel() on ptolemy.moml.MoMLSimpleApplication@286f1c8f
----------------- Done invoking toplevel() on ptolemy.moml.MoMLSimpleApplication@286f1c8f
reloadAllAccessors: .relationGroup12

===========================================================================================
----------------- testing Sat Aug 03 05:52:09 UTC 2019 /home/travis/build/icyphy/ptII/ptolemy/domains/sdf/test/auto/relationGroup13.xml
----------------- Instantiating /home/travis/build/icyphy/ptII/ptolemy/domains/sdf/test/auto/relationGroup13.xml
12 ms. Memory: 339968K Free: 214816K (63%)
----------------- Invoking toplevel() on ptolemy.moml.MoMLSimpleApplication@4d850f47
----------------- Done invoking toplevel() on ptolemy.moml.MoMLSimpleApplication@4d850f47
reloadAllAccessors: .relationGroup13

===========================================================================================
----------------- testing Sat Aug 03 05:52:09 UTC 2019 /home/travis/build/icyphy/ptII/ptolemy/domains/sdf/test/auto/relationGroup14.xml
----------------- Instantiating /home/travis/build/icyphy/ptII/ptolemy/domains/sdf/test/auto/relationGroup14.xml
3 ms. Memory: 339968K Free: 210210K (62%)
----------------- Invoking toplevel() on ptolemy.moml.MoMLSimpleApplication@6ed609d6
----------------- Done invoking toplevel() on ptolemy.moml.MoMLSimpleApplication@6ed609d6
reloadAllAccessors: .relationGroup14

===========================================================================================
----------------- testing Sat Aug 03 05:52:09 UTC 2019 /home/travis/build/icyphy/ptII/ptolemy/domains/sdf/test/auto/relationGroup15.xml
----------------- Instantiating /home/travis/build/icyphy/ptII/ptolemy/domains/sdf/test/auto/relationGroup15.xml
2 ms. Memory: 339968K Free: 206624K (61%)
----------------- Invoking toplevel() on ptolemy.moml.MoMLSimpleApplication@681dff64
----------------- Done invoking toplevel() on ptolemy.moml.MoMLSimpleApplication@681dff64
reloadAllAccessors: .relationGroup15

===========================================================================================
----------------- testing Sat Aug 03 05:52:09 UTC 2019 /home/travis/build/icyphy/ptII/ptolemy/domains/sdf/test/auto/relationGroup2.xml
----------------- Instantiating /home/travis/build/icyphy/ptII/ptolemy/domains/sdf/test/auto/relationGroup2.xml
2 ms. Memory: 339968K Free: 203552K (60%)
----------------- Invoking toplevel() on ptolemy.moml.MoMLSimpleApplication@36406097
----------------- Done invoking toplevel() on ptolemy.moml.MoMLSimpleApplication@36406097
reloadAllAccessors: .relationGroup2

===========================================================================================
----------------- testing Sat Aug 03 05:52:09 UTC 2019 /home/travis/build/icyphy/ptII/ptolemy/domains/sdf/test/auto/relationGroup3.xml
----------------- Instantiating /home/travis/build/icyphy/ptII/ptolemy/domains/sdf/test/auto/relationGroup3.xml
2 ms. Memory: 339968K Free: 200480K (59%)
----------------- Invoking toplevel() on ptolemy.moml.MoMLSimpleApplication@4dc7b4e4
----------------- Done invoking toplevel() on ptolemy.moml.MoMLSimpleApplication@4dc7b4e4
reloadAllAccessors: .relationGroup3

===========================================================================================
----------------- testing Sat Aug 03 05:52:09 UTC 2019 /home/travis/build/icyphy/ptII/ptolemy/domains/sdf/test/auto/relationGroup4.xml
----------------- Instantiating /home/travis/build/icyphy/ptII/ptolemy/domains/sdf/test/auto/relationGroup4.xml
3 ms. Memory: 339968K Free: 195874K (58%)
----------------- Invoking toplevel() on ptolemy.moml.MoMLSimpleApplication@38003d9f
----------------- Done invoking toplevel() on ptolemy.moml.MoMLSimpleApplication@38003d9f
reloadAllAccessors: .relationGroup4

===========================================================================================
----------------- testing Sat Aug 03 05:52:09 UTC 2019 /home/travis/build/icyphy/ptII/ptolemy/domains/sdf/test/auto/relationGroup5.xml
----------------- Instantiating /home/travis/build/icyphy/ptII/ptolemy/domains/sdf/test/auto/relationGroup5.xml
3 ms. Memory: 339968K Free: 191264K (56%)
----------------- Invoking toplevel() on ptolemy.moml.MoMLSimpleApplication@6e82bd62
----------------- Done invoking toplevel() on ptolemy.moml.MoMLSimpleApplication@6e82bd62
reloadAllAccessors: .relationGroup5

===========================================================================================
----------------- testing Sat Aug 03 05:52:09 UTC 2019 /home/travis/build/icyphy/ptII/ptolemy/domains/sdf/test/auto/relationGroup6.xml
----------------- Instantiating /home/travis/build/icyphy/ptII/ptolemy/domains/sdf/test/auto/relationGroup6.xml
3 ms. Memory: 339968K Free: 186658K (55%)
----------------- Invoking toplevel() on ptolemy.moml.MoMLSimpleApplication@b38cac4
----------------- Done invoking toplevel() on ptolemy.moml.MoMLSimpleApplication@b38cac4
reloadAllAccessors: .relationGroup6

===========================================================================================
----------------- testing Sat Aug 03 05:52:09 UTC 2019 /home/travis/build/icyphy/ptII/ptolemy/domains/sdf/test/auto/relationGroup7.xml
----------------- Instantiating /home/travis/build/icyphy/ptII/ptolemy/domains/sdf/test/auto/relationGroup7.xml
1 ms. Memory: 339968K Free: 183586K (54%)
----------------- Invoking toplevel() on ptolemy.moml.MoMLSimpleApplication@398f26b1
----------------- Done invoking toplevel() on ptolemy.moml.MoMLSimpleApplication@398f26b1
reloadAllAccessors: .relationGroup7

===========================================================================================
----------------- testing Sat Aug 03 05:52:09 UTC 2019 /home/travis/build/icyphy/ptII/ptolemy/domains/sdf/test/auto/relationGroup8.xml
----------------- Instantiating /home/travis/build/icyphy/ptII/ptolemy/domains/sdf/test/auto/relationGroup8.xml
1 ms. Memory: 339968K Free: 180000K (53%)
----------------- Invoking toplevel() on ptolemy.moml.MoMLSimpleApplication@439083fb
----------------- Done invoking toplevel() on ptolemy.moml.MoMLSimpleApplication@439083fb
reloadAllAccessors: .relationGroup8

===========================================================================================
----------------- testing Sat Aug 03 05:52:09 UTC 2019 /home/travis/build/icyphy/ptII/ptolemy/domains/sdf/test/auto/relationGroup9.xml
----------------- Instantiating /home/travis/build/icyphy/ptII/ptolemy/domains/sdf/test/auto/relationGroup9.xml
2 ms. Memory: 339968K Free: 175394K (52%)
----------------- Invoking toplevel() on ptolemy.moml.MoMLSimpleApplication@3590edb
----------------- Done invoking toplevel() on ptolemy.moml.MoMLSimpleApplication@3590edb
reloadAllAccessors: .relationGroup9

===========================================================================================
----------------- testing Sat Aug 03 05:52:09 UTC 2019 /home/travis/build/icyphy/ptII/ptolemy/domains/sdf/test/auto/sdf_inside_de.xml
----------------- Instantiating /home/travis/build/icyphy/ptII/ptolemy/domains/sdf/test/auto/sdf_inside_de.xml
11 ms. Memory: 339968K Free: 166688K (49%)
----------------- Invoking toplevel() on ptolemy.moml.MoMLSimpleApplication@4bff8e95
----------------- Done invoking toplevel() on ptolemy.moml.MoMLSimpleApplication@4bff8e95
reloadAllAccessors: .sdf_inside_de

===========================================================================================
----------------- testing Sat Aug 03 05:52:09 UTC 2019 /home/travis/build/icyphy/ptII/ptolemy/domains/sdf/test/auto/sdf_inside_pn.xml
----------------- Instantiating /home/travis/build/icyphy/ptII/ptolemy/domains/sdf/test/auto/sdf_inside_pn.xml
38 ms. Memory: 339968K Free: 157472K (46%)
----------------- Invoking toplevel() on ptolemy.moml.MoMLSimpleApplication@6e285839
----------------- Done invoking toplevel() on ptolemy.moml.MoMLSimpleApplication@6e285839
reloadAllAccessors: .sdf_inside_pn

===========================================================================================
----------------- testing Sat Aug 03 05:52:09 UTC 2019 /home/travis/build/icyphy/ptII/ptolemy/domains/sdf/test/auto/sdf_sdf1.xml
----------------- Instantiating /home/travis/build/icyphy/ptII/ptolemy/domains/sdf/test/auto/sdf_sdf1.xml
3 ms. Memory: 339968K Free: 151842K (45%)
----------------- Invoking toplevel() on ptolemy.moml.MoMLSimpleApplication@76603c09
----------------- Done invoking toplevel() on ptolemy.moml.MoMLSimpleApplication@76603c09
reloadAllAccessors: .sdf_sdf1

===========================================================================================
----------------- testing Sat Aug 03 05:52:09 UTC 2019 /home/travis/build/icyphy/ptII/ptolemy/domains/sdf/test/auto/test1.xml
----------------- Instantiating /home/travis/build/icyphy/ptII/ptolemy/domains/sdf/test/auto/test1.xml
4 ms. Memory: 339968K Free: 147232K (43%)
----------------- Invoking toplevel() on ptolemy.moml.MoMLSimpleApplication@643b0807
----------------- Done invoking toplevel() on ptolemy.moml.MoMLSimpleApplication@643b0807
reloadAllAccessors: .test1

===========================================================================================
----------------- testing Sat Aug 03 05:52:09 UTC 2019 /home/travis/build/icyphy/ptII/ptolemy/domains/sdf/test/auto/time1.xml
----------------- Instantiating /home/travis/build/icyphy/ptII/ptolemy/domains/sdf/test/auto/time1.xml
3 ms. Memory: 339968K Free: 143650K (42%)
----------------- Invoking toplevel() on ptolemy.moml.MoMLSimpleApplication@6d7dd243
----------------- Done invoking toplevel() on ptolemy.moml.MoMLSimpleApplication@6d7dd243
reloadAllAccessors: .time1

===========================================================================================
----------------- testing Sat Aug 03 05:52:09 UTC 2019 /home/travis/build/icyphy/ptII/ptolemy/domains/sdf/test/auto/time2.xml
----------------- Instantiating /home/travis/build/icyphy/ptII/ptolemy/domains/sdf/test/auto/time2.xml
2 ms. Memory: 339968K Free: 140064K (41%)
----------------- Invoking toplevel() on ptolemy.moml.MoMLSimpleApplication@591a62e1
----------------- Done invoking toplevel() on ptolemy.moml.MoMLSimpleApplication@591a62e1
reloadAllAccessors: .time2

===========================================================================================
----------------- testing Sat Aug 03 05:52:09 UTC 2019 /home/travis/build/icyphy/ptII/ptolemy/domains/sdf/test/auto/time3.xml
----------------- Instantiating /home/travis/build/icyphy/ptII/ptolemy/domains/sdf/test/auto/time3.xml
6 ms. Memory: 339968K Free: 134944K (40%)
----------------- Invoking toplevel() on ptolemy.moml.MoMLSimpleApplication@c8a6976
----------------- Done invoking toplevel() on ptolemy.moml.MoMLSimpleApplication@c8a6976
reloadAllAccessors: .time3

===========================================================================================
----------------- testing Sat Aug 03 05:52:09 UTC 2019 /home/travis/build/icyphy/ptII/ptolemy/domains/sdf/test/auto/time4.xml
----------------- Instantiating /home/travis/build/icyphy/ptII/ptolemy/domains/sdf/test/auto/time4.xml
7 ms. Memory: 339968K Free: 129314K (38%)
----------------- Invoking toplevel() on ptolemy.moml.MoMLSimpleApplication@42519a61
----------------- Done invoking toplevel() on ptolemy.moml.MoMLSimpleApplication@42519a61
reloadAllAccessors: .time4

===========================================================================================
----------------- testing Sat Aug 03 05:52:09 UTC 2019 /home/travis/build/icyphy/ptII/ptolemy/domains/sdf/test/auto/time5.xml
----------------- Instantiating /home/travis/build/icyphy/ptII/ptolemy/domains/sdf/test/auto/time5.xml
4002 ms. Memory: 339968K Free: 125728K (37%)
----------------- Invoking toplevel() on ptolemy.moml.MoMLSimpleApplication@1a41b73d
----------------- Done invoking toplevel() on ptolemy.moml.MoMLSimpleApplication@1a41b73d
reloadAllAccessors: .time5

===========================================================================================
----------------- testing Sat Aug 03 05:52:13 UTC 2019 /home/travis/build/icyphy/ptII/ptolemy/domains/sdf/test/auto/typeSystem_Const_Integer_smallest_Type.xml
----------------- Instantiating /home/travis/build/icyphy/ptII/ptolemy/domains/sdf/test/auto/typeSystem_Const_Integer_smallest_Type.xml
6 ms. Memory: 339968K Free: 121122K (36%)
----------------- Invoking toplevel() on ptolemy.moml.MoMLSimpleApplication@3b352a7d
----------------- Done invoking toplevel() on ptolemy.moml.MoMLSimpleApplication@3b352a7d
reloadAllAccessors: .typeSystem_Const_Integer_smallest_Type

===========================================================================================
----------------- testing Sat Aug 03 05:52:13 UTC 2019 /home/travis/build/icyphy/ptII/ptolemy/domains/sdf/test/auto/typeSystem_declared_Inports_OutportTypeException.xml
----------------- Instantiating /home/travis/build/icyphy/ptII/ptolemy/domains/sdf/test/auto/typeSystem_declared_Inports_OutportTypeException.xml
.typeSystem_declared_Inports_OutportTypeException.TestExceptionAttribute: initialize() was not invoked, but wrapup() was.  This is unusual, but not always a problem.  For example, exporting JNLP will do this.
6 ms. Memory: 339968K Free: 318759K (94%)
----------------- Invoking toplevel() on ptolemy.moml.MoMLSimpleApplication@700efc6c
----------------- Done invoking toplevel() on ptolemy.moml.MoMLSimpleApplication@700efc6c
reloadAllAccessors: .typeSystem_declared_Inports_OutportTypeException

===========================================================================================
----------------- testing Sat Aug 03 05:52:13 UTC 2019 /home/travis/build/icyphy/ptII/ptolemy/domains/sdf/test/auto/typeSystem_oneDeclaredInportType_wrongTypeOutport.xml
----------------- Instantiating /home/travis/build/icyphy/ptII/ptolemy/domains/sdf/test/auto/typeSystem_oneDeclaredInportType_wrongTypeOutport.xml
4 ms. Memory: 339968K Free: 314434K (92%)
----------------- Invoking toplevel() on ptolemy.moml.MoMLSimpleApplication@6c971a21
----------------- Done invoking toplevel() on ptolemy.moml.MoMLSimpleApplication@6c971a21
reloadAllAccessors: .typeSystem_oneDeclaredInportType_wrongTypeOutport

===========================================================================================
----------------- testing Sat Aug 03 05:52:13 UTC 2019 /home/travis/build/icyphy/ptII/ptolemy/domains/sdf/test/auto/width.xml
----------------- Instantiating /home/travis/build/icyphy/ptII/ptolemy/domains/sdf/test/auto/width.xml
2 ms. Memory: 339968K Free: 310848K (91%)
----------------- Invoking toplevel() on ptolemy.moml.MoMLSimpleApplication@71134ef8
----------------- Done invoking toplevel() on ptolemy.moml.MoMLSimpleApplication@71134ef8
reloadAllAccessors: .width

===========================================================================================
----------------- testing Sat Aug 03 05:52:13 UTC 2019 /home/travis/build/icyphy/ptII/ptolemy/domains/sdf/test/auto/width2.xml
----------------- Instantiating /home/travis/build/icyphy/ptII/ptolemy/domains/sdf/test/auto/width2.xml
40 ms. Memory: 339968K Free: 305728K (90%)
----------------- Invoking toplevel() on ptolemy.moml.MoMLSimpleApplication@32496790
----------------- Done invoking toplevel() on ptolemy.moml.MoMLSimpleApplication@32496790
reloadAllAccessors: .width2

===========================================================================================
----------------- testing Sat Aug 03 05:52:13 UTC 2019 /home/travis/build/icyphy/ptII/ptolemy/domains/sdf/test/auto/width3.xml
----------------- Instantiating /home/travis/build/icyphy/ptII/ptolemy/domains/sdf/test/auto/width3.xml
26 ms. Memory: 339968K Free: 300608K (88%)
----------------- Invoking toplevel() on ptolemy.moml.MoMLSimpleApplication@50738689
----------------- Done invoking toplevel() on ptolemy.moml.MoMLSimpleApplication@50738689
reloadAllAccessors: .width3
AutoTests.java: About to close Vertx.
AutoTests.java: Vertx closed.
]]></system-out>
  <system-err><![CDATA[java.lang.RuntimeException: Execution failed
	at ptolemy.moml.MoMLSimpleApplication$UnloadThread.run(MoMLSimpleApplication.java:402)
Caused by: ptolemy.actor.sched.NotSchedulableException: No solution exists for the balance equations.
Graph is not consistent under the SDF domain detected on external port .rateConsistency.actor.port2
  in .rateConsistency.SDF Director.Scheduler
	at ptolemy.domains.sdf.kernel.SDFScheduler._propagatePort(SDFScheduler.java:1425)
	at ptolemy.domains.sdf.kernel.SDFScheduler._solveBalanceEquations(SDFScheduler.java:710)
	at ptolemy.domains.sdf.kernel.SDFScheduler._getSchedule(SDFScheduler.java:566)
	at ptolemy.actor.sched.Scheduler.getSchedule(Scheduler.java:189)
	at ptolemy.domains.sdf.kernel.SDFDirector.createSchedule(SDFDirector.java:408)
	at ptolemy.domains.sdf.kernel.SDFDirector.preinitialize(SDFDirector.java:764)
	at ptolemy.actor.CompositeActor.preinitialize(CompositeActor.java:1828)
	at ptolemy.actor.Manager.preinitializeAndResolveTypes(Manager.java:1040)
	at ptolemy.actor.Manager.initialize(Manager.java:710)
	at ptolemy.actor.Manager.execute(Manager.java:356)
	at ptolemy.actor.Manager.run(Manager.java:1263)
	at ptolemy.actor.Manager$PtolemyRunThread.run(Manager.java:1933)
java.lang.RuntimeException: Execution failed
	at ptolemy.moml.MoMLSimpleApplication$UnloadThread.run(MoMLSimpleApplication.java:402)
Caused by: ptolemy.kernel.util.IllegalActionException: Failed to compute schedule:
  in .badRateChanges.typed composite actor.SDF Director
Because:
The SDF rate parameter may change. This is not allowed in SDF models that will be run through the code generator.  If you don't care about code generation, then you might consider setting the allowRateChanges parameter of the SDF director to false.
  in .badRateChanges.typed composite actor.Repeat.output.tokenProductionRate
	at ptolemy.domains.sdf.kernel.SDFDirector.createSchedule(SDFDirector.java:418)
	at ptolemy.domains.sdf.kernel.SDFDirector.preinitialize(SDFDirector.java:764)
	at ptolemy.actor.CompositeActor.preinitialize(CompositeActor.java:1828)
	at ptolemy.actor.Director.preinitialize(Director.java:1302)
	at ptolemy.actor.Director.preinitialize(Director.java:1257)
	at ptolemy.domains.sdf.kernel.SDFDirector.preinitialize(SDFDirector.java:763)
	at ptolemy.actor.CompositeActor.preinitialize(CompositeActor.java:1828)
	at ptolemy.actor.Manager.preinitializeAndResolveTypes(Manager.java:1040)
	at ptolemy.actor.Manager.initialize(Manager.java:710)
	at ptolemy.actor.Manager.execute(Manager.java:356)
	at ptolemy.actor.Manager.run(Manager.java:1263)
	at ptolemy.actor.Manager$PtolemyRunThread.run(Manager.java:1933)
Caused by: ptolemy.kernel.util.IllegalActionException: The SDF rate parameter may change. This is not allowed in SDF models that will be run through the code generator.  If you don't care about code generation, then you might consider setting the allowRateChanges parameter of the SDF director to false.
  in .badRateChanges.typed composite actor.Repeat.output.tokenProductionRate
	at ptolemy.domains.sdf.kernel.SDFScheduler._assertDynamicRateVariable(SDFScheduler.java:931)
	at ptolemy.domains.sdf.kernel.SDFScheduler._checkDynamicRateVariables(SDFScheduler.java:339)
	at ptolemy.domains.sdf.kernel.SDFScheduler._getSchedule(SDFScheduler.java:527)
	at ptolemy.actor.sched.Scheduler.getSchedule(Scheduler.java:189)
	at ptolemy.domains.sdf.kernel.SDFDirector.createSchedule(SDFDirector.java:408)
	... 11 more
java.lang.RuntimeException: Execution failed
	at ptolemy.moml.MoMLSimpleApplication$UnloadThread.run(MoMLSimpleApplication.java:402)
Caused by: ptolemy.kernel.util.IllegalActionException: Failed to compute schedule:
  in .badRateChanges2.typed composite actor.SDF Director
Because:
The SDF rate parameter may change. This is not allowed in SDF models that will be run through the code generator.  If you don't care about code generation, then you might consider setting the allowRateChanges parameter of the SDF director to false.
  in .badRateChanges2.typed composite actor.Repeat.output.tokenProductionRate
	at ptolemy.domains.sdf.kernel.SDFDirector.createSchedule(SDFDirector.java:418)
	at ptolemy.domains.sdf.kernel.SDFDirector.preinitialize(SDFDirector.java:764)
	at ptolemy.actor.CompositeActor.preinitialize(CompositeActor.java:1828)
	at ptolemy.actor.Director.preinitialize(Director.java:1302)
	at ptolemy.actor.Director.preinitialize(Director.java:1257)
	at ptolemy.domains.sdf.kernel.SDFDirector.preinitialize(SDFDirector.java:763)
	at ptolemy.actor.CompositeActor.preinitialize(CompositeActor.java:1828)
	at ptolemy.actor.Manager.preinitializeAndResolveTypes(Manager.java:1040)
	at ptolemy.actor.Manager.initialize(Manager.java:710)
	at ptolemy.actor.Manager.execute(Manager.java:356)
	at ptolemy.actor.Manager.run(Manager.java:1263)
	at ptolemy.actor.Manager$PtolemyRunThread.run(Manager.java:1933)
Caused by: ptolemy.kernel.util.IllegalActionException: The SDF rate parameter may change. This is not allowed in SDF models that will be run through the code generator.  If you don't care about code generation, then you might consider setting the allowRateChanges parameter of the SDF director to false.
  in .badRateChanges2.typed composite actor.Repeat.output.tokenProductionRate
	at ptolemy.domains.sdf.kernel.SDFScheduler._assertDynamicRateVariable(SDFScheduler.java:931)
	at ptolemy.domains.sdf.kernel.SDFScheduler._checkDynamicRateVariables(SDFScheduler.java:339)
	at ptolemy.domains.sdf.kernel.SDFScheduler._getSchedule(SDFScheduler.java:527)
	at ptolemy.actor.sched.Scheduler.getSchedule(Scheduler.java:189)
	at ptolemy.domains.sdf.kernel.SDFDirector.createSchedule(SDFDirector.java:408)
	... 11 more
java.lang.RuntimeException: Execution failed
	at ptolemy.moml.MoMLSimpleApplication$UnloadThread.run(MoMLSimpleApplication.java:402)
Caused by: ptolemy.actor.sched.NotSchedulableException: Actors remain that cannot be scheduled!

There are several possible reasons:
* SDF Graphs with feedback loops should have an actor with a delay in the loop, such as a SampleDelay.
* The SDF director has an "allowDisconnectedGraphs"parameter, which, when true, permits disconnected SDF graphs.
* The token consumption rate and production rates might be mismatched.
Usually, actors produce one token or consume one token on a port.  To produce or consume multiple tokens per firing, add a "tokenConsumptionRate" or "tokenProductionRate" parameter to the appropriate port.
Unscheduled actors:
.partiallyConnected.Const2 
Scheduled actors:
.partiallyConnected.Const 
  in .partiallyConnected.SDF Director.Scheduler
	at ptolemy.domains.sdf.kernel.SDFScheduler._scheduleConnectedActors(SDFScheduler.java:1828)
	at ptolemy.domains.sdf.kernel.SDFScheduler._getSchedule(SDFScheduler.java:587)
	at ptolemy.actor.sched.Scheduler.getSchedule(Scheduler.java:189)
	at ptolemy.domains.sdf.kernel.SDFDirector.createSchedule(SDFDirector.java:408)
	at ptolemy.domains.sdf.kernel.SDFDirector.preinitialize(SDFDirector.java:764)
	at ptolemy.actor.CompositeActor.preinitialize(CompositeActor.java:1828)
	at ptolemy.actor.Manager.preinitializeAndResolveTypes(Manager.java:1040)
	at ptolemy.actor.Manager.initialize(Manager.java:710)
	at ptolemy.actor.Manager.execute(Manager.java:356)
	at ptolemy.actor.Manager.run(Manager.java:1263)
	at ptolemy.actor.Manager$PtolemyRunThread.run(Manager.java:1933)
]]></system-err>
</testsuite>
