<?xml version="1.0" encoding="UTF-8" ?>
<testsuite errors="0" failures="0" hostname="travis-job-e5992444-5962-46cc-b751-6098163fb33f" name="ptolemy.domains.continuous.test.junit.JUnitTclTest" skipped="0" tests="156" time="69.565" timestamp="2019-02-17T14:03:13">
  <properties>
[...]
</properties>
  <testcase classname="ptolemy.util.test.junit.TclTests" name="[0] ThereAreNoTclTests (RunTclFile)" time="0.001" />
  <testcase classname="ptolemy.util.test.junit.AutoKnownFailedTests" name="[0] ThereAreNoKnowFailedTests (RunModel)" time="0.001" />
  <testcase classname="ptolemy.util.test.junit.AutoNameArchTests" name="[0] ThereAreNoAutoArchTests (RunModel)" time="0.004" />
  <testcase classname="ptolemy.util.test.junit.AutoTests" name="[0] /home/travis/build/icyphy/ptII/ptolemy/domains/continuous/test/auto/BouncingBall.xml (RunModel)" time="2.816" />
  <testcase classname="ptolemy.util.test.junit.AutoTests" name="[1] /home/travis/build/icyphy/ptII/ptolemy/domains/continuous/test/auto/BouncingBallWithoutGR.xml (RunModel)" time="0.83" />
  <testcase classname="ptolemy.util.test.junit.AutoTests" name="[2] /home/travis/build/icyphy/ptII/ptolemy/domains/continuous/test/auto/Brownian.xml (RunModel)" time="0.1" />
  <testcase classname="ptolemy.util.test.junit.AutoTests" name="[3] /home/travis/build/icyphy/ptII/ptolemy/domains/continuous/test/auto/CarTracking.xml (RunModel)" time="3.589" />
  <testcase classname="ptolemy.util.test.junit.AutoTests" name="[4] /home/travis/build/icyphy/ptII/ptolemy/domains/continuous/test/auto/CartPendulum.xml (RunModel)" time="0.546" />
  <testcase classname="ptolemy.util.test.junit.AutoTests" name="[5] /home/travis/build/icyphy/ptII/ptolemy/domains/continuous/test/auto/CausalityInterface10.xml (RunModel)" time="0.05" />
  <testcase classname="ptolemy.util.test.junit.AutoTests" name="[6] /home/travis/build/icyphy/ptII/ptolemy/domains/continuous/test/auto/CausalityInterface11.xml (RunModel)" time="0.035" />
  <testcase classname="ptolemy.util.test.junit.AutoTests" name="[7] /home/travis/build/icyphy/ptII/ptolemy/domains/continuous/test/auto/CausalityInterface12.xml (RunModel)" time="0.032" />
  <testcase classname="ptolemy.util.test.junit.AutoTests" name="[8] /home/travis/build/icyphy/ptII/ptolemy/domains/continuous/test/auto/CausalityInterface13.xml (RunModel)" time="0.042" />
  <testcase classname="ptolemy.util.test.junit.AutoTests" name="[9] /home/travis/build/icyphy/ptII/ptolemy/domains/continuous/test/auto/CausalityInterface14.xml (RunModel)" time="0.017" />
  <testcase classname="ptolemy.util.test.junit.AutoTests" name="[10] /home/travis/build/icyphy/ptII/ptolemy/domains/continuous/test/auto/CausalityInterface4.xml (RunModel)" time="0.023" />
  <testcase classname="ptolemy.util.test.junit.AutoTests" name="[11] /home/travis/build/icyphy/ptII/ptolemy/domains/continuous/test/auto/CausalityInterface5.xml (RunModel)" time="0.046" />
  <testcase classname="ptolemy.util.test.junit.AutoTests" name="[12] /home/travis/build/icyphy/ptII/ptolemy/domains/continuous/test/auto/CausalityInterface6.xml (RunModel)" time="0.021" />
  <testcase classname="ptolemy.util.test.junit.AutoTests" name="[13] /home/travis/build/icyphy/ptII/ptolemy/domains/continuous/test/auto/CausalityInterface7.xml (RunModel)" time="0.031" />
  <testcase classname="ptolemy.util.test.junit.AutoTests" name="[14] /home/travis/build/icyphy/ptII/ptolemy/domains/continuous/test/auto/CausalityInterface8.xml (RunModel)" time="0.03" />
  <testcase classname="ptolemy.util.test.junit.AutoTests" name="[15] /home/travis/build/icyphy/ptII/ptolemy/domains/continuous/test/auto/CausalityInterface9.xml (RunModel)" time="0.035" />
  <testcase classname="ptolemy.util.test.junit.AutoTests" name="[16] /home/travis/build/icyphy/ptII/ptolemy/domains/continuous/test/auto/CausalityInterfaceFeedback1.xml (RunModel)" time="0.031" />
  <testcase classname="ptolemy.util.test.junit.AutoTests" name="[17] /home/travis/build/icyphy/ptII/ptolemy/domains/continuous/test/auto/CausalityInterfaceFeedback2.xml (RunModel)" time="0.026" />
  <testcase classname="ptolemy.util.test.junit.AutoTests" name="[18] /home/travis/build/icyphy/ptII/ptolemy/domains/continuous/test/auto/CompareWithCurrentTime.xml (RunModel)" time="0.027" />
  <testcase classname="ptolemy.util.test.junit.AutoTests" name="[19] /home/travis/build/icyphy/ptII/ptolemy/domains/continuous/test/auto/ComparedClocks.xml (RunModel)" time="0.064" />
  <testcase classname="ptolemy.util.test.junit.AutoTests" name="[20] /home/travis/build/icyphy/ptII/ptolemy/domains/continuous/test/auto/ContinuousAOCClone.xml (RunModel)" time="2.633" />
  <testcase classname="ptolemy.util.test.junit.AutoTests" name="[21] /home/travis/build/icyphy/ptII/ptolemy/domains/continuous/test/auto/ContinuousClock.xml (RunModel)" time="0.09" />
  <testcase classname="ptolemy.util.test.junit.AutoTests" name="[22] /home/travis/build/icyphy/ptII/ptolemy/domains/continuous/test/auto/ContinuousInContinuous.xml (RunModel)" time="0.082" />
  <testcase classname="ptolemy.util.test.junit.AutoTests" name="[23] /home/travis/build/icyphy/ptII/ptolemy/domains/continuous/test/auto/ContinuousInContinuousInContinuous.xml (RunModel)" time="0.028" />
  <testcase classname="ptolemy.util.test.junit.AutoTests" name="[24] /home/travis/build/icyphy/ptII/ptolemy/domains/continuous/test/auto/ContinuousInDE.xml (RunModel)" time="0.123" />
  <testcase classname="ptolemy.util.test.junit.AutoTests" name="[25] /home/travis/build/icyphy/ptII/ptolemy/domains/continuous/test/auto/ContinuousInDE2.xml (RunModel)" time="0.058" />
  <testcase classname="ptolemy.util.test.junit.AutoTests" name="[26] /home/travis/build/icyphy/ptII/ptolemy/domains/continuous/test/auto/ContinuousInDE3.xml (RunModel)" time="0.06" />
  <testcase classname="ptolemy.util.test.junit.AutoTests" name="[27] /home/travis/build/icyphy/ptII/ptolemy/domains/continuous/test/auto/ContinuousInDE4.xml (RunModel)" time="0.041" />
  <testcase classname="ptolemy.util.test.junit.AutoTests" name="[28] /home/travis/build/icyphy/ptII/ptolemy/domains/continuous/test/auto/ContinuousInDEDifferentRefinements.xml (RunModel)" time="0.11" />
  <testcase classname="ptolemy.util.test.junit.AutoTests" name="[29] /home/travis/build/icyphy/ptII/ptolemy/domains/continuous/test/auto/ContinuousInDEDifferentRefinementsPreemptive.xml (RunModel)" time="0.088" />
  <testcase classname="ptolemy.util.test.junit.AutoTests" name="[30] /home/travis/build/icyphy/ptII/ptolemy/domains/continuous/test/auto/ContinuousInDEInContinuous2.xml (RunModel)" time="0.063" />
  <testcase classname="ptolemy.util.test.junit.AutoTests" name="[31] /home/travis/build/icyphy/ptII/ptolemy/domains/continuous/test/auto/ContinuousInDEInContinuous3.xml (RunModel)" time="0.062" />
  <testcase classname="ptolemy.util.test.junit.AutoTests" name="[32] /home/travis/build/icyphy/ptII/ptolemy/domains/continuous/test/auto/ContinuousInDEInput.xml (RunModel)" time="0.04" />
  <testcase classname="ptolemy.util.test.junit.AutoTests" name="[33] /home/travis/build/icyphy/ptII/ptolemy/domains/continuous/test/auto/ContinuousInDEInput2.xml (RunModel)" time="0.026" />
  <testcase classname="ptolemy.util.test.junit.AutoTests" name="[34] /home/travis/build/icyphy/ptII/ptolemy/domains/continuous/test/auto/ContinuousInDEInput3.xml (RunModel)" time="0.028" />
  <testcase classname="ptolemy.util.test.junit.AutoTests" name="[35] /home/travis/build/icyphy/ptII/ptolemy/domains/continuous/test/auto/ContinuousInDESharingRefinement.xml (RunModel)" time="0.182" />
  <testcase classname="ptolemy.util.test.junit.AutoTests" name="[36] /home/travis/build/icyphy/ptII/ptolemy/domains/continuous/test/auto/ContinuousInDEwithNoPorts.xml (RunModel)" time="0.014" />
  <testcase classname="ptolemy.util.test.junit.AutoTests" name="[37] /home/travis/build/icyphy/ptII/ptolemy/domains/continuous/test/auto/ContinuousInsideDE.xml (RunModel)" time="0.082" />
  <testcase classname="ptolemy.util.test.junit.AutoTests" name="[38] /home/travis/build/icyphy/ptII/ptolemy/domains/continuous/test/auto/ContinuousMerge1.xml (RunModel)" time="0.017" />
  <testcase classname="ptolemy.util.test.junit.AutoTests" name="[39] /home/travis/build/icyphy/ptII/ptolemy/domains/continuous/test/auto/ContinuousMerge2.xml (RunModel)" time="0.051" />
  <testcase classname="ptolemy.util.test.junit.AutoTests" name="[40] /home/travis/build/icyphy/ptII/ptolemy/domains/continuous/test/auto/ContinuousMerge3.xml (RunModel)" time="0.063" />
  <testcase classname="ptolemy.util.test.junit.AutoTests" name="[41] /home/travis/build/icyphy/ptII/ptolemy/domains/continuous/test/auto/ContinuousWithinContinuous.xml (RunModel)" time="0.06" />
  <testcase classname="ptolemy.util.test.junit.AutoTests" name="[42] /home/travis/build/icyphy/ptII/ptolemy/domains/continuous/test/auto/ContinuousWithinContinuous2.xml (RunModel)" time="0.078" />
  <testcase classname="ptolemy.util.test.junit.AutoTests" name="[43] /home/travis/build/icyphy/ptII/ptolemy/domains/continuous/test/auto/ContinuousWithinContinuous3.xml (RunModel)" time="0.032" />
  <testcase classname="ptolemy.util.test.junit.AutoTests" name="[44] /home/travis/build/icyphy/ptII/ptolemy/domains/continuous/test/auto/ContinuousWithinContinuous4.xml (RunModel)" time="0.074" />
  <testcase classname="ptolemy.util.test.junit.AutoTests" name="[45] /home/travis/build/icyphy/ptII/ptolemy/domains/continuous/test/auto/ContinuousWithinContinuous5.xml (RunModel)" time="0.034" />
  <testcase classname="ptolemy.util.test.junit.AutoTests" name="[46] /home/travis/build/icyphy/ptII/ptolemy/domains/continuous/test/auto/ContinuousWithinContinuous6.xml (RunModel)" time="0.026" />
  <testcase classname="ptolemy.util.test.junit.AutoTests" name="[47] /home/travis/build/icyphy/ptII/ptolemy/domains/continuous/test/auto/ContinuousWithinContinuous7.xml (RunModel)" time="0.066" />
  <testcase classname="ptolemy.util.test.junit.AutoTests" name="[48] /home/travis/build/icyphy/ptII/ptolemy/domains/continuous/test/auto/DCMotor.xml (RunModel)" time="11.794" />
  <testcase classname="ptolemy.util.test.junit.AutoTests" name="[49] /home/travis/build/icyphy/ptII/ptolemy/domains/continuous/test/auto/DEInContinuous.xml (RunModel)" time="0.045" />
  <testcase classname="ptolemy.util.test.junit.AutoTests" name="[50] /home/travis/build/icyphy/ptII/ptolemy/domains/continuous/test/auto/DEinContinuous2.xml (RunModel)" time="0.031" />
  <testcase classname="ptolemy.util.test.junit.AutoTests" name="[51] /home/travis/build/icyphy/ptII/ptolemy/domains/continuous/test/auto/Derivative.xml (RunModel)" time="0.207" />
  <testcase classname="ptolemy.util.test.junit.AutoTests" name="[52] /home/travis/build/icyphy/ptII/ptolemy/domains/continuous/test/auto/Derivative1.xml (RunModel)" time="0.034" />
  <testcase classname="ptolemy.util.test.junit.AutoTests" name="[53] /home/travis/build/icyphy/ptII/ptolemy/domains/continuous/test/auto/DiscreteClock.xml (RunModel)" time="0.016" />
  <testcase classname="ptolemy.util.test.junit.AutoTests" name="[54] /home/travis/build/icyphy/ptII/ptolemy/domains/continuous/test/auto/EfficiencyCurve.xml (RunModel)" time="0.075" />
  <testcase classname="ptolemy.util.test.junit.AutoTests" name="[55] /home/travis/build/icyphy/ptII/ptolemy/domains/continuous/test/auto/ExponentialResponse.xml (RunModel)" time="0.108" />
  <testcase classname="ptolemy.util.test.junit.AutoTests" name="[56] /home/travis/build/icyphy/ptII/ptolemy/domains/continuous/test/auto/ExponentialResponseRK45.xml (RunModel)" time="0.032" />
  <testcase classname="ptolemy.util.test.junit.AutoTests" name="[57] /home/travis/build/icyphy/ptII/ptolemy/domains/continuous/test/auto/Friction.xml (RunModel)" time="1.365" />
  <testcase classname="ptolemy.util.test.junit.AutoTests" name="[58] /home/travis/build/icyphy/ptII/ptolemy/domains/continuous/test/auto/FurutaPendulum.xml (RunModel)" time="3.294" />
  <testcase classname="ptolemy.util.test.junit.AutoTests" name="[59] /home/travis/build/icyphy/ptII/ptolemy/domains/continuous/test/auto/HierarchicalExecution.xml (RunModel)" time="1.985" />
  <testcase classname="ptolemy.util.test.junit.AutoTests" name="[60] /home/travis/build/icyphy/ptII/ptolemy/domains/continuous/test/auto/HybridPlant.xml (RunModel)" time="0.548" />
  <testcase classname="ptolemy.util.test.junit.AutoTests" name="[61] /home/travis/build/icyphy/ptII/ptolemy/domains/continuous/test/auto/Hysteresis.xml (RunModel)" time="0.175" />
  <testcase classname="ptolemy.util.test.junit.AutoTests" name="[62] /home/travis/build/icyphy/ptII/ptolemy/domains/continuous/test/auto/HysteresisWithRandomDelay.xml (RunModel)" time="0.218" />
  <testcase classname="ptolemy.util.test.junit.AutoTests" name="[63] /home/travis/build/icyphy/ptII/ptolemy/domains/continuous/test/auto/HysteresisWithRandomLosses.xml (RunModel)" time="2.166" />
  <testcase classname="ptolemy.util.test.junit.AutoTests" name="[64] /home/travis/build/icyphy/ptII/ptolemy/domains/continuous/test/auto/ImmediateTransitions.xml (RunModel)" time="0.036" />
  <testcase classname="ptolemy.util.test.junit.AutoTests" name="[65] /home/travis/build/icyphy/ptII/ptolemy/domains/continuous/test/auto/ImpulseFeedback.xml (RunModel)" time="0.021" />
  <testcase classname="ptolemy.util.test.junit.AutoTests" name="[66] /home/travis/build/icyphy/ptII/ptolemy/domains/continuous/test/auto/ImpulseFeedback2.xml (RunModel)" time="0.017" />
  <testcase classname="ptolemy.util.test.junit.AutoTests" name="[67] /home/travis/build/icyphy/ptII/ptolemy/domains/continuous/test/auto/IncreasingRatePoisson.xml (RunModel)" time="0.652" />
  <testcase classname="ptolemy.util.test.junit.AutoTests" name="[68] /home/travis/build/icyphy/ptII/ptolemy/domains/continuous/test/auto/InitialStateFeedback.xml (RunModel)" time="0.017" />
  <testcase classname="ptolemy.util.test.junit.AutoTests" name="[69] /home/travis/build/icyphy/ptII/ptolemy/domains/continuous/test/auto/Integration.xml (RunModel)" time="0.018" />
  <testcase classname="ptolemy.util.test.junit.AutoTests" name="[70] /home/travis/build/icyphy/ptII/ptolemy/domains/continuous/test/auto/Integration2.xml (RunModel)" time="0.105" />
  <testcase classname="ptolemy.util.test.junit.AutoTests" name="[71] /home/travis/build/icyphy/ptII/ptolemy/domains/continuous/test/auto/Integration3.xml (RunModel)" time="0.011" />
  <testcase classname="ptolemy.util.test.junit.AutoTests" name="[72] /home/travis/build/icyphy/ptII/ptolemy/domains/continuous/test/auto/Integration5.xml (RunModel)" time="0.01" />
  <testcase classname="ptolemy.util.test.junit.AutoTests" name="[73] /home/travis/build/icyphy/ptII/ptolemy/domains/continuous/test/auto/IntegratorImpulse.xml (RunModel)" time="0.018" />
  <testcase classname="ptolemy.util.test.junit.AutoTests" name="[74] /home/travis/build/icyphy/ptII/ptolemy/domains/continuous/test/auto/IntegratorImpulse2.xml (RunModel)" time="0.012" />
  <testcase classname="ptolemy.util.test.junit.AutoTests" name="[75] /home/travis/build/icyphy/ptII/ptolemy/domains/continuous/test/auto/LevelCrossing1.xml (RunModel)" time="0.014" />
  <testcase classname="ptolemy.util.test.junit.AutoTests" name="[76] /home/travis/build/icyphy/ptII/ptolemy/domains/continuous/test/auto/LevelCrossing2.xml (RunModel)" time="0.012" />
  <testcase classname="ptolemy.util.test.junit.AutoTests" name="[77] /home/travis/build/icyphy/ptII/ptolemy/domains/continuous/test/auto/LevelCrossing3.xml (RunModel)" time="0.011" />
  <testcase classname="ptolemy.util.test.junit.AutoTests" name="[78] /home/travis/build/icyphy/ptII/ptolemy/domains/continuous/test/auto/LevelCrossing4.xml (RunModel)" time="0.012" />
  <testcase classname="ptolemy.util.test.junit.AutoTests" name="[79] /home/travis/build/icyphy/ptII/ptolemy/domains/continuous/test/auto/LevelCrossing5.xml (RunModel)" time="0.01" />
  <testcase classname="ptolemy.util.test.junit.AutoTests" name="[80] /home/travis/build/icyphy/ptII/ptolemy/domains/continuous/test/auto/LevelCrossing6.xml (RunModel)" time="0.014" />
  <testcase classname="ptolemy.util.test.junit.AutoTests" name="[81] /home/travis/build/icyphy/ptII/ptolemy/domains/continuous/test/auto/LevelCrossingDetector.xml (RunModel)" time="0.036" />
  <testcase classname="ptolemy.util.test.junit.AutoTests" name="[82] /home/travis/build/icyphy/ptII/ptolemy/domains/continuous/test/auto/LevelCrossingDetectorDetectingDirections.xml (RunModel)" time="0.081" />
  <testcase classname="ptolemy.util.test.junit.AutoTests" name="[83] /home/travis/build/icyphy/ptII/ptolemy/domains/continuous/test/auto/LevelCrossingDetectorDetectsGlitches.xml (RunModel)" time="0.054" />
  <testcase classname="ptolemy.util.test.junit.AutoTests" name="[84] /home/travis/build/icyphy/ptII/ptolemy/domains/continuous/test/auto/LevelCrossingNoInitialOuput.xml (RunModel)" time="0.012" />
  <testcase classname="ptolemy.util.test.junit.AutoTests" name="[85] /home/travis/build/icyphy/ptII/ptolemy/domains/continuous/test/auto/LinearStateSpaceExample.xml (RunModel)" time="0.048" />
  <testcase classname="ptolemy.util.test.junit.AutoTests" name="[86] /home/travis/build/icyphy/ptII/ptolemy/domains/continuous/test/auto/Lorenz.xml (RunModel)" time="3.911" />
  <testcase classname="ptolemy.util.test.junit.AutoTests" name="[87] /home/travis/build/icyphy/ptII/ptolemy/domains/continuous/test/auto/LorenzDifferentialSystem.xml (RunModel)" time="1.091" />
  <testcase classname="ptolemy.util.test.junit.AutoTests" name="[88] /home/travis/build/icyphy/ptII/ptolemy/domains/continuous/test/auto/LorenzDifferentialSystemWithInput.xml (RunModel)" time="1.409" />
  <testcase classname="ptolemy.util.test.junit.AutoTests" name="[89] /home/travis/build/icyphy/ptII/ptolemy/domains/continuous/test/auto/LorenzDifferentialSystemWithTime.xml (RunModel)" time="0.681" />
  <testcase classname="ptolemy.util.test.junit.AutoTests" name="[90] /home/travis/build/icyphy/ptII/ptolemy/domains/continuous/test/auto/Microsteps.xml (RunModel)" time="0.018" />
  <testcase classname="ptolemy.util.test.junit.AutoTests" name="[91] /home/travis/build/icyphy/ptII/ptolemy/domains/continuous/test/auto/Modal1.xml (RunModel)" time="0.056" />
  <testcase classname="ptolemy.util.test.junit.AutoTests" name="[92] /home/travis/build/icyphy/ptII/ptolemy/domains/continuous/test/auto/Modal2.xml (RunModel)" time="0.047" />
  <testcase classname="ptolemy.util.test.junit.AutoTests" name="[93] /home/travis/build/icyphy/ptII/ptolemy/domains/continuous/test/auto/ModalTransitionGuardWithReset.xml (RunModel)" time="0.028" />
  <testcase classname="ptolemy.util.test.junit.AutoTests" name="[94] /home/travis/build/icyphy/ptII/ptolemy/domains/continuous/test/auto/ModalTransitionGuardWithResetUsingPreemptiveTransition.xml (RunModel)" time="0.02" />
  <testcase classname="ptolemy.util.test.junit.AutoTests" name="[95] /home/travis/build/icyphy/ptII/ptolemy/domains/continuous/test/auto/ModalTransitionGuardWithResetUsingPreemptiveTransition2.xml (RunModel)" time="0.028" />
  <testcase classname="ptolemy.util.test.junit.AutoTests" name="[96] /home/travis/build/icyphy/ptII/ptolemy/domains/continuous/test/auto/ModalTransitionGuardWithResetUsingPreemptiveTransition3.xml (RunModel)" time="0.023" />
  <testcase classname="ptolemy.util.test.junit.AutoTests" name="[97] /home/travis/build/icyphy/ptII/ptolemy/domains/continuous/test/auto/NewtonsCradle.xml (RunModel)" time="0.752" />
  <testcase classname="ptolemy.util.test.junit.AutoTests" name="[98] /home/travis/build/icyphy/ptII/ptolemy/domains/continuous/test/auto/NewtonsCradleAnimated.xml (RunModel)" time="1.076" />
  <testcase classname="ptolemy.util.test.junit.AutoTests" name="[99] /home/travis/build/icyphy/ptII/ptolemy/domains/continuous/test/auto/NewtonsCradleComplicated.xml (RunModel)" time="0.869" />
  <testcase classname="ptolemy.util.test.junit.AutoTests" name="[100] /home/travis/build/icyphy/ptII/ptolemy/domains/continuous/test/auto/NewtonsCradleNondeterministic.xml (RunModel)" time="0.601" />
  <testcase classname="ptolemy.util.test.junit.AutoTests" name="[101] /home/travis/build/icyphy/ptII/ptolemy/domains/continuous/test/auto/NewtonsCradlePerfectlyInelastic1.xml (RunModel)" time="1.198" />
  <testcase classname="ptolemy.util.test.junit.AutoTests" name="[102] /home/travis/build/icyphy/ptII/ptolemy/domains/continuous/test/auto/Noise.xml (RunModel)" time="0.175" />
  <testcase classname="ptolemy.util.test.junit.AutoTests" name="[103] /home/travis/build/icyphy/ptII/ptolemy/domains/continuous/test/auto/NoiseSpectrum.xml (RunModel)" time="0.759" />
  <testcase classname="ptolemy.util.test.junit.AutoTests" name="[104] /home/travis/build/icyphy/ptII/ptolemy/domains/continuous/test/auto/ParameterizedNewtonsCradleAnimated.xml (RunModel)" time="0.353" />
  <testcase classname="ptolemy.util.test.junit.AutoTests" name="[105] /home/travis/build/icyphy/ptII/ptolemy/domains/continuous/test/auto/ParameterizedNewtonsCradleAnimatedNondeterministic.xml (RunModel)" time="1.078" />
  <testcase classname="ptolemy.util.test.junit.AutoTests" name="[106] /home/travis/build/icyphy/ptII/ptolemy/domains/continuous/test/auto/Pendulum3D.xml (RunModel)" time="0.169" />
  <testcase classname="ptolemy.util.test.junit.AutoTests" name="[107] /home/travis/build/icyphy/ptII/ptolemy/domains/continuous/test/auto/PeriodicSampler.xml (RunModel)" time="0.009" />
  <testcase classname="ptolemy.util.test.junit.AutoTests" name="[108] /home/travis/build/icyphy/ptII/ptolemy/domains/continuous/test/auto/PeriodicSampler1.xml (RunModel)" time="0.044" />
  <testcase classname="ptolemy.util.test.junit.AutoTests" name="[109] /home/travis/build/icyphy/ptII/ptolemy/domains/continuous/test/auto/PeriodicSampler2.xml (RunModel)" time="0.102" />
  <testcase classname="ptolemy.util.test.junit.AutoTests" name="[110] /home/travis/build/icyphy/ptII/ptolemy/domains/continuous/test/auto/Poisson.xml (RunModel)" time="0.433" />
  <testcase classname="ptolemy.util.test.junit.AutoTests" name="[111] /home/travis/build/icyphy/ptII/ptolemy/domains/continuous/test/auto/PoissonClock.xml (RunModel)" time="0.011" />
  <testcase classname="ptolemy.util.test.junit.AutoTests" name="[112] /home/travis/build/icyphy/ptII/ptolemy/domains/continuous/test/auto/PoissonClock2.xml (RunModel)" time="0.016" />
  <testcase classname="ptolemy.util.test.junit.AutoTests" name="[113] /home/travis/build/icyphy/ptII/ptolemy/domains/continuous/test/auto/PortParameterHierarchy.xml (RunModel)" time="0.022" />
  <testcase classname="ptolemy.util.test.junit.AutoTests" name="[114] /home/travis/build/icyphy/ptII/ptolemy/domains/continuous/test/auto/RandomHybridPlant.xml (RunModel)" time="0.51" />
  <testcase classname="ptolemy.util.test.junit.AutoTests" name="[115] /home/travis/build/icyphy/ptII/ptolemy/domains/continuous/test/auto/ResetTransitionWithStartTime1.xml (RunModel)" time="0.033" />
  <testcase classname="ptolemy.util.test.junit.AutoTests" name="[116] /home/travis/build/icyphy/ptII/ptolemy/domains/continuous/test/auto/ResetTransitionWithStartTime2.xml (RunModel)" time="0.038" />
  <testcase classname="ptolemy.util.test.junit.AutoTests" name="[117] /home/travis/build/icyphy/ptII/ptolemy/domains/continuous/test/auto/ResetTransitionWithStartTime3.xml (RunModel)" time="0.042" />
  <testcase classname="ptolemy.util.test.junit.AutoTests" name="[118] /home/travis/build/icyphy/ptII/ptolemy/domains/continuous/test/auto/ResetTransitionWithStartTime4.xml (RunModel)" time="0.022" />
  <testcase classname="ptolemy.util.test.junit.AutoTests" name="[119] /home/travis/build/icyphy/ptII/ptolemy/domains/continuous/test/auto/ResetTransitionWithStartTime5.xml (RunModel)" time="0.033" />
  <testcase classname="ptolemy.util.test.junit.AutoTests" name="[120] /home/travis/build/icyphy/ptII/ptolemy/domains/continuous/test/auto/ResetTransitionWithStartTime6.xml (RunModel)" time="0.039" />
  <testcase classname="ptolemy.util.test.junit.AutoTests" name="[121] /home/travis/build/icyphy/ptII/ptolemy/domains/continuous/test/auto/SRinContinuous.xml (RunModel)" time="0.027" />
  <testcase classname="ptolemy.util.test.junit.AutoTests" name="[122] /home/travis/build/icyphy/ptII/ptolemy/domains/continuous/test/auto/SampledClocks.xml (RunModel)" time="0.033" />
  <testcase classname="ptolemy.util.test.junit.AutoTests" name="[123] /home/travis/build/icyphy/ptII/ptolemy/domains/continuous/test/auto/Satellite.xml (RunModel)" time="0.838" />
  <testcase classname="ptolemy.util.test.junit.AutoTests" name="[124] /home/travis/build/icyphy/ptII/ptolemy/domains/continuous/test/auto/SigmaDelta.xml (RunModel)" time="2.463" />
  <testcase classname="ptolemy.util.test.junit.AutoTests" name="[125] /home/travis/build/icyphy/ptII/ptolemy/domains/continuous/test/auto/SingleRefinement.xml (RunModel)" time="0.452" />
  <testcase classname="ptolemy.util.test.junit.AutoTests" name="[126] /home/travis/build/icyphy/ptII/ptolemy/domains/continuous/test/auto/SinuBouncingBall.xml (RunModel)" time="0.83" />
  <testcase classname="ptolemy.util.test.junit.AutoTests" name="[127] /home/travis/build/icyphy/ptII/ptolemy/domains/continuous/test/auto/Sinusoid.xml (RunModel)" time="0.012" />
  <testcase classname="ptolemy.util.test.junit.AutoTests" name="[128] /home/travis/build/icyphy/ptII/ptolemy/domains/continuous/test/auto/SinusoidInNoise.xml (RunModel)" time="0.959" />
  <testcase classname="ptolemy.util.test.junit.AutoTests" name="[129] /home/travis/build/icyphy/ptII/ptolemy/domains/continuous/test/auto/SinusoidRK45.xml (RunModel)" time="0.013" />
  <testcase classname="ptolemy.util.test.junit.AutoTests" name="[130] /home/travis/build/icyphy/ptII/ptolemy/domains/continuous/test/auto/SinusoidWithMultipleImpulses.xml (RunModel)" time="0.01" />
  <testcase classname="ptolemy.util.test.junit.AutoTests" name="[131] /home/travis/build/icyphy/ptII/ptolemy/domains/continuous/test/auto/SquareWave.xml (RunModel)" time="0.191" />
  <testcase classname="ptolemy.util.test.junit.AutoTests" name="[132] /home/travis/build/icyphy/ptII/ptolemy/domains/continuous/test/auto/Starmac.xml (RunModel)" time="3.328" />
  <testcase classname="ptolemy.util.test.junit.AutoTests" name="[133] /home/travis/build/icyphy/ptII/ptolemy/domains/continuous/test/auto/StaticUnits.xml (RunModel)" time="2.367" />
  <testcase classname="ptolemy.util.test.junit.AutoTests" name="[134] /home/travis/build/icyphy/ptII/ptolemy/domains/continuous/test/auto/StickyMasses.xml (RunModel)" time="0.154" />
  <testcase classname="ptolemy.util.test.junit.AutoTests" name="[135] /home/travis/build/icyphy/ptII/ptolemy/domains/continuous/test/auto/StopTime.xml (RunModel)" time="0.057" />
  <testcase classname="ptolemy.util.test.junit.AutoTests" name="[136] /home/travis/build/icyphy/ptII/ptolemy/domains/continuous/test/auto/StopTime2.xml (RunModel)" time="0.055" />
  <testcase classname="ptolemy.util.test.junit.AutoTests" name="[137] /home/travis/build/icyphy/ptII/ptolemy/domains/continuous/test/auto/Switch.xml (RunModel)" time="0.071" />
  <testcase classname="ptolemy.util.test.junit.AutoTests" name="[138] /home/travis/build/icyphy/ptII/ptolemy/domains/continuous/test/auto/Thermostat.xml (RunModel)" time="0.199" />
  <testcase classname="ptolemy.util.test.junit.AutoTests" name="[139] /home/travis/build/icyphy/ptII/ptolemy/domains/continuous/test/auto/TimeDelay.xml (RunModel)" time="0.014" />
  <testcase classname="ptolemy.util.test.junit.AutoTests" name="[140] /home/travis/build/icyphy/ptII/ptolemy/domains/continuous/test/auto/TimeDelay2.xml (RunModel)" time="0.017" />
  <testcase classname="ptolemy.util.test.junit.AutoTests" name="[141] /home/travis/build/icyphy/ptII/ptolemy/domains/continuous/test/auto/TimeDelay3.xml (RunModel)" time="0.014" />
  <testcase classname="ptolemy.util.test.junit.AutoTests" name="[142] /home/travis/build/icyphy/ptII/ptolemy/domains/continuous/test/auto/TransferAbsentToInside.xml (RunModel)" time="0.182" />
  <testcase classname="ptolemy.util.test.junit.AutoTests" name="[143] /home/travis/build/icyphy/ptII/ptolemy/domains/continuous/test/auto/Transmission.xml (RunModel)" time="0.707" />
  <testcase classname="ptolemy.util.test.junit.AutoTests" name="[144] /home/travis/build/icyphy/ptII/ptolemy/domains/continuous/test/auto/TriggeredContinuousClock.xml (RunModel)" time="0.066" />
  <testcase classname="ptolemy.util.test.junit.AutoTests" name="[145] /home/travis/build/icyphy/ptII/ptolemy/domains/continuous/test/auto/TwoMachineInfiniteBusControl.xml (RunModel)" time="2.929" />
  <testcase classname="ptolemy.util.test.junit.AutoTests" name="[146] /home/travis/build/icyphy/ptII/ptolemy/domains/continuous/test/auto/V2V.xml (RunModel)" time="0.73" />
  <testcase classname="ptolemy.util.test.junit.AutoTests" name="[147] /home/travis/build/icyphy/ptII/ptolemy/domains/continuous/test/auto/hierarchicalModalModel.xml (RunModel)" time="0.031" />
  <testcase classname="ptolemy.util.test.junit.AutoTests" name="[148] /home/travis/build/icyphy/ptII/ptolemy/domains/continuous/test/auto/hierarchicalModalModel1.xml (RunModel)" time="0.031" />
  <testcase classname="ptolemy.util.test.junit.AutoTests" name="[149] /home/travis/build/icyphy/ptII/ptolemy/domains/continuous/test/auto/hierarchicalModalModel2.xml (RunModel)" time="0.029" />
  <testcase classname="ptolemy.util.test.junit.AutoTests" name="[150] /home/travis/build/icyphy/ptII/ptolemy/domains/continuous/test/auto/hierarchicalModalModel3.xml (RunModel)" time="0.022" />
  <testcase classname="ptolemy.util.test.junit.AutoTests" name="[151] /home/travis/build/icyphy/ptII/ptolemy/domains/continuous/test/auto/hierarchicalModalModel4.xml (RunModel)" time="0.025" />
  <testcase classname="ptolemy.util.test.junit.AutoTests" name="[152] /home/travis/build/icyphy/ptII/ptolemy/domains/continuous/test/auto/junk.xml (RunModel)" time="0.167" />
  <system-out><![CDATA[No tcl tests in /home/travis/build/icyphy/ptII/ptolemy/domains/continuous/test
No auto/knownFailedTests/*.xml tests in /home/travis/build/icyphy/ptII/ptolemy/domains/continuous/test
No auto/linux-amd64/*.xml tests in /home/travis/build/icyphy/ptII/ptolemy/domains/continuous/test
AutoTests.java: About to close Vertx.
AutoTests.java: Vertx closed.

===========================================================================================
----------------- testing Sun Feb 17 14:03:14 UTC 2019 /home/travis/build/icyphy/ptII/ptolemy/domains/continuous/test/auto/BouncingBall.xml
----------------- Instantiating /home/travis/build/icyphy/ptII/ptolemy/domains/continuous/test/auto/BouncingBall.xml
2315 ms. Memory: 332288K Free: 263239K (79%)
----------------- Invoking toplevel() on ptolemy.moml.MoMLSimpleApplication@62bffa7a
----------------- Done invoking toplevel() on ptolemy.moml.MoMLSimpleApplication@62bffa7a
reloadAllAccessors: .BouncingBall

===========================================================================================
----------------- testing Sun Feb 17 14:03:16 UTC 2019 /home/travis/build/icyphy/ptII/ptolemy/domains/continuous/test/auto/BouncingBallWithoutGR.xml
----------------- Instantiating /home/travis/build/icyphy/ptII/ptolemy/domains/continuous/test/auto/BouncingBallWithoutGR.xml
735 ms. Memory: 332288K Free: 321244K (97%)
----------------- Invoking toplevel() on ptolemy.moml.MoMLSimpleApplication@2d87a03a
----------------- Done invoking toplevel() on ptolemy.moml.MoMLSimpleApplication@2d87a03a
reloadAllAccessors: .BouncingBallWithoutGR

===========================================================================================
----------------- testing Sun Feb 17 14:03:17 UTC 2019 /home/travis/build/icyphy/ptII/ptolemy/domains/continuous/test/auto/Brownian.xml
----------------- Instantiating /home/travis/build/icyphy/ptII/ptolemy/domains/continuous/test/auto/Brownian.xml
42 ms. Memory: 332288K Free: 307566K (93%)
----------------- Invoking toplevel() on ptolemy.moml.MoMLSimpleApplication@5229bda8
----------------- Done invoking toplevel() on ptolemy.moml.MoMLSimpleApplication@5229bda8
reloadAllAccessors: .Brownian

===========================================================================================
----------------- testing Sun Feb 17 14:03:17 UTC 2019 /home/travis/build/icyphy/ptII/ptolemy/domains/continuous/test/auto/CarTracking.xml
----------------- Instantiating /home/travis/build/icyphy/ptII/ptolemy/domains/continuous/test/auto/CarTracking.xml
3252 ms. Memory: 578560K Free: 465540K (80%)
----------------- Invoking toplevel() on ptolemy.moml.MoMLSimpleApplication@360e461c
----------------- Done invoking toplevel() on ptolemy.moml.MoMLSimpleApplication@360e461c
reloadAllAccessors: .CarTracking

===========================================================================================
----------------- testing Sun Feb 17 14:03:21 UTC 2019 /home/travis/build/icyphy/ptII/ptolemy/domains/continuous/test/auto/CartPendulum.xml
----------------- Instantiating /home/travis/build/icyphy/ptII/ptolemy/domains/continuous/test/auto/CartPendulum.xml
416 ms. Memory: 578560K Free: 359530K (62%)
----------------- Invoking toplevel() on ptolemy.moml.MoMLSimpleApplication@2b7869ef
----------------- Done invoking toplevel() on ptolemy.moml.MoMLSimpleApplication@2b7869ef
reloadAllAccessors: .CartPendulum

===========================================================================================
----------------- testing Sun Feb 17 14:03:21 UTC 2019 /home/travis/build/icyphy/ptII/ptolemy/domains/continuous/test/auto/CausalityInterface10.xml
----------------- Instantiating /home/travis/build/icyphy/ptII/ptolemy/domains/continuous/test/auto/CausalityInterface10.xml
10 ms. Memory: 578560K Free: 346407K (60%)
----------------- Invoking toplevel() on ptolemy.moml.MoMLSimpleApplication@4da172d4
----------------- Done invoking toplevel() on ptolemy.moml.MoMLSimpleApplication@4da172d4
reloadAllAccessors: .CausalityInterface10

===========================================================================================
----------------- testing Sun Feb 17 14:03:21 UTC 2019 /home/travis/build/icyphy/ptII/ptolemy/domains/continuous/test/auto/CausalityInterface11.xml
----------------- Instantiating /home/travis/build/icyphy/ptII/ptolemy/domains/continuous/test/auto/CausalityInterface11.xml
10 ms. Memory: 578560K Free: 336560K (58%)
----------------- Invoking toplevel() on ptolemy.moml.MoMLSimpleApplication@702571bf
----------------- Done invoking toplevel() on ptolemy.moml.MoMLSimpleApplication@702571bf
reloadAllAccessors: .CausalityInterface11

===========================================================================================
----------------- testing Sun Feb 17 14:03:21 UTC 2019 /home/travis/build/icyphy/ptII/ptolemy/domains/continuous/test/auto/CausalityInterface12.xml
----------------- Instantiating /home/travis/build/icyphy/ptII/ptolemy/domains/continuous/test/auto/CausalityInterface12.xml
5 ms. Memory: 578560K Free: 323830K (56%)
----------------- Invoking toplevel() on ptolemy.moml.MoMLSimpleApplication@7bb2aa67
----------------- Done invoking toplevel() on ptolemy.moml.MoMLSimpleApplication@7bb2aa67
reloadAllAccessors: .CausalityInterface12

===========================================================================================
----------------- testing Sun Feb 17 14:03:22 UTC 2019 /home/travis/build/icyphy/ptII/ptolemy/domains/continuous/test/auto/CausalityInterface13.xml
----------------- Instantiating /home/travis/build/icyphy/ptII/ptolemy/domains/continuous/test/auto/CausalityInterface13.xml
8 ms. Memory: 578560K Free: 314000K (54%)
----------------- Invoking toplevel() on ptolemy.moml.MoMLSimpleApplication@179197df
----------------- Done invoking toplevel() on ptolemy.moml.MoMLSimpleApplication@179197df
reloadAllAccessors: .CausalityInterface13

===========================================================================================
----------------- testing Sun Feb 17 14:03:22 UTC 2019 /home/travis/build/icyphy/ptII/ptolemy/domains/continuous/test/auto/CausalityInterface14.xml
----------------- Instantiating /home/travis/build/icyphy/ptII/ptolemy/domains/continuous/test/auto/CausalityInterface14.xml
2 ms. Memory: 578560K Free: 304169K (53%)
----------------- Invoking toplevel() on ptolemy.moml.MoMLSimpleApplication@141940b4
----------------- Done invoking toplevel() on ptolemy.moml.MoMLSimpleApplication@141940b4
reloadAllAccessors: .CausalityInterface14

===========================================================================================
----------------- testing Sun Feb 17 14:03:22 UTC 2019 /home/travis/build/icyphy/ptII/ptolemy/domains/continuous/test/auto/CausalityInterface4.xml
----------------- Instantiating /home/travis/build/icyphy/ptII/ptolemy/domains/continuous/test/auto/CausalityInterface4.xml
3 ms. Memory: 578560K Free: 294331K (51%)
----------------- Invoking toplevel() on ptolemy.moml.MoMLSimpleApplication@3928452c
----------------- Done invoking toplevel() on ptolemy.moml.MoMLSimpleApplication@3928452c
reloadAllAccessors: .CausalityInterface4

===========================================================================================
----------------- testing Sun Feb 17 14:03:22 UTC 2019 /home/travis/build/icyphy/ptII/ptolemy/domains/continuous/test/auto/CausalityInterface5.xml
----------------- Instantiating /home/travis/build/icyphy/ptII/ptolemy/domains/continuous/test/auto/CausalityInterface5.xml
4 ms. Memory: 578560K Free: 278324K (48%)
----------------- Invoking toplevel() on ptolemy.moml.MoMLSimpleApplication@3dcb68a5
----------------- Done invoking toplevel() on ptolemy.moml.MoMLSimpleApplication@3dcb68a5
reloadAllAccessors: .CausalityInterface5

===========================================================================================
----------------- testing Sun Feb 17 14:03:22 UTC 2019 /home/travis/build/icyphy/ptII/ptolemy/domains/continuous/test/auto/CausalityInterface6.xml
----------------- Instantiating /home/travis/build/icyphy/ptII/ptolemy/domains/continuous/test/auto/CausalityInterface6.xml
2 ms. Memory: 578560K Free: 268477K (46%)
----------------- Invoking toplevel() on ptolemy.moml.MoMLSimpleApplication@5f860ea1
----------------- Done invoking toplevel() on ptolemy.moml.MoMLSimpleApplication@5f860ea1
reloadAllAccessors: .CausalityInterface6

===========================================================================================
----------------- testing Sun Feb 17 14:03:22 UTC 2019 /home/travis/build/icyphy/ptII/ptolemy/domains/continuous/test/auto/CausalityInterface7.xml
----------------- Instantiating /home/travis/build/icyphy/ptII/ptolemy/domains/continuous/test/auto/CausalityInterface7.xml
7 ms. Memory: 578560K Free: 255354K (44%)
----------------- Invoking toplevel() on ptolemy.moml.MoMLSimpleApplication@31ee7214
----------------- Done invoking toplevel() on ptolemy.moml.MoMLSimpleApplication@31ee7214
reloadAllAccessors: .CausalityInterface7

===========================================================================================
----------------- testing Sun Feb 17 14:03:22 UTC 2019 /home/travis/build/icyphy/ptII/ptolemy/domains/continuous/test/auto/CausalityInterface8.xml
----------------- Instantiating /home/travis/build/icyphy/ptII/ptolemy/domains/continuous/test/auto/CausalityInterface8.xml
3 ms. Memory: 578560K Free: 242231K (42%)
----------------- Invoking toplevel() on ptolemy.moml.MoMLSimpleApplication@11a53f40
----------------- Done invoking toplevel() on ptolemy.moml.MoMLSimpleApplication@11a53f40
reloadAllAccessors: .CausalityInterface8

===========================================================================================
----------------- testing Sun Feb 17 14:03:22 UTC 2019 /home/travis/build/icyphy/ptII/ptolemy/domains/continuous/test/auto/CausalityInterface9.xml
----------------- Instantiating /home/travis/build/icyphy/ptII/ptolemy/domains/continuous/test/auto/CausalityInterface9.xml
4 ms. Memory: 578560K Free: 222931K (39%)
----------------- Invoking toplevel() on ptolemy.moml.MoMLSimpleApplication@53259245
----------------- Done invoking toplevel() on ptolemy.moml.MoMLSimpleApplication@53259245
reloadAllAccessors: .CausalityInterface9

===========================================================================================
----------------- testing Sun Feb 17 14:03:22 UTC 2019 /home/travis/build/icyphy/ptII/ptolemy/domains/continuous/test/auto/CausalityInterfaceFeedback1.xml
----------------- Instantiating /home/travis/build/icyphy/ptII/ptolemy/domains/continuous/test/auto/CausalityInterfaceFeedback1.xml
3 ms. Memory: 578560K Free: 213085K (37%)
----------------- Invoking toplevel() on ptolemy.moml.MoMLSimpleApplication@8766e77
----------------- Done invoking toplevel() on ptolemy.moml.MoMLSimpleApplication@8766e77
reloadAllAccessors: .CausalityInterfaceFeedback1

===========================================================================================
----------------- testing Sun Feb 17 14:03:22 UTC 2019 /home/travis/build/icyphy/ptII/ptolemy/domains/continuous/test/auto/CausalityInterfaceFeedback2.xml
----------------- Instantiating /home/travis/build/icyphy/ptII/ptolemy/domains/continuous/test/auto/CausalityInterfaceFeedback2.xml
2 ms. Memory: 578560K Free: 203238K (35%)
----------------- Invoking toplevel() on ptolemy.moml.MoMLSimpleApplication@66bebbc2
----------------- Done invoking toplevel() on ptolemy.moml.MoMLSimpleApplication@66bebbc2
reloadAllAccessors: .CausalityInterfaceFeedback2

===========================================================================================
----------------- testing Sun Feb 17 14:03:22 UTC 2019 /home/travis/build/icyphy/ptII/ptolemy/domains/continuous/test/auto/CompareWithCurrentTime.xml
----------------- Instantiating /home/travis/build/icyphy/ptII/ptolemy/domains/continuous/test/auto/CompareWithCurrentTime.xml
9 ms. Memory: 578560K Free: 193801K (33%)
----------------- Invoking toplevel() on ptolemy.moml.MoMLSimpleApplication@13e58ec5
----------------- Done invoking toplevel() on ptolemy.moml.MoMLSimpleApplication@13e58ec5
reloadAllAccessors: .CompareWithCurrentTime

===========================================================================================
----------------- testing Sun Feb 17 14:03:22 UTC 2019 /home/travis/build/icyphy/ptII/ptolemy/domains/continuous/test/auto/ComparedClocks.xml
----------------- Instantiating /home/travis/build/icyphy/ptII/ptolemy/domains/continuous/test/auto/ComparedClocks.xml
7 ms. Memory: 578560K Free: 174117K (30%)
----------------- Invoking toplevel() on ptolemy.moml.MoMLSimpleApplication@253c80a8
----------------- Done invoking toplevel() on ptolemy.moml.MoMLSimpleApplication@253c80a8
reloadAllAccessors: .ComparedClocks

===========================================================================================
----------------- testing Sun Feb 17 14:03:22 UTC 2019 /home/travis/build/icyphy/ptII/ptolemy/domains/continuous/test/auto/ContinuousAOCClone.xml
----------------- Instantiating /home/travis/build/icyphy/ptII/ptolemy/domains/continuous/test/auto/ContinuousAOCClone.xml
2387 ms. Memory: 872960K Free: 437292K (50%)
----------------- Invoking toplevel() on ptolemy.moml.MoMLSimpleApplication@4c093e3e
----------------- Done invoking toplevel() on ptolemy.moml.MoMLSimpleApplication@4c093e3e
reloadAllAccessors: .ContinuousAOCClone

===========================================================================================
----------------- testing Sun Feb 17 14:03:25 UTC 2019 /home/travis/build/icyphy/ptII/ptolemy/domains/continuous/test/auto/ContinuousClock.xml
----------------- Instantiating /home/travis/build/icyphy/ptII/ptolemy/domains/continuous/test/auto/ContinuousClock.xml
29 ms. Memory: 872960K Free: 403032K (46%)
----------------- Invoking toplevel() on ptolemy.moml.MoMLSimpleApplication@20c3fbe5
----------------- Done invoking toplevel() on ptolemy.moml.MoMLSimpleApplication@20c3fbe5
reloadAllAccessors: .ContinuousClock

===========================================================================================
----------------- testing Sun Feb 17 14:03:25 UTC 2019 /home/travis/build/icyphy/ptII/ptolemy/domains/continuous/test/auto/ContinuousInContinuous.xml
----------------- Instantiating /home/travis/build/icyphy/ptII/ptolemy/domains/continuous/test/auto/ContinuousInContinuous.xml
42 ms. Memory: 872960K Free: 375468K (43%)
----------------- Invoking toplevel() on ptolemy.moml.MoMLSimpleApplication@7560720e
----------------- Done invoking toplevel() on ptolemy.moml.MoMLSimpleApplication@7560720e
reloadAllAccessors: .ContinuousInContinuous

===========================================================================================
----------------- testing Sun Feb 17 14:03:25 UTC 2019 /home/travis/build/icyphy/ptII/ptolemy/domains/continuous/test/auto/ContinuousInContinuousInContinuous.xml
----------------- Instantiating /home/travis/build/icyphy/ptII/ptolemy/domains/continuous/test/auto/ContinuousInContinuousInContinuous.xml
7 ms. Memory: 872960K Free: 363679K (42%)
----------------- Invoking toplevel() on ptolemy.moml.MoMLSimpleApplication@62e85d35
----------------- Done invoking toplevel() on ptolemy.moml.MoMLSimpleApplication@62e85d35
reloadAllAccessors: .ContinuousInContinuousInContinuous

===========================================================================================
----------------- testing Sun Feb 17 14:03:25 UTC 2019 /home/travis/build/icyphy/ptII/ptolemy/domains/continuous/test/auto/ContinuousInDE.xml
----------------- Instantiating /home/travis/build/icyphy/ptII/ptolemy/domains/continuous/test/auto/ContinuousInDE.xml
103 ms. Memory: 872960K Free: 344819K (39%)
----------------- Invoking toplevel() on ptolemy.moml.MoMLSimpleApplication@5a999ffa
----------------- Done invoking toplevel() on ptolemy.moml.MoMLSimpleApplication@5a999ffa
reloadAllAccessors: .ContinuousInDE

===========================================================================================
----------------- testing Sun Feb 17 14:03:25 UTC 2019 /home/travis/build/icyphy/ptII/ptolemy/domains/continuous/test/auto/ContinuousInDE2.xml
----------------- Instantiating /home/travis/build/icyphy/ptII/ptolemy/domains/continuous/test/auto/ContinuousInDE2.xml
34 ms. Memory: 872960K Free: 333030K (38%)
----------------- Invoking toplevel() on ptolemy.moml.MoMLSimpleApplication@2817b1b2
----------------- Done invoking toplevel() on ptolemy.moml.MoMLSimpleApplication@2817b1b2
reloadAllAccessors: .ContinuousInDE2

===========================================================================================
----------------- testing Sun Feb 17 14:03:25 UTC 2019 /home/travis/build/icyphy/ptII/ptolemy/domains/continuous/test/auto/ContinuousInDE3.xml
----------------- Instantiating /home/travis/build/icyphy/ptII/ptolemy/domains/continuous/test/auto/ContinuousInDE3.xml
40 ms. Memory: 872960K Free: 321241K (37%)
----------------- Invoking toplevel() on ptolemy.moml.MoMLSimpleApplication@7204584b
----------------- Done invoking toplevel() on ptolemy.moml.MoMLSimpleApplication@7204584b
reloadAllAccessors: .ContinuousInDE3

===========================================================================================
----------------- testing Sun Feb 17 14:03:25 UTC 2019 /home/travis/build/icyphy/ptII/ptolemy/domains/continuous/test/auto/ContinuousInDE4.xml
----------------- Instantiating /home/travis/build/icyphy/ptII/ptolemy/domains/continuous/test/auto/ContinuousInDE4.xml
16 ms. Memory: 872960K Free: 313382K (36%)
----------------- Invoking toplevel() on ptolemy.moml.MoMLSimpleApplication@5c75006c
----------------- Done invoking toplevel() on ptolemy.moml.MoMLSimpleApplication@5c75006c
reloadAllAccessors: .ContinuousInDE4

===========================================================================================
----------------- testing Sun Feb 17 14:03:25 UTC 2019 /home/travis/build/icyphy/ptII/ptolemy/domains/continuous/test/auto/ContinuousInDEDifferentRefinements.xml
----------------- Instantiating /home/travis/build/icyphy/ptII/ptolemy/domains/continuous/test/auto/ContinuousInDEDifferentRefinements.xml
60 ms. Memory: 872960K Free: 274833K (31%)
----------------- Invoking toplevel() on ptolemy.moml.MoMLSimpleApplication@47b2d84b
----------------- Done invoking toplevel() on ptolemy.moml.MoMLSimpleApplication@47b2d84b
reloadAllAccessors: .ContinuousInDEDifferentRefinements

===========================================================================================
----------------- testing Sun Feb 17 14:03:25 UTC 2019 /home/travis/build/icyphy/ptII/ptolemy/domains/continuous/test/auto/ContinuousInDEDifferentRefinementsPreemptive.xml
----------------- Instantiating /home/travis/build/icyphy/ptII/ptolemy/domains/continuous/test/auto/ContinuousInDEDifferentRefinementsPreemptive.xml
45 ms. Memory: 872960K Free: 239402K (27%)
----------------- Invoking toplevel() on ptolemy.moml.MoMLSimpleApplication@6c77c9b7
----------------- Done invoking toplevel() on ptolemy.moml.MoMLSimpleApplication@6c77c9b7
reloadAllAccessors: .ContinuousInDEDifferentRefinementsPreemptive

===========================================================================================
----------------- testing Sun Feb 17 14:03:25 UTC 2019 /home/travis/build/icyphy/ptII/ptolemy/domains/continuous/test/auto/ContinuousInDEInContinuous2.xml
----------------- Instantiating /home/travis/build/icyphy/ptII/ptolemy/domains/continuous/test/auto/ContinuousInDEInContinuous2.xml
37 ms. Memory: 872960K Free: 223667K (26%)
----------------- Invoking toplevel() on ptolemy.moml.MoMLSimpleApplication@4f1e8b0b
----------------- Done invoking toplevel() on ptolemy.moml.MoMLSimpleApplication@4f1e8b0b
reloadAllAccessors: .ContinuousInDEInContinuous2

===========================================================================================
----------------- testing Sun Feb 17 14:03:25 UTC 2019 /home/travis/build/icyphy/ptII/ptolemy/domains/continuous/test/auto/ContinuousInDEInContinuous3.xml
----------------- Instantiating /home/travis/build/icyphy/ptII/ptolemy/domains/continuous/test/auto/ContinuousInDEInContinuous3.xml
36 ms. Memory: 872960K Free: 207933K (24%)
----------------- Invoking toplevel() on ptolemy.moml.MoMLSimpleApplication@4e28480b
----------------- Done invoking toplevel() on ptolemy.moml.MoMLSimpleApplication@4e28480b
reloadAllAccessors: .ContinuousInDEInContinuous3

===========================================================================================
----------------- testing Sun Feb 17 14:03:25 UTC 2019 /home/travis/build/icyphy/ptII/ptolemy/domains/continuous/test/auto/ContinuousInDEInput.xml
----------------- Instantiating /home/travis/build/icyphy/ptII/ptolemy/domains/continuous/test/auto/ContinuousInDEInput.xml
14 ms. Memory: 872960K Free: 193002K (22%)
----------------- Invoking toplevel() on ptolemy.moml.MoMLSimpleApplication@34d403cd
----------------- Done invoking toplevel() on ptolemy.moml.MoMLSimpleApplication@34d403cd
reloadAllAccessors: .ContinuousInDEInput

===========================================================================================
----------------- testing Sun Feb 17 14:03:25 UTC 2019 /home/travis/build/icyphy/ptII/ptolemy/domains/continuous/test/auto/ContinuousInDEInput2.xml
----------------- Instantiating /home/travis/build/icyphy/ptII/ptolemy/domains/continuous/test/auto/ContinuousInDEInput2.xml
10 ms. Memory: 872960K Free: 181213K (21%)
----------------- Invoking toplevel() on ptolemy.moml.MoMLSimpleApplication@75f7bcf3
----------------- Done invoking toplevel() on ptolemy.moml.MoMLSimpleApplication@75f7bcf3
reloadAllAccessors: .ContinuousInDEInput2

===========================================================================================
----------------- testing Sun Feb 17 14:03:25 UTC 2019 /home/travis/build/icyphy/ptII/ptolemy/domains/continuous/test/auto/ContinuousInDEInput3.xml
----------------- Instantiating /home/travis/build/icyphy/ptII/ptolemy/domains/continuous/test/auto/ContinuousInDEInput3.xml
10 ms. Memory: 872960K Free: 169408K (19%)
----------------- Invoking toplevel() on ptolemy.moml.MoMLSimpleApplication@2bf2c4
----------------- Done invoking toplevel() on ptolemy.moml.MoMLSimpleApplication@2bf2c4
reloadAllAccessors: .ContinuousInDEInput3

===========================================================================================
----------------- testing Sun Feb 17 14:03:26 UTC 2019 /home/travis/build/icyphy/ptII/ptolemy/domains/continuous/test/auto/ContinuousInDESharingRefinement.xml
----------------- Instantiating /home/travis/build/icyphy/ptII/ptolemy/domains/continuous/test/auto/ContinuousInDESharingRefinement.xml
156 ms. Memory: 873472K Free: 855009K (98%)
----------------- Invoking toplevel() on ptolemy.moml.MoMLSimpleApplication@3c551cef
----------------- Done invoking toplevel() on ptolemy.moml.MoMLSimpleApplication@3c551cef
reloadAllAccessors: .ContinuousInDESharingRefinement

===========================================================================================
----------------- testing Sun Feb 17 14:03:26 UTC 2019 /home/travis/build/icyphy/ptII/ptolemy/domains/continuous/test/auto/ContinuousInDEwithNoPorts.xml
----------------- Instantiating /home/travis/build/icyphy/ptII/ptolemy/domains/continuous/test/auto/ContinuousInDEwithNoPorts.xml
4 ms. Memory: 873472K Free: 842998K (97%)
----------------- Invoking toplevel() on ptolemy.moml.MoMLSimpleApplication@1b7e4ca0
----------------- Done invoking toplevel() on ptolemy.moml.MoMLSimpleApplication@1b7e4ca0
reloadAllAccessors: .ContinuousInDEwithNoPorts

===========================================================================================
----------------- testing Sun Feb 17 14:03:26 UTC 2019 /home/travis/build/icyphy/ptII/ptolemy/domains/continuous/test/auto/ContinuousInsideDE.xml
----------------- Instantiating /home/travis/build/icyphy/ptII/ptolemy/domains/continuous/test/auto/ContinuousInsideDE.xml
45 ms. Memory: 873472K Free: 827279K (95%)
----------------- Invoking toplevel() on ptolemy.moml.MoMLSimpleApplication@55246d84
----------------- Done invoking toplevel() on ptolemy.moml.MoMLSimpleApplication@55246d84
reloadAllAccessors: .ContinuousInsideDE

===========================================================================================
----------------- testing Sun Feb 17 14:03:26 UTC 2019 /home/travis/build/icyphy/ptII/ptolemy/domains/continuous/test/auto/ContinuousMerge1.xml
----------------- Instantiating /home/travis/build/icyphy/ptII/ptolemy/domains/continuous/test/auto/ContinuousMerge1.xml
3 ms. Memory: 873472K Free: 817311K (94%)
----------------- Invoking toplevel() on ptolemy.moml.MoMLSimpleApplication@69a6867f
----------------- Done invoking toplevel() on ptolemy.moml.MoMLSimpleApplication@69a6867f
reloadAllAccessors: .ContinuousMerge1

===========================================================================================
----------------- testing Sun Feb 17 14:03:26 UTC 2019 /home/travis/build/icyphy/ptII/ptolemy/domains/continuous/test/auto/ContinuousMerge2.xml
----------------- Instantiating /home/travis/build/icyphy/ptII/ptolemy/domains/continuous/test/auto/ContinuousMerge2.xml
14 ms. Memory: 873472K Free: 801397K (92%)
----------------- Invoking toplevel() on ptolemy.moml.MoMLSimpleApplication@62f439a7
----------------- Done invoking toplevel() on ptolemy.moml.MoMLSimpleApplication@62f439a7
reloadAllAccessors: .ContinuousMerge2

===========================================================================================
----------------- testing Sun Feb 17 14:03:26 UTC 2019 /home/travis/build/icyphy/ptII/ptolemy/domains/continuous/test/auto/ContinuousMerge3.xml
----------------- Instantiating /home/travis/build/icyphy/ptII/ptolemy/domains/continuous/test/auto/ContinuousMerge3.xml
40 ms. Memory: 873472K Free: 785679K (90%)
----------------- Invoking toplevel() on ptolemy.moml.MoMLSimpleApplication@521c7a08
----------------- Done invoking toplevel() on ptolemy.moml.MoMLSimpleApplication@521c7a08
reloadAllAccessors: .ContinuousMerge3

===========================================================================================
----------------- testing Sun Feb 17 14:03:26 UTC 2019 /home/travis/build/icyphy/ptII/ptolemy/domains/continuous/test/auto/ContinuousWithinContinuous.xml
----------------- Instantiating /home/travis/build/icyphy/ptII/ptolemy/domains/continuous/test/auto/ContinuousWithinContinuous.xml
32 ms. Memory: 873472K Free: 767835K (88%)
----------------- Invoking toplevel() on ptolemy.moml.MoMLSimpleApplication@7e723b37
----------------- Done invoking toplevel() on ptolemy.moml.MoMLSimpleApplication@7e723b37
reloadAllAccessors: .ContinuousWithinContinuous

===========================================================================================
----------------- testing Sun Feb 17 14:03:26 UTC 2019 /home/travis/build/icyphy/ptII/ptolemy/domains/continuous/test/auto/ContinuousWithinContinuous2.xml
----------------- Instantiating /home/travis/build/icyphy/ptII/ptolemy/domains/continuous/test/auto/ContinuousWithinContinuous2.xml
65 ms. Memory: 873472K Free: 756046K (87%)
----------------- Invoking toplevel() on ptolemy.moml.MoMLSimpleApplication@77080dd1
----------------- Done invoking toplevel() on ptolemy.moml.MoMLSimpleApplication@77080dd1
reloadAllAccessors: .ContinuousWithinContinuous2

===========================================================================================
----------------- testing Sun Feb 17 14:03:26 UTC 2019 /home/travis/build/icyphy/ptII/ptolemy/domains/continuous/test/auto/ContinuousWithinContinuous3.xml
----------------- Instantiating /home/travis/build/icyphy/ptII/ptolemy/domains/continuous/test/auto/ContinuousWithinContinuous3.xml
15 ms. Memory: 873472K Free: 742132K (85%)
----------------- Invoking toplevel() on ptolemy.moml.MoMLSimpleApplication@4c6f3e
----------------- Done invoking toplevel() on ptolemy.moml.MoMLSimpleApplication@4c6f3e
reloadAllAccessors: .ContinuousWithinContinuous3

===========================================================================================
----------------- testing Sun Feb 17 14:03:26 UTC 2019 /home/travis/build/icyphy/ptII/ptolemy/domains/continuous/test/auto/ContinuousWithinContinuous4.xml
----------------- Instantiating /home/travis/build/icyphy/ptII/ptolemy/domains/continuous/test/auto/ContinuousWithinContinuous4.xml
61 ms. Memory: 873472K Free: 726414K (83%)
----------------- Invoking toplevel() on ptolemy.moml.MoMLSimpleApplication@7f55447c
----------------- Done invoking toplevel() on ptolemy.moml.MoMLSimpleApplication@7f55447c
reloadAllAccessors: .ContinuousWithinContinuous4

===========================================================================================
----------------- testing Sun Feb 17 14:03:26 UTC 2019 /home/travis/build/icyphy/ptII/ptolemy/domains/continuous/test/auto/ContinuousWithinContinuous5.xml
----------------- Instantiating /home/travis/build/icyphy/ptII/ptolemy/domains/continuous/test/auto/ContinuousWithinContinuous5.xml
13 ms. Memory: 873472K Free: 714609K (82%)
----------------- Invoking toplevel() on ptolemy.moml.MoMLSimpleApplication@1db10a56
----------------- Done invoking toplevel() on ptolemy.moml.MoMLSimpleApplication@1db10a56
reloadAllAccessors: .ContinuousWithinContinuous5

===========================================================================================
----------------- testing Sun Feb 17 14:03:26 UTC 2019 /home/travis/build/icyphy/ptII/ptolemy/domains/continuous/test/auto/ContinuousWithinContinuous6.xml
----------------- Instantiating /home/travis/build/icyphy/ptII/ptolemy/domains/continuous/test/auto/ContinuousWithinContinuous6.xml
11 ms. Memory: 873472K Free: 700711K (80%)
----------------- Invoking toplevel() on ptolemy.moml.MoMLSimpleApplication@4249b88a
----------------- Done invoking toplevel() on ptolemy.moml.MoMLSimpleApplication@4249b88a
reloadAllAccessors: .ContinuousWithinContinuous6

===========================================================================================
----------------- testing Sun Feb 17 14:03:26 UTC 2019 /home/travis/build/icyphy/ptII/ptolemy/domains/continuous/test/auto/ContinuousWithinContinuous7.xml
----------------- Instantiating /home/travis/build/icyphy/ptII/ptolemy/domains/continuous/test/auto/ContinuousWithinContinuous7.xml
52 ms. Memory: 873472K Free: 688922K (79%)
----------------- Invoking toplevel() on ptolemy.moml.MoMLSimpleApplication@57b86d01
----------------- Done invoking toplevel() on ptolemy.moml.MoMLSimpleApplication@57b86d01
reloadAllAccessors: .ContinuousWithinContinuous7

===========================================================================================
----------------- testing Sun Feb 17 14:03:26 UTC 2019 /home/travis/build/icyphy/ptII/ptolemy/domains/continuous/test/auto/DCMotor.xml
----------------- Instantiating /home/travis/build/icyphy/ptII/ptolemy/domains/continuous/test/auto/DCMotor.xml
11707 ms. Memory: 734720K Free: 197550K (27%)
----------------- Invoking toplevel() on ptolemy.moml.MoMLSimpleApplication@4ab65bb2
----------------- Done invoking toplevel() on ptolemy.moml.MoMLSimpleApplication@4ab65bb2
reloadAllAccessors: .DCMotor

===========================================================================================
----------------- testing Sun Feb 17 14:03:38 UTC 2019 /home/travis/build/icyphy/ptII/ptolemy/domains/continuous/test/auto/DEInContinuous.xml
----------------- Instantiating /home/travis/build/icyphy/ptII/ptolemy/domains/continuous/test/auto/DEInContinuous.xml
24 ms. Memory: 734720K Free: 181570K (25%)
----------------- Invoking toplevel() on ptolemy.moml.MoMLSimpleApplication@693621e2
----------------- Done invoking toplevel() on ptolemy.moml.MoMLSimpleApplication@693621e2
reloadAllAccessors: .DEInContinuous

===========================================================================================
----------------- testing Sun Feb 17 14:03:38 UTC 2019 /home/travis/build/icyphy/ptII/ptolemy/domains/continuous/test/auto/DEinContinuous2.xml
----------------- Instantiating /home/travis/build/icyphy/ptII/ptolemy/domains/continuous/test/auto/DEinContinuous2.xml
5 ms. Memory: 734720K Free: 167433K (23%)
----------------- Invoking toplevel() on ptolemy.moml.MoMLSimpleApplication@6f66a5d3
----------------- Done invoking toplevel() on ptolemy.moml.MoMLSimpleApplication@6f66a5d3
reloadAllAccessors: .DEinContinuous2

===========================================================================================
----------------- testing Sun Feb 17 14:03:38 UTC 2019 /home/travis/build/icyphy/ptII/ptolemy/domains/continuous/test/auto/Derivative.xml
----------------- Instantiating /home/travis/build/icyphy/ptII/ptolemy/domains/continuous/test/auto/Derivative.xml
164 ms. Memory: 734720K Free: 127357K (17%)
----------------- Invoking toplevel() on ptolemy.moml.MoMLSimpleApplication@18209eb5
----------------- Done invoking toplevel() on ptolemy.moml.MoMLSimpleApplication@18209eb5
reloadAllAccessors: .Derivative2

===========================================================================================
----------------- testing Sun Feb 17 14:03:38 UTC 2019 /home/travis/build/icyphy/ptII/ptolemy/domains/continuous/test/auto/Derivative1.xml
----------------- Instantiating /home/travis/build/icyphy/ptII/ptolemy/domains/continuous/test/auto/Derivative1.xml
13 ms. Memory: 734720K Free: 107941K (15%)
----------------- Invoking toplevel() on ptolemy.moml.MoMLSimpleApplication@db9b313
----------------- Done invoking toplevel() on ptolemy.moml.MoMLSimpleApplication@db9b313
reloadAllAccessors: .Derivative1

===========================================================================================
----------------- testing Sun Feb 17 14:03:38 UTC 2019 /home/travis/build/icyphy/ptII/ptolemy/domains/continuous/test/auto/DiscreteClock.xml
----------------- Instantiating /home/travis/build/icyphy/ptII/ptolemy/domains/continuous/test/auto/DiscreteClock.xml
7 ms. Memory: 734720K Free: 93804K (13%)
----------------- Invoking toplevel() on ptolemy.moml.MoMLSimpleApplication@4e30dc43
----------------- Done invoking toplevel() on ptolemy.moml.MoMLSimpleApplication@4e30dc43
reloadAllAccessors: .DiscreteClock

===========================================================================================
----------------- testing Sun Feb 17 14:03:38 UTC 2019 /home/travis/build/icyphy/ptII/ptolemy/domains/continuous/test/auto/EfficiencyCurve.xml
----------------- Instantiating /home/travis/build/icyphy/ptII/ptolemy/domains/continuous/test/auto/EfficiencyCurve.xml
48 ms. Memory: 734720K Free: 79667K (11%)
----------------- Invoking toplevel() on ptolemy.moml.MoMLSimpleApplication@367bc403
----------------- Done invoking toplevel() on ptolemy.moml.MoMLSimpleApplication@367bc403
reloadAllAccessors: .EfficiencyCurve

===========================================================================================
----------------- testing Sun Feb 17 14:03:39 UTC 2019 /home/travis/build/icyphy/ptII/ptolemy/domains/continuous/test/auto/ExponentialResponse.xml
----------------- Instantiating /home/travis/build/icyphy/ptII/ptolemy/domains/continuous/test/auto/ExponentialResponse.xml
99 ms. Memory: 697344K Free: 664974K (95%)
----------------- Invoking toplevel() on ptolemy.moml.MoMLSimpleApplication@484ed66f
----------------- Done invoking toplevel() on ptolemy.moml.MoMLSimpleApplication@484ed66f
reloadAllAccessors: .ExponentialResponse

===========================================================================================
----------------- testing Sun Feb 17 14:03:39 UTC 2019 /home/travis/build/icyphy/ptII/ptolemy/domains/continuous/test/auto/ExponentialResponseRK45.xml
----------------- Instantiating /home/travis/build/icyphy/ptII/ptolemy/domains/continuous/test/auto/ExponentialResponseRK45.xml
23 ms. Memory: 697344K Free: 648021K (93%)
----------------- Invoking toplevel() on ptolemy.moml.MoMLSimpleApplication@409cc496
----------------- Done invoking toplevel() on ptolemy.moml.MoMLSimpleApplication@409cc496
reloadAllAccessors: .ExponentialResponseRK45

===========================================================================================
----------------- testing Sun Feb 17 14:03:39 UTC 2019 /home/travis/build/icyphy/ptII/ptolemy/domains/continuous/test/auto/Friction.xml
----------------- Instantiating /home/travis/build/icyphy/ptII/ptolemy/domains/continuous/test/auto/Friction.xml
1268 ms. Memory: 697344K Free: 211449K (30%)
----------------- Invoking toplevel() on ptolemy.moml.MoMLSimpleApplication@e1cc890
----------------- Done invoking toplevel() on ptolemy.moml.MoMLSimpleApplication@e1cc890
reloadAllAccessors: .Friction

===========================================================================================
----------------- testing Sun Feb 17 14:03:40 UTC 2019 /home/travis/build/icyphy/ptII/ptolemy/domains/continuous/test/auto/FurutaPendulum.xml
----------------- Instantiating /home/travis/build/icyphy/ptII/ptolemy/domains/continuous/test/auto/FurutaPendulum.xml
3160 ms. Memory: 674816K Free: 317789K (47%)
----------------- Invoking toplevel() on ptolemy.moml.MoMLSimpleApplication@a581f3
----------------- Done invoking toplevel() on ptolemy.moml.MoMLSimpleApplication@a581f3
reloadAllAccessors: .FurutaPendulum

===========================================================================================
----------------- testing Sun Feb 17 14:03:43 UTC 2019 /home/travis/build/icyphy/ptII/ptolemy/domains/continuous/test/auto/HierarchicalExecution.xml
----------------- Instantiating /home/travis/build/icyphy/ptII/ptolemy/domains/continuous/test/auto/HierarchicalExecution.xml
1721 ms. Memory: 647168K Free: 569225K (88%)
----------------- Invoking toplevel() on ptolemy.moml.MoMLSimpleApplication@1eda5647
----------------- Done invoking toplevel() on ptolemy.moml.MoMLSimpleApplication@1eda5647
reloadAllAccessors: .HierarchicalExecution

===========================================================================================
----------------- testing Sun Feb 17 14:03:45 UTC 2019 /home/travis/build/icyphy/ptII/ptolemy/domains/continuous/test/auto/HybridPlant.xml
----------------- Instantiating /home/travis/build/icyphy/ptII/ptolemy/domains/continuous/test/auto/HybridPlant.xml
490 ms. Memory: 647168K Free: 293591K (45%)
----------------- Invoking toplevel() on ptolemy.moml.MoMLSimpleApplication@217fb3b7
----------------- Done invoking toplevel() on ptolemy.moml.MoMLSimpleApplication@217fb3b7
reloadAllAccessors: .HybridPlant

===========================================================================================
----------------- testing Sun Feb 17 14:03:46 UTC 2019 /home/travis/build/icyphy/ptII/ptolemy/domains/continuous/test/auto/Hysteresis.xml
----------------- Instantiating /home/travis/build/icyphy/ptII/ptolemy/domains/continuous/test/auto/Hysteresis.xml
126 ms. Memory: 647168K Free: 225348K (35%)
----------------- Invoking toplevel() on ptolemy.moml.MoMLSimpleApplication@336b3653
----------------- Done invoking toplevel() on ptolemy.moml.MoMLSimpleApplication@336b3653
reloadAllAccessors: .Hysteresis

===========================================================================================
----------------- testing Sun Feb 17 14:03:46 UTC 2019 /home/travis/build/icyphy/ptII/ptolemy/domains/continuous/test/auto/HysteresisWithRandomDelay.xml
----------------- Instantiating /home/travis/build/icyphy/ptII/ptolemy/domains/continuous/test/auto/HysteresisWithRandomDelay.xml
161 ms. Memory: 647168K Free: 146241K (23%)
----------------- Invoking toplevel() on ptolemy.moml.MoMLSimpleApplication@703441ce
----------------- Done invoking toplevel() on ptolemy.moml.MoMLSimpleApplication@703441ce
reloadAllAccessors: .HysteresisWithRandomDelay

===========================================================================================
----------------- testing Sun Feb 17 14:03:46 UTC 2019 /home/travis/build/icyphy/ptII/ptolemy/domains/continuous/test/auto/HysteresisWithRandomLosses.xml
----------------- Instantiating /home/travis/build/icyphy/ptII/ptolemy/domains/continuous/test/auto/HysteresisWithRandomLosses.xml
2095 ms. Memory: 589312K Free: 416017K (71%)
----------------- Invoking toplevel() on ptolemy.moml.MoMLSimpleApplication@444fffa4
----------------- Done invoking toplevel() on ptolemy.moml.MoMLSimpleApplication@444fffa4
reloadAllAccessors: .HysteresisWithRandomLosses

===========================================================================================
----------------- testing Sun Feb 17 14:03:48 UTC 2019 /home/travis/build/icyphy/ptII/ptolemy/domains/continuous/test/auto/ImmediateTransitions.xml
----------------- Instantiating /home/travis/build/icyphy/ptII/ptolemy/domains/continuous/test/auto/ImmediateTransitions.xml
12 ms. Memory: 589312K Free: 403300K (68%)
----------------- Invoking toplevel() on ptolemy.moml.MoMLSimpleApplication@271918b
----------------- Done invoking toplevel() on ptolemy.moml.MoMLSimpleApplication@271918b
reloadAllAccessors: .ImmediateTransitions

===========================================================================================
----------------- testing Sun Feb 17 14:03:48 UTC 2019 /home/travis/build/icyphy/ptII/ptolemy/domains/continuous/test/auto/ImpulseFeedback.xml
----------------- Instantiating /home/travis/build/icyphy/ptII/ptolemy/domains/continuous/test/auto/ImpulseFeedback.xml
11 ms. Memory: 589312K Free: 392281K (67%)
----------------- Invoking toplevel() on ptolemy.moml.MoMLSimpleApplication@6db153cf
----------------- Done invoking toplevel() on ptolemy.moml.MoMLSimpleApplication@6db153cf
reloadAllAccessors: .ImpulseFeedback

===========================================================================================
----------------- testing Sun Feb 17 14:03:49 UTC 2019 /home/travis/build/icyphy/ptII/ptolemy/domains/continuous/test/auto/ImpulseFeedback2.xml
----------------- Instantiating /home/travis/build/icyphy/ptII/ptolemy/domains/continuous/test/auto/ImpulseFeedback2.xml
4 ms. Memory: 589312K Free: 381270K (65%)
----------------- Invoking toplevel() on ptolemy.moml.MoMLSimpleApplication@8d6da48
----------------- Done invoking toplevel() on ptolemy.moml.MoMLSimpleApplication@8d6da48
reloadAllAccessors: .ImpulseFeedback2

===========================================================================================
----------------- testing Sun Feb 17 14:03:49 UTC 2019 /home/travis/build/icyphy/ptII/ptolemy/domains/continuous/test/auto/IncreasingRatePoisson.xml
----------------- Instantiating /home/travis/build/icyphy/ptII/ptolemy/domains/continuous/test/auto/IncreasingRatePoisson.xml
630 ms. Memory: 589312K Free: 54306K (9%)
----------------- Invoking toplevel() on ptolemy.moml.MoMLSimpleApplication@2468790
----------------- Done invoking toplevel() on ptolemy.moml.MoMLSimpleApplication@2468790
reloadAllAccessors: .IncreasingRatePoisson

===========================================================================================
----------------- testing Sun Feb 17 14:03:49 UTC 2019 /home/travis/build/icyphy/ptII/ptolemy/domains/continuous/test/auto/InitialStateFeedback.xml
----------------- Instantiating /home/travis/build/icyphy/ptII/ptolemy/domains/continuous/test/auto/InitialStateFeedback.xml
4 ms. Memory: 574464K Free: 539805K (94%)
----------------- Invoking toplevel() on ptolemy.moml.MoMLSimpleApplication@658b74f5
----------------- Done invoking toplevel() on ptolemy.moml.MoMLSimpleApplication@658b74f5
reloadAllAccessors: .InitialStateFeedback

===========================================================================================
----------------- testing Sun Feb 17 14:03:49 UTC 2019 /home/travis/build/icyphy/ptII/ptolemy/domains/continuous/test/auto/Integration.xml
----------------- Instantiating /home/travis/build/icyphy/ptII/ptolemy/domains/continuous/test/auto/Integration.xml
6 ms. Memory: 574464K Free: 532395K (93%)
----------------- Invoking toplevel() on ptolemy.moml.MoMLSimpleApplication@43f16062
----------------- Done invoking toplevel() on ptolemy.moml.MoMLSimpleApplication@43f16062
reloadAllAccessors: .Integration

===========================================================================================
----------------- testing Sun Feb 17 14:03:49 UTC 2019 /home/travis/build/icyphy/ptII/ptolemy/domains/continuous/test/auto/Integration2.xml
----------------- Instantiating /home/travis/build/icyphy/ptII/ptolemy/domains/continuous/test/auto/Integration2.xml
81 ms. Memory: 574464K Free: 512210K (89%)
----------------- Invoking toplevel() on ptolemy.moml.MoMLSimpleApplication@50cbbeeb
----------------- Done invoking toplevel() on ptolemy.moml.MoMLSimpleApplication@50cbbeeb
reloadAllAccessors: .Integration2

===========================================================================================
----------------- testing Sun Feb 17 14:03:49 UTC 2019 /home/travis/build/icyphy/ptII/ptolemy/domains/continuous/test/auto/Integration3.xml
----------------- Instantiating /home/travis/build/icyphy/ptII/ptolemy/domains/continuous/test/auto/Integration3.xml
2 ms. Memory: 574464K Free: 504959K (88%)
----------------- Invoking toplevel() on ptolemy.moml.MoMLSimpleApplication@69510e26
----------------- Done invoking toplevel() on ptolemy.moml.MoMLSimpleApplication@69510e26
reloadAllAccessors: .Integration3

===========================================================================================
----------------- testing Sun Feb 17 14:03:49 UTC 2019 /home/travis/build/icyphy/ptII/ptolemy/domains/continuous/test/auto/Integration5.xml
----------------- Instantiating /home/travis/build/icyphy/ptII/ptolemy/domains/continuous/test/auto/Integration5.xml
2 ms. Memory: 574464K Free: 497548K (87%)
----------------- Invoking toplevel() on ptolemy.moml.MoMLSimpleApplication@2739d641
----------------- Done invoking toplevel() on ptolemy.moml.MoMLSimpleApplication@2739d641
reloadAllAccessors: .Integration5

===========================================================================================
----------------- testing Sun Feb 17 14:03:49 UTC 2019 /home/travis/build/icyphy/ptII/ptolemy/domains/continuous/test/auto/IntegratorImpulse.xml
----------------- Instantiating /home/travis/build/icyphy/ptII/ptolemy/domains/continuous/test/auto/IntegratorImpulse.xml
5 ms. Memory: 574464K Free: 490296K (85%)
----------------- Invoking toplevel() on ptolemy.moml.MoMLSimpleApplication@3c313fda
----------------- Done invoking toplevel() on ptolemy.moml.MoMLSimpleApplication@3c313fda
reloadAllAccessors: .IntegratorImpulse

===========================================================================================
----------------- testing Sun Feb 17 14:03:49 UTC 2019 /home/travis/build/icyphy/ptII/ptolemy/domains/continuous/test/auto/IntegratorImpulse2.xml
----------------- Instantiating /home/travis/build/icyphy/ptII/ptolemy/domains/continuous/test/auto/IntegratorImpulse2.xml
3 ms. Memory: 574464K Free: 482886K (84%)
----------------- Invoking toplevel() on ptolemy.moml.MoMLSimpleApplication@14a165d5
----------------- Done invoking toplevel() on ptolemy.moml.MoMLSimpleApplication@14a165d5
reloadAllAccessors: .IntegratorImpulse2

===========================================================================================
----------------- testing Sun Feb 17 14:03:49 UTC 2019 /home/travis/build/icyphy/ptII/ptolemy/domains/continuous/test/auto/LevelCrossing1.xml
----------------- Instantiating /home/travis/build/icyphy/ptII/ptolemy/domains/continuous/test/auto/LevelCrossing1.xml
4 ms. Memory: 574464K Free: 472405K (82%)
----------------- Invoking toplevel() on ptolemy.moml.MoMLSimpleApplication@39bca09b
----------------- Done invoking toplevel() on ptolemy.moml.MoMLSimpleApplication@39bca09b
reloadAllAccessors: .LevelCrossing1

===========================================================================================
----------------- testing Sun Feb 17 14:03:49 UTC 2019 /home/travis/build/icyphy/ptII/ptolemy/domains/continuous/test/auto/LevelCrossing2.xml
----------------- Instantiating /home/travis/build/icyphy/ptII/ptolemy/domains/continuous/test/auto/LevelCrossing2.xml
3 ms. Memory: 574464K Free: 461766K (80%)
----------------- Invoking toplevel() on ptolemy.moml.MoMLSimpleApplication@67098cc0
----------------- Done invoking toplevel() on ptolemy.moml.MoMLSimpleApplication@67098cc0
reloadAllAccessors: .LevelCrossing2

===========================================================================================
----------------- testing Sun Feb 17 14:03:49 UTC 2019 /home/travis/build/icyphy/ptII/ptolemy/domains/continuous/test/auto/LevelCrossing3.xml
----------------- Instantiating /home/travis/build/icyphy/ptII/ptolemy/domains/continuous/test/auto/LevelCrossing3.xml
2 ms. Memory: 574464K Free: 451285K (79%)
----------------- Invoking toplevel() on ptolemy.moml.MoMLSimpleApplication@307363e5
----------------- Done invoking toplevel() on ptolemy.moml.MoMLSimpleApplication@307363e5
reloadAllAccessors: .LevelCrossing3

===========================================================================================
----------------- testing Sun Feb 17 14:03:49 UTC 2019 /home/travis/build/icyphy/ptII/ptolemy/domains/continuous/test/auto/LevelCrossing4.xml
----------------- Instantiating /home/travis/build/icyphy/ptII/ptolemy/domains/continuous/test/auto/LevelCrossing4.xml
3 ms. Memory: 574464K Free: 440789K (77%)
----------------- Invoking toplevel() on ptolemy.moml.MoMLSimpleApplication@72dbeb47
----------------- Done invoking toplevel() on ptolemy.moml.MoMLSimpleApplication@72dbeb47
reloadAllAccessors: .LevelCrossing4

===========================================================================================
----------------- testing Sun Feb 17 14:03:49 UTC 2019 /home/travis/build/icyphy/ptII/ptolemy/domains/continuous/test/auto/LevelCrossing5.xml
----------------- Instantiating /home/travis/build/icyphy/ptII/ptolemy/domains/continuous/test/auto/LevelCrossing5.xml
3 ms. Memory: 574464K Free: 430149K (75%)
----------------- Invoking toplevel() on ptolemy.moml.MoMLSimpleApplication@4a76dc07
----------------- Done invoking toplevel() on ptolemy.moml.MoMLSimpleApplication@4a76dc07
reloadAllAccessors: .LevelCrossing5

===========================================================================================
[...]
----------------- Done invoking toplevel() on ptolemy.moml.MoMLSimpleApplication@59092b60
reloadAllAccessors: .ResetTransitionWithStartTime6

===========================================================================================
----------------- testing Sun Feb 17 14:04:06 UTC 2019 /home/travis/build/icyphy/ptII/ptolemy/domains/continuous/test/auto/SRinContinuous.xml
----------------- Instantiating /home/travis/build/icyphy/ptII/ptolemy/domains/continuous/test/auto/SRinContinuous.xml
7 ms. Memory: 392704K Free: 137095K (35%)
----------------- Invoking toplevel() on ptolemy.moml.MoMLSimpleApplication@16da28c8
----------------- Done invoking toplevel() on ptolemy.moml.MoMLSimpleApplication@16da28c8
reloadAllAccessors: .SRinContinuous

===========================================================================================
----------------- testing Sun Feb 17 14:04:06 UTC 2019 /home/travis/build/icyphy/ptII/ptolemy/domains/continuous/test/auto/SampledClocks.xml
----------------- Instantiating /home/travis/build/icyphy/ptII/ptolemy/domains/continuous/test/auto/SampledClocks.xml
9 ms. Memory: 392704K Free: 122459K (31%)
----------------- Invoking toplevel() on ptolemy.moml.MoMLSimpleApplication@190068ee
----------------- Done invoking toplevel() on ptolemy.moml.MoMLSimpleApplication@190068ee
reloadAllAccessors: .SampledClocks

===========================================================================================
----------------- testing Sun Feb 17 14:04:06 UTC 2019 /home/travis/build/icyphy/ptII/ptolemy/domains/continuous/test/auto/Satellite.xml
----------------- Instantiating /home/travis/build/icyphy/ptII/ptolemy/domains/continuous/test/auto/Satellite.xml
814 ms. Memory: 371712K Free: 224880K (60%)
----------------- Invoking toplevel() on ptolemy.moml.MoMLSimpleApplication@67509e76
----------------- Done invoking toplevel() on ptolemy.moml.MoMLSimpleApplication@67509e76
reloadAllAccessors: .Satellite

===========================================================================================
----------------- testing Sun Feb 17 14:04:06 UTC 2019 /home/travis/build/icyphy/ptII/ptolemy/domains/continuous/test/auto/SigmaDelta.xml
----------------- Instantiating /home/travis/build/icyphy/ptII/ptolemy/domains/continuous/test/auto/SigmaDelta.xml
2340 ms. Memory: 366080K Free: 130244K (36%)
----------------- Invoking toplevel() on ptolemy.moml.MoMLSimpleApplication@715d071a
----------------- Done invoking toplevel() on ptolemy.moml.MoMLSimpleApplication@715d071a
reloadAllAccessors: .SigmaDelta

===========================================================================================
----------------- testing Sun Feb 17 14:04:09 UTC 2019 /home/travis/build/icyphy/ptII/ptolemy/domains/continuous/test/auto/SingleRefinement.xml
----------------- Instantiating /home/travis/build/icyphy/ptII/ptolemy/domains/continuous/test/auto/SingleRefinement.xml
330 ms. Memory: 429056K Free: 282866K (66%)
----------------- Invoking toplevel() on ptolemy.moml.MoMLSimpleApplication@707a6b1
----------------- Done invoking toplevel() on ptolemy.moml.MoMLSimpleApplication@707a6b1
reloadAllAccessors: .SingleRefinement

===========================================================================================
----------------- testing Sun Feb 17 14:04:09 UTC 2019 /home/travis/build/icyphy/ptII/ptolemy/domains/continuous/test/auto/SinuBouncingBall.xml
----------------- Instantiating /home/travis/build/icyphy/ptII/ptolemy/domains/continuous/test/auto/SinuBouncingBall.xml
757 ms. Memory: 429056K Free: 62936K (15%)
----------------- Invoking toplevel() on ptolemy.moml.MoMLSimpleApplication@426d125d
----------------- Done invoking toplevel() on ptolemy.moml.MoMLSimpleApplication@426d125d
reloadAllAccessors: .SinuBouncingBall

===========================================================================================
----------------- testing Sun Feb 17 14:04:10 UTC 2019 /home/travis/build/icyphy/ptII/ptolemy/domains/continuous/test/auto/Sinusoid.xml
----------------- Instantiating /home/travis/build/icyphy/ptII/ptolemy/domains/continuous/test/auto/Sinusoid.xml
4 ms. Memory: 429056K Free: 56623K (13%)
----------------- Invoking toplevel() on ptolemy.moml.MoMLSimpleApplication@7ec2305d
----------------- Done invoking toplevel() on ptolemy.moml.MoMLSimpleApplication@7ec2305d
reloadAllAccessors: .Sinusoid

===========================================================================================
----------------- testing Sun Feb 17 14:04:10 UTC 2019 /home/travis/build/icyphy/ptII/ptolemy/domains/continuous/test/auto/SinusoidInNoise.xml
----------------- Instantiating /home/travis/build/icyphy/ptII/ptolemy/domains/continuous/test/auto/SinusoidInNoise.xml
925 ms. Memory: 516608K Free: 290421K (56%)
----------------- Invoking toplevel() on ptolemy.moml.MoMLSimpleApplication@4930136e
----------------- Done invoking toplevel() on ptolemy.moml.MoMLSimpleApplication@4930136e
reloadAllAccessors: .SinusoidInNoise

===========================================================================================
----------------- testing Sun Feb 17 14:04:11 UTC 2019 /home/travis/build/icyphy/ptII/ptolemy/domains/continuous/test/auto/SinusoidRK45.xml
----------------- Instantiating /home/travis/build/icyphy/ptII/ptolemy/domains/continuous/test/auto/SinusoidRK45.xml
3 ms. Memory: 516608K Free: 281716K (55%)
----------------- Invoking toplevel() on ptolemy.moml.MoMLSimpleApplication@c64803e
----------------- Done invoking toplevel() on ptolemy.moml.MoMLSimpleApplication@c64803e
reloadAllAccessors: .SinusoidRK45

===========================================================================================
----------------- testing Sun Feb 17 14:04:11 UTC 2019 /home/travis/build/icyphy/ptII/ptolemy/domains/continuous/test/auto/SinusoidWithMultipleImpulses.xml
----------------- Instantiating /home/travis/build/icyphy/ptII/ptolemy/domains/continuous/test/auto/SinusoidWithMultipleImpulses.xml
2 ms. Memory: 516608K Free: 274251K (53%)
----------------- Invoking toplevel() on ptolemy.moml.MoMLSimpleApplication@582a181b
----------------- Done invoking toplevel() on ptolemy.moml.MoMLSimpleApplication@582a181b
reloadAllAccessors: .SinusoidWithMultipleImpulses

===========================================================================================
----------------- testing Sun Feb 17 14:04:11 UTC 2019 /home/travis/build/icyphy/ptII/ptolemy/domains/continuous/test/auto/SquareWave.xml
----------------- Instantiating /home/travis/build/icyphy/ptII/ptolemy/domains/continuous/test/auto/SquareWave.xml
163 ms. Memory: 516608K Free: 240738K (47%)
----------------- Invoking toplevel() on ptolemy.moml.MoMLSimpleApplication@8521bce
----------------- Done invoking toplevel() on ptolemy.moml.MoMLSimpleApplication@8521bce
reloadAllAccessors: .SquareWave

===========================================================================================
----------------- testing Sun Feb 17 14:04:11 UTC 2019 /home/travis/build/icyphy/ptII/ptolemy/domains/continuous/test/auto/Starmac.xml
----------------- Instantiating /home/travis/build/icyphy/ptII/ptolemy/domains/continuous/test/auto/Starmac.xml
3044 ms. Memory: 499712K Free: 303484K (61%)
----------------- Invoking toplevel() on ptolemy.moml.MoMLSimpleApplication@4b43d3b8
----------------- Done invoking toplevel() on ptolemy.moml.MoMLSimpleApplication@4b43d3b8
reloadAllAccessors: .Starmac

===========================================================================================
----------------- testing Sun Feb 17 14:04:15 UTC 2019 /home/travis/build/icyphy/ptII/ptolemy/domains/continuous/test/auto/StaticUnits.xml
----------------- Instantiating /home/travis/build/icyphy/ptII/ptolemy/domains/continuous/test/auto/StaticUnits.xml
2014 ms. Memory: 480768K Free: 249312K (52%)
----------------- Invoking toplevel() on ptolemy.moml.MoMLSimpleApplication@28da0281
----------------- Done invoking toplevel() on ptolemy.moml.MoMLSimpleApplication@28da0281
reloadAllAccessors: .StaticUnits

===========================================================================================
----------------- testing Sun Feb 17 14:04:17 UTC 2019 /home/travis/build/icyphy/ptII/ptolemy/domains/continuous/test/auto/StickyMasses.xml
----------------- Instantiating /home/travis/build/icyphy/ptII/ptolemy/domains/continuous/test/auto/StickyMasses.xml
107 ms. Memory: 480768K Free: 193139K (40%)
----------------- Invoking toplevel() on ptolemy.moml.MoMLSimpleApplication@3adf233d
----------------- Done invoking toplevel() on ptolemy.moml.MoMLSimpleApplication@3adf233d
reloadAllAccessors: .StickyMasses

===========================================================================================
----------------- testing Sun Feb 17 14:04:17 UTC 2019 /home/travis/build/icyphy/ptII/ptolemy/domains/continuous/test/auto/StopTime.xml
----------------- Instantiating /home/travis/build/icyphy/ptII/ptolemy/domains/continuous/test/auto/StopTime.xml
41 ms. Memory: 480768K Free: 166447K (35%)
----------------- Invoking toplevel() on ptolemy.moml.MoMLSimpleApplication@408252da
----------------- Done invoking toplevel() on ptolemy.moml.MoMLSimpleApplication@408252da
reloadAllAccessors: .StopTime

===========================================================================================
----------------- testing Sun Feb 17 14:04:17 UTC 2019 /home/travis/build/icyphy/ptII/ptolemy/domains/continuous/test/auto/StopTime2.xml
----------------- Instantiating /home/travis/build/icyphy/ptII/ptolemy/domains/continuous/test/auto/StopTime2.xml
35 ms. Memory: 480768K Free: 141718K (29%)
----------------- Invoking toplevel() on ptolemy.moml.MoMLSimpleApplication@2ebc673e
----------------- Done invoking toplevel() on ptolemy.moml.MoMLSimpleApplication@2ebc673e
reloadAllAccessors: .StopTime2

===========================================================================================
----------------- testing Sun Feb 17 14:04:17 UTC 2019 /home/travis/build/icyphy/ptII/ptolemy/domains/continuous/test/auto/Switch.xml
----------------- Instantiating /home/travis/build/icyphy/ptII/ptolemy/domains/continuous/test/auto/Switch.xml
50 ms. Memory: 480768K Free: 115073K (24%)
----------------- Invoking toplevel() on ptolemy.moml.MoMLSimpleApplication@5fbead4d
----------------- Done invoking toplevel() on ptolemy.moml.MoMLSimpleApplication@5fbead4d
reloadAllAccessors: .Switch

===========================================================================================
----------------- testing Sun Feb 17 14:04:17 UTC 2019 /home/travis/build/icyphy/ptII/ptolemy/domains/continuous/test/auto/Thermostat.xml
----------------- Instantiating /home/travis/build/icyphy/ptII/ptolemy/domains/continuous/test/auto/Thermostat.xml
172 ms. Memory: 480768K Free: 38813K (8%)
----------------- Invoking toplevel() on ptolemy.moml.MoMLSimpleApplication@2160b714
----------------- Done invoking toplevel() on ptolemy.moml.MoMLSimpleApplication@2160b714
reloadAllAccessors: .Thermostat

===========================================================================================
----------------- testing Sun Feb 17 14:04:18 UTC 2019 /home/travis/build/icyphy/ptII/ptolemy/domains/continuous/test/auto/TimeDelay.xml
----------------- Instantiating /home/travis/build/icyphy/ptII/ptolemy/domains/continuous/test/auto/TimeDelay.xml
5 ms. Memory: 480768K Free: 31930K (7%)
----------------- Invoking toplevel() on ptolemy.moml.MoMLSimpleApplication@4fa93b20
----------------- Done invoking toplevel() on ptolemy.moml.MoMLSimpleApplication@4fa93b20
reloadAllAccessors: .TimeDelay

===========================================================================================
----------------- testing Sun Feb 17 14:04:18 UTC 2019 /home/travis/build/icyphy/ptII/ptolemy/domains/continuous/test/auto/TimeDelay2.xml
----------------- Instantiating /home/travis/build/icyphy/ptII/ptolemy/domains/continuous/test/auto/TimeDelay2.xml
7 ms. Memory: 480768K Free: 23067K (5%)
----------------- Invoking toplevel() on ptolemy.moml.MoMLSimpleApplication@5ac7e380
----------------- Done invoking toplevel() on ptolemy.moml.MoMLSimpleApplication@5ac7e380
reloadAllAccessors: .TimeDelay2

===========================================================================================
----------------- testing Sun Feb 17 14:04:18 UTC 2019 /home/travis/build/icyphy/ptII/ptolemy/domains/continuous/test/auto/TimeDelay3.xml
----------------- Instantiating /home/travis/build/icyphy/ptII/ptolemy/domains/continuous/test/auto/TimeDelay3.xml
4 ms. Memory: 480768K Free: 16187K (3%)
----------------- Invoking toplevel() on ptolemy.moml.MoMLSimpleApplication@2125576f
----------------- Done invoking toplevel() on ptolemy.moml.MoMLSimpleApplication@2125576f
reloadAllAccessors: .TimeDelay3

===========================================================================================
----------------- testing Sun Feb 17 14:04:18 UTC 2019 /home/travis/build/icyphy/ptII/ptolemy/domains/continuous/test/auto/TransferAbsentToInside.xml
----------------- Instantiating /home/travis/build/icyphy/ptII/ptolemy/domains/continuous/test/auto/TransferAbsentToInside.xml
24 ms. Memory: 428032K Free: 366328K (86%)
----------------- Invoking toplevel() on ptolemy.moml.MoMLSimpleApplication@415bed1c
----------------- Done invoking toplevel() on ptolemy.moml.MoMLSimpleApplication@415bed1c
reloadAllAccessors: .TransferAbsentToInside

===========================================================================================
----------------- testing Sun Feb 17 14:04:18 UTC 2019 /home/travis/build/icyphy/ptII/ptolemy/domains/continuous/test/auto/Transmission.xml
----------------- Instantiating /home/travis/build/icyphy/ptII/ptolemy/domains/continuous/test/auto/Transmission.xml
679 ms. Memory: 428032K Free: 128947K (30%)
----------------- Invoking toplevel() on ptolemy.moml.MoMLSimpleApplication@1b3c8c53
----------------- Done invoking toplevel() on ptolemy.moml.MoMLSimpleApplication@1b3c8c53
reloadAllAccessors: .Transmission

===========================================================================================
----------------- testing Sun Feb 17 14:04:19 UTC 2019 /home/travis/build/icyphy/ptII/ptolemy/domains/continuous/test/auto/TriggeredContinuousClock.xml
----------------- Instantiating /home/travis/build/icyphy/ptII/ptolemy/domains/continuous/test/auto/TriggeredContinuousClock.xml
40 ms. Memory: 428032K Free: 95867K (22%)
----------------- Invoking toplevel() on ptolemy.moml.MoMLSimpleApplication@6ee06390
----------------- Done invoking toplevel() on ptolemy.moml.MoMLSimpleApplication@6ee06390
reloadAllAccessors: .TriggeredContinuousClock

===========================================================================================
----------------- testing Sun Feb 17 14:04:19 UTC 2019 /home/travis/build/icyphy/ptII/ptolemy/domains/continuous/test/auto/TwoMachineInfiniteBusControl.xml
----------------- Instantiating /home/travis/build/icyphy/ptII/ptolemy/domains/continuous/test/auto/TwoMachineInfiniteBusControl.xml
2789 ms. Memory: 393728K Free: 243261K (62%)
----------------- Invoking toplevel() on ptolemy.moml.MoMLSimpleApplication@18baee6e
----------------- Done invoking toplevel() on ptolemy.moml.MoMLSimpleApplication@18baee6e
reloadAllAccessors: .TwoMachineInfiniteBusControl

===========================================================================================
----------------- testing Sun Feb 17 14:04:22 UTC 2019 /home/travis/build/icyphy/ptII/ptolemy/domains/continuous/test/auto/V2V.xml
----------------- Instantiating /home/travis/build/icyphy/ptII/ptolemy/domains/continuous/test/auto/V2V.xml
653 ms. Memory: 393728K Free: 48374K (12%)
----------------- Invoking toplevel() on ptolemy.moml.MoMLSimpleApplication@38a0b127
----------------- Done invoking toplevel() on ptolemy.moml.MoMLSimpleApplication@38a0b127
reloadAllAccessors: .V2V

===========================================================================================
----------------- testing Sun Feb 17 14:04:22 UTC 2019 /home/travis/build/icyphy/ptII/ptolemy/domains/continuous/test/auto/hierarchicalModalModel.xml
----------------- Instantiating /home/travis/build/icyphy/ptII/ptolemy/domains/continuous/test/auto/hierarchicalModalModel.xml
7 ms. Memory: 386048K Free: 365683K (95%)
----------------- Invoking toplevel() on ptolemy.moml.MoMLSimpleApplication@ad5ea53
----------------- Done invoking toplevel() on ptolemy.moml.MoMLSimpleApplication@ad5ea53
reloadAllAccessors: .hierarchicalModalModel

===========================================================================================
----------------- testing Sun Feb 17 14:04:22 UTC 2019 /home/travis/build/icyphy/ptII/ptolemy/domains/continuous/test/auto/hierarchicalModalModel1.xml
----------------- Instantiating /home/travis/build/icyphy/ptII/ptolemy/domains/continuous/test/auto/hierarchicalModalModel1.xml
7 ms. Memory: 386048K Free: 347186K (90%)
----------------- Invoking toplevel() on ptolemy.moml.MoMLSimpleApplication@19d90319
----------------- Done invoking toplevel() on ptolemy.moml.MoMLSimpleApplication@19d90319
reloadAllAccessors: .hierarchicalModalModel1

===========================================================================================
----------------- testing Sun Feb 17 14:04:22 UTC 2019 /home/travis/build/icyphy/ptII/ptolemy/domains/continuous/test/auto/hierarchicalModalModel2.xml
----------------- Instantiating /home/travis/build/icyphy/ptII/ptolemy/domains/continuous/test/auto/hierarchicalModalModel2.xml
5 ms. Memory: 386048K Free: 330904K (86%)
----------------- Invoking toplevel() on ptolemy.moml.MoMLSimpleApplication@7c223295
----------------- Done invoking toplevel() on ptolemy.moml.MoMLSimpleApplication@7c223295
reloadAllAccessors: .hierarchicalModalModel2

===========================================================================================
----------------- testing Sun Feb 17 14:04:22 UTC 2019 /home/travis/build/icyphy/ptII/ptolemy/domains/continuous/test/auto/hierarchicalModalModel3.xml
----------------- Instantiating /home/travis/build/icyphy/ptII/ptolemy/domains/continuous/test/auto/hierarchicalModalModel3.xml
5 ms. Memory: 386048K Free: 316809K (82%)
----------------- Invoking toplevel() on ptolemy.moml.MoMLSimpleApplication@1921f6c4
----------------- Done invoking toplevel() on ptolemy.moml.MoMLSimpleApplication@1921f6c4
reloadAllAccessors: .hierarchicalModalModel3

===========================================================================================
----------------- testing Sun Feb 17 14:04:22 UTC 2019 /home/travis/build/icyphy/ptII/ptolemy/domains/continuous/test/auto/hierarchicalModalModel4.xml
----------------- Instantiating /home/travis/build/icyphy/ptII/ptolemy/domains/continuous/test/auto/hierarchicalModalModel4.xml
4 ms. Memory: 386048K Free: 302673K (78%)
----------------- Invoking toplevel() on ptolemy.moml.MoMLSimpleApplication@24eb03dd
----------------- Done invoking toplevel() on ptolemy.moml.MoMLSimpleApplication@24eb03dd
reloadAllAccessors: .hierarchicalModalModel4

===========================================================================================
----------------- testing Sun Feb 17 14:04:22 UTC 2019 /home/travis/build/icyphy/ptII/ptolemy/domains/continuous/test/auto/junk.xml
----------------- Instantiating /home/travis/build/icyphy/ptII/ptolemy/domains/continuous/test/auto/junk.xml
141 ms. Memory: 386048K Free: 266755K (69%)
----------------- Invoking toplevel() on ptolemy.moml.MoMLSimpleApplication@78f3cc66
----------------- Done invoking toplevel() on ptolemy.moml.MoMLSimpleApplication@78f3cc66
reloadAllAccessors: .junk
AutoTests.java: About to close Vertx.
AutoTests.java: Vertx closed.
]]></system-out>
  <system-err><![CDATA[Warning: '.HysteresisWithRandomDelay.NonStrictTest3' The test produced only 25 tokens, yet the correctValues parameter was expecting 30 tokens.
Warning: '.Poisson.NonStrictTest' The test produced only 395 tokens, yet the correctValues parameter was expecting 430 tokens.
]]></system-err>
</testsuite>
