<?xml version="1.0" encoding="UTF-8" ?>
<testsuite errors="0" failures="0" hostname="travis-job-61c35135-046e-4037-a75c-d3e5175fdd8a" name="ptolemy.domains.de.test.junit.JUnitTclTest" skipped="0" tests="101" time="143.763" timestamp="2019-11-20T06:19:38">
  <properties>
[...]
</properties>
  <testcase classname="ptolemy.util.test.junit.TclTests" name="[0] /home/travis/build/icyphy/ptII/ptolemy/domains/de/test/DependencyLoop.tcl (RunTclFile)" time="1.097" />
  <testcase classname="ptolemy.util.test.junit.TclTests" name="[1] /home/travis/build/icyphy/ptII/ptolemy/domains/de/test/RunDETestsAsQSS.tcl (RunTclFile)" time="96.502" />
  <testcase classname="ptolemy.util.test.junit.AutoKnownFailedTests" name="[0] /home/travis/build/icyphy/ptII/ptolemy/domains/de/test/auto/knownFailedTests/DESDFClockTest.xml (RunModel)" time="2.044" />
  <testcase classname="ptolemy.util.test.junit.AutoKnownFailedTests" name="[1] /home/travis/build/icyphy/ptII/ptolemy/domains/de/test/auto/knownFailedTests/DirectFeedback.xml (RunModel)" time="0.023" />
  <testcase classname="ptolemy.util.test.junit.AutoKnownFailedTests" name="[2] /home/travis/build/icyphy/ptII/ptolemy/domains/de/test/auto/knownFailedTests/FSMSource.xml (RunModel)" time="0.024" />
  <testcase classname="ptolemy.util.test.junit.AutoKnownFailedTests" name="[3] /home/travis/build/icyphy/ptII/ptolemy/domains/de/test/auto/knownFailedTests/HierarchicalModel.xml (RunModel)" time="0.052" />
  <testcase classname="ptolemy.util.test.junit.AutoKnownFailedTests" name="[4] /home/travis/build/icyphy/ptII/ptolemy/domains/de/test/auto/knownFailedTests/dependencyLoop.xml (RunModel)" time="0.046" />
  <testcase classname="ptolemy.util.test.junit.AutoKnownFailedTests" name="[5] /home/travis/build/icyphy/ptII/ptolemy/domains/de/test/auto/knownFailedTests/dependencyLoop2.xml (RunModel)" time="0.065" />
  <testcase classname="ptolemy.util.test.junit.AutoNameArchTests" name="[0] ThereAreNoAutoArchTests (RunModel)" time="0.001" />
  <testcase classname="ptolemy.util.test.junit.AutoTests" name="[0] /home/travis/build/icyphy/ptII/ptolemy/domains/de/test/auto/ActorDepthCalculation_actorWithoutPorts.xml (RunModel)" time="0.021" />
  <testcase classname="ptolemy.util.test.junit.AutoTests" name="[1] /home/travis/build/icyphy/ptII/ptolemy/domains/de/test/auto/AssemblyLine.xml (RunModel)" time="0.031" />
  <testcase classname="ptolemy.util.test.junit.AutoTests" name="[2] /home/travis/build/icyphy/ptII/ptolemy/domains/de/test/auto/CQBug1.xml (RunModel)" time="0.015" />
  <testcase classname="ptolemy.util.test.junit.AutoTests" name="[3] /home/travis/build/icyphy/ptII/ptolemy/domains/de/test/auto/CancelFireAt.xml (RunModel)" time="0.02" />
  <testcase classname="ptolemy.util.test.junit.AutoTests" name="[4] /home/travis/build/icyphy/ptII/ptolemy/domains/de/test/auto/CausalityAndComposabilityAnalysis.xml (RunModel)" time="0.053" />
  <testcase classname="ptolemy.util.test.junit.AutoTests" name="[5] /home/travis/build/icyphy/ptII/ptolemy/domains/de/test/auto/CausalityInterface1.xml (RunModel)" time="0.028" />
  <testcase classname="ptolemy.util.test.junit.AutoTests" name="[6] /home/travis/build/icyphy/ptII/ptolemy/domains/de/test/auto/CausalityInterface15.xml (RunModel)" time="0.036" />
  <testcase classname="ptolemy.util.test.junit.AutoTests" name="[7] /home/travis/build/icyphy/ptII/ptolemy/domains/de/test/auto/CausalityInterface2.xml (RunModel)" time="0.014" />
  <testcase classname="ptolemy.util.test.junit.AutoTests" name="[8] /home/travis/build/icyphy/ptII/ptolemy/domains/de/test/auto/CausalityInterface3.xml (RunModel)" time="0.019" />
  <testcase classname="ptolemy.util.test.junit.AutoTests" name="[9] /home/travis/build/icyphy/ptII/ptolemy/domains/de/test/auto/ClockDrift.xml (RunModel)" time="0.048" />
  <testcase classname="ptolemy.util.test.junit.AutoTests" name="[10] /home/travis/build/icyphy/ptII/ptolemy/domains/de/test/auto/ClockDriftAndValueChange.xml (RunModel)" time="0.045" />
  <testcase classname="ptolemy.util.test.junit.AutoTests" name="[11] /home/travis/build/icyphy/ptII/ptolemy/domains/de/test/auto/ClockDriftChange.xml (RunModel)" time="0.044" />
  <testcase classname="ptolemy.util.test.junit.AutoTests" name="[12] /home/travis/build/icyphy/ptII/ptolemy/domains/de/test/auto/ComposableCausalityAnalysis.xml (RunModel)" time="0.019" />
  <testcase classname="ptolemy.util.test.junit.AutoTests" name="[13] /home/travis/build/icyphy/ptII/ptolemy/domains/de/test/auto/DEFixedPointLimitation.xml (RunModel)" time="0.018" />
  <testcase classname="ptolemy.util.test.junit.AutoTests" name="[14] /home/travis/build/icyphy/ptII/ptolemy/domains/de/test/auto/DEScheduleTest.xml (RunModel)" time="0.022" />
  <testcase classname="ptolemy.util.test.junit.AutoTests" name="[15] /home/travis/build/icyphy/ptII/ptolemy/domains/de/test/auto/DEinDEwithStartTimes.xml (RunModel)" time="0.029" />
  <testcase classname="ptolemy.util.test.junit.AutoTests" name="[16] /home/travis/build/icyphy/ptII/ptolemy/domains/de/test/auto/DEinDEwithStartTimes2.xml (RunModel)" time="0.016" />
  <testcase classname="ptolemy.util.test.junit.AutoTests" name="[17] /home/travis/build/icyphy/ptII/ptolemy/domains/de/test/auto/DateDemo.xml (RunModel)" time="0.043" />
  <testcase classname="ptolemy.util.test.junit.AutoTests" name="[18] /home/travis/build/icyphy/ptII/ptolemy/domains/de/test/auto/DateToEvent.xml (RunModel)" time="2.055" />
  <testcase classname="ptolemy.util.test.junit.AutoTests" name="[19] /home/travis/build/icyphy/ptII/ptolemy/domains/de/test/auto/DepthTest1.xml (RunModel)" time="0.011" />
  <testcase classname="ptolemy.util.test.junit.AutoTests" name="[20] /home/travis/build/icyphy/ptII/ptolemy/domains/de/test/auto/DepthTest2.xml (RunModel)" time="0.038" />
  <testcase classname="ptolemy.util.test.junit.AutoTests" name="[21] /home/travis/build/icyphy/ptII/ptolemy/domains/de/test/auto/DepthTest3.xml (RunModel)" time="0.018" />
  <testcase classname="ptolemy.util.test.junit.AutoTests" name="[22] /home/travis/build/icyphy/ptII/ptolemy/domains/de/test/auto/DepthTest4.xml (RunModel)" time="0.031" />
  <testcase classname="ptolemy.util.test.junit.AutoTests" name="[23] /home/travis/build/icyphy/ptII/ptolemy/domains/de/test/auto/DepthTest5.xml (RunModel)" time="0.031" />
  <testcase classname="ptolemy.util.test.junit.AutoTests" name="[24] /home/travis/build/icyphy/ptII/ptolemy/domains/de/test/auto/DepthTest6.xml (RunModel)" time="0.026" />
  <testcase classname="ptolemy.util.test.junit.AutoTests" name="[25] /home/travis/build/icyphy/ptII/ptolemy/domains/de/test/auto/DepthTest7.xml (RunModel)" time="0.021" />
  <testcase classname="ptolemy.util.test.junit.AutoTests" name="[26] /home/travis/build/icyphy/ptII/ptolemy/domains/de/test/auto/EventToDate.xml (RunModel)" time="3.052" />
  <testcase classname="ptolemy.util.test.junit.AutoTests" name="[27] /home/travis/build/icyphy/ptII/ptolemy/domains/de/test/auto/FSM1.xml (RunModel)" time="0.047" />
  <testcase classname="ptolemy.util.test.junit.AutoTests" name="[28] /home/travis/build/icyphy/ptII/ptolemy/domains/de/test/auto/FSM7.xml (RunModel)" time="0.04" />
  <testcase classname="ptolemy.util.test.junit.AutoTests" name="[29] /home/travis/build/icyphy/ptII/ptolemy/domains/de/test/auto/Inspection.xml (RunModel)" time="0.045" />
  <testcase classname="ptolemy.util.test.junit.AutoTests" name="[30] /home/travis/build/icyphy/ptII/ptolemy/domains/de/test/auto/Iteration.xml (RunModel)" time="0.026" />
  <testcase classname="ptolemy.util.test.junit.AutoTests" name="[31] /home/travis/build/icyphy/ptII/ptolemy/domains/de/test/auto/LineFault.xml (RunModel)" time="0.763" />
  <testcase classname="ptolemy.util.test.junit.AutoTests" name="[32] /home/travis/build/icyphy/ptII/ptolemy/domains/de/test/auto/MergeModel1Add.xml (RunModel)" time="0.065" />
  <testcase classname="ptolemy.util.test.junit.AutoTests" name="[33] /home/travis/build/icyphy/ptII/ptolemy/domains/de/test/auto/MergeModel2Add.xml (RunModel)" time="0.04" />
  <testcase classname="ptolemy.util.test.junit.AutoTests" name="[34] /home/travis/build/icyphy/ptII/ptolemy/domains/de/test/auto/MergeModel3Add.xml (RunModel)" time="0.06" />
  <testcase classname="ptolemy.util.test.junit.AutoTests" name="[35] /home/travis/build/icyphy/ptII/ptolemy/domains/de/test/auto/MergeWithoutDiscard.xml (RunModel)" time="0.013" />
  <testcase classname="ptolemy.util.test.junit.AutoTests" name="[36] /home/travis/build/icyphy/ptII/ptolemy/domains/de/test/auto/Modal1.xml (RunModel)" time="0.029" />
  <testcase classname="ptolemy.util.test.junit.AutoTests" name="[37] /home/travis/build/icyphy/ptII/ptolemy/domains/de/test/auto/Modal2.xml (RunModel)" time="0.04" />
  <testcase classname="ptolemy.util.test.junit.AutoTests" name="[38] /home/travis/build/icyphy/ptII/ptolemy/domains/de/test/auto/Modal3.xml (RunModel)" time="0.033" />
  <testcase classname="ptolemy.util.test.junit.AutoTests" name="[39] /home/travis/build/icyphy/ptII/ptolemy/domains/de/test/auto/Modal4.xml (RunModel)" time="0.043" />
  <testcase classname="ptolemy.util.test.junit.AutoTests" name="[40] /home/travis/build/icyphy/ptII/ptolemy/domains/de/test/auto/Modal5.xml (RunModel)" time="0.042" />
  <testcase classname="ptolemy.util.test.junit.AutoTests" name="[41] /home/travis/build/icyphy/ptII/ptolemy/domains/de/test/auto/Modal6.xml (RunModel)" time="0.033" />
  <testcase classname="ptolemy.util.test.junit.AutoTests" name="[42] /home/travis/build/icyphy/ptII/ptolemy/domains/de/test/auto/Modal7.xml (RunModel)" time="0.039" />
  <testcase classname="ptolemy.util.test.junit.AutoTests" name="[43] /home/travis/build/icyphy/ptII/ptolemy/domains/de/test/auto/ModalModel.xml (RunModel)" time="0.224" />
  <testcase classname="ptolemy.util.test.junit.AutoTests" name="[44] /home/travis/build/icyphy/ptII/ptolemy/domains/de/test/auto/ModalSource.xml (RunModel)" time="0.029" />
  <testcase classname="ptolemy.util.test.junit.AutoTests" name="[45] /home/travis/build/icyphy/ptII/ptolemy/domains/de/test/auto/NonInterruptibleTimerZeroDelay.xml (RunModel)" time="0.013" />
  <testcase classname="ptolemy.util.test.junit.AutoTests" name="[46] /home/travis/build/icyphy/ptII/ptolemy/domains/de/test/auto/OpenQueueingNetwork.xml (RunModel)" time="2.76" />
  <testcase classname="ptolemy.util.test.junit.AutoTests" name="[47] /home/travis/build/icyphy/ptII/ptolemy/domains/de/test/auto/OpenQueuingNetwork.xml (RunModel)" time="0.354" />
  <testcase classname="ptolemy.util.test.junit.AutoTests" name="[48] /home/travis/build/icyphy/ptII/ptolemy/domains/de/test/auto/PeriodicSampler.xml (RunModel)" time="0.011" />
  <testcase classname="ptolemy.util.test.junit.AutoTests" name="[49] /home/travis/build/icyphy/ptII/ptolemy/domains/de/test/auto/PersistentIO.xml (RunModel)" time="0.023" />
  <testcase classname="ptolemy.util.test.junit.AutoTests" name="[50] /home/travis/build/icyphy/ptII/ptolemy/domains/de/test/auto/PortParameterResetOnInitialize.xml (RunModel)" time="0.012" />
  <testcase classname="ptolemy.util.test.junit.AutoTests" name="[51] /home/travis/build/icyphy/ptII/ptolemy/domains/de/test/auto/PortParameterUpdates.xml (RunModel)" time="0.017" />
  <testcase classname="ptolemy.util.test.junit.AutoTests" name="[52] /home/travis/build/icyphy/ptII/ptolemy/domains/de/test/auto/QueueAndServer.xml (RunModel)" time="0.027" />
  <testcase classname="ptolemy.util.test.junit.AutoTests" name="[53] /home/travis/build/icyphy/ptII/ptolemy/domains/de/test/auto/Records.xml (RunModel)" time="0.019" />
  <testcase classname="ptolemy.util.test.junit.AutoTests" name="[54] /home/travis/build/icyphy/ptII/ptolemy/domains/de/test/auto/ResetTransitionWithStartTime1.xml (RunModel)" time="0.02" />
  <testcase classname="ptolemy.util.test.junit.AutoTests" name="[55] /home/travis/build/icyphy/ptII/ptolemy/domains/de/test/auto/ResetTransitionWithStartTime2.xml (RunModel)" time="0.025" />
  <testcase classname="ptolemy.util.test.junit.AutoTests" name="[56] /home/travis/build/icyphy/ptII/ptolemy/domains/de/test/auto/ResetTransitionWithStartTime3.xml (RunModel)" time="0.024" />
  <testcase classname="ptolemy.util.test.junit.AutoTests" name="[57] /home/travis/build/icyphy/ptII/ptolemy/domains/de/test/auto/ResetTransitionWithStartTime4.xml (RunModel)" time="0.027" />
  <testcase classname="ptolemy.util.test.junit.AutoTests" name="[58] /home/travis/build/icyphy/ptII/ptolemy/domains/de/test/auto/ResettableTimer1.xml (RunModel)" time="0.011" />
  <testcase classname="ptolemy.util.test.junit.AutoTests" name="[59] /home/travis/build/icyphy/ptII/ptolemy/domains/de/test/auto/ResettableTimer2.xml (RunModel)" time="0.011" />
  <testcase classname="ptolemy.util.test.junit.AutoTests" name="[60] /home/travis/build/icyphy/ptII/ptolemy/domains/de/test/auto/ResettableTimer3.xml (RunModel)" time="0.014" />
  <testcase classname="ptolemy.util.test.junit.AutoTests" name="[61] /home/travis/build/icyphy/ptII/ptolemy/domains/de/test/auto/ResettableTimer4.xml (RunModel)" time="0.012" />
  <testcase classname="ptolemy.util.test.junit.AutoTests" name="[62] /home/travis/build/icyphy/ptII/ptolemy/domains/de/test/auto/ResettableTimer5.xml (RunModel)" time="0.012" />
  <testcase classname="ptolemy.util.test.junit.AutoTests" name="[63] /home/travis/build/icyphy/ptII/ptolemy/domains/de/test/auto/ResettableTimer6.xml (RunModel)" time="0.018" />
  <testcase classname="ptolemy.util.test.junit.AutoTests" name="[64] /home/travis/build/icyphy/ptII/ptolemy/domains/de/test/auto/ServerZeroDelay.xml (RunModel)" time="0.017" />
  <testcase classname="ptolemy.util.test.junit.AutoTests" name="[65] /home/travis/build/icyphy/ptII/ptolemy/domains/de/test/auto/SmartSender.xml (RunModel)" time="3.01" />
  <testcase classname="ptolemy.util.test.junit.AutoTests" name="[66] /home/travis/build/icyphy/ptII/ptolemy/domains/de/test/auto/ThreadedComposite.xml (RunModel)" time="0.284" />
  <testcase classname="ptolemy.util.test.junit.AutoTests" name="[67] /home/travis/build/icyphy/ptII/ptolemy/domains/de/test/auto/Time.xml (RunModel)" time="0.477" />
  <testcase classname="ptolemy.util.test.junit.AutoTests" name="[68] /home/travis/build/icyphy/ptII/ptolemy/domains/de/test/auto/TimeDelayZeroDelay.xml (RunModel)" time="0.015" />
  <testcase classname="ptolemy.util.test.junit.AutoTests" name="[69] /home/travis/build/icyphy/ptII/ptolemy/domains/de/test/auto/TimerZeroDelay.xml (RunModel)" time="0.018" />
  <testcase classname="ptolemy.util.test.junit.AutoTests" name="[70] /home/travis/build/icyphy/ptII/ptolemy/domains/de/test/auto/TimingParadox.xml (RunModel)" time="0.39" />
  <testcase classname="ptolemy.util.test.junit.AutoTests" name="[71] /home/travis/build/icyphy/ptII/ptolemy/domains/de/test/auto/TransferInputs.xml (RunModel)" time="0.011" />
  <testcase classname="ptolemy.util.test.junit.AutoTests" name="[72] /home/travis/build/icyphy/ptII/ptolemy/domains/de/test/auto/TransferOutputs2.xml (RunModel)" time="0.02" />
  <testcase classname="ptolemy.util.test.junit.AutoTests" name="[73] /home/travis/build/icyphy/ptII/ptolemy/domains/de/test/auto/Trilateration.xml (RunModel)" time="15.743" />
  <testcase classname="ptolemy.util.test.junit.AutoTests" name="[74] /home/travis/build/icyphy/ptII/ptolemy/domains/de/test/auto/TwoSigmaDelta.xml (RunModel)" time="2.442" />
  <testcase classname="ptolemy.util.test.junit.AutoTests" name="[75] /home/travis/build/icyphy/ptII/ptolemy/domains/de/test/auto/VariableDelay.xml (RunModel)" time="0.011" />
  <testcase classname="ptolemy.util.test.junit.AutoTests" name="[76] /home/travis/build/icyphy/ptII/ptolemy/domains/de/test/auto/VariableDelay2.xml (RunModel)" time="0.007" />
  <testcase classname="ptolemy.util.test.junit.AutoTests" name="[77] /home/travis/build/icyphy/ptII/ptolemy/domains/de/test/auto/VariableDelayZeroDelay.xml (RunModel)" time="0.015" />
  <testcase classname="ptolemy.util.test.junit.AutoTests" name="[78] /home/travis/build/icyphy/ptII/ptolemy/domains/de/test/auto/VariableDelayZeroDelay2.xml (RunModel)" time="0.009" />
  <testcase classname="ptolemy.util.test.junit.AutoTests" name="[79] /home/travis/build/icyphy/ptII/ptolemy/domains/de/test/auto/deInCt.xml (RunModel)" time="0.022" />
  <testcase classname="ptolemy.util.test.junit.AutoTests" name="[80] /home/travis/build/icyphy/ptII/ptolemy/domains/de/test/auto/deInCt2.xml (RunModel)" time="0.016" />
  <testcase classname="ptolemy.util.test.junit.AutoTests" name="[81] /home/travis/build/icyphy/ptII/ptolemy/domains/de/test/auto/dynamicCausalityInterface1.xml (RunModel)" time="0.025" />
  <testcase classname="ptolemy.util.test.junit.AutoTests" name="[82] /home/travis/build/icyphy/ptII/ptolemy/domains/de/test/auto/fsm_de_test.xml (RunModel)" time="0.029" />
  <testcase classname="ptolemy.util.test.junit.AutoTests" name="[83] /home/travis/build/icyphy/ptII/ptolemy/domains/de/test/auto/functionDependencyReconstruction.xml (RunModel)" time="0.038" />
  <testcase classname="ptolemy.util.test.junit.AutoTests" name="[84] /home/travis/build/icyphy/ptII/ptolemy/domains/de/test/auto/multirate.xml (RunModel)" time="0.017" />
  <testcase classname="ptolemy.util.test.junit.AutoTests" name="[85] /home/travis/build/icyphy/ptII/ptolemy/domains/de/test/auto/multirate2.xml (RunModel)" time="0.017" />
  <testcase classname="ptolemy.util.test.junit.AutoTests" name="[86] /home/travis/build/icyphy/ptII/ptolemy/domains/de/test/auto/realtime.xml (RunModel)" time="10.012" />
  <testcase classname="ptolemy.util.test.junit.AutoTests" name="[87] /home/travis/build/icyphy/ptII/ptolemy/domains/de/test/auto/relationGroup.xml (RunModel)" time="0.019" />
  <testcase classname="ptolemy.util.test.junit.AutoTests" name="[88] /home/travis/build/icyphy/ptII/ptolemy/domains/de/test/auto/relationGroup2.xml (RunModel)" time="0.008" />
  <testcase classname="ptolemy.util.test.junit.AutoTests" name="[89] /home/travis/build/icyphy/ptII/ptolemy/domains/de/test/auto/sortWithOpaquePorts.xml (RunModel)" time="0.011" />
  <testcase classname="ptolemy.util.test.junit.AutoTests" name="[90] /home/travis/build/icyphy/ptII/ptolemy/domains/de/test/auto/transferInputsandOutputs.xml (RunModel)" time="0.019" />
  <testcase classname="ptolemy.util.test.junit.AutoTests" name="[91] /home/travis/build/icyphy/ptII/ptolemy/domains/de/test/auto/triggerType.xml (RunModel)" time="0.01" />
  <system-out><![CDATA[/home/travis/build/icyphy/ptII/ptolemy/domains/de/test/DependencyLoop.tcl
testDefs.tcl: setting time out to 9000 seconds at Wed Nov 20 06:19:38 UTC 2019
79 ms. Memory: 120832K Free: 71624K (59%)
13 ms. Memory: 120832K Free: 54216K (45%)
/home/travis/build/icyphy/ptII/ptolemy/domains/de/test/RunDETestsAsQSS.tcl
Run the DE tests using ptolemy.domains.qss.test.QSSDirectorTest, which extends QSSDirector and prints a message in the constructors.
------------------ testing $PTII/ptolemy/domains/de/test/auto/knownFailedTests/DirectFeedback.xml (Known Failure) 
46 ms. Memory: 120832K Free: 49096K (41%)


==== $PTIIhome/travis/build/icyphy/ptII/ptolemy/domains/de/test/../../../../: Auto Automatic test in file $PTII/ptolemy/domains/de/test/auto/knownFailedTests/DirectFeedback.xml
==== Contents of test case:

	    # FIXME: we should use $relativeFilename here, but it
	    # might have backslashes under Windows, which causes no end
	    # of trouble.
	    createAndExecute $file
	    list {}
	
.... Test generated KNOWN error:
    while executing
ptolemy.kernel.util.IllegalActionException: Test fails in iteration 1.
Value was: 1.0. Should have been: 2.0
  in .DirectFeedback.Test
	at ptolemy.actor.lib.Test.fire(Test.java:268)
	at ptolemy.domains.de.kernel.DEDirector._fire(DEDirector.java:1949)
	at ptolemy.domains.de.kernel.DEDirector.fire(DEDirector.java:502)
	at ptolemy.actor.CompositeActor.fire(CompositeActor.java:455)
	at ptolemy.actor.Manager.iterate(Manager.java:851)
	at ptolemy.actor.Manager.execute(Manager.java:369)
	at ptolemy.actor.Manager.run(Manager.java:1263)
	at ptolemy.actor.Manager$PtolemyRunThread.run(Manager.java:1933)

    while executing
ptolemy.kernel.util.IllegalActionException: Test fails in iteration 1.
Value was: 1.0. Should have been: 2.0
  in .DirectFeedback.Test
    while executing
"java::new ptolemy.moml.MoMLSimpleApplication $file
"
    (procedure "createAndExecute" line 2)
    invoked from within
"createAndExecute $file"
    ("uplevel" body line 5)
    invoked from within
"uplevel $contents_of_test"
------------------ testing $PTII/ptolemy/domains/de/test/auto/knownFailedTests/dependencyLoop.xml (Known Failure) 
21 ms. Memory: 120832K Free: 46024K (38%)


==== $PTIIhome/travis/build/icyphy/ptII/ptolemy/domains/de/test/../../../../: Auto Automatic test in file $PTII/ptolemy/domains/de/test/auto/knownFailedTests/dependencyLoop.xml
==== Contents of test case:

	    # FIXME: we should use $relativeFilename here, but it
	    # might have backslashes under Windows, which causes no end
	    # of trouble.
	    createAndExecute $file
	    list {}
	
.... Test generated KNOWN error:
    while executing
ptolemy.kernel.util.IllegalActionException: Found a zero delay loop containing .dependencyLoop.original
  in .dependencyLoop and .dependencyLoop.original
	at ptolemy.actor.util.CausalityInterfaceForComposites._computeOutputPortDepth(CausalityInterfaceForComposites.java:759)
	at ptolemy.actor.util.CausalityInterfaceForComposites._computeInputDepth(CausalityInterfaceForComposites.java:696)
	at ptolemy.actor.util.CausalityInterfaceForComposites._computeOutputPortDepth(CausalityInterfaceForComposites.java:765)
	at ptolemy.actor.util.CausalityInterfaceForComposites._computeInputDepth(CausalityInterfaceForComposites.java:696)
	at ptolemy.actor.util.CausalityInterfaceForComposites._computeOutputPortDepth(CausalityInterfaceForComposites.java:765)
	at ptolemy.actor.util.CausalityInterfaceForComposites._computeInputDepth(CausalityInterfaceForComposites.java:696)
	at ptolemy.actor.util.CausalityInterfaceForComposites._computeActorDepth(CausalityInterfaceForComposites.java:532)
	at ptolemy.actor.util.CausalityInterfaceForComposites.checkForCycles(CausalityInterfaceForComposites.java:96)
	at ptolemy.domains.de.kernel.DEDirector.preinitialize(DEDirector.java:1338)
	at ptolemy.actor.CompositeActor.preinitialize(CompositeActor.java:1828)
	at ptolemy.actor.Manager.preinitializeAndResolveTypes(Manager.java:1040)
	at ptolemy.actor.Manager.initialize(Manager.java:710)
	at ptolemy.actor.Manager.execute(Manager.java:356)
	at ptolemy.actor.Manager.run(Manager.java:1263)
	at ptolemy.actor.Manager$PtolemyRunThread.run(Manager.java:1933)

    while executing
ptolemy.kernel.util.IllegalActionException: Found a zero delay loop containing .dependencyLoop.original
  in .dependencyLoop and .dependencyLoop.original
    while executing
"java::new ptolemy.moml.MoMLSimpleApplication $file
"
    (procedure "createAndExecute" line 2)
    invoked from within
"createAndExecute $file"
    ("uplevel" body line 5)
    invoked from within
"uplevel $contents_of_test"
------------------ testing $PTII/ptolemy/domains/de/test/auto/knownFailedTests/FSMSource.xml (Known Failure) 
89 ms. Memory: 120832K Free: 99267K (82%)
!!!! Auto was marked as failing, but now passes
------------------ testing $PTII/ptolemy/domains/de/test/auto/knownFailedTests/HierarchicalModel.xml (Known Failure) 
7 ms. Memory: 120832K Free: 81883K (68%)


==== $PTIIhome/travis/build/icyphy/ptII/ptolemy/domains/de/test/../../../../: Auto Automatic test in file $PTII/ptolemy/domains/de/test/auto/knownFailedTests/HierarchicalModel.xml
==== Contents of test case:

	    # FIXME: we should use $relativeFilename here, but it
	    # might have backslashes under Windows, which causes no end
	    # of trouble.
	    createAndExecute $file
	    list {}
	
.... Test generated KNOWN error:
    while executing
ptolemy.kernel.util.IllegalActionException: Found a zero delay loop containing .HierarchicalModel.A
  in .HierarchicalModel and .HierarchicalModel.A
	at ptolemy.actor.util.CausalityInterfaceForComposites._computeOutputPortDepth(CausalityInterfaceForComposites.java:759)
	at ptolemy.actor.util.CausalityInterfaceForComposites._computeInputDepth(CausalityInterfaceForComposites.java:696)
	at ptolemy.actor.util.CausalityInterfaceForComposites._computeOutputPortDepth(CausalityInterfaceForComposites.java:765)
	at ptolemy.actor.util.CausalityInterfaceForComposites._computeInputDepth(CausalityInterfaceForComposites.java:696)
	at ptolemy.actor.util.CausalityInterfaceForComposites._computeOutputPortDepth(CausalityInterfaceForComposites.java:765)
	at ptolemy.actor.util.CausalityInterfaceForComposites._computeInputDepth(CausalityInterfaceForComposites.java:696)
	at ptolemy.actor.util.CausalityInterfaceForComposites._computeActorDepth(CausalityInterfaceForComposites.java:532)
	at ptolemy.actor.util.CausalityInterfaceForComposites.checkForCycles(CausalityInterfaceForComposites.java:96)
	at ptolemy.domains.de.kernel.DEDirector.preinitialize(DEDirector.java:1338)
	at ptolemy.actor.CompositeActor.preinitialize(CompositeActor.java:1828)
	at ptolemy.actor.Manager.preinitializeAndResolveTypes(Manager.java:1040)
	at ptolemy.actor.Manager.initialize(Manager.java:710)
	at ptolemy.actor.Manager.execute(Manager.java:356)
	at ptolemy.actor.Manager.run(Manager.java:1263)
	at ptolemy.actor.Manager$PtolemyRunThread.run(Manager.java:1933)

    while executing
ptolemy.kernel.util.IllegalActionException: Found a zero delay loop containing .HierarchicalModel.A
  in .HierarchicalModel and .HierarchicalModel.A
    while executing
"java::new ptolemy.moml.MoMLSimpleApplication $file
"
    (procedure "createAndExecute" line 2)
    invoked from within
"createAndExecute $file"
    ("uplevel" body line 5)
    invoked from within
"uplevel $contents_of_test"
------------------ testing $PTII/ptolemy/domains/de/test/auto/knownFailedTests/dependencyLoop2.xml (Known Failure) 
50 ms. Memory: 120832K Free: 106259K (88%)


==== $PTIIhome/travis/build/icyphy/ptII/ptolemy/domains/de/test/../../../../: Auto Automatic test in file $PTII/ptolemy/domains/de/test/auto/knownFailedTests/dependencyLoop2.xml
==== Contents of test case:

	    # FIXME: we should use $relativeFilename here, but it
	    # might have backslashes under Windows, which causes no end
	    # of trouble.
	    createAndExecute $file
	    list {}
	
.... Test generated KNOWN error:
    while executing
ptolemy.kernel.util.IllegalActionException: Found a zero delay loop containing .dependencyLoop2.original
  in .dependencyLoop2 and .dependencyLoop2.original
	at ptolemy.actor.util.CausalityInterfaceForComposites._computeOutputPortDepth(CausalityInterfaceForComposites.java:759)
	at ptolemy.actor.util.CausalityInterfaceForComposites._computeInputDepth(CausalityInterfaceForComposites.java:696)
	at ptolemy.actor.util.CausalityInterfaceForComposites._computeOutputPortDepth(CausalityInterfaceForComposites.java:765)
	at ptolemy.actor.util.CausalityInterfaceForComposites._computeInputDepth(CausalityInterfaceForComposites.java:696)
	at ptolemy.actor.util.CausalityInterfaceForComposites._computeOutputPortDepth(CausalityInterfaceForComposites.java:765)
	at ptolemy.actor.util.CausalityInterfaceForComposites._computeInputDepth(CausalityInterfaceForComposites.java:696)
	at ptolemy.actor.util.CausalityInterfaceForComposites._computeActorDepth(CausalityInterfaceForComposites.java:532)
	at ptolemy.actor.util.CausalityInterfaceForComposites.checkForCycles(CausalityInterfaceForComposites.java:96)
	at ptolemy.domains.de.kernel.DEDirector.preinitialize(DEDirector.java:1338)
	at ptolemy.actor.CompositeActor.preinitialize(CompositeActor.java:1828)
	at ptolemy.actor.Manager.preinitializeAndResolveTypes(Manager.java:1040)
	at ptolemy.actor.Manager.initialize(Manager.java:710)
	at ptolemy.actor.Manager.execute(Manager.java:356)
	at ptolemy.actor.Manager.run(Manager.java:1263)
	at ptolemy.actor.Manager$PtolemyRunThread.run(Manager.java:1933)

    while executing
ptolemy.kernel.util.IllegalActionException: Found a zero delay loop containing .dependencyLoop2.original
  in .dependencyLoop2 and .dependencyLoop2.original
    while executing
"java::new ptolemy.moml.MoMLSimpleApplication $file
"
    (procedure "createAndExecute" line 2)
    invoked from within
"createAndExecute $file"
    ("uplevel" body line 5)
    invoked from within
"uplevel $contents_of_test"
------------------ testing $PTII/ptolemy/domains/de/test/auto/knownFailedTests/DESDFClockTest.xml (Known Failure) 
2079 ms. Memory: 120832K Free: 93118K (77%)


==== $PTIIhome/travis/build/icyphy/ptII/ptolemy/domains/de/test/../../../../: Auto Automatic test in file $PTII/ptolemy/domains/de/test/auto/knownFailedTests/DESDFClockTest.xml
==== Contents of test case:

	    # FIXME: we should use $relativeFilename here, but it
	    # might have backslashes under Windows, which causes no end
	    # of trouble.
	    createAndExecute $file
	    list {}
	
.... Test generated KNOWN error:
    while executing
ptolemy.kernel.util.IllegalActionException: Actor is not ready to fire.  Perhaps UpSample.prefire() returned false? Try debugging the actor by selecting "Listen to Actor".  Also, for SDF check moml for tokenConsumptionRate on input.
  in .DESDFClockTest.Play Bell.Copy1:SDF Director and .DESDFClockTest.Play Bell.UpSample
	at ptolemy.actor.sched.StaticSchedulingDirector.fire(StaticSchedulingDirector.java:227)
	at ptolemy.domains.sdf.kernel.SDFDirector.fire(SDFDirector.java:500)
	at ptolemy.actor.CompositeActor.fire(CompositeActor.java:455)
	at ptolemy.domains.de.kernel.DEDirector._fire(DEDirector.java:1949)
	at ptolemy.domains.de.kernel.DEDirector.fire(DEDirector.java:502)
	at ptolemy.actor.CompositeActor.fire(CompositeActor.java:455)
	at ptolemy.actor.Manager.iterate(Manager.java:851)
	at ptolemy.actor.Manager.execute(Manager.java:369)
	at ptolemy.actor.Manager.run(Manager.java:1263)
	at ptolemy.actor.Manager$PtolemyRunThread.run(Manager.java:1933)

    while executing
ptolemy.kernel.util.IllegalActionException: Actor is not ready to fire.  Perhaps UpSample.prefire() returned false? Try debugging the actor by selecting "Listen to Actor".  Also, for SDF check moml for tokenConsumptionRate on input.
  in .DESDFClockTest.Play Bell.Copy1:SDF Director and .DESDFClockTest.Play Bell.UpSample
    while executing
"java::new ptolemy.moml.MoMLSimpleApplication $file
"
    (procedure "createAndExecute" line 2)
    invoked from within
"createAndExecute $file"
    ("uplevel" body line 5)
    invoked from within
"uplevel $contents_of_test"
------------------ testing $PTII/ptolemy/domains/de/test/auto/ActorDepthCalculation_actorWithoutPorts.xml
auto.tcl: Setting watchdog for 200 seconds at Wed Nov 20 06:19:42 UTC 2019
6 ms. Memory: 120832K Free: 86261K (71%)
ptolemy.util.test.WatchDog.cancel(): canceling Wed Nov 20 06:19:42 UTC 2019
auto.tcl: Setting watchdog for 200 seconds at Wed Nov 20 06:19:42 UTC 2019
5 ms. Memory: 120832K Free: 84587K (70%)
ptolemy.util.test.WatchDog.cancel(): canceling Wed Nov 20 06:19:42 UTC 2019
------------------ testing $PTII/ptolemy/domains/de/test/auto/AssemblyLine.xml
auto.tcl: Setting watchdog for 200 seconds at Wed Nov 20 06:19:43 UTC 2019
23 ms. Memory: 48128K Free: 26015K (54%)
ptolemy.util.test.WatchDog.cancel(): canceling Wed Nov 20 06:19:43 UTC 2019
auto.tcl: Setting watchdog for 200 seconds at Wed Nov 20 06:19:43 UTC 2019
16 ms. Memory: 48128K Free: 25335K (53%)
ptolemy.util.test.WatchDog.cancel(): canceling Wed Nov 20 06:19:43 UTC 2019
------------------ testing $PTII/ptolemy/domains/de/test/auto/CQBug1.xml
auto.tcl: Setting watchdog for 200 seconds at Wed Nov 20 06:19:43 UTC 2019
3 ms. Memory: 48128K Free: 31479K (65%)
ptolemy.util.test.WatchDog.cancel(): canceling Wed Nov 20 06:19:43 UTC 2019
auto.tcl: Setting watchdog for 200 seconds at Wed Nov 20 06:19:43 UTC 2019
6 ms. Memory: 48128K Free: 31046K (65%)
ptolemy.util.test.WatchDog.cancel(): canceling Wed Nov 20 06:19:43 UTC 2019
------------------ testing $PTII/ptolemy/domains/de/test/auto/CancelFireAt.xml
auto.tcl: Setting watchdog for 200 seconds at Wed Nov 20 06:19:43 UTC 2019
12 ms. Memory: 45056K Free: 29594K (66%)
ptolemy.util.test.WatchDog.cancel(): canceling Wed Nov 20 06:19:43 UTC 2019
auto.tcl: Setting watchdog for 200 seconds at Wed Nov 20 06:19:43 UTC 2019
3 ms. Memory: 45056K Free: 29163K (65%)
ptolemy.util.test.WatchDog.cancel(): canceling Wed Nov 20 06:19:43 UTC 2019
------------------ testing $PTII/ptolemy/domains/de/test/auto/CausalityAndComposabilityAnalysis.xml
auto.tcl: Setting watchdog for 200 seconds at Wed Nov 20 06:19:43 UTC 2019
7 ms. Memory: 45056K Free: 27441K (61%)
ptolemy.util.test.WatchDog.cancel(): canceling Wed Nov 20 06:19:43 UTC 2019
auto.tcl: Setting watchdog for 200 seconds at Wed Nov 20 06:19:43 UTC 2019
9 ms. Memory: 45056K Free: 27010K (60%)
ptolemy.util.test.WatchDog.cancel(): canceling Wed Nov 20 06:19:43 UTC 2019
------------------ testing $PTII/ptolemy/domains/de/test/auto/CausalityInterface1.xml
auto.tcl: Setting watchdog for 200 seconds at Wed Nov 20 06:19:43 UTC 2019
25 ms. Memory: 45056K Free: 26369K (59%)
ptolemy.util.test.WatchDog.cancel(): canceling Wed Nov 20 06:19:43 UTC 2019
auto.tcl: Setting watchdog for 200 seconds at Wed Nov 20 06:19:43 UTC 2019
5 ms. Memory: 45056K Free: 25401K (56%)
ptolemy.util.test.WatchDog.cancel(): canceling Wed Nov 20 06:19:43 UTC 2019
------------------ testing $PTII/ptolemy/domains/de/test/auto/CausalityInterface15.xml
auto.tcl: Setting watchdog for 200 seconds at Wed Nov 20 06:19:43 UTC 2019
11 ms. Memory: 45056K Free: 26047K (58%)
ptolemy.util.test.WatchDog.cancel(): canceling Wed Nov 20 06:19:43 UTC 2019
auto.tcl: Setting watchdog for 200 seconds at Wed Nov 20 06:19:43 UTC 2019
7 ms. Memory: 45056K Free: 25355K (56%)
ptolemy.util.test.WatchDog.cancel(): canceling Wed Nov 20 06:19:43 UTC 2019
------------------ testing $PTII/ptolemy/domains/de/test/auto/CausalityInterface2.xml
auto.tcl: Setting watchdog for 200 seconds at Wed Nov 20 06:19:43 UTC 2019
5 ms. Memory: 45056K Free: 26931K (60%)
ptolemy.util.test.WatchDog.cancel(): canceling Wed Nov 20 06:19:43 UTC 2019
auto.tcl: Setting watchdog for 200 seconds at Wed Nov 20 06:19:43 UTC 2019
4 ms. Memory: 45056K Free: 25892K (57%)
ptolemy.util.test.WatchDog.cancel(): canceling Wed Nov 20 06:19:43 UTC 2019
------------------ testing $PTII/ptolemy/domains/de/test/auto/CausalityInterface3.xml
auto.tcl: Setting watchdog for 200 seconds at Wed Nov 20 06:19:43 UTC 2019
4 ms. Memory: 45056K Free: 26551K (59%)
ptolemy.util.test.WatchDog.cancel(): canceling Wed Nov 20 06:19:43 UTC 2019
auto.tcl: Setting watchdog for 200 seconds at Wed Nov 20 06:19:43 UTC 2019
4 ms. Memory: 45056K Free: 25765K (57%)
ptolemy.util.test.WatchDog.cancel(): canceling Wed Nov 20 06:19:43 UTC 2019
------------------ testing $PTII/ptolemy/domains/de/test/auto/ClockDrift.xml
auto.tcl: Setting watchdog for 200 seconds at Wed Nov 20 06:19:44 UTC 2019
65 ms. Memory: 45056K Free: 19135K (42%)
ptolemy.util.test.WatchDog.cancel(): canceling Wed Nov 20 06:19:44 UTC 2019
auto.tcl: Setting watchdog for 200 seconds at Wed Nov 20 06:19:44 UTC 2019
92 ms. Memory: 45056K Free: 16119K (36%)
ptolemy.util.test.WatchDog.cancel(): canceling Wed Nov 20 06:19:44 UTC 2019
------------------ testing $PTII/ptolemy/domains/de/test/auto/ClockDriftAndValueChange.xml
auto.tcl: Setting watchdog for 200 seconds at Wed Nov 20 06:19:44 UTC 2019
44 ms. Memory: 45056K Free: 19570K (43%)
ptolemy.util.test.WatchDog.cancel(): canceling Wed Nov 20 06:19:44 UTC 2019
auto.tcl: Setting watchdog for 200 seconds at Wed Nov 20 06:19:44 UTC 2019
32 ms. Memory: 45056K Free: 16377K (36%)
ptolemy.util.test.WatchDog.cancel(): canceling Wed Nov 20 06:19:44 UTC 2019
------------------ testing $PTII/ptolemy/domains/de/test/auto/ClockDriftChange.xml
auto.tcl: Setting watchdog for 200 seconds at Wed Nov 20 06:19:44 UTC 2019
30 ms. Memory: 45056K Free: 21281K (47%)
ptolemy.util.test.WatchDog.cancel(): canceling Wed Nov 20 06:19:44 UTC 2019
auto.tcl: Setting watchdog for 200 seconds at Wed Nov 20 06:19:44 UTC 2019
18 ms. Memory: 45056K Free: 18751K (42%)
ptolemy.util.test.WatchDog.cancel(): canceling Wed Nov 20 06:19:44 UTC 2019
------------------ testing $PTII/ptolemy/domains/de/test/auto/ComposableCausalityAnalysis.xml
auto.tcl: Setting watchdog for 200 seconds at Wed Nov 20 06:19:44 UTC 2019
2 ms. Memory: 45056K Free: 25896K (57%)
ptolemy.util.test.WatchDog.cancel(): canceling Wed Nov 20 06:19:44 UTC 2019
auto.tcl: Setting watchdog for 200 seconds at Wed Nov 20 06:19:44 UTC 2019
5 ms. Memory: 45056K Free: 24889K (55%)
ptolemy.util.test.WatchDog.cancel(): canceling Wed Nov 20 06:19:44 UTC 2019
------------------ testing $PTII/ptolemy/domains/de/test/auto/DEFixedPointLimitation.xml
auto.tcl: Setting watchdog for 200 seconds at Wed Nov 20 06:19:44 UTC 2019
12 ms. Memory: 45056K Free: 27277K (61%)
ptolemy.util.test.WatchDog.cancel(): canceling Wed Nov 20 06:19:44 UTC 2019
auto.tcl: Setting watchdog for 200 seconds at Wed Nov 20 06:19:44 UTC 2019
3 ms. Memory: 45056K Free: 26348K (58%)
ptolemy.util.test.WatchDog.cancel(): canceling Wed Nov 20 06:19:44 UTC 2019
------------------ testing $PTII/ptolemy/domains/de/test/auto/DEScheduleTest.xml
auto.tcl: Setting watchdog for 200 seconds at Wed Nov 20 06:19:44 UTC 2019
5 ms. Memory: 45056K Free: 27548K (61%)
ptolemy.util.test.WatchDog.cancel(): canceling Wed Nov 20 06:19:44 UTC 2019
auto.tcl: Setting watchdog for 200 seconds at Wed Nov 20 06:19:44 UTC 2019
5 ms. Memory: 45056K Free: 26803K (59%)
ptolemy.util.test.WatchDog.cancel(): canceling Wed Nov 20 06:19:44 UTC 2019
------------------ testing $PTII/ptolemy/domains/de/test/auto/DEinDEwithStartTimes.xml
auto.tcl: Setting watchdog for 200 seconds at Wed Nov 20 06:19:44 UTC 2019
7 ms. Memory: 45056K Free: 25735K (57%)
ptolemy.util.test.WatchDog.cancel(): canceling Wed Nov 20 06:19:44 UTC 2019
auto.tcl: Setting watchdog for 200 seconds at Wed Nov 20 06:19:44 UTC 2019
7 ms. Memory: 45056K Free: 24669K (55%)
ptolemy.util.test.WatchDog.cancel(): canceling Wed Nov 20 06:19:44 UTC 2019
------------------ testing $PTII/ptolemy/domains/de/test/auto/DEinDEwithStartTimes2.xml
auto.tcl: Setting watchdog for 200 seconds at Wed Nov 20 06:19:45 UTC 2019
8 ms. Memory: 45056K Free: 24889K (55%)
ptolemy.util.test.WatchDog.cancel(): canceling Wed Nov 20 06:19:45 UTC 2019
auto.tcl: Setting watchdog for 200 seconds at Wed Nov 20 06:19:45 UTC 2019
5 ms. Memory: 45056K Free: 23624K (52%)
ptolemy.util.test.WatchDog.cancel(): canceling Wed Nov 20 06:19:45 UTC 2019
------------------ testing $PTII/ptolemy/domains/de/test/auto/DateDemo.xml
auto.tcl: Setting watchdog for 200 seconds at Wed Nov 20 06:19:45 UTC 2019
14 ms. Memory: 45056K Free: 19583K (43%)
ptolemy.util.test.WatchDog.cancel(): canceling Wed Nov 20 06:19:45 UTC 2019
auto.tcl: Setting watchdog for 200 seconds at Wed Nov 20 06:19:45 UTC 2019
13 ms. Memory: 45056K Free: 17742K (39%)
ptolemy.util.test.WatchDog.cancel(): canceling Wed Nov 20 06:19:45 UTC 2019
------------------ testing $PTII/ptolemy/domains/de/test/auto/DateToEvent.xml
auto.tcl: Setting watchdog for 200 seconds at Wed Nov 20 06:19:45 UTC 2019
2020 ms. Memory: 45056K Free: 15185K (34%)
ptolemy.util.test.WatchDog.cancel(): canceling Wed Nov 20 06:19:47 UTC 2019
auto.tcl: Setting watchdog for 200 seconds at Wed Nov 20 06:19:47 UTC 2019
2007 ms. Memory: 45056K Free: 14441K (32%)
ptolemy.util.test.WatchDog.cancel(): canceling Wed Nov 20 06:19:49 UTC 2019
------------------ testing $PTII/ptolemy/domains/de/test/auto/DepthTest1.xml
auto.tcl: Setting watchdog for 200 seconds at Wed Nov 20 06:19:49 UTC 2019
6 ms. Memory: 45056K Free: 28486K (63%)
ptolemy.util.test.WatchDog.cancel(): canceling Wed Nov 20 06:19:49 UTC 2019
auto.tcl: Setting watchdog for 200 seconds at Wed Nov 20 06:19:49 UTC 2019
2 ms. Memory: 45056K Free: 27942K (62%)
ptolemy.util.test.WatchDog.cancel(): canceling Wed Nov 20 06:19:49 UTC 2019
------------------ testing $PTII/ptolemy/domains/de/test/auto/DepthTest2.xml
auto.tcl: Setting watchdog for 200 seconds at Wed Nov 20 06:19:49 UTC 2019
5 ms. Memory: 45056K Free: 25219K (56%)
ptolemy.util.test.WatchDog.cancel(): canceling Wed Nov 20 06:19:49 UTC 2019
auto.tcl: Setting watchdog for 200 seconds at Wed Nov 20 06:19:49 UTC 2019
3 ms. Memory: 45056K Free: 24794K (55%)
ptolemy.util.test.WatchDog.cancel(): canceling Wed Nov 20 06:19:49 UTC 2019
------------------ testing $PTII/ptolemy/domains/de/test/auto/DepthTest3.xml
auto.tcl: Setting watchdog for 200 seconds at Wed Nov 20 06:19:49 UTC 2019
7 ms. Memory: 45056K Free: 28664K (64%)
ptolemy.util.test.WatchDog.cancel(): canceling Wed Nov 20 06:19:49 UTC 2019
auto.tcl: Setting watchdog for 200 seconds at Wed Nov 20 06:19:49 UTC 2019
6 ms. Memory: 45056K Free: 27892K (62%)
ptolemy.util.test.WatchDog.cancel(): canceling Wed Nov 20 06:19:49 UTC 2019
------------------ testing $PTII/ptolemy/domains/de/test/auto/DepthTest4.xml
auto.tcl: Setting watchdog for 200 seconds at Wed Nov 20 06:19:49 UTC 2019
15 ms. Memory: 45056K Free: 27021K (60%)
ptolemy.util.test.WatchDog.cancel(): canceling Wed Nov 20 06:19:49 UTC 2019
auto.tcl: Setting watchdog for 200 seconds at Wed Nov 20 06:19:49 UTC 2019
3 ms. Memory: 45056K Free: 26290K (58%)
ptolemy.util.test.WatchDog.cancel(): canceling Wed Nov 20 06:19:49 UTC 2019
------------------ testing $PTII/ptolemy/domains/de/test/auto/DepthTest5.xml
auto.tcl: Setting watchdog for 200 seconds at Wed Nov 20 06:19:49 UTC 2019
6 ms. Memory: 45056K Free: 26411K (59%)
ptolemy.util.test.WatchDog.cancel(): canceling Wed Nov 20 06:19:49 UTC 2019
auto.tcl: Setting watchdog for 200 seconds at Wed Nov 20 06:19:49 UTC 2019
6 ms. Memory: 45056K Free: 25625K (57%)
ptolemy.util.test.WatchDog.cancel(): canceling Wed Nov 20 06:19:49 UTC 2019
------------------ testing $PTII/ptolemy/domains/de/test/auto/DepthTest6.xml
auto.tcl: Setting watchdog for 200 seconds at Wed Nov 20 06:19:49 UTC 2019
5 ms. Memory: 45056K Free: 26104K (58%)
ptolemy.util.test.WatchDog.cancel(): canceling Wed Nov 20 06:19:50 UTC 2019
auto.tcl: Setting watchdog for 200 seconds at Wed Nov 20 06:19:50 UTC 2019
3 ms. Memory: 45056K Free: 25703K (57%)
ptolemy.util.test.WatchDog.cancel(): canceling Wed Nov 20 06:19:50 UTC 2019
------------------ testing $PTII/ptolemy/domains/de/test/auto/DepthTest7.xml
auto.tcl: Setting watchdog for 200 seconds at Wed Nov 20 06:19:50 UTC 2019
8 ms. Memory: 45056K Free: 26945K (60%)
ptolemy.util.test.WatchDog.cancel(): canceling Wed Nov 20 06:19:50 UTC 2019
auto.tcl: Setting watchdog for 200 seconds at Wed Nov 20 06:19:50 UTC 2019
3 ms. Memory: 45056K Free: 26222K (58%)
ptolemy.util.test.WatchDog.cancel(): canceling Wed Nov 20 06:19:50 UTC 2019
------------------ testing $PTII/ptolemy/domains/de/test/auto/EventToDate.xml
auto.tcl: Setting watchdog for 200 seconds at Wed Nov 20 06:19:50 UTC 2019
3007 ms. Memory: 45056K Free: 17752K (39%)
ptolemy.util.test.WatchDog.cancel(): canceling Wed Nov 20 06:19:53 UTC 2019
auto.tcl: Setting watchdog for 200 seconds at Wed Nov 20 06:19:53 UTC 2019
3006 ms. Memory: 45056K Free: 17040K (38%)
ptolemy.util.test.WatchDog.cancel(): canceling Wed Nov 20 06:19:56 UTC 2019
------------------ testing $PTII/ptolemy/domains/de/test/auto/FSM1.xml
auto.tcl: Setting watchdog for 200 seconds at Wed Nov 20 06:19:56 UTC 2019
42 ms. Memory: 45056K Free: 18951K (42%)
ptolemy.util.test.WatchDog.cancel(): canceling Wed Nov 20 06:19:56 UTC 2019
auto.tcl: Setting watchdog for 200 seconds at Wed Nov 20 06:19:56 UTC 2019
28 ms. Memory: 45056K Free: 15720K (35%)
ptolemy.util.test.WatchDog.cancel(): canceling Wed Nov 20 06:19:56 UTC 2019
------------------ testing $PTII/ptolemy/domains/de/test/auto/FSM7.xml
auto.tcl: Setting watchdog for 200 seconds at Wed Nov 20 06:19:56 UTC 2019
28 ms. Memory: 45056K Free: 18847K (42%)
ptolemy.util.test.WatchDog.cancel(): canceling Wed Nov 20 06:19:56 UTC 2019
auto.tcl: Setting watchdog for 200 seconds at Wed Nov 20 06:19:56 UTC 2019
29 ms. Memory: 45056K Free: 15539K (34%)
ptolemy.util.test.WatchDog.cancel(): canceling Wed Nov 20 06:19:56 UTC 2019
------------------ testing $PTII/ptolemy/domains/de/test/auto/Inspection.xml
auto.tcl: Setting watchdog for 200 seconds at Wed Nov 20 06:19:56 UTC 2019
42 ms. Memory: 45056K Free: 18678K (41%)
ptolemy.util.test.WatchDog.cancel(): canceling Wed Nov 20 06:19:56 UTC 2019
auto.tcl: Setting watchdog for 200 seconds at Wed Nov 20 06:19:56 UTC 2019
28 ms. Memory: 45056K Free: 16942K (38%)
ptolemy.util.test.WatchDog.cancel(): canceling Wed Nov 20 06:19:56 UTC 2019
------------------ testing $PTII/ptolemy/domains/de/test/auto/Iteration.xml
auto.tcl: Setting watchdog for 200 seconds at Wed Nov 20 06:19:56 UTC 2019
9 ms. Memory: 45056K Free: 24391K (54%)
ptolemy.util.test.WatchDog.cancel(): canceling Wed Nov 20 06:19:56 UTC 2019
auto.tcl: Setting watchdog for 200 seconds at Wed Nov 20 06:19:56 UTC 2019
7 ms. Memory: 45056K Free: 22996K (51%)
ptolemy.util.test.WatchDog.cancel(): canceling Wed Nov 20 06:19:56 UTC 2019
------------------ testing $PTII/ptolemy/domains/de/test/auto/LineFault.xml
auto.tcl: Setting watchdog for 200 seconds at Wed Nov 20 06:19:56 UTC 2019
782 ms. Memory: 45056K Free: 14918K (33%)
ptolemy.util.test.WatchDog.cancel(): canceling Wed Nov 20 06:19:58 UTC 2019
auto.tcl: Setting watchdog for 200 seconds at Wed Nov 20 06:19:58 UTC 2019
701 ms. Memory: 61440K Free: 40035K (65%)
ptolemy.util.test.WatchDog.cancel(): canceling Wed Nov 20 06:19:58 UTC 2019
------------------ testing $PTII/ptolemy/domains/de/test/auto/MergeModel1Add.xml
auto.tcl: Setting watchdog for 200 seconds at Wed Nov 20 06:19:58 UTC 2019
35 ms. Memory: 51200K Free: 16538K (32%)
ptolemy.util.test.WatchDog.cancel(): canceling Wed Nov 20 06:19:58 UTC 2019
auto.tcl: Setting watchdog for 200 seconds at Wed Nov 20 06:19:58 UTC 2019
19 ms. Memory: 51200K Free: 14945K (29%)
ptolemy.util.test.WatchDog.cancel(): canceling Wed Nov 20 06:19:58 UTC 2019
------------------ testing $PTII/ptolemy/domains/de/test/auto/MergeModel2Add.xml
auto.tcl: Setting watchdog for 200 seconds at Wed Nov 20 06:19:59 UTC 2019
13 ms. Memory: 51200K Free: 18621K (36%)
ptolemy.util.test.WatchDog.cancel(): canceling Wed Nov 20 06:19:59 UTC 2019
auto.tcl: Setting watchdog for 200 seconds at Wed Nov 20 06:19:59 UTC 2019
11 ms. Memory: 51200K Free: 17047K (33%)
ptolemy.util.test.WatchDog.cancel(): canceling Wed Nov 20 06:19:59 UTC 2019
------------------ testing $PTII/ptolemy/domains/de/test/auto/MergeModel3Add.xml
auto.tcl: Setting watchdog for 200 seconds at Wed Nov 20 06:19:59 UTC 2019
11 ms. Memory: 48128K Free: 15549K (32%)
ptolemy.util.test.WatchDog.cancel(): canceling Wed Nov 20 06:19:59 UTC 2019
auto.tcl: Setting watchdog for 200 seconds at Wed Nov 20 06:19:59 UTC 2019
12 ms. Memory: 48128K Free: 13984K (29%)
ptolemy.util.test.WatchDog.cancel(): canceling Wed Nov 20 06:19:59 UTC 2019
------------------ testing $PTII/ptolemy/domains/de/test/auto/MergeWithoutDiscard.xml
auto.tcl: Setting watchdog for 200 seconds at Wed Nov 20 06:19:59 UTC 2019
2 ms. Memory: 48128K Free: 29905K (62%)
ptolemy.util.test.WatchDog.cancel(): canceling Wed Nov 20 06:19:59 UTC 2019
auto.tcl: Setting watchdog for 200 seconds at Wed Nov 20 06:19:59 UTC 2019
1 ms. Memory: 48128K Free: 29494K (61%)
ptolemy.util.test.WatchDog.cancel(): canceling Wed Nov 20 06:19:59 UTC 2019
------------------ testing $PTII/ptolemy/domains/de/test/auto/Modal1.xml
auto.tcl: Setting watchdog for 200 seconds at Wed Nov 20 06:19:59 UTC 2019
14 ms. Memory: 48128K Free: 22256K (46%)
ptolemy.util.test.WatchDog.cancel(): canceling Wed Nov 20 06:19:59 UTC 2019
auto.tcl: Setting watchdog for 200 seconds at Wed Nov 20 06:19:59 UTC 2019
14 ms. Memory: 48128K Free: 19001K (39%)
ptolemy.util.test.WatchDog.cancel(): canceling Wed Nov 20 06:19:59 UTC 2019
------------------ testing $PTII/ptolemy/domains/de/test/auto/Modal2.xml
auto.tcl: Setting watchdog for 200 seconds at Wed Nov 20 06:19:59 UTC 2019
22 ms. Memory: 48128K Free: 22133K (46%)
ptolemy.util.test.WatchDog.cancel(): canceling Wed Nov 20 06:19:59 UTC 2019
auto.tcl: Setting watchdog for 200 seconds at Wed Nov 20 06:19:59 UTC 2019
12 ms. Memory: 48128K Free: 18898K (39%)
ptolemy.util.test.WatchDog.cancel(): canceling Wed Nov 20 06:19:59 UTC 2019
------------------ testing $PTII/ptolemy/domains/de/test/auto/Modal3.xml
auto.tcl: Setting watchdog for 200 seconds at Wed Nov 20 06:19:59 UTC 2019
12 ms. Memory: 48128K Free: 22118K (46%)
ptolemy.util.test.WatchDog.cancel(): canceling Wed Nov 20 06:19:59 UTC 2019
auto.tcl: Setting watchdog for 200 seconds at Wed Nov 20 06:19:59 UTC 2019
12 ms. Memory: 48128K Free: 18923K (39%)
ptolemy.util.test.WatchDog.cancel(): canceling Wed Nov 20 06:19:59 UTC 2019
------------------ testing $PTII/ptolemy/domains/de/test/auto/Modal4.xml
auto.tcl: Setting watchdog for 200 seconds at Wed Nov 20 06:19:59 UTC 2019
15 ms. Memory: 48128K Free: 21067K (44%)
ptolemy.util.test.WatchDog.cancel(): canceling Wed Nov 20 06:19:59 UTC 2019
auto.tcl: Setting watchdog for 200 seconds at Wed Nov 20 06:19:59 UTC 2019
16 ms. Memory: 48128K Free: 17236K (36%)
ptolemy.util.test.WatchDog.cancel(): canceling Wed Nov 20 06:19:59 UTC 2019
------------------ testing $PTII/ptolemy/domains/de/test/auto/Modal5.xml
auto.tcl: Setting watchdog for 200 seconds at Wed Nov 20 06:19:59 UTC 2019
13 ms. Memory: 48128K Free: 21061K (44%)
ptolemy.util.test.WatchDog.cancel(): canceling Wed Nov 20 06:19:59 UTC 2019
auto.tcl: Setting watchdog for 200 seconds at Wed Nov 20 06:19:59 UTC 2019
13 ms. Memory: 48128K Free: 17223K (36%)
ptolemy.util.test.WatchDog.cancel(): canceling Wed Nov 20 06:19:59 UTC 2019
------------------ testing $PTII/ptolemy/domains/de/test/auto/Modal6.xml
auto.tcl: Setting watchdog for 200 seconds at Wed Nov 20 06:19:59 UTC 2019
12 ms. Memory: 48128K Free: 21872K (45%)
ptolemy.util.test.WatchDog.cancel(): canceling Wed Nov 20 06:19:59 UTC 2019
auto.tcl: Setting watchdog for 200 seconds at Wed Nov 20 06:19:59 UTC 2019
14 ms. Memory: 48128K Free: 17898K (37%)
ptolemy.util.test.WatchDog.cancel(): canceling Wed Nov 20 06:20:00 UTC 2019
------------------ testing $PTII/ptolemy/domains/de/test/auto/Modal7.xml
auto.tcl: Setting watchdog for 200 seconds at Wed Nov 20 06:20:00 UTC 2019
15 ms. Memory: 48128K Free: 20843K (43%)
ptolemy.util.test.WatchDog.cancel(): canceling Wed Nov 20 06:20:00 UTC 2019
auto.tcl: Setting watchdog for 200 seconds at Wed Nov 20 06:20:00 UTC 2019
12 ms. Memory: 48128K Free: 17551K (36%)
ptolemy.util.test.WatchDog.cancel(): canceling Wed Nov 20 06:20:00 UTC 2019
------------------ testing $PTII/ptolemy/domains/de/test/auto/ModalModel.xml
auto.tcl: Setting watchdog for 200 seconds at Wed Nov 20 06:20:00 UTC 2019
257 ms. Memory: 62464K Free: 46200K (74%)
ptolemy.util.test.WatchDog.cancel(): canceling Wed Nov 20 06:20:00 UTC 2019
auto.tcl: Setting watchdog for 200 seconds at Wed Nov 20 06:20:00 UTC 2019
227 ms. Memory: 62464K Free: 44947K (72%)
ptolemy.util.test.WatchDog.cancel(): canceling Wed Nov 20 06:20:00 UTC 2019
------------------ testing $PTII/ptolemy/domains/de/test/auto/ModalSource.xml
auto.tcl: Setting watchdog for 200 seconds at Wed Nov 20 06:20:00 UTC 2019
7 ms. Memory: 48128K Free: 25388K (53%)
ptolemy.util.test.WatchDog.cancel(): canceling Wed Nov 20 06:20:00 UTC 2019
auto.tcl: Setting watchdog for 200 seconds at Wed Nov 20 06:20:00 UTC 2019
6 ms. Memory: 48128K Free: 23392K (49%)
ptolemy.util.test.WatchDog.cancel(): canceling Wed Nov 20 06:20:00 UTC 2019
------------------ testing $PTII/ptolemy/domains/de/test/auto/NonInterruptibleTimerZeroDelay.xml
auto.tcl: Setting watchdog for 200 seconds at Wed Nov 20 06:20:00 UTC 2019
3 ms. Memory: 48128K Free: 30869K (64%)
ptolemy.util.test.WatchDog.cancel(): canceling Wed Nov 20 06:20:00 UTC 2019
auto.tcl: Setting watchdog for 200 seconds at Wed Nov 20 06:20:00 UTC 2019
2 ms. Memory: 48128K Free: 30177K (63%)
ptolemy.util.test.WatchDog.cancel(): canceling Wed Nov 20 06:20:00 UTC 2019
------------------ testing $PTII/ptolemy/domains/de/test/auto/OpenQueueingNetwork.xml
auto.tcl: Setting watchdog for 200 seconds at Wed Nov 20 06:20:00 UTC 2019
3385 ms. Memory: 121856K Free: 97543K (80%)
ptolemy.util.test.WatchDog.cancel(): canceling Wed Nov 20 06:20:04 UTC 2019
auto.tcl: Setting watchdog for 200 seconds at Wed Nov 20 06:20:04 UTC 2019
3100 ms. Memory: 146432K Free: 114356K (78%)
ptolemy.util.test.WatchDog.cancel(): canceling Wed Nov 20 06:20:07 UTC 2019
------------------ testing $PTII/ptolemy/domains/de/test/auto/OpenQueuingNetwork.xml
auto.tcl: Setting watchdog for 200 seconds at Wed Nov 20 06:20:07 UTC 2019
291 ms. Memory: 55296K Free: 24884K (45%)
ptolemy.util.test.WatchDog.cancel(): canceling Wed Nov 20 06:20:08 UTC 2019
auto.tcl: Setting watchdog for 200 seconds at Wed Nov 20 06:20:08 UTC 2019
287 ms. Memory: 55296K Free: 32500K (59%)
ptolemy.util.test.WatchDog.cancel(): canceling Wed Nov 20 06:20:08 UTC 2019
------------------ testing $PTII/ptolemy/domains/de/test/auto/PeriodicSampler.xml
auto.tcl: Setting watchdog for 200 seconds at Wed Nov 20 06:20:08 UTC 2019
4 ms. Memory: 48128K Free: 30031K (62%)
ptolemy.util.test.WatchDog.cancel(): canceling Wed Nov 20 06:20:08 UTC 2019
auto.tcl: Setting watchdog for 200 seconds at Wed Nov 20 06:20:08 UTC 2019
3 ms. Memory: 48128K Free: 29558K (61%)
ptolemy.util.test.WatchDog.cancel(): canceling Wed Nov 20 06:20:08 UTC 2019
------------------ testing $PTII/ptolemy/domains/de/test/auto/PersistentIO.xml
auto.tcl: Setting watchdog for 200 seconds at Wed Nov 20 06:20:08 UTC 2019
7 ms. Memory: 48128K Free: 24955K (52%)
ptolemy.util.test.WatchDog.cancel(): canceling Wed Nov 20 06:20:08 UTC 2019
auto.tcl: Setting watchdog for 200 seconds at Wed Nov 20 06:20:08 UTC 2019
6 ms. Memory: 48128K Free: 23508K (49%)
ptolemy.util.test.WatchDog.cancel(): canceling Wed Nov 20 06:20:08 UTC 2019
------------------ testing $PTII/ptolemy/domains/de/test/auto/PortParameterResetOnInitialize.xml
auto.tcl: Setting watchdog for 200 seconds at Wed Nov 20 06:20:08 UTC 2019
3 ms. Memory: 48128K Free: 29939K (62%)
ptolemy.util.test.WatchDog.cancel(): canceling Wed Nov 20 06:20:08 UTC 2019
auto.tcl: Setting watchdog for 200 seconds at Wed Nov 20 06:20:08 UTC 2019
2 ms. Memory: 48128K Free: 29445K (61%)
ptolemy.util.test.WatchDog.cancel(): canceling Wed Nov 20 06:20:08 UTC 2019
------------------ testing $PTII/ptolemy/domains/de/test/auto/PortParameterUpdates.xml
auto.tcl: Setting watchdog for 200 seconds at Wed Nov 20 06:20:08 UTC 2019
6 ms. Memory: 48128K Free: 28038K (58%)
ptolemy.util.test.WatchDog.cancel(): canceling Wed Nov 20 06:20:08 UTC 2019
auto.tcl: Setting watchdog for 200 seconds at Wed Nov 20 06:20:08 UTC 2019
6 ms. Memory: 48128K Free: 26616K (55%)
ptolemy.util.test.WatchDog.cancel(): canceling Wed Nov 20 06:20:08 UTC 2019
------------------ testing $PTII/ptolemy/domains/de/test/auto/QueueAndServer.xml
auto.tcl: Setting watchdog for 200 seconds at Wed Nov 20 06:20:08 UTC 2019
16 ms. Memory: 48128K Free: 26956K (56%)
ptolemy.util.test.WatchDog.cancel(): canceling Wed Nov 20 06:20:08 UTC 2019
auto.tcl: Setting watchdog for 200 seconds at Wed Nov 20 06:20:08 UTC 2019
10 ms. Memory: 48128K Free: 25528K (53%)
ptolemy.util.test.WatchDog.cancel(): canceling Wed Nov 20 06:20:08 UTC 2019
------------------ testing $PTII/ptolemy/domains/de/test/auto/Records.xml
auto.tcl: Setting watchdog for 200 seconds at Wed Nov 20 06:20:08 UTC 2019
3 ms. Memory: 48128K Free: 29482K (61%)
ptolemy.util.test.WatchDog.cancel(): canceling Wed Nov 20 06:20:08 UTC 2019
auto.tcl: Setting watchdog for 200 seconds at Wed Nov 20 06:20:08 UTC 2019
3 ms. Memory: 48128K Free: 28993K (60%)
ptolemy.util.test.WatchDog.cancel(): canceling Wed Nov 20 06:20:08 UTC 2019
------------------ testing $PTII/ptolemy/domains/de/test/auto/ResetTransitionWithStartTime1.xml
auto.tcl: Setting watchdog for 200 seconds at Wed Nov 20 06:20:09 UTC 2019
8 ms. Memory: 48128K Free: 26439K (55%)
ptolemy.util.test.WatchDog.cancel(): canceling Wed Nov 20 06:20:09 UTC 2019
auto.tcl: Setting watchdog for 200 seconds at Wed Nov 20 06:20:09 UTC 2019
6 ms. Memory: 48128K Free: 24391K (51%)
ptolemy.util.test.WatchDog.cancel(): canceling Wed Nov 20 06:20:09 UTC 2019
------------------ testing $PTII/ptolemy/domains/de/test/auto/ResetTransitionWithStartTime2.xml
auto.tcl: Setting watchdog for 200 seconds at Wed Nov 20 06:20:09 UTC 2019
6 ms. Memory: 48128K Free: 26394K (55%)
ptolemy.util.test.WatchDog.cancel(): canceling Wed Nov 20 06:20:09 UTC 2019
auto.tcl: Setting watchdog for 200 seconds at Wed Nov 20 06:20:09 UTC 2019
6 ms. Memory: 48128K Free: 23873K (50%)
ptolemy.util.test.WatchDog.cancel(): canceling Wed Nov 20 06:20:09 UTC 2019
------------------ testing $PTII/ptolemy/domains/de/test/auto/ResetTransitionWithStartTime3.xml
auto.tcl: Setting watchdog for 200 seconds at Wed Nov 20 06:20:09 UTC 2019
7 ms. Memory: 48128K Free: 26392K (55%)
ptolemy.util.test.WatchDog.cancel(): canceling Wed Nov 20 06:20:09 UTC 2019
auto.tcl: Setting watchdog for 200 seconds at Wed Nov 20 06:20:09 UTC 2019
6 ms. Memory: 48128K Free: 24379K (51%)
ptolemy.util.test.WatchDog.cancel(): canceling Wed Nov 20 06:20:09 UTC 2019
------------------ testing $PTII/ptolemy/domains/de/test/auto/ResetTransitionWithStartTime4.xml
auto.tcl: Setting watchdog for 200 seconds at Wed Nov 20 06:20:09 UTC 2019
8 ms. Memory: 48128K Free: 27080K (56%)
ptolemy.util.test.WatchDog.cancel(): canceling Wed Nov 20 06:20:09 UTC 2019
auto.tcl: Setting watchdog for 200 seconds at Wed Nov 20 06:20:09 UTC 2019
4 ms. Memory: 48128K Free: 25434K (53%)
ptolemy.util.test.WatchDog.cancel(): canceling Wed Nov 20 06:20:09 UTC 2019
------------------ testing $PTII/ptolemy/domains/de/test/auto/ResettableTimer1.xml
auto.tcl: Setting watchdog for 200 seconds at Wed Nov 20 06:20:09 UTC 2019
3 ms. Memory: 48128K Free: 30583K (64%)
ptolemy.util.test.WatchDog.cancel(): canceling Wed Nov 20 06:20:09 UTC 2019
auto.tcl: Setting watchdog for 200 seconds at Wed Nov 20 06:20:09 UTC 2019
2 ms. Memory: 48128K Free: 29982K (62%)
ptolemy.util.test.WatchDog.cancel(): canceling Wed Nov 20 06:20:09 UTC 2019
------------------ testing $PTII/ptolemy/domains/de/test/auto/ResettableTimer2.xml
auto.tcl: Setting watchdog for 200 seconds at Wed Nov 20 06:20:09 UTC 2019
3 ms. Memory: 48128K Free: 30664K (64%)
ptolemy.util.test.WatchDog.cancel(): canceling Wed Nov 20 06:20:09 UTC 2019
auto.tcl: Setting watchdog for 200 seconds at Wed Nov 20 06:20:09 UTC 2019
2 ms. Memory: 48128K Free: 29560K (61%)
ptolemy.util.test.WatchDog.cancel(): canceling Wed Nov 20 06:20:09 UTC 2019
------------------ testing $PTII/ptolemy/domains/de/test/auto/ResettableTimer3.xml
auto.tcl: Setting watchdog for 200 seconds at Wed Nov 20 06:20:09 UTC 2019
2 ms. Memory: 48128K Free: 30564K (64%)
ptolemy.util.test.WatchDog.cancel(): canceling Wed Nov 20 06:20:09 UTC 2019
auto.tcl: Setting watchdog for 200 seconds at Wed Nov 20 06:20:09 UTC 2019
1 ms. Memory: 48128K Free: 30525K (63%)
ptolemy.util.test.WatchDog.cancel(): canceling Wed Nov 20 06:20:09 UTC 2019
------------------ testing $PTII/ptolemy/domains/de/test/auto/ResettableTimer4.xml
auto.tcl: Setting watchdog for 200 seconds at Wed Nov 20 06:20:09 UTC 2019
2 ms. Memory: 48128K Free: 30572K (64%)
ptolemy.util.test.WatchDog.cancel(): canceling Wed Nov 20 06:20:09 UTC 2019
auto.tcl: Setting watchdog for 200 seconds at Wed Nov 20 06:20:09 UTC 2019
2 ms. Memory: 48128K Free: 30082K (63%)
ptolemy.util.test.WatchDog.cancel(): canceling Wed Nov 20 06:20:09 UTC 2019
------------------ testing $PTII/ptolemy/domains/de/test/auto/ResettableTimer5.xml
auto.tcl: Setting watchdog for 200 seconds at Wed Nov 20 06:20:09 UTC 2019
2 ms. Memory: 48128K Free: 30022K (62%)
ptolemy.util.test.WatchDog.cancel(): canceling Wed Nov 20 06:20:09 UTC 2019
auto.tcl: Setting watchdog for 200 seconds at Wed Nov 20 06:20:09 UTC 2019
1 ms. Memory: 48128K Free: 29553K (61%)
ptolemy.util.test.WatchDog.cancel(): canceling Wed Nov 20 06:20:09 UTC 2019
------------------ testing $PTII/ptolemy/domains/de/test/auto/ResettableTimer6.xml
auto.tcl: Setting watchdog for 200 seconds at Wed Nov 20 06:20:09 UTC 2019
2 ms. Memory: 48128K Free: 29982K (62%)
ptolemy.util.test.WatchDog.cancel(): canceling Wed Nov 20 06:20:09 UTC 2019
auto.tcl: Setting watchdog for 200 seconds at Wed Nov 20 06:20:09 UTC 2019
2 ms. Memory: 48128K Free: 29513K (61%)
ptolemy.util.test.WatchDog.cancel(): canceling Wed Nov 20 06:20:09 UTC 2019
------------------ testing $PTII/ptolemy/domains/de/test/auto/ServerZeroDelay.xml
auto.tcl: Setting watchdog for 200 seconds at Wed Nov 20 06:20:09 UTC 2019
4 ms. Memory: 48128K Free: 30517K (63%)
ptolemy.util.test.WatchDog.cancel(): canceling Wed Nov 20 06:20:09 UTC 2019
auto.tcl: Setting watchdog for 200 seconds at Wed Nov 20 06:20:09 UTC 2019
3 ms. Memory: 48128K Free: 29579K (61%)
ptolemy.util.test.WatchDog.cancel(): canceling Wed Nov 20 06:20:09 UTC 2019
------------------ testing $PTII/ptolemy/domains/de/test/auto/SmartSender.xml
auto.tcl: Setting watchdog for 200 seconds at Wed Nov 20 06:20:09 UTC 2019
3001 ms. Memory: 48128K Free: 30551K (63%)
ptolemy.util.test.WatchDog.cancel(): canceling Wed Nov 20 06:20:12 UTC 2019
auto.tcl: Setting watchdog for 200 seconds at Wed Nov 20 06:20:12 UTC 2019
3001 ms. Memory: 48128K Free: 30009K (62%)
ptolemy.util.test.WatchDog.cancel(): canceling Wed Nov 20 06:20:15 UTC 2019
------------------ testing $PTII/ptolemy/domains/de/test/auto/ThreadedComposite.xml
auto.tcl: Setting watchdog for 200 seconds at Wed Nov 20 06:20:15 UTC 2019
193 ms. Memory: 48128K Free: 11580K (24%)
ptolemy.util.test.WatchDog.cancel(): canceling Wed Nov 20 06:20:16 UTC 2019
auto.tcl: Setting watchdog for 200 seconds at Wed Nov 20 06:20:16 UTC 2019
207 ms. Memory: 48128K Free: 21342K (44%)
ptolemy.util.test.WatchDog.cancel(): canceling Wed Nov 20 06:20:16 UTC 2019
------------------ testing $PTII/ptolemy/domains/de/test/auto/Time.xml
auto.tcl: Setting watchdog for 200 seconds at Wed Nov 20 06:20:16 UTC 2019
581 ms. Memory: 73728K Free: 54141K (73%)
ptolemy.util.test.WatchDog.cancel(): canceling Wed Nov 20 06:20:17 UTC 2019
auto.tcl: Setting watchdog for 200 seconds at Wed Nov 20 06:20:17 UTC 2019
622 ms. Memory: 73728K Free: 40857K (55%)
ptolemy.util.test.WatchDog.cancel(): canceling Wed Nov 20 06:20:17 UTC 2019
------------------ testing $PTII/ptolemy/domains/de/test/auto/TimeDelayZeroDelay.xml
auto.tcl: Setting watchdog for 200 seconds at Wed Nov 20 06:20:17 UTC 2019
2 ms. Memory: 51200K Free: 34009K (66%)
ptolemy.util.test.WatchDog.cancel(): canceling Wed Nov 20 06:20:17 UTC 2019
auto.tcl: Setting watchdog for 200 seconds at Wed Nov 20 06:20:17 UTC 2019
3 ms. Memory: 51200K Free: 33140K (65%)
ptolemy.util.test.WatchDog.cancel(): canceling Wed Nov 20 06:20:17 UTC 2019
------------------ testing $PTII/ptolemy/domains/de/test/auto/TimerZeroDelay.xml
auto.tcl: Setting watchdog for 200 seconds at Wed Nov 20 06:20:17 UTC 2019
4 ms. Memory: 51200K Free: 33942K (66%)
ptolemy.util.test.WatchDog.cancel(): canceling Wed Nov 20 06:20:17 UTC 2019
auto.tcl: Setting watchdog for 200 seconds at Wed Nov 20 06:20:17 UTC 2019
3 ms. Memory: 51200K Free: 33220K (65%)
ptolemy.util.test.WatchDog.cancel(): canceling Wed Nov 20 06:20:17 UTC 2019
------------------ testing $PTII/ptolemy/domains/de/test/auto/TimingParadox.xml
auto.tcl: Setting watchdog for 200 seconds at Wed Nov 20 06:20:17 UTC 2019
381 ms. Memory: 51200K Free: 20642K (40%)
ptolemy.util.test.WatchDog.cancel(): canceling Wed Nov 20 06:20:18 UTC 2019
auto.tcl: Setting watchdog for 200 seconds at Wed Nov 20 06:20:18 UTC 2019
336 ms. Memory: 51200K Free: 10563K (21%)
ptolemy.util.test.WatchDog.cancel(): canceling Wed Nov 20 06:20:18 UTC 2019
------------------ testing $PTII/ptolemy/domains/de/test/auto/TransferInputs.xml
auto.tcl: Setting watchdog for 200 seconds at Wed Nov 20 06:20:18 UTC 2019
2 ms. Memory: 51200K Free: 32023K (63%)
ptolemy.util.test.WatchDog.cancel(): canceling Wed Nov 20 06:20:18 UTC 2019
auto.tcl: Setting watchdog for 200 seconds at Wed Nov 20 06:20:18 UTC 2019
2 ms. Memory: 51200K Free: 31131K (61%)
ptolemy.util.test.WatchDog.cancel(): canceling Wed Nov 20 06:20:18 UTC 2019
------------------ testing $PTII/ptolemy/domains/de/test/auto/TransferOutputs2.xml
auto.tcl: Setting watchdog for 200 seconds at Wed Nov 20 06:20:18 UTC 2019
12 ms. Memory: 48128K Free: 26394K (55%)
ptolemy.util.test.WatchDog.cancel(): canceling Wed Nov 20 06:20:18 UTC 2019
auto.tcl: Setting watchdog for 200 seconds at Wed Nov 20 06:20:18 UTC 2019
4 ms. Memory: 48128K Free: 25015K (52%)
ptolemy.util.test.WatchDog.cancel(): canceling Wed Nov 20 06:20:18 UTC 2019
------------------ testing $PTII/ptolemy/domains/de/test/auto/Trilateration.xml
auto.tcl: Setting watchdog for 200 seconds at Wed Nov 20 06:20:18 UTC 2019
15715 ms. Memory: 464896K Free: 376332K (81%)
ptolemy.util.test.WatchDog.cancel(): canceling Wed Nov 20 06:20:35 UTC 2019
auto.tcl: Setting watchdog for 200 seconds at Wed Nov 20 06:20:35 UTC 2019
12657 ms. Memory: 464896K Free: 229298K (49%)
ptolemy.util.test.WatchDog.cancel(): canceling Wed Nov 20 06:20:48 UTC 2019
------------------ testing $PTII/ptolemy/domains/de/test/auto/TwoSigmaDelta.xml
auto.tcl: Setting watchdog for 200 seconds at Wed Nov 20 06:20:48 UTC 2019
3079 ms. Memory: 86016K Free: 19443K (23%)
ptolemy.util.test.WatchDog.cancel(): canceling Wed Nov 20 06:20:51 UTC 2019
auto.tcl: Setting watchdog for 200 seconds at Wed Nov 20 06:20:51 UTC 2019
2612 ms. Memory: 86016K Free: 59359K (69%)
ptolemy.util.test.WatchDog.cancel(): canceling Wed Nov 20 06:20:54 UTC 2019
------------------ testing $PTII/ptolemy/domains/de/test/auto/VariableDelay.xml
auto.tcl: Setting watchdog for 200 seconds at Wed Nov 20 06:20:54 UTC 2019
5 ms. Memory: 51200K Free: 32514K (64%)
ptolemy.util.test.WatchDog.cancel(): canceling Wed Nov 20 06:20:54 UTC 2019
auto.tcl: Setting watchdog for 200 seconds at Wed Nov 20 06:20:54 UTC 2019
3 ms. Memory: 51200K Free: 31474K (61%)
ptolemy.util.test.WatchDog.cancel(): canceling Wed Nov 20 06:20:54 UTC 2019
------------------ testing $PTII/ptolemy/domains/de/test/auto/VariableDelay2.xml
auto.tcl: Setting watchdog for 200 seconds at Wed Nov 20 06:20:54 UTC 2019
10 ms. Memory: 51200K Free: 32921K (64%)
ptolemy.util.test.WatchDog.cancel(): canceling Wed Nov 20 06:20:54 UTC 2019
auto.tcl: Setting watchdog for 200 seconds at Wed Nov 20 06:20:54 UTC 2019
3 ms. Memory: 51200K Free: 32417K (63%)
ptolemy.util.test.WatchDog.cancel(): canceling Wed Nov 20 06:20:54 UTC 2019
------------------ testing $PTII/ptolemy/domains/de/test/auto/VariableDelayZeroDelay.xml
auto.tcl: Setting watchdog for 200 seconds at Wed Nov 20 06:20:54 UTC 2019
2 ms. Memory: 51200K Free: 33539K (66%)
ptolemy.util.test.WatchDog.cancel(): canceling Wed Nov 20 06:20:54 UTC 2019
auto.tcl: Setting watchdog for 200 seconds at Wed Nov 20 06:20:54 UTC 2019
2 ms. Memory: 51200K Free: 32926K (64%)
ptolemy.util.test.WatchDog.cancel(): canceling Wed Nov 20 06:20:54 UTC 2019
------------------ testing $PTII/ptolemy/domains/de/test/auto/VariableDelayZeroDelay2.xml
auto.tcl: Setting watchdog for 200 seconds at Wed Nov 20 06:20:54 UTC 2019
2 ms. Memory: 51200K Free: 33439K (65%)
ptolemy.util.test.WatchDog.cancel(): canceling Wed Nov 20 06:20:54 UTC 2019
auto.tcl: Setting watchdog for 200 seconds at Wed Nov 20 06:20:54 UTC 2019
2 ms. Memory: 51200K Free: 32415K (63%)
ptolemy.util.test.WatchDog.cancel(): canceling Wed Nov 20 06:20:54 UTC 2019
------------------ testing $PTII/ptolemy/domains/de/test/auto/deInCt.xml
auto.tcl: Setting watchdog for 200 seconds at Wed Nov 20 06:20:54 UTC 2019
0
1
1
1
1
1
0
0
0
1
1
1
1
1
0
0
0
0
1
1
1
0
0
0
1
1
1
1
1
14 ms. Memory: 51200K Free: 32412K (63%)
ptolemy.util.test.WatchDog.cancel(): canceling Wed Nov 20 06:20:54 UTC 2019
auto.tcl: Setting watchdog for 200 seconds at Wed Nov 20 06:20:54 UTC 2019
0
1
1
1
1
0
0
0
1
1
1
0
0
0
1
1
1
0
0
0
0
0
0
0
1
1
1
0
0
0
1
1
1
9 ms. Memory: 51200K Free: 30874K (60%)
ptolemy.util.test.WatchDog.cancel(): canceling Wed Nov 20 06:20:54 UTC 2019
------------------ testing $PTII/ptolemy/domains/de/test/auto/deInCt2.xml
auto.tcl: Setting watchdog for 200 seconds at Wed Nov 20 06:20:55 UTC 2019
0
1
1
1
0
0
1
1
1
0
0
1
1
1
0
0
1
1
1
0
0
1
1
1
0
0
1
1
1
0
0
1
1
1
0
0
1
1
1
0
0
0
23 ms. Memory: 48128K Free: 29343K (61%)
ptolemy.util.test.WatchDog.cancel(): canceling Wed Nov 20 06:20:55 UTC 2019
auto.tcl: Setting watchdog for 200 seconds at Wed Nov 20 06:20:55 UTC 2019
0
1
1
1
0
0
1
1
1
0
0
1
1
1
0
0
1
1
1
0
0
1
1
1
0
0
1
1
1
0
0
1
1
1
0
0
1
1
1
0
0
0
10 ms. Memory: 48128K Free: 27801K (58%)
ptolemy.util.test.WatchDog.cancel(): canceling Wed Nov 20 06:20:55 UTC 2019
------------------ testing $PTII/ptolemy/domains/de/test/auto/dynamicCausalityInterface1.xml
auto.tcl: Setting watchdog for 200 seconds at Wed Nov 20 06:20:55 UTC 2019
2 ms. Memory: 48128K Free: 25275K (53%)
ptolemy.util.test.WatchDog.cancel(): canceling Wed Nov 20 06:20:55 UTC 2019
auto.tcl: Setting watchdog for 200 seconds at Wed Nov 20 06:20:55 UTC 2019
1 ms. Memory: 48128K Free: 24806K (52%)
ptolemy.util.test.WatchDog.cancel(): canceling Wed Nov 20 06:20:55 UTC 2019
------------------ testing $PTII/ptolemy/domains/de/test/auto/fsm_de_test.xml
auto.tcl: Setting watchdog for 200 seconds at Wed Nov 20 06:20:55 UTC 2019
11 ms. Memory: 48128K Free: 25173K (52%)
ptolemy.util.test.WatchDog.cancel(): canceling Wed Nov 20 06:20:55 UTC 2019
auto.tcl: Setting watchdog for 200 seconds at Wed Nov 20 06:20:55 UTC 2019
11 ms. Memory: 48128K Free: 23167K (48%)
ptolemy.util.test.WatchDog.cancel(): canceling Wed Nov 20 06:20:55 UTC 2019
------------------ testing $PTII/ptolemy/domains/de/test/auto/functionDependencyReconstruction.xml
auto.tcl: Setting watchdog for 200 seconds at Wed Nov 20 06:20:55 UTC 2019
7 ms. Memory: 48128K Free: 19019K (40%)
ptolemy.util.test.WatchDog.cancel(): canceling Wed Nov 20 06:20:55 UTC 2019
auto.tcl: Setting watchdog for 200 seconds at Wed Nov 20 06:20:55 UTC 2019
5 ms. Memory: 48128K Free: 17005K (35%)
ptolemy.util.test.WatchDog.cancel(): canceling Wed Nov 20 06:20:55 UTC 2019
------------------ testing $PTII/ptolemy/domains/de/test/auto/multirate.xml
auto.tcl: Setting watchdog for 200 seconds at Wed Nov 20 06:20:55 UTC 2019
5 ms. Memory: 48128K Free: 27835K (58%)
ptolemy.util.test.WatchDog.cancel(): canceling Wed Nov 20 06:20:55 UTC 2019
auto.tcl: Setting watchdog for 200 seconds at Wed Nov 20 06:20:55 UTC 2019
4 ms. Memory: 48128K Free: 26138K (54%)
ptolemy.util.test.WatchDog.cancel(): canceling Wed Nov 20 06:20:55 UTC 2019
------------------ testing $PTII/ptolemy/domains/de/test/auto/multirate2.xml
auto.tcl: Setting watchdog for 200 seconds at Wed Nov 20 06:20:55 UTC 2019
4 ms. Memory: 48128K Free: 27784K (58%)
ptolemy.util.test.WatchDog.cancel(): canceling Wed Nov 20 06:20:55 UTC 2019
auto.tcl: Setting watchdog for 200 seconds at Wed Nov 20 06:20:55 UTC 2019
3 ms. Memory: 48128K Free: 26283K (55%)
ptolemy.util.test.WatchDog.cancel(): canceling Wed Nov 20 06:20:55 UTC 2019
------------------ testing $PTII/ptolemy/domains/de/test/auto/realtime.xml
auto.tcl: Setting watchdog for 200 seconds at Wed Nov 20 06:20:55 UTC 2019
10002 ms. Memory: 48128K Free: 30058K (62%)
ptolemy.util.test.WatchDog.cancel(): canceling Wed Nov 20 06:21:05 UTC 2019
auto.tcl: Setting watchdog for 200 seconds at Wed Nov 20 06:21:05 UTC 2019
10001 ms. Memory: 48128K Free: 29320K (61%)
ptolemy.util.test.WatchDog.cancel(): canceling Wed Nov 20 06:21:15 UTC 2019
------------------ testing $PTII/ptolemy/domains/de/test/auto/relationGroup.xml
auto.tcl: Setting watchdog for 200 seconds at Wed Nov 20 06:21:15 UTC 2019
2 ms. Memory: 48128K Free: 31114K (65%)
ptolemy.util.test.WatchDog.cancel(): canceling Wed Nov 20 06:21:15 UTC 2019
auto.tcl: Setting watchdog for 200 seconds at Wed Nov 20 06:21:15 UTC 2019
1 ms. Memory: 48128K Free: 30619K (64%)
ptolemy.util.test.WatchDog.cancel(): canceling Wed Nov 20 06:21:15 UTC 2019
------------------ testing $PTII/ptolemy/domains/de/test/auto/relationGroup2.xml
auto.tcl: Setting watchdog for 200 seconds at Wed Nov 20 06:21:15 UTC 2019
2 ms. Memory: 48128K Free: 30874K (64%)
ptolemy.util.test.WatchDog.cancel(): canceling Wed Nov 20 06:21:15 UTC 2019
auto.tcl: Setting watchdog for 200 seconds at Wed Nov 20 06:21:15 UTC 2019
2 ms. Memory: 48128K Free: 29930K (62%)
ptolemy.util.test.WatchDog.cancel(): canceling Wed Nov 20 06:21:15 UTC 2019
------------------ testing $PTII/ptolemy/domains/de/test/auto/sortWithOpaquePorts.xml
auto.tcl: Setting watchdog for 200 seconds at Wed Nov 20 06:21:15 UTC 2019
2 ms. Memory: 48128K Free: 30394K (63%)
ptolemy.util.test.WatchDog.cancel(): canceling Wed Nov 20 06:21:15 UTC 2019
auto.tcl: Setting watchdog for 200 seconds at Wed Nov 20 06:21:15 UTC 2019
2 ms. Memory: 48128K Free: 28889K (60%)
ptolemy.util.test.WatchDog.cancel(): canceling Wed Nov 20 06:21:15 UTC 2019
------------------ testing $PTII/ptolemy/domains/de/test/auto/transferInputsandOutputs.xml
auto.tcl: Setting watchdog for 200 seconds at Wed Nov 20 06:21:15 UTC 2019
2 ms. Memory: 48128K Free: 27310K (57%)
ptolemy.util.test.WatchDog.cancel(): canceling Wed Nov 20 06:21:15 UTC 2019
auto.tcl: Setting watchdog for 200 seconds at Wed Nov 20 06:21:15 UTC 2019
2 ms. Memory: 48128K Free: 26355K (55%)
ptolemy.util.test.WatchDog.cancel(): canceling Wed Nov 20 06:21:15 UTC 2019
------------------ testing $PTII/ptolemy/domains/de/test/auto/triggerType.xml
auto.tcl: Setting watchdog for 200 seconds at Wed Nov 20 06:21:16 UTC 2019
1 ms. Memory: 48128K Free: 30335K (63%)
ptolemy.util.test.WatchDog.cancel(): canceling Wed Nov 20 06:21:16 UTC 2019
auto.tcl: Setting watchdog for 200 seconds at Wed Nov 20 06:21:16 UTC 2019
2 ms. Memory: 48128K Free: 29364K (61%)
ptolemy.util.test.WatchDog.cancel(): canceling Wed Nov 20 06:21:16 UTC 2019
11/20/19 06:21:16
Failed: 0  Total Tests: 192  ((Passed: 187, Newly Passed: 1)  Known Failed: 5) /home/travis/build/icyphy/ptII/ptolemy/domains/de/test
11/20/19 06:21:16
Failed: 0  Total Tests: 192  ((Passed: 187, Newly Passed: 1)  Known Failed: 5) /home/travis/build/icyphy/ptII/ptolemy/domains/de/test
----------------- testing (KnownFailure) /home/travis/build/icyphy/ptII/ptolemy/domains/de/test/auto/knownFailedTests/DESDFClockTest.xml
2011 ms. Memory: 48128K Free: 23730K (49%)
Known Failure: java.lang.reflect.InvocationTargetException
----------------- testing (KnownFailure) /home/travis/build/icyphy/ptII/ptolemy/domains/de/test/auto/knownFailedTests/DirectFeedback.xml
2 ms. Memory: 48128K Free: 19634K (41%)
Known Failure: java.lang.reflect.InvocationTargetException
----------------- testing (KnownFailure) /home/travis/build/icyphy/ptII/ptolemy/domains/de/test/auto/knownFailedTests/FSMSource.xml
8 ms. Memory: 48128K Free: 11956K (25%)
----------------- testing (KnownFailure) /home/travis/build/icyphy/ptII/ptolemy/domains/de/test/auto/knownFailedTests/HierarchicalModel.xml
4 ms. Memory: 48128K Free: 23102K (48%)
Known Failure: java.lang.reflect.InvocationTargetException
----------------- testing (KnownFailure) /home/travis/build/icyphy/ptII/ptolemy/domains/de/test/auto/knownFailedTests/dependencyLoop.xml
3 ms. Memory: 48128K Free: 8054K (17%)
Known Failure: java.lang.reflect.InvocationTargetException
----------------- testing (KnownFailure) /home/travis/build/icyphy/ptII/ptolemy/domains/de/test/auto/knownFailedTests/dependencyLoop2.xml
9 ms. Memory: 48128K Free: 20379K (42%)
Known Failure: java.lang.reflect.InvocationTargetException
No auto/linux-amd64/*.xml tests in /home/travis/build/icyphy/ptII/ptolemy/domains/de/test
AutoTests.java: About to close Vertx.
AutoTests.java: Vertx closed.

===========================================================================================
----------------- testing Wed Nov 20 06:21:18 UTC 2019 /home/travis/build/icyphy/ptII/ptolemy/domains/de/test/auto/ActorDepthCalculation_actorWithoutPorts.xml
----------------- Instantiating /home/travis/build/icyphy/ptII/ptolemy/domains/de/test/auto/ActorDepthCalculation_actorWithoutPorts.xml
2 ms. Memory: 48128K Free: 13517K (28%)
----------------- Invoking toplevel() on ptolemy.moml.MoMLSimpleApplication@3e4e2157
----------------- Done invoking toplevel() on ptolemy.moml.MoMLSimpleApplication@3e4e2157
reloadAllAccessors: .ActorDepthCalculation_actorWithoutPorts

===========================================================================================
----------------- testing Wed Nov 20 06:21:18 UTC 2019 /home/travis/build/icyphy/ptII/ptolemy/domains/de/test/auto/AssemblyLine.xml
----------------- Instantiating /home/travis/build/icyphy/ptII/ptolemy/domains/de/test/auto/AssemblyLine.xml
3 ms. Memory: 48128K Free: 33076K (69%)
----------------- Invoking toplevel() on ptolemy.moml.MoMLSimpleApplication@78f6dfd4
----------------- Done invoking toplevel() on ptolemy.moml.MoMLSimpleApplication@78f6dfd4
reloadAllAccessors: .AssemblyLine

===========================================================================================
----------------- testing Wed Nov 20 06:21:18 UTC 2019 /home/travis/build/icyphy/ptII/ptolemy/domains/de/test/auto/CQBug1.xml
----------------- Instantiating /home/travis/build/icyphy/ptII/ptolemy/domains/de/test/auto/CQBug1.xml
1 ms. Memory: 48128K Free: 30004K (62%)
----------------- Invoking toplevel() on ptolemy.moml.MoMLSimpleApplication@66c6fdaf
----------------- Done invoking toplevel() on ptolemy.moml.MoMLSimpleApplication@66c6fdaf
reloadAllAccessors: .CQBug1

===========================================================================================
----------------- testing Wed Nov 20 06:21:18 UTC 2019 /home/travis/build/icyphy/ptII/ptolemy/domains/de/test/auto/CancelFireAt.xml
----------------- Instantiating /home/travis/build/icyphy/ptII/ptolemy/domains/de/test/auto/CancelFireAt.xml
1 ms. Memory: 48128K Free: 27610K (57%)
----------------- Invoking toplevel() on ptolemy.moml.MoMLSimpleApplication@79c4c95e
----------------- Done invoking toplevel() on ptolemy.moml.MoMLSimpleApplication@79c4c95e
reloadAllAccessors: .CancelFireAt

===========================================================================================
----------------- testing Wed Nov 20 06:21:18 UTC 2019 /home/travis/build/icyphy/ptII/ptolemy/domains/de/test/auto/CausalityAndComposabilityAnalysis.xml
----------------- Instantiating /home/travis/build/icyphy/ptII/ptolemy/domains/de/test/auto/CausalityAndComposabilityAnalysis.xml
2 ms. Memory: 48128K Free: 23288K (48%)
----------------- Invoking toplevel() on ptolemy.moml.MoMLSimpleApplication@5136b810
----------------- Done invoking toplevel() on ptolemy.moml.MoMLSimpleApplication@5136b810
reloadAllAccessors: .CausalityAndComposabilityAnalysis

===========================================================================================
----------------- testing Wed Nov 20 06:21:18 UTC 2019 /home/travis/build/icyphy/ptII/ptolemy/domains/de/test/auto/CausalityInterface1.xml
----------------- Instantiating /home/travis/build/icyphy/ptII/ptolemy/domains/de/test/auto/CausalityInterface1.xml
6 ms. Memory: 48128K Free: 18190K (38%)
----------------- Invoking toplevel() on ptolemy.moml.MoMLSimpleApplication@62b19554
----------------- Done invoking toplevel() on ptolemy.moml.MoMLSimpleApplication@62b19554
reloadAllAccessors: .CausalityInterface1

===========================================================================================
----------------- testing Wed Nov 20 06:21:18 UTC 2019 /home/travis/build/icyphy/ptII/ptolemy/domains/de/test/auto/CausalityInterface15.xml
----------------- Instantiating /home/travis/build/icyphy/ptII/ptolemy/domains/de/test/auto/CausalityInterface15.xml
15 ms. Memory: 48128K Free: 12765K (27%)
----------------- Invoking toplevel() on ptolemy.moml.MoMLSimpleApplication@7d0b6c6
----------------- Done invoking toplevel() on ptolemy.moml.MoMLSimpleApplication@7d0b6c6
reloadAllAccessors: .CausalityInterface15

===========================================================================================
----------------- testing Wed Nov 20 06:21:18 UTC 2019 /home/travis/build/icyphy/ptII/ptolemy/domains/de/test/auto/CausalityInterface2.xml
----------------- Instantiating /home/travis/build/icyphy/ptII/ptolemy/domains/de/test/auto/CausalityInterface2.xml
2 ms. Memory: 48128K Free: 8210K (17%)
[...]
	at ptolemy.actor.Manager.run(Manager.java:1263)
	at ptolemy.actor.Manager$PtolemyRunThread.run(Manager.java:1933)
java.lang.RuntimeException: Execution failed
	at ptolemy.moml.MoMLSimpleApplication$UnloadThread.run(MoMLSimpleApplication.java:402)
Caused by: ptolemy.kernel.util.IllegalActionException: Actor is not ready to fire.  Perhaps UpSample.prefire() returned false? Try debugging the actor by selecting "Listen to Actor".  Also, for SDF check moml for tokenConsumptionRate on input.
  in .DESDFClockTest.Play Bell.Copy1:SDF Director and .DESDFClockTest.Play Bell.UpSample
	at ptolemy.actor.sched.StaticSchedulingDirector.fire(StaticSchedulingDirector.java:227)
	at ptolemy.domains.sdf.kernel.SDFDirector.fire(SDFDirector.java:500)
	at ptolemy.actor.CompositeActor.fire(CompositeActor.java:455)
	at ptolemy.domains.de.kernel.DEDirector._fire(DEDirector.java:1949)
	at ptolemy.domains.de.kernel.DEDirector.fire(DEDirector.java:502)
	at ptolemy.actor.CompositeActor.fire(CompositeActor.java:455)
	at ptolemy.actor.Manager.iterate(Manager.java:851)
	at ptolemy.actor.Manager.execute(Manager.java:369)
	at ptolemy.actor.Manager.run(Manager.java:1263)
	at ptolemy.actor.Manager$PtolemyRunThread.run(Manager.java:1933)
java.lang.reflect.InvocationTargetException
	at java.base/jdk.internal.reflect.NativeConstructorAccessorImpl.newInstance0(Native Method)
	at java.base/jdk.internal.reflect.NativeConstructorAccessorImpl.newInstance(NativeConstructorAccessorImpl.java:62)
	at java.base/jdk.internal.reflect.DelegatingConstructorAccessorImpl.newInstance(DelegatingConstructorAccessorImpl.java:45)
	at java.base/java.lang.reflect.Constructor.newInstance(Constructor.java:490)
	at ptolemy.util.test.junit.AutoKnownFailedTests.RunModel(AutoKnownFailedTests.java:105)
	at java.base/jdk.internal.reflect.NativeMethodAccessorImpl.invoke0(Native Method)
	at java.base/jdk.internal.reflect.NativeMethodAccessorImpl.invoke(NativeMethodAccessorImpl.java:62)
	at java.base/jdk.internal.reflect.DelegatingMethodAccessorImpl.invoke(DelegatingMethodAccessorImpl.java:43)
	at java.base/java.lang.reflect.Method.invoke(Method.java:566)
	at org.junit.runners.model.FrameworkMethod$1.runReflectiveCall(FrameworkMethod.java:44)
	at org.junit.internal.runners.model.ReflectiveCallable.run(ReflectiveCallable.java:15)
	at org.junit.runners.model.FrameworkMethod.invokeExplosively(FrameworkMethod.java:41)
	at junitparams.internal.InvokeParameterisedMethod.evaluate(InvokeParameterisedMethod.java:102)
	at org.junit.internal.runners.statements.FailOnTimeout$1.run(FailOnTimeout.java:28)
Caused by: ptolemy.kernel.util.IllegalActionException: Actor is not ready to fire.  Perhaps UpSample.prefire() returned false? Try debugging the actor by selecting "Listen to Actor".  Also, for SDF check moml for tokenConsumptionRate on input.
  in .DESDFClockTest.Play Bell.Copy1:SDF Director and .DESDFClockTest.Play Bell.UpSample
	at ptolemy.actor.sched.StaticSchedulingDirector.fire(StaticSchedulingDirector.java:227)
	at ptolemy.domains.sdf.kernel.SDFDirector.fire(SDFDirector.java:500)
	at ptolemy.actor.CompositeActor.fire(CompositeActor.java:455)
	at ptolemy.domains.de.kernel.DEDirector._fire(DEDirector.java:1949)
	at ptolemy.domains.de.kernel.DEDirector.fire(DEDirector.java:502)
	at ptolemy.actor.CompositeActor.fire(CompositeActor.java:455)
	at ptolemy.actor.Manager.iterate(Manager.java:851)
	at ptolemy.actor.Manager.execute(Manager.java:369)
	at ptolemy.actor.Manager.run(Manager.java:1263)
	at ptolemy.actor.Manager$PtolemyRunThread.run(Manager.java:1933)
java.lang.RuntimeException: Execution failed
	at ptolemy.moml.MoMLSimpleApplication$UnloadThread.run(MoMLSimpleApplication.java:402)
Caused by: ptolemy.kernel.util.IllegalActionException: Test fails in iteration 1.
Value was: 1.0. Should have been: 2.0
  in .DirectFeedback.Test
	at ptolemy.actor.lib.Test.fire(Test.java:268)
	at ptolemy.domains.de.kernel.DEDirector._fire(DEDirector.java:1949)
	at ptolemy.domains.de.kernel.DEDirector.fire(DEDirector.java:502)
	at ptolemy.actor.CompositeActor.fire(CompositeActor.java:455)
	at ptolemy.actor.Manager.iterate(Manager.java:851)
	at ptolemy.actor.Manager.execute(Manager.java:369)
	at ptolemy.actor.Manager.run(Manager.java:1263)
	at ptolemy.actor.Manager$PtolemyRunThread.run(Manager.java:1933)
java.lang.reflect.InvocationTargetException
	at java.base/jdk.internal.reflect.NativeConstructorAccessorImpl.newInstance0(Native Method)
	at java.base/jdk.internal.reflect.NativeConstructorAccessorImpl.newInstance(NativeConstructorAccessorImpl.java:62)
	at java.base/jdk.internal.reflect.DelegatingConstructorAccessorImpl.newInstance(DelegatingConstructorAccessorImpl.java:45)
	at java.base/java.lang.reflect.Constructor.newInstance(Constructor.java:490)
	at ptolemy.util.test.junit.AutoKnownFailedTests.RunModel(AutoKnownFailedTests.java:105)
	at java.base/jdk.internal.reflect.NativeMethodAccessorImpl.invoke0(Native Method)
	at java.base/jdk.internal.reflect.NativeMethodAccessorImpl.invoke(NativeMethodAccessorImpl.java:62)
	at java.base/jdk.internal.reflect.DelegatingMethodAccessorImpl.invoke(DelegatingMethodAccessorImpl.java:43)
	at java.base/java.lang.reflect.Method.invoke(Method.java:566)
	at org.junit.runners.model.FrameworkMethod$1.runReflectiveCall(FrameworkMethod.java:44)
	at org.junit.internal.runners.model.ReflectiveCallable.run(ReflectiveCallable.java:15)
	at org.junit.runners.model.FrameworkMethod.invokeExplosively(FrameworkMethod.java:41)
	at junitparams.internal.InvokeParameterisedMethod.evaluate(InvokeParameterisedMethod.java:102)
	at org.junit.internal.runners.statements.FailOnTimeout$1.run(FailOnTimeout.java:28)
Caused by: ptolemy.kernel.util.IllegalActionException: Test fails in iteration 1.
Value was: 1.0. Should have been: 2.0
  in .DirectFeedback.Test
	at ptolemy.actor.lib.Test.fire(Test.java:268)
	at ptolemy.domains.de.kernel.DEDirector._fire(DEDirector.java:1949)
	at ptolemy.domains.de.kernel.DEDirector.fire(DEDirector.java:502)
	at ptolemy.actor.CompositeActor.fire(CompositeActor.java:455)
	at ptolemy.actor.Manager.iterate(Manager.java:851)
	at ptolemy.actor.Manager.execute(Manager.java:369)
	at ptolemy.actor.Manager.run(Manager.java:1263)
	at ptolemy.actor.Manager$PtolemyRunThread.run(Manager.java:1933)
java.lang.RuntimeException: Execution failed
	at ptolemy.moml.MoMLSimpleApplication$UnloadThread.run(MoMLSimpleApplication.java:402)
Caused by: ptolemy.kernel.util.IllegalActionException: Found a zero delay loop containing .HierarchicalModel.A
  in .HierarchicalModel and .HierarchicalModel.A
	at ptolemy.actor.util.CausalityInterfaceForComposites._computeOutputPortDepth(CausalityInterfaceForComposites.java:759)
	at ptolemy.actor.util.CausalityInterfaceForComposites._computeInputDepth(CausalityInterfaceForComposites.java:696)
	at ptolemy.actor.util.CausalityInterfaceForComposites._computeOutputPortDepth(CausalityInterfaceForComposites.java:765)
	at ptolemy.actor.util.CausalityInterfaceForComposites._computeInputDepth(CausalityInterfaceForComposites.java:696)
	at ptolemy.actor.util.CausalityInterfaceForComposites._computeOutputPortDepth(CausalityInterfaceForComposites.java:765)
	at ptolemy.actor.util.CausalityInterfaceForComposites._computeInputDepth(CausalityInterfaceForComposites.java:696)
	at ptolemy.actor.util.CausalityInterfaceForComposites._computeActorDepth(CausalityInterfaceForComposites.java:532)
	at ptolemy.actor.util.CausalityInterfaceForComposites.checkForCycles(CausalityInterfaceForComposites.java:96)
	at ptolemy.domains.de.kernel.DEDirector.preinitialize(DEDirector.java:1338)
	at ptolemy.actor.CompositeActor.preinitialize(CompositeActor.java:1828)
	at ptolemy.actor.Manager.preinitializeAndResolveTypes(Manager.java:1040)
	at ptolemy.actor.Manager.initialize(Manager.java:710)
	at ptolemy.actor.Manager.execute(Manager.java:356)
	at ptolemy.actor.Manager.run(Manager.java:1263)
	at ptolemy.actor.Manager$PtolemyRunThread.run(Manager.java:1933)
java.lang.reflect.InvocationTargetException
	at java.base/jdk.internal.reflect.NativeConstructorAccessorImpl.newInstance0(Native Method)
	at java.base/jdk.internal.reflect.NativeConstructorAccessorImpl.newInstance(NativeConstructorAccessorImpl.java:62)
	at java.base/jdk.internal.reflect.DelegatingConstructorAccessorImpl.newInstance(DelegatingConstructorAccessorImpl.java:45)
	at java.base/java.lang.reflect.Constructor.newInstance(Constructor.java:490)
	at ptolemy.util.test.junit.AutoKnownFailedTests.RunModel(AutoKnownFailedTests.java:105)
	at java.base/jdk.internal.reflect.NativeMethodAccessorImpl.invoke0(Native Method)
	at java.base/jdk.internal.reflect.NativeMethodAccessorImpl.invoke(NativeMethodAccessorImpl.java:62)
	at java.base/jdk.internal.reflect.DelegatingMethodAccessorImpl.invoke(DelegatingMethodAccessorImpl.java:43)
	at java.base/java.lang.reflect.Method.invoke(Method.java:566)
	at org.junit.runners.model.FrameworkMethod$1.runReflectiveCall(FrameworkMethod.java:44)
	at org.junit.internal.runners.model.ReflectiveCallable.run(ReflectiveCallable.java:15)
	at org.junit.runners.model.FrameworkMethod.invokeExplosively(FrameworkMethod.java:41)
	at junitparams.internal.InvokeParameterisedMethod.evaluate(InvokeParameterisedMethod.java:102)
	at org.junit.internal.runners.statements.FailOnTimeout$1.run(FailOnTimeout.java:28)
Caused by: ptolemy.kernel.util.IllegalActionException: Found a zero delay loop containing .HierarchicalModel.A
  in .HierarchicalModel and .HierarchicalModel.A
	at ptolemy.actor.util.CausalityInterfaceForComposites._computeOutputPortDepth(CausalityInterfaceForComposites.java:759)
	at ptolemy.actor.util.CausalityInterfaceForComposites._computeInputDepth(CausalityInterfaceForComposites.java:696)
	at ptolemy.actor.util.CausalityInterfaceForComposites._computeOutputPortDepth(CausalityInterfaceForComposites.java:765)
	at ptolemy.actor.util.CausalityInterfaceForComposites._computeInputDepth(CausalityInterfaceForComposites.java:696)
	at ptolemy.actor.util.CausalityInterfaceForComposites._computeOutputPortDepth(CausalityInterfaceForComposites.java:765)
	at ptolemy.actor.util.CausalityInterfaceForComposites._computeInputDepth(CausalityInterfaceForComposites.java:696)
	at ptolemy.actor.util.CausalityInterfaceForComposites._computeActorDepth(CausalityInterfaceForComposites.java:532)
	at ptolemy.actor.util.CausalityInterfaceForComposites.checkForCycles(CausalityInterfaceForComposites.java:96)
	at ptolemy.domains.de.kernel.DEDirector.preinitialize(DEDirector.java:1338)
	at ptolemy.actor.CompositeActor.preinitialize(CompositeActor.java:1828)
	at ptolemy.actor.Manager.preinitializeAndResolveTypes(Manager.java:1040)
	at ptolemy.actor.Manager.initialize(Manager.java:710)
	at ptolemy.actor.Manager.execute(Manager.java:356)
	at ptolemy.actor.Manager.run(Manager.java:1263)
	at ptolemy.actor.Manager$PtolemyRunThread.run(Manager.java:1933)
java.lang.RuntimeException: Execution failed
	at ptolemy.moml.MoMLSimpleApplication$UnloadThread.run(MoMLSimpleApplication.java:402)
Caused by: ptolemy.kernel.util.IllegalActionException: Found a zero delay loop containing .dependencyLoop.original
  in .dependencyLoop and .dependencyLoop.original
	at ptolemy.actor.util.CausalityInterfaceForComposites._computeOutputPortDepth(CausalityInterfaceForComposites.java:759)
	at ptolemy.actor.util.CausalityInterfaceForComposites._computeInputDepth(CausalityInterfaceForComposites.java:696)
	at ptolemy.actor.util.CausalityInterfaceForComposites._computeOutputPortDepth(CausalityInterfaceForComposites.java:765)
	at ptolemy.actor.util.CausalityInterfaceForComposites._computeInputDepth(CausalityInterfaceForComposites.java:696)
	at ptolemy.actor.util.CausalityInterfaceForComposites._computeOutputPortDepth(CausalityInterfaceForComposites.java:765)
	at ptolemy.actor.util.CausalityInterfaceForComposites._computeInputDepth(CausalityInterfaceForComposites.java:696)
	at ptolemy.actor.util.CausalityInterfaceForComposites._computeActorDepth(CausalityInterfaceForComposites.java:532)
	at ptolemy.actor.util.CausalityInterfaceForComposites.checkForCycles(CausalityInterfaceForComposites.java:96)
	at ptolemy.domains.de.kernel.DEDirector.preinitialize(DEDirector.java:1338)
	at ptolemy.actor.CompositeActor.preinitialize(CompositeActor.java:1828)
	at ptolemy.actor.Manager.preinitializeAndResolveTypes(Manager.java:1040)
	at ptolemy.actor.Manager.initialize(Manager.java:710)
	at ptolemy.actor.Manager.execute(Manager.java:356)
	at ptolemy.actor.Manager.run(Manager.java:1263)
	at ptolemy.actor.Manager$PtolemyRunThread.run(Manager.java:1933)
java.lang.reflect.InvocationTargetException
	at java.base/jdk.internal.reflect.NativeConstructorAccessorImpl.newInstance0(Native Method)
	at java.base/jdk.internal.reflect.NativeConstructorAccessorImpl.newInstance(NativeConstructorAccessorImpl.java:62)
	at java.base/jdk.internal.reflect.DelegatingConstructorAccessorImpl.newInstance(DelegatingConstructorAccessorImpl.java:45)
	at java.base/java.lang.reflect.Constructor.newInstance(Constructor.java:490)
	at ptolemy.util.test.junit.AutoKnownFailedTests.RunModel(AutoKnownFailedTests.java:105)
	at java.base/jdk.internal.reflect.NativeMethodAccessorImpl.invoke0(Native Method)
	at java.base/jdk.internal.reflect.NativeMethodAccessorImpl.invoke(NativeMethodAccessorImpl.java:62)
	at java.base/jdk.internal.reflect.DelegatingMethodAccessorImpl.invoke(DelegatingMethodAccessorImpl.java:43)
	at java.base/java.lang.reflect.Method.invoke(Method.java:566)
	at org.junit.runners.model.FrameworkMethod$1.runReflectiveCall(FrameworkMethod.java:44)
	at org.junit.internal.runners.model.ReflectiveCallable.run(ReflectiveCallable.java:15)
	at org.junit.runners.model.FrameworkMethod.invokeExplosively(FrameworkMethod.java:41)
	at junitparams.internal.InvokeParameterisedMethod.evaluate(InvokeParameterisedMethod.java:102)
	at org.junit.internal.runners.statements.FailOnTimeout$1.run(FailOnTimeout.java:28)
Caused by: ptolemy.kernel.util.IllegalActionException: Found a zero delay loop containing .dependencyLoop.original
  in .dependencyLoop and .dependencyLoop.original
	at ptolemy.actor.util.CausalityInterfaceForComposites._computeOutputPortDepth(CausalityInterfaceForComposites.java:759)
	at ptolemy.actor.util.CausalityInterfaceForComposites._computeInputDepth(CausalityInterfaceForComposites.java:696)
	at ptolemy.actor.util.CausalityInterfaceForComposites._computeOutputPortDepth(CausalityInterfaceForComposites.java:765)
	at ptolemy.actor.util.CausalityInterfaceForComposites._computeInputDepth(CausalityInterfaceForComposites.java:696)
	at ptolemy.actor.util.CausalityInterfaceForComposites._computeOutputPortDepth(CausalityInterfaceForComposites.java:765)
	at ptolemy.actor.util.CausalityInterfaceForComposites._computeInputDepth(CausalityInterfaceForComposites.java:696)
	at ptolemy.actor.util.CausalityInterfaceForComposites._computeActorDepth(CausalityInterfaceForComposites.java:532)
	at ptolemy.actor.util.CausalityInterfaceForComposites.checkForCycles(CausalityInterfaceForComposites.java:96)
	at ptolemy.domains.de.kernel.DEDirector.preinitialize(DEDirector.java:1338)
	at ptolemy.actor.CompositeActor.preinitialize(CompositeActor.java:1828)
	at ptolemy.actor.Manager.preinitializeAndResolveTypes(Manager.java:1040)
	at ptolemy.actor.Manager.initialize(Manager.java:710)
	at ptolemy.actor.Manager.execute(Manager.java:356)
	at ptolemy.actor.Manager.run(Manager.java:1263)
	at ptolemy.actor.Manager$PtolemyRunThread.run(Manager.java:1933)
java.lang.RuntimeException: Execution failed
	at ptolemy.moml.MoMLSimpleApplication$UnloadThread.run(MoMLSimpleApplication.java:402)
Caused by: ptolemy.kernel.util.IllegalActionException: Found a zero delay loop containing .dependencyLoop2.original
  in .dependencyLoop2 and .dependencyLoop2.original
	at ptolemy.actor.util.CausalityInterfaceForComposites._computeOutputPortDepth(CausalityInterfaceForComposites.java:759)
	at ptolemy.actor.util.CausalityInterfaceForComposites._computeInputDepth(CausalityInterfaceForComposites.java:696)
	at ptolemy.actor.util.CausalityInterfaceForComposites._computeOutputPortDepth(CausalityInterfaceForComposites.java:765)
	at ptolemy.actor.util.CausalityInterfaceForComposites._computeInputDepth(CausalityInterfaceForComposites.java:696)
	at ptolemy.actor.util.CausalityInterfaceForComposites._computeOutputPortDepth(CausalityInterfaceForComposites.java:765)
	at ptolemy.actor.util.CausalityInterfaceForComposites._computeInputDepth(CausalityInterfaceForComposites.java:696)
	at ptolemy.actor.util.CausalityInterfaceForComposites._computeActorDepth(CausalityInterfaceForComposites.java:532)
	at ptolemy.actor.util.CausalityInterfaceForComposites.checkForCycles(CausalityInterfaceForComposites.java:96)
	at ptolemy.domains.de.kernel.DEDirector.preinitialize(DEDirector.java:1338)
	at ptolemy.actor.CompositeActor.preinitialize(CompositeActor.java:1828)
	at ptolemy.actor.Manager.preinitializeAndResolveTypes(Manager.java:1040)
	at ptolemy.actor.Manager.initialize(Manager.java:710)
	at ptolemy.actor.Manager.execute(Manager.java:356)
	at ptolemy.actor.Manager.run(Manager.java:1263)
	at ptolemy.actor.Manager$PtolemyRunThread.run(Manager.java:1933)
java.lang.reflect.InvocationTargetException
	at java.base/jdk.internal.reflect.NativeConstructorAccessorImpl.newInstance0(Native Method)
	at java.base/jdk.internal.reflect.NativeConstructorAccessorImpl.newInstance(NativeConstructorAccessorImpl.java:62)
	at java.base/jdk.internal.reflect.DelegatingConstructorAccessorImpl.newInstance(DelegatingConstructorAccessorImpl.java:45)
	at java.base/java.lang.reflect.Constructor.newInstance(Constructor.java:490)
	at ptolemy.util.test.junit.AutoKnownFailedTests.RunModel(AutoKnownFailedTests.java:105)
	at java.base/jdk.internal.reflect.NativeMethodAccessorImpl.invoke0(Native Method)
	at java.base/jdk.internal.reflect.NativeMethodAccessorImpl.invoke(NativeMethodAccessorImpl.java:62)
	at java.base/jdk.internal.reflect.DelegatingMethodAccessorImpl.invoke(DelegatingMethodAccessorImpl.java:43)
	at java.base/java.lang.reflect.Method.invoke(Method.java:566)
	at org.junit.runners.model.FrameworkMethod$1.runReflectiveCall(FrameworkMethod.java:44)
	at org.junit.internal.runners.model.ReflectiveCallable.run(ReflectiveCallable.java:15)
	at org.junit.runners.model.FrameworkMethod.invokeExplosively(FrameworkMethod.java:41)
	at junitparams.internal.InvokeParameterisedMethod.evaluate(InvokeParameterisedMethod.java:102)
	at org.junit.internal.runners.statements.FailOnTimeout$1.run(FailOnTimeout.java:28)
Caused by: ptolemy.kernel.util.IllegalActionException: Found a zero delay loop containing .dependencyLoop2.original
  in .dependencyLoop2 and .dependencyLoop2.original
	at ptolemy.actor.util.CausalityInterfaceForComposites._computeOutputPortDepth(CausalityInterfaceForComposites.java:759)
	at ptolemy.actor.util.CausalityInterfaceForComposites._computeInputDepth(CausalityInterfaceForComposites.java:696)
	at ptolemy.actor.util.CausalityInterfaceForComposites._computeOutputPortDepth(CausalityInterfaceForComposites.java:765)
	at ptolemy.actor.util.CausalityInterfaceForComposites._computeInputDepth(CausalityInterfaceForComposites.java:696)
	at ptolemy.actor.util.CausalityInterfaceForComposites._computeOutputPortDepth(CausalityInterfaceForComposites.java:765)
	at ptolemy.actor.util.CausalityInterfaceForComposites._computeInputDepth(CausalityInterfaceForComposites.java:696)
	at ptolemy.actor.util.CausalityInterfaceForComposites._computeActorDepth(CausalityInterfaceForComposites.java:532)
	at ptolemy.actor.util.CausalityInterfaceForComposites.checkForCycles(CausalityInterfaceForComposites.java:96)
	at ptolemy.domains.de.kernel.DEDirector.preinitialize(DEDirector.java:1338)
	at ptolemy.actor.CompositeActor.preinitialize(CompositeActor.java:1828)
	at ptolemy.actor.Manager.preinitializeAndResolveTypes(Manager.java:1040)
	at ptolemy.actor.Manager.initialize(Manager.java:710)
	at ptolemy.actor.Manager.execute(Manager.java:356)
	at ptolemy.actor.Manager.run(Manager.java:1263)
	at ptolemy.actor.Manager$PtolemyRunThread.run(Manager.java:1933)
]]></system-err>
</testsuite>
