<?xml version="1.0" encoding="UTF-8" ?>
<testsuite errors="0" failures="0" hostname="travis-job-75e2da14-d73c-44a7-8208-a48ab4ff6a13" name="ptolemy.domains.de.test.junit.JUnitTclTest" skipped="0" tests="101" time="129.838" timestamp="2019-05-03T04:13:00">
  <properties>
[...]
</properties>
  <testcase classname="ptolemy.util.test.junit.TclTests" name="[0] /home/travis/build/icyphy/ptII/ptolemy/domains/de/test/DependencyLoop.tcl (RunTclFile)" time="0.792" />
  <testcase classname="ptolemy.util.test.junit.TclTests" name="[1] /home/travis/build/icyphy/ptII/ptolemy/domains/de/test/RunDETestsAsQSS.tcl (RunTclFile)" time="89.132" />
  <testcase classname="ptolemy.util.test.junit.AutoKnownFailedTests" name="[0] /home/travis/build/icyphy/ptII/ptolemy/domains/de/test/auto/knownFailedTests/DESDFClockTest.xml (RunModel)" time="2.047" />
  <testcase classname="ptolemy.util.test.junit.AutoKnownFailedTests" name="[1] /home/travis/build/icyphy/ptII/ptolemy/domains/de/test/auto/knownFailedTests/DirectFeedback.xml (RunModel)" time="0.021" />
  <testcase classname="ptolemy.util.test.junit.AutoKnownFailedTests" name="[2] /home/travis/build/icyphy/ptII/ptolemy/domains/de/test/auto/knownFailedTests/FSMSource.xml (RunModel)" time="0.022" />
  <testcase classname="ptolemy.util.test.junit.AutoKnownFailedTests" name="[3] /home/travis/build/icyphy/ptII/ptolemy/domains/de/test/auto/knownFailedTests/HierarchicalModel.xml (RunModel)" time="0.036" />
  <testcase classname="ptolemy.util.test.junit.AutoKnownFailedTests" name="[4] /home/travis/build/icyphy/ptII/ptolemy/domains/de/test/auto/knownFailedTests/dependencyLoop.xml (RunModel)" time="0.034" />
  <testcase classname="ptolemy.util.test.junit.AutoKnownFailedTests" name="[5] /home/travis/build/icyphy/ptII/ptolemy/domains/de/test/auto/knownFailedTests/dependencyLoop2.xml (RunModel)" time="0.039" />
  <testcase classname="ptolemy.util.test.junit.AutoNameArchTests" name="[0] ThereAreNoAutoArchTests (RunModel)" time="0.001" />
  <testcase classname="ptolemy.util.test.junit.AutoTests" name="[0] /home/travis/build/icyphy/ptII/ptolemy/domains/de/test/auto/ActorDepthCalculation_actorWithoutPorts.xml (RunModel)" time="0.017" />
  <testcase classname="ptolemy.util.test.junit.AutoTests" name="[1] /home/travis/build/icyphy/ptII/ptolemy/domains/de/test/auto/AssemblyLine.xml (RunModel)" time="0.023" />
  <testcase classname="ptolemy.util.test.junit.AutoTests" name="[2] /home/travis/build/icyphy/ptII/ptolemy/domains/de/test/auto/CQBug1.xml (RunModel)" time="0.013" />
  <testcase classname="ptolemy.util.test.junit.AutoTests" name="[3] /home/travis/build/icyphy/ptII/ptolemy/domains/de/test/auto/CancelFireAt.xml (RunModel)" time="0.013" />
  <testcase classname="ptolemy.util.test.junit.AutoTests" name="[4] /home/travis/build/icyphy/ptII/ptolemy/domains/de/test/auto/CausalityAndComposabilityAnalysis.xml (RunModel)" time="0.012" />
  <testcase classname="ptolemy.util.test.junit.AutoTests" name="[5] /home/travis/build/icyphy/ptII/ptolemy/domains/de/test/auto/CausalityInterface1.xml (RunModel)" time="0.015" />
  <testcase classname="ptolemy.util.test.junit.AutoTests" name="[6] /home/travis/build/icyphy/ptII/ptolemy/domains/de/test/auto/CausalityInterface15.xml (RunModel)" time="0.019" />
  <testcase classname="ptolemy.util.test.junit.AutoTests" name="[7] /home/travis/build/icyphy/ptII/ptolemy/domains/de/test/auto/CausalityInterface2.xml (RunModel)" time="0.012" />
  <testcase classname="ptolemy.util.test.junit.AutoTests" name="[8] /home/travis/build/icyphy/ptII/ptolemy/domains/de/test/auto/CausalityInterface3.xml (RunModel)" time="0.012" />
  <testcase classname="ptolemy.util.test.junit.AutoTests" name="[9] /home/travis/build/icyphy/ptII/ptolemy/domains/de/test/auto/ClockDrift.xml (RunModel)" time="0.033" />
  <testcase classname="ptolemy.util.test.junit.AutoTests" name="[10] /home/travis/build/icyphy/ptII/ptolemy/domains/de/test/auto/ClockDriftAndValueChange.xml (RunModel)" time="0.03" />
  <testcase classname="ptolemy.util.test.junit.AutoTests" name="[11] /home/travis/build/icyphy/ptII/ptolemy/domains/de/test/auto/ClockDriftChange.xml (RunModel)" time="0.026" />
  <testcase classname="ptolemy.util.test.junit.AutoTests" name="[12] /home/travis/build/icyphy/ptII/ptolemy/domains/de/test/auto/ComposableCausalityAnalysis.xml (RunModel)" time="0.017" />
  <testcase classname="ptolemy.util.test.junit.AutoTests" name="[13] /home/travis/build/icyphy/ptII/ptolemy/domains/de/test/auto/DEFixedPointLimitation.xml (RunModel)" time="0.009" />
  <testcase classname="ptolemy.util.test.junit.AutoTests" name="[14] /home/travis/build/icyphy/ptII/ptolemy/domains/de/test/auto/DEScheduleTest.xml (RunModel)" time="0.01" />
  <testcase classname="ptolemy.util.test.junit.AutoTests" name="[15] /home/travis/build/icyphy/ptII/ptolemy/domains/de/test/auto/DEinDEwithStartTimes.xml (RunModel)" time="0.013" />
  <testcase classname="ptolemy.util.test.junit.AutoTests" name="[16] /home/travis/build/icyphy/ptII/ptolemy/domains/de/test/auto/DEinDEwithStartTimes2.xml (RunModel)" time="0.013" />
  <testcase classname="ptolemy.util.test.junit.AutoTests" name="[17] /home/travis/build/icyphy/ptII/ptolemy/domains/de/test/auto/DateDemo.xml (RunModel)" time="0.026" />
  <testcase classname="ptolemy.util.test.junit.AutoTests" name="[18] /home/travis/build/icyphy/ptII/ptolemy/domains/de/test/auto/DateToEvent.xml (RunModel)" time="2.041" />
  <testcase classname="ptolemy.util.test.junit.AutoTests" name="[19] /home/travis/build/icyphy/ptII/ptolemy/domains/de/test/auto/DepthTest1.xml (RunModel)" time="0.008" />
  <testcase classname="ptolemy.util.test.junit.AutoTests" name="[20] /home/travis/build/icyphy/ptII/ptolemy/domains/de/test/auto/DepthTest2.xml (RunModel)" time="0.017" />
  <testcase classname="ptolemy.util.test.junit.AutoTests" name="[21] /home/travis/build/icyphy/ptII/ptolemy/domains/de/test/auto/DepthTest3.xml (RunModel)" time="0.007" />
  <testcase classname="ptolemy.util.test.junit.AutoTests" name="[22] /home/travis/build/icyphy/ptII/ptolemy/domains/de/test/auto/DepthTest4.xml (RunModel)" time="0.012" />
  <testcase classname="ptolemy.util.test.junit.AutoTests" name="[23] /home/travis/build/icyphy/ptII/ptolemy/domains/de/test/auto/DepthTest5.xml (RunModel)" time="0.014" />
  <testcase classname="ptolemy.util.test.junit.AutoTests" name="[24] /home/travis/build/icyphy/ptII/ptolemy/domains/de/test/auto/DepthTest6.xml (RunModel)" time="0.012" />
  <testcase classname="ptolemy.util.test.junit.AutoTests" name="[25] /home/travis/build/icyphy/ptII/ptolemy/domains/de/test/auto/DepthTest7.xml (RunModel)" time="0.011" />
  <testcase classname="ptolemy.util.test.junit.AutoTests" name="[26] /home/travis/build/icyphy/ptII/ptolemy/domains/de/test/auto/EventToDate.xml (RunModel)" time="3.032" />
  <testcase classname="ptolemy.util.test.junit.AutoTests" name="[27] /home/travis/build/icyphy/ptII/ptolemy/domains/de/test/auto/FSM1.xml (RunModel)" time="0.044" />
  <testcase classname="ptolemy.util.test.junit.AutoTests" name="[28] /home/travis/build/icyphy/ptII/ptolemy/domains/de/test/auto/FSM7.xml (RunModel)" time="0.057" />
  <testcase classname="ptolemy.util.test.junit.AutoTests" name="[29] /home/travis/build/icyphy/ptII/ptolemy/domains/de/test/auto/Inspection.xml (RunModel)" time="0.036" />
  <testcase classname="ptolemy.util.test.junit.AutoTests" name="[30] /home/travis/build/icyphy/ptII/ptolemy/domains/de/test/auto/Iteration.xml (RunModel)" time="0.013" />
  <testcase classname="ptolemy.util.test.junit.AutoTests" name="[31] /home/travis/build/icyphy/ptII/ptolemy/domains/de/test/auto/LineFault.xml (RunModel)" time="0.478" />
  <testcase classname="ptolemy.util.test.junit.AutoTests" name="[32] /home/travis/build/icyphy/ptII/ptolemy/domains/de/test/auto/MergeModel1Add.xml (RunModel)" time="0.04" />
  <testcase classname="ptolemy.util.test.junit.AutoTests" name="[33] /home/travis/build/icyphy/ptII/ptolemy/domains/de/test/auto/MergeModel2Add.xml (RunModel)" time="0.032" />
  <testcase classname="ptolemy.util.test.junit.AutoTests" name="[34] /home/travis/build/icyphy/ptII/ptolemy/domains/de/test/auto/MergeModel3Add.xml (RunModel)" time="0.038" />
  <testcase classname="ptolemy.util.test.junit.AutoTests" name="[35] /home/travis/build/icyphy/ptII/ptolemy/domains/de/test/auto/MergeWithoutDiscard.xml (RunModel)" time="0.009" />
  <testcase classname="ptolemy.util.test.junit.AutoTests" name="[36] /home/travis/build/icyphy/ptII/ptolemy/domains/de/test/auto/Modal1.xml (RunModel)" time="0.025" />
  <testcase classname="ptolemy.util.test.junit.AutoTests" name="[37] /home/travis/build/icyphy/ptII/ptolemy/domains/de/test/auto/Modal2.xml (RunModel)" time="0.025" />
  <testcase classname="ptolemy.util.test.junit.AutoTests" name="[38] /home/travis/build/icyphy/ptII/ptolemy/domains/de/test/auto/Modal3.xml (RunModel)" time="0.027" />
  <testcase classname="ptolemy.util.test.junit.AutoTests" name="[39] /home/travis/build/icyphy/ptII/ptolemy/domains/de/test/auto/Modal4.xml (RunModel)" time="0.031" />
  <testcase classname="ptolemy.util.test.junit.AutoTests" name="[40] /home/travis/build/icyphy/ptII/ptolemy/domains/de/test/auto/Modal5.xml (RunModel)" time="0.028" />
  <testcase classname="ptolemy.util.test.junit.AutoTests" name="[41] /home/travis/build/icyphy/ptII/ptolemy/domains/de/test/auto/Modal6.xml (RunModel)" time="0.029" />
  <testcase classname="ptolemy.util.test.junit.AutoTests" name="[42] /home/travis/build/icyphy/ptII/ptolemy/domains/de/test/auto/Modal7.xml (RunModel)" time="0.027" />
  <testcase classname="ptolemy.util.test.junit.AutoTests" name="[43] /home/travis/build/icyphy/ptII/ptolemy/domains/de/test/auto/ModalModel.xml (RunModel)" time="0.183" />
  <testcase classname="ptolemy.util.test.junit.AutoTests" name="[44] /home/travis/build/icyphy/ptII/ptolemy/domains/de/test/auto/ModalSource.xml (RunModel)" time="0.012" />
  <testcase classname="ptolemy.util.test.junit.AutoTests" name="[45] /home/travis/build/icyphy/ptII/ptolemy/domains/de/test/auto/NonInterruptibleTimerZeroDelay.xml (RunModel)" time="0.007" />
  <testcase classname="ptolemy.util.test.junit.AutoTests" name="[46] /home/travis/build/icyphy/ptII/ptolemy/domains/de/test/auto/OpenQueueingNetwork.xml (RunModel)" time="2.2" />
  <testcase classname="ptolemy.util.test.junit.AutoTests" name="[47] /home/travis/build/icyphy/ptII/ptolemy/domains/de/test/auto/OpenQueuingNetwork.xml (RunModel)" time="0.261" />
  <testcase classname="ptolemy.util.test.junit.AutoTests" name="[48] /home/travis/build/icyphy/ptII/ptolemy/domains/de/test/auto/PeriodicSampler.xml (RunModel)" time="0.007" />
  <testcase classname="ptolemy.util.test.junit.AutoTests" name="[49] /home/travis/build/icyphy/ptII/ptolemy/domains/de/test/auto/PersistentIO.xml (RunModel)" time="0.017" />
  <testcase classname="ptolemy.util.test.junit.AutoTests" name="[50] /home/travis/build/icyphy/ptII/ptolemy/domains/de/test/auto/PortParameterResetOnInitialize.xml (RunModel)" time="0.009" />
  <testcase classname="ptolemy.util.test.junit.AutoTests" name="[51] /home/travis/build/icyphy/ptII/ptolemy/domains/de/test/auto/PortParameterUpdates.xml (RunModel)" time="0.016" />
  <testcase classname="ptolemy.util.test.junit.AutoTests" name="[52] /home/travis/build/icyphy/ptII/ptolemy/domains/de/test/auto/QueueAndServer.xml (RunModel)" time="0.021" />
  <testcase classname="ptolemy.util.test.junit.AutoTests" name="[53] /home/travis/build/icyphy/ptII/ptolemy/domains/de/test/auto/Records.xml (RunModel)" time="0.02" />
  <testcase classname="ptolemy.util.test.junit.AutoTests" name="[54] /home/travis/build/icyphy/ptII/ptolemy/domains/de/test/auto/ResetTransitionWithStartTime1.xml (RunModel)" time="0.025" />
  <testcase classname="ptolemy.util.test.junit.AutoTests" name="[55] /home/travis/build/icyphy/ptII/ptolemy/domains/de/test/auto/ResetTransitionWithStartTime2.xml (RunModel)" time="0.016" />
  <testcase classname="ptolemy.util.test.junit.AutoTests" name="[56] /home/travis/build/icyphy/ptII/ptolemy/domains/de/test/auto/ResetTransitionWithStartTime3.xml (RunModel)" time="0.018" />
  <testcase classname="ptolemy.util.test.junit.AutoTests" name="[57] /home/travis/build/icyphy/ptII/ptolemy/domains/de/test/auto/ResetTransitionWithStartTime4.xml (RunModel)" time="0.021" />
  <testcase classname="ptolemy.util.test.junit.AutoTests" name="[58] /home/travis/build/icyphy/ptII/ptolemy/domains/de/test/auto/ResettableTimer1.xml (RunModel)" time="0.011" />
  <testcase classname="ptolemy.util.test.junit.AutoTests" name="[59] /home/travis/build/icyphy/ptII/ptolemy/domains/de/test/auto/ResettableTimer2.xml (RunModel)" time="0.01" />
  <testcase classname="ptolemy.util.test.junit.AutoTests" name="[60] /home/travis/build/icyphy/ptII/ptolemy/domains/de/test/auto/ResettableTimer3.xml (RunModel)" time="0.012" />
  <testcase classname="ptolemy.util.test.junit.AutoTests" name="[61] /home/travis/build/icyphy/ptII/ptolemy/domains/de/test/auto/ResettableTimer4.xml (RunModel)" time="0.015" />
  <testcase classname="ptolemy.util.test.junit.AutoTests" name="[62] /home/travis/build/icyphy/ptII/ptolemy/domains/de/test/auto/ResettableTimer5.xml (RunModel)" time="0.009" />
  <testcase classname="ptolemy.util.test.junit.AutoTests" name="[63] /home/travis/build/icyphy/ptII/ptolemy/domains/de/test/auto/ResettableTimer6.xml (RunModel)" time="0.025" />
  <testcase classname="ptolemy.util.test.junit.AutoTests" name="[64] /home/travis/build/icyphy/ptII/ptolemy/domains/de/test/auto/ServerZeroDelay.xml (RunModel)" time="0.012" />
  <testcase classname="ptolemy.util.test.junit.AutoTests" name="[65] /home/travis/build/icyphy/ptII/ptolemy/domains/de/test/auto/SmartSender.xml (RunModel)" time="3.009" />
  <testcase classname="ptolemy.util.test.junit.AutoTests" name="[66] /home/travis/build/icyphy/ptII/ptolemy/domains/de/test/auto/ThreadedComposite.xml (RunModel)" time="0.198" />
  <testcase classname="ptolemy.util.test.junit.AutoTests" name="[67] /home/travis/build/icyphy/ptII/ptolemy/domains/de/test/auto/Time.xml (RunModel)" time="0.427" />
  <testcase classname="ptolemy.util.test.junit.AutoTests" name="[68] /home/travis/build/icyphy/ptII/ptolemy/domains/de/test/auto/TimeDelayZeroDelay.xml (RunModel)" time="0.012" />
  <testcase classname="ptolemy.util.test.junit.AutoTests" name="[69] /home/travis/build/icyphy/ptII/ptolemy/domains/de/test/auto/TimerZeroDelay.xml (RunModel)" time="0.01" />
  <testcase classname="ptolemy.util.test.junit.AutoTests" name="[70] /home/travis/build/icyphy/ptII/ptolemy/domains/de/test/auto/TimingParadox.xml (RunModel)" time="0.339" />
  <testcase classname="ptolemy.util.test.junit.AutoTests" name="[71] /home/travis/build/icyphy/ptII/ptolemy/domains/de/test/auto/TransferInputs.xml (RunModel)" time="0.014" />
  <testcase classname="ptolemy.util.test.junit.AutoTests" name="[72] /home/travis/build/icyphy/ptII/ptolemy/domains/de/test/auto/TransferOutputs2.xml (RunModel)" time="0.015" />
  <testcase classname="ptolemy.util.test.junit.AutoTests" name="[73] /home/travis/build/icyphy/ptII/ptolemy/domains/de/test/auto/Trilateration.xml (RunModel)" time="11.695" />
  <testcase classname="ptolemy.util.test.junit.AutoTests" name="[74] /home/travis/build/icyphy/ptII/ptolemy/domains/de/test/auto/TwoSigmaDelta.xml (RunModel)" time="2.119" />
  <testcase classname="ptolemy.util.test.junit.AutoTests" name="[75] /home/travis/build/icyphy/ptII/ptolemy/domains/de/test/auto/VariableDelay.xml (RunModel)" time="0.013" />
  <testcase classname="ptolemy.util.test.junit.AutoTests" name="[76] /home/travis/build/icyphy/ptII/ptolemy/domains/de/test/auto/VariableDelay2.xml (RunModel)" time="0.012" />
  <testcase classname="ptolemy.util.test.junit.AutoTests" name="[77] /home/travis/build/icyphy/ptII/ptolemy/domains/de/test/auto/VariableDelayZeroDelay.xml (RunModel)" time="0.012" />
  <testcase classname="ptolemy.util.test.junit.AutoTests" name="[78] /home/travis/build/icyphy/ptII/ptolemy/domains/de/test/auto/VariableDelayZeroDelay2.xml (RunModel)" time="0.013" />
  <testcase classname="ptolemy.util.test.junit.AutoTests" name="[79] /home/travis/build/icyphy/ptII/ptolemy/domains/de/test/auto/deInCt.xml (RunModel)" time="0.017" />
  <testcase classname="ptolemy.util.test.junit.AutoTests" name="[80] /home/travis/build/icyphy/ptII/ptolemy/domains/de/test/auto/deInCt2.xml (RunModel)" time="0.014" />
  <testcase classname="ptolemy.util.test.junit.AutoTests" name="[81] /home/travis/build/icyphy/ptII/ptolemy/domains/de/test/auto/dynamicCausalityInterface1.xml (RunModel)" time="0.019" />
  <testcase classname="ptolemy.util.test.junit.AutoTests" name="[82] /home/travis/build/icyphy/ptII/ptolemy/domains/de/test/auto/fsm_de_test.xml (RunModel)" time="0.026" />
  <testcase classname="ptolemy.util.test.junit.AutoTests" name="[83] /home/travis/build/icyphy/ptII/ptolemy/domains/de/test/auto/functionDependencyReconstruction.xml (RunModel)" time="0.035" />
  <testcase classname="ptolemy.util.test.junit.AutoTests" name="[84] /home/travis/build/icyphy/ptII/ptolemy/domains/de/test/auto/multirate.xml (RunModel)" time="0.018" />
  <testcase classname="ptolemy.util.test.junit.AutoTests" name="[85] /home/travis/build/icyphy/ptII/ptolemy/domains/de/test/auto/multirate2.xml (RunModel)" time="0.019" />
  <testcase classname="ptolemy.util.test.junit.AutoTests" name="[86] /home/travis/build/icyphy/ptII/ptolemy/domains/de/test/auto/realtime.xml (RunModel)" time="10.012" />
  <testcase classname="ptolemy.util.test.junit.AutoTests" name="[87] /home/travis/build/icyphy/ptII/ptolemy/domains/de/test/auto/relationGroup.xml (RunModel)" time="0.008" />
  <testcase classname="ptolemy.util.test.junit.AutoTests" name="[88] /home/travis/build/icyphy/ptII/ptolemy/domains/de/test/auto/relationGroup2.xml (RunModel)" time="0.01" />
  <testcase classname="ptolemy.util.test.junit.AutoTests" name="[89] /home/travis/build/icyphy/ptII/ptolemy/domains/de/test/auto/sortWithOpaquePorts.xml (RunModel)" time="0.009" />
  <testcase classname="ptolemy.util.test.junit.AutoTests" name="[90] /home/travis/build/icyphy/ptII/ptolemy/domains/de/test/auto/transferInputsandOutputs.xml (RunModel)" time="0.015" />
  <testcase classname="ptolemy.util.test.junit.AutoTests" name="[91] /home/travis/build/icyphy/ptII/ptolemy/domains/de/test/auto/triggerType.xml (RunModel)" time="0.009" />
  <system-out><![CDATA[/home/travis/build/icyphy/ptII/ptolemy/domains/de/test/DependencyLoop.tcl
testDefs.tcl: setting time out to 9000 seconds at Fri May 03 04:13:00 UTC 2019
16 ms. Memory: 116224K Free: 97665K (84%)
18 ms. Memory: 146944K Free: 141192K (96%)
/home/travis/build/icyphy/ptII/ptolemy/domains/de/test/RunDETestsAsQSS.tcl
Run the DE tests using ptolemy.domains.qss.test.QSSDirectorTest, which extends QSSDirector and prints a message in the constructors.
------------------ testing $PTII/ptolemy/domains/de/test/auto/knownFailedTests/dependencyLoop.xml (Known Failure) 
8 ms. Memory: 146944K Free: 136946K (93%)


==== $PTIIhome/travis/build/icyphy/ptII/ptolemy/domains/de/test/../../../../: Auto Automatic test in file $PTII/ptolemy/domains/de/test/auto/knownFailedTests/dependencyLoop.xml
==== Contents of test case:

	    # FIXME: we should use $relativeFilename here, but it
	    # might have backslashes under Windows, which causes no end
	    # of trouble.
	    createAndExecute $file
	    list {}
	
.... Test generated KNOWN error:
    while executing
ptolemy.kernel.util.IllegalActionException: Found a zero delay loop containing .dependencyLoop.original
  in .dependencyLoop and .dependencyLoop.original
	at ptolemy.actor.util.CausalityInterfaceForComposites._computeOutputPortDepth(CausalityInterfaceForComposites.java:759)
	at ptolemy.actor.util.CausalityInterfaceForComposites._computeInputDepth(CausalityInterfaceForComposites.java:696)
	at ptolemy.actor.util.CausalityInterfaceForComposites._computeOutputPortDepth(CausalityInterfaceForComposites.java:765)
	at ptolemy.actor.util.CausalityInterfaceForComposites._computeInputDepth(CausalityInterfaceForComposites.java:696)
	at ptolemy.actor.util.CausalityInterfaceForComposites._computeOutputPortDepth(CausalityInterfaceForComposites.java:765)
	at ptolemy.actor.util.CausalityInterfaceForComposites._computeInputDepth(CausalityInterfaceForComposites.java:696)
	at ptolemy.actor.util.CausalityInterfaceForComposites._computeActorDepth(CausalityInterfaceForComposites.java:532)
	at ptolemy.actor.util.CausalityInterfaceForComposites.checkForCycles(CausalityInterfaceForComposites.java:96)
	at ptolemy.domains.de.kernel.DEDirector.preinitialize(DEDirector.java:1338)
	at ptolemy.actor.CompositeActor.preinitialize(CompositeActor.java:1828)
	at ptolemy.actor.Manager.preinitializeAndResolveTypes(Manager.java:1040)
	at ptolemy.actor.Manager.initialize(Manager.java:710)
	at ptolemy.actor.Manager.execute(Manager.java:356)
	at ptolemy.actor.Manager.run(Manager.java:1263)
	at ptolemy.actor.Manager$PtolemyRunThread.run(Manager.java:1915)

    while executing
ptolemy.kernel.util.IllegalActionException: Found a zero delay loop containing .dependencyLoop.original
  in .dependencyLoop and .dependencyLoop.original
    while executing
"java::new ptolemy.moml.MoMLSimpleApplication $file
"
    (procedure "createAndExecute" line 2)
    invoked from within
"createAndExecute $file"
    ("uplevel" body line 5)
    invoked from within
"uplevel $contents_of_test"
------------------ testing $PTII/ptolemy/domains/de/test/auto/knownFailedTests/DESDFClockTest.xml (Known Failure) 
2073 ms. Memory: 146944K Free: 121360K (83%)


==== $PTIIhome/travis/build/icyphy/ptII/ptolemy/domains/de/test/../../../../: Auto Automatic test in file $PTII/ptolemy/domains/de/test/auto/knownFailedTests/DESDFClockTest.xml
==== Contents of test case:

	    # FIXME: we should use $relativeFilename here, but it
	    # might have backslashes under Windows, which causes no end
	    # of trouble.
	    createAndExecute $file
	    list {}
	
.... Test generated KNOWN error:
    while executing
ptolemy.kernel.util.IllegalActionException: Actor is not ready to fire.  Perhaps UpSample.prefire() returned false? Try debugging the actor by selecting "Listen to Actor".  Also, for SDF check moml for tokenConsumptionRate on input.
  in .DESDFClockTest.Play Bell.Copy1:SDF Director and .DESDFClockTest.Play Bell.UpSample
	at ptolemy.actor.sched.StaticSchedulingDirector.fire(StaticSchedulingDirector.java:227)
	at ptolemy.domains.sdf.kernel.SDFDirector.fire(SDFDirector.java:500)
	at ptolemy.actor.CompositeActor.fire(CompositeActor.java:455)
	at ptolemy.domains.de.kernel.DEDirector._fire(DEDirector.java:1949)
	at ptolemy.domains.de.kernel.DEDirector.fire(DEDirector.java:502)
	at ptolemy.actor.CompositeActor.fire(CompositeActor.java:455)
	at ptolemy.actor.Manager.iterate(Manager.java:851)
	at ptolemy.actor.Manager.execute(Manager.java:369)
	at ptolemy.actor.Manager.run(Manager.java:1263)
	at ptolemy.actor.Manager$PtolemyRunThread.run(Manager.java:1915)

    while executing
ptolemy.kernel.util.IllegalActionException: Actor is not ready to fire.  Perhaps UpSample.prefire() returned false? Try debugging the actor by selecting "Listen to Actor".  Also, for SDF check moml for tokenConsumptionRate on input.
  in .DESDFClockTest.Play Bell.Copy1:SDF Director and .DESDFClockTest.Play Bell.UpSample
    while executing
"java::new ptolemy.moml.MoMLSimpleApplication $file
"
    (procedure "createAndExecute" line 2)
    invoked from within
"createAndExecute $file"
    ("uplevel" body line 5)
    invoked from within
"uplevel $contents_of_test"
------------------ testing $PTII/ptolemy/domains/de/test/auto/knownFailedTests/FSMSource.xml (Known Failure) 
49 ms. Memory: 146944K Free: 112498K (77%)
!!!! Auto was marked as failing, but now passes
------------------ testing $PTII/ptolemy/domains/de/test/auto/knownFailedTests/dependencyLoop2.xml (Known Failure) 
13 ms. Memory: 146944K Free: 110614K (75%)


==== $PTIIhome/travis/build/icyphy/ptII/ptolemy/domains/de/test/../../../../: Auto Automatic test in file $PTII/ptolemy/domains/de/test/auto/knownFailedTests/dependencyLoop2.xml
==== Contents of test case:

	    # FIXME: we should use $relativeFilename here, but it
	    # might have backslashes under Windows, which causes no end
	    # of trouble.
	    createAndExecute $file
	    list {}
	
.... Test generated KNOWN error:
    while executing
ptolemy.kernel.util.IllegalActionException: Found a zero delay loop containing .dependencyLoop2.original
  in .dependencyLoop2 and .dependencyLoop2.original
	at ptolemy.actor.util.CausalityInterfaceForComposites._computeOutputPortDepth(CausalityInterfaceForComposites.java:759)
	at ptolemy.actor.util.CausalityInterfaceForComposites._computeInputDepth(CausalityInterfaceForComposites.java:696)
	at ptolemy.actor.util.CausalityInterfaceForComposites._computeOutputPortDepth(CausalityInterfaceForComposites.java:765)
	at ptolemy.actor.util.CausalityInterfaceForComposites._computeInputDepth(CausalityInterfaceForComposites.java:696)
	at ptolemy.actor.util.CausalityInterfaceForComposites._computeOutputPortDepth(CausalityInterfaceForComposites.java:765)
	at ptolemy.actor.util.CausalityInterfaceForComposites._computeInputDepth(CausalityInterfaceForComposites.java:696)
	at ptolemy.actor.util.CausalityInterfaceForComposites._computeActorDepth(CausalityInterfaceForComposites.java:532)
	at ptolemy.actor.util.CausalityInterfaceForComposites.checkForCycles(CausalityInterfaceForComposites.java:96)
	at ptolemy.domains.de.kernel.DEDirector.preinitialize(DEDirector.java:1338)
	at ptolemy.actor.CompositeActor.preinitialize(CompositeActor.java:1828)
	at ptolemy.actor.Manager.preinitializeAndResolveTypes(Manager.java:1040)
	at ptolemy.actor.Manager.initialize(Manager.java:710)
	at ptolemy.actor.Manager.execute(Manager.java:356)
	at ptolemy.actor.Manager.run(Manager.java:1263)
	at ptolemy.actor.Manager$PtolemyRunThread.run(Manager.java:1915)

    while executing
ptolemy.kernel.util.IllegalActionException: Found a zero delay loop containing .dependencyLoop2.original
  in .dependencyLoop2 and .dependencyLoop2.original
    while executing
"java::new ptolemy.moml.MoMLSimpleApplication $file
"
    (procedure "createAndExecute" line 2)
    invoked from within
"createAndExecute $file"
    ("uplevel" body line 5)
    invoked from within
"uplevel $contents_of_test"
------------------ testing $PTII/ptolemy/domains/de/test/auto/knownFailedTests/HierarchicalModel.xml (Known Failure) 
5 ms. Memory: 146944K Free: 90434K (62%)


==== $PTIIhome/travis/build/icyphy/ptII/ptolemy/domains/de/test/../../../../: Auto Automatic test in file $PTII/ptolemy/domains/de/test/auto/knownFailedTests/HierarchicalModel.xml
==== Contents of test case:

	    # FIXME: we should use $relativeFilename here, but it
	    # might have backslashes under Windows, which causes no end
	    # of trouble.
	    createAndExecute $file
	    list {}
	
.... Test generated KNOWN error:
    while executing
ptolemy.kernel.util.IllegalActionException: Found a zero delay loop containing .HierarchicalModel.A
  in .HierarchicalModel and .HierarchicalModel.A
	at ptolemy.actor.util.CausalityInterfaceForComposites._computeOutputPortDepth(CausalityInterfaceForComposites.java:759)
	at ptolemy.actor.util.CausalityInterfaceForComposites._computeInputDepth(CausalityInterfaceForComposites.java:696)
	at ptolemy.actor.util.CausalityInterfaceForComposites._computeOutputPortDepth(CausalityInterfaceForComposites.java:765)
	at ptolemy.actor.util.CausalityInterfaceForComposites._computeInputDepth(CausalityInterfaceForComposites.java:696)
	at ptolemy.actor.util.CausalityInterfaceForComposites._computeOutputPortDepth(CausalityInterfaceForComposites.java:765)
	at ptolemy.actor.util.CausalityInterfaceForComposites._computeInputDepth(CausalityInterfaceForComposites.java:696)
	at ptolemy.actor.util.CausalityInterfaceForComposites._computeActorDepth(CausalityInterfaceForComposites.java:532)
	at ptolemy.actor.util.CausalityInterfaceForComposites.checkForCycles(CausalityInterfaceForComposites.java:96)
	at ptolemy.domains.de.kernel.DEDirector.preinitialize(DEDirector.java:1338)
	at ptolemy.actor.CompositeActor.preinitialize(CompositeActor.java:1828)
	at ptolemy.actor.Manager.preinitializeAndResolveTypes(Manager.java:1040)
	at ptolemy.actor.Manager.initialize(Manager.java:710)
	at ptolemy.actor.Manager.execute(Manager.java:356)
	at ptolemy.actor.Manager.run(Manager.java:1263)
	at ptolemy.actor.Manager$PtolemyRunThread.run(Manager.java:1915)

    while executing
ptolemy.kernel.util.IllegalActionException: Found a zero delay loop containing .HierarchicalModel.A
  in .HierarchicalModel and .HierarchicalModel.A
    while executing
"java::new ptolemy.moml.MoMLSimpleApplication $file
"
    (procedure "createAndExecute" line 2)
    invoked from within
"createAndExecute $file"
    ("uplevel" body line 5)
    invoked from within
"uplevel $contents_of_test"
------------------ testing $PTII/ptolemy/domains/de/test/auto/knownFailedTests/DirectFeedback.xml (Known Failure) 
4 ms. Memory: 146944K Free: 86322K (59%)


==== $PTIIhome/travis/build/icyphy/ptII/ptolemy/domains/de/test/../../../../: Auto Automatic test in file $PTII/ptolemy/domains/de/test/auto/knownFailedTests/DirectFeedback.xml
==== Contents of test case:

	    # FIXME: we should use $relativeFilename here, but it
	    # might have backslashes under Windows, which causes no end
	    # of trouble.
	    createAndExecute $file
	    list {}
	
.... Test generated KNOWN error:
    while executing
ptolemy.kernel.util.IllegalActionException: Test fails in iteration 1.
Value was: 1.0. Should have been: 2.0
  in .DirectFeedback.Test
	at ptolemy.actor.lib.Test.fire(Test.java:268)
	at ptolemy.domains.de.kernel.DEDirector._fire(DEDirector.java:1949)
	at ptolemy.domains.de.kernel.DEDirector.fire(DEDirector.java:502)
	at ptolemy.actor.CompositeActor.fire(CompositeActor.java:455)
	at ptolemy.actor.Manager.iterate(Manager.java:851)
	at ptolemy.actor.Manager.execute(Manager.java:369)
	at ptolemy.actor.Manager.run(Manager.java:1263)
	at ptolemy.actor.Manager$PtolemyRunThread.run(Manager.java:1915)

    while executing
ptolemy.kernel.util.IllegalActionException: Test fails in iteration 1.
Value was: 1.0. Should have been: 2.0
  in .DirectFeedback.Test
    while executing
"java::new ptolemy.moml.MoMLSimpleApplication $file
"
    (procedure "createAndExecute" line 2)
    invoked from within
"createAndExecute $file"
    ("uplevel" body line 5)
    invoked from within
"uplevel $contents_of_test"
------------------ testing $PTII/ptolemy/domains/de/test/auto/ActorDepthCalculation_actorWithoutPorts.xml
auto.tcl: Setting watchdog for 200 seconds at Fri May 03 04:13:03 UTC 2019
7 ms. Memory: 146944K Free: 138700K (94%)
ptolemy.util.test.WatchDog.cancel(): canceling Fri May 03 04:13:03 UTC 2019
auto.tcl: Setting watchdog for 200 seconds at Fri May 03 04:13:03 UTC 2019
4 ms. Memory: 146944K Free: 137672K (94%)
ptolemy.util.test.WatchDog.cancel(): canceling Fri May 03 04:13:04 UTC 2019
------------------ testing $PTII/ptolemy/domains/de/test/auto/AssemblyLine.xml
auto.tcl: Setting watchdog for 200 seconds at Fri May 03 04:13:04 UTC 2019
18 ms. Memory: 208384K Free: 183340K (88%)
ptolemy.util.test.WatchDog.cancel(): canceling Fri May 03 04:13:04 UTC 2019
auto.tcl: Setting watchdog for 200 seconds at Fri May 03 04:13:04 UTC 2019
11 ms. Memory: 208384K Free: 183340K (88%)
ptolemy.util.test.WatchDog.cancel(): canceling Fri May 03 04:13:04 UTC 2019
------------------ testing $PTII/ptolemy/domains/de/test/auto/CQBug1.xml
auto.tcl: Setting watchdog for 200 seconds at Fri May 03 04:13:04 UTC 2019
22 ms. Memory: 208384K Free: 197876K (95%)
ptolemy.util.test.WatchDog.cancel(): canceling Fri May 03 04:13:04 UTC 2019
auto.tcl: Setting watchdog for 200 seconds at Fri May 03 04:13:04 UTC 2019
2 ms. Memory: 208384K Free: 197876K (95%)
ptolemy.util.test.WatchDog.cancel(): canceling Fri May 03 04:13:04 UTC 2019
------------------ testing $PTII/ptolemy/domains/de/test/auto/CancelFireAt.xml
auto.tcl: Setting watchdog for 200 seconds at Fri May 03 04:13:04 UTC 2019
5 ms. Memory: 208384K Free: 201552K (97%)
ptolemy.util.test.WatchDog.cancel(): canceling Fri May 03 04:13:04 UTC 2019
auto.tcl: Setting watchdog for 200 seconds at Fri May 03 04:13:04 UTC 2019
3 ms. Memory: 208384K Free: 199496K (96%)
ptolemy.util.test.WatchDog.cancel(): canceling Fri May 03 04:13:04 UTC 2019
------------------ testing $PTII/ptolemy/domains/de/test/auto/CausalityAndComposabilityAnalysis.xml
auto.tcl: Setting watchdog for 200 seconds at Fri May 03 04:13:04 UTC 2019
16 ms. Memory: 208384K Free: 198575K (95%)
ptolemy.util.test.WatchDog.cancel(): canceling Fri May 03 04:13:04 UTC 2019
auto.tcl: Setting watchdog for 200 seconds at Fri May 03 04:13:04 UTC 2019
11 ms. Memory: 208384K Free: 196519K (94%)
ptolemy.util.test.WatchDog.cancel(): canceling Fri May 03 04:13:04 UTC 2019
------------------ testing $PTII/ptolemy/domains/de/test/auto/CausalityInterface1.xml
auto.tcl: Setting watchdog for 200 seconds at Fri May 03 04:13:05 UTC 2019
16 ms. Memory: 208384K Free: 198512K (95%)
ptolemy.util.test.WatchDog.cancel(): canceling Fri May 03 04:13:05 UTC 2019
auto.tcl: Setting watchdog for 200 seconds at Fri May 03 04:13:05 UTC 2019
5 ms. Memory: 208384K Free: 196457K (94%)
ptolemy.util.test.WatchDog.cancel(): canceling Fri May 03 04:13:05 UTC 2019
------------------ testing $PTII/ptolemy/domains/de/test/auto/CausalityInterface15.xml
auto.tcl: Setting watchdog for 200 seconds at Fri May 03 04:13:05 UTC 2019
13 ms. Memory: 208384K Free: 196447K (94%)
ptolemy.util.test.WatchDog.cancel(): canceling Fri May 03 04:13:05 UTC 2019
auto.tcl: Setting watchdog for 200 seconds at Fri May 03 04:13:05 UTC 2019
7 ms. Memory: 208384K Free: 196447K (94%)
ptolemy.util.test.WatchDog.cancel(): canceling Fri May 03 04:13:05 UTC 2019
------------------ testing $PTII/ptolemy/domains/de/test/auto/CausalityInterface2.xml
auto.tcl: Setting watchdog for 200 seconds at Fri May 03 04:13:05 UTC 2019
9 ms. Memory: 208384K Free: 196432K (94%)
ptolemy.util.test.WatchDog.cancel(): canceling Fri May 03 04:13:05 UTC 2019
auto.tcl: Setting watchdog for 200 seconds at Fri May 03 04:13:05 UTC 2019
3 ms. Memory: 208384K Free: 196432K (94%)
ptolemy.util.test.WatchDog.cancel(): canceling Fri May 03 04:13:05 UTC 2019
------------------ testing $PTII/ptolemy/domains/de/test/auto/CausalityInterface3.xml
auto.tcl: Setting watchdog for 200 seconds at Fri May 03 04:13:05 UTC 2019
9 ms. Memory: 208384K Free: 196445K (94%)
ptolemy.util.test.WatchDog.cancel(): canceling Fri May 03 04:13:05 UTC 2019
auto.tcl: Setting watchdog for 200 seconds at Fri May 03 04:13:05 UTC 2019
6 ms. Memory: 208384K Free: 196445K (94%)
ptolemy.util.test.WatchDog.cancel(): canceling Fri May 03 04:13:05 UTC 2019
------------------ testing $PTII/ptolemy/domains/de/test/auto/ClockDrift.xml
auto.tcl: Setting watchdog for 200 seconds at Fri May 03 04:13:05 UTC 2019
77 ms. Memory: 208384K Free: 187808K (90%)
ptolemy.util.test.WatchDog.cancel(): canceling Fri May 03 04:13:05 UTC 2019
auto.tcl: Setting watchdog for 200 seconds at Fri May 03 04:13:05 UTC 2019
37 ms. Memory: 208384K Free: 185753K (89%)
ptolemy.util.test.WatchDog.cancel(): canceling Fri May 03 04:13:05 UTC 2019
------------------ testing $PTII/ptolemy/domains/de/test/auto/ClockDriftAndValueChange.xml
auto.tcl: Setting watchdog for 200 seconds at Fri May 03 04:13:05 UTC 2019
51 ms. Memory: 208384K Free: 189701K (91%)
ptolemy.util.test.WatchDog.cancel(): canceling Fri May 03 04:13:05 UTC 2019
auto.tcl: Setting watchdog for 200 seconds at Fri May 03 04:13:05 UTC 2019
46 ms. Memory: 208384K Free: 185589K (89%)
ptolemy.util.test.WatchDog.cancel(): canceling Fri May 03 04:13:05 UTC 2019
------------------ testing $PTII/ptolemy/domains/de/test/auto/ClockDriftChange.xml
auto.tcl: Setting watchdog for 200 seconds at Fri May 03 04:13:05 UTC 2019
35 ms. Memory: 208384K Free: 190921K (92%)
ptolemy.util.test.WatchDog.cancel(): canceling Fri May 03 04:13:06 UTC 2019
auto.tcl: Setting watchdog for 200 seconds at Fri May 03 04:13:06 UTC 2019
36 ms. Memory: 208384K Free: 188866K (91%)
ptolemy.util.test.WatchDog.cancel(): canceling Fri May 03 04:13:06 UTC 2019
------------------ testing $PTII/ptolemy/domains/de/test/auto/ComposableCausalityAnalysis.xml
auto.tcl: Setting watchdog for 200 seconds at Fri May 03 04:13:06 UTC 2019
2 ms. Memory: 208384K Free: 196299K (94%)
ptolemy.util.test.WatchDog.cancel(): canceling Fri May 03 04:13:06 UTC 2019
auto.tcl: Setting watchdog for 200 seconds at Fri May 03 04:13:06 UTC 2019
2 ms. Memory: 208384K Free: 196299K (94%)
ptolemy.util.test.WatchDog.cancel(): canceling Fri May 03 04:13:06 UTC 2019
------------------ testing $PTII/ptolemy/domains/de/test/auto/DEFixedPointLimitation.xml
auto.tcl: Setting watchdog for 200 seconds at Fri May 03 04:13:06 UTC 2019
2 ms. Memory: 208384K Free: 198435K (95%)
ptolemy.util.test.WatchDog.cancel(): canceling Fri May 03 04:13:06 UTC 2019
auto.tcl: Setting watchdog for 200 seconds at Fri May 03 04:13:06 UTC 2019
1 ms. Memory: 208384K Free: 196379K (94%)
ptolemy.util.test.WatchDog.cancel(): canceling Fri May 03 04:13:06 UTC 2019
------------------ testing $PTII/ptolemy/domains/de/test/auto/DEScheduleTest.xml
auto.tcl: Setting watchdog for 200 seconds at Fri May 03 04:13:06 UTC 2019
11 ms. Memory: 208384K Free: 198990K (95%)
ptolemy.util.test.WatchDog.cancel(): canceling Fri May 03 04:13:06 UTC 2019
auto.tcl: Setting watchdog for 200 seconds at Fri May 03 04:13:06 UTC 2019
8 ms. Memory: 208384K Free: 196415K (94%)
ptolemy.util.test.WatchDog.cancel(): canceling Fri May 03 04:13:06 UTC 2019
------------------ testing $PTII/ptolemy/domains/de/test/auto/DEinDEwithStartTimes.xml
auto.tcl: Setting watchdog for 200 seconds at Fri May 03 04:13:06 UTC 2019
7 ms. Memory: 208384K Free: 196904K (94%)
ptolemy.util.test.WatchDog.cancel(): canceling Fri May 03 04:13:06 UTC 2019
auto.tcl: Setting watchdog for 200 seconds at Fri May 03 04:13:06 UTC 2019
5 ms. Memory: 208384K Free: 196904K (94%)
ptolemy.util.test.WatchDog.cancel(): canceling Fri May 03 04:13:06 UTC 2019
------------------ testing $PTII/ptolemy/domains/de/test/auto/DEinDEwithStartTimes2.xml
auto.tcl: Setting watchdog for 200 seconds at Fri May 03 04:13:06 UTC 2019
4 ms. Memory: 208384K Free: 196365K (94%)
ptolemy.util.test.WatchDog.cancel(): canceling Fri May 03 04:13:06 UTC 2019
auto.tcl: Setting watchdog for 200 seconds at Fri May 03 04:13:06 UTC 2019
8 ms. Memory: 208384K Free: 194309K (93%)
ptolemy.util.test.WatchDog.cancel(): canceling Fri May 03 04:13:06 UTC 2019
------------------ testing $PTII/ptolemy/domains/de/test/auto/DateDemo.xml
auto.tcl: Setting watchdog for 200 seconds at Fri May 03 04:13:06 UTC 2019
17 ms. Memory: 208384K Free: 188927K (91%)
ptolemy.util.test.WatchDog.cancel(): canceling Fri May 03 04:13:06 UTC 2019
auto.tcl: Setting watchdog for 200 seconds at Fri May 03 04:13:06 UTC 2019
6 ms. Memory: 208384K Free: 186872K (90%)
ptolemy.util.test.WatchDog.cancel(): canceling Fri May 03 04:13:06 UTC 2019
------------------ testing $PTII/ptolemy/domains/de/test/auto/DateToEvent.xml
auto.tcl: Setting watchdog for 200 seconds at Fri May 03 04:13:06 UTC 2019
2021 ms. Memory: 208384K Free: 183767K (88%)
ptolemy.util.test.WatchDog.cancel(): canceling Fri May 03 04:13:08 UTC 2019
auto.tcl: Setting watchdog for 200 seconds at Fri May 03 04:13:08 UTC 2019
2006 ms. Memory: 208384K Free: 183767K (88%)
ptolemy.util.test.WatchDog.cancel(): canceling Fri May 03 04:13:10 UTC 2019
------------------ testing $PTII/ptolemy/domains/de/test/auto/DepthTest1.xml
auto.tcl: Setting watchdog for 200 seconds at Fri May 03 04:13:10 UTC 2019
2 ms. Memory: 208384K Free: 197999K (95%)
ptolemy.util.test.WatchDog.cancel(): canceling Fri May 03 04:13:10 UTC 2019
auto.tcl: Setting watchdog for 200 seconds at Fri May 03 04:13:10 UTC 2019
2 ms. Memory: 208384K Free: 197999K (95%)
ptolemy.util.test.WatchDog.cancel(): canceling Fri May 03 04:13:10 UTC 2019
------------------ testing $PTII/ptolemy/domains/de/test/auto/DepthTest2.xml
auto.tcl: Setting watchdog for 200 seconds at Fri May 03 04:13:10 UTC 2019
4 ms. Memory: 208384K Free: 194321K (93%)
ptolemy.util.test.WatchDog.cancel(): canceling Fri May 03 04:13:11 UTC 2019
auto.tcl: Setting watchdog for 200 seconds at Fri May 03 04:13:11 UTC 2019
5 ms. Memory: 208384K Free: 194321K (93%)
ptolemy.util.test.WatchDog.cancel(): canceling Fri May 03 04:13:11 UTC 2019
------------------ testing $PTII/ptolemy/domains/de/test/auto/DepthTest3.xml
auto.tcl: Setting watchdog for 200 seconds at Fri May 03 04:13:11 UTC 2019
8 ms. Memory: 208384K Free: 198331K (95%)
ptolemy.util.test.WatchDog.cancel(): canceling Fri May 03 04:13:11 UTC 2019
auto.tcl: Setting watchdog for 200 seconds at Fri May 03 04:13:11 UTC 2019
2 ms. Memory: 208384K Free: 198331K (95%)
ptolemy.util.test.WatchDog.cancel(): canceling Fri May 03 04:13:11 UTC 2019
------------------ testing $PTII/ptolemy/domains/de/test/auto/DepthTest4.xml
auto.tcl: Setting watchdog for 200 seconds at Fri May 03 04:13:11 UTC 2019
5 ms. Memory: 208384K Free: 196363K (94%)
ptolemy.util.test.WatchDog.cancel(): canceling Fri May 03 04:13:11 UTC 2019
auto.tcl: Setting watchdog for 200 seconds at Fri May 03 04:13:11 UTC 2019
3 ms. Memory: 208384K Free: 196363K (94%)
ptolemy.util.test.WatchDog.cancel(): canceling Fri May 03 04:13:11 UTC 2019
------------------ testing $PTII/ptolemy/domains/de/test/auto/DepthTest5.xml
auto.tcl: Setting watchdog for 200 seconds at Fri May 03 04:13:11 UTC 2019
7 ms. Memory: 208384K Free: 196309K (94%)
ptolemy.util.test.WatchDog.cancel(): canceling Fri May 03 04:13:11 UTC 2019
auto.tcl: Setting watchdog for 200 seconds at Fri May 03 04:13:11 UTC 2019
3 ms. Memory: 208384K Free: 196309K (94%)
ptolemy.util.test.WatchDog.cancel(): canceling Fri May 03 04:13:11 UTC 2019
------------------ testing $PTII/ptolemy/domains/de/test/auto/DepthTest6.xml
auto.tcl: Setting watchdog for 200 seconds at Fri May 03 04:13:11 UTC 2019
7 ms. Memory: 208384K Free: 196285K (94%)
ptolemy.util.test.WatchDog.cancel(): canceling Fri May 03 04:13:11 UTC 2019
auto.tcl: Setting watchdog for 200 seconds at Fri May 03 04:13:11 UTC 2019
2 ms. Memory: 208384K Free: 196285K (94%)
ptolemy.util.test.WatchDog.cancel(): canceling Fri May 03 04:13:11 UTC 2019
------------------ testing $PTII/ptolemy/domains/de/test/auto/DepthTest7.xml
auto.tcl: Setting watchdog for 200 seconds at Fri May 03 04:13:11 UTC 2019
2 ms. Memory: 208384K Free: 196267K (94%)
ptolemy.util.test.WatchDog.cancel(): canceling Fri May 03 04:13:11 UTC 2019
auto.tcl: Setting watchdog for 200 seconds at Fri May 03 04:13:11 UTC 2019
2 ms. Memory: 208384K Free: 196267K (94%)
ptolemy.util.test.WatchDog.cancel(): canceling Fri May 03 04:13:11 UTC 2019
------------------ testing $PTII/ptolemy/domains/de/test/auto/EventToDate.xml
auto.tcl: Setting watchdog for 200 seconds at Fri May 03 04:13:11 UTC 2019
3011 ms. Memory: 208384K Free: 188058K (90%)
ptolemy.util.test.WatchDog.cancel(): canceling Fri May 03 04:13:14 UTC 2019
auto.tcl: Setting watchdog for 200 seconds at Fri May 03 04:13:14 UTC 2019
3004 ms. Memory: 208384K Free: 186002K (89%)
ptolemy.util.test.WatchDog.cancel(): canceling Fri May 03 04:13:17 UTC 2019
------------------ testing $PTII/ptolemy/domains/de/test/auto/FSM1.xml
auto.tcl: Setting watchdog for 200 seconds at Fri May 03 04:13:17 UTC 2019
26 ms. Memory: 208384K Free: 189405K (91%)
ptolemy.util.test.WatchDog.cancel(): canceling Fri May 03 04:13:17 UTC 2019
auto.tcl: Setting watchdog for 200 seconds at Fri May 03 04:13:17 UTC 2019
20 ms. Memory: 208384K Free: 185294K (89%)
ptolemy.util.test.WatchDog.cancel(): canceling Fri May 03 04:13:17 UTC 2019
------------------ testing $PTII/ptolemy/domains/de/test/auto/FSM7.xml
auto.tcl: Setting watchdog for 200 seconds at Fri May 03 04:13:17 UTC 2019
16 ms. Memory: 208384K Free: 189610K (91%)
ptolemy.util.test.WatchDog.cancel(): canceling Fri May 03 04:13:17 UTC 2019
auto.tcl: Setting watchdog for 200 seconds at Fri May 03 04:13:17 UTC 2019
18 ms. Memory: 208384K Free: 185499K (89%)
ptolemy.util.test.WatchDog.cancel(): canceling Fri May 03 04:13:17 UTC 2019
------------------ testing $PTII/ptolemy/domains/de/test/auto/Inspection.xml
auto.tcl: Setting watchdog for 200 seconds at Fri May 03 04:13:17 UTC 2019
36 ms. Memory: 208384K Free: 189272K (91%)
ptolemy.util.test.WatchDog.cancel(): canceling Fri May 03 04:13:17 UTC 2019
auto.tcl: Setting watchdog for 200 seconds at Fri May 03 04:13:17 UTC 2019
24 ms. Memory: 208384K Free: 187216K (90%)
ptolemy.util.test.WatchDog.cancel(): canceling Fri May 03 04:13:18 UTC 2019
------------------ testing $PTII/ptolemy/domains/de/test/auto/Iteration.xml
auto.tcl: Setting watchdog for 200 seconds at Fri May 03 04:13:18 UTC 2019
11 ms. Memory: 208384K Free: 196593K (94%)
ptolemy.util.test.WatchDog.cancel(): canceling Fri May 03 04:13:18 UTC 2019
auto.tcl: Setting watchdog for 200 seconds at Fri May 03 04:13:18 UTC 2019
8 ms. Memory: 208384K Free: 194018K (93%)
ptolemy.util.test.WatchDog.cancel(): canceling Fri May 03 04:13:18 UTC 2019
------------------ testing $PTII/ptolemy/domains/de/test/auto/LineFault.xml
auto.tcl: Setting watchdog for 200 seconds at Fri May 03 04:13:18 UTC 2019
767 ms. Memory: 208384K Free: 197319K (95%)
ptolemy.util.test.WatchDog.cancel(): canceling Fri May 03 04:13:19 UTC 2019
auto.tcl: Setting watchdog for 200 seconds at Fri May 03 04:13:19 UTC 2019
565 ms. Memory: 208384K Free: 139847K (67%)
ptolemy.util.test.WatchDog.cancel(): canceling Fri May 03 04:13:19 UTC 2019
------------------ testing $PTII/ptolemy/domains/de/test/auto/MergeModel1Add.xml
auto.tcl: Setting watchdog for 200 seconds at Fri May 03 04:13:19 UTC 2019
32 ms. Memory: 331264K Free: 303019K (91%)
ptolemy.util.test.WatchDog.cancel(): canceling Fri May 03 04:13:19 UTC 2019
auto.tcl: Setting watchdog for 200 seconds at Fri May 03 04:13:19 UTC 2019
14 ms. Memory: 331264K Free: 299130K (90%)
ptolemy.util.test.WatchDog.cancel(): canceling Fri May 03 04:13:19 UTC 2019
------------------ testing $PTII/ptolemy/domains/de/test/auto/MergeModel2Add.xml
auto.tcl: Setting watchdog for 200 seconds at Fri May 03 04:13:20 UTC 2019
9 ms. Memory: 331264K Free: 304358K (92%)
ptolemy.util.test.WatchDog.cancel(): canceling Fri May 03 04:13:20 UTC 2019
auto.tcl: Setting watchdog for 200 seconds at Fri May 03 04:13:20 UTC 2019
13 ms. Memory: 331264K Free: 304358K (92%)
ptolemy.util.test.WatchDog.cancel(): canceling Fri May 03 04:13:20 UTC 2019
------------------ testing $PTII/ptolemy/domains/de/test/auto/MergeModel3Add.xml
auto.tcl: Setting watchdog for 200 seconds at Fri May 03 04:13:20 UTC 2019
17 ms. Memory: 331264K Free: 304367K (92%)
ptolemy.util.test.WatchDog.cancel(): canceling Fri May 03 04:13:20 UTC 2019
auto.tcl: Setting watchdog for 200 seconds at Fri May 03 04:13:20 UTC 2019
10 ms. Memory: 331264K Free: 304367K (92%)
ptolemy.util.test.WatchDog.cancel(): canceling Fri May 03 04:13:20 UTC 2019
------------------ testing $PTII/ptolemy/domains/de/test/auto/MergeWithoutDiscard.xml
auto.tcl: Setting watchdog for 200 seconds at Fri May 03 04:13:20 UTC 2019
4 ms. Memory: 331264K Free: 320362K (97%)
ptolemy.util.test.WatchDog.cancel(): canceling Fri May 03 04:13:20 UTC 2019
auto.tcl: Setting watchdog for 200 seconds at Fri May 03 04:13:20 UTC 2019
2 ms. Memory: 331264K Free: 316472K (96%)
ptolemy.util.test.WatchDog.cancel(): canceling Fri May 03 04:13:20 UTC 2019
------------------ testing $PTII/ptolemy/domains/de/test/auto/Modal1.xml
auto.tcl: Setting watchdog for 200 seconds at Fri May 03 04:13:20 UTC 2019
13 ms. Memory: 331264K Free: 309599K (93%)
ptolemy.util.test.WatchDog.cancel(): canceling Fri May 03 04:13:20 UTC 2019
auto.tcl: Setting watchdog for 200 seconds at Fri May 03 04:13:20 UTC 2019
20 ms. Memory: 331264K Free: 305710K (92%)
ptolemy.util.test.WatchDog.cancel(): canceling Fri May 03 04:13:20 UTC 2019
------------------ testing $PTII/ptolemy/domains/de/test/auto/Modal2.xml
auto.tcl: Setting watchdog for 200 seconds at Fri May 03 04:13:20 UTC 2019
14 ms. Memory: 331264K Free: 309472K (93%)
ptolemy.util.test.WatchDog.cancel(): canceling Fri May 03 04:13:20 UTC 2019
auto.tcl: Setting watchdog for 200 seconds at Fri May 03 04:13:20 UTC 2019
19 ms. Memory: 331264K Free: 303125K (92%)
ptolemy.util.test.WatchDog.cancel(): canceling Fri May 03 04:13:20 UTC 2019
------------------ testing $PTII/ptolemy/domains/de/test/auto/Modal3.xml
auto.tcl: Setting watchdog for 200 seconds at Fri May 03 04:13:20 UTC 2019
11 ms. Memory: 331264K Free: 309471K (93%)
ptolemy.util.test.WatchDog.cancel(): canceling Fri May 03 04:13:20 UTC 2019
auto.tcl: Setting watchdog for 200 seconds at Fri May 03 04:13:20 UTC 2019
11 ms. Memory: 331264K Free: 305581K (92%)
ptolemy.util.test.WatchDog.cancel(): canceling Fri May 03 04:13:20 UTC 2019
------------------ testing $PTII/ptolemy/domains/de/test/auto/Modal4.xml
auto.tcl: Setting watchdog for 200 seconds at Fri May 03 04:13:20 UTC 2019
19 ms. Memory: 331264K Free: 309468K (93%)
ptolemy.util.test.WatchDog.cancel(): canceling Fri May 03 04:13:20 UTC 2019
auto.tcl: Setting watchdog for 200 seconds at Fri May 03 04:13:20 UTC 2019
21 ms. Memory: 331264K Free: 305578K (92%)
ptolemy.util.test.WatchDog.cancel(): canceling Fri May 03 04:13:20 UTC 2019
------------------ testing $PTII/ptolemy/domains/de/test/auto/Modal5.xml
auto.tcl: Setting watchdog for 200 seconds at Fri May 03 04:13:20 UTC 2019
19 ms. Memory: 331264K Free: 309456K (93%)
ptolemy.util.test.WatchDog.cancel(): canceling Fri May 03 04:13:20 UTC 2019
auto.tcl: Setting watchdog for 200 seconds at Fri May 03 04:13:20 UTC 2019
14 ms. Memory: 331264K Free: 305567K (92%)
ptolemy.util.test.WatchDog.cancel(): canceling Fri May 03 04:13:20 UTC 2019
------------------ testing $PTII/ptolemy/domains/de/test/auto/Modal6.xml
auto.tcl: Setting watchdog for 200 seconds at Fri May 03 04:13:21 UTC 2019
19 ms. Memory: 331264K Free: 309453K (93%)
ptolemy.util.test.WatchDog.cancel(): canceling Fri May 03 04:13:21 UTC 2019
auto.tcl: Setting watchdog for 200 seconds at Fri May 03 04:13:21 UTC 2019
20 ms. Memory: 331264K Free: 305563K (92%)
ptolemy.util.test.WatchDog.cancel(): canceling Fri May 03 04:13:21 UTC 2019
------------------ testing $PTII/ptolemy/domains/de/test/auto/Modal7.xml
auto.tcl: Setting watchdog for 200 seconds at Fri May 03 04:13:21 UTC 2019
22 ms. Memory: 331264K Free: 309419K (93%)
ptolemy.util.test.WatchDog.cancel(): canceling Fri May 03 04:13:21 UTC 2019
auto.tcl: Setting watchdog for 200 seconds at Fri May 03 04:13:21 UTC 2019
13 ms. Memory: 331264K Free: 305530K (92%)
ptolemy.util.test.WatchDog.cancel(): canceling Fri May 03 04:13:21 UTC 2019
------------------ testing $PTII/ptolemy/domains/de/test/auto/ModalModel.xml
auto.tcl: Setting watchdog for 200 seconds at Fri May 03 04:13:21 UTC 2019
230 ms. Memory: 331264K Free: 249918K (75%)
ptolemy.util.test.WatchDog.cancel(): canceling Fri May 03 04:13:21 UTC 2019
auto.tcl: Setting watchdog for 200 seconds at Fri May 03 04:13:21 UTC 2019
203 ms. Memory: 331264K Free: 191415K (58%)
ptolemy.util.test.WatchDog.cancel(): canceling Fri May 03 04:13:21 UTC 2019
------------------ testing $PTII/ptolemy/domains/de/test/auto/ModalSource.xml
auto.tcl: Setting watchdog for 200 seconds at Fri May 03 04:13:21 UTC 2019
14 ms. Memory: 331264K Free: 316207K (95%)
ptolemy.util.test.WatchDog.cancel(): canceling Fri May 03 04:13:21 UTC 2019
auto.tcl: Setting watchdog for 200 seconds at Fri May 03 04:13:21 UTC 2019
6 ms. Memory: 331264K Free: 312737K (94%)
ptolemy.util.test.WatchDog.cancel(): canceling Fri May 03 04:13:21 UTC 2019
------------------ testing $PTII/ptolemy/domains/de/test/auto/NonInterruptibleTimerZeroDelay.xml
auto.tcl: Setting watchdog for 200 seconds at Fri May 03 04:13:21 UTC 2019
5 ms. Memory: 331264K Free: 320614K (97%)
ptolemy.util.test.WatchDog.cancel(): canceling Fri May 03 04:13:21 UTC 2019
auto.tcl: Setting watchdog for 200 seconds at Fri May 03 04:13:21 UTC 2019
2 ms. Memory: 331264K Free: 317128K (96%)
ptolemy.util.test.WatchDog.cancel(): canceling Fri May 03 04:13:21 UTC 2019
------------------ testing $PTII/ptolemy/domains/de/test/auto/OpenQueueingNetwork.xml
auto.tcl: Setting watchdog for 200 seconds at Fri May 03 04:13:21 UTC 2019
3121 ms. Memory: 573952K Free: 389500K (68%)
ptolemy.util.test.WatchDog.cancel(): canceling Fri May 03 04:13:25 UTC 2019
auto.tcl: Setting watchdog for 200 seconds at Fri May 03 04:13:25 UTC 2019
2572 ms. Memory: 550912K Free: 267983K (49%)
ptolemy.util.test.WatchDog.cancel(): canceling Fri May 03 04:13:27 UTC 2019
------------------ testing $PTII/ptolemy/domains/de/test/auto/OpenQueuingNetwork.xml
auto.tcl: Setting watchdog for 200 seconds at Fri May 03 04:13:27 UTC 2019
239 ms. Memory: 549888K Free: 444575K (81%)
ptolemy.util.test.WatchDog.cancel(): canceling Fri May 03 04:13:28 UTC 2019
auto.tcl: Setting watchdog for 200 seconds at Fri May 03 04:13:28 UTC 2019
239 ms. Memory: 549888K Free: 385146K (70%)
ptolemy.util.test.WatchDog.cancel(): canceling Fri May 03 04:13:28 UTC 2019
------------------ testing $PTII/ptolemy/domains/de/test/auto/PeriodicSampler.xml
auto.tcl: Setting watchdog for 200 seconds at Fri May 03 04:13:28 UTC 2019
3 ms. Memory: 551936K Free: 534967K (97%)
ptolemy.util.test.WatchDog.cancel(): canceling Fri May 03 04:13:28 UTC 2019
auto.tcl: Setting watchdog for 200 seconds at Fri May 03 04:13:28 UTC 2019
2 ms. Memory: 551936K Free: 534967K (97%)
ptolemy.util.test.WatchDog.cancel(): canceling Fri May 03 04:13:28 UTC 2019
------------------ testing $PTII/ptolemy/domains/de/test/auto/PersistentIO.xml
auto.tcl: Setting watchdog for 200 seconds at Fri May 03 04:13:28 UTC 2019
5 ms. Memory: 549376K Free: 526756K (96%)
ptolemy.util.test.WatchDog.cancel(): canceling Fri May 03 04:13:28 UTC 2019
auto.tcl: Setting watchdog for 200 seconds at Fri May 03 04:13:28 UTC 2019
5 ms. Memory: 549376K Free: 526756K (96%)
ptolemy.util.test.WatchDog.cancel(): canceling Fri May 03 04:13:28 UTC 2019
------------------ testing $PTII/ptolemy/domains/de/test/auto/PortParameterResetOnInitialize.xml
auto.tcl: Setting watchdog for 200 seconds at Fri May 03 04:13:28 UTC 2019
5 ms. Memory: 551424K Free: 530589K (96%)
ptolemy.util.test.WatchDog.cancel(): canceling Fri May 03 04:13:28 UTC 2019
auto.tcl: Setting watchdog for 200 seconds at Fri May 03 04:13:28 UTC 2019
2 ms. Memory: 551424K Free: 530589K (96%)
ptolemy.util.test.WatchDog.cancel(): canceling Fri May 03 04:13:28 UTC 2019
------------------ testing $PTII/ptolemy/domains/de/test/auto/PortParameterUpdates.xml
auto.tcl: Setting watchdog for 200 seconds at Fri May 03 04:13:28 UTC 2019
6 ms. Memory: 549376K Free: 528321K (96%)
ptolemy.util.test.WatchDog.cancel(): canceling Fri May 03 04:13:28 UTC 2019
auto.tcl: Setting watchdog for 200 seconds at Fri May 03 04:13:28 UTC 2019
3 ms. Memory: 549376K Free: 528321K (96%)
ptolemy.util.test.WatchDog.cancel(): canceling Fri May 03 04:13:28 UTC 2019
------------------ testing $PTII/ptolemy/domains/de/test/auto/QueueAndServer.xml
auto.tcl: Setting watchdog for 200 seconds at Fri May 03 04:13:28 UTC 2019
16 ms. Memory: 551424K Free: 535013K (97%)
ptolemy.util.test.WatchDog.cancel(): canceling Fri May 03 04:13:28 UTC 2019
auto.tcl: Setting watchdog for 200 seconds at Fri May 03 04:13:28 UTC 2019
7 ms. Memory: 551424K Free: 528394K (96%)
ptolemy.util.test.WatchDog.cancel(): canceling Fri May 03 04:13:28 UTC 2019
------------------ testing $PTII/ptolemy/domains/de/test/auto/Records.xml
auto.tcl: Setting watchdog for 200 seconds at Fri May 03 04:13:28 UTC 2019
3 ms. Memory: 549376K Free: 532906K (97%)
ptolemy.util.test.WatchDog.cancel(): canceling Fri May 03 04:13:28 UTC 2019
auto.tcl: Setting watchdog for 200 seconds at Fri May 03 04:13:28 UTC 2019
2 ms. Memory: 549376K Free: 532906K (97%)
ptolemy.util.test.WatchDog.cancel(): canceling Fri May 03 04:13:28 UTC 2019
------------------ testing $PTII/ptolemy/domains/de/test/auto/ResetTransitionWithStartTime1.xml
auto.tcl: Setting watchdog for 200 seconds at Fri May 03 04:13:28 UTC 2019
12 ms. Memory: 551424K Free: 534979K (97%)
ptolemy.util.test.WatchDog.cancel(): canceling Fri May 03 04:13:29 UTC 2019
auto.tcl: Setting watchdog for 200 seconds at Fri May 03 04:13:29 UTC 2019
6 ms. Memory: 551424K Free: 528360K (96%)
ptolemy.util.test.WatchDog.cancel(): canceling Fri May 03 04:13:29 UTC 2019
------------------ testing $PTII/ptolemy/domains/de/test/auto/ResetTransitionWithStartTime2.xml
auto.tcl: Setting watchdog for 200 seconds at Fri May 03 04:13:29 UTC 2019
7 ms. Memory: 549376K Free: 533275K (97%)
ptolemy.util.test.WatchDog.cancel(): canceling Fri May 03 04:13:29 UTC 2019
auto.tcl: Setting watchdog for 200 seconds at Fri May 03 04:13:29 UTC 2019
6 ms. Memory: 549376K Free: 526664K (96%)
ptolemy.util.test.WatchDog.cancel(): canceling Fri May 03 04:13:29 UTC 2019
------------------ testing $PTII/ptolemy/domains/de/test/auto/ResetTransitionWithStartTime3.xml
auto.tcl: Setting watchdog for 200 seconds at Fri May 03 04:13:29 UTC 2019
7 ms. Memory: 550912K Free: 534319K (97%)
ptolemy.util.test.WatchDog.cancel(): canceling Fri May 03 04:13:29 UTC 2019
auto.tcl: Setting watchdog for 200 seconds at Fri May 03 04:13:29 UTC 2019
9 ms. Memory: 550912K Free: 527708K (96%)
ptolemy.util.test.WatchDog.cancel(): canceling Fri May 03 04:13:29 UTC 2019
------------------ testing $PTII/ptolemy/domains/de/test/auto/ResetTransitionWithStartTime4.xml
auto.tcl: Setting watchdog for 200 seconds at Fri May 03 04:13:29 UTC 2019
4 ms. Memory: 549376K Free: 532780K (97%)
ptolemy.util.test.WatchDog.cancel(): canceling Fri May 03 04:13:29 UTC 2019
auto.tcl: Setting watchdog for 200 seconds at Fri May 03 04:13:29 UTC 2019
3 ms. Memory: 549376K Free: 526161K (96%)
ptolemy.util.test.WatchDog.cancel(): canceling Fri May 03 04:13:29 UTC 2019
------------------ testing $PTII/ptolemy/domains/de/test/auto/ResettableTimer1.xml
auto.tcl: Setting watchdog for 200 seconds at Fri May 03 04:13:29 UTC 2019
4 ms. Memory: 550912K Free: 534311K (97%)
ptolemy.util.test.WatchDog.cancel(): canceling Fri May 03 04:13:29 UTC 2019
auto.tcl: Setting watchdog for 200 seconds at Fri May 03 04:13:29 UTC 2019
2 ms. Memory: 550912K Free: 534311K (97%)
ptolemy.util.test.WatchDog.cancel(): canceling Fri May 03 04:13:29 UTC 2019
------------------ testing $PTII/ptolemy/domains/de/test/auto/ResettableTimer2.xml
auto.tcl: Setting watchdog for 200 seconds at Fri May 03 04:13:29 UTC 2019
5 ms. Memory: 549376K Free: 533186K (97%)
ptolemy.util.test.WatchDog.cancel(): canceling Fri May 03 04:13:29 UTC 2019
auto.tcl: Setting watchdog for 200 seconds at Fri May 03 04:13:29 UTC 2019
2 ms. Memory: 549376K Free: 533186K (97%)
ptolemy.util.test.WatchDog.cancel(): canceling Fri May 03 04:13:29 UTC 2019
------------------ testing $PTII/ptolemy/domains/de/test/auto/ResettableTimer3.xml
auto.tcl: Setting watchdog for 200 seconds at Fri May 03 04:13:29 UTC 2019
1 ms. Memory: 550912K Free: 534369K (97%)
ptolemy.util.test.WatchDog.cancel(): canceling Fri May 03 04:13:29 UTC 2019
auto.tcl: Setting watchdog for 200 seconds at Fri May 03 04:13:29 UTC 2019
1 ms. Memory: 550912K Free: 534369K (97%)
ptolemy.util.test.WatchDog.cancel(): canceling Fri May 03 04:13:29 UTC 2019
------------------ testing $PTII/ptolemy/domains/de/test/auto/ResettableTimer4.xml
auto.tcl: Setting watchdog for 200 seconds at Fri May 03 04:13:29 UTC 2019
1 ms. Memory: 549376K Free: 533198K (97%)
ptolemy.util.test.WatchDog.cancel(): canceling Fri May 03 04:13:29 UTC 2019
auto.tcl: Setting watchdog for 200 seconds at Fri May 03 04:13:29 UTC 2019
1 ms. Memory: 549376K Free: 533198K (97%)
ptolemy.util.test.WatchDog.cancel(): canceling Fri May 03 04:13:29 UTC 2019
------------------ testing $PTII/ptolemy/domains/de/test/auto/ResettableTimer5.xml
auto.tcl: Setting watchdog for 200 seconds at Fri May 03 04:13:29 UTC 2019
1 ms. Memory: 550400K Free: 529188K (96%)
ptolemy.util.test.WatchDog.cancel(): canceling Fri May 03 04:13:29 UTC 2019
auto.tcl: Setting watchdog for 200 seconds at Fri May 03 04:13:29 UTC 2019
1 ms. Memory: 550400K Free: 529188K (96%)
ptolemy.util.test.WatchDog.cancel(): canceling Fri May 03 04:13:29 UTC 2019
------------------ testing $PTII/ptolemy/domains/de/test/auto/ResettableTimer6.xml
auto.tcl: Setting watchdog for 200 seconds at Fri May 03 04:13:29 UTC 2019
2 ms. Memory: 549376K Free: 532793K (97%)
ptolemy.util.test.WatchDog.cancel(): canceling Fri May 03 04:13:29 UTC 2019
auto.tcl: Setting watchdog for 200 seconds at Fri May 03 04:13:29 UTC 2019
2 ms. Memory: 549376K Free: 532793K (97%)
ptolemy.util.test.WatchDog.cancel(): canceling Fri May 03 04:13:29 UTC 2019
------------------ testing $PTII/ptolemy/domains/de/test/auto/ServerZeroDelay.xml
auto.tcl: Setting watchdog for 200 seconds at Fri May 03 04:13:29 UTC 2019
8 ms. Memory: 550400K Free: 534161K (97%)
ptolemy.util.test.WatchDog.cancel(): canceling Fri May 03 04:13:29 UTC 2019
auto.tcl: Setting watchdog for 200 seconds at Fri May 03 04:13:29 UTC 2019
2 ms. Memory: 550400K Free: 534161K (97%)
ptolemy.util.test.WatchDog.cancel(): canceling Fri May 03 04:13:29 UTC 2019
------------------ testing $PTII/ptolemy/domains/de/test/auto/SmartSender.xml
auto.tcl: Setting watchdog for 200 seconds at Fri May 03 04:13:29 UTC 2019
3001 ms. Memory: 549376K Free: 533131K (97%)
ptolemy.util.test.WatchDog.cancel(): canceling Fri May 03 04:13:32 UTC 2019
auto.tcl: Setting watchdog for 200 seconds at Fri May 03 04:13:32 UTC 2019
3002 ms. Memory: 549376K Free: 533131K (97%)
ptolemy.util.test.WatchDog.cancel(): canceling Fri May 03 04:13:35 UTC 2019
------------------ testing $PTII/ptolemy/domains/de/test/auto/ThreadedComposite.xml
auto.tcl: Setting watchdog for 200 seconds at Fri May 03 04:13:35 UTC 2019
248 ms. Memory: 550400K Free: 513174K (93%)
ptolemy.util.test.WatchDog.cancel(): canceling Fri May 03 04:13:36 UTC 2019
auto.tcl: Setting watchdog for 200 seconds at Fri May 03 04:13:36 UTC 2019
233 ms. Memory: 550400K Free: 492516K (89%)
ptolemy.util.test.WatchDog.cancel(): canceling Fri May 03 04:13:36 UTC 2019
------------------ testing $PTII/ptolemy/domains/de/test/auto/Time.xml
auto.tcl: Setting watchdog for 200 seconds at Fri May 03 04:13:36 UTC 2019
488 ms. Memory: 549376K Free: 481028K (88%)
ptolemy.util.test.WatchDog.cancel(): canceling Fri May 03 04:13:36 UTC 2019
auto.tcl: Setting watchdog for 200 seconds at Fri May 03 04:13:36 UTC 2019
476 ms. Memory: 549376K Free: 428202K (78%)
ptolemy.util.test.WatchDog.cancel(): canceling Fri May 03 04:13:37 UTC 2019
------------------ testing $PTII/ptolemy/domains/de/test/auto/TimeDelayZeroDelay.xml
auto.tcl: Setting watchdog for 200 seconds at Fri May 03 04:13:37 UTC 2019
2 ms. Memory: 550400K Free: 533726K (97%)
ptolemy.util.test.WatchDog.cancel(): canceling Fri May 03 04:13:37 UTC 2019
auto.tcl: Setting watchdog for 200 seconds at Fri May 03 04:13:37 UTC 2019
2 ms. Memory: 550400K Free: 533726K (97%)
ptolemy.util.test.WatchDog.cancel(): canceling Fri May 03 04:13:37 UTC 2019
------------------ testing $PTII/ptolemy/domains/de/test/auto/TimerZeroDelay.xml
auto.tcl: Setting watchdog for 200 seconds at Fri May 03 04:13:37 UTC 2019
3 ms. Memory: 549376K Free: 533099K (97%)
ptolemy.util.test.WatchDog.cancel(): canceling Fri May 03 04:13:37 UTC 2019
auto.tcl: Setting watchdog for 200 seconds at Fri May 03 04:13:37 UTC 2019
2 ms. Memory: 549376K Free: 533099K (97%)
ptolemy.util.test.WatchDog.cancel(): canceling Fri May 03 04:13:37 UTC 2019
------------------ testing $PTII/ptolemy/domains/de/test/auto/TimingParadox.xml
auto.tcl: Setting watchdog for 200 seconds at Fri May 03 04:13:37 UTC 2019
366 ms. Memory: 549888K Free: 467451K (85%)
ptolemy.util.test.WatchDog.cancel(): canceling Fri May 03 04:13:38 UTC 2019
auto.tcl: Setting watchdog for 200 seconds at Fri May 03 04:13:38 UTC 2019
357 ms. Memory: 549888K Free: 434436K (79%)
ptolemy.util.test.WatchDog.cancel(): canceling Fri May 03 04:13:38 UTC 2019
------------------ testing $PTII/ptolemy/domains/de/test/auto/TransferInputs.xml
auto.tcl: Setting watchdog for 200 seconds at Fri May 03 04:13:38 UTC 2019
2 ms. Memory: 549888K Free: 532573K (97%)
ptolemy.util.test.WatchDog.cancel(): canceling Fri May 03 04:13:38 UTC 2019
auto.tcl: Setting watchdog for 200 seconds at Fri May 03 04:13:38 UTC 2019
2 ms. Memory: 549888K Free: 532573K (97%)
ptolemy.util.test.WatchDog.cancel(): canceling Fri May 03 04:13:38 UTC 2019
------------------ testing $PTII/ptolemy/domains/de/test/auto/TransferOutputs2.xml
auto.tcl: Setting watchdog for 200 seconds at Fri May 03 04:13:38 UTC 2019
3 ms. Memory: 549376K Free: 526543K (96%)
ptolemy.util.test.WatchDog.cancel(): canceling Fri May 03 04:13:38 UTC 2019
auto.tcl: Setting watchdog for 200 seconds at Fri May 03 04:13:38 UTC 2019
2 ms. Memory: 549376K Free: 526543K (96%)
ptolemy.util.test.WatchDog.cancel(): canceling Fri May 03 04:13:38 UTC 2019
------------------ testing $PTII/ptolemy/domains/de/test/auto/Trilateration.xml
auto.tcl: Setting watchdog for 200 seconds at Fri May 03 04:13:38 UTC 2019
14025 ms. Memory: 453632K Free: 144867K (32%)
ptolemy.util.test.WatchDog.cancel(): canceling Fri May 03 04:13:53 UTC 2019
auto.tcl: Setting watchdog for 200 seconds at Fri May 03 04:13:53 UTC 2019
10847 ms. Memory: 331264K Free: 250170K (76%)
ptolemy.util.test.WatchDog.cancel(): canceling Fri May 03 04:14:04 UTC 2019
------------------ testing $PTII/ptolemy/domains/de/test/auto/TwoSigmaDelta.xml
auto.tcl: Setting watchdog for 200 seconds at Fri May 03 04:14:04 UTC 2019
2682 ms. Memory: 320000K Free: 266424K (83%)
ptolemy.util.test.WatchDog.cancel(): canceling Fri May 03 04:14:07 UTC 2019
auto.tcl: Setting watchdog for 200 seconds at Fri May 03 04:14:07 UTC 2019
1901 ms. Memory: 307712K Free: 260300K (85%)
ptolemy.util.test.WatchDog.cancel(): canceling Fri May 03 04:14:09 UTC 2019
------------------ testing $PTII/ptolemy/domains/de/test/auto/VariableDelay.xml
auto.tcl: Setting watchdog for 200 seconds at Fri May 03 04:14:09 UTC 2019
2 ms. Memory: 309760K Free: 293126K (95%)
ptolemy.util.test.WatchDog.cancel(): canceling Fri May 03 04:14:09 UTC 2019
auto.tcl: Setting watchdog for 200 seconds at Fri May 03 04:14:09 UTC 2019
2 ms. Memory: 309760K Free: 293126K (95%)
ptolemy.util.test.WatchDog.cancel(): canceling Fri May 03 04:14:09 UTC 2019
------------------ testing $PTII/ptolemy/domains/de/test/auto/VariableDelay2.xml
auto.tcl: Setting watchdog for 200 seconds at Fri May 03 04:14:09 UTC 2019
12 ms. Memory: 307712K Free: 293760K (95%)
ptolemy.util.test.WatchDog.cancel(): canceling Fri May 03 04:14:09 UTC 2019
auto.tcl: Setting watchdog for 200 seconds at Fri May 03 04:14:09 UTC 2019
2 ms. Memory: 307712K Free: 293760K (95%)
ptolemy.util.test.WatchDog.cancel(): canceling Fri May 03 04:14:09 UTC 2019
------------------ testing $PTII/ptolemy/domains/de/test/auto/VariableDelayZeroDelay.xml
auto.tcl: Setting watchdog for 200 seconds at Fri May 03 04:14:09 UTC 2019
3 ms. Memory: 309248K Free: 296346K (96%)
ptolemy.util.test.WatchDog.cancel(): canceling Fri May 03 04:14:09 UTC 2019
auto.tcl: Setting watchdog for 200 seconds at Fri May 03 04:14:09 UTC 2019
2 ms. Memory: 309248K Free: 293017K (95%)
ptolemy.util.test.WatchDog.cancel(): canceling Fri May 03 04:14:09 UTC 2019
------------------ testing $PTII/ptolemy/domains/de/test/auto/VariableDelayZeroDelay2.xml
auto.tcl: Setting watchdog for 200 seconds at Fri May 03 04:14:09 UTC 2019
1 ms. Memory: 307712K Free: 294808K (96%)
ptolemy.util.test.WatchDog.cancel(): canceling Fri May 03 04:14:09 UTC 2019
auto.tcl: Setting watchdog for 200 seconds at Fri May 03 04:14:09 UTC 2019
2 ms. Memory: 307712K Free: 291479K (95%)
ptolemy.util.test.WatchDog.cancel(): canceling Fri May 03 04:14:09 UTC 2019
------------------ testing $PTII/ptolemy/domains/de/test/auto/deInCt.xml
auto.tcl: Setting watchdog for 200 seconds at Fri May 03 04:14:09 UTC 2019
0
1
1
1
1
0
0
0
1
1
0
0
0
0
0
0
0
0
0
1
1
1
1
10 ms. Memory: 309248K Free: 293012K (95%)
ptolemy.util.test.WatchDog.cancel(): canceling Fri May 03 04:14:09 UTC 2019
auto.tcl: Setting watchdog for 200 seconds at Fri May 03 04:14:09 UTC 2019
0
1
1
1
1
0
0
0
0
1
1
1
1
0
0
0
1
1
1
0
0
0
1
1
1
1
0
0
0
0
0
5 ms. Memory: 309248K Free: 293012K (95%)
ptolemy.util.test.WatchDog.cancel(): canceling Fri May 03 04:14:09 UTC 2019
------------------ testing $PTII/ptolemy/domains/de/test/auto/deInCt2.xml
auto.tcl: Setting watchdog for 200 seconds at Fri May 03 04:14:09 UTC 2019
0
1
1
1
0
0
1
1
1
0
0
1
1
1
0
0
1
1
1
0
0
1
1
1
0
0
1
1
1
0
0
1
1
1
0
0
1
1
1
0
0
0
6 ms. Memory: 307712K Free: 291478K (95%)
ptolemy.util.test.WatchDog.cancel(): canceling Fri May 03 04:14:09 UTC 2019
auto.tcl: Setting watchdog for 200 seconds at Fri May 03 04:14:09 UTC 2019
0
1
1
1
0
0
1
1
1
0
0
1
1
1
0
0
1
1
1
0
0
1
1
1
0
0
1
1
1
0
0
1
1
1
0
0
1
1
1
0
0
0
9 ms. Memory: 307712K Free: 291478K (95%)
ptolemy.util.test.WatchDog.cancel(): canceling Fri May 03 04:14:09 UTC 2019
------------------ testing $PTII/ptolemy/domains/de/test/auto/dynamicCausalityInterface1.xml
auto.tcl: Setting watchdog for 200 seconds at Fri May 03 04:14:09 UTC 2019
2 ms. Memory: 308736K Free: 289188K (94%)
ptolemy.util.test.WatchDog.cancel(): canceling Fri May 03 04:14:09 UTC 2019
auto.tcl: Setting watchdog for 200 seconds at Fri May 03 04:14:09 UTC 2019
1 ms. Memory: 308736K Free: 289188K (94%)
ptolemy.util.test.WatchDog.cancel(): canceling Fri May 03 04:14:09 UTC 2019
------------------ testing $PTII/ptolemy/domains/de/test/auto/fsm_de_test.xml
auto.tcl: Setting watchdog for 200 seconds at Fri May 03 04:14:09 UTC 2019
13 ms. Memory: 307712K Free: 288059K (94%)
ptolemy.util.test.WatchDog.cancel(): canceling Fri May 03 04:14:09 UTC 2019
auto.tcl: Setting watchdog for 200 seconds at Fri May 03 04:14:09 UTC 2019
5 ms. Memory: 307712K Free: 288059K (94%)
ptolemy.util.test.WatchDog.cancel(): canceling Fri May 03 04:14:09 UTC 2019
------------------ testing $PTII/ptolemy/domains/de/test/auto/functionDependencyReconstruction.xml
auto.tcl: Setting watchdog for 200 seconds at Fri May 03 04:14:09 UTC 2019
2 ms. Memory: 308736K Free: 282422K (91%)
ptolemy.util.test.WatchDog.cancel(): canceling Fri May 03 04:14:09 UTC 2019
auto.tcl: Setting watchdog for 200 seconds at Fri May 03 04:14:09 UTC 2019
3 ms. Memory: 308736K Free: 282422K (91%)
ptolemy.util.test.WatchDog.cancel(): canceling Fri May 03 04:14:09 UTC 2019
------------------ testing $PTII/ptolemy/domains/de/test/auto/multirate.xml
auto.tcl: Setting watchdog for 200 seconds at Fri May 03 04:14:09 UTC 2019
4 ms. Memory: 307712K Free: 291239K (95%)
ptolemy.util.test.WatchDog.cancel(): canceling Fri May 03 04:14:09 UTC 2019
auto.tcl: Setting watchdog for 200 seconds at Fri May 03 04:14:09 UTC 2019
3 ms. Memory: 307712K Free: 287909K (94%)
ptolemy.util.test.WatchDog.cancel(): canceling Fri May 03 04:14:09 UTC 2019
------------------ testing $PTII/ptolemy/domains/de/test/auto/multirate2.xml
auto.tcl: Setting watchdog for 200 seconds at Fri May 03 04:14:09 UTC 2019
5 ms. Memory: 308736K Free: 292431K (95%)
ptolemy.util.test.WatchDog.cancel(): canceling Fri May 03 04:14:10 UTC 2019
auto.tcl: Setting watchdog for 200 seconds at Fri May 03 04:14:10 UTC 2019
3 ms. Memory: 308736K Free: 289117K (94%)
ptolemy.util.test.WatchDog.cancel(): canceling Fri May 03 04:14:10 UTC 2019
------------------ testing $PTII/ptolemy/domains/de/test/auto/realtime.xml
auto.tcl: Setting watchdog for 200 seconds at Fri May 03 04:14:10 UTC 2019
10003 ms. Memory: 307712K Free: 291404K (95%)
ptolemy.util.test.WatchDog.cancel(): canceling Fri May 03 04:14:20 UTC 2019
auto.tcl: Setting watchdog for 200 seconds at Fri May 03 04:14:20 UTC 2019
10002 ms. Memory: 307712K Free: 291404K (95%)
ptolemy.util.test.WatchDog.cancel(): canceling Fri May 03 04:14:30 UTC 2019
------------------ testing $PTII/ptolemy/domains/de/test/auto/relationGroup.xml
auto.tcl: Setting watchdog for 200 seconds at Fri May 03 04:14:30 UTC 2019
2 ms. Memory: 308224K Free: 297547K (97%)
ptolemy.util.test.WatchDog.cancel(): canceling Fri May 03 04:14:30 UTC 2019
auto.tcl: Setting watchdog for 200 seconds at Fri May 03 04:14:30 UTC 2019
2 ms. Memory: 308224K Free: 297547K (97%)
ptolemy.util.test.WatchDog.cancel(): canceling Fri May 03 04:14:30 UTC 2019
------------------ testing $PTII/ptolemy/domains/de/test/auto/relationGroup2.xml
auto.tcl: Setting watchdog for 200 seconds at Fri May 03 04:14:30 UTC 2019
6 ms. Memory: 307712K Free: 294799K (96%)
ptolemy.util.test.WatchDog.cancel(): canceling Fri May 03 04:14:30 UTC 2019
auto.tcl: Setting watchdog for 200 seconds at Fri May 03 04:14:30 UTC 2019
1 ms. Memory: 307712K Free: 294799K (96%)
ptolemy.util.test.WatchDog.cancel(): canceling Fri May 03 04:14:30 UTC 2019
------------------ testing $PTII/ptolemy/domains/de/test/auto/sortWithOpaquePorts.xml
auto.tcl: Setting watchdog for 200 seconds at Fri May 03 04:14:30 UTC 2019
1 ms. Memory: 308224K Free: 291981K (95%)
ptolemy.util.test.WatchDog.cancel(): canceling Fri May 03 04:14:30 UTC 2019
auto.tcl: Setting watchdog for 200 seconds at Fri May 03 04:14:30 UTC 2019
2 ms. Memory: 308224K Free: 291981K (95%)
ptolemy.util.test.WatchDog.cancel(): canceling Fri May 03 04:14:30 UTC 2019
------------------ testing $PTII/ptolemy/domains/de/test/auto/transferInputsandOutputs.xml
auto.tcl: Setting watchdog for 200 seconds at Fri May 03 04:14:30 UTC 2019
2 ms. Memory: 307712K Free: 291457K (95%)
ptolemy.util.test.WatchDog.cancel(): canceling Fri May 03 04:14:30 UTC 2019
auto.tcl: Setting watchdog for 200 seconds at Fri May 03 04:14:30 UTC 2019
3 ms. Memory: 307712K Free: 288143K (94%)
ptolemy.util.test.WatchDog.cancel(): canceling Fri May 03 04:14:30 UTC 2019
------------------ testing $PTII/ptolemy/domains/de/test/auto/triggerType.xml
auto.tcl: Setting watchdog for 200 seconds at Fri May 03 04:14:30 UTC 2019
1 ms. Memory: 308224K Free: 295249K (96%)
ptolemy.util.test.WatchDog.cancel(): canceling Fri May 03 04:14:30 UTC 2019
auto.tcl: Setting watchdog for 200 seconds at Fri May 03 04:14:30 UTC 2019
2 ms. Memory: 308224K Free: 291919K (95%)
ptolemy.util.test.WatchDog.cancel(): canceling Fri May 03 04:14:30 UTC 2019
05/03/19 04:14:30
Failed: 0  Total Tests: 192  ((Passed: 187, Newly Passed: 1)  Known Failed: 5) /home/travis/build/icyphy/ptII/ptolemy/domains/de/test
05/03/19 04:14:30
Failed: 0  Total Tests: 192  ((Passed: 187, Newly Passed: 1)  Known Failed: 5) /home/travis/build/icyphy/ptII/ptolemy/domains/de/test
----------------- testing (KnownFailure) /home/travis/build/icyphy/ptII/ptolemy/domains/de/test/auto/knownFailedTests/DESDFClockTest.xml
2019 ms. Memory: 307712K Free: 285724K (93%)
Known Failure: java.lang.reflect.InvocationTargetException
----------------- testing (KnownFailure) /home/travis/build/icyphy/ptII/ptolemy/domains/de/test/auto/knownFailedTests/DirectFeedback.xml
2 ms. Memory: 307712K Free: 267620K (87%)
Known Failure: java.lang.reflect.InvocationTargetException
----------------- testing (KnownFailure) /home/travis/build/icyphy/ptII/ptolemy/domains/de/test/auto/knownFailedTests/FSMSource.xml
6 ms. Memory: 307712K Free: 244981K (80%)
----------------- testing (KnownFailure) /home/travis/build/icyphy/ptII/ptolemy/domains/de/test/auto/knownFailedTests/HierarchicalModel.xml
3 ms. Memory: 307712K Free: 222327K (72%)
Known Failure: java.lang.reflect.InvocationTargetException
----------------- testing (KnownFailure) /home/travis/build/icyphy/ptII/ptolemy/domains/de/test/auto/knownFailedTests/dependencyLoop.xml
3 ms. Memory: 307712K Free: 190612K (62%)
Known Failure: java.lang.reflect.InvocationTargetException
----------------- testing (KnownFailure) /home/travis/build/icyphy/ptII/ptolemy/domains/de/test/auto/knownFailedTests/dependencyLoop2.xml
3 ms. Memory: 307712K Free: 158912K (52%)
Known Failure: java.lang.reflect.InvocationTargetException
No auto/linux-amd64/*.xml tests in /home/travis/build/icyphy/ptII/ptolemy/domains/de/test
AutoTests.java: About to close Vertx.
AutoTests.java: Vertx closed.

===========================================================================================
----------------- testing Fri May 03 04:14:32 UTC 2019 /home/travis/build/icyphy/ptII/ptolemy/domains/de/test/auto/ActorDepthCalculation_actorWithoutPorts.xml
----------------- Instantiating /home/travis/build/icyphy/ptII/ptolemy/domains/de/test/auto/ActorDepthCalculation_actorWithoutPorts.xml
2 ms. Memory: 307712K Free: 136282K (44%)
----------------- Invoking toplevel() on ptolemy.moml.MoMLSimpleApplication@2954f4d6
----------------- Done invoking toplevel() on ptolemy.moml.MoMLSimpleApplication@2954f4d6
reloadAllAccessors: .ActorDepthCalculation_actorWithoutPorts

===========================================================================================
----------------- testing Fri May 03 04:14:32 UTC 2019 /home/travis/build/icyphy/ptII/ptolemy/domains/de/test/auto/AssemblyLine.xml
----------------- Instantiating /home/travis/build/icyphy/ptII/ptolemy/domains/de/test/auto/AssemblyLine.xml
2 ms. Memory: 307712K Free: 122695K (40%)
----------------- Invoking toplevel() on ptolemy.moml.MoMLSimpleApplication@755ba935
----------------- Done invoking toplevel() on ptolemy.moml.MoMLSimpleApplication@755ba935
reloadAllAccessors: .AssemblyLine

===========================================================================================
----------------- testing Fri May 03 04:14:32 UTC 2019 /home/travis/build/icyphy/ptII/ptolemy/domains/de/test/auto/CQBug1.xml
----------------- Instantiating /home/travis/build/icyphy/ptII/ptolemy/domains/de/test/auto/CQBug1.xml
1 ms. Memory: 307712K Free: 113643K (37%)
----------------- Invoking toplevel() on ptolemy.moml.MoMLSimpleApplication@4db3075b
----------------- Done invoking toplevel() on ptolemy.moml.MoMLSimpleApplication@4db3075b
reloadAllAccessors: .CQBug1

===========================================================================================
----------------- testing Fri May 03 04:14:32 UTC 2019 /home/travis/build/icyphy/ptII/ptolemy/domains/de/test/auto/CancelFireAt.xml
----------------- Instantiating /home/travis/build/icyphy/ptII/ptolemy/domains/de/test/auto/CancelFireAt.xml
2 ms. Memory: 307712K Free: 104591K (34%)
----------------- Invoking toplevel() on ptolemy.moml.MoMLSimpleApplication@8130f0e
----------------- Done invoking toplevel() on ptolemy.moml.MoMLSimpleApplication@8130f0e
reloadAllAccessors: .CancelFireAt

===========================================================================================
----------------- testing Fri May 03 04:14:32 UTC 2019 /home/travis/build/icyphy/ptII/ptolemy/domains/de/test/auto/CausalityAndComposabilityAnalysis.xml
----------------- Instantiating /home/travis/build/icyphy/ptII/ptolemy/domains/de/test/auto/CausalityAndComposabilityAnalysis.xml
2 ms. Memory: 307712K Free: 95539K (31%)
----------------- Invoking toplevel() on ptolemy.moml.MoMLSimpleApplication@2ca9ed0a
----------------- Done invoking toplevel() on ptolemy.moml.MoMLSimpleApplication@2ca9ed0a
reloadAllAccessors: .CausalityAndComposabilityAnalysis

===========================================================================================
----------------- testing Fri May 03 04:14:32 UTC 2019 /home/travis/build/icyphy/ptII/ptolemy/domains/de/test/auto/CausalityInterface1.xml
----------------- Instantiating /home/travis/build/icyphy/ptII/ptolemy/domains/de/test/auto/CausalityInterface1.xml
6 ms. Memory: 307712K Free: 83173K (27%)
----------------- Invoking toplevel() on ptolemy.moml.MoMLSimpleApplication@5dda638a
----------------- Done invoking toplevel() on ptolemy.moml.MoMLSimpleApplication@5dda638a
reloadAllAccessors: .CausalityInterface1

===========================================================================================
----------------- testing Fri May 03 04:14:32 UTC 2019 /home/travis/build/icyphy/ptII/ptolemy/domains/de/test/auto/CausalityInterface15.xml
----------------- Instantiating /home/travis/build/icyphy/ptII/ptolemy/domains/de/test/auto/CausalityInterface15.xml
5 ms. Memory: 298496K Free: 288721K (97%)
----------------- Invoking toplevel() on ptolemy.moml.MoMLSimpleApplication@6b196f0c
----------------- Done invoking toplevel() on ptolemy.moml.MoMLSimpleApplication@6b196f0c
reloadAllAccessors: .CausalityInterface15

[...]
java.lang.RuntimeException: Execution failed
	at ptolemy.moml.MoMLSimpleApplication$UnloadThread.run(MoMLSimpleApplication.java:402)
Caused by: ptolemy.kernel.util.IllegalActionException: Test fails in iteration 1.
Value was: 1.0. Should have been: 2.0
  in .DirectFeedback.Test
	at ptolemy.actor.lib.Test.fire(Test.java:268)
	at ptolemy.domains.de.kernel.DEDirector._fire(DEDirector.java:1949)
	at ptolemy.domains.de.kernel.DEDirector.fire(DEDirector.java:502)
	at ptolemy.actor.CompositeActor.fire(CompositeActor.java:455)
	at ptolemy.actor.Manager.iterate(Manager.java:851)
	at ptolemy.actor.Manager.execute(Manager.java:369)
	at ptolemy.actor.Manager.run(Manager.java:1263)
	at ptolemy.actor.Manager$PtolemyRunThread.run(Manager.java:1915)
java.lang.RuntimeException: Execution failed
	at ptolemy.moml.MoMLSimpleApplication$UnloadThread.run(MoMLSimpleApplication.java:402)
Caused by: ptolemy.kernel.util.IllegalActionException: Actor is not ready to fire.  Perhaps UpSample.prefire() returned false? Try debugging the actor by selecting "Listen to Actor".  Also, for SDF check moml for tokenConsumptionRate on input.
  in .DESDFClockTest.Play Bell.Copy1:SDF Director and .DESDFClockTest.Play Bell.UpSample
	at ptolemy.actor.sched.StaticSchedulingDirector.fire(StaticSchedulingDirector.java:227)
	at ptolemy.domains.sdf.kernel.SDFDirector.fire(SDFDirector.java:500)
	at ptolemy.actor.CompositeActor.fire(CompositeActor.java:455)
	at ptolemy.domains.de.kernel.DEDirector._fire(DEDirector.java:1949)
	at ptolemy.domains.de.kernel.DEDirector.fire(DEDirector.java:502)
	at ptolemy.actor.CompositeActor.fire(CompositeActor.java:455)
	at ptolemy.actor.Manager.iterate(Manager.java:851)
	at ptolemy.actor.Manager.execute(Manager.java:369)
	at ptolemy.actor.Manager.run(Manager.java:1263)
	at ptolemy.actor.Manager$PtolemyRunThread.run(Manager.java:1915)
java.lang.reflect.InvocationTargetException
	at sun.reflect.NativeConstructorAccessorImpl.newInstance0(Native Method)
	at sun.reflect.NativeConstructorAccessorImpl.newInstance(NativeConstructorAccessorImpl.java:62)
	at sun.reflect.DelegatingConstructorAccessorImpl.newInstance(DelegatingConstructorAccessorImpl.java:45)
	at java.lang.reflect.Constructor.newInstance(Constructor.java:423)
	at ptolemy.util.test.junit.AutoKnownFailedTests.RunModel(AutoKnownFailedTests.java:105)
	at sun.reflect.NativeMethodAccessorImpl.invoke0(Native Method)
	at sun.reflect.NativeMethodAccessorImpl.invoke(NativeMethodAccessorImpl.java:62)
	at sun.reflect.DelegatingMethodAccessorImpl.invoke(DelegatingMethodAccessorImpl.java:43)
	at java.lang.reflect.Method.invoke(Method.java:498)
	at org.junit.runners.model.FrameworkMethod$1.runReflectiveCall(FrameworkMethod.java:44)
	at org.junit.internal.runners.model.ReflectiveCallable.run(ReflectiveCallable.java:15)
	at org.junit.runners.model.FrameworkMethod.invokeExplosively(FrameworkMethod.java:41)
	at junitparams.internal.InvokeParameterisedMethod.evaluate(InvokeParameterisedMethod.java:102)
	at org.junit.internal.runners.statements.FailOnTimeout$1.run(FailOnTimeout.java:28)
Caused by: ptolemy.kernel.util.IllegalActionException: Actor is not ready to fire.  Perhaps UpSample.prefire() returned false? Try debugging the actor by selecting "Listen to Actor".  Also, for SDF check moml for tokenConsumptionRate on input.
  in .DESDFClockTest.Play Bell.Copy1:SDF Director and .DESDFClockTest.Play Bell.UpSample
	at ptolemy.actor.sched.StaticSchedulingDirector.fire(StaticSchedulingDirector.java:227)
	at ptolemy.domains.sdf.kernel.SDFDirector.fire(SDFDirector.java:500)
	at ptolemy.actor.CompositeActor.fire(CompositeActor.java:455)
	at ptolemy.domains.de.kernel.DEDirector._fire(DEDirector.java:1949)
	at ptolemy.domains.de.kernel.DEDirector.fire(DEDirector.java:502)
	at ptolemy.actor.CompositeActor.fire(CompositeActor.java:455)
	at ptolemy.actor.Manager.iterate(Manager.java:851)
	at ptolemy.actor.Manager.execute(Manager.java:369)
	at ptolemy.actor.Manager.run(Manager.java:1263)
	at ptolemy.actor.Manager$PtolemyRunThread.run(Manager.java:1915)
java.lang.RuntimeException: Execution failed
	at ptolemy.moml.MoMLSimpleApplication$UnloadThread.run(MoMLSimpleApplication.java:402)
Caused by: ptolemy.kernel.util.IllegalActionException: Test fails in iteration 1.
Value was: 1.0. Should have been: 2.0
  in .DirectFeedback.Test
	at ptolemy.actor.lib.Test.fire(Test.java:268)
	at ptolemy.domains.de.kernel.DEDirector._fire(DEDirector.java:1949)
	at ptolemy.domains.de.kernel.DEDirector.fire(DEDirector.java:502)
	at ptolemy.actor.CompositeActor.fire(CompositeActor.java:455)
	at ptolemy.actor.Manager.iterate(Manager.java:851)
	at ptolemy.actor.Manager.execute(Manager.java:369)
	at ptolemy.actor.Manager.run(Manager.java:1263)
	at ptolemy.actor.Manager$PtolemyRunThread.run(Manager.java:1915)
java.lang.reflect.InvocationTargetException
	at sun.reflect.NativeConstructorAccessorImpl.newInstance0(Native Method)
	at sun.reflect.NativeConstructorAccessorImpl.newInstance(NativeConstructorAccessorImpl.java:62)
	at sun.reflect.DelegatingConstructorAccessorImpl.newInstance(DelegatingConstructorAccessorImpl.java:45)
	at java.lang.reflect.Constructor.newInstance(Constructor.java:423)
	at ptolemy.util.test.junit.AutoKnownFailedTests.RunModel(AutoKnownFailedTests.java:105)
	at sun.reflect.NativeMethodAccessorImpl.invoke0(Native Method)
	at sun.reflect.NativeMethodAccessorImpl.invoke(NativeMethodAccessorImpl.java:62)
	at sun.reflect.DelegatingMethodAccessorImpl.invoke(DelegatingMethodAccessorImpl.java:43)
	at java.lang.reflect.Method.invoke(Method.java:498)
	at org.junit.runners.model.FrameworkMethod$1.runReflectiveCall(FrameworkMethod.java:44)
	at org.junit.internal.runners.model.ReflectiveCallable.run(ReflectiveCallable.java:15)
	at org.junit.runners.model.FrameworkMethod.invokeExplosively(FrameworkMethod.java:41)
	at junitparams.internal.InvokeParameterisedMethod.evaluate(InvokeParameterisedMethod.java:102)
	at org.junit.internal.runners.statements.FailOnTimeout$1.run(FailOnTimeout.java:28)
Caused by: ptolemy.kernel.util.IllegalActionException: Test fails in iteration 1.
Value was: 1.0. Should have been: 2.0
  in .DirectFeedback.Test
	at ptolemy.actor.lib.Test.fire(Test.java:268)
	at ptolemy.domains.de.kernel.DEDirector._fire(DEDirector.java:1949)
	at ptolemy.domains.de.kernel.DEDirector.fire(DEDirector.java:502)
	at ptolemy.actor.CompositeActor.fire(CompositeActor.java:455)
	at ptolemy.actor.Manager.iterate(Manager.java:851)
	at ptolemy.actor.Manager.execute(Manager.java:369)
	at ptolemy.actor.Manager.run(Manager.java:1263)
	at ptolemy.actor.Manager$PtolemyRunThread.run(Manager.java:1915)
java.lang.RuntimeException: Execution failed
	at ptolemy.moml.MoMLSimpleApplication$UnloadThread.run(MoMLSimpleApplication.java:402)
Caused by: ptolemy.kernel.util.IllegalActionException: Found a zero delay loop containing .HierarchicalModel.A
  in .HierarchicalModel and .HierarchicalModel.A
	at ptolemy.actor.util.CausalityInterfaceForComposites._computeOutputPortDepth(CausalityInterfaceForComposites.java:759)
	at ptolemy.actor.util.CausalityInterfaceForComposites._computeInputDepth(CausalityInterfaceForComposites.java:696)
	at ptolemy.actor.util.CausalityInterfaceForComposites._computeOutputPortDepth(CausalityInterfaceForComposites.java:765)
	at ptolemy.actor.util.CausalityInterfaceForComposites._computeInputDepth(CausalityInterfaceForComposites.java:696)
	at ptolemy.actor.util.CausalityInterfaceForComposites._computeOutputPortDepth(CausalityInterfaceForComposites.java:765)
	at ptolemy.actor.util.CausalityInterfaceForComposites._computeInputDepth(CausalityInterfaceForComposites.java:696)
	at ptolemy.actor.util.CausalityInterfaceForComposites._computeActorDepth(CausalityInterfaceForComposites.java:532)
	at ptolemy.actor.util.CausalityInterfaceForComposites.checkForCycles(CausalityInterfaceForComposites.java:96)
	at ptolemy.domains.de.kernel.DEDirector.preinitialize(DEDirector.java:1338)
	at ptolemy.actor.CompositeActor.preinitialize(CompositeActor.java:1828)
	at ptolemy.actor.Manager.preinitializeAndResolveTypes(Manager.java:1040)
	at ptolemy.actor.Manager.initialize(Manager.java:710)
	at ptolemy.actor.Manager.execute(Manager.java:356)
	at ptolemy.actor.Manager.run(Manager.java:1263)
	at ptolemy.actor.Manager$PtolemyRunThread.run(Manager.java:1915)
java.lang.reflect.InvocationTargetException
	at sun.reflect.NativeConstructorAccessorImpl.newInstance0(Native Method)
	at sun.reflect.NativeConstructorAccessorImpl.newInstance(NativeConstructorAccessorImpl.java:62)
	at sun.reflect.DelegatingConstructorAccessorImpl.newInstance(DelegatingConstructorAccessorImpl.java:45)
	at java.lang.reflect.Constructor.newInstance(Constructor.java:423)
	at ptolemy.util.test.junit.AutoKnownFailedTests.RunModel(AutoKnownFailedTests.java:105)
	at sun.reflect.NativeMethodAccessorImpl.invoke0(Native Method)
	at sun.reflect.NativeMethodAccessorImpl.invoke(NativeMethodAccessorImpl.java:62)
	at sun.reflect.DelegatingMethodAccessorImpl.invoke(DelegatingMethodAccessorImpl.java:43)
	at java.lang.reflect.Method.invoke(Method.java:498)
	at org.junit.runners.model.FrameworkMethod$1.runReflectiveCall(FrameworkMethod.java:44)
	at org.junit.internal.runners.model.ReflectiveCallable.run(ReflectiveCallable.java:15)
	at org.junit.runners.model.FrameworkMethod.invokeExplosively(FrameworkMethod.java:41)
	at junitparams.internal.InvokeParameterisedMethod.evaluate(InvokeParameterisedMethod.java:102)
	at org.junit.internal.runners.statements.FailOnTimeout$1.run(FailOnTimeout.java:28)
Caused by: ptolemy.kernel.util.IllegalActionException: Found a zero delay loop containing .HierarchicalModel.A
  in .HierarchicalModel and .HierarchicalModel.A
	at ptolemy.actor.util.CausalityInterfaceForComposites._computeOutputPortDepth(CausalityInterfaceForComposites.java:759)
	at ptolemy.actor.util.CausalityInterfaceForComposites._computeInputDepth(CausalityInterfaceForComposites.java:696)
	at ptolemy.actor.util.CausalityInterfaceForComposites._computeOutputPortDepth(CausalityInterfaceForComposites.java:765)
	at ptolemy.actor.util.CausalityInterfaceForComposites._computeInputDepth(CausalityInterfaceForComposites.java:696)
	at ptolemy.actor.util.CausalityInterfaceForComposites._computeOutputPortDepth(CausalityInterfaceForComposites.java:765)
	at ptolemy.actor.util.CausalityInterfaceForComposites._computeInputDepth(CausalityInterfaceForComposites.java:696)
	at ptolemy.actor.util.CausalityInterfaceForComposites._computeActorDepth(CausalityInterfaceForComposites.java:532)
	at ptolemy.actor.util.CausalityInterfaceForComposites.checkForCycles(CausalityInterfaceForComposites.java:96)
	at ptolemy.domains.de.kernel.DEDirector.preinitialize(DEDirector.java:1338)
	at ptolemy.actor.CompositeActor.preinitialize(CompositeActor.java:1828)
	at ptolemy.actor.Manager.preinitializeAndResolveTypes(Manager.java:1040)
	at ptolemy.actor.Manager.initialize(Manager.java:710)
	at ptolemy.actor.Manager.execute(Manager.java:356)
	at ptolemy.actor.Manager.run(Manager.java:1263)
	at ptolemy.actor.Manager$PtolemyRunThread.run(Manager.java:1915)
java.lang.RuntimeException: Execution failed
	at ptolemy.moml.MoMLSimpleApplication$UnloadThread.run(MoMLSimpleApplication.java:402)
Caused by: ptolemy.kernel.util.IllegalActionException: Found a zero delay loop containing .dependencyLoop.original
  in .dependencyLoop and .dependencyLoop.original
	at ptolemy.actor.util.CausalityInterfaceForComposites._computeOutputPortDepth(CausalityInterfaceForComposites.java:759)
	at ptolemy.actor.util.CausalityInterfaceForComposites._computeInputDepth(CausalityInterfaceForComposites.java:696)
	at ptolemy.actor.util.CausalityInterfaceForComposites._computeOutputPortDepth(CausalityInterfaceForComposites.java:765)
	at ptolemy.actor.util.CausalityInterfaceForComposites._computeInputDepth(CausalityInterfaceForComposites.java:696)
	at ptolemy.actor.util.CausalityInterfaceForComposites._computeOutputPortDepth(CausalityInterfaceForComposites.java:765)
	at ptolemy.actor.util.CausalityInterfaceForComposites._computeInputDepth(CausalityInterfaceForComposites.java:696)
	at ptolemy.actor.util.CausalityInterfaceForComposites._computeActorDepth(CausalityInterfaceForComposites.java:532)
	at ptolemy.actor.util.CausalityInterfaceForComposites.checkForCycles(CausalityInterfaceForComposites.java:96)
	at ptolemy.domains.de.kernel.DEDirector.preinitialize(DEDirector.java:1338)
	at ptolemy.actor.CompositeActor.preinitialize(CompositeActor.java:1828)
	at ptolemy.actor.Manager.preinitializeAndResolveTypes(Manager.java:1040)
	at ptolemy.actor.Manager.initialize(Manager.java:710)
	at ptolemy.actor.Manager.execute(Manager.java:356)
	at ptolemy.actor.Manager.run(Manager.java:1263)
	at ptolemy.actor.Manager$PtolemyRunThread.run(Manager.java:1915)
java.lang.reflect.InvocationTargetException
	at sun.reflect.NativeConstructorAccessorImpl.newInstance0(Native Method)
	at sun.reflect.NativeConstructorAccessorImpl.newInstance(NativeConstructorAccessorImpl.java:62)
	at sun.reflect.DelegatingConstructorAccessorImpl.newInstance(DelegatingConstructorAccessorImpl.java:45)
	at java.lang.reflect.Constructor.newInstance(Constructor.java:423)
	at ptolemy.util.test.junit.AutoKnownFailedTests.RunModel(AutoKnownFailedTests.java:105)
	at sun.reflect.NativeMethodAccessorImpl.invoke0(Native Method)
	at sun.reflect.NativeMethodAccessorImpl.invoke(NativeMethodAccessorImpl.java:62)
	at sun.reflect.DelegatingMethodAccessorImpl.invoke(DelegatingMethodAccessorImpl.java:43)
	at java.lang.reflect.Method.invoke(Method.java:498)
	at org.junit.runners.model.FrameworkMethod$1.runReflectiveCall(FrameworkMethod.java:44)
	at org.junit.internal.runners.model.ReflectiveCallable.run(ReflectiveCallable.java:15)
	at org.junit.runners.model.FrameworkMethod.invokeExplosively(FrameworkMethod.java:41)
	at junitparams.internal.InvokeParameterisedMethod.evaluate(InvokeParameterisedMethod.java:102)
	at org.junit.internal.runners.statements.FailOnTimeout$1.run(FailOnTimeout.java:28)
Caused by: ptolemy.kernel.util.IllegalActionException: Found a zero delay loop containing .dependencyLoop.original
  in .dependencyLoop and .dependencyLoop.original
	at ptolemy.actor.util.CausalityInterfaceForComposites._computeOutputPortDepth(CausalityInterfaceForComposites.java:759)
	at ptolemy.actor.util.CausalityInterfaceForComposites._computeInputDepth(CausalityInterfaceForComposites.java:696)
	at ptolemy.actor.util.CausalityInterfaceForComposites._computeOutputPortDepth(CausalityInterfaceForComposites.java:765)
	at ptolemy.actor.util.CausalityInterfaceForComposites._computeInputDepth(CausalityInterfaceForComposites.java:696)
	at ptolemy.actor.util.CausalityInterfaceForComposites._computeOutputPortDepth(CausalityInterfaceForComposites.java:765)
	at ptolemy.actor.util.CausalityInterfaceForComposites._computeInputDepth(CausalityInterfaceForComposites.java:696)
	at ptolemy.actor.util.CausalityInterfaceForComposites._computeActorDepth(CausalityInterfaceForComposites.java:532)
	at ptolemy.actor.util.CausalityInterfaceForComposites.checkForCycles(CausalityInterfaceForComposites.java:96)
	at ptolemy.domains.de.kernel.DEDirector.preinitialize(DEDirector.java:1338)
	at ptolemy.actor.CompositeActor.preinitialize(CompositeActor.java:1828)
	at ptolemy.actor.Manager.preinitializeAndResolveTypes(Manager.java:1040)
	at ptolemy.actor.Manager.initialize(Manager.java:710)
	at ptolemy.actor.Manager.execute(Manager.java:356)
	at ptolemy.actor.Manager.run(Manager.java:1263)
	at ptolemy.actor.Manager$PtolemyRunThread.run(Manager.java:1915)
java.lang.RuntimeException: Execution failed
	at ptolemy.moml.MoMLSimpleApplication$UnloadThread.run(MoMLSimpleApplication.java:402)
Caused by: ptolemy.kernel.util.IllegalActionException: Found a zero delay loop containing .dependencyLoop2.original
  in .dependencyLoop2 and .dependencyLoop2.original
	at ptolemy.actor.util.CausalityInterfaceForComposites._computeOutputPortDepth(CausalityInterfaceForComposites.java:759)
	at ptolemy.actor.util.CausalityInterfaceForComposites._computeInputDepth(CausalityInterfaceForComposites.java:696)
	at ptolemy.actor.util.CausalityInterfaceForComposites._computeOutputPortDepth(CausalityInterfaceForComposites.java:765)
	at ptolemy.actor.util.CausalityInterfaceForComposites._computeInputDepth(CausalityInterfaceForComposites.java:696)
	at ptolemy.actor.util.CausalityInterfaceForComposites._computeOutputPortDepth(CausalityInterfaceForComposites.java:765)
	at ptolemy.actor.util.CausalityInterfaceForComposites._computeInputDepth(CausalityInterfaceForComposites.java:696)
	at ptolemy.actor.util.CausalityInterfaceForComposites._computeActorDepth(CausalityInterfaceForComposites.java:532)
	at ptolemy.actor.util.CausalityInterfaceForComposites.checkForCycles(CausalityInterfaceForComposites.java:96)
	at ptolemy.domains.de.kernel.DEDirector.preinitialize(DEDirector.java:1338)
	at ptolemy.actor.CompositeActor.preinitialize(CompositeActor.java:1828)
	at ptolemy.actor.Manager.preinitializeAndResolveTypes(Manager.java:1040)
	at ptolemy.actor.Manager.initialize(Manager.java:710)
	at ptolemy.actor.Manager.execute(Manager.java:356)
	at ptolemy.actor.Manager.run(Manager.java:1263)
	at ptolemy.actor.Manager$PtolemyRunThread.run(Manager.java:1915)
java.lang.reflect.InvocationTargetException
	at sun.reflect.NativeConstructorAccessorImpl.newInstance0(Native Method)
	at sun.reflect.NativeConstructorAccessorImpl.newInstance(NativeConstructorAccessorImpl.java:62)
	at sun.reflect.DelegatingConstructorAccessorImpl.newInstance(DelegatingConstructorAccessorImpl.java:45)
	at java.lang.reflect.Constructor.newInstance(Constructor.java:423)
	at ptolemy.util.test.junit.AutoKnownFailedTests.RunModel(AutoKnownFailedTests.java:105)
	at sun.reflect.NativeMethodAccessorImpl.invoke0(Native Method)
	at sun.reflect.NativeMethodAccessorImpl.invoke(NativeMethodAccessorImpl.java:62)
	at sun.reflect.DelegatingMethodAccessorImpl.invoke(DelegatingMethodAccessorImpl.java:43)
	at java.lang.reflect.Method.invoke(Method.java:498)
	at org.junit.runners.model.FrameworkMethod$1.runReflectiveCall(FrameworkMethod.java:44)
	at org.junit.internal.runners.model.ReflectiveCallable.run(ReflectiveCallable.java:15)
	at org.junit.runners.model.FrameworkMethod.invokeExplosively(FrameworkMethod.java:41)
	at junitparams.internal.InvokeParameterisedMethod.evaluate(InvokeParameterisedMethod.java:102)
	at org.junit.internal.runners.statements.FailOnTimeout$1.run(FailOnTimeout.java:28)
Caused by: ptolemy.kernel.util.IllegalActionException: Found a zero delay loop containing .dependencyLoop2.original
  in .dependencyLoop2 and .dependencyLoop2.original
	at ptolemy.actor.util.CausalityInterfaceForComposites._computeOutputPortDepth(CausalityInterfaceForComposites.java:759)
	at ptolemy.actor.util.CausalityInterfaceForComposites._computeInputDepth(CausalityInterfaceForComposites.java:696)
	at ptolemy.actor.util.CausalityInterfaceForComposites._computeOutputPortDepth(CausalityInterfaceForComposites.java:765)
	at ptolemy.actor.util.CausalityInterfaceForComposites._computeInputDepth(CausalityInterfaceForComposites.java:696)
	at ptolemy.actor.util.CausalityInterfaceForComposites._computeOutputPortDepth(CausalityInterfaceForComposites.java:765)
	at ptolemy.actor.util.CausalityInterfaceForComposites._computeInputDepth(CausalityInterfaceForComposites.java:696)
	at ptolemy.actor.util.CausalityInterfaceForComposites._computeActorDepth(CausalityInterfaceForComposites.java:532)
	at ptolemy.actor.util.CausalityInterfaceForComposites.checkForCycles(CausalityInterfaceForComposites.java:96)
	at ptolemy.domains.de.kernel.DEDirector.preinitialize(DEDirector.java:1338)
	at ptolemy.actor.CompositeActor.preinitialize(CompositeActor.java:1828)
	at ptolemy.actor.Manager.preinitializeAndResolveTypes(Manager.java:1040)
	at ptolemy.actor.Manager.initialize(Manager.java:710)
	at ptolemy.actor.Manager.execute(Manager.java:356)
	at ptolemy.actor.Manager.run(Manager.java:1263)
	at ptolemy.actor.Manager$PtolemyRunThread.run(Manager.java:1915)
]]></system-err>
</testsuite>
