<?xml version="1.0" encoding="UTF-8" ?>
<testsuite errors="0" failures="0" hostname="travis-job-8ae61884-4755-4e5d-a57b-22ac2229c067" name="ptolemy.domains.sdf.test.junit.JUnitTclTest" skipped="0" tests="66" time="20.471" timestamp="2020-01-31T07:26:24">
  <properties>
[...]
</properties>
  <testcase classname="ptolemy.util.test.junit.TclTests" name="[0] /home/travis/build/icyphy/ptII/ptolemy/domains/sdf/test/SDFSchedulerErrors.tcl (RunTclFile)" time="0.92" />
  <testcase classname="ptolemy.util.test.junit.TclTests" name="[1] /home/travis/build/icyphy/ptII/ptolemy/domains/sdf/test/composition.tcl (RunTclFile)" time="0.169" />
  <testcase classname="ptolemy.util.test.junit.TclTests" name="[2] /home/travis/build/icyphy/ptII/ptolemy/domains/sdf/test/cycle.tcl (RunTclFile)" time="0.041" />
  <testcase classname="ptolemy.util.test.junit.AutoKnownFailedTests" name="[0] ThereAreNoKnowFailedTests (RunModel)" time="0.001" />
  <testcase classname="ptolemy.util.test.junit.AutoNameArchTests" name="[0] ThereAreNoAutoArchTests (RunModel)" time="0.002" />
  <testcase classname="ptolemy.util.test.junit.AutoTests" name="[0] /home/travis/build/icyphy/ptII/ptolemy/domains/sdf/test/auto/Array.xml (RunModel)" time="0.296" />
  <testcase classname="ptolemy.util.test.junit.AutoTests" name="[1] /home/travis/build/icyphy/ptII/ptolemy/domains/sdf/test/auto/Butterfly.xml (RunModel)" time="0.176" />
  <testcase classname="ptolemy.util.test.junit.AutoTests" name="[2] /home/travis/build/icyphy/ptII/ptolemy/domains/sdf/test/auto/Expression.xml (RunModel)" time="0.13" />
  <testcase classname="ptolemy.util.test.junit.AutoTests" name="[3] /home/travis/build/icyphy/ptII/ptolemy/domains/sdf/test/auto/Eye.xml (RunModel)" time="0.296" />
  <testcase classname="ptolemy.util.test.junit.AutoTests" name="[4] /home/travis/build/icyphy/ptII/ptolemy/domains/sdf/test/auto/FixFIR.xml (RunModel)" time="0.36" />
  <testcase classname="ptolemy.util.test.junit.AutoTests" name="[5] /home/travis/build/icyphy/ptII/ptolemy/domains/sdf/test/auto/FixPoint.xml (RunModel)" time="0.033" />
  <testcase classname="ptolemy.util.test.junit.AutoTests" name="[6] /home/travis/build/icyphy/ptII/ptolemy/domains/sdf/test/auto/Gravitation.xml (RunModel)" time="3.284" />
  <testcase classname="ptolemy.util.test.junit.AutoTests" name="[7] /home/travis/build/icyphy/ptII/ptolemy/domains/sdf/test/auto/GravitationWithCollisionDetection.xml (RunModel)" time="6.595" />
  <testcase classname="ptolemy.util.test.junit.AutoTests" name="[8] /home/travis/build/icyphy/ptII/ptolemy/domains/sdf/test/auto/HDF.xml (RunModel)" time="0.116" />
  <testcase classname="ptolemy.util.test.junit.AutoTests" name="[9] /home/travis/build/icyphy/ptII/ptolemy/domains/sdf/test/auto/HDFwithTransientStates.xml (RunModel)" time="0.064" />
  <testcase classname="ptolemy.util.test.junit.AutoTests" name="[10] /home/travis/build/icyphy/ptII/ptolemy/domains/sdf/test/auto/HTVQ.xml (RunModel)" time="0.838" />
  <testcase classname="ptolemy.util.test.junit.AutoTests" name="[11] /home/travis/build/icyphy/ptII/ptolemy/domains/sdf/test/auto/InferInitProduction.xml (RunModel)" time="0.028" />
  <testcase classname="ptolemy.util.test.junit.AutoTests" name="[12] /home/travis/build/icyphy/ptII/ptolemy/domains/sdf/test/auto/InferInitProductionDeeper.xml (RunModel)" time="0.022" />
  <testcase classname="ptolemy.util.test.junit.AutoTests" name="[13] /home/travis/build/icyphy/ptII/ptolemy/domains/sdf/test/auto/LMSAdaptive.xml (RunModel)" time="0.065" />
  <testcase classname="ptolemy.util.test.junit.AutoTests" name="[14] /home/travis/build/icyphy/ptII/ptolemy/domains/sdf/test/auto/LogisticMap.xml (RunModel)" time="0.494" />
  <testcase classname="ptolemy.util.test.junit.AutoTests" name="[15] /home/travis/build/icyphy/ptII/ptolemy/domains/sdf/test/auto/MaximumEntropySpectrum.xml (RunModel)" time="0.23" />
  <testcase classname="ptolemy.util.test.junit.AutoTests" name="[16] /home/travis/build/icyphy/ptII/ptolemy/domains/sdf/test/auto/MultirateSDF.xml (RunModel)" time="0.062" />
  <testcase classname="ptolemy.util.test.junit.AutoTests" name="[17] /home/travis/build/icyphy/ptII/ptolemy/domains/sdf/test/auto/MultirateSDFwithTransientStates.xml (RunModel)" time="0.084" />
  <testcase classname="ptolemy.util.test.junit.AutoTests" name="[18] /home/travis/build/icyphy/ptII/ptolemy/domains/sdf/test/auto/NoisySinewave.xml (RunModel)" time="0.048" />
  <testcase classname="ptolemy.util.test.junit.AutoTests" name="[19] /home/travis/build/icyphy/ptII/ptolemy/domains/sdf/test/auto/Objects.xml (RunModel)" time="0.053" />
  <testcase classname="ptolemy.util.test.junit.AutoTests" name="[20] /home/travis/build/icyphy/ptII/ptolemy/domains/sdf/test/auto/OrthogonalCom.xml (RunModel)" time="0.039" />
  <testcase classname="ptolemy.util.test.junit.AutoTests" name="[21] /home/travis/build/icyphy/ptII/ptolemy/domains/sdf/test/auto/RijndaelEncryption.xml (RunModel)" time="0.552" />
  <testcase classname="ptolemy.util.test.junit.AutoTests" name="[22] /home/travis/build/icyphy/ptII/ptolemy/domains/sdf/test/auto/SDFEmptyIterations.xml (RunModel)" time="0.018" />
  <testcase classname="ptolemy.util.test.junit.AutoTests" name="[23] /home/travis/build/icyphy/ptII/ptolemy/domains/sdf/test/auto/Spectrum.xml (RunModel)" time="0.114" />
  <testcase classname="ptolemy.util.test.junit.AutoTests" name="[24] /home/travis/build/icyphy/ptII/ptolemy/domains/sdf/test/auto/de_inside_sdf.xml (RunModel)" time="0.023" />
  <testcase classname="ptolemy.util.test.junit.AutoTests" name="[25] /home/travis/build/icyphy/ptII/ptolemy/domains/sdf/test/auto/disconnectedHierarchicalSDF.xml (RunModel)" time="0.025" />
  <testcase classname="ptolemy.util.test.junit.AutoTests" name="[26] /home/travis/build/icyphy/ptII/ptolemy/domains/sdf/test/auto/disconnectedSDF.xml (RunModel)" time="0.018" />
  <testcase classname="ptolemy.util.test.junit.AutoTests" name="[27] /home/travis/build/icyphy/ptII/ptolemy/domains/sdf/test/auto/emptyRefinement.xml (RunModel)" time="0.017" />
  <testcase classname="ptolemy.util.test.junit.AutoTests" name="[28] /home/travis/build/icyphy/ptII/ptolemy/domains/sdf/test/auto/filePortParameter.xml (RunModel)" time="0.034" />
  <testcase classname="ptolemy.util.test.junit.AutoTests" name="[29] /home/travis/build/icyphy/ptII/ptolemy/domains/sdf/test/auto/inferRelationWidth1.xml (RunModel)" time="0.014" />
  <testcase classname="ptolemy.util.test.junit.AutoTests" name="[30] /home/travis/build/icyphy/ptII/ptolemy/domains/sdf/test/auto/initProductionInference.xml (RunModel)" time="0.021" />
  <testcase classname="ptolemy.util.test.junit.AutoTests" name="[31] /home/travis/build/icyphy/ptII/ptolemy/domains/sdf/test/auto/relationGroup.xml (RunModel)" time="0.014" />
  <testcase classname="ptolemy.util.test.junit.AutoTests" name="[32] /home/travis/build/icyphy/ptII/ptolemy/domains/sdf/test/auto/relationGroup10.xml (RunModel)" time="0.016" />
  <testcase classname="ptolemy.util.test.junit.AutoTests" name="[33] /home/travis/build/icyphy/ptII/ptolemy/domains/sdf/test/auto/relationGroup11.xml (RunModel)" time="0.012" />
  <testcase classname="ptolemy.util.test.junit.AutoTests" name="[34] /home/travis/build/icyphy/ptII/ptolemy/domains/sdf/test/auto/relationGroup12.xml (RunModel)" time="0.014" />
  <testcase classname="ptolemy.util.test.junit.AutoTests" name="[35] /home/travis/build/icyphy/ptII/ptolemy/domains/sdf/test/auto/relationGroup13.xml (RunModel)" time="0.016" />
  <testcase classname="ptolemy.util.test.junit.AutoTests" name="[36] /home/travis/build/icyphy/ptII/ptolemy/domains/sdf/test/auto/relationGroup14.xml (RunModel)" time="0.013" />
  <testcase classname="ptolemy.util.test.junit.AutoTests" name="[37] /home/travis/build/icyphy/ptII/ptolemy/domains/sdf/test/auto/relationGroup15.xml (RunModel)" time="0.013" />
  <testcase classname="ptolemy.util.test.junit.AutoTests" name="[38] /home/travis/build/icyphy/ptII/ptolemy/domains/sdf/test/auto/relationGroup2.xml (RunModel)" time="0.018" />
  <testcase classname="ptolemy.util.test.junit.AutoTests" name="[39] /home/travis/build/icyphy/ptII/ptolemy/domains/sdf/test/auto/relationGroup3.xml (RunModel)" time="0.008" />
  <testcase classname="ptolemy.util.test.junit.AutoTests" name="[40] /home/travis/build/icyphy/ptII/ptolemy/domains/sdf/test/auto/relationGroup4.xml (RunModel)" time="0.015" />
  <testcase classname="ptolemy.util.test.junit.AutoTests" name="[41] /home/travis/build/icyphy/ptII/ptolemy/domains/sdf/test/auto/relationGroup5.xml (RunModel)" time="0.016" />
  <testcase classname="ptolemy.util.test.junit.AutoTests" name="[42] /home/travis/build/icyphy/ptII/ptolemy/domains/sdf/test/auto/relationGroup6.xml (RunModel)" time="0.012" />
  <testcase classname="ptolemy.util.test.junit.AutoTests" name="[43] /home/travis/build/icyphy/ptII/ptolemy/domains/sdf/test/auto/relationGroup7.xml (RunModel)" time="0.014" />
  <testcase classname="ptolemy.util.test.junit.AutoTests" name="[44] /home/travis/build/icyphy/ptII/ptolemy/domains/sdf/test/auto/relationGroup8.xml (RunModel)" time="0.015" />
  <testcase classname="ptolemy.util.test.junit.AutoTests" name="[45] /home/travis/build/icyphy/ptII/ptolemy/domains/sdf/test/auto/relationGroup9.xml (RunModel)" time="0.014" />
  <testcase classname="ptolemy.util.test.junit.AutoTests" name="[46] /home/travis/build/icyphy/ptII/ptolemy/domains/sdf/test/auto/sdf_inside_de.xml (RunModel)" time="0.048" />
  <testcase classname="ptolemy.util.test.junit.AutoTests" name="[47] /home/travis/build/icyphy/ptII/ptolemy/domains/sdf/test/auto/sdf_inside_pn.xml (RunModel)" time="0.042" />
  <testcase classname="ptolemy.util.test.junit.AutoTests" name="[48] /home/travis/build/icyphy/ptII/ptolemy/domains/sdf/test/auto/sdf_sdf1.xml (RunModel)" time="0.02" />
  <testcase classname="ptolemy.util.test.junit.AutoTests" name="[49] /home/travis/build/icyphy/ptII/ptolemy/domains/sdf/test/auto/test1.xml (RunModel)" time="0.015" />
  <testcase classname="ptolemy.util.test.junit.AutoTests" name="[50] /home/travis/build/icyphy/ptII/ptolemy/domains/sdf/test/auto/time1.xml (RunModel)" time="0.01" />
  <testcase classname="ptolemy.util.test.junit.AutoTests" name="[51] /home/travis/build/icyphy/ptII/ptolemy/domains/sdf/test/auto/time2.xml (RunModel)" time="0.011" />
  <testcase classname="ptolemy.util.test.junit.AutoTests" name="[52] /home/travis/build/icyphy/ptII/ptolemy/domains/sdf/test/auto/time3.xml (RunModel)" time="0.022" />
  <testcase classname="ptolemy.util.test.junit.AutoTests" name="[53] /home/travis/build/icyphy/ptII/ptolemy/domains/sdf/test/auto/time4.xml (RunModel)" time="0.016" />
  <testcase classname="ptolemy.util.test.junit.AutoTests" name="[54] /home/travis/build/icyphy/ptII/ptolemy/domains/sdf/test/auto/time5.xml (RunModel)" time="4.008" />
  <testcase classname="ptolemy.util.test.junit.AutoTests" name="[55] /home/travis/build/icyphy/ptII/ptolemy/domains/sdf/test/auto/typeSystem_Const_Integer_smallest_Type.xml (RunModel)" time="0.026" />
  <testcase classname="ptolemy.util.test.junit.AutoTests" name="[56] /home/travis/build/icyphy/ptII/ptolemy/domains/sdf/test/auto/typeSystem_declared_Inports_OutportTypeException.xml (RunModel)" time="0.021" />
  <testcase classname="ptolemy.util.test.junit.AutoTests" name="[57] /home/travis/build/icyphy/ptII/ptolemy/domains/sdf/test/auto/typeSystem_oneDeclaredInportType_wrongTypeOutport.xml (RunModel)" time="0.016" />
  <testcase classname="ptolemy.util.test.junit.AutoTests" name="[58] /home/travis/build/icyphy/ptII/ptolemy/domains/sdf/test/auto/width.xml (RunModel)" time="0.018" />
  <testcase classname="ptolemy.util.test.junit.AutoTests" name="[59] /home/travis/build/icyphy/ptII/ptolemy/domains/sdf/test/auto/width2.xml (RunModel)" time="0.039" />
  <testcase classname="ptolemy.util.test.junit.AutoTests" name="[60] /home/travis/build/icyphy/ptII/ptolemy/domains/sdf/test/auto/width3.xml (RunModel)" time="0.039" />
  <system-out><![CDATA[/home/travis/build/icyphy/ptII/ptolemy/domains/sdf/test/SDFSchedulerErrors.tcl
testDefs.tcl: setting time out to 9000 seconds at Fri Jan 31 07:26:24 UTC 2020
75 ms. Memory: 129024K Free: 89028K (69%)
7 ms. Memory: 129024K Free: 81339K (63%)
7 ms. Memory: 129024K Free: 75187K (58%)
6 ms. Memory: 129024K Free: 72130K (56%)
/home/travis/build/icyphy/ptII/ptolemy/domains/sdf/test/composition.tcl
26 ms. Memory: 129024K Free: 68019K (53%)
16 ms. Memory: 129024K Free: 65971K (51%)
/home/travis/build/icyphy/ptII/ptolemy/domains/sdf/test/cycle.tcl
.Toplevel.Director Preinitializing ...
Invoking preinitialize():  .Toplevel.Actor1
Invoking preinitialize():  .Toplevel.Actor2
Invoking preinitialize():  .Toplevel.Delay
.Toplevel.Director Finished preinitialize().
### Schedule:
Execute Schedule{
Fire Actor ptolemy.domains.sdf.kernel.test.SDFTestDelay {.Toplevel.Actor1}
Fire Actor ptolemy.domains.sdf.kernel.test.SDFTestDelay {.Toplevel.Actor2}
Fire Actor ptolemy.domains.sdf.lib.SampleDelay {.Toplevel.Delay}
}
### End schedule
Called initialize().
Invoking initialize():  .Toplevel.Actor1
Initializing actor: .Toplevel.Actor1.
Invoking initialize():  .Toplevel.Actor2
Initializing actor: .Toplevel.Actor2.
Invoking initialize():  .Toplevel.Delay
Initializing actor: .Toplevel.Delay.
Director: Called prefire().
-- Setting current time to 0.0
Director prefire returns true.
The actor .Toplevel.Actor1 will be iterated.
The actor .Toplevel.Actor1 was iterated.
The actor .Toplevel.Actor2 will be iterated.
The actor .Toplevel.Actor2 was iterated.
The actor .Toplevel.Delay will be iterated.
The actor .Toplevel.Delay was iterated.
Director: Called postfire().
Postfire returns: true
Director: Called prefire().
-- Setting current time to 0.0
Director prefire returns true.
The actor .Toplevel.Actor1 will be iterated.
The actor .Toplevel.Actor1 was iterated.
The actor .Toplevel.Actor2 will be iterated.
The actor .Toplevel.Actor2 was iterated.
The actor .Toplevel.Delay will be iterated.
The actor .Toplevel.Delay was iterated.
Director: Called postfire().
Postfire returns: true
Director: Called prefire().
-- Setting current time to 0.0
Director prefire returns true.
The actor .Toplevel.Actor1 will be iterated.
The actor .Toplevel.Actor1 was iterated.
The actor .Toplevel.Actor2 will be iterated.
The actor .Toplevel.Actor2 was iterated.
The actor .Toplevel.Delay will be iterated.
The actor .Toplevel.Delay was iterated.
Director: Called postfire().
Postfire returns: true
Director: Called prefire().
-- Setting current time to 0.0
Director prefire returns true.
The actor .Toplevel.Actor1 will be iterated.
The actor .Toplevel.Actor1 was iterated.
The actor .Toplevel.Actor2 will be iterated.
The actor .Toplevel.Actor2 was iterated.
The actor .Toplevel.Delay will be iterated.
The actor .Toplevel.Delay was iterated.
Director: Called postfire().
Postfire returns: true
Director: Called prefire().
-- Setting current time to 0.0
Director prefire returns true.
The actor .Toplevel.Actor1 will be iterated.
The actor .Toplevel.Actor1 was iterated.
The actor .Toplevel.Actor2 will be iterated.
The actor .Toplevel.Actor2 was iterated.
The actor .Toplevel.Delay will be iterated.
The actor .Toplevel.Delay was iterated.
Director: Called postfire().
Postfire returns: true
Director: Called prefire().
-- Setting current time to 0.0
Director prefire returns true.
The actor .Toplevel.Actor1 will be iterated.
The actor .Toplevel.Actor1 was iterated.
The actor .Toplevel.Actor2 will be iterated.
The actor .Toplevel.Actor2 was iterated.
The actor .Toplevel.Delay will be iterated.
The actor .Toplevel.Delay was iterated.
Reached specified number of iterations: 6
Director: Called wrapup().
19 ms. Memory: 129024K Free: 62914K (49%)
01/31/20 07:26:25
Failed: 0  Total Tests: 8  ((Passed: 8, Newly Passed: 0)  Known Failed: 0) /home/travis/build/icyphy/ptII/ptolemy/domains/sdf/test
No auto/knownFailedTests/*.xml tests in /home/travis/build/icyphy/ptII/ptolemy/domains/sdf/test
No auto/linux-amd64/*.xml tests in /home/travis/build/icyphy/ptII/ptolemy/domains/sdf/test
AutoTests.java: About to close Vertx.
AutoTests.java: Vertx closed.

===========================================================================================
----------------- testing Fri Jan 31 07:26:25 UTC 2020 /home/travis/build/icyphy/ptII/ptolemy/domains/sdf/test/auto/Array.xml
----------------- Instantiating /home/travis/build/icyphy/ptII/ptolemy/domains/sdf/test/auto/Array.xml
57 ms. Memory: 129024K Free: 107965K (84%)
----------------- Invoking toplevel() on ptolemy.moml.MoMLSimpleApplication@3f7a8417
----------------- Done invoking toplevel() on ptolemy.moml.MoMLSimpleApplication@3f7a8417
reloadAllAccessors: .Array

===========================================================================================
----------------- testing Fri Jan 31 07:26:26 UTC 2020 /home/travis/build/icyphy/ptII/ptolemy/domains/sdf/test/auto/Butterfly.xml
----------------- Instantiating /home/travis/build/icyphy/ptII/ptolemy/domains/sdf/test/auto/Butterfly.xml
101 ms. Memory: 129024K Free: 101878K (79%)
----------------- Invoking toplevel() on ptolemy.moml.MoMLSimpleApplication@3e102b74
----------------- Done invoking toplevel() on ptolemy.moml.MoMLSimpleApplication@3e102b74
reloadAllAccessors: .Butterfly

===========================================================================================
----------------- testing Fri Jan 31 07:26:26 UTC 2020 /home/travis/build/icyphy/ptII/ptolemy/domains/sdf/test/auto/Expression.xml
----------------- Instantiating /home/travis/build/icyphy/ptII/ptolemy/domains/sdf/test/auto/Expression.xml
55 ms. Memory: 129024K Free: 97107K (75%)
----------------- Invoking toplevel() on ptolemy.moml.MoMLSimpleApplication@3a7d6a5e
----------------- Done invoking toplevel() on ptolemy.moml.MoMLSimpleApplication@3a7d6a5e
reloadAllAccessors: .Expression

===========================================================================================
----------------- testing Fri Jan 31 07:26:26 UTC 2020 /home/travis/build/icyphy/ptII/ptolemy/domains/sdf/test/auto/Eye.xml
----------------- Instantiating /home/travis/build/icyphy/ptII/ptolemy/domains/sdf/test/auto/Eye.xml
160 ms. Memory: 129024K Free: 72531K (56%)
----------------- Invoking toplevel() on ptolemy.moml.MoMLSimpleApplication@4cfcf282
----------------- Done invoking toplevel() on ptolemy.moml.MoMLSimpleApplication@4cfcf282
reloadAllAccessors: .Eye

===========================================================================================
----------------- testing Fri Jan 31 07:26:26 UTC 2020 /home/travis/build/icyphy/ptII/ptolemy/domains/sdf/test/auto/FixFIR.xml
----------------- Instantiating /home/travis/build/icyphy/ptII/ptolemy/domains/sdf/test/auto/FixFIR.xml
193 ms. Memory: 129024K Free: 82741K (64%)
----------------- Invoking toplevel() on ptolemy.moml.MoMLSimpleApplication@496ec914
----------------- Done invoking toplevel() on ptolemy.moml.MoMLSimpleApplication@496ec914
reloadAllAccessors: .FixFIR

===========================================================================================
----------------- testing Fri Jan 31 07:26:27 UTC 2020 /home/travis/build/icyphy/ptII/ptolemy/domains/sdf/test/auto/FixPoint.xml
----------------- Instantiating /home/travis/build/icyphy/ptII/ptolemy/domains/sdf/test/auto/FixPoint.xml
13 ms. Memory: 129024K Free: 77546K (60%)
----------------- Invoking toplevel() on ptolemy.moml.MoMLSimpleApplication@7fdf1182
----------------- Done invoking toplevel() on ptolemy.moml.MoMLSimpleApplication@7fdf1182
reloadAllAccessors: .FixPoint

===========================================================================================
----------------- testing Fri Jan 31 07:26:27 UTC 2020 /home/travis/build/icyphy/ptII/ptolemy/domains/sdf/test/auto/Gravitation.xml
----------------- Instantiating /home/travis/build/icyphy/ptII/ptolemy/domains/sdf/test/auto/Gravitation.xml
3190 ms. Memory: 166912K Free: 86412K (52%)
----------------- Invoking toplevel() on ptolemy.moml.MoMLSimpleApplication@bb82f45
----------------- Done invoking toplevel() on ptolemy.moml.MoMLSimpleApplication@bb82f45
reloadAllAccessors: .Gravitation

===========================================================================================
----------------- testing Fri Jan 31 07:26:30 UTC 2020 /home/travis/build/icyphy/ptII/ptolemy/domains/sdf/test/auto/GravitationWithCollisionDetection.xml
----------------- Instantiating /home/travis/build/icyphy/ptII/ptolemy/domains/sdf/test/auto/GravitationWithCollisionDetection.xml
6355 ms. Memory: 299008K Free: 158895K (53%)
----------------- Invoking toplevel() on ptolemy.moml.MoMLSimpleApplication@5829899c
----------------- Done invoking toplevel() on ptolemy.moml.MoMLSimpleApplication@5829899c
reloadAllAccessors: .GravitationWithCollisionDetection

===========================================================================================
----------------- testing Fri Jan 31 07:26:36 UTC 2020 /home/travis/build/icyphy/ptII/ptolemy/domains/sdf/test/auto/HDF.xml
----------------- Instantiating /home/travis/build/icyphy/ptII/ptolemy/domains/sdf/test/auto/HDF.xml
33 ms. Memory: 299008K Free: 143021K (48%)
----------------- Invoking toplevel() on ptolemy.moml.MoMLSimpleApplication@409e97f9
----------------- Done invoking toplevel() on ptolemy.moml.MoMLSimpleApplication@409e97f9
reloadAllAccessors: .HDF

===========================================================================================
----------------- testing Fri Jan 31 07:26:37 UTC 2020 /home/travis/build/icyphy/ptII/ptolemy/domains/sdf/test/auto/HDFwithTransientStates.xml
----------------- Instantiating /home/travis/build/icyphy/ptII/ptolemy/domains/sdf/test/auto/HDFwithTransientStates.xml
18 ms. Memory: 299008K Free: 124079K (41%)
----------------- Invoking toplevel() on ptolemy.moml.MoMLSimpleApplication@58e000a1
----------------- Done invoking toplevel() on ptolemy.moml.MoMLSimpleApplication@58e000a1
reloadAllAccessors: .HDFwithTransientStates

===========================================================================================
----------------- testing Fri Jan 31 07:26:37 UTC 2020 /home/travis/build/icyphy/ptII/ptolemy/domains/sdf/test/auto/HTVQ.xml
----------------- Instantiating /home/travis/build/icyphy/ptII/ptolemy/domains/sdf/test/auto/HTVQ.xml
802 ms. Memory: 299008K Free: 131818K (44%)
----------------- Invoking toplevel() on ptolemy.moml.MoMLSimpleApplication@6478e5b6
----------------- Done invoking toplevel() on ptolemy.moml.MoMLSimpleApplication@6478e5b6
reloadAllAccessors: .HTVQ

===========================================================================================
----------------- testing Fri Jan 31 07:26:37 UTC 2020 /home/travis/build/icyphy/ptII/ptolemy/domains/sdf/test/auto/InferInitProduction.xml
----------------- Instantiating /home/travis/build/icyphy/ptII/ptolemy/domains/sdf/test/auto/InferInitProduction.xml
7 ms. Memory: 299008K Free: 126016K (42%)
----------------- Invoking toplevel() on ptolemy.moml.MoMLSimpleApplication@c4c56b9
----------------- Done invoking toplevel() on ptolemy.moml.MoMLSimpleApplication@c4c56b9
reloadAllAccessors: .InferInitProduction

===========================================================================================
----------------- testing Fri Jan 31 07:26:37 UTC 2020 /home/travis/build/icyphy/ptII/ptolemy/domains/sdf/test/auto/InferInitProductionDeeper.xml
----------------- Instantiating /home/travis/build/icyphy/ptII/ptolemy/domains/sdf/test/auto/InferInitProductionDeeper.xml
5 ms. Memory: 299008K Free: 119872K (40%)
----------------- Invoking toplevel() on ptolemy.moml.MoMLSimpleApplication@244d1a4f
----------------- Done invoking toplevel() on ptolemy.moml.MoMLSimpleApplication@244d1a4f
reloadAllAccessors: .InferInitProductionDeeper

===========================================================================================
----------------- testing Fri Jan 31 07:26:37 UTC 2020 /home/travis/build/icyphy/ptII/ptolemy/domains/sdf/test/auto/LMSAdaptive.xml
----------------- Instantiating /home/travis/build/icyphy/ptII/ptolemy/domains/sdf/test/auto/LMSAdaptive.xml
15 ms. Memory: 299008K Free: 110656K (37%)
----------------- Invoking toplevel() on ptolemy.moml.MoMLSimpleApplication@1a3dcc10
----------------- Done invoking toplevel() on ptolemy.moml.MoMLSimpleApplication@1a3dcc10
reloadAllAccessors: .LMSAdaptive

===========================================================================================
----------------- testing Fri Jan 31 07:26:38 UTC 2020 /home/travis/build/icyphy/ptII/ptolemy/domains/sdf/test/auto/LogisticMap.xml
----------------- Instantiating /home/travis/build/icyphy/ptII/ptolemy/domains/sdf/test/auto/LogisticMap.xml
453 ms. Memory: 299008K Free: 279754K (94%)
----------------- Invoking toplevel() on ptolemy.moml.MoMLSimpleApplication@3f1000d5
----------------- Done invoking toplevel() on ptolemy.moml.MoMLSimpleApplication@3f1000d5
reloadAllAccessors: .LogisticMap

===========================================================================================
----------------- testing Fri Jan 31 07:26:38 UTC 2020 /home/travis/build/icyphy/ptII/ptolemy/domains/sdf/test/auto/MaximumEntropySpectrum.xml
----------------- Instantiating /home/travis/build/icyphy/ptII/ptolemy/domains/sdf/test/auto/MaximumEntropySpectrum.xml
53 ms. Memory: 299008K Free: 217851K (73%)
----------------- Invoking toplevel() on ptolemy.moml.MoMLSimpleApplication@7618c8ec
----------------- Done invoking toplevel() on ptolemy.moml.MoMLSimpleApplication@7618c8ec
reloadAllAccessors: .MaximumEntropySpectrum

===========================================================================================
----------------- testing Fri Jan 31 07:26:38 UTC 2020 /home/travis/build/icyphy/ptII/ptolemy/domains/sdf/test/auto/MultirateSDF.xml
----------------- Instantiating /home/travis/build/icyphy/ptII/ptolemy/domains/sdf/test/auto/MultirateSDF.xml
17 ms. Memory: 299008K Free: 203515K (68%)
----------------- Invoking toplevel() on ptolemy.moml.MoMLSimpleApplication@383f7988
----------------- Done invoking toplevel() on ptolemy.moml.MoMLSimpleApplication@383f7988
reloadAllAccessors: .MultirateSDF

===========================================================================================
----------------- testing Fri Jan 31 07:26:38 UTC 2020 /home/travis/build/icyphy/ptII/ptolemy/domains/sdf/test/auto/MultirateSDFwithTransientStates.xml
----------------- Instantiating /home/travis/build/icyphy/ptII/ptolemy/domains/sdf/test/auto/MultirateSDFwithTransientStates.xml
17 ms. Memory: 299008K Free: 184059K (62%)
----------------- Invoking toplevel() on ptolemy.moml.MoMLSimpleApplication@3fc3a30e
----------------- Done invoking toplevel() on ptolemy.moml.MoMLSimpleApplication@3fc3a30e
reloadAllAccessors: .MultirateSDFwithTransientStates

===========================================================================================
----------------- testing Fri Jan 31 07:26:38 UTC 2020 /home/travis/build/icyphy/ptII/ptolemy/domains/sdf/test/auto/NoisySinewave.xml
----------------- Instantiating /home/travis/build/icyphy/ptII/ptolemy/domains/sdf/test/auto/NoisySinewave.xml
13 ms. Memory: 299008K Free: 167675K (56%)
----------------- Invoking toplevel() on ptolemy.moml.MoMLSimpleApplication@4816a716
----------------- Done invoking toplevel() on ptolemy.moml.MoMLSimpleApplication@4816a716
reloadAllAccessors: .NoisySinewave

===========================================================================================
----------------- testing Fri Jan 31 07:26:38 UTC 2020 /home/travis/build/icyphy/ptII/ptolemy/domains/sdf/test/auto/Objects.xml
----------------- Instantiating /home/travis/build/icyphy/ptII/ptolemy/domains/sdf/test/auto/Objects.xml
6 ms. Memory: 299008K Free: 158969K (53%)
----------------- Invoking toplevel() on ptolemy.moml.MoMLSimpleApplication@1a212ea9
----------------- Done invoking toplevel() on ptolemy.moml.MoMLSimpleApplication@1a212ea9
reloadAllAccessors: .Objects

===========================================================================================
----------------- testing Fri Jan 31 07:26:39 UTC 2020 /home/travis/build/icyphy/ptII/ptolemy/domains/sdf/test/auto/OrthogonalCom.xml
----------------- Instantiating /home/travis/build/icyphy/ptII/ptolemy/domains/sdf/test/auto/OrthogonalCom.xml
4 ms. Memory: 299008K Free: 151291K (51%)
----------------- Invoking toplevel() on ptolemy.moml.MoMLSimpleApplication@3af3be18
----------------- Done invoking toplevel() on ptolemy.moml.MoMLSimpleApplication@3af3be18
reloadAllAccessors: .OrthogonalCom

===========================================================================================
----------------- testing Fri Jan 31 07:26:39 UTC 2020 /home/travis/build/icyphy/ptII/ptolemy/domains/sdf/test/auto/RijndaelEncryption.xml
----------------- Instantiating /home/travis/build/icyphy/ptII/ptolemy/domains/sdf/test/auto/RijndaelEncryption.xml
256 ms. Memory: 377856K Free: 259499K (69%)
----------------- Invoking toplevel() on ptolemy.moml.MoMLSimpleApplication@49ff3170
----------------- Done invoking toplevel() on ptolemy.moml.MoMLSimpleApplication@49ff3170
reloadAllAccessors: .RijndaelEncryption

===========================================================================================
----------------- testing Fri Jan 31 07:26:39 UTC 2020 /home/travis/build/icyphy/ptII/ptolemy/domains/sdf/test/auto/SDFEmptyIterations.xml
----------------- Instantiating /home/travis/build/icyphy/ptII/ptolemy/domains/sdf/test/auto/SDFEmptyIterations.xml
3 ms. Memory: 377856K Free: 254893K (67%)
----------------- Invoking toplevel() on ptolemy.moml.MoMLSimpleApplication@2aad1ab7
----------------- Done invoking toplevel() on ptolemy.moml.MoMLSimpleApplication@2aad1ab7
reloadAllAccessors: .SDFEmptyIterations

===========================================================================================
----------------- testing Fri Jan 31 07:26:39 UTC 2020 /home/travis/build/icyphy/ptII/ptolemy/domains/sdf/test/auto/Spectrum.xml
----------------- Instantiating /home/travis/build/icyphy/ptII/ptolemy/domains/sdf/test/auto/Spectrum.xml
41 ms. Memory: 377856K Free: 230317K (61%)
----------------- Invoking toplevel() on ptolemy.moml.MoMLSimpleApplication@6368d23
----------------- Done invoking toplevel() on ptolemy.moml.MoMLSimpleApplication@6368d23
reloadAllAccessors: .Spectrum

===========================================================================================
----------------- testing Fri Jan 31 07:26:39 UTC 2020 /home/travis/build/icyphy/ptII/ptolemy/domains/sdf/test/auto/de_inside_sdf.xml
----------------- Instantiating /home/travis/build/icyphy/ptII/ptolemy/domains/sdf/test/auto/de_inside_sdf.xml
7 ms. Memory: 377856K Free: 225197K (60%)
----------------- Invoking toplevel() on ptolemy.moml.MoMLSimpleApplication@68b08d0c
----------------- Done invoking toplevel() on ptolemy.moml.MoMLSimpleApplication@68b08d0c
reloadAllAccessors: .de_inside_sdf

===========================================================================================
----------------- testing Fri Jan 31 07:26:39 UTC 2020 /home/travis/build/icyphy/ptII/ptolemy/domains/sdf/test/auto/disconnectedHierarchicalSDF.xml
----------------- Instantiating /home/travis/build/icyphy/ptII/ptolemy/domains/sdf/test/auto/disconnectedHierarchicalSDF.xml
4 ms. Memory: 377856K Free: 219053K (58%)
----------------- Invoking toplevel() on ptolemy.moml.MoMLSimpleApplication@24861822
----------------- Done invoking toplevel() on ptolemy.moml.MoMLSimpleApplication@24861822
reloadAllAccessors: .disconnectedHierarchicalSDF

===========================================================================================
----------------- testing Fri Jan 31 07:26:39 UTC 2020 /home/travis/build/icyphy/ptII/ptolemy/domains/sdf/test/auto/disconnectedSDF.xml
----------------- Instantiating /home/travis/build/icyphy/ptII/ptolemy/domains/sdf/test/auto/disconnectedSDF.xml
2 ms. Memory: 377856K Free: 214957K (57%)
----------------- Invoking toplevel() on ptolemy.moml.MoMLSimpleApplication@3b504538
----------------- Done invoking toplevel() on ptolemy.moml.MoMLSimpleApplication@3b504538
reloadAllAccessors: .disconnectedSDF

===========================================================================================
----------------- testing Fri Jan 31 07:26:39 UTC 2020 /home/travis/build/icyphy/ptII/ptolemy/domains/sdf/test/auto/emptyRefinement.xml
----------------- Instantiating /home/travis/build/icyphy/ptII/ptolemy/domains/sdf/test/auto/emptyRefinement.xml
3 ms. Memory: 377856K Free: 210347K (56%)
----------------- Invoking toplevel() on ptolemy.moml.MoMLSimpleApplication@37222451
----------------- Done invoking toplevel() on ptolemy.moml.MoMLSimpleApplication@37222451
reloadAllAccessors: .emptyRefinement

===========================================================================================
----------------- testing Fri Jan 31 07:26:39 UTC 2020 /home/travis/build/icyphy/ptII/ptolemy/domains/sdf/test/auto/filePortParameter.xml
----------------- Instantiating /home/travis/build/icyphy/ptII/ptolemy/domains/sdf/test/auto/filePortParameter.xml
8 ms. Memory: 377856K Free: 203179K (54%)
----------------- Invoking toplevel() on ptolemy.moml.MoMLSimpleApplication@4ea0be58
----------------- Done invoking toplevel() on ptolemy.moml.MoMLSimpleApplication@4ea0be58
reloadAllAccessors: .filePortParameter

===========================================================================================
----------------- testing Fri Jan 31 07:26:39 UTC 2020 /home/travis/build/icyphy/ptII/ptolemy/domains/sdf/test/auto/inferRelationWidth1.xml
----------------- Instantiating /home/travis/build/icyphy/ptII/ptolemy/domains/sdf/test/auto/inferRelationWidth1.xml
1 ms. Memory: 377856K Free: 200107K (53%)
----------------- Invoking toplevel() on ptolemy.moml.MoMLSimpleApplication@5f1cf0b8
----------------- Done invoking toplevel() on ptolemy.moml.MoMLSimpleApplication@5f1cf0b8
reloadAllAccessors: .inferRelationWidth1

===========================================================================================
----------------- testing Fri Jan 31 07:26:39 UTC 2020 /home/travis/build/icyphy/ptII/ptolemy/domains/sdf/test/auto/initProductionInference.xml
----------------- Instantiating /home/travis/build/icyphy/ptII/ptolemy/domains/sdf/test/auto/initProductionInference.xml
3 ms. Memory: 377856K Free: 195981K (52%)
----------------- Invoking toplevel() on ptolemy.moml.MoMLSimpleApplication@4fff6c38
----------------- Done invoking toplevel() on ptolemy.moml.MoMLSimpleApplication@4fff6c38
reloadAllAccessors: .initProductionInference

===========================================================================================
----------------- testing Fri Jan 31 07:26:39 UTC 2020 /home/travis/build/icyphy/ptII/ptolemy/domains/sdf/test/auto/relationGroup.xml
----------------- Instantiating /home/travis/build/icyphy/ptII/ptolemy/domains/sdf/test/auto/relationGroup.xml
3 ms. Memory: 377856K Free: 192429K (51%)
----------------- Invoking toplevel() on ptolemy.moml.MoMLSimpleApplication@361ea518
----------------- Done invoking toplevel() on ptolemy.moml.MoMLSimpleApplication@361ea518
reloadAllAccessors: .relationGroup

===========================================================================================
----------------- testing Fri Jan 31 07:26:39 UTC 2020 /home/travis/build/icyphy/ptII/ptolemy/domains/sdf/test/auto/relationGroup10.xml
----------------- Instantiating /home/travis/build/icyphy/ptII/ptolemy/domains/sdf/test/auto/relationGroup10.xml
2 ms. Memory: 377856K Free: 188843K (50%)
----------------- Invoking toplevel() on ptolemy.moml.MoMLSimpleApplication@2c9ce57f
----------------- Done invoking toplevel() on ptolemy.moml.MoMLSimpleApplication@2c9ce57f
reloadAllAccessors: .relationGroup10

===========================================================================================
----------------- testing Fri Jan 31 07:26:39 UTC 2020 /home/travis/build/icyphy/ptII/ptolemy/domains/sdf/test/auto/relationGroup11.xml
----------------- Instantiating /home/travis/build/icyphy/ptII/ptolemy/domains/sdf/test/auto/relationGroup11.xml
2 ms. Memory: 377856K Free: 185261K (49%)
----------------- Invoking toplevel() on ptolemy.moml.MoMLSimpleApplication@156e5ae1
----------------- Done invoking toplevel() on ptolemy.moml.MoMLSimpleApplication@156e5ae1
reloadAllAccessors: .relationGroup11

===========================================================================================
----------------- testing Fri Jan 31 07:26:39 UTC 2020 /home/travis/build/icyphy/ptII/ptolemy/domains/sdf/test/auto/relationGroup12.xml
----------------- Instantiating /home/travis/build/icyphy/ptII/ptolemy/domains/sdf/test/auto/relationGroup12.xml
2 ms. Memory: 377856K Free: 181675K (48%)
----------------- Invoking toplevel() on ptolemy.moml.MoMLSimpleApplication@44753d95
----------------- Done invoking toplevel() on ptolemy.moml.MoMLSimpleApplication@44753d95
reloadAllAccessors: .relationGroup12

===========================================================================================
----------------- testing Fri Jan 31 07:26:40 UTC 2020 /home/travis/build/icyphy/ptII/ptolemy/domains/sdf/test/auto/relationGroup13.xml
----------------- Instantiating /home/travis/build/icyphy/ptII/ptolemy/domains/sdf/test/auto/relationGroup13.xml
7 ms. Memory: 377856K Free: 177069K (47%)
----------------- Invoking toplevel() on ptolemy.moml.MoMLSimpleApplication@46c3ead4
----------------- Done invoking toplevel() on ptolemy.moml.MoMLSimpleApplication@46c3ead4
reloadAllAccessors: .relationGroup13

===========================================================================================
----------------- testing Fri Jan 31 07:26:40 UTC 2020 /home/travis/build/icyphy/ptII/ptolemy/domains/sdf/test/auto/relationGroup14.xml
----------------- Instantiating /home/travis/build/icyphy/ptII/ptolemy/domains/sdf/test/auto/relationGroup14.xml
3 ms. Memory: 377856K Free: 172459K (46%)
----------------- Invoking toplevel() on ptolemy.moml.MoMLSimpleApplication@2f329bd1
----------------- Done invoking toplevel() on ptolemy.moml.MoMLSimpleApplication@2f329bd1
reloadAllAccessors: .relationGroup14

===========================================================================================
----------------- testing Fri Jan 31 07:26:40 UTC 2020 /home/travis/build/icyphy/ptII/ptolemy/domains/sdf/test/auto/relationGroup15.xml
----------------- Instantiating /home/travis/build/icyphy/ptII/ptolemy/domains/sdf/test/auto/relationGroup15.xml
1 ms. Memory: 377856K Free: 168877K (45%)
----------------- Invoking toplevel() on ptolemy.moml.MoMLSimpleApplication@49242c5e
----------------- Done invoking toplevel() on ptolemy.moml.MoMLSimpleApplication@49242c5e
reloadAllAccessors: .relationGroup15

===========================================================================================
----------------- testing Fri Jan 31 07:26:40 UTC 2020 /home/travis/build/icyphy/ptII/ptolemy/domains/sdf/test/auto/relationGroup2.xml
----------------- Instantiating /home/travis/build/icyphy/ptII/ptolemy/domains/sdf/test/auto/relationGroup2.xml
3 ms. Memory: 377856K Free: 165805K (44%)
----------------- Invoking toplevel() on ptolemy.moml.MoMLSimpleApplication@4c7fe605
----------------- Done invoking toplevel() on ptolemy.moml.MoMLSimpleApplication@4c7fe605
reloadAllAccessors: .relationGroup2

===========================================================================================
----------------- testing Fri Jan 31 07:26:40 UTC 2020 /home/travis/build/icyphy/ptII/ptolemy/domains/sdf/test/auto/relationGroup3.xml
----------------- Instantiating /home/travis/build/icyphy/ptII/ptolemy/domains/sdf/test/auto/relationGroup3.xml
2 ms. Memory: 377856K Free: 162733K (43%)
----------------- Invoking toplevel() on ptolemy.moml.MoMLSimpleApplication@39efb771
----------------- Done invoking toplevel() on ptolemy.moml.MoMLSimpleApplication@39efb771
reloadAllAccessors: .relationGroup3

===========================================================================================
----------------- testing Fri Jan 31 07:26:40 UTC 2020 /home/travis/build/icyphy/ptII/ptolemy/domains/sdf/test/auto/relationGroup4.xml
----------------- Instantiating /home/travis/build/icyphy/ptII/ptolemy/domains/sdf/test/auto/relationGroup4.xml
6 ms. Memory: 377856K Free: 158123K (42%)
----------------- Invoking toplevel() on ptolemy.moml.MoMLSimpleApplication@ba34127
----------------- Done invoking toplevel() on ptolemy.moml.MoMLSimpleApplication@ba34127
reloadAllAccessors: .relationGroup4

===========================================================================================
----------------- testing Fri Jan 31 07:26:40 UTC 2020 /home/travis/build/icyphy/ptII/ptolemy/domains/sdf/test/auto/relationGroup5.xml
----------------- Instantiating /home/travis/build/icyphy/ptII/ptolemy/domains/sdf/test/auto/relationGroup5.xml
2 ms. Memory: 377856K Free: 153517K (41%)
----------------- Invoking toplevel() on ptolemy.moml.MoMLSimpleApplication@4f49f5af
----------------- Done invoking toplevel() on ptolemy.moml.MoMLSimpleApplication@4f49f5af
reloadAllAccessors: .relationGroup5

===========================================================================================
----------------- testing Fri Jan 31 07:26:40 UTC 2020 /home/travis/build/icyphy/ptII/ptolemy/domains/sdf/test/auto/relationGroup6.xml
----------------- Instantiating /home/travis/build/icyphy/ptII/ptolemy/domains/sdf/test/auto/relationGroup6.xml
3 ms. Memory: 377856K Free: 148907K (39%)
----------------- Invoking toplevel() on ptolemy.moml.MoMLSimpleApplication@31eb401a
----------------- Done invoking toplevel() on ptolemy.moml.MoMLSimpleApplication@31eb401a
reloadAllAccessors: .relationGroup6

===========================================================================================
----------------- testing Fri Jan 31 07:26:40 UTC 2020 /home/travis/build/icyphy/ptII/ptolemy/domains/sdf/test/auto/relationGroup7.xml
----------------- Instantiating /home/travis/build/icyphy/ptII/ptolemy/domains/sdf/test/auto/relationGroup7.xml
3 ms. Memory: 377856K Free: 145325K (38%)
----------------- Invoking toplevel() on ptolemy.moml.MoMLSimpleApplication@619a0b43
----------------- Done invoking toplevel() on ptolemy.moml.MoMLSimpleApplication@619a0b43
reloadAllAccessors: .relationGroup7

===========================================================================================
----------------- testing Fri Jan 31 07:26:40 UTC 2020 /home/travis/build/icyphy/ptII/ptolemy/domains/sdf/test/auto/relationGroup8.xml
----------------- Instantiating /home/travis/build/icyphy/ptII/ptolemy/domains/sdf/test/auto/relationGroup8.xml
2 ms. Memory: 377856K Free: 142253K (38%)
----------------- Invoking toplevel() on ptolemy.moml.MoMLSimpleApplication@985600
----------------- Done invoking toplevel() on ptolemy.moml.MoMLSimpleApplication@985600
reloadAllAccessors: .relationGroup8

===========================================================================================
----------------- testing Fri Jan 31 07:26:40 UTC 2020 /home/travis/build/icyphy/ptII/ptolemy/domains/sdf/test/auto/relationGroup9.xml
----------------- Instantiating /home/travis/build/icyphy/ptII/ptolemy/domains/sdf/test/auto/relationGroup9.xml
5 ms. Memory: 377856K Free: 137643K (36%)
----------------- Invoking toplevel() on ptolemy.moml.MoMLSimpleApplication@74fb6b48
----------------- Done invoking toplevel() on ptolemy.moml.MoMLSimpleApplication@74fb6b48
reloadAllAccessors: .relationGroup9

===========================================================================================
----------------- testing Fri Jan 31 07:26:40 UTC 2020 /home/travis/build/icyphy/ptII/ptolemy/domains/sdf/test/auto/sdf_inside_de.xml
----------------- Instantiating /home/travis/build/icyphy/ptII/ptolemy/domains/sdf/test/auto/sdf_inside_de.xml
10 ms. Memory: 377856K Free: 353343K (94%)
----------------- Invoking toplevel() on ptolemy.moml.MoMLSimpleApplication@39644e33
----------------- Done invoking toplevel() on ptolemy.moml.MoMLSimpleApplication@39644e33
reloadAllAccessors: .sdf_inside_de

===========================================================================================
----------------- testing Fri Jan 31 07:26:40 UTC 2020 /home/travis/build/icyphy/ptII/ptolemy/domains/sdf/test/auto/sdf_inside_pn.xml
----------------- Instantiating /home/travis/build/icyphy/ptII/ptolemy/domains/sdf/test/auto/sdf_inside_pn.xml
21 ms. Memory: 377856K Free: 344637K (91%)
----------------- Invoking toplevel() on ptolemy.moml.MoMLSimpleApplication@5be7ae69
----------------- Done invoking toplevel() on ptolemy.moml.MoMLSimpleApplication@5be7ae69
reloadAllAccessors: .sdf_inside_pn

===========================================================================================
----------------- testing Fri Jan 31 07:26:40 UTC 2020 /home/travis/build/icyphy/ptII/ptolemy/domains/sdf/test/auto/sdf_sdf1.xml
----------------- Instantiating /home/travis/build/icyphy/ptII/ptolemy/domains/sdf/test/auto/sdf_sdf1.xml
4 ms. Memory: 377856K Free: 339503K (90%)
----------------- Invoking toplevel() on ptolemy.moml.MoMLSimpleApplication@25850ae
----------------- Done invoking toplevel() on ptolemy.moml.MoMLSimpleApplication@25850ae
reloadAllAccessors: .sdf_sdf1

===========================================================================================
----------------- testing Fri Jan 31 07:26:40 UTC 2020 /home/travis/build/icyphy/ptII/ptolemy/domains/sdf/test/auto/test1.xml
----------------- Instantiating /home/travis/build/icyphy/ptII/ptolemy/domains/sdf/test/auto/test1.xml
3 ms. Memory: 377856K Free: 334397K (88%)
----------------- Invoking toplevel() on ptolemy.moml.MoMLSimpleApplication@38f894c4
----------------- Done invoking toplevel() on ptolemy.moml.MoMLSimpleApplication@38f894c4
reloadAllAccessors: .test1

===========================================================================================
----------------- testing Fri Jan 31 07:26:40 UTC 2020 /home/travis/build/icyphy/ptII/ptolemy/domains/sdf/test/auto/time1.xml
----------------- Instantiating /home/travis/build/icyphy/ptII/ptolemy/domains/sdf/test/auto/time1.xml
2 ms. Memory: 377856K Free: 330815K (88%)
----------------- Invoking toplevel() on ptolemy.moml.MoMLSimpleApplication@537b3fba
----------------- Done invoking toplevel() on ptolemy.moml.MoMLSimpleApplication@537b3fba
reloadAllAccessors: .time1

===========================================================================================
----------------- testing Fri Jan 31 07:26:40 UTC 2020 /home/travis/build/icyphy/ptII/ptolemy/domains/sdf/test/auto/time2.xml
----------------- Instantiating /home/travis/build/icyphy/ptII/ptolemy/domains/sdf/test/auto/time2.xml
3 ms. Memory: 377856K Free: 327229K (87%)
----------------- Invoking toplevel() on ptolemy.moml.MoMLSimpleApplication@3034d0f4
----------------- Done invoking toplevel() on ptolemy.moml.MoMLSimpleApplication@3034d0f4
reloadAllAccessors: .time2

===========================================================================================
----------------- testing Fri Jan 31 07:26:40 UTC 2020 /home/travis/build/icyphy/ptII/ptolemy/domains/sdf/test/auto/time3.xml
----------------- Instantiating /home/travis/build/icyphy/ptII/ptolemy/domains/sdf/test/auto/time3.xml
6 ms. Memory: 377856K Free: 322109K (85%)
----------------- Invoking toplevel() on ptolemy.moml.MoMLSimpleApplication@7dcb03e5
----------------- Done invoking toplevel() on ptolemy.moml.MoMLSimpleApplication@7dcb03e5
reloadAllAccessors: .time3

===========================================================================================
----------------- testing Fri Jan 31 07:26:40 UTC 2020 /home/travis/build/icyphy/ptII/ptolemy/domains/sdf/test/auto/time4.xml
----------------- Instantiating /home/travis/build/icyphy/ptII/ptolemy/domains/sdf/test/auto/time4.xml
6 ms. Memory: 377856K Free: 316479K (84%)
----------------- Invoking toplevel() on ptolemy.moml.MoMLSimpleApplication@2ff306ff
----------------- Done invoking toplevel() on ptolemy.moml.MoMLSimpleApplication@2ff306ff
reloadAllAccessors: .time4

===========================================================================================
----------------- testing Fri Jan 31 07:26:40 UTC 2020 /home/travis/build/icyphy/ptII/ptolemy/domains/sdf/test/auto/time5.xml
----------------- Instantiating /home/travis/build/icyphy/ptII/ptolemy/domains/sdf/test/auto/time5.xml
4002 ms. Memory: 377856K Free: 312893K (83%)
----------------- Invoking toplevel() on ptolemy.moml.MoMLSimpleApplication@45e01e20
----------------- Done invoking toplevel() on ptolemy.moml.MoMLSimpleApplication@45e01e20
reloadAllAccessors: .time5

===========================================================================================
----------------- testing Fri Jan 31 07:26:44 UTC 2020 /home/travis/build/icyphy/ptII/ptolemy/domains/sdf/test/auto/typeSystem_Const_Integer_smallest_Type.xml
----------------- Instantiating /home/travis/build/icyphy/ptII/ptolemy/domains/sdf/test/auto/typeSystem_Const_Integer_smallest_Type.xml
6 ms. Memory: 377856K Free: 308287K (82%)
----------------- Invoking toplevel() on ptolemy.moml.MoMLSimpleApplication@624d4e83
----------------- Done invoking toplevel() on ptolemy.moml.MoMLSimpleApplication@624d4e83
reloadAllAccessors: .typeSystem_Const_Integer_smallest_Type

===========================================================================================
----------------- testing Fri Jan 31 07:26:44 UTC 2020 /home/travis/build/icyphy/ptII/ptolemy/domains/sdf/test/auto/typeSystem_declared_Inports_OutportTypeException.xml
----------------- Instantiating /home/travis/build/icyphy/ptII/ptolemy/domains/sdf/test/auto/typeSystem_declared_Inports_OutportTypeException.xml
.typeSystem_declared_Inports_OutportTypeException.TestExceptionAttribute: initialize() was not invoked, but wrapup() was.  This is unusual, but not always a problem.  For example, exporting JNLP will do this.
6 ms. Memory: 377856K Free: 303677K (80%)
----------------- Invoking toplevel() on ptolemy.moml.MoMLSimpleApplication@36683786
----------------- Done invoking toplevel() on ptolemy.moml.MoMLSimpleApplication@36683786
reloadAllAccessors: .typeSystem_declared_Inports_OutportTypeException

===========================================================================================
----------------- testing Fri Jan 31 07:26:44 UTC 2020 /home/travis/build/icyphy/ptII/ptolemy/domains/sdf/test/auto/typeSystem_oneDeclaredInportType_wrongTypeOutport.xml
----------------- Instantiating /home/travis/build/icyphy/ptII/ptolemy/domains/sdf/test/auto/typeSystem_oneDeclaredInportType_wrongTypeOutport.xml
3 ms. Memory: 377856K Free: 299581K (79%)
----------------- Invoking toplevel() on ptolemy.moml.MoMLSimpleApplication@549fa57f
----------------- Done invoking toplevel() on ptolemy.moml.MoMLSimpleApplication@549fa57f
reloadAllAccessors: .typeSystem_oneDeclaredInportType_wrongTypeOutport

===========================================================================================
----------------- testing Fri Jan 31 07:26:44 UTC 2020 /home/travis/build/icyphy/ptII/ptolemy/domains/sdf/test/auto/width.xml
----------------- Instantiating /home/travis/build/icyphy/ptII/ptolemy/domains/sdf/test/auto/width.xml
9 ms. Memory: 377856K Free: 295999K (78%)
----------------- Invoking toplevel() on ptolemy.moml.MoMLSimpleApplication@132b8f73
----------------- Done invoking toplevel() on ptolemy.moml.MoMLSimpleApplication@132b8f73
reloadAllAccessors: .width

===========================================================================================
----------------- testing Fri Jan 31 07:26:44 UTC 2020 /home/travis/build/icyphy/ptII/ptolemy/domains/sdf/test/auto/width2.xml
----------------- Instantiating /home/travis/build/icyphy/ptII/ptolemy/domains/sdf/test/auto/width2.xml
30 ms. Memory: 377856K Free: 291389K (77%)
----------------- Invoking toplevel() on ptolemy.moml.MoMLSimpleApplication@22747a6
----------------- Done invoking toplevel() on ptolemy.moml.MoMLSimpleApplication@22747a6
reloadAllAccessors: .width2

===========================================================================================
----------------- testing Fri Jan 31 07:26:44 UTC 2020 /home/travis/build/icyphy/ptII/ptolemy/domains/sdf/test/auto/width3.xml
----------------- Instantiating /home/travis/build/icyphy/ptII/ptolemy/domains/sdf/test/auto/width3.xml
29 ms. Memory: 377856K Free: 286269K (76%)
----------------- Invoking toplevel() on ptolemy.moml.MoMLSimpleApplication@44697cf8
----------------- Done invoking toplevel() on ptolemy.moml.MoMLSimpleApplication@44697cf8
reloadAllAccessors: .width3
AutoTests.java: About to close Vertx.
AutoTests.java: Vertx closed.
]]></system-out>
  <system-err><![CDATA[java.lang.RuntimeException: Execution failed
	at ptolemy.moml.MoMLSimpleApplication$UnloadThread.run(MoMLSimpleApplication.java:402)
Caused by: ptolemy.actor.sched.NotSchedulableException: No solution exists for the balance equations.
Graph is not consistent under the SDF domain detected on external port .rateConsistency.actor.port2
  in .rateConsistency.SDF Director.Scheduler
	at ptolemy.domains.sdf.kernel.SDFScheduler._propagatePort(SDFScheduler.java:1425)
	at ptolemy.domains.sdf.kernel.SDFScheduler._solveBalanceEquations(SDFScheduler.java:710)
	at ptolemy.domains.sdf.kernel.SDFScheduler._getSchedule(SDFScheduler.java:566)
	at ptolemy.actor.sched.Scheduler.getSchedule(Scheduler.java:189)
	at ptolemy.domains.sdf.kernel.SDFDirector.createSchedule(SDFDirector.java:408)
	at ptolemy.domains.sdf.kernel.SDFDirector.preinitialize(SDFDirector.java:764)
	at ptolemy.actor.CompositeActor.preinitialize(CompositeActor.java:1828)
	at ptolemy.actor.Manager.preinitializeAndResolveTypes(Manager.java:1040)
	at ptolemy.actor.Manager.initialize(Manager.java:710)
	at ptolemy.actor.Manager.execute(Manager.java:356)
	at ptolemy.actor.Manager.run(Manager.java:1263)
	at ptolemy.actor.Manager$PtolemyRunThread.run(Manager.java:1933)
java.lang.RuntimeException: Execution failed
	at ptolemy.moml.MoMLSimpleApplication$UnloadThread.run(MoMLSimpleApplication.java:402)
Caused by: ptolemy.kernel.util.IllegalActionException: Failed to compute schedule:
  in .badRateChanges.typed composite actor.SDF Director
Because:
The SDF rate parameter may change. This is not allowed in SDF models that will be run through the code generator.  If you don't care about code generation, then you might consider setting the allowRateChanges parameter of the SDF director to false.
  in .badRateChanges.typed composite actor.Repeat.output.tokenProductionRate
	at ptolemy.domains.sdf.kernel.SDFDirector.createSchedule(SDFDirector.java:418)
	at ptolemy.domains.sdf.kernel.SDFDirector.preinitialize(SDFDirector.java:764)
	at ptolemy.actor.CompositeActor.preinitialize(CompositeActor.java:1828)
	at ptolemy.actor.Director.preinitialize(Director.java:1302)
	at ptolemy.actor.Director.preinitialize(Director.java:1257)
	at ptolemy.domains.sdf.kernel.SDFDirector.preinitialize(SDFDirector.java:763)
	at ptolemy.actor.CompositeActor.preinitialize(CompositeActor.java:1828)
	at ptolemy.actor.Manager.preinitializeAndResolveTypes(Manager.java:1040)
	at ptolemy.actor.Manager.initialize(Manager.java:710)
	at ptolemy.actor.Manager.execute(Manager.java:356)
	at ptolemy.actor.Manager.run(Manager.java:1263)
	at ptolemy.actor.Manager$PtolemyRunThread.run(Manager.java:1933)
Caused by: ptolemy.kernel.util.IllegalActionException: The SDF rate parameter may change. This is not allowed in SDF models that will be run through the code generator.  If you don't care about code generation, then you might consider setting the allowRateChanges parameter of the SDF director to false.
  in .badRateChanges.typed composite actor.Repeat.output.tokenProductionRate
	at ptolemy.domains.sdf.kernel.SDFScheduler._assertDynamicRateVariable(SDFScheduler.java:931)
	at ptolemy.domains.sdf.kernel.SDFScheduler._checkDynamicRateVariables(SDFScheduler.java:339)
	at ptolemy.domains.sdf.kernel.SDFScheduler._getSchedule(SDFScheduler.java:527)
	at ptolemy.actor.sched.Scheduler.getSchedule(Scheduler.java:189)
	at ptolemy.domains.sdf.kernel.SDFDirector.createSchedule(SDFDirector.java:408)
	... 11 more
java.lang.RuntimeException: Execution failed
	at ptolemy.moml.MoMLSimpleApplication$UnloadThread.run(MoMLSimpleApplication.java:402)
Caused by: ptolemy.kernel.util.IllegalActionException: Failed to compute schedule:
  in .badRateChanges2.typed composite actor.SDF Director
Because:
The SDF rate parameter may change. This is not allowed in SDF models that will be run through the code generator.  If you don't care about code generation, then you might consider setting the allowRateChanges parameter of the SDF director to false.
  in .badRateChanges2.typed composite actor.Repeat.output.tokenProductionRate
	at ptolemy.domains.sdf.kernel.SDFDirector.createSchedule(SDFDirector.java:418)
	at ptolemy.domains.sdf.kernel.SDFDirector.preinitialize(SDFDirector.java:764)
	at ptolemy.actor.CompositeActor.preinitialize(CompositeActor.java:1828)
	at ptolemy.actor.Director.preinitialize(Director.java:1302)
	at ptolemy.actor.Director.preinitialize(Director.java:1257)
	at ptolemy.domains.sdf.kernel.SDFDirector.preinitialize(SDFDirector.java:763)
	at ptolemy.actor.CompositeActor.preinitialize(CompositeActor.java:1828)
	at ptolemy.actor.Manager.preinitializeAndResolveTypes(Manager.java:1040)
	at ptolemy.actor.Manager.initialize(Manager.java:710)
	at ptolemy.actor.Manager.execute(Manager.java:356)
	at ptolemy.actor.Manager.run(Manager.java:1263)
	at ptolemy.actor.Manager$PtolemyRunThread.run(Manager.java:1933)
Caused by: ptolemy.kernel.util.IllegalActionException: The SDF rate parameter may change. This is not allowed in SDF models that will be run through the code generator.  If you don't care about code generation, then you might consider setting the allowRateChanges parameter of the SDF director to false.
  in .badRateChanges2.typed composite actor.Repeat.output.tokenProductionRate
	at ptolemy.domains.sdf.kernel.SDFScheduler._assertDynamicRateVariable(SDFScheduler.java:931)
	at ptolemy.domains.sdf.kernel.SDFScheduler._checkDynamicRateVariables(SDFScheduler.java:339)
	at ptolemy.domains.sdf.kernel.SDFScheduler._getSchedule(SDFScheduler.java:527)
	at ptolemy.actor.sched.Scheduler.getSchedule(Scheduler.java:189)
	at ptolemy.domains.sdf.kernel.SDFDirector.createSchedule(SDFDirector.java:408)
	... 11 more
java.lang.RuntimeException: Execution failed
	at ptolemy.moml.MoMLSimpleApplication$UnloadThread.run(MoMLSimpleApplication.java:402)
Caused by: ptolemy.actor.sched.NotSchedulableException: Actors remain that cannot be scheduled!

There are several possible reasons:
* SDF Graphs with feedback loops should have an actor with a delay in the loop, such as a SampleDelay.
* The SDF director has an "allowDisconnectedGraphs"parameter, which, when true, permits disconnected SDF graphs.
* The token consumption rate and production rates might be mismatched.
Usually, actors produce one token or consume one token on a port.  To produce or consume multiple tokens per firing, add a "tokenConsumptionRate" or "tokenProductionRate" parameter to the appropriate port.
Unscheduled actors:
.partiallyConnected.Const2 
Scheduled actors:
.partiallyConnected.Const 
  in .partiallyConnected.SDF Director.Scheduler
	at ptolemy.domains.sdf.kernel.SDFScheduler._scheduleConnectedActors(SDFScheduler.java:1828)
	at ptolemy.domains.sdf.kernel.SDFScheduler._getSchedule(SDFScheduler.java:587)
	at ptolemy.actor.sched.Scheduler.getSchedule(Scheduler.java:189)
	at ptolemy.domains.sdf.kernel.SDFDirector.createSchedule(SDFDirector.java:408)
	at ptolemy.domains.sdf.kernel.SDFDirector.preinitialize(SDFDirector.java:764)
	at ptolemy.actor.CompositeActor.preinitialize(CompositeActor.java:1828)
	at ptolemy.actor.Manager.preinitializeAndResolveTypes(Manager.java:1040)
	at ptolemy.actor.Manager.initialize(Manager.java:710)
	at ptolemy.actor.Manager.execute(Manager.java:356)
	at ptolemy.actor.Manager.run(Manager.java:1263)
	at ptolemy.actor.Manager$PtolemyRunThread.run(Manager.java:1933)
]]></system-err>
</testsuite>
