<?xml version="1.0" encoding="UTF-8" ?>
<testsuite errors="0" failures="0" hostname="travis-job-acec8d11-7b14-44b9-882f-d2bcf25dca51" name="ptolemy.domains.modal.test.junit.JUnitTclTest" skipped="0" tests="148" time="11.102" timestamp="2019-12-14T06:28:47">
  <properties>
[...]
</properties>
  <testcase classname="ptolemy.util.test.junit.TclTests" name="[0] /home/travis/build/icyphy/ptII/ptolemy/domains/modal/test/SystemLevelType.tcl (RunTclFile)" time="1.914" />
  <testcase classname="ptolemy.util.test.junit.AutoKnownFailedTests" name="[0] /home/travis/build/icyphy/ptII/ptolemy/domains/modal/test/auto/knownFailedTests/CannotAnalysisWithPreemption.xml (RunModel)" time="0.324" />
  <testcase classname="ptolemy.util.test.junit.AutoNameArchTests" name="[0] ThereAreNoAutoArchTests (RunModel)" time="0.007" />
  <testcase classname="ptolemy.util.test.junit.AutoTests" name="[0] /home/travis/build/icyphy/ptII/ptolemy/domains/modal/test/auto/ABPTest.xml (RunModel)" time="0.801" />
  <testcase classname="ptolemy.util.test.junit.AutoTests" name="[1] /home/travis/build/icyphy/ptII/ptolemy/domains/modal/test/auto/ABROFlat.xml (RunModel)" time="0.068" />
  <testcase classname="ptolemy.util.test.junit.AutoTests" name="[2] /home/travis/build/icyphy/ptII/ptolemy/domains/modal/test/auto/ABROFlat2.xml (RunModel)" time="0.057" />
  <testcase classname="ptolemy.util.test.junit.AutoTests" name="[3] /home/travis/build/icyphy/ptII/ptolemy/domains/modal/test/auto/ABRO_present_hmm.xml (RunModel)" time="0.162" />
  <testcase classname="ptolemy.util.test.junit.AutoTests" name="[4] /home/travis/build/icyphy/ptII/ptolemy/domains/modal/test/auto/AMICoderExample.xml (RunModel)" time="0.097" />
  <testcase classname="ptolemy.util.test.junit.AutoTests" name="[5] /home/travis/build/icyphy/ptII/ptolemy/domains/modal/test/auto/AbsentToPresent.xml (RunModel)" time="0.027" />
  <testcase classname="ptolemy.util.test.junit.AutoTests" name="[6] /home/travis/build/icyphy/ptII/ptolemy/domains/modal/test/auto/Blending.xml (RunModel)" time="0.307" />
  <testcase classname="ptolemy.util.test.junit.AutoTests" name="[7] /home/travis/build/icyphy/ptII/ptolemy/domains/modal/test/auto/Broadcast.xml (RunModel)" time="0.05" />
  <testcase classname="ptolemy.util.test.junit.AutoTests" name="[8] /home/travis/build/icyphy/ptII/ptolemy/domains/modal/test/auto/BroadcastHierarchy.xml (RunModel)" time="0.066" />
  <testcase classname="ptolemy.util.test.junit.AutoTests" name="[9] /home/travis/build/icyphy/ptII/ptolemy/domains/modal/test/auto/BroadcastHierarchy2.xml (RunModel)" time="0.1" />
  <testcase classname="ptolemy.util.test.junit.AutoTests" name="[10] /home/travis/build/icyphy/ptII/ptolemy/domains/modal/test/auto/BroadcastHierarchy3.xml (RunModel)" time="0.077" />
  <testcase classname="ptolemy.util.test.junit.AutoTests" name="[11] /home/travis/build/icyphy/ptII/ptolemy/domains/modal/test/auto/BroadcastHierarchy4.xml (RunModel)" time="0.082" />
  <testcase classname="ptolemy.util.test.junit.AutoTests" name="[12] /home/travis/build/icyphy/ptII/ptolemy/domains/modal/test/auto/CannotAnalysisWithPreemption2.xml (RunModel)" time="0.036" />
  <testcase classname="ptolemy.util.test.junit.AutoTests" name="[13] /home/travis/build/icyphy/ptII/ptolemy/domains/modal/test/auto/CannotAnalysisWithPreemption3.xml (RunModel)" time="0.038" />
  <testcase classname="ptolemy.util.test.junit.AutoTests" name="[14] /home/travis/build/icyphy/ptII/ptolemy/domains/modal/test/auto/CannotProduce.xml (RunModel)" time="0.027" />
  <testcase classname="ptolemy.util.test.junit.AutoTests" name="[15] /home/travis/build/icyphy/ptII/ptolemy/domains/modal/test/auto/CannotProduceModal.xml (RunModel)" time="0.024" />
  <testcase classname="ptolemy.util.test.junit.AutoTests" name="[16] /home/travis/build/icyphy/ptII/ptolemy/domains/modal/test/auto/Case.xml (RunModel)" time="0.064" />
  <testcase classname="ptolemy.util.test.junit.AutoTests" name="[17] /home/travis/build/icyphy/ptII/ptolemy/domains/modal/test/auto/Case1.xml (RunModel)" time="0.056" />
  <testcase classname="ptolemy.util.test.junit.AutoTests" name="[18] /home/travis/build/icyphy/ptII/ptolemy/domains/modal/test/auto/Case2.xml (RunModel)" time="0.061" />
  <testcase classname="ptolemy.util.test.junit.AutoTests" name="[19] /home/travis/build/icyphy/ptII/ptolemy/domains/modal/test/auto/CausalityInterface1.xml (RunModel)" time="0.036" />
  <testcase classname="ptolemy.util.test.junit.AutoTests" name="[20] /home/travis/build/icyphy/ptII/ptolemy/domains/modal/test/auto/CausalityInterface10.xml (RunModel)" time="0.067" />
  <testcase classname="ptolemy.util.test.junit.AutoTests" name="[21] /home/travis/build/icyphy/ptII/ptolemy/domains/modal/test/auto/CausalityInterface11.xml (RunModel)" time="0.061" />
  <testcase classname="ptolemy.util.test.junit.AutoTests" name="[22] /home/travis/build/icyphy/ptII/ptolemy/domains/modal/test/auto/CausalityInterface12.xml (RunModel)" time="0.058" />
  <testcase classname="ptolemy.util.test.junit.AutoTests" name="[23] /home/travis/build/icyphy/ptII/ptolemy/domains/modal/test/auto/CausalityInterface13.xml (RunModel)" time="0.078" />
  <testcase classname="ptolemy.util.test.junit.AutoTests" name="[24] /home/travis/build/icyphy/ptII/ptolemy/domains/modal/test/auto/CausalityInterface14.xml (RunModel)" time="0.065" />
  <testcase classname="ptolemy.util.test.junit.AutoTests" name="[25] /home/travis/build/icyphy/ptII/ptolemy/domains/modal/test/auto/CausalityInterface2.xml (RunModel)" time="0.034" />
  <testcase classname="ptolemy.util.test.junit.AutoTests" name="[26] /home/travis/build/icyphy/ptII/ptolemy/domains/modal/test/auto/CausalityInterface3.xml (RunModel)" time="0.022" />
  <testcase classname="ptolemy.util.test.junit.AutoTests" name="[27] /home/travis/build/icyphy/ptII/ptolemy/domains/modal/test/auto/CausalityInterface4.xml (RunModel)" time="0.03" />
  <testcase classname="ptolemy.util.test.junit.AutoTests" name="[28] /home/travis/build/icyphy/ptII/ptolemy/domains/modal/test/auto/CausalityInterface5.xml (RunModel)" time="0.033" />
  <testcase classname="ptolemy.util.test.junit.AutoTests" name="[29] /home/travis/build/icyphy/ptII/ptolemy/domains/modal/test/auto/CausalityInterface6.xml (RunModel)" time="0.032" />
  <testcase classname="ptolemy.util.test.junit.AutoTests" name="[30] /home/travis/build/icyphy/ptII/ptolemy/domains/modal/test/auto/CausalityInterface7.xml (RunModel)" time="0.038" />
  <testcase classname="ptolemy.util.test.junit.AutoTests" name="[31] /home/travis/build/icyphy/ptII/ptolemy/domains/modal/test/auto/CausalityInterface8.xml (RunModel)" time="0.032" />
  <testcase classname="ptolemy.util.test.junit.AutoTests" name="[32] /home/travis/build/icyphy/ptII/ptolemy/domains/modal/test/auto/CausalityInterface9.xml (RunModel)" time="0.046" />
  <testcase classname="ptolemy.util.test.junit.AutoTests" name="[33] /home/travis/build/icyphy/ptII/ptolemy/domains/modal/test/auto/ChainedTransitions.xml (RunModel)" time="0.138" />
  <testcase classname="ptolemy.util.test.junit.AutoTests" name="[34] /home/travis/build/icyphy/ptII/ptolemy/domains/modal/test/auto/CycleOfImmediateTransitionsFSM.xml (RunModel)" time="0.019" />
  <testcase classname="ptolemy.util.test.junit.AutoTests" name="[35] /home/travis/build/icyphy/ptII/ptolemy/domains/modal/test/auto/CycleOfImmediateTransitionsModal.xml (RunModel)" time="0.019" />
  <testcase classname="ptolemy.util.test.junit.AutoTests" name="[36] /home/travis/build/icyphy/ptII/ptolemy/domains/modal/test/auto/CycleOfImmediateTransitionsModal2.xml (RunModel)" time="0.02" />
  <testcase classname="ptolemy.util.test.junit.AutoTests" name="[37] /home/travis/build/icyphy/ptII/ptolemy/domains/modal/test/auto/CycleOfImmediateTransitionsModal3.xml (RunModel)" time="0.074" />
  <testcase classname="ptolemy.util.test.junit.AutoTests" name="[38] /home/travis/build/icyphy/ptII/ptolemy/domains/modal/test/auto/DeepModal1.xml (RunModel)" time="0.062" />
  <testcase classname="ptolemy.util.test.junit.AutoTests" name="[39] /home/travis/build/icyphy/ptII/ptolemy/domains/modal/test/auto/DeepModal2.xml (RunModel)" time="0.076" />
  <testcase classname="ptolemy.util.test.junit.AutoTests" name="[40] /home/travis/build/icyphy/ptII/ptolemy/domains/modal/test/auto/DeepModal3.xml (RunModel)" time="0.094" />
  <testcase classname="ptolemy.util.test.junit.AutoTests" name="[41] /home/travis/build/icyphy/ptII/ptolemy/domains/modal/test/auto/DeepModal4.xml (RunModel)" time="0.075" />
  <testcase classname="ptolemy.util.test.junit.AutoTests" name="[42] /home/travis/build/icyphy/ptII/ptolemy/domains/modal/test/auto/Default1.xml (RunModel)" time="0.023" />
  <testcase classname="ptolemy.util.test.junit.AutoTests" name="[43] /home/travis/build/icyphy/ptII/ptolemy/domains/modal/test/auto/Default2.xml (RunModel)" time="0.02" />
  <testcase classname="ptolemy.util.test.junit.AutoTests" name="[44] /home/travis/build/icyphy/ptII/ptolemy/domains/modal/test/auto/Default3.xml (RunModel)" time="0.022" />
  <testcase classname="ptolemy.util.test.junit.AutoTests" name="[45] /home/travis/build/icyphy/ptII/ptolemy/domains/modal/test/auto/Default4.xml (RunModel)" time="0.026" />
  <testcase classname="ptolemy.util.test.junit.AutoTests" name="[46] /home/travis/build/icyphy/ptII/ptolemy/domains/modal/test/auto/Default5.xml (RunModel)" time="0.026" />
  <testcase classname="ptolemy.util.test.junit.AutoTests" name="[47] /home/travis/build/icyphy/ptII/ptolemy/domains/modal/test/auto/EmptyGuard.xml (RunModel)" time="0.046" />
  <testcase classname="ptolemy.util.test.junit.AutoTests" name="[48] /home/travis/build/icyphy/ptII/ptolemy/domains/modal/test/auto/ErrorTransition1.xml (RunModel)" time="0.034" />
  <testcase classname="ptolemy.util.test.junit.AutoTests" name="[49] /home/travis/build/icyphy/ptII/ptolemy/domains/modal/test/auto/ErrorTransition10.xml (RunModel)" time="0.049" />
  <testcase classname="ptolemy.util.test.junit.AutoTests" name="[50] /home/travis/build/icyphy/ptII/ptolemy/domains/modal/test/auto/ErrorTransition11.xml (RunModel)" time="0.046" />
  <testcase classname="ptolemy.util.test.junit.AutoTests" name="[51] /home/travis/build/icyphy/ptII/ptolemy/domains/modal/test/auto/ErrorTransition2.xml (RunModel)" time="0.053" />
  <testcase classname="ptolemy.util.test.junit.AutoTests" name="[52] /home/travis/build/icyphy/ptII/ptolemy/domains/modal/test/auto/ErrorTransition3.xml (RunModel)" time="0.054" />
  <testcase classname="ptolemy.util.test.junit.AutoTests" name="[53] /home/travis/build/icyphy/ptII/ptolemy/domains/modal/test/auto/ErrorTransition4.xml (RunModel)" time="0.049" />
  <testcase classname="ptolemy.util.test.junit.AutoTests" name="[54] /home/travis/build/icyphy/ptII/ptolemy/domains/modal/test/auto/ErrorTransition5.xml (RunModel)" time="0.042" />
  <testcase classname="ptolemy.util.test.junit.AutoTests" name="[55] /home/travis/build/icyphy/ptII/ptolemy/domains/modal/test/auto/ErrorTransition6.xml (RunModel)" time="0.037" />
  <testcase classname="ptolemy.util.test.junit.AutoTests" name="[56] /home/travis/build/icyphy/ptII/ptolemy/domains/modal/test/auto/ErrorTransition7.xml (RunModel)" time="0.061" />
  <testcase classname="ptolemy.util.test.junit.AutoTests" name="[57] /home/travis/build/icyphy/ptII/ptolemy/domains/modal/test/auto/ErrorTransition8.xml (RunModel)" time="0.054" />
  <testcase classname="ptolemy.util.test.junit.AutoTests" name="[58] /home/travis/build/icyphy/ptII/ptolemy/domains/modal/test/auto/ErrorTransition9.xml (RunModel)" time="0.043" />
  <testcase classname="ptolemy.util.test.junit.AutoTests" name="[59] /home/travis/build/icyphy/ptII/ptolemy/domains/modal/test/auto/ExtendedFSM.xml (RunModel)" time="0.021" />
  <testcase classname="ptolemy.util.test.junit.AutoTests" name="[60] /home/travis/build/icyphy/ptII/ptolemy/domains/modal/test/auto/FinalStates.xml (RunModel)" time="0.023" />
  <testcase classname="ptolemy.util.test.junit.AutoTests" name="[61] /home/travis/build/icyphy/ptII/ptolemy/domains/modal/test/auto/FixedPointFSM.xml (RunModel)" time="0.046" />
  <testcase classname="ptolemy.util.test.junit.AutoTests" name="[62] /home/travis/build/icyphy/ptII/ptolemy/domains/modal/test/auto/FixedPointIterationFSMActor.xml (RunModel)" time="0.028" />
  <testcase classname="ptolemy.util.test.junit.AutoTests" name="[63] /home/travis/build/icyphy/ptII/ptolemy/domains/modal/test/auto/FixedPointIterationFSMActor2.xml (RunModel)" time="0.041" />
  <testcase classname="ptolemy.util.test.junit.AutoTests" name="[64] /home/travis/build/icyphy/ptII/ptolemy/domains/modal/test/auto/ForbiddenInstantanousLoop.xml (RunModel)" time="0.057" />
  <testcase classname="ptolemy.util.test.junit.AutoTests" name="[65] /home/travis/build/icyphy/ptII/ptolemy/domains/modal/test/auto/FunctionDependencyOfFSMActorTest.xml (RunModel)" time="0.024" />
  <testcase classname="ptolemy.util.test.junit.AutoTests" name="[66] /home/travis/build/icyphy/ptII/ptolemy/domains/modal/test/auto/GuardExpression.xml (RunModel)" time="0.023" />
  <testcase classname="ptolemy.util.test.junit.AutoTests" name="[67] /home/travis/build/icyphy/ptII/ptolemy/domains/modal/test/auto/GuardNotEvaluated.xml (RunModel)" time="0.031" />
  <testcase classname="ptolemy.util.test.junit.AutoTests" name="[68] /home/travis/build/icyphy/ptII/ptolemy/domains/modal/test/auto/GuardNotEvaluated2.xml (RunModel)" time="0.032" />
  <testcase classname="ptolemy.util.test.junit.AutoTests" name="[69] /home/travis/build/icyphy/ptII/ptolemy/domains/modal/test/auto/GuardOnAbsent.xml (RunModel)" time="0.025" />
  <testcase classname="ptolemy.util.test.junit.AutoTests" name="[70] /home/travis/build/icyphy/ptII/ptolemy/domains/modal/test/auto/HierarchicalFSMTypeInference.xml (RunModel)" time="0.03" />
  <testcase classname="ptolemy.util.test.junit.AutoTests" name="[71] /home/travis/build/icyphy/ptII/ptolemy/domains/modal/test/auto/Hysteresis.xml (RunModel)" time="0.047" />
  <testcase classname="ptolemy.util.test.junit.AutoTests" name="[72] /home/travis/build/icyphy/ptII/ptolemy/domains/modal/test/auto/HysteresisWithDefault.xml (RunModel)" time="0.075" />
  <testcase classname="ptolemy.util.test.junit.AutoTests" name="[73] /home/travis/build/icyphy/ptII/ptolemy/domains/modal/test/auto/HysteresisWithDefault2.xml (RunModel)" time="0.098" />
  <testcase classname="ptolemy.util.test.junit.AutoTests" name="[74] /home/travis/build/icyphy/ptII/ptolemy/domains/modal/test/auto/ImmediateNonConstructiveness.xml (RunModel)" time="0.019" />
  <testcase classname="ptolemy.util.test.junit.AutoTests" name="[75] /home/travis/build/icyphy/ptII/ptolemy/domains/modal/test/auto/ImmediateNonConstructiveness2.xml (RunModel)" time="0.019" />
  <testcase classname="ptolemy.util.test.junit.AutoTests" name="[76] /home/travis/build/icyphy/ptII/ptolemy/domains/modal/test/auto/ImmediateTransitionReset.xml (RunModel)" time="0.04" />
  <testcase classname="ptolemy.util.test.junit.AutoTests" name="[77] /home/travis/build/icyphy/ptII/ptolemy/domains/modal/test/auto/ImmediateTransitions1.xml (RunModel)" time="0.015" />
  <testcase classname="ptolemy.util.test.junit.AutoTests" name="[78] /home/travis/build/icyphy/ptII/ptolemy/domains/modal/test/auto/ImmediateTransitionsInstantaneousCommunication.xml (RunModel)" time="0.069" />
  <testcase classname="ptolemy.util.test.junit.AutoTests" name="[79] /home/travis/build/icyphy/ptII/ptolemy/domains/modal/test/auto/InitialImmediateTransition.xml (RunModel)" time="0.018" />
  <testcase classname="ptolemy.util.test.junit.AutoTests" name="[80] /home/travis/build/icyphy/ptII/ptolemy/domains/modal/test/auto/InitialOutputs.xml (RunModel)" time="0.017" />
  <testcase classname="ptolemy.util.test.junit.AutoTests" name="[81] /home/travis/build/icyphy/ptII/ptolemy/domains/modal/test/auto/InitialStateTransition1.xml (RunModel)" time="0.024" />
  <testcase classname="ptolemy.util.test.junit.AutoTests" name="[82] /home/travis/build/icyphy/ptII/ptolemy/domains/modal/test/auto/InitialStateTransition2.xml (RunModel)" time="0.028" />
  <testcase classname="ptolemy.util.test.junit.AutoTests" name="[83] /home/travis/build/icyphy/ptII/ptolemy/domains/modal/test/auto/InitialStateTransition3.xml (RunModel)" time="0.026" />
  <testcase classname="ptolemy.util.test.junit.AutoTests" name="[84] /home/travis/build/icyphy/ptII/ptolemy/domains/modal/test/auto/InitialStateTransition4.xml (RunModel)" time="0.031" />
  <testcase classname="ptolemy.util.test.junit.AutoTests" name="[85] /home/travis/build/icyphy/ptII/ptolemy/domains/modal/test/auto/MalformedGuardExpressionNotCaught.xml (RunModel)" time="0.032" />
  <testcase classname="ptolemy.util.test.junit.AutoTests" name="[86] /home/travis/build/icyphy/ptII/ptolemy/domains/modal/test/auto/ModalBSC.xml (RunModel)" time="0.098" />
  <testcase classname="ptolemy.util.test.junit.AutoTests" name="[87] /home/travis/build/icyphy/ptII/ptolemy/domains/modal/test/auto/ModalClocks.xml (RunModel)" time="0.086" />
  <testcase classname="ptolemy.util.test.junit.AutoTests" name="[88] /home/travis/build/icyphy/ptII/ptolemy/domains/modal/test/auto/ModalDelay.xml (RunModel)" time="0.046" />
  <testcase classname="ptolemy.util.test.junit.AutoTests" name="[89] /home/travis/build/icyphy/ptII/ptolemy/domains/modal/test/auto/ModalDelay2.xml (RunModel)" time="0.042" />
  <testcase classname="ptolemy.util.test.junit.AutoTests" name="[90] /home/travis/build/icyphy/ptII/ptolemy/domains/modal/test/auto/ModalModelFromMemo.xml (RunModel)" time="0.058" />
  <testcase classname="ptolemy.util.test.junit.AutoTests" name="[91] /home/travis/build/icyphy/ptII/ptolemy/domains/modal/test/auto/ModalModelWithMultirateTransient.xml (RunModel)" time="0.066" />
  <testcase classname="ptolemy.util.test.junit.AutoTests" name="[92] /home/travis/build/icyphy/ptII/ptolemy/domains/modal/test/auto/ModalModelWithReset.xml (RunModel)" time="0.056" />
  <testcase classname="ptolemy.util.test.junit.AutoTests" name="[93] /home/travis/build/icyphy/ptII/ptolemy/domains/modal/test/auto/MouseClickFSM.xml (RunModel)" time="0.045" />
  <testcase classname="ptolemy.util.test.junit.AutoTests" name="[94] /home/travis/build/icyphy/ptII/ptolemy/domains/modal/test/auto/MouseClickFSMModal.xml (RunModel)" time="0.034" />
  <testcase classname="ptolemy.util.test.junit.AutoTests" name="[95] /home/travis/build/icyphy/ptII/ptolemy/domains/modal/test/auto/NonStrictFSM_FeedbackLoop.xml (RunModel)" time="0.048" />
  <testcase classname="ptolemy.util.test.junit.AutoTests" name="[96] /home/travis/build/icyphy/ptII/ptolemy/domains/modal/test/auto/NonStrictFSM_FeedbackLoop_Refinement.xml (RunModel)" time="0.077" />
  <testcase classname="ptolemy.util.test.junit.AutoTests" name="[97] /home/travis/build/icyphy/ptII/ptolemy/domains/modal/test/auto/NonStrictFSM_FeedbackLoop_preemptive.xml (RunModel)" time="0.046" />
  <testcase classname="ptolemy.util.test.junit.AutoTests" name="[98] /home/travis/build/icyphy/ptII/ptolemy/domains/modal/test/auto/NormalTermination.xml (RunModel)" time="0.041" />
  <testcase classname="ptolemy.util.test.junit.AutoTests" name="[99] /home/travis/build/icyphy/ptII/ptolemy/domains/modal/test/auto/Pong.xml (RunModel)" time="0.088" />
  <testcase classname="ptolemy.util.test.junit.AutoTests" name="[100] /home/travis/build/icyphy/ptII/ptolemy/domains/modal/test/auto/Pong_test.xml (RunModel)" time="0.135" />
  <testcase classname="ptolemy.util.test.junit.AutoTests" name="[101] /home/travis/build/icyphy/ptII/ptolemy/domains/modal/test/auto/PreemptionHierarchy.xml (RunModel)" time="0.03" />
  <testcase classname="ptolemy.util.test.junit.AutoTests" name="[102] /home/travis/build/icyphy/ptII/ptolemy/domains/modal/test/auto/PreemptionHierarchy2.xml (RunModel)" time="0.042" />
  <testcase classname="ptolemy.util.test.junit.AutoTests" name="[103] /home/travis/build/icyphy/ptII/ptolemy/domains/modal/test/auto/PreemptiveTransition.xml (RunModel)" time="0.03" />
  <testcase classname="ptolemy.util.test.junit.AutoTests" name="[104] /home/travis/build/icyphy/ptII/ptolemy/domains/modal/test/auto/Priorities.xml (RunModel)" time="0.11" />
  <testcase classname="ptolemy.util.test.junit.AutoTests" name="[105] /home/travis/build/icyphy/ptII/ptolemy/domains/modal/test/auto/ResetFinal.xml (RunModel)" time="0.046" />
  <testcase classname="ptolemy.util.test.junit.AutoTests" name="[106] /home/travis/build/icyphy/ptII/ptolemy/domains/modal/test/auto/ResetFinal2.xml (RunModel)" time="0.031" />
  <testcase classname="ptolemy.util.test.junit.AutoTests" name="[107] /home/travis/build/icyphy/ptII/ptolemy/domains/modal/test/auto/ResetTransitionWithStartTime.xml (RunModel)" time="0.031" />
  <testcase classname="ptolemy.util.test.junit.AutoTests" name="[108] /home/travis/build/icyphy/ptII/ptolemy/domains/modal/test/auto/SDF-FSMComposite.xml (RunModel)" time="0.028" />
  <testcase classname="ptolemy.util.test.junit.AutoTests" name="[109] /home/travis/build/icyphy/ptII/ptolemy/domains/modal/test/auto/SeeminglyNondeterminate.xml (RunModel)" time="0.089" />
  <testcase classname="ptolemy.util.test.junit.AutoTests" name="[110] /home/travis/build/icyphy/ptII/ptolemy/domains/modal/test/auto/SeeminglyNondeterminate2.xml (RunModel)" time="0.079" />
  <testcase classname="ptolemy.util.test.junit.AutoTests" name="[111] /home/travis/build/icyphy/ptII/ptolemy/domains/modal/test/auto/SpontaneousFSM.xml (RunModel)" time="0.071" />
  <testcase classname="ptolemy.util.test.junit.AutoTests" name="[112] /home/travis/build/icyphy/ptII/ptolemy/domains/modal/test/auto/SpontaneousFSM2.xml (RunModel)" time="0.027" />
  <testcase classname="ptolemy.util.test.junit.AutoTests" name="[113] /home/travis/build/icyphy/ptII/ptolemy/domains/modal/test/auto/SpontaneousFSM3.xml (RunModel)" time="0.041" />
  <testcase classname="ptolemy.util.test.junit.AutoTests" name="[114] /home/travis/build/icyphy/ptII/ptolemy/domains/modal/test/auto/SpontaneousFSM4.xml (RunModel)" time="0.046" />
  <testcase classname="ptolemy.util.test.junit.AutoTests" name="[115] /home/travis/build/icyphy/ptII/ptolemy/domains/modal/test/auto/StateTrackerTest.xml (RunModel)" time="0.065" />
  <testcase classname="ptolemy.util.test.junit.AutoTests" name="[116] /home/travis/build/icyphy/ptII/ptolemy/domains/modal/test/auto/StrongImmediateTransition.xml (RunModel)" time="0.024" />
  <testcase classname="ptolemy.util.test.junit.AutoTests" name="[117] /home/travis/build/icyphy/ptII/ptolemy/domains/modal/test/auto/SustainHierarchy.xml (RunModel)" time="0.029" />
  <testcase classname="ptolemy.util.test.junit.AutoTests" name="[118] /home/travis/build/icyphy/ptII/ptolemy/domains/modal/test/auto/TerminationTransition1.xml (RunModel)" time="0.018" />
  <testcase classname="ptolemy.util.test.junit.AutoTests" name="[119] /home/travis/build/icyphy/ptII/ptolemy/domains/modal/test/auto/TerminationTransition2.xml (RunModel)" time="0.025" />
  <testcase classname="ptolemy.util.test.junit.AutoTests" name="[120] /home/travis/build/icyphy/ptII/ptolemy/domains/modal/test/auto/TerminationTransition3.xml (RunModel)" time="0.023" />
  <testcase classname="ptolemy.util.test.junit.AutoTests" name="[121] /home/travis/build/icyphy/ptII/ptolemy/domains/modal/test/auto/TerminationTransition4.xml (RunModel)" time="0.038" />
  <testcase classname="ptolemy.util.test.junit.AutoTests" name="[122] /home/travis/build/icyphy/ptII/ptolemy/domains/modal/test/auto/TerminationTransition5.xml (RunModel)" time="0.031" />
  <testcase classname="ptolemy.util.test.junit.AutoTests" name="[123] /home/travis/build/icyphy/ptII/ptolemy/domains/modal/test/auto/TerminationTransition6.xml (RunModel)" time="0.021" />
  <testcase classname="ptolemy.util.test.junit.AutoTests" name="[124] /home/travis/build/icyphy/ptII/ptolemy/domains/modal/test/auto/TerminationTransition7.xml (RunModel)" time="0.023" />
  <testcase classname="ptolemy.util.test.junit.AutoTests" name="[125] /home/travis/build/icyphy/ptII/ptolemy/domains/modal/test/auto/TerminationTransition8.xml (RunModel)" time="0.024" />
  <testcase classname="ptolemy.util.test.junit.AutoTests" name="[126] /home/travis/build/icyphy/ptII/ptolemy/domains/modal/test/auto/Thermostat_NoHysteresis.xml (RunModel)" time="0.079" />
  <testcase classname="ptolemy.util.test.junit.AutoTests" name="[127] /home/travis/build/icyphy/ptII/ptolemy/domains/modal/test/auto/TimedFSM.xml (RunModel)" time="0.03" />
  <testcase classname="ptolemy.util.test.junit.AutoTests" name="[128] /home/travis/build/icyphy/ptII/ptolemy/domains/modal/test/auto/Timeout1.xml (RunModel)" time="0.012" />
  <testcase classname="ptolemy.util.test.junit.AutoTests" name="[129] /home/travis/build/icyphy/ptII/ptolemy/domains/modal/test/auto/Timeout2.xml (RunModel)" time="0.02" />
  <testcase classname="ptolemy.util.test.junit.AutoTests" name="[130] /home/travis/build/icyphy/ptII/ptolemy/domains/modal/test/auto/Timeout3.xml (RunModel)" time="0.011" />
  <testcase classname="ptolemy.util.test.junit.AutoTests" name="[131] /home/travis/build/icyphy/ptII/ptolemy/domains/modal/test/auto/Timeout4.xml (RunModel)" time="0.011" />
  <testcase classname="ptolemy.util.test.junit.AutoTests" name="[132] /home/travis/build/icyphy/ptII/ptolemy/domains/modal/test/auto/TransientstateModelAdvanced.xml (RunModel)" time="0.028" />
  <testcase classname="ptolemy.util.test.junit.AutoTests" name="[133] /home/travis/build/icyphy/ptII/ptolemy/domains/modal/test/auto/TransientstateModelAdvanced2.xml (RunModel)" time="0.032" />
  <testcase classname="ptolemy.util.test.junit.AutoTests" name="[134] /home/travis/build/icyphy/ptII/ptolemy/domains/modal/test/auto/TransitionRefinements.xml (RunModel)" time="0.026" />
  <testcase classname="ptolemy.util.test.junit.AutoTests" name="[135] /home/travis/build/icyphy/ptII/ptolemy/domains/modal/test/auto/TwoRefinements1.xml (RunModel)" time="0.029" />
  <testcase classname="ptolemy.util.test.junit.AutoTests" name="[136] /home/travis/build/icyphy/ptII/ptolemy/domains/modal/test/auto/TwoRefinements2.xml (RunModel)" time="0.024" />
  <testcase classname="ptolemy.util.test.junit.AutoTests" name="[137] /home/travis/build/icyphy/ptII/ptolemy/domains/modal/test/auto/WeakImmediateTransition.xml (RunModel)" time="0.02" />
  <testcase classname="ptolemy.util.test.junit.AutoTests" name="[138] /home/travis/build/icyphy/ptII/ptolemy/domains/modal/test/auto/booleanSelect.xml (RunModel)" time="0.112" />
  <testcase classname="ptolemy.util.test.junit.AutoTests" name="[139] /home/travis/build/icyphy/ptII/ptolemy/domains/modal/test/auto/modalChangingParams.xml (RunModel)" time="0.266" />
  <testcase classname="ptolemy.util.test.junit.AutoTests" name="[140] /home/travis/build/icyphy/ptII/ptolemy/domains/modal/test/auto/modalModel.xml (RunModel)" time="0.028" />
  <testcase classname="ptolemy.util.test.junit.AutoTests" name="[141] /home/travis/build/icyphy/ptII/ptolemy/domains/modal/test/auto/modalModel2.xml (RunModel)" time="0.034" />
  <testcase classname="ptolemy.util.test.junit.AutoTests" name="[142] /home/travis/build/icyphy/ptII/ptolemy/domains/modal/test/auto/modalModel3.xml (RunModel)" time="0.06" />
  <testcase classname="ptolemy.util.test.junit.AutoTests" name="[143] /home/travis/build/icyphy/ptII/ptolemy/domains/modal/test/auto/model1.xml (RunModel)" time="0.023" />
  <testcase classname="ptolemy.util.test.junit.AutoTests" name="[144] /home/travis/build/icyphy/ptII/ptolemy/domains/modal/test/auto/test-direct-in-out.xml (RunModel)" time="0.027" />
  <system-out><![CDATA[/home/travis/build/icyphy/ptII/ptolemy/domains/modal/test/SystemLevelType.tcl
testDefs.tcl: setting time out to 9000 seconds at Sat Dec 14 06:28:47 UTC 2019
12/14/19 06:28:49
Failed: 0  Total Tests: 1  ((Passed: 1, Newly Passed: 0)  Known Failed: 0) /home/travis/build/icyphy/ptII/ptolemy/domains/modal/test
----------------- testing (KnownFailure) /home/travis/build/icyphy/ptII/ptolemy/domains/modal/test/auto/knownFailedTests/CannotAnalysisWithPreemption.xml
179 ms. Memory: 120832K Free: 44166K (37%)
Known Failure: java.lang.reflect.InvocationTargetException
No auto/linux-amd64/*.xml tests in /home/travis/build/icyphy/ptII/ptolemy/domains/modal/test
AutoTests.java: About to close Vertx.
AutoTests.java: Vertx closed.

===========================================================================================
----------------- testing Sat Dec 14 06:28:49 UTC 2019 /home/travis/build/icyphy/ptII/ptolemy/domains/modal/test/auto/ABPTest.xml
----------------- Instantiating /home/travis/build/icyphy/ptII/ptolemy/domains/modal/test/auto/ABPTest.xml
389 ms. Memory: 160768K Free: 113100K (70%)
----------------- Invoking toplevel() on ptolemy.moml.MoMLSimpleApplication@10d6aa67
----------------- Done invoking toplevel() on ptolemy.moml.MoMLSimpleApplication@10d6aa67
reloadAllAccessors: .ABPTest

===========================================================================================
----------------- testing Sat Dec 14 06:28:50 UTC 2019 /home/travis/build/icyphy/ptII/ptolemy/domains/modal/test/auto/ABROFlat.xml
----------------- Instantiating /home/travis/build/icyphy/ptII/ptolemy/domains/modal/test/auto/ABROFlat.xml
18 ms. Memory: 160768K Free: 96716K (60%)
----------------- Invoking toplevel() on ptolemy.moml.MoMLSimpleApplication@97638e6
----------------- Done invoking toplevel() on ptolemy.moml.MoMLSimpleApplication@97638e6
reloadAllAccessors: .ABROFlat

===========================================================================================
----------------- testing Sat Dec 14 06:28:50 UTC 2019 /home/travis/build/icyphy/ptII/ptolemy/domains/modal/test/auto/ABROFlat2.xml
----------------- Instantiating /home/travis/build/icyphy/ptII/ptolemy/domains/modal/test/auto/ABROFlat2.xml
18 ms. Memory: 160768K Free: 79788K (50%)
----------------- Invoking toplevel() on ptolemy.moml.MoMLSimpleApplication@3d8af104
----------------- Done invoking toplevel() on ptolemy.moml.MoMLSimpleApplication@3d8af104
reloadAllAccessors: .ABROFlat2

===========================================================================================
----------------- testing Sat Dec 14 06:28:50 UTC 2019 /home/travis/build/icyphy/ptII/ptolemy/domains/modal/test/auto/ABRO_present_hmm.xml
----------------- Instantiating /home/travis/build/icyphy/ptII/ptolemy/domains/modal/test/auto/ABRO_present_hmm.xml
19 ms. Memory: 160768K Free: 132259K (82%)
----------------- Invoking toplevel() on ptolemy.moml.MoMLSimpleApplication@328247df
----------------- Done invoking toplevel() on ptolemy.moml.MoMLSimpleApplication@328247df
reloadAllAccessors: .ABRO_present_hmm

===========================================================================================
----------------- testing Sat Dec 14 06:28:50 UTC 2019 /home/travis/build/icyphy/ptII/ptolemy/domains/modal/test/auto/AMICoderExample.xml
----------------- Instantiating /home/travis/build/icyphy/ptII/ptolemy/domains/modal/test/auto/AMICoderExample.xml
58 ms. Memory: 160768K Free: 121987K (76%)
----------------- Invoking toplevel() on ptolemy.moml.MoMLSimpleApplication@7ebc4fba
----------------- Done invoking toplevel() on ptolemy.moml.MoMLSimpleApplication@7ebc4fba
reloadAllAccessors: .AMICoderExample

===========================================================================================
----------------- testing Sat Dec 14 06:28:51 UTC 2019 /home/travis/build/icyphy/ptII/ptolemy/domains/modal/test/auto/AbsentToPresent.xml
----------------- Instantiating /home/travis/build/icyphy/ptII/ptolemy/domains/modal/test/auto/AbsentToPresent.xml
7 ms. Memory: 160768K Free: 117328K (73%)
----------------- Invoking toplevel() on ptolemy.moml.MoMLSimpleApplication@161c7e92
----------------- Done invoking toplevel() on ptolemy.moml.MoMLSimpleApplication@161c7e92
reloadAllAccessors: .AbsentToPresent

===========================================================================================
----------------- testing Sat Dec 14 06:28:51 UTC 2019 /home/travis/build/icyphy/ptII/ptolemy/domains/modal/test/auto/Blending.xml
----------------- Instantiating /home/travis/build/icyphy/ptII/ptolemy/domains/modal/test/auto/Blending.xml
172 ms. Memory: 160768K Free: 73326K (46%)
----------------- Invoking toplevel() on ptolemy.moml.MoMLSimpleApplication@624a75e6
----------------- Done invoking toplevel() on ptolemy.moml.MoMLSimpleApplication@624a75e6
reloadAllAccessors: .Blending

===========================================================================================
----------------- testing Sat Dec 14 06:28:51 UTC 2019 /home/travis/build/icyphy/ptII/ptolemy/domains/modal/test/auto/Broadcast.xml
----------------- Instantiating /home/travis/build/icyphy/ptII/ptolemy/domains/modal/test/auto/Broadcast.xml
13 ms. Memory: 160768K Free: 63056K (39%)
----------------- Invoking toplevel() on ptolemy.moml.MoMLSimpleApplication@38a57323
----------------- Done invoking toplevel() on ptolemy.moml.MoMLSimpleApplication@38a57323
reloadAllAccessors: .Broadcast

===========================================================================================
----------------- testing Sat Dec 14 06:28:51 UTC 2019 /home/travis/build/icyphy/ptII/ptolemy/domains/modal/test/auto/BroadcastHierarchy.xml
----------------- Instantiating /home/travis/build/icyphy/ptII/ptolemy/domains/modal/test/auto/BroadcastHierarchy.xml
8 ms. Memory: 211968K Free: 190482K (90%)
----------------- Invoking toplevel() on ptolemy.moml.MoMLSimpleApplication@70133453
----------------- Done invoking toplevel() on ptolemy.moml.MoMLSimpleApplication@70133453
reloadAllAccessors: .BroadcastHierarchy

===========================================================================================
----------------- testing Sat Dec 14 06:28:51 UTC 2019 /home/travis/build/icyphy/ptII/ptolemy/domains/modal/test/auto/BroadcastHierarchy2.xml
----------------- Instantiating /home/travis/build/icyphy/ptII/ptolemy/domains/modal/test/auto/BroadcastHierarchy2.xml
16 ms. Memory: 211968K Free: 163379K (77%)
----------------- Invoking toplevel() on ptolemy.moml.MoMLSimpleApplication@33037f76
----------------- Done invoking toplevel() on ptolemy.moml.MoMLSimpleApplication@33037f76
reloadAllAccessors: .BroadcastHierarchy2

===========================================================================================
----------------- testing Sat Dec 14 06:28:51 UTC 2019 /home/travis/build/icyphy/ptII/ptolemy/domains/modal/test/auto/BroadcastHierarchy3.xml
----------------- Instantiating /home/travis/build/icyphy/ptII/ptolemy/domains/modal/test/auto/BroadcastHierarchy3.xml
15 ms. Memory: 211968K Free: 143409K (68%)
----------------- Invoking toplevel() on ptolemy.moml.MoMLSimpleApplication@69ffa537
----------------- Done invoking toplevel() on ptolemy.moml.MoMLSimpleApplication@69ffa537
reloadAllAccessors: .BroadcastHierarchy3

===========================================================================================
----------------- testing Sat Dec 14 06:28:51 UTC 2019 /home/travis/build/icyphy/ptII/ptolemy/domains/modal/test/auto/BroadcastHierarchy4.xml
----------------- Instantiating /home/travis/build/icyphy/ptII/ptolemy/domains/modal/test/auto/BroadcastHierarchy4.xml
12 ms. Memory: 211968K Free: 119347K (56%)
----------------- Invoking toplevel() on ptolemy.moml.MoMLSimpleApplication@48aa2947
----------------- Done invoking toplevel() on ptolemy.moml.MoMLSimpleApplication@48aa2947
reloadAllAccessors: .BroadcastHierarchy4

===========================================================================================
----------------- testing Sat Dec 14 06:28:51 UTC 2019 /home/travis/build/icyphy/ptII/ptolemy/domains/modal/test/auto/CannotAnalysisWithPreemption2.xml
----------------- Instantiating /home/travis/build/icyphy/ptII/ptolemy/domains/modal/test/auto/CannotAnalysisWithPreemption2.xml
4 ms. Memory: 211968K Free: 112179K (53%)
----------------- Invoking toplevel() on ptolemy.moml.MoMLSimpleApplication@16d5fa29
----------------- Done invoking toplevel() on ptolemy.moml.MoMLSimpleApplication@16d5fa29
reloadAllAccessors: .CannotAnalysisWithPreemption2

===========================================================================================
----------------- testing Sat Dec 14 06:28:51 UTC 2019 /home/travis/build/icyphy/ptII/ptolemy/domains/modal/test/auto/CannotAnalysisWithPreemption3.xml
----------------- Instantiating /home/travis/build/icyphy/ptII/ptolemy/domains/modal/test/auto/CannotAnalysisWithPreemption3.xml
4 ms. Memory: 211968K Free: 101939K (48%)
----------------- Invoking toplevel() on ptolemy.moml.MoMLSimpleApplication@7279b126
----------------- Done invoking toplevel() on ptolemy.moml.MoMLSimpleApplication@7279b126
reloadAllAccessors: .CannotAnalysisWithPreemption3

===========================================================================================
----------------- testing Sat Dec 14 06:28:51 UTC 2019 /home/travis/build/icyphy/ptII/ptolemy/domains/modal/test/auto/CannotProduce.xml
----------------- Instantiating /home/travis/build/icyphy/ptII/ptolemy/domains/modal/test/auto/CannotProduce.xml
9 ms. Memory: 211968K Free: 95795K (45%)
----------------- Invoking toplevel() on ptolemy.moml.MoMLSimpleApplication@6b547725
----------------- Done invoking toplevel() on ptolemy.moml.MoMLSimpleApplication@6b547725
reloadAllAccessors: .CannotProduce

===========================================================================================
----------------- testing Sat Dec 14 06:28:51 UTC 2019 /home/travis/build/icyphy/ptII/ptolemy/domains/modal/test/auto/CannotProduceModal.xml
----------------- Instantiating /home/travis/build/icyphy/ptII/ptolemy/domains/modal/test/auto/CannotProduceModal.xml
8 ms. Memory: 211968K Free: 88627K (42%)
----------------- Invoking toplevel() on ptolemy.moml.MoMLSimpleApplication@2fa56392
----------------- Done invoking toplevel() on ptolemy.moml.MoMLSimpleApplication@2fa56392
reloadAllAccessors: .CannotProduceModal

===========================================================================================
----------------- testing Sat Dec 14 06:28:51 UTC 2019 /home/travis/build/icyphy/ptII/ptolemy/domains/modal/test/auto/Case.xml
----------------- Instantiating /home/travis/build/icyphy/ptII/ptolemy/domains/modal/test/auto/Case.xml
24 ms. Memory: 211968K Free: 77363K (36%)
----------------- Invoking toplevel() on ptolemy.moml.MoMLSimpleApplication@212df9c9
----------------- Done invoking toplevel() on ptolemy.moml.MoMLSimpleApplication@212df9c9
reloadAllAccessors: .Case

===========================================================================================
----------------- testing Sat Dec 14 06:28:52 UTC 2019 /home/travis/build/icyphy/ptII/ptolemy/domains/modal/test/auto/Case1.xml
----------------- Instantiating /home/travis/build/icyphy/ptII/ptolemy/domains/modal/test/auto/Case1.xml
14 ms. Memory: 211968K Free: 192101K (91%)
----------------- Invoking toplevel() on ptolemy.moml.MoMLSimpleApplication@76e69d92
----------------- Done invoking toplevel() on ptolemy.moml.MoMLSimpleApplication@76e69d92
reloadAllAccessors: .Case1

===========================================================================================
----------------- testing Sat Dec 14 06:28:52 UTC 2019 /home/travis/build/icyphy/ptII/ptolemy/domains/modal/test/auto/Case2.xml
----------------- Instantiating /home/travis/build/icyphy/ptII/ptolemy/domains/modal/test/auto/Case2.xml
29 ms. Memory: 211968K Free: 181347K (86%)
----------------- Invoking toplevel() on ptolemy.moml.MoMLSimpleApplication@287d422a
----------------- Done invoking toplevel() on ptolemy.moml.MoMLSimpleApplication@287d422a
reloadAllAccessors: .Case2

===========================================================================================
----------------- testing Sat Dec 14 06:28:52 UTC 2019 /home/travis/build/icyphy/ptII/ptolemy/domains/modal/test/auto/CausalityInterface1.xml
----------------- Instantiating /home/travis/build/icyphy/ptII/ptolemy/domains/modal/test/auto/CausalityInterface1.xml
4 ms. Memory: 211968K Free: 176227K (83%)
----------------- Invoking toplevel() on ptolemy.moml.MoMLSimpleApplication@1dffbe59
----------------- Done invoking toplevel() on ptolemy.moml.MoMLSimpleApplication@1dffbe59
reloadAllAccessors: .CausalityInterface1

===========================================================================================
----------------- testing Sat Dec 14 06:28:52 UTC 2019 /home/travis/build/icyphy/ptII/ptolemy/domains/modal/test/auto/CausalityInterface10.xml
----------------- Instantiating /home/travis/build/icyphy/ptII/ptolemy/domains/modal/test/auto/CausalityInterface10.xml
13 ms. Memory: 211968K Free: 162901K (77%)
----------------- Invoking toplevel() on ptolemy.moml.MoMLSimpleApplication@67078250
----------------- Done invoking toplevel() on ptolemy.moml.MoMLSimpleApplication@67078250
reloadAllAccessors: .CausalityInterface10

===========================================================================================
----------------- testing Sat Dec 14 06:28:52 UTC 2019 /home/travis/build/icyphy/ptII/ptolemy/domains/modal/test/auto/CausalityInterface11.xml
----------------- Instantiating /home/travis/build/icyphy/ptII/ptolemy/domains/modal/test/auto/CausalityInterface11.xml
9 ms. Memory: 211968K Free: 149573K (71%)
----------------- Invoking toplevel() on ptolemy.moml.MoMLSimpleApplication@1aab2424
----------------- Done invoking toplevel() on ptolemy.moml.MoMLSimpleApplication@1aab2424
reloadAllAccessors: .CausalityInterface11

===========================================================================================
----------------- testing Sat Dec 14 06:28:52 UTC 2019 /home/travis/build/icyphy/ptII/ptolemy/domains/modal/test/auto/CausalityInterface12.xml
----------------- Instantiating /home/travis/build/icyphy/ptII/ptolemy/domains/modal/test/auto/CausalityInterface12.xml
11 ms. Memory: 211968K Free: 136261K (64%)
----------------- Invoking toplevel() on ptolemy.moml.MoMLSimpleApplication@7bd0740a
----------------- Done invoking toplevel() on ptolemy.moml.MoMLSimpleApplication@7bd0740a
reloadAllAccessors: .CausalityInterface12

===========================================================================================
----------------- testing Sat Dec 14 06:28:52 UTC 2019 /home/travis/build/icyphy/ptII/ptolemy/domains/modal/test/auto/CausalityInterface13.xml
----------------- Instantiating /home/travis/build/icyphy/ptII/ptolemy/domains/modal/test/auto/CausalityInterface13.xml
19 ms. Memory: 211968K Free: 122469K (58%)
----------------- Invoking toplevel() on ptolemy.moml.MoMLSimpleApplication@ad052dd
----------------- Done invoking toplevel() on ptolemy.moml.MoMLSimpleApplication@ad052dd
reloadAllAccessors: .CausalityInterface13

===========================================================================================
----------------- testing Sat Dec 14 06:28:52 UTC 2019 /home/travis/build/icyphy/ptII/ptolemy/domains/modal/test/auto/CausalityInterface14.xml
----------------- Instantiating /home/travis/build/icyphy/ptII/ptolemy/domains/modal/test/auto/CausalityInterface14.xml
11 ms. Memory: 211968K Free: 108629K (51%)
----------------- Invoking toplevel() on ptolemy.moml.MoMLSimpleApplication@1056eee7
----------------- Done invoking toplevel() on ptolemy.moml.MoMLSimpleApplication@1056eee7
reloadAllAccessors: .CausalityInterface14

===========================================================================================
----------------- testing Sat Dec 14 06:28:52 UTC 2019 /home/travis/build/icyphy/ptII/ptolemy/domains/modal/test/auto/CausalityInterface2.xml
----------------- Instantiating /home/travis/build/icyphy/ptII/ptolemy/domains/modal/test/auto/CausalityInterface2.xml
6 ms. Memory: 211968K Free: 101989K (48%)
----------------- Invoking toplevel() on ptolemy.moml.MoMLSimpleApplication@338a406c
----------------- Done invoking toplevel() on ptolemy.moml.MoMLSimpleApplication@338a406c
reloadAllAccessors: .CausalityInterface2

===========================================================================================
----------------- testing Sat Dec 14 06:28:52 UTC 2019 /home/travis/build/icyphy/ptII/ptolemy/domains/modal/test/auto/CausalityInterface3.xml
----------------- Instantiating /home/travis/build/icyphy/ptII/ptolemy/domains/modal/test/auto/CausalityInterface3.xml
3 ms. Memory: 211968K Free: 95317K (45%)
----------------- Invoking toplevel() on ptolemy.moml.MoMLSimpleApplication@53e2ab86
----------------- Done invoking toplevel() on ptolemy.moml.MoMLSimpleApplication@53e2ab86
reloadAllAccessors: .CausalityInterface3

===========================================================================================
----------------- testing Sat Dec 14 06:28:52 UTC 2019 /home/travis/build/icyphy/ptII/ptolemy/domains/modal/test/auto/CausalityInterface4.xml
----------------- Instantiating /home/travis/build/icyphy/ptII/ptolemy/domains/modal/test/auto/CausalityInterface4.xml
4 ms. Memory: 211968K Free: 88677K (42%)
----------------- Invoking toplevel() on ptolemy.moml.MoMLSimpleApplication@6036a5c4
----------------- Done invoking toplevel() on ptolemy.moml.MoMLSimpleApplication@6036a5c4
reloadAllAccessors: .CausalityInterface4

===========================================================================================
----------------- testing Sat Dec 14 06:28:52 UTC 2019 /home/travis/build/icyphy/ptII/ptolemy/domains/modal/test/auto/CausalityInterface5.xml
----------------- Instantiating /home/travis/build/icyphy/ptII/ptolemy/domains/modal/test/auto/CausalityInterface5.xml
5 ms. Memory: 211968K Free: 80485K (38%)
----------------- Invoking toplevel() on ptolemy.moml.MoMLSimpleApplication@5b9e870e
----------------- Done invoking toplevel() on ptolemy.moml.MoMLSimpleApplication@5b9e870e
reloadAllAccessors: .CausalityInterface5

===========================================================================================
----------------- testing Sat Dec 14 06:28:52 UTC 2019 /home/travis/build/icyphy/ptII/ptolemy/domains/modal/test/auto/CausalityInterface6.xml
----------------- Instantiating /home/travis/build/icyphy/ptII/ptolemy/domains/modal/test/auto/CausalityInterface6.xml
4 ms. Memory: 211968K Free: 72293K (34%)
----------------- Invoking toplevel() on ptolemy.moml.MoMLSimpleApplication@1cd7ee38
----------------- Done invoking toplevel() on ptolemy.moml.MoMLSimpleApplication@1cd7ee38
reloadAllAccessors: .CausalityInterface6

===========================================================================================
----------------- testing Sat Dec 14 06:28:52 UTC 2019 /home/travis/build/icyphy/ptII/ptolemy/domains/modal/test/auto/CausalityInterface7.xml
----------------- Instantiating /home/travis/build/icyphy/ptII/ptolemy/domains/modal/test/auto/CausalityInterface7.xml
6 ms. Memory: 211968K Free: 185907K (88%)
----------------- Invoking toplevel() on ptolemy.moml.MoMLSimpleApplication@76aa1ead
----------------- Done invoking toplevel() on ptolemy.moml.MoMLSimpleApplication@76aa1ead
reloadAllAccessors: .CausalityInterface7

===========================================================================================
----------------- testing Sat Dec 14 06:28:52 UTC 2019 /home/travis/build/icyphy/ptII/ptolemy/domains/modal/test/auto/CausalityInterface8.xml
----------------- Instantiating /home/travis/build/icyphy/ptII/ptolemy/domains/modal/test/auto/CausalityInterface8.xml
4 ms. Memory: 211968K Free: 177186K (84%)
----------------- Invoking toplevel() on ptolemy.moml.MoMLSimpleApplication@53c9b2c7
----------------- Done invoking toplevel() on ptolemy.moml.MoMLSimpleApplication@53c9b2c7
reloadAllAccessors: .CausalityInterface8

===========================================================================================
----------------- testing Sat Dec 14 06:28:52 UTC 2019 /home/travis/build/icyphy/ptII/ptolemy/domains/modal/test/auto/CausalityInterface9.xml
----------------- Instantiating /home/travis/build/icyphy/ptII/ptolemy/domains/modal/test/auto/CausalityInterface9.xml
5 ms. Memory: 211968K Free: 167978K (79%)
----------------- Invoking toplevel() on ptolemy.moml.MoMLSimpleApplication@260920ea
----------------- Done invoking toplevel() on ptolemy.moml.MoMLSimpleApplication@260920ea
reloadAllAccessors: .CausalityInterface9

===========================================================================================
----------------- testing Sat Dec 14 06:28:52 UTC 2019 /home/travis/build/icyphy/ptII/ptolemy/domains/modal/test/auto/ChainedTransitions.xml
----------------- Instantiating /home/travis/build/icyphy/ptII/ptolemy/domains/modal/test/auto/ChainedTransitions.xml
62 ms. Memory: 211968K Free: 143409K (68%)
----------------- Invoking toplevel() on ptolemy.moml.MoMLSimpleApplication@39819555
----------------- Done invoking toplevel() on ptolemy.moml.MoMLSimpleApplication@39819555
reloadAllAccessors: .ChainedTransitions

===========================================================================================
----------------- testing Sat Dec 14 06:28:52 UTC 2019 /home/travis/build/icyphy/ptII/ptolemy/domains/modal/test/auto/CycleOfImmediateTransitionsFSM.xml
----------------- Instantiating /home/travis/build/icyphy/ptII/ptolemy/domains/modal/test/auto/CycleOfImmediateTransitionsFSM.xml
2 ms. Memory: 211968K Free: 137779K (65%)
----------------- Invoking toplevel() on ptolemy.moml.MoMLSimpleApplication@592387
----------------- Done invoking toplevel() on ptolemy.moml.MoMLSimpleApplication@592387
reloadAllAccessors: .CycleOfImmediateTransitionsFSM

===========================================================================================
----------------- testing Sat Dec 14 06:28:52 UTC 2019 /home/travis/build/icyphy/ptII/ptolemy/domains/modal/test/auto/CycleOfImmediateTransitionsModal.xml
----------------- Instantiating /home/travis/build/icyphy/ptII/ptolemy/domains/modal/test/auto/CycleOfImmediateTransitionsModal.xml
2 ms. Memory: 211968K Free: 131121K (62%)
----------------- Invoking toplevel() on ptolemy.moml.MoMLSimpleApplication@7cfd7448
----------------- Done invoking toplevel() on ptolemy.moml.MoMLSimpleApplication@7cfd7448
reloadAllAccessors: .CycleOfImmediateTransitionsModal

===========================================================================================
----------------- testing Sat Dec 14 06:28:52 UTC 2019 /home/travis/build/icyphy/ptII/ptolemy/domains/modal/test/auto/CycleOfImmediateTransitionsModal2.xml
----------------- Instantiating /home/travis/build/icyphy/ptII/ptolemy/domains/modal/test/auto/CycleOfImmediateTransitionsModal2.xml
2 ms. Memory: 211968K Free: 124977K (59%)
----------------- Invoking toplevel() on ptolemy.moml.MoMLSimpleApplication@328a0148
----------------- Done invoking toplevel() on ptolemy.moml.MoMLSimpleApplication@328a0148
reloadAllAccessors: .CycleOfImmediateTransitionsModal2

===========================================================================================
----------------- testing Sat Dec 14 06:28:53 UTC 2019 /home/travis/build/icyphy/ptII/ptolemy/domains/modal/test/auto/CycleOfImmediateTransitionsModal3.xml
----------------- Instantiating /home/travis/build/icyphy/ptII/ptolemy/domains/modal/test/auto/CycleOfImmediateTransitionsModal3.xml
12 ms. Memory: 211968K Free: 102434K (48%)
----------------- Invoking toplevel() on ptolemy.moml.MoMLSimpleApplication@6423dcd7
----------------- Done invoking toplevel() on ptolemy.moml.MoMLSimpleApplication@6423dcd7
reloadAllAccessors: .CycleOfImmediateTransitionsModal3

===========================================================================================
----------------- testing Sat Dec 14 06:28:53 UTC 2019 /home/travis/build/icyphy/ptII/ptolemy/domains/modal/test/auto/DeepModal1.xml
----------------- Instantiating /home/travis/build/icyphy/ptII/ptolemy/domains/modal/test/auto/DeepModal1.xml
37 ms. Memory: 211968K Free: 88082K (42%)
----------------- Invoking toplevel() on ptolemy.moml.MoMLSimpleApplication@52c9fcbc
----------------- Done invoking toplevel() on ptolemy.moml.MoMLSimpleApplication@52c9fcbc
reloadAllAccessors: .DeepModal1

===========================================================================================
----------------- testing Sat Dec 14 06:28:53 UTC 2019 /home/travis/build/icyphy/ptII/ptolemy/domains/modal/test/auto/DeepModal2.xml
----------------- Instantiating /home/travis/build/icyphy/ptII/ptolemy/domains/modal/test/auto/DeepModal2.xml
40 ms. Memory: 211968K Free: 191752K (90%)
----------------- Invoking toplevel() on ptolemy.moml.MoMLSimpleApplication@7f5f5693
----------------- Done invoking toplevel() on ptolemy.moml.MoMLSimpleApplication@7f5f5693
reloadAllAccessors: .DeepModal2

===========================================================================================
----------------- testing Sat Dec 14 06:28:53 UTC 2019 /home/travis/build/icyphy/ptII/ptolemy/domains/modal/test/auto/DeepModal3.xml
----------------- Instantiating /home/travis/build/icyphy/ptII/ptolemy/domains/modal/test/auto/DeepModal3.xml
33 ms. Memory: 211968K Free: 172081K (81%)
----------------- Invoking toplevel() on ptolemy.moml.MoMLSimpleApplication@3ade1ec2
----------------- Done invoking toplevel() on ptolemy.moml.MoMLSimpleApplication@3ade1ec2
reloadAllAccessors: .DeepModal3

===========================================================================================
----------------- testing Sat Dec 14 06:28:53 UTC 2019 /home/travis/build/icyphy/ptII/ptolemy/domains/modal/test/auto/DeepModal4.xml
----------------- Instantiating /home/travis/build/icyphy/ptII/ptolemy/domains/modal/test/auto/DeepModal4.xml
32 ms. Memory: 211968K Free: 152610K (72%)
----------------- Invoking toplevel() on ptolemy.moml.MoMLSimpleApplication@4ce67a78
----------------- Done invoking toplevel() on ptolemy.moml.MoMLSimpleApplication@4ce67a78
reloadAllAccessors: .DeepModal4

===========================================================================================
----------------- testing Sat Dec 14 06:28:53 UTC 2019 /home/travis/build/icyphy/ptII/ptolemy/domains/modal/test/auto/Default1.xml
----------------- Instantiating /home/travis/build/icyphy/ptII/ptolemy/domains/modal/test/auto/Default1.xml
3 ms. Memory: 211968K Free: 146481K (69%)
----------------- Invoking toplevel() on ptolemy.moml.MoMLSimpleApplication@6233ca51
----------------- Done invoking toplevel() on ptolemy.moml.MoMLSimpleApplication@6233ca51
reloadAllAccessors: .Default1

===========================================================================================
----------------- testing Sat Dec 14 06:28:53 UTC 2019 /home/travis/build/icyphy/ptII/ptolemy/domains/modal/test/auto/Default2.xml
----------------- Instantiating /home/travis/build/icyphy/ptII/ptolemy/domains/modal/test/auto/Default2.xml
9 ms. Memory: 211968K Free: 141330K (67%)
----------------- Invoking toplevel() on ptolemy.moml.MoMLSimpleApplication@21cd6a5a
----------------- Done invoking toplevel() on ptolemy.moml.MoMLSimpleApplication@21cd6a5a
reloadAllAccessors: .Default2

===========================================================================================
----------------- testing Sat Dec 14 06:28:53 UTC 2019 /home/travis/build/icyphy/ptII/ptolemy/domains/modal/test/auto/Default3.xml
----------------- Instantiating /home/travis/build/icyphy/ptII/ptolemy/domains/modal/test/auto/Default3.xml
6 ms. Memory: 211968K Free: 135217K (64%)
----------------- Invoking toplevel() on ptolemy.moml.MoMLSimpleApplication@16e448bb
----------------- Done invoking toplevel() on ptolemy.moml.MoMLSimpleApplication@16e448bb
reloadAllAccessors: .Default3

===========================================================================================
----------------- testing Sat Dec 14 06:28:53 UTC 2019 /home/travis/build/icyphy/ptII/ptolemy/domains/modal/test/auto/Default4.xml
----------------- Instantiating /home/travis/build/icyphy/ptII/ptolemy/domains/modal/test/auto/Default4.xml
3 ms. Memory: 211968K Free: 128563K (61%)
----------------- Invoking toplevel() on ptolemy.moml.MoMLSimpleApplication@59e5af49
----------------- Done invoking toplevel() on ptolemy.moml.MoMLSimpleApplication@59e5af49
reloadAllAccessors: .Default4

===========================================================================================
----------------- testing Sat Dec 14 06:28:53 UTC 2019 /home/travis/build/icyphy/ptII/ptolemy/domains/modal/test/auto/Default5.xml
----------------- Instantiating /home/travis/build/icyphy/ptII/ptolemy/domains/modal/test/auto/Default5.xml
3 ms. Memory: 211968K Free: 120371K (57%)
----------------- Invoking toplevel() on ptolemy.moml.MoMLSimpleApplication@56369313
----------------- Done invoking toplevel() on ptolemy.moml.MoMLSimpleApplication@56369313
reloadAllAccessors: .Default5

===========================================================================================
----------------- testing Sat Dec 14 06:28:53 UTC 2019 /home/travis/build/icyphy/ptII/ptolemy/domains/modal/test/auto/EmptyGuard.xml
----------------- Instantiating /home/travis/build/icyphy/ptII/ptolemy/domains/modal/test/auto/EmptyGuard.xml
17 ms. Memory: 211968K Free: 112179K (53%)
----------------- Invoking toplevel() on ptolemy.moml.MoMLSimpleApplication@773bf5bc
----------------- Done invoking toplevel() on ptolemy.moml.MoMLSimpleApplication@773bf5bc
reloadAllAccessors: .EmptyGuard

===========================================================================================
----------------- testing Sat Dec 14 06:28:53 UTC 2019 /home/travis/build/icyphy/ptII/ptolemy/domains/modal/test/auto/ErrorTransition1.xml
----------------- Instantiating /home/travis/build/icyphy/ptII/ptolemy/domains/modal/test/auto/ErrorTransition1.xml
7 ms. Memory: 211968K Free: 103473K (49%)
----------------- Invoking toplevel() on ptolemy.moml.MoMLSimpleApplication@397422c0
----------------- Done invoking toplevel() on ptolemy.moml.MoMLSimpleApplication@397422c0
reloadAllAccessors: .ErrorTransition1

===========================================================================================
----------------- testing Sat Dec 14 06:28:53 UTC 2019 /home/travis/build/icyphy/ptII/ptolemy/domains/modal/test/auto/ErrorTransition10.xml
----------------- Instantiating /home/travis/build/icyphy/ptII/ptolemy/domains/modal/test/auto/ErrorTransition10.xml
16 ms. Memory: 211968K Free: 89651K (42%)
----------------- Invoking toplevel() on ptolemy.moml.MoMLSimpleApplication@1e782332
----------------- Done invoking toplevel() on ptolemy.moml.MoMLSimpleApplication@1e782332
reloadAllAccessors: .ErrorTransition10

===========================================================================================
----------------- testing Sat Dec 14 06:28:53 UTC 2019 /home/travis/build/icyphy/ptII/ptolemy/domains/modal/test/auto/ErrorTransition11.xml
----------------- Instantiating /home/travis/build/icyphy/ptII/ptolemy/domains/modal/test/auto/ErrorTransition11.xml
5 ms. Memory: 211968K Free: 78387K (37%)
----------------- Invoking toplevel() on ptolemy.moml.MoMLSimpleApplication@7aa1ccf4
----------------- Done invoking toplevel() on ptolemy.moml.MoMLSimpleApplication@7aa1ccf4
reloadAllAccessors: .ErrorTransition11

===========================================================================================
----------------- testing Sat Dec 14 06:28:53 UTC 2019 /home/travis/build/icyphy/ptII/ptolemy/domains/modal/test/auto/ErrorTransition2.xml
----------------- Instantiating /home/travis/build/icyphy/ptII/ptolemy/domains/modal/test/auto/ErrorTransition2.xml
8 ms. Memory: 272384K Free: 251459K (92%)
----------------- Invoking toplevel() on ptolemy.moml.MoMLSimpleApplication@5ab9b47b
----------------- Done invoking toplevel() on ptolemy.moml.MoMLSimpleApplication@5ab9b47b
reloadAllAccessors: .ErrorTransition2

===========================================================================================
----------------- testing Sat Dec 14 06:28:53 UTC 2019 /home/travis/build/icyphy/ptII/ptolemy/domains/modal/test/auto/ErrorTransition3.xml
----------------- Instantiating /home/travis/build/icyphy/ptII/ptolemy/domains/modal/test/auto/ErrorTransition3.xml
21 ms. Memory: 272384K Free: 241733K (89%)
----------------- Invoking toplevel() on ptolemy.moml.MoMLSimpleApplication@314ddc05
----------------- Done invoking toplevel() on ptolemy.moml.MoMLSimpleApplication@314ddc05
reloadAllAccessors: .ErrorTransition3

===========================================================================================
----------------- testing Sat Dec 14 06:28:53 UTC 2019 /home/travis/build/icyphy/ptII/ptolemy/domains/modal/test/auto/ErrorTransition4.xml
----------------- Instantiating /home/travis/build/icyphy/ptII/ptolemy/domains/modal/test/auto/ErrorTransition4.xml
14 ms. Memory: 272384K Free: 230469K (85%)
----------------- Invoking toplevel() on ptolemy.moml.MoMLSimpleApplication@a8ce351
----------------- Done invoking toplevel() on ptolemy.moml.MoMLSimpleApplication@a8ce351
reloadAllAccessors: .ErrorTransition4

===========================================================================================
----------------- testing Sat Dec 14 06:28:53 UTC 2019 /home/travis/build/icyphy/ptII/ptolemy/domains/modal/test/auto/ErrorTransition5.xml
----------------- Instantiating /home/travis/build/icyphy/ptII/ptolemy/domains/modal/test/auto/ErrorTransition5.xml
9 ms. Memory: 272384K Free: 220229K (81%)
----------------- Invoking toplevel() on ptolemy.moml.MoMLSimpleApplication@5dbd285f
----------------- Done invoking toplevel() on ptolemy.moml.MoMLSimpleApplication@5dbd285f
reloadAllAccessors: .ErrorTransition5

===========================================================================================
----------------- testing Sat Dec 14 06:28:53 UTC 2019 /home/travis/build/icyphy/ptII/ptolemy/domains/modal/test/auto/ErrorTransition6.xml
----------------- Instantiating /home/travis/build/icyphy/ptII/ptolemy/domains/modal/test/auto/ErrorTransition6.xml
10 ms. Memory: 272384K Free: 209475K (77%)
----------------- Invoking toplevel() on ptolemy.moml.MoMLSimpleApplication@eedbef2
----------------- Done invoking toplevel() on ptolemy.moml.MoMLSimpleApplication@eedbef2
reloadAllAccessors: .ErrorTransition6

===========================================================================================
----------------- testing Sat Dec 14 06:28:53 UTC 2019 /home/travis/build/icyphy/ptII/ptolemy/domains/modal/test/auto/ErrorTransition7.xml
----------------- Instantiating /home/travis/build/icyphy/ptII/ptolemy/domains/modal/test/auto/ErrorTransition7.xml
21 ms. Memory: 272384K Free: 196677K (72%)
----------------- Invoking toplevel() on ptolemy.moml.MoMLSimpleApplication@32684687
----------------- Done invoking toplevel() on ptolemy.moml.MoMLSimpleApplication@32684687
reloadAllAccessors: .ErrorTransition7

===========================================================================================
----------------- testing Sat Dec 14 06:28:54 UTC 2019 /home/travis/build/icyphy/ptII/ptolemy/domains/modal/test/auto/ErrorTransition8.xml
----------------- Instantiating /home/travis/build/icyphy/ptII/ptolemy/domains/modal/test/auto/ErrorTransition8.xml
29 ms. Memory: 272384K Free: 183365K (67%)
----------------- Invoking toplevel() on ptolemy.moml.MoMLSimpleApplication@400e1cea
----------------- Done invoking toplevel() on ptolemy.moml.MoMLSimpleApplication@400e1cea
reloadAllAccessors: .ErrorTransition8

===========================================================================================
----------------- testing Sat Dec 14 06:28:54 UTC 2019 /home/travis/build/icyphy/ptII/ptolemy/domains/modal/test/auto/ErrorTransition9.xml
----------------- Instantiating /home/travis/build/icyphy/ptII/ptolemy/domains/modal/test/auto/ErrorTransition9.xml
13 ms. Memory: 272384K Free: 170053K (62%)
----------------- Invoking toplevel() on ptolemy.moml.MoMLSimpleApplication@403042b9
----------------- Done invoking toplevel() on ptolemy.moml.MoMLSimpleApplication@403042b9
reloadAllAccessors: .ErrorTransition9

===========================================================================================
----------------- testing Sat Dec 14 06:28:54 UTC 2019 /home/travis/build/icyphy/ptII/ptolemy/domains/modal/test/auto/ExtendedFSM.xml
----------------- Instantiating /home/travis/build/icyphy/ptII/ptolemy/domains/modal/test/auto/ExtendedFSM.xml
7 ms. Memory: 272384K Free: 161333K (59%)
----------------- Invoking toplevel() on ptolemy.moml.MoMLSimpleApplication@61a51915
----------------- Done invoking toplevel() on ptolemy.moml.MoMLSimpleApplication@61a51915
reloadAllAccessors: .ExtendedFSM

===========================================================================================
----------------- testing Sat Dec 14 06:28:54 UTC 2019 /home/travis/build/icyphy/ptII/ptolemy/domains/modal/test/auto/FinalStates.xml
----------------- Instantiating /home/travis/build/icyphy/ptII/ptolemy/domains/modal/test/auto/FinalStates.xml
7 ms. Memory: 272384K Free: 153155K (56%)
----------------- Invoking toplevel() on ptolemy.moml.MoMLSimpleApplication@e6b27c4
----------------- Done invoking toplevel() on ptolemy.moml.MoMLSimpleApplication@e6b27c4
reloadAllAccessors: .FinalStates

===========================================================================================
----------------- testing Sat Dec 14 06:28:54 UTC 2019 /home/travis/build/icyphy/ptII/ptolemy/domains/modal/test/auto/FixedPointFSM.xml
----------------- Instantiating /home/travis/build/icyphy/ptII/ptolemy/domains/modal/test/auto/FixedPointFSM.xml
20 ms. Memory: 272384K Free: 138309K (51%)
----------------- Invoking toplevel() on ptolemy.moml.MoMLSimpleApplication@554f6dc2
----------------- Done invoking toplevel() on ptolemy.moml.MoMLSimpleApplication@554f6dc2
reloadAllAccessors: .FixedPointFSM

===========================================================================================
----------------- testing Sat Dec 14 06:28:54 UTC 2019 /home/travis/build/icyphy/ptII/ptolemy/domains/modal/test/auto/FixedPointIterationFSMActor.xml
----------------- Instantiating /home/travis/build/icyphy/ptII/ptolemy/domains/modal/test/auto/FixedPointIterationFSMActor.xml
8 ms. Memory: 272384K Free: 127549K (47%)
----------------- Invoking toplevel() on ptolemy.moml.MoMLSimpleApplication@3b5f79d9
----------------- Done invoking toplevel() on ptolemy.moml.MoMLSimpleApplication@3b5f79d9
reloadAllAccessors: .FixedPointIterationFSMActor

===========================================================================================
----------------- testing Sat Dec 14 06:28:54 UTC 2019 /home/travis/build/icyphy/ptII/ptolemy/domains/modal/test/auto/FixedPointIterationFSMActor2.xml
----------------- Instantiating /home/travis/build/icyphy/ptII/ptolemy/domains/modal/test/auto/FixedPointIterationFSMActor2.xml
16 ms. Memory: 272384K Free: 115261K (42%)
----------------- Invoking toplevel() on ptolemy.moml.MoMLSimpleApplication@3c22c16d
----------------- Done invoking toplevel() on ptolemy.moml.MoMLSimpleApplication@3c22c16d
reloadAllAccessors: .FixedPointIterationFSMActor2

===========================================================================================
----------------- testing Sat Dec 14 06:28:54 UTC 2019 /home/travis/build/icyphy/ptII/ptolemy/domains/modal/test/auto/ForbiddenInstantanousLoop.xml
----------------- Instantiating /home/travis/build/icyphy/ptII/ptolemy/domains/modal/test/auto/ForbiddenInstantanousLoop.xml
22 ms. Memory: 272384K Free: 253726K (93%)
----------------- Invoking toplevel() on ptolemy.moml.MoMLSimpleApplication@2dad4502
----------------- Done invoking toplevel() on ptolemy.moml.MoMLSimpleApplication@2dad4502
reloadAllAccessors: .ForbiddenInstantanousLoop

===========================================================================================
----------------- testing Sat Dec 14 06:28:54 UTC 2019 /home/travis/build/icyphy/ptII/ptolemy/domains/modal/test/auto/FunctionDependencyOfFSMActorTest.xml
----------------- Instantiating /home/travis/build/icyphy/ptII/ptolemy/domains/modal/test/auto/FunctionDependencyOfFSMActorTest.xml
6 ms. Memory: 272384K Free: 246318K (90%)
----------------- Invoking toplevel() on ptolemy.moml.MoMLSimpleApplication@3bf42824
----------------- Done invoking toplevel() on ptolemy.moml.MoMLSimpleApplication@3bf42824
reloadAllAccessors: .FunctionDependencyOfFSMActorTest

===========================================================================================
----------------- testing Sat Dec 14 06:28:54 UTC 2019 /home/travis/build/icyphy/ptII/ptolemy/domains/modal/test/auto/GuardExpression.xml
----------------- Instantiating /home/travis/build/icyphy/ptII/ptolemy/domains/modal/test/auto/GuardExpression.xml
3 ms. Memory: 272384K Free: 241218K (89%)
----------------- Invoking toplevel() on ptolemy.moml.MoMLSimpleApplication@2bb5e411
----------------- Done invoking toplevel() on ptolemy.moml.MoMLSimpleApplication@2bb5e411
reloadAllAccessors: .GuardExpression

===========================================================================================
----------------- testing Sat Dec 14 06:28:54 UTC 2019 /home/travis/build/icyphy/ptII/ptolemy/domains/modal/test/auto/GuardNotEvaluated.xml
----------------- Instantiating /home/travis/build/icyphy/ptII/ptolemy/domains/modal/test/auto/GuardNotEvaluated.xml
8 ms. Memory: 272384K Free: 232002K (85%)
----------------- Invoking toplevel() on ptolemy.moml.MoMLSimpleApplication@6ce11fe3
----------------- Done invoking toplevel() on ptolemy.moml.MoMLSimpleApplication@6ce11fe3
reloadAllAccessors: .GuardNotEvaluated

===========================================================================================
----------------- testing Sat Dec 14 06:28:54 UTC 2019 /home/travis/build/icyphy/ptII/ptolemy/domains/modal/test/auto/GuardNotEvaluated2.xml
----------------- Instantiating /home/travis/build/icyphy/ptII/ptolemy/domains/modal/test/auto/GuardNotEvaluated2.xml
8 ms. Memory: 272384K Free: 222276K (82%)
----------------- Invoking toplevel() on ptolemy.moml.MoMLSimpleApplication@5fdca189
----------------- Done invoking toplevel() on ptolemy.moml.MoMLSimpleApplication@5fdca189
reloadAllAccessors: .GuardNotEvaluated2

===========================================================================================
----------------- testing Sat Dec 14 06:28:54 UTC 2019 /home/travis/build/icyphy/ptII/ptolemy/domains/modal/test/auto/GuardOnAbsent.xml
----------------- Instantiating /home/travis/build/icyphy/ptII/ptolemy/domains/modal/test/auto/GuardOnAbsent.xml
9 ms. Memory: 272384K Free: 214564K (79%)
----------------- Invoking toplevel() on ptolemy.moml.MoMLSimpleApplication@55c8a335
----------------- Done invoking toplevel() on ptolemy.moml.MoMLSimpleApplication@55c8a335
reloadAllAccessors: .GuardOnAbsent

===========================================================================================
----------------- testing Sat Dec 14 06:28:54 UTC 2019 /home/travis/build/icyphy/ptII/ptolemy/domains/modal/test/auto/HierarchicalFSMTypeInference.xml
----------------- Instantiating /home/travis/build/icyphy/ptII/ptolemy/domains/modal/test/auto/HierarchicalFSMTypeInference.xml
4 ms. Memory: 272384K Free: 203844K (75%)
----------------- Invoking toplevel() on ptolemy.moml.MoMLSimpleApplication@7b894112
----------------- Done invoking toplevel() on ptolemy.moml.MoMLSimpleApplication@7b894112
reloadAllAccessors: .HierarchicalFSMTypeInference

===========================================================================================
----------------- testing Sat Dec 14 06:28:54 UTC 2019 /home/travis/build/icyphy/ptII/ptolemy/domains/modal/test/auto/Hysteresis.xml
----------------- Instantiating /home/travis/build/icyphy/ptII/ptolemy/domains/modal/test/auto/Hysteresis.xml
13 ms. Memory: 272384K Free: 190532K (70%)
----------------- Invoking toplevel() on ptolemy.moml.MoMLSimpleApplication@50cbd600
----------------- Done invoking toplevel() on ptolemy.moml.MoMLSimpleApplication@50cbd600
reloadAllAccessors: .Hysteresis

===========================================================================================
----------------- testing Sat Dec 14 06:28:54 UTC 2019 /home/travis/build/icyphy/ptII/ptolemy/domains/modal/test/auto/HysteresisWithDefault.xml
----------------- Instantiating /home/travis/build/icyphy/ptII/ptolemy/domains/modal/test/auto/HysteresisWithDefault.xml
45 ms. Memory: 272384K Free: 167476K (61%)
----------------- Invoking toplevel() on ptolemy.moml.MoMLSimpleApplication@21c1190b
----------------- Done invoking toplevel() on ptolemy.moml.MoMLSimpleApplication@21c1190b
reloadAllAccessors: .HysteresisWithDefault

===========================================================================================
----------------- testing Sat Dec 14 06:28:54 UTC 2019 /home/travis/build/icyphy/ptII/ptolemy/domains/modal/test/auto/HysteresisWithDefault2.xml
----------------- Instantiating /home/travis/build/icyphy/ptII/ptolemy/domains/modal/test/auto/HysteresisWithDefault2.xml
50 ms. Memory: 272384K Free: 138308K (51%)
----------------- Invoking toplevel() on ptolemy.moml.MoMLSimpleApplication@42e0a3
----------------- Done invoking toplevel() on ptolemy.moml.MoMLSimpleApplication@42e0a3
reloadAllAccessors: .HysteresisWithDefault2

===========================================================================================
----------------- testing Sat Dec 14 06:28:54 UTC 2019 /home/travis/build/icyphy/ptII/ptolemy/domains/modal/test/auto/ImmediateNonConstructiveness.xml
----------------- Instantiating /home/travis/build/icyphy/ptII/ptolemy/domains/modal/test/auto/ImmediateNonConstructiveness.xml
3 ms. Memory: 272384K Free: 131140K (48%)
----------------- Invoking toplevel() on ptolemy.moml.MoMLSimpleApplication@106210fc
----------------- Done invoking toplevel() on ptolemy.moml.MoMLSimpleApplication@106210fc
reloadAllAccessors: .ImmediateNonConstructiveness

===========================================================================================
----------------- testing Sat Dec 14 06:28:54 UTC 2019 /home/travis/build/icyphy/ptII/ptolemy/domains/modal/test/auto/ImmediateNonConstructiveness2.xml
----------------- Instantiating /home/travis/build/icyphy/ptII/ptolemy/domains/modal/test/auto/ImmediateNonConstructiveness2.xml
2 ms. Memory: 272384K Free: 124482K (46%)
----------------- Invoking toplevel() on ptolemy.moml.MoMLSimpleApplication@1a5a21b5
----------------- Done invoking toplevel() on ptolemy.moml.MoMLSimpleApplication@1a5a21b5
reloadAllAccessors: .ImmediateNonConstructiveness2

===========================================================================================
----------------- testing Sat Dec 14 06:28:54 UTC 2019 /home/travis/build/icyphy/ptII/ptolemy/domains/modal/test/auto/ImmediateTransitionReset.xml
----------------- Instantiating /home/travis/build/icyphy/ptII/ptolemy/domains/modal/test/auto/ImmediateTransitionReset.xml
6 ms. Memory: 272384K Free: 112708K (41%)
----------------- Invoking toplevel() on ptolemy.moml.MoMLSimpleApplication@d962851
----------------- Done invoking toplevel() on ptolemy.moml.MoMLSimpleApplication@d962851
reloadAllAccessors: .ImmediateTransitionReset

===========================================================================================
----------------- testing Sat Dec 14 06:28:54 UTC 2019 /home/travis/build/icyphy/ptII/ptolemy/domains/modal/test/auto/ImmediateTransitions1.xml
----------------- Instantiating /home/travis/build/icyphy/ptII/ptolemy/domains/modal/test/auto/ImmediateTransitions1.xml
1 ms. Memory: 272384K Free: 107588K (39%)
----------------- Invoking toplevel() on ptolemy.moml.MoMLSimpleApplication@536cbcbf
----------------- Done invoking toplevel() on ptolemy.moml.MoMLSimpleApplication@536cbcbf
reloadAllAccessors: .ImmediateTransitions1

===========================================================================================
----------------- testing Sat Dec 14 06:28:54 UTC 2019 /home/travis/build/icyphy/ptII/ptolemy/domains/modal/test/auto/ImmediateTransitionsInstantaneousCommunication.xml
----------------- Instantiating /home/travis/build/icyphy/ptII/ptolemy/domains/modal/test/auto/ImmediateTransitionsInstantaneousCommunication.xml
5 ms. Memory: 272384K Free: 251443K (92%)
----------------- Invoking toplevel() on ptolemy.moml.MoMLSimpleApplication@44a3edbb
----------------- Done invoking toplevel() on ptolemy.moml.MoMLSimpleApplication@44a3edbb
reloadAllAccessors: .ImmediateTransitionsInstantaneousCommunication

===========================================================================================
----------------- testing Sat Dec 14 06:28:54 UTC 2019 /home/travis/build/icyphy/ptII/ptolemy/domains/modal/test/auto/InitialImmediateTransition.xml
----------------- Instantiating /home/travis/build/icyphy/ptII/ptolemy/domains/modal/test/auto/InitialImmediateTransition.xml
3 ms. Memory: 272384K Free: 244275K (90%)
----------------- Invoking toplevel() on ptolemy.moml.MoMLSimpleApplication@5098b7a0
----------------- Done invoking toplevel() on ptolemy.moml.MoMLSimpleApplication@5098b7a0
reloadAllAccessors: .InitialImmediateTransition

===========================================================================================
----------------- testing Sat Dec 14 06:28:54 UTC 2019 /home/travis/build/icyphy/ptII/ptolemy/domains/modal/test/auto/InitialOutputs.xml
----------------- Instantiating /home/travis/build/icyphy/ptII/ptolemy/domains/modal/test/auto/InitialOutputs.xml
4 ms. Memory: 272384K Free: 237617K (87%)
----------------- Invoking toplevel() on ptolemy.moml.MoMLSimpleApplication@1ecd7c9b
----------------- Done invoking toplevel() on ptolemy.moml.MoMLSimpleApplication@1ecd7c9b
reloadAllAccessors: .InitialOutputs

===========================================================================================
----------------- testing Sat Dec 14 06:28:55 UTC 2019 /home/travis/build/icyphy/ptII/ptolemy/domains/modal/test/auto/InitialStateTransition1.xml
----------------- Instantiating /home/travis/build/icyphy/ptII/ptolemy/domains/modal/test/auto/InitialStateTransition1.xml
4 ms. Memory: 272384K Free: 230445K (85%)
----------------- Invoking toplevel() on ptolemy.moml.MoMLSimpleApplication@1db143f2
----------------- Done invoking toplevel() on ptolemy.moml.MoMLSimpleApplication@1db143f2
reloadAllAccessors: .InitialStateTransition1

===========================================================================================
----------------- testing Sat Dec 14 06:28:55 UTC 2019 /home/travis/build/icyphy/ptII/ptolemy/domains/modal/test/auto/InitialStateTransition2.xml
----------------- Instantiating /home/travis/build/icyphy/ptII/ptolemy/domains/modal/test/auto/InitialStateTransition2.xml
.InitialStateTransition2.TestExceptionAttributeNonConstructive: initialize() was not invoked, but wrapup() was.  This is unusual, but not always a problem.  For example, exporting JNLP will do this.
3 ms. Memory: 272384K Free: 223281K (82%)
----------------- Invoking toplevel() on ptolemy.moml.MoMLSimpleApplication@4fb338f6
----------------- Done invoking toplevel() on ptolemy.moml.MoMLSimpleApplication@4fb338f6
reloadAllAccessors: .InitialStateTransition2

===========================================================================================
----------------- testing Sat Dec 14 06:28:55 UTC 2019 /home/travis/build/icyphy/ptII/ptolemy/domains/modal/test/auto/InitialStateTransition3.xml
----------------- Instantiating /home/travis/build/icyphy/ptII/ptolemy/domains/modal/test/auto/InitialStateTransition3.xml
4 ms. Memory: 272384K Free: 215089K (79%)
----------------- Invoking toplevel() on ptolemy.moml.MoMLSimpleApplication@28a11ea4
----------------- Done invoking toplevel() on ptolemy.moml.MoMLSimpleApplication@28a11ea4
reloadAllAccessors: .InitialStateTransition3

===========================================================================================
----------------- testing Sat Dec 14 06:28:55 UTC 2019 /home/travis/build/icyphy/ptII/ptolemy/domains/modal/test/auto/InitialStateTransition4.xml
----------------- Instantiating /home/travis/build/icyphy/ptII/ptolemy/domains/modal/test/auto/InitialStateTransition4.xml
4 ms. Memory: 272384K Free: 205363K (75%)
----------------- Invoking toplevel() on ptolemy.moml.MoMLSimpleApplication@51f9488c
----------------- Done invoking toplevel() on ptolemy.moml.MoMLSimpleApplication@51f9488c
[...]
reloadAllAccessors: .TerminationTransition3

===========================================================================================
----------------- testing Sat Dec 14 06:28:57 UTC 2019 /home/travis/build/icyphy/ptII/ptolemy/domains/modal/test/auto/TerminationTransition4.xml
----------------- Instantiating /home/travis/build/icyphy/ptII/ptolemy/domains/modal/test/auto/TerminationTransition4.xml
6 ms. Memory: 327680K Free: 180330K (55%)
----------------- Invoking toplevel() on ptolemy.moml.MoMLSimpleApplication@1977212d
----------------- Done invoking toplevel() on ptolemy.moml.MoMLSimpleApplication@1977212d
reloadAllAccessors: .TerminationTransition4

===========================================================================================
----------------- testing Sat Dec 14 06:28:57 UTC 2019 /home/travis/build/icyphy/ptII/ptolemy/domains/modal/test/auto/TerminationTransition5.xml
----------------- Instantiating /home/travis/build/icyphy/ptII/ptolemy/domains/modal/test/auto/TerminationTransition5.xml
2 ms. Memory: 327680K Free: 166504K (51%)
----------------- Invoking toplevel() on ptolemy.moml.MoMLSimpleApplication@55437f88
----------------- Done invoking toplevel() on ptolemy.moml.MoMLSimpleApplication@55437f88
reloadAllAccessors: .TerminationTransition5

===========================================================================================
----------------- testing Sat Dec 14 06:28:57 UTC 2019 /home/travis/build/icyphy/ptII/ptolemy/domains/modal/test/auto/TerminationTransition6.xml
----------------- Instantiating /home/travis/build/icyphy/ptII/ptolemy/domains/modal/test/auto/TerminationTransition6.xml
1 ms. Memory: 327680K Free: 157802K (48%)
----------------- Invoking toplevel() on ptolemy.moml.MoMLSimpleApplication@75732881
----------------- Done invoking toplevel() on ptolemy.moml.MoMLSimpleApplication@75732881
reloadAllAccessors: .TerminationTransition6

===========================================================================================
----------------- testing Sat Dec 14 06:28:57 UTC 2019 /home/travis/build/icyphy/ptII/ptolemy/domains/modal/test/auto/TerminationTransition7.xml
----------------- Instantiating /home/travis/build/icyphy/ptII/ptolemy/domains/modal/test/auto/TerminationTransition7.xml
2 ms. Memory: 327680K Free: 148586K (45%)
----------------- Invoking toplevel() on ptolemy.moml.MoMLSimpleApplication@4aaabbc9
----------------- Done invoking toplevel() on ptolemy.moml.MoMLSimpleApplication@4aaabbc9
reloadAllAccessors: .TerminationTransition7

===========================================================================================
----------------- testing Sat Dec 14 06:28:57 UTC 2019 /home/travis/build/icyphy/ptII/ptolemy/domains/modal/test/auto/TerminationTransition8.xml
----------------- Instantiating /home/travis/build/icyphy/ptII/ptolemy/domains/modal/test/auto/TerminationTransition8.xml
2 ms. Memory: 327680K Free: 138856K (42%)
----------------- Invoking toplevel() on ptolemy.moml.MoMLSimpleApplication@3aa09116
----------------- Done invoking toplevel() on ptolemy.moml.MoMLSimpleApplication@3aa09116
reloadAllAccessors: .TerminationTransition8

===========================================================================================
----------------- testing Sat Dec 14 06:28:57 UTC 2019 /home/travis/build/icyphy/ptII/ptolemy/domains/modal/test/auto/Thermostat_NoHysteresis.xml
----------------- Instantiating /home/travis/build/icyphy/ptII/ptolemy/domains/modal/test/auto/Thermostat_NoHysteresis.xml
46 ms. Memory: 327680K Free: 305160K (93%)
----------------- Invoking toplevel() on ptolemy.moml.MoMLSimpleApplication@31f3f164
----------------- Done invoking toplevel() on ptolemy.moml.MoMLSimpleApplication@31f3f164
reloadAllAccessors: .Thermostat_NoHysteresis

===========================================================================================
----------------- testing Sat Dec 14 06:28:57 UTC 2019 /home/travis/build/icyphy/ptII/ptolemy/domains/modal/test/auto/TimedFSM.xml
----------------- Instantiating /home/travis/build/icyphy/ptII/ptolemy/domains/modal/test/auto/TimedFSM.xml
7 ms. Memory: 327680K Free: 293225K (89%)
----------------- Invoking toplevel() on ptolemy.moml.MoMLSimpleApplication@7df322d5
----------------- Done invoking toplevel() on ptolemy.moml.MoMLSimpleApplication@7df322d5
reloadAllAccessors: .TimedFSM

===========================================================================================
----------------- testing Sat Dec 14 06:28:57 UTC 2019 /home/travis/build/icyphy/ptII/ptolemy/domains/modal/test/auto/Timeout1.xml
----------------- Instantiating /home/travis/build/icyphy/ptII/ptolemy/domains/modal/test/auto/Timeout1.xml
3 ms. Memory: 327680K Free: 287081K (88%)
----------------- Invoking toplevel() on ptolemy.moml.MoMLSimpleApplication@28cc99c9
----------------- Done invoking toplevel() on ptolemy.moml.MoMLSimpleApplication@28cc99c9
reloadAllAccessors: .Timeout1

===========================================================================================
----------------- testing Sat Dec 14 06:28:57 UTC 2019 /home/travis/build/icyphy/ptII/ptolemy/domains/modal/test/auto/Timeout2.xml
----------------- Instantiating /home/travis/build/icyphy/ptII/ptolemy/domains/modal/test/auto/Timeout2.xml
8 ms. Memory: 327680K Free: 278361K (85%)
----------------- Invoking toplevel() on ptolemy.moml.MoMLSimpleApplication@7d691503
----------------- Done invoking toplevel() on ptolemy.moml.MoMLSimpleApplication@7d691503
reloadAllAccessors: .Timeout2

===========================================================================================
----------------- testing Sat Dec 14 06:28:57 UTC 2019 /home/travis/build/icyphy/ptII/ptolemy/domains/modal/test/auto/Timeout3.xml
----------------- Instantiating /home/travis/build/icyphy/ptII/ptolemy/domains/modal/test/auto/Timeout3.xml
2 ms. Memory: 327680K Free: 273241K (83%)
----------------- Invoking toplevel() on ptolemy.moml.MoMLSimpleApplication@25f061c6
----------------- Done invoking toplevel() on ptolemy.moml.MoMLSimpleApplication@25f061c6
reloadAllAccessors: .Timeout3

===========================================================================================
----------------- testing Sat Dec 14 06:28:57 UTC 2019 /home/travis/build/icyphy/ptII/ptolemy/domains/modal/test/auto/Timeout4.xml
----------------- Instantiating /home/travis/build/icyphy/ptII/ptolemy/domains/modal/test/auto/Timeout4.xml
2 ms. Memory: 327680K Free: 268135K (82%)
----------------- Invoking toplevel() on ptolemy.moml.MoMLSimpleApplication@59305009
----------------- Done invoking toplevel() on ptolemy.moml.MoMLSimpleApplication@59305009
reloadAllAccessors: .Timeout4

===========================================================================================
----------------- testing Sat Dec 14 06:28:57 UTC 2019 /home/travis/build/icyphy/ptII/ptolemy/domains/modal/test/auto/TransientstateModelAdvanced.xml
----------------- Instantiating /home/travis/build/icyphy/ptII/ptolemy/domains/modal/test/auto/TransientstateModelAdvanced.xml
3 ms. Memory: 327680K Free: 255817K (78%)
----------------- Invoking toplevel() on ptolemy.moml.MoMLSimpleApplication@50277722
----------------- Done invoking toplevel() on ptolemy.moml.MoMLSimpleApplication@50277722
reloadAllAccessors: .TransientstateModelAdvanced

===========================================================================================
----------------- testing Sat Dec 14 06:28:57 UTC 2019 /home/travis/build/icyphy/ptII/ptolemy/domains/modal/test/auto/TransientstateModelAdvanced2.xml
----------------- Instantiating /home/travis/build/icyphy/ptII/ptolemy/domains/modal/test/auto/TransientstateModelAdvanced2.xml
4 ms. Memory: 327680K Free: 241497K (74%)
----------------- Invoking toplevel() on ptolemy.moml.MoMLSimpleApplication@2464eb6
----------------- Done invoking toplevel() on ptolemy.moml.MoMLSimpleApplication@2464eb6
reloadAllAccessors: .transientstatemodelAdvanced

===========================================================================================
----------------- testing Sat Dec 14 06:28:57 UTC 2019 /home/travis/build/icyphy/ptII/ptolemy/domains/modal/test/auto/TransitionRefinements.xml
----------------- Instantiating /home/travis/build/icyphy/ptII/ptolemy/domains/modal/test/auto/TransitionRefinements.xml
7 ms. Memory: 327680K Free: 231785K (71%)
----------------- Invoking toplevel() on ptolemy.moml.MoMLSimpleApplication@71a08cc0
----------------- Done invoking toplevel() on ptolemy.moml.MoMLSimpleApplication@71a08cc0
reloadAllAccessors: .TransitionRefinements

===========================================================================================
----------------- testing Sat Dec 14 06:28:57 UTC 2019 /home/travis/build/icyphy/ptII/ptolemy/domains/modal/test/auto/TwoRefinements1.xml
----------------- Instantiating /home/travis/build/icyphy/ptII/ptolemy/domains/modal/test/auto/TwoRefinements1.xml
2 ms. Memory: 327680K Free: 221545K (68%)
----------------- Invoking toplevel() on ptolemy.moml.MoMLSimpleApplication@4d08f3d1
----------------- Done invoking toplevel() on ptolemy.moml.MoMLSimpleApplication@4d08f3d1
reloadAllAccessors: .TwoRefinements1

===========================================================================================
----------------- testing Sat Dec 14 06:28:57 UTC 2019 /home/travis/build/icyphy/ptII/ptolemy/domains/modal/test/auto/TwoRefinements2.xml
----------------- Instantiating /home/travis/build/icyphy/ptII/ptolemy/domains/modal/test/auto/TwoRefinements2.xml
3 ms. Memory: 327680K Free: 211815K (65%)
----------------- Invoking toplevel() on ptolemy.moml.MoMLSimpleApplication@199d1f6
----------------- Done invoking toplevel() on ptolemy.moml.MoMLSimpleApplication@199d1f6
reloadAllAccessors: .TwoRefinements2

===========================================================================================
----------------- testing Sat Dec 14 06:28:57 UTC 2019 /home/travis/build/icyphy/ptII/ptolemy/domains/modal/test/auto/WeakImmediateTransition.xml
----------------- Instantiating /home/travis/build/icyphy/ptII/ptolemy/domains/modal/test/auto/WeakImmediateTransition.xml
3 ms. Memory: 327680K Free: 203113K (62%)
----------------- Invoking toplevel() on ptolemy.moml.MoMLSimpleApplication@7c0641cf
----------------- Done invoking toplevel() on ptolemy.moml.MoMLSimpleApplication@7c0641cf
reloadAllAccessors: .WeakImmediateTransition

===========================================================================================
----------------- testing Sat Dec 14 06:28:57 UTC 2019 /home/travis/build/icyphy/ptII/ptolemy/domains/modal/test/auto/booleanSelect.xml
----------------- Instantiating /home/travis/build/icyphy/ptII/ptolemy/domains/modal/test/auto/booleanSelect.xml
62 ms. Memory: 327680K Free: 184681K (56%)
----------------- Invoking toplevel() on ptolemy.moml.MoMLSimpleApplication@d3edb8f
----------------- Done invoking toplevel() on ptolemy.moml.MoMLSimpleApplication@d3edb8f
reloadAllAccessors: .booleanSelect

===========================================================================================
----------------- testing Sat Dec 14 06:28:57 UTC 2019 /home/travis/build/icyphy/ptII/ptolemy/domains/modal/test/auto/modalChangingParams.xml
----------------- Instantiating /home/travis/build/icyphy/ptII/ptolemy/domains/modal/test/auto/modalChangingParams.xml
0
1
0
2
4
6
8
7
0
2
4
6
8
13
0
2
4
6
8
19
0
2
4
6
8
25
0
2
4
6
8
31
0
2
4
6
8
37
0
2
4
6
8
43
0
2
4
6
8
49
0
2
4
6
8
55
0
2
4
6
8
61
0
2
4
6
8
67
0
2
4
6
8
73
0
2
4
6
8
79
0
2
4
6
8
85
0
2
4
6
8
91
0
2
4
6
8
97
0
2
4
6
8
103
0
2
4
6
8
109
0
2
4
6
8
115
0
2
4
6
8
121
0
2
4
6
8
127
0
2
4
6
8
133
0
2
4
6
8
139
0
2
4
6
8
145
0
2
4
6
8
151
0
2
4
6
8
157
0
2
4
6
8
163
0
2
4
6
8
169
0
2
4
6
8
175
0
2
4
6
8
181
0
2
4
6
8
187
0
2
4
6
8
193
0
2
4
6
8
199
0
2
4
6
8
205
0
2
4
6
8
211
0
2
4
6
8
217
0
2
4
6
8
223
0
2
4
6
8
229
0
2
4
6
8
235
0
2
4
6
8
241
0
2
4
6
8
247
0
2
4
6
8
253
0
2
4
6
8
259
0
2
4
6
8
265
0
2
4
6
8
271
0
2
4
6
8
277
0
2
4
6
8
283
0
2
4
6
8
289
0
2
4
6
8
295
0
2
4
6
8
301
0
2
4
6
8
307
0
2
4
6
8
313
0
2
4
6
8
319
0
2
4
6
8
325
0
2
4
6
8
331
0
2
4
6
8
337
0
2
4
6
8
343
0
2
4
6
8
349
0
2
4
6
8
355
0
2
4
6
8
361
0
2
4
6
8
367
0
2
4
6
8
373
0
2
4
6
8
379
0
2
4
6
8
385
0
2
4
6
8
391
0
2
4
6
8
397
0
2
4
6
8
403
0
2
4
6
8
409
0
2
4
6
8
415
0
2
4
6
8
421
0
2
4
6
8
427
0
2
4
6
8
433
0
2
4
6
8
439
0
2
4
6
8
445
0
2
4
6
8
451
0
2
4
6
8
457
0
2
4
6
8
463
0
2
4
6
8
469
0
2
4
6
8
475
0
2
4
6
8
481
0
2
4
6
8
487
0
2
4
6
8
493
0
2
4
6
8
499
0
2
4
6
8
505
0
2
4
6
8
511
0
2
4
6
8
517
0
2
4
6
8
523
0
2
4
6
8
529
0
2
4
6
8
535
0
2
4
6
8
541
0
2
4
6
8
547
0
2
4
6
8
553
0
2
4
6
8
559
0
2
4
6
8
565
0
2
4
6
8
571
0
2
4
6
8
577
0
2
4
6
8
583
0
2
4
6
8
589
0
2
4
6
8
595
0
2
4
6
8
601
0
2
4
6
8
607
0
2
4
6
8
613
0
2
4
6
8
619
0
2
4
6
8
625
0
2
4
6
8
631
0
2
4
6
8
637
0
2
4
6
8
643
0
2
4
6
8
649
0
2
4
6
8
655
0
2
4
6
8
661
0
2
4
6
8
667
0
2
4
6
8
673
0
2
4
6
8
679
0
2
4
6
8
685
0
2
4
6
8
691
0
2
4
6
8
697
0
2
4
6
8
703
0
2
4
6
8
709
0
2
4
6
8
715
0
2
4
6
8
721
0
2
4
6
8
727
0
2
4
6
8
733
0
2
4
6
8
739
0
2
4
6
8
745
0
2
4
6
8
751
0
2
4
6
8
757
0
2
4
6
8
763
0
2
4
6
8
769
0
2
4
6
8
775
0
2
4
6
8
781
0
2
4
6
8
787
0
2
4
6
8
793
0
2
4
6
8
799
0
2
4
6
8
805
0
2
4
6
8
811
0
2
4
6
8
817
0
2
4
6
8
823
0
2
4
6
8
829
0
2
4
6
8
835
0
2
4
6
8
841
0
2
4
6
8
847
0
2
4
6
8
853
0
2
4
6
8
859
0
2
4
6
8
865
0
2
4
6
8
871
0
2
4
6
8
877
0
2
4
6
8
883
0
2
4
6
8
889
0
2
4
6
8
895
0
2
4
6
8
901
0
2
4
6
8
907
0
2
4
6
8
913
0
2
4
6
8
919
0
2
4
6
8
925
0
2
4
6
8
931
0
2
4
6
8
937
0
2
4
6
8
943
0
2
4
6
8
949
0
2
4
6
8
955
0
2
4
6
8
961
0
2
4
6
8
967
0
2
4
6
8
973
0
2
4
6
8
979
0
2
4
6
8
985
0
2
4
6
8
991
0
2
4
6
8
997
0
2
241 ms. Memory: 327680K Free: 262261K (80%)
----------------- Invoking toplevel() on ptolemy.moml.MoMLSimpleApplication@65a75161
----------------- Done invoking toplevel() on ptolemy.moml.MoMLSimpleApplication@65a75161
reloadAllAccessors: .modalChangingParams

===========================================================================================
----------------- testing Sat Dec 14 06:28:58 UTC 2019 /home/travis/build/icyphy/ptII/ptolemy/domains/modal/test/auto/modalModel.xml
----------------- Instantiating /home/travis/build/icyphy/ptII/ptolemy/domains/modal/test/auto/modalModel.xml
12 ms. Memory: 327680K Free: 253045K (77%)
----------------- Invoking toplevel() on ptolemy.moml.MoMLSimpleApplication@1d050c8f
----------------- Done invoking toplevel() on ptolemy.moml.MoMLSimpleApplication@1d050c8f
reloadAllAccessors: .modalModel

===========================================================================================
----------------- testing Sat Dec 14 06:28:58 UTC 2019 /home/travis/build/icyphy/ptII/ptolemy/domains/modal/test/auto/modalModel2.xml
----------------- Instantiating /home/travis/build/icyphy/ptII/ptolemy/domains/modal/test/auto/modalModel2.xml
15 ms. Memory: 327680K Free: 242277K (74%)
----------------- Invoking toplevel() on ptolemy.moml.MoMLSimpleApplication@769e8570
----------------- Done invoking toplevel() on ptolemy.moml.MoMLSimpleApplication@769e8570
reloadAllAccessors: .modalModel2

===========================================================================================
----------------- testing Sat Dec 14 06:28:58 UTC 2019 /home/travis/build/icyphy/ptII/ptolemy/domains/modal/test/auto/modalModel3.xml
----------------- Instantiating /home/travis/build/icyphy/ptII/ptolemy/domains/modal/test/auto/modalModel3.xml
0	0	0
3	2	1
6	4	2
9	6	3
4	0	4
7	2	5
10	4	6
13	6	7
8	0	8
11	2	9
14	4	10
17	6	11
12	0	12
15	2	13
18	4	14
23 ms. Memory: 327680K Free: 227445K (69%)
----------------- Invoking toplevel() on ptolemy.moml.MoMLSimpleApplication@5c3662fc
----------------- Done invoking toplevel() on ptolemy.moml.MoMLSimpleApplication@5c3662fc
reloadAllAccessors: .modalModel3

===========================================================================================
----------------- testing Sat Dec 14 06:28:58 UTC 2019 /home/travis/build/icyphy/ptII/ptolemy/domains/modal/test/auto/model1.xml
----------------- Instantiating /home/travis/build/icyphy/ptII/ptolemy/domains/modal/test/auto/model1.xml
13 ms. Memory: 327680K Free: 221811K (68%)
----------------- Invoking toplevel() on ptolemy.moml.MoMLSimpleApplication@331b6a08
----------------- Done invoking toplevel() on ptolemy.moml.MoMLSimpleApplication@331b6a08
reloadAllAccessors: .model1

===========================================================================================
----------------- testing Sat Dec 14 06:28:58 UTC 2019 /home/travis/build/icyphy/ptII/ptolemy/domains/modal/test/auto/test-direct-in-out.xml
----------------- Instantiating /home/travis/build/icyphy/ptII/ptolemy/domains/modal/test/auto/test-direct-in-out.xml
5 ms. Memory: 327680K Free: 214133K (65%)
----------------- Invoking toplevel() on ptolemy.moml.MoMLSimpleApplication@73528367
----------------- Done invoking toplevel() on ptolemy.moml.MoMLSimpleApplication@73528367
reloadAllAccessors: .test-direct-in-out
AutoTests.java: About to close Vertx.
AutoTests.java: Vertx closed.
]]></system-out>
  <system-err><![CDATA[java.lang.RuntimeException: Execution failed
	at ptolemy.moml.MoMLSimpleApplication$UnloadThread.run(MoMLSimpleApplication.java:402)
Caused by: ptolemy.kernel.util.IllegalActionException: Unknown inputs remain. Possible causality loop:
L_model_1893289564i

  in .CannotAnalysisWithPreemption.model_1893289564_region_1 and .CannotAnalysisWithPreemption.model_1893289564_region_1.L_model_1893289564i
	at ptolemy.actor.sched.FixedPointDirector.postfire(FixedPointDirector.java:515)
	at ptolemy.domains.sr.kernel.SRDirector.postfire(SRDirector.java:417)
	at ptolemy.actor.CompositeActor.postfire(CompositeActor.java:1668)
	at ptolemy.actor.Manager.iterate(Manager.java:852)
	at ptolemy.actor.Manager.execute(Manager.java:369)
	at ptolemy.actor.Manager.run(Manager.java:1263)
	at ptolemy.actor.Manager$PtolemyRunThread.run(Manager.java:1933)
java.lang.reflect.InvocationTargetException
	at java.base/jdk.internal.reflect.NativeConstructorAccessorImpl.newInstance0(Native Method)
	at java.base/jdk.internal.reflect.NativeConstructorAccessorImpl.newInstance(NativeConstructorAccessorImpl.java:62)
	at java.base/jdk.internal.reflect.DelegatingConstructorAccessorImpl.newInstance(DelegatingConstructorAccessorImpl.java:45)
	at java.base/java.lang.reflect.Constructor.newInstance(Constructor.java:490)
	at ptolemy.util.test.junit.AutoKnownFailedTests.RunModel(AutoKnownFailedTests.java:105)
	at java.base/jdk.internal.reflect.NativeMethodAccessorImpl.invoke0(Native Method)
	at java.base/jdk.internal.reflect.NativeMethodAccessorImpl.invoke(NativeMethodAccessorImpl.java:62)
	at java.base/jdk.internal.reflect.DelegatingMethodAccessorImpl.invoke(DelegatingMethodAccessorImpl.java:43)
	at java.base/java.lang.reflect.Method.invoke(Method.java:566)
	at org.junit.runners.model.FrameworkMethod$1.runReflectiveCall(FrameworkMethod.java:44)
	at org.junit.internal.runners.model.ReflectiveCallable.run(ReflectiveCallable.java:15)
	at org.junit.runners.model.FrameworkMethod.invokeExplosively(FrameworkMethod.java:41)
	at junitparams.internal.InvokeParameterisedMethod.evaluate(InvokeParameterisedMethod.java:102)
	at org.junit.internal.runners.statements.FailOnTimeout$1.run(FailOnTimeout.java:28)
Caused by: ptolemy.kernel.util.IllegalActionException: Unknown inputs remain. Possible causality loop:
L_model_1893289564i

  in .CannotAnalysisWithPreemption.model_1893289564_region_1 and .CannotAnalysisWithPreemption.model_1893289564_region_1.L_model_1893289564i
	at ptolemy.actor.sched.FixedPointDirector.postfire(FixedPointDirector.java:515)
	at ptolemy.domains.sr.kernel.SRDirector.postfire(SRDirector.java:417)
	at ptolemy.actor.CompositeActor.postfire(CompositeActor.java:1668)
	at ptolemy.actor.Manager.iterate(Manager.java:852)
	at ptolemy.actor.Manager.execute(Manager.java:369)
	at ptolemy.actor.Manager.run(Manager.java:1263)
	at ptolemy.actor.Manager$PtolemyRunThread.run(Manager.java:1933)
]]></system-err>
</testsuite>
