<?xml version="1.0" encoding="UTF-8" ?>
<testsuite errors="0" failures="0" hostname="travis-job-4c1098c4-e54c-4bc7-8dfb-7c23e5d52490" name="ptolemy.domains.de.test.junit.JUnitTclTest" skipped="0" tests="101" time="123.376" timestamp="2020-10-16T13:45:09">
  <properties>
[...]
</properties>
  <testcase classname="ptolemy.util.test.junit.TclTests" name="[0] /home/travis/build/icyphy/ptII/ptolemy/domains/de/test/DependencyLoop.tcl (RunTclFile)" time="1.063" />
  <testcase classname="ptolemy.util.test.junit.TclTests" name="[1] /home/travis/build/icyphy/ptII/ptolemy/domains/de/test/RunDETestsAsQSS.tcl (RunTclFile)" time="83.403" />
  <testcase classname="ptolemy.util.test.junit.AutoKnownFailedTests" name="[0] /home/travis/build/icyphy/ptII/ptolemy/domains/de/test/auto/knownFailedTests/DESDFClockTest.xml (RunModel)" time="2.044" />
  <testcase classname="ptolemy.util.test.junit.AutoKnownFailedTests" name="[1] /home/travis/build/icyphy/ptII/ptolemy/domains/de/test/auto/knownFailedTests/DirectFeedback.xml (RunModel)" time="0.017" />
  <testcase classname="ptolemy.util.test.junit.AutoKnownFailedTests" name="[2] /home/travis/build/icyphy/ptII/ptolemy/domains/de/test/auto/knownFailedTests/FSMSource.xml (RunModel)" time="0.028" />
  <testcase classname="ptolemy.util.test.junit.AutoKnownFailedTests" name="[3] /home/travis/build/icyphy/ptII/ptolemy/domains/de/test/auto/knownFailedTests/HierarchicalModel.xml (RunModel)" time="0.05" />
  <testcase classname="ptolemy.util.test.junit.AutoKnownFailedTests" name="[4] /home/travis/build/icyphy/ptII/ptolemy/domains/de/test/auto/knownFailedTests/dependencyLoop.xml (RunModel)" time="0.052" />
  <testcase classname="ptolemy.util.test.junit.AutoKnownFailedTests" name="[5] /home/travis/build/icyphy/ptII/ptolemy/domains/de/test/auto/knownFailedTests/dependencyLoop2.xml (RunModel)" time="0.046" />
  <testcase classname="ptolemy.util.test.junit.AutoNameArchTests" name="[0] ThereAreNoAutoArchTests (RunModel)" time="0.002" />
  <testcase classname="ptolemy.util.test.junit.AutoTests" name="[0] /home/travis/build/icyphy/ptII/ptolemy/domains/de/test/auto/ActorDepthCalculation_actorWithoutPorts.xml (RunModel)" time="0.02" />
  <testcase classname="ptolemy.util.test.junit.AutoTests" name="[1] /home/travis/build/icyphy/ptII/ptolemy/domains/de/test/auto/AssemblyLine.xml (RunModel)" time="0.024" />
  <testcase classname="ptolemy.util.test.junit.AutoTests" name="[2] /home/travis/build/icyphy/ptII/ptolemy/domains/de/test/auto/CQBug1.xml (RunModel)" time="0.011" />
  <testcase classname="ptolemy.util.test.junit.AutoTests" name="[3] /home/travis/build/icyphy/ptII/ptolemy/domains/de/test/auto/CancelFireAt.xml (RunModel)" time="0.012" />
  <testcase classname="ptolemy.util.test.junit.AutoTests" name="[4] /home/travis/build/icyphy/ptII/ptolemy/domains/de/test/auto/CausalityAndComposabilityAnalysis.xml (RunModel)" time="0.014" />
  <testcase classname="ptolemy.util.test.junit.AutoTests" name="[5] /home/travis/build/icyphy/ptII/ptolemy/domains/de/test/auto/CausalityInterface1.xml (RunModel)" time="0.016" />
  <testcase classname="ptolemy.util.test.junit.AutoTests" name="[6] /home/travis/build/icyphy/ptII/ptolemy/domains/de/test/auto/CausalityInterface15.xml (RunModel)" time="0.015" />
  <testcase classname="ptolemy.util.test.junit.AutoTests" name="[7] /home/travis/build/icyphy/ptII/ptolemy/domains/de/test/auto/CausalityInterface2.xml (RunModel)" time="0.017" />
  <testcase classname="ptolemy.util.test.junit.AutoTests" name="[8] /home/travis/build/icyphy/ptII/ptolemy/domains/de/test/auto/CausalityInterface3.xml (RunModel)" time="0.012" />
  <testcase classname="ptolemy.util.test.junit.AutoTests" name="[9] /home/travis/build/icyphy/ptII/ptolemy/domains/de/test/auto/ClockDrift.xml (RunModel)" time="0.036" />
  <testcase classname="ptolemy.util.test.junit.AutoTests" name="[10] /home/travis/build/icyphy/ptII/ptolemy/domains/de/test/auto/ClockDriftAndValueChange.xml (RunModel)" time="0.027" />
  <testcase classname="ptolemy.util.test.junit.AutoTests" name="[11] /home/travis/build/icyphy/ptII/ptolemy/domains/de/test/auto/ClockDriftChange.xml (RunModel)" time="0.032" />
  <testcase classname="ptolemy.util.test.junit.AutoTests" name="[12] /home/travis/build/icyphy/ptII/ptolemy/domains/de/test/auto/ComposableCausalityAnalysis.xml (RunModel)" time="0.018" />
  <testcase classname="ptolemy.util.test.junit.AutoTests" name="[13] /home/travis/build/icyphy/ptII/ptolemy/domains/de/test/auto/DEFixedPointLimitation.xml (RunModel)" time="0.011" />
  <testcase classname="ptolemy.util.test.junit.AutoTests" name="[14] /home/travis/build/icyphy/ptII/ptolemy/domains/de/test/auto/DEScheduleTest.xml (RunModel)" time="0.017" />
  <testcase classname="ptolemy.util.test.junit.AutoTests" name="[15] /home/travis/build/icyphy/ptII/ptolemy/domains/de/test/auto/DEinDEwithStartTimes.xml (RunModel)" time="0.017" />
  <testcase classname="ptolemy.util.test.junit.AutoTests" name="[16] /home/travis/build/icyphy/ptII/ptolemy/domains/de/test/auto/DEinDEwithStartTimes2.xml (RunModel)" time="0.022" />
  <testcase classname="ptolemy.util.test.junit.AutoTests" name="[17] /home/travis/build/icyphy/ptII/ptolemy/domains/de/test/auto/DateDemo.xml (RunModel)" time="0.03" />
  <testcase classname="ptolemy.util.test.junit.AutoTests" name="[18] /home/travis/build/icyphy/ptII/ptolemy/domains/de/test/auto/DateToEvent.xml (RunModel)" time="2.044" />
  <testcase classname="ptolemy.util.test.junit.AutoTests" name="[19] /home/travis/build/icyphy/ptII/ptolemy/domains/de/test/auto/DepthTest1.xml (RunModel)" time="0.013" />
  <testcase classname="ptolemy.util.test.junit.AutoTests" name="[20] /home/travis/build/icyphy/ptII/ptolemy/domains/de/test/auto/DepthTest2.xml (RunModel)" time="0.02" />
  <testcase classname="ptolemy.util.test.junit.AutoTests" name="[21] /home/travis/build/icyphy/ptII/ptolemy/domains/de/test/auto/DepthTest3.xml (RunModel)" time="0.011" />
  <testcase classname="ptolemy.util.test.junit.AutoTests" name="[22] /home/travis/build/icyphy/ptII/ptolemy/domains/de/test/auto/DepthTest4.xml (RunModel)" time="0.018" />
  <testcase classname="ptolemy.util.test.junit.AutoTests" name="[23] /home/travis/build/icyphy/ptII/ptolemy/domains/de/test/auto/DepthTest5.xml (RunModel)" time="0.015" />
  <testcase classname="ptolemy.util.test.junit.AutoTests" name="[24] /home/travis/build/icyphy/ptII/ptolemy/domains/de/test/auto/DepthTest6.xml (RunModel)" time="0.013" />
  <testcase classname="ptolemy.util.test.junit.AutoTests" name="[25] /home/travis/build/icyphy/ptII/ptolemy/domains/de/test/auto/DepthTest7.xml (RunModel)" time="0.012" />
  <testcase classname="ptolemy.util.test.junit.AutoTests" name="[26] /home/travis/build/icyphy/ptII/ptolemy/domains/de/test/auto/EventToDate.xml (RunModel)" time="3.042" />
  <testcase classname="ptolemy.util.test.junit.AutoTests" name="[27] /home/travis/build/icyphy/ptII/ptolemy/domains/de/test/auto/FSM1.xml (RunModel)" time="0.039" />
  <testcase classname="ptolemy.util.test.junit.AutoTests" name="[28] /home/travis/build/icyphy/ptII/ptolemy/domains/de/test/auto/FSM7.xml (RunModel)" time="0.044" />
  <testcase classname="ptolemy.util.test.junit.AutoTests" name="[29] /home/travis/build/icyphy/ptII/ptolemy/domains/de/test/auto/Inspection.xml (RunModel)" time="0.047" />
  <testcase classname="ptolemy.util.test.junit.AutoTests" name="[30] /home/travis/build/icyphy/ptII/ptolemy/domains/de/test/auto/Iteration.xml (RunModel)" time="0.026" />
  <testcase classname="ptolemy.util.test.junit.AutoTests" name="[31] /home/travis/build/icyphy/ptII/ptolemy/domains/de/test/auto/LineFault.xml (RunModel)" time="0.474" />
  <testcase classname="ptolemy.util.test.junit.AutoTests" name="[32] /home/travis/build/icyphy/ptII/ptolemy/domains/de/test/auto/MergeModel1Add.xml (RunModel)" time="0.046" />
  <testcase classname="ptolemy.util.test.junit.AutoTests" name="[33] /home/travis/build/icyphy/ptII/ptolemy/domains/de/test/auto/MergeModel2Add.xml (RunModel)" time="0.032" />
  <testcase classname="ptolemy.util.test.junit.AutoTests" name="[34] /home/travis/build/icyphy/ptII/ptolemy/domains/de/test/auto/MergeModel3Add.xml (RunModel)" time="0.043" />
  <testcase classname="ptolemy.util.test.junit.AutoTests" name="[35] /home/travis/build/icyphy/ptII/ptolemy/domains/de/test/auto/MergeWithoutDiscard.xml (RunModel)" time="0.012" />
  <testcase classname="ptolemy.util.test.junit.AutoTests" name="[36] /home/travis/build/icyphy/ptII/ptolemy/domains/de/test/auto/Modal1.xml (RunModel)" time="0.035" />
  <testcase classname="ptolemy.util.test.junit.AutoTests" name="[37] /home/travis/build/icyphy/ptII/ptolemy/domains/de/test/auto/Modal2.xml (RunModel)" time="0.032" />
  <testcase classname="ptolemy.util.test.junit.AutoTests" name="[38] /home/travis/build/icyphy/ptII/ptolemy/domains/de/test/auto/Modal3.xml (RunModel)" time="0.032" />
  <testcase classname="ptolemy.util.test.junit.AutoTests" name="[39] /home/travis/build/icyphy/ptII/ptolemy/domains/de/test/auto/Modal4.xml (RunModel)" time="0.03" />
  <testcase classname="ptolemy.util.test.junit.AutoTests" name="[40] /home/travis/build/icyphy/ptII/ptolemy/domains/de/test/auto/Modal5.xml (RunModel)" time="0.032" />
  <testcase classname="ptolemy.util.test.junit.AutoTests" name="[41] /home/travis/build/icyphy/ptII/ptolemy/domains/de/test/auto/Modal6.xml (RunModel)" time="0.03" />
  <testcase classname="ptolemy.util.test.junit.AutoTests" name="[42] /home/travis/build/icyphy/ptII/ptolemy/domains/de/test/auto/Modal7.xml (RunModel)" time="0.035" />
  <testcase classname="ptolemy.util.test.junit.AutoTests" name="[43] /home/travis/build/icyphy/ptII/ptolemy/domains/de/test/auto/ModalModel.xml (RunModel)" time="0.163" />
  <testcase classname="ptolemy.util.test.junit.AutoTests" name="[44] /home/travis/build/icyphy/ptII/ptolemy/domains/de/test/auto/ModalSource.xml (RunModel)" time="0.024" />
  <testcase classname="ptolemy.util.test.junit.AutoTests" name="[45] /home/travis/build/icyphy/ptII/ptolemy/domains/de/test/auto/NonInterruptibleTimerZeroDelay.xml (RunModel)" time="0.012" />
  <testcase classname="ptolemy.util.test.junit.AutoTests" name="[46] /home/travis/build/icyphy/ptII/ptolemy/domains/de/test/auto/OpenQueueingNetwork.xml (RunModel)" time="2.141" />
  <testcase classname="ptolemy.util.test.junit.AutoTests" name="[47] /home/travis/build/icyphy/ptII/ptolemy/domains/de/test/auto/OpenQueuingNetwork.xml (RunModel)" time="0.258" />
  <testcase classname="ptolemy.util.test.junit.AutoTests" name="[48] /home/travis/build/icyphy/ptII/ptolemy/domains/de/test/auto/PeriodicSampler.xml (RunModel)" time="0.011" />
  <testcase classname="ptolemy.util.test.junit.AutoTests" name="[49] /home/travis/build/icyphy/ptII/ptolemy/domains/de/test/auto/PersistentIO.xml (RunModel)" time="0.02" />
  <testcase classname="ptolemy.util.test.junit.AutoTests" name="[50] /home/travis/build/icyphy/ptII/ptolemy/domains/de/test/auto/PortParameterResetOnInitialize.xml (RunModel)" time="0.01" />
  <testcase classname="ptolemy.util.test.junit.AutoTests" name="[51] /home/travis/build/icyphy/ptII/ptolemy/domains/de/test/auto/PortParameterUpdates.xml (RunModel)" time="0.016" />
  <testcase classname="ptolemy.util.test.junit.AutoTests" name="[52] /home/travis/build/icyphy/ptII/ptolemy/domains/de/test/auto/QueueAndServer.xml (RunModel)" time="0.021" />
  <testcase classname="ptolemy.util.test.junit.AutoTests" name="[53] /home/travis/build/icyphy/ptII/ptolemy/domains/de/test/auto/Records.xml (RunModel)" time="0.017" />
  <testcase classname="ptolemy.util.test.junit.AutoTests" name="[54] /home/travis/build/icyphy/ptII/ptolemy/domains/de/test/auto/ResetTransitionWithStartTime1.xml (RunModel)" time="0.021" />
  <testcase classname="ptolemy.util.test.junit.AutoTests" name="[55] /home/travis/build/icyphy/ptII/ptolemy/domains/de/test/auto/ResetTransitionWithStartTime2.xml (RunModel)" time="0.018" />
  <testcase classname="ptolemy.util.test.junit.AutoTests" name="[56] /home/travis/build/icyphy/ptII/ptolemy/domains/de/test/auto/ResetTransitionWithStartTime3.xml (RunModel)" time="0.019" />
  <testcase classname="ptolemy.util.test.junit.AutoTests" name="[57] /home/travis/build/icyphy/ptII/ptolemy/domains/de/test/auto/ResetTransitionWithStartTime4.xml (RunModel)" time="0.017" />
  <testcase classname="ptolemy.util.test.junit.AutoTests" name="[58] /home/travis/build/icyphy/ptII/ptolemy/domains/de/test/auto/ResettableTimer1.xml (RunModel)" time="0.011" />
  <testcase classname="ptolemy.util.test.junit.AutoTests" name="[59] /home/travis/build/icyphy/ptII/ptolemy/domains/de/test/auto/ResettableTimer2.xml (RunModel)" time="0.013" />
  <testcase classname="ptolemy.util.test.junit.AutoTests" name="[60] /home/travis/build/icyphy/ptII/ptolemy/domains/de/test/auto/ResettableTimer3.xml (RunModel)" time="0.008" />
  <testcase classname="ptolemy.util.test.junit.AutoTests" name="[61] /home/travis/build/icyphy/ptII/ptolemy/domains/de/test/auto/ResettableTimer4.xml (RunModel)" time="0.012" />
  <testcase classname="ptolemy.util.test.junit.AutoTests" name="[62] /home/travis/build/icyphy/ptII/ptolemy/domains/de/test/auto/ResettableTimer5.xml (RunModel)" time="0.009" />
  <testcase classname="ptolemy.util.test.junit.AutoTests" name="[63] /home/travis/build/icyphy/ptII/ptolemy/domains/de/test/auto/ResettableTimer6.xml (RunModel)" time="0.02" />
  <testcase classname="ptolemy.util.test.junit.AutoTests" name="[64] /home/travis/build/icyphy/ptII/ptolemy/domains/de/test/auto/ServerZeroDelay.xml (RunModel)" time="0.01" />
  <testcase classname="ptolemy.util.test.junit.AutoTests" name="[65] /home/travis/build/icyphy/ptII/ptolemy/domains/de/test/auto/SmartSender.xml (RunModel)" time="3.007" />
  <testcase classname="ptolemy.util.test.junit.AutoTests" name="[66] /home/travis/build/icyphy/ptII/ptolemy/domains/de/test/auto/ThreadedComposite.xml (RunModel)" time="0.11" />
  <testcase classname="ptolemy.util.test.junit.AutoTests" name="[67] /home/travis/build/icyphy/ptII/ptolemy/domains/de/test/auto/Time.xml (RunModel)" time="0.382" />
  <testcase classname="ptolemy.util.test.junit.AutoTests" name="[68] /home/travis/build/icyphy/ptII/ptolemy/domains/de/test/auto/TimeDelayZeroDelay.xml (RunModel)" time="0.019" />
  <testcase classname="ptolemy.util.test.junit.AutoTests" name="[69] /home/travis/build/icyphy/ptII/ptolemy/domains/de/test/auto/TimerZeroDelay.xml (RunModel)" time="0.012" />
  <testcase classname="ptolemy.util.test.junit.AutoTests" name="[70] /home/travis/build/icyphy/ptII/ptolemy/domains/de/test/auto/TimingParadox.xml (RunModel)" time="0.299" />
  <testcase classname="ptolemy.util.test.junit.AutoTests" name="[71] /home/travis/build/icyphy/ptII/ptolemy/domains/de/test/auto/TransferInputs.xml (RunModel)" time="0.012" />
  <testcase classname="ptolemy.util.test.junit.AutoTests" name="[72] /home/travis/build/icyphy/ptII/ptolemy/domains/de/test/auto/TransferOutputs2.xml (RunModel)" time="0.014" />
  <testcase classname="ptolemy.util.test.junit.AutoTests" name="[73] /home/travis/build/icyphy/ptII/ptolemy/domains/de/test/auto/Trilateration.xml (RunModel)" time="11.035" />
  <testcase classname="ptolemy.util.test.junit.AutoTests" name="[74] /home/travis/build/icyphy/ptII/ptolemy/domains/de/test/auto/TwoSigmaDelta.xml (RunModel)" time="1.819" />
  <testcase classname="ptolemy.util.test.junit.AutoTests" name="[75] /home/travis/build/icyphy/ptII/ptolemy/domains/de/test/auto/VariableDelay.xml (RunModel)" time="0.012" />
  <testcase classname="ptolemy.util.test.junit.AutoTests" name="[76] /home/travis/build/icyphy/ptII/ptolemy/domains/de/test/auto/VariableDelay2.xml (RunModel)" time="0.012" />
  <testcase classname="ptolemy.util.test.junit.AutoTests" name="[77] /home/travis/build/icyphy/ptII/ptolemy/domains/de/test/auto/VariableDelayZeroDelay.xml (RunModel)" time="0.011" />
  <testcase classname="ptolemy.util.test.junit.AutoTests" name="[78] /home/travis/build/icyphy/ptII/ptolemy/domains/de/test/auto/VariableDelayZeroDelay2.xml (RunModel)" time="0.009" />
  <testcase classname="ptolemy.util.test.junit.AutoTests" name="[79] /home/travis/build/icyphy/ptII/ptolemy/domains/de/test/auto/deInCt.xml (RunModel)" time="0.016" />
  <testcase classname="ptolemy.util.test.junit.AutoTests" name="[80] /home/travis/build/icyphy/ptII/ptolemy/domains/de/test/auto/deInCt2.xml (RunModel)" time="0.015" />
  <testcase classname="ptolemy.util.test.junit.AutoTests" name="[81] /home/travis/build/icyphy/ptII/ptolemy/domains/de/test/auto/dynamicCausalityInterface1.xml (RunModel)" time="0.016" />
  <testcase classname="ptolemy.util.test.junit.AutoTests" name="[82] /home/travis/build/icyphy/ptII/ptolemy/domains/de/test/auto/fsm_de_test.xml (RunModel)" time="0.021" />
  <testcase classname="ptolemy.util.test.junit.AutoTests" name="[83] /home/travis/build/icyphy/ptII/ptolemy/domains/de/test/auto/functionDependencyReconstruction.xml (RunModel)" time="0.028" />
  <testcase classname="ptolemy.util.test.junit.AutoTests" name="[84] /home/travis/build/icyphy/ptII/ptolemy/domains/de/test/auto/multirate.xml (RunModel)" time="0.013" />
  <testcase classname="ptolemy.util.test.junit.AutoTests" name="[85] /home/travis/build/icyphy/ptII/ptolemy/domains/de/test/auto/multirate2.xml (RunModel)" time="0.016" />
  <testcase classname="ptolemy.util.test.junit.AutoTests" name="[86] /home/travis/build/icyphy/ptII/ptolemy/domains/de/test/auto/realtime.xml (RunModel)" time="10.009" />
  <testcase classname="ptolemy.util.test.junit.AutoTests" name="[87] /home/travis/build/icyphy/ptII/ptolemy/domains/de/test/auto/relationGroup.xml (RunModel)" time="0.01" />
  <testcase classname="ptolemy.util.test.junit.AutoTests" name="[88] /home/travis/build/icyphy/ptII/ptolemy/domains/de/test/auto/relationGroup2.xml (RunModel)" time="0.013" />
  <testcase classname="ptolemy.util.test.junit.AutoTests" name="[89] /home/travis/build/icyphy/ptII/ptolemy/domains/de/test/auto/sortWithOpaquePorts.xml (RunModel)" time="0.014" />
  <testcase classname="ptolemy.util.test.junit.AutoTests" name="[90] /home/travis/build/icyphy/ptII/ptolemy/domains/de/test/auto/transferInputsandOutputs.xml (RunModel)" time="0.028" />
  <testcase classname="ptolemy.util.test.junit.AutoTests" name="[91] /home/travis/build/icyphy/ptII/ptolemy/domains/de/test/auto/triggerType.xml (RunModel)" time="0.01" />
  <system-out><![CDATA[/home/travis/build/icyphy/ptII/ptolemy/domains/de/test/DependencyLoop.tcl
testDefs.tcl: setting time out to 9000 seconds at Fri Oct 16 13:45:09 UTC 2020
86 ms. Memory: 129024K Free: 78791K (61%)
28 ms. Memory: 129024K Free: 61383K (48%)
/home/travis/build/icyphy/ptII/ptolemy/domains/de/test/RunDETestsAsQSS.tcl
Run the DE tests using ptolemy.domains.qss.test.QSSDirectorTest, which extends QSSDirector and prints a message in the constructors.
------------------ testing $PTII/ptolemy/domains/de/test/auto/knownFailedTests/DirectFeedback.xml (Known Failure) 
42 ms. Memory: 129024K Free: 56263K (44%)


==== $PTIIhome/travis/build/icyphy/ptII/ptolemy/domains/de/test/../../../../: Auto Automatic test in file $PTII/ptolemy/domains/de/test/auto/knownFailedTests/DirectFeedback.xml
==== Contents of test case:

	    # FIXME: we should use $relativeFilename here, but it
	    # might have backslashes under Windows, which causes no end
	    # of trouble.
	    createAndExecute $file
	    list {}
	
.... Test generated KNOWN error:
    while executing
ptolemy.kernel.util.IllegalActionException: Test fails in iteration 1.
Value was: 1.0. Should have been: 2.0
  in .DirectFeedback.Test
	at ptolemy.actor.lib.Test.fire(Test.java:268)
	at ptolemy.domains.de.kernel.DEDirector._fire(DEDirector.java:1949)
	at ptolemy.domains.de.kernel.DEDirector.fire(DEDirector.java:502)
	at ptolemy.actor.CompositeActor.fire(CompositeActor.java:455)
	at ptolemy.actor.Manager.iterate(Manager.java:851)
	at ptolemy.actor.Manager.execute(Manager.java:369)
	at ptolemy.actor.Manager.run(Manager.java:1263)
	at ptolemy.actor.Manager$PtolemyRunThread.run(Manager.java:1933)

    while executing
ptolemy.kernel.util.IllegalActionException: Test fails in iteration 1.
Value was: 1.0. Should have been: 2.0
  in .DirectFeedback.Test
    while executing
"java::new ptolemy.moml.MoMLSimpleApplication $file
"
    (procedure "createAndExecute" line 2)
    invoked from within
"createAndExecute $file"
    ("uplevel" body line 5)
    invoked from within
"uplevel $contents_of_test"
------------------ testing $PTII/ptolemy/domains/de/test/auto/knownFailedTests/dependencyLoop.xml (Known Failure) 
10 ms. Memory: 129024K Free: 53191K (41%)


==== $PTIIhome/travis/build/icyphy/ptII/ptolemy/domains/de/test/../../../../: Auto Automatic test in file $PTII/ptolemy/domains/de/test/auto/knownFailedTests/dependencyLoop.xml
==== Contents of test case:

	    # FIXME: we should use $relativeFilename here, but it
	    # might have backslashes under Windows, which causes no end
	    # of trouble.
	    createAndExecute $file
	    list {}
	
.... Test generated KNOWN error:
    while executing
ptolemy.kernel.util.IllegalActionException: Found a zero delay loop containing .dependencyLoop.original
  in .dependencyLoop and .dependencyLoop.original
	at ptolemy.actor.util.CausalityInterfaceForComposites._computeOutputPortDepth(CausalityInterfaceForComposites.java:759)
	at ptolemy.actor.util.CausalityInterfaceForComposites._computeInputDepth(CausalityInterfaceForComposites.java:696)
	at ptolemy.actor.util.CausalityInterfaceForComposites._computeOutputPortDepth(CausalityInterfaceForComposites.java:765)
	at ptolemy.actor.util.CausalityInterfaceForComposites._computeInputDepth(CausalityInterfaceForComposites.java:696)
	at ptolemy.actor.util.CausalityInterfaceForComposites._computeOutputPortDepth(CausalityInterfaceForComposites.java:765)
	at ptolemy.actor.util.CausalityInterfaceForComposites._computeInputDepth(CausalityInterfaceForComposites.java:696)
	at ptolemy.actor.util.CausalityInterfaceForComposites._computeActorDepth(CausalityInterfaceForComposites.java:532)
	at ptolemy.actor.util.CausalityInterfaceForComposites.checkForCycles(CausalityInterfaceForComposites.java:96)
	at ptolemy.domains.de.kernel.DEDirector.preinitialize(DEDirector.java:1338)
	at ptolemy.actor.CompositeActor.preinitialize(CompositeActor.java:1828)
	at ptolemy.actor.Manager.preinitializeAndResolveTypes(Manager.java:1040)
	at ptolemy.actor.Manager.initialize(Manager.java:710)
	at ptolemy.actor.Manager.execute(Manager.java:356)
	at ptolemy.actor.Manager.run(Manager.java:1263)
	at ptolemy.actor.Manager$PtolemyRunThread.run(Manager.java:1933)

    while executing
ptolemy.kernel.util.IllegalActionException: Found a zero delay loop containing .dependencyLoop.original
  in .dependencyLoop and .dependencyLoop.original
    while executing
"java::new ptolemy.moml.MoMLSimpleApplication $file
"
    (procedure "createAndExecute" line 2)
    invoked from within
"createAndExecute $file"
    ("uplevel" body line 5)
    invoked from within
"uplevel $contents_of_test"
------------------ testing $PTII/ptolemy/domains/de/test/auto/knownFailedTests/FSMSource.xml (Known Failure) 
106 ms. Memory: 129024K Free: 111617K (87%)
!!!! Auto was marked as failing, but now passes
------------------ testing $PTII/ptolemy/domains/de/test/auto/knownFailedTests/HierarchicalModel.xml (Known Failure) 
7 ms. Memory: 129024K Free: 94193K (73%)


==== $PTIIhome/travis/build/icyphy/ptII/ptolemy/domains/de/test/../../../../: Auto Automatic test in file $PTII/ptolemy/domains/de/test/auto/knownFailedTests/HierarchicalModel.xml
==== Contents of test case:

	    # FIXME: we should use $relativeFilename here, but it
	    # might have backslashes under Windows, which causes no end
	    # of trouble.
	    createAndExecute $file
	    list {}
	
.... Test generated KNOWN error:
    while executing
ptolemy.kernel.util.IllegalActionException: Found a zero delay loop containing .HierarchicalModel.A
  in .HierarchicalModel and .HierarchicalModel.A
	at ptolemy.actor.util.CausalityInterfaceForComposites._computeOutputPortDepth(CausalityInterfaceForComposites.java:759)
	at ptolemy.actor.util.CausalityInterfaceForComposites._computeInputDepth(CausalityInterfaceForComposites.java:696)
	at ptolemy.actor.util.CausalityInterfaceForComposites._computeOutputPortDepth(CausalityInterfaceForComposites.java:765)
	at ptolemy.actor.util.CausalityInterfaceForComposites._computeInputDepth(CausalityInterfaceForComposites.java:696)
	at ptolemy.actor.util.CausalityInterfaceForComposites._computeOutputPortDepth(CausalityInterfaceForComposites.java:765)
	at ptolemy.actor.util.CausalityInterfaceForComposites._computeInputDepth(CausalityInterfaceForComposites.java:696)
	at ptolemy.actor.util.CausalityInterfaceForComposites._computeActorDepth(CausalityInterfaceForComposites.java:532)
	at ptolemy.actor.util.CausalityInterfaceForComposites.checkForCycles(CausalityInterfaceForComposites.java:96)
	at ptolemy.domains.de.kernel.DEDirector.preinitialize(DEDirector.java:1338)
	at ptolemy.actor.CompositeActor.preinitialize(CompositeActor.java:1828)
	at ptolemy.actor.Manager.preinitializeAndResolveTypes(Manager.java:1040)
	at ptolemy.actor.Manager.initialize(Manager.java:710)
	at ptolemy.actor.Manager.execute(Manager.java:356)
	at ptolemy.actor.Manager.run(Manager.java:1263)
	at ptolemy.actor.Manager$PtolemyRunThread.run(Manager.java:1933)

    while executing
ptolemy.kernel.util.IllegalActionException: Found a zero delay loop containing .HierarchicalModel.A
  in .HierarchicalModel and .HierarchicalModel.A
    while executing
"java::new ptolemy.moml.MoMLSimpleApplication $file
"
    (procedure "createAndExecute" line 2)
    invoked from within
"createAndExecute $file"
    ("uplevel" body line 5)
    invoked from within
"uplevel $contents_of_test"
------------------ testing $PTII/ptolemy/domains/de/test/auto/knownFailedTests/dependencyLoop2.xml (Known Failure) 
10 ms. Memory: 129024K Free: 77831K (60%)


==== $PTIIhome/travis/build/icyphy/ptII/ptolemy/domains/de/test/../../../../: Auto Automatic test in file $PTII/ptolemy/domains/de/test/auto/knownFailedTests/dependencyLoop2.xml
==== Contents of test case:

	    # FIXME: we should use $relativeFilename here, but it
	    # might have backslashes under Windows, which causes no end
	    # of trouble.
	    createAndExecute $file
	    list {}
	
.... Test generated KNOWN error:
    while executing
ptolemy.kernel.util.IllegalActionException: Found a zero delay loop containing .dependencyLoop2.original
  in .dependencyLoop2 and .dependencyLoop2.original
	at ptolemy.actor.util.CausalityInterfaceForComposites._computeOutputPortDepth(CausalityInterfaceForComposites.java:759)
	at ptolemy.actor.util.CausalityInterfaceForComposites._computeInputDepth(CausalityInterfaceForComposites.java:696)
	at ptolemy.actor.util.CausalityInterfaceForComposites._computeOutputPortDepth(CausalityInterfaceForComposites.java:765)
	at ptolemy.actor.util.CausalityInterfaceForComposites._computeInputDepth(CausalityInterfaceForComposites.java:696)
	at ptolemy.actor.util.CausalityInterfaceForComposites._computeOutputPortDepth(CausalityInterfaceForComposites.java:765)
	at ptolemy.actor.util.CausalityInterfaceForComposites._computeInputDepth(CausalityInterfaceForComposites.java:696)
	at ptolemy.actor.util.CausalityInterfaceForComposites._computeActorDepth(CausalityInterfaceForComposites.java:532)
	at ptolemy.actor.util.CausalityInterfaceForComposites.checkForCycles(CausalityInterfaceForComposites.java:96)
	at ptolemy.domains.de.kernel.DEDirector.preinitialize(DEDirector.java:1338)
	at ptolemy.actor.CompositeActor.preinitialize(CompositeActor.java:1828)
	at ptolemy.actor.Manager.preinitializeAndResolveTypes(Manager.java:1040)
	at ptolemy.actor.Manager.initialize(Manager.java:710)
	at ptolemy.actor.Manager.execute(Manager.java:356)
	at ptolemy.actor.Manager.run(Manager.java:1263)
	at ptolemy.actor.Manager$PtolemyRunThread.run(Manager.java:1933)

    while executing
ptolemy.kernel.util.IllegalActionException: Found a zero delay loop containing .dependencyLoop2.original
  in .dependencyLoop2 and .dependencyLoop2.original
    while executing
"java::new ptolemy.moml.MoMLSimpleApplication $file
"
    (procedure "createAndExecute" line 2)
    invoked from within
"createAndExecute $file"
    ("uplevel" body line 5)
    invoked from within
"uplevel $contents_of_test"
------------------ testing $PTII/ptolemy/domains/de/test/auto/knownFailedTests/DESDFClockTest.xml (Known Failure) 
2039 ms. Memory: 129024K Free: 109407K (85%)


==== $PTIIhome/travis/build/icyphy/ptII/ptolemy/domains/de/test/../../../../: Auto Automatic test in file $PTII/ptolemy/domains/de/test/auto/knownFailedTests/DESDFClockTest.xml
==== Contents of test case:

	    # FIXME: we should use $relativeFilename here, but it
	    # might have backslashes under Windows, which causes no end
	    # of trouble.
	    createAndExecute $file
	    list {}
	
.... Test generated KNOWN error:
    while executing
ptolemy.kernel.util.IllegalActionException: Actor is not ready to fire.  Perhaps UpSample.prefire() returned false? Try debugging the actor by selecting "Listen to Actor".  Also, for SDF check moml for tokenConsumptionRate on input.
  in .DESDFClockTest.Play Bell.Copy1:SDF Director and .DESDFClockTest.Play Bell.UpSample
	at ptolemy.actor.sched.StaticSchedulingDirector.fire(StaticSchedulingDirector.java:227)
	at ptolemy.domains.sdf.kernel.SDFDirector.fire(SDFDirector.java:500)
	at ptolemy.actor.CompositeActor.fire(CompositeActor.java:455)
	at ptolemy.domains.de.kernel.DEDirector._fire(DEDirector.java:1949)
	at ptolemy.domains.de.kernel.DEDirector.fire(DEDirector.java:502)
	at ptolemy.actor.CompositeActor.fire(CompositeActor.java:455)
	at ptolemy.actor.Manager.iterate(Manager.java:851)
	at ptolemy.actor.Manager.execute(Manager.java:369)
	at ptolemy.actor.Manager.run(Manager.java:1263)
	at ptolemy.actor.Manager$PtolemyRunThread.run(Manager.java:1933)

    while executing
ptolemy.kernel.util.IllegalActionException: Actor is not ready to fire.  Perhaps UpSample.prefire() returned false? Try debugging the actor by selecting "Listen to Actor".  Also, for SDF check moml for tokenConsumptionRate on input.
  in .DESDFClockTest.Play Bell.Copy1:SDF Director and .DESDFClockTest.Play Bell.UpSample
    while executing
"java::new ptolemy.moml.MoMLSimpleApplication $file
"
    (procedure "createAndExecute" line 2)
    invoked from within
"createAndExecute $file"
    ("uplevel" body line 5)
    invoked from within
"uplevel $contents_of_test"
------------------ testing $PTII/ptolemy/domains/de/test/auto/ActorDepthCalculation_actorWithoutPorts.xml
auto.tcl: Setting watchdog for 200 seconds at Fri Oct 16 13:45:13 UTC 2020
5 ms. Memory: 129024K Free: 101711K (79%)
ptolemy.util.test.WatchDog.cancel(): canceling Fri Oct 16 13:45:13 UTC 2020
auto.tcl: Setting watchdog for 200 seconds at Fri Oct 16 13:45:13 UTC 2020
5 ms. Memory: 129024K Free: 100191K (78%)
ptolemy.util.test.WatchDog.cancel(): canceling Fri Oct 16 13:45:13 UTC 2020
------------------ testing $PTII/ptolemy/domains/de/test/auto/AssemblyLine.xml
auto.tcl: Setting watchdog for 200 seconds at Fri Oct 16 13:45:13 UTC 2020
27 ms. Memory: 51200K Free: 27918K (55%)
ptolemy.util.test.WatchDog.cancel(): canceling Fri Oct 16 13:45:13 UTC 2020
auto.tcl: Setting watchdog for 200 seconds at Fri Oct 16 13:45:13 UTC 2020
7 ms. Memory: 51200K Free: 26796K (52%)
ptolemy.util.test.WatchDog.cancel(): canceling Fri Oct 16 13:45:13 UTC 2020
------------------ testing $PTII/ptolemy/domains/de/test/auto/CQBug1.xml
auto.tcl: Setting watchdog for 200 seconds at Fri Oct 16 13:45:14 UTC 2020
3 ms. Memory: 51200K Free: 33818K (66%)
ptolemy.util.test.WatchDog.cancel(): canceling Fri Oct 16 13:45:14 UTC 2020
auto.tcl: Setting watchdog for 200 seconds at Fri Oct 16 13:45:14 UTC 2020
2 ms. Memory: 51200K Free: 33343K (65%)
ptolemy.util.test.WatchDog.cancel(): canceling Fri Oct 16 13:45:14 UTC 2020
------------------ testing $PTII/ptolemy/domains/de/test/auto/CancelFireAt.xml
auto.tcl: Setting watchdog for 200 seconds at Fri Oct 16 13:45:14 UTC 2020
3 ms. Memory: 48128K Free: 31629K (66%)
ptolemy.util.test.WatchDog.cancel(): canceling Fri Oct 16 13:45:14 UTC 2020
auto.tcl: Setting watchdog for 200 seconds at Fri Oct 16 13:45:14 UTC 2020
2 ms. Memory: 48128K Free: 31187K (65%)
ptolemy.util.test.WatchDog.cancel(): canceling Fri Oct 16 13:45:14 UTC 2020
------------------ testing $PTII/ptolemy/domains/de/test/auto/CausalityAndComposabilityAnalysis.xml
auto.tcl: Setting watchdog for 200 seconds at Fri Oct 16 13:45:14 UTC 2020
8 ms. Memory: 48128K Free: 29398K (61%)
ptolemy.util.test.WatchDog.cancel(): canceling Fri Oct 16 13:45:14 UTC 2020
auto.tcl: Setting watchdog for 200 seconds at Fri Oct 16 13:45:14 UTC 2020
5 ms. Memory: 48128K Free: 28965K (60%)
ptolemy.util.test.WatchDog.cancel(): canceling Fri Oct 16 13:45:14 UTC 2020
------------------ testing $PTII/ptolemy/domains/de/test/auto/CausalityInterface1.xml
auto.tcl: Setting watchdog for 200 seconds at Fri Oct 16 13:45:14 UTC 2020
28 ms. Memory: 48128K Free: 28108K (58%)
ptolemy.util.test.WatchDog.cancel(): canceling Fri Oct 16 13:45:14 UTC 2020
auto.tcl: Setting watchdog for 200 seconds at Fri Oct 16 13:45:14 UTC 2020
13 ms. Memory: 48128K Free: 27346K (57%)
ptolemy.util.test.WatchDog.cancel(): canceling Fri Oct 16 13:45:14 UTC 2020
------------------ testing $PTII/ptolemy/domains/de/test/auto/CausalityInterface15.xml
auto.tcl: Setting watchdog for 200 seconds at Fri Oct 16 13:45:14 UTC 2020
5 ms. Memory: 48128K Free: 27931K (58%)
ptolemy.util.test.WatchDog.cancel(): canceling Fri Oct 16 13:45:14 UTC 2020
auto.tcl: Setting watchdog for 200 seconds at Fri Oct 16 13:45:14 UTC 2020
5 ms. Memory: 48128K Free: 27324K (57%)
ptolemy.util.test.WatchDog.cancel(): canceling Fri Oct 16 13:45:14 UTC 2020
------------------ testing $PTII/ptolemy/domains/de/test/auto/CausalityInterface2.xml
auto.tcl: Setting watchdog for 200 seconds at Fri Oct 16 13:45:14 UTC 2020
4 ms. Memory: 48128K Free: 29224K (61%)
ptolemy.util.test.WatchDog.cancel(): canceling Fri Oct 16 13:45:14 UTC 2020
auto.tcl: Setting watchdog for 200 seconds at Fri Oct 16 13:45:14 UTC 2020
4 ms. Memory: 48128K Free: 28312K (59%)
ptolemy.util.test.WatchDog.cancel(): canceling Fri Oct 16 13:45:14 UTC 2020
------------------ testing $PTII/ptolemy/domains/de/test/auto/CausalityInterface3.xml
auto.tcl: Setting watchdog for 200 seconds at Fri Oct 16 13:45:14 UTC 2020
8 ms. Memory: 48128K Free: 28525K (59%)
ptolemy.util.test.WatchDog.cancel(): canceling Fri Oct 16 13:45:14 UTC 2020
auto.tcl: Setting watchdog for 200 seconds at Fri Oct 16 13:45:14 UTC 2020
2 ms. Memory: 48128K Free: 27738K (58%)
ptolemy.util.test.WatchDog.cancel(): canceling Fri Oct 16 13:45:14 UTC 2020
------------------ testing $PTII/ptolemy/domains/de/test/auto/ClockDrift.xml
auto.tcl: Setting watchdog for 200 seconds at Fri Oct 16 13:45:14 UTC 2020
67 ms. Memory: 48128K Free: 20638K (43%)
ptolemy.util.test.WatchDog.cancel(): canceling Fri Oct 16 13:45:14 UTC 2020
auto.tcl: Setting watchdog for 200 seconds at Fri Oct 16 13:45:14 UTC 2020
50 ms. Memory: 48128K Free: 17678K (37%)
ptolemy.util.test.WatchDog.cancel(): canceling Fri Oct 16 13:45:14 UTC 2020
------------------ testing $PTII/ptolemy/domains/de/test/auto/ClockDriftAndValueChange.xml
auto.tcl: Setting watchdog for 200 seconds at Fri Oct 16 13:45:14 UTC 2020
24 ms. Memory: 48128K Free: 21191K (44%)
ptolemy.util.test.WatchDog.cancel(): canceling Fri Oct 16 13:45:14 UTC 2020
auto.tcl: Setting watchdog for 200 seconds at Fri Oct 16 13:45:14 UTC 2020
22 ms. Memory: 48128K Free: 18356K (38%)
ptolemy.util.test.WatchDog.cancel(): canceling Fri Oct 16 13:45:14 UTC 2020
------------------ testing $PTII/ptolemy/domains/de/test/auto/ClockDriftChange.xml
auto.tcl: Setting watchdog for 200 seconds at Fri Oct 16 13:45:14 UTC 2020
25 ms. Memory: 48128K Free: 23240K (48%)
ptolemy.util.test.WatchDog.cancel(): canceling Fri Oct 16 13:45:15 UTC 2020
auto.tcl: Setting watchdog for 200 seconds at Fri Oct 16 13:45:15 UTC 2020
26 ms. Memory: 48128K Free: 20659K (43%)
ptolemy.util.test.WatchDog.cancel(): canceling Fri Oct 16 13:45:15 UTC 2020
------------------ testing $PTII/ptolemy/domains/de/test/auto/ComposableCausalityAnalysis.xml
auto.tcl: Setting watchdog for 200 seconds at Fri Oct 16 13:45:15 UTC 2020
2 ms. Memory: 48128K Free: 27888K (58%)
ptolemy.util.test.WatchDog.cancel(): canceling Fri Oct 16 13:45:15 UTC 2020
auto.tcl: Setting watchdog for 200 seconds at Fri Oct 16 13:45:15 UTC 2020
5 ms. Memory: 48128K Free: 26840K (56%)
ptolemy.util.test.WatchDog.cancel(): canceling Fri Oct 16 13:45:15 UTC 2020
------------------ testing $PTII/ptolemy/domains/de/test/auto/DEFixedPointLimitation.xml
auto.tcl: Setting watchdog for 200 seconds at Fri Oct 16 13:45:15 UTC 2020
3 ms. Memory: 48128K Free: 29031K (60%)
ptolemy.util.test.WatchDog.cancel(): canceling Fri Oct 16 13:45:15 UTC 2020
auto.tcl: Setting watchdog for 200 seconds at Fri Oct 16 13:45:15 UTC 2020
2 ms. Memory: 48128K Free: 28105K (58%)
ptolemy.util.test.WatchDog.cancel(): canceling Fri Oct 16 13:45:15 UTC 2020
------------------ testing $PTII/ptolemy/domains/de/test/auto/DEScheduleTest.xml
auto.tcl: Setting watchdog for 200 seconds at Fri Oct 16 13:45:15 UTC 2020
7 ms. Memory: 48128K Free: 29338K (61%)
ptolemy.util.test.WatchDog.cancel(): canceling Fri Oct 16 13:45:15 UTC 2020
auto.tcl: Setting watchdog for 200 seconds at Fri Oct 16 13:45:15 UTC 2020
3 ms. Memory: 48128K Free: 28568K (59%)
ptolemy.util.test.WatchDog.cancel(): canceling Fri Oct 16 13:45:15 UTC 2020
------------------ testing $PTII/ptolemy/domains/de/test/auto/DEinDEwithStartTimes.xml
auto.tcl: Setting watchdog for 200 seconds at Fri Oct 16 13:45:15 UTC 2020
5 ms. Memory: 48128K Free: 27537K (57%)
ptolemy.util.test.WatchDog.cancel(): canceling Fri Oct 16 13:45:15 UTC 2020
auto.tcl: Setting watchdog for 200 seconds at Fri Oct 16 13:45:15 UTC 2020
3 ms. Memory: 48128K Free: 26454K (55%)
ptolemy.util.test.WatchDog.cancel(): canceling Fri Oct 16 13:45:15 UTC 2020
------------------ testing $PTII/ptolemy/domains/de/test/auto/DEinDEwithStartTimes2.xml
auto.tcl: Setting watchdog for 200 seconds at Fri Oct 16 13:45:15 UTC 2020
4 ms. Memory: 48128K Free: 26705K (55%)
ptolemy.util.test.WatchDog.cancel(): canceling Fri Oct 16 13:45:15 UTC 2020
auto.tcl: Setting watchdog for 200 seconds at Fri Oct 16 13:45:15 UTC 2020
4 ms. Memory: 48128K Free: 25409K (53%)
ptolemy.util.test.WatchDog.cancel(): canceling Fri Oct 16 13:45:15 UTC 2020
------------------ testing $PTII/ptolemy/domains/de/test/auto/DateDemo.xml
auto.tcl: Setting watchdog for 200 seconds at Fri Oct 16 13:45:15 UTC 2020
24 ms. Memory: 48128K Free: 21052K (44%)
ptolemy.util.test.WatchDog.cancel(): canceling Fri Oct 16 13:45:15 UTC 2020
auto.tcl: Setting watchdog for 200 seconds at Fri Oct 16 13:45:15 UTC 2020
8 ms. Memory: 48128K Free: 19463K (40%)
ptolemy.util.test.WatchDog.cancel(): canceling Fri Oct 16 13:45:15 UTC 2020
------------------ testing $PTII/ptolemy/domains/de/test/auto/DateToEvent.xml
auto.tcl: Setting watchdog for 200 seconds at Fri Oct 16 13:45:15 UTC 2020
2014 ms. Memory: 48128K Free: 16974K (35%)
ptolemy.util.test.WatchDog.cancel(): canceling Fri Oct 16 13:45:17 UTC 2020
auto.tcl: Setting watchdog for 200 seconds at Fri Oct 16 13:45:17 UTC 2020
2004 ms. Memory: 48128K Free: 16228K (34%)
ptolemy.util.test.WatchDog.cancel(): canceling Fri Oct 16 13:45:19 UTC 2020
------------------ testing $PTII/ptolemy/domains/de/test/auto/DepthTest1.xml
auto.tcl: Setting watchdog for 200 seconds at Fri Oct 16 13:45:19 UTC 2020
3 ms. Memory: 48128K Free: 30121K (63%)
ptolemy.util.test.WatchDog.cancel(): canceling Fri Oct 16 13:45:19 UTC 2020
auto.tcl: Setting watchdog for 200 seconds at Fri Oct 16 13:45:19 UTC 2020
2 ms. Memory: 48128K Free: 29690K (62%)
ptolemy.util.test.WatchDog.cancel(): canceling Fri Oct 16 13:45:19 UTC 2020
------------------ testing $PTII/ptolemy/domains/de/test/auto/DepthTest2.xml
auto.tcl: Setting watchdog for 200 seconds at Fri Oct 16 13:45:19 UTC 2020
9 ms. Memory: 48128K Free: 26922K (56%)
ptolemy.util.test.WatchDog.cancel(): canceling Fri Oct 16 13:45:19 UTC 2020
auto.tcl: Setting watchdog for 200 seconds at Fri Oct 16 13:45:19 UTC 2020
5 ms. Memory: 48128K Free: 26490K (55%)
ptolemy.util.test.WatchDog.cancel(): canceling Fri Oct 16 13:45:19 UTC 2020
------------------ testing $PTII/ptolemy/domains/de/test/auto/DepthTest3.xml
auto.tcl: Setting watchdog for 200 seconds at Fri Oct 16 13:45:19 UTC 2020
5 ms. Memory: 48128K Free: 30450K (63%)
ptolemy.util.test.WatchDog.cancel(): canceling Fri Oct 16 13:45:19 UTC 2020
auto.tcl: Setting watchdog for 200 seconds at Fri Oct 16 13:45:19 UTC 2020
2 ms. Memory: 48128K Free: 30018K (62%)
ptolemy.util.test.WatchDog.cancel(): canceling Fri Oct 16 13:45:19 UTC 2020
------------------ testing $PTII/ptolemy/domains/de/test/auto/DepthTest4.xml
auto.tcl: Setting watchdog for 200 seconds at Fri Oct 16 13:45:20 UTC 2020
10 ms. Memory: 48128K Free: 28801K (60%)
ptolemy.util.test.WatchDog.cancel(): canceling Fri Oct 16 13:45:20 UTC 2020
auto.tcl: Setting watchdog for 200 seconds at Fri Oct 16 13:45:20 UTC 2020
3 ms. Memory: 48128K Free: 28084K (58%)
ptolemy.util.test.WatchDog.cancel(): canceling Fri Oct 16 13:45:20 UTC 2020
------------------ testing $PTII/ptolemy/domains/de/test/auto/DepthTest5.xml
auto.tcl: Setting watchdog for 200 seconds at Fri Oct 16 13:45:20 UTC 2020
3 ms. Memory: 48128K Free: 27961K (58%)
ptolemy.util.test.WatchDog.cancel(): canceling Fri Oct 16 13:45:20 UTC 2020
auto.tcl: Setting watchdog for 200 seconds at Fri Oct 16 13:45:20 UTC 2020
2 ms. Memory: 48128K Free: 27571K (57%)
ptolemy.util.test.WatchDog.cancel(): canceling Fri Oct 16 13:45:20 UTC 2020
------------------ testing $PTII/ptolemy/domains/de/test/auto/DepthTest6.xml
auto.tcl: Setting watchdog for 200 seconds at Fri Oct 16 13:45:20 UTC 2020
5 ms. Memory: 48128K Free: 27936K (58%)
ptolemy.util.test.WatchDog.cancel(): canceling Fri Oct 16 13:45:20 UTC 2020
auto.tcl: Setting watchdog for 200 seconds at Fri Oct 16 13:45:20 UTC 2020
2 ms. Memory: 48128K Free: 27387K (57%)
ptolemy.util.test.WatchDog.cancel(): canceling Fri Oct 16 13:45:20 UTC 2020
------------------ testing $PTII/ptolemy/domains/de/test/auto/DepthTest7.xml
auto.tcl: Setting watchdog for 200 seconds at Fri Oct 16 13:45:20 UTC 2020
3 ms. Memory: 48128K Free: 28731K (60%)
ptolemy.util.test.WatchDog.cancel(): canceling Fri Oct 16 13:45:20 UTC 2020
auto.tcl: Setting watchdog for 200 seconds at Fri Oct 16 13:45:20 UTC 2020
2 ms. Memory: 48128K Free: 28002K (58%)
ptolemy.util.test.WatchDog.cancel(): canceling Fri Oct 16 13:45:20 UTC 2020
------------------ testing $PTII/ptolemy/domains/de/test/auto/EventToDate.xml
auto.tcl: Setting watchdog for 200 seconds at Fri Oct 16 13:45:20 UTC 2020
3005 ms. Memory: 48128K Free: 19467K (40%)
ptolemy.util.test.WatchDog.cancel(): canceling Fri Oct 16 13:45:23 UTC 2020
auto.tcl: Setting watchdog for 200 seconds at Fri Oct 16 13:45:23 UTC 2020
3004 ms. Memory: 48128K Free: 18812K (39%)
ptolemy.util.test.WatchDog.cancel(): canceling Fri Oct 16 13:45:26 UTC 2020
------------------ testing $PTII/ptolemy/domains/de/test/auto/FSM1.xml
auto.tcl: Setting watchdog for 200 seconds at Fri Oct 16 13:45:26 UTC 2020
33 ms. Memory: 48128K Free: 20727K (43%)
ptolemy.util.test.WatchDog.cancel(): canceling Fri Oct 16 13:45:26 UTC 2020
auto.tcl: Setting watchdog for 200 seconds at Fri Oct 16 13:45:26 UTC 2020
23 ms. Memory: 48128K Free: 17490K (36%)
ptolemy.util.test.WatchDog.cancel(): canceling Fri Oct 16 13:45:26 UTC 2020
------------------ testing $PTII/ptolemy/domains/de/test/auto/FSM7.xml
auto.tcl: Setting watchdog for 200 seconds at Fri Oct 16 13:45:26 UTC 2020
19 ms. Memory: 48128K Free: 20446K (42%)
ptolemy.util.test.WatchDog.cancel(): canceling Fri Oct 16 13:45:26 UTC 2020
auto.tcl: Setting watchdog for 200 seconds at Fri Oct 16 13:45:26 UTC 2020
13 ms. Memory: 48128K Free: 17287K (36%)
ptolemy.util.test.WatchDog.cancel(): canceling Fri Oct 16 13:45:26 UTC 2020
------------------ testing $PTII/ptolemy/domains/de/test/auto/Inspection.xml
auto.tcl: Setting watchdog for 200 seconds at Fri Oct 16 13:45:26 UTC 2020
31 ms. Memory: 48128K Free: 20464K (43%)
ptolemy.util.test.WatchDog.cancel(): canceling Fri Oct 16 13:45:26 UTC 2020
auto.tcl: Setting watchdog for 200 seconds at Fri Oct 16 13:45:26 UTC 2020
26 ms. Memory: 48128K Free: 18727K (39%)
ptolemy.util.test.WatchDog.cancel(): canceling Fri Oct 16 13:45:26 UTC 2020
------------------ testing $PTII/ptolemy/domains/de/test/auto/Iteration.xml
auto.tcl: Setting watchdog for 200 seconds at Fri Oct 16 13:45:26 UTC 2020
8 ms. Memory: 48128K Free: 26178K (54%)
ptolemy.util.test.WatchDog.cancel(): canceling Fri Oct 16 13:45:26 UTC 2020
auto.tcl: Setting watchdog for 200 seconds at Fri Oct 16 13:45:26 UTC 2020
5 ms. Memory: 48128K Free: 24786K (52%)
ptolemy.util.test.WatchDog.cancel(): canceling Fri Oct 16 13:45:26 UTC 2020
------------------ testing $PTII/ptolemy/domains/de/test/auto/LineFault.xml
auto.tcl: Setting watchdog for 200 seconds at Fri Oct 16 13:45:26 UTC 2020
539 ms. Memory: 48128K Free: 18620K (39%)
ptolemy.util.test.WatchDog.cancel(): canceling Fri Oct 16 13:45:27 UTC 2020
auto.tcl: Setting watchdog for 200 seconds at Fri Oct 16 13:45:27 UTC 2020
498 ms. Memory: 58368K Free: 37295K (64%)
ptolemy.util.test.WatchDog.cancel(): canceling Fri Oct 16 13:45:28 UTC 2020
------------------ testing $PTII/ptolemy/domains/de/test/auto/MergeModel1Add.xml
auto.tcl: Setting watchdog for 200 seconds at Fri Oct 16 13:45:28 UTC 2020
30 ms. Memory: 58368K Free: 22403K (38%)
ptolemy.util.test.WatchDog.cancel(): canceling Fri Oct 16 13:45:28 UTC 2020
auto.tcl: Setting watchdog for 200 seconds at Fri Oct 16 13:45:28 UTC 2020
11 ms. Memory: 58368K Free: 20741K (36%)
ptolemy.util.test.WatchDog.cancel(): canceling Fri Oct 16 13:45:28 UTC 2020
------------------ testing $PTII/ptolemy/domains/de/test/auto/MergeModel2Add.xml
auto.tcl: Setting watchdog for 200 seconds at Fri Oct 16 13:45:28 UTC 2020
8 ms. Memory: 55296K Free: 21136K (38%)
ptolemy.util.test.WatchDog.cancel(): canceling Fri Oct 16 13:45:28 UTC 2020
auto.tcl: Setting watchdog for 200 seconds at Fri Oct 16 13:45:28 UTC 2020
6 ms. Memory: 55296K Free: 19422K (35%)
ptolemy.util.test.WatchDog.cancel(): canceling Fri Oct 16 13:45:28 UTC 2020
------------------ testing $PTII/ptolemy/domains/de/test/auto/MergeModel3Add.xml
auto.tcl: Setting watchdog for 200 seconds at Fri Oct 16 13:45:28 UTC 2020
7 ms. Memory: 55296K Free: 21409K (39%)
ptolemy.util.test.WatchDog.cancel(): canceling Fri Oct 16 13:45:28 UTC 2020
auto.tcl: Setting watchdog for 200 seconds at Fri Oct 16 13:45:28 UTC 2020
6 ms. Memory: 55296K Free: 19966K (36%)
ptolemy.util.test.WatchDog.cancel(): canceling Fri Oct 16 13:45:28 UTC 2020
------------------ testing $PTII/ptolemy/domains/de/test/auto/MergeWithoutDiscard.xml
auto.tcl: Setting watchdog for 200 seconds at Fri Oct 16 13:45:28 UTC 2020
2 ms. Memory: 55296K Free: 35743K (65%)
ptolemy.util.test.WatchDog.cancel(): canceling Fri Oct 16 13:45:28 UTC 2020
auto.tcl: Setting watchdog for 200 seconds at Fri Oct 16 13:45:28 UTC 2020
2 ms. Memory: 55296K Free: 35310K (64%)
ptolemy.util.test.WatchDog.cancel(): canceling Fri Oct 16 13:45:28 UTC 2020
------------------ testing $PTII/ptolemy/domains/de/test/auto/Modal1.xml
auto.tcl: Setting watchdog for 200 seconds at Fri Oct 16 13:45:28 UTC 2020
25 ms. Memory: 51200K Free: 23799K (46%)
ptolemy.util.test.WatchDog.cancel(): canceling Fri Oct 16 13:45:28 UTC 2020
auto.tcl: Setting watchdog for 200 seconds at Fri Oct 16 13:45:28 UTC 2020
22 ms. Memory: 51200K Free: 20354K (40%)
ptolemy.util.test.WatchDog.cancel(): canceling Fri Oct 16 13:45:28 UTC 2020
------------------ testing $PTII/ptolemy/domains/de/test/auto/Modal2.xml
auto.tcl: Setting watchdog for 200 seconds at Fri Oct 16 13:45:28 UTC 2020
14 ms. Memory: 51200K Free: 23912K (47%)
ptolemy.util.test.WatchDog.cancel(): canceling Fri Oct 16 13:45:28 UTC 2020
auto.tcl: Setting watchdog for 200 seconds at Fri Oct 16 13:45:28 UTC 2020
18 ms. Memory: 51200K Free: 20681K (40%)
ptolemy.util.test.WatchDog.cancel(): canceling Fri Oct 16 13:45:28 UTC 2020
------------------ testing $PTII/ptolemy/domains/de/test/auto/Modal3.xml
auto.tcl: Setting watchdog for 200 seconds at Fri Oct 16 13:45:28 UTC 2020
12 ms. Memory: 51200K Free: 23410K (46%)
ptolemy.util.test.WatchDog.cancel(): canceling Fri Oct 16 13:45:28 UTC 2020
auto.tcl: Setting watchdog for 200 seconds at Fri Oct 16 13:45:28 UTC 2020
13 ms. Memory: 51200K Free: 20052K (39%)
ptolemy.util.test.WatchDog.cancel(): canceling Fri Oct 16 13:45:28 UTC 2020
------------------ testing $PTII/ptolemy/domains/de/test/auto/Modal4.xml
auto.tcl: Setting watchdog for 200 seconds at Fri Oct 16 13:45:28 UTC 2020
15 ms. Memory: 51200K Free: 22845K (45%)
ptolemy.util.test.WatchDog.cancel(): canceling Fri Oct 16 13:45:28 UTC 2020
auto.tcl: Setting watchdog for 200 seconds at Fri Oct 16 13:45:28 UTC 2020
15 ms. Memory: 51200K Free: 19025K (37%)
ptolemy.util.test.WatchDog.cancel(): canceling Fri Oct 16 13:45:28 UTC 2020
------------------ testing $PTII/ptolemy/domains/de/test/auto/Modal5.xml
auto.tcl: Setting watchdog for 200 seconds at Fri Oct 16 13:45:29 UTC 2020
12 ms. Memory: 51200K Free: 22856K (45%)
ptolemy.util.test.WatchDog.cancel(): canceling Fri Oct 16 13:45:29 UTC 2020
auto.tcl: Setting watchdog for 200 seconds at Fri Oct 16 13:45:29 UTC 2020
13 ms. Memory: 51200K Free: 19012K (37%)
ptolemy.util.test.WatchDog.cancel(): canceling Fri Oct 16 13:45:29 UTC 2020
------------------ testing $PTII/ptolemy/domains/de/test/auto/Modal6.xml
auto.tcl: Setting watchdog for 200 seconds at Fri Oct 16 13:45:29 UTC 2020
13 ms. Memory: 51200K Free: 23657K (46%)
ptolemy.util.test.WatchDog.cancel(): canceling Fri Oct 16 13:45:29 UTC 2020
auto.tcl: Setting watchdog for 200 seconds at Fri Oct 16 13:45:29 UTC 2020
15 ms. Memory: 51200K Free: 19648K (38%)
ptolemy.util.test.WatchDog.cancel(): canceling Fri Oct 16 13:45:29 UTC 2020
------------------ testing $PTII/ptolemy/domains/de/test/auto/Modal7.xml
auto.tcl: Setting watchdog for 200 seconds at Fri Oct 16 13:45:29 UTC 2020
10 ms. Memory: 51200K Free: 22612K (44%)
ptolemy.util.test.WatchDog.cancel(): canceling Fri Oct 16 13:45:29 UTC 2020
auto.tcl: Setting watchdog for 200 seconds at Fri Oct 16 13:45:29 UTC 2020
12 ms. Memory: 51200K Free: 19011K (37%)
ptolemy.util.test.WatchDog.cancel(): canceling Fri Oct 16 13:45:29 UTC 2020
------------------ testing $PTII/ptolemy/domains/de/test/auto/ModalModel.xml
auto.tcl: Setting watchdog for 200 seconds at Fri Oct 16 13:45:29 UTC 2020
216 ms. Memory: 51200K Free: 13140K (26%)
ptolemy.util.test.WatchDog.cancel(): canceling Fri Oct 16 13:45:29 UTC 2020
auto.tcl: Setting watchdog for 200 seconds at Fri Oct 16 13:45:29 UTC 2020
194 ms. Memory: 67584K Free: 25250K (37%)
ptolemy.util.test.WatchDog.cancel(): canceling Fri Oct 16 13:45:29 UTC 2020
------------------ testing $PTII/ptolemy/domains/de/test/auto/ModalSource.xml
auto.tcl: Setting watchdog for 200 seconds at Fri Oct 16 13:45:29 UTC 2020
7 ms. Memory: 51200K Free: 27685K (54%)
ptolemy.util.test.WatchDog.cancel(): canceling Fri Oct 16 13:45:29 UTC 2020
auto.tcl: Setting watchdog for 200 seconds at Fri Oct 16 13:45:29 UTC 2020
7 ms. Memory: 51200K Free: 25255K (49%)
ptolemy.util.test.WatchDog.cancel(): canceling Fri Oct 16 13:45:29 UTC 2020
------------------ testing $PTII/ptolemy/domains/de/test/auto/NonInterruptibleTimerZeroDelay.xml
auto.tcl: Setting watchdog for 200 seconds at Fri Oct 16 13:45:29 UTC 2020
4 ms. Memory: 51200K Free: 32897K (64%)
ptolemy.util.test.WatchDog.cancel(): canceling Fri Oct 16 13:45:29 UTC 2020
auto.tcl: Setting watchdog for 200 seconds at Fri Oct 16 13:45:29 UTC 2020
2 ms. Memory: 51200K Free: 32015K (63%)
ptolemy.util.test.WatchDog.cancel(): canceling Fri Oct 16 13:45:29 UTC 2020
------------------ testing $PTII/ptolemy/domains/de/test/auto/OpenQueueingNetwork.xml
auto.tcl: Setting watchdog for 200 seconds at Fri Oct 16 13:45:30 UTC 2020
2830 ms. Memory: 121856K Free: 84558K (69%)
ptolemy.util.test.WatchDog.cancel(): canceling Fri Oct 16 13:45:33 UTC 2020
auto.tcl: Setting watchdog for 200 seconds at Fri Oct 16 13:45:33 UTC 2020
2377 ms. Memory: 146432K Free: 91106K (62%)
ptolemy.util.test.WatchDog.cancel(): canceling Fri Oct 16 13:45:35 UTC 2020
------------------ testing $PTII/ptolemy/domains/de/test/auto/OpenQueuingNetwork.xml
auto.tcl: Setting watchdog for 200 seconds at Fri Oct 16 13:45:35 UTC 2020
232 ms. Memory: 58368K Free: 31814K (55%)
ptolemy.util.test.WatchDog.cancel(): canceling Fri Oct 16 13:45:35 UTC 2020
auto.tcl: Setting watchdog for 200 seconds at Fri Oct 16 13:45:35 UTC 2020
216 ms. Memory: 58368K Free: 13331K (23%)
ptolemy.util.test.WatchDog.cancel(): canceling Fri Oct 16 13:45:35 UTC 2020
------------------ testing $PTII/ptolemy/domains/de/test/auto/PeriodicSampler.xml
auto.tcl: Setting watchdog for 200 seconds at Fri Oct 16 13:45:36 UTC 2020
2 ms. Memory: 55296K Free: 35916K (65%)
ptolemy.util.test.WatchDog.cancel(): canceling Fri Oct 16 13:45:36 UTC 2020
auto.tcl: Setting watchdog for 200 seconds at Fri Oct 16 13:45:36 UTC 2020
2 ms. Memory: 55296K Free: 35402K (64%)
ptolemy.util.test.WatchDog.cancel(): canceling Fri Oct 16 13:45:36 UTC 2020
------------------ testing $PTII/ptolemy/domains/de/test/auto/PersistentIO.xml
auto.tcl: Setting watchdog for 200 seconds at Fri Oct 16 13:45:36 UTC 2020
9 ms. Memory: 55296K Free: 30824K (56%)
ptolemy.util.test.WatchDog.cancel(): canceling Fri Oct 16 13:45:36 UTC 2020
auto.tcl: Setting watchdog for 200 seconds at Fri Oct 16 13:45:36 UTC 2020
4 ms. Memory: 55296K Free: 29320K (53%)
ptolemy.util.test.WatchDog.cancel(): canceling Fri Oct 16 13:45:36 UTC 2020
------------------ testing $PTII/ptolemy/domains/de/test/auto/PortParameterResetOnInitialize.xml
auto.tcl: Setting watchdog for 200 seconds at Fri Oct 16 13:45:36 UTC 2020
2 ms. Memory: 55296K Free: 35836K (65%)
ptolemy.util.test.WatchDog.cancel(): canceling Fri Oct 16 13:45:36 UTC 2020
auto.tcl: Setting watchdog for 200 seconds at Fri Oct 16 13:45:36 UTC 2020
1 ms. Memory: 55296K Free: 35328K (64%)
ptolemy.util.test.WatchDog.cancel(): canceling Fri Oct 16 13:45:36 UTC 2020
------------------ testing $PTII/ptolemy/domains/de/test/auto/PortParameterUpdates.xml
auto.tcl: Setting watchdog for 200 seconds at Fri Oct 16 13:45:36 UTC 2020
3 ms. Memory: 55296K Free: 34089K (62%)
ptolemy.util.test.WatchDog.cancel(): canceling Fri Oct 16 13:45:36 UTC 2020
auto.tcl: Setting watchdog for 200 seconds at Fri Oct 16 13:45:36 UTC 2020
4 ms. Memory: 55296K Free: 32882K (59%)
ptolemy.util.test.WatchDog.cancel(): canceling Fri Oct 16 13:45:36 UTC 2020
------------------ testing $PTII/ptolemy/domains/de/test/auto/QueueAndServer.xml
auto.tcl: Setting watchdog for 200 seconds at Fri Oct 16 13:45:36 UTC 2020
5 ms. Memory: 55296K Free: 33064K (60%)
ptolemy.util.test.WatchDog.cancel(): canceling Fri Oct 16 13:45:36 UTC 2020
auto.tcl: Setting watchdog for 200 seconds at Fri Oct 16 13:45:36 UTC 2020
6 ms. Memory: 55296K Free: 31325K (57%)
ptolemy.util.test.WatchDog.cancel(): canceling Fri Oct 16 13:45:36 UTC 2020
------------------ testing $PTII/ptolemy/domains/de/test/auto/Records.xml
auto.tcl: Setting watchdog for 200 seconds at Fri Oct 16 13:45:36 UTC 2020
6 ms. Memory: 55296K Free: 35054K (63%)
ptolemy.util.test.WatchDog.cancel(): canceling Fri Oct 16 13:45:36 UTC 2020
auto.tcl: Setting watchdog for 200 seconds at Fri Oct 16 13:45:36 UTC 2020
2 ms. Memory: 55296K Free: 34542K (62%)
ptolemy.util.test.WatchDog.cancel(): canceling Fri Oct 16 13:45:36 UTC 2020
------------------ testing $PTII/ptolemy/domains/de/test/auto/ResetTransitionWithStartTime1.xml
auto.tcl: Setting watchdog for 200 seconds at Fri Oct 16 13:45:36 UTC 2020
16 ms. Memory: 55296K Free: 32368K (59%)
ptolemy.util.test.WatchDog.cancel(): canceling Fri Oct 16 13:45:36 UTC 2020
auto.tcl: Setting watchdog for 200 seconds at Fri Oct 16 13:45:36 UTC 2020
6 ms. Memory: 55296K Free: 30274K (55%)
ptolemy.util.test.WatchDog.cancel(): canceling Fri Oct 16 13:45:36 UTC 2020
------------------ testing $PTII/ptolemy/domains/de/test/auto/ResetTransitionWithStartTime2.xml
auto.tcl: Setting watchdog for 200 seconds at Fri Oct 16 13:45:36 UTC 2020
7 ms. Memory: 55296K Free: 32277K (58%)
ptolemy.util.test.WatchDog.cancel(): canceling Fri Oct 16 13:45:36 UTC 2020
auto.tcl: Setting watchdog for 200 seconds at Fri Oct 16 13:45:36 UTC 2020
7 ms. Memory: 55296K Free: 29715K (54%)
ptolemy.util.test.WatchDog.cancel(): canceling Fri Oct 16 13:45:36 UTC 2020
------------------ testing $PTII/ptolemy/domains/de/test/auto/ResetTransitionWithStartTime3.xml
auto.tcl: Setting watchdog for 200 seconds at Fri Oct 16 13:45:36 UTC 2020
6 ms. Memory: 55296K Free: 32313K (58%)
ptolemy.util.test.WatchDog.cancel(): canceling Fri Oct 16 13:45:36 UTC 2020
auto.tcl: Setting watchdog for 200 seconds at Fri Oct 16 13:45:36 UTC 2020
6 ms. Memory: 55296K Free: 30227K (55%)
ptolemy.util.test.WatchDog.cancel(): canceling Fri Oct 16 13:45:36 UTC 2020
------------------ testing $PTII/ptolemy/domains/de/test/auto/ResetTransitionWithStartTime4.xml
auto.tcl: Setting watchdog for 200 seconds at Fri Oct 16 13:45:36 UTC 2020
11 ms. Memory: 51200K Free: 28606K (56%)
ptolemy.util.test.WatchDog.cancel(): canceling Fri Oct 16 13:45:36 UTC 2020
auto.tcl: Setting watchdog for 200 seconds at Fri Oct 16 13:45:36 UTC 2020
4 ms. Memory: 51200K Free: 27154K (53%)
ptolemy.util.test.WatchDog.cancel(): canceling Fri Oct 16 13:45:36 UTC 2020
------------------ testing $PTII/ptolemy/domains/de/test/auto/ResettableTimer1.xml
auto.tcl: Setting watchdog for 200 seconds at Fri Oct 16 13:45:36 UTC 2020
3 ms. Memory: 51200K Free: 32356K (63%)
ptolemy.util.test.WatchDog.cancel(): canceling Fri Oct 16 13:45:36 UTC 2020
auto.tcl: Setting watchdog for 200 seconds at Fri Oct 16 13:45:36 UTC 2020
3 ms. Memory: 51200K Free: 31729K (62%)
ptolemy.util.test.WatchDog.cancel(): canceling Fri Oct 16 13:45:36 UTC 2020
------------------ testing $PTII/ptolemy/domains/de/test/auto/ResettableTimer2.xml
auto.tcl: Setting watchdog for 200 seconds at Fri Oct 16 13:45:36 UTC 2020
3 ms. Memory: 51200K Free: 32443K (63%)
ptolemy.util.test.WatchDog.cancel(): canceling Fri Oct 16 13:45:36 UTC 2020
auto.tcl: Setting watchdog for 200 seconds at Fri Oct 16 13:45:36 UTC 2020
3 ms. Memory: 51200K Free: 31794K (62%)
ptolemy.util.test.WatchDog.cancel(): canceling Fri Oct 16 13:45:36 UTC 2020
------------------ testing $PTII/ptolemy/domains/de/test/auto/ResettableTimer3.xml
auto.tcl: Setting watchdog for 200 seconds at Fri Oct 16 13:45:36 UTC 2020
1 ms. Memory: 51200K Free: 32313K (63%)
ptolemy.util.test.WatchDog.cancel(): canceling Fri Oct 16 13:45:36 UTC 2020
auto.tcl: Setting watchdog for 200 seconds at Fri Oct 16 13:45:36 UTC 2020
1 ms. Memory: 51200K Free: 32313K (63%)
ptolemy.util.test.WatchDog.cancel(): canceling Fri Oct 16 13:45:36 UTC 2020
------------------ testing $PTII/ptolemy/domains/de/test/auto/ResettableTimer4.xml
auto.tcl: Setting watchdog for 200 seconds at Fri Oct 16 13:45:36 UTC 2020
1 ms. Memory: 51200K Free: 32326K (63%)
ptolemy.util.test.WatchDog.cancel(): canceling Fri Oct 16 13:45:36 UTC 2020
auto.tcl: Setting watchdog for 200 seconds at Fri Oct 16 13:45:36 UTC 2020
1 ms. Memory: 51200K Free: 31812K (62%)
ptolemy.util.test.WatchDog.cancel(): canceling Fri Oct 16 13:45:36 UTC 2020
------------------ testing $PTII/ptolemy/domains/de/test/auto/ResettableTimer5.xml
auto.tcl: Setting watchdog for 200 seconds at Fri Oct 16 13:45:37 UTC 2020
1 ms. Memory: 51200K Free: 31810K (62%)
ptolemy.util.test.WatchDog.cancel(): canceling Fri Oct 16 13:45:37 UTC 2020
auto.tcl: Setting watchdog for 200 seconds at Fri Oct 16 13:45:37 UTC 2020
1 ms. Memory: 51200K Free: 31300K (61%)
ptolemy.util.test.WatchDog.cancel(): canceling Fri Oct 16 13:45:37 UTC 2020
------------------ testing $PTII/ptolemy/domains/de/test/auto/ResettableTimer6.xml
auto.tcl: Setting watchdog for 200 seconds at Fri Oct 16 13:45:37 UTC 2020
2 ms. Memory: 51200K Free: 31801K (62%)
ptolemy.util.test.WatchDog.cancel(): canceling Fri Oct 16 13:45:37 UTC 2020
auto.tcl: Setting watchdog for 200 seconds at Fri Oct 16 13:45:37 UTC 2020
1 ms. Memory: 51200K Free: 31291K (61%)
ptolemy.util.test.WatchDog.cancel(): canceling Fri Oct 16 13:45:37 UTC 2020
------------------ testing $PTII/ptolemy/domains/de/test/auto/ServerZeroDelay.xml
auto.tcl: Setting watchdog for 200 seconds at Fri Oct 16 13:45:37 UTC 2020
4 ms. Memory: 51200K Free: 32306K (63%)
ptolemy.util.test.WatchDog.cancel(): canceling Fri Oct 16 13:45:37 UTC 2020
auto.tcl: Setting watchdog for 200 seconds at Fri Oct 16 13:45:37 UTC 2020
2 ms. Memory: 51200K Free: 31282K (61%)
ptolemy.util.test.WatchDog.cancel(): canceling Fri Oct 16 13:45:37 UTC 2020
------------------ testing $PTII/ptolemy/domains/de/test/auto/SmartSender.xml
auto.tcl: Setting watchdog for 200 seconds at Fri Oct 16 13:45:37 UTC 2020
3001 ms. Memory: 51200K Free: 31786K (62%)
ptolemy.util.test.WatchDog.cancel(): canceling Fri Oct 16 13:45:40 UTC 2020
auto.tcl: Setting watchdog for 200 seconds at Fri Oct 16 13:45:40 UTC 2020
3001 ms. Memory: 51200K Free: 31276K (61%)
ptolemy.util.test.WatchDog.cancel(): canceling Fri Oct 16 13:45:43 UTC 2020
------------------ testing $PTII/ptolemy/domains/de/test/auto/ThreadedComposite.xml
auto.tcl: Setting watchdog for 200 seconds at Fri Oct 16 13:45:43 UTC 2020
210 ms. Memory: 51200K Free: 13368K (26%)
ptolemy.util.test.WatchDog.cancel(): canceling Fri Oct 16 13:45:43 UTC 2020
auto.tcl: Setting watchdog for 200 seconds at Fri Oct 16 13:45:43 UTC 2020
154 ms. Memory: 51200K Free: 25696K (50%)
ptolemy.util.test.WatchDog.cancel(): canceling Fri Oct 16 13:45:43 UTC 2020
------------------ testing $PTII/ptolemy/domains/de/test/auto/Time.xml
auto.tcl: Setting watchdog for 200 seconds at Fri Oct 16 13:45:43 UTC 2020
452 ms. Memory: 51200K Free: 35088K (69%)
ptolemy.util.test.WatchDog.cancel(): canceling Fri Oct 16 13:45:44 UTC 2020
auto.tcl: Setting watchdog for 200 seconds at Fri Oct 16 13:45:44 UTC 2020
375 ms. Memory: 51200K Free: 11397K (22%)
ptolemy.util.test.WatchDog.cancel(): canceling Fri Oct 16 13:45:44 UTC 2020
------------------ testing $PTII/ptolemy/domains/de/test/auto/TimeDelayZeroDelay.xml
auto.tcl: Setting watchdog for 200 seconds at Fri Oct 16 13:45:44 UTC 2020
3 ms. Memory: 51200K Free: 32230K (63%)
ptolemy.util.test.WatchDog.cancel(): canceling Fri Oct 16 13:45:44 UTC 2020
auto.tcl: Setting watchdog for 200 seconds at Fri Oct 16 13:45:44 UTC 2020
1 ms. Memory: 51200K Free: 31739K (62%)
ptolemy.util.test.WatchDog.cancel(): canceling Fri Oct 16 13:45:44 UTC 2020
------------------ testing $PTII/ptolemy/domains/de/test/auto/TimerZeroDelay.xml
auto.tcl: Setting watchdog for 200 seconds at Fri Oct 16 13:45:44 UTC 2020
1 ms. Memory: 51200K Free: 32623K (64%)
ptolemy.util.test.WatchDog.cancel(): canceling Fri Oct 16 13:45:44 UTC 2020
auto.tcl: Setting watchdog for 200 seconds at Fri Oct 16 13:45:44 UTC 2020
1 ms. Memory: 51200K Free: 31803K (62%)
ptolemy.util.test.WatchDog.cancel(): canceling Fri Oct 16 13:45:44 UTC 2020
------------------ testing $PTII/ptolemy/domains/de/test/auto/TimingParadox.xml
auto.tcl: Setting watchdog for 200 seconds at Fri Oct 16 13:45:44 UTC 2020
272 ms. Memory: 67584K Free: 49015K (73%)
ptolemy.util.test.WatchDog.cancel(): canceling Fri Oct 16 13:45:45 UTC 2020
auto.tcl: Setting watchdog for 200 seconds at Fri Oct 16 13:45:45 UTC 2020
241 ms. Memory: 67584K Free: 13805K (20%)
ptolemy.util.test.WatchDog.cancel(): canceling Fri Oct 16 13:45:45 UTC 2020
------------------ testing $PTII/ptolemy/domains/de/test/auto/TransferInputs.xml
auto.tcl: Setting watchdog for 200 seconds at Fri Oct 16 13:45:45 UTC 2020
2 ms. Memory: 55296K Free: 34822K (63%)
ptolemy.util.test.WatchDog.cancel(): canceling Fri Oct 16 13:45:45 UTC 2020
auto.tcl: Setting watchdog for 200 seconds at Fri Oct 16 13:45:45 UTC 2020
1 ms. Memory: 55296K Free: 33900K (61%)
ptolemy.util.test.WatchDog.cancel(): canceling Fri Oct 16 13:45:45 UTC 2020
------------------ testing $PTII/ptolemy/domains/de/test/auto/TransferOutputs2.xml
auto.tcl: Setting watchdog for 200 seconds at Fri Oct 16 13:45:45 UTC 2020
3 ms. Memory: 55296K Free: 32279K (58%)
ptolemy.util.test.WatchDog.cancel(): canceling Fri Oct 16 13:45:45 UTC 2020
auto.tcl: Setting watchdog for 200 seconds at Fri Oct 16 13:45:45 UTC 2020
3 ms. Memory: 55296K Free: 30814K (56%)
ptolemy.util.test.WatchDog.cancel(): canceling Fri Oct 16 13:45:45 UTC 2020
------------------ testing $PTII/ptolemy/domains/de/test/auto/Trilateration.xml
auto.tcl: Setting watchdog for 200 seconds at Fri Oct 16 13:45:45 UTC 2020
12636 ms. Memory: 580608K Free: 415955K (72%)
ptolemy.util.test.WatchDog.cancel(): canceling Fri Oct 16 13:45:59 UTC 2020
auto.tcl: Setting watchdog for 200 seconds at Fri Oct 16 13:45:59 UTC 2020
9114 ms. Memory: 580608K Free: 519038K (89%)
ptolemy.util.test.WatchDog.cancel(): canceling Fri Oct 16 13:46:08 UTC 2020
------------------ testing $PTII/ptolemy/domains/de/test/auto/TwoSigmaDelta.xml
auto.tcl: Setting watchdog for 200 seconds at Fri Oct 16 13:46:08 UTC 2020
2288 ms. Memory: 92160K Free: 20161K (22%)
ptolemy.util.test.WatchDog.cancel(): canceling Fri Oct 16 13:46:10 UTC 2020
auto.tcl: Setting watchdog for 200 seconds at Fri Oct 16 13:46:10 UTC 2020
1667 ms. Memory: 92160K Free: 22236K (24%)
ptolemy.util.test.WatchDog.cancel(): canceling Fri Oct 16 13:46:12 UTC 2020
------------------ testing $PTII/ptolemy/domains/de/test/auto/VariableDelay.xml
auto.tcl: Setting watchdog for 200 seconds at Fri Oct 16 13:46:12 UTC 2020
2 ms. Memory: 55296K Free: 35314K (64%)
ptolemy.util.test.WatchDog.cancel(): canceling Fri Oct 16 13:46:12 UTC 2020
auto.tcl: Setting watchdog for 200 seconds at Fri Oct 16 13:46:12 UTC 2020
2 ms. Memory: 55296K Free: 34320K (62%)
ptolemy.util.test.WatchDog.cancel(): canceling Fri Oct 16 13:46:12 UTC 2020
------------------ testing $PTII/ptolemy/domains/de/test/auto/VariableDelay2.xml
auto.tcl: Setting watchdog for 200 seconds at Fri Oct 16 13:46:12 UTC 2020
7 ms. Memory: 55296K Free: 35728K (65%)
ptolemy.util.test.WatchDog.cancel(): canceling Fri Oct 16 13:46:12 UTC 2020
auto.tcl: Setting watchdog for 200 seconds at Fri Oct 16 13:46:12 UTC 2020
2 ms. Memory: 55296K Free: 35230K (64%)
ptolemy.util.test.WatchDog.cancel(): canceling Fri Oct 16 13:46:12 UTC 2020
------------------ testing $PTII/ptolemy/domains/de/test/auto/VariableDelayZeroDelay.xml
auto.tcl: Setting watchdog for 200 seconds at Fri Oct 16 13:46:12 UTC 2020
1 ms. Memory: 55296K Free: 36292K (66%)
ptolemy.util.test.WatchDog.cancel(): canceling Fri Oct 16 13:46:12 UTC 2020
auto.tcl: Setting watchdog for 200 seconds at Fri Oct 16 13:46:12 UTC 2020
2 ms. Memory: 55296K Free: 35740K (65%)
ptolemy.util.test.WatchDog.cancel(): canceling Fri Oct 16 13:46:12 UTC 2020
------------------ testing $PTII/ptolemy/domains/de/test/auto/VariableDelayZeroDelay2.xml
auto.tcl: Setting watchdog for 200 seconds at Fri Oct 16 13:46:12 UTC 2020
3 ms. Memory: 55296K Free: 36254K (66%)
ptolemy.util.test.WatchDog.cancel(): canceling Fri Oct 16 13:46:12 UTC 2020
auto.tcl: Setting watchdog for 200 seconds at Fri Oct 16 13:46:12 UTC 2020
4 ms. Memory: 55296K Free: 35230K (64%)
ptolemy.util.test.WatchDog.cancel(): canceling Fri Oct 16 13:46:12 UTC 2020
------------------ testing $PTII/ptolemy/domains/de/test/auto/deInCt.xml
auto.tcl: Setting watchdog for 200 seconds at Fri Oct 16 13:46:12 UTC 2020
0
1
1
0
0
0
0
1
1
1
0
0
0
0
1
1
1
1
0
0
0
0
0
1
1
0
0
0
0
0
12 ms. Memory: 55296K Free: 35228K (64%)
ptolemy.util.test.WatchDog.cancel(): canceling Fri Oct 16 13:46:12 UTC 2020
auto.tcl: Setting watchdog for 200 seconds at Fri Oct 16 13:46:12 UTC 2020
0
1
1
1
1
0
0
0
1
1
1
0
0
0
1
1
1
0
0
0
1
1
1
0
0
0
0
1
1
1
0
0
0
1
1
1
0
0
0
1
1
1
0
0
0
1
1
1
0
0
0
1
1
1
0
0
0
0
14 ms. Memory: 55296K Free: 33690K (61%)
ptolemy.util.test.WatchDog.cancel(): canceling Fri Oct 16 13:46:12 UTC 2020
------------------ testing $PTII/ptolemy/domains/de/test/auto/deInCt2.xml
auto.tcl: Setting watchdog for 200 seconds at Fri Oct 16 13:46:12 UTC 2020
0
1
1
1
0
0
1
1
1
0
0
1
1
1
0
0
1
1
1
0
0
1
1
1
0
0
1
1
1
0
0
1
1
1
0
0
1
1
1
0
0
0
7 ms. Memory: 55296K Free: 35228K (64%)
ptolemy.util.test.WatchDog.cancel(): canceling Fri Oct 16 13:46:12 UTC 2020
auto.tcl: Setting watchdog for 200 seconds at Fri Oct 16 13:46:12 UTC 2020
0
1
1
1
0
0
1
1
1
0
0
1
1
1
0
0
1
1
1
0
0
1
1
1
0
0
1
1
1
0
0
1
1
1
0
0
1
1
1
0
0
0
7 ms. Memory: 55296K Free: 33676K (61%)
ptolemy.util.test.WatchDog.cancel(): canceling Fri Oct 16 13:46:13 UTC 2020
------------------ testing $PTII/ptolemy/domains/de/test/auto/dynamicCausalityInterface1.xml
auto.tcl: Setting watchdog for 200 seconds at Fri Oct 16 13:46:13 UTC 2020
2 ms. Memory: 55296K Free: 31127K (56%)
ptolemy.util.test.WatchDog.cancel(): canceling Fri Oct 16 13:46:13 UTC 2020
auto.tcl: Setting watchdog for 200 seconds at Fri Oct 16 13:46:13 UTC 2020
1 ms. Memory: 55296K Free: 30613K (55%)
ptolemy.util.test.WatchDog.cancel(): canceling Fri Oct 16 13:46:13 UTC 2020
------------------ testing $PTII/ptolemy/domains/de/test/auto/fsm_de_test.xml
auto.tcl: Setting watchdog for 200 seconds at Fri Oct 16 13:46:13 UTC 2020
12 ms. Memory: 55296K Free: 31025K (56%)
ptolemy.util.test.WatchDog.cancel(): canceling Fri Oct 16 13:46:13 UTC 2020
auto.tcl: Setting watchdog for 200 seconds at Fri Oct 16 13:46:13 UTC 2020
6 ms. Memory: 55296K Free: 28977K (52%)
ptolemy.util.test.WatchDog.cancel(): canceling Fri Oct 16 13:46:13 UTC 2020
------------------ testing $PTII/ptolemy/domains/de/test/auto/functionDependencyReconstruction.xml
auto.tcl: Setting watchdog for 200 seconds at Fri Oct 16 13:46:13 UTC 2020
3 ms. Memory: 55296K Free: 24871K (45%)
ptolemy.util.test.WatchDog.cancel(): canceling Fri Oct 16 13:46:13 UTC 2020
auto.tcl: Setting watchdog for 200 seconds at Fri Oct 16 13:46:13 UTC 2020
3 ms. Memory: 55296K Free: 22823K (41%)
ptolemy.util.test.WatchDog.cancel(): canceling Fri Oct 16 13:46:13 UTC 2020
------------------ testing $PTII/ptolemy/domains/de/test/auto/multirate.xml
auto.tcl: Setting watchdog for 200 seconds at Fri Oct 16 13:46:13 UTC 2020
3 ms. Memory: 55296K Free: 33636K (61%)
ptolemy.util.test.WatchDog.cancel(): canceling Fri Oct 16 13:46:13 UTC 2020
auto.tcl: Setting watchdog for 200 seconds at Fri Oct 16 13:46:13 UTC 2020
3 ms. Memory: 55296K Free: 31921K (58%)
ptolemy.util.test.WatchDog.cancel(): canceling Fri Oct 16 13:46:13 UTC 2020
------------------ testing $PTII/ptolemy/domains/de/test/auto/multirate2.xml
auto.tcl: Setting watchdog for 200 seconds at Fri Oct 16 13:46:13 UTC 2020
2 ms. Memory: 55296K Free: 33801K (61%)
ptolemy.util.test.WatchDog.cancel(): canceling Fri Oct 16 13:46:13 UTC 2020
auto.tcl: Setting watchdog for 200 seconds at Fri Oct 16 13:46:13 UTC 2020
3 ms. Memory: 55296K Free: 32102K (58%)
ptolemy.util.test.WatchDog.cancel(): canceling Fri Oct 16 13:46:13 UTC 2020
------------------ testing $PTII/ptolemy/domains/de/test/auto/realtime.xml
auto.tcl: Setting watchdog for 200 seconds at Fri Oct 16 13:46:13 UTC 2020
10001 ms. Memory: 51200K Free: 31801K (62%)
ptolemy.util.test.WatchDog.cancel(): canceling Fri Oct 16 13:46:23 UTC 2020
auto.tcl: Setting watchdog for 200 seconds at Fri Oct 16 13:46:23 UTC 2020
10001 ms. Memory: 51200K Free: 31076K (61%)
ptolemy.util.test.WatchDog.cancel(): canceling Fri Oct 16 13:46:33 UTC 2020
------------------ testing $PTII/ptolemy/domains/de/test/auto/relationGroup.xml
auto.tcl: Setting watchdog for 200 seconds at Fri Oct 16 13:46:33 UTC 2020
2 ms. Memory: 51200K Free: 32890K (64%)
ptolemy.util.test.WatchDog.cancel(): canceling Fri Oct 16 13:46:33 UTC 2020
auto.tcl: Setting watchdog for 200 seconds at Fri Oct 16 13:46:33 UTC 2020
2 ms. Memory: 51200K Free: 32386K (63%)
ptolemy.util.test.WatchDog.cancel(): canceling Fri Oct 16 13:46:33 UTC 2020
------------------ testing $PTII/ptolemy/domains/de/test/auto/relationGroup2.xml
auto.tcl: Setting watchdog for 200 seconds at Fri Oct 16 13:46:33 UTC 2020
2 ms. Memory: 51200K Free: 32915K (64%)
ptolemy.util.test.WatchDog.cancel(): canceling Fri Oct 16 13:46:33 UTC 2020
auto.tcl: Setting watchdog for 200 seconds at Fri Oct 16 13:46:33 UTC 2020
2 ms. Memory: 51200K Free: 32404K (63%)
ptolemy.util.test.WatchDog.cancel(): canceling Fri Oct 16 13:46:33 UTC 2020
------------------ testing $PTII/ptolemy/domains/de/test/auto/sortWithOpaquePorts.xml
auto.tcl: Setting watchdog for 200 seconds at Fri Oct 16 13:46:33 UTC 2020
1 ms. Memory: 51200K Free: 31658K (62%)
ptolemy.util.test.WatchDog.cancel(): canceling Fri Oct 16 13:46:33 UTC 2020
auto.tcl: Setting watchdog for 200 seconds at Fri Oct 16 13:46:33 UTC 2020
2 ms. Memory: 51200K Free: 30636K (60%)
ptolemy.util.test.WatchDog.cancel(): canceling Fri Oct 16 13:46:33 UTC 2020
------------------ testing $PTII/ptolemy/domains/de/test/auto/transferInputsandOutputs.xml
auto.tcl: Setting watchdog for 200 seconds at Fri Oct 16 13:46:33 UTC 2020
4 ms. Memory: 51200K Free: 29097K (57%)
ptolemy.util.test.WatchDog.cancel(): canceling Fri Oct 16 13:46:33 UTC 2020
auto.tcl: Setting watchdog for 200 seconds at Fri Oct 16 13:46:33 UTC 2020
3 ms. Memory: 51200K Free: 28073K (55%)
ptolemy.util.test.WatchDog.cancel(): canceling Fri Oct 16 13:46:33 UTC 2020
------------------ testing $PTII/ptolemy/domains/de/test/auto/triggerType.xml
auto.tcl: Setting watchdog for 200 seconds at Fri Oct 16 13:46:33 UTC 2020
1 ms. Memory: 51200K Free: 32122K (63%)
ptolemy.util.test.WatchDog.cancel(): canceling Fri Oct 16 13:46:33 UTC 2020
auto.tcl: Setting watchdog for 200 seconds at Fri Oct 16 13:46:33 UTC 2020
1 ms. Memory: 51200K Free: 31098K (61%)
ptolemy.util.test.WatchDog.cancel(): canceling Fri Oct 16 13:46:33 UTC 2020
10/16/20 01:46:33
Failed: 0  Total Tests: 192  ((Passed: 187, Newly Passed: 1)  Known Failed: 5) /home/travis/build/icyphy/ptII/ptolemy/domains/de/test
10/16/20 01:46:33
Failed: 0  Total Tests: 192  ((Passed: 187, Newly Passed: 1)  Known Failed: 5) /home/travis/build/icyphy/ptII/ptolemy/domains/de/test
----------------- testing (KnownFailure) /home/travis/build/icyphy/ptII/ptolemy/domains/de/test/auto/knownFailedTests/DESDFClockTest.xml
2011 ms. Memory: 51200K Free: 25007K (49%)
Known Failure: java.lang.reflect.InvocationTargetException
----------------- testing (KnownFailure) /home/travis/build/icyphy/ptII/ptolemy/domains/de/test/auto/knownFailedTests/DirectFeedback.xml
2 ms. Memory: 51200K Free: 20911K (41%)
Known Failure: java.lang.reflect.InvocationTargetException
----------------- testing (KnownFailure) /home/travis/build/icyphy/ptII/ptolemy/domains/de/test/auto/knownFailedTests/FSMSource.xml
15 ms. Memory: 51200K Free: 13743K (27%)
----------------- testing (KnownFailure) /home/travis/build/icyphy/ptII/ptolemy/domains/de/test/auto/knownFailedTests/HierarchicalModel.xml
3 ms. Memory: 51200K Free: 26994K (53%)
Known Failure: java.lang.reflect.InvocationTargetException
----------------- testing (KnownFailure) /home/travis/build/icyphy/ptII/ptolemy/domains/de/test/auto/knownFailedTests/dependencyLoop.xml
11 ms. Memory: 51200K Free: 11626K (23%)
Known Failure: java.lang.reflect.InvocationTargetException
----------------- testing (KnownFailure) /home/travis/build/icyphy/ptII/ptolemy/domains/de/test/auto/knownFailedTests/dependencyLoop2.xml
9 ms. Memory: 51200K Free: 25507K (50%)
Known Failure: java.lang.reflect.InvocationTargetException
No auto/linux-amd64/*.xml tests in /home/travis/build/icyphy/ptII/ptolemy/domains/de/test
AutoTests.java: About to close Vertx.
AutoTests.java: Vertx closed.

===========================================================================================
----------------- testing Fri Oct 16 13:46:36 UTC 2020 /home/travis/build/icyphy/ptII/ptolemy/domains/de/test/auto/ActorDepthCalculation_actorWithoutPorts.xml
----------------- Instantiating /home/travis/build/icyphy/ptII/ptolemy/domains/de/test/auto/ActorDepthCalculation_actorWithoutPorts.xml
3 ms. Memory: 51200K Free: 18717K (37%)
----------------- Invoking toplevel() on ptolemy.moml.MoMLSimpleApplication@7f40a3a5
----------------- Done invoking toplevel() on ptolemy.moml.MoMLSimpleApplication@7f40a3a5
reloadAllAccessors: .ActorDepthCalculation_actorWithoutPorts

===========================================================================================
----------------- testing Fri Oct 16 13:46:36 UTC 2020 /home/travis/build/icyphy/ptII/ptolemy/domains/de/test/auto/AssemblyLine.xml
----------------- Instantiating /home/travis/build/icyphy/ptII/ptolemy/domains/de/test/auto/AssemblyLine.xml
4 ms. Memory: 51200K Free: 11590K (23%)
----------------- Invoking toplevel() on ptolemy.moml.MoMLSimpleApplication@37d5dbe0
----------------- Done invoking toplevel() on ptolemy.moml.MoMLSimpleApplication@37d5dbe0
reloadAllAccessors: .AssemblyLine

===========================================================================================
----------------- testing Fri Oct 16 13:46:36 UTC 2020 /home/travis/build/icyphy/ptII/ptolemy/domains/de/test/auto/CQBug1.xml
----------------- Instantiating /home/travis/build/icyphy/ptII/ptolemy/domains/de/test/auto/CQBug1.xml
1 ms. Memory: 51200K Free: 8796K (17%)
----------------- Invoking toplevel() on ptolemy.moml.MoMLSimpleApplication@2bef4717
----------------- Done invoking toplevel() on ptolemy.moml.MoMLSimpleApplication@2bef4717
reloadAllAccessors: .CQBug1

===========================================================================================
----------------- testing Fri Oct 16 13:46:36 UTC 2020 /home/travis/build/icyphy/ptII/ptolemy/domains/de/test/auto/CancelFireAt.xml
----------------- Instantiating /home/travis/build/icyphy/ptII/ptolemy/domains/de/test/auto/CancelFireAt.xml
0 ms. Memory: 51200K Free: 35225K (69%)
----------------- Invoking toplevel() on ptolemy.moml.MoMLSimpleApplication@1d8a2927
----------------- Done invoking toplevel() on ptolemy.moml.MoMLSimpleApplication@1d8a2927
reloadAllAccessors: .CancelFireAt

===========================================================================================
----------------- testing Fri Oct 16 13:46:36 UTC 2020 /home/travis/build/icyphy/ptII/ptolemy/domains/de/test/auto/CausalityAndComposabilityAnalysis.xml
----------------- Instantiating /home/travis/build/icyphy/ptII/ptolemy/domains/de/test/auto/CausalityAndComposabilityAnalysis.xml
2 ms. Memory: 51200K Free: 30992K (61%)
----------------- Invoking toplevel() on ptolemy.moml.MoMLSimpleApplication@73c179e8
----------------- Done invoking toplevel() on ptolemy.moml.MoMLSimpleApplication@73c179e8
reloadAllAccessors: .CausalityAndComposabilityAnalysis

===========================================================================================
----------------- testing Fri Oct 16 13:46:36 UTC 2020 /home/travis/build/icyphy/ptII/ptolemy/domains/de/test/auto/CausalityInterface1.xml
----------------- Instantiating /home/travis/build/icyphy/ptII/ptolemy/domains/de/test/auto/CausalityInterface1.xml
5 ms. Memory: 51200K Free: 25856K (51%)
----------------- Invoking toplevel() on ptolemy.moml.MoMLSimpleApplication@24422ba8
----------------- Done invoking toplevel() on ptolemy.moml.MoMLSimpleApplication@24422ba8
reloadAllAccessors: .CausalityInterface1

===========================================================================================
----------------- testing Fri Oct 16 13:46:36 UTC 2020 /home/travis/build/icyphy/ptII/ptolemy/domains/de/test/auto/CausalityInterface15.xml
----------------- Instantiating /home/travis/build/icyphy/ptII/ptolemy/domains/de/test/auto/CausalityInterface15.xml
2 ms. Memory: 51200K Free: 20331K (40%)
----------------- Invoking toplevel() on ptolemy.moml.MoMLSimpleApplication@17e55211
----------------- Done invoking toplevel() on ptolemy.moml.MoMLSimpleApplication@17e55211
reloadAllAccessors: .CausalityInterface15

===========================================================================================
----------------- testing Fri Oct 16 13:46:36 UTC 2020 /home/travis/build/icyphy/ptII/ptolemy/domains/de/test/auto/CausalityInterface2.xml
----------------- Instantiating /home/travis/build/icyphy/ptII/ptolemy/domains/de/test/auto/CausalityInterface2.xml
1 ms. Memory: 51200K Free: 15662K (31%)
[...]
	at ptolemy.actor.Manager.run(Manager.java:1263)
	at ptolemy.actor.Manager$PtolemyRunThread.run(Manager.java:1933)
java.lang.RuntimeException: Execution failed
	at ptolemy.moml.MoMLSimpleApplication$UnloadThread.run(MoMLSimpleApplication.java:402)
Caused by: ptolemy.kernel.util.IllegalActionException: Actor is not ready to fire.  Perhaps UpSample.prefire() returned false? Try debugging the actor by selecting "Listen to Actor".  Also, for SDF check moml for tokenConsumptionRate on input.
  in .DESDFClockTest.Play Bell.Copy1:SDF Director and .DESDFClockTest.Play Bell.UpSample
	at ptolemy.actor.sched.StaticSchedulingDirector.fire(StaticSchedulingDirector.java:227)
	at ptolemy.domains.sdf.kernel.SDFDirector.fire(SDFDirector.java:500)
	at ptolemy.actor.CompositeActor.fire(CompositeActor.java:455)
	at ptolemy.domains.de.kernel.DEDirector._fire(DEDirector.java:1949)
	at ptolemy.domains.de.kernel.DEDirector.fire(DEDirector.java:502)
	at ptolemy.actor.CompositeActor.fire(CompositeActor.java:455)
	at ptolemy.actor.Manager.iterate(Manager.java:851)
	at ptolemy.actor.Manager.execute(Manager.java:369)
	at ptolemy.actor.Manager.run(Manager.java:1263)
	at ptolemy.actor.Manager$PtolemyRunThread.run(Manager.java:1933)
java.lang.reflect.InvocationTargetException
	at java.base/jdk.internal.reflect.NativeConstructorAccessorImpl.newInstance0(Native Method)
	at java.base/jdk.internal.reflect.NativeConstructorAccessorImpl.newInstance(NativeConstructorAccessorImpl.java:62)
	at java.base/jdk.internal.reflect.DelegatingConstructorAccessorImpl.newInstance(DelegatingConstructorAccessorImpl.java:45)
	at java.base/java.lang.reflect.Constructor.newInstance(Constructor.java:490)
	at ptolemy.util.test.junit.AutoKnownFailedTests.RunModel(AutoKnownFailedTests.java:105)
	at java.base/jdk.internal.reflect.NativeMethodAccessorImpl.invoke0(Native Method)
	at java.base/jdk.internal.reflect.NativeMethodAccessorImpl.invoke(NativeMethodAccessorImpl.java:62)
	at java.base/jdk.internal.reflect.DelegatingMethodAccessorImpl.invoke(DelegatingMethodAccessorImpl.java:43)
	at java.base/java.lang.reflect.Method.invoke(Method.java:566)
	at org.junit.runners.model.FrameworkMethod$1.runReflectiveCall(FrameworkMethod.java:44)
	at org.junit.internal.runners.model.ReflectiveCallable.run(ReflectiveCallable.java:15)
	at org.junit.runners.model.FrameworkMethod.invokeExplosively(FrameworkMethod.java:41)
	at junitparams.internal.InvokeParameterisedMethod.evaluate(InvokeParameterisedMethod.java:102)
	at org.junit.internal.runners.statements.FailOnTimeout$1.run(FailOnTimeout.java:28)
Caused by: ptolemy.kernel.util.IllegalActionException: Actor is not ready to fire.  Perhaps UpSample.prefire() returned false? Try debugging the actor by selecting "Listen to Actor".  Also, for SDF check moml for tokenConsumptionRate on input.
  in .DESDFClockTest.Play Bell.Copy1:SDF Director and .DESDFClockTest.Play Bell.UpSample
	at ptolemy.actor.sched.StaticSchedulingDirector.fire(StaticSchedulingDirector.java:227)
	at ptolemy.domains.sdf.kernel.SDFDirector.fire(SDFDirector.java:500)
	at ptolemy.actor.CompositeActor.fire(CompositeActor.java:455)
	at ptolemy.domains.de.kernel.DEDirector._fire(DEDirector.java:1949)
	at ptolemy.domains.de.kernel.DEDirector.fire(DEDirector.java:502)
	at ptolemy.actor.CompositeActor.fire(CompositeActor.java:455)
	at ptolemy.actor.Manager.iterate(Manager.java:851)
	at ptolemy.actor.Manager.execute(Manager.java:369)
	at ptolemy.actor.Manager.run(Manager.java:1263)
	at ptolemy.actor.Manager$PtolemyRunThread.run(Manager.java:1933)
java.lang.RuntimeException: Execution failed
	at ptolemy.moml.MoMLSimpleApplication$UnloadThread.run(MoMLSimpleApplication.java:402)
Caused by: ptolemy.kernel.util.IllegalActionException: Test fails in iteration 1.
Value was: 1.0. Should have been: 2.0
  in .DirectFeedback.Test
	at ptolemy.actor.lib.Test.fire(Test.java:268)
	at ptolemy.domains.de.kernel.DEDirector._fire(DEDirector.java:1949)
	at ptolemy.domains.de.kernel.DEDirector.fire(DEDirector.java:502)
	at ptolemy.actor.CompositeActor.fire(CompositeActor.java:455)
	at ptolemy.actor.Manager.iterate(Manager.java:851)
	at ptolemy.actor.Manager.execute(Manager.java:369)
	at ptolemy.actor.Manager.run(Manager.java:1263)
	at ptolemy.actor.Manager$PtolemyRunThread.run(Manager.java:1933)
java.lang.reflect.InvocationTargetException
	at java.base/jdk.internal.reflect.NativeConstructorAccessorImpl.newInstance0(Native Method)
	at java.base/jdk.internal.reflect.NativeConstructorAccessorImpl.newInstance(NativeConstructorAccessorImpl.java:62)
	at java.base/jdk.internal.reflect.DelegatingConstructorAccessorImpl.newInstance(DelegatingConstructorAccessorImpl.java:45)
	at java.base/java.lang.reflect.Constructor.newInstance(Constructor.java:490)
	at ptolemy.util.test.junit.AutoKnownFailedTests.RunModel(AutoKnownFailedTests.java:105)
	at java.base/jdk.internal.reflect.NativeMethodAccessorImpl.invoke0(Native Method)
	at java.base/jdk.internal.reflect.NativeMethodAccessorImpl.invoke(NativeMethodAccessorImpl.java:62)
	at java.base/jdk.internal.reflect.DelegatingMethodAccessorImpl.invoke(DelegatingMethodAccessorImpl.java:43)
	at java.base/java.lang.reflect.Method.invoke(Method.java:566)
	at org.junit.runners.model.FrameworkMethod$1.runReflectiveCall(FrameworkMethod.java:44)
	at org.junit.internal.runners.model.ReflectiveCallable.run(ReflectiveCallable.java:15)
	at org.junit.runners.model.FrameworkMethod.invokeExplosively(FrameworkMethod.java:41)
	at junitparams.internal.InvokeParameterisedMethod.evaluate(InvokeParameterisedMethod.java:102)
	at org.junit.internal.runners.statements.FailOnTimeout$1.run(FailOnTimeout.java:28)
Caused by: ptolemy.kernel.util.IllegalActionException: Test fails in iteration 1.
Value was: 1.0. Should have been: 2.0
  in .DirectFeedback.Test
	at ptolemy.actor.lib.Test.fire(Test.java:268)
	at ptolemy.domains.de.kernel.DEDirector._fire(DEDirector.java:1949)
	at ptolemy.domains.de.kernel.DEDirector.fire(DEDirector.java:502)
	at ptolemy.actor.CompositeActor.fire(CompositeActor.java:455)
	at ptolemy.actor.Manager.iterate(Manager.java:851)
	at ptolemy.actor.Manager.execute(Manager.java:369)
	at ptolemy.actor.Manager.run(Manager.java:1263)
	at ptolemy.actor.Manager$PtolemyRunThread.run(Manager.java:1933)
java.lang.RuntimeException: Execution failed
	at ptolemy.moml.MoMLSimpleApplication$UnloadThread.run(MoMLSimpleApplication.java:402)
Caused by: ptolemy.kernel.util.IllegalActionException: Found a zero delay loop containing .HierarchicalModel.A
  in .HierarchicalModel and .HierarchicalModel.A
	at ptolemy.actor.util.CausalityInterfaceForComposites._computeOutputPortDepth(CausalityInterfaceForComposites.java:759)
	at ptolemy.actor.util.CausalityInterfaceForComposites._computeInputDepth(CausalityInterfaceForComposites.java:696)
	at ptolemy.actor.util.CausalityInterfaceForComposites._computeOutputPortDepth(CausalityInterfaceForComposites.java:765)
	at ptolemy.actor.util.CausalityInterfaceForComposites._computeInputDepth(CausalityInterfaceForComposites.java:696)
	at ptolemy.actor.util.CausalityInterfaceForComposites._computeOutputPortDepth(CausalityInterfaceForComposites.java:765)
	at ptolemy.actor.util.CausalityInterfaceForComposites._computeInputDepth(CausalityInterfaceForComposites.java:696)
	at ptolemy.actor.util.CausalityInterfaceForComposites._computeActorDepth(CausalityInterfaceForComposites.java:532)
	at ptolemy.actor.util.CausalityInterfaceForComposites.checkForCycles(CausalityInterfaceForComposites.java:96)
	at ptolemy.domains.de.kernel.DEDirector.preinitialize(DEDirector.java:1338)
	at ptolemy.actor.CompositeActor.preinitialize(CompositeActor.java:1828)
	at ptolemy.actor.Manager.preinitializeAndResolveTypes(Manager.java:1040)
	at ptolemy.actor.Manager.initialize(Manager.java:710)
	at ptolemy.actor.Manager.execute(Manager.java:356)
	at ptolemy.actor.Manager.run(Manager.java:1263)
	at ptolemy.actor.Manager$PtolemyRunThread.run(Manager.java:1933)
java.lang.reflect.InvocationTargetException
	at java.base/jdk.internal.reflect.NativeConstructorAccessorImpl.newInstance0(Native Method)
	at java.base/jdk.internal.reflect.NativeConstructorAccessorImpl.newInstance(NativeConstructorAccessorImpl.java:62)
	at java.base/jdk.internal.reflect.DelegatingConstructorAccessorImpl.newInstance(DelegatingConstructorAccessorImpl.java:45)
	at java.base/java.lang.reflect.Constructor.newInstance(Constructor.java:490)
	at ptolemy.util.test.junit.AutoKnownFailedTests.RunModel(AutoKnownFailedTests.java:105)
	at java.base/jdk.internal.reflect.NativeMethodAccessorImpl.invoke0(Native Method)
	at java.base/jdk.internal.reflect.NativeMethodAccessorImpl.invoke(NativeMethodAccessorImpl.java:62)
	at java.base/jdk.internal.reflect.DelegatingMethodAccessorImpl.invoke(DelegatingMethodAccessorImpl.java:43)
	at java.base/java.lang.reflect.Method.invoke(Method.java:566)
	at org.junit.runners.model.FrameworkMethod$1.runReflectiveCall(FrameworkMethod.java:44)
	at org.junit.internal.runners.model.ReflectiveCallable.run(ReflectiveCallable.java:15)
	at org.junit.runners.model.FrameworkMethod.invokeExplosively(FrameworkMethod.java:41)
	at junitparams.internal.InvokeParameterisedMethod.evaluate(InvokeParameterisedMethod.java:102)
	at org.junit.internal.runners.statements.FailOnTimeout$1.run(FailOnTimeout.java:28)
Caused by: ptolemy.kernel.util.IllegalActionException: Found a zero delay loop containing .HierarchicalModel.A
  in .HierarchicalModel and .HierarchicalModel.A
	at ptolemy.actor.util.CausalityInterfaceForComposites._computeOutputPortDepth(CausalityInterfaceForComposites.java:759)
	at ptolemy.actor.util.CausalityInterfaceForComposites._computeInputDepth(CausalityInterfaceForComposites.java:696)
	at ptolemy.actor.util.CausalityInterfaceForComposites._computeOutputPortDepth(CausalityInterfaceForComposites.java:765)
	at ptolemy.actor.util.CausalityInterfaceForComposites._computeInputDepth(CausalityInterfaceForComposites.java:696)
	at ptolemy.actor.util.CausalityInterfaceForComposites._computeOutputPortDepth(CausalityInterfaceForComposites.java:765)
	at ptolemy.actor.util.CausalityInterfaceForComposites._computeInputDepth(CausalityInterfaceForComposites.java:696)
	at ptolemy.actor.util.CausalityInterfaceForComposites._computeActorDepth(CausalityInterfaceForComposites.java:532)
	at ptolemy.actor.util.CausalityInterfaceForComposites.checkForCycles(CausalityInterfaceForComposites.java:96)
	at ptolemy.domains.de.kernel.DEDirector.preinitialize(DEDirector.java:1338)
	at ptolemy.actor.CompositeActor.preinitialize(CompositeActor.java:1828)
	at ptolemy.actor.Manager.preinitializeAndResolveTypes(Manager.java:1040)
	at ptolemy.actor.Manager.initialize(Manager.java:710)
	at ptolemy.actor.Manager.execute(Manager.java:356)
	at ptolemy.actor.Manager.run(Manager.java:1263)
	at ptolemy.actor.Manager$PtolemyRunThread.run(Manager.java:1933)
java.lang.RuntimeException: Execution failed
	at ptolemy.moml.MoMLSimpleApplication$UnloadThread.run(MoMLSimpleApplication.java:402)
Caused by: ptolemy.kernel.util.IllegalActionException: Found a zero delay loop containing .dependencyLoop.original
  in .dependencyLoop and .dependencyLoop.original
	at ptolemy.actor.util.CausalityInterfaceForComposites._computeOutputPortDepth(CausalityInterfaceForComposites.java:759)
	at ptolemy.actor.util.CausalityInterfaceForComposites._computeInputDepth(CausalityInterfaceForComposites.java:696)
	at ptolemy.actor.util.CausalityInterfaceForComposites._computeOutputPortDepth(CausalityInterfaceForComposites.java:765)
	at ptolemy.actor.util.CausalityInterfaceForComposites._computeInputDepth(CausalityInterfaceForComposites.java:696)
	at ptolemy.actor.util.CausalityInterfaceForComposites._computeOutputPortDepth(CausalityInterfaceForComposites.java:765)
	at ptolemy.actor.util.CausalityInterfaceForComposites._computeInputDepth(CausalityInterfaceForComposites.java:696)
	at ptolemy.actor.util.CausalityInterfaceForComposites._computeActorDepth(CausalityInterfaceForComposites.java:532)
	at ptolemy.actor.util.CausalityInterfaceForComposites.checkForCycles(CausalityInterfaceForComposites.java:96)
	at ptolemy.domains.de.kernel.DEDirector.preinitialize(DEDirector.java:1338)
	at ptolemy.actor.CompositeActor.preinitialize(CompositeActor.java:1828)
	at ptolemy.actor.Manager.preinitializeAndResolveTypes(Manager.java:1040)
	at ptolemy.actor.Manager.initialize(Manager.java:710)
	at ptolemy.actor.Manager.execute(Manager.java:356)
	at ptolemy.actor.Manager.run(Manager.java:1263)
	at ptolemy.actor.Manager$PtolemyRunThread.run(Manager.java:1933)
java.lang.reflect.InvocationTargetException
	at java.base/jdk.internal.reflect.NativeConstructorAccessorImpl.newInstance0(Native Method)
	at java.base/jdk.internal.reflect.NativeConstructorAccessorImpl.newInstance(NativeConstructorAccessorImpl.java:62)
	at java.base/jdk.internal.reflect.DelegatingConstructorAccessorImpl.newInstance(DelegatingConstructorAccessorImpl.java:45)
	at java.base/java.lang.reflect.Constructor.newInstance(Constructor.java:490)
	at ptolemy.util.test.junit.AutoKnownFailedTests.RunModel(AutoKnownFailedTests.java:105)
	at java.base/jdk.internal.reflect.NativeMethodAccessorImpl.invoke0(Native Method)
	at java.base/jdk.internal.reflect.NativeMethodAccessorImpl.invoke(NativeMethodAccessorImpl.java:62)
	at java.base/jdk.internal.reflect.DelegatingMethodAccessorImpl.invoke(DelegatingMethodAccessorImpl.java:43)
	at java.base/java.lang.reflect.Method.invoke(Method.java:566)
	at org.junit.runners.model.FrameworkMethod$1.runReflectiveCall(FrameworkMethod.java:44)
	at org.junit.internal.runners.model.ReflectiveCallable.run(ReflectiveCallable.java:15)
	at org.junit.runners.model.FrameworkMethod.invokeExplosively(FrameworkMethod.java:41)
	at junitparams.internal.InvokeParameterisedMethod.evaluate(InvokeParameterisedMethod.java:102)
	at org.junit.internal.runners.statements.FailOnTimeout$1.run(FailOnTimeout.java:28)
Caused by: ptolemy.kernel.util.IllegalActionException: Found a zero delay loop containing .dependencyLoop.original
  in .dependencyLoop and .dependencyLoop.original
	at ptolemy.actor.util.CausalityInterfaceForComposites._computeOutputPortDepth(CausalityInterfaceForComposites.java:759)
	at ptolemy.actor.util.CausalityInterfaceForComposites._computeInputDepth(CausalityInterfaceForComposites.java:696)
	at ptolemy.actor.util.CausalityInterfaceForComposites._computeOutputPortDepth(CausalityInterfaceForComposites.java:765)
	at ptolemy.actor.util.CausalityInterfaceForComposites._computeInputDepth(CausalityInterfaceForComposites.java:696)
	at ptolemy.actor.util.CausalityInterfaceForComposites._computeOutputPortDepth(CausalityInterfaceForComposites.java:765)
	at ptolemy.actor.util.CausalityInterfaceForComposites._computeInputDepth(CausalityInterfaceForComposites.java:696)
	at ptolemy.actor.util.CausalityInterfaceForComposites._computeActorDepth(CausalityInterfaceForComposites.java:532)
	at ptolemy.actor.util.CausalityInterfaceForComposites.checkForCycles(CausalityInterfaceForComposites.java:96)
	at ptolemy.domains.de.kernel.DEDirector.preinitialize(DEDirector.java:1338)
	at ptolemy.actor.CompositeActor.preinitialize(CompositeActor.java:1828)
	at ptolemy.actor.Manager.preinitializeAndResolveTypes(Manager.java:1040)
	at ptolemy.actor.Manager.initialize(Manager.java:710)
	at ptolemy.actor.Manager.execute(Manager.java:356)
	at ptolemy.actor.Manager.run(Manager.java:1263)
	at ptolemy.actor.Manager$PtolemyRunThread.run(Manager.java:1933)
java.lang.RuntimeException: Execution failed
	at ptolemy.moml.MoMLSimpleApplication$UnloadThread.run(MoMLSimpleApplication.java:402)
Caused by: ptolemy.kernel.util.IllegalActionException: Found a zero delay loop containing .dependencyLoop2.original
  in .dependencyLoop2 and .dependencyLoop2.original
	at ptolemy.actor.util.CausalityInterfaceForComposites._computeOutputPortDepth(CausalityInterfaceForComposites.java:759)
	at ptolemy.actor.util.CausalityInterfaceForComposites._computeInputDepth(CausalityInterfaceForComposites.java:696)
	at ptolemy.actor.util.CausalityInterfaceForComposites._computeOutputPortDepth(CausalityInterfaceForComposites.java:765)
	at ptolemy.actor.util.CausalityInterfaceForComposites._computeInputDepth(CausalityInterfaceForComposites.java:696)
	at ptolemy.actor.util.CausalityInterfaceForComposites._computeOutputPortDepth(CausalityInterfaceForComposites.java:765)
	at ptolemy.actor.util.CausalityInterfaceForComposites._computeInputDepth(CausalityInterfaceForComposites.java:696)
	at ptolemy.actor.util.CausalityInterfaceForComposites._computeActorDepth(CausalityInterfaceForComposites.java:532)
	at ptolemy.actor.util.CausalityInterfaceForComposites.checkForCycles(CausalityInterfaceForComposites.java:96)
	at ptolemy.domains.de.kernel.DEDirector.preinitialize(DEDirector.java:1338)
	at ptolemy.actor.CompositeActor.preinitialize(CompositeActor.java:1828)
	at ptolemy.actor.Manager.preinitializeAndResolveTypes(Manager.java:1040)
	at ptolemy.actor.Manager.initialize(Manager.java:710)
	at ptolemy.actor.Manager.execute(Manager.java:356)
	at ptolemy.actor.Manager.run(Manager.java:1263)
	at ptolemy.actor.Manager$PtolemyRunThread.run(Manager.java:1933)
java.lang.reflect.InvocationTargetException
	at java.base/jdk.internal.reflect.NativeConstructorAccessorImpl.newInstance0(Native Method)
	at java.base/jdk.internal.reflect.NativeConstructorAccessorImpl.newInstance(NativeConstructorAccessorImpl.java:62)
	at java.base/jdk.internal.reflect.DelegatingConstructorAccessorImpl.newInstance(DelegatingConstructorAccessorImpl.java:45)
	at java.base/java.lang.reflect.Constructor.newInstance(Constructor.java:490)
	at ptolemy.util.test.junit.AutoKnownFailedTests.RunModel(AutoKnownFailedTests.java:105)
	at java.base/jdk.internal.reflect.NativeMethodAccessorImpl.invoke0(Native Method)
	at java.base/jdk.internal.reflect.NativeMethodAccessorImpl.invoke(NativeMethodAccessorImpl.java:62)
	at java.base/jdk.internal.reflect.DelegatingMethodAccessorImpl.invoke(DelegatingMethodAccessorImpl.java:43)
	at java.base/java.lang.reflect.Method.invoke(Method.java:566)
	at org.junit.runners.model.FrameworkMethod$1.runReflectiveCall(FrameworkMethod.java:44)
	at org.junit.internal.runners.model.ReflectiveCallable.run(ReflectiveCallable.java:15)
	at org.junit.runners.model.FrameworkMethod.invokeExplosively(FrameworkMethod.java:41)
	at junitparams.internal.InvokeParameterisedMethod.evaluate(InvokeParameterisedMethod.java:102)
	at org.junit.internal.runners.statements.FailOnTimeout$1.run(FailOnTimeout.java:28)
Caused by: ptolemy.kernel.util.IllegalActionException: Found a zero delay loop containing .dependencyLoop2.original
  in .dependencyLoop2 and .dependencyLoop2.original
	at ptolemy.actor.util.CausalityInterfaceForComposites._computeOutputPortDepth(CausalityInterfaceForComposites.java:759)
	at ptolemy.actor.util.CausalityInterfaceForComposites._computeInputDepth(CausalityInterfaceForComposites.java:696)
	at ptolemy.actor.util.CausalityInterfaceForComposites._computeOutputPortDepth(CausalityInterfaceForComposites.java:765)
	at ptolemy.actor.util.CausalityInterfaceForComposites._computeInputDepth(CausalityInterfaceForComposites.java:696)
	at ptolemy.actor.util.CausalityInterfaceForComposites._computeOutputPortDepth(CausalityInterfaceForComposites.java:765)
	at ptolemy.actor.util.CausalityInterfaceForComposites._computeInputDepth(CausalityInterfaceForComposites.java:696)
	at ptolemy.actor.util.CausalityInterfaceForComposites._computeActorDepth(CausalityInterfaceForComposites.java:532)
	at ptolemy.actor.util.CausalityInterfaceForComposites.checkForCycles(CausalityInterfaceForComposites.java:96)
	at ptolemy.domains.de.kernel.DEDirector.preinitialize(DEDirector.java:1338)
	at ptolemy.actor.CompositeActor.preinitialize(CompositeActor.java:1828)
	at ptolemy.actor.Manager.preinitializeAndResolveTypes(Manager.java:1040)
	at ptolemy.actor.Manager.initialize(Manager.java:710)
	at ptolemy.actor.Manager.execute(Manager.java:356)
	at ptolemy.actor.Manager.run(Manager.java:1263)
	at ptolemy.actor.Manager$PtolemyRunThread.run(Manager.java:1933)
]]></system-err>
</testsuite>
