<?xml version="1.0" encoding="UTF-8" ?>
<testsuite errors="0" failures="0" hostname="travis-job-ce0aa7fb-f3a4-45f0-a66e-b801715dc638" name="ptolemy.domains.de.test.junit.JUnitTclTest" skipped="0" tests="101" time="129.76" timestamp="2019-03-05T03:41:32">
  <properties>
[...]
</properties>
  <testcase classname="ptolemy.util.test.junit.TclTests" name="[0] /home/travis/build/icyphy/ptII/ptolemy/domains/de/test/DependencyLoop.tcl (RunTclFile)" time="0.788" />
  <testcase classname="ptolemy.util.test.junit.TclTests" name="[1] /home/travis/build/icyphy/ptII/ptolemy/domains/de/test/RunDETestsAsQSS.tcl (RunTclFile)" time="89.022" />
  <testcase classname="ptolemy.util.test.junit.AutoKnownFailedTests" name="[0] /home/travis/build/icyphy/ptII/ptolemy/domains/de/test/auto/knownFailedTests/DESDFClockTest.xml (RunModel)" time="2.032" />
  <testcase classname="ptolemy.util.test.junit.AutoKnownFailedTests" name="[1] /home/travis/build/icyphy/ptII/ptolemy/domains/de/test/auto/knownFailedTests/DirectFeedback.xml (RunModel)" time="0.013" />
  <testcase classname="ptolemy.util.test.junit.AutoKnownFailedTests" name="[2] /home/travis/build/icyphy/ptII/ptolemy/domains/de/test/auto/knownFailedTests/FSMSource.xml (RunModel)" time="0.033" />
  <testcase classname="ptolemy.util.test.junit.AutoKnownFailedTests" name="[3] /home/travis/build/icyphy/ptII/ptolemy/domains/de/test/auto/knownFailedTests/HierarchicalModel.xml (RunModel)" time="0.03" />
  <testcase classname="ptolemy.util.test.junit.AutoKnownFailedTests" name="[4] /home/travis/build/icyphy/ptII/ptolemy/domains/de/test/auto/knownFailedTests/dependencyLoop.xml (RunModel)" time="0.029" />
  <testcase classname="ptolemy.util.test.junit.AutoKnownFailedTests" name="[5] /home/travis/build/icyphy/ptII/ptolemy/domains/de/test/auto/knownFailedTests/dependencyLoop2.xml (RunModel)" time="0.035" />
  <testcase classname="ptolemy.util.test.junit.AutoNameArchTests" name="[0] ThereAreNoAutoArchTests (RunModel)" time="0.001" />
  <testcase classname="ptolemy.util.test.junit.AutoTests" name="[0] /home/travis/build/icyphy/ptII/ptolemy/domains/de/test/auto/ActorDepthCalculation_actorWithoutPorts.xml (RunModel)" time="0.014" />
  <testcase classname="ptolemy.util.test.junit.AutoTests" name="[1] /home/travis/build/icyphy/ptII/ptolemy/domains/de/test/auto/AssemblyLine.xml (RunModel)" time="0.016" />
  <testcase classname="ptolemy.util.test.junit.AutoTests" name="[2] /home/travis/build/icyphy/ptII/ptolemy/domains/de/test/auto/CQBug1.xml (RunModel)" time="0.011" />
  <testcase classname="ptolemy.util.test.junit.AutoTests" name="[3] /home/travis/build/icyphy/ptII/ptolemy/domains/de/test/auto/CancelFireAt.xml (RunModel)" time="0.01" />
  <testcase classname="ptolemy.util.test.junit.AutoTests" name="[4] /home/travis/build/icyphy/ptII/ptolemy/domains/de/test/auto/CausalityAndComposabilityAnalysis.xml (RunModel)" time="0.01" />
  <testcase classname="ptolemy.util.test.junit.AutoTests" name="[5] /home/travis/build/icyphy/ptII/ptolemy/domains/de/test/auto/CausalityInterface1.xml (RunModel)" time="0.011" />
  <testcase classname="ptolemy.util.test.junit.AutoTests" name="[6] /home/travis/build/icyphy/ptII/ptolemy/domains/de/test/auto/CausalityInterface15.xml (RunModel)" time="0.01" />
  <testcase classname="ptolemy.util.test.junit.AutoTests" name="[7] /home/travis/build/icyphy/ptII/ptolemy/domains/de/test/auto/CausalityInterface2.xml (RunModel)" time="0.008" />
  <testcase classname="ptolemy.util.test.junit.AutoTests" name="[8] /home/travis/build/icyphy/ptII/ptolemy/domains/de/test/auto/CausalityInterface3.xml (RunModel)" time="0.009" />
  <testcase classname="ptolemy.util.test.junit.AutoTests" name="[9] /home/travis/build/icyphy/ptII/ptolemy/domains/de/test/auto/ClockDrift.xml (RunModel)" time="0.037" />
  <testcase classname="ptolemy.util.test.junit.AutoTests" name="[10] /home/travis/build/icyphy/ptII/ptolemy/domains/de/test/auto/ClockDriftAndValueChange.xml (RunModel)" time="0.021" />
  <testcase classname="ptolemy.util.test.junit.AutoTests" name="[11] /home/travis/build/icyphy/ptII/ptolemy/domains/de/test/auto/ClockDriftChange.xml (RunModel)" time="0.026" />
  <testcase classname="ptolemy.util.test.junit.AutoTests" name="[12] /home/travis/build/icyphy/ptII/ptolemy/domains/de/test/auto/ComposableCausalityAnalysis.xml (RunModel)" time="0.015" />
  <testcase classname="ptolemy.util.test.junit.AutoTests" name="[13] /home/travis/build/icyphy/ptII/ptolemy/domains/de/test/auto/DEFixedPointLimitation.xml (RunModel)" time="0.007" />
  <testcase classname="ptolemy.util.test.junit.AutoTests" name="[14] /home/travis/build/icyphy/ptII/ptolemy/domains/de/test/auto/DEScheduleTest.xml (RunModel)" time="0.009" />
  <testcase classname="ptolemy.util.test.junit.AutoTests" name="[15] /home/travis/build/icyphy/ptII/ptolemy/domains/de/test/auto/DEinDEwithStartTimes.xml (RunModel)" time="0.012" />
  <testcase classname="ptolemy.util.test.junit.AutoTests" name="[16] /home/travis/build/icyphy/ptII/ptolemy/domains/de/test/auto/DEinDEwithStartTimes2.xml (RunModel)" time="0.011" />
  <testcase classname="ptolemy.util.test.junit.AutoTests" name="[17] /home/travis/build/icyphy/ptII/ptolemy/domains/de/test/auto/DateDemo.xml (RunModel)" time="0.021" />
  <testcase classname="ptolemy.util.test.junit.AutoTests" name="[18] /home/travis/build/icyphy/ptII/ptolemy/domains/de/test/auto/DateToEvent.xml (RunModel)" time="2.027" />
  <testcase classname="ptolemy.util.test.junit.AutoTests" name="[19] /home/travis/build/icyphy/ptII/ptolemy/domains/de/test/auto/DepthTest1.xml (RunModel)" time="0.006" />
  <testcase classname="ptolemy.util.test.junit.AutoTests" name="[20] /home/travis/build/icyphy/ptII/ptolemy/domains/de/test/auto/DepthTest2.xml (RunModel)" time="0.012" />
  <testcase classname="ptolemy.util.test.junit.AutoTests" name="[21] /home/travis/build/icyphy/ptII/ptolemy/domains/de/test/auto/DepthTest3.xml (RunModel)" time="0.005" />
  <testcase classname="ptolemy.util.test.junit.AutoTests" name="[22] /home/travis/build/icyphy/ptII/ptolemy/domains/de/test/auto/DepthTest4.xml (RunModel)" time="0.008" />
  <testcase classname="ptolemy.util.test.junit.AutoTests" name="[23] /home/travis/build/icyphy/ptII/ptolemy/domains/de/test/auto/DepthTest5.xml (RunModel)" time="0.009" />
  <testcase classname="ptolemy.util.test.junit.AutoTests" name="[24] /home/travis/build/icyphy/ptII/ptolemy/domains/de/test/auto/DepthTest6.xml (RunModel)" time="0.009" />
  <testcase classname="ptolemy.util.test.junit.AutoTests" name="[25] /home/travis/build/icyphy/ptII/ptolemy/domains/de/test/auto/DepthTest7.xml (RunModel)" time="0.009" />
  <testcase classname="ptolemy.util.test.junit.AutoTests" name="[26] /home/travis/build/icyphy/ptII/ptolemy/domains/de/test/auto/EventToDate.xml (RunModel)" time="3.026" />
  <testcase classname="ptolemy.util.test.junit.AutoTests" name="[27] /home/travis/build/icyphy/ptII/ptolemy/domains/de/test/auto/FSM1.xml (RunModel)" time="0.066" />
  <testcase classname="ptolemy.util.test.junit.AutoTests" name="[28] /home/travis/build/icyphy/ptII/ptolemy/domains/de/test/auto/FSM7.xml (RunModel)" time="0.036" />
  <testcase classname="ptolemy.util.test.junit.AutoTests" name="[29] /home/travis/build/icyphy/ptII/ptolemy/domains/de/test/auto/Inspection.xml (RunModel)" time="0.04" />
  <testcase classname="ptolemy.util.test.junit.AutoTests" name="[30] /home/travis/build/icyphy/ptII/ptolemy/domains/de/test/auto/Iteration.xml (RunModel)" time="0.02" />
  <testcase classname="ptolemy.util.test.junit.AutoTests" name="[31] /home/travis/build/icyphy/ptII/ptolemy/domains/de/test/auto/LineFault.xml (RunModel)" time="0.631" />
  <testcase classname="ptolemy.util.test.junit.AutoTests" name="[32] /home/travis/build/icyphy/ptII/ptolemy/domains/de/test/auto/MergeModel1Add.xml (RunModel)" time="0.046" />
  <testcase classname="ptolemy.util.test.junit.AutoTests" name="[33] /home/travis/build/icyphy/ptII/ptolemy/domains/de/test/auto/MergeModel2Add.xml (RunModel)" time="0.037" />
  <testcase classname="ptolemy.util.test.junit.AutoTests" name="[34] /home/travis/build/icyphy/ptII/ptolemy/domains/de/test/auto/MergeModel3Add.xml (RunModel)" time="0.039" />
  <testcase classname="ptolemy.util.test.junit.AutoTests" name="[35] /home/travis/build/icyphy/ptII/ptolemy/domains/de/test/auto/MergeWithoutDiscard.xml (RunModel)" time="0.011" />
  <testcase classname="ptolemy.util.test.junit.AutoTests" name="[36] /home/travis/build/icyphy/ptII/ptolemy/domains/de/test/auto/Modal1.xml (RunModel)" time="0.03" />
  <testcase classname="ptolemy.util.test.junit.AutoTests" name="[37] /home/travis/build/icyphy/ptII/ptolemy/domains/de/test/auto/Modal2.xml (RunModel)" time="0.033" />
  <testcase classname="ptolemy.util.test.junit.AutoTests" name="[38] /home/travis/build/icyphy/ptII/ptolemy/domains/de/test/auto/Modal3.xml (RunModel)" time="0.038" />
  <testcase classname="ptolemy.util.test.junit.AutoTests" name="[39] /home/travis/build/icyphy/ptII/ptolemy/domains/de/test/auto/Modal4.xml (RunModel)" time="0.035" />
  <testcase classname="ptolemy.util.test.junit.AutoTests" name="[40] /home/travis/build/icyphy/ptII/ptolemy/domains/de/test/auto/Modal5.xml (RunModel)" time="0.033" />
  <testcase classname="ptolemy.util.test.junit.AutoTests" name="[41] /home/travis/build/icyphy/ptII/ptolemy/domains/de/test/auto/Modal6.xml (RunModel)" time="0.029" />
  <testcase classname="ptolemy.util.test.junit.AutoTests" name="[42] /home/travis/build/icyphy/ptII/ptolemy/domains/de/test/auto/Modal7.xml (RunModel)" time="0.03" />
  <testcase classname="ptolemy.util.test.junit.AutoTests" name="[43] /home/travis/build/icyphy/ptII/ptolemy/domains/de/test/auto/ModalModel.xml (RunModel)" time="0.171" />
  <testcase classname="ptolemy.util.test.junit.AutoTests" name="[44] /home/travis/build/icyphy/ptII/ptolemy/domains/de/test/auto/ModalSource.xml (RunModel)" time="0.024" />
  <testcase classname="ptolemy.util.test.junit.AutoTests" name="[45] /home/travis/build/icyphy/ptII/ptolemy/domains/de/test/auto/NonInterruptibleTimerZeroDelay.xml (RunModel)" time="0.011" />
  <testcase classname="ptolemy.util.test.junit.AutoTests" name="[46] /home/travis/build/icyphy/ptII/ptolemy/domains/de/test/auto/OpenQueueingNetwork.xml (RunModel)" time="2.223" />
  <testcase classname="ptolemy.util.test.junit.AutoTests" name="[47] /home/travis/build/icyphy/ptII/ptolemy/domains/de/test/auto/OpenQueuingNetwork.xml (RunModel)" time="0.273" />
  <testcase classname="ptolemy.util.test.junit.AutoTests" name="[48] /home/travis/build/icyphy/ptII/ptolemy/domains/de/test/auto/PeriodicSampler.xml (RunModel)" time="0.011" />
  <testcase classname="ptolemy.util.test.junit.AutoTests" name="[49] /home/travis/build/icyphy/ptII/ptolemy/domains/de/test/auto/PersistentIO.xml (RunModel)" time="0.02" />
  <testcase classname="ptolemy.util.test.junit.AutoTests" name="[50] /home/travis/build/icyphy/ptII/ptolemy/domains/de/test/auto/PortParameterResetOnInitialize.xml (RunModel)" time="0.01" />
  <testcase classname="ptolemy.util.test.junit.AutoTests" name="[51] /home/travis/build/icyphy/ptII/ptolemy/domains/de/test/auto/PortParameterUpdates.xml (RunModel)" time="0.012" />
  <testcase classname="ptolemy.util.test.junit.AutoTests" name="[52] /home/travis/build/icyphy/ptII/ptolemy/domains/de/test/auto/QueueAndServer.xml (RunModel)" time="0.021" />
  <testcase classname="ptolemy.util.test.junit.AutoTests" name="[53] /home/travis/build/icyphy/ptII/ptolemy/domains/de/test/auto/Records.xml (RunModel)" time="0.013" />
  <testcase classname="ptolemy.util.test.junit.AutoTests" name="[54] /home/travis/build/icyphy/ptII/ptolemy/domains/de/test/auto/ResetTransitionWithStartTime1.xml (RunModel)" time="0.016" />
  <testcase classname="ptolemy.util.test.junit.AutoTests" name="[55] /home/travis/build/icyphy/ptII/ptolemy/domains/de/test/auto/ResetTransitionWithStartTime2.xml (RunModel)" time="0.02" />
  <testcase classname="ptolemy.util.test.junit.AutoTests" name="[56] /home/travis/build/icyphy/ptII/ptolemy/domains/de/test/auto/ResetTransitionWithStartTime3.xml (RunModel)" time="0.018" />
  <testcase classname="ptolemy.util.test.junit.AutoTests" name="[57] /home/travis/build/icyphy/ptII/ptolemy/domains/de/test/auto/ResetTransitionWithStartTime4.xml (RunModel)" time="0.017" />
  <testcase classname="ptolemy.util.test.junit.AutoTests" name="[58] /home/travis/build/icyphy/ptII/ptolemy/domains/de/test/auto/ResettableTimer1.xml (RunModel)" time="0.009" />
  <testcase classname="ptolemy.util.test.junit.AutoTests" name="[59] /home/travis/build/icyphy/ptII/ptolemy/domains/de/test/auto/ResettableTimer2.xml (RunModel)" time="0.011" />
  <testcase classname="ptolemy.util.test.junit.AutoTests" name="[60] /home/travis/build/icyphy/ptII/ptolemy/domains/de/test/auto/ResettableTimer3.xml (RunModel)" time="0.011" />
  <testcase classname="ptolemy.util.test.junit.AutoTests" name="[61] /home/travis/build/icyphy/ptII/ptolemy/domains/de/test/auto/ResettableTimer4.xml (RunModel)" time="0.01" />
  <testcase classname="ptolemy.util.test.junit.AutoTests" name="[62] /home/travis/build/icyphy/ptII/ptolemy/domains/de/test/auto/ResettableTimer5.xml (RunModel)" time="0.01" />
  <testcase classname="ptolemy.util.test.junit.AutoTests" name="[63] /home/travis/build/icyphy/ptII/ptolemy/domains/de/test/auto/ResettableTimer6.xml (RunModel)" time="0.018" />
  <testcase classname="ptolemy.util.test.junit.AutoTests" name="[64] /home/travis/build/icyphy/ptII/ptolemy/domains/de/test/auto/ServerZeroDelay.xml (RunModel)" time="0.016" />
  <testcase classname="ptolemy.util.test.junit.AutoTests" name="[65] /home/travis/build/icyphy/ptII/ptolemy/domains/de/test/auto/SmartSender.xml (RunModel)" time="3.008" />
  <testcase classname="ptolemy.util.test.junit.AutoTests" name="[66] /home/travis/build/icyphy/ptII/ptolemy/domains/de/test/auto/ThreadedComposite.xml (RunModel)" time="0.13" />
  <testcase classname="ptolemy.util.test.junit.AutoTests" name="[67] /home/travis/build/icyphy/ptII/ptolemy/domains/de/test/auto/Time.xml (RunModel)" time="0.441" />
  <testcase classname="ptolemy.util.test.junit.AutoTests" name="[68] /home/travis/build/icyphy/ptII/ptolemy/domains/de/test/auto/TimeDelayZeroDelay.xml (RunModel)" time="0.011" />
  <testcase classname="ptolemy.util.test.junit.AutoTests" name="[69] /home/travis/build/icyphy/ptII/ptolemy/domains/de/test/auto/TimerZeroDelay.xml (RunModel)" time="0.011" />
  <testcase classname="ptolemy.util.test.junit.AutoTests" name="[70] /home/travis/build/icyphy/ptII/ptolemy/domains/de/test/auto/TimingParadox.xml (RunModel)" time="0.345" />
  <testcase classname="ptolemy.util.test.junit.AutoTests" name="[71] /home/travis/build/icyphy/ptII/ptolemy/domains/de/test/auto/TransferInputs.xml (RunModel)" time="0.013" />
  <testcase classname="ptolemy.util.test.junit.AutoTests" name="[72] /home/travis/build/icyphy/ptII/ptolemy/domains/de/test/auto/TransferOutputs2.xml (RunModel)" time="0.014" />
  <testcase classname="ptolemy.util.test.junit.AutoTests" name="[73] /home/travis/build/icyphy/ptII/ptolemy/domains/de/test/auto/Trilateration.xml (RunModel)" time="11.594" />
  <testcase classname="ptolemy.util.test.junit.AutoTests" name="[74] /home/travis/build/icyphy/ptII/ptolemy/domains/de/test/auto/TwoSigmaDelta.xml (RunModel)" time="2.251" />
  <testcase classname="ptolemy.util.test.junit.AutoTests" name="[75] /home/travis/build/icyphy/ptII/ptolemy/domains/de/test/auto/VariableDelay.xml (RunModel)" time="0.01" />
  <testcase classname="ptolemy.util.test.junit.AutoTests" name="[76] /home/travis/build/icyphy/ptII/ptolemy/domains/de/test/auto/VariableDelay2.xml (RunModel)" time="0.009" />
  <testcase classname="ptolemy.util.test.junit.AutoTests" name="[77] /home/travis/build/icyphy/ptII/ptolemy/domains/de/test/auto/VariableDelayZeroDelay.xml (RunModel)" time="0.009" />
  <testcase classname="ptolemy.util.test.junit.AutoTests" name="[78] /home/travis/build/icyphy/ptII/ptolemy/domains/de/test/auto/VariableDelayZeroDelay2.xml (RunModel)" time="0.01" />
  <testcase classname="ptolemy.util.test.junit.AutoTests" name="[79] /home/travis/build/icyphy/ptII/ptolemy/domains/de/test/auto/deInCt.xml (RunModel)" time="0.017" />
  <testcase classname="ptolemy.util.test.junit.AutoTests" name="[80] /home/travis/build/icyphy/ptII/ptolemy/domains/de/test/auto/deInCt2.xml (RunModel)" time="0.013" />
  <testcase classname="ptolemy.util.test.junit.AutoTests" name="[81] /home/travis/build/icyphy/ptII/ptolemy/domains/de/test/auto/dynamicCausalityInterface1.xml (RunModel)" time="0.017" />
  <testcase classname="ptolemy.util.test.junit.AutoTests" name="[82] /home/travis/build/icyphy/ptII/ptolemy/domains/de/test/auto/fsm_de_test.xml (RunModel)" time="0.02" />
  <testcase classname="ptolemy.util.test.junit.AutoTests" name="[83] /home/travis/build/icyphy/ptII/ptolemy/domains/de/test/auto/functionDependencyReconstruction.xml (RunModel)" time="0.031" />
  <testcase classname="ptolemy.util.test.junit.AutoTests" name="[84] /home/travis/build/icyphy/ptII/ptolemy/domains/de/test/auto/multirate.xml (RunModel)" time="0.02" />
  <testcase classname="ptolemy.util.test.junit.AutoTests" name="[85] /home/travis/build/icyphy/ptII/ptolemy/domains/de/test/auto/multirate2.xml (RunModel)" time="0.016" />
  <testcase classname="ptolemy.util.test.junit.AutoTests" name="[86] /home/travis/build/icyphy/ptII/ptolemy/domains/de/test/auto/realtime.xml (RunModel)" time="10.009" />
  <testcase classname="ptolemy.util.test.junit.AutoTests" name="[87] /home/travis/build/icyphy/ptII/ptolemy/domains/de/test/auto/relationGroup.xml (RunModel)" time="0.018" />
  <testcase classname="ptolemy.util.test.junit.AutoTests" name="[88] /home/travis/build/icyphy/ptII/ptolemy/domains/de/test/auto/relationGroup2.xml (RunModel)" time="0.006" />
  <testcase classname="ptolemy.util.test.junit.AutoTests" name="[89] /home/travis/build/icyphy/ptII/ptolemy/domains/de/test/auto/sortWithOpaquePorts.xml (RunModel)" time="0.008" />
  <testcase classname="ptolemy.util.test.junit.AutoTests" name="[90] /home/travis/build/icyphy/ptII/ptolemy/domains/de/test/auto/transferInputsandOutputs.xml (RunModel)" time="0.014" />
  <testcase classname="ptolemy.util.test.junit.AutoTests" name="[91] /home/travis/build/icyphy/ptII/ptolemy/domains/de/test/auto/triggerType.xml (RunModel)" time="0.006" />
  <system-out><![CDATA[/home/travis/build/icyphy/ptII/ptolemy/domains/de/test/DependencyLoop.tcl
testDefs.tcl: setting time out to 9000 seconds at Tue Mar 05 03:41:32 UTC 2019
14 ms. Memory: 116224K Free: 97611K (84%)
27 ms. Memory: 146944K Free: 141204K (96%)
/home/travis/build/icyphy/ptII/ptolemy/domains/de/test/RunDETestsAsQSS.tcl
Run the DE tests using ptolemy.domains.qss.test.QSSDirectorTest, which extends QSSDirector and prints a message in the constructors.
------------------ testing $PTII/ptolemy/domains/de/test/auto/knownFailedTests/dependencyLoop.xml (Known Failure) 
7 ms. Memory: 146944K Free: 136959K (93%)


==== $PTIIhome/travis/build/icyphy/ptII/ptolemy/domains/de/test/../../../../: Auto Automatic test in file $PTII/ptolemy/domains/de/test/auto/knownFailedTests/dependencyLoop.xml
==== Contents of test case:

	    # FIXME: we should use $relativeFilename here, but it
	    # might have backslashes under Windows, which causes no end
	    # of trouble.
	    createAndExecute $file
	    list {}
	
.... Test generated KNOWN error:
    while executing
ptolemy.kernel.util.IllegalActionException: Found a zero delay loop containing .dependencyLoop.original
  in .dependencyLoop and .dependencyLoop.original
	at ptolemy.actor.util.CausalityInterfaceForComposites._computeOutputPortDepth(CausalityInterfaceForComposites.java:759)
	at ptolemy.actor.util.CausalityInterfaceForComposites._computeInputDepth(CausalityInterfaceForComposites.java:696)
	at ptolemy.actor.util.CausalityInterfaceForComposites._computeOutputPortDepth(CausalityInterfaceForComposites.java:765)
	at ptolemy.actor.util.CausalityInterfaceForComposites._computeInputDepth(CausalityInterfaceForComposites.java:696)
	at ptolemy.actor.util.CausalityInterfaceForComposites._computeOutputPortDepth(CausalityInterfaceForComposites.java:765)
	at ptolemy.actor.util.CausalityInterfaceForComposites._computeInputDepth(CausalityInterfaceForComposites.java:696)
	at ptolemy.actor.util.CausalityInterfaceForComposites._computeActorDepth(CausalityInterfaceForComposites.java:532)
	at ptolemy.actor.util.CausalityInterfaceForComposites.checkForCycles(CausalityInterfaceForComposites.java:96)
	at ptolemy.domains.de.kernel.DEDirector.preinitialize(DEDirector.java:1338)
	at ptolemy.actor.CompositeActor.preinitialize(CompositeActor.java:1828)
	at ptolemy.actor.Manager.preinitializeAndResolveTypes(Manager.java:1040)
	at ptolemy.actor.Manager.initialize(Manager.java:710)
	at ptolemy.actor.Manager.execute(Manager.java:356)
	at ptolemy.actor.Manager.run(Manager.java:1263)
	at ptolemy.actor.Manager$PtolemyRunThread.run(Manager.java:1915)

    while executing
ptolemy.kernel.util.IllegalActionException: Found a zero delay loop containing .dependencyLoop.original
  in .dependencyLoop and .dependencyLoop.original
    while executing
"java::new ptolemy.moml.MoMLSimpleApplication $file
"
    (procedure "createAndExecute" line 2)
    invoked from within
"createAndExecute $file"
    ("uplevel" body line 5)
    invoked from within
"uplevel $contents_of_test"
------------------ testing $PTII/ptolemy/domains/de/test/auto/knownFailedTests/DESDFClockTest.xml (Known Failure) 
2072 ms. Memory: 146944K Free: 121398K (83%)


==== $PTIIhome/travis/build/icyphy/ptII/ptolemy/domains/de/test/../../../../: Auto Automatic test in file $PTII/ptolemy/domains/de/test/auto/knownFailedTests/DESDFClockTest.xml
==== Contents of test case:

	    # FIXME: we should use $relativeFilename here, but it
	    # might have backslashes under Windows, which causes no end
	    # of trouble.
	    createAndExecute $file
	    list {}
	
.... Test generated KNOWN error:
    while executing
ptolemy.kernel.util.IllegalActionException: Actor is not ready to fire.  Perhaps UpSample.prefire() returned false? Try debugging the actor by selecting "Listen to Actor".  Also, for SDF check moml for tokenConsumptionRate on input.
  in .DESDFClockTest.Play Bell.Copy1:SDF Director and .DESDFClockTest.Play Bell.UpSample
	at ptolemy.actor.sched.StaticSchedulingDirector.fire(StaticSchedulingDirector.java:227)
	at ptolemy.domains.sdf.kernel.SDFDirector.fire(SDFDirector.java:500)
	at ptolemy.actor.CompositeActor.fire(CompositeActor.java:455)
	at ptolemy.domains.de.kernel.DEDirector._fire(DEDirector.java:1949)
	at ptolemy.domains.de.kernel.DEDirector.fire(DEDirector.java:502)
	at ptolemy.actor.CompositeActor.fire(CompositeActor.java:455)
	at ptolemy.actor.Manager.iterate(Manager.java:851)
	at ptolemy.actor.Manager.execute(Manager.java:369)
	at ptolemy.actor.Manager.run(Manager.java:1263)
	at ptolemy.actor.Manager$PtolemyRunThread.run(Manager.java:1915)

    while executing
ptolemy.kernel.util.IllegalActionException: Actor is not ready to fire.  Perhaps UpSample.prefire() returned false? Try debugging the actor by selecting "Listen to Actor".  Also, for SDF check moml for tokenConsumptionRate on input.
  in .DESDFClockTest.Play Bell.Copy1:SDF Director and .DESDFClockTest.Play Bell.UpSample
    while executing
"java::new ptolemy.moml.MoMLSimpleApplication $file
"
    (procedure "createAndExecute" line 2)
    invoked from within
"createAndExecute $file"
    ("uplevel" body line 5)
    invoked from within
"uplevel $contents_of_test"
------------------ testing $PTII/ptolemy/domains/de/test/auto/knownFailedTests/FSMSource.xml (Known Failure) 
21 ms. Memory: 146944K Free: 112572K (77%)
!!!! Auto was marked as failing, but now passes
------------------ testing $PTII/ptolemy/domains/de/test/auto/knownFailedTests/dependencyLoop2.xml (Known Failure) 
14 ms. Memory: 146944K Free: 110689K (75%)


==== $PTIIhome/travis/build/icyphy/ptII/ptolemy/domains/de/test/../../../../: Auto Automatic test in file $PTII/ptolemy/domains/de/test/auto/knownFailedTests/dependencyLoop2.xml
==== Contents of test case:

	    # FIXME: we should use $relativeFilename here, but it
	    # might have backslashes under Windows, which causes no end
	    # of trouble.
	    createAndExecute $file
	    list {}
	
.... Test generated KNOWN error:
    while executing
ptolemy.kernel.util.IllegalActionException: Found a zero delay loop containing .dependencyLoop2.original
  in .dependencyLoop2 and .dependencyLoop2.original
	at ptolemy.actor.util.CausalityInterfaceForComposites._computeOutputPortDepth(CausalityInterfaceForComposites.java:759)
	at ptolemy.actor.util.CausalityInterfaceForComposites._computeInputDepth(CausalityInterfaceForComposites.java:696)
	at ptolemy.actor.util.CausalityInterfaceForComposites._computeOutputPortDepth(CausalityInterfaceForComposites.java:765)
	at ptolemy.actor.util.CausalityInterfaceForComposites._computeInputDepth(CausalityInterfaceForComposites.java:696)
	at ptolemy.actor.util.CausalityInterfaceForComposites._computeOutputPortDepth(CausalityInterfaceForComposites.java:765)
	at ptolemy.actor.util.CausalityInterfaceForComposites._computeInputDepth(CausalityInterfaceForComposites.java:696)
	at ptolemy.actor.util.CausalityInterfaceForComposites._computeActorDepth(CausalityInterfaceForComposites.java:532)
	at ptolemy.actor.util.CausalityInterfaceForComposites.checkForCycles(CausalityInterfaceForComposites.java:96)
	at ptolemy.domains.de.kernel.DEDirector.preinitialize(DEDirector.java:1338)
	at ptolemy.actor.CompositeActor.preinitialize(CompositeActor.java:1828)
	at ptolemy.actor.Manager.preinitializeAndResolveTypes(Manager.java:1040)
	at ptolemy.actor.Manager.initialize(Manager.java:710)
	at ptolemy.actor.Manager.execute(Manager.java:356)
	at ptolemy.actor.Manager.run(Manager.java:1263)
	at ptolemy.actor.Manager$PtolemyRunThread.run(Manager.java:1915)

    while executing
ptolemy.kernel.util.IllegalActionException: Found a zero delay loop containing .dependencyLoop2.original
  in .dependencyLoop2 and .dependencyLoop2.original
    while executing
"java::new ptolemy.moml.MoMLSimpleApplication $file
"
    (procedure "createAndExecute" line 2)
    invoked from within
"createAndExecute $file"
    ("uplevel" body line 5)
    invoked from within
"uplevel $contents_of_test"
------------------ testing $PTII/ptolemy/domains/de/test/auto/knownFailedTests/HierarchicalModel.xml (Known Failure) 
5 ms. Memory: 146944K Free: 90444K (62%)


==== $PTIIhome/travis/build/icyphy/ptII/ptolemy/domains/de/test/../../../../: Auto Automatic test in file $PTII/ptolemy/domains/de/test/auto/knownFailedTests/HierarchicalModel.xml
==== Contents of test case:

	    # FIXME: we should use $relativeFilename here, but it
	    # might have backslashes under Windows, which causes no end
	    # of trouble.
	    createAndExecute $file
	    list {}
	
.... Test generated KNOWN error:
    while executing
ptolemy.kernel.util.IllegalActionException: Found a zero delay loop containing .HierarchicalModel.A
  in .HierarchicalModel and .HierarchicalModel.A
	at ptolemy.actor.util.CausalityInterfaceForComposites._computeOutputPortDepth(CausalityInterfaceForComposites.java:759)
	at ptolemy.actor.util.CausalityInterfaceForComposites._computeInputDepth(CausalityInterfaceForComposites.java:696)
	at ptolemy.actor.util.CausalityInterfaceForComposites._computeOutputPortDepth(CausalityInterfaceForComposites.java:765)
	at ptolemy.actor.util.CausalityInterfaceForComposites._computeInputDepth(CausalityInterfaceForComposites.java:696)
	at ptolemy.actor.util.CausalityInterfaceForComposites._computeOutputPortDepth(CausalityInterfaceForComposites.java:765)
	at ptolemy.actor.util.CausalityInterfaceForComposites._computeInputDepth(CausalityInterfaceForComposites.java:696)
	at ptolemy.actor.util.CausalityInterfaceForComposites._computeActorDepth(CausalityInterfaceForComposites.java:532)
	at ptolemy.actor.util.CausalityInterfaceForComposites.checkForCycles(CausalityInterfaceForComposites.java:96)
	at ptolemy.domains.de.kernel.DEDirector.preinitialize(DEDirector.java:1338)
	at ptolemy.actor.CompositeActor.preinitialize(CompositeActor.java:1828)
	at ptolemy.actor.Manager.preinitializeAndResolveTypes(Manager.java:1040)
	at ptolemy.actor.Manager.initialize(Manager.java:710)
	at ptolemy.actor.Manager.execute(Manager.java:356)
	at ptolemy.actor.Manager.run(Manager.java:1263)
	at ptolemy.actor.Manager$PtolemyRunThread.run(Manager.java:1915)

    while executing
ptolemy.kernel.util.IllegalActionException: Found a zero delay loop containing .HierarchicalModel.A
  in .HierarchicalModel and .HierarchicalModel.A
    while executing
"java::new ptolemy.moml.MoMLSimpleApplication $file
"
    (procedure "createAndExecute" line 2)
    invoked from within
"createAndExecute $file"
    ("uplevel" body line 5)
    invoked from within
"uplevel $contents_of_test"
------------------ testing $PTII/ptolemy/domains/de/test/auto/knownFailedTests/DirectFeedback.xml (Known Failure) 
8 ms. Memory: 146944K Free: 86335K (59%)


==== $PTIIhome/travis/build/icyphy/ptII/ptolemy/domains/de/test/../../../../: Auto Automatic test in file $PTII/ptolemy/domains/de/test/auto/knownFailedTests/DirectFeedback.xml
==== Contents of test case:

	    # FIXME: we should use $relativeFilename here, but it
	    # might have backslashes under Windows, which causes no end
	    # of trouble.
	    createAndExecute $file
	    list {}
	
.... Test generated KNOWN error:
    while executing
ptolemy.kernel.util.IllegalActionException: Test fails in iteration 1.
Value was: 1.0. Should have been: 2.0
  in .DirectFeedback.Test
	at ptolemy.actor.lib.Test.fire(Test.java:268)
	at ptolemy.domains.de.kernel.DEDirector._fire(DEDirector.java:1949)
	at ptolemy.domains.de.kernel.DEDirector.fire(DEDirector.java:502)
	at ptolemy.actor.CompositeActor.fire(CompositeActor.java:455)
	at ptolemy.actor.Manager.iterate(Manager.java:851)
	at ptolemy.actor.Manager.execute(Manager.java:369)
	at ptolemy.actor.Manager.run(Manager.java:1263)
	at ptolemy.actor.Manager$PtolemyRunThread.run(Manager.java:1915)

    while executing
ptolemy.kernel.util.IllegalActionException: Test fails in iteration 1.
Value was: 1.0. Should have been: 2.0
  in .DirectFeedback.Test
    while executing
"java::new ptolemy.moml.MoMLSimpleApplication $file
"
    (procedure "createAndExecute" line 2)
    invoked from within
"createAndExecute $file"
    ("uplevel" body line 5)
    invoked from within
"uplevel $contents_of_test"
------------------ testing $PTII/ptolemy/domains/de/test/auto/ActorDepthCalculation_actorWithoutPorts.xml
auto.tcl: Setting watchdog for 200 seconds at Tue Mar 05 03:41:35 UTC 2019
9 ms. Memory: 146944K Free: 139718K (95%)
ptolemy.util.test.WatchDog.cancel(): canceling Tue Mar 05 03:41:35 UTC 2019
auto.tcl: Setting watchdog for 200 seconds at Tue Mar 05 03:41:35 UTC 2019
5 ms. Memory: 146944K Free: 137676K (94%)
ptolemy.util.test.WatchDog.cancel(): canceling Tue Mar 05 03:41:35 UTC 2019
------------------ testing $PTII/ptolemy/domains/de/test/auto/AssemblyLine.xml
auto.tcl: Setting watchdog for 200 seconds at Tue Mar 05 03:41:36 UTC 2019
21 ms. Memory: 208384K Free: 183394K (88%)
ptolemy.util.test.WatchDog.cancel(): canceling Tue Mar 05 03:41:36 UTC 2019
auto.tcl: Setting watchdog for 200 seconds at Tue Mar 05 03:41:36 UTC 2019
10 ms. Memory: 208384K Free: 183394K (88%)
ptolemy.util.test.WatchDog.cancel(): canceling Tue Mar 05 03:41:36 UTC 2019
------------------ testing $PTII/ptolemy/domains/de/test/auto/CQBug1.xml
auto.tcl: Setting watchdog for 200 seconds at Tue Mar 05 03:41:36 UTC 2019
13 ms. Memory: 208384K Free: 197899K (95%)
ptolemy.util.test.WatchDog.cancel(): canceling Tue Mar 05 03:41:36 UTC 2019
auto.tcl: Setting watchdog for 200 seconds at Tue Mar 05 03:41:36 UTC 2019
2 ms. Memory: 208384K Free: 197899K (95%)
ptolemy.util.test.WatchDog.cancel(): canceling Tue Mar 05 03:41:36 UTC 2019
------------------ testing $PTII/ptolemy/domains/de/test/auto/CancelFireAt.xml
auto.tcl: Setting watchdog for 200 seconds at Tue Mar 05 03:41:36 UTC 2019
3 ms. Memory: 208384K Free: 201560K (97%)
ptolemy.util.test.WatchDog.cancel(): canceling Tue Mar 05 03:41:36 UTC 2019
auto.tcl: Setting watchdog for 200 seconds at Tue Mar 05 03:41:36 UTC 2019
11 ms. Memory: 208384K Free: 199520K (96%)
ptolemy.util.test.WatchDog.cancel(): canceling Tue Mar 05 03:41:36 UTC 2019
------------------ testing $PTII/ptolemy/domains/de/test/auto/CausalityAndComposabilityAnalysis.xml
auto.tcl: Setting watchdog for 200 seconds at Tue Mar 05 03:41:36 UTC 2019
9 ms. Memory: 208384K Free: 198599K (95%)
ptolemy.util.test.WatchDog.cancel(): canceling Tue Mar 05 03:41:36 UTC 2019
auto.tcl: Setting watchdog for 200 seconds at Tue Mar 05 03:41:36 UTC 2019
5 ms. Memory: 208384K Free: 196558K (94%)
ptolemy.util.test.WatchDog.cancel(): canceling Tue Mar 05 03:41:36 UTC 2019
------------------ testing $PTII/ptolemy/domains/de/test/auto/CausalityInterface1.xml
auto.tcl: Setting watchdog for 200 seconds at Tue Mar 05 03:41:36 UTC 2019
17 ms. Memory: 208384K Free: 196495K (94%)
ptolemy.util.test.WatchDog.cancel(): canceling Tue Mar 05 03:41:36 UTC 2019
auto.tcl: Setting watchdog for 200 seconds at Tue Mar 05 03:41:36 UTC 2019
9 ms. Memory: 208384K Free: 196495K (94%)
ptolemy.util.test.WatchDog.cancel(): canceling Tue Mar 05 03:41:36 UTC 2019
------------------ testing $PTII/ptolemy/domains/de/test/auto/CausalityInterface15.xml
auto.tcl: Setting watchdog for 200 seconds at Tue Mar 05 03:41:36 UTC 2019
12 ms. Memory: 208384K Free: 196454K (94%)
ptolemy.util.test.WatchDog.cancel(): canceling Tue Mar 05 03:41:36 UTC 2019
auto.tcl: Setting watchdog for 200 seconds at Tue Mar 05 03:41:36 UTC 2019
12 ms. Memory: 208384K Free: 196454K (94%)
ptolemy.util.test.WatchDog.cancel(): canceling Tue Mar 05 03:41:36 UTC 2019
------------------ testing $PTII/ptolemy/domains/de/test/auto/CausalityInterface2.xml
auto.tcl: Setting watchdog for 200 seconds at Tue Mar 05 03:41:36 UTC 2019
12 ms. Memory: 208384K Free: 196470K (94%)
ptolemy.util.test.WatchDog.cancel(): canceling Tue Mar 05 03:41:36 UTC 2019
auto.tcl: Setting watchdog for 200 seconds at Tue Mar 05 03:41:36 UTC 2019
3 ms. Memory: 208384K Free: 196470K (94%)
ptolemy.util.test.WatchDog.cancel(): canceling Tue Mar 05 03:41:36 UTC 2019
------------------ testing $PTII/ptolemy/domains/de/test/auto/CausalityInterface3.xml
auto.tcl: Setting watchdog for 200 seconds at Tue Mar 05 03:41:37 UTC 2019
8 ms. Memory: 208384K Free: 196483K (94%)
ptolemy.util.test.WatchDog.cancel(): canceling Tue Mar 05 03:41:37 UTC 2019
auto.tcl: Setting watchdog for 200 seconds at Tue Mar 05 03:41:37 UTC 2019
4 ms. Memory: 208384K Free: 196483K (94%)
ptolemy.util.test.WatchDog.cancel(): canceling Tue Mar 05 03:41:37 UTC 2019
------------------ testing $PTII/ptolemy/domains/de/test/auto/ClockDrift.xml
auto.tcl: Setting watchdog for 200 seconds at Tue Mar 05 03:41:37 UTC 2019
101 ms. Memory: 208384K Free: 187893K (90%)
ptolemy.util.test.WatchDog.cancel(): canceling Tue Mar 05 03:41:37 UTC 2019
auto.tcl: Setting watchdog for 200 seconds at Tue Mar 05 03:41:37 UTC 2019
42 ms. Memory: 208384K Free: 185853K (89%)
ptolemy.util.test.WatchDog.cancel(): canceling Tue Mar 05 03:41:37 UTC 2019
------------------ testing $PTII/ptolemy/domains/de/test/auto/ClockDriftAndValueChange.xml
auto.tcl: Setting watchdog for 200 seconds at Tue Mar 05 03:41:37 UTC 2019
55 ms. Memory: 208384K Free: 187724K (90%)
ptolemy.util.test.WatchDog.cancel(): canceling Tue Mar 05 03:41:37 UTC 2019
auto.tcl: Setting watchdog for 200 seconds at Tue Mar 05 03:41:37 UTC 2019
27 ms. Memory: 208384K Free: 185683K (89%)
ptolemy.util.test.WatchDog.cancel(): canceling Tue Mar 05 03:41:37 UTC 2019
------------------ testing $PTII/ptolemy/domains/de/test/auto/ClockDriftChange.xml
auto.tcl: Setting watchdog for 200 seconds at Tue Mar 05 03:41:37 UTC 2019
37 ms. Memory: 208384K Free: 190992K (92%)
ptolemy.util.test.WatchDog.cancel(): canceling Tue Mar 05 03:41:37 UTC 2019
auto.tcl: Setting watchdog for 200 seconds at Tue Mar 05 03:41:37 UTC 2019
32 ms. Memory: 208384K Free: 188952K (91%)
ptolemy.util.test.WatchDog.cancel(): canceling Tue Mar 05 03:41:37 UTC 2019
------------------ testing $PTII/ptolemy/domains/de/test/auto/ComposableCausalityAnalysis.xml
auto.tcl: Setting watchdog for 200 seconds at Tue Mar 05 03:41:37 UTC 2019
2 ms. Memory: 208384K Free: 196337K (94%)
ptolemy.util.test.WatchDog.cancel(): canceling Tue Mar 05 03:41:37 UTC 2019
auto.tcl: Setting watchdog for 200 seconds at Tue Mar 05 03:41:37 UTC 2019
1 ms. Memory: 208384K Free: 194297K (93%)
ptolemy.util.test.WatchDog.cancel(): canceling Tue Mar 05 03:41:37 UTC 2019
------------------ testing $PTII/ptolemy/domains/de/test/auto/DEFixedPointLimitation.xml
auto.tcl: Setting watchdog for 200 seconds at Tue Mar 05 03:41:37 UTC 2019
4 ms. Memory: 208384K Free: 198255K (95%)
ptolemy.util.test.WatchDog.cancel(): canceling Tue Mar 05 03:41:37 UTC 2019
auto.tcl: Setting watchdog for 200 seconds at Tue Mar 05 03:41:37 UTC 2019
2 ms. Memory: 208384K Free: 196215K (94%)
ptolemy.util.test.WatchDog.cancel(): canceling Tue Mar 05 03:41:37 UTC 2019
------------------ testing $PTII/ptolemy/domains/de/test/auto/DEScheduleTest.xml
auto.tcl: Setting watchdog for 200 seconds at Tue Mar 05 03:41:37 UTC 2019
3 ms. Memory: 208384K Free: 198810K (95%)
ptolemy.util.test.WatchDog.cancel(): canceling Tue Mar 05 03:41:37 UTC 2019
auto.tcl: Setting watchdog for 200 seconds at Tue Mar 05 03:41:37 UTC 2019
6 ms. Memory: 208384K Free: 196250K (94%)
ptolemy.util.test.WatchDog.cancel(): canceling Tue Mar 05 03:41:37 UTC 2019
------------------ testing $PTII/ptolemy/domains/de/test/auto/DEinDEwithStartTimes.xml
auto.tcl: Setting watchdog for 200 seconds at Tue Mar 05 03:41:37 UTC 2019
4 ms. Memory: 208384K Free: 196739K (94%)
ptolemy.util.test.WatchDog.cancel(): canceling Tue Mar 05 03:41:38 UTC 2019
auto.tcl: Setting watchdog for 200 seconds at Tue Mar 05 03:41:38 UTC 2019
3 ms. Memory: 208384K Free: 196739K (94%)
ptolemy.util.test.WatchDog.cancel(): canceling Tue Mar 05 03:41:38 UTC 2019
------------------ testing $PTII/ptolemy/domains/de/test/auto/DEinDEwithStartTimes2.xml
auto.tcl: Setting watchdog for 200 seconds at Tue Mar 05 03:41:38 UTC 2019
4 ms. Memory: 208384K Free: 196719K (94%)
ptolemy.util.test.WatchDog.cancel(): canceling Tue Mar 05 03:41:38 UTC 2019
auto.tcl: Setting watchdog for 200 seconds at Tue Mar 05 03:41:38 UTC 2019
5 ms. Memory: 208384K Free: 194160K (93%)
ptolemy.util.test.WatchDog.cancel(): canceling Tue Mar 05 03:41:38 UTC 2019
------------------ testing $PTII/ptolemy/domains/de/test/auto/DateDemo.xml
auto.tcl: Setting watchdog for 200 seconds at Tue Mar 05 03:41:38 UTC 2019
10 ms. Memory: 208384K Free: 188809K (91%)
ptolemy.util.test.WatchDog.cancel(): canceling Tue Mar 05 03:41:38 UTC 2019
auto.tcl: Setting watchdog for 200 seconds at Tue Mar 05 03:41:38 UTC 2019
7 ms. Memory: 208384K Free: 186769K (90%)
ptolemy.util.test.WatchDog.cancel(): canceling Tue Mar 05 03:41:38 UTC 2019
------------------ testing $PTII/ptolemy/domains/de/test/auto/DateToEvent.xml
auto.tcl: Setting watchdog for 200 seconds at Tue Mar 05 03:41:38 UTC 2019
2018 ms. Memory: 208384K Free: 183695K (88%)
ptolemy.util.test.WatchDog.cancel(): canceling Tue Mar 05 03:41:40 UTC 2019
auto.tcl: Setting watchdog for 200 seconds at Tue Mar 05 03:41:40 UTC 2019
2007 ms. Memory: 208384K Free: 183695K (88%)
ptolemy.util.test.WatchDog.cancel(): canceling Tue Mar 05 03:41:42 UTC 2019
------------------ testing $PTII/ptolemy/domains/de/test/auto/DepthTest1.xml
auto.tcl: Setting watchdog for 200 seconds at Tue Mar 05 03:41:42 UTC 2019
4 ms. Memory: 208384K Free: 197492K (95%)
ptolemy.util.test.WatchDog.cancel(): canceling Tue Mar 05 03:41:42 UTC 2019
auto.tcl: Setting watchdog for 200 seconds at Tue Mar 05 03:41:42 UTC 2019
4 ms. Memory: 208384K Free: 197492K (95%)
ptolemy.util.test.WatchDog.cancel(): canceling Tue Mar 05 03:41:42 UTC 2019
------------------ testing $PTII/ptolemy/domains/de/test/auto/DepthTest2.xml
auto.tcl: Setting watchdog for 200 seconds at Tue Mar 05 03:41:42 UTC 2019
8 ms. Memory: 208384K Free: 193843K (93%)
ptolemy.util.test.WatchDog.cancel(): canceling Tue Mar 05 03:41:42 UTC 2019
auto.tcl: Setting watchdog for 200 seconds at Tue Mar 05 03:41:42 UTC 2019
3 ms. Memory: 208384K Free: 193843K (93%)
ptolemy.util.test.WatchDog.cancel(): canceling Tue Mar 05 03:41:42 UTC 2019
------------------ testing $PTII/ptolemy/domains/de/test/auto/DepthTest3.xml
auto.tcl: Setting watchdog for 200 seconds at Tue Mar 05 03:41:42 UTC 2019
8 ms. Memory: 208384K Free: 195367K (94%)
ptolemy.util.test.WatchDog.cancel(): canceling Tue Mar 05 03:41:42 UTC 2019
auto.tcl: Setting watchdog for 200 seconds at Tue Mar 05 03:41:42 UTC 2019
2 ms. Memory: 208384K Free: 195367K (94%)
ptolemy.util.test.WatchDog.cancel(): canceling Tue Mar 05 03:41:42 UTC 2019
------------------ testing $PTII/ptolemy/domains/de/test/auto/DepthTest4.xml
auto.tcl: Setting watchdog for 200 seconds at Tue Mar 05 03:41:42 UTC 2019
6 ms. Memory: 208384K Free: 195872K (94%)
ptolemy.util.test.WatchDog.cancel(): canceling Tue Mar 05 03:41:42 UTC 2019
auto.tcl: Setting watchdog for 200 seconds at Tue Mar 05 03:41:42 UTC 2019
2 ms. Memory: 208384K Free: 195872K (94%)
ptolemy.util.test.WatchDog.cancel(): canceling Tue Mar 05 03:41:42 UTC 2019
------------------ testing $PTII/ptolemy/domains/de/test/auto/DepthTest5.xml
auto.tcl: Setting watchdog for 200 seconds at Tue Mar 05 03:41:42 UTC 2019
8 ms. Memory: 208384K Free: 195819K (94%)
ptolemy.util.test.WatchDog.cancel(): canceling Tue Mar 05 03:41:42 UTC 2019
auto.tcl: Setting watchdog for 200 seconds at Tue Mar 05 03:41:42 UTC 2019
2 ms. Memory: 208384K Free: 195819K (94%)
ptolemy.util.test.WatchDog.cancel(): canceling Tue Mar 05 03:41:42 UTC 2019
------------------ testing $PTII/ptolemy/domains/de/test/auto/DepthTest6.xml
auto.tcl: Setting watchdog for 200 seconds at Tue Mar 05 03:41:42 UTC 2019
7 ms. Memory: 208384K Free: 195795K (94%)
ptolemy.util.test.WatchDog.cancel(): canceling Tue Mar 05 03:41:42 UTC 2019
auto.tcl: Setting watchdog for 200 seconds at Tue Mar 05 03:41:42 UTC 2019
3 ms. Memory: 208384K Free: 195795K (94%)
ptolemy.util.test.WatchDog.cancel(): canceling Tue Mar 05 03:41:42 UTC 2019
------------------ testing $PTII/ptolemy/domains/de/test/auto/DepthTest7.xml
auto.tcl: Setting watchdog for 200 seconds at Tue Mar 05 03:41:42 UTC 2019
6 ms. Memory: 208384K Free: 195776K (94%)
ptolemy.util.test.WatchDog.cancel(): canceling Tue Mar 05 03:41:42 UTC 2019
auto.tcl: Setting watchdog for 200 seconds at Tue Mar 05 03:41:42 UTC 2019
2 ms. Memory: 208384K Free: 195776K (94%)
ptolemy.util.test.WatchDog.cancel(): canceling Tue Mar 05 03:41:42 UTC 2019
------------------ testing $PTII/ptolemy/domains/de/test/auto/EventToDate.xml
auto.tcl: Setting watchdog for 200 seconds at Tue Mar 05 03:41:43 UTC 2019
3014 ms. Memory: 208384K Free: 187630K (90%)
ptolemy.util.test.WatchDog.cancel(): canceling Tue Mar 05 03:41:46 UTC 2019
auto.tcl: Setting watchdog for 200 seconds at Tue Mar 05 03:41:46 UTC 2019
3004 ms. Memory: 208384K Free: 185589K (89%)
ptolemy.util.test.WatchDog.cancel(): canceling Tue Mar 05 03:41:49 UTC 2019
------------------ testing $PTII/ptolemy/domains/de/test/auto/FSM1.xml
auto.tcl: Setting watchdog for 200 seconds at Tue Mar 05 03:41:49 UTC 2019
18 ms. Memory: 208384K Free: 188948K (91%)
ptolemy.util.test.WatchDog.cancel(): canceling Tue Mar 05 03:41:49 UTC 2019
auto.tcl: Setting watchdog for 200 seconds at Tue Mar 05 03:41:49 UTC 2019
17 ms. Memory: 208384K Free: 184868K (89%)
ptolemy.util.test.WatchDog.cancel(): canceling Tue Mar 05 03:41:49 UTC 2019
------------------ testing $PTII/ptolemy/domains/de/test/auto/FSM7.xml
auto.tcl: Setting watchdog for 200 seconds at Tue Mar 05 03:41:49 UTC 2019
18 ms. Memory: 208384K Free: 189153K (91%)
ptolemy.util.test.WatchDog.cancel(): canceling Tue Mar 05 03:41:49 UTC 2019
auto.tcl: Setting watchdog for 200 seconds at Tue Mar 05 03:41:49 UTC 2019
17 ms. Memory: 208384K Free: 185073K (89%)
ptolemy.util.test.WatchDog.cancel(): canceling Tue Mar 05 03:41:49 UTC 2019
------------------ testing $PTII/ptolemy/domains/de/test/auto/Inspection.xml
auto.tcl: Setting watchdog for 200 seconds at Tue Mar 05 03:41:49 UTC 2019
23 ms. Memory: 208384K Free: 188838K (91%)
ptolemy.util.test.WatchDog.cancel(): canceling Tue Mar 05 03:41:49 UTC 2019
auto.tcl: Setting watchdog for 200 seconds at Tue Mar 05 03:41:49 UTC 2019
23 ms. Memory: 208384K Free: 186798K (90%)
ptolemy.util.test.WatchDog.cancel(): canceling Tue Mar 05 03:41:49 UTC 2019
------------------ testing $PTII/ptolemy/domains/de/test/auto/Iteration.xml
auto.tcl: Setting watchdog for 200 seconds at Tue Mar 05 03:41:49 UTC 2019
8 ms. Memory: 208384K Free: 196104K (94%)
ptolemy.util.test.WatchDog.cancel(): canceling Tue Mar 05 03:41:49 UTC 2019
auto.tcl: Setting watchdog for 200 seconds at Tue Mar 05 03:41:49 UTC 2019
7 ms. Memory: 208384K Free: 194064K (93%)
ptolemy.util.test.WatchDog.cancel(): canceling Tue Mar 05 03:41:49 UTC 2019
------------------ testing $PTII/ptolemy/domains/de/test/auto/LineFault.xml
auto.tcl: Setting watchdog for 200 seconds at Tue Mar 05 03:41:49 UTC 2019
746 ms. Memory: 208384K Free: 199860K (96%)
ptolemy.util.test.WatchDog.cancel(): canceling Tue Mar 05 03:41:50 UTC 2019
auto.tcl: Setting watchdog for 200 seconds at Tue Mar 05 03:41:50 UTC 2019
614 ms. Memory: 208384K Free: 142479K (68%)
ptolemy.util.test.WatchDog.cancel(): canceling Tue Mar 05 03:41:51 UTC 2019
------------------ testing $PTII/ptolemy/domains/de/test/auto/MergeModel1Add.xml
auto.tcl: Setting watchdog for 200 seconds at Tue Mar 05 03:41:51 UTC 2019
24 ms. Memory: 331264K Free: 300273K (91%)
ptolemy.util.test.WatchDog.cancel(): canceling Tue Mar 05 03:41:51 UTC 2019
auto.tcl: Setting watchdog for 200 seconds at Tue Mar 05 03:41:51 UTC 2019
9 ms. Memory: 331264K Free: 300273K (91%)
ptolemy.util.test.WatchDog.cancel(): canceling Tue Mar 05 03:41:51 UTC 2019
------------------ testing $PTII/ptolemy/domains/de/test/auto/MergeModel2Add.xml
auto.tcl: Setting watchdog for 200 seconds at Tue Mar 05 03:41:51 UTC 2019
9 ms. Memory: 331264K Free: 305208K (92%)
ptolemy.util.test.WatchDog.cancel(): canceling Tue Mar 05 03:41:51 UTC 2019
auto.tcl: Setting watchdog for 200 seconds at Tue Mar 05 03:41:51 UTC 2019
7 ms. Memory: 331264K Free: 301643K (91%)
ptolemy.util.test.WatchDog.cancel(): canceling Tue Mar 05 03:41:51 UTC 2019
------------------ testing $PTII/ptolemy/domains/de/test/auto/MergeModel3Add.xml
auto.tcl: Setting watchdog for 200 seconds at Tue Mar 05 03:41:51 UTC 2019
12 ms. Memory: 331264K Free: 305219K (92%)
ptolemy.util.test.WatchDog.cancel(): canceling Tue Mar 05 03:41:51 UTC 2019
auto.tcl: Setting watchdog for 200 seconds at Tue Mar 05 03:41:51 UTC 2019
7 ms. Memory: 331264K Free: 301653K (91%)
ptolemy.util.test.WatchDog.cancel(): canceling Tue Mar 05 03:41:51 UTC 2019
------------------ testing $PTII/ptolemy/domains/de/test/auto/MergeWithoutDiscard.xml
auto.tcl: Setting watchdog for 200 seconds at Tue Mar 05 03:41:51 UTC 2019
2 ms. Memory: 331264K Free: 316586K (96%)
ptolemy.util.test.WatchDog.cancel(): canceling Tue Mar 05 03:41:51 UTC 2019
auto.tcl: Setting watchdog for 200 seconds at Tue Mar 05 03:41:51 UTC 2019
1 ms. Memory: 331264K Free: 315911K (95%)
ptolemy.util.test.WatchDog.cancel(): canceling Tue Mar 05 03:41:51 UTC 2019
------------------ testing $PTII/ptolemy/domains/de/test/auto/Modal1.xml
auto.tcl: Setting watchdog for 200 seconds at Tue Mar 05 03:41:51 UTC 2019
16 ms. Memory: 331264K Free: 310170K (94%)
ptolemy.util.test.WatchDog.cancel(): canceling Tue Mar 05 03:41:51 UTC 2019
auto.tcl: Setting watchdog for 200 seconds at Tue Mar 05 03:41:51 UTC 2019
12 ms. Memory: 331264K Free: 306605K (93%)
ptolemy.util.test.WatchDog.cancel(): canceling Tue Mar 05 03:41:51 UTC 2019
------------------ testing $PTII/ptolemy/domains/de/test/auto/Modal2.xml
auto.tcl: Setting watchdog for 200 seconds at Tue Mar 05 03:41:51 UTC 2019
15 ms. Memory: 331264K Free: 310044K (94%)
ptolemy.util.test.WatchDog.cancel(): canceling Tue Mar 05 03:41:51 UTC 2019
auto.tcl: Setting watchdog for 200 seconds at Tue Mar 05 03:41:51 UTC 2019
12 ms. Memory: 331264K Free: 306479K (93%)
ptolemy.util.test.WatchDog.cancel(): canceling Tue Mar 05 03:41:51 UTC 2019
------------------ testing $PTII/ptolemy/domains/de/test/auto/Modal3.xml
auto.tcl: Setting watchdog for 200 seconds at Tue Mar 05 03:41:51 UTC 2019
11 ms. Memory: 331264K Free: 310043K (94%)
ptolemy.util.test.WatchDog.cancel(): canceling Tue Mar 05 03:41:52 UTC 2019
auto.tcl: Setting watchdog for 200 seconds at Tue Mar 05 03:41:52 UTC 2019
11 ms. Memory: 331264K Free: 306478K (93%)
ptolemy.util.test.WatchDog.cancel(): canceling Tue Mar 05 03:41:52 UTC 2019
------------------ testing $PTII/ptolemy/domains/de/test/auto/Modal4.xml
auto.tcl: Setting watchdog for 200 seconds at Tue Mar 05 03:41:52 UTC 2019
26 ms. Memory: 331264K Free: 310056K (94%)
ptolemy.util.test.WatchDog.cancel(): canceling Tue Mar 05 03:41:52 UTC 2019
auto.tcl: Setting watchdog for 200 seconds at Tue Mar 05 03:41:52 UTC 2019
22 ms. Memory: 331264K Free: 306491K (93%)
ptolemy.util.test.WatchDog.cancel(): canceling Tue Mar 05 03:41:52 UTC 2019
------------------ testing $PTII/ptolemy/domains/de/test/auto/Modal5.xml
auto.tcl: Setting watchdog for 200 seconds at Tue Mar 05 03:41:52 UTC 2019
20 ms. Memory: 331264K Free: 310051K (94%)
ptolemy.util.test.WatchDog.cancel(): canceling Tue Mar 05 03:41:52 UTC 2019
auto.tcl: Setting watchdog for 200 seconds at Tue Mar 05 03:41:52 UTC 2019
14 ms. Memory: 331264K Free: 306486K (93%)
ptolemy.util.test.WatchDog.cancel(): canceling Tue Mar 05 03:41:52 UTC 2019
------------------ testing $PTII/ptolemy/domains/de/test/auto/Modal6.xml
auto.tcl: Setting watchdog for 200 seconds at Tue Mar 05 03:41:52 UTC 2019
14 ms. Memory: 331264K Free: 310056K (94%)
ptolemy.util.test.WatchDog.cancel(): canceling Tue Mar 05 03:41:52 UTC 2019
auto.tcl: Setting watchdog for 200 seconds at Tue Mar 05 03:41:52 UTC 2019
20 ms. Memory: 331264K Free: 306491K (93%)
ptolemy.util.test.WatchDog.cancel(): canceling Tue Mar 05 03:41:52 UTC 2019
------------------ testing $PTII/ptolemy/domains/de/test/auto/Modal7.xml
auto.tcl: Setting watchdog for 200 seconds at Tue Mar 05 03:41:52 UTC 2019
10 ms. Memory: 331264K Free: 306491K (93%)
ptolemy.util.test.WatchDog.cancel(): canceling Tue Mar 05 03:41:52 UTC 2019
auto.tcl: Setting watchdog for 200 seconds at Tue Mar 05 03:41:52 UTC 2019
11 ms. Memory: 331264K Free: 302926K (91%)
ptolemy.util.test.WatchDog.cancel(): canceling Tue Mar 05 03:41:52 UTC 2019
------------------ testing $PTII/ptolemy/domains/de/test/auto/ModalModel.xml
auto.tcl: Setting watchdog for 200 seconds at Tue Mar 05 03:41:52 UTC 2019
191 ms. Memory: 331264K Free: 242804K (73%)
ptolemy.util.test.WatchDog.cancel(): canceling Tue Mar 05 03:41:52 UTC 2019
auto.tcl: Setting watchdog for 200 seconds at Tue Mar 05 03:41:52 UTC 2019
189 ms. Memory: 331264K Free: 185761K (56%)
ptolemy.util.test.WatchDog.cancel(): canceling Tue Mar 05 03:41:53 UTC 2019
------------------ testing $PTII/ptolemy/domains/de/test/auto/ModalSource.xml
auto.tcl: Setting watchdog for 200 seconds at Tue Mar 05 03:41:53 UTC 2019
7 ms. Memory: 331264K Free: 316399K (96%)
ptolemy.util.test.WatchDog.cancel(): canceling Tue Mar 05 03:41:53 UTC 2019
auto.tcl: Setting watchdog for 200 seconds at Tue Mar 05 03:41:53 UTC 2019
7 ms. Memory: 331264K Free: 313166K (95%)
ptolemy.util.test.WatchDog.cancel(): canceling Tue Mar 05 03:41:53 UTC 2019
------------------ testing $PTII/ptolemy/domains/de/test/auto/NonInterruptibleTimerZeroDelay.xml
auto.tcl: Setting watchdog for 200 seconds at Tue Mar 05 03:41:53 UTC 2019
4 ms. Memory: 331264K Free: 320722K (97%)
ptolemy.util.test.WatchDog.cancel(): canceling Tue Mar 05 03:41:53 UTC 2019
auto.tcl: Setting watchdog for 200 seconds at Tue Mar 05 03:41:53 UTC 2019
2 ms. Memory: 331264K Free: 317490K (96%)
ptolemy.util.test.WatchDog.cancel(): canceling Tue Mar 05 03:41:53 UTC 2019
------------------ testing $PTII/ptolemy/domains/de/test/auto/OpenQueueingNetwork.xml
auto.tcl: Setting watchdog for 200 seconds at Tue Mar 05 03:41:53 UTC 2019
2760 ms. Memory: 573952K Free: 420869K (73%)
ptolemy.util.test.WatchDog.cancel(): canceling Tue Mar 05 03:41:56 UTC 2019
auto.tcl: Setting watchdog for 200 seconds at Tue Mar 05 03:41:56 UTC 2019
2301 ms. Memory: 550912K Free: 329562K (60%)
ptolemy.util.test.WatchDog.cancel(): canceling Tue Mar 05 03:41:58 UTC 2019
------------------ testing $PTII/ptolemy/domains/de/test/auto/OpenQueuingNetwork.xml
auto.tcl: Setting watchdog for 200 seconds at Tue Mar 05 03:41:58 UTC 2019
236 ms. Memory: 549888K Free: 445862K (81%)
ptolemy.util.test.WatchDog.cancel(): canceling Tue Mar 05 03:41:58 UTC 2019
auto.tcl: Setting watchdog for 200 seconds at Tue Mar 05 03:41:58 UTC 2019
234 ms. Memory: 549888K Free: 388273K (71%)
ptolemy.util.test.WatchDog.cancel(): canceling Tue Mar 05 03:41:59 UTC 2019
------------------ testing $PTII/ptolemy/domains/de/test/auto/PeriodicSampler.xml
auto.tcl: Setting watchdog for 200 seconds at Tue Mar 05 03:41:59 UTC 2019
4 ms. Memory: 551936K Free: 536012K (97%)
ptolemy.util.test.WatchDog.cancel(): canceling Tue Mar 05 03:41:59 UTC 2019
auto.tcl: Setting watchdog for 200 seconds at Tue Mar 05 03:41:59 UTC 2019
1 ms. Memory: 551936K Free: 536012K (97%)
ptolemy.util.test.WatchDog.cancel(): canceling Tue Mar 05 03:41:59 UTC 2019
------------------ testing $PTII/ptolemy/domains/de/test/auto/PersistentIO.xml
auto.tcl: Setting watchdog for 200 seconds at Tue Mar 05 03:41:59 UTC 2019
5 ms. Memory: 549376K Free: 529343K (96%)
ptolemy.util.test.WatchDog.cancel(): canceling Tue Mar 05 03:41:59 UTC 2019
auto.tcl: Setting watchdog for 200 seconds at Tue Mar 05 03:41:59 UTC 2019
4 ms. Memory: 549376K Free: 529343K (96%)
ptolemy.util.test.WatchDog.cancel(): canceling Tue Mar 05 03:41:59 UTC 2019
------------------ testing $PTII/ptolemy/domains/de/test/auto/PortParameterResetOnInitialize.xml
auto.tcl: Setting watchdog for 200 seconds at Tue Mar 05 03:41:59 UTC 2019
3 ms. Memory: 551424K Free: 531824K (96%)
ptolemy.util.test.WatchDog.cancel(): canceling Tue Mar 05 03:41:59 UTC 2019
auto.tcl: Setting watchdog for 200 seconds at Tue Mar 05 03:41:59 UTC 2019
2 ms. Memory: 551424K Free: 531824K (96%)
ptolemy.util.test.WatchDog.cancel(): canceling Tue Mar 05 03:41:59 UTC 2019
------------------ testing $PTII/ptolemy/domains/de/test/auto/PortParameterUpdates.xml
auto.tcl: Setting watchdog for 200 seconds at Tue Mar 05 03:41:59 UTC 2019
4 ms. Memory: 549376K Free: 534046K (97%)
ptolemy.util.test.WatchDog.cancel(): canceling Tue Mar 05 03:41:59 UTC 2019
auto.tcl: Setting watchdog for 200 seconds at Tue Mar 05 03:41:59 UTC 2019
4 ms. Memory: 549376K Free: 528795K (96%)
ptolemy.util.test.WatchDog.cancel(): canceling Tue Mar 05 03:41:59 UTC 2019
------------------ testing $PTII/ptolemy/domains/de/test/auto/QueueAndServer.xml
auto.tcl: Setting watchdog for 200 seconds at Tue Mar 05 03:41:59 UTC 2019
6 ms. Memory: 551424K Free: 530822K (96%)
ptolemy.util.test.WatchDog.cancel(): canceling Tue Mar 05 03:41:59 UTC 2019
auto.tcl: Setting watchdog for 200 seconds at Tue Mar 05 03:41:59 UTC 2019
9 ms. Memory: 551424K Free: 530822K (96%)
ptolemy.util.test.WatchDog.cancel(): canceling Tue Mar 05 03:41:59 UTC 2019
------------------ testing $PTII/ptolemy/domains/de/test/auto/Records.xml
auto.tcl: Setting watchdog for 200 seconds at Tue Mar 05 03:41:59 UTC 2019
4 ms. Memory: 549376K Free: 533952K (97%)
ptolemy.util.test.WatchDog.cancel(): canceling Tue Mar 05 03:41:59 UTC 2019
auto.tcl: Setting watchdog for 200 seconds at Tue Mar 05 03:41:59 UTC 2019
3 ms. Memory: 549376K Free: 528716K (96%)
ptolemy.util.test.WatchDog.cancel(): canceling Tue Mar 05 03:41:59 UTC 2019
------------------ testing $PTII/ptolemy/domains/de/test/auto/ResetTransitionWithStartTime1.xml
auto.tcl: Setting watchdog for 200 seconds at Tue Mar 05 03:41:59 UTC 2019
15 ms. Memory: 551424K Free: 531332K (96%)
ptolemy.util.test.WatchDog.cancel(): canceling Tue Mar 05 03:41:59 UTC 2019
auto.tcl: Setting watchdog for 200 seconds at Tue Mar 05 03:41:59 UTC 2019
11 ms. Memory: 551424K Free: 530789K (96%)
ptolemy.util.test.WatchDog.cancel(): canceling Tue Mar 05 03:41:59 UTC 2019
------------------ testing $PTII/ptolemy/domains/de/test/auto/ResetTransitionWithStartTime2.xml
auto.tcl: Setting watchdog for 200 seconds at Tue Mar 05 03:41:59 UTC 2019
8 ms. Memory: 549376K Free: 529268K (96%)
ptolemy.util.test.WatchDog.cancel(): canceling Tue Mar 05 03:41:59 UTC 2019
auto.tcl: Setting watchdog for 200 seconds at Tue Mar 05 03:41:59 UTC 2019
7 ms. Memory: 549376K Free: 529268K (96%)
ptolemy.util.test.WatchDog.cancel(): canceling Tue Mar 05 03:41:59 UTC 2019
------------------ testing $PTII/ptolemy/domains/de/test/auto/ResetTransitionWithStartTime3.xml
auto.tcl: Setting watchdog for 200 seconds at Tue Mar 05 03:41:59 UTC 2019
8 ms. Memory: 550912K Free: 530267K (96%)
ptolemy.util.test.WatchDog.cancel(): canceling Tue Mar 05 03:41:59 UTC 2019
auto.tcl: Setting watchdog for 200 seconds at Tue Mar 05 03:41:59 UTC 2019
6 ms. Memory: 550912K Free: 530267K (96%)
ptolemy.util.test.WatchDog.cancel(): canceling Tue Mar 05 03:41:59 UTC 2019
------------------ testing $PTII/ptolemy/domains/de/test/auto/ResetTransitionWithStartTime4.xml
auto.tcl: Setting watchdog for 200 seconds at Tue Mar 05 03:41:59 UTC 2019
6 ms. Memory: 549376K Free: 529256K (96%)
ptolemy.util.test.WatchDog.cancel(): canceling Tue Mar 05 03:41:59 UTC 2019
auto.tcl: Setting watchdog for 200 seconds at Tue Mar 05 03:41:59 UTC 2019
3 ms. Memory: 549376K Free: 529256K (96%)
ptolemy.util.test.WatchDog.cancel(): canceling Tue Mar 05 03:41:59 UTC 2019
------------------ testing $PTII/ptolemy/domains/de/test/auto/ResettableTimer1.xml
auto.tcl: Setting watchdog for 200 seconds at Tue Mar 05 03:41:59 UTC 2019
6 ms. Memory: 550912K Free: 530816K (96%)
ptolemy.util.test.WatchDog.cancel(): canceling Tue Mar 05 03:42:00 UTC 2019
auto.tcl: Setting watchdog for 200 seconds at Tue Mar 05 03:42:00 UTC 2019
3 ms. Memory: 550912K Free: 530816K (96%)
ptolemy.util.test.WatchDog.cancel(): canceling Tue Mar 05 03:42:00 UTC 2019
------------------ testing $PTII/ptolemy/domains/de/test/auto/ResettableTimer2.xml
auto.tcl: Setting watchdog for 200 seconds at Tue Mar 05 03:42:00 UTC 2019
8 ms. Memory: 549376K Free: 534561K (97%)
ptolemy.util.test.WatchDog.cancel(): canceling Tue Mar 05 03:42:00 UTC 2019
auto.tcl: Setting watchdog for 200 seconds at Tue Mar 05 03:42:00 UTC 2019
2 ms. Memory: 549376K Free: 534561K (97%)
ptolemy.util.test.WatchDog.cancel(): canceling Tue Mar 05 03:42:00 UTC 2019
------------------ testing $PTII/ptolemy/domains/de/test/auto/ResettableTimer3.xml
auto.tcl: Setting watchdog for 200 seconds at Tue Mar 05 03:42:00 UTC 2019
2 ms. Memory: 550912K Free: 535554K (97%)
ptolemy.util.test.WatchDog.cancel(): canceling Tue Mar 05 03:42:00 UTC 2019
auto.tcl: Setting watchdog for 200 seconds at Tue Mar 05 03:42:00 UTC 2019
1 ms. Memory: 550912K Free: 535554K (97%)
ptolemy.util.test.WatchDog.cancel(): canceling Tue Mar 05 03:42:00 UTC 2019
------------------ testing $PTII/ptolemy/domains/de/test/auto/ResettableTimer4.xml
auto.tcl: Setting watchdog for 200 seconds at Tue Mar 05 03:42:00 UTC 2019
1 ms. Memory: 549376K Free: 534573K (97%)
ptolemy.util.test.WatchDog.cancel(): canceling Tue Mar 05 03:42:00 UTC 2019
auto.tcl: Setting watchdog for 200 seconds at Tue Mar 05 03:42:00 UTC 2019
1 ms. Memory: 549376K Free: 534573K (97%)
ptolemy.util.test.WatchDog.cancel(): canceling Tue Mar 05 03:42:00 UTC 2019
------------------ testing $PTII/ptolemy/domains/de/test/auto/ResettableTimer5.xml
auto.tcl: Setting watchdog for 200 seconds at Tue Mar 05 03:42:00 UTC 2019
1 ms. Memory: 550400K Free: 535052K (97%)
ptolemy.util.test.WatchDog.cancel(): canceling Tue Mar 05 03:42:00 UTC 2019
auto.tcl: Setting watchdog for 200 seconds at Tue Mar 05 03:42:00 UTC 2019
2 ms. Memory: 550400K Free: 535052K (97%)
ptolemy.util.test.WatchDog.cancel(): canceling Tue Mar 05 03:42:00 UTC 2019
------------------ testing $PTII/ptolemy/domains/de/test/auto/ResettableTimer6.xml
auto.tcl: Setting watchdog for 200 seconds at Tue Mar 05 03:42:00 UTC 2019
2 ms. Memory: 549376K Free: 533978K (97%)
ptolemy.util.test.WatchDog.cancel(): canceling Tue Mar 05 03:42:00 UTC 2019
auto.tcl: Setting watchdog for 200 seconds at Tue Mar 05 03:42:00 UTC 2019
2 ms. Memory: 549376K Free: 533978K (97%)
ptolemy.util.test.WatchDog.cancel(): canceling Tue Mar 05 03:42:00 UTC 2019
------------------ testing $PTII/ptolemy/domains/de/test/auto/ServerZeroDelay.xml
auto.tcl: Setting watchdog for 200 seconds at Tue Mar 05 03:42:00 UTC 2019
4 ms. Memory: 550400K Free: 535536K (97%)
ptolemy.util.test.WatchDog.cancel(): canceling Tue Mar 05 03:42:00 UTC 2019
auto.tcl: Setting watchdog for 200 seconds at Tue Mar 05 03:42:00 UTC 2019
2 ms. Memory: 550400K Free: 535536K (97%)
ptolemy.util.test.WatchDog.cancel(): canceling Tue Mar 05 03:42:00 UTC 2019
------------------ testing $PTII/ptolemy/domains/de/test/auto/SmartSender.xml
auto.tcl: Setting watchdog for 200 seconds at Tue Mar 05 03:42:00 UTC 2019
3003 ms. Memory: 549376K Free: 534507K (97%)
ptolemy.util.test.WatchDog.cancel(): canceling Tue Mar 05 03:42:03 UTC 2019
auto.tcl: Setting watchdog for 200 seconds at Tue Mar 05 03:42:03 UTC 2019
3002 ms. Memory: 549376K Free: 534507K (97%)
ptolemy.util.test.WatchDog.cancel(): canceling Tue Mar 05 03:42:06 UTC 2019
------------------ testing $PTII/ptolemy/domains/de/test/auto/ThreadedComposite.xml
auto.tcl: Setting watchdog for 200 seconds at Tue Mar 05 03:42:06 UTC 2019
225 ms. Memory: 550400K Free: 510476K (93%)
ptolemy.util.test.WatchDog.cancel(): canceling Tue Mar 05 03:42:06 UTC 2019
auto.tcl: Setting watchdog for 200 seconds at Tue Mar 05 03:42:06 UTC 2019
110 ms. Memory: 550400K Free: 495881K (90%)
ptolemy.util.test.WatchDog.cancel(): canceling Tue Mar 05 03:42:06 UTC 2019
------------------ testing $PTII/ptolemy/domains/de/test/auto/Time.xml
auto.tcl: Setting watchdog for 200 seconds at Tue Mar 05 03:42:06 UTC 2019
488 ms. Memory: 549376K Free: 482211K (88%)
ptolemy.util.test.WatchDog.cancel(): canceling Tue Mar 05 03:42:07 UTC 2019
auto.tcl: Setting watchdog for 200 seconds at Tue Mar 05 03:42:07 UTC 2019
467 ms. Memory: 549376K Free: 424622K (77%)
ptolemy.util.test.WatchDog.cancel(): canceling Tue Mar 05 03:42:07 UTC 2019
------------------ testing $PTII/ptolemy/domains/de/test/auto/TimeDelayZeroDelay.xml
auto.tcl: Setting watchdog for 200 seconds at Tue Mar 05 03:42:07 UTC 2019
2 ms. Memory: 550400K Free: 534910K (97%)
ptolemy.util.test.WatchDog.cancel(): canceling Tue Mar 05 03:42:08 UTC 2019
auto.tcl: Setting watchdog for 200 seconds at Tue Mar 05 03:42:08 UTC 2019
1 ms. Memory: 550400K Free: 534910K (97%)
ptolemy.util.test.WatchDog.cancel(): canceling Tue Mar 05 03:42:08 UTC 2019
------------------ testing $PTII/ptolemy/domains/de/test/auto/TimerZeroDelay.xml
auto.tcl: Setting watchdog for 200 seconds at Tue Mar 05 03:42:08 UTC 2019
6 ms. Memory: 549376K Free: 534473K (97%)
ptolemy.util.test.WatchDog.cancel(): canceling Tue Mar 05 03:42:08 UTC 2019
auto.tcl: Setting watchdog for 200 seconds at Tue Mar 05 03:42:08 UTC 2019
3 ms. Memory: 549376K Free: 534473K (97%)
ptolemy.util.test.WatchDog.cancel(): canceling Tue Mar 05 03:42:08 UTC 2019
------------------ testing $PTII/ptolemy/domains/de/test/auto/TimingParadox.xml
auto.tcl: Setting watchdog for 200 seconds at Tue Mar 05 03:42:08 UTC 2019
338 ms. Memory: 549888K Free: 470223K (86%)
ptolemy.util.test.WatchDog.cancel(): canceling Tue Mar 05 03:42:08 UTC 2019
auto.tcl: Setting watchdog for 200 seconds at Tue Mar 05 03:42:08 UTC 2019
307 ms. Memory: 549888K Free: 433576K (79%)
ptolemy.util.test.WatchDog.cancel(): canceling Tue Mar 05 03:42:08 UTC 2019
------------------ testing $PTII/ptolemy/domains/de/test/auto/TransferInputs.xml
auto.tcl: Setting watchdog for 200 seconds at Tue Mar 05 03:42:08 UTC 2019
2 ms. Memory: 549888K Free: 533946K (97%)
ptolemy.util.test.WatchDog.cancel(): canceling Tue Mar 05 03:42:08 UTC 2019
auto.tcl: Setting watchdog for 200 seconds at Tue Mar 05 03:42:08 UTC 2019
1 ms. Memory: 549888K Free: 533946K (97%)
ptolemy.util.test.WatchDog.cancel(): canceling Tue Mar 05 03:42:08 UTC 2019
------------------ testing $PTII/ptolemy/domains/de/test/auto/TransferOutputs2.xml
auto.tcl: Setting watchdog for 200 seconds at Tue Mar 05 03:42:09 UTC 2019
4 ms. Memory: 549376K Free: 524604K (95%)
ptolemy.util.test.WatchDog.cancel(): canceling Tue Mar 05 03:42:09 UTC 2019
auto.tcl: Setting watchdog for 200 seconds at Tue Mar 05 03:42:09 UTC 2019
3 ms. Memory: 549376K Free: 524604K (95%)
ptolemy.util.test.WatchDog.cancel(): canceling Tue Mar 05 03:42:09 UTC 2019
------------------ testing $PTII/ptolemy/domains/de/test/auto/Trilateration.xml
auto.tcl: Setting watchdog for 200 seconds at Tue Mar 05 03:42:09 UTC 2019
14297 ms. Memory: 766976K Free: 248303K (32%)
ptolemy.util.test.WatchDog.cancel(): canceling Tue Mar 05 03:42:24 UTC 2019
auto.tcl: Setting watchdog for 200 seconds at Tue Mar 05 03:42:24 UTC 2019
11103 ms. Memory: 646144K Free: 110541K (17%)
ptolemy.util.test.WatchDog.cancel(): canceling Tue Mar 05 03:42:35 UTC 2019
------------------ testing $PTII/ptolemy/domains/de/test/auto/TwoSigmaDelta.xml
auto.tcl: Setting watchdog for 200 seconds at Tue Mar 05 03:42:35 UTC 2019
2859 ms. Memory: 649728K Free: 341100K (52%)
ptolemy.util.test.WatchDog.cancel(): canceling Tue Mar 05 03:42:38 UTC 2019
auto.tcl: Setting watchdog for 200 seconds at Tue Mar 05 03:42:38 UTC 2019
2209 ms. Memory: 649728K Free: 95655K (15%)
ptolemy.util.test.WatchDog.cancel(): canceling Tue Mar 05 03:42:40 UTC 2019
------------------ testing $PTII/ptolemy/domains/de/test/auto/VariableDelay.xml
auto.tcl: Setting watchdog for 200 seconds at Tue Mar 05 03:42:40 UTC 2019
3 ms. Memory: 646656K Free: 626933K (97%)
ptolemy.util.test.WatchDog.cancel(): canceling Tue Mar 05 03:42:40 UTC 2019
auto.tcl: Setting watchdog for 200 seconds at Tue Mar 05 03:42:40 UTC 2019
2 ms. Memory: 646656K Free: 626933K (97%)
ptolemy.util.test.WatchDog.cancel(): canceling Tue Mar 05 03:42:40 UTC 2019
------------------ testing $PTII/ptolemy/domains/de/test/auto/VariableDelay2.xml
auto.tcl: Setting watchdog for 200 seconds at Tue Mar 05 03:42:40 UTC 2019
1 ms. Memory: 646144K Free: 626910K (97%)
ptolemy.util.test.WatchDog.cancel(): canceling Tue Mar 05 03:42:40 UTC 2019
auto.tcl: Setting watchdog for 200 seconds at Tue Mar 05 03:42:40 UTC 2019
1 ms. Memory: 646144K Free: 626910K (97%)
ptolemy.util.test.WatchDog.cancel(): canceling Tue Mar 05 03:42:40 UTC 2019
------------------ testing $PTII/ptolemy/domains/de/test/auto/VariableDelayZeroDelay.xml
auto.tcl: Setting watchdog for 200 seconds at Tue Mar 05 03:42:40 UTC 2019
2 ms. Memory: 646144K Free: 621262K (96%)
ptolemy.util.test.WatchDog.cancel(): canceling Tue Mar 05 03:42:40 UTC 2019
auto.tcl: Setting watchdog for 200 seconds at Tue Mar 05 03:42:40 UTC 2019
2 ms. Memory: 646144K Free: 621262K (96%)
ptolemy.util.test.WatchDog.cancel(): canceling Tue Mar 05 03:42:40 UTC 2019
------------------ testing $PTII/ptolemy/domains/de/test/auto/VariableDelayZeroDelay2.xml
auto.tcl: Setting watchdog for 200 seconds at Tue Mar 05 03:42:41 UTC 2019
2 ms. Memory: 649216K Free: 624331K (96%)
ptolemy.util.test.WatchDog.cancel(): canceling Tue Mar 05 03:42:41 UTC 2019
auto.tcl: Setting watchdog for 200 seconds at Tue Mar 05 03:42:41 UTC 2019
2 ms. Memory: 649216K Free: 624331K (96%)
ptolemy.util.test.WatchDog.cancel(): canceling Tue Mar 05 03:42:41 UTC 2019
------------------ testing $PTII/ptolemy/domains/de/test/auto/deInCt.xml
auto.tcl: Setting watchdog for 200 seconds at Tue Mar 05 03:42:41 UTC 2019
0
1
1
1
1
1
0
0
0
1
1
1
1
0
0
0
1
1
1
1
0
0
0
1
1
1
0
0
0
0
0
19 ms. Memory: 646144K Free: 621257K (96%)
ptolemy.util.test.WatchDog.cancel(): canceling Tue Mar 05 03:42:41 UTC 2019
auto.tcl: Setting watchdog for 200 seconds at Tue Mar 05 03:42:41 UTC 2019
0
1
1
1
0
0
0
0
1
1
1
1
0
0
0
0
1
1
1
1
0
0
0
1
1
1
0
0
0
1
1
1
0
0
1
1
1
1
0
0
0
0
10 ms. Memory: 646144K Free: 621257K (96%)
ptolemy.util.test.WatchDog.cancel(): canceling Tue Mar 05 03:42:41 UTC 2019
------------------ testing $PTII/ptolemy/domains/de/test/auto/deInCt2.xml
auto.tcl: Setting watchdog for 200 seconds at Tue Mar 05 03:42:41 UTC 2019
0
1
1
1
0
0
1
1
1
0
0
1
1
1
0
0
1
1
1
0
0
1
1
1
0
0
1
1
1
0
0
1
1
1
0
0
1
1
1
0
0
0
10 ms. Memory: 648704K Free: 623740K (96%)
ptolemy.util.test.WatchDog.cancel(): canceling Tue Mar 05 03:42:41 UTC 2019
auto.tcl: Setting watchdog for 200 seconds at Tue Mar 05 03:42:41 UTC 2019
0
1
1
1
0
0
1
1
1
0
0
1
1
1
0
0
1
1
1
0
0
1
1
1
0
0
1
1
1
0
0
1
1
1
0
0
1
1
1
0
0
0
5 ms. Memory: 648704K Free: 623740K (96%)
ptolemy.util.test.WatchDog.cancel(): canceling Tue Mar 05 03:42:41 UTC 2019
------------------ testing $PTII/ptolemy/domains/de/test/auto/dynamicCausalityInterface1.xml
auto.tcl: Setting watchdog for 200 seconds at Tue Mar 05 03:42:41 UTC 2019
1 ms. Memory: 646144K Free: 612707K (95%)
ptolemy.util.test.WatchDog.cancel(): canceling Tue Mar 05 03:42:41 UTC 2019
auto.tcl: Setting watchdog for 200 seconds at Tue Mar 05 03:42:41 UTC 2019
1 ms. Memory: 646144K Free: 612707K (95%)
ptolemy.util.test.WatchDog.cancel(): canceling Tue Mar 05 03:42:41 UTC 2019
------------------ testing $PTII/ptolemy/domains/de/test/auto/fsm_de_test.xml
auto.tcl: Setting watchdog for 200 seconds at Tue Mar 05 03:42:41 UTC 2019
8 ms. Memory: 648192K Free: 623194K (96%)
ptolemy.util.test.WatchDog.cancel(): canceling Tue Mar 05 03:42:41 UTC 2019
auto.tcl: Setting watchdog for 200 seconds at Tue Mar 05 03:42:41 UTC 2019
5 ms. Memory: 648192K Free: 614649K (95%)
ptolemy.util.test.WatchDog.cancel(): canceling Tue Mar 05 03:42:41 UTC 2019
------------------ testing $PTII/ptolemy/domains/de/test/auto/functionDependencyReconstruction.xml
auto.tcl: Setting watchdog for 200 seconds at Tue Mar 05 03:42:41 UTC 2019
2 ms. Memory: 646144K Free: 612600K (95%)
ptolemy.util.test.WatchDog.cancel(): canceling Tue Mar 05 03:42:41 UTC 2019
auto.tcl: Setting watchdog for 200 seconds at Tue Mar 05 03:42:41 UTC 2019
3 ms. Memory: 646144K Free: 612600K (95%)
ptolemy.util.test.WatchDog.cancel(): canceling Tue Mar 05 03:42:41 UTC 2019
------------------ testing $PTII/ptolemy/domains/de/test/auto/multirate.xml
auto.tcl: Setting watchdog for 200 seconds at Tue Mar 05 03:42:41 UTC 2019
8 ms. Memory: 648192K Free: 622985K (96%)
ptolemy.util.test.WatchDog.cancel(): canceling Tue Mar 05 03:42:41 UTC 2019
auto.tcl: Setting watchdog for 200 seconds at Tue Mar 05 03:42:41 UTC 2019
2 ms. Memory: 648192K Free: 622985K (96%)
ptolemy.util.test.WatchDog.cancel(): canceling Tue Mar 05 03:42:41 UTC 2019
------------------ testing $PTII/ptolemy/domains/de/test/auto/multirate2.xml
auto.tcl: Setting watchdog for 200 seconds at Tue Mar 05 03:42:41 UTC 2019
3 ms. Memory: 646144K Free: 621201K (96%)
ptolemy.util.test.WatchDog.cancel(): canceling Tue Mar 05 03:42:41 UTC 2019
auto.tcl: Setting watchdog for 200 seconds at Tue Mar 05 03:42:41 UTC 2019
3 ms. Memory: 646144K Free: 621201K (96%)
ptolemy.util.test.WatchDog.cancel(): canceling Tue Mar 05 03:42:41 UTC 2019
------------------ testing $PTII/ptolemy/domains/de/test/auto/realtime.xml
auto.tcl: Setting watchdog for 200 seconds at Tue Mar 05 03:42:41 UTC 2019
10001 ms. Memory: 647680K Free: 622659K (96%)
ptolemy.util.test.WatchDog.cancel(): canceling Tue Mar 05 03:42:51 UTC 2019
auto.tcl: Setting watchdog for 200 seconds at Tue Mar 05 03:42:51 UTC 2019
10001 ms. Memory: 647680K Free: 622659K (96%)
ptolemy.util.test.WatchDog.cancel(): canceling Tue Mar 05 03:43:01 UTC 2019
------------------ testing $PTII/ptolemy/domains/de/test/auto/relationGroup.xml
auto.tcl: Setting watchdog for 200 seconds at Tue Mar 05 03:43:01 UTC 2019
1 ms. Memory: 646144K Free: 626872K (97%)
ptolemy.util.test.WatchDog.cancel(): canceling Tue Mar 05 03:43:01 UTC 2019
auto.tcl: Setting watchdog for 200 seconds at Tue Mar 05 03:43:01 UTC 2019
1 ms. Memory: 646144K Free: 626872K (97%)
ptolemy.util.test.WatchDog.cancel(): canceling Tue Mar 05 03:43:01 UTC 2019
------------------ testing $PTII/ptolemy/domains/de/test/auto/relationGroup2.xml
auto.tcl: Setting watchdog for 200 seconds at Tue Mar 05 03:43:01 UTC 2019
1 ms. Memory: 647680K Free: 622787K (96%)
ptolemy.util.test.WatchDog.cancel(): canceling Tue Mar 05 03:43:01 UTC 2019
auto.tcl: Setting watchdog for 200 seconds at Tue Mar 05 03:43:01 UTC 2019
1 ms. Memory: 647680K Free: 622787K (96%)
ptolemy.util.test.WatchDog.cancel(): canceling Tue Mar 05 03:43:01 UTC 2019
------------------ testing $PTII/ptolemy/domains/de/test/auto/sortWithOpaquePorts.xml
auto.tcl: Setting watchdog for 200 seconds at Tue Mar 05 03:43:01 UTC 2019
1 ms. Memory: 646144K Free: 621252K (96%)
ptolemy.util.test.WatchDog.cancel(): canceling Tue Mar 05 03:43:01 UTC 2019
auto.tcl: Setting watchdog for 200 seconds at Tue Mar 05 03:43:01 UTC 2019
2 ms. Memory: 646144K Free: 621252K (96%)
ptolemy.util.test.WatchDog.cancel(): canceling Tue Mar 05 03:43:01 UTC 2019
------------------ testing $PTII/ptolemy/domains/de/test/auto/transferInputsandOutputs.xml
auto.tcl: Setting watchdog for 200 seconds at Tue Mar 05 03:43:01 UTC 2019
2 ms. Memory: 647168K Free: 622263K (96%)
ptolemy.util.test.WatchDog.cancel(): canceling Tue Mar 05 03:43:01 UTC 2019
auto.tcl: Setting watchdog for 200 seconds at Tue Mar 05 03:43:01 UTC 2019
1 ms. Memory: 647168K Free: 622263K (96%)
ptolemy.util.test.WatchDog.cancel(): canceling Tue Mar 05 03:43:01 UTC 2019
------------------ testing $PTII/ptolemy/domains/de/test/auto/triggerType.xml
auto.tcl: Setting watchdog for 200 seconds at Tue Mar 05 03:43:01 UTC 2019
2 ms. Memory: 646144K Free: 621190K (96%)
ptolemy.util.test.WatchDog.cancel(): canceling Tue Mar 05 03:43:01 UTC 2019
auto.tcl: Setting watchdog for 200 seconds at Tue Mar 05 03:43:01 UTC 2019
1 ms. Memory: 646144K Free: 621190K (96%)
ptolemy.util.test.WatchDog.cancel(): canceling Tue Mar 05 03:43:01 UTC 2019
03/05/19 03:43:01
Failed: 0  Total Tests: 192  ((Passed: 187, Newly Passed: 1)  Known Failed: 5) /home/travis/build/icyphy/ptII/ptolemy/domains/de/test
03/05/19 03:43:02
Failed: 0  Total Tests: 192  ((Passed: 187, Newly Passed: 1)  Known Failed: 5) /home/travis/build/icyphy/ptII/ptolemy/domains/de/test
----------------- testing (KnownFailure) /home/travis/build/icyphy/ptII/ptolemy/domains/de/test/auto/knownFailedTests/DESDFClockTest.xml
2009 ms. Memory: 647168K Free: 610896K (94%)
Known Failure: java.lang.reflect.InvocationTargetException
----------------- testing (KnownFailure) /home/travis/build/icyphy/ptII/ptolemy/domains/de/test/auto/knownFailedTests/DirectFeedback.xml
2 ms. Memory: 647168K Free: 565717K (87%)
Known Failure: java.lang.reflect.InvocationTargetException
----------------- testing (KnownFailure) /home/travis/build/icyphy/ptII/ptolemy/domains/de/test/auto/knownFailedTests/FSMSource.xml
14 ms. Memory: 647168K Free: 520537K (80%)
----------------- testing (KnownFailure) /home/travis/build/icyphy/ptII/ptolemy/domains/de/test/auto/knownFailedTests/HierarchicalModel.xml
1 ms. Memory: 647168K Free: 486637K (75%)
Known Failure: java.lang.reflect.InvocationTargetException
----------------- testing (KnownFailure) /home/travis/build/icyphy/ptII/ptolemy/domains/de/test/auto/knownFailedTests/dependencyLoop.xml
1 ms. Memory: 647168K Free: 430147K (66%)
Known Failure: java.lang.reflect.InvocationTargetException
----------------- testing (KnownFailure) /home/travis/build/icyphy/ptII/ptolemy/domains/de/test/auto/knownFailedTests/dependencyLoop2.xml
2 ms. Memory: 647168K Free: 373657K (58%)
Known Failure: java.lang.reflect.InvocationTargetException
No auto/linux-amd64/*.xml tests in /home/travis/build/icyphy/ptII/ptolemy/domains/de/test
AutoTests.java: About to close Vertx.
AutoTests.java: Vertx closed.

===========================================================================================
----------------- testing Tue Mar 05 03:43:04 UTC 2019 /home/travis/build/icyphy/ptII/ptolemy/domains/de/test/auto/ActorDepthCalculation_actorWithoutPorts.xml
----------------- Instantiating /home/travis/build/icyphy/ptII/ptolemy/domains/de/test/auto/ActorDepthCalculation_actorWithoutPorts.xml
2 ms. Memory: 647168K Free: 317184K (49%)
----------------- Invoking toplevel() on ptolemy.moml.MoMLSimpleApplication@2ab12d59
----------------- Done invoking toplevel() on ptolemy.moml.MoMLSimpleApplication@2ab12d59
reloadAllAccessors: .ActorDepthCalculation_actorWithoutPorts

===========================================================================================
----------------- testing Tue Mar 05 03:43:04 UTC 2019 /home/travis/build/icyphy/ptII/ptolemy/domains/de/test/auto/AssemblyLine.xml
----------------- Instantiating /home/travis/build/icyphy/ptII/ptolemy/domains/de/test/auto/AssemblyLine.xml
4 ms. Memory: 647168K Free: 294594K (46%)
----------------- Invoking toplevel() on ptolemy.moml.MoMLSimpleApplication@5922a0f6
----------------- Done invoking toplevel() on ptolemy.moml.MoMLSimpleApplication@5922a0f6
reloadAllAccessors: .AssemblyLine

===========================================================================================
----------------- testing Tue Mar 05 03:43:04 UTC 2019 /home/travis/build/icyphy/ptII/ptolemy/domains/de/test/auto/CQBug1.xml
----------------- Instantiating /home/travis/build/icyphy/ptII/ptolemy/domains/de/test/auto/CQBug1.xml
1 ms. Memory: 647168K Free: 272005K (42%)
----------------- Invoking toplevel() on ptolemy.moml.MoMLSimpleApplication@4a175b61
----------------- Done invoking toplevel() on ptolemy.moml.MoMLSimpleApplication@4a175b61
reloadAllAccessors: .CQBug1

===========================================================================================
----------------- testing Tue Mar 05 03:43:04 UTC 2019 /home/travis/build/icyphy/ptII/ptolemy/domains/de/test/auto/CancelFireAt.xml
----------------- Instantiating /home/travis/build/icyphy/ptII/ptolemy/domains/de/test/auto/CancelFireAt.xml
1 ms. Memory: 647168K Free: 249415K (39%)
----------------- Invoking toplevel() on ptolemy.moml.MoMLSimpleApplication@4f91cde5
----------------- Done invoking toplevel() on ptolemy.moml.MoMLSimpleApplication@4f91cde5
reloadAllAccessors: .CancelFireAt

===========================================================================================
----------------- testing Tue Mar 05 03:43:04 UTC 2019 /home/travis/build/icyphy/ptII/ptolemy/domains/de/test/auto/CausalityAndComposabilityAnalysis.xml
----------------- Instantiating /home/travis/build/icyphy/ptII/ptolemy/domains/de/test/auto/CausalityAndComposabilityAnalysis.xml
1 ms. Memory: 647168K Free: 226826K (35%)
----------------- Invoking toplevel() on ptolemy.moml.MoMLSimpleApplication@180385a7
----------------- Done invoking toplevel() on ptolemy.moml.MoMLSimpleApplication@180385a7
reloadAllAccessors: .CausalityAndComposabilityAnalysis

===========================================================================================
----------------- testing Tue Mar 05 03:43:04 UTC 2019 /home/travis/build/icyphy/ptII/ptolemy/domains/de/test/auto/CausalityInterface1.xml
----------------- Instantiating /home/travis/build/icyphy/ptII/ptolemy/domains/de/test/auto/CausalityInterface1.xml
4 ms. Memory: 647168K Free: 204236K (32%)
----------------- Invoking toplevel() on ptolemy.moml.MoMLSimpleApplication@23db37e0
----------------- Done invoking toplevel() on ptolemy.moml.MoMLSimpleApplication@23db37e0
reloadAllAccessors: .CausalityInterface1

===========================================================================================
----------------- testing Tue Mar 05 03:43:04 UTC 2019 /home/travis/build/icyphy/ptII/ptolemy/domains/de/test/auto/CausalityInterface15.xml
----------------- Instantiating /home/travis/build/icyphy/ptII/ptolemy/domains/de/test/auto/CausalityInterface15.xml
1 ms. Memory: 647168K Free: 181647K (28%)
----------------- Invoking toplevel() on ptolemy.moml.MoMLSimpleApplication@69eaa83b
----------------- Done invoking toplevel() on ptolemy.moml.MoMLSimpleApplication@69eaa83b
reloadAllAccessors: .CausalityInterface15

[...]
java.lang.RuntimeException: Execution failed
	at ptolemy.moml.MoMLSimpleApplication$UnloadThread.run(MoMLSimpleApplication.java:402)
Caused by: ptolemy.kernel.util.IllegalActionException: Test fails in iteration 1.
Value was: 1.0. Should have been: 2.0
  in .DirectFeedback.Test
	at ptolemy.actor.lib.Test.fire(Test.java:268)
	at ptolemy.domains.de.kernel.DEDirector._fire(DEDirector.java:1949)
	at ptolemy.domains.de.kernel.DEDirector.fire(DEDirector.java:502)
	at ptolemy.actor.CompositeActor.fire(CompositeActor.java:455)
	at ptolemy.actor.Manager.iterate(Manager.java:851)
	at ptolemy.actor.Manager.execute(Manager.java:369)
	at ptolemy.actor.Manager.run(Manager.java:1263)
	at ptolemy.actor.Manager$PtolemyRunThread.run(Manager.java:1915)
java.lang.RuntimeException: Execution failed
	at ptolemy.moml.MoMLSimpleApplication$UnloadThread.run(MoMLSimpleApplication.java:402)
Caused by: ptolemy.kernel.util.IllegalActionException: Actor is not ready to fire.  Perhaps UpSample.prefire() returned false? Try debugging the actor by selecting "Listen to Actor".  Also, for SDF check moml for tokenConsumptionRate on input.
  in .DESDFClockTest.Play Bell.Copy1:SDF Director and .DESDFClockTest.Play Bell.UpSample
	at ptolemy.actor.sched.StaticSchedulingDirector.fire(StaticSchedulingDirector.java:227)
	at ptolemy.domains.sdf.kernel.SDFDirector.fire(SDFDirector.java:500)
	at ptolemy.actor.CompositeActor.fire(CompositeActor.java:455)
	at ptolemy.domains.de.kernel.DEDirector._fire(DEDirector.java:1949)
	at ptolemy.domains.de.kernel.DEDirector.fire(DEDirector.java:502)
	at ptolemy.actor.CompositeActor.fire(CompositeActor.java:455)
	at ptolemy.actor.Manager.iterate(Manager.java:851)
	at ptolemy.actor.Manager.execute(Manager.java:369)
	at ptolemy.actor.Manager.run(Manager.java:1263)
	at ptolemy.actor.Manager$PtolemyRunThread.run(Manager.java:1915)
java.lang.reflect.InvocationTargetException
	at sun.reflect.NativeConstructorAccessorImpl.newInstance0(Native Method)
	at sun.reflect.NativeConstructorAccessorImpl.newInstance(NativeConstructorAccessorImpl.java:62)
	at sun.reflect.DelegatingConstructorAccessorImpl.newInstance(DelegatingConstructorAccessorImpl.java:45)
	at java.lang.reflect.Constructor.newInstance(Constructor.java:423)
	at ptolemy.util.test.junit.AutoKnownFailedTests.RunModel(AutoKnownFailedTests.java:105)
	at sun.reflect.NativeMethodAccessorImpl.invoke0(Native Method)
	at sun.reflect.NativeMethodAccessorImpl.invoke(NativeMethodAccessorImpl.java:62)
	at sun.reflect.DelegatingMethodAccessorImpl.invoke(DelegatingMethodAccessorImpl.java:43)
	at java.lang.reflect.Method.invoke(Method.java:498)
	at org.junit.runners.model.FrameworkMethod$1.runReflectiveCall(FrameworkMethod.java:44)
	at org.junit.internal.runners.model.ReflectiveCallable.run(ReflectiveCallable.java:15)
	at org.junit.runners.model.FrameworkMethod.invokeExplosively(FrameworkMethod.java:41)
	at junitparams.internal.InvokeParameterisedMethod.evaluate(InvokeParameterisedMethod.java:102)
	at org.junit.internal.runners.statements.FailOnTimeout$1.run(FailOnTimeout.java:28)
Caused by: ptolemy.kernel.util.IllegalActionException: Actor is not ready to fire.  Perhaps UpSample.prefire() returned false? Try debugging the actor by selecting "Listen to Actor".  Also, for SDF check moml for tokenConsumptionRate on input.
  in .DESDFClockTest.Play Bell.Copy1:SDF Director and .DESDFClockTest.Play Bell.UpSample
	at ptolemy.actor.sched.StaticSchedulingDirector.fire(StaticSchedulingDirector.java:227)
	at ptolemy.domains.sdf.kernel.SDFDirector.fire(SDFDirector.java:500)
	at ptolemy.actor.CompositeActor.fire(CompositeActor.java:455)
	at ptolemy.domains.de.kernel.DEDirector._fire(DEDirector.java:1949)
	at ptolemy.domains.de.kernel.DEDirector.fire(DEDirector.java:502)
	at ptolemy.actor.CompositeActor.fire(CompositeActor.java:455)
	at ptolemy.actor.Manager.iterate(Manager.java:851)
	at ptolemy.actor.Manager.execute(Manager.java:369)
	at ptolemy.actor.Manager.run(Manager.java:1263)
	at ptolemy.actor.Manager$PtolemyRunThread.run(Manager.java:1915)
java.lang.RuntimeException: Execution failed
	at ptolemy.moml.MoMLSimpleApplication$UnloadThread.run(MoMLSimpleApplication.java:402)
Caused by: ptolemy.kernel.util.IllegalActionException: Test fails in iteration 1.
Value was: 1.0. Should have been: 2.0
  in .DirectFeedback.Test
	at ptolemy.actor.lib.Test.fire(Test.java:268)
	at ptolemy.domains.de.kernel.DEDirector._fire(DEDirector.java:1949)
	at ptolemy.domains.de.kernel.DEDirector.fire(DEDirector.java:502)
	at ptolemy.actor.CompositeActor.fire(CompositeActor.java:455)
	at ptolemy.actor.Manager.iterate(Manager.java:851)
	at ptolemy.actor.Manager.execute(Manager.java:369)
	at ptolemy.actor.Manager.run(Manager.java:1263)
	at ptolemy.actor.Manager$PtolemyRunThread.run(Manager.java:1915)
java.lang.reflect.InvocationTargetException
	at sun.reflect.NativeConstructorAccessorImpl.newInstance0(Native Method)
	at sun.reflect.NativeConstructorAccessorImpl.newInstance(NativeConstructorAccessorImpl.java:62)
	at sun.reflect.DelegatingConstructorAccessorImpl.newInstance(DelegatingConstructorAccessorImpl.java:45)
	at java.lang.reflect.Constructor.newInstance(Constructor.java:423)
	at ptolemy.util.test.junit.AutoKnownFailedTests.RunModel(AutoKnownFailedTests.java:105)
	at sun.reflect.NativeMethodAccessorImpl.invoke0(Native Method)
	at sun.reflect.NativeMethodAccessorImpl.invoke(NativeMethodAccessorImpl.java:62)
	at sun.reflect.DelegatingMethodAccessorImpl.invoke(DelegatingMethodAccessorImpl.java:43)
	at java.lang.reflect.Method.invoke(Method.java:498)
	at org.junit.runners.model.FrameworkMethod$1.runReflectiveCall(FrameworkMethod.java:44)
	at org.junit.internal.runners.model.ReflectiveCallable.run(ReflectiveCallable.java:15)
	at org.junit.runners.model.FrameworkMethod.invokeExplosively(FrameworkMethod.java:41)
	at junitparams.internal.InvokeParameterisedMethod.evaluate(InvokeParameterisedMethod.java:102)
	at org.junit.internal.runners.statements.FailOnTimeout$1.run(FailOnTimeout.java:28)
Caused by: ptolemy.kernel.util.IllegalActionException: Test fails in iteration 1.
Value was: 1.0. Should have been: 2.0
  in .DirectFeedback.Test
	at ptolemy.actor.lib.Test.fire(Test.java:268)
	at ptolemy.domains.de.kernel.DEDirector._fire(DEDirector.java:1949)
	at ptolemy.domains.de.kernel.DEDirector.fire(DEDirector.java:502)
	at ptolemy.actor.CompositeActor.fire(CompositeActor.java:455)
	at ptolemy.actor.Manager.iterate(Manager.java:851)
	at ptolemy.actor.Manager.execute(Manager.java:369)
	at ptolemy.actor.Manager.run(Manager.java:1263)
	at ptolemy.actor.Manager$PtolemyRunThread.run(Manager.java:1915)
java.lang.RuntimeException: Execution failed
	at ptolemy.moml.MoMLSimpleApplication$UnloadThread.run(MoMLSimpleApplication.java:402)
Caused by: ptolemy.kernel.util.IllegalActionException: Found a zero delay loop containing .HierarchicalModel.A
  in .HierarchicalModel and .HierarchicalModel.A
	at ptolemy.actor.util.CausalityInterfaceForComposites._computeOutputPortDepth(CausalityInterfaceForComposites.java:759)
	at ptolemy.actor.util.CausalityInterfaceForComposites._computeInputDepth(CausalityInterfaceForComposites.java:696)
	at ptolemy.actor.util.CausalityInterfaceForComposites._computeOutputPortDepth(CausalityInterfaceForComposites.java:765)
	at ptolemy.actor.util.CausalityInterfaceForComposites._computeInputDepth(CausalityInterfaceForComposites.java:696)
	at ptolemy.actor.util.CausalityInterfaceForComposites._computeOutputPortDepth(CausalityInterfaceForComposites.java:765)
	at ptolemy.actor.util.CausalityInterfaceForComposites._computeInputDepth(CausalityInterfaceForComposites.java:696)
	at ptolemy.actor.util.CausalityInterfaceForComposites._computeActorDepth(CausalityInterfaceForComposites.java:532)
	at ptolemy.actor.util.CausalityInterfaceForComposites.checkForCycles(CausalityInterfaceForComposites.java:96)
	at ptolemy.domains.de.kernel.DEDirector.preinitialize(DEDirector.java:1338)
	at ptolemy.actor.CompositeActor.preinitialize(CompositeActor.java:1828)
	at ptolemy.actor.Manager.preinitializeAndResolveTypes(Manager.java:1040)
	at ptolemy.actor.Manager.initialize(Manager.java:710)
	at ptolemy.actor.Manager.execute(Manager.java:356)
	at ptolemy.actor.Manager.run(Manager.java:1263)
	at ptolemy.actor.Manager$PtolemyRunThread.run(Manager.java:1915)
java.lang.reflect.InvocationTargetException
	at sun.reflect.NativeConstructorAccessorImpl.newInstance0(Native Method)
	at sun.reflect.NativeConstructorAccessorImpl.newInstance(NativeConstructorAccessorImpl.java:62)
	at sun.reflect.DelegatingConstructorAccessorImpl.newInstance(DelegatingConstructorAccessorImpl.java:45)
	at java.lang.reflect.Constructor.newInstance(Constructor.java:423)
	at ptolemy.util.test.junit.AutoKnownFailedTests.RunModel(AutoKnownFailedTests.java:105)
	at sun.reflect.NativeMethodAccessorImpl.invoke0(Native Method)
	at sun.reflect.NativeMethodAccessorImpl.invoke(NativeMethodAccessorImpl.java:62)
	at sun.reflect.DelegatingMethodAccessorImpl.invoke(DelegatingMethodAccessorImpl.java:43)
	at java.lang.reflect.Method.invoke(Method.java:498)
	at org.junit.runners.model.FrameworkMethod$1.runReflectiveCall(FrameworkMethod.java:44)
	at org.junit.internal.runners.model.ReflectiveCallable.run(ReflectiveCallable.java:15)
	at org.junit.runners.model.FrameworkMethod.invokeExplosively(FrameworkMethod.java:41)
	at junitparams.internal.InvokeParameterisedMethod.evaluate(InvokeParameterisedMethod.java:102)
	at org.junit.internal.runners.statements.FailOnTimeout$1.run(FailOnTimeout.java:28)
Caused by: ptolemy.kernel.util.IllegalActionException: Found a zero delay loop containing .HierarchicalModel.A
  in .HierarchicalModel and .HierarchicalModel.A
	at ptolemy.actor.util.CausalityInterfaceForComposites._computeOutputPortDepth(CausalityInterfaceForComposites.java:759)
	at ptolemy.actor.util.CausalityInterfaceForComposites._computeInputDepth(CausalityInterfaceForComposites.java:696)
	at ptolemy.actor.util.CausalityInterfaceForComposites._computeOutputPortDepth(CausalityInterfaceForComposites.java:765)
	at ptolemy.actor.util.CausalityInterfaceForComposites._computeInputDepth(CausalityInterfaceForComposites.java:696)
	at ptolemy.actor.util.CausalityInterfaceForComposites._computeOutputPortDepth(CausalityInterfaceForComposites.java:765)
	at ptolemy.actor.util.CausalityInterfaceForComposites._computeInputDepth(CausalityInterfaceForComposites.java:696)
	at ptolemy.actor.util.CausalityInterfaceForComposites._computeActorDepth(CausalityInterfaceForComposites.java:532)
	at ptolemy.actor.util.CausalityInterfaceForComposites.checkForCycles(CausalityInterfaceForComposites.java:96)
	at ptolemy.domains.de.kernel.DEDirector.preinitialize(DEDirector.java:1338)
	at ptolemy.actor.CompositeActor.preinitialize(CompositeActor.java:1828)
	at ptolemy.actor.Manager.preinitializeAndResolveTypes(Manager.java:1040)
	at ptolemy.actor.Manager.initialize(Manager.java:710)
	at ptolemy.actor.Manager.execute(Manager.java:356)
	at ptolemy.actor.Manager.run(Manager.java:1263)
	at ptolemy.actor.Manager$PtolemyRunThread.run(Manager.java:1915)
java.lang.RuntimeException: Execution failed
	at ptolemy.moml.MoMLSimpleApplication$UnloadThread.run(MoMLSimpleApplication.java:402)
Caused by: ptolemy.kernel.util.IllegalActionException: Found a zero delay loop containing .dependencyLoop.original
  in .dependencyLoop and .dependencyLoop.original
	at ptolemy.actor.util.CausalityInterfaceForComposites._computeOutputPortDepth(CausalityInterfaceForComposites.java:759)
	at ptolemy.actor.util.CausalityInterfaceForComposites._computeInputDepth(CausalityInterfaceForComposites.java:696)
	at ptolemy.actor.util.CausalityInterfaceForComposites._computeOutputPortDepth(CausalityInterfaceForComposites.java:765)
	at ptolemy.actor.util.CausalityInterfaceForComposites._computeInputDepth(CausalityInterfaceForComposites.java:696)
	at ptolemy.actor.util.CausalityInterfaceForComposites._computeOutputPortDepth(CausalityInterfaceForComposites.java:765)
	at ptolemy.actor.util.CausalityInterfaceForComposites._computeInputDepth(CausalityInterfaceForComposites.java:696)
	at ptolemy.actor.util.CausalityInterfaceForComposites._computeActorDepth(CausalityInterfaceForComposites.java:532)
	at ptolemy.actor.util.CausalityInterfaceForComposites.checkForCycles(CausalityInterfaceForComposites.java:96)
	at ptolemy.domains.de.kernel.DEDirector.preinitialize(DEDirector.java:1338)
	at ptolemy.actor.CompositeActor.preinitialize(CompositeActor.java:1828)
	at ptolemy.actor.Manager.preinitializeAndResolveTypes(Manager.java:1040)
	at ptolemy.actor.Manager.initialize(Manager.java:710)
	at ptolemy.actor.Manager.execute(Manager.java:356)
	at ptolemy.actor.Manager.run(Manager.java:1263)
	at ptolemy.actor.Manager$PtolemyRunThread.run(Manager.java:1915)
java.lang.reflect.InvocationTargetException
	at sun.reflect.NativeConstructorAccessorImpl.newInstance0(Native Method)
	at sun.reflect.NativeConstructorAccessorImpl.newInstance(NativeConstructorAccessorImpl.java:62)
	at sun.reflect.DelegatingConstructorAccessorImpl.newInstance(DelegatingConstructorAccessorImpl.java:45)
	at java.lang.reflect.Constructor.newInstance(Constructor.java:423)
	at ptolemy.util.test.junit.AutoKnownFailedTests.RunModel(AutoKnownFailedTests.java:105)
	at sun.reflect.NativeMethodAccessorImpl.invoke0(Native Method)
	at sun.reflect.NativeMethodAccessorImpl.invoke(NativeMethodAccessorImpl.java:62)
	at sun.reflect.DelegatingMethodAccessorImpl.invoke(DelegatingMethodAccessorImpl.java:43)
	at java.lang.reflect.Method.invoke(Method.java:498)
	at org.junit.runners.model.FrameworkMethod$1.runReflectiveCall(FrameworkMethod.java:44)
	at org.junit.internal.runners.model.ReflectiveCallable.run(ReflectiveCallable.java:15)
	at org.junit.runners.model.FrameworkMethod.invokeExplosively(FrameworkMethod.java:41)
	at junitparams.internal.InvokeParameterisedMethod.evaluate(InvokeParameterisedMethod.java:102)
	at org.junit.internal.runners.statements.FailOnTimeout$1.run(FailOnTimeout.java:28)
Caused by: ptolemy.kernel.util.IllegalActionException: Found a zero delay loop containing .dependencyLoop.original
  in .dependencyLoop and .dependencyLoop.original
	at ptolemy.actor.util.CausalityInterfaceForComposites._computeOutputPortDepth(CausalityInterfaceForComposites.java:759)
	at ptolemy.actor.util.CausalityInterfaceForComposites._computeInputDepth(CausalityInterfaceForComposites.java:696)
	at ptolemy.actor.util.CausalityInterfaceForComposites._computeOutputPortDepth(CausalityInterfaceForComposites.java:765)
	at ptolemy.actor.util.CausalityInterfaceForComposites._computeInputDepth(CausalityInterfaceForComposites.java:696)
	at ptolemy.actor.util.CausalityInterfaceForComposites._computeOutputPortDepth(CausalityInterfaceForComposites.java:765)
	at ptolemy.actor.util.CausalityInterfaceForComposites._computeInputDepth(CausalityInterfaceForComposites.java:696)
	at ptolemy.actor.util.CausalityInterfaceForComposites._computeActorDepth(CausalityInterfaceForComposites.java:532)
	at ptolemy.actor.util.CausalityInterfaceForComposites.checkForCycles(CausalityInterfaceForComposites.java:96)
	at ptolemy.domains.de.kernel.DEDirector.preinitialize(DEDirector.java:1338)
	at ptolemy.actor.CompositeActor.preinitialize(CompositeActor.java:1828)
	at ptolemy.actor.Manager.preinitializeAndResolveTypes(Manager.java:1040)
	at ptolemy.actor.Manager.initialize(Manager.java:710)
	at ptolemy.actor.Manager.execute(Manager.java:356)
	at ptolemy.actor.Manager.run(Manager.java:1263)
	at ptolemy.actor.Manager$PtolemyRunThread.run(Manager.java:1915)
java.lang.RuntimeException: Execution failed
	at ptolemy.moml.MoMLSimpleApplication$UnloadThread.run(MoMLSimpleApplication.java:402)
Caused by: ptolemy.kernel.util.IllegalActionException: Found a zero delay loop containing .dependencyLoop2.original
  in .dependencyLoop2 and .dependencyLoop2.original
	at ptolemy.actor.util.CausalityInterfaceForComposites._computeOutputPortDepth(CausalityInterfaceForComposites.java:759)
	at ptolemy.actor.util.CausalityInterfaceForComposites._computeInputDepth(CausalityInterfaceForComposites.java:696)
	at ptolemy.actor.util.CausalityInterfaceForComposites._computeOutputPortDepth(CausalityInterfaceForComposites.java:765)
	at ptolemy.actor.util.CausalityInterfaceForComposites._computeInputDepth(CausalityInterfaceForComposites.java:696)
	at ptolemy.actor.util.CausalityInterfaceForComposites._computeOutputPortDepth(CausalityInterfaceForComposites.java:765)
	at ptolemy.actor.util.CausalityInterfaceForComposites._computeInputDepth(CausalityInterfaceForComposites.java:696)
	at ptolemy.actor.util.CausalityInterfaceForComposites._computeActorDepth(CausalityInterfaceForComposites.java:532)
	at ptolemy.actor.util.CausalityInterfaceForComposites.checkForCycles(CausalityInterfaceForComposites.java:96)
	at ptolemy.domains.de.kernel.DEDirector.preinitialize(DEDirector.java:1338)
	at ptolemy.actor.CompositeActor.preinitialize(CompositeActor.java:1828)
	at ptolemy.actor.Manager.preinitializeAndResolveTypes(Manager.java:1040)
	at ptolemy.actor.Manager.initialize(Manager.java:710)
	at ptolemy.actor.Manager.execute(Manager.java:356)
	at ptolemy.actor.Manager.run(Manager.java:1263)
	at ptolemy.actor.Manager$PtolemyRunThread.run(Manager.java:1915)
java.lang.reflect.InvocationTargetException
	at sun.reflect.NativeConstructorAccessorImpl.newInstance0(Native Method)
	at sun.reflect.NativeConstructorAccessorImpl.newInstance(NativeConstructorAccessorImpl.java:62)
	at sun.reflect.DelegatingConstructorAccessorImpl.newInstance(DelegatingConstructorAccessorImpl.java:45)
	at java.lang.reflect.Constructor.newInstance(Constructor.java:423)
	at ptolemy.util.test.junit.AutoKnownFailedTests.RunModel(AutoKnownFailedTests.java:105)
	at sun.reflect.NativeMethodAccessorImpl.invoke0(Native Method)
	at sun.reflect.NativeMethodAccessorImpl.invoke(NativeMethodAccessorImpl.java:62)
	at sun.reflect.DelegatingMethodAccessorImpl.invoke(DelegatingMethodAccessorImpl.java:43)
	at java.lang.reflect.Method.invoke(Method.java:498)
	at org.junit.runners.model.FrameworkMethod$1.runReflectiveCall(FrameworkMethod.java:44)
	at org.junit.internal.runners.model.ReflectiveCallable.run(ReflectiveCallable.java:15)
	at org.junit.runners.model.FrameworkMethod.invokeExplosively(FrameworkMethod.java:41)
	at junitparams.internal.InvokeParameterisedMethod.evaluate(InvokeParameterisedMethod.java:102)
	at org.junit.internal.runners.statements.FailOnTimeout$1.run(FailOnTimeout.java:28)
Caused by: ptolemy.kernel.util.IllegalActionException: Found a zero delay loop containing .dependencyLoop2.original
  in .dependencyLoop2 and .dependencyLoop2.original
	at ptolemy.actor.util.CausalityInterfaceForComposites._computeOutputPortDepth(CausalityInterfaceForComposites.java:759)
	at ptolemy.actor.util.CausalityInterfaceForComposites._computeInputDepth(CausalityInterfaceForComposites.java:696)
	at ptolemy.actor.util.CausalityInterfaceForComposites._computeOutputPortDepth(CausalityInterfaceForComposites.java:765)
	at ptolemy.actor.util.CausalityInterfaceForComposites._computeInputDepth(CausalityInterfaceForComposites.java:696)
	at ptolemy.actor.util.CausalityInterfaceForComposites._computeOutputPortDepth(CausalityInterfaceForComposites.java:765)
	at ptolemy.actor.util.CausalityInterfaceForComposites._computeInputDepth(CausalityInterfaceForComposites.java:696)
	at ptolemy.actor.util.CausalityInterfaceForComposites._computeActorDepth(CausalityInterfaceForComposites.java:532)
	at ptolemy.actor.util.CausalityInterfaceForComposites.checkForCycles(CausalityInterfaceForComposites.java:96)
	at ptolemy.domains.de.kernel.DEDirector.preinitialize(DEDirector.java:1338)
	at ptolemy.actor.CompositeActor.preinitialize(CompositeActor.java:1828)
	at ptolemy.actor.Manager.preinitializeAndResolveTypes(Manager.java:1040)
	at ptolemy.actor.Manager.initialize(Manager.java:710)
	at ptolemy.actor.Manager.execute(Manager.java:356)
	at ptolemy.actor.Manager.run(Manager.java:1263)
	at ptolemy.actor.Manager$PtolemyRunThread.run(Manager.java:1915)
]]></system-err>
</testsuite>
