<?xml version="1.0" encoding="UTF-8" ?>
<testsuite errors="0" failures="0" hostname="travis-job-7ef58878-38b4-41ec-bf4f-5b8d0a6fc07a" name="ptolemy.domains.modal.test.junit.JUnitTclTest" skipped="0" tests="148" time="10.254" timestamp="2018-07-21T01:58:38">
  <properties>
[...]
</properties>
  <testcase classname="ptolemy.util.test.junit.TclTests" name="[0] /home/travis/build/icyphy/ptII/ptolemy/domains/modal/test/SystemLevelType.tcl (RunTclFile)" time="1.814" />
  <testcase classname="ptolemy.util.test.junit.AutoKnownFailedTests" name="[0] /home/travis/build/icyphy/ptII/ptolemy/domains/modal/test/auto/knownFailedTests/CannotAnalysisWithPreemption.xml (RunModel)" time="0.175" />
  <testcase classname="ptolemy.util.test.junit.AutoNameArchTests" name="[0] ThereAreNoAutoArchTests (RunModel)" time="0.009" />
  <testcase classname="ptolemy.util.test.junit.AutoTests" name="[0] /home/travis/build/icyphy/ptII/ptolemy/domains/modal/test/auto/ABPTest.xml (RunModel)" time="0.661" />
  <testcase classname="ptolemy.util.test.junit.AutoTests" name="[1] /home/travis/build/icyphy/ptII/ptolemy/domains/modal/test/auto/ABROFlat.xml (RunModel)" time="0.098" />
  <testcase classname="ptolemy.util.test.junit.AutoTests" name="[2] /home/travis/build/icyphy/ptII/ptolemy/domains/modal/test/auto/ABROFlat2.xml (RunModel)" time="0.099" />
  <testcase classname="ptolemy.util.test.junit.AutoTests" name="[3] /home/travis/build/icyphy/ptII/ptolemy/domains/modal/test/auto/ABRO_present_hmm.xml (RunModel)" time="0.151" />
  <testcase classname="ptolemy.util.test.junit.AutoTests" name="[4] /home/travis/build/icyphy/ptII/ptolemy/domains/modal/test/auto/AMICoderExample.xml (RunModel)" time="0.054" />
  <testcase classname="ptolemy.util.test.junit.AutoTests" name="[5] /home/travis/build/icyphy/ptII/ptolemy/domains/modal/test/auto/AbsentToPresent.xml (RunModel)" time="0.023" />
  <testcase classname="ptolemy.util.test.junit.AutoTests" name="[6] /home/travis/build/icyphy/ptII/ptolemy/domains/modal/test/auto/Blending.xml (RunModel)" time="0.231" />
  <testcase classname="ptolemy.util.test.junit.AutoTests" name="[7] /home/travis/build/icyphy/ptII/ptolemy/domains/modal/test/auto/Broadcast.xml (RunModel)" time="0.058" />
  <testcase classname="ptolemy.util.test.junit.AutoTests" name="[8] /home/travis/build/icyphy/ptII/ptolemy/domains/modal/test/auto/BroadcastHierarchy.xml (RunModel)" time="0.096" />
  <testcase classname="ptolemy.util.test.junit.AutoTests" name="[9] /home/travis/build/icyphy/ptII/ptolemy/domains/modal/test/auto/BroadcastHierarchy2.xml (RunModel)" time="0.147" />
  <testcase classname="ptolemy.util.test.junit.AutoTests" name="[10] /home/travis/build/icyphy/ptII/ptolemy/domains/modal/test/auto/BroadcastHierarchy3.xml (RunModel)" time="0.145" />
  <testcase classname="ptolemy.util.test.junit.AutoTests" name="[11] /home/travis/build/icyphy/ptII/ptolemy/domains/modal/test/auto/BroadcastHierarchy4.xml (RunModel)" time="0.108" />
  <testcase classname="ptolemy.util.test.junit.AutoTests" name="[12] /home/travis/build/icyphy/ptII/ptolemy/domains/modal/test/auto/CannotAnalysisWithPreemption2.xml (RunModel)" time="0.044" />
  <testcase classname="ptolemy.util.test.junit.AutoTests" name="[13] /home/travis/build/icyphy/ptII/ptolemy/domains/modal/test/auto/CannotAnalysisWithPreemption3.xml (RunModel)" time="0.041" />
  <testcase classname="ptolemy.util.test.junit.AutoTests" name="[14] /home/travis/build/icyphy/ptII/ptolemy/domains/modal/test/auto/CannotProduce.xml (RunModel)" time="0.032" />
  <testcase classname="ptolemy.util.test.junit.AutoTests" name="[15] /home/travis/build/icyphy/ptII/ptolemy/domains/modal/test/auto/CannotProduceModal.xml (RunModel)" time="0.026" />
  <testcase classname="ptolemy.util.test.junit.AutoTests" name="[16] /home/travis/build/icyphy/ptII/ptolemy/domains/modal/test/auto/Case.xml (RunModel)" time="0.075" />
  <testcase classname="ptolemy.util.test.junit.AutoTests" name="[17] /home/travis/build/icyphy/ptII/ptolemy/domains/modal/test/auto/Case1.xml (RunModel)" time="0.043" />
  <testcase classname="ptolemy.util.test.junit.AutoTests" name="[18] /home/travis/build/icyphy/ptII/ptolemy/domains/modal/test/auto/Case2.xml (RunModel)" time="0.073" />
  <testcase classname="ptolemy.util.test.junit.AutoTests" name="[19] /home/travis/build/icyphy/ptII/ptolemy/domains/modal/test/auto/CausalityInterface1.xml (RunModel)" time="0.028" />
  <testcase classname="ptolemy.util.test.junit.AutoTests" name="[20] /home/travis/build/icyphy/ptII/ptolemy/domains/modal/test/auto/CausalityInterface10.xml (RunModel)" time="0.046" />
  <testcase classname="ptolemy.util.test.junit.AutoTests" name="[21] /home/travis/build/icyphy/ptII/ptolemy/domains/modal/test/auto/CausalityInterface11.xml (RunModel)" time="0.059" />
  <testcase classname="ptolemy.util.test.junit.AutoTests" name="[22] /home/travis/build/icyphy/ptII/ptolemy/domains/modal/test/auto/CausalityInterface12.xml (RunModel)" time="0.053" />
  <testcase classname="ptolemy.util.test.junit.AutoTests" name="[23] /home/travis/build/icyphy/ptII/ptolemy/domains/modal/test/auto/CausalityInterface13.xml (RunModel)" time="0.064" />
  <testcase classname="ptolemy.util.test.junit.AutoTests" name="[24] /home/travis/build/icyphy/ptII/ptolemy/domains/modal/test/auto/CausalityInterface14.xml (RunModel)" time="0.048" />
  <testcase classname="ptolemy.util.test.junit.AutoTests" name="[25] /home/travis/build/icyphy/ptII/ptolemy/domains/modal/test/auto/CausalityInterface2.xml (RunModel)" time="0.025" />
  <testcase classname="ptolemy.util.test.junit.AutoTests" name="[26] /home/travis/build/icyphy/ptII/ptolemy/domains/modal/test/auto/CausalityInterface3.xml (RunModel)" time="0.041" />
  <testcase classname="ptolemy.util.test.junit.AutoTests" name="[27] /home/travis/build/icyphy/ptII/ptolemy/domains/modal/test/auto/CausalityInterface4.xml (RunModel)" time="0.036" />
  <testcase classname="ptolemy.util.test.junit.AutoTests" name="[28] /home/travis/build/icyphy/ptII/ptolemy/domains/modal/test/auto/CausalityInterface5.xml (RunModel)" time="0.031" />
  <testcase classname="ptolemy.util.test.junit.AutoTests" name="[29] /home/travis/build/icyphy/ptII/ptolemy/domains/modal/test/auto/CausalityInterface6.xml (RunModel)" time="0.036" />
  <testcase classname="ptolemy.util.test.junit.AutoTests" name="[30] /home/travis/build/icyphy/ptII/ptolemy/domains/modal/test/auto/CausalityInterface7.xml (RunModel)" time="0.042" />
  <testcase classname="ptolemy.util.test.junit.AutoTests" name="[31] /home/travis/build/icyphy/ptII/ptolemy/domains/modal/test/auto/CausalityInterface8.xml (RunModel)" time="0.035" />
  <testcase classname="ptolemy.util.test.junit.AutoTests" name="[32] /home/travis/build/icyphy/ptII/ptolemy/domains/modal/test/auto/CausalityInterface9.xml (RunModel)" time="0.038" />
  <testcase classname="ptolemy.util.test.junit.AutoTests" name="[33] /home/travis/build/icyphy/ptII/ptolemy/domains/modal/test/auto/ChainedTransitions.xml (RunModel)" time="0.15" />
  <testcase classname="ptolemy.util.test.junit.AutoTests" name="[34] /home/travis/build/icyphy/ptII/ptolemy/domains/modal/test/auto/CycleOfImmediateTransitionsFSM.xml (RunModel)" time="0.034" />
  <testcase classname="ptolemy.util.test.junit.AutoTests" name="[35] /home/travis/build/icyphy/ptII/ptolemy/domains/modal/test/auto/CycleOfImmediateTransitionsModal.xml (RunModel)" time="0.026" />
  <testcase classname="ptolemy.util.test.junit.AutoTests" name="[36] /home/travis/build/icyphy/ptII/ptolemy/domains/modal/test/auto/CycleOfImmediateTransitionsModal2.xml (RunModel)" time="0.033" />
  <testcase classname="ptolemy.util.test.junit.AutoTests" name="[37] /home/travis/build/icyphy/ptII/ptolemy/domains/modal/test/auto/CycleOfImmediateTransitionsModal3.xml (RunModel)" time="0.072" />
  <testcase classname="ptolemy.util.test.junit.AutoTests" name="[38] /home/travis/build/icyphy/ptII/ptolemy/domains/modal/test/auto/DeepModal1.xml (RunModel)" time="0.051" />
  <testcase classname="ptolemy.util.test.junit.AutoTests" name="[39] /home/travis/build/icyphy/ptII/ptolemy/domains/modal/test/auto/DeepModal2.xml (RunModel)" time="0.073" />
  <testcase classname="ptolemy.util.test.junit.AutoTests" name="[40] /home/travis/build/icyphy/ptII/ptolemy/domains/modal/test/auto/DeepModal3.xml (RunModel)" time="0.075" />
  <testcase classname="ptolemy.util.test.junit.AutoTests" name="[41] /home/travis/build/icyphy/ptII/ptolemy/domains/modal/test/auto/DeepModal4.xml (RunModel)" time="0.088" />
  <testcase classname="ptolemy.util.test.junit.AutoTests" name="[42] /home/travis/build/icyphy/ptII/ptolemy/domains/modal/test/auto/Default1.xml (RunModel)" time="0.025" />
  <testcase classname="ptolemy.util.test.junit.AutoTests" name="[43] /home/travis/build/icyphy/ptII/ptolemy/domains/modal/test/auto/Default2.xml (RunModel)" time="0.02" />
  <testcase classname="ptolemy.util.test.junit.AutoTests" name="[44] /home/travis/build/icyphy/ptII/ptolemy/domains/modal/test/auto/Default3.xml (RunModel)" time="0.022" />
  <testcase classname="ptolemy.util.test.junit.AutoTests" name="[45] /home/travis/build/icyphy/ptII/ptolemy/domains/modal/test/auto/Default4.xml (RunModel)" time="0.029" />
  <testcase classname="ptolemy.util.test.junit.AutoTests" name="[46] /home/travis/build/icyphy/ptII/ptolemy/domains/modal/test/auto/Default5.xml (RunModel)" time="0.032" />
  <testcase classname="ptolemy.util.test.junit.AutoTests" name="[47] /home/travis/build/icyphy/ptII/ptolemy/domains/modal/test/auto/EmptyGuard.xml (RunModel)" time="0.047" />
  <testcase classname="ptolemy.util.test.junit.AutoTests" name="[48] /home/travis/build/icyphy/ptII/ptolemy/domains/modal/test/auto/ErrorTransition1.xml (RunModel)" time="0.038" />
  <testcase classname="ptolemy.util.test.junit.AutoTests" name="[49] /home/travis/build/icyphy/ptII/ptolemy/domains/modal/test/auto/ErrorTransition10.xml (RunModel)" time="0.045" />
  <testcase classname="ptolemy.util.test.junit.AutoTests" name="[50] /home/travis/build/icyphy/ptII/ptolemy/domains/modal/test/auto/ErrorTransition11.xml (RunModel)" time="0.038" />
  <testcase classname="ptolemy.util.test.junit.AutoTests" name="[51] /home/travis/build/icyphy/ptII/ptolemy/domains/modal/test/auto/ErrorTransition2.xml (RunModel)" time="0.028" />
  <testcase classname="ptolemy.util.test.junit.AutoTests" name="[52] /home/travis/build/icyphy/ptII/ptolemy/domains/modal/test/auto/ErrorTransition3.xml (RunModel)" time="0.034" />
  <testcase classname="ptolemy.util.test.junit.AutoTests" name="[53] /home/travis/build/icyphy/ptII/ptolemy/domains/modal/test/auto/ErrorTransition4.xml (RunModel)" time="0.034" />
  <testcase classname="ptolemy.util.test.junit.AutoTests" name="[54] /home/travis/build/icyphy/ptII/ptolemy/domains/modal/test/auto/ErrorTransition5.xml (RunModel)" time="0.03" />
  <testcase classname="ptolemy.util.test.junit.AutoTests" name="[55] /home/travis/build/icyphy/ptII/ptolemy/domains/modal/test/auto/ErrorTransition6.xml (RunModel)" time="0.031" />
  <testcase classname="ptolemy.util.test.junit.AutoTests" name="[56] /home/travis/build/icyphy/ptII/ptolemy/domains/modal/test/auto/ErrorTransition7.xml (RunModel)" time="0.048" />
  <testcase classname="ptolemy.util.test.junit.AutoTests" name="[57] /home/travis/build/icyphy/ptII/ptolemy/domains/modal/test/auto/ErrorTransition8.xml (RunModel)" time="0.065" />
  <testcase classname="ptolemy.util.test.junit.AutoTests" name="[58] /home/travis/build/icyphy/ptII/ptolemy/domains/modal/test/auto/ErrorTransition9.xml (RunModel)" time="0.043" />
  <testcase classname="ptolemy.util.test.junit.AutoTests" name="[59] /home/travis/build/icyphy/ptII/ptolemy/domains/modal/test/auto/ExtendedFSM.xml (RunModel)" time="0.02" />
  <testcase classname="ptolemy.util.test.junit.AutoTests" name="[60] /home/travis/build/icyphy/ptII/ptolemy/domains/modal/test/auto/FinalStates.xml (RunModel)" time="0.023" />
  <testcase classname="ptolemy.util.test.junit.AutoTests" name="[61] /home/travis/build/icyphy/ptII/ptolemy/domains/modal/test/auto/FixedPointFSM.xml (RunModel)" time="0.041" />
  <testcase classname="ptolemy.util.test.junit.AutoTests" name="[62] /home/travis/build/icyphy/ptII/ptolemy/domains/modal/test/auto/FixedPointIterationFSMActor.xml (RunModel)" time="0.026" />
  <testcase classname="ptolemy.util.test.junit.AutoTests" name="[63] /home/travis/build/icyphy/ptII/ptolemy/domains/modal/test/auto/FixedPointIterationFSMActor2.xml (RunModel)" time="0.029" />
  <testcase classname="ptolemy.util.test.junit.AutoTests" name="[64] /home/travis/build/icyphy/ptII/ptolemy/domains/modal/test/auto/ForbiddenInstantanousLoop.xml (RunModel)" time="0.028" />
  <testcase classname="ptolemy.util.test.junit.AutoTests" name="[65] /home/travis/build/icyphy/ptII/ptolemy/domains/modal/test/auto/FunctionDependencyOfFSMActorTest.xml (RunModel)" time="0.031" />
  <testcase classname="ptolemy.util.test.junit.AutoTests" name="[66] /home/travis/build/icyphy/ptII/ptolemy/domains/modal/test/auto/GuardExpression.xml (RunModel)" time="0.021" />
  <testcase classname="ptolemy.util.test.junit.AutoTests" name="[67] /home/travis/build/icyphy/ptII/ptolemy/domains/modal/test/auto/GuardNotEvaluated.xml (RunModel)" time="0.027" />
  <testcase classname="ptolemy.util.test.junit.AutoTests" name="[68] /home/travis/build/icyphy/ptII/ptolemy/domains/modal/test/auto/GuardNotEvaluated2.xml (RunModel)" time="0.034" />
  <testcase classname="ptolemy.util.test.junit.AutoTests" name="[69] /home/travis/build/icyphy/ptII/ptolemy/domains/modal/test/auto/GuardOnAbsent.xml (RunModel)" time="0.023" />
  <testcase classname="ptolemy.util.test.junit.AutoTests" name="[70] /home/travis/build/icyphy/ptII/ptolemy/domains/modal/test/auto/HierarchicalFSMTypeInference.xml (RunModel)" time="0.029" />
  <testcase classname="ptolemy.util.test.junit.AutoTests" name="[71] /home/travis/build/icyphy/ptII/ptolemy/domains/modal/test/auto/Hysteresis.xml (RunModel)" time="0.043" />
  <testcase classname="ptolemy.util.test.junit.AutoTests" name="[72] /home/travis/build/icyphy/ptII/ptolemy/domains/modal/test/auto/HysteresisWithDefault.xml (RunModel)" time="0.065" />
  <testcase classname="ptolemy.util.test.junit.AutoTests" name="[73] /home/travis/build/icyphy/ptII/ptolemy/domains/modal/test/auto/HysteresisWithDefault2.xml (RunModel)" time="0.105" />
  <testcase classname="ptolemy.util.test.junit.AutoTests" name="[74] /home/travis/build/icyphy/ptII/ptolemy/domains/modal/test/auto/ImmediateNonConstructiveness.xml (RunModel)" time="0.05" />
  <testcase classname="ptolemy.util.test.junit.AutoTests" name="[75] /home/travis/build/icyphy/ptII/ptolemy/domains/modal/test/auto/ImmediateNonConstructiveness2.xml (RunModel)" time="0.046" />
  <testcase classname="ptolemy.util.test.junit.AutoTests" name="[76] /home/travis/build/icyphy/ptII/ptolemy/domains/modal/test/auto/ImmediateTransitionReset.xml (RunModel)" time="0.041" />
  <testcase classname="ptolemy.util.test.junit.AutoTests" name="[77] /home/travis/build/icyphy/ptII/ptolemy/domains/modal/test/auto/ImmediateTransitions1.xml (RunModel)" time="0.014" />
  <testcase classname="ptolemy.util.test.junit.AutoTests" name="[78] /home/travis/build/icyphy/ptII/ptolemy/domains/modal/test/auto/ImmediateTransitionsInstantaneousCommunication.xml (RunModel)" time="0.039" />
  <testcase classname="ptolemy.util.test.junit.AutoTests" name="[79] /home/travis/build/icyphy/ptII/ptolemy/domains/modal/test/auto/InitialImmediateTransition.xml (RunModel)" time="0.017" />
  <testcase classname="ptolemy.util.test.junit.AutoTests" name="[80] /home/travis/build/icyphy/ptII/ptolemy/domains/modal/test/auto/InitialOutputs.xml (RunModel)" time="0.02" />
  <testcase classname="ptolemy.util.test.junit.AutoTests" name="[81] /home/travis/build/icyphy/ptII/ptolemy/domains/modal/test/auto/InitialStateTransition1.xml (RunModel)" time="0.025" />
  <testcase classname="ptolemy.util.test.junit.AutoTests" name="[82] /home/travis/build/icyphy/ptII/ptolemy/domains/modal/test/auto/InitialStateTransition2.xml (RunModel)" time="0.026" />
  <testcase classname="ptolemy.util.test.junit.AutoTests" name="[83] /home/travis/build/icyphy/ptII/ptolemy/domains/modal/test/auto/InitialStateTransition3.xml (RunModel)" time="0.029" />
  <testcase classname="ptolemy.util.test.junit.AutoTests" name="[84] /home/travis/build/icyphy/ptII/ptolemy/domains/modal/test/auto/InitialStateTransition4.xml (RunModel)" time="0.029" />
  <testcase classname="ptolemy.util.test.junit.AutoTests" name="[85] /home/travis/build/icyphy/ptII/ptolemy/domains/modal/test/auto/MalformedGuardExpressionNotCaught.xml (RunModel)" time="0.027" />
  <testcase classname="ptolemy.util.test.junit.AutoTests" name="[86] /home/travis/build/icyphy/ptII/ptolemy/domains/modal/test/auto/ModalBSC.xml (RunModel)" time="0.083" />
  <testcase classname="ptolemy.util.test.junit.AutoTests" name="[87] /home/travis/build/icyphy/ptII/ptolemy/domains/modal/test/auto/ModalClocks.xml (RunModel)" time="0.06" />
  <testcase classname="ptolemy.util.test.junit.AutoTests" name="[88] /home/travis/build/icyphy/ptII/ptolemy/domains/modal/test/auto/ModalDelay.xml (RunModel)" time="0.065" />
  <testcase classname="ptolemy.util.test.junit.AutoTests" name="[89] /home/travis/build/icyphy/ptII/ptolemy/domains/modal/test/auto/ModalDelay2.xml (RunModel)" time="0.048" />
  <testcase classname="ptolemy.util.test.junit.AutoTests" name="[90] /home/travis/build/icyphy/ptII/ptolemy/domains/modal/test/auto/ModalModelFromMemo.xml (RunModel)" time="0.061" />
  <testcase classname="ptolemy.util.test.junit.AutoTests" name="[91] /home/travis/build/icyphy/ptII/ptolemy/domains/modal/test/auto/ModalModelWithMultirateTransient.xml (RunModel)" time="0.042" />
  <testcase classname="ptolemy.util.test.junit.AutoTests" name="[92] /home/travis/build/icyphy/ptII/ptolemy/domains/modal/test/auto/ModalModelWithReset.xml (RunModel)" time="0.042" />
  <testcase classname="ptolemy.util.test.junit.AutoTests" name="[93] /home/travis/build/icyphy/ptII/ptolemy/domains/modal/test/auto/MouseClickFSM.xml (RunModel)" time="0.039" />
  <testcase classname="ptolemy.util.test.junit.AutoTests" name="[94] /home/travis/build/icyphy/ptII/ptolemy/domains/modal/test/auto/MouseClickFSMModal.xml (RunModel)" time="0.032" />
  <testcase classname="ptolemy.util.test.junit.AutoTests" name="[95] /home/travis/build/icyphy/ptII/ptolemy/domains/modal/test/auto/NonStrictFSM_FeedbackLoop.xml (RunModel)" time="0.046" />
  <testcase classname="ptolemy.util.test.junit.AutoTests" name="[96] /home/travis/build/icyphy/ptII/ptolemy/domains/modal/test/auto/NonStrictFSM_FeedbackLoop_Refinement.xml (RunModel)" time="0.058" />
  <testcase classname="ptolemy.util.test.junit.AutoTests" name="[97] /home/travis/build/icyphy/ptII/ptolemy/domains/modal/test/auto/NonStrictFSM_FeedbackLoop_preemptive.xml (RunModel)" time="0.042" />
  <testcase classname="ptolemy.util.test.junit.AutoTests" name="[98] /home/travis/build/icyphy/ptII/ptolemy/domains/modal/test/auto/NormalTermination.xml (RunModel)" time="0.042" />
  <testcase classname="ptolemy.util.test.junit.AutoTests" name="[99] /home/travis/build/icyphy/ptII/ptolemy/domains/modal/test/auto/Pong.xml (RunModel)" time="0.049" />
  <testcase classname="ptolemy.util.test.junit.AutoTests" name="[100] /home/travis/build/icyphy/ptII/ptolemy/domains/modal/test/auto/Pong_test.xml (RunModel)" time="0.071" />
  <testcase classname="ptolemy.util.test.junit.AutoTests" name="[101] /home/travis/build/icyphy/ptII/ptolemy/domains/modal/test/auto/PreemptionHierarchy.xml (RunModel)" time="0.024" />
  <testcase classname="ptolemy.util.test.junit.AutoTests" name="[102] /home/travis/build/icyphy/ptII/ptolemy/domains/modal/test/auto/PreemptionHierarchy2.xml (RunModel)" time="0.03" />
  <testcase classname="ptolemy.util.test.junit.AutoTests" name="[103] /home/travis/build/icyphy/ptII/ptolemy/domains/modal/test/auto/PreemptiveTransition.xml (RunModel)" time="0.018" />
  <testcase classname="ptolemy.util.test.junit.AutoTests" name="[104] /home/travis/build/icyphy/ptII/ptolemy/domains/modal/test/auto/Priorities.xml (RunModel)" time="0.062" />
  <testcase classname="ptolemy.util.test.junit.AutoTests" name="[105] /home/travis/build/icyphy/ptII/ptolemy/domains/modal/test/auto/ResetFinal.xml (RunModel)" time="0.038" />
  <testcase classname="ptolemy.util.test.junit.AutoTests" name="[106] /home/travis/build/icyphy/ptII/ptolemy/domains/modal/test/auto/ResetFinal2.xml (RunModel)" time="0.026" />
  <testcase classname="ptolemy.util.test.junit.AutoTests" name="[107] /home/travis/build/icyphy/ptII/ptolemy/domains/modal/test/auto/ResetTransitionWithStartTime.xml (RunModel)" time="0.029" />
  <testcase classname="ptolemy.util.test.junit.AutoTests" name="[108] /home/travis/build/icyphy/ptII/ptolemy/domains/modal/test/auto/SDF-FSMComposite.xml (RunModel)" time="0.022" />
  <testcase classname="ptolemy.util.test.junit.AutoTests" name="[109] /home/travis/build/icyphy/ptII/ptolemy/domains/modal/test/auto/SeeminglyNondeterminate.xml (RunModel)" time="0.064" />
  <testcase classname="ptolemy.util.test.junit.AutoTests" name="[110] /home/travis/build/icyphy/ptII/ptolemy/domains/modal/test/auto/SeeminglyNondeterminate2.xml (RunModel)" time="0.069" />
  <testcase classname="ptolemy.util.test.junit.AutoTests" name="[111] /home/travis/build/icyphy/ptII/ptolemy/domains/modal/test/auto/SpontaneousFSM.xml (RunModel)" time="0.046" />
  <testcase classname="ptolemy.util.test.junit.AutoTests" name="[112] /home/travis/build/icyphy/ptII/ptolemy/domains/modal/test/auto/SpontaneousFSM2.xml (RunModel)" time="0.034" />
  <testcase classname="ptolemy.util.test.junit.AutoTests" name="[113] /home/travis/build/icyphy/ptII/ptolemy/domains/modal/test/auto/SpontaneousFSM3.xml (RunModel)" time="0.042" />
  <testcase classname="ptolemy.util.test.junit.AutoTests" name="[114] /home/travis/build/icyphy/ptII/ptolemy/domains/modal/test/auto/SpontaneousFSM4.xml (RunModel)" time="0.038" />
  <testcase classname="ptolemy.util.test.junit.AutoTests" name="[115] /home/travis/build/icyphy/ptII/ptolemy/domains/modal/test/auto/StateTrackerTest.xml (RunModel)" time="0.054" />
  <testcase classname="ptolemy.util.test.junit.AutoTests" name="[116] /home/travis/build/icyphy/ptII/ptolemy/domains/modal/test/auto/StrongImmediateTransition.xml (RunModel)" time="0.024" />
  <testcase classname="ptolemy.util.test.junit.AutoTests" name="[117] /home/travis/build/icyphy/ptII/ptolemy/domains/modal/test/auto/SustainHierarchy.xml (RunModel)" time="0.035" />
  <testcase classname="ptolemy.util.test.junit.AutoTests" name="[118] /home/travis/build/icyphy/ptII/ptolemy/domains/modal/test/auto/TerminationTransition1.xml (RunModel)" time="0.023" />
  <testcase classname="ptolemy.util.test.junit.AutoTests" name="[119] /home/travis/build/icyphy/ptII/ptolemy/domains/modal/test/auto/TerminationTransition2.xml (RunModel)" time="0.028" />
  <testcase classname="ptolemy.util.test.junit.AutoTests" name="[120] /home/travis/build/icyphy/ptII/ptolemy/domains/modal/test/auto/TerminationTransition3.xml (RunModel)" time="0.03" />
  <testcase classname="ptolemy.util.test.junit.AutoTests" name="[121] /home/travis/build/icyphy/ptII/ptolemy/domains/modal/test/auto/TerminationTransition4.xml (RunModel)" time="0.046" />
  <testcase classname="ptolemy.util.test.junit.AutoTests" name="[122] /home/travis/build/icyphy/ptII/ptolemy/domains/modal/test/auto/TerminationTransition5.xml (RunModel)" time="0.031" />
  <testcase classname="ptolemy.util.test.junit.AutoTests" name="[123] /home/travis/build/icyphy/ptII/ptolemy/domains/modal/test/auto/TerminationTransition6.xml (RunModel)" time="0.019" />
  <testcase classname="ptolemy.util.test.junit.AutoTests" name="[124] /home/travis/build/icyphy/ptII/ptolemy/domains/modal/test/auto/TerminationTransition7.xml (RunModel)" time="0.024" />
  <testcase classname="ptolemy.util.test.junit.AutoTests" name="[125] /home/travis/build/icyphy/ptII/ptolemy/domains/modal/test/auto/TerminationTransition8.xml (RunModel)" time="0.025" />
  <testcase classname="ptolemy.util.test.junit.AutoTests" name="[126] /home/travis/build/icyphy/ptII/ptolemy/domains/modal/test/auto/Thermostat_NoHysteresis.xml (RunModel)" time="0.06" />
  <testcase classname="ptolemy.util.test.junit.AutoTests" name="[127] /home/travis/build/icyphy/ptII/ptolemy/domains/modal/test/auto/TimedFSM.xml (RunModel)" time="0.029" />
  <testcase classname="ptolemy.util.test.junit.AutoTests" name="[128] /home/travis/build/icyphy/ptII/ptolemy/domains/modal/test/auto/Timeout1.xml (RunModel)" time="0.014" />
  <testcase classname="ptolemy.util.test.junit.AutoTests" name="[129] /home/travis/build/icyphy/ptII/ptolemy/domains/modal/test/auto/Timeout2.xml (RunModel)" time="0.021" />
  <testcase classname="ptolemy.util.test.junit.AutoTests" name="[130] /home/travis/build/icyphy/ptII/ptolemy/domains/modal/test/auto/Timeout3.xml (RunModel)" time="0.012" />
  <testcase classname="ptolemy.util.test.junit.AutoTests" name="[131] /home/travis/build/icyphy/ptII/ptolemy/domains/modal/test/auto/Timeout4.xml (RunModel)" time="0.013" />
  <testcase classname="ptolemy.util.test.junit.AutoTests" name="[132] /home/travis/build/icyphy/ptII/ptolemy/domains/modal/test/auto/TransientstateModelAdvanced.xml (RunModel)" time="0.036" />
  <testcase classname="ptolemy.util.test.junit.AutoTests" name="[133] /home/travis/build/icyphy/ptII/ptolemy/domains/modal/test/auto/TransientstateModelAdvanced2.xml (RunModel)" time="0.034" />
  <testcase classname="ptolemy.util.test.junit.AutoTests" name="[134] /home/travis/build/icyphy/ptII/ptolemy/domains/modal/test/auto/TransitionRefinements.xml (RunModel)" time="0.023" />
  <testcase classname="ptolemy.util.test.junit.AutoTests" name="[135] /home/travis/build/icyphy/ptII/ptolemy/domains/modal/test/auto/TwoRefinements1.xml (RunModel)" time="0.023" />
  <testcase classname="ptolemy.util.test.junit.AutoTests" name="[136] /home/travis/build/icyphy/ptII/ptolemy/domains/modal/test/auto/TwoRefinements2.xml (RunModel)" time="0.024" />
  <testcase classname="ptolemy.util.test.junit.AutoTests" name="[137] /home/travis/build/icyphy/ptII/ptolemy/domains/modal/test/auto/WeakImmediateTransition.xml (RunModel)" time="0.02" />
  <testcase classname="ptolemy.util.test.junit.AutoTests" name="[138] /home/travis/build/icyphy/ptII/ptolemy/domains/modal/test/auto/booleanSelect.xml (RunModel)" time="0.061" />
  <testcase classname="ptolemy.util.test.junit.AutoTests" name="[139] /home/travis/build/icyphy/ptII/ptolemy/domains/modal/test/auto/modalChangingParams.xml (RunModel)" time="0.222" />
  <testcase classname="ptolemy.util.test.junit.AutoTests" name="[140] /home/travis/build/icyphy/ptII/ptolemy/domains/modal/test/auto/modalModel.xml (RunModel)" time="0.022" />
  <testcase classname="ptolemy.util.test.junit.AutoTests" name="[141] /home/travis/build/icyphy/ptII/ptolemy/domains/modal/test/auto/modalModel2.xml (RunModel)" time="0.027" />
  <testcase classname="ptolemy.util.test.junit.AutoTests" name="[142] /home/travis/build/icyphy/ptII/ptolemy/domains/modal/test/auto/modalModel3.xml (RunModel)" time="0.036" />
  <testcase classname="ptolemy.util.test.junit.AutoTests" name="[143] /home/travis/build/icyphy/ptII/ptolemy/domains/modal/test/auto/model1.xml (RunModel)" time="0.023" />
  <testcase classname="ptolemy.util.test.junit.AutoTests" name="[144] /home/travis/build/icyphy/ptII/ptolemy/domains/modal/test/auto/test-direct-in-out.xml (RunModel)" time="0.019" />
  <system-out><![CDATA[/home/travis/build/icyphy/ptII/ptolemy/domains/modal/test/SystemLevelType.tcl
testDefs.tcl: setting time out to 9000 seconds at Sat Jul 21 01:58:38 UTC 2018
07/21/18 01:58:40
Failed: 0  Total Tests: 1  ((Passed: 1, Newly Passed: 0)  Known Failed: 0) /home/travis/build/icyphy/ptII/ptolemy/domains/modal/test
----------------- testing (KnownFailure) /home/travis/build/icyphy/ptII/ptolemy/domains/modal/test/auto/knownFailedTests/CannotAnalysisWithPreemption.xml
59 ms. Memory: 208384K Free: 185915K (89%)
Known Failure: java.lang.reflect.InvocationTargetException
No auto/linux-amd64/*.xml tests in /home/travis/build/icyphy/ptII/ptolemy/domains/modal/test
AutoTests.java: About to close Vertx.
AutoTests.java: Vertx closed.

===========================================================================================
----------------- testing Sat Jul 21 01:58:41 UTC 2018 /home/travis/build/icyphy/ptII/ptolemy/domains/modal/test/auto/ABPTest.xml
----------------- Instantiating /home/travis/build/icyphy/ptII/ptolemy/domains/modal/test/auto/ABPTest.xml
299 ms. Memory: 332288K Free: 291634K (88%)
----------------- Invoking toplevel() on ptolemy.moml.MoMLSimpleApplication@2b1d5d1d
----------------- Done invoking toplevel() on ptolemy.moml.MoMLSimpleApplication@2b1d5d1d
reloadAllAccessors: .ABPTest

===========================================================================================
----------------- testing Sat Jul 21 01:58:41 UTC 2018 /home/travis/build/icyphy/ptII/ptolemy/domains/modal/test/auto/ABROFlat.xml
----------------- Instantiating /home/travis/build/icyphy/ptII/ptolemy/domains/modal/test/auto/ABROFlat.xml
27 ms. Memory: 332288K Free: 269468K (81%)
----------------- Invoking toplevel() on ptolemy.moml.MoMLSimpleApplication@6af13549
----------------- Done invoking toplevel() on ptolemy.moml.MoMLSimpleApplication@6af13549
reloadAllAccessors: .ABROFlat

===========================================================================================
----------------- testing Sat Jul 21 01:58:42 UTC 2018 /home/travis/build/icyphy/ptII/ptolemy/domains/modal/test/auto/ABROFlat2.xml
----------------- Instantiating /home/travis/build/icyphy/ptII/ptolemy/domains/modal/test/auto/ABROFlat2.xml
21 ms. Memory: 332288K Free: 249930K (75%)
----------------- Invoking toplevel() on ptolemy.moml.MoMLSimpleApplication@3cd5066a
----------------- Done invoking toplevel() on ptolemy.moml.MoMLSimpleApplication@3cd5066a
reloadAllAccessors: .ABROFlat2

===========================================================================================
----------------- testing Sat Jul 21 01:58:42 UTC 2018 /home/travis/build/icyphy/ptII/ptolemy/domains/modal/test/auto/ABRO_present_hmm.xml
----------------- Instantiating /home/travis/build/icyphy/ptII/ptolemy/domains/modal/test/auto/ABRO_present_hmm.xml
35 ms. Memory: 332288K Free: 217366K (65%)
----------------- Invoking toplevel() on ptolemy.moml.MoMLSimpleApplication@55c94aa6
----------------- Done invoking toplevel() on ptolemy.moml.MoMLSimpleApplication@55c94aa6
reloadAllAccessors: .ABRO_present_hmm

===========================================================================================
----------------- testing Sat Jul 21 01:58:42 UTC 2018 /home/travis/build/icyphy/ptII/ptolemy/domains/modal/test/auto/AMICoderExample.xml
----------------- Instantiating /home/travis/build/icyphy/ptII/ptolemy/domains/modal/test/auto/AMICoderExample.xml
21 ms. Memory: 332288K Free: 205969K (62%)
----------------- Invoking toplevel() on ptolemy.moml.MoMLSimpleApplication@6ed45ad8
----------------- Done invoking toplevel() on ptolemy.moml.MoMLSimpleApplication@6ed45ad8
reloadAllAccessors: .AMICoderExample

===========================================================================================
----------------- testing Sat Jul 21 01:58:42 UTC 2018 /home/travis/build/icyphy/ptII/ptolemy/domains/modal/test/auto/AbsentToPresent.xml
----------------- Instantiating /home/travis/build/icyphy/ptII/ptolemy/domains/modal/test/auto/AbsentToPresent.xml
3 ms. Memory: 332288K Free: 196018K (59%)
----------------- Invoking toplevel() on ptolemy.moml.MoMLSimpleApplication@27af66a
----------------- Done invoking toplevel() on ptolemy.moml.MoMLSimpleApplication@27af66a
reloadAllAccessors: .AbsentToPresent

===========================================================================================
----------------- testing Sat Jul 21 01:58:42 UTC 2018 /home/travis/build/icyphy/ptII/ptolemy/domains/modal/test/auto/Blending.xml
----------------- Instantiating /home/travis/build/icyphy/ptII/ptolemy/domains/modal/test/auto/Blending.xml
101 ms. Memory: 332288K Free: 145545K (44%)
----------------- Invoking toplevel() on ptolemy.moml.MoMLSimpleApplication@108215df
----------------- Done invoking toplevel() on ptolemy.moml.MoMLSimpleApplication@108215df
reloadAllAccessors: .Blending

===========================================================================================
----------------- testing Sat Jul 21 01:58:42 UTC 2018 /home/travis/build/icyphy/ptII/ptolemy/domains/modal/test/auto/Broadcast.xml
----------------- Instantiating /home/travis/build/icyphy/ptII/ptolemy/domains/modal/test/auto/Broadcast.xml
12 ms. Memory: 332288K Free: 132519K (40%)
----------------- Invoking toplevel() on ptolemy.moml.MoMLSimpleApplication@56c0e1a8
----------------- Done invoking toplevel() on ptolemy.moml.MoMLSimpleApplication@56c0e1a8
reloadAllAccessors: .Broadcast

===========================================================================================
----------------- testing Sat Jul 21 01:58:42 UTC 2018 /home/travis/build/icyphy/ptII/ptolemy/domains/modal/test/auto/BroadcastHierarchy.xml
----------------- Instantiating /home/travis/build/icyphy/ptII/ptolemy/domains/modal/test/auto/BroadcastHierarchy.xml
22 ms. Memory: 332288K Free: 114609K (34%)
----------------- Invoking toplevel() on ptolemy.moml.MoMLSimpleApplication@354db2c9
----------------- Done invoking toplevel() on ptolemy.moml.MoMLSimpleApplication@354db2c9
reloadAllAccessors: .BroadcastHierarchy

===========================================================================================
----------------- testing Sat Jul 21 01:58:42 UTC 2018 /home/travis/build/icyphy/ptII/ptolemy/domains/modal/test/auto/BroadcastHierarchy2.xml
----------------- Instantiating /home/travis/build/icyphy/ptII/ptolemy/domains/modal/test/auto/BroadcastHierarchy2.xml
30 ms. Memory: 332288K Free: 78789K (24%)
----------------- Invoking toplevel() on ptolemy.moml.MoMLSimpleApplication@ab5b434
----------------- Done invoking toplevel() on ptolemy.moml.MoMLSimpleApplication@ab5b434
reloadAllAccessors: .BroadcastHierarchy2

===========================================================================================
----------------- testing Sat Jul 21 01:58:42 UTC 2018 /home/travis/build/icyphy/ptII/ptolemy/domains/modal/test/auto/BroadcastHierarchy3.xml
----------------- Instantiating /home/travis/build/icyphy/ptII/ptolemy/domains/modal/test/auto/BroadcastHierarchy3.xml
27 ms. Memory: 333824K Free: 297771K (89%)
----------------- Invoking toplevel() on ptolemy.moml.MoMLSimpleApplication@597a1a75
----------------- Done invoking toplevel() on ptolemy.moml.MoMLSimpleApplication@597a1a75
reloadAllAccessors: .BroadcastHierarchy3

===========================================================================================
----------------- testing Sat Jul 21 01:58:43 UTC 2018 /home/travis/build/icyphy/ptII/ptolemy/domains/modal/test/auto/BroadcastHierarchy4.xml
----------------- Instantiating /home/travis/build/icyphy/ptII/ptolemy/domains/modal/test/auto/BroadcastHierarchy4.xml
22 ms. Memory: 333824K Free: 264539K (79%)
----------------- Invoking toplevel() on ptolemy.moml.MoMLSimpleApplication@6c0f8a42
----------------- Done invoking toplevel() on ptolemy.moml.MoMLSimpleApplication@6c0f8a42
reloadAllAccessors: .BroadcastHierarchy4

===========================================================================================
----------------- testing Sat Jul 21 01:58:43 UTC 2018 /home/travis/build/icyphy/ptII/ptolemy/domains/modal/test/auto/CannotAnalysisWithPreemption2.xml
----------------- Instantiating /home/travis/build/icyphy/ptII/ptolemy/domains/modal/test/auto/CannotAnalysisWithPreemption2.xml
5 ms. Memory: 333824K Free: 254770K (76%)
----------------- Invoking toplevel() on ptolemy.moml.MoMLSimpleApplication@43ae4a7f
----------------- Done invoking toplevel() on ptolemy.moml.MoMLSimpleApplication@43ae4a7f
reloadAllAccessors: .CannotAnalysisWithPreemption2

===========================================================================================
----------------- testing Sat Jul 21 01:58:43 UTC 2018 /home/travis/build/icyphy/ptII/ptolemy/domains/modal/test/auto/CannotAnalysisWithPreemption3.xml
----------------- Instantiating /home/travis/build/icyphy/ptII/ptolemy/domains/modal/test/auto/CannotAnalysisWithPreemption3.xml
5 ms. Memory: 333824K Free: 241744K (72%)
----------------- Invoking toplevel() on ptolemy.moml.MoMLSimpleApplication@5091d73b
----------------- Done invoking toplevel() on ptolemy.moml.MoMLSimpleApplication@5091d73b
reloadAllAccessors: .CannotAnalysisWithPreemption3

===========================================================================================
----------------- testing Sat Jul 21 01:58:43 UTC 2018 /home/travis/build/icyphy/ptII/ptolemy/domains/modal/test/auto/CannotProduce.xml
----------------- Instantiating /home/travis/build/icyphy/ptII/ptolemy/domains/modal/test/auto/CannotProduce.xml
10 ms. Memory: 333824K Free: 232935K (70%)
----------------- Invoking toplevel() on ptolemy.moml.MoMLSimpleApplication@22abc712
----------------- Done invoking toplevel() on ptolemy.moml.MoMLSimpleApplication@22abc712
reloadAllAccessors: .CannotProduce

===========================================================================================
----------------- testing Sat Jul 21 01:58:43 UTC 2018 /home/travis/build/icyphy/ptII/ptolemy/domains/modal/test/auto/CannotProduceModal.xml
----------------- Instantiating /home/travis/build/icyphy/ptII/ptolemy/domains/modal/test/auto/CannotProduceModal.xml
4 ms. Memory: 333824K Free: 224794K (67%)
----------------- Invoking toplevel() on ptolemy.moml.MoMLSimpleApplication@7f391ead
----------------- Done invoking toplevel() on ptolemy.moml.MoMLSimpleApplication@7f391ead
reloadAllAccessors: .CannotProduceModal

===========================================================================================
----------------- testing Sat Jul 21 01:58:43 UTC 2018 /home/travis/build/icyphy/ptII/ptolemy/domains/modal/test/auto/Case.xml
----------------- Instantiating /home/travis/build/icyphy/ptII/ptolemy/domains/modal/test/auto/Case.xml
33 ms. Memory: 333824K Free: 211769K (63%)
----------------- Invoking toplevel() on ptolemy.moml.MoMLSimpleApplication@61135105
----------------- Done invoking toplevel() on ptolemy.moml.MoMLSimpleApplication@61135105
reloadAllAccessors: .Case

===========================================================================================
----------------- testing Sat Jul 21 01:58:43 UTC 2018 /home/travis/build/icyphy/ptII/ptolemy/domains/modal/test/auto/Case1.xml
----------------- Instantiating /home/travis/build/icyphy/ptII/ptolemy/domains/modal/test/auto/Case1.xml
11 ms. Memory: 333824K Free: 201332K (60%)
----------------- Invoking toplevel() on ptolemy.moml.MoMLSimpleApplication@182367f6
----------------- Done invoking toplevel() on ptolemy.moml.MoMLSimpleApplication@182367f6
reloadAllAccessors: .Case1

===========================================================================================
----------------- testing Sat Jul 21 01:58:43 UTC 2018 /home/travis/build/icyphy/ptII/ptolemy/domains/modal/test/auto/Case2.xml
----------------- Instantiating /home/travis/build/icyphy/ptII/ptolemy/domains/modal/test/auto/Case2.xml
32 ms. Memory: 333824K Free: 189934K (57%)
----------------- Invoking toplevel() on ptolemy.moml.MoMLSimpleApplication@225b6792
----------------- Done invoking toplevel() on ptolemy.moml.MoMLSimpleApplication@225b6792
reloadAllAccessors: .Case2

===========================================================================================
----------------- testing Sat Jul 21 01:58:43 UTC 2018 /home/travis/build/icyphy/ptII/ptolemy/domains/modal/test/auto/CausalityInterface1.xml
----------------- Instantiating /home/travis/build/icyphy/ptII/ptolemy/domains/modal/test/auto/CausalityInterface1.xml
4 ms. Memory: 333824K Free: 183422K (55%)
----------------- Invoking toplevel() on ptolemy.moml.MoMLSimpleApplication@665a1bf8
----------------- Done invoking toplevel() on ptolemy.moml.MoMLSimpleApplication@665a1bf8
reloadAllAccessors: .CausalityInterface1

===========================================================================================
----------------- testing Sat Jul 21 01:58:43 UTC 2018 /home/travis/build/icyphy/ptII/ptolemy/domains/modal/test/auto/CausalityInterface10.xml
----------------- Instantiating /home/travis/build/icyphy/ptII/ptolemy/domains/modal/test/auto/CausalityInterface10.xml
6 ms. Memory: 333824K Free: 164844K (49%)
----------------- Invoking toplevel() on ptolemy.moml.MoMLSimpleApplication@278e700
----------------- Done invoking toplevel() on ptolemy.moml.MoMLSimpleApplication@278e700
reloadAllAccessors: .CausalityInterface10

===========================================================================================
----------------- testing Sat Jul 21 01:58:43 UTC 2018 /home/travis/build/icyphy/ptII/ptolemy/domains/modal/test/auto/CausalityInterface11.xml
----------------- Instantiating /home/travis/build/icyphy/ptII/ptolemy/domains/modal/test/auto/CausalityInterface11.xml
13 ms. Memory: 333824K Free: 148546K (44%)
----------------- Invoking toplevel() on ptolemy.moml.MoMLSimpleApplication@5a980e0b
----------------- Done invoking toplevel() on ptolemy.moml.MoMLSimpleApplication@5a980e0b
reloadAllAccessors: .CausalityInterface11

===========================================================================================
----------------- testing Sat Jul 21 01:58:43 UTC 2018 /home/travis/build/icyphy/ptII/ptolemy/domains/modal/test/auto/CausalityInterface12.xml
----------------- Instantiating /home/travis/build/icyphy/ptII/ptolemy/domains/modal/test/auto/CausalityInterface12.xml
8 ms. Memory: 333824K Free: 132248K (40%)
----------------- Invoking toplevel() on ptolemy.moml.MoMLSimpleApplication@40e2cdc7
----------------- Done invoking toplevel() on ptolemy.moml.MoMLSimpleApplication@40e2cdc7
reloadAllAccessors: .CausalityInterface12

===========================================================================================
----------------- testing Sat Jul 21 01:58:43 UTC 2018 /home/travis/build/icyphy/ptII/ptolemy/domains/modal/test/auto/CausalityInterface13.xml
----------------- Instantiating /home/travis/build/icyphy/ptII/ptolemy/domains/modal/test/auto/CausalityInterface13.xml
15 ms. Memory: 333824K Free: 113670K (34%)
----------------- Invoking toplevel() on ptolemy.moml.MoMLSimpleApplication@601d5f8d
----------------- Done invoking toplevel() on ptolemy.moml.MoMLSimpleApplication@601d5f8d
reloadAllAccessors: .CausalityInterface13

===========================================================================================
----------------- testing Sat Jul 21 01:58:43 UTC 2018 /home/travis/build/icyphy/ptII/ptolemy/domains/modal/test/auto/CausalityInterface14.xml
----------------- Instantiating /home/travis/build/icyphy/ptII/ptolemy/domains/modal/test/auto/CausalityInterface14.xml
9 ms. Memory: 333824K Free: 97388K (29%)
----------------- Invoking toplevel() on ptolemy.moml.MoMLSimpleApplication@1d1aad0
----------------- Done invoking toplevel() on ptolemy.moml.MoMLSimpleApplication@1d1aad0
reloadAllAccessors: .CausalityInterface14

===========================================================================================
----------------- testing Sat Jul 21 01:58:43 UTC 2018 /home/travis/build/icyphy/ptII/ptolemy/domains/modal/test/auto/CausalityInterface2.xml
----------------- Instantiating /home/travis/build/icyphy/ptII/ptolemy/domains/modal/test/auto/CausalityInterface2.xml
3 ms. Memory: 333824K Free: 89247K (27%)
----------------- Invoking toplevel() on ptolemy.moml.MoMLSimpleApplication@2f094b63
----------------- Done invoking toplevel() on ptolemy.moml.MoMLSimpleApplication@2f094b63
reloadAllAccessors: .CausalityInterface2

===========================================================================================
----------------- testing Sat Jul 21 01:58:43 UTC 2018 /home/travis/build/icyphy/ptII/ptolemy/domains/modal/test/auto/CausalityInterface3.xml
----------------- Instantiating /home/travis/build/icyphy/ptII/ptolemy/domains/modal/test/auto/CausalityInterface3.xml
5 ms. Memory: 333824K Free: 79783K (24%)
----------------- Invoking toplevel() on ptolemy.moml.MoMLSimpleApplication@57da52d3
----------------- Done invoking toplevel() on ptolemy.moml.MoMLSimpleApplication@57da52d3
reloadAllAccessors: .CausalityInterface3

===========================================================================================
----------------- testing Sat Jul 21 01:58:43 UTC 2018 /home/travis/build/icyphy/ptII/ptolemy/domains/modal/test/auto/CausalityInterface4.xml
----------------- Instantiating /home/travis/build/icyphy/ptII/ptolemy/domains/modal/test/auto/CausalityInterface4.xml
3 ms. Memory: 577536K Free: 557541K (97%)
----------------- Invoking toplevel() on ptolemy.moml.MoMLSimpleApplication@74dbf984
----------------- Done invoking toplevel() on ptolemy.moml.MoMLSimpleApplication@74dbf984
reloadAllAccessors: .CausalityInterface4

===========================================================================================
----------------- testing Sat Jul 21 01:58:43 UTC 2018 /home/travis/build/icyphy/ptII/ptolemy/domains/modal/test/auto/CausalityInterface5.xml
----------------- Instantiating /home/travis/build/icyphy/ptII/ptolemy/domains/modal/test/auto/CausalityInterface5.xml
5 ms. Memory: 577536K Free: 541384K (94%)
----------------- Invoking toplevel() on ptolemy.moml.MoMLSimpleApplication@65c70a7e
----------------- Done invoking toplevel() on ptolemy.moml.MoMLSimpleApplication@65c70a7e
reloadAllAccessors: .CausalityInterface5

===========================================================================================
----------------- testing Sat Jul 21 01:58:44 UTC 2018 /home/travis/build/icyphy/ptII/ptolemy/domains/modal/test/auto/CausalityInterface6.xml
----------------- Instantiating /home/travis/build/icyphy/ptII/ptolemy/domains/modal/test/auto/CausalityInterface6.xml
3 ms. Memory: 577536K Free: 528373K (91%)
----------------- Invoking toplevel() on ptolemy.moml.MoMLSimpleApplication@38e65ed9
----------------- Done invoking toplevel() on ptolemy.moml.MoMLSimpleApplication@38e65ed9
reloadAllAccessors: .CausalityInterface6

===========================================================================================
----------------- testing Sat Jul 21 01:58:44 UTC 2018 /home/travis/build/icyphy/ptII/ptolemy/domains/modal/test/auto/CausalityInterface7.xml
----------------- Instantiating /home/travis/build/icyphy/ptII/ptolemy/domains/modal/test/auto/CausalityInterface7.xml
6 ms. Memory: 577536K Free: 515361K (89%)
----------------- Invoking toplevel() on ptolemy.moml.MoMLSimpleApplication@13ab8b72
----------------- Done invoking toplevel() on ptolemy.moml.MoMLSimpleApplication@13ab8b72
reloadAllAccessors: .CausalityInterface7

===========================================================================================
----------------- testing Sat Jul 21 01:58:44 UTC 2018 /home/travis/build/icyphy/ptII/ptolemy/domains/modal/test/auto/CausalityInterface8.xml
----------------- Instantiating /home/travis/build/icyphy/ptII/ptolemy/domains/modal/test/auto/CausalityInterface8.xml
5 ms. Memory: 577536K Free: 502349K (87%)
----------------- Invoking toplevel() on ptolemy.moml.MoMLSimpleApplication@1289ea61
----------------- Done invoking toplevel() on ptolemy.moml.MoMLSimpleApplication@1289ea61
reloadAllAccessors: .CausalityInterface8

===========================================================================================
----------------- testing Sat Jul 21 01:58:44 UTC 2018 /home/travis/build/icyphy/ptII/ptolemy/domains/modal/test/auto/CausalityInterface9.xml
----------------- Instantiating /home/travis/build/icyphy/ptII/ptolemy/domains/modal/test/auto/CausalityInterface9.xml
5 ms. Memory: 577536K Free: 486192K (84%)
----------------- Invoking toplevel() on ptolemy.moml.MoMLSimpleApplication@322be19b
----------------- Done invoking toplevel() on ptolemy.moml.MoMLSimpleApplication@322be19b
reloadAllAccessors: .CausalityInterface9

===========================================================================================
----------------- testing Sat Jul 21 01:58:44 UTC 2018 /home/travis/build/icyphy/ptII/ptolemy/domains/modal/test/auto/ChainedTransitions.xml
----------------- Instantiating /home/travis/build/icyphy/ptII/ptolemy/domains/modal/test/auto/ChainedTransitions.xml
99 ms. Memory: 577536K Free: 456916K (79%)
----------------- Invoking toplevel() on ptolemy.moml.MoMLSimpleApplication@ab2082f
----------------- Done invoking toplevel() on ptolemy.moml.MoMLSimpleApplication@ab2082f
reloadAllAccessors: .ChainedTransitions

===========================================================================================
----------------- testing Sat Jul 21 01:58:44 UTC 2018 /home/travis/build/icyphy/ptII/ptolemy/domains/modal/test/auto/CycleOfImmediateTransitionsFSM.xml
----------------- Instantiating /home/travis/build/icyphy/ptII/ptolemy/domains/modal/test/auto/CycleOfImmediateTransitionsFSM.xml
4 ms. Memory: 577536K Free: 447157K (77%)
----------------- Invoking toplevel() on ptolemy.moml.MoMLSimpleApplication@52c6e1c2
----------------- Done invoking toplevel() on ptolemy.moml.MoMLSimpleApplication@52c6e1c2
reloadAllAccessors: .CycleOfImmediateTransitionsFSM

===========================================================================================
----------------- testing Sat Jul 21 01:58:44 UTC 2018 /home/travis/build/icyphy/ptII/ptolemy/domains/modal/test/auto/CycleOfImmediateTransitionsModal.xml
----------------- Instantiating /home/travis/build/icyphy/ptII/ptolemy/domains/modal/test/auto/CycleOfImmediateTransitionsModal.xml
4 ms. Memory: 577536K Free: 437398K (76%)
----------------- Invoking toplevel() on ptolemy.moml.MoMLSimpleApplication@2e834e20
----------------- Done invoking toplevel() on ptolemy.moml.MoMLSimpleApplication@2e834e20
reloadAllAccessors: .CycleOfImmediateTransitionsModal

===========================================================================================
----------------- testing Sat Jul 21 01:58:44 UTC 2018 /home/travis/build/icyphy/ptII/ptolemy/domains/modal/test/auto/CycleOfImmediateTransitionsModal2.xml
----------------- Instantiating /home/travis/build/icyphy/ptII/ptolemy/domains/modal/test/auto/CycleOfImmediateTransitionsModal2.xml
3 ms. Memory: 577536K Free: 414736K (72%)
----------------- Invoking toplevel() on ptolemy.moml.MoMLSimpleApplication@26f7edf2
----------------- Done invoking toplevel() on ptolemy.moml.MoMLSimpleApplication@26f7edf2
reloadAllAccessors: .CycleOfImmediateTransitionsModal2

===========================================================================================
----------------- testing Sat Jul 21 01:58:44 UTC 2018 /home/travis/build/icyphy/ptII/ptolemy/domains/modal/test/auto/CycleOfImmediateTransitionsModal3.xml
----------------- Instantiating /home/travis/build/icyphy/ptII/ptolemy/domains/modal/test/auto/CycleOfImmediateTransitionsModal3.xml
11 ms. Memory: 577536K Free: 385459K (67%)
----------------- Invoking toplevel() on ptolemy.moml.MoMLSimpleApplication@5912e358
----------------- Done invoking toplevel() on ptolemy.moml.MoMLSimpleApplication@5912e358
reloadAllAccessors: .CycleOfImmediateTransitionsModal3

===========================================================================================
----------------- testing Sat Jul 21 01:58:44 UTC 2018 /home/travis/build/icyphy/ptII/ptolemy/domains/modal/test/auto/DeepModal1.xml
----------------- Instantiating /home/travis/build/icyphy/ptII/ptolemy/domains/modal/test/auto/DeepModal1.xml
23 ms. Memory: 577536K Free: 365941K (63%)
----------------- Invoking toplevel() on ptolemy.moml.MoMLSimpleApplication@4d1b28ea
----------------- Done invoking toplevel() on ptolemy.moml.MoMLSimpleApplication@4d1b28ea
reloadAllAccessors: .DeepModal1

===========================================================================================
----------------- testing Sat Jul 21 01:58:44 UTC 2018 /home/travis/build/icyphy/ptII/ptolemy/domains/modal/test/auto/DeepModal2.xml
----------------- Instantiating /home/travis/build/icyphy/ptII/ptolemy/domains/modal/test/auto/DeepModal2.xml
23 ms. Memory: 577536K Free: 343171K (59%)
----------------- Invoking toplevel() on ptolemy.moml.MoMLSimpleApplication@cd3dc2d
----------------- Done invoking toplevel() on ptolemy.moml.MoMLSimpleApplication@cd3dc2d
reloadAllAccessors: .DeepModal2

===========================================================================================
----------------- testing Sat Jul 21 01:58:44 UTC 2018 /home/travis/build/icyphy/ptII/ptolemy/domains/modal/test/auto/DeepModal3.xml
----------------- Instantiating /home/travis/build/icyphy/ptII/ptolemy/domains/modal/test/auto/DeepModal3.xml
32 ms. Memory: 577536K Free: 317255K (55%)
----------------- Invoking toplevel() on ptolemy.moml.MoMLSimpleApplication@7d63bc5f
----------------- Done invoking toplevel() on ptolemy.moml.MoMLSimpleApplication@7d63bc5f
reloadAllAccessors: .DeepModal3

===========================================================================================
----------------- testing Sat Jul 21 01:58:44 UTC 2018 /home/travis/build/icyphy/ptII/ptolemy/domains/modal/test/auto/DeepModal4.xml
----------------- Instantiating /home/travis/build/icyphy/ptII/ptolemy/domains/modal/test/auto/DeepModal4.xml
28 ms. Memory: 577536K Free: 294484K (51%)
----------------- Invoking toplevel() on ptolemy.moml.MoMLSimpleApplication@373db5d0
----------------- Done invoking toplevel() on ptolemy.moml.MoMLSimpleApplication@373db5d0
reloadAllAccessors: .DeepModal4

===========================================================================================
----------------- testing Sat Jul 21 01:58:44 UTC 2018 /home/travis/build/icyphy/ptII/ptolemy/domains/modal/test/auto/Default1.xml
----------------- Instantiating /home/travis/build/icyphy/ptII/ptolemy/domains/modal/test/auto/Default1.xml
3 ms. Memory: 577536K Free: 284725K (49%)
----------------- Invoking toplevel() on ptolemy.moml.MoMLSimpleApplication@5f796a08
----------------- Done invoking toplevel() on ptolemy.moml.MoMLSimpleApplication@5f796a08
reloadAllAccessors: .Default1

===========================================================================================
----------------- testing Sat Jul 21 01:58:44 UTC 2018 /home/travis/build/icyphy/ptII/ptolemy/domains/modal/test/auto/Default2.xml
----------------- Instantiating /home/travis/build/icyphy/ptII/ptolemy/domains/modal/test/auto/Default2.xml
2 ms. Memory: 577536K Free: 274967K (48%)
----------------- Invoking toplevel() on ptolemy.moml.MoMLSimpleApplication@3c569dd3
----------------- Done invoking toplevel() on ptolemy.moml.MoMLSimpleApplication@3c569dd3
reloadAllAccessors: .Default2

===========================================================================================
----------------- testing Sat Jul 21 01:58:44 UTC 2018 /home/travis/build/icyphy/ptII/ptolemy/domains/modal/test/auto/Default3.xml
----------------- Instantiating /home/travis/build/icyphy/ptII/ptolemy/domains/modal/test/auto/Default3.xml
5 ms. Memory: 577536K Free: 262062K (45%)
----------------- Invoking toplevel() on ptolemy.moml.MoMLSimpleApplication@27f5c301
----------------- Done invoking toplevel() on ptolemy.moml.MoMLSimpleApplication@27f5c301
reloadAllAccessors: .Default3

===========================================================================================
----------------- testing Sat Jul 21 01:58:44 UTC 2018 /home/travis/build/icyphy/ptII/ptolemy/domains/modal/test/auto/Default4.xml
----------------- Instantiating /home/travis/build/icyphy/ptII/ptolemy/domains/modal/test/auto/Default4.xml
6 ms. Memory: 577536K Free: 252304K (44%)
----------------- Invoking toplevel() on ptolemy.moml.MoMLSimpleApplication@5de02367
----------------- Done invoking toplevel() on ptolemy.moml.MoMLSimpleApplication@5de02367
reloadAllAccessors: .Default4

===========================================================================================
----------------- testing Sat Jul 21 01:58:44 UTC 2018 /home/travis/build/icyphy/ptII/ptolemy/domains/modal/test/auto/Default5.xml
----------------- Instantiating /home/travis/build/icyphy/ptII/ptolemy/domains/modal/test/auto/Default5.xml
4 ms. Memory: 577536K Free: 239292K (41%)
----------------- Invoking toplevel() on ptolemy.moml.MoMLSimpleApplication@2a8c3650
----------------- Done invoking toplevel() on ptolemy.moml.MoMLSimpleApplication@2a8c3650
reloadAllAccessors: .Default5

===========================================================================================
----------------- testing Sat Jul 21 01:58:44 UTC 2018 /home/travis/build/icyphy/ptII/ptolemy/domains/modal/test/auto/EmptyGuard.xml
----------------- Instantiating /home/travis/build/icyphy/ptII/ptolemy/domains/modal/test/auto/EmptyGuard.xml
15 ms. Memory: 577536K Free: 226280K (39%)
----------------- Invoking toplevel() on ptolemy.moml.MoMLSimpleApplication@3b2a93ec
----------------- Done invoking toplevel() on ptolemy.moml.MoMLSimpleApplication@3b2a93ec
reloadAllAccessors: .EmptyGuard

===========================================================================================
----------------- testing Sat Jul 21 01:58:44 UTC 2018 /home/travis/build/icyphy/ptII/ptolemy/domains/modal/test/auto/ErrorTransition1.xml
----------------- Instantiating /home/travis/build/icyphy/ptII/ptolemy/domains/modal/test/auto/ErrorTransition1.xml
8 ms. Memory: 577536K Free: 210123K (36%)
----------------- Invoking toplevel() on ptolemy.moml.MoMLSimpleApplication@171720c3
----------------- Done invoking toplevel() on ptolemy.moml.MoMLSimpleApplication@171720c3
reloadAllAccessors: .ErrorTransition1

===========================================================================================
----------------- testing Sat Jul 21 01:58:45 UTC 2018 /home/travis/build/icyphy/ptII/ptolemy/domains/modal/test/auto/ErrorTransition10.xml
----------------- Instantiating /home/travis/build/icyphy/ptII/ptolemy/domains/modal/test/auto/ErrorTransition10.xml
14 ms. Memory: 577536K Free: 193859K (34%)
----------------- Invoking toplevel() on ptolemy.moml.MoMLSimpleApplication@20e80927
----------------- Done invoking toplevel() on ptolemy.moml.MoMLSimpleApplication@20e80927
reloadAllAccessors: .ErrorTransition10

===========================================================================================
----------------- testing Sat Jul 21 01:58:45 UTC 2018 /home/travis/build/icyphy/ptII/ptolemy/domains/modal/test/auto/ErrorTransition11.xml
----------------- Instantiating /home/travis/build/icyphy/ptII/ptolemy/domains/modal/test/auto/ErrorTransition11.xml
5 ms. Memory: 577536K Free: 177594K (31%)
----------------- Invoking toplevel() on ptolemy.moml.MoMLSimpleApplication@62c2aca3
----------------- Done invoking toplevel() on ptolemy.moml.MoMLSimpleApplication@62c2aca3
reloadAllAccessors: .ErrorTransition11

===========================================================================================
----------------- testing Sat Jul 21 01:58:45 UTC 2018 /home/travis/build/icyphy/ptII/ptolemy/domains/modal/test/auto/ErrorTransition2.xml
----------------- Instantiating /home/travis/build/icyphy/ptII/ptolemy/domains/modal/test/auto/ErrorTransition2.xml
6 ms. Memory: 577536K Free: 164583K (28%)
----------------- Invoking toplevel() on ptolemy.moml.MoMLSimpleApplication@74691b62
----------------- Done invoking toplevel() on ptolemy.moml.MoMLSimpleApplication@74691b62
reloadAllAccessors: .ErrorTransition2

===========================================================================================
----------------- testing Sat Jul 21 01:58:45 UTC 2018 /home/travis/build/icyphy/ptII/ptolemy/domains/modal/test/auto/ErrorTransition3.xml
----------------- Instantiating /home/travis/build/icyphy/ptII/ptolemy/domains/modal/test/auto/ErrorTransition3.xml
10 ms. Memory: 577536K Free: 151571K (26%)
----------------- Invoking toplevel() on ptolemy.moml.MoMLSimpleApplication@7184722
----------------- Done invoking toplevel() on ptolemy.moml.MoMLSimpleApplication@7184722
reloadAllAccessors: .ErrorTransition3

===========================================================================================
----------------- testing Sat Jul 21 01:58:45 UTC 2018 /home/travis/build/icyphy/ptII/ptolemy/domains/modal/test/auto/ErrorTransition4.xml
----------------- Instantiating /home/travis/build/icyphy/ptII/ptolemy/domains/modal/test/auto/ErrorTransition4.xml
9 ms. Memory: 577536K Free: 135414K (23%)
----------------- Invoking toplevel() on ptolemy.moml.MoMLSimpleApplication@405d977d
----------------- Done invoking toplevel() on ptolemy.moml.MoMLSimpleApplication@405d977d
reloadAllAccessors: .ErrorTransition4

===========================================================================================
----------------- testing Sat Jul 21 01:58:45 UTC 2018 /home/travis/build/icyphy/ptII/ptolemy/domains/modal/test/auto/ErrorTransition5.xml
----------------- Instantiating /home/travis/build/icyphy/ptII/ptolemy/domains/modal/test/auto/ErrorTransition5.xml
5 ms. Memory: 577536K Free: 122402K (21%)
----------------- Invoking toplevel() on ptolemy.moml.MoMLSimpleApplication@285fc383
----------------- Done invoking toplevel() on ptolemy.moml.MoMLSimpleApplication@285fc383
reloadAllAccessors: .ErrorTransition5

===========================================================================================
----------------- testing Sat Jul 21 01:58:45 UTC 2018 /home/travis/build/icyphy/ptII/ptolemy/domains/modal/test/auto/ErrorTransition6.xml
----------------- Instantiating /home/travis/build/icyphy/ptII/ptolemy/domains/modal/test/auto/ErrorTransition6.xml
7 ms. Memory: 577536K Free: 109390K (19%)
----------------- Invoking toplevel() on ptolemy.moml.MoMLSimpleApplication@246818df
----------------- Done invoking toplevel() on ptolemy.moml.MoMLSimpleApplication@246818df
reloadAllAccessors: .ErrorTransition6

===========================================================================================
----------------- testing Sat Jul 21 01:58:45 UTC 2018 /home/travis/build/icyphy/ptII/ptolemy/domains/modal/test/auto/ErrorTransition7.xml
----------------- Instantiating /home/travis/build/icyphy/ptII/ptolemy/domains/modal/test/auto/ErrorTransition7.xml
16 ms. Memory: 577536K Free: 93126K (16%)
----------------- Invoking toplevel() on ptolemy.moml.MoMLSimpleApplication@52aacaa0
----------------- Done invoking toplevel() on ptolemy.moml.MoMLSimpleApplication@52aacaa0
reloadAllAccessors: .ErrorTransition7

===========================================================================================
----------------- testing Sat Jul 21 01:58:45 UTC 2018 /home/travis/build/icyphy/ptII/ptolemy/domains/modal/test/auto/ErrorTransition8.xml
----------------- Instantiating /home/travis/build/icyphy/ptII/ptolemy/domains/modal/test/auto/ErrorTransition8.xml
21 ms. Memory: 578048K Free: 562335K (97%)
----------------- Invoking toplevel() on ptolemy.moml.MoMLSimpleApplication@69ca579d
----------------- Done invoking toplevel() on ptolemy.moml.MoMLSimpleApplication@69ca579d
reloadAllAccessors: .ErrorTransition8

===========================================================================================
----------------- testing Sat Jul 21 01:58:45 UTC 2018 /home/travis/build/icyphy/ptII/ptolemy/domains/modal/test/auto/ErrorTransition9.xml
----------------- Instantiating /home/travis/build/icyphy/ptII/ptolemy/domains/modal/test/auto/ErrorTransition9.xml
11 ms. Memory: 578048K Free: 543866K (94%)
----------------- Invoking toplevel() on ptolemy.moml.MoMLSimpleApplication@34e4df9d
----------------- Done invoking toplevel() on ptolemy.moml.MoMLSimpleApplication@34e4df9d
reloadAllAccessors: .ErrorTransition9

===========================================================================================
----------------- testing Sat Jul 21 01:58:45 UTC 2018 /home/travis/build/icyphy/ptII/ptolemy/domains/modal/test/auto/ExtendedFSM.xml
----------------- Instantiating /home/travis/build/icyphy/ptII/ptolemy/domains/modal/test/auto/ExtendedFSM.xml
4 ms. Memory: 578048K Free: 534108K (92%)
----------------- Invoking toplevel() on ptolemy.moml.MoMLSimpleApplication@26416c6a
----------------- Done invoking toplevel() on ptolemy.moml.MoMLSimpleApplication@26416c6a
reloadAllAccessors: .ExtendedFSM

===========================================================================================
----------------- testing Sat Jul 21 01:58:45 UTC 2018 /home/travis/build/icyphy/ptII/ptolemy/domains/modal/test/auto/FinalStates.xml
----------------- Instantiating /home/travis/build/icyphy/ptII/ptolemy/domains/modal/test/auto/FinalStates.xml
7 ms. Memory: 578048K Free: 522144K (90%)
----------------- Invoking toplevel() on ptolemy.moml.MoMLSimpleApplication@2e212be9
----------------- Done invoking toplevel() on ptolemy.moml.MoMLSimpleApplication@2e212be9
reloadAllAccessors: .FinalStates

===========================================================================================
----------------- testing Sat Jul 21 01:58:45 UTC 2018 /home/travis/build/icyphy/ptII/ptolemy/domains/modal/test/auto/FixedPointFSM.xml
----------------- Instantiating /home/travis/build/icyphy/ptII/ptolemy/domains/modal/test/auto/FixedPointFSM.xml
17 ms. Memory: 578048K Free: 502627K (87%)
----------------- Invoking toplevel() on ptolemy.moml.MoMLSimpleApplication@34b3a3cc
----------------- Done invoking toplevel() on ptolemy.moml.MoMLSimpleApplication@34b3a3cc
reloadAllAccessors: .FixedPointFSM

===========================================================================================
----------------- testing Sat Jul 21 01:58:45 UTC 2018 /home/travis/build/icyphy/ptII/ptolemy/domains/modal/test/auto/FixedPointIterationFSMActor.xml
----------------- Instantiating /home/travis/build/icyphy/ptII/ptolemy/domains/modal/test/auto/FixedPointIterationFSMActor.xml
6 ms. Memory: 578048K Free: 489615K (85%)
----------------- Invoking toplevel() on ptolemy.moml.MoMLSimpleApplication@10262629
----------------- Done invoking toplevel() on ptolemy.moml.MoMLSimpleApplication@10262629
reloadAllAccessors: .FixedPointIterationFSMActor

===========================================================================================
----------------- testing Sat Jul 21 01:58:45 UTC 2018 /home/travis/build/icyphy/ptII/ptolemy/domains/modal/test/auto/FixedPointIterationFSMActor2.xml
----------------- Instantiating /home/travis/build/icyphy/ptII/ptolemy/domains/modal/test/auto/FixedPointIterationFSMActor2.xml
8 ms. Memory: 578048K Free: 471146K (82%)
----------------- Invoking toplevel() on ptolemy.moml.MoMLSimpleApplication@7e9f9473
----------------- Done invoking toplevel() on ptolemy.moml.MoMLSimpleApplication@7e9f9473
reloadAllAccessors: .FixedPointIterationFSMActor2

===========================================================================================
----------------- testing Sat Jul 21 01:58:45 UTC 2018 /home/travis/build/icyphy/ptII/ptolemy/domains/modal/test/auto/ForbiddenInstantanousLoop.xml
----------------- Instantiating /home/travis/build/icyphy/ptII/ptolemy/domains/modal/test/auto/ForbiddenInstantanousLoop.xml
4 ms. Memory: 578048K Free: 454882K (79%)
----------------- Invoking toplevel() on ptolemy.moml.MoMLSimpleApplication@23b0dfc1
----------------- Done invoking toplevel() on ptolemy.moml.MoMLSimpleApplication@23b0dfc1
reloadAllAccessors: .ForbiddenInstantanousLoop

===========================================================================================
----------------- testing Sat Jul 21 01:58:45 UTC 2018 /home/travis/build/icyphy/ptII/ptolemy/domains/modal/test/auto/FunctionDependencyOfFSMActorTest.xml
----------------- Instantiating /home/travis/build/icyphy/ptII/ptolemy/domains/modal/test/auto/FunctionDependencyOfFSMActorTest.xml
16 ms. Memory: 578048K Free: 445123K (77%)
----------------- Invoking toplevel() on ptolemy.moml.MoMLSimpleApplication@6f2e68c0
----------------- Done invoking toplevel() on ptolemy.moml.MoMLSimpleApplication@6f2e68c0
reloadAllAccessors: .FunctionDependencyOfFSMActorTest

===========================================================================================
----------------- testing Sat Jul 21 01:58:45 UTC 2018 /home/travis/build/icyphy/ptII/ptolemy/domains/modal/test/auto/GuardExpression.xml
----------------- Instantiating /home/travis/build/icyphy/ptII/ptolemy/domains/modal/test/auto/GuardExpression.xml
6 ms. Memory: 578048K Free: 433159K (75%)
----------------- Invoking toplevel() on ptolemy.moml.MoMLSimpleApplication@449f74f5
----------------- Done invoking toplevel() on ptolemy.moml.MoMLSimpleApplication@449f74f5
reloadAllAccessors: .GuardExpression

===========================================================================================
----------------- testing Sat Jul 21 01:58:45 UTC 2018 /home/travis/build/icyphy/ptII/ptolemy/domains/modal/test/auto/GuardNotEvaluated.xml
----------------- Instantiating /home/travis/build/icyphy/ptII/ptolemy/domains/modal/test/auto/GuardNotEvaluated.xml
6 ms. Memory: 578048K Free: 420148K (73%)
----------------- Invoking toplevel() on ptolemy.moml.MoMLSimpleApplication@6f4a15e6
----------------- Done invoking toplevel() on ptolemy.moml.MoMLSimpleApplication@6f4a15e6
reloadAllAccessors: .GuardNotEvaluated

===========================================================================================
----------------- testing Sat Jul 21 01:58:45 UTC 2018 /home/travis/build/icyphy/ptII/ptolemy/domains/modal/test/auto/GuardNotEvaluated2.xml
----------------- Instantiating /home/travis/build/icyphy/ptII/ptolemy/domains/modal/test/auto/GuardNotEvaluated2.xml
11 ms. Memory: 578048K Free: 407136K (70%)
----------------- Invoking toplevel() on ptolemy.moml.MoMLSimpleApplication@2735a1e
----------------- Done invoking toplevel() on ptolemy.moml.MoMLSimpleApplication@2735a1e
reloadAllAccessors: .GuardNotEvaluated2

===========================================================================================
----------------- testing Sat Jul 21 01:58:45 UTC 2018 /home/travis/build/icyphy/ptII/ptolemy/domains/modal/test/auto/GuardOnAbsent.xml
----------------- Instantiating /home/travis/build/icyphy/ptII/ptolemy/domains/modal/test/auto/GuardOnAbsent.xml
7 ms. Memory: 578048K Free: 395173K (68%)
----------------- Invoking toplevel() on ptolemy.moml.MoMLSimpleApplication@4389c824
----------------- Done invoking toplevel() on ptolemy.moml.MoMLSimpleApplication@4389c824
reloadAllAccessors: .GuardOnAbsent

===========================================================================================
----------------- testing Sat Jul 21 01:58:45 UTC 2018 /home/travis/build/icyphy/ptII/ptolemy/domains/modal/test/auto/HierarchicalFSMTypeInference.xml
----------------- Instantiating /home/travis/build/icyphy/ptII/ptolemy/domains/modal/test/auto/HierarchicalFSMTypeInference.xml
4 ms. Memory: 578048K Free: 378908K (66%)
----------------- Invoking toplevel() on ptolemy.moml.MoMLSimpleApplication@57c9d6a2
----------------- Done invoking toplevel() on ptolemy.moml.MoMLSimpleApplication@57c9d6a2
reloadAllAccessors: .HierarchicalFSMTypeInference

===========================================================================================
----------------- testing Sat Jul 21 01:58:45 UTC 2018 /home/travis/build/icyphy/ptII/ptolemy/domains/modal/test/auto/Hysteresis.xml
----------------- Instantiating /home/travis/build/icyphy/ptII/ptolemy/domains/modal/test/auto/Hysteresis.xml
14 ms. Memory: 578048K Free: 359391K (62%)
----------------- Invoking toplevel() on ptolemy.moml.MoMLSimpleApplication@2944eec1
----------------- Done invoking toplevel() on ptolemy.moml.MoMLSimpleApplication@2944eec1
reloadAllAccessors: .Hysteresis

===========================================================================================
----------------- testing Sat Jul 21 01:58:45 UTC 2018 /home/travis/build/icyphy/ptII/ptolemy/domains/modal/test/auto/HysteresisWithDefault.xml
----------------- Instantiating /home/travis/build/icyphy/ptII/ptolemy/domains/modal/test/auto/HysteresisWithDefault.xml
35 ms. Memory: 578048K Free: 331163K (57%)
----------------- Invoking toplevel() on ptolemy.moml.MoMLSimpleApplication@415c0d04
----------------- Done invoking toplevel() on ptolemy.moml.MoMLSimpleApplication@415c0d04
reloadAllAccessors: .HysteresisWithDefault

===========================================================================================
----------------- testing Sat Jul 21 01:58:45 UTC 2018 /home/travis/build/icyphy/ptII/ptolemy/domains/modal/test/auto/HysteresisWithDefault2.xml
----------------- Instantiating /home/travis/build/icyphy/ptII/ptolemy/domains/modal/test/auto/HysteresisWithDefault2.xml
74 ms. Memory: 578048K Free: 298633K (52%)
----------------- Invoking toplevel() on ptolemy.moml.MoMLSimpleApplication@76df9f73
----------------- Done invoking toplevel() on ptolemy.moml.MoMLSimpleApplication@76df9f73
reloadAllAccessors: .HysteresisWithDefault2

===========================================================================================
----------------- testing Sat Jul 21 01:58:46 UTC 2018 /home/travis/build/icyphy/ptII/ptolemy/domains/modal/test/auto/ImmediateNonConstructiveness.xml
----------------- Instantiating /home/travis/build/icyphy/ptII/ptolemy/domains/modal/test/auto/ImmediateNonConstructiveness.xml
2 ms. Memory: 578048K Free: 286670K (50%)
----------------- Invoking toplevel() on ptolemy.moml.MoMLSimpleApplication@4e743c7f
----------------- Done invoking toplevel() on ptolemy.moml.MoMLSimpleApplication@4e743c7f
reloadAllAccessors: .ImmediateNonConstructiveness

===========================================================================================
----------------- testing Sat Jul 21 01:58:46 UTC 2018 /home/travis/build/icyphy/ptII/ptolemy/domains/modal/test/auto/ImmediateNonConstructiveness2.xml
----------------- Instantiating /home/travis/build/icyphy/ptII/ptolemy/domains/modal/test/auto/ImmediateNonConstructiveness2.xml
6 ms. Memory: 578048K Free: 276911K (48%)
----------------- Invoking toplevel() on ptolemy.moml.MoMLSimpleApplication@c4fc44a
----------------- Done invoking toplevel() on ptolemy.moml.MoMLSimpleApplication@c4fc44a
reloadAllAccessors: .ImmediateNonConstructiveness2

===========================================================================================
----------------- testing Sat Jul 21 01:58:46 UTC 2018 /home/travis/build/icyphy/ptII/ptolemy/domains/modal/test/auto/ImmediateTransitionReset.xml
----------------- Instantiating /home/travis/build/icyphy/ptII/ptolemy/domains/modal/test/auto/ImmediateTransitionReset.xml
7 ms. Memory: 578048K Free: 260647K (45%)
----------------- Invoking toplevel() on ptolemy.moml.MoMLSimpleApplication@41dddd30
----------------- Done invoking toplevel() on ptolemy.moml.MoMLSimpleApplication@41dddd30
reloadAllAccessors: .ImmediateTransitionReset

===========================================================================================
----------------- testing Sat Jul 21 01:58:46 UTC 2018 /home/travis/build/icyphy/ptII/ptolemy/domains/modal/test/auto/ImmediateTransitions1.xml
----------------- Instantiating /home/travis/build/icyphy/ptII/ptolemy/domains/modal/test/auto/ImmediateTransitions1.xml
2 ms. Memory: 578048K Free: 248684K (43%)
----------------- Invoking toplevel() on ptolemy.moml.MoMLSimpleApplication@3386db7c
----------------- Done invoking toplevel() on ptolemy.moml.MoMLSimpleApplication@3386db7c
reloadAllAccessors: .ImmediateTransitions1

===========================================================================================
----------------- testing Sat Jul 21 01:58:46 UTC 2018 /home/travis/build/icyphy/ptII/ptolemy/domains/modal/test/auto/ImmediateTransitionsInstantaneousCommunication.xml
----------------- Instantiating /home/travis/build/icyphy/ptII/ptolemy/domains/modal/test/auto/ImmediateTransitionsInstantaneousCommunication.xml
4 ms. Memory: 578048K Free: 232419K (40%)
----------------- Invoking toplevel() on ptolemy.moml.MoMLSimpleApplication@1721e237
----------------- Done invoking toplevel() on ptolemy.moml.MoMLSimpleApplication@1721e237
reloadAllAccessors: .ImmediateTransitionsInstantaneousCommunication

===========================================================================================
----------------- testing Sat Jul 21 01:58:46 UTC 2018 /home/travis/build/icyphy/ptII/ptolemy/domains/modal/test/auto/InitialImmediateTransition.xml
----------------- Instantiating /home/travis/build/icyphy/ptII/ptolemy/domains/modal/test/auto/InitialImmediateTransition.xml
2 ms. Memory: 578048K Free: 222660K (39%)
----------------- Invoking toplevel() on ptolemy.moml.MoMLSimpleApplication@5c74e4de
----------------- Done invoking toplevel() on ptolemy.moml.MoMLSimpleApplication@5c74e4de
reloadAllAccessors: .InitialImmediateTransition

===========================================================================================
----------------- testing Sat Jul 21 01:58:46 UTC 2018 /home/travis/build/icyphy/ptII/ptolemy/domains/modal/test/auto/InitialOutputs.xml
----------------- Instantiating /home/travis/build/icyphy/ptII/ptolemy/domains/modal/test/auto/InitialOutputs.xml
3 ms. Memory: 578048K Free: 210697K (36%)
----------------- Invoking toplevel() on ptolemy.moml.MoMLSimpleApplication@7cc76b7
----------------- Done invoking toplevel() on ptolemy.moml.MoMLSimpleApplication@7cc76b7
reloadAllAccessors: .InitialOutputs

===========================================================================================
----------------- testing Sat Jul 21 01:58:46 UTC 2018 /home/travis/build/icyphy/ptII/ptolemy/domains/modal/test/auto/InitialStateTransition1.xml
----------------- Instantiating /home/travis/build/icyphy/ptII/ptolemy/domains/modal/test/auto/InitialStateTransition1.xml
3 ms. Memory: 578048K Free: 197685K (34%)
----------------- Invoking toplevel() on ptolemy.moml.MoMLSimpleApplication@5d055b5d
----------------- Done invoking toplevel() on ptolemy.moml.MoMLSimpleApplication@5d055b5d
reloadAllAccessors: .InitialStateTransition1

===========================================================================================
----------------- testing Sat Jul 21 01:58:46 UTC 2018 /home/travis/build/icyphy/ptII/ptolemy/domains/modal/test/auto/InitialStateTransition2.xml
----------------- Instantiating /home/travis/build/icyphy/ptII/ptolemy/domains/modal/test/auto/InitialStateTransition2.xml
.InitialStateTransition2.TestExceptionAttributeNonConstructive: initialize() was not invoked, but wrapup() was.  This is unusual, but not always a problem.  For example, exporting JNLP will do this.
1 ms. Memory: 578048K Free: 184674K (32%)
----------------- Invoking toplevel() on ptolemy.moml.MoMLSimpleApplication@1aad2a19
----------------- Done invoking toplevel() on ptolemy.moml.MoMLSimpleApplication@1aad2a19
reloadAllAccessors: .InitialStateTransition2

===========================================================================================
----------------- testing Sat Jul 21 01:58:46 UTC 2018 /home/travis/build/icyphy/ptII/ptolemy/domains/modal/test/auto/InitialStateTransition3.xml
----------------- Instantiating /home/travis/build/icyphy/ptII/ptolemy/domains/modal/test/auto/InitialStateTransition3.xml
5 ms. Memory: 578048K Free: 169458K (29%)
----------------- Invoking toplevel() on ptolemy.moml.MoMLSimpleApplication@1876540b
----------------- Done invoking toplevel() on ptolemy.moml.MoMLSimpleApplication@1876540b
reloadAllAccessors: .InitialStateTransition3

===========================================================================================
----------------- testing Sat Jul 21 01:58:46 UTC 2018 /home/travis/build/icyphy/ptII/ptolemy/domains/modal/test/auto/InitialStateTransition4.xml
----------------- Instantiating /home/travis/build/icyphy/ptII/ptolemy/domains/modal/test/auto/InitialStateTransition4.xml
3 ms. Memory: 578048K Free: 156446K (27%)
----------------- Invoking toplevel() on ptolemy.moml.MoMLSimpleApplication@4c83fff7
----------------- Done invoking toplevel() on ptolemy.moml.MoMLSimpleApplication@4c83fff7
[...]
----------------- Done invoking toplevel() on ptolemy.moml.MoMLSimpleApplication@3a98bc35
reloadAllAccessors: .TerminationTransition3

===========================================================================================
----------------- testing Sat Jul 21 01:58:48 UTC 2018 /home/travis/build/icyphy/ptII/ptolemy/domains/modal/test/auto/TerminationTransition4.xml
----------------- Instantiating /home/travis/build/icyphy/ptII/ptolemy/domains/modal/test/auto/TerminationTransition4.xml
5 ms. Memory: 870912K Free: 843107K (97%)
----------------- Invoking toplevel() on ptolemy.moml.MoMLSimpleApplication@6da7d86c
----------------- Done invoking toplevel() on ptolemy.moml.MoMLSimpleApplication@6da7d86c
reloadAllAccessors: .TerminationTransition4

===========================================================================================
----------------- testing Sat Jul 21 01:58:48 UTC 2018 /home/travis/build/icyphy/ptII/ptolemy/domains/modal/test/auto/TerminationTransition5.xml
----------------- Instantiating /home/travis/build/icyphy/ptII/ptolemy/domains/modal/test/auto/TerminationTransition5.xml
2 ms. Memory: 870912K Free: 820446K (94%)
----------------- Invoking toplevel() on ptolemy.moml.MoMLSimpleApplication@6ffeccbb
----------------- Done invoking toplevel() on ptolemy.moml.MoMLSimpleApplication@6ffeccbb
reloadAllAccessors: .TerminationTransition5

===========================================================================================
----------------- testing Sat Jul 21 01:58:48 UTC 2018 /home/travis/build/icyphy/ptII/ptolemy/domains/modal/test/auto/TerminationTransition6.xml
----------------- Instantiating /home/travis/build/icyphy/ptII/ptolemy/domains/modal/test/auto/TerminationTransition6.xml
1 ms. Memory: 870912K Free: 804840K (92%)
----------------- Invoking toplevel() on ptolemy.moml.MoMLSimpleApplication@a2512f2
----------------- Done invoking toplevel() on ptolemy.moml.MoMLSimpleApplication@a2512f2
reloadAllAccessors: .TerminationTransition6

===========================================================================================
----------------- testing Sat Jul 21 01:58:48 UTC 2018 /home/travis/build/icyphy/ptII/ptolemy/domains/modal/test/auto/TerminationTransition7.xml
----------------- Instantiating /home/travis/build/icyphy/ptII/ptolemy/domains/modal/test/auto/TerminationTransition7.xml
2 ms. Memory: 870912K Free: 787275K (90%)
----------------- Invoking toplevel() on ptolemy.moml.MoMLSimpleApplication@423978bf
----------------- Done invoking toplevel() on ptolemy.moml.MoMLSimpleApplication@423978bf
reloadAllAccessors: .TerminationTransition7

===========================================================================================
----------------- testing Sat Jul 21 01:58:48 UTC 2018 /home/travis/build/icyphy/ptII/ptolemy/domains/modal/test/auto/TerminationTransition8.xml
----------------- Instantiating /home/travis/build/icyphy/ptII/ptolemy/domains/modal/test/auto/TerminationTransition8.xml
2 ms. Memory: 870912K Free: 771669K (89%)
----------------- Invoking toplevel() on ptolemy.moml.MoMLSimpleApplication@46353a66
----------------- Done invoking toplevel() on ptolemy.moml.MoMLSimpleApplication@46353a66
reloadAllAccessors: .TerminationTransition8

===========================================================================================
----------------- testing Sat Jul 21 01:58:48 UTC 2018 /home/travis/build/icyphy/ptII/ptolemy/domains/modal/test/auto/Thermostat_NoHysteresis.xml
----------------- Instantiating /home/travis/build/icyphy/ptII/ptolemy/domains/modal/test/auto/Thermostat_NoHysteresis.xml
25 ms. Memory: 870912K Free: 738604K (85%)
----------------- Invoking toplevel() on ptolemy.moml.MoMLSimpleApplication@1fb8fb9e
----------------- Done invoking toplevel() on ptolemy.moml.MoMLSimpleApplication@1fb8fb9e
reloadAllAccessors: .Thermostat_NoHysteresis

===========================================================================================
----------------- testing Sat Jul 21 01:58:48 UTC 2018 /home/travis/build/icyphy/ptII/ptolemy/domains/modal/test/auto/TimedFSM.xml
----------------- Instantiating /home/travis/build/icyphy/ptII/ptolemy/domains/modal/test/auto/TimedFSM.xml
7 ms. Memory: 870912K Free: 722998K (83%)
----------------- Invoking toplevel() on ptolemy.moml.MoMLSimpleApplication@4e26493b
----------------- Done invoking toplevel() on ptolemy.moml.MoMLSimpleApplication@4e26493b
reloadAllAccessors: .TimedFSM

===========================================================================================
----------------- testing Sat Jul 21 01:58:48 UTC 2018 /home/travis/build/icyphy/ptII/ptolemy/domains/modal/test/auto/Timeout1.xml
----------------- Instantiating /home/travis/build/icyphy/ptII/ptolemy/domains/modal/test/auto/Timeout1.xml
3 ms. Memory: 870912K Free: 710740K (82%)
----------------- Invoking toplevel() on ptolemy.moml.MoMLSimpleApplication@296be6d2
----------------- Done invoking toplevel() on ptolemy.moml.MoMLSimpleApplication@296be6d2
reloadAllAccessors: .Timeout1

===========================================================================================
----------------- testing Sat Jul 21 01:58:48 UTC 2018 /home/travis/build/icyphy/ptII/ptolemy/domains/modal/test/auto/Timeout2.xml
----------------- Instantiating /home/travis/build/icyphy/ptII/ptolemy/domains/modal/test/auto/Timeout2.xml
5 ms. Memory: 870912K Free: 695134K (80%)
----------------- Invoking toplevel() on ptolemy.moml.MoMLSimpleApplication@2447be96
----------------- Done invoking toplevel() on ptolemy.moml.MoMLSimpleApplication@2447be96
reloadAllAccessors: .Timeout2

===========================================================================================
----------------- testing Sat Jul 21 01:58:48 UTC 2018 /home/travis/build/icyphy/ptII/ptolemy/domains/modal/test/auto/Timeout3.xml
----------------- Instantiating /home/travis/build/icyphy/ptII/ptolemy/domains/modal/test/auto/Timeout3.xml
2 ms. Memory: 870912K Free: 682877K (78%)
----------------- Invoking toplevel() on ptolemy.moml.MoMLSimpleApplication@7a40482b
----------------- Done invoking toplevel() on ptolemy.moml.MoMLSimpleApplication@7a40482b
reloadAllAccessors: .Timeout3

===========================================================================================
----------------- testing Sat Jul 21 01:58:48 UTC 2018 /home/travis/build/icyphy/ptII/ptolemy/domains/modal/test/auto/Timeout4.xml
----------------- Instantiating /home/travis/build/icyphy/ptII/ptolemy/domains/modal/test/auto/Timeout4.xml
2 ms. Memory: 870912K Free: 672473K (77%)
----------------- Invoking toplevel() on ptolemy.moml.MoMLSimpleApplication@2a9a40e8
----------------- Done invoking toplevel() on ptolemy.moml.MoMLSimpleApplication@2a9a40e8
reloadAllAccessors: .Timeout4

===========================================================================================
----------------- testing Sat Jul 21 01:58:48 UTC 2018 /home/travis/build/icyphy/ptII/ptolemy/domains/modal/test/auto/TransientstateModelAdvanced.xml
----------------- Instantiating /home/travis/build/icyphy/ptII/ptolemy/domains/modal/test/auto/TransientstateModelAdvanced.xml
3 ms. Memory: 870912K Free: 649811K (75%)
----------------- Invoking toplevel() on ptolemy.moml.MoMLSimpleApplication@73a2b77d
----------------- Done invoking toplevel() on ptolemy.moml.MoMLSimpleApplication@73a2b77d
reloadAllAccessors: .TransientstateModelAdvanced

===========================================================================================
----------------- testing Sat Jul 21 01:58:48 UTC 2018 /home/travis/build/icyphy/ptII/ptolemy/domains/modal/test/auto/TransientstateModelAdvanced2.xml
----------------- Instantiating /home/travis/build/icyphy/ptII/ptolemy/domains/modal/test/auto/TransientstateModelAdvanced2.xml
3 ms. Memory: 870912K Free: 629003K (72%)
----------------- Invoking toplevel() on ptolemy.moml.MoMLSimpleApplication@69608414
----------------- Done invoking toplevel() on ptolemy.moml.MoMLSimpleApplication@69608414
reloadAllAccessors: .transientstatemodelAdvanced

===========================================================================================
----------------- testing Sat Jul 21 01:58:48 UTC 2018 /home/travis/build/icyphy/ptII/ptolemy/domains/modal/test/auto/TransitionRefinements.xml
----------------- Instantiating /home/travis/build/icyphy/ptII/ptolemy/domains/modal/test/auto/TransitionRefinements.xml
6 ms. Memory: 870912K Free: 611544K (70%)
----------------- Invoking toplevel() on ptolemy.moml.MoMLSimpleApplication@5295ac84
----------------- Done invoking toplevel() on ptolemy.moml.MoMLSimpleApplication@5295ac84
reloadAllAccessors: .TransitionRefinements

===========================================================================================
----------------- testing Sat Jul 21 01:58:48 UTC 2018 /home/travis/build/icyphy/ptII/ptolemy/domains/modal/test/auto/TwoRefinements1.xml
----------------- Instantiating /home/travis/build/icyphy/ptII/ptolemy/domains/modal/test/auto/TwoRefinements1.xml
2 ms. Memory: 870912K Free: 595938K (68%)
----------------- Invoking toplevel() on ptolemy.moml.MoMLSimpleApplication@169655ec
----------------- Done invoking toplevel() on ptolemy.moml.MoMLSimpleApplication@169655ec
reloadAllAccessors: .TwoRefinements1

===========================================================================================
----------------- testing Sat Jul 21 01:58:48 UTC 2018 /home/travis/build/icyphy/ptII/ptolemy/domains/modal/test/auto/TwoRefinements2.xml
----------------- Instantiating /home/travis/build/icyphy/ptII/ptolemy/domains/modal/test/auto/TwoRefinements2.xml
2 ms. Memory: 870912K Free: 578478K (66%)
----------------- Invoking toplevel() on ptolemy.moml.MoMLSimpleApplication@73fa3621
----------------- Done invoking toplevel() on ptolemy.moml.MoMLSimpleApplication@73fa3621
reloadAllAccessors: .TwoRefinements2

===========================================================================================
----------------- testing Sat Jul 21 01:58:48 UTC 2018 /home/travis/build/icyphy/ptII/ptolemy/domains/modal/test/auto/WeakImmediateTransition.xml
----------------- Instantiating /home/travis/build/icyphy/ptII/ptolemy/domains/modal/test/auto/WeakImmediateTransition.xml
2 ms. Memory: 870912K Free: 562872K (65%)
----------------- Invoking toplevel() on ptolemy.moml.MoMLSimpleApplication@13f7b524
----------------- Done invoking toplevel() on ptolemy.moml.MoMLSimpleApplication@13f7b524
reloadAllAccessors: .WeakImmediateTransition

===========================================================================================
----------------- testing Sat Jul 21 01:58:48 UTC 2018 /home/travis/build/icyphy/ptII/ptolemy/domains/modal/test/auto/booleanSelect.xml
----------------- Instantiating /home/travis/build/icyphy/ptII/ptolemy/domains/modal/test/auto/booleanSelect.xml
35 ms. Memory: 870912K Free: 535009K (61%)
----------------- Invoking toplevel() on ptolemy.moml.MoMLSimpleApplication@4582e192
----------------- Done invoking toplevel() on ptolemy.moml.MoMLSimpleApplication@4582e192
reloadAllAccessors: .booleanSelect

===========================================================================================
----------------- testing Sat Jul 21 01:58:48 UTC 2018 /home/travis/build/icyphy/ptII/ptolemy/domains/modal/test/auto/modalChangingParams.xml
----------------- Instantiating /home/travis/build/icyphy/ptII/ptolemy/domains/modal/test/auto/modalChangingParams.xml
0
1
0
2
4
6
8
7
0
2
4
6
8
13
0
2
4
6
8
19
0
2
4
6
8
25
0
2
4
6
8
31
0
2
4
6
8
37
0
2
4
6
8
43
0
2
4
6
8
49
0
2
4
6
8
55
0
2
4
6
8
61
0
2
4
6
8
67
0
2
4
6
8
73
0
2
4
6
8
79
0
2
4
6
8
85
0
2
4
6
8
91
0
2
4
6
8
97
0
2
4
6
8
103
0
2
4
6
8
109
0
2
4
6
8
115
0
2
4
6
8
121
0
2
4
6
8
127
0
2
4
6
8
133
0
2
4
6
8
139
0
2
4
6
8
145
0
2
4
6
8
151
0
2
4
6
8
157
0
2
4
6
8
163
0
2
4
6
8
169
0
2
4
6
8
175
0
2
4
6
8
181
0
2
4
6
8
187
0
2
4
6
8
193
0
2
4
6
8
199
0
2
4
6
8
205
0
2
4
6
8
211
0
2
4
6
8
217
0
2
4
6
8
223
0
2
4
6
8
229
0
2
4
6
8
235
0
2
4
6
8
241
0
2
4
6
8
247
0
2
4
6
8
253
0
2
4
6
8
259
0
2
4
6
8
265
0
2
4
6
8
271
0
2
4
6
8
277
0
2
4
6
8
283
0
2
4
6
8
289
0
2
4
6
8
295
0
2
4
6
8
301
0
2
4
6
8
307
0
2
4
6
8
313
0
2
4
6
8
319
0
2
4
6
8
325
0
2
4
6
8
331
0
2
4
6
8
337
0
2
4
6
8
343
0
2
4
6
8
349
0
2
4
6
8
355
0
2
4
6
8
361
0
2
4
6
8
367
0
2
4
6
8
373
0
2
4
6
8
379
0
2
4
6
8
385
0
2
4
6
8
391
0
2
4
6
8
397
0
2
4
6
8
403
0
2
4
6
8
409
0
2
4
6
8
415
0
2
4
6
8
421
0
2
4
6
8
427
0
2
4
6
8
433
0
2
4
6
8
439
0
2
4
6
8
445
0
2
4
6
8
451
0
2
4
6
8
457
0
2
4
6
8
463
0
2
4
6
8
469
0
2
4
6
8
475
0
2
4
6
8
481
0
2
4
6
8
487
0
2
4
6
8
493
0
2
4
6
8
499
0
2
4
6
8
505
0
2
4
6
8
511
0
2
4
6
8
517
0
2
4
6
8
523
0
2
4
6
8
529
0
2
4
6
8
535
0
2
4
6
8
541
0
2
4
6
8
547
0
2
4
6
8
553
0
2
4
6
8
559
0
2
4
6
8
565
0
2
4
6
8
571
0
2
4
6
8
577
0
2
4
6
8
583
0
2
4
6
8
589
0
2
4
6
8
595
0
2
4
6
8
601
0
2
4
6
8
607
0
2
4
6
8
613
0
2
4
6
8
619
0
2
4
6
8
625
0
2
4
6
8
631
0
2
4
6
8
637
0
2
4
6
8
643
0
2
4
6
8
649
0
2
4
6
8
655
0
2
4
6
8
661
0
2
4
6
8
667
0
2
4
6
8
673
0
2
4
6
8
679
0
2
4
6
8
685
0
2
4
6
8
691
0
2
4
6
8
697
0
2
4
6
8
703
0
2
4
6
8
709
0
2
4
6
8
715
0
2
4
6
8
721
0
2
4
6
8
727
0
2
4
6
8
733
0
2
4
6
8
739
0
2
4
6
8
745
0
2
4
6
8
751
0
2
4
6
8
757
0
2
4
6
8
763
0
2
4
6
8
769
0
2
4
6
8
775
0
2
4
6
8
781
0
2
4
6
8
787
0
2
4
6
8
793
0
2
4
6
8
799
0
2
4
6
8
805
0
2
4
6
8
811
0
2
4
6
8
817
0
2
4
6
8
823
0
2
4
6
8
829
0
2
4
6
8
835
0
2
4
6
8
841
0
2
4
6
8
847
0
2
4
6
8
853
0
2
4
6
8
859
0
2
4
6
8
865
0
2
4
6
8
871
0
2
4
6
8
877
0
2
4
6
8
883
0
2
4
6
8
889
0
2
4
6
8
895
0
2
4
6
8
901
0
2
4
6
8
907
0
2
4
6
8
913
0
2
4
6
8
919
0
2
4
6
8
925
0
2
4
6
8
931
0
2
4
6
8
937
0
2
4
6
8
943
0
2
4
6
8
949
0
2
4
6
8
955
0
2
4
6
8
961
0
2
4
6
8
967
0
2
4
6
8
973
0
2
4
6
8
979
0
2
4
6
8
985
0
2
4
6
8
991
0
2
4
6
8
997
0
2
195 ms. Memory: 870912K Free: 415365K (48%)
----------------- Invoking toplevel() on ptolemy.moml.MoMLSimpleApplication@4c4f6d03
----------------- Done invoking toplevel() on ptolemy.moml.MoMLSimpleApplication@4c4f6d03
reloadAllAccessors: .modalChangingParams

===========================================================================================
----------------- testing Sat Jul 21 01:58:48 UTC 2018 /home/travis/build/icyphy/ptII/ptolemy/domains/modal/test/auto/modalModel.xml
----------------- Instantiating /home/travis/build/icyphy/ptII/ptolemy/domains/modal/test/auto/modalModel.xml
6 ms. Memory: 870912K Free: 399759K (46%)
----------------- Invoking toplevel() on ptolemy.moml.MoMLSimpleApplication@72f9da86
----------------- Done invoking toplevel() on ptolemy.moml.MoMLSimpleApplication@72f9da86
reloadAllAccessors: .modalModel

===========================================================================================
----------------- testing Sat Jul 21 01:58:48 UTC 2018 /home/travis/build/icyphy/ptII/ptolemy/domains/modal/test/auto/modalModel2.xml
----------------- Instantiating /home/travis/build/icyphy/ptII/ptolemy/domains/modal/test/auto/modalModel2.xml
6 ms. Memory: 870912K Free: 382299K (44%)
----------------- Invoking toplevel() on ptolemy.moml.MoMLSimpleApplication@3453c85f
----------------- Done invoking toplevel() on ptolemy.moml.MoMLSimpleApplication@3453c85f
reloadAllAccessors: .modalModel2

===========================================================================================
----------------- testing Sat Jul 21 01:58:48 UTC 2018 /home/travis/build/icyphy/ptII/ptolemy/domains/modal/test/auto/modalModel3.xml
----------------- Instantiating /home/travis/build/icyphy/ptII/ptolemy/domains/modal/test/auto/modalModel3.xml
0	0	0
1	0	1
4	2	2
7	4	3
10	6	4
5	0	5
8	2	6
11	4	7
14	6	8
9	0	9
12	2	10
15	4	11
18	6	12
13	0	13
16	2	14
11 ms. Memory: 870912K Free: 361492K (42%)
----------------- Invoking toplevel() on ptolemy.moml.MoMLSimpleApplication@4640e145
----------------- Done invoking toplevel() on ptolemy.moml.MoMLSimpleApplication@4640e145
reloadAllAccessors: .modalModel3

===========================================================================================
----------------- testing Sat Jul 21 01:58:49 UTC 2018 /home/travis/build/icyphy/ptII/ptolemy/domains/modal/test/auto/model1.xml
----------------- Instantiating /home/travis/build/icyphy/ptII/ptolemy/domains/modal/test/auto/model1.xml
9 ms. Memory: 870912K Free: 349234K (40%)
----------------- Invoking toplevel() on ptolemy.moml.MoMLSimpleApplication@1cefc847
----------------- Done invoking toplevel() on ptolemy.moml.MoMLSimpleApplication@1cefc847
reloadAllAccessors: .model1

===========================================================================================
----------------- testing Sat Jul 21 01:58:49 UTC 2018 /home/travis/build/icyphy/ptII/ptolemy/domains/modal/test/auto/test-direct-in-out.xml
----------------- Instantiating /home/travis/build/icyphy/ptII/ptolemy/domains/modal/test/auto/test-direct-in-out.xml
5 ms. Memory: 870912K Free: 333628K (38%)
----------------- Invoking toplevel() on ptolemy.moml.MoMLSimpleApplication@df720fb
----------------- Done invoking toplevel() on ptolemy.moml.MoMLSimpleApplication@df720fb
reloadAllAccessors: .test-direct-in-out
AutoTests.java: About to close Vertx.
AutoTests.java: Vertx closed.
]]></system-out>
  <system-err><![CDATA[java.lang.RuntimeException: Execution failed
	at ptolemy.moml.MoMLSimpleApplication$UnloadThread.run(MoMLSimpleApplication.java:402)
Caused by: ptolemy.kernel.util.IllegalActionException: Unknown inputs remain. Possible causality loop:
L_model_1893289564i

  in .CannotAnalysisWithPreemption.model_1893289564_region_1 and .CannotAnalysisWithPreemption.model_1893289564_region_1.L_model_1893289564i
	at ptolemy.actor.sched.FixedPointDirector.postfire(FixedPointDirector.java:515)
	at ptolemy.domains.sr.kernel.SRDirector.postfire(SRDirector.java:417)
	at ptolemy.actor.CompositeActor.postfire(CompositeActor.java:1668)
	at ptolemy.actor.Manager.iterate(Manager.java:852)
	at ptolemy.actor.Manager.execute(Manager.java:369)
	at ptolemy.actor.Manager.run(Manager.java:1263)
	at ptolemy.actor.Manager$PtolemyRunThread.run(Manager.java:1915)
java.lang.reflect.InvocationTargetException
	at sun.reflect.NativeConstructorAccessorImpl.newInstance0(Native Method)
	at sun.reflect.NativeConstructorAccessorImpl.newInstance(NativeConstructorAccessorImpl.java:62)
	at sun.reflect.DelegatingConstructorAccessorImpl.newInstance(DelegatingConstructorAccessorImpl.java:45)
	at java.lang.reflect.Constructor.newInstance(Constructor.java:423)
	at ptolemy.util.test.junit.AutoKnownFailedTests.RunModel(AutoKnownFailedTests.java:107)
	at sun.reflect.NativeMethodAccessorImpl.invoke0(Native Method)
	at sun.reflect.NativeMethodAccessorImpl.invoke(NativeMethodAccessorImpl.java:62)
	at sun.reflect.DelegatingMethodAccessorImpl.invoke(DelegatingMethodAccessorImpl.java:43)
	at java.lang.reflect.Method.invoke(Method.java:498)
	at org.junit.runners.model.FrameworkMethod$1.runReflectiveCall(FrameworkMethod.java:44)
	at org.junit.internal.runners.model.ReflectiveCallable.run(ReflectiveCallable.java:15)
	at org.junit.runners.model.FrameworkMethod.invokeExplosively(FrameworkMethod.java:41)
	at junitparams.internal.InvokeParameterisedMethod.evaluate(InvokeParameterisedMethod.java:102)
	at org.junit.internal.runners.statements.FailOnTimeout$1.run(FailOnTimeout.java:28)
Caused by: ptolemy.kernel.util.IllegalActionException: Unknown inputs remain. Possible causality loop:
L_model_1893289564i

  in .CannotAnalysisWithPreemption.model_1893289564_region_1 and .CannotAnalysisWithPreemption.model_1893289564_region_1.L_model_1893289564i
	at ptolemy.actor.sched.FixedPointDirector.postfire(FixedPointDirector.java:515)
	at ptolemy.domains.sr.kernel.SRDirector.postfire(SRDirector.java:417)
	at ptolemy.actor.CompositeActor.postfire(CompositeActor.java:1668)
	at ptolemy.actor.Manager.iterate(Manager.java:852)
	at ptolemy.actor.Manager.execute(Manager.java:369)
	at ptolemy.actor.Manager.run(Manager.java:1263)
	at ptolemy.actor.Manager$PtolemyRunThread.run(Manager.java:1915)
]]></system-err>
</testsuite>
