<?xml version="1.0" encoding="UTF-8" ?>
<testsuite errors="0" failures="0" hostname="travis-job-d7860a02-8b33-4a5a-ae6a-2bdbf352c82f" name="ptolemy.domains.de.test.junit.JUnitTclTest" skipped="0" tests="101" time="134.87" timestamp="2019-08-31T05:30:14">
  <properties>
[...]
</properties>
  <testcase classname="ptolemy.util.test.junit.TclTests" name="[0] /home/travis/build/icyphy/ptII/ptolemy/domains/de/test/DependencyLoop.tcl (RunTclFile)" time="1.155" />
  <testcase classname="ptolemy.util.test.junit.TclTests" name="[1] /home/travis/build/icyphy/ptII/ptolemy/domains/de/test/RunDETestsAsQSS.tcl (RunTclFile)" time="90.604" />
  <testcase classname="ptolemy.util.test.junit.AutoKnownFailedTests" name="[0] /home/travis/build/icyphy/ptII/ptolemy/domains/de/test/auto/knownFailedTests/DESDFClockTest.xml (RunModel)" time="2.072" />
  <testcase classname="ptolemy.util.test.junit.AutoKnownFailedTests" name="[1] /home/travis/build/icyphy/ptII/ptolemy/domains/de/test/auto/knownFailedTests/DirectFeedback.xml (RunModel)" time="0.01" />
  <testcase classname="ptolemy.util.test.junit.AutoKnownFailedTests" name="[2] /home/travis/build/icyphy/ptII/ptolemy/domains/de/test/auto/knownFailedTests/FSMSource.xml (RunModel)" time="0.028" />
  <testcase classname="ptolemy.util.test.junit.AutoKnownFailedTests" name="[3] /home/travis/build/icyphy/ptII/ptolemy/domains/de/test/auto/knownFailedTests/HierarchicalModel.xml (RunModel)" time="0.036" />
  <testcase classname="ptolemy.util.test.junit.AutoKnownFailedTests" name="[4] /home/travis/build/icyphy/ptII/ptolemy/domains/de/test/auto/knownFailedTests/dependencyLoop.xml (RunModel)" time="0.042" />
  <testcase classname="ptolemy.util.test.junit.AutoKnownFailedTests" name="[5] /home/travis/build/icyphy/ptII/ptolemy/domains/de/test/auto/knownFailedTests/dependencyLoop2.xml (RunModel)" time="0.038" />
  <testcase classname="ptolemy.util.test.junit.AutoNameArchTests" name="[0] ThereAreNoAutoArchTests (RunModel)" time="0.001" />
  <testcase classname="ptolemy.util.test.junit.AutoTests" name="[0] /home/travis/build/icyphy/ptII/ptolemy/domains/de/test/auto/ActorDepthCalculation_actorWithoutPorts.xml (RunModel)" time="0.021" />
  <testcase classname="ptolemy.util.test.junit.AutoTests" name="[1] /home/travis/build/icyphy/ptII/ptolemy/domains/de/test/auto/AssemblyLine.xml (RunModel)" time="0.027" />
  <testcase classname="ptolemy.util.test.junit.AutoTests" name="[2] /home/travis/build/icyphy/ptII/ptolemy/domains/de/test/auto/CQBug1.xml (RunModel)" time="0.008" />
  <testcase classname="ptolemy.util.test.junit.AutoTests" name="[3] /home/travis/build/icyphy/ptII/ptolemy/domains/de/test/auto/CancelFireAt.xml (RunModel)" time="0.013" />
  <testcase classname="ptolemy.util.test.junit.AutoTests" name="[4] /home/travis/build/icyphy/ptII/ptolemy/domains/de/test/auto/CausalityAndComposabilityAnalysis.xml (RunModel)" time="0.01" />
  <testcase classname="ptolemy.util.test.junit.AutoTests" name="[5] /home/travis/build/icyphy/ptII/ptolemy/domains/de/test/auto/CausalityInterface1.xml (RunModel)" time="0.012" />
  <testcase classname="ptolemy.util.test.junit.AutoTests" name="[6] /home/travis/build/icyphy/ptII/ptolemy/domains/de/test/auto/CausalityInterface15.xml (RunModel)" time="0.013" />
  <testcase classname="ptolemy.util.test.junit.AutoTests" name="[7] /home/travis/build/icyphy/ptII/ptolemy/domains/de/test/auto/CausalityInterface2.xml (RunModel)" time="0.03" />
  <testcase classname="ptolemy.util.test.junit.AutoTests" name="[8] /home/travis/build/icyphy/ptII/ptolemy/domains/de/test/auto/CausalityInterface3.xml (RunModel)" time="0.016" />
  <testcase classname="ptolemy.util.test.junit.AutoTests" name="[9] /home/travis/build/icyphy/ptII/ptolemy/domains/de/test/auto/ClockDrift.xml (RunModel)" time="0.047" />
  <testcase classname="ptolemy.util.test.junit.AutoTests" name="[10] /home/travis/build/icyphy/ptII/ptolemy/domains/de/test/auto/ClockDriftAndValueChange.xml (RunModel)" time="0.025" />
  <testcase classname="ptolemy.util.test.junit.AutoTests" name="[11] /home/travis/build/icyphy/ptII/ptolemy/domains/de/test/auto/ClockDriftChange.xml (RunModel)" time="0.025" />
  <testcase classname="ptolemy.util.test.junit.AutoTests" name="[12] /home/travis/build/icyphy/ptII/ptolemy/domains/de/test/auto/ComposableCausalityAnalysis.xml (RunModel)" time="0.016" />
  <testcase classname="ptolemy.util.test.junit.AutoTests" name="[13] /home/travis/build/icyphy/ptII/ptolemy/domains/de/test/auto/DEFixedPointLimitation.xml (RunModel)" time="0.009" />
  <testcase classname="ptolemy.util.test.junit.AutoTests" name="[14] /home/travis/build/icyphy/ptII/ptolemy/domains/de/test/auto/DEScheduleTest.xml (RunModel)" time="0.01" />
  <testcase classname="ptolemy.util.test.junit.AutoTests" name="[15] /home/travis/build/icyphy/ptII/ptolemy/domains/de/test/auto/DEinDEwithStartTimes.xml (RunModel)" time="0.012" />
  <testcase classname="ptolemy.util.test.junit.AutoTests" name="[16] /home/travis/build/icyphy/ptII/ptolemy/domains/de/test/auto/DEinDEwithStartTimes2.xml (RunModel)" time="0.009" />
  <testcase classname="ptolemy.util.test.junit.AutoTests" name="[17] /home/travis/build/icyphy/ptII/ptolemy/domains/de/test/auto/DateDemo.xml (RunModel)" time="0.027" />
  <testcase classname="ptolemy.util.test.junit.AutoTests" name="[18] /home/travis/build/icyphy/ptII/ptolemy/domains/de/test/auto/DateToEvent.xml (RunModel)" time="2.029" />
  <testcase classname="ptolemy.util.test.junit.AutoTests" name="[19] /home/travis/build/icyphy/ptII/ptolemy/domains/de/test/auto/DepthTest1.xml (RunModel)" time="0.016" />
  <testcase classname="ptolemy.util.test.junit.AutoTests" name="[20] /home/travis/build/icyphy/ptII/ptolemy/domains/de/test/auto/DepthTest2.xml (RunModel)" time="0.024" />
  <testcase classname="ptolemy.util.test.junit.AutoTests" name="[21] /home/travis/build/icyphy/ptII/ptolemy/domains/de/test/auto/DepthTest3.xml (RunModel)" time="0.008" />
  <testcase classname="ptolemy.util.test.junit.AutoTests" name="[22] /home/travis/build/icyphy/ptII/ptolemy/domains/de/test/auto/DepthTest4.xml (RunModel)" time="0.02" />
  <testcase classname="ptolemy.util.test.junit.AutoTests" name="[23] /home/travis/build/icyphy/ptII/ptolemy/domains/de/test/auto/DepthTest5.xml (RunModel)" time="0.026" />
  <testcase classname="ptolemy.util.test.junit.AutoTests" name="[24] /home/travis/build/icyphy/ptII/ptolemy/domains/de/test/auto/DepthTest6.xml (RunModel)" time="0.013" />
  <testcase classname="ptolemy.util.test.junit.AutoTests" name="[25] /home/travis/build/icyphy/ptII/ptolemy/domains/de/test/auto/DepthTest7.xml (RunModel)" time="0.017" />
  <testcase classname="ptolemy.util.test.junit.AutoTests" name="[26] /home/travis/build/icyphy/ptII/ptolemy/domains/de/test/auto/EventToDate.xml (RunModel)" time="3.053" />
  <testcase classname="ptolemy.util.test.junit.AutoTests" name="[27] /home/travis/build/icyphy/ptII/ptolemy/domains/de/test/auto/FSM1.xml (RunModel)" time="0.054" />
  <testcase classname="ptolemy.util.test.junit.AutoTests" name="[28] /home/travis/build/icyphy/ptII/ptolemy/domains/de/test/auto/FSM7.xml (RunModel)" time="0.046" />
  <testcase classname="ptolemy.util.test.junit.AutoTests" name="[29] /home/travis/build/icyphy/ptII/ptolemy/domains/de/test/auto/Inspection.xml (RunModel)" time="0.046" />
  <testcase classname="ptolemy.util.test.junit.AutoTests" name="[30] /home/travis/build/icyphy/ptII/ptolemy/domains/de/test/auto/Iteration.xml (RunModel)" time="0.024" />
  <testcase classname="ptolemy.util.test.junit.AutoTests" name="[31] /home/travis/build/icyphy/ptII/ptolemy/domains/de/test/auto/LineFault.xml (RunModel)" time="0.634" />
  <testcase classname="ptolemy.util.test.junit.AutoTests" name="[32] /home/travis/build/icyphy/ptII/ptolemy/domains/de/test/auto/MergeModel1Add.xml (RunModel)" time="0.051" />
  <testcase classname="ptolemy.util.test.junit.AutoTests" name="[33] /home/travis/build/icyphy/ptII/ptolemy/domains/de/test/auto/MergeModel2Add.xml (RunModel)" time="0.042" />
  <testcase classname="ptolemy.util.test.junit.AutoTests" name="[34] /home/travis/build/icyphy/ptII/ptolemy/domains/de/test/auto/MergeModel3Add.xml (RunModel)" time="0.044" />
  <testcase classname="ptolemy.util.test.junit.AutoTests" name="[35] /home/travis/build/icyphy/ptII/ptolemy/domains/de/test/auto/MergeWithoutDiscard.xml (RunModel)" time="0.022" />
  <testcase classname="ptolemy.util.test.junit.AutoTests" name="[36] /home/travis/build/icyphy/ptII/ptolemy/domains/de/test/auto/Modal1.xml (RunModel)" time="0.027" />
  <testcase classname="ptolemy.util.test.junit.AutoTests" name="[37] /home/travis/build/icyphy/ptII/ptolemy/domains/de/test/auto/Modal2.xml (RunModel)" time="0.035" />
  <testcase classname="ptolemy.util.test.junit.AutoTests" name="[38] /home/travis/build/icyphy/ptII/ptolemy/domains/de/test/auto/Modal3.xml (RunModel)" time="0.028" />
  <testcase classname="ptolemy.util.test.junit.AutoTests" name="[39] /home/travis/build/icyphy/ptII/ptolemy/domains/de/test/auto/Modal4.xml (RunModel)" time="0.035" />
  <testcase classname="ptolemy.util.test.junit.AutoTests" name="[40] /home/travis/build/icyphy/ptII/ptolemy/domains/de/test/auto/Modal5.xml (RunModel)" time="0.033" />
  <testcase classname="ptolemy.util.test.junit.AutoTests" name="[41] /home/travis/build/icyphy/ptII/ptolemy/domains/de/test/auto/Modal6.xml (RunModel)" time="0.025" />
  <testcase classname="ptolemy.util.test.junit.AutoTests" name="[42] /home/travis/build/icyphy/ptII/ptolemy/domains/de/test/auto/Modal7.xml (RunModel)" time="0.034" />
  <testcase classname="ptolemy.util.test.junit.AutoTests" name="[43] /home/travis/build/icyphy/ptII/ptolemy/domains/de/test/auto/ModalModel.xml (RunModel)" time="0.175" />
  <testcase classname="ptolemy.util.test.junit.AutoTests" name="[44] /home/travis/build/icyphy/ptII/ptolemy/domains/de/test/auto/ModalSource.xml (RunModel)" time="0.023" />
  <testcase classname="ptolemy.util.test.junit.AutoTests" name="[45] /home/travis/build/icyphy/ptII/ptolemy/domains/de/test/auto/NonInterruptibleTimerZeroDelay.xml (RunModel)" time="0.01" />
  <testcase classname="ptolemy.util.test.junit.AutoTests" name="[46] /home/travis/build/icyphy/ptII/ptolemy/domains/de/test/auto/OpenQueueingNetwork.xml (RunModel)" time="2.424" />
  <testcase classname="ptolemy.util.test.junit.AutoTests" name="[47] /home/travis/build/icyphy/ptII/ptolemy/domains/de/test/auto/OpenQueuingNetwork.xml (RunModel)" time="0.285" />
  <testcase classname="ptolemy.util.test.junit.AutoTests" name="[48] /home/travis/build/icyphy/ptII/ptolemy/domains/de/test/auto/PeriodicSampler.xml (RunModel)" time="0.011" />
  <testcase classname="ptolemy.util.test.junit.AutoTests" name="[49] /home/travis/build/icyphy/ptII/ptolemy/domains/de/test/auto/PersistentIO.xml (RunModel)" time="0.018" />
  <testcase classname="ptolemy.util.test.junit.AutoTests" name="[50] /home/travis/build/icyphy/ptII/ptolemy/domains/de/test/auto/PortParameterResetOnInitialize.xml (RunModel)" time="0.009" />
  <testcase classname="ptolemy.util.test.junit.AutoTests" name="[51] /home/travis/build/icyphy/ptII/ptolemy/domains/de/test/auto/PortParameterUpdates.xml (RunModel)" time="0.017" />
  <testcase classname="ptolemy.util.test.junit.AutoTests" name="[52] /home/travis/build/icyphy/ptII/ptolemy/domains/de/test/auto/QueueAndServer.xml (RunModel)" time="0.023" />
  <testcase classname="ptolemy.util.test.junit.AutoTests" name="[53] /home/travis/build/icyphy/ptII/ptolemy/domains/de/test/auto/Records.xml (RunModel)" time="0.013" />
  <testcase classname="ptolemy.util.test.junit.AutoTests" name="[54] /home/travis/build/icyphy/ptII/ptolemy/domains/de/test/auto/ResetTransitionWithStartTime1.xml (RunModel)" time="0.021" />
  <testcase classname="ptolemy.util.test.junit.AutoTests" name="[55] /home/travis/build/icyphy/ptII/ptolemy/domains/de/test/auto/ResetTransitionWithStartTime2.xml (RunModel)" time="0.023" />
  <testcase classname="ptolemy.util.test.junit.AutoTests" name="[56] /home/travis/build/icyphy/ptII/ptolemy/domains/de/test/auto/ResetTransitionWithStartTime3.xml (RunModel)" time="0.019" />
  <testcase classname="ptolemy.util.test.junit.AutoTests" name="[57] /home/travis/build/icyphy/ptII/ptolemy/domains/de/test/auto/ResetTransitionWithStartTime4.xml (RunModel)" time="0.018" />
  <testcase classname="ptolemy.util.test.junit.AutoTests" name="[58] /home/travis/build/icyphy/ptII/ptolemy/domains/de/test/auto/ResettableTimer1.xml (RunModel)" time="0.01" />
  <testcase classname="ptolemy.util.test.junit.AutoTests" name="[59] /home/travis/build/icyphy/ptII/ptolemy/domains/de/test/auto/ResettableTimer2.xml (RunModel)" time="0.009" />
  <testcase classname="ptolemy.util.test.junit.AutoTests" name="[60] /home/travis/build/icyphy/ptII/ptolemy/domains/de/test/auto/ResettableTimer3.xml (RunModel)" time="0.008" />
  <testcase classname="ptolemy.util.test.junit.AutoTests" name="[61] /home/travis/build/icyphy/ptII/ptolemy/domains/de/test/auto/ResettableTimer4.xml (RunModel)" time="0.01" />
  <testcase classname="ptolemy.util.test.junit.AutoTests" name="[62] /home/travis/build/icyphy/ptII/ptolemy/domains/de/test/auto/ResettableTimer5.xml (RunModel)" time="0.009" />
  <testcase classname="ptolemy.util.test.junit.AutoTests" name="[63] /home/travis/build/icyphy/ptII/ptolemy/domains/de/test/auto/ResettableTimer6.xml (RunModel)" time="0.015" />
  <testcase classname="ptolemy.util.test.junit.AutoTests" name="[64] /home/travis/build/icyphy/ptII/ptolemy/domains/de/test/auto/ServerZeroDelay.xml (RunModel)" time="0.012" />
  <testcase classname="ptolemy.util.test.junit.AutoTests" name="[65] /home/travis/build/icyphy/ptII/ptolemy/domains/de/test/auto/SmartSender.xml (RunModel)" time="3.009" />
  <testcase classname="ptolemy.util.test.junit.AutoTests" name="[66] /home/travis/build/icyphy/ptII/ptolemy/domains/de/test/auto/ThreadedComposite.xml (RunModel)" time="0.2" />
  <testcase classname="ptolemy.util.test.junit.AutoTests" name="[67] /home/travis/build/icyphy/ptII/ptolemy/domains/de/test/auto/Time.xml (RunModel)" time="0.442" />
  <testcase classname="ptolemy.util.test.junit.AutoTests" name="[68] /home/travis/build/icyphy/ptII/ptolemy/domains/de/test/auto/TimeDelayZeroDelay.xml (RunModel)" time="0.013" />
  <testcase classname="ptolemy.util.test.junit.AutoTests" name="[69] /home/travis/build/icyphy/ptII/ptolemy/domains/de/test/auto/TimerZeroDelay.xml (RunModel)" time="0.011" />
  <testcase classname="ptolemy.util.test.junit.AutoTests" name="[70] /home/travis/build/icyphy/ptII/ptolemy/domains/de/test/auto/TimingParadox.xml (RunModel)" time="0.37" />
  <testcase classname="ptolemy.util.test.junit.AutoTests" name="[71] /home/travis/build/icyphy/ptII/ptolemy/domains/de/test/auto/TransferInputs.xml (RunModel)" time="0.013" />
  <testcase classname="ptolemy.util.test.junit.AutoTests" name="[72] /home/travis/build/icyphy/ptII/ptolemy/domains/de/test/auto/TransferOutputs2.xml (RunModel)" time="0.015" />
  <testcase classname="ptolemy.util.test.junit.AutoTests" name="[73] /home/travis/build/icyphy/ptII/ptolemy/domains/de/test/auto/Trilateration.xml (RunModel)" time="13.959" />
  <testcase classname="ptolemy.util.test.junit.AutoTests" name="[74] /home/travis/build/icyphy/ptII/ptolemy/domains/de/test/auto/TwoSigmaDelta.xml (RunModel)" time="2.334" />
  <testcase classname="ptolemy.util.test.junit.AutoTests" name="[75] /home/travis/build/icyphy/ptII/ptolemy/domains/de/test/auto/VariableDelay.xml (RunModel)" time="0.018" />
  <testcase classname="ptolemy.util.test.junit.AutoTests" name="[76] /home/travis/build/icyphy/ptII/ptolemy/domains/de/test/auto/VariableDelay2.xml (RunModel)" time="0.008" />
  <testcase classname="ptolemy.util.test.junit.AutoTests" name="[77] /home/travis/build/icyphy/ptII/ptolemy/domains/de/test/auto/VariableDelayZeroDelay.xml (RunModel)" time="0.011" />
  <testcase classname="ptolemy.util.test.junit.AutoTests" name="[78] /home/travis/build/icyphy/ptII/ptolemy/domains/de/test/auto/VariableDelayZeroDelay2.xml (RunModel)" time="0.009" />
  <testcase classname="ptolemy.util.test.junit.AutoTests" name="[79] /home/travis/build/icyphy/ptII/ptolemy/domains/de/test/auto/deInCt.xml (RunModel)" time="0.019" />
  <testcase classname="ptolemy.util.test.junit.AutoTests" name="[80] /home/travis/build/icyphy/ptII/ptolemy/domains/de/test/auto/deInCt2.xml (RunModel)" time="0.014" />
  <testcase classname="ptolemy.util.test.junit.AutoTests" name="[81] /home/travis/build/icyphy/ptII/ptolemy/domains/de/test/auto/dynamicCausalityInterface1.xml (RunModel)" time="0.017" />
  <testcase classname="ptolemy.util.test.junit.AutoTests" name="[82] /home/travis/build/icyphy/ptII/ptolemy/domains/de/test/auto/fsm_de_test.xml (RunModel)" time="0.022" />
  <testcase classname="ptolemy.util.test.junit.AutoTests" name="[83] /home/travis/build/icyphy/ptII/ptolemy/domains/de/test/auto/functionDependencyReconstruction.xml (RunModel)" time="0.033" />
  <testcase classname="ptolemy.util.test.junit.AutoTests" name="[84] /home/travis/build/icyphy/ptII/ptolemy/domains/de/test/auto/multirate.xml (RunModel)" time="0.014" />
  <testcase classname="ptolemy.util.test.junit.AutoTests" name="[85] /home/travis/build/icyphy/ptII/ptolemy/domains/de/test/auto/multirate2.xml (RunModel)" time="0.013" />
  <testcase classname="ptolemy.util.test.junit.AutoTests" name="[86] /home/travis/build/icyphy/ptII/ptolemy/domains/de/test/auto/realtime.xml (RunModel)" time="10.009" />
  <testcase classname="ptolemy.util.test.junit.AutoTests" name="[87] /home/travis/build/icyphy/ptII/ptolemy/domains/de/test/auto/relationGroup.xml (RunModel)" time="0.019" />
  <testcase classname="ptolemy.util.test.junit.AutoTests" name="[88] /home/travis/build/icyphy/ptII/ptolemy/domains/de/test/auto/relationGroup2.xml (RunModel)" time="0.011" />
  <testcase classname="ptolemy.util.test.junit.AutoTests" name="[89] /home/travis/build/icyphy/ptII/ptolemy/domains/de/test/auto/sortWithOpaquePorts.xml (RunModel)" time="0.013" />
  <testcase classname="ptolemy.util.test.junit.AutoTests" name="[90] /home/travis/build/icyphy/ptII/ptolemy/domains/de/test/auto/transferInputsandOutputs.xml (RunModel)" time="0.017" />
  <testcase classname="ptolemy.util.test.junit.AutoTests" name="[91] /home/travis/build/icyphy/ptII/ptolemy/domains/de/test/auto/triggerType.xml (RunModel)" time="0.009" />
  <system-out><![CDATA[/home/travis/build/icyphy/ptII/ptolemy/domains/de/test/DependencyLoop.tcl
testDefs.tcl: setting time out to 9000 seconds at Sat Aug 31 05:30:14 UTC 2019
87 ms. Memory: 120832K Free: 72004K (60%)
22 ms. Memory: 120832K Free: 54582K (45%)
/home/travis/build/icyphy/ptII/ptolemy/domains/de/test/RunDETestsAsQSS.tcl
Run the DE tests using ptolemy.domains.qss.test.QSSDirectorTest, which extends QSSDirector and prints a message in the constructors.
------------------ testing $PTII/ptolemy/domains/de/test/auto/knownFailedTests/DirectFeedback.xml (Known Failure) 
39 ms. Memory: 120832K Free: 48966K (41%)


==== $PTIIhome/travis/build/icyphy/ptII/ptolemy/domains/de/test/../../../../: Auto Automatic test in file $PTII/ptolemy/domains/de/test/auto/knownFailedTests/DirectFeedback.xml
==== Contents of test case:

	    # FIXME: we should use $relativeFilename here, but it
	    # might have backslashes under Windows, which causes no end
	    # of trouble.
	    createAndExecute $file
	    list {}
	
.... Test generated KNOWN error:
    while executing
ptolemy.kernel.util.IllegalActionException: Test fails in iteration 1.
Value was: 1.0. Should have been: 2.0
  in .DirectFeedback.Test
	at ptolemy.actor.lib.Test.fire(Test.java:268)
	at ptolemy.domains.de.kernel.DEDirector._fire(DEDirector.java:1949)
	at ptolemy.domains.de.kernel.DEDirector.fire(DEDirector.java:502)
	at ptolemy.actor.CompositeActor.fire(CompositeActor.java:455)
	at ptolemy.actor.Manager.iterate(Manager.java:851)
	at ptolemy.actor.Manager.execute(Manager.java:369)
	at ptolemy.actor.Manager.run(Manager.java:1263)
	at ptolemy.actor.Manager$PtolemyRunThread.run(Manager.java:1933)

    while executing
ptolemy.kernel.util.IllegalActionException: Test fails in iteration 1.
Value was: 1.0. Should have been: 2.0
  in .DirectFeedback.Test
    while executing
"java::new ptolemy.moml.MoMLSimpleApplication $file
"
    (procedure "createAndExecute" line 2)
    invoked from within
"createAndExecute $file"
    ("uplevel" body line 5)
    invoked from within
"uplevel $contents_of_test"
------------------ testing $PTII/ptolemy/domains/de/test/auto/knownFailedTests/dependencyLoop.xml (Known Failure) 
16 ms. Memory: 120832K Free: 45894K (38%)


==== $PTIIhome/travis/build/icyphy/ptII/ptolemy/domains/de/test/../../../../: Auto Automatic test in file $PTII/ptolemy/domains/de/test/auto/knownFailedTests/dependencyLoop.xml
==== Contents of test case:

	    # FIXME: we should use $relativeFilename here, but it
	    # might have backslashes under Windows, which causes no end
	    # of trouble.
	    createAndExecute $file
	    list {}
	
.... Test generated KNOWN error:
    while executing
ptolemy.kernel.util.IllegalActionException: Found a zero delay loop containing .dependencyLoop.original
  in .dependencyLoop and .dependencyLoop.original
	at ptolemy.actor.util.CausalityInterfaceForComposites._computeOutputPortDepth(CausalityInterfaceForComposites.java:759)
	at ptolemy.actor.util.CausalityInterfaceForComposites._computeInputDepth(CausalityInterfaceForComposites.java:696)
	at ptolemy.actor.util.CausalityInterfaceForComposites._computeOutputPortDepth(CausalityInterfaceForComposites.java:765)
	at ptolemy.actor.util.CausalityInterfaceForComposites._computeInputDepth(CausalityInterfaceForComposites.java:696)
	at ptolemy.actor.util.CausalityInterfaceForComposites._computeOutputPortDepth(CausalityInterfaceForComposites.java:765)
	at ptolemy.actor.util.CausalityInterfaceForComposites._computeInputDepth(CausalityInterfaceForComposites.java:696)
	at ptolemy.actor.util.CausalityInterfaceForComposites._computeActorDepth(CausalityInterfaceForComposites.java:532)
	at ptolemy.actor.util.CausalityInterfaceForComposites.checkForCycles(CausalityInterfaceForComposites.java:96)
	at ptolemy.domains.de.kernel.DEDirector.preinitialize(DEDirector.java:1338)
	at ptolemy.actor.CompositeActor.preinitialize(CompositeActor.java:1828)
	at ptolemy.actor.Manager.preinitializeAndResolveTypes(Manager.java:1040)
	at ptolemy.actor.Manager.initialize(Manager.java:710)
	at ptolemy.actor.Manager.execute(Manager.java:356)
	at ptolemy.actor.Manager.run(Manager.java:1263)
	at ptolemy.actor.Manager$PtolemyRunThread.run(Manager.java:1933)

    while executing
ptolemy.kernel.util.IllegalActionException: Found a zero delay loop containing .dependencyLoop.original
  in .dependencyLoop and .dependencyLoop.original
    while executing
"java::new ptolemy.moml.MoMLSimpleApplication $file
"
    (procedure "createAndExecute" line 2)
    invoked from within
"createAndExecute $file"
    ("uplevel" body line 5)
    invoked from within
"uplevel $contents_of_test"
------------------ testing $PTII/ptolemy/domains/de/test/auto/knownFailedTests/FSMSource.xml (Known Failure) 
81 ms. Memory: 120832K Free: 99534K (82%)
!!!! Auto was marked as failing, but now passes
------------------ testing $PTII/ptolemy/domains/de/test/auto/knownFailedTests/HierarchicalModel.xml (Known Failure) 
12 ms. Memory: 120832K Free: 82131K (68%)


==== $PTIIhome/travis/build/icyphy/ptII/ptolemy/domains/de/test/../../../../: Auto Automatic test in file $PTII/ptolemy/domains/de/test/auto/knownFailedTests/HierarchicalModel.xml
==== Contents of test case:

	    # FIXME: we should use $relativeFilename here, but it
	    # might have backslashes under Windows, which causes no end
	    # of trouble.
	    createAndExecute $file
	    list {}
	
.... Test generated KNOWN error:
    while executing
ptolemy.kernel.util.IllegalActionException: Found a zero delay loop containing .HierarchicalModel.A
  in .HierarchicalModel and .HierarchicalModel.A
	at ptolemy.actor.util.CausalityInterfaceForComposites._computeOutputPortDepth(CausalityInterfaceForComposites.java:759)
	at ptolemy.actor.util.CausalityInterfaceForComposites._computeInputDepth(CausalityInterfaceForComposites.java:696)
	at ptolemy.actor.util.CausalityInterfaceForComposites._computeOutputPortDepth(CausalityInterfaceForComposites.java:765)
	at ptolemy.actor.util.CausalityInterfaceForComposites._computeInputDepth(CausalityInterfaceForComposites.java:696)
	at ptolemy.actor.util.CausalityInterfaceForComposites._computeOutputPortDepth(CausalityInterfaceForComposites.java:765)
	at ptolemy.actor.util.CausalityInterfaceForComposites._computeInputDepth(CausalityInterfaceForComposites.java:696)
	at ptolemy.actor.util.CausalityInterfaceForComposites._computeActorDepth(CausalityInterfaceForComposites.java:532)
	at ptolemy.actor.util.CausalityInterfaceForComposites.checkForCycles(CausalityInterfaceForComposites.java:96)
	at ptolemy.domains.de.kernel.DEDirector.preinitialize(DEDirector.java:1338)
	at ptolemy.actor.CompositeActor.preinitialize(CompositeActor.java:1828)
	at ptolemy.actor.Manager.preinitializeAndResolveTypes(Manager.java:1040)
	at ptolemy.actor.Manager.initialize(Manager.java:710)
	at ptolemy.actor.Manager.execute(Manager.java:356)
	at ptolemy.actor.Manager.run(Manager.java:1263)
	at ptolemy.actor.Manager$PtolemyRunThread.run(Manager.java:1933)

    while executing
ptolemy.kernel.util.IllegalActionException: Found a zero delay loop containing .HierarchicalModel.A
  in .HierarchicalModel and .HierarchicalModel.A
    while executing
"java::new ptolemy.moml.MoMLSimpleApplication $file
"
    (procedure "createAndExecute" line 2)
    invoked from within
"createAndExecute $file"
    ("uplevel" body line 5)
    invoked from within
"uplevel $contents_of_test"
------------------ testing $PTII/ptolemy/domains/de/test/auto/knownFailedTests/dependencyLoop2.xml (Known Failure) 
5 ms. Memory: 120832K Free: 66239K (55%)


==== $PTIIhome/travis/build/icyphy/ptII/ptolemy/domains/de/test/../../../../: Auto Automatic test in file $PTII/ptolemy/domains/de/test/auto/knownFailedTests/dependencyLoop2.xml
==== Contents of test case:

	    # FIXME: we should use $relativeFilename here, but it
	    # might have backslashes under Windows, which causes no end
	    # of trouble.
	    createAndExecute $file
	    list {}
	
.... Test generated KNOWN error:
    while executing
ptolemy.kernel.util.IllegalActionException: Found a zero delay loop containing .dependencyLoop2.original
  in .dependencyLoop2 and .dependencyLoop2.original
	at ptolemy.actor.util.CausalityInterfaceForComposites._computeOutputPortDepth(CausalityInterfaceForComposites.java:759)
	at ptolemy.actor.util.CausalityInterfaceForComposites._computeInputDepth(CausalityInterfaceForComposites.java:696)
	at ptolemy.actor.util.CausalityInterfaceForComposites._computeOutputPortDepth(CausalityInterfaceForComposites.java:765)
	at ptolemy.actor.util.CausalityInterfaceForComposites._computeInputDepth(CausalityInterfaceForComposites.java:696)
	at ptolemy.actor.util.CausalityInterfaceForComposites._computeOutputPortDepth(CausalityInterfaceForComposites.java:765)
	at ptolemy.actor.util.CausalityInterfaceForComposites._computeInputDepth(CausalityInterfaceForComposites.java:696)
	at ptolemy.actor.util.CausalityInterfaceForComposites._computeActorDepth(CausalityInterfaceForComposites.java:532)
	at ptolemy.actor.util.CausalityInterfaceForComposites.checkForCycles(CausalityInterfaceForComposites.java:96)
	at ptolemy.domains.de.kernel.DEDirector.preinitialize(DEDirector.java:1338)
	at ptolemy.actor.CompositeActor.preinitialize(CompositeActor.java:1828)
	at ptolemy.actor.Manager.preinitializeAndResolveTypes(Manager.java:1040)
	at ptolemy.actor.Manager.initialize(Manager.java:710)
	at ptolemy.actor.Manager.execute(Manager.java:356)
	at ptolemy.actor.Manager.run(Manager.java:1263)
	at ptolemy.actor.Manager$PtolemyRunThread.run(Manager.java:1933)

    while executing
ptolemy.kernel.util.IllegalActionException: Found a zero delay loop containing .dependencyLoop2.original
  in .dependencyLoop2 and .dependencyLoop2.original
    while executing
"java::new ptolemy.moml.MoMLSimpleApplication $file
"
    (procedure "createAndExecute" line 2)
    invoked from within
"createAndExecute $file"
    ("uplevel" body line 5)
    invoked from within
"uplevel $contents_of_test"
------------------ testing $PTII/ptolemy/domains/de/test/auto/knownFailedTests/DESDFClockTest.xml (Known Failure) 
2062 ms. Memory: 120832K Free: 95717K (79%)


==== $PTIIhome/travis/build/icyphy/ptII/ptolemy/domains/de/test/../../../../: Auto Automatic test in file $PTII/ptolemy/domains/de/test/auto/knownFailedTests/DESDFClockTest.xml
==== Contents of test case:

	    # FIXME: we should use $relativeFilename here, but it
	    # might have backslashes under Windows, which causes no end
	    # of trouble.
	    createAndExecute $file
	    list {}
	
.... Test generated KNOWN error:
    while executing
ptolemy.kernel.util.IllegalActionException: Actor is not ready to fire.  Perhaps UpSample.prefire() returned false? Try debugging the actor by selecting "Listen to Actor".  Also, for SDF check moml for tokenConsumptionRate on input.
  in .DESDFClockTest.Play Bell.Copy1:SDF Director and .DESDFClockTest.Play Bell.UpSample
	at ptolemy.actor.sched.StaticSchedulingDirector.fire(StaticSchedulingDirector.java:227)
	at ptolemy.domains.sdf.kernel.SDFDirector.fire(SDFDirector.java:500)
	at ptolemy.actor.CompositeActor.fire(CompositeActor.java:455)
	at ptolemy.domains.de.kernel.DEDirector._fire(DEDirector.java:1949)
	at ptolemy.domains.de.kernel.DEDirector.fire(DEDirector.java:502)
	at ptolemy.actor.CompositeActor.fire(CompositeActor.java:455)
	at ptolemy.actor.Manager.iterate(Manager.java:851)
	at ptolemy.actor.Manager.execute(Manager.java:369)
	at ptolemy.actor.Manager.run(Manager.java:1263)
	at ptolemy.actor.Manager$PtolemyRunThread.run(Manager.java:1933)

    while executing
ptolemy.kernel.util.IllegalActionException: Actor is not ready to fire.  Perhaps UpSample.prefire() returned false? Try debugging the actor by selecting "Listen to Actor".  Also, for SDF check moml for tokenConsumptionRate on input.
  in .DESDFClockTest.Play Bell.Copy1:SDF Director and .DESDFClockTest.Play Bell.UpSample
    while executing
"java::new ptolemy.moml.MoMLSimpleApplication $file
"
    (procedure "createAndExecute" line 2)
    invoked from within
"createAndExecute $file"
    ("uplevel" body line 5)
    invoked from within
"uplevel $contents_of_test"
------------------ testing $PTII/ptolemy/domains/de/test/auto/ActorDepthCalculation_actorWithoutPorts.xml
auto.tcl: Setting watchdog for 200 seconds at Sat Aug 31 05:30:18 UTC 2019
5 ms. Memory: 120832K Free: 88699K (73%)
ptolemy.util.test.WatchDog.cancel(): canceling Sat Aug 31 05:30:18 UTC 2019
auto.tcl: Setting watchdog for 200 seconds at Sat Aug 31 05:30:18 UTC 2019
5 ms. Memory: 120832K Free: 86997K (72%)
ptolemy.util.test.WatchDog.cancel(): canceling Sat Aug 31 05:30:18 UTC 2019
------------------ testing $PTII/ptolemy/domains/de/test/auto/AssemblyLine.xml
auto.tcl: Setting watchdog for 200 seconds at Sat Aug 31 05:30:19 UTC 2019
8 ms. Memory: 45056K Free: 23250K (52%)
ptolemy.util.test.WatchDog.cancel(): canceling Sat Aug 31 05:30:19 UTC 2019
auto.tcl: Setting watchdog for 200 seconds at Sat Aug 31 05:30:19 UTC 2019
8 ms. Memory: 45056K Free: 22271K (49%)
ptolemy.util.test.WatchDog.cancel(): canceling Sat Aug 31 05:30:19 UTC 2019
------------------ testing $PTII/ptolemy/domains/de/test/auto/CQBug1.xml
auto.tcl: Setting watchdog for 200 seconds at Sat Aug 31 05:30:19 UTC 2019
3 ms. Memory: 45056K Free: 28502K (63%)
ptolemy.util.test.WatchDog.cancel(): canceling Sat Aug 31 05:30:19 UTC 2019
auto.tcl: Setting watchdog for 200 seconds at Sat Aug 31 05:30:19 UTC 2019
3 ms. Memory: 45056K Free: 28104K (62%)
ptolemy.util.test.WatchDog.cancel(): canceling Sat Aug 31 05:30:19 UTC 2019
------------------ testing $PTII/ptolemy/domains/de/test/auto/CancelFireAt.xml
auto.tcl: Setting watchdog for 200 seconds at Sat Aug 31 05:30:19 UTC 2019
6 ms. Memory: 45056K Free: 29687K (66%)
ptolemy.util.test.WatchDog.cancel(): canceling Sat Aug 31 05:30:19 UTC 2019
auto.tcl: Setting watchdog for 200 seconds at Sat Aug 31 05:30:19 UTC 2019
1 ms. Memory: 45056K Free: 29289K (65%)
ptolemy.util.test.WatchDog.cancel(): canceling Sat Aug 31 05:30:19 UTC 2019
------------------ testing $PTII/ptolemy/domains/de/test/auto/CausalityAndComposabilityAnalysis.xml
auto.tcl: Setting watchdog for 200 seconds at Sat Aug 31 05:30:19 UTC 2019
16 ms. Memory: 45056K Free: 27445K (61%)
ptolemy.util.test.WatchDog.cancel(): canceling Sat Aug 31 05:30:19 UTC 2019
auto.tcl: Setting watchdog for 200 seconds at Sat Aug 31 05:30:19 UTC 2019
6 ms. Memory: 45056K Free: 27031K (60%)
ptolemy.util.test.WatchDog.cancel(): canceling Sat Aug 31 05:30:19 UTC 2019
------------------ testing $PTII/ptolemy/domains/de/test/auto/CausalityInterface1.xml
auto.tcl: Setting watchdog for 200 seconds at Sat Aug 31 05:30:19 UTC 2019
17 ms. Memory: 45056K Free: 26389K (59%)
ptolemy.util.test.WatchDog.cancel(): canceling Sat Aug 31 05:30:19 UTC 2019
auto.tcl: Setting watchdog for 200 seconds at Sat Aug 31 05:30:19 UTC 2019
4 ms. Memory: 45056K Free: 25397K (56%)
ptolemy.util.test.WatchDog.cancel(): canceling Sat Aug 31 05:30:19 UTC 2019
------------------ testing $PTII/ptolemy/domains/de/test/auto/CausalityInterface15.xml
auto.tcl: Setting watchdog for 200 seconds at Sat Aug 31 05:30:19 UTC 2019
14 ms. Memory: 45056K Free: 26029K (58%)
ptolemy.util.test.WatchDog.cancel(): canceling Sat Aug 31 05:30:19 UTC 2019
auto.tcl: Setting watchdog for 200 seconds at Sat Aug 31 05:30:19 UTC 2019
5 ms. Memory: 45056K Free: 25369K (56%)
ptolemy.util.test.WatchDog.cancel(): canceling Sat Aug 31 05:30:19 UTC 2019
------------------ testing $PTII/ptolemy/domains/de/test/auto/CausalityInterface2.xml
auto.tcl: Setting watchdog for 200 seconds at Sat Aug 31 05:30:19 UTC 2019
6 ms. Memory: 45056K Free: 27100K (60%)
ptolemy.util.test.WatchDog.cancel(): canceling Sat Aug 31 05:30:19 UTC 2019
auto.tcl: Setting watchdog for 200 seconds at Sat Aug 31 05:30:19 UTC 2019
4 ms. Memory: 45056K Free: 26349K (58%)
ptolemy.util.test.WatchDog.cancel(): canceling Sat Aug 31 05:30:19 UTC 2019
------------------ testing $PTII/ptolemy/domains/de/test/auto/CausalityInterface3.xml
auto.tcl: Setting watchdog for 200 seconds at Sat Aug 31 05:30:20 UTC 2019
6 ms. Memory: 45056K Free: 26562K (59%)
ptolemy.util.test.WatchDog.cancel(): canceling Sat Aug 31 05:30:20 UTC 2019
auto.tcl: Setting watchdog for 200 seconds at Sat Aug 31 05:30:20 UTC 2019
3 ms. Memory: 45056K Free: 25765K (57%)
ptolemy.util.test.WatchDog.cancel(): canceling Sat Aug 31 05:30:20 UTC 2019
------------------ testing $PTII/ptolemy/domains/de/test/auto/ClockDrift.xml
auto.tcl: Setting watchdog for 200 seconds at Sat Aug 31 05:30:20 UTC 2019
91 ms. Memory: 45056K Free: 19063K (42%)
ptolemy.util.test.WatchDog.cancel(): canceling Sat Aug 31 05:30:20 UTC 2019
auto.tcl: Setting watchdog for 200 seconds at Sat Aug 31 05:30:20 UTC 2019
64 ms. Memory: 45056K Free: 15646K (35%)
ptolemy.util.test.WatchDog.cancel(): canceling Sat Aug 31 05:30:20 UTC 2019
------------------ testing $PTII/ptolemy/domains/de/test/auto/ClockDriftAndValueChange.xml
auto.tcl: Setting watchdog for 200 seconds at Sat Aug 31 05:30:20 UTC 2019
26 ms. Memory: 45056K Free: 19516K (43%)
ptolemy.util.test.WatchDog.cancel(): canceling Sat Aug 31 05:30:20 UTC 2019
auto.tcl: Setting watchdog for 200 seconds at Sat Aug 31 05:30:20 UTC 2019
23 ms. Memory: 45056K Free: 16580K (37%)
ptolemy.util.test.WatchDog.cancel(): canceling Sat Aug 31 05:30:20 UTC 2019
------------------ testing $PTII/ptolemy/domains/de/test/auto/ClockDriftChange.xml
auto.tcl: Setting watchdog for 200 seconds at Sat Aug 31 05:30:20 UTC 2019
23 ms. Memory: 45056K Free: 21171K (47%)
ptolemy.util.test.WatchDog.cancel(): canceling Sat Aug 31 05:30:20 UTC 2019
auto.tcl: Setting watchdog for 200 seconds at Sat Aug 31 05:30:20 UTC 2019
15 ms. Memory: 45056K Free: 18603K (41%)
ptolemy.util.test.WatchDog.cancel(): canceling Sat Aug 31 05:30:20 UTC 2019
------------------ testing $PTII/ptolemy/domains/de/test/auto/ComposableCausalityAnalysis.xml
auto.tcl: Setting watchdog for 200 seconds at Sat Aug 31 05:30:20 UTC 2019
2 ms. Memory: 45056K Free: 25729K (57%)
ptolemy.util.test.WatchDog.cancel(): canceling Sat Aug 31 05:30:20 UTC 2019
auto.tcl: Setting watchdog for 200 seconds at Sat Aug 31 05:30:20 UTC 2019
5 ms. Memory: 45056K Free: 24509K (54%)
ptolemy.util.test.WatchDog.cancel(): canceling Sat Aug 31 05:30:20 UTC 2019
------------------ testing $PTII/ptolemy/domains/de/test/auto/DEFixedPointLimitation.xml
auto.tcl: Setting watchdog for 200 seconds at Sat Aug 31 05:30:20 UTC 2019
2 ms. Memory: 45056K Free: 27081K (60%)
ptolemy.util.test.WatchDog.cancel(): canceling Sat Aug 31 05:30:20 UTC 2019
auto.tcl: Setting watchdog for 200 seconds at Sat Aug 31 05:30:20 UTC 2019
1 ms. Memory: 45056K Free: 26244K (58%)
ptolemy.util.test.WatchDog.cancel(): canceling Sat Aug 31 05:30:20 UTC 2019
------------------ testing $PTII/ptolemy/domains/de/test/auto/DEScheduleTest.xml
auto.tcl: Setting watchdog for 200 seconds at Sat Aug 31 05:30:20 UTC 2019
4 ms. Memory: 45056K Free: 27437K (61%)
ptolemy.util.test.WatchDog.cancel(): canceling Sat Aug 31 05:30:20 UTC 2019
auto.tcl: Setting watchdog for 200 seconds at Sat Aug 31 05:30:20 UTC 2019
3 ms. Memory: 45056K Free: 26671K (59%)
ptolemy.util.test.WatchDog.cancel(): canceling Sat Aug 31 05:30:20 UTC 2019
------------------ testing $PTII/ptolemy/domains/de/test/auto/DEinDEwithStartTimes.xml
auto.tcl: Setting watchdog for 200 seconds at Sat Aug 31 05:30:20 UTC 2019
3 ms. Memory: 45056K Free: 25672K (57%)
ptolemy.util.test.WatchDog.cancel(): canceling Sat Aug 31 05:30:20 UTC 2019
auto.tcl: Setting watchdog for 200 seconds at Sat Aug 31 05:30:20 UTC 2019
3 ms. Memory: 45056K Free: 24574K (55%)
ptolemy.util.test.WatchDog.cancel(): canceling Sat Aug 31 05:30:20 UTC 2019
------------------ testing $PTII/ptolemy/domains/de/test/auto/DEinDEwithStartTimes2.xml
auto.tcl: Setting watchdog for 200 seconds at Sat Aug 31 05:30:20 UTC 2019
4 ms. Memory: 45056K Free: 24843K (55%)
ptolemy.util.test.WatchDog.cancel(): canceling Sat Aug 31 05:30:20 UTC 2019
auto.tcl: Setting watchdog for 200 seconds at Sat Aug 31 05:30:20 UTC 2019
4 ms. Memory: 45056K Free: 23529K (52%)
ptolemy.util.test.WatchDog.cancel(): canceling Sat Aug 31 05:30:20 UTC 2019
------------------ testing $PTII/ptolemy/domains/de/test/auto/DateDemo.xml
auto.tcl: Setting watchdog for 200 seconds at Sat Aug 31 05:30:21 UTC 2019
19 ms. Memory: 45056K Free: 19763K (44%)
ptolemy.util.test.WatchDog.cancel(): canceling Sat Aug 31 05:30:21 UTC 2019
auto.tcl: Setting watchdog for 200 seconds at Sat Aug 31 05:30:21 UTC 2019
10 ms. Memory: 45056K Free: 18009K (40%)
ptolemy.util.test.WatchDog.cancel(): canceling Sat Aug 31 05:30:21 UTC 2019
------------------ testing $PTII/ptolemy/domains/de/test/auto/DateToEvent.xml
auto.tcl: Setting watchdog for 200 seconds at Sat Aug 31 05:30:21 UTC 2019
2014 ms. Memory: 45056K Free: 14445K (32%)
ptolemy.util.test.WatchDog.cancel(): canceling Sat Aug 31 05:30:23 UTC 2019
auto.tcl: Setting watchdog for 200 seconds at Sat Aug 31 05:30:23 UTC 2019
2005 ms. Memory: 45056K Free: 14076K (31%)
ptolemy.util.test.WatchDog.cancel(): canceling Sat Aug 31 05:30:25 UTC 2019
------------------ testing $PTII/ptolemy/domains/de/test/auto/DepthTest1.xml
auto.tcl: Setting watchdog for 200 seconds at Sat Aug 31 05:30:25 UTC 2019
2 ms. Memory: 45056K Free: 28380K (63%)
ptolemy.util.test.WatchDog.cancel(): canceling Sat Aug 31 05:30:25 UTC 2019
auto.tcl: Setting watchdog for 200 seconds at Sat Aug 31 05:30:25 UTC 2019
2 ms. Memory: 45056K Free: 27842K (62%)
ptolemy.util.test.WatchDog.cancel(): canceling Sat Aug 31 05:30:25 UTC 2019
------------------ testing $PTII/ptolemy/domains/de/test/auto/DepthTest2.xml
auto.tcl: Setting watchdog for 200 seconds at Sat Aug 31 05:30:25 UTC 2019
5 ms. Memory: 45056K Free: 25090K (56%)
ptolemy.util.test.WatchDog.cancel(): canceling Sat Aug 31 05:30:25 UTC 2019
auto.tcl: Setting watchdog for 200 seconds at Sat Aug 31 05:30:25 UTC 2019
3 ms. Memory: 45056K Free: 24568K (55%)
ptolemy.util.test.WatchDog.cancel(): canceling Sat Aug 31 05:30:25 UTC 2019
------------------ testing $PTII/ptolemy/domains/de/test/auto/DepthTest3.xml
auto.tcl: Setting watchdog for 200 seconds at Sat Aug 31 05:30:25 UTC 2019
3 ms. Memory: 45056K Free: 28570K (63%)
ptolemy.util.test.WatchDog.cancel(): canceling Sat Aug 31 05:30:25 UTC 2019
auto.tcl: Setting watchdog for 200 seconds at Sat Aug 31 05:30:25 UTC 2019
2 ms. Memory: 45056K Free: 28185K (63%)
ptolemy.util.test.WatchDog.cancel(): canceling Sat Aug 31 05:30:25 UTC 2019
------------------ testing $PTII/ptolemy/domains/de/test/auto/DepthTest4.xml
auto.tcl: Setting watchdog for 200 seconds at Sat Aug 31 05:30:25 UTC 2019
3 ms. Memory: 45056K Free: 26927K (60%)
ptolemy.util.test.WatchDog.cancel(): canceling Sat Aug 31 05:30:25 UTC 2019
auto.tcl: Setting watchdog for 200 seconds at Sat Aug 31 05:30:25 UTC 2019
2 ms. Memory: 45056K Free: 26172K (58%)
ptolemy.util.test.WatchDog.cancel(): canceling Sat Aug 31 05:30:25 UTC 2019
------------------ testing $PTII/ptolemy/domains/de/test/auto/DepthTest5.xml
auto.tcl: Setting watchdog for 200 seconds at Sat Aug 31 05:30:25 UTC 2019
4 ms. Memory: 45056K Free: 26080K (58%)
ptolemy.util.test.WatchDog.cancel(): canceling Sat Aug 31 05:30:25 UTC 2019
auto.tcl: Setting watchdog for 200 seconds at Sat Aug 31 05:30:25 UTC 2019
3 ms. Memory: 45056K Free: 25698K (57%)
ptolemy.util.test.WatchDog.cancel(): canceling Sat Aug 31 05:30:25 UTC 2019
------------------ testing $PTII/ptolemy/domains/de/test/auto/DepthTest6.xml
auto.tcl: Setting watchdog for 200 seconds at Sat Aug 31 05:30:25 UTC 2019
4 ms. Memory: 45056K Free: 26058K (58%)
ptolemy.util.test.WatchDog.cancel(): canceling Sat Aug 31 05:30:25 UTC 2019
auto.tcl: Setting watchdog for 200 seconds at Sat Aug 31 05:30:25 UTC 2019
2 ms. Memory: 45056K Free: 25509K (57%)
ptolemy.util.test.WatchDog.cancel(): canceling Sat Aug 31 05:30:25 UTC 2019
------------------ testing $PTII/ptolemy/domains/de/test/auto/DepthTest7.xml
auto.tcl: Setting watchdog for 200 seconds at Sat Aug 31 05:30:25 UTC 2019
3 ms. Memory: 45056K Free: 26530K (59%)
ptolemy.util.test.WatchDog.cancel(): canceling Sat Aug 31 05:30:25 UTC 2019
auto.tcl: Setting watchdog for 200 seconds at Sat Aug 31 05:30:25 UTC 2019
2 ms. Memory: 45056K Free: 26123K (58%)
ptolemy.util.test.WatchDog.cancel(): canceling Sat Aug 31 05:30:25 UTC 2019
------------------ testing $PTII/ptolemy/domains/de/test/auto/EventToDate.xml
auto.tcl: Setting watchdog for 200 seconds at Sat Aug 31 05:30:25 UTC 2019
3010 ms. Memory: 45056K Free: 17658K (39%)
ptolemy.util.test.WatchDog.cancel(): canceling Sat Aug 31 05:30:28 UTC 2019
auto.tcl: Setting watchdog for 200 seconds at Sat Aug 31 05:30:28 UTC 2019
3007 ms. Memory: 45056K Free: 16936K (38%)
ptolemy.util.test.WatchDog.cancel(): canceling Sat Aug 31 05:30:31 UTC 2019
------------------ testing $PTII/ptolemy/domains/de/test/auto/FSM1.xml
auto.tcl: Setting watchdog for 200 seconds at Sat Aug 31 05:30:31 UTC 2019
27 ms. Memory: 45056K Free: 18857K (42%)
ptolemy.util.test.WatchDog.cancel(): canceling Sat Aug 31 05:30:31 UTC 2019
auto.tcl: Setting watchdog for 200 seconds at Sat Aug 31 05:30:31 UTC 2019
33 ms. Memory: 45056K Free: 15597K (35%)
ptolemy.util.test.WatchDog.cancel(): canceling Sat Aug 31 05:30:32 UTC 2019
------------------ testing $PTII/ptolemy/domains/de/test/auto/FSM7.xml
auto.tcl: Setting watchdog for 200 seconds at Sat Aug 31 05:30:32 UTC 2019
15 ms. Memory: 45056K Free: 18581K (41%)
ptolemy.util.test.WatchDog.cancel(): canceling Sat Aug 31 05:30:32 UTC 2019
auto.tcl: Setting watchdog for 200 seconds at Sat Aug 31 05:30:32 UTC 2019
20 ms. Memory: 45056K Free: 15430K (34%)
ptolemy.util.test.WatchDog.cancel(): canceling Sat Aug 31 05:30:32 UTC 2019
------------------ testing $PTII/ptolemy/domains/de/test/auto/Inspection.xml
auto.tcl: Setting watchdog for 200 seconds at Sat Aug 31 05:30:32 UTC 2019
35 ms. Memory: 45056K Free: 18402K (41%)
ptolemy.util.test.WatchDog.cancel(): canceling Sat Aug 31 05:30:32 UTC 2019
auto.tcl: Setting watchdog for 200 seconds at Sat Aug 31 05:30:32 UTC 2019
20 ms. Memory: 45056K Free: 16519K (37%)
ptolemy.util.test.WatchDog.cancel(): canceling Sat Aug 31 05:30:32 UTC 2019
------------------ testing $PTII/ptolemy/domains/de/test/auto/Iteration.xml
auto.tcl: Setting watchdog for 200 seconds at Sat Aug 31 05:30:32 UTC 2019
7 ms. Memory: 45056K Free: 24299K (54%)
ptolemy.util.test.WatchDog.cancel(): canceling Sat Aug 31 05:30:32 UTC 2019
auto.tcl: Setting watchdog for 200 seconds at Sat Aug 31 05:30:32 UTC 2019
6 ms. Memory: 45056K Free: 23275K (52%)
ptolemy.util.test.WatchDog.cancel(): canceling Sat Aug 31 05:30:32 UTC 2019
------------------ testing $PTII/ptolemy/domains/de/test/auto/LineFault.xml
auto.tcl: Setting watchdog for 200 seconds at Sat Aug 31 05:30:32 UTC 2019
697 ms. Memory: 45056K Free: 24987K (55%)
ptolemy.util.test.WatchDog.cancel(): canceling Sat Aug 31 05:30:33 UTC 2019
auto.tcl: Setting watchdog for 200 seconds at Sat Aug 31 05:30:33 UTC 2019
584 ms. Memory: 54272K Free: 17056K (31%)
ptolemy.util.test.WatchDog.cancel(): canceling Sat Aug 31 05:30:33 UTC 2019
------------------ testing $PTII/ptolemy/domains/de/test/auto/MergeModel1Add.xml
auto.tcl: Setting watchdog for 200 seconds at Sat Aug 31 05:30:33 UTC 2019
30 ms. Memory: 54272K Free: 19253K (35%)
ptolemy.util.test.WatchDog.cancel(): canceling Sat Aug 31 05:30:34 UTC 2019
auto.tcl: Setting watchdog for 200 seconds at Sat Aug 31 05:30:34 UTC 2019
16 ms. Memory: 54272K Free: 17708K (33%)
ptolemy.util.test.WatchDog.cancel(): canceling Sat Aug 31 05:30:34 UTC 2019
------------------ testing $PTII/ptolemy/domains/de/test/auto/MergeModel2Add.xml
auto.tcl: Setting watchdog for 200 seconds at Sat Aug 31 05:30:34 UTC 2019
9 ms. Memory: 48128K Free: 15931K (33%)
ptolemy.util.test.WatchDog.cancel(): canceling Sat Aug 31 05:30:34 UTC 2019
auto.tcl: Setting watchdog for 200 seconds at Sat Aug 31 05:30:34 UTC 2019
9 ms. Memory: 48128K Free: 14491K (30%)
ptolemy.util.test.WatchDog.cancel(): canceling Sat Aug 31 05:30:34 UTC 2019
------------------ testing $PTII/ptolemy/domains/de/test/auto/MergeModel3Add.xml
auto.tcl: Setting watchdog for 200 seconds at Sat Aug 31 05:30:34 UTC 2019
8 ms. Memory: 48128K Free: 15465K (32%)
ptolemy.util.test.WatchDog.cancel(): canceling Sat Aug 31 05:30:34 UTC 2019
auto.tcl: Setting watchdog for 200 seconds at Sat Aug 31 05:30:34 UTC 2019
7 ms. Memory: 48128K Free: 14122K (29%)
ptolemy.util.test.WatchDog.cancel(): canceling Sat Aug 31 05:30:34 UTC 2019
------------------ testing $PTII/ptolemy/domains/de/test/auto/MergeWithoutDiscard.xml
auto.tcl: Setting watchdog for 200 seconds at Sat Aug 31 05:30:34 UTC 2019
3 ms. Memory: 48128K Free: 30027K (62%)
ptolemy.util.test.WatchDog.cancel(): canceling Sat Aug 31 05:30:34 UTC 2019
auto.tcl: Setting watchdog for 200 seconds at Sat Aug 31 05:30:34 UTC 2019
1 ms. Memory: 48128K Free: 29628K (62%)
ptolemy.util.test.WatchDog.cancel(): canceling Sat Aug 31 05:30:34 UTC 2019
------------------ testing $PTII/ptolemy/domains/de/test/auto/Modal1.xml
auto.tcl: Setting watchdog for 200 seconds at Sat Aug 31 05:30:34 UTC 2019
12 ms. Memory: 48128K Free: 21926K (46%)
ptolemy.util.test.WatchDog.cancel(): canceling Sat Aug 31 05:30:34 UTC 2019
auto.tcl: Setting watchdog for 200 seconds at Sat Aug 31 05:30:34 UTC 2019
14 ms. Memory: 48128K Free: 18502K (38%)
ptolemy.util.test.WatchDog.cancel(): canceling Sat Aug 31 05:30:34 UTC 2019
------------------ testing $PTII/ptolemy/domains/de/test/auto/Modal2.xml
auto.tcl: Setting watchdog for 200 seconds at Sat Aug 31 05:30:34 UTC 2019
20 ms. Memory: 48128K Free: 22038K (46%)
ptolemy.util.test.WatchDog.cancel(): canceling Sat Aug 31 05:30:34 UTC 2019
auto.tcl: Setting watchdog for 200 seconds at Sat Aug 31 05:30:34 UTC 2019
21 ms. Memory: 48128K Free: 18818K (39%)
ptolemy.util.test.WatchDog.cancel(): canceling Sat Aug 31 05:30:34 UTC 2019
------------------ testing $PTII/ptolemy/domains/de/test/auto/Modal3.xml
auto.tcl: Setting watchdog for 200 seconds at Sat Aug 31 05:30:34 UTC 2019
11 ms. Memory: 48128K Free: 21774K (45%)
ptolemy.util.test.WatchDog.cancel(): canceling Sat Aug 31 05:30:34 UTC 2019
auto.tcl: Setting watchdog for 200 seconds at Sat Aug 31 05:30:34 UTC 2019
12 ms. Memory: 48128K Free: 18473K (38%)
ptolemy.util.test.WatchDog.cancel(): canceling Sat Aug 31 05:30:34 UTC 2019
------------------ testing $PTII/ptolemy/domains/de/test/auto/Modal4.xml
auto.tcl: Setting watchdog for 200 seconds at Sat Aug 31 05:30:34 UTC 2019
14 ms. Memory: 48128K Free: 20975K (44%)
ptolemy.util.test.WatchDog.cancel(): canceling Sat Aug 31 05:30:34 UTC 2019
auto.tcl: Setting watchdog for 200 seconds at Sat Aug 31 05:30:34 UTC 2019
15 ms. Memory: 48128K Free: 17145K (36%)
ptolemy.util.test.WatchDog.cancel(): canceling Sat Aug 31 05:30:34 UTC 2019
------------------ testing $PTII/ptolemy/domains/de/test/auto/Modal5.xml
auto.tcl: Setting watchdog for 200 seconds at Sat Aug 31 05:30:34 UTC 2019
13 ms. Memory: 48128K Free: 20996K (44%)
ptolemy.util.test.WatchDog.cancel(): canceling Sat Aug 31 05:30:34 UTC 2019
auto.tcl: Setting watchdog for 200 seconds at Sat Aug 31 05:30:34 UTC 2019
15 ms. Memory: 48128K Free: 17148K (36%)
ptolemy.util.test.WatchDog.cancel(): canceling Sat Aug 31 05:30:34 UTC 2019
------------------ testing $PTII/ptolemy/domains/de/test/auto/Modal6.xml
auto.tcl: Setting watchdog for 200 seconds at Sat Aug 31 05:30:35 UTC 2019
12 ms. Memory: 48128K Free: 21771K (45%)
ptolemy.util.test.WatchDog.cancel(): canceling Sat Aug 31 05:30:35 UTC 2019
auto.tcl: Setting watchdog for 200 seconds at Sat Aug 31 05:30:35 UTC 2019
14 ms. Memory: 48128K Free: 17785K (37%)
ptolemy.util.test.WatchDog.cancel(): canceling Sat Aug 31 05:30:35 UTC 2019
------------------ testing $PTII/ptolemy/domains/de/test/auto/Modal7.xml
auto.tcl: Setting watchdog for 200 seconds at Sat Aug 31 05:30:35 UTC 2019
10 ms. Memory: 48128K Free: 20752K (43%)
ptolemy.util.test.WatchDog.cancel(): canceling Sat Aug 31 05:30:35 UTC 2019
auto.tcl: Setting watchdog for 200 seconds at Sat Aug 31 05:30:35 UTC 2019
12 ms. Memory: 48128K Free: 17130K (36%)
ptolemy.util.test.WatchDog.cancel(): canceling Sat Aug 31 05:30:35 UTC 2019
------------------ testing $PTII/ptolemy/domains/de/test/auto/ModalModel.xml
auto.tcl: Setting watchdog for 200 seconds at Sat Aug 31 05:30:35 UTC 2019
241 ms. Memory: 59392K Free: 19603K (33%)
ptolemy.util.test.WatchDog.cancel(): canceling Sat Aug 31 05:30:35 UTC 2019
auto.tcl: Setting watchdog for 200 seconds at Sat Aug 31 05:30:35 UTC 2019
229 ms. Memory: 59392K Free: 44047K (74%)
ptolemy.util.test.WatchDog.cancel(): canceling Sat Aug 31 05:30:35 UTC 2019
------------------ testing $PTII/ptolemy/domains/de/test/auto/ModalSource.xml
auto.tcl: Setting watchdog for 200 seconds at Sat Aug 31 05:30:35 UTC 2019
9 ms. Memory: 48128K Free: 25835K (54%)
ptolemy.util.test.WatchDog.cancel(): canceling Sat Aug 31 05:30:35 UTC 2019
auto.tcl: Setting watchdog for 200 seconds at Sat Aug 31 05:30:35 UTC 2019
6 ms. Memory: 48128K Free: 23756K (49%)
ptolemy.util.test.WatchDog.cancel(): canceling Sat Aug 31 05:30:35 UTC 2019
------------------ testing $PTII/ptolemy/domains/de/test/auto/NonInterruptibleTimerZeroDelay.xml
auto.tcl: Setting watchdog for 200 seconds at Sat Aug 31 05:30:35 UTC 2019
4 ms. Memory: 48128K Free: 31018K (64%)
ptolemy.util.test.WatchDog.cancel(): canceling Sat Aug 31 05:30:35 UTC 2019
auto.tcl: Setting watchdog for 200 seconds at Sat Aug 31 05:30:35 UTC 2019
3 ms. Memory: 48128K Free: 30125K (63%)
ptolemy.util.test.WatchDog.cancel(): canceling Sat Aug 31 05:30:35 UTC 2019
------------------ testing $PTII/ptolemy/domains/de/test/auto/OpenQueueingNetwork.xml
auto.tcl: Setting watchdog for 200 seconds at Sat Aug 31 05:30:35 UTC 2019
2934 ms. Memory: 101376K Free: 56466K (56%)
ptolemy.util.test.WatchDog.cancel(): canceling Sat Aug 31 05:30:39 UTC 2019
auto.tcl: Setting watchdog for 200 seconds at Sat Aug 31 05:30:39 UTC 2019
2479 ms. Memory: 146432K Free: 58475K (40%)
ptolemy.util.test.WatchDog.cancel(): canceling Sat Aug 31 05:30:41 UTC 2019
------------------ testing $PTII/ptolemy/domains/de/test/auto/OpenQueuingNetwork.xml
auto.tcl: Setting watchdog for 200 seconds at Sat Aug 31 05:30:41 UTC 2019
236 ms. Memory: 51200K Free: 17344K (34%)
ptolemy.util.test.WatchDog.cancel(): canceling Sat Aug 31 05:30:41 UTC 2019
auto.tcl: Setting watchdog for 200 seconds at Sat Aug 31 05:30:41 UTC 2019
232 ms. Memory: 51200K Free: 23290K (45%)
ptolemy.util.test.WatchDog.cancel(): canceling Sat Aug 31 05:30:42 UTC 2019
------------------ testing $PTII/ptolemy/domains/de/test/auto/PeriodicSampler.xml
auto.tcl: Setting watchdog for 200 seconds at Sat Aug 31 05:30:42 UTC 2019
3 ms. Memory: 48128K Free: 29936K (62%)
ptolemy.util.test.WatchDog.cancel(): canceling Sat Aug 31 05:30:42 UTC 2019
auto.tcl: Setting watchdog for 200 seconds at Sat Aug 31 05:30:42 UTC 2019
2 ms. Memory: 48128K Free: 29039K (60%)
ptolemy.util.test.WatchDog.cancel(): canceling Sat Aug 31 05:30:42 UTC 2019
------------------ testing $PTII/ptolemy/domains/de/test/auto/PersistentIO.xml
auto.tcl: Setting watchdog for 200 seconds at Sat Aug 31 05:30:42 UTC 2019
22 ms. Memory: 48128K Free: 24861K (52%)
ptolemy.util.test.WatchDog.cancel(): canceling Sat Aug 31 05:30:42 UTC 2019
auto.tcl: Setting watchdog for 200 seconds at Sat Aug 31 05:30:42 UTC 2019
5 ms. Memory: 48128K Free: 23437K (49%)
ptolemy.util.test.WatchDog.cancel(): canceling Sat Aug 31 05:30:42 UTC 2019
------------------ testing $PTII/ptolemy/domains/de/test/auto/PortParameterResetOnInitialize.xml
auto.tcl: Setting watchdog for 200 seconds at Sat Aug 31 05:30:42 UTC 2019
4 ms. Memory: 48128K Free: 29829K (62%)
ptolemy.util.test.WatchDog.cancel(): canceling Sat Aug 31 05:30:42 UTC 2019
auto.tcl: Setting watchdog for 200 seconds at Sat Aug 31 05:30:42 UTC 2019
1 ms. Memory: 48128K Free: 29349K (61%)
ptolemy.util.test.WatchDog.cancel(): canceling Sat Aug 31 05:30:42 UTC 2019
------------------ testing $PTII/ptolemy/domains/de/test/auto/PortParameterUpdates.xml
auto.tcl: Setting watchdog for 200 seconds at Sat Aug 31 05:30:42 UTC 2019
4 ms. Memory: 48128K Free: 28189K (59%)
ptolemy.util.test.WatchDog.cancel(): canceling Sat Aug 31 05:30:42 UTC 2019
auto.tcl: Setting watchdog for 200 seconds at Sat Aug 31 05:30:42 UTC 2019
4 ms. Memory: 48128K Free: 26975K (56%)
ptolemy.util.test.WatchDog.cancel(): canceling Sat Aug 31 05:30:42 UTC 2019
------------------ testing $PTII/ptolemy/domains/de/test/auto/QueueAndServer.xml
auto.tcl: Setting watchdog for 200 seconds at Sat Aug 31 05:30:42 UTC 2019
15 ms. Memory: 48128K Free: 27129K (56%)
ptolemy.util.test.WatchDog.cancel(): canceling Sat Aug 31 05:30:42 UTC 2019
auto.tcl: Setting watchdog for 200 seconds at Sat Aug 31 05:30:42 UTC 2019
10 ms. Memory: 48128K Free: 25492K (53%)
ptolemy.util.test.WatchDog.cancel(): canceling Sat Aug 31 05:30:42 UTC 2019
------------------ testing $PTII/ptolemy/domains/de/test/auto/Records.xml
auto.tcl: Setting watchdog for 200 seconds at Sat Aug 31 05:30:42 UTC 2019
3 ms. Memory: 48128K Free: 29401K (61%)
ptolemy.util.test.WatchDog.cancel(): canceling Sat Aug 31 05:30:42 UTC 2019
auto.tcl: Setting watchdog for 200 seconds at Sat Aug 31 05:30:42 UTC 2019
2 ms. Memory: 48128K Free: 28933K (60%)
ptolemy.util.test.WatchDog.cancel(): canceling Sat Aug 31 05:30:42 UTC 2019
------------------ testing $PTII/ptolemy/domains/de/test/auto/ResetTransitionWithStartTime1.xml
auto.tcl: Setting watchdog for 200 seconds at Sat Aug 31 05:30:42 UTC 2019
15 ms. Memory: 48128K Free: 26345K (55%)
ptolemy.util.test.WatchDog.cancel(): canceling Sat Aug 31 05:30:42 UTC 2019
auto.tcl: Setting watchdog for 200 seconds at Sat Aug 31 05:30:42 UTC 2019
10 ms. Memory: 48128K Free: 23841K (50%)
ptolemy.util.test.WatchDog.cancel(): canceling Sat Aug 31 05:30:42 UTC 2019
------------------ testing $PTII/ptolemy/domains/de/test/auto/ResetTransitionWithStartTime2.xml
auto.tcl: Setting watchdog for 200 seconds at Sat Aug 31 05:30:42 UTC 2019
6 ms. Memory: 48128K Free: 26300K (55%)
ptolemy.util.test.WatchDog.cancel(): canceling Sat Aug 31 05:30:42 UTC 2019
auto.tcl: Setting watchdog for 200 seconds at Sat Aug 31 05:30:42 UTC 2019
6 ms. Memory: 48128K Free: 23780K (49%)
ptolemy.util.test.WatchDog.cancel(): canceling Sat Aug 31 05:30:42 UTC 2019
------------------ testing $PTII/ptolemy/domains/de/test/auto/ResetTransitionWithStartTime3.xml
auto.tcl: Setting watchdog for 200 seconds at Sat Aug 31 05:30:42 UTC 2019
10 ms. Memory: 48128K Free: 26298K (55%)
ptolemy.util.test.WatchDog.cancel(): canceling Sat Aug 31 05:30:42 UTC 2019
auto.tcl: Setting watchdog for 200 seconds at Sat Aug 31 05:30:42 UTC 2019
6 ms. Memory: 48128K Free: 23786K (49%)
ptolemy.util.test.WatchDog.cancel(): canceling Sat Aug 31 05:30:42 UTC 2019
------------------ testing $PTII/ptolemy/domains/de/test/auto/ResetTransitionWithStartTime4.xml
auto.tcl: Setting watchdog for 200 seconds at Sat Aug 31 05:30:43 UTC 2019
8 ms. Memory: 48128K Free: 26785K (56%)
ptolemy.util.test.WatchDog.cancel(): canceling Sat Aug 31 05:30:43 UTC 2019
auto.tcl: Setting watchdog for 200 seconds at Sat Aug 31 05:30:43 UTC 2019
4 ms. Memory: 48128K Free: 25393K (53%)
ptolemy.util.test.WatchDog.cancel(): canceling Sat Aug 31 05:30:43 UTC 2019
------------------ testing $PTII/ptolemy/domains/de/test/auto/ResettableTimer1.xml
auto.tcl: Setting watchdog for 200 seconds at Sat Aug 31 05:30:43 UTC 2019
3 ms. Memory: 48128K Free: 30811K (64%)
ptolemy.util.test.WatchDog.cancel(): canceling Sat Aug 31 05:30:43 UTC 2019
auto.tcl: Setting watchdog for 200 seconds at Sat Aug 31 05:30:43 UTC 2019
2 ms. Memory: 48128K Free: 29896K (62%)
ptolemy.util.test.WatchDog.cancel(): canceling Sat Aug 31 05:30:43 UTC 2019
------------------ testing $PTII/ptolemy/domains/de/test/auto/ResettableTimer2.xml
auto.tcl: Setting watchdog for 200 seconds at Sat Aug 31 05:30:43 UTC 2019
2 ms. Memory: 48128K Free: 30601K (64%)
ptolemy.util.test.WatchDog.cancel(): canceling Sat Aug 31 05:30:43 UTC 2019
auto.tcl: Setting watchdog for 200 seconds at Sat Aug 31 05:30:43 UTC 2019
2 ms. Memory: 48128K Free: 29513K (61%)
ptolemy.util.test.WatchDog.cancel(): canceling Sat Aug 31 05:30:43 UTC 2019
------------------ testing $PTII/ptolemy/domains/de/test/auto/ResettableTimer3.xml
auto.tcl: Setting watchdog for 200 seconds at Sat Aug 31 05:30:43 UTC 2019
1 ms. Memory: 48128K Free: 30904K (64%)
ptolemy.util.test.WatchDog.cancel(): canceling Sat Aug 31 05:30:43 UTC 2019
auto.tcl: Setting watchdog for 200 seconds at Sat Aug 31 05:30:43 UTC 2019
1 ms. Memory: 48128K Free: 30449K (63%)
ptolemy.util.test.WatchDog.cancel(): canceling Sat Aug 31 05:30:43 UTC 2019
------------------ testing $PTII/ptolemy/domains/de/test/auto/ResettableTimer4.xml
auto.tcl: Setting watchdog for 200 seconds at Sat Aug 31 05:30:43 UTC 2019
1 ms. Memory: 48128K Free: 30500K (63%)
ptolemy.util.test.WatchDog.cancel(): canceling Sat Aug 31 05:30:43 UTC 2019
auto.tcl: Setting watchdog for 200 seconds at Sat Aug 31 05:30:43 UTC 2019
1 ms. Memory: 48128K Free: 30444K (63%)
ptolemy.util.test.WatchDog.cancel(): canceling Sat Aug 31 05:30:43 UTC 2019
------------------ testing $PTII/ptolemy/domains/de/test/auto/ResettableTimer5.xml
auto.tcl: Setting watchdog for 200 seconds at Sat Aug 31 05:30:43 UTC 2019
1 ms. Memory: 48128K Free: 29915K (62%)
ptolemy.util.test.WatchDog.cancel(): canceling Sat Aug 31 05:30:43 UTC 2019
auto.tcl: Setting watchdog for 200 seconds at Sat Aug 31 05:30:43 UTC 2019
1 ms. Memory: 48128K Free: 29475K (61%)
ptolemy.util.test.WatchDog.cancel(): canceling Sat Aug 31 05:30:43 UTC 2019
------------------ testing $PTII/ptolemy/domains/de/test/auto/ResettableTimer6.xml
auto.tcl: Setting watchdog for 200 seconds at Sat Aug 31 05:30:43 UTC 2019
2 ms. Memory: 48128K Free: 29905K (62%)
ptolemy.util.test.WatchDog.cancel(): canceling Sat Aug 31 05:30:43 UTC 2019
auto.tcl: Setting watchdog for 200 seconds at Sat Aug 31 05:30:43 UTC 2019
2 ms. Memory: 48128K Free: 29457K (61%)
ptolemy.util.test.WatchDog.cancel(): canceling Sat Aug 31 05:30:43 UTC 2019
------------------ testing $PTII/ptolemy/domains/de/test/auto/ServerZeroDelay.xml
auto.tcl: Setting watchdog for 200 seconds at Sat Aug 31 05:30:43 UTC 2019
3 ms. Memory: 48128K Free: 30424K (63%)
ptolemy.util.test.WatchDog.cancel(): canceling Sat Aug 31 05:30:43 UTC 2019
auto.tcl: Setting watchdog for 200 seconds at Sat Aug 31 05:30:43 UTC 2019
2 ms. Memory: 48128K Free: 29513K (61%)
ptolemy.util.test.WatchDog.cancel(): canceling Sat Aug 31 05:30:43 UTC 2019
------------------ testing $PTII/ptolemy/domains/de/test/auto/SmartSender.xml
auto.tcl: Setting watchdog for 200 seconds at Sat Aug 31 05:30:43 UTC 2019
3002 ms. Memory: 48128K Free: 30419K (63%)
ptolemy.util.test.WatchDog.cancel(): canceling Sat Aug 31 05:30:46 UTC 2019
auto.tcl: Setting watchdog for 200 seconds at Sat Aug 31 05:30:46 UTC 2019
3002 ms. Memory: 48128K Free: 29947K (62%)
ptolemy.util.test.WatchDog.cancel(): canceling Sat Aug 31 05:30:49 UTC 2019
------------------ testing $PTII/ptolemy/domains/de/test/auto/ThreadedComposite.xml
auto.tcl: Setting watchdog for 200 seconds at Sat Aug 31 05:30:49 UTC 2019
265 ms. Memory: 48128K Free: 11200K (23%)
ptolemy.util.test.WatchDog.cancel(): canceling Sat Aug 31 05:30:49 UTC 2019
auto.tcl: Setting watchdog for 200 seconds at Sat Aug 31 05:30:49 UTC 2019
207 ms. Memory: 48128K Free: 23539K (49%)
ptolemy.util.test.WatchDog.cancel(): canceling Sat Aug 31 05:30:50 UTC 2019
------------------ testing $PTII/ptolemy/domains/de/test/auto/Time.xml
auto.tcl: Setting watchdog for 200 seconds at Sat Aug 31 05:30:50 UTC 2019
602 ms. Memory: 48128K Free: 27131K (56%)
ptolemy.util.test.WatchDog.cancel(): canceling Sat Aug 31 05:30:50 UTC 2019
auto.tcl: Setting watchdog for 200 seconds at Sat Aug 31 05:30:50 UTC 2019
587 ms. Memory: 48128K Free: 23097K (48%)
ptolemy.util.test.WatchDog.cancel(): canceling Sat Aug 31 05:30:51 UTC 2019
------------------ testing $PTII/ptolemy/domains/de/test/auto/TimeDelayZeroDelay.xml
auto.tcl: Setting watchdog for 200 seconds at Sat Aug 31 05:30:51 UTC 2019
4 ms. Memory: 48128K Free: 30845K (64%)
ptolemy.util.test.WatchDog.cancel(): canceling Sat Aug 31 05:30:51 UTC 2019
auto.tcl: Setting watchdog for 200 seconds at Sat Aug 31 05:30:51 UTC 2019
2 ms. Memory: 48128K Free: 29944K (62%)
ptolemy.util.test.WatchDog.cancel(): canceling Sat Aug 31 05:30:51 UTC 2019
------------------ testing $PTII/ptolemy/domains/de/test/auto/TimerZeroDelay.xml
auto.tcl: Setting watchdog for 200 seconds at Sat Aug 31 05:30:51 UTC 2019
3 ms. Memory: 48128K Free: 30836K (64%)
ptolemy.util.test.WatchDog.cancel(): canceling Sat Aug 31 05:30:51 UTC 2019
auto.tcl: Setting watchdog for 200 seconds at Sat Aug 31 05:30:51 UTC 2019
2 ms. Memory: 48128K Free: 30001K (62%)
ptolemy.util.test.WatchDog.cancel(): canceling Sat Aug 31 05:30:51 UTC 2019
------------------ testing $PTII/ptolemy/domains/de/test/auto/TimingParadox.xml
auto.tcl: Setting watchdog for 200 seconds at Sat Aug 31 05:30:51 UTC 2019
394 ms. Memory: 48128K Free: 13466K (28%)
ptolemy.util.test.WatchDog.cancel(): canceling Sat Aug 31 05:30:52 UTC 2019
auto.tcl: Setting watchdog for 200 seconds at Sat Aug 31 05:30:52 UTC 2019
386 ms. Memory: 58368K Free: 12143K (21%)
ptolemy.util.test.WatchDog.cancel(): canceling Sat Aug 31 05:30:52 UTC 2019
------------------ testing $PTII/ptolemy/domains/de/test/auto/TransferInputs.xml
auto.tcl: Setting watchdog for 200 seconds at Sat Aug 31 05:30:52 UTC 2019
2 ms. Memory: 51200K Free: 31940K (62%)
ptolemy.util.test.WatchDog.cancel(): canceling Sat Aug 31 05:30:52 UTC 2019
auto.tcl: Setting watchdog for 200 seconds at Sat Aug 31 05:30:52 UTC 2019
1 ms. Memory: 51200K Free: 31023K (61%)
ptolemy.util.test.WatchDog.cancel(): canceling Sat Aug 31 05:30:52 UTC 2019
------------------ testing $PTII/ptolemy/domains/de/test/auto/TransferOutputs2.xml
auto.tcl: Setting watchdog for 200 seconds at Sat Aug 31 05:30:52 UTC 2019
3 ms. Memory: 48128K Free: 26302K (55%)
ptolemy.util.test.WatchDog.cancel(): canceling Sat Aug 31 05:30:52 UTC 2019
auto.tcl: Setting watchdog for 200 seconds at Sat Aug 31 05:30:52 UTC 2019
3 ms. Memory: 48128K Free: 24909K (52%)
ptolemy.util.test.WatchDog.cancel(): canceling Sat Aug 31 05:30:52 UTC 2019
------------------ testing $PTII/ptolemy/domains/de/test/auto/Trilateration.xml
auto.tcl: Setting watchdog for 200 seconds at Sat Aug 31 05:30:52 UTC 2019
14574 ms. Memory: 520192K Free: 436597K (84%)
ptolemy.util.test.WatchDog.cancel(): canceling Sat Aug 31 05:31:08 UTC 2019
auto.tcl: Setting watchdog for 200 seconds at Sat Aug 31 05:31:08 UTC 2019
11239 ms. Memory: 520192K Free: 276147K (53%)
ptolemy.util.test.WatchDog.cancel(): canceling Sat Aug 31 05:31:19 UTC 2019
------------------ testing $PTII/ptolemy/domains/de/test/auto/TwoSigmaDelta.xml
auto.tcl: Setting watchdog for 200 seconds at Sat Aug 31 05:31:19 UTC 2019
2781 ms. Memory: 86016K Free: 53641K (62%)
ptolemy.util.test.WatchDog.cancel(): canceling Sat Aug 31 05:31:22 UTC 2019
auto.tcl: Setting watchdog for 200 seconds at Sat Aug 31 05:31:22 UTC 2019
2255 ms. Memory: 86016K Free: 41344K (48%)
ptolemy.util.test.WatchDog.cancel(): canceling Sat Aug 31 05:31:25 UTC 2019
------------------ testing $PTII/ptolemy/domains/de/test/auto/VariableDelay.xml
auto.tcl: Setting watchdog for 200 seconds at Sat Aug 31 05:31:25 UTC 2019
2 ms. Memory: 51200K Free: 32409K (63%)
ptolemy.util.test.WatchDog.cancel(): canceling Sat Aug 31 05:31:25 UTC 2019
auto.tcl: Setting watchdog for 200 seconds at Sat Aug 31 05:31:25 UTC 2019
2 ms. Memory: 51200K Free: 31415K (61%)
ptolemy.util.test.WatchDog.cancel(): canceling Sat Aug 31 05:31:25 UTC 2019
------------------ testing $PTII/ptolemy/domains/de/test/auto/VariableDelay2.xml
auto.tcl: Setting watchdog for 200 seconds at Sat Aug 31 05:31:25 UTC 2019
2 ms. Memory: 51200K Free: 33352K (65%)
ptolemy.util.test.WatchDog.cancel(): canceling Sat Aug 31 05:31:25 UTC 2019
auto.tcl: Setting watchdog for 200 seconds at Sat Aug 31 05:31:25 UTC 2019
2 ms. Memory: 51200K Free: 32328K (63%)
ptolemy.util.test.WatchDog.cancel(): canceling Sat Aug 31 05:31:25 UTC 2019
------------------ testing $PTII/ptolemy/domains/de/test/auto/VariableDelayZeroDelay.xml
auto.tcl: Setting watchdog for 200 seconds at Sat Aug 31 05:31:25 UTC 2019
2 ms. Memory: 51200K Free: 33350K (65%)
ptolemy.util.test.WatchDog.cancel(): canceling Sat Aug 31 05:31:25 UTC 2019
auto.tcl: Setting watchdog for 200 seconds at Sat Aug 31 05:31:25 UTC 2019
2 ms. Memory: 51200K Free: 32822K (64%)
ptolemy.util.test.WatchDog.cancel(): canceling Sat Aug 31 05:31:25 UTC 2019
------------------ testing $PTII/ptolemy/domains/de/test/auto/VariableDelayZeroDelay2.xml
auto.tcl: Setting watchdog for 200 seconds at Sat Aug 31 05:31:25 UTC 2019
2 ms. Memory: 51200K Free: 33349K (65%)
ptolemy.util.test.WatchDog.cancel(): canceling Sat Aug 31 05:31:25 UTC 2019
auto.tcl: Setting watchdog for 200 seconds at Sat Aug 31 05:31:25 UTC 2019
2 ms. Memory: 51200K Free: 32325K (63%)
ptolemy.util.test.WatchDog.cancel(): canceling Sat Aug 31 05:31:25 UTC 2019
------------------ testing $PTII/ptolemy/domains/de/test/auto/deInCt.xml
auto.tcl: Setting watchdog for 200 seconds at Sat Aug 31 05:31:25 UTC 2019
0
1
1
1
1
0
0
0
0
0
1
1
1
0
0
0
0
0
1
1
1
0
0
0
0
1
1
1
0
0
1
1
1
1
9 ms. Memory: 51200K Free: 32323K (63%)
ptolemy.util.test.WatchDog.cancel(): canceling Sat Aug 31 05:31:25 UTC 2019
auto.tcl: Setting watchdog for 200 seconds at Sat Aug 31 05:31:25 UTC 2019
0
1
1
1
0
0
0
1
1
0
0
0
1
1
1
1
1
1
1
1
0
0
0
1
1
1
0
0
0
1
1
1
5 ms. Memory: 51200K Free: 30785K (60%)
ptolemy.util.test.WatchDog.cancel(): canceling Sat Aug 31 05:31:25 UTC 2019
------------------ testing $PTII/ptolemy/domains/de/test/auto/deInCt2.xml
auto.tcl: Setting watchdog for 200 seconds at Sat Aug 31 05:31:25 UTC 2019
0
1
1
1
0
0
1
1
1
0
0
1
1
1
0
0
1
1
1
0
0
1
1
1
0
0
1
1
1
0
0
1
1
1
0
0
1
1
1
0
0
0
10 ms. Memory: 48128K Free: 29253K (61%)
ptolemy.util.test.WatchDog.cancel(): canceling Sat Aug 31 05:31:25 UTC 2019
auto.tcl: Setting watchdog for 200 seconds at Sat Aug 31 05:31:25 UTC 2019
0
1
1
1
0
0
1
1
1
0
0
1
1
1
0
0
1
1
1
0
0
1
1
1
0
0
1
1
1
0
0
1
1
1
0
0
1
1
1
0
0
0
7 ms. Memory: 48128K Free: 27720K (58%)
ptolemy.util.test.WatchDog.cancel(): canceling Sat Aug 31 05:31:25 UTC 2019
------------------ testing $PTII/ptolemy/domains/de/test/auto/dynamicCausalityInterface1.xml
auto.tcl: Setting watchdog for 200 seconds at Sat Aug 31 05:31:25 UTC 2019
2 ms. Memory: 48128K Free: 24541K (51%)
ptolemy.util.test.WatchDog.cancel(): canceling Sat Aug 31 05:31:25 UTC 2019
auto.tcl: Setting watchdog for 200 seconds at Sat Aug 31 05:31:25 UTC 2019
1 ms. Memory: 48128K Free: 24541K (51%)
ptolemy.util.test.WatchDog.cancel(): canceling Sat Aug 31 05:31:25 UTC 2019
------------------ testing $PTII/ptolemy/domains/de/test/auto/fsm_de_test.xml
auto.tcl: Setting watchdog for 200 seconds at Sat Aug 31 05:31:25 UTC 2019
12 ms. Memory: 48128K Free: 25050K (52%)
ptolemy.util.test.WatchDog.cancel(): canceling Sat Aug 31 05:31:25 UTC 2019
auto.tcl: Setting watchdog for 200 seconds at Sat Aug 31 05:31:25 UTC 2019
8 ms. Memory: 48128K Free: 23033K (48%)
ptolemy.util.test.WatchDog.cancel(): canceling Sat Aug 31 05:31:25 UTC 2019
------------------ testing $PTII/ptolemy/domains/de/test/auto/functionDependencyReconstruction.xml
auto.tcl: Setting watchdog for 200 seconds at Sat Aug 31 05:31:25 UTC 2019
2 ms. Memory: 48128K Free: 19046K (40%)
ptolemy.util.test.WatchDog.cancel(): canceling Sat Aug 31 05:31:25 UTC 2019
auto.tcl: Setting watchdog for 200 seconds at Sat Aug 31 05:31:25 UTC 2019
2 ms. Memory: 48128K Free: 16878K (35%)
ptolemy.util.test.WatchDog.cancel(): canceling Sat Aug 31 05:31:25 UTC 2019
------------------ testing $PTII/ptolemy/domains/de/test/auto/multirate.xml
auto.tcl: Setting watchdog for 200 seconds at Sat Aug 31 05:31:25 UTC 2019
3 ms. Memory: 48128K Free: 26953K (56%)
ptolemy.util.test.WatchDog.cancel(): canceling Sat Aug 31 05:31:25 UTC 2019
auto.tcl: Setting watchdog for 200 seconds at Sat Aug 31 05:31:25 UTC 2019
2 ms. Memory: 48128K Free: 25819K (54%)
ptolemy.util.test.WatchDog.cancel(): canceling Sat Aug 31 05:31:25 UTC 2019
------------------ testing $PTII/ptolemy/domains/de/test/auto/multirate2.xml
auto.tcl: Setting watchdog for 200 seconds at Sat Aug 31 05:31:25 UTC 2019
9 ms. Memory: 48128K Free: 27690K (58%)
ptolemy.util.test.WatchDog.cancel(): canceling Sat Aug 31 05:31:25 UTC 2019
auto.tcl: Setting watchdog for 200 seconds at Sat Aug 31 05:31:25 UTC 2019
3 ms. Memory: 48128K Free: 25985K (54%)
ptolemy.util.test.WatchDog.cancel(): canceling Sat Aug 31 05:31:25 UTC 2019
------------------ testing $PTII/ptolemy/domains/de/test/auto/realtime.xml
auto.tcl: Setting watchdog for 200 seconds at Sat Aug 31 05:31:25 UTC 2019
10002 ms. Memory: 48128K Free: 29736K (62%)
ptolemy.util.test.WatchDog.cancel(): canceling Sat Aug 31 05:31:35 UTC 2019
auto.tcl: Setting watchdog for 200 seconds at Sat Aug 31 05:31:35 UTC 2019
10001 ms. Memory: 48128K Free: 29010K (60%)
ptolemy.util.test.WatchDog.cancel(): canceling Sat Aug 31 05:31:45 UTC 2019
------------------ testing $PTII/ptolemy/domains/de/test/auto/relationGroup.xml
auto.tcl: Setting watchdog for 200 seconds at Sat Aug 31 05:31:46 UTC 2019
2 ms. Memory: 48128K Free: 30847K (64%)
ptolemy.util.test.WatchDog.cancel(): canceling Sat Aug 31 05:31:46 UTC 2019
auto.tcl: Setting watchdog for 200 seconds at Sat Aug 31 05:31:46 UTC 2019
2 ms. Memory: 48128K Free: 30091K (63%)
ptolemy.util.test.WatchDog.cancel(): canceling Sat Aug 31 05:31:46 UTC 2019
------------------ testing $PTII/ptolemy/domains/de/test/auto/relationGroup2.xml
auto.tcl: Setting watchdog for 200 seconds at Sat Aug 31 05:31:46 UTC 2019
2 ms. Memory: 48128K Free: 30627K (64%)
ptolemy.util.test.WatchDog.cancel(): canceling Sat Aug 31 05:31:46 UTC 2019
auto.tcl: Setting watchdog for 200 seconds at Sat Aug 31 05:31:46 UTC 2019
2 ms. Memory: 48128K Free: 29624K (62%)
ptolemy.util.test.WatchDog.cancel(): canceling Sat Aug 31 05:31:46 UTC 2019
------------------ testing $PTII/ptolemy/domains/de/test/auto/sortWithOpaquePorts.xml
auto.tcl: Setting watchdog for 200 seconds at Sat Aug 31 05:31:46 UTC 2019
2 ms. Memory: 48128K Free: 29590K (61%)
ptolemy.util.test.WatchDog.cancel(): canceling Sat Aug 31 05:31:46 UTC 2019
auto.tcl: Setting watchdog for 200 seconds at Sat Aug 31 05:31:46 UTC 2019
2 ms. Memory: 48128K Free: 28584K (59%)
ptolemy.util.test.WatchDog.cancel(): canceling Sat Aug 31 05:31:46 UTC 2019
------------------ testing $PTII/ptolemy/domains/de/test/auto/transferInputsandOutputs.xml
auto.tcl: Setting watchdog for 200 seconds at Sat Aug 31 05:31:46 UTC 2019
2 ms. Memory: 48128K Free: 27034K (56%)
ptolemy.util.test.WatchDog.cancel(): canceling Sat Aug 31 05:31:46 UTC 2019
auto.tcl: Setting watchdog for 200 seconds at Sat Aug 31 05:31:46 UTC 2019
2 ms. Memory: 48128K Free: 26060K (54%)
ptolemy.util.test.WatchDog.cancel(): canceling Sat Aug 31 05:31:46 UTC 2019
------------------ testing $PTII/ptolemy/domains/de/test/auto/triggerType.xml
auto.tcl: Setting watchdog for 200 seconds at Sat Aug 31 05:31:46 UTC 2019
1 ms. Memory: 48128K Free: 30058K (62%)
ptolemy.util.test.WatchDog.cancel(): canceling Sat Aug 31 05:31:46 UTC 2019
auto.tcl: Setting watchdog for 200 seconds at Sat Aug 31 05:31:46 UTC 2019
2 ms. Memory: 48128K Free: 29087K (60%)
ptolemy.util.test.WatchDog.cancel(): canceling Sat Aug 31 05:31:46 UTC 2019
08/31/19 05:31:46
Failed: 0  Total Tests: 192  ((Passed: 187, Newly Passed: 1)  Known Failed: 5) /home/travis/build/icyphy/ptII/ptolemy/domains/de/test
08/31/19 05:31:46
Failed: 0  Total Tests: 192  ((Passed: 187, Newly Passed: 1)  Known Failed: 5) /home/travis/build/icyphy/ptII/ptolemy/domains/de/test
----------------- testing (KnownFailure) /home/travis/build/icyphy/ptII/ptolemy/domains/de/test/auto/knownFailedTests/DESDFClockTest.xml
2008 ms. Memory: 48128K Free: 22943K (48%)
Known Failure: java.lang.reflect.InvocationTargetException
----------------- testing (KnownFailure) /home/travis/build/icyphy/ptII/ptolemy/domains/de/test/auto/knownFailedTests/DirectFeedback.xml
1 ms. Memory: 48128K Free: 19357K (40%)
Known Failure: java.lang.reflect.InvocationTargetException
----------------- testing (KnownFailure) /home/travis/build/icyphy/ptII/ptolemy/domains/de/test/auto/knownFailedTests/FSMSource.xml
7 ms. Memory: 48128K Free: 11679K (24%)
----------------- testing (KnownFailure) /home/travis/build/icyphy/ptII/ptolemy/domains/de/test/auto/knownFailedTests/HierarchicalModel.xml
2 ms. Memory: 48128K Free: 21747K (45%)
Known Failure: java.lang.reflect.InvocationTargetException
----------------- testing (KnownFailure) /home/travis/build/icyphy/ptII/ptolemy/domains/de/test/auto/knownFailedTests/dependencyLoop.xml
7 ms. Memory: 48128K Free: 32334K (67%)
Known Failure: java.lang.reflect.InvocationTargetException
----------------- testing (KnownFailure) /home/travis/build/icyphy/ptII/ptolemy/domains/de/test/auto/knownFailedTests/dependencyLoop2.xml
3 ms. Memory: 48128K Free: 17187K (36%)
Known Failure: java.lang.reflect.InvocationTargetException
No auto/linux-amd64/*.xml tests in /home/travis/build/icyphy/ptII/ptolemy/domains/de/test
AutoTests.java: About to close Vertx.
AutoTests.java: Vertx closed.

===========================================================================================
----------------- testing Sat Aug 31 05:31:48 UTC 2019 /home/travis/build/icyphy/ptII/ptolemy/domains/de/test/auto/ActorDepthCalculation_actorWithoutPorts.xml
----------------- Instantiating /home/travis/build/icyphy/ptII/ptolemy/domains/de/test/auto/ActorDepthCalculation_actorWithoutPorts.xml
2 ms. Memory: 48128K Free: 10817K (22%)
----------------- Invoking toplevel() on ptolemy.moml.MoMLSimpleApplication@64a83167
----------------- Done invoking toplevel() on ptolemy.moml.MoMLSimpleApplication@64a83167
reloadAllAccessors: .ActorDepthCalculation_actorWithoutPorts

===========================================================================================
----------------- testing Sat Aug 31 05:31:48 UTC 2019 /home/travis/build/icyphy/ptII/ptolemy/domains/de/test/auto/AssemblyLine.xml
----------------- Instantiating /home/travis/build/icyphy/ptII/ptolemy/domains/de/test/auto/AssemblyLine.xml
5 ms. Memory: 48128K Free: 29644K (62%)
----------------- Invoking toplevel() on ptolemy.moml.MoMLSimpleApplication@75e94cf9
----------------- Done invoking toplevel() on ptolemy.moml.MoMLSimpleApplication@75e94cf9
reloadAllAccessors: .AssemblyLine

===========================================================================================
----------------- testing Sat Aug 31 05:31:48 UTC 2019 /home/travis/build/icyphy/ptII/ptolemy/domains/de/test/auto/CQBug1.xml
----------------- Instantiating /home/travis/build/icyphy/ptII/ptolemy/domains/de/test/auto/CQBug1.xml
1 ms. Memory: 48128K Free: 26630K (55%)
----------------- Invoking toplevel() on ptolemy.moml.MoMLSimpleApplication@621317cd
----------------- Done invoking toplevel() on ptolemy.moml.MoMLSimpleApplication@621317cd
reloadAllAccessors: .CQBug1

===========================================================================================
----------------- testing Sat Aug 31 05:31:48 UTC 2019 /home/travis/build/icyphy/ptII/ptolemy/domains/de/test/auto/CancelFireAt.xml
----------------- Instantiating /home/travis/build/icyphy/ptII/ptolemy/domains/de/test/auto/CancelFireAt.xml
1 ms. Memory: 48128K Free: 24321K (51%)
----------------- Invoking toplevel() on ptolemy.moml.MoMLSimpleApplication@255b4cec
----------------- Done invoking toplevel() on ptolemy.moml.MoMLSimpleApplication@255b4cec
reloadAllAccessors: .CancelFireAt

===========================================================================================
----------------- testing Sat Aug 31 05:31:48 UTC 2019 /home/travis/build/icyphy/ptII/ptolemy/domains/de/test/auto/CausalityAndComposabilityAnalysis.xml
----------------- Instantiating /home/travis/build/icyphy/ptII/ptolemy/domains/de/test/auto/CausalityAndComposabilityAnalysis.xml
1 ms. Memory: 48128K Free: 20038K (42%)
----------------- Invoking toplevel() on ptolemy.moml.MoMLSimpleApplication@7e74a5ab
----------------- Done invoking toplevel() on ptolemy.moml.MoMLSimpleApplication@7e74a5ab
reloadAllAccessors: .CausalityAndComposabilityAnalysis

===========================================================================================
----------------- testing Sat Aug 31 05:31:48 UTC 2019 /home/travis/build/icyphy/ptII/ptolemy/domains/de/test/auto/CausalityInterface1.xml
----------------- Instantiating /home/travis/build/icyphy/ptII/ptolemy/domains/de/test/auto/CausalityInterface1.xml
4 ms. Memory: 48128K Free: 15135K (31%)
----------------- Invoking toplevel() on ptolemy.moml.MoMLSimpleApplication@c129d44
----------------- Done invoking toplevel() on ptolemy.moml.MoMLSimpleApplication@c129d44
reloadAllAccessors: .CausalityInterface1

===========================================================================================
----------------- testing Sat Aug 31 05:31:48 UTC 2019 /home/travis/build/icyphy/ptII/ptolemy/domains/de/test/auto/CausalityInterface15.xml
----------------- Instantiating /home/travis/build/icyphy/ptII/ptolemy/domains/de/test/auto/CausalityInterface15.xml
2 ms. Memory: 48128K Free: 9644K (20%)
----------------- Invoking toplevel() on ptolemy.moml.MoMLSimpleApplication@7d0b6c6
----------------- Done invoking toplevel() on ptolemy.moml.MoMLSimpleApplication@7d0b6c6
reloadAllAccessors: .CausalityInterface15

===========================================================================================
----------------- testing Sat Aug 31 05:31:48 UTC 2019 /home/travis/build/icyphy/ptII/ptolemy/domains/de/test/auto/CausalityInterface2.xml
----------------- Instantiating /home/travis/build/icyphy/ptII/ptolemy/domains/de/test/auto/CausalityInterface2.xml
2 ms. Memory: 48128K Free: 30862K (64%)
[...]
	at ptolemy.actor.Manager.run(Manager.java:1263)
	at ptolemy.actor.Manager$PtolemyRunThread.run(Manager.java:1933)
java.lang.RuntimeException: Execution failed
	at ptolemy.moml.MoMLSimpleApplication$UnloadThread.run(MoMLSimpleApplication.java:402)
Caused by: ptolemy.kernel.util.IllegalActionException: Actor is not ready to fire.  Perhaps UpSample.prefire() returned false? Try debugging the actor by selecting "Listen to Actor".  Also, for SDF check moml for tokenConsumptionRate on input.
  in .DESDFClockTest.Play Bell.Copy1:SDF Director and .DESDFClockTest.Play Bell.UpSample
	at ptolemy.actor.sched.StaticSchedulingDirector.fire(StaticSchedulingDirector.java:227)
	at ptolemy.domains.sdf.kernel.SDFDirector.fire(SDFDirector.java:500)
	at ptolemy.actor.CompositeActor.fire(CompositeActor.java:455)
	at ptolemy.domains.de.kernel.DEDirector._fire(DEDirector.java:1949)
	at ptolemy.domains.de.kernel.DEDirector.fire(DEDirector.java:502)
	at ptolemy.actor.CompositeActor.fire(CompositeActor.java:455)
	at ptolemy.actor.Manager.iterate(Manager.java:851)
	at ptolemy.actor.Manager.execute(Manager.java:369)
	at ptolemy.actor.Manager.run(Manager.java:1263)
	at ptolemy.actor.Manager$PtolemyRunThread.run(Manager.java:1933)
java.lang.reflect.InvocationTargetException
	at java.base/jdk.internal.reflect.NativeConstructorAccessorImpl.newInstance0(Native Method)
	at java.base/jdk.internal.reflect.NativeConstructorAccessorImpl.newInstance(NativeConstructorAccessorImpl.java:62)
	at java.base/jdk.internal.reflect.DelegatingConstructorAccessorImpl.newInstance(DelegatingConstructorAccessorImpl.java:45)
	at java.base/java.lang.reflect.Constructor.newInstance(Constructor.java:490)
	at ptolemy.util.test.junit.AutoKnownFailedTests.RunModel(AutoKnownFailedTests.java:105)
	at java.base/jdk.internal.reflect.NativeMethodAccessorImpl.invoke0(Native Method)
	at java.base/jdk.internal.reflect.NativeMethodAccessorImpl.invoke(NativeMethodAccessorImpl.java:62)
	at java.base/jdk.internal.reflect.DelegatingMethodAccessorImpl.invoke(DelegatingMethodAccessorImpl.java:43)
	at java.base/java.lang.reflect.Method.invoke(Method.java:566)
	at org.junit.runners.model.FrameworkMethod$1.runReflectiveCall(FrameworkMethod.java:44)
	at org.junit.internal.runners.model.ReflectiveCallable.run(ReflectiveCallable.java:15)
	at org.junit.runners.model.FrameworkMethod.invokeExplosively(FrameworkMethod.java:41)
	at junitparams.internal.InvokeParameterisedMethod.evaluate(InvokeParameterisedMethod.java:102)
	at org.junit.internal.runners.statements.FailOnTimeout$1.run(FailOnTimeout.java:28)
Caused by: ptolemy.kernel.util.IllegalActionException: Actor is not ready to fire.  Perhaps UpSample.prefire() returned false? Try debugging the actor by selecting "Listen to Actor".  Also, for SDF check moml for tokenConsumptionRate on input.
  in .DESDFClockTest.Play Bell.Copy1:SDF Director and .DESDFClockTest.Play Bell.UpSample
	at ptolemy.actor.sched.StaticSchedulingDirector.fire(StaticSchedulingDirector.java:227)
	at ptolemy.domains.sdf.kernel.SDFDirector.fire(SDFDirector.java:500)
	at ptolemy.actor.CompositeActor.fire(CompositeActor.java:455)
	at ptolemy.domains.de.kernel.DEDirector._fire(DEDirector.java:1949)
	at ptolemy.domains.de.kernel.DEDirector.fire(DEDirector.java:502)
	at ptolemy.actor.CompositeActor.fire(CompositeActor.java:455)
	at ptolemy.actor.Manager.iterate(Manager.java:851)
	at ptolemy.actor.Manager.execute(Manager.java:369)
	at ptolemy.actor.Manager.run(Manager.java:1263)
	at ptolemy.actor.Manager$PtolemyRunThread.run(Manager.java:1933)
java.lang.RuntimeException: Execution failed
	at ptolemy.moml.MoMLSimpleApplication$UnloadThread.run(MoMLSimpleApplication.java:402)
Caused by: ptolemy.kernel.util.IllegalActionException: Test fails in iteration 1.
Value was: 1.0. Should have been: 2.0
  in .DirectFeedback.Test
	at ptolemy.actor.lib.Test.fire(Test.java:268)
	at ptolemy.domains.de.kernel.DEDirector._fire(DEDirector.java:1949)
	at ptolemy.domains.de.kernel.DEDirector.fire(DEDirector.java:502)
	at ptolemy.actor.CompositeActor.fire(CompositeActor.java:455)
	at ptolemy.actor.Manager.iterate(Manager.java:851)
	at ptolemy.actor.Manager.execute(Manager.java:369)
	at ptolemy.actor.Manager.run(Manager.java:1263)
	at ptolemy.actor.Manager$PtolemyRunThread.run(Manager.java:1933)
java.lang.reflect.InvocationTargetException
	at java.base/jdk.internal.reflect.NativeConstructorAccessorImpl.newInstance0(Native Method)
	at java.base/jdk.internal.reflect.NativeConstructorAccessorImpl.newInstance(NativeConstructorAccessorImpl.java:62)
	at java.base/jdk.internal.reflect.DelegatingConstructorAccessorImpl.newInstance(DelegatingConstructorAccessorImpl.java:45)
	at java.base/java.lang.reflect.Constructor.newInstance(Constructor.java:490)
	at ptolemy.util.test.junit.AutoKnownFailedTests.RunModel(AutoKnownFailedTests.java:105)
	at java.base/jdk.internal.reflect.NativeMethodAccessorImpl.invoke0(Native Method)
	at java.base/jdk.internal.reflect.NativeMethodAccessorImpl.invoke(NativeMethodAccessorImpl.java:62)
	at java.base/jdk.internal.reflect.DelegatingMethodAccessorImpl.invoke(DelegatingMethodAccessorImpl.java:43)
	at java.base/java.lang.reflect.Method.invoke(Method.java:566)
	at org.junit.runners.model.FrameworkMethod$1.runReflectiveCall(FrameworkMethod.java:44)
	at org.junit.internal.runners.model.ReflectiveCallable.run(ReflectiveCallable.java:15)
	at org.junit.runners.model.FrameworkMethod.invokeExplosively(FrameworkMethod.java:41)
	at junitparams.internal.InvokeParameterisedMethod.evaluate(InvokeParameterisedMethod.java:102)
	at org.junit.internal.runners.statements.FailOnTimeout$1.run(FailOnTimeout.java:28)
Caused by: ptolemy.kernel.util.IllegalActionException: Test fails in iteration 1.
Value was: 1.0. Should have been: 2.0
  in .DirectFeedback.Test
	at ptolemy.actor.lib.Test.fire(Test.java:268)
	at ptolemy.domains.de.kernel.DEDirector._fire(DEDirector.java:1949)
	at ptolemy.domains.de.kernel.DEDirector.fire(DEDirector.java:502)
	at ptolemy.actor.CompositeActor.fire(CompositeActor.java:455)
	at ptolemy.actor.Manager.iterate(Manager.java:851)
	at ptolemy.actor.Manager.execute(Manager.java:369)
	at ptolemy.actor.Manager.run(Manager.java:1263)
	at ptolemy.actor.Manager$PtolemyRunThread.run(Manager.java:1933)
java.lang.RuntimeException: Execution failed
	at ptolemy.moml.MoMLSimpleApplication$UnloadThread.run(MoMLSimpleApplication.java:402)
Caused by: ptolemy.kernel.util.IllegalActionException: Found a zero delay loop containing .HierarchicalModel.A
  in .HierarchicalModel and .HierarchicalModel.A
	at ptolemy.actor.util.CausalityInterfaceForComposites._computeOutputPortDepth(CausalityInterfaceForComposites.java:759)
	at ptolemy.actor.util.CausalityInterfaceForComposites._computeInputDepth(CausalityInterfaceForComposites.java:696)
	at ptolemy.actor.util.CausalityInterfaceForComposites._computeOutputPortDepth(CausalityInterfaceForComposites.java:765)
	at ptolemy.actor.util.CausalityInterfaceForComposites._computeInputDepth(CausalityInterfaceForComposites.java:696)
	at ptolemy.actor.util.CausalityInterfaceForComposites._computeOutputPortDepth(CausalityInterfaceForComposites.java:765)
	at ptolemy.actor.util.CausalityInterfaceForComposites._computeInputDepth(CausalityInterfaceForComposites.java:696)
	at ptolemy.actor.util.CausalityInterfaceForComposites._computeActorDepth(CausalityInterfaceForComposites.java:532)
	at ptolemy.actor.util.CausalityInterfaceForComposites.checkForCycles(CausalityInterfaceForComposites.java:96)
	at ptolemy.domains.de.kernel.DEDirector.preinitialize(DEDirector.java:1338)
	at ptolemy.actor.CompositeActor.preinitialize(CompositeActor.java:1828)
	at ptolemy.actor.Manager.preinitializeAndResolveTypes(Manager.java:1040)
	at ptolemy.actor.Manager.initialize(Manager.java:710)
	at ptolemy.actor.Manager.execute(Manager.java:356)
	at ptolemy.actor.Manager.run(Manager.java:1263)
	at ptolemy.actor.Manager$PtolemyRunThread.run(Manager.java:1933)
java.lang.reflect.InvocationTargetException
	at java.base/jdk.internal.reflect.NativeConstructorAccessorImpl.newInstance0(Native Method)
	at java.base/jdk.internal.reflect.NativeConstructorAccessorImpl.newInstance(NativeConstructorAccessorImpl.java:62)
	at java.base/jdk.internal.reflect.DelegatingConstructorAccessorImpl.newInstance(DelegatingConstructorAccessorImpl.java:45)
	at java.base/java.lang.reflect.Constructor.newInstance(Constructor.java:490)
	at ptolemy.util.test.junit.AutoKnownFailedTests.RunModel(AutoKnownFailedTests.java:105)
	at java.base/jdk.internal.reflect.NativeMethodAccessorImpl.invoke0(Native Method)
	at java.base/jdk.internal.reflect.NativeMethodAccessorImpl.invoke(NativeMethodAccessorImpl.java:62)
	at java.base/jdk.internal.reflect.DelegatingMethodAccessorImpl.invoke(DelegatingMethodAccessorImpl.java:43)
	at java.base/java.lang.reflect.Method.invoke(Method.java:566)
	at org.junit.runners.model.FrameworkMethod$1.runReflectiveCall(FrameworkMethod.java:44)
	at org.junit.internal.runners.model.ReflectiveCallable.run(ReflectiveCallable.java:15)
	at org.junit.runners.model.FrameworkMethod.invokeExplosively(FrameworkMethod.java:41)
	at junitparams.internal.InvokeParameterisedMethod.evaluate(InvokeParameterisedMethod.java:102)
	at org.junit.internal.runners.statements.FailOnTimeout$1.run(FailOnTimeout.java:28)
Caused by: ptolemy.kernel.util.IllegalActionException: Found a zero delay loop containing .HierarchicalModel.A
  in .HierarchicalModel and .HierarchicalModel.A
	at ptolemy.actor.util.CausalityInterfaceForComposites._computeOutputPortDepth(CausalityInterfaceForComposites.java:759)
	at ptolemy.actor.util.CausalityInterfaceForComposites._computeInputDepth(CausalityInterfaceForComposites.java:696)
	at ptolemy.actor.util.CausalityInterfaceForComposites._computeOutputPortDepth(CausalityInterfaceForComposites.java:765)
	at ptolemy.actor.util.CausalityInterfaceForComposites._computeInputDepth(CausalityInterfaceForComposites.java:696)
	at ptolemy.actor.util.CausalityInterfaceForComposites._computeOutputPortDepth(CausalityInterfaceForComposites.java:765)
	at ptolemy.actor.util.CausalityInterfaceForComposites._computeInputDepth(CausalityInterfaceForComposites.java:696)
	at ptolemy.actor.util.CausalityInterfaceForComposites._computeActorDepth(CausalityInterfaceForComposites.java:532)
	at ptolemy.actor.util.CausalityInterfaceForComposites.checkForCycles(CausalityInterfaceForComposites.java:96)
	at ptolemy.domains.de.kernel.DEDirector.preinitialize(DEDirector.java:1338)
	at ptolemy.actor.CompositeActor.preinitialize(CompositeActor.java:1828)
	at ptolemy.actor.Manager.preinitializeAndResolveTypes(Manager.java:1040)
	at ptolemy.actor.Manager.initialize(Manager.java:710)
	at ptolemy.actor.Manager.execute(Manager.java:356)
	at ptolemy.actor.Manager.run(Manager.java:1263)
	at ptolemy.actor.Manager$PtolemyRunThread.run(Manager.java:1933)
java.lang.RuntimeException: Execution failed
	at ptolemy.moml.MoMLSimpleApplication$UnloadThread.run(MoMLSimpleApplication.java:402)
Caused by: ptolemy.kernel.util.IllegalActionException: Found a zero delay loop containing .dependencyLoop.original
  in .dependencyLoop and .dependencyLoop.original
	at ptolemy.actor.util.CausalityInterfaceForComposites._computeOutputPortDepth(CausalityInterfaceForComposites.java:759)
	at ptolemy.actor.util.CausalityInterfaceForComposites._computeInputDepth(CausalityInterfaceForComposites.java:696)
	at ptolemy.actor.util.CausalityInterfaceForComposites._computeOutputPortDepth(CausalityInterfaceForComposites.java:765)
	at ptolemy.actor.util.CausalityInterfaceForComposites._computeInputDepth(CausalityInterfaceForComposites.java:696)
	at ptolemy.actor.util.CausalityInterfaceForComposites._computeOutputPortDepth(CausalityInterfaceForComposites.java:765)
	at ptolemy.actor.util.CausalityInterfaceForComposites._computeInputDepth(CausalityInterfaceForComposites.java:696)
	at ptolemy.actor.util.CausalityInterfaceForComposites._computeActorDepth(CausalityInterfaceForComposites.java:532)
	at ptolemy.actor.util.CausalityInterfaceForComposites.checkForCycles(CausalityInterfaceForComposites.java:96)
	at ptolemy.domains.de.kernel.DEDirector.preinitialize(DEDirector.java:1338)
	at ptolemy.actor.CompositeActor.preinitialize(CompositeActor.java:1828)
	at ptolemy.actor.Manager.preinitializeAndResolveTypes(Manager.java:1040)
	at ptolemy.actor.Manager.initialize(Manager.java:710)
	at ptolemy.actor.Manager.execute(Manager.java:356)
	at ptolemy.actor.Manager.run(Manager.java:1263)
	at ptolemy.actor.Manager$PtolemyRunThread.run(Manager.java:1933)
java.lang.reflect.InvocationTargetException
	at java.base/jdk.internal.reflect.NativeConstructorAccessorImpl.newInstance0(Native Method)
	at java.base/jdk.internal.reflect.NativeConstructorAccessorImpl.newInstance(NativeConstructorAccessorImpl.java:62)
	at java.base/jdk.internal.reflect.DelegatingConstructorAccessorImpl.newInstance(DelegatingConstructorAccessorImpl.java:45)
	at java.base/java.lang.reflect.Constructor.newInstance(Constructor.java:490)
	at ptolemy.util.test.junit.AutoKnownFailedTests.RunModel(AutoKnownFailedTests.java:105)
	at java.base/jdk.internal.reflect.NativeMethodAccessorImpl.invoke0(Native Method)
	at java.base/jdk.internal.reflect.NativeMethodAccessorImpl.invoke(NativeMethodAccessorImpl.java:62)
	at java.base/jdk.internal.reflect.DelegatingMethodAccessorImpl.invoke(DelegatingMethodAccessorImpl.java:43)
	at java.base/java.lang.reflect.Method.invoke(Method.java:566)
	at org.junit.runners.model.FrameworkMethod$1.runReflectiveCall(FrameworkMethod.java:44)
	at org.junit.internal.runners.model.ReflectiveCallable.run(ReflectiveCallable.java:15)
	at org.junit.runners.model.FrameworkMethod.invokeExplosively(FrameworkMethod.java:41)
	at junitparams.internal.InvokeParameterisedMethod.evaluate(InvokeParameterisedMethod.java:102)
	at org.junit.internal.runners.statements.FailOnTimeout$1.run(FailOnTimeout.java:28)
Caused by: ptolemy.kernel.util.IllegalActionException: Found a zero delay loop containing .dependencyLoop.original
  in .dependencyLoop and .dependencyLoop.original
	at ptolemy.actor.util.CausalityInterfaceForComposites._computeOutputPortDepth(CausalityInterfaceForComposites.java:759)
	at ptolemy.actor.util.CausalityInterfaceForComposites._computeInputDepth(CausalityInterfaceForComposites.java:696)
	at ptolemy.actor.util.CausalityInterfaceForComposites._computeOutputPortDepth(CausalityInterfaceForComposites.java:765)
	at ptolemy.actor.util.CausalityInterfaceForComposites._computeInputDepth(CausalityInterfaceForComposites.java:696)
	at ptolemy.actor.util.CausalityInterfaceForComposites._computeOutputPortDepth(CausalityInterfaceForComposites.java:765)
	at ptolemy.actor.util.CausalityInterfaceForComposites._computeInputDepth(CausalityInterfaceForComposites.java:696)
	at ptolemy.actor.util.CausalityInterfaceForComposites._computeActorDepth(CausalityInterfaceForComposites.java:532)
	at ptolemy.actor.util.CausalityInterfaceForComposites.checkForCycles(CausalityInterfaceForComposites.java:96)
	at ptolemy.domains.de.kernel.DEDirector.preinitialize(DEDirector.java:1338)
	at ptolemy.actor.CompositeActor.preinitialize(CompositeActor.java:1828)
	at ptolemy.actor.Manager.preinitializeAndResolveTypes(Manager.java:1040)
	at ptolemy.actor.Manager.initialize(Manager.java:710)
	at ptolemy.actor.Manager.execute(Manager.java:356)
	at ptolemy.actor.Manager.run(Manager.java:1263)
	at ptolemy.actor.Manager$PtolemyRunThread.run(Manager.java:1933)
java.lang.RuntimeException: Execution failed
	at ptolemy.moml.MoMLSimpleApplication$UnloadThread.run(MoMLSimpleApplication.java:402)
Caused by: ptolemy.kernel.util.IllegalActionException: Found a zero delay loop containing .dependencyLoop2.original
  in .dependencyLoop2 and .dependencyLoop2.original
	at ptolemy.actor.util.CausalityInterfaceForComposites._computeOutputPortDepth(CausalityInterfaceForComposites.java:759)
	at ptolemy.actor.util.CausalityInterfaceForComposites._computeInputDepth(CausalityInterfaceForComposites.java:696)
	at ptolemy.actor.util.CausalityInterfaceForComposites._computeOutputPortDepth(CausalityInterfaceForComposites.java:765)
	at ptolemy.actor.util.CausalityInterfaceForComposites._computeInputDepth(CausalityInterfaceForComposites.java:696)
	at ptolemy.actor.util.CausalityInterfaceForComposites._computeOutputPortDepth(CausalityInterfaceForComposites.java:765)
	at ptolemy.actor.util.CausalityInterfaceForComposites._computeInputDepth(CausalityInterfaceForComposites.java:696)
	at ptolemy.actor.util.CausalityInterfaceForComposites._computeActorDepth(CausalityInterfaceForComposites.java:532)
	at ptolemy.actor.util.CausalityInterfaceForComposites.checkForCycles(CausalityInterfaceForComposites.java:96)
	at ptolemy.domains.de.kernel.DEDirector.preinitialize(DEDirector.java:1338)
	at ptolemy.actor.CompositeActor.preinitialize(CompositeActor.java:1828)
	at ptolemy.actor.Manager.preinitializeAndResolveTypes(Manager.java:1040)
	at ptolemy.actor.Manager.initialize(Manager.java:710)
	at ptolemy.actor.Manager.execute(Manager.java:356)
	at ptolemy.actor.Manager.run(Manager.java:1263)
	at ptolemy.actor.Manager$PtolemyRunThread.run(Manager.java:1933)
java.lang.reflect.InvocationTargetException
	at java.base/jdk.internal.reflect.NativeConstructorAccessorImpl.newInstance0(Native Method)
	at java.base/jdk.internal.reflect.NativeConstructorAccessorImpl.newInstance(NativeConstructorAccessorImpl.java:62)
	at java.base/jdk.internal.reflect.DelegatingConstructorAccessorImpl.newInstance(DelegatingConstructorAccessorImpl.java:45)
	at java.base/java.lang.reflect.Constructor.newInstance(Constructor.java:490)
	at ptolemy.util.test.junit.AutoKnownFailedTests.RunModel(AutoKnownFailedTests.java:105)
	at java.base/jdk.internal.reflect.NativeMethodAccessorImpl.invoke0(Native Method)
	at java.base/jdk.internal.reflect.NativeMethodAccessorImpl.invoke(NativeMethodAccessorImpl.java:62)
	at java.base/jdk.internal.reflect.DelegatingMethodAccessorImpl.invoke(DelegatingMethodAccessorImpl.java:43)
	at java.base/java.lang.reflect.Method.invoke(Method.java:566)
	at org.junit.runners.model.FrameworkMethod$1.runReflectiveCall(FrameworkMethod.java:44)
	at org.junit.internal.runners.model.ReflectiveCallable.run(ReflectiveCallable.java:15)
	at org.junit.runners.model.FrameworkMethod.invokeExplosively(FrameworkMethod.java:41)
	at junitparams.internal.InvokeParameterisedMethod.evaluate(InvokeParameterisedMethod.java:102)
	at org.junit.internal.runners.statements.FailOnTimeout$1.run(FailOnTimeout.java:28)
Caused by: ptolemy.kernel.util.IllegalActionException: Found a zero delay loop containing .dependencyLoop2.original
  in .dependencyLoop2 and .dependencyLoop2.original
	at ptolemy.actor.util.CausalityInterfaceForComposites._computeOutputPortDepth(CausalityInterfaceForComposites.java:759)
	at ptolemy.actor.util.CausalityInterfaceForComposites._computeInputDepth(CausalityInterfaceForComposites.java:696)
	at ptolemy.actor.util.CausalityInterfaceForComposites._computeOutputPortDepth(CausalityInterfaceForComposites.java:765)
	at ptolemy.actor.util.CausalityInterfaceForComposites._computeInputDepth(CausalityInterfaceForComposites.java:696)
	at ptolemy.actor.util.CausalityInterfaceForComposites._computeOutputPortDepth(CausalityInterfaceForComposites.java:765)
	at ptolemy.actor.util.CausalityInterfaceForComposites._computeInputDepth(CausalityInterfaceForComposites.java:696)
	at ptolemy.actor.util.CausalityInterfaceForComposites._computeActorDepth(CausalityInterfaceForComposites.java:532)
	at ptolemy.actor.util.CausalityInterfaceForComposites.checkForCycles(CausalityInterfaceForComposites.java:96)
	at ptolemy.domains.de.kernel.DEDirector.preinitialize(DEDirector.java:1338)
	at ptolemy.actor.CompositeActor.preinitialize(CompositeActor.java:1828)
	at ptolemy.actor.Manager.preinitializeAndResolveTypes(Manager.java:1040)
	at ptolemy.actor.Manager.initialize(Manager.java:710)
	at ptolemy.actor.Manager.execute(Manager.java:356)
	at ptolemy.actor.Manager.run(Manager.java:1263)
	at ptolemy.actor.Manager$PtolemyRunThread.run(Manager.java:1933)
]]></system-err>
</testsuite>
