<?xml version="1.0" encoding="UTF-8" ?>
<testsuite errors="0" failures="0" hostname="travis-job-2ec599a7-42aa-412e-bc5d-7528b65cd798" name="ptolemy.domains.de.test.junit.JUnitTclTest" skipped="0" tests="101" time="127.098" timestamp="2020-06-05T14:35:03">
  <properties>
[...]
</properties>
  <testcase classname="ptolemy.util.test.junit.TclTests" name="[0] /home/travis/build/icyphy/ptII/ptolemy/domains/de/test/DependencyLoop.tcl (RunTclFile)" time="0.988" />
  <testcase classname="ptolemy.util.test.junit.TclTests" name="[1] /home/travis/build/icyphy/ptII/ptolemy/domains/de/test/RunDETestsAsQSS.tcl (RunTclFile)" time="86.308" />
  <testcase classname="ptolemy.util.test.junit.AutoKnownFailedTests" name="[0] /home/travis/build/icyphy/ptII/ptolemy/domains/de/test/auto/knownFailedTests/DESDFClockTest.xml (RunModel)" time="2.076" />
  <testcase classname="ptolemy.util.test.junit.AutoKnownFailedTests" name="[1] /home/travis/build/icyphy/ptII/ptolemy/domains/de/test/auto/knownFailedTests/DirectFeedback.xml (RunModel)" time="0.021" />
  <testcase classname="ptolemy.util.test.junit.AutoKnownFailedTests" name="[2] /home/travis/build/icyphy/ptII/ptolemy/domains/de/test/auto/knownFailedTests/FSMSource.xml (RunModel)" time="0.03" />
  <testcase classname="ptolemy.util.test.junit.AutoKnownFailedTests" name="[3] /home/travis/build/icyphy/ptII/ptolemy/domains/de/test/auto/knownFailedTests/HierarchicalModel.xml (RunModel)" time="0.064" />
  <testcase classname="ptolemy.util.test.junit.AutoKnownFailedTests" name="[4] /home/travis/build/icyphy/ptII/ptolemy/domains/de/test/auto/knownFailedTests/dependencyLoop.xml (RunModel)" time="0.041" />
  <testcase classname="ptolemy.util.test.junit.AutoKnownFailedTests" name="[5] /home/travis/build/icyphy/ptII/ptolemy/domains/de/test/auto/knownFailedTests/dependencyLoop2.xml (RunModel)" time="0.05" />
  <testcase classname="ptolemy.util.test.junit.AutoNameArchTests" name="[0] ThereAreNoAutoArchTests (RunModel)" time="0.001" />
  <testcase classname="ptolemy.util.test.junit.AutoTests" name="[0] /home/travis/build/icyphy/ptII/ptolemy/domains/de/test/auto/ActorDepthCalculation_actorWithoutPorts.xml (RunModel)" time="0.019" />
  <testcase classname="ptolemy.util.test.junit.AutoTests" name="[1] /home/travis/build/icyphy/ptII/ptolemy/domains/de/test/auto/AssemblyLine.xml (RunModel)" time="0.026" />
  <testcase classname="ptolemy.util.test.junit.AutoTests" name="[2] /home/travis/build/icyphy/ptII/ptolemy/domains/de/test/auto/CQBug1.xml (RunModel)" time="0.013" />
  <testcase classname="ptolemy.util.test.junit.AutoTests" name="[3] /home/travis/build/icyphy/ptII/ptolemy/domains/de/test/auto/CancelFireAt.xml (RunModel)" time="0.015" />
  <testcase classname="ptolemy.util.test.junit.AutoTests" name="[4] /home/travis/build/icyphy/ptII/ptolemy/domains/de/test/auto/CausalityAndComposabilityAnalysis.xml (RunModel)" time="0.013" />
  <testcase classname="ptolemy.util.test.junit.AutoTests" name="[5] /home/travis/build/icyphy/ptII/ptolemy/domains/de/test/auto/CausalityInterface1.xml (RunModel)" time="0.021" />
  <testcase classname="ptolemy.util.test.junit.AutoTests" name="[6] /home/travis/build/icyphy/ptII/ptolemy/domains/de/test/auto/CausalityInterface15.xml (RunModel)" time="0.02" />
  <testcase classname="ptolemy.util.test.junit.AutoTests" name="[7] /home/travis/build/icyphy/ptII/ptolemy/domains/de/test/auto/CausalityInterface2.xml (RunModel)" time="0.017" />
  <testcase classname="ptolemy.util.test.junit.AutoTests" name="[8] /home/travis/build/icyphy/ptII/ptolemy/domains/de/test/auto/CausalityInterface3.xml (RunModel)" time="0.022" />
  <testcase classname="ptolemy.util.test.junit.AutoTests" name="[9] /home/travis/build/icyphy/ptII/ptolemy/domains/de/test/auto/ClockDrift.xml (RunModel)" time="0.047" />
  <testcase classname="ptolemy.util.test.junit.AutoTests" name="[10] /home/travis/build/icyphy/ptII/ptolemy/domains/de/test/auto/ClockDriftAndValueChange.xml (RunModel)" time="0.036" />
  <testcase classname="ptolemy.util.test.junit.AutoTests" name="[11] /home/travis/build/icyphy/ptII/ptolemy/domains/de/test/auto/ClockDriftChange.xml (RunModel)" time="0.04" />
  <testcase classname="ptolemy.util.test.junit.AutoTests" name="[12] /home/travis/build/icyphy/ptII/ptolemy/domains/de/test/auto/ComposableCausalityAnalysis.xml (RunModel)" time="0.019" />
  <testcase classname="ptolemy.util.test.junit.AutoTests" name="[13] /home/travis/build/icyphy/ptII/ptolemy/domains/de/test/auto/DEFixedPointLimitation.xml (RunModel)" time="0.01" />
  <testcase classname="ptolemy.util.test.junit.AutoTests" name="[14] /home/travis/build/icyphy/ptII/ptolemy/domains/de/test/auto/DEScheduleTest.xml (RunModel)" time="0.017" />
  <testcase classname="ptolemy.util.test.junit.AutoTests" name="[15] /home/travis/build/icyphy/ptII/ptolemy/domains/de/test/auto/DEinDEwithStartTimes.xml (RunModel)" time="0.017" />
  <testcase classname="ptolemy.util.test.junit.AutoTests" name="[16] /home/travis/build/icyphy/ptII/ptolemy/domains/de/test/auto/DEinDEwithStartTimes2.xml (RunModel)" time="0.019" />
  <testcase classname="ptolemy.util.test.junit.AutoTests" name="[17] /home/travis/build/icyphy/ptII/ptolemy/domains/de/test/auto/DateDemo.xml (RunModel)" time="0.048" />
  <testcase classname="ptolemy.util.test.junit.AutoTests" name="[18] /home/travis/build/icyphy/ptII/ptolemy/domains/de/test/auto/DateToEvent.xml (RunModel)" time="2.048" />
  <testcase classname="ptolemy.util.test.junit.AutoTests" name="[19] /home/travis/build/icyphy/ptII/ptolemy/domains/de/test/auto/DepthTest1.xml (RunModel)" time="0.013" />
  <testcase classname="ptolemy.util.test.junit.AutoTests" name="[20] /home/travis/build/icyphy/ptII/ptolemy/domains/de/test/auto/DepthTest2.xml (RunModel)" time="0.022" />
  <testcase classname="ptolemy.util.test.junit.AutoTests" name="[21] /home/travis/build/icyphy/ptII/ptolemy/domains/de/test/auto/DepthTest3.xml (RunModel)" time="0.012" />
  <testcase classname="ptolemy.util.test.junit.AutoTests" name="[22] /home/travis/build/icyphy/ptII/ptolemy/domains/de/test/auto/DepthTest4.xml (RunModel)" time="0.02" />
  <testcase classname="ptolemy.util.test.junit.AutoTests" name="[23] /home/travis/build/icyphy/ptII/ptolemy/domains/de/test/auto/DepthTest5.xml (RunModel)" time="0.018" />
  <testcase classname="ptolemy.util.test.junit.AutoTests" name="[24] /home/travis/build/icyphy/ptII/ptolemy/domains/de/test/auto/DepthTest6.xml (RunModel)" time="0.014" />
  <testcase classname="ptolemy.util.test.junit.AutoTests" name="[25] /home/travis/build/icyphy/ptII/ptolemy/domains/de/test/auto/DepthTest7.xml (RunModel)" time="0.013" />
  <testcase classname="ptolemy.util.test.junit.AutoTests" name="[26] /home/travis/build/icyphy/ptII/ptolemy/domains/de/test/auto/EventToDate.xml (RunModel)" time="3.044" />
  <testcase classname="ptolemy.util.test.junit.AutoTests" name="[27] /home/travis/build/icyphy/ptII/ptolemy/domains/de/test/auto/FSM1.xml (RunModel)" time="0.042" />
  <testcase classname="ptolemy.util.test.junit.AutoTests" name="[28] /home/travis/build/icyphy/ptII/ptolemy/domains/de/test/auto/FSM7.xml (RunModel)" time="0.045" />
  <testcase classname="ptolemy.util.test.junit.AutoTests" name="[29] /home/travis/build/icyphy/ptII/ptolemy/domains/de/test/auto/Inspection.xml (RunModel)" time="0.045" />
  <testcase classname="ptolemy.util.test.junit.AutoTests" name="[30] /home/travis/build/icyphy/ptII/ptolemy/domains/de/test/auto/Iteration.xml (RunModel)" time="0.026" />
  <testcase classname="ptolemy.util.test.junit.AutoTests" name="[31] /home/travis/build/icyphy/ptII/ptolemy/domains/de/test/auto/LineFault.xml (RunModel)" time="0.578" />
  <testcase classname="ptolemy.util.test.junit.AutoTests" name="[32] /home/travis/build/icyphy/ptII/ptolemy/domains/de/test/auto/MergeModel1Add.xml (RunModel)" time="0.049" />
  <testcase classname="ptolemy.util.test.junit.AutoTests" name="[33] /home/travis/build/icyphy/ptII/ptolemy/domains/de/test/auto/MergeModel2Add.xml (RunModel)" time="0.04" />
  <testcase classname="ptolemy.util.test.junit.AutoTests" name="[34] /home/travis/build/icyphy/ptII/ptolemy/domains/de/test/auto/MergeModel3Add.xml (RunModel)" time="0.056" />
  <testcase classname="ptolemy.util.test.junit.AutoTests" name="[35] /home/travis/build/icyphy/ptII/ptolemy/domains/de/test/auto/MergeWithoutDiscard.xml (RunModel)" time="0.014" />
  <testcase classname="ptolemy.util.test.junit.AutoTests" name="[36] /home/travis/build/icyphy/ptII/ptolemy/domains/de/test/auto/Modal1.xml (RunModel)" time="0.033" />
  <testcase classname="ptolemy.util.test.junit.AutoTests" name="[37] /home/travis/build/icyphy/ptII/ptolemy/domains/de/test/auto/Modal2.xml (RunModel)" time="0.028" />
  <testcase classname="ptolemy.util.test.junit.AutoTests" name="[38] /home/travis/build/icyphy/ptII/ptolemy/domains/de/test/auto/Modal3.xml (RunModel)" time="0.03" />
  <testcase classname="ptolemy.util.test.junit.AutoTests" name="[39] /home/travis/build/icyphy/ptII/ptolemy/domains/de/test/auto/Modal4.xml (RunModel)" time="0.027" />
  <testcase classname="ptolemy.util.test.junit.AutoTests" name="[40] /home/travis/build/icyphy/ptII/ptolemy/domains/de/test/auto/Modal5.xml (RunModel)" time="0.037" />
  <testcase classname="ptolemy.util.test.junit.AutoTests" name="[41] /home/travis/build/icyphy/ptII/ptolemy/domains/de/test/auto/Modal6.xml (RunModel)" time="0.027" />
  <testcase classname="ptolemy.util.test.junit.AutoTests" name="[42] /home/travis/build/icyphy/ptII/ptolemy/domains/de/test/auto/Modal7.xml (RunModel)" time="0.036" />
  <testcase classname="ptolemy.util.test.junit.AutoTests" name="[43] /home/travis/build/icyphy/ptII/ptolemy/domains/de/test/auto/ModalModel.xml (RunModel)" time="0.179" />
  <testcase classname="ptolemy.util.test.junit.AutoTests" name="[44] /home/travis/build/icyphy/ptII/ptolemy/domains/de/test/auto/ModalSource.xml (RunModel)" time="0.02" />
  <testcase classname="ptolemy.util.test.junit.AutoTests" name="[45] /home/travis/build/icyphy/ptII/ptolemy/domains/de/test/auto/NonInterruptibleTimerZeroDelay.xml (RunModel)" time="0.011" />
  <testcase classname="ptolemy.util.test.junit.AutoTests" name="[46] /home/travis/build/icyphy/ptII/ptolemy/domains/de/test/auto/OpenQueueingNetwork.xml (RunModel)" time="2.654" />
  <testcase classname="ptolemy.util.test.junit.AutoTests" name="[47] /home/travis/build/icyphy/ptII/ptolemy/domains/de/test/auto/OpenQueuingNetwork.xml (RunModel)" time="0.312" />
  <testcase classname="ptolemy.util.test.junit.AutoTests" name="[48] /home/travis/build/icyphy/ptII/ptolemy/domains/de/test/auto/PeriodicSampler.xml (RunModel)" time="0.013" />
  <testcase classname="ptolemy.util.test.junit.AutoTests" name="[49] /home/travis/build/icyphy/ptII/ptolemy/domains/de/test/auto/PersistentIO.xml (RunModel)" time="0.027" />
  <testcase classname="ptolemy.util.test.junit.AutoTests" name="[50] /home/travis/build/icyphy/ptII/ptolemy/domains/de/test/auto/PortParameterResetOnInitialize.xml (RunModel)" time="0.011" />
  <testcase classname="ptolemy.util.test.junit.AutoTests" name="[51] /home/travis/build/icyphy/ptII/ptolemy/domains/de/test/auto/PortParameterUpdates.xml (RunModel)" time="0.015" />
  <testcase classname="ptolemy.util.test.junit.AutoTests" name="[52] /home/travis/build/icyphy/ptII/ptolemy/domains/de/test/auto/QueueAndServer.xml (RunModel)" time="0.022" />
  <testcase classname="ptolemy.util.test.junit.AutoTests" name="[53] /home/travis/build/icyphy/ptII/ptolemy/domains/de/test/auto/Records.xml (RunModel)" time="0.014" />
  <testcase classname="ptolemy.util.test.junit.AutoTests" name="[54] /home/travis/build/icyphy/ptII/ptolemy/domains/de/test/auto/ResetTransitionWithStartTime1.xml (RunModel)" time="0.018" />
  <testcase classname="ptolemy.util.test.junit.AutoTests" name="[55] /home/travis/build/icyphy/ptII/ptolemy/domains/de/test/auto/ResetTransitionWithStartTime2.xml (RunModel)" time="0.022" />
  <testcase classname="ptolemy.util.test.junit.AutoTests" name="[56] /home/travis/build/icyphy/ptII/ptolemy/domains/de/test/auto/ResetTransitionWithStartTime3.xml (RunModel)" time="0.02" />
  <testcase classname="ptolemy.util.test.junit.AutoTests" name="[57] /home/travis/build/icyphy/ptII/ptolemy/domains/de/test/auto/ResetTransitionWithStartTime4.xml (RunModel)" time="0.026" />
  <testcase classname="ptolemy.util.test.junit.AutoTests" name="[58] /home/travis/build/icyphy/ptII/ptolemy/domains/de/test/auto/ResettableTimer1.xml (RunModel)" time="0.011" />
  <testcase classname="ptolemy.util.test.junit.AutoTests" name="[59] /home/travis/build/icyphy/ptII/ptolemy/domains/de/test/auto/ResettableTimer2.xml (RunModel)" time="0.014" />
  <testcase classname="ptolemy.util.test.junit.AutoTests" name="[60] /home/travis/build/icyphy/ptII/ptolemy/domains/de/test/auto/ResettableTimer3.xml (RunModel)" time="0.009" />
  <testcase classname="ptolemy.util.test.junit.AutoTests" name="[61] /home/travis/build/icyphy/ptII/ptolemy/domains/de/test/auto/ResettableTimer4.xml (RunModel)" time="0.01" />
  <testcase classname="ptolemy.util.test.junit.AutoTests" name="[62] /home/travis/build/icyphy/ptII/ptolemy/domains/de/test/auto/ResettableTimer5.xml (RunModel)" time="0.01" />
  <testcase classname="ptolemy.util.test.junit.AutoTests" name="[63] /home/travis/build/icyphy/ptII/ptolemy/domains/de/test/auto/ResettableTimer6.xml (RunModel)" time="0.019" />
  <testcase classname="ptolemy.util.test.junit.AutoTests" name="[64] /home/travis/build/icyphy/ptII/ptolemy/domains/de/test/auto/ServerZeroDelay.xml (RunModel)" time="0.01" />
  <testcase classname="ptolemy.util.test.junit.AutoTests" name="[65] /home/travis/build/icyphy/ptII/ptolemy/domains/de/test/auto/SmartSender.xml (RunModel)" time="3.007" />
  <testcase classname="ptolemy.util.test.junit.AutoTests" name="[66] /home/travis/build/icyphy/ptII/ptolemy/domains/de/test/auto/ThreadedComposite.xml (RunModel)" time="0.115" />
  <testcase classname="ptolemy.util.test.junit.AutoTests" name="[67] /home/travis/build/icyphy/ptII/ptolemy/domains/de/test/auto/Time.xml (RunModel)" time="0.355" />
  <testcase classname="ptolemy.util.test.junit.AutoTests" name="[68] /home/travis/build/icyphy/ptII/ptolemy/domains/de/test/auto/TimeDelayZeroDelay.xml (RunModel)" time="0.01" />
  <testcase classname="ptolemy.util.test.junit.AutoTests" name="[69] /home/travis/build/icyphy/ptII/ptolemy/domains/de/test/auto/TimerZeroDelay.xml (RunModel)" time="0.008" />
  <testcase classname="ptolemy.util.test.junit.AutoTests" name="[70] /home/travis/build/icyphy/ptII/ptolemy/domains/de/test/auto/TimingParadox.xml (RunModel)" time="0.325" />
  <testcase classname="ptolemy.util.test.junit.AutoTests" name="[71] /home/travis/build/icyphy/ptII/ptolemy/domains/de/test/auto/TransferInputs.xml (RunModel)" time="0.018" />
  <testcase classname="ptolemy.util.test.junit.AutoTests" name="[72] /home/travis/build/icyphy/ptII/ptolemy/domains/de/test/auto/TransferOutputs2.xml (RunModel)" time="0.018" />
  <testcase classname="ptolemy.util.test.junit.AutoTests" name="[73] /home/travis/build/icyphy/ptII/ptolemy/domains/de/test/auto/Trilateration.xml (RunModel)" time="11.216" />
  <testcase classname="ptolemy.util.test.junit.AutoTests" name="[74] /home/travis/build/icyphy/ptII/ptolemy/domains/de/test/auto/TwoSigmaDelta.xml (RunModel)" time="1.65" />
  <testcase classname="ptolemy.util.test.junit.AutoTests" name="[75] /home/travis/build/icyphy/ptII/ptolemy/domains/de/test/auto/VariableDelay.xml (RunModel)" time="0.014" />
  <testcase classname="ptolemy.util.test.junit.AutoTests" name="[76] /home/travis/build/icyphy/ptII/ptolemy/domains/de/test/auto/VariableDelay2.xml (RunModel)" time="0.009" />
  <testcase classname="ptolemy.util.test.junit.AutoTests" name="[77] /home/travis/build/icyphy/ptII/ptolemy/domains/de/test/auto/VariableDelayZeroDelay.xml (RunModel)" time="0.009" />
  <testcase classname="ptolemy.util.test.junit.AutoTests" name="[78] /home/travis/build/icyphy/ptII/ptolemy/domains/de/test/auto/VariableDelayZeroDelay2.xml (RunModel)" time="0.009" />
  <testcase classname="ptolemy.util.test.junit.AutoTests" name="[79] /home/travis/build/icyphy/ptII/ptolemy/domains/de/test/auto/deInCt.xml (RunModel)" time="0.014" />
  <testcase classname="ptolemy.util.test.junit.AutoTests" name="[80] /home/travis/build/icyphy/ptII/ptolemy/domains/de/test/auto/deInCt2.xml (RunModel)" time="0.013" />
  <testcase classname="ptolemy.util.test.junit.AutoTests" name="[81] /home/travis/build/icyphy/ptII/ptolemy/domains/de/test/auto/dynamicCausalityInterface1.xml (RunModel)" time="0.017" />
  <testcase classname="ptolemy.util.test.junit.AutoTests" name="[82] /home/travis/build/icyphy/ptII/ptolemy/domains/de/test/auto/fsm_de_test.xml (RunModel)" time="0.02" />
  <testcase classname="ptolemy.util.test.junit.AutoTests" name="[83] /home/travis/build/icyphy/ptII/ptolemy/domains/de/test/auto/functionDependencyReconstruction.xml (RunModel)" time="0.027" />
  <testcase classname="ptolemy.util.test.junit.AutoTests" name="[84] /home/travis/build/icyphy/ptII/ptolemy/domains/de/test/auto/multirate.xml (RunModel)" time="0.015" />
  <testcase classname="ptolemy.util.test.junit.AutoTests" name="[85] /home/travis/build/icyphy/ptII/ptolemy/domains/de/test/auto/multirate2.xml (RunModel)" time="0.02" />
  <testcase classname="ptolemy.util.test.junit.AutoTests" name="[86] /home/travis/build/icyphy/ptII/ptolemy/domains/de/test/auto/realtime.xml (RunModel)" time="10.011" />
  <testcase classname="ptolemy.util.test.junit.AutoTests" name="[87] /home/travis/build/icyphy/ptII/ptolemy/domains/de/test/auto/relationGroup.xml (RunModel)" time="0.008" />
  <testcase classname="ptolemy.util.test.junit.AutoTests" name="[88] /home/travis/build/icyphy/ptII/ptolemy/domains/de/test/auto/relationGroup2.xml (RunModel)" time="0.008" />
  <testcase classname="ptolemy.util.test.junit.AutoTests" name="[89] /home/travis/build/icyphy/ptII/ptolemy/domains/de/test/auto/sortWithOpaquePorts.xml (RunModel)" time="0.009" />
  <testcase classname="ptolemy.util.test.junit.AutoTests" name="[90] /home/travis/build/icyphy/ptII/ptolemy/domains/de/test/auto/transferInputsandOutputs.xml (RunModel)" time="0.027" />
  <testcase classname="ptolemy.util.test.junit.AutoTests" name="[91] /home/travis/build/icyphy/ptII/ptolemy/domains/de/test/auto/triggerType.xml (RunModel)" time="0.007" />
  <system-out><![CDATA[/home/travis/build/icyphy/ptII/ptolemy/domains/de/test/DependencyLoop.tcl
testDefs.tcl: setting time out to 9000 seconds at Fri Jun 05 14:35:03 UTC 2020
93 ms. Memory: 129024K Free: 78792K (61%)
22 ms. Memory: 129024K Free: 61384K (48%)
/home/travis/build/icyphy/ptII/ptolemy/domains/de/test/RunDETestsAsQSS.tcl
Run the DE tests using ptolemy.domains.qss.test.QSSDirectorTest, which extends QSSDirector and prints a message in the constructors.
------------------ testing $PTII/ptolemy/domains/de/test/auto/knownFailedTests/DirectFeedback.xml (Known Failure) 
63 ms. Memory: 129024K Free: 56264K (44%)


==== $PTIIhome/travis/build/icyphy/ptII/ptolemy/domains/de/test/../../../../: Auto Automatic test in file $PTII/ptolemy/domains/de/test/auto/knownFailedTests/DirectFeedback.xml
==== Contents of test case:

	    # FIXME: we should use $relativeFilename here, but it
	    # might have backslashes under Windows, which causes no end
	    # of trouble.
	    createAndExecute $file
	    list {}
	
.... Test generated KNOWN error:
    while executing
ptolemy.kernel.util.IllegalActionException: Test fails in iteration 1.
Value was: 1.0. Should have been: 2.0
  in .DirectFeedback.Test
	at ptolemy.actor.lib.Test.fire(Test.java:268)
	at ptolemy.domains.de.kernel.DEDirector._fire(DEDirector.java:1949)
	at ptolemy.domains.de.kernel.DEDirector.fire(DEDirector.java:502)
	at ptolemy.actor.CompositeActor.fire(CompositeActor.java:455)
	at ptolemy.actor.Manager.iterate(Manager.java:851)
	at ptolemy.actor.Manager.execute(Manager.java:369)
	at ptolemy.actor.Manager.run(Manager.java:1263)
	at ptolemy.actor.Manager$PtolemyRunThread.run(Manager.java:1933)

    while executing
ptolemy.kernel.util.IllegalActionException: Test fails in iteration 1.
Value was: 1.0. Should have been: 2.0
  in .DirectFeedback.Test
    while executing
"java::new ptolemy.moml.MoMLSimpleApplication $file
"
    (procedure "createAndExecute" line 2)
    invoked from within
"createAndExecute $file"
    ("uplevel" body line 5)
    invoked from within
"uplevel $contents_of_test"
------------------ testing $PTII/ptolemy/domains/de/test/auto/knownFailedTests/dependencyLoop.xml (Known Failure) 
19 ms. Memory: 129024K Free: 53192K (41%)


==== $PTIIhome/travis/build/icyphy/ptII/ptolemy/domains/de/test/../../../../: Auto Automatic test in file $PTII/ptolemy/domains/de/test/auto/knownFailedTests/dependencyLoop.xml
==== Contents of test case:

	    # FIXME: we should use $relativeFilename here, but it
	    # might have backslashes under Windows, which causes no end
	    # of trouble.
	    createAndExecute $file
	    list {}
	
.... Test generated KNOWN error:
    while executing
ptolemy.kernel.util.IllegalActionException: Found a zero delay loop containing .dependencyLoop.original
  in .dependencyLoop and .dependencyLoop.original
	at ptolemy.actor.util.CausalityInterfaceForComposites._computeOutputPortDepth(CausalityInterfaceForComposites.java:759)
	at ptolemy.actor.util.CausalityInterfaceForComposites._computeInputDepth(CausalityInterfaceForComposites.java:696)
	at ptolemy.actor.util.CausalityInterfaceForComposites._computeOutputPortDepth(CausalityInterfaceForComposites.java:765)
	at ptolemy.actor.util.CausalityInterfaceForComposites._computeInputDepth(CausalityInterfaceForComposites.java:696)
	at ptolemy.actor.util.CausalityInterfaceForComposites._computeOutputPortDepth(CausalityInterfaceForComposites.java:765)
	at ptolemy.actor.util.CausalityInterfaceForComposites._computeInputDepth(CausalityInterfaceForComposites.java:696)
	at ptolemy.actor.util.CausalityInterfaceForComposites._computeActorDepth(CausalityInterfaceForComposites.java:532)
	at ptolemy.actor.util.CausalityInterfaceForComposites.checkForCycles(CausalityInterfaceForComposites.java:96)
	at ptolemy.domains.de.kernel.DEDirector.preinitialize(DEDirector.java:1338)
	at ptolemy.actor.CompositeActor.preinitialize(CompositeActor.java:1828)
	at ptolemy.actor.Manager.preinitializeAndResolveTypes(Manager.java:1040)
	at ptolemy.actor.Manager.initialize(Manager.java:710)
	at ptolemy.actor.Manager.execute(Manager.java:356)
	at ptolemy.actor.Manager.run(Manager.java:1263)
	at ptolemy.actor.Manager$PtolemyRunThread.run(Manager.java:1933)

    while executing
ptolemy.kernel.util.IllegalActionException: Found a zero delay loop containing .dependencyLoop.original
  in .dependencyLoop and .dependencyLoop.original
    while executing
"java::new ptolemy.moml.MoMLSimpleApplication $file
"
    (procedure "createAndExecute" line 2)
    invoked from within
"createAndExecute $file"
    ("uplevel" body line 5)
    invoked from within
"uplevel $contents_of_test"
------------------ testing $PTII/ptolemy/domains/de/test/auto/knownFailedTests/FSMSource.xml (Known Failure) 
85 ms. Memory: 129024K Free: 111490K (86%)
!!!! Auto was marked as failing, but now passes
------------------ testing $PTII/ptolemy/domains/de/test/auto/knownFailedTests/HierarchicalModel.xml (Known Failure) 
7 ms. Memory: 129024K Free: 94112K (73%)


==== $PTIIhome/travis/build/icyphy/ptII/ptolemy/domains/de/test/../../../../: Auto Automatic test in file $PTII/ptolemy/domains/de/test/auto/knownFailedTests/HierarchicalModel.xml
==== Contents of test case:

	    # FIXME: we should use $relativeFilename here, but it
	    # might have backslashes under Windows, which causes no end
	    # of trouble.
	    createAndExecute $file
	    list {}
	
.... Test generated KNOWN error:
    while executing
ptolemy.kernel.util.IllegalActionException: Found a zero delay loop containing .HierarchicalModel.A
  in .HierarchicalModel and .HierarchicalModel.A
	at ptolemy.actor.util.CausalityInterfaceForComposites._computeOutputPortDepth(CausalityInterfaceForComposites.java:759)
	at ptolemy.actor.util.CausalityInterfaceForComposites._computeInputDepth(CausalityInterfaceForComposites.java:696)
	at ptolemy.actor.util.CausalityInterfaceForComposites._computeOutputPortDepth(CausalityInterfaceForComposites.java:765)
	at ptolemy.actor.util.CausalityInterfaceForComposites._computeInputDepth(CausalityInterfaceForComposites.java:696)
	at ptolemy.actor.util.CausalityInterfaceForComposites._computeOutputPortDepth(CausalityInterfaceForComposites.java:765)
	at ptolemy.actor.util.CausalityInterfaceForComposites._computeInputDepth(CausalityInterfaceForComposites.java:696)
	at ptolemy.actor.util.CausalityInterfaceForComposites._computeActorDepth(CausalityInterfaceForComposites.java:532)
	at ptolemy.actor.util.CausalityInterfaceForComposites.checkForCycles(CausalityInterfaceForComposites.java:96)
	at ptolemy.domains.de.kernel.DEDirector.preinitialize(DEDirector.java:1338)
	at ptolemy.actor.CompositeActor.preinitialize(CompositeActor.java:1828)
	at ptolemy.actor.Manager.preinitializeAndResolveTypes(Manager.java:1040)
	at ptolemy.actor.Manager.initialize(Manager.java:710)
	at ptolemy.actor.Manager.execute(Manager.java:356)
	at ptolemy.actor.Manager.run(Manager.java:1263)
	at ptolemy.actor.Manager$PtolemyRunThread.run(Manager.java:1933)

    while executing
ptolemy.kernel.util.IllegalActionException: Found a zero delay loop containing .HierarchicalModel.A
  in .HierarchicalModel and .HierarchicalModel.A
    while executing
"java::new ptolemy.moml.MoMLSimpleApplication $file
"
    (procedure "createAndExecute" line 2)
    invoked from within
"createAndExecute $file"
    ("uplevel" body line 5)
    invoked from within
"uplevel $contents_of_test"
------------------ testing $PTII/ptolemy/domains/de/test/auto/knownFailedTests/dependencyLoop2.xml (Known Failure) 
5 ms. Memory: 129024K Free: 78154K (61%)


==== $PTIIhome/travis/build/icyphy/ptII/ptolemy/domains/de/test/../../../../: Auto Automatic test in file $PTII/ptolemy/domains/de/test/auto/knownFailedTests/dependencyLoop2.xml
==== Contents of test case:

	    # FIXME: we should use $relativeFilename here, but it
	    # might have backslashes under Windows, which causes no end
	    # of trouble.
	    createAndExecute $file
	    list {}
	
.... Test generated KNOWN error:
    while executing
ptolemy.kernel.util.IllegalActionException: Found a zero delay loop containing .dependencyLoop2.original
  in .dependencyLoop2 and .dependencyLoop2.original
	at ptolemy.actor.util.CausalityInterfaceForComposites._computeOutputPortDepth(CausalityInterfaceForComposites.java:759)
	at ptolemy.actor.util.CausalityInterfaceForComposites._computeInputDepth(CausalityInterfaceForComposites.java:696)
	at ptolemy.actor.util.CausalityInterfaceForComposites._computeOutputPortDepth(CausalityInterfaceForComposites.java:765)
	at ptolemy.actor.util.CausalityInterfaceForComposites._computeInputDepth(CausalityInterfaceForComposites.java:696)
	at ptolemy.actor.util.CausalityInterfaceForComposites._computeOutputPortDepth(CausalityInterfaceForComposites.java:765)
	at ptolemy.actor.util.CausalityInterfaceForComposites._computeInputDepth(CausalityInterfaceForComposites.java:696)
	at ptolemy.actor.util.CausalityInterfaceForComposites._computeActorDepth(CausalityInterfaceForComposites.java:532)
	at ptolemy.actor.util.CausalityInterfaceForComposites.checkForCycles(CausalityInterfaceForComposites.java:96)
	at ptolemy.domains.de.kernel.DEDirector.preinitialize(DEDirector.java:1338)
	at ptolemy.actor.CompositeActor.preinitialize(CompositeActor.java:1828)
	at ptolemy.actor.Manager.preinitializeAndResolveTypes(Manager.java:1040)
	at ptolemy.actor.Manager.initialize(Manager.java:710)
	at ptolemy.actor.Manager.execute(Manager.java:356)
	at ptolemy.actor.Manager.run(Manager.java:1263)
	at ptolemy.actor.Manager$PtolemyRunThread.run(Manager.java:1933)

    while executing
ptolemy.kernel.util.IllegalActionException: Found a zero delay loop containing .dependencyLoop2.original
  in .dependencyLoop2 and .dependencyLoop2.original
    while executing
"java::new ptolemy.moml.MoMLSimpleApplication $file
"
    (procedure "createAndExecute" line 2)
    invoked from within
"createAndExecute $file"
    ("uplevel" body line 5)
    invoked from within
"uplevel $contents_of_test"
------------------ testing $PTII/ptolemy/domains/de/test/auto/knownFailedTests/DESDFClockTest.xml (Known Failure) 
2050 ms. Memory: 129024K Free: 108016K (84%)


==== $PTIIhome/travis/build/icyphy/ptII/ptolemy/domains/de/test/../../../../: Auto Automatic test in file $PTII/ptolemy/domains/de/test/auto/knownFailedTests/DESDFClockTest.xml
==== Contents of test case:

	    # FIXME: we should use $relativeFilename here, but it
	    # might have backslashes under Windows, which causes no end
	    # of trouble.
	    createAndExecute $file
	    list {}
	
.... Test generated KNOWN error:
    while executing
ptolemy.kernel.util.IllegalActionException: Actor is not ready to fire.  Perhaps UpSample.prefire() returned false? Try debugging the actor by selecting "Listen to Actor".  Also, for SDF check moml for tokenConsumptionRate on input.
  in .DESDFClockTest.Play Bell.Copy1:SDF Director and .DESDFClockTest.Play Bell.UpSample
	at ptolemy.actor.sched.StaticSchedulingDirector.fire(StaticSchedulingDirector.java:227)
	at ptolemy.domains.sdf.kernel.SDFDirector.fire(SDFDirector.java:500)
	at ptolemy.actor.CompositeActor.fire(CompositeActor.java:455)
	at ptolemy.domains.de.kernel.DEDirector._fire(DEDirector.java:1949)
	at ptolemy.domains.de.kernel.DEDirector.fire(DEDirector.java:502)
	at ptolemy.actor.CompositeActor.fire(CompositeActor.java:455)
	at ptolemy.actor.Manager.iterate(Manager.java:851)
	at ptolemy.actor.Manager.execute(Manager.java:369)
	at ptolemy.actor.Manager.run(Manager.java:1263)
	at ptolemy.actor.Manager$PtolemyRunThread.run(Manager.java:1933)

    while executing
ptolemy.kernel.util.IllegalActionException: Actor is not ready to fire.  Perhaps UpSample.prefire() returned false? Try debugging the actor by selecting "Listen to Actor".  Also, for SDF check moml for tokenConsumptionRate on input.
  in .DESDFClockTest.Play Bell.Copy1:SDF Director and .DESDFClockTest.Play Bell.UpSample
    while executing
"java::new ptolemy.moml.MoMLSimpleApplication $file
"
    (procedure "createAndExecute" line 2)
    invoked from within
"createAndExecute $file"
    ("uplevel" body line 5)
    invoked from within
"uplevel $contents_of_test"
------------------ testing $PTII/ptolemy/domains/de/test/auto/ActorDepthCalculation_actorWithoutPorts.xml
auto.tcl: Setting watchdog for 200 seconds at Fri Jun 05 14:35:07 UTC 2020
5 ms. Memory: 129024K Free: 100320K (78%)
ptolemy.util.test.WatchDog.cancel(): canceling Fri Jun 05 14:35:07 UTC 2020
auto.tcl: Setting watchdog for 200 seconds at Fri Jun 05 14:35:07 UTC 2020
4 ms. Memory: 129024K Free: 98800K (77%)
ptolemy.util.test.WatchDog.cancel(): canceling Fri Jun 05 14:35:07 UTC 2020
------------------ testing $PTII/ptolemy/domains/de/test/auto/AssemblyLine.xml
auto.tcl: Setting watchdog for 200 seconds at Fri Jun 05 14:35:08 UTC 2020
18 ms. Memory: 51200K Free: 27917K (55%)
ptolemy.util.test.WatchDog.cancel(): canceling Fri Jun 05 14:35:08 UTC 2020
auto.tcl: Setting watchdog for 200 seconds at Fri Jun 05 14:35:08 UTC 2020
9 ms. Memory: 51200K Free: 27251K (53%)
ptolemy.util.test.WatchDog.cancel(): canceling Fri Jun 05 14:35:08 UTC 2020
------------------ testing $PTII/ptolemy/domains/de/test/auto/CQBug1.xml
auto.tcl: Setting watchdog for 200 seconds at Fri Jun 05 14:35:08 UTC 2020
3 ms. Memory: 51200K Free: 33820K (66%)
ptolemy.util.test.WatchDog.cancel(): canceling Fri Jun 05 14:35:08 UTC 2020
auto.tcl: Setting watchdog for 200 seconds at Fri Jun 05 14:35:08 UTC 2020
3 ms. Memory: 51200K Free: 33351K (65%)
ptolemy.util.test.WatchDog.cancel(): canceling Fri Jun 05 14:35:08 UTC 2020
------------------ testing $PTII/ptolemy/domains/de/test/auto/CancelFireAt.xml
auto.tcl: Setting watchdog for 200 seconds at Fri Jun 05 14:35:08 UTC 2020
14 ms. Memory: 51200K Free: 34706K (68%)
ptolemy.util.test.WatchDog.cancel(): canceling Fri Jun 05 14:35:08 UTC 2020
auto.tcl: Setting watchdog for 200 seconds at Fri Jun 05 14:35:08 UTC 2020
3 ms. Memory: 51200K Free: 34200K (67%)
ptolemy.util.test.WatchDog.cancel(): canceling Fri Jun 05 14:35:08 UTC 2020
------------------ testing $PTII/ptolemy/domains/de/test/auto/CausalityAndComposabilityAnalysis.xml
auto.tcl: Setting watchdog for 200 seconds at Fri Jun 05 14:35:08 UTC 2020
20 ms. Memory: 51200K Free: 32711K (64%)
ptolemy.util.test.WatchDog.cancel(): canceling Fri Jun 05 14:35:08 UTC 2020
auto.tcl: Setting watchdog for 200 seconds at Fri Jun 05 14:35:08 UTC 2020
5 ms. Memory: 51200K Free: 31956K (62%)
ptolemy.util.test.WatchDog.cancel(): canceling Fri Jun 05 14:35:08 UTC 2020
------------------ testing $PTII/ptolemy/domains/de/test/auto/CausalityInterface1.xml
auto.tcl: Setting watchdog for 200 seconds at Fri Jun 05 14:35:08 UTC 2020
26 ms. Memory: 51200K Free: 31360K (61%)
ptolemy.util.test.WatchDog.cancel(): canceling Fri Jun 05 14:35:08 UTC 2020
auto.tcl: Setting watchdog for 200 seconds at Fri Jun 05 14:35:08 UTC 2020
7 ms. Memory: 51200K Free: 30388K (59%)
ptolemy.util.test.WatchDog.cancel(): canceling Fri Jun 05 14:35:08 UTC 2020
------------------ testing $PTII/ptolemy/domains/de/test/auto/CausalityInterface15.xml
auto.tcl: Setting watchdog for 200 seconds at Fri Jun 05 14:35:08 UTC 2020
11 ms. Memory: 51200K Free: 31561K (62%)
ptolemy.util.test.WatchDog.cancel(): canceling Fri Jun 05 14:35:08 UTC 2020
auto.tcl: Setting watchdog for 200 seconds at Fri Jun 05 14:35:08 UTC 2020
4 ms. Memory: 51200K Free: 30369K (59%)
ptolemy.util.test.WatchDog.cancel(): canceling Fri Jun 05 14:35:08 UTC 2020
------------------ testing $PTII/ptolemy/domains/de/test/auto/CausalityInterface2.xml
auto.tcl: Setting watchdog for 200 seconds at Fri Jun 05 14:35:09 UTC 2020
6 ms. Memory: 51200K Free: 32054K (63%)
ptolemy.util.test.WatchDog.cancel(): canceling Fri Jun 05 14:35:09 UTC 2020
auto.tcl: Setting watchdog for 200 seconds at Fri Jun 05 14:35:09 UTC 2020
7 ms. Memory: 51200K Free: 31349K (61%)
ptolemy.util.test.WatchDog.cancel(): canceling Fri Jun 05 14:35:09 UTC 2020
------------------ testing $PTII/ptolemy/domains/de/test/auto/CausalityInterface3.xml
auto.tcl: Setting watchdog for 200 seconds at Fri Jun 05 14:35:09 UTC 2020
4 ms. Memory: 51200K Free: 31572K (62%)
ptolemy.util.test.WatchDog.cancel(): canceling Fri Jun 05 14:35:09 UTC 2020
auto.tcl: Setting watchdog for 200 seconds at Fri Jun 05 14:35:09 UTC 2020
4 ms. Memory: 51200K Free: 31090K (61%)
ptolemy.util.test.WatchDog.cancel(): canceling Fri Jun 05 14:35:09 UTC 2020
------------------ testing $PTII/ptolemy/domains/de/test/auto/ClockDrift.xml
auto.tcl: Setting watchdog for 200 seconds at Fri Jun 05 14:35:09 UTC 2020
74 ms. Memory: 51200K Free: 24126K (47%)
ptolemy.util.test.WatchDog.cancel(): canceling Fri Jun 05 14:35:09 UTC 2020
auto.tcl: Setting watchdog for 200 seconds at Fri Jun 05 14:35:09 UTC 2020
55 ms. Memory: 51200K Free: 21120K (41%)
ptolemy.util.test.WatchDog.cancel(): canceling Fri Jun 05 14:35:09 UTC 2020
------------------ testing $PTII/ptolemy/domains/de/test/auto/ClockDriftAndValueChange.xml
auto.tcl: Setting watchdog for 200 seconds at Fri Jun 05 14:35:09 UTC 2020
39 ms. Memory: 51200K Free: 23972K (47%)
ptolemy.util.test.WatchDog.cancel(): canceling Fri Jun 05 14:35:09 UTC 2020
auto.tcl: Setting watchdog for 200 seconds at Fri Jun 05 14:35:09 UTC 2020
24 ms. Memory: 51200K Free: 20991K (41%)
ptolemy.util.test.WatchDog.cancel(): canceling Fri Jun 05 14:35:09 UTC 2020
------------------ testing $PTII/ptolemy/domains/de/test/auto/ClockDriftChange.xml
auto.tcl: Setting watchdog for 200 seconds at Fri Jun 05 14:35:09 UTC 2020
16 ms. Memory: 51200K Free: 26036K (51%)
ptolemy.util.test.WatchDog.cancel(): canceling Fri Jun 05 14:35:09 UTC 2020
auto.tcl: Setting watchdog for 200 seconds at Fri Jun 05 14:35:09 UTC 2020
13 ms. Memory: 51200K Free: 23478K (46%)
ptolemy.util.test.WatchDog.cancel(): canceling Fri Jun 05 14:35:09 UTC 2020
------------------ testing $PTII/ptolemy/domains/de/test/auto/ComposableCausalityAnalysis.xml
auto.tcl: Setting watchdog for 200 seconds at Fri Jun 05 14:35:09 UTC 2020
2 ms. Memory: 51200K Free: 30861K (60%)
ptolemy.util.test.WatchDog.cancel(): canceling Fri Jun 05 14:35:09 UTC 2020
auto.tcl: Setting watchdog for 200 seconds at Fri Jun 05 14:35:09 UTC 2020
4 ms. Memory: 51200K Free: 29814K (58%)
ptolemy.util.test.WatchDog.cancel(): canceling Fri Jun 05 14:35:09 UTC 2020
------------------ testing $PTII/ptolemy/domains/de/test/auto/DEFixedPointLimitation.xml
auto.tcl: Setting watchdog for 200 seconds at Fri Jun 05 14:35:09 UTC 2020
3 ms. Memory: 51200K Free: 32011K (63%)
ptolemy.util.test.WatchDog.cancel(): canceling Fri Jun 05 14:35:09 UTC 2020
auto.tcl: Setting watchdog for 200 seconds at Fri Jun 05 14:35:09 UTC 2020
2 ms. Memory: 51200K Free: 31361K (61%)
ptolemy.util.test.WatchDog.cancel(): canceling Fri Jun 05 14:35:09 UTC 2020
------------------ testing $PTII/ptolemy/domains/de/test/auto/DEScheduleTest.xml
auto.tcl: Setting watchdog for 200 seconds at Fri Jun 05 14:35:09 UTC 2020
3 ms. Memory: 51200K Free: 32589K (64%)
ptolemy.util.test.WatchDog.cancel(): canceling Fri Jun 05 14:35:09 UTC 2020
auto.tcl: Setting watchdog for 200 seconds at Fri Jun 05 14:35:09 UTC 2020
4 ms. Memory: 51200K Free: 31823K (62%)
ptolemy.util.test.WatchDog.cancel(): canceling Fri Jun 05 14:35:09 UTC 2020
------------------ testing $PTII/ptolemy/domains/de/test/auto/DEinDEwithStartTimes.xml
auto.tcl: Setting watchdog for 200 seconds at Fri Jun 05 14:35:09 UTC 2020
3 ms. Memory: 51200K Free: 30750K (60%)
ptolemy.util.test.WatchDog.cancel(): canceling Fri Jun 05 14:35:09 UTC 2020
auto.tcl: Setting watchdog for 200 seconds at Fri Jun 05 14:35:09 UTC 2020
2 ms. Memory: 51200K Free: 29832K (58%)
ptolemy.util.test.WatchDog.cancel(): canceling Fri Jun 05 14:35:09 UTC 2020
------------------ testing $PTII/ptolemy/domains/de/test/auto/DEinDEwithStartTimes2.xml
auto.tcl: Setting watchdog for 200 seconds at Fri Jun 05 14:35:10 UTC 2020
4 ms. Memory: 51200K Free: 29894K (58%)
ptolemy.util.test.WatchDog.cancel(): canceling Fri Jun 05 14:35:10 UTC 2020
auto.tcl: Setting watchdog for 200 seconds at Fri Jun 05 14:35:10 UTC 2020
4 ms. Memory: 51200K Free: 28841K (56%)
ptolemy.util.test.WatchDog.cancel(): canceling Fri Jun 05 14:35:10 UTC 2020
------------------ testing $PTII/ptolemy/domains/de/test/auto/DateDemo.xml
auto.tcl: Setting watchdog for 200 seconds at Fri Jun 05 14:35:10 UTC 2020
19 ms. Memory: 51200K Free: 24558K (48%)
ptolemy.util.test.WatchDog.cancel(): canceling Fri Jun 05 14:35:10 UTC 2020
auto.tcl: Setting watchdog for 200 seconds at Fri Jun 05 14:35:10 UTC 2020
11 ms. Memory: 51200K Free: 22696K (44%)
ptolemy.util.test.WatchDog.cancel(): canceling Fri Jun 05 14:35:10 UTC 2020
------------------ testing $PTII/ptolemy/domains/de/test/auto/DateToEvent.xml
auto.tcl: Setting watchdog for 200 seconds at Fri Jun 05 14:35:10 UTC 2020
2020 ms. Memory: 51200K Free: 20243K (40%)
ptolemy.util.test.WatchDog.cancel(): canceling Fri Jun 05 14:35:12 UTC 2020
auto.tcl: Setting watchdog for 200 seconds at Fri Jun 05 14:35:12 UTC 2020
2005 ms. Memory: 51200K Free: 19405K (38%)
ptolemy.util.test.WatchDog.cancel(): canceling Fri Jun 05 14:35:14 UTC 2020
------------------ testing $PTII/ptolemy/domains/de/test/auto/DepthTest1.xml
auto.tcl: Setting watchdog for 200 seconds at Fri Jun 05 14:35:14 UTC 2020
4 ms. Memory: 51200K Free: 33429K (65%)
ptolemy.util.test.WatchDog.cancel(): canceling Fri Jun 05 14:35:14 UTC 2020
auto.tcl: Setting watchdog for 200 seconds at Fri Jun 05 14:35:14 UTC 2020
2 ms. Memory: 51200K Free: 32928K (64%)
ptolemy.util.test.WatchDog.cancel(): canceling Fri Jun 05 14:35:14 UTC 2020
------------------ testing $PTII/ptolemy/domains/de/test/auto/DepthTest2.xml
auto.tcl: Setting watchdog for 200 seconds at Fri Jun 05 14:35:14 UTC 2020
3 ms. Memory: 51200K Free: 30145K (59%)
ptolemy.util.test.WatchDog.cancel(): canceling Fri Jun 05 14:35:14 UTC 2020
auto.tcl: Setting watchdog for 200 seconds at Fri Jun 05 14:35:14 UTC 2020
3 ms. Memory: 51200K Free: 29718K (58%)
ptolemy.util.test.WatchDog.cancel(): canceling Fri Jun 05 14:35:14 UTC 2020
------------------ testing $PTII/ptolemy/domains/de/test/auto/DepthTest3.xml
auto.tcl: Setting watchdog for 200 seconds at Fri Jun 05 14:35:14 UTC 2020
2 ms. Memory: 51200K Free: 33724K (66%)
ptolemy.util.test.WatchDog.cancel(): canceling Fri Jun 05 14:35:14 UTC 2020
auto.tcl: Setting watchdog for 200 seconds at Fri Jun 05 14:35:14 UTC 2020
1 ms. Memory: 51200K Free: 33271K (65%)
ptolemy.util.test.WatchDog.cancel(): canceling Fri Jun 05 14:35:14 UTC 2020
------------------ testing $PTII/ptolemy/domains/de/test/auto/DepthTest4.xml
auto.tcl: Setting watchdog for 200 seconds at Fri Jun 05 14:35:14 UTC 2020
2 ms. Memory: 51200K Free: 31962K (62%)
ptolemy.util.test.WatchDog.cancel(): canceling Fri Jun 05 14:35:14 UTC 2020
auto.tcl: Setting watchdog for 200 seconds at Fri Jun 05 14:35:14 UTC 2020
3 ms. Memory: 51200K Free: 31292K (61%)
ptolemy.util.test.WatchDog.cancel(): canceling Fri Jun 05 14:35:14 UTC 2020
------------------ testing $PTII/ptolemy/domains/de/test/auto/DepthTest5.xml
auto.tcl: Setting watchdog for 200 seconds at Fri Jun 05 14:35:14 UTC 2020
4 ms. Memory: 51200K Free: 31408K (61%)
ptolemy.util.test.WatchDog.cancel(): canceling Fri Jun 05 14:35:14 UTC 2020
auto.tcl: Setting watchdog for 200 seconds at Fri Jun 05 14:35:14 UTC 2020
2 ms. Memory: 51200K Free: 30680K (60%)
ptolemy.util.test.WatchDog.cancel(): canceling Fri Jun 05 14:35:14 UTC 2020
------------------ testing $PTII/ptolemy/domains/de/test/auto/DepthTest6.xml
auto.tcl: Setting watchdog for 200 seconds at Fri Jun 05 14:35:14 UTC 2020
4 ms. Memory: 51200K Free: 31120K (61%)
ptolemy.util.test.WatchDog.cancel(): canceling Fri Jun 05 14:35:14 UTC 2020
auto.tcl: Setting watchdog for 200 seconds at Fri Jun 05 14:35:14 UTC 2020
3 ms. Memory: 51200K Free: 30674K (60%)
ptolemy.util.test.WatchDog.cancel(): canceling Fri Jun 05 14:35:14 UTC 2020
------------------ testing $PTII/ptolemy/domains/de/test/auto/DepthTest7.xml
auto.tcl: Setting watchdog for 200 seconds at Fri Jun 05 14:35:14 UTC 2020
3 ms. Memory: 51200K Free: 32122K (63%)
ptolemy.util.test.WatchDog.cancel(): canceling Fri Jun 05 14:35:14 UTC 2020
auto.tcl: Setting watchdog for 200 seconds at Fri Jun 05 14:35:14 UTC 2020
2 ms. Memory: 51200K Free: 31200K (61%)
ptolemy.util.test.WatchDog.cancel(): canceling Fri Jun 05 14:35:14 UTC 2020
------------------ testing $PTII/ptolemy/domains/de/test/auto/EventToDate.xml
auto.tcl: Setting watchdog for 200 seconds at Fri Jun 05 14:35:14 UTC 2020
3011 ms. Memory: 51200K Free: 22962K (45%)
ptolemy.util.test.WatchDog.cancel(): canceling Fri Jun 05 14:35:17 UTC 2020
auto.tcl: Setting watchdog for 200 seconds at Fri Jun 05 14:35:17 UTC 2020
3004 ms. Memory: 51200K Free: 22052K (43%)
ptolemy.util.test.WatchDog.cancel(): canceling Fri Jun 05 14:35:20 UTC 2020
------------------ testing $PTII/ptolemy/domains/de/test/auto/FSM1.xml
auto.tcl: Setting watchdog for 200 seconds at Fri Jun 05 14:35:21 UTC 2020
46 ms. Memory: 51200K Free: 23965K (47%)
ptolemy.util.test.WatchDog.cancel(): canceling Fri Jun 05 14:35:21 UTC 2020
auto.tcl: Setting watchdog for 200 seconds at Fri Jun 05 14:35:21 UTC 2020
33 ms. Memory: 51200K Free: 20693K (40%)
ptolemy.util.test.WatchDog.cancel(): canceling Fri Jun 05 14:35:21 UTC 2020
------------------ testing $PTII/ptolemy/domains/de/test/auto/FSM7.xml
auto.tcl: Setting watchdog for 200 seconds at Fri Jun 05 14:35:21 UTC 2020
20 ms. Memory: 51200K Free: 23829K (47%)
ptolemy.util.test.WatchDog.cancel(): canceling Fri Jun 05 14:35:21 UTC 2020
auto.tcl: Setting watchdog for 200 seconds at Fri Jun 05 14:35:21 UTC 2020
17 ms. Memory: 51200K Free: 20440K (40%)
ptolemy.util.test.WatchDog.cancel(): canceling Fri Jun 05 14:35:21 UTC 2020
------------------ testing $PTII/ptolemy/domains/de/test/auto/Inspection.xml
auto.tcl: Setting watchdog for 200 seconds at Fri Jun 05 14:35:21 UTC 2020
38 ms. Memory: 51200K Free: 23642K (46%)
ptolemy.util.test.WatchDog.cancel(): canceling Fri Jun 05 14:35:21 UTC 2020
auto.tcl: Setting watchdog for 200 seconds at Fri Jun 05 14:35:21 UTC 2020
35 ms. Memory: 51200K Free: 21949K (43%)
ptolemy.util.test.WatchDog.cancel(): canceling Fri Jun 05 14:35:21 UTC 2020
------------------ testing $PTII/ptolemy/domains/de/test/auto/Iteration.xml
auto.tcl: Setting watchdog for 200 seconds at Fri Jun 05 14:35:21 UTC 2020
7 ms. Memory: 51200K Free: 29178K (57%)
ptolemy.util.test.WatchDog.cancel(): canceling Fri Jun 05 14:35:21 UTC 2020
auto.tcl: Setting watchdog for 200 seconds at Fri Jun 05 14:35:21 UTC 2020
6 ms. Memory: 51200K Free: 27989K (55%)
ptolemy.util.test.WatchDog.cancel(): canceling Fri Jun 05 14:35:21 UTC 2020
------------------ testing $PTII/ptolemy/domains/de/test/auto/LineFault.xml
auto.tcl: Setting watchdog for 200 seconds at Fri Jun 05 14:35:21 UTC 2020
620 ms. Memory: 61440K Free: 38077K (62%)
ptolemy.util.test.WatchDog.cancel(): canceling Fri Jun 05 14:35:22 UTC 2020
auto.tcl: Setting watchdog for 200 seconds at Fri Jun 05 14:35:22 UTC 2020
504 ms. Memory: 61440K Free: 42504K (69%)
ptolemy.util.test.WatchDog.cancel(): canceling Fri Jun 05 14:35:23 UTC 2020
------------------ testing $PTII/ptolemy/domains/de/test/auto/MergeModel1Add.xml
auto.tcl: Setting watchdog for 200 seconds at Fri Jun 05 14:35:23 UTC 2020
29 ms. Memory: 55296K Free: 19486K (35%)
ptolemy.util.test.WatchDog.cancel(): canceling Fri Jun 05 14:35:23 UTC 2020
auto.tcl: Setting watchdog for 200 seconds at Fri Jun 05 14:35:23 UTC 2020
11 ms. Memory: 55296K Free: 17779K (32%)
ptolemy.util.test.WatchDog.cancel(): canceling Fri Jun 05 14:35:23 UTC 2020
------------------ testing $PTII/ptolemy/domains/de/test/auto/MergeModel2Add.xml
auto.tcl: Setting watchdog for 200 seconds at Fri Jun 05 14:35:23 UTC 2020
10 ms. Memory: 55296K Free: 21507K (39%)
ptolemy.util.test.WatchDog.cancel(): canceling Fri Jun 05 14:35:23 UTC 2020
auto.tcl: Setting watchdog for 200 seconds at Fri Jun 05 14:35:23 UTC 2020
10 ms. Memory: 55296K Free: 20055K (36%)
ptolemy.util.test.WatchDog.cancel(): canceling Fri Jun 05 14:35:23 UTC 2020
------------------ testing $PTII/ptolemy/domains/de/test/auto/MergeModel3Add.xml
auto.tcl: Setting watchdog for 200 seconds at Fri Jun 05 14:35:23 UTC 2020
8 ms. Memory: 55296K Free: 21219K (38%)
ptolemy.util.test.WatchDog.cancel(): canceling Fri Jun 05 14:35:23 UTC 2020
auto.tcl: Setting watchdog for 200 seconds at Fri Jun 05 14:35:23 UTC 2020
8 ms. Memory: 55296K Free: 20064K (36%)
ptolemy.util.test.WatchDog.cancel(): canceling Fri Jun 05 14:35:23 UTC 2020
------------------ testing $PTII/ptolemy/domains/de/test/auto/MergeWithoutDiscard.xml
auto.tcl: Setting watchdog for 200 seconds at Fri Jun 05 14:35:23 UTC 2020
1 ms. Memory: 55296K Free: 36446K (66%)
ptolemy.util.test.WatchDog.cancel(): canceling Fri Jun 05 14:35:23 UTC 2020
auto.tcl: Setting watchdog for 200 seconds at Fri Jun 05 14:35:23 UTC 2020
2 ms. Memory: 55296K Free: 35926K (65%)
ptolemy.util.test.WatchDog.cancel(): canceling Fri Jun 05 14:35:23 UTC 2020
------------------ testing $PTII/ptolemy/domains/de/test/auto/Modal1.xml
auto.tcl: Setting watchdog for 200 seconds at Fri Jun 05 14:35:23 UTC 2020
17 ms. Memory: 51200K Free: 23940K (47%)
ptolemy.util.test.WatchDog.cancel(): canceling Fri Jun 05 14:35:23 UTC 2020
auto.tcl: Setting watchdog for 200 seconds at Fri Jun 05 14:35:23 UTC 2020
19 ms. Memory: 51200K Free: 20383K (40%)
ptolemy.util.test.WatchDog.cancel(): canceling Fri Jun 05 14:35:23 UTC 2020
------------------ testing $PTII/ptolemy/domains/de/test/auto/Modal2.xml
auto.tcl: Setting watchdog for 200 seconds at Fri Jun 05 14:35:23 UTC 2020
15 ms. Memory: 51200K Free: 24345K (48%)
ptolemy.util.test.WatchDog.cancel(): canceling Fri Jun 05 14:35:23 UTC 2020
auto.tcl: Setting watchdog for 200 seconds at Fri Jun 05 14:35:23 UTC 2020
21 ms. Memory: 51200K Free: 20815K (41%)
ptolemy.util.test.WatchDog.cancel(): canceling Fri Jun 05 14:35:23 UTC 2020
------------------ testing $PTII/ptolemy/domains/de/test/auto/Modal3.xml
auto.tcl: Setting watchdog for 200 seconds at Fri Jun 05 14:35:23 UTC 2020
12 ms. Memory: 51200K Free: 24051K (47%)
ptolemy.util.test.WatchDog.cancel(): canceling Fri Jun 05 14:35:23 UTC 2020
auto.tcl: Setting watchdog for 200 seconds at Fri Jun 05 14:35:23 UTC 2020
13 ms. Memory: 51200K Free: 20811K (41%)
ptolemy.util.test.WatchDog.cancel(): canceling Fri Jun 05 14:35:23 UTC 2020
------------------ testing $PTII/ptolemy/domains/de/test/auto/Modal4.xml
auto.tcl: Setting watchdog for 200 seconds at Fri Jun 05 14:35:23 UTC 2020
14 ms. Memory: 51200K Free: 23014K (45%)
ptolemy.util.test.WatchDog.cancel(): canceling Fri Jun 05 14:35:23 UTC 2020
auto.tcl: Setting watchdog for 200 seconds at Fri Jun 05 14:35:23 UTC 2020
15 ms. Memory: 51200K Free: 19292K (38%)
ptolemy.util.test.WatchDog.cancel(): canceling Fri Jun 05 14:35:23 UTC 2020
------------------ testing $PTII/ptolemy/domains/de/test/auto/Modal5.xml
auto.tcl: Setting watchdog for 200 seconds at Fri Jun 05 14:35:24 UTC 2020
14 ms. Memory: 51200K Free: 23000K (45%)
ptolemy.util.test.WatchDog.cancel(): canceling Fri Jun 05 14:35:24 UTC 2020
auto.tcl: Setting watchdog for 200 seconds at Fri Jun 05 14:35:24 UTC 2020
17 ms. Memory: 51200K Free: 19331K (38%)
ptolemy.util.test.WatchDog.cancel(): canceling Fri Jun 05 14:35:24 UTC 2020
------------------ testing $PTII/ptolemy/domains/de/test/auto/Modal6.xml
auto.tcl: Setting watchdog for 200 seconds at Fri Jun 05 14:35:24 UTC 2020
13 ms. Memory: 51200K Free: 24033K (47%)
ptolemy.util.test.WatchDog.cancel(): canceling Fri Jun 05 14:35:24 UTC 2020
auto.tcl: Setting watchdog for 200 seconds at Fri Jun 05 14:35:24 UTC 2020
14 ms. Memory: 51200K Free: 19776K (39%)
ptolemy.util.test.WatchDog.cancel(): canceling Fri Jun 05 14:35:24 UTC 2020
------------------ testing $PTII/ptolemy/domains/de/test/auto/Modal7.xml
auto.tcl: Setting watchdog for 200 seconds at Fri Jun 05 14:35:24 UTC 2020
18 ms. Memory: 51200K Free: 22774K (44%)
ptolemy.util.test.WatchDog.cancel(): canceling Fri Jun 05 14:35:24 UTC 2020
auto.tcl: Setting watchdog for 200 seconds at Fri Jun 05 14:35:24 UTC 2020
10 ms. Memory: 51200K Free: 19361K (38%)
ptolemy.util.test.WatchDog.cancel(): canceling Fri Jun 05 14:35:24 UTC 2020
------------------ testing $PTII/ptolemy/domains/de/test/auto/ModalModel.xml
auto.tcl: Setting watchdog for 200 seconds at Fri Jun 05 14:35:24 UTC 2020
209 ms. Memory: 51200K Free: 20052K (39%)
ptolemy.util.test.WatchDog.cancel(): canceling Fri Jun 05 14:35:24 UTC 2020
auto.tcl: Setting watchdog for 200 seconds at Fri Jun 05 14:35:24 UTC 2020
184 ms. Memory: 61440K Free: 28118K (46%)
ptolemy.util.test.WatchDog.cancel(): canceling Fri Jun 05 14:35:24 UTC 2020
------------------ testing $PTII/ptolemy/domains/de/test/auto/ModalSource.xml
auto.tcl: Setting watchdog for 200 seconds at Fri Jun 05 14:35:24 UTC 2020
7 ms. Memory: 51200K Free: 27880K (54%)
ptolemy.util.test.WatchDog.cancel(): canceling Fri Jun 05 14:35:24 UTC 2020
auto.tcl: Setting watchdog for 200 seconds at Fri Jun 05 14:35:24 UTC 2020
6 ms. Memory: 51200K Free: 25832K (50%)
ptolemy.util.test.WatchDog.cancel(): canceling Fri Jun 05 14:35:24 UTC 2020
------------------ testing $PTII/ptolemy/domains/de/test/auto/NonInterruptibleTimerZeroDelay.xml
auto.tcl: Setting watchdog for 200 seconds at Fri Jun 05 14:35:24 UTC 2020
3 ms. Memory: 51200K Free: 33028K (65%)
ptolemy.util.test.WatchDog.cancel(): canceling Fri Jun 05 14:35:25 UTC 2020
auto.tcl: Setting watchdog for 200 seconds at Fri Jun 05 14:35:25 UTC 2020
2 ms. Memory: 51200K Free: 32154K (63%)
ptolemy.util.test.WatchDog.cancel(): canceling Fri Jun 05 14:35:25 UTC 2020
------------------ testing $PTII/ptolemy/domains/de/test/auto/OpenQueueingNetwork.xml
auto.tcl: Setting watchdog for 200 seconds at Fri Jun 05 14:35:25 UTC 2020
2972 ms. Memory: 131072K Free: 96380K (74%)
ptolemy.util.test.WatchDog.cancel(): canceling Fri Jun 05 14:35:28 UTC 2020
auto.tcl: Setting watchdog for 200 seconds at Fri Jun 05 14:35:28 UTC 2020
2819 ms. Memory: 157696K Free: 137388K (87%)
ptolemy.util.test.WatchDog.cancel(): canceling Fri Jun 05 14:35:31 UTC 2020
------------------ testing $PTII/ptolemy/domains/de/test/auto/OpenQueuingNetwork.xml
auto.tcl: Setting watchdog for 200 seconds at Fri Jun 05 14:35:31 UTC 2020
251 ms. Memory: 58368K Free: 30996K (53%)
ptolemy.util.test.WatchDog.cancel(): canceling Fri Jun 05 14:35:31 UTC 2020
auto.tcl: Setting watchdog for 200 seconds at Fri Jun 05 14:35:31 UTC 2020
248 ms. Memory: 58368K Free: 10950K (19%)
ptolemy.util.test.WatchDog.cancel(): canceling Fri Jun 05 14:35:31 UTC 2020
------------------ testing $PTII/ptolemy/domains/de/test/auto/PeriodicSampler.xml
auto.tcl: Setting watchdog for 200 seconds at Fri Jun 05 14:35:31 UTC 2020
2 ms. Memory: 55296K Free: 36109K (65%)
ptolemy.util.test.WatchDog.cancel(): canceling Fri Jun 05 14:35:31 UTC 2020
auto.tcl: Setting watchdog for 200 seconds at Fri Jun 05 14:35:31 UTC 2020
1 ms. Memory: 55296K Free: 35580K (64%)
ptolemy.util.test.WatchDog.cancel(): canceling Fri Jun 05 14:35:31 UTC 2020
------------------ testing $PTII/ptolemy/domains/de/test/auto/PersistentIO.xml
auto.tcl: Setting watchdog for 200 seconds at Fri Jun 05 14:35:31 UTC 2020
14 ms. Memory: 55296K Free: 31033K (56%)
ptolemy.util.test.WatchDog.cancel(): canceling Fri Jun 05 14:35:31 UTC 2020
auto.tcl: Setting watchdog for 200 seconds at Fri Jun 05 14:35:31 UTC 2020
5 ms. Memory: 55296K Free: 29513K (53%)
ptolemy.util.test.WatchDog.cancel(): canceling Fri Jun 05 14:35:31 UTC 2020
------------------ testing $PTII/ptolemy/domains/de/test/auto/PortParameterResetOnInitialize.xml
auto.tcl: Setting watchdog for 200 seconds at Fri Jun 05 14:35:31 UTC 2020
7 ms. Memory: 55296K Free: 36203K (65%)
ptolemy.util.test.WatchDog.cancel(): canceling Fri Jun 05 14:35:31 UTC 2020
auto.tcl: Setting watchdog for 200 seconds at Fri Jun 05 14:35:31 UTC 2020
2 ms. Memory: 55296K Free: 35659K (64%)
ptolemy.util.test.WatchDog.cancel(): canceling Fri Jun 05 14:35:31 UTC 2020
------------------ testing $PTII/ptolemy/domains/de/test/auto/PortParameterUpdates.xml
auto.tcl: Setting watchdog for 200 seconds at Fri Jun 05 14:35:31 UTC 2020
5 ms. Memory: 51200K Free: 30204K (59%)
ptolemy.util.test.WatchDog.cancel(): canceling Fri Jun 05 14:35:31 UTC 2020
auto.tcl: Setting watchdog for 200 seconds at Fri Jun 05 14:35:31 UTC 2020
5 ms. Memory: 51200K Free: 28978K (57%)
ptolemy.util.test.WatchDog.cancel(): canceling Fri Jun 05 14:35:31 UTC 2020
------------------ testing $PTII/ptolemy/domains/de/test/auto/QueueAndServer.xml
auto.tcl: Setting watchdog for 200 seconds at Fri Jun 05 14:35:32 UTC 2020
13 ms. Memory: 51200K Free: 28876K (56%)
ptolemy.util.test.WatchDog.cancel(): canceling Fri Jun 05 14:35:32 UTC 2020
auto.tcl: Setting watchdog for 200 seconds at Fri Jun 05 14:35:32 UTC 2020
7 ms. Memory: 51200K Free: 27424K (54%)
ptolemy.util.test.WatchDog.cancel(): canceling Fri Jun 05 14:35:32 UTC 2020
------------------ testing $PTII/ptolemy/domains/de/test/auto/Records.xml
auto.tcl: Setting watchdog for 200 seconds at Fri Jun 05 14:35:32 UTC 2020
3 ms. Memory: 51200K Free: 31176K (61%)
ptolemy.util.test.WatchDog.cancel(): canceling Fri Jun 05 14:35:32 UTC 2020
auto.tcl: Setting watchdog for 200 seconds at Fri Jun 05 14:35:32 UTC 2020
2 ms. Memory: 51200K Free: 30661K (60%)
ptolemy.util.test.WatchDog.cancel(): canceling Fri Jun 05 14:35:32 UTC 2020
------------------ testing $PTII/ptolemy/domains/de/test/auto/ResetTransitionWithStartTime1.xml
auto.tcl: Setting watchdog for 200 seconds at Fri Jun 05 14:35:32 UTC 2020
11 ms. Memory: 51200K Free: 28421K (56%)
ptolemy.util.test.WatchDog.cancel(): canceling Fri Jun 05 14:35:32 UTC 2020
auto.tcl: Setting watchdog for 200 seconds at Fri Jun 05 14:35:32 UTC 2020
6 ms. Memory: 51200K Free: 26390K (52%)
ptolemy.util.test.WatchDog.cancel(): canceling Fri Jun 05 14:35:32 UTC 2020
------------------ testing $PTII/ptolemy/domains/de/test/auto/ResetTransitionWithStartTime2.xml
auto.tcl: Setting watchdog for 200 seconds at Fri Jun 05 14:35:32 UTC 2020
6 ms. Memory: 51200K Free: 28375K (55%)
ptolemy.util.test.WatchDog.cancel(): canceling Fri Jun 05 14:35:32 UTC 2020
auto.tcl: Setting watchdog for 200 seconds at Fri Jun 05 14:35:32 UTC 2020
7 ms. Memory: 51200K Free: 26327K (51%)
ptolemy.util.test.WatchDog.cancel(): canceling Fri Jun 05 14:35:32 UTC 2020
------------------ testing $PTII/ptolemy/domains/de/test/auto/ResetTransitionWithStartTime3.xml
auto.tcl: Setting watchdog for 200 seconds at Fri Jun 05 14:35:32 UTC 2020
8 ms. Memory: 51200K Free: 28374K (55%)
ptolemy.util.test.WatchDog.cancel(): canceling Fri Jun 05 14:35:32 UTC 2020
auto.tcl: Setting watchdog for 200 seconds at Fri Jun 05 14:35:32 UTC 2020
7 ms. Memory: 51200K Free: 26343K (51%)
ptolemy.util.test.WatchDog.cancel(): canceling Fri Jun 05 14:35:32 UTC 2020
------------------ testing $PTII/ptolemy/domains/de/test/auto/ResetTransitionWithStartTime4.xml
auto.tcl: Setting watchdog for 200 seconds at Fri Jun 05 14:35:32 UTC 2020
12 ms. Memory: 51200K Free: 28822K (56%)
ptolemy.util.test.WatchDog.cancel(): canceling Fri Jun 05 14:35:32 UTC 2020
auto.tcl: Setting watchdog for 200 seconds at Fri Jun 05 14:35:32 UTC 2020
4 ms. Memory: 51200K Free: 27349K (53%)
ptolemy.util.test.WatchDog.cancel(): canceling Fri Jun 05 14:35:32 UTC 2020
------------------ testing $PTII/ptolemy/domains/de/test/auto/ResettableTimer1.xml
auto.tcl: Setting watchdog for 200 seconds at Fri Jun 05 14:35:32 UTC 2020
3 ms. Memory: 51200K Free: 32551K (64%)
ptolemy.util.test.WatchDog.cancel(): canceling Fri Jun 05 14:35:32 UTC 2020
auto.tcl: Setting watchdog for 200 seconds at Fri Jun 05 14:35:32 UTC 2020
3 ms. Memory: 51200K Free: 31931K (62%)
ptolemy.util.test.WatchDog.cancel(): canceling Fri Jun 05 14:35:32 UTC 2020
------------------ testing $PTII/ptolemy/domains/de/test/auto/ResettableTimer2.xml
auto.tcl: Setting watchdog for 200 seconds at Fri Jun 05 14:35:32 UTC 2020
3 ms. Memory: 51200K Free: 32608K (64%)
ptolemy.util.test.WatchDog.cancel(): canceling Fri Jun 05 14:35:32 UTC 2020
auto.tcl: Setting watchdog for 200 seconds at Fri Jun 05 14:35:32 UTC 2020
1 ms. Memory: 51200K Free: 31980K (62%)
ptolemy.util.test.WatchDog.cancel(): canceling Fri Jun 05 14:35:32 UTC 2020
------------------ testing $PTII/ptolemy/domains/de/test/auto/ResettableTimer3.xml
auto.tcl: Setting watchdog for 200 seconds at Fri Jun 05 14:35:32 UTC 2020
2 ms. Memory: 51200K Free: 32507K (63%)
ptolemy.util.test.WatchDog.cancel(): canceling Fri Jun 05 14:35:32 UTC 2020
auto.tcl: Setting watchdog for 200 seconds at Fri Jun 05 14:35:32 UTC 2020
1 ms. Memory: 51200K Free: 32507K (63%)
ptolemy.util.test.WatchDog.cancel(): canceling Fri Jun 05 14:35:32 UTC 2020
------------------ testing $PTII/ptolemy/domains/de/test/auto/ResettableTimer4.xml
auto.tcl: Setting watchdog for 200 seconds at Fri Jun 05 14:35:32 UTC 2020
2 ms. Memory: 51200K Free: 32520K (64%)
ptolemy.util.test.WatchDog.cancel(): canceling Fri Jun 05 14:35:32 UTC 2020
auto.tcl: Setting watchdog for 200 seconds at Fri Jun 05 14:35:32 UTC 2020
2 ms. Memory: 51200K Free: 32019K (63%)
ptolemy.util.test.WatchDog.cancel(): canceling Fri Jun 05 14:35:32 UTC 2020
------------------ testing $PTII/ptolemy/domains/de/test/auto/ResettableTimer5.xml
auto.tcl: Setting watchdog for 200 seconds at Fri Jun 05 14:35:32 UTC 2020
1 ms. Memory: 51200K Free: 32004K (63%)
ptolemy.util.test.WatchDog.cancel(): canceling Fri Jun 05 14:35:32 UTC 2020
auto.tcl: Setting watchdog for 200 seconds at Fri Jun 05 14:35:32 UTC 2020
1 ms. Memory: 51200K Free: 31506K (62%)
ptolemy.util.test.WatchDog.cancel(): canceling Fri Jun 05 14:35:32 UTC 2020
------------------ testing $PTII/ptolemy/domains/de/test/auto/ResettableTimer6.xml
auto.tcl: Setting watchdog for 200 seconds at Fri Jun 05 14:35:32 UTC 2020
2 ms. Memory: 51200K Free: 31995K (62%)
ptolemy.util.test.WatchDog.cancel(): canceling Fri Jun 05 14:35:32 UTC 2020
auto.tcl: Setting watchdog for 200 seconds at Fri Jun 05 14:35:32 UTC 2020
2 ms. Memory: 51200K Free: 31485K (61%)
ptolemy.util.test.WatchDog.cancel(): canceling Fri Jun 05 14:35:32 UTC 2020
------------------ testing $PTII/ptolemy/domains/de/test/auto/ServerZeroDelay.xml
auto.tcl: Setting watchdog for 200 seconds at Fri Jun 05 14:35:32 UTC 2020
4 ms. Memory: 51200K Free: 32584K (64%)
ptolemy.util.test.WatchDog.cancel(): canceling Fri Jun 05 14:35:32 UTC 2020
auto.tcl: Setting watchdog for 200 seconds at Fri Jun 05 14:35:32 UTC 2020
2 ms. Memory: 51200K Free: 31477K (61%)
ptolemy.util.test.WatchDog.cancel(): canceling Fri Jun 05 14:35:32 UTC 2020
------------------ testing $PTII/ptolemy/domains/de/test/auto/SmartSender.xml
auto.tcl: Setting watchdog for 200 seconds at Fri Jun 05 14:35:33 UTC 2020
3002 ms. Memory: 51200K Free: 32506K (63%)
ptolemy.util.test.WatchDog.cancel(): canceling Fri Jun 05 14:35:36 UTC 2020
auto.tcl: Setting watchdog for 200 seconds at Fri Jun 05 14:35:36 UTC 2020
3002 ms. Memory: 51200K Free: 31967K (62%)
ptolemy.util.test.WatchDog.cancel(): canceling Fri Jun 05 14:35:39 UTC 2020
------------------ testing $PTII/ptolemy/domains/de/test/auto/ThreadedComposite.xml
auto.tcl: Setting watchdog for 200 seconds at Fri Jun 05 14:35:39 UTC 2020
229 ms. Memory: 51200K Free: 13563K (26%)
ptolemy.util.test.WatchDog.cancel(): canceling Fri Jun 05 14:35:39 UTC 2020
auto.tcl: Setting watchdog for 200 seconds at Fri Jun 05 14:35:39 UTC 2020
176 ms. Memory: 51200K Free: 27680K (54%)
ptolemy.util.test.WatchDog.cancel(): canceling Fri Jun 05 14:35:39 UTC 2020
------------------ testing $PTII/ptolemy/domains/de/test/auto/Time.xml
auto.tcl: Setting watchdog for 200 seconds at Fri Jun 05 14:35:39 UTC 2020
494 ms. Memory: 51200K Free: 35702K (70%)
ptolemy.util.test.WatchDog.cancel(): canceling Fri Jun 05 14:35:40 UTC 2020
auto.tcl: Setting watchdog for 200 seconds at Fri Jun 05 14:35:40 UTC 2020
470 ms. Memory: 51200K Free: 10174K (20%)
ptolemy.util.test.WatchDog.cancel(): canceling Fri Jun 05 14:35:40 UTC 2020
------------------ testing $PTII/ptolemy/domains/de/test/auto/TimeDelayZeroDelay.xml
auto.tcl: Setting watchdog for 200 seconds at Fri Jun 05 14:35:40 UTC 2020
3 ms. Memory: 51200K Free: 32425K (63%)
ptolemy.util.test.WatchDog.cancel(): canceling Fri Jun 05 14:35:40 UTC 2020
auto.tcl: Setting watchdog for 200 seconds at Fri Jun 05 14:35:40 UTC 2020
3 ms. Memory: 51200K Free: 31960K (62%)
ptolemy.util.test.WatchDog.cancel(): canceling Fri Jun 05 14:35:40 UTC 2020
------------------ testing $PTII/ptolemy/domains/de/test/auto/TimerZeroDelay.xml
auto.tcl: Setting watchdog for 200 seconds at Fri Jun 05 14:35:40 UTC 2020
3 ms. Memory: 51200K Free: 32886K (64%)
ptolemy.util.test.WatchDog.cancel(): canceling Fri Jun 05 14:35:40 UTC 2020
auto.tcl: Setting watchdog for 200 seconds at Fri Jun 05 14:35:40 UTC 2020
4 ms. Memory: 51200K Free: 32468K (63%)
ptolemy.util.test.WatchDog.cancel(): canceling Fri Jun 05 14:35:40 UTC 2020
------------------ testing $PTII/ptolemy/domains/de/test/auto/TimingParadox.xml
auto.tcl: Setting watchdog for 200 seconds at Fri Jun 05 14:35:40 UTC 2020
386 ms. Memory: 69632K Free: 50235K (72%)
ptolemy.util.test.WatchDog.cancel(): canceling Fri Jun 05 14:35:41 UTC 2020
auto.tcl: Setting watchdog for 200 seconds at Fri Jun 05 14:35:41 UTC 2020
322 ms. Memory: 69632K Free: 52748K (76%)
ptolemy.util.test.WatchDog.cancel(): canceling Fri Jun 05 14:35:41 UTC 2020
------------------ testing $PTII/ptolemy/domains/de/test/auto/TransferInputs.xml
auto.tcl: Setting watchdog for 200 seconds at Fri Jun 05 14:35:41 UTC 2020
2 ms. Memory: 55296K Free: 35032K (63%)
ptolemy.util.test.WatchDog.cancel(): canceling Fri Jun 05 14:35:41 UTC 2020
auto.tcl: Setting watchdog for 200 seconds at Fri Jun 05 14:35:41 UTC 2020
2 ms. Memory: 55296K Free: 34068K (62%)
ptolemy.util.test.WatchDog.cancel(): canceling Fri Jun 05 14:35:41 UTC 2020
------------------ testing $PTII/ptolemy/domains/de/test/auto/TransferOutputs2.xml
auto.tcl: Setting watchdog for 200 seconds at Fri Jun 05 14:35:41 UTC 2020
3 ms. Memory: 55296K Free: 32474K (59%)
ptolemy.util.test.WatchDog.cancel(): canceling Fri Jun 05 14:35:41 UTC 2020
auto.tcl: Setting watchdog for 200 seconds at Fri Jun 05 14:35:41 UTC 2020
4 ms. Memory: 55296K Free: 30982K (56%)
ptolemy.util.test.WatchDog.cancel(): canceling Fri Jun 05 14:35:41 UTC 2020
------------------ testing $PTII/ptolemy/domains/de/test/auto/Trilateration.xml
auto.tcl: Setting watchdog for 200 seconds at Fri Jun 05 14:35:41 UTC 2020
13221 ms. Memory: 411648K Free: 177884K (43%)
ptolemy.util.test.WatchDog.cancel(): canceling Fri Jun 05 14:35:56 UTC 2020
auto.tcl: Setting watchdog for 200 seconds at Fri Jun 05 14:35:56 UTC 2020
9447 ms. Memory: 411648K Free: 222852K (54%)
ptolemy.util.test.WatchDog.cancel(): canceling Fri Jun 05 14:36:05 UTC 2020
------------------ testing $PTII/ptolemy/domains/de/test/auto/TwoSigmaDelta.xml
auto.tcl: Setting watchdog for 200 seconds at Fri Jun 05 14:36:05 UTC 2020
2410 ms. Memory: 89088K Free: 60839K (68%)
ptolemy.util.test.WatchDog.cancel(): canceling Fri Jun 05 14:36:08 UTC 2020
auto.tcl: Setting watchdog for 200 seconds at Fri Jun 05 14:36:08 UTC 2020
1743 ms. Memory: 89088K Free: 55709K (63%)
ptolemy.util.test.WatchDog.cancel(): canceling Fri Jun 05 14:36:09 UTC 2020
------------------ testing $PTII/ptolemy/domains/de/test/auto/VariableDelay.xml
auto.tcl: Setting watchdog for 200 seconds at Fri Jun 05 14:36:09 UTC 2020
3 ms. Memory: 55296K Free: 35529K (64%)
ptolemy.util.test.WatchDog.cancel(): canceling Fri Jun 05 14:36:09 UTC 2020
auto.tcl: Setting watchdog for 200 seconds at Fri Jun 05 14:36:09 UTC 2020
2 ms. Memory: 55296K Free: 34489K (62%)
ptolemy.util.test.WatchDog.cancel(): canceling Fri Jun 05 14:36:09 UTC 2020
------------------ testing $PTII/ptolemy/domains/de/test/auto/VariableDelay2.xml
auto.tcl: Setting watchdog for 200 seconds at Fri Jun 05 14:36:09 UTC 2020
7 ms. Memory: 55296K Free: 35936K (65%)
ptolemy.util.test.WatchDog.cancel(): canceling Fri Jun 05 14:36:10 UTC 2020
auto.tcl: Setting watchdog for 200 seconds at Fri Jun 05 14:36:10 UTC 2020
2 ms. Memory: 55296K Free: 35432K (64%)
ptolemy.util.test.WatchDog.cancel(): canceling Fri Jun 05 14:36:10 UTC 2020
------------------ testing $PTII/ptolemy/domains/de/test/auto/VariableDelayZeroDelay.xml
auto.tcl: Setting watchdog for 200 seconds at Fri Jun 05 14:36:10 UTC 2020
2 ms. Memory: 55296K Free: 36455K (66%)
ptolemy.util.test.WatchDog.cancel(): canceling Fri Jun 05 14:36:10 UTC 2020
auto.tcl: Setting watchdog for 200 seconds at Fri Jun 05 14:36:10 UTC 2020
2 ms. Memory: 55296K Free: 35941K (65%)
ptolemy.util.test.WatchDog.cancel(): canceling Fri Jun 05 14:36:10 UTC 2020
------------------ testing $PTII/ptolemy/domains/de/test/auto/VariableDelayZeroDelay2.xml
auto.tcl: Setting watchdog for 200 seconds at Fri Jun 05 14:36:10 UTC 2020
3 ms. Memory: 55296K Free: 36454K (66%)
ptolemy.util.test.WatchDog.cancel(): canceling Fri Jun 05 14:36:10 UTC 2020
auto.tcl: Setting watchdog for 200 seconds at Fri Jun 05 14:36:10 UTC 2020
2 ms. Memory: 55296K Free: 35430K (64%)
ptolemy.util.test.WatchDog.cancel(): canceling Fri Jun 05 14:36:10 UTC 2020
------------------ testing $PTII/ptolemy/domains/de/test/auto/deInCt.xml
auto.tcl: Setting watchdog for 200 seconds at Fri Jun 05 14:36:10 UTC 2020
0
1
1
1
0
0
0
1
1
1
1
0
0
0
1
1
1
0
0
0
1
1
1
0
0
0
0
1
1
1
1
0
0
1
1
1
1
1
13 ms. Memory: 51200K Free: 31332K (61%)
ptolemy.util.test.WatchDog.cancel(): canceling Fri Jun 05 14:36:10 UTC 2020
auto.tcl: Setting watchdog for 200 seconds at Fri Jun 05 14:36:10 UTC 2020
0
1
1
1
0
0
0
1
1
1
1
0
0
0
1
1
1
0
0
0
0
1
1
1
0
0
0
1
1
0
0
0
1
1
1
0
0
0
1
1
1
1
7 ms. Memory: 51200K Free: 29794K (58%)
ptolemy.util.test.WatchDog.cancel(): canceling Fri Jun 05 14:36:10 UTC 2020
------------------ testing $PTII/ptolemy/domains/de/test/auto/deInCt2.xml
auto.tcl: Setting watchdog for 200 seconds at Fri Jun 05 14:36:10 UTC 2020
0
1
1
1
0
0
1
1
1
0
0
1
1
1
0
0
1
1
1
0
0
1
1
1
0
0
1
1
1
0
0
1
1
1
0
0
1
1
1
0
0
0
10 ms. Memory: 51200K Free: 31334K (61%)
ptolemy.util.test.WatchDog.cancel(): canceling Fri Jun 05 14:36:10 UTC 2020
auto.tcl: Setting watchdog for 200 seconds at Fri Jun 05 14:36:10 UTC 2020
0
1
1
1
0
0
1
1
1
0
0
1
1
1
0
0
1
1
1
0
0
1
1
1
0
0
1
1
1
0
0
1
1
1
0
0
1
1
1
0
0
0
11 ms. Memory: 51200K Free: 29796K (58%)
ptolemy.util.test.WatchDog.cancel(): canceling Fri Jun 05 14:36:10 UTC 2020
------------------ testing $PTII/ptolemy/domains/de/test/auto/dynamicCausalityInterface1.xml
auto.tcl: Setting watchdog for 200 seconds at Fri Jun 05 14:36:10 UTC 2020
2 ms. Memory: 51200K Free: 27232K (53%)
ptolemy.util.test.WatchDog.cancel(): canceling Fri Jun 05 14:36:10 UTC 2020
auto.tcl: Setting watchdog for 200 seconds at Fri Jun 05 14:36:10 UTC 2020
1 ms. Memory: 51200K Free: 26718K (52%)
ptolemy.util.test.WatchDog.cancel(): canceling Fri Jun 05 14:36:10 UTC 2020
------------------ testing $PTII/ptolemy/domains/de/test/auto/fsm_de_test.xml
auto.tcl: Setting watchdog for 200 seconds at Fri Jun 05 14:36:10 UTC 2020
7 ms. Memory: 51200K Free: 27131K (53%)
ptolemy.util.test.WatchDog.cancel(): canceling Fri Jun 05 14:36:10 UTC 2020
auto.tcl: Setting watchdog for 200 seconds at Fri Jun 05 14:36:10 UTC 2020
6 ms. Memory: 51200K Free: 25083K (49%)
ptolemy.util.test.WatchDog.cancel(): canceling Fri Jun 05 14:36:10 UTC 2020
------------------ testing $PTII/ptolemy/domains/de/test/auto/functionDependencyReconstruction.xml
auto.tcl: Setting watchdog for 200 seconds at Fri Jun 05 14:36:10 UTC 2020
2 ms. Memory: 51200K Free: 20976K (41%)
ptolemy.util.test.WatchDog.cancel(): canceling Fri Jun 05 14:36:10 UTC 2020
auto.tcl: Setting watchdog for 200 seconds at Fri Jun 05 14:36:10 UTC 2020
2 ms. Memory: 51200K Free: 18928K (37%)
ptolemy.util.test.WatchDog.cancel(): canceling Fri Jun 05 14:36:10 UTC 2020
------------------ testing $PTII/ptolemy/domains/de/test/auto/multirate.xml
auto.tcl: Setting watchdog for 200 seconds at Fri Jun 05 14:36:10 UTC 2020
3 ms. Memory: 51200K Free: 29547K (58%)
ptolemy.util.test.WatchDog.cancel(): canceling Fri Jun 05 14:36:10 UTC 2020
auto.tcl: Setting watchdog for 200 seconds at Fri Jun 05 14:36:10 UTC 2020
3 ms. Memory: 51200K Free: 28027K (55%)
ptolemy.util.test.WatchDog.cancel(): canceling Fri Jun 05 14:36:10 UTC 2020
------------------ testing $PTII/ptolemy/domains/de/test/auto/multirate2.xml
auto.tcl: Setting watchdog for 200 seconds at Fri Jun 05 14:36:10 UTC 2020
4 ms. Memory: 51200K Free: 29727K (58%)
ptolemy.util.test.WatchDog.cancel(): canceling Fri Jun 05 14:36:10 UTC 2020
auto.tcl: Setting watchdog for 200 seconds at Fri Jun 05 14:36:10 UTC 2020
3 ms. Memory: 51200K Free: 28207K (55%)
ptolemy.util.test.WatchDog.cancel(): canceling Fri Jun 05 14:36:10 UTC 2020
------------------ testing $PTII/ptolemy/domains/de/test/auto/realtime.xml
auto.tcl: Setting watchdog for 200 seconds at Fri Jun 05 14:36:10 UTC 2020
10002 ms. Memory: 51200K Free: 32002K (63%)
ptolemy.util.test.WatchDog.cancel(): canceling Fri Jun 05 14:36:20 UTC 2020
auto.tcl: Setting watchdog for 200 seconds at Fri Jun 05 14:36:20 UTC 2020
10002 ms. Memory: 51200K Free: 31474K (61%)
ptolemy.util.test.WatchDog.cancel(): canceling Fri Jun 05 14:36:30 UTC 2020
------------------ testing $PTII/ptolemy/domains/de/test/auto/relationGroup.xml
auto.tcl: Setting watchdog for 200 seconds at Fri Jun 05 14:36:30 UTC 2020
2 ms. Memory: 51200K Free: 33092K (65%)
ptolemy.util.test.WatchDog.cancel(): canceling Fri Jun 05 14:36:30 UTC 2020
auto.tcl: Setting watchdog for 200 seconds at Fri Jun 05 14:36:30 UTC 2020
2 ms. Memory: 51200K Free: 32580K (64%)
ptolemy.util.test.WatchDog.cancel(): canceling Fri Jun 05 14:36:30 UTC 2020
------------------ testing $PTII/ptolemy/domains/de/test/auto/relationGroup2.xml
auto.tcl: Setting watchdog for 200 seconds at Fri Jun 05 14:36:30 UTC 2020
1 ms. Memory: 51200K Free: 32893K (64%)
ptolemy.util.test.WatchDog.cancel(): canceling Fri Jun 05 14:36:30 UTC 2020
auto.tcl: Setting watchdog for 200 seconds at Fri Jun 05 14:36:30 UTC 2020
2 ms. Memory: 51200K Free: 32383K (63%)
ptolemy.util.test.WatchDog.cancel(): canceling Fri Jun 05 14:36:30 UTC 2020
------------------ testing $PTII/ptolemy/domains/de/test/auto/sortWithOpaquePorts.xml
auto.tcl: Setting watchdog for 200 seconds at Fri Jun 05 14:36:30 UTC 2020
2 ms. Memory: 51200K Free: 32384K (63%)
ptolemy.util.test.WatchDog.cancel(): canceling Fri Jun 05 14:36:30 UTC 2020
auto.tcl: Setting watchdog for 200 seconds at Fri Jun 05 14:36:30 UTC 2020
2 ms. Memory: 51200K Free: 30846K (60%)
ptolemy.util.test.WatchDog.cancel(): canceling Fri Jun 05 14:36:30 UTC 2020
------------------ testing $PTII/ptolemy/domains/de/test/auto/transferInputsandOutputs.xml
auto.tcl: Setting watchdog for 200 seconds at Fri Jun 05 14:36:31 UTC 2020
3 ms. Memory: 51200K Free: 29299K (57%)
ptolemy.util.test.WatchDog.cancel(): canceling Fri Jun 05 14:36:31 UTC 2020
auto.tcl: Setting watchdog for 200 seconds at Fri Jun 05 14:36:31 UTC 2020
3 ms. Memory: 51200K Free: 28275K (55%)
ptolemy.util.test.WatchDog.cancel(): canceling Fri Jun 05 14:36:31 UTC 2020
------------------ testing $PTII/ptolemy/domains/de/test/auto/triggerType.xml
auto.tcl: Setting watchdog for 200 seconds at Fri Jun 05 14:36:31 UTC 2020
2 ms. Memory: 51200K Free: 32324K (63%)
ptolemy.util.test.WatchDog.cancel(): canceling Fri Jun 05 14:36:31 UTC 2020
auto.tcl: Setting watchdog for 200 seconds at Fri Jun 05 14:36:31 UTC 2020
2 ms. Memory: 51200K Free: 31300K (61%)
ptolemy.util.test.WatchDog.cancel(): canceling Fri Jun 05 14:36:31 UTC 2020
06/05/20 02:36:31
Failed: 0  Total Tests: 192  ((Passed: 187, Newly Passed: 1)  Known Failed: 5) /home/travis/build/icyphy/ptII/ptolemy/domains/de/test
06/05/20 02:36:31
Failed: 0  Total Tests: 192  ((Passed: 187, Newly Passed: 1)  Known Failed: 5) /home/travis/build/icyphy/ptII/ptolemy/domains/de/test
----------------- testing (KnownFailure) /home/travis/build/icyphy/ptII/ptolemy/domains/de/test/auto/knownFailedTests/DESDFClockTest.xml
2012 ms. Memory: 51200K Free: 25719K (50%)
Known Failure: java.lang.reflect.InvocationTargetException
----------------- testing (KnownFailure) /home/travis/build/icyphy/ptII/ptolemy/domains/de/test/auto/knownFailedTests/DirectFeedback.xml
2 ms. Memory: 51200K Free: 21623K (42%)
Known Failure: java.lang.reflect.InvocationTargetException
----------------- testing (KnownFailure) /home/travis/build/icyphy/ptII/ptolemy/domains/de/test/auto/knownFailedTests/FSMSource.xml
14 ms. Memory: 51200K Free: 13945K (27%)
----------------- testing (KnownFailure) /home/travis/build/icyphy/ptII/ptolemy/domains/de/test/auto/knownFailedTests/HierarchicalModel.xml
3 ms. Memory: 51200K Free: 26088K (51%)
Known Failure: java.lang.reflect.InvocationTargetException
----------------- testing (KnownFailure) /home/travis/build/icyphy/ptII/ptolemy/domains/de/test/auto/knownFailedTests/dependencyLoop.xml
4 ms. Memory: 51200K Free: 11069K (22%)
Known Failure: java.lang.reflect.InvocationTargetException
----------------- testing (KnownFailure) /home/travis/build/icyphy/ptII/ptolemy/domains/de/test/auto/knownFailedTests/dependencyLoop2.xml
6 ms. Memory: 51200K Free: 23786K (46%)
Known Failure: java.lang.reflect.InvocationTargetException
No auto/linux-amd64/*.xml tests in /home/travis/build/icyphy/ptII/ptolemy/domains/de/test
AutoTests.java: About to close Vertx.
AutoTests.java: Vertx closed.

===========================================================================================
----------------- testing Fri Jun 05 14:36:33 UTC 2020 /home/travis/build/icyphy/ptII/ptolemy/domains/de/test/auto/ActorDepthCalculation_actorWithoutPorts.xml
----------------- Instantiating /home/travis/build/icyphy/ptII/ptolemy/domains/de/test/auto/ActorDepthCalculation_actorWithoutPorts.xml
3 ms. Memory: 51200K Free: 17267K (34%)
----------------- Invoking toplevel() on ptolemy.moml.MoMLSimpleApplication@45e82f06
----------------- Done invoking toplevel() on ptolemy.moml.MoMLSimpleApplication@45e82f06
reloadAllAccessors: .ActorDepthCalculation_actorWithoutPorts

===========================================================================================
----------------- testing Fri Jun 05 14:36:33 UTC 2020 /home/travis/build/icyphy/ptII/ptolemy/domains/de/test/auto/AssemblyLine.xml
----------------- Instantiating /home/travis/build/icyphy/ptII/ptolemy/domains/de/test/auto/AssemblyLine.xml
3 ms. Memory: 51200K Free: 9793K (19%)
----------------- Invoking toplevel() on ptolemy.moml.MoMLSimpleApplication@2b8da6d9
----------------- Done invoking toplevel() on ptolemy.moml.MoMLSimpleApplication@2b8da6d9
reloadAllAccessors: .AssemblyLine

===========================================================================================
----------------- testing Fri Jun 05 14:36:33 UTC 2020 /home/travis/build/icyphy/ptII/ptolemy/domains/de/test/auto/CQBug1.xml
----------------- Instantiating /home/travis/build/icyphy/ptII/ptolemy/domains/de/test/auto/CQBug1.xml
1 ms. Memory: 51200K Free: 34545K (67%)
----------------- Invoking toplevel() on ptolemy.moml.MoMLSimpleApplication@4a10e3ba
----------------- Done invoking toplevel() on ptolemy.moml.MoMLSimpleApplication@4a10e3ba
reloadAllAccessors: .CQBug1

===========================================================================================
----------------- testing Fri Jun 05 14:36:33 UTC 2020 /home/travis/build/icyphy/ptII/ptolemy/domains/de/test/auto/CancelFireAt.xml
----------------- Instantiating /home/travis/build/icyphy/ptII/ptolemy/domains/de/test/auto/CancelFireAt.xml
3 ms. Memory: 51200K Free: 32082K (63%)
----------------- Invoking toplevel() on ptolemy.moml.MoMLSimpleApplication@21e25411
----------------- Done invoking toplevel() on ptolemy.moml.MoMLSimpleApplication@21e25411
reloadAllAccessors: .CancelFireAt

===========================================================================================
----------------- testing Fri Jun 05 14:36:33 UTC 2020 /home/travis/build/icyphy/ptII/ptolemy/domains/de/test/auto/CausalityAndComposabilityAnalysis.xml
----------------- Instantiating /home/travis/build/icyphy/ptII/ptolemy/domains/de/test/auto/CausalityAndComposabilityAnalysis.xml
3 ms. Memory: 51200K Free: 27708K (54%)
----------------- Invoking toplevel() on ptolemy.moml.MoMLSimpleApplication@4ed18d65
----------------- Done invoking toplevel() on ptolemy.moml.MoMLSimpleApplication@4ed18d65
reloadAllAccessors: .CausalityAndComposabilityAnalysis

===========================================================================================
----------------- testing Fri Jun 05 14:36:33 UTC 2020 /home/travis/build/icyphy/ptII/ptolemy/domains/de/test/auto/CausalityInterface1.xml
----------------- Instantiating /home/travis/build/icyphy/ptII/ptolemy/domains/de/test/auto/CausalityInterface1.xml
6 ms. Memory: 51200K Free: 22866K (45%)
----------------- Invoking toplevel() on ptolemy.moml.MoMLSimpleApplication@47d51455
----------------- Done invoking toplevel() on ptolemy.moml.MoMLSimpleApplication@47d51455
reloadAllAccessors: .CausalityInterface1

===========================================================================================
----------------- testing Fri Jun 05 14:36:33 UTC 2020 /home/travis/build/icyphy/ptII/ptolemy/domains/de/test/auto/CausalityInterface15.xml
----------------- Instantiating /home/travis/build/icyphy/ptII/ptolemy/domains/de/test/auto/CausalityInterface15.xml
3 ms. Memory: 51200K Free: 17446K (34%)
----------------- Invoking toplevel() on ptolemy.moml.MoMLSimpleApplication@4ee99d0c
----------------- Done invoking toplevel() on ptolemy.moml.MoMLSimpleApplication@4ee99d0c
reloadAllAccessors: .CausalityInterface15

===========================================================================================
----------------- testing Fri Jun 05 14:36:33 UTC 2020 /home/travis/build/icyphy/ptII/ptolemy/domains/de/test/auto/CausalityInterface2.xml
----------------- Instantiating /home/travis/build/icyphy/ptII/ptolemy/domains/de/test/auto/CausalityInterface2.xml
2 ms. Memory: 51200K Free: 13001K (25%)
[...]
	at ptolemy.actor.Manager.run(Manager.java:1263)
	at ptolemy.actor.Manager$PtolemyRunThread.run(Manager.java:1933)
java.lang.RuntimeException: Execution failed
	at ptolemy.moml.MoMLSimpleApplication$UnloadThread.run(MoMLSimpleApplication.java:402)
Caused by: ptolemy.kernel.util.IllegalActionException: Actor is not ready to fire.  Perhaps UpSample.prefire() returned false? Try debugging the actor by selecting "Listen to Actor".  Also, for SDF check moml for tokenConsumptionRate on input.
  in .DESDFClockTest.Play Bell.Copy1:SDF Director and .DESDFClockTest.Play Bell.UpSample
	at ptolemy.actor.sched.StaticSchedulingDirector.fire(StaticSchedulingDirector.java:227)
	at ptolemy.domains.sdf.kernel.SDFDirector.fire(SDFDirector.java:500)
	at ptolemy.actor.CompositeActor.fire(CompositeActor.java:455)
	at ptolemy.domains.de.kernel.DEDirector._fire(DEDirector.java:1949)
	at ptolemy.domains.de.kernel.DEDirector.fire(DEDirector.java:502)
	at ptolemy.actor.CompositeActor.fire(CompositeActor.java:455)
	at ptolemy.actor.Manager.iterate(Manager.java:851)
	at ptolemy.actor.Manager.execute(Manager.java:369)
	at ptolemy.actor.Manager.run(Manager.java:1263)
	at ptolemy.actor.Manager$PtolemyRunThread.run(Manager.java:1933)
java.lang.reflect.InvocationTargetException
	at java.base/jdk.internal.reflect.NativeConstructorAccessorImpl.newInstance0(Native Method)
	at java.base/jdk.internal.reflect.NativeConstructorAccessorImpl.newInstance(NativeConstructorAccessorImpl.java:62)
	at java.base/jdk.internal.reflect.DelegatingConstructorAccessorImpl.newInstance(DelegatingConstructorAccessorImpl.java:45)
	at java.base/java.lang.reflect.Constructor.newInstance(Constructor.java:490)
	at ptolemy.util.test.junit.AutoKnownFailedTests.RunModel(AutoKnownFailedTests.java:105)
	at java.base/jdk.internal.reflect.NativeMethodAccessorImpl.invoke0(Native Method)
	at java.base/jdk.internal.reflect.NativeMethodAccessorImpl.invoke(NativeMethodAccessorImpl.java:62)
	at java.base/jdk.internal.reflect.DelegatingMethodAccessorImpl.invoke(DelegatingMethodAccessorImpl.java:43)
	at java.base/java.lang.reflect.Method.invoke(Method.java:566)
	at org.junit.runners.model.FrameworkMethod$1.runReflectiveCall(FrameworkMethod.java:44)
	at org.junit.internal.runners.model.ReflectiveCallable.run(ReflectiveCallable.java:15)
	at org.junit.runners.model.FrameworkMethod.invokeExplosively(FrameworkMethod.java:41)
	at junitparams.internal.InvokeParameterisedMethod.evaluate(InvokeParameterisedMethod.java:102)
	at org.junit.internal.runners.statements.FailOnTimeout$1.run(FailOnTimeout.java:28)
Caused by: ptolemy.kernel.util.IllegalActionException: Actor is not ready to fire.  Perhaps UpSample.prefire() returned false? Try debugging the actor by selecting "Listen to Actor".  Also, for SDF check moml for tokenConsumptionRate on input.
  in .DESDFClockTest.Play Bell.Copy1:SDF Director and .DESDFClockTest.Play Bell.UpSample
	at ptolemy.actor.sched.StaticSchedulingDirector.fire(StaticSchedulingDirector.java:227)
	at ptolemy.domains.sdf.kernel.SDFDirector.fire(SDFDirector.java:500)
	at ptolemy.actor.CompositeActor.fire(CompositeActor.java:455)
	at ptolemy.domains.de.kernel.DEDirector._fire(DEDirector.java:1949)
	at ptolemy.domains.de.kernel.DEDirector.fire(DEDirector.java:502)
	at ptolemy.actor.CompositeActor.fire(CompositeActor.java:455)
	at ptolemy.actor.Manager.iterate(Manager.java:851)
	at ptolemy.actor.Manager.execute(Manager.java:369)
	at ptolemy.actor.Manager.run(Manager.java:1263)
	at ptolemy.actor.Manager$PtolemyRunThread.run(Manager.java:1933)
java.lang.RuntimeException: Execution failed
	at ptolemy.moml.MoMLSimpleApplication$UnloadThread.run(MoMLSimpleApplication.java:402)
Caused by: ptolemy.kernel.util.IllegalActionException: Test fails in iteration 1.
Value was: 1.0. Should have been: 2.0
  in .DirectFeedback.Test
	at ptolemy.actor.lib.Test.fire(Test.java:268)
	at ptolemy.domains.de.kernel.DEDirector._fire(DEDirector.java:1949)
	at ptolemy.domains.de.kernel.DEDirector.fire(DEDirector.java:502)
	at ptolemy.actor.CompositeActor.fire(CompositeActor.java:455)
	at ptolemy.actor.Manager.iterate(Manager.java:851)
	at ptolemy.actor.Manager.execute(Manager.java:369)
	at ptolemy.actor.Manager.run(Manager.java:1263)
	at ptolemy.actor.Manager$PtolemyRunThread.run(Manager.java:1933)
java.lang.reflect.InvocationTargetException
	at java.base/jdk.internal.reflect.NativeConstructorAccessorImpl.newInstance0(Native Method)
	at java.base/jdk.internal.reflect.NativeConstructorAccessorImpl.newInstance(NativeConstructorAccessorImpl.java:62)
	at java.base/jdk.internal.reflect.DelegatingConstructorAccessorImpl.newInstance(DelegatingConstructorAccessorImpl.java:45)
	at java.base/java.lang.reflect.Constructor.newInstance(Constructor.java:490)
	at ptolemy.util.test.junit.AutoKnownFailedTests.RunModel(AutoKnownFailedTests.java:105)
	at java.base/jdk.internal.reflect.NativeMethodAccessorImpl.invoke0(Native Method)
	at java.base/jdk.internal.reflect.NativeMethodAccessorImpl.invoke(NativeMethodAccessorImpl.java:62)
	at java.base/jdk.internal.reflect.DelegatingMethodAccessorImpl.invoke(DelegatingMethodAccessorImpl.java:43)
	at java.base/java.lang.reflect.Method.invoke(Method.java:566)
	at org.junit.runners.model.FrameworkMethod$1.runReflectiveCall(FrameworkMethod.java:44)
	at org.junit.internal.runners.model.ReflectiveCallable.run(ReflectiveCallable.java:15)
	at org.junit.runners.model.FrameworkMethod.invokeExplosively(FrameworkMethod.java:41)
	at junitparams.internal.InvokeParameterisedMethod.evaluate(InvokeParameterisedMethod.java:102)
	at org.junit.internal.runners.statements.FailOnTimeout$1.run(FailOnTimeout.java:28)
Caused by: ptolemy.kernel.util.IllegalActionException: Test fails in iteration 1.
Value was: 1.0. Should have been: 2.0
  in .DirectFeedback.Test
	at ptolemy.actor.lib.Test.fire(Test.java:268)
	at ptolemy.domains.de.kernel.DEDirector._fire(DEDirector.java:1949)
	at ptolemy.domains.de.kernel.DEDirector.fire(DEDirector.java:502)
	at ptolemy.actor.CompositeActor.fire(CompositeActor.java:455)
	at ptolemy.actor.Manager.iterate(Manager.java:851)
	at ptolemy.actor.Manager.execute(Manager.java:369)
	at ptolemy.actor.Manager.run(Manager.java:1263)
	at ptolemy.actor.Manager$PtolemyRunThread.run(Manager.java:1933)
java.lang.RuntimeException: Execution failed
	at ptolemy.moml.MoMLSimpleApplication$UnloadThread.run(MoMLSimpleApplication.java:402)
Caused by: ptolemy.kernel.util.IllegalActionException: Found a zero delay loop containing .HierarchicalModel.A
  in .HierarchicalModel and .HierarchicalModel.A
	at ptolemy.actor.util.CausalityInterfaceForComposites._computeOutputPortDepth(CausalityInterfaceForComposites.java:759)
	at ptolemy.actor.util.CausalityInterfaceForComposites._computeInputDepth(CausalityInterfaceForComposites.java:696)
	at ptolemy.actor.util.CausalityInterfaceForComposites._computeOutputPortDepth(CausalityInterfaceForComposites.java:765)
	at ptolemy.actor.util.CausalityInterfaceForComposites._computeInputDepth(CausalityInterfaceForComposites.java:696)
	at ptolemy.actor.util.CausalityInterfaceForComposites._computeOutputPortDepth(CausalityInterfaceForComposites.java:765)
	at ptolemy.actor.util.CausalityInterfaceForComposites._computeInputDepth(CausalityInterfaceForComposites.java:696)
	at ptolemy.actor.util.CausalityInterfaceForComposites._computeActorDepth(CausalityInterfaceForComposites.java:532)
	at ptolemy.actor.util.CausalityInterfaceForComposites.checkForCycles(CausalityInterfaceForComposites.java:96)
	at ptolemy.domains.de.kernel.DEDirector.preinitialize(DEDirector.java:1338)
	at ptolemy.actor.CompositeActor.preinitialize(CompositeActor.java:1828)
	at ptolemy.actor.Manager.preinitializeAndResolveTypes(Manager.java:1040)
	at ptolemy.actor.Manager.initialize(Manager.java:710)
	at ptolemy.actor.Manager.execute(Manager.java:356)
	at ptolemy.actor.Manager.run(Manager.java:1263)
	at ptolemy.actor.Manager$PtolemyRunThread.run(Manager.java:1933)
java.lang.reflect.InvocationTargetException
	at java.base/jdk.internal.reflect.NativeConstructorAccessorImpl.newInstance0(Native Method)
	at java.base/jdk.internal.reflect.NativeConstructorAccessorImpl.newInstance(NativeConstructorAccessorImpl.java:62)
	at java.base/jdk.internal.reflect.DelegatingConstructorAccessorImpl.newInstance(DelegatingConstructorAccessorImpl.java:45)
	at java.base/java.lang.reflect.Constructor.newInstance(Constructor.java:490)
	at ptolemy.util.test.junit.AutoKnownFailedTests.RunModel(AutoKnownFailedTests.java:105)
	at java.base/jdk.internal.reflect.NativeMethodAccessorImpl.invoke0(Native Method)
	at java.base/jdk.internal.reflect.NativeMethodAccessorImpl.invoke(NativeMethodAccessorImpl.java:62)
	at java.base/jdk.internal.reflect.DelegatingMethodAccessorImpl.invoke(DelegatingMethodAccessorImpl.java:43)
	at java.base/java.lang.reflect.Method.invoke(Method.java:566)
	at org.junit.runners.model.FrameworkMethod$1.runReflectiveCall(FrameworkMethod.java:44)
	at org.junit.internal.runners.model.ReflectiveCallable.run(ReflectiveCallable.java:15)
	at org.junit.runners.model.FrameworkMethod.invokeExplosively(FrameworkMethod.java:41)
	at junitparams.internal.InvokeParameterisedMethod.evaluate(InvokeParameterisedMethod.java:102)
	at org.junit.internal.runners.statements.FailOnTimeout$1.run(FailOnTimeout.java:28)
Caused by: ptolemy.kernel.util.IllegalActionException: Found a zero delay loop containing .HierarchicalModel.A
  in .HierarchicalModel and .HierarchicalModel.A
	at ptolemy.actor.util.CausalityInterfaceForComposites._computeOutputPortDepth(CausalityInterfaceForComposites.java:759)
	at ptolemy.actor.util.CausalityInterfaceForComposites._computeInputDepth(CausalityInterfaceForComposites.java:696)
	at ptolemy.actor.util.CausalityInterfaceForComposites._computeOutputPortDepth(CausalityInterfaceForComposites.java:765)
	at ptolemy.actor.util.CausalityInterfaceForComposites._computeInputDepth(CausalityInterfaceForComposites.java:696)
	at ptolemy.actor.util.CausalityInterfaceForComposites._computeOutputPortDepth(CausalityInterfaceForComposites.java:765)
	at ptolemy.actor.util.CausalityInterfaceForComposites._computeInputDepth(CausalityInterfaceForComposites.java:696)
	at ptolemy.actor.util.CausalityInterfaceForComposites._computeActorDepth(CausalityInterfaceForComposites.java:532)
	at ptolemy.actor.util.CausalityInterfaceForComposites.checkForCycles(CausalityInterfaceForComposites.java:96)
	at ptolemy.domains.de.kernel.DEDirector.preinitialize(DEDirector.java:1338)
	at ptolemy.actor.CompositeActor.preinitialize(CompositeActor.java:1828)
	at ptolemy.actor.Manager.preinitializeAndResolveTypes(Manager.java:1040)
	at ptolemy.actor.Manager.initialize(Manager.java:710)
	at ptolemy.actor.Manager.execute(Manager.java:356)
	at ptolemy.actor.Manager.run(Manager.java:1263)
	at ptolemy.actor.Manager$PtolemyRunThread.run(Manager.java:1933)
java.lang.RuntimeException: Execution failed
	at ptolemy.moml.MoMLSimpleApplication$UnloadThread.run(MoMLSimpleApplication.java:402)
Caused by: ptolemy.kernel.util.IllegalActionException: Found a zero delay loop containing .dependencyLoop.original
  in .dependencyLoop and .dependencyLoop.original
	at ptolemy.actor.util.CausalityInterfaceForComposites._computeOutputPortDepth(CausalityInterfaceForComposites.java:759)
	at ptolemy.actor.util.CausalityInterfaceForComposites._computeInputDepth(CausalityInterfaceForComposites.java:696)
	at ptolemy.actor.util.CausalityInterfaceForComposites._computeOutputPortDepth(CausalityInterfaceForComposites.java:765)
	at ptolemy.actor.util.CausalityInterfaceForComposites._computeInputDepth(CausalityInterfaceForComposites.java:696)
	at ptolemy.actor.util.CausalityInterfaceForComposites._computeOutputPortDepth(CausalityInterfaceForComposites.java:765)
	at ptolemy.actor.util.CausalityInterfaceForComposites._computeInputDepth(CausalityInterfaceForComposites.java:696)
	at ptolemy.actor.util.CausalityInterfaceForComposites._computeActorDepth(CausalityInterfaceForComposites.java:532)
	at ptolemy.actor.util.CausalityInterfaceForComposites.checkForCycles(CausalityInterfaceForComposites.java:96)
	at ptolemy.domains.de.kernel.DEDirector.preinitialize(DEDirector.java:1338)
	at ptolemy.actor.CompositeActor.preinitialize(CompositeActor.java:1828)
	at ptolemy.actor.Manager.preinitializeAndResolveTypes(Manager.java:1040)
	at ptolemy.actor.Manager.initialize(Manager.java:710)
	at ptolemy.actor.Manager.execute(Manager.java:356)
	at ptolemy.actor.Manager.run(Manager.java:1263)
	at ptolemy.actor.Manager$PtolemyRunThread.run(Manager.java:1933)
java.lang.reflect.InvocationTargetException
	at java.base/jdk.internal.reflect.NativeConstructorAccessorImpl.newInstance0(Native Method)
	at java.base/jdk.internal.reflect.NativeConstructorAccessorImpl.newInstance(NativeConstructorAccessorImpl.java:62)
	at java.base/jdk.internal.reflect.DelegatingConstructorAccessorImpl.newInstance(DelegatingConstructorAccessorImpl.java:45)
	at java.base/java.lang.reflect.Constructor.newInstance(Constructor.java:490)
	at ptolemy.util.test.junit.AutoKnownFailedTests.RunModel(AutoKnownFailedTests.java:105)
	at java.base/jdk.internal.reflect.NativeMethodAccessorImpl.invoke0(Native Method)
	at java.base/jdk.internal.reflect.NativeMethodAccessorImpl.invoke(NativeMethodAccessorImpl.java:62)
	at java.base/jdk.internal.reflect.DelegatingMethodAccessorImpl.invoke(DelegatingMethodAccessorImpl.java:43)
	at java.base/java.lang.reflect.Method.invoke(Method.java:566)
	at org.junit.runners.model.FrameworkMethod$1.runReflectiveCall(FrameworkMethod.java:44)
	at org.junit.internal.runners.model.ReflectiveCallable.run(ReflectiveCallable.java:15)
	at org.junit.runners.model.FrameworkMethod.invokeExplosively(FrameworkMethod.java:41)
	at junitparams.internal.InvokeParameterisedMethod.evaluate(InvokeParameterisedMethod.java:102)
	at org.junit.internal.runners.statements.FailOnTimeout$1.run(FailOnTimeout.java:28)
Caused by: ptolemy.kernel.util.IllegalActionException: Found a zero delay loop containing .dependencyLoop.original
  in .dependencyLoop and .dependencyLoop.original
	at ptolemy.actor.util.CausalityInterfaceForComposites._computeOutputPortDepth(CausalityInterfaceForComposites.java:759)
	at ptolemy.actor.util.CausalityInterfaceForComposites._computeInputDepth(CausalityInterfaceForComposites.java:696)
	at ptolemy.actor.util.CausalityInterfaceForComposites._computeOutputPortDepth(CausalityInterfaceForComposites.java:765)
	at ptolemy.actor.util.CausalityInterfaceForComposites._computeInputDepth(CausalityInterfaceForComposites.java:696)
	at ptolemy.actor.util.CausalityInterfaceForComposites._computeOutputPortDepth(CausalityInterfaceForComposites.java:765)
	at ptolemy.actor.util.CausalityInterfaceForComposites._computeInputDepth(CausalityInterfaceForComposites.java:696)
	at ptolemy.actor.util.CausalityInterfaceForComposites._computeActorDepth(CausalityInterfaceForComposites.java:532)
	at ptolemy.actor.util.CausalityInterfaceForComposites.checkForCycles(CausalityInterfaceForComposites.java:96)
	at ptolemy.domains.de.kernel.DEDirector.preinitialize(DEDirector.java:1338)
	at ptolemy.actor.CompositeActor.preinitialize(CompositeActor.java:1828)
	at ptolemy.actor.Manager.preinitializeAndResolveTypes(Manager.java:1040)
	at ptolemy.actor.Manager.initialize(Manager.java:710)
	at ptolemy.actor.Manager.execute(Manager.java:356)
	at ptolemy.actor.Manager.run(Manager.java:1263)
	at ptolemy.actor.Manager$PtolemyRunThread.run(Manager.java:1933)
java.lang.RuntimeException: Execution failed
	at ptolemy.moml.MoMLSimpleApplication$UnloadThread.run(MoMLSimpleApplication.java:402)
Caused by: ptolemy.kernel.util.IllegalActionException: Found a zero delay loop containing .dependencyLoop2.original
  in .dependencyLoop2 and .dependencyLoop2.original
	at ptolemy.actor.util.CausalityInterfaceForComposites._computeOutputPortDepth(CausalityInterfaceForComposites.java:759)
	at ptolemy.actor.util.CausalityInterfaceForComposites._computeInputDepth(CausalityInterfaceForComposites.java:696)
	at ptolemy.actor.util.CausalityInterfaceForComposites._computeOutputPortDepth(CausalityInterfaceForComposites.java:765)
	at ptolemy.actor.util.CausalityInterfaceForComposites._computeInputDepth(CausalityInterfaceForComposites.java:696)
	at ptolemy.actor.util.CausalityInterfaceForComposites._computeOutputPortDepth(CausalityInterfaceForComposites.java:765)
	at ptolemy.actor.util.CausalityInterfaceForComposites._computeInputDepth(CausalityInterfaceForComposites.java:696)
	at ptolemy.actor.util.CausalityInterfaceForComposites._computeActorDepth(CausalityInterfaceForComposites.java:532)
	at ptolemy.actor.util.CausalityInterfaceForComposites.checkForCycles(CausalityInterfaceForComposites.java:96)
	at ptolemy.domains.de.kernel.DEDirector.preinitialize(DEDirector.java:1338)
	at ptolemy.actor.CompositeActor.preinitialize(CompositeActor.java:1828)
	at ptolemy.actor.Manager.preinitializeAndResolveTypes(Manager.java:1040)
	at ptolemy.actor.Manager.initialize(Manager.java:710)
	at ptolemy.actor.Manager.execute(Manager.java:356)
	at ptolemy.actor.Manager.run(Manager.java:1263)
	at ptolemy.actor.Manager$PtolemyRunThread.run(Manager.java:1933)
java.lang.reflect.InvocationTargetException
	at java.base/jdk.internal.reflect.NativeConstructorAccessorImpl.newInstance0(Native Method)
	at java.base/jdk.internal.reflect.NativeConstructorAccessorImpl.newInstance(NativeConstructorAccessorImpl.java:62)
	at java.base/jdk.internal.reflect.DelegatingConstructorAccessorImpl.newInstance(DelegatingConstructorAccessorImpl.java:45)
	at java.base/java.lang.reflect.Constructor.newInstance(Constructor.java:490)
	at ptolemy.util.test.junit.AutoKnownFailedTests.RunModel(AutoKnownFailedTests.java:105)
	at java.base/jdk.internal.reflect.NativeMethodAccessorImpl.invoke0(Native Method)
	at java.base/jdk.internal.reflect.NativeMethodAccessorImpl.invoke(NativeMethodAccessorImpl.java:62)
	at java.base/jdk.internal.reflect.DelegatingMethodAccessorImpl.invoke(DelegatingMethodAccessorImpl.java:43)
	at java.base/java.lang.reflect.Method.invoke(Method.java:566)
	at org.junit.runners.model.FrameworkMethod$1.runReflectiveCall(FrameworkMethod.java:44)
	at org.junit.internal.runners.model.ReflectiveCallable.run(ReflectiveCallable.java:15)
	at org.junit.runners.model.FrameworkMethod.invokeExplosively(FrameworkMethod.java:41)
	at junitparams.internal.InvokeParameterisedMethod.evaluate(InvokeParameterisedMethod.java:102)
	at org.junit.internal.runners.statements.FailOnTimeout$1.run(FailOnTimeout.java:28)
Caused by: ptolemy.kernel.util.IllegalActionException: Found a zero delay loop containing .dependencyLoop2.original
  in .dependencyLoop2 and .dependencyLoop2.original
	at ptolemy.actor.util.CausalityInterfaceForComposites._computeOutputPortDepth(CausalityInterfaceForComposites.java:759)
	at ptolemy.actor.util.CausalityInterfaceForComposites._computeInputDepth(CausalityInterfaceForComposites.java:696)
	at ptolemy.actor.util.CausalityInterfaceForComposites._computeOutputPortDepth(CausalityInterfaceForComposites.java:765)
	at ptolemy.actor.util.CausalityInterfaceForComposites._computeInputDepth(CausalityInterfaceForComposites.java:696)
	at ptolemy.actor.util.CausalityInterfaceForComposites._computeOutputPortDepth(CausalityInterfaceForComposites.java:765)
	at ptolemy.actor.util.CausalityInterfaceForComposites._computeInputDepth(CausalityInterfaceForComposites.java:696)
	at ptolemy.actor.util.CausalityInterfaceForComposites._computeActorDepth(CausalityInterfaceForComposites.java:532)
	at ptolemy.actor.util.CausalityInterfaceForComposites.checkForCycles(CausalityInterfaceForComposites.java:96)
	at ptolemy.domains.de.kernel.DEDirector.preinitialize(DEDirector.java:1338)
	at ptolemy.actor.CompositeActor.preinitialize(CompositeActor.java:1828)
	at ptolemy.actor.Manager.preinitializeAndResolveTypes(Manager.java:1040)
	at ptolemy.actor.Manager.initialize(Manager.java:710)
	at ptolemy.actor.Manager.execute(Manager.java:356)
	at ptolemy.actor.Manager.run(Manager.java:1263)
	at ptolemy.actor.Manager$PtolemyRunThread.run(Manager.java:1933)
]]></system-err>
</testsuite>
