<?xml version="1.0" encoding="UTF-8" ?>
<testsuite errors="0" failures="0" hostname="travis-job-1e395893-ff5f-4018-93cc-ec4197463331" name="ptolemy.domains.hdf.kernel.test.junit.JUnitTclTest" skipped="0" tests="39" time="5.592" timestamp="2018-06-27T01:30:30">
  <properties>
[...]
</properties>
  <testcase classname="ptolemy.util.test.junit.TclTests" name="[0] /home/travis/build/icyphy/ptII/ptolemy/domains/hdf/kernel/test/RateErrorChecking.tcl (RunTclFile)" time="0.232" />
  <testcase classname="ptolemy.util.test.junit.AutoKnownFailedTests" name="[0] /home/travis/build/icyphy/ptII/ptolemy/domains/hdf/kernel/test/auto/knownFailedTests/badFSMRateChanges.xml (RunModel)" time="0.428" />
  <testcase classname="ptolemy.util.test.junit.AutoNameArchTests" name="[0] ThereAreNoAutoArchTests (RunModel)" time="0.001" />
  <testcase classname="ptolemy.util.test.junit.AutoTests" name="[0] /home/travis/build/icyphy/ptII/ptolemy/domains/hdf/kernel/test/auto/ConstVariableRateTest.xml (RunModel)" time="0.184" />
  <testcase classname="ptolemy.util.test.junit.AutoTests" name="[1] /home/travis/build/icyphy/ptII/ptolemy/domains/hdf/kernel/test/auto/DifferentRefinedRates.xml (RunModel)" time="0.147" />
  <testcase classname="ptolemy.util.test.junit.AutoTests" name="[2] /home/travis/build/icyphy/ptII/ptolemy/domains/hdf/kernel/test/auto/DifferentRefinedRates2.xml (RunModel)" time="0.185" />
  <testcase classname="ptolemy.util.test.junit.AutoTests" name="[3] /home/travis/build/icyphy/ptII/ptolemy/domains/hdf/kernel/test/auto/DifferentRefinedRates3.xml (RunModel)" time="0.089" />
  <testcase classname="ptolemy.util.test.junit.AutoTests" name="[4] /home/travis/build/icyphy/ptII/ptolemy/domains/hdf/kernel/test/auto/DifferentRefinedRates4.xml (RunModel)" time="0.152" />
  <testcase classname="ptolemy.util.test.junit.AutoTests" name="[5] /home/travis/build/icyphy/ptII/ptolemy/domains/hdf/kernel/test/auto/DifferentRefinedRates5.xml (RunModel)" time="0.108" />
  <testcase classname="ptolemy.util.test.junit.AutoTests" name="[6] /home/travis/build/icyphy/ptII/ptolemy/domains/hdf/kernel/test/auto/DifferentRefinedRates6.xml (RunModel)" time="0.099" />
  <testcase classname="ptolemy.util.test.junit.AutoTests" name="[7] /home/travis/build/icyphy/ptII/ptolemy/domains/hdf/kernel/test/auto/DownSample_PowerOfTwo.xml (RunModel)" time="0.19" />
  <testcase classname="ptolemy.util.test.junit.AutoTests" name="[8] /home/travis/build/icyphy/ptII/ptolemy/domains/hdf/kernel/test/auto/FibonacciWithNullInitial.xml (RunModel)" time="0.218" />
  <testcase classname="ptolemy.util.test.junit.AutoTests" name="[9] /home/travis/build/icyphy/ptII/ptolemy/domains/hdf/kernel/test/auto/FibonacciWithNullInitial1.xml (RunModel)" time="0.202" />
  <testcase classname="ptolemy.util.test.junit.AutoTests" name="[10] /home/travis/build/icyphy/ptII/ptolemy/domains/hdf/kernel/test/auto/FibonacciWithTransientStates.xml (RunModel)" time="0.158" />
  <testcase classname="ptolemy.util.test.junit.AutoTests" name="[11] /home/travis/build/icyphy/ptII/ptolemy/domains/hdf/kernel/test/auto/FibonacciWithTransientStates2.xml (RunModel)" time="0.111" />
  <testcase classname="ptolemy.util.test.junit.AutoTests" name="[12] /home/travis/build/icyphy/ptII/ptolemy/domains/hdf/kernel/test/auto/FibonacciWithoutHistoryInitial.xml (RunModel)" time="0.174" />
  <testcase classname="ptolemy.util.test.junit.AutoTests" name="[13] /home/travis/build/icyphy/ptII/ptolemy/domains/hdf/kernel/test/auto/GuardUsingPastTokens.xml (RunModel)" time="0.079" />
  <testcase classname="ptolemy.util.test.junit.AutoTests" name="[14] /home/travis/build/icyphy/ptII/ptolemy/domains/hdf/kernel/test/auto/GuardWithResets.xml (RunModel)" time="0.097" />
  <testcase classname="ptolemy.util.test.junit.AutoTests" name="[15] /home/travis/build/icyphy/ptII/ptolemy/domains/hdf/kernel/test/auto/Hierarchy_2Level_Test1.xml (RunModel)" time="0.08" />
  <testcase classname="ptolemy.util.test.junit.AutoTests" name="[16] /home/travis/build/icyphy/ptII/ptolemy/domains/hdf/kernel/test/auto/Hierarchy_2Level_Test2.xml (RunModel)" time="0.08" />
  <testcase classname="ptolemy.util.test.junit.AutoTests" name="[17] /home/travis/build/icyphy/ptII/ptolemy/domains/hdf/kernel/test/auto/Hysteresis.xml (RunModel)" time="0.064" />
  <testcase classname="ptolemy.util.test.junit.AutoTests" name="[18] /home/travis/build/icyphy/ptII/ptolemy/domains/hdf/kernel/test/auto/InitTransient.xml (RunModel)" time="0.086" />
  <testcase classname="ptolemy.util.test.junit.AutoTests" name="[19] /home/travis/build/icyphy/ptII/ptolemy/domains/hdf/kernel/test/auto/Merge.xml (RunModel)" time="0.072" />
  <testcase classname="ptolemy.util.test.junit.AutoTests" name="[20] /home/travis/build/icyphy/ptII/ptolemy/domains/hdf/kernel/test/auto/ModalModelBooleanSwitch.xml (RunModel)" time="0.099" />
  <testcase classname="ptolemy.util.test.junit.AutoTests" name="[21] /home/travis/build/icyphy/ptII/ptolemy/domains/hdf/kernel/test/auto/SameRates.xml (RunModel)" time="0.067" />
  <testcase classname="ptolemy.util.test.junit.AutoTests" name="[22] /home/travis/build/icyphy/ptII/ptolemy/domains/hdf/kernel/test/auto/SameRefinedRates.xml (RunModel)" time="0.074" />
  <testcase classname="ptolemy.util.test.junit.AutoTests" name="[23] /home/travis/build/icyphy/ptII/ptolemy/domains/hdf/kernel/test/auto/SameRefinedRates2.xml (RunModel)" time="0.063" />
  <testcase classname="ptolemy.util.test.junit.AutoTests" name="[24] /home/travis/build/icyphy/ptII/ptolemy/domains/hdf/kernel/test/auto/TransientStates.xml (RunModel)" time="0.08" />
  <testcase classname="ptolemy.util.test.junit.AutoTests" name="[25] /home/travis/build/icyphy/ptII/ptolemy/domains/hdf/kernel/test/auto/TwoHammingCodec.xml (RunModel)" time="0.109" />
  <testcase classname="ptolemy.util.test.junit.AutoTests" name="[26] /home/travis/build/icyphy/ptII/ptolemy/domains/hdf/kernel/test/auto/TwoHammingCodec1.xml (RunModel)" time="0.098" />
  <testcase classname="ptolemy.util.test.junit.AutoTests" name="[27] /home/travis/build/icyphy/ptII/ptolemy/domains/hdf/kernel/test/auto/TwoLevelHierarchy.xml (RunModel)" time="0.189" />
  <testcase classname="ptolemy.util.test.junit.AutoTests" name="[28] /home/travis/build/icyphy/ptII/ptolemy/domains/hdf/kernel/test/auto/TwoLevelHierarchy1.xml (RunModel)" time="0.201" />
  <testcase classname="ptolemy.util.test.junit.AutoTests" name="[29] /home/travis/build/icyphy/ptII/ptolemy/domains/hdf/kernel/test/auto/TwoLevelHierarchy2.xml (RunModel)" time="0.133" />
  <testcase classname="ptolemy.util.test.junit.AutoTests" name="[30] /home/travis/build/icyphy/ptII/ptolemy/domains/hdf/kernel/test/auto/TwoLevelHierarchyNullStates.xml (RunModel)" time="0.159" />
  <testcase classname="ptolemy.util.test.junit.AutoTests" name="[31] /home/travis/build/icyphy/ptII/ptolemy/domains/hdf/kernel/test/auto/TwoLevelHierarchyWithResets.xml (RunModel)" time="0.196" />
  <testcase classname="ptolemy.util.test.junit.AutoTests" name="[32] /home/travis/build/icyphy/ptII/ptolemy/domains/hdf/kernel/test/auto/TwoLevelHierarchyWithResetsNullStates.xml (RunModel)" time="0.182" />
  <testcase classname="ptolemy.util.test.junit.AutoTests" name="[33] /home/travis/build/icyphy/ptII/ptolemy/domains/hdf/kernel/test/auto/WaterTank_HDF.xml (RunModel)" time="0.112" />
  <testcase classname="ptolemy.util.test.junit.AutoTests" name="[34] /home/travis/build/icyphy/ptII/ptolemy/domains/hdf/kernel/test/auto/WaterTank_HDF2.xml (RunModel)" time="0.136" />
  <testcase classname="ptolemy.util.test.junit.AutoTests" name="[35] /home/travis/build/icyphy/ptII/ptolemy/domains/hdf/kernel/test/auto/badFSMRateChanges.xml (RunModel)" time="0.049" />
  <system-out><![CDATA[/home/travis/build/icyphy/ptII/ptolemy/domains/hdf/kernel/test/RateErrorChecking.tcl
testDefs.tcl: setting time out to 9000 seconds at Wed Jun 27 01:30:30 UTC 2018


==== $PTII/ptolemy/domains/hdf/kernel/test/RateErrorChecking.tcl: RateErrorChecking-1.0 
==== Contents of test case:

    catch {createAndExecute "badFSMRateChanges.xml"} foo
    list $foo

==== Result was:
{java.io.FileNotFoundException: /home/travis/build/icyphy/ptII/ptolemy/domains/hdf/kernel/test/badFSMRateChanges.xml (No such file or directory)}
---- KNOWN Failure, Result should have been:
{ptolemy.kernel.util.IllegalActionException: Failed to compute schedule:
  in .badFSMRateChanges.SDF Director
Because:
The SDF rate parameter may change. This is not allowed in SDF models that will be run through the code generator.  If you don't care about code generation, then you might consider setting the allowRateChanges parameter of the SDF director to false.
    in .badFSMRateChanges.typed composite actor.output.tokenProductionRate}
---- RateErrorChecking-1.0 Failed, but this is a KNOWN failure
06/27/18 01:30:30
Failed: 0  Total Tests: 1  ((Passed: 0, Newly Passed: 0)  Known Failed: 1) /home/travis/build/icyphy/ptII/ptolemy/domains/hdf/kernel/test
----------------- testing (KnownFailure) /home/travis/build/icyphy/ptII/ptolemy/domains/hdf/kernel/test/auto/knownFailedTests/badFSMRateChanges.xml
112 ms. Memory: 116224K Free: 94094K (81%)
No auto/linux-amd64/*.xml tests in /home/travis/build/icyphy/ptII/ptolemy/domains/hdf/kernel/test
AutoTests.java: About to close Vertx.
AutoTests.java: Vertx closed.

===========================================================================================
----------------- testing Wed Jun 27 01:30:31 UTC 2018 /home/travis/build/icyphy/ptII/ptolemy/domains/hdf/kernel/test/auto/ConstVariableRateTest.xml
----------------- Instantiating /home/travis/build/icyphy/ptII/ptolemy/domains/hdf/kernel/test/auto/ConstVariableRateTest.xml
31 ms. Memory: 146944K Free: 111858K (76%)
----------------- Invoking toplevel() on ptolemy.moml.MoMLSimpleApplication@21b5f906
----------------- Done invoking toplevel() on ptolemy.moml.MoMLSimpleApplication@21b5f906
reloadAllAccessors: .ConstVariableRateTest

===========================================================================================
----------------- testing Wed Jun 27 01:30:31 UTC 2018 /home/travis/build/icyphy/ptII/ptolemy/domains/hdf/kernel/test/auto/DifferentRefinedRates.xml
----------------- Instantiating /home/travis/build/icyphy/ptII/ptolemy/domains/hdf/kernel/test/auto/DifferentRefinedRates.xml
71 ms. Memory: 146944K Free: 96510K (66%)
----------------- Invoking toplevel() on ptolemy.moml.MoMLSimpleApplication@4ac55e7d
----------------- Done invoking toplevel() on ptolemy.moml.MoMLSimpleApplication@4ac55e7d
reloadAllAccessors: .DifferentRefinedRates

===========================================================================================
----------------- testing Wed Jun 27 01:30:32 UTC 2018 /home/travis/build/icyphy/ptII/ptolemy/domains/hdf/kernel/test/auto/DifferentRefinedRates2.xml
----------------- Instantiating /home/travis/build/icyphy/ptII/ptolemy/domains/hdf/kernel/test/auto/DifferentRefinedRates2.xml
76 ms. Memory: 146944K Free: 139906K (95%)
----------------- Invoking toplevel() on ptolemy.moml.MoMLSimpleApplication@100c6b6c
----------------- Done invoking toplevel() on ptolemy.moml.MoMLSimpleApplication@100c6b6c
reloadAllAccessors: .DifferentRefinedRates2

===========================================================================================
----------------- testing Wed Jun 27 01:30:32 UTC 2018 /home/travis/build/icyphy/ptII/ptolemy/domains/hdf/kernel/test/auto/DifferentRefinedRates3.xml
----------------- Instantiating /home/travis/build/icyphy/ptII/ptolemy/domains/hdf/kernel/test/auto/DifferentRefinedRates3.xml
41 ms. Memory: 146944K Free: 126526K (86%)
----------------- Invoking toplevel() on ptolemy.moml.MoMLSimpleApplication@84a9c12
----------------- Done invoking toplevel() on ptolemy.moml.MoMLSimpleApplication@84a9c12
reloadAllAccessors: .DifferentRefinedRates3

===========================================================================================
----------------- testing Wed Jun 27 01:30:32 UTC 2018 /home/travis/build/icyphy/ptII/ptolemy/domains/hdf/kernel/test/auto/DifferentRefinedRates4.xml
----------------- Instantiating /home/travis/build/icyphy/ptII/ptolemy/domains/hdf/kernel/test/auto/DifferentRefinedRates4.xml
44 ms. Memory: 146944K Free: 108763K (74%)
----------------- Invoking toplevel() on ptolemy.moml.MoMLSimpleApplication@12405af3
----------------- Done invoking toplevel() on ptolemy.moml.MoMLSimpleApplication@12405af3
reloadAllAccessors: .NewHDFtest1

===========================================================================================
----------------- testing Wed Jun 27 01:30:32 UTC 2018 /home/travis/build/icyphy/ptII/ptolemy/domains/hdf/kernel/test/auto/DifferentRefinedRates5.xml
----------------- Instantiating /home/travis/build/icyphy/ptII/ptolemy/domains/hdf/kernel/test/auto/DifferentRefinedRates5.xml
34 ms. Memory: 146944K Free: 91490K (62%)
----------------- Invoking toplevel() on ptolemy.moml.MoMLSimpleApplication@24a42779
----------------- Done invoking toplevel() on ptolemy.moml.MoMLSimpleApplication@24a42779
reloadAllAccessors: .NewHDFtest2

===========================================================================================
----------------- testing Wed Jun 27 01:30:32 UTC 2018 /home/travis/build/icyphy/ptII/ptolemy/domains/hdf/kernel/test/auto/DifferentRefinedRates6.xml
----------------- Instantiating /home/travis/build/icyphy/ptII/ptolemy/domains/hdf/kernel/test/auto/DifferentRefinedRates6.xml
56 ms. Memory: 208384K Free: 199573K (96%)
----------------- Invoking toplevel() on ptolemy.moml.MoMLSimpleApplication@3f791270
----------------- Done invoking toplevel() on ptolemy.moml.MoMLSimpleApplication@3f791270
reloadAllAccessors: .DifferentRefinedRates6

===========================================================================================
----------------- testing Wed Jun 27 01:30:32 UTC 2018 /home/travis/build/icyphy/ptII/ptolemy/domains/hdf/kernel/test/auto/DownSample_PowerOfTwo.xml
----------------- Instantiating /home/travis/build/icyphy/ptII/ptolemy/domains/hdf/kernel/test/auto/DownSample_PowerOfTwo.xml
151 ms. Memory: 208384K Free: 170976K (82%)
----------------- Invoking toplevel() on ptolemy.moml.MoMLSimpleApplication@12279797
----------------- Done invoking toplevel() on ptolemy.moml.MoMLSimpleApplication@12279797
reloadAllAccessors: .SDFDownSample

===========================================================================================
----------------- testing Wed Jun 27 01:30:32 UTC 2018 /home/travis/build/icyphy/ptII/ptolemy/domains/hdf/kernel/test/auto/FibonacciWithNullInitial.xml
----------------- Instantiating /home/travis/build/icyphy/ptII/ptolemy/domains/hdf/kernel/test/auto/FibonacciWithNullInitial.xml
173 ms. Memory: 208384K Free: 145137K (70%)
----------------- Invoking toplevel() on ptolemy.moml.MoMLSimpleApplication@3cf505c2
----------------- Done invoking toplevel() on ptolemy.moml.MoMLSimpleApplication@3cf505c2
reloadAllAccessors: .FibonacciWithNullInitial

===========================================================================================
----------------- testing Wed Jun 27 01:30:33 UTC 2018 /home/travis/build/icyphy/ptII/ptolemy/domains/hdf/kernel/test/auto/FibonacciWithNullInitial1.xml
----------------- Instantiating /home/travis/build/icyphy/ptII/ptolemy/domains/hdf/kernel/test/auto/FibonacciWithNullInitial1.xml
157 ms. Memory: 208384K Free: 119171K (57%)
----------------- Invoking toplevel() on ptolemy.moml.MoMLSimpleApplication@6be3cc40
----------------- Done invoking toplevel() on ptolemy.moml.MoMLSimpleApplication@6be3cc40
reloadAllAccessors: .FibonacciWithNullInitial1

===========================================================================================
----------------- testing Wed Jun 27 01:30:33 UTC 2018 /home/travis/build/icyphy/ptII/ptolemy/domains/hdf/kernel/test/auto/FibonacciWithTransientStates.xml
----------------- Instantiating /home/travis/build/icyphy/ptII/ptolemy/domains/hdf/kernel/test/auto/FibonacciWithTransientStates.xml
113 ms. Memory: 208384K Free: 88072K (42%)
----------------- Invoking toplevel() on ptolemy.moml.MoMLSimpleApplication@1ccb9bbc
----------------- Done invoking toplevel() on ptolemy.moml.MoMLSimpleApplication@1ccb9bbc
reloadAllAccessors: .FibonacciWithTransientStates

===========================================================================================
----------------- testing Wed Jun 27 01:30:33 UTC 2018 /home/travis/build/icyphy/ptII/ptolemy/domains/hdf/kernel/test/auto/FibonacciWithTransientStates2.xml
----------------- Instantiating /home/travis/build/icyphy/ptII/ptolemy/domains/hdf/kernel/test/auto/FibonacciWithTransientStates2.xml
44 ms. Memory: 208384K Free: 187038K (90%)
----------------- Invoking toplevel() on ptolemy.moml.MoMLSimpleApplication@44b9c2f9
----------------- Done invoking toplevel() on ptolemy.moml.MoMLSimpleApplication@44b9c2f9
reloadAllAccessors: .FibonacciWithTransientStates2

===========================================================================================
----------------- testing Wed Jun 27 01:30:33 UTC 2018 /home/travis/build/icyphy/ptII/ptolemy/domains/hdf/kernel/test/auto/FibonacciWithoutHistoryInitial.xml
----------------- Instantiating /home/travis/build/icyphy/ptII/ptolemy/domains/hdf/kernel/test/auto/FibonacciWithoutHistoryInitial.xml
127 ms. Memory: 208384K Free: 163063K (78%)
----------------- Invoking toplevel() on ptolemy.moml.MoMLSimpleApplication@5bcf64a3
----------------- Done invoking toplevel() on ptolemy.moml.MoMLSimpleApplication@5bcf64a3
reloadAllAccessors: .FibonacciWithoutHistoryInitial

===========================================================================================
----------------- testing Wed Jun 27 01:30:33 UTC 2018 /home/travis/build/icyphy/ptII/ptolemy/domains/hdf/kernel/test/auto/GuardUsingPastTokens.xml
----------------- Instantiating /home/travis/build/icyphy/ptII/ptolemy/domains/hdf/kernel/test/auto/GuardUsingPastTokens.xml
30 ms. Memory: 208384K Free: 146272K (70%)
----------------- Invoking toplevel() on ptolemy.moml.MoMLSimpleApplication@5f36aa5b
----------------- Done invoking toplevel() on ptolemy.moml.MoMLSimpleApplication@5f36aa5b
reloadAllAccessors: .GuardUsingPastTokens

===========================================================================================
----------------- testing Wed Jun 27 01:30:33 UTC 2018 /home/travis/build/icyphy/ptII/ptolemy/domains/hdf/kernel/test/auto/GuardWithResets.xml
----------------- Instantiating /home/travis/build/icyphy/ptII/ptolemy/domains/hdf/kernel/test/auto/GuardWithResets.xml
40 ms. Memory: 208384K Free: 125902K (60%)
----------------- Invoking toplevel() on ptolemy.moml.MoMLSimpleApplication@27dba4d9
----------------- Done invoking toplevel() on ptolemy.moml.MoMLSimpleApplication@27dba4d9
reloadAllAccessors: .GuardWithResets

===========================================================================================
----------------- testing Wed Jun 27 01:30:33 UTC 2018 /home/travis/build/icyphy/ptII/ptolemy/domains/hdf/kernel/test/auto/Hierarchy_2Level_Test1.xml
----------------- Instantiating /home/travis/build/icyphy/ptII/ptolemy/domains/hdf/kernel/test/auto/Hierarchy_2Level_Test1.xml
25 ms. Memory: 208384K Free: 106095K (51%)
----------------- Invoking toplevel() on ptolemy.moml.MoMLSimpleApplication@5b4fd272
----------------- Done invoking toplevel() on ptolemy.moml.MoMLSimpleApplication@5b4fd272
reloadAllAccessors: .Hierarchy_2Level_Test1

===========================================================================================
----------------- testing Wed Jun 27 01:30:33 UTC 2018 /home/travis/build/icyphy/ptII/ptolemy/domains/hdf/kernel/test/auto/Hierarchy_2Level_Test2.xml
----------------- Instantiating /home/travis/build/icyphy/ptII/ptolemy/domains/hdf/kernel/test/auto/Hierarchy_2Level_Test2.xml
27 ms. Memory: 208384K Free: 85743K (41%)
----------------- Invoking toplevel() on ptolemy.moml.MoMLSimpleApplication@614f3444
----------------- Done invoking toplevel() on ptolemy.moml.MoMLSimpleApplication@614f3444
reloadAllAccessors: .Hierarchy_4Level_Test2

===========================================================================================
----------------- testing Wed Jun 27 01:30:34 UTC 2018 /home/travis/build/icyphy/ptII/ptolemy/domains/hdf/kernel/test/auto/Hysteresis.xml
----------------- Instantiating /home/travis/build/icyphy/ptII/ptolemy/domains/hdf/kernel/test/auto/Hysteresis.xml
20 ms. Memory: 331776K Free: 318823K (96%)
----------------- Invoking toplevel() on ptolemy.moml.MoMLSimpleApplication@d6742d2
----------------- Done invoking toplevel() on ptolemy.moml.MoMLSimpleApplication@d6742d2
reloadAllAccessors: .Hysteresis

===========================================================================================
----------------- testing Wed Jun 27 01:30:34 UTC 2018 /home/travis/build/icyphy/ptII/ptolemy/domains/hdf/kernel/test/auto/InitTransient.xml
----------------- Instantiating /home/travis/build/icyphy/ptII/ptolemy/domains/hdf/kernel/test/auto/InitTransient.xml
25 ms. Memory: 331776K Free: 295959K (89%)
----------------- Invoking toplevel() on ptolemy.moml.MoMLSimpleApplication@28345330
----------------- Done invoking toplevel() on ptolemy.moml.MoMLSimpleApplication@28345330
reloadAllAccessors: .InitTransient

===========================================================================================
----------------- testing Wed Jun 27 01:30:34 UTC 2018 /home/travis/build/icyphy/ptII/ptolemy/domains/hdf/kernel/test/auto/Merge.xml
----------------- Instantiating /home/travis/build/icyphy/ptII/ptolemy/domains/hdf/kernel/test/auto/Merge.xml
27 ms. Memory: 331776K Free: 276297K (83%)
----------------- Invoking toplevel() on ptolemy.moml.MoMLSimpleApplication@6b7847b8
----------------- Done invoking toplevel() on ptolemy.moml.MoMLSimpleApplication@6b7847b8
reloadAllAccessors: .Merge

===========================================================================================
----------------- testing Wed Jun 27 01:30:34 UTC 2018 /home/travis/build/icyphy/ptII/ptolemy/domains/hdf/kernel/test/auto/ModalModelBooleanSwitch.xml
----------------- Instantiating /home/travis/build/icyphy/ptII/ptolemy/domains/hdf/kernel/test/auto/ModalModelBooleanSwitch.xml
36 ms. Memory: 331776K Free: 254113K (77%)
----------------- Invoking toplevel() on ptolemy.moml.MoMLSimpleApplication@69f5b925
----------------- Done invoking toplevel() on ptolemy.moml.MoMLSimpleApplication@69f5b925
reloadAllAccessors: .BooleanSwitchWithModel

===========================================================================================
----------------- testing Wed Jun 27 01:30:34 UTC 2018 /home/travis/build/icyphy/ptII/ptolemy/domains/hdf/kernel/test/auto/SameRates.xml
----------------- Instantiating /home/travis/build/icyphy/ptII/ptolemy/domains/hdf/kernel/test/auto/SameRates.xml
28 ms. Memory: 331776K Free: 238606K (72%)
----------------- Invoking toplevel() on ptolemy.moml.MoMLSimpleApplication@2266c816
----------------- Done invoking toplevel() on ptolemy.moml.MoMLSimpleApplication@2266c816
reloadAllAccessors: .SameRates

===========================================================================================
----------------- testing Wed Jun 27 01:30:34 UTC 2018 /home/travis/build/icyphy/ptII/ptolemy/domains/hdf/kernel/test/auto/SameRefinedRates.xml
----------------- Instantiating /home/travis/build/icyphy/ptII/ptolemy/domains/hdf/kernel/test/auto/SameRefinedRates.xml
31 ms. Memory: 331776K Free: 222632K (67%)
----------------- Invoking toplevel() on ptolemy.moml.MoMLSimpleApplication@32c38b63
----------------- Done invoking toplevel() on ptolemy.moml.MoMLSimpleApplication@32c38b63
reloadAllAccessors: .SameRefinedRates

===========================================================================================
----------------- testing Wed Jun 27 01:30:34 UTC 2018 /home/travis/build/icyphy/ptII/ptolemy/domains/hdf/kernel/test/auto/SameRefinedRates2.xml
----------------- Instantiating /home/travis/build/icyphy/ptII/ptolemy/domains/hdf/kernel/test/auto/SameRefinedRates2.xml
19 ms. Memory: 331776K Free: 206657K (62%)
----------------- Invoking toplevel() on ptolemy.moml.MoMLSimpleApplication@6de68490
----------------- Done invoking toplevel() on ptolemy.moml.MoMLSimpleApplication@6de68490
reloadAllAccessors: .SameRefinedRates2

===========================================================================================
----------------- testing Wed Jun 27 01:30:34 UTC 2018 /home/travis/build/icyphy/ptII/ptolemy/domains/hdf/kernel/test/auto/TransientStates.xml
----------------- Instantiating /home/travis/build/icyphy/ptII/ptolemy/domains/hdf/kernel/test/auto/TransientStates.xml
29 ms. Memory: 331776K Free: 183809K (55%)
----------------- Invoking toplevel() on ptolemy.moml.MoMLSimpleApplication@7c865888
----------------- Done invoking toplevel() on ptolemy.moml.MoMLSimpleApplication@7c865888
reloadAllAccessors: .TransientStates

===========================================================================================
----------------- testing Wed Jun 27 01:30:34 UTC 2018 /home/travis/build/icyphy/ptII/ptolemy/domains/hdf/kernel/test/auto/TwoHammingCodec.xml
----------------- Instantiating /home/travis/build/icyphy/ptII/ptolemy/domains/hdf/kernel/test/auto/TwoHammingCodec.xml
44 ms. Memory: 331776K Free: 160461K (48%)
----------------- Invoking toplevel() on ptolemy.moml.MoMLSimpleApplication@5472fc30
----------------- Done invoking toplevel() on ptolemy.moml.MoMLSimpleApplication@5472fc30
reloadAllAccessors: .TwoHammingCodec

===========================================================================================
----------------- testing Wed Jun 27 01:30:34 UTC 2018 /home/travis/build/icyphy/ptII/ptolemy/domains/hdf/kernel/test/auto/TwoHammingCodec1.xml
----------------- Instantiating /home/travis/build/icyphy/ptII/ptolemy/domains/hdf/kernel/test/auto/TwoHammingCodec1.xml
47 ms. Memory: 331776K Free: 133412K (40%)
----------------- Invoking toplevel() on ptolemy.moml.MoMLSimpleApplication@5c1c5704
----------------- Done invoking toplevel() on ptolemy.moml.MoMLSimpleApplication@5c1c5704
reloadAllAccessors: .twoHammingCodec1

===========================================================================================
----------------- testing Wed Jun 27 01:30:34 UTC 2018 /home/travis/build/icyphy/ptII/ptolemy/domains/hdf/kernel/test/auto/TwoLevelHierarchy.xml
----------------- Instantiating /home/travis/build/icyphy/ptII/ptolemy/domains/hdf/kernel/test/auto/TwoLevelHierarchy.xml
70 ms. Memory: 331776K Free: 84742K (26%)
----------------- Invoking toplevel() on ptolemy.moml.MoMLSimpleApplication@427d4f4a
----------------- Done invoking toplevel() on ptolemy.moml.MoMLSimpleApplication@427d4f4a
reloadAllAccessors: .TwoLevelHierarchy

===========================================================================================
----------------- testing Wed Jun 27 01:30:35 UTC 2018 /home/travis/build/icyphy/ptII/ptolemy/domains/hdf/kernel/test/auto/TwoLevelHierarchy1.xml
----------------- Instantiating /home/travis/build/icyphy/ptII/ptolemy/domains/hdf/kernel/test/auto/TwoLevelHierarchy1.xml
62 ms. Memory: 331776K Free: 281129K (85%)
----------------- Invoking toplevel() on ptolemy.moml.MoMLSimpleApplication@2a9c9ec6
----------------- Done invoking toplevel() on ptolemy.moml.MoMLSimpleApplication@2a9c9ec6
reloadAllAccessors: .TwoLevelHierarchy1

===========================================================================================
----------------- testing Wed Jun 27 01:30:35 UTC 2018 /home/travis/build/icyphy/ptII/ptolemy/domains/hdf/kernel/test/auto/TwoLevelHierarchy2.xml
----------------- Instantiating /home/travis/build/icyphy/ptII/ptolemy/domains/hdf/kernel/test/auto/TwoLevelHierarchy2.xml
44 ms. Memory: 331776K Free: 239677K (72%)
----------------- Invoking toplevel() on ptolemy.moml.MoMLSimpleApplication@19631bf6
----------------- Done invoking toplevel() on ptolemy.moml.MoMLSimpleApplication@19631bf6
reloadAllAccessors: .TwoLevelHierarchy2

===========================================================================================
----------------- testing Wed Jun 27 01:30:35 UTC 2018 /home/travis/build/icyphy/ptII/ptolemy/domains/hdf/kernel/test/auto/TwoLevelHierarchyNullStates.xml
----------------- Instantiating /home/travis/build/icyphy/ptII/ptolemy/domains/hdf/kernel/test/auto/TwoLevelHierarchyNullStates.xml
49 ms. Memory: 331776K Free: 182328K (55%)
----------------- Invoking toplevel() on ptolemy.moml.MoMLSimpleApplication@75b1ea4
----------------- Done invoking toplevel() on ptolemy.moml.MoMLSimpleApplication@75b1ea4
reloadAllAccessors: .TwoLevelHierarchyNullStates

===========================================================================================
----------------- testing Wed Jun 27 01:30:35 UTC 2018 /home/travis/build/icyphy/ptII/ptolemy/domains/hdf/kernel/test/auto/TwoLevelHierarchyWithResets.xml
----------------- Instantiating /home/travis/build/icyphy/ptII/ptolemy/domains/hdf/kernel/test/auto/TwoLevelHierarchyWithResets.xml
84 ms. Memory: 331776K Free: 129407K (39%)
----------------- Invoking toplevel() on ptolemy.moml.MoMLSimpleApplication@787bf714
----------------- Done invoking toplevel() on ptolemy.moml.MoMLSimpleApplication@787bf714
reloadAllAccessors: .TwoLevelHierarchy1

===========================================================================================
----------------- testing Wed Jun 27 01:30:35 UTC 2018 /home/travis/build/icyphy/ptII/ptolemy/domains/hdf/kernel/test/auto/TwoLevelHierarchyWithResetsNullStates.xml
----------------- Instantiating /home/travis/build/icyphy/ptII/ptolemy/domains/hdf/kernel/test/auto/TwoLevelHierarchyWithResetsNullStates.xml
78 ms. Memory: 578048K Free: 553691K (96%)
----------------- Invoking toplevel() on ptolemy.moml.MoMLSimpleApplication@2ab9fffc
----------------- Done invoking toplevel() on ptolemy.moml.MoMLSimpleApplication@2ab9fffc
reloadAllAccessors: .TwoLevelHierarchyWithResetsNullStates

===========================================================================================
----------------- testing Wed Jun 27 01:30:35 UTC 2018 /home/travis/build/icyphy/ptII/ptolemy/domains/hdf/kernel/test/auto/WaterTank_HDF.xml
----------------- Instantiating /home/travis/build/icyphy/ptII/ptolemy/domains/hdf/kernel/test/auto/WaterTank_HDF.xml
57 ms. Memory: 578048K Free: 513689K (89%)
----------------- Invoking toplevel() on ptolemy.moml.MoMLSimpleApplication@1c5eeebf
----------------- Done invoking toplevel() on ptolemy.moml.MoMLSimpleApplication@1c5eeebf
reloadAllAccessors: .WaterTank_HDF

===========================================================================================
----------------- testing Wed Jun 27 01:30:36 UTC 2018 /home/travis/build/icyphy/ptII/ptolemy/domains/hdf/kernel/test/auto/WaterTank_HDF2.xml
----------------- Instantiating /home/travis/build/icyphy/ptII/ptolemy/domains/hdf/kernel/test/auto/WaterTank_HDF2.xml
57 ms. Memory: 578048K Free: 474367K (82%)
----------------- Invoking toplevel() on ptolemy.moml.MoMLSimpleApplication@22a999a0
----------------- Done invoking toplevel() on ptolemy.moml.MoMLSimpleApplication@22a999a0
reloadAllAccessors: .WaterTank_HDF2

===========================================================================================
----------------- testing Wed Jun 27 01:30:36 UTC 2018 /home/travis/build/icyphy/ptII/ptolemy/domains/hdf/kernel/test/auto/badFSMRateChanges.xml
----------------- Instantiating /home/travis/build/icyphy/ptII/ptolemy/domains/hdf/kernel/test/auto/badFSMRateChanges.xml
12 ms. Memory: 578048K Free: 456514K (79%)
----------------- Invoking toplevel() on ptolemy.moml.MoMLSimpleApplication@15d1ab52
----------------- Done invoking toplevel() on ptolemy.moml.MoMLSimpleApplication@15d1ab52
reloadAllAccessors: .badFSMRateChanges
AutoTests.java: About to close Vertx.
AutoTests.java: Vertx closed.
]]></system-out>
  <system-err><![CDATA[]]></system-err>
</testsuite>
