<?xml version="1.0" encoding="UTF-8" ?>
<testsuite errors="0" failures="0" hostname="travis-job-1fd60944-7a36-42d0-81c4-31e5986ac69b" name="ptolemy.domains.de.test.junit.JUnitTclTest" skipped="0" tests="101" time="132.176" timestamp="2019-12-12T06:25:07">
  <properties>
[...]
</properties>
  <testcase classname="ptolemy.util.test.junit.TclTests" name="[0] /home/travis/build/icyphy/ptII/ptolemy/domains/de/test/DependencyLoop.tcl (RunTclFile)" time="1.383" />
  <testcase classname="ptolemy.util.test.junit.TclTests" name="[1] /home/travis/build/icyphy/ptII/ptolemy/domains/de/test/RunDETestsAsQSS.tcl (RunTclFile)" time="88.966" />
  <testcase classname="ptolemy.util.test.junit.AutoKnownFailedTests" name="[0] /home/travis/build/icyphy/ptII/ptolemy/domains/de/test/auto/knownFailedTests/DESDFClockTest.xml (RunModel)" time="2.046" />
  <testcase classname="ptolemy.util.test.junit.AutoKnownFailedTests" name="[1] /home/travis/build/icyphy/ptII/ptolemy/domains/de/test/auto/knownFailedTests/DirectFeedback.xml (RunModel)" time="0.014" />
  <testcase classname="ptolemy.util.test.junit.AutoKnownFailedTests" name="[2] /home/travis/build/icyphy/ptII/ptolemy/domains/de/test/auto/knownFailedTests/FSMSource.xml (RunModel)" time="0.018" />
  <testcase classname="ptolemy.util.test.junit.AutoKnownFailedTests" name="[3] /home/travis/build/icyphy/ptII/ptolemy/domains/de/test/auto/knownFailedTests/HierarchicalModel.xml (RunModel)" time="0.047" />
  <testcase classname="ptolemy.util.test.junit.AutoKnownFailedTests" name="[4] /home/travis/build/icyphy/ptII/ptolemy/domains/de/test/auto/knownFailedTests/dependencyLoop.xml (RunModel)" time="0.042" />
  <testcase classname="ptolemy.util.test.junit.AutoKnownFailedTests" name="[5] /home/travis/build/icyphy/ptII/ptolemy/domains/de/test/auto/knownFailedTests/dependencyLoop2.xml (RunModel)" time="0.046" />
  <testcase classname="ptolemy.util.test.junit.AutoNameArchTests" name="[0] ThereAreNoAutoArchTests (RunModel)" time="0.001" />
  <testcase classname="ptolemy.util.test.junit.AutoTests" name="[0] /home/travis/build/icyphy/ptII/ptolemy/domains/de/test/auto/ActorDepthCalculation_actorWithoutPorts.xml (RunModel)" time="0.013" />
  <testcase classname="ptolemy.util.test.junit.AutoTests" name="[1] /home/travis/build/icyphy/ptII/ptolemy/domains/de/test/auto/AssemblyLine.xml (RunModel)" time="0.032" />
  <testcase classname="ptolemy.util.test.junit.AutoTests" name="[2] /home/travis/build/icyphy/ptII/ptolemy/domains/de/test/auto/CQBug1.xml (RunModel)" time="0.015" />
  <testcase classname="ptolemy.util.test.junit.AutoTests" name="[3] /home/travis/build/icyphy/ptII/ptolemy/domains/de/test/auto/CancelFireAt.xml (RunModel)" time="0.021" />
  <testcase classname="ptolemy.util.test.junit.AutoTests" name="[4] /home/travis/build/icyphy/ptII/ptolemy/domains/de/test/auto/CausalityAndComposabilityAnalysis.xml (RunModel)" time="0.025" />
  <testcase classname="ptolemy.util.test.junit.AutoTests" name="[5] /home/travis/build/icyphy/ptII/ptolemy/domains/de/test/auto/CausalityInterface1.xml (RunModel)" time="0.016" />
  <testcase classname="ptolemy.util.test.junit.AutoTests" name="[6] /home/travis/build/icyphy/ptII/ptolemy/domains/de/test/auto/CausalityInterface15.xml (RunModel)" time="0.016" />
  <testcase classname="ptolemy.util.test.junit.AutoTests" name="[7] /home/travis/build/icyphy/ptII/ptolemy/domains/de/test/auto/CausalityInterface2.xml (RunModel)" time="0.014" />
  <testcase classname="ptolemy.util.test.junit.AutoTests" name="[8] /home/travis/build/icyphy/ptII/ptolemy/domains/de/test/auto/CausalityInterface3.xml (RunModel)" time="0.012" />
  <testcase classname="ptolemy.util.test.junit.AutoTests" name="[9] /home/travis/build/icyphy/ptII/ptolemy/domains/de/test/auto/ClockDrift.xml (RunModel)" time="0.036" />
  <testcase classname="ptolemy.util.test.junit.AutoTests" name="[10] /home/travis/build/icyphy/ptII/ptolemy/domains/de/test/auto/ClockDriftAndValueChange.xml (RunModel)" time="0.036" />
  <testcase classname="ptolemy.util.test.junit.AutoTests" name="[11] /home/travis/build/icyphy/ptII/ptolemy/domains/de/test/auto/ClockDriftChange.xml (RunModel)" time="0.033" />
  <testcase classname="ptolemy.util.test.junit.AutoTests" name="[12] /home/travis/build/icyphy/ptII/ptolemy/domains/de/test/auto/ComposableCausalityAnalysis.xml (RunModel)" time="0.016" />
  <testcase classname="ptolemy.util.test.junit.AutoTests" name="[13] /home/travis/build/icyphy/ptII/ptolemy/domains/de/test/auto/DEFixedPointLimitation.xml (RunModel)" time="0.008" />
  <testcase classname="ptolemy.util.test.junit.AutoTests" name="[14] /home/travis/build/icyphy/ptII/ptolemy/domains/de/test/auto/DEScheduleTest.xml (RunModel)" time="0.032" />
  <testcase classname="ptolemy.util.test.junit.AutoTests" name="[15] /home/travis/build/icyphy/ptII/ptolemy/domains/de/test/auto/DEinDEwithStartTimes.xml (RunModel)" time="0.019" />
  <testcase classname="ptolemy.util.test.junit.AutoTests" name="[16] /home/travis/build/icyphy/ptII/ptolemy/domains/de/test/auto/DEinDEwithStartTimes2.xml (RunModel)" time="0.012" />
  <testcase classname="ptolemy.util.test.junit.AutoTests" name="[17] /home/travis/build/icyphy/ptII/ptolemy/domains/de/test/auto/DateDemo.xml (RunModel)" time="0.032" />
  <testcase classname="ptolemy.util.test.junit.AutoTests" name="[18] /home/travis/build/icyphy/ptII/ptolemy/domains/de/test/auto/DateToEvent.xml (RunModel)" time="2.05" />
  <testcase classname="ptolemy.util.test.junit.AutoTests" name="[19] /home/travis/build/icyphy/ptII/ptolemy/domains/de/test/auto/DepthTest1.xml (RunModel)" time="0.008" />
  <testcase classname="ptolemy.util.test.junit.AutoTests" name="[20] /home/travis/build/icyphy/ptII/ptolemy/domains/de/test/auto/DepthTest2.xml (RunModel)" time="0.02" />
  <testcase classname="ptolemy.util.test.junit.AutoTests" name="[21] /home/travis/build/icyphy/ptII/ptolemy/domains/de/test/auto/DepthTest3.xml (RunModel)" time="0.008" />
  <testcase classname="ptolemy.util.test.junit.AutoTests" name="[22] /home/travis/build/icyphy/ptII/ptolemy/domains/de/test/auto/DepthTest4.xml (RunModel)" time="0.024" />
  <testcase classname="ptolemy.util.test.junit.AutoTests" name="[23] /home/travis/build/icyphy/ptII/ptolemy/domains/de/test/auto/DepthTest5.xml (RunModel)" time="0.021" />
  <testcase classname="ptolemy.util.test.junit.AutoTests" name="[24] /home/travis/build/icyphy/ptII/ptolemy/domains/de/test/auto/DepthTest6.xml (RunModel)" time="0.015" />
  <testcase classname="ptolemy.util.test.junit.AutoTests" name="[25] /home/travis/build/icyphy/ptII/ptolemy/domains/de/test/auto/DepthTest7.xml (RunModel)" time="0.011" />
  <testcase classname="ptolemy.util.test.junit.AutoTests" name="[26] /home/travis/build/icyphy/ptII/ptolemy/domains/de/test/auto/EventToDate.xml (RunModel)" time="3.043" />
  <testcase classname="ptolemy.util.test.junit.AutoTests" name="[27] /home/travis/build/icyphy/ptII/ptolemy/domains/de/test/auto/FSM1.xml (RunModel)" time="0.033" />
  <testcase classname="ptolemy.util.test.junit.AutoTests" name="[28] /home/travis/build/icyphy/ptII/ptolemy/domains/de/test/auto/FSM7.xml (RunModel)" time="0.031" />
  <testcase classname="ptolemy.util.test.junit.AutoTests" name="[29] /home/travis/build/icyphy/ptII/ptolemy/domains/de/test/auto/Inspection.xml (RunModel)" time="0.042" />
  <testcase classname="ptolemy.util.test.junit.AutoTests" name="[30] /home/travis/build/icyphy/ptII/ptolemy/domains/de/test/auto/Iteration.xml (RunModel)" time="0.023" />
  <testcase classname="ptolemy.util.test.junit.AutoTests" name="[31] /home/travis/build/icyphy/ptII/ptolemy/domains/de/test/auto/LineFault.xml (RunModel)" time="0.66" />
  <testcase classname="ptolemy.util.test.junit.AutoTests" name="[32] /home/travis/build/icyphy/ptII/ptolemy/domains/de/test/auto/MergeModel1Add.xml (RunModel)" time="0.058" />
  <testcase classname="ptolemy.util.test.junit.AutoTests" name="[33] /home/travis/build/icyphy/ptII/ptolemy/domains/de/test/auto/MergeModel2Add.xml (RunModel)" time="0.046" />
  <testcase classname="ptolemy.util.test.junit.AutoTests" name="[34] /home/travis/build/icyphy/ptII/ptolemy/domains/de/test/auto/MergeModel3Add.xml (RunModel)" time="0.047" />
  <testcase classname="ptolemy.util.test.junit.AutoTests" name="[35] /home/travis/build/icyphy/ptII/ptolemy/domains/de/test/auto/MergeWithoutDiscard.xml (RunModel)" time="0.01" />
  <testcase classname="ptolemy.util.test.junit.AutoTests" name="[36] /home/travis/build/icyphy/ptII/ptolemy/domains/de/test/auto/Modal1.xml (RunModel)" time="0.038" />
  <testcase classname="ptolemy.util.test.junit.AutoTests" name="[37] /home/travis/build/icyphy/ptII/ptolemy/domains/de/test/auto/Modal2.xml (RunModel)" time="0.029" />
  <testcase classname="ptolemy.util.test.junit.AutoTests" name="[38] /home/travis/build/icyphy/ptII/ptolemy/domains/de/test/auto/Modal3.xml (RunModel)" time="0.032" />
  <testcase classname="ptolemy.util.test.junit.AutoTests" name="[39] /home/travis/build/icyphy/ptII/ptolemy/domains/de/test/auto/Modal4.xml (RunModel)" time="0.029" />
  <testcase classname="ptolemy.util.test.junit.AutoTests" name="[40] /home/travis/build/icyphy/ptII/ptolemy/domains/de/test/auto/Modal5.xml (RunModel)" time="0.039" />
  <testcase classname="ptolemy.util.test.junit.AutoTests" name="[41] /home/travis/build/icyphy/ptII/ptolemy/domains/de/test/auto/Modal6.xml (RunModel)" time="0.029" />
  <testcase classname="ptolemy.util.test.junit.AutoTests" name="[42] /home/travis/build/icyphy/ptII/ptolemy/domains/de/test/auto/Modal7.xml (RunModel)" time="0.041" />
  <testcase classname="ptolemy.util.test.junit.AutoTests" name="[43] /home/travis/build/icyphy/ptII/ptolemy/domains/de/test/auto/ModalModel.xml (RunModel)" time="0.2" />
  <testcase classname="ptolemy.util.test.junit.AutoTests" name="[44] /home/travis/build/icyphy/ptII/ptolemy/domains/de/test/auto/ModalSource.xml (RunModel)" time="0.015" />
  <testcase classname="ptolemy.util.test.junit.AutoTests" name="[45] /home/travis/build/icyphy/ptII/ptolemy/domains/de/test/auto/NonInterruptibleTimerZeroDelay.xml (RunModel)" time="0.008" />
  <testcase classname="ptolemy.util.test.junit.AutoTests" name="[46] /home/travis/build/icyphy/ptII/ptolemy/domains/de/test/auto/OpenQueueingNetwork.xml (RunModel)" time="2.661" />
  <testcase classname="ptolemy.util.test.junit.AutoTests" name="[47] /home/travis/build/icyphy/ptII/ptolemy/domains/de/test/auto/OpenQueuingNetwork.xml (RunModel)" time="0.33" />
  <testcase classname="ptolemy.util.test.junit.AutoTests" name="[48] /home/travis/build/icyphy/ptII/ptolemy/domains/de/test/auto/PeriodicSampler.xml (RunModel)" time="0.008" />
  <testcase classname="ptolemy.util.test.junit.AutoTests" name="[49] /home/travis/build/icyphy/ptII/ptolemy/domains/de/test/auto/PersistentIO.xml (RunModel)" time="0.019" />
  <testcase classname="ptolemy.util.test.junit.AutoTests" name="[50] /home/travis/build/icyphy/ptII/ptolemy/domains/de/test/auto/PortParameterResetOnInitialize.xml (RunModel)" time="0.01" />
  <testcase classname="ptolemy.util.test.junit.AutoTests" name="[51] /home/travis/build/icyphy/ptII/ptolemy/domains/de/test/auto/PortParameterUpdates.xml (RunModel)" time="0.016" />
  <testcase classname="ptolemy.util.test.junit.AutoTests" name="[52] /home/travis/build/icyphy/ptII/ptolemy/domains/de/test/auto/QueueAndServer.xml (RunModel)" time="0.019" />
  <testcase classname="ptolemy.util.test.junit.AutoTests" name="[53] /home/travis/build/icyphy/ptII/ptolemy/domains/de/test/auto/Records.xml (RunModel)" time="0.014" />
  <testcase classname="ptolemy.util.test.junit.AutoTests" name="[54] /home/travis/build/icyphy/ptII/ptolemy/domains/de/test/auto/ResetTransitionWithStartTime1.xml (RunModel)" time="0.024" />
  <testcase classname="ptolemy.util.test.junit.AutoTests" name="[55] /home/travis/build/icyphy/ptII/ptolemy/domains/de/test/auto/ResetTransitionWithStartTime2.xml (RunModel)" time="0.022" />
  <testcase classname="ptolemy.util.test.junit.AutoTests" name="[56] /home/travis/build/icyphy/ptII/ptolemy/domains/de/test/auto/ResetTransitionWithStartTime3.xml (RunModel)" time="0.021" />
  <testcase classname="ptolemy.util.test.junit.AutoTests" name="[57] /home/travis/build/icyphy/ptII/ptolemy/domains/de/test/auto/ResetTransitionWithStartTime4.xml (RunModel)" time="0.017" />
  <testcase classname="ptolemy.util.test.junit.AutoTests" name="[58] /home/travis/build/icyphy/ptII/ptolemy/domains/de/test/auto/ResettableTimer1.xml (RunModel)" time="0.009" />
  <testcase classname="ptolemy.util.test.junit.AutoTests" name="[59] /home/travis/build/icyphy/ptII/ptolemy/domains/de/test/auto/ResettableTimer2.xml (RunModel)" time="0.009" />
  <testcase classname="ptolemy.util.test.junit.AutoTests" name="[60] /home/travis/build/icyphy/ptII/ptolemy/domains/de/test/auto/ResettableTimer3.xml (RunModel)" time="0.008" />
  <testcase classname="ptolemy.util.test.junit.AutoTests" name="[61] /home/travis/build/icyphy/ptII/ptolemy/domains/de/test/auto/ResettableTimer4.xml (RunModel)" time="0.012" />
  <testcase classname="ptolemy.util.test.junit.AutoTests" name="[62] /home/travis/build/icyphy/ptII/ptolemy/domains/de/test/auto/ResettableTimer5.xml (RunModel)" time="0.016" />
  <testcase classname="ptolemy.util.test.junit.AutoTests" name="[63] /home/travis/build/icyphy/ptII/ptolemy/domains/de/test/auto/ResettableTimer6.xml (RunModel)" time="0.016" />
  <testcase classname="ptolemy.util.test.junit.AutoTests" name="[64] /home/travis/build/icyphy/ptII/ptolemy/domains/de/test/auto/ServerZeroDelay.xml (RunModel)" time="0.01" />
  <testcase classname="ptolemy.util.test.junit.AutoTests" name="[65] /home/travis/build/icyphy/ptII/ptolemy/domains/de/test/auto/SmartSender.xml (RunModel)" time="3.008" />
  <testcase classname="ptolemy.util.test.junit.AutoTests" name="[66] /home/travis/build/icyphy/ptII/ptolemy/domains/de/test/auto/ThreadedComposite.xml (RunModel)" time="0.248" />
  <testcase classname="ptolemy.util.test.junit.AutoTests" name="[67] /home/travis/build/icyphy/ptII/ptolemy/domains/de/test/auto/Time.xml (RunModel)" time="0.466" />
  <testcase classname="ptolemy.util.test.junit.AutoTests" name="[68] /home/travis/build/icyphy/ptII/ptolemy/domains/de/test/auto/TimeDelayZeroDelay.xml (RunModel)" time="0.012" />
  <testcase classname="ptolemy.util.test.junit.AutoTests" name="[69] /home/travis/build/icyphy/ptII/ptolemy/domains/de/test/auto/TimerZeroDelay.xml (RunModel)" time="0.009" />
  <testcase classname="ptolemy.util.test.junit.AutoTests" name="[70] /home/travis/build/icyphy/ptII/ptolemy/domains/de/test/auto/TimingParadox.xml (RunModel)" time="0.379" />
  <testcase classname="ptolemy.util.test.junit.AutoTests" name="[71] /home/travis/build/icyphy/ptII/ptolemy/domains/de/test/auto/TransferInputs.xml (RunModel)" time="0.014" />
  <testcase classname="ptolemy.util.test.junit.AutoTests" name="[72] /home/travis/build/icyphy/ptII/ptolemy/domains/de/test/auto/TransferOutputs2.xml (RunModel)" time="0.015" />
  <testcase classname="ptolemy.util.test.junit.AutoTests" name="[73] /home/travis/build/icyphy/ptII/ptolemy/domains/de/test/auto/Trilateration.xml (RunModel)" time="12.27" />
  <testcase classname="ptolemy.util.test.junit.AutoTests" name="[74] /home/travis/build/icyphy/ptII/ptolemy/domains/de/test/auto/TwoSigmaDelta.xml (RunModel)" time="2.213" />
  <testcase classname="ptolemy.util.test.junit.AutoTests" name="[75] /home/travis/build/icyphy/ptII/ptolemy/domains/de/test/auto/VariableDelay.xml (RunModel)" time="0.01" />
  <testcase classname="ptolemy.util.test.junit.AutoTests" name="[76] /home/travis/build/icyphy/ptII/ptolemy/domains/de/test/auto/VariableDelay2.xml (RunModel)" time="0.01" />
  <testcase classname="ptolemy.util.test.junit.AutoTests" name="[77] /home/travis/build/icyphy/ptII/ptolemy/domains/de/test/auto/VariableDelayZeroDelay.xml (RunModel)" time="0.02" />
  <testcase classname="ptolemy.util.test.junit.AutoTests" name="[78] /home/travis/build/icyphy/ptII/ptolemy/domains/de/test/auto/VariableDelayZeroDelay2.xml (RunModel)" time="0.021" />
  <testcase classname="ptolemy.util.test.junit.AutoTests" name="[79] /home/travis/build/icyphy/ptII/ptolemy/domains/de/test/auto/deInCt.xml (RunModel)" time="0.014" />
  <testcase classname="ptolemy.util.test.junit.AutoTests" name="[80] /home/travis/build/icyphy/ptII/ptolemy/domains/de/test/auto/deInCt2.xml (RunModel)" time="0.014" />
  <testcase classname="ptolemy.util.test.junit.AutoTests" name="[81] /home/travis/build/icyphy/ptII/ptolemy/domains/de/test/auto/dynamicCausalityInterface1.xml (RunModel)" time="0.044" />
  <testcase classname="ptolemy.util.test.junit.AutoTests" name="[82] /home/travis/build/icyphy/ptII/ptolemy/domains/de/test/auto/fsm_de_test.xml (RunModel)" time="0.051" />
  <testcase classname="ptolemy.util.test.junit.AutoTests" name="[83] /home/travis/build/icyphy/ptII/ptolemy/domains/de/test/auto/functionDependencyReconstruction.xml (RunModel)" time="0.034" />
  <testcase classname="ptolemy.util.test.junit.AutoTests" name="[84] /home/travis/build/icyphy/ptII/ptolemy/domains/de/test/auto/multirate.xml (RunModel)" time="0.014" />
  <testcase classname="ptolemy.util.test.junit.AutoTests" name="[85] /home/travis/build/icyphy/ptII/ptolemy/domains/de/test/auto/multirate2.xml (RunModel)" time="0.013" />
  <testcase classname="ptolemy.util.test.junit.AutoTests" name="[86] /home/travis/build/icyphy/ptII/ptolemy/domains/de/test/auto/realtime.xml (RunModel)" time="10.024" />
  <testcase classname="ptolemy.util.test.junit.AutoTests" name="[87] /home/travis/build/icyphy/ptII/ptolemy/domains/de/test/auto/relationGroup.xml (RunModel)" time="0.009" />
  <testcase classname="ptolemy.util.test.junit.AutoTests" name="[88] /home/travis/build/icyphy/ptII/ptolemy/domains/de/test/auto/relationGroup2.xml (RunModel)" time="0.008" />
  <testcase classname="ptolemy.util.test.junit.AutoTests" name="[89] /home/travis/build/icyphy/ptII/ptolemy/domains/de/test/auto/sortWithOpaquePorts.xml (RunModel)" time="0.009" />
  <testcase classname="ptolemy.util.test.junit.AutoTests" name="[90] /home/travis/build/icyphy/ptII/ptolemy/domains/de/test/auto/transferInputsandOutputs.xml (RunModel)" time="0.018" />
  <testcase classname="ptolemy.util.test.junit.AutoTests" name="[91] /home/travis/build/icyphy/ptII/ptolemy/domains/de/test/auto/triggerType.xml (RunModel)" time="0.014" />
  <system-out><![CDATA[/home/travis/build/icyphy/ptII/ptolemy/domains/de/test/DependencyLoop.tcl
testDefs.tcl: setting time out to 9000 seconds at Thu Dec 12 06:25:08 UTC 2019
100 ms. Memory: 120832K Free: 72133K (60%)
21 ms. Memory: 120832K Free: 54695K (45%)
/home/travis/build/icyphy/ptII/ptolemy/domains/de/test/RunDETestsAsQSS.tcl
Run the DE tests using ptolemy.domains.qss.test.QSSDirectorTest, which extends QSSDirector and prints a message in the constructors.
------------------ testing $PTII/ptolemy/domains/de/test/auto/knownFailedTests/DirectFeedback.xml (Known Failure) 
69 ms. Memory: 120832K Free: 49095K (41%)


==== $PTIIhome/travis/build/icyphy/ptII/ptolemy/domains/de/test/../../../../: Auto Automatic test in file $PTII/ptolemy/domains/de/test/auto/knownFailedTests/DirectFeedback.xml
==== Contents of test case:

	    # FIXME: we should use $relativeFilename here, but it
	    # might have backslashes under Windows, which causes no end
	    # of trouble.
	    createAndExecute $file
	    list {}
	
.... Test generated KNOWN error:
    while executing
ptolemy.kernel.util.IllegalActionException: Test fails in iteration 1.
Value was: 1.0. Should have been: 2.0
  in .DirectFeedback.Test
	at ptolemy.actor.lib.Test.fire(Test.java:268)
	at ptolemy.domains.de.kernel.DEDirector._fire(DEDirector.java:1949)
	at ptolemy.domains.de.kernel.DEDirector.fire(DEDirector.java:502)
	at ptolemy.actor.CompositeActor.fire(CompositeActor.java:455)
	at ptolemy.actor.Manager.iterate(Manager.java:851)
	at ptolemy.actor.Manager.execute(Manager.java:369)
	at ptolemy.actor.Manager.run(Manager.java:1263)
	at ptolemy.actor.Manager$PtolemyRunThread.run(Manager.java:1933)

    while executing
ptolemy.kernel.util.IllegalActionException: Test fails in iteration 1.
Value was: 1.0. Should have been: 2.0
  in .DirectFeedback.Test
    while executing
"java::new ptolemy.moml.MoMLSimpleApplication $file
"
    (procedure "createAndExecute" line 2)
    invoked from within
"createAndExecute $file"
    ("uplevel" body line 5)
    invoked from within
"uplevel $contents_of_test"
------------------ testing $PTII/ptolemy/domains/de/test/auto/knownFailedTests/dependencyLoop.xml (Known Failure) 
20 ms. Memory: 120832K Free: 46023K (38%)


==== $PTIIhome/travis/build/icyphy/ptII/ptolemy/domains/de/test/../../../../: Auto Automatic test in file $PTII/ptolemy/domains/de/test/auto/knownFailedTests/dependencyLoop.xml
==== Contents of test case:

	    # FIXME: we should use $relativeFilename here, but it
	    # might have backslashes under Windows, which causes no end
	    # of trouble.
	    createAndExecute $file
	    list {}
	
.... Test generated KNOWN error:
    while executing
ptolemy.kernel.util.IllegalActionException: Found a zero delay loop containing .dependencyLoop.original
  in .dependencyLoop and .dependencyLoop.original
	at ptolemy.actor.util.CausalityInterfaceForComposites._computeOutputPortDepth(CausalityInterfaceForComposites.java:759)
	at ptolemy.actor.util.CausalityInterfaceForComposites._computeInputDepth(CausalityInterfaceForComposites.java:696)
	at ptolemy.actor.util.CausalityInterfaceForComposites._computeOutputPortDepth(CausalityInterfaceForComposites.java:765)
	at ptolemy.actor.util.CausalityInterfaceForComposites._computeInputDepth(CausalityInterfaceForComposites.java:696)
	at ptolemy.actor.util.CausalityInterfaceForComposites._computeOutputPortDepth(CausalityInterfaceForComposites.java:765)
	at ptolemy.actor.util.CausalityInterfaceForComposites._computeInputDepth(CausalityInterfaceForComposites.java:696)
	at ptolemy.actor.util.CausalityInterfaceForComposites._computeActorDepth(CausalityInterfaceForComposites.java:532)
	at ptolemy.actor.util.CausalityInterfaceForComposites.checkForCycles(CausalityInterfaceForComposites.java:96)
	at ptolemy.domains.de.kernel.DEDirector.preinitialize(DEDirector.java:1338)
	at ptolemy.actor.CompositeActor.preinitialize(CompositeActor.java:1828)
	at ptolemy.actor.Manager.preinitializeAndResolveTypes(Manager.java:1040)
	at ptolemy.actor.Manager.initialize(Manager.java:710)
	at ptolemy.actor.Manager.execute(Manager.java:356)
	at ptolemy.actor.Manager.run(Manager.java:1263)
	at ptolemy.actor.Manager$PtolemyRunThread.run(Manager.java:1933)

    while executing
ptolemy.kernel.util.IllegalActionException: Found a zero delay loop containing .dependencyLoop.original
  in .dependencyLoop and .dependencyLoop.original
    while executing
"java::new ptolemy.moml.MoMLSimpleApplication $file
"
    (procedure "createAndExecute" line 2)
    invoked from within
"createAndExecute $file"
    ("uplevel" body line 5)
    invoked from within
"uplevel $contents_of_test"
------------------ testing $PTII/ptolemy/domains/de/test/auto/knownFailedTests/FSMSource.xml (Known Failure) 
88 ms. Memory: 120832K Free: 99334K (82%)
!!!! Auto was marked as failing, but now passes
------------------ testing $PTII/ptolemy/domains/de/test/auto/knownFailedTests/HierarchicalModel.xml (Known Failure) 
15 ms. Memory: 120832K Free: 81910K (68%)


==== $PTIIhome/travis/build/icyphy/ptII/ptolemy/domains/de/test/../../../../: Auto Automatic test in file $PTII/ptolemy/domains/de/test/auto/knownFailedTests/HierarchicalModel.xml
==== Contents of test case:

	    # FIXME: we should use $relativeFilename here, but it
	    # might have backslashes under Windows, which causes no end
	    # of trouble.
	    createAndExecute $file
	    list {}
	
.... Test generated KNOWN error:
    while executing
ptolemy.kernel.util.IllegalActionException: Found a zero delay loop containing .HierarchicalModel.A
  in .HierarchicalModel and .HierarchicalModel.A
	at ptolemy.actor.util.CausalityInterfaceForComposites._computeOutputPortDepth(CausalityInterfaceForComposites.java:759)
	at ptolemy.actor.util.CausalityInterfaceForComposites._computeInputDepth(CausalityInterfaceForComposites.java:696)
	at ptolemy.actor.util.CausalityInterfaceForComposites._computeOutputPortDepth(CausalityInterfaceForComposites.java:765)
	at ptolemy.actor.util.CausalityInterfaceForComposites._computeInputDepth(CausalityInterfaceForComposites.java:696)
	at ptolemy.actor.util.CausalityInterfaceForComposites._computeOutputPortDepth(CausalityInterfaceForComposites.java:765)
	at ptolemy.actor.util.CausalityInterfaceForComposites._computeInputDepth(CausalityInterfaceForComposites.java:696)
	at ptolemy.actor.util.CausalityInterfaceForComposites._computeActorDepth(CausalityInterfaceForComposites.java:532)
	at ptolemy.actor.util.CausalityInterfaceForComposites.checkForCycles(CausalityInterfaceForComposites.java:96)
	at ptolemy.domains.de.kernel.DEDirector.preinitialize(DEDirector.java:1338)
	at ptolemy.actor.CompositeActor.preinitialize(CompositeActor.java:1828)
	at ptolemy.actor.Manager.preinitializeAndResolveTypes(Manager.java:1040)
	at ptolemy.actor.Manager.initialize(Manager.java:710)
	at ptolemy.actor.Manager.execute(Manager.java:356)
	at ptolemy.actor.Manager.run(Manager.java:1263)
	at ptolemy.actor.Manager$PtolemyRunThread.run(Manager.java:1933)

    while executing
ptolemy.kernel.util.IllegalActionException: Found a zero delay loop containing .HierarchicalModel.A
  in .HierarchicalModel and .HierarchicalModel.A
    while executing
"java::new ptolemy.moml.MoMLSimpleApplication $file
"
    (procedure "createAndExecute" line 2)
    invoked from within
"createAndExecute $file"
    ("uplevel" body line 5)
    invoked from within
"uplevel $contents_of_test"
------------------ testing $PTII/ptolemy/domains/de/test/auto/knownFailedTests/dependencyLoop2.xml (Known Failure) 
30 ms. Memory: 120832K Free: 106742K (88%)


==== $PTIIhome/travis/build/icyphy/ptII/ptolemy/domains/de/test/../../../../: Auto Automatic test in file $PTII/ptolemy/domains/de/test/auto/knownFailedTests/dependencyLoop2.xml
==== Contents of test case:

	    # FIXME: we should use $relativeFilename here, but it
	    # might have backslashes under Windows, which causes no end
	    # of trouble.
	    createAndExecute $file
	    list {}
	
.... Test generated KNOWN error:
    while executing
ptolemy.kernel.util.IllegalActionException: Found a zero delay loop containing .dependencyLoop2.original
  in .dependencyLoop2 and .dependencyLoop2.original
	at ptolemy.actor.util.CausalityInterfaceForComposites._computeOutputPortDepth(CausalityInterfaceForComposites.java:759)
	at ptolemy.actor.util.CausalityInterfaceForComposites._computeInputDepth(CausalityInterfaceForComposites.java:696)
	at ptolemy.actor.util.CausalityInterfaceForComposites._computeOutputPortDepth(CausalityInterfaceForComposites.java:765)
	at ptolemy.actor.util.CausalityInterfaceForComposites._computeInputDepth(CausalityInterfaceForComposites.java:696)
	at ptolemy.actor.util.CausalityInterfaceForComposites._computeOutputPortDepth(CausalityInterfaceForComposites.java:765)
	at ptolemy.actor.util.CausalityInterfaceForComposites._computeInputDepth(CausalityInterfaceForComposites.java:696)
	at ptolemy.actor.util.CausalityInterfaceForComposites._computeActorDepth(CausalityInterfaceForComposites.java:532)
	at ptolemy.actor.util.CausalityInterfaceForComposites.checkForCycles(CausalityInterfaceForComposites.java:96)
	at ptolemy.domains.de.kernel.DEDirector.preinitialize(DEDirector.java:1338)
	at ptolemy.actor.CompositeActor.preinitialize(CompositeActor.java:1828)
	at ptolemy.actor.Manager.preinitializeAndResolveTypes(Manager.java:1040)
	at ptolemy.actor.Manager.initialize(Manager.java:710)
	at ptolemy.actor.Manager.execute(Manager.java:356)
	at ptolemy.actor.Manager.run(Manager.java:1263)
	at ptolemy.actor.Manager$PtolemyRunThread.run(Manager.java:1933)

    while executing
ptolemy.kernel.util.IllegalActionException: Found a zero delay loop containing .dependencyLoop2.original
  in .dependencyLoop2 and .dependencyLoop2.original
    while executing
"java::new ptolemy.moml.MoMLSimpleApplication $file
"
    (procedure "createAndExecute" line 2)
    invoked from within
"createAndExecute $file"
    ("uplevel" body line 5)
    invoked from within
"uplevel $contents_of_test"
------------------ testing $PTII/ptolemy/domains/de/test/auto/knownFailedTests/DESDFClockTest.xml (Known Failure) 
2078 ms. Memory: 120832K Free: 93652K (78%)


==== $PTIIhome/travis/build/icyphy/ptII/ptolemy/domains/de/test/../../../../: Auto Automatic test in file $PTII/ptolemy/domains/de/test/auto/knownFailedTests/DESDFClockTest.xml
==== Contents of test case:

	    # FIXME: we should use $relativeFilename here, but it
	    # might have backslashes under Windows, which causes no end
	    # of trouble.
	    createAndExecute $file
	    list {}
	
.... Test generated KNOWN error:
    while executing
ptolemy.kernel.util.IllegalActionException: Actor is not ready to fire.  Perhaps UpSample.prefire() returned false? Try debugging the actor by selecting "Listen to Actor".  Also, for SDF check moml for tokenConsumptionRate on input.
  in .DESDFClockTest.Play Bell.Copy1:SDF Director and .DESDFClockTest.Play Bell.UpSample
	at ptolemy.actor.sched.StaticSchedulingDirector.fire(StaticSchedulingDirector.java:227)
	at ptolemy.domains.sdf.kernel.SDFDirector.fire(SDFDirector.java:500)
	at ptolemy.actor.CompositeActor.fire(CompositeActor.java:455)
	at ptolemy.domains.de.kernel.DEDirector._fire(DEDirector.java:1949)
	at ptolemy.domains.de.kernel.DEDirector.fire(DEDirector.java:502)
	at ptolemy.actor.CompositeActor.fire(CompositeActor.java:455)
	at ptolemy.actor.Manager.iterate(Manager.java:851)
	at ptolemy.actor.Manager.execute(Manager.java:369)
	at ptolemy.actor.Manager.run(Manager.java:1263)
	at ptolemy.actor.Manager$PtolemyRunThread.run(Manager.java:1933)

    while executing
ptolemy.kernel.util.IllegalActionException: Actor is not ready to fire.  Perhaps UpSample.prefire() returned false? Try debugging the actor by selecting "Listen to Actor".  Also, for SDF check moml for tokenConsumptionRate on input.
  in .DESDFClockTest.Play Bell.Copy1:SDF Director and .DESDFClockTest.Play Bell.UpSample
    while executing
"java::new ptolemy.moml.MoMLSimpleApplication $file
"
    (procedure "createAndExecute" line 2)
    invoked from within
"createAndExecute $file"
    ("uplevel" body line 5)
    invoked from within
"uplevel $contents_of_test"
------------------ testing $PTII/ptolemy/domains/de/test/auto/ActorDepthCalculation_actorWithoutPorts.xml
auto.tcl: Setting watchdog for 200 seconds at Thu Dec 12 06:25:12 UTC 2019
16 ms. Memory: 120832K Free: 86464K (72%)
ptolemy.util.test.WatchDog.cancel(): canceling Thu Dec 12 06:25:12 UTC 2019
auto.tcl: Setting watchdog for 200 seconds at Thu Dec 12 06:25:12 UTC 2019
23 ms. Memory: 120832K Free: 84788K (70%)
ptolemy.util.test.WatchDog.cancel(): canceling Thu Dec 12 06:25:12 UTC 2019
------------------ testing $PTII/ptolemy/domains/de/test/auto/AssemblyLine.xml
auto.tcl: Setting watchdog for 200 seconds at Thu Dec 12 06:25:13 UTC 2019
13 ms. Memory: 48128K Free: 25509K (53%)
ptolemy.util.test.WatchDog.cancel(): canceling Thu Dec 12 06:25:13 UTC 2019
auto.tcl: Setting watchdog for 200 seconds at Thu Dec 12 06:25:13 UTC 2019
7 ms. Memory: 48128K Free: 24747K (51%)
ptolemy.util.test.WatchDog.cancel(): canceling Thu Dec 12 06:25:13 UTC 2019
------------------ testing $PTII/ptolemy/domains/de/test/auto/CQBug1.xml
auto.tcl: Setting watchdog for 200 seconds at Thu Dec 12 06:25:13 UTC 2019
3 ms. Memory: 48128K Free: 31477K (65%)
ptolemy.util.test.WatchDog.cancel(): canceling Thu Dec 12 06:25:13 UTC 2019
auto.tcl: Setting watchdog for 200 seconds at Thu Dec 12 06:25:13 UTC 2019
5 ms. Memory: 48128K Free: 31047K (65%)
ptolemy.util.test.WatchDog.cancel(): canceling Thu Dec 12 06:25:13 UTC 2019
------------------ testing $PTII/ptolemy/domains/de/test/auto/CancelFireAt.xml
auto.tcl: Setting watchdog for 200 seconds at Thu Dec 12 06:25:13 UTC 2019
12 ms. Memory: 48128K Free: 32768K (68%)
ptolemy.util.test.WatchDog.cancel(): canceling Thu Dec 12 06:25:13 UTC 2019
auto.tcl: Setting watchdog for 200 seconds at Thu Dec 12 06:25:13 UTC 2019
3 ms. Memory: 48128K Free: 32338K (67%)
ptolemy.util.test.WatchDog.cancel(): canceling Thu Dec 12 06:25:13 UTC 2019
------------------ testing $PTII/ptolemy/domains/de/test/auto/CausalityAndComposabilityAnalysis.xml
auto.tcl: Setting watchdog for 200 seconds at Thu Dec 12 06:25:13 UTC 2019
9 ms. Memory: 48128K Free: 30466K (63%)
ptolemy.util.test.WatchDog.cancel(): canceling Thu Dec 12 06:25:13 UTC 2019
auto.tcl: Setting watchdog for 200 seconds at Thu Dec 12 06:25:13 UTC 2019
5 ms. Memory: 48128K Free: 30035K (62%)
ptolemy.util.test.WatchDog.cancel(): canceling Thu Dec 12 06:25:13 UTC 2019
------------------ testing $PTII/ptolemy/domains/de/test/auto/CausalityInterface1.xml
auto.tcl: Setting watchdog for 200 seconds at Thu Dec 12 06:25:13 UTC 2019
22 ms. Memory: 48128K Free: 29419K (61%)
ptolemy.util.test.WatchDog.cancel(): canceling Thu Dec 12 06:25:13 UTC 2019
auto.tcl: Setting watchdog for 200 seconds at Thu Dec 12 06:25:13 UTC 2019
4 ms. Memory: 48128K Free: 28442K (59%)
ptolemy.util.test.WatchDog.cancel(): canceling Thu Dec 12 06:25:13 UTC 2019
------------------ testing $PTII/ptolemy/domains/de/test/auto/CausalityInterface15.xml
auto.tcl: Setting watchdog for 200 seconds at Thu Dec 12 06:25:13 UTC 2019
14 ms. Memory: 48128K Free: 29559K (61%)
ptolemy.util.test.WatchDog.cancel(): canceling Thu Dec 12 06:25:13 UTC 2019
auto.tcl: Setting watchdog for 200 seconds at Thu Dec 12 06:25:13 UTC 2019
4 ms. Memory: 48128K Free: 28404K (59%)
ptolemy.util.test.WatchDog.cancel(): canceling Thu Dec 12 06:25:13 UTC 2019
------------------ testing $PTII/ptolemy/domains/de/test/auto/CausalityInterface2.xml
auto.tcl: Setting watchdog for 200 seconds at Thu Dec 12 06:25:13 UTC 2019
5 ms. Memory: 48128K Free: 29599K (62%)
ptolemy.util.test.WatchDog.cancel(): canceling Thu Dec 12 06:25:13 UTC 2019
auto.tcl: Setting watchdog for 200 seconds at Thu Dec 12 06:25:13 UTC 2019
3 ms. Memory: 48128K Free: 29152K (61%)
ptolemy.util.test.WatchDog.cancel(): canceling Thu Dec 12 06:25:13 UTC 2019
------------------ testing $PTII/ptolemy/domains/de/test/auto/CausalityInterface3.xml
auto.tcl: Setting watchdog for 200 seconds at Thu Dec 12 06:25:14 UTC 2019
3 ms. Memory: 48128K Free: 29610K (62%)
ptolemy.util.test.WatchDog.cancel(): canceling Thu Dec 12 06:25:14 UTC 2019
auto.tcl: Setting watchdog for 200 seconds at Thu Dec 12 06:25:14 UTC 2019
3 ms. Memory: 48128K Free: 28833K (60%)
ptolemy.util.test.WatchDog.cancel(): canceling Thu Dec 12 06:25:14 UTC 2019
------------------ testing $PTII/ptolemy/domains/de/test/auto/ClockDrift.xml
auto.tcl: Setting watchdog for 200 seconds at Thu Dec 12 06:25:14 UTC 2019
59 ms. Memory: 48128K Free: 22183K (46%)
ptolemy.util.test.WatchDog.cancel(): canceling Thu Dec 12 06:25:14 UTC 2019
auto.tcl: Setting watchdog for 200 seconds at Thu Dec 12 06:25:14 UTC 2019
43 ms. Memory: 48128K Free: 19172K (40%)
ptolemy.util.test.WatchDog.cancel(): canceling Thu Dec 12 06:25:14 UTC 2019
------------------ testing $PTII/ptolemy/domains/de/test/auto/ClockDriftAndValueChange.xml
auto.tcl: Setting watchdog for 200 seconds at Thu Dec 12 06:25:14 UTC 2019
58 ms. Memory: 48128K Free: 22563K (47%)
ptolemy.util.test.WatchDog.cancel(): canceling Thu Dec 12 06:25:14 UTC 2019
auto.tcl: Setting watchdog for 200 seconds at Thu Dec 12 06:25:14 UTC 2019
36 ms. Memory: 48128K Free: 19452K (40%)
ptolemy.util.test.WatchDog.cancel(): canceling Thu Dec 12 06:25:14 UTC 2019
------------------ testing $PTII/ptolemy/domains/de/test/auto/ClockDriftChange.xml
auto.tcl: Setting watchdog for 200 seconds at Thu Dec 12 06:25:14 UTC 2019
27 ms. Memory: 48128K Free: 24323K (51%)
ptolemy.util.test.WatchDog.cancel(): canceling Thu Dec 12 06:25:14 UTC 2019
auto.tcl: Setting watchdog for 200 seconds at Thu Dec 12 06:25:14 UTC 2019
23 ms. Memory: 48128K Free: 21727K (45%)
ptolemy.util.test.WatchDog.cancel(): canceling Thu Dec 12 06:25:14 UTC 2019
------------------ testing $PTII/ptolemy/domains/de/test/auto/ComposableCausalityAnalysis.xml
auto.tcl: Setting watchdog for 200 seconds at Thu Dec 12 06:25:14 UTC 2019
2 ms. Memory: 48128K Free: 28936K (60%)
ptolemy.util.test.WatchDog.cancel(): canceling Thu Dec 12 06:25:14 UTC 2019
auto.tcl: Setting watchdog for 200 seconds at Thu Dec 12 06:25:14 UTC 2019
5 ms. Memory: 48128K Free: 27876K (58%)
ptolemy.util.test.WatchDog.cancel(): canceling Thu Dec 12 06:25:14 UTC 2019
------------------ testing $PTII/ptolemy/domains/de/test/auto/DEFixedPointLimitation.xml
auto.tcl: Setting watchdog for 200 seconds at Thu Dec 12 06:25:14 UTC 2019
3 ms. Memory: 48128K Free: 30277K (63%)
ptolemy.util.test.WatchDog.cancel(): canceling Thu Dec 12 06:25:14 UTC 2019
auto.tcl: Setting watchdog for 200 seconds at Thu Dec 12 06:25:14 UTC 2019
1 ms. Memory: 48128K Free: 29374K (61%)
ptolemy.util.test.WatchDog.cancel(): canceling Thu Dec 12 06:25:14 UTC 2019
------------------ testing $PTII/ptolemy/domains/de/test/auto/DEScheduleTest.xml
auto.tcl: Setting watchdog for 200 seconds at Thu Dec 12 06:25:14 UTC 2019
7 ms. Memory: 45056K Free: 27528K (61%)
ptolemy.util.test.WatchDog.cancel(): canceling Thu Dec 12 06:25:14 UTC 2019
auto.tcl: Setting watchdog for 200 seconds at Thu Dec 12 06:25:14 UTC 2019
3 ms. Memory: 45056K Free: 26771K (59%)
ptolemy.util.test.WatchDog.cancel(): canceling Thu Dec 12 06:25:14 UTC 2019
------------------ testing $PTII/ptolemy/domains/de/test/auto/DEinDEwithStartTimes.xml
auto.tcl: Setting watchdog for 200 seconds at Thu Dec 12 06:25:14 UTC 2019
7 ms. Memory: 45056K Free: 25698K (57%)
ptolemy.util.test.WatchDog.cancel(): canceling Thu Dec 12 06:25:14 UTC 2019
auto.tcl: Setting watchdog for 200 seconds at Thu Dec 12 06:25:14 UTC 2019
3 ms. Memory: 45056K Free: 24674K (55%)
ptolemy.util.test.WatchDog.cancel(): canceling Thu Dec 12 06:25:14 UTC 2019
------------------ testing $PTII/ptolemy/domains/de/test/auto/DEinDEwithStartTimes2.xml
auto.tcl: Setting watchdog for 200 seconds at Thu Dec 12 06:25:14 UTC 2019
4 ms. Memory: 45056K Free: 24954K (55%)
ptolemy.util.test.WatchDog.cancel(): canceling Thu Dec 12 06:25:15 UTC 2019
auto.tcl: Setting watchdog for 200 seconds at Thu Dec 12 06:25:15 UTC 2019
3 ms. Memory: 45056K Free: 23629K (52%)
ptolemy.util.test.WatchDog.cancel(): canceling Thu Dec 12 06:25:15 UTC 2019
------------------ testing $PTII/ptolemy/domains/de/test/auto/DateDemo.xml
auto.tcl: Setting watchdog for 200 seconds at Thu Dec 12 06:25:15 UTC 2019
18 ms. Memory: 45056K Free: 19581K (43%)
ptolemy.util.test.WatchDog.cancel(): canceling Thu Dec 12 06:25:15 UTC 2019
auto.tcl: Setting watchdog for 200 seconds at Thu Dec 12 06:25:15 UTC 2019
13 ms. Memory: 45056K Free: 17729K (39%)
ptolemy.util.test.WatchDog.cancel(): canceling Thu Dec 12 06:25:15 UTC 2019
------------------ testing $PTII/ptolemy/domains/de/test/auto/DateToEvent.xml
auto.tcl: Setting watchdog for 200 seconds at Thu Dec 12 06:25:15 UTC 2019
2019 ms. Memory: 45056K Free: 15193K (34%)
ptolemy.util.test.WatchDog.cancel(): canceling Thu Dec 12 06:25:17 UTC 2019
auto.tcl: Setting watchdog for 200 seconds at Thu Dec 12 06:25:17 UTC 2019
2004 ms. Memory: 45056K Free: 14169K (31%)
ptolemy.util.test.WatchDog.cancel(): canceling Thu Dec 12 06:25:19 UTC 2019
------------------ testing $PTII/ptolemy/domains/de/test/auto/DepthTest1.xml
auto.tcl: Setting watchdog for 200 seconds at Thu Dec 12 06:25:19 UTC 2019
3 ms. Memory: 45056K Free: 28494K (63%)
ptolemy.util.test.WatchDog.cancel(): canceling Thu Dec 12 06:25:19 UTC 2019
auto.tcl: Setting watchdog for 200 seconds at Thu Dec 12 06:25:19 UTC 2019
1 ms. Memory: 45056K Free: 27940K (62%)
ptolemy.util.test.WatchDog.cancel(): canceling Thu Dec 12 06:25:19 UTC 2019
------------------ testing $PTII/ptolemy/domains/de/test/auto/DepthTest2.xml
auto.tcl: Setting watchdog for 200 seconds at Thu Dec 12 06:25:19 UTC 2019
15 ms. Memory: 45056K Free: 25204K (56%)
ptolemy.util.test.WatchDog.cancel(): canceling Thu Dec 12 06:25:19 UTC 2019
auto.tcl: Setting watchdog for 200 seconds at Thu Dec 12 06:25:19 UTC 2019
3 ms. Memory: 45056K Free: 24826K (55%)
ptolemy.util.test.WatchDog.cancel(): canceling Thu Dec 12 06:25:19 UTC 2019
------------------ testing $PTII/ptolemy/domains/de/test/auto/DepthTest3.xml
auto.tcl: Setting watchdog for 200 seconds at Thu Dec 12 06:25:19 UTC 2019
2 ms. Memory: 45056K Free: 28664K (64%)
ptolemy.util.test.WatchDog.cancel(): canceling Thu Dec 12 06:25:19 UTC 2019
auto.tcl: Setting watchdog for 200 seconds at Thu Dec 12 06:25:19 UTC 2019
2 ms. Memory: 45056K Free: 28246K (63%)
ptolemy.util.test.WatchDog.cancel(): canceling Thu Dec 12 06:25:19 UTC 2019
------------------ testing $PTII/ptolemy/domains/de/test/auto/DepthTest4.xml
auto.tcl: Setting watchdog for 200 seconds at Thu Dec 12 06:25:19 UTC 2019
4 ms. Memory: 45056K Free: 27022K (60%)
ptolemy.util.test.WatchDog.cancel(): canceling Thu Dec 12 06:25:19 UTC 2019
auto.tcl: Setting watchdog for 200 seconds at Thu Dec 12 06:25:19 UTC 2019
2 ms. Memory: 45056K Free: 26298K (58%)
ptolemy.util.test.WatchDog.cancel(): canceling Thu Dec 12 06:25:19 UTC 2019
------------------ testing $PTII/ptolemy/domains/de/test/auto/DepthTest5.xml
auto.tcl: Setting watchdog for 200 seconds at Thu Dec 12 06:25:19 UTC 2019
3 ms. Memory: 45056K Free: 26422K (59%)
ptolemy.util.test.WatchDog.cancel(): canceling Thu Dec 12 06:25:19 UTC 2019
auto.tcl: Setting watchdog for 200 seconds at Thu Dec 12 06:25:19 UTC 2019
3 ms. Memory: 45056K Free: 25666K (57%)
ptolemy.util.test.WatchDog.cancel(): canceling Thu Dec 12 06:25:19 UTC 2019
------------------ testing $PTII/ptolemy/domains/de/test/auto/DepthTest6.xml
auto.tcl: Setting watchdog for 200 seconds at Thu Dec 12 06:25:19 UTC 2019
4 ms. Memory: 45056K Free: 26161K (58%)
ptolemy.util.test.WatchDog.cancel(): canceling Thu Dec 12 06:25:19 UTC 2019
auto.tcl: Setting watchdog for 200 seconds at Thu Dec 12 06:25:19 UTC 2019
2 ms. Memory: 45056K Free: 25751K (57%)
ptolemy.util.test.WatchDog.cancel(): canceling Thu Dec 12 06:25:19 UTC 2019
------------------ testing $PTII/ptolemy/domains/de/test/auto/DepthTest7.xml
auto.tcl: Setting watchdog for 200 seconds at Thu Dec 12 06:25:19 UTC 2019
3 ms. Memory: 45056K Free: 26745K (59%)
ptolemy.util.test.WatchDog.cancel(): canceling Thu Dec 12 06:25:19 UTC 2019
auto.tcl: Setting watchdog for 200 seconds at Thu Dec 12 06:25:19 UTC 2019
2 ms. Memory: 45056K Free: 25866K (57%)
ptolemy.util.test.WatchDog.cancel(): canceling Thu Dec 12 06:25:19 UTC 2019
------------------ testing $PTII/ptolemy/domains/de/test/auto/EventToDate.xml
auto.tcl: Setting watchdog for 200 seconds at Thu Dec 12 06:25:19 UTC 2019
3005 ms. Memory: 45056K Free: 17705K (39%)
ptolemy.util.test.WatchDog.cancel(): canceling Thu Dec 12 06:25:22 UTC 2019
auto.tcl: Setting watchdog for 200 seconds at Thu Dec 12 06:25:22 UTC 2019
3004 ms. Memory: 45056K Free: 17049K (38%)
ptolemy.util.test.WatchDog.cancel(): canceling Thu Dec 12 06:25:25 UTC 2019
------------------ testing $PTII/ptolemy/domains/de/test/auto/FSM1.xml
auto.tcl: Setting watchdog for 200 seconds at Thu Dec 12 06:25:25 UTC 2019
32 ms. Memory: 45056K Free: 18951K (42%)
ptolemy.util.test.WatchDog.cancel(): canceling Thu Dec 12 06:25:26 UTC 2019
auto.tcl: Setting watchdog for 200 seconds at Thu Dec 12 06:25:26 UTC 2019
24 ms. Memory: 45056K Free: 15701K (35%)
ptolemy.util.test.WatchDog.cancel(): canceling Thu Dec 12 06:25:26 UTC 2019
------------------ testing $PTII/ptolemy/domains/de/test/auto/FSM7.xml
auto.tcl: Setting watchdog for 200 seconds at Thu Dec 12 06:25:26 UTC 2019
25 ms. Memory: 45056K Free: 18848K (42%)
ptolemy.util.test.WatchDog.cancel(): canceling Thu Dec 12 06:25:26 UTC 2019
auto.tcl: Setting watchdog for 200 seconds at Thu Dec 12 06:25:26 UTC 2019
17 ms. Memory: 45056K Free: 15543K (34%)
ptolemy.util.test.WatchDog.cancel(): canceling Thu Dec 12 06:25:26 UTC 2019
------------------ testing $PTII/ptolemy/domains/de/test/auto/Inspection.xml
auto.tcl: Setting watchdog for 200 seconds at Thu Dec 12 06:25:26 UTC 2019
26 ms. Memory: 45056K Free: 18679K (41%)
ptolemy.util.test.WatchDog.cancel(): canceling Thu Dec 12 06:25:26 UTC 2019
auto.tcl: Setting watchdog for 200 seconds at Thu Dec 12 06:25:26 UTC 2019
36 ms. Memory: 45056K Free: 16944K (38%)
ptolemy.util.test.WatchDog.cancel(): canceling Thu Dec 12 06:25:26 UTC 2019
------------------ testing $PTII/ptolemy/domains/de/test/auto/Iteration.xml
auto.tcl: Setting watchdog for 200 seconds at Thu Dec 12 06:25:26 UTC 2019
7 ms. Memory: 45056K Free: 24435K (54%)
ptolemy.util.test.WatchDog.cancel(): canceling Thu Dec 12 06:25:26 UTC 2019
auto.tcl: Setting watchdog for 200 seconds at Thu Dec 12 06:25:26 UTC 2019
7 ms. Memory: 45056K Free: 23368K (52%)
ptolemy.util.test.WatchDog.cancel(): canceling Thu Dec 12 06:25:26 UTC 2019
------------------ testing $PTII/ptolemy/domains/de/test/auto/LineFault.xml
auto.tcl: Setting watchdog for 200 seconds at Thu Dec 12 06:25:26 UTC 2019
718 ms. Memory: 54272K Free: 26806K (49%)
ptolemy.util.test.WatchDog.cancel(): canceling Thu Dec 12 06:25:27 UTC 2019
auto.tcl: Setting watchdog for 200 seconds at Thu Dec 12 06:25:27 UTC 2019
613 ms. Memory: 54272K Free: 24694K (46%)
ptolemy.util.test.WatchDog.cancel(): canceling Thu Dec 12 06:25:28 UTC 2019
------------------ testing $PTII/ptolemy/domains/de/test/auto/MergeModel1Add.xml
auto.tcl: Setting watchdog for 200 seconds at Thu Dec 12 06:25:28 UTC 2019
28 ms. Memory: 51200K Free: 16502K (32%)
ptolemy.util.test.WatchDog.cancel(): canceling Thu Dec 12 06:25:28 UTC 2019
auto.tcl: Setting watchdog for 200 seconds at Thu Dec 12 06:25:28 UTC 2019
18 ms. Memory: 51200K Free: 14835K (29%)
ptolemy.util.test.WatchDog.cancel(): canceling Thu Dec 12 06:25:28 UTC 2019
------------------ testing $PTII/ptolemy/domains/de/test/auto/MergeModel2Add.xml
auto.tcl: Setting watchdog for 200 seconds at Thu Dec 12 06:25:28 UTC 2019
9 ms. Memory: 51200K Free: 18513K (36%)
ptolemy.util.test.WatchDog.cancel(): canceling Thu Dec 12 06:25:28 UTC 2019
auto.tcl: Setting watchdog for 200 seconds at Thu Dec 12 06:25:28 UTC 2019
8 ms. Memory: 51200K Free: 17050K (33%)
ptolemy.util.test.WatchDog.cancel(): canceling Thu Dec 12 06:25:28 UTC 2019
------------------ testing $PTII/ptolemy/domains/de/test/auto/MergeModel3Add.xml
auto.tcl: Setting watchdog for 200 seconds at Thu Dec 12 06:25:28 UTC 2019
8 ms. Memory: 51200K Free: 18522K (36%)
ptolemy.util.test.WatchDog.cancel(): canceling Thu Dec 12 06:25:28 UTC 2019
auto.tcl: Setting watchdog for 200 seconds at Thu Dec 12 06:25:28 UTC 2019
6 ms. Memory: 51200K Free: 17107K (33%)
ptolemy.util.test.WatchDog.cancel(): canceling Thu Dec 12 06:25:28 UTC 2019
------------------ testing $PTII/ptolemy/domains/de/test/auto/MergeWithoutDiscard.xml
auto.tcl: Setting watchdog for 200 seconds at Thu Dec 12 06:25:28 UTC 2019
1 ms. Memory: 51200K Free: 33441K (65%)
ptolemy.util.test.WatchDog.cancel(): canceling Thu Dec 12 06:25:28 UTC 2019
auto.tcl: Setting watchdog for 200 seconds at Thu Dec 12 06:25:28 UTC 2019
1 ms. Memory: 51200K Free: 32957K (64%)
ptolemy.util.test.WatchDog.cancel(): canceling Thu Dec 12 06:25:28 UTC 2019
------------------ testing $PTII/ptolemy/domains/de/test/auto/Modal1.xml
auto.tcl: Setting watchdog for 200 seconds at Thu Dec 12 06:25:28 UTC 2019
11 ms. Memory: 48128K Free: 21959K (46%)
ptolemy.util.test.WatchDog.cancel(): canceling Thu Dec 12 06:25:28 UTC 2019
auto.tcl: Setting watchdog for 200 seconds at Thu Dec 12 06:25:28 UTC 2019
13 ms. Memory: 48128K Free: 18484K (38%)
ptolemy.util.test.WatchDog.cancel(): canceling Thu Dec 12 06:25:28 UTC 2019
------------------ testing $PTII/ptolemy/domains/de/test/auto/Modal2.xml
auto.tcl: Setting watchdog for 200 seconds at Thu Dec 12 06:25:28 UTC 2019
14 ms. Memory: 48128K Free: 22364K (46%)
ptolemy.util.test.WatchDog.cancel(): canceling Thu Dec 12 06:25:28 UTC 2019
auto.tcl: Setting watchdog for 200 seconds at Thu Dec 12 06:25:28 UTC 2019
15 ms. Memory: 48128K Free: 18819K (39%)
ptolemy.util.test.WatchDog.cancel(): canceling Thu Dec 12 06:25:28 UTC 2019
------------------ testing $PTII/ptolemy/domains/de/test/auto/Modal3.xml
auto.tcl: Setting watchdog for 200 seconds at Thu Dec 12 06:25:28 UTC 2019
11 ms. Memory: 48128K Free: 22079K (46%)
ptolemy.util.test.WatchDog.cancel(): canceling Thu Dec 12 06:25:28 UTC 2019
auto.tcl: Setting watchdog for 200 seconds at Thu Dec 12 06:25:28 UTC 2019
12 ms. Memory: 48128K Free: 18862K (39%)
ptolemy.util.test.WatchDog.cancel(): canceling Thu Dec 12 06:25:28 UTC 2019
------------------ testing $PTII/ptolemy/domains/de/test/auto/Modal4.xml
auto.tcl: Setting watchdog for 200 seconds at Thu Dec 12 06:25:28 UTC 2019
13 ms. Memory: 48128K Free: 21044K (44%)
ptolemy.util.test.WatchDog.cancel(): canceling Thu Dec 12 06:25:28 UTC 2019
auto.tcl: Setting watchdog for 200 seconds at Thu Dec 12 06:25:28 UTC 2019
14 ms. Memory: 48128K Free: 17395K (36%)
ptolemy.util.test.WatchDog.cancel(): canceling Thu Dec 12 06:25:28 UTC 2019
------------------ testing $PTII/ptolemy/domains/de/test/auto/Modal5.xml
auto.tcl: Setting watchdog for 200 seconds at Thu Dec 12 06:25:28 UTC 2019
22 ms. Memory: 48128K Free: 21049K (44%)
ptolemy.util.test.WatchDog.cancel(): canceling Thu Dec 12 06:25:28 UTC 2019
auto.tcl: Setting watchdog for 200 seconds at Thu Dec 12 06:25:28 UTC 2019
24 ms. Memory: 48128K Free: 17445K (36%)
ptolemy.util.test.WatchDog.cancel(): canceling Thu Dec 12 06:25:29 UTC 2019
------------------ testing $PTII/ptolemy/domains/de/test/auto/Modal6.xml
auto.tcl: Setting watchdog for 200 seconds at Thu Dec 12 06:25:29 UTC 2019
20 ms. Memory: 48128K Free: 21791K (45%)
ptolemy.util.test.WatchDog.cancel(): canceling Thu Dec 12 06:25:29 UTC 2019
auto.tcl: Setting watchdog for 200 seconds at Thu Dec 12 06:25:29 UTC 2019
16 ms. Memory: 48128K Free: 18247K (38%)
ptolemy.util.test.WatchDog.cancel(): canceling Thu Dec 12 06:25:29 UTC 2019
------------------ testing $PTII/ptolemy/domains/de/test/auto/Modal7.xml
auto.tcl: Setting watchdog for 200 seconds at Thu Dec 12 06:25:29 UTC 2019
16 ms. Memory: 48128K Free: 20806K (43%)
ptolemy.util.test.WatchDog.cancel(): canceling Thu Dec 12 06:25:29 UTC 2019
auto.tcl: Setting watchdog for 200 seconds at Thu Dec 12 06:25:29 UTC 2019
19 ms. Memory: 48128K Free: 17414K (36%)
ptolemy.util.test.WatchDog.cancel(): canceling Thu Dec 12 06:25:29 UTC 2019
------------------ testing $PTII/ptolemy/domains/de/test/auto/ModalModel.xml
auto.tcl: Setting watchdog for 200 seconds at Thu Dec 12 06:25:29 UTC 2019
207 ms. Memory: 59392K Free: 27622K (47%)
ptolemy.util.test.WatchDog.cancel(): canceling Thu Dec 12 06:25:29 UTC 2019
auto.tcl: Setting watchdog for 200 seconds at Thu Dec 12 06:25:29 UTC 2019
196 ms. Memory: 59392K Free: 29188K (49%)
ptolemy.util.test.WatchDog.cancel(): canceling Thu Dec 12 06:25:29 UTC 2019
------------------ testing $PTII/ptolemy/domains/de/test/auto/ModalSource.xml
auto.tcl: Setting watchdog for 200 seconds at Thu Dec 12 06:25:29 UTC 2019
10 ms. Memory: 48128K Free: 25629K (53%)
ptolemy.util.test.WatchDog.cancel(): canceling Thu Dec 12 06:25:29 UTC 2019
auto.tcl: Setting watchdog for 200 seconds at Thu Dec 12 06:25:29 UTC 2019
6 ms. Memory: 48128K Free: 23393K (49%)
ptolemy.util.test.WatchDog.cancel(): canceling Thu Dec 12 06:25:29 UTC 2019
------------------ testing $PTII/ptolemy/domains/de/test/auto/NonInterruptibleTimerZeroDelay.xml
auto.tcl: Setting watchdog for 200 seconds at Thu Dec 12 06:25:29 UTC 2019
4 ms. Memory: 48128K Free: 30831K (64%)
ptolemy.util.test.WatchDog.cancel(): canceling Thu Dec 12 06:25:29 UTC 2019
auto.tcl: Setting watchdog for 200 seconds at Thu Dec 12 06:25:29 UTC 2019
2 ms. Memory: 48128K Free: 30192K (63%)
ptolemy.util.test.WatchDog.cancel(): canceling Thu Dec 12 06:25:29 UTC 2019
------------------ testing $PTII/ptolemy/domains/de/test/auto/OpenQueueingNetwork.xml
auto.tcl: Setting watchdog for 200 seconds at Thu Dec 12 06:25:29 UTC 2019
2971 ms. Memory: 95232K Free: 63703K (67%)
ptolemy.util.test.WatchDog.cancel(): canceling Thu Dec 12 06:25:33 UTC 2019
auto.tcl: Setting watchdog for 200 seconds at Thu Dec 12 06:25:33 UTC 2019
2533 ms. Memory: 141312K Free: 116978K (83%)
ptolemy.util.test.WatchDog.cancel(): canceling Thu Dec 12 06:25:35 UTC 2019
------------------ testing $PTII/ptolemy/domains/de/test/auto/OpenQueuingNetwork.xml
auto.tcl: Setting watchdog for 200 seconds at Thu Dec 12 06:25:35 UTC 2019
267 ms. Memory: 55296K Free: 25982K (47%)
ptolemy.util.test.WatchDog.cancel(): canceling Thu Dec 12 06:25:35 UTC 2019
auto.tcl: Setting watchdog for 200 seconds at Thu Dec 12 06:25:35 UTC 2019
239 ms. Memory: 55296K Free: 35052K (63%)
ptolemy.util.test.WatchDog.cancel(): canceling Thu Dec 12 06:25:36 UTC 2019
------------------ testing $PTII/ptolemy/domains/de/test/auto/PeriodicSampler.xml
auto.tcl: Setting watchdog for 200 seconds at Thu Dec 12 06:25:36 UTC 2019
4 ms. Memory: 48128K Free: 30030K (62%)
ptolemy.util.test.WatchDog.cancel(): canceling Thu Dec 12 06:25:36 UTC 2019
auto.tcl: Setting watchdog for 200 seconds at Thu Dec 12 06:25:36 UTC 2019
2 ms. Memory: 48128K Free: 29541K (61%)
ptolemy.util.test.WatchDog.cancel(): canceling Thu Dec 12 06:25:36 UTC 2019
------------------ testing $PTII/ptolemy/domains/de/test/auto/PersistentIO.xml
auto.tcl: Setting watchdog for 200 seconds at Thu Dec 12 06:25:36 UTC 2019
17 ms. Memory: 48128K Free: 24955K (52%)
ptolemy.util.test.WatchDog.cancel(): canceling Thu Dec 12 06:25:36 UTC 2019
auto.tcl: Setting watchdog for 200 seconds at Thu Dec 12 06:25:36 UTC 2019
4 ms. Memory: 48128K Free: 23501K (49%)
ptolemy.util.test.WatchDog.cancel(): canceling Thu Dec 12 06:25:36 UTC 2019
------------------ testing $PTII/ptolemy/domains/de/test/auto/PortParameterResetOnInitialize.xml
auto.tcl: Setting watchdog for 200 seconds at Thu Dec 12 06:25:36 UTC 2019
8 ms. Memory: 48128K Free: 29923K (62%)
ptolemy.util.test.WatchDog.cancel(): canceling Thu Dec 12 06:25:36 UTC 2019
auto.tcl: Setting watchdog for 200 seconds at Thu Dec 12 06:25:36 UTC 2019
2 ms. Memory: 48128K Free: 29449K (61%)
ptolemy.util.test.WatchDog.cancel(): canceling Thu Dec 12 06:25:36 UTC 2019
------------------ testing $PTII/ptolemy/domains/de/test/auto/PortParameterUpdates.xml
auto.tcl: Setting watchdog for 200 seconds at Thu Dec 12 06:25:36 UTC 2019
3 ms. Memory: 48128K Free: 28259K (59%)
ptolemy.util.test.WatchDog.cancel(): canceling Thu Dec 12 06:25:36 UTC 2019
auto.tcl: Setting watchdog for 200 seconds at Thu Dec 12 06:25:36 UTC 2019
3 ms. Memory: 48128K Free: 27019K (56%)
ptolemy.util.test.WatchDog.cancel(): canceling Thu Dec 12 06:25:36 UTC 2019
------------------ testing $PTII/ptolemy/domains/de/test/auto/QueueAndServer.xml
auto.tcl: Setting watchdog for 200 seconds at Thu Dec 12 06:25:36 UTC 2019
16 ms. Memory: 48128K Free: 27213K (57%)
ptolemy.util.test.WatchDog.cancel(): canceling Thu Dec 12 06:25:36 UTC 2019
auto.tcl: Setting watchdog for 200 seconds at Thu Dec 12 06:25:36 UTC 2019
8 ms. Memory: 48128K Free: 25480K (53%)
ptolemy.util.test.WatchDog.cancel(): canceling Thu Dec 12 06:25:36 UTC 2019
------------------ testing $PTII/ptolemy/domains/de/test/auto/Records.xml
auto.tcl: Setting watchdog for 200 seconds at Thu Dec 12 06:25:36 UTC 2019
3 ms. Memory: 48128K Free: 29483K (61%)
ptolemy.util.test.WatchDog.cancel(): canceling Thu Dec 12 06:25:36 UTC 2019
auto.tcl: Setting watchdog for 200 seconds at Thu Dec 12 06:25:36 UTC 2019
2 ms. Memory: 48128K Free: 29007K (60%)
ptolemy.util.test.WatchDog.cancel(): canceling Thu Dec 12 06:25:36 UTC 2019
------------------ testing $PTII/ptolemy/domains/de/test/auto/ResetTransitionWithStartTime1.xml
auto.tcl: Setting watchdog for 200 seconds at Thu Dec 12 06:25:36 UTC 2019
6 ms. Memory: 48128K Free: 26439K (55%)
ptolemy.util.test.WatchDog.cancel(): canceling Thu Dec 12 06:25:36 UTC 2019
auto.tcl: Setting watchdog for 200 seconds at Thu Dec 12 06:25:36 UTC 2019
6 ms. Memory: 48128K Free: 24427K (51%)
ptolemy.util.test.WatchDog.cancel(): canceling Thu Dec 12 06:25:36 UTC 2019
------------------ testing $PTII/ptolemy/domains/de/test/auto/ResetTransitionWithStartTime2.xml
auto.tcl: Setting watchdog for 200 seconds at Thu Dec 12 06:25:36 UTC 2019
5 ms. Memory: 48128K Free: 26394K (55%)
ptolemy.util.test.WatchDog.cancel(): canceling Thu Dec 12 06:25:36 UTC 2019
auto.tcl: Setting watchdog for 200 seconds at Thu Dec 12 06:25:36 UTC 2019
6 ms. Memory: 48128K Free: 24343K (51%)
ptolemy.util.test.WatchDog.cancel(): canceling Thu Dec 12 06:25:36 UTC 2019
------------------ testing $PTII/ptolemy/domains/de/test/auto/ResetTransitionWithStartTime3.xml
auto.tcl: Setting watchdog for 200 seconds at Thu Dec 12 06:25:36 UTC 2019
6 ms. Memory: 48128K Free: 26393K (55%)
ptolemy.util.test.WatchDog.cancel(): canceling Thu Dec 12 06:25:36 UTC 2019
auto.tcl: Setting watchdog for 200 seconds at Thu Dec 12 06:25:36 UTC 2019
6 ms. Memory: 48128K Free: 24390K (51%)
ptolemy.util.test.WatchDog.cancel(): canceling Thu Dec 12 06:25:36 UTC 2019
------------------ testing $PTII/ptolemy/domains/de/test/auto/ResetTransitionWithStartTime4.xml
auto.tcl: Setting watchdog for 200 seconds at Thu Dec 12 06:25:37 UTC 2019
7 ms. Memory: 48128K Free: 27064K (56%)
ptolemy.util.test.WatchDog.cancel(): canceling Thu Dec 12 06:25:37 UTC 2019
auto.tcl: Setting watchdog for 200 seconds at Thu Dec 12 06:25:37 UTC 2019
3 ms. Memory: 48128K Free: 25419K (53%)
ptolemy.util.test.WatchDog.cancel(): canceling Thu Dec 12 06:25:37 UTC 2019
------------------ testing $PTII/ptolemy/domains/de/test/auto/ResettableTimer1.xml
auto.tcl: Setting watchdog for 200 seconds at Thu Dec 12 06:25:37 UTC 2019
3 ms. Memory: 48128K Free: 30873K (64%)
ptolemy.util.test.WatchDog.cancel(): canceling Thu Dec 12 06:25:37 UTC 2019
auto.tcl: Setting watchdog for 200 seconds at Thu Dec 12 06:25:37 UTC 2019
2 ms. Memory: 48128K Free: 29981K (62%)
ptolemy.util.test.WatchDog.cancel(): canceling Thu Dec 12 06:25:37 UTC 2019
------------------ testing $PTII/ptolemy/domains/de/test/auto/ResettableTimer2.xml
auto.tcl: Setting watchdog for 200 seconds at Thu Dec 12 06:25:37 UTC 2019
3 ms. Memory: 48128K Free: 30677K (64%)
ptolemy.util.test.WatchDog.cancel(): canceling Thu Dec 12 06:25:37 UTC 2019
auto.tcl: Setting watchdog for 200 seconds at Thu Dec 12 06:25:37 UTC 2019
2 ms. Memory: 48128K Free: 30028K (62%)
ptolemy.util.test.WatchDog.cancel(): canceling Thu Dec 12 06:25:37 UTC 2019
------------------ testing $PTII/ptolemy/domains/de/test/auto/ResettableTimer3.xml
auto.tcl: Setting watchdog for 200 seconds at Thu Dec 12 06:25:37 UTC 2019
1 ms. Memory: 48128K Free: 31035K (64%)
ptolemy.util.test.WatchDog.cancel(): canceling Thu Dec 12 06:25:37 UTC 2019
auto.tcl: Setting watchdog for 200 seconds at Thu Dec 12 06:25:37 UTC 2019
1 ms. Memory: 48128K Free: 30561K (63%)
ptolemy.util.test.WatchDog.cancel(): canceling Thu Dec 12 06:25:37 UTC 2019
------------------ testing $PTII/ptolemy/domains/de/test/auto/ResettableTimer4.xml
auto.tcl: Setting watchdog for 200 seconds at Thu Dec 12 06:25:37 UTC 2019
1 ms. Memory: 48128K Free: 30574K (64%)
ptolemy.util.test.WatchDog.cancel(): canceling Thu Dec 12 06:25:37 UTC 2019
auto.tcl: Setting watchdog for 200 seconds at Thu Dec 12 06:25:37 UTC 2019
1 ms. Memory: 48128K Free: 30062K (62%)
ptolemy.util.test.WatchDog.cancel(): canceling Thu Dec 12 06:25:37 UTC 2019
------------------ testing $PTII/ptolemy/domains/de/test/auto/ResettableTimer5.xml
auto.tcl: Setting watchdog for 200 seconds at Thu Dec 12 06:25:37 UTC 2019
1 ms. Memory: 48128K Free: 29992K (62%)
ptolemy.util.test.WatchDog.cancel(): canceling Thu Dec 12 06:25:37 UTC 2019
auto.tcl: Setting watchdog for 200 seconds at Thu Dec 12 06:25:37 UTC 2019
1 ms. Memory: 48128K Free: 29519K (61%)
ptolemy.util.test.WatchDog.cancel(): canceling Thu Dec 12 06:25:37 UTC 2019
------------------ testing $PTII/ptolemy/domains/de/test/auto/ResettableTimer6.xml
auto.tcl: Setting watchdog for 200 seconds at Thu Dec 12 06:25:37 UTC 2019
1 ms. Memory: 48128K Free: 30007K (62%)
ptolemy.util.test.WatchDog.cancel(): canceling Thu Dec 12 06:25:37 UTC 2019
auto.tcl: Setting watchdog for 200 seconds at Thu Dec 12 06:25:37 UTC 2019
1 ms. Memory: 48128K Free: 29517K (61%)
ptolemy.util.test.WatchDog.cancel(): canceling Thu Dec 12 06:25:37 UTC 2019
------------------ testing $PTII/ptolemy/domains/de/test/auto/ServerZeroDelay.xml
auto.tcl: Setting watchdog for 200 seconds at Thu Dec 12 06:25:37 UTC 2019
4 ms. Memory: 48128K Free: 30518K (63%)
ptolemy.util.test.WatchDog.cancel(): canceling Thu Dec 12 06:25:37 UTC 2019
auto.tcl: Setting watchdog for 200 seconds at Thu Dec 12 06:25:37 UTC 2019
2 ms. Memory: 48128K Free: 29544K (61%)
ptolemy.util.test.WatchDog.cancel(): canceling Thu Dec 12 06:25:37 UTC 2019
------------------ testing $PTII/ptolemy/domains/de/test/auto/SmartSender.xml
auto.tcl: Setting watchdog for 200 seconds at Thu Dec 12 06:25:37 UTC 2019
3002 ms. Memory: 48128K Free: 30549K (63%)
ptolemy.util.test.WatchDog.cancel(): canceling Thu Dec 12 06:25:40 UTC 2019
auto.tcl: Setting watchdog for 200 seconds at Thu Dec 12 06:25:40 UTC 2019
3001 ms. Memory: 48128K Free: 30015K (62%)
ptolemy.util.test.WatchDog.cancel(): canceling Thu Dec 12 06:25:43 UTC 2019
------------------ testing $PTII/ptolemy/domains/de/test/auto/ThreadedComposite.xml
auto.tcl: Setting watchdog for 200 seconds at Thu Dec 12 06:25:43 UTC 2019
250 ms. Memory: 48128K Free: 11580K (24%)
ptolemy.util.test.WatchDog.cancel(): canceling Thu Dec 12 06:25:43 UTC 2019
auto.tcl: Setting watchdog for 200 seconds at Thu Dec 12 06:25:43 UTC 2019
133 ms. Memory: 48128K Free: 26069K (54%)
ptolemy.util.test.WatchDog.cancel(): canceling Thu Dec 12 06:25:44 UTC 2019
------------------ testing $PTII/ptolemy/domains/de/test/auto/Time.xml
auto.tcl: Setting watchdog for 200 seconds at Thu Dec 12 06:25:44 UTC 2019
503 ms. Memory: 48128K Free: 33751K (70%)
ptolemy.util.test.WatchDog.cancel(): canceling Thu Dec 12 06:25:44 UTC 2019
auto.tcl: Setting watchdog for 200 seconds at Thu Dec 12 06:25:44 UTC 2019
488 ms. Memory: 48128K Free: 9608K (20%)
ptolemy.util.test.WatchDog.cancel(): canceling Thu Dec 12 06:25:45 UTC 2019
------------------ testing $PTII/ptolemy/domains/de/test/auto/TimeDelayZeroDelay.xml
auto.tcl: Setting watchdog for 200 seconds at Thu Dec 12 06:25:45 UTC 2019
3 ms. Memory: 48128K Free: 30441K (63%)
ptolemy.util.test.WatchDog.cancel(): canceling Thu Dec 12 06:25:45 UTC 2019
auto.tcl: Setting watchdog for 200 seconds at Thu Dec 12 06:25:45 UTC 2019
2 ms. Memory: 48128K Free: 30003K (62%)
ptolemy.util.test.WatchDog.cancel(): canceling Thu Dec 12 06:25:45 UTC 2019
------------------ testing $PTII/ptolemy/domains/de/test/auto/TimerZeroDelay.xml
auto.tcl: Setting watchdog for 200 seconds at Thu Dec 12 06:25:45 UTC 2019
3 ms. Memory: 48128K Free: 30907K (64%)
ptolemy.util.test.WatchDog.cancel(): canceling Thu Dec 12 06:25:45 UTC 2019
auto.tcl: Setting watchdog for 200 seconds at Thu Dec 12 06:25:45 UTC 2019
2 ms. Memory: 48128K Free: 30485K (63%)
ptolemy.util.test.WatchDog.cancel(): canceling Thu Dec 12 06:25:45 UTC 2019
------------------ testing $PTII/ptolemy/domains/de/test/auto/TimingParadox.xml
auto.tcl: Setting watchdog for 200 seconds at Thu Dec 12 06:25:45 UTC 2019
389 ms. Memory: 48128K Free: 16169K (34%)
ptolemy.util.test.WatchDog.cancel(): canceling Thu Dec 12 06:25:45 UTC 2019
auto.tcl: Setting watchdog for 200 seconds at Thu Dec 12 06:25:45 UTC 2019
362 ms. Memory: 58368K Free: 16287K (28%)
ptolemy.util.test.WatchDog.cancel(): canceling Thu Dec 12 06:25:46 UTC 2019
------------------ testing $PTII/ptolemy/domains/de/test/auto/TransferInputs.xml
auto.tcl: Setting watchdog for 200 seconds at Thu Dec 12 06:25:46 UTC 2019
2 ms. Memory: 55296K Free: 36120K (65%)
ptolemy.util.test.WatchDog.cancel(): canceling Thu Dec 12 06:25:46 UTC 2019
auto.tcl: Setting watchdog for 200 seconds at Thu Dec 12 06:25:46 UTC 2019
2 ms. Memory: 55296K Free: 35183K (64%)
ptolemy.util.test.WatchDog.cancel(): canceling Thu Dec 12 06:25:46 UTC 2019
------------------ testing $PTII/ptolemy/domains/de/test/auto/TransferOutputs2.xml
auto.tcl: Setting watchdog for 200 seconds at Thu Dec 12 06:25:46 UTC 2019
3 ms. Memory: 48128K Free: 26394K (55%)
ptolemy.util.test.WatchDog.cancel(): canceling Thu Dec 12 06:25:46 UTC 2019
auto.tcl: Setting watchdog for 200 seconds at Thu Dec 12 06:25:46 UTC 2019
4 ms. Memory: 48128K Free: 25007K (52%)
ptolemy.util.test.WatchDog.cancel(): canceling Thu Dec 12 06:25:46 UTC 2019
------------------ testing $PTII/ptolemy/domains/de/test/auto/Trilateration.xml
auto.tcl: Setting watchdog for 200 seconds at Thu Dec 12 06:25:46 UTC 2019
14091 ms. Memory: 423936K Free: 191556K (45%)
ptolemy.util.test.WatchDog.cancel(): canceling Thu Dec 12 06:26:01 UTC 2019
auto.tcl: Setting watchdog for 200 seconds at Thu Dec 12 06:26:01 UTC 2019
10765 ms. Memory: 423936K Free: 345331K (81%)
ptolemy.util.test.WatchDog.cancel(): canceling Thu Dec 12 06:26:12 UTC 2019
------------------ testing $PTII/ptolemy/domains/de/test/auto/TwoSigmaDelta.xml
auto.tcl: Setting watchdog for 200 seconds at Thu Dec 12 06:26:12 UTC 2019
2524 ms. Memory: 86016K Free: 14326K (17%)
ptolemy.util.test.WatchDog.cancel(): canceling Thu Dec 12 06:26:15 UTC 2019
auto.tcl: Setting watchdog for 200 seconds at Thu Dec 12 06:26:15 UTC 2019
2033 ms. Memory: 86016K Free: 56283K (65%)
ptolemy.util.test.WatchDog.cancel(): canceling Thu Dec 12 06:26:17 UTC 2019
------------------ testing $PTII/ptolemy/domains/de/test/auto/VariableDelay.xml
auto.tcl: Setting watchdog for 200 seconds at Thu Dec 12 06:26:17 UTC 2019
3 ms. Memory: 51200K Free: 32502K (63%)
ptolemy.util.test.WatchDog.cancel(): canceling Thu Dec 12 06:26:17 UTC 2019
auto.tcl: Setting watchdog for 200 seconds at Thu Dec 12 06:26:17 UTC 2019
2 ms. Memory: 51200K Free: 31478K (61%)
ptolemy.util.test.WatchDog.cancel(): canceling Thu Dec 12 06:26:17 UTC 2019
------------------ testing $PTII/ptolemy/domains/de/test/auto/VariableDelay2.xml
auto.tcl: Setting watchdog for 200 seconds at Thu Dec 12 06:26:17 UTC 2019
2 ms. Memory: 48128K Free: 29859K (62%)
ptolemy.util.test.WatchDog.cancel(): canceling Thu Dec 12 06:26:17 UTC 2019
auto.tcl: Setting watchdog for 200 seconds at Thu Dec 12 06:26:17 UTC 2019
1 ms. Memory: 48128K Free: 29349K (61%)
ptolemy.util.test.WatchDog.cancel(): canceling Thu Dec 12 06:26:17 UTC 2019
------------------ testing $PTII/ptolemy/domains/de/test/auto/VariableDelayZeroDelay.xml
auto.tcl: Setting watchdog for 200 seconds at Thu Dec 12 06:26:17 UTC 2019
4 ms. Memory: 48128K Free: 30372K (63%)
ptolemy.util.test.WatchDog.cancel(): canceling Thu Dec 12 06:26:17 UTC 2019
auto.tcl: Setting watchdog for 200 seconds at Thu Dec 12 06:26:17 UTC 2019
1 ms. Memory: 48128K Free: 29433K (61%)
ptolemy.util.test.WatchDog.cancel(): canceling Thu Dec 12 06:26:17 UTC 2019
------------------ testing $PTII/ptolemy/domains/de/test/auto/VariableDelayZeroDelay2.xml
auto.tcl: Setting watchdog for 200 seconds at Thu Dec 12 06:26:17 UTC 2019
2 ms. Memory: 48128K Free: 30371K (63%)
ptolemy.util.test.WatchDog.cancel(): canceling Thu Dec 12 06:26:17 UTC 2019
auto.tcl: Setting watchdog for 200 seconds at Thu Dec 12 06:26:17 UTC 2019
2 ms. Memory: 48128K Free: 29396K (61%)
ptolemy.util.test.WatchDog.cancel(): canceling Thu Dec 12 06:26:17 UTC 2019
------------------ testing $PTII/ptolemy/domains/de/test/auto/deInCt.xml
auto.tcl: Setting watchdog for 200 seconds at Thu Dec 12 06:26:17 UTC 2019
0
1
1
1
1
0
0
0
0
0
1
1
1
0
0
0
1
1
1
0
0
0
1
1
1
1
0
0
1
1
1
0
0
1
1
1
1
1
10 ms. Memory: 48128K Free: 29344K (61%)
ptolemy.util.test.WatchDog.cancel(): canceling Thu Dec 12 06:26:17 UTC 2019
auto.tcl: Setting watchdog for 200 seconds at Thu Dec 12 06:26:17 UTC 2019
0
1
1
1
0
0
1
1
1
1
0
0
0
1
1
1
0
0
0
0
1
1
0
0
0
0
1
1
1
0
0
0
1
1
1
0
0
0
1
1
1
0
0
0
1
1
1
1
6 ms. Memory: 48128K Free: 27808K (58%)
ptolemy.util.test.WatchDog.cancel(): canceling Thu Dec 12 06:26:17 UTC 2019
------------------ testing $PTII/ptolemy/domains/de/test/auto/deInCt2.xml
auto.tcl: Setting watchdog for 200 seconds at Thu Dec 12 06:26:17 UTC 2019
0
1
1
1
0
0
1
1
1
0
0
1
1
1
0
0
1
1
1
0
0
1
1
1
0
0
1
1
1
0
0
1
1
1
0
0
1
1
1
0
0
0
13 ms. Memory: 48128K Free: 29346K (61%)
ptolemy.util.test.WatchDog.cancel(): canceling Thu Dec 12 06:26:17 UTC 2019
auto.tcl: Setting watchdog for 200 seconds at Thu Dec 12 06:26:17 UTC 2019
0
1
1
1
0
0
1
1
1
0
0
1
1
1
0
0
1
1
1
0
0
1
1
1
0
0
1
1
1
0
0
1
1
1
0
0
1
1
1
0
0
0
10 ms. Memory: 48128K Free: 27837K (58%)
ptolemy.util.test.WatchDog.cancel(): canceling Thu Dec 12 06:26:17 UTC 2019
------------------ testing $PTII/ptolemy/domains/de/test/auto/dynamicCausalityInterface1.xml
auto.tcl: Setting watchdog for 200 seconds at Thu Dec 12 06:26:17 UTC 2019
2 ms. Memory: 48128K Free: 24717K (51%)
ptolemy.util.test.WatchDog.cancel(): canceling Thu Dec 12 06:26:17 UTC 2019
auto.tcl: Setting watchdog for 200 seconds at Thu Dec 12 06:26:17 UTC 2019
1 ms. Memory: 48128K Free: 24239K (50%)
ptolemy.util.test.WatchDog.cancel(): canceling Thu Dec 12 06:26:17 UTC 2019
------------------ testing $PTII/ptolemy/domains/de/test/auto/fsm_de_test.xml
auto.tcl: Setting watchdog for 200 seconds at Thu Dec 12 06:26:17 UTC 2019
10 ms. Memory: 48128K Free: 25143K (52%)
ptolemy.util.test.WatchDog.cancel(): canceling Thu Dec 12 06:26:17 UTC 2019
auto.tcl: Setting watchdog for 200 seconds at Thu Dec 12 06:26:17 UTC 2019
6 ms. Memory: 48128K Free: 23148K (48%)
ptolemy.util.test.WatchDog.cancel(): canceling Thu Dec 12 06:26:17 UTC 2019
------------------ testing $PTII/ptolemy/domains/de/test/auto/functionDependencyReconstruction.xml
auto.tcl: Setting watchdog for 200 seconds at Thu Dec 12 06:26:17 UTC 2019
2 ms. Memory: 48128K Free: 18989K (39%)
ptolemy.util.test.WatchDog.cancel(): canceling Thu Dec 12 06:26:17 UTC 2019
auto.tcl: Setting watchdog for 200 seconds at Thu Dec 12 06:26:17 UTC 2019
3 ms. Memory: 48128K Free: 17002K (35%)
ptolemy.util.test.WatchDog.cancel(): canceling Thu Dec 12 06:26:17 UTC 2019
------------------ testing $PTII/ptolemy/domains/de/test/auto/multirate.xml
auto.tcl: Setting watchdog for 200 seconds at Thu Dec 12 06:26:17 UTC 2019
6 ms. Memory: 48128K Free: 27559K (57%)
ptolemy.util.test.WatchDog.cancel(): canceling Thu Dec 12 06:26:17 UTC 2019
auto.tcl: Setting watchdog for 200 seconds at Thu Dec 12 06:26:17 UTC 2019
3 ms. Memory: 48128K Free: 26123K (54%)
ptolemy.util.test.WatchDog.cancel(): canceling Thu Dec 12 06:26:17 UTC 2019
------------------ testing $PTII/ptolemy/domains/de/test/auto/multirate2.xml
auto.tcl: Setting watchdog for 200 seconds at Thu Dec 12 06:26:17 UTC 2019
3 ms. Memory: 48128K Free: 27970K (58%)
ptolemy.util.test.WatchDog.cancel(): canceling Thu Dec 12 06:26:17 UTC 2019
auto.tcl: Setting watchdog for 200 seconds at Thu Dec 12 06:26:17 UTC 2019
3 ms. Memory: 48128K Free: 26288K (55%)
ptolemy.util.test.WatchDog.cancel(): canceling Thu Dec 12 06:26:17 UTC 2019
------------------ testing $PTII/ptolemy/domains/de/test/auto/realtime.xml
auto.tcl: Setting watchdog for 200 seconds at Thu Dec 12 06:26:17 UTC 2019
10001 ms. Memory: 48128K Free: 30014K (62%)
ptolemy.util.test.WatchDog.cancel(): canceling Thu Dec 12 06:26:27 UTC 2019
auto.tcl: Setting watchdog for 200 seconds at Thu Dec 12 06:26:27 UTC 2019
10001 ms. Memory: 48128K Free: 29291K (61%)
ptolemy.util.test.WatchDog.cancel(): canceling Thu Dec 12 06:26:37 UTC 2019
------------------ testing $PTII/ptolemy/domains/de/test/auto/relationGroup.xml
auto.tcl: Setting watchdog for 200 seconds at Thu Dec 12 06:26:38 UTC 2019
3 ms. Memory: 48128K Free: 31104K (65%)
ptolemy.util.test.WatchDog.cancel(): canceling Thu Dec 12 06:26:38 UTC 2019
auto.tcl: Setting watchdog for 200 seconds at Thu Dec 12 06:26:38 UTC 2019
1 ms. Memory: 48128K Free: 30370K (63%)
ptolemy.util.test.WatchDog.cancel(): canceling Thu Dec 12 06:26:38 UTC 2019
------------------ testing $PTII/ptolemy/domains/de/test/auto/relationGroup2.xml
auto.tcl: Setting watchdog for 200 seconds at Thu Dec 12 06:26:38 UTC 2019
1 ms. Memory: 48128K Free: 31081K (65%)
ptolemy.util.test.WatchDog.cancel(): canceling Thu Dec 12 06:26:38 UTC 2019
auto.tcl: Setting watchdog for 200 seconds at Thu Dec 12 06:26:38 UTC 2019
1 ms. Memory: 48128K Free: 30395K (63%)
ptolemy.util.test.WatchDog.cancel(): canceling Thu Dec 12 06:26:38 UTC 2019
------------------ testing $PTII/ptolemy/domains/de/test/auto/sortWithOpaquePorts.xml
auto.tcl: Setting watchdog for 200 seconds at Thu Dec 12 06:26:38 UTC 2019
1 ms. Memory: 48128K Free: 30396K (63%)
ptolemy.util.test.WatchDog.cancel(): canceling Thu Dec 12 06:26:38 UTC 2019
auto.tcl: Setting watchdog for 200 seconds at Thu Dec 12 06:26:38 UTC 2019
1 ms. Memory: 48128K Free: 28912K (60%)
ptolemy.util.test.WatchDog.cancel(): canceling Thu Dec 12 06:26:38 UTC 2019
------------------ testing $PTII/ptolemy/domains/de/test/auto/transferInputsandOutputs.xml
auto.tcl: Setting watchdog for 200 seconds at Thu Dec 12 06:26:38 UTC 2019
2 ms. Memory: 48128K Free: 27312K (57%)
ptolemy.util.test.WatchDog.cancel(): canceling Thu Dec 12 06:26:38 UTC 2019
auto.tcl: Setting watchdog for 200 seconds at Thu Dec 12 06:26:38 UTC 2019
2 ms. Memory: 48128K Free: 26329K (55%)
ptolemy.util.test.WatchDog.cancel(): canceling Thu Dec 12 06:26:38 UTC 2019
------------------ testing $PTII/ptolemy/domains/de/test/auto/triggerType.xml
auto.tcl: Setting watchdog for 200 seconds at Thu Dec 12 06:26:38 UTC 2019
1 ms. Memory: 48128K Free: 30337K (63%)
ptolemy.util.test.WatchDog.cancel(): canceling Thu Dec 12 06:26:38 UTC 2019
auto.tcl: Setting watchdog for 200 seconds at Thu Dec 12 06:26:38 UTC 2019
2 ms. Memory: 48128K Free: 29372K (61%)
ptolemy.util.test.WatchDog.cancel(): canceling Thu Dec 12 06:26:38 UTC 2019
12/12/19 06:26:38
Failed: 0  Total Tests: 192  ((Passed: 187, Newly Passed: 1)  Known Failed: 5) /home/travis/build/icyphy/ptII/ptolemy/domains/de/test
12/12/19 06:26:38
Failed: 0  Total Tests: 192  ((Passed: 187, Newly Passed: 1)  Known Failed: 5) /home/travis/build/icyphy/ptII/ptolemy/domains/de/test
----------------- testing (KnownFailure) /home/travis/build/icyphy/ptII/ptolemy/domains/de/test/auto/knownFailedTests/DESDFClockTest.xml
2013 ms. Memory: 48128K Free: 23731K (49%)
Known Failure: java.lang.reflect.InvocationTargetException
----------------- testing (KnownFailure) /home/travis/build/icyphy/ptII/ptolemy/domains/de/test/auto/knownFailedTests/DirectFeedback.xml
1 ms. Memory: 48128K Free: 19635K (41%)
Known Failure: java.lang.reflect.InvocationTargetException
----------------- testing (KnownFailure) /home/travis/build/icyphy/ptII/ptolemy/domains/de/test/auto/knownFailedTests/FSMSource.xml
7 ms. Memory: 48128K Free: 11443K (24%)
----------------- testing (KnownFailure) /home/travis/build/icyphy/ptII/ptolemy/domains/de/test/auto/knownFailedTests/HierarchicalModel.xml
3 ms. Memory: 48128K Free: 22677K (47%)
Known Failure: java.lang.reflect.InvocationTargetException
----------------- testing (KnownFailure) /home/travis/build/icyphy/ptII/ptolemy/domains/de/test/auto/knownFailedTests/dependencyLoop.xml
2 ms. Memory: 48128K Free: 7776K (16%)
Known Failure: java.lang.reflect.InvocationTargetException
----------------- testing (KnownFailure) /home/travis/build/icyphy/ptII/ptolemy/domains/de/test/auto/knownFailedTests/dependencyLoop2.xml
5 ms. Memory: 48128K Free: 20218K (42%)
Known Failure: java.lang.reflect.InvocationTargetException
No auto/linux-amd64/*.xml tests in /home/travis/build/icyphy/ptII/ptolemy/domains/de/test
AutoTests.java: About to close Vertx.
AutoTests.java: Vertx closed.

===========================================================================================
----------------- testing Thu Dec 12 06:26:40 UTC 2019 /home/travis/build/icyphy/ptII/ptolemy/domains/de/test/auto/ActorDepthCalculation_actorWithoutPorts.xml
----------------- Instantiating /home/travis/build/icyphy/ptII/ptolemy/domains/de/test/auto/ActorDepthCalculation_actorWithoutPorts.xml
1 ms. Memory: 48128K Free: 13364K (28%)
----------------- Invoking toplevel() on ptolemy.moml.MoMLSimpleApplication@7f40a3a5
----------------- Done invoking toplevel() on ptolemy.moml.MoMLSimpleApplication@7f40a3a5
reloadAllAccessors: .ActorDepthCalculation_actorWithoutPorts

===========================================================================================
----------------- testing Thu Dec 12 06:26:40 UTC 2019 /home/travis/build/icyphy/ptII/ptolemy/domains/de/test/auto/AssemblyLine.xml
----------------- Instantiating /home/travis/build/icyphy/ptII/ptolemy/domains/de/test/auto/AssemblyLine.xml
4 ms. Memory: 48128K Free: 32810K (68%)
----------------- Invoking toplevel() on ptolemy.moml.MoMLSimpleApplication@2c2a1a83
----------------- Done invoking toplevel() on ptolemy.moml.MoMLSimpleApplication@2c2a1a83
reloadAllAccessors: .AssemblyLine

===========================================================================================
----------------- testing Thu Dec 12 06:26:40 UTC 2019 /home/travis/build/icyphy/ptII/ptolemy/domains/de/test/auto/CQBug1.xml
----------------- Instantiating /home/travis/build/icyphy/ptII/ptolemy/domains/de/test/auto/CQBug1.xml
1 ms. Memory: 48128K Free: 30036K (62%)
----------------- Invoking toplevel() on ptolemy.moml.MoMLSimpleApplication@2ab90445
----------------- Done invoking toplevel() on ptolemy.moml.MoMLSimpleApplication@2ab90445
reloadAllAccessors: .CQBug1

===========================================================================================
----------------- testing Thu Dec 12 06:26:40 UTC 2019 /home/travis/build/icyphy/ptII/ptolemy/domains/de/test/auto/CancelFireAt.xml
----------------- Instantiating /home/travis/build/icyphy/ptII/ptolemy/domains/de/test/auto/CancelFireAt.xml
9 ms. Memory: 48128K Free: 27642K (57%)
----------------- Invoking toplevel() on ptolemy.moml.MoMLSimpleApplication@38bee03a
----------------- Done invoking toplevel() on ptolemy.moml.MoMLSimpleApplication@38bee03a
reloadAllAccessors: .CancelFireAt

===========================================================================================
----------------- testing Thu Dec 12 06:26:40 UTC 2019 /home/travis/build/icyphy/ptII/ptolemy/domains/de/test/auto/CausalityAndComposabilityAnalysis.xml
----------------- Instantiating /home/travis/build/icyphy/ptII/ptolemy/domains/de/test/auto/CausalityAndComposabilityAnalysis.xml
3 ms. Memory: 48128K Free: 23357K (49%)
----------------- Invoking toplevel() on ptolemy.moml.MoMLSimpleApplication@6ac4e92c
----------------- Done invoking toplevel() on ptolemy.moml.MoMLSimpleApplication@6ac4e92c
reloadAllAccessors: .CausalityAndComposabilityAnalysis

===========================================================================================
----------------- testing Thu Dec 12 06:26:40 UTC 2019 /home/travis/build/icyphy/ptII/ptolemy/domains/de/test/auto/CausalityInterface1.xml
----------------- Instantiating /home/travis/build/icyphy/ptII/ptolemy/domains/de/test/auto/CausalityInterface1.xml
6 ms. Memory: 48128K Free: 18207K (38%)
----------------- Invoking toplevel() on ptolemy.moml.MoMLSimpleApplication@44556b74
----------------- Done invoking toplevel() on ptolemy.moml.MoMLSimpleApplication@44556b74
reloadAllAccessors: .CausalityInterface1

===========================================================================================
----------------- testing Thu Dec 12 06:26:40 UTC 2019 /home/travis/build/icyphy/ptII/ptolemy/domains/de/test/auto/CausalityInterface15.xml
----------------- Instantiating /home/travis/build/icyphy/ptII/ptolemy/domains/de/test/auto/CausalityInterface15.xml
2 ms. Memory: 48128K Free: 12749K (26%)
----------------- Invoking toplevel() on ptolemy.moml.MoMLSimpleApplication@76746aa1
----------------- Done invoking toplevel() on ptolemy.moml.MoMLSimpleApplication@76746aa1
reloadAllAccessors: .CausalityInterface15

===========================================================================================
----------------- testing Thu Dec 12 06:26:40 UTC 2019 /home/travis/build/icyphy/ptII/ptolemy/domains/de/test/auto/CausalityInterface2.xml
----------------- Instantiating /home/travis/build/icyphy/ptII/ptolemy/domains/de/test/auto/CausalityInterface2.xml
1 ms. Memory: 48128K Free: 8242K (17%)
[...]
	at ptolemy.actor.Manager.run(Manager.java:1263)
	at ptolemy.actor.Manager$PtolemyRunThread.run(Manager.java:1933)
java.lang.RuntimeException: Execution failed
	at ptolemy.moml.MoMLSimpleApplication$UnloadThread.run(MoMLSimpleApplication.java:402)
Caused by: ptolemy.kernel.util.IllegalActionException: Actor is not ready to fire.  Perhaps UpSample.prefire() returned false? Try debugging the actor by selecting "Listen to Actor".  Also, for SDF check moml for tokenConsumptionRate on input.
  in .DESDFClockTest.Play Bell.Copy1:SDF Director and .DESDFClockTest.Play Bell.UpSample
	at ptolemy.actor.sched.StaticSchedulingDirector.fire(StaticSchedulingDirector.java:227)
	at ptolemy.domains.sdf.kernel.SDFDirector.fire(SDFDirector.java:500)
	at ptolemy.actor.CompositeActor.fire(CompositeActor.java:455)
	at ptolemy.domains.de.kernel.DEDirector._fire(DEDirector.java:1949)
	at ptolemy.domains.de.kernel.DEDirector.fire(DEDirector.java:502)
	at ptolemy.actor.CompositeActor.fire(CompositeActor.java:455)
	at ptolemy.actor.Manager.iterate(Manager.java:851)
	at ptolemy.actor.Manager.execute(Manager.java:369)
	at ptolemy.actor.Manager.run(Manager.java:1263)
	at ptolemy.actor.Manager$PtolemyRunThread.run(Manager.java:1933)
java.lang.reflect.InvocationTargetException
	at java.base/jdk.internal.reflect.NativeConstructorAccessorImpl.newInstance0(Native Method)
	at java.base/jdk.internal.reflect.NativeConstructorAccessorImpl.newInstance(NativeConstructorAccessorImpl.java:62)
	at java.base/jdk.internal.reflect.DelegatingConstructorAccessorImpl.newInstance(DelegatingConstructorAccessorImpl.java:45)
	at java.base/java.lang.reflect.Constructor.newInstance(Constructor.java:490)
	at ptolemy.util.test.junit.AutoKnownFailedTests.RunModel(AutoKnownFailedTests.java:105)
	at java.base/jdk.internal.reflect.NativeMethodAccessorImpl.invoke0(Native Method)
	at java.base/jdk.internal.reflect.NativeMethodAccessorImpl.invoke(NativeMethodAccessorImpl.java:62)
	at java.base/jdk.internal.reflect.DelegatingMethodAccessorImpl.invoke(DelegatingMethodAccessorImpl.java:43)
	at java.base/java.lang.reflect.Method.invoke(Method.java:566)
	at org.junit.runners.model.FrameworkMethod$1.runReflectiveCall(FrameworkMethod.java:44)
	at org.junit.internal.runners.model.ReflectiveCallable.run(ReflectiveCallable.java:15)
	at org.junit.runners.model.FrameworkMethod.invokeExplosively(FrameworkMethod.java:41)
	at junitparams.internal.InvokeParameterisedMethod.evaluate(InvokeParameterisedMethod.java:102)
	at org.junit.internal.runners.statements.FailOnTimeout$1.run(FailOnTimeout.java:28)
Caused by: ptolemy.kernel.util.IllegalActionException: Actor is not ready to fire.  Perhaps UpSample.prefire() returned false? Try debugging the actor by selecting "Listen to Actor".  Also, for SDF check moml for tokenConsumptionRate on input.
  in .DESDFClockTest.Play Bell.Copy1:SDF Director and .DESDFClockTest.Play Bell.UpSample
	at ptolemy.actor.sched.StaticSchedulingDirector.fire(StaticSchedulingDirector.java:227)
	at ptolemy.domains.sdf.kernel.SDFDirector.fire(SDFDirector.java:500)
	at ptolemy.actor.CompositeActor.fire(CompositeActor.java:455)
	at ptolemy.domains.de.kernel.DEDirector._fire(DEDirector.java:1949)
	at ptolemy.domains.de.kernel.DEDirector.fire(DEDirector.java:502)
	at ptolemy.actor.CompositeActor.fire(CompositeActor.java:455)
	at ptolemy.actor.Manager.iterate(Manager.java:851)
	at ptolemy.actor.Manager.execute(Manager.java:369)
	at ptolemy.actor.Manager.run(Manager.java:1263)
	at ptolemy.actor.Manager$PtolemyRunThread.run(Manager.java:1933)
java.lang.RuntimeException: Execution failed
	at ptolemy.moml.MoMLSimpleApplication$UnloadThread.run(MoMLSimpleApplication.java:402)
Caused by: ptolemy.kernel.util.IllegalActionException: Test fails in iteration 1.
Value was: 1.0. Should have been: 2.0
  in .DirectFeedback.Test
	at ptolemy.actor.lib.Test.fire(Test.java:268)
	at ptolemy.domains.de.kernel.DEDirector._fire(DEDirector.java:1949)
	at ptolemy.domains.de.kernel.DEDirector.fire(DEDirector.java:502)
	at ptolemy.actor.CompositeActor.fire(CompositeActor.java:455)
	at ptolemy.actor.Manager.iterate(Manager.java:851)
	at ptolemy.actor.Manager.execute(Manager.java:369)
	at ptolemy.actor.Manager.run(Manager.java:1263)
	at ptolemy.actor.Manager$PtolemyRunThread.run(Manager.java:1933)
java.lang.reflect.InvocationTargetException
	at java.base/jdk.internal.reflect.NativeConstructorAccessorImpl.newInstance0(Native Method)
	at java.base/jdk.internal.reflect.NativeConstructorAccessorImpl.newInstance(NativeConstructorAccessorImpl.java:62)
	at java.base/jdk.internal.reflect.DelegatingConstructorAccessorImpl.newInstance(DelegatingConstructorAccessorImpl.java:45)
	at java.base/java.lang.reflect.Constructor.newInstance(Constructor.java:490)
	at ptolemy.util.test.junit.AutoKnownFailedTests.RunModel(AutoKnownFailedTests.java:105)
	at java.base/jdk.internal.reflect.NativeMethodAccessorImpl.invoke0(Native Method)
	at java.base/jdk.internal.reflect.NativeMethodAccessorImpl.invoke(NativeMethodAccessorImpl.java:62)
	at java.base/jdk.internal.reflect.DelegatingMethodAccessorImpl.invoke(DelegatingMethodAccessorImpl.java:43)
	at java.base/java.lang.reflect.Method.invoke(Method.java:566)
	at org.junit.runners.model.FrameworkMethod$1.runReflectiveCall(FrameworkMethod.java:44)
	at org.junit.internal.runners.model.ReflectiveCallable.run(ReflectiveCallable.java:15)
	at org.junit.runners.model.FrameworkMethod.invokeExplosively(FrameworkMethod.java:41)
	at junitparams.internal.InvokeParameterisedMethod.evaluate(InvokeParameterisedMethod.java:102)
	at org.junit.internal.runners.statements.FailOnTimeout$1.run(FailOnTimeout.java:28)
Caused by: ptolemy.kernel.util.IllegalActionException: Test fails in iteration 1.
Value was: 1.0. Should have been: 2.0
  in .DirectFeedback.Test
	at ptolemy.actor.lib.Test.fire(Test.java:268)
	at ptolemy.domains.de.kernel.DEDirector._fire(DEDirector.java:1949)
	at ptolemy.domains.de.kernel.DEDirector.fire(DEDirector.java:502)
	at ptolemy.actor.CompositeActor.fire(CompositeActor.java:455)
	at ptolemy.actor.Manager.iterate(Manager.java:851)
	at ptolemy.actor.Manager.execute(Manager.java:369)
	at ptolemy.actor.Manager.run(Manager.java:1263)
	at ptolemy.actor.Manager$PtolemyRunThread.run(Manager.java:1933)
java.lang.RuntimeException: Execution failed
	at ptolemy.moml.MoMLSimpleApplication$UnloadThread.run(MoMLSimpleApplication.java:402)
Caused by: ptolemy.kernel.util.IllegalActionException: Found a zero delay loop containing .HierarchicalModel.A
  in .HierarchicalModel and .HierarchicalModel.A
	at ptolemy.actor.util.CausalityInterfaceForComposites._computeOutputPortDepth(CausalityInterfaceForComposites.java:759)
	at ptolemy.actor.util.CausalityInterfaceForComposites._computeInputDepth(CausalityInterfaceForComposites.java:696)
	at ptolemy.actor.util.CausalityInterfaceForComposites._computeOutputPortDepth(CausalityInterfaceForComposites.java:765)
	at ptolemy.actor.util.CausalityInterfaceForComposites._computeInputDepth(CausalityInterfaceForComposites.java:696)
	at ptolemy.actor.util.CausalityInterfaceForComposites._computeOutputPortDepth(CausalityInterfaceForComposites.java:765)
	at ptolemy.actor.util.CausalityInterfaceForComposites._computeInputDepth(CausalityInterfaceForComposites.java:696)
	at ptolemy.actor.util.CausalityInterfaceForComposites._computeActorDepth(CausalityInterfaceForComposites.java:532)
	at ptolemy.actor.util.CausalityInterfaceForComposites.checkForCycles(CausalityInterfaceForComposites.java:96)
	at ptolemy.domains.de.kernel.DEDirector.preinitialize(DEDirector.java:1338)
	at ptolemy.actor.CompositeActor.preinitialize(CompositeActor.java:1828)
	at ptolemy.actor.Manager.preinitializeAndResolveTypes(Manager.java:1040)
	at ptolemy.actor.Manager.initialize(Manager.java:710)
	at ptolemy.actor.Manager.execute(Manager.java:356)
	at ptolemy.actor.Manager.run(Manager.java:1263)
	at ptolemy.actor.Manager$PtolemyRunThread.run(Manager.java:1933)
java.lang.reflect.InvocationTargetException
	at java.base/jdk.internal.reflect.NativeConstructorAccessorImpl.newInstance0(Native Method)
	at java.base/jdk.internal.reflect.NativeConstructorAccessorImpl.newInstance(NativeConstructorAccessorImpl.java:62)
	at java.base/jdk.internal.reflect.DelegatingConstructorAccessorImpl.newInstance(DelegatingConstructorAccessorImpl.java:45)
	at java.base/java.lang.reflect.Constructor.newInstance(Constructor.java:490)
	at ptolemy.util.test.junit.AutoKnownFailedTests.RunModel(AutoKnownFailedTests.java:105)
	at java.base/jdk.internal.reflect.NativeMethodAccessorImpl.invoke0(Native Method)
	at java.base/jdk.internal.reflect.NativeMethodAccessorImpl.invoke(NativeMethodAccessorImpl.java:62)
	at java.base/jdk.internal.reflect.DelegatingMethodAccessorImpl.invoke(DelegatingMethodAccessorImpl.java:43)
	at java.base/java.lang.reflect.Method.invoke(Method.java:566)
	at org.junit.runners.model.FrameworkMethod$1.runReflectiveCall(FrameworkMethod.java:44)
	at org.junit.internal.runners.model.ReflectiveCallable.run(ReflectiveCallable.java:15)
	at org.junit.runners.model.FrameworkMethod.invokeExplosively(FrameworkMethod.java:41)
	at junitparams.internal.InvokeParameterisedMethod.evaluate(InvokeParameterisedMethod.java:102)
	at org.junit.internal.runners.statements.FailOnTimeout$1.run(FailOnTimeout.java:28)
Caused by: ptolemy.kernel.util.IllegalActionException: Found a zero delay loop containing .HierarchicalModel.A
  in .HierarchicalModel and .HierarchicalModel.A
	at ptolemy.actor.util.CausalityInterfaceForComposites._computeOutputPortDepth(CausalityInterfaceForComposites.java:759)
	at ptolemy.actor.util.CausalityInterfaceForComposites._computeInputDepth(CausalityInterfaceForComposites.java:696)
	at ptolemy.actor.util.CausalityInterfaceForComposites._computeOutputPortDepth(CausalityInterfaceForComposites.java:765)
	at ptolemy.actor.util.CausalityInterfaceForComposites._computeInputDepth(CausalityInterfaceForComposites.java:696)
	at ptolemy.actor.util.CausalityInterfaceForComposites._computeOutputPortDepth(CausalityInterfaceForComposites.java:765)
	at ptolemy.actor.util.CausalityInterfaceForComposites._computeInputDepth(CausalityInterfaceForComposites.java:696)
	at ptolemy.actor.util.CausalityInterfaceForComposites._computeActorDepth(CausalityInterfaceForComposites.java:532)
	at ptolemy.actor.util.CausalityInterfaceForComposites.checkForCycles(CausalityInterfaceForComposites.java:96)
	at ptolemy.domains.de.kernel.DEDirector.preinitialize(DEDirector.java:1338)
	at ptolemy.actor.CompositeActor.preinitialize(CompositeActor.java:1828)
	at ptolemy.actor.Manager.preinitializeAndResolveTypes(Manager.java:1040)
	at ptolemy.actor.Manager.initialize(Manager.java:710)
	at ptolemy.actor.Manager.execute(Manager.java:356)
	at ptolemy.actor.Manager.run(Manager.java:1263)
	at ptolemy.actor.Manager$PtolemyRunThread.run(Manager.java:1933)
java.lang.RuntimeException: Execution failed
	at ptolemy.moml.MoMLSimpleApplication$UnloadThread.run(MoMLSimpleApplication.java:402)
Caused by: ptolemy.kernel.util.IllegalActionException: Found a zero delay loop containing .dependencyLoop.original
  in .dependencyLoop and .dependencyLoop.original
	at ptolemy.actor.util.CausalityInterfaceForComposites._computeOutputPortDepth(CausalityInterfaceForComposites.java:759)
	at ptolemy.actor.util.CausalityInterfaceForComposites._computeInputDepth(CausalityInterfaceForComposites.java:696)
	at ptolemy.actor.util.CausalityInterfaceForComposites._computeOutputPortDepth(CausalityInterfaceForComposites.java:765)
	at ptolemy.actor.util.CausalityInterfaceForComposites._computeInputDepth(CausalityInterfaceForComposites.java:696)
	at ptolemy.actor.util.CausalityInterfaceForComposites._computeOutputPortDepth(CausalityInterfaceForComposites.java:765)
	at ptolemy.actor.util.CausalityInterfaceForComposites._computeInputDepth(CausalityInterfaceForComposites.java:696)
	at ptolemy.actor.util.CausalityInterfaceForComposites._computeActorDepth(CausalityInterfaceForComposites.java:532)
	at ptolemy.actor.util.CausalityInterfaceForComposites.checkForCycles(CausalityInterfaceForComposites.java:96)
	at ptolemy.domains.de.kernel.DEDirector.preinitialize(DEDirector.java:1338)
	at ptolemy.actor.CompositeActor.preinitialize(CompositeActor.java:1828)
	at ptolemy.actor.Manager.preinitializeAndResolveTypes(Manager.java:1040)
	at ptolemy.actor.Manager.initialize(Manager.java:710)
	at ptolemy.actor.Manager.execute(Manager.java:356)
	at ptolemy.actor.Manager.run(Manager.java:1263)
	at ptolemy.actor.Manager$PtolemyRunThread.run(Manager.java:1933)
java.lang.reflect.InvocationTargetException
	at java.base/jdk.internal.reflect.NativeConstructorAccessorImpl.newInstance0(Native Method)
	at java.base/jdk.internal.reflect.NativeConstructorAccessorImpl.newInstance(NativeConstructorAccessorImpl.java:62)
	at java.base/jdk.internal.reflect.DelegatingConstructorAccessorImpl.newInstance(DelegatingConstructorAccessorImpl.java:45)
	at java.base/java.lang.reflect.Constructor.newInstance(Constructor.java:490)
	at ptolemy.util.test.junit.AutoKnownFailedTests.RunModel(AutoKnownFailedTests.java:105)
	at java.base/jdk.internal.reflect.NativeMethodAccessorImpl.invoke0(Native Method)
	at java.base/jdk.internal.reflect.NativeMethodAccessorImpl.invoke(NativeMethodAccessorImpl.java:62)
	at java.base/jdk.internal.reflect.DelegatingMethodAccessorImpl.invoke(DelegatingMethodAccessorImpl.java:43)
	at java.base/java.lang.reflect.Method.invoke(Method.java:566)
	at org.junit.runners.model.FrameworkMethod$1.runReflectiveCall(FrameworkMethod.java:44)
	at org.junit.internal.runners.model.ReflectiveCallable.run(ReflectiveCallable.java:15)
	at org.junit.runners.model.FrameworkMethod.invokeExplosively(FrameworkMethod.java:41)
	at junitparams.internal.InvokeParameterisedMethod.evaluate(InvokeParameterisedMethod.java:102)
	at org.junit.internal.runners.statements.FailOnTimeout$1.run(FailOnTimeout.java:28)
Caused by: ptolemy.kernel.util.IllegalActionException: Found a zero delay loop containing .dependencyLoop.original
  in .dependencyLoop and .dependencyLoop.original
	at ptolemy.actor.util.CausalityInterfaceForComposites._computeOutputPortDepth(CausalityInterfaceForComposites.java:759)
	at ptolemy.actor.util.CausalityInterfaceForComposites._computeInputDepth(CausalityInterfaceForComposites.java:696)
	at ptolemy.actor.util.CausalityInterfaceForComposites._computeOutputPortDepth(CausalityInterfaceForComposites.java:765)
	at ptolemy.actor.util.CausalityInterfaceForComposites._computeInputDepth(CausalityInterfaceForComposites.java:696)
	at ptolemy.actor.util.CausalityInterfaceForComposites._computeOutputPortDepth(CausalityInterfaceForComposites.java:765)
	at ptolemy.actor.util.CausalityInterfaceForComposites._computeInputDepth(CausalityInterfaceForComposites.java:696)
	at ptolemy.actor.util.CausalityInterfaceForComposites._computeActorDepth(CausalityInterfaceForComposites.java:532)
	at ptolemy.actor.util.CausalityInterfaceForComposites.checkForCycles(CausalityInterfaceForComposites.java:96)
	at ptolemy.domains.de.kernel.DEDirector.preinitialize(DEDirector.java:1338)
	at ptolemy.actor.CompositeActor.preinitialize(CompositeActor.java:1828)
	at ptolemy.actor.Manager.preinitializeAndResolveTypes(Manager.java:1040)
	at ptolemy.actor.Manager.initialize(Manager.java:710)
	at ptolemy.actor.Manager.execute(Manager.java:356)
	at ptolemy.actor.Manager.run(Manager.java:1263)
	at ptolemy.actor.Manager$PtolemyRunThread.run(Manager.java:1933)
java.lang.RuntimeException: Execution failed
	at ptolemy.moml.MoMLSimpleApplication$UnloadThread.run(MoMLSimpleApplication.java:402)
Caused by: ptolemy.kernel.util.IllegalActionException: Found a zero delay loop containing .dependencyLoop2.original
  in .dependencyLoop2 and .dependencyLoop2.original
	at ptolemy.actor.util.CausalityInterfaceForComposites._computeOutputPortDepth(CausalityInterfaceForComposites.java:759)
	at ptolemy.actor.util.CausalityInterfaceForComposites._computeInputDepth(CausalityInterfaceForComposites.java:696)
	at ptolemy.actor.util.CausalityInterfaceForComposites._computeOutputPortDepth(CausalityInterfaceForComposites.java:765)
	at ptolemy.actor.util.CausalityInterfaceForComposites._computeInputDepth(CausalityInterfaceForComposites.java:696)
	at ptolemy.actor.util.CausalityInterfaceForComposites._computeOutputPortDepth(CausalityInterfaceForComposites.java:765)
	at ptolemy.actor.util.CausalityInterfaceForComposites._computeInputDepth(CausalityInterfaceForComposites.java:696)
	at ptolemy.actor.util.CausalityInterfaceForComposites._computeActorDepth(CausalityInterfaceForComposites.java:532)
	at ptolemy.actor.util.CausalityInterfaceForComposites.checkForCycles(CausalityInterfaceForComposites.java:96)
	at ptolemy.domains.de.kernel.DEDirector.preinitialize(DEDirector.java:1338)
	at ptolemy.actor.CompositeActor.preinitialize(CompositeActor.java:1828)
	at ptolemy.actor.Manager.preinitializeAndResolveTypes(Manager.java:1040)
	at ptolemy.actor.Manager.initialize(Manager.java:710)
	at ptolemy.actor.Manager.execute(Manager.java:356)
	at ptolemy.actor.Manager.run(Manager.java:1263)
	at ptolemy.actor.Manager$PtolemyRunThread.run(Manager.java:1933)
java.lang.reflect.InvocationTargetException
	at java.base/jdk.internal.reflect.NativeConstructorAccessorImpl.newInstance0(Native Method)
	at java.base/jdk.internal.reflect.NativeConstructorAccessorImpl.newInstance(NativeConstructorAccessorImpl.java:62)
	at java.base/jdk.internal.reflect.DelegatingConstructorAccessorImpl.newInstance(DelegatingConstructorAccessorImpl.java:45)
	at java.base/java.lang.reflect.Constructor.newInstance(Constructor.java:490)
	at ptolemy.util.test.junit.AutoKnownFailedTests.RunModel(AutoKnownFailedTests.java:105)
	at java.base/jdk.internal.reflect.NativeMethodAccessorImpl.invoke0(Native Method)
	at java.base/jdk.internal.reflect.NativeMethodAccessorImpl.invoke(NativeMethodAccessorImpl.java:62)
	at java.base/jdk.internal.reflect.DelegatingMethodAccessorImpl.invoke(DelegatingMethodAccessorImpl.java:43)
	at java.base/java.lang.reflect.Method.invoke(Method.java:566)
	at org.junit.runners.model.FrameworkMethod$1.runReflectiveCall(FrameworkMethod.java:44)
	at org.junit.internal.runners.model.ReflectiveCallable.run(ReflectiveCallable.java:15)
	at org.junit.runners.model.FrameworkMethod.invokeExplosively(FrameworkMethod.java:41)
	at junitparams.internal.InvokeParameterisedMethod.evaluate(InvokeParameterisedMethod.java:102)
	at org.junit.internal.runners.statements.FailOnTimeout$1.run(FailOnTimeout.java:28)
Caused by: ptolemy.kernel.util.IllegalActionException: Found a zero delay loop containing .dependencyLoop2.original
  in .dependencyLoop2 and .dependencyLoop2.original
	at ptolemy.actor.util.CausalityInterfaceForComposites._computeOutputPortDepth(CausalityInterfaceForComposites.java:759)
	at ptolemy.actor.util.CausalityInterfaceForComposites._computeInputDepth(CausalityInterfaceForComposites.java:696)
	at ptolemy.actor.util.CausalityInterfaceForComposites._computeOutputPortDepth(CausalityInterfaceForComposites.java:765)
	at ptolemy.actor.util.CausalityInterfaceForComposites._computeInputDepth(CausalityInterfaceForComposites.java:696)
	at ptolemy.actor.util.CausalityInterfaceForComposites._computeOutputPortDepth(CausalityInterfaceForComposites.java:765)
	at ptolemy.actor.util.CausalityInterfaceForComposites._computeInputDepth(CausalityInterfaceForComposites.java:696)
	at ptolemy.actor.util.CausalityInterfaceForComposites._computeActorDepth(CausalityInterfaceForComposites.java:532)
	at ptolemy.actor.util.CausalityInterfaceForComposites.checkForCycles(CausalityInterfaceForComposites.java:96)
	at ptolemy.domains.de.kernel.DEDirector.preinitialize(DEDirector.java:1338)
	at ptolemy.actor.CompositeActor.preinitialize(CompositeActor.java:1828)
	at ptolemy.actor.Manager.preinitializeAndResolveTypes(Manager.java:1040)
	at ptolemy.actor.Manager.initialize(Manager.java:710)
	at ptolemy.actor.Manager.execute(Manager.java:356)
	at ptolemy.actor.Manager.run(Manager.java:1263)
	at ptolemy.actor.Manager$PtolemyRunThread.run(Manager.java:1933)
]]></system-err>
</testsuite>
