<?xml version="1.0" encoding="UTF-8" ?>
<testsuite errors="0" failures="0" hostname="travis-job-1f73d385-9082-45e8-8445-3dadf04cfe19" name="ptolemy.domains.hdf.kernel.test.junit.JUnitTclTest" skipped="0" tests="39" time="5.895" timestamp="2019-10-25T06:09:47">
  <properties>
[...]
</properties>
  <testcase classname="ptolemy.util.test.junit.TclTests" name="[0] /home/travis/build/icyphy/ptII/ptolemy/domains/hdf/kernel/test/RateErrorChecking.tcl (RunTclFile)" time="0.176" />
  <testcase classname="ptolemy.util.test.junit.AutoKnownFailedTests" name="[0] /home/travis/build/icyphy/ptII/ptolemy/domains/hdf/kernel/test/auto/knownFailedTests/badFSMRateChanges.xml (RunModel)" time="0.774" />
  <testcase classname="ptolemy.util.test.junit.AutoNameArchTests" name="[0] ThereAreNoAutoArchTests (RunModel)" time="0.002" />
  <testcase classname="ptolemy.util.test.junit.AutoTests" name="[0] /home/travis/build/icyphy/ptII/ptolemy/domains/hdf/kernel/test/auto/ConstVariableRateTest.xml (RunModel)" time="0.263" />
  <testcase classname="ptolemy.util.test.junit.AutoTests" name="[1] /home/travis/build/icyphy/ptII/ptolemy/domains/hdf/kernel/test/auto/DifferentRefinedRates.xml (RunModel)" time="0.155" />
  <testcase classname="ptolemy.util.test.junit.AutoTests" name="[2] /home/travis/build/icyphy/ptII/ptolemy/domains/hdf/kernel/test/auto/DifferentRefinedRates2.xml (RunModel)" time="0.229" />
  <testcase classname="ptolemy.util.test.junit.AutoTests" name="[3] /home/travis/build/icyphy/ptII/ptolemy/domains/hdf/kernel/test/auto/DifferentRefinedRates3.xml (RunModel)" time="0.099" />
  <testcase classname="ptolemy.util.test.junit.AutoTests" name="[4] /home/travis/build/icyphy/ptII/ptolemy/domains/hdf/kernel/test/auto/DifferentRefinedRates4.xml (RunModel)" time="0.115" />
  <testcase classname="ptolemy.util.test.junit.AutoTests" name="[5] /home/travis/build/icyphy/ptII/ptolemy/domains/hdf/kernel/test/auto/DifferentRefinedRates5.xml (RunModel)" time="0.081" />
  <testcase classname="ptolemy.util.test.junit.AutoTests" name="[6] /home/travis/build/icyphy/ptII/ptolemy/domains/hdf/kernel/test/auto/DifferentRefinedRates6.xml (RunModel)" time="0.089" />
  <testcase classname="ptolemy.util.test.junit.AutoTests" name="[7] /home/travis/build/icyphy/ptII/ptolemy/domains/hdf/kernel/test/auto/DownSample_PowerOfTwo.xml (RunModel)" time="0.29" />
  <testcase classname="ptolemy.util.test.junit.AutoTests" name="[8] /home/travis/build/icyphy/ptII/ptolemy/domains/hdf/kernel/test/auto/FibonacciWithNullInitial.xml (RunModel)" time="0.218" />
  <testcase classname="ptolemy.util.test.junit.AutoTests" name="[9] /home/travis/build/icyphy/ptII/ptolemy/domains/hdf/kernel/test/auto/FibonacciWithNullInitial1.xml (RunModel)" time="0.175" />
  <testcase classname="ptolemy.util.test.junit.AutoTests" name="[10] /home/travis/build/icyphy/ptII/ptolemy/domains/hdf/kernel/test/auto/FibonacciWithTransientStates.xml (RunModel)" time="0.183" />
  <testcase classname="ptolemy.util.test.junit.AutoTests" name="[11] /home/travis/build/icyphy/ptII/ptolemy/domains/hdf/kernel/test/auto/FibonacciWithTransientStates2.xml (RunModel)" time="0.074" />
  <testcase classname="ptolemy.util.test.junit.AutoTests" name="[12] /home/travis/build/icyphy/ptII/ptolemy/domains/hdf/kernel/test/auto/FibonacciWithoutHistoryInitial.xml (RunModel)" time="0.14" />
  <testcase classname="ptolemy.util.test.junit.AutoTests" name="[13] /home/travis/build/icyphy/ptII/ptolemy/domains/hdf/kernel/test/auto/GuardUsingPastTokens.xml (RunModel)" time="0.093" />
  <testcase classname="ptolemy.util.test.junit.AutoTests" name="[14] /home/travis/build/icyphy/ptII/ptolemy/domains/hdf/kernel/test/auto/GuardWithResets.xml (RunModel)" time="0.077" />
  <testcase classname="ptolemy.util.test.junit.AutoTests" name="[15] /home/travis/build/icyphy/ptII/ptolemy/domains/hdf/kernel/test/auto/Hierarchy_2Level_Test1.xml (RunModel)" time="0.067" />
  <testcase classname="ptolemy.util.test.junit.AutoTests" name="[16] /home/travis/build/icyphy/ptII/ptolemy/domains/hdf/kernel/test/auto/Hierarchy_2Level_Test2.xml (RunModel)" time="0.07" />
  <testcase classname="ptolemy.util.test.junit.AutoTests" name="[17] /home/travis/build/icyphy/ptII/ptolemy/domains/hdf/kernel/test/auto/Hysteresis.xml (RunModel)" time="0.05" />
  <testcase classname="ptolemy.util.test.junit.AutoTests" name="[18] /home/travis/build/icyphy/ptII/ptolemy/domains/hdf/kernel/test/auto/InitTransient.xml (RunModel)" time="0.102" />
  <testcase classname="ptolemy.util.test.junit.AutoTests" name="[19] /home/travis/build/icyphy/ptII/ptolemy/domains/hdf/kernel/test/auto/Merge.xml (RunModel)" time="0.083" />
  <testcase classname="ptolemy.util.test.junit.AutoTests" name="[20] /home/travis/build/icyphy/ptII/ptolemy/domains/hdf/kernel/test/auto/ModalModelBooleanSwitch.xml (RunModel)" time="0.106" />
  <testcase classname="ptolemy.util.test.junit.AutoTests" name="[21] /home/travis/build/icyphy/ptII/ptolemy/domains/hdf/kernel/test/auto/SameRates.xml (RunModel)" time="0.053" />
  <testcase classname="ptolemy.util.test.junit.AutoTests" name="[22] /home/travis/build/icyphy/ptII/ptolemy/domains/hdf/kernel/test/auto/SameRefinedRates.xml (RunModel)" time="0.06" />
  <testcase classname="ptolemy.util.test.junit.AutoTests" name="[23] /home/travis/build/icyphy/ptII/ptolemy/domains/hdf/kernel/test/auto/SameRefinedRates2.xml (RunModel)" time="0.06" />
  <testcase classname="ptolemy.util.test.junit.AutoTests" name="[24] /home/travis/build/icyphy/ptII/ptolemy/domains/hdf/kernel/test/auto/TransientStates.xml (RunModel)" time="0.064" />
  <testcase classname="ptolemy.util.test.junit.AutoTests" name="[25] /home/travis/build/icyphy/ptII/ptolemy/domains/hdf/kernel/test/auto/TwoHammingCodec.xml (RunModel)" time="0.065" />
  <testcase classname="ptolemy.util.test.junit.AutoTests" name="[26] /home/travis/build/icyphy/ptII/ptolemy/domains/hdf/kernel/test/auto/TwoHammingCodec1.xml (RunModel)" time="0.071" />
  <testcase classname="ptolemy.util.test.junit.AutoTests" name="[27] /home/travis/build/icyphy/ptII/ptolemy/domains/hdf/kernel/test/auto/TwoLevelHierarchy.xml (RunModel)" time="0.161" />
  <testcase classname="ptolemy.util.test.junit.AutoTests" name="[28] /home/travis/build/icyphy/ptII/ptolemy/domains/hdf/kernel/test/auto/TwoLevelHierarchy1.xml (RunModel)" time="0.137" />
  <testcase classname="ptolemy.util.test.junit.AutoTests" name="[29] /home/travis/build/icyphy/ptII/ptolemy/domains/hdf/kernel/test/auto/TwoLevelHierarchy2.xml (RunModel)" time="0.131" />
  <testcase classname="ptolemy.util.test.junit.AutoTests" name="[30] /home/travis/build/icyphy/ptII/ptolemy/domains/hdf/kernel/test/auto/TwoLevelHierarchyNullStates.xml (RunModel)" time="0.132" />
  <testcase classname="ptolemy.util.test.junit.AutoTests" name="[31] /home/travis/build/icyphy/ptII/ptolemy/domains/hdf/kernel/test/auto/TwoLevelHierarchyWithResets.xml (RunModel)" time="0.165" />
  <testcase classname="ptolemy.util.test.junit.AutoTests" name="[32] /home/travis/build/icyphy/ptII/ptolemy/domains/hdf/kernel/test/auto/TwoLevelHierarchyWithResetsNullStates.xml (RunModel)" time="0.196" />
  <testcase classname="ptolemy.util.test.junit.AutoTests" name="[33] /home/travis/build/icyphy/ptII/ptolemy/domains/hdf/kernel/test/auto/WaterTank_HDF.xml (RunModel)" time="0.138" />
  <testcase classname="ptolemy.util.test.junit.AutoTests" name="[34] /home/travis/build/icyphy/ptII/ptolemy/domains/hdf/kernel/test/auto/WaterTank_HDF2.xml (RunModel)" time="0.137" />
  <testcase classname="ptolemy.util.test.junit.AutoTests" name="[35] /home/travis/build/icyphy/ptII/ptolemy/domains/hdf/kernel/test/auto/badFSMRateChanges.xml (RunModel)" time="0.053" />
  <system-out><![CDATA[/home/travis/build/icyphy/ptII/ptolemy/domains/hdf/kernel/test/RateErrorChecking.tcl
testDefs.tcl: setting time out to 9000 seconds at Fri Oct 25 06:09:47 UTC 2019


==== $PTII/ptolemy/domains/hdf/kernel/test/RateErrorChecking.tcl: RateErrorChecking-1.0 
==== Contents of test case:

    catch {createAndExecute "badFSMRateChanges.xml"} foo
    list $foo

==== Result was:
{java.io.FileNotFoundException: /home/travis/build/icyphy/ptII/ptolemy/domains/hdf/kernel/test/badFSMRateChanges.xml (No such file or directory)}
---- KNOWN Failure, Result should have been:
{ptolemy.kernel.util.IllegalActionException: Failed to compute schedule:
  in .badFSMRateChanges.SDF Director
Because:
The SDF rate parameter may change. This is not allowed in SDF models that will be run through the code generator.  If you don't care about code generation, then you might consider setting the allowRateChanges parameter of the SDF director to false.
    in .badFSMRateChanges.typed composite actor.output.tokenProductionRate}
---- RateErrorChecking-1.0 Failed, but this is a KNOWN failure
10/25/19 06:09:47
Failed: 0  Total Tests: 1  ((Passed: 0, Newly Passed: 0)  Known Failed: 1) /home/travis/build/icyphy/ptII/ptolemy/domains/hdf/kernel/test
----------------- testing (KnownFailure) /home/travis/build/icyphy/ptII/ptolemy/domains/hdf/kernel/test/auto/knownFailedTests/badFSMRateChanges.xml
247 ms. Memory: 120832K Free: 70086K (58%)
No auto/linux-amd64/*.xml tests in /home/travis/build/icyphy/ptII/ptolemy/domains/hdf/kernel/test
AutoTests.java: About to close Vertx.
AutoTests.java: Vertx closed.

===========================================================================================
----------------- testing Fri Oct 25 06:09:48 UTC 2019 /home/travis/build/icyphy/ptII/ptolemy/domains/hdf/kernel/test/auto/ConstVariableRateTest.xml
----------------- Instantiating /home/travis/build/icyphy/ptII/ptolemy/domains/hdf/kernel/test/auto/ConstVariableRateTest.xml
55 ms. Memory: 120832K Free: 85366K (71%)
----------------- Invoking toplevel() on ptolemy.moml.MoMLSimpleApplication@78a40300
----------------- Done invoking toplevel() on ptolemy.moml.MoMLSimpleApplication@78a40300
reloadAllAccessors: .ConstVariableRateTest

===========================================================================================
----------------- testing Fri Oct 25 06:09:49 UTC 2019 /home/travis/build/icyphy/ptII/ptolemy/domains/hdf/kernel/test/auto/DifferentRefinedRates.xml
----------------- Instantiating /home/travis/build/icyphy/ptII/ptolemy/domains/hdf/kernel/test/auto/DifferentRefinedRates.xml
33 ms. Memory: 120832K Free: 98776K (82%)
----------------- Invoking toplevel() on ptolemy.moml.MoMLSimpleApplication@51098db1
----------------- Done invoking toplevel() on ptolemy.moml.MoMLSimpleApplication@51098db1
reloadAllAccessors: .DifferentRefinedRates

===========================================================================================
----------------- testing Fri Oct 25 06:09:49 UTC 2019 /home/travis/build/icyphy/ptII/ptolemy/domains/hdf/kernel/test/auto/DifferentRefinedRates2.xml
----------------- Instantiating /home/travis/build/icyphy/ptII/ptolemy/domains/hdf/kernel/test/auto/DifferentRefinedRates2.xml
77 ms. Memory: 120832K Free: 84440K (70%)
----------------- Invoking toplevel() on ptolemy.moml.MoMLSimpleApplication@2fa88ad3
----------------- Done invoking toplevel() on ptolemy.moml.MoMLSimpleApplication@2fa88ad3
reloadAllAccessors: .DifferentRefinedRates2

===========================================================================================
----------------- testing Fri Oct 25 06:09:49 UTC 2019 /home/travis/build/icyphy/ptII/ptolemy/domains/hdf/kernel/test/auto/DifferentRefinedRates3.xml
----------------- Instantiating /home/travis/build/icyphy/ptII/ptolemy/domains/hdf/kernel/test/auto/DifferentRefinedRates3.xml
34 ms. Memory: 120832K Free: 73895K (61%)
----------------- Invoking toplevel() on ptolemy.moml.MoMLSimpleApplication@51fa39bb
----------------- Done invoking toplevel() on ptolemy.moml.MoMLSimpleApplication@51fa39bb
reloadAllAccessors: .DifferentRefinedRates3

===========================================================================================
----------------- testing Fri Oct 25 06:09:49 UTC 2019 /home/travis/build/icyphy/ptII/ptolemy/domains/hdf/kernel/test/auto/DifferentRefinedRates4.xml
----------------- Instantiating /home/travis/build/icyphy/ptII/ptolemy/domains/hdf/kernel/test/auto/DifferentRefinedRates4.xml
33 ms. Memory: 120832K Free: 99286K (82%)
----------------- Invoking toplevel() on ptolemy.moml.MoMLSimpleApplication@464ae841
----------------- Done invoking toplevel() on ptolemy.moml.MoMLSimpleApplication@464ae841
reloadAllAccessors: .NewHDFtest1

===========================================================================================
----------------- testing Fri Oct 25 06:09:49 UTC 2019 /home/travis/build/icyphy/ptII/ptolemy/domains/hdf/kernel/test/auto/DifferentRefinedRates5.xml
----------------- Instantiating /home/travis/build/icyphy/ptII/ptolemy/domains/hdf/kernel/test/auto/DifferentRefinedRates5.xml
28 ms. Memory: 120832K Free: 83512K (69%)
----------------- Invoking toplevel() on ptolemy.moml.MoMLSimpleApplication@504b5c45
----------------- Done invoking toplevel() on ptolemy.moml.MoMLSimpleApplication@504b5c45
reloadAllAccessors: .NewHDFtest2

===========================================================================================
----------------- testing Fri Oct 25 06:09:49 UTC 2019 /home/travis/build/icyphy/ptII/ptolemy/domains/hdf/kernel/test/auto/DifferentRefinedRates6.xml
----------------- Instantiating /home/travis/build/icyphy/ptII/ptolemy/domains/hdf/kernel/test/auto/DifferentRefinedRates6.xml
50 ms. Memory: 120832K Free: 70600K (58%)
----------------- Invoking toplevel() on ptolemy.moml.MoMLSimpleApplication@5ab138e2
----------------- Done invoking toplevel() on ptolemy.moml.MoMLSimpleApplication@5ab138e2
reloadAllAccessors: .DifferentRefinedRates6

===========================================================================================
----------------- testing Fri Oct 25 06:09:49 UTC 2019 /home/travis/build/icyphy/ptII/ptolemy/domains/hdf/kernel/test/auto/DownSample_PowerOfTwo.xml
----------------- Instantiating /home/travis/build/icyphy/ptII/ptolemy/domains/hdf/kernel/test/auto/DownSample_PowerOfTwo.xml
217 ms. Memory: 146432K Free: 120678K (82%)
----------------- Invoking toplevel() on ptolemy.moml.MoMLSimpleApplication@5642164
----------------- Done invoking toplevel() on ptolemy.moml.MoMLSimpleApplication@5642164
reloadAllAccessors: .SDFDownSample

===========================================================================================
----------------- testing Fri Oct 25 06:09:50 UTC 2019 /home/travis/build/icyphy/ptII/ptolemy/domains/hdf/kernel/test/auto/FibonacciWithNullInitial.xml
----------------- Instantiating /home/travis/build/icyphy/ptII/ptolemy/domains/hdf/kernel/test/auto/FibonacciWithNullInitial.xml
159 ms. Memory: 146432K Free: 96414K (66%)
----------------- Invoking toplevel() on ptolemy.moml.MoMLSimpleApplication@10e13de1
----------------- Done invoking toplevel() on ptolemy.moml.MoMLSimpleApplication@10e13de1
reloadAllAccessors: .FibonacciWithNullInitial

===========================================================================================
----------------- testing Fri Oct 25 06:09:50 UTC 2019 /home/travis/build/icyphy/ptII/ptolemy/domains/hdf/kernel/test/auto/FibonacciWithNullInitial1.xml
----------------- Instantiating /home/travis/build/icyphy/ptII/ptolemy/domains/hdf/kernel/test/auto/FibonacciWithNullInitial1.xml
127 ms. Memory: 146432K Free: 75309K (51%)
----------------- Invoking toplevel() on ptolemy.moml.MoMLSimpleApplication@13059ca0
----------------- Done invoking toplevel() on ptolemy.moml.MoMLSimpleApplication@13059ca0
reloadAllAccessors: .FibonacciWithNullInitial1

===========================================================================================
----------------- testing Fri Oct 25 06:09:50 UTC 2019 /home/travis/build/icyphy/ptII/ptolemy/domains/hdf/kernel/test/auto/FibonacciWithTransientStates.xml
----------------- Instantiating /home/travis/build/icyphy/ptII/ptolemy/domains/hdf/kernel/test/auto/FibonacciWithTransientStates.xml
108 ms. Memory: 146432K Free: 112053K (77%)
----------------- Invoking toplevel() on ptolemy.moml.MoMLSimpleApplication@1c87c681
----------------- Done invoking toplevel() on ptolemy.moml.MoMLSimpleApplication@1c87c681
reloadAllAccessors: .FibonacciWithTransientStates

===========================================================================================
----------------- testing Fri Oct 25 06:09:50 UTC 2019 /home/travis/build/icyphy/ptII/ptolemy/domains/hdf/kernel/test/auto/FibonacciWithTransientStates2.xml
----------------- Instantiating /home/travis/build/icyphy/ptII/ptolemy/domains/hdf/kernel/test/auto/FibonacciWithTransientStates2.xml
29 ms. Memory: 146432K Free: 90495K (62%)
----------------- Invoking toplevel() on ptolemy.moml.MoMLSimpleApplication@61ac3935
----------------- Done invoking toplevel() on ptolemy.moml.MoMLSimpleApplication@61ac3935
reloadAllAccessors: .FibonacciWithTransientStates2

===========================================================================================
----------------- testing Fri Oct 25 06:09:50 UTC 2019 /home/travis/build/icyphy/ptII/ptolemy/domains/hdf/kernel/test/auto/FibonacciWithoutHistoryInitial.xml
----------------- Instantiating /home/travis/build/icyphy/ptII/ptolemy/domains/hdf/kernel/test/auto/FibonacciWithoutHistoryInitial.xml
98 ms. Memory: 146432K Free: 70069K (48%)
----------------- Invoking toplevel() on ptolemy.moml.MoMLSimpleApplication@24868371
----------------- Done invoking toplevel() on ptolemy.moml.MoMLSimpleApplication@24868371
reloadAllAccessors: .FibonacciWithoutHistoryInitial

===========================================================================================
----------------- testing Fri Oct 25 06:09:50 UTC 2019 /home/travis/build/icyphy/ptII/ptolemy/domains/hdf/kernel/test/auto/GuardUsingPastTokens.xml
----------------- Instantiating /home/travis/build/icyphy/ptII/ptolemy/domains/hdf/kernel/test/auto/GuardUsingPastTokens.xml
24 ms. Memory: 146432K Free: 126955K (87%)
----------------- Invoking toplevel() on ptolemy.moml.MoMLSimpleApplication@53409a42
----------------- Done invoking toplevel() on ptolemy.moml.MoMLSimpleApplication@53409a42
reloadAllAccessors: .GuardUsingPastTokens

===========================================================================================
----------------- testing Fri Oct 25 06:09:50 UTC 2019 /home/travis/build/icyphy/ptII/ptolemy/domains/hdf/kernel/test/auto/GuardWithResets.xml
----------------- Instantiating /home/travis/build/icyphy/ptII/ptolemy/domains/hdf/kernel/test/auto/GuardWithResets.xml
23 ms. Memory: 146432K Free: 109547K (75%)
----------------- Invoking toplevel() on ptolemy.moml.MoMLSimpleApplication@31f6e06c
----------------- Done invoking toplevel() on ptolemy.moml.MoMLSimpleApplication@31f6e06c
reloadAllAccessors: .GuardWithResets

===========================================================================================
----------------- testing Fri Oct 25 06:09:51 UTC 2019 /home/travis/build/icyphy/ptII/ptolemy/domains/hdf/kernel/test/auto/Hierarchy_2Level_Test1.xml
----------------- Instantiating /home/travis/build/icyphy/ptII/ptolemy/domains/hdf/kernel/test/auto/Hierarchy_2Level_Test1.xml
22 ms. Memory: 146432K Free: 91629K (63%)
----------------- Invoking toplevel() on ptolemy.moml.MoMLSimpleApplication@56d88bbc
----------------- Done invoking toplevel() on ptolemy.moml.MoMLSimpleApplication@56d88bbc
reloadAllAccessors: .Hierarchy_2Level_Test1

===========================================================================================
----------------- testing Fri Oct 25 06:09:51 UTC 2019 /home/travis/build/icyphy/ptII/ptolemy/domains/hdf/kernel/test/auto/Hierarchy_2Level_Test2.xml
----------------- Instantiating /home/travis/build/icyphy/ptII/ptolemy/domains/hdf/kernel/test/auto/Hierarchy_2Level_Test2.xml
22 ms. Memory: 146432K Free: 73197K (50%)
----------------- Invoking toplevel() on ptolemy.moml.MoMLSimpleApplication@33806e8c
----------------- Done invoking toplevel() on ptolemy.moml.MoMLSimpleApplication@33806e8c
reloadAllAccessors: .Hierarchy_4Level_Test2

===========================================================================================
----------------- testing Fri Oct 25 06:09:51 UTC 2019 /home/travis/build/icyphy/ptII/ptolemy/domains/hdf/kernel/test/auto/Hysteresis.xml
----------------- Instantiating /home/travis/build/icyphy/ptII/ptolemy/domains/hdf/kernel/test/auto/Hysteresis.xml
22 ms. Memory: 146432K Free: 61933K (42%)
----------------- Invoking toplevel() on ptolemy.moml.MoMLSimpleApplication@6c2a5e64
----------------- Done invoking toplevel() on ptolemy.moml.MoMLSimpleApplication@6c2a5e64
reloadAllAccessors: .Hysteresis

===========================================================================================
----------------- testing Fri Oct 25 06:09:51 UTC 2019 /home/travis/build/icyphy/ptII/ptolemy/domains/hdf/kernel/test/auto/InitTransient.xml
----------------- Instantiating /home/travis/build/icyphy/ptII/ptolemy/domains/hdf/kernel/test/auto/InitTransient.xml
38 ms. Memory: 146432K Free: 128946K (88%)
----------------- Invoking toplevel() on ptolemy.moml.MoMLSimpleApplication@2cb7842d
----------------- Done invoking toplevel() on ptolemy.moml.MoMLSimpleApplication@2cb7842d
reloadAllAccessors: .InitTransient

===========================================================================================
----------------- testing Fri Oct 25 06:09:51 UTC 2019 /home/travis/build/icyphy/ptII/ptolemy/domains/hdf/kernel/test/auto/Merge.xml
----------------- Instantiating /home/travis/build/icyphy/ptII/ptolemy/domains/hdf/kernel/test/auto/Merge.xml
29 ms. Memory: 146432K Free: 111370K (76%)
----------------- Invoking toplevel() on ptolemy.moml.MoMLSimpleApplication@6bc5d9cf
----------------- Done invoking toplevel() on ptolemy.moml.MoMLSimpleApplication@6bc5d9cf
reloadAllAccessors: .Merge

===========================================================================================
----------------- testing Fri Oct 25 06:09:51 UTC 2019 /home/travis/build/icyphy/ptII/ptolemy/domains/hdf/kernel/test/auto/ModalModelBooleanSwitch.xml
----------------- Instantiating /home/travis/build/icyphy/ptII/ptolemy/domains/hdf/kernel/test/auto/ModalModelBooleanSwitch.xml
42 ms. Memory: 146432K Free: 91914K (63%)
----------------- Invoking toplevel() on ptolemy.moml.MoMLSimpleApplication@43d8e0da
----------------- Done invoking toplevel() on ptolemy.moml.MoMLSimpleApplication@43d8e0da
reloadAllAccessors: .BooleanSwitchWithModel

===========================================================================================
----------------- testing Fri Oct 25 06:09:51 UTC 2019 /home/travis/build/icyphy/ptII/ptolemy/domains/hdf/kernel/test/auto/SameRates.xml
----------------- Instantiating /home/travis/build/icyphy/ptII/ptolemy/domains/hdf/kernel/test/auto/SameRates.xml
15 ms. Memory: 146432K Free: 79596K (54%)
----------------- Invoking toplevel() on ptolemy.moml.MoMLSimpleApplication@756cac5c
----------------- Done invoking toplevel() on ptolemy.moml.MoMLSimpleApplication@756cac5c
reloadAllAccessors: .SameRates

===========================================================================================
----------------- testing Fri Oct 25 06:09:51 UTC 2019 /home/travis/build/icyphy/ptII/ptolemy/domains/hdf/kernel/test/auto/SameRefinedRates.xml
----------------- Instantiating /home/travis/build/icyphy/ptII/ptolemy/domains/hdf/kernel/test/auto/SameRefinedRates.xml
19 ms. Memory: 146432K Free: 66741K (46%)
----------------- Invoking toplevel() on ptolemy.moml.MoMLSimpleApplication@7c9053d
----------------- Done invoking toplevel() on ptolemy.moml.MoMLSimpleApplication@7c9053d
reloadAllAccessors: .SameRefinedRates

===========================================================================================
----------------- testing Fri Oct 25 06:09:51 UTC 2019 /home/travis/build/icyphy/ptII/ptolemy/domains/hdf/kernel/test/auto/SameRefinedRates2.xml
----------------- Instantiating /home/travis/build/icyphy/ptII/ptolemy/domains/hdf/kernel/test/auto/SameRefinedRates2.xml
22 ms. Memory: 146432K Free: 52553K (36%)
----------------- Invoking toplevel() on ptolemy.moml.MoMLSimpleApplication@14391a4b
----------------- Done invoking toplevel() on ptolemy.moml.MoMLSimpleApplication@14391a4b
reloadAllAccessors: .SameRefinedRates2

===========================================================================================
----------------- testing Fri Oct 25 06:09:51 UTC 2019 /home/travis/build/icyphy/ptII/ptolemy/domains/hdf/kernel/test/auto/TransientStates.xml
----------------- Instantiating /home/travis/build/icyphy/ptII/ptolemy/domains/hdf/kernel/test/auto/TransientStates.xml
19 ms. Memory: 146432K Free: 118393K (81%)
----------------- Invoking toplevel() on ptolemy.moml.MoMLSimpleApplication@1f1c7d20
----------------- Done invoking toplevel() on ptolemy.moml.MoMLSimpleApplication@1f1c7d20
reloadAllAccessors: .TransientStates

===========================================================================================
----------------- testing Fri Oct 25 06:09:51 UTC 2019 /home/travis/build/icyphy/ptII/ptolemy/domains/hdf/kernel/test/auto/TwoHammingCodec.xml
----------------- Instantiating /home/travis/build/icyphy/ptII/ptolemy/domains/hdf/kernel/test/auto/TwoHammingCodec.xml
23 ms. Memory: 146432K Free: 97927K (67%)
----------------- Invoking toplevel() on ptolemy.moml.MoMLSimpleApplication@5fc01042
----------------- Done invoking toplevel() on ptolemy.moml.MoMLSimpleApplication@5fc01042
reloadAllAccessors: .TwoHammingCodec

===========================================================================================
----------------- testing Fri Oct 25 06:09:51 UTC 2019 /home/travis/build/icyphy/ptII/ptolemy/domains/hdf/kernel/test/auto/TwoHammingCodec1.xml
----------------- Instantiating /home/travis/build/icyphy/ptII/ptolemy/domains/hdf/kernel/test/auto/TwoHammingCodec1.xml
28 ms. Memory: 146432K Free: 74369K (51%)
----------------- Invoking toplevel() on ptolemy.moml.MoMLSimpleApplication@3056589c
----------------- Done invoking toplevel() on ptolemy.moml.MoMLSimpleApplication@3056589c
reloadAllAccessors: .twoHammingCodec1

===========================================================================================
----------------- testing Fri Oct 25 06:09:51 UTC 2019 /home/travis/build/icyphy/ptII/ptolemy/domains/hdf/kernel/test/auto/TwoLevelHierarchy.xml
----------------- Instantiating /home/travis/build/icyphy/ptII/ptolemy/domains/hdf/kernel/test/auto/TwoLevelHierarchy.xml
58 ms. Memory: 146432K Free: 117048K (80%)
----------------- Invoking toplevel() on ptolemy.moml.MoMLSimpleApplication@662740d1
----------------- Done invoking toplevel() on ptolemy.moml.MoMLSimpleApplication@662740d1
reloadAllAccessors: .TwoLevelHierarchy

===========================================================================================
----------------- testing Fri Oct 25 06:09:52 UTC 2019 /home/travis/build/icyphy/ptII/ptolemy/domains/hdf/kernel/test/auto/TwoLevelHierarchy1.xml
----------------- Instantiating /home/travis/build/icyphy/ptII/ptolemy/domains/hdf/kernel/test/auto/TwoLevelHierarchy1.xml
54 ms. Memory: 146432K Free: 74568K (51%)
----------------- Invoking toplevel() on ptolemy.moml.MoMLSimpleApplication@7230707b
----------------- Done invoking toplevel() on ptolemy.moml.MoMLSimpleApplication@7230707b
reloadAllAccessors: .TwoLevelHierarchy1

===========================================================================================
----------------- testing Fri Oct 25 06:09:52 UTC 2019 /home/travis/build/icyphy/ptII/ptolemy/domains/hdf/kernel/test/auto/TwoLevelHierarchy2.xml
----------------- Instantiating /home/travis/build/icyphy/ptII/ptolemy/domains/hdf/kernel/test/auto/TwoLevelHierarchy2.xml
48 ms. Memory: 146432K Free: 125081K (85%)
----------------- Invoking toplevel() on ptolemy.moml.MoMLSimpleApplication@1859360e
----------------- Done invoking toplevel() on ptolemy.moml.MoMLSimpleApplication@1859360e
reloadAllAccessors: .TwoLevelHierarchy2

===========================================================================================
----------------- testing Fri Oct 25 06:09:52 UTC 2019 /home/travis/build/icyphy/ptII/ptolemy/domains/hdf/kernel/test/auto/TwoLevelHierarchyNullStates.xml
----------------- Instantiating /home/travis/build/icyphy/ptII/ptolemy/domains/hdf/kernel/test/auto/TwoLevelHierarchyNullStates.xml
39 ms. Memory: 146432K Free: 74970K (51%)
----------------- Invoking toplevel() on ptolemy.moml.MoMLSimpleApplication@76af52a1
----------------- Done invoking toplevel() on ptolemy.moml.MoMLSimpleApplication@76af52a1
reloadAllAccessors: .TwoLevelHierarchyNullStates

===========================================================================================
----------------- testing Fri Oct 25 06:09:52 UTC 2019 /home/travis/build/icyphy/ptII/ptolemy/domains/hdf/kernel/test/auto/TwoLevelHierarchyWithResets.xml
----------------- Instantiating /home/travis/build/icyphy/ptII/ptolemy/domains/hdf/kernel/test/auto/TwoLevelHierarchyWithResets.xml
83 ms. Memory: 146432K Free: 115545K (79%)
----------------- Invoking toplevel() on ptolemy.moml.MoMLSimpleApplication@20bee1da
----------------- Done invoking toplevel() on ptolemy.moml.MoMLSimpleApplication@20bee1da
reloadAllAccessors: .TwoLevelHierarchy1

===========================================================================================
----------------- testing Fri Oct 25 06:09:52 UTC 2019 /home/travis/build/icyphy/ptII/ptolemy/domains/hdf/kernel/test/auto/TwoLevelHierarchyWithResetsNullStates.xml
----------------- Instantiating /home/travis/build/icyphy/ptII/ptolemy/domains/hdf/kernel/test/auto/TwoLevelHierarchyWithResetsNullStates.xml
79 ms. Memory: 146432K Free: 55129K (38%)
----------------- Invoking toplevel() on ptolemy.moml.MoMLSimpleApplication@436b18e6
----------------- Done invoking toplevel() on ptolemy.moml.MoMLSimpleApplication@436b18e6
reloadAllAccessors: .TwoLevelHierarchyWithResetsNullStates

===========================================================================================
----------------- testing Fri Oct 25 06:09:52 UTC 2019 /home/travis/build/icyphy/ptII/ptolemy/domains/hdf/kernel/test/auto/WaterTank_HDF.xml
----------------- Instantiating /home/travis/build/icyphy/ptII/ptolemy/domains/hdf/kernel/test/auto/WaterTank_HDF.xml
60 ms. Memory: 176128K Free: 141661K (80%)
----------------- Invoking toplevel() on ptolemy.moml.MoMLSimpleApplication@10ef3e76
----------------- Done invoking toplevel() on ptolemy.moml.MoMLSimpleApplication@10ef3e76
reloadAllAccessors: .WaterTank_HDF

===========================================================================================
----------------- testing Fri Oct 25 06:09:52 UTC 2019 /home/travis/build/icyphy/ptII/ptolemy/domains/hdf/kernel/test/auto/WaterTank_HDF2.xml
----------------- Instantiating /home/travis/build/icyphy/ptII/ptolemy/domains/hdf/kernel/test/auto/WaterTank_HDF2.xml
54 ms. Memory: 176128K Free: 109421K (62%)
----------------- Invoking toplevel() on ptolemy.moml.MoMLSimpleApplication@21bbf1a4
----------------- Done invoking toplevel() on ptolemy.moml.MoMLSimpleApplication@21bbf1a4
reloadAllAccessors: .WaterTank_HDF2

===========================================================================================
----------------- testing Fri Oct 25 06:09:53 UTC 2019 /home/travis/build/icyphy/ptII/ptolemy/domains/hdf/kernel/test/auto/badFSMRateChanges.xml
----------------- Instantiating /home/travis/build/icyphy/ptII/ptolemy/domains/hdf/kernel/test/auto/badFSMRateChanges.xml
17 ms. Memory: 176128K Free: 95085K (54%)
----------------- Invoking toplevel() on ptolemy.moml.MoMLSimpleApplication@4853fe8c
----------------- Done invoking toplevel() on ptolemy.moml.MoMLSimpleApplication@4853fe8c
reloadAllAccessors: .badFSMRateChanges
AutoTests.java: About to close Vertx.
AutoTests.java: Vertx closed.
]]></system-out>
  <system-err><![CDATA[]]></system-err>
</testsuite>
