<?xml version="1.0" encoding="UTF-8" ?>
<testsuite errors="0" failures="0" hostname="travis-job-3716b4ba-57cb-4a0f-8a48-c79c359ef918" name="ptolemy.domains.continuous.test.junit.JUnitTclTest" skipped="0" tests="156" time="80.666" timestamp="2019-07-07T04:42:27">
  <properties>
[...]
</properties>
  <testcase classname="ptolemy.util.test.junit.TclTests" name="[0] ThereAreNoTclTests (RunTclFile)" time="0.012" />
  <testcase classname="ptolemy.util.test.junit.AutoKnownFailedTests" name="[0] ThereAreNoKnowFailedTests (RunModel)" time="0.002" />
  <testcase classname="ptolemy.util.test.junit.AutoNameArchTests" name="[0] ThereAreNoAutoArchTests (RunModel)" time="0.029" />
  <testcase classname="ptolemy.util.test.junit.AutoTests" name="[0] /home/travis/build/icyphy/ptII/ptolemy/domains/continuous/test/auto/BouncingBall.xml (RunModel)" time="3.567" />
  <testcase classname="ptolemy.util.test.junit.AutoTests" name="[1] /home/travis/build/icyphy/ptII/ptolemy/domains/continuous/test/auto/BouncingBallWithoutGR.xml (RunModel)" time="1.101" />
  <testcase classname="ptolemy.util.test.junit.AutoTests" name="[2] /home/travis/build/icyphy/ptII/ptolemy/domains/continuous/test/auto/Brownian.xml (RunModel)" time="0.085" />
  <testcase classname="ptolemy.util.test.junit.AutoTests" name="[3] /home/travis/build/icyphy/ptII/ptolemy/domains/continuous/test/auto/CarTracking.xml (RunModel)" time="4.67" />
  <testcase classname="ptolemy.util.test.junit.AutoTests" name="[4] /home/travis/build/icyphy/ptII/ptolemy/domains/continuous/test/auto/CartPendulum.xml (RunModel)" time="0.604" />
  <testcase classname="ptolemy.util.test.junit.AutoTests" name="[5] /home/travis/build/icyphy/ptII/ptolemy/domains/continuous/test/auto/CausalityInterface10.xml (RunModel)" time="0.05" />
  <testcase classname="ptolemy.util.test.junit.AutoTests" name="[6] /home/travis/build/icyphy/ptII/ptolemy/domains/continuous/test/auto/CausalityInterface11.xml (RunModel)" time="0.029" />
  <testcase classname="ptolemy.util.test.junit.AutoTests" name="[7] /home/travis/build/icyphy/ptII/ptolemy/domains/continuous/test/auto/CausalityInterface12.xml (RunModel)" time="0.038" />
  <testcase classname="ptolemy.util.test.junit.AutoTests" name="[8] /home/travis/build/icyphy/ptII/ptolemy/domains/continuous/test/auto/CausalityInterface13.xml (RunModel)" time="0.042" />
  <testcase classname="ptolemy.util.test.junit.AutoTests" name="[9] /home/travis/build/icyphy/ptII/ptolemy/domains/continuous/test/auto/CausalityInterface14.xml (RunModel)" time="0.033" />
  <testcase classname="ptolemy.util.test.junit.AutoTests" name="[10] /home/travis/build/icyphy/ptII/ptolemy/domains/continuous/test/auto/CausalityInterface4.xml (RunModel)" time="0.036" />
  <testcase classname="ptolemy.util.test.junit.AutoTests" name="[11] /home/travis/build/icyphy/ptII/ptolemy/domains/continuous/test/auto/CausalityInterface5.xml (RunModel)" time="0.044" />
  <testcase classname="ptolemy.util.test.junit.AutoTests" name="[12] /home/travis/build/icyphy/ptII/ptolemy/domains/continuous/test/auto/CausalityInterface6.xml (RunModel)" time="0.033" />
  <testcase classname="ptolemy.util.test.junit.AutoTests" name="[13] /home/travis/build/icyphy/ptII/ptolemy/domains/continuous/test/auto/CausalityInterface7.xml (RunModel)" time="0.052" />
  <testcase classname="ptolemy.util.test.junit.AutoTests" name="[14] /home/travis/build/icyphy/ptII/ptolemy/domains/continuous/test/auto/CausalityInterface8.xml (RunModel)" time="0.054" />
  <testcase classname="ptolemy.util.test.junit.AutoTests" name="[15] /home/travis/build/icyphy/ptII/ptolemy/domains/continuous/test/auto/CausalityInterface9.xml (RunModel)" time="0.054" />
  <testcase classname="ptolemy.util.test.junit.AutoTests" name="[16] /home/travis/build/icyphy/ptII/ptolemy/domains/continuous/test/auto/CausalityInterfaceFeedback1.xml (RunModel)" time="0.032" />
  <testcase classname="ptolemy.util.test.junit.AutoTests" name="[17] /home/travis/build/icyphy/ptII/ptolemy/domains/continuous/test/auto/CausalityInterfaceFeedback2.xml (RunModel)" time="0.05" />
  <testcase classname="ptolemy.util.test.junit.AutoTests" name="[18] /home/travis/build/icyphy/ptII/ptolemy/domains/continuous/test/auto/CompareWithCurrentTime.xml (RunModel)" time="0.029" />
  <testcase classname="ptolemy.util.test.junit.AutoTests" name="[19] /home/travis/build/icyphy/ptII/ptolemy/domains/continuous/test/auto/ComparedClocks.xml (RunModel)" time="0.09" />
  <testcase classname="ptolemy.util.test.junit.AutoTests" name="[20] /home/travis/build/icyphy/ptII/ptolemy/domains/continuous/test/auto/ContinuousAOCClone.xml (RunModel)" time="3.099" />
  <testcase classname="ptolemy.util.test.junit.AutoTests" name="[21] /home/travis/build/icyphy/ptII/ptolemy/domains/continuous/test/auto/ContinuousClock.xml (RunModel)" time="0.103" />
  <testcase classname="ptolemy.util.test.junit.AutoTests" name="[22] /home/travis/build/icyphy/ptII/ptolemy/domains/continuous/test/auto/ContinuousInContinuous.xml (RunModel)" time="0.083" />
  <testcase classname="ptolemy.util.test.junit.AutoTests" name="[23] /home/travis/build/icyphy/ptII/ptolemy/domains/continuous/test/auto/ContinuousInContinuousInContinuous.xml (RunModel)" time="0.026" />
  <testcase classname="ptolemy.util.test.junit.AutoTests" name="[24] /home/travis/build/icyphy/ptII/ptolemy/domains/continuous/test/auto/ContinuousInDE.xml (RunModel)" time="0.091" />
  <testcase classname="ptolemy.util.test.junit.AutoTests" name="[25] /home/travis/build/icyphy/ptII/ptolemy/domains/continuous/test/auto/ContinuousInDE2.xml (RunModel)" time="0.065" />
  <testcase classname="ptolemy.util.test.junit.AutoTests" name="[26] /home/travis/build/icyphy/ptII/ptolemy/domains/continuous/test/auto/ContinuousInDE3.xml (RunModel)" time="0.062" />
  <testcase classname="ptolemy.util.test.junit.AutoTests" name="[27] /home/travis/build/icyphy/ptII/ptolemy/domains/continuous/test/auto/ContinuousInDE4.xml (RunModel)" time="0.039" />
  <testcase classname="ptolemy.util.test.junit.AutoTests" name="[28] /home/travis/build/icyphy/ptII/ptolemy/domains/continuous/test/auto/ContinuousInDEDifferentRefinements.xml (RunModel)" time="0.134" />
  <testcase classname="ptolemy.util.test.junit.AutoTests" name="[29] /home/travis/build/icyphy/ptII/ptolemy/domains/continuous/test/auto/ContinuousInDEDifferentRefinementsPreemptive.xml (RunModel)" time="0.108" />
  <testcase classname="ptolemy.util.test.junit.AutoTests" name="[30] /home/travis/build/icyphy/ptII/ptolemy/domains/continuous/test/auto/ContinuousInDEInContinuous2.xml (RunModel)" time="0.074" />
  <testcase classname="ptolemy.util.test.junit.AutoTests" name="[31] /home/travis/build/icyphy/ptII/ptolemy/domains/continuous/test/auto/ContinuousInDEInContinuous3.xml (RunModel)" time="0.072" />
  <testcase classname="ptolemy.util.test.junit.AutoTests" name="[32] /home/travis/build/icyphy/ptII/ptolemy/domains/continuous/test/auto/ContinuousInDEInput.xml (RunModel)" time="0.042" />
  <testcase classname="ptolemy.util.test.junit.AutoTests" name="[33] /home/travis/build/icyphy/ptII/ptolemy/domains/continuous/test/auto/ContinuousInDEInput2.xml (RunModel)" time="0.04" />
  <testcase classname="ptolemy.util.test.junit.AutoTests" name="[34] /home/travis/build/icyphy/ptII/ptolemy/domains/continuous/test/auto/ContinuousInDEInput3.xml (RunModel)" time="0.045" />
  <testcase classname="ptolemy.util.test.junit.AutoTests" name="[35] /home/travis/build/icyphy/ptII/ptolemy/domains/continuous/test/auto/ContinuousInDESharingRefinement.xml (RunModel)" time="0.202" />
  <testcase classname="ptolemy.util.test.junit.AutoTests" name="[36] /home/travis/build/icyphy/ptII/ptolemy/domains/continuous/test/auto/ContinuousInDEwithNoPorts.xml (RunModel)" time="0.02" />
  <testcase classname="ptolemy.util.test.junit.AutoTests" name="[37] /home/travis/build/icyphy/ptII/ptolemy/domains/continuous/test/auto/ContinuousInsideDE.xml (RunModel)" time="0.095" />
  <testcase classname="ptolemy.util.test.junit.AutoTests" name="[38] /home/travis/build/icyphy/ptII/ptolemy/domains/continuous/test/auto/ContinuousMerge1.xml (RunModel)" time="0.018" />
  <testcase classname="ptolemy.util.test.junit.AutoTests" name="[39] /home/travis/build/icyphy/ptII/ptolemy/domains/continuous/test/auto/ContinuousMerge2.xml (RunModel)" time="0.049" />
  <testcase classname="ptolemy.util.test.junit.AutoTests" name="[40] /home/travis/build/icyphy/ptII/ptolemy/domains/continuous/test/auto/ContinuousMerge3.xml (RunModel)" time="0.077" />
  <testcase classname="ptolemy.util.test.junit.AutoTests" name="[41] /home/travis/build/icyphy/ptII/ptolemy/domains/continuous/test/auto/ContinuousWithinContinuous.xml (RunModel)" time="0.072" />
  <testcase classname="ptolemy.util.test.junit.AutoTests" name="[42] /home/travis/build/icyphy/ptII/ptolemy/domains/continuous/test/auto/ContinuousWithinContinuous2.xml (RunModel)" time="0.101" />
  <testcase classname="ptolemy.util.test.junit.AutoTests" name="[43] /home/travis/build/icyphy/ptII/ptolemy/domains/continuous/test/auto/ContinuousWithinContinuous3.xml (RunModel)" time="0.034" />
  <testcase classname="ptolemy.util.test.junit.AutoTests" name="[44] /home/travis/build/icyphy/ptII/ptolemy/domains/continuous/test/auto/ContinuousWithinContinuous4.xml (RunModel)" time="0.098" />
  <testcase classname="ptolemy.util.test.junit.AutoTests" name="[45] /home/travis/build/icyphy/ptII/ptolemy/domains/continuous/test/auto/ContinuousWithinContinuous5.xml (RunModel)" time="0.032" />
  <testcase classname="ptolemy.util.test.junit.AutoTests" name="[46] /home/travis/build/icyphy/ptII/ptolemy/domains/continuous/test/auto/ContinuousWithinContinuous6.xml (RunModel)" time="0.031" />
  <testcase classname="ptolemy.util.test.junit.AutoTests" name="[47] /home/travis/build/icyphy/ptII/ptolemy/domains/continuous/test/auto/ContinuousWithinContinuous7.xml (RunModel)" time="0.075" />
  <testcase classname="ptolemy.util.test.junit.AutoTests" name="[48] /home/travis/build/icyphy/ptII/ptolemy/domains/continuous/test/auto/DCMotor.xml (RunModel)" time="14.535" />
  <testcase classname="ptolemy.util.test.junit.AutoTests" name="[49] /home/travis/build/icyphy/ptII/ptolemy/domains/continuous/test/auto/DEInContinuous.xml (RunModel)" time="0.028" />
  <testcase classname="ptolemy.util.test.junit.AutoTests" name="[50] /home/travis/build/icyphy/ptII/ptolemy/domains/continuous/test/auto/DEinContinuous2.xml (RunModel)" time="0.034" />
  <testcase classname="ptolemy.util.test.junit.AutoTests" name="[51] /home/travis/build/icyphy/ptII/ptolemy/domains/continuous/test/auto/Derivative.xml (RunModel)" time="0.19" />
  <testcase classname="ptolemy.util.test.junit.AutoTests" name="[52] /home/travis/build/icyphy/ptII/ptolemy/domains/continuous/test/auto/Derivative1.xml (RunModel)" time="0.045" />
  <testcase classname="ptolemy.util.test.junit.AutoTests" name="[53] /home/travis/build/icyphy/ptII/ptolemy/domains/continuous/test/auto/DiscreteClock.xml (RunModel)" time="0.017" />
  <testcase classname="ptolemy.util.test.junit.AutoTests" name="[54] /home/travis/build/icyphy/ptII/ptolemy/domains/continuous/test/auto/EfficiencyCurve.xml (RunModel)" time="0.077" />
  <testcase classname="ptolemy.util.test.junit.AutoTests" name="[55] /home/travis/build/icyphy/ptII/ptolemy/domains/continuous/test/auto/ExponentialResponse.xml (RunModel)" time="0.119" />
  <testcase classname="ptolemy.util.test.junit.AutoTests" name="[56] /home/travis/build/icyphy/ptII/ptolemy/domains/continuous/test/auto/ExponentialResponseRK45.xml (RunModel)" time="0.037" />
  <testcase classname="ptolemy.util.test.junit.AutoTests" name="[57] /home/travis/build/icyphy/ptII/ptolemy/domains/continuous/test/auto/Friction.xml (RunModel)" time="1.702" />
  <testcase classname="ptolemy.util.test.junit.AutoTests" name="[58] /home/travis/build/icyphy/ptII/ptolemy/domains/continuous/test/auto/FurutaPendulum.xml (RunModel)" time="3.759" />
  <testcase classname="ptolemy.util.test.junit.AutoTests" name="[59] /home/travis/build/icyphy/ptII/ptolemy/domains/continuous/test/auto/HierarchicalExecution.xml (RunModel)" time="2.135" />
  <testcase classname="ptolemy.util.test.junit.AutoTests" name="[60] /home/travis/build/icyphy/ptII/ptolemy/domains/continuous/test/auto/HybridPlant.xml (RunModel)" time="0.628" />
  <testcase classname="ptolemy.util.test.junit.AutoTests" name="[61] /home/travis/build/icyphy/ptII/ptolemy/domains/continuous/test/auto/Hysteresis.xml (RunModel)" time="0.205" />
  <testcase classname="ptolemy.util.test.junit.AutoTests" name="[62] /home/travis/build/icyphy/ptII/ptolemy/domains/continuous/test/auto/HysteresisWithRandomDelay.xml (RunModel)" time="0.234" />
  <testcase classname="ptolemy.util.test.junit.AutoTests" name="[63] /home/travis/build/icyphy/ptII/ptolemy/domains/continuous/test/auto/HysteresisWithRandomLosses.xml (RunModel)" time="2.5" />
  <testcase classname="ptolemy.util.test.junit.AutoTests" name="[64] /home/travis/build/icyphy/ptII/ptolemy/domains/continuous/test/auto/ImmediateTransitions.xml (RunModel)" time="0.047" />
  <testcase classname="ptolemy.util.test.junit.AutoTests" name="[65] /home/travis/build/icyphy/ptII/ptolemy/domains/continuous/test/auto/ImpulseFeedback.xml (RunModel)" time="0.024" />
  <testcase classname="ptolemy.util.test.junit.AutoTests" name="[66] /home/travis/build/icyphy/ptII/ptolemy/domains/continuous/test/auto/ImpulseFeedback2.xml (RunModel)" time="0.019" />
  <testcase classname="ptolemy.util.test.junit.AutoTests" name="[67] /home/travis/build/icyphy/ptII/ptolemy/domains/continuous/test/auto/IncreasingRatePoisson.xml (RunModel)" time="0.78" />
  <testcase classname="ptolemy.util.test.junit.AutoTests" name="[68] /home/travis/build/icyphy/ptII/ptolemy/domains/continuous/test/auto/InitialStateFeedback.xml (RunModel)" time="0.018" />
  <testcase classname="ptolemy.util.test.junit.AutoTests" name="[69] /home/travis/build/icyphy/ptII/ptolemy/domains/continuous/test/auto/Integration.xml (RunModel)" time="0.01" />
  <testcase classname="ptolemy.util.test.junit.AutoTests" name="[70] /home/travis/build/icyphy/ptII/ptolemy/domains/continuous/test/auto/Integration2.xml (RunModel)" time="0.097" />
  <testcase classname="ptolemy.util.test.junit.AutoTests" name="[71] /home/travis/build/icyphy/ptII/ptolemy/domains/continuous/test/auto/Integration3.xml (RunModel)" time="0.02" />
  <testcase classname="ptolemy.util.test.junit.AutoTests" name="[72] /home/travis/build/icyphy/ptII/ptolemy/domains/continuous/test/auto/Integration5.xml (RunModel)" time="0.011" />
  <testcase classname="ptolemy.util.test.junit.AutoTests" name="[73] /home/travis/build/icyphy/ptII/ptolemy/domains/continuous/test/auto/IntegratorImpulse.xml (RunModel)" time="0.016" />
  <testcase classname="ptolemy.util.test.junit.AutoTests" name="[74] /home/travis/build/icyphy/ptII/ptolemy/domains/continuous/test/auto/IntegratorImpulse2.xml (RunModel)" time="0.014" />
  <testcase classname="ptolemy.util.test.junit.AutoTests" name="[75] /home/travis/build/icyphy/ptII/ptolemy/domains/continuous/test/auto/LevelCrossing1.xml (RunModel)" time="0.016" />
  <testcase classname="ptolemy.util.test.junit.AutoTests" name="[76] /home/travis/build/icyphy/ptII/ptolemy/domains/continuous/test/auto/LevelCrossing2.xml (RunModel)" time="0.015" />
  <testcase classname="ptolemy.util.test.junit.AutoTests" name="[77] /home/travis/build/icyphy/ptII/ptolemy/domains/continuous/test/auto/LevelCrossing3.xml (RunModel)" time="0.013" />
  <testcase classname="ptolemy.util.test.junit.AutoTests" name="[78] /home/travis/build/icyphy/ptII/ptolemy/domains/continuous/test/auto/LevelCrossing4.xml (RunModel)" time="0.015" />
  <testcase classname="ptolemy.util.test.junit.AutoTests" name="[79] /home/travis/build/icyphy/ptII/ptolemy/domains/continuous/test/auto/LevelCrossing5.xml (RunModel)" time="0.02" />
  <testcase classname="ptolemy.util.test.junit.AutoTests" name="[80] /home/travis/build/icyphy/ptII/ptolemy/domains/continuous/test/auto/LevelCrossing6.xml (RunModel)" time="0.017" />
  <testcase classname="ptolemy.util.test.junit.AutoTests" name="[81] /home/travis/build/icyphy/ptII/ptolemy/domains/continuous/test/auto/LevelCrossingDetector.xml (RunModel)" time="0.045" />
  <testcase classname="ptolemy.util.test.junit.AutoTests" name="[82] /home/travis/build/icyphy/ptII/ptolemy/domains/continuous/test/auto/LevelCrossingDetectorDetectingDirections.xml (RunModel)" time="0.099" />
  <testcase classname="ptolemy.util.test.junit.AutoTests" name="[83] /home/travis/build/icyphy/ptII/ptolemy/domains/continuous/test/auto/LevelCrossingDetectorDetectsGlitches.xml (RunModel)" time="0.063" />
  <testcase classname="ptolemy.util.test.junit.AutoTests" name="[84] /home/travis/build/icyphy/ptII/ptolemy/domains/continuous/test/auto/LevelCrossingNoInitialOuput.xml (RunModel)" time="0.018" />
  <testcase classname="ptolemy.util.test.junit.AutoTests" name="[85] /home/travis/build/icyphy/ptII/ptolemy/domains/continuous/test/auto/LinearStateSpaceExample.xml (RunModel)" time="0.076" />
  <testcase classname="ptolemy.util.test.junit.AutoTests" name="[86] /home/travis/build/icyphy/ptII/ptolemy/domains/continuous/test/auto/Lorenz.xml (RunModel)" time="4.088" />
  <testcase classname="ptolemy.util.test.junit.AutoTests" name="[87] /home/travis/build/icyphy/ptII/ptolemy/domains/continuous/test/auto/LorenzDifferentialSystem.xml (RunModel)" time="1.037" />
  <testcase classname="ptolemy.util.test.junit.AutoTests" name="[88] /home/travis/build/icyphy/ptII/ptolemy/domains/continuous/test/auto/LorenzDifferentialSystemWithInput.xml (RunModel)" time="1.506" />
  <testcase classname="ptolemy.util.test.junit.AutoTests" name="[89] /home/travis/build/icyphy/ptII/ptolemy/domains/continuous/test/auto/LorenzDifferentialSystemWithTime.xml (RunModel)" time="0.748" />
  <testcase classname="ptolemy.util.test.junit.AutoTests" name="[90] /home/travis/build/icyphy/ptII/ptolemy/domains/continuous/test/auto/Microsteps.xml (RunModel)" time="0.02" />
  <testcase classname="ptolemy.util.test.junit.AutoTests" name="[91] /home/travis/build/icyphy/ptII/ptolemy/domains/continuous/test/auto/Modal1.xml (RunModel)" time="0.045" />
  <testcase classname="ptolemy.util.test.junit.AutoTests" name="[92] /home/travis/build/icyphy/ptII/ptolemy/domains/continuous/test/auto/Modal2.xml (RunModel)" time="0.054" />
  <testcase classname="ptolemy.util.test.junit.AutoTests" name="[93] /home/travis/build/icyphy/ptII/ptolemy/domains/continuous/test/auto/ModalTransitionGuardWithReset.xml (RunModel)" time="0.034" />
  <testcase classname="ptolemy.util.test.junit.AutoTests" name="[94] /home/travis/build/icyphy/ptII/ptolemy/domains/continuous/test/auto/ModalTransitionGuardWithResetUsingPreemptiveTransition.xml (RunModel)" time="0.026" />
  <testcase classname="ptolemy.util.test.junit.AutoTests" name="[95] /home/travis/build/icyphy/ptII/ptolemy/domains/continuous/test/auto/ModalTransitionGuardWithResetUsingPreemptiveTransition2.xml (RunModel)" time="0.025" />
  <testcase classname="ptolemy.util.test.junit.AutoTests" name="[96] /home/travis/build/icyphy/ptII/ptolemy/domains/continuous/test/auto/ModalTransitionGuardWithResetUsingPreemptiveTransition3.xml (RunModel)" time="0.032" />
  <testcase classname="ptolemy.util.test.junit.AutoTests" name="[97] /home/travis/build/icyphy/ptII/ptolemy/domains/continuous/test/auto/NewtonsCradle.xml (RunModel)" time="0.888" />
  <testcase classname="ptolemy.util.test.junit.AutoTests" name="[98] /home/travis/build/icyphy/ptII/ptolemy/domains/continuous/test/auto/NewtonsCradleAnimated.xml (RunModel)" time="1.308" />
  <testcase classname="ptolemy.util.test.junit.AutoTests" name="[99] /home/travis/build/icyphy/ptII/ptolemy/domains/continuous/test/auto/NewtonsCradleComplicated.xml (RunModel)" time="1.01" />
  <testcase classname="ptolemy.util.test.junit.AutoTests" name="[100] /home/travis/build/icyphy/ptII/ptolemy/domains/continuous/test/auto/NewtonsCradleNondeterministic.xml (RunModel)" time="0.701" />
  <testcase classname="ptolemy.util.test.junit.AutoTests" name="[101] /home/travis/build/icyphy/ptII/ptolemy/domains/continuous/test/auto/NewtonsCradlePerfectlyInelastic1.xml (RunModel)" time="1.315" />
  <testcase classname="ptolemy.util.test.junit.AutoTests" name="[102] /home/travis/build/icyphy/ptII/ptolemy/domains/continuous/test/auto/Noise.xml (RunModel)" time="0.197" />
  <testcase classname="ptolemy.util.test.junit.AutoTests" name="[103] /home/travis/build/icyphy/ptII/ptolemy/domains/continuous/test/auto/NoiseSpectrum.xml (RunModel)" time="0.87" />
  <testcase classname="ptolemy.util.test.junit.AutoTests" name="[104] /home/travis/build/icyphy/ptII/ptolemy/domains/continuous/test/auto/ParameterizedNewtonsCradleAnimated.xml (RunModel)" time="0.371" />
  <testcase classname="ptolemy.util.test.junit.AutoTests" name="[105] /home/travis/build/icyphy/ptII/ptolemy/domains/continuous/test/auto/ParameterizedNewtonsCradleAnimatedNondeterministic.xml (RunModel)" time="1.225" />
  <testcase classname="ptolemy.util.test.junit.AutoTests" name="[106] /home/travis/build/icyphy/ptII/ptolemy/domains/continuous/test/auto/Pendulum3D.xml (RunModel)" time="0.187" />
  <testcase classname="ptolemy.util.test.junit.AutoTests" name="[107] /home/travis/build/icyphy/ptII/ptolemy/domains/continuous/test/auto/PeriodicSampler.xml (RunModel)" time="0.014" />
  <testcase classname="ptolemy.util.test.junit.AutoTests" name="[108] /home/travis/build/icyphy/ptII/ptolemy/domains/continuous/test/auto/PeriodicSampler1.xml (RunModel)" time="0.046" />
  <testcase classname="ptolemy.util.test.junit.AutoTests" name="[109] /home/travis/build/icyphy/ptII/ptolemy/domains/continuous/test/auto/PeriodicSampler2.xml (RunModel)" time="0.093" />
  <testcase classname="ptolemy.util.test.junit.AutoTests" name="[110] /home/travis/build/icyphy/ptII/ptolemy/domains/continuous/test/auto/Poisson.xml (RunModel)" time="0.528" />
  <testcase classname="ptolemy.util.test.junit.AutoTests" name="[111] /home/travis/build/icyphy/ptII/ptolemy/domains/continuous/test/auto/PoissonClock.xml (RunModel)" time="0.014" />
  <testcase classname="ptolemy.util.test.junit.AutoTests" name="[112] /home/travis/build/icyphy/ptII/ptolemy/domains/continuous/test/auto/PoissonClock2.xml (RunModel)" time="0.012" />
  <testcase classname="ptolemy.util.test.junit.AutoTests" name="[113] /home/travis/build/icyphy/ptII/ptolemy/domains/continuous/test/auto/PortParameterHierarchy.xml (RunModel)" time="0.025" />
  <testcase classname="ptolemy.util.test.junit.AutoTests" name="[114] /home/travis/build/icyphy/ptII/ptolemy/domains/continuous/test/auto/RandomHybridPlant.xml (RunModel)" time="0.599" />
  <testcase classname="ptolemy.util.test.junit.AutoTests" name="[115] /home/travis/build/icyphy/ptII/ptolemy/domains/continuous/test/auto/ResetTransitionWithStartTime1.xml (RunModel)" time="0.031" />
  <testcase classname="ptolemy.util.test.junit.AutoTests" name="[116] /home/travis/build/icyphy/ptII/ptolemy/domains/continuous/test/auto/ResetTransitionWithStartTime2.xml (RunModel)" time="0.033" />
  <testcase classname="ptolemy.util.test.junit.AutoTests" name="[117] /home/travis/build/icyphy/ptII/ptolemy/domains/continuous/test/auto/ResetTransitionWithStartTime3.xml (RunModel)" time="0.034" />
  <testcase classname="ptolemy.util.test.junit.AutoTests" name="[118] /home/travis/build/icyphy/ptII/ptolemy/domains/continuous/test/auto/ResetTransitionWithStartTime4.xml (RunModel)" time="0.028" />
  <testcase classname="ptolemy.util.test.junit.AutoTests" name="[119] /home/travis/build/icyphy/ptII/ptolemy/domains/continuous/test/auto/ResetTransitionWithStartTime5.xml (RunModel)" time="0.034" />
  <testcase classname="ptolemy.util.test.junit.AutoTests" name="[120] /home/travis/build/icyphy/ptII/ptolemy/domains/continuous/test/auto/ResetTransitionWithStartTime6.xml (RunModel)" time="0.024" />
  <testcase classname="ptolemy.util.test.junit.AutoTests" name="[121] /home/travis/build/icyphy/ptII/ptolemy/domains/continuous/test/auto/SRinContinuous.xml (RunModel)" time="0.024" />
  <testcase classname="ptolemy.util.test.junit.AutoTests" name="[122] /home/travis/build/icyphy/ptII/ptolemy/domains/continuous/test/auto/SampledClocks.xml (RunModel)" time="0.033" />
  <testcase classname="ptolemy.util.test.junit.AutoTests" name="[123] /home/travis/build/icyphy/ptII/ptolemy/domains/continuous/test/auto/Satellite.xml (RunModel)" time="0.879" />
  <testcase classname="ptolemy.util.test.junit.AutoTests" name="[124] /home/travis/build/icyphy/ptII/ptolemy/domains/continuous/test/auto/SigmaDelta.xml (RunModel)" time="2.686" />
  <testcase classname="ptolemy.util.test.junit.AutoTests" name="[125] /home/travis/build/icyphy/ptII/ptolemy/domains/continuous/test/auto/SingleRefinement.xml (RunModel)" time="0.629" />
  <testcase classname="ptolemy.util.test.junit.AutoTests" name="[126] /home/travis/build/icyphy/ptII/ptolemy/domains/continuous/test/auto/SinuBouncingBall.xml (RunModel)" time="0.892" />
  <testcase classname="ptolemy.util.test.junit.AutoTests" name="[127] /home/travis/build/icyphy/ptII/ptolemy/domains/continuous/test/auto/Sinusoid.xml (RunModel)" time="0.021" />
  <testcase classname="ptolemy.util.test.junit.AutoTests" name="[128] /home/travis/build/icyphy/ptII/ptolemy/domains/continuous/test/auto/SinusoidInNoise.xml (RunModel)" time="1.155" />
  <testcase classname="ptolemy.util.test.junit.AutoTests" name="[129] /home/travis/build/icyphy/ptII/ptolemy/domains/continuous/test/auto/SinusoidRK45.xml (RunModel)" time="0.015" />
  <testcase classname="ptolemy.util.test.junit.AutoTests" name="[130] /home/travis/build/icyphy/ptII/ptolemy/domains/continuous/test/auto/SinusoidWithMultipleImpulses.xml (RunModel)" time="0.012" />
  <testcase classname="ptolemy.util.test.junit.AutoTests" name="[131] /home/travis/build/icyphy/ptII/ptolemy/domains/continuous/test/auto/SquareWave.xml (RunModel)" time="0.183" />
  <testcase classname="ptolemy.util.test.junit.AutoTests" name="[132] /home/travis/build/icyphy/ptII/ptolemy/domains/continuous/test/auto/Starmac.xml (RunModel)" time="3.353" />
  <testcase classname="ptolemy.util.test.junit.AutoTests" name="[133] /home/travis/build/icyphy/ptII/ptolemy/domains/continuous/test/auto/StaticUnits.xml (RunModel)" time="2.974" />
  <testcase classname="ptolemy.util.test.junit.AutoTests" name="[134] /home/travis/build/icyphy/ptII/ptolemy/domains/continuous/test/auto/StickyMasses.xml (RunModel)" time="0.205" />
  <testcase classname="ptolemy.util.test.junit.AutoTests" name="[135] /home/travis/build/icyphy/ptII/ptolemy/domains/continuous/test/auto/StopTime.xml (RunModel)" time="0.073" />
  <testcase classname="ptolemy.util.test.junit.AutoTests" name="[136] /home/travis/build/icyphy/ptII/ptolemy/domains/continuous/test/auto/StopTime2.xml (RunModel)" time="0.08" />
  <testcase classname="ptolemy.util.test.junit.AutoTests" name="[137] /home/travis/build/icyphy/ptII/ptolemy/domains/continuous/test/auto/Switch.xml (RunModel)" time="0.065" />
  <testcase classname="ptolemy.util.test.junit.AutoTests" name="[138] /home/travis/build/icyphy/ptII/ptolemy/domains/continuous/test/auto/Thermostat.xml (RunModel)" time="0.22" />
  <testcase classname="ptolemy.util.test.junit.AutoTests" name="[139] /home/travis/build/icyphy/ptII/ptolemy/domains/continuous/test/auto/TimeDelay.xml (RunModel)" time="0.014" />
  <testcase classname="ptolemy.util.test.junit.AutoTests" name="[140] /home/travis/build/icyphy/ptII/ptolemy/domains/continuous/test/auto/TimeDelay2.xml (RunModel)" time="0.031" />
  <testcase classname="ptolemy.util.test.junit.AutoTests" name="[141] /home/travis/build/icyphy/ptII/ptolemy/domains/continuous/test/auto/TimeDelay3.xml (RunModel)" time="0.012" />
  <testcase classname="ptolemy.util.test.junit.AutoTests" name="[142] /home/travis/build/icyphy/ptII/ptolemy/domains/continuous/test/auto/TransferAbsentToInside.xml (RunModel)" time="0.109" />
  <testcase classname="ptolemy.util.test.junit.AutoTests" name="[143] /home/travis/build/icyphy/ptII/ptolemy/domains/continuous/test/auto/Transmission.xml (RunModel)" time="0.911" />
  <testcase classname="ptolemy.util.test.junit.AutoTests" name="[144] /home/travis/build/icyphy/ptII/ptolemy/domains/continuous/test/auto/TriggeredContinuousClock.xml (RunModel)" time="0.083" />
  <testcase classname="ptolemy.util.test.junit.AutoTests" name="[145] /home/travis/build/icyphy/ptII/ptolemy/domains/continuous/test/auto/TwoMachineInfiniteBusControl.xml (RunModel)" time="3.15" />
  <testcase classname="ptolemy.util.test.junit.AutoTests" name="[146] /home/travis/build/icyphy/ptII/ptolemy/domains/continuous/test/auto/V2V.xml (RunModel)" time="0.913" />
  <testcase classname="ptolemy.util.test.junit.AutoTests" name="[147] /home/travis/build/icyphy/ptII/ptolemy/domains/continuous/test/auto/hierarchicalModalModel.xml (RunModel)" time="0.034" />
  <testcase classname="ptolemy.util.test.junit.AutoTests" name="[148] /home/travis/build/icyphy/ptII/ptolemy/domains/continuous/test/auto/hierarchicalModalModel1.xml (RunModel)" time="0.034" />
  <testcase classname="ptolemy.util.test.junit.AutoTests" name="[149] /home/travis/build/icyphy/ptII/ptolemy/domains/continuous/test/auto/hierarchicalModalModel2.xml (RunModel)" time="0.026" />
  <testcase classname="ptolemy.util.test.junit.AutoTests" name="[150] /home/travis/build/icyphy/ptII/ptolemy/domains/continuous/test/auto/hierarchicalModalModel3.xml (RunModel)" time="0.028" />
  <testcase classname="ptolemy.util.test.junit.AutoTests" name="[151] /home/travis/build/icyphy/ptII/ptolemy/domains/continuous/test/auto/hierarchicalModalModel4.xml (RunModel)" time="0.026" />
  <testcase classname="ptolemy.util.test.junit.AutoTests" name="[152] /home/travis/build/icyphy/ptII/ptolemy/domains/continuous/test/auto/junk.xml (RunModel)" time="0.158" />
  <system-out><![CDATA[No tcl tests in /home/travis/build/icyphy/ptII/ptolemy/domains/continuous/test
No auto/knownFailedTests/*.xml tests in /home/travis/build/icyphy/ptII/ptolemy/domains/continuous/test
No auto/linux-amd64/*.xml tests in /home/travis/build/icyphy/ptII/ptolemy/domains/continuous/test
AutoTests.java: About to close Vertx.
AutoTests.java: Vertx closed.

===========================================================================================
----------------- testing Sun Jul 07 04:42:27 UTC 2019 /home/travis/build/icyphy/ptII/ptolemy/domains/continuous/test/auto/BouncingBall.xml
----------------- Instantiating /home/travis/build/icyphy/ptII/ptolemy/domains/continuous/test/auto/BouncingBall.xml
2827 ms. Memory: 156672K Free: 54452K (35%)
----------------- Invoking toplevel() on ptolemy.moml.MoMLSimpleApplication@7cd2f159
----------------- Done invoking toplevel() on ptolemy.moml.MoMLSimpleApplication@7cd2f159
reloadAllAccessors: .BouncingBall

===========================================================================================
----------------- testing Sun Jul 07 04:42:31 UTC 2019 /home/travis/build/icyphy/ptII/ptolemy/domains/continuous/test/auto/BouncingBallWithoutGR.xml
----------------- Instantiating /home/travis/build/icyphy/ptII/ptolemy/domains/continuous/test/auto/BouncingBallWithoutGR.xml
893 ms. Memory: 188416K Free: 108775K (58%)
----------------- Invoking toplevel() on ptolemy.moml.MoMLSimpleApplication@45b3aca1
----------------- Done invoking toplevel() on ptolemy.moml.MoMLSimpleApplication@45b3aca1
reloadAllAccessors: .BouncingBallWithoutGR

===========================================================================================
----------------- testing Sun Jul 07 04:42:32 UTC 2019 /home/travis/build/icyphy/ptII/ptolemy/domains/continuous/test/auto/Brownian.xml
----------------- Instantiating /home/travis/build/icyphy/ptII/ptolemy/domains/continuous/test/auto/Brownian.xml
24 ms. Memory: 188416K Free: 100069K (53%)
----------------- Invoking toplevel() on ptolemy.moml.MoMLSimpleApplication@7b00bf05
----------------- Done invoking toplevel() on ptolemy.moml.MoMLSimpleApplication@7b00bf05
reloadAllAccessors: .Brownian

===========================================================================================
----------------- testing Sun Jul 07 04:42:32 UTC 2019 /home/travis/build/icyphy/ptII/ptolemy/domains/continuous/test/auto/CarTracking.xml
----------------- Instantiating /home/travis/build/icyphy/ptII/ptolemy/domains/continuous/test/auto/CarTracking.xml
4325 ms. Memory: 226304K Free: 137945K (61%)
----------------- Invoking toplevel() on ptolemy.moml.MoMLSimpleApplication@49efc6c3
----------------- Done invoking toplevel() on ptolemy.moml.MoMLSimpleApplication@49efc6c3
reloadAllAccessors: .CarTracking

===========================================================================================
----------------- testing Sun Jul 07 04:42:37 UTC 2019 /home/travis/build/icyphy/ptII/ptolemy/domains/continuous/test/auto/CartPendulum.xml
----------------- Instantiating /home/travis/build/icyphy/ptII/ptolemy/domains/continuous/test/auto/CartPendulum.xml
488 ms. Memory: 272384K Free: 225642K (83%)
----------------- Invoking toplevel() on ptolemy.moml.MoMLSimpleApplication@511dbf92
----------------- Done invoking toplevel() on ptolemy.moml.MoMLSimpleApplication@511dbf92
reloadAllAccessors: .CartPendulum

===========================================================================================
----------------- testing Sun Jul 07 04:42:37 UTC 2019 /home/travis/build/icyphy/ptII/ptolemy/domains/continuous/test/auto/CausalityInterface10.xml
----------------- Instantiating /home/travis/build/icyphy/ptII/ptolemy/domains/continuous/test/auto/CausalityInterface10.xml
8 ms. Memory: 272384K Free: 214923K (79%)
----------------- Invoking toplevel() on ptolemy.moml.MoMLSimpleApplication@1182199f
----------------- Done invoking toplevel() on ptolemy.moml.MoMLSimpleApplication@1182199f
reloadAllAccessors: .CausalityInterface10

===========================================================================================
----------------- testing Sun Jul 07 04:42:37 UTC 2019 /home/travis/build/icyphy/ptII/ptolemy/domains/continuous/test/auto/CausalityInterface11.xml
----------------- Instantiating /home/travis/build/icyphy/ptII/ptolemy/domains/continuous/test/auto/CausalityInterface11.xml
5 ms. Memory: 272384K Free: 208779K (77%)
----------------- Invoking toplevel() on ptolemy.moml.MoMLSimpleApplication@7a151e46
----------------- Done invoking toplevel() on ptolemy.moml.MoMLSimpleApplication@7a151e46
reloadAllAccessors: .CausalityInterface11

===========================================================================================
----------------- testing Sun Jul 07 04:42:37 UTC 2019 /home/travis/build/icyphy/ptII/ptolemy/domains/continuous/test/auto/CausalityInterface12.xml
----------------- Instantiating /home/travis/build/icyphy/ptII/ptolemy/domains/continuous/test/auto/CausalityInterface12.xml
9 ms. Memory: 272384K Free: 202635K (74%)
----------------- Invoking toplevel() on ptolemy.moml.MoMLSimpleApplication@591bccd3
----------------- Done invoking toplevel() on ptolemy.moml.MoMLSimpleApplication@591bccd3
reloadAllAccessors: .CausalityInterface12

===========================================================================================
----------------- testing Sun Jul 07 04:42:38 UTC 2019 /home/travis/build/icyphy/ptII/ptolemy/domains/continuous/test/auto/CausalityInterface13.xml
----------------- Instantiating /home/travis/build/icyphy/ptII/ptolemy/domains/continuous/test/auto/CausalityInterface13.xml
8 ms. Memory: 272384K Free: 196491K (72%)
----------------- Invoking toplevel() on ptolemy.moml.MoMLSimpleApplication@62d7d54d
----------------- Done invoking toplevel() on ptolemy.moml.MoMLSimpleApplication@62d7d54d
reloadAllAccessors: .CausalityInterface13

===========================================================================================
----------------- testing Sun Jul 07 04:42:38 UTC 2019 /home/travis/build/icyphy/ptII/ptolemy/domains/continuous/test/auto/CausalityInterface14.xml
----------------- Instantiating /home/travis/build/icyphy/ptII/ptolemy/domains/continuous/test/auto/CausalityInterface14.xml
9 ms. Memory: 272384K Free: 190842K (70%)
----------------- Invoking toplevel() on ptolemy.moml.MoMLSimpleApplication@577041e5
----------------- Done invoking toplevel() on ptolemy.moml.MoMLSimpleApplication@577041e5
reloadAllAccessors: .CausalityInterface14

===========================================================================================
----------------- testing Sun Jul 07 04:42:38 UTC 2019 /home/travis/build/icyphy/ptII/ptolemy/domains/continuous/test/auto/CausalityInterface4.xml
----------------- Instantiating /home/travis/build/icyphy/ptII/ptolemy/domains/continuous/test/auto/CausalityInterface4.xml
9 ms. Memory: 272384K Free: 184203K (68%)
----------------- Invoking toplevel() on ptolemy.moml.MoMLSimpleApplication@2f273b16
----------------- Done invoking toplevel() on ptolemy.moml.MoMLSimpleApplication@2f273b16
reloadAllAccessors: .CausalityInterface4

===========================================================================================
----------------- testing Sun Jul 07 04:42:38 UTC 2019 /home/travis/build/icyphy/ptII/ptolemy/domains/continuous/test/auto/CausalityInterface5.xml
----------------- Instantiating /home/travis/build/icyphy/ptII/ptolemy/domains/continuous/test/auto/CausalityInterface5.xml
10 ms. Memory: 272384K Free: 176011K (65%)
----------------- Invoking toplevel() on ptolemy.moml.MoMLSimpleApplication@27dc7337
----------------- Done invoking toplevel() on ptolemy.moml.MoMLSimpleApplication@27dc7337
reloadAllAccessors: .CausalityInterface5

===========================================================================================
----------------- testing Sun Jul 07 04:42:38 UTC 2019 /home/travis/build/icyphy/ptII/ptolemy/domains/continuous/test/auto/CausalityInterface6.xml
----------------- Instantiating /home/travis/build/icyphy/ptII/ptolemy/domains/continuous/test/auto/CausalityInterface6.xml
7 ms. Memory: 272384K Free: 170891K (63%)
----------------- Invoking toplevel() on ptolemy.moml.MoMLSimpleApplication@7225c092
----------------- Done invoking toplevel() on ptolemy.moml.MoMLSimpleApplication@7225c092
reloadAllAccessors: .CausalityInterface6

===========================================================================================
----------------- testing Sun Jul 07 04:42:38 UTC 2019 /home/travis/build/icyphy/ptII/ptolemy/domains/continuous/test/auto/CausalityInterface7.xml
----------------- Instantiating /home/travis/build/icyphy/ptII/ptolemy/domains/continuous/test/auto/CausalityInterface7.xml
13 ms. Memory: 272384K Free: 162185K (60%)
----------------- Invoking toplevel() on ptolemy.moml.MoMLSimpleApplication@e8abdf8
----------------- Done invoking toplevel() on ptolemy.moml.MoMLSimpleApplication@e8abdf8
reloadAllAccessors: .CausalityInterface7

===========================================================================================
----------------- testing Sun Jul 07 04:42:38 UTC 2019 /home/travis/build/icyphy/ptII/ptolemy/domains/continuous/test/auto/CausalityInterface8.xml
----------------- Instantiating /home/travis/build/icyphy/ptII/ptolemy/domains/continuous/test/auto/CausalityInterface8.xml
8 ms. Memory: 272384K Free: 152969K (56%)
----------------- Invoking toplevel() on ptolemy.moml.MoMLSimpleApplication@292eb27f
----------------- Done invoking toplevel() on ptolemy.moml.MoMLSimpleApplication@292eb27f
reloadAllAccessors: .CausalityInterface8

===========================================================================================
----------------- testing Sun Jul 07 04:42:38 UTC 2019 /home/travis/build/icyphy/ptII/ptolemy/domains/continuous/test/auto/CausalityInterface9.xml
----------------- Instantiating /home/travis/build/icyphy/ptII/ptolemy/domains/continuous/test/auto/CausalityInterface9.xml
10 ms. Memory: 272384K Free: 141705K (52%)
----------------- Invoking toplevel() on ptolemy.moml.MoMLSimpleApplication@5b13e98f
----------------- Done invoking toplevel() on ptolemy.moml.MoMLSimpleApplication@5b13e98f
reloadAllAccessors: .CausalityInterface9

===========================================================================================
----------------- testing Sun Jul 07 04:42:38 UTC 2019 /home/travis/build/icyphy/ptII/ptolemy/domains/continuous/test/auto/CausalityInterfaceFeedback1.xml
----------------- Instantiating /home/travis/build/icyphy/ptII/ptolemy/domains/continuous/test/auto/CausalityInterfaceFeedback1.xml
6 ms. Memory: 272384K Free: 135051K (50%)
----------------- Invoking toplevel() on ptolemy.moml.MoMLSimpleApplication@12b5de43
----------------- Done invoking toplevel() on ptolemy.moml.MoMLSimpleApplication@12b5de43
reloadAllAccessors: .CausalityInterfaceFeedback1

===========================================================================================
----------------- testing Sun Jul 07 04:42:38 UTC 2019 /home/travis/build/icyphy/ptII/ptolemy/domains/continuous/test/auto/CausalityInterfaceFeedback2.xml
----------------- Instantiating /home/travis/build/icyphy/ptII/ptolemy/domains/continuous/test/auto/CausalityInterfaceFeedback2.xml
7 ms. Memory: 272384K Free: 128378K (47%)
----------------- Invoking toplevel() on ptolemy.moml.MoMLSimpleApplication@1336c5da
----------------- Done invoking toplevel() on ptolemy.moml.MoMLSimpleApplication@1336c5da
reloadAllAccessors: .CausalityInterfaceFeedback2

===========================================================================================
----------------- testing Sun Jul 07 04:42:38 UTC 2019 /home/travis/build/icyphy/ptII/ptolemy/domains/continuous/test/auto/CompareWithCurrentTime.xml
----------------- Instantiating /home/travis/build/icyphy/ptII/ptolemy/domains/continuous/test/auto/CompareWithCurrentTime.xml
4 ms. Memory: 272384K Free: 124297K (46%)
----------------- Invoking toplevel() on ptolemy.moml.MoMLSimpleApplication@6169b3be
----------------- Done invoking toplevel() on ptolemy.moml.MoMLSimpleApplication@6169b3be
reloadAllAccessors: .CompareWithCurrentTime

===========================================================================================
----------------- testing Sun Jul 07 04:42:38 UTC 2019 /home/travis/build/icyphy/ptII/ptolemy/domains/continuous/test/auto/ComparedClocks.xml
----------------- Instantiating /home/travis/build/icyphy/ptII/ptolemy/domains/continuous/test/auto/ComparedClocks.xml
6 ms. Memory: 272384K Free: 108922K (40%)
----------------- Invoking toplevel() on ptolemy.moml.MoMLSimpleApplication@3fe7dd32
----------------- Done invoking toplevel() on ptolemy.moml.MoMLSimpleApplication@3fe7dd32
reloadAllAccessors: .ComparedClocks

===========================================================================================
----------------- testing Sun Jul 07 04:42:38 UTC 2019 /home/travis/build/icyphy/ptII/ptolemy/domains/continuous/test/auto/ContinuousAOCClone.xml
----------------- Instantiating /home/travis/build/icyphy/ptII/ptolemy/domains/continuous/test/auto/ContinuousAOCClone.xml
2771 ms. Memory: 272384K Free: 237778K (87%)
----------------- Invoking toplevel() on ptolemy.moml.MoMLSimpleApplication@7cae60ab
----------------- Done invoking toplevel() on ptolemy.moml.MoMLSimpleApplication@7cae60ab
reloadAllAccessors: .ContinuousAOCClone

===========================================================================================
----------------- testing Sun Jul 07 04:42:41 UTC 2019 /home/travis/build/icyphy/ptII/ptolemy/domains/continuous/test/auto/ContinuousClock.xml
----------------- Instantiating /home/travis/build/icyphy/ptII/ptolemy/domains/continuous/test/auto/ContinuousClock.xml
31 ms. Memory: 272384K Free: 216784K (80%)
----------------- Invoking toplevel() on ptolemy.moml.MoMLSimpleApplication@64729cae
----------------- Done invoking toplevel() on ptolemy.moml.MoMLSimpleApplication@64729cae
reloadAllAccessors: .ContinuousClock

===========================================================================================
----------------- testing Sun Jul 07 04:42:41 UTC 2019 /home/travis/build/icyphy/ptII/ptolemy/domains/continuous/test/auto/ContinuousInContinuous.xml
----------------- Instantiating /home/travis/build/icyphy/ptII/ptolemy/domains/continuous/test/auto/ContinuousInContinuous.xml
42 ms. Memory: 272384K Free: 193218K (71%)
----------------- Invoking toplevel() on ptolemy.moml.MoMLSimpleApplication@5340f8c2
----------------- Done invoking toplevel() on ptolemy.moml.MoMLSimpleApplication@5340f8c2
reloadAllAccessors: .ContinuousInContinuous

===========================================================================================
----------------- testing Sun Jul 07 04:42:41 UTC 2019 /home/travis/build/icyphy/ptII/ptolemy/domains/continuous/test/auto/ContinuousInContinuousInContinuous.xml
----------------- Instantiating /home/travis/build/icyphy/ptII/ptolemy/domains/continuous/test/auto/ContinuousInContinuousInContinuous.xml
10 ms. Memory: 272384K Free: 185554K (68%)
----------------- Invoking toplevel() on ptolemy.moml.MoMLSimpleApplication@9566644
----------------- Done invoking toplevel() on ptolemy.moml.MoMLSimpleApplication@9566644
reloadAllAccessors: .ContinuousInContinuousInContinuous

===========================================================================================
----------------- testing Sun Jul 07 04:42:41 UTC 2019 /home/travis/build/icyphy/ptII/ptolemy/domains/continuous/test/auto/ContinuousInDE.xml
----------------- Instantiating /home/travis/build/icyphy/ptII/ptolemy/domains/continuous/test/auto/ContinuousInDE.xml
68 ms. Memory: 272384K Free: 174800K (64%)
----------------- Invoking toplevel() on ptolemy.moml.MoMLSimpleApplication@3ffc427a
----------------- Done invoking toplevel() on ptolemy.moml.MoMLSimpleApplication@3ffc427a
reloadAllAccessors: .ContinuousInDE

===========================================================================================
----------------- testing Sun Jul 07 04:42:42 UTC 2019 /home/travis/build/icyphy/ptII/ptolemy/domains/continuous/test/auto/ContinuousInDE2.xml
----------------- Instantiating /home/travis/build/icyphy/ptII/ptolemy/domains/continuous/test/auto/ContinuousInDE2.xml
45 ms. Memory: 272384K Free: 165074K (61%)
----------------- Invoking toplevel() on ptolemy.moml.MoMLSimpleApplication@71820357
----------------- Done invoking toplevel() on ptolemy.moml.MoMLSimpleApplication@71820357
reloadAllAccessors: .ContinuousInDE2

===========================================================================================
----------------- testing Sun Jul 07 04:42:42 UTC 2019 /home/travis/build/icyphy/ptII/ptolemy/domains/continuous/test/auto/ContinuousInDE3.xml
----------------- Instantiating /home/travis/build/icyphy/ptII/ptolemy/domains/continuous/test/auto/ContinuousInDE3.xml
38 ms. Memory: 272384K Free: 155344K (57%)
----------------- Invoking toplevel() on ptolemy.moml.MoMLSimpleApplication@6bac7f57
----------------- Done invoking toplevel() on ptolemy.moml.MoMLSimpleApplication@6bac7f57
reloadAllAccessors: .ContinuousInDE3

===========================================================================================
----------------- testing Sun Jul 07 04:42:42 UTC 2019 /home/travis/build/icyphy/ptII/ptolemy/domains/continuous/test/auto/ContinuousInDE4.xml
----------------- Instantiating /home/travis/build/icyphy/ptII/ptolemy/domains/continuous/test/auto/ContinuousInDE4.xml
14 ms. Memory: 272384K Free: 149200K (55%)
----------------- Invoking toplevel() on ptolemy.moml.MoMLSimpleApplication@337dc55f
----------------- Done invoking toplevel() on ptolemy.moml.MoMLSimpleApplication@337dc55f
reloadAllAccessors: .ContinuousInDE4

===========================================================================================
----------------- testing Sun Jul 07 04:42:42 UTC 2019 /home/travis/build/icyphy/ptII/ptolemy/domains/continuous/test/auto/ContinuousInDEDifferentRefinements.xml
----------------- Instantiating /home/travis/build/icyphy/ptII/ptolemy/domains/continuous/test/auto/ContinuousInDEDifferentRefinements.xml
82 ms. Memory: 272384K Free: 117970K (43%)
----------------- Invoking toplevel() on ptolemy.moml.MoMLSimpleApplication@4ce707a7
----------------- Done invoking toplevel() on ptolemy.moml.MoMLSimpleApplication@4ce707a7
reloadAllAccessors: .ContinuousInDEDifferentRefinements

===========================================================================================
----------------- testing Sun Jul 07 04:42:42 UTC 2019 /home/travis/build/icyphy/ptII/ptolemy/domains/continuous/test/auto/ContinuousInDEDifferentRefinementsPreemptive.xml
----------------- Instantiating /home/travis/build/icyphy/ptII/ptolemy/domains/continuous/test/auto/ContinuousInDEDifferentRefinementsPreemptive.xml
63 ms. Memory: 327680K Free: 303968K (93%)
----------------- Invoking toplevel() on ptolemy.moml.MoMLSimpleApplication@71f3578b
----------------- Done invoking toplevel() on ptolemy.moml.MoMLSimpleApplication@71f3578b
reloadAllAccessors: .ContinuousInDEDifferentRefinementsPreemptive

===========================================================================================
----------------- testing Sun Jul 07 04:42:42 UTC 2019 /home/travis/build/icyphy/ptII/ptolemy/domains/continuous/test/auto/ContinuousInDEInContinuous2.xml
----------------- Instantiating /home/travis/build/icyphy/ptII/ptolemy/domains/continuous/test/auto/ContinuousInDEInContinuous2.xml
42 ms. Memory: 327680K Free: 292031K (89%)
----------------- Invoking toplevel() on ptolemy.moml.MoMLSimpleApplication@2110ac62
----------------- Done invoking toplevel() on ptolemy.moml.MoMLSimpleApplication@2110ac62
reloadAllAccessors: .ContinuousInDEInContinuous2

===========================================================================================
----------------- testing Sun Jul 07 04:42:42 UTC 2019 /home/travis/build/icyphy/ptII/ptolemy/domains/continuous/test/auto/ContinuousInDEInContinuous3.xml
----------------- Instantiating /home/travis/build/icyphy/ptII/ptolemy/domains/continuous/test/auto/ContinuousInDEInContinuous3.xml
40 ms. Memory: 327680K Free: 280257K (86%)
----------------- Invoking toplevel() on ptolemy.moml.MoMLSimpleApplication@6c923029
----------------- Done invoking toplevel() on ptolemy.moml.MoMLSimpleApplication@6c923029
reloadAllAccessors: .ContinuousInDEInContinuous3

===========================================================================================
----------------- testing Sun Jul 07 04:42:42 UTC 2019 /home/travis/build/icyphy/ptII/ptolemy/domains/continuous/test/auto/ContinuousInDEInput.xml
----------------- Instantiating /home/travis/build/icyphy/ptII/ptolemy/domains/continuous/test/auto/ContinuousInDEInput.xml
21 ms. Memory: 327680K Free: 273089K (83%)
----------------- Invoking toplevel() on ptolemy.moml.MoMLSimpleApplication@783d94ba
----------------- Done invoking toplevel() on ptolemy.moml.MoMLSimpleApplication@783d94ba
reloadAllAccessors: .ContinuousInDEInput

===========================================================================================
----------------- testing Sun Jul 07 04:42:42 UTC 2019 /home/travis/build/icyphy/ptII/ptolemy/domains/continuous/test/auto/ContinuousInDEInput2.xml
----------------- Instantiating /home/travis/build/icyphy/ptII/ptolemy/domains/continuous/test/auto/ContinuousInDEInput2.xml
19 ms. Memory: 327680K Free: 265921K (81%)
----------------- Invoking toplevel() on ptolemy.moml.MoMLSimpleApplication@1f355f71
----------------- Done invoking toplevel() on ptolemy.moml.MoMLSimpleApplication@1f355f71
reloadAllAccessors: .ContinuousInDEInput2

===========================================================================================
----------------- testing Sun Jul 07 04:42:42 UTC 2019 /home/travis/build/icyphy/ptII/ptolemy/domains/continuous/test/auto/ContinuousInDEInput3.xml
----------------- Instantiating /home/travis/build/icyphy/ptII/ptolemy/domains/continuous/test/auto/ContinuousInDEInput3.xml
16 ms. Memory: 327680K Free: 258753K (79%)
----------------- Invoking toplevel() on ptolemy.moml.MoMLSimpleApplication@471db5e1
----------------- Done invoking toplevel() on ptolemy.moml.MoMLSimpleApplication@471db5e1
reloadAllAccessors: .ContinuousInDEInput3

===========================================================================================
----------------- testing Sun Jul 07 04:42:42 UTC 2019 /home/travis/build/icyphy/ptII/ptolemy/domains/continuous/test/auto/ContinuousInDESharingRefinement.xml
----------------- Instantiating /home/travis/build/icyphy/ptII/ptolemy/domains/continuous/test/auto/ContinuousInDESharingRefinement.xml
163 ms. Memory: 327680K Free: 164031K (50%)
----------------- Invoking toplevel() on ptolemy.moml.MoMLSimpleApplication@7ab8ba4b
----------------- Done invoking toplevel() on ptolemy.moml.MoMLSimpleApplication@7ab8ba4b
reloadAllAccessors: .ContinuousInDESharingRefinement

===========================================================================================
----------------- testing Sun Jul 07 04:42:42 UTC 2019 /home/travis/build/icyphy/ptII/ptolemy/domains/continuous/test/auto/ContinuousInDEwithNoPorts.xml
----------------- Instantiating /home/travis/build/icyphy/ptII/ptolemy/domains/continuous/test/auto/ContinuousInDEwithNoPorts.xml
5 ms. Memory: 327680K Free: 159921K (49%)
----------------- Invoking toplevel() on ptolemy.moml.MoMLSimpleApplication@406def72
----------------- Done invoking toplevel() on ptolemy.moml.MoMLSimpleApplication@406def72
reloadAllAccessors: .ContinuousInDEwithNoPorts

===========================================================================================
----------------- testing Sun Jul 07 04:42:42 UTC 2019 /home/travis/build/icyphy/ptII/ptolemy/domains/continuous/test/auto/ContinuousInsideDE.xml
----------------- Instantiating /home/travis/build/icyphy/ptII/ptolemy/domains/continuous/test/auto/ContinuousInsideDE.xml
39 ms. Memory: 327680K Free: 148671K (45%)
----------------- Invoking toplevel() on ptolemy.moml.MoMLSimpleApplication@70313a74
----------------- Done invoking toplevel() on ptolemy.moml.MoMLSimpleApplication@70313a74
reloadAllAccessors: .ContinuousInsideDE

===========================================================================================
----------------- testing Sun Jul 07 04:42:43 UTC 2019 /home/travis/build/icyphy/ptII/ptolemy/domains/continuous/test/auto/ContinuousMerge1.xml
----------------- Instantiating /home/travis/build/icyphy/ptII/ptolemy/domains/continuous/test/auto/ContinuousMerge1.xml
3 ms. Memory: 327680K Free: 144575K (44%)
----------------- Invoking toplevel() on ptolemy.moml.MoMLSimpleApplication@7d695827
----------------- Done invoking toplevel() on ptolemy.moml.MoMLSimpleApplication@7d695827
reloadAllAccessors: .ContinuousMerge1

===========================================================================================
----------------- testing Sun Jul 07 04:42:43 UTC 2019 /home/travis/build/icyphy/ptII/ptolemy/domains/continuous/test/auto/ContinuousMerge2.xml
----------------- Instantiating /home/travis/build/icyphy/ptII/ptolemy/domains/continuous/test/auto/ContinuousMerge2.xml
16 ms. Memory: 327680K Free: 133825K (41%)
----------------- Invoking toplevel() on ptolemy.moml.MoMLSimpleApplication@190db134
----------------- Done invoking toplevel() on ptolemy.moml.MoMLSimpleApplication@190db134
reloadAllAccessors: .ContinuousMerge2

===========================================================================================
----------------- testing Sun Jul 07 04:42:43 UTC 2019 /home/travis/build/icyphy/ptII/ptolemy/domains/continuous/test/auto/ContinuousMerge3.xml
----------------- Instantiating /home/travis/build/icyphy/ptII/ptolemy/domains/continuous/test/auto/ContinuousMerge3.xml
51 ms. Memory: 327680K Free: 123071K (38%)
----------------- Invoking toplevel() on ptolemy.moml.MoMLSimpleApplication@6151b399
----------------- Done invoking toplevel() on ptolemy.moml.MoMLSimpleApplication@6151b399
reloadAllAccessors: .ContinuousMerge3

===========================================================================================
----------------- testing Sun Jul 07 04:42:43 UTC 2019 /home/travis/build/icyphy/ptII/ptolemy/domains/continuous/test/auto/ContinuousWithinContinuous.xml
----------------- Instantiating /home/travis/build/icyphy/ptII/ptolemy/domains/continuous/test/auto/ContinuousWithinContinuous.xml
54 ms. Memory: 327680K Free: 309663K (95%)
----------------- Invoking toplevel() on ptolemy.moml.MoMLSimpleApplication@3ca5a813
----------------- Done invoking toplevel() on ptolemy.moml.MoMLSimpleApplication@3ca5a813
reloadAllAccessors: .ContinuousWithinContinuous

===========================================================================================
----------------- testing Sun Jul 07 04:42:43 UTC 2019 /home/travis/build/icyphy/ptII/ptolemy/domains/continuous/test/auto/ContinuousWithinContinuous2.xml
----------------- Instantiating /home/travis/build/icyphy/ptII/ptolemy/domains/continuous/test/auto/ContinuousWithinContinuous2.xml
83 ms. Memory: 327680K Free: 298399K (91%)
----------------- Invoking toplevel() on ptolemy.moml.MoMLSimpleApplication@1d117ed7
----------------- Done invoking toplevel() on ptolemy.moml.MoMLSimpleApplication@1d117ed7
reloadAllAccessors: .ContinuousWithinContinuous2

===========================================================================================
----------------- testing Sun Jul 07 04:42:43 UTC 2019 /home/travis/build/icyphy/ptII/ptolemy/domains/continuous/test/auto/ContinuousWithinContinuous3.xml
----------------- Instantiating /home/travis/build/icyphy/ptII/ptolemy/domains/continuous/test/auto/ContinuousWithinContinuous3.xml
14 ms. Memory: 327680K Free: 291745K (89%)
----------------- Invoking toplevel() on ptolemy.moml.MoMLSimpleApplication@9a6f575
----------------- Done invoking toplevel() on ptolemy.moml.MoMLSimpleApplication@9a6f575
reloadAllAccessors: .ContinuousWithinContinuous3

===========================================================================================
----------------- testing Sun Jul 07 04:42:43 UTC 2019 /home/travis/build/icyphy/ptII/ptolemy/domains/continuous/test/auto/ContinuousWithinContinuous4.xml
----------------- Instantiating /home/travis/build/icyphy/ptII/ptolemy/domains/continuous/test/auto/ContinuousWithinContinuous4.xml
77 ms. Memory: 327680K Free: 278943K (85%)
----------------- Invoking toplevel() on ptolemy.moml.MoMLSimpleApplication@30b37889
----------------- Done invoking toplevel() on ptolemy.moml.MoMLSimpleApplication@30b37889
reloadAllAccessors: .ContinuousWithinContinuous4

===========================================================================================
----------------- testing Sun Jul 07 04:42:43 UTC 2019 /home/travis/build/icyphy/ptII/ptolemy/domains/continuous/test/auto/ContinuousWithinContinuous5.xml
----------------- Instantiating /home/travis/build/icyphy/ptII/ptolemy/domains/continuous/test/auto/ContinuousWithinContinuous5.xml
13 ms. Memory: 327680K Free: 271775K (83%)
----------------- Invoking toplevel() on ptolemy.moml.MoMLSimpleApplication@765bf893
----------------- Done invoking toplevel() on ptolemy.moml.MoMLSimpleApplication@765bf893
reloadAllAccessors: .ContinuousWithinContinuous5

===========================================================================================
----------------- testing Sun Jul 07 04:42:43 UTC 2019 /home/travis/build/icyphy/ptII/ptolemy/domains/continuous/test/auto/ContinuousWithinContinuous6.xml
----------------- Instantiating /home/travis/build/icyphy/ptII/ptolemy/domains/continuous/test/auto/ContinuousWithinContinuous6.xml
13 ms. Memory: 327680K Free: 264607K (81%)
----------------- Invoking toplevel() on ptolemy.moml.MoMLSimpleApplication@29319013
----------------- Done invoking toplevel() on ptolemy.moml.MoMLSimpleApplication@29319013
reloadAllAccessors: .ContinuousWithinContinuous6

===========================================================================================
----------------- testing Sun Jul 07 04:42:43 UTC 2019 /home/travis/build/icyphy/ptII/ptolemy/domains/continuous/test/auto/ContinuousWithinContinuous7.xml
----------------- Instantiating /home/travis/build/icyphy/ptII/ptolemy/domains/continuous/test/auto/ContinuousWithinContinuous7.xml
61 ms. Memory: 327680K Free: 253857K (77%)
----------------- Invoking toplevel() on ptolemy.moml.MoMLSimpleApplication@5d1e86e5
----------------- Done invoking toplevel() on ptolemy.moml.MoMLSimpleApplication@5d1e86e5
reloadAllAccessors: .ContinuousWithinContinuous7

===========================================================================================
----------------- testing Sun Jul 07 04:42:43 UTC 2019 /home/travis/build/icyphy/ptII/ptolemy/domains/continuous/test/auto/DCMotor.xml
----------------- Instantiating /home/travis/build/icyphy/ptII/ptolemy/domains/continuous/test/auto/DCMotor.xml
14433 ms. Memory: 327680K Free: 128274K (39%)
----------------- Invoking toplevel() on ptolemy.moml.MoMLSimpleApplication@783ab590
----------------- Done invoking toplevel() on ptolemy.moml.MoMLSimpleApplication@783ab590
reloadAllAccessors: .DCMotor

===========================================================================================
----------------- testing Sun Jul 07 04:42:58 UTC 2019 /home/travis/build/icyphy/ptII/ptolemy/domains/continuous/test/auto/DEInContinuous.xml
----------------- Instantiating /home/travis/build/icyphy/ptII/ptolemy/domains/continuous/test/auto/DEInContinuous.xml
9 ms. Memory: 327680K Free: 122130K (37%)
----------------- Invoking toplevel() on ptolemy.moml.MoMLSimpleApplication@44181b7e
----------------- Done invoking toplevel() on ptolemy.moml.MoMLSimpleApplication@44181b7e
reloadAllAccessors: .DEInContinuous

===========================================================================================
----------------- testing Sun Jul 07 04:42:58 UTC 2019 /home/travis/build/icyphy/ptII/ptolemy/domains/continuous/test/auto/DEinContinuous2.xml
----------------- Instantiating /home/travis/build/icyphy/ptII/ptolemy/domains/continuous/test/auto/DEinContinuous2.xml
9 ms. Memory: 327680K Free: 309268K (94%)
----------------- Invoking toplevel() on ptolemy.moml.MoMLSimpleApplication@507e5893
----------------- Done invoking toplevel() on ptolemy.moml.MoMLSimpleApplication@507e5893
reloadAllAccessors: .DEinContinuous2

===========================================================================================
----------------- testing Sun Jul 07 04:42:58 UTC 2019 /home/travis/build/icyphy/ptII/ptolemy/domains/continuous/test/auto/Derivative.xml
----------------- Instantiating /home/travis/build/icyphy/ptII/ptolemy/domains/continuous/test/auto/Derivative.xml
145 ms. Memory: 327680K Free: 280082K (85%)
----------------- Invoking toplevel() on ptolemy.moml.MoMLSimpleApplication@150fa9ff
----------------- Done invoking toplevel() on ptolemy.moml.MoMLSimpleApplication@150fa9ff
reloadAllAccessors: .Derivative2

===========================================================================================
----------------- testing Sun Jul 07 04:42:58 UTC 2019 /home/travis/build/icyphy/ptII/ptolemy/domains/continuous/test/auto/Derivative1.xml
----------------- Instantiating /home/travis/build/icyphy/ptII/ptolemy/domains/continuous/test/auto/Derivative1.xml
18 ms. Memory: 327680K Free: 265746K (81%)
----------------- Invoking toplevel() on ptolemy.moml.MoMLSimpleApplication@4976a647
----------------- Done invoking toplevel() on ptolemy.moml.MoMLSimpleApplication@4976a647
reloadAllAccessors: .Derivative1

===========================================================================================
----------------- testing Sun Jul 07 04:42:58 UTC 2019 /home/travis/build/icyphy/ptII/ptolemy/domains/continuous/test/auto/DiscreteClock.xml
----------------- Instantiating /home/travis/build/icyphy/ptII/ptolemy/domains/continuous/test/auto/DiscreteClock.xml
7 ms. Memory: 327680K Free: 260626K (80%)
----------------- Invoking toplevel() on ptolemy.moml.MoMLSimpleApplication@1facf93
----------------- Done invoking toplevel() on ptolemy.moml.MoMLSimpleApplication@1facf93
reloadAllAccessors: .DiscreteClock

===========================================================================================
----------------- testing Sun Jul 07 04:42:58 UTC 2019 /home/travis/build/icyphy/ptII/ptolemy/domains/continuous/test/auto/EfficiencyCurve.xml
----------------- Instantiating /home/travis/build/icyphy/ptII/ptolemy/domains/continuous/test/auto/EfficiencyCurve.xml
52 ms. Memory: 327680K Free: 251410K (77%)
----------------- Invoking toplevel() on ptolemy.moml.MoMLSimpleApplication@39d22f08
----------------- Done invoking toplevel() on ptolemy.moml.MoMLSimpleApplication@39d22f08
reloadAllAccessors: .EfficiencyCurve

===========================================================================================
----------------- testing Sun Jul 07 04:42:58 UTC 2019 /home/travis/build/icyphy/ptII/ptolemy/domains/continuous/test/auto/ExponentialResponse.xml
----------------- Instantiating /home/travis/build/icyphy/ptII/ptolemy/domains/continuous/test/auto/ExponentialResponse.xml
109 ms. Memory: 327680K Free: 235540K (72%)
----------------- Invoking toplevel() on ptolemy.moml.MoMLSimpleApplication@4d71e005
----------------- Done invoking toplevel() on ptolemy.moml.MoMLSimpleApplication@4d71e005
reloadAllAccessors: .ExponentialResponse

===========================================================================================
----------------- testing Sun Jul 07 04:42:58 UTC 2019 /home/travis/build/icyphy/ptII/ptolemy/domains/continuous/test/auto/ExponentialResponseRK45.xml
----------------- Instantiating /home/travis/build/icyphy/ptII/ptolemy/domains/continuous/test/auto/ExponentialResponseRK45.xml
25 ms. Memory: 327680K Free: 228882K (70%)
----------------- Invoking toplevel() on ptolemy.moml.MoMLSimpleApplication@32c4c5b4
----------------- Done invoking toplevel() on ptolemy.moml.MoMLSimpleApplication@32c4c5b4
reloadAllAccessors: .ExponentialResponseRK45

===========================================================================================
----------------- testing Sun Jul 07 04:42:58 UTC 2019 /home/travis/build/icyphy/ptII/ptolemy/domains/continuous/test/auto/Friction.xml
----------------- Instantiating /home/travis/build/icyphy/ptII/ptolemy/domains/continuous/test/auto/Friction.xml
1578 ms. Memory: 327680K Free: 198882K (61%)
----------------- Invoking toplevel() on ptolemy.moml.MoMLSimpleApplication@14ff647f
----------------- Done invoking toplevel() on ptolemy.moml.MoMLSimpleApplication@14ff647f
reloadAllAccessors: .Friction

===========================================================================================
----------------- testing Sun Jul 07 04:43:00 UTC 2019 /home/travis/build/icyphy/ptII/ptolemy/domains/continuous/test/auto/FurutaPendulum.xml
----------------- Instantiating /home/travis/build/icyphy/ptII/ptolemy/domains/continuous/test/auto/FurutaPendulum.xml
3593 ms. Memory: 327680K Free: 288283K (88%)
----------------- Invoking toplevel() on ptolemy.moml.MoMLSimpleApplication@30c6d7ec
----------------- Done invoking toplevel() on ptolemy.moml.MoMLSimpleApplication@30c6d7ec
reloadAllAccessors: .FurutaPendulum

===========================================================================================
----------------- testing Sun Jul 07 04:43:04 UTC 2019 /home/travis/build/icyphy/ptII/ptolemy/domains/continuous/test/auto/HierarchicalExecution.xml
----------------- Instantiating /home/travis/build/icyphy/ptII/ptolemy/domains/continuous/test/auto/HierarchicalExecution.xml
1837 ms. Memory: 327680K Free: 197320K (60%)
----------------- Invoking toplevel() on ptolemy.moml.MoMLSimpleApplication@2e49a55a
----------------- Done invoking toplevel() on ptolemy.moml.MoMLSimpleApplication@2e49a55a
reloadAllAccessors: .HierarchicalExecution

===========================================================================================
----------------- testing Sun Jul 07 04:43:06 UTC 2019 /home/travis/build/icyphy/ptII/ptolemy/domains/continuous/test/auto/HybridPlant.xml
----------------- Instantiating /home/travis/build/icyphy/ptII/ptolemy/domains/continuous/test/auto/HybridPlant.xml
566 ms. Memory: 393216K Free: 194409K (49%)
----------------- Invoking toplevel() on ptolemy.moml.MoMLSimpleApplication@7e5dbf25
----------------- Done invoking toplevel() on ptolemy.moml.MoMLSimpleApplication@7e5dbf25
reloadAllAccessors: .HybridPlant

===========================================================================================
----------------- testing Sun Jul 07 04:43:07 UTC 2019 /home/travis/build/icyphy/ptII/ptolemy/domains/continuous/test/auto/Hysteresis.xml
----------------- Instantiating /home/travis/build/icyphy/ptII/ptolemy/domains/continuous/test/auto/Hysteresis.xml
154 ms. Memory: 393216K Free: 366650K (93%)
----------------- Invoking toplevel() on ptolemy.moml.MoMLSimpleApplication@5be54e97
----------------- Done invoking toplevel() on ptolemy.moml.MoMLSimpleApplication@5be54e97
reloadAllAccessors: .Hysteresis

===========================================================================================
----------------- testing Sun Jul 07 04:43:07 UTC 2019 /home/travis/build/icyphy/ptII/ptolemy/domains/continuous/test/auto/HysteresisWithRandomDelay.xml
----------------- Instantiating /home/travis/build/icyphy/ptII/ptolemy/domains/continuous/test/auto/HysteresisWithRandomDelay.xml
182 ms. Memory: 393216K Free: 295490K (75%)
----------------- Invoking toplevel() on ptolemy.moml.MoMLSimpleApplication@ce5d5df
----------------- Done invoking toplevel() on ptolemy.moml.MoMLSimpleApplication@ce5d5df
reloadAllAccessors: .HysteresisWithRandomDelay

===========================================================================================
----------------- testing Sun Jul 07 04:43:07 UTC 2019 /home/travis/build/icyphy/ptII/ptolemy/domains/continuous/test/auto/HysteresisWithRandomLosses.xml
----------------- Instantiating /home/travis/build/icyphy/ptII/ptolemy/domains/continuous/test/auto/HysteresisWithRandomLosses.xml
2420 ms. Memory: 393216K Free: 257773K (66%)
----------------- Invoking toplevel() on ptolemy.moml.MoMLSimpleApplication@67d8fbd7
----------------- Done invoking toplevel() on ptolemy.moml.MoMLSimpleApplication@67d8fbd7
reloadAllAccessors: .HysteresisWithRandomLosses

===========================================================================================
----------------- testing Sun Jul 07 04:43:09 UTC 2019 /home/travis/build/icyphy/ptII/ptolemy/domains/continuous/test/auto/ImmediateTransitions.xml
----------------- Instantiating /home/travis/build/icyphy/ptII/ptolemy/domains/continuous/test/auto/ImmediateTransitions.xml
18 ms. Memory: 393216K Free: 246989K (63%)
----------------- Invoking toplevel() on ptolemy.moml.MoMLSimpleApplication@7d4558bc
----------------- Done invoking toplevel() on ptolemy.moml.MoMLSimpleApplication@7d4558bc
reloadAllAccessors: .ImmediateTransitions

===========================================================================================
----------------- testing Sun Jul 07 04:43:10 UTC 2019 /home/travis/build/icyphy/ptII/ptolemy/domains/continuous/test/auto/ImpulseFeedback.xml
----------------- Instantiating /home/travis/build/icyphy/ptII/ptolemy/domains/continuous/test/auto/ImpulseFeedback.xml
8 ms. Memory: 393216K Free: 241389K (61%)
----------------- Invoking toplevel() on ptolemy.moml.MoMLSimpleApplication@3d198fc3
----------------- Done invoking toplevel() on ptolemy.moml.MoMLSimpleApplication@3d198fc3
reloadAllAccessors: .ImpulseFeedback

===========================================================================================
----------------- testing Sun Jul 07 04:43:10 UTC 2019 /home/travis/build/icyphy/ptII/ptolemy/domains/continuous/test/auto/ImpulseFeedback2.xml
----------------- Instantiating /home/travis/build/icyphy/ptII/ptolemy/domains/continuous/test/auto/ImpulseFeedback2.xml
6 ms. Memory: 393216K Free: 235755K (60%)
----------------- Invoking toplevel() on ptolemy.moml.MoMLSimpleApplication@4bcc61aa
----------------- Done invoking toplevel() on ptolemy.moml.MoMLSimpleApplication@4bcc61aa
reloadAllAccessors: .ImpulseFeedback2

===========================================================================================
----------------- testing Sun Jul 07 04:43:10 UTC 2019 /home/travis/build/icyphy/ptII/ptolemy/domains/continuous/test/auto/IncreasingRatePoisson.xml
----------------- Instantiating /home/travis/build/icyphy/ptII/ptolemy/domains/continuous/test/auto/IncreasingRatePoisson.xml
748 ms. Memory: 393216K Free: 157588K (40%)
----------------- Invoking toplevel() on ptolemy.moml.MoMLSimpleApplication@16259f02
----------------- Done invoking toplevel() on ptolemy.moml.MoMLSimpleApplication@16259f02
reloadAllAccessors: .IncreasingRatePoisson

===========================================================================================
----------------- testing Sun Jul 07 04:43:10 UTC 2019 /home/travis/build/icyphy/ptII/ptolemy/domains/continuous/test/auto/InitialStateFeedback.xml
----------------- Instantiating /home/travis/build/icyphy/ptII/ptolemy/domains/continuous/test/auto/InitialStateFeedback.xml
7 ms. Memory: 393216K Free: 152996K (39%)
----------------- Invoking toplevel() on ptolemy.moml.MoMLSimpleApplication@28fd2339
----------------- Done invoking toplevel() on ptolemy.moml.MoMLSimpleApplication@28fd2339
reloadAllAccessors: .InitialStateFeedback

===========================================================================================
----------------- testing Sun Jul 07 04:43:10 UTC 2019 /home/travis/build/icyphy/ptII/ptolemy/domains/continuous/test/auto/Integration.xml
----------------- Instantiating /home/travis/build/icyphy/ptII/ptolemy/domains/continuous/test/auto/Integration.xml
2 ms. Memory: 393216K Free: 148900K (38%)
----------------- Invoking toplevel() on ptolemy.moml.MoMLSimpleApplication@32a2d80d
----------------- Done invoking toplevel() on ptolemy.moml.MoMLSimpleApplication@32a2d80d
reloadAllAccessors: .Integration

===========================================================================================
----------------- testing Sun Jul 07 04:43:10 UTC 2019 /home/travis/build/icyphy/ptII/ptolemy/domains/continuous/test/auto/Integration2.xml
----------------- Instantiating /home/travis/build/icyphy/ptII/ptolemy/domains/continuous/test/auto/Integration2.xml
86 ms. Memory: 393216K Free: 369377K (94%)
----------------- Invoking toplevel() on ptolemy.moml.MoMLSimpleApplication@26ff59c0
----------------- Done invoking toplevel() on ptolemy.moml.MoMLSimpleApplication@26ff59c0
reloadAllAccessors: .Integration2

===========================================================================================
----------------- testing Sun Jul 07 04:43:10 UTC 2019 /home/travis/build/icyphy/ptII/ptolemy/domains/continuous/test/auto/Integration3.xml
----------------- Instantiating /home/travis/build/icyphy/ptII/ptolemy/domains/continuous/test/auto/Integration3.xml
2 ms. Memory: 393216K Free: 364767K (93%)
----------------- Invoking toplevel() on ptolemy.moml.MoMLSimpleApplication@65abade9
----------------- Done invoking toplevel() on ptolemy.moml.MoMLSimpleApplication@65abade9
reloadAllAccessors: .Integration3

===========================================================================================
----------------- testing Sun Jul 07 04:43:10 UTC 2019 /home/travis/build/icyphy/ptII/ptolemy/domains/continuous/test/auto/Integration5.xml
----------------- Instantiating /home/travis/build/icyphy/ptII/ptolemy/domains/continuous/test/auto/Integration5.xml
2 ms. Memory: 393216K Free: 360671K (92%)
----------------- Invoking toplevel() on ptolemy.moml.MoMLSimpleApplication@5a6aa622
----------------- Done invoking toplevel() on ptolemy.moml.MoMLSimpleApplication@5a6aa622
reloadAllAccessors: .Integration5

===========================================================================================
----------------- testing Sun Jul 07 04:43:11 UTC 2019 /home/travis/build/icyphy/ptII/ptolemy/domains/continuous/test/auto/IntegratorImpulse.xml
----------------- Instantiating /home/travis/build/icyphy/ptII/ptolemy/domains/continuous/test/auto/IntegratorImpulse.xml
3 ms. Memory: 393216K Free: 356545K (91%)
----------------- Invoking toplevel() on ptolemy.moml.MoMLSimpleApplication@46724342
----------------- Done invoking toplevel() on ptolemy.moml.MoMLSimpleApplication@46724342
reloadAllAccessors: .IntegratorImpulse

===========================================================================================
----------------- testing Sun Jul 07 04:43:11 UTC 2019 /home/travis/build/icyphy/ptII/ptolemy/domains/continuous/test/auto/IntegratorImpulse2.xml
----------------- Instantiating /home/travis/build/icyphy/ptII/ptolemy/domains/continuous/test/auto/IntegratorImpulse2.xml
4 ms. Memory: 393216K Free: 351969K (90%)
----------------- Invoking toplevel() on ptolemy.moml.MoMLSimpleApplication@5e7d7ff
----------------- Done invoking toplevel() on ptolemy.moml.MoMLSimpleApplication@5e7d7ff
reloadAllAccessors: .IntegratorImpulse2

===========================================================================================
----------------- testing Sun Jul 07 04:43:11 UTC 2019 /home/travis/build/icyphy/ptII/ptolemy/domains/continuous/test/auto/LevelCrossing1.xml
----------------- Instantiating /home/travis/build/icyphy/ptII/ptolemy/domains/continuous/test/auto/LevelCrossing1.xml
6 ms. Memory: 393216K Free: 346849K (88%)
----------------- Invoking toplevel() on ptolemy.moml.MoMLSimpleApplication@6ee2057c
----------------- Done invoking toplevel() on ptolemy.moml.MoMLSimpleApplication@6ee2057c
reloadAllAccessors: .LevelCrossing1

===========================================================================================
----------------- testing Sun Jul 07 04:43:11 UTC 2019 /home/travis/build/icyphy/ptII/ptolemy/domains/continuous/test/auto/LevelCrossing2.xml
----------------- Instantiating /home/travis/build/icyphy/ptII/ptolemy/domains/continuous/test/auto/LevelCrossing2.xml
3 ms. Memory: 393216K Free: 341729K (87%)
----------------- Invoking toplevel() on ptolemy.moml.MoMLSimpleApplication@411d1b43
----------------- Done invoking toplevel() on ptolemy.moml.MoMLSimpleApplication@411d1b43
reloadAllAccessors: .LevelCrossing2

===========================================================================================
----------------- testing Sun Jul 07 04:43:11 UTC 2019 /home/travis/build/icyphy/ptII/ptolemy/domains/continuous/test/auto/LevelCrossing3.xml
----------------- Instantiating /home/travis/build/icyphy/ptII/ptolemy/domains/continuous/test/auto/LevelCrossing3.xml
2 ms. Memory: 393216K Free: 336609K (86%)
----------------- Invoking toplevel() on ptolemy.moml.MoMLSimpleApplication@4bf732b7
----------------- Done invoking toplevel() on ptolemy.moml.MoMLSimpleApplication@4bf732b7
reloadAllAccessors: .LevelCrossing3

===========================================================================================
----------------- testing Sun Jul 07 04:43:11 UTC 2019 /home/travis/build/icyphy/ptII/ptolemy/domains/continuous/test/auto/LevelCrossing4.xml
----------------- Instantiating /home/travis/build/icyphy/ptII/ptolemy/domains/continuous/test/auto/LevelCrossing4.xml
4 ms. Memory: 393216K Free: 331489K (84%)
----------------- Invoking toplevel() on ptolemy.moml.MoMLSimpleApplication@52082e73
----------------- Done invoking toplevel() on ptolemy.moml.MoMLSimpleApplication@52082e73
reloadAllAccessors: .LevelCrossing4

===========================================================================================
----------------- testing Sun Jul 07 04:43:11 UTC 2019 /home/travis/build/icyphy/ptII/ptolemy/domains/continuous/test/auto/LevelCrossing5.xml
----------------- Instantiating /home/travis/build/icyphy/ptII/ptolemy/domains/continuous/test/auto/LevelCrossing5.xml
3 ms. Memory: 393216K Free: 326369K (83%)
----------------- Invoking toplevel() on ptolemy.moml.MoMLSimpleApplication@787ebda2
----------------- Done invoking toplevel() on ptolemy.moml.MoMLSimpleApplication@787ebda2
reloadAllAccessors: .LevelCrossing5

===========================================================================================
[...]
----------------- Instantiating /home/travis/build/icyphy/ptII/ptolemy/domains/continuous/test/auto/SRinContinuous.xml
6 ms. Memory: 393216K Free: 169837K (43%)
----------------- Invoking toplevel() on ptolemy.moml.MoMLSimpleApplication@13535f02
----------------- Done invoking toplevel() on ptolemy.moml.MoMLSimpleApplication@13535f02
reloadAllAccessors: .SRinContinuous

===========================================================================================
----------------- testing Sun Jul 07 04:43:28 UTC 2019 /home/travis/build/icyphy/ptII/ptolemy/domains/continuous/test/auto/SampledClocks.xml
----------------- Instantiating /home/travis/build/icyphy/ptII/ptolemy/domains/continuous/test/auto/SampledClocks.xml
7 ms. Memory: 393216K Free: 157035K (40%)
----------------- Invoking toplevel() on ptolemy.moml.MoMLSimpleApplication@7ba8462
----------------- Done invoking toplevel() on ptolemy.moml.MoMLSimpleApplication@7ba8462
reloadAllAccessors: .SampledClocks

===========================================================================================
----------------- testing Sun Jul 07 04:43:28 UTC 2019 /home/travis/build/icyphy/ptII/ptolemy/domains/continuous/test/auto/Satellite.xml
----------------- Instantiating /home/travis/build/icyphy/ptII/ptolemy/domains/continuous/test/auto/Satellite.xml
862 ms. Memory: 393216K Free: 200788K (51%)
----------------- Invoking toplevel() on ptolemy.moml.MoMLSimpleApplication@319fab4b
----------------- Done invoking toplevel() on ptolemy.moml.MoMLSimpleApplication@319fab4b
reloadAllAccessors: .Satellite

===========================================================================================
----------------- testing Sun Jul 07 04:43:29 UTC 2019 /home/travis/build/icyphy/ptII/ptolemy/domains/continuous/test/auto/SigmaDelta.xml
----------------- Instantiating /home/travis/build/icyphy/ptII/ptolemy/domains/continuous/test/auto/SigmaDelta.xml
2534 ms. Memory: 393216K Free: 166494K (42%)
----------------- Invoking toplevel() on ptolemy.moml.MoMLSimpleApplication@32699434
----------------- Done invoking toplevel() on ptolemy.moml.MoMLSimpleApplication@32699434
reloadAllAccessors: .SigmaDelta

===========================================================================================
----------------- testing Sun Jul 07 04:43:32 UTC 2019 /home/travis/build/icyphy/ptII/ptolemy/domains/continuous/test/auto/SingleRefinement.xml
----------------- Instantiating /home/travis/build/icyphy/ptII/ptolemy/domains/continuous/test/auto/SingleRefinement.xml
427 ms. Memory: 393216K Free: 217812K (55%)
----------------- Invoking toplevel() on ptolemy.moml.MoMLSimpleApplication@1b727de9
----------------- Done invoking toplevel() on ptolemy.moml.MoMLSimpleApplication@1b727de9
reloadAllAccessors: .SingleRefinement

===========================================================================================
----------------- testing Sun Jul 07 04:43:32 UTC 2019 /home/travis/build/icyphy/ptII/ptolemy/domains/continuous/test/auto/SinuBouncingBall.xml
----------------- Instantiating /home/travis/build/icyphy/ptII/ptolemy/domains/continuous/test/auto/SinuBouncingBall.xml
815 ms. Memory: 393216K Free: 238942K (61%)
----------------- Invoking toplevel() on ptolemy.moml.MoMLSimpleApplication@19b21ed3
----------------- Done invoking toplevel() on ptolemy.moml.MoMLSimpleApplication@19b21ed3
reloadAllAccessors: .SinuBouncingBall

===========================================================================================
----------------- testing Sun Jul 07 04:43:33 UTC 2019 /home/travis/build/icyphy/ptII/ptolemy/domains/continuous/test/auto/Sinusoid.xml
----------------- Instantiating /home/travis/build/icyphy/ptII/ptolemy/domains/continuous/test/auto/Sinusoid.xml
5 ms. Memory: 393216K Free: 234336K (60%)
----------------- Invoking toplevel() on ptolemy.moml.MoMLSimpleApplication@664a9a82
----------------- Done invoking toplevel() on ptolemy.moml.MoMLSimpleApplication@664a9a82
reloadAllAccessors: .Sinusoid

===========================================================================================
----------------- testing Sun Jul 07 04:43:33 UTC 2019 /home/travis/build/icyphy/ptII/ptolemy/domains/continuous/test/auto/SinusoidInNoise.xml
----------------- Instantiating /home/travis/build/icyphy/ptII/ptolemy/domains/continuous/test/auto/SinusoidInNoise.xml
1114 ms. Memory: 393216K Free: 331458K (84%)
----------------- Invoking toplevel() on ptolemy.moml.MoMLSimpleApplication@438dbe1b
----------------- Done invoking toplevel() on ptolemy.moml.MoMLSimpleApplication@438dbe1b
reloadAllAccessors: .SinusoidInNoise

===========================================================================================
----------------- testing Sun Jul 07 04:43:35 UTC 2019 /home/travis/build/icyphy/ptII/ptolemy/domains/continuous/test/auto/SinusoidRK45.xml
----------------- Instantiating /home/travis/build/icyphy/ptII/ptolemy/domains/continuous/test/auto/SinusoidRK45.xml
2 ms. Memory: 393216K Free: 326818K (83%)
----------------- Invoking toplevel() on ptolemy.moml.MoMLSimpleApplication@ff147c
----------------- Done invoking toplevel() on ptolemy.moml.MoMLSimpleApplication@ff147c
reloadAllAccessors: .SinusoidRK45

===========================================================================================
----------------- testing Sun Jul 07 04:43:35 UTC 2019 /home/travis/build/icyphy/ptII/ptolemy/domains/continuous/test/auto/SinusoidWithMultipleImpulses.xml
----------------- Instantiating /home/travis/build/icyphy/ptII/ptolemy/domains/continuous/test/auto/SinusoidWithMultipleImpulses.xml
3 ms. Memory: 393216K Free: 322242K (82%)
----------------- Invoking toplevel() on ptolemy.moml.MoMLSimpleApplication@6d49728f
----------------- Done invoking toplevel() on ptolemy.moml.MoMLSimpleApplication@6d49728f
reloadAllAccessors: .SinusoidWithMultipleImpulses

===========================================================================================
----------------- testing Sun Jul 07 04:43:35 UTC 2019 /home/travis/build/icyphy/ptII/ptolemy/domains/continuous/test/auto/SquareWave.xml
----------------- Instantiating /home/travis/build/icyphy/ptII/ptolemy/domains/continuous/test/auto/SquareWave.xml
148 ms. Memory: 393216K Free: 295104K (75%)
----------------- Invoking toplevel() on ptolemy.moml.MoMLSimpleApplication@10c82dfd
----------------- Done invoking toplevel() on ptolemy.moml.MoMLSimpleApplication@10c82dfd
reloadAllAccessors: .SquareWave

===========================================================================================
----------------- testing Sun Jul 07 04:43:35 UTC 2019 /home/travis/build/icyphy/ptII/ptolemy/domains/continuous/test/auto/Starmac.xml
----------------- Instantiating /home/travis/build/icyphy/ptII/ptolemy/domains/continuous/test/auto/Starmac.xml
3046 ms. Memory: 393216K Free: 215373K (55%)
----------------- Invoking toplevel() on ptolemy.moml.MoMLSimpleApplication@5eacc94d
----------------- Done invoking toplevel() on ptolemy.moml.MoMLSimpleApplication@5eacc94d
reloadAllAccessors: .Starmac

===========================================================================================
----------------- testing Sun Jul 07 04:43:38 UTC 2019 /home/travis/build/icyphy/ptII/ptolemy/domains/continuous/test/auto/StaticUnits.xml
----------------- Instantiating /home/travis/build/icyphy/ptII/ptolemy/domains/continuous/test/auto/StaticUnits.xml
2171 ms. Memory: 393216K Free: 224433K (57%)
----------------- Invoking toplevel() on ptolemy.moml.MoMLSimpleApplication@27d1be5b
----------------- Done invoking toplevel() on ptolemy.moml.MoMLSimpleApplication@27d1be5b
reloadAllAccessors: .StaticUnits

===========================================================================================
----------------- testing Sun Jul 07 04:43:41 UTC 2019 /home/travis/build/icyphy/ptII/ptolemy/domains/continuous/test/auto/StickyMasses.xml
----------------- Instantiating /home/travis/build/icyphy/ptII/ptolemy/domains/continuous/test/auto/StickyMasses.xml
151 ms. Memory: 393216K Free: 174752K (44%)
----------------- Invoking toplevel() on ptolemy.moml.MoMLSimpleApplication@13f76e91
----------------- Done invoking toplevel() on ptolemy.moml.MoMLSimpleApplication@13f76e91
reloadAllAccessors: .StickyMasses

===========================================================================================
----------------- testing Sun Jul 07 04:43:41 UTC 2019 /home/travis/build/icyphy/ptII/ptolemy/domains/continuous/test/auto/StopTime.xml
----------------- Instantiating /home/travis/build/icyphy/ptII/ptolemy/domains/continuous/test/auto/StopTime.xml
48 ms. Memory: 393216K Free: 150158K (38%)
----------------- Invoking toplevel() on ptolemy.moml.MoMLSimpleApplication@1d612114
----------------- Done invoking toplevel() on ptolemy.moml.MoMLSimpleApplication@1d612114
reloadAllAccessors: .StopTime

===========================================================================================
----------------- testing Sun Jul 07 04:43:41 UTC 2019 /home/travis/build/icyphy/ptII/ptolemy/domains/continuous/test/auto/StopTime2.xml
----------------- Instantiating /home/travis/build/icyphy/ptII/ptolemy/domains/continuous/test/auto/StopTime2.xml
36 ms. Memory: 393216K Free: 358060K (91%)
----------------- Invoking toplevel() on ptolemy.moml.MoMLSimpleApplication@4325ef85
----------------- Done invoking toplevel() on ptolemy.moml.MoMLSimpleApplication@4325ef85
reloadAllAccessors: .StopTime2

===========================================================================================
----------------- testing Sun Jul 07 04:43:41 UTC 2019 /home/travis/build/icyphy/ptII/ptolemy/domains/continuous/test/auto/Switch.xml
----------------- Instantiating /home/travis/build/icyphy/ptII/ptolemy/domains/continuous/test/auto/Switch.xml
43 ms. Memory: 393216K Free: 333484K (85%)
----------------- Invoking toplevel() on ptolemy.moml.MoMLSimpleApplication@550f5233
----------------- Done invoking toplevel() on ptolemy.moml.MoMLSimpleApplication@550f5233
reloadAllAccessors: .Switch

===========================================================================================
----------------- testing Sun Jul 07 04:43:42 UTC 2019 /home/travis/build/icyphy/ptII/ptolemy/domains/continuous/test/auto/Thermostat.xml
----------------- Instantiating /home/travis/build/icyphy/ptII/ptolemy/domains/continuous/test/auto/Thermostat.xml
188 ms. Memory: 393216K Free: 261276K (66%)
----------------- Invoking toplevel() on ptolemy.moml.MoMLSimpleApplication@5aab5f33
----------------- Done invoking toplevel() on ptolemy.moml.MoMLSimpleApplication@5aab5f33
reloadAllAccessors: .Thermostat

===========================================================================================
----------------- testing Sun Jul 07 04:43:42 UTC 2019 /home/travis/build/icyphy/ptII/ptolemy/domains/continuous/test/auto/TimeDelay.xml
----------------- Instantiating /home/travis/build/icyphy/ptII/ptolemy/domains/continuous/test/auto/TimeDelay.xml
6 ms. Memory: 393216K Free: 256684K (65%)
----------------- Invoking toplevel() on ptolemy.moml.MoMLSimpleApplication@5cdab801
----------------- Done invoking toplevel() on ptolemy.moml.MoMLSimpleApplication@5cdab801
reloadAllAccessors: .TimeDelay

===========================================================================================
----------------- testing Sun Jul 07 04:43:42 UTC 2019 /home/travis/build/icyphy/ptII/ptolemy/domains/continuous/test/auto/TimeDelay2.xml
----------------- Instantiating /home/travis/build/icyphy/ptII/ptolemy/domains/continuous/test/auto/TimeDelay2.xml
10 ms. Memory: 393216K Free: 246954K (63%)
----------------- Invoking toplevel() on ptolemy.moml.MoMLSimpleApplication@533a22f8
----------------- Done invoking toplevel() on ptolemy.moml.MoMLSimpleApplication@533a22f8
reloadAllAccessors: .TimeDelay2

===========================================================================================
----------------- testing Sun Jul 07 04:43:42 UTC 2019 /home/travis/build/icyphy/ptII/ptolemy/domains/continuous/test/auto/TimeDelay3.xml
----------------- Instantiating /home/travis/build/icyphy/ptII/ptolemy/domains/continuous/test/auto/TimeDelay3.xml
5 ms. Memory: 393216K Free: 242346K (62%)
----------------- Invoking toplevel() on ptolemy.moml.MoMLSimpleApplication@72f34de0
----------------- Done invoking toplevel() on ptolemy.moml.MoMLSimpleApplication@72f34de0
reloadAllAccessors: .TimeDelay3

===========================================================================================
----------------- testing Sun Jul 07 04:43:42 UTC 2019 /home/travis/build/icyphy/ptII/ptolemy/domains/continuous/test/auto/TransferAbsentToInside.xml
----------------- Instantiating /home/travis/build/icyphy/ptII/ptolemy/domains/continuous/test/auto/TransferAbsentToInside.xml
31 ms. Memory: 393216K Free: 189100K (48%)
----------------- Invoking toplevel() on ptolemy.moml.MoMLSimpleApplication@7a525fa0
----------------- Done invoking toplevel() on ptolemy.moml.MoMLSimpleApplication@7a525fa0
reloadAllAccessors: .TransferAbsentToInside

===========================================================================================
----------------- testing Sun Jul 07 04:43:42 UTC 2019 /home/travis/build/icyphy/ptII/ptolemy/domains/continuous/test/auto/Transmission.xml
----------------- Instantiating /home/travis/build/icyphy/ptII/ptolemy/domains/continuous/test/auto/Transmission.xml
881 ms. Memory: 472064K Free: 266389K (56%)
----------------- Invoking toplevel() on ptolemy.moml.MoMLSimpleApplication@492dbbe7
----------------- Done invoking toplevel() on ptolemy.moml.MoMLSimpleApplication@492dbbe7
reloadAllAccessors: .Transmission

===========================================================================================
----------------- testing Sun Jul 07 04:43:43 UTC 2019 /home/travis/build/icyphy/ptII/ptolemy/domains/continuous/test/auto/TriggeredContinuousClock.xml
----------------- Instantiating /home/travis/build/icyphy/ptII/ptolemy/domains/continuous/test/auto/TriggeredContinuousClock.xml
52 ms. Memory: 472064K Free: 236701K (50%)
----------------- Invoking toplevel() on ptolemy.moml.MoMLSimpleApplication@2a6bdd7
----------------- Done invoking toplevel() on ptolemy.moml.MoMLSimpleApplication@2a6bdd7
reloadAllAccessors: .TriggeredContinuousClock

===========================================================================================
----------------- testing Sun Jul 07 04:43:43 UTC 2019 /home/travis/build/icyphy/ptII/ptolemy/domains/continuous/test/auto/TwoMachineInfiniteBusControl.xml
----------------- Instantiating /home/travis/build/icyphy/ptII/ptolemy/domains/continuous/test/auto/TwoMachineInfiniteBusControl.xml
3015 ms. Memory: 472064K Free: 234065K (50%)
----------------- Invoking toplevel() on ptolemy.moml.MoMLSimpleApplication@1f36b5fe
----------------- Done invoking toplevel() on ptolemy.moml.MoMLSimpleApplication@1f36b5fe
reloadAllAccessors: .TwoMachineInfiniteBusControl

===========================================================================================
----------------- testing Sun Jul 07 04:43:46 UTC 2019 /home/travis/build/icyphy/ptII/ptolemy/domains/continuous/test/auto/V2V.xml
----------------- Instantiating /home/travis/build/icyphy/ptII/ptolemy/domains/continuous/test/auto/V2V.xml
820 ms. Memory: 472064K Free: 323661K (69%)
----------------- Invoking toplevel() on ptolemy.moml.MoMLSimpleApplication@427d109c
----------------- Done invoking toplevel() on ptolemy.moml.MoMLSimpleApplication@427d109c
reloadAllAccessors: .V2V

===========================================================================================
----------------- testing Sun Jul 07 04:43:47 UTC 2019 /home/travis/build/icyphy/ptII/ptolemy/domains/continuous/test/auto/hierarchicalModalModel.xml
----------------- Instantiating /home/travis/build/icyphy/ptII/ptolemy/domains/continuous/test/auto/hierarchicalModalModel.xml
8 ms. Memory: 472064K Free: 309325K (66%)
----------------- Invoking toplevel() on ptolemy.moml.MoMLSimpleApplication@39f70aa5
----------------- Done invoking toplevel() on ptolemy.moml.MoMLSimpleApplication@39f70aa5
reloadAllAccessors: .hierarchicalModalModel

===========================================================================================
----------------- testing Sun Jul 07 04:43:47 UTC 2019 /home/travis/build/icyphy/ptII/ptolemy/domains/continuous/test/auto/hierarchicalModalModel1.xml
----------------- Instantiating /home/travis/build/icyphy/ptII/ptolemy/domains/continuous/test/auto/hierarchicalModalModel1.xml
8 ms. Memory: 472064K Free: 294989K (62%)
----------------- Invoking toplevel() on ptolemy.moml.MoMLSimpleApplication@7e6911a2
----------------- Done invoking toplevel() on ptolemy.moml.MoMLSimpleApplication@7e6911a2
reloadAllAccessors: .hierarchicalModalModel1

===========================================================================================
----------------- testing Sun Jul 07 04:43:47 UTC 2019 /home/travis/build/icyphy/ptII/ptolemy/domains/continuous/test/auto/hierarchicalModalModel2.xml
----------------- Instantiating /home/travis/build/icyphy/ptII/ptolemy/domains/continuous/test/auto/hierarchicalModalModel2.xml
7 ms. Memory: 472064K Free: 282701K (60%)
----------------- Invoking toplevel() on ptolemy.moml.MoMLSimpleApplication@be981bf
----------------- Done invoking toplevel() on ptolemy.moml.MoMLSimpleApplication@be981bf
reloadAllAccessors: .hierarchicalModalModel2

===========================================================================================
----------------- testing Sun Jul 07 04:43:47 UTC 2019 /home/travis/build/icyphy/ptII/ptolemy/domains/continuous/test/auto/hierarchicalModalModel3.xml
----------------- Instantiating /home/travis/build/icyphy/ptII/ptolemy/domains/continuous/test/auto/hierarchicalModalModel3.xml
8 ms. Memory: 472064K Free: 271947K (58%)
----------------- Invoking toplevel() on ptolemy.moml.MoMLSimpleApplication@2e63d139
----------------- Done invoking toplevel() on ptolemy.moml.MoMLSimpleApplication@2e63d139
reloadAllAccessors: .hierarchicalModalModel3

===========================================================================================
----------------- testing Sun Jul 07 04:43:47 UTC 2019 /home/travis/build/icyphy/ptII/ptolemy/domains/continuous/test/auto/hierarchicalModalModel4.xml
----------------- Instantiating /home/travis/build/icyphy/ptII/ptolemy/domains/continuous/test/auto/hierarchicalModalModel4.xml
5 ms. Memory: 472064K Free: 260173K (55%)
----------------- Invoking toplevel() on ptolemy.moml.MoMLSimpleApplication@66da037e
----------------- Done invoking toplevel() on ptolemy.moml.MoMLSimpleApplication@66da037e
reloadAllAccessors: .hierarchicalModalModel4

===========================================================================================
----------------- testing Sun Jul 07 04:43:47 UTC 2019 /home/travis/build/icyphy/ptII/ptolemy/domains/continuous/test/auto/junk.xml
----------------- Instantiating /home/travis/build/icyphy/ptII/ptolemy/domains/continuous/test/auto/junk.xml
142 ms. Memory: 472064K Free: 235083K (50%)
----------------- Invoking toplevel() on ptolemy.moml.MoMLSimpleApplication@1cf0cefe
----------------- Done invoking toplevel() on ptolemy.moml.MoMLSimpleApplication@1cf0cefe
reloadAllAccessors: .junk
AutoTests.java: About to close Vertx.
AutoTests.java: Vertx closed.
]]></system-out>
  <system-err><![CDATA[Warning: '.HysteresisWithRandomDelay.NonStrictTest' The test produced only 221 tokens, yet the correctValues parameter was expecting 222 tokens.
Warning: '.HysteresisWithRandomDelay.NonStrictTest2' The test produced only 220 tokens, yet the correctValues parameter was expecting 221 tokens.
Warning: '.HysteresisWithRandomDelay.NonStrictTest3' The test produced only 25 tokens, yet the correctValues parameter was expecting 30 tokens.
Warning: '.Poisson.NonStrictTest' The test produced only 398 tokens, yet the correctValues parameter was expecting 430 tokens.
]]></system-err>
</testsuite>
