<?xml version="1.0" encoding="UTF-8" ?>
<testsuite errors="0" failures="0" hostname="travis-job-140b26f6-17c9-43d7-abd3-435b67ec9583" name="ptolemy.domains.modal.test.junit.JUnitTclTest" skipped="0" tests="148" time="10.535" timestamp="2018-06-06T18:36:37">
  <properties>
[...]
</properties>
  <testcase classname="ptolemy.util.test.junit.TclTests" name="[0] /home/travis/build/icyphy/ptII/ptolemy/domains/modal/test/SystemLevelType.tcl (RunTclFile)" time="1.809" />
  <testcase classname="ptolemy.util.test.junit.AutoKnownFailedTests" name="[0] /home/travis/build/icyphy/ptII/ptolemy/domains/modal/test/auto/knownFailedTests/CannotAnalysisWithPreemption.xml (RunModel)" time="0.186" />
  <testcase classname="ptolemy.util.test.junit.AutoNameArchTests" name="[0] ThereAreNoAutoArchTests (RunModel)" time="0.013" />
  <testcase classname="ptolemy.util.test.junit.AutoTests" name="[0] /home/travis/build/icyphy/ptII/ptolemy/domains/modal/test/auto/ABPTest.xml (RunModel)" time="0.733" />
  <testcase classname="ptolemy.util.test.junit.AutoTests" name="[1] /home/travis/build/icyphy/ptII/ptolemy/domains/modal/test/auto/ABROFlat.xml (RunModel)" time="0.109" />
  <testcase classname="ptolemy.util.test.junit.AutoTests" name="[2] /home/travis/build/icyphy/ptII/ptolemy/domains/modal/test/auto/ABROFlat2.xml (RunModel)" time="0.104" />
  <testcase classname="ptolemy.util.test.junit.AutoTests" name="[3] /home/travis/build/icyphy/ptII/ptolemy/domains/modal/test/auto/ABRO_present_hmm.xml (RunModel)" time="0.161" />
  <testcase classname="ptolemy.util.test.junit.AutoTests" name="[4] /home/travis/build/icyphy/ptII/ptolemy/domains/modal/test/auto/AMICoderExample.xml (RunModel)" time="0.064" />
  <testcase classname="ptolemy.util.test.junit.AutoTests" name="[5] /home/travis/build/icyphy/ptII/ptolemy/domains/modal/test/auto/AbsentToPresent.xml (RunModel)" time="0.03" />
  <testcase classname="ptolemy.util.test.junit.AutoTests" name="[6] /home/travis/build/icyphy/ptII/ptolemy/domains/modal/test/auto/Blending.xml (RunModel)" time="0.292" />
  <testcase classname="ptolemy.util.test.junit.AutoTests" name="[7] /home/travis/build/icyphy/ptII/ptolemy/domains/modal/test/auto/Broadcast.xml (RunModel)" time="0.066" />
  <testcase classname="ptolemy.util.test.junit.AutoTests" name="[8] /home/travis/build/icyphy/ptII/ptolemy/domains/modal/test/auto/BroadcastHierarchy.xml (RunModel)" time="0.08" />
  <testcase classname="ptolemy.util.test.junit.AutoTests" name="[9] /home/travis/build/icyphy/ptII/ptolemy/domains/modal/test/auto/BroadcastHierarchy2.xml (RunModel)" time="0.117" />
  <testcase classname="ptolemy.util.test.junit.AutoTests" name="[10] /home/travis/build/icyphy/ptII/ptolemy/domains/modal/test/auto/BroadcastHierarchy3.xml (RunModel)" time="0.125" />
  <testcase classname="ptolemy.util.test.junit.AutoTests" name="[11] /home/travis/build/icyphy/ptII/ptolemy/domains/modal/test/auto/BroadcastHierarchy4.xml (RunModel)" time="0.106" />
  <testcase classname="ptolemy.util.test.junit.AutoTests" name="[12] /home/travis/build/icyphy/ptII/ptolemy/domains/modal/test/auto/CannotAnalysisWithPreemption2.xml (RunModel)" time="0.035" />
  <testcase classname="ptolemy.util.test.junit.AutoTests" name="[13] /home/travis/build/icyphy/ptII/ptolemy/domains/modal/test/auto/CannotAnalysisWithPreemption3.xml (RunModel)" time="0.043" />
  <testcase classname="ptolemy.util.test.junit.AutoTests" name="[14] /home/travis/build/icyphy/ptII/ptolemy/domains/modal/test/auto/CannotProduce.xml (RunModel)" time="0.041" />
  <testcase classname="ptolemy.util.test.junit.AutoTests" name="[15] /home/travis/build/icyphy/ptII/ptolemy/domains/modal/test/auto/CannotProduceModal.xml (RunModel)" time="0.029" />
  <testcase classname="ptolemy.util.test.junit.AutoTests" name="[16] /home/travis/build/icyphy/ptII/ptolemy/domains/modal/test/auto/Case.xml (RunModel)" time="0.055" />
  <testcase classname="ptolemy.util.test.junit.AutoTests" name="[17] /home/travis/build/icyphy/ptII/ptolemy/domains/modal/test/auto/Case1.xml (RunModel)" time="0.026" />
  <testcase classname="ptolemy.util.test.junit.AutoTests" name="[18] /home/travis/build/icyphy/ptII/ptolemy/domains/modal/test/auto/Case2.xml (RunModel)" time="0.049" />
  <testcase classname="ptolemy.util.test.junit.AutoTests" name="[19] /home/travis/build/icyphy/ptII/ptolemy/domains/modal/test/auto/CausalityInterface1.xml (RunModel)" time="0.027" />
  <testcase classname="ptolemy.util.test.junit.AutoTests" name="[20] /home/travis/build/icyphy/ptII/ptolemy/domains/modal/test/auto/CausalityInterface10.xml (RunModel)" time="0.071" />
  <testcase classname="ptolemy.util.test.junit.AutoTests" name="[21] /home/travis/build/icyphy/ptII/ptolemy/domains/modal/test/auto/CausalityInterface11.xml (RunModel)" time="0.062" />
  <testcase classname="ptolemy.util.test.junit.AutoTests" name="[22] /home/travis/build/icyphy/ptII/ptolemy/domains/modal/test/auto/CausalityInterface12.xml (RunModel)" time="0.068" />
  <testcase classname="ptolemy.util.test.junit.AutoTests" name="[23] /home/travis/build/icyphy/ptII/ptolemy/domains/modal/test/auto/CausalityInterface13.xml (RunModel)" time="0.06" />
  <testcase classname="ptolemy.util.test.junit.AutoTests" name="[24] /home/travis/build/icyphy/ptII/ptolemy/domains/modal/test/auto/CausalityInterface14.xml (RunModel)" time="0.056" />
  <testcase classname="ptolemy.util.test.junit.AutoTests" name="[25] /home/travis/build/icyphy/ptII/ptolemy/domains/modal/test/auto/CausalityInterface2.xml (RunModel)" time="0.04" />
  <testcase classname="ptolemy.util.test.junit.AutoTests" name="[26] /home/travis/build/icyphy/ptII/ptolemy/domains/modal/test/auto/CausalityInterface3.xml (RunModel)" time="0.063" />
  <testcase classname="ptolemy.util.test.junit.AutoTests" name="[27] /home/travis/build/icyphy/ptII/ptolemy/domains/modal/test/auto/CausalityInterface4.xml (RunModel)" time="0.019" />
  <testcase classname="ptolemy.util.test.junit.AutoTests" name="[28] /home/travis/build/icyphy/ptII/ptolemy/domains/modal/test/auto/CausalityInterface5.xml (RunModel)" time="0.03" />
  <testcase classname="ptolemy.util.test.junit.AutoTests" name="[29] /home/travis/build/icyphy/ptII/ptolemy/domains/modal/test/auto/CausalityInterface6.xml (RunModel)" time="0.044" />
  <testcase classname="ptolemy.util.test.junit.AutoTests" name="[30] /home/travis/build/icyphy/ptII/ptolemy/domains/modal/test/auto/CausalityInterface7.xml (RunModel)" time="0.034" />
  <testcase classname="ptolemy.util.test.junit.AutoTests" name="[31] /home/travis/build/icyphy/ptII/ptolemy/domains/modal/test/auto/CausalityInterface8.xml (RunModel)" time="0.06" />
  <testcase classname="ptolemy.util.test.junit.AutoTests" name="[32] /home/travis/build/icyphy/ptII/ptolemy/domains/modal/test/auto/CausalityInterface9.xml (RunModel)" time="0.034" />
  <testcase classname="ptolemy.util.test.junit.AutoTests" name="[33] /home/travis/build/icyphy/ptII/ptolemy/domains/modal/test/auto/ChainedTransitions.xml (RunModel)" time="0.116" />
  <testcase classname="ptolemy.util.test.junit.AutoTests" name="[34] /home/travis/build/icyphy/ptII/ptolemy/domains/modal/test/auto/CycleOfImmediateTransitionsFSM.xml (RunModel)" time="0.024" />
  <testcase classname="ptolemy.util.test.junit.AutoTests" name="[35] /home/travis/build/icyphy/ptII/ptolemy/domains/modal/test/auto/CycleOfImmediateTransitionsModal.xml (RunModel)" time="0.031" />
  <testcase classname="ptolemy.util.test.junit.AutoTests" name="[36] /home/travis/build/icyphy/ptII/ptolemy/domains/modal/test/auto/CycleOfImmediateTransitionsModal2.xml (RunModel)" time="0.021" />
  <testcase classname="ptolemy.util.test.junit.AutoTests" name="[37] /home/travis/build/icyphy/ptII/ptolemy/domains/modal/test/auto/CycleOfImmediateTransitionsModal3.xml (RunModel)" time="0.07" />
  <testcase classname="ptolemy.util.test.junit.AutoTests" name="[38] /home/travis/build/icyphy/ptII/ptolemy/domains/modal/test/auto/DeepModal1.xml (RunModel)" time="0.054" />
  <testcase classname="ptolemy.util.test.junit.AutoTests" name="[39] /home/travis/build/icyphy/ptII/ptolemy/domains/modal/test/auto/DeepModal2.xml (RunModel)" time="0.077" />
  <testcase classname="ptolemy.util.test.junit.AutoTests" name="[40] /home/travis/build/icyphy/ptII/ptolemy/domains/modal/test/auto/DeepModal3.xml (RunModel)" time="0.081" />
  <testcase classname="ptolemy.util.test.junit.AutoTests" name="[41] /home/travis/build/icyphy/ptII/ptolemy/domains/modal/test/auto/DeepModal4.xml (RunModel)" time="0.069" />
  <testcase classname="ptolemy.util.test.junit.AutoTests" name="[42] /home/travis/build/icyphy/ptII/ptolemy/domains/modal/test/auto/Default1.xml (RunModel)" time="0.021" />
  <testcase classname="ptolemy.util.test.junit.AutoTests" name="[43] /home/travis/build/icyphy/ptII/ptolemy/domains/modal/test/auto/Default2.xml (RunModel)" time="0.015" />
  <testcase classname="ptolemy.util.test.junit.AutoTests" name="[44] /home/travis/build/icyphy/ptII/ptolemy/domains/modal/test/auto/Default3.xml (RunModel)" time="0.028" />
  <testcase classname="ptolemy.util.test.junit.AutoTests" name="[45] /home/travis/build/icyphy/ptII/ptolemy/domains/modal/test/auto/Default4.xml (RunModel)" time="0.017" />
  <testcase classname="ptolemy.util.test.junit.AutoTests" name="[46] /home/travis/build/icyphy/ptII/ptolemy/domains/modal/test/auto/Default5.xml (RunModel)" time="0.029" />
  <testcase classname="ptolemy.util.test.junit.AutoTests" name="[47] /home/travis/build/icyphy/ptII/ptolemy/domains/modal/test/auto/EmptyGuard.xml (RunModel)" time="0.036" />
  <testcase classname="ptolemy.util.test.junit.AutoTests" name="[48] /home/travis/build/icyphy/ptII/ptolemy/domains/modal/test/auto/ErrorTransition1.xml (RunModel)" time="0.031" />
  <testcase classname="ptolemy.util.test.junit.AutoTests" name="[49] /home/travis/build/icyphy/ptII/ptolemy/domains/modal/test/auto/ErrorTransition10.xml (RunModel)" time="0.043" />
  <testcase classname="ptolemy.util.test.junit.AutoTests" name="[50] /home/travis/build/icyphy/ptII/ptolemy/domains/modal/test/auto/ErrorTransition11.xml (RunModel)" time="0.045" />
  <testcase classname="ptolemy.util.test.junit.AutoTests" name="[51] /home/travis/build/icyphy/ptII/ptolemy/domains/modal/test/auto/ErrorTransition2.xml (RunModel)" time="0.028" />
  <testcase classname="ptolemy.util.test.junit.AutoTests" name="[52] /home/travis/build/icyphy/ptII/ptolemy/domains/modal/test/auto/ErrorTransition3.xml (RunModel)" time="0.035" />
  <testcase classname="ptolemy.util.test.junit.AutoTests" name="[53] /home/travis/build/icyphy/ptII/ptolemy/domains/modal/test/auto/ErrorTransition4.xml (RunModel)" time="0.033" />
  <testcase classname="ptolemy.util.test.junit.AutoTests" name="[54] /home/travis/build/icyphy/ptII/ptolemy/domains/modal/test/auto/ErrorTransition5.xml (RunModel)" time="0.026" />
  <testcase classname="ptolemy.util.test.junit.AutoTests" name="[55] /home/travis/build/icyphy/ptII/ptolemy/domains/modal/test/auto/ErrorTransition6.xml (RunModel)" time="0.032" />
  <testcase classname="ptolemy.util.test.junit.AutoTests" name="[56] /home/travis/build/icyphy/ptII/ptolemy/domains/modal/test/auto/ErrorTransition7.xml (RunModel)" time="0.036" />
  <testcase classname="ptolemy.util.test.junit.AutoTests" name="[57] /home/travis/build/icyphy/ptII/ptolemy/domains/modal/test/auto/ErrorTransition8.xml (RunModel)" time="0.061" />
  <testcase classname="ptolemy.util.test.junit.AutoTests" name="[58] /home/travis/build/icyphy/ptII/ptolemy/domains/modal/test/auto/ErrorTransition9.xml (RunModel)" time="0.047" />
  <testcase classname="ptolemy.util.test.junit.AutoTests" name="[59] /home/travis/build/icyphy/ptII/ptolemy/domains/modal/test/auto/ExtendedFSM.xml (RunModel)" time="0.038" />
  <testcase classname="ptolemy.util.test.junit.AutoTests" name="[60] /home/travis/build/icyphy/ptII/ptolemy/domains/modal/test/auto/FinalStates.xml (RunModel)" time="0.028" />
  <testcase classname="ptolemy.util.test.junit.AutoTests" name="[61] /home/travis/build/icyphy/ptII/ptolemy/domains/modal/test/auto/FixedPointFSM.xml (RunModel)" time="0.038" />
  <testcase classname="ptolemy.util.test.junit.AutoTests" name="[62] /home/travis/build/icyphy/ptII/ptolemy/domains/modal/test/auto/FixedPointIterationFSMActor.xml (RunModel)" time="0.032" />
  <testcase classname="ptolemy.util.test.junit.AutoTests" name="[63] /home/travis/build/icyphy/ptII/ptolemy/domains/modal/test/auto/FixedPointIterationFSMActor2.xml (RunModel)" time="0.039" />
  <testcase classname="ptolemy.util.test.junit.AutoTests" name="[64] /home/travis/build/icyphy/ptII/ptolemy/domains/modal/test/auto/ForbiddenInstantanousLoop.xml (RunModel)" time="0.033" />
  <testcase classname="ptolemy.util.test.junit.AutoTests" name="[65] /home/travis/build/icyphy/ptII/ptolemy/domains/modal/test/auto/FunctionDependencyOfFSMActorTest.xml (RunModel)" time="0.032" />
  <testcase classname="ptolemy.util.test.junit.AutoTests" name="[66] /home/travis/build/icyphy/ptII/ptolemy/domains/modal/test/auto/GuardExpression.xml (RunModel)" time="0.018" />
  <testcase classname="ptolemy.util.test.junit.AutoTests" name="[67] /home/travis/build/icyphy/ptII/ptolemy/domains/modal/test/auto/GuardNotEvaluated.xml (RunModel)" time="0.026" />
  <testcase classname="ptolemy.util.test.junit.AutoTests" name="[68] /home/travis/build/icyphy/ptII/ptolemy/domains/modal/test/auto/GuardNotEvaluated2.xml (RunModel)" time="0.024" />
  <testcase classname="ptolemy.util.test.junit.AutoTests" name="[69] /home/travis/build/icyphy/ptII/ptolemy/domains/modal/test/auto/GuardOnAbsent.xml (RunModel)" time="0.024" />
  <testcase classname="ptolemy.util.test.junit.AutoTests" name="[70] /home/travis/build/icyphy/ptII/ptolemy/domains/modal/test/auto/HierarchicalFSMTypeInference.xml (RunModel)" time="0.027" />
  <testcase classname="ptolemy.util.test.junit.AutoTests" name="[71] /home/travis/build/icyphy/ptII/ptolemy/domains/modal/test/auto/Hysteresis.xml (RunModel)" time="0.039" />
  <testcase classname="ptolemy.util.test.junit.AutoTests" name="[72] /home/travis/build/icyphy/ptII/ptolemy/domains/modal/test/auto/HysteresisWithDefault.xml (RunModel)" time="0.076" />
  <testcase classname="ptolemy.util.test.junit.AutoTests" name="[73] /home/travis/build/icyphy/ptII/ptolemy/domains/modal/test/auto/HysteresisWithDefault2.xml (RunModel)" time="0.075" />
  <testcase classname="ptolemy.util.test.junit.AutoTests" name="[74] /home/travis/build/icyphy/ptII/ptolemy/domains/modal/test/auto/ImmediateNonConstructiveness.xml (RunModel)" time="0.019" />
  <testcase classname="ptolemy.util.test.junit.AutoTests" name="[75] /home/travis/build/icyphy/ptII/ptolemy/domains/modal/test/auto/ImmediateNonConstructiveness2.xml (RunModel)" time="0.016" />
  <testcase classname="ptolemy.util.test.junit.AutoTests" name="[76] /home/travis/build/icyphy/ptII/ptolemy/domains/modal/test/auto/ImmediateTransitionReset.xml (RunModel)" time="0.033" />
  <testcase classname="ptolemy.util.test.junit.AutoTests" name="[77] /home/travis/build/icyphy/ptII/ptolemy/domains/modal/test/auto/ImmediateTransitions1.xml (RunModel)" time="0.015" />
  <testcase classname="ptolemy.util.test.junit.AutoTests" name="[78] /home/travis/build/icyphy/ptII/ptolemy/domains/modal/test/auto/ImmediateTransitionsInstantaneousCommunication.xml (RunModel)" time="0.03" />
  <testcase classname="ptolemy.util.test.junit.AutoTests" name="[79] /home/travis/build/icyphy/ptII/ptolemy/domains/modal/test/auto/InitialImmediateTransition.xml (RunModel)" time="0.016" />
  <testcase classname="ptolemy.util.test.junit.AutoTests" name="[80] /home/travis/build/icyphy/ptII/ptolemy/domains/modal/test/auto/InitialOutputs.xml (RunModel)" time="0.016" />
  <testcase classname="ptolemy.util.test.junit.AutoTests" name="[81] /home/travis/build/icyphy/ptII/ptolemy/domains/modal/test/auto/InitialStateTransition1.xml (RunModel)" time="0.021" />
  <testcase classname="ptolemy.util.test.junit.AutoTests" name="[82] /home/travis/build/icyphy/ptII/ptolemy/domains/modal/test/auto/InitialStateTransition2.xml (RunModel)" time="0.021" />
  <testcase classname="ptolemy.util.test.junit.AutoTests" name="[83] /home/travis/build/icyphy/ptII/ptolemy/domains/modal/test/auto/InitialStateTransition3.xml (RunModel)" time="0.024" />
  <testcase classname="ptolemy.util.test.junit.AutoTests" name="[84] /home/travis/build/icyphy/ptII/ptolemy/domains/modal/test/auto/InitialStateTransition4.xml (RunModel)" time="0.028" />
  <testcase classname="ptolemy.util.test.junit.AutoTests" name="[85] /home/travis/build/icyphy/ptII/ptolemy/domains/modal/test/auto/MalformedGuardExpressionNotCaught.xml (RunModel)" time="0.018" />
  <testcase classname="ptolemy.util.test.junit.AutoTests" name="[86] /home/travis/build/icyphy/ptII/ptolemy/domains/modal/test/auto/ModalBSC.xml (RunModel)" time="0.08" />
  <testcase classname="ptolemy.util.test.junit.AutoTests" name="[87] /home/travis/build/icyphy/ptII/ptolemy/domains/modal/test/auto/ModalClocks.xml (RunModel)" time="0.1" />
  <testcase classname="ptolemy.util.test.junit.AutoTests" name="[88] /home/travis/build/icyphy/ptII/ptolemy/domains/modal/test/auto/ModalDelay.xml (RunModel)" time="0.055" />
  <testcase classname="ptolemy.util.test.junit.AutoTests" name="[89] /home/travis/build/icyphy/ptII/ptolemy/domains/modal/test/auto/ModalDelay2.xml (RunModel)" time="0.054" />
  <testcase classname="ptolemy.util.test.junit.AutoTests" name="[90] /home/travis/build/icyphy/ptII/ptolemy/domains/modal/test/auto/ModalModelFromMemo.xml (RunModel)" time="0.066" />
  <testcase classname="ptolemy.util.test.junit.AutoTests" name="[91] /home/travis/build/icyphy/ptII/ptolemy/domains/modal/test/auto/ModalModelWithMultirateTransient.xml (RunModel)" time="0.052" />
  <testcase classname="ptolemy.util.test.junit.AutoTests" name="[92] /home/travis/build/icyphy/ptII/ptolemy/domains/modal/test/auto/ModalModelWithReset.xml (RunModel)" time="0.05" />
  <testcase classname="ptolemy.util.test.junit.AutoTests" name="[93] /home/travis/build/icyphy/ptII/ptolemy/domains/modal/test/auto/MouseClickFSM.xml (RunModel)" time="0.046" />
  <testcase classname="ptolemy.util.test.junit.AutoTests" name="[94] /home/travis/build/icyphy/ptII/ptolemy/domains/modal/test/auto/MouseClickFSMModal.xml (RunModel)" time="0.04" />
  <testcase classname="ptolemy.util.test.junit.AutoTests" name="[95] /home/travis/build/icyphy/ptII/ptolemy/domains/modal/test/auto/NonStrictFSM_FeedbackLoop.xml (RunModel)" time="0.043" />
  <testcase classname="ptolemy.util.test.junit.AutoTests" name="[96] /home/travis/build/icyphy/ptII/ptolemy/domains/modal/test/auto/NonStrictFSM_FeedbackLoop_Refinement.xml (RunModel)" time="0.071" />
  <testcase classname="ptolemy.util.test.junit.AutoTests" name="[97] /home/travis/build/icyphy/ptII/ptolemy/domains/modal/test/auto/NonStrictFSM_FeedbackLoop_preemptive.xml (RunModel)" time="0.044" />
  <testcase classname="ptolemy.util.test.junit.AutoTests" name="[98] /home/travis/build/icyphy/ptII/ptolemy/domains/modal/test/auto/NormalTermination.xml (RunModel)" time="0.051" />
  <testcase classname="ptolemy.util.test.junit.AutoTests" name="[99] /home/travis/build/icyphy/ptII/ptolemy/domains/modal/test/auto/Pong.xml (RunModel)" time="0.056" />
  <testcase classname="ptolemy.util.test.junit.AutoTests" name="[100] /home/travis/build/icyphy/ptII/ptolemy/domains/modal/test/auto/Pong_test.xml (RunModel)" time="0.083" />
  <testcase classname="ptolemy.util.test.junit.AutoTests" name="[101] /home/travis/build/icyphy/ptII/ptolemy/domains/modal/test/auto/PreemptionHierarchy.xml (RunModel)" time="0.026" />
  <testcase classname="ptolemy.util.test.junit.AutoTests" name="[102] /home/travis/build/icyphy/ptII/ptolemy/domains/modal/test/auto/PreemptionHierarchy2.xml (RunModel)" time="0.032" />
  <testcase classname="ptolemy.util.test.junit.AutoTests" name="[103] /home/travis/build/icyphy/ptII/ptolemy/domains/modal/test/auto/PreemptiveTransition.xml (RunModel)" time="0.02" />
  <testcase classname="ptolemy.util.test.junit.AutoTests" name="[104] /home/travis/build/icyphy/ptII/ptolemy/domains/modal/test/auto/Priorities.xml (RunModel)" time="0.076" />
  <testcase classname="ptolemy.util.test.junit.AutoTests" name="[105] /home/travis/build/icyphy/ptII/ptolemy/domains/modal/test/auto/ResetFinal.xml (RunModel)" time="0.047" />
  <testcase classname="ptolemy.util.test.junit.AutoTests" name="[106] /home/travis/build/icyphy/ptII/ptolemy/domains/modal/test/auto/ResetFinal2.xml (RunModel)" time="0.039" />
  <testcase classname="ptolemy.util.test.junit.AutoTests" name="[107] /home/travis/build/icyphy/ptII/ptolemy/domains/modal/test/auto/ResetTransitionWithStartTime.xml (RunModel)" time="0.029" />
  <testcase classname="ptolemy.util.test.junit.AutoTests" name="[108] /home/travis/build/icyphy/ptII/ptolemy/domains/modal/test/auto/SDF-FSMComposite.xml (RunModel)" time="0.021" />
  <testcase classname="ptolemy.util.test.junit.AutoTests" name="[109] /home/travis/build/icyphy/ptII/ptolemy/domains/modal/test/auto/SeeminglyNondeterminate.xml (RunModel)" time="0.075" />
  <testcase classname="ptolemy.util.test.junit.AutoTests" name="[110] /home/travis/build/icyphy/ptII/ptolemy/domains/modal/test/auto/SeeminglyNondeterminate2.xml (RunModel)" time="0.085" />
  <testcase classname="ptolemy.util.test.junit.AutoTests" name="[111] /home/travis/build/icyphy/ptII/ptolemy/domains/modal/test/auto/SpontaneousFSM.xml (RunModel)" time="0.056" />
  <testcase classname="ptolemy.util.test.junit.AutoTests" name="[112] /home/travis/build/icyphy/ptII/ptolemy/domains/modal/test/auto/SpontaneousFSM2.xml (RunModel)" time="0.033" />
  <testcase classname="ptolemy.util.test.junit.AutoTests" name="[113] /home/travis/build/icyphy/ptII/ptolemy/domains/modal/test/auto/SpontaneousFSM3.xml (RunModel)" time="0.038" />
  <testcase classname="ptolemy.util.test.junit.AutoTests" name="[114] /home/travis/build/icyphy/ptII/ptolemy/domains/modal/test/auto/SpontaneousFSM4.xml (RunModel)" time="0.043" />
  <testcase classname="ptolemy.util.test.junit.AutoTests" name="[115] /home/travis/build/icyphy/ptII/ptolemy/domains/modal/test/auto/StateTrackerTest.xml (RunModel)" time="0.086" />
  <testcase classname="ptolemy.util.test.junit.AutoTests" name="[116] /home/travis/build/icyphy/ptII/ptolemy/domains/modal/test/auto/StrongImmediateTransition.xml (RunModel)" time="0.023" />
  <testcase classname="ptolemy.util.test.junit.AutoTests" name="[117] /home/travis/build/icyphy/ptII/ptolemy/domains/modal/test/auto/SustainHierarchy.xml (RunModel)" time="0.033" />
  <testcase classname="ptolemy.util.test.junit.AutoTests" name="[118] /home/travis/build/icyphy/ptII/ptolemy/domains/modal/test/auto/TerminationTransition1.xml (RunModel)" time="0.022" />
  <testcase classname="ptolemy.util.test.junit.AutoTests" name="[119] /home/travis/build/icyphy/ptII/ptolemy/domains/modal/test/auto/TerminationTransition2.xml (RunModel)" time="0.026" />
  <testcase classname="ptolemy.util.test.junit.AutoTests" name="[120] /home/travis/build/icyphy/ptII/ptolemy/domains/modal/test/auto/TerminationTransition3.xml (RunModel)" time="0.026" />
  <testcase classname="ptolemy.util.test.junit.AutoTests" name="[121] /home/travis/build/icyphy/ptII/ptolemy/domains/modal/test/auto/TerminationTransition4.xml (RunModel)" time="0.038" />
  <testcase classname="ptolemy.util.test.junit.AutoTests" name="[122] /home/travis/build/icyphy/ptII/ptolemy/domains/modal/test/auto/TerminationTransition5.xml (RunModel)" time="0.037" />
  <testcase classname="ptolemy.util.test.junit.AutoTests" name="[123] /home/travis/build/icyphy/ptII/ptolemy/domains/modal/test/auto/TerminationTransition6.xml (RunModel)" time="0.022" />
  <testcase classname="ptolemy.util.test.junit.AutoTests" name="[124] /home/travis/build/icyphy/ptII/ptolemy/domains/modal/test/auto/TerminationTransition7.xml (RunModel)" time="0.025" />
  <testcase classname="ptolemy.util.test.junit.AutoTests" name="[125] /home/travis/build/icyphy/ptII/ptolemy/domains/modal/test/auto/TerminationTransition8.xml (RunModel)" time="0.029" />
  <testcase classname="ptolemy.util.test.junit.AutoTests" name="[126] /home/travis/build/icyphy/ptII/ptolemy/domains/modal/test/auto/Thermostat_NoHysteresis.xml (RunModel)" time="0.059" />
  <testcase classname="ptolemy.util.test.junit.AutoTests" name="[127] /home/travis/build/icyphy/ptII/ptolemy/domains/modal/test/auto/TimedFSM.xml (RunModel)" time="0.03" />
  <testcase classname="ptolemy.util.test.junit.AutoTests" name="[128] /home/travis/build/icyphy/ptII/ptolemy/domains/modal/test/auto/Timeout1.xml (RunModel)" time="0.014" />
  <testcase classname="ptolemy.util.test.junit.AutoTests" name="[129] /home/travis/build/icyphy/ptII/ptolemy/domains/modal/test/auto/Timeout2.xml (RunModel)" time="0.019" />
  <testcase classname="ptolemy.util.test.junit.AutoTests" name="[130] /home/travis/build/icyphy/ptII/ptolemy/domains/modal/test/auto/Timeout3.xml (RunModel)" time="0.015" />
  <testcase classname="ptolemy.util.test.junit.AutoTests" name="[131] /home/travis/build/icyphy/ptII/ptolemy/domains/modal/test/auto/Timeout4.xml (RunModel)" time="0.012" />
  <testcase classname="ptolemy.util.test.junit.AutoTests" name="[132] /home/travis/build/icyphy/ptII/ptolemy/domains/modal/test/auto/TransientstateModelAdvanced.xml (RunModel)" time="0.03" />
  <testcase classname="ptolemy.util.test.junit.AutoTests" name="[133] /home/travis/build/icyphy/ptII/ptolemy/domains/modal/test/auto/TransientstateModelAdvanced2.xml (RunModel)" time="0.033" />
  <testcase classname="ptolemy.util.test.junit.AutoTests" name="[134] /home/travis/build/icyphy/ptII/ptolemy/domains/modal/test/auto/TransitionRefinements.xml (RunModel)" time="0.029" />
  <testcase classname="ptolemy.util.test.junit.AutoTests" name="[135] /home/travis/build/icyphy/ptII/ptolemy/domains/modal/test/auto/TwoRefinements1.xml (RunModel)" time="0.026" />
  <testcase classname="ptolemy.util.test.junit.AutoTests" name="[136] /home/travis/build/icyphy/ptII/ptolemy/domains/modal/test/auto/TwoRefinements2.xml (RunModel)" time="0.026" />
  <testcase classname="ptolemy.util.test.junit.AutoTests" name="[137] /home/travis/build/icyphy/ptII/ptolemy/domains/modal/test/auto/WeakImmediateTransition.xml (RunModel)" time="0.023" />
  <testcase classname="ptolemy.util.test.junit.AutoTests" name="[138] /home/travis/build/icyphy/ptII/ptolemy/domains/modal/test/auto/booleanSelect.xml (RunModel)" time="0.052" />
  <testcase classname="ptolemy.util.test.junit.AutoTests" name="[139] /home/travis/build/icyphy/ptII/ptolemy/domains/modal/test/auto/modalChangingParams.xml (RunModel)" time="0.255" />
  <testcase classname="ptolemy.util.test.junit.AutoTests" name="[140] /home/travis/build/icyphy/ptII/ptolemy/domains/modal/test/auto/modalModel.xml (RunModel)" time="0.021" />
  <testcase classname="ptolemy.util.test.junit.AutoTests" name="[141] /home/travis/build/icyphy/ptII/ptolemy/domains/modal/test/auto/modalModel2.xml (RunModel)" time="0.029" />
  <testcase classname="ptolemy.util.test.junit.AutoTests" name="[142] /home/travis/build/icyphy/ptII/ptolemy/domains/modal/test/auto/modalModel3.xml (RunModel)" time="0.036" />
  <testcase classname="ptolemy.util.test.junit.AutoTests" name="[143] /home/travis/build/icyphy/ptII/ptolemy/domains/modal/test/auto/model1.xml (RunModel)" time="0.018" />
  <testcase classname="ptolemy.util.test.junit.AutoTests" name="[144] /home/travis/build/icyphy/ptII/ptolemy/domains/modal/test/auto/test-direct-in-out.xml (RunModel)" time="0.02" />
  <system-out><![CDATA[/home/travis/build/icyphy/ptII/ptolemy/domains/modal/test/SystemLevelType.tcl
testDefs.tcl: setting time out to 9000 seconds at Wed Jun 06 18:36:37 UTC 2018
06/06/18 06:36:39
Failed: 0  Total Tests: 1  ((Passed: 1, Newly Passed: 0)  Known Failed: 0) /home/travis/build/icyphy/ptII/ptolemy/domains/modal/test
----------------- testing (KnownFailure) /home/travis/build/icyphy/ptII/ptolemy/domains/modal/test/auto/knownFailedTests/CannotAnalysisWithPreemption.xml
53 ms. Memory: 208384K Free: 188324K (90%)
Known Failure: java.lang.reflect.InvocationTargetException
No auto/linux-amd64/*.xml tests in /home/travis/build/icyphy/ptII/ptolemy/domains/modal/test
AutoTests.java: About to close Vertx.
AutoTests.java: Vertx closed.

===========================================================================================
----------------- testing Wed Jun 06 18:36:40 UTC 2018 /home/travis/build/icyphy/ptII/ptolemy/domains/modal/test/auto/ABPTest.xml
----------------- Instantiating /home/travis/build/icyphy/ptII/ptolemy/domains/modal/test/auto/ABPTest.xml
325 ms. Memory: 332288K Free: 293716K (88%)
----------------- Invoking toplevel() on ptolemy.moml.MoMLSimpleApplication@5b921a9b
----------------- Done invoking toplevel() on ptolemy.moml.MoMLSimpleApplication@5b921a9b
reloadAllAccessors: .ABPTest

===========================================================================================
----------------- testing Wed Jun 06 18:36:40 UTC 2018 /home/travis/build/icyphy/ptII/ptolemy/domains/modal/test/auto/ABROFlat.xml
----------------- Instantiating /home/travis/build/icyphy/ptII/ptolemy/domains/modal/test/auto/ABROFlat.xml
26 ms. Memory: 332288K Free: 271554K (82%)
----------------- Invoking toplevel() on ptolemy.moml.MoMLSimpleApplication@27540f8f
----------------- Done invoking toplevel() on ptolemy.moml.MoMLSimpleApplication@27540f8f
reloadAllAccessors: .ABROFlat

===========================================================================================
----------------- testing Wed Jun 06 18:36:40 UTC 2018 /home/travis/build/icyphy/ptII/ptolemy/domains/modal/test/auto/ABROFlat2.xml
----------------- Instantiating /home/travis/build/icyphy/ptII/ptolemy/domains/modal/test/auto/ABROFlat2.xml
27 ms. Memory: 332288K Free: 253556K (76%)
----------------- Invoking toplevel() on ptolemy.moml.MoMLSimpleApplication@5d405c45
----------------- Done invoking toplevel() on ptolemy.moml.MoMLSimpleApplication@5d405c45
reloadAllAccessors: .ABROFlat2

===========================================================================================
----------------- testing Wed Jun 06 18:36:40 UTC 2018 /home/travis/build/icyphy/ptII/ptolemy/domains/modal/test/auto/ABRO_present_hmm.xml
----------------- Instantiating /home/travis/build/icyphy/ptII/ptolemy/domains/modal/test/auto/ABRO_present_hmm.xml
35 ms. Memory: 332288K Free: 222515K (67%)
----------------- Invoking toplevel() on ptolemy.moml.MoMLSimpleApplication@3f301312
----------------- Done invoking toplevel() on ptolemy.moml.MoMLSimpleApplication@3f301312
reloadAllAccessors: .ABRO_present_hmm

===========================================================================================
----------------- testing Wed Jun 06 18:36:41 UTC 2018 /home/travis/build/icyphy/ptII/ptolemy/domains/modal/test/auto/AMICoderExample.xml
----------------- Instantiating /home/travis/build/icyphy/ptII/ptolemy/domains/modal/test/auto/AMICoderExample.xml
25 ms. Memory: 332288K Free: 211070K (64%)
----------------- Invoking toplevel() on ptolemy.moml.MoMLSimpleApplication@11150d32
----------------- Done invoking toplevel() on ptolemy.moml.MoMLSimpleApplication@11150d32
reloadAllAccessors: .AMICoderExample

===========================================================================================
----------------- testing Wed Jun 06 18:36:41 UTC 2018 /home/travis/build/icyphy/ptII/ptolemy/domains/modal/test/auto/AbsentToPresent.xml
----------------- Instantiating /home/travis/build/icyphy/ptII/ptolemy/domains/modal/test/auto/AbsentToPresent.xml
11 ms. Memory: 332288K Free: 202743K (61%)
----------------- Invoking toplevel() on ptolemy.moml.MoMLSimpleApplication@217eb40a
----------------- Done invoking toplevel() on ptolemy.moml.MoMLSimpleApplication@217eb40a
reloadAllAccessors: .AbsentToPresent

===========================================================================================
----------------- testing Wed Jun 06 18:36:41 UTC 2018 /home/travis/build/icyphy/ptII/ptolemy/domains/modal/test/auto/Blending.xml
----------------- Instantiating /home/travis/build/icyphy/ptII/ptolemy/domains/modal/test/auto/Blending.xml
154 ms. Memory: 332288K Free: 147120K (44%)
----------------- Invoking toplevel() on ptolemy.moml.MoMLSimpleApplication@252d2b31
----------------- Done invoking toplevel() on ptolemy.moml.MoMLSimpleApplication@252d2b31
reloadAllAccessors: .Blending

===========================================================================================
----------------- testing Wed Jun 06 18:36:41 UTC 2018 /home/travis/build/icyphy/ptII/ptolemy/domains/modal/test/auto/Broadcast.xml
----------------- Instantiating /home/travis/build/icyphy/ptII/ptolemy/domains/modal/test/auto/Broadcast.xml
15 ms. Memory: 332288K Free: 134062K (40%)
----------------- Invoking toplevel() on ptolemy.moml.MoMLSimpleApplication@e274a62
----------------- Done invoking toplevel() on ptolemy.moml.MoMLSimpleApplication@e274a62
reloadAllAccessors: .Broadcast

===========================================================================================
----------------- testing Wed Jun 06 18:36:41 UTC 2018 /home/travis/build/icyphy/ptII/ptolemy/domains/modal/test/auto/BroadcastHierarchy.xml
----------------- Instantiating /home/travis/build/icyphy/ptII/ptolemy/domains/modal/test/auto/BroadcastHierarchy.xml
16 ms. Memory: 332288K Free: 116088K (35%)
----------------- Invoking toplevel() on ptolemy.moml.MoMLSimpleApplication@3dff714b
----------------- Done invoking toplevel() on ptolemy.moml.MoMLSimpleApplication@3dff714b
reloadAllAccessors: .BroadcastHierarchy

===========================================================================================
----------------- testing Wed Jun 06 18:36:41 UTC 2018 /home/travis/build/icyphy/ptII/ptolemy/domains/modal/test/auto/BroadcastHierarchy2.xml
----------------- Instantiating /home/travis/build/icyphy/ptII/ptolemy/domains/modal/test/auto/BroadcastHierarchy2.xml
15 ms. Memory: 332288K Free: 80139K (24%)
----------------- Invoking toplevel() on ptolemy.moml.MoMLSimpleApplication@1e944b6a
----------------- Done invoking toplevel() on ptolemy.moml.MoMLSimpleApplication@1e944b6a
reloadAllAccessors: .BroadcastHierarchy2

===========================================================================================
----------------- testing Wed Jun 06 18:36:41 UTC 2018 /home/travis/build/icyphy/ptII/ptolemy/domains/modal/test/auto/BroadcastHierarchy3.xml
----------------- Instantiating /home/travis/build/icyphy/ptII/ptolemy/domains/modal/test/auto/BroadcastHierarchy3.xml
23 ms. Memory: 333824K Free: 297493K (89%)
----------------- Invoking toplevel() on ptolemy.moml.MoMLSimpleApplication@548b8a20
----------------- Done invoking toplevel() on ptolemy.moml.MoMLSimpleApplication@548b8a20
reloadAllAccessors: .BroadcastHierarchy3

===========================================================================================
----------------- testing Wed Jun 06 18:36:41 UTC 2018 /home/travis/build/icyphy/ptII/ptolemy/domains/modal/test/auto/BroadcastHierarchy4.xml
----------------- Instantiating /home/travis/build/icyphy/ptII/ptolemy/domains/modal/test/auto/BroadcastHierarchy4.xml
26 ms. Memory: 333824K Free: 263261K (79%)
----------------- Invoking toplevel() on ptolemy.moml.MoMLSimpleApplication@72315405
----------------- Done invoking toplevel() on ptolemy.moml.MoMLSimpleApplication@72315405
reloadAllAccessors: .BroadcastHierarchy4

===========================================================================================
----------------- testing Wed Jun 06 18:36:42 UTC 2018 /home/travis/build/icyphy/ptII/ptolemy/domains/modal/test/auto/CannotAnalysisWithPreemption2.xml
----------------- Instantiating /home/travis/build/icyphy/ptII/ptolemy/domains/modal/test/auto/CannotAnalysisWithPreemption2.xml
4 ms. Memory: 333824K Free: 254681K (76%)
----------------- Invoking toplevel() on ptolemy.moml.MoMLSimpleApplication@1268272f
----------------- Done invoking toplevel() on ptolemy.moml.MoMLSimpleApplication@1268272f
reloadAllAccessors: .CannotAnalysisWithPreemption2

===========================================================================================
----------------- testing Wed Jun 06 18:36:42 UTC 2018 /home/travis/build/icyphy/ptII/ptolemy/domains/modal/test/auto/CannotAnalysisWithPreemption3.xml
----------------- Instantiating /home/travis/build/icyphy/ptII/ptolemy/domains/modal/test/auto/CannotAnalysisWithPreemption3.xml
4 ms. Memory: 333824K Free: 242357K (73%)
----------------- Invoking toplevel() on ptolemy.moml.MoMLSimpleApplication@28b1ffaa
----------------- Done invoking toplevel() on ptolemy.moml.MoMLSimpleApplication@28b1ffaa
reloadAllAccessors: .CannotAnalysisWithPreemption3

===========================================================================================
----------------- testing Wed Jun 06 18:36:42 UTC 2018 /home/travis/build/icyphy/ptII/ptolemy/domains/modal/test/auto/CannotProduce.xml
----------------- Instantiating /home/travis/build/icyphy/ptII/ptolemy/domains/modal/test/auto/CannotProduce.xml
12 ms. Memory: 333824K Free: 232701K (70%)
----------------- Invoking toplevel() on ptolemy.moml.MoMLSimpleApplication@6329e316
----------------- Done invoking toplevel() on ptolemy.moml.MoMLSimpleApplication@6329e316
reloadAllAccessors: .CannotProduce

===========================================================================================
----------------- testing Wed Jun 06 18:36:42 UTC 2018 /home/travis/build/icyphy/ptII/ptolemy/domains/modal/test/auto/CannotProduceModal.xml
----------------- Instantiating /home/travis/build/icyphy/ptII/ptolemy/domains/modal/test/auto/CannotProduceModal.xml
9 ms. Memory: 333824K Free: 224104K (67%)
----------------- Invoking toplevel() on ptolemy.moml.MoMLSimpleApplication@3dea3e79
----------------- Done invoking toplevel() on ptolemy.moml.MoMLSimpleApplication@3dea3e79
reloadAllAccessors: .CannotProduceModal

===========================================================================================
----------------- testing Wed Jun 06 18:36:42 UTC 2018 /home/travis/build/icyphy/ptII/ptolemy/domains/modal/test/auto/Case.xml
----------------- Instantiating /home/travis/build/icyphy/ptII/ptolemy/domains/modal/test/auto/Case.xml
19 ms. Memory: 333824K Free: 210608K (63%)
----------------- Invoking toplevel() on ptolemy.moml.MoMLSimpleApplication@2e5f203d
----------------- Done invoking toplevel() on ptolemy.moml.MoMLSimpleApplication@2e5f203d
reloadAllAccessors: .Case

===========================================================================================
----------------- testing Wed Jun 06 18:36:42 UTC 2018 /home/travis/build/icyphy/ptII/ptolemy/domains/modal/test/auto/Case1.xml
----------------- Instantiating /home/travis/build/icyphy/ptII/ptolemy/domains/modal/test/auto/Case1.xml
5 ms. Memory: 333824K Free: 199739K (60%)
----------------- Invoking toplevel() on ptolemy.moml.MoMLSimpleApplication@52ce9177
----------------- Done invoking toplevel() on ptolemy.moml.MoMLSimpleApplication@52ce9177
reloadAllAccessors: .Case1

===========================================================================================
----------------- testing Wed Jun 06 18:36:42 UTC 2018 /home/travis/build/icyphy/ptII/ptolemy/domains/modal/test/auto/Case2.xml
----------------- Instantiating /home/travis/build/icyphy/ptII/ptolemy/domains/modal/test/auto/Case2.xml
22 ms. Memory: 333824K Free: 187455K (56%)
----------------- Invoking toplevel() on ptolemy.moml.MoMLSimpleApplication@426fd2e3
----------------- Done invoking toplevel() on ptolemy.moml.MoMLSimpleApplication@426fd2e3
reloadAllAccessors: .Case2

===========================================================================================
----------------- testing Wed Jun 06 18:36:42 UTC 2018 /home/travis/build/icyphy/ptII/ptolemy/domains/modal/test/auto/CausalityInterface1.xml
----------------- Instantiating /home/travis/build/icyphy/ptII/ptolemy/domains/modal/test/auto/CausalityInterface1.xml
4 ms. Memory: 333824K Free: 181349K (54%)
----------------- Invoking toplevel() on ptolemy.moml.MoMLSimpleApplication@5b18acb8
----------------- Done invoking toplevel() on ptolemy.moml.MoMLSimpleApplication@5b18acb8
reloadAllAccessors: .CausalityInterface1

===========================================================================================
----------------- testing Wed Jun 06 18:36:42 UTC 2018 /home/travis/build/icyphy/ptII/ptolemy/domains/modal/test/auto/CausalityInterface10.xml
----------------- Instantiating /home/travis/build/icyphy/ptII/ptolemy/domains/modal/test/auto/CausalityInterface10.xml
13 ms. Memory: 333824K Free: 161860K (48%)
----------------- Invoking toplevel() on ptolemy.moml.MoMLSimpleApplication@59befb13
----------------- Done invoking toplevel() on ptolemy.moml.MoMLSimpleApplication@59befb13
reloadAllAccessors: .CausalityInterface10

===========================================================================================
----------------- testing Wed Jun 06 18:36:42 UTC 2018 /home/travis/build/icyphy/ptII/ptolemy/domains/modal/test/auto/CausalityInterface11.xml
----------------- Instantiating /home/travis/build/icyphy/ptII/ptolemy/domains/modal/test/auto/CausalityInterface11.xml
12 ms. Memory: 333824K Free: 145913K (44%)
----------------- Invoking toplevel() on ptolemy.moml.MoMLSimpleApplication@36b129a4
----------------- Done invoking toplevel() on ptolemy.moml.MoMLSimpleApplication@36b129a4
reloadAllAccessors: .CausalityInterface11

===========================================================================================
----------------- testing Wed Jun 06 18:36:42 UTC 2018 /home/travis/build/icyphy/ptII/ptolemy/domains/modal/test/auto/CausalityInterface12.xml
----------------- Instantiating /home/travis/build/icyphy/ptII/ptolemy/domains/modal/test/auto/CausalityInterface12.xml
6 ms. Memory: 333824K Free: 130005K (39%)
----------------- Invoking toplevel() on ptolemy.moml.MoMLSimpleApplication@63f30610
----------------- Done invoking toplevel() on ptolemy.moml.MoMLSimpleApplication@63f30610
reloadAllAccessors: .CausalityInterface12

===========================================================================================
----------------- testing Wed Jun 06 18:36:42 UTC 2018 /home/travis/build/icyphy/ptII/ptolemy/domains/modal/test/auto/CausalityInterface13.xml
----------------- Instantiating /home/travis/build/icyphy/ptII/ptolemy/domains/modal/test/auto/CausalityInterface13.xml
11 ms. Memory: 333824K Free: 110540K (33%)
----------------- Invoking toplevel() on ptolemy.moml.MoMLSimpleApplication@1e695c08
----------------- Done invoking toplevel() on ptolemy.moml.MoMLSimpleApplication@1e695c08
reloadAllAccessors: .CausalityInterface13

===========================================================================================
----------------- testing Wed Jun 06 18:36:42 UTC 2018 /home/travis/build/icyphy/ptII/ptolemy/domains/modal/test/auto/CausalityInterface14.xml
----------------- Instantiating /home/travis/build/icyphy/ptII/ptolemy/domains/modal/test/auto/CausalityInterface14.xml
14 ms. Memory: 333824K Free: 93347K (28%)
----------------- Invoking toplevel() on ptolemy.moml.MoMLSimpleApplication@1b303557
----------------- Done invoking toplevel() on ptolemy.moml.MoMLSimpleApplication@1b303557
reloadAllAccessors: .CausalityInterface14

===========================================================================================
----------------- testing Wed Jun 06 18:36:42 UTC 2018 /home/travis/build/icyphy/ptII/ptolemy/domains/modal/test/auto/CausalityInterface2.xml
----------------- Instantiating /home/travis/build/icyphy/ptII/ptolemy/domains/modal/test/auto/CausalityInterface2.xml
6 ms. Memory: 333824K Free: 86004K (26%)
----------------- Invoking toplevel() on ptolemy.moml.MoMLSimpleApplication@4c9a5fd0
----------------- Done invoking toplevel() on ptolemy.moml.MoMLSimpleApplication@4c9a5fd0
reloadAllAccessors: .CausalityInterface2

===========================================================================================
----------------- testing Wed Jun 06 18:36:42 UTC 2018 /home/travis/build/icyphy/ptII/ptolemy/domains/modal/test/auto/CausalityInterface3.xml
----------------- Instantiating /home/travis/build/icyphy/ptII/ptolemy/domains/modal/test/auto/CausalityInterface3.xml
6 ms. Memory: 578560K Free: 564208K (98%)
----------------- Invoking toplevel() on ptolemy.moml.MoMLSimpleApplication@2ddb9396
----------------- Done invoking toplevel() on ptolemy.moml.MoMLSimpleApplication@2ddb9396
reloadAllAccessors: .CausalityInterface3

===========================================================================================
----------------- testing Wed Jun 06 18:36:42 UTC 2018 /home/travis/build/icyphy/ptII/ptolemy/domains/modal/test/auto/CausalityInterface4.xml
----------------- Instantiating /home/travis/build/icyphy/ptII/ptolemy/domains/modal/test/auto/CausalityInterface4.xml
2 ms. Memory: 578560K Free: 551052K (95%)
----------------- Invoking toplevel() on ptolemy.moml.MoMLSimpleApplication@3a51f06
----------------- Done invoking toplevel() on ptolemy.moml.MoMLSimpleApplication@3a51f06
reloadAllAccessors: .CausalityInterface4

===========================================================================================
----------------- testing Wed Jun 06 18:36:42 UTC 2018 /home/travis/build/icyphy/ptII/ptolemy/domains/modal/test/auto/CausalityInterface5.xml
----------------- Instantiating /home/travis/build/icyphy/ptII/ptolemy/domains/modal/test/auto/CausalityInterface5.xml
5 ms. Memory: 578560K Free: 538825K (93%)
----------------- Invoking toplevel() on ptolemy.moml.MoMLSimpleApplication@3f9ec563
----------------- Done invoking toplevel() on ptolemy.moml.MoMLSimpleApplication@3f9ec563
reloadAllAccessors: .CausalityInterface5

===========================================================================================
----------------- testing Wed Jun 06 18:36:42 UTC 2018 /home/travis/build/icyphy/ptII/ptolemy/domains/modal/test/auto/CausalityInterface6.xml
----------------- Instantiating /home/travis/build/icyphy/ptII/ptolemy/domains/modal/test/auto/CausalityInterface6.xml
4 ms. Memory: 578560K Free: 526589K (91%)
----------------- Invoking toplevel() on ptolemy.moml.MoMLSimpleApplication@7f274823
----------------- Done invoking toplevel() on ptolemy.moml.MoMLSimpleApplication@7f274823
reloadAllAccessors: .CausalityInterface6

===========================================================================================
----------------- testing Wed Jun 06 18:36:42 UTC 2018 /home/travis/build/icyphy/ptII/ptolemy/domains/modal/test/auto/CausalityInterface7.xml
----------------- Instantiating /home/travis/build/icyphy/ptII/ptolemy/domains/modal/test/auto/CausalityInterface7.xml
3 ms. Memory: 578560K Free: 514362K (89%)
----------------- Invoking toplevel() on ptolemy.moml.MoMLSimpleApplication@6213bca3
----------------- Done invoking toplevel() on ptolemy.moml.MoMLSimpleApplication@6213bca3
reloadAllAccessors: .CausalityInterface7

===========================================================================================
----------------- testing Wed Jun 06 18:36:42 UTC 2018 /home/travis/build/icyphy/ptII/ptolemy/domains/modal/test/auto/CausalityInterface8.xml
----------------- Instantiating /home/travis/build/icyphy/ptII/ptolemy/domains/modal/test/auto/CausalityInterface8.xml
4 ms. Memory: 578560K Free: 498996K (86%)
----------------- Invoking toplevel() on ptolemy.moml.MoMLSimpleApplication@4546971
----------------- Done invoking toplevel() on ptolemy.moml.MoMLSimpleApplication@4546971
reloadAllAccessors: .CausalityInterface8

===========================================================================================
----------------- testing Wed Jun 06 18:36:43 UTC 2018 /home/travis/build/icyphy/ptII/ptolemy/domains/modal/test/auto/CausalityInterface9.xml
----------------- Instantiating /home/travis/build/icyphy/ptII/ptolemy/domains/modal/test/auto/CausalityInterface9.xml
4 ms. Memory: 578560K Free: 486753K (84%)
----------------- Invoking toplevel() on ptolemy.moml.MoMLSimpleApplication@6c1b4f93
----------------- Done invoking toplevel() on ptolemy.moml.MoMLSimpleApplication@6c1b4f93
reloadAllAccessors: .CausalityInterface9

===========================================================================================
----------------- testing Wed Jun 06 18:36:43 UTC 2018 /home/travis/build/icyphy/ptII/ptolemy/domains/modal/test/auto/ChainedTransitions.xml
----------------- Instantiating /home/travis/build/icyphy/ptII/ptolemy/domains/modal/test/auto/ChainedTransitions.xml
55 ms. Memory: 578560K Free: 457413K (79%)
----------------- Invoking toplevel() on ptolemy.moml.MoMLSimpleApplication@6f1bfdbe
----------------- Done invoking toplevel() on ptolemy.moml.MoMLSimpleApplication@6f1bfdbe
reloadAllAccessors: .ChainedTransitions

===========================================================================================
----------------- testing Wed Jun 06 18:36:43 UTC 2018 /home/travis/build/icyphy/ptII/ptolemy/domains/modal/test/auto/CycleOfImmediateTransitionsFSM.xml
----------------- Instantiating /home/travis/build/icyphy/ptII/ptolemy/domains/modal/test/auto/CycleOfImmediateTransitionsFSM.xml
5 ms. Memory: 578560K Free: 447612K (77%)
----------------- Invoking toplevel() on ptolemy.moml.MoMLSimpleApplication@23a0b26e
----------------- Done invoking toplevel() on ptolemy.moml.MoMLSimpleApplication@23a0b26e
reloadAllAccessors: .CycleOfImmediateTransitionsFSM

===========================================================================================
----------------- testing Wed Jun 06 18:36:43 UTC 2018 /home/travis/build/icyphy/ptII/ptolemy/domains/modal/test/auto/CycleOfImmediateTransitionsModal.xml
----------------- Instantiating /home/travis/build/icyphy/ptII/ptolemy/domains/modal/test/auto/CycleOfImmediateTransitionsModal.xml
4 ms. Memory: 578560K Free: 434689K (75%)
----------------- Invoking toplevel() on ptolemy.moml.MoMLSimpleApplication@6e03f5c6
----------------- Done invoking toplevel() on ptolemy.moml.MoMLSimpleApplication@6e03f5c6
reloadAllAccessors: .CycleOfImmediateTransitionsModal

===========================================================================================
----------------- testing Wed Jun 06 18:36:43 UTC 2018 /home/travis/build/icyphy/ptII/ptolemy/domains/modal/test/auto/CycleOfImmediateTransitionsModal2.xml
----------------- Instantiating /home/travis/build/icyphy/ptII/ptolemy/domains/modal/test/auto/CycleOfImmediateTransitionsModal2.xml
6 ms. Memory: 578560K Free: 424904K (73%)
----------------- Invoking toplevel() on ptolemy.moml.MoMLSimpleApplication@5e4c28ca
----------------- Done invoking toplevel() on ptolemy.moml.MoMLSimpleApplication@5e4c28ca
reloadAllAccessors: .CycleOfImmediateTransitionsModal2

===========================================================================================
----------------- testing Wed Jun 06 18:36:43 UTC 2018 /home/travis/build/icyphy/ptII/ptolemy/domains/modal/test/auto/CycleOfImmediateTransitionsModal3.xml
----------------- Instantiating /home/travis/build/icyphy/ptII/ptolemy/domains/modal/test/auto/CycleOfImmediateTransitionsModal3.xml
7 ms. Memory: 578560K Free: 395524K (68%)
----------------- Invoking toplevel() on ptolemy.moml.MoMLSimpleApplication@1f9b707a
----------------- Done invoking toplevel() on ptolemy.moml.MoMLSimpleApplication@1f9b707a
reloadAllAccessors: .CycleOfImmediateTransitionsModal3

===========================================================================================
----------------- testing Wed Jun 06 18:36:43 UTC 2018 /home/travis/build/icyphy/ptII/ptolemy/domains/modal/test/auto/DeepModal1.xml
----------------- Instantiating /home/travis/build/icyphy/ptII/ptolemy/domains/modal/test/auto/DeepModal1.xml
27 ms. Memory: 578560K Free: 378388K (65%)
----------------- Invoking toplevel() on ptolemy.moml.MoMLSimpleApplication@3b9e29f1
----------------- Done invoking toplevel() on ptolemy.moml.MoMLSimpleApplication@3b9e29f1
reloadAllAccessors: .DeepModal1

===========================================================================================
----------------- testing Wed Jun 06 18:36:43 UTC 2018 /home/travis/build/icyphy/ptII/ptolemy/domains/modal/test/auto/DeepModal2.xml
----------------- Instantiating /home/travis/build/icyphy/ptII/ptolemy/domains/modal/test/auto/DeepModal2.xml
31 ms. Memory: 578560K Free: 353237K (61%)
----------------- Invoking toplevel() on ptolemy.moml.MoMLSimpleApplication@6ce06fc0
----------------- Done invoking toplevel() on ptolemy.moml.MoMLSimpleApplication@6ce06fc0
reloadAllAccessors: .DeepModal2

===========================================================================================
----------------- testing Wed Jun 06 18:36:43 UTC 2018 /home/travis/build/icyphy/ptII/ptolemy/domains/modal/test/auto/DeepModal3.xml
----------------- Instantiating /home/travis/build/icyphy/ptII/ptolemy/domains/modal/test/auto/DeepModal3.xml
34 ms. Memory: 578560K Free: 331217K (57%)
----------------- Invoking toplevel() on ptolemy.moml.MoMLSimpleApplication@2c45020f
----------------- Done invoking toplevel() on ptolemy.moml.MoMLSimpleApplication@2c45020f
reloadAllAccessors: .DeepModal3

===========================================================================================
----------------- testing Wed Jun 06 18:36:43 UTC 2018 /home/travis/build/icyphy/ptII/ptolemy/domains/modal/test/auto/DeepModal4.xml
----------------- Instantiating /home/travis/build/icyphy/ptII/ptolemy/domains/modal/test/auto/DeepModal4.xml
17 ms. Memory: 578560K Free: 309164K (53%)
----------------- Invoking toplevel() on ptolemy.moml.MoMLSimpleApplication@4346c317
----------------- Done invoking toplevel() on ptolemy.moml.MoMLSimpleApplication@4346c317
reloadAllAccessors: .DeepModal4

===========================================================================================
----------------- testing Wed Jun 06 18:36:43 UTC 2018 /home/travis/build/icyphy/ptII/ptolemy/domains/modal/test/auto/Default1.xml
----------------- Instantiating /home/travis/build/icyphy/ptII/ptolemy/domains/modal/test/auto/Default1.xml
2 ms. Memory: 578560K Free: 299363K (52%)
----------------- Invoking toplevel() on ptolemy.moml.MoMLSimpleApplication@72ef5886
----------------- Done invoking toplevel() on ptolemy.moml.MoMLSimpleApplication@72ef5886
reloadAllAccessors: .Default1

===========================================================================================
----------------- testing Wed Jun 06 18:36:43 UTC 2018 /home/travis/build/icyphy/ptII/ptolemy/domains/modal/test/auto/Default2.xml
----------------- Instantiating /home/travis/build/icyphy/ptII/ptolemy/domains/modal/test/auto/Default2.xml
2 ms. Memory: 578560K Free: 286432K (50%)
----------------- Invoking toplevel() on ptolemy.moml.MoMLSimpleApplication@534701ec
----------------- Done invoking toplevel() on ptolemy.moml.MoMLSimpleApplication@534701ec
reloadAllAccessors: .Default2

===========================================================================================
----------------- testing Wed Jun 06 18:36:43 UTC 2018 /home/travis/build/icyphy/ptII/ptolemy/domains/modal/test/auto/Default3.xml
----------------- Instantiating /home/travis/build/icyphy/ptII/ptolemy/domains/modal/test/auto/Default3.xml
9 ms. Memory: 578560K Free: 276631K (48%)
----------------- Invoking toplevel() on ptolemy.moml.MoMLSimpleApplication@2008f27a
----------------- Done invoking toplevel() on ptolemy.moml.MoMLSimpleApplication@2008f27a
reloadAllAccessors: .Default3

===========================================================================================
----------------- testing Wed Jun 06 18:36:43 UTC 2018 /home/travis/build/icyphy/ptII/ptolemy/domains/modal/test/auto/Default4.xml
----------------- Instantiating /home/travis/build/icyphy/ptII/ptolemy/domains/modal/test/auto/Default4.xml
4 ms. Memory: 578560K Free: 266830K (46%)
----------------- Invoking toplevel() on ptolemy.moml.MoMLSimpleApplication@1f896df8
----------------- Done invoking toplevel() on ptolemy.moml.MoMLSimpleApplication@1f896df8
reloadAllAccessors: .Default4

===========================================================================================
----------------- testing Wed Jun 06 18:36:43 UTC 2018 /home/travis/build/icyphy/ptII/ptolemy/domains/modal/test/auto/Default5.xml
----------------- Instantiating /home/travis/build/icyphy/ptII/ptolemy/domains/modal/test/auto/Default5.xml
5 ms. Memory: 578560K Free: 257045K (44%)
----------------- Invoking toplevel() on ptolemy.moml.MoMLSimpleApplication@687555c2
----------------- Done invoking toplevel() on ptolemy.moml.MoMLSimpleApplication@687555c2
reloadAllAccessors: .Default5

===========================================================================================
----------------- testing Wed Jun 06 18:36:43 UTC 2018 /home/travis/build/icyphy/ptII/ptolemy/domains/modal/test/auto/EmptyGuard.xml
----------------- Instantiating /home/travis/build/icyphy/ptII/ptolemy/domains/modal/test/auto/EmptyGuard.xml
13 ms. Memory: 578560K Free: 244121K (42%)
----------------- Invoking toplevel() on ptolemy.moml.MoMLSimpleApplication@8af919a
----------------- Done invoking toplevel() on ptolemy.moml.MoMLSimpleApplication@8af919a
reloadAllAccessors: .EmptyGuard

===========================================================================================
----------------- testing Wed Jun 06 18:36:43 UTC 2018 /home/travis/build/icyphy/ptII/ptolemy/domains/modal/test/auto/ErrorTransition1.xml
----------------- Instantiating /home/travis/build/icyphy/ptII/ptolemy/domains/modal/test/auto/ErrorTransition1.xml
9 ms. Memory: 578560K Free: 231894K (40%)
----------------- Invoking toplevel() on ptolemy.moml.MoMLSimpleApplication@71628c82
----------------- Done invoking toplevel() on ptolemy.moml.MoMLSimpleApplication@71628c82
reloadAllAccessors: .ErrorTransition1

===========================================================================================
----------------- testing Wed Jun 06 18:36:43 UTC 2018 /home/travis/build/icyphy/ptII/ptolemy/domains/modal/test/auto/ErrorTransition10.xml
----------------- Instantiating /home/travis/build/icyphy/ptII/ptolemy/domains/modal/test/auto/ErrorTransition10.xml
11 ms. Memory: 578560K Free: 214782K (37%)
----------------- Invoking toplevel() on ptolemy.moml.MoMLSimpleApplication@17326feb
----------------- Done invoking toplevel() on ptolemy.moml.MoMLSimpleApplication@17326feb
reloadAllAccessors: .ErrorTransition10

===========================================================================================
----------------- testing Wed Jun 06 18:36:43 UTC 2018 /home/travis/build/icyphy/ptII/ptolemy/domains/modal/test/auto/ErrorTransition11.xml
----------------- Instantiating /home/travis/build/icyphy/ptII/ptolemy/domains/modal/test/auto/ErrorTransition11.xml
5 ms. Memory: 578560K Free: 200112K (35%)
----------------- Invoking toplevel() on ptolemy.moml.MoMLSimpleApplication@24c8443d
----------------- Done invoking toplevel() on ptolemy.moml.MoMLSimpleApplication@24c8443d
reloadAllAccessors: .ErrorTransition11

===========================================================================================
----------------- testing Wed Jun 06 18:36:43 UTC 2018 /home/travis/build/icyphy/ptII/ptolemy/domains/modal/test/auto/ErrorTransition2.xml
----------------- Instantiating /home/travis/build/icyphy/ptII/ptolemy/domains/modal/test/auto/ErrorTransition2.xml
6 ms. Memory: 578560K Free: 190343K (33%)
----------------- Invoking toplevel() on ptolemy.moml.MoMLSimpleApplication@11e114a7
----------------- Done invoking toplevel() on ptolemy.moml.MoMLSimpleApplication@11e114a7
reloadAllAccessors: .ErrorTransition2

===========================================================================================
----------------- testing Wed Jun 06 18:36:43 UTC 2018 /home/travis/build/icyphy/ptII/ptolemy/domains/modal/test/auto/ErrorTransition3.xml
----------------- Instantiating /home/travis/build/icyphy/ptII/ptolemy/domains/modal/test/auto/ErrorTransition3.xml
12 ms. Memory: 578560K Free: 174961K (30%)
----------------- Invoking toplevel() on ptolemy.moml.MoMLSimpleApplication@26fb64c5
----------------- Done invoking toplevel() on ptolemy.moml.MoMLSimpleApplication@26fb64c5
reloadAllAccessors: .ErrorTransition3

===========================================================================================
----------------- testing Wed Jun 06 18:36:43 UTC 2018 /home/travis/build/icyphy/ptII/ptolemy/domains/modal/test/auto/ErrorTransition4.xml
----------------- Instantiating /home/travis/build/icyphy/ptII/ptolemy/domains/modal/test/auto/ErrorTransition4.xml
6 ms. Memory: 578560K Free: 162742K (28%)
----------------- Invoking toplevel() on ptolemy.moml.MoMLSimpleApplication@7fd23e3e
----------------- Done invoking toplevel() on ptolemy.moml.MoMLSimpleApplication@7fd23e3e
reloadAllAccessors: .ErrorTransition4

===========================================================================================
----------------- testing Wed Jun 06 18:36:44 UTC 2018 /home/travis/build/icyphy/ptII/ptolemy/domains/modal/test/auto/ErrorTransition5.xml
----------------- Instantiating /home/travis/build/icyphy/ptII/ptolemy/domains/modal/test/auto/ErrorTransition5.xml
5 ms. Memory: 578560K Free: 150507K (26%)
----------------- Invoking toplevel() on ptolemy.moml.MoMLSimpleApplication@aff32ff
----------------- Done invoking toplevel() on ptolemy.moml.MoMLSimpleApplication@aff32ff
reloadAllAccessors: .ErrorTransition5

===========================================================================================
----------------- testing Wed Jun 06 18:36:44 UTC 2018 /home/travis/build/icyphy/ptII/ptolemy/domains/modal/test/auto/ErrorTransition6.xml
----------------- Instantiating /home/travis/build/icyphy/ptII/ptolemy/domains/modal/test/auto/ErrorTransition6.xml
7 ms. Memory: 578560K Free: 138271K (24%)
----------------- Invoking toplevel() on ptolemy.moml.MoMLSimpleApplication@37f41e51
----------------- Done invoking toplevel() on ptolemy.moml.MoMLSimpleApplication@37f41e51
reloadAllAccessors: .ErrorTransition6

===========================================================================================
----------------- testing Wed Jun 06 18:36:44 UTC 2018 /home/travis/build/icyphy/ptII/ptolemy/domains/modal/test/auto/ErrorTransition7.xml
----------------- Instantiating /home/travis/build/icyphy/ptII/ptolemy/domains/modal/test/auto/ErrorTransition7.xml
9 ms. Memory: 578560K Free: 117989K (20%)
----------------- Invoking toplevel() on ptolemy.moml.MoMLSimpleApplication@1aabb0dc
----------------- Done invoking toplevel() on ptolemy.moml.MoMLSimpleApplication@1aabb0dc
reloadAllAccessors: .ErrorTransition7

===========================================================================================
----------------- testing Wed Jun 06 18:36:44 UTC 2018 /home/travis/build/icyphy/ptII/ptolemy/domains/modal/test/auto/ErrorTransition8.xml
----------------- Instantiating /home/travis/build/icyphy/ptII/ptolemy/domains/modal/test/auto/ErrorTransition8.xml
31 ms. Memory: 578560K Free: 100861K (17%)
----------------- Invoking toplevel() on ptolemy.moml.MoMLSimpleApplication@691d5d5d
----------------- Done invoking toplevel() on ptolemy.moml.MoMLSimpleApplication@691d5d5d
reloadAllAccessors: .ErrorTransition8

===========================================================================================
----------------- testing Wed Jun 06 18:36:44 UTC 2018 /home/travis/build/icyphy/ptII/ptolemy/domains/modal/test/auto/ErrorTransition9.xml
----------------- Instantiating /home/travis/build/icyphy/ptII/ptolemy/domains/modal/test/auto/ErrorTransition9.xml
16 ms. Memory: 578560K Free: 83725K (14%)
----------------- Invoking toplevel() on ptolemy.moml.MoMLSimpleApplication@4bf2405f
----------------- Done invoking toplevel() on ptolemy.moml.MoMLSimpleApplication@4bf2405f
reloadAllAccessors: .ErrorTransition9

===========================================================================================
----------------- testing Wed Jun 06 18:36:44 UTC 2018 /home/travis/build/icyphy/ptII/ptolemy/domains/modal/test/auto/ExtendedFSM.xml
----------------- Instantiating /home/travis/build/icyphy/ptII/ptolemy/domains/modal/test/auto/ExtendedFSM.xml
5 ms. Memory: 578560K Free: 561595K (97%)
----------------- Invoking toplevel() on ptolemy.moml.MoMLSimpleApplication@1f5caf16
----------------- Done invoking toplevel() on ptolemy.moml.MoMLSimpleApplication@1f5caf16
reloadAllAccessors: .ExtendedFSM

===========================================================================================
----------------- testing Wed Jun 06 18:36:44 UTC 2018 /home/travis/build/icyphy/ptII/ptolemy/domains/modal/test/auto/FinalStates.xml
----------------- Instantiating /home/travis/build/icyphy/ptII/ptolemy/domains/modal/test/auto/FinalStates.xml
5 ms. Memory: 578560K Free: 549615K (95%)
----------------- Invoking toplevel() on ptolemy.moml.MoMLSimpleApplication@2bab3508
----------------- Done invoking toplevel() on ptolemy.moml.MoMLSimpleApplication@2bab3508
reloadAllAccessors: .FinalStates

===========================================================================================
----------------- testing Wed Jun 06 18:36:44 UTC 2018 /home/travis/build/icyphy/ptII/ptolemy/domains/modal/test/auto/FixedPointFSM.xml
----------------- Instantiating /home/travis/build/icyphy/ptII/ptolemy/domains/modal/test/auto/FixedPointFSM.xml
11 ms. Memory: 578560K Free: 529873K (92%)
----------------- Invoking toplevel() on ptolemy.moml.MoMLSimpleApplication@2babf1f6
----------------- Done invoking toplevel() on ptolemy.moml.MoMLSimpleApplication@2babf1f6
reloadAllAccessors: .FixedPointFSM

===========================================================================================
----------------- testing Wed Jun 06 18:36:44 UTC 2018 /home/travis/build/icyphy/ptII/ptolemy/domains/modal/test/auto/FixedPointIterationFSMActor.xml
----------------- Instantiating /home/travis/build/icyphy/ptII/ptolemy/domains/modal/test/auto/FixedPointIterationFSMActor.xml
8 ms. Memory: 578560K Free: 514636K (89%)
----------------- Invoking toplevel() on ptolemy.moml.MoMLSimpleApplication@2b203987
----------------- Done invoking toplevel() on ptolemy.moml.MoMLSimpleApplication@2b203987
reloadAllAccessors: .FixedPointIterationFSMActor

===========================================================================================
----------------- testing Wed Jun 06 18:36:44 UTC 2018 /home/travis/build/icyphy/ptII/ptolemy/domains/modal/test/auto/FixedPointIterationFSMActor2.xml
----------------- Instantiating /home/travis/build/icyphy/ptII/ptolemy/domains/modal/test/auto/FixedPointIterationFSMActor2.xml
14 ms. Memory: 578560K Free: 498339K (86%)
----------------- Invoking toplevel() on ptolemy.moml.MoMLSimpleApplication@4adb00d1
----------------- Done invoking toplevel() on ptolemy.moml.MoMLSimpleApplication@4adb00d1
reloadAllAccessors: .FixedPointIterationFSMActor2

===========================================================================================
----------------- testing Wed Jun 06 18:36:44 UTC 2018 /home/travis/build/icyphy/ptII/ptolemy/domains/modal/test/auto/ForbiddenInstantanousLoop.xml
----------------- Instantiating /home/travis/build/icyphy/ptII/ptolemy/domains/modal/test/auto/ForbiddenInstantanousLoop.xml
5 ms. Memory: 578560K Free: 482025K (83%)
----------------- Invoking toplevel() on ptolemy.moml.MoMLSimpleApplication@666f2d86
----------------- Done invoking toplevel() on ptolemy.moml.MoMLSimpleApplication@666f2d86
reloadAllAccessors: .ForbiddenInstantanousLoop

===========================================================================================
----------------- testing Wed Jun 06 18:36:44 UTC 2018 /home/travis/build/icyphy/ptII/ptolemy/domains/modal/test/auto/FunctionDependencyOfFSMActorTest.xml
----------------- Instantiating /home/travis/build/icyphy/ptII/ptolemy/domains/modal/test/auto/FunctionDependencyOfFSMActorTest.xml
15 ms. Memory: 578560K Free: 470045K (81%)
----------------- Invoking toplevel() on ptolemy.moml.MoMLSimpleApplication@4e8bbe0d
----------------- Done invoking toplevel() on ptolemy.moml.MoMLSimpleApplication@4e8bbe0d
reloadAllAccessors: .FunctionDependencyOfFSMActorTest

===========================================================================================
----------------- testing Wed Jun 06 18:36:44 UTC 2018 /home/travis/build/icyphy/ptII/ptolemy/domains/modal/test/auto/GuardExpression.xml
----------------- Instantiating /home/travis/build/icyphy/ptII/ptolemy/domains/modal/test/auto/GuardExpression.xml
6 ms. Memory: 578560K Free: 460260K (80%)
----------------- Invoking toplevel() on ptolemy.moml.MoMLSimpleApplication@2e704bb6
----------------- Done invoking toplevel() on ptolemy.moml.MoMLSimpleApplication@2e704bb6
reloadAllAccessors: .GuardExpression

===========================================================================================
----------------- testing Wed Jun 06 18:36:44 UTC 2018 /home/travis/build/icyphy/ptII/ptolemy/domains/modal/test/auto/GuardNotEvaluated.xml
----------------- Instantiating /home/travis/build/icyphy/ptII/ptolemy/domains/modal/test/auto/GuardNotEvaluated.xml
8 ms. Memory: 578560K Free: 447235K (77%)
----------------- Invoking toplevel() on ptolemy.moml.MoMLSimpleApplication@29d4a2f2
----------------- Done invoking toplevel() on ptolemy.moml.MoMLSimpleApplication@29d4a2f2
reloadAllAccessors: .GuardNotEvaluated

===========================================================================================
----------------- testing Wed Jun 06 18:36:44 UTC 2018 /home/travis/build/icyphy/ptII/ptolemy/domains/modal/test/auto/GuardNotEvaluated2.xml
----------------- Instantiating /home/travis/build/icyphy/ptII/ptolemy/domains/modal/test/auto/GuardNotEvaluated2.xml
6 ms. Memory: 578560K Free: 432007K (75%)
----------------- Invoking toplevel() on ptolemy.moml.MoMLSimpleApplication@7ee1dcd6
----------------- Done invoking toplevel() on ptolemy.moml.MoMLSimpleApplication@7ee1dcd6
reloadAllAccessors: .GuardNotEvaluated2

===========================================================================================
----------------- testing Wed Jun 06 18:36:44 UTC 2018 /home/travis/build/icyphy/ptII/ptolemy/domains/modal/test/auto/GuardOnAbsent.xml
----------------- Instantiating /home/travis/build/icyphy/ptII/ptolemy/domains/modal/test/auto/GuardOnAbsent.xml
11 ms. Memory: 578560K Free: 422222K (73%)
----------------- Invoking toplevel() on ptolemy.moml.MoMLSimpleApplication@64208b6b
----------------- Done invoking toplevel() on ptolemy.moml.MoMLSimpleApplication@64208b6b
reloadAllAccessors: .GuardOnAbsent

===========================================================================================
----------------- testing Wed Jun 06 18:36:44 UTC 2018 /home/travis/build/icyphy/ptII/ptolemy/domains/modal/test/auto/HierarchicalFSMTypeInference.xml
----------------- Instantiating /home/travis/build/icyphy/ptII/ptolemy/domains/modal/test/auto/HierarchicalFSMTypeInference.xml
3 ms. Memory: 578560K Free: 405924K (70%)
----------------- Invoking toplevel() on ptolemy.moml.MoMLSimpleApplication@5467dd04
----------------- Done invoking toplevel() on ptolemy.moml.MoMLSimpleApplication@5467dd04
reloadAllAccessors: .HierarchicalFSMTypeInference

===========================================================================================
----------------- testing Wed Jun 06 18:36:44 UTC 2018 /home/travis/build/icyphy/ptII/ptolemy/domains/modal/test/auto/Hysteresis.xml
----------------- Instantiating /home/travis/build/icyphy/ptII/ptolemy/domains/modal/test/auto/Hysteresis.xml
9 ms. Memory: 578560K Free: 384159K (66%)
----------------- Invoking toplevel() on ptolemy.moml.MoMLSimpleApplication@32f8bff5
----------------- Done invoking toplevel() on ptolemy.moml.MoMLSimpleApplication@32f8bff5
reloadAllAccessors: .Hysteresis

===========================================================================================
----------------- testing Wed Jun 06 18:36:44 UTC 2018 /home/travis/build/icyphy/ptII/ptolemy/domains/modal/test/auto/HysteresisWithDefault.xml
----------------- Instantiating /home/travis/build/icyphy/ptII/ptolemy/domains/modal/test/auto/HysteresisWithDefault.xml
40 ms. Memory: 578560K Free: 358052K (62%)
----------------- Invoking toplevel() on ptolemy.moml.MoMLSimpleApplication@2e01dc2e
----------------- Done invoking toplevel() on ptolemy.moml.MoMLSimpleApplication@2e01dc2e
reloadAllAccessors: .HysteresisWithDefault

===========================================================================================
----------------- testing Wed Jun 06 18:36:44 UTC 2018 /home/travis/build/icyphy/ptII/ptolemy/domains/modal/test/auto/HysteresisWithDefault2.xml
----------------- Instantiating /home/travis/build/icyphy/ptII/ptolemy/domains/modal/test/auto/HysteresisWithDefault2.xml
41 ms. Memory: 578560K Free: 323206K (56%)
----------------- Invoking toplevel() on ptolemy.moml.MoMLSimpleApplication@35ff992a
----------------- Done invoking toplevel() on ptolemy.moml.MoMLSimpleApplication@35ff992a
reloadAllAccessors: .HysteresisWithDefault2

===========================================================================================
----------------- testing Wed Jun 06 18:36:44 UTC 2018 /home/travis/build/icyphy/ptII/ptolemy/domains/modal/test/auto/ImmediateNonConstructiveness.xml
----------------- Instantiating /home/travis/build/icyphy/ptII/ptolemy/domains/modal/test/auto/ImmediateNonConstructiveness.xml
3 ms. Memory: 578560K Free: 313437K (54%)
----------------- Invoking toplevel() on ptolemy.moml.MoMLSimpleApplication@760650e2
----------------- Done invoking toplevel() on ptolemy.moml.MoMLSimpleApplication@760650e2
reloadAllAccessors: .ImmediateNonConstructiveness

===========================================================================================
----------------- testing Wed Jun 06 18:36:44 UTC 2018 /home/travis/build/icyphy/ptII/ptolemy/domains/modal/test/auto/ImmediateNonConstructiveness2.xml
----------------- Instantiating /home/travis/build/icyphy/ptII/ptolemy/domains/modal/test/auto/ImmediateNonConstructiveness2.xml
2 ms. Memory: 578560K Free: 303660K (52%)
----------------- Invoking toplevel() on ptolemy.moml.MoMLSimpleApplication@3c5d9cdd
----------------- Done invoking toplevel() on ptolemy.moml.MoMLSimpleApplication@3c5d9cdd
reloadAllAccessors: .ImmediateNonConstructiveness2

===========================================================================================
----------------- testing Wed Jun 06 18:36:44 UTC 2018 /home/travis/build/icyphy/ptII/ptolemy/domains/modal/test/auto/ImmediateTransitionReset.xml
----------------- Instantiating /home/travis/build/icyphy/ptII/ptolemy/domains/modal/test/auto/ImmediateTransitionReset.xml
3 ms. Memory: 578560K Free: 285168K (49%)
----------------- Invoking toplevel() on ptolemy.moml.MoMLSimpleApplication@33af1b85
----------------- Done invoking toplevel() on ptolemy.moml.MoMLSimpleApplication@33af1b85
reloadAllAccessors: .ImmediateTransitionReset

===========================================================================================
----------------- testing Wed Jun 06 18:36:44 UTC 2018 /home/travis/build/icyphy/ptII/ptolemy/domains/modal/test/auto/ImmediateTransitions1.xml
----------------- Instantiating /home/travis/build/icyphy/ptII/ptolemy/domains/modal/test/auto/ImmediateTransitions1.xml
1 ms. Memory: 578560K Free: 275383K (48%)
----------------- Invoking toplevel() on ptolemy.moml.MoMLSimpleApplication@2bb691b
----------------- Done invoking toplevel() on ptolemy.moml.MoMLSimpleApplication@2bb691b
reloadAllAccessors: .ImmediateTransitions1

===========================================================================================
----------------- testing Wed Jun 06 18:36:44 UTC 2018 /home/travis/build/icyphy/ptII/ptolemy/domains/modal/test/auto/ImmediateTransitionsInstantaneousCommunication.xml
----------------- Instantiating /home/travis/build/icyphy/ptII/ptolemy/domains/modal/test/auto/ImmediateTransitionsInstantaneousCommunication.xml
3 ms. Memory: 578560K Free: 259069K (45%)
----------------- Invoking toplevel() on ptolemy.moml.MoMLSimpleApplication@499cb183
----------------- Done invoking toplevel() on ptolemy.moml.MoMLSimpleApplication@499cb183
reloadAllAccessors: .ImmediateTransitionsInstantaneousCommunication

===========================================================================================
----------------- testing Wed Jun 06 18:36:44 UTC 2018 /home/travis/build/icyphy/ptII/ptolemy/domains/modal/test/auto/InitialImmediateTransition.xml
----------------- Instantiating /home/travis/build/icyphy/ptII/ptolemy/domains/modal/test/auto/InitialImmediateTransition.xml
3 ms. Memory: 578560K Free: 247089K (43%)
----------------- Invoking toplevel() on ptolemy.moml.MoMLSimpleApplication@100928b4
----------------- Done invoking toplevel() on ptolemy.moml.MoMLSimpleApplication@100928b4
reloadAllAccessors: .InitialImmediateTransition

===========================================================================================
----------------- testing Wed Jun 06 18:36:44 UTC 2018 /home/travis/build/icyphy/ptII/ptolemy/domains/modal/test/auto/InitialOutputs.xml
----------------- Instantiating /home/travis/build/icyphy/ptII/ptolemy/domains/modal/test/auto/InitialOutputs.xml
2 ms. Memory: 578560K Free: 237304K (41%)
----------------- Invoking toplevel() on ptolemy.moml.MoMLSimpleApplication@7cce1526
----------------- Done invoking toplevel() on ptolemy.moml.MoMLSimpleApplication@7cce1526
reloadAllAccessors: .InitialOutputs

===========================================================================================
----------------- testing Wed Jun 06 18:36:45 UTC 2018 /home/travis/build/icyphy/ptII/ptolemy/domains/modal/test/auto/InitialStateTransition1.xml
----------------- Instantiating /home/travis/build/icyphy/ptII/ptolemy/domains/modal/test/auto/InitialStateTransition1.xml
2 ms. Memory: 578560K Free: 224263K (39%)
----------------- Invoking toplevel() on ptolemy.moml.MoMLSimpleApplication@39d19240
----------------- Done invoking toplevel() on ptolemy.moml.MoMLSimpleApplication@39d19240
reloadAllAccessors: .InitialStateTransition1

===========================================================================================
----------------- testing Wed Jun 06 18:36:45 UTC 2018 /home/travis/build/icyphy/ptII/ptolemy/domains/modal/test/auto/InitialStateTransition2.xml
----------------- Instantiating /home/travis/build/icyphy/ptII/ptolemy/domains/modal/test/auto/InitialStateTransition2.xml
.InitialStateTransition2.TestExceptionAttributeNonConstructive: initialize() was not invoked, but wrapup() was.  This is unusual, but not always a problem.  For example, exporting JNLP will do this.
1 ms. Memory: 578560K Free: 209027K (36%)
----------------- Invoking toplevel() on ptolemy.moml.MoMLSimpleApplication@646abd6
----------------- Done invoking toplevel() on ptolemy.moml.MoMLSimpleApplication@646abd6
reloadAllAccessors: .InitialStateTransition2

===========================================================================================
----------------- testing Wed Jun 06 18:36:45 UTC 2018 /home/travis/build/icyphy/ptII/ptolemy/domains/modal/test/auto/InitialStateTransition3.xml
----------------- Instantiating /home/travis/build/icyphy/ptII/ptolemy/domains/modal/test/auto/InitialStateTransition3.xml
3 ms. Memory: 578560K Free: 195986K (34%)
----------------- Invoking toplevel() on ptolemy.moml.MoMLSimpleApplication@6b574c4b
----------------- Done invoking toplevel() on ptolemy.moml.MoMLSimpleApplication@6b574c4b
reloadAllAccessors: .InitialStateTransition3

===========================================================================================
----------------- testing Wed Jun 06 18:36:45 UTC 2018 /home/travis/build/icyphy/ptII/ptolemy/domains/modal/test/auto/InitialStateTransition4.xml
----------------- Instantiating /home/travis/build/icyphy/ptII/ptolemy/domains/modal/test/auto/InitialStateTransition4.xml
3 ms. Memory: 578560K Free: 180757K (31%)
----------------- Invoking toplevel() on ptolemy.moml.MoMLSimpleApplication@1fe7bec5
----------------- Done invoking toplevel() on ptolemy.moml.MoMLSimpleApplication@1fe7bec5
[...]
----------------- Done invoking toplevel() on ptolemy.moml.MoMLSimpleApplication@780e440d
reloadAllAccessors: .TerminationTransition3

===========================================================================================
----------------- testing Wed Jun 06 18:36:47 UTC 2018 /home/travis/build/icyphy/ptII/ptolemy/domains/modal/test/auto/TerminationTransition4.xml
----------------- Instantiating /home/travis/build/icyphy/ptII/ptolemy/domains/modal/test/auto/TerminationTransition4.xml
2 ms. Memory: 871424K Free: 131527K (15%)
----------------- Invoking toplevel() on ptolemy.moml.MoMLSimpleApplication@7f43bcc9
----------------- Done invoking toplevel() on ptolemy.moml.MoMLSimpleApplication@7f43bcc9
reloadAllAccessors: .TerminationTransition4

===========================================================================================
----------------- testing Wed Jun 06 18:36:47 UTC 2018 /home/travis/build/icyphy/ptII/ptolemy/domains/modal/test/auto/TerminationTransition5.xml
----------------- Instantiating /home/travis/build/icyphy/ptII/ptolemy/domains/modal/test/auto/TerminationTransition5.xml
2 ms. Memory: 871424K Free: 111970K (13%)
----------------- Invoking toplevel() on ptolemy.moml.MoMLSimpleApplication@3545f6a5
----------------- Done invoking toplevel() on ptolemy.moml.MoMLSimpleApplication@3545f6a5
reloadAllAccessors: .TerminationTransition5

===========================================================================================
----------------- testing Wed Jun 06 18:36:47 UTC 2018 /home/travis/build/icyphy/ptII/ptolemy/domains/modal/test/auto/TerminationTransition6.xml
----------------- Instantiating /home/travis/build/icyphy/ptII/ptolemy/domains/modal/test/auto/TerminationTransition6.xml
2 ms. Memory: 871424K Free: 93759K (11%)
----------------- Invoking toplevel() on ptolemy.moml.MoMLSimpleApplication@7462a4d3
----------------- Done invoking toplevel() on ptolemy.moml.MoMLSimpleApplication@7462a4d3
reloadAllAccessors: .TerminationTransition6

===========================================================================================
----------------- testing Wed Jun 06 18:36:47 UTC 2018 /home/travis/build/icyphy/ptII/ptolemy/domains/modal/test/auto/TerminationTransition7.xml
----------------- Instantiating /home/travis/build/icyphy/ptII/ptolemy/domains/modal/test/auto/TerminationTransition7.xml
2 ms. Memory: 871424K Free: 78884K (9%)
----------------- Invoking toplevel() on ptolemy.moml.MoMLSimpleApplication@4012c557
----------------- Done invoking toplevel() on ptolemy.moml.MoMLSimpleApplication@4012c557
reloadAllAccessors: .TerminationTransition7

===========================================================================================
----------------- testing Wed Jun 06 18:36:47 UTC 2018 /home/travis/build/icyphy/ptII/ptolemy/domains/modal/test/auto/TerminationTransition8.xml
----------------- Instantiating /home/travis/build/icyphy/ptII/ptolemy/domains/modal/test/auto/TerminationTransition8.xml
3 ms. Memory: 871936K Free: 843385K (97%)
----------------- Invoking toplevel() on ptolemy.moml.MoMLSimpleApplication@4fab52bc
----------------- Done invoking toplevel() on ptolemy.moml.MoMLSimpleApplication@4fab52bc
reloadAllAccessors: .TerminationTransition8

===========================================================================================
----------------- testing Wed Jun 06 18:36:47 UTC 2018 /home/travis/build/icyphy/ptII/ptolemy/domains/modal/test/auto/Thermostat_NoHysteresis.xml
----------------- Instantiating /home/travis/build/icyphy/ptII/ptolemy/domains/modal/test/auto/Thermostat_NoHysteresis.xml
24 ms. Memory: 871936K Free: 810135K (93%)
----------------- Invoking toplevel() on ptolemy.moml.MoMLSimpleApplication@2045f623
----------------- Done invoking toplevel() on ptolemy.moml.MoMLSimpleApplication@2045f623
reloadAllAccessors: .Thermostat_NoHysteresis

===========================================================================================
----------------- testing Wed Jun 06 18:36:47 UTC 2018 /home/travis/build/icyphy/ptII/ptolemy/domains/modal/test/auto/TimedFSM.xml
----------------- Instantiating /home/travis/build/icyphy/ptII/ptolemy/domains/modal/test/auto/TimedFSM.xml
7 ms. Memory: 871936K Free: 794508K (91%)
----------------- Invoking toplevel() on ptolemy.moml.MoMLSimpleApplication@6a0dd618
----------------- Done invoking toplevel() on ptolemy.moml.MoMLSimpleApplication@6a0dd618
reloadAllAccessors: .TimedFSM

===========================================================================================
----------------- testing Wed Jun 06 18:36:47 UTC 2018 /home/travis/build/icyphy/ptII/ptolemy/domains/modal/test/auto/Timeout1.xml
----------------- Instantiating /home/travis/build/icyphy/ptII/ptolemy/domains/modal/test/auto/Timeout1.xml
3 ms. Memory: 871936K Free: 782214K (90%)
----------------- Invoking toplevel() on ptolemy.moml.MoMLSimpleApplication@6466615a
----------------- Done invoking toplevel() on ptolemy.moml.MoMLSimpleApplication@6466615a
reloadAllAccessors: .Timeout1

===========================================================================================
----------------- testing Wed Jun 06 18:36:47 UTC 2018 /home/travis/build/icyphy/ptII/ptolemy/domains/modal/test/auto/Timeout2.xml
----------------- Instantiating /home/travis/build/icyphy/ptII/ptolemy/domains/modal/test/auto/Timeout2.xml
5 ms. Memory: 871936K Free: 766580K (88%)
----------------- Invoking toplevel() on ptolemy.moml.MoMLSimpleApplication@1f2a01a2
----------------- Done invoking toplevel() on ptolemy.moml.MoMLSimpleApplication@1f2a01a2
reloadAllAccessors: .Timeout2

===========================================================================================
----------------- testing Wed Jun 06 18:36:47 UTC 2018 /home/travis/build/icyphy/ptII/ptolemy/domains/modal/test/auto/Timeout3.xml
----------------- Instantiating /home/travis/build/icyphy/ptII/ptolemy/domains/modal/test/auto/Timeout3.xml
6 ms. Memory: 871936K Free: 754286K (87%)
----------------- Invoking toplevel() on ptolemy.moml.MoMLSimpleApplication@940fa01
----------------- Done invoking toplevel() on ptolemy.moml.MoMLSimpleApplication@940fa01
reloadAllAccessors: .Timeout3

===========================================================================================
----------------- testing Wed Jun 06 18:36:47 UTC 2018 /home/travis/build/icyphy/ptII/ptolemy/domains/modal/test/auto/Timeout4.xml
----------------- Instantiating /home/travis/build/icyphy/ptII/ptolemy/domains/modal/test/auto/Timeout4.xml
2 ms. Memory: 871936K Free: 743869K (85%)
----------------- Invoking toplevel() on ptolemy.moml.MoMLSimpleApplication@212c7f80
----------------- Done invoking toplevel() on ptolemy.moml.MoMLSimpleApplication@212c7f80
reloadAllAccessors: .Timeout4

===========================================================================================
----------------- testing Wed Jun 06 18:36:47 UTC 2018 /home/travis/build/icyphy/ptII/ptolemy/domains/modal/test/auto/TransientstateModelAdvanced.xml
----------------- Instantiating /home/travis/build/icyphy/ptII/ptolemy/domains/modal/test/auto/TransientstateModelAdvanced.xml
3 ms. Memory: 871936K Free: 721157K (83%)
----------------- Invoking toplevel() on ptolemy.moml.MoMLSimpleApplication@7242bf3d
----------------- Done invoking toplevel() on ptolemy.moml.MoMLSimpleApplication@7242bf3d
reloadAllAccessors: .TransientstateModelAdvanced

===========================================================================================
----------------- testing Wed Jun 06 18:36:47 UTC 2018 /home/travis/build/icyphy/ptII/ptolemy/domains/modal/test/auto/TransientstateModelAdvanced2.xml
----------------- Instantiating /home/travis/build/icyphy/ptII/ptolemy/domains/modal/test/auto/TransientstateModelAdvanced2.xml
3 ms. Memory: 871936K Free: 700306K (80%)
----------------- Invoking toplevel() on ptolemy.moml.MoMLSimpleApplication@42933eee
----------------- Done invoking toplevel() on ptolemy.moml.MoMLSimpleApplication@42933eee
reloadAllAccessors: .transientstatemodelAdvanced

===========================================================================================
----------------- testing Wed Jun 06 18:36:47 UTC 2018 /home/travis/build/icyphy/ptII/ptolemy/domains/modal/test/auto/TransitionRefinements.xml
----------------- Instantiating /home/travis/build/icyphy/ptII/ptolemy/domains/modal/test/auto/TransitionRefinements.xml
11 ms. Memory: 871936K Free: 682804K (78%)
----------------- Invoking toplevel() on ptolemy.moml.MoMLSimpleApplication@74c5da0a
----------------- Done invoking toplevel() on ptolemy.moml.MoMLSimpleApplication@74c5da0a
reloadAllAccessors: .TransitionRefinements

===========================================================================================
----------------- testing Wed Jun 06 18:36:47 UTC 2018 /home/travis/build/icyphy/ptII/ptolemy/domains/modal/test/auto/TwoRefinements1.xml
----------------- Instantiating /home/travis/build/icyphy/ptII/ptolemy/domains/modal/test/auto/TwoRefinements1.xml
3 ms. Memory: 871936K Free: 667161K (77%)
----------------- Invoking toplevel() on ptolemy.moml.MoMLSimpleApplication@64388cbb
----------------- Done invoking toplevel() on ptolemy.moml.MoMLSimpleApplication@64388cbb
reloadAllAccessors: .TwoRefinements1

===========================================================================================
----------------- testing Wed Jun 06 18:36:47 UTC 2018 /home/travis/build/icyphy/ptII/ptolemy/domains/modal/test/auto/TwoRefinements2.xml
----------------- Instantiating /home/travis/build/icyphy/ptII/ptolemy/domains/modal/test/auto/TwoRefinements2.xml
2 ms. Memory: 871936K Free: 649643K (75%)
----------------- Invoking toplevel() on ptolemy.moml.MoMLSimpleApplication@310d1adb
----------------- Done invoking toplevel() on ptolemy.moml.MoMLSimpleApplication@310d1adb
reloadAllAccessors: .TwoRefinements2

===========================================================================================
----------------- testing Wed Jun 06 18:36:47 UTC 2018 /home/travis/build/icyphy/ptII/ptolemy/domains/modal/test/auto/WeakImmediateTransition.xml
----------------- Instantiating /home/travis/build/icyphy/ptII/ptolemy/domains/modal/test/auto/WeakImmediateTransition.xml
2 ms. Memory: 871936K Free: 634009K (73%)
----------------- Invoking toplevel() on ptolemy.moml.MoMLSimpleApplication@2a2c39d2
----------------- Done invoking toplevel() on ptolemy.moml.MoMLSimpleApplication@2a2c39d2
reloadAllAccessors: .WeakImmediateTransition

===========================================================================================
----------------- testing Wed Jun 06 18:36:47 UTC 2018 /home/travis/build/icyphy/ptII/ptolemy/domains/modal/test/auto/booleanSelect.xml
----------------- Instantiating /home/travis/build/icyphy/ptII/ptolemy/domains/modal/test/auto/booleanSelect.xml
27 ms. Memory: 871936K Free: 606040K (70%)
----------------- Invoking toplevel() on ptolemy.moml.MoMLSimpleApplication@45782505
----------------- Done invoking toplevel() on ptolemy.moml.MoMLSimpleApplication@45782505
reloadAllAccessors: .booleanSelect

===========================================================================================
----------------- testing Wed Jun 06 18:36:47 UTC 2018 /home/travis/build/icyphy/ptII/ptolemy/domains/modal/test/auto/modalChangingParams.xml
----------------- Instantiating /home/travis/build/icyphy/ptII/ptolemy/domains/modal/test/auto/modalChangingParams.xml
0
1
0
2
4
6
8
7
0
2
4
6
8
13
0
2
4
6
8
19
0
2
4
6
8
25
0
2
4
6
8
31
0
2
4
6
8
37
0
2
4
6
8
43
0
2
4
6
8
49
0
2
4
6
8
55
0
2
4
6
8
61
0
2
4
6
8
67
0
2
4
6
8
73
0
2
4
6
8
79
0
2
4
6
8
85
0
2
4
6
8
91
0
2
4
6
8
97
0
2
4
6
8
103
0
2
4
6
8
109
0
2
4
6
8
115
0
2
4
6
8
121
0
2
4
6
8
127
0
2
4
6
8
133
0
2
4
6
8
139
0
2
4
6
8
145
0
2
4
6
8
151
0
2
4
6
8
157
0
2
4
6
8
163
0
2
4
6
8
169
0
2
4
6
8
175
0
2
4
6
8
181
0
2
4
6
8
187
0
2
4
6
8
193
0
2
4
6
8
199
0
2
4
6
8
205
0
2
4
6
8
211
0
2
4
6
8
217
0
2
4
6
8
223
0
2
4
6
8
229
0
2
4
6
8
235
0
2
4
6
8
241
0
2
4
6
8
247
0
2
4
6
8
253
0
2
4
6
8
259
0
2
4
6
8
265
0
2
4
6
8
271
0
2
4
6
8
277
0
2
4
6
8
283
0
2
4
6
8
289
0
2
4
6
8
295
0
2
4
6
8
301
0
2
4
6
8
307
0
2
4
6
8
313
0
2
4
6
8
319
0
2
4
6
8
325
0
2
4
6
8
331
0
2
4
6
8
337
0
2
4
6
8
343
0
2
4
6
8
349
0
2
4
6
8
355
0
2
4
6
8
361
0
2
4
6
8
367
0
2
4
6
8
373
0
2
4
6
8
379
0
2
4
6
8
385
0
2
4
6
8
391
0
2
4
6
8
397
0
2
4
6
8
403
0
2
4
6
8
409
0
2
4
6
8
415
0
2
4
6
8
421
0
2
4
6
8
427
0
2
4
6
8
433
0
2
4
6
8
439
0
2
4
6
8
445
0
2
4
6
8
451
0
2
4
6
8
457
0
2
4
6
8
463
0
2
4
6
8
469
0
2
4
6
8
475
0
2
4
6
8
481
0
2
4
6
8
487
0
2
4
6
8
493
0
2
4
6
8
499
0
2
4
6
8
505
0
2
4
6
8
511
0
2
4
6
8
517
0
2
4
6
8
523
0
2
4
6
8
529
0
2
4
6
8
535
0
2
4
6
8
541
0
2
4
6
8
547
0
2
4
6
8
553
0
2
4
6
8
559
0
2
4
6
8
565
0
2
4
6
8
571
0
2
4
6
8
577
0
2
4
6
8
583
0
2
4
6
8
589
0
2
4
6
8
595
0
2
4
6
8
601
0
2
4
6
8
607
0
2
4
6
8
613
0
2
4
6
8
619
0
2
4
6
8
625
0
2
4
6
8
631
0
2
4
6
8
637
0
2
4
6
8
643
0
2
4
6
8
649
0
2
4
6
8
655
0
2
4
6
8
661
0
2
4
6
8
667
0
2
4
6
8
673
0
2
4
6
8
679
0
2
4
6
8
685
0
2
4
6
8
691
0
2
4
6
8
697
0
2
4
6
8
703
0
2
4
6
8
709
0
2
4
6
8
715
0
2
4
6
8
721
0
2
4
6
8
727
0
2
4
6
8
733
0
2
4
6
8
739
0
2
4
6
8
745
0
2
4
6
8
751
0
2
4
6
8
757
0
2
4
6
8
763
0
2
4
6
8
769
0
2
4
6
8
775
0
2
4
6
8
781
0
2
4
6
8
787
0
2
4
6
8
793
0
2
4
6
8
799
0
2
4
6
8
805
0
2
4
6
8
811
0
2
4
6
8
817
0
2
4
6
8
823
0
2
4
6
8
829
0
2
4
6
8
835
0
2
4
6
8
841
0
2
4
6
8
847
0
2
4
6
8
853
0
2
4
6
8
859
0
2
4
6
8
865
0
2
4
6
8
871
0
2
4
6
8
877
0
2
4
6
8
883
0
2
4
6
8
889
0
2
4
6
8
895
0
2
4
6
8
901
0
2
4
6
8
907
0
2
4
6
8
913
0
2
4
6
8
919
0
2
4
6
8
925
0
2
4
6
8
931
0
2
4
6
8
937
0
2
4
6
8
943
0
2
4
6
8
949
0
2
4
6
8
955
0
2
4
6
8
961
0
2
4
6
8
967
0
2
4
6
8
973
0
2
4
6
8
979
0
2
4
6
8
985
0
2
4
6
8
991
0
2
4
6
8
997
0
2
227 ms. Memory: 871936K Free: 486054K (56%)
----------------- Invoking toplevel() on ptolemy.moml.MoMLSimpleApplication@dd3c824
----------------- Done invoking toplevel() on ptolemy.moml.MoMLSimpleApplication@dd3c824
reloadAllAccessors: .modalChangingParams

===========================================================================================
----------------- testing Wed Jun 06 18:36:47 UTC 2018 /home/travis/build/icyphy/ptII/ptolemy/domains/modal/test/auto/modalModel.xml
----------------- Instantiating /home/travis/build/icyphy/ptII/ptolemy/domains/modal/test/auto/modalModel.xml
5 ms. Memory: 871936K Free: 468535K (54%)
----------------- Invoking toplevel() on ptolemy.moml.MoMLSimpleApplication@641d7679
----------------- Done invoking toplevel() on ptolemy.moml.MoMLSimpleApplication@641d7679
reloadAllAccessors: .modalModel

===========================================================================================
----------------- testing Wed Jun 06 18:36:47 UTC 2018 /home/travis/build/icyphy/ptII/ptolemy/domains/modal/test/auto/modalModel2.xml
----------------- Instantiating /home/travis/build/icyphy/ptII/ptolemy/domains/modal/test/auto/modalModel2.xml
6 ms. Memory: 871936K Free: 452893K (52%)
----------------- Invoking toplevel() on ptolemy.moml.MoMLSimpleApplication@56d6e0df
----------------- Done invoking toplevel() on ptolemy.moml.MoMLSimpleApplication@56d6e0df
reloadAllAccessors: .modalModel2

===========================================================================================
----------------- testing Wed Jun 06 18:36:47 UTC 2018 /home/travis/build/icyphy/ptII/ptolemy/domains/modal/test/auto/modalModel3.xml
----------------- Instantiating /home/travis/build/icyphy/ptII/ptolemy/domains/modal/test/auto/modalModel3.xml
0	0	0
3	2	1
6	4	2
9	6	3
4	0	4
7	2	5
10	4	6
13	6	7
8	0	8
11	2	9
14	4	10
17	6	11
12	0	12
15	2	13
18	4	14
11 ms. Memory: 871936K Free: 432034K (50%)
----------------- Invoking toplevel() on ptolemy.moml.MoMLSimpleApplication@1aada157
----------------- Done invoking toplevel() on ptolemy.moml.MoMLSimpleApplication@1aada157
reloadAllAccessors: .modalModel3

===========================================================================================
----------------- testing Wed Jun 06 18:36:47 UTC 2018 /home/travis/build/icyphy/ptII/ptolemy/domains/modal/test/auto/model1.xml
----------------- Instantiating /home/travis/build/icyphy/ptII/ptolemy/domains/modal/test/auto/model1.xml
9 ms. Memory: 871936K Free: 419740K (48%)
----------------- Invoking toplevel() on ptolemy.moml.MoMLSimpleApplication@77c26271
----------------- Done invoking toplevel() on ptolemy.moml.MoMLSimpleApplication@77c26271
reloadAllAccessors: .model1

===========================================================================================
----------------- testing Wed Jun 06 18:36:47 UTC 2018 /home/travis/build/icyphy/ptII/ptolemy/domains/modal/test/auto/test-direct-in-out.xml
----------------- Instantiating /home/travis/build/icyphy/ptII/ptolemy/domains/modal/test/auto/test-direct-in-out.xml
5 ms. Memory: 871936K Free: 404098K (46%)
----------------- Invoking toplevel() on ptolemy.moml.MoMLSimpleApplication@4c3a8992
----------------- Done invoking toplevel() on ptolemy.moml.MoMLSimpleApplication@4c3a8992
reloadAllAccessors: .test-direct-in-out
AutoTests.java: About to close Vertx.
AutoTests.java: Vertx closed.
]]></system-out>
  <system-err><![CDATA[java.lang.RuntimeException: Execution failed
	at ptolemy.moml.MoMLSimpleApplication$UnloadThread.run(MoMLSimpleApplication.java:402)
Caused by: ptolemy.kernel.util.IllegalActionException: Unknown inputs remain. Possible causality loop:
L_model_1893289564i

  in .CannotAnalysisWithPreemption.model_1893289564_region_1 and .CannotAnalysisWithPreemption.model_1893289564_region_1.L_model_1893289564i
	at ptolemy.actor.sched.FixedPointDirector.postfire(FixedPointDirector.java:515)
	at ptolemy.domains.sr.kernel.SRDirector.postfire(SRDirector.java:417)
	at ptolemy.actor.CompositeActor.postfire(CompositeActor.java:1668)
	at ptolemy.actor.Manager.iterate(Manager.java:852)
	at ptolemy.actor.Manager.execute(Manager.java:369)
	at ptolemy.actor.Manager.run(Manager.java:1263)
	at ptolemy.actor.Manager$PtolemyRunThread.run(Manager.java:1915)
java.lang.reflect.InvocationTargetException
	at sun.reflect.NativeConstructorAccessorImpl.newInstance0(Native Method)
	at sun.reflect.NativeConstructorAccessorImpl.newInstance(NativeConstructorAccessorImpl.java:62)
	at sun.reflect.DelegatingConstructorAccessorImpl.newInstance(DelegatingConstructorAccessorImpl.java:45)
	at java.lang.reflect.Constructor.newInstance(Constructor.java:423)
	at ptolemy.util.test.junit.AutoKnownFailedTests.RunModel(AutoKnownFailedTests.java:107)
	at sun.reflect.NativeMethodAccessorImpl.invoke0(Native Method)
	at sun.reflect.NativeMethodAccessorImpl.invoke(NativeMethodAccessorImpl.java:62)
	at sun.reflect.DelegatingMethodAccessorImpl.invoke(DelegatingMethodAccessorImpl.java:43)
	at java.lang.reflect.Method.invoke(Method.java:498)
	at org.junit.runners.model.FrameworkMethod$1.runReflectiveCall(FrameworkMethod.java:44)
	at org.junit.internal.runners.model.ReflectiveCallable.run(ReflectiveCallable.java:15)
	at org.junit.runners.model.FrameworkMethod.invokeExplosively(FrameworkMethod.java:41)
	at junitparams.internal.InvokeParameterisedMethod.evaluate(InvokeParameterisedMethod.java:102)
	at org.junit.internal.runners.statements.FailOnTimeout$1.run(FailOnTimeout.java:28)
Caused by: ptolemy.kernel.util.IllegalActionException: Unknown inputs remain. Possible causality loop:
L_model_1893289564i

  in .CannotAnalysisWithPreemption.model_1893289564_region_1 and .CannotAnalysisWithPreemption.model_1893289564_region_1.L_model_1893289564i
	at ptolemy.actor.sched.FixedPointDirector.postfire(FixedPointDirector.java:515)
	at ptolemy.domains.sr.kernel.SRDirector.postfire(SRDirector.java:417)
	at ptolemy.actor.CompositeActor.postfire(CompositeActor.java:1668)
	at ptolemy.actor.Manager.iterate(Manager.java:852)
	at ptolemy.actor.Manager.execute(Manager.java:369)
	at ptolemy.actor.Manager.run(Manager.java:1263)
	at ptolemy.actor.Manager$PtolemyRunThread.run(Manager.java:1915)
]]></system-err>
</testsuite>
