<?xml version="1.0" encoding="UTF-8" ?>
<testsuite errors="0" failures="0" hostname="travis-job-45e23703-afb9-4d99-8d53-9a06111e50aa" name="ptolemy.domains.continuous.test.junit.JUnitTclTest" skipped="0" tests="156" time="68.879" timestamp="2020-05-04T14:08:28">
  <properties>
[...]
</properties>
  <testcase classname="ptolemy.util.test.junit.TclTests" name="[0] ThereAreNoTclTests (RunTclFile)" time="0.007" />
  <testcase classname="ptolemy.util.test.junit.AutoKnownFailedTests" name="[0] ThereAreNoKnowFailedTests (RunModel)" time="0.001" />
  <testcase classname="ptolemy.util.test.junit.AutoNameArchTests" name="[0] ThereAreNoAutoArchTests (RunModel)" time="0.008" />
  <testcase classname="ptolemy.util.test.junit.AutoTests" name="[0] /home/travis/build/icyphy/ptII/ptolemy/domains/continuous/test/auto/BouncingBall.xml (RunModel)" time="2.742" />
  <testcase classname="ptolemy.util.test.junit.AutoTests" name="[1] /home/travis/build/icyphy/ptII/ptolemy/domains/continuous/test/auto/BouncingBallWithoutGR.xml (RunModel)" time="0.781" />
  <testcase classname="ptolemy.util.test.junit.AutoTests" name="[2] /home/travis/build/icyphy/ptII/ptolemy/domains/continuous/test/auto/Brownian.xml (RunModel)" time="0.146" />
  <testcase classname="ptolemy.util.test.junit.AutoTests" name="[3] /home/travis/build/icyphy/ptII/ptolemy/domains/continuous/test/auto/CarTracking.xml (RunModel)" time="3.818" />
  <testcase classname="ptolemy.util.test.junit.AutoTests" name="[4] /home/travis/build/icyphy/ptII/ptolemy/domains/continuous/test/auto/CartPendulum.xml (RunModel)" time="0.434" />
  <testcase classname="ptolemy.util.test.junit.AutoTests" name="[5] /home/travis/build/icyphy/ptII/ptolemy/domains/continuous/test/auto/CausalityInterface10.xml (RunModel)" time="0.048" />
  <testcase classname="ptolemy.util.test.junit.AutoTests" name="[6] /home/travis/build/icyphy/ptII/ptolemy/domains/continuous/test/auto/CausalityInterface11.xml (RunModel)" time="0.032" />
  <testcase classname="ptolemy.util.test.junit.AutoTests" name="[7] /home/travis/build/icyphy/ptII/ptolemy/domains/continuous/test/auto/CausalityInterface12.xml (RunModel)" time="0.034" />
  <testcase classname="ptolemy.util.test.junit.AutoTests" name="[8] /home/travis/build/icyphy/ptII/ptolemy/domains/continuous/test/auto/CausalityInterface13.xml (RunModel)" time="0.027" />
  <testcase classname="ptolemy.util.test.junit.AutoTests" name="[9] /home/travis/build/icyphy/ptII/ptolemy/domains/continuous/test/auto/CausalityInterface14.xml (RunModel)" time="0.022" />
  <testcase classname="ptolemy.util.test.junit.AutoTests" name="[10] /home/travis/build/icyphy/ptII/ptolemy/domains/continuous/test/auto/CausalityInterface4.xml (RunModel)" time="0.021" />
  <testcase classname="ptolemy.util.test.junit.AutoTests" name="[11] /home/travis/build/icyphy/ptII/ptolemy/domains/continuous/test/auto/CausalityInterface5.xml (RunModel)" time="0.021" />
  <testcase classname="ptolemy.util.test.junit.AutoTests" name="[12] /home/travis/build/icyphy/ptII/ptolemy/domains/continuous/test/auto/CausalityInterface6.xml (RunModel)" time="0.021" />
  <testcase classname="ptolemy.util.test.junit.AutoTests" name="[13] /home/travis/build/icyphy/ptII/ptolemy/domains/continuous/test/auto/CausalityInterface7.xml (RunModel)" time="0.035" />
  <testcase classname="ptolemy.util.test.junit.AutoTests" name="[14] /home/travis/build/icyphy/ptII/ptolemy/domains/continuous/test/auto/CausalityInterface8.xml (RunModel)" time="0.033" />
  <testcase classname="ptolemy.util.test.junit.AutoTests" name="[15] /home/travis/build/icyphy/ptII/ptolemy/domains/continuous/test/auto/CausalityInterface9.xml (RunModel)" time="0.037" />
  <testcase classname="ptolemy.util.test.junit.AutoTests" name="[16] /home/travis/build/icyphy/ptII/ptolemy/domains/continuous/test/auto/CausalityInterfaceFeedback1.xml (RunModel)" time="0.017" />
  <testcase classname="ptolemy.util.test.junit.AutoTests" name="[17] /home/travis/build/icyphy/ptII/ptolemy/domains/continuous/test/auto/CausalityInterfaceFeedback2.xml (RunModel)" time="0.024" />
  <testcase classname="ptolemy.util.test.junit.AutoTests" name="[18] /home/travis/build/icyphy/ptII/ptolemy/domains/continuous/test/auto/CompareWithCurrentTime.xml (RunModel)" time="0.011" />
  <testcase classname="ptolemy.util.test.junit.AutoTests" name="[19] /home/travis/build/icyphy/ptII/ptolemy/domains/continuous/test/auto/ComparedClocks.xml (RunModel)" time="0.057" />
  <testcase classname="ptolemy.util.test.junit.AutoTests" name="[20] /home/travis/build/icyphy/ptII/ptolemy/domains/continuous/test/auto/ContinuousAOCClone.xml (RunModel)" time="2.389" />
  <testcase classname="ptolemy.util.test.junit.AutoTests" name="[21] /home/travis/build/icyphy/ptII/ptolemy/domains/continuous/test/auto/ContinuousClock.xml (RunModel)" time="0.103" />
  <testcase classname="ptolemy.util.test.junit.AutoTests" name="[22] /home/travis/build/icyphy/ptII/ptolemy/domains/continuous/test/auto/ContinuousInContinuous.xml (RunModel)" time="0.081" />
  <testcase classname="ptolemy.util.test.junit.AutoTests" name="[23] /home/travis/build/icyphy/ptII/ptolemy/domains/continuous/test/auto/ContinuousInContinuousInContinuous.xml (RunModel)" time="0.021" />
  <testcase classname="ptolemy.util.test.junit.AutoTests" name="[24] /home/travis/build/icyphy/ptII/ptolemy/domains/continuous/test/auto/ContinuousInDE.xml (RunModel)" time="0.11" />
  <testcase classname="ptolemy.util.test.junit.AutoTests" name="[25] /home/travis/build/icyphy/ptII/ptolemy/domains/continuous/test/auto/ContinuousInDE2.xml (RunModel)" time="0.049" />
  <testcase classname="ptolemy.util.test.junit.AutoTests" name="[26] /home/travis/build/icyphy/ptII/ptolemy/domains/continuous/test/auto/ContinuousInDE3.xml (RunModel)" time="0.059" />
  <testcase classname="ptolemy.util.test.junit.AutoTests" name="[27] /home/travis/build/icyphy/ptII/ptolemy/domains/continuous/test/auto/ContinuousInDE4.xml (RunModel)" time="0.027" />
  <testcase classname="ptolemy.util.test.junit.AutoTests" name="[28] /home/travis/build/icyphy/ptII/ptolemy/domains/continuous/test/auto/ContinuousInDEDifferentRefinements.xml (RunModel)" time="0.091" />
  <testcase classname="ptolemy.util.test.junit.AutoTests" name="[29] /home/travis/build/icyphy/ptII/ptolemy/domains/continuous/test/auto/ContinuousInDEDifferentRefinementsPreemptive.xml (RunModel)" time="0.097" />
  <testcase classname="ptolemy.util.test.junit.AutoTests" name="[30] /home/travis/build/icyphy/ptII/ptolemy/domains/continuous/test/auto/ContinuousInDEInContinuous2.xml (RunModel)" time="0.054" />
  <testcase classname="ptolemy.util.test.junit.AutoTests" name="[31] /home/travis/build/icyphy/ptII/ptolemy/domains/continuous/test/auto/ContinuousInDEInContinuous3.xml (RunModel)" time="0.053" />
  <testcase classname="ptolemy.util.test.junit.AutoTests" name="[32] /home/travis/build/icyphy/ptII/ptolemy/domains/continuous/test/auto/ContinuousInDEInput.xml (RunModel)" time="0.032" />
  <testcase classname="ptolemy.util.test.junit.AutoTests" name="[33] /home/travis/build/icyphy/ptII/ptolemy/domains/continuous/test/auto/ContinuousInDEInput2.xml (RunModel)" time="0.032" />
  <testcase classname="ptolemy.util.test.junit.AutoTests" name="[34] /home/travis/build/icyphy/ptII/ptolemy/domains/continuous/test/auto/ContinuousInDEInput3.xml (RunModel)" time="0.025" />
  <testcase classname="ptolemy.util.test.junit.AutoTests" name="[35] /home/travis/build/icyphy/ptII/ptolemy/domains/continuous/test/auto/ContinuousInDESharingRefinement.xml (RunModel)" time="0.165" />
  <testcase classname="ptolemy.util.test.junit.AutoTests" name="[36] /home/travis/build/icyphy/ptII/ptolemy/domains/continuous/test/auto/ContinuousInDEwithNoPorts.xml (RunModel)" time="0.018" />
  <testcase classname="ptolemy.util.test.junit.AutoTests" name="[37] /home/travis/build/icyphy/ptII/ptolemy/domains/continuous/test/auto/ContinuousInsideDE.xml (RunModel)" time="0.069" />
  <testcase classname="ptolemy.util.test.junit.AutoTests" name="[38] /home/travis/build/icyphy/ptII/ptolemy/domains/continuous/test/auto/ContinuousMerge1.xml (RunModel)" time="0.018" />
  <testcase classname="ptolemy.util.test.junit.AutoTests" name="[39] /home/travis/build/icyphy/ptII/ptolemy/domains/continuous/test/auto/ContinuousMerge2.xml (RunModel)" time="0.039" />
  <testcase classname="ptolemy.util.test.junit.AutoTests" name="[40] /home/travis/build/icyphy/ptII/ptolemy/domains/continuous/test/auto/ContinuousMerge3.xml (RunModel)" time="0.057" />
  <testcase classname="ptolemy.util.test.junit.AutoTests" name="[41] /home/travis/build/icyphy/ptII/ptolemy/domains/continuous/test/auto/ContinuousWithinContinuous.xml (RunModel)" time="0.04" />
  <testcase classname="ptolemy.util.test.junit.AutoTests" name="[42] /home/travis/build/icyphy/ptII/ptolemy/domains/continuous/test/auto/ContinuousWithinContinuous2.xml (RunModel)" time="0.065" />
  <testcase classname="ptolemy.util.test.junit.AutoTests" name="[43] /home/travis/build/icyphy/ptII/ptolemy/domains/continuous/test/auto/ContinuousWithinContinuous3.xml (RunModel)" time="0.025" />
  <testcase classname="ptolemy.util.test.junit.AutoTests" name="[44] /home/travis/build/icyphy/ptII/ptolemy/domains/continuous/test/auto/ContinuousWithinContinuous4.xml (RunModel)" time="0.064" />
  <testcase classname="ptolemy.util.test.junit.AutoTests" name="[45] /home/travis/build/icyphy/ptII/ptolemy/domains/continuous/test/auto/ContinuousWithinContinuous5.xml (RunModel)" time="0.023" />
  <testcase classname="ptolemy.util.test.junit.AutoTests" name="[46] /home/travis/build/icyphy/ptII/ptolemy/domains/continuous/test/auto/ContinuousWithinContinuous6.xml (RunModel)" time="0.026" />
  <testcase classname="ptolemy.util.test.junit.AutoTests" name="[47] /home/travis/build/icyphy/ptII/ptolemy/domains/continuous/test/auto/ContinuousWithinContinuous7.xml (RunModel)" time="0.058" />
  <testcase classname="ptolemy.util.test.junit.AutoTests" name="[48] /home/travis/build/icyphy/ptII/ptolemy/domains/continuous/test/auto/DCMotor.xml (RunModel)" time="12.752" />
  <testcase classname="ptolemy.util.test.junit.AutoTests" name="[49] /home/travis/build/icyphy/ptII/ptolemy/domains/continuous/test/auto/DEInContinuous.xml (RunModel)" time="0.043" />
  <testcase classname="ptolemy.util.test.junit.AutoTests" name="[50] /home/travis/build/icyphy/ptII/ptolemy/domains/continuous/test/auto/DEinContinuous2.xml (RunModel)" time="0.027" />
  <testcase classname="ptolemy.util.test.junit.AutoTests" name="[51] /home/travis/build/icyphy/ptII/ptolemy/domains/continuous/test/auto/Derivative.xml (RunModel)" time="0.217" />
  <testcase classname="ptolemy.util.test.junit.AutoTests" name="[52] /home/travis/build/icyphy/ptII/ptolemy/domains/continuous/test/auto/Derivative1.xml (RunModel)" time="0.065" />
  <testcase classname="ptolemy.util.test.junit.AutoTests" name="[53] /home/travis/build/icyphy/ptII/ptolemy/domains/continuous/test/auto/DiscreteClock.xml (RunModel)" time="0.012" />
  <testcase classname="ptolemy.util.test.junit.AutoTests" name="[54] /home/travis/build/icyphy/ptII/ptolemy/domains/continuous/test/auto/EfficiencyCurve.xml (RunModel)" time="0.151" />
  <testcase classname="ptolemy.util.test.junit.AutoTests" name="[55] /home/travis/build/icyphy/ptII/ptolemy/domains/continuous/test/auto/ExponentialResponse.xml (RunModel)" time="0.108" />
  <testcase classname="ptolemy.util.test.junit.AutoTests" name="[56] /home/travis/build/icyphy/ptII/ptolemy/domains/continuous/test/auto/ExponentialResponseRK45.xml (RunModel)" time="0.034" />
  <testcase classname="ptolemy.util.test.junit.AutoTests" name="[57] /home/travis/build/icyphy/ptII/ptolemy/domains/continuous/test/auto/Friction.xml (RunModel)" time="1.628" />
  <testcase classname="ptolemy.util.test.junit.AutoTests" name="[58] /home/travis/build/icyphy/ptII/ptolemy/domains/continuous/test/auto/FurutaPendulum.xml (RunModel)" time="3.098" />
  <testcase classname="ptolemy.util.test.junit.AutoTests" name="[59] /home/travis/build/icyphy/ptII/ptolemy/domains/continuous/test/auto/HierarchicalExecution.xml (RunModel)" time="2.078" />
  <testcase classname="ptolemy.util.test.junit.AutoTests" name="[60] /home/travis/build/icyphy/ptII/ptolemy/domains/continuous/test/auto/HybridPlant.xml (RunModel)" time="0.487" />
  <testcase classname="ptolemy.util.test.junit.AutoTests" name="[61] /home/travis/build/icyphy/ptII/ptolemy/domains/continuous/test/auto/Hysteresis.xml (RunModel)" time="0.167" />
  <testcase classname="ptolemy.util.test.junit.AutoTests" name="[62] /home/travis/build/icyphy/ptII/ptolemy/domains/continuous/test/auto/HysteresisWithRandomDelay.xml (RunModel)" time="0.21" />
  <testcase classname="ptolemy.util.test.junit.AutoTests" name="[63] /home/travis/build/icyphy/ptII/ptolemy/domains/continuous/test/auto/HysteresisWithRandomLosses.xml (RunModel)" time="2.269" />
  <testcase classname="ptolemy.util.test.junit.AutoTests" name="[64] /home/travis/build/icyphy/ptII/ptolemy/domains/continuous/test/auto/ImmediateTransitions.xml (RunModel)" time="0.041" />
  <testcase classname="ptolemy.util.test.junit.AutoTests" name="[65] /home/travis/build/icyphy/ptII/ptolemy/domains/continuous/test/auto/ImpulseFeedback.xml (RunModel)" time="0.019" />
  <testcase classname="ptolemy.util.test.junit.AutoTests" name="[66] /home/travis/build/icyphy/ptII/ptolemy/domains/continuous/test/auto/ImpulseFeedback2.xml (RunModel)" time="0.014" />
  <testcase classname="ptolemy.util.test.junit.AutoTests" name="[67] /home/travis/build/icyphy/ptII/ptolemy/domains/continuous/test/auto/IncreasingRatePoisson.xml (RunModel)" time="0.72" />
  <testcase classname="ptolemy.util.test.junit.AutoTests" name="[68] /home/travis/build/icyphy/ptII/ptolemy/domains/continuous/test/auto/InitialStateFeedback.xml (RunModel)" time="0.018" />
  <testcase classname="ptolemy.util.test.junit.AutoTests" name="[69] /home/travis/build/icyphy/ptII/ptolemy/domains/continuous/test/auto/Integration.xml (RunModel)" time="0.008" />
  <testcase classname="ptolemy.util.test.junit.AutoTests" name="[70] /home/travis/build/icyphy/ptII/ptolemy/domains/continuous/test/auto/Integration2.xml (RunModel)" time="0.083" />
  <testcase classname="ptolemy.util.test.junit.AutoTests" name="[71] /home/travis/build/icyphy/ptII/ptolemy/domains/continuous/test/auto/Integration3.xml (RunModel)" time="0.026" />
  <testcase classname="ptolemy.util.test.junit.AutoTests" name="[72] /home/travis/build/icyphy/ptII/ptolemy/domains/continuous/test/auto/Integration5.xml (RunModel)" time="0.01" />
  <testcase classname="ptolemy.util.test.junit.AutoTests" name="[73] /home/travis/build/icyphy/ptII/ptolemy/domains/continuous/test/auto/IntegratorImpulse.xml (RunModel)" time="0.008" />
  <testcase classname="ptolemy.util.test.junit.AutoTests" name="[74] /home/travis/build/icyphy/ptII/ptolemy/domains/continuous/test/auto/IntegratorImpulse2.xml (RunModel)" time="0.01" />
  <testcase classname="ptolemy.util.test.junit.AutoTests" name="[75] /home/travis/build/icyphy/ptII/ptolemy/domains/continuous/test/auto/LevelCrossing1.xml (RunModel)" time="0.015" />
  <testcase classname="ptolemy.util.test.junit.AutoTests" name="[76] /home/travis/build/icyphy/ptII/ptolemy/domains/continuous/test/auto/LevelCrossing2.xml (RunModel)" time="0.025" />
  <testcase classname="ptolemy.util.test.junit.AutoTests" name="[77] /home/travis/build/icyphy/ptII/ptolemy/domains/continuous/test/auto/LevelCrossing3.xml (RunModel)" time="0.011" />
  <testcase classname="ptolemy.util.test.junit.AutoTests" name="[78] /home/travis/build/icyphy/ptII/ptolemy/domains/continuous/test/auto/LevelCrossing4.xml (RunModel)" time="0.012" />
  <testcase classname="ptolemy.util.test.junit.AutoTests" name="[79] /home/travis/build/icyphy/ptII/ptolemy/domains/continuous/test/auto/LevelCrossing5.xml (RunModel)" time="0.015" />
  <testcase classname="ptolemy.util.test.junit.AutoTests" name="[80] /home/travis/build/icyphy/ptII/ptolemy/domains/continuous/test/auto/LevelCrossing6.xml (RunModel)" time="0.012" />
  <testcase classname="ptolemy.util.test.junit.AutoTests" name="[81] /home/travis/build/icyphy/ptII/ptolemy/domains/continuous/test/auto/LevelCrossingDetector.xml (RunModel)" time="0.035" />
  <testcase classname="ptolemy.util.test.junit.AutoTests" name="[82] /home/travis/build/icyphy/ptII/ptolemy/domains/continuous/test/auto/LevelCrossingDetectorDetectingDirections.xml (RunModel)" time="0.081" />
  <testcase classname="ptolemy.util.test.junit.AutoTests" name="[83] /home/travis/build/icyphy/ptII/ptolemy/domains/continuous/test/auto/LevelCrossingDetectorDetectsGlitches.xml (RunModel)" time="0.061" />
  <testcase classname="ptolemy.util.test.junit.AutoTests" name="[84] /home/travis/build/icyphy/ptII/ptolemy/domains/continuous/test/auto/LevelCrossingNoInitialOuput.xml (RunModel)" time="0.013" />
  <testcase classname="ptolemy.util.test.junit.AutoTests" name="[85] /home/travis/build/icyphy/ptII/ptolemy/domains/continuous/test/auto/LinearStateSpaceExample.xml (RunModel)" time="0.062" />
  <testcase classname="ptolemy.util.test.junit.AutoTests" name="[86] /home/travis/build/icyphy/ptII/ptolemy/domains/continuous/test/auto/Lorenz.xml (RunModel)" time="3.352" />
  <testcase classname="ptolemy.util.test.junit.AutoTests" name="[87] /home/travis/build/icyphy/ptII/ptolemy/domains/continuous/test/auto/LorenzDifferentialSystem.xml (RunModel)" time="0.948" />
  <testcase classname="ptolemy.util.test.junit.AutoTests" name="[88] /home/travis/build/icyphy/ptII/ptolemy/domains/continuous/test/auto/LorenzDifferentialSystemWithInput.xml (RunModel)" time="1.162" />
  <testcase classname="ptolemy.util.test.junit.AutoTests" name="[89] /home/travis/build/icyphy/ptII/ptolemy/domains/continuous/test/auto/LorenzDifferentialSystemWithTime.xml (RunModel)" time="0.695" />
  <testcase classname="ptolemy.util.test.junit.AutoTests" name="[90] /home/travis/build/icyphy/ptII/ptolemy/domains/continuous/test/auto/Microsteps.xml (RunModel)" time="0.016" />
  <testcase classname="ptolemy.util.test.junit.AutoTests" name="[91] /home/travis/build/icyphy/ptII/ptolemy/domains/continuous/test/auto/Modal1.xml (RunModel)" time="0.037" />
  <testcase classname="ptolemy.util.test.junit.AutoTests" name="[92] /home/travis/build/icyphy/ptII/ptolemy/domains/continuous/test/auto/Modal2.xml (RunModel)" time="0.053" />
  <testcase classname="ptolemy.util.test.junit.AutoTests" name="[93] /home/travis/build/icyphy/ptII/ptolemy/domains/continuous/test/auto/ModalTransitionGuardWithReset.xml (RunModel)" time="0.024" />
  <testcase classname="ptolemy.util.test.junit.AutoTests" name="[94] /home/travis/build/icyphy/ptII/ptolemy/domains/continuous/test/auto/ModalTransitionGuardWithResetUsingPreemptiveTransition.xml (RunModel)" time="0.021" />
  <testcase classname="ptolemy.util.test.junit.AutoTests" name="[95] /home/travis/build/icyphy/ptII/ptolemy/domains/continuous/test/auto/ModalTransitionGuardWithResetUsingPreemptiveTransition2.xml (RunModel)" time="0.024" />
  <testcase classname="ptolemy.util.test.junit.AutoTests" name="[96] /home/travis/build/icyphy/ptII/ptolemy/domains/continuous/test/auto/ModalTransitionGuardWithResetUsingPreemptiveTransition3.xml (RunModel)" time="0.025" />
  <testcase classname="ptolemy.util.test.junit.AutoTests" name="[97] /home/travis/build/icyphy/ptII/ptolemy/domains/continuous/test/auto/NewtonsCradle.xml (RunModel)" time="0.748" />
  <testcase classname="ptolemy.util.test.junit.AutoTests" name="[98] /home/travis/build/icyphy/ptII/ptolemy/domains/continuous/test/auto/NewtonsCradleAnimated.xml (RunModel)" time="1.205" />
  <testcase classname="ptolemy.util.test.junit.AutoTests" name="[99] /home/travis/build/icyphy/ptII/ptolemy/domains/continuous/test/auto/NewtonsCradleComplicated.xml (RunModel)" time="0.901" />
  <testcase classname="ptolemy.util.test.junit.AutoTests" name="[100] /home/travis/build/icyphy/ptII/ptolemy/domains/continuous/test/auto/NewtonsCradleNondeterministic.xml (RunModel)" time="0.685" />
  <testcase classname="ptolemy.util.test.junit.AutoTests" name="[101] /home/travis/build/icyphy/ptII/ptolemy/domains/continuous/test/auto/NewtonsCradlePerfectlyInelastic1.xml (RunModel)" time="1.14" />
  <testcase classname="ptolemy.util.test.junit.AutoTests" name="[102] /home/travis/build/icyphy/ptII/ptolemy/domains/continuous/test/auto/Noise.xml (RunModel)" time="0.182" />
  <testcase classname="ptolemy.util.test.junit.AutoTests" name="[103] /home/travis/build/icyphy/ptII/ptolemy/domains/continuous/test/auto/NoiseSpectrum.xml (RunModel)" time="0.686" />
  <testcase classname="ptolemy.util.test.junit.AutoTests" name="[104] /home/travis/build/icyphy/ptII/ptolemy/domains/continuous/test/auto/ParameterizedNewtonsCradleAnimated.xml (RunModel)" time="0.345" />
  <testcase classname="ptolemy.util.test.junit.AutoTests" name="[105] /home/travis/build/icyphy/ptII/ptolemy/domains/continuous/test/auto/ParameterizedNewtonsCradleAnimatedNondeterministic.xml (RunModel)" time="1.097" />
  <testcase classname="ptolemy.util.test.junit.AutoTests" name="[106] /home/travis/build/icyphy/ptII/ptolemy/domains/continuous/test/auto/Pendulum3D.xml (RunModel)" time="0.156" />
  <testcase classname="ptolemy.util.test.junit.AutoTests" name="[107] /home/travis/build/icyphy/ptII/ptolemy/domains/continuous/test/auto/PeriodicSampler.xml (RunModel)" time="0.013" />
  <testcase classname="ptolemy.util.test.junit.AutoTests" name="[108] /home/travis/build/icyphy/ptII/ptolemy/domains/continuous/test/auto/PeriodicSampler1.xml (RunModel)" time="0.037" />
  <testcase classname="ptolemy.util.test.junit.AutoTests" name="[109] /home/travis/build/icyphy/ptII/ptolemy/domains/continuous/test/auto/PeriodicSampler2.xml (RunModel)" time="0.07" />
  <testcase classname="ptolemy.util.test.junit.AutoTests" name="[110] /home/travis/build/icyphy/ptII/ptolemy/domains/continuous/test/auto/Poisson.xml (RunModel)" time="0.428" />
  <testcase classname="ptolemy.util.test.junit.AutoTests" name="[111] /home/travis/build/icyphy/ptII/ptolemy/domains/continuous/test/auto/PoissonClock.xml (RunModel)" time="0.015" />
  <testcase classname="ptolemy.util.test.junit.AutoTests" name="[112] /home/travis/build/icyphy/ptII/ptolemy/domains/continuous/test/auto/PoissonClock2.xml (RunModel)" time="0.01" />
  <testcase classname="ptolemy.util.test.junit.AutoTests" name="[113] /home/travis/build/icyphy/ptII/ptolemy/domains/continuous/test/auto/PortParameterHierarchy.xml (RunModel)" time="0.023" />
  <testcase classname="ptolemy.util.test.junit.AutoTests" name="[114] /home/travis/build/icyphy/ptII/ptolemy/domains/continuous/test/auto/RandomHybridPlant.xml (RunModel)" time="0.54" />
  <testcase classname="ptolemy.util.test.junit.AutoTests" name="[115] /home/travis/build/icyphy/ptII/ptolemy/domains/continuous/test/auto/ResetTransitionWithStartTime1.xml (RunModel)" time="0.039" />
  <testcase classname="ptolemy.util.test.junit.AutoTests" name="[116] /home/travis/build/icyphy/ptII/ptolemy/domains/continuous/test/auto/ResetTransitionWithStartTime2.xml (RunModel)" time="0.039" />
  <testcase classname="ptolemy.util.test.junit.AutoTests" name="[117] /home/travis/build/icyphy/ptII/ptolemy/domains/continuous/test/auto/ResetTransitionWithStartTime3.xml (RunModel)" time="0.034" />
  <testcase classname="ptolemy.util.test.junit.AutoTests" name="[118] /home/travis/build/icyphy/ptII/ptolemy/domains/continuous/test/auto/ResetTransitionWithStartTime4.xml (RunModel)" time="0.026" />
  <testcase classname="ptolemy.util.test.junit.AutoTests" name="[119] /home/travis/build/icyphy/ptII/ptolemy/domains/continuous/test/auto/ResetTransitionWithStartTime5.xml (RunModel)" time="0.031" />
  <testcase classname="ptolemy.util.test.junit.AutoTests" name="[120] /home/travis/build/icyphy/ptII/ptolemy/domains/continuous/test/auto/ResetTransitionWithStartTime6.xml (RunModel)" time="0.025" />
  <testcase classname="ptolemy.util.test.junit.AutoTests" name="[121] /home/travis/build/icyphy/ptII/ptolemy/domains/continuous/test/auto/SRinContinuous.xml (RunModel)" time="0.017" />
  <testcase classname="ptolemy.util.test.junit.AutoTests" name="[122] /home/travis/build/icyphy/ptII/ptolemy/domains/continuous/test/auto/SampledClocks.xml (RunModel)" time="0.028" />
  <testcase classname="ptolemy.util.test.junit.AutoTests" name="[123] /home/travis/build/icyphy/ptII/ptolemy/domains/continuous/test/auto/Satellite.xml (RunModel)" time="0.652" />
  <testcase classname="ptolemy.util.test.junit.AutoTests" name="[124] /home/travis/build/icyphy/ptII/ptolemy/domains/continuous/test/auto/SigmaDelta.xml (RunModel)" time="2.223" />
  <testcase classname="ptolemy.util.test.junit.AutoTests" name="[125] /home/travis/build/icyphy/ptII/ptolemy/domains/continuous/test/auto/SingleRefinement.xml (RunModel)" time="0.444" />
  <testcase classname="ptolemy.util.test.junit.AutoTests" name="[126] /home/travis/build/icyphy/ptII/ptolemy/domains/continuous/test/auto/SinuBouncingBall.xml (RunModel)" time="0.757" />
  <testcase classname="ptolemy.util.test.junit.AutoTests" name="[127] /home/travis/build/icyphy/ptII/ptolemy/domains/continuous/test/auto/Sinusoid.xml (RunModel)" time="0.019" />
  <testcase classname="ptolemy.util.test.junit.AutoTests" name="[128] /home/travis/build/icyphy/ptII/ptolemy/domains/continuous/test/auto/SinusoidInNoise.xml (RunModel)" time="0.834" />
  <testcase classname="ptolemy.util.test.junit.AutoTests" name="[129] /home/travis/build/icyphy/ptII/ptolemy/domains/continuous/test/auto/SinusoidRK45.xml (RunModel)" time="0.011" />
  <testcase classname="ptolemy.util.test.junit.AutoTests" name="[130] /home/travis/build/icyphy/ptII/ptolemy/domains/continuous/test/auto/SinusoidWithMultipleImpulses.xml (RunModel)" time="0.016" />
  <testcase classname="ptolemy.util.test.junit.AutoTests" name="[131] /home/travis/build/icyphy/ptII/ptolemy/domains/continuous/test/auto/SquareWave.xml (RunModel)" time="0.165" />
  <testcase classname="ptolemy.util.test.junit.AutoTests" name="[132] /home/travis/build/icyphy/ptII/ptolemy/domains/continuous/test/auto/Starmac.xml (RunModel)" time="3.331" />
  <testcase classname="ptolemy.util.test.junit.AutoTests" name="[133] /home/travis/build/icyphy/ptII/ptolemy/domains/continuous/test/auto/StaticUnits.xml (RunModel)" time="2.356" />
  <testcase classname="ptolemy.util.test.junit.AutoTests" name="[134] /home/travis/build/icyphy/ptII/ptolemy/domains/continuous/test/auto/StickyMasses.xml (RunModel)" time="0.178" />
  <testcase classname="ptolemy.util.test.junit.AutoTests" name="[135] /home/travis/build/icyphy/ptII/ptolemy/domains/continuous/test/auto/StopTime.xml (RunModel)" time="0.061" />
  <testcase classname="ptolemy.util.test.junit.AutoTests" name="[136] /home/travis/build/icyphy/ptII/ptolemy/domains/continuous/test/auto/StopTime2.xml (RunModel)" time="0.067" />
  <testcase classname="ptolemy.util.test.junit.AutoTests" name="[137] /home/travis/build/icyphy/ptII/ptolemy/domains/continuous/test/auto/Switch.xml (RunModel)" time="0.087" />
  <testcase classname="ptolemy.util.test.junit.AutoTests" name="[138] /home/travis/build/icyphy/ptII/ptolemy/domains/continuous/test/auto/Thermostat.xml (RunModel)" time="0.195" />
  <testcase classname="ptolemy.util.test.junit.AutoTests" name="[139] /home/travis/build/icyphy/ptII/ptolemy/domains/continuous/test/auto/TimeDelay.xml (RunModel)" time="0.016" />
  <testcase classname="ptolemy.util.test.junit.AutoTests" name="[140] /home/travis/build/icyphy/ptII/ptolemy/domains/continuous/test/auto/TimeDelay2.xml (RunModel)" time="0.023" />
  <testcase classname="ptolemy.util.test.junit.AutoTests" name="[141] /home/travis/build/icyphy/ptII/ptolemy/domains/continuous/test/auto/TimeDelay3.xml (RunModel)" time="0.011" />
  <testcase classname="ptolemy.util.test.junit.AutoTests" name="[142] /home/travis/build/icyphy/ptII/ptolemy/domains/continuous/test/auto/TransferAbsentToInside.xml (RunModel)" time="0.102" />
  <testcase classname="ptolemy.util.test.junit.AutoTests" name="[143] /home/travis/build/icyphy/ptII/ptolemy/domains/continuous/test/auto/Transmission.xml (RunModel)" time="0.8" />
  <testcase classname="ptolemy.util.test.junit.AutoTests" name="[144] /home/travis/build/icyphy/ptII/ptolemy/domains/continuous/test/auto/TriggeredContinuousClock.xml (RunModel)" time="0.067" />
  <testcase classname="ptolemy.util.test.junit.AutoTests" name="[145] /home/travis/build/icyphy/ptII/ptolemy/domains/continuous/test/auto/TwoMachineInfiniteBusControl.xml (RunModel)" time="2.783" />
  <testcase classname="ptolemy.util.test.junit.AutoTests" name="[146] /home/travis/build/icyphy/ptII/ptolemy/domains/continuous/test/auto/V2V.xml (RunModel)" time="0.817" />
  <testcase classname="ptolemy.util.test.junit.AutoTests" name="[147] /home/travis/build/icyphy/ptII/ptolemy/domains/continuous/test/auto/hierarchicalModalModel.xml (RunModel)" time="0.029" />
  <testcase classname="ptolemy.util.test.junit.AutoTests" name="[148] /home/travis/build/icyphy/ptII/ptolemy/domains/continuous/test/auto/hierarchicalModalModel1.xml (RunModel)" time="0.03" />
  <testcase classname="ptolemy.util.test.junit.AutoTests" name="[149] /home/travis/build/icyphy/ptII/ptolemy/domains/continuous/test/auto/hierarchicalModalModel2.xml (RunModel)" time="0.024" />
  <testcase classname="ptolemy.util.test.junit.AutoTests" name="[150] /home/travis/build/icyphy/ptII/ptolemy/domains/continuous/test/auto/hierarchicalModalModel3.xml (RunModel)" time="0.023" />
  <testcase classname="ptolemy.util.test.junit.AutoTests" name="[151] /home/travis/build/icyphy/ptII/ptolemy/domains/continuous/test/auto/hierarchicalModalModel4.xml (RunModel)" time="0.028" />
  <testcase classname="ptolemy.util.test.junit.AutoTests" name="[152] /home/travis/build/icyphy/ptII/ptolemy/domains/continuous/test/auto/junk.xml (RunModel)" time="0.13" />
  <system-out><![CDATA[No tcl tests in /home/travis/build/icyphy/ptII/ptolemy/domains/continuous/test
No auto/knownFailedTests/*.xml tests in /home/travis/build/icyphy/ptII/ptolemy/domains/continuous/test
No auto/linux-amd64/*.xml tests in /home/travis/build/icyphy/ptII/ptolemy/domains/continuous/test
AutoTests.java: About to close Vertx.
AutoTests.java: Vertx closed.

===========================================================================================
----------------- testing Mon May 04 14:08:29 UTC 2020 /home/travis/build/icyphy/ptII/ptolemy/domains/continuous/test/auto/BouncingBall.xml
----------------- Instantiating /home/travis/build/icyphy/ptII/ptolemy/domains/continuous/test/auto/BouncingBall.xml
2154 ms. Memory: 187392K Free: 144822K (77%)
----------------- Invoking toplevel() on ptolemy.moml.MoMLSimpleApplication@25e296d
----------------- Done invoking toplevel() on ptolemy.moml.MoMLSimpleApplication@25e296d
reloadAllAccessors: .BouncingBall

===========================================================================================
----------------- testing Mon May 04 14:08:31 UTC 2020 /home/travis/build/icyphy/ptII/ptolemy/domains/continuous/test/auto/BouncingBallWithoutGR.xml
----------------- Instantiating /home/travis/build/icyphy/ptII/ptolemy/domains/continuous/test/auto/BouncingBallWithoutGR.xml
684 ms. Memory: 187392K Free: 73105K (39%)
----------------- Invoking toplevel() on ptolemy.moml.MoMLSimpleApplication@1536a9d4
----------------- Done invoking toplevel() on ptolemy.moml.MoMLSimpleApplication@1536a9d4
reloadAllAccessors: .BouncingBallWithoutGR

===========================================================================================
----------------- testing Mon May 04 14:08:32 UTC 2020 /home/travis/build/icyphy/ptII/ptolemy/domains/continuous/test/auto/Brownian.xml
----------------- Instantiating /home/travis/build/icyphy/ptII/ptolemy/domains/continuous/test/auto/Brownian.xml
31 ms. Memory: 187392K Free: 64399K (34%)
----------------- Invoking toplevel() on ptolemy.moml.MoMLSimpleApplication@14332ee2
----------------- Done invoking toplevel() on ptolemy.moml.MoMLSimpleApplication@14332ee2
reloadAllAccessors: .Brownian

===========================================================================================
----------------- testing Mon May 04 14:08:32 UTC 2020 /home/travis/build/icyphy/ptII/ptolemy/domains/continuous/test/auto/CarTracking.xml
----------------- Instantiating /home/travis/build/icyphy/ptII/ptolemy/domains/continuous/test/auto/CarTracking.xml
3426 ms. Memory: 225280K Free: 180042K (80%)
----------------- Invoking toplevel() on ptolemy.moml.MoMLSimpleApplication@3371bd07
----------------- Done invoking toplevel() on ptolemy.moml.MoMLSimpleApplication@3371bd07
reloadAllAccessors: .CarTracking

===========================================================================================
----------------- testing Mon May 04 14:08:36 UTC 2020 /home/travis/build/icyphy/ptII/ptolemy/domains/continuous/test/auto/CartPendulum.xml
----------------- Instantiating /home/travis/build/icyphy/ptII/ptolemy/domains/continuous/test/auto/CartPendulum.xml
326 ms. Memory: 225280K Free: 87882K (39%)
----------------- Invoking toplevel() on ptolemy.moml.MoMLSimpleApplication@1ce412ea
----------------- Done invoking toplevel() on ptolemy.moml.MoMLSimpleApplication@1ce412ea
reloadAllAccessors: .CartPendulum

===========================================================================================
----------------- testing Mon May 04 14:08:36 UTC 2020 /home/travis/build/icyphy/ptII/ptolemy/domains/continuous/test/auto/CausalityInterface10.xml
----------------- Instantiating /home/travis/build/icyphy/ptII/ptolemy/domains/continuous/test/auto/CausalityInterface10.xml
6 ms. Memory: 225280K Free: 77642K (34%)
----------------- Invoking toplevel() on ptolemy.moml.MoMLSimpleApplication@688c0319
----------------- Done invoking toplevel() on ptolemy.moml.MoMLSimpleApplication@688c0319
reloadAllAccessors: .CausalityInterface10

===========================================================================================
----------------- testing Mon May 04 14:08:36 UTC 2020 /home/travis/build/icyphy/ptII/ptolemy/domains/continuous/test/auto/CausalityInterface11.xml
----------------- Instantiating /home/travis/build/icyphy/ptII/ptolemy/domains/continuous/test/auto/CausalityInterface11.xml
6 ms. Memory: 225280K Free: 204272K (91%)
----------------- Invoking toplevel() on ptolemy.moml.MoMLSimpleApplication@4bce7c7c
----------------- Done invoking toplevel() on ptolemy.moml.MoMLSimpleApplication@4bce7c7c
reloadAllAccessors: .CausalityInterface11

===========================================================================================
----------------- testing Mon May 04 14:08:36 UTC 2020 /home/travis/build/icyphy/ptII/ptolemy/domains/continuous/test/auto/CausalityInterface12.xml
----------------- Instantiating /home/travis/build/icyphy/ptII/ptolemy/domains/continuous/test/auto/CausalityInterface12.xml
8 ms. Memory: 225280K Free: 198128K (88%)
----------------- Invoking toplevel() on ptolemy.moml.MoMLSimpleApplication@883981f
----------------- Done invoking toplevel() on ptolemy.moml.MoMLSimpleApplication@883981f
reloadAllAccessors: .CausalityInterface12

===========================================================================================
----------------- testing Mon May 04 14:08:37 UTC 2020 /home/travis/build/icyphy/ptII/ptolemy/domains/continuous/test/auto/CausalityInterface13.xml
----------------- Instantiating /home/travis/build/icyphy/ptII/ptolemy/domains/continuous/test/auto/CausalityInterface13.xml
3 ms. Memory: 225280K Free: 191984K (85%)
----------------- Invoking toplevel() on ptolemy.moml.MoMLSimpleApplication@7ea6509d
----------------- Done invoking toplevel() on ptolemy.moml.MoMLSimpleApplication@7ea6509d
reloadAllAccessors: .CausalityInterface13

===========================================================================================
----------------- testing Mon May 04 14:08:37 UTC 2020 /home/travis/build/icyphy/ptII/ptolemy/domains/continuous/test/auto/CausalityInterface14.xml
----------------- Instantiating /home/travis/build/icyphy/ptII/ptolemy/domains/continuous/test/auto/CausalityInterface14.xml
3 ms. Memory: 225280K Free: 186336K (83%)
----------------- Invoking toplevel() on ptolemy.moml.MoMLSimpleApplication@2d27ed30
----------------- Done invoking toplevel() on ptolemy.moml.MoMLSimpleApplication@2d27ed30
reloadAllAccessors: .CausalityInterface14

===========================================================================================
----------------- testing Mon May 04 14:08:37 UTC 2020 /home/travis/build/icyphy/ptII/ptolemy/domains/continuous/test/auto/CausalityInterface4.xml
----------------- Instantiating /home/travis/build/icyphy/ptII/ptolemy/domains/continuous/test/auto/CausalityInterface4.xml
3 ms. Memory: 225280K Free: 179696K (80%)
----------------- Invoking toplevel() on ptolemy.moml.MoMLSimpleApplication@5a125a17
----------------- Done invoking toplevel() on ptolemy.moml.MoMLSimpleApplication@5a125a17
reloadAllAccessors: .CausalityInterface4

===========================================================================================
----------------- testing Mon May 04 14:08:37 UTC 2020 /home/travis/build/icyphy/ptII/ptolemy/domains/continuous/test/auto/CausalityInterface5.xml
----------------- Instantiating /home/travis/build/icyphy/ptII/ptolemy/domains/continuous/test/auto/CausalityInterface5.xml
3 ms. Memory: 225280K Free: 172014K (76%)
----------------- Invoking toplevel() on ptolemy.moml.MoMLSimpleApplication@496c5d3c
----------------- Done invoking toplevel() on ptolemy.moml.MoMLSimpleApplication@496c5d3c
reloadAllAccessors: .CausalityInterface5

===========================================================================================
----------------- testing Mon May 04 14:08:37 UTC 2020 /home/travis/build/icyphy/ptII/ptolemy/domains/continuous/test/auto/CausalityInterface6.xml
----------------- Instantiating /home/travis/build/icyphy/ptII/ptolemy/domains/continuous/test/auto/CausalityInterface6.xml
3 ms. Memory: 225280K Free: 166384K (74%)
----------------- Invoking toplevel() on ptolemy.moml.MoMLSimpleApplication@6214a98a
----------------- Done invoking toplevel() on ptolemy.moml.MoMLSimpleApplication@6214a98a
reloadAllAccessors: .CausalityInterface6

===========================================================================================
----------------- testing Mon May 04 14:08:37 UTC 2020 /home/travis/build/icyphy/ptII/ptolemy/domains/continuous/test/auto/CausalityInterface7.xml
----------------- Instantiating /home/travis/build/icyphy/ptII/ptolemy/domains/continuous/test/auto/CausalityInterface7.xml
8 ms. Memory: 225280K Free: 157678K (70%)
----------------- Invoking toplevel() on ptolemy.moml.MoMLSimpleApplication@5a68696d
----------------- Done invoking toplevel() on ptolemy.moml.MoMLSimpleApplication@5a68696d
reloadAllAccessors: .CausalityInterface7

===========================================================================================
----------------- testing Mon May 04 14:08:37 UTC 2020 /home/travis/build/icyphy/ptII/ptolemy/domains/continuous/test/auto/CausalityInterface8.xml
----------------- Instantiating /home/travis/build/icyphy/ptII/ptolemy/domains/continuous/test/auto/CausalityInterface8.xml
5 ms. Memory: 225280K Free: 148462K (66%)
----------------- Invoking toplevel() on ptolemy.moml.MoMLSimpleApplication@2666205c
----------------- Done invoking toplevel() on ptolemy.moml.MoMLSimpleApplication@2666205c
reloadAllAccessors: .CausalityInterface8

===========================================================================================
----------------- testing Mon May 04 14:08:37 UTC 2020 /home/travis/build/icyphy/ptII/ptolemy/domains/continuous/test/auto/CausalityInterface9.xml
----------------- Instantiating /home/travis/build/icyphy/ptII/ptolemy/domains/continuous/test/auto/CausalityInterface9.xml
4 ms. Memory: 225280K Free: 137712K (61%)
----------------- Invoking toplevel() on ptolemy.moml.MoMLSimpleApplication@7204a8e5
----------------- Done invoking toplevel() on ptolemy.moml.MoMLSimpleApplication@7204a8e5
reloadAllAccessors: .CausalityInterface9

===========================================================================================
----------------- testing Mon May 04 14:08:37 UTC 2020 /home/travis/build/icyphy/ptII/ptolemy/domains/continuous/test/auto/CausalityInterfaceFeedback1.xml
----------------- Instantiating /home/travis/build/icyphy/ptII/ptolemy/domains/continuous/test/auto/CausalityInterfaceFeedback1.xml
3 ms. Memory: 225280K Free: 131024K (58%)
----------------- Invoking toplevel() on ptolemy.moml.MoMLSimpleApplication@5b1d0d43
----------------- Done invoking toplevel() on ptolemy.moml.MoMLSimpleApplication@5b1d0d43
reloadAllAccessors: .CausalityInterfaceFeedback1

===========================================================================================
----------------- testing Mon May 04 14:08:37 UTC 2020 /home/travis/build/icyphy/ptII/ptolemy/domains/continuous/test/auto/CausalityInterfaceFeedback2.xml
----------------- Instantiating /home/travis/build/icyphy/ptII/ptolemy/domains/continuous/test/auto/CausalityInterfaceFeedback2.xml
4 ms. Memory: 225280K Free: 124400K (55%)
----------------- Invoking toplevel() on ptolemy.moml.MoMLSimpleApplication@a061961
----------------- Done invoking toplevel() on ptolemy.moml.MoMLSimpleApplication@a061961
reloadAllAccessors: .CausalityInterfaceFeedback2

===========================================================================================
----------------- testing Mon May 04 14:08:37 UTC 2020 /home/travis/build/icyphy/ptII/ptolemy/domains/continuous/test/auto/CompareWithCurrentTime.xml
----------------- Instantiating /home/travis/build/icyphy/ptII/ptolemy/domains/continuous/test/auto/CompareWithCurrentTime.xml
3 ms. Memory: 225280K Free: 120304K (53%)
----------------- Invoking toplevel() on ptolemy.moml.MoMLSimpleApplication@76a5c218
----------------- Done invoking toplevel() on ptolemy.moml.MoMLSimpleApplication@76a5c218
reloadAllAccessors: .CompareWithCurrentTime

===========================================================================================
----------------- testing Mon May 04 14:08:37 UTC 2020 /home/travis/build/icyphy/ptII/ptolemy/domains/continuous/test/auto/ComparedClocks.xml
----------------- Instantiating /home/travis/build/icyphy/ptII/ptolemy/domains/continuous/test/auto/ComparedClocks.xml
8 ms. Memory: 225280K Free: 104944K (47%)
----------------- Invoking toplevel() on ptolemy.moml.MoMLSimpleApplication@3370f684
----------------- Done invoking toplevel() on ptolemy.moml.MoMLSimpleApplication@3370f684
reloadAllAccessors: .ComparedClocks

===========================================================================================
----------------- testing Mon May 04 14:08:37 UTC 2020 /home/travis/build/icyphy/ptII/ptolemy/domains/continuous/test/auto/ContinuousAOCClone.xml
----------------- Instantiating /home/travis/build/icyphy/ptII/ptolemy/domains/continuous/test/auto/ContinuousAOCClone.xml
2210 ms. Memory: 270336K Free: 219571K (81%)
----------------- Invoking toplevel() on ptolemy.moml.MoMLSimpleApplication@5649de0c
----------------- Done invoking toplevel() on ptolemy.moml.MoMLSimpleApplication@5649de0c
reloadAllAccessors: .ContinuousAOCClone

===========================================================================================
----------------- testing Mon May 04 14:08:39 UTC 2020 /home/travis/build/icyphy/ptII/ptolemy/domains/continuous/test/auto/ContinuousClock.xml
----------------- Instantiating /home/travis/build/icyphy/ptII/ptolemy/domains/continuous/test/auto/ContinuousClock.xml
30 ms. Memory: 270336K Free: 197523K (73%)
----------------- Invoking toplevel() on ptolemy.moml.MoMLSimpleApplication@7cb343e6
----------------- Done invoking toplevel() on ptolemy.moml.MoMLSimpleApplication@7cb343e6
reloadAllAccessors: .ContinuousClock

===========================================================================================
----------------- testing Mon May 04 14:08:39 UTC 2020 /home/travis/build/icyphy/ptII/ptolemy/domains/continuous/test/auto/ContinuousInContinuous.xml
----------------- Instantiating /home/travis/build/icyphy/ptII/ptolemy/domains/continuous/test/auto/ContinuousInContinuous.xml
41 ms. Memory: 270336K Free: 174001K (64%)
----------------- Invoking toplevel() on ptolemy.moml.MoMLSimpleApplication@79c2f3d6
----------------- Done invoking toplevel() on ptolemy.moml.MoMLSimpleApplication@79c2f3d6
reloadAllAccessors: .ContinuousInContinuous

===========================================================================================
----------------- testing Mon May 04 14:08:39 UTC 2020 /home/travis/build/icyphy/ptII/ptolemy/domains/continuous/test/auto/ContinuousInContinuousInContinuous.xml
----------------- Instantiating /home/travis/build/icyphy/ptII/ptolemy/domains/continuous/test/auto/ContinuousInContinuousInContinuous.xml
7 ms. Memory: 270336K Free: 166323K (62%)
----------------- Invoking toplevel() on ptolemy.moml.MoMLSimpleApplication@76f43867
----------------- Done invoking toplevel() on ptolemy.moml.MoMLSimpleApplication@76f43867
reloadAllAccessors: .ContinuousInContinuousInContinuous

===========================================================================================
----------------- testing Mon May 04 14:08:39 UTC 2020 /home/travis/build/icyphy/ptII/ptolemy/domains/continuous/test/auto/ContinuousInDE.xml
----------------- Instantiating /home/travis/build/icyphy/ptII/ptolemy/domains/continuous/test/auto/ContinuousInDE.xml
89 ms. Memory: 270336K Free: 156083K (58%)
----------------- Invoking toplevel() on ptolemy.moml.MoMLSimpleApplication@66e5aede
----------------- Done invoking toplevel() on ptolemy.moml.MoMLSimpleApplication@66e5aede
reloadAllAccessors: .ContinuousInDE

===========================================================================================
----------------- testing Mon May 04 14:08:40 UTC 2020 /home/travis/build/icyphy/ptII/ptolemy/domains/continuous/test/auto/ContinuousInDE2.xml
----------------- Instantiating /home/travis/build/icyphy/ptII/ptolemy/domains/continuous/test/auto/ContinuousInDE2.xml
31 ms. Memory: 270336K Free: 146353K (54%)
----------------- Invoking toplevel() on ptolemy.moml.MoMLSimpleApplication@475a9d41
----------------- Done invoking toplevel() on ptolemy.moml.MoMLSimpleApplication@475a9d41
reloadAllAccessors: .ContinuousInDE2

===========================================================================================
----------------- testing Mon May 04 14:08:40 UTC 2020 /home/travis/build/icyphy/ptII/ptolemy/domains/continuous/test/auto/ContinuousInDE3.xml
----------------- Instantiating /home/travis/build/icyphy/ptII/ptolemy/domains/continuous/test/auto/ContinuousInDE3.xml
33 ms. Memory: 270336K Free: 136627K (51%)
----------------- Invoking toplevel() on ptolemy.moml.MoMLSimpleApplication@7c962238
----------------- Done invoking toplevel() on ptolemy.moml.MoMLSimpleApplication@7c962238
reloadAllAccessors: .ContinuousInDE3

===========================================================================================
----------------- testing Mon May 04 14:08:40 UTC 2020 /home/travis/build/icyphy/ptII/ptolemy/domains/continuous/test/auto/ContinuousInDE4.xml
----------------- Instantiating /home/travis/build/icyphy/ptII/ptolemy/domains/continuous/test/auto/ContinuousInDE4.xml
11 ms. Memory: 270336K Free: 130483K (48%)
----------------- Invoking toplevel() on ptolemy.moml.MoMLSimpleApplication@441d8115
----------------- Done invoking toplevel() on ptolemy.moml.MoMLSimpleApplication@441d8115
reloadAllAccessors: .ContinuousInDE4

===========================================================================================
----------------- testing Mon May 04 14:08:40 UTC 2020 /home/travis/build/icyphy/ptII/ptolemy/domains/continuous/test/auto/ContinuousInDEDifferentRefinements.xml
----------------- Instantiating /home/travis/build/icyphy/ptII/ptolemy/domains/continuous/test/auto/ContinuousInDEDifferentRefinements.xml
49 ms. Memory: 270336K Free: 99219K (37%)
----------------- Invoking toplevel() on ptolemy.moml.MoMLSimpleApplication@5831f7be
----------------- Done invoking toplevel() on ptolemy.moml.MoMLSimpleApplication@5831f7be
reloadAllAccessors: .ContinuousInDEDifferentRefinements

===========================================================================================
----------------- testing Mon May 04 14:08:40 UTC 2020 /home/travis/build/icyphy/ptII/ptolemy/domains/continuous/test/auto/ContinuousInDEDifferentRefinementsPreemptive.xml
----------------- Instantiating /home/travis/build/icyphy/ptII/ptolemy/domains/continuous/test/auto/ContinuousInDEDifferentRefinementsPreemptive.xml
58 ms. Memory: 270336K Free: 228781K (85%)
----------------- Invoking toplevel() on ptolemy.moml.MoMLSimpleApplication@bb117d7
----------------- Done invoking toplevel() on ptolemy.moml.MoMLSimpleApplication@bb117d7
reloadAllAccessors: .ContinuousInDEDifferentRefinementsPreemptive

===========================================================================================
----------------- testing Mon May 04 14:08:40 UTC 2020 /home/travis/build/icyphy/ptII/ptolemy/domains/continuous/test/auto/ContinuousInDEInContinuous2.xml
----------------- Instantiating /home/travis/build/icyphy/ptII/ptolemy/domains/continuous/test/auto/ContinuousInDEInContinuous2.xml
36 ms. Memory: 270336K Free: 217517K (80%)
----------------- Invoking toplevel() on ptolemy.moml.MoMLSimpleApplication@44bd9524
----------------- Done invoking toplevel() on ptolemy.moml.MoMLSimpleApplication@44bd9524
reloadAllAccessors: .ContinuousInDEInContinuous2

===========================================================================================
----------------- testing Mon May 04 14:08:40 UTC 2020 /home/travis/build/icyphy/ptII/ptolemy/domains/continuous/test/auto/ContinuousInDEInContinuous3.xml
----------------- Instantiating /home/travis/build/icyphy/ptII/ptolemy/domains/continuous/test/auto/ContinuousInDEInContinuous3.xml
33 ms. Memory: 270336K Free: 205229K (76%)
----------------- Invoking toplevel() on ptolemy.moml.MoMLSimpleApplication@345fbd17
----------------- Done invoking toplevel() on ptolemy.moml.MoMLSimpleApplication@345fbd17
reloadAllAccessors: .ContinuousInDEInContinuous3

===========================================================================================
----------------- testing Mon May 04 14:08:40 UTC 2020 /home/travis/build/icyphy/ptII/ptolemy/domains/continuous/test/auto/ContinuousInDEInput.xml
----------------- Instantiating /home/travis/build/icyphy/ptII/ptolemy/domains/continuous/test/auto/ContinuousInDEInput.xml
15 ms. Memory: 270336K Free: 198061K (73%)
----------------- Invoking toplevel() on ptolemy.moml.MoMLSimpleApplication@11b2f214
----------------- Done invoking toplevel() on ptolemy.moml.MoMLSimpleApplication@11b2f214
reloadAllAccessors: .ContinuousInDEInput

===========================================================================================
----------------- testing Mon May 04 14:08:40 UTC 2020 /home/travis/build/icyphy/ptII/ptolemy/domains/continuous/test/auto/ContinuousInDEInput2.xml
----------------- Instantiating /home/travis/build/icyphy/ptII/ptolemy/domains/continuous/test/auto/ContinuousInDEInput2.xml
13 ms. Memory: 270336K Free: 190893K (71%)
----------------- Invoking toplevel() on ptolemy.moml.MoMLSimpleApplication@1e554a0d
----------------- Done invoking toplevel() on ptolemy.moml.MoMLSimpleApplication@1e554a0d
reloadAllAccessors: .ContinuousInDEInput2

===========================================================================================
----------------- testing Mon May 04 14:08:40 UTC 2020 /home/travis/build/icyphy/ptII/ptolemy/domains/continuous/test/auto/ContinuousInDEInput3.xml
----------------- Instantiating /home/travis/build/icyphy/ptII/ptolemy/domains/continuous/test/auto/ContinuousInDEInput3.xml
11 ms. Memory: 270336K Free: 183725K (68%)
----------------- Invoking toplevel() on ptolemy.moml.MoMLSimpleApplication@23653996
----------------- Done invoking toplevel() on ptolemy.moml.MoMLSimpleApplication@23653996
reloadAllAccessors: .ContinuousInDEInput3

===========================================================================================
----------------- testing Mon May 04 14:08:40 UTC 2020 /home/travis/build/icyphy/ptII/ptolemy/domains/continuous/test/auto/ContinuousInDESharingRefinement.xml
----------------- Instantiating /home/travis/build/icyphy/ptII/ptolemy/domains/continuous/test/auto/ContinuousInDESharingRefinement.xml
143 ms. Memory: 270336K Free: 250291K (93%)
----------------- Invoking toplevel() on ptolemy.moml.MoMLSimpleApplication@5888aa15
----------------- Done invoking toplevel() on ptolemy.moml.MoMLSimpleApplication@5888aa15
reloadAllAccessors: .ContinuousInDESharingRefinement

===========================================================================================
----------------- testing Mon May 04 14:08:40 UTC 2020 /home/travis/build/icyphy/ptII/ptolemy/domains/continuous/test/auto/ContinuousInDEwithNoPorts.xml
----------------- Instantiating /home/travis/build/icyphy/ptII/ptolemy/domains/continuous/test/auto/ContinuousInDEwithNoPorts.xml
2 ms. Memory: 270336K Free: 245699K (91%)
----------------- Invoking toplevel() on ptolemy.moml.MoMLSimpleApplication@5b5a8b8c
----------------- Done invoking toplevel() on ptolemy.moml.MoMLSimpleApplication@5b5a8b8c
reloadAllAccessors: .ContinuousInDEwithNoPorts

===========================================================================================
----------------- testing Mon May 04 14:08:40 UTC 2020 /home/travis/build/icyphy/ptII/ptolemy/domains/continuous/test/auto/ContinuousInsideDE.xml
----------------- Instantiating /home/travis/build/icyphy/ptII/ptolemy/domains/continuous/test/auto/ContinuousInsideDE.xml
31 ms. Memory: 270336K Free: 234435K (87%)
----------------- Invoking toplevel() on ptolemy.moml.MoMLSimpleApplication@42718860
----------------- Done invoking toplevel() on ptolemy.moml.MoMLSimpleApplication@42718860
reloadAllAccessors: .ContinuousInsideDE

===========================================================================================
----------------- testing Mon May 04 14:08:40 UTC 2020 /home/travis/build/icyphy/ptII/ptolemy/domains/continuous/test/auto/ContinuousMerge1.xml
----------------- Instantiating /home/travis/build/icyphy/ptII/ptolemy/domains/continuous/test/auto/ContinuousMerge1.xml
3 ms. Memory: 270336K Free: 229795K (85%)
----------------- Invoking toplevel() on ptolemy.moml.MoMLSimpleApplication@62f1d301
----------------- Done invoking toplevel() on ptolemy.moml.MoMLSimpleApplication@62f1d301
reloadAllAccessors: .ContinuousMerge1

===========================================================================================
----------------- testing Mon May 04 14:08:40 UTC 2020 /home/travis/build/icyphy/ptII/ptolemy/domains/continuous/test/auto/ContinuousMerge2.xml
----------------- Instantiating /home/travis/build/icyphy/ptII/ptolemy/domains/continuous/test/auto/ContinuousMerge2.xml
14 ms. Memory: 270336K Free: 219585K (81%)
----------------- Invoking toplevel() on ptolemy.moml.MoMLSimpleApplication@6afad5bb
----------------- Done invoking toplevel() on ptolemy.moml.MoMLSimpleApplication@6afad5bb
reloadAllAccessors: .ContinuousMerge2

===========================================================================================
----------------- testing Mon May 04 14:08:40 UTC 2020 /home/travis/build/icyphy/ptII/ptolemy/domains/continuous/test/auto/ContinuousMerge3.xml
----------------- Instantiating /home/travis/build/icyphy/ptII/ptolemy/domains/continuous/test/auto/ContinuousMerge3.xml
35 ms. Memory: 270336K Free: 208835K (77%)
----------------- Invoking toplevel() on ptolemy.moml.MoMLSimpleApplication@1a732dc0
----------------- Done invoking toplevel() on ptolemy.moml.MoMLSimpleApplication@1a732dc0
reloadAllAccessors: .ContinuousMerge3

===========================================================================================
----------------- testing Mon May 04 14:08:40 UTC 2020 /home/travis/build/icyphy/ptII/ptolemy/domains/continuous/test/auto/ContinuousWithinContinuous.xml
----------------- Instantiating /home/travis/build/icyphy/ptII/ptolemy/domains/continuous/test/auto/ContinuousWithinContinuous.xml
28 ms. Memory: 270336K Free: 199105K (74%)
----------------- Invoking toplevel() on ptolemy.moml.MoMLSimpleApplication@1dcb006e
----------------- Done invoking toplevel() on ptolemy.moml.MoMLSimpleApplication@1dcb006e
reloadAllAccessors: .ContinuousWithinContinuous

===========================================================================================
----------------- testing Mon May 04 14:08:41 UTC 2020 /home/travis/build/icyphy/ptII/ptolemy/domains/continuous/test/auto/ContinuousWithinContinuous2.xml
----------------- Instantiating /home/travis/build/icyphy/ptII/ptolemy/domains/continuous/test/auto/ContinuousWithinContinuous2.xml
51 ms. Memory: 270336K Free: 188355K (70%)
----------------- Invoking toplevel() on ptolemy.moml.MoMLSimpleApplication@70cf9bbe
----------------- Done invoking toplevel() on ptolemy.moml.MoMLSimpleApplication@70cf9bbe
reloadAllAccessors: .ContinuousWithinContinuous2

===========================================================================================
----------------- testing Mon May 04 14:08:41 UTC 2020 /home/travis/build/icyphy/ptII/ptolemy/domains/continuous/test/auto/ContinuousWithinContinuous3.xml
----------------- Instantiating /home/travis/build/icyphy/ptII/ptolemy/domains/continuous/test/auto/ContinuousWithinContinuous3.xml
9 ms. Memory: 270336K Free: 181187K (67%)
----------------- Invoking toplevel() on ptolemy.moml.MoMLSimpleApplication@39874ed6
----------------- Done invoking toplevel() on ptolemy.moml.MoMLSimpleApplication@39874ed6
reloadAllAccessors: .ContinuousWithinContinuous3

===========================================================================================
----------------- testing Mon May 04 14:08:41 UTC 2020 /home/travis/build/icyphy/ptII/ptolemy/domains/continuous/test/auto/ContinuousWithinContinuous4.xml
----------------- Instantiating /home/travis/build/icyphy/ptII/ptolemy/domains/continuous/test/auto/ContinuousWithinContinuous4.xml
55 ms. Memory: 270336K Free: 168899K (62%)
----------------- Invoking toplevel() on ptolemy.moml.MoMLSimpleApplication@6ef2b7e
----------------- Done invoking toplevel() on ptolemy.moml.MoMLSimpleApplication@6ef2b7e
reloadAllAccessors: .ContinuousWithinContinuous4

===========================================================================================
----------------- testing Mon May 04 14:08:41 UTC 2020 /home/travis/build/icyphy/ptII/ptolemy/domains/continuous/test/auto/ContinuousWithinContinuous5.xml
----------------- Instantiating /home/travis/build/icyphy/ptII/ptolemy/domains/continuous/test/auto/ContinuousWithinContinuous5.xml
10 ms. Memory: 270336K Free: 161731K (60%)
----------------- Invoking toplevel() on ptolemy.moml.MoMLSimpleApplication@47ade208
----------------- Done invoking toplevel() on ptolemy.moml.MoMLSimpleApplication@47ade208
reloadAllAccessors: .ContinuousWithinContinuous5

===========================================================================================
----------------- testing Mon May 04 14:08:41 UTC 2020 /home/travis/build/icyphy/ptII/ptolemy/domains/continuous/test/auto/ContinuousWithinContinuous6.xml
----------------- Instantiating /home/travis/build/icyphy/ptII/ptolemy/domains/continuous/test/auto/ContinuousWithinContinuous6.xml
9 ms. Memory: 270336K Free: 155073K (57%)
----------------- Invoking toplevel() on ptolemy.moml.MoMLSimpleApplication@72aac2cd
----------------- Done invoking toplevel() on ptolemy.moml.MoMLSimpleApplication@72aac2cd
reloadAllAccessors: .ContinuousWithinContinuous6

===========================================================================================
----------------- testing Mon May 04 14:08:41 UTC 2020 /home/travis/build/icyphy/ptII/ptolemy/domains/continuous/test/auto/ContinuousWithinContinuous7.xml
----------------- Instantiating /home/travis/build/icyphy/ptII/ptolemy/domains/continuous/test/auto/ContinuousWithinContinuous7.xml
48 ms. Memory: 270336K Free: 144323K (53%)
----------------- Invoking toplevel() on ptolemy.moml.MoMLSimpleApplication@76df6825
----------------- Done invoking toplevel() on ptolemy.moml.MoMLSimpleApplication@76df6825
reloadAllAccessors: .ContinuousWithinContinuous7

===========================================================================================
----------------- testing Mon May 04 14:08:41 UTC 2020 /home/travis/build/icyphy/ptII/ptolemy/domains/continuous/test/auto/DCMotor.xml
----------------- Instantiating /home/travis/build/icyphy/ptII/ptolemy/domains/continuous/test/auto/DCMotor.xml
12676 ms. Memory: 270336K Free: 131079K (48%)
----------------- Invoking toplevel() on ptolemy.moml.MoMLSimpleApplication@794eda5d
----------------- Done invoking toplevel() on ptolemy.moml.MoMLSimpleApplication@794eda5d
reloadAllAccessors: .DCMotor

===========================================================================================
----------------- testing Mon May 04 14:08:54 UTC 2020 /home/travis/build/icyphy/ptII/ptolemy/domains/continuous/test/auto/DEInContinuous.xml
----------------- Instantiating /home/travis/build/icyphy/ptII/ptolemy/domains/continuous/test/auto/DEInContinuous.xml
26 ms. Memory: 270336K Free: 124439K (46%)
----------------- Invoking toplevel() on ptolemy.moml.MoMLSimpleApplication@2e93ca0d
----------------- Done invoking toplevel() on ptolemy.moml.MoMLSimpleApplication@2e93ca0d
reloadAllAccessors: .DEInContinuous

===========================================================================================
----------------- testing Mon May 04 14:08:54 UTC 2020 /home/travis/build/icyphy/ptII/ptolemy/domains/continuous/test/auto/DEinContinuous2.xml
----------------- Instantiating /home/travis/build/icyphy/ptII/ptolemy/domains/continuous/test/auto/DEinContinuous2.xml
6 ms. Memory: 270336K Free: 116743K (43%)
----------------- Invoking toplevel() on ptolemy.moml.MoMLSimpleApplication@7d687a53
----------------- Done invoking toplevel() on ptolemy.moml.MoMLSimpleApplication@7d687a53
reloadAllAccessors: .DEinContinuous2

===========================================================================================
----------------- testing Mon May 04 14:08:54 UTC 2020 /home/travis/build/icyphy/ptII/ptolemy/domains/continuous/test/auto/Derivative.xml
----------------- Instantiating /home/travis/build/icyphy/ptII/ptolemy/domains/continuous/test/auto/Derivative.xml
172 ms. Memory: 270336K Free: 247873K (92%)
----------------- Invoking toplevel() on ptolemy.moml.MoMLSimpleApplication@57d9a37
----------------- Done invoking toplevel() on ptolemy.moml.MoMLSimpleApplication@57d9a37
reloadAllAccessors: .Derivative2

===========================================================================================
----------------- testing Mon May 04 14:08:54 UTC 2020 /home/travis/build/icyphy/ptII/ptolemy/domains/continuous/test/auto/Derivative1.xml
----------------- Instantiating /home/travis/build/icyphy/ptII/ptolemy/domains/continuous/test/auto/Derivative1.xml
35 ms. Memory: 270336K Free: 233513K (86%)
----------------- Invoking toplevel() on ptolemy.moml.MoMLSimpleApplication@fc4c4f4
----------------- Done invoking toplevel() on ptolemy.moml.MoMLSimpleApplication@fc4c4f4
reloadAllAccessors: .Derivative1

===========================================================================================
----------------- testing Mon May 04 14:08:54 UTC 2020 /home/travis/build/icyphy/ptII/ptolemy/domains/continuous/test/auto/DiscreteClock.xml
----------------- Instantiating /home/travis/build/icyphy/ptII/ptolemy/domains/continuous/test/auto/DiscreteClock.xml
5 ms. Memory: 270336K Free: 228393K (84%)
----------------- Invoking toplevel() on ptolemy.moml.MoMLSimpleApplication@7884af74
----------------- Done invoking toplevel() on ptolemy.moml.MoMLSimpleApplication@7884af74
reloadAllAccessors: .DiscreteClock

===========================================================================================
----------------- testing Mon May 04 14:08:54 UTC 2020 /home/travis/build/icyphy/ptII/ptolemy/domains/continuous/test/auto/EfficiencyCurve.xml
----------------- Instantiating /home/travis/build/icyphy/ptII/ptolemy/domains/continuous/test/auto/EfficiencyCurve.xml
105 ms. Memory: 270336K Free: 219177K (81%)
----------------- Invoking toplevel() on ptolemy.moml.MoMLSimpleApplication@c4d9e2
----------------- Done invoking toplevel() on ptolemy.moml.MoMLSimpleApplication@c4d9e2
reloadAllAccessors: .EfficiencyCurve

===========================================================================================
----------------- testing Mon May 04 14:08:54 UTC 2020 /home/travis/build/icyphy/ptII/ptolemy/domains/continuous/test/auto/ExponentialResponse.xml
----------------- Instantiating /home/travis/build/icyphy/ptII/ptolemy/domains/continuous/test/auto/ExponentialResponse.xml
98 ms. Memory: 270336K Free: 203303K (75%)
----------------- Invoking toplevel() on ptolemy.moml.MoMLSimpleApplication@582d5be1
----------------- Done invoking toplevel() on ptolemy.moml.MoMLSimpleApplication@582d5be1
reloadAllAccessors: .ExponentialResponse

===========================================================================================
----------------- testing Mon May 04 14:08:54 UTC 2020 /home/travis/build/icyphy/ptII/ptolemy/domains/continuous/test/auto/ExponentialResponseRK45.xml
----------------- Instantiating /home/travis/build/icyphy/ptII/ptolemy/domains/continuous/test/auto/ExponentialResponseRK45.xml
25 ms. Memory: 270336K Free: 196649K (73%)
----------------- Invoking toplevel() on ptolemy.moml.MoMLSimpleApplication@233f0f84
----------------- Done invoking toplevel() on ptolemy.moml.MoMLSimpleApplication@233f0f84
reloadAllAccessors: .ExponentialResponseRK45

===========================================================================================
----------------- testing Mon May 04 14:08:54 UTC 2020 /home/travis/build/icyphy/ptII/ptolemy/domains/continuous/test/auto/Friction.xml
----------------- Instantiating /home/travis/build/icyphy/ptII/ptolemy/domains/continuous/test/auto/Friction.xml
1515 ms. Memory: 270336K Free: 93101K (34%)
----------------- Invoking toplevel() on ptolemy.moml.MoMLSimpleApplication@47a26504
----------------- Done invoking toplevel() on ptolemy.moml.MoMLSimpleApplication@47a26504
reloadAllAccessors: .Friction

===========================================================================================
----------------- testing Mon May 04 14:08:56 UTC 2020 /home/travis/build/icyphy/ptII/ptolemy/domains/continuous/test/auto/FurutaPendulum.xml
----------------- Instantiating /home/travis/build/icyphy/ptII/ptolemy/domains/continuous/test/auto/FurutaPendulum.xml
2956 ms. Memory: 270336K Free: 237461K (88%)
----------------- Invoking toplevel() on ptolemy.moml.MoMLSimpleApplication@163f571
----------------- Done invoking toplevel() on ptolemy.moml.MoMLSimpleApplication@163f571
reloadAllAccessors: .FurutaPendulum

===========================================================================================
----------------- testing Mon May 04 14:08:59 UTC 2020 /home/travis/build/icyphy/ptII/ptolemy/domains/continuous/test/auto/HierarchicalExecution.xml
----------------- Instantiating /home/travis/build/icyphy/ptII/ptolemy/domains/continuous/test/auto/HierarchicalExecution.xml
1673 ms. Memory: 270336K Free: 120377K (45%)
----------------- Invoking toplevel() on ptolemy.moml.MoMLSimpleApplication@61d312f7
----------------- Done invoking toplevel() on ptolemy.moml.MoMLSimpleApplication@61d312f7
reloadAllAccessors: .HierarchicalExecution

===========================================================================================
----------------- testing Mon May 04 14:09:01 UTC 2020 /home/travis/build/icyphy/ptII/ptolemy/domains/continuous/test/auto/HybridPlant.xml
----------------- Instantiating /home/travis/build/icyphy/ptII/ptolemy/domains/continuous/test/auto/HybridPlant.xml
439 ms. Memory: 270336K Free: 176459K (65%)
----------------- Invoking toplevel() on ptolemy.moml.MoMLSimpleApplication@1a560547
----------------- Done invoking toplevel() on ptolemy.moml.MoMLSimpleApplication@1a560547
reloadAllAccessors: .HybridPlant

===========================================================================================
----------------- testing Mon May 04 14:09:02 UTC 2020 /home/travis/build/icyphy/ptII/ptolemy/domains/continuous/test/auto/Hysteresis.xml
----------------- Instantiating /home/travis/build/icyphy/ptII/ptolemy/domains/continuous/test/auto/Hysteresis.xml
128 ms. Memory: 270336K Free: 113995K (42%)
----------------- Invoking toplevel() on ptolemy.moml.MoMLSimpleApplication@dbc5b6a
----------------- Done invoking toplevel() on ptolemy.moml.MoMLSimpleApplication@dbc5b6a
reloadAllAccessors: .Hysteresis

===========================================================================================
----------------- testing Mon May 04 14:09:02 UTC 2020 /home/travis/build/icyphy/ptII/ptolemy/domains/continuous/test/auto/HysteresisWithRandomDelay.xml
----------------- Instantiating /home/travis/build/icyphy/ptII/ptolemy/domains/continuous/test/auto/HysteresisWithRandomDelay.xml
167 ms. Memory: 270336K Free: 202054K (75%)
----------------- Invoking toplevel() on ptolemy.moml.MoMLSimpleApplication@fa1af5f
----------------- Done invoking toplevel() on ptolemy.moml.MoMLSimpleApplication@fa1af5f
reloadAllAccessors: .HysteresisWithRandomDelay

===========================================================================================
----------------- testing Mon May 04 14:09:02 UTC 2020 /home/travis/build/icyphy/ptII/ptolemy/domains/continuous/test/auto/HysteresisWithRandomLosses.xml
----------------- Instantiating /home/travis/build/icyphy/ptII/ptolemy/domains/continuous/test/auto/HysteresisWithRandomLosses.xml
2198 ms. Memory: 270336K Free: 100039K (37%)
----------------- Invoking toplevel() on ptolemy.moml.MoMLSimpleApplication@68ba478e
----------------- Done invoking toplevel() on ptolemy.moml.MoMLSimpleApplication@68ba478e
reloadAllAccessors: .HysteresisWithRandomLosses

===========================================================================================
----------------- testing Mon May 04 14:09:04 UTC 2020 /home/travis/build/icyphy/ptII/ptolemy/domains/continuous/test/auto/ImmediateTransitions.xml
----------------- Instantiating /home/travis/build/icyphy/ptII/ptolemy/domains/continuous/test/auto/ImmediateTransitions.xml
13 ms. Memory: 270336K Free: 249400K (92%)
----------------- Invoking toplevel() on ptolemy.moml.MoMLSimpleApplication@54186d72
----------------- Done invoking toplevel() on ptolemy.moml.MoMLSimpleApplication@54186d72
reloadAllAccessors: .ImmediateTransitions

===========================================================================================
----------------- testing Mon May 04 14:09:04 UTC 2020 /home/travis/build/icyphy/ptII/ptolemy/domains/continuous/test/auto/ImpulseFeedback.xml
----------------- Instantiating /home/travis/build/icyphy/ptII/ptolemy/domains/continuous/test/auto/ImpulseFeedback.xml
6 ms. Memory: 270336K Free: 243766K (90%)
----------------- Invoking toplevel() on ptolemy.moml.MoMLSimpleApplication@15380ca2
----------------- Done invoking toplevel() on ptolemy.moml.MoMLSimpleApplication@15380ca2
reloadAllAccessors: .ImpulseFeedback

===========================================================================================
----------------- testing Mon May 04 14:09:04 UTC 2020 /home/travis/build/icyphy/ptII/ptolemy/domains/continuous/test/auto/ImpulseFeedback2.xml
----------------- Instantiating /home/travis/build/icyphy/ptII/ptolemy/domains/continuous/test/auto/ImpulseFeedback2.xml
5 ms. Memory: 270336K Free: 238136K (88%)
----------------- Invoking toplevel() on ptolemy.moml.MoMLSimpleApplication@69f6ca84
----------------- Done invoking toplevel() on ptolemy.moml.MoMLSimpleApplication@69f6ca84
reloadAllAccessors: .ImpulseFeedback2

===========================================================================================
----------------- testing Mon May 04 14:09:04 UTC 2020 /home/travis/build/icyphy/ptII/ptolemy/domains/continuous/test/auto/IncreasingRatePoisson.xml
----------------- Instantiating /home/travis/build/icyphy/ptII/ptolemy/domains/continuous/test/auto/IncreasingRatePoisson.xml
698 ms. Memory: 270336K Free: 252781K (94%)
----------------- Invoking toplevel() on ptolemy.moml.MoMLSimpleApplication@536c3f5a
----------------- Done invoking toplevel() on ptolemy.moml.MoMLSimpleApplication@536c3f5a
reloadAllAccessors: .IncreasingRatePoisson

===========================================================================================
----------------- testing Mon May 04 14:09:05 UTC 2020 /home/travis/build/icyphy/ptII/ptolemy/domains/continuous/test/auto/InitialStateFeedback.xml
----------------- Instantiating /home/travis/build/icyphy/ptII/ptolemy/domains/continuous/test/auto/InitialStateFeedback.xml
4 ms. Memory: 270336K Free: 248171K (92%)
----------------- Invoking toplevel() on ptolemy.moml.MoMLSimpleApplication@114d8df6
----------------- Done invoking toplevel() on ptolemy.moml.MoMLSimpleApplication@114d8df6
reloadAllAccessors: .InitialStateFeedback

===========================================================================================
----------------- testing Mon May 04 14:09:05 UTC 2020 /home/travis/build/icyphy/ptII/ptolemy/domains/continuous/test/auto/Integration.xml
----------------- Instantiating /home/travis/build/icyphy/ptII/ptolemy/domains/continuous/test/auto/Integration.xml
2 ms. Memory: 270336K Free: 244075K (90%)
----------------- Invoking toplevel() on ptolemy.moml.MoMLSimpleApplication@102d40af
----------------- Done invoking toplevel() on ptolemy.moml.MoMLSimpleApplication@102d40af
reloadAllAccessors: .Integration

===========================================================================================
----------------- testing Mon May 04 14:09:05 UTC 2020 /home/travis/build/icyphy/ptII/ptolemy/domains/continuous/test/auto/Integration2.xml
----------------- Instantiating /home/travis/build/icyphy/ptII/ptolemy/domains/continuous/test/auto/Integration2.xml
69 ms. Memory: 270336K Free: 230253K (85%)
----------------- Invoking toplevel() on ptolemy.moml.MoMLSimpleApplication@3942b522
----------------- Done invoking toplevel() on ptolemy.moml.MoMLSimpleApplication@3942b522
reloadAllAccessors: .Integration2

===========================================================================================
----------------- testing Mon May 04 14:09:05 UTC 2020 /home/travis/build/icyphy/ptII/ptolemy/domains/continuous/test/auto/Integration3.xml
----------------- Instantiating /home/travis/build/icyphy/ptII/ptolemy/domains/continuous/test/auto/Integration3.xml
2 ms. Memory: 270336K Free: 225643K (83%)
----------------- Invoking toplevel() on ptolemy.moml.MoMLSimpleApplication@33822ac1
----------------- Done invoking toplevel() on ptolemy.moml.MoMLSimpleApplication@33822ac1
reloadAllAccessors: .Integration3

===========================================================================================
----------------- testing Mon May 04 14:09:05 UTC 2020 /home/travis/build/icyphy/ptII/ptolemy/domains/continuous/test/auto/Integration5.xml
----------------- Instantiating /home/travis/build/icyphy/ptII/ptolemy/domains/continuous/test/auto/Integration5.xml
2 ms. Memory: 270336K Free: 221547K (82%)
----------------- Invoking toplevel() on ptolemy.moml.MoMLSimpleApplication@f291aab
----------------- Done invoking toplevel() on ptolemy.moml.MoMLSimpleApplication@f291aab
reloadAllAccessors: .Integration5

===========================================================================================
----------------- testing Mon May 04 14:09:05 UTC 2020 /home/travis/build/icyphy/ptII/ptolemy/domains/continuous/test/auto/IntegratorImpulse.xml
----------------- Instantiating /home/travis/build/icyphy/ptII/ptolemy/domains/continuous/test/auto/IntegratorImpulse.xml
2 ms. Memory: 270336K Free: 217437K (80%)
----------------- Invoking toplevel() on ptolemy.moml.MoMLSimpleApplication@3b9cfb5e
----------------- Done invoking toplevel() on ptolemy.moml.MoMLSimpleApplication@3b9cfb5e
reloadAllAccessors: .IntegratorImpulse

===========================================================================================
----------------- testing Mon May 04 14:09:05 UTC 2020 /home/travis/build/icyphy/ptII/ptolemy/domains/continuous/test/auto/IntegratorImpulse2.xml
----------------- Instantiating /home/travis/build/icyphy/ptII/ptolemy/domains/continuous/test/auto/IntegratorImpulse2.xml
4 ms. Memory: 270336K Free: 212845K (79%)
----------------- Invoking toplevel() on ptolemy.moml.MoMLSimpleApplication@4e54b680
----------------- Done invoking toplevel() on ptolemy.moml.MoMLSimpleApplication@4e54b680
reloadAllAccessors: .IntegratorImpulse2

===========================================================================================
----------------- testing Mon May 04 14:09:05 UTC 2020 /home/travis/build/icyphy/ptII/ptolemy/domains/continuous/test/auto/LevelCrossing1.xml
----------------- Instantiating /home/travis/build/icyphy/ptII/ptolemy/domains/continuous/test/auto/LevelCrossing1.xml
2 ms. Memory: 270336K Free: 207725K (77%)
----------------- Invoking toplevel() on ptolemy.moml.MoMLSimpleApplication@266ddaac
----------------- Done invoking toplevel() on ptolemy.moml.MoMLSimpleApplication@266ddaac
reloadAllAccessors: .LevelCrossing1

===========================================================================================
----------------- testing Mon May 04 14:09:05 UTC 2020 /home/travis/build/icyphy/ptII/ptolemy/domains/continuous/test/auto/LevelCrossing2.xml
----------------- Instantiating /home/travis/build/icyphy/ptII/ptolemy/domains/continuous/test/auto/LevelCrossing2.xml
3 ms. Memory: 270336K Free: 202605K (75%)
----------------- Invoking toplevel() on ptolemy.moml.MoMLSimpleApplication@75589e34
----------------- Done invoking toplevel() on ptolemy.moml.MoMLSimpleApplication@75589e34
reloadAllAccessors: .LevelCrossing2

===========================================================================================
----------------- testing Mon May 04 14:09:05 UTC 2020 /home/travis/build/icyphy/ptII/ptolemy/domains/continuous/test/auto/LevelCrossing3.xml
----------------- Instantiating /home/travis/build/icyphy/ptII/ptolemy/domains/continuous/test/auto/LevelCrossing3.xml
2 ms. Memory: 270336K Free: 197485K (73%)
----------------- Invoking toplevel() on ptolemy.moml.MoMLSimpleApplication@25fe1532
----------------- Done invoking toplevel() on ptolemy.moml.MoMLSimpleApplication@25fe1532
reloadAllAccessors: .LevelCrossing3

===========================================================================================
----------------- testing Mon May 04 14:09:05 UTC 2020 /home/travis/build/icyphy/ptII/ptolemy/domains/continuous/test/auto/LevelCrossing4.xml
----------------- Instantiating /home/travis/build/icyphy/ptII/ptolemy/domains/continuous/test/auto/LevelCrossing4.xml
3 ms. Memory: 270336K Free: 192365K (71%)
----------------- Invoking toplevel() on ptolemy.moml.MoMLSimpleApplication@5de4bb0f
----------------- Done invoking toplevel() on ptolemy.moml.MoMLSimpleApplication@5de4bb0f
reloadAllAccessors: .LevelCrossing4

===========================================================================================
----------------- testing Mon May 04 14:09:05 UTC 2020 /home/travis/build/icyphy/ptII/ptolemy/domains/continuous/test/auto/LevelCrossing5.xml
----------------- Instantiating /home/travis/build/icyphy/ptII/ptolemy/domains/continuous/test/auto/LevelCrossing5.xml
2 ms. Memory: 270336K Free: 187245K (69%)
----------------- Invoking toplevel() on ptolemy.moml.MoMLSimpleApplication@61f8a2cc
----------------- Done invoking toplevel() on ptolemy.moml.MoMLSimpleApplication@61f8a2cc
reloadAllAccessors: .LevelCrossing5

===========================================================================================
[...]
----------------- testing Mon May 04 14:09:20 UTC 2020 /home/travis/build/icyphy/ptII/ptolemy/domains/continuous/test/auto/SRinContinuous.xml
----------------- Instantiating /home/travis/build/icyphy/ptII/ptolemy/domains/continuous/test/auto/SRinContinuous.xml
4 ms. Memory: 270336K Free: 181231K (67%)
----------------- Invoking toplevel() on ptolemy.moml.MoMLSimpleApplication@2079de5a
----------------- Done invoking toplevel() on ptolemy.moml.MoMLSimpleApplication@2079de5a
reloadAllAccessors: .SRinContinuous

===========================================================================================
----------------- testing Mon May 04 14:09:20 UTC 2020 /home/travis/build/icyphy/ptII/ptolemy/domains/continuous/test/auto/SampledClocks.xml
----------------- Instantiating /home/travis/build/icyphy/ptII/ptolemy/domains/continuous/test/auto/SampledClocks.xml
5 ms. Memory: 270336K Free: 168433K (62%)
----------------- Invoking toplevel() on ptolemy.moml.MoMLSimpleApplication@49c8aeac
----------------- Done invoking toplevel() on ptolemy.moml.MoMLSimpleApplication@49c8aeac
reloadAllAccessors: .SampledClocks

===========================================================================================
----------------- testing Mon May 04 14:09:20 UTC 2020 /home/travis/build/icyphy/ptII/ptolemy/domains/continuous/test/auto/Satellite.xml
----------------- Instantiating /home/travis/build/icyphy/ptII/ptolemy/domains/continuous/test/auto/Satellite.xml
635 ms. Memory: 270336K Free: 136942K (51%)
----------------- Invoking toplevel() on ptolemy.moml.MoMLSimpleApplication@58d1abea
----------------- Done invoking toplevel() on ptolemy.moml.MoMLSimpleApplication@58d1abea
reloadAllAccessors: .Satellite

===========================================================================================
----------------- testing Mon May 04 14:09:21 UTC 2020 /home/travis/build/icyphy/ptII/ptolemy/domains/continuous/test/auto/SigmaDelta.xml
----------------- Instantiating /home/travis/build/icyphy/ptII/ptolemy/domains/continuous/test/auto/SigmaDelta.xml
1920 ms. Memory: 270336K Free: 192928K (71%)
----------------- Invoking toplevel() on ptolemy.moml.MoMLSimpleApplication@31b0f558
----------------- Done invoking toplevel() on ptolemy.moml.MoMLSimpleApplication@31b0f558
reloadAllAccessors: .SigmaDelta

===========================================================================================
----------------- testing Mon May 04 14:09:23 UTC 2020 /home/travis/build/icyphy/ptII/ptolemy/domains/continuous/test/auto/SingleRefinement.xml
----------------- Instantiating /home/travis/build/icyphy/ptII/ptolemy/domains/continuous/test/auto/SingleRefinement.xml
333 ms. Memory: 324608K Free: 223092K (69%)
----------------- Invoking toplevel() on ptolemy.moml.MoMLSimpleApplication@2fad92f3
----------------- Done invoking toplevel() on ptolemy.moml.MoMLSimpleApplication@2fad92f3
reloadAllAccessors: .SingleRefinement

===========================================================================================
----------------- testing Mon May 04 14:09:24 UTC 2020 /home/travis/build/icyphy/ptII/ptolemy/domains/continuous/test/auto/SinuBouncingBall.xml
----------------- Instantiating /home/travis/build/icyphy/ptII/ptolemy/domains/continuous/test/auto/SinuBouncingBall.xml
688 ms. Memory: 324608K Free: 198753K (61%)
----------------- Invoking toplevel() on ptolemy.moml.MoMLSimpleApplication@b5ec5bd
----------------- Done invoking toplevel() on ptolemy.moml.MoMLSimpleApplication@b5ec5bd
reloadAllAccessors: .SinuBouncingBall

===========================================================================================
----------------- testing Mon May 04 14:09:25 UTC 2020 /home/travis/build/icyphy/ptII/ptolemy/domains/continuous/test/auto/Sinusoid.xml
----------------- Instantiating /home/travis/build/icyphy/ptII/ptolemy/domains/continuous/test/auto/Sinusoid.xml
4 ms. Memory: 324608K Free: 194129K (60%)
----------------- Invoking toplevel() on ptolemy.moml.MoMLSimpleApplication@66d6a0b9
----------------- Done invoking toplevel() on ptolemy.moml.MoMLSimpleApplication@66d6a0b9
reloadAllAccessors: .Sinusoid

===========================================================================================
----------------- testing Mon May 04 14:09:25 UTC 2020 /home/travis/build/icyphy/ptII/ptolemy/domains/continuous/test/auto/SinusoidInNoise.xml
----------------- Instantiating /home/travis/build/icyphy/ptII/ptolemy/domains/continuous/test/auto/SinusoidInNoise.xml
798 ms. Memory: 324608K Free: 252777K (78%)
----------------- Invoking toplevel() on ptolemy.moml.MoMLSimpleApplication@6a493d8e
----------------- Done invoking toplevel() on ptolemy.moml.MoMLSimpleApplication@6a493d8e
reloadAllAccessors: .SinusoidInNoise

===========================================================================================
----------------- testing Mon May 04 14:09:25 UTC 2020 /home/travis/build/icyphy/ptII/ptolemy/domains/continuous/test/auto/SinusoidRK45.xml
----------------- Instantiating /home/travis/build/icyphy/ptII/ptolemy/domains/continuous/test/auto/SinusoidRK45.xml
1 ms. Memory: 324608K Free: 248152K (76%)
----------------- Invoking toplevel() on ptolemy.moml.MoMLSimpleApplication@5f96c20a
----------------- Done invoking toplevel() on ptolemy.moml.MoMLSimpleApplication@5f96c20a
reloadAllAccessors: .SinusoidRK45

===========================================================================================
----------------- testing Mon May 04 14:09:25 UTC 2020 /home/travis/build/icyphy/ptII/ptolemy/domains/continuous/test/auto/SinusoidWithMultipleImpulses.xml
----------------- Instantiating /home/travis/build/icyphy/ptII/ptolemy/domains/continuous/test/auto/SinusoidWithMultipleImpulses.xml
2 ms. Memory: 324608K Free: 243561K (75%)
----------------- Invoking toplevel() on ptolemy.moml.MoMLSimpleApplication@542e895b
----------------- Done invoking toplevel() on ptolemy.moml.MoMLSimpleApplication@542e895b
reloadAllAccessors: .SinusoidWithMultipleImpulses

===========================================================================================
----------------- testing Mon May 04 14:09:25 UTC 2020 /home/travis/build/icyphy/ptII/ptolemy/domains/continuous/test/auto/SquareWave.xml
----------------- Instantiating /home/travis/build/icyphy/ptII/ptolemy/domains/continuous/test/auto/SquareWave.xml
132 ms. Memory: 324608K Free: 215913K (67%)
----------------- Invoking toplevel() on ptolemy.moml.MoMLSimpleApplication@5892e07d
----------------- Done invoking toplevel() on ptolemy.moml.MoMLSimpleApplication@5892e07d
reloadAllAccessors: .SquareWave

===========================================================================================
----------------- testing Mon May 04 14:09:26 UTC 2020 /home/travis/build/icyphy/ptII/ptolemy/domains/continuous/test/auto/Starmac.xml
----------------- Instantiating /home/travis/build/icyphy/ptII/ptolemy/domains/continuous/test/auto/Starmac.xml
3064 ms. Memory: 324608K Free: 289612K (89%)
----------------- Invoking toplevel() on ptolemy.moml.MoMLSimpleApplication@9652205
----------------- Done invoking toplevel() on ptolemy.moml.MoMLSimpleApplication@9652205
reloadAllAccessors: .Starmac

===========================================================================================
----------------- testing Mon May 04 14:09:29 UTC 2020 /home/travis/build/icyphy/ptII/ptolemy/domains/continuous/test/auto/StaticUnits.xml
----------------- Instantiating /home/travis/build/icyphy/ptII/ptolemy/domains/continuous/test/auto/StaticUnits.xml
1693 ms. Memory: 324608K Free: 220270K (68%)
----------------- Invoking toplevel() on ptolemy.moml.MoMLSimpleApplication@7df44c01
----------------- Done invoking toplevel() on ptolemy.moml.MoMLSimpleApplication@7df44c01
reloadAllAccessors: .StaticUnits

===========================================================================================
----------------- testing Mon May 04 14:09:31 UTC 2020 /home/travis/build/icyphy/ptII/ptolemy/domains/continuous/test/auto/StickyMasses.xml
----------------- Instantiating /home/travis/build/icyphy/ptII/ptolemy/domains/continuous/test/auto/StickyMasses.xml
111 ms. Memory: 324608K Free: 170608K (53%)
----------------- Invoking toplevel() on ptolemy.moml.MoMLSimpleApplication@75a0ec50
----------------- Done invoking toplevel() on ptolemy.moml.MoMLSimpleApplication@75a0ec50
reloadAllAccessors: .StickyMasses

===========================================================================================
----------------- testing Mon May 04 14:09:31 UTC 2020 /home/travis/build/icyphy/ptII/ptolemy/domains/continuous/test/auto/StopTime.xml
----------------- Instantiating /home/travis/build/icyphy/ptII/ptolemy/domains/continuous/test/auto/StopTime.xml
40 ms. Memory: 324608K Free: 145518K (45%)
----------------- Invoking toplevel() on ptolemy.moml.MoMLSimpleApplication@35e23123
----------------- Done invoking toplevel() on ptolemy.moml.MoMLSimpleApplication@35e23123
reloadAllAccessors: .StopTime

===========================================================================================
----------------- testing Mon May 04 14:09:32 UTC 2020 /home/travis/build/icyphy/ptII/ptolemy/domains/continuous/test/auto/StopTime2.xml
----------------- Instantiating /home/travis/build/icyphy/ptII/ptolemy/domains/continuous/test/auto/StopTime2.xml
35 ms. Memory: 324608K Free: 123504K (38%)
----------------- Invoking toplevel() on ptolemy.moml.MoMLSimpleApplication@687ff451
----------------- Done invoking toplevel() on ptolemy.moml.MoMLSimpleApplication@687ff451
reloadAllAccessors: .StopTime2

===========================================================================================
----------------- testing Mon May 04 14:09:32 UTC 2020 /home/travis/build/icyphy/ptII/ptolemy/domains/continuous/test/auto/Switch.xml
----------------- Instantiating /home/travis/build/icyphy/ptII/ptolemy/domains/continuous/test/auto/Switch.xml
58 ms. Memory: 324608K Free: 287179K (88%)
----------------- Invoking toplevel() on ptolemy.moml.MoMLSimpleApplication@3cc5ffea
----------------- Done invoking toplevel() on ptolemy.moml.MoMLSimpleApplication@3cc5ffea
reloadAllAccessors: .Switch

===========================================================================================
----------------- testing Mon May 04 14:09:32 UTC 2020 /home/travis/build/icyphy/ptII/ptolemy/domains/continuous/test/auto/Thermostat.xml
----------------- Instantiating /home/travis/build/icyphy/ptII/ptolemy/domains/continuous/test/auto/Thermostat.xml
167 ms. Memory: 324608K Free: 215821K (66%)
----------------- Invoking toplevel() on ptolemy.moml.MoMLSimpleApplication@152983b
----------------- Done invoking toplevel() on ptolemy.moml.MoMLSimpleApplication@152983b
reloadAllAccessors: .Thermostat

===========================================================================================
----------------- testing Mon May 04 14:09:32 UTC 2020 /home/travis/build/icyphy/ptII/ptolemy/domains/continuous/test/auto/TimeDelay.xml
----------------- Instantiating /home/travis/build/icyphy/ptII/ptolemy/domains/continuous/test/auto/TimeDelay.xml
5 ms. Memory: 324608K Free: 211204K (65%)
----------------- Invoking toplevel() on ptolemy.moml.MoMLSimpleApplication@4d1bae0e
----------------- Done invoking toplevel() on ptolemy.moml.MoMLSimpleApplication@4d1bae0e
reloadAllAccessors: .TimeDelay

===========================================================================================
----------------- testing Mon May 04 14:09:32 UTC 2020 /home/travis/build/icyphy/ptII/ptolemy/domains/continuous/test/auto/TimeDelay2.xml
----------------- Instantiating /home/travis/build/icyphy/ptII/ptolemy/domains/continuous/test/auto/TimeDelay2.xml
6 ms. Memory: 324608K Free: 201485K (62%)
----------------- Invoking toplevel() on ptolemy.moml.MoMLSimpleApplication@20cf2d1e
----------------- Done invoking toplevel() on ptolemy.moml.MoMLSimpleApplication@20cf2d1e
reloadAllAccessors: .TimeDelay2

===========================================================================================
----------------- testing Mon May 04 14:09:32 UTC 2020 /home/travis/build/icyphy/ptII/ptolemy/domains/continuous/test/auto/TimeDelay3.xml
----------------- Instantiating /home/travis/build/icyphy/ptII/ptolemy/domains/continuous/test/auto/TimeDelay3.xml
4 ms. Memory: 324608K Free: 196858K (61%)
----------------- Invoking toplevel() on ptolemy.moml.MoMLSimpleApplication@4a16e1c6
----------------- Done invoking toplevel() on ptolemy.moml.MoMLSimpleApplication@4a16e1c6
reloadAllAccessors: .TimeDelay3

===========================================================================================
----------------- testing Mon May 04 14:09:32 UTC 2020 /home/travis/build/icyphy/ptII/ptolemy/domains/continuous/test/auto/TransferAbsentToInside.xml
----------------- Instantiating /home/travis/build/icyphy/ptII/ptolemy/domains/continuous/test/auto/TransferAbsentToInside.xml
28 ms. Memory: 324608K Free: 144141K (44%)
----------------- Invoking toplevel() on ptolemy.moml.MoMLSimpleApplication@7fb2751d
----------------- Done invoking toplevel() on ptolemy.moml.MoMLSimpleApplication@7fb2751d
reloadAllAccessors: .TransferAbsentToInside

===========================================================================================
----------------- testing Mon May 04 14:09:32 UTC 2020 /home/travis/build/icyphy/ptII/ptolemy/domains/continuous/test/auto/Transmission.xml
----------------- Instantiating /home/travis/build/icyphy/ptII/ptolemy/domains/continuous/test/auto/Transmission.xml
770 ms. Memory: 324608K Free: 294652K (91%)
----------------- Invoking toplevel() on ptolemy.moml.MoMLSimpleApplication@396cf3fc
----------------- Done invoking toplevel() on ptolemy.moml.MoMLSimpleApplication@396cf3fc
reloadAllAccessors: .Transmission

===========================================================================================
----------------- testing Mon May 04 14:09:33 UTC 2020 /home/travis/build/icyphy/ptII/ptolemy/domains/continuous/test/auto/TriggeredContinuousClock.xml
----------------- Instantiating /home/travis/build/icyphy/ptII/ptolemy/domains/continuous/test/auto/TriggeredContinuousClock.xml
37 ms. Memory: 324608K Free: 265452K (82%)
----------------- Invoking toplevel() on ptolemy.moml.MoMLSimpleApplication@4298bec1
----------------- Done invoking toplevel() on ptolemy.moml.MoMLSimpleApplication@4298bec1
reloadAllAccessors: .TriggeredContinuousClock

===========================================================================================
----------------- testing Mon May 04 14:09:33 UTC 2020 /home/travis/build/icyphy/ptII/ptolemy/domains/continuous/test/auto/TwoMachineInfiniteBusControl.xml
----------------- Instantiating /home/travis/build/icyphy/ptII/ptolemy/domains/continuous/test/auto/TwoMachineInfiniteBusControl.xml
2666 ms. Memory: 324608K Free: 241846K (75%)
----------------- Invoking toplevel() on ptolemy.moml.MoMLSimpleApplication@3ad7d8c9
----------------- Done invoking toplevel() on ptolemy.moml.MoMLSimpleApplication@3ad7d8c9
reloadAllAccessors: .TwoMachineInfiniteBusControl

===========================================================================================
----------------- testing Mon May 04 14:09:36 UTC 2020 /home/travis/build/icyphy/ptII/ptolemy/domains/continuous/test/auto/V2V.xml
----------------- Instantiating /home/travis/build/icyphy/ptII/ptolemy/domains/continuous/test/auto/V2V.xml
748 ms. Memory: 324608K Free: 243375K (75%)
----------------- Invoking toplevel() on ptolemy.moml.MoMLSimpleApplication@20c94de
----------------- Done invoking toplevel() on ptolemy.moml.MoMLSimpleApplication@20c94de
reloadAllAccessors: .V2V

===========================================================================================
----------------- testing Mon May 04 14:09:37 UTC 2020 /home/travis/build/icyphy/ptII/ptolemy/domains/continuous/test/auto/hierarchicalModalModel.xml
----------------- Instantiating /home/travis/build/icyphy/ptII/ptolemy/domains/continuous/test/auto/hierarchicalModalModel.xml
8 ms. Memory: 324608K Free: 228543K (70%)
----------------- Invoking toplevel() on ptolemy.moml.MoMLSimpleApplication@3e72f7
----------------- Done invoking toplevel() on ptolemy.moml.MoMLSimpleApplication@3e72f7
reloadAllAccessors: .hierarchicalModalModel

===========================================================================================
----------------- testing Mon May 04 14:09:37 UTC 2020 /home/travis/build/icyphy/ptII/ptolemy/domains/continuous/test/auto/hierarchicalModalModel1.xml
----------------- Instantiating /home/travis/build/icyphy/ptII/ptolemy/domains/continuous/test/auto/hierarchicalModalModel1.xml
8 ms. Memory: 324608K Free: 214207K (66%)
----------------- Invoking toplevel() on ptolemy.moml.MoMLSimpleApplication@7425dd4f
----------------- Done invoking toplevel() on ptolemy.moml.MoMLSimpleApplication@7425dd4f
reloadAllAccessors: .hierarchicalModalModel1

===========================================================================================
----------------- testing Mon May 04 14:09:37 UTC 2020 /home/travis/build/icyphy/ptII/ptolemy/domains/continuous/test/auto/hierarchicalModalModel2.xml
----------------- Instantiating /home/travis/build/icyphy/ptII/ptolemy/domains/continuous/test/auto/hierarchicalModalModel2.xml
5 ms. Memory: 324608K Free: 201919K (62%)
----------------- Invoking toplevel() on ptolemy.moml.MoMLSimpleApplication@48ee0a66
----------------- Done invoking toplevel() on ptolemy.moml.MoMLSimpleApplication@48ee0a66
reloadAllAccessors: .hierarchicalModalModel2

===========================================================================================
----------------- testing Mon May 04 14:09:37 UTC 2020 /home/travis/build/icyphy/ptII/ptolemy/domains/continuous/test/auto/hierarchicalModalModel3.xml
----------------- Instantiating /home/travis/build/icyphy/ptII/ptolemy/domains/continuous/test/auto/hierarchicalModalModel3.xml
5 ms. Memory: 324608K Free: 191165K (59%)
----------------- Invoking toplevel() on ptolemy.moml.MoMLSimpleApplication@18718f0b
----------------- Done invoking toplevel() on ptolemy.moml.MoMLSimpleApplication@18718f0b
reloadAllAccessors: .hierarchicalModalModel3

===========================================================================================
----------------- testing Mon May 04 14:09:37 UTC 2020 /home/travis/build/icyphy/ptII/ptolemy/domains/continuous/test/auto/hierarchicalModalModel4.xml
----------------- Instantiating /home/travis/build/icyphy/ptII/ptolemy/domains/continuous/test/auto/hierarchicalModalModel4.xml
4 ms. Memory: 324608K Free: 179391K (55%)
----------------- Invoking toplevel() on ptolemy.moml.MoMLSimpleApplication@1cf8b692
----------------- Done invoking toplevel() on ptolemy.moml.MoMLSimpleApplication@1cf8b692
reloadAllAccessors: .hierarchicalModalModel4

===========================================================================================
----------------- testing Mon May 04 14:09:37 UTC 2020 /home/travis/build/icyphy/ptII/ptolemy/domains/continuous/test/auto/junk.xml
----------------- Instantiating /home/travis/build/icyphy/ptII/ptolemy/domains/continuous/test/auto/junk.xml
115 ms. Memory: 324608K Free: 154815K (48%)
----------------- Invoking toplevel() on ptolemy.moml.MoMLSimpleApplication@6c73442a
----------------- Done invoking toplevel() on ptolemy.moml.MoMLSimpleApplication@6c73442a
reloadAllAccessors: .junk
AutoTests.java: About to close Vertx.
AutoTests.java: Vertx closed.
]]></system-out>
  <system-err><![CDATA[Warning: '.HysteresisWithRandomDelay.NonStrictTest3' The test produced only 24 tokens, yet the correctValues parameter was expecting 30 tokens.
Warning: '.IncreasingRatePoisson.NonStrictTest' The test produced only 392 tokens, yet the correctValues parameter was expecting 402 tokens.
Warning: '.Poisson.NonStrictTest' The test produced only 377 tokens, yet the correctValues parameter was expecting 430 tokens.
]]></system-err>
</testsuite>
