<?xml version="1.0" encoding="UTF-8" ?>
<testsuite errors="0" failures="0" hostname="travis-job-b23ada21-8ff2-40fc-9406-c23a637a09a8" name="ptolemy.domains.de.test.junit.JUnitTclTest" skipped="0" tests="101" time="129.521" timestamp="2019-04-18T04:29:22">
  <properties>
[...]
</properties>
  <testcase classname="ptolemy.util.test.junit.TclTests" name="[0] /home/travis/build/icyphy/ptII/ptolemy/domains/de/test/DependencyLoop.tcl (RunTclFile)" time="0.74" />
  <testcase classname="ptolemy.util.test.junit.TclTests" name="[1] /home/travis/build/icyphy/ptII/ptolemy/domains/de/test/RunDETestsAsQSS.tcl (RunTclFile)" time="89.398" />
  <testcase classname="ptolemy.util.test.junit.AutoKnownFailedTests" name="[0] /home/travis/build/icyphy/ptII/ptolemy/domains/de/test/auto/knownFailedTests/DESDFClockTest.xml (RunModel)" time="2.037" />
  <testcase classname="ptolemy.util.test.junit.AutoKnownFailedTests" name="[1] /home/travis/build/icyphy/ptII/ptolemy/domains/de/test/auto/knownFailedTests/DirectFeedback.xml (RunModel)" time="0.012" />
  <testcase classname="ptolemy.util.test.junit.AutoKnownFailedTests" name="[2] /home/travis/build/icyphy/ptII/ptolemy/domains/de/test/auto/knownFailedTests/FSMSource.xml (RunModel)" time="0.015" />
  <testcase classname="ptolemy.util.test.junit.AutoKnownFailedTests" name="[3] /home/travis/build/icyphy/ptII/ptolemy/domains/de/test/auto/knownFailedTests/HierarchicalModel.xml (RunModel)" time="0.026" />
  <testcase classname="ptolemy.util.test.junit.AutoKnownFailedTests" name="[4] /home/travis/build/icyphy/ptII/ptolemy/domains/de/test/auto/knownFailedTests/dependencyLoop.xml (RunModel)" time="0.027" />
  <testcase classname="ptolemy.util.test.junit.AutoKnownFailedTests" name="[5] /home/travis/build/icyphy/ptII/ptolemy/domains/de/test/auto/knownFailedTests/dependencyLoop2.xml (RunModel)" time="0.035" />
  <testcase classname="ptolemy.util.test.junit.AutoNameArchTests" name="[0] ThereAreNoAutoArchTests (RunModel)" time="0.005" />
  <testcase classname="ptolemy.util.test.junit.AutoTests" name="[0] /home/travis/build/icyphy/ptII/ptolemy/domains/de/test/auto/ActorDepthCalculation_actorWithoutPorts.xml (RunModel)" time="0.016" />
  <testcase classname="ptolemy.util.test.junit.AutoTests" name="[1] /home/travis/build/icyphy/ptII/ptolemy/domains/de/test/auto/AssemblyLine.xml (RunModel)" time="0.017" />
  <testcase classname="ptolemy.util.test.junit.AutoTests" name="[2] /home/travis/build/icyphy/ptII/ptolemy/domains/de/test/auto/CQBug1.xml (RunModel)" time="0.007" />
  <testcase classname="ptolemy.util.test.junit.AutoTests" name="[3] /home/travis/build/icyphy/ptII/ptolemy/domains/de/test/auto/CancelFireAt.xml (RunModel)" time="0.006" />
  <testcase classname="ptolemy.util.test.junit.AutoTests" name="[4] /home/travis/build/icyphy/ptII/ptolemy/domains/de/test/auto/CausalityAndComposabilityAnalysis.xml (RunModel)" time="0.011" />
  <testcase classname="ptolemy.util.test.junit.AutoTests" name="[5] /home/travis/build/icyphy/ptII/ptolemy/domains/de/test/auto/CausalityInterface1.xml (RunModel)" time="0.012" />
  <testcase classname="ptolemy.util.test.junit.AutoTests" name="[6] /home/travis/build/icyphy/ptII/ptolemy/domains/de/test/auto/CausalityInterface15.xml (RunModel)" time="0.012" />
  <testcase classname="ptolemy.util.test.junit.AutoTests" name="[7] /home/travis/build/icyphy/ptII/ptolemy/domains/de/test/auto/CausalityInterface2.xml (RunModel)" time="0.011" />
  <testcase classname="ptolemy.util.test.junit.AutoTests" name="[8] /home/travis/build/icyphy/ptII/ptolemy/domains/de/test/auto/CausalityInterface3.xml (RunModel)" time="0.015" />
  <testcase classname="ptolemy.util.test.junit.AutoTests" name="[9] /home/travis/build/icyphy/ptII/ptolemy/domains/de/test/auto/ClockDrift.xml (RunModel)" time="0.04" />
  <testcase classname="ptolemy.util.test.junit.AutoTests" name="[10] /home/travis/build/icyphy/ptII/ptolemy/domains/de/test/auto/ClockDriftAndValueChange.xml (RunModel)" time="0.033" />
  <testcase classname="ptolemy.util.test.junit.AutoTests" name="[11] /home/travis/build/icyphy/ptII/ptolemy/domains/de/test/auto/ClockDriftChange.xml (RunModel)" time="0.032" />
  <testcase classname="ptolemy.util.test.junit.AutoTests" name="[12] /home/travis/build/icyphy/ptII/ptolemy/domains/de/test/auto/ComposableCausalityAnalysis.xml (RunModel)" time="0.013" />
  <testcase classname="ptolemy.util.test.junit.AutoTests" name="[13] /home/travis/build/icyphy/ptII/ptolemy/domains/de/test/auto/DEFixedPointLimitation.xml (RunModel)" time="0.009" />
  <testcase classname="ptolemy.util.test.junit.AutoTests" name="[14] /home/travis/build/icyphy/ptII/ptolemy/domains/de/test/auto/DEScheduleTest.xml (RunModel)" time="0.011" />
  <testcase classname="ptolemy.util.test.junit.AutoTests" name="[15] /home/travis/build/icyphy/ptII/ptolemy/domains/de/test/auto/DEinDEwithStartTimes.xml (RunModel)" time="0.017" />
  <testcase classname="ptolemy.util.test.junit.AutoTests" name="[16] /home/travis/build/icyphy/ptII/ptolemy/domains/de/test/auto/DEinDEwithStartTimes2.xml (RunModel)" time="0.016" />
  <testcase classname="ptolemy.util.test.junit.AutoTests" name="[17] /home/travis/build/icyphy/ptII/ptolemy/domains/de/test/auto/DateDemo.xml (RunModel)" time="0.031" />
  <testcase classname="ptolemy.util.test.junit.AutoTests" name="[18] /home/travis/build/icyphy/ptII/ptolemy/domains/de/test/auto/DateToEvent.xml (RunModel)" time="2.04" />
  <testcase classname="ptolemy.util.test.junit.AutoTests" name="[19] /home/travis/build/icyphy/ptII/ptolemy/domains/de/test/auto/DepthTest1.xml (RunModel)" time="0.008" />
  <testcase classname="ptolemy.util.test.junit.AutoTests" name="[20] /home/travis/build/icyphy/ptII/ptolemy/domains/de/test/auto/DepthTest2.xml (RunModel)" time="0.017" />
  <testcase classname="ptolemy.util.test.junit.AutoTests" name="[21] /home/travis/build/icyphy/ptII/ptolemy/domains/de/test/auto/DepthTest3.xml (RunModel)" time="0.008" />
  <testcase classname="ptolemy.util.test.junit.AutoTests" name="[22] /home/travis/build/icyphy/ptII/ptolemy/domains/de/test/auto/DepthTest4.xml (RunModel)" time="0.012" />
  <testcase classname="ptolemy.util.test.junit.AutoTests" name="[23] /home/travis/build/icyphy/ptII/ptolemy/domains/de/test/auto/DepthTest5.xml (RunModel)" time="0.014" />
  <testcase classname="ptolemy.util.test.junit.AutoTests" name="[24] /home/travis/build/icyphy/ptII/ptolemy/domains/de/test/auto/DepthTest6.xml (RunModel)" time="0.013" />
  <testcase classname="ptolemy.util.test.junit.AutoTests" name="[25] /home/travis/build/icyphy/ptII/ptolemy/domains/de/test/auto/DepthTest7.xml (RunModel)" time="0.012" />
  <testcase classname="ptolemy.util.test.junit.AutoTests" name="[26] /home/travis/build/icyphy/ptII/ptolemy/domains/de/test/auto/EventToDate.xml (RunModel)" time="3.032" />
  <testcase classname="ptolemy.util.test.junit.AutoTests" name="[27] /home/travis/build/icyphy/ptII/ptolemy/domains/de/test/auto/FSM1.xml (RunModel)" time="0.059" />
  <testcase classname="ptolemy.util.test.junit.AutoTests" name="[28] /home/travis/build/icyphy/ptII/ptolemy/domains/de/test/auto/FSM7.xml (RunModel)" time="0.05" />
  <testcase classname="ptolemy.util.test.junit.AutoTests" name="[29] /home/travis/build/icyphy/ptII/ptolemy/domains/de/test/auto/Inspection.xml (RunModel)" time="0.074" />
  <testcase classname="ptolemy.util.test.junit.AutoTests" name="[30] /home/travis/build/icyphy/ptII/ptolemy/domains/de/test/auto/Iteration.xml (RunModel)" time="0.03" />
  <testcase classname="ptolemy.util.test.junit.AutoTests" name="[31] /home/travis/build/icyphy/ptII/ptolemy/domains/de/test/auto/LineFault.xml (RunModel)" time="0.436" />
  <testcase classname="ptolemy.util.test.junit.AutoTests" name="[32] /home/travis/build/icyphy/ptII/ptolemy/domains/de/test/auto/MergeModel1Add.xml (RunModel)" time="0.032" />
  <testcase classname="ptolemy.util.test.junit.AutoTests" name="[33] /home/travis/build/icyphy/ptII/ptolemy/domains/de/test/auto/MergeModel2Add.xml (RunModel)" time="0.027" />
  <testcase classname="ptolemy.util.test.junit.AutoTests" name="[34] /home/travis/build/icyphy/ptII/ptolemy/domains/de/test/auto/MergeModel3Add.xml (RunModel)" time="0.044" />
  <testcase classname="ptolemy.util.test.junit.AutoTests" name="[35] /home/travis/build/icyphy/ptII/ptolemy/domains/de/test/auto/MergeWithoutDiscard.xml (RunModel)" time="0.01" />
  <testcase classname="ptolemy.util.test.junit.AutoTests" name="[36] /home/travis/build/icyphy/ptII/ptolemy/domains/de/test/auto/Modal1.xml (RunModel)" time="0.031" />
  <testcase classname="ptolemy.util.test.junit.AutoTests" name="[37] /home/travis/build/icyphy/ptII/ptolemy/domains/de/test/auto/Modal2.xml (RunModel)" time="0.031" />
  <testcase classname="ptolemy.util.test.junit.AutoTests" name="[38] /home/travis/build/icyphy/ptII/ptolemy/domains/de/test/auto/Modal3.xml (RunModel)" time="0.032" />
  <testcase classname="ptolemy.util.test.junit.AutoTests" name="[39] /home/travis/build/icyphy/ptII/ptolemy/domains/de/test/auto/Modal4.xml (RunModel)" time="0.026" />
  <testcase classname="ptolemy.util.test.junit.AutoTests" name="[40] /home/travis/build/icyphy/ptII/ptolemy/domains/de/test/auto/Modal5.xml (RunModel)" time="0.026" />
  <testcase classname="ptolemy.util.test.junit.AutoTests" name="[41] /home/travis/build/icyphy/ptII/ptolemy/domains/de/test/auto/Modal6.xml (RunModel)" time="0.026" />
  <testcase classname="ptolemy.util.test.junit.AutoTests" name="[42] /home/travis/build/icyphy/ptII/ptolemy/domains/de/test/auto/Modal7.xml (RunModel)" time="0.027" />
  <testcase classname="ptolemy.util.test.junit.AutoTests" name="[43] /home/travis/build/icyphy/ptII/ptolemy/domains/de/test/auto/ModalModel.xml (RunModel)" time="0.135" />
  <testcase classname="ptolemy.util.test.junit.AutoTests" name="[44] /home/travis/build/icyphy/ptII/ptolemy/domains/de/test/auto/ModalSource.xml (RunModel)" time="0.016" />
  <testcase classname="ptolemy.util.test.junit.AutoTests" name="[45] /home/travis/build/icyphy/ptII/ptolemy/domains/de/test/auto/NonInterruptibleTimerZeroDelay.xml (RunModel)" time="0.009" />
  <testcase classname="ptolemy.util.test.junit.AutoTests" name="[46] /home/travis/build/icyphy/ptII/ptolemy/domains/de/test/auto/OpenQueueingNetwork.xml (RunModel)" time="1.966" />
  <testcase classname="ptolemy.util.test.junit.AutoTests" name="[47] /home/travis/build/icyphy/ptII/ptolemy/domains/de/test/auto/OpenQueuingNetwork.xml (RunModel)" time="0.264" />
  <testcase classname="ptolemy.util.test.junit.AutoTests" name="[48] /home/travis/build/icyphy/ptII/ptolemy/domains/de/test/auto/PeriodicSampler.xml (RunModel)" time="0.008" />
  <testcase classname="ptolemy.util.test.junit.AutoTests" name="[49] /home/travis/build/icyphy/ptII/ptolemy/domains/de/test/auto/PersistentIO.xml (RunModel)" time="0.017" />
  <testcase classname="ptolemy.util.test.junit.AutoTests" name="[50] /home/travis/build/icyphy/ptII/ptolemy/domains/de/test/auto/PortParameterResetOnInitialize.xml (RunModel)" time="0.008" />
  <testcase classname="ptolemy.util.test.junit.AutoTests" name="[51] /home/travis/build/icyphy/ptII/ptolemy/domains/de/test/auto/PortParameterUpdates.xml (RunModel)" time="0.012" />
  <testcase classname="ptolemy.util.test.junit.AutoTests" name="[52] /home/travis/build/icyphy/ptII/ptolemy/domains/de/test/auto/QueueAndServer.xml (RunModel)" time="0.017" />
  <testcase classname="ptolemy.util.test.junit.AutoTests" name="[53] /home/travis/build/icyphy/ptII/ptolemy/domains/de/test/auto/Records.xml (RunModel)" time="0.013" />
  <testcase classname="ptolemy.util.test.junit.AutoTests" name="[54] /home/travis/build/icyphy/ptII/ptolemy/domains/de/test/auto/ResetTransitionWithStartTime1.xml (RunModel)" time="0.017" />
  <testcase classname="ptolemy.util.test.junit.AutoTests" name="[55] /home/travis/build/icyphy/ptII/ptolemy/domains/de/test/auto/ResetTransitionWithStartTime2.xml (RunModel)" time="0.018" />
  <testcase classname="ptolemy.util.test.junit.AutoTests" name="[56] /home/travis/build/icyphy/ptII/ptolemy/domains/de/test/auto/ResetTransitionWithStartTime3.xml (RunModel)" time="0.017" />
  <testcase classname="ptolemy.util.test.junit.AutoTests" name="[57] /home/travis/build/icyphy/ptII/ptolemy/domains/de/test/auto/ResetTransitionWithStartTime4.xml (RunModel)" time="0.017" />
  <testcase classname="ptolemy.util.test.junit.AutoTests" name="[58] /home/travis/build/icyphy/ptII/ptolemy/domains/de/test/auto/ResettableTimer1.xml (RunModel)" time="0.01" />
  <testcase classname="ptolemy.util.test.junit.AutoTests" name="[59] /home/travis/build/icyphy/ptII/ptolemy/domains/de/test/auto/ResettableTimer2.xml (RunModel)" time="0.01" />
  <testcase classname="ptolemy.util.test.junit.AutoTests" name="[60] /home/travis/build/icyphy/ptII/ptolemy/domains/de/test/auto/ResettableTimer3.xml (RunModel)" time="0.009" />
  <testcase classname="ptolemy.util.test.junit.AutoTests" name="[61] /home/travis/build/icyphy/ptII/ptolemy/domains/de/test/auto/ResettableTimer4.xml (RunModel)" time="0.008" />
  <testcase classname="ptolemy.util.test.junit.AutoTests" name="[62] /home/travis/build/icyphy/ptII/ptolemy/domains/de/test/auto/ResettableTimer5.xml (RunModel)" time="0.011" />
  <testcase classname="ptolemy.util.test.junit.AutoTests" name="[63] /home/travis/build/icyphy/ptII/ptolemy/domains/de/test/auto/ResettableTimer6.xml (RunModel)" time="0.011" />
  <testcase classname="ptolemy.util.test.junit.AutoTests" name="[64] /home/travis/build/icyphy/ptII/ptolemy/domains/de/test/auto/ServerZeroDelay.xml (RunModel)" time="0.009" />
  <testcase classname="ptolemy.util.test.junit.AutoTests" name="[65] /home/travis/build/icyphy/ptII/ptolemy/domains/de/test/auto/SmartSender.xml (RunModel)" time="3.008" />
  <testcase classname="ptolemy.util.test.junit.AutoTests" name="[66] /home/travis/build/icyphy/ptII/ptolemy/domains/de/test/auto/ThreadedComposite.xml (RunModel)" time="0.169" />
  <testcase classname="ptolemy.util.test.junit.AutoTests" name="[67] /home/travis/build/icyphy/ptII/ptolemy/domains/de/test/auto/Time.xml (RunModel)" time="0.421" />
  <testcase classname="ptolemy.util.test.junit.AutoTests" name="[68] /home/travis/build/icyphy/ptII/ptolemy/domains/de/test/auto/TimeDelayZeroDelay.xml (RunModel)" time="0.01" />
  <testcase classname="ptolemy.util.test.junit.AutoTests" name="[69] /home/travis/build/icyphy/ptII/ptolemy/domains/de/test/auto/TimerZeroDelay.xml (RunModel)" time="0.009" />
  <testcase classname="ptolemy.util.test.junit.AutoTests" name="[70] /home/travis/build/icyphy/ptII/ptolemy/domains/de/test/auto/TimingParadox.xml (RunModel)" time="0.346" />
  <testcase classname="ptolemy.util.test.junit.AutoTests" name="[71] /home/travis/build/icyphy/ptII/ptolemy/domains/de/test/auto/TransferInputs.xml (RunModel)" time="0.009" />
  <testcase classname="ptolemy.util.test.junit.AutoTests" name="[72] /home/travis/build/icyphy/ptII/ptolemy/domains/de/test/auto/TransferOutputs2.xml (RunModel)" time="0.015" />
  <testcase classname="ptolemy.util.test.junit.AutoTests" name="[73] /home/travis/build/icyphy/ptII/ptolemy/domains/de/test/auto/Trilateration.xml (RunModel)" time="11.596" />
  <testcase classname="ptolemy.util.test.junit.AutoTests" name="[74] /home/travis/build/icyphy/ptII/ptolemy/domains/de/test/auto/TwoSigmaDelta.xml (RunModel)" time="2.037" />
  <testcase classname="ptolemy.util.test.junit.AutoTests" name="[75] /home/travis/build/icyphy/ptII/ptolemy/domains/de/test/auto/VariableDelay.xml (RunModel)" time="0.025" />
  <testcase classname="ptolemy.util.test.junit.AutoTests" name="[76] /home/travis/build/icyphy/ptII/ptolemy/domains/de/test/auto/VariableDelay2.xml (RunModel)" time="0.013" />
  <testcase classname="ptolemy.util.test.junit.AutoTests" name="[77] /home/travis/build/icyphy/ptII/ptolemy/domains/de/test/auto/VariableDelayZeroDelay.xml (RunModel)" time="0.013" />
  <testcase classname="ptolemy.util.test.junit.AutoTests" name="[78] /home/travis/build/icyphy/ptII/ptolemy/domains/de/test/auto/VariableDelayZeroDelay2.xml (RunModel)" time="0.019" />
  <testcase classname="ptolemy.util.test.junit.AutoTests" name="[79] /home/travis/build/icyphy/ptII/ptolemy/domains/de/test/auto/deInCt.xml (RunModel)" time="0.017" />
  <testcase classname="ptolemy.util.test.junit.AutoTests" name="[80] /home/travis/build/icyphy/ptII/ptolemy/domains/de/test/auto/deInCt2.xml (RunModel)" time="0.026" />
  <testcase classname="ptolemy.util.test.junit.AutoTests" name="[81] /home/travis/build/icyphy/ptII/ptolemy/domains/de/test/auto/dynamicCausalityInterface1.xml (RunModel)" time="0.016" />
  <testcase classname="ptolemy.util.test.junit.AutoTests" name="[82] /home/travis/build/icyphy/ptII/ptolemy/domains/de/test/auto/fsm_de_test.xml (RunModel)" time="0.028" />
  <testcase classname="ptolemy.util.test.junit.AutoTests" name="[83] /home/travis/build/icyphy/ptII/ptolemy/domains/de/test/auto/functionDependencyReconstruction.xml (RunModel)" time="0.031" />
  <testcase classname="ptolemy.util.test.junit.AutoTests" name="[84] /home/travis/build/icyphy/ptII/ptolemy/domains/de/test/auto/multirate.xml (RunModel)" time="0.018" />
  <testcase classname="ptolemy.util.test.junit.AutoTests" name="[85] /home/travis/build/icyphy/ptII/ptolemy/domains/de/test/auto/multirate2.xml (RunModel)" time="0.018" />
  <testcase classname="ptolemy.util.test.junit.AutoTests" name="[86] /home/travis/build/icyphy/ptII/ptolemy/domains/de/test/auto/realtime.xml (RunModel)" time="10.011" />
  <testcase classname="ptolemy.util.test.junit.AutoTests" name="[87] /home/travis/build/icyphy/ptII/ptolemy/domains/de/test/auto/relationGroup.xml (RunModel)" time="0.007" />
  <testcase classname="ptolemy.util.test.junit.AutoTests" name="[88] /home/travis/build/icyphy/ptII/ptolemy/domains/de/test/auto/relationGroup2.xml (RunModel)" time="0.009" />
  <testcase classname="ptolemy.util.test.junit.AutoTests" name="[89] /home/travis/build/icyphy/ptII/ptolemy/domains/de/test/auto/sortWithOpaquePorts.xml (RunModel)" time="0.01" />
  <testcase classname="ptolemy.util.test.junit.AutoTests" name="[90] /home/travis/build/icyphy/ptII/ptolemy/domains/de/test/auto/transferInputsandOutputs.xml (RunModel)" time="0.014" />
  <testcase classname="ptolemy.util.test.junit.AutoTests" name="[91] /home/travis/build/icyphy/ptII/ptolemy/domains/de/test/auto/triggerType.xml (RunModel)" time="0.009" />
  <system-out><![CDATA[/home/travis/build/icyphy/ptII/ptolemy/domains/de/test/DependencyLoop.tcl
testDefs.tcl: setting time out to 9000 seconds at Thu Apr 18 04:29:22 UTC 2019
14 ms. Memory: 116224K Free: 97611K (84%)
21 ms. Memory: 146944K Free: 140831K (96%)
/home/travis/build/icyphy/ptII/ptolemy/domains/de/test/RunDETestsAsQSS.tcl
Run the DE tests using ptolemy.domains.qss.test.QSSDirectorTest, which extends QSSDirector and prints a message in the constructors.
------------------ testing $PTII/ptolemy/domains/de/test/auto/knownFailedTests/dependencyLoop.xml (Known Failure) 
11 ms. Memory: 146944K Free: 136584K (93%)


==== $PTIIhome/travis/build/icyphy/ptII/ptolemy/domains/de/test/../../../../: Auto Automatic test in file $PTII/ptolemy/domains/de/test/auto/knownFailedTests/dependencyLoop.xml
==== Contents of test case:

	    # FIXME: we should use $relativeFilename here, but it
	    # might have backslashes under Windows, which causes no end
	    # of trouble.
	    createAndExecute $file
	    list {}
	
.... Test generated KNOWN error:
    while executing
ptolemy.kernel.util.IllegalActionException: Found a zero delay loop containing .dependencyLoop.original
  in .dependencyLoop and .dependencyLoop.original
	at ptolemy.actor.util.CausalityInterfaceForComposites._computeOutputPortDepth(CausalityInterfaceForComposites.java:759)
	at ptolemy.actor.util.CausalityInterfaceForComposites._computeInputDepth(CausalityInterfaceForComposites.java:696)
	at ptolemy.actor.util.CausalityInterfaceForComposites._computeOutputPortDepth(CausalityInterfaceForComposites.java:765)
	at ptolemy.actor.util.CausalityInterfaceForComposites._computeInputDepth(CausalityInterfaceForComposites.java:696)
	at ptolemy.actor.util.CausalityInterfaceForComposites._computeOutputPortDepth(CausalityInterfaceForComposites.java:765)
	at ptolemy.actor.util.CausalityInterfaceForComposites._computeInputDepth(CausalityInterfaceForComposites.java:696)
	at ptolemy.actor.util.CausalityInterfaceForComposites._computeActorDepth(CausalityInterfaceForComposites.java:532)
	at ptolemy.actor.util.CausalityInterfaceForComposites.checkForCycles(CausalityInterfaceForComposites.java:96)
	at ptolemy.domains.de.kernel.DEDirector.preinitialize(DEDirector.java:1338)
	at ptolemy.actor.CompositeActor.preinitialize(CompositeActor.java:1828)
	at ptolemy.actor.Manager.preinitializeAndResolveTypes(Manager.java:1040)
	at ptolemy.actor.Manager.initialize(Manager.java:710)
	at ptolemy.actor.Manager.execute(Manager.java:356)
	at ptolemy.actor.Manager.run(Manager.java:1263)
	at ptolemy.actor.Manager$PtolemyRunThread.run(Manager.java:1915)

    while executing
ptolemy.kernel.util.IllegalActionException: Found a zero delay loop containing .dependencyLoop.original
  in .dependencyLoop and .dependencyLoop.original
    while executing
"java::new ptolemy.moml.MoMLSimpleApplication $file
"
    (procedure "createAndExecute" line 2)
    invoked from within
"createAndExecute $file"
    ("uplevel" body line 5)
    invoked from within
"uplevel $contents_of_test"
------------------ testing $PTII/ptolemy/domains/de/test/auto/knownFailedTests/DESDFClockTest.xml (Known Failure) 
2101 ms. Memory: 146944K Free: 120992K (82%)


==== $PTIIhome/travis/build/icyphy/ptII/ptolemy/domains/de/test/../../../../: Auto Automatic test in file $PTII/ptolemy/domains/de/test/auto/knownFailedTests/DESDFClockTest.xml
==== Contents of test case:

	    # FIXME: we should use $relativeFilename here, but it
	    # might have backslashes under Windows, which causes no end
	    # of trouble.
	    createAndExecute $file
	    list {}
	
.... Test generated KNOWN error:
    while executing
ptolemy.kernel.util.IllegalActionException: Actor is not ready to fire.  Perhaps UpSample.prefire() returned false? Try debugging the actor by selecting "Listen to Actor".  Also, for SDF check moml for tokenConsumptionRate on input.
  in .DESDFClockTest.Play Bell.Copy1:SDF Director and .DESDFClockTest.Play Bell.UpSample
	at ptolemy.actor.sched.StaticSchedulingDirector.fire(StaticSchedulingDirector.java:227)
	at ptolemy.domains.sdf.kernel.SDFDirector.fire(SDFDirector.java:500)
	at ptolemy.actor.CompositeActor.fire(CompositeActor.java:455)
	at ptolemy.domains.de.kernel.DEDirector._fire(DEDirector.java:1949)
	at ptolemy.domains.de.kernel.DEDirector.fire(DEDirector.java:502)
	at ptolemy.actor.CompositeActor.fire(CompositeActor.java:455)
	at ptolemy.actor.Manager.iterate(Manager.java:851)
	at ptolemy.actor.Manager.execute(Manager.java:369)
	at ptolemy.actor.Manager.run(Manager.java:1263)
	at ptolemy.actor.Manager$PtolemyRunThread.run(Manager.java:1915)

    while executing
ptolemy.kernel.util.IllegalActionException: Actor is not ready to fire.  Perhaps UpSample.prefire() returned false? Try debugging the actor by selecting "Listen to Actor".  Also, for SDF check moml for tokenConsumptionRate on input.
  in .DESDFClockTest.Play Bell.Copy1:SDF Director and .DESDFClockTest.Play Bell.UpSample
    while executing
"java::new ptolemy.moml.MoMLSimpleApplication $file
"
    (procedure "createAndExecute" line 2)
    invoked from within
"createAndExecute $file"
    ("uplevel" body line 5)
    invoked from within
"uplevel $contents_of_test"
------------------ testing $PTII/ptolemy/domains/de/test/auto/knownFailedTests/FSMSource.xml (Known Failure) 
36 ms. Memory: 146944K Free: 112118K (76%)
!!!! Auto was marked as failing, but now passes
------------------ testing $PTII/ptolemy/domains/de/test/auto/knownFailedTests/dependencyLoop2.xml (Known Failure) 
12 ms. Memory: 146944K Free: 110235K (75%)


==== $PTIIhome/travis/build/icyphy/ptII/ptolemy/domains/de/test/../../../../: Auto Automatic test in file $PTII/ptolemy/domains/de/test/auto/knownFailedTests/dependencyLoop2.xml
==== Contents of test case:

	    # FIXME: we should use $relativeFilename here, but it
	    # might have backslashes under Windows, which causes no end
	    # of trouble.
	    createAndExecute $file
	    list {}
	
.... Test generated KNOWN error:
    while executing
ptolemy.kernel.util.IllegalActionException: Found a zero delay loop containing .dependencyLoop2.original
  in .dependencyLoop2 and .dependencyLoop2.original
	at ptolemy.actor.util.CausalityInterfaceForComposites._computeOutputPortDepth(CausalityInterfaceForComposites.java:759)
	at ptolemy.actor.util.CausalityInterfaceForComposites._computeInputDepth(CausalityInterfaceForComposites.java:696)
	at ptolemy.actor.util.CausalityInterfaceForComposites._computeOutputPortDepth(CausalityInterfaceForComposites.java:765)
	at ptolemy.actor.util.CausalityInterfaceForComposites._computeInputDepth(CausalityInterfaceForComposites.java:696)
	at ptolemy.actor.util.CausalityInterfaceForComposites._computeOutputPortDepth(CausalityInterfaceForComposites.java:765)
	at ptolemy.actor.util.CausalityInterfaceForComposites._computeInputDepth(CausalityInterfaceForComposites.java:696)
	at ptolemy.actor.util.CausalityInterfaceForComposites._computeActorDepth(CausalityInterfaceForComposites.java:532)
	at ptolemy.actor.util.CausalityInterfaceForComposites.checkForCycles(CausalityInterfaceForComposites.java:96)
	at ptolemy.domains.de.kernel.DEDirector.preinitialize(DEDirector.java:1338)
	at ptolemy.actor.CompositeActor.preinitialize(CompositeActor.java:1828)
	at ptolemy.actor.Manager.preinitializeAndResolveTypes(Manager.java:1040)
	at ptolemy.actor.Manager.initialize(Manager.java:710)
	at ptolemy.actor.Manager.execute(Manager.java:356)
	at ptolemy.actor.Manager.run(Manager.java:1263)
	at ptolemy.actor.Manager$PtolemyRunThread.run(Manager.java:1915)

    while executing
ptolemy.kernel.util.IllegalActionException: Found a zero delay loop containing .dependencyLoop2.original
  in .dependencyLoop2 and .dependencyLoop2.original
    while executing
"java::new ptolemy.moml.MoMLSimpleApplication $file
"
    (procedure "createAndExecute" line 2)
    invoked from within
"createAndExecute $file"
    ("uplevel" body line 5)
    invoked from within
"uplevel $contents_of_test"
------------------ testing $PTII/ptolemy/domains/de/test/auto/knownFailedTests/HierarchicalModel.xml (Known Failure) 
6 ms. Memory: 146944K Free: 90061K (61%)


==== $PTIIhome/travis/build/icyphy/ptII/ptolemy/domains/de/test/../../../../: Auto Automatic test in file $PTII/ptolemy/domains/de/test/auto/knownFailedTests/HierarchicalModel.xml
==== Contents of test case:

	    # FIXME: we should use $relativeFilename here, but it
	    # might have backslashes under Windows, which causes no end
	    # of trouble.
	    createAndExecute $file
	    list {}
	
.... Test generated KNOWN error:
    while executing
ptolemy.kernel.util.IllegalActionException: Found a zero delay loop containing .HierarchicalModel.A
  in .HierarchicalModel and .HierarchicalModel.A
	at ptolemy.actor.util.CausalityInterfaceForComposites._computeOutputPortDepth(CausalityInterfaceForComposites.java:759)
	at ptolemy.actor.util.CausalityInterfaceForComposites._computeInputDepth(CausalityInterfaceForComposites.java:696)
	at ptolemy.actor.util.CausalityInterfaceForComposites._computeOutputPortDepth(CausalityInterfaceForComposites.java:765)
	at ptolemy.actor.util.CausalityInterfaceForComposites._computeInputDepth(CausalityInterfaceForComposites.java:696)
	at ptolemy.actor.util.CausalityInterfaceForComposites._computeOutputPortDepth(CausalityInterfaceForComposites.java:765)
	at ptolemy.actor.util.CausalityInterfaceForComposites._computeInputDepth(CausalityInterfaceForComposites.java:696)
	at ptolemy.actor.util.CausalityInterfaceForComposites._computeActorDepth(CausalityInterfaceForComposites.java:532)
	at ptolemy.actor.util.CausalityInterfaceForComposites.checkForCycles(CausalityInterfaceForComposites.java:96)
	at ptolemy.domains.de.kernel.DEDirector.preinitialize(DEDirector.java:1338)
	at ptolemy.actor.CompositeActor.preinitialize(CompositeActor.java:1828)
	at ptolemy.actor.Manager.preinitializeAndResolveTypes(Manager.java:1040)
	at ptolemy.actor.Manager.initialize(Manager.java:710)
	at ptolemy.actor.Manager.execute(Manager.java:356)
	at ptolemy.actor.Manager.run(Manager.java:1263)
	at ptolemy.actor.Manager$PtolemyRunThread.run(Manager.java:1915)

    while executing
ptolemy.kernel.util.IllegalActionException: Found a zero delay loop containing .HierarchicalModel.A
  in .HierarchicalModel and .HierarchicalModel.A
    while executing
"java::new ptolemy.moml.MoMLSimpleApplication $file
"
    (procedure "createAndExecute" line 2)
    invoked from within
"createAndExecute $file"
    ("uplevel" body line 5)
    invoked from within
"uplevel $contents_of_test"
------------------ testing $PTII/ptolemy/domains/de/test/auto/knownFailedTests/DirectFeedback.xml (Known Failure) 
4 ms. Memory: 146944K Free: 85949K (58%)


==== $PTIIhome/travis/build/icyphy/ptII/ptolemy/domains/de/test/../../../../: Auto Automatic test in file $PTII/ptolemy/domains/de/test/auto/knownFailedTests/DirectFeedback.xml
==== Contents of test case:

	    # FIXME: we should use $relativeFilename here, but it
	    # might have backslashes under Windows, which causes no end
	    # of trouble.
	    createAndExecute $file
	    list {}
	
.... Test generated KNOWN error:
    while executing
ptolemy.kernel.util.IllegalActionException: Test fails in iteration 1.
Value was: 1.0. Should have been: 2.0
  in .DirectFeedback.Test
	at ptolemy.actor.lib.Test.fire(Test.java:268)
	at ptolemy.domains.de.kernel.DEDirector._fire(DEDirector.java:1949)
	at ptolemy.domains.de.kernel.DEDirector.fire(DEDirector.java:502)
	at ptolemy.actor.CompositeActor.fire(CompositeActor.java:455)
	at ptolemy.actor.Manager.iterate(Manager.java:851)
	at ptolemy.actor.Manager.execute(Manager.java:369)
	at ptolemy.actor.Manager.run(Manager.java:1263)
	at ptolemy.actor.Manager$PtolemyRunThread.run(Manager.java:1915)

    while executing
ptolemy.kernel.util.IllegalActionException: Test fails in iteration 1.
Value was: 1.0. Should have been: 2.0
  in .DirectFeedback.Test
    while executing
"java::new ptolemy.moml.MoMLSimpleApplication $file
"
    (procedure "createAndExecute" line 2)
    invoked from within
"createAndExecute $file"
    ("uplevel" body line 5)
    invoked from within
"uplevel $contents_of_test"
------------------ testing $PTII/ptolemy/domains/de/test/auto/ActorDepthCalculation_actorWithoutPorts.xml
auto.tcl: Setting watchdog for 200 seconds at Thu Apr 18 04:29:25 UTC 2019
3 ms. Memory: 146944K Free: 138700K (94%)
ptolemy.util.test.WatchDog.cancel(): canceling Thu Apr 18 04:29:25 UTC 2019
auto.tcl: Setting watchdog for 200 seconds at Thu Apr 18 04:29:25 UTC 2019
4 ms. Memory: 146944K Free: 137684K (94%)
ptolemy.util.test.WatchDog.cancel(): canceling Thu Apr 18 04:29:25 UTC 2019
------------------ testing $PTII/ptolemy/domains/de/test/auto/AssemblyLine.xml
auto.tcl: Setting watchdog for 200 seconds at Thu Apr 18 04:29:26 UTC 2019
21 ms. Memory: 208384K Free: 183432K (88%)
ptolemy.util.test.WatchDog.cancel(): canceling Thu Apr 18 04:29:26 UTC 2019
auto.tcl: Setting watchdog for 200 seconds at Thu Apr 18 04:29:26 UTC 2019
9 ms. Memory: 208384K Free: 183432K (88%)
ptolemy.util.test.WatchDog.cancel(): canceling Thu Apr 18 04:29:26 UTC 2019
------------------ testing $PTII/ptolemy/domains/de/test/auto/CQBug1.xml
auto.tcl: Setting watchdog for 200 seconds at Thu Apr 18 04:29:26 UTC 2019
10 ms. Memory: 208384K Free: 197920K (95%)
ptolemy.util.test.WatchDog.cancel(): canceling Thu Apr 18 04:29:26 UTC 2019
auto.tcl: Setting watchdog for 200 seconds at Thu Apr 18 04:29:26 UTC 2019
2 ms. Memory: 208384K Free: 197920K (95%)
ptolemy.util.test.WatchDog.cancel(): canceling Thu Apr 18 04:29:26 UTC 2019
------------------ testing $PTII/ptolemy/domains/de/test/auto/CancelFireAt.xml
auto.tcl: Setting watchdog for 200 seconds at Thu Apr 18 04:29:26 UTC 2019
4 ms. Memory: 208384K Free: 201428K (97%)
ptolemy.util.test.WatchDog.cancel(): canceling Thu Apr 18 04:29:26 UTC 2019
auto.tcl: Setting watchdog for 200 seconds at Thu Apr 18 04:29:26 UTC 2019
6 ms. Memory: 208384K Free: 199396K (96%)
ptolemy.util.test.WatchDog.cancel(): canceling Thu Apr 18 04:29:26 UTC 2019
------------------ testing $PTII/ptolemy/domains/de/test/auto/CausalityAndComposabilityAnalysis.xml
auto.tcl: Setting watchdog for 200 seconds at Thu Apr 18 04:29:26 UTC 2019
8 ms. Memory: 208384K Free: 198993K (95%)
ptolemy.util.test.WatchDog.cancel(): canceling Thu Apr 18 04:29:26 UTC 2019
auto.tcl: Setting watchdog for 200 seconds at Thu Apr 18 04:29:26 UTC 2019
11 ms. Memory: 208384K Free: 196961K (95%)
ptolemy.util.test.WatchDog.cancel(): canceling Thu Apr 18 04:29:26 UTC 2019
------------------ testing $PTII/ptolemy/domains/de/test/auto/CausalityInterface1.xml
auto.tcl: Setting watchdog for 200 seconds at Thu Apr 18 04:29:26 UTC 2019
13 ms. Memory: 208384K Free: 196380K (94%)
ptolemy.util.test.WatchDog.cancel(): canceling Thu Apr 18 04:29:26 UTC 2019
auto.tcl: Setting watchdog for 200 seconds at Thu Apr 18 04:29:26 UTC 2019
17 ms. Memory: 208384K Free: 196380K (94%)
ptolemy.util.test.WatchDog.cancel(): canceling Thu Apr 18 04:29:26 UTC 2019
------------------ testing $PTII/ptolemy/domains/de/test/auto/CausalityInterface15.xml
auto.tcl: Setting watchdog for 200 seconds at Thu Apr 18 04:29:26 UTC 2019
8 ms. Memory: 208384K Free: 196338K (94%)
ptolemy.util.test.WatchDog.cancel(): canceling Thu Apr 18 04:29:26 UTC 2019
auto.tcl: Setting watchdog for 200 seconds at Thu Apr 18 04:29:26 UTC 2019
9 ms. Memory: 208384K Free: 196338K (94%)
ptolemy.util.test.WatchDog.cancel(): canceling Thu Apr 18 04:29:26 UTC 2019
------------------ testing $PTII/ptolemy/domains/de/test/auto/CausalityInterface2.xml
auto.tcl: Setting watchdog for 200 seconds at Thu Apr 18 04:29:26 UTC 2019
9 ms. Memory: 208384K Free: 196354K (94%)
ptolemy.util.test.WatchDog.cancel(): canceling Thu Apr 18 04:29:26 UTC 2019
auto.tcl: Setting watchdog for 200 seconds at Thu Apr 18 04:29:26 UTC 2019
7 ms. Memory: 208384K Free: 196354K (94%)
ptolemy.util.test.WatchDog.cancel(): canceling Thu Apr 18 04:29:26 UTC 2019
------------------ testing $PTII/ptolemy/domains/de/test/auto/CausalityInterface3.xml
auto.tcl: Setting watchdog for 200 seconds at Thu Apr 18 04:29:27 UTC 2019
4 ms. Memory: 208384K Free: 196367K (94%)
ptolemy.util.test.WatchDog.cancel(): canceling Thu Apr 18 04:29:27 UTC 2019
auto.tcl: Setting watchdog for 200 seconds at Thu Apr 18 04:29:27 UTC 2019
3 ms. Memory: 208384K Free: 196367K (94%)
ptolemy.util.test.WatchDog.cancel(): canceling Thu Apr 18 04:29:27 UTC 2019
------------------ testing $PTII/ptolemy/domains/de/test/auto/ClockDrift.xml
auto.tcl: Setting watchdog for 200 seconds at Thu Apr 18 04:29:27 UTC 2019
61 ms. Memory: 208384K Free: 187802K (90%)
ptolemy.util.test.WatchDog.cancel(): canceling Thu Apr 18 04:29:27 UTC 2019
auto.tcl: Setting watchdog for 200 seconds at Thu Apr 18 04:29:27 UTC 2019
56 ms. Memory: 208384K Free: 185770K (89%)
ptolemy.util.test.WatchDog.cancel(): canceling Thu Apr 18 04:29:27 UTC 2019
------------------ testing $PTII/ptolemy/domains/de/test/auto/ClockDriftAndValueChange.xml
auto.tcl: Setting watchdog for 200 seconds at Thu Apr 18 04:29:27 UTC 2019
67 ms. Memory: 208384K Free: 187639K (90%)
ptolemy.util.test.WatchDog.cancel(): canceling Thu Apr 18 04:29:27 UTC 2019
auto.tcl: Setting watchdog for 200 seconds at Thu Apr 18 04:29:27 UTC 2019
24 ms. Memory: 208384K Free: 185607K (89%)
ptolemy.util.test.WatchDog.cancel(): canceling Thu Apr 18 04:29:27 UTC 2019
------------------ testing $PTII/ptolemy/domains/de/test/auto/ClockDriftChange.xml
auto.tcl: Setting watchdog for 200 seconds at Thu Apr 18 04:29:27 UTC 2019
19 ms. Memory: 208384K Free: 190892K (92%)
ptolemy.util.test.WatchDog.cancel(): canceling Thu Apr 18 04:29:27 UTC 2019
auto.tcl: Setting watchdog for 200 seconds at Thu Apr 18 04:29:27 UTC 2019
24 ms. Memory: 208384K Free: 188860K (91%)
ptolemy.util.test.WatchDog.cancel(): canceling Thu Apr 18 04:29:27 UTC 2019
------------------ testing $PTII/ptolemy/domains/de/test/auto/ComposableCausalityAnalysis.xml
auto.tcl: Setting watchdog for 200 seconds at Thu Apr 18 04:29:27 UTC 2019
3 ms. Memory: 208384K Free: 196221K (94%)
ptolemy.util.test.WatchDog.cancel(): canceling Thu Apr 18 04:29:27 UTC 2019
auto.tcl: Setting watchdog for 200 seconds at Thu Apr 18 04:29:27 UTC 2019
1 ms. Memory: 208384K Free: 194189K (93%)
ptolemy.util.test.WatchDog.cancel(): canceling Thu Apr 18 04:29:27 UTC 2019
------------------ testing $PTII/ptolemy/domains/de/test/auto/DEFixedPointLimitation.xml
auto.tcl: Setting watchdog for 200 seconds at Thu Apr 18 04:29:27 UTC 2019
2 ms. Memory: 208384K Free: 196302K (94%)
ptolemy.util.test.WatchDog.cancel(): canceling Thu Apr 18 04:29:27 UTC 2019
auto.tcl: Setting watchdog for 200 seconds at Thu Apr 18 04:29:27 UTC 2019
1 ms. Memory: 208384K Free: 196302K (94%)
ptolemy.util.test.WatchDog.cancel(): canceling Thu Apr 18 04:29:27 UTC 2019
------------------ testing $PTII/ptolemy/domains/de/test/auto/DEScheduleTest.xml
auto.tcl: Setting watchdog for 200 seconds at Thu Apr 18 04:29:27 UTC 2019
4 ms. Memory: 208384K Free: 198889K (95%)
ptolemy.util.test.WatchDog.cancel(): canceling Thu Apr 18 04:29:27 UTC 2019
auto.tcl: Setting watchdog for 200 seconds at Thu Apr 18 04:29:27 UTC 2019
6 ms. Memory: 208384K Free: 196338K (94%)
ptolemy.util.test.WatchDog.cancel(): canceling Thu Apr 18 04:29:27 UTC 2019
------------------ testing $PTII/ptolemy/domains/de/test/auto/DEinDEwithStartTimes.xml
auto.tcl: Setting watchdog for 200 seconds at Thu Apr 18 04:29:27 UTC 2019
10 ms. Memory: 208384K Free: 196307K (94%)
ptolemy.util.test.WatchDog.cancel(): canceling Thu Apr 18 04:29:27 UTC 2019
auto.tcl: Setting watchdog for 200 seconds at Thu Apr 18 04:29:27 UTC 2019
4 ms. Memory: 208384K Free: 194275K (93%)
ptolemy.util.test.WatchDog.cancel(): canceling Thu Apr 18 04:29:27 UTC 2019
------------------ testing $PTII/ptolemy/domains/de/test/auto/DEinDEwithStartTimes2.xml
auto.tcl: Setting watchdog for 200 seconds at Thu Apr 18 04:29:27 UTC 2019
4 ms. Memory: 208384K Free: 196287K (94%)
ptolemy.util.test.WatchDog.cancel(): canceling Thu Apr 18 04:29:28 UTC 2019
auto.tcl: Setting watchdog for 200 seconds at Thu Apr 18 04:29:28 UTC 2019
4 ms. Memory: 208384K Free: 194255K (93%)
ptolemy.util.test.WatchDog.cancel(): canceling Thu Apr 18 04:29:28 UTC 2019
------------------ testing $PTII/ptolemy/domains/de/test/auto/DateDemo.xml
auto.tcl: Setting watchdog for 200 seconds at Thu Apr 18 04:29:28 UTC 2019
19 ms. Memory: 208384K Free: 188921K (91%)
ptolemy.util.test.WatchDog.cancel(): canceling Thu Apr 18 04:29:28 UTC 2019
auto.tcl: Setting watchdog for 200 seconds at Thu Apr 18 04:29:28 UTC 2019
12 ms. Memory: 208384K Free: 186889K (90%)
ptolemy.util.test.WatchDog.cancel(): canceling Thu Apr 18 04:29:28 UTC 2019
------------------ testing $PTII/ptolemy/domains/de/test/auto/DateToEvent.xml
auto.tcl: Setting watchdog for 200 seconds at Thu Apr 18 04:29:28 UTC 2019
2020 ms. Memory: 208384K Free: 183831K (88%)
ptolemy.util.test.WatchDog.cancel(): canceling Thu Apr 18 04:29:30 UTC 2019
auto.tcl: Setting watchdog for 200 seconds at Thu Apr 18 04:29:30 UTC 2019
2005 ms. Memory: 208384K Free: 183831K (88%)
ptolemy.util.test.WatchDog.cancel(): canceling Thu Apr 18 04:29:32 UTC 2019
------------------ testing $PTII/ptolemy/domains/de/test/auto/DepthTest1.xml
auto.tcl: Setting watchdog for 200 seconds at Thu Apr 18 04:29:32 UTC 2019
5 ms. Memory: 208384K Free: 195116K (94%)
ptolemy.util.test.WatchDog.cancel(): canceling Thu Apr 18 04:29:32 UTC 2019
auto.tcl: Setting watchdog for 200 seconds at Thu Apr 18 04:29:32 UTC 2019
3 ms. Memory: 208384K Free: 195116K (94%)
ptolemy.util.test.WatchDog.cancel(): canceling Thu Apr 18 04:29:32 UTC 2019
------------------ testing $PTII/ptolemy/domains/de/test/auto/DepthTest2.xml
auto.tcl: Setting watchdog for 200 seconds at Thu Apr 18 04:29:32 UTC 2019
4 ms. Memory: 208384K Free: 193941K (93%)
ptolemy.util.test.WatchDog.cancel(): canceling Thu Apr 18 04:29:32 UTC 2019
auto.tcl: Setting watchdog for 200 seconds at Thu Apr 18 04:29:32 UTC 2019
7 ms. Memory: 208384K Free: 193941K (93%)
ptolemy.util.test.WatchDog.cancel(): canceling Thu Apr 18 04:29:32 UTC 2019
------------------ testing $PTII/ptolemy/domains/de/test/auto/DepthTest3.xml
auto.tcl: Setting watchdog for 200 seconds at Thu Apr 18 04:29:32 UTC 2019
2 ms. Memory: 208384K Free: 197907K (95%)
ptolemy.util.test.WatchDog.cancel(): canceling Thu Apr 18 04:29:32 UTC 2019
auto.tcl: Setting watchdog for 200 seconds at Thu Apr 18 04:29:32 UTC 2019
4 ms. Memory: 208384K Free: 197907K (95%)
ptolemy.util.test.WatchDog.cancel(): canceling Thu Apr 18 04:29:32 UTC 2019
------------------ testing $PTII/ptolemy/domains/de/test/auto/DepthTest4.xml
auto.tcl: Setting watchdog for 200 seconds at Thu Apr 18 04:29:32 UTC 2019
7 ms. Memory: 208384K Free: 195961K (94%)
ptolemy.util.test.WatchDog.cancel(): canceling Thu Apr 18 04:29:32 UTC 2019
auto.tcl: Setting watchdog for 200 seconds at Thu Apr 18 04:29:32 UTC 2019
2 ms. Memory: 208384K Free: 195961K (94%)
ptolemy.util.test.WatchDog.cancel(): canceling Thu Apr 18 04:29:32 UTC 2019
------------------ testing $PTII/ptolemy/domains/de/test/auto/DepthTest5.xml
auto.tcl: Setting watchdog for 200 seconds at Thu Apr 18 04:29:32 UTC 2019
3 ms. Memory: 208384K Free: 195909K (94%)
ptolemy.util.test.WatchDog.cancel(): canceling Thu Apr 18 04:29:32 UTC 2019
auto.tcl: Setting watchdog for 200 seconds at Thu Apr 18 04:29:32 UTC 2019
3 ms. Memory: 208384K Free: 195909K (94%)
ptolemy.util.test.WatchDog.cancel(): canceling Thu Apr 18 04:29:32 UTC 2019
------------------ testing $PTII/ptolemy/domains/de/test/auto/DepthTest6.xml
auto.tcl: Setting watchdog for 200 seconds at Thu Apr 18 04:29:32 UTC 2019
9 ms. Memory: 208384K Free: 195885K (94%)
ptolemy.util.test.WatchDog.cancel(): canceling Thu Apr 18 04:29:32 UTC 2019
auto.tcl: Setting watchdog for 200 seconds at Thu Apr 18 04:29:32 UTC 2019
2 ms. Memory: 208384K Free: 195885K (94%)
ptolemy.util.test.WatchDog.cancel(): canceling Thu Apr 18 04:29:32 UTC 2019
------------------ testing $PTII/ptolemy/domains/de/test/auto/DepthTest7.xml
auto.tcl: Setting watchdog for 200 seconds at Thu Apr 18 04:29:32 UTC 2019
2 ms. Memory: 208384K Free: 195866K (94%)
ptolemy.util.test.WatchDog.cancel(): canceling Thu Apr 18 04:29:32 UTC 2019
auto.tcl: Setting watchdog for 200 seconds at Thu Apr 18 04:29:32 UTC 2019
2 ms. Memory: 208384K Free: 195866K (94%)
ptolemy.util.test.WatchDog.cancel(): canceling Thu Apr 18 04:29:32 UTC 2019
------------------ testing $PTII/ptolemy/domains/de/test/auto/EventToDate.xml
auto.tcl: Setting watchdog for 200 seconds at Thu Apr 18 04:29:32 UTC 2019
3010 ms. Memory: 208384K Free: 185728K (89%)
ptolemy.util.test.WatchDog.cancel(): canceling Thu Apr 18 04:29:36 UTC 2019
auto.tcl: Setting watchdog for 200 seconds at Thu Apr 18 04:29:36 UTC 2019
3004 ms. Memory: 208384K Free: 185728K (89%)
ptolemy.util.test.WatchDog.cancel(): canceling Thu Apr 18 04:29:39 UTC 2019
------------------ testing $PTII/ptolemy/domains/de/test/auto/FSM1.xml
auto.tcl: Setting watchdog for 200 seconds at Thu Apr 18 04:29:39 UTC 2019
18 ms. Memory: 208384K Free: 189053K (91%)
ptolemy.util.test.WatchDog.cancel(): canceling Thu Apr 18 04:29:39 UTC 2019
auto.tcl: Setting watchdog for 200 seconds at Thu Apr 18 04:29:39 UTC 2019
23 ms. Memory: 208384K Free: 184989K (89%)
ptolemy.util.test.WatchDog.cancel(): canceling Thu Apr 18 04:29:39 UTC 2019
------------------ testing $PTII/ptolemy/domains/de/test/auto/FSM7.xml
auto.tcl: Setting watchdog for 200 seconds at Thu Apr 18 04:29:39 UTC 2019
27 ms. Memory: 208384K Free: 187222K (90%)
ptolemy.util.test.WatchDog.cancel(): canceling Thu Apr 18 04:29:39 UTC 2019
auto.tcl: Setting watchdog for 200 seconds at Thu Apr 18 04:29:39 UTC 2019
17 ms. Memory: 208384K Free: 185189K (89%)
ptolemy.util.test.WatchDog.cancel(): canceling Thu Apr 18 04:29:39 UTC 2019
------------------ testing $PTII/ptolemy/domains/de/test/auto/Inspection.xml
auto.tcl: Setting watchdog for 200 seconds at Thu Apr 18 04:29:39 UTC 2019
20 ms. Memory: 208384K Free: 188954K (91%)
ptolemy.util.test.WatchDog.cancel(): canceling Thu Apr 18 04:29:39 UTC 2019
auto.tcl: Setting watchdog for 200 seconds at Thu Apr 18 04:29:39 UTC 2019
31 ms. Memory: 208384K Free: 186922K (90%)
ptolemy.util.test.WatchDog.cancel(): canceling Thu Apr 18 04:29:39 UTC 2019
------------------ testing $PTII/ptolemy/domains/de/test/auto/Iteration.xml
auto.tcl: Setting watchdog for 200 seconds at Thu Apr 18 04:29:39 UTC 2019
8 ms. Memory: 208384K Free: 196188K (94%)
ptolemy.util.test.WatchDog.cancel(): canceling Thu Apr 18 04:29:39 UTC 2019
auto.tcl: Setting watchdog for 200 seconds at Thu Apr 18 04:29:39 UTC 2019
6 ms. Memory: 208384K Free: 193636K (93%)
ptolemy.util.test.WatchDog.cancel(): canceling Thu Apr 18 04:29:39 UTC 2019
------------------ testing $PTII/ptolemy/domains/de/test/auto/LineFault.xml
auto.tcl: Setting watchdog for 200 seconds at Thu Apr 18 04:29:39 UTC 2019
741 ms. Memory: 208384K Free: 200575K (96%)
ptolemy.util.test.WatchDog.cancel(): canceling Thu Apr 18 04:29:40 UTC 2019
auto.tcl: Setting watchdog for 200 seconds at Thu Apr 18 04:29:40 UTC 2019
574 ms. Memory: 208384K Free: 143425K (69%)
ptolemy.util.test.WatchDog.cancel(): canceling Thu Apr 18 04:29:41 UTC 2019
------------------ testing $PTII/ptolemy/domains/de/test/auto/MergeModel1Add.xml
auto.tcl: Setting watchdog for 200 seconds at Thu Apr 18 04:29:41 UTC 2019
30 ms. Memory: 331264K Free: 300444K (91%)
ptolemy.util.test.WatchDog.cancel(): canceling Thu Apr 18 04:29:41 UTC 2019
auto.tcl: Setting watchdog for 200 seconds at Thu Apr 18 04:29:41 UTC 2019
8 ms. Memory: 331264K Free: 300444K (91%)
ptolemy.util.test.WatchDog.cancel(): canceling Thu Apr 18 04:29:41 UTC 2019
------------------ testing $PTII/ptolemy/domains/de/test/auto/MergeModel2Add.xml
auto.tcl: Setting watchdog for 200 seconds at Thu Apr 18 04:29:41 UTC 2019
9 ms. Memory: 331264K Free: 305341K (92%)
ptolemy.util.test.WatchDog.cancel(): canceling Thu Apr 18 04:29:41 UTC 2019
auto.tcl: Setting watchdog for 200 seconds at Thu Apr 18 04:29:41 UTC 2019
10 ms. Memory: 331264K Free: 301790K (91%)
ptolemy.util.test.WatchDog.cancel(): canceling Thu Apr 18 04:29:41 UTC 2019
------------------ testing $PTII/ptolemy/domains/de/test/auto/MergeModel3Add.xml
auto.tcl: Setting watchdog for 200 seconds at Thu Apr 18 04:29:41 UTC 2019
8 ms. Memory: 331264K Free: 305351K (92%)
ptolemy.util.test.WatchDog.cancel(): canceling Thu Apr 18 04:29:41 UTC 2019
auto.tcl: Setting watchdog for 200 seconds at Thu Apr 18 04:29:41 UTC 2019
8 ms. Memory: 331264K Free: 301800K (91%)
ptolemy.util.test.WatchDog.cancel(): canceling Thu Apr 18 04:29:41 UTC 2019
------------------ testing $PTII/ptolemy/domains/de/test/auto/MergeWithoutDiscard.xml
auto.tcl: Setting watchdog for 200 seconds at Thu Apr 18 04:29:41 UTC 2019
2 ms. Memory: 331264K Free: 316675K (96%)
ptolemy.util.test.WatchDog.cancel(): canceling Thu Apr 18 04:29:41 UTC 2019
auto.tcl: Setting watchdog for 200 seconds at Thu Apr 18 04:29:41 UTC 2019
2 ms. Memory: 331264K Free: 316000K (95%)
ptolemy.util.test.WatchDog.cancel(): canceling Thu Apr 18 04:29:41 UTC 2019
------------------ testing $PTII/ptolemy/domains/de/test/auto/Modal1.xml
auto.tcl: Setting watchdog for 200 seconds at Thu Apr 18 04:29:41 UTC 2019
20 ms. Memory: 331264K Free: 310303K (94%)
ptolemy.util.test.WatchDog.cancel(): canceling Thu Apr 18 04:29:41 UTC 2019
auto.tcl: Setting watchdog for 200 seconds at Thu Apr 18 04:29:41 UTC 2019
26 ms. Memory: 331264K Free: 306753K (93%)
ptolemy.util.test.WatchDog.cancel(): canceling Thu Apr 18 04:29:41 UTC 2019
------------------ testing $PTII/ptolemy/domains/de/test/auto/Modal2.xml
auto.tcl: Setting watchdog for 200 seconds at Thu Apr 18 04:29:41 UTC 2019
11 ms. Memory: 331264K Free: 310163K (94%)
ptolemy.util.test.WatchDog.cancel(): canceling Thu Apr 18 04:29:42 UTC 2019
auto.tcl: Setting watchdog for 200 seconds at Thu Apr 18 04:29:42 UTC 2019
12 ms. Memory: 331264K Free: 306612K (93%)
ptolemy.util.test.WatchDog.cancel(): canceling Thu Apr 18 04:29:42 UTC 2019
------------------ testing $PTII/ptolemy/domains/de/test/auto/Modal3.xml
auto.tcl: Setting watchdog for 200 seconds at Thu Apr 18 04:29:42 UTC 2019
13 ms. Memory: 331264K Free: 310845K (94%)
ptolemy.util.test.WatchDog.cancel(): canceling Thu Apr 18 04:29:42 UTC 2019
auto.tcl: Setting watchdog for 200 seconds at Thu Apr 18 04:29:42 UTC 2019
15 ms. Memory: 331264K Free: 306619K (93%)
ptolemy.util.test.WatchDog.cancel(): canceling Thu Apr 18 04:29:42 UTC 2019
------------------ testing $PTII/ptolemy/domains/de/test/auto/Modal4.xml
auto.tcl: Setting watchdog for 200 seconds at Thu Apr 18 04:29:42 UTC 2019
14 ms. Memory: 331264K Free: 310175K (94%)
ptolemy.util.test.WatchDog.cancel(): canceling Thu Apr 18 04:29:42 UTC 2019
auto.tcl: Setting watchdog for 200 seconds at Thu Apr 18 04:29:42 UTC 2019
16 ms. Memory: 331264K Free: 306624K (93%)
ptolemy.util.test.WatchDog.cancel(): canceling Thu Apr 18 04:29:42 UTC 2019
------------------ testing $PTII/ptolemy/domains/de/test/auto/Modal5.xml
auto.tcl: Setting watchdog for 200 seconds at Thu Apr 18 04:29:42 UTC 2019
15 ms. Memory: 331264K Free: 310162K (94%)
ptolemy.util.test.WatchDog.cancel(): canceling Thu Apr 18 04:29:42 UTC 2019
auto.tcl: Setting watchdog for 200 seconds at Thu Apr 18 04:29:42 UTC 2019
14 ms. Memory: 331264K Free: 306611K (93%)
ptolemy.util.test.WatchDog.cancel(): canceling Thu Apr 18 04:29:42 UTC 2019
------------------ testing $PTII/ptolemy/domains/de/test/auto/Modal6.xml
auto.tcl: Setting watchdog for 200 seconds at Thu Apr 18 04:29:42 UTC 2019
15 ms. Memory: 331264K Free: 310160K (94%)
ptolemy.util.test.WatchDog.cancel(): canceling Thu Apr 18 04:29:42 UTC 2019
auto.tcl: Setting watchdog for 200 seconds at Thu Apr 18 04:29:42 UTC 2019
18 ms. Memory: 331264K Free: 306609K (93%)
ptolemy.util.test.WatchDog.cancel(): canceling Thu Apr 18 04:29:42 UTC 2019
------------------ testing $PTII/ptolemy/domains/de/test/auto/Modal7.xml
auto.tcl: Setting watchdog for 200 seconds at Thu Apr 18 04:29:42 UTC 2019
18 ms. Memory: 331264K Free: 306609K (93%)
ptolemy.util.test.WatchDog.cancel(): canceling Thu Apr 18 04:29:42 UTC 2019
auto.tcl: Setting watchdog for 200 seconds at Thu Apr 18 04:29:42 UTC 2019
11 ms. Memory: 331264K Free: 303058K (91%)
ptolemy.util.test.WatchDog.cancel(): canceling Thu Apr 18 04:29:42 UTC 2019
------------------ testing $PTII/ptolemy/domains/de/test/auto/ModalModel.xml
auto.tcl: Setting watchdog for 200 seconds at Thu Apr 18 04:29:42 UTC 2019
224 ms. Memory: 331264K Free: 247866K (75%)
ptolemy.util.test.WatchDog.cancel(): canceling Thu Apr 18 04:29:42 UTC 2019
auto.tcl: Setting watchdog for 200 seconds at Thu Apr 18 04:29:42 UTC 2019
194 ms. Memory: 331264K Free: 191054K (58%)
ptolemy.util.test.WatchDog.cancel(): canceling Thu Apr 18 04:29:43 UTC 2019
------------------ testing $PTII/ptolemy/domains/de/test/auto/ModalSource.xml
auto.tcl: Setting watchdog for 200 seconds at Thu Apr 18 04:29:43 UTC 2019
6 ms. Memory: 331264K Free: 316413K (96%)
ptolemy.util.test.WatchDog.cancel(): canceling Thu Apr 18 04:29:43 UTC 2019
auto.tcl: Setting watchdog for 200 seconds at Thu Apr 18 04:29:43 UTC 2019
6 ms. Memory: 331264K Free: 313158K (95%)
ptolemy.util.test.WatchDog.cancel(): canceling Thu Apr 18 04:29:43 UTC 2019
------------------ testing $PTII/ptolemy/domains/de/test/auto/NonInterruptibleTimerZeroDelay.xml
auto.tcl: Setting watchdog for 200 seconds at Thu Apr 18 04:29:43 UTC 2019
4 ms. Memory: 331264K Free: 320759K (97%)
ptolemy.util.test.WatchDog.cancel(): canceling Thu Apr 18 04:29:43 UTC 2019
auto.tcl: Setting watchdog for 200 seconds at Thu Apr 18 04:29:43 UTC 2019
3 ms. Memory: 331264K Free: 317504K (96%)
ptolemy.util.test.WatchDog.cancel(): canceling Thu Apr 18 04:29:43 UTC 2019
------------------ testing $PTII/ptolemy/domains/de/test/auto/OpenQueueingNetwork.xml
auto.tcl: Setting watchdog for 200 seconds at Thu Apr 18 04:29:43 UTC 2019
2873 ms. Memory: 317952K Free: 164473K (52%)
ptolemy.util.test.WatchDog.cancel(): canceling Thu Apr 18 04:29:46 UTC 2019
auto.tcl: Setting watchdog for 200 seconds at Thu Apr 18 04:29:46 UTC 2019
2530 ms. Memory: 287232K Free: 236435K (82%)
ptolemy.util.test.WatchDog.cancel(): canceling Thu Apr 18 04:29:48 UTC 2019
------------------ testing $PTII/ptolemy/domains/de/test/auto/OpenQueuingNetwork.xml
auto.tcl: Setting watchdog for 200 seconds at Thu Apr 18 04:29:48 UTC 2019
245 ms. Memory: 287232K Free: 187231K (65%)
ptolemy.util.test.WatchDog.cancel(): canceling Thu Apr 18 04:29:49 UTC 2019
auto.tcl: Setting watchdog for 200 seconds at Thu Apr 18 04:29:49 UTC 2019
231 ms. Memory: 287232K Free: 130439K (45%)
ptolemy.util.test.WatchDog.cancel(): canceling Thu Apr 18 04:29:49 UTC 2019
------------------ testing $PTII/ptolemy/domains/de/test/auto/PeriodicSampler.xml
auto.tcl: Setting watchdog for 200 seconds at Thu Apr 18 04:29:49 UTC 2019
4 ms. Memory: 289792K Free: 277400K (96%)
ptolemy.util.test.WatchDog.cancel(): canceling Thu Apr 18 04:29:49 UTC 2019
auto.tcl: Setting watchdog for 200 seconds at Thu Apr 18 04:29:49 UTC 2019
2 ms. Memory: 289792K Free: 274517K (95%)
ptolemy.util.test.WatchDog.cancel(): canceling Thu Apr 18 04:29:49 UTC 2019
------------------ testing $PTII/ptolemy/domains/de/test/auto/PersistentIO.xml
auto.tcl: Setting watchdog for 200 seconds at Thu Apr 18 04:29:49 UTC 2019
12 ms. Memory: 287232K Free: 269674K (94%)
ptolemy.util.test.WatchDog.cancel(): canceling Thu Apr 18 04:29:49 UTC 2019
auto.tcl: Setting watchdog for 200 seconds at Thu Apr 18 04:29:49 UTC 2019
3 ms. Memory: 287232K Free: 266807K (93%)
ptolemy.util.test.WatchDog.cancel(): canceling Thu Apr 18 04:29:49 UTC 2019
------------------ testing $PTII/ptolemy/domains/de/test/auto/PortParameterResetOnInitialize.xml
auto.tcl: Setting watchdog for 200 seconds at Thu Apr 18 04:29:49 UTC 2019
3 ms. Memory: 289280K Free: 276369K (96%)
ptolemy.util.test.WatchDog.cancel(): canceling Thu Apr 18 04:29:49 UTC 2019
auto.tcl: Setting watchdog for 200 seconds at Thu Apr 18 04:29:49 UTC 2019
2 ms. Memory: 289280K Free: 276369K (96%)
ptolemy.util.test.WatchDog.cancel(): canceling Thu Apr 18 04:29:49 UTC 2019
------------------ testing $PTII/ptolemy/domains/de/test/auto/PortParameterUpdates.xml
auto.tcl: Setting watchdog for 200 seconds at Thu Apr 18 04:29:49 UTC 2019
3 ms. Memory: 287232K Free: 274471K (96%)
ptolemy.util.test.WatchDog.cancel(): canceling Thu Apr 18 04:29:49 UTC 2019
auto.tcl: Setting watchdog for 200 seconds at Thu Apr 18 04:29:49 UTC 2019
6 ms. Memory: 287232K Free: 271588K (95%)
ptolemy.util.test.WatchDog.cancel(): canceling Thu Apr 18 04:29:49 UTC 2019
------------------ testing $PTII/ptolemy/domains/de/test/auto/QueueAndServer.xml
auto.tcl: Setting watchdog for 200 seconds at Thu Apr 18 04:29:49 UTC 2019
12 ms. Memory: 289280K Free: 273591K (95%)
ptolemy.util.test.WatchDog.cancel(): canceling Thu Apr 18 04:29:49 UTC 2019
auto.tcl: Setting watchdog for 200 seconds at Thu Apr 18 04:29:49 UTC 2019
6 ms. Memory: 289280K Free: 273591K (95%)
ptolemy.util.test.WatchDog.cancel(): canceling Thu Apr 18 04:29:49 UTC 2019
------------------ testing $PTII/ptolemy/domains/de/test/auto/Records.xml
auto.tcl: Setting watchdog for 200 seconds at Thu Apr 18 04:29:49 UTC 2019
3 ms. Memory: 287232K Free: 274359K (96%)
ptolemy.util.test.WatchDog.cancel(): canceling Thu Apr 18 04:29:49 UTC 2019
auto.tcl: Setting watchdog for 200 seconds at Thu Apr 18 04:29:49 UTC 2019
2 ms. Memory: 287232K Free: 274359K (96%)
ptolemy.util.test.WatchDog.cancel(): canceling Thu Apr 18 04:29:49 UTC 2019
------------------ testing $PTII/ptolemy/domains/de/test/auto/ResetTransitionWithStartTime1.xml
auto.tcl: Setting watchdog for 200 seconds at Thu Apr 18 04:29:50 UTC 2019
15 ms. Memory: 288768K Free: 273045K (95%)
ptolemy.util.test.WatchDog.cancel(): canceling Thu Apr 18 04:29:50 UTC 2019
auto.tcl: Setting watchdog for 200 seconds at Thu Apr 18 04:29:50 UTC 2019
10 ms. Memory: 288768K Free: 273045K (95%)
ptolemy.util.test.WatchDog.cancel(): canceling Thu Apr 18 04:29:50 UTC 2019
------------------ testing $PTII/ptolemy/domains/de/test/auto/ResetTransitionWithStartTime2.xml
auto.tcl: Setting watchdog for 200 seconds at Thu Apr 18 04:29:50 UTC 2019
12 ms. Memory: 287232K Free: 271663K (95%)
ptolemy.util.test.WatchDog.cancel(): canceling Thu Apr 18 04:29:50 UTC 2019
auto.tcl: Setting watchdog for 200 seconds at Thu Apr 18 04:29:50 UTC 2019
6 ms. Memory: 287232K Free: 271663K (95%)
ptolemy.util.test.WatchDog.cancel(): canceling Thu Apr 18 04:29:50 UTC 2019
------------------ testing $PTII/ptolemy/domains/de/test/auto/ResetTransitionWithStartTime3.xml
auto.tcl: Setting watchdog for 200 seconds at Thu Apr 18 04:29:50 UTC 2019
8 ms. Memory: 288768K Free: 272888K (95%)
ptolemy.util.test.WatchDog.cancel(): canceling Thu Apr 18 04:29:50 UTC 2019
auto.tcl: Setting watchdog for 200 seconds at Thu Apr 18 04:29:50 UTC 2019
6 ms. Memory: 288768K Free: 272888K (95%)
ptolemy.util.test.WatchDog.cancel(): canceling Thu Apr 18 04:29:50 UTC 2019
------------------ testing $PTII/ptolemy/domains/de/test/auto/ResetTransitionWithStartTime4.xml
auto.tcl: Setting watchdog for 200 seconds at Thu Apr 18 04:29:50 UTC 2019
4 ms. Memory: 287232K Free: 271521K (95%)
ptolemy.util.test.WatchDog.cancel(): canceling Thu Apr 18 04:29:50 UTC 2019
auto.tcl: Setting watchdog for 200 seconds at Thu Apr 18 04:29:50 UTC 2019
4 ms. Memory: 287232K Free: 271521K (95%)
ptolemy.util.test.WatchDog.cancel(): canceling Thu Apr 18 04:29:50 UTC 2019
------------------ testing $PTII/ptolemy/domains/de/test/auto/ResettableTimer1.xml
auto.tcl: Setting watchdog for 200 seconds at Thu Apr 18 04:29:50 UTC 2019
3 ms. Memory: 288768K Free: 273707K (95%)
ptolemy.util.test.WatchDog.cancel(): canceling Thu Apr 18 04:29:50 UTC 2019
auto.tcl: Setting watchdog for 200 seconds at Thu Apr 18 04:29:50 UTC 2019
2 ms. Memory: 288768K Free: 273707K (95%)
ptolemy.util.test.WatchDog.cancel(): canceling Thu Apr 18 04:29:50 UTC 2019
------------------ testing $PTII/ptolemy/domains/de/test/auto/ResettableTimer2.xml
auto.tcl: Setting watchdog for 200 seconds at Thu Apr 18 04:29:50 UTC 2019
3 ms. Memory: 287232K Free: 274442K (96%)
ptolemy.util.test.WatchDog.cancel(): canceling Thu Apr 18 04:29:50 UTC 2019
auto.tcl: Setting watchdog for 200 seconds at Thu Apr 18 04:29:50 UTC 2019
2 ms. Memory: 287232K Free: 274442K (96%)
ptolemy.util.test.WatchDog.cancel(): canceling Thu Apr 18 04:29:50 UTC 2019
------------------ testing $PTII/ptolemy/domains/de/test/auto/ResettableTimer3.xml
auto.tcl: Setting watchdog for 200 seconds at Thu Apr 18 04:29:50 UTC 2019
1 ms. Memory: 288256K Free: 273252K (95%)
ptolemy.util.test.WatchDog.cancel(): canceling Thu Apr 18 04:29:50 UTC 2019
auto.tcl: Setting watchdog for 200 seconds at Thu Apr 18 04:29:50 UTC 2019
2 ms. Memory: 288256K Free: 273252K (95%)
ptolemy.util.test.WatchDog.cancel(): canceling Thu Apr 18 04:29:50 UTC 2019
------------------ testing $PTII/ptolemy/domains/de/test/auto/ResettableTimer4.xml
auto.tcl: Setting watchdog for 200 seconds at Thu Apr 18 04:29:50 UTC 2019
2 ms. Memory: 287232K Free: 274454K (96%)
ptolemy.util.test.WatchDog.cancel(): canceling Thu Apr 18 04:29:50 UTC 2019
auto.tcl: Setting watchdog for 200 seconds at Thu Apr 18 04:29:50 UTC 2019
1 ms. Memory: 287232K Free: 274454K (96%)
ptolemy.util.test.WatchDog.cancel(): canceling Thu Apr 18 04:29:50 UTC 2019
------------------ testing $PTII/ptolemy/domains/de/test/auto/ResettableTimer5.xml
auto.tcl: Setting watchdog for 200 seconds at Thu Apr 18 04:29:50 UTC 2019
4 ms. Memory: 288256K Free: 273418K (95%)
ptolemy.util.test.WatchDog.cancel(): canceling Thu Apr 18 04:29:50 UTC 2019
auto.tcl: Setting watchdog for 200 seconds at Thu Apr 18 04:29:50 UTC 2019
2 ms. Memory: 288256K Free: 273418K (95%)
ptolemy.util.test.WatchDog.cancel(): canceling Thu Apr 18 04:29:50 UTC 2019
------------------ testing $PTII/ptolemy/domains/de/test/auto/ResettableTimer6.xml
auto.tcl: Setting watchdog for 200 seconds at Thu Apr 18 04:29:50 UTC 2019
1 ms. Memory: 287232K Free: 272203K (95%)
ptolemy.util.test.WatchDog.cancel(): canceling Thu Apr 18 04:29:50 UTC 2019
auto.tcl: Setting watchdog for 200 seconds at Thu Apr 18 04:29:50 UTC 2019
2 ms. Memory: 287232K Free: 272203K (95%)
ptolemy.util.test.WatchDog.cancel(): canceling Thu Apr 18 04:29:50 UTC 2019
------------------ testing $PTII/ptolemy/domains/de/test/auto/ServerZeroDelay.xml
auto.tcl: Setting watchdog for 200 seconds at Thu Apr 18 04:29:50 UTC 2019
12 ms. Memory: 288256K Free: 275433K (96%)
ptolemy.util.test.WatchDog.cancel(): canceling Thu Apr 18 04:29:50 UTC 2019
auto.tcl: Setting watchdog for 200 seconds at Thu Apr 18 04:29:50 UTC 2019
3 ms. Memory: 288256K Free: 275433K (96%)
ptolemy.util.test.WatchDog.cancel(): canceling Thu Apr 18 04:29:50 UTC 2019
------------------ testing $PTII/ptolemy/domains/de/test/auto/SmartSender.xml
auto.tcl: Setting watchdog for 200 seconds at Thu Apr 18 04:29:50 UTC 2019
3003 ms. Memory: 287232K Free: 274403K (96%)
ptolemy.util.test.WatchDog.cancel(): canceling Thu Apr 18 04:29:53 UTC 2019
auto.tcl: Setting watchdog for 200 seconds at Thu Apr 18 04:29:53 UTC 2019
3002 ms. Memory: 287232K Free: 274403K (96%)
ptolemy.util.test.WatchDog.cancel(): canceling Thu Apr 18 04:29:56 UTC 2019
------------------ testing $PTII/ptolemy/domains/de/test/auto/ThreadedComposite.xml
auto.tcl: Setting watchdog for 200 seconds at Thu Apr 18 04:29:56 UTC 2019
163 ms. Memory: 288256K Free: 252238K (88%)
ptolemy.util.test.WatchDog.cancel(): canceling Thu Apr 18 04:29:57 UTC 2019
auto.tcl: Setting watchdog for 200 seconds at Thu Apr 18 04:29:57 UTC 2019
112 ms. Memory: 288256K Free: 241138K (84%)
ptolemy.util.test.WatchDog.cancel(): canceling Thu Apr 18 04:29:57 UTC 2019
------------------ testing $PTII/ptolemy/domains/de/test/auto/Time.xml
auto.tcl: Setting watchdog for 200 seconds at Thu Apr 18 04:29:57 UTC 2019
534 ms. Memory: 287232K Free: 222501K (77%)
ptolemy.util.test.WatchDog.cancel(): canceling Thu Apr 18 04:29:57 UTC 2019
auto.tcl: Setting watchdog for 200 seconds at Thu Apr 18 04:29:57 UTC 2019
479 ms. Memory: 287232K Free: 166780K (58%)
ptolemy.util.test.WatchDog.cancel(): canceling Thu Apr 18 04:29:58 UTC 2019
------------------ testing $PTII/ptolemy/domains/de/test/auto/TimeDelayZeroDelay.xml
auto.tcl: Setting watchdog for 200 seconds at Thu Apr 18 04:29:58 UTC 2019
2 ms. Memory: 287744K Free: 275365K (96%)
ptolemy.util.test.WatchDog.cancel(): canceling Thu Apr 18 04:29:58 UTC 2019
auto.tcl: Setting watchdog for 200 seconds at Thu Apr 18 04:29:58 UTC 2019
2 ms. Memory: 287744K Free: 275365K (96%)
ptolemy.util.test.WatchDog.cancel(): canceling Thu Apr 18 04:29:58 UTC 2019
------------------ testing $PTII/ptolemy/domains/de/test/auto/TimerZeroDelay.xml
auto.tcl: Setting watchdog for 200 seconds at Thu Apr 18 04:29:58 UTC 2019
2 ms. Memory: 287232K Free: 275013K (96%)
ptolemy.util.test.WatchDog.cancel(): canceling Thu Apr 18 04:29:58 UTC 2019
auto.tcl: Setting watchdog for 200 seconds at Thu Apr 18 04:29:58 UTC 2019
2 ms. Memory: 287232K Free: 275013K (96%)
ptolemy.util.test.WatchDog.cancel(): canceling Thu Apr 18 04:29:58 UTC 2019
------------------ testing $PTII/ptolemy/domains/de/test/auto/TimingParadox.xml
auto.tcl: Setting watchdog for 200 seconds at Thu Apr 18 04:29:58 UTC 2019
324 ms. Memory: 287744K Free: 211813K (74%)
ptolemy.util.test.WatchDog.cancel(): canceling Thu Apr 18 04:29:58 UTC 2019
auto.tcl: Setting watchdog for 200 seconds at Thu Apr 18 04:29:58 UTC 2019
296 ms. Memory: 287744K Free: 178724K (62%)
ptolemy.util.test.WatchDog.cancel(): canceling Thu Apr 18 04:29:59 UTC 2019
------------------ testing $PTII/ptolemy/domains/de/test/auto/TransferInputs.xml
auto.tcl: Setting watchdog for 200 seconds at Thu Apr 18 04:29:59 UTC 2019
2 ms. Memory: 287744K Free: 274392K (95%)
ptolemy.util.test.WatchDog.cancel(): canceling Thu Apr 18 04:29:59 UTC 2019
auto.tcl: Setting watchdog for 200 seconds at Thu Apr 18 04:29:59 UTC 2019
2 ms. Memory: 287744K Free: 274392K (95%)
ptolemy.util.test.WatchDog.cancel(): canceling Thu Apr 18 04:29:59 UTC 2019
------------------ testing $PTII/ptolemy/domains/de/test/auto/TransferOutputs2.xml
auto.tcl: Setting watchdog for 200 seconds at Thu Apr 18 04:29:59 UTC 2019
3 ms. Memory: 287232K Free: 272397K (95%)
ptolemy.util.test.WatchDog.cancel(): canceling Thu Apr 18 04:29:59 UTC 2019
auto.tcl: Setting watchdog for 200 seconds at Thu Apr 18 04:29:59 UTC 2019
3 ms. Memory: 287232K Free: 269812K (94%)
ptolemy.util.test.WatchDog.cancel(): canceling Thu Apr 18 04:29:59 UTC 2019
------------------ testing $PTII/ptolemy/domains/de/test/auto/Trilateration.xml
auto.tcl: Setting watchdog for 200 seconds at Thu Apr 18 04:29:59 UTC 2019
14270 ms. Memory: 473088K Free: 302106K (64%)
ptolemy.util.test.WatchDog.cancel(): canceling Thu Apr 18 04:30:14 UTC 2019
auto.tcl: Setting watchdog for 200 seconds at Thu Apr 18 04:30:14 UTC 2019
10960 ms. Memory: 352256K Free: 255112K (72%)
ptolemy.util.test.WatchDog.cancel(): canceling Thu Apr 18 04:30:25 UTC 2019
------------------ testing $PTII/ptolemy/domains/de/test/auto/TwoSigmaDelta.xml
auto.tcl: Setting watchdog for 200 seconds at Thu Apr 18 04:30:25 UTC 2019
3057 ms. Memory: 339968K Free: 302625K (89%)
ptolemy.util.test.WatchDog.cancel(): canceling Thu Apr 18 04:30:28 UTC 2019
auto.tcl: Setting watchdog for 200 seconds at Thu Apr 18 04:30:28 UTC 2019
2120 ms. Memory: 339968K Free: 66460K (20%)
ptolemy.util.test.WatchDog.cancel(): canceling Thu Apr 18 04:30:31 UTC 2019
------------------ testing $PTII/ptolemy/domains/de/test/auto/VariableDelay.xml
auto.tcl: Setting watchdog for 200 seconds at Thu Apr 18 04:30:31 UTC 2019
4 ms. Memory: 337408K Free: 325447K (96%)
ptolemy.util.test.WatchDog.cancel(): canceling Thu Apr 18 04:30:31 UTC 2019
auto.tcl: Setting watchdog for 200 seconds at Thu Apr 18 04:30:31 UTC 2019
2 ms. Memory: 337408K Free: 321575K (95%)
ptolemy.util.test.WatchDog.cancel(): canceling Thu Apr 18 04:30:31 UTC 2019
------------------ testing $PTII/ptolemy/domains/de/test/auto/VariableDelay2.xml
auto.tcl: Setting watchdog for 200 seconds at Thu Apr 18 04:30:31 UTC 2019
1 ms. Memory: 339456K Free: 327907K (97%)
ptolemy.util.test.WatchDog.cancel(): canceling Thu Apr 18 04:30:31 UTC 2019
auto.tcl: Setting watchdog for 200 seconds at Thu Apr 18 04:30:31 UTC 2019
2 ms. Memory: 339456K Free: 324035K (95%)
ptolemy.util.test.WatchDog.cancel(): canceling Thu Apr 18 04:30:31 UTC 2019
------------------ testing $PTII/ptolemy/domains/de/test/auto/VariableDelayZeroDelay.xml
auto.tcl: Setting watchdog for 200 seconds at Thu Apr 18 04:30:31 UTC 2019
2 ms. Memory: 337408K Free: 323298K (96%)
ptolemy.util.test.WatchDog.cancel(): canceling Thu Apr 18 04:30:31 UTC 2019
auto.tcl: Setting watchdog for 200 seconds at Thu Apr 18 04:30:31 UTC 2019
2 ms. Memory: 337408K Free: 323298K (96%)
ptolemy.util.test.WatchDog.cancel(): canceling Thu Apr 18 04:30:31 UTC 2019
------------------ testing $PTII/ptolemy/domains/de/test/auto/VariableDelayZeroDelay2.xml
auto.tcl: Setting watchdog for 200 seconds at Thu Apr 18 04:30:31 UTC 2019
7 ms. Memory: 339456K Free: 325344K (96%)
ptolemy.util.test.WatchDog.cancel(): canceling Thu Apr 18 04:30:31 UTC 2019
auto.tcl: Setting watchdog for 200 seconds at Thu Apr 18 04:30:31 UTC 2019
2 ms. Memory: 339456K Free: 321472K (95%)
ptolemy.util.test.WatchDog.cancel(): canceling Thu Apr 18 04:30:31 UTC 2019
------------------ testing $PTII/ptolemy/domains/de/test/auto/deInCt.xml
auto.tcl: Setting watchdog for 200 seconds at Thu Apr 18 04:30:31 UTC 2019
0
1
1
1
0
0
0
1
1
1
1
0
0
0
1
1
1
1
0
0
0
1
1
1
1
0
0
0
1
1
1
0
0
0
1
1
1
1
1
0
0
0
0
14 ms. Memory: 337408K Free: 323293K (96%)
ptolemy.util.test.WatchDog.cancel(): canceling Thu Apr 18 04:30:31 UTC 2019
auto.tcl: Setting watchdog for 200 seconds at Thu Apr 18 04:30:31 UTC 2019
0
1
1
1
0
0
0
1
1
1
1
0
0
0
1
1
1
0
0
0
0
0
0
1
1
1
0
0
0
0
1
1
1
4 ms. Memory: 337408K Free: 319421K (95%)
ptolemy.util.test.WatchDog.cancel(): canceling Thu Apr 18 04:30:31 UTC 2019
------------------ testing $PTII/ptolemy/domains/de/test/auto/deInCt2.xml
auto.tcl: Setting watchdog for 200 seconds at Thu Apr 18 04:30:31 UTC 2019
0
1
1
1
0
0
1
1
1
0
0
1
1
1
0
0
1
1
1
0
0
1
1
1
0
0
1
1
1
0
0
1
1
1
0
0
1
1
1
0
0
0
6 ms. Memory: 338944K Free: 324822K (96%)
ptolemy.util.test.WatchDog.cancel(): canceling Thu Apr 18 04:30:31 UTC 2019
auto.tcl: Setting watchdog for 200 seconds at Thu Apr 18 04:30:31 UTC 2019
0
1
1
1
0
0
1
1
1
0
0
1
1
1
0
0
1
1
1
0
0
1
1
1
0
0
1
1
1
0
0
1
1
1
0
0
1
1
1
0
0
0
5 ms. Memory: 338944K Free: 320966K (95%)
ptolemy.util.test.WatchDog.cancel(): canceling Thu Apr 18 04:30:31 UTC 2019
------------------ testing $PTII/ptolemy/domains/de/test/auto/dynamicCausalityInterface1.xml
auto.tcl: Setting watchdog for 200 seconds at Thu Apr 18 04:30:31 UTC 2019
1 ms. Memory: 337408K Free: 315552K (94%)
ptolemy.util.test.WatchDog.cancel(): canceling Thu Apr 18 04:30:31 UTC 2019
auto.tcl: Setting watchdog for 200 seconds at Thu Apr 18 04:30:31 UTC 2019
1 ms. Memory: 337408K Free: 315552K (94%)
ptolemy.util.test.WatchDog.cancel(): canceling Thu Apr 18 04:30:31 UTC 2019
------------------ testing $PTII/ptolemy/domains/de/test/auto/fsm_de_test.xml
auto.tcl: Setting watchdog for 200 seconds at Thu Apr 18 04:30:31 UTC 2019
6 ms. Memory: 338944K Free: 316990K (94%)
ptolemy.util.test.WatchDog.cancel(): canceling Thu Apr 18 04:30:31 UTC 2019
auto.tcl: Setting watchdog for 200 seconds at Thu Apr 18 04:30:31 UTC 2019
4 ms. Memory: 338944K Free: 316990K (94%)
ptolemy.util.test.WatchDog.cancel(): canceling Thu Apr 18 04:30:31 UTC 2019
------------------ testing $PTII/ptolemy/domains/de/test/auto/functionDependencyReconstruction.xml
auto.tcl: Setting watchdog for 200 seconds at Thu Apr 18 04:30:31 UTC 2019
4 ms. Memory: 337408K Free: 311581K (92%)
ptolemy.util.test.WatchDog.cancel(): canceling Thu Apr 18 04:30:31 UTC 2019
auto.tcl: Setting watchdog for 200 seconds at Thu Apr 18 04:30:31 UTC 2019
3 ms. Memory: 337408K Free: 307725K (91%)
ptolemy.util.test.WatchDog.cancel(): canceling Thu Apr 18 04:30:31 UTC 2019
------------------ testing $PTII/ptolemy/domains/de/test/auto/multirate.xml
auto.tcl: Setting watchdog for 200 seconds at Thu Apr 18 04:30:31 UTC 2019
4 ms. Memory: 338432K Free: 320200K (95%)
ptolemy.util.test.WatchDog.cancel(): canceling Thu Apr 18 04:30:31 UTC 2019
auto.tcl: Setting watchdog for 200 seconds at Thu Apr 18 04:30:31 UTC 2019
3 ms. Memory: 338432K Free: 320194K (95%)
ptolemy.util.test.WatchDog.cancel(): canceling Thu Apr 18 04:30:31 UTC 2019
------------------ testing $PTII/ptolemy/domains/de/test/auto/multirate2.xml
auto.tcl: Setting watchdog for 200 seconds at Thu Apr 18 04:30:31 UTC 2019
7 ms. Memory: 337408K Free: 321934K (95%)
ptolemy.util.test.WatchDog.cancel(): canceling Thu Apr 18 04:30:31 UTC 2019
auto.tcl: Setting watchdog for 200 seconds at Thu Apr 18 04:30:31 UTC 2019
3 ms. Memory: 337408K Free: 321934K (95%)
ptolemy.util.test.WatchDog.cancel(): canceling Thu Apr 18 04:30:31 UTC 2019
------------------ testing $PTII/ptolemy/domains/de/test/auto/realtime.xml
auto.tcl: Setting watchdog for 200 seconds at Thu Apr 18 04:30:32 UTC 2019
10001 ms. Memory: 338432K Free: 326813K (97%)
ptolemy.util.test.WatchDog.cancel(): canceling Thu Apr 18 04:30:42 UTC 2019
auto.tcl: Setting watchdog for 200 seconds at Thu Apr 18 04:30:42 UTC 2019
10001 ms. Memory: 338432K Free: 322941K (95%)
ptolemy.util.test.WatchDog.cancel(): canceling Thu Apr 18 04:30:52 UTC 2019
------------------ testing $PTII/ptolemy/domains/de/test/auto/relationGroup.xml
auto.tcl: Setting watchdog for 200 seconds at Thu Apr 18 04:30:52 UTC 2019
2 ms. Memory: 337408K Free: 325821K (97%)
ptolemy.util.test.WatchDog.cancel(): canceling Thu Apr 18 04:30:52 UTC 2019
auto.tcl: Setting watchdog for 200 seconds at Thu Apr 18 04:30:52 UTC 2019
2 ms. Memory: 337408K Free: 325821K (97%)
ptolemy.util.test.WatchDog.cancel(): canceling Thu Apr 18 04:30:52 UTC 2019
------------------ testing $PTII/ptolemy/domains/de/test/auto/relationGroup2.xml
auto.tcl: Setting watchdog for 200 seconds at Thu Apr 18 04:30:52 UTC 2019
6 ms. Memory: 338432K Free: 326870K (97%)
ptolemy.util.test.WatchDog.cancel(): canceling Thu Apr 18 04:30:52 UTC 2019
auto.tcl: Setting watchdog for 200 seconds at Thu Apr 18 04:30:52 UTC 2019
2 ms. Memory: 338432K Free: 326870K (97%)
ptolemy.util.test.WatchDog.cancel(): canceling Thu Apr 18 04:30:52 UTC 2019
------------------ testing $PTII/ptolemy/domains/de/test/auto/sortWithOpaquePorts.xml
auto.tcl: Setting watchdog for 200 seconds at Thu Apr 18 04:30:52 UTC 2019
2 ms. Memory: 337408K Free: 323287K (96%)
ptolemy.util.test.WatchDog.cancel(): canceling Thu Apr 18 04:30:52 UTC 2019
auto.tcl: Setting watchdog for 200 seconds at Thu Apr 18 04:30:52 UTC 2019
2 ms. Memory: 337408K Free: 319416K (95%)
ptolemy.util.test.WatchDog.cancel(): canceling Thu Apr 18 04:30:52 UTC 2019
------------------ testing $PTII/ptolemy/domains/de/test/auto/transferInputsandOutputs.xml
auto.tcl: Setting watchdog for 200 seconds at Thu Apr 18 04:30:52 UTC 2019
2 ms. Memory: 337920K Free: 319914K (95%)
ptolemy.util.test.WatchDog.cancel(): canceling Thu Apr 18 04:30:52 UTC 2019
auto.tcl: Setting watchdog for 200 seconds at Thu Apr 18 04:30:52 UTC 2019
3 ms. Memory: 337920K Free: 319914K (95%)
ptolemy.util.test.WatchDog.cancel(): canceling Thu Apr 18 04:30:52 UTC 2019
------------------ testing $PTII/ptolemy/domains/de/test/auto/triggerType.xml
auto.tcl: Setting watchdog for 200 seconds at Thu Apr 18 04:30:52 UTC 2019
2 ms. Memory: 337408K Free: 323225K (96%)
ptolemy.util.test.WatchDog.cancel(): canceling Thu Apr 18 04:30:52 UTC 2019
auto.tcl: Setting watchdog for 200 seconds at Thu Apr 18 04:30:52 UTC 2019
1 ms. Memory: 337408K Free: 319353K (95%)
ptolemy.util.test.WatchDog.cancel(): canceling Thu Apr 18 04:30:52 UTC 2019
04/18/19 04:30:52
Failed: 0  Total Tests: 192  ((Passed: 187, Newly Passed: 1)  Known Failed: 5) /home/travis/build/icyphy/ptII/ptolemy/domains/de/test
04/18/19 04:30:52
Failed: 0  Total Tests: 192  ((Passed: 187, Newly Passed: 1)  Known Failed: 5) /home/travis/build/icyphy/ptII/ptolemy/domains/de/test
----------------- testing (KnownFailure) /home/travis/build/icyphy/ptII/ptolemy/domains/de/test/auto/knownFailedTests/DESDFClockTest.xml
2010 ms. Memory: 337920K Free: 313550K (93%)
Known Failure: java.lang.reflect.InvocationTargetException
----------------- testing (KnownFailure) /home/travis/build/icyphy/ptII/ptolemy/domains/de/test/auto/knownFailedTests/DirectFeedback.xml
2 ms. Memory: 337920K Free: 293069K (87%)
Known Failure: java.lang.reflect.InvocationTargetException
----------------- testing (KnownFailure) /home/travis/build/icyphy/ptII/ptolemy/domains/de/test/auto/knownFailedTests/FSMSource.xml
4 ms. Memory: 337920K Free: 272589K (81%)
----------------- testing (KnownFailure) /home/travis/build/icyphy/ptII/ptolemy/domains/de/test/auto/knownFailedTests/HierarchicalModel.xml
2 ms. Memory: 337920K Free: 246966K (73%)
Known Failure: java.lang.reflect.InvocationTargetException
----------------- testing (KnownFailure) /home/travis/build/icyphy/ptII/ptolemy/domains/de/test/auto/knownFailedTests/dependencyLoop.xml
2 ms. Memory: 337920K Free: 216230K (64%)
Known Failure: java.lang.reflect.InvocationTargetException
----------------- testing (KnownFailure) /home/travis/build/icyphy/ptII/ptolemy/domains/de/test/auto/knownFailedTests/dependencyLoop2.xml
2 ms. Memory: 337920K Free: 185494K (55%)
Known Failure: java.lang.reflect.InvocationTargetException
No auto/linux-amd64/*.xml tests in /home/travis/build/icyphy/ptII/ptolemy/domains/de/test
AutoTests.java: About to close Vertx.
AutoTests.java: Vertx closed.

===========================================================================================
----------------- testing Thu Apr 18 04:30:54 UTC 2019 /home/travis/build/icyphy/ptII/ptolemy/domains/de/test/auto/ActorDepthCalculation_actorWithoutPorts.xml
----------------- Instantiating /home/travis/build/icyphy/ptII/ptolemy/domains/de/test/auto/ActorDepthCalculation_actorWithoutPorts.xml
2 ms. Memory: 337920K Free: 159893K (47%)
----------------- Invoking toplevel() on ptolemy.moml.MoMLSimpleApplication@28bdddef
----------------- Done invoking toplevel() on ptolemy.moml.MoMLSimpleApplication@28bdddef
reloadAllAccessors: .ActorDepthCalculation_actorWithoutPorts

===========================================================================================
----------------- testing Thu Apr 18 04:30:54 UTC 2019 /home/travis/build/icyphy/ptII/ptolemy/domains/de/test/auto/AssemblyLine.xml
----------------- Instantiating /home/travis/build/icyphy/ptII/ptolemy/domains/de/test/auto/AssemblyLine.xml
2 ms. Memory: 337920K Free: 144533K (43%)
----------------- Invoking toplevel() on ptolemy.moml.MoMLSimpleApplication@6071ebf3
----------------- Done invoking toplevel() on ptolemy.moml.MoMLSimpleApplication@6071ebf3
reloadAllAccessors: .AssemblyLine

===========================================================================================
----------------- testing Thu Apr 18 04:30:54 UTC 2019 /home/travis/build/icyphy/ptII/ptolemy/domains/de/test/auto/CQBug1.xml
----------------- Instantiating /home/travis/build/icyphy/ptII/ptolemy/domains/de/test/auto/CQBug1.xml
1 ms. Memory: 337920K Free: 134293K (40%)
----------------- Invoking toplevel() on ptolemy.moml.MoMLSimpleApplication@2a84e63a
----------------- Done invoking toplevel() on ptolemy.moml.MoMLSimpleApplication@2a84e63a
reloadAllAccessors: .CQBug1

===========================================================================================
----------------- testing Thu Apr 18 04:30:54 UTC 2019 /home/travis/build/icyphy/ptII/ptolemy/domains/de/test/auto/CancelFireAt.xml
----------------- Instantiating /home/travis/build/icyphy/ptII/ptolemy/domains/de/test/auto/CancelFireAt.xml
0 ms. Memory: 337920K Free: 124053K (37%)
----------------- Invoking toplevel() on ptolemy.moml.MoMLSimpleApplication@6bbb0d05
----------------- Done invoking toplevel() on ptolemy.moml.MoMLSimpleApplication@6bbb0d05
reloadAllAccessors: .CancelFireAt

===========================================================================================
----------------- testing Thu Apr 18 04:30:54 UTC 2019 /home/travis/build/icyphy/ptII/ptolemy/domains/de/test/auto/CausalityAndComposabilityAnalysis.xml
----------------- Instantiating /home/travis/build/icyphy/ptII/ptolemy/domains/de/test/auto/CausalityAndComposabilityAnalysis.xml
2 ms. Memory: 337920K Free: 113813K (34%)
----------------- Invoking toplevel() on ptolemy.moml.MoMLSimpleApplication@3de4a4d8
----------------- Done invoking toplevel() on ptolemy.moml.MoMLSimpleApplication@3de4a4d8
reloadAllAccessors: .CausalityAndComposabilityAnalysis

===========================================================================================
----------------- testing Thu Apr 18 04:30:54 UTC 2019 /home/travis/build/icyphy/ptII/ptolemy/domains/de/test/auto/CausalityInterface1.xml
----------------- Instantiating /home/travis/build/icyphy/ptII/ptolemy/domains/de/test/auto/CausalityInterface1.xml
4 ms. Memory: 337920K Free: 103573K (31%)
----------------- Invoking toplevel() on ptolemy.moml.MoMLSimpleApplication@64538e25
----------------- Done invoking toplevel() on ptolemy.moml.MoMLSimpleApplication@64538e25
reloadAllAccessors: .CausalityInterface1

===========================================================================================
----------------- testing Thu Apr 18 04:30:54 UTC 2019 /home/travis/build/icyphy/ptII/ptolemy/domains/de/test/auto/CausalityInterface15.xml
----------------- Instantiating /home/travis/build/icyphy/ptII/ptolemy/domains/de/test/auto/CausalityInterface15.xml
2 ms. Memory: 337920K Free: 89477K (26%)
----------------- Invoking toplevel() on ptolemy.moml.MoMLSimpleApplication@36bd431d
----------------- Done invoking toplevel() on ptolemy.moml.MoMLSimpleApplication@36bd431d
reloadAllAccessors: .CausalityInterface15

[...]
java.lang.RuntimeException: Execution failed
	at ptolemy.moml.MoMLSimpleApplication$UnloadThread.run(MoMLSimpleApplication.java:402)
Caused by: ptolemy.kernel.util.IllegalActionException: Test fails in iteration 1.
Value was: 1.0. Should have been: 2.0
  in .DirectFeedback.Test
	at ptolemy.actor.lib.Test.fire(Test.java:268)
	at ptolemy.domains.de.kernel.DEDirector._fire(DEDirector.java:1949)
	at ptolemy.domains.de.kernel.DEDirector.fire(DEDirector.java:502)
	at ptolemy.actor.CompositeActor.fire(CompositeActor.java:455)
	at ptolemy.actor.Manager.iterate(Manager.java:851)
	at ptolemy.actor.Manager.execute(Manager.java:369)
	at ptolemy.actor.Manager.run(Manager.java:1263)
	at ptolemy.actor.Manager$PtolemyRunThread.run(Manager.java:1915)
java.lang.RuntimeException: Execution failed
	at ptolemy.moml.MoMLSimpleApplication$UnloadThread.run(MoMLSimpleApplication.java:402)
Caused by: ptolemy.kernel.util.IllegalActionException: Actor is not ready to fire.  Perhaps UpSample.prefire() returned false? Try debugging the actor by selecting "Listen to Actor".  Also, for SDF check moml for tokenConsumptionRate on input.
  in .DESDFClockTest.Play Bell.Copy1:SDF Director and .DESDFClockTest.Play Bell.UpSample
	at ptolemy.actor.sched.StaticSchedulingDirector.fire(StaticSchedulingDirector.java:227)
	at ptolemy.domains.sdf.kernel.SDFDirector.fire(SDFDirector.java:500)
	at ptolemy.actor.CompositeActor.fire(CompositeActor.java:455)
	at ptolemy.domains.de.kernel.DEDirector._fire(DEDirector.java:1949)
	at ptolemy.domains.de.kernel.DEDirector.fire(DEDirector.java:502)
	at ptolemy.actor.CompositeActor.fire(CompositeActor.java:455)
	at ptolemy.actor.Manager.iterate(Manager.java:851)
	at ptolemy.actor.Manager.execute(Manager.java:369)
	at ptolemy.actor.Manager.run(Manager.java:1263)
	at ptolemy.actor.Manager$PtolemyRunThread.run(Manager.java:1915)
java.lang.reflect.InvocationTargetException
	at sun.reflect.NativeConstructorAccessorImpl.newInstance0(Native Method)
	at sun.reflect.NativeConstructorAccessorImpl.newInstance(NativeConstructorAccessorImpl.java:62)
	at sun.reflect.DelegatingConstructorAccessorImpl.newInstance(DelegatingConstructorAccessorImpl.java:45)
	at java.lang.reflect.Constructor.newInstance(Constructor.java:423)
	at ptolemy.util.test.junit.AutoKnownFailedTests.RunModel(AutoKnownFailedTests.java:105)
	at sun.reflect.NativeMethodAccessorImpl.invoke0(Native Method)
	at sun.reflect.NativeMethodAccessorImpl.invoke(NativeMethodAccessorImpl.java:62)
	at sun.reflect.DelegatingMethodAccessorImpl.invoke(DelegatingMethodAccessorImpl.java:43)
	at java.lang.reflect.Method.invoke(Method.java:498)
	at org.junit.runners.model.FrameworkMethod$1.runReflectiveCall(FrameworkMethod.java:44)
	at org.junit.internal.runners.model.ReflectiveCallable.run(ReflectiveCallable.java:15)
	at org.junit.runners.model.FrameworkMethod.invokeExplosively(FrameworkMethod.java:41)
	at junitparams.internal.InvokeParameterisedMethod.evaluate(InvokeParameterisedMethod.java:102)
	at org.junit.internal.runners.statements.FailOnTimeout$1.run(FailOnTimeout.java:28)
Caused by: ptolemy.kernel.util.IllegalActionException: Actor is not ready to fire.  Perhaps UpSample.prefire() returned false? Try debugging the actor by selecting "Listen to Actor".  Also, for SDF check moml for tokenConsumptionRate on input.
  in .DESDFClockTest.Play Bell.Copy1:SDF Director and .DESDFClockTest.Play Bell.UpSample
	at ptolemy.actor.sched.StaticSchedulingDirector.fire(StaticSchedulingDirector.java:227)
	at ptolemy.domains.sdf.kernel.SDFDirector.fire(SDFDirector.java:500)
	at ptolemy.actor.CompositeActor.fire(CompositeActor.java:455)
	at ptolemy.domains.de.kernel.DEDirector._fire(DEDirector.java:1949)
	at ptolemy.domains.de.kernel.DEDirector.fire(DEDirector.java:502)
	at ptolemy.actor.CompositeActor.fire(CompositeActor.java:455)
	at ptolemy.actor.Manager.iterate(Manager.java:851)
	at ptolemy.actor.Manager.execute(Manager.java:369)
	at ptolemy.actor.Manager.run(Manager.java:1263)
	at ptolemy.actor.Manager$PtolemyRunThread.run(Manager.java:1915)
java.lang.RuntimeException: Execution failed
	at ptolemy.moml.MoMLSimpleApplication$UnloadThread.run(MoMLSimpleApplication.java:402)
Caused by: ptolemy.kernel.util.IllegalActionException: Test fails in iteration 1.
Value was: 1.0. Should have been: 2.0
  in .DirectFeedback.Test
	at ptolemy.actor.lib.Test.fire(Test.java:268)
	at ptolemy.domains.de.kernel.DEDirector._fire(DEDirector.java:1949)
	at ptolemy.domains.de.kernel.DEDirector.fire(DEDirector.java:502)
	at ptolemy.actor.CompositeActor.fire(CompositeActor.java:455)
	at ptolemy.actor.Manager.iterate(Manager.java:851)
	at ptolemy.actor.Manager.execute(Manager.java:369)
	at ptolemy.actor.Manager.run(Manager.java:1263)
	at ptolemy.actor.Manager$PtolemyRunThread.run(Manager.java:1915)
java.lang.reflect.InvocationTargetException
	at sun.reflect.NativeConstructorAccessorImpl.newInstance0(Native Method)
	at sun.reflect.NativeConstructorAccessorImpl.newInstance(NativeConstructorAccessorImpl.java:62)
	at sun.reflect.DelegatingConstructorAccessorImpl.newInstance(DelegatingConstructorAccessorImpl.java:45)
	at java.lang.reflect.Constructor.newInstance(Constructor.java:423)
	at ptolemy.util.test.junit.AutoKnownFailedTests.RunModel(AutoKnownFailedTests.java:105)
	at sun.reflect.NativeMethodAccessorImpl.invoke0(Native Method)
	at sun.reflect.NativeMethodAccessorImpl.invoke(NativeMethodAccessorImpl.java:62)
	at sun.reflect.DelegatingMethodAccessorImpl.invoke(DelegatingMethodAccessorImpl.java:43)
	at java.lang.reflect.Method.invoke(Method.java:498)
	at org.junit.runners.model.FrameworkMethod$1.runReflectiveCall(FrameworkMethod.java:44)
	at org.junit.internal.runners.model.ReflectiveCallable.run(ReflectiveCallable.java:15)
	at org.junit.runners.model.FrameworkMethod.invokeExplosively(FrameworkMethod.java:41)
	at junitparams.internal.InvokeParameterisedMethod.evaluate(InvokeParameterisedMethod.java:102)
	at org.junit.internal.runners.statements.FailOnTimeout$1.run(FailOnTimeout.java:28)
Caused by: ptolemy.kernel.util.IllegalActionException: Test fails in iteration 1.
Value was: 1.0. Should have been: 2.0
  in .DirectFeedback.Test
	at ptolemy.actor.lib.Test.fire(Test.java:268)
	at ptolemy.domains.de.kernel.DEDirector._fire(DEDirector.java:1949)
	at ptolemy.domains.de.kernel.DEDirector.fire(DEDirector.java:502)
	at ptolemy.actor.CompositeActor.fire(CompositeActor.java:455)
	at ptolemy.actor.Manager.iterate(Manager.java:851)
	at ptolemy.actor.Manager.execute(Manager.java:369)
	at ptolemy.actor.Manager.run(Manager.java:1263)
	at ptolemy.actor.Manager$PtolemyRunThread.run(Manager.java:1915)
java.lang.RuntimeException: Execution failed
	at ptolemy.moml.MoMLSimpleApplication$UnloadThread.run(MoMLSimpleApplication.java:402)
Caused by: ptolemy.kernel.util.IllegalActionException: Found a zero delay loop containing .HierarchicalModel.A
  in .HierarchicalModel and .HierarchicalModel.A
	at ptolemy.actor.util.CausalityInterfaceForComposites._computeOutputPortDepth(CausalityInterfaceForComposites.java:759)
	at ptolemy.actor.util.CausalityInterfaceForComposites._computeInputDepth(CausalityInterfaceForComposites.java:696)
	at ptolemy.actor.util.CausalityInterfaceForComposites._computeOutputPortDepth(CausalityInterfaceForComposites.java:765)
	at ptolemy.actor.util.CausalityInterfaceForComposites._computeInputDepth(CausalityInterfaceForComposites.java:696)
	at ptolemy.actor.util.CausalityInterfaceForComposites._computeOutputPortDepth(CausalityInterfaceForComposites.java:765)
	at ptolemy.actor.util.CausalityInterfaceForComposites._computeInputDepth(CausalityInterfaceForComposites.java:696)
	at ptolemy.actor.util.CausalityInterfaceForComposites._computeActorDepth(CausalityInterfaceForComposites.java:532)
	at ptolemy.actor.util.CausalityInterfaceForComposites.checkForCycles(CausalityInterfaceForComposites.java:96)
	at ptolemy.domains.de.kernel.DEDirector.preinitialize(DEDirector.java:1338)
	at ptolemy.actor.CompositeActor.preinitialize(CompositeActor.java:1828)
	at ptolemy.actor.Manager.preinitializeAndResolveTypes(Manager.java:1040)
	at ptolemy.actor.Manager.initialize(Manager.java:710)
	at ptolemy.actor.Manager.execute(Manager.java:356)
	at ptolemy.actor.Manager.run(Manager.java:1263)
	at ptolemy.actor.Manager$PtolemyRunThread.run(Manager.java:1915)
java.lang.reflect.InvocationTargetException
	at sun.reflect.NativeConstructorAccessorImpl.newInstance0(Native Method)
	at sun.reflect.NativeConstructorAccessorImpl.newInstance(NativeConstructorAccessorImpl.java:62)
	at sun.reflect.DelegatingConstructorAccessorImpl.newInstance(DelegatingConstructorAccessorImpl.java:45)
	at java.lang.reflect.Constructor.newInstance(Constructor.java:423)
	at ptolemy.util.test.junit.AutoKnownFailedTests.RunModel(AutoKnownFailedTests.java:105)
	at sun.reflect.NativeMethodAccessorImpl.invoke0(Native Method)
	at sun.reflect.NativeMethodAccessorImpl.invoke(NativeMethodAccessorImpl.java:62)
	at sun.reflect.DelegatingMethodAccessorImpl.invoke(DelegatingMethodAccessorImpl.java:43)
	at java.lang.reflect.Method.invoke(Method.java:498)
	at org.junit.runners.model.FrameworkMethod$1.runReflectiveCall(FrameworkMethod.java:44)
	at org.junit.internal.runners.model.ReflectiveCallable.run(ReflectiveCallable.java:15)
	at org.junit.runners.model.FrameworkMethod.invokeExplosively(FrameworkMethod.java:41)
	at junitparams.internal.InvokeParameterisedMethod.evaluate(InvokeParameterisedMethod.java:102)
	at org.junit.internal.runners.statements.FailOnTimeout$1.run(FailOnTimeout.java:28)
Caused by: ptolemy.kernel.util.IllegalActionException: Found a zero delay loop containing .HierarchicalModel.A
  in .HierarchicalModel and .HierarchicalModel.A
	at ptolemy.actor.util.CausalityInterfaceForComposites._computeOutputPortDepth(CausalityInterfaceForComposites.java:759)
	at ptolemy.actor.util.CausalityInterfaceForComposites._computeInputDepth(CausalityInterfaceForComposites.java:696)
	at ptolemy.actor.util.CausalityInterfaceForComposites._computeOutputPortDepth(CausalityInterfaceForComposites.java:765)
	at ptolemy.actor.util.CausalityInterfaceForComposites._computeInputDepth(CausalityInterfaceForComposites.java:696)
	at ptolemy.actor.util.CausalityInterfaceForComposites._computeOutputPortDepth(CausalityInterfaceForComposites.java:765)
	at ptolemy.actor.util.CausalityInterfaceForComposites._computeInputDepth(CausalityInterfaceForComposites.java:696)
	at ptolemy.actor.util.CausalityInterfaceForComposites._computeActorDepth(CausalityInterfaceForComposites.java:532)
	at ptolemy.actor.util.CausalityInterfaceForComposites.checkForCycles(CausalityInterfaceForComposites.java:96)
	at ptolemy.domains.de.kernel.DEDirector.preinitialize(DEDirector.java:1338)
	at ptolemy.actor.CompositeActor.preinitialize(CompositeActor.java:1828)
	at ptolemy.actor.Manager.preinitializeAndResolveTypes(Manager.java:1040)
	at ptolemy.actor.Manager.initialize(Manager.java:710)
	at ptolemy.actor.Manager.execute(Manager.java:356)
	at ptolemy.actor.Manager.run(Manager.java:1263)
	at ptolemy.actor.Manager$PtolemyRunThread.run(Manager.java:1915)
java.lang.RuntimeException: Execution failed
	at ptolemy.moml.MoMLSimpleApplication$UnloadThread.run(MoMLSimpleApplication.java:402)
Caused by: ptolemy.kernel.util.IllegalActionException: Found a zero delay loop containing .dependencyLoop.original
  in .dependencyLoop and .dependencyLoop.original
	at ptolemy.actor.util.CausalityInterfaceForComposites._computeOutputPortDepth(CausalityInterfaceForComposites.java:759)
	at ptolemy.actor.util.CausalityInterfaceForComposites._computeInputDepth(CausalityInterfaceForComposites.java:696)
	at ptolemy.actor.util.CausalityInterfaceForComposites._computeOutputPortDepth(CausalityInterfaceForComposites.java:765)
	at ptolemy.actor.util.CausalityInterfaceForComposites._computeInputDepth(CausalityInterfaceForComposites.java:696)
	at ptolemy.actor.util.CausalityInterfaceForComposites._computeOutputPortDepth(CausalityInterfaceForComposites.java:765)
	at ptolemy.actor.util.CausalityInterfaceForComposites._computeInputDepth(CausalityInterfaceForComposites.java:696)
	at ptolemy.actor.util.CausalityInterfaceForComposites._computeActorDepth(CausalityInterfaceForComposites.java:532)
	at ptolemy.actor.util.CausalityInterfaceForComposites.checkForCycles(CausalityInterfaceForComposites.java:96)
	at ptolemy.domains.de.kernel.DEDirector.preinitialize(DEDirector.java:1338)
	at ptolemy.actor.CompositeActor.preinitialize(CompositeActor.java:1828)
	at ptolemy.actor.Manager.preinitializeAndResolveTypes(Manager.java:1040)
	at ptolemy.actor.Manager.initialize(Manager.java:710)
	at ptolemy.actor.Manager.execute(Manager.java:356)
	at ptolemy.actor.Manager.run(Manager.java:1263)
	at ptolemy.actor.Manager$PtolemyRunThread.run(Manager.java:1915)
java.lang.reflect.InvocationTargetException
	at sun.reflect.NativeConstructorAccessorImpl.newInstance0(Native Method)
	at sun.reflect.NativeConstructorAccessorImpl.newInstance(NativeConstructorAccessorImpl.java:62)
	at sun.reflect.DelegatingConstructorAccessorImpl.newInstance(DelegatingConstructorAccessorImpl.java:45)
	at java.lang.reflect.Constructor.newInstance(Constructor.java:423)
	at ptolemy.util.test.junit.AutoKnownFailedTests.RunModel(AutoKnownFailedTests.java:105)
	at sun.reflect.NativeMethodAccessorImpl.invoke0(Native Method)
	at sun.reflect.NativeMethodAccessorImpl.invoke(NativeMethodAccessorImpl.java:62)
	at sun.reflect.DelegatingMethodAccessorImpl.invoke(DelegatingMethodAccessorImpl.java:43)
	at java.lang.reflect.Method.invoke(Method.java:498)
	at org.junit.runners.model.FrameworkMethod$1.runReflectiveCall(FrameworkMethod.java:44)
	at org.junit.internal.runners.model.ReflectiveCallable.run(ReflectiveCallable.java:15)
	at org.junit.runners.model.FrameworkMethod.invokeExplosively(FrameworkMethod.java:41)
	at junitparams.internal.InvokeParameterisedMethod.evaluate(InvokeParameterisedMethod.java:102)
	at org.junit.internal.runners.statements.FailOnTimeout$1.run(FailOnTimeout.java:28)
Caused by: ptolemy.kernel.util.IllegalActionException: Found a zero delay loop containing .dependencyLoop.original
  in .dependencyLoop and .dependencyLoop.original
	at ptolemy.actor.util.CausalityInterfaceForComposites._computeOutputPortDepth(CausalityInterfaceForComposites.java:759)
	at ptolemy.actor.util.CausalityInterfaceForComposites._computeInputDepth(CausalityInterfaceForComposites.java:696)
	at ptolemy.actor.util.CausalityInterfaceForComposites._computeOutputPortDepth(CausalityInterfaceForComposites.java:765)
	at ptolemy.actor.util.CausalityInterfaceForComposites._computeInputDepth(CausalityInterfaceForComposites.java:696)
	at ptolemy.actor.util.CausalityInterfaceForComposites._computeOutputPortDepth(CausalityInterfaceForComposites.java:765)
	at ptolemy.actor.util.CausalityInterfaceForComposites._computeInputDepth(CausalityInterfaceForComposites.java:696)
	at ptolemy.actor.util.CausalityInterfaceForComposites._computeActorDepth(CausalityInterfaceForComposites.java:532)
	at ptolemy.actor.util.CausalityInterfaceForComposites.checkForCycles(CausalityInterfaceForComposites.java:96)
	at ptolemy.domains.de.kernel.DEDirector.preinitialize(DEDirector.java:1338)
	at ptolemy.actor.CompositeActor.preinitialize(CompositeActor.java:1828)
	at ptolemy.actor.Manager.preinitializeAndResolveTypes(Manager.java:1040)
	at ptolemy.actor.Manager.initialize(Manager.java:710)
	at ptolemy.actor.Manager.execute(Manager.java:356)
	at ptolemy.actor.Manager.run(Manager.java:1263)
	at ptolemy.actor.Manager$PtolemyRunThread.run(Manager.java:1915)
java.lang.RuntimeException: Execution failed
	at ptolemy.moml.MoMLSimpleApplication$UnloadThread.run(MoMLSimpleApplication.java:402)
Caused by: ptolemy.kernel.util.IllegalActionException: Found a zero delay loop containing .dependencyLoop2.original
  in .dependencyLoop2 and .dependencyLoop2.original
	at ptolemy.actor.util.CausalityInterfaceForComposites._computeOutputPortDepth(CausalityInterfaceForComposites.java:759)
	at ptolemy.actor.util.CausalityInterfaceForComposites._computeInputDepth(CausalityInterfaceForComposites.java:696)
	at ptolemy.actor.util.CausalityInterfaceForComposites._computeOutputPortDepth(CausalityInterfaceForComposites.java:765)
	at ptolemy.actor.util.CausalityInterfaceForComposites._computeInputDepth(CausalityInterfaceForComposites.java:696)
	at ptolemy.actor.util.CausalityInterfaceForComposites._computeOutputPortDepth(CausalityInterfaceForComposites.java:765)
	at ptolemy.actor.util.CausalityInterfaceForComposites._computeInputDepth(CausalityInterfaceForComposites.java:696)
	at ptolemy.actor.util.CausalityInterfaceForComposites._computeActorDepth(CausalityInterfaceForComposites.java:532)
	at ptolemy.actor.util.CausalityInterfaceForComposites.checkForCycles(CausalityInterfaceForComposites.java:96)
	at ptolemy.domains.de.kernel.DEDirector.preinitialize(DEDirector.java:1338)
	at ptolemy.actor.CompositeActor.preinitialize(CompositeActor.java:1828)
	at ptolemy.actor.Manager.preinitializeAndResolveTypes(Manager.java:1040)
	at ptolemy.actor.Manager.initialize(Manager.java:710)
	at ptolemy.actor.Manager.execute(Manager.java:356)
	at ptolemy.actor.Manager.run(Manager.java:1263)
	at ptolemy.actor.Manager$PtolemyRunThread.run(Manager.java:1915)
java.lang.reflect.InvocationTargetException
	at sun.reflect.NativeConstructorAccessorImpl.newInstance0(Native Method)
	at sun.reflect.NativeConstructorAccessorImpl.newInstance(NativeConstructorAccessorImpl.java:62)
	at sun.reflect.DelegatingConstructorAccessorImpl.newInstance(DelegatingConstructorAccessorImpl.java:45)
	at java.lang.reflect.Constructor.newInstance(Constructor.java:423)
	at ptolemy.util.test.junit.AutoKnownFailedTests.RunModel(AutoKnownFailedTests.java:105)
	at sun.reflect.NativeMethodAccessorImpl.invoke0(Native Method)
	at sun.reflect.NativeMethodAccessorImpl.invoke(NativeMethodAccessorImpl.java:62)
	at sun.reflect.DelegatingMethodAccessorImpl.invoke(DelegatingMethodAccessorImpl.java:43)
	at java.lang.reflect.Method.invoke(Method.java:498)
	at org.junit.runners.model.FrameworkMethod$1.runReflectiveCall(FrameworkMethod.java:44)
	at org.junit.internal.runners.model.ReflectiveCallable.run(ReflectiveCallable.java:15)
	at org.junit.runners.model.FrameworkMethod.invokeExplosively(FrameworkMethod.java:41)
	at junitparams.internal.InvokeParameterisedMethod.evaluate(InvokeParameterisedMethod.java:102)
	at org.junit.internal.runners.statements.FailOnTimeout$1.run(FailOnTimeout.java:28)
Caused by: ptolemy.kernel.util.IllegalActionException: Found a zero delay loop containing .dependencyLoop2.original
  in .dependencyLoop2 and .dependencyLoop2.original
	at ptolemy.actor.util.CausalityInterfaceForComposites._computeOutputPortDepth(CausalityInterfaceForComposites.java:759)
	at ptolemy.actor.util.CausalityInterfaceForComposites._computeInputDepth(CausalityInterfaceForComposites.java:696)
	at ptolemy.actor.util.CausalityInterfaceForComposites._computeOutputPortDepth(CausalityInterfaceForComposites.java:765)
	at ptolemy.actor.util.CausalityInterfaceForComposites._computeInputDepth(CausalityInterfaceForComposites.java:696)
	at ptolemy.actor.util.CausalityInterfaceForComposites._computeOutputPortDepth(CausalityInterfaceForComposites.java:765)
	at ptolemy.actor.util.CausalityInterfaceForComposites._computeInputDepth(CausalityInterfaceForComposites.java:696)
	at ptolemy.actor.util.CausalityInterfaceForComposites._computeActorDepth(CausalityInterfaceForComposites.java:532)
	at ptolemy.actor.util.CausalityInterfaceForComposites.checkForCycles(CausalityInterfaceForComposites.java:96)
	at ptolemy.domains.de.kernel.DEDirector.preinitialize(DEDirector.java:1338)
	at ptolemy.actor.CompositeActor.preinitialize(CompositeActor.java:1828)
	at ptolemy.actor.Manager.preinitializeAndResolveTypes(Manager.java:1040)
	at ptolemy.actor.Manager.initialize(Manager.java:710)
	at ptolemy.actor.Manager.execute(Manager.java:356)
	at ptolemy.actor.Manager.run(Manager.java:1263)
	at ptolemy.actor.Manager$PtolemyRunThread.run(Manager.java:1915)
]]></system-err>
</testsuite>
