<?xml version="1.0" encoding="UTF-8" ?>
<testsuite errors="0" failures="0" hostname="travis-job-683e95fb-3c24-47d8-801c-9c81501ef6ef" name="ptolemy.domains.de.test.junit.JUnitTclTest" skipped="0" tests="101" time="127.122" timestamp="2019-05-29T04:29:14">
  <properties>
[...]
</properties>
  <testcase classname="ptolemy.util.test.junit.TclTests" name="[0] /home/travis/build/icyphy/ptII/ptolemy/domains/de/test/DependencyLoop.tcl (RunTclFile)" time="0.704" />
  <testcase classname="ptolemy.util.test.junit.TclTests" name="[1] /home/travis/build/icyphy/ptII/ptolemy/domains/de/test/RunDETestsAsQSS.tcl (RunTclFile)" time="87.442" />
  <testcase classname="ptolemy.util.test.junit.AutoKnownFailedTests" name="[0] /home/travis/build/icyphy/ptII/ptolemy/domains/de/test/auto/knownFailedTests/DESDFClockTest.xml (RunModel)" time="2.03" />
  <testcase classname="ptolemy.util.test.junit.AutoKnownFailedTests" name="[1] /home/travis/build/icyphy/ptII/ptolemy/domains/de/test/auto/knownFailedTests/DirectFeedback.xml (RunModel)" time="0.02" />
  <testcase classname="ptolemy.util.test.junit.AutoKnownFailedTests" name="[2] /home/travis/build/icyphy/ptII/ptolemy/domains/de/test/auto/knownFailedTests/FSMSource.xml (RunModel)" time="0.022" />
  <testcase classname="ptolemy.util.test.junit.AutoKnownFailedTests" name="[3] /home/travis/build/icyphy/ptII/ptolemy/domains/de/test/auto/knownFailedTests/HierarchicalModel.xml (RunModel)" time="0.053" />
  <testcase classname="ptolemy.util.test.junit.AutoKnownFailedTests" name="[4] /home/travis/build/icyphy/ptII/ptolemy/domains/de/test/auto/knownFailedTests/dependencyLoop.xml (RunModel)" time="0.041" />
  <testcase classname="ptolemy.util.test.junit.AutoKnownFailedTests" name="[5] /home/travis/build/icyphy/ptII/ptolemy/domains/de/test/auto/knownFailedTests/dependencyLoop2.xml (RunModel)" time="0.041" />
  <testcase classname="ptolemy.util.test.junit.AutoNameArchTests" name="[0] ThereAreNoAutoArchTests (RunModel)" time="0.002" />
  <testcase classname="ptolemy.util.test.junit.AutoTests" name="[0] /home/travis/build/icyphy/ptII/ptolemy/domains/de/test/auto/ActorDepthCalculation_actorWithoutPorts.xml (RunModel)" time="0.015" />
  <testcase classname="ptolemy.util.test.junit.AutoTests" name="[1] /home/travis/build/icyphy/ptII/ptolemy/domains/de/test/auto/AssemblyLine.xml (RunModel)" time="0.026" />
  <testcase classname="ptolemy.util.test.junit.AutoTests" name="[2] /home/travis/build/icyphy/ptII/ptolemy/domains/de/test/auto/CQBug1.xml (RunModel)" time="0.012" />
  <testcase classname="ptolemy.util.test.junit.AutoTests" name="[3] /home/travis/build/icyphy/ptII/ptolemy/domains/de/test/auto/CancelFireAt.xml (RunModel)" time="0.012" />
  <testcase classname="ptolemy.util.test.junit.AutoTests" name="[4] /home/travis/build/icyphy/ptII/ptolemy/domains/de/test/auto/CausalityAndComposabilityAnalysis.xml (RunModel)" time="0.012" />
  <testcase classname="ptolemy.util.test.junit.AutoTests" name="[5] /home/travis/build/icyphy/ptII/ptolemy/domains/de/test/auto/CausalityInterface1.xml (RunModel)" time="0.015" />
  <testcase classname="ptolemy.util.test.junit.AutoTests" name="[6] /home/travis/build/icyphy/ptII/ptolemy/domains/de/test/auto/CausalityInterface15.xml (RunModel)" time="0.016" />
  <testcase classname="ptolemy.util.test.junit.AutoTests" name="[7] /home/travis/build/icyphy/ptII/ptolemy/domains/de/test/auto/CausalityInterface2.xml (RunModel)" time="0.014" />
  <testcase classname="ptolemy.util.test.junit.AutoTests" name="[8] /home/travis/build/icyphy/ptII/ptolemy/domains/de/test/auto/CausalityInterface3.xml (RunModel)" time="0.011" />
  <testcase classname="ptolemy.util.test.junit.AutoTests" name="[9] /home/travis/build/icyphy/ptII/ptolemy/domains/de/test/auto/ClockDrift.xml (RunModel)" time="0.041" />
  <testcase classname="ptolemy.util.test.junit.AutoTests" name="[10] /home/travis/build/icyphy/ptII/ptolemy/domains/de/test/auto/ClockDriftAndValueChange.xml (RunModel)" time="0.048" />
  <testcase classname="ptolemy.util.test.junit.AutoTests" name="[11] /home/travis/build/icyphy/ptII/ptolemy/domains/de/test/auto/ClockDriftChange.xml (RunModel)" time="0.036" />
  <testcase classname="ptolemy.util.test.junit.AutoTests" name="[12] /home/travis/build/icyphy/ptII/ptolemy/domains/de/test/auto/ComposableCausalityAnalysis.xml (RunModel)" time="0.012" />
  <testcase classname="ptolemy.util.test.junit.AutoTests" name="[13] /home/travis/build/icyphy/ptII/ptolemy/domains/de/test/auto/DEFixedPointLimitation.xml (RunModel)" time="0.008" />
  <testcase classname="ptolemy.util.test.junit.AutoTests" name="[14] /home/travis/build/icyphy/ptII/ptolemy/domains/de/test/auto/DEScheduleTest.xml (RunModel)" time="0.01" />
  <testcase classname="ptolemy.util.test.junit.AutoTests" name="[15] /home/travis/build/icyphy/ptII/ptolemy/domains/de/test/auto/DEinDEwithStartTimes.xml (RunModel)" time="0.012" />
  <testcase classname="ptolemy.util.test.junit.AutoTests" name="[16] /home/travis/build/icyphy/ptII/ptolemy/domains/de/test/auto/DEinDEwithStartTimes2.xml (RunModel)" time="0.013" />
  <testcase classname="ptolemy.util.test.junit.AutoTests" name="[17] /home/travis/build/icyphy/ptII/ptolemy/domains/de/test/auto/DateDemo.xml (RunModel)" time="0.028" />
  <testcase classname="ptolemy.util.test.junit.AutoTests" name="[18] /home/travis/build/icyphy/ptII/ptolemy/domains/de/test/auto/DateToEvent.xml (RunModel)" time="2.04" />
  <testcase classname="ptolemy.util.test.junit.AutoTests" name="[19] /home/travis/build/icyphy/ptII/ptolemy/domains/de/test/auto/DepthTest1.xml (RunModel)" time="0.008" />
  <testcase classname="ptolemy.util.test.junit.AutoTests" name="[20] /home/travis/build/icyphy/ptII/ptolemy/domains/de/test/auto/DepthTest2.xml (RunModel)" time="0.017" />
  <testcase classname="ptolemy.util.test.junit.AutoTests" name="[21] /home/travis/build/icyphy/ptII/ptolemy/domains/de/test/auto/DepthTest3.xml (RunModel)" time="0.007" />
  <testcase classname="ptolemy.util.test.junit.AutoTests" name="[22] /home/travis/build/icyphy/ptII/ptolemy/domains/de/test/auto/DepthTest4.xml (RunModel)" time="0.011" />
  <testcase classname="ptolemy.util.test.junit.AutoTests" name="[23] /home/travis/build/icyphy/ptII/ptolemy/domains/de/test/auto/DepthTest5.xml (RunModel)" time="0.013" />
  <testcase classname="ptolemy.util.test.junit.AutoTests" name="[24] /home/travis/build/icyphy/ptII/ptolemy/domains/de/test/auto/DepthTest6.xml (RunModel)" time="0.013" />
  <testcase classname="ptolemy.util.test.junit.AutoTests" name="[25] /home/travis/build/icyphy/ptII/ptolemy/domains/de/test/auto/DepthTest7.xml (RunModel)" time="0.01" />
  <testcase classname="ptolemy.util.test.junit.AutoTests" name="[26] /home/travis/build/icyphy/ptII/ptolemy/domains/de/test/auto/EventToDate.xml (RunModel)" time="3.032" />
  <testcase classname="ptolemy.util.test.junit.AutoTests" name="[27] /home/travis/build/icyphy/ptII/ptolemy/domains/de/test/auto/FSM1.xml (RunModel)" time="0.036" />
  <testcase classname="ptolemy.util.test.junit.AutoTests" name="[28] /home/travis/build/icyphy/ptII/ptolemy/domains/de/test/auto/FSM7.xml (RunModel)" time="0.028" />
  <testcase classname="ptolemy.util.test.junit.AutoTests" name="[29] /home/travis/build/icyphy/ptII/ptolemy/domains/de/test/auto/Inspection.xml (RunModel)" time="0.063" />
  <testcase classname="ptolemy.util.test.junit.AutoTests" name="[30] /home/travis/build/icyphy/ptII/ptolemy/domains/de/test/auto/Iteration.xml (RunModel)" time="0.023" />
  <testcase classname="ptolemy.util.test.junit.AutoTests" name="[31] /home/travis/build/icyphy/ptII/ptolemy/domains/de/test/auto/LineFault.xml (RunModel)" time="0.554" />
  <testcase classname="ptolemy.util.test.junit.AutoTests" name="[32] /home/travis/build/icyphy/ptII/ptolemy/domains/de/test/auto/MergeModel1Add.xml (RunModel)" time="0.041" />
  <testcase classname="ptolemy.util.test.junit.AutoTests" name="[33] /home/travis/build/icyphy/ptII/ptolemy/domains/de/test/auto/MergeModel2Add.xml (RunModel)" time="0.037" />
  <testcase classname="ptolemy.util.test.junit.AutoTests" name="[34] /home/travis/build/icyphy/ptII/ptolemy/domains/de/test/auto/MergeModel3Add.xml (RunModel)" time="0.045" />
  <testcase classname="ptolemy.util.test.junit.AutoTests" name="[35] /home/travis/build/icyphy/ptII/ptolemy/domains/de/test/auto/MergeWithoutDiscard.xml (RunModel)" time="0.01" />
  <testcase classname="ptolemy.util.test.junit.AutoTests" name="[36] /home/travis/build/icyphy/ptII/ptolemy/domains/de/test/auto/Modal1.xml (RunModel)" time="0.036" />
  <testcase classname="ptolemy.util.test.junit.AutoTests" name="[37] /home/travis/build/icyphy/ptII/ptolemy/domains/de/test/auto/Modal2.xml (RunModel)" time="0.028" />
  <testcase classname="ptolemy.util.test.junit.AutoTests" name="[38] /home/travis/build/icyphy/ptII/ptolemy/domains/de/test/auto/Modal3.xml (RunModel)" time="0.03" />
  <testcase classname="ptolemy.util.test.junit.AutoTests" name="[39] /home/travis/build/icyphy/ptII/ptolemy/domains/de/test/auto/Modal4.xml (RunModel)" time="0.029" />
  <testcase classname="ptolemy.util.test.junit.AutoTests" name="[40] /home/travis/build/icyphy/ptII/ptolemy/domains/de/test/auto/Modal5.xml (RunModel)" time="0.027" />
  <testcase classname="ptolemy.util.test.junit.AutoTests" name="[41] /home/travis/build/icyphy/ptII/ptolemy/domains/de/test/auto/Modal6.xml (RunModel)" time="0.027" />
  <testcase classname="ptolemy.util.test.junit.AutoTests" name="[42] /home/travis/build/icyphy/ptII/ptolemy/domains/de/test/auto/Modal7.xml (RunModel)" time="0.03" />
  <testcase classname="ptolemy.util.test.junit.AutoTests" name="[43] /home/travis/build/icyphy/ptII/ptolemy/domains/de/test/auto/ModalModel.xml (RunModel)" time="0.169" />
  <testcase classname="ptolemy.util.test.junit.AutoTests" name="[44] /home/travis/build/icyphy/ptII/ptolemy/domains/de/test/auto/ModalSource.xml (RunModel)" time="0.018" />
  <testcase classname="ptolemy.util.test.junit.AutoTests" name="[45] /home/travis/build/icyphy/ptII/ptolemy/domains/de/test/auto/NonInterruptibleTimerZeroDelay.xml (RunModel)" time="0.014" />
  <testcase classname="ptolemy.util.test.junit.AutoTests" name="[46] /home/travis/build/icyphy/ptII/ptolemy/domains/de/test/auto/OpenQueueingNetwork.xml (RunModel)" time="2.262" />
  <testcase classname="ptolemy.util.test.junit.AutoTests" name="[47] /home/travis/build/icyphy/ptII/ptolemy/domains/de/test/auto/OpenQueuingNetwork.xml (RunModel)" time="0.273" />
  <testcase classname="ptolemy.util.test.junit.AutoTests" name="[48] /home/travis/build/icyphy/ptII/ptolemy/domains/de/test/auto/PeriodicSampler.xml (RunModel)" time="0.008" />
  <testcase classname="ptolemy.util.test.junit.AutoTests" name="[49] /home/travis/build/icyphy/ptII/ptolemy/domains/de/test/auto/PersistentIO.xml (RunModel)" time="0.021" />
  <testcase classname="ptolemy.util.test.junit.AutoTests" name="[50] /home/travis/build/icyphy/ptII/ptolemy/domains/de/test/auto/PortParameterResetOnInitialize.xml (RunModel)" time="0.011" />
  <testcase classname="ptolemy.util.test.junit.AutoTests" name="[51] /home/travis/build/icyphy/ptII/ptolemy/domains/de/test/auto/PortParameterUpdates.xml (RunModel)" time="0.015" />
  <testcase classname="ptolemy.util.test.junit.AutoTests" name="[52] /home/travis/build/icyphy/ptII/ptolemy/domains/de/test/auto/QueueAndServer.xml (RunModel)" time="0.021" />
  <testcase classname="ptolemy.util.test.junit.AutoTests" name="[53] /home/travis/build/icyphy/ptII/ptolemy/domains/de/test/auto/Records.xml (RunModel)" time="0.02" />
  <testcase classname="ptolemy.util.test.junit.AutoTests" name="[54] /home/travis/build/icyphy/ptII/ptolemy/domains/de/test/auto/ResetTransitionWithStartTime1.xml (RunModel)" time="0.019" />
  <testcase classname="ptolemy.util.test.junit.AutoTests" name="[55] /home/travis/build/icyphy/ptII/ptolemy/domains/de/test/auto/ResetTransitionWithStartTime2.xml (RunModel)" time="0.017" />
  <testcase classname="ptolemy.util.test.junit.AutoTests" name="[56] /home/travis/build/icyphy/ptII/ptolemy/domains/de/test/auto/ResetTransitionWithStartTime3.xml (RunModel)" time="0.023" />
  <testcase classname="ptolemy.util.test.junit.AutoTests" name="[57] /home/travis/build/icyphy/ptII/ptolemy/domains/de/test/auto/ResetTransitionWithStartTime4.xml (RunModel)" time="0.017" />
  <testcase classname="ptolemy.util.test.junit.AutoTests" name="[58] /home/travis/build/icyphy/ptII/ptolemy/domains/de/test/auto/ResettableTimer1.xml (RunModel)" time="0.012" />
  <testcase classname="ptolemy.util.test.junit.AutoTests" name="[59] /home/travis/build/icyphy/ptII/ptolemy/domains/de/test/auto/ResettableTimer2.xml (RunModel)" time="0.01" />
  <testcase classname="ptolemy.util.test.junit.AutoTests" name="[60] /home/travis/build/icyphy/ptII/ptolemy/domains/de/test/auto/ResettableTimer3.xml (RunModel)" time="0.009" />
  <testcase classname="ptolemy.util.test.junit.AutoTests" name="[61] /home/travis/build/icyphy/ptII/ptolemy/domains/de/test/auto/ResettableTimer4.xml (RunModel)" time="0.011" />
  <testcase classname="ptolemy.util.test.junit.AutoTests" name="[62] /home/travis/build/icyphy/ptII/ptolemy/domains/de/test/auto/ResettableTimer5.xml (RunModel)" time="0.009" />
  <testcase classname="ptolemy.util.test.junit.AutoTests" name="[63] /home/travis/build/icyphy/ptII/ptolemy/domains/de/test/auto/ResettableTimer6.xml (RunModel)" time="0.018" />
  <testcase classname="ptolemy.util.test.junit.AutoTests" name="[64] /home/travis/build/icyphy/ptII/ptolemy/domains/de/test/auto/ServerZeroDelay.xml (RunModel)" time="0.012" />
  <testcase classname="ptolemy.util.test.junit.AutoTests" name="[65] /home/travis/build/icyphy/ptII/ptolemy/domains/de/test/auto/SmartSender.xml (RunModel)" time="3.012" />
  <testcase classname="ptolemy.util.test.junit.AutoTests" name="[66] /home/travis/build/icyphy/ptII/ptolemy/domains/de/test/auto/ThreadedComposite.xml (RunModel)" time="0.239" />
  <testcase classname="ptolemy.util.test.junit.AutoTests" name="[67] /home/travis/build/icyphy/ptII/ptolemy/domains/de/test/auto/Time.xml (RunModel)" time="0.383" />
  <testcase classname="ptolemy.util.test.junit.AutoTests" name="[68] /home/travis/build/icyphy/ptII/ptolemy/domains/de/test/auto/TimeDelayZeroDelay.xml (RunModel)" time="0.012" />
  <testcase classname="ptolemy.util.test.junit.AutoTests" name="[69] /home/travis/build/icyphy/ptII/ptolemy/domains/de/test/auto/TimerZeroDelay.xml (RunModel)" time="0.01" />
  <testcase classname="ptolemy.util.test.junit.AutoTests" name="[70] /home/travis/build/icyphy/ptII/ptolemy/domains/de/test/auto/TimingParadox.xml (RunModel)" time="0.33" />
  <testcase classname="ptolemy.util.test.junit.AutoTests" name="[71] /home/travis/build/icyphy/ptII/ptolemy/domains/de/test/auto/TransferInputs.xml (RunModel)" time="0.009" />
  <testcase classname="ptolemy.util.test.junit.AutoTests" name="[72] /home/travis/build/icyphy/ptII/ptolemy/domains/de/test/auto/TransferOutputs2.xml (RunModel)" time="0.014" />
  <testcase classname="ptolemy.util.test.junit.AutoTests" name="[73] /home/travis/build/icyphy/ptII/ptolemy/domains/de/test/auto/Trilateration.xml (RunModel)" time="10.689" />
  <testcase classname="ptolemy.util.test.junit.AutoTests" name="[74] /home/travis/build/icyphy/ptII/ptolemy/domains/de/test/auto/TwoSigmaDelta.xml (RunModel)" time="2.03" />
  <testcase classname="ptolemy.util.test.junit.AutoTests" name="[75] /home/travis/build/icyphy/ptII/ptolemy/domains/de/test/auto/VariableDelay.xml (RunModel)" time="0.017" />
  <testcase classname="ptolemy.util.test.junit.AutoTests" name="[76] /home/travis/build/icyphy/ptII/ptolemy/domains/de/test/auto/VariableDelay2.xml (RunModel)" time="0.008" />
  <testcase classname="ptolemy.util.test.junit.AutoTests" name="[77] /home/travis/build/icyphy/ptII/ptolemy/domains/de/test/auto/VariableDelayZeroDelay.xml (RunModel)" time="0.013" />
  <testcase classname="ptolemy.util.test.junit.AutoTests" name="[78] /home/travis/build/icyphy/ptII/ptolemy/domains/de/test/auto/VariableDelayZeroDelay2.xml (RunModel)" time="0.017" />
  <testcase classname="ptolemy.util.test.junit.AutoTests" name="[79] /home/travis/build/icyphy/ptII/ptolemy/domains/de/test/auto/deInCt.xml (RunModel)" time="0.013" />
  <testcase classname="ptolemy.util.test.junit.AutoTests" name="[80] /home/travis/build/icyphy/ptII/ptolemy/domains/de/test/auto/deInCt2.xml (RunModel)" time="0.015" />
  <testcase classname="ptolemy.util.test.junit.AutoTests" name="[81] /home/travis/build/icyphy/ptII/ptolemy/domains/de/test/auto/dynamicCausalityInterface1.xml (RunModel)" time="0.016" />
  <testcase classname="ptolemy.util.test.junit.AutoTests" name="[82] /home/travis/build/icyphy/ptII/ptolemy/domains/de/test/auto/fsm_de_test.xml (RunModel)" time="0.021" />
  <testcase classname="ptolemy.util.test.junit.AutoTests" name="[83] /home/travis/build/icyphy/ptII/ptolemy/domains/de/test/auto/functionDependencyReconstruction.xml (RunModel)" time="0.03" />
  <testcase classname="ptolemy.util.test.junit.AutoTests" name="[84] /home/travis/build/icyphy/ptII/ptolemy/domains/de/test/auto/multirate.xml (RunModel)" time="0.014" />
  <testcase classname="ptolemy.util.test.junit.AutoTests" name="[85] /home/travis/build/icyphy/ptII/ptolemy/domains/de/test/auto/multirate2.xml (RunModel)" time="0.013" />
  <testcase classname="ptolemy.util.test.junit.AutoTests" name="[86] /home/travis/build/icyphy/ptII/ptolemy/domains/de/test/auto/realtime.xml (RunModel)" time="10.01" />
  <testcase classname="ptolemy.util.test.junit.AutoTests" name="[87] /home/travis/build/icyphy/ptII/ptolemy/domains/de/test/auto/relationGroup.xml (RunModel)" time="0.012" />
  <testcase classname="ptolemy.util.test.junit.AutoTests" name="[88] /home/travis/build/icyphy/ptII/ptolemy/domains/de/test/auto/relationGroup2.xml (RunModel)" time="0.008" />
  <testcase classname="ptolemy.util.test.junit.AutoTests" name="[89] /home/travis/build/icyphy/ptII/ptolemy/domains/de/test/auto/sortWithOpaquePorts.xml (RunModel)" time="0.013" />
  <testcase classname="ptolemy.util.test.junit.AutoTests" name="[90] /home/travis/build/icyphy/ptII/ptolemy/domains/de/test/auto/transferInputsandOutputs.xml (RunModel)" time="0.023" />
  <testcase classname="ptolemy.util.test.junit.AutoTests" name="[91] /home/travis/build/icyphy/ptII/ptolemy/domains/de/test/auto/triggerType.xml (RunModel)" time="0.011" />
  <system-out><![CDATA[/home/travis/build/icyphy/ptII/ptolemy/domains/de/test/DependencyLoop.tcl
testDefs.tcl: setting time out to 9000 seconds at Wed May 29 04:29:14 UTC 2019
16 ms. Memory: 116224K Free: 97522K (84%)
18 ms. Memory: 146944K Free: 142435K (97%)
/home/travis/build/icyphy/ptII/ptolemy/domains/de/test/RunDETestsAsQSS.tcl
Run the DE tests using ptolemy.domains.qss.test.QSSDirectorTest, which extends QSSDirector and prints a message in the constructors.
------------------ testing $PTII/ptolemy/domains/de/test/auto/knownFailedTests/dependencyLoop.xml (Known Failure) 
6 ms. Memory: 146944K Free: 136561K (93%)


==== $PTIIhome/travis/build/icyphy/ptII/ptolemy/domains/de/test/../../../../: Auto Automatic test in file $PTII/ptolemy/domains/de/test/auto/knownFailedTests/dependencyLoop.xml
==== Contents of test case:

	    # FIXME: we should use $relativeFilename here, but it
	    # might have backslashes under Windows, which causes no end
	    # of trouble.
	    createAndExecute $file
	    list {}
	
.... Test generated KNOWN error:
    while executing
ptolemy.kernel.util.IllegalActionException: Found a zero delay loop containing .dependencyLoop.original
  in .dependencyLoop and .dependencyLoop.original
	at ptolemy.actor.util.CausalityInterfaceForComposites._computeOutputPortDepth(CausalityInterfaceForComposites.java:759)
	at ptolemy.actor.util.CausalityInterfaceForComposites._computeInputDepth(CausalityInterfaceForComposites.java:696)
	at ptolemy.actor.util.CausalityInterfaceForComposites._computeOutputPortDepth(CausalityInterfaceForComposites.java:765)
	at ptolemy.actor.util.CausalityInterfaceForComposites._computeInputDepth(CausalityInterfaceForComposites.java:696)
	at ptolemy.actor.util.CausalityInterfaceForComposites._computeOutputPortDepth(CausalityInterfaceForComposites.java:765)
	at ptolemy.actor.util.CausalityInterfaceForComposites._computeInputDepth(CausalityInterfaceForComposites.java:696)
	at ptolemy.actor.util.CausalityInterfaceForComposites._computeActorDepth(CausalityInterfaceForComposites.java:532)
	at ptolemy.actor.util.CausalityInterfaceForComposites.checkForCycles(CausalityInterfaceForComposites.java:96)
	at ptolemy.domains.de.kernel.DEDirector.preinitialize(DEDirector.java:1338)
	at ptolemy.actor.CompositeActor.preinitialize(CompositeActor.java:1828)
	at ptolemy.actor.Manager.preinitializeAndResolveTypes(Manager.java:1040)
	at ptolemy.actor.Manager.initialize(Manager.java:710)
	at ptolemy.actor.Manager.execute(Manager.java:356)
	at ptolemy.actor.Manager.run(Manager.java:1263)
	at ptolemy.actor.Manager$PtolemyRunThread.run(Manager.java:1915)

    while executing
ptolemy.kernel.util.IllegalActionException: Found a zero delay loop containing .dependencyLoop.original
  in .dependencyLoop and .dependencyLoop.original
    while executing
"java::new ptolemy.moml.MoMLSimpleApplication $file
"
    (procedure "createAndExecute" line 2)
    invoked from within
"createAndExecute $file"
    ("uplevel" body line 5)
    invoked from within
"uplevel $contents_of_test"
------------------ testing $PTII/ptolemy/domains/de/test/auto/knownFailedTests/DESDFClockTest.xml (Known Failure) 
2078 ms. Memory: 146944K Free: 121398K (83%)


==== $PTIIhome/travis/build/icyphy/ptII/ptolemy/domains/de/test/../../../../: Auto Automatic test in file $PTII/ptolemy/domains/de/test/auto/knownFailedTests/DESDFClockTest.xml
==== Contents of test case:

	    # FIXME: we should use $relativeFilename here, but it
	    # might have backslashes under Windows, which causes no end
	    # of trouble.
	    createAndExecute $file
	    list {}
	
.... Test generated KNOWN error:
    while executing
ptolemy.kernel.util.IllegalActionException: Actor is not ready to fire.  Perhaps UpSample.prefire() returned false? Try debugging the actor by selecting "Listen to Actor".  Also, for SDF check moml for tokenConsumptionRate on input.
  in .DESDFClockTest.Play Bell.Copy1:SDF Director and .DESDFClockTest.Play Bell.UpSample
	at ptolemy.actor.sched.StaticSchedulingDirector.fire(StaticSchedulingDirector.java:227)
	at ptolemy.domains.sdf.kernel.SDFDirector.fire(SDFDirector.java:500)
	at ptolemy.actor.CompositeActor.fire(CompositeActor.java:455)
	at ptolemy.domains.de.kernel.DEDirector._fire(DEDirector.java:1949)
	at ptolemy.domains.de.kernel.DEDirector.fire(DEDirector.java:502)
	at ptolemy.actor.CompositeActor.fire(CompositeActor.java:455)
	at ptolemy.actor.Manager.iterate(Manager.java:851)
	at ptolemy.actor.Manager.execute(Manager.java:369)
	at ptolemy.actor.Manager.run(Manager.java:1263)
	at ptolemy.actor.Manager$PtolemyRunThread.run(Manager.java:1915)

    while executing
ptolemy.kernel.util.IllegalActionException: Actor is not ready to fire.  Perhaps UpSample.prefire() returned false? Try debugging the actor by selecting "Listen to Actor".  Also, for SDF check moml for tokenConsumptionRate on input.
  in .DESDFClockTest.Play Bell.Copy1:SDF Director and .DESDFClockTest.Play Bell.UpSample
    while executing
"java::new ptolemy.moml.MoMLSimpleApplication $file
"
    (procedure "createAndExecute" line 2)
    invoked from within
"createAndExecute $file"
    ("uplevel" body line 5)
    invoked from within
"uplevel $contents_of_test"
------------------ testing $PTII/ptolemy/domains/de/test/auto/knownFailedTests/FSMSource.xml (Known Failure) 
21 ms. Memory: 146944K Free: 112571K (77%)
!!!! Auto was marked as failing, but now passes
------------------ testing $PTII/ptolemy/domains/de/test/auto/knownFailedTests/dependencyLoop2.xml (Known Failure) 
10 ms. Memory: 146944K Free: 110687K (75%)


==== $PTIIhome/travis/build/icyphy/ptII/ptolemy/domains/de/test/../../../../: Auto Automatic test in file $PTII/ptolemy/domains/de/test/auto/knownFailedTests/dependencyLoop2.xml
==== Contents of test case:

	    # FIXME: we should use $relativeFilename here, but it
	    # might have backslashes under Windows, which causes no end
	    # of trouble.
	    createAndExecute $file
	    list {}
	
.... Test generated KNOWN error:
    while executing
ptolemy.kernel.util.IllegalActionException: Found a zero delay loop containing .dependencyLoop2.original
  in .dependencyLoop2 and .dependencyLoop2.original
	at ptolemy.actor.util.CausalityInterfaceForComposites._computeOutputPortDepth(CausalityInterfaceForComposites.java:759)
	at ptolemy.actor.util.CausalityInterfaceForComposites._computeInputDepth(CausalityInterfaceForComposites.java:696)
	at ptolemy.actor.util.CausalityInterfaceForComposites._computeOutputPortDepth(CausalityInterfaceForComposites.java:765)
	at ptolemy.actor.util.CausalityInterfaceForComposites._computeInputDepth(CausalityInterfaceForComposites.java:696)
	at ptolemy.actor.util.CausalityInterfaceForComposites._computeOutputPortDepth(CausalityInterfaceForComposites.java:765)
	at ptolemy.actor.util.CausalityInterfaceForComposites._computeInputDepth(CausalityInterfaceForComposites.java:696)
	at ptolemy.actor.util.CausalityInterfaceForComposites._computeActorDepth(CausalityInterfaceForComposites.java:532)
	at ptolemy.actor.util.CausalityInterfaceForComposites.checkForCycles(CausalityInterfaceForComposites.java:96)
	at ptolemy.domains.de.kernel.DEDirector.preinitialize(DEDirector.java:1338)
	at ptolemy.actor.CompositeActor.preinitialize(CompositeActor.java:1828)
	at ptolemy.actor.Manager.preinitializeAndResolveTypes(Manager.java:1040)
	at ptolemy.actor.Manager.initialize(Manager.java:710)
	at ptolemy.actor.Manager.execute(Manager.java:356)
	at ptolemy.actor.Manager.run(Manager.java:1263)
	at ptolemy.actor.Manager$PtolemyRunThread.run(Manager.java:1915)

    while executing
ptolemy.kernel.util.IllegalActionException: Found a zero delay loop containing .dependencyLoop2.original
  in .dependencyLoop2 and .dependencyLoop2.original
    while executing
"java::new ptolemy.moml.MoMLSimpleApplication $file
"
    (procedure "createAndExecute" line 2)
    invoked from within
"createAndExecute $file"
    ("uplevel" body line 5)
    invoked from within
"uplevel $contents_of_test"
------------------ testing $PTII/ptolemy/domains/de/test/auto/knownFailedTests/HierarchicalModel.xml (Known Failure) 
6 ms. Memory: 146944K Free: 90488K (62%)


==== $PTIIhome/travis/build/icyphy/ptII/ptolemy/domains/de/test/../../../../: Auto Automatic test in file $PTII/ptolemy/domains/de/test/auto/knownFailedTests/HierarchicalModel.xml
==== Contents of test case:

	    # FIXME: we should use $relativeFilename here, but it
	    # might have backslashes under Windows, which causes no end
	    # of trouble.
	    createAndExecute $file
	    list {}
	
.... Test generated KNOWN error:
    while executing
ptolemy.kernel.util.IllegalActionException: Found a zero delay loop containing .HierarchicalModel.A
  in .HierarchicalModel and .HierarchicalModel.A
	at ptolemy.actor.util.CausalityInterfaceForComposites._computeOutputPortDepth(CausalityInterfaceForComposites.java:759)
	at ptolemy.actor.util.CausalityInterfaceForComposites._computeInputDepth(CausalityInterfaceForComposites.java:696)
	at ptolemy.actor.util.CausalityInterfaceForComposites._computeOutputPortDepth(CausalityInterfaceForComposites.java:765)
	at ptolemy.actor.util.CausalityInterfaceForComposites._computeInputDepth(CausalityInterfaceForComposites.java:696)
	at ptolemy.actor.util.CausalityInterfaceForComposites._computeOutputPortDepth(CausalityInterfaceForComposites.java:765)
	at ptolemy.actor.util.CausalityInterfaceForComposites._computeInputDepth(CausalityInterfaceForComposites.java:696)
	at ptolemy.actor.util.CausalityInterfaceForComposites._computeActorDepth(CausalityInterfaceForComposites.java:532)
	at ptolemy.actor.util.CausalityInterfaceForComposites.checkForCycles(CausalityInterfaceForComposites.java:96)
	at ptolemy.domains.de.kernel.DEDirector.preinitialize(DEDirector.java:1338)
	at ptolemy.actor.CompositeActor.preinitialize(CompositeActor.java:1828)
	at ptolemy.actor.Manager.preinitializeAndResolveTypes(Manager.java:1040)
	at ptolemy.actor.Manager.initialize(Manager.java:710)
	at ptolemy.actor.Manager.execute(Manager.java:356)
	at ptolemy.actor.Manager.run(Manager.java:1263)
	at ptolemy.actor.Manager$PtolemyRunThread.run(Manager.java:1915)

    while executing
ptolemy.kernel.util.IllegalActionException: Found a zero delay loop containing .HierarchicalModel.A
  in .HierarchicalModel and .HierarchicalModel.A
    while executing
"java::new ptolemy.moml.MoMLSimpleApplication $file
"
    (procedure "createAndExecute" line 2)
    invoked from within
"createAndExecute $file"
    ("uplevel" body line 5)
    invoked from within
"uplevel $contents_of_test"
------------------ testing $PTII/ptolemy/domains/de/test/auto/knownFailedTests/DirectFeedback.xml (Known Failure) 
9 ms. Memory: 146944K Free: 86370K (59%)


==== $PTIIhome/travis/build/icyphy/ptII/ptolemy/domains/de/test/../../../../: Auto Automatic test in file $PTII/ptolemy/domains/de/test/auto/knownFailedTests/DirectFeedback.xml
==== Contents of test case:

	    # FIXME: we should use $relativeFilename here, but it
	    # might have backslashes under Windows, which causes no end
	    # of trouble.
	    createAndExecute $file
	    list {}
	
.... Test generated KNOWN error:
    while executing
ptolemy.kernel.util.IllegalActionException: Test fails in iteration 1.
Value was: 1.0. Should have been: 2.0
  in .DirectFeedback.Test
	at ptolemy.actor.lib.Test.fire(Test.java:268)
	at ptolemy.domains.de.kernel.DEDirector._fire(DEDirector.java:1949)
	at ptolemy.domains.de.kernel.DEDirector.fire(DEDirector.java:502)
	at ptolemy.actor.CompositeActor.fire(CompositeActor.java:455)
	at ptolemy.actor.Manager.iterate(Manager.java:851)
	at ptolemy.actor.Manager.execute(Manager.java:369)
	at ptolemy.actor.Manager.run(Manager.java:1263)
	at ptolemy.actor.Manager$PtolemyRunThread.run(Manager.java:1915)

    while executing
ptolemy.kernel.util.IllegalActionException: Test fails in iteration 1.
Value was: 1.0. Should have been: 2.0
  in .DirectFeedback.Test
    while executing
"java::new ptolemy.moml.MoMLSimpleApplication $file
"
    (procedure "createAndExecute" line 2)
    invoked from within
"createAndExecute $file"
    ("uplevel" body line 5)
    invoked from within
"uplevel $contents_of_test"
------------------ testing $PTII/ptolemy/domains/de/test/auto/ActorDepthCalculation_actorWithoutPorts.xml
auto.tcl: Setting watchdog for 200 seconds at Wed May 29 04:29:17 UTC 2019
8 ms. Memory: 146944K Free: 138682K (94%)
ptolemy.util.test.WatchDog.cancel(): canceling Wed May 29 04:29:17 UTC 2019
auto.tcl: Setting watchdog for 200 seconds at Wed May 29 04:29:17 UTC 2019
5 ms. Memory: 146944K Free: 137668K (94%)
ptolemy.util.test.WatchDog.cancel(): canceling Wed May 29 04:29:17 UTC 2019
------------------ testing $PTII/ptolemy/domains/de/test/auto/AssemblyLine.xml
auto.tcl: Setting watchdog for 200 seconds at Wed May 29 04:29:18 UTC 2019
19 ms. Memory: 208384K Free: 183450K (88%)
ptolemy.util.test.WatchDog.cancel(): canceling Wed May 29 04:29:18 UTC 2019
auto.tcl: Setting watchdog for 200 seconds at Wed May 29 04:29:18 UTC 2019
7 ms. Memory: 208384K Free: 183450K (88%)
ptolemy.util.test.WatchDog.cancel(): canceling Wed May 29 04:29:18 UTC 2019
------------------ testing $PTII/ptolemy/domains/de/test/auto/CQBug1.xml
auto.tcl: Setting watchdog for 200 seconds at Wed May 29 04:29:18 UTC 2019
11 ms. Memory: 208384K Free: 197931K (95%)
ptolemy.util.test.WatchDog.cancel(): canceling Wed May 29 04:29:18 UTC 2019
auto.tcl: Setting watchdog for 200 seconds at Wed May 29 04:29:18 UTC 2019
2 ms. Memory: 208384K Free: 197931K (95%)
ptolemy.util.test.WatchDog.cancel(): canceling Wed May 29 04:29:18 UTC 2019
------------------ testing $PTII/ptolemy/domains/de/test/auto/CancelFireAt.xml
auto.tcl: Setting watchdog for 200 seconds at Wed May 29 04:29:18 UTC 2019
4 ms. Memory: 208384K Free: 201572K (97%)
ptolemy.util.test.WatchDog.cancel(): canceling Wed May 29 04:29:18 UTC 2019
auto.tcl: Setting watchdog for 200 seconds at Wed May 29 04:29:18 UTC 2019
2 ms. Memory: 208384K Free: 199543K (96%)
ptolemy.util.test.WatchDog.cancel(): canceling Wed May 29 04:29:18 UTC 2019
------------------ testing $PTII/ptolemy/domains/de/test/auto/CausalityAndComposabilityAnalysis.xml
auto.tcl: Setting watchdog for 200 seconds at Wed May 29 04:29:18 UTC 2019
13 ms. Memory: 208384K Free: 199140K (96%)
ptolemy.util.test.WatchDog.cancel(): canceling Wed May 29 04:29:18 UTC 2019
auto.tcl: Setting watchdog for 200 seconds at Wed May 29 04:29:18 UTC 2019
9 ms. Memory: 208384K Free: 196591K (94%)
ptolemy.util.test.WatchDog.cancel(): canceling Wed May 29 04:29:18 UTC 2019
------------------ testing $PTII/ptolemy/domains/de/test/auto/CausalityInterface1.xml
auto.tcl: Setting watchdog for 200 seconds at Wed May 29 04:29:18 UTC 2019
9 ms. Memory: 208384K Free: 196528K (94%)
ptolemy.util.test.WatchDog.cancel(): canceling Wed May 29 04:29:18 UTC 2019
auto.tcl: Setting watchdog for 200 seconds at Wed May 29 04:29:18 UTC 2019
4 ms. Memory: 208384K Free: 196528K (94%)
ptolemy.util.test.WatchDog.cancel(): canceling Wed May 29 04:29:18 UTC 2019
------------------ testing $PTII/ptolemy/domains/de/test/auto/CausalityInterface15.xml
auto.tcl: Setting watchdog for 200 seconds at Wed May 29 04:29:18 UTC 2019
5 ms. Memory: 208384K Free: 196487K (94%)
ptolemy.util.test.WatchDog.cancel(): canceling Wed May 29 04:29:18 UTC 2019
auto.tcl: Setting watchdog for 200 seconds at Wed May 29 04:29:18 UTC 2019
7 ms. Memory: 208384K Free: 196487K (94%)
ptolemy.util.test.WatchDog.cancel(): canceling Wed May 29 04:29:18 UTC 2019
------------------ testing $PTII/ptolemy/domains/de/test/auto/CausalityInterface2.xml
auto.tcl: Setting watchdog for 200 seconds at Wed May 29 04:29:18 UTC 2019
7 ms. Memory: 208384K Free: 196503K (94%)
ptolemy.util.test.WatchDog.cancel(): canceling Wed May 29 04:29:18 UTC 2019
auto.tcl: Setting watchdog for 200 seconds at Wed May 29 04:29:18 UTC 2019
4 ms. Memory: 208384K Free: 196503K (94%)
ptolemy.util.test.WatchDog.cancel(): canceling Wed May 29 04:29:18 UTC 2019
------------------ testing $PTII/ptolemy/domains/de/test/auto/CausalityInterface3.xml
auto.tcl: Setting watchdog for 200 seconds at Wed May 29 04:29:19 UTC 2019
8 ms. Memory: 208384K Free: 196515K (94%)
ptolemy.util.test.WatchDog.cancel(): canceling Wed May 29 04:29:19 UTC 2019
auto.tcl: Setting watchdog for 200 seconds at Wed May 29 04:29:19 UTC 2019
7 ms. Memory: 208384K Free: 196515K (94%)
ptolemy.util.test.WatchDog.cancel(): canceling Wed May 29 04:29:19 UTC 2019
------------------ testing $PTII/ptolemy/domains/de/test/auto/ClockDrift.xml
auto.tcl: Setting watchdog for 200 seconds at Wed May 29 04:29:19 UTC 2019
91 ms. Memory: 208384K Free: 187960K (90%)
ptolemy.util.test.WatchDog.cancel(): canceling Wed May 29 04:29:19 UTC 2019
auto.tcl: Setting watchdog for 200 seconds at Wed May 29 04:29:19 UTC 2019
61 ms. Memory: 208384K Free: 185930K (89%)
ptolemy.util.test.WatchDog.cancel(): canceling Wed May 29 04:29:19 UTC 2019
------------------ testing $PTII/ptolemy/domains/de/test/auto/ClockDriftAndValueChange.xml
auto.tcl: Setting watchdog for 200 seconds at Wed May 29 04:29:19 UTC 2019
49 ms. Memory: 208384K Free: 187796K (90%)
ptolemy.util.test.WatchDog.cancel(): canceling Wed May 29 04:29:19 UTC 2019
auto.tcl: Setting watchdog for 200 seconds at Wed May 29 04:29:19 UTC 2019
42 ms. Memory: 208384K Free: 185767K (89%)
ptolemy.util.test.WatchDog.cancel(): canceling Wed May 29 04:29:19 UTC 2019
------------------ testing $PTII/ptolemy/domains/de/test/auto/ClockDriftChange.xml
auto.tcl: Setting watchdog for 200 seconds at Wed May 29 04:29:19 UTC 2019
40 ms. Memory: 208384K Free: 191051K (92%)
ptolemy.util.test.WatchDog.cancel(): canceling Wed May 29 04:29:19 UTC 2019
auto.tcl: Setting watchdog for 200 seconds at Wed May 29 04:29:19 UTC 2019
26 ms. Memory: 208384K Free: 189021K (91%)
ptolemy.util.test.WatchDog.cancel(): canceling Wed May 29 04:29:19 UTC 2019
------------------ testing $PTII/ptolemy/domains/de/test/auto/ComposableCausalityAnalysis.xml
auto.tcl: Setting watchdog for 200 seconds at Wed May 29 04:29:19 UTC 2019
3 ms. Memory: 208384K Free: 196377K (94%)
ptolemy.util.test.WatchDog.cancel(): canceling Wed May 29 04:29:19 UTC 2019
auto.tcl: Setting watchdog for 200 seconds at Wed May 29 04:29:19 UTC 2019
3 ms. Memory: 208384K Free: 194348K (93%)
ptolemy.util.test.WatchDog.cancel(): canceling Wed May 29 04:29:19 UTC 2019
------------------ testing $PTII/ptolemy/domains/de/test/auto/DEFixedPointLimitation.xml
auto.tcl: Setting watchdog for 200 seconds at Wed May 29 04:29:19 UTC 2019
4 ms. Memory: 208384K Free: 196457K (94%)
ptolemy.util.test.WatchDog.cancel(): canceling Wed May 29 04:29:19 UTC 2019
auto.tcl: Setting watchdog for 200 seconds at Wed May 29 04:29:19 UTC 2019
3 ms. Memory: 208384K Free: 196457K (94%)
ptolemy.util.test.WatchDog.cancel(): canceling Wed May 29 04:29:19 UTC 2019
------------------ testing $PTII/ptolemy/domains/de/test/auto/DEScheduleTest.xml
auto.tcl: Setting watchdog for 200 seconds at Wed May 29 04:29:19 UTC 2019
8 ms. Memory: 208384K Free: 199042K (96%)
ptolemy.util.test.WatchDog.cancel(): canceling Wed May 29 04:29:20 UTC 2019
auto.tcl: Setting watchdog for 200 seconds at Wed May 29 04:29:20 UTC 2019
9 ms. Memory: 208384K Free: 196493K (94%)
ptolemy.util.test.WatchDog.cancel(): canceling Wed May 29 04:29:20 UTC 2019
------------------ testing $PTII/ptolemy/domains/de/test/auto/DEinDEwithStartTimes.xml
auto.tcl: Setting watchdog for 200 seconds at Wed May 29 04:29:20 UTC 2019
9 ms. Memory: 208384K Free: 196463K (94%)
ptolemy.util.test.WatchDog.cancel(): canceling Wed May 29 04:29:20 UTC 2019
auto.tcl: Setting watchdog for 200 seconds at Wed May 29 04:29:20 UTC 2019
3 ms. Memory: 208384K Free: 194433K (93%)
ptolemy.util.test.WatchDog.cancel(): canceling Wed May 29 04:29:20 UTC 2019
------------------ testing $PTII/ptolemy/domains/de/test/auto/DEinDEwithStartTimes2.xml
auto.tcl: Setting watchdog for 200 seconds at Wed May 29 04:29:20 UTC 2019
7 ms. Memory: 208384K Free: 196441K (94%)
ptolemy.util.test.WatchDog.cancel(): canceling Wed May 29 04:29:20 UTC 2019
auto.tcl: Setting watchdog for 200 seconds at Wed May 29 04:29:20 UTC 2019
8 ms. Memory: 208384K Free: 194412K (93%)
ptolemy.util.test.WatchDog.cancel(): canceling Wed May 29 04:29:20 UTC 2019
------------------ testing $PTII/ptolemy/domains/de/test/auto/DateDemo.xml
auto.tcl: Setting watchdog for 200 seconds at Wed May 29 04:29:20 UTC 2019
24 ms. Memory: 208384K Free: 189082K (91%)
ptolemy.util.test.WatchDog.cancel(): canceling Wed May 29 04:29:20 UTC 2019
auto.tcl: Setting watchdog for 200 seconds at Wed May 29 04:29:20 UTC 2019
6 ms. Memory: 208384K Free: 187053K (90%)
ptolemy.util.test.WatchDog.cancel(): canceling Wed May 29 04:29:20 UTC 2019
------------------ testing $PTII/ptolemy/domains/de/test/auto/DateToEvent.xml
auto.tcl: Setting watchdog for 200 seconds at Wed May 29 04:29:20 UTC 2019
2021 ms. Memory: 208384K Free: 184000K (88%)
ptolemy.util.test.WatchDog.cancel(): canceling Wed May 29 04:29:22 UTC 2019
auto.tcl: Setting watchdog for 200 seconds at Wed May 29 04:29:22 UTC 2019
2005 ms. Memory: 208384K Free: 184000K (88%)
ptolemy.util.test.WatchDog.cancel(): canceling Wed May 29 04:29:24 UTC 2019
------------------ testing $PTII/ptolemy/domains/de/test/auto/DepthTest1.xml
auto.tcl: Setting watchdog for 200 seconds at Wed May 29 04:29:24 UTC 2019
3 ms. Memory: 208384K Free: 198244K (95%)
ptolemy.util.test.WatchDog.cancel(): canceling Wed May 29 04:29:24 UTC 2019
auto.tcl: Setting watchdog for 200 seconds at Wed May 29 04:29:24 UTC 2019
2 ms. Memory: 208384K Free: 198244K (95%)
ptolemy.util.test.WatchDog.cancel(): canceling Wed May 29 04:29:24 UTC 2019
------------------ testing $PTII/ptolemy/domains/de/test/auto/DepthTest2.xml
auto.tcl: Setting watchdog for 200 seconds at Wed May 29 04:29:24 UTC 2019
3 ms. Memory: 208384K Free: 194585K (93%)
ptolemy.util.test.WatchDog.cancel(): canceling Wed May 29 04:29:24 UTC 2019
auto.tcl: Setting watchdog for 200 seconds at Wed May 29 04:29:24 UTC 2019
4 ms. Memory: 208384K Free: 194066K (93%)
ptolemy.util.test.WatchDog.cancel(): canceling Wed May 29 04:29:24 UTC 2019
------------------ testing $PTII/ptolemy/domains/de/test/auto/DepthTest3.xml
auto.tcl: Setting watchdog for 200 seconds at Wed May 29 04:29:24 UTC 2019
2 ms. Memory: 208384K Free: 198578K (95%)
ptolemy.util.test.WatchDog.cancel(): canceling Wed May 29 04:29:24 UTC 2019
auto.tcl: Setting watchdog for 200 seconds at Wed May 29 04:29:24 UTC 2019
1 ms. Memory: 208384K Free: 198058K (95%)
ptolemy.util.test.WatchDog.cancel(): canceling Wed May 29 04:29:24 UTC 2019
------------------ testing $PTII/ptolemy/domains/de/test/auto/DepthTest4.xml
auto.tcl: Setting watchdog for 200 seconds at Wed May 29 04:29:24 UTC 2019
5 ms. Memory: 208384K Free: 196116K (94%)
ptolemy.util.test.WatchDog.cancel(): canceling Wed May 29 04:29:24 UTC 2019
auto.tcl: Setting watchdog for 200 seconds at Wed May 29 04:29:24 UTC 2019
2 ms. Memory: 208384K Free: 196116K (94%)
ptolemy.util.test.WatchDog.cancel(): canceling Wed May 29 04:29:24 UTC 2019
------------------ testing $PTII/ptolemy/domains/de/test/auto/DepthTest5.xml
auto.tcl: Setting watchdog for 200 seconds at Wed May 29 04:29:24 UTC 2019
5 ms. Memory: 208384K Free: 196063K (94%)
ptolemy.util.test.WatchDog.cancel(): canceling Wed May 29 04:29:24 UTC 2019
auto.tcl: Setting watchdog for 200 seconds at Wed May 29 04:29:24 UTC 2019
2 ms. Memory: 208384K Free: 196063K (94%)
ptolemy.util.test.WatchDog.cancel(): canceling Wed May 29 04:29:24 UTC 2019
------------------ testing $PTII/ptolemy/domains/de/test/auto/DepthTest6.xml
auto.tcl: Setting watchdog for 200 seconds at Wed May 29 04:29:24 UTC 2019
7 ms. Memory: 208384K Free: 196559K (94%)
ptolemy.util.test.WatchDog.cancel(): canceling Wed May 29 04:29:25 UTC 2019
auto.tcl: Setting watchdog for 200 seconds at Wed May 29 04:29:25 UTC 2019
3 ms. Memory: 208384K Free: 196559K (94%)
ptolemy.util.test.WatchDog.cancel(): canceling Wed May 29 04:29:25 UTC 2019
------------------ testing $PTII/ptolemy/domains/de/test/auto/DepthTest7.xml
auto.tcl: Setting watchdog for 200 seconds at Wed May 29 04:29:25 UTC 2019
3 ms. Memory: 208384K Free: 196021K (94%)
ptolemy.util.test.WatchDog.cancel(): canceling Wed May 29 04:29:25 UTC 2019
auto.tcl: Setting watchdog for 200 seconds at Wed May 29 04:29:25 UTC 2019
2 ms. Memory: 208384K Free: 196021K (94%)
ptolemy.util.test.WatchDog.cancel(): canceling Wed May 29 04:29:25 UTC 2019
------------------ testing $PTII/ptolemy/domains/de/test/auto/EventToDate.xml
auto.tcl: Setting watchdog for 200 seconds at Wed May 29 04:29:25 UTC 2019
3009 ms. Memory: 208384K Free: 183430K (88%)
ptolemy.util.test.WatchDog.cancel(): canceling Wed May 29 04:29:28 UTC 2019
auto.tcl: Setting watchdog for 200 seconds at Wed May 29 04:29:28 UTC 2019
3004 ms. Memory: 208384K Free: 183430K (88%)
ptolemy.util.test.WatchDog.cancel(): canceling Wed May 29 04:29:31 UTC 2019
------------------ testing $PTII/ptolemy/domains/de/test/auto/FSM1.xml
auto.tcl: Setting watchdog for 200 seconds at Wed May 29 04:29:31 UTC 2019
42 ms. Memory: 208384K Free: 189214K (91%)
ptolemy.util.test.WatchDog.cancel(): canceling Wed May 29 04:29:31 UTC 2019
auto.tcl: Setting watchdog for 200 seconds at Wed May 29 04:29:31 UTC 2019
21 ms. Memory: 208384K Free: 185156K (89%)
ptolemy.util.test.WatchDog.cancel(): canceling Wed May 29 04:29:31 UTC 2019
------------------ testing $PTII/ptolemy/domains/de/test/auto/FSM7.xml
auto.tcl: Setting watchdog for 200 seconds at Wed May 29 04:29:31 UTC 2019
35 ms. Memory: 208384K Free: 189417K (91%)
ptolemy.util.test.WatchDog.cancel(): canceling Wed May 29 04:29:31 UTC 2019
auto.tcl: Setting watchdog for 200 seconds at Wed May 29 04:29:31 UTC 2019
20 ms. Memory: 208384K Free: 185359K (89%)
ptolemy.util.test.WatchDog.cancel(): canceling Wed May 29 04:29:31 UTC 2019
------------------ testing $PTII/ptolemy/domains/de/test/auto/Inspection.xml
auto.tcl: Setting watchdog for 200 seconds at Wed May 29 04:29:31 UTC 2019
36 ms. Memory: 208384K Free: 189113K (91%)
ptolemy.util.test.WatchDog.cancel(): canceling Wed May 29 04:29:31 UTC 2019
auto.tcl: Setting watchdog for 200 seconds at Wed May 29 04:29:31 UTC 2019
17 ms. Memory: 208384K Free: 186565K (90%)
ptolemy.util.test.WatchDog.cancel(): canceling Wed May 29 04:29:31 UTC 2019
------------------ testing $PTII/ptolemy/domains/de/test/auto/Iteration.xml
auto.tcl: Setting watchdog for 200 seconds at Wed May 29 04:29:31 UTC 2019
8 ms. Memory: 208384K Free: 196346K (94%)
ptolemy.util.test.WatchDog.cancel(): canceling Wed May 29 04:29:31 UTC 2019
auto.tcl: Setting watchdog for 200 seconds at Wed May 29 04:29:31 UTC 2019
8 ms. Memory: 208384K Free: 194317K (93%)
ptolemy.util.test.WatchDog.cancel(): canceling Wed May 29 04:29:31 UTC 2019
------------------ testing $PTII/ptolemy/domains/de/test/auto/LineFault.xml
auto.tcl: Setting watchdog for 200 seconds at Wed May 29 04:29:31 UTC 2019
767 ms. Memory: 208384K Free: 200716K (96%)
ptolemy.util.test.WatchDog.cancel(): canceling Wed May 29 04:29:32 UTC 2019
auto.tcl: Setting watchdog for 200 seconds at Wed May 29 04:29:32 UTC 2019
593 ms. Memory: 208384K Free: 143640K (69%)
ptolemy.util.test.WatchDog.cancel(): canceling Wed May 29 04:29:33 UTC 2019
------------------ testing $PTII/ptolemy/domains/de/test/auto/MergeModel1Add.xml
auto.tcl: Setting watchdog for 200 seconds at Wed May 29 04:29:33 UTC 2019
18 ms. Memory: 331264K Free: 300597K (91%)
ptolemy.util.test.WatchDog.cancel(): canceling Wed May 29 04:29:33 UTC 2019
auto.tcl: Setting watchdog for 200 seconds at Wed May 29 04:29:33 UTC 2019
11 ms. Memory: 331264K Free: 300597K (91%)
ptolemy.util.test.WatchDog.cancel(): canceling Wed May 29 04:29:33 UTC 2019
------------------ testing $PTII/ptolemy/domains/de/test/auto/MergeModel2Add.xml
auto.tcl: Setting watchdog for 200 seconds at Wed May 29 04:29:33 UTC 2019
9 ms. Memory: 331264K Free: 305513K (92%)
ptolemy.util.test.WatchDog.cancel(): canceling Wed May 29 04:29:33 UTC 2019
auto.tcl: Setting watchdog for 200 seconds at Wed May 29 04:29:33 UTC 2019
7 ms. Memory: 331264K Free: 301967K (91%)
ptolemy.util.test.WatchDog.cancel(): canceling Wed May 29 04:29:33 UTC 2019
------------------ testing $PTII/ptolemy/domains/de/test/auto/MergeModel3Add.xml
auto.tcl: Setting watchdog for 200 seconds at Wed May 29 04:29:33 UTC 2019
6 ms. Memory: 331264K Free: 305524K (92%)
ptolemy.util.test.WatchDog.cancel(): canceling Wed May 29 04:29:33 UTC 2019
auto.tcl: Setting watchdog for 200 seconds at Wed May 29 04:29:33 UTC 2019
8 ms. Memory: 331264K Free: 301978K (91%)
ptolemy.util.test.WatchDog.cancel(): canceling Wed May 29 04:29:33 UTC 2019
------------------ testing $PTII/ptolemy/domains/de/test/auto/MergeWithoutDiscard.xml
auto.tcl: Setting watchdog for 200 seconds at Wed May 29 04:29:33 UTC 2019
2 ms. Memory: 331264K Free: 316834K (96%)
ptolemy.util.test.WatchDog.cancel(): canceling Wed May 29 04:29:33 UTC 2019
auto.tcl: Setting watchdog for 200 seconds at Wed May 29 04:29:33 UTC 2019
1 ms. Memory: 331264K Free: 316834K (96%)
ptolemy.util.test.WatchDog.cancel(): canceling Wed May 29 04:29:33 UTC 2019
------------------ testing $PTII/ptolemy/domains/de/test/auto/Modal1.xml
auto.tcl: Setting watchdog for 200 seconds at Wed May 29 04:29:33 UTC 2019
19 ms. Memory: 331264K Free: 310466K (94%)
ptolemy.util.test.WatchDog.cancel(): canceling Wed May 29 04:29:34 UTC 2019
auto.tcl: Setting watchdog for 200 seconds at Wed May 29 04:29:34 UTC 2019
20 ms. Memory: 331264K Free: 306920K (93%)
ptolemy.util.test.WatchDog.cancel(): canceling Wed May 29 04:29:34 UTC 2019
------------------ testing $PTII/ptolemy/domains/de/test/auto/Modal2.xml
auto.tcl: Setting watchdog for 200 seconds at Wed May 29 04:29:34 UTC 2019
12 ms. Memory: 331264K Free: 310310K (94%)
ptolemy.util.test.WatchDog.cancel(): canceling Wed May 29 04:29:34 UTC 2019
auto.tcl: Setting watchdog for 200 seconds at Wed May 29 04:29:34 UTC 2019
20 ms. Memory: 331264K Free: 306764K (93%)
ptolemy.util.test.WatchDog.cancel(): canceling Wed May 29 04:29:34 UTC 2019
------------------ testing $PTII/ptolemy/domains/de/test/auto/Modal3.xml
auto.tcl: Setting watchdog for 200 seconds at Wed May 29 04:29:34 UTC 2019
18 ms. Memory: 331264K Free: 310802K (94%)
ptolemy.util.test.WatchDog.cancel(): canceling Wed May 29 04:29:34 UTC 2019
auto.tcl: Setting watchdog for 200 seconds at Wed May 29 04:29:34 UTC 2019
12 ms. Memory: 331264K Free: 306581K (93%)
ptolemy.util.test.WatchDog.cancel(): canceling Wed May 29 04:29:34 UTC 2019
------------------ testing $PTII/ptolemy/domains/de/test/auto/Modal4.xml
auto.tcl: Setting watchdog for 200 seconds at Wed May 29 04:29:34 UTC 2019
25 ms. Memory: 331264K Free: 310128K (94%)
ptolemy.util.test.WatchDog.cancel(): canceling Wed May 29 04:29:34 UTC 2019
auto.tcl: Setting watchdog for 200 seconds at Wed May 29 04:29:34 UTC 2019
16 ms. Memory: 331264K Free: 306581K (93%)
ptolemy.util.test.WatchDog.cancel(): canceling Wed May 29 04:29:34 UTC 2019
------------------ testing $PTII/ptolemy/domains/de/test/auto/Modal5.xml
auto.tcl: Setting watchdog for 200 seconds at Wed May 29 04:29:34 UTC 2019
16 ms. Memory: 331264K Free: 310115K (94%)
ptolemy.util.test.WatchDog.cancel(): canceling Wed May 29 04:29:34 UTC 2019
auto.tcl: Setting watchdog for 200 seconds at Wed May 29 04:29:34 UTC 2019
12 ms. Memory: 331264K Free: 306569K (93%)
ptolemy.util.test.WatchDog.cancel(): canceling Wed May 29 04:29:34 UTC 2019
------------------ testing $PTII/ptolemy/domains/de/test/auto/Modal6.xml
auto.tcl: Setting watchdog for 200 seconds at Wed May 29 04:29:34 UTC 2019
11 ms. Memory: 331264K Free: 310112K (94%)
ptolemy.util.test.WatchDog.cancel(): canceling Wed May 29 04:29:34 UTC 2019
auto.tcl: Setting watchdog for 200 seconds at Wed May 29 04:29:34 UTC 2019
12 ms. Memory: 331264K Free: 306566K (93%)
ptolemy.util.test.WatchDog.cancel(): canceling Wed May 29 04:29:34 UTC 2019
------------------ testing $PTII/ptolemy/domains/de/test/auto/Modal7.xml
auto.tcl: Setting watchdog for 200 seconds at Wed May 29 04:29:34 UTC 2019
18 ms. Memory: 331264K Free: 306566K (93%)
ptolemy.util.test.WatchDog.cancel(): canceling Wed May 29 04:29:34 UTC 2019
auto.tcl: Setting watchdog for 200 seconds at Wed May 29 04:29:34 UTC 2019
11 ms. Memory: 331264K Free: 303020K (91%)
ptolemy.util.test.WatchDog.cancel(): canceling Wed May 29 04:29:34 UTC 2019
------------------ testing $PTII/ptolemy/domains/de/test/auto/ModalModel.xml
auto.tcl: Setting watchdog for 200 seconds at Wed May 29 04:29:34 UTC 2019
201 ms. Memory: 331264K Free: 242916K (73%)
ptolemy.util.test.WatchDog.cancel(): canceling Wed May 29 04:29:35 UTC 2019
auto.tcl: Setting watchdog for 200 seconds at Wed May 29 04:29:35 UTC 2019
176 ms. Memory: 331264K Free: 186179K (56%)
ptolemy.util.test.WatchDog.cancel(): canceling Wed May 29 04:29:35 UTC 2019
------------------ testing $PTII/ptolemy/domains/de/test/auto/ModalSource.xml
auto.tcl: Setting watchdog for 200 seconds at Wed May 29 04:29:35 UTC 2019
6 ms. Memory: 331264K Free: 316426K (96%)
ptolemy.util.test.WatchDog.cancel(): canceling Wed May 29 04:29:35 UTC 2019
auto.tcl: Setting watchdog for 200 seconds at Wed May 29 04:29:35 UTC 2019
5 ms. Memory: 331264K Free: 313208K (95%)
ptolemy.util.test.WatchDog.cancel(): canceling Wed May 29 04:29:35 UTC 2019
------------------ testing $PTII/ptolemy/domains/de/test/auto/NonInterruptibleTimerZeroDelay.xml
auto.tcl: Setting watchdog for 200 seconds at Wed May 29 04:29:35 UTC 2019
4 ms. Memory: 331264K Free: 320735K (97%)
ptolemy.util.test.WatchDog.cancel(): canceling Wed May 29 04:29:35 UTC 2019
auto.tcl: Setting watchdog for 200 seconds at Wed May 29 04:29:35 UTC 2019
2 ms. Memory: 331264K Free: 317517K (96%)
ptolemy.util.test.WatchDog.cancel(): canceling Wed May 29 04:29:35 UTC 2019
------------------ testing $PTII/ptolemy/domains/de/test/auto/OpenQueueingNetwork.xml
auto.tcl: Setting watchdog for 200 seconds at Wed May 29 04:29:35 UTC 2019
2668 ms. Memory: 573952K Free: 405416K (71%)
ptolemy.util.test.WatchDog.cancel(): canceling Wed May 29 04:29:38 UTC 2019
auto.tcl: Setting watchdog for 200 seconds at Wed May 29 04:29:38 UTC 2019
2222 ms. Memory: 550912K Free: 324061K (59%)
ptolemy.util.test.WatchDog.cancel(): canceling Wed May 29 04:29:40 UTC 2019
------------------ testing $PTII/ptolemy/domains/de/test/auto/OpenQueuingNetwork.xml
auto.tcl: Setting watchdog for 200 seconds at Wed May 29 04:29:40 UTC 2019
224 ms. Memory: 549888K Free: 446533K (81%)
ptolemy.util.test.WatchDog.cancel(): canceling Wed May 29 04:29:40 UTC 2019
auto.tcl: Setting watchdog for 200 seconds at Wed May 29 04:29:40 UTC 2019
205 ms. Memory: 549888K Free: 390221K (71%)
ptolemy.util.test.WatchDog.cancel(): canceling Wed May 29 04:29:41 UTC 2019
------------------ testing $PTII/ptolemy/domains/de/test/auto/PeriodicSampler.xml
auto.tcl: Setting watchdog for 200 seconds at Wed May 29 04:29:41 UTC 2019
3 ms. Memory: 551936K Free: 536124K (97%)
ptolemy.util.test.WatchDog.cancel(): canceling Wed May 29 04:29:41 UTC 2019
auto.tcl: Setting watchdog for 200 seconds at Wed May 29 04:29:41 UTC 2019
2 ms. Memory: 551936K Free: 536124K (97%)
ptolemy.util.test.WatchDog.cancel(): canceling Wed May 29 04:29:41 UTC 2019
------------------ testing $PTII/ptolemy/domains/de/test/auto/PersistentIO.xml
auto.tcl: Setting watchdog for 200 seconds at Wed May 29 04:29:41 UTC 2019
10 ms. Memory: 549376K Free: 529579K (96%)
ptolemy.util.test.WatchDog.cancel(): canceling Wed May 29 04:29:41 UTC 2019
auto.tcl: Setting watchdog for 200 seconds at Wed May 29 04:29:41 UTC 2019
4 ms. Memory: 549376K Free: 529579K (96%)
ptolemy.util.test.WatchDog.cancel(): canceling Wed May 29 04:29:41 UTC 2019
------------------ testing $PTII/ptolemy/domains/de/test/auto/PortParameterResetOnInitialize.xml
auto.tcl: Setting watchdog for 200 seconds at Wed May 29 04:29:41 UTC 2019
2 ms. Memory: 551424K Free: 531936K (96%)
ptolemy.util.test.WatchDog.cancel(): canceling Wed May 29 04:29:41 UTC 2019
auto.tcl: Setting watchdog for 200 seconds at Wed May 29 04:29:41 UTC 2019
1 ms. Memory: 551424K Free: 531936K (96%)
ptolemy.util.test.WatchDog.cancel(): canceling Wed May 29 04:29:41 UTC 2019
------------------ testing $PTII/ptolemy/domains/de/test/auto/PortParameterUpdates.xml
auto.tcl: Setting watchdog for 200 seconds at Wed May 29 04:29:41 UTC 2019
4 ms. Memory: 549376K Free: 530022K (96%)
ptolemy.util.test.WatchDog.cancel(): canceling Wed May 29 04:29:41 UTC 2019
auto.tcl: Setting watchdog for 200 seconds at Wed May 29 04:29:41 UTC 2019
3 ms. Memory: 549376K Free: 524887K (96%)
ptolemy.util.test.WatchDog.cancel(): canceling Wed May 29 04:29:41 UTC 2019
------------------ testing $PTII/ptolemy/domains/de/test/auto/QueueAndServer.xml
auto.tcl: Setting watchdog for 200 seconds at Wed May 29 04:29:41 UTC 2019
16 ms. Memory: 551424K Free: 531035K (96%)
ptolemy.util.test.WatchDog.cancel(): canceling Wed May 29 04:29:41 UTC 2019
auto.tcl: Setting watchdog for 200 seconds at Wed May 29 04:29:41 UTC 2019
7 ms. Memory: 551424K Free: 531035K (96%)
ptolemy.util.test.WatchDog.cancel(): canceling Wed May 29 04:29:41 UTC 2019
------------------ testing $PTII/ptolemy/domains/de/test/auto/Records.xml
auto.tcl: Setting watchdog for 200 seconds at Wed May 29 04:29:41 UTC 2019
7 ms. Memory: 549376K Free: 534063K (97%)
ptolemy.util.test.WatchDog.cancel(): canceling Wed May 29 04:29:41 UTC 2019
auto.tcl: Setting watchdog for 200 seconds at Wed May 29 04:29:41 UTC 2019
2 ms. Memory: 549376K Free: 528944K (96%)
ptolemy.util.test.WatchDog.cancel(): canceling Wed May 29 04:29:41 UTC 2019
------------------ testing $PTII/ptolemy/domains/de/test/auto/ResetTransitionWithStartTime1.xml
auto.tcl: Setting watchdog for 200 seconds at Wed May 29 04:29:41 UTC 2019
15 ms. Memory: 551424K Free: 531559K (96%)
ptolemy.util.test.WatchDog.cancel(): canceling Wed May 29 04:29:41 UTC 2019
auto.tcl: Setting watchdog for 200 seconds at Wed May 29 04:29:41 UTC 2019
10 ms. Memory: 551424K Free: 531016K (96%)
ptolemy.util.test.WatchDog.cancel(): canceling Wed May 29 04:29:41 UTC 2019
------------------ testing $PTII/ptolemy/domains/de/test/auto/ResetTransitionWithStartTime2.xml
auto.tcl: Setting watchdog for 200 seconds at Wed May 29 04:29:41 UTC 2019
10 ms. Memory: 549376K Free: 529504K (96%)
ptolemy.util.test.WatchDog.cancel(): canceling Wed May 29 04:29:41 UTC 2019
auto.tcl: Setting watchdog for 200 seconds at Wed May 29 04:29:41 UTC 2019
5 ms. Memory: 549376K Free: 529504K (96%)
ptolemy.util.test.WatchDog.cancel(): canceling Wed May 29 04:29:41 UTC 2019
------------------ testing $PTII/ptolemy/domains/de/test/auto/ResetTransitionWithStartTime3.xml
auto.tcl: Setting watchdog for 200 seconds at Wed May 29 04:29:41 UTC 2019
6 ms. Memory: 550912K Free: 530479K (96%)
ptolemy.util.test.WatchDog.cancel(): canceling Wed May 29 04:29:41 UTC 2019
auto.tcl: Setting watchdog for 200 seconds at Wed May 29 04:29:41 UTC 2019
5 ms. Memory: 550912K Free: 530479K (96%)
ptolemy.util.test.WatchDog.cancel(): canceling Wed May 29 04:29:41 UTC 2019
------------------ testing $PTII/ptolemy/domains/de/test/auto/ResetTransitionWithStartTime4.xml
auto.tcl: Setting watchdog for 200 seconds at Wed May 29 04:29:41 UTC 2019
4 ms. Memory: 549376K Free: 528942K (96%)
ptolemy.util.test.WatchDog.cancel(): canceling Wed May 29 04:29:41 UTC 2019
auto.tcl: Setting watchdog for 200 seconds at Wed May 29 04:29:41 UTC 2019
4 ms. Memory: 549376K Free: 528942K (96%)
ptolemy.util.test.WatchDog.cancel(): canceling Wed May 29 04:29:41 UTC 2019
------------------ testing $PTII/ptolemy/domains/de/test/auto/ResettableTimer1.xml
auto.tcl: Setting watchdog for 200 seconds at Wed May 29 04:29:41 UTC 2019
2 ms. Memory: 550912K Free: 535609K (97%)
ptolemy.util.test.WatchDog.cancel(): canceling Wed May 29 04:29:41 UTC 2019
auto.tcl: Setting watchdog for 200 seconds at Wed May 29 04:29:41 UTC 2019
2 ms. Memory: 550912K Free: 535609K (97%)
ptolemy.util.test.WatchDog.cancel(): canceling Wed May 29 04:29:41 UTC 2019
------------------ testing $PTII/ptolemy/domains/de/test/auto/ResettableTimer2.xml
auto.tcl: Setting watchdog for 200 seconds at Wed May 29 04:29:41 UTC 2019
2 ms. Memory: 549376K Free: 534674K (97%)
ptolemy.util.test.WatchDog.cancel(): canceling Wed May 29 04:29:42 UTC 2019
auto.tcl: Setting watchdog for 200 seconds at Wed May 29 04:29:42 UTC 2019
2 ms. Memory: 549376K Free: 534674K (97%)
ptolemy.util.test.WatchDog.cancel(): canceling Wed May 29 04:29:42 UTC 2019
------------------ testing $PTII/ptolemy/domains/de/test/auto/ResettableTimer3.xml
auto.tcl: Setting watchdog for 200 seconds at Wed May 29 04:29:42 UTC 2019
1 ms. Memory: 550912K Free: 535666K (97%)
ptolemy.util.test.WatchDog.cancel(): canceling Wed May 29 04:29:42 UTC 2019
auto.tcl: Setting watchdog for 200 seconds at Wed May 29 04:29:42 UTC 2019
1 ms. Memory: 550912K Free: 535666K (97%)
ptolemy.util.test.WatchDog.cancel(): canceling Wed May 29 04:29:42 UTC 2019
------------------ testing $PTII/ptolemy/domains/de/test/auto/ResettableTimer4.xml
auto.tcl: Setting watchdog for 200 seconds at Wed May 29 04:29:42 UTC 2019
1 ms. Memory: 549376K Free: 534685K (97%)
ptolemy.util.test.WatchDog.cancel(): canceling Wed May 29 04:29:42 UTC 2019
auto.tcl: Setting watchdog for 200 seconds at Wed May 29 04:29:42 UTC 2019
1 ms. Memory: 549376K Free: 534685K (97%)
ptolemy.util.test.WatchDog.cancel(): canceling Wed May 29 04:29:42 UTC 2019
------------------ testing $PTII/ptolemy/domains/de/test/auto/ResettableTimer5.xml
auto.tcl: Setting watchdog for 200 seconds at Wed May 29 04:29:42 UTC 2019
2 ms. Memory: 550400K Free: 531028K (96%)
ptolemy.util.test.WatchDog.cancel(): canceling Wed May 29 04:29:42 UTC 2019
auto.tcl: Setting watchdog for 200 seconds at Wed May 29 04:29:42 UTC 2019
2 ms. Memory: 550400K Free: 531028K (96%)
ptolemy.util.test.WatchDog.cancel(): canceling Wed May 29 04:29:42 UTC 2019
------------------ testing $PTII/ptolemy/domains/de/test/auto/ResettableTimer6.xml
auto.tcl: Setting watchdog for 200 seconds at Wed May 29 04:29:42 UTC 2019
1 ms. Memory: 549376K Free: 529410K (96%)
ptolemy.util.test.WatchDog.cancel(): canceling Wed May 29 04:29:42 UTC 2019
auto.tcl: Setting watchdog for 200 seconds at Wed May 29 04:29:42 UTC 2019
1 ms. Memory: 549376K Free: 529410K (96%)
ptolemy.util.test.WatchDog.cancel(): canceling Wed May 29 04:29:42 UTC 2019
------------------ testing $PTII/ptolemy/domains/de/test/auto/ServerZeroDelay.xml
auto.tcl: Setting watchdog for 200 seconds at Wed May 29 04:29:42 UTC 2019
2 ms. Memory: 550400K Free: 535648K (97%)
ptolemy.util.test.WatchDog.cancel(): canceling Wed May 29 04:29:42 UTC 2019
auto.tcl: Setting watchdog for 200 seconds at Wed May 29 04:29:42 UTC 2019
2 ms. Memory: 550400K Free: 535648K (97%)
ptolemy.util.test.WatchDog.cancel(): canceling Wed May 29 04:29:42 UTC 2019
------------------ testing $PTII/ptolemy/domains/de/test/auto/SmartSender.xml
auto.tcl: Setting watchdog for 200 seconds at Wed May 29 04:29:42 UTC 2019
3001 ms. Memory: 549376K Free: 529940K (96%)
ptolemy.util.test.WatchDog.cancel(): canceling Wed May 29 04:29:45 UTC 2019
auto.tcl: Setting watchdog for 200 seconds at Wed May 29 04:29:45 UTC 2019
3001 ms. Memory: 549376K Free: 529940K (96%)
ptolemy.util.test.WatchDog.cancel(): canceling Wed May 29 04:29:48 UTC 2019
------------------ testing $PTII/ptolemy/domains/de/test/auto/ThreadedComposite.xml
auto.tcl: Setting watchdog for 200 seconds at Wed May 29 04:29:48 UTC 2019
200 ms. Memory: 550400K Free: 510804K (93%)
ptolemy.util.test.WatchDog.cancel(): canceling Wed May 29 04:29:48 UTC 2019
auto.tcl: Setting watchdog for 200 seconds at Wed May 29 04:29:48 UTC 2019
112 ms. Memory: 550400K Free: 496326K (90%)
ptolemy.util.test.WatchDog.cancel(): canceling Wed May 29 04:29:48 UTC 2019
------------------ testing $PTII/ptolemy/domains/de/test/auto/Time.xml
auto.tcl: Setting watchdog for 200 seconds at Wed May 29 04:29:48 UTC 2019
540 ms. Memory: 549376K Free: 487005K (89%)
ptolemy.util.test.WatchDog.cancel(): canceling Wed May 29 04:29:49 UTC 2019
auto.tcl: Setting watchdog for 200 seconds at Wed May 29 04:29:49 UTC 2019
559 ms. Memory: 549376K Free: 435813K (79%)
ptolemy.util.test.WatchDog.cancel(): canceling Wed May 29 04:29:49 UTC 2019
------------------ testing $PTII/ptolemy/domains/de/test/auto/TimeDelayZeroDelay.xml
auto.tcl: Setting watchdog for 200 seconds at Wed May 29 04:29:49 UTC 2019
2 ms. Memory: 550400K Free: 535023K (97%)
ptolemy.util.test.WatchDog.cancel(): canceling Wed May 29 04:29:49 UTC 2019
auto.tcl: Setting watchdog for 200 seconds at Wed May 29 04:29:49 UTC 2019
2 ms. Memory: 550400K Free: 535023K (97%)
ptolemy.util.test.WatchDog.cancel(): canceling Wed May 29 04:29:49 UTC 2019
------------------ testing $PTII/ptolemy/domains/de/test/auto/TimerZeroDelay.xml
auto.tcl: Setting watchdog for 200 seconds at Wed May 29 04:29:49 UTC 2019
4 ms. Memory: 549376K Free: 534586K (97%)
ptolemy.util.test.WatchDog.cancel(): canceling Wed May 29 04:29:50 UTC 2019
auto.tcl: Setting watchdog for 200 seconds at Wed May 29 04:29:50 UTC 2019
2 ms. Memory: 549376K Free: 534586K (97%)
ptolemy.util.test.WatchDog.cancel(): canceling Wed May 29 04:29:50 UTC 2019
------------------ testing $PTII/ptolemy/domains/de/test/auto/TimingParadox.xml
auto.tcl: Setting watchdog for 200 seconds at Wed May 29 04:29:50 UTC 2019
357 ms. Memory: 549888K Free: 471050K (86%)
ptolemy.util.test.WatchDog.cancel(): canceling Wed May 29 04:29:50 UTC 2019
auto.tcl: Setting watchdog for 200 seconds at Wed May 29 04:29:50 UTC 2019
385 ms. Memory: 549888K Free: 440335K (80%)
ptolemy.util.test.WatchDog.cancel(): canceling Wed May 29 04:29:50 UTC 2019
------------------ testing $PTII/ptolemy/domains/de/test/auto/TransferInputs.xml
auto.tcl: Setting watchdog for 200 seconds at Wed May 29 04:29:50 UTC 2019
2 ms. Memory: 549888K Free: 534060K (97%)
ptolemy.util.test.WatchDog.cancel(): canceling Wed May 29 04:29:51 UTC 2019
auto.tcl: Setting watchdog for 200 seconds at Wed May 29 04:29:51 UTC 2019
1 ms. Memory: 549888K Free: 534060K (97%)
ptolemy.util.test.WatchDog.cancel(): canceling Wed May 29 04:29:51 UTC 2019
------------------ testing $PTII/ptolemy/domains/de/test/auto/TransferOutputs2.xml
auto.tcl: Setting watchdog for 200 seconds at Wed May 29 04:29:51 UTC 2019
6 ms. Memory: 549376K Free: 524834K (96%)
ptolemy.util.test.WatchDog.cancel(): canceling Wed May 29 04:29:51 UTC 2019
auto.tcl: Setting watchdog for 200 seconds at Wed May 29 04:29:51 UTC 2019
2 ms. Memory: 549376K Free: 524834K (96%)
ptolemy.util.test.WatchDog.cancel(): canceling Wed May 29 04:29:51 UTC 2019
------------------ testing $PTII/ptolemy/domains/de/test/auto/Trilateration.xml
auto.tcl: Setting watchdog for 200 seconds at Wed May 29 04:29:51 UTC 2019
13828 ms. Memory: 453632K Free: 138139K (30%)
ptolemy.util.test.WatchDog.cancel(): canceling Wed May 29 04:30:05 UTC 2019
auto.tcl: Setting watchdog for 200 seconds at Wed May 29 04:30:05 UTC 2019
10867 ms. Memory: 331264K Free: 245455K (74%)
ptolemy.util.test.WatchDog.cancel(): canceling Wed May 29 04:30:16 UTC 2019
------------------ testing $PTII/ptolemy/domains/de/test/auto/TwoSigmaDelta.xml
auto.tcl: Setting watchdog for 200 seconds at Wed May 29 04:30:16 UTC 2019
2708 ms. Memory: 320000K Free: 266430K (83%)
ptolemy.util.test.WatchDog.cancel(): canceling Wed May 29 04:30:19 UTC 2019
auto.tcl: Setting watchdog for 200 seconds at Wed May 29 04:30:19 UTC 2019
1954 ms. Memory: 307712K Free: 260337K (85%)
ptolemy.util.test.WatchDog.cancel(): canceling Wed May 29 04:30:21 UTC 2019
------------------ testing $PTII/ptolemy/domains/de/test/auto/VariableDelay.xml
auto.tcl: Setting watchdog for 200 seconds at Wed May 29 04:30:21 UTC 2019
3 ms. Memory: 309760K Free: 293135K (95%)
ptolemy.util.test.WatchDog.cancel(): canceling Wed May 29 04:30:21 UTC 2019
auto.tcl: Setting watchdog for 200 seconds at Wed May 29 04:30:21 UTC 2019
2 ms. Memory: 309760K Free: 293135K (95%)
ptolemy.util.test.WatchDog.cancel(): canceling Wed May 29 04:30:21 UTC 2019
------------------ testing $PTII/ptolemy/domains/de/test/auto/VariableDelay2.xml
auto.tcl: Setting watchdog for 200 seconds at Wed May 29 04:30:21 UTC 2019
2 ms. Memory: 307712K Free: 293776K (95%)
ptolemy.util.test.WatchDog.cancel(): canceling Wed May 29 04:30:21 UTC 2019
auto.tcl: Setting watchdog for 200 seconds at Wed May 29 04:30:21 UTC 2019
1 ms. Memory: 307712K Free: 293776K (95%)
ptolemy.util.test.WatchDog.cancel(): canceling Wed May 29 04:30:21 UTC 2019
------------------ testing $PTII/ptolemy/domains/de/test/auto/VariableDelayZeroDelay.xml
auto.tcl: Setting watchdog for 200 seconds at Wed May 29 04:30:21 UTC 2019
2 ms. Memory: 309248K Free: 296358K (96%)
ptolemy.util.test.WatchDog.cancel(): canceling Wed May 29 04:30:21 UTC 2019
auto.tcl: Setting watchdog for 200 seconds at Wed May 29 04:30:21 UTC 2019
2 ms. Memory: 309248K Free: 293032K (95%)
ptolemy.util.test.WatchDog.cancel(): canceling Wed May 29 04:30:21 UTC 2019
------------------ testing $PTII/ptolemy/domains/de/test/auto/VariableDelayZeroDelay2.xml
auto.tcl: Setting watchdog for 200 seconds at Wed May 29 04:30:21 UTC 2019
2 ms. Memory: 307712K Free: 294820K (96%)
ptolemy.util.test.WatchDog.cancel(): canceling Wed May 29 04:30:21 UTC 2019
auto.tcl: Setting watchdog for 200 seconds at Wed May 29 04:30:21 UTC 2019
2 ms. Memory: 307712K Free: 291494K (95%)
ptolemy.util.test.WatchDog.cancel(): canceling Wed May 29 04:30:21 UTC 2019
------------------ testing $PTII/ptolemy/domains/de/test/auto/deInCt.xml
auto.tcl: Setting watchdog for 200 seconds at Wed May 29 04:30:21 UTC 2019
0
1
1
0
0
0
0
1
1
1
0
0
0
1
1
1
0
0
0
0
0
0
1
1
1
1
0
0
0
1
1
1
0
0
0
0
0
21 ms. Memory: 309248K Free: 293015K (95%)
ptolemy.util.test.WatchDog.cancel(): canceling Wed May 29 04:30:21 UTC 2019
auto.tcl: Setting watchdog for 200 seconds at Wed May 29 04:30:21 UTC 2019
0
1
1
0
0
0
1
1
1
0
0
0
1
1
1
0
0
0
0
1
1
0
0
0
0
1
1
1
0
0
0
1
1
1
0
0
0
1
1
1
1
1
1
10 ms. Memory: 309248K Free: 293015K (95%)
ptolemy.util.test.WatchDog.cancel(): canceling Wed May 29 04:30:21 UTC 2019
------------------ testing $PTII/ptolemy/domains/de/test/auto/deInCt2.xml
auto.tcl: Setting watchdog for 200 seconds at Wed May 29 04:30:22 UTC 2019
0
1
1
1
0
0
1
1
1
0
0
1
1
1
0
0
1
1
1
0
0
1
1
1
0
0
1
1
1
0
0
1
1
1
0
0
1
1
1
0
0
0
6 ms. Memory: 307712K Free: 291487K (95%)
ptolemy.util.test.WatchDog.cancel(): canceling Wed May 29 04:30:22 UTC 2019
auto.tcl: Setting watchdog for 200 seconds at Wed May 29 04:30:22 UTC 2019
0
1
1
1
0
0
1
1
1
0
0
1
1
1
0
0
1
1
1
0
0
1
1
1
0
0
1
1
1
0
0
1
1
1
0
0
1
1
1
0
0
0
5 ms. Memory: 307712K Free: 291487K (95%)
ptolemy.util.test.WatchDog.cancel(): canceling Wed May 29 04:30:22 UTC 2019
------------------ testing $PTII/ptolemy/domains/de/test/auto/dynamicCausalityInterface1.xml
auto.tcl: Setting watchdog for 200 seconds at Wed May 29 04:30:22 UTC 2019
3 ms. Memory: 308736K Free: 291479K (94%)
ptolemy.util.test.WatchDog.cancel(): canceling Wed May 29 04:30:22 UTC 2019
auto.tcl: Setting watchdog for 200 seconds at Wed May 29 04:30:22 UTC 2019
1 ms. Memory: 308736K Free: 291479K (94%)
ptolemy.util.test.WatchDog.cancel(): canceling Wed May 29 04:30:22 UTC 2019
------------------ testing $PTII/ptolemy/domains/de/test/auto/fsm_de_test.xml
auto.tcl: Setting watchdog for 200 seconds at Wed May 29 04:30:22 UTC 2019
10 ms. Memory: 307712K Free: 288087K (94%)
ptolemy.util.test.WatchDog.cancel(): canceling Wed May 29 04:30:22 UTC 2019
auto.tcl: Setting watchdog for 200 seconds at Wed May 29 04:30:22 UTC 2019
7 ms. Memory: 307712K Free: 288087K (94%)
ptolemy.util.test.WatchDog.cancel(): canceling Wed May 29 04:30:22 UTC 2019
------------------ testing $PTII/ptolemy/domains/de/test/auto/functionDependencyReconstruction.xml
auto.tcl: Setting watchdog for 200 seconds at Wed May 29 04:30:22 UTC 2019
3 ms. Memory: 308736K Free: 282435K (91%)
ptolemy.util.test.WatchDog.cancel(): canceling Wed May 29 04:30:22 UTC 2019
auto.tcl: Setting watchdog for 200 seconds at Wed May 29 04:30:22 UTC 2019
2 ms. Memory: 308736K Free: 282435K (91%)
ptolemy.util.test.WatchDog.cancel(): canceling Wed May 29 04:30:22 UTC 2019
------------------ testing $PTII/ptolemy/domains/de/test/auto/multirate.xml
auto.tcl: Setting watchdog for 200 seconds at Wed May 29 04:30:22 UTC 2019
8 ms. Memory: 307712K Free: 291255K (95%)
ptolemy.util.test.WatchDog.cancel(): canceling Wed May 29 04:30:22 UTC 2019
auto.tcl: Setting watchdog for 200 seconds at Wed May 29 04:30:22 UTC 2019
3 ms. Memory: 307712K Free: 287929K (94%)
ptolemy.util.test.WatchDog.cancel(): canceling Wed May 29 04:30:22 UTC 2019
------------------ testing $PTII/ptolemy/domains/de/test/auto/multirate2.xml
auto.tcl: Setting watchdog for 200 seconds at Wed May 29 04:30:22 UTC 2019
2 ms. Memory: 308736K Free: 292459K (95%)
ptolemy.util.test.WatchDog.cancel(): canceling Wed May 29 04:30:22 UTC 2019
auto.tcl: Setting watchdog for 200 seconds at Wed May 29 04:30:22 UTC 2019
3 ms. Memory: 308736K Free: 289150K (94%)
ptolemy.util.test.WatchDog.cancel(): canceling Wed May 29 04:30:22 UTC 2019
------------------ testing $PTII/ptolemy/domains/de/test/auto/realtime.xml
auto.tcl: Setting watchdog for 200 seconds at Wed May 29 04:30:22 UTC 2019
10005 ms. Memory: 307712K Free: 291414K (95%)
ptolemy.util.test.WatchDog.cancel(): canceling Wed May 29 04:30:32 UTC 2019
auto.tcl: Setting watchdog for 200 seconds at Wed May 29 04:30:32 UTC 2019
10001 ms. Memory: 307712K Free: 291414K (95%)
ptolemy.util.test.WatchDog.cancel(): canceling Wed May 29 04:30:42 UTC 2019
------------------ testing $PTII/ptolemy/domains/de/test/auto/relationGroup.xml
auto.tcl: Setting watchdog for 200 seconds at Wed May 29 04:30:42 UTC 2019
1 ms. Memory: 308224K Free: 295297K (96%)
ptolemy.util.test.WatchDog.cancel(): canceling Wed May 29 04:30:42 UTC 2019
auto.tcl: Setting watchdog for 200 seconds at Wed May 29 04:30:42 UTC 2019
1 ms. Memory: 308224K Free: 295297K (96%)
ptolemy.util.test.WatchDog.cancel(): canceling Wed May 29 04:30:42 UTC 2019
------------------ testing $PTII/ptolemy/domains/de/test/auto/relationGroup2.xml
auto.tcl: Setting watchdog for 200 seconds at Wed May 29 04:30:42 UTC 2019
1 ms. Memory: 307712K Free: 294812K (96%)
ptolemy.util.test.WatchDog.cancel(): canceling Wed May 29 04:30:42 UTC 2019
auto.tcl: Setting watchdog for 200 seconds at Wed May 29 04:30:42 UTC 2019
1 ms. Memory: 307712K Free: 294812K (96%)
ptolemy.util.test.WatchDog.cancel(): canceling Wed May 29 04:30:42 UTC 2019
------------------ testing $PTII/ptolemy/domains/de/test/auto/sortWithOpaquePorts.xml
auto.tcl: Setting watchdog for 200 seconds at Wed May 29 04:30:42 UTC 2019
1 ms. Memory: 308224K Free: 291998K (95%)
ptolemy.util.test.WatchDog.cancel(): canceling Wed May 29 04:30:42 UTC 2019
auto.tcl: Setting watchdog for 200 seconds at Wed May 29 04:30:42 UTC 2019
4 ms. Memory: 308224K Free: 291998K (95%)
ptolemy.util.test.WatchDog.cancel(): canceling Wed May 29 04:30:42 UTC 2019
------------------ testing $PTII/ptolemy/domains/de/test/auto/transferInputsandOutputs.xml
auto.tcl: Setting watchdog for 200 seconds at Wed May 29 04:30:42 UTC 2019
3 ms. Memory: 307712K Free: 291482K (95%)
ptolemy.util.test.WatchDog.cancel(): canceling Wed May 29 04:30:42 UTC 2019
auto.tcl: Setting watchdog for 200 seconds at Wed May 29 04:30:42 UTC 2019
2 ms. Memory: 307712K Free: 288156K (94%)
ptolemy.util.test.WatchDog.cancel(): canceling Wed May 29 04:30:42 UTC 2019
------------------ testing $PTII/ptolemy/domains/de/test/auto/triggerType.xml
auto.tcl: Setting watchdog for 200 seconds at Wed May 29 04:30:42 UTC 2019
2 ms. Memory: 308224K Free: 295261K (96%)
ptolemy.util.test.WatchDog.cancel(): canceling Wed May 29 04:30:42 UTC 2019
auto.tcl: Setting watchdog for 200 seconds at Wed May 29 04:30:42 UTC 2019
1 ms. Memory: 308224K Free: 291936K (95%)
ptolemy.util.test.WatchDog.cancel(): canceling Wed May 29 04:30:42 UTC 2019
05/29/19 04:30:42
Failed: 0  Total Tests: 192  ((Passed: 187, Newly Passed: 1)  Known Failed: 5) /home/travis/build/icyphy/ptII/ptolemy/domains/de/test
05/29/19 04:30:42
Failed: 0  Total Tests: 192  ((Passed: 187, Newly Passed: 1)  Known Failed: 5) /home/travis/build/icyphy/ptII/ptolemy/domains/de/test
----------------- testing (KnownFailure) /home/travis/build/icyphy/ptII/ptolemy/domains/de/test/auto/knownFailedTests/DESDFClockTest.xml
2010 ms. Memory: 307712K Free: 285734K (93%)
Known Failure: java.lang.reflect.InvocationTargetException
----------------- testing (KnownFailure) /home/travis/build/icyphy/ptII/ptolemy/domains/de/test/auto/knownFailedTests/DirectFeedback.xml
4 ms. Memory: 307712K Free: 267630K (87%)
Known Failure: java.lang.reflect.InvocationTargetException
----------------- testing (KnownFailure) /home/travis/build/icyphy/ptII/ptolemy/domains/de/test/auto/knownFailedTests/FSMSource.xml
6 ms. Memory: 307712K Free: 244991K (80%)
----------------- testing (KnownFailure) /home/travis/build/icyphy/ptII/ptolemy/domains/de/test/auto/knownFailedTests/HierarchicalModel.xml
3 ms. Memory: 307712K Free: 222324K (72%)
Known Failure: java.lang.reflect.InvocationTargetException
----------------- testing (KnownFailure) /home/travis/build/icyphy/ptII/ptolemy/domains/de/test/auto/knownFailedTests/dependencyLoop.xml
2 ms. Memory: 307712K Free: 190633K (62%)
Known Failure: java.lang.reflect.InvocationTargetException
----------------- testing (KnownFailure) /home/travis/build/icyphy/ptII/ptolemy/domains/de/test/auto/knownFailedTests/dependencyLoop2.xml
3 ms. Memory: 307712K Free: 158934K (52%)
Known Failure: java.lang.reflect.InvocationTargetException
No auto/linux-amd64/*.xml tests in /home/travis/build/icyphy/ptII/ptolemy/domains/de/test
AutoTests.java: About to close Vertx.
AutoTests.java: Vertx closed.

===========================================================================================
----------------- testing Wed May 29 04:30:45 UTC 2019 /home/travis/build/icyphy/ptII/ptolemy/domains/de/test/auto/ActorDepthCalculation_actorWithoutPorts.xml
----------------- Instantiating /home/travis/build/icyphy/ptII/ptolemy/domains/de/test/auto/ActorDepthCalculation_actorWithoutPorts.xml
2 ms. Memory: 307712K Free: 136303K (44%)
----------------- Invoking toplevel() on ptolemy.moml.MoMLSimpleApplication@26ae6f5b
----------------- Done invoking toplevel() on ptolemy.moml.MoMLSimpleApplication@26ae6f5b
reloadAllAccessors: .ActorDepthCalculation_actorWithoutPorts

===========================================================================================
----------------- testing Wed May 29 04:30:45 UTC 2019 /home/travis/build/icyphy/ptII/ptolemy/domains/de/test/auto/AssemblyLine.xml
----------------- Instantiating /home/travis/build/icyphy/ptII/ptolemy/domains/de/test/auto/AssemblyLine.xml
5 ms. Memory: 307712K Free: 122725K (40%)
----------------- Invoking toplevel() on ptolemy.moml.MoMLSimpleApplication@4b4066ff
----------------- Done invoking toplevel() on ptolemy.moml.MoMLSimpleApplication@4b4066ff
reloadAllAccessors: .AssemblyLine

===========================================================================================
----------------- testing Wed May 29 04:30:45 UTC 2019 /home/travis/build/icyphy/ptII/ptolemy/domains/de/test/auto/CQBug1.xml
----------------- Instantiating /home/travis/build/icyphy/ptII/ptolemy/domains/de/test/auto/CQBug1.xml
0 ms. Memory: 307712K Free: 113673K (37%)
----------------- Invoking toplevel() on ptolemy.moml.MoMLSimpleApplication@37e673f
----------------- Done invoking toplevel() on ptolemy.moml.MoMLSimpleApplication@37e673f
reloadAllAccessors: .CQBug1

===========================================================================================
----------------- testing Wed May 29 04:30:45 UTC 2019 /home/travis/build/icyphy/ptII/ptolemy/domains/de/test/auto/CancelFireAt.xml
----------------- Instantiating /home/travis/build/icyphy/ptII/ptolemy/domains/de/test/auto/CancelFireAt.xml
1 ms. Memory: 307712K Free: 104620K (34%)
----------------- Invoking toplevel() on ptolemy.moml.MoMLSimpleApplication@4915f8c8
----------------- Done invoking toplevel() on ptolemy.moml.MoMLSimpleApplication@4915f8c8
reloadAllAccessors: .CancelFireAt

===========================================================================================
----------------- testing Wed May 29 04:30:45 UTC 2019 /home/travis/build/icyphy/ptII/ptolemy/domains/de/test/auto/CausalityAndComposabilityAnalysis.xml
----------------- Instantiating /home/travis/build/icyphy/ptII/ptolemy/domains/de/test/auto/CausalityAndComposabilityAnalysis.xml
1 ms. Memory: 307712K Free: 95568K (31%)
----------------- Invoking toplevel() on ptolemy.moml.MoMLSimpleApplication@4e541955
----------------- Done invoking toplevel() on ptolemy.moml.MoMLSimpleApplication@4e541955
reloadAllAccessors: .CausalityAndComposabilityAnalysis

===========================================================================================
----------------- testing Wed May 29 04:30:45 UTC 2019 /home/travis/build/icyphy/ptII/ptolemy/domains/de/test/auto/CausalityInterface1.xml
----------------- Instantiating /home/travis/build/icyphy/ptII/ptolemy/domains/de/test/auto/CausalityInterface1.xml
4 ms. Memory: 307712K Free: 83206K (27%)
----------------- Invoking toplevel() on ptolemy.moml.MoMLSimpleApplication@36f8a70a
----------------- Done invoking toplevel() on ptolemy.moml.MoMLSimpleApplication@36f8a70a
reloadAllAccessors: .CausalityInterface1

===========================================================================================
----------------- testing Wed May 29 04:30:45 UTC 2019 /home/travis/build/icyphy/ptII/ptolemy/domains/de/test/auto/CausalityInterface15.xml
----------------- Instantiating /home/travis/build/icyphy/ptII/ptolemy/domains/de/test/auto/CausalityInterface15.xml
5 ms. Memory: 298496K Free: 288738K (97%)
----------------- Invoking toplevel() on ptolemy.moml.MoMLSimpleApplication@1203f4fa
----------------- Done invoking toplevel() on ptolemy.moml.MoMLSimpleApplication@1203f4fa
reloadAllAccessors: .CausalityInterface15

[...]
java.lang.RuntimeException: Execution failed
	at ptolemy.moml.MoMLSimpleApplication$UnloadThread.run(MoMLSimpleApplication.java:402)
Caused by: ptolemy.kernel.util.IllegalActionException: Test fails in iteration 1.
Value was: 1.0. Should have been: 2.0
  in .DirectFeedback.Test
	at ptolemy.actor.lib.Test.fire(Test.java:268)
	at ptolemy.domains.de.kernel.DEDirector._fire(DEDirector.java:1949)
	at ptolemy.domains.de.kernel.DEDirector.fire(DEDirector.java:502)
	at ptolemy.actor.CompositeActor.fire(CompositeActor.java:455)
	at ptolemy.actor.Manager.iterate(Manager.java:851)
	at ptolemy.actor.Manager.execute(Manager.java:369)
	at ptolemy.actor.Manager.run(Manager.java:1263)
	at ptolemy.actor.Manager$PtolemyRunThread.run(Manager.java:1915)
java.lang.RuntimeException: Execution failed
	at ptolemy.moml.MoMLSimpleApplication$UnloadThread.run(MoMLSimpleApplication.java:402)
Caused by: ptolemy.kernel.util.IllegalActionException: Actor is not ready to fire.  Perhaps UpSample.prefire() returned false? Try debugging the actor by selecting "Listen to Actor".  Also, for SDF check moml for tokenConsumptionRate on input.
  in .DESDFClockTest.Play Bell.Copy1:SDF Director and .DESDFClockTest.Play Bell.UpSample
	at ptolemy.actor.sched.StaticSchedulingDirector.fire(StaticSchedulingDirector.java:227)
	at ptolemy.domains.sdf.kernel.SDFDirector.fire(SDFDirector.java:500)
	at ptolemy.actor.CompositeActor.fire(CompositeActor.java:455)
	at ptolemy.domains.de.kernel.DEDirector._fire(DEDirector.java:1949)
	at ptolemy.domains.de.kernel.DEDirector.fire(DEDirector.java:502)
	at ptolemy.actor.CompositeActor.fire(CompositeActor.java:455)
	at ptolemy.actor.Manager.iterate(Manager.java:851)
	at ptolemy.actor.Manager.execute(Manager.java:369)
	at ptolemy.actor.Manager.run(Manager.java:1263)
	at ptolemy.actor.Manager$PtolemyRunThread.run(Manager.java:1915)
java.lang.reflect.InvocationTargetException
	at sun.reflect.NativeConstructorAccessorImpl.newInstance0(Native Method)
	at sun.reflect.NativeConstructorAccessorImpl.newInstance(NativeConstructorAccessorImpl.java:62)
	at sun.reflect.DelegatingConstructorAccessorImpl.newInstance(DelegatingConstructorAccessorImpl.java:45)
	at java.lang.reflect.Constructor.newInstance(Constructor.java:423)
	at ptolemy.util.test.junit.AutoKnownFailedTests.RunModel(AutoKnownFailedTests.java:105)
	at sun.reflect.NativeMethodAccessorImpl.invoke0(Native Method)
	at sun.reflect.NativeMethodAccessorImpl.invoke(NativeMethodAccessorImpl.java:62)
	at sun.reflect.DelegatingMethodAccessorImpl.invoke(DelegatingMethodAccessorImpl.java:43)
	at java.lang.reflect.Method.invoke(Method.java:498)
	at org.junit.runners.model.FrameworkMethod$1.runReflectiveCall(FrameworkMethod.java:44)
	at org.junit.internal.runners.model.ReflectiveCallable.run(ReflectiveCallable.java:15)
	at org.junit.runners.model.FrameworkMethod.invokeExplosively(FrameworkMethod.java:41)
	at junitparams.internal.InvokeParameterisedMethod.evaluate(InvokeParameterisedMethod.java:102)
	at org.junit.internal.runners.statements.FailOnTimeout$1.run(FailOnTimeout.java:28)
Caused by: ptolemy.kernel.util.IllegalActionException: Actor is not ready to fire.  Perhaps UpSample.prefire() returned false? Try debugging the actor by selecting "Listen to Actor".  Also, for SDF check moml for tokenConsumptionRate on input.
  in .DESDFClockTest.Play Bell.Copy1:SDF Director and .DESDFClockTest.Play Bell.UpSample
	at ptolemy.actor.sched.StaticSchedulingDirector.fire(StaticSchedulingDirector.java:227)
	at ptolemy.domains.sdf.kernel.SDFDirector.fire(SDFDirector.java:500)
	at ptolemy.actor.CompositeActor.fire(CompositeActor.java:455)
	at ptolemy.domains.de.kernel.DEDirector._fire(DEDirector.java:1949)
	at ptolemy.domains.de.kernel.DEDirector.fire(DEDirector.java:502)
	at ptolemy.actor.CompositeActor.fire(CompositeActor.java:455)
	at ptolemy.actor.Manager.iterate(Manager.java:851)
	at ptolemy.actor.Manager.execute(Manager.java:369)
	at ptolemy.actor.Manager.run(Manager.java:1263)
	at ptolemy.actor.Manager$PtolemyRunThread.run(Manager.java:1915)
java.lang.RuntimeException: Execution failed
	at ptolemy.moml.MoMLSimpleApplication$UnloadThread.run(MoMLSimpleApplication.java:402)
Caused by: ptolemy.kernel.util.IllegalActionException: Test fails in iteration 1.
Value was: 1.0. Should have been: 2.0
  in .DirectFeedback.Test
	at ptolemy.actor.lib.Test.fire(Test.java:268)
	at ptolemy.domains.de.kernel.DEDirector._fire(DEDirector.java:1949)
	at ptolemy.domains.de.kernel.DEDirector.fire(DEDirector.java:502)
	at ptolemy.actor.CompositeActor.fire(CompositeActor.java:455)
	at ptolemy.actor.Manager.iterate(Manager.java:851)
	at ptolemy.actor.Manager.execute(Manager.java:369)
	at ptolemy.actor.Manager.run(Manager.java:1263)
	at ptolemy.actor.Manager$PtolemyRunThread.run(Manager.java:1915)
java.lang.reflect.InvocationTargetException
	at sun.reflect.NativeConstructorAccessorImpl.newInstance0(Native Method)
	at sun.reflect.NativeConstructorAccessorImpl.newInstance(NativeConstructorAccessorImpl.java:62)
	at sun.reflect.DelegatingConstructorAccessorImpl.newInstance(DelegatingConstructorAccessorImpl.java:45)
	at java.lang.reflect.Constructor.newInstance(Constructor.java:423)
	at ptolemy.util.test.junit.AutoKnownFailedTests.RunModel(AutoKnownFailedTests.java:105)
	at sun.reflect.NativeMethodAccessorImpl.invoke0(Native Method)
	at sun.reflect.NativeMethodAccessorImpl.invoke(NativeMethodAccessorImpl.java:62)
	at sun.reflect.DelegatingMethodAccessorImpl.invoke(DelegatingMethodAccessorImpl.java:43)
	at java.lang.reflect.Method.invoke(Method.java:498)
	at org.junit.runners.model.FrameworkMethod$1.runReflectiveCall(FrameworkMethod.java:44)
	at org.junit.internal.runners.model.ReflectiveCallable.run(ReflectiveCallable.java:15)
	at org.junit.runners.model.FrameworkMethod.invokeExplosively(FrameworkMethod.java:41)
	at junitparams.internal.InvokeParameterisedMethod.evaluate(InvokeParameterisedMethod.java:102)
	at org.junit.internal.runners.statements.FailOnTimeout$1.run(FailOnTimeout.java:28)
Caused by: ptolemy.kernel.util.IllegalActionException: Test fails in iteration 1.
Value was: 1.0. Should have been: 2.0
  in .DirectFeedback.Test
	at ptolemy.actor.lib.Test.fire(Test.java:268)
	at ptolemy.domains.de.kernel.DEDirector._fire(DEDirector.java:1949)
	at ptolemy.domains.de.kernel.DEDirector.fire(DEDirector.java:502)
	at ptolemy.actor.CompositeActor.fire(CompositeActor.java:455)
	at ptolemy.actor.Manager.iterate(Manager.java:851)
	at ptolemy.actor.Manager.execute(Manager.java:369)
	at ptolemy.actor.Manager.run(Manager.java:1263)
	at ptolemy.actor.Manager$PtolemyRunThread.run(Manager.java:1915)
java.lang.RuntimeException: Execution failed
	at ptolemy.moml.MoMLSimpleApplication$UnloadThread.run(MoMLSimpleApplication.java:402)
Caused by: ptolemy.kernel.util.IllegalActionException: Found a zero delay loop containing .HierarchicalModel.A
  in .HierarchicalModel and .HierarchicalModel.A
	at ptolemy.actor.util.CausalityInterfaceForComposites._computeOutputPortDepth(CausalityInterfaceForComposites.java:759)
	at ptolemy.actor.util.CausalityInterfaceForComposites._computeInputDepth(CausalityInterfaceForComposites.java:696)
	at ptolemy.actor.util.CausalityInterfaceForComposites._computeOutputPortDepth(CausalityInterfaceForComposites.java:765)
	at ptolemy.actor.util.CausalityInterfaceForComposites._computeInputDepth(CausalityInterfaceForComposites.java:696)
	at ptolemy.actor.util.CausalityInterfaceForComposites._computeOutputPortDepth(CausalityInterfaceForComposites.java:765)
	at ptolemy.actor.util.CausalityInterfaceForComposites._computeInputDepth(CausalityInterfaceForComposites.java:696)
	at ptolemy.actor.util.CausalityInterfaceForComposites._computeActorDepth(CausalityInterfaceForComposites.java:532)
	at ptolemy.actor.util.CausalityInterfaceForComposites.checkForCycles(CausalityInterfaceForComposites.java:96)
	at ptolemy.domains.de.kernel.DEDirector.preinitialize(DEDirector.java:1338)
	at ptolemy.actor.CompositeActor.preinitialize(CompositeActor.java:1828)
	at ptolemy.actor.Manager.preinitializeAndResolveTypes(Manager.java:1040)
	at ptolemy.actor.Manager.initialize(Manager.java:710)
	at ptolemy.actor.Manager.execute(Manager.java:356)
	at ptolemy.actor.Manager.run(Manager.java:1263)
	at ptolemy.actor.Manager$PtolemyRunThread.run(Manager.java:1915)
java.lang.reflect.InvocationTargetException
	at sun.reflect.NativeConstructorAccessorImpl.newInstance0(Native Method)
	at sun.reflect.NativeConstructorAccessorImpl.newInstance(NativeConstructorAccessorImpl.java:62)
	at sun.reflect.DelegatingConstructorAccessorImpl.newInstance(DelegatingConstructorAccessorImpl.java:45)
	at java.lang.reflect.Constructor.newInstance(Constructor.java:423)
	at ptolemy.util.test.junit.AutoKnownFailedTests.RunModel(AutoKnownFailedTests.java:105)
	at sun.reflect.NativeMethodAccessorImpl.invoke0(Native Method)
	at sun.reflect.NativeMethodAccessorImpl.invoke(NativeMethodAccessorImpl.java:62)
	at sun.reflect.DelegatingMethodAccessorImpl.invoke(DelegatingMethodAccessorImpl.java:43)
	at java.lang.reflect.Method.invoke(Method.java:498)
	at org.junit.runners.model.FrameworkMethod$1.runReflectiveCall(FrameworkMethod.java:44)
	at org.junit.internal.runners.model.ReflectiveCallable.run(ReflectiveCallable.java:15)
	at org.junit.runners.model.FrameworkMethod.invokeExplosively(FrameworkMethod.java:41)
	at junitparams.internal.InvokeParameterisedMethod.evaluate(InvokeParameterisedMethod.java:102)
	at org.junit.internal.runners.statements.FailOnTimeout$1.run(FailOnTimeout.java:28)
Caused by: ptolemy.kernel.util.IllegalActionException: Found a zero delay loop containing .HierarchicalModel.A
  in .HierarchicalModel and .HierarchicalModel.A
	at ptolemy.actor.util.CausalityInterfaceForComposites._computeOutputPortDepth(CausalityInterfaceForComposites.java:759)
	at ptolemy.actor.util.CausalityInterfaceForComposites._computeInputDepth(CausalityInterfaceForComposites.java:696)
	at ptolemy.actor.util.CausalityInterfaceForComposites._computeOutputPortDepth(CausalityInterfaceForComposites.java:765)
	at ptolemy.actor.util.CausalityInterfaceForComposites._computeInputDepth(CausalityInterfaceForComposites.java:696)
	at ptolemy.actor.util.CausalityInterfaceForComposites._computeOutputPortDepth(CausalityInterfaceForComposites.java:765)
	at ptolemy.actor.util.CausalityInterfaceForComposites._computeInputDepth(CausalityInterfaceForComposites.java:696)
	at ptolemy.actor.util.CausalityInterfaceForComposites._computeActorDepth(CausalityInterfaceForComposites.java:532)
	at ptolemy.actor.util.CausalityInterfaceForComposites.checkForCycles(CausalityInterfaceForComposites.java:96)
	at ptolemy.domains.de.kernel.DEDirector.preinitialize(DEDirector.java:1338)
	at ptolemy.actor.CompositeActor.preinitialize(CompositeActor.java:1828)
	at ptolemy.actor.Manager.preinitializeAndResolveTypes(Manager.java:1040)
	at ptolemy.actor.Manager.initialize(Manager.java:710)
	at ptolemy.actor.Manager.execute(Manager.java:356)
	at ptolemy.actor.Manager.run(Manager.java:1263)
	at ptolemy.actor.Manager$PtolemyRunThread.run(Manager.java:1915)
java.lang.RuntimeException: Execution failed
	at ptolemy.moml.MoMLSimpleApplication$UnloadThread.run(MoMLSimpleApplication.java:402)
Caused by: ptolemy.kernel.util.IllegalActionException: Found a zero delay loop containing .dependencyLoop.original
  in .dependencyLoop and .dependencyLoop.original
	at ptolemy.actor.util.CausalityInterfaceForComposites._computeOutputPortDepth(CausalityInterfaceForComposites.java:759)
	at ptolemy.actor.util.CausalityInterfaceForComposites._computeInputDepth(CausalityInterfaceForComposites.java:696)
	at ptolemy.actor.util.CausalityInterfaceForComposites._computeOutputPortDepth(CausalityInterfaceForComposites.java:765)
	at ptolemy.actor.util.CausalityInterfaceForComposites._computeInputDepth(CausalityInterfaceForComposites.java:696)
	at ptolemy.actor.util.CausalityInterfaceForComposites._computeOutputPortDepth(CausalityInterfaceForComposites.java:765)
	at ptolemy.actor.util.CausalityInterfaceForComposites._computeInputDepth(CausalityInterfaceForComposites.java:696)
	at ptolemy.actor.util.CausalityInterfaceForComposites._computeActorDepth(CausalityInterfaceForComposites.java:532)
	at ptolemy.actor.util.CausalityInterfaceForComposites.checkForCycles(CausalityInterfaceForComposites.java:96)
	at ptolemy.domains.de.kernel.DEDirector.preinitialize(DEDirector.java:1338)
	at ptolemy.actor.CompositeActor.preinitialize(CompositeActor.java:1828)
	at ptolemy.actor.Manager.preinitializeAndResolveTypes(Manager.java:1040)
	at ptolemy.actor.Manager.initialize(Manager.java:710)
	at ptolemy.actor.Manager.execute(Manager.java:356)
	at ptolemy.actor.Manager.run(Manager.java:1263)
	at ptolemy.actor.Manager$PtolemyRunThread.run(Manager.java:1915)
java.lang.reflect.InvocationTargetException
	at sun.reflect.NativeConstructorAccessorImpl.newInstance0(Native Method)
	at sun.reflect.NativeConstructorAccessorImpl.newInstance(NativeConstructorAccessorImpl.java:62)
	at sun.reflect.DelegatingConstructorAccessorImpl.newInstance(DelegatingConstructorAccessorImpl.java:45)
	at java.lang.reflect.Constructor.newInstance(Constructor.java:423)
	at ptolemy.util.test.junit.AutoKnownFailedTests.RunModel(AutoKnownFailedTests.java:105)
	at sun.reflect.NativeMethodAccessorImpl.invoke0(Native Method)
	at sun.reflect.NativeMethodAccessorImpl.invoke(NativeMethodAccessorImpl.java:62)
	at sun.reflect.DelegatingMethodAccessorImpl.invoke(DelegatingMethodAccessorImpl.java:43)
	at java.lang.reflect.Method.invoke(Method.java:498)
	at org.junit.runners.model.FrameworkMethod$1.runReflectiveCall(FrameworkMethod.java:44)
	at org.junit.internal.runners.model.ReflectiveCallable.run(ReflectiveCallable.java:15)
	at org.junit.runners.model.FrameworkMethod.invokeExplosively(FrameworkMethod.java:41)
	at junitparams.internal.InvokeParameterisedMethod.evaluate(InvokeParameterisedMethod.java:102)
	at org.junit.internal.runners.statements.FailOnTimeout$1.run(FailOnTimeout.java:28)
Caused by: ptolemy.kernel.util.IllegalActionException: Found a zero delay loop containing .dependencyLoop.original
  in .dependencyLoop and .dependencyLoop.original
	at ptolemy.actor.util.CausalityInterfaceForComposites._computeOutputPortDepth(CausalityInterfaceForComposites.java:759)
	at ptolemy.actor.util.CausalityInterfaceForComposites._computeInputDepth(CausalityInterfaceForComposites.java:696)
	at ptolemy.actor.util.CausalityInterfaceForComposites._computeOutputPortDepth(CausalityInterfaceForComposites.java:765)
	at ptolemy.actor.util.CausalityInterfaceForComposites._computeInputDepth(CausalityInterfaceForComposites.java:696)
	at ptolemy.actor.util.CausalityInterfaceForComposites._computeOutputPortDepth(CausalityInterfaceForComposites.java:765)
	at ptolemy.actor.util.CausalityInterfaceForComposites._computeInputDepth(CausalityInterfaceForComposites.java:696)
	at ptolemy.actor.util.CausalityInterfaceForComposites._computeActorDepth(CausalityInterfaceForComposites.java:532)
	at ptolemy.actor.util.CausalityInterfaceForComposites.checkForCycles(CausalityInterfaceForComposites.java:96)
	at ptolemy.domains.de.kernel.DEDirector.preinitialize(DEDirector.java:1338)
	at ptolemy.actor.CompositeActor.preinitialize(CompositeActor.java:1828)
	at ptolemy.actor.Manager.preinitializeAndResolveTypes(Manager.java:1040)
	at ptolemy.actor.Manager.initialize(Manager.java:710)
	at ptolemy.actor.Manager.execute(Manager.java:356)
	at ptolemy.actor.Manager.run(Manager.java:1263)
	at ptolemy.actor.Manager$PtolemyRunThread.run(Manager.java:1915)
java.lang.RuntimeException: Execution failed
	at ptolemy.moml.MoMLSimpleApplication$UnloadThread.run(MoMLSimpleApplication.java:402)
Caused by: ptolemy.kernel.util.IllegalActionException: Found a zero delay loop containing .dependencyLoop2.original
  in .dependencyLoop2 and .dependencyLoop2.original
	at ptolemy.actor.util.CausalityInterfaceForComposites._computeOutputPortDepth(CausalityInterfaceForComposites.java:759)
	at ptolemy.actor.util.CausalityInterfaceForComposites._computeInputDepth(CausalityInterfaceForComposites.java:696)
	at ptolemy.actor.util.CausalityInterfaceForComposites._computeOutputPortDepth(CausalityInterfaceForComposites.java:765)
	at ptolemy.actor.util.CausalityInterfaceForComposites._computeInputDepth(CausalityInterfaceForComposites.java:696)
	at ptolemy.actor.util.CausalityInterfaceForComposites._computeOutputPortDepth(CausalityInterfaceForComposites.java:765)
	at ptolemy.actor.util.CausalityInterfaceForComposites._computeInputDepth(CausalityInterfaceForComposites.java:696)
	at ptolemy.actor.util.CausalityInterfaceForComposites._computeActorDepth(CausalityInterfaceForComposites.java:532)
	at ptolemy.actor.util.CausalityInterfaceForComposites.checkForCycles(CausalityInterfaceForComposites.java:96)
	at ptolemy.domains.de.kernel.DEDirector.preinitialize(DEDirector.java:1338)
	at ptolemy.actor.CompositeActor.preinitialize(CompositeActor.java:1828)
	at ptolemy.actor.Manager.preinitializeAndResolveTypes(Manager.java:1040)
	at ptolemy.actor.Manager.initialize(Manager.java:710)
	at ptolemy.actor.Manager.execute(Manager.java:356)
	at ptolemy.actor.Manager.run(Manager.java:1263)
	at ptolemy.actor.Manager$PtolemyRunThread.run(Manager.java:1915)
java.lang.reflect.InvocationTargetException
	at sun.reflect.NativeConstructorAccessorImpl.newInstance0(Native Method)
	at sun.reflect.NativeConstructorAccessorImpl.newInstance(NativeConstructorAccessorImpl.java:62)
	at sun.reflect.DelegatingConstructorAccessorImpl.newInstance(DelegatingConstructorAccessorImpl.java:45)
	at java.lang.reflect.Constructor.newInstance(Constructor.java:423)
	at ptolemy.util.test.junit.AutoKnownFailedTests.RunModel(AutoKnownFailedTests.java:105)
	at sun.reflect.NativeMethodAccessorImpl.invoke0(Native Method)
	at sun.reflect.NativeMethodAccessorImpl.invoke(NativeMethodAccessorImpl.java:62)
	at sun.reflect.DelegatingMethodAccessorImpl.invoke(DelegatingMethodAccessorImpl.java:43)
	at java.lang.reflect.Method.invoke(Method.java:498)
	at org.junit.runners.model.FrameworkMethod$1.runReflectiveCall(FrameworkMethod.java:44)
	at org.junit.internal.runners.model.ReflectiveCallable.run(ReflectiveCallable.java:15)
	at org.junit.runners.model.FrameworkMethod.invokeExplosively(FrameworkMethod.java:41)
	at junitparams.internal.InvokeParameterisedMethod.evaluate(InvokeParameterisedMethod.java:102)
	at org.junit.internal.runners.statements.FailOnTimeout$1.run(FailOnTimeout.java:28)
Caused by: ptolemy.kernel.util.IllegalActionException: Found a zero delay loop containing .dependencyLoop2.original
  in .dependencyLoop2 and .dependencyLoop2.original
	at ptolemy.actor.util.CausalityInterfaceForComposites._computeOutputPortDepth(CausalityInterfaceForComposites.java:759)
	at ptolemy.actor.util.CausalityInterfaceForComposites._computeInputDepth(CausalityInterfaceForComposites.java:696)
	at ptolemy.actor.util.CausalityInterfaceForComposites._computeOutputPortDepth(CausalityInterfaceForComposites.java:765)
	at ptolemy.actor.util.CausalityInterfaceForComposites._computeInputDepth(CausalityInterfaceForComposites.java:696)
	at ptolemy.actor.util.CausalityInterfaceForComposites._computeOutputPortDepth(CausalityInterfaceForComposites.java:765)
	at ptolemy.actor.util.CausalityInterfaceForComposites._computeInputDepth(CausalityInterfaceForComposites.java:696)
	at ptolemy.actor.util.CausalityInterfaceForComposites._computeActorDepth(CausalityInterfaceForComposites.java:532)
	at ptolemy.actor.util.CausalityInterfaceForComposites.checkForCycles(CausalityInterfaceForComposites.java:96)
	at ptolemy.domains.de.kernel.DEDirector.preinitialize(DEDirector.java:1338)
	at ptolemy.actor.CompositeActor.preinitialize(CompositeActor.java:1828)
	at ptolemy.actor.Manager.preinitializeAndResolveTypes(Manager.java:1040)
	at ptolemy.actor.Manager.initialize(Manager.java:710)
	at ptolemy.actor.Manager.execute(Manager.java:356)
	at ptolemy.actor.Manager.run(Manager.java:1263)
	at ptolemy.actor.Manager$PtolemyRunThread.run(Manager.java:1915)
]]></system-err>
</testsuite>
