<?xml version="1.0" encoding="UTF-8" ?>
<testsuite errors="0" failures="0" hostname="travis-job-12d6a09b-739c-4e48-880e-9f0018de1e46" name="ptolemy.domains.continuous.test.junit.JUnitTclTest" skipped="0" tests="156" time="78.278" timestamp="2018-12-01T02:52:54">
  <properties>
[...]
</properties>
  <testcase classname="ptolemy.util.test.junit.TclTests" name="[0] ThereAreNoTclTests (RunTclFile)" time="0.001" />
  <testcase classname="ptolemy.util.test.junit.AutoKnownFailedTests" name="[0] ThereAreNoKnowFailedTests (RunModel)" time="0.002" />
  <testcase classname="ptolemy.util.test.junit.AutoNameArchTests" name="[0] ThereAreNoAutoArchTests (RunModel)" time="0.01" />
  <testcase classname="ptolemy.util.test.junit.AutoTests" name="[0] /home/travis/build/icyphy/ptII/ptolemy/domains/continuous/test/auto/BouncingBall.xml (RunModel)" time="3.15" />
  <testcase classname="ptolemy.util.test.junit.AutoTests" name="[1] /home/travis/build/icyphy/ptII/ptolemy/domains/continuous/test/auto/BouncingBallWithoutGR.xml (RunModel)" time="0.806" />
  <testcase classname="ptolemy.util.test.junit.AutoTests" name="[2] /home/travis/build/icyphy/ptII/ptolemy/domains/continuous/test/auto/Brownian.xml (RunModel)" time="0.12" />
  <testcase classname="ptolemy.util.test.junit.AutoTests" name="[3] /home/travis/build/icyphy/ptII/ptolemy/domains/continuous/test/auto/CarTracking.xml (RunModel)" time="3.852" />
  <testcase classname="ptolemy.util.test.junit.AutoTests" name="[4] /home/travis/build/icyphy/ptII/ptolemy/domains/continuous/test/auto/CartPendulum.xml (RunModel)" time="0.508" />
  <testcase classname="ptolemy.util.test.junit.AutoTests" name="[5] /home/travis/build/icyphy/ptII/ptolemy/domains/continuous/test/auto/CausalityInterface10.xml (RunModel)" time="0.033" />
  <testcase classname="ptolemy.util.test.junit.AutoTests" name="[6] /home/travis/build/icyphy/ptII/ptolemy/domains/continuous/test/auto/CausalityInterface11.xml (RunModel)" time="0.024" />
  <testcase classname="ptolemy.util.test.junit.AutoTests" name="[7] /home/travis/build/icyphy/ptII/ptolemy/domains/continuous/test/auto/CausalityInterface12.xml (RunModel)" time="0.023" />
  <testcase classname="ptolemy.util.test.junit.AutoTests" name="[8] /home/travis/build/icyphy/ptII/ptolemy/domains/continuous/test/auto/CausalityInterface13.xml (RunModel)" time="0.025" />
  <testcase classname="ptolemy.util.test.junit.AutoTests" name="[9] /home/travis/build/icyphy/ptII/ptolemy/domains/continuous/test/auto/CausalityInterface14.xml (RunModel)" time="0.025" />
  <testcase classname="ptolemy.util.test.junit.AutoTests" name="[10] /home/travis/build/icyphy/ptII/ptolemy/domains/continuous/test/auto/CausalityInterface4.xml (RunModel)" time="0.029" />
  <testcase classname="ptolemy.util.test.junit.AutoTests" name="[11] /home/travis/build/icyphy/ptII/ptolemy/domains/continuous/test/auto/CausalityInterface5.xml (RunModel)" time="0.038" />
  <testcase classname="ptolemy.util.test.junit.AutoTests" name="[12] /home/travis/build/icyphy/ptII/ptolemy/domains/continuous/test/auto/CausalityInterface6.xml (RunModel)" time="0.021" />
  <testcase classname="ptolemy.util.test.junit.AutoTests" name="[13] /home/travis/build/icyphy/ptII/ptolemy/domains/continuous/test/auto/CausalityInterface7.xml (RunModel)" time="0.034" />
  <testcase classname="ptolemy.util.test.junit.AutoTests" name="[14] /home/travis/build/icyphy/ptII/ptolemy/domains/continuous/test/auto/CausalityInterface8.xml (RunModel)" time="0.033" />
  <testcase classname="ptolemy.util.test.junit.AutoTests" name="[15] /home/travis/build/icyphy/ptII/ptolemy/domains/continuous/test/auto/CausalityInterface9.xml (RunModel)" time="0.064" />
  <testcase classname="ptolemy.util.test.junit.AutoTests" name="[16] /home/travis/build/icyphy/ptII/ptolemy/domains/continuous/test/auto/CausalityInterfaceFeedback1.xml (RunModel)" time="0.025" />
  <testcase classname="ptolemy.util.test.junit.AutoTests" name="[17] /home/travis/build/icyphy/ptII/ptolemy/domains/continuous/test/auto/CausalityInterfaceFeedback2.xml (RunModel)" time="0.031" />
  <testcase classname="ptolemy.util.test.junit.AutoTests" name="[18] /home/travis/build/icyphy/ptII/ptolemy/domains/continuous/test/auto/CompareWithCurrentTime.xml (RunModel)" time="0.025" />
  <testcase classname="ptolemy.util.test.junit.AutoTests" name="[19] /home/travis/build/icyphy/ptII/ptolemy/domains/continuous/test/auto/ComparedClocks.xml (RunModel)" time="0.072" />
  <testcase classname="ptolemy.util.test.junit.AutoTests" name="[20] /home/travis/build/icyphy/ptII/ptolemy/domains/continuous/test/auto/ContinuousAOCClone.xml (RunModel)" time="2.738" />
  <testcase classname="ptolemy.util.test.junit.AutoTests" name="[21] /home/travis/build/icyphy/ptII/ptolemy/domains/continuous/test/auto/ContinuousClock.xml (RunModel)" time="0.093" />
  <testcase classname="ptolemy.util.test.junit.AutoTests" name="[22] /home/travis/build/icyphy/ptII/ptolemy/domains/continuous/test/auto/ContinuousInContinuous.xml (RunModel)" time="0.092" />
  <testcase classname="ptolemy.util.test.junit.AutoTests" name="[23] /home/travis/build/icyphy/ptII/ptolemy/domains/continuous/test/auto/ContinuousInContinuousInContinuous.xml (RunModel)" time="0.022" />
  <testcase classname="ptolemy.util.test.junit.AutoTests" name="[24] /home/travis/build/icyphy/ptII/ptolemy/domains/continuous/test/auto/ContinuousInDE.xml (RunModel)" time="0.137" />
  <testcase classname="ptolemy.util.test.junit.AutoTests" name="[25] /home/travis/build/icyphy/ptII/ptolemy/domains/continuous/test/auto/ContinuousInDE2.xml (RunModel)" time="0.055" />
  <testcase classname="ptolemy.util.test.junit.AutoTests" name="[26] /home/travis/build/icyphy/ptII/ptolemy/domains/continuous/test/auto/ContinuousInDE3.xml (RunModel)" time="0.051" />
  <testcase classname="ptolemy.util.test.junit.AutoTests" name="[27] /home/travis/build/icyphy/ptII/ptolemy/domains/continuous/test/auto/ContinuousInDE4.xml (RunModel)" time="0.027" />
  <testcase classname="ptolemy.util.test.junit.AutoTests" name="[28] /home/travis/build/icyphy/ptII/ptolemy/domains/continuous/test/auto/ContinuousInDEDifferentRefinements.xml (RunModel)" time="0.129" />
  <testcase classname="ptolemy.util.test.junit.AutoTests" name="[29] /home/travis/build/icyphy/ptII/ptolemy/domains/continuous/test/auto/ContinuousInDEDifferentRefinementsPreemptive.xml (RunModel)" time="0.096" />
  <testcase classname="ptolemy.util.test.junit.AutoTests" name="[30] /home/travis/build/icyphy/ptII/ptolemy/domains/continuous/test/auto/ContinuousInDEInContinuous2.xml (RunModel)" time="0.052" />
  <testcase classname="ptolemy.util.test.junit.AutoTests" name="[31] /home/travis/build/icyphy/ptII/ptolemy/domains/continuous/test/auto/ContinuousInDEInContinuous3.xml (RunModel)" time="0.053" />
  <testcase classname="ptolemy.util.test.junit.AutoTests" name="[32] /home/travis/build/icyphy/ptII/ptolemy/domains/continuous/test/auto/ContinuousInDEInput.xml (RunModel)" time="0.028" />
  <testcase classname="ptolemy.util.test.junit.AutoTests" name="[33] /home/travis/build/icyphy/ptII/ptolemy/domains/continuous/test/auto/ContinuousInDEInput2.xml (RunModel)" time="0.035" />
  <testcase classname="ptolemy.util.test.junit.AutoTests" name="[34] /home/travis/build/icyphy/ptII/ptolemy/domains/continuous/test/auto/ContinuousInDEInput3.xml (RunModel)" time="0.027" />
  <testcase classname="ptolemy.util.test.junit.AutoTests" name="[35] /home/travis/build/icyphy/ptII/ptolemy/domains/continuous/test/auto/ContinuousInDESharingRefinement.xml (RunModel)" time="0.177" />
  <testcase classname="ptolemy.util.test.junit.AutoTests" name="[36] /home/travis/build/icyphy/ptII/ptolemy/domains/continuous/test/auto/ContinuousInDEwithNoPorts.xml (RunModel)" time="0.019" />
  <testcase classname="ptolemy.util.test.junit.AutoTests" name="[37] /home/travis/build/icyphy/ptII/ptolemy/domains/continuous/test/auto/ContinuousInsideDE.xml (RunModel)" time="0.08" />
  <testcase classname="ptolemy.util.test.junit.AutoTests" name="[38] /home/travis/build/icyphy/ptII/ptolemy/domains/continuous/test/auto/ContinuousMerge1.xml (RunModel)" time="0.024" />
  <testcase classname="ptolemy.util.test.junit.AutoTests" name="[39] /home/travis/build/icyphy/ptII/ptolemy/domains/continuous/test/auto/ContinuousMerge2.xml (RunModel)" time="0.057" />
  <testcase classname="ptolemy.util.test.junit.AutoTests" name="[40] /home/travis/build/icyphy/ptII/ptolemy/domains/continuous/test/auto/ContinuousMerge3.xml (RunModel)" time="0.071" />
  <testcase classname="ptolemy.util.test.junit.AutoTests" name="[41] /home/travis/build/icyphy/ptII/ptolemy/domains/continuous/test/auto/ContinuousWithinContinuous.xml (RunModel)" time="0.061" />
  <testcase classname="ptolemy.util.test.junit.AutoTests" name="[42] /home/travis/build/icyphy/ptII/ptolemy/domains/continuous/test/auto/ContinuousWithinContinuous2.xml (RunModel)" time="0.08" />
  <testcase classname="ptolemy.util.test.junit.AutoTests" name="[43] /home/travis/build/icyphy/ptII/ptolemy/domains/continuous/test/auto/ContinuousWithinContinuous3.xml (RunModel)" time="0.035" />
  <testcase classname="ptolemy.util.test.junit.AutoTests" name="[44] /home/travis/build/icyphy/ptII/ptolemy/domains/continuous/test/auto/ContinuousWithinContinuous4.xml (RunModel)" time="0.08" />
  <testcase classname="ptolemy.util.test.junit.AutoTests" name="[45] /home/travis/build/icyphy/ptII/ptolemy/domains/continuous/test/auto/ContinuousWithinContinuous5.xml (RunModel)" time="0.03" />
  <testcase classname="ptolemy.util.test.junit.AutoTests" name="[46] /home/travis/build/icyphy/ptII/ptolemy/domains/continuous/test/auto/ContinuousWithinContinuous6.xml (RunModel)" time="0.027" />
  <testcase classname="ptolemy.util.test.junit.AutoTests" name="[47] /home/travis/build/icyphy/ptII/ptolemy/domains/continuous/test/auto/ContinuousWithinContinuous7.xml (RunModel)" time="0.069" />
  <testcase classname="ptolemy.util.test.junit.AutoTests" name="[48] /home/travis/build/icyphy/ptII/ptolemy/domains/continuous/test/auto/DCMotor.xml (RunModel)" time="15.264" />
  <testcase classname="ptolemy.util.test.junit.AutoTests" name="[49] /home/travis/build/icyphy/ptII/ptolemy/domains/continuous/test/auto/DEInContinuous.xml (RunModel)" time="0.023" />
  <testcase classname="ptolemy.util.test.junit.AutoTests" name="[50] /home/travis/build/icyphy/ptII/ptolemy/domains/continuous/test/auto/DEinContinuous2.xml (RunModel)" time="0.025" />
  <testcase classname="ptolemy.util.test.junit.AutoTests" name="[51] /home/travis/build/icyphy/ptII/ptolemy/domains/continuous/test/auto/Derivative.xml (RunModel)" time="0.194" />
  <testcase classname="ptolemy.util.test.junit.AutoTests" name="[52] /home/travis/build/icyphy/ptII/ptolemy/domains/continuous/test/auto/Derivative1.xml (RunModel)" time="0.039" />
  <testcase classname="ptolemy.util.test.junit.AutoTests" name="[53] /home/travis/build/icyphy/ptII/ptolemy/domains/continuous/test/auto/DiscreteClock.xml (RunModel)" time="0.015" />
  <testcase classname="ptolemy.util.test.junit.AutoTests" name="[54] /home/travis/build/icyphy/ptII/ptolemy/domains/continuous/test/auto/EfficiencyCurve.xml (RunModel)" time="0.079" />
  <testcase classname="ptolemy.util.test.junit.AutoTests" name="[55] /home/travis/build/icyphy/ptII/ptolemy/domains/continuous/test/auto/ExponentialResponse.xml (RunModel)" time="0.119" />
  <testcase classname="ptolemy.util.test.junit.AutoTests" name="[56] /home/travis/build/icyphy/ptII/ptolemy/domains/continuous/test/auto/ExponentialResponseRK45.xml (RunModel)" time="0.033" />
  <testcase classname="ptolemy.util.test.junit.AutoTests" name="[57] /home/travis/build/icyphy/ptII/ptolemy/domains/continuous/test/auto/Friction.xml (RunModel)" time="1.382" />
  <testcase classname="ptolemy.util.test.junit.AutoTests" name="[58] /home/travis/build/icyphy/ptII/ptolemy/domains/continuous/test/auto/FurutaPendulum.xml (RunModel)" time="3.608" />
  <testcase classname="ptolemy.util.test.junit.AutoTests" name="[59] /home/travis/build/icyphy/ptII/ptolemy/domains/continuous/test/auto/HierarchicalExecution.xml (RunModel)" time="2.464" />
  <testcase classname="ptolemy.util.test.junit.AutoTests" name="[60] /home/travis/build/icyphy/ptII/ptolemy/domains/continuous/test/auto/HybridPlant.xml (RunModel)" time="0.566" />
  <testcase classname="ptolemy.util.test.junit.AutoTests" name="[61] /home/travis/build/icyphy/ptII/ptolemy/domains/continuous/test/auto/Hysteresis.xml (RunModel)" time="0.203" />
  <testcase classname="ptolemy.util.test.junit.AutoTests" name="[62] /home/travis/build/icyphy/ptII/ptolemy/domains/continuous/test/auto/HysteresisWithRandomDelay.xml (RunModel)" time="0.218" />
  <testcase classname="ptolemy.util.test.junit.AutoTests" name="[63] /home/travis/build/icyphy/ptII/ptolemy/domains/continuous/test/auto/HysteresisWithRandomLosses.xml (RunModel)" time="2.493" />
  <testcase classname="ptolemy.util.test.junit.AutoTests" name="[64] /home/travis/build/icyphy/ptII/ptolemy/domains/continuous/test/auto/ImmediateTransitions.xml (RunModel)" time="0.037" />
  <testcase classname="ptolemy.util.test.junit.AutoTests" name="[65] /home/travis/build/icyphy/ptII/ptolemy/domains/continuous/test/auto/ImpulseFeedback.xml (RunModel)" time="0.019" />
  <testcase classname="ptolemy.util.test.junit.AutoTests" name="[66] /home/travis/build/icyphy/ptII/ptolemy/domains/continuous/test/auto/ImpulseFeedback2.xml (RunModel)" time="0.017" />
  <testcase classname="ptolemy.util.test.junit.AutoTests" name="[67] /home/travis/build/icyphy/ptII/ptolemy/domains/continuous/test/auto/IncreasingRatePoisson.xml (RunModel)" time="0.749" />
  <testcase classname="ptolemy.util.test.junit.AutoTests" name="[68] /home/travis/build/icyphy/ptII/ptolemy/domains/continuous/test/auto/InitialStateFeedback.xml (RunModel)" time="0.011" />
  <testcase classname="ptolemy.util.test.junit.AutoTests" name="[69] /home/travis/build/icyphy/ptII/ptolemy/domains/continuous/test/auto/Integration.xml (RunModel)" time="0.009" />
  <testcase classname="ptolemy.util.test.junit.AutoTests" name="[70] /home/travis/build/icyphy/ptII/ptolemy/domains/continuous/test/auto/Integration2.xml (RunModel)" time="0.097" />
  <testcase classname="ptolemy.util.test.junit.AutoTests" name="[71] /home/travis/build/icyphy/ptII/ptolemy/domains/continuous/test/auto/Integration3.xml (RunModel)" time="0.022" />
  <testcase classname="ptolemy.util.test.junit.AutoTests" name="[72] /home/travis/build/icyphy/ptII/ptolemy/domains/continuous/test/auto/Integration5.xml (RunModel)" time="0.013" />
  <testcase classname="ptolemy.util.test.junit.AutoTests" name="[73] /home/travis/build/icyphy/ptII/ptolemy/domains/continuous/test/auto/IntegratorImpulse.xml (RunModel)" time="0.009" />
  <testcase classname="ptolemy.util.test.junit.AutoTests" name="[74] /home/travis/build/icyphy/ptII/ptolemy/domains/continuous/test/auto/IntegratorImpulse2.xml (RunModel)" time="0.01" />
  <testcase classname="ptolemy.util.test.junit.AutoTests" name="[75] /home/travis/build/icyphy/ptII/ptolemy/domains/continuous/test/auto/LevelCrossing1.xml (RunModel)" time="0.011" />
  <testcase classname="ptolemy.util.test.junit.AutoTests" name="[76] /home/travis/build/icyphy/ptII/ptolemy/domains/continuous/test/auto/LevelCrossing2.xml (RunModel)" time="0.014" />
  <testcase classname="ptolemy.util.test.junit.AutoTests" name="[77] /home/travis/build/icyphy/ptII/ptolemy/domains/continuous/test/auto/LevelCrossing3.xml (RunModel)" time="0.013" />
  <testcase classname="ptolemy.util.test.junit.AutoTests" name="[78] /home/travis/build/icyphy/ptII/ptolemy/domains/continuous/test/auto/LevelCrossing4.xml (RunModel)" time="0.013" />
  <testcase classname="ptolemy.util.test.junit.AutoTests" name="[79] /home/travis/build/icyphy/ptII/ptolemy/domains/continuous/test/auto/LevelCrossing5.xml (RunModel)" time="0.012" />
  <testcase classname="ptolemy.util.test.junit.AutoTests" name="[80] /home/travis/build/icyphy/ptII/ptolemy/domains/continuous/test/auto/LevelCrossing6.xml (RunModel)" time="0.013" />
  <testcase classname="ptolemy.util.test.junit.AutoTests" name="[81] /home/travis/build/icyphy/ptII/ptolemy/domains/continuous/test/auto/LevelCrossingDetector.xml (RunModel)" time="0.042" />
  <testcase classname="ptolemy.util.test.junit.AutoTests" name="[82] /home/travis/build/icyphy/ptII/ptolemy/domains/continuous/test/auto/LevelCrossingDetectorDetectingDirections.xml (RunModel)" time="0.086" />
  <testcase classname="ptolemy.util.test.junit.AutoTests" name="[83] /home/travis/build/icyphy/ptII/ptolemy/domains/continuous/test/auto/LevelCrossingDetectorDetectsGlitches.xml (RunModel)" time="0.057" />
  <testcase classname="ptolemy.util.test.junit.AutoTests" name="[84] /home/travis/build/icyphy/ptII/ptolemy/domains/continuous/test/auto/LevelCrossingNoInitialOuput.xml (RunModel)" time="0.013" />
  <testcase classname="ptolemy.util.test.junit.AutoTests" name="[85] /home/travis/build/icyphy/ptII/ptolemy/domains/continuous/test/auto/LinearStateSpaceExample.xml (RunModel)" time="0.062" />
  <testcase classname="ptolemy.util.test.junit.AutoTests" name="[86] /home/travis/build/icyphy/ptII/ptolemy/domains/continuous/test/auto/Lorenz.xml (RunModel)" time="4.804" />
  <testcase classname="ptolemy.util.test.junit.AutoTests" name="[87] /home/travis/build/icyphy/ptII/ptolemy/domains/continuous/test/auto/LorenzDifferentialSystem.xml (RunModel)" time="1.227" />
  <testcase classname="ptolemy.util.test.junit.AutoTests" name="[88] /home/travis/build/icyphy/ptII/ptolemy/domains/continuous/test/auto/LorenzDifferentialSystemWithInput.xml (RunModel)" time="1.722" />
  <testcase classname="ptolemy.util.test.junit.AutoTests" name="[89] /home/travis/build/icyphy/ptII/ptolemy/domains/continuous/test/auto/LorenzDifferentialSystemWithTime.xml (RunModel)" time="0.795" />
  <testcase classname="ptolemy.util.test.junit.AutoTests" name="[90] /home/travis/build/icyphy/ptII/ptolemy/domains/continuous/test/auto/Microsteps.xml (RunModel)" time="0.035" />
  <testcase classname="ptolemy.util.test.junit.AutoTests" name="[91] /home/travis/build/icyphy/ptII/ptolemy/domains/continuous/test/auto/Modal1.xml (RunModel)" time="0.042" />
  <testcase classname="ptolemy.util.test.junit.AutoTests" name="[92] /home/travis/build/icyphy/ptII/ptolemy/domains/continuous/test/auto/Modal2.xml (RunModel)" time="0.052" />
  <testcase classname="ptolemy.util.test.junit.AutoTests" name="[93] /home/travis/build/icyphy/ptII/ptolemy/domains/continuous/test/auto/ModalTransitionGuardWithReset.xml (RunModel)" time="0.024" />
  <testcase classname="ptolemy.util.test.junit.AutoTests" name="[94] /home/travis/build/icyphy/ptII/ptolemy/domains/continuous/test/auto/ModalTransitionGuardWithResetUsingPreemptiveTransition.xml (RunModel)" time="0.034" />
  <testcase classname="ptolemy.util.test.junit.AutoTests" name="[95] /home/travis/build/icyphy/ptII/ptolemy/domains/continuous/test/auto/ModalTransitionGuardWithResetUsingPreemptiveTransition2.xml (RunModel)" time="0.023" />
  <testcase classname="ptolemy.util.test.junit.AutoTests" name="[96] /home/travis/build/icyphy/ptII/ptolemy/domains/continuous/test/auto/ModalTransitionGuardWithResetUsingPreemptiveTransition3.xml (RunModel)" time="0.029" />
  <testcase classname="ptolemy.util.test.junit.AutoTests" name="[97] /home/travis/build/icyphy/ptII/ptolemy/domains/continuous/test/auto/NewtonsCradle.xml (RunModel)" time="0.819" />
  <testcase classname="ptolemy.util.test.junit.AutoTests" name="[98] /home/travis/build/icyphy/ptII/ptolemy/domains/continuous/test/auto/NewtonsCradleAnimated.xml (RunModel)" time="1.344" />
  <testcase classname="ptolemy.util.test.junit.AutoTests" name="[99] /home/travis/build/icyphy/ptII/ptolemy/domains/continuous/test/auto/NewtonsCradleComplicated.xml (RunModel)" time="0.906" />
  <testcase classname="ptolemy.util.test.junit.AutoTests" name="[100] /home/travis/build/icyphy/ptII/ptolemy/domains/continuous/test/auto/NewtonsCradleNondeterministic.xml (RunModel)" time="0.754" />
  <testcase classname="ptolemy.util.test.junit.AutoTests" name="[101] /home/travis/build/icyphy/ptII/ptolemy/domains/continuous/test/auto/NewtonsCradlePerfectlyInelastic1.xml (RunModel)" time="1.246" />
  <testcase classname="ptolemy.util.test.junit.AutoTests" name="[102] /home/travis/build/icyphy/ptII/ptolemy/domains/continuous/test/auto/Noise.xml (RunModel)" time="0.207" />
  <testcase classname="ptolemy.util.test.junit.AutoTests" name="[103] /home/travis/build/icyphy/ptII/ptolemy/domains/continuous/test/auto/NoiseSpectrum.xml (RunModel)" time="0.781" />
  <testcase classname="ptolemy.util.test.junit.AutoTests" name="[104] /home/travis/build/icyphy/ptII/ptolemy/domains/continuous/test/auto/ParameterizedNewtonsCradleAnimated.xml (RunModel)" time="0.361" />
  <testcase classname="ptolemy.util.test.junit.AutoTests" name="[105] /home/travis/build/icyphy/ptII/ptolemy/domains/continuous/test/auto/ParameterizedNewtonsCradleAnimatedNondeterministic.xml (RunModel)" time="1.135" />
  <testcase classname="ptolemy.util.test.junit.AutoTests" name="[106] /home/travis/build/icyphy/ptII/ptolemy/domains/continuous/test/auto/Pendulum3D.xml (RunModel)" time="0.181" />
  <testcase classname="ptolemy.util.test.junit.AutoTests" name="[107] /home/travis/build/icyphy/ptII/ptolemy/domains/continuous/test/auto/PeriodicSampler.xml (RunModel)" time="0.009" />
  <testcase classname="ptolemy.util.test.junit.AutoTests" name="[108] /home/travis/build/icyphy/ptII/ptolemy/domains/continuous/test/auto/PeriodicSampler1.xml (RunModel)" time="0.04" />
  <testcase classname="ptolemy.util.test.junit.AutoTests" name="[109] /home/travis/build/icyphy/ptII/ptolemy/domains/continuous/test/auto/PeriodicSampler2.xml (RunModel)" time="0.072" />
  <testcase classname="ptolemy.util.test.junit.AutoTests" name="[110] /home/travis/build/icyphy/ptII/ptolemy/domains/continuous/test/auto/Poisson.xml (RunModel)" time="0.474" />
  <testcase classname="ptolemy.util.test.junit.AutoTests" name="[111] /home/travis/build/icyphy/ptII/ptolemy/domains/continuous/test/auto/PoissonClock.xml (RunModel)" time="0.011" />
  <testcase classname="ptolemy.util.test.junit.AutoTests" name="[112] /home/travis/build/icyphy/ptII/ptolemy/domains/continuous/test/auto/PoissonClock2.xml (RunModel)" time="0.012" />
  <testcase classname="ptolemy.util.test.junit.AutoTests" name="[113] /home/travis/build/icyphy/ptII/ptolemy/domains/continuous/test/auto/PortParameterHierarchy.xml (RunModel)" time="0.015" />
  <testcase classname="ptolemy.util.test.junit.AutoTests" name="[114] /home/travis/build/icyphy/ptII/ptolemy/domains/continuous/test/auto/RandomHybridPlant.xml (RunModel)" time="0.526" />
  <testcase classname="ptolemy.util.test.junit.AutoTests" name="[115] /home/travis/build/icyphy/ptII/ptolemy/domains/continuous/test/auto/ResetTransitionWithStartTime1.xml (RunModel)" time="0.034" />
  <testcase classname="ptolemy.util.test.junit.AutoTests" name="[116] /home/travis/build/icyphy/ptII/ptolemy/domains/continuous/test/auto/ResetTransitionWithStartTime2.xml (RunModel)" time="0.041" />
  <testcase classname="ptolemy.util.test.junit.AutoTests" name="[117] /home/travis/build/icyphy/ptII/ptolemy/domains/continuous/test/auto/ResetTransitionWithStartTime3.xml (RunModel)" time="0.058" />
  <testcase classname="ptolemy.util.test.junit.AutoTests" name="[118] /home/travis/build/icyphy/ptII/ptolemy/domains/continuous/test/auto/ResetTransitionWithStartTime4.xml (RunModel)" time="0.025" />
  <testcase classname="ptolemy.util.test.junit.AutoTests" name="[119] /home/travis/build/icyphy/ptII/ptolemy/domains/continuous/test/auto/ResetTransitionWithStartTime5.xml (RunModel)" time="0.034" />
  <testcase classname="ptolemy.util.test.junit.AutoTests" name="[120] /home/travis/build/icyphy/ptII/ptolemy/domains/continuous/test/auto/ResetTransitionWithStartTime6.xml (RunModel)" time="0.03" />
  <testcase classname="ptolemy.util.test.junit.AutoTests" name="[121] /home/travis/build/icyphy/ptII/ptolemy/domains/continuous/test/auto/SRinContinuous.xml (RunModel)" time="0.025" />
  <testcase classname="ptolemy.util.test.junit.AutoTests" name="[122] /home/travis/build/icyphy/ptII/ptolemy/domains/continuous/test/auto/SampledClocks.xml (RunModel)" time="0.029" />
  <testcase classname="ptolemy.util.test.junit.AutoTests" name="[123] /home/travis/build/icyphy/ptII/ptolemy/domains/continuous/test/auto/Satellite.xml (RunModel)" time="0.928" />
  <testcase classname="ptolemy.util.test.junit.AutoTests" name="[124] /home/travis/build/icyphy/ptII/ptolemy/domains/continuous/test/auto/SigmaDelta.xml (RunModel)" time="2.455" />
  <testcase classname="ptolemy.util.test.junit.AutoTests" name="[125] /home/travis/build/icyphy/ptII/ptolemy/domains/continuous/test/auto/SingleRefinement.xml (RunModel)" time="0.465" />
  <testcase classname="ptolemy.util.test.junit.AutoTests" name="[126] /home/travis/build/icyphy/ptII/ptolemy/domains/continuous/test/auto/SinuBouncingBall.xml (RunModel)" time="1.008" />
  <testcase classname="ptolemy.util.test.junit.AutoTests" name="[127] /home/travis/build/icyphy/ptII/ptolemy/domains/continuous/test/auto/Sinusoid.xml (RunModel)" time="0.02" />
  <testcase classname="ptolemy.util.test.junit.AutoTests" name="[128] /home/travis/build/icyphy/ptII/ptolemy/domains/continuous/test/auto/SinusoidInNoise.xml (RunModel)" time="1.01" />
  <testcase classname="ptolemy.util.test.junit.AutoTests" name="[129] /home/travis/build/icyphy/ptII/ptolemy/domains/continuous/test/auto/SinusoidRK45.xml (RunModel)" time="0.01" />
  <testcase classname="ptolemy.util.test.junit.AutoTests" name="[130] /home/travis/build/icyphy/ptII/ptolemy/domains/continuous/test/auto/SinusoidWithMultipleImpulses.xml (RunModel)" time="0.012" />
  <testcase classname="ptolemy.util.test.junit.AutoTests" name="[131] /home/travis/build/icyphy/ptII/ptolemy/domains/continuous/test/auto/SquareWave.xml (RunModel)" time="0.199" />
  <testcase classname="ptolemy.util.test.junit.AutoTests" name="[132] /home/travis/build/icyphy/ptII/ptolemy/domains/continuous/test/auto/Starmac.xml (RunModel)" time="3.392" />
  <testcase classname="ptolemy.util.test.junit.AutoTests" name="[133] /home/travis/build/icyphy/ptII/ptolemy/domains/continuous/test/auto/StaticUnits.xml (RunModel)" time="2.938" />
  <testcase classname="ptolemy.util.test.junit.AutoTests" name="[134] /home/travis/build/icyphy/ptII/ptolemy/domains/continuous/test/auto/StickyMasses.xml (RunModel)" time="0.331" />
  <testcase classname="ptolemy.util.test.junit.AutoTests" name="[135] /home/travis/build/icyphy/ptII/ptolemy/domains/continuous/test/auto/StopTime.xml (RunModel)" time="0.117" />
  <testcase classname="ptolemy.util.test.junit.AutoTests" name="[136] /home/travis/build/icyphy/ptII/ptolemy/domains/continuous/test/auto/StopTime2.xml (RunModel)" time="0.063" />
  <testcase classname="ptolemy.util.test.junit.AutoTests" name="[137] /home/travis/build/icyphy/ptII/ptolemy/domains/continuous/test/auto/Switch.xml (RunModel)" time="0.063" />
  <testcase classname="ptolemy.util.test.junit.AutoTests" name="[138] /home/travis/build/icyphy/ptII/ptolemy/domains/continuous/test/auto/Thermostat.xml (RunModel)" time="0.211" />
  <testcase classname="ptolemy.util.test.junit.AutoTests" name="[139] /home/travis/build/icyphy/ptII/ptolemy/domains/continuous/test/auto/TimeDelay.xml (RunModel)" time="0.013" />
  <testcase classname="ptolemy.util.test.junit.AutoTests" name="[140] /home/travis/build/icyphy/ptII/ptolemy/domains/continuous/test/auto/TimeDelay2.xml (RunModel)" time="0.026" />
  <testcase classname="ptolemy.util.test.junit.AutoTests" name="[141] /home/travis/build/icyphy/ptII/ptolemy/domains/continuous/test/auto/TimeDelay3.xml (RunModel)" time="0.01" />
  <testcase classname="ptolemy.util.test.junit.AutoTests" name="[142] /home/travis/build/icyphy/ptII/ptolemy/domains/continuous/test/auto/TransferAbsentToInside.xml (RunModel)" time="0.095" />
  <testcase classname="ptolemy.util.test.junit.AutoTests" name="[143] /home/travis/build/icyphy/ptII/ptolemy/domains/continuous/test/auto/Transmission.xml (RunModel)" time="0.772" />
  <testcase classname="ptolemy.util.test.junit.AutoTests" name="[144] /home/travis/build/icyphy/ptII/ptolemy/domains/continuous/test/auto/TriggeredContinuousClock.xml (RunModel)" time="0.06" />
  <testcase classname="ptolemy.util.test.junit.AutoTests" name="[145] /home/travis/build/icyphy/ptII/ptolemy/domains/continuous/test/auto/TwoMachineInfiniteBusControl.xml (RunModel)" time="2.742" />
  <testcase classname="ptolemy.util.test.junit.AutoTests" name="[146] /home/travis/build/icyphy/ptII/ptolemy/domains/continuous/test/auto/V2V.xml (RunModel)" time="0.712" />
  <testcase classname="ptolemy.util.test.junit.AutoTests" name="[147] /home/travis/build/icyphy/ptII/ptolemy/domains/continuous/test/auto/hierarchicalModalModel.xml (RunModel)" time="0.03" />
  <testcase classname="ptolemy.util.test.junit.AutoTests" name="[148] /home/travis/build/icyphy/ptII/ptolemy/domains/continuous/test/auto/hierarchicalModalModel1.xml (RunModel)" time="0.04" />
  <testcase classname="ptolemy.util.test.junit.AutoTests" name="[149] /home/travis/build/icyphy/ptII/ptolemy/domains/continuous/test/auto/hierarchicalModalModel2.xml (RunModel)" time="0.03" />
  <testcase classname="ptolemy.util.test.junit.AutoTests" name="[150] /home/travis/build/icyphy/ptII/ptolemy/domains/continuous/test/auto/hierarchicalModalModel3.xml (RunModel)" time="0.023" />
  <testcase classname="ptolemy.util.test.junit.AutoTests" name="[151] /home/travis/build/icyphy/ptII/ptolemy/domains/continuous/test/auto/hierarchicalModalModel4.xml (RunModel)" time="0.024" />
  <testcase classname="ptolemy.util.test.junit.AutoTests" name="[152] /home/travis/build/icyphy/ptII/ptolemy/domains/continuous/test/auto/junk.xml (RunModel)" time="0.164" />
  <system-out><![CDATA[No tcl tests in /home/travis/build/icyphy/ptII/ptolemy/domains/continuous/test
No auto/knownFailedTests/*.xml tests in /home/travis/build/icyphy/ptII/ptolemy/domains/continuous/test
No auto/linux-amd64/*.xml tests in /home/travis/build/icyphy/ptII/ptolemy/domains/continuous/test
AutoTests.java: About to close Vertx.
AutoTests.java: Vertx closed.

===========================================================================================
----------------- testing Sat Dec 01 02:52:54 UTC 2018 /home/travis/build/icyphy/ptII/ptolemy/domains/continuous/test/auto/BouncingBall.xml
----------------- Instantiating /home/travis/build/icyphy/ptII/ptolemy/domains/continuous/test/auto/BouncingBall.xml
2674 ms. Memory: 332288K Free: 322979K (97%)
----------------- Invoking toplevel() on ptolemy.moml.MoMLSimpleApplication@33421771
----------------- Done invoking toplevel() on ptolemy.moml.MoMLSimpleApplication@33421771
reloadAllAccessors: .BouncingBall

===========================================================================================
----------------- testing Sat Dec 01 02:52:57 UTC 2018 /home/travis/build/icyphy/ptII/ptolemy/domains/continuous/test/auto/BouncingBallWithoutGR.xml
----------------- Instantiating /home/travis/build/icyphy/ptII/ptolemy/domains/continuous/test/auto/BouncingBallWithoutGR.xml
715 ms. Memory: 332288K Free: 137459K (41%)
----------------- Invoking toplevel() on ptolemy.moml.MoMLSimpleApplication@2d87a03a
----------------- Done invoking toplevel() on ptolemy.moml.MoMLSimpleApplication@2d87a03a
reloadAllAccessors: .BouncingBallWithoutGR

===========================================================================================
----------------- testing Sat Dec 01 02:52:58 UTC 2018 /home/travis/build/icyphy/ptII/ptolemy/domains/continuous/test/auto/Brownian.xml
----------------- Instantiating /home/travis/build/icyphy/ptII/ptolemy/domains/continuous/test/auto/Brownian.xml
35 ms. Memory: 332288K Free: 125180K (38%)
----------------- Invoking toplevel() on ptolemy.moml.MoMLSimpleApplication@782ccff6
----------------- Done invoking toplevel() on ptolemy.moml.MoMLSimpleApplication@782ccff6
reloadAllAccessors: .Brownian

===========================================================================================
----------------- testing Sat Dec 01 02:52:58 UTC 2018 /home/travis/build/icyphy/ptII/ptolemy/domains/continuous/test/auto/CarTracking.xml
----------------- Instantiating /home/travis/build/icyphy/ptII/ptolemy/domains/continuous/test/auto/CarTracking.xml
3395 ms. Memory: 479744K Free: 323666K (67%)
----------------- Invoking toplevel() on ptolemy.moml.MoMLSimpleApplication@320d2250
----------------- Done invoking toplevel() on ptolemy.moml.MoMLSimpleApplication@320d2250
reloadAllAccessors: .CarTracking

===========================================================================================
----------------- testing Sat Dec 01 02:53:02 UTC 2018 /home/travis/build/icyphy/ptII/ptolemy/domains/continuous/test/auto/CartPendulum.xml
----------------- Instantiating /home/travis/build/icyphy/ptII/ptolemy/domains/continuous/test/auto/CartPendulum.xml
365 ms. Memory: 479744K Free: 219452K (46%)
----------------- Invoking toplevel() on ptolemy.moml.MoMLSimpleApplication@226cfc5e
----------------- Done invoking toplevel() on ptolemy.moml.MoMLSimpleApplication@226cfc5e
reloadAllAccessors: .CartPendulum

===========================================================================================
----------------- testing Sat Dec 01 02:53:03 UTC 2018 /home/travis/build/icyphy/ptII/ptolemy/domains/continuous/test/auto/CausalityInterface10.xml
----------------- Instantiating /home/travis/build/icyphy/ptII/ptolemy/domains/continuous/test/auto/CausalityInterface10.xml
6 ms. Memory: 479744K Free: 203736K (42%)
----------------- Invoking toplevel() on ptolemy.moml.MoMLSimpleApplication@25173705
----------------- Done invoking toplevel() on ptolemy.moml.MoMLSimpleApplication@25173705
reloadAllAccessors: .CausalityInterface10

===========================================================================================
----------------- testing Sat Dec 01 02:53:03 UTC 2018 /home/travis/build/icyphy/ptII/ptolemy/domains/continuous/test/auto/CausalityInterface11.xml
----------------- Instantiating /home/travis/build/icyphy/ptII/ptolemy/domains/continuous/test/auto/CausalityInterface11.xml
3 ms. Memory: 479744K Free: 191947K (40%)
----------------- Invoking toplevel() on ptolemy.moml.MoMLSimpleApplication@726d7142
----------------- Done invoking toplevel() on ptolemy.moml.MoMLSimpleApplication@726d7142
reloadAllAccessors: .CausalityInterface11

===========================================================================================
----------------- testing Sat Dec 01 02:53:03 UTC 2018 /home/travis/build/icyphy/ptII/ptolemy/domains/continuous/test/auto/CausalityInterface12.xml
----------------- Instantiating /home/travis/build/icyphy/ptII/ptolemy/domains/continuous/test/auto/CausalityInterface12.xml
3 ms. Memory: 479744K Free: 180149K (38%)
----------------- Invoking toplevel() on ptolemy.moml.MoMLSimpleApplication@d6b6b5
----------------- Done invoking toplevel() on ptolemy.moml.MoMLSimpleApplication@d6b6b5
reloadAllAccessors: .CausalityInterface12

===========================================================================================
----------------- testing Sat Dec 01 02:53:03 UTC 2018 /home/travis/build/icyphy/ptII/ptolemy/domains/continuous/test/auto/CausalityInterface13.xml
----------------- Instantiating /home/travis/build/icyphy/ptII/ptolemy/domains/continuous/test/auto/CausalityInterface13.xml
3 ms. Memory: 479744K Free: 168352K (35%)
----------------- Invoking toplevel() on ptolemy.moml.MoMLSimpleApplication@38b50e10
----------------- Done invoking toplevel() on ptolemy.moml.MoMLSimpleApplication@38b50e10
reloadAllAccessors: .CausalityInterface13

===========================================================================================
----------------- testing Sat Dec 01 02:53:03 UTC 2018 /home/travis/build/icyphy/ptII/ptolemy/domains/continuous/test/auto/CausalityInterface14.xml
----------------- Instantiating /home/travis/build/icyphy/ptII/ptolemy/domains/continuous/test/auto/CausalityInterface14.xml
7 ms. Memory: 479744K Free: 152649K (32%)
----------------- Invoking toplevel() on ptolemy.moml.MoMLSimpleApplication@19be338
----------------- Done invoking toplevel() on ptolemy.moml.MoMLSimpleApplication@19be338
reloadAllAccessors: .CausalityInterface14

===========================================================================================
----------------- testing Sat Dec 01 02:53:03 UTC 2018 /home/travis/build/icyphy/ptII/ptolemy/domains/continuous/test/auto/CausalityInterface4.xml
----------------- Instantiating /home/travis/build/icyphy/ptII/ptolemy/domains/continuous/test/auto/CausalityInterface4.xml
4 ms. Memory: 479744K Free: 140852K (29%)
----------------- Invoking toplevel() on ptolemy.moml.MoMLSimpleApplication@1efb7407
----------------- Done invoking toplevel() on ptolemy.moml.MoMLSimpleApplication@1efb7407
reloadAllAccessors: .CausalityInterface4

===========================================================================================
----------------- testing Sat Dec 01 02:53:03 UTC 2018 /home/travis/build/icyphy/ptII/ptolemy/domains/continuous/test/auto/CausalityInterface5.xml
----------------- Instantiating /home/travis/build/icyphy/ptII/ptolemy/domains/continuous/test/auto/CausalityInterface5.xml
3 ms. Memory: 479744K Free: 129055K (27%)
----------------- Invoking toplevel() on ptolemy.moml.MoMLSimpleApplication@7ff8659a
----------------- Done invoking toplevel() on ptolemy.moml.MoMLSimpleApplication@7ff8659a
reloadAllAccessors: .CausalityInterface5

===========================================================================================
----------------- testing Sat Dec 01 02:53:03 UTC 2018 /home/travis/build/icyphy/ptII/ptolemy/domains/continuous/test/auto/CausalityInterface6.xml
----------------- Instantiating /home/travis/build/icyphy/ptII/ptolemy/domains/continuous/test/auto/CausalityInterface6.xml
4 ms. Memory: 479744K Free: 117274K (24%)
----------------- Invoking toplevel() on ptolemy.moml.MoMLSimpleApplication@23b3b916
----------------- Done invoking toplevel() on ptolemy.moml.MoMLSimpleApplication@23b3b916
reloadAllAccessors: .CausalityInterface6

===========================================================================================
----------------- testing Sat Dec 01 02:53:03 UTC 2018 /home/travis/build/icyphy/ptII/ptolemy/domains/continuous/test/auto/CausalityInterface7.xml
----------------- Instantiating /home/travis/build/icyphy/ptII/ptolemy/domains/continuous/test/auto/CausalityInterface7.xml
6 ms. Memory: 479744K Free: 101565K (21%)
----------------- Invoking toplevel() on ptolemy.moml.MoMLSimpleApplication@35c85048
----------------- Done invoking toplevel() on ptolemy.moml.MoMLSimpleApplication@35c85048
reloadAllAccessors: .CausalityInterface7

===========================================================================================
----------------- testing Sat Dec 01 02:53:03 UTC 2018 /home/travis/build/icyphy/ptII/ptolemy/domains/continuous/test/auto/CausalityInterface8.xml
----------------- Instantiating /home/travis/build/icyphy/ptII/ptolemy/domains/continuous/test/auto/CausalityInterface8.xml
4 ms. Memory: 479744K Free: 81927K (17%)
----------------- Invoking toplevel() on ptolemy.moml.MoMLSimpleApplication@3df7ae
----------------- Done invoking toplevel() on ptolemy.moml.MoMLSimpleApplication@3df7ae
reloadAllAccessors: .CausalityInterface8

===========================================================================================
----------------- testing Sat Dec 01 02:53:03 UTC 2018 /home/travis/build/icyphy/ptII/ptolemy/domains/continuous/test/auto/CausalityInterface9.xml
----------------- Instantiating /home/travis/build/icyphy/ptII/ptolemy/domains/continuous/test/auto/CausalityInterface9.xml
8 ms. Memory: 456704K Free: 437074K (96%)
----------------- Invoking toplevel() on ptolemy.moml.MoMLSimpleApplication@53259245
----------------- Done invoking toplevel() on ptolemy.moml.MoMLSimpleApplication@53259245
reloadAllAccessors: .CausalityInterface9

===========================================================================================
----------------- testing Sat Dec 01 02:53:03 UTC 2018 /home/travis/build/icyphy/ptII/ptolemy/domains/continuous/test/auto/CausalityInterfaceFeedback1.xml
----------------- Instantiating /home/travis/build/icyphy/ptII/ptolemy/domains/continuous/test/auto/CausalityInterfaceFeedback1.xml
5 ms. Memory: 456704K Free: 424584K (93%)
----------------- Invoking toplevel() on ptolemy.moml.MoMLSimpleApplication@20611691
----------------- Done invoking toplevel() on ptolemy.moml.MoMLSimpleApplication@20611691
reloadAllAccessors: .CausalityInterfaceFeedback1

===========================================================================================
----------------- testing Sat Dec 01 02:53:03 UTC 2018 /home/travis/build/icyphy/ptII/ptolemy/domains/continuous/test/auto/CausalityInterfaceFeedback2.xml
----------------- Instantiating /home/travis/build/icyphy/ptII/ptolemy/domains/continuous/test/auto/CausalityInterfaceFeedback2.xml
3 ms. Memory: 456704K Free: 414590K (91%)
----------------- Invoking toplevel() on ptolemy.moml.MoMLSimpleApplication@2cb76e6
----------------- Done invoking toplevel() on ptolemy.moml.MoMLSimpleApplication@2cb76e6
reloadAllAccessors: .CausalityInterfaceFeedback2

===========================================================================================
----------------- testing Sat Dec 01 02:53:03 UTC 2018 /home/travis/build/icyphy/ptII/ptolemy/domains/continuous/test/auto/CompareWithCurrentTime.xml
----------------- Instantiating /home/travis/build/icyphy/ptII/ptolemy/domains/continuous/test/auto/CompareWithCurrentTime.xml
3 ms. Memory: 456704K Free: 407078K (89%)
----------------- Invoking toplevel() on ptolemy.moml.MoMLSimpleApplication@21daa360
----------------- Done invoking toplevel() on ptolemy.moml.MoMLSimpleApplication@21daa360
reloadAllAccessors: .CompareWithCurrentTime

===========================================================================================
----------------- testing Sat Dec 01 02:53:03 UTC 2018 /home/travis/build/icyphy/ptII/ptolemy/domains/continuous/test/auto/ComparedClocks.xml
----------------- Instantiating /home/travis/build/icyphy/ptII/ptolemy/domains/continuous/test/auto/ComparedClocks.xml
7 ms. Memory: 456704K Free: 384553K (84%)
----------------- Invoking toplevel() on ptolemy.moml.MoMLSimpleApplication@164cf6ec
----------------- Done invoking toplevel() on ptolemy.moml.MoMLSimpleApplication@164cf6ec
reloadAllAccessors: .ComparedClocks

===========================================================================================
----------------- testing Sat Dec 01 02:53:03 UTC 2018 /home/travis/build/icyphy/ptII/ptolemy/domains/continuous/test/auto/ContinuousAOCClone.xml
----------------- Instantiating /home/travis/build/icyphy/ptII/ptolemy/domains/continuous/test/auto/ContinuousAOCClone.xml
2493 ms. Memory: 444416K Free: 213419K (48%)
----------------- Invoking toplevel() on ptolemy.moml.MoMLSimpleApplication@78740140
----------------- Done invoking toplevel() on ptolemy.moml.MoMLSimpleApplication@78740140
reloadAllAccessors: .ContinuousAOCClone

===========================================================================================
----------------- testing Sat Dec 01 02:53:06 UTC 2018 /home/travis/build/icyphy/ptII/ptolemy/domains/continuous/test/auto/ContinuousClock.xml
----------------- Instantiating /home/travis/build/icyphy/ptII/ptolemy/domains/continuous/test/auto/ContinuousClock.xml
46 ms. Memory: 444416K Free: 186105K (42%)
----------------- Invoking toplevel() on ptolemy.moml.MoMLSimpleApplication@654349f
----------------- Done invoking toplevel() on ptolemy.moml.MoMLSimpleApplication@654349f
reloadAllAccessors: .ContinuousClock

===========================================================================================
----------------- testing Sat Dec 01 02:53:06 UTC 2018 /home/travis/build/icyphy/ptII/ptolemy/domains/continuous/test/auto/ContinuousInContinuous.xml
----------------- Instantiating /home/travis/build/icyphy/ptII/ptolemy/domains/continuous/test/auto/ContinuousInContinuous.xml
45 ms. Memory: 444416K Free: 158198K (36%)
----------------- Invoking toplevel() on ptolemy.moml.MoMLSimpleApplication@23aa8895
----------------- Done invoking toplevel() on ptolemy.moml.MoMLSimpleApplication@23aa8895
reloadAllAccessors: .ContinuousInContinuous

===========================================================================================
----------------- testing Sat Dec 01 02:53:06 UTC 2018 /home/travis/build/icyphy/ptII/ptolemy/domains/continuous/test/auto/ContinuousInContinuousInContinuous.xml
----------------- Instantiating /home/travis/build/icyphy/ptII/ptolemy/domains/continuous/test/auto/ContinuousInContinuousInContinuous.xml
8 ms. Memory: 444416K Free: 148654K (33%)
----------------- Invoking toplevel() on ptolemy.moml.MoMLSimpleApplication@21a40380
----------------- Done invoking toplevel() on ptolemy.moml.MoMLSimpleApplication@21a40380
reloadAllAccessors: .ContinuousInContinuousInContinuous

===========================================================================================
----------------- testing Sat Dec 01 02:53:06 UTC 2018 /home/travis/build/icyphy/ptII/ptolemy/domains/continuous/test/auto/ContinuousInDE.xml
----------------- Instantiating /home/travis/build/icyphy/ptII/ptolemy/domains/continuous/test/auto/ContinuousInDE.xml
117 ms. Memory: 444416K Free: 132757K (30%)
----------------- Invoking toplevel() on ptolemy.moml.MoMLSimpleApplication@35e4eef6
----------------- Done invoking toplevel() on ptolemy.moml.MoMLSimpleApplication@35e4eef6
reloadAllAccessors: .ContinuousInDE

===========================================================================================
----------------- testing Sat Dec 01 02:53:06 UTC 2018 /home/travis/build/icyphy/ptII/ptolemy/domains/continuous/test/auto/ContinuousInDE2.xml
----------------- Instantiating /home/travis/build/icyphy/ptII/ptolemy/domains/continuous/test/auto/ContinuousInDE2.xml
35 ms. Memory: 444416K Free: 120811K (27%)
----------------- Invoking toplevel() on ptolemy.moml.MoMLSimpleApplication@7fc7ab7a
----------------- Done invoking toplevel() on ptolemy.moml.MoMLSimpleApplication@7fc7ab7a
reloadAllAccessors: .ContinuousInDE2

===========================================================================================
----------------- testing Sat Dec 01 02:53:06 UTC 2018 /home/travis/build/icyphy/ptII/ptolemy/domains/continuous/test/auto/ContinuousInDE3.xml
----------------- Instantiating /home/travis/build/icyphy/ptII/ptolemy/domains/continuous/test/auto/ContinuousInDE3.xml
36 ms. Memory: 444416K Free: 107299K (24%)
----------------- Invoking toplevel() on ptolemy.moml.MoMLSimpleApplication@3becd3c5
----------------- Done invoking toplevel() on ptolemy.moml.MoMLSimpleApplication@3becd3c5
reloadAllAccessors: .ContinuousInDE3

===========================================================================================
----------------- testing Sat Dec 01 02:53:07 UTC 2018 /home/travis/build/icyphy/ptII/ptolemy/domains/continuous/test/auto/ContinuousInDE4.xml
----------------- Instantiating /home/travis/build/icyphy/ptII/ptolemy/domains/continuous/test/auto/ContinuousInDE4.xml
11 ms. Memory: 444416K Free: 100126K (23%)
----------------- Invoking toplevel() on ptolemy.moml.MoMLSimpleApplication@72f7d011
----------------- Done invoking toplevel() on ptolemy.moml.MoMLSimpleApplication@72f7d011
reloadAllAccessors: .ContinuousInDE4

===========================================================================================
----------------- testing Sat Dec 01 02:53:07 UTC 2018 /home/travis/build/icyphy/ptII/ptolemy/domains/continuous/test/auto/ContinuousInDEDifferentRefinements.xml
----------------- Instantiating /home/travis/build/icyphy/ptII/ptolemy/domains/continuous/test/auto/ContinuousInDEDifferentRefinements.xml
78 ms. Memory: 423424K Free: 399192K (94%)
----------------- Invoking toplevel() on ptolemy.moml.MoMLSimpleApplication@683450f6
----------------- Done invoking toplevel() on ptolemy.moml.MoMLSimpleApplication@683450f6
reloadAllAccessors: .ContinuousInDEDifferentRefinements

===========================================================================================
----------------- testing Sat Dec 01 02:53:07 UTC 2018 /home/travis/build/icyphy/ptII/ptolemy/domains/continuous/test/auto/ContinuousInDEDifferentRefinementsPreemptive.xml
----------------- Instantiating /home/travis/build/icyphy/ptII/ptolemy/domains/continuous/test/auto/ContinuousInDEDifferentRefinementsPreemptive.xml
45 ms. Memory: 423424K Free: 362579K (86%)
----------------- Invoking toplevel() on ptolemy.moml.MoMLSimpleApplication@4435f0f2
----------------- Done invoking toplevel() on ptolemy.moml.MoMLSimpleApplication@4435f0f2
reloadAllAccessors: .ContinuousInDEDifferentRefinementsPreemptive

===========================================================================================
----------------- testing Sat Dec 01 02:53:07 UTC 2018 /home/travis/build/icyphy/ptII/ptolemy/domains/continuous/test/auto/ContinuousInDEInContinuous2.xml
----------------- Instantiating /home/travis/build/icyphy/ptII/ptolemy/domains/continuous/test/auto/ContinuousInDEInContinuous2.xml
31 ms. Memory: 423424K Free: 347864K (82%)
----------------- Invoking toplevel() on ptolemy.moml.MoMLSimpleApplication@5e03b825
----------------- Done invoking toplevel() on ptolemy.moml.MoMLSimpleApplication@5e03b825
reloadAllAccessors: .ContinuousInDEInContinuous2

===========================================================================================
----------------- testing Sat Dec 01 02:53:07 UTC 2018 /home/travis/build/icyphy/ptII/ptolemy/domains/continuous/test/auto/ContinuousInDEInContinuous3.xml
----------------- Instantiating /home/travis/build/icyphy/ptII/ptolemy/domains/continuous/test/auto/ContinuousInDEInContinuous3.xml
34 ms. Memory: 423424K Free: 331441K (78%)
----------------- Invoking toplevel() on ptolemy.moml.MoMLSimpleApplication@3f984bb0
----------------- Done invoking toplevel() on ptolemy.moml.MoMLSimpleApplication@3f984bb0
reloadAllAccessors: .ContinuousInDEInContinuous3

===========================================================================================
----------------- testing Sat Dec 01 02:53:07 UTC 2018 /home/travis/build/icyphy/ptII/ptolemy/domains/continuous/test/auto/ContinuousInDEInput.xml
----------------- Instantiating /home/travis/build/icyphy/ptII/ptolemy/domains/continuous/test/auto/ContinuousInDEInput.xml
12 ms. Memory: 423424K Free: 321880K (76%)
----------------- Invoking toplevel() on ptolemy.moml.MoMLSimpleApplication@3789c2
----------------- Done invoking toplevel() on ptolemy.moml.MoMLSimpleApplication@3789c2
reloadAllAccessors: .ContinuousInDEInput

===========================================================================================
----------------- testing Sat Dec 01 02:53:07 UTC 2018 /home/travis/build/icyphy/ptII/ptolemy/domains/continuous/test/auto/ContinuousInDEInput2.xml
----------------- Instantiating /home/travis/build/icyphy/ptII/ptolemy/domains/continuous/test/auto/ContinuousInDEInput2.xml
17 ms. Memory: 423424K Free: 311595K (74%)
----------------- Invoking toplevel() on ptolemy.moml.MoMLSimpleApplication@4d862219
----------------- Done invoking toplevel() on ptolemy.moml.MoMLSimpleApplication@4d862219
reloadAllAccessors: .ContinuousInDEInput2

===========================================================================================
----------------- testing Sat Dec 01 02:53:07 UTC 2018 /home/travis/build/icyphy/ptII/ptolemy/domains/continuous/test/auto/ContinuousInDEInput3.xml
----------------- Instantiating /home/travis/build/icyphy/ptII/ptolemy/domains/continuous/test/auto/ContinuousInDEInput3.xml
13 ms. Memory: 423424K Free: 302027K (71%)
----------------- Invoking toplevel() on ptolemy.moml.MoMLSimpleApplication@2e2fceaf
----------------- Done invoking toplevel() on ptolemy.moml.MoMLSimpleApplication@2e2fceaf
reloadAllAccessors: .ContinuousInDEInput3

===========================================================================================
----------------- testing Sat Dec 01 02:53:07 UTC 2018 /home/travis/build/icyphy/ptII/ptolemy/domains/continuous/test/auto/ContinuousInDESharingRefinement.xml
----------------- Instantiating /home/travis/build/icyphy/ptII/ptolemy/domains/continuous/test/auto/ContinuousInDESharingRefinement.xml
147 ms. Memory: 423424K Free: 203154K (48%)
----------------- Invoking toplevel() on ptolemy.moml.MoMLSimpleApplication@6050d8ef
----------------- Done invoking toplevel() on ptolemy.moml.MoMLSimpleApplication@6050d8ef
reloadAllAccessors: .ContinuousInDESharingRefinement

===========================================================================================
----------------- testing Sat Dec 01 02:53:07 UTC 2018 /home/travis/build/icyphy/ptII/ptolemy/domains/continuous/test/auto/ContinuousInDEwithNoPorts.xml
----------------- Instantiating /home/travis/build/icyphy/ptII/ptolemy/domains/continuous/test/auto/ContinuousInDEwithNoPorts.xml
5 ms. Memory: 423424K Free: 196992K (47%)
----------------- Invoking toplevel() on ptolemy.moml.MoMLSimpleApplication@4aaf57fc
----------------- Done invoking toplevel() on ptolemy.moml.MoMLSimpleApplication@4aaf57fc
reloadAllAccessors: .ContinuousInDEwithNoPorts

===========================================================================================
----------------- testing Sat Dec 01 02:53:07 UTC 2018 /home/travis/build/icyphy/ptII/ptolemy/domains/continuous/test/auto/ContinuousInsideDE.xml
----------------- Instantiating /home/travis/build/icyphy/ptII/ptolemy/domains/continuous/test/auto/ContinuousInsideDE.xml
44 ms. Memory: 423424K Free: 182281K (43%)
----------------- Invoking toplevel() on ptolemy.moml.MoMLSimpleApplication@12f39d4f
----------------- Done invoking toplevel() on ptolemy.moml.MoMLSimpleApplication@12f39d4f
reloadAllAccessors: .ContinuousInsideDE

===========================================================================================
----------------- testing Sat Dec 01 02:53:07 UTC 2018 /home/travis/build/icyphy/ptII/ptolemy/domains/continuous/test/auto/ContinuousMerge1.xml
----------------- Instantiating /home/travis/build/icyphy/ptII/ptolemy/domains/continuous/test/auto/ContinuousMerge1.xml
3 ms. Memory: 423424K Free: 177142K (42%)
----------------- Invoking toplevel() on ptolemy.moml.MoMLSimpleApplication@d38e3b0
----------------- Done invoking toplevel() on ptolemy.moml.MoMLSimpleApplication@d38e3b0
reloadAllAccessors: .ContinuousMerge1

===========================================================================================
----------------- testing Sat Dec 01 02:53:07 UTC 2018 /home/travis/build/icyphy/ptII/ptolemy/domains/continuous/test/auto/ContinuousMerge2.xml
----------------- Instantiating /home/travis/build/icyphy/ptII/ptolemy/domains/continuous/test/auto/ContinuousMerge2.xml
16 ms. Memory: 423424K Free: 162427K (38%)
----------------- Invoking toplevel() on ptolemy.moml.MoMLSimpleApplication@ffd898a
----------------- Done invoking toplevel() on ptolemy.moml.MoMLSimpleApplication@ffd898a
reloadAllAccessors: .ContinuousMerge2

===========================================================================================
----------------- testing Sat Dec 01 02:53:07 UTC 2018 /home/travis/build/icyphy/ptII/ptolemy/domains/continuous/test/auto/ContinuousMerge3.xml
----------------- Instantiating /home/travis/build/icyphy/ptII/ptolemy/domains/continuous/test/auto/ContinuousMerge3.xml
49 ms. Memory: 423424K Free: 149420K (35%)
----------------- Invoking toplevel() on ptolemy.moml.MoMLSimpleApplication@65058348
----------------- Done invoking toplevel() on ptolemy.moml.MoMLSimpleApplication@65058348
reloadAllAccessors: .ContinuousMerge3

===========================================================================================
----------------- testing Sat Dec 01 02:53:07 UTC 2018 /home/travis/build/icyphy/ptII/ptolemy/domains/continuous/test/auto/ContinuousWithinContinuous.xml
----------------- Instantiating /home/travis/build/icyphy/ptII/ptolemy/domains/continuous/test/auto/ContinuousWithinContinuous.xml
43 ms. Memory: 423424K Free: 138104K (33%)
----------------- Invoking toplevel() on ptolemy.moml.MoMLSimpleApplication@3f2cc3ac
----------------- Done invoking toplevel() on ptolemy.moml.MoMLSimpleApplication@3f2cc3ac
reloadAllAccessors: .ContinuousWithinContinuous

===========================================================================================
----------------- testing Sat Dec 01 02:53:07 UTC 2018 /home/travis/build/icyphy/ptII/ptolemy/domains/continuous/test/auto/ContinuousWithinContinuous2.xml
----------------- Instantiating /home/travis/build/icyphy/ptII/ptolemy/domains/continuous/test/auto/ContinuousWithinContinuous2.xml
67 ms. Memory: 423424K Free: 123405K (29%)
----------------- Invoking toplevel() on ptolemy.moml.MoMLSimpleApplication@14e30403
----------------- Done invoking toplevel() on ptolemy.moml.MoMLSimpleApplication@14e30403
reloadAllAccessors: .ContinuousWithinContinuous2

===========================================================================================
----------------- testing Sat Dec 01 02:53:08 UTC 2018 /home/travis/build/icyphy/ptII/ptolemy/domains/continuous/test/auto/ContinuousWithinContinuous3.xml
----------------- Instantiating /home/travis/build/icyphy/ptII/ptolemy/domains/continuous/test/auto/ContinuousWithinContinuous3.xml
15 ms. Memory: 423424K Free: 114819K (27%)
----------------- Invoking toplevel() on ptolemy.moml.MoMLSimpleApplication@24d42cc3
----------------- Done invoking toplevel() on ptolemy.moml.MoMLSimpleApplication@24d42cc3
reloadAllAccessors: .ContinuousWithinContinuous3

===========================================================================================
----------------- testing Sat Dec 01 02:53:08 UTC 2018 /home/travis/build/icyphy/ptII/ptolemy/domains/continuous/test/auto/ContinuousWithinContinuous4.xml
----------------- Instantiating /home/travis/build/icyphy/ptII/ptolemy/domains/continuous/test/auto/ContinuousWithinContinuous4.xml
65 ms. Memory: 423424K Free: 98428K (23%)
----------------- Invoking toplevel() on ptolemy.moml.MoMLSimpleApplication@2fc8142a
----------------- Done invoking toplevel() on ptolemy.moml.MoMLSimpleApplication@2fc8142a
reloadAllAccessors: .ContinuousWithinContinuous4

===========================================================================================
----------------- testing Sat Dec 01 02:53:08 UTC 2018 /home/travis/build/icyphy/ptII/ptolemy/domains/continuous/test/auto/ContinuousWithinContinuous5.xml
----------------- Instantiating /home/travis/build/icyphy/ptII/ptolemy/domains/continuous/test/auto/ContinuousWithinContinuous5.xml
11 ms. Memory: 423424K Free: 87136K (21%)
----------------- Invoking toplevel() on ptolemy.moml.MoMLSimpleApplication@44afbd2
----------------- Done invoking toplevel() on ptolemy.moml.MoMLSimpleApplication@44afbd2
reloadAllAccessors: .ContinuousWithinContinuous5

===========================================================================================
----------------- testing Sat Dec 01 02:53:08 UTC 2018 /home/travis/build/icyphy/ptII/ptolemy/domains/continuous/test/auto/ContinuousWithinContinuous6.xml
----------------- Instantiating /home/travis/build/icyphy/ptII/ptolemy/domains/continuous/test/auto/ContinuousWithinContinuous6.xml
11 ms. Memory: 423424K Free: 77560K (18%)
----------------- Invoking toplevel() on ptolemy.moml.MoMLSimpleApplication@36f254d
----------------- Done invoking toplevel() on ptolemy.moml.MoMLSimpleApplication@36f254d
reloadAllAccessors: .ContinuousWithinContinuous6

===========================================================================================
----------------- testing Sat Dec 01 02:53:08 UTC 2018 /home/travis/build/icyphy/ptII/ptolemy/domains/continuous/test/auto/ContinuousWithinContinuous7.xml
----------------- Instantiating /home/travis/build/icyphy/ptII/ptolemy/domains/continuous/test/auto/ContinuousWithinContinuous7.xml
56 ms. Memory: 407552K Free: 388926K (95%)
----------------- Invoking toplevel() on ptolemy.moml.MoMLSimpleApplication@1e23faaa
----------------- Done invoking toplevel() on ptolemy.moml.MoMLSimpleApplication@1e23faaa
reloadAllAccessors: .ContinuousWithinContinuous7

===========================================================================================
----------------- testing Sat Dec 01 02:53:08 UTC 2018 /home/travis/build/icyphy/ptII/ptolemy/domains/continuous/test/auto/DCMotor.xml
----------------- Instantiating /home/travis/build/icyphy/ptII/ptolemy/domains/continuous/test/auto/DCMotor.xml
15168 ms. Memory: 264704K Free: 195620K (74%)
----------------- Invoking toplevel() on ptolemy.moml.MoMLSimpleApplication@1f864ba5
----------------- Done invoking toplevel() on ptolemy.moml.MoMLSimpleApplication@1f864ba5
reloadAllAccessors: .DCMotor

===========================================================================================
----------------- testing Sat Dec 01 02:53:23 UTC 2018 /home/travis/build/icyphy/ptII/ptolemy/domains/continuous/test/auto/DEInContinuous.xml
----------------- Instantiating /home/travis/build/icyphy/ptII/ptolemy/domains/continuous/test/auto/DEInContinuous.xml
10 ms. Memory: 264704K Free: 182881K (69%)
----------------- Invoking toplevel() on ptolemy.moml.MoMLSimpleApplication@5e3d4a85
----------------- Done invoking toplevel() on ptolemy.moml.MoMLSimpleApplication@5e3d4a85
reloadAllAccessors: .DEInContinuous

===========================================================================================
----------------- testing Sat Dec 01 02:53:23 UTC 2018 /home/travis/build/icyphy/ptII/ptolemy/domains/continuous/test/auto/DEinContinuous2.xml
----------------- Instantiating /home/travis/build/icyphy/ptII/ptolemy/domains/continuous/test/auto/DEinContinuous2.xml
6 ms. Memory: 264704K Free: 171048K (65%)
----------------- Invoking toplevel() on ptolemy.moml.MoMLSimpleApplication@1036d60b
----------------- Done invoking toplevel() on ptolemy.moml.MoMLSimpleApplication@1036d60b
reloadAllAccessors: .DEinContinuous2

===========================================================================================
----------------- testing Sat Dec 01 02:53:23 UTC 2018 /home/travis/build/icyphy/ptII/ptolemy/domains/continuous/test/auto/Derivative.xml
----------------- Instantiating /home/travis/build/icyphy/ptII/ptolemy/domains/continuous/test/auto/Derivative.xml
147 ms. Memory: 264704K Free: 133535K (50%)
----------------- Invoking toplevel() on ptolemy.moml.MoMLSimpleApplication@4423d0ec
----------------- Done invoking toplevel() on ptolemy.moml.MoMLSimpleApplication@4423d0ec
reloadAllAccessors: .Derivative2

===========================================================================================
----------------- testing Sat Dec 01 02:53:23 UTC 2018 /home/travis/build/icyphy/ptII/ptolemy/domains/continuous/test/auto/Derivative1.xml
----------------- Instantiating /home/travis/build/icyphy/ptII/ptolemy/domains/continuous/test/auto/Derivative1.xml
12 ms. Memory: 264704K Free: 114355K (43%)
----------------- Invoking toplevel() on ptolemy.moml.MoMLSimpleApplication@36eb55e
----------------- Done invoking toplevel() on ptolemy.moml.MoMLSimpleApplication@36eb55e
reloadAllAccessors: .Derivative1

===========================================================================================
----------------- testing Sat Dec 01 02:53:23 UTC 2018 /home/travis/build/icyphy/ptII/ptolemy/domains/continuous/test/auto/DiscreteClock.xml
----------------- Instantiating /home/travis/build/icyphy/ptII/ptolemy/domains/continuous/test/auto/DiscreteClock.xml
4 ms. Memory: 264704K Free: 102530K (39%)
----------------- Invoking toplevel() on ptolemy.moml.MoMLSimpleApplication@50315522
----------------- Done invoking toplevel() on ptolemy.moml.MoMLSimpleApplication@50315522
reloadAllAccessors: .DiscreteClock

===========================================================================================
----------------- testing Sat Dec 01 02:53:23 UTC 2018 /home/travis/build/icyphy/ptII/ptolemy/domains/continuous/test/auto/EfficiencyCurve.xml
----------------- Instantiating /home/travis/build/icyphy/ptII/ptolemy/domains/continuous/test/auto/EfficiencyCurve.xml
54 ms. Memory: 264704K Free: 87044K (33%)
----------------- Invoking toplevel() on ptolemy.moml.MoMLSimpleApplication@f04de8
----------------- Done invoking toplevel() on ptolemy.moml.MoMLSimpleApplication@f04de8
reloadAllAccessors: .EfficiencyCurve

===========================================================================================
----------------- testing Sat Dec 01 02:53:23 UTC 2018 /home/travis/build/icyphy/ptII/ptolemy/domains/continuous/test/auto/ExponentialResponse.xml
----------------- Instantiating /home/travis/build/icyphy/ptII/ptolemy/domains/continuous/test/auto/ExponentialResponse.xml
109 ms. Memory: 264704K Free: 67229K (25%)
----------------- Invoking toplevel() on ptolemy.moml.MoMLSimpleApplication@31fcc34
----------------- Done invoking toplevel() on ptolemy.moml.MoMLSimpleApplication@31fcc34
reloadAllAccessors: .ExponentialResponse

===========================================================================================
----------------- testing Sat Dec 01 02:53:24 UTC 2018 /home/travis/build/icyphy/ptII/ptolemy/domains/continuous/test/auto/ExponentialResponseRK45.xml
----------------- Instantiating /home/travis/build/icyphy/ptII/ptolemy/domains/continuous/test/auto/ExponentialResponseRK45.xml
25 ms. Memory: 261120K Free: 238899K (91%)
----------------- Invoking toplevel() on ptolemy.moml.MoMLSimpleApplication@5a2afed8
----------------- Done invoking toplevel() on ptolemy.moml.MoMLSimpleApplication@5a2afed8
reloadAllAccessors: .ExponentialResponseRK45

===========================================================================================
----------------- testing Sat Dec 01 02:53:24 UTC 2018 /home/travis/build/icyphy/ptII/ptolemy/domains/continuous/test/auto/Friction.xml
----------------- Instantiating /home/travis/build/icyphy/ptII/ptolemy/domains/continuous/test/auto/Friction.xml
1289 ms. Memory: 243200K Free: 127617K (52%)
----------------- Invoking toplevel() on ptolemy.moml.MoMLSimpleApplication@33f3a820
----------------- Done invoking toplevel() on ptolemy.moml.MoMLSimpleApplication@33f3a820
reloadAllAccessors: .Friction

===========================================================================================
----------------- testing Sat Dec 01 02:53:25 UTC 2018 /home/travis/build/icyphy/ptII/ptolemy/domains/continuous/test/auto/FurutaPendulum.xml
----------------- Instantiating /home/travis/build/icyphy/ptII/ptolemy/domains/continuous/test/auto/FurutaPendulum.xml
3447 ms. Memory: 224256K Free: 72270K (32%)
----------------- Invoking toplevel() on ptolemy.moml.MoMLSimpleApplication@78f8123b
----------------- Done invoking toplevel() on ptolemy.moml.MoMLSimpleApplication@78f8123b
reloadAllAccessors: .FurutaPendulum

===========================================================================================
----------------- testing Sat Dec 01 02:53:29 UTC 2018 /home/travis/build/icyphy/ptII/ptolemy/domains/continuous/test/auto/HierarchicalExecution.xml
----------------- Instantiating /home/travis/build/icyphy/ptII/ptolemy/domains/continuous/test/auto/HierarchicalExecution.xml
2162 ms. Memory: 257024K Free: 61125K (24%)
----------------- Invoking toplevel() on ptolemy.moml.MoMLSimpleApplication@47b51f26
----------------- Done invoking toplevel() on ptolemy.moml.MoMLSimpleApplication@47b51f26
reloadAllAccessors: .HierarchicalExecution

===========================================================================================
----------------- testing Sat Dec 01 02:53:31 UTC 2018 /home/travis/build/icyphy/ptII/ptolemy/domains/continuous/test/auto/HybridPlant.xml
----------------- Instantiating /home/travis/build/icyphy/ptII/ptolemy/domains/continuous/test/auto/HybridPlant.xml
491 ms. Memory: 239616K Free: 102633K (43%)
----------------- Invoking toplevel() on ptolemy.moml.MoMLSimpleApplication@b280175
----------------- Done invoking toplevel() on ptolemy.moml.MoMLSimpleApplication@b280175
reloadAllAccessors: .HybridPlant

===========================================================================================
----------------- testing Sat Dec 01 02:53:32 UTC 2018 /home/travis/build/icyphy/ptII/ptolemy/domains/continuous/test/auto/Hysteresis.xml
----------------- Instantiating /home/travis/build/icyphy/ptII/ptolemy/domains/continuous/test/auto/Hysteresis.xml
162 ms. Memory: 238592K Free: 194648K (82%)
----------------- Invoking toplevel() on ptolemy.moml.MoMLSimpleApplication@e00ad4a
----------------- Done invoking toplevel() on ptolemy.moml.MoMLSimpleApplication@e00ad4a
reloadAllAccessors: .Hysteresis

===========================================================================================
----------------- testing Sat Dec 01 02:53:32 UTC 2018 /home/travis/build/icyphy/ptII/ptolemy/domains/continuous/test/auto/HysteresisWithRandomDelay.xml
----------------- Instantiating /home/travis/build/icyphy/ptII/ptolemy/domains/continuous/test/auto/HysteresisWithRandomDelay.xml
162 ms. Memory: 238592K Free: 116890K (49%)
----------------- Invoking toplevel() on ptolemy.moml.MoMLSimpleApplication@6414f85c
----------------- Done invoking toplevel() on ptolemy.moml.MoMLSimpleApplication@6414f85c
reloadAllAccessors: .HysteresisWithRandomDelay

===========================================================================================
----------------- testing Sat Dec 01 02:53:32 UTC 2018 /home/travis/build/icyphy/ptII/ptolemy/domains/continuous/test/auto/HysteresisWithRandomLosses.xml
----------------- Instantiating /home/travis/build/icyphy/ptII/ptolemy/domains/continuous/test/auto/HysteresisWithRandomLosses.xml
2412 ms. Memory: 298496K Free: 203914K (68%)
----------------- Invoking toplevel() on ptolemy.moml.MoMLSimpleApplication@18334263
----------------- Done invoking toplevel() on ptolemy.moml.MoMLSimpleApplication@18334263
reloadAllAccessors: .HysteresisWithRandomLosses

===========================================================================================
----------------- testing Sat Dec 01 02:53:35 UTC 2018 /home/travis/build/icyphy/ptII/ptolemy/domains/continuous/test/auto/ImmediateTransitions.xml
----------------- Instantiating /home/travis/build/icyphy/ptII/ptolemy/domains/continuous/test/auto/ImmediateTransitions.xml
9 ms. Memory: 298496K Free: 189188K (63%)
----------------- Invoking toplevel() on ptolemy.moml.MoMLSimpleApplication@1c8c886a
----------------- Done invoking toplevel() on ptolemy.moml.MoMLSimpleApplication@1c8c886a
reloadAllAccessors: .ImmediateTransitions

===========================================================================================
----------------- testing Sat Dec 01 02:53:35 UTC 2018 /home/travis/build/icyphy/ptII/ptolemy/domains/continuous/test/auto/ImpulseFeedback.xml
----------------- Instantiating /home/travis/build/icyphy/ptII/ptolemy/domains/continuous/test/auto/ImpulseFeedback.xml
8 ms. Memory: 298496K Free: 179831K (60%)
----------------- Invoking toplevel() on ptolemy.moml.MoMLSimpleApplication@69860dd8
----------------- Done invoking toplevel() on ptolemy.moml.MoMLSimpleApplication@69860dd8
reloadAllAccessors: .ImpulseFeedback

===========================================================================================
----------------- testing Sat Dec 01 02:53:35 UTC 2018 /home/travis/build/icyphy/ptII/ptolemy/domains/continuous/test/auto/ImpulseFeedback2.xml
----------------- Instantiating /home/travis/build/icyphy/ptII/ptolemy/domains/continuous/test/auto/ImpulseFeedback2.xml
6 ms. Memory: 298496K Free: 170490K (57%)
----------------- Invoking toplevel() on ptolemy.moml.MoMLSimpleApplication@5c58856
----------------- Done invoking toplevel() on ptolemy.moml.MoMLSimpleApplication@5c58856
reloadAllAccessors: .ImpulseFeedback2

===========================================================================================
----------------- testing Sat Dec 01 02:53:35 UTC 2018 /home/travis/build/icyphy/ptII/ptolemy/domains/continuous/test/auto/IncreasingRatePoisson.xml
----------------- Instantiating /home/travis/build/icyphy/ptII/ptolemy/domains/continuous/test/auto/IncreasingRatePoisson.xml
725 ms. Memory: 280064K Free: 231313K (83%)
----------------- Invoking toplevel() on ptolemy.moml.MoMLSimpleApplication@68b5c80d
----------------- Done invoking toplevel() on ptolemy.moml.MoMLSimpleApplication@68b5c80d
reloadAllAccessors: .IncreasingRatePoisson

===========================================================================================
----------------- testing Sat Dec 01 02:53:35 UTC 2018 /home/travis/build/icyphy/ptII/ptolemy/domains/continuous/test/auto/InitialStateFeedback.xml
----------------- Instantiating /home/travis/build/icyphy/ptII/ptolemy/domains/continuous/test/auto/InitialStateFeedback.xml
3 ms. Memory: 280064K Free: 223581K (80%)
----------------- Invoking toplevel() on ptolemy.moml.MoMLSimpleApplication@37e81968
----------------- Done invoking toplevel() on ptolemy.moml.MoMLSimpleApplication@37e81968
reloadAllAccessors: .InitialStateFeedback

===========================================================================================
----------------- testing Sat Dec 01 02:53:35 UTC 2018 /home/travis/build/icyphy/ptII/ptolemy/domains/continuous/test/auto/Integration.xml
----------------- Instantiating /home/travis/build/icyphy/ptII/ptolemy/domains/continuous/test/auto/Integration.xml
1 ms. Memory: 280064K Free: 216882K (77%)
----------------- Invoking toplevel() on ptolemy.moml.MoMLSimpleApplication@42a5dba7
----------------- Done invoking toplevel() on ptolemy.moml.MoMLSimpleApplication@42a5dba7
reloadAllAccessors: .Integration

===========================================================================================
----------------- testing Sat Dec 01 02:53:35 UTC 2018 /home/travis/build/icyphy/ptII/ptolemy/domains/continuous/test/auto/Integration2.xml
----------------- Instantiating /home/travis/build/icyphy/ptII/ptolemy/domains/continuous/test/auto/Integration2.xml
77 ms. Memory: 280064K Free: 200493K (72%)
----------------- Invoking toplevel() on ptolemy.moml.MoMLSimpleApplication@790b77cd
----------------- Done invoking toplevel() on ptolemy.moml.MoMLSimpleApplication@790b77cd
reloadAllAccessors: .Integration2

===========================================================================================
----------------- testing Sat Dec 01 02:53:36 UTC 2018 /home/travis/build/icyphy/ptII/ptolemy/domains/continuous/test/auto/Integration3.xml
----------------- Instantiating /home/travis/build/icyphy/ptII/ptolemy/domains/continuous/test/auto/Integration3.xml
2 ms. Memory: 280064K Free: 193787K (69%)
----------------- Invoking toplevel() on ptolemy.moml.MoMLSimpleApplication@4e87a1
----------------- Done invoking toplevel() on ptolemy.moml.MoMLSimpleApplication@4e87a1
reloadAllAccessors: .Integration3

===========================================================================================
----------------- testing Sat Dec 01 02:53:36 UTC 2018 /home/travis/build/icyphy/ptII/ptolemy/domains/continuous/test/auto/Integration5.xml
----------------- Instantiating /home/travis/build/icyphy/ptII/ptolemy/domains/continuous/test/auto/Integration5.xml
5 ms. Memory: 280064K Free: 187150K (67%)
----------------- Invoking toplevel() on ptolemy.moml.MoMLSimpleApplication@60d1f0a1
----------------- Done invoking toplevel() on ptolemy.moml.MoMLSimpleApplication@60d1f0a1
reloadAllAccessors: .Integration5

===========================================================================================
----------------- testing Sat Dec 01 02:53:36 UTC 2018 /home/travis/build/icyphy/ptII/ptolemy/domains/continuous/test/auto/IntegratorImpulse.xml
----------------- Instantiating /home/travis/build/icyphy/ptII/ptolemy/domains/continuous/test/auto/IntegratorImpulse.xml
2 ms. Memory: 280064K Free: 180459K (64%)
----------------- Invoking toplevel() on ptolemy.moml.MoMLSimpleApplication@78ded2fb
----------------- Done invoking toplevel() on ptolemy.moml.MoMLSimpleApplication@78ded2fb
reloadAllAccessors: .IntegratorImpulse

===========================================================================================
----------------- testing Sat Dec 01 02:53:36 UTC 2018 /home/travis/build/icyphy/ptII/ptolemy/domains/continuous/test/auto/IntegratorImpulse2.xml
----------------- Instantiating /home/travis/build/icyphy/ptII/ptolemy/domains/continuous/test/auto/IntegratorImpulse2.xml
3 ms. Memory: 280064K Free: 173777K (62%)
----------------- Invoking toplevel() on ptolemy.moml.MoMLSimpleApplication@33cd3b84
----------------- Done invoking toplevel() on ptolemy.moml.MoMLSimpleApplication@33cd3b84
reloadAllAccessors: .IntegratorImpulse2

===========================================================================================
----------------- testing Sat Dec 01 02:53:36 UTC 2018 /home/travis/build/icyphy/ptII/ptolemy/domains/continuous/test/auto/LevelCrossing1.xml
----------------- Instantiating /home/travis/build/icyphy/ptII/ptolemy/domains/continuous/test/auto/LevelCrossing1.xml
2 ms. Memory: 280064K Free: 167078K (60%)
----------------- Invoking toplevel() on ptolemy.moml.MoMLSimpleApplication@3db231d7
----------------- Done invoking toplevel() on ptolemy.moml.MoMLSimpleApplication@3db231d7
reloadAllAccessors: .LevelCrossing1

===========================================================================================
----------------- testing Sat Dec 01 02:53:36 UTC 2018 /home/travis/build/icyphy/ptII/ptolemy/domains/continuous/test/auto/LevelCrossing2.xml
----------------- Instantiating /home/travis/build/icyphy/ptII/ptolemy/domains/continuous/test/auto/LevelCrossing2.xml
3 ms. Memory: 280064K Free: 160379K (57%)
----------------- Invoking toplevel() on ptolemy.moml.MoMLSimpleApplication@63d33d3c
----------------- Done invoking toplevel() on ptolemy.moml.MoMLSimpleApplication@63d33d3c
reloadAllAccessors: .LevelCrossing2

===========================================================================================
----------------- testing Sat Dec 01 02:53:36 UTC 2018 /home/travis/build/icyphy/ptII/ptolemy/domains/continuous/test/auto/LevelCrossing3.xml
----------------- Instantiating /home/travis/build/icyphy/ptII/ptolemy/domains/continuous/test/auto/LevelCrossing3.xml
2 ms. Memory: 280064K Free: 153679K (55%)
----------------- Invoking toplevel() on ptolemy.moml.MoMLSimpleApplication@4429b552
----------------- Done invoking toplevel() on ptolemy.moml.MoMLSimpleApplication@4429b552
reloadAllAccessors: .LevelCrossing3

===========================================================================================
----------------- testing Sat Dec 01 02:53:36 UTC 2018 /home/travis/build/icyphy/ptII/ptolemy/domains/continuous/test/auto/LevelCrossing4.xml
----------------- Instantiating /home/travis/build/icyphy/ptII/ptolemy/domains/continuous/test/auto/LevelCrossing4.xml
3 ms. Memory: 280064K Free: 146988K (52%)
----------------- Invoking toplevel() on ptolemy.moml.MoMLSimpleApplication@7ea535ce
----------------- Done invoking toplevel() on ptolemy.moml.MoMLSimpleApplication@7ea535ce
reloadAllAccessors: .LevelCrossing4

===========================================================================================
----------------- testing Sat Dec 01 02:53:36 UTC 2018 /home/travis/build/icyphy/ptII/ptolemy/domains/continuous/test/auto/LevelCrossing5.xml
----------------- Instantiating /home/travis/build/icyphy/ptII/ptolemy/domains/continuous/test/auto/LevelCrossing5.xml
3 ms. Memory: 280064K Free: 140289K (50%)
----------------- Invoking toplevel() on ptolemy.moml.MoMLSimpleApplication@4241079b
----------------- Done invoking toplevel() on ptolemy.moml.MoMLSimpleApplication@4241079b
reloadAllAccessors: .LevelCrossing5

===========================================================================================
----------------- testing Sat Dec 01 02:53:36 UTC 2018 /home/travis/build/icyphy/ptII/ptolemy/domains/continuous/test/auto/LevelCrossing6.xml
[...]
----------------- Instantiating /home/travis/build/icyphy/ptII/ptolemy/domains/continuous/test/auto/SRinContinuous.xml
5 ms. Memory: 351232K Free: 272452K (78%)
----------------- Invoking toplevel() on ptolemy.moml.MoMLSimpleApplication@50e96767
----------------- Done invoking toplevel() on ptolemy.moml.MoMLSimpleApplication@50e96767
reloadAllAccessors: .SRinContinuous

===========================================================================================
----------------- testing Sat Dec 01 02:53:54 UTC 2018 /home/travis/build/icyphy/ptII/ptolemy/domains/continuous/test/auto/SampledClocks.xml
----------------- Instantiating /home/travis/build/icyphy/ptII/ptolemy/domains/continuous/test/auto/SampledClocks.xml
4 ms. Memory: 351232K Free: 255320K (73%)
----------------- Invoking toplevel() on ptolemy.moml.MoMLSimpleApplication@1236e011
----------------- Done invoking toplevel() on ptolemy.moml.MoMLSimpleApplication@1236e011
reloadAllAccessors: .SampledClocks

===========================================================================================
----------------- testing Sat Dec 01 02:53:54 UTC 2018 /home/travis/build/icyphy/ptII/ptolemy/domains/continuous/test/auto/Satellite.xml
----------------- Instantiating /home/travis/build/icyphy/ptII/ptolemy/domains/continuous/test/auto/Satellite.xml
897 ms. Memory: 351232K Free: 74524K (21%)
----------------- Invoking toplevel() on ptolemy.moml.MoMLSimpleApplication@1f7ddbb7
----------------- Done invoking toplevel() on ptolemy.moml.MoMLSimpleApplication@1f7ddbb7
reloadAllAccessors: .Satellite

===========================================================================================
----------------- testing Sat Dec 01 02:53:55 UTC 2018 /home/travis/build/icyphy/ptII/ptolemy/domains/continuous/test/auto/SigmaDelta.xml
----------------- Instantiating /home/travis/build/icyphy/ptII/ptolemy/domains/continuous/test/auto/SigmaDelta.xml
2304 ms. Memory: 410112K Free: 23141K (6%)
----------------- Invoking toplevel() on ptolemy.moml.MoMLSimpleApplication@3893c7c2
----------------- Done invoking toplevel() on ptolemy.moml.MoMLSimpleApplication@3893c7c2
reloadAllAccessors: .SigmaDelta

===========================================================================================
----------------- testing Sat Dec 01 02:53:57 UTC 2018 /home/travis/build/icyphy/ptII/ptolemy/domains/continuous/test/auto/SingleRefinement.xml
----------------- Instantiating /home/travis/build/icyphy/ptII/ptolemy/domains/continuous/test/auto/SingleRefinement.xml
343 ms. Memory: 391680K Free: 141943K (36%)
----------------- Invoking toplevel() on ptolemy.moml.MoMLSimpleApplication@62dd6e83
----------------- Done invoking toplevel() on ptolemy.moml.MoMLSimpleApplication@62dd6e83
reloadAllAccessors: .SingleRefinement

===========================================================================================
----------------- testing Sat Dec 01 02:53:58 UTC 2018 /home/travis/build/icyphy/ptII/ptolemy/domains/continuous/test/auto/SinuBouncingBall.xml
----------------- Instantiating /home/travis/build/icyphy/ptII/ptolemy/domains/continuous/test/auto/SinuBouncingBall.xml
909 ms. Memory: 455168K Free: 292327K (64%)
----------------- Invoking toplevel() on ptolemy.moml.MoMLSimpleApplication@5b2168e9
----------------- Done invoking toplevel() on ptolemy.moml.MoMLSimpleApplication@5b2168e9
reloadAllAccessors: .SinuBouncingBall

===========================================================================================
----------------- testing Sat Dec 01 02:53:59 UTC 2018 /home/travis/build/icyphy/ptII/ptolemy/domains/continuous/test/auto/Sinusoid.xml
----------------- Instantiating /home/travis/build/icyphy/ptII/ptolemy/domains/continuous/test/auto/Sinusoid.xml
5 ms. Memory: 455168K Free: 284765K (63%)
----------------- Invoking toplevel() on ptolemy.moml.MoMLSimpleApplication@53d08010
----------------- Done invoking toplevel() on ptolemy.moml.MoMLSimpleApplication@53d08010
reloadAllAccessors: .Sinusoid

===========================================================================================
----------------- testing Sat Dec 01 02:53:59 UTC 2018 /home/travis/build/icyphy/ptII/ptolemy/domains/continuous/test/auto/SinusoidInNoise.xml
----------------- Instantiating /home/travis/build/icyphy/ptII/ptolemy/domains/continuous/test/auto/SinusoidInNoise.xml
970 ms. Memory: 455168K Free: 83057K (18%)
----------------- Invoking toplevel() on ptolemy.moml.MoMLSimpleApplication@5dac3ac6
----------------- Done invoking toplevel() on ptolemy.moml.MoMLSimpleApplication@5dac3ac6
reloadAllAccessors: .SinusoidInNoise

===========================================================================================
----------------- testing Sat Dec 01 02:54:00 UTC 2018 /home/travis/build/icyphy/ptII/ptolemy/domains/continuous/test/auto/SinusoidRK45.xml
----------------- Instantiating /home/travis/build/icyphy/ptII/ptolemy/domains/continuous/test/auto/SinusoidRK45.xml
2 ms. Memory: 455168K Free: 77210K (17%)
----------------- Invoking toplevel() on ptolemy.moml.MoMLSimpleApplication@309f032c
----------------- Done invoking toplevel() on ptolemy.moml.MoMLSimpleApplication@309f032c
reloadAllAccessors: .SinusoidRK45

===========================================================================================
----------------- testing Sat Dec 01 02:54:00 UTC 2018 /home/travis/build/icyphy/ptII/ptolemy/domains/continuous/test/auto/SinusoidWithMultipleImpulses.xml
----------------- Instantiating /home/travis/build/icyphy/ptII/ptolemy/domains/continuous/test/auto/SinusoidWithMultipleImpulses.xml
3 ms. Memory: 455168K Free: 68814K (15%)
----------------- Invoking toplevel() on ptolemy.moml.MoMLSimpleApplication@7f2aaf5d
----------------- Done invoking toplevel() on ptolemy.moml.MoMLSimpleApplication@7f2aaf5d
reloadAllAccessors: .SinusoidWithMultipleImpulses

===========================================================================================
----------------- testing Sat Dec 01 02:54:00 UTC 2018 /home/travis/build/icyphy/ptII/ptolemy/domains/continuous/test/auto/SquareWave.xml
----------------- Instantiating /home/travis/build/icyphy/ptII/ptolemy/domains/continuous/test/auto/SquareWave.xml
176 ms. Memory: 455168K Free: 40584K (9%)
----------------- Invoking toplevel() on ptolemy.moml.MoMLSimpleApplication@28970f08
----------------- Done invoking toplevel() on ptolemy.moml.MoMLSimpleApplication@28970f08
reloadAllAccessors: .SquareWave

===========================================================================================
----------------- testing Sat Dec 01 02:54:00 UTC 2018 /home/travis/build/icyphy/ptII/ptolemy/domains/continuous/test/auto/Starmac.xml
----------------- Instantiating /home/travis/build/icyphy/ptII/ptolemy/domains/continuous/test/auto/Starmac.xml
3048 ms. Memory: 437248K Free: 23321K (5%)
----------------- Invoking toplevel() on ptolemy.moml.MoMLSimpleApplication@13577d16
----------------- Done invoking toplevel() on ptolemy.moml.MoMLSimpleApplication@13577d16
reloadAllAccessors: .Starmac

===========================================================================================
----------------- testing Sat Dec 01 02:54:04 UTC 2018 /home/travis/build/icyphy/ptII/ptolemy/domains/continuous/test/auto/StaticUnits.xml
----------------- Instantiating /home/travis/build/icyphy/ptII/ptolemy/domains/continuous/test/auto/StaticUnits.xml
2485 ms. Memory: 379392K Free: 251352K (66%)
----------------- Invoking toplevel() on ptolemy.moml.MoMLSimpleApplication@357cfb2d
----------------- Done invoking toplevel() on ptolemy.moml.MoMLSimpleApplication@357cfb2d
reloadAllAccessors: .StaticUnits

===========================================================================================
----------------- testing Sat Dec 01 02:54:07 UTC 2018 /home/travis/build/icyphy/ptII/ptolemy/domains/continuous/test/auto/StickyMasses.xml
----------------- Instantiating /home/travis/build/icyphy/ptII/ptolemy/domains/continuous/test/auto/StickyMasses.xml
209 ms. Memory: 379392K Free: 192905K (51%)
----------------- Invoking toplevel() on ptolemy.moml.MoMLSimpleApplication@46fca8f3
----------------- Done invoking toplevel() on ptolemy.moml.MoMLSimpleApplication@46fca8f3
reloadAllAccessors: .StickyMasses

===========================================================================================
----------------- testing Sat Dec 01 02:54:07 UTC 2018 /home/travis/build/icyphy/ptII/ptolemy/domains/continuous/test/auto/StopTime.xml
----------------- Instantiating /home/travis/build/icyphy/ptII/ptolemy/domains/continuous/test/auto/StopTime.xml
63 ms. Memory: 379392K Free: 163819K (43%)
----------------- Invoking toplevel() on ptolemy.moml.MoMLSimpleApplication@3c44b8cf
----------------- Done invoking toplevel() on ptolemy.moml.MoMLSimpleApplication@3c44b8cf
reloadAllAccessors: .StopTime

===========================================================================================
----------------- testing Sat Dec 01 02:54:07 UTC 2018 /home/travis/build/icyphy/ptII/ptolemy/domains/continuous/test/auto/StopTime2.xml
----------------- Instantiating /home/travis/build/icyphy/ptII/ptolemy/domains/continuous/test/auto/StopTime2.xml
38 ms. Memory: 379392K Free: 139066K (37%)
----------------- Invoking toplevel() on ptolemy.moml.MoMLSimpleApplication@2f446d78
----------------- Done invoking toplevel() on ptolemy.moml.MoMLSimpleApplication@2f446d78
reloadAllAccessors: .StopTime2

===========================================================================================
----------------- testing Sat Dec 01 02:54:07 UTC 2018 /home/travis/build/icyphy/ptII/ptolemy/domains/continuous/test/auto/Switch.xml
----------------- Instantiating /home/travis/build/icyphy/ptII/ptolemy/domains/continuous/test/auto/Switch.xml
39 ms. Memory: 379392K Free: 110031K (29%)
----------------- Invoking toplevel() on ptolemy.moml.MoMLSimpleApplication@689a212a
----------------- Done invoking toplevel() on ptolemy.moml.MoMLSimpleApplication@689a212a
reloadAllAccessors: .Switch

===========================================================================================
----------------- testing Sat Dec 01 02:54:07 UTC 2018 /home/travis/build/icyphy/ptII/ptolemy/domains/continuous/test/auto/Thermostat.xml
----------------- Instantiating /home/travis/build/icyphy/ptII/ptolemy/domains/continuous/test/auto/Thermostat.xml
185 ms. Memory: 360960K Free: 337910K (94%)
----------------- Invoking toplevel() on ptolemy.moml.MoMLSimpleApplication@463e0e90
----------------- Done invoking toplevel() on ptolemy.moml.MoMLSimpleApplication@463e0e90
reloadAllAccessors: .Thermostat

===========================================================================================
----------------- testing Sat Dec 01 02:54:07 UTC 2018 /home/travis/build/icyphy/ptII/ptolemy/domains/continuous/test/auto/TimeDelay.xml
----------------- Instantiating /home/travis/build/icyphy/ptII/ptolemy/domains/continuous/test/auto/TimeDelay.xml
5 ms. Memory: 360960K Free: 329613K (91%)
----------------- Invoking toplevel() on ptolemy.moml.MoMLSimpleApplication@6c4322c7
----------------- Done invoking toplevel() on ptolemy.moml.MoMLSimpleApplication@6c4322c7
reloadAllAccessors: .TimeDelay

===========================================================================================
----------------- testing Sat Dec 01 02:54:07 UTC 2018 /home/travis/build/icyphy/ptII/ptolemy/domains/continuous/test/auto/TimeDelay2.xml
----------------- Instantiating /home/travis/build/icyphy/ptII/ptolemy/domains/continuous/test/auto/TimeDelay2.xml
7 ms. Memory: 360960K Free: 316295K (88%)
----------------- Invoking toplevel() on ptolemy.moml.MoMLSimpleApplication@45bc87ab
----------------- Done invoking toplevel() on ptolemy.moml.MoMLSimpleApplication@45bc87ab
reloadAllAccessors: .TimeDelay2

===========================================================================================
----------------- testing Sat Dec 01 02:54:07 UTC 2018 /home/travis/build/icyphy/ptII/ptolemy/domains/continuous/test/auto/TimeDelay3.xml
----------------- Instantiating /home/travis/build/icyphy/ptII/ptolemy/domains/continuous/test/auto/TimeDelay3.xml
3 ms. Memory: 360960K Free: 309117K (86%)
----------------- Invoking toplevel() on ptolemy.moml.MoMLSimpleApplication@5e1e6b5f
----------------- Done invoking toplevel() on ptolemy.moml.MoMLSimpleApplication@5e1e6b5f
reloadAllAccessors: .TimeDelay3

===========================================================================================
----------------- testing Sat Dec 01 02:54:07 UTC 2018 /home/travis/build/icyphy/ptII/ptolemy/domains/continuous/test/auto/TransferAbsentToInside.xml
----------------- Instantiating /home/travis/build/icyphy/ptII/ptolemy/domains/continuous/test/auto/TransferAbsentToInside.xml
24 ms. Memory: 360960K Free: 250246K (69%)
----------------- Invoking toplevel() on ptolemy.moml.MoMLSimpleApplication@22e2fc14
----------------- Done invoking toplevel() on ptolemy.moml.MoMLSimpleApplication@22e2fc14
reloadAllAccessors: .TransferAbsentToInside

===========================================================================================
----------------- testing Sat Dec 01 02:54:07 UTC 2018 /home/travis/build/icyphy/ptII/ptolemy/domains/continuous/test/auto/Transmission.xml
----------------- Instantiating /home/travis/build/icyphy/ptII/ptolemy/domains/continuous/test/auto/Transmission.xml
738 ms. Memory: 347648K Free: 306118K (88%)
----------------- Invoking toplevel() on ptolemy.moml.MoMLSimpleApplication@134e799a
----------------- Done invoking toplevel() on ptolemy.moml.MoMLSimpleApplication@134e799a
reloadAllAccessors: .Transmission

===========================================================================================
----------------- testing Sat Dec 01 02:54:08 UTC 2018 /home/travis/build/icyphy/ptII/ptolemy/domains/continuous/test/auto/TriggeredContinuousClock.xml
----------------- Instantiating /home/travis/build/icyphy/ptII/ptolemy/domains/continuous/test/auto/TriggeredContinuousClock.xml
32 ms. Memory: 347648K Free: 270453K (78%)
----------------- Invoking toplevel() on ptolemy.moml.MoMLSimpleApplication@61cbc4c8
----------------- Done invoking toplevel() on ptolemy.moml.MoMLSimpleApplication@61cbc4c8
reloadAllAccessors: .TriggeredContinuousClock

===========================================================================================
----------------- testing Sat Dec 01 02:54:08 UTC 2018 /home/travis/build/icyphy/ptII/ptolemy/domains/continuous/test/auto/TwoMachineInfiniteBusControl.xml
----------------- Instantiating /home/travis/build/icyphy/ptII/ptolemy/domains/continuous/test/auto/TwoMachineInfiniteBusControl.xml
2614 ms. Memory: 321536K Free: 266154K (83%)
----------------- Invoking toplevel() on ptolemy.moml.MoMLSimpleApplication@5e957ac5
----------------- Done invoking toplevel() on ptolemy.moml.MoMLSimpleApplication@5e957ac5
reloadAllAccessors: .TwoMachineInfiniteBusControl

===========================================================================================
----------------- testing Sat Dec 01 02:54:11 UTC 2018 /home/travis/build/icyphy/ptII/ptolemy/domains/continuous/test/auto/V2V.xml
----------------- Instantiating /home/travis/build/icyphy/ptII/ptolemy/domains/continuous/test/auto/V2V.xml
631 ms. Memory: 321536K Free: 66838K (21%)
----------------- Invoking toplevel() on ptolemy.moml.MoMLSimpleApplication@71387dd
----------------- Done invoking toplevel() on ptolemy.moml.MoMLSimpleApplication@71387dd
reloadAllAccessors: .V2V

===========================================================================================
----------------- testing Sat Dec 01 02:54:12 UTC 2018 /home/travis/build/icyphy/ptII/ptolemy/domains/continuous/test/auto/hierarchicalModalModel.xml
----------------- Instantiating /home/travis/build/icyphy/ptII/ptolemy/domains/continuous/test/auto/hierarchicalModalModel.xml
8 ms. Memory: 321536K Free: 49668K (15%)
----------------- Invoking toplevel() on ptolemy.moml.MoMLSimpleApplication@50792201
----------------- Done invoking toplevel() on ptolemy.moml.MoMLSimpleApplication@50792201
reloadAllAccessors: .hierarchicalModalModel

===========================================================================================
----------------- testing Sat Dec 01 02:54:12 UTC 2018 /home/travis/build/icyphy/ptII/ptolemy/domains/continuous/test/auto/hierarchicalModalModel1.xml
----------------- Instantiating /home/travis/build/icyphy/ptII/ptolemy/domains/continuous/test/auto/hierarchicalModalModel1.xml
15 ms. Memory: 315392K Free: 294920K (94%)
----------------- Invoking toplevel() on ptolemy.moml.MoMLSimpleApplication@6df0c4d8
----------------- Done invoking toplevel() on ptolemy.moml.MoMLSimpleApplication@6df0c4d8
reloadAllAccessors: .hierarchicalModalModel1

===========================================================================================
----------------- testing Sat Dec 01 02:54:12 UTC 2018 /home/travis/build/icyphy/ptII/ptolemy/domains/continuous/test/auto/hierarchicalModalModel2.xml
----------------- Instantiating /home/travis/build/icyphy/ptII/ptolemy/domains/continuous/test/auto/hierarchicalModalModel2.xml
5 ms. Memory: 315392K Free: 277447K (88%)
----------------- Invoking toplevel() on ptolemy.moml.MoMLSimpleApplication@15c39633
----------------- Done invoking toplevel() on ptolemy.moml.MoMLSimpleApplication@15c39633
reloadAllAccessors: .hierarchicalModalModel2

===========================================================================================
----------------- testing Sat Dec 01 02:54:12 UTC 2018 /home/travis/build/icyphy/ptII/ptolemy/domains/continuous/test/auto/hierarchicalModalModel3.xml
----------------- Instantiating /home/travis/build/icyphy/ptII/ptolemy/domains/continuous/test/auto/hierarchicalModalModel3.xml
6 ms. Memory: 315392K Free: 264438K (84%)
----------------- Invoking toplevel() on ptolemy.moml.MoMLSimpleApplication@78df809d
----------------- Done invoking toplevel() on ptolemy.moml.MoMLSimpleApplication@78df809d
reloadAllAccessors: .hierarchicalModalModel3

===========================================================================================
----------------- testing Sat Dec 01 02:54:12 UTC 2018 /home/travis/build/icyphy/ptII/ptolemy/domains/continuous/test/auto/hierarchicalModalModel4.xml
----------------- Instantiating /home/travis/build/icyphy/ptII/ptolemy/domains/continuous/test/auto/hierarchicalModalModel4.xml
4 ms. Memory: 315392K Free: 247972K (79%)
----------------- Invoking toplevel() on ptolemy.moml.MoMLSimpleApplication@4efb47bf
----------------- Done invoking toplevel() on ptolemy.moml.MoMLSimpleApplication@4efb47bf
reloadAllAccessors: .hierarchicalModalModel4

===========================================================================================
----------------- testing Sat Dec 01 02:54:12 UTC 2018 /home/travis/build/icyphy/ptII/ptolemy/domains/continuous/test/auto/junk.xml
----------------- Instantiating /home/travis/build/icyphy/ptII/ptolemy/domains/continuous/test/auto/junk.xml
138 ms. Memory: 315392K Free: 210810K (67%)
----------------- Invoking toplevel() on ptolemy.moml.MoMLSimpleApplication@e63c45f
----------------- Done invoking toplevel() on ptolemy.moml.MoMLSimpleApplication@e63c45f
reloadAllAccessors: .junk
AutoTests.java: About to close Vertx.
AutoTests.java: Vertx closed.
]]></system-out>
  <system-err><![CDATA[Warning: '.HysteresisWithRandomDelay.NonStrictTest' The test produced only 221 tokens, yet the correctValues parameter was expecting 222 tokens.
Warning: '.HysteresisWithRandomDelay.NonStrictTest2' The test produced only 220 tokens, yet the correctValues parameter was expecting 221 tokens.
Warning: '.HysteresisWithRandomDelay.NonStrictTest3' The test produced only 26 tokens, yet the correctValues parameter was expecting 30 tokens.
Warning: '.Poisson.NonStrictTest' The test produced only 404 tokens, yet the correctValues parameter was expecting 430 tokens.
]]></system-err>
</testsuite>
