<?xml version="1.0" encoding="UTF-8" ?>
<testsuite errors="0" failures="0" hostname="travis-job-272a3b46-d3da-4f9c-9a45-74bc837a8ae8" name="ptolemy.domains.sdf.lib.test.junit.JUnitTclTest" skipped="0" tests="82" time="9.49" timestamp="2019-02-24T15:13:53">
  <properties>
[...]
</properties>
  <testcase classname="ptolemy.util.test.junit.TclTests" name="[0] /home/travis/build/icyphy/ptII/ptolemy/domains/sdf/lib/test/ArrayToSequence.tcl (RunTclFile)" time="0.501" />
  <testcase classname="ptolemy.util.test.junit.TclTests" name="[1] /home/travis/build/icyphy/ptII/ptolemy/domains/sdf/lib/test/BitsToInt.tcl (RunTclFile)" time="0.055" />
  <testcase classname="ptolemy.util.test.junit.TclTests" name="[2] /home/travis/build/icyphy/ptII/ptolemy/domains/sdf/lib/test/DelayLine.tcl (RunTclFile)" time="0.035" />
  <testcase classname="ptolemy.util.test.junit.TclTests" name="[3] /home/travis/build/icyphy/ptII/ptolemy/domains/sdf/lib/test/FFT.tcl (RunTclFile)" time="0.015" />
  <testcase classname="ptolemy.util.test.junit.TclTests" name="[4] /home/travis/build/icyphy/ptII/ptolemy/domains/sdf/lib/test/FIR.tcl (RunTclFile)" time="0.075" />
  <testcase classname="ptolemy.util.test.junit.TclTests" name="[5] /home/travis/build/icyphy/ptII/ptolemy/domains/sdf/lib/test/IntToBits.tcl (RunTclFile)" time="0.058" />
  <testcase classname="ptolemy.util.test.junit.TclTests" name="[6] /home/travis/build/icyphy/ptII/ptolemy/domains/sdf/lib/test/MaximumEntropySpectrum.tcl (RunTclFile)" time="0.225" />
  <testcase classname="ptolemy.util.test.junit.TclTests" name="[7] /home/travis/build/icyphy/ptII/ptolemy/domains/sdf/lib/test/Repeat.tcl (RunTclFile)" time="0.021" />
  <testcase classname="ptolemy.util.test.junit.TclTests" name="[8] /home/travis/build/icyphy/ptII/ptolemy/domains/sdf/lib/test/SampleDelay.tcl (RunTclFile)" time="0.042" />
  <testcase classname="ptolemy.util.test.junit.TclTests" name="[9] /home/travis/build/icyphy/ptII/ptolemy/domains/sdf/lib/test/SequenceToArray.tcl (RunTclFile)" time="0.034" />
  <testcase classname="ptolemy.util.test.junit.AutoKnownFailedTests" name="[0] ThereAreNoKnowFailedTests (RunModel)" time="0.0" />
  <testcase classname="ptolemy.util.test.junit.AutoNameArchTests" name="[0] ThereAreNoAutoArchTests (RunModel)" time="0.0" />
  <testcase classname="ptolemy.util.test.junit.AutoTests" name="[0] /home/travis/build/icyphy/ptII/ptolemy/domains/sdf/lib/test/auto/ArrayToSequence.xml (RunModel)" time="0.155" />
  <testcase classname="ptolemy.util.test.junit.AutoTests" name="[1] /home/travis/build/icyphy/ptII/ptolemy/domains/sdf/lib/test/auto/ArrayToSequenceTest.xml (RunModel)" time="0.071" />
  <testcase classname="ptolemy.util.test.junit.AutoTests" name="[2] /home/travis/build/icyphy/ptII/ptolemy/domains/sdf/lib/test/auto/Autocorrelation.xml (RunModel)" time="0.029" />
  <testcase classname="ptolemy.util.test.junit.AutoTests" name="[3] /home/travis/build/icyphy/ptII/ptolemy/domains/sdf/lib/test/auto/Autocorrelation2.xml (RunModel)" time="0.022" />
  <testcase classname="ptolemy.util.test.junit.AutoTests" name="[4] /home/travis/build/icyphy/ptII/ptolemy/domains/sdf/lib/test/auto/Autocorrelation3.xml (RunModel)" time="0.047" />
  <testcase classname="ptolemy.util.test.junit.AutoTests" name="[5] /home/travis/build/icyphy/ptII/ptolemy/domains/sdf/lib/test/auto/Autocorrelation4.xml (RunModel)" time="0.022" />
  <testcase classname="ptolemy.util.test.junit.AutoTests" name="[6] /home/travis/build/icyphy/ptII/ptolemy/domains/sdf/lib/test/auto/Autocorrelation5.xml (RunModel)" time="0.088" />
  <testcase classname="ptolemy.util.test.junit.AutoTests" name="[7] /home/travis/build/icyphy/ptII/ptolemy/domains/sdf/lib/test/auto/BitsToInt.xml (RunModel)" time="0.049" />
  <testcase classname="ptolemy.util.test.junit.AutoTests" name="[8] /home/travis/build/icyphy/ptII/ptolemy/domains/sdf/lib/test/auto/BooleanJoin.xml (RunModel)" time="0.061" />
  <testcase classname="ptolemy.util.test.junit.AutoTests" name="[9] /home/travis/build/icyphy/ptII/ptolemy/domains/sdf/lib/test/auto/BootstrapSampleDelay.xml (RunModel)" time="0.046" />
  <testcase classname="ptolemy.util.test.junit.AutoTests" name="[10] /home/travis/build/icyphy/ptII/ptolemy/domains/sdf/lib/test/auto/Chop.xml (RunModel)" time="0.036" />
  <testcase classname="ptolemy.util.test.junit.AutoTests" name="[11] /home/travis/build/icyphy/ptII/ptolemy/domains/sdf/lib/test/auto/Chop2.xml (RunModel)" time="0.06" />
  <testcase classname="ptolemy.util.test.junit.AutoTests" name="[12] /home/travis/build/icyphy/ptII/ptolemy/domains/sdf/lib/test/auto/ComplexJoin.xml (RunModel)" time="0.054" />
  <testcase classname="ptolemy.util.test.junit.AutoTests" name="[13] /home/travis/build/icyphy/ptII/ptolemy/domains/sdf/lib/test/auto/CountTrues.xml (RunModel)" time="0.036" />
  <testcase classname="ptolemy.util.test.junit.AutoTests" name="[14] /home/travis/build/icyphy/ptII/ptolemy/domains/sdf/lib/test/auto/DelayLine.xml (RunModel)" time="0.047" />
  <testcase classname="ptolemy.util.test.junit.AutoTests" name="[15] /home/travis/build/icyphy/ptII/ptolemy/domains/sdf/lib/test/auto/DotProduct.xml (RunModel)" time="0.03" />
  <testcase classname="ptolemy.util.test.junit.AutoTests" name="[16] /home/travis/build/icyphy/ptII/ptolemy/domains/sdf/lib/test/auto/DotProductMatrix.xml (RunModel)" time="0.023" />
  <testcase classname="ptolemy.util.test.junit.AutoTests" name="[17] /home/travis/build/icyphy/ptII/ptolemy/domains/sdf/lib/test/auto/DownSample1.xml (RunModel)" time="0.021" />
  <testcase classname="ptolemy.util.test.junit.AutoTests" name="[18] /home/travis/build/icyphy/ptII/ptolemy/domains/sdf/lib/test/auto/DynamicRateChange.xml (RunModel)" time="0.03" />
  <testcase classname="ptolemy.util.test.junit.AutoTests" name="[19] /home/travis/build/icyphy/ptII/ptolemy/domains/sdf/lib/test/auto/DynamicRates.xml (RunModel)" time="0.032" />
  <testcase classname="ptolemy.util.test.junit.AutoTests" name="[20] /home/travis/build/icyphy/ptII/ptolemy/domains/sdf/lib/test/auto/FFT1.xml (RunModel)" time="0.034" />
  <testcase classname="ptolemy.util.test.junit.AutoTests" name="[21] /home/travis/build/icyphy/ptII/ptolemy/domains/sdf/lib/test/auto/FIR1.xml (RunModel)" time="0.054" />
  <testcase classname="ptolemy.util.test.junit.AutoTests" name="[22] /home/travis/build/icyphy/ptII/ptolemy/domains/sdf/lib/test/auto/FIR2.xml (RunModel)" time="0.016" />
  <testcase classname="ptolemy.util.test.junit.AutoTests" name="[23] /home/travis/build/icyphy/ptII/ptolemy/domains/sdf/lib/test/auto/FIR4.xml (RunModel)" time="0.048" />
  <testcase classname="ptolemy.util.test.junit.AutoTests" name="[24] /home/travis/build/icyphy/ptII/ptolemy/domains/sdf/lib/test/auto/FixJoin.xml (RunModel)" time="0.05" />
  <testcase classname="ptolemy.util.test.junit.AutoTests" name="[25] /home/travis/build/icyphy/ptII/ptolemy/domains/sdf/lib/test/auto/IntJoin1.xml (RunModel)" time="0.022" />
  <testcase classname="ptolemy.util.test.junit.AutoTests" name="[26] /home/travis/build/icyphy/ptII/ptolemy/domains/sdf/lib/test/auto/IntJoin2.xml (RunModel)" time="0.017" />
  <testcase classname="ptolemy.util.test.junit.AutoTests" name="[27] /home/travis/build/icyphy/ptII/ptolemy/domains/sdf/lib/test/auto/IntJoin3.xml (RunModel)" time="0.021" />
  <testcase classname="ptolemy.util.test.junit.AutoTests" name="[28] /home/travis/build/icyphy/ptII/ptolemy/domains/sdf/lib/test/auto/IntJoin4.xml (RunModel)" time="0.02" />
  <testcase classname="ptolemy.util.test.junit.AutoTests" name="[29] /home/travis/build/icyphy/ptII/ptolemy/domains/sdf/lib/test/auto/IntJoin5.xml (RunModel)" time="0.022" />
  <testcase classname="ptolemy.util.test.junit.AutoTests" name="[30] /home/travis/build/icyphy/ptII/ptolemy/domains/sdf/lib/test/auto/IntToBits.xml (RunModel)" time="0.018" />
  <testcase classname="ptolemy.util.test.junit.AutoTests" name="[31] /home/travis/build/icyphy/ptII/ptolemy/domains/sdf/lib/test/auto/LMSAdaptive.xml (RunModel)" time="0.059" />
  <testcase classname="ptolemy.util.test.junit.AutoTests" name="[32] /home/travis/build/icyphy/ptII/ptolemy/domains/sdf/lib/test/auto/LMSAdaptiveFIR.xml (RunModel)" time="0.31" />
  <testcase classname="ptolemy.util.test.junit.AutoTests" name="[33] /home/travis/build/icyphy/ptII/ptolemy/domains/sdf/lib/test/auto/LMSAdaptiveFIR2.xml (RunModel)" time="0.456" />
  <testcase classname="ptolemy.util.test.junit.AutoTests" name="[34] /home/travis/build/icyphy/ptII/ptolemy/domains/sdf/lib/test/auto/LongJoin.xml (RunModel)" time="0.026" />
  <testcase classname="ptolemy.util.test.junit.AutoTests" name="[35] /home/travis/build/icyphy/ptII/ptolemy/domains/sdf/lib/test/auto/Matrix1.xml (RunModel)" time="0.019" />
  <testcase classname="ptolemy.util.test.junit.AutoTests" name="[36] /home/travis/build/icyphy/ptII/ptolemy/domains/sdf/lib/test/auto/Matrix2.xml (RunModel)" time="0.013" />
  <testcase classname="ptolemy.util.test.junit.AutoTests" name="[37] /home/travis/build/icyphy/ptII/ptolemy/domains/sdf/lib/test/auto/MatrixJoin1.xml (RunModel)" time="0.027" />
  <testcase classname="ptolemy.util.test.junit.AutoTests" name="[38] /home/travis/build/icyphy/ptII/ptolemy/domains/sdf/lib/test/auto/MatrixJoin2.xml (RunModel)" time="0.017" />
  <testcase classname="ptolemy.util.test.junit.AutoTests" name="[39] /home/travis/build/icyphy/ptII/ptolemy/domains/sdf/lib/test/auto/MatrixJoin3.xml (RunModel)" time="0.045" />
  <testcase classname="ptolemy.util.test.junit.AutoTests" name="[40] /home/travis/build/icyphy/ptII/ptolemy/domains/sdf/lib/test/auto/MatrixJoin4.xml (RunModel)" time="0.022" />
  <testcase classname="ptolemy.util.test.junit.AutoTests" name="[41] /home/travis/build/icyphy/ptII/ptolemy/domains/sdf/lib/test/auto/MatrixJoin5.xml (RunModel)" time="0.019" />
  <testcase classname="ptolemy.util.test.junit.AutoTests" name="[42] /home/travis/build/icyphy/ptII/ptolemy/domains/sdf/lib/test/auto/MatrixSplit1.xml (RunModel)" time="0.034" />
  <testcase classname="ptolemy.util.test.junit.AutoTests" name="[43] /home/travis/build/icyphy/ptII/ptolemy/domains/sdf/lib/test/auto/MatrixSplit10.xml (RunModel)" time="0.023" />
  <testcase classname="ptolemy.util.test.junit.AutoTests" name="[44] /home/travis/build/icyphy/ptII/ptolemy/domains/sdf/lib/test/auto/MatrixSplit11.xml (RunModel)" time="0.019" />
  <testcase classname="ptolemy.util.test.junit.AutoTests" name="[45] /home/travis/build/icyphy/ptII/ptolemy/domains/sdf/lib/test/auto/MatrixSplit12.xml (RunModel)" time="0.023" />
  <testcase classname="ptolemy.util.test.junit.AutoTests" name="[46] /home/travis/build/icyphy/ptII/ptolemy/domains/sdf/lib/test/auto/MatrixSplit13.xml (RunModel)" time="0.033" />
  <testcase classname="ptolemy.util.test.junit.AutoTests" name="[47] /home/travis/build/icyphy/ptII/ptolemy/domains/sdf/lib/test/auto/MatrixSplit14.xml (RunModel)" time="0.015" />
  <testcase classname="ptolemy.util.test.junit.AutoTests" name="[48] /home/travis/build/icyphy/ptII/ptolemy/domains/sdf/lib/test/auto/MatrixSplit2.xml (RunModel)" time="0.018" />
  <testcase classname="ptolemy.util.test.junit.AutoTests" name="[49] /home/travis/build/icyphy/ptII/ptolemy/domains/sdf/lib/test/auto/MatrixSplit3.xml (RunModel)" time="0.021" />
  <testcase classname="ptolemy.util.test.junit.AutoTests" name="[50] /home/travis/build/icyphy/ptII/ptolemy/domains/sdf/lib/test/auto/MatrixSplit4.xml (RunModel)" time="0.019" />
  <testcase classname="ptolemy.util.test.junit.AutoTests" name="[51] /home/travis/build/icyphy/ptII/ptolemy/domains/sdf/lib/test/auto/MatrixSplit5.xml (RunModel)" time="0.018" />
  <testcase classname="ptolemy.util.test.junit.AutoTests" name="[52] /home/travis/build/icyphy/ptII/ptolemy/domains/sdf/lib/test/auto/MatrixSplit6.xml (RunModel)" time="0.019" />
  <testcase classname="ptolemy.util.test.junit.AutoTests" name="[53] /home/travis/build/icyphy/ptII/ptolemy/domains/sdf/lib/test/auto/MatrixSplit7.xml (RunModel)" time="0.018" />
  <testcase classname="ptolemy.util.test.junit.AutoTests" name="[54] /home/travis/build/icyphy/ptII/ptolemy/domains/sdf/lib/test/auto/MatrixSplit8.xml (RunModel)" time="0.016" />
  <testcase classname="ptolemy.util.test.junit.AutoTests" name="[55] /home/travis/build/icyphy/ptII/ptolemy/domains/sdf/lib/test/auto/MatrixSplit9.xml (RunModel)" time="0.032" />
  <testcase classname="ptolemy.util.test.junit.AutoTests" name="[56] /home/travis/build/icyphy/ptII/ptolemy/domains/sdf/lib/test/auto/MatrixToSequence.xml (RunModel)" time="0.041" />
  <testcase classname="ptolemy.util.test.junit.AutoTests" name="[57] /home/travis/build/icyphy/ptII/ptolemy/domains/sdf/lib/test/auto/MaximumEntropySpectrum.xml (RunModel)" time="0.088" />
  <testcase classname="ptolemy.util.test.junit.AutoTests" name="[58] /home/travis/build/icyphy/ptII/ptolemy/domains/sdf/lib/test/auto/SampleDelayConversion.xml (RunModel)" time="0.021" />
  <testcase classname="ptolemy.util.test.junit.AutoTests" name="[59] /home/travis/build/icyphy/ptII/ptolemy/domains/sdf/lib/test/auto/SequenceToArray.xml (RunModel)" time="0.065" />
  <testcase classname="ptolemy.util.test.junit.AutoTests" name="[60] /home/travis/build/icyphy/ptII/ptolemy/domains/sdf/lib/test/auto/SequenceToMatrix.xml (RunModel)" time="4.846" />
  <testcase classname="ptolemy.util.test.junit.AutoTests" name="[61] /home/travis/build/icyphy/ptII/ptolemy/domains/sdf/lib/test/auto/SmoothedPeriodogram.xml (RunModel)" time="0.06" />
  <testcase classname="ptolemy.util.test.junit.AutoTests" name="[62] /home/travis/build/icyphy/ptII/ptolemy/domains/sdf/lib/test/auto/UpDownSample1.xml (RunModel)" time="0.016" />
  <testcase classname="ptolemy.util.test.junit.AutoTests" name="[63] /home/travis/build/icyphy/ptII/ptolemy/domains/sdf/lib/test/auto/UpSample1.xml (RunModel)" time="0.027" />
  <testcase classname="ptolemy.util.test.junit.AutoTests" name="[64] /home/travis/build/icyphy/ptII/ptolemy/domains/sdf/lib/test/auto/VariableFIR.xml (RunModel)" time="0.047" />
  <testcase classname="ptolemy.util.test.junit.AutoTests" name="[65] /home/travis/build/icyphy/ptII/ptolemy/domains/sdf/lib/test/auto/VariableFIR2.xml (RunModel)" time="0.025" />
  <testcase classname="ptolemy.util.test.junit.AutoTests" name="[66] /home/travis/build/icyphy/ptII/ptolemy/domains/sdf/lib/test/auto/VariableLattice.xml (RunModel)" time="0.028" />
  <testcase classname="ptolemy.util.test.junit.AutoTests" name="[67] /home/travis/build/icyphy/ptII/ptolemy/domains/sdf/lib/test/auto/VariableLattice2.xml (RunModel)" time="0.027" />
  <testcase classname="ptolemy.util.test.junit.AutoTests" name="[68] /home/travis/build/icyphy/ptII/ptolemy/domains/sdf/lib/test/auto/VariableRecursiveLattice.xml (RunModel)" time="0.025" />
  <testcase classname="ptolemy.util.test.junit.AutoTests" name="[69] /home/travis/build/icyphy/ptII/ptolemy/domains/sdf/lib/test/auto/VariableRecursiveLattice2.xml (RunModel)" time="0.019" />
  <system-out><![CDATA[/home/travis/build/icyphy/ptII/ptolemy/domains/sdf/lib/test/ArrayToSequence.tcl
testDefs.tcl: setting time out to 9000 seconds at Sun Feb 24 15:13:53 UTC 2019
35 ms. Memory: 116224K Free: 87125K (75%)
12 ms. Memory: 116224K Free: 85896K (74%)
9 ms. Memory: 116224K Free: 109503K (94%)
10 ms. Memory: 116224K Free: 108301K (93%)
/home/travis/build/icyphy/ptII/ptolemy/domains/sdf/lib/test/BitsToInt.tcl
13 ms. Memory: 116224K Free: 106494K (92%)
16 ms. Memory: 116224K Free: 104711K (90%)
/home/travis/build/icyphy/ptII/ptolemy/domains/sdf/lib/test/DelayLine.tcl
15 ms. Memory: 116224K Free: 102920K (89%)
/home/travis/build/icyphy/ptII/ptolemy/domains/sdf/lib/test/FFT.tcl
5 ms. Memory: 116224K Free: 101153K (87%)
/home/travis/build/icyphy/ptII/ptolemy/domains/sdf/lib/test/FIR.tcl
15 ms. Memory: 116224K Free: 99340K (85%)
3 ms. Memory: 116224K Free: 98122K (84%)
ptolemy.kernel.util.IllegalActionException: multiplyReverse method not supported between ptolemy.data.FixToken 'fix(-0.0625,6,2)' and ptolemy.data.IntToken '1' because the types are incomparable.
  in .top.FIRclone
Because:
multiplyReverse method not supported between ptolemy.data.FixToken 'fix(-0.0625,6,2)' and ptolemy.data.IntToken '1' because the types are incomparable.
15 ms. Memory: 116224K Free: 95734K (82%)
/home/travis/build/icyphy/ptII/ptolemy/domains/sdf/lib/test/IntToBits.tcl
9 ms. Memory: 116224K Free: 93943K (81%)
10 ms. Memory: 116224K Free: 92741K (80%)
/home/travis/build/icyphy/ptII/ptolemy/domains/sdf/lib/test/MaximumEntropySpectrum.tcl
/home/travis/build/icyphy/ptII/ptolemy/domains/sdf/lib/test/Repeat.tcl
6 ms. Memory: 146944K Free: 123281K (84%)
/home/travis/build/icyphy/ptII/ptolemy/domains/sdf/lib/test/SampleDelay.tcl
7 ms. Memory: 146944K Free: 120880K (82%)
4 ms. Memory: 146944K Free: 120880K (82%)
4 ms. Memory: 146944K Free: 119690K (81%)
4 ms. Memory: 146944K Free: 118484K (81%)
2 ms. Memory: 146944K Free: 118484K (81%)
1 ms. Memory: 146944K Free: 117277K (80%)
/home/travis/build/icyphy/ptII/ptolemy/domains/sdf/lib/test/SequenceToArray.tcl
5 ms. Memory: 146944K Free: 116071K (79%)
4 ms. Memory: 146944K Free: 114881K (78%)
5 ms. Memory: 146944K Free: 113675K (77%)
6 ms. Memory: 146944K Free: 112469K (77%)
02/24/19 03:13:54
Failed: 0  Total Tests: 41  ((Passed: 41, Newly Passed: 0)  Known Failed: 0) /home/travis/build/icyphy/ptII/ptolemy/domains/sdf/lib/test
No auto/knownFailedTests/*.xml tests in /home/travis/build/icyphy/ptII/ptolemy/domains/sdf/lib/test
No auto/linux-amd64/*.xml tests in /home/travis/build/icyphy/ptII/ptolemy/domains/sdf/lib/test
AutoTests.java: About to close Vertx.
AutoTests.java: Vertx closed.

===========================================================================================
----------------- testing Sun Feb 24 15:13:54 UTC 2019 /home/travis/build/icyphy/ptII/ptolemy/domains/sdf/lib/test/auto/ArrayToSequence.xml
----------------- Instantiating /home/travis/build/icyphy/ptII/ptolemy/domains/sdf/lib/test/auto/ArrayToSequence.xml
26 ms. Memory: 146944K Free: 133591K (91%)
----------------- Invoking toplevel() on ptolemy.moml.MoMLSimpleApplication@7290fa08
----------------- Done invoking toplevel() on ptolemy.moml.MoMLSimpleApplication@7290fa08
reloadAllAccessors: .ArrayToSequence

===========================================================================================
----------------- testing Sun Feb 24 15:13:55 UTC 2019 /home/travis/build/icyphy/ptII/ptolemy/domains/sdf/lib/test/auto/ArrayToSequenceTest.xml
----------------- Instantiating /home/travis/build/icyphy/ptII/ptolemy/domains/sdf/lib/test/auto/ArrayToSequenceTest.xml
21 ms. Memory: 146944K Free: 126203K (86%)
----------------- Invoking toplevel() on ptolemy.moml.MoMLSimpleApplication@5ec0d02a
----------------- Done invoking toplevel() on ptolemy.moml.MoMLSimpleApplication@5ec0d02a
reloadAllAccessors: .ArrayToSequenceTest

===========================================================================================
----------------- testing Sun Feb 24 15:13:55 UTC 2019 /home/travis/build/icyphy/ptII/ptolemy/domains/sdf/lib/test/auto/Autocorrelation.xml
----------------- Instantiating /home/travis/build/icyphy/ptII/ptolemy/domains/sdf/lib/test/auto/Autocorrelation.xml
4 ms. Memory: 146944K Free: 121561K (83%)
----------------- Invoking toplevel() on ptolemy.moml.MoMLSimpleApplication@29dd3f2c
----------------- Done invoking toplevel() on ptolemy.moml.MoMLSimpleApplication@29dd3f2c
reloadAllAccessors: .Autocorrelation

===========================================================================================
----------------- testing Sun Feb 24 15:13:55 UTC 2019 /home/travis/build/icyphy/ptII/ptolemy/domains/sdf/lib/test/auto/Autocorrelation2.xml
----------------- Instantiating /home/travis/build/icyphy/ptII/ptolemy/domains/sdf/lib/test/auto/Autocorrelation2.xml
4 ms. Memory: 146944K Free: 116942K (80%)
----------------- Invoking toplevel() on ptolemy.moml.MoMLSimpleApplication@3e3d0ea1
----------------- Done invoking toplevel() on ptolemy.moml.MoMLSimpleApplication@3e3d0ea1
reloadAllAccessors: .Autocorrelation2

===========================================================================================
----------------- testing Sun Feb 24 15:13:55 UTC 2019 /home/travis/build/icyphy/ptII/ptolemy/domains/sdf/lib/test/auto/Autocorrelation3.xml
----------------- Instantiating /home/travis/build/icyphy/ptII/ptolemy/domains/sdf/lib/test/auto/Autocorrelation3.xml
9 ms. Memory: 146944K Free: 112036K (76%)
----------------- Invoking toplevel() on ptolemy.moml.MoMLSimpleApplication@58a82439
----------------- Done invoking toplevel() on ptolemy.moml.MoMLSimpleApplication@58a82439
reloadAllAccessors: .Autocorrelation3

===========================================================================================
----------------- testing Sun Feb 24 15:13:55 UTC 2019 /home/travis/build/icyphy/ptII/ptolemy/domains/sdf/lib/test/auto/Autocorrelation4.xml
----------------- Instantiating /home/travis/build/icyphy/ptII/ptolemy/domains/sdf/lib/test/auto/Autocorrelation4.xml
4 ms. Memory: 146944K Free: 107402K (73%)
----------------- Invoking toplevel() on ptolemy.moml.MoMLSimpleApplication@173c71a8
----------------- Done invoking toplevel() on ptolemy.moml.MoMLSimpleApplication@173c71a8
reloadAllAccessors: .Autocorrelation4

===========================================================================================
----------------- testing Sun Feb 24 15:13:55 UTC 2019 /home/travis/build/icyphy/ptII/ptolemy/domains/sdf/lib/test/auto/Autocorrelation5.xml
----------------- Instantiating /home/travis/build/icyphy/ptII/ptolemy/domains/sdf/lib/test/auto/Autocorrelation5.xml
42 ms. Memory: 146944K Free: 100160K (68%)
----------------- Invoking toplevel() on ptolemy.moml.MoMLSimpleApplication@4bb92555
----------------- Done invoking toplevel() on ptolemy.moml.MoMLSimpleApplication@4bb92555
reloadAllAccessors: .Autocorrelation5

===========================================================================================
----------------- testing Sun Feb 24 15:13:55 UTC 2019 /home/travis/build/icyphy/ptII/ptolemy/domains/sdf/lib/test/auto/BitsToInt.xml
----------------- Instantiating /home/travis/build/icyphy/ptII/ptolemy/domains/sdf/lib/test/auto/BitsToInt.xml
6 ms. Memory: 146944K Free: 95743K (65%)
----------------- Invoking toplevel() on ptolemy.moml.MoMLSimpleApplication@6ffa6318
----------------- Done invoking toplevel() on ptolemy.moml.MoMLSimpleApplication@6ffa6318
reloadAllAccessors: .BitsToInt

===========================================================================================
----------------- testing Sun Feb 24 15:13:55 UTC 2019 /home/travis/build/icyphy/ptII/ptolemy/domains/sdf/lib/test/auto/BooleanJoin.xml
----------------- Instantiating /home/travis/build/icyphy/ptII/ptolemy/domains/sdf/lib/test/auto/BooleanJoin.xml
8 ms. Memory: 146944K Free: 91053K (62%)
----------------- Invoking toplevel() on ptolemy.moml.MoMLSimpleApplication@1a57bea
----------------- Done invoking toplevel() on ptolemy.moml.MoMLSimpleApplication@1a57bea
reloadAllAccessors: .BooleanJoin

===========================================================================================
----------------- testing Sun Feb 24 15:13:55 UTC 2019 /home/travis/build/icyphy/ptII/ptolemy/domains/sdf/lib/test/auto/BootstrapSampleDelay.xml
----------------- Instantiating /home/travis/build/icyphy/ptII/ptolemy/domains/sdf/lib/test/auto/BootstrapSampleDelay.xml
6 ms. Memory: 146944K Free: 87174K (59%)
----------------- Invoking toplevel() on ptolemy.moml.MoMLSimpleApplication@5ce1019
----------------- Done invoking toplevel() on ptolemy.moml.MoMLSimpleApplication@5ce1019
reloadAllAccessors: .BootstrapSampleDelay

===========================================================================================
----------------- testing Sun Feb 24 15:13:55 UTC 2019 /home/travis/build/icyphy/ptII/ptolemy/domains/sdf/lib/test/auto/Chop.xml
----------------- Instantiating /home/travis/build/icyphy/ptII/ptolemy/domains/sdf/lib/test/auto/Chop.xml
5 ms. Memory: 146944K Free: 78565K (53%)
----------------- Invoking toplevel() on ptolemy.moml.MoMLSimpleApplication@178cd20c
----------------- Done invoking toplevel() on ptolemy.moml.MoMLSimpleApplication@178cd20c
reloadAllAccessors: .Chop

===========================================================================================
----------------- testing Sun Feb 24 15:13:55 UTC 2019 /home/travis/build/icyphy/ptII/ptolemy/domains/sdf/lib/test/auto/Chop2.xml
----------------- Instantiating /home/travis/build/icyphy/ptII/ptolemy/domains/sdf/lib/test/auto/Chop2.xml
11 ms. Memory: 208384K Free: 194751K (93%)
----------------- Invoking toplevel() on ptolemy.moml.MoMLSimpleApplication@35c54a20
----------------- Done invoking toplevel() on ptolemy.moml.MoMLSimpleApplication@35c54a20
reloadAllAccessors: .Chop2

===========================================================================================
----------------- testing Sun Feb 24 15:13:55 UTC 2019 /home/travis/build/icyphy/ptII/ptolemy/domains/sdf/lib/test/auto/ComplexJoin.xml
----------------- Instantiating /home/travis/build/icyphy/ptII/ptolemy/domains/sdf/lib/test/auto/ComplexJoin.xml
3 ms. Memory: 208384K Free: 188295K (90%)
----------------- Invoking toplevel() on ptolemy.moml.MoMLSimpleApplication@451125b7
----------------- Done invoking toplevel() on ptolemy.moml.MoMLSimpleApplication@451125b7
reloadAllAccessors: .ComplexJoin

===========================================================================================
----------------- testing Sun Feb 24 15:13:55 UTC 2019 /home/travis/build/icyphy/ptII/ptolemy/domains/sdf/lib/test/auto/CountTrues.xml
----------------- Instantiating /home/travis/build/icyphy/ptII/ptolemy/domains/sdf/lib/test/auto/CountTrues.xml
5 ms. Memory: 208384K Free: 185018K (89%)
----------------- Invoking toplevel() on ptolemy.moml.MoMLSimpleApplication@5fe5860c
----------------- Done invoking toplevel() on ptolemy.moml.MoMLSimpleApplication@5fe5860c
reloadAllAccessors: .CountTrues

===========================================================================================
----------------- testing Sun Feb 24 15:13:55 UTC 2019 /home/travis/build/icyphy/ptII/ptolemy/domains/sdf/lib/test/auto/DelayLine.xml
----------------- Instantiating /home/travis/build/icyphy/ptII/ptolemy/domains/sdf/lib/test/auto/DelayLine.xml
10 ms. Memory: 208384K Free: 179267K (86%)
----------------- Invoking toplevel() on ptolemy.moml.MoMLSimpleApplication@7ba1a892
----------------- Done invoking toplevel() on ptolemy.moml.MoMLSimpleApplication@7ba1a892
reloadAllAccessors: .DelayLine

===========================================================================================
----------------- testing Sun Feb 24 15:13:55 UTC 2019 /home/travis/build/icyphy/ptII/ptolemy/domains/sdf/lib/test/auto/DotProduct.xml
----------------- Instantiating /home/travis/build/icyphy/ptII/ptolemy/domains/sdf/lib/test/auto/DotProduct.xml
5 ms. Memory: 208384K Free: 175990K (84%)
----------------- Invoking toplevel() on ptolemy.moml.MoMLSimpleApplication@7742fda7
----------------- Done invoking toplevel() on ptolemy.moml.MoMLSimpleApplication@7742fda7
reloadAllAccessors: .DotProduct

===========================================================================================
----------------- testing Sun Feb 24 15:13:55 UTC 2019 /home/travis/build/icyphy/ptII/ptolemy/domains/sdf/lib/test/auto/DotProductMatrix.xml
----------------- Instantiating /home/travis/build/icyphy/ptII/ptolemy/domains/sdf/lib/test/auto/DotProductMatrix.xml
5 ms. Memory: 208384K Free: 171236K (82%)
----------------- Invoking toplevel() on ptolemy.moml.MoMLSimpleApplication@5c6353c6
----------------- Done invoking toplevel() on ptolemy.moml.MoMLSimpleApplication@5c6353c6
reloadAllAccessors: .DotProductMatrix

===========================================================================================
----------------- testing Sun Feb 24 15:13:55 UTC 2019 /home/travis/build/icyphy/ptII/ptolemy/domains/sdf/lib/test/auto/DownSample1.xml
----------------- Instantiating /home/travis/build/icyphy/ptII/ptolemy/domains/sdf/lib/test/auto/DownSample1.xml
6 ms. Memory: 208384K Free: 167959K (81%)
----------------- Invoking toplevel() on ptolemy.moml.MoMLSimpleApplication@20b221ed
----------------- Done invoking toplevel() on ptolemy.moml.MoMLSimpleApplication@20b221ed
reloadAllAccessors: .DownSample1

===========================================================================================
----------------- testing Sun Feb 24 15:13:55 UTC 2019 /home/travis/build/icyphy/ptII/ptolemy/domains/sdf/lib/test/auto/DynamicRateChange.xml
----------------- Instantiating /home/travis/build/icyphy/ptII/ptolemy/domains/sdf/lib/test/auto/DynamicRateChange.xml
11 ms. Memory: 208384K Free: 161406K (77%)
----------------- Invoking toplevel() on ptolemy.moml.MoMLSimpleApplication@1babe8a6
----------------- Done invoking toplevel() on ptolemy.moml.MoMLSimpleApplication@1babe8a6
reloadAllAccessors: .DynamicRateChange

===========================================================================================
----------------- testing Sun Feb 24 15:13:55 UTC 2019 /home/travis/build/icyphy/ptII/ptolemy/domains/sdf/lib/test/auto/DynamicRates.xml
----------------- Instantiating /home/travis/build/icyphy/ptII/ptolemy/domains/sdf/lib/test/auto/DynamicRates.xml
13 ms. Memory: 208384K Free: 155607K (75%)
----------------- Invoking toplevel() on ptolemy.moml.MoMLSimpleApplication@2673a4c0
----------------- Done invoking toplevel() on ptolemy.moml.MoMLSimpleApplication@2673a4c0
reloadAllAccessors: .DynamicRates

===========================================================================================
----------------- testing Sun Feb 24 15:13:55 UTC 2019 /home/travis/build/icyphy/ptII/ptolemy/domains/sdf/lib/test/auto/FFT1.xml
----------------- Instantiating /home/travis/build/icyphy/ptII/ptolemy/domains/sdf/lib/test/auto/FFT1.xml
10 ms. Memory: 208384K Free: 149214K (72%)
----------------- Invoking toplevel() on ptolemy.moml.MoMLSimpleApplication@6c9fc05a
----------------- Done invoking toplevel() on ptolemy.moml.MoMLSimpleApplication@6c9fc05a
reloadAllAccessors: .FFT1

===========================================================================================
----------------- testing Sun Feb 24 15:13:55 UTC 2019 /home/travis/build/icyphy/ptII/ptolemy/domains/sdf/lib/test/auto/FIR1.xml
----------------- Instantiating /home/travis/build/icyphy/ptII/ptolemy/domains/sdf/lib/test/auto/FIR1.xml
24 ms. Memory: 208384K Free: 140990K (68%)
----------------- Invoking toplevel() on ptolemy.moml.MoMLSimpleApplication@5629027d
----------------- Done invoking toplevel() on ptolemy.moml.MoMLSimpleApplication@5629027d
reloadAllAccessors: .FIR1

===========================================================================================
----------------- testing Sun Feb 24 15:13:56 UTC 2019 /home/travis/build/icyphy/ptII/ptolemy/domains/sdf/lib/test/auto/FIR2.xml
----------------- Instantiating /home/travis/build/icyphy/ptII/ptolemy/domains/sdf/lib/test/auto/FIR2.xml
4 ms. Memory: 208384K Free: 136894K (66%)
----------------- Invoking toplevel() on ptolemy.moml.MoMLSimpleApplication@7d16644f
----------------- Done invoking toplevel() on ptolemy.moml.MoMLSimpleApplication@7d16644f
reloadAllAccessors: .FIR2

===========================================================================================
----------------- testing Sun Feb 24 15:13:56 UTC 2019 /home/travis/build/icyphy/ptII/ptolemy/domains/sdf/lib/test/auto/FIR4.xml
----------------- Instantiating /home/travis/build/icyphy/ptII/ptolemy/domains/sdf/lib/test/auto/FIR4.xml
7 ms. Memory: 208384K Free: 128702K (62%)
----------------- Invoking toplevel() on ptolemy.moml.MoMLSimpleApplication@5a07897c
----------------- Done invoking toplevel() on ptolemy.moml.MoMLSimpleApplication@5a07897c
reloadAllAccessors: .FIR4

===========================================================================================
----------------- testing Sun Feb 24 15:13:56 UTC 2019 /home/travis/build/icyphy/ptII/ptolemy/domains/sdf/lib/test/auto/FixJoin.xml
----------------- Instantiating /home/travis/build/icyphy/ptII/ptolemy/domains/sdf/lib/test/auto/FixJoin.xml
4 ms. Memory: 208384K Free: 122277K (59%)
----------------- Invoking toplevel() on ptolemy.moml.MoMLSimpleApplication@2c4e98a2
----------------- Done invoking toplevel() on ptolemy.moml.MoMLSimpleApplication@2c4e98a2
reloadAllAccessors: .FixJoin

===========================================================================================
----------------- testing Sun Feb 24 15:13:56 UTC 2019 /home/travis/build/icyphy/ptII/ptolemy/domains/sdf/lib/test/auto/IntJoin1.xml
----------------- Instantiating /home/travis/build/icyphy/ptII/ptolemy/domains/sdf/lib/test/auto/IntJoin1.xml
3 ms. Memory: 208384K Free: 117330K (56%)
----------------- Invoking toplevel() on ptolemy.moml.MoMLSimpleApplication@1bb3a87
----------------- Done invoking toplevel() on ptolemy.moml.MoMLSimpleApplication@1bb3a87
reloadAllAccessors: .IntJoin1

===========================================================================================
----------------- testing Sun Feb 24 15:13:56 UTC 2019 /home/travis/build/icyphy/ptII/ptolemy/domains/sdf/lib/test/auto/IntJoin2.xml
----------------- Instantiating /home/travis/build/icyphy/ptII/ptolemy/domains/sdf/lib/test/auto/IntJoin2.xml
3 ms. Memory: 208384K Free: 112414K (54%)
----------------- Invoking toplevel() on ptolemy.moml.MoMLSimpleApplication@39af269d
----------------- Done invoking toplevel() on ptolemy.moml.MoMLSimpleApplication@39af269d
reloadAllAccessors: .IntJoin2

===========================================================================================
----------------- testing Sun Feb 24 15:13:56 UTC 2019 /home/travis/build/icyphy/ptII/ptolemy/domains/sdf/lib/test/auto/IntJoin3.xml
----------------- Instantiating /home/travis/build/icyphy/ptII/ptolemy/domains/sdf/lib/test/auto/IntJoin3.xml
4 ms. Memory: 208384K Free: 105934K (51%)
----------------- Invoking toplevel() on ptolemy.moml.MoMLSimpleApplication@198d380e
----------------- Done invoking toplevel() on ptolemy.moml.MoMLSimpleApplication@198d380e
reloadAllAccessors: .IntJoin3

===========================================================================================
----------------- testing Sun Feb 24 15:13:56 UTC 2019 /home/travis/build/icyphy/ptII/ptolemy/domains/sdf/lib/test/auto/IntJoin4.xml
----------------- Instantiating /home/travis/build/icyphy/ptII/ptolemy/domains/sdf/lib/test/auto/IntJoin4.xml
3 ms. Memory: 208384K Free: 100987K (48%)
----------------- Invoking toplevel() on ptolemy.moml.MoMLSimpleApplication@5eed2214
----------------- Done invoking toplevel() on ptolemy.moml.MoMLSimpleApplication@5eed2214
reloadAllAccessors: .IntJoin4

===========================================================================================
----------------- testing Sun Feb 24 15:13:56 UTC 2019 /home/travis/build/icyphy/ptII/ptolemy/domains/sdf/lib/test/auto/IntJoin5.xml
----------------- Instantiating /home/travis/build/icyphy/ptII/ptolemy/domains/sdf/lib/test/auto/IntJoin5.xml
3 ms. Memory: 208384K Free: 96007K (46%)
----------------- Invoking toplevel() on ptolemy.moml.MoMLSimpleApplication@51e0e4ba
----------------- Done invoking toplevel() on ptolemy.moml.MoMLSimpleApplication@51e0e4ba
reloadAllAccessors: .IntJoin5

===========================================================================================
----------------- testing Sun Feb 24 15:13:56 UTC 2019 /home/travis/build/icyphy/ptII/ptolemy/domains/sdf/lib/test/auto/IntToBits.xml
----------------- Instantiating /home/travis/build/icyphy/ptII/ptolemy/domains/sdf/lib/test/auto/IntToBits.xml
9 ms. Memory: 208384K Free: 92731K (45%)
----------------- Invoking toplevel() on ptolemy.moml.MoMLSimpleApplication@52fe61b3
----------------- Done invoking toplevel() on ptolemy.moml.MoMLSimpleApplication@52fe61b3
reloadAllAccessors: .IntToBits

===========================================================================================
----------------- testing Sun Feb 24 15:13:56 UTC 2019 /home/travis/build/icyphy/ptII/ptolemy/domains/sdf/lib/test/auto/LMSAdaptive.xml
----------------- Instantiating /home/travis/build/icyphy/ptII/ptolemy/domains/sdf/lib/test/auto/LMSAdaptive.xml
11 ms. Memory: 208384K Free: 82202K (39%)
----------------- Invoking toplevel() on ptolemy.moml.MoMLSimpleApplication@35d8c7d7
----------------- Done invoking toplevel() on ptolemy.moml.MoMLSimpleApplication@35d8c7d7
reloadAllAccessors: .LMSAdaptive

===========================================================================================
----------------- testing Sun Feb 24 15:13:56 UTC 2019 /home/travis/build/icyphy/ptII/ptolemy/domains/sdf/lib/test/auto/LMSAdaptiveFIR.xml
----------------- Instantiating /home/travis/build/icyphy/ptII/ptolemy/domains/sdf/lib/test/auto/LMSAdaptiveFIR.xml
232 ms. Memory: 208384K Free: 164865K (79%)
----------------- Invoking toplevel() on ptolemy.moml.MoMLSimpleApplication@2f5f250b
----------------- Done invoking toplevel() on ptolemy.moml.MoMLSimpleApplication@2f5f250b
reloadAllAccessors: .LMSAdaptiveFIR

===========================================================================================
----------------- testing Sun Feb 24 15:13:56 UTC 2019 /home/travis/build/icyphy/ptII/ptolemy/domains/sdf/lib/test/auto/LMSAdaptiveFIR2.xml
----------------- Instantiating /home/travis/build/icyphy/ptII/ptolemy/domains/sdf/lib/test/auto/LMSAdaptiveFIR2.xml
349 ms. Memory: 208384K Free: 103934K (50%)
----------------- Invoking toplevel() on ptolemy.moml.MoMLSimpleApplication@d1c625b
----------------- Done invoking toplevel() on ptolemy.moml.MoMLSimpleApplication@d1c625b
reloadAllAccessors: .LMSAdaptiveFIR2

===========================================================================================
----------------- testing Sun Feb 24 15:13:57 UTC 2019 /home/travis/build/icyphy/ptII/ptolemy/domains/sdf/lib/test/auto/LongJoin.xml
----------------- Instantiating /home/travis/build/icyphy/ptII/ptolemy/domains/sdf/lib/test/auto/LongJoin.xml
4 ms. Memory: 208384K Free: 98954K (47%)
----------------- Invoking toplevel() on ptolemy.moml.MoMLSimpleApplication@59b7aeff
----------------- Done invoking toplevel() on ptolemy.moml.MoMLSimpleApplication@59b7aeff
reloadAllAccessors: .LongJoin

===========================================================================================
----------------- testing Sun Feb 24 15:13:57 UTC 2019 /home/travis/build/icyphy/ptII/ptolemy/domains/sdf/lib/test/auto/Matrix1.xml
----------------- Instantiating /home/travis/build/icyphy/ptII/ptolemy/domains/sdf/lib/test/auto/Matrix1.xml
3 ms. Memory: 208384K Free: 93842K (45%)
----------------- Invoking toplevel() on ptolemy.moml.MoMLSimpleApplication@45681d9f
----------------- Done invoking toplevel() on ptolemy.moml.MoMLSimpleApplication@45681d9f
reloadAllAccessors: .Matrix1

===========================================================================================
----------------- testing Sun Feb 24 15:13:57 UTC 2019 /home/travis/build/icyphy/ptII/ptolemy/domains/sdf/lib/test/auto/Matrix2.xml
----------------- Instantiating /home/travis/build/icyphy/ptII/ptolemy/domains/sdf/lib/test/auto/Matrix2.xml
3 ms. Memory: 208384K Free: 89746K (43%)
----------------- Invoking toplevel() on ptolemy.moml.MoMLSimpleApplication@5be38ca2
----------------- Done invoking toplevel() on ptolemy.moml.MoMLSimpleApplication@5be38ca2
reloadAllAccessors: .Matrix2

===========================================================================================
----------------- testing Sun Feb 24 15:13:57 UTC 2019 /home/travis/build/icyphy/ptII/ptolemy/domains/sdf/lib/test/auto/MatrixJoin1.xml
----------------- Instantiating /home/travis/build/icyphy/ptII/ptolemy/domains/sdf/lib/test/auto/MatrixJoin1.xml
2 ms. Memory: 208384K Free: 84783K (41%)
----------------- Invoking toplevel() on ptolemy.moml.MoMLSimpleApplication@71da93f2
----------------- Done invoking toplevel() on ptolemy.moml.MoMLSimpleApplication@71da93f2
reloadAllAccessors: .MatrixJoin1

===========================================================================================
----------------- testing Sun Feb 24 15:13:57 UTC 2019 /home/travis/build/icyphy/ptII/ptolemy/domains/sdf/lib/test/auto/MatrixJoin2.xml
----------------- Instantiating /home/travis/build/icyphy/ptII/ptolemy/domains/sdf/lib/test/auto/MatrixJoin2.xml
3 ms. Memory: 208384K Free: 78772K (38%)
----------------- Invoking toplevel() on ptolemy.moml.MoMLSimpleApplication@697c20c2
----------------- Done invoking toplevel() on ptolemy.moml.MoMLSimpleApplication@697c20c2
reloadAllAccessors: .MatrixJoin2

===========================================================================================
----------------- testing Sun Feb 24 15:13:57 UTC 2019 /home/travis/build/icyphy/ptII/ptolemy/domains/sdf/lib/test/auto/MatrixJoin3.xml
----------------- Instantiating /home/travis/build/icyphy/ptII/ptolemy/domains/sdf/lib/test/auto/MatrixJoin3.xml
2 ms. Memory: 332800K Free: 320729K (96%)
----------------- Invoking toplevel() on ptolemy.moml.MoMLSimpleApplication@7c233bf0
----------------- Done invoking toplevel() on ptolemy.moml.MoMLSimpleApplication@7c233bf0
reloadAllAccessors: .MatrixJoin3

===========================================================================================
----------------- testing Sun Feb 24 15:13:57 UTC 2019 /home/travis/build/icyphy/ptII/ptolemy/domains/sdf/lib/test/auto/MatrixJoin4.xml
----------------- Instantiating /home/travis/build/icyphy/ptII/ptolemy/domains/sdf/lib/test/auto/MatrixJoin4.xml
3 ms. Memory: 332800K Free: 312820K (94%)
----------------- Invoking toplevel() on ptolemy.moml.MoMLSimpleApplication@20676724
----------------- Done invoking toplevel() on ptolemy.moml.MoMLSimpleApplication@20676724
reloadAllAccessors: .MatrixJoin4

===========================================================================================
----------------- testing Sun Feb 24 15:13:57 UTC 2019 /home/travis/build/icyphy/ptII/ptolemy/domains/sdf/lib/test/auto/MatrixJoin5.xml
----------------- Instantiating /home/travis/build/icyphy/ptII/ptolemy/domains/sdf/lib/test/auto/MatrixJoin5.xml
3 ms. Memory: 332800K Free: 306266K (92%)
----------------- Invoking toplevel() on ptolemy.moml.MoMLSimpleApplication@7e4c82f8
----------------- Done invoking toplevel() on ptolemy.moml.MoMLSimpleApplication@7e4c82f8
reloadAllAccessors: .MatrixJoin5

===========================================================================================
----------------- testing Sun Feb 24 15:13:57 UTC 2019 /home/travis/build/icyphy/ptII/ptolemy/domains/sdf/lib/test/auto/MatrixSplit1.xml
----------------- Instantiating /home/travis/build/icyphy/ptII/ptolemy/domains/sdf/lib/test/auto/MatrixSplit1.xml
6 ms. Memory: 332800K Free: 299427K (90%)
----------------- Invoking toplevel() on ptolemy.moml.MoMLSimpleApplication@4f5688a3
----------------- Done invoking toplevel() on ptolemy.moml.MoMLSimpleApplication@4f5688a3
reloadAllAccessors: .MatrixSplit1

===========================================================================================
----------------- testing Sun Feb 24 15:13:57 UTC 2019 /home/travis/build/icyphy/ptII/ptolemy/domains/sdf/lib/test/auto/MatrixSplit10.xml
----------------- Instantiating /home/travis/build/icyphy/ptII/ptolemy/domains/sdf/lib/test/auto/MatrixSplit10.xml
4 ms. Memory: 332800K Free: 293157K (88%)
----------------- Invoking toplevel() on ptolemy.moml.MoMLSimpleApplication@547c8f5
----------------- Done invoking toplevel() on ptolemy.moml.MoMLSimpleApplication@547c8f5
reloadAllAccessors: .MatrixSplit10

===========================================================================================
----------------- testing Sun Feb 24 15:13:57 UTC 2019 /home/travis/build/icyphy/ptII/ptolemy/domains/sdf/lib/test/auto/MatrixSplit11.xml
----------------- Instantiating /home/travis/build/icyphy/ptII/ptolemy/domains/sdf/lib/test/auto/MatrixSplit11.xml
3 ms. Memory: 332800K Free: 288241K (87%)
----------------- Invoking toplevel() on ptolemy.moml.MoMLSimpleApplication@458e8de0
----------------- Done invoking toplevel() on ptolemy.moml.MoMLSimpleApplication@458e8de0
reloadAllAccessors: .MatrixSplit11

===========================================================================================
----------------- testing Sun Feb 24 15:13:57 UTC 2019 /home/travis/build/icyphy/ptII/ptolemy/domains/sdf/lib/test/auto/MatrixSplit12.xml
----------------- Instantiating /home/travis/build/icyphy/ptII/ptolemy/domains/sdf/lib/test/auto/MatrixSplit12.xml
3 ms. Memory: 332800K Free: 283326K (85%)
----------------- Invoking toplevel() on ptolemy.moml.MoMLSimpleApplication@3416c8ff
----------------- Done invoking toplevel() on ptolemy.moml.MoMLSimpleApplication@3416c8ff
reloadAllAccessors: .MatrixSplit12

===========================================================================================
----------------- testing Sun Feb 24 15:13:57 UTC 2019 /home/travis/build/icyphy/ptII/ptolemy/domains/sdf/lib/test/auto/MatrixSplit13.xml
----------------- Instantiating /home/travis/build/icyphy/ptII/ptolemy/domains/sdf/lib/test/auto/MatrixSplit13.xml
3 ms. Memory: 332800K Free: 277056K (83%)
----------------- Invoking toplevel() on ptolemy.moml.MoMLSimpleApplication@e3918b3
----------------- Done invoking toplevel() on ptolemy.moml.MoMLSimpleApplication@e3918b3
reloadAllAccessors: .MatrixSplit13

===========================================================================================
----------------- testing Sun Feb 24 15:13:57 UTC 2019 /home/travis/build/icyphy/ptII/ptolemy/domains/sdf/lib/test/auto/MatrixSplit14.xml
----------------- Instantiating /home/travis/build/icyphy/ptII/ptolemy/domains/sdf/lib/test/auto/MatrixSplit14.xml
2 ms. Memory: 332800K Free: 272140K (82%)
----------------- Invoking toplevel() on ptolemy.moml.MoMLSimpleApplication@3ab48e68
----------------- Done invoking toplevel() on ptolemy.moml.MoMLSimpleApplication@3ab48e68
reloadAllAccessors: .MatrixSplit14

===========================================================================================
----------------- testing Sun Feb 24 15:13:57 UTC 2019 /home/travis/build/icyphy/ptII/ptolemy/domains/sdf/lib/test/auto/MatrixSplit2.xml
----------------- Instantiating /home/travis/build/icyphy/ptII/ptolemy/domains/sdf/lib/test/auto/MatrixSplit2.xml
3 ms. Memory: 332800K Free: 267225K (80%)
----------------- Invoking toplevel() on ptolemy.moml.MoMLSimpleApplication@4981a6fa
----------------- Done invoking toplevel() on ptolemy.moml.MoMLSimpleApplication@4981a6fa
reloadAllAccessors: .MatrixSplit2

===========================================================================================
----------------- testing Sun Feb 24 15:13:57 UTC 2019 /home/travis/build/icyphy/ptII/ptolemy/domains/sdf/lib/test/auto/MatrixSplit3.xml
----------------- Instantiating /home/travis/build/icyphy/ptII/ptolemy/domains/sdf/lib/test/auto/MatrixSplit3.xml
2 ms. Memory: 332800K Free: 262310K (79%)
----------------- Invoking toplevel() on ptolemy.moml.MoMLSimpleApplication@25ba2cc1
----------------- Done invoking toplevel() on ptolemy.moml.MoMLSimpleApplication@25ba2cc1
reloadAllAccessors: .MatrixSplit3

===========================================================================================
----------------- testing Sun Feb 24 15:13:57 UTC 2019 /home/travis/build/icyphy/ptII/ptolemy/domains/sdf/lib/test/auto/MatrixSplit4.xml
----------------- Instantiating /home/travis/build/icyphy/ptII/ptolemy/domains/sdf/lib/test/auto/MatrixSplit4.xml
3 ms. Memory: 332800K Free: 256039K (77%)
----------------- Invoking toplevel() on ptolemy.moml.MoMLSimpleApplication@1f59b4db
----------------- Done invoking toplevel() on ptolemy.moml.MoMLSimpleApplication@1f59b4db
reloadAllAccessors: .MatrixSplit4

===========================================================================================
----------------- testing Sun Feb 24 15:13:57 UTC 2019 /home/travis/build/icyphy/ptII/ptolemy/domains/sdf/lib/test/auto/MatrixSplit5.xml
----------------- Instantiating /home/travis/build/icyphy/ptII/ptolemy/domains/sdf/lib/test/auto/MatrixSplit5.xml
3 ms. Memory: 332800K Free: 251124K (75%)
----------------- Invoking toplevel() on ptolemy.moml.MoMLSimpleApplication@54941cb9
----------------- Done invoking toplevel() on ptolemy.moml.MoMLSimpleApplication@54941cb9
reloadAllAccessors: .MatrixSplit5

===========================================================================================
----------------- testing Sun Feb 24 15:13:57 UTC 2019 /home/travis/build/icyphy/ptII/ptolemy/domains/sdf/lib/test/auto/MatrixSplit6.xml
----------------- Instantiating /home/travis/build/icyphy/ptII/ptolemy/domains/sdf/lib/test/auto/MatrixSplit6.xml
1 ms. Memory: 332800K Free: 246209K (74%)
----------------- Invoking toplevel() on ptolemy.moml.MoMLSimpleApplication@74e5fc50
----------------- Done invoking toplevel() on ptolemy.moml.MoMLSimpleApplication@74e5fc50
reloadAllAccessors: .MatrixSplit6

===========================================================================================
----------------- testing Sun Feb 24 15:13:57 UTC 2019 /home/travis/build/icyphy/ptII/ptolemy/domains/sdf/lib/test/auto/MatrixSplit7.xml
----------------- Instantiating /home/travis/build/icyphy/ptII/ptolemy/domains/sdf/lib/test/auto/MatrixSplit7.xml
1 ms. Memory: 332800K Free: 239939K (72%)
----------------- Invoking toplevel() on ptolemy.moml.MoMLSimpleApplication@268e48b1
----------------- Done invoking toplevel() on ptolemy.moml.MoMLSimpleApplication@268e48b1
reloadAllAccessors: .MatrixSplit7

===========================================================================================
----------------- testing Sun Feb 24 15:13:57 UTC 2019 /home/travis/build/icyphy/ptII/ptolemy/domains/sdf/lib/test/auto/MatrixSplit8.xml
----------------- Instantiating /home/travis/build/icyphy/ptII/ptolemy/domains/sdf/lib/test/auto/MatrixSplit8.xml
2 ms. Memory: 332800K Free: 235023K (71%)
----------------- Invoking toplevel() on ptolemy.moml.MoMLSimpleApplication@4620a4e5
----------------- Done invoking toplevel() on ptolemy.moml.MoMLSimpleApplication@4620a4e5
reloadAllAccessors: .MatrixSplit8

===========================================================================================
----------------- testing Sun Feb 24 15:13:57 UTC 2019 /home/travis/build/icyphy/ptII/ptolemy/domains/sdf/lib/test/auto/MatrixSplit9.xml
----------------- Instantiating /home/travis/build/icyphy/ptII/ptolemy/domains/sdf/lib/test/auto/MatrixSplit9.xml
2 ms. Memory: 332800K Free: 230108K (69%)
----------------- Invoking toplevel() on ptolemy.moml.MoMLSimpleApplication@7df132c2
----------------- Done invoking toplevel() on ptolemy.moml.MoMLSimpleApplication@7df132c2
reloadAllAccessors: .MatrixSplit9

===========================================================================================
----------------- testing Sun Feb 24 15:13:57 UTC 2019 /home/travis/build/icyphy/ptII/ptolemy/domains/sdf/lib/test/auto/MatrixToSequence.xml
----------------- Instantiating /home/travis/build/icyphy/ptII/ptolemy/domains/sdf/lib/test/auto/MatrixToSequence.xml
9 ms. Memory: 332800K Free: 217284K (65%)
----------------- Invoking toplevel() on ptolemy.moml.MoMLSimpleApplication@166964
----------------- Done invoking toplevel() on ptolemy.moml.MoMLSimpleApplication@166964
reloadAllAccessors: .MatrixToSequence

===========================================================================================
----------------- testing Sun Feb 24 15:13:57 UTC 2019 /home/travis/build/icyphy/ptII/ptolemy/domains/sdf/lib/test/auto/MaximumEntropySpectrum.xml
----------------- Instantiating /home/travis/build/icyphy/ptII/ptolemy/domains/sdf/lib/test/auto/MaximumEntropySpectrum.xml
11 ms. Memory: 332800K Free: 194346K (58%)
----------------- Invoking toplevel() on ptolemy.moml.MoMLSimpleApplication@5f0454f6
----------------- Done invoking toplevel() on ptolemy.moml.MoMLSimpleApplication@5f0454f6
reloadAllAccessors: .MaximumEntropySpectrum

===========================================================================================
----------------- testing Sun Feb 24 15:13:57 UTC 2019 /home/travis/build/icyphy/ptII/ptolemy/domains/sdf/lib/test/auto/SampleDelayConversion.xml
----------------- Instantiating /home/travis/build/icyphy/ptII/ptolemy/domains/sdf/lib/test/auto/SampleDelayConversion.xml
7 ms. Memory: 332800K Free: 189431K (57%)
----------------- Invoking toplevel() on ptolemy.moml.MoMLSimpleApplication@1551de97
----------------- Done invoking toplevel() on ptolemy.moml.MoMLSimpleApplication@1551de97
reloadAllAccessors: .SampleDelayConversion

===========================================================================================
----------------- testing Sun Feb 24 15:13:57 UTC 2019 /home/travis/build/icyphy/ptII/ptolemy/domains/sdf/lib/test/auto/SequenceToArray.xml
----------------- Instantiating /home/travis/build/icyphy/ptII/ptolemy/domains/sdf/lib/test/auto/SequenceToArray.xml
13 ms. Memory: 332800K Free: 174968K (53%)
----------------- Invoking toplevel() on ptolemy.moml.MoMLSimpleApplication@5ea7d5e8
----------------- Done invoking toplevel() on ptolemy.moml.MoMLSimpleApplication@5ea7d5e8
reloadAllAccessors: .SequenceToArray

===========================================================================================
----------------- testing Sun Feb 24 15:13:57 UTC 2019 /home/travis/build/icyphy/ptII/ptolemy/domains/sdf/lib/test/auto/SequenceToMatrix.xml
----------------- Instantiating /home/travis/build/icyphy/ptII/ptolemy/domains/sdf/lib/test/auto/SequenceToMatrix.xml
4819 ms. Memory: 579072K Free: 475326K (82%)
----------------- Invoking toplevel() on ptolemy.moml.MoMLSimpleApplication@5f0ed7d3
----------------- Done invoking toplevel() on ptolemy.moml.MoMLSimpleApplication@5f0ed7d3
reloadAllAccessors: .SequenceToMatrix

===========================================================================================
----------------- testing Sun Feb 24 15:14:02 UTC 2019 /home/travis/build/icyphy/ptII/ptolemy/domains/sdf/lib/test/auto/SmoothedPeriodogram.xml
----------------- Instantiating /home/travis/build/icyphy/ptII/ptolemy/domains/sdf/lib/test/auto/SmoothedPeriodogram.xml
16 ms. Memory: 579072K Free: 451794K (78%)
----------------- Invoking toplevel() on ptolemy.moml.MoMLSimpleApplication@65b1feed
----------------- Done invoking toplevel() on ptolemy.moml.MoMLSimpleApplication@65b1feed
reloadAllAccessors: .SmoothedPeriodogram

===========================================================================================
----------------- testing Sun Feb 24 15:14:02 UTC 2019 /home/travis/build/icyphy/ptII/ptolemy/domains/sdf/lib/test/auto/UpDownSample1.xml
----------------- Instantiating /home/travis/build/icyphy/ptII/ptolemy/domains/sdf/lib/test/auto/UpDownSample1.xml
2 ms. Memory: 579072K Free: 445247K (77%)
----------------- Invoking toplevel() on ptolemy.moml.MoMLSimpleApplication@7a8841eb
----------------- Done invoking toplevel() on ptolemy.moml.MoMLSimpleApplication@7a8841eb
reloadAllAccessors: .UpDownSample1

===========================================================================================
----------------- testing Sun Feb 24 15:14:02 UTC 2019 /home/travis/build/icyphy/ptII/ptolemy/domains/sdf/lib/test/auto/UpSample1.xml
----------------- Instantiating /home/travis/build/icyphy/ptII/ptolemy/domains/sdf/lib/test/auto/UpSample1.xml
5 ms. Memory: 579072K Free: 438700K (76%)
----------------- Invoking toplevel() on ptolemy.moml.MoMLSimpleApplication@33bcfb9e
----------------- Done invoking toplevel() on ptolemy.moml.MoMLSimpleApplication@33bcfb9e
reloadAllAccessors: .UpSample1

===========================================================================================
----------------- testing Sun Feb 24 15:14:02 UTC 2019 /home/travis/build/icyphy/ptII/ptolemy/domains/sdf/lib/test/auto/VariableFIR.xml
----------------- Instantiating /home/travis/build/icyphy/ptII/ptolemy/domains/sdf/lib/test/auto/VariableFIR.xml
12 ms. Memory: 579072K Free: 428880K (74%)
----------------- Invoking toplevel() on ptolemy.moml.MoMLSimpleApplication@6d9f94c8
----------------- Done invoking toplevel() on ptolemy.moml.MoMLSimpleApplication@6d9f94c8
reloadAllAccessors: .VariableFIR

===========================================================================================
----------------- testing Sun Feb 24 15:14:02 UTC 2019 /home/travis/build/icyphy/ptII/ptolemy/domains/sdf/lib/test/auto/VariableFIR2.xml
----------------- Instantiating /home/travis/build/icyphy/ptII/ptolemy/domains/sdf/lib/test/auto/VariableFIR2.xml
3 ms. Memory: 579072K Free: 417176K (72%)
----------------- Invoking toplevel() on ptolemy.moml.MoMLSimpleApplication@5808bdc4
----------------- Done invoking toplevel() on ptolemy.moml.MoMLSimpleApplication@5808bdc4
reloadAllAccessors: .VariableFIR2

===========================================================================================
----------------- testing Sun Feb 24 15:14:02 UTC 2019 /home/travis/build/icyphy/ptII/ptolemy/domains/sdf/lib/test/auto/VariableLattice.xml
----------------- Instantiating /home/travis/build/icyphy/ptII/ptolemy/domains/sdf/lib/test/auto/VariableLattice.xml
4 ms. Memory: 579072K Free: 407356K (70%)
----------------- Invoking toplevel() on ptolemy.moml.MoMLSimpleApplication@50c406b7
----------------- Done invoking toplevel() on ptolemy.moml.MoMLSimpleApplication@50c406b7
reloadAllAccessors: .VariableLattice

===========================================================================================
----------------- testing Sun Feb 24 15:14:02 UTC 2019 /home/travis/build/icyphy/ptII/ptolemy/domains/sdf/lib/test/auto/VariableLattice2.xml
----------------- Instantiating /home/travis/build/icyphy/ptII/ptolemy/domains/sdf/lib/test/auto/VariableLattice2.xml
1.0
-1.999999602036
1.9099998677481
-0.9099996420674
0.205
0.0
0.0
1.0
-0.25
-0.5
0.0
0.0
0.0
0.0
6 ms. Memory: 579072K Free: 400809K (69%)
----------------- Invoking toplevel() on ptolemy.moml.MoMLSimpleApplication@24b3b714
----------------- Done invoking toplevel() on ptolemy.moml.MoMLSimpleApplication@24b3b714
reloadAllAccessors: .VariableLattice2

===========================================================================================
----------------- testing Sun Feb 24 15:14:02 UTC 2019 /home/travis/build/icyphy/ptII/ptolemy/domains/sdf/lib/test/auto/VariableRecursiveLattice.xml
----------------- Instantiating /home/travis/build/icyphy/ptII/ptolemy/domains/sdf/lib/test/auto/VariableRecursiveLattice.xml
3 ms. Memory: 579072K Free: 390989K (68%)
----------------- Invoking toplevel() on ptolemy.moml.MoMLSimpleApplication@223bacd8
----------------- Done invoking toplevel() on ptolemy.moml.MoMLSimpleApplication@223bacd8
reloadAllAccessors: .VariableRecursiveLattice

===========================================================================================
----------------- testing Sun Feb 24 15:14:02 UTC 2019 /home/travis/build/icyphy/ptII/ptolemy/domains/sdf/lib/test/auto/VariableRecursiveLattice2.xml
----------------- Instantiating /home/travis/build/icyphy/ptII/ptolemy/domains/sdf/lib/test/auto/VariableRecursiveLattice2.xml
2 ms. Memory: 579072K Free: 382559K (66%)
----------------- Invoking toplevel() on ptolemy.moml.MoMLSimpleApplication@5f57253a
----------------- Done invoking toplevel() on ptolemy.moml.MoMLSimpleApplication@5f57253a
reloadAllAccessors: .VariableRecursiveLattice2
AutoTests.java: About to close Vertx.
AutoTests.java: Vertx closed.
]]></system-out>
  <system-err><![CDATA[]]></system-err>
</testsuite>
