<?xml version="1.0" encoding="UTF-8" ?>
<testsuite errors="0" failures="0" hostname="travis-job-5c1cd6b5-5e37-4620-837b-e2fdce6a63f2" name="ptolemy.actor.lib.hoc.test.junit.JUnitTclTest" skipped="0" tests="58" time="24.247" timestamp="2018-07-23T01:41:19">
  <properties>
[...]
</properties>
  <testcase classname="ptolemy.util.test.junit.TclTests" name="[0] /home/travis/build/icyphy/ptII/ptolemy/actor/lib/hoc/test/IterateOverArray.tcl (RunTclFile)" time="0.277" />
  <testcase classname="ptolemy.util.test.junit.AutoKnownFailedTests" name="[0] /home/travis/build/icyphy/ptII/ptolemy/actor/lib/hoc/test/auto/knownFailedTests/PreinitializeMustBeInvokedRunComposite.xml (RunModel)" time="0.267" />
  <testcase classname="ptolemy.util.test.junit.AutoNameArchTests" name="[0] ThereAreNoAutoArchTests (RunModel)" time="0.002" />
  <testcase classname="ptolemy.util.test.junit.AutoTests" name="[0] /home/travis/build/icyphy/ptII/ptolemy/actor/lib/hoc/test/auto/AllToAllMultiInstanceComposite.xml (RunModel)" time="0.28" />
  <testcase classname="ptolemy.util.test.junit.AutoTests" name="[1] /home/travis/build/icyphy/ptII/ptolemy/actor/lib/hoc/test/auto/ApplyFFTTest.xml (RunModel)" time="0.279" />
  <testcase classname="ptolemy.util.test.junit.AutoTests" name="[2] /home/travis/build/icyphy/ptII/ptolemy/actor/lib/hoc/test/auto/ApplyFunction.xml (RunModel)" time="0.022" />
  <testcase classname="ptolemy.util.test.junit.AutoTests" name="[3] /home/travis/build/icyphy/ptII/ptolemy/actor/lib/hoc/test/auto/BackgroundExecution.xml (RunModel)" time="0.732" />
  <testcase classname="ptolemy.util.test.junit.AutoTests" name="[4] /home/travis/build/icyphy/ptII/ptolemy/actor/lib/hoc/test/auto/Case.xml (RunModel)" time="0.073" />
  <testcase classname="ptolemy.util.test.junit.AutoTests" name="[5] /home/travis/build/icyphy/ptII/ptolemy/actor/lib/hoc/test/auto/Case1.xml (RunModel)" time="0.086" />
  <testcase classname="ptolemy.util.test.junit.AutoTests" name="[6] /home/travis/build/icyphy/ptII/ptolemy/actor/lib/hoc/test/auto/Case2.xml (RunModel)" time="0.092" />
  <testcase classname="ptolemy.util.test.junit.AutoTests" name="[7] /home/travis/build/icyphy/ptII/ptolemy/actor/lib/hoc/test/auto/Case3.xml (RunModel)" time="0.067" />
  <testcase classname="ptolemy.util.test.junit.AutoTests" name="[8] /home/travis/build/icyphy/ptII/ptolemy/actor/lib/hoc/test/auto/Case4.xml (RunModel)" time="0.063" />
  <testcase classname="ptolemy.util.test.junit.AutoTests" name="[9] /home/travis/build/icyphy/ptII/ptolemy/actor/lib/hoc/test/auto/Case5.xml (RunModel)" time="0.049" />
  <testcase classname="ptolemy.util.test.junit.AutoTests" name="[10] /home/travis/build/icyphy/ptII/ptolemy/actor/lib/hoc/test/auto/Case6.xml (RunModel)" time="0.125" />
  <testcase classname="ptolemy.util.test.junit.AutoTests" name="[11] /home/travis/build/icyphy/ptII/ptolemy/actor/lib/hoc/test/auto/CaseString2.xml (RunModel)" time="0.066" />
  <testcase classname="ptolemy.util.test.junit.AutoTests" name="[12] /home/travis/build/icyphy/ptII/ptolemy/actor/lib/hoc/test/auto/CatchUpComposite1.xml (RunModel)" time="0.079" />
  <testcase classname="ptolemy.util.test.junit.AutoTests" name="[13] /home/travis/build/icyphy/ptII/ptolemy/actor/lib/hoc/test/auto/CatchUpComposite2.xml (RunModel)" time="0.073" />
  <testcase classname="ptolemy.util.test.junit.AutoTests" name="[14] /home/travis/build/icyphy/ptII/ptolemy/actor/lib/hoc/test/auto/CatchUpComposite3.xml (RunModel)" time="0.045" />
  <testcase classname="ptolemy.util.test.junit.AutoTests" name="[15] /home/travis/build/icyphy/ptII/ptolemy/actor/lib/hoc/test/auto/CatchUpComposite4.xml (RunModel)" time="0.059" />
  <testcase classname="ptolemy.util.test.junit.AutoTests" name="[16] /home/travis/build/icyphy/ptII/ptolemy/actor/lib/hoc/test/auto/CatchUpComposite5.xml (RunModel)" time="0.042" />
  <testcase classname="ptolemy.util.test.junit.AutoTests" name="[17] /home/travis/build/icyphy/ptII/ptolemy/actor/lib/hoc/test/auto/CatchUpComposite6.xml (RunModel)" time="0.165" />
  <testcase classname="ptolemy.util.test.junit.AutoTests" name="[18] /home/travis/build/icyphy/ptII/ptolemy/actor/lib/hoc/test/auto/CatchUpComposite7.xml (RunModel)" time="0.098" />
  <testcase classname="ptolemy.util.test.junit.AutoTests" name="[19] /home/travis/build/icyphy/ptII/ptolemy/actor/lib/hoc/test/auto/ConcurrentExecutionTimeSDF.xml (RunModel)" time="1.084" />
  <testcase classname="ptolemy.util.test.junit.AutoTests" name="[20] /home/travis/build/icyphy/ptII/ptolemy/actor/lib/hoc/test/auto/ConcurrentSleep.xml (RunModel)" time="0.793" />
  <testcase classname="ptolemy.util.test.junit.AutoTests" name="[21] /home/travis/build/icyphy/ptII/ptolemy/actor/lib/hoc/test/auto/DEInPNInRunCompositeActor.xml (RunModel)" time="0.022" />
  <testcase classname="ptolemy.util.test.junit.AutoTests" name="[22] /home/travis/build/icyphy/ptII/ptolemy/actor/lib/hoc/test/auto/DFTSubSetTest.xml (RunModel)" time="0.318" />
  <testcase classname="ptolemy.util.test.junit.AutoTests" name="[23] /home/travis/build/icyphy/ptII/ptolemy/actor/lib/hoc/test/auto/HocDE.xml (RunModel)" time="0.158" />
  <testcase classname="ptolemy.util.test.junit.AutoTests" name="[24] /home/travis/build/icyphy/ptII/ptolemy/actor/lib/hoc/test/auto/IterateOverArray.xml (RunModel)" time="0.023" />
  <testcase classname="ptolemy.util.test.junit.AutoTests" name="[25] /home/travis/build/icyphy/ptII/ptolemy/actor/lib/hoc/test/auto/IterateOverArray10.xml (RunModel)" time="0.017" />
  <testcase classname="ptolemy.util.test.junit.AutoTests" name="[26] /home/travis/build/icyphy/ptII/ptolemy/actor/lib/hoc/test/auto/IterateOverArray11.xml (RunModel)" time="0.021" />
  <testcase classname="ptolemy.util.test.junit.AutoTests" name="[27] /home/travis/build/icyphy/ptII/ptolemy/actor/lib/hoc/test/auto/IterateOverArray12.xml (RunModel)" time="0.036" />
  <testcase classname="ptolemy.util.test.junit.AutoTests" name="[28] /home/travis/build/icyphy/ptII/ptolemy/actor/lib/hoc/test/auto/IterateOverArray13.xml (RunModel)" time="0.16" />
  <testcase classname="ptolemy.util.test.junit.AutoTests" name="[29] /home/travis/build/icyphy/ptII/ptolemy/actor/lib/hoc/test/auto/IterateOverArray14.xml (RunModel)" time="0.159" />
  <testcase classname="ptolemy.util.test.junit.AutoTests" name="[30] /home/travis/build/icyphy/ptII/ptolemy/actor/lib/hoc/test/auto/IterateOverArray2.xml (RunModel)" time="0.033" />
  <testcase classname="ptolemy.util.test.junit.AutoTests" name="[31] /home/travis/build/icyphy/ptII/ptolemy/actor/lib/hoc/test/auto/IterateOverArray3.xml (RunModel)" time="0.046" />
  <testcase classname="ptolemy.util.test.junit.AutoTests" name="[32] /home/travis/build/icyphy/ptII/ptolemy/actor/lib/hoc/test/auto/IterateOverArray4.xml (RunModel)" time="0.02" />
  <testcase classname="ptolemy.util.test.junit.AutoTests" name="[33] /home/travis/build/icyphy/ptII/ptolemy/actor/lib/hoc/test/auto/IterateOverArray5.xml (RunModel)" time="0.024" />
  <testcase classname="ptolemy.util.test.junit.AutoTests" name="[34] /home/travis/build/icyphy/ptII/ptolemy/actor/lib/hoc/test/auto/IterateOverArray6.xml (RunModel)" time="0.016" />
  <testcase classname="ptolemy.util.test.junit.AutoTests" name="[35] /home/travis/build/icyphy/ptII/ptolemy/actor/lib/hoc/test/auto/IterateOverArray7.xml (RunModel)" time="0.025" />
  <testcase classname="ptolemy.util.test.junit.AutoTests" name="[36] /home/travis/build/icyphy/ptII/ptolemy/actor/lib/hoc/test/auto/IterateOverArray8.xml (RunModel)" time="0.02" />
  <testcase classname="ptolemy.util.test.junit.AutoTests" name="[37] /home/travis/build/icyphy/ptII/ptolemy/actor/lib/hoc/test/auto/IterateOverArray9.xml (RunModel)" time="0.026" />
  <testcase classname="ptolemy.util.test.junit.AutoTests" name="[38] /home/travis/build/icyphy/ptII/ptolemy/actor/lib/hoc/test/auto/IterateOverArrayCoercedOutputType.xml (RunModel)" time="0.04" />
  <testcase classname="ptolemy.util.test.junit.AutoTests" name="[39] /home/travis/build/icyphy/ptII/ptolemy/actor/lib/hoc/test/auto/IterateOverArrayInferredOutputType.xml (RunModel)" time="0.032" />
  <testcase classname="ptolemy.util.test.junit.AutoTests" name="[40] /home/travis/build/icyphy/ptII/ptolemy/actor/lib/hoc/test/auto/MobileFunctionTest.xml (RunModel)" time="0.027" />
  <testcase classname="ptolemy.util.test.junit.AutoTests" name="[41] /home/travis/build/icyphy/ptII/ptolemy/actor/lib/hoc/test/auto/MobileModelTest.xml (RunModel)" time="0.15" />
  <testcase classname="ptolemy.util.test.junit.AutoTests" name="[42] /home/travis/build/icyphy/ptII/ptolemy/actor/lib/hoc/test/auto/ModelReference.xml (RunModel)" time="0.058" />
  <testcase classname="ptolemy.util.test.junit.AutoTests" name="[43] /home/travis/build/icyphy/ptII/ptolemy/actor/lib/hoc/test/auto/ModelReference3.xml (RunModel)" time="0.056" />
  <testcase classname="ptolemy.util.test.junit.AutoTests" name="[44] /home/travis/build/icyphy/ptII/ptolemy/actor/lib/hoc/test/auto/ModelReference4.xml (RunModel)" time="10.047" />
  <testcase classname="ptolemy.util.test.junit.AutoTests" name="[45] /home/travis/build/icyphy/ptII/ptolemy/actor/lib/hoc/test/auto/MultiInstanceComposite.xml (RunModel)" time="0.05" />
  <testcase classname="ptolemy.util.test.junit.AutoTests" name="[46] /home/travis/build/icyphy/ptII/ptolemy/actor/lib/hoc/test/auto/MultiInstanceComposite2.xml (RunModel)" time="0.05" />
  <testcase classname="ptolemy.util.test.junit.AutoTests" name="[47] /home/travis/build/icyphy/ptII/ptolemy/actor/lib/hoc/test/auto/MulticoreExecution.xml (RunModel)" time="1.079" />
  <testcase classname="ptolemy.util.test.junit.AutoTests" name="[48] /home/travis/build/icyphy/ptII/ptolemy/actor/lib/hoc/test/auto/ParallelExecution.xml (RunModel)" time="0.944" />
  <testcase classname="ptolemy.util.test.junit.AutoTests" name="[49] /home/travis/build/icyphy/ptII/ptolemy/actor/lib/hoc/test/auto/RunCompositeActor.xml (RunModel)" time="0.044" />
  <testcase classname="ptolemy.util.test.junit.AutoTests" name="[50] /home/travis/build/icyphy/ptII/ptolemy/actor/lib/hoc/test/auto/RunCompositeActor2.xml (RunModel)" time="0.03" />
  <testcase classname="ptolemy.util.test.junit.AutoTests" name="[51] /home/travis/build/icyphy/ptII/ptolemy/actor/lib/hoc/test/auto/RunCompositeActor3.xml (RunModel)" time="0.023" />
  <testcase classname="ptolemy.util.test.junit.AutoTests" name="[52] /home/travis/build/icyphy/ptII/ptolemy/actor/lib/hoc/test/auto/RunCompositeActor4.xml (RunModel)" time="0.034" />
  <testcase classname="ptolemy.util.test.junit.AutoTests" name="[53] /home/travis/build/icyphy/ptII/ptolemy/actor/lib/hoc/test/auto/RunCompositeIterateOverArray.xml (RunModel)" time="0.056" />
  <testcase classname="ptolemy.util.test.junit.AutoTests" name="[54] /home/travis/build/icyphy/ptII/ptolemy/actor/lib/hoc/test/auto/ThreadedJS.xml (RunModel)" time="5.001" />
  <system-out><![CDATA[/home/travis/build/icyphy/ptII/ptolemy/actor/lib/hoc/test/IterateOverArray.tcl
testDefs.tcl: setting time out to 9000 seconds at Mon Jul 23 01:41:19 UTC 2018
07/23/18 01:41:19
Failed: 0  Total Tests: 2  ((Passed: 2, Newly Passed: 0)  Known Failed: 0) /home/travis/build/icyphy/ptII/ptolemy/actor/lib/hoc/test
----------------- testing (KnownFailure) /home/travis/build/icyphy/ptII/ptolemy/actor/lib/hoc/test/auto/knownFailedTests/PreinitializeMustBeInvokedRunComposite.xml
47 ms. Memory: 116224K Free: 103440K (89%)
Known Failure: java.lang.reflect.InvocationTargetException
No auto/linux-amd64/*.xml tests in /home/travis/build/icyphy/ptII/ptolemy/actor/lib/hoc/test
AutoTests.java: About to close Vertx.
AutoTests.java: Vertx closed.

===========================================================================================
----------------- testing Mon Jul 23 01:41:20 UTC 2018 /home/travis/build/icyphy/ptII/ptolemy/actor/lib/hoc/test/auto/AllToAllMultiInstanceComposite.xml
----------------- Instantiating /home/travis/build/icyphy/ptII/ptolemy/actor/lib/hoc/test/auto/AllToAllMultiInstanceComposite.xml
146 ms. Memory: 146944K Free: 107594K (73%)
----------------- Invoking toplevel() on ptolemy.moml.MoMLSimpleApplication@731aa24
----------------- Done invoking toplevel() on ptolemy.moml.MoMLSimpleApplication@731aa24
reloadAllAccessors: .AllToAllMultiInstanceComposite

===========================================================================================
----------------- testing Mon Jul 23 01:41:20 UTC 2018 /home/travis/build/icyphy/ptII/ptolemy/actor/lib/hoc/test/auto/ApplyFFTTest.xml
----------------- Instantiating /home/travis/build/icyphy/ptII/ptolemy/actor/lib/hoc/test/auto/ApplyFFTTest.xml
112 ms. Memory: 146944K Free: 87682K (60%)
----------------- Invoking toplevel() on ptolemy.moml.MoMLSimpleApplication@295e2aec
----------------- Done invoking toplevel() on ptolemy.moml.MoMLSimpleApplication@295e2aec
reloadAllAccessors: .ApplyFFTTest

===========================================================================================
----------------- testing Mon Jul 23 01:41:20 UTC 2018 /home/travis/build/icyphy/ptII/ptolemy/actor/lib/hoc/test/auto/ApplyFunction.xml
----------------- Instantiating /home/travis/build/icyphy/ptII/ptolemy/actor/lib/hoc/test/auto/ApplyFunction.xml
5 ms. Memory: 146944K Free: 83980K (57%)
----------------- Invoking toplevel() on ptolemy.moml.MoMLSimpleApplication@754a7a2f
----------------- Done invoking toplevel() on ptolemy.moml.MoMLSimpleApplication@754a7a2f
reloadAllAccessors: .ApplyFunction

===========================================================================================
----------------- testing Mon Jul 23 01:41:20 UTC 2018 /home/travis/build/icyphy/ptII/ptolemy/actor/lib/hoc/test/auto/BackgroundExecution.xml
----------------- Instantiating /home/travis/build/icyphy/ptII/ptolemy/actor/lib/hoc/test/auto/BackgroundExecution.xml
624 ms. Memory: 146944K Free: 135509K (92%)
----------------- Invoking toplevel() on ptolemy.moml.MoMLSimpleApplication@3e8a5770
----------------- Done invoking toplevel() on ptolemy.moml.MoMLSimpleApplication@3e8a5770
reloadAllAccessors: .BackgroundExecution

===========================================================================================
----------------- testing Mon Jul 23 01:41:21 UTC 2018 /home/travis/build/icyphy/ptII/ptolemy/actor/lib/hoc/test/auto/Case.xml
----------------- Instantiating /home/travis/build/icyphy/ptII/ptolemy/actor/lib/hoc/test/auto/Case.xml
18 ms. Memory: 146944K Free: 127238K (87%)
----------------- Invoking toplevel() on ptolemy.moml.MoMLSimpleApplication@19548080
----------------- Done invoking toplevel() on ptolemy.moml.MoMLSimpleApplication@19548080
reloadAllAccessors: .Case

===========================================================================================
----------------- testing Mon Jul 23 01:41:21 UTC 2018 /home/travis/build/icyphy/ptII/ptolemy/actor/lib/hoc/test/auto/Case1.xml
----------------- Instantiating /home/travis/build/icyphy/ptII/ptolemy/actor/lib/hoc/test/auto/Case1.xml
15 ms. Memory: 146944K Free: 120162K (82%)
----------------- Invoking toplevel() on ptolemy.moml.MoMLSimpleApplication@783c84e4
----------------- Done invoking toplevel() on ptolemy.moml.MoMLSimpleApplication@783c84e4
reloadAllAccessors: .Case1

===========================================================================================
----------------- testing Mon Jul 23 01:41:21 UTC 2018 /home/travis/build/icyphy/ptII/ptolemy/actor/lib/hoc/test/auto/Case2.xml
----------------- Instantiating /home/travis/build/icyphy/ptII/ptolemy/actor/lib/hoc/test/auto/Case2.xml
48 ms. Memory: 146944K Free: 108140K (74%)
----------------- Invoking toplevel() on ptolemy.moml.MoMLSimpleApplication@219bc54e
----------------- Done invoking toplevel() on ptolemy.moml.MoMLSimpleApplication@219bc54e
reloadAllAccessors: .Case2

===========================================================================================
----------------- testing Mon Jul 23 01:41:21 UTC 2018 /home/travis/build/icyphy/ptII/ptolemy/actor/lib/hoc/test/auto/Case3.xml
----------------- Instantiating /home/travis/build/icyphy/ptII/ptolemy/actor/lib/hoc/test/auto/Case3.xml
21 ms. Memory: 146944K Free: 101338K (69%)
----------------- Invoking toplevel() on ptolemy.moml.MoMLSimpleApplication@213ff715
----------------- Done invoking toplevel() on ptolemy.moml.MoMLSimpleApplication@213ff715
reloadAllAccessors: .Case3

===========================================================================================
----------------- testing Mon Jul 23 01:41:21 UTC 2018 /home/travis/build/icyphy/ptII/ptolemy/actor/lib/hoc/test/auto/Case4.xml
----------------- Instantiating /home/travis/build/icyphy/ptII/ptolemy/actor/lib/hoc/test/auto/Case4.xml
17 ms. Memory: 146944K Free: 92240K (63%)
----------------- Invoking toplevel() on ptolemy.moml.MoMLSimpleApplication@30e49d55
----------------- Done invoking toplevel() on ptolemy.moml.MoMLSimpleApplication@30e49d55
reloadAllAccessors: .Case4

===========================================================================================
----------------- testing Mon Jul 23 01:41:21 UTC 2018 /home/travis/build/icyphy/ptII/ptolemy/actor/lib/hoc/test/auto/Case5.xml
----------------- Instantiating /home/travis/build/icyphy/ptII/ptolemy/actor/lib/hoc/test/auto/Case5.xml
29 ms. Memory: 146944K Free: 85067K (58%)
----------------- Invoking toplevel() on ptolemy.moml.MoMLSimpleApplication@502b8eb
----------------- Done invoking toplevel() on ptolemy.moml.MoMLSimpleApplication@502b8eb
reloadAllAccessors: .junk

===========================================================================================
----------------- testing Mon Jul 23 01:41:21 UTC 2018 /home/travis/build/icyphy/ptII/ptolemy/actor/lib/hoc/test/auto/Case6.xml
----------------- Instantiating /home/travis/build/icyphy/ptII/ptolemy/actor/lib/hoc/test/auto/Case6.xml
55 ms. Memory: 208384K Free: 194617K (93%)
----------------- Invoking toplevel() on ptolemy.moml.MoMLSimpleApplication@5ea7a80b
----------------- Done invoking toplevel() on ptolemy.moml.MoMLSimpleApplication@5ea7a80b
reloadAllAccessors: .Case6

===========================================================================================
----------------- testing Mon Jul 23 01:41:21 UTC 2018 /home/travis/build/icyphy/ptII/ptolemy/actor/lib/hoc/test/auto/CaseString2.xml
----------------- Instantiating /home/travis/build/icyphy/ptII/ptolemy/actor/lib/hoc/test/auto/CaseString2.xml
12 ms. Memory: 208384K Free: 184993K (89%)
----------------- Invoking toplevel() on ptolemy.moml.MoMLSimpleApplication@5a4058d8
----------------- Done invoking toplevel() on ptolemy.moml.MoMLSimpleApplication@5a4058d8
reloadAllAccessors: .CaseString2

===========================================================================================
----------------- testing Mon Jul 23 01:41:22 UTC 2018 /home/travis/build/icyphy/ptII/ptolemy/actor/lib/hoc/test/auto/CatchUpComposite1.xml
----------------- Instantiating /home/travis/build/icyphy/ptII/ptolemy/actor/lib/hoc/test/auto/CatchUpComposite1.xml
26 ms. Memory: 208384K Free: 175114K (84%)
----------------- Invoking toplevel() on ptolemy.moml.MoMLSimpleApplication@2f1a5cb5
----------------- Done invoking toplevel() on ptolemy.moml.MoMLSimpleApplication@2f1a5cb5
reloadAllAccessors: .CatchUpComposite1

===========================================================================================
----------------- testing Mon Jul 23 01:41:22 UTC 2018 /home/travis/build/icyphy/ptII/ptolemy/actor/lib/hoc/test/auto/CatchUpComposite2.xml
----------------- Instantiating /home/travis/build/icyphy/ptII/ptolemy/actor/lib/hoc/test/auto/CatchUpComposite2.xml
21 ms. Memory: 208384K Free: 165267K (79%)
----------------- Invoking toplevel() on ptolemy.moml.MoMLSimpleApplication@6209707
----------------- Done invoking toplevel() on ptolemy.moml.MoMLSimpleApplication@6209707
reloadAllAccessors: .CatchUpComposite2

===========================================================================================
----------------- testing Mon Jul 23 01:41:22 UTC 2018 /home/travis/build/icyphy/ptII/ptolemy/actor/lib/hoc/test/auto/CatchUpComposite3.xml
----------------- Instantiating /home/travis/build/icyphy/ptII/ptolemy/actor/lib/hoc/test/auto/CatchUpComposite3.xml
6 ms. Memory: 208384K Free: 155108K (74%)
----------------- Invoking toplevel() on ptolemy.moml.MoMLSimpleApplication@1ef19c35
----------------- Done invoking toplevel() on ptolemy.moml.MoMLSimpleApplication@1ef19c35
reloadAllAccessors: .CatchUpComposite3

===========================================================================================
----------------- testing Mon Jul 23 01:41:22 UTC 2018 /home/travis/build/icyphy/ptII/ptolemy/actor/lib/hoc/test/auto/CatchUpComposite4.xml
----------------- Instantiating /home/travis/build/icyphy/ptII/ptolemy/actor/lib/hoc/test/auto/CatchUpComposite4.xml
19 ms. Memory: 208384K Free: 145876K (70%)
----------------- Invoking toplevel() on ptolemy.moml.MoMLSimpleApplication@57e2b698
----------------- Done invoking toplevel() on ptolemy.moml.MoMLSimpleApplication@57e2b698
reloadAllAccessors: .CatchUpComposite4

===========================================================================================
----------------- testing Mon Jul 23 01:41:22 UTC 2018 /home/travis/build/icyphy/ptII/ptolemy/actor/lib/hoc/test/auto/CatchUpComposite5.xml
----------------- Instantiating /home/travis/build/icyphy/ptII/ptolemy/actor/lib/hoc/test/auto/CatchUpComposite5.xml
15 ms. Memory: 208384K Free: 137225K (66%)
----------------- Invoking toplevel() on ptolemy.moml.MoMLSimpleApplication@4e735500
----------------- Done invoking toplevel() on ptolemy.moml.MoMLSimpleApplication@4e735500
reloadAllAccessors: .CatchUpComposite5

===========================================================================================
----------------- testing Mon Jul 23 01:41:22 UTC 2018 /home/travis/build/icyphy/ptII/ptolemy/actor/lib/hoc/test/auto/CatchUpComposite6.xml
----------------- Instantiating /home/travis/build/icyphy/ptII/ptolemy/actor/lib/hoc/test/auto/CatchUpComposite6.xml
WARNING: The execution aspects in this model can influence the timing of actors by delaying the 
execution, potentially changing the behavior. There is no guarantee that actors fire at the 
time they request to be fired. 
Use Ptides for deterministic DE behavior that is not influenced by execution aspects. 

86 ms. Memory: 208384K Free: 118304K (57%)
----------------- Invoking toplevel() on ptolemy.moml.MoMLSimpleApplication@6a88185c
----------------- Done invoking toplevel() on ptolemy.moml.MoMLSimpleApplication@6a88185c
reloadAllAccessors: .CatchUpComposite6

===========================================================================================
----------------- testing Mon Jul 23 01:41:22 UTC 2018 /home/travis/build/icyphy/ptII/ptolemy/actor/lib/hoc/test/auto/CatchUpComposite7.xml
----------------- Instantiating /home/travis/build/icyphy/ptII/ptolemy/actor/lib/hoc/test/auto/CatchUpComposite7.xml
WARNING: The execution aspects in this model can influence the timing of actors by delaying the 
execution, potentially changing the behavior. There is no guarantee that actors fire at the 
time they request to be fired. 
Use Ptides for deterministic DE behavior that is not influenced by execution aspects. 

34 ms. Memory: 208384K Free: 100938K (48%)
----------------- Invoking toplevel() on ptolemy.moml.MoMLSimpleApplication@1bea59a9
----------------- Done invoking toplevel() on ptolemy.moml.MoMLSimpleApplication@1bea59a9
reloadAllAccessors: .CatchUpComposite7

===========================================================================================
----------------- testing Mon Jul 23 01:41:22 UTC 2018 /home/travis/build/icyphy/ptII/ptolemy/actor/lib/hoc/test/auto/ConcurrentExecutionTimeSDF.xml
----------------- Instantiating /home/travis/build/icyphy/ptII/ptolemy/actor/lib/hoc/test/auto/ConcurrentExecutionTimeSDF.xml
Fired ExecutionTime: 40400000
Fired ExecutionTime: 40400000
Fired ExecutionTime: 40400000
Fired ExecutionTime: 40400000
Fired ExecutionTime: 40400000
Fired ExecutionTime: 40400000
Fired ExecutionTime: 40400000
Fired ExecutionTime: 40400000
Fired ExecutionTime: 40400000
Fired ExecutionTime: 40400000
Fired ExecutionTime: 40400000
Fired ExecutionTime: 40400000
Fired ExecutionTime: 40400000
Fired ExecutionTime: 40400000
Fired ExecutionTime: 40400000
Fired ExecutionTime: 40400000
Fired ExecutionTime: 40400000
Fired ExecutionTime: 40400000
Fired ExecutionTime: 40400000
Fired ExecutionTime: 40400000
1046 ms. Memory: 208384K Free: 92823K (45%)
----------------- Invoking toplevel() on ptolemy.moml.MoMLSimpleApplication@2e9ab0ea
----------------- Done invoking toplevel() on ptolemy.moml.MoMLSimpleApplication@2e9ab0ea
reloadAllAccessors: .ConcurrentExecutionTimeSDF

===========================================================================================
----------------- testing Mon Jul 23 01:41:23 UTC 2018 /home/travis/build/icyphy/ptII/ptolemy/actor/lib/hoc/test/auto/ConcurrentSleep.xml
----------------- Instantiating /home/travis/build/icyphy/ptII/ptolemy/actor/lib/hoc/test/auto/ConcurrentSleep.xml
747 ms. Memory: 208384K Free: 200289K (96%)
----------------- Invoking toplevel() on ptolemy.moml.MoMLSimpleApplication@3181854c
----------------- Done invoking toplevel() on ptolemy.moml.MoMLSimpleApplication@3181854c
reloadAllAccessors: .ConcurrentSleep

===========================================================================================
----------------- testing Mon Jul 23 01:41:24 UTC 2018 /home/travis/build/icyphy/ptII/ptolemy/actor/lib/hoc/test/auto/DEInPNInRunCompositeActor.xml
----------------- Instantiating /home/travis/build/icyphy/ptII/ptolemy/actor/lib/hoc/test/auto/DEInPNInRunCompositeActor.xml
5 ms. Memory: 208384K Free: 192470K (92%)
----------------- Invoking toplevel() on ptolemy.moml.MoMLSimpleApplication@1f14524a
----------------- Done invoking toplevel() on ptolemy.moml.MoMLSimpleApplication@1f14524a
reloadAllAccessors: .DEInPNInRunCompositeActor

===========================================================================================
----------------- testing Mon Jul 23 01:41:24 UTC 2018 /home/travis/build/icyphy/ptII/ptolemy/actor/lib/hoc/test/auto/DFTSubSetTest.xml
----------------- Instantiating /home/travis/build/icyphy/ptII/ptolemy/actor/lib/hoc/test/auto/DFTSubSetTest.xml
179 ms. Memory: 208384K Free: 145453K (70%)
----------------- Invoking toplevel() on ptolemy.moml.MoMLSimpleApplication@18fcbe27
----------------- Done invoking toplevel() on ptolemy.moml.MoMLSimpleApplication@18fcbe27
reloadAllAccessors: .DFTSubSetTest

===========================================================================================
----------------- testing Mon Jul 23 01:41:24 UTC 2018 /home/travis/build/icyphy/ptII/ptolemy/actor/lib/hoc/test/auto/HocDE.xml
----------------- Instantiating /home/travis/build/icyphy/ptII/ptolemy/actor/lib/hoc/test/auto/HocDE.xml
110 ms. Memory: 208384K Free: 117665K (56%)
----------------- Invoking toplevel() on ptolemy.moml.MoMLSimpleApplication@600cbab5
----------------- Done invoking toplevel() on ptolemy.moml.MoMLSimpleApplication@600cbab5
reloadAllAccessors: .HocDE

===========================================================================================
----------------- testing Mon Jul 23 01:41:25 UTC 2018 /home/travis/build/icyphy/ptII/ptolemy/actor/lib/hoc/test/auto/IterateOverArray.xml
----------------- Instantiating /home/travis/build/icyphy/ptII/ptolemy/actor/lib/hoc/test/auto/IterateOverArray.xml
5 ms. Memory: 208384K Free: 112717K (54%)
----------------- Invoking toplevel() on ptolemy.moml.MoMLSimpleApplication@504907c2
----------------- Done invoking toplevel() on ptolemy.moml.MoMLSimpleApplication@504907c2
reloadAllAccessors: .IterateOverArray

===========================================================================================
----------------- testing Mon Jul 23 01:41:25 UTC 2018 /home/travis/build/icyphy/ptII/ptolemy/actor/lib/hoc/test/auto/IterateOverArray10.xml
----------------- Instantiating /home/travis/build/icyphy/ptII/ptolemy/actor/lib/hoc/test/auto/IterateOverArray10.xml
2 ms. Memory: 208384K Free: 108373K (52%)
----------------- Invoking toplevel() on ptolemy.moml.MoMLSimpleApplication@1ebeff2c
----------------- Done invoking toplevel() on ptolemy.moml.MoMLSimpleApplication@1ebeff2c
reloadAllAccessors: .IterateOverArray10

===========================================================================================
----------------- testing Mon Jul 23 01:41:25 UTC 2018 /home/travis/build/icyphy/ptII/ptolemy/actor/lib/hoc/test/auto/IterateOverArray11.xml
----------------- Instantiating /home/travis/build/icyphy/ptII/ptolemy/actor/lib/hoc/test/auto/IterateOverArray11.xml
4 ms. Memory: 208384K Free: 104024K (50%)
----------------- Invoking toplevel() on ptolemy.moml.MoMLSimpleApplication@767a70b
----------------- Done invoking toplevel() on ptolemy.moml.MoMLSimpleApplication@767a70b
reloadAllAccessors: .IterateOverArray11

===========================================================================================
----------------- testing Mon Jul 23 01:41:25 UTC 2018 /home/travis/build/icyphy/ptII/ptolemy/actor/lib/hoc/test/auto/IterateOverArray12.xml
----------------- Instantiating /home/travis/build/icyphy/ptII/ptolemy/actor/lib/hoc/test/auto/IterateOverArray12.xml
18 ms. Memory: 208384K Free: 96639K (46%)
----------------- Invoking toplevel() on ptolemy.moml.MoMLSimpleApplication@2a3096f1
----------------- Done invoking toplevel() on ptolemy.moml.MoMLSimpleApplication@2a3096f1
reloadAllAccessors: .IterateOverArray12

===========================================================================================
----------------- testing Mon Jul 23 01:41:25 UTC 2018 /home/travis/build/icyphy/ptII/ptolemy/actor/lib/hoc/test/auto/IterateOverArray13.xml
----------------- Instantiating /home/travis/build/icyphy/ptII/ptolemy/actor/lib/hoc/test/auto/IterateOverArray13.xml
68 ms. Memory: 331776K Free: 312686K (94%)
----------------- Invoking toplevel() on ptolemy.moml.MoMLSimpleApplication@66073362
----------------- Done invoking toplevel() on ptolemy.moml.MoMLSimpleApplication@66073362
reloadAllAccessors: .IterateOverArray13

===========================================================================================
----------------- testing Mon Jul 23 01:41:25 UTC 2018 /home/travis/build/icyphy/ptII/ptolemy/actor/lib/hoc/test/auto/IterateOverArray14.xml
----------------- Instantiating /home/travis/build/icyphy/ptII/ptolemy/actor/lib/hoc/test/auto/IterateOverArray14.xml
79 ms. Memory: 331776K Free: 276284K (83%)
----------------- Invoking toplevel() on ptolemy.moml.MoMLSimpleApplication@2c2cb0ac
----------------- Done invoking toplevel() on ptolemy.moml.MoMLSimpleApplication@2c2cb0ac
reloadAllAccessors: .IterateOverArray14

===========================================================================================
----------------- testing Mon Jul 23 01:41:25 UTC 2018 /home/travis/build/icyphy/ptII/ptolemy/actor/lib/hoc/test/auto/IterateOverArray2.xml
----------------- Instantiating /home/travis/build/icyphy/ptII/ptolemy/actor/lib/hoc/test/auto/IterateOverArray2.xml
10 ms. Memory: 331776K Free: 271379K (82%)
----------------- Invoking toplevel() on ptolemy.moml.MoMLSimpleApplication@1ab81525
----------------- Done invoking toplevel() on ptolemy.moml.MoMLSimpleApplication@1ab81525
reloadAllAccessors: .IterateOverArray2

===========================================================================================
----------------- testing Mon Jul 23 01:41:25 UTC 2018 /home/travis/build/icyphy/ptII/ptolemy/actor/lib/hoc/test/auto/IterateOverArray3.xml
----------------- Instantiating /home/travis/build/icyphy/ptII/ptolemy/actor/lib/hoc/test/auto/IterateOverArray3.xml
15 ms. Memory: 331776K Free: 263180K (79%)
----------------- Invoking toplevel() on ptolemy.moml.MoMLSimpleApplication@303e051d
----------------- Done invoking toplevel() on ptolemy.moml.MoMLSimpleApplication@303e051d
reloadAllAccessors: .IterateOverArray3

===========================================================================================
----------------- testing Mon Jul 23 01:41:25 UTC 2018 /home/travis/build/icyphy/ptII/ptolemy/actor/lib/hoc/test/auto/IterateOverArray4.xml
----------------- Instantiating /home/travis/build/icyphy/ptII/ptolemy/actor/lib/hoc/test/auto/IterateOverArray4.xml
4 ms. Memory: 331776K Free: 257048K (77%)
----------------- Invoking toplevel() on ptolemy.moml.MoMLSimpleApplication@13037b1f
----------------- Done invoking toplevel() on ptolemy.moml.MoMLSimpleApplication@13037b1f
reloadAllAccessors: .IterateOverArray4

===========================================================================================
----------------- testing Mon Jul 23 01:41:25 UTC 2018 /home/travis/build/icyphy/ptII/ptolemy/actor/lib/hoc/test/auto/IterateOverArray5.xml
----------------- Instantiating /home/travis/build/icyphy/ptII/ptolemy/actor/lib/hoc/test/auto/IterateOverArray5.xml
3 ms. Memory: 331776K Free: 252143K (76%)
----------------- Invoking toplevel() on ptolemy.moml.MoMLSimpleApplication@9dead33
----------------- Done invoking toplevel() on ptolemy.moml.MoMLSimpleApplication@9dead33
reloadAllAccessors: .IterateOverArray5

===========================================================================================
----------------- testing Mon Jul 23 01:41:25 UTC 2018 /home/travis/build/icyphy/ptII/ptolemy/actor/lib/hoc/test/auto/IterateOverArray6.xml
----------------- Instantiating /home/travis/build/icyphy/ptII/ptolemy/actor/lib/hoc/test/auto/IterateOverArray6.xml
3 ms. Memory: 331776K Free: 247623K (75%)
----------------- Invoking toplevel() on ptolemy.moml.MoMLSimpleApplication@5ef8e367
----------------- Done invoking toplevel() on ptolemy.moml.MoMLSimpleApplication@5ef8e367
reloadAllAccessors: .IterateOverArray6

===========================================================================================
----------------- testing Mon Jul 23 01:41:25 UTC 2018 /home/travis/build/icyphy/ptII/ptolemy/actor/lib/hoc/test/auto/IterateOverArray7.xml
----------------- Instantiating /home/travis/build/icyphy/ptII/ptolemy/actor/lib/hoc/test/auto/IterateOverArray7.xml
7 ms. Memory: 331776K Free: 242718K (73%)
----------------- Invoking toplevel() on ptolemy.moml.MoMLSimpleApplication@4b999340
----------------- Done invoking toplevel() on ptolemy.moml.MoMLSimpleApplication@4b999340
reloadAllAccessors: .IterateOverArray7

===========================================================================================
----------------- testing Mon Jul 23 01:41:25 UTC 2018 /home/travis/build/icyphy/ptII/ptolemy/actor/lib/hoc/test/auto/IterateOverArray8.xml
----------------- Instantiating /home/travis/build/icyphy/ptII/ptolemy/actor/lib/hoc/test/auto/IterateOverArray8.xml
3 ms. Memory: 331776K Free: 236972K (71%)
----------------- Invoking toplevel() on ptolemy.moml.MoMLSimpleApplication@7a2f6bb3
----------------- Done invoking toplevel() on ptolemy.moml.MoMLSimpleApplication@7a2f6bb3
reloadAllAccessors: .IterateOverArray8

===========================================================================================
----------------- testing Mon Jul 23 01:41:25 UTC 2018 /home/travis/build/icyphy/ptII/ptolemy/actor/lib/hoc/test/auto/IterateOverArray9.xml
----------------- Instantiating /home/travis/build/icyphy/ptII/ptolemy/actor/lib/hoc/test/auto/IterateOverArray9.xml
8 ms. Memory: 331776K Free: 232067K (70%)
----------------- Invoking toplevel() on ptolemy.moml.MoMLSimpleApplication@246d7e12
----------------- Done invoking toplevel() on ptolemy.moml.MoMLSimpleApplication@246d7e12
reloadAllAccessors: .IterateOverArray9

===========================================================================================
----------------- testing Mon Jul 23 01:41:25 UTC 2018 /home/travis/build/icyphy/ptII/ptolemy/actor/lib/hoc/test/auto/IterateOverArrayCoercedOutputType.xml
----------------- Instantiating /home/travis/build/icyphy/ptII/ptolemy/actor/lib/hoc/test/auto/IterateOverArrayCoercedOutputType.xml
3 ms. Memory: 331776K Free: 225936K (68%)
----------------- Invoking toplevel() on ptolemy.moml.MoMLSimpleApplication@79a6bd0
----------------- Done invoking toplevel() on ptolemy.moml.MoMLSimpleApplication@79a6bd0
reloadAllAccessors: .IterateOverArrayCoercedOutputType

===========================================================================================
----------------- testing Mon Jul 23 01:41:25 UTC 2018 /home/travis/build/icyphy/ptII/ptolemy/actor/lib/hoc/test/auto/IterateOverArrayInferredOutputType.xml
----------------- Instantiating /home/travis/build/icyphy/ptII/ptolemy/actor/lib/hoc/test/auto/IterateOverArrayInferredOutputType.xml
9 ms. Memory: 331776K Free: 218963K (66%)
----------------- Invoking toplevel() on ptolemy.moml.MoMLSimpleApplication@6c4c481a
----------------- Done invoking toplevel() on ptolemy.moml.MoMLSimpleApplication@6c4c481a
reloadAllAccessors: .IterateOverArrayInferredOutputType

===========================================================================================
----------------- testing Mon Jul 23 01:41:25 UTC 2018 /home/travis/build/icyphy/ptII/ptolemy/actor/lib/hoc/test/auto/MobileFunctionTest.xml
----------------- Instantiating /home/travis/build/icyphy/ptII/ptolemy/actor/lib/hoc/test/auto/MobileFunctionTest.xml
5 ms. Memory: 331776K Free: 214058K (65%)
----------------- Invoking toplevel() on ptolemy.moml.MoMLSimpleApplication@363a886
----------------- Done invoking toplevel() on ptolemy.moml.MoMLSimpleApplication@363a886
reloadAllAccessors: .MobileFunctionTest

===========================================================================================
----------------- testing Mon Jul 23 01:41:25 UTC 2018 /home/travis/build/icyphy/ptII/ptolemy/actor/lib/hoc/test/auto/MobileModelTest.xml
----------------- Instantiating /home/travis/build/icyphy/ptII/ptolemy/actor/lib/hoc/test/auto/MobileModelTest.xml
103 ms. Memory: 331776K Free: 192366K (58%)
----------------- Invoking toplevel() on ptolemy.moml.MoMLSimpleApplication@15d7f4f3
----------------- Done invoking toplevel() on ptolemy.moml.MoMLSimpleApplication@15d7f4f3
reloadAllAccessors: .MobileModelTest

===========================================================================================
----------------- testing Mon Jul 23 01:41:25 UTC 2018 /home/travis/build/icyphy/ptII/ptolemy/actor/lib/hoc/test/auto/ModelReference.xml
----------------- Instantiating /home/travis/build/icyphy/ptII/ptolemy/actor/lib/hoc/test/auto/ModelReference.xml
2 ms. Memory: 331776K Free: 183782K (55%)
2 ms. Memory: 331776K Free: 182556K (55%)
4 ms. Memory: 331776K Free: 182556K (55%)
1 ms. Memory: 331776K Free: 181330K (55%)
1 ms. Memory: 331776K Free: 180104K (54%)
2 ms. Memory: 331776K Free: 180104K (54%)
1 ms. Memory: 331776K Free: 178877K (54%)
5 ms. Memory: 331776K Free: 177651K (54%)
3 ms. Memory: 331776K Free: 177651K (54%)
3 ms. Memory: 331776K Free: 176425K (53%)
34 ms. Memory: 331776K Free: 176425K (53%)
----------------- Invoking toplevel() on ptolemy.moml.MoMLSimpleApplication@5270e0cf
----------------- Done invoking toplevel() on ptolemy.moml.MoMLSimpleApplication@5270e0cf
reloadAllAccessors: .ModelReference

===========================================================================================
----------------- testing Mon Jul 23 01:41:25 UTC 2018 /home/travis/build/icyphy/ptII/ptolemy/actor/lib/hoc/test/auto/ModelReference3.xml
----------------- Instantiating /home/travis/build/icyphy/ptII/ptolemy/actor/lib/hoc/test/auto/ModelReference3.xml
2 ms. Memory: 331776K Free: 170294K (51%)
6 ms. Memory: 331776K Free: 170294K (51%)
2 ms. Memory: 331776K Free: 169067K (51%)
5 ms. Memory: 331776K Free: 167841K (51%)
2 ms. Memory: 331776K Free: 167841K (51%)
2 ms. Memory: 331776K Free: 166615K (50%)
2 ms. Memory: 331776K Free: 165389K (50%)
2 ms. Memory: 331776K Free: 165389K (50%)
2 ms. Memory: 331776K Free: 164162K (49%)
2 ms. Memory: 331776K Free: 162936K (49%)
36 ms. Memory: 331776K Free: 162936K (49%)
----------------- Invoking toplevel() on ptolemy.moml.MoMLSimpleApplication@48c72dd0
----------------- Done invoking toplevel() on ptolemy.moml.MoMLSimpleApplication@48c72dd0
reloadAllAccessors: .ModelReference3

===========================================================================================
----------------- testing Mon Jul 23 01:41:26 UTC 2018 /home/travis/build/icyphy/ptII/ptolemy/actor/lib/hoc/test/auto/ModelReference4.xml
----------------- Instantiating /home/travis/build/icyphy/ptII/ptolemy/actor/lib/hoc/test/auto/ModelReference4.xml
3 ms. Memory: 331776K Free: 155964K (47%)
2 ms. Memory: 331776K Free: 154737K (47%)
4 ms. Memory: 331776K Free: 152285K (46%)
3 ms. Memory: 331776K Free: 151059K (46%)
2 ms. Memory: 331776K Free: 149832K (45%)
10 ms. Memory: 331776K Free: 148606K (45%)
2 ms. Memory: 331776K Free: 147380K (44%)
2 ms. Memory: 331776K Free: 146154K (44%)
1 ms. Memory: 331776K Free: 143685K (43%)
3 ms. Memory: 331776K Free: 142459K (43%)
10031 ms. Memory: 331776K Free: 142459K (43%)
----------------- Invoking toplevel() on ptolemy.moml.MoMLSimpleApplication@3eb7a98d
----------------- Done invoking toplevel() on ptolemy.moml.MoMLSimpleApplication@3eb7a98d
reloadAllAccessors: .ModelReference4

===========================================================================================
----------------- testing Mon Jul 23 01:41:36 UTC 2018 /home/travis/build/icyphy/ptII/ptolemy/actor/lib/hoc/test/auto/MultiInstanceComposite.xml
----------------- Instantiating /home/travis/build/icyphy/ptII/ptolemy/actor/lib/hoc/test/auto/MultiInstanceComposite.xml
32 ms. Memory: 331776K Free: 125179K (38%)
----------------- Invoking toplevel() on ptolemy.moml.MoMLSimpleApplication@6a9292f7
----------------- Done invoking toplevel() on ptolemy.moml.MoMLSimpleApplication@6a9292f7
reloadAllAccessors: .MultiInstanceComposite

===========================================================================================
----------------- testing Mon Jul 23 01:41:36 UTC 2018 /home/travis/build/icyphy/ptII/ptolemy/actor/lib/hoc/test/auto/MultiInstanceComposite2.xml
----------------- Instantiating /home/travis/build/icyphy/ptII/ptolemy/actor/lib/hoc/test/auto/MultiInstanceComposite2.xml
21 ms. Memory: 331776K Free: 110785K (33%)
----------------- Invoking toplevel() on ptolemy.moml.MoMLSimpleApplication@24324798
----------------- Done invoking toplevel() on ptolemy.moml.MoMLSimpleApplication@24324798
reloadAllAccessors: .MultiInstanceComposite2

===========================================================================================
----------------- testing Mon Jul 23 01:41:36 UTC 2018 /home/travis/build/icyphy/ptII/ptolemy/actor/lib/hoc/test/auto/MulticoreExecution.xml
----------------- Instantiating /home/travis/build/icyphy/ptII/ptolemy/actor/lib/hoc/test/auto/MulticoreExecution.xml
Fired ExecutionTime: 2000000
Fired ExecutionTime: 4400000
Fired ExecutionTime: 34400000
Fired ExecutionTime: 18400000
Fired ExecutionTime: 41200000
Fired ExecutionTime: 73600000
Fired ExecutionTime: 70000000
Fired ExecutionTime: 74800000
Fired ExecutionTime: 69200000
Fired ExecutionTime: 69200000
Fired ExecutionTime: 74400000
Fired ExecutionTime: 74800000
Fired ExecutionTime: 157600000
Fired ExecutionTime: 154800000
Fired ExecutionTime: 155200000
Fired ExecutionTime: 154000000
Fired ExecutionTime: 154400000
Fired ExecutionTime: 152000000
Fired ExecutionTime: 130400000
Fired ExecutionTime: 149200000
1057 ms. Memory: 331776K Free: 98482K (30%)
----------------- Invoking toplevel() on ptolemy.moml.MoMLSimpleApplication@465f13b6
----------------- Done invoking toplevel() on ptolemy.moml.MoMLSimpleApplication@465f13b6
reloadAllAccessors: .MulticoreExecution

===========================================================================================
----------------- testing Mon Jul 23 01:41:37 UTC 2018 /home/travis/build/icyphy/ptII/ptolemy/actor/lib/hoc/test/auto/ParallelExecution.xml
----------------- Instantiating /home/travis/build/icyphy/ptII/ptolemy/actor/lib/hoc/test/auto/ParallelExecution.xml
931 ms. Memory: 331776K Free: 87438K (26%)
----------------- Invoking toplevel() on ptolemy.moml.MoMLSimpleApplication@5d8b70b3
----------------- Done invoking toplevel() on ptolemy.moml.MoMLSimpleApplication@5d8b70b3
reloadAllAccessors: .ParallelExecution

===========================================================================================
----------------- testing Mon Jul 23 01:41:38 UTC 2018 /home/travis/build/icyphy/ptII/ptolemy/actor/lib/hoc/test/auto/RunCompositeActor.xml
----------------- Instantiating /home/travis/build/icyphy/ptII/ptolemy/actor/lib/hoc/test/auto/RunCompositeActor.xml
26 ms. Memory: 332288K Free: 321905K (97%)
----------------- Invoking toplevel() on ptolemy.moml.MoMLSimpleApplication@2e62f8e2
----------------- Done invoking toplevel() on ptolemy.moml.MoMLSimpleApplication@2e62f8e2
reloadAllAccessors: .RunCompositeActor

===========================================================================================
----------------- testing Mon Jul 23 01:41:38 UTC 2018 /home/travis/build/icyphy/ptII/ptolemy/actor/lib/hoc/test/auto/RunCompositeActor2.xml
----------------- Instantiating /home/travis/build/icyphy/ptII/ptolemy/actor/lib/hoc/test/auto/RunCompositeActor2.xml
7 ms. Memory: 332288K Free: 312025K (94%)
----------------- Invoking toplevel() on ptolemy.moml.MoMLSimpleApplication@5d9593e2
----------------- Done invoking toplevel() on ptolemy.moml.MoMLSimpleApplication@5d9593e2
reloadAllAccessors: .RunCompositeActor2

===========================================================================================
----------------- testing Mon Jul 23 01:41:38 UTC 2018 /home/travis/build/icyphy/ptII/ptolemy/actor/lib/hoc/test/auto/RunCompositeActor3.xml
----------------- Instantiating /home/travis/build/icyphy/ptII/ptolemy/actor/lib/hoc/test/auto/RunCompositeActor3.xml
4 ms. Memory: 332288K Free: 305280K (92%)
----------------- Invoking toplevel() on ptolemy.moml.MoMLSimpleApplication@18294858
----------------- Done invoking toplevel() on ptolemy.moml.MoMLSimpleApplication@18294858
reloadAllAccessors: .RunCompositeActor3

===========================================================================================
----------------- testing Mon Jul 23 01:41:38 UTC 2018 /home/travis/build/icyphy/ptII/ptolemy/actor/lib/hoc/test/auto/RunCompositeActor4.xml
----------------- Instantiating /home/travis/build/icyphy/ptII/ptolemy/actor/lib/hoc/test/auto/RunCompositeActor4.xml
15 ms. Memory: 332288K Free: 295204K (89%)
----------------- Invoking toplevel() on ptolemy.moml.MoMLSimpleApplication@14fb48ab
----------------- Done invoking toplevel() on ptolemy.moml.MoMLSimpleApplication@14fb48ab
reloadAllAccessors: .RunCompositeActor4

===========================================================================================
----------------- testing Mon Jul 23 01:41:38 UTC 2018 /home/travis/build/icyphy/ptII/ptolemy/actor/lib/hoc/test/auto/RunCompositeIterateOverArray.xml
----------------- Instantiating /home/travis/build/icyphy/ptII/ptolemy/actor/lib/hoc/test/auto/RunCompositeIterateOverArray.xml
9 ms. Memory: 332288K Free: 288435K (87%)
----------------- Invoking toplevel() on ptolemy.moml.MoMLSimpleApplication@2c717688
----------------- Done invoking toplevel() on ptolemy.moml.MoMLSimpleApplication@2c717688
reloadAllAccessors: .RunCompositeIterateOverArray

===========================================================================================
----------------- testing Mon Jul 23 01:41:38 UTC 2018 /home/travis/build/icyphy/ptII/ptolemy/actor/lib/hoc/test/auto/ThreadedJS.xml
----------------- Instantiating /home/travis/build/icyphy/ptII/ptolemy/actor/lib/hoc/test/auto/ThreadedJS.xml
1802 ms. Memory: 542208K Free: 164646K (30%)
----------------- Invoking toplevel() on ptolemy.moml.MoMLSimpleApplication@77f863bd
----------------- Done invoking toplevel() on ptolemy.moml.MoMLSimpleApplication@77f863bd
reloadAllAccessors: .ThreadedJS
AutoTests.java: About to close Vertx.
AutoTests.java: Vertx closed.
]]></system-out>
  <system-err><![CDATA[java.lang.RuntimeException: Execution failed
	at ptolemy.moml.MoMLSimpleApplication$UnloadThread.run(MoMLSimpleApplication.java:402)
Caused by: ptolemy.kernel.util.IllegalActionException: initialize() was called after wrapup() was called but preinitialize() was not called after wrapup().
	at ptolemy.actor.lib.hoc.test.PreinitializeMustBeInvoked.initialize(PreinitializeMustBeInvoked.java:78)
	at ptolemy.actor.Director.initialize(Director.java:938)
	at ptolemy.actor.Director.initialize(Director.java:907)
	at ptolemy.actor.sched.StaticSchedulingDirector.initialize(StaticSchedulingDirector.java:159)
	at ptolemy.domains.sdf.kernel.SDFDirector.initialize(SDFDirector.java:544)
	at ptolemy.actor.CompositeActor.initialize(CompositeActor.java:935)
	at ptolemy.actor.lib.hoc.LifeCycleManager._executeInsideModel(LifeCycleManager.java:339)
	at ptolemy.actor.lib.hoc.RunCompositeActor.fire(RunCompositeActor.java:205)
	at ptolemy.actor.CompositeActor.iterate(CompositeActor.java:1146)
	at ptolemy.actor.sched.StaticSchedulingDirector.fire(StaticSchedulingDirector.java:216)
	at ptolemy.domains.sdf.kernel.SDFDirector.fire(SDFDirector.java:500)
	at ptolemy.actor.CompositeActor.fire(CompositeActor.java:455)
	at ptolemy.actor.Manager.iterate(Manager.java:851)
	at ptolemy.actor.Manager.execute(Manager.java:369)
	at ptolemy.actor.Manager.run(Manager.java:1263)
	at ptolemy.actor.Manager$PtolemyRunThread.run(Manager.java:1915)
java.lang.reflect.InvocationTargetException
	at sun.reflect.NativeConstructorAccessorImpl.newInstance0(Native Method)
	at sun.reflect.NativeConstructorAccessorImpl.newInstance(NativeConstructorAccessorImpl.java:62)
	at sun.reflect.DelegatingConstructorAccessorImpl.newInstance(DelegatingConstructorAccessorImpl.java:45)
	at java.lang.reflect.Constructor.newInstance(Constructor.java:423)
	at ptolemy.util.test.junit.AutoKnownFailedTests.RunModel(AutoKnownFailedTests.java:107)
	at sun.reflect.NativeMethodAccessorImpl.invoke0(Native Method)
	at sun.reflect.NativeMethodAccessorImpl.invoke(NativeMethodAccessorImpl.java:62)
	at sun.reflect.DelegatingMethodAccessorImpl.invoke(DelegatingMethodAccessorImpl.java:43)
	at java.lang.reflect.Method.invoke(Method.java:498)
	at org.junit.runners.model.FrameworkMethod$1.runReflectiveCall(FrameworkMethod.java:44)
	at org.junit.internal.runners.model.ReflectiveCallable.run(ReflectiveCallable.java:15)
	at org.junit.runners.model.FrameworkMethod.invokeExplosively(FrameworkMethod.java:41)
	at junitparams.internal.InvokeParameterisedMethod.evaluate(InvokeParameterisedMethod.java:102)
	at org.junit.internal.runners.statements.FailOnTimeout$1.run(FailOnTimeout.java:28)
Caused by: ptolemy.kernel.util.IllegalActionException: initialize() was called after wrapup() was called but preinitialize() was not called after wrapup().
	at ptolemy.actor.lib.hoc.test.PreinitializeMustBeInvoked.initialize(PreinitializeMustBeInvoked.java:78)
	at ptolemy.actor.Director.initialize(Director.java:938)
	at ptolemy.actor.Director.initialize(Director.java:907)
	at ptolemy.actor.sched.StaticSchedulingDirector.initialize(StaticSchedulingDirector.java:159)
	at ptolemy.domains.sdf.kernel.SDFDirector.initialize(SDFDirector.java:544)
	at ptolemy.actor.CompositeActor.initialize(CompositeActor.java:935)
	at ptolemy.actor.lib.hoc.LifeCycleManager._executeInsideModel(LifeCycleManager.java:339)
	at ptolemy.actor.lib.hoc.RunCompositeActor.fire(RunCompositeActor.java:205)
	at ptolemy.actor.CompositeActor.iterate(CompositeActor.java:1146)
	at ptolemy.actor.sched.StaticSchedulingDirector.fire(StaticSchedulingDirector.java:216)
	at ptolemy.domains.sdf.kernel.SDFDirector.fire(SDFDirector.java:500)
	at ptolemy.actor.CompositeActor.fire(CompositeActor.java:455)
	at ptolemy.actor.Manager.iterate(Manager.java:851)
	at ptolemy.actor.Manager.execute(Manager.java:369)
	at ptolemy.actor.Manager.run(Manager.java:1263)
	at ptolemy.actor.Manager$PtolemyRunThread.run(Manager.java:1915)
]]></system-err>
</testsuite>
