<?xml version="1.0" encoding="UTF-8" ?>
<testsuite errors="0" failures="0" hostname="travis-job-5dfccd0d-c25e-443f-9066-29d22dfae91b" name="ptolemy.domains.continuous.test.junit.JUnitTclTest" skipped="0" tests="155" time="73.752" timestamp="2018-08-06T01:47:45">
  <properties>
[...]
</properties>
  <testcase classname="ptolemy.util.test.junit.TclTests" name="[0] ThereAreNoTclTests (RunTclFile)" time="0.001" />
  <testcase classname="ptolemy.util.test.junit.AutoKnownFailedTests" name="[0] ThereAreNoKnowFailedTests (RunModel)" time="0.001" />
  <testcase classname="ptolemy.util.test.junit.AutoNameArchTests" name="[0] ThereAreNoAutoArchTests (RunModel)" time="0.0" />
  <testcase classname="ptolemy.util.test.junit.AutoTests" name="[0] /home/travis/build/icyphy/ptII/ptolemy/domains/continuous/test/auto/BouncingBall.xml (RunModel)" time="2.822" />
  <testcase classname="ptolemy.util.test.junit.AutoTests" name="[1] /home/travis/build/icyphy/ptII/ptolemy/domains/continuous/test/auto/BouncingBallWithoutGR.xml (RunModel)" time="0.858" />
  <testcase classname="ptolemy.util.test.junit.AutoTests" name="[2] /home/travis/build/icyphy/ptII/ptolemy/domains/continuous/test/auto/Brownian.xml (RunModel)" time="0.118" />
  <testcase classname="ptolemy.util.test.junit.AutoTests" name="[3] /home/travis/build/icyphy/ptII/ptolemy/domains/continuous/test/auto/CarTracking.xml (RunModel)" time="3.621" />
  <testcase classname="ptolemy.util.test.junit.AutoTests" name="[4] /home/travis/build/icyphy/ptII/ptolemy/domains/continuous/test/auto/CartPendulum.xml (RunModel)" time="0.458" />
  <testcase classname="ptolemy.util.test.junit.AutoTests" name="[5] /home/travis/build/icyphy/ptII/ptolemy/domains/continuous/test/auto/CausalityInterface10.xml (RunModel)" time="0.038" />
  <testcase classname="ptolemy.util.test.junit.AutoTests" name="[6] /home/travis/build/icyphy/ptII/ptolemy/domains/continuous/test/auto/CausalityInterface11.xml (RunModel)" time="0.024" />
  <testcase classname="ptolemy.util.test.junit.AutoTests" name="[7] /home/travis/build/icyphy/ptII/ptolemy/domains/continuous/test/auto/CausalityInterface12.xml (RunModel)" time="0.034" />
  <testcase classname="ptolemy.util.test.junit.AutoTests" name="[8] /home/travis/build/icyphy/ptII/ptolemy/domains/continuous/test/auto/CausalityInterface13.xml (RunModel)" time="0.035" />
  <testcase classname="ptolemy.util.test.junit.AutoTests" name="[9] /home/travis/build/icyphy/ptII/ptolemy/domains/continuous/test/auto/CausalityInterface14.xml (RunModel)" time="0.024" />
  <testcase classname="ptolemy.util.test.junit.AutoTests" name="[10] /home/travis/build/icyphy/ptII/ptolemy/domains/continuous/test/auto/CausalityInterface4.xml (RunModel)" time="0.026" />
  <testcase classname="ptolemy.util.test.junit.AutoTests" name="[11] /home/travis/build/icyphy/ptII/ptolemy/domains/continuous/test/auto/CausalityInterface5.xml (RunModel)" time="0.047" />
  <testcase classname="ptolemy.util.test.junit.AutoTests" name="[12] /home/travis/build/icyphy/ptII/ptolemy/domains/continuous/test/auto/CausalityInterface6.xml (RunModel)" time="0.024" />
  <testcase classname="ptolemy.util.test.junit.AutoTests" name="[13] /home/travis/build/icyphy/ptII/ptolemy/domains/continuous/test/auto/CausalityInterface7.xml (RunModel)" time="0.04" />
  <testcase classname="ptolemy.util.test.junit.AutoTests" name="[14] /home/travis/build/icyphy/ptII/ptolemy/domains/continuous/test/auto/CausalityInterface8.xml (RunModel)" time="0.031" />
  <testcase classname="ptolemy.util.test.junit.AutoTests" name="[15] /home/travis/build/icyphy/ptII/ptolemy/domains/continuous/test/auto/CausalityInterface9.xml (RunModel)" time="0.038" />
  <testcase classname="ptolemy.util.test.junit.AutoTests" name="[16] /home/travis/build/icyphy/ptII/ptolemy/domains/continuous/test/auto/CausalityInterfaceFeedback1.xml (RunModel)" time="0.033" />
  <testcase classname="ptolemy.util.test.junit.AutoTests" name="[17] /home/travis/build/icyphy/ptII/ptolemy/domains/continuous/test/auto/CausalityInterfaceFeedback2.xml (RunModel)" time="0.025" />
  <testcase classname="ptolemy.util.test.junit.AutoTests" name="[18] /home/travis/build/icyphy/ptII/ptolemy/domains/continuous/test/auto/CompareWithCurrentTime.xml (RunModel)" time="0.025" />
  <testcase classname="ptolemy.util.test.junit.AutoTests" name="[19] /home/travis/build/icyphy/ptII/ptolemy/domains/continuous/test/auto/ComparedClocks.xml (RunModel)" time="0.073" />
  <testcase classname="ptolemy.util.test.junit.AutoTests" name="[20] /home/travis/build/icyphy/ptII/ptolemy/domains/continuous/test/auto/ContinuousAOCClone.xml (RunModel)" time="2.468" />
  <testcase classname="ptolemy.util.test.junit.AutoTests" name="[21] /home/travis/build/icyphy/ptII/ptolemy/domains/continuous/test/auto/ContinuousClock.xml (RunModel)" time="0.116" />
  <testcase classname="ptolemy.util.test.junit.AutoTests" name="[22] /home/travis/build/icyphy/ptII/ptolemy/domains/continuous/test/auto/ContinuousInContinuous.xml (RunModel)" time="0.072" />
  <testcase classname="ptolemy.util.test.junit.AutoTests" name="[23] /home/travis/build/icyphy/ptII/ptolemy/domains/continuous/test/auto/ContinuousInContinuousInContinuous.xml (RunModel)" time="0.025" />
  <testcase classname="ptolemy.util.test.junit.AutoTests" name="[24] /home/travis/build/icyphy/ptII/ptolemy/domains/continuous/test/auto/ContinuousInDE.xml (RunModel)" time="0.13" />
  <testcase classname="ptolemy.util.test.junit.AutoTests" name="[25] /home/travis/build/icyphy/ptII/ptolemy/domains/continuous/test/auto/ContinuousInDE2.xml (RunModel)" time="0.056" />
  <testcase classname="ptolemy.util.test.junit.AutoTests" name="[26] /home/travis/build/icyphy/ptII/ptolemy/domains/continuous/test/auto/ContinuousInDE3.xml (RunModel)" time="0.061" />
  <testcase classname="ptolemy.util.test.junit.AutoTests" name="[27] /home/travis/build/icyphy/ptII/ptolemy/domains/continuous/test/auto/ContinuousInDE4.xml (RunModel)" time="0.044" />
  <testcase classname="ptolemy.util.test.junit.AutoTests" name="[28] /home/travis/build/icyphy/ptII/ptolemy/domains/continuous/test/auto/ContinuousInDEDifferentRefinements.xml (RunModel)" time="0.107" />
  <testcase classname="ptolemy.util.test.junit.AutoTests" name="[29] /home/travis/build/icyphy/ptII/ptolemy/domains/continuous/test/auto/ContinuousInDEDifferentRefinementsPreemptive.xml (RunModel)" time="0.095" />
  <testcase classname="ptolemy.util.test.junit.AutoTests" name="[30] /home/travis/build/icyphy/ptII/ptolemy/domains/continuous/test/auto/ContinuousInDEInContinuous2.xml (RunModel)" time="0.062" />
  <testcase classname="ptolemy.util.test.junit.AutoTests" name="[31] /home/travis/build/icyphy/ptII/ptolemy/domains/continuous/test/auto/ContinuousInDEInContinuous3.xml (RunModel)" time="0.074" />
  <testcase classname="ptolemy.util.test.junit.AutoTests" name="[32] /home/travis/build/icyphy/ptII/ptolemy/domains/continuous/test/auto/ContinuousInDEInput.xml (RunModel)" time="0.034" />
  <testcase classname="ptolemy.util.test.junit.AutoTests" name="[33] /home/travis/build/icyphy/ptII/ptolemy/domains/continuous/test/auto/ContinuousInDEInput2.xml (RunModel)" time="0.036" />
  <testcase classname="ptolemy.util.test.junit.AutoTests" name="[34] /home/travis/build/icyphy/ptII/ptolemy/domains/continuous/test/auto/ContinuousInDEInput3.xml (RunModel)" time="0.033" />
  <testcase classname="ptolemy.util.test.junit.AutoTests" name="[35] /home/travis/build/icyphy/ptII/ptolemy/domains/continuous/test/auto/ContinuousInDESharingRefinement.xml (RunModel)" time="0.187" />
  <testcase classname="ptolemy.util.test.junit.AutoTests" name="[36] /home/travis/build/icyphy/ptII/ptolemy/domains/continuous/test/auto/ContinuousInDEwithNoPorts.xml (RunModel)" time="0.022" />
  <testcase classname="ptolemy.util.test.junit.AutoTests" name="[37] /home/travis/build/icyphy/ptII/ptolemy/domains/continuous/test/auto/ContinuousInsideDE.xml (RunModel)" time="0.08" />
  <testcase classname="ptolemy.util.test.junit.AutoTests" name="[38] /home/travis/build/icyphy/ptII/ptolemy/domains/continuous/test/auto/ContinuousMerge1.xml (RunModel)" time="0.03" />
  <testcase classname="ptolemy.util.test.junit.AutoTests" name="[39] /home/travis/build/icyphy/ptII/ptolemy/domains/continuous/test/auto/ContinuousMerge2.xml (RunModel)" time="0.053" />
  <testcase classname="ptolemy.util.test.junit.AutoTests" name="[40] /home/travis/build/icyphy/ptII/ptolemy/domains/continuous/test/auto/ContinuousMerge3.xml (RunModel)" time="0.069" />
  <testcase classname="ptolemy.util.test.junit.AutoTests" name="[41] /home/travis/build/icyphy/ptII/ptolemy/domains/continuous/test/auto/ContinuousWithinContinuous.xml (RunModel)" time="0.065" />
  <testcase classname="ptolemy.util.test.junit.AutoTests" name="[42] /home/travis/build/icyphy/ptII/ptolemy/domains/continuous/test/auto/ContinuousWithinContinuous2.xml (RunModel)" time="0.092" />
  <testcase classname="ptolemy.util.test.junit.AutoTests" name="[43] /home/travis/build/icyphy/ptII/ptolemy/domains/continuous/test/auto/ContinuousWithinContinuous3.xml (RunModel)" time="0.041" />
  <testcase classname="ptolemy.util.test.junit.AutoTests" name="[44] /home/travis/build/icyphy/ptII/ptolemy/domains/continuous/test/auto/ContinuousWithinContinuous4.xml (RunModel)" time="0.091" />
  <testcase classname="ptolemy.util.test.junit.AutoTests" name="[45] /home/travis/build/icyphy/ptII/ptolemy/domains/continuous/test/auto/ContinuousWithinContinuous5.xml (RunModel)" time="0.044" />
  <testcase classname="ptolemy.util.test.junit.AutoTests" name="[46] /home/travis/build/icyphy/ptII/ptolemy/domains/continuous/test/auto/ContinuousWithinContinuous6.xml (RunModel)" time="0.025" />
  <testcase classname="ptolemy.util.test.junit.AutoTests" name="[47] /home/travis/build/icyphy/ptII/ptolemy/domains/continuous/test/auto/ContinuousWithinContinuous7.xml (RunModel)" time="0.073" />
  <testcase classname="ptolemy.util.test.junit.AutoTests" name="[48] /home/travis/build/icyphy/ptII/ptolemy/domains/continuous/test/auto/DCMotor.xml (RunModel)" time="14.187" />
  <testcase classname="ptolemy.util.test.junit.AutoTests" name="[49] /home/travis/build/icyphy/ptII/ptolemy/domains/continuous/test/auto/DEInContinuous.xml (RunModel)" time="0.017" />
  <testcase classname="ptolemy.util.test.junit.AutoTests" name="[50] /home/travis/build/icyphy/ptII/ptolemy/domains/continuous/test/auto/DEinContinuous2.xml (RunModel)" time="0.022" />
  <testcase classname="ptolemy.util.test.junit.AutoTests" name="[51] /home/travis/build/icyphy/ptII/ptolemy/domains/continuous/test/auto/Derivative.xml (RunModel)" time="0.182" />
  <testcase classname="ptolemy.util.test.junit.AutoTests" name="[52] /home/travis/build/icyphy/ptII/ptolemy/domains/continuous/test/auto/Derivative1.xml (RunModel)" time="0.041" />
  <testcase classname="ptolemy.util.test.junit.AutoTests" name="[53] /home/travis/build/icyphy/ptII/ptolemy/domains/continuous/test/auto/DiscreteClock.xml (RunModel)" time="0.016" />
  <testcase classname="ptolemy.util.test.junit.AutoTests" name="[54] /home/travis/build/icyphy/ptII/ptolemy/domains/continuous/test/auto/EfficiencyCurve.xml (RunModel)" time="0.11" />
  <testcase classname="ptolemy.util.test.junit.AutoTests" name="[55] /home/travis/build/icyphy/ptII/ptolemy/domains/continuous/test/auto/ExponentialResponse.xml (RunModel)" time="0.129" />
  <testcase classname="ptolemy.util.test.junit.AutoTests" name="[56] /home/travis/build/icyphy/ptII/ptolemy/domains/continuous/test/auto/ExponentialResponseRK45.xml (RunModel)" time="0.034" />
  <testcase classname="ptolemy.util.test.junit.AutoTests" name="[57] /home/travis/build/icyphy/ptII/ptolemy/domains/continuous/test/auto/Friction.xml (RunModel)" time="1.394" />
  <testcase classname="ptolemy.util.test.junit.AutoTests" name="[58] /home/travis/build/icyphy/ptII/ptolemy/domains/continuous/test/auto/FurutaPendulum.xml (RunModel)" time="3.561" />
  <testcase classname="ptolemy.util.test.junit.AutoTests" name="[59] /home/travis/build/icyphy/ptII/ptolemy/domains/continuous/test/auto/HierarchicalExecution.xml (RunModel)" time="2.483" />
  <testcase classname="ptolemy.util.test.junit.AutoTests" name="[60] /home/travis/build/icyphy/ptII/ptolemy/domains/continuous/test/auto/HybridPlant.xml (RunModel)" time="0.565" />
  <testcase classname="ptolemy.util.test.junit.AutoTests" name="[61] /home/travis/build/icyphy/ptII/ptolemy/domains/continuous/test/auto/Hysteresis.xml (RunModel)" time="0.167" />
  <testcase classname="ptolemy.util.test.junit.AutoTests" name="[62] /home/travis/build/icyphy/ptII/ptolemy/domains/continuous/test/auto/HysteresisWithRandomDelay.xml (RunModel)" time="0.21" />
  <testcase classname="ptolemy.util.test.junit.AutoTests" name="[63] /home/travis/build/icyphy/ptII/ptolemy/domains/continuous/test/auto/HysteresisWithRandomLosses.xml (RunModel)" time="2.393" />
  <testcase classname="ptolemy.util.test.junit.AutoTests" name="[64] /home/travis/build/icyphy/ptII/ptolemy/domains/continuous/test/auto/ImmediateTransitions.xml (RunModel)" time="0.026" />
  <testcase classname="ptolemy.util.test.junit.AutoTests" name="[65] /home/travis/build/icyphy/ptII/ptolemy/domains/continuous/test/auto/ImpulseFeedback.xml (RunModel)" time="0.015" />
  <testcase classname="ptolemy.util.test.junit.AutoTests" name="[66] /home/travis/build/icyphy/ptII/ptolemy/domains/continuous/test/auto/ImpulseFeedback2.xml (RunModel)" time="0.014" />
  <testcase classname="ptolemy.util.test.junit.AutoTests" name="[67] /home/travis/build/icyphy/ptII/ptolemy/domains/continuous/test/auto/IncreasingRatePoisson.xml (RunModel)" time="0.707" />
  <testcase classname="ptolemy.util.test.junit.AutoTests" name="[68] /home/travis/build/icyphy/ptII/ptolemy/domains/continuous/test/auto/InitialStateFeedback.xml (RunModel)" time="0.016" />
  <testcase classname="ptolemy.util.test.junit.AutoTests" name="[69] /home/travis/build/icyphy/ptII/ptolemy/domains/continuous/test/auto/Integration.xml (RunModel)" time="0.019" />
  <testcase classname="ptolemy.util.test.junit.AutoTests" name="[70] /home/travis/build/icyphy/ptII/ptolemy/domains/continuous/test/auto/Integration2.xml (RunModel)" time="0.087" />
  <testcase classname="ptolemy.util.test.junit.AutoTests" name="[71] /home/travis/build/icyphy/ptII/ptolemy/domains/continuous/test/auto/Integration3.xml (RunModel)" time="0.013" />
  <testcase classname="ptolemy.util.test.junit.AutoTests" name="[72] /home/travis/build/icyphy/ptII/ptolemy/domains/continuous/test/auto/Integration5.xml (RunModel)" time="0.032" />
  <testcase classname="ptolemy.util.test.junit.AutoTests" name="[73] /home/travis/build/icyphy/ptII/ptolemy/domains/continuous/test/auto/IntegratorImpulse.xml (RunModel)" time="0.011" />
  <testcase classname="ptolemy.util.test.junit.AutoTests" name="[74] /home/travis/build/icyphy/ptII/ptolemy/domains/continuous/test/auto/IntegratorImpulse2.xml (RunModel)" time="0.013" />
  <testcase classname="ptolemy.util.test.junit.AutoTests" name="[75] /home/travis/build/icyphy/ptII/ptolemy/domains/continuous/test/auto/LevelCrossing1.xml (RunModel)" time="0.012" />
  <testcase classname="ptolemy.util.test.junit.AutoTests" name="[76] /home/travis/build/icyphy/ptII/ptolemy/domains/continuous/test/auto/LevelCrossing2.xml (RunModel)" time="0.014" />
  <testcase classname="ptolemy.util.test.junit.AutoTests" name="[77] /home/travis/build/icyphy/ptII/ptolemy/domains/continuous/test/auto/LevelCrossing3.xml (RunModel)" time="0.014" />
  <testcase classname="ptolemy.util.test.junit.AutoTests" name="[78] /home/travis/build/icyphy/ptII/ptolemy/domains/continuous/test/auto/LevelCrossing4.xml (RunModel)" time="0.014" />
  <testcase classname="ptolemy.util.test.junit.AutoTests" name="[79] /home/travis/build/icyphy/ptII/ptolemy/domains/continuous/test/auto/LevelCrossing5.xml (RunModel)" time="0.014" />
  <testcase classname="ptolemy.util.test.junit.AutoTests" name="[80] /home/travis/build/icyphy/ptII/ptolemy/domains/continuous/test/auto/LevelCrossing6.xml (RunModel)" time="0.014" />
  <testcase classname="ptolemy.util.test.junit.AutoTests" name="[81] /home/travis/build/icyphy/ptII/ptolemy/domains/continuous/test/auto/LevelCrossingDetector.xml (RunModel)" time="0.045" />
  <testcase classname="ptolemy.util.test.junit.AutoTests" name="[82] /home/travis/build/icyphy/ptII/ptolemy/domains/continuous/test/auto/LevelCrossingDetectorDetectingDirections.xml (RunModel)" time="0.086" />
  <testcase classname="ptolemy.util.test.junit.AutoTests" name="[83] /home/travis/build/icyphy/ptII/ptolemy/domains/continuous/test/auto/LevelCrossingDetectorDetectsGlitches.xml (RunModel)" time="0.067" />
  <testcase classname="ptolemy.util.test.junit.AutoTests" name="[84] /home/travis/build/icyphy/ptII/ptolemy/domains/continuous/test/auto/LevelCrossingNoInitialOuput.xml (RunModel)" time="0.016" />
  <testcase classname="ptolemy.util.test.junit.AutoTests" name="[85] /home/travis/build/icyphy/ptII/ptolemy/domains/continuous/test/auto/LinearStateSpaceExample.xml (RunModel)" time="0.05" />
  <testcase classname="ptolemy.util.test.junit.AutoTests" name="[86] /home/travis/build/icyphy/ptII/ptolemy/domains/continuous/test/auto/Lorenz.xml (RunModel)" time="4.104" />
  <testcase classname="ptolemy.util.test.junit.AutoTests" name="[87] /home/travis/build/icyphy/ptII/ptolemy/domains/continuous/test/auto/LorenzDifferentialSystem.xml (RunModel)" time="1.094" />
  <testcase classname="ptolemy.util.test.junit.AutoTests" name="[88] /home/travis/build/icyphy/ptII/ptolemy/domains/continuous/test/auto/LorenzDifferentialSystemWithInput.xml (RunModel)" time="1.415" />
  <testcase classname="ptolemy.util.test.junit.AutoTests" name="[89] /home/travis/build/icyphy/ptII/ptolemy/domains/continuous/test/auto/LorenzDifferentialSystemWithTime.xml (RunModel)" time="0.745" />
  <testcase classname="ptolemy.util.test.junit.AutoTests" name="[90] /home/travis/build/icyphy/ptII/ptolemy/domains/continuous/test/auto/Microsteps.xml (RunModel)" time="0.026" />
  <testcase classname="ptolemy.util.test.junit.AutoTests" name="[91] /home/travis/build/icyphy/ptII/ptolemy/domains/continuous/test/auto/Modal1.xml (RunModel)" time="0.035" />
  <testcase classname="ptolemy.util.test.junit.AutoTests" name="[92] /home/travis/build/icyphy/ptII/ptolemy/domains/continuous/test/auto/Modal2.xml (RunModel)" time="0.035" />
  <testcase classname="ptolemy.util.test.junit.AutoTests" name="[93] /home/travis/build/icyphy/ptII/ptolemy/domains/continuous/test/auto/ModalTransitionGuardWithReset.xml (RunModel)" time="0.031" />
  <testcase classname="ptolemy.util.test.junit.AutoTests" name="[94] /home/travis/build/icyphy/ptII/ptolemy/domains/continuous/test/auto/ModalTransitionGuardWithResetUsingPreemptiveTransition.xml (RunModel)" time="0.029" />
  <testcase classname="ptolemy.util.test.junit.AutoTests" name="[95] /home/travis/build/icyphy/ptII/ptolemy/domains/continuous/test/auto/ModalTransitionGuardWithResetUsingPreemptiveTransition2.xml (RunModel)" time="0.041" />
  <testcase classname="ptolemy.util.test.junit.AutoTests" name="[96] /home/travis/build/icyphy/ptII/ptolemy/domains/continuous/test/auto/ModalTransitionGuardWithResetUsingPreemptiveTransition3.xml (RunModel)" time="0.035" />
  <testcase classname="ptolemy.util.test.junit.AutoTests" name="[97] /home/travis/build/icyphy/ptII/ptolemy/domains/continuous/test/auto/NewtonsCradle.xml (RunModel)" time="0.795" />
  <testcase classname="ptolemy.util.test.junit.AutoTests" name="[98] /home/travis/build/icyphy/ptII/ptolemy/domains/continuous/test/auto/NewtonsCradleAnimated.xml (RunModel)" time="1.293" />
  <testcase classname="ptolemy.util.test.junit.AutoTests" name="[99] /home/travis/build/icyphy/ptII/ptolemy/domains/continuous/test/auto/NewtonsCradleComplicated.xml (RunModel)" time="0.92" />
  <testcase classname="ptolemy.util.test.junit.AutoTests" name="[100] /home/travis/build/icyphy/ptII/ptolemy/domains/continuous/test/auto/NewtonsCradleNondeterministic.xml (RunModel)" time="0.68" />
  <testcase classname="ptolemy.util.test.junit.AutoTests" name="[101] /home/travis/build/icyphy/ptII/ptolemy/domains/continuous/test/auto/NewtonsCradlePerfectlyInelastic1.xml (RunModel)" time="1.317" />
  <testcase classname="ptolemy.util.test.junit.AutoTests" name="[102] /home/travis/build/icyphy/ptII/ptolemy/domains/continuous/test/auto/Noise.xml (RunModel)" time="0.2" />
  <testcase classname="ptolemy.util.test.junit.AutoTests" name="[103] /home/travis/build/icyphy/ptII/ptolemy/domains/continuous/test/auto/NoiseSpectrum.xml (RunModel)" time="0.793" />
  <testcase classname="ptolemy.util.test.junit.AutoTests" name="[104] /home/travis/build/icyphy/ptII/ptolemy/domains/continuous/test/auto/ParameterizedNewtonsCradleAnimated.xml (RunModel)" time="0.367" />
  <testcase classname="ptolemy.util.test.junit.AutoTests" name="[105] /home/travis/build/icyphy/ptII/ptolemy/domains/continuous/test/auto/ParameterizedNewtonsCradleAnimatedNondeterministic.xml (RunModel)" time="1.19" />
  <testcase classname="ptolemy.util.test.junit.AutoTests" name="[106] /home/travis/build/icyphy/ptII/ptolemy/domains/continuous/test/auto/Pendulum3D.xml (RunModel)" time="0.164" />
  <testcase classname="ptolemy.util.test.junit.AutoTests" name="[107] /home/travis/build/icyphy/ptII/ptolemy/domains/continuous/test/auto/PeriodicSampler.xml (RunModel)" time="0.01" />
  <testcase classname="ptolemy.util.test.junit.AutoTests" name="[108] /home/travis/build/icyphy/ptII/ptolemy/domains/continuous/test/auto/PeriodicSampler1.xml (RunModel)" time="0.049" />
  <testcase classname="ptolemy.util.test.junit.AutoTests" name="[109] /home/travis/build/icyphy/ptII/ptolemy/domains/continuous/test/auto/PeriodicSampler2.xml (RunModel)" time="0.068" />
  <testcase classname="ptolemy.util.test.junit.AutoTests" name="[110] /home/travis/build/icyphy/ptII/ptolemy/domains/continuous/test/auto/Poisson.xml (RunModel)" time="0.454" />
  <testcase classname="ptolemy.util.test.junit.AutoTests" name="[111] /home/travis/build/icyphy/ptII/ptolemy/domains/continuous/test/auto/PoissonClock.xml (RunModel)" time="0.01" />
  <testcase classname="ptolemy.util.test.junit.AutoTests" name="[112] /home/travis/build/icyphy/ptII/ptolemy/domains/continuous/test/auto/PoissonClock2.xml (RunModel)" time="0.014" />
  <testcase classname="ptolemy.util.test.junit.AutoTests" name="[113] /home/travis/build/icyphy/ptII/ptolemy/domains/continuous/test/auto/PortParameterHierarchy.xml (RunModel)" time="0.016" />
  <testcase classname="ptolemy.util.test.junit.AutoTests" name="[114] /home/travis/build/icyphy/ptII/ptolemy/domains/continuous/test/auto/RandomHybridPlant.xml (RunModel)" time="0.532" />
  <testcase classname="ptolemy.util.test.junit.AutoTests" name="[115] /home/travis/build/icyphy/ptII/ptolemy/domains/continuous/test/auto/ResetTransitionWithStartTime1.xml (RunModel)" time="0.037" />
  <testcase classname="ptolemy.util.test.junit.AutoTests" name="[116] /home/travis/build/icyphy/ptII/ptolemy/domains/continuous/test/auto/ResetTransitionWithStartTime2.xml (RunModel)" time="0.036" />
  <testcase classname="ptolemy.util.test.junit.AutoTests" name="[117] /home/travis/build/icyphy/ptII/ptolemy/domains/continuous/test/auto/ResetTransitionWithStartTime3.xml (RunModel)" time="0.038" />
  <testcase classname="ptolemy.util.test.junit.AutoTests" name="[118] /home/travis/build/icyphy/ptII/ptolemy/domains/continuous/test/auto/ResetTransitionWithStartTime4.xml (RunModel)" time="0.031" />
  <testcase classname="ptolemy.util.test.junit.AutoTests" name="[119] /home/travis/build/icyphy/ptII/ptolemy/domains/continuous/test/auto/ResetTransitionWithStartTime5.xml (RunModel)" time="0.038" />
  <testcase classname="ptolemy.util.test.junit.AutoTests" name="[120] /home/travis/build/icyphy/ptII/ptolemy/domains/continuous/test/auto/ResetTransitionWithStartTime6.xml (RunModel)" time="0.037" />
  <testcase classname="ptolemy.util.test.junit.AutoTests" name="[121] /home/travis/build/icyphy/ptII/ptolemy/domains/continuous/test/auto/SRinContinuous.xml (RunModel)" time="0.035" />
  <testcase classname="ptolemy.util.test.junit.AutoTests" name="[122] /home/travis/build/icyphy/ptII/ptolemy/domains/continuous/test/auto/SampledClocks.xml (RunModel)" time="0.032" />
  <testcase classname="ptolemy.util.test.junit.AutoTests" name="[123] /home/travis/build/icyphy/ptII/ptolemy/domains/continuous/test/auto/Satellite.xml (RunModel)" time="0.808" />
  <testcase classname="ptolemy.util.test.junit.AutoTests" name="[124] /home/travis/build/icyphy/ptII/ptolemy/domains/continuous/test/auto/SigmaDelta.xml (RunModel)" time="2.514" />
  <testcase classname="ptolemy.util.test.junit.AutoTests" name="[125] /home/travis/build/icyphy/ptII/ptolemy/domains/continuous/test/auto/SinuBouncingBall.xml (RunModel)" time="0.774" />
  <testcase classname="ptolemy.util.test.junit.AutoTests" name="[126] /home/travis/build/icyphy/ptII/ptolemy/domains/continuous/test/auto/Sinusoid.xml (RunModel)" time="0.016" />
  <testcase classname="ptolemy.util.test.junit.AutoTests" name="[127] /home/travis/build/icyphy/ptII/ptolemy/domains/continuous/test/auto/SinusoidInNoise.xml (RunModel)" time="0.875" />
  <testcase classname="ptolemy.util.test.junit.AutoTests" name="[128] /home/travis/build/icyphy/ptII/ptolemy/domains/continuous/test/auto/SinusoidRK45.xml (RunModel)" time="0.01" />
  <testcase classname="ptolemy.util.test.junit.AutoTests" name="[129] /home/travis/build/icyphy/ptII/ptolemy/domains/continuous/test/auto/SinusoidWithMultipleImpulses.xml (RunModel)" time="0.011" />
  <testcase classname="ptolemy.util.test.junit.AutoTests" name="[130] /home/travis/build/icyphy/ptII/ptolemy/domains/continuous/test/auto/SquareWave.xml (RunModel)" time="0.197" />
  <testcase classname="ptolemy.util.test.junit.AutoTests" name="[131] /home/travis/build/icyphy/ptII/ptolemy/domains/continuous/test/auto/Starmac.xml (RunModel)" time="3.378" />
  <testcase classname="ptolemy.util.test.junit.AutoTests" name="[132] /home/travis/build/icyphy/ptII/ptolemy/domains/continuous/test/auto/StaticUnits.xml (RunModel)" time="2.424" />
  <testcase classname="ptolemy.util.test.junit.AutoTests" name="[133] /home/travis/build/icyphy/ptII/ptolemy/domains/continuous/test/auto/StickyMasses.xml (RunModel)" time="0.189" />
  <testcase classname="ptolemy.util.test.junit.AutoTests" name="[134] /home/travis/build/icyphy/ptII/ptolemy/domains/continuous/test/auto/StopTime.xml (RunModel)" time="0.075" />
  <testcase classname="ptolemy.util.test.junit.AutoTests" name="[135] /home/travis/build/icyphy/ptII/ptolemy/domains/continuous/test/auto/StopTime2.xml (RunModel)" time="0.057" />
  <testcase classname="ptolemy.util.test.junit.AutoTests" name="[136] /home/travis/build/icyphy/ptII/ptolemy/domains/continuous/test/auto/Switch.xml (RunModel)" time="0.062" />
  <testcase classname="ptolemy.util.test.junit.AutoTests" name="[137] /home/travis/build/icyphy/ptII/ptolemy/domains/continuous/test/auto/Thermostat.xml (RunModel)" time="0.213" />
  <testcase classname="ptolemy.util.test.junit.AutoTests" name="[138] /home/travis/build/icyphy/ptII/ptolemy/domains/continuous/test/auto/TimeDelay.xml (RunModel)" time="0.017" />
  <testcase classname="ptolemy.util.test.junit.AutoTests" name="[139] /home/travis/build/icyphy/ptII/ptolemy/domains/continuous/test/auto/TimeDelay2.xml (RunModel)" time="0.024" />
  <testcase classname="ptolemy.util.test.junit.AutoTests" name="[140] /home/travis/build/icyphy/ptII/ptolemy/domains/continuous/test/auto/TimeDelay3.xml (RunModel)" time="0.021" />
  <testcase classname="ptolemy.util.test.junit.AutoTests" name="[141] /home/travis/build/icyphy/ptII/ptolemy/domains/continuous/test/auto/TransferAbsentToInside.xml (RunModel)" time="0.234" />
  <testcase classname="ptolemy.util.test.junit.AutoTests" name="[142] /home/travis/build/icyphy/ptII/ptolemy/domains/continuous/test/auto/Transmission.xml (RunModel)" time="0.799" />
  <testcase classname="ptolemy.util.test.junit.AutoTests" name="[143] /home/travis/build/icyphy/ptII/ptolemy/domains/continuous/test/auto/TriggeredContinuousClock.xml (RunModel)" time="0.077" />
  <testcase classname="ptolemy.util.test.junit.AutoTests" name="[144] /home/travis/build/icyphy/ptII/ptolemy/domains/continuous/test/auto/TwoMachineInfiniteBusControl.xml (RunModel)" time="2.654" />
  <testcase classname="ptolemy.util.test.junit.AutoTests" name="[145] /home/travis/build/icyphy/ptII/ptolemy/domains/continuous/test/auto/V2V.xml (RunModel)" time="0.853" />
  <testcase classname="ptolemy.util.test.junit.AutoTests" name="[146] /home/travis/build/icyphy/ptII/ptolemy/domains/continuous/test/auto/hierarchicalModalModel.xml (RunModel)" time="0.033" />
  <testcase classname="ptolemy.util.test.junit.AutoTests" name="[147] /home/travis/build/icyphy/ptII/ptolemy/domains/continuous/test/auto/hierarchicalModalModel1.xml (RunModel)" time="0.032" />
  <testcase classname="ptolemy.util.test.junit.AutoTests" name="[148] /home/travis/build/icyphy/ptII/ptolemy/domains/continuous/test/auto/hierarchicalModalModel2.xml (RunModel)" time="0.03" />
  <testcase classname="ptolemy.util.test.junit.AutoTests" name="[149] /home/travis/build/icyphy/ptII/ptolemy/domains/continuous/test/auto/hierarchicalModalModel3.xml (RunModel)" time="0.024" />
  <testcase classname="ptolemy.util.test.junit.AutoTests" name="[150] /home/travis/build/icyphy/ptII/ptolemy/domains/continuous/test/auto/hierarchicalModalModel4.xml (RunModel)" time="0.058" />
  <testcase classname="ptolemy.util.test.junit.AutoTests" name="[151] /home/travis/build/icyphy/ptII/ptolemy/domains/continuous/test/auto/junk.xml (RunModel)" time="0.192" />
  <system-out><![CDATA[No tcl tests in /home/travis/build/icyphy/ptII/ptolemy/domains/continuous/test
No auto/knownFailedTests/*.xml tests in /home/travis/build/icyphy/ptII/ptolemy/domains/continuous/test
No auto/linux-amd64/*.xml tests in /home/travis/build/icyphy/ptII/ptolemy/domains/continuous/test
AutoTests.java: About to close Vertx.
AutoTests.java: Vertx closed.

===========================================================================================
----------------- testing Mon Aug 06 01:47:45 UTC 2018 /home/travis/build/icyphy/ptII/ptolemy/domains/continuous/test/auto/BouncingBall.xml
----------------- Instantiating /home/travis/build/icyphy/ptII/ptolemy/domains/continuous/test/auto/BouncingBall.xml
2335 ms. Memory: 331776K Free: 255143K (77%)
----------------- Invoking toplevel() on ptolemy.moml.MoMLSimpleApplication@3820cf21
----------------- Done invoking toplevel() on ptolemy.moml.MoMLSimpleApplication@3820cf21
reloadAllAccessors: .BouncingBall

===========================================================================================
----------------- testing Mon Aug 06 01:47:48 UTC 2018 /home/travis/build/icyphy/ptII/ptolemy/domains/continuous/test/auto/BouncingBallWithoutGR.xml
----------------- Instantiating /home/travis/build/icyphy/ptII/ptolemy/domains/continuous/test/auto/BouncingBallWithoutGR.xml
776 ms. Memory: 331776K Free: 310054K (93%)
----------------- Invoking toplevel() on ptolemy.moml.MoMLSimpleApplication@56430dd1
----------------- Done invoking toplevel() on ptolemy.moml.MoMLSimpleApplication@56430dd1
reloadAllAccessors: .BouncingBallWithoutGR

===========================================================================================
----------------- testing Mon Aug 06 01:47:49 UTC 2018 /home/travis/build/icyphy/ptII/ptolemy/domains/continuous/test/auto/Brownian.xml
----------------- Instantiating /home/travis/build/icyphy/ptII/ptolemy/domains/continuous/test/auto/Brownian.xml
44 ms. Memory: 331776K Free: 296140K (89%)
----------------- Invoking toplevel() on ptolemy.moml.MoMLSimpleApplication@33e3b80a
----------------- Done invoking toplevel() on ptolemy.moml.MoMLSimpleApplication@33e3b80a
reloadAllAccessors: .Brownian

===========================================================================================
----------------- testing Mon Aug 06 01:47:49 UTC 2018 /home/travis/build/icyphy/ptII/ptolemy/domains/continuous/test/auto/CarTracking.xml
----------------- Instantiating /home/travis/build/icyphy/ptII/ptolemy/domains/continuous/test/auto/CarTracking.xml
3251 ms. Memory: 578048K Free: 461675K (80%)
----------------- Invoking toplevel() on ptolemy.moml.MoMLSimpleApplication@40b6e7fc
----------------- Done invoking toplevel() on ptolemy.moml.MoMLSimpleApplication@40b6e7fc
reloadAllAccessors: .CarTracking

===========================================================================================
----------------- testing Mon Aug 06 01:47:53 UTC 2018 /home/travis/build/icyphy/ptII/ptolemy/domains/continuous/test/auto/CartPendulum.xml
----------------- Instantiating /home/travis/build/icyphy/ptII/ptolemy/domains/continuous/test/auto/CartPendulum.xml
364 ms. Memory: 578048K Free: 353664K (61%)
----------------- Invoking toplevel() on ptolemy.moml.MoMLSimpleApplication@573a06c5
----------------- Done invoking toplevel() on ptolemy.moml.MoMLSimpleApplication@573a06c5
reloadAllAccessors: .CartPendulum

===========================================================================================
----------------- testing Mon Aug 06 01:47:53 UTC 2018 /home/travis/build/icyphy/ptII/ptolemy/domains/continuous/test/auto/CausalityInterface10.xml
----------------- Instantiating /home/travis/build/icyphy/ptII/ptolemy/domains/continuous/test/auto/CausalityInterface10.xml
6 ms. Memory: 578048K Free: 337248K (58%)
----------------- Invoking toplevel() on ptolemy.moml.MoMLSimpleApplication@14cdc600
----------------- Done invoking toplevel() on ptolemy.moml.MoMLSimpleApplication@14cdc600
reloadAllAccessors: .CausalityInterface10

===========================================================================================
----------------- testing Mon Aug 06 01:47:53 UTC 2018 /home/travis/build/icyphy/ptII/ptolemy/domains/continuous/test/auto/CausalityInterface11.xml
----------------- Instantiating /home/travis/build/icyphy/ptII/ptolemy/domains/continuous/test/auto/CausalityInterface11.xml
4 ms. Memory: 578048K Free: 327410K (57%)
----------------- Invoking toplevel() on ptolemy.moml.MoMLSimpleApplication@7c16e8c4
----------------- Done invoking toplevel() on ptolemy.moml.MoMLSimpleApplication@7c16e8c4
reloadAllAccessors: .CausalityInterface11

===========================================================================================
----------------- testing Mon Aug 06 01:47:53 UTC 2018 /home/travis/build/icyphy/ptII/ptolemy/domains/continuous/test/auto/CausalityInterface12.xml
----------------- Instantiating /home/travis/build/icyphy/ptII/ptolemy/domains/continuous/test/auto/CausalityInterface12.xml
12 ms. Memory: 578048K Free: 317571K (55%)
----------------- Invoking toplevel() on ptolemy.moml.MoMLSimpleApplication@415db88b
----------------- Done invoking toplevel() on ptolemy.moml.MoMLSimpleApplication@415db88b
reloadAllAccessors: .CausalityInterface12

===========================================================================================
----------------- testing Mon Aug 06 01:47:53 UTC 2018 /home/travis/build/icyphy/ptII/ptolemy/domains/continuous/test/auto/CausalityInterface13.xml
----------------- Instantiating /home/travis/build/icyphy/ptII/ptolemy/domains/continuous/test/auto/CausalityInterface13.xml
3 ms. Memory: 578048K Free: 304569K (53%)
----------------- Invoking toplevel() on ptolemy.moml.MoMLSimpleApplication@3b0dda42
----------------- Done invoking toplevel() on ptolemy.moml.MoMLSimpleApplication@3b0dda42
reloadAllAccessors: .CausalityInterface13

===========================================================================================
----------------- testing Mon Aug 06 01:47:53 UTC 2018 /home/travis/build/icyphy/ptII/ptolemy/domains/continuous/test/auto/CausalityInterface14.xml
----------------- Instantiating /home/travis/build/icyphy/ptII/ptolemy/domains/continuous/test/auto/CausalityInterface14.xml
2 ms. Memory: 578048K Free: 294723K (51%)
----------------- Invoking toplevel() on ptolemy.moml.MoMLSimpleApplication@30a0b4e0
----------------- Done invoking toplevel() on ptolemy.moml.MoMLSimpleApplication@30a0b4e0
reloadAllAccessors: .CausalityInterface14

===========================================================================================
----------------- testing Mon Aug 06 01:47:53 UTC 2018 /home/travis/build/icyphy/ptII/ptolemy/domains/continuous/test/auto/CausalityInterface4.xml
----------------- Instantiating /home/travis/build/icyphy/ptII/ptolemy/domains/continuous/test/auto/CausalityInterface4.xml
2 ms. Memory: 578048K Free: 284877K (49%)
----------------- Invoking toplevel() on ptolemy.moml.MoMLSimpleApplication@1496da85
----------------- Done invoking toplevel() on ptolemy.moml.MoMLSimpleApplication@1496da85
reloadAllAccessors: .CausalityInterface4

===========================================================================================
----------------- testing Mon Aug 06 01:47:53 UTC 2018 /home/travis/build/icyphy/ptII/ptolemy/domains/continuous/test/auto/CausalityInterface5.xml
----------------- Instantiating /home/travis/build/icyphy/ptII/ptolemy/domains/continuous/test/auto/CausalityInterface5.xml
3 ms. Memory: 578048K Free: 271753K (47%)
----------------- Invoking toplevel() on ptolemy.moml.MoMLSimpleApplication@9736578
----------------- Done invoking toplevel() on ptolemy.moml.MoMLSimpleApplication@9736578
reloadAllAccessors: .CausalityInterface5

===========================================================================================
----------------- testing Mon Aug 06 01:47:53 UTC 2018 /home/travis/build/icyphy/ptII/ptolemy/domains/continuous/test/auto/CausalityInterface6.xml
----------------- Instantiating /home/travis/build/icyphy/ptII/ptolemy/domains/continuous/test/auto/CausalityInterface6.xml
2 ms. Memory: 578048K Free: 258751K (45%)
----------------- Invoking toplevel() on ptolemy.moml.MoMLSimpleApplication@6baf9bae
----------------- Done invoking toplevel() on ptolemy.moml.MoMLSimpleApplication@6baf9bae
reloadAllAccessors: .CausalityInterface6

===========================================================================================
----------------- testing Mon Aug 06 01:47:53 UTC 2018 /home/travis/build/icyphy/ptII/ptolemy/domains/continuous/test/auto/CausalityInterface7.xml
----------------- Instantiating /home/travis/build/icyphy/ptII/ptolemy/domains/continuous/test/auto/CausalityInterface7.xml
7 ms. Memory: 578048K Free: 245636K (42%)
----------------- Invoking toplevel() on ptolemy.moml.MoMLSimpleApplication@5175c06
----------------- Done invoking toplevel() on ptolemy.moml.MoMLSimpleApplication@5175c06
reloadAllAccessors: .CausalityInterface7

===========================================================================================
----------------- testing Mon Aug 06 01:47:53 UTC 2018 /home/travis/build/icyphy/ptII/ptolemy/domains/continuous/test/auto/CausalityInterface8.xml
----------------- Instantiating /home/travis/build/icyphy/ptII/ptolemy/domains/continuous/test/auto/CausalityInterface8.xml
4 ms. Memory: 578048K Free: 232513K (40%)
----------------- Invoking toplevel() on ptolemy.moml.MoMLSimpleApplication@408466e7
----------------- Done invoking toplevel() on ptolemy.moml.MoMLSimpleApplication@408466e7
reloadAllAccessors: .CausalityInterface8

===========================================================================================
----------------- testing Mon Aug 06 01:47:53 UTC 2018 /home/travis/build/icyphy/ptII/ptolemy/domains/continuous/test/auto/CausalityInterface9.xml
----------------- Instantiating /home/travis/build/icyphy/ptII/ptolemy/domains/continuous/test/auto/CausalityInterface9.xml
4 ms. Memory: 578048K Free: 216096K (37%)
----------------- Invoking toplevel() on ptolemy.moml.MoMLSimpleApplication@389e685a
----------------- Done invoking toplevel() on ptolemy.moml.MoMLSimpleApplication@389e685a
reloadAllAccessors: .CausalityInterface9

===========================================================================================
----------------- testing Mon Aug 06 01:47:53 UTC 2018 /home/travis/build/icyphy/ptII/ptolemy/domains/continuous/test/auto/CausalityInterfaceFeedback1.xml
----------------- Instantiating /home/travis/build/icyphy/ptII/ptolemy/domains/continuous/test/auto/CausalityInterfaceFeedback1.xml
3 ms. Memory: 578048K Free: 203087K (35%)
----------------- Invoking toplevel() on ptolemy.moml.MoMLSimpleApplication@56d9d289
----------------- Done invoking toplevel() on ptolemy.moml.MoMLSimpleApplication@56d9d289
reloadAllAccessors: .CausalityInterfaceFeedback1

===========================================================================================
----------------- testing Mon Aug 06 01:47:53 UTC 2018 /home/travis/build/icyphy/ptII/ptolemy/domains/continuous/test/auto/CausalityInterfaceFeedback2.xml
----------------- Instantiating /home/travis/build/icyphy/ptII/ptolemy/domains/continuous/test/auto/CausalityInterfaceFeedback2.xml
3 ms. Memory: 578048K Free: 193240K (33%)
----------------- Invoking toplevel() on ptolemy.moml.MoMLSimpleApplication@1c48f993
----------------- Done invoking toplevel() on ptolemy.moml.MoMLSimpleApplication@1c48f993
reloadAllAccessors: .CausalityInterfaceFeedback2

===========================================================================================
----------------- testing Mon Aug 06 01:47:53 UTC 2018 /home/travis/build/icyphy/ptII/ptolemy/domains/continuous/test/auto/CompareWithCurrentTime.xml
----------------- Instantiating /home/travis/build/icyphy/ptII/ptolemy/domains/continuous/test/auto/CompareWithCurrentTime.xml
2 ms. Memory: 578048K Free: 186687K (32%)
----------------- Invoking toplevel() on ptolemy.moml.MoMLSimpleApplication@1575f693
----------------- Done invoking toplevel() on ptolemy.moml.MoMLSimpleApplication@1575f693
reloadAllAccessors: .CompareWithCurrentTime

===========================================================================================
----------------- testing Mon Aug 06 01:47:54 UTC 2018 /home/travis/build/icyphy/ptII/ptolemy/domains/continuous/test/auto/ComparedClocks.xml
----------------- Instantiating /home/travis/build/icyphy/ptII/ptolemy/domains/continuous/test/auto/ComparedClocks.xml
5 ms. Memory: 578048K Free: 166993K (29%)
----------------- Invoking toplevel() on ptolemy.moml.MoMLSimpleApplication@7945a9b
----------------- Done invoking toplevel() on ptolemy.moml.MoMLSimpleApplication@7945a9b
reloadAllAccessors: .ComparedClocks

===========================================================================================
----------------- testing Mon Aug 06 01:47:54 UTC 2018 /home/travis/build/icyphy/ptII/ptolemy/domains/continuous/test/auto/ContinuousAOCClone.xml
----------------- Instantiating /home/travis/build/icyphy/ptII/ptolemy/domains/continuous/test/auto/ContinuousAOCClone.xml
2303 ms. Memory: 871936K Free: 434574K (50%)
----------------- Invoking toplevel() on ptolemy.moml.MoMLSimpleApplication@5e51eef2
----------------- Done invoking toplevel() on ptolemy.moml.MoMLSimpleApplication@5e51eef2
reloadAllAccessors: .ContinuousAOCClone

===========================================================================================
----------------- testing Mon Aug 06 01:47:56 UTC 2018 /home/travis/build/icyphy/ptII/ptolemy/domains/continuous/test/auto/ContinuousClock.xml
----------------- Instantiating /home/travis/build/icyphy/ptII/ptolemy/domains/continuous/test/auto/ContinuousClock.xml
45 ms. Memory: 871936K Free: 401341K (46%)
----------------- Invoking toplevel() on ptolemy.moml.MoMLSimpleApplication@192b6dc
----------------- Done invoking toplevel() on ptolemy.moml.MoMLSimpleApplication@192b6dc
reloadAllAccessors: .ContinuousClock

===========================================================================================
----------------- testing Mon Aug 06 01:47:56 UTC 2018 /home/travis/build/icyphy/ptII/ptolemy/domains/continuous/test/auto/ContinuousInContinuous.xml
----------------- Instantiating /home/travis/build/icyphy/ptII/ptolemy/domains/continuous/test/auto/ContinuousInContinuous.xml
31 ms. Memory: 871936K Free: 369909K (42%)
----------------- Invoking toplevel() on ptolemy.moml.MoMLSimpleApplication@4dba8e3e
----------------- Done invoking toplevel() on ptolemy.moml.MoMLSimpleApplication@4dba8e3e
reloadAllAccessors: .ContinuousInContinuous

===========================================================================================
----------------- testing Mon Aug 06 01:47:56 UTC 2018 /home/travis/build/icyphy/ptII/ptolemy/domains/continuous/test/auto/ContinuousInContinuousInContinuous.xml
----------------- Instantiating /home/travis/build/icyphy/ptII/ptolemy/domains/continuous/test/auto/ContinuousInContinuousInContinuous.xml
5 ms. Memory: 871936K Free: 354200K (41%)
----------------- Invoking toplevel() on ptolemy.moml.MoMLSimpleApplication@71232c90
----------------- Done invoking toplevel() on ptolemy.moml.MoMLSimpleApplication@71232c90
reloadAllAccessors: .ContinuousInContinuousInContinuous

===========================================================================================
----------------- testing Mon Aug 06 01:47:56 UTC 2018 /home/travis/build/icyphy/ptII/ptolemy/domains/continuous/test/auto/ContinuousInDE.xml
----------------- Instantiating /home/travis/build/icyphy/ptII/ptolemy/domains/continuous/test/auto/ContinuousInDE.xml
108 ms. Memory: 871936K Free: 338492K (39%)
----------------- Invoking toplevel() on ptolemy.moml.MoMLSimpleApplication@236cdad4
----------------- Done invoking toplevel() on ptolemy.moml.MoMLSimpleApplication@236cdad4
reloadAllAccessors: .ContinuousInDE

===========================================================================================
----------------- testing Mon Aug 06 01:47:56 UTC 2018 /home/travis/build/icyphy/ptII/ptolemy/domains/continuous/test/auto/ContinuousInDE2.xml
----------------- Instantiating /home/travis/build/icyphy/ptII/ptolemy/domains/continuous/test/auto/ContinuousInDE2.xml
39 ms. Memory: 871936K Free: 319357K (37%)
----------------- Invoking toplevel() on ptolemy.moml.MoMLSimpleApplication@6b540841
----------------- Done invoking toplevel() on ptolemy.moml.MoMLSimpleApplication@6b540841
reloadAllAccessors: .ContinuousInDE2

===========================================================================================
----------------- testing Mon Aug 06 01:47:56 UTC 2018 /home/travis/build/icyphy/ptII/ptolemy/domains/continuous/test/auto/ContinuousInDE3.xml
----------------- Instantiating /home/travis/build/icyphy/ptII/ptolemy/domains/continuous/test/auto/ContinuousInDE3.xml
37 ms. Memory: 871936K Free: 303649K (35%)
----------------- Invoking toplevel() on ptolemy.moml.MoMLSimpleApplication@5d6e3755
----------------- Done invoking toplevel() on ptolemy.moml.MoMLSimpleApplication@5d6e3755
reloadAllAccessors: .ContinuousInDE3

===========================================================================================
----------------- testing Mon Aug 06 01:47:57 UTC 2018 /home/travis/build/icyphy/ptII/ptolemy/domains/continuous/test/auto/ContinuousInDE4.xml
----------------- Instantiating /home/travis/build/icyphy/ptII/ptolemy/domains/continuous/test/auto/ContinuousInDE4.xml
19 ms. Memory: 871936K Free: 293177K (34%)
----------------- Invoking toplevel() on ptolemy.moml.MoMLSimpleApplication@5c75006c
----------------- Done invoking toplevel() on ptolemy.moml.MoMLSimpleApplication@5c75006c
reloadAllAccessors: .ContinuousInDE4

===========================================================================================
----------------- testing Mon Aug 06 01:47:57 UTC 2018 /home/travis/build/icyphy/ptII/ptolemy/domains/continuous/test/auto/ContinuousInDEDifferentRefinements.xml
----------------- Instantiating /home/travis/build/icyphy/ptII/ptolemy/domains/continuous/test/auto/ContinuousInDEDifferentRefinements.xml
57 ms. Memory: 871936K Free: 256508K (29%)
----------------- Invoking toplevel() on ptolemy.moml.MoMLSimpleApplication@747737b3
----------------- Done invoking toplevel() on ptolemy.moml.MoMLSimpleApplication@747737b3
reloadAllAccessors: .ContinuousInDEDifferentRefinements

===========================================================================================
----------------- testing Mon Aug 06 01:47:57 UTC 2018 /home/travis/build/icyphy/ptII/ptolemy/domains/continuous/test/auto/ContinuousInDEDifferentRefinementsPreemptive.xml
----------------- Instantiating /home/travis/build/icyphy/ptII/ptolemy/domains/continuous/test/auto/ContinuousInDEDifferentRefinementsPreemptive.xml
43 ms. Memory: 871936K Free: 216380K (25%)
----------------- Invoking toplevel() on ptolemy.moml.MoMLSimpleApplication@6f00d881
----------------- Done invoking toplevel() on ptolemy.moml.MoMLSimpleApplication@6f00d881
reloadAllAccessors: .ContinuousInDEDifferentRefinementsPreemptive

===========================================================================================
----------------- testing Mon Aug 06 01:47:57 UTC 2018 /home/travis/build/icyphy/ptII/ptolemy/domains/continuous/test/auto/ContinuousInDEInContinuous2.xml
----------------- Instantiating /home/travis/build/icyphy/ptII/ptolemy/domains/continuous/test/auto/ContinuousInDEInContinuous2.xml
35 ms. Memory: 871936K Free: 200656K (23%)
----------------- Invoking toplevel() on ptolemy.moml.MoMLSimpleApplication@fc81b7e
----------------- Done invoking toplevel() on ptolemy.moml.MoMLSimpleApplication@fc81b7e
reloadAllAccessors: .ContinuousInDEInContinuous2

===========================================================================================
----------------- testing Mon Aug 06 01:47:57 UTC 2018 /home/travis/build/icyphy/ptII/ptolemy/domains/continuous/test/auto/ContinuousInDEInContinuous3.xml
----------------- Instantiating /home/travis/build/icyphy/ptII/ptolemy/domains/continuous/test/auto/ContinuousInDEInContinuous3.xml
38 ms. Memory: 871936K Free: 179695K (21%)
----------------- Invoking toplevel() on ptolemy.moml.MoMLSimpleApplication@4561d247
----------------- Done invoking toplevel() on ptolemy.moml.MoMLSimpleApplication@4561d247
reloadAllAccessors: .ContinuousInDEInContinuous3

===========================================================================================
----------------- testing Mon Aug 06 01:47:57 UTC 2018 /home/travis/build/icyphy/ptII/ptolemy/domains/continuous/test/auto/ContinuousInDEInput.xml
----------------- Instantiating /home/travis/build/icyphy/ptII/ptolemy/domains/continuous/test/auto/ContinuousInDEInput.xml
13 ms. Memory: 871936K Free: 169223K (19%)
----------------- Invoking toplevel() on ptolemy.moml.MoMLSimpleApplication@2a3dc535
----------------- Done invoking toplevel() on ptolemy.moml.MoMLSimpleApplication@2a3dc535
reloadAllAccessors: .ContinuousInDEInput

===========================================================================================
----------------- testing Mon Aug 06 01:47:57 UTC 2018 /home/travis/build/icyphy/ptII/ptolemy/domains/continuous/test/auto/ContinuousInDEInput2.xml
----------------- Instantiating /home/travis/build/icyphy/ptII/ptolemy/domains/continuous/test/auto/ContinuousInDEInput2.xml
22 ms. Memory: 871936K Free: 155324K (18%)
----------------- Invoking toplevel() on ptolemy.moml.MoMLSimpleApplication@2e8caaf7
----------------- Done invoking toplevel() on ptolemy.moml.MoMLSimpleApplication@2e8caaf7
reloadAllAccessors: .ContinuousInDEInput2

===========================================================================================
----------------- testing Mon Aug 06 01:47:57 UTC 2018 /home/travis/build/icyphy/ptII/ptolemy/domains/continuous/test/auto/ContinuousInDEInput3.xml
----------------- Instantiating /home/travis/build/icyphy/ptII/ptolemy/domains/continuous/test/auto/ContinuousInDEInput3.xml
13 ms. Memory: 871936K Free: 144852K (17%)
----------------- Invoking toplevel() on ptolemy.moml.MoMLSimpleApplication@75e7df87
----------------- Done invoking toplevel() on ptolemy.moml.MoMLSimpleApplication@75e7df87
reloadAllAccessors: .ContinuousInDEInput3

===========================================================================================
----------------- testing Mon Aug 06 01:47:57 UTC 2018 /home/travis/build/icyphy/ptII/ptolemy/domains/continuous/test/auto/ContinuousInDESharingRefinement.xml
----------------- Instantiating /home/travis/build/icyphy/ptII/ptolemy/domains/continuous/test/auto/ContinuousInDESharingRefinement.xml
153 ms. Memory: 829440K Free: 788898K (95%)
----------------- Invoking toplevel() on ptolemy.moml.MoMLSimpleApplication@153544c5
----------------- Done invoking toplevel() on ptolemy.moml.MoMLSimpleApplication@153544c5
reloadAllAccessors: .ContinuousInDESharingRefinement

===========================================================================================
----------------- testing Mon Aug 06 01:47:57 UTC 2018 /home/travis/build/icyphy/ptII/ptolemy/domains/continuous/test/auto/ContinuousInDEwithNoPorts.xml
----------------- Instantiating /home/travis/build/icyphy/ptII/ptolemy/domains/continuous/test/auto/ContinuousInDEwithNoPorts.xml
5 ms. Memory: 829440K Free: 776682K (94%)
----------------- Invoking toplevel() on ptolemy.moml.MoMLSimpleApplication@1ff4ad76
----------------- Done invoking toplevel() on ptolemy.moml.MoMLSimpleApplication@1ff4ad76
reloadAllAccessors: .ContinuousInDEwithNoPorts

===========================================================================================
----------------- testing Mon Aug 06 01:47:57 UTC 2018 /home/travis/build/icyphy/ptII/ptolemy/domains/continuous/test/auto/ContinuousInsideDE.xml
----------------- Instantiating /home/travis/build/icyphy/ptII/ptolemy/domains/continuous/test/auto/ContinuousInsideDE.xml
46 ms. Memory: 829440K Free: 757964K (91%)
----------------- Invoking toplevel() on ptolemy.moml.MoMLSimpleApplication@d53adcd
----------------- Done invoking toplevel() on ptolemy.moml.MoMLSimpleApplication@d53adcd
reloadAllAccessors: .ContinuousInsideDE

===========================================================================================
----------------- testing Mon Aug 06 01:47:57 UTC 2018 /home/travis/build/icyphy/ptII/ptolemy/domains/continuous/test/auto/ContinuousMerge1.xml
----------------- Instantiating /home/travis/build/icyphy/ptII/ptolemy/domains/continuous/test/auto/ContinuousMerge1.xml
2 ms. Memory: 829440K Free: 748291K (90%)
----------------- Invoking toplevel() on ptolemy.moml.MoMLSimpleApplication@5af085bc
----------------- Done invoking toplevel() on ptolemy.moml.MoMLSimpleApplication@5af085bc
reloadAllAccessors: .ContinuousMerge1

===========================================================================================
----------------- testing Mon Aug 06 01:47:57 UTC 2018 /home/travis/build/icyphy/ptII/ptolemy/domains/continuous/test/auto/ContinuousMerge2.xml
----------------- Instantiating /home/travis/build/icyphy/ptII/ptolemy/domains/continuous/test/auto/ContinuousMerge2.xml
14 ms. Memory: 829440K Free: 733143K (88%)
----------------- Invoking toplevel() on ptolemy.moml.MoMLSimpleApplication@39f94522
----------------- Done invoking toplevel() on ptolemy.moml.MoMLSimpleApplication@39f94522
reloadAllAccessors: .ContinuousMerge2

===========================================================================================
----------------- testing Mon Aug 06 01:47:57 UTC 2018 /home/travis/build/icyphy/ptII/ptolemy/domains/continuous/test/auto/ContinuousMerge3.xml
----------------- Instantiating /home/travis/build/icyphy/ptII/ptolemy/domains/continuous/test/auto/ContinuousMerge3.xml
44 ms. Memory: 829440K Free: 718166K (87%)
----------------- Invoking toplevel() on ptolemy.moml.MoMLSimpleApplication@17936c17
----------------- Done invoking toplevel() on ptolemy.moml.MoMLSimpleApplication@17936c17
reloadAllAccessors: .ContinuousMerge3

===========================================================================================
----------------- testing Mon Aug 06 01:47:58 UTC 2018 /home/travis/build/icyphy/ptII/ptolemy/domains/continuous/test/auto/ContinuousWithinContinuous.xml
----------------- Instantiating /home/travis/build/icyphy/ptII/ptolemy/domains/continuous/test/auto/ContinuousWithinContinuous.xml
44 ms. Memory: 829440K Free: 700996K (85%)
----------------- Invoking toplevel() on ptolemy.moml.MoMLSimpleApplication@2db306a2
----------------- Done invoking toplevel() on ptolemy.moml.MoMLSimpleApplication@2db306a2
reloadAllAccessors: .ContinuousWithinContinuous

===========================================================================================
----------------- testing Mon Aug 06 01:47:58 UTC 2018 /home/travis/build/icyphy/ptII/ptolemy/domains/continuous/test/auto/ContinuousWithinContinuous2.xml
----------------- Instantiating /home/travis/build/icyphy/ptII/ptolemy/domains/continuous/test/auto/ContinuousWithinContinuous2.xml
79 ms. Memory: 829440K Free: 689776K (83%)
----------------- Invoking toplevel() on ptolemy.moml.MoMLSimpleApplication@61eb31b0
----------------- Done invoking toplevel() on ptolemy.moml.MoMLSimpleApplication@61eb31b0
reloadAllAccessors: .ContinuousWithinContinuous2

===========================================================================================
----------------- testing Mon Aug 06 01:47:58 UTC 2018 /home/travis/build/icyphy/ptII/ptolemy/domains/continuous/test/auto/ContinuousWithinContinuous3.xml
----------------- Instantiating /home/travis/build/icyphy/ptII/ptolemy/domains/continuous/test/auto/ContinuousWithinContinuous3.xml
22 ms. Memory: 829440K Free: 678539K (82%)
----------------- Invoking toplevel() on ptolemy.moml.MoMLSimpleApplication@61674e53
----------------- Done invoking toplevel() on ptolemy.moml.MoMLSimpleApplication@61674e53
reloadAllAccessors: .ContinuousWithinContinuous3

===========================================================================================
----------------- testing Mon Aug 06 01:47:58 UTC 2018 /home/travis/build/icyphy/ptII/ptolemy/domains/continuous/test/auto/ContinuousWithinContinuous4.xml
----------------- Instantiating /home/travis/build/icyphy/ptII/ptolemy/domains/continuous/test/auto/ContinuousWithinContinuous4.xml
77 ms. Memory: 829440K Free: 657629K (79%)
----------------- Invoking toplevel() on ptolemy.moml.MoMLSimpleApplication@436ea51d
----------------- Done invoking toplevel() on ptolemy.moml.MoMLSimpleApplication@436ea51d
reloadAllAccessors: .ContinuousWithinContinuous4

===========================================================================================
----------------- testing Mon Aug 06 01:47:58 UTC 2018 /home/travis/build/icyphy/ptII/ptolemy/domains/continuous/test/auto/ContinuousWithinContinuous5.xml
----------------- Instantiating /home/travis/build/icyphy/ptII/ptolemy/domains/continuous/test/auto/ContinuousWithinContinuous5.xml
13 ms. Memory: 829440K Free: 646408K (78%)
----------------- Invoking toplevel() on ptolemy.moml.MoMLSimpleApplication@f09364
----------------- Done invoking toplevel() on ptolemy.moml.MoMLSimpleApplication@f09364
reloadAllAccessors: .ContinuousWithinContinuous5

===========================================================================================
----------------- testing Mon Aug 06 01:47:58 UTC 2018 /home/travis/build/icyphy/ptII/ptolemy/domains/continuous/test/auto/ContinuousWithinContinuous6.xml
----------------- Instantiating /home/travis/build/icyphy/ptII/ptolemy/domains/continuous/test/auto/ContinuousWithinContinuous6.xml
12 ms. Memory: 829440K Free: 632994K (76%)
----------------- Invoking toplevel() on ptolemy.moml.MoMLSimpleApplication@367f9ec3
----------------- Done invoking toplevel() on ptolemy.moml.MoMLSimpleApplication@367f9ec3
reloadAllAccessors: .ContinuousWithinContinuous6

===========================================================================================
----------------- testing Mon Aug 06 01:47:58 UTC 2018 /home/travis/build/icyphy/ptII/ptolemy/domains/continuous/test/auto/ContinuousWithinContinuous7.xml
----------------- Instantiating /home/travis/build/icyphy/ptII/ptolemy/domains/continuous/test/auto/ContinuousWithinContinuous7.xml
62 ms. Memory: 829440K Free: 618018K (75%)
----------------- Invoking toplevel() on ptolemy.moml.MoMLSimpleApplication@4729c55
----------------- Done invoking toplevel() on ptolemy.moml.MoMLSimpleApplication@4729c55
reloadAllAccessors: .ContinuousWithinContinuous7

===========================================================================================
----------------- testing Mon Aug 06 01:47:58 UTC 2018 /home/travis/build/icyphy/ptII/ptolemy/domains/continuous/test/auto/DCMotor.xml
----------------- Instantiating /home/travis/build/icyphy/ptII/ptolemy/domains/continuous/test/auto/DCMotor.xml
14097 ms. Memory: 667648K Free: 505618K (76%)
----------------- Invoking toplevel() on ptolemy.moml.MoMLSimpleApplication@404bf34d
----------------- Done invoking toplevel() on ptolemy.moml.MoMLSimpleApplication@404bf34d
reloadAllAccessors: .DCMotor

===========================================================================================
----------------- testing Mon Aug 06 01:48:12 UTC 2018 /home/travis/build/icyphy/ptII/ptolemy/domains/continuous/test/auto/DEInContinuous.xml
----------------- Instantiating /home/travis/build/icyphy/ptII/ptolemy/domains/continuous/test/auto/DEInContinuous.xml
5 ms. Memory: 667648K Free: 491019K (74%)
----------------- Invoking toplevel() on ptolemy.moml.MoMLSimpleApplication@26c7c1c6
----------------- Done invoking toplevel() on ptolemy.moml.MoMLSimpleApplication@26c7c1c6
reloadAllAccessors: .DEInContinuous

===========================================================================================
----------------- testing Mon Aug 06 01:48:12 UTC 2018 /home/travis/build/icyphy/ptII/ptolemy/domains/continuous/test/auto/DEinContinuous2.xml
----------------- Instantiating /home/travis/build/icyphy/ptII/ptolemy/domains/continuous/test/auto/DEinContinuous2.xml
6 ms. Memory: 667648K Free: 472241K (71%)
----------------- Invoking toplevel() on ptolemy.moml.MoMLSimpleApplication@74de47c2
----------------- Done invoking toplevel() on ptolemy.moml.MoMLSimpleApplication@74de47c2
reloadAllAccessors: .DEinContinuous2

===========================================================================================
----------------- testing Mon Aug 06 01:48:12 UTC 2018 /home/travis/build/icyphy/ptII/ptolemy/domains/continuous/test/auto/Derivative.xml
----------------- Instantiating /home/travis/build/icyphy/ptII/ptolemy/domains/continuous/test/auto/Derivative.xml
136 ms. Memory: 667648K Free: 429947K (64%)
----------------- Invoking toplevel() on ptolemy.moml.MoMLSimpleApplication@2aaffd36
----------------- Done invoking toplevel() on ptolemy.moml.MoMLSimpleApplication@2aaffd36
reloadAllAccessors: .Derivative2

===========================================================================================
----------------- testing Mon Aug 06 01:48:12 UTC 2018 /home/travis/build/icyphy/ptII/ptolemy/domains/continuous/test/auto/Derivative1.xml
----------------- Instantiating /home/travis/build/icyphy/ptII/ptolemy/domains/continuous/test/auto/Derivative1.xml
17 ms. Memory: 667648K Free: 412343K (62%)
----------------- Invoking toplevel() on ptolemy.moml.MoMLSimpleApplication@1d119d9d
----------------- Done invoking toplevel() on ptolemy.moml.MoMLSimpleApplication@1d119d9d
reloadAllAccessors: .Derivative1

===========================================================================================
----------------- testing Mon Aug 06 01:48:12 UTC 2018 /home/travis/build/icyphy/ptII/ptolemy/domains/continuous/test/auto/DiscreteClock.xml
----------------- Instantiating /home/travis/build/icyphy/ptII/ptolemy/domains/continuous/test/auto/DiscreteClock.xml
5 ms. Memory: 667648K Free: 399444K (60%)
----------------- Invoking toplevel() on ptolemy.moml.MoMLSimpleApplication@4dfdbc3d
----------------- Done invoking toplevel() on ptolemy.moml.MoMLSimpleApplication@4dfdbc3d
reloadAllAccessors: .DiscreteClock

===========================================================================================
----------------- testing Mon Aug 06 01:48:12 UTC 2018 /home/travis/build/icyphy/ptII/ptolemy/domains/continuous/test/auto/EfficiencyCurve.xml
----------------- Instantiating /home/travis/build/icyphy/ptII/ptolemy/domains/continuous/test/auto/EfficiencyCurve.xml
65 ms. Memory: 667648K Free: 380683K (57%)
----------------- Invoking toplevel() on ptolemy.moml.MoMLSimpleApplication@7980858c
----------------- Done invoking toplevel() on ptolemy.moml.MoMLSimpleApplication@7980858c
reloadAllAccessors: .EfficiencyCurve

===========================================================================================
----------------- testing Mon Aug 06 01:48:13 UTC 2018 /home/travis/build/icyphy/ptII/ptolemy/domains/continuous/test/auto/ExponentialResponse.xml
----------------- Instantiating /home/travis/build/icyphy/ptII/ptolemy/domains/continuous/test/auto/ExponentialResponse.xml
102 ms. Memory: 667648K Free: 357233K (54%)
----------------- Invoking toplevel() on ptolemy.moml.MoMLSimpleApplication@1f852031
----------------- Done invoking toplevel() on ptolemy.moml.MoMLSimpleApplication@1f852031
reloadAllAccessors: .ExponentialResponse

===========================================================================================
----------------- testing Mon Aug 06 01:48:13 UTC 2018 /home/travis/build/icyphy/ptII/ptolemy/domains/continuous/test/auto/ExponentialResponseRK45.xml
----------------- Instantiating /home/travis/build/icyphy/ptII/ptolemy/domains/continuous/test/auto/ExponentialResponseRK45.xml
24 ms. Memory: 667648K Free: 344333K (52%)
----------------- Invoking toplevel() on ptolemy.moml.MoMLSimpleApplication@6ce55c25
----------------- Done invoking toplevel() on ptolemy.moml.MoMLSimpleApplication@6ce55c25
reloadAllAccessors: .ExponentialResponseRK45

===========================================================================================
----------------- testing Mon Aug 06 01:48:13 UTC 2018 /home/travis/build/icyphy/ptII/ptolemy/domains/continuous/test/auto/Friction.xml
----------------- Instantiating /home/travis/build/icyphy/ptII/ptolemy/domains/continuous/test/auto/Friction.xml
1294 ms. Memory: 646656K Free: 448034K (69%)
----------------- Invoking toplevel() on ptolemy.moml.MoMLSimpleApplication@4aafd2e1
----------------- Done invoking toplevel() on ptolemy.moml.MoMLSimpleApplication@4aafd2e1
reloadAllAccessors: .Friction

===========================================================================================
----------------- testing Mon Aug 06 01:48:14 UTC 2018 /home/travis/build/icyphy/ptII/ptolemy/domains/continuous/test/auto/FurutaPendulum.xml
----------------- Instantiating /home/travis/build/icyphy/ptII/ptolemy/domains/continuous/test/auto/FurutaPendulum.xml
3412 ms. Memory: 616960K Free: 466987K (76%)
----------------- Invoking toplevel() on ptolemy.moml.MoMLSimpleApplication@131c94ce
----------------- Done invoking toplevel() on ptolemy.moml.MoMLSimpleApplication@131c94ce
reloadAllAccessors: .FurutaPendulum

===========================================================================================
----------------- testing Mon Aug 06 01:48:18 UTC 2018 /home/travis/build/icyphy/ptII/ptolemy/domains/continuous/test/auto/HierarchicalExecution.xml
----------------- Instantiating /home/travis/build/icyphy/ptII/ptolemy/domains/continuous/test/auto/HierarchicalExecution.xml
2090 ms. Memory: 616960K Free: 138668K (22%)
----------------- Invoking toplevel() on ptolemy.moml.MoMLSimpleApplication@41e87951
----------------- Done invoking toplevel() on ptolemy.moml.MoMLSimpleApplication@41e87951
reloadAllAccessors: .HierarchicalExecution

===========================================================================================
----------------- testing Mon Aug 06 01:48:20 UTC 2018 /home/travis/build/icyphy/ptII/ptolemy/domains/continuous/test/auto/HybridPlant.xml
----------------- Instantiating /home/travis/build/icyphy/ptII/ptolemy/domains/continuous/test/auto/HybridPlant.xml
509 ms. Memory: 589312K Free: 362197K (61%)
----------------- Invoking toplevel() on ptolemy.moml.MoMLSimpleApplication@310dcba3
----------------- Done invoking toplevel() on ptolemy.moml.MoMLSimpleApplication@310dcba3
reloadAllAccessors: .HybridPlant

===========================================================================================
----------------- testing Mon Aug 06 01:48:21 UTC 2018 /home/travis/build/icyphy/ptII/ptolemy/domains/continuous/test/auto/Hysteresis.xml
----------------- Instantiating /home/travis/build/icyphy/ptII/ptolemy/domains/continuous/test/auto/Hysteresis.xml
136 ms. Memory: 589312K Free: 296131K (50%)
----------------- Invoking toplevel() on ptolemy.moml.MoMLSimpleApplication@35abb586
----------------- Done invoking toplevel() on ptolemy.moml.MoMLSimpleApplication@35abb586
reloadAllAccessors: .Hysteresis

===========================================================================================
----------------- testing Mon Aug 06 01:48:21 UTC 2018 /home/travis/build/icyphy/ptII/ptolemy/domains/continuous/test/auto/HysteresisWithRandomDelay.xml
----------------- Instantiating /home/travis/build/icyphy/ptII/ptolemy/domains/continuous/test/auto/HysteresisWithRandomDelay.xml
162 ms. Memory: 589312K Free: 213782K (36%)
----------------- Invoking toplevel() on ptolemy.moml.MoMLSimpleApplication@5f2b75c1
----------------- Done invoking toplevel() on ptolemy.moml.MoMLSimpleApplication@5f2b75c1
reloadAllAccessors: .HysteresisWithRandomDelay

===========================================================================================
----------------- testing Mon Aug 06 01:48:21 UTC 2018 /home/travis/build/icyphy/ptII/ptolemy/domains/continuous/test/auto/HysteresisWithRandomLosses.xml
----------------- Instantiating /home/travis/build/icyphy/ptII/ptolemy/domains/continuous/test/auto/HysteresisWithRandomLosses.xml
2330 ms. Memory: 542720K Free: 351897K (65%)
----------------- Invoking toplevel() on ptolemy.moml.MoMLSimpleApplication@5be28668
----------------- Done invoking toplevel() on ptolemy.moml.MoMLSimpleApplication@5be28668
reloadAllAccessors: .HysteresisWithRandomLosses

===========================================================================================
----------------- testing Mon Aug 06 01:48:24 UTC 2018 /home/travis/build/icyphy/ptII/ptolemy/domains/continuous/test/auto/ImmediateTransitions.xml
----------------- Instantiating /home/travis/build/icyphy/ptII/ptolemy/domains/continuous/test/auto/ImmediateTransitions.xml
9 ms. Memory: 542720K Free: 334111K (62%)
----------------- Invoking toplevel() on ptolemy.moml.MoMLSimpleApplication@4dbdabc1
----------------- Done invoking toplevel() on ptolemy.moml.MoMLSimpleApplication@4dbdabc1
reloadAllAccessors: .ImmediateTransitions

===========================================================================================
----------------- testing Mon Aug 06 01:48:24 UTC 2018 /home/travis/build/icyphy/ptII/ptolemy/domains/continuous/test/auto/ImpulseFeedback.xml
----------------- Instantiating /home/travis/build/icyphy/ptII/ptolemy/domains/continuous/test/auto/ImpulseFeedback.xml
5 ms. Memory: 542720K Free: 324062K (60%)
----------------- Invoking toplevel() on ptolemy.moml.MoMLSimpleApplication@c02aa88
----------------- Done invoking toplevel() on ptolemy.moml.MoMLSimpleApplication@c02aa88
reloadAllAccessors: .ImpulseFeedback

===========================================================================================
----------------- testing Mon Aug 06 01:48:24 UTC 2018 /home/travis/build/icyphy/ptII/ptolemy/domains/continuous/test/auto/ImpulseFeedback2.xml
----------------- Instantiating /home/travis/build/icyphy/ptII/ptolemy/domains/continuous/test/auto/ImpulseFeedback2.xml
4 ms. Memory: 542720K Free: 314013K (58%)
----------------- Invoking toplevel() on ptolemy.moml.MoMLSimpleApplication@7f7624e
----------------- Done invoking toplevel() on ptolemy.moml.MoMLSimpleApplication@7f7624e
reloadAllAccessors: .ImpulseFeedback2

===========================================================================================
----------------- testing Mon Aug 06 01:48:24 UTC 2018 /home/travis/build/icyphy/ptII/ptolemy/domains/continuous/test/auto/IncreasingRatePoisson.xml
----------------- Instantiating /home/travis/build/icyphy/ptII/ptolemy/domains/continuous/test/auto/IncreasingRatePoisson.xml
684 ms. Memory: 521216K Free: 420050K (81%)
----------------- Invoking toplevel() on ptolemy.moml.MoMLSimpleApplication@7a88634e
----------------- Done invoking toplevel() on ptolemy.moml.MoMLSimpleApplication@7a88634e
reloadAllAccessors: .IncreasingRatePoisson

===========================================================================================
----------------- testing Mon Aug 06 01:48:24 UTC 2018 /home/travis/build/icyphy/ptII/ptolemy/domains/continuous/test/auto/InitialStateFeedback.xml
----------------- Instantiating /home/travis/build/icyphy/ptII/ptolemy/domains/continuous/test/auto/InitialStateFeedback.xml
4 ms. Memory: 521216K Free: 411752K (79%)
----------------- Invoking toplevel() on ptolemy.moml.MoMLSimpleApplication@5f7af459
----------------- Done invoking toplevel() on ptolemy.moml.MoMLSimpleApplication@5f7af459
reloadAllAccessors: .InitialStateFeedback

===========================================================================================
----------------- testing Mon Aug 06 01:48:24 UTC 2018 /home/travis/build/icyphy/ptII/ptolemy/domains/continuous/test/auto/Integration.xml
----------------- Instantiating /home/travis/build/icyphy/ptII/ptolemy/domains/continuous/test/auto/Integration.xml
1 ms. Memory: 521216K Free: 405003K (78%)
----------------- Invoking toplevel() on ptolemy.moml.MoMLSimpleApplication@2633d9e8
----------------- Done invoking toplevel() on ptolemy.moml.MoMLSimpleApplication@2633d9e8
reloadAllAccessors: .Integration

===========================================================================================
----------------- testing Mon Aug 06 01:48:24 UTC 2018 /home/travis/build/icyphy/ptII/ptolemy/domains/continuous/test/auto/Integration2.xml
----------------- Instantiating /home/travis/build/icyphy/ptII/ptolemy/domains/continuous/test/auto/Integration2.xml
76 ms. Memory: 521216K Free: 386530K (74%)
----------------- Invoking toplevel() on ptolemy.moml.MoMLSimpleApplication@178a461a
----------------- Done invoking toplevel() on ptolemy.moml.MoMLSimpleApplication@178a461a
reloadAllAccessors: .Integration2

===========================================================================================
----------------- testing Mon Aug 06 01:48:24 UTC 2018 /home/travis/build/icyphy/ptII/ptolemy/domains/continuous/test/auto/Integration3.xml
----------------- Instantiating /home/travis/build/icyphy/ptII/ptolemy/domains/continuous/test/auto/Integration3.xml
2 ms. Memory: 521216K Free: 376846K (72%)
----------------- Invoking toplevel() on ptolemy.moml.MoMLSimpleApplication@7908873d
----------------- Done invoking toplevel() on ptolemy.moml.MoMLSimpleApplication@7908873d
reloadAllAccessors: .Integration3

===========================================================================================
----------------- testing Mon Aug 06 01:48:24 UTC 2018 /home/travis/build/icyphy/ptII/ptolemy/domains/continuous/test/auto/Integration5.xml
----------------- Instantiating /home/travis/build/icyphy/ptII/ptolemy/domains/continuous/test/auto/Integration5.xml
3 ms. Memory: 521216K Free: 370249K (71%)
----------------- Invoking toplevel() on ptolemy.moml.MoMLSimpleApplication@48c16a9f
----------------- Done invoking toplevel() on ptolemy.moml.MoMLSimpleApplication@48c16a9f
reloadAllAccessors: .Integration5

===========================================================================================
----------------- testing Mon Aug 06 01:48:24 UTC 2018 /home/travis/build/icyphy/ptII/ptolemy/domains/continuous/test/auto/IntegratorImpulse.xml
----------------- Instantiating /home/travis/build/icyphy/ptII/ptolemy/domains/continuous/test/auto/IntegratorImpulse.xml
2 ms. Memory: 521216K Free: 363504K (70%)
----------------- Invoking toplevel() on ptolemy.moml.MoMLSimpleApplication@6a289edf
----------------- Done invoking toplevel() on ptolemy.moml.MoMLSimpleApplication@6a289edf
reloadAllAccessors: .IntegratorImpulse

===========================================================================================
----------------- testing Mon Aug 06 01:48:24 UTC 2018 /home/travis/build/icyphy/ptII/ptolemy/domains/continuous/test/auto/IntegratorImpulse2.xml
----------------- Instantiating /home/travis/build/icyphy/ptII/ptolemy/domains/continuous/test/auto/IntegratorImpulse2.xml
4 ms. Memory: 521216K Free: 353812K (68%)
----------------- Invoking toplevel() on ptolemy.moml.MoMLSimpleApplication@289d48a0
----------------- Done invoking toplevel() on ptolemy.moml.MoMLSimpleApplication@289d48a0
reloadAllAccessors: .IntegratorImpulse2

===========================================================================================
----------------- testing Mon Aug 06 01:48:24 UTC 2018 /home/travis/build/icyphy/ptII/ptolemy/domains/continuous/test/auto/LevelCrossing1.xml
----------------- Instantiating /home/travis/build/icyphy/ptII/ptolemy/domains/continuous/test/auto/LevelCrossing1.xml
2 ms. Memory: 521216K Free: 344120K (66%)
----------------- Invoking toplevel() on ptolemy.moml.MoMLSimpleApplication@2f29b216
----------------- Done invoking toplevel() on ptolemy.moml.MoMLSimpleApplication@2f29b216
reloadAllAccessors: .LevelCrossing1

===========================================================================================
----------------- testing Mon Aug 06 01:48:25 UTC 2018 /home/travis/build/icyphy/ptII/ptolemy/domains/continuous/test/auto/LevelCrossing2.xml
----------------- Instantiating /home/travis/build/icyphy/ptII/ptolemy/domains/continuous/test/auto/LevelCrossing2.xml
3 ms. Memory: 521216K Free: 334428K (64%)
----------------- Invoking toplevel() on ptolemy.moml.MoMLSimpleApplication@64700e3d
----------------- Done invoking toplevel() on ptolemy.moml.MoMLSimpleApplication@64700e3d
reloadAllAccessors: .LevelCrossing2

===========================================================================================
----------------- testing Mon Aug 06 01:48:25 UTC 2018 /home/travis/build/icyphy/ptII/ptolemy/domains/continuous/test/auto/LevelCrossing3.xml
----------------- Instantiating /home/travis/build/icyphy/ptII/ptolemy/domains/continuous/test/auto/LevelCrossing3.xml
2 ms. Memory: 521216K Free: 324736K (62%)
----------------- Invoking toplevel() on ptolemy.moml.MoMLSimpleApplication@52412f78
----------------- Done invoking toplevel() on ptolemy.moml.MoMLSimpleApplication@52412f78
reloadAllAccessors: .LevelCrossing3

===========================================================================================
----------------- testing Mon Aug 06 01:48:25 UTC 2018 /home/travis/build/icyphy/ptII/ptolemy/domains/continuous/test/auto/LevelCrossing4.xml
----------------- Instantiating /home/travis/build/icyphy/ptII/ptolemy/domains/continuous/test/auto/LevelCrossing4.xml
3 ms. Memory: 521216K Free: 315043K (60%)
----------------- Invoking toplevel() on ptolemy.moml.MoMLSimpleApplication@39136a14
----------------- Done invoking toplevel() on ptolemy.moml.MoMLSimpleApplication@39136a14
reloadAllAccessors: .LevelCrossing4

===========================================================================================
----------------- testing Mon Aug 06 01:48:25 UTC 2018 /home/travis/build/icyphy/ptII/ptolemy/domains/continuous/test/auto/LevelCrossing5.xml
----------------- Instantiating /home/travis/build/icyphy/ptII/ptolemy/domains/continuous/test/auto/LevelCrossing5.xml
3 ms. Memory: 521216K Free: 305497K (59%)
----------------- Invoking toplevel() on ptolemy.moml.MoMLSimpleApplication@686c2133
----------------- Done invoking toplevel() on ptolemy.moml.MoMLSimpleApplication@686c2133
reloadAllAccessors: .LevelCrossing5

===========================================================================================
----------------- testing Mon Aug 06 01:48:25 UTC 2018 /home/travis/build/icyphy/ptII/ptolemy/domains/continuous/test/auto/LevelCrossing6.xml
----------------- Instantiating /home/travis/build/icyphy/ptII/ptolemy/domains/continuous/test/auto/LevelCrossing6.xml
3 ms. Memory: 521216K Free: 295805K (57%)
[...]
reloadAllAccessors: .ResetTransitionWithStartTime5

===========================================================================================
----------------- testing Mon Aug 06 01:48:42 UTC 2018 /home/travis/build/icyphy/ptII/ptolemy/domains/continuous/test/auto/ResetTransitionWithStartTime6.xml
----------------- Instantiating /home/travis/build/icyphy/ptII/ptolemy/domains/continuous/test/auto/ResetTransitionWithStartTime6.xml
12 ms. Memory: 334336K Free: 72827K (22%)
----------------- Invoking toplevel() on ptolemy.moml.MoMLSimpleApplication@7183eb87
----------------- Done invoking toplevel() on ptolemy.moml.MoMLSimpleApplication@7183eb87
reloadAllAccessors: .ResetTransitionWithStartTime6

===========================================================================================
----------------- testing Mon Aug 06 01:48:42 UTC 2018 /home/travis/build/icyphy/ptII/ptolemy/domains/continuous/test/auto/SRinContinuous.xml
----------------- Instantiating /home/travis/build/icyphy/ptII/ptolemy/domains/continuous/test/auto/SRinContinuous.xml
4 ms. Memory: 334336K Free: 63462K (19%)
----------------- Invoking toplevel() on ptolemy.moml.MoMLSimpleApplication@699b19a2
----------------- Done invoking toplevel() on ptolemy.moml.MoMLSimpleApplication@699b19a2
reloadAllAccessors: .SRinContinuous

===========================================================================================
----------------- testing Mon Aug 06 01:48:42 UTC 2018 /home/travis/build/icyphy/ptII/ptolemy/domains/continuous/test/auto/SampledClocks.xml
----------------- Instantiating /home/travis/build/icyphy/ptII/ptolemy/domains/continuous/test/auto/SampledClocks.xml
3 ms. Memory: 334336K Free: 52422K (16%)
----------------- Invoking toplevel() on ptolemy.moml.MoMLSimpleApplication@16e89281
----------------- Done invoking toplevel() on ptolemy.moml.MoMLSimpleApplication@16e89281
reloadAllAccessors: .SampledClocks

===========================================================================================
----------------- testing Mon Aug 06 01:48:42 UTC 2018 /home/travis/build/icyphy/ptII/ptolemy/domains/continuous/test/auto/Satellite.xml
----------------- Instantiating /home/travis/build/icyphy/ptII/ptolemy/domains/continuous/test/auto/Satellite.xml
784 ms. Memory: 323584K Free: 112566K (35%)
----------------- Invoking toplevel() on ptolemy.moml.MoMLSimpleApplication@196ed3de
----------------- Done invoking toplevel() on ptolemy.moml.MoMLSimpleApplication@196ed3de
reloadAllAccessors: .Satellite

===========================================================================================
----------------- testing Mon Aug 06 01:48:43 UTC 2018 /home/travis/build/icyphy/ptII/ptolemy/domains/continuous/test/auto/SigmaDelta.xml
----------------- Instantiating /home/travis/build/icyphy/ptII/ptolemy/domains/continuous/test/auto/SigmaDelta.xml
2366 ms. Memory: 370176K Free: 318566K (86%)
----------------- Invoking toplevel() on ptolemy.moml.MoMLSimpleApplication@5c446d9d
----------------- Done invoking toplevel() on ptolemy.moml.MoMLSimpleApplication@5c446d9d
reloadAllAccessors: .SigmaDelta

===========================================================================================
----------------- testing Mon Aug 06 01:48:45 UTC 2018 /home/travis/build/icyphy/ptII/ptolemy/domains/continuous/test/auto/SinuBouncingBall.xml
----------------- Instantiating /home/travis/build/icyphy/ptII/ptolemy/domains/continuous/test/auto/SinuBouncingBall.xml
695 ms. Memory: 370176K Free: 92205K (25%)
----------------- Invoking toplevel() on ptolemy.moml.MoMLSimpleApplication@3caa6082
----------------- Done invoking toplevel() on ptolemy.moml.MoMLSimpleApplication@3caa6082
reloadAllAccessors: .SinuBouncingBall

===========================================================================================
----------------- testing Mon Aug 06 01:48:46 UTC 2018 /home/travis/build/icyphy/ptII/ptolemy/domains/continuous/test/auto/Sinusoid.xml
----------------- Instantiating /home/travis/build/icyphy/ptII/ptolemy/domains/continuous/test/auto/Sinusoid.xml
4 ms. Memory: 370176K Free: 85467K (23%)
----------------- Invoking toplevel() on ptolemy.moml.MoMLSimpleApplication@62c4433
----------------- Done invoking toplevel() on ptolemy.moml.MoMLSimpleApplication@62c4433
reloadAllAccessors: .Sinusoid

===========================================================================================
----------------- testing Mon Aug 06 01:48:46 UTC 2018 /home/travis/build/icyphy/ptII/ptolemy/domains/continuous/test/auto/SinusoidInNoise.xml
----------------- Instantiating /home/travis/build/icyphy/ptII/ptolemy/domains/continuous/test/auto/SinusoidInNoise.xml
838 ms. Memory: 358912K Free: 158634K (44%)
----------------- Invoking toplevel() on ptolemy.moml.MoMLSimpleApplication@3b7d169c
----------------- Done invoking toplevel() on ptolemy.moml.MoMLSimpleApplication@3b7d169c
reloadAllAccessors: .SinusoidInNoise

===========================================================================================
----------------- testing Mon Aug 06 01:48:47 UTC 2018 /home/travis/build/icyphy/ptII/ptolemy/domains/continuous/test/auto/SinusoidRK45.xml
----------------- Instantiating /home/travis/build/icyphy/ptII/ptolemy/domains/continuous/test/auto/SinusoidRK45.xml
2 ms. Memory: 358912K Free: 151140K (42%)
----------------- Invoking toplevel() on ptolemy.moml.MoMLSimpleApplication@74eb5d81
----------------- Done invoking toplevel() on ptolemy.moml.MoMLSimpleApplication@74eb5d81
reloadAllAccessors: .SinusoidRK45

===========================================================================================
----------------- testing Mon Aug 06 01:48:47 UTC 2018 /home/travis/build/icyphy/ptII/ptolemy/domains/continuous/test/auto/SinusoidWithMultipleImpulses.xml
----------------- Instantiating /home/travis/build/icyphy/ptII/ptolemy/domains/continuous/test/auto/SinusoidWithMultipleImpulses.xml
3 ms. Memory: 358912K Free: 144662K (40%)
----------------- Invoking toplevel() on ptolemy.moml.MoMLSimpleApplication@1b801b49
----------------- Done invoking toplevel() on ptolemy.moml.MoMLSimpleApplication@1b801b49
reloadAllAccessors: .SinusoidWithMultipleImpulses

===========================================================================================
----------------- testing Mon Aug 06 01:48:47 UTC 2018 /home/travis/build/icyphy/ptII/ptolemy/domains/continuous/test/auto/SquareWave.xml
----------------- Instantiating /home/travis/build/icyphy/ptII/ptolemy/domains/continuous/test/auto/SquareWave.xml
168 ms. Memory: 358912K Free: 116089K (32%)
----------------- Invoking toplevel() on ptolemy.moml.MoMLSimpleApplication@8d97f5e
----------------- Done invoking toplevel() on ptolemy.moml.MoMLSimpleApplication@8d97f5e
reloadAllAccessors: .SquareWave

===========================================================================================
----------------- testing Mon Aug 06 01:48:47 UTC 2018 /home/travis/build/icyphy/ptII/ptolemy/domains/continuous/test/auto/Starmac.xml
----------------- Instantiating /home/travis/build/icyphy/ptII/ptolemy/domains/continuous/test/auto/Starmac.xml
3046 ms. Memory: 335360K Free: 256434K (76%)
----------------- Invoking toplevel() on ptolemy.moml.MoMLSimpleApplication@6d061aa2
----------------- Done invoking toplevel() on ptolemy.moml.MoMLSimpleApplication@6d061aa2
reloadAllAccessors: .Starmac

===========================================================================================
----------------- testing Mon Aug 06 01:48:50 UTC 2018 /home/travis/build/icyphy/ptII/ptolemy/domains/continuous/test/auto/StaticUnits.xml
----------------- Instantiating /home/travis/build/icyphy/ptII/ptolemy/domains/continuous/test/auto/StaticUnits.xml
2023 ms. Memory: 327168K Free: 29073K (9%)
----------------- Invoking toplevel() on ptolemy.moml.MoMLSimpleApplication@72d9c403
----------------- Done invoking toplevel() on ptolemy.moml.MoMLSimpleApplication@72d9c403
reloadAllAccessors: .StaticUnits

===========================================================================================
----------------- testing Mon Aug 06 01:48:53 UTC 2018 /home/travis/build/icyphy/ptII/ptolemy/domains/continuous/test/auto/StickyMasses.xml
----------------- Instantiating /home/travis/build/icyphy/ptII/ptolemy/domains/continuous/test/auto/StickyMasses.xml
135 ms. Memory: 312320K Free: 199989K (64%)
----------------- Invoking toplevel() on ptolemy.moml.MoMLSimpleApplication@2cd979b3
----------------- Done invoking toplevel() on ptolemy.moml.MoMLSimpleApplication@2cd979b3
reloadAllAccessors: .StickyMasses

===========================================================================================
----------------- testing Mon Aug 06 01:48:53 UTC 2018 /home/travis/build/icyphy/ptII/ptolemy/domains/continuous/test/auto/StopTime.xml
----------------- Instantiating /home/travis/build/icyphy/ptII/ptolemy/domains/continuous/test/auto/StopTime.xml
36 ms. Memory: 312320K Free: 172791K (55%)
----------------- Invoking toplevel() on ptolemy.moml.MoMLSimpleApplication@31cd2894
----------------- Done invoking toplevel() on ptolemy.moml.MoMLSimpleApplication@31cd2894
reloadAllAccessors: .StopTime

===========================================================================================
----------------- testing Mon Aug 06 01:48:53 UTC 2018 /home/travis/build/icyphy/ptII/ptolemy/domains/continuous/test/auto/StopTime2.xml
----------------- Instantiating /home/travis/build/icyphy/ptII/ptolemy/domains/continuous/test/auto/StopTime2.xml
35 ms. Memory: 312320K Free: 147103K (47%)
----------------- Invoking toplevel() on ptolemy.moml.MoMLSimpleApplication@585ff951
----------------- Done invoking toplevel() on ptolemy.moml.MoMLSimpleApplication@585ff951
reloadAllAccessors: .StopTime2

===========================================================================================
----------------- testing Mon Aug 06 01:48:53 UTC 2018 /home/travis/build/icyphy/ptII/ptolemy/domains/continuous/test/auto/Switch.xml
----------------- Instantiating /home/travis/build/icyphy/ptII/ptolemy/domains/continuous/test/auto/Switch.xml
40 ms. Memory: 312320K Free: 119808K (38%)
----------------- Invoking toplevel() on ptolemy.moml.MoMLSimpleApplication@7f39c5bf
----------------- Done invoking toplevel() on ptolemy.moml.MoMLSimpleApplication@7f39c5bf
reloadAllAccessors: .Switch

===========================================================================================
----------------- testing Mon Aug 06 01:48:53 UTC 2018 /home/travis/build/icyphy/ptII/ptolemy/domains/continuous/test/auto/Thermostat.xml
----------------- Instantiating /home/travis/build/icyphy/ptII/ptolemy/domains/continuous/test/auto/Thermostat.xml
187 ms. Memory: 312320K Free: 43086K (14%)
----------------- Invoking toplevel() on ptolemy.moml.MoMLSimpleApplication@21e45cd0
----------------- Done invoking toplevel() on ptolemy.moml.MoMLSimpleApplication@21e45cd0
reloadAllAccessors: .Thermostat

===========================================================================================
----------------- testing Mon Aug 06 01:48:53 UTC 2018 /home/travis/build/icyphy/ptII/ptolemy/domains/continuous/test/auto/TimeDelay.xml
----------------- Instantiating /home/travis/build/icyphy/ptII/ptolemy/domains/continuous/test/auto/TimeDelay.xml
8 ms. Memory: 312320K Free: 35939K (12%)
----------------- Invoking toplevel() on ptolemy.moml.MoMLSimpleApplication@1ed831eb
----------------- Done invoking toplevel() on ptolemy.moml.MoMLSimpleApplication@1ed831eb
reloadAllAccessors: .TimeDelay

===========================================================================================
----------------- testing Mon Aug 06 01:48:53 UTC 2018 /home/travis/build/icyphy/ptII/ptolemy/domains/continuous/test/auto/TimeDelay2.xml
----------------- Instantiating /home/travis/build/icyphy/ptII/ptolemy/domains/continuous/test/auto/TimeDelay2.xml
11 ms. Memory: 312320K Free: 27314K (9%)
----------------- Invoking toplevel() on ptolemy.moml.MoMLSimpleApplication@46f8e6f
----------------- Done invoking toplevel() on ptolemy.moml.MoMLSimpleApplication@46f8e6f
reloadAllAccessors: .TimeDelay2

===========================================================================================
----------------- testing Mon Aug 06 01:48:53 UTC 2018 /home/travis/build/icyphy/ptII/ptolemy/domains/continuous/test/auto/TimeDelay3.xml
----------------- Instantiating /home/travis/build/icyphy/ptII/ptolemy/domains/continuous/test/auto/TimeDelay3.xml
7 ms. Memory: 308736K Free: 248854K (81%)
----------------- Invoking toplevel() on ptolemy.moml.MoMLSimpleApplication@75c76aff
----------------- Done invoking toplevel() on ptolemy.moml.MoMLSimpleApplication@75c76aff
reloadAllAccessors: .TimeDelay3

===========================================================================================
----------------- testing Mon Aug 06 01:48:53 UTC 2018 /home/travis/build/icyphy/ptII/ptolemy/domains/continuous/test/auto/TransferAbsentToInside.xml
----------------- Instantiating /home/travis/build/icyphy/ptII/ptolemy/domains/continuous/test/auto/TransferAbsentToInside.xml
60 ms. Memory: 308736K Free: 189992K (62%)
----------------- Invoking toplevel() on ptolemy.moml.MoMLSimpleApplication@1b4eb584
----------------- Done invoking toplevel() on ptolemy.moml.MoMLSimpleApplication@1b4eb584
reloadAllAccessors: .TransferAbsentToInside

===========================================================================================
----------------- testing Mon Aug 06 01:48:54 UTC 2018 /home/travis/build/icyphy/ptII/ptolemy/domains/continuous/test/auto/Transmission.xml
----------------- Instantiating /home/travis/build/icyphy/ptII/ptolemy/domains/continuous/test/auto/Transmission.xml
757 ms. Memory: 293888K Free: 154148K (52%)
----------------- Invoking toplevel() on ptolemy.moml.MoMLSimpleApplication@753f0e95
----------------- Done invoking toplevel() on ptolemy.moml.MoMLSimpleApplication@753f0e95
reloadAllAccessors: .Transmission

===========================================================================================
----------------- testing Mon Aug 06 01:48:54 UTC 2018 /home/travis/build/icyphy/ptII/ptolemy/domains/continuous/test/auto/TriggeredContinuousClock.xml
----------------- Instantiating /home/travis/build/icyphy/ptII/ptolemy/domains/continuous/test/auto/TriggeredContinuousClock.xml
35 ms. Memory: 293888K Free: 119643K (41%)
----------------- Invoking toplevel() on ptolemy.moml.MoMLSimpleApplication@259594f5
----------------- Done invoking toplevel() on ptolemy.moml.MoMLSimpleApplication@259594f5
reloadAllAccessors: .TriggeredContinuousClock

===========================================================================================
----------------- testing Mon Aug 06 01:48:55 UTC 2018 /home/travis/build/icyphy/ptII/ptolemy/domains/continuous/test/auto/TwoMachineInfiniteBusControl.xml
----------------- Instantiating /home/travis/build/icyphy/ptII/ptolemy/domains/continuous/test/auto/TwoMachineInfiniteBusControl.xml
2501 ms. Memory: 272384K Free: 132484K (49%)
----------------- Invoking toplevel() on ptolemy.moml.MoMLSimpleApplication@4f018e84
----------------- Done invoking toplevel() on ptolemy.moml.MoMLSimpleApplication@4f018e84
reloadAllAccessors: .TwoMachineInfiniteBusControl

===========================================================================================
----------------- testing Mon Aug 06 01:48:57 UTC 2018 /home/travis/build/icyphy/ptII/ptolemy/domains/continuous/test/auto/V2V.xml
----------------- Instantiating /home/travis/build/icyphy/ptII/ptolemy/domains/continuous/test/auto/V2V.xml
738 ms. Memory: 260096K Free: 108711K (42%)
----------------- Invoking toplevel() on ptolemy.moml.MoMLSimpleApplication@755cf028
----------------- Done invoking toplevel() on ptolemy.moml.MoMLSimpleApplication@755cf028
reloadAllAccessors: .V2V

===========================================================================================
----------------- testing Mon Aug 06 01:48:58 UTC 2018 /home/travis/build/icyphy/ptII/ptolemy/domains/continuous/test/auto/hierarchicalModalModel.xml
----------------- Instantiating /home/travis/build/icyphy/ptII/ptolemy/domains/continuous/test/auto/hierarchicalModalModel.xml
8 ms. Memory: 260096K Free: 91348K (35%)
----------------- Invoking toplevel() on ptolemy.moml.MoMLSimpleApplication@50780c19
----------------- Done invoking toplevel() on ptolemy.moml.MoMLSimpleApplication@50780c19
reloadAllAccessors: .hierarchicalModalModel

===========================================================================================
----------------- testing Mon Aug 06 01:48:58 UTC 2018 /home/travis/build/icyphy/ptII/ptolemy/domains/continuous/test/auto/hierarchicalModalModel1.xml
----------------- Instantiating /home/travis/build/icyphy/ptII/ptolemy/domains/continuous/test/auto/hierarchicalModalModel1.xml
8 ms. Memory: 260096K Free: 74893K (29%)
----------------- Invoking toplevel() on ptolemy.moml.MoMLSimpleApplication@5935e517
----------------- Done invoking toplevel() on ptolemy.moml.MoMLSimpleApplication@5935e517
reloadAllAccessors: .hierarchicalModalModel1

===========================================================================================
----------------- testing Mon Aug 06 01:48:58 UTC 2018 /home/travis/build/icyphy/ptII/ptolemy/domains/continuous/test/auto/hierarchicalModalModel2.xml
----------------- Instantiating /home/travis/build/icyphy/ptII/ptolemy/domains/continuous/test/auto/hierarchicalModalModel2.xml
6 ms. Memory: 260096K Free: 59588K (23%)
----------------- Invoking toplevel() on ptolemy.moml.MoMLSimpleApplication@140aab5d
----------------- Done invoking toplevel() on ptolemy.moml.MoMLSimpleApplication@140aab5d
reloadAllAccessors: .hierarchicalModalModel2

===========================================================================================
----------------- testing Mon Aug 06 01:48:58 UTC 2018 /home/travis/build/icyphy/ptII/ptolemy/domains/continuous/test/auto/hierarchicalModalModel3.xml
----------------- Instantiating /home/travis/build/icyphy/ptII/ptolemy/domains/continuous/test/auto/hierarchicalModalModel3.xml
5 ms. Memory: 260096K Free: 46715K (18%)
----------------- Invoking toplevel() on ptolemy.moml.MoMLSimpleApplication@72174a64
----------------- Done invoking toplevel() on ptolemy.moml.MoMLSimpleApplication@72174a64
reloadAllAccessors: .hierarchicalModalModel3

===========================================================================================
----------------- testing Mon Aug 06 01:48:58 UTC 2018 /home/travis/build/icyphy/ptII/ptolemy/domains/continuous/test/auto/hierarchicalModalModel4.xml
----------------- Instantiating /home/travis/build/icyphy/ptII/ptolemy/domains/continuous/test/auto/hierarchicalModalModel4.xml
13 ms. Memory: 260096K Free: 32608K (13%)
----------------- Invoking toplevel() on ptolemy.moml.MoMLSimpleApplication@2a663dcb
----------------- Done invoking toplevel() on ptolemy.moml.MoMLSimpleApplication@2a663dcb
reloadAllAccessors: .hierarchicalModalModel4

===========================================================================================
----------------- testing Mon Aug 06 01:48:58 UTC 2018 /home/travis/build/icyphy/ptII/ptolemy/domains/continuous/test/auto/junk.xml
----------------- Instantiating /home/travis/build/icyphy/ptII/ptolemy/domains/continuous/test/auto/junk.xml
156 ms. Memory: 252928K Free: 172181K (68%)
----------------- Invoking toplevel() on ptolemy.moml.MoMLSimpleApplication@3319ec54
----------------- Done invoking toplevel() on ptolemy.moml.MoMLSimpleApplication@3319ec54
reloadAllAccessors: .junk
AutoTests.java: About to close Vertx.
AutoTests.java: Vertx closed.
]]></system-out>
  <system-err><![CDATA[Warning: '.HysteresisWithRandomDelay.NonStrictTest3' The test produced only 24 tokens, yet the correctValues parameter was expecting 30 tokens.
Warning: '.Poisson.NonStrictTest' The test produced only 396 tokens, yet the correctValues parameter was expecting 430 tokens.
]]></system-err>
</testsuite>
