<?xml version="1.0" encoding="UTF-8" ?>
<testsuite errors="0" failures="0" hostname="travis-job-8100cda9-8116-4537-a24c-6565523ecb57" name="ptolemy.domains.continuous.test.junit.JUnitTclTest" skipped="0" tests="156" time="75.017" timestamp="2019-02-04T03:26:40">
  <properties>
[...]
</properties>
  <testcase classname="ptolemy.util.test.junit.TclTests" name="[0] ThereAreNoTclTests (RunTclFile)" time="0.001" />
  <testcase classname="ptolemy.util.test.junit.AutoKnownFailedTests" name="[0] ThereAreNoKnowFailedTests (RunModel)" time="0.002" />
  <testcase classname="ptolemy.util.test.junit.AutoNameArchTests" name="[0] ThereAreNoAutoArchTests (RunModel)" time="0.004" />
  <testcase classname="ptolemy.util.test.junit.AutoTests" name="[0] /home/travis/build/icyphy/ptII/ptolemy/domains/continuous/test/auto/BouncingBall.xml (RunModel)" time="2.733" />
  <testcase classname="ptolemy.util.test.junit.AutoTests" name="[1] /home/travis/build/icyphy/ptII/ptolemy/domains/continuous/test/auto/BouncingBallWithoutGR.xml (RunModel)" time="1.012" />
  <testcase classname="ptolemy.util.test.junit.AutoTests" name="[2] /home/travis/build/icyphy/ptII/ptolemy/domains/continuous/test/auto/Brownian.xml (RunModel)" time="0.097" />
  <testcase classname="ptolemy.util.test.junit.AutoTests" name="[3] /home/travis/build/icyphy/ptII/ptolemy/domains/continuous/test/auto/CarTracking.xml (RunModel)" time="3.82" />
  <testcase classname="ptolemy.util.test.junit.AutoTests" name="[4] /home/travis/build/icyphy/ptII/ptolemy/domains/continuous/test/auto/CartPendulum.xml (RunModel)" time="0.569" />
  <testcase classname="ptolemy.util.test.junit.AutoTests" name="[5] /home/travis/build/icyphy/ptII/ptolemy/domains/continuous/test/auto/CausalityInterface10.xml (RunModel)" time="0.051" />
  <testcase classname="ptolemy.util.test.junit.AutoTests" name="[6] /home/travis/build/icyphy/ptII/ptolemy/domains/continuous/test/auto/CausalityInterface11.xml (RunModel)" time="0.037" />
  <testcase classname="ptolemy.util.test.junit.AutoTests" name="[7] /home/travis/build/icyphy/ptII/ptolemy/domains/continuous/test/auto/CausalityInterface12.xml (RunModel)" time="0.043" />
  <testcase classname="ptolemy.util.test.junit.AutoTests" name="[8] /home/travis/build/icyphy/ptII/ptolemy/domains/continuous/test/auto/CausalityInterface13.xml (RunModel)" time="0.051" />
  <testcase classname="ptolemy.util.test.junit.AutoTests" name="[9] /home/travis/build/icyphy/ptII/ptolemy/domains/continuous/test/auto/CausalityInterface14.xml (RunModel)" time="0.023" />
  <testcase classname="ptolemy.util.test.junit.AutoTests" name="[10] /home/travis/build/icyphy/ptII/ptolemy/domains/continuous/test/auto/CausalityInterface4.xml (RunModel)" time="0.042" />
  <testcase classname="ptolemy.util.test.junit.AutoTests" name="[11] /home/travis/build/icyphy/ptII/ptolemy/domains/continuous/test/auto/CausalityInterface5.xml (RunModel)" time="0.038" />
  <testcase classname="ptolemy.util.test.junit.AutoTests" name="[12] /home/travis/build/icyphy/ptII/ptolemy/domains/continuous/test/auto/CausalityInterface6.xml (RunModel)" time="0.029" />
  <testcase classname="ptolemy.util.test.junit.AutoTests" name="[13] /home/travis/build/icyphy/ptII/ptolemy/domains/continuous/test/auto/CausalityInterface7.xml (RunModel)" time="0.053" />
  <testcase classname="ptolemy.util.test.junit.AutoTests" name="[14] /home/travis/build/icyphy/ptII/ptolemy/domains/continuous/test/auto/CausalityInterface8.xml (RunModel)" time="0.038" />
  <testcase classname="ptolemy.util.test.junit.AutoTests" name="[15] /home/travis/build/icyphy/ptII/ptolemy/domains/continuous/test/auto/CausalityInterface9.xml (RunModel)" time="0.049" />
  <testcase classname="ptolemy.util.test.junit.AutoTests" name="[16] /home/travis/build/icyphy/ptII/ptolemy/domains/continuous/test/auto/CausalityInterfaceFeedback1.xml (RunModel)" time="0.028" />
  <testcase classname="ptolemy.util.test.junit.AutoTests" name="[17] /home/travis/build/icyphy/ptII/ptolemy/domains/continuous/test/auto/CausalityInterfaceFeedback2.xml (RunModel)" time="0.035" />
  <testcase classname="ptolemy.util.test.junit.AutoTests" name="[18] /home/travis/build/icyphy/ptII/ptolemy/domains/continuous/test/auto/CompareWithCurrentTime.xml (RunModel)" time="0.026" />
  <testcase classname="ptolemy.util.test.junit.AutoTests" name="[19] /home/travis/build/icyphy/ptII/ptolemy/domains/continuous/test/auto/ComparedClocks.xml (RunModel)" time="0.07" />
  <testcase classname="ptolemy.util.test.junit.AutoTests" name="[20] /home/travis/build/icyphy/ptII/ptolemy/domains/continuous/test/auto/ContinuousAOCClone.xml (RunModel)" time="2.789" />
  <testcase classname="ptolemy.util.test.junit.AutoTests" name="[21] /home/travis/build/icyphy/ptII/ptolemy/domains/continuous/test/auto/ContinuousClock.xml (RunModel)" time="0.087" />
  <testcase classname="ptolemy.util.test.junit.AutoTests" name="[22] /home/travis/build/icyphy/ptII/ptolemy/domains/continuous/test/auto/ContinuousInContinuous.xml (RunModel)" time="0.086" />
  <testcase classname="ptolemy.util.test.junit.AutoTests" name="[23] /home/travis/build/icyphy/ptII/ptolemy/domains/continuous/test/auto/ContinuousInContinuousInContinuous.xml (RunModel)" time="0.029" />
  <testcase classname="ptolemy.util.test.junit.AutoTests" name="[24] /home/travis/build/icyphy/ptII/ptolemy/domains/continuous/test/auto/ContinuousInDE.xml (RunModel)" time="0.144" />
  <testcase classname="ptolemy.util.test.junit.AutoTests" name="[25] /home/travis/build/icyphy/ptII/ptolemy/domains/continuous/test/auto/ContinuousInDE2.xml (RunModel)" time="0.071" />
  <testcase classname="ptolemy.util.test.junit.AutoTests" name="[26] /home/travis/build/icyphy/ptII/ptolemy/domains/continuous/test/auto/ContinuousInDE3.xml (RunModel)" time="0.073" />
  <testcase classname="ptolemy.util.test.junit.AutoTests" name="[27] /home/travis/build/icyphy/ptII/ptolemy/domains/continuous/test/auto/ContinuousInDE4.xml (RunModel)" time="0.042" />
  <testcase classname="ptolemy.util.test.junit.AutoTests" name="[28] /home/travis/build/icyphy/ptII/ptolemy/domains/continuous/test/auto/ContinuousInDEDifferentRefinements.xml (RunModel)" time="0.12" />
  <testcase classname="ptolemy.util.test.junit.AutoTests" name="[29] /home/travis/build/icyphy/ptII/ptolemy/domains/continuous/test/auto/ContinuousInDEDifferentRefinementsPreemptive.xml (RunModel)" time="0.096" />
  <testcase classname="ptolemy.util.test.junit.AutoTests" name="[30] /home/travis/build/icyphy/ptII/ptolemy/domains/continuous/test/auto/ContinuousInDEInContinuous2.xml (RunModel)" time="0.07" />
  <testcase classname="ptolemy.util.test.junit.AutoTests" name="[31] /home/travis/build/icyphy/ptII/ptolemy/domains/continuous/test/auto/ContinuousInDEInContinuous3.xml (RunModel)" time="0.062" />
  <testcase classname="ptolemy.util.test.junit.AutoTests" name="[32] /home/travis/build/icyphy/ptII/ptolemy/domains/continuous/test/auto/ContinuousInDEInput.xml (RunModel)" time="0.04" />
  <testcase classname="ptolemy.util.test.junit.AutoTests" name="[33] /home/travis/build/icyphy/ptII/ptolemy/domains/continuous/test/auto/ContinuousInDEInput2.xml (RunModel)" time="0.036" />
  <testcase classname="ptolemy.util.test.junit.AutoTests" name="[34] /home/travis/build/icyphy/ptII/ptolemy/domains/continuous/test/auto/ContinuousInDEInput3.xml (RunModel)" time="0.034" />
  <testcase classname="ptolemy.util.test.junit.AutoTests" name="[35] /home/travis/build/icyphy/ptII/ptolemy/domains/continuous/test/auto/ContinuousInDESharingRefinement.xml (RunModel)" time="0.199" />
  <testcase classname="ptolemy.util.test.junit.AutoTests" name="[36] /home/travis/build/icyphy/ptII/ptolemy/domains/continuous/test/auto/ContinuousInDEwithNoPorts.xml (RunModel)" time="0.023" />
  <testcase classname="ptolemy.util.test.junit.AutoTests" name="[37] /home/travis/build/icyphy/ptII/ptolemy/domains/continuous/test/auto/ContinuousInsideDE.xml (RunModel)" time="0.09" />
  <testcase classname="ptolemy.util.test.junit.AutoTests" name="[38] /home/travis/build/icyphy/ptII/ptolemy/domains/continuous/test/auto/ContinuousMerge1.xml (RunModel)" time="0.034" />
  <testcase classname="ptolemy.util.test.junit.AutoTests" name="[39] /home/travis/build/icyphy/ptII/ptolemy/domains/continuous/test/auto/ContinuousMerge2.xml (RunModel)" time="0.041" />
  <testcase classname="ptolemy.util.test.junit.AutoTests" name="[40] /home/travis/build/icyphy/ptII/ptolemy/domains/continuous/test/auto/ContinuousMerge3.xml (RunModel)" time="0.072" />
  <testcase classname="ptolemy.util.test.junit.AutoTests" name="[41] /home/travis/build/icyphy/ptII/ptolemy/domains/continuous/test/auto/ContinuousWithinContinuous.xml (RunModel)" time="0.062" />
  <testcase classname="ptolemy.util.test.junit.AutoTests" name="[42] /home/travis/build/icyphy/ptII/ptolemy/domains/continuous/test/auto/ContinuousWithinContinuous2.xml (RunModel)" time="0.091" />
  <testcase classname="ptolemy.util.test.junit.AutoTests" name="[43] /home/travis/build/icyphy/ptII/ptolemy/domains/continuous/test/auto/ContinuousWithinContinuous3.xml (RunModel)" time="0.033" />
  <testcase classname="ptolemy.util.test.junit.AutoTests" name="[44] /home/travis/build/icyphy/ptII/ptolemy/domains/continuous/test/auto/ContinuousWithinContinuous4.xml (RunModel)" time="0.085" />
  <testcase classname="ptolemy.util.test.junit.AutoTests" name="[45] /home/travis/build/icyphy/ptII/ptolemy/domains/continuous/test/auto/ContinuousWithinContinuous5.xml (RunModel)" time="0.026" />
  <testcase classname="ptolemy.util.test.junit.AutoTests" name="[46] /home/travis/build/icyphy/ptII/ptolemy/domains/continuous/test/auto/ContinuousWithinContinuous6.xml (RunModel)" time="0.027" />
  <testcase classname="ptolemy.util.test.junit.AutoTests" name="[47] /home/travis/build/icyphy/ptII/ptolemy/domains/continuous/test/auto/ContinuousWithinContinuous7.xml (RunModel)" time="0.067" />
  <testcase classname="ptolemy.util.test.junit.AutoTests" name="[48] /home/travis/build/icyphy/ptII/ptolemy/domains/continuous/test/auto/DCMotor.xml (RunModel)" time="14.052" />
  <testcase classname="ptolemy.util.test.junit.AutoTests" name="[49] /home/travis/build/icyphy/ptII/ptolemy/domains/continuous/test/auto/DEInContinuous.xml (RunModel)" time="0.024" />
  <testcase classname="ptolemy.util.test.junit.AutoTests" name="[50] /home/travis/build/icyphy/ptII/ptolemy/domains/continuous/test/auto/DEinContinuous2.xml (RunModel)" time="0.025" />
  <testcase classname="ptolemy.util.test.junit.AutoTests" name="[51] /home/travis/build/icyphy/ptII/ptolemy/domains/continuous/test/auto/Derivative.xml (RunModel)" time="0.232" />
  <testcase classname="ptolemy.util.test.junit.AutoTests" name="[52] /home/travis/build/icyphy/ptII/ptolemy/domains/continuous/test/auto/Derivative1.xml (RunModel)" time="0.07" />
  <testcase classname="ptolemy.util.test.junit.AutoTests" name="[53] /home/travis/build/icyphy/ptII/ptolemy/domains/continuous/test/auto/DiscreteClock.xml (RunModel)" time="0.018" />
  <testcase classname="ptolemy.util.test.junit.AutoTests" name="[54] /home/travis/build/icyphy/ptII/ptolemy/domains/continuous/test/auto/EfficiencyCurve.xml (RunModel)" time="0.106" />
  <testcase classname="ptolemy.util.test.junit.AutoTests" name="[55] /home/travis/build/icyphy/ptII/ptolemy/domains/continuous/test/auto/ExponentialResponse.xml (RunModel)" time="0.113" />
  <testcase classname="ptolemy.util.test.junit.AutoTests" name="[56] /home/travis/build/icyphy/ptII/ptolemy/domains/continuous/test/auto/ExponentialResponseRK45.xml (RunModel)" time="0.037" />
  <testcase classname="ptolemy.util.test.junit.AutoTests" name="[57] /home/travis/build/icyphy/ptII/ptolemy/domains/continuous/test/auto/Friction.xml (RunModel)" time="1.562" />
  <testcase classname="ptolemy.util.test.junit.AutoTests" name="[58] /home/travis/build/icyphy/ptII/ptolemy/domains/continuous/test/auto/FurutaPendulum.xml (RunModel)" time="3.665" />
  <testcase classname="ptolemy.util.test.junit.AutoTests" name="[59] /home/travis/build/icyphy/ptII/ptolemy/domains/continuous/test/auto/HierarchicalExecution.xml (RunModel)" time="2.217" />
  <testcase classname="ptolemy.util.test.junit.AutoTests" name="[60] /home/travis/build/icyphy/ptII/ptolemy/domains/continuous/test/auto/HybridPlant.xml (RunModel)" time="0.565" />
  <testcase classname="ptolemy.util.test.junit.AutoTests" name="[61] /home/travis/build/icyphy/ptII/ptolemy/domains/continuous/test/auto/Hysteresis.xml (RunModel)" time="0.179" />
  <testcase classname="ptolemy.util.test.junit.AutoTests" name="[62] /home/travis/build/icyphy/ptII/ptolemy/domains/continuous/test/auto/HysteresisWithRandomDelay.xml (RunModel)" time="0.212" />
  <testcase classname="ptolemy.util.test.junit.AutoTests" name="[63] /home/travis/build/icyphy/ptII/ptolemy/domains/continuous/test/auto/HysteresisWithRandomLosses.xml (RunModel)" time="2.399" />
  <testcase classname="ptolemy.util.test.junit.AutoTests" name="[64] /home/travis/build/icyphy/ptII/ptolemy/domains/continuous/test/auto/ImmediateTransitions.xml (RunModel)" time="0.032" />
  <testcase classname="ptolemy.util.test.junit.AutoTests" name="[65] /home/travis/build/icyphy/ptII/ptolemy/domains/continuous/test/auto/ImpulseFeedback.xml (RunModel)" time="0.024" />
  <testcase classname="ptolemy.util.test.junit.AutoTests" name="[66] /home/travis/build/icyphy/ptII/ptolemy/domains/continuous/test/auto/ImpulseFeedback2.xml (RunModel)" time="0.015" />
  <testcase classname="ptolemy.util.test.junit.AutoTests" name="[67] /home/travis/build/icyphy/ptII/ptolemy/domains/continuous/test/auto/IncreasingRatePoisson.xml (RunModel)" time="0.661" />
  <testcase classname="ptolemy.util.test.junit.AutoTests" name="[68] /home/travis/build/icyphy/ptII/ptolemy/domains/continuous/test/auto/InitialStateFeedback.xml (RunModel)" time="0.012" />
  <testcase classname="ptolemy.util.test.junit.AutoTests" name="[69] /home/travis/build/icyphy/ptII/ptolemy/domains/continuous/test/auto/Integration.xml (RunModel)" time="0.014" />
  <testcase classname="ptolemy.util.test.junit.AutoTests" name="[70] /home/travis/build/icyphy/ptII/ptolemy/domains/continuous/test/auto/Integration2.xml (RunModel)" time="0.104" />
  <testcase classname="ptolemy.util.test.junit.AutoTests" name="[71] /home/travis/build/icyphy/ptII/ptolemy/domains/continuous/test/auto/Integration3.xml (RunModel)" time="0.012" />
  <testcase classname="ptolemy.util.test.junit.AutoTests" name="[72] /home/travis/build/icyphy/ptII/ptolemy/domains/continuous/test/auto/Integration5.xml (RunModel)" time="0.01" />
  <testcase classname="ptolemy.util.test.junit.AutoTests" name="[73] /home/travis/build/icyphy/ptII/ptolemy/domains/continuous/test/auto/IntegratorImpulse.xml (RunModel)" time="0.01" />
  <testcase classname="ptolemy.util.test.junit.AutoTests" name="[74] /home/travis/build/icyphy/ptII/ptolemy/domains/continuous/test/auto/IntegratorImpulse2.xml (RunModel)" time="0.012" />
  <testcase classname="ptolemy.util.test.junit.AutoTests" name="[75] /home/travis/build/icyphy/ptII/ptolemy/domains/continuous/test/auto/LevelCrossing1.xml (RunModel)" time="0.012" />
  <testcase classname="ptolemy.util.test.junit.AutoTests" name="[76] /home/travis/build/icyphy/ptII/ptolemy/domains/continuous/test/auto/LevelCrossing2.xml (RunModel)" time="0.013" />
  <testcase classname="ptolemy.util.test.junit.AutoTests" name="[77] /home/travis/build/icyphy/ptII/ptolemy/domains/continuous/test/auto/LevelCrossing3.xml (RunModel)" time="0.011" />
  <testcase classname="ptolemy.util.test.junit.AutoTests" name="[78] /home/travis/build/icyphy/ptII/ptolemy/domains/continuous/test/auto/LevelCrossing4.xml (RunModel)" time="0.012" />
  <testcase classname="ptolemy.util.test.junit.AutoTests" name="[79] /home/travis/build/icyphy/ptII/ptolemy/domains/continuous/test/auto/LevelCrossing5.xml (RunModel)" time="0.012" />
  <testcase classname="ptolemy.util.test.junit.AutoTests" name="[80] /home/travis/build/icyphy/ptII/ptolemy/domains/continuous/test/auto/LevelCrossing6.xml (RunModel)" time="0.015" />
  <testcase classname="ptolemy.util.test.junit.AutoTests" name="[81] /home/travis/build/icyphy/ptII/ptolemy/domains/continuous/test/auto/LevelCrossingDetector.xml (RunModel)" time="0.034" />
  <testcase classname="ptolemy.util.test.junit.AutoTests" name="[82] /home/travis/build/icyphy/ptII/ptolemy/domains/continuous/test/auto/LevelCrossingDetectorDetectingDirections.xml (RunModel)" time="0.084" />
  <testcase classname="ptolemy.util.test.junit.AutoTests" name="[83] /home/travis/build/icyphy/ptII/ptolemy/domains/continuous/test/auto/LevelCrossingDetectorDetectsGlitches.xml (RunModel)" time="0.078" />
  <testcase classname="ptolemy.util.test.junit.AutoTests" name="[84] /home/travis/build/icyphy/ptII/ptolemy/domains/continuous/test/auto/LevelCrossingNoInitialOuput.xml (RunModel)" time="0.01" />
  <testcase classname="ptolemy.util.test.junit.AutoTests" name="[85] /home/travis/build/icyphy/ptII/ptolemy/domains/continuous/test/auto/LinearStateSpaceExample.xml (RunModel)" time="0.047" />
  <testcase classname="ptolemy.util.test.junit.AutoTests" name="[86] /home/travis/build/icyphy/ptII/ptolemy/domains/continuous/test/auto/Lorenz.xml (RunModel)" time="4.033" />
  <testcase classname="ptolemy.util.test.junit.AutoTests" name="[87] /home/travis/build/icyphy/ptII/ptolemy/domains/continuous/test/auto/LorenzDifferentialSystem.xml (RunModel)" time="1.162" />
  <testcase classname="ptolemy.util.test.junit.AutoTests" name="[88] /home/travis/build/icyphy/ptII/ptolemy/domains/continuous/test/auto/LorenzDifferentialSystemWithInput.xml (RunModel)" time="1.37" />
  <testcase classname="ptolemy.util.test.junit.AutoTests" name="[89] /home/travis/build/icyphy/ptII/ptolemy/domains/continuous/test/auto/LorenzDifferentialSystemWithTime.xml (RunModel)" time="0.726" />
  <testcase classname="ptolemy.util.test.junit.AutoTests" name="[90] /home/travis/build/icyphy/ptII/ptolemy/domains/continuous/test/auto/Microsteps.xml (RunModel)" time="0.033" />
  <testcase classname="ptolemy.util.test.junit.AutoTests" name="[91] /home/travis/build/icyphy/ptII/ptolemy/domains/continuous/test/auto/Modal1.xml (RunModel)" time="0.05" />
  <testcase classname="ptolemy.util.test.junit.AutoTests" name="[92] /home/travis/build/icyphy/ptII/ptolemy/domains/continuous/test/auto/Modal2.xml (RunModel)" time="0.045" />
  <testcase classname="ptolemy.util.test.junit.AutoTests" name="[93] /home/travis/build/icyphy/ptII/ptolemy/domains/continuous/test/auto/ModalTransitionGuardWithReset.xml (RunModel)" time="0.022" />
  <testcase classname="ptolemy.util.test.junit.AutoTests" name="[94] /home/travis/build/icyphy/ptII/ptolemy/domains/continuous/test/auto/ModalTransitionGuardWithResetUsingPreemptiveTransition.xml (RunModel)" time="0.021" />
  <testcase classname="ptolemy.util.test.junit.AutoTests" name="[95] /home/travis/build/icyphy/ptII/ptolemy/domains/continuous/test/auto/ModalTransitionGuardWithResetUsingPreemptiveTransition2.xml (RunModel)" time="0.026" />
  <testcase classname="ptolemy.util.test.junit.AutoTests" name="[96] /home/travis/build/icyphy/ptII/ptolemy/domains/continuous/test/auto/ModalTransitionGuardWithResetUsingPreemptiveTransition3.xml (RunModel)" time="0.026" />
  <testcase classname="ptolemy.util.test.junit.AutoTests" name="[97] /home/travis/build/icyphy/ptII/ptolemy/domains/continuous/test/auto/NewtonsCradle.xml (RunModel)" time="0.812" />
  <testcase classname="ptolemy.util.test.junit.AutoTests" name="[98] /home/travis/build/icyphy/ptII/ptolemy/domains/continuous/test/auto/NewtonsCradleAnimated.xml (RunModel)" time="1.285" />
  <testcase classname="ptolemy.util.test.junit.AutoTests" name="[99] /home/travis/build/icyphy/ptII/ptolemy/domains/continuous/test/auto/NewtonsCradleComplicated.xml (RunModel)" time="0.932" />
  <testcase classname="ptolemy.util.test.junit.AutoTests" name="[100] /home/travis/build/icyphy/ptII/ptolemy/domains/continuous/test/auto/NewtonsCradleNondeterministic.xml (RunModel)" time="0.656" />
  <testcase classname="ptolemy.util.test.junit.AutoTests" name="[101] /home/travis/build/icyphy/ptII/ptolemy/domains/continuous/test/auto/NewtonsCradlePerfectlyInelastic1.xml (RunModel)" time="1.255" />
  <testcase classname="ptolemy.util.test.junit.AutoTests" name="[102] /home/travis/build/icyphy/ptII/ptolemy/domains/continuous/test/auto/Noise.xml (RunModel)" time="0.178" />
  <testcase classname="ptolemy.util.test.junit.AutoTests" name="[103] /home/travis/build/icyphy/ptII/ptolemy/domains/continuous/test/auto/NoiseSpectrum.xml (RunModel)" time="0.8" />
  <testcase classname="ptolemy.util.test.junit.AutoTests" name="[104] /home/travis/build/icyphy/ptII/ptolemy/domains/continuous/test/auto/ParameterizedNewtonsCradleAnimated.xml (RunModel)" time="0.365" />
  <testcase classname="ptolemy.util.test.junit.AutoTests" name="[105] /home/travis/build/icyphy/ptII/ptolemy/domains/continuous/test/auto/ParameterizedNewtonsCradleAnimatedNondeterministic.xml (RunModel)" time="1.148" />
  <testcase classname="ptolemy.util.test.junit.AutoTests" name="[106] /home/travis/build/icyphy/ptII/ptolemy/domains/continuous/test/auto/Pendulum3D.xml (RunModel)" time="0.203" />
  <testcase classname="ptolemy.util.test.junit.AutoTests" name="[107] /home/travis/build/icyphy/ptII/ptolemy/domains/continuous/test/auto/PeriodicSampler.xml (RunModel)" time="0.01" />
  <testcase classname="ptolemy.util.test.junit.AutoTests" name="[108] /home/travis/build/icyphy/ptII/ptolemy/domains/continuous/test/auto/PeriodicSampler1.xml (RunModel)" time="0.044" />
  <testcase classname="ptolemy.util.test.junit.AutoTests" name="[109] /home/travis/build/icyphy/ptII/ptolemy/domains/continuous/test/auto/PeriodicSampler2.xml (RunModel)" time="0.07" />
  <testcase classname="ptolemy.util.test.junit.AutoTests" name="[110] /home/travis/build/icyphy/ptII/ptolemy/domains/continuous/test/auto/Poisson.xml (RunModel)" time="0.444" />
  <testcase classname="ptolemy.util.test.junit.AutoTests" name="[111] /home/travis/build/icyphy/ptII/ptolemy/domains/continuous/test/auto/PoissonClock.xml (RunModel)" time="0.012" />
  <testcase classname="ptolemy.util.test.junit.AutoTests" name="[112] /home/travis/build/icyphy/ptII/ptolemy/domains/continuous/test/auto/PoissonClock2.xml (RunModel)" time="0.015" />
  <testcase classname="ptolemy.util.test.junit.AutoTests" name="[113] /home/travis/build/icyphy/ptII/ptolemy/domains/continuous/test/auto/PortParameterHierarchy.xml (RunModel)" time="0.015" />
  <testcase classname="ptolemy.util.test.junit.AutoTests" name="[114] /home/travis/build/icyphy/ptII/ptolemy/domains/continuous/test/auto/RandomHybridPlant.xml (RunModel)" time="0.515" />
  <testcase classname="ptolemy.util.test.junit.AutoTests" name="[115] /home/travis/build/icyphy/ptII/ptolemy/domains/continuous/test/auto/ResetTransitionWithStartTime1.xml (RunModel)" time="0.037" />
  <testcase classname="ptolemy.util.test.junit.AutoTests" name="[116] /home/travis/build/icyphy/ptII/ptolemy/domains/continuous/test/auto/ResetTransitionWithStartTime2.xml (RunModel)" time="0.034" />
  <testcase classname="ptolemy.util.test.junit.AutoTests" name="[117] /home/travis/build/icyphy/ptII/ptolemy/domains/continuous/test/auto/ResetTransitionWithStartTime3.xml (RunModel)" time="0.035" />
  <testcase classname="ptolemy.util.test.junit.AutoTests" name="[118] /home/travis/build/icyphy/ptII/ptolemy/domains/continuous/test/auto/ResetTransitionWithStartTime4.xml (RunModel)" time="0.021" />
  <testcase classname="ptolemy.util.test.junit.AutoTests" name="[119] /home/travis/build/icyphy/ptII/ptolemy/domains/continuous/test/auto/ResetTransitionWithStartTime5.xml (RunModel)" time="0.034" />
  <testcase classname="ptolemy.util.test.junit.AutoTests" name="[120] /home/travis/build/icyphy/ptII/ptolemy/domains/continuous/test/auto/ResetTransitionWithStartTime6.xml (RunModel)" time="0.024" />
  <testcase classname="ptolemy.util.test.junit.AutoTests" name="[121] /home/travis/build/icyphy/ptII/ptolemy/domains/continuous/test/auto/SRinContinuous.xml (RunModel)" time="0.018" />
  <testcase classname="ptolemy.util.test.junit.AutoTests" name="[122] /home/travis/build/icyphy/ptII/ptolemy/domains/continuous/test/auto/SampledClocks.xml (RunModel)" time="0.028" />
  <testcase classname="ptolemy.util.test.junit.AutoTests" name="[123] /home/travis/build/icyphy/ptII/ptolemy/domains/continuous/test/auto/Satellite.xml (RunModel)" time="0.843" />
  <testcase classname="ptolemy.util.test.junit.AutoTests" name="[124] /home/travis/build/icyphy/ptII/ptolemy/domains/continuous/test/auto/SigmaDelta.xml (RunModel)" time="2.346" />
  <testcase classname="ptolemy.util.test.junit.AutoTests" name="[125] /home/travis/build/icyphy/ptII/ptolemy/domains/continuous/test/auto/SingleRefinement.xml (RunModel)" time="0.374" />
  <testcase classname="ptolemy.util.test.junit.AutoTests" name="[126] /home/travis/build/icyphy/ptII/ptolemy/domains/continuous/test/auto/SinuBouncingBall.xml (RunModel)" time="0.853" />
  <testcase classname="ptolemy.util.test.junit.AutoTests" name="[127] /home/travis/build/icyphy/ptII/ptolemy/domains/continuous/test/auto/Sinusoid.xml (RunModel)" time="0.016" />
  <testcase classname="ptolemy.util.test.junit.AutoTests" name="[128] /home/travis/build/icyphy/ptII/ptolemy/domains/continuous/test/auto/SinusoidInNoise.xml (RunModel)" time="0.941" />
  <testcase classname="ptolemy.util.test.junit.AutoTests" name="[129] /home/travis/build/icyphy/ptII/ptolemy/domains/continuous/test/auto/SinusoidRK45.xml (RunModel)" time="0.008" />
  <testcase classname="ptolemy.util.test.junit.AutoTests" name="[130] /home/travis/build/icyphy/ptII/ptolemy/domains/continuous/test/auto/SinusoidWithMultipleImpulses.xml (RunModel)" time="0.028" />
  <testcase classname="ptolemy.util.test.junit.AutoTests" name="[131] /home/travis/build/icyphy/ptII/ptolemy/domains/continuous/test/auto/SquareWave.xml (RunModel)" time="0.193" />
  <testcase classname="ptolemy.util.test.junit.AutoTests" name="[132] /home/travis/build/icyphy/ptII/ptolemy/domains/continuous/test/auto/Starmac.xml (RunModel)" time="3.398" />
  <testcase classname="ptolemy.util.test.junit.AutoTests" name="[133] /home/travis/build/icyphy/ptII/ptolemy/domains/continuous/test/auto/StaticUnits.xml (RunModel)" time="2.851" />
  <testcase classname="ptolemy.util.test.junit.AutoTests" name="[134] /home/travis/build/icyphy/ptII/ptolemy/domains/continuous/test/auto/StickyMasses.xml (RunModel)" time="0.209" />
  <testcase classname="ptolemy.util.test.junit.AutoTests" name="[135] /home/travis/build/icyphy/ptII/ptolemy/domains/continuous/test/auto/StopTime.xml (RunModel)" time="0.061" />
  <testcase classname="ptolemy.util.test.junit.AutoTests" name="[136] /home/travis/build/icyphy/ptII/ptolemy/domains/continuous/test/auto/StopTime2.xml (RunModel)" time="0.052" />
  <testcase classname="ptolemy.util.test.junit.AutoTests" name="[137] /home/travis/build/icyphy/ptII/ptolemy/domains/continuous/test/auto/Switch.xml (RunModel)" time="0.072" />
  <testcase classname="ptolemy.util.test.junit.AutoTests" name="[138] /home/travis/build/icyphy/ptII/ptolemy/domains/continuous/test/auto/Thermostat.xml (RunModel)" time="0.201" />
  <testcase classname="ptolemy.util.test.junit.AutoTests" name="[139] /home/travis/build/icyphy/ptII/ptolemy/domains/continuous/test/auto/TimeDelay.xml (RunModel)" time="0.017" />
  <testcase classname="ptolemy.util.test.junit.AutoTests" name="[140] /home/travis/build/icyphy/ptII/ptolemy/domains/continuous/test/auto/TimeDelay2.xml (RunModel)" time="0.024" />
  <testcase classname="ptolemy.util.test.junit.AutoTests" name="[141] /home/travis/build/icyphy/ptII/ptolemy/domains/continuous/test/auto/TimeDelay3.xml (RunModel)" time="0.023" />
  <testcase classname="ptolemy.util.test.junit.AutoTests" name="[142] /home/travis/build/icyphy/ptII/ptolemy/domains/continuous/test/auto/TransferAbsentToInside.xml (RunModel)" time="0.101" />
  <testcase classname="ptolemy.util.test.junit.AutoTests" name="[143] /home/travis/build/icyphy/ptII/ptolemy/domains/continuous/test/auto/Transmission.xml (RunModel)" time="0.883" />
  <testcase classname="ptolemy.util.test.junit.AutoTests" name="[144] /home/travis/build/icyphy/ptII/ptolemy/domains/continuous/test/auto/TriggeredContinuousClock.xml (RunModel)" time="0.063" />
  <testcase classname="ptolemy.util.test.junit.AutoTests" name="[145] /home/travis/build/icyphy/ptII/ptolemy/domains/continuous/test/auto/TwoMachineInfiniteBusControl.xml (RunModel)" time="2.881" />
  <testcase classname="ptolemy.util.test.junit.AutoTests" name="[146] /home/travis/build/icyphy/ptII/ptolemy/domains/continuous/test/auto/V2V.xml (RunModel)" time="0.744" />
  <testcase classname="ptolemy.util.test.junit.AutoTests" name="[147] /home/travis/build/icyphy/ptII/ptolemy/domains/continuous/test/auto/hierarchicalModalModel.xml (RunModel)" time="0.032" />
  <testcase classname="ptolemy.util.test.junit.AutoTests" name="[148] /home/travis/build/icyphy/ptII/ptolemy/domains/continuous/test/auto/hierarchicalModalModel1.xml (RunModel)" time="0.032" />
  <testcase classname="ptolemy.util.test.junit.AutoTests" name="[149] /home/travis/build/icyphy/ptII/ptolemy/domains/continuous/test/auto/hierarchicalModalModel2.xml (RunModel)" time="0.031" />
  <testcase classname="ptolemy.util.test.junit.AutoTests" name="[150] /home/travis/build/icyphy/ptII/ptolemy/domains/continuous/test/auto/hierarchicalModalModel3.xml (RunModel)" time="0.022" />
  <testcase classname="ptolemy.util.test.junit.AutoTests" name="[151] /home/travis/build/icyphy/ptII/ptolemy/domains/continuous/test/auto/hierarchicalModalModel4.xml (RunModel)" time="0.023" />
  <testcase classname="ptolemy.util.test.junit.AutoTests" name="[152] /home/travis/build/icyphy/ptII/ptolemy/domains/continuous/test/auto/junk.xml (RunModel)" time="0.155" />
  <system-out><![CDATA[No tcl tests in /home/travis/build/icyphy/ptII/ptolemy/domains/continuous/test
No auto/knownFailedTests/*.xml tests in /home/travis/build/icyphy/ptII/ptolemy/domains/continuous/test
No auto/linux-amd64/*.xml tests in /home/travis/build/icyphy/ptII/ptolemy/domains/continuous/test
AutoTests.java: About to close Vertx.
AutoTests.java: Vertx closed.

===========================================================================================
----------------- testing Mon Feb 04 03:26:40 UTC 2019 /home/travis/build/icyphy/ptII/ptolemy/domains/continuous/test/auto/BouncingBall.xml
----------------- Instantiating /home/travis/build/icyphy/ptII/ptolemy/domains/continuous/test/auto/BouncingBall.xml
2251 ms. Memory: 332288K Free: 258703K (78%)
----------------- Invoking toplevel() on ptolemy.moml.MoMLSimpleApplication@3ac9325e
----------------- Done invoking toplevel() on ptolemy.moml.MoMLSimpleApplication@3ac9325e
reloadAllAccessors: .BouncingBall

===========================================================================================
----------------- testing Mon Feb 04 03:26:43 UTC 2019 /home/travis/build/icyphy/ptII/ptolemy/domains/continuous/test/auto/BouncingBallWithoutGR.xml
----------------- Instantiating /home/travis/build/icyphy/ptII/ptolemy/domains/continuous/test/auto/BouncingBallWithoutGR.xml
905 ms. Memory: 332288K Free: 310377K (93%)
----------------- Invoking toplevel() on ptolemy.moml.MoMLSimpleApplication@71aebd6a
----------------- Done invoking toplevel() on ptolemy.moml.MoMLSimpleApplication@71aebd6a
reloadAllAccessors: .BouncingBallWithoutGR

===========================================================================================
----------------- testing Mon Feb 04 03:26:44 UTC 2019 /home/travis/build/icyphy/ptII/ptolemy/domains/continuous/test/auto/Brownian.xml
----------------- Instantiating /home/travis/build/icyphy/ptII/ptolemy/domains/continuous/test/auto/Brownian.xml
30 ms. Memory: 332288K Free: 296699K (89%)
----------------- Invoking toplevel() on ptolemy.moml.MoMLSimpleApplication@160d8a8e
----------------- Done invoking toplevel() on ptolemy.moml.MoMLSimpleApplication@160d8a8e
reloadAllAccessors: .Brownian

===========================================================================================
----------------- testing Mon Feb 04 03:26:44 UTC 2019 /home/travis/build/icyphy/ptII/ptolemy/domains/continuous/test/auto/CarTracking.xml
----------------- Instantiating /home/travis/build/icyphy/ptII/ptolemy/domains/continuous/test/auto/CarTracking.xml
3407 ms. Memory: 578560K Free: 452991K (78%)
----------------- Invoking toplevel() on ptolemy.moml.MoMLSimpleApplication@46562107
----------------- Done invoking toplevel() on ptolemy.moml.MoMLSimpleApplication@46562107
reloadAllAccessors: .CarTracking

===========================================================================================
----------------- testing Mon Feb 04 03:26:48 UTC 2019 /home/travis/build/icyphy/ptII/ptolemy/domains/continuous/test/auto/CartPendulum.xml
----------------- Instantiating /home/travis/build/icyphy/ptII/ptolemy/domains/continuous/test/auto/CartPendulum.xml
420 ms. Memory: 578560K Free: 348876K (60%)
----------------- Invoking toplevel() on ptolemy.moml.MoMLSimpleApplication@2b7869ef
----------------- Done invoking toplevel() on ptolemy.moml.MoMLSimpleApplication@2b7869ef
reloadAllAccessors: .CartPendulum

===========================================================================================
----------------- testing Mon Feb 04 03:26:48 UTC 2019 /home/travis/build/icyphy/ptII/ptolemy/domains/continuous/test/auto/CausalityInterface10.xml
----------------- Instantiating /home/travis/build/icyphy/ptII/ptolemy/domains/continuous/test/auto/CausalityInterface10.xml
12 ms. Memory: 578560K Free: 335527K (58%)
----------------- Invoking toplevel() on ptolemy.moml.MoMLSimpleApplication@71d1831b
----------------- Done invoking toplevel() on ptolemy.moml.MoMLSimpleApplication@71d1831b
reloadAllAccessors: .CausalityInterface10

===========================================================================================
----------------- testing Mon Feb 04 03:26:48 UTC 2019 /home/travis/build/icyphy/ptII/ptolemy/domains/continuous/test/auto/CausalityInterface11.xml
----------------- Instantiating /home/travis/build/icyphy/ptII/ptolemy/domains/continuous/test/auto/CausalityInterface11.xml
8 ms. Memory: 578560K Free: 325697K (56%)
----------------- Invoking toplevel() on ptolemy.moml.MoMLSimpleApplication@c1091fc
----------------- Done invoking toplevel() on ptolemy.moml.MoMLSimpleApplication@c1091fc
reloadAllAccessors: .CausalityInterface11

===========================================================================================
----------------- testing Mon Feb 04 03:26:48 UTC 2019 /home/travis/build/icyphy/ptII/ptolemy/domains/continuous/test/auto/CausalityInterface12.xml
----------------- Instantiating /home/travis/build/icyphy/ptII/ptolemy/domains/continuous/test/auto/CausalityInterface12.xml
6 ms. Memory: 578560K Free: 312967K (54%)
----------------- Invoking toplevel() on ptolemy.moml.MoMLSimpleApplication@60d08d4d
----------------- Done invoking toplevel() on ptolemy.moml.MoMLSimpleApplication@60d08d4d
reloadAllAccessors: .CausalityInterface12

===========================================================================================
----------------- testing Mon Feb 04 03:26:48 UTC 2019 /home/travis/build/icyphy/ptII/ptolemy/domains/continuous/test/auto/CausalityInterface13.xml
----------------- Instantiating /home/travis/build/icyphy/ptII/ptolemy/domains/continuous/test/auto/CausalityInterface13.xml
13 ms. Memory: 578560K Free: 298205K (52%)
----------------- Invoking toplevel() on ptolemy.moml.MoMLSimpleApplication@2bdaa35e
----------------- Done invoking toplevel() on ptolemy.moml.MoMLSimpleApplication@2bdaa35e
reloadAllAccessors: .CausalityInterface13

===========================================================================================
----------------- testing Mon Feb 04 03:26:48 UTC 2019 /home/travis/build/icyphy/ptII/ptolemy/domains/continuous/test/auto/CausalityInterface14.xml
----------------- Instantiating /home/travis/build/icyphy/ptII/ptolemy/domains/continuous/test/auto/CausalityInterface14.xml
3 ms. Memory: 578560K Free: 288359K (50%)
----------------- Invoking toplevel() on ptolemy.moml.MoMLSimpleApplication@36a07072
----------------- Done invoking toplevel() on ptolemy.moml.MoMLSimpleApplication@36a07072
reloadAllAccessors: .CausalityInterface14

===========================================================================================
----------------- testing Mon Feb 04 03:26:48 UTC 2019 /home/travis/build/icyphy/ptII/ptolemy/domains/continuous/test/auto/CausalityInterface4.xml
----------------- Instantiating /home/travis/build/icyphy/ptII/ptolemy/domains/continuous/test/auto/CausalityInterface4.xml
15 ms. Memory: 578560K Free: 278528K (48%)
----------------- Invoking toplevel() on ptolemy.moml.MoMLSimpleApplication@6f61d293
----------------- Done invoking toplevel() on ptolemy.moml.MoMLSimpleApplication@6f61d293
reloadAllAccessors: .CausalityInterface4

===========================================================================================
----------------- testing Mon Feb 04 03:26:49 UTC 2019 /home/travis/build/icyphy/ptII/ptolemy/domains/continuous/test/auto/CausalityInterface5.xml
----------------- Instantiating /home/travis/build/icyphy/ptII/ptolemy/domains/continuous/test/auto/CausalityInterface5.xml
6 ms. Memory: 578560K Free: 262522K (45%)
----------------- Invoking toplevel() on ptolemy.moml.MoMLSimpleApplication@51452014
----------------- Done invoking toplevel() on ptolemy.moml.MoMLSimpleApplication@51452014
reloadAllAccessors: .CausalityInterface5

===========================================================================================
----------------- testing Mon Feb 04 03:26:49 UTC 2019 /home/travis/build/icyphy/ptII/ptolemy/domains/continuous/test/auto/CausalityInterface6.xml
----------------- Instantiating /home/travis/build/icyphy/ptII/ptolemy/domains/continuous/test/auto/CausalityInterface6.xml
7 ms. Memory: 578560K Free: 252675K (44%)
----------------- Invoking toplevel() on ptolemy.moml.MoMLSimpleApplication@2e5ad67d
----------------- Done invoking toplevel() on ptolemy.moml.MoMLSimpleApplication@2e5ad67d
reloadAllAccessors: .CausalityInterface6

===========================================================================================
----------------- testing Mon Feb 04 03:26:49 UTC 2019 /home/travis/build/icyphy/ptII/ptolemy/domains/continuous/test/auto/CausalityInterface7.xml
----------------- Instantiating /home/travis/build/icyphy/ptII/ptolemy/domains/continuous/test/auto/CausalityInterface7.xml
14 ms. Memory: 578560K Free: 239552K (41%)
----------------- Invoking toplevel() on ptolemy.moml.MoMLSimpleApplication@b98a0fe
----------------- Done invoking toplevel() on ptolemy.moml.MoMLSimpleApplication@b98a0fe
reloadAllAccessors: .CausalityInterface7

===========================================================================================
----------------- testing Mon Feb 04 03:26:49 UTC 2019 /home/travis/build/icyphy/ptII/ptolemy/domains/continuous/test/auto/CausalityInterface8.xml
----------------- Instantiating /home/travis/build/icyphy/ptII/ptolemy/domains/continuous/test/auto/CausalityInterface8.xml
8 ms. Memory: 578560K Free: 226405K (39%)
----------------- Invoking toplevel() on ptolemy.moml.MoMLSimpleApplication@7c7ca355
----------------- Done invoking toplevel() on ptolemy.moml.MoMLSimpleApplication@7c7ca355
reloadAllAccessors: .CausalityInterface8

===========================================================================================
----------------- testing Mon Feb 04 03:26:49 UTC 2019 /home/travis/build/icyphy/ptII/ptolemy/domains/continuous/test/auto/CausalityInterface9.xml
----------------- Instantiating /home/travis/build/icyphy/ptII/ptolemy/domains/continuous/test/auto/CausalityInterface9.xml
9 ms. Memory: 578560K Free: 210398K (36%)
----------------- Invoking toplevel() on ptolemy.moml.MoMLSimpleApplication@69e5234f
----------------- Done invoking toplevel() on ptolemy.moml.MoMLSimpleApplication@69e5234f
reloadAllAccessors: .CausalityInterface9

===========================================================================================
----------------- testing Mon Feb 04 03:26:49 UTC 2019 /home/travis/build/icyphy/ptII/ptolemy/domains/continuous/test/auto/CausalityInterfaceFeedback1.xml
----------------- Instantiating /home/travis/build/icyphy/ptII/ptolemy/domains/continuous/test/auto/CausalityInterfaceFeedback1.xml
5 ms. Memory: 578560K Free: 200567K (35%)
----------------- Invoking toplevel() on ptolemy.moml.MoMLSimpleApplication@941f1df
----------------- Done invoking toplevel() on ptolemy.moml.MoMLSimpleApplication@941f1df
reloadAllAccessors: .CausalityInterfaceFeedback1

===========================================================================================
----------------- testing Mon Feb 04 03:26:49 UTC 2019 /home/travis/build/icyphy/ptII/ptolemy/domains/continuous/test/auto/CausalityInterfaceFeedback2.xml
----------------- Instantiating /home/travis/build/icyphy/ptII/ptolemy/domains/continuous/test/auto/CausalityInterfaceFeedback2.xml
6 ms. Memory: 578560K Free: 190737K (33%)
----------------- Invoking toplevel() on ptolemy.moml.MoMLSimpleApplication@2dc24314
----------------- Done invoking toplevel() on ptolemy.moml.MoMLSimpleApplication@2dc24314
reloadAllAccessors: .CausalityInterfaceFeedback2

===========================================================================================
----------------- testing Mon Feb 04 03:26:49 UTC 2019 /home/travis/build/icyphy/ptII/ptolemy/domains/continuous/test/auto/CompareWithCurrentTime.xml
----------------- Instantiating /home/travis/build/icyphy/ptII/ptolemy/domains/continuous/test/auto/CompareWithCurrentTime.xml
3 ms. Memory: 578560K Free: 181300K (31%)
----------------- Invoking toplevel() on ptolemy.moml.MoMLSimpleApplication@21daa360
----------------- Done invoking toplevel() on ptolemy.moml.MoMLSimpleApplication@21daa360
reloadAllAccessors: .CompareWithCurrentTime

===========================================================================================
----------------- testing Mon Feb 04 03:26:49 UTC 2019 /home/travis/build/icyphy/ptII/ptolemy/domains/continuous/test/auto/ComparedClocks.xml
----------------- Instantiating /home/travis/build/icyphy/ptII/ptolemy/domains/continuous/test/auto/ComparedClocks.xml
8 ms. Memory: 578560K Free: 161607K (28%)
----------------- Invoking toplevel() on ptolemy.moml.MoMLSimpleApplication@8d73520
----------------- Done invoking toplevel() on ptolemy.moml.MoMLSimpleApplication@8d73520
reloadAllAccessors: .ComparedClocks

===========================================================================================
----------------- testing Mon Feb 04 03:26:49 UTC 2019 /home/travis/build/icyphy/ptII/ptolemy/domains/continuous/test/auto/ContinuousAOCClone.xml
----------------- Instantiating /home/travis/build/icyphy/ptII/ptolemy/domains/continuous/test/auto/ContinuousAOCClone.xml
2554 ms. Memory: 872960K Free: 430338K (49%)
----------------- Invoking toplevel() on ptolemy.moml.MoMLSimpleApplication@39b502dd
----------------- Done invoking toplevel() on ptolemy.moml.MoMLSimpleApplication@39b502dd
reloadAllAccessors: .ContinuousAOCClone

===========================================================================================
----------------- testing Mon Feb 04 03:26:52 UTC 2019 /home/travis/build/icyphy/ptII/ptolemy/domains/continuous/test/auto/ContinuousClock.xml
----------------- Instantiating /home/travis/build/icyphy/ptII/ptolemy/domains/continuous/test/auto/ContinuousClock.xml
23 ms. Memory: 872960K Free: 396085K (45%)
----------------- Invoking toplevel() on ptolemy.moml.MoMLSimpleApplication@1019f02d
----------------- Done invoking toplevel() on ptolemy.moml.MoMLSimpleApplication@1019f02d
reloadAllAccessors: .ContinuousClock

===========================================================================================
----------------- testing Mon Feb 04 03:26:52 UTC 2019 /home/travis/build/icyphy/ptII/ptolemy/domains/continuous/test/auto/ContinuousInContinuous.xml
----------------- Instantiating /home/travis/build/icyphy/ptII/ptolemy/domains/continuous/test/auto/ContinuousInContinuous.xml
42 ms. Memory: 872960K Free: 368513K (42%)
----------------- Invoking toplevel() on ptolemy.moml.MoMLSimpleApplication@25c6c422
----------------- Done invoking toplevel() on ptolemy.moml.MoMLSimpleApplication@25c6c422
reloadAllAccessors: .ContinuousInContinuous

===========================================================================================
----------------- testing Mon Feb 04 03:26:52 UTC 2019 /home/travis/build/icyphy/ptII/ptolemy/domains/continuous/test/auto/ContinuousInContinuousInContinuous.xml
----------------- Instantiating /home/travis/build/icyphy/ptII/ptolemy/domains/continuous/test/auto/ContinuousInContinuousInContinuous.xml
8 ms. Memory: 872960K Free: 356717K (41%)
----------------- Invoking toplevel() on ptolemy.moml.MoMLSimpleApplication@4774176e
----------------- Done invoking toplevel() on ptolemy.moml.MoMLSimpleApplication@4774176e
reloadAllAccessors: .ContinuousInContinuousInContinuous

===========================================================================================
----------------- testing Mon Feb 04 03:26:52 UTC 2019 /home/travis/build/icyphy/ptII/ptolemy/domains/continuous/test/auto/ContinuousInDE.xml
----------------- Instantiating /home/travis/build/icyphy/ptII/ptolemy/domains/continuous/test/auto/ContinuousInDE.xml
112 ms. Memory: 872960K Free: 337872K (39%)
----------------- Invoking toplevel() on ptolemy.moml.MoMLSimpleApplication@3cf2a729
----------------- Done invoking toplevel() on ptolemy.moml.MoMLSimpleApplication@3cf2a729
reloadAllAccessors: .ContinuousInDE

===========================================================================================
----------------- testing Mon Feb 04 03:26:52 UTC 2019 /home/travis/build/icyphy/ptII/ptolemy/domains/continuous/test/auto/ContinuousInDE2.xml
----------------- Instantiating /home/travis/build/icyphy/ptII/ptolemy/domains/continuous/test/auto/ContinuousInDE2.xml
48 ms. Memory: 872960K Free: 326084K (37%)
----------------- Invoking toplevel() on ptolemy.moml.MoMLSimpleApplication@9c5f679
----------------- Done invoking toplevel() on ptolemy.moml.MoMLSimpleApplication@9c5f679
reloadAllAccessors: .ContinuousInDE2

===========================================================================================
----------------- testing Mon Feb 04 03:26:52 UTC 2019 /home/travis/build/icyphy/ptII/ptolemy/domains/continuous/test/auto/ContinuousInDE3.xml
----------------- Instantiating /home/travis/build/icyphy/ptII/ptolemy/domains/continuous/test/auto/ContinuousInDE3.xml
46 ms. Memory: 872960K Free: 314295K (36%)
----------------- Invoking toplevel() on ptolemy.moml.MoMLSimpleApplication@1bfb0433
----------------- Done invoking toplevel() on ptolemy.moml.MoMLSimpleApplication@1bfb0433
reloadAllAccessors: .ContinuousInDE3

===========================================================================================
----------------- testing Mon Feb 04 03:26:52 UTC 2019 /home/travis/build/icyphy/ptII/ptolemy/domains/continuous/test/auto/ContinuousInDE4.xml
----------------- Instantiating /home/travis/build/icyphy/ptII/ptolemy/domains/continuous/test/auto/ContinuousInDE4.xml
20 ms. Memory: 872960K Free: 306435K (35%)
----------------- Invoking toplevel() on ptolemy.moml.MoMLSimpleApplication@148631d0
----------------- Done invoking toplevel() on ptolemy.moml.MoMLSimpleApplication@148631d0
reloadAllAccessors: .ContinuousInDE4

===========================================================================================
----------------- testing Mon Feb 04 03:26:52 UTC 2019 /home/travis/build/icyphy/ptII/ptolemy/domains/continuous/test/auto/ContinuousInDEDifferentRefinements.xml
----------------- Instantiating /home/travis/build/icyphy/ptII/ptolemy/domains/continuous/test/auto/ContinuousInDEDifferentRefinements.xml
62 ms. Memory: 872960K Free: 267863K (31%)
----------------- Invoking toplevel() on ptolemy.moml.MoMLSimpleApplication@eed5a28
----------------- Done invoking toplevel() on ptolemy.moml.MoMLSimpleApplication@eed5a28
reloadAllAccessors: .ContinuousInDEDifferentRefinements

===========================================================================================
----------------- testing Mon Feb 04 03:26:52 UTC 2019 /home/travis/build/icyphy/ptII/ptolemy/domains/continuous/test/auto/ContinuousInDEDifferentRefinementsPreemptive.xml
----------------- Instantiating /home/travis/build/icyphy/ptII/ptolemy/domains/continuous/test/auto/ContinuousInDEDifferentRefinementsPreemptive.xml
49 ms. Memory: 872960K Free: 232423K (27%)
----------------- Invoking toplevel() on ptolemy.moml.MoMLSimpleApplication@182d4c2f
----------------- Done invoking toplevel() on ptolemy.moml.MoMLSimpleApplication@182d4c2f
reloadAllAccessors: .ContinuousInDEDifferentRefinementsPreemptive

===========================================================================================
----------------- testing Mon Feb 04 03:26:52 UTC 2019 /home/travis/build/icyphy/ptII/ptolemy/domains/continuous/test/auto/ContinuousInDEInContinuous2.xml
----------------- Instantiating /home/travis/build/icyphy/ptII/ptolemy/domains/continuous/test/auto/ContinuousInDEInContinuous2.xml
47 ms. Memory: 872960K Free: 216689K (25%)
----------------- Invoking toplevel() on ptolemy.moml.MoMLSimpleApplication@24917bf1
----------------- Done invoking toplevel() on ptolemy.moml.MoMLSimpleApplication@24917bf1
reloadAllAccessors: .ContinuousInDEInContinuous2

===========================================================================================
----------------- testing Mon Feb 04 03:26:53 UTC 2019 /home/travis/build/icyphy/ptII/ptolemy/domains/continuous/test/auto/ContinuousInDEInContinuous3.xml
----------------- Instantiating /home/travis/build/icyphy/ptII/ptolemy/domains/continuous/test/auto/ContinuousInDEInContinuous3.xml
36 ms. Memory: 872960K Free: 200955K (23%)
----------------- Invoking toplevel() on ptolemy.moml.MoMLSimpleApplication@fdfc499
----------------- Done invoking toplevel() on ptolemy.moml.MoMLSimpleApplication@fdfc499
reloadAllAccessors: .ContinuousInDEInContinuous3

===========================================================================================
----------------- testing Mon Feb 04 03:26:53 UTC 2019 /home/travis/build/icyphy/ptII/ptolemy/domains/continuous/test/auto/ContinuousInDEInput.xml
----------------- Instantiating /home/travis/build/icyphy/ptII/ptolemy/domains/continuous/test/auto/ContinuousInDEInput.xml
22 ms. Memory: 872960K Free: 186040K (21%)
----------------- Invoking toplevel() on ptolemy.moml.MoMLSimpleApplication@5ae57902
----------------- Done invoking toplevel() on ptolemy.moml.MoMLSimpleApplication@5ae57902
reloadAllAccessors: .ContinuousInDEInput

===========================================================================================
----------------- testing Mon Feb 04 03:26:53 UTC 2019 /home/travis/build/icyphy/ptII/ptolemy/domains/continuous/test/auto/ContinuousInDEInput2.xml
----------------- Instantiating /home/travis/build/icyphy/ptII/ptolemy/domains/continuous/test/auto/ContinuousInDEInput2.xml
17 ms. Memory: 872960K Free: 174251K (20%)
----------------- Invoking toplevel() on ptolemy.moml.MoMLSimpleApplication@4f26eb92
----------------- Done invoking toplevel() on ptolemy.moml.MoMLSimpleApplication@4f26eb92
reloadAllAccessors: .ContinuousInDEInput2

===========================================================================================
----------------- testing Mon Feb 04 03:26:53 UTC 2019 /home/travis/build/icyphy/ptII/ptolemy/domains/continuous/test/auto/ContinuousInDEInput3.xml
----------------- Instantiating /home/travis/build/icyphy/ptII/ptolemy/domains/continuous/test/auto/ContinuousInDEInput3.xml
14 ms. Memory: 872960K Free: 162446K (19%)
----------------- Invoking toplevel() on ptolemy.moml.MoMLSimpleApplication@62246691
----------------- Done invoking toplevel() on ptolemy.moml.MoMLSimpleApplication@62246691
reloadAllAccessors: .ContinuousInDEInput3

===========================================================================================
----------------- testing Mon Feb 04 03:26:53 UTC 2019 /home/travis/build/icyphy/ptII/ptolemy/domains/continuous/test/auto/ContinuousInDESharingRefinement.xml
----------------- Instantiating /home/travis/build/icyphy/ptII/ptolemy/domains/continuous/test/auto/ContinuousInDESharingRefinement.xml
174 ms. Memory: 873472K Free: 849620K (97%)
----------------- Invoking toplevel() on ptolemy.moml.MoMLSimpleApplication@200715af
----------------- Done invoking toplevel() on ptolemy.moml.MoMLSimpleApplication@200715af
reloadAllAccessors: .ContinuousInDESharingRefinement

===========================================================================================
----------------- testing Mon Feb 04 03:26:53 UTC 2019 /home/travis/build/icyphy/ptII/ptolemy/domains/continuous/test/auto/ContinuousInDEwithNoPorts.xml
----------------- Instantiating /home/travis/build/icyphy/ptII/ptolemy/domains/continuous/test/auto/ContinuousInDEwithNoPorts.xml
5 ms. Memory: 873472K Free: 837608K (96%)
----------------- Invoking toplevel() on ptolemy.moml.MoMLSimpleApplication@27a46fa2
----------------- Done invoking toplevel() on ptolemy.moml.MoMLSimpleApplication@27a46fa2
reloadAllAccessors: .ContinuousInDEwithNoPorts

===========================================================================================
----------------- testing Mon Feb 04 03:26:53 UTC 2019 /home/travis/build/icyphy/ptII/ptolemy/domains/continuous/test/auto/ContinuousInsideDE.xml
----------------- Instantiating /home/travis/build/icyphy/ptII/ptolemy/domains/continuous/test/auto/ContinuousInsideDE.xml
57 ms. Memory: 873472K Free: 817960K (94%)
----------------- Invoking toplevel() on ptolemy.moml.MoMLSimpleApplication@14c86be5
----------------- Done invoking toplevel() on ptolemy.moml.MoMLSimpleApplication@14c86be5
reloadAllAccessors: .ContinuousInsideDE

===========================================================================================
----------------- testing Mon Feb 04 03:26:53 UTC 2019 /home/travis/build/icyphy/ptII/ptolemy/domains/continuous/test/auto/ContinuousMerge1.xml
----------------- Instantiating /home/travis/build/icyphy/ptII/ptolemy/domains/continuous/test/auto/ContinuousMerge1.xml
3 ms. Memory: 873472K Free: 807992K (93%)
----------------- Invoking toplevel() on ptolemy.moml.MoMLSimpleApplication@5d2a1a2b
----------------- Done invoking toplevel() on ptolemy.moml.MoMLSimpleApplication@5d2a1a2b
reloadAllAccessors: .ContinuousMerge1

===========================================================================================
----------------- testing Mon Feb 04 03:26:53 UTC 2019 /home/travis/build/icyphy/ptII/ptolemy/domains/continuous/test/auto/ContinuousMerge2.xml
----------------- Instantiating /home/travis/build/icyphy/ptII/ptolemy/domains/continuous/test/auto/ContinuousMerge2.xml
13 ms. Memory: 873472K Free: 792094K (91%)
----------------- Invoking toplevel() on ptolemy.moml.MoMLSimpleApplication@5790f02c
----------------- Done invoking toplevel() on ptolemy.moml.MoMLSimpleApplication@5790f02c
reloadAllAccessors: .ContinuousMerge2

===========================================================================================
----------------- testing Mon Feb 04 03:26:53 UTC 2019 /home/travis/build/icyphy/ptII/ptolemy/domains/continuous/test/auto/ContinuousMerge3.xml
----------------- Instantiating /home/travis/build/icyphy/ptII/ptolemy/domains/continuous/test/auto/ContinuousMerge3.xml
49 ms. Memory: 873472K Free: 776359K (89%)
----------------- Invoking toplevel() on ptolemy.moml.MoMLSimpleApplication@2c59d78f
----------------- Done invoking toplevel() on ptolemy.moml.MoMLSimpleApplication@2c59d78f
reloadAllAccessors: .ContinuousMerge3

===========================================================================================
----------------- testing Mon Feb 04 03:26:53 UTC 2019 /home/travis/build/icyphy/ptII/ptolemy/domains/continuous/test/auto/ContinuousWithinContinuous.xml
----------------- Instantiating /home/travis/build/icyphy/ptII/ptolemy/domains/continuous/test/auto/ContinuousWithinContinuous.xml
43 ms. Memory: 873472K Free: 758516K (87%)
----------------- Invoking toplevel() on ptolemy.moml.MoMLSimpleApplication@706b2e42
----------------- Done invoking toplevel() on ptolemy.moml.MoMLSimpleApplication@706b2e42
reloadAllAccessors: .ContinuousWithinContinuous

===========================================================================================
----------------- testing Mon Feb 04 03:26:53 UTC 2019 /home/travis/build/icyphy/ptII/ptolemy/domains/continuous/test/auto/ContinuousWithinContinuous2.xml
----------------- Instantiating /home/travis/build/icyphy/ptII/ptolemy/domains/continuous/test/auto/ContinuousWithinContinuous2.xml
71 ms. Memory: 873472K Free: 746727K (85%)
----------------- Invoking toplevel() on ptolemy.moml.MoMLSimpleApplication@219249c7
----------------- Done invoking toplevel() on ptolemy.moml.MoMLSimpleApplication@219249c7
reloadAllAccessors: .ContinuousWithinContinuous2

===========================================================================================
----------------- testing Mon Feb 04 03:26:53 UTC 2019 /home/travis/build/icyphy/ptII/ptolemy/domains/continuous/test/auto/ContinuousWithinContinuous3.xml
----------------- Instantiating /home/travis/build/icyphy/ptII/ptolemy/domains/continuous/test/auto/ContinuousWithinContinuous3.xml
16 ms. Memory: 873472K Free: 732813K (84%)
----------------- Invoking toplevel() on ptolemy.moml.MoMLSimpleApplication@7106d657
----------------- Done invoking toplevel() on ptolemy.moml.MoMLSimpleApplication@7106d657
reloadAllAccessors: .ContinuousWithinContinuous3

===========================================================================================
----------------- testing Mon Feb 04 03:26:53 UTC 2019 /home/travis/build/icyphy/ptII/ptolemy/domains/continuous/test/auto/ContinuousWithinContinuous4.xml
----------------- Instantiating /home/travis/build/icyphy/ptII/ptolemy/domains/continuous/test/auto/ContinuousWithinContinuous4.xml
67 ms. Memory: 873472K Free: 717095K (82%)
----------------- Invoking toplevel() on ptolemy.moml.MoMLSimpleApplication@5735c2ad
----------------- Done invoking toplevel() on ptolemy.moml.MoMLSimpleApplication@5735c2ad
reloadAllAccessors: .ContinuousWithinContinuous4

===========================================================================================
----------------- testing Mon Feb 04 03:26:53 UTC 2019 /home/travis/build/icyphy/ptII/ptolemy/domains/continuous/test/auto/ContinuousWithinContinuous5.xml
----------------- Instantiating /home/travis/build/icyphy/ptII/ptolemy/domains/continuous/test/auto/ContinuousWithinContinuous5.xml
11 ms. Memory: 873472K Free: 705298K (81%)
----------------- Invoking toplevel() on ptolemy.moml.MoMLSimpleApplication@45e523ec
----------------- Done invoking toplevel() on ptolemy.moml.MoMLSimpleApplication@45e523ec
reloadAllAccessors: .ContinuousWithinContinuous5

===========================================================================================
----------------- testing Mon Feb 04 03:26:53 UTC 2019 /home/travis/build/icyphy/ptII/ptolemy/domains/continuous/test/auto/ContinuousWithinContinuous6.xml
----------------- Instantiating /home/travis/build/icyphy/ptII/ptolemy/domains/continuous/test/auto/ContinuousWithinContinuous6.xml
11 ms. Memory: 873472K Free: 691400K (79%)
----------------- Invoking toplevel() on ptolemy.moml.MoMLSimpleApplication@4168a258
----------------- Done invoking toplevel() on ptolemy.moml.MoMLSimpleApplication@4168a258
reloadAllAccessors: .ContinuousWithinContinuous6

===========================================================================================
----------------- testing Mon Feb 04 03:26:54 UTC 2019 /home/travis/build/icyphy/ptII/ptolemy/domains/continuous/test/auto/ContinuousWithinContinuous7.xml
----------------- Instantiating /home/travis/build/icyphy/ptII/ptolemy/domains/continuous/test/auto/ContinuousWithinContinuous7.xml
56 ms. Memory: 873472K Free: 679611K (78%)
----------------- Invoking toplevel() on ptolemy.moml.MoMLSimpleApplication@68a57cb1
----------------- Done invoking toplevel() on ptolemy.moml.MoMLSimpleApplication@68a57cb1
reloadAllAccessors: .ContinuousWithinContinuous7

===========================================================================================
----------------- testing Mon Feb 04 03:26:54 UTC 2019 /home/travis/build/icyphy/ptII/ptolemy/domains/continuous/test/auto/DCMotor.xml
----------------- Instantiating /home/travis/build/icyphy/ptII/ptolemy/domains/continuous/test/auto/DCMotor.xml
13967 ms. Memory: 734720K Free: 165071K (22%)
----------------- Invoking toplevel() on ptolemy.moml.MoMLSimpleApplication@1655a887
----------------- Done invoking toplevel() on ptolemy.moml.MoMLSimpleApplication@1655a887
reloadAllAccessors: .DCMotor

===========================================================================================
----------------- testing Mon Feb 04 03:27:08 UTC 2019 /home/travis/build/icyphy/ptII/ptolemy/domains/continuous/test/auto/DEInContinuous.xml
----------------- Instantiating /home/travis/build/icyphy/ptII/ptolemy/domains/continuous/test/auto/DEInContinuous.xml
10 ms. Memory: 734720K Free: 149091K (20%)
----------------- Invoking toplevel() on ptolemy.moml.MoMLSimpleApplication@1b963870
----------------- Done invoking toplevel() on ptolemy.moml.MoMLSimpleApplication@1b963870
reloadAllAccessors: .DEInContinuous

===========================================================================================
----------------- testing Mon Feb 04 03:27:08 UTC 2019 /home/travis/build/icyphy/ptII/ptolemy/domains/continuous/test/auto/DEinContinuous2.xml
----------------- Instantiating /home/travis/build/icyphy/ptII/ptolemy/domains/continuous/test/auto/DEinContinuous2.xml
7 ms. Memory: 734720K Free: 134955K (18%)
----------------- Invoking toplevel() on ptolemy.moml.MoMLSimpleApplication@40488c24
----------------- Done invoking toplevel() on ptolemy.moml.MoMLSimpleApplication@40488c24
reloadAllAccessors: .DEinContinuous2

===========================================================================================
----------------- testing Mon Feb 04 03:27:08 UTC 2019 /home/travis/build/icyphy/ptII/ptolemy/domains/continuous/test/auto/Derivative.xml
----------------- Instantiating /home/travis/build/icyphy/ptII/ptolemy/domains/continuous/test/auto/Derivative.xml
176 ms. Memory: 734720K Free: 94895K (13%)
----------------- Invoking toplevel() on ptolemy.moml.MoMLSimpleApplication@47babcb8
----------------- Done invoking toplevel() on ptolemy.moml.MoMLSimpleApplication@47babcb8
reloadAllAccessors: .Derivative2

===========================================================================================
----------------- testing Mon Feb 04 03:27:08 UTC 2019 /home/travis/build/icyphy/ptII/ptolemy/domains/continuous/test/auto/Derivative1.xml
----------------- Instantiating /home/travis/build/icyphy/ptII/ptolemy/domains/continuous/test/auto/Derivative1.xml
36 ms. Memory: 734720K Free: 75479K (10%)
----------------- Invoking toplevel() on ptolemy.moml.MoMLSimpleApplication@52e0cfb0
----------------- Done invoking toplevel() on ptolemy.moml.MoMLSimpleApplication@52e0cfb0
reloadAllAccessors: .Derivative1

===========================================================================================
----------------- testing Mon Feb 04 03:27:08 UTC 2019 /home/travis/build/icyphy/ptII/ptolemy/domains/continuous/test/auto/DiscreteClock.xml
----------------- Instantiating /home/travis/build/icyphy/ptII/ptolemy/domains/continuous/test/auto/DiscreteClock.xml
6 ms. Memory: 697344K Free: 671252K (96%)
----------------- Invoking toplevel() on ptolemy.moml.MoMLSimpleApplication@1856aa1a
----------------- Done invoking toplevel() on ptolemy.moml.MoMLSimpleApplication@1856aa1a
reloadAllAccessors: .DiscreteClock

===========================================================================================
----------------- testing Mon Feb 04 03:27:08 UTC 2019 /home/travis/build/icyphy/ptII/ptolemy/domains/continuous/test/auto/EfficiencyCurve.xml
----------------- Instantiating /home/travis/build/icyphy/ptII/ptolemy/domains/continuous/test/auto/EfficiencyCurve.xml
40 ms. Memory: 697344K Free: 657395K (94%)
----------------- Invoking toplevel() on ptolemy.moml.MoMLSimpleApplication@5912077b
----------------- Done invoking toplevel() on ptolemy.moml.MoMLSimpleApplication@5912077b
reloadAllAccessors: .EfficiencyCurve

===========================================================================================
----------------- testing Mon Feb 04 03:27:08 UTC 2019 /home/travis/build/icyphy/ptII/ptolemy/domains/continuous/test/auto/ExponentialResponse.xml
----------------- Instantiating /home/travis/build/icyphy/ptII/ptolemy/domains/continuous/test/auto/ExponentialResponse.xml
105 ms. Memory: 697344K Free: 627985K (90%)
----------------- Invoking toplevel() on ptolemy.moml.MoMLSimpleApplication@5c48e157
----------------- Done invoking toplevel() on ptolemy.moml.MoMLSimpleApplication@5c48e157
reloadAllAccessors: .ExponentialResponse

===========================================================================================
----------------- testing Mon Feb 04 03:27:08 UTC 2019 /home/travis/build/icyphy/ptII/ptolemy/domains/continuous/test/auto/ExponentialResponseRK45.xml
----------------- Instantiating /home/travis/build/icyphy/ptII/ptolemy/domains/continuous/test/auto/ExponentialResponseRK45.xml
25 ms. Memory: 697344K Free: 614896K (88%)
----------------- Invoking toplevel() on ptolemy.moml.MoMLSimpleApplication@5d7efe8e
----------------- Done invoking toplevel() on ptolemy.moml.MoMLSimpleApplication@5d7efe8e
reloadAllAccessors: .ExponentialResponseRK45

===========================================================================================
----------------- testing Mon Feb 04 03:27:08 UTC 2019 /home/travis/build/icyphy/ptII/ptolemy/domains/continuous/test/auto/Friction.xml
----------------- Instantiating /home/travis/build/icyphy/ptII/ptolemy/domains/continuous/test/auto/Friction.xml
1449 ms. Memory: 697344K Free: 163874K (23%)
----------------- Invoking toplevel() on ptolemy.moml.MoMLSimpleApplication@4cfb00f6
----------------- Done invoking toplevel() on ptolemy.moml.MoMLSimpleApplication@4cfb00f6
reloadAllAccessors: .Friction

===========================================================================================
----------------- testing Mon Feb 04 03:27:10 UTC 2019 /home/travis/build/icyphy/ptII/ptolemy/domains/continuous/test/auto/FurutaPendulum.xml
----------------- Instantiating /home/travis/build/icyphy/ptII/ptolemy/domains/continuous/test/auto/FurutaPendulum.xml
3504 ms. Memory: 674816K Free: 257859K (38%)
----------------- Invoking toplevel() on ptolemy.moml.MoMLSimpleApplication@722a9288
----------------- Done invoking toplevel() on ptolemy.moml.MoMLSimpleApplication@722a9288
reloadAllAccessors: .FurutaPendulum

===========================================================================================
----------------- testing Mon Feb 04 03:27:14 UTC 2019 /home/travis/build/icyphy/ptII/ptolemy/domains/continuous/test/auto/HierarchicalExecution.xml
----------------- Instantiating /home/travis/build/icyphy/ptII/ptolemy/domains/continuous/test/auto/HierarchicalExecution.xml
1921 ms. Memory: 647168K Free: 517500K (80%)
----------------- Invoking toplevel() on ptolemy.moml.MoMLSimpleApplication@758676a0
----------------- Done invoking toplevel() on ptolemy.moml.MoMLSimpleApplication@758676a0
reloadAllAccessors: .HierarchicalExecution

===========================================================================================
----------------- testing Mon Feb 04 03:27:16 UTC 2019 /home/travis/build/icyphy/ptII/ptolemy/domains/continuous/test/auto/HybridPlant.xml
----------------- Instantiating /home/travis/build/icyphy/ptII/ptolemy/domains/continuous/test/auto/HybridPlant.xml
505 ms. Memory: 647168K Free: 241965K (37%)
----------------- Invoking toplevel() on ptolemy.moml.MoMLSimpleApplication@2208c4a1
----------------- Done invoking toplevel() on ptolemy.moml.MoMLSimpleApplication@2208c4a1
reloadAllAccessors: .HybridPlant

===========================================================================================
----------------- testing Mon Feb 04 03:27:16 UTC 2019 /home/travis/build/icyphy/ptII/ptolemy/domains/continuous/test/auto/Hysteresis.xml
----------------- Instantiating /home/travis/build/icyphy/ptII/ptolemy/domains/continuous/test/auto/Hysteresis.xml
133 ms. Memory: 647168K Free: 173707K (27%)
----------------- Invoking toplevel() on ptolemy.moml.MoMLSimpleApplication@60e4b449
----------------- Done invoking toplevel() on ptolemy.moml.MoMLSimpleApplication@60e4b449
reloadAllAccessors: .Hysteresis

===========================================================================================
----------------- testing Mon Feb 04 03:27:16 UTC 2019 /home/travis/build/icyphy/ptII/ptolemy/domains/continuous/test/auto/HysteresisWithRandomDelay.xml
----------------- Instantiating /home/travis/build/icyphy/ptII/ptolemy/domains/continuous/test/auto/HysteresisWithRandomDelay.xml
164 ms. Memory: 647168K Free: 94484K (15%)
----------------- Invoking toplevel() on ptolemy.moml.MoMLSimpleApplication@1798ec06
----------------- Done invoking toplevel() on ptolemy.moml.MoMLSimpleApplication@1798ec06
reloadAllAccessors: .HysteresisWithRandomDelay

===========================================================================================
----------------- testing Mon Feb 04 03:27:17 UTC 2019 /home/travis/build/icyphy/ptII/ptolemy/domains/continuous/test/auto/HysteresisWithRandomLosses.xml
----------------- Instantiating /home/travis/build/icyphy/ptII/ptolemy/domains/continuous/test/auto/HysteresisWithRandomLosses.xml
2316 ms. Memory: 589312K Free: 377224K (64%)
----------------- Invoking toplevel() on ptolemy.moml.MoMLSimpleApplication@3e115a8a
----------------- Done invoking toplevel() on ptolemy.moml.MoMLSimpleApplication@3e115a8a
reloadAllAccessors: .HysteresisWithRandomLosses

===========================================================================================
----------------- testing Mon Feb 04 03:27:19 UTC 2019 /home/travis/build/icyphy/ptII/ptolemy/domains/continuous/test/auto/ImmediateTransitions.xml
----------------- Instantiating /home/travis/build/icyphy/ptII/ptolemy/domains/continuous/test/auto/ImmediateTransitions.xml
9 ms. Memory: 589312K Free: 364701K (62%)
----------------- Invoking toplevel() on ptolemy.moml.MoMLSimpleApplication@271918b
----------------- Done invoking toplevel() on ptolemy.moml.MoMLSimpleApplication@271918b
reloadAllAccessors: .ImmediateTransitions

===========================================================================================
----------------- testing Mon Feb 04 03:27:19 UTC 2019 /home/travis/build/icyphy/ptII/ptolemy/domains/continuous/test/auto/ImpulseFeedback.xml
----------------- Instantiating /home/travis/build/icyphy/ptII/ptolemy/domains/continuous/test/auto/ImpulseFeedback.xml
10 ms. Memory: 589312K Free: 353465K (60%)
----------------- Invoking toplevel() on ptolemy.moml.MoMLSimpleApplication@6db153cf
----------------- Done invoking toplevel() on ptolemy.moml.MoMLSimpleApplication@6db153cf
reloadAllAccessors: .ImpulseFeedback

===========================================================================================
----------------- testing Mon Feb 04 03:27:19 UTC 2019 /home/travis/build/icyphy/ptII/ptolemy/domains/continuous/test/auto/ImpulseFeedback2.xml
----------------- Instantiating /home/travis/build/icyphy/ptII/ptolemy/domains/continuous/test/auto/ImpulseFeedback2.xml
6 ms. Memory: 589312K Free: 342448K (58%)
----------------- Invoking toplevel() on ptolemy.moml.MoMLSimpleApplication@1d73115b
----------------- Done invoking toplevel() on ptolemy.moml.MoMLSimpleApplication@1d73115b
reloadAllAccessors: .ImpulseFeedback2

===========================================================================================
----------------- testing Mon Feb 04 03:27:19 UTC 2019 /home/travis/build/icyphy/ptII/ptolemy/domains/continuous/test/auto/IncreasingRatePoisson.xml
----------------- Instantiating /home/travis/build/icyphy/ptII/ptolemy/domains/continuous/test/auto/IncreasingRatePoisson.xml
632 ms. Memory: 574464K Free: 533783K (93%)
----------------- Invoking toplevel() on ptolemy.moml.MoMLSimpleApplication@17345b35
----------------- Done invoking toplevel() on ptolemy.moml.MoMLSimpleApplication@17345b35
reloadAllAccessors: .IncreasingRatePoisson

===========================================================================================
----------------- testing Mon Feb 04 03:27:20 UTC 2019 /home/travis/build/icyphy/ptII/ptolemy/domains/continuous/test/auto/InitialStateFeedback.xml
----------------- Instantiating /home/travis/build/icyphy/ptII/ptolemy/domains/continuous/test/auto/InitialStateFeedback.xml
4 ms. Memory: 574464K Free: 524727K (91%)
----------------- Invoking toplevel() on ptolemy.moml.MoMLSimpleApplication@333993bb
----------------- Done invoking toplevel() on ptolemy.moml.MoMLSimpleApplication@333993bb
reloadAllAccessors: .InitialStateFeedback

===========================================================================================
----------------- testing Mon Feb 04 03:27:20 UTC 2019 /home/travis/build/icyphy/ptII/ptolemy/domains/continuous/test/auto/Integration.xml
----------------- Instantiating /home/travis/build/icyphy/ptII/ptolemy/domains/continuous/test/auto/Integration.xml
6 ms. Memory: 574464K Free: 517349K (90%)
----------------- Invoking toplevel() on ptolemy.moml.MoMLSimpleApplication@658b74f5
----------------- Done invoking toplevel() on ptolemy.moml.MoMLSimpleApplication@658b74f5
reloadAllAccessors: .Integration

===========================================================================================
----------------- testing Mon Feb 04 03:27:20 UTC 2019 /home/travis/build/icyphy/ptII/ptolemy/domains/continuous/test/auto/Integration2.xml
----------------- Instantiating /home/travis/build/icyphy/ptII/ptolemy/domains/continuous/test/auto/Integration2.xml
85 ms. Memory: 574464K Free: 497193K (87%)
----------------- Invoking toplevel() on ptolemy.moml.MoMLSimpleApplication@108f4134
----------------- Done invoking toplevel() on ptolemy.moml.MoMLSimpleApplication@108f4134
reloadAllAccessors: .Integration2

===========================================================================================
----------------- testing Mon Feb 04 03:27:20 UTC 2019 /home/travis/build/icyphy/ptII/ptolemy/domains/continuous/test/auto/Integration3.xml
----------------- Instantiating /home/travis/build/icyphy/ptII/ptolemy/domains/continuous/test/auto/Integration3.xml
2 ms. Memory: 574464K Free: 489816K (85%)
----------------- Invoking toplevel() on ptolemy.moml.MoMLSimpleApplication@51a9d550
----------------- Done invoking toplevel() on ptolemy.moml.MoMLSimpleApplication@51a9d550
reloadAllAccessors: .Integration3

===========================================================================================
----------------- testing Mon Feb 04 03:27:20 UTC 2019 /home/travis/build/icyphy/ptII/ptolemy/domains/continuous/test/auto/Integration5.xml
----------------- Instantiating /home/travis/build/icyphy/ptII/ptolemy/domains/continuous/test/auto/Integration5.xml
2 ms. Memory: 574464K Free: 482592K (84%)
----------------- Invoking toplevel() on ptolemy.moml.MoMLSimpleApplication@563806d1
----------------- Done invoking toplevel() on ptolemy.moml.MoMLSimpleApplication@563806d1
reloadAllAccessors: .Integration5

===========================================================================================
----------------- testing Mon Feb 04 03:27:20 UTC 2019 /home/travis/build/icyphy/ptII/ptolemy/domains/continuous/test/auto/IntegratorImpulse.xml
----------------- Instantiating /home/travis/build/icyphy/ptII/ptolemy/domains/continuous/test/auto/IntegratorImpulse.xml
2 ms. Memory: 574464K Free: 475214K (83%)
----------------- Invoking toplevel() on ptolemy.moml.MoMLSimpleApplication@746db563
----------------- Done invoking toplevel() on ptolemy.moml.MoMLSimpleApplication@746db563
reloadAllAccessors: .IntegratorImpulse

===========================================================================================
----------------- testing Mon Feb 04 03:27:20 UTC 2019 /home/travis/build/icyphy/ptII/ptolemy/domains/continuous/test/auto/IntegratorImpulse2.xml
----------------- Instantiating /home/travis/build/icyphy/ptII/ptolemy/domains/continuous/test/auto/IntegratorImpulse2.xml
3 ms. Memory: 574464K Free: 467837K (81%)
----------------- Invoking toplevel() on ptolemy.moml.MoMLSimpleApplication@6e7b457e
----------------- Done invoking toplevel() on ptolemy.moml.MoMLSimpleApplication@6e7b457e
reloadAllAccessors: .IntegratorImpulse2

===========================================================================================
----------------- testing Mon Feb 04 03:27:20 UTC 2019 /home/travis/build/icyphy/ptII/ptolemy/domains/continuous/test/auto/LevelCrossing1.xml
----------------- Instantiating /home/travis/build/icyphy/ptII/ptolemy/domains/continuous/test/auto/LevelCrossing1.xml
2 ms. Memory: 574464K Free: 457368K (80%)
----------------- Invoking toplevel() on ptolemy.moml.MoMLSimpleApplication@2c6e85d0
----------------- Done invoking toplevel() on ptolemy.moml.MoMLSimpleApplication@2c6e85d0
reloadAllAccessors: .LevelCrossing1

===========================================================================================
----------------- testing Mon Feb 04 03:27:20 UTC 2019 /home/travis/build/icyphy/ptII/ptolemy/domains/continuous/test/auto/LevelCrossing2.xml
----------------- Instantiating /home/travis/build/icyphy/ptII/ptolemy/domains/continuous/test/auto/LevelCrossing2.xml
2 ms. Memory: 574464K Free: 446762K (78%)
----------------- Invoking toplevel() on ptolemy.moml.MoMLSimpleApplication@438c9b63
----------------- Done invoking toplevel() on ptolemy.moml.MoMLSimpleApplication@438c9b63
reloadAllAccessors: .LevelCrossing2

===========================================================================================
----------------- testing Mon Feb 04 03:27:20 UTC 2019 /home/travis/build/icyphy/ptII/ptolemy/domains/continuous/test/auto/LevelCrossing3.xml
----------------- Instantiating /home/travis/build/icyphy/ptII/ptolemy/domains/continuous/test/auto/LevelCrossing3.xml
2 ms. Memory: 574464K Free: 436300K (76%)
----------------- Invoking toplevel() on ptolemy.moml.MoMLSimpleApplication@4160a43
----------------- Done invoking toplevel() on ptolemy.moml.MoMLSimpleApplication@4160a43
reloadAllAccessors: .LevelCrossing3

===========================================================================================
----------------- testing Mon Feb 04 03:27:20 UTC 2019 /home/travis/build/icyphy/ptII/ptolemy/domains/continuous/test/auto/LevelCrossing4.xml
----------------- Instantiating /home/travis/build/icyphy/ptII/ptolemy/domains/continuous/test/auto/LevelCrossing4.xml
2 ms. Memory: 574464K Free: 425678K (74%)
----------------- Invoking toplevel() on ptolemy.moml.MoMLSimpleApplication@7f45dd9e
----------------- Done invoking toplevel() on ptolemy.moml.MoMLSimpleApplication@7f45dd9e
reloadAllAccessors: .LevelCrossing4

===========================================================================================
----------------- testing Mon Feb 04 03:27:20 UTC 2019 /home/travis/build/icyphy/ptII/ptolemy/domains/continuous/test/auto/LevelCrossing5.xml
----------------- Instantiating /home/travis/build/icyphy/ptII/ptolemy/domains/continuous/test/auto/LevelCrossing5.xml
3 ms. Memory: 574464K Free: 415056K (72%)
----------------- Invoking toplevel() on ptolemy.moml.MoMLSimpleApplication@397cfb1b
----------------- Done invoking toplevel() on ptolemy.moml.MoMLSimpleApplication@397cfb1b
reloadAllAccessors: .LevelCrossing5

===========================================================================================
[...]
----------------- testing Mon Feb 04 03:27:37 UTC 2019 /home/travis/build/icyphy/ptII/ptolemy/domains/continuous/test/auto/SRinContinuous.xml
----------------- Instantiating /home/travis/build/icyphy/ptII/ptolemy/domains/continuous/test/auto/SRinContinuous.xml
4 ms. Memory: 651776K Free: 455414K (70%)
----------------- Invoking toplevel() on ptolemy.moml.MoMLSimpleApplication@414e6681
----------------- Done invoking toplevel() on ptolemy.moml.MoMLSimpleApplication@414e6681
reloadAllAccessors: .SRinContinuous

===========================================================================================
----------------- testing Mon Feb 04 03:27:37 UTC 2019 /home/travis/build/icyphy/ptII/ptolemy/domains/continuous/test/auto/SampledClocks.xml
----------------- Instantiating /home/travis/build/icyphy/ptII/ptolemy/domains/continuous/test/auto/SampledClocks.xml
4 ms. Memory: 651776K Free: 437572K (67%)
----------------- Invoking toplevel() on ptolemy.moml.MoMLSimpleApplication@33832f52
----------------- Done invoking toplevel() on ptolemy.moml.MoMLSimpleApplication@33832f52
reloadAllAccessors: .SampledClocks

===========================================================================================
----------------- testing Mon Feb 04 03:27:37 UTC 2019 /home/travis/build/icyphy/ptII/ptolemy/domains/continuous/test/auto/Satellite.xml
----------------- Instantiating /home/travis/build/icyphy/ptII/ptolemy/domains/continuous/test/auto/Satellite.xml
825 ms. Memory: 651776K Free: 259498K (40%)
----------------- Invoking toplevel() on ptolemy.moml.MoMLSimpleApplication@3f25e02e
----------------- Done invoking toplevel() on ptolemy.moml.MoMLSimpleApplication@3f25e02e
reloadAllAccessors: .Satellite

===========================================================================================
----------------- testing Mon Feb 04 03:27:38 UTC 2019 /home/travis/build/icyphy/ptII/ptolemy/domains/continuous/test/auto/SigmaDelta.xml
----------------- Instantiating /home/travis/build/icyphy/ptII/ptolemy/domains/continuous/test/auto/SigmaDelta.xml
2219 ms. Memory: 624640K Free: 412929K (66%)
----------------- Invoking toplevel() on ptolemy.moml.MoMLSimpleApplication@59634268
----------------- Done invoking toplevel() on ptolemy.moml.MoMLSimpleApplication@59634268
reloadAllAccessors: .SigmaDelta

===========================================================================================
----------------- testing Mon Feb 04 03:27:40 UTC 2019 /home/travis/build/icyphy/ptII/ptolemy/domains/continuous/test/auto/SingleRefinement.xml
----------------- Instantiating /home/travis/build/icyphy/ptII/ptolemy/domains/continuous/test/auto/SingleRefinement.xml
278 ms. Memory: 624640K Free: 224753K (36%)
----------------- Invoking toplevel() on ptolemy.moml.MoMLSimpleApplication@5767c7f8
----------------- Done invoking toplevel() on ptolemy.moml.MoMLSimpleApplication@5767c7f8
reloadAllAccessors: .SingleRefinement

===========================================================================================
----------------- testing Mon Feb 04 03:27:41 UTC 2019 /home/travis/build/icyphy/ptII/ptolemy/domains/continuous/test/auto/SinuBouncingBall.xml
----------------- Instantiating /home/travis/build/icyphy/ptII/ptolemy/domains/continuous/test/auto/SinuBouncingBall.xml
781 ms. Memory: 593408K Free: 504934K (85%)
----------------- Invoking toplevel() on ptolemy.moml.MoMLSimpleApplication@55f9f3d9
----------------- Done invoking toplevel() on ptolemy.moml.MoMLSimpleApplication@55f9f3d9
reloadAllAccessors: .SinuBouncingBall

===========================================================================================
----------------- testing Mon Feb 04 03:27:41 UTC 2019 /home/travis/build/icyphy/ptII/ptolemy/domains/continuous/test/auto/Sinusoid.xml
----------------- Instantiating /home/travis/build/icyphy/ptII/ptolemy/domains/continuous/test/auto/Sinusoid.xml
4 ms. Memory: 593408K Free: 495559K (84%)
----------------- Invoking toplevel() on ptolemy.moml.MoMLSimpleApplication@7b1257b
----------------- Done invoking toplevel() on ptolemy.moml.MoMLSimpleApplication@7b1257b
reloadAllAccessors: .Sinusoid

===========================================================================================
----------------- testing Mon Feb 04 03:27:41 UTC 2019 /home/travis/build/icyphy/ptII/ptolemy/domains/continuous/test/auto/SinusoidInNoise.xml
----------------- Instantiating /home/travis/build/icyphy/ptII/ptolemy/domains/continuous/test/auto/SinusoidInNoise.xml
905 ms. Memory: 593408K Free: 297210K (50%)
----------------- Invoking toplevel() on ptolemy.moml.MoMLSimpleApplication@4b330f2a
----------------- Done invoking toplevel() on ptolemy.moml.MoMLSimpleApplication@4b330f2a
reloadAllAccessors: .SinusoidInNoise

===========================================================================================
----------------- testing Mon Feb 04 03:27:42 UTC 2019 /home/travis/build/icyphy/ptII/ptolemy/domains/continuous/test/auto/SinusoidRK45.xml
----------------- Instantiating /home/travis/build/icyphy/ptII/ptolemy/domains/continuous/test/auto/SinusoidRK45.xml
2 ms. Memory: 593408K Free: 289531K (49%)
----------------- Invoking toplevel() on ptolemy.moml.MoMLSimpleApplication@309f032c
----------------- Done invoking toplevel() on ptolemy.moml.MoMLSimpleApplication@309f032c
reloadAllAccessors: .SinusoidRK45

===========================================================================================
----------------- testing Mon Feb 04 03:27:42 UTC 2019 /home/travis/build/icyphy/ptII/ptolemy/domains/continuous/test/auto/SinusoidWithMultipleImpulses.xml
----------------- Instantiating /home/travis/build/icyphy/ptII/ptolemy/domains/continuous/test/auto/SinusoidWithMultipleImpulses.xml
3 ms. Memory: 593408K Free: 281764K (47%)
----------------- Invoking toplevel() on ptolemy.moml.MoMLSimpleApplication@772db1e6
----------------- Done invoking toplevel() on ptolemy.moml.MoMLSimpleApplication@772db1e6
reloadAllAccessors: .SinusoidWithMultipleImpulses

===========================================================================================
----------------- testing Mon Feb 04 03:27:42 UTC 2019 /home/travis/build/icyphy/ptII/ptolemy/domains/continuous/test/auto/SquareWave.xml
----------------- Instantiating /home/travis/build/icyphy/ptII/ptolemy/domains/continuous/test/auto/SquareWave.xml
156 ms. Memory: 593408K Free: 250143K (42%)
----------------- Invoking toplevel() on ptolemy.moml.MoMLSimpleApplication@17d4fd98
----------------- Done invoking toplevel() on ptolemy.moml.MoMLSimpleApplication@17d4fd98
reloadAllAccessors: .SquareWave

===========================================================================================
----------------- testing Mon Feb 04 03:27:43 UTC 2019 /home/travis/build/icyphy/ptII/ptolemy/domains/continuous/test/auto/Starmac.xml
----------------- Instantiating /home/travis/build/icyphy/ptII/ptolemy/domains/continuous/test/auto/Starmac.xml
3057 ms. Memory: 572416K Free: 381475K (67%)
----------------- Invoking toplevel() on ptolemy.moml.MoMLSimpleApplication@6559ae56
----------------- Done invoking toplevel() on ptolemy.moml.MoMLSimpleApplication@6559ae56
reloadAllAccessors: .Starmac

===========================================================================================
----------------- testing Mon Feb 04 03:27:46 UTC 2019 /home/travis/build/icyphy/ptII/ptolemy/domains/continuous/test/auto/StaticUnits.xml
----------------- Instantiating /home/travis/build/icyphy/ptII/ptolemy/domains/continuous/test/auto/StaticUnits.xml
2455 ms. Memory: 549888K Free: 389888K (71%)
----------------- Invoking toplevel() on ptolemy.moml.MoMLSimpleApplication@34b7bf87
----------------- Done invoking toplevel() on ptolemy.moml.MoMLSimpleApplication@34b7bf87
reloadAllAccessors: .StaticUnits

===========================================================================================
----------------- testing Mon Feb 04 03:27:49 UTC 2019 /home/travis/build/icyphy/ptII/ptolemy/domains/continuous/test/auto/StickyMasses.xml
----------------- Instantiating /home/travis/build/icyphy/ptII/ptolemy/domains/continuous/test/auto/StickyMasses.xml
146 ms. Memory: 549888K Free: 333531K (61%)
----------------- Invoking toplevel() on ptolemy.moml.MoMLSimpleApplication@4be6fcc
----------------- Done invoking toplevel() on ptolemy.moml.MoMLSimpleApplication@4be6fcc
reloadAllAccessors: .StickyMasses

===========================================================================================
----------------- testing Mon Feb 04 03:27:49 UTC 2019 /home/travis/build/icyphy/ptII/ptolemy/domains/continuous/test/auto/StopTime.xml
----------------- Instantiating /home/travis/build/icyphy/ptII/ptolemy/domains/continuous/test/auto/StopTime.xml
39 ms. Memory: 549888K Free: 304662K (55%)
----------------- Invoking toplevel() on ptolemy.moml.MoMLSimpleApplication@5b249a83
----------------- Done invoking toplevel() on ptolemy.moml.MoMLSimpleApplication@5b249a83
reloadAllAccessors: .StopTime

===========================================================================================
----------------- testing Mon Feb 04 03:27:49 UTC 2019 /home/travis/build/icyphy/ptII/ptolemy/domains/continuous/test/auto/StopTime2.xml
----------------- Instantiating /home/travis/build/icyphy/ptII/ptolemy/domains/continuous/test/auto/StopTime2.xml
32 ms. Memory: 549888K Free: 278109K (51%)
----------------- Invoking toplevel() on ptolemy.moml.MoMLSimpleApplication@2c17dc40
----------------- Done invoking toplevel() on ptolemy.moml.MoMLSimpleApplication@2c17dc40
reloadAllAccessors: .StopTime2

===========================================================================================
----------------- testing Mon Feb 04 03:27:49 UTC 2019 /home/travis/build/icyphy/ptII/ptolemy/domains/continuous/test/auto/Switch.xml
----------------- Instantiating /home/travis/build/icyphy/ptII/ptolemy/domains/continuous/test/auto/Switch.xml
38 ms. Memory: 549888K Free: 249248K (45%)
----------------- Invoking toplevel() on ptolemy.moml.MoMLSimpleApplication@57abf372
----------------- Done invoking toplevel() on ptolemy.moml.MoMLSimpleApplication@57abf372
reloadAllAccessors: .Switch

===========================================================================================
----------------- testing Mon Feb 04 03:27:49 UTC 2019 /home/travis/build/icyphy/ptII/ptolemy/domains/continuous/test/auto/Thermostat.xml
----------------- Instantiating /home/travis/build/icyphy/ptII/ptolemy/domains/continuous/test/auto/Thermostat.xml
177 ms. Memory: 549888K Free: 173846K (32%)
----------------- Invoking toplevel() on ptolemy.moml.MoMLSimpleApplication@13f0ab8c
----------------- Done invoking toplevel() on ptolemy.moml.MoMLSimpleApplication@13f0ab8c
reloadAllAccessors: .Thermostat

===========================================================================================
----------------- testing Mon Feb 04 03:27:49 UTC 2019 /home/travis/build/icyphy/ptII/ptolemy/domains/continuous/test/auto/TimeDelay.xml
----------------- Instantiating /home/travis/build/icyphy/ptII/ptolemy/domains/continuous/test/auto/TimeDelay.xml
6 ms. Memory: 549888K Free: 165932K (30%)
----------------- Invoking toplevel() on ptolemy.moml.MoMLSimpleApplication@6f6e2cdc
----------------- Done invoking toplevel() on ptolemy.moml.MoMLSimpleApplication@6f6e2cdc
reloadAllAccessors: .TimeDelay

===========================================================================================
----------------- testing Mon Feb 04 03:27:49 UTC 2019 /home/travis/build/icyphy/ptII/ptolemy/domains/continuous/test/auto/TimeDelay2.xml
----------------- Instantiating /home/travis/build/icyphy/ptII/ptolemy/domains/continuous/test/auto/TimeDelay2.xml
8 ms. Memory: 549888K Free: 158009K (29%)
----------------- Invoking toplevel() on ptolemy.moml.MoMLSimpleApplication@28499b32
----------------- Done invoking toplevel() on ptolemy.moml.MoMLSimpleApplication@28499b32
reloadAllAccessors: .TimeDelay2

===========================================================================================
----------------- testing Mon Feb 04 03:27:50 UTC 2019 /home/travis/build/icyphy/ptII/ptolemy/domains/continuous/test/auto/TimeDelay3.xml
----------------- Instantiating /home/travis/build/icyphy/ptII/ptolemy/domains/continuous/test/auto/TimeDelay3.xml
6 ms. Memory: 549888K Free: 150094K (27%)
----------------- Invoking toplevel() on ptolemy.moml.MoMLSimpleApplication@260b45ab
----------------- Done invoking toplevel() on ptolemy.moml.MoMLSimpleApplication@260b45ab
reloadAllAccessors: .TimeDelay3

===========================================================================================
----------------- testing Mon Feb 04 03:27:50 UTC 2019 /home/travis/build/icyphy/ptII/ptolemy/domains/continuous/test/auto/TransferAbsentToInside.xml
----------------- Instantiating /home/travis/build/icyphy/ptII/ptolemy/domains/continuous/test/auto/TransferAbsentToInside.xml
26 ms. Memory: 549888K Free: 93272K (17%)
----------------- Invoking toplevel() on ptolemy.moml.MoMLSimpleApplication@6f683598
----------------- Done invoking toplevel() on ptolemy.moml.MoMLSimpleApplication@6f683598
reloadAllAccessors: .TransferAbsentToInside

===========================================================================================
----------------- testing Mon Feb 04 03:27:50 UTC 2019 /home/travis/build/icyphy/ptII/ptolemy/domains/continuous/test/auto/Transmission.xml
----------------- Instantiating /home/travis/build/icyphy/ptII/ptolemy/domains/continuous/test/auto/Transmission.xml
855 ms. Memory: 494080K Free: 331628K (67%)
----------------- Invoking toplevel() on ptolemy.moml.MoMLSimpleApplication@63b365d
----------------- Done invoking toplevel() on ptolemy.moml.MoMLSimpleApplication@63b365d
reloadAllAccessors: .Transmission

===========================================================================================
----------------- testing Mon Feb 04 03:27:51 UTC 2019 /home/travis/build/icyphy/ptII/ptolemy/domains/continuous/test/auto/TriggeredContinuousClock.xml
----------------- Instantiating /home/travis/build/icyphy/ptII/ptolemy/domains/continuous/test/auto/TriggeredContinuousClock.xml
35 ms. Memory: 494080K Free: 298335K (60%)
----------------- Invoking toplevel() on ptolemy.moml.MoMLSimpleApplication@7e02e21
----------------- Done invoking toplevel() on ptolemy.moml.MoMLSimpleApplication@7e02e21
reloadAllAccessors: .TriggeredContinuousClock

===========================================================================================
----------------- testing Mon Feb 04 03:27:51 UTC 2019 /home/travis/build/icyphy/ptII/ptolemy/domains/continuous/test/auto/TwoMachineInfiniteBusControl.xml
----------------- Instantiating /home/travis/build/icyphy/ptII/ptolemy/domains/continuous/test/auto/TwoMachineInfiniteBusControl.xml
2751 ms. Memory: 474624K Free: 177274K (37%)
----------------- Invoking toplevel() on ptolemy.moml.MoMLSimpleApplication@46b84ac2
----------------- Done invoking toplevel() on ptolemy.moml.MoMLSimpleApplication@46b84ac2
reloadAllAccessors: .TwoMachineInfiniteBusControl

===========================================================================================
----------------- testing Mon Feb 04 03:27:53 UTC 2019 /home/travis/build/icyphy/ptII/ptolemy/domains/continuous/test/auto/V2V.xml
----------------- Instantiating /home/travis/build/icyphy/ptII/ptolemy/domains/continuous/test/auto/V2V.xml
668 ms. Memory: 454144K Free: 380575K (84%)
----------------- Invoking toplevel() on ptolemy.moml.MoMLSimpleApplication@3a3a55f3
----------------- Done invoking toplevel() on ptolemy.moml.MoMLSimpleApplication@3a3a55f3
reloadAllAccessors: .V2V

===========================================================================================
----------------- testing Mon Feb 04 03:27:54 UTC 2019 /home/travis/build/icyphy/ptII/ptolemy/domains/continuous/test/auto/hierarchicalModalModel.xml
----------------- Instantiating /home/travis/build/icyphy/ptII/ptolemy/domains/continuous/test/auto/hierarchicalModalModel.xml
7 ms. Memory: 454144K Free: 362127K (80%)
----------------- Invoking toplevel() on ptolemy.moml.MoMLSimpleApplication@76cf429c
----------------- Done invoking toplevel() on ptolemy.moml.MoMLSimpleApplication@76cf429c
reloadAllAccessors: .hierarchicalModalModel

===========================================================================================
----------------- testing Mon Feb 04 03:27:54 UTC 2019 /home/travis/build/icyphy/ptII/ptolemy/domains/continuous/test/auto/hierarchicalModalModel1.xml
----------------- Instantiating /home/travis/build/icyphy/ptII/ptolemy/domains/continuous/test/auto/hierarchicalModalModel1.xml
7 ms. Memory: 454144K Free: 345019K (76%)
----------------- Invoking toplevel() on ptolemy.moml.MoMLSimpleApplication@837e3ee
----------------- Done invoking toplevel() on ptolemy.moml.MoMLSimpleApplication@837e3ee
reloadAllAccessors: .hierarchicalModalModel1

===========================================================================================
----------------- testing Mon Feb 04 03:27:54 UTC 2019 /home/travis/build/icyphy/ptII/ptolemy/domains/continuous/test/auto/hierarchicalModalModel2.xml
----------------- Instantiating /home/travis/build/icyphy/ptII/ptolemy/domains/continuous/test/auto/hierarchicalModalModel2.xml
5 ms. Memory: 454144K Free: 329949K (73%)
----------------- Invoking toplevel() on ptolemy.moml.MoMLSimpleApplication@1828f564
----------------- Done invoking toplevel() on ptolemy.moml.MoMLSimpleApplication@1828f564
reloadAllAccessors: .hierarchicalModalModel2

===========================================================================================
----------------- testing Mon Feb 04 03:27:54 UTC 2019 /home/travis/build/icyphy/ptII/ptolemy/domains/continuous/test/auto/hierarchicalModalModel3.xml
----------------- Instantiating /home/travis/build/icyphy/ptII/ptolemy/domains/continuous/test/auto/hierarchicalModalModel3.xml
6 ms. Memory: 454144K Free: 314870K (69%)
----------------- Invoking toplevel() on ptolemy.moml.MoMLSimpleApplication@a920572
----------------- Done invoking toplevel() on ptolemy.moml.MoMLSimpleApplication@a920572
reloadAllAccessors: .hierarchicalModalModel3

===========================================================================================
----------------- testing Mon Feb 04 03:27:54 UTC 2019 /home/travis/build/icyphy/ptII/ptolemy/domains/continuous/test/auto/hierarchicalModalModel4.xml
----------------- Instantiating /home/travis/build/icyphy/ptII/ptolemy/domains/continuous/test/auto/hierarchicalModalModel4.xml
4 ms. Memory: 454144K Free: 301804K (66%)
----------------- Invoking toplevel() on ptolemy.moml.MoMLSimpleApplication@3eec5513
----------------- Done invoking toplevel() on ptolemy.moml.MoMLSimpleApplication@3eec5513
reloadAllAccessors: .hierarchicalModalModel4

===========================================================================================
----------------- testing Mon Feb 04 03:27:54 UTC 2019 /home/travis/build/icyphy/ptII/ptolemy/domains/continuous/test/auto/junk.xml
----------------- Instantiating /home/travis/build/icyphy/ptII/ptolemy/domains/continuous/test/auto/junk.xml
140 ms. Memory: 454144K Free: 270643K (60%)
----------------- Invoking toplevel() on ptolemy.moml.MoMLSimpleApplication@7eee8395
----------------- Done invoking toplevel() on ptolemy.moml.MoMLSimpleApplication@7eee8395
reloadAllAccessors: .junk
AutoTests.java: About to close Vertx.
AutoTests.java: Vertx closed.
]]></system-out>
  <system-err><![CDATA[Warning: '.HysteresisWithRandomDelay.NonStrictTest3' The test produced only 27 tokens, yet the correctValues parameter was expecting 30 tokens.
Warning: '.IncreasingRatePoisson.NonStrictTest' The test produced only 372 tokens, yet the correctValues parameter was expecting 402 tokens.
Warning: '.Poisson.NonStrictTest' The test produced only 383 tokens, yet the correctValues parameter was expecting 430 tokens.
]]></system-err>
</testsuite>
