<?xml version="1.0" encoding="UTF-8" ?>
<testsuite errors="0" failures="0" hostname="travis-job-cf25aa27-dbcd-4d2e-ad87-5d14f94c6855" name="ptolemy.actor.lib.hoc.test.junit.JUnitTclTest" skipped="0" tests="58" time="32.956" timestamp="2019-10-18T06:00:17">
  <properties>
[...]
</properties>
  <testcase classname="ptolemy.util.test.junit.TclTests" name="[0] /home/travis/build/icyphy/ptII/ptolemy/actor/lib/hoc/test/IterateOverArray.tcl (RunTclFile)" time="0.404" />
  <testcase classname="ptolemy.util.test.junit.AutoKnownFailedTests" name="[0] /home/travis/build/icyphy/ptII/ptolemy/actor/lib/hoc/test/auto/knownFailedTests/PreinitializeMustBeInvokedRunComposite.xml (RunModel)" time="0.422" />
  <testcase classname="ptolemy.util.test.junit.AutoNameArchTests" name="[0] ThereAreNoAutoArchTests (RunModel)" time="0.004" />
  <testcase classname="ptolemy.util.test.junit.AutoTests" name="[0] /home/travis/build/icyphy/ptII/ptolemy/actor/lib/hoc/test/auto/AllToAllMultiInstanceComposite.xml (RunModel)" time="0.487" />
  <testcase classname="ptolemy.util.test.junit.AutoTests" name="[1] /home/travis/build/icyphy/ptII/ptolemy/actor/lib/hoc/test/auto/ApplyFFTTest.xml (RunModel)" time="0.461" />
  <testcase classname="ptolemy.util.test.junit.AutoTests" name="[2] /home/travis/build/icyphy/ptII/ptolemy/actor/lib/hoc/test/auto/ApplyFunction.xml (RunModel)" time="0.054" />
  <testcase classname="ptolemy.util.test.junit.AutoTests" name="[3] /home/travis/build/icyphy/ptII/ptolemy/actor/lib/hoc/test/auto/BackgroundExecution.xml (RunModel)" time="0.727" />
  <testcase classname="ptolemy.util.test.junit.AutoTests" name="[4] /home/travis/build/icyphy/ptII/ptolemy/actor/lib/hoc/test/auto/Case.xml (RunModel)" time="0.104" />
  <testcase classname="ptolemy.util.test.junit.AutoTests" name="[5] /home/travis/build/icyphy/ptII/ptolemy/actor/lib/hoc/test/auto/Case1.xml (RunModel)" time="0.064" />
  <testcase classname="ptolemy.util.test.junit.AutoTests" name="[6] /home/travis/build/icyphy/ptII/ptolemy/actor/lib/hoc/test/auto/Case2.xml (RunModel)" time="0.127" />
  <testcase classname="ptolemy.util.test.junit.AutoTests" name="[7] /home/travis/build/icyphy/ptII/ptolemy/actor/lib/hoc/test/auto/Case3.xml (RunModel)" time="0.045" />
  <testcase classname="ptolemy.util.test.junit.AutoTests" name="[8] /home/travis/build/icyphy/ptII/ptolemy/actor/lib/hoc/test/auto/Case4.xml (RunModel)" time="0.047" />
  <testcase classname="ptolemy.util.test.junit.AutoTests" name="[9] /home/travis/build/icyphy/ptII/ptolemy/actor/lib/hoc/test/auto/Case5.xml (RunModel)" time="0.079" />
  <testcase classname="ptolemy.util.test.junit.AutoTests" name="[10] /home/travis/build/icyphy/ptII/ptolemy/actor/lib/hoc/test/auto/Case6.xml (RunModel)" time="0.11" />
  <testcase classname="ptolemy.util.test.junit.AutoTests" name="[11] /home/travis/build/icyphy/ptII/ptolemy/actor/lib/hoc/test/auto/CaseString2.xml (RunModel)" time="0.05" />
  <testcase classname="ptolemy.util.test.junit.AutoTests" name="[12] /home/travis/build/icyphy/ptII/ptolemy/actor/lib/hoc/test/auto/CatchUpComposite1.xml (RunModel)" time="0.074" />
  <testcase classname="ptolemy.util.test.junit.AutoTests" name="[13] /home/travis/build/icyphy/ptII/ptolemy/actor/lib/hoc/test/auto/CatchUpComposite2.xml (RunModel)" time="0.077" />
  <testcase classname="ptolemy.util.test.junit.AutoTests" name="[14] /home/travis/build/icyphy/ptII/ptolemy/actor/lib/hoc/test/auto/CatchUpComposite3.xml (RunModel)" time="0.07" />
  <testcase classname="ptolemy.util.test.junit.AutoTests" name="[15] /home/travis/build/icyphy/ptII/ptolemy/actor/lib/hoc/test/auto/CatchUpComposite4.xml (RunModel)" time="0.067" />
  <testcase classname="ptolemy.util.test.junit.AutoTests" name="[16] /home/travis/build/icyphy/ptII/ptolemy/actor/lib/hoc/test/auto/CatchUpComposite5.xml (RunModel)" time="0.042" />
  <testcase classname="ptolemy.util.test.junit.AutoTests" name="[17] /home/travis/build/icyphy/ptII/ptolemy/actor/lib/hoc/test/auto/CatchUpComposite6.xml (RunModel)" time="0.191" />
  <testcase classname="ptolemy.util.test.junit.AutoTests" name="[18] /home/travis/build/icyphy/ptII/ptolemy/actor/lib/hoc/test/auto/CatchUpComposite7.xml (RunModel)" time="0.092" />
  <testcase classname="ptolemy.util.test.junit.AutoTests" name="[19] /home/travis/build/icyphy/ptII/ptolemy/actor/lib/hoc/test/auto/ConcurrentExecutionTimeSDF.xml (RunModel)" time="1.269" />
  <testcase classname="ptolemy.util.test.junit.AutoTests" name="[20] /home/travis/build/icyphy/ptII/ptolemy/actor/lib/hoc/test/auto/ConcurrentSleep.xml (RunModel)" time="0.775" />
  <testcase classname="ptolemy.util.test.junit.AutoTests" name="[21] /home/travis/build/icyphy/ptII/ptolemy/actor/lib/hoc/test/auto/DEInPNInRunCompositeActor.xml (RunModel)" time="0.034" />
  <testcase classname="ptolemy.util.test.junit.AutoTests" name="[22] /home/travis/build/icyphy/ptII/ptolemy/actor/lib/hoc/test/auto/DFTSubSetTest.xml (RunModel)" time="0.331" />
  <testcase classname="ptolemy.util.test.junit.AutoTests" name="[23] /home/travis/build/icyphy/ptII/ptolemy/actor/lib/hoc/test/auto/HocDE.xml (RunModel)" time="0.184" />
  <testcase classname="ptolemy.util.test.junit.AutoTests" name="[24] /home/travis/build/icyphy/ptII/ptolemy/actor/lib/hoc/test/auto/IterateOverArray.xml (RunModel)" time="0.028" />
  <testcase classname="ptolemy.util.test.junit.AutoTests" name="[25] /home/travis/build/icyphy/ptII/ptolemy/actor/lib/hoc/test/auto/IterateOverArray10.xml (RunModel)" time="0.032" />
  <testcase classname="ptolemy.util.test.junit.AutoTests" name="[26] /home/travis/build/icyphy/ptII/ptolemy/actor/lib/hoc/test/auto/IterateOverArray11.xml (RunModel)" time="0.022" />
  <testcase classname="ptolemy.util.test.junit.AutoTests" name="[27] /home/travis/build/icyphy/ptII/ptolemy/actor/lib/hoc/test/auto/IterateOverArray12.xml (RunModel)" time="0.035" />
  <testcase classname="ptolemy.util.test.junit.AutoTests" name="[28] /home/travis/build/icyphy/ptII/ptolemy/actor/lib/hoc/test/auto/IterateOverArray13.xml (RunModel)" time="0.156" />
  <testcase classname="ptolemy.util.test.junit.AutoTests" name="[29] /home/travis/build/icyphy/ptII/ptolemy/actor/lib/hoc/test/auto/IterateOverArray14.xml (RunModel)" time="0.171" />
  <testcase classname="ptolemy.util.test.junit.AutoTests" name="[30] /home/travis/build/icyphy/ptII/ptolemy/actor/lib/hoc/test/auto/IterateOverArray2.xml (RunModel)" time="0.041" />
  <testcase classname="ptolemy.util.test.junit.AutoTests" name="[31] /home/travis/build/icyphy/ptII/ptolemy/actor/lib/hoc/test/auto/IterateOverArray3.xml (RunModel)" time="0.047" />
  <testcase classname="ptolemy.util.test.junit.AutoTests" name="[32] /home/travis/build/icyphy/ptII/ptolemy/actor/lib/hoc/test/auto/IterateOverArray4.xml (RunModel)" time="0.023" />
  <testcase classname="ptolemy.util.test.junit.AutoTests" name="[33] /home/travis/build/icyphy/ptII/ptolemy/actor/lib/hoc/test/auto/IterateOverArray5.xml (RunModel)" time="0.021" />
  <testcase classname="ptolemy.util.test.junit.AutoTests" name="[34] /home/travis/build/icyphy/ptII/ptolemy/actor/lib/hoc/test/auto/IterateOverArray6.xml (RunModel)" time="0.015" />
  <testcase classname="ptolemy.util.test.junit.AutoTests" name="[35] /home/travis/build/icyphy/ptII/ptolemy/actor/lib/hoc/test/auto/IterateOverArray7.xml (RunModel)" time="0.021" />
  <testcase classname="ptolemy.util.test.junit.AutoTests" name="[36] /home/travis/build/icyphy/ptII/ptolemy/actor/lib/hoc/test/auto/IterateOverArray8.xml (RunModel)" time="0.025" />
  <testcase classname="ptolemy.util.test.junit.AutoTests" name="[37] /home/travis/build/icyphy/ptII/ptolemy/actor/lib/hoc/test/auto/IterateOverArray9.xml (RunModel)" time="0.027" />
  <testcase classname="ptolemy.util.test.junit.AutoTests" name="[38] /home/travis/build/icyphy/ptII/ptolemy/actor/lib/hoc/test/auto/IterateOverArrayCoercedOutputType.xml (RunModel)" time="0.039" />
  <testcase classname="ptolemy.util.test.junit.AutoTests" name="[39] /home/travis/build/icyphy/ptII/ptolemy/actor/lib/hoc/test/auto/IterateOverArrayInferredOutputType.xml (RunModel)" time="0.029" />
  <testcase classname="ptolemy.util.test.junit.AutoTests" name="[40] /home/travis/build/icyphy/ptII/ptolemy/actor/lib/hoc/test/auto/MobileFunctionTest.xml (RunModel)" time="0.022" />
  <testcase classname="ptolemy.util.test.junit.AutoTests" name="[41] /home/travis/build/icyphy/ptII/ptolemy/actor/lib/hoc/test/auto/MobileModelTest.xml (RunModel)" time="0.163" />
  <testcase classname="ptolemy.util.test.junit.AutoTests" name="[42] /home/travis/build/icyphy/ptII/ptolemy/actor/lib/hoc/test/auto/ModelReference.xml (RunModel)" time="0.087" />
  <testcase classname="ptolemy.util.test.junit.AutoTests" name="[43] /home/travis/build/icyphy/ptII/ptolemy/actor/lib/hoc/test/auto/ModelReference3.xml (RunModel)" time="0.053" />
  <testcase classname="ptolemy.util.test.junit.AutoTests" name="[44] /home/travis/build/icyphy/ptII/ptolemy/actor/lib/hoc/test/auto/ModelReference4.xml (RunModel)" time="10.036" />
  <testcase classname="ptolemy.util.test.junit.AutoTests" name="[45] /home/travis/build/icyphy/ptII/ptolemy/actor/lib/hoc/test/auto/MultiInstanceComposite.xml (RunModel)" time="0.058" />
  <testcase classname="ptolemy.util.test.junit.AutoTests" name="[46] /home/travis/build/icyphy/ptII/ptolemy/actor/lib/hoc/test/auto/MultiInstanceComposite2.xml (RunModel)" time="0.035" />
  <testcase classname="ptolemy.util.test.junit.AutoTests" name="[47] /home/travis/build/icyphy/ptII/ptolemy/actor/lib/hoc/test/auto/MulticoreExecution.xml (RunModel)" time="1.082" />
  <testcase classname="ptolemy.util.test.junit.AutoTests" name="[48] /home/travis/build/icyphy/ptII/ptolemy/actor/lib/hoc/test/auto/ParallelExecution.xml (RunModel)" time="0.932" />
  <testcase classname="ptolemy.util.test.junit.AutoTests" name="[49] /home/travis/build/icyphy/ptII/ptolemy/actor/lib/hoc/test/auto/RunCompositeActor.xml (RunModel)" time="0.042" />
  <testcase classname="ptolemy.util.test.junit.AutoTests" name="[50] /home/travis/build/icyphy/ptII/ptolemy/actor/lib/hoc/test/auto/RunCompositeActor2.xml (RunModel)" time="0.026" />
  <testcase classname="ptolemy.util.test.junit.AutoTests" name="[51] /home/travis/build/icyphy/ptII/ptolemy/actor/lib/hoc/test/auto/RunCompositeActor3.xml (RunModel)" time="0.02" />
  <testcase classname="ptolemy.util.test.junit.AutoTests" name="[52] /home/travis/build/icyphy/ptII/ptolemy/actor/lib/hoc/test/auto/RunCompositeActor4.xml (RunModel)" time="0.03" />
  <testcase classname="ptolemy.util.test.junit.AutoTests" name="[53] /home/travis/build/icyphy/ptII/ptolemy/actor/lib/hoc/test/auto/RunCompositeIterateOverArray.xml (RunModel)" time="0.027" />
  <testcase classname="ptolemy.util.test.junit.AutoTests" name="[54] /home/travis/build/icyphy/ptII/ptolemy/actor/lib/hoc/test/auto/ThreadedJS.xml (RunModel)" time="12.537" />
  <system-out><![CDATA[/home/travis/build/icyphy/ptII/ptolemy/actor/lib/hoc/test/IterateOverArray.tcl
testDefs.tcl: setting time out to 9000 seconds at Fri Oct 18 06:00:17 UTC 2019
10/18/19 06:00:17
Failed: 0  Total Tests: 2  ((Passed: 2, Newly Passed: 0)  Known Failed: 0) /home/travis/build/icyphy/ptII/ptolemy/actor/lib/hoc/test
----------------- testing (KnownFailure) /home/travis/build/icyphy/ptII/ptolemy/actor/lib/hoc/test/auto/knownFailedTests/PreinitializeMustBeInvokedRunComposite.xml
124 ms. Memory: 120832K Free: 79812K (66%)
Known Failure: java.lang.reflect.InvocationTargetException
No auto/linux-amd64/*.xml tests in /home/travis/build/icyphy/ptII/ptolemy/actor/lib/hoc/test
AutoTests.java: About to close Vertx.
AutoTests.java: Vertx closed.

===========================================================================================
----------------- testing Fri Oct 18 06:00:18 UTC 2019 /home/travis/build/icyphy/ptII/ptolemy/actor/lib/hoc/test/auto/AllToAllMultiInstanceComposite.xml
----------------- Instantiating /home/travis/build/icyphy/ptII/ptolemy/actor/lib/hoc/test/auto/AllToAllMultiInstanceComposite.xml
211 ms. Memory: 120832K Free: 105566K (87%)
----------------- Invoking toplevel() on ptolemy.moml.MoMLSimpleApplication@1e4e0feb
----------------- Done invoking toplevel() on ptolemy.moml.MoMLSimpleApplication@1e4e0feb
reloadAllAccessors: .AllToAllMultiInstanceComposite

===========================================================================================
----------------- testing Fri Oct 18 06:00:19 UTC 2019 /home/travis/build/icyphy/ptII/ptolemy/actor/lib/hoc/test/auto/ApplyFFTTest.xml
----------------- Instantiating /home/travis/build/icyphy/ptII/ptolemy/actor/lib/hoc/test/auto/ApplyFFTTest.xml
146 ms. Memory: 120832K Free: 86867K (72%)
----------------- Invoking toplevel() on ptolemy.moml.MoMLSimpleApplication@46f631c8
----------------- Done invoking toplevel() on ptolemy.moml.MoMLSimpleApplication@46f631c8
reloadAllAccessors: .ApplyFFTTest

===========================================================================================
----------------- testing Fri Oct 18 06:00:19 UTC 2019 /home/travis/build/icyphy/ptII/ptolemy/actor/lib/hoc/test/auto/ApplyFunction.xml
----------------- Instantiating /home/travis/build/icyphy/ptII/ptolemy/actor/lib/hoc/test/auto/ApplyFunction.xml
6 ms. Memory: 120832K Free: 84028K (70%)
----------------- Invoking toplevel() on ptolemy.moml.MoMLSimpleApplication@578ebe53
----------------- Done invoking toplevel() on ptolemy.moml.MoMLSimpleApplication@578ebe53
reloadAllAccessors: .ApplyFunction

===========================================================================================
----------------- testing Fri Oct 18 06:00:19 UTC 2019 /home/travis/build/icyphy/ptII/ptolemy/actor/lib/hoc/test/auto/BackgroundExecution.xml
----------------- Instantiating /home/travis/build/icyphy/ptII/ptolemy/actor/lib/hoc/test/auto/BackgroundExecution.xml
637 ms. Memory: 120832K Free: 77174K (64%)
----------------- Invoking toplevel() on ptolemy.moml.MoMLSimpleApplication@6df6bb03
----------------- Done invoking toplevel() on ptolemy.moml.MoMLSimpleApplication@6df6bb03
reloadAllAccessors: .BackgroundExecution

===========================================================================================
----------------- testing Fri Oct 18 06:00:20 UTC 2019 /home/travis/build/icyphy/ptII/ptolemy/actor/lib/hoc/test/auto/Case.xml
----------------- Instantiating /home/travis/build/icyphy/ptII/ptolemy/actor/lib/hoc/test/auto/Case.xml
29 ms. Memory: 120832K Free: 100812K (83%)
----------------- Invoking toplevel() on ptolemy.moml.MoMLSimpleApplication@46d9fb1d
----------------- Done invoking toplevel() on ptolemy.moml.MoMLSimpleApplication@46d9fb1d
reloadAllAccessors: .Case

===========================================================================================
----------------- testing Fri Oct 18 06:00:20 UTC 2019 /home/travis/build/icyphy/ptII/ptolemy/actor/lib/hoc/test/auto/Case1.xml
----------------- Instantiating /home/travis/build/icyphy/ptII/ptolemy/actor/lib/hoc/test/auto/Case1.xml
23 ms. Memory: 120832K Free: 94007K (78%)
----------------- Invoking toplevel() on ptolemy.moml.MoMLSimpleApplication@5cf4d790
----------------- Done invoking toplevel() on ptolemy.moml.MoMLSimpleApplication@5cf4d790
reloadAllAccessors: .Case1

===========================================================================================
----------------- testing Fri Oct 18 06:00:20 UTC 2019 /home/travis/build/icyphy/ptII/ptolemy/actor/lib/hoc/test/auto/Case2.xml
----------------- Instantiating /home/travis/build/icyphy/ptII/ptolemy/actor/lib/hoc/test/auto/Case2.xml
52 ms. Memory: 120832K Free: 84127K (70%)
----------------- Invoking toplevel() on ptolemy.moml.MoMLSimpleApplication@147bceaf
----------------- Done invoking toplevel() on ptolemy.moml.MoMLSimpleApplication@147bceaf
reloadAllAccessors: .Case2

===========================================================================================
----------------- testing Fri Oct 18 06:00:20 UTC 2019 /home/travis/build/icyphy/ptII/ptolemy/actor/lib/hoc/test/auto/Case3.xml
----------------- Instantiating /home/travis/build/icyphy/ptII/ptolemy/actor/lib/hoc/test/auto/Case3.xml
8 ms. Memory: 120832K Free: 78394K (65%)
----------------- Invoking toplevel() on ptolemy.moml.MoMLSimpleApplication@69a3217
----------------- Done invoking toplevel() on ptolemy.moml.MoMLSimpleApplication@69a3217
reloadAllAccessors: .Case3

===========================================================================================
----------------- testing Fri Oct 18 06:00:20 UTC 2019 /home/travis/build/icyphy/ptII/ptolemy/actor/lib/hoc/test/auto/Case4.xml
----------------- Instantiating /home/travis/build/icyphy/ptII/ptolemy/actor/lib/hoc/test/auto/Case4.xml
18 ms. Memory: 120832K Free: 70815K (59%)
----------------- Invoking toplevel() on ptolemy.moml.MoMLSimpleApplication@70496ceb
----------------- Done invoking toplevel() on ptolemy.moml.MoMLSimpleApplication@70496ceb
reloadAllAccessors: .Case4

===========================================================================================
----------------- testing Fri Oct 18 06:00:20 UTC 2019 /home/travis/build/icyphy/ptII/ptolemy/actor/lib/hoc/test/auto/Case5.xml
----------------- Instantiating /home/travis/build/icyphy/ptII/ptolemy/actor/lib/hoc/test/auto/Case5.xml
47 ms. Memory: 120832K Free: 64840K (54%)
----------------- Invoking toplevel() on ptolemy.moml.MoMLSimpleApplication@1b1d7ab3
----------------- Done invoking toplevel() on ptolemy.moml.MoMLSimpleApplication@1b1d7ab3
reloadAllAccessors: .junk

===========================================================================================
----------------- testing Fri Oct 18 06:00:20 UTC 2019 /home/travis/build/icyphy/ptII/ptolemy/actor/lib/hoc/test/auto/Case6.xml
----------------- Instantiating /home/travis/build/icyphy/ptII/ptolemy/actor/lib/hoc/test/auto/Case6.xml
51 ms. Memory: 120832K Free: 99704K (83%)
----------------- Invoking toplevel() on ptolemy.moml.MoMLSimpleApplication@406a9388
----------------- Done invoking toplevel() on ptolemy.moml.MoMLSimpleApplication@406a9388
reloadAllAccessors: .Case6

===========================================================================================
----------------- testing Fri Oct 18 06:00:21 UTC 2019 /home/travis/build/icyphy/ptII/ptolemy/actor/lib/hoc/test/auto/CaseString2.xml
----------------- Instantiating /home/travis/build/icyphy/ptII/ptolemy/actor/lib/hoc/test/auto/CaseString2.xml
9 ms. Memory: 120832K Free: 91938K (76%)
----------------- Invoking toplevel() on ptolemy.moml.MoMLSimpleApplication@71b0357f
----------------- Done invoking toplevel() on ptolemy.moml.MoMLSimpleApplication@71b0357f
reloadAllAccessors: .CaseString2

===========================================================================================
----------------- testing Fri Oct 18 06:00:21 UTC 2019 /home/travis/build/icyphy/ptII/ptolemy/actor/lib/hoc/test/auto/CatchUpComposite1.xml
----------------- Instantiating /home/travis/build/icyphy/ptII/ptolemy/actor/lib/hoc/test/auto/CatchUpComposite1.xml
31 ms. Memory: 120832K Free: 83304K (69%)
----------------- Invoking toplevel() on ptolemy.moml.MoMLSimpleApplication@2b520bb
----------------- Done invoking toplevel() on ptolemy.moml.MoMLSimpleApplication@2b520bb
reloadAllAccessors: .CatchUpComposite1

===========================================================================================
----------------- testing Fri Oct 18 06:00:21 UTC 2019 /home/travis/build/icyphy/ptII/ptolemy/actor/lib/hoc/test/auto/CatchUpComposite2.xml
----------------- Instantiating /home/travis/build/icyphy/ptII/ptolemy/actor/lib/hoc/test/auto/CatchUpComposite2.xml
14 ms. Memory: 120832K Free: 75127K (62%)
----------------- Invoking toplevel() on ptolemy.moml.MoMLSimpleApplication@18750dd
----------------- Done invoking toplevel() on ptolemy.moml.MoMLSimpleApplication@18750dd
reloadAllAccessors: .CatchUpComposite2

===========================================================================================
----------------- testing Fri Oct 18 06:00:21 UTC 2019 /home/travis/build/icyphy/ptII/ptolemy/actor/lib/hoc/test/auto/CatchUpComposite3.xml
----------------- Instantiating /home/travis/build/icyphy/ptII/ptolemy/actor/lib/hoc/test/auto/CatchUpComposite3.xml
26 ms. Memory: 120832K Free: 66898K (55%)
----------------- Invoking toplevel() on ptolemy.moml.MoMLSimpleApplication@6574489a
----------------- Done invoking toplevel() on ptolemy.moml.MoMLSimpleApplication@6574489a
reloadAllAccessors: .CatchUpComposite3

===========================================================================================
----------------- testing Fri Oct 18 06:00:21 UTC 2019 /home/travis/build/icyphy/ptII/ptolemy/actor/lib/hoc/test/auto/CatchUpComposite4.xml
----------------- Instantiating /home/travis/build/icyphy/ptII/ptolemy/actor/lib/hoc/test/auto/CatchUpComposite4.xml
19 ms. Memory: 120832K Free: 59156K (49%)
----------------- Invoking toplevel() on ptolemy.moml.MoMLSimpleApplication@4149a5b2
----------------- Done invoking toplevel() on ptolemy.moml.MoMLSimpleApplication@4149a5b2
reloadAllAccessors: .CatchUpComposite4

===========================================================================================
----------------- testing Fri Oct 18 06:00:21 UTC 2019 /home/travis/build/icyphy/ptII/ptolemy/actor/lib/hoc/test/auto/CatchUpComposite5.xml
----------------- Instantiating /home/travis/build/icyphy/ptII/ptolemy/actor/lib/hoc/test/auto/CatchUpComposite5.xml
7 ms. Memory: 120832K Free: 104605K (87%)
----------------- Invoking toplevel() on ptolemy.moml.MoMLSimpleApplication@21e75f8e
----------------- Done invoking toplevel() on ptolemy.moml.MoMLSimpleApplication@21e75f8e
reloadAllAccessors: .CatchUpComposite5

===========================================================================================
----------------- testing Fri Oct 18 06:00:21 UTC 2019 /home/travis/build/icyphy/ptII/ptolemy/actor/lib/hoc/test/auto/CatchUpComposite6.xml
----------------- Instantiating /home/travis/build/icyphy/ptII/ptolemy/actor/lib/hoc/test/auto/CatchUpComposite6.xml
WARNING: The execution aspects in this model can influence the timing of actors by delaying the 
execution, potentially changing the behavior. There is no guarantee that actors fire at the 
time they request to be fired. 
Use Ptides for deterministic DE behavior that is not influenced by execution aspects. 

97 ms. Memory: 120832K Free: 89957K (74%)
----------------- Invoking toplevel() on ptolemy.moml.MoMLSimpleApplication@3b16946
----------------- Done invoking toplevel() on ptolemy.moml.MoMLSimpleApplication@3b16946
reloadAllAccessors: .CatchUpComposite6

===========================================================================================
----------------- testing Fri Oct 18 06:00:21 UTC 2019 /home/travis/build/icyphy/ptII/ptolemy/actor/lib/hoc/test/auto/CatchUpComposite7.xml
----------------- Instantiating /home/travis/build/icyphy/ptII/ptolemy/actor/lib/hoc/test/auto/CatchUpComposite7.xml
WARNING: The execution aspects in this model can influence the timing of actors by delaying the 
execution, potentially changing the behavior. There is no guarantee that actors fire at the 
time they request to be fired. 
Use Ptides for deterministic DE behavior that is not influenced by execution aspects. 

40 ms. Memory: 120832K Free: 75988K (63%)
----------------- Invoking toplevel() on ptolemy.moml.MoMLSimpleApplication@8ed2023
----------------- Done invoking toplevel() on ptolemy.moml.MoMLSimpleApplication@8ed2023
reloadAllAccessors: .CatchUpComposite7

===========================================================================================
----------------- testing Fri Oct 18 06:00:21 UTC 2019 /home/travis/build/icyphy/ptII/ptolemy/actor/lib/hoc/test/auto/ConcurrentExecutionTimeSDF.xml
----------------- Instantiating /home/travis/build/icyphy/ptII/ptolemy/actor/lib/hoc/test/auto/ConcurrentExecutionTimeSDF.xml
Fired ExecutionTime: 40400000
Fired ExecutionTime: 40400000
Fired ExecutionTime: 40400000
Fired ExecutionTime: 40400000
Fired ExecutionTime: 40400000
Fired ExecutionTime: 40400000
Fired ExecutionTime: 40400000
Fired ExecutionTime: 40400000
Fired ExecutionTime: 40400000
Fired ExecutionTime: 40400000
Fired ExecutionTime: 40400000
Fired ExecutionTime: 40400000
Fired ExecutionTime: 40400000
Fired ExecutionTime: 40400000
Fired ExecutionTime: 40400000
Fired ExecutionTime: 40400000
Fired ExecutionTime: 40400000
Fired ExecutionTime: 40400000
Fired ExecutionTime: 40400000
Fired ExecutionTime: 40400000
1248 ms. Memory: 120832K Free: 69494K (58%)
----------------- Invoking toplevel() on ptolemy.moml.MoMLSimpleApplication@77a4d9c2
----------------- Done invoking toplevel() on ptolemy.moml.MoMLSimpleApplication@77a4d9c2
reloadAllAccessors: .ConcurrentExecutionTimeSDF

===========================================================================================
----------------- testing Fri Oct 18 06:00:23 UTC 2019 /home/travis/build/icyphy/ptII/ptolemy/actor/lib/hoc/test/auto/ConcurrentSleep.xml
----------------- Instantiating /home/travis/build/icyphy/ptII/ptolemy/actor/lib/hoc/test/auto/ConcurrentSleep.xml
739 ms. Memory: 120832K Free: 59235K (49%)
----------------- Invoking toplevel() on ptolemy.moml.MoMLSimpleApplication@3bfc2a7b
----------------- Done invoking toplevel() on ptolemy.moml.MoMLSimpleApplication@3bfc2a7b
reloadAllAccessors: .ConcurrentSleep

===========================================================================================
----------------- testing Fri Oct 18 06:00:23 UTC 2019 /home/travis/build/icyphy/ptII/ptolemy/actor/lib/hoc/test/auto/DEInPNInRunCompositeActor.xml
----------------- Instantiating /home/travis/build/icyphy/ptII/ptolemy/actor/lib/hoc/test/auto/DEInPNInRunCompositeActor.xml
12 ms. Memory: 120832K Free: 54156K (45%)
----------------- Invoking toplevel() on ptolemy.moml.MoMLSimpleApplication@2b5f6ecf
----------------- Done invoking toplevel() on ptolemy.moml.MoMLSimpleApplication@2b5f6ecf
reloadAllAccessors: .DEInPNInRunCompositeActor

===========================================================================================
----------------- testing Fri Oct 18 06:00:23 UTC 2019 /home/travis/build/icyphy/ptII/ptolemy/actor/lib/hoc/test/auto/DFTSubSetTest.xml
----------------- Instantiating /home/travis/build/icyphy/ptII/ptolemy/actor/lib/hoc/test/auto/DFTSubSetTest.xml
192 ms. Memory: 120832K Free: 76689K (63%)
----------------- Invoking toplevel() on ptolemy.moml.MoMLSimpleApplication@2883873d
----------------- Done invoking toplevel() on ptolemy.moml.MoMLSimpleApplication@2883873d
reloadAllAccessors: .DFTSubSetTest

===========================================================================================
----------------- testing Fri Oct 18 06:00:24 UTC 2019 /home/travis/build/icyphy/ptII/ptolemy/actor/lib/hoc/test/auto/HocDE.xml
----------------- Instantiating /home/travis/build/icyphy/ptII/ptolemy/actor/lib/hoc/test/auto/HocDE.xml
137 ms. Memory: 120832K Free: 51787K (43%)
----------------- Invoking toplevel() on ptolemy.moml.MoMLSimpleApplication@6a1007cb
----------------- Done invoking toplevel() on ptolemy.moml.MoMLSimpleApplication@6a1007cb
reloadAllAccessors: .HocDE

===========================================================================================
----------------- testing Fri Oct 18 06:00:24 UTC 2019 /home/travis/build/icyphy/ptII/ptolemy/actor/lib/hoc/test/auto/IterateOverArray.xml
----------------- Instantiating /home/travis/build/icyphy/ptII/ptolemy/actor/lib/hoc/test/auto/IterateOverArray.xml
5 ms. Memory: 120832K Free: 47311K (39%)
----------------- Invoking toplevel() on ptolemy.moml.MoMLSimpleApplication@324307d3
----------------- Done invoking toplevel() on ptolemy.moml.MoMLSimpleApplication@324307d3
reloadAllAccessors: .IterateOverArray

===========================================================================================
----------------- testing Fri Oct 18 06:00:24 UTC 2019 /home/travis/build/icyphy/ptII/ptolemy/actor/lib/hoc/test/auto/IterateOverArray10.xml
----------------- Instantiating /home/travis/build/icyphy/ptII/ptolemy/actor/lib/hoc/test/auto/IterateOverArray10.xml
5 ms. Memory: 120832K Free: 43921K (36%)
----------------- Invoking toplevel() on ptolemy.moml.MoMLSimpleApplication@7699377a
----------------- Done invoking toplevel() on ptolemy.moml.MoMLSimpleApplication@7699377a
reloadAllAccessors: .IterateOverArray10

===========================================================================================
----------------- testing Fri Oct 18 06:00:24 UTC 2019 /home/travis/build/icyphy/ptII/ptolemy/actor/lib/hoc/test/auto/IterateOverArray11.xml
----------------- Instantiating /home/travis/build/icyphy/ptII/ptolemy/actor/lib/hoc/test/auto/IterateOverArray11.xml
6 ms. Memory: 120832K Free: 39739K (33%)
----------------- Invoking toplevel() on ptolemy.moml.MoMLSimpleApplication@28fd4298
----------------- Done invoking toplevel() on ptolemy.moml.MoMLSimpleApplication@28fd4298
reloadAllAccessors: .IterateOverArray11

===========================================================================================
----------------- testing Fri Oct 18 06:00:24 UTC 2019 /home/travis/build/icyphy/ptII/ptolemy/actor/lib/hoc/test/auto/IterateOverArray12.xml
----------------- Instantiating /home/travis/build/icyphy/ptII/ptolemy/actor/lib/hoc/test/auto/IterateOverArray12.xml
11 ms. Memory: 120832K Free: 103650K (86%)
----------------- Invoking toplevel() on ptolemy.moml.MoMLSimpleApplication@20c552dd
----------------- Done invoking toplevel() on ptolemy.moml.MoMLSimpleApplication@20c552dd
reloadAllAccessors: .IterateOverArray12

===========================================================================================
----------------- testing Fri Oct 18 06:00:24 UTC 2019 /home/travis/build/icyphy/ptII/ptolemy/actor/lib/hoc/test/auto/IterateOverArray13.xml
----------------- Instantiating /home/travis/build/icyphy/ptII/ptolemy/actor/lib/hoc/test/auto/IterateOverArray13.xml
74 ms. Memory: 120832K Free: 73954K (61%)
----------------- Invoking toplevel() on ptolemy.moml.MoMLSimpleApplication@3cccfd26
----------------- Done invoking toplevel() on ptolemy.moml.MoMLSimpleApplication@3cccfd26
reloadAllAccessors: .IterateOverArray13

===========================================================================================
----------------- testing Fri Oct 18 06:00:24 UTC 2019 /home/travis/build/icyphy/ptII/ptolemy/actor/lib/hoc/test/auto/IterateOverArray14.xml
----------------- Instantiating /home/travis/build/icyphy/ptII/ptolemy/actor/lib/hoc/test/auto/IterateOverArray14.xml
79 ms. Memory: 120832K Free: 41537K (34%)
----------------- Invoking toplevel() on ptolemy.moml.MoMLSimpleApplication@7315995f
----------------- Done invoking toplevel() on ptolemy.moml.MoMLSimpleApplication@7315995f
reloadAllAccessors: .IterateOverArray14

===========================================================================================
----------------- testing Fri Oct 18 06:00:24 UTC 2019 /home/travis/build/icyphy/ptII/ptolemy/actor/lib/hoc/test/auto/IterateOverArray2.xml
----------------- Instantiating /home/travis/build/icyphy/ptII/ptolemy/actor/lib/hoc/test/auto/IterateOverArray2.xml
21 ms. Memory: 120832K Free: 106889K (88%)
----------------- Invoking toplevel() on ptolemy.moml.MoMLSimpleApplication@37055341
----------------- Done invoking toplevel() on ptolemy.moml.MoMLSimpleApplication@37055341
reloadAllAccessors: .IterateOverArray2

===========================================================================================
----------------- testing Fri Oct 18 06:00:24 UTC 2019 /home/travis/build/icyphy/ptII/ptolemy/actor/lib/hoc/test/auto/IterateOverArray3.xml
----------------- Instantiating /home/travis/build/icyphy/ptII/ptolemy/actor/lib/hoc/test/auto/IterateOverArray3.xml
21 ms. Memory: 120832K Free: 100424K (83%)
----------------- Invoking toplevel() on ptolemy.moml.MoMLSimpleApplication@2fa93b02
----------------- Done invoking toplevel() on ptolemy.moml.MoMLSimpleApplication@2fa93b02
reloadAllAccessors: .IterateOverArray3

===========================================================================================
----------------- testing Fri Oct 18 06:00:24 UTC 2019 /home/travis/build/icyphy/ptII/ptolemy/actor/lib/hoc/test/auto/IterateOverArray4.xml
----------------- Instantiating /home/travis/build/icyphy/ptII/ptolemy/actor/lib/hoc/test/auto/IterateOverArray4.xml
6 ms. Memory: 120832K Free: 96234K (80%)
----------------- Invoking toplevel() on ptolemy.moml.MoMLSimpleApplication@d5a52f6
----------------- Done invoking toplevel() on ptolemy.moml.MoMLSimpleApplication@d5a52f6
reloadAllAccessors: .IterateOverArray4

===========================================================================================
----------------- testing Fri Oct 18 06:00:24 UTC 2019 /home/travis/build/icyphy/ptII/ptolemy/actor/lib/hoc/test/auto/IterateOverArray5.xml
----------------- Instantiating /home/travis/build/icyphy/ptII/ptolemy/actor/lib/hoc/test/auto/IterateOverArray5.xml
3 ms. Memory: 120832K Free: 92216K (76%)
----------------- Invoking toplevel() on ptolemy.moml.MoMLSimpleApplication@4e242c17
----------------- Done invoking toplevel() on ptolemy.moml.MoMLSimpleApplication@4e242c17
reloadAllAccessors: .IterateOverArray5

===========================================================================================
----------------- testing Fri Oct 18 06:00:24 UTC 2019 /home/travis/build/icyphy/ptII/ptolemy/actor/lib/hoc/test/auto/IterateOverArray6.xml
----------------- Instantiating /home/travis/build/icyphy/ptII/ptolemy/actor/lib/hoc/test/auto/IterateOverArray6.xml
3 ms. Memory: 120832K Free: 89144K (74%)
----------------- Invoking toplevel() on ptolemy.moml.MoMLSimpleApplication@27acf888
----------------- Done invoking toplevel() on ptolemy.moml.MoMLSimpleApplication@27acf888
reloadAllAccessors: .IterateOverArray6

===========================================================================================
----------------- testing Fri Oct 18 06:00:24 UTC 2019 /home/travis/build/icyphy/ptII/ptolemy/actor/lib/hoc/test/auto/IterateOverArray7.xml
----------------- Instantiating /home/travis/build/icyphy/ptII/ptolemy/actor/lib/hoc/test/auto/IterateOverArray7.xml
5 ms. Memory: 120832K Free: 84738K (70%)
----------------- Invoking toplevel() on ptolemy.moml.MoMLSimpleApplication@4b5718ce
----------------- Done invoking toplevel() on ptolemy.moml.MoMLSimpleApplication@4b5718ce
reloadAllAccessors: .IterateOverArray7

===========================================================================================
----------------- testing Fri Oct 18 06:00:24 UTC 2019 /home/travis/build/icyphy/ptII/ptolemy/actor/lib/hoc/test/auto/IterateOverArray8.xml
----------------- Instantiating /home/travis/build/icyphy/ptII/ptolemy/actor/lib/hoc/test/auto/IterateOverArray8.xml
10 ms. Memory: 120832K Free: 80922K (67%)
----------------- Invoking toplevel() on ptolemy.moml.MoMLSimpleApplication@6833bc2d
----------------- Done invoking toplevel() on ptolemy.moml.MoMLSimpleApplication@6833bc2d
reloadAllAccessors: .IterateOverArray8

===========================================================================================
----------------- testing Fri Oct 18 06:00:25 UTC 2019 /home/travis/build/icyphy/ptII/ptolemy/actor/lib/hoc/test/auto/IterateOverArray9.xml
----------------- Instantiating /home/travis/build/icyphy/ptII/ptolemy/actor/lib/hoc/test/auto/IterateOverArray9.xml
7 ms. Memory: 120832K Free: 76818K (64%)
----------------- Invoking toplevel() on ptolemy.moml.MoMLSimpleApplication@758391ac
----------------- Done invoking toplevel() on ptolemy.moml.MoMLSimpleApplication@758391ac
reloadAllAccessors: .IterateOverArray9

===========================================================================================
----------------- testing Fri Oct 18 06:00:25 UTC 2019 /home/travis/build/icyphy/ptII/ptolemy/actor/lib/hoc/test/auto/IterateOverArrayCoercedOutputType.xml
----------------- Instantiating /home/travis/build/icyphy/ptII/ptolemy/actor/lib/hoc/test/auto/IterateOverArrayCoercedOutputType.xml
4 ms. Memory: 120832K Free: 72046K (60%)
----------------- Invoking toplevel() on ptolemy.moml.MoMLSimpleApplication@194f07d7
----------------- Done invoking toplevel() on ptolemy.moml.MoMLSimpleApplication@194f07d7
reloadAllAccessors: .IterateOverArrayCoercedOutputType

===========================================================================================
----------------- testing Fri Oct 18 06:00:25 UTC 2019 /home/travis/build/icyphy/ptII/ptolemy/actor/lib/hoc/test/auto/IterateOverArrayInferredOutputType.xml
----------------- Instantiating /home/travis/build/icyphy/ptII/ptolemy/actor/lib/hoc/test/auto/IterateOverArrayInferredOutputType.xml
12 ms. Memory: 120832K Free: 67624K (56%)
----------------- Invoking toplevel() on ptolemy.moml.MoMLSimpleApplication@1e48cff5
----------------- Done invoking toplevel() on ptolemy.moml.MoMLSimpleApplication@1e48cff5
reloadAllAccessors: .IterateOverArrayInferredOutputType

===========================================================================================
----------------- testing Fri Oct 18 06:00:25 UTC 2019 /home/travis/build/icyphy/ptII/ptolemy/actor/lib/hoc/test/auto/MobileFunctionTest.xml
----------------- Instantiating /home/travis/build/icyphy/ptII/ptolemy/actor/lib/hoc/test/auto/MobileFunctionTest.xml
4 ms. Memory: 120832K Free: 63538K (53%)
----------------- Invoking toplevel() on ptolemy.moml.MoMLSimpleApplication@2296aa1c
----------------- Done invoking toplevel() on ptolemy.moml.MoMLSimpleApplication@2296aa1c
reloadAllAccessors: .MobileFunctionTest

===========================================================================================
----------------- testing Fri Oct 18 06:00:25 UTC 2019 /home/travis/build/icyphy/ptII/ptolemy/actor/lib/hoc/test/auto/MobileModelTest.xml
----------------- Instantiating /home/travis/build/icyphy/ptII/ptolemy/actor/lib/hoc/test/auto/MobileModelTest.xml
140 ms. Memory: 120832K Free: 42754K (35%)
----------------- Invoking toplevel() on ptolemy.moml.MoMLSimpleApplication@72993acf
----------------- Done invoking toplevel() on ptolemy.moml.MoMLSimpleApplication@72993acf
reloadAllAccessors: .MobileModelTest

===========================================================================================
----------------- testing Fri Oct 18 06:00:25 UTC 2019 /home/travis/build/icyphy/ptII/ptolemy/actor/lib/hoc/test/auto/ModelReference.xml
----------------- Instantiating /home/travis/build/icyphy/ptII/ptolemy/actor/lib/hoc/test/auto/ModelReference.xml
3 ms. Memory: 145408K Free: 130672K (90%)
4 ms. Memory: 145408K Free: 129727K (89%)
2 ms. Memory: 145408K Free: 128977K (89%)
2 ms. Memory: 145408K Free: 128157K (88%)
2 ms. Memory: 145408K Free: 127350K (88%)
1 ms. Memory: 145408K Free: 126577K (87%)
2 ms. Memory: 145408K Free: 125567K (86%)
1 ms. Memory: 145408K Free: 124794K (86%)
2 ms. Memory: 145408K Free: 124060K (85%)
5 ms. Memory: 145408K Free: 123270K (85%)
44 ms. Memory: 145408K Free: 123270K (85%)
----------------- Invoking toplevel() on ptolemy.moml.MoMLSimpleApplication@70139c3f
----------------- Done invoking toplevel() on ptolemy.moml.MoMLSimpleApplication@70139c3f
reloadAllAccessors: .ModelReference

===========================================================================================
----------------- testing Fri Oct 18 06:00:25 UTC 2019 /home/travis/build/icyphy/ptII/ptolemy/actor/lib/hoc/test/auto/ModelReference3.xml
----------------- Instantiating /home/travis/build/icyphy/ptII/ptolemy/actor/lib/hoc/test/auto/ModelReference3.xml
2 ms. Memory: 145408K Free: 118384K (81%)
4 ms. Memory: 145408K Free: 117429K (81%)
2 ms. Memory: 145408K Free: 116496K (80%)
4 ms. Memory: 145408K Free: 115876K (80%)
3 ms. Memory: 145408K Free: 114876K (79%)
2 ms. Memory: 145408K Free: 114288K (79%)
2 ms. Memory: 145408K Free: 113430K (78%)
3 ms. Memory: 145408K Free: 112384K (77%)
2 ms. Memory: 145408K Free: 111804K (77%)
2 ms. Memory: 145408K Free: 110780K (76%)
37 ms. Memory: 145408K Free: 110780K (76%)
----------------- Invoking toplevel() on ptolemy.moml.MoMLSimpleApplication@b61f7eb
----------------- Done invoking toplevel() on ptolemy.moml.MoMLSimpleApplication@b61f7eb
reloadAllAccessors: .ModelReference3

===========================================================================================
----------------- testing Fri Oct 18 06:00:25 UTC 2019 /home/travis/build/icyphy/ptII/ptolemy/actor/lib/hoc/test/auto/ModelReference4.xml
----------------- Instantiating /home/travis/build/icyphy/ptII/ptolemy/actor/lib/hoc/test/auto/ModelReference4.xml
2 ms. Memory: 145408K Free: 106246K (73%)
3 ms. Memory: 145408K Free: 105208K (72%)
2 ms. Memory: 145408K Free: 103626K (71%)
2 ms. Memory: 145408K Free: 103022K (71%)
2 ms. Memory: 145408K Free: 101578K (70%)
3 ms. Memory: 145408K Free: 100974K (69%)
4 ms. Memory: 145408K Free: 99094K (68%)
2 ms. Memory: 145408K Free: 98070K (67%)
6 ms. Memory: 145408K Free: 97016K (67%)
3 ms. Memory: 145408K Free: 95434K (66%)
10018 ms. Memory: 145408K Free: 95434K (66%)
----------------- Invoking toplevel() on ptolemy.moml.MoMLSimpleApplication@778eda3
----------------- Done invoking toplevel() on ptolemy.moml.MoMLSimpleApplication@778eda3
reloadAllAccessors: .ModelReference4

===========================================================================================
----------------- testing Fri Oct 18 06:00:35 UTC 2019 /home/travis/build/icyphy/ptII/ptolemy/actor/lib/hoc/test/auto/MultiInstanceComposite.xml
----------------- Instantiating /home/travis/build/icyphy/ptII/ptolemy/actor/lib/hoc/test/auto/MultiInstanceComposite.xml
30 ms. Memory: 145408K Free: 76544K (53%)
----------------- Invoking toplevel() on ptolemy.moml.MoMLSimpleApplication@46648988
----------------- Done invoking toplevel() on ptolemy.moml.MoMLSimpleApplication@46648988
reloadAllAccessors: .MultiInstanceComposite

===========================================================================================
----------------- testing Fri Oct 18 06:00:35 UTC 2019 /home/travis/build/icyphy/ptII/ptolemy/actor/lib/hoc/test/auto/MultiInstanceComposite2.xml
----------------- Instantiating /home/travis/build/icyphy/ptII/ptolemy/actor/lib/hoc/test/auto/MultiInstanceComposite2.xml
17 ms. Memory: 145408K Free: 65296K (45%)
----------------- Invoking toplevel() on ptolemy.moml.MoMLSimpleApplication@48d44d84
----------------- Done invoking toplevel() on ptolemy.moml.MoMLSimpleApplication@48d44d84
reloadAllAccessors: .MultiInstanceComposite2

===========================================================================================
----------------- testing Fri Oct 18 06:00:35 UTC 2019 /home/travis/build/icyphy/ptII/ptolemy/actor/lib/hoc/test/auto/MulticoreExecution.xml
----------------- Instantiating /home/travis/build/icyphy/ptII/ptolemy/actor/lib/hoc/test/auto/MulticoreExecution.xml
Fired ExecutionTime: 2000000
Fired ExecutionTime: 3600000
Fired ExecutionTime: 32400000
Fired ExecutionTime: 50400000
Fired ExecutionTime: 24000000
Fired ExecutionTime: 50800000
Fired ExecutionTime: 79600000
Fired ExecutionTime: 76000000
Fired ExecutionTime: 89600000
Fired ExecutionTime: 72400000
Fired ExecutionTime: 89600000
Fired ExecutionTime: 91600000
Fired ExecutionTime: 89200000
Fired ExecutionTime: 88800000
Fired ExecutionTime: 53200000
Fired ExecutionTime: 54800000
Fired ExecutionTime: 91200000
Fired ExecutionTime: 87600000
Fired ExecutionTime: 88400000
Fired ExecutionTime: 93600000
1063 ms. Memory: 145408K Free: 56944K (39%)
----------------- Invoking toplevel() on ptolemy.moml.MoMLSimpleApplication@12ea1a5e
----------------- Done invoking toplevel() on ptolemy.moml.MoMLSimpleApplication@12ea1a5e
reloadAllAccessors: .MulticoreExecution

===========================================================================================
----------------- testing Fri Oct 18 06:00:36 UTC 2019 /home/travis/build/icyphy/ptII/ptolemy/actor/lib/hoc/test/auto/ParallelExecution.xml
----------------- Instantiating /home/travis/build/icyphy/ptII/ptolemy/actor/lib/hoc/test/auto/ParallelExecution.xml
915 ms. Memory: 145408K Free: 49776K (34%)
----------------- Invoking toplevel() on ptolemy.moml.MoMLSimpleApplication@18276cdd
----------------- Done invoking toplevel() on ptolemy.moml.MoMLSimpleApplication@18276cdd
reloadAllAccessors: .ParallelExecution

===========================================================================================
----------------- testing Fri Oct 18 06:00:37 UTC 2019 /home/travis/build/icyphy/ptII/ptolemy/actor/lib/hoc/test/auto/RunCompositeActor.xml
----------------- Instantiating /home/travis/build/icyphy/ptII/ptolemy/actor/lib/hoc/test/auto/RunCompositeActor.xml
8 ms. Memory: 145408K Free: 126577K (87%)
----------------- Invoking toplevel() on ptolemy.moml.MoMLSimpleApplication@1a4fa385
----------------- Done invoking toplevel() on ptolemy.moml.MoMLSimpleApplication@1a4fa385
reloadAllAccessors: .RunCompositeActor

===========================================================================================
----------------- testing Fri Oct 18 06:00:37 UTC 2019 /home/travis/build/icyphy/ptII/ptolemy/actor/lib/hoc/test/auto/RunCompositeActor2.xml
----------------- Instantiating /home/travis/build/icyphy/ptII/ptolemy/actor/lib/hoc/test/auto/RunCompositeActor2.xml
8 ms. Memory: 145408K Free: 120371K (83%)
----------------- Invoking toplevel() on ptolemy.moml.MoMLSimpleApplication@67c88205
----------------- Done invoking toplevel() on ptolemy.moml.MoMLSimpleApplication@67c88205
reloadAllAccessors: .RunCompositeActor2

===========================================================================================
----------------- testing Fri Oct 18 06:00:37 UTC 2019 /home/travis/build/icyphy/ptII/ptolemy/actor/lib/hoc/test/auto/RunCompositeActor3.xml
----------------- Instantiating /home/travis/build/icyphy/ptII/ptolemy/actor/lib/hoc/test/auto/RunCompositeActor3.xml
4 ms. Memory: 145408K Free: 115141K (79%)
----------------- Invoking toplevel() on ptolemy.moml.MoMLSimpleApplication@15e727a0
----------------- Done invoking toplevel() on ptolemy.moml.MoMLSimpleApplication@15e727a0
reloadAllAccessors: .RunCompositeActor3

===========================================================================================
----------------- testing Fri Oct 18 06:00:37 UTC 2019 /home/travis/build/icyphy/ptII/ptolemy/actor/lib/hoc/test/auto/RunCompositeActor4.xml
----------------- Instantiating /home/travis/build/icyphy/ptII/ptolemy/actor/lib/hoc/test/auto/RunCompositeActor4.xml
13 ms. Memory: 145408K Free: 107098K (74%)
----------------- Invoking toplevel() on ptolemy.moml.MoMLSimpleApplication@7ff5824
----------------- Done invoking toplevel() on ptolemy.moml.MoMLSimpleApplication@7ff5824
reloadAllAccessors: .RunCompositeActor4

===========================================================================================
----------------- testing Fri Oct 18 06:00:37 UTC 2019 /home/travis/build/icyphy/ptII/ptolemy/actor/lib/hoc/test/auto/RunCompositeIterateOverArray.xml
----------------- Instantiating /home/travis/build/icyphy/ptII/ptolemy/actor/lib/hoc/test/auto/RunCompositeIterateOverArray.xml
5 ms. Memory: 145408K Free: 101402K (70%)
----------------- Invoking toplevel() on ptolemy.moml.MoMLSimpleApplication@6a3a69cf
----------------- Done invoking toplevel() on ptolemy.moml.MoMLSimpleApplication@6a3a69cf
reloadAllAccessors: .RunCompositeIterateOverArray

===========================================================================================
----------------- testing Fri Oct 18 06:00:37 UTC 2019 /home/travis/build/icyphy/ptII/ptolemy/actor/lib/hoc/test/auto/ThreadedJS.xml
----------------- Instantiating /home/travis/build/icyphy/ptII/ptolemy/actor/lib/hoc/test/auto/ThreadedJS.xml
5789 ms. Memory: 210944K Free: 66623K (32%)
----------------- Invoking toplevel() on ptolemy.moml.MoMLSimpleApplication@35ea432a
----------------- Done invoking toplevel() on ptolemy.moml.MoMLSimpleApplication@35ea432a
reloadAllAccessors: .ThreadedJS
AutoTests.java: About to close Vertx.
AutoTests.java: Vertx closed.
]]></system-out>
  <system-err><![CDATA[java.lang.RuntimeException: Execution failed
	at ptolemy.moml.MoMLSimpleApplication$UnloadThread.run(MoMLSimpleApplication.java:402)
Caused by: ptolemy.kernel.util.IllegalActionException: initialize() was called after wrapup() was called but preinitialize() was not called after wrapup().
	at ptolemy.actor.lib.hoc.test.PreinitializeMustBeInvoked.initialize(PreinitializeMustBeInvoked.java:78)
	at ptolemy.actor.Director.initialize(Director.java:938)
	at ptolemy.actor.Director.initialize(Director.java:907)
	at ptolemy.actor.sched.StaticSchedulingDirector.initialize(StaticSchedulingDirector.java:159)
	at ptolemy.domains.sdf.kernel.SDFDirector.initialize(SDFDirector.java:544)
	at ptolemy.actor.CompositeActor.initialize(CompositeActor.java:935)
	at ptolemy.actor.lib.hoc.LifeCycleManager._executeInsideModel(LifeCycleManager.java:339)
	at ptolemy.actor.lib.hoc.RunCompositeActor.fire(RunCompositeActor.java:205)
	at ptolemy.actor.CompositeActor.iterate(CompositeActor.java:1146)
	at ptolemy.actor.sched.StaticSchedulingDirector.fire(StaticSchedulingDirector.java:216)
	at ptolemy.domains.sdf.kernel.SDFDirector.fire(SDFDirector.java:500)
	at ptolemy.actor.CompositeActor.fire(CompositeActor.java:455)
	at ptolemy.actor.Manager.iterate(Manager.java:851)
	at ptolemy.actor.Manager.execute(Manager.java:369)
	at ptolemy.actor.Manager.run(Manager.java:1263)
	at ptolemy.actor.Manager$PtolemyRunThread.run(Manager.java:1933)
java.lang.reflect.InvocationTargetException
	at java.base/jdk.internal.reflect.NativeConstructorAccessorImpl.newInstance0(Native Method)
	at java.base/jdk.internal.reflect.NativeConstructorAccessorImpl.newInstance(NativeConstructorAccessorImpl.java:62)
	at java.base/jdk.internal.reflect.DelegatingConstructorAccessorImpl.newInstance(DelegatingConstructorAccessorImpl.java:45)
	at java.base/java.lang.reflect.Constructor.newInstance(Constructor.java:490)
	at ptolemy.util.test.junit.AutoKnownFailedTests.RunModel(AutoKnownFailedTests.java:105)
	at java.base/jdk.internal.reflect.NativeMethodAccessorImpl.invoke0(Native Method)
	at java.base/jdk.internal.reflect.NativeMethodAccessorImpl.invoke(NativeMethodAccessorImpl.java:62)
	at java.base/jdk.internal.reflect.DelegatingMethodAccessorImpl.invoke(DelegatingMethodAccessorImpl.java:43)
	at java.base/java.lang.reflect.Method.invoke(Method.java:566)
	at org.junit.runners.model.FrameworkMethod$1.runReflectiveCall(FrameworkMethod.java:44)
	at org.junit.internal.runners.model.ReflectiveCallable.run(ReflectiveCallable.java:15)
	at org.junit.runners.model.FrameworkMethod.invokeExplosively(FrameworkMethod.java:41)
	at junitparams.internal.InvokeParameterisedMethod.evaluate(InvokeParameterisedMethod.java:102)
	at org.junit.internal.runners.statements.FailOnTimeout$1.run(FailOnTimeout.java:28)
Caused by: ptolemy.kernel.util.IllegalActionException: initialize() was called after wrapup() was called but preinitialize() was not called after wrapup().
	at ptolemy.actor.lib.hoc.test.PreinitializeMustBeInvoked.initialize(PreinitializeMustBeInvoked.java:78)
	at ptolemy.actor.Director.initialize(Director.java:938)
	at ptolemy.actor.Director.initialize(Director.java:907)
	at ptolemy.actor.sched.StaticSchedulingDirector.initialize(StaticSchedulingDirector.java:159)
	at ptolemy.domains.sdf.kernel.SDFDirector.initialize(SDFDirector.java:544)
	at ptolemy.actor.CompositeActor.initialize(CompositeActor.java:935)
	at ptolemy.actor.lib.hoc.LifeCycleManager._executeInsideModel(LifeCycleManager.java:339)
	at ptolemy.actor.lib.hoc.RunCompositeActor.fire(RunCompositeActor.java:205)
	at ptolemy.actor.CompositeActor.iterate(CompositeActor.java:1146)
	at ptolemy.actor.sched.StaticSchedulingDirector.fire(StaticSchedulingDirector.java:216)
	at ptolemy.domains.sdf.kernel.SDFDirector.fire(SDFDirector.java:500)
	at ptolemy.actor.CompositeActor.fire(CompositeActor.java:455)
	at ptolemy.actor.Manager.iterate(Manager.java:851)
	at ptolemy.actor.Manager.execute(Manager.java:369)
	at ptolemy.actor.Manager.run(Manager.java:1263)
	at ptolemy.actor.Manager$PtolemyRunThread.run(Manager.java:1933)
Warning: Nashorn engine is planned to be removed from a future JDK release
Warning: Nashorn engine is planned to be removed from a future JDK release
Warning: Nashorn engine is planned to be removed from a future JDK release
Warning: Nashorn engine is planned to be removed from a future JDK release
Warning: Nashorn engine is planned to be removed from a future JDK release
Warning: Nashorn engine is planned to be removed from a future JDK release
Warning: Nashorn engine is planned to be removed from a future JDK release
Warning: Nashorn engine is planned to be removed from a future JDK release
]]></system-err>
</testsuite>
