<?xml version="1.0" encoding="UTF-8" ?>
<testsuite errors="0" failures="0" hostname="travis-job-4d0b2d6f-1ee7-4da5-8311-2f9a0a2be6d9" name="ptolemy.domains.sdf.test.junit.JUnitTclTest" skipped="0" tests="66" time="19.769" timestamp="2019-06-09T04:37:28">
  <properties>
[...]
</properties>
  <testcase classname="ptolemy.util.test.junit.TclTests" name="[0] /home/travis/build/icyphy/ptII/ptolemy/domains/sdf/test/SDFSchedulerErrors.tcl (RunTclFile)" time="0.599" />
  <testcase classname="ptolemy.util.test.junit.TclTests" name="[1] /home/travis/build/icyphy/ptII/ptolemy/domains/sdf/test/composition.tcl (RunTclFile)" time="0.161" />
  <testcase classname="ptolemy.util.test.junit.TclTests" name="[2] /home/travis/build/icyphy/ptII/ptolemy/domains/sdf/test/cycle.tcl (RunTclFile)" time="0.029" />
  <testcase classname="ptolemy.util.test.junit.AutoKnownFailedTests" name="[0] ThereAreNoKnowFailedTests (RunModel)" time="0.001" />
  <testcase classname="ptolemy.util.test.junit.AutoNameArchTests" name="[0] ThereAreNoAutoArchTests (RunModel)" time="0.0" />
  <testcase classname="ptolemy.util.test.junit.AutoTests" name="[0] /home/travis/build/icyphy/ptII/ptolemy/domains/sdf/test/auto/Array.xml (RunModel)" time="0.186" />
  <testcase classname="ptolemy.util.test.junit.AutoTests" name="[1] /home/travis/build/icyphy/ptII/ptolemy/domains/sdf/test/auto/Butterfly.xml (RunModel)" time="0.124" />
  <testcase classname="ptolemy.util.test.junit.AutoTests" name="[2] /home/travis/build/icyphy/ptII/ptolemy/domains/sdf/test/auto/Expression.xml (RunModel)" time="0.089" />
  <testcase classname="ptolemy.util.test.junit.AutoTests" name="[3] /home/travis/build/icyphy/ptII/ptolemy/domains/sdf/test/auto/Eye.xml (RunModel)" time="0.375" />
  <testcase classname="ptolemy.util.test.junit.AutoTests" name="[4] /home/travis/build/icyphy/ptII/ptolemy/domains/sdf/test/auto/FixFIR.xml (RunModel)" time="0.38" />
  <testcase classname="ptolemy.util.test.junit.AutoTests" name="[5] /home/travis/build/icyphy/ptII/ptolemy/domains/sdf/test/auto/FixPoint.xml (RunModel)" time="0.045" />
  <testcase classname="ptolemy.util.test.junit.AutoTests" name="[6] /home/travis/build/icyphy/ptII/ptolemy/domains/sdf/test/auto/Gravitation.xml (RunModel)" time="3.267" />
  <testcase classname="ptolemy.util.test.junit.AutoTests" name="[7] /home/travis/build/icyphy/ptII/ptolemy/domains/sdf/test/auto/GravitationWithCollisionDetection.xml (RunModel)" time="6.152" />
  <testcase classname="ptolemy.util.test.junit.AutoTests" name="[8] /home/travis/build/icyphy/ptII/ptolemy/domains/sdf/test/auto/HDF.xml (RunModel)" time="0.109" />
  <testcase classname="ptolemy.util.test.junit.AutoTests" name="[9] /home/travis/build/icyphy/ptII/ptolemy/domains/sdf/test/auto/HDFwithTransientStates.xml (RunModel)" time="0.1" />
  <testcase classname="ptolemy.util.test.junit.AutoTests" name="[10] /home/travis/build/icyphy/ptII/ptolemy/domains/sdf/test/auto/HTVQ.xml (RunModel)" time="0.819" />
  <testcase classname="ptolemy.util.test.junit.AutoTests" name="[11] /home/travis/build/icyphy/ptII/ptolemy/domains/sdf/test/auto/InferInitProduction.xml (RunModel)" time="0.033" />
  <testcase classname="ptolemy.util.test.junit.AutoTests" name="[12] /home/travis/build/icyphy/ptII/ptolemy/domains/sdf/test/auto/InferInitProductionDeeper.xml (RunModel)" time="0.031" />
  <testcase classname="ptolemy.util.test.junit.AutoTests" name="[13] /home/travis/build/icyphy/ptII/ptolemy/domains/sdf/test/auto/LMSAdaptive.xml (RunModel)" time="0.072" />
  <testcase classname="ptolemy.util.test.junit.AutoTests" name="[14] /home/travis/build/icyphy/ptII/ptolemy/domains/sdf/test/auto/LogisticMap.xml (RunModel)" time="0.485" />
  <testcase classname="ptolemy.util.test.junit.AutoTests" name="[15] /home/travis/build/icyphy/ptII/ptolemy/domains/sdf/test/auto/MaximumEntropySpectrum.xml (RunModel)" time="0.289" />
  <testcase classname="ptolemy.util.test.junit.AutoTests" name="[16] /home/travis/build/icyphy/ptII/ptolemy/domains/sdf/test/auto/MultirateSDF.xml (RunModel)" time="0.075" />
  <testcase classname="ptolemy.util.test.junit.AutoTests" name="[17] /home/travis/build/icyphy/ptII/ptolemy/domains/sdf/test/auto/MultirateSDFwithTransientStates.xml (RunModel)" time="0.09" />
  <testcase classname="ptolemy.util.test.junit.AutoTests" name="[18] /home/travis/build/icyphy/ptII/ptolemy/domains/sdf/test/auto/NoisySinewave.xml (RunModel)" time="0.063" />
  <testcase classname="ptolemy.util.test.junit.AutoTests" name="[19] /home/travis/build/icyphy/ptII/ptolemy/domains/sdf/test/auto/Objects.xml (RunModel)" time="0.061" />
  <testcase classname="ptolemy.util.test.junit.AutoTests" name="[20] /home/travis/build/icyphy/ptII/ptolemy/domains/sdf/test/auto/OrthogonalCom.xml (RunModel)" time="0.041" />
  <testcase classname="ptolemy.util.test.junit.AutoTests" name="[21] /home/travis/build/icyphy/ptII/ptolemy/domains/sdf/test/auto/RijndaelEncryption.xml (RunModel)" time="0.564" />
  <testcase classname="ptolemy.util.test.junit.AutoTests" name="[22] /home/travis/build/icyphy/ptII/ptolemy/domains/sdf/test/auto/SDFEmptyIterations.xml (RunModel)" time="0.021" />
  <testcase classname="ptolemy.util.test.junit.AutoTests" name="[23] /home/travis/build/icyphy/ptII/ptolemy/domains/sdf/test/auto/Spectrum.xml (RunModel)" time="0.068" />
  <testcase classname="ptolemy.util.test.junit.AutoTests" name="[24] /home/travis/build/icyphy/ptII/ptolemy/domains/sdf/test/auto/de_inside_sdf.xml (RunModel)" time="0.026" />
  <testcase classname="ptolemy.util.test.junit.AutoTests" name="[25] /home/travis/build/icyphy/ptII/ptolemy/domains/sdf/test/auto/disconnectedHierarchicalSDF.xml (RunModel)" time="0.028" />
  <testcase classname="ptolemy.util.test.junit.AutoTests" name="[26] /home/travis/build/icyphy/ptII/ptolemy/domains/sdf/test/auto/disconnectedSDF.xml (RunModel)" time="0.019" />
  <testcase classname="ptolemy.util.test.junit.AutoTests" name="[27] /home/travis/build/icyphy/ptII/ptolemy/domains/sdf/test/auto/emptyRefinement.xml (RunModel)" time="0.017" />
  <testcase classname="ptolemy.util.test.junit.AutoTests" name="[28] /home/travis/build/icyphy/ptII/ptolemy/domains/sdf/test/auto/filePortParameter.xml (RunModel)" time="0.061" />
  <testcase classname="ptolemy.util.test.junit.AutoTests" name="[29] /home/travis/build/icyphy/ptII/ptolemy/domains/sdf/test/auto/inferRelationWidth1.xml (RunModel)" time="0.013" />
  <testcase classname="ptolemy.util.test.junit.AutoTests" name="[30] /home/travis/build/icyphy/ptII/ptolemy/domains/sdf/test/auto/initProductionInference.xml (RunModel)" time="0.023" />
  <testcase classname="ptolemy.util.test.junit.AutoTests" name="[31] /home/travis/build/icyphy/ptII/ptolemy/domains/sdf/test/auto/relationGroup.xml (RunModel)" time="0.009" />
  <testcase classname="ptolemy.util.test.junit.AutoTests" name="[32] /home/travis/build/icyphy/ptII/ptolemy/domains/sdf/test/auto/relationGroup10.xml (RunModel)" time="0.013" />
  <testcase classname="ptolemy.util.test.junit.AutoTests" name="[33] /home/travis/build/icyphy/ptII/ptolemy/domains/sdf/test/auto/relationGroup11.xml (RunModel)" time="0.013" />
  <testcase classname="ptolemy.util.test.junit.AutoTests" name="[34] /home/travis/build/icyphy/ptII/ptolemy/domains/sdf/test/auto/relationGroup12.xml (RunModel)" time="0.017" />
  <testcase classname="ptolemy.util.test.junit.AutoTests" name="[35] /home/travis/build/icyphy/ptII/ptolemy/domains/sdf/test/auto/relationGroup13.xml (RunModel)" time="0.034" />
  <testcase classname="ptolemy.util.test.junit.AutoTests" name="[36] /home/travis/build/icyphy/ptII/ptolemy/domains/sdf/test/auto/relationGroup14.xml (RunModel)" time="0.02" />
  <testcase classname="ptolemy.util.test.junit.AutoTests" name="[37] /home/travis/build/icyphy/ptII/ptolemy/domains/sdf/test/auto/relationGroup15.xml (RunModel)" time="0.015" />
  <testcase classname="ptolemy.util.test.junit.AutoTests" name="[38] /home/travis/build/icyphy/ptII/ptolemy/domains/sdf/test/auto/relationGroup2.xml (RunModel)" time="0.015" />
  <testcase classname="ptolemy.util.test.junit.AutoTests" name="[39] /home/travis/build/icyphy/ptII/ptolemy/domains/sdf/test/auto/relationGroup3.xml (RunModel)" time="0.016" />
  <testcase classname="ptolemy.util.test.junit.AutoTests" name="[40] /home/travis/build/icyphy/ptII/ptolemy/domains/sdf/test/auto/relationGroup4.xml (RunModel)" time="0.024" />
  <testcase classname="ptolemy.util.test.junit.AutoTests" name="[41] /home/travis/build/icyphy/ptII/ptolemy/domains/sdf/test/auto/relationGroup5.xml (RunModel)" time="0.018" />
  <testcase classname="ptolemy.util.test.junit.AutoTests" name="[42] /home/travis/build/icyphy/ptII/ptolemy/domains/sdf/test/auto/relationGroup6.xml (RunModel)" time="0.024" />
  <testcase classname="ptolemy.util.test.junit.AutoTests" name="[43] /home/travis/build/icyphy/ptII/ptolemy/domains/sdf/test/auto/relationGroup7.xml (RunModel)" time="0.022" />
  <testcase classname="ptolemy.util.test.junit.AutoTests" name="[44] /home/travis/build/icyphy/ptII/ptolemy/domains/sdf/test/auto/relationGroup8.xml (RunModel)" time="0.015" />
  <testcase classname="ptolemy.util.test.junit.AutoTests" name="[45] /home/travis/build/icyphy/ptII/ptolemy/domains/sdf/test/auto/relationGroup9.xml (RunModel)" time="0.018" />
  <testcase classname="ptolemy.util.test.junit.AutoTests" name="[46] /home/travis/build/icyphy/ptII/ptolemy/domains/sdf/test/auto/sdf_inside_de.xml (RunModel)" time="0.053" />
  <testcase classname="ptolemy.util.test.junit.AutoTests" name="[47] /home/travis/build/icyphy/ptII/ptolemy/domains/sdf/test/auto/sdf_inside_pn.xml (RunModel)" time="0.074" />
  <testcase classname="ptolemy.util.test.junit.AutoTests" name="[48] /home/travis/build/icyphy/ptII/ptolemy/domains/sdf/test/auto/sdf_sdf1.xml (RunModel)" time="0.022" />
  <testcase classname="ptolemy.util.test.junit.AutoTests" name="[49] /home/travis/build/icyphy/ptII/ptolemy/domains/sdf/test/auto/test1.xml (RunModel)" time="0.018" />
  <testcase classname="ptolemy.util.test.junit.AutoTests" name="[50] /home/travis/build/icyphy/ptII/ptolemy/domains/sdf/test/auto/time1.xml (RunModel)" time="0.01" />
  <testcase classname="ptolemy.util.test.junit.AutoTests" name="[51] /home/travis/build/icyphy/ptII/ptolemy/domains/sdf/test/auto/time2.xml (RunModel)" time="0.013" />
  <testcase classname="ptolemy.util.test.junit.AutoTests" name="[52] /home/travis/build/icyphy/ptII/ptolemy/domains/sdf/test/auto/time3.xml (RunModel)" time="0.026" />
  <testcase classname="ptolemy.util.test.junit.AutoTests" name="[53] /home/travis/build/icyphy/ptII/ptolemy/domains/sdf/test/auto/time4.xml (RunModel)" time="0.021" />
  <testcase classname="ptolemy.util.test.junit.AutoTests" name="[54] /home/travis/build/icyphy/ptII/ptolemy/domains/sdf/test/auto/time5.xml (RunModel)" time="4.011" />
  <testcase classname="ptolemy.util.test.junit.AutoTests" name="[55] /home/travis/build/icyphy/ptII/ptolemy/domains/sdf/test/auto/typeSystem_Const_Integer_smallest_Type.xml (RunModel)" time="0.034" />
  <testcase classname="ptolemy.util.test.junit.AutoTests" name="[56] /home/travis/build/icyphy/ptII/ptolemy/domains/sdf/test/auto/typeSystem_declared_Inports_OutportTypeException.xml (RunModel)" time="0.02" />
  <testcase classname="ptolemy.util.test.junit.AutoTests" name="[57] /home/travis/build/icyphy/ptII/ptolemy/domains/sdf/test/auto/typeSystem_oneDeclaredInportType_wrongTypeOutport.xml (RunModel)" time="0.018" />
  <testcase classname="ptolemy.util.test.junit.AutoTests" name="[58] /home/travis/build/icyphy/ptII/ptolemy/domains/sdf/test/auto/width.xml (RunModel)" time="0.012" />
  <testcase classname="ptolemy.util.test.junit.AutoTests" name="[59] /home/travis/build/icyphy/ptII/ptolemy/domains/sdf/test/auto/width2.xml (RunModel)" time="0.057" />
  <testcase classname="ptolemy.util.test.junit.AutoTests" name="[60] /home/travis/build/icyphy/ptII/ptolemy/domains/sdf/test/auto/width3.xml (RunModel)" time="0.031" />
  <system-out><![CDATA[/home/travis/build/icyphy/ptII/ptolemy/domains/sdf/test/SDFSchedulerErrors.tcl
testDefs.tcl: setting time out to 9000 seconds at Sun Jun 09 04:37:28 UTC 2019
20 ms. Memory: 116224K Free: 108820K (94%)
5 ms. Memory: 116224K Free: 101861K (88%)
4 ms. Memory: 116224K Free: 95476K (82%)
2 ms. Memory: 116224K Free: 92423K (80%)
/home/travis/build/icyphy/ptII/ptolemy/domains/sdf/test/composition.tcl
36 ms. Memory: 116224K Free: 88831K (76%)
7 ms. Memory: 116224K Free: 87040K (75%)
/home/travis/build/icyphy/ptII/ptolemy/domains/sdf/test/cycle.tcl
.Toplevel.Director Preinitializing ...
Invoking preinitialize():  .Toplevel.Actor1
Invoking preinitialize():  .Toplevel.Actor2
Invoking preinitialize():  .Toplevel.Delay
.Toplevel.Director Finished preinitialize().
### Schedule:
Execute Schedule{
Fire Actor ptolemy.domains.sdf.kernel.test.SDFTestDelay {.Toplevel.Actor1}
Fire Actor ptolemy.domains.sdf.kernel.test.SDFTestDelay {.Toplevel.Actor2}
Fire Actor ptolemy.domains.sdf.lib.SampleDelay {.Toplevel.Delay}
}
### End schedule
Called initialize().
Invoking initialize():  .Toplevel.Actor1
Initializing actor: .Toplevel.Actor1.
Invoking initialize():  .Toplevel.Actor2
Initializing actor: .Toplevel.Actor2.
Invoking initialize():  .Toplevel.Delay
Initializing actor: .Toplevel.Delay.
Director: Called prefire().
-- Setting current time to 0.0
Director prefire returns true.
The actor .Toplevel.Actor1 will be iterated.
The actor .Toplevel.Actor1 was iterated.
The actor .Toplevel.Actor2 will be iterated.
The actor .Toplevel.Actor2 was iterated.
The actor .Toplevel.Delay will be iterated.
The actor .Toplevel.Delay was iterated.
Director: Called postfire().
Postfire returns: true
Director: Called prefire().
-- Setting current time to 0.0
Director prefire returns true.
The actor .Toplevel.Actor1 will be iterated.
The actor .Toplevel.Actor1 was iterated.
The actor .Toplevel.Actor2 will be iterated.
The actor .Toplevel.Actor2 was iterated.
The actor .Toplevel.Delay will be iterated.
The actor .Toplevel.Delay was iterated.
Director: Called postfire().
Postfire returns: true
Director: Called prefire().
-- Setting current time to 0.0
Director prefire returns true.
The actor .Toplevel.Actor1 will be iterated.
The actor .Toplevel.Actor1 was iterated.
The actor .Toplevel.Actor2 will be iterated.
The actor .Toplevel.Actor2 was iterated.
The actor .Toplevel.Delay will be iterated.
The actor .Toplevel.Delay was iterated.
Director: Called postfire().
Postfire returns: true
Director: Called prefire().
-- Setting current time to 0.0
Director prefire returns true.
The actor .Toplevel.Actor1 will be iterated.
The actor .Toplevel.Actor1 was iterated.
The actor .Toplevel.Actor2 will be iterated.
The actor .Toplevel.Actor2 was iterated.
The actor .Toplevel.Delay will be iterated.
The actor .Toplevel.Delay was iterated.
Director: Called postfire().
Postfire returns: true
Director: Called prefire().
-- Setting current time to 0.0
Director prefire returns true.
The actor .Toplevel.Actor1 will be iterated.
The actor .Toplevel.Actor1 was iterated.
The actor .Toplevel.Actor2 will be iterated.
The actor .Toplevel.Actor2 was iterated.
The actor .Toplevel.Delay will be iterated.
The actor .Toplevel.Delay was iterated.
Director: Called postfire().
Postfire returns: true
Director: Called prefire().
-- Setting current time to 0.0
Director prefire returns true.
The actor .Toplevel.Actor1 will be iterated.
The actor .Toplevel.Actor1 was iterated.
The actor .Toplevel.Actor2 will be iterated.
The actor .Toplevel.Actor2 was iterated.
The actor .Toplevel.Delay will be iterated.
The actor .Toplevel.Delay was iterated.
Reached specified number of iterations: 6
Director: Called wrapup().
7 ms. Memory: 116224K Free: 84621K (73%)
06/09/19 04:37:29
Failed: 0  Total Tests: 8  ((Passed: 8, Newly Passed: 0)  Known Failed: 0) /home/travis/build/icyphy/ptII/ptolemy/domains/sdf/test
No auto/knownFailedTests/*.xml tests in /home/travis/build/icyphy/ptII/ptolemy/domains/sdf/test
No auto/linux-amd64/*.xml tests in /home/travis/build/icyphy/ptII/ptolemy/domains/sdf/test
AutoTests.java: About to close Vertx.
AutoTests.java: Vertx closed.

===========================================================================================
----------------- testing Sun Jun 09 04:37:29 UTC 2019 /home/travis/build/icyphy/ptII/ptolemy/domains/sdf/test/auto/Array.xml
----------------- Instantiating /home/travis/build/icyphy/ptII/ptolemy/domains/sdf/test/auto/Array.xml
44 ms. Memory: 146944K Free: 109118K (74%)
----------------- Invoking toplevel() on ptolemy.moml.MoMLSimpleApplication@1d124a10
----------------- Done invoking toplevel() on ptolemy.moml.MoMLSimpleApplication@1d124a10
reloadAllAccessors: .Array

===========================================================================================
----------------- testing Sun Jun 09 04:37:29 UTC 2019 /home/travis/build/icyphy/ptII/ptolemy/domains/sdf/test/auto/Butterfly.xml
----------------- Instantiating /home/travis/build/icyphy/ptII/ptolemy/domains/sdf/test/auto/Butterfly.xml
59 ms. Memory: 146944K Free: 102917K (70%)
----------------- Invoking toplevel() on ptolemy.moml.MoMLSimpleApplication@7d359b0d
----------------- Done invoking toplevel() on ptolemy.moml.MoMLSimpleApplication@7d359b0d
reloadAllAccessors: .Butterfly

===========================================================================================
----------------- testing Sun Jun 09 04:37:29 UTC 2019 /home/travis/build/icyphy/ptII/ptolemy/domains/sdf/test/auto/Expression.xml
----------------- Instantiating /home/travis/build/icyphy/ptII/ptolemy/domains/sdf/test/auto/Expression.xml
38 ms. Memory: 146944K Free: 97985K (67%)
----------------- Invoking toplevel() on ptolemy.moml.MoMLSimpleApplication@5bcb75f2
----------------- Done invoking toplevel() on ptolemy.moml.MoMLSimpleApplication@5bcb75f2
reloadAllAccessors: .Expression

===========================================================================================
----------------- testing Sun Jun 09 04:37:30 UTC 2019 /home/travis/build/icyphy/ptII/ptolemy/domains/sdf/test/auto/Eye.xml
----------------- Instantiating /home/travis/build/icyphy/ptII/ptolemy/domains/sdf/test/auto/Eye.xml
228 ms. Memory: 146944K Free: 130279K (89%)
----------------- Invoking toplevel() on ptolemy.moml.MoMLSimpleApplication@3447b8b7
----------------- Done invoking toplevel() on ptolemy.moml.MoMLSimpleApplication@3447b8b7
reloadAllAccessors: .Eye

===========================================================================================
----------------- testing Sun Jun 09 04:37:30 UTC 2019 /home/travis/build/icyphy/ptII/ptolemy/domains/sdf/test/auto/FixFIR.xml
----------------- Instantiating /home/travis/build/icyphy/ptII/ptolemy/domains/sdf/test/auto/FixFIR.xml
180 ms. Memory: 146944K Free: 92746K (63%)
----------------- Invoking toplevel() on ptolemy.moml.MoMLSimpleApplication@45b16383
----------------- Done invoking toplevel() on ptolemy.moml.MoMLSimpleApplication@45b16383
reloadAllAccessors: .FixFIR

===========================================================================================
----------------- testing Sun Jun 09 04:37:30 UTC 2019 /home/travis/build/icyphy/ptII/ptolemy/domains/sdf/test/auto/FixPoint.xml
----------------- Instantiating /home/travis/build/icyphy/ptII/ptolemy/domains/sdf/test/auto/FixPoint.xml
20 ms. Memory: 146944K Free: 88192K (60%)
----------------- Invoking toplevel() on ptolemy.moml.MoMLSimpleApplication@583e05b1
----------------- Done invoking toplevel() on ptolemy.moml.MoMLSimpleApplication@583e05b1
reloadAllAccessors: .FixPoint

===========================================================================================
----------------- testing Sun Jun 09 04:37:30 UTC 2019 /home/travis/build/icyphy/ptII/ptolemy/domains/sdf/test/auto/Gravitation.xml
----------------- Instantiating /home/travis/build/icyphy/ptII/ptolemy/domains/sdf/test/auto/Gravitation.xml
3161 ms. Memory: 208384K Free: 118885K (57%)
----------------- Invoking toplevel() on ptolemy.moml.MoMLSimpleApplication@3c9a60a1
----------------- Done invoking toplevel() on ptolemy.moml.MoMLSimpleApplication@3c9a60a1
reloadAllAccessors: .Gravitation

===========================================================================================
----------------- testing Sun Jun 09 04:37:34 UTC 2019 /home/travis/build/icyphy/ptII/ptolemy/domains/sdf/test/auto/GravitationWithCollisionDetection.xml
----------------- Instantiating /home/travis/build/icyphy/ptII/ptolemy/domains/sdf/test/auto/GravitationWithCollisionDetection.xml
6014 ms. Memory: 872448K Free: 365500K (42%)
----------------- Invoking toplevel() on ptolemy.moml.MoMLSimpleApplication@533c36fa
----------------- Done invoking toplevel() on ptolemy.moml.MoMLSimpleApplication@533c36fa
reloadAllAccessors: .GravitationWithCollisionDetection

===========================================================================================
----------------- testing Sun Jun 09 04:37:40 UTC 2019 /home/travis/build/icyphy/ptII/ptolemy/domains/sdf/test/auto/HDF.xml
----------------- Instantiating /home/travis/build/icyphy/ptII/ptolemy/domains/sdf/test/auto/HDF.xml
54 ms. Memory: 872448K Free: 334013K (38%)
----------------- Invoking toplevel() on ptolemy.moml.MoMLSimpleApplication@158e2dae
----------------- Done invoking toplevel() on ptolemy.moml.MoMLSimpleApplication@158e2dae
reloadAllAccessors: .HDF

===========================================================================================
----------------- testing Sun Jun 09 04:37:40 UTC 2019 /home/travis/build/icyphy/ptII/ptolemy/domains/sdf/test/auto/HDFwithTransientStates.xml
----------------- Instantiating /home/travis/build/icyphy/ptII/ptolemy/domains/sdf/test/auto/HDFwithTransientStates.xml
27 ms. Memory: 872448K Free: 310096K (36%)
----------------- Invoking toplevel() on ptolemy.moml.MoMLSimpleApplication@3b662cce
----------------- Done invoking toplevel() on ptolemy.moml.MoMLSimpleApplication@3b662cce
reloadAllAccessors: .HDFwithTransientStates

===========================================================================================
----------------- testing Sun Jun 09 04:37:40 UTC 2019 /home/travis/build/icyphy/ptII/ptolemy/domains/sdf/test/auto/HTVQ.xml
----------------- Instantiating /home/travis/build/icyphy/ptII/ptolemy/domains/sdf/test/auto/HTVQ.xml
779 ms. Memory: 872448K Free: 137333K (16%)
----------------- Invoking toplevel() on ptolemy.moml.MoMLSimpleApplication@1d6f1be4
----------------- Done invoking toplevel() on ptolemy.moml.MoMLSimpleApplication@1d6f1be4
reloadAllAccessors: .HTVQ

===========================================================================================
----------------- testing Sun Jun 09 04:37:41 UTC 2019 /home/travis/build/icyphy/ptII/ptolemy/domains/sdf/test/auto/InferInitProduction.xml
----------------- Instantiating /home/travis/build/icyphy/ptII/ptolemy/domains/sdf/test/auto/InferInitProduction.xml
6 ms. Memory: 872448K Free: 121645K (14%)
----------------- Invoking toplevel() on ptolemy.moml.MoMLSimpleApplication@5eac9897
----------------- Done invoking toplevel() on ptolemy.moml.MoMLSimpleApplication@5eac9897
reloadAllAccessors: .InferInitProduction

===========================================================================================
----------------- testing Sun Jun 09 04:37:41 UTC 2019 /home/travis/build/icyphy/ptII/ptolemy/domains/sdf/test/auto/InferInitProductionDeeper.xml
----------------- Instantiating /home/travis/build/icyphy/ptII/ptolemy/domains/sdf/test/auto/InferInitProductionDeeper.xml
7 ms. Memory: 872448K Free: 105958K (12%)
----------------- Invoking toplevel() on ptolemy.moml.MoMLSimpleApplication@22a1e2b1
----------------- Done invoking toplevel() on ptolemy.moml.MoMLSimpleApplication@22a1e2b1
reloadAllAccessors: .InferInitProductionDeeper

===========================================================================================
----------------- testing Sun Jun 09 04:37:41 UTC 2019 /home/travis/build/icyphy/ptII/ptolemy/domains/sdf/test/auto/LMSAdaptive.xml
----------------- Instantiating /home/travis/build/icyphy/ptII/ptolemy/domains/sdf/test/auto/LMSAdaptive.xml
14 ms. Memory: 872448K Free: 82426K (9%)
----------------- Invoking toplevel() on ptolemy.moml.MoMLSimpleApplication@57f2e42c
----------------- Done invoking toplevel() on ptolemy.moml.MoMLSimpleApplication@57f2e42c
reloadAllAccessors: .LMSAdaptive

===========================================================================================
----------------- testing Sun Jun 09 04:37:41 UTC 2019 /home/travis/build/icyphy/ptII/ptolemy/domains/sdf/test/auto/LogisticMap.xml
----------------- Instantiating /home/travis/build/icyphy/ptII/ptolemy/domains/sdf/test/auto/LogisticMap.xml
454 ms. Memory: 872960K Free: 857776K (98%)
----------------- Invoking toplevel() on ptolemy.moml.MoMLSimpleApplication@1cd302d8
----------------- Done invoking toplevel() on ptolemy.moml.MoMLSimpleApplication@1cd302d8
reloadAllAccessors: .LogisticMap

===========================================================================================
----------------- testing Sun Jun 09 04:37:41 UTC 2019 /home/travis/build/icyphy/ptII/ptolemy/domains/sdf/test/auto/MaximumEntropySpectrum.xml
----------------- Instantiating /home/travis/build/icyphy/ptII/ptolemy/domains/sdf/test/auto/MaximumEntropySpectrum.xml
90 ms. Memory: 872960K Free: 782952K (90%)
----------------- Invoking toplevel() on ptolemy.moml.MoMLSimpleApplication@3fe5188a
----------------- Done invoking toplevel() on ptolemy.moml.MoMLSimpleApplication@3fe5188a
reloadAllAccessors: .MaximumEntropySpectrum

===========================================================================================
----------------- testing Sun Jun 09 04:37:42 UTC 2019 /home/travis/build/icyphy/ptII/ptolemy/domains/sdf/test/auto/MultirateSDF.xml
----------------- Instantiating /home/travis/build/icyphy/ptII/ptolemy/domains/sdf/test/auto/MultirateSDF.xml
23 ms. Memory: 872960K Free: 762035K (87%)
----------------- Invoking toplevel() on ptolemy.moml.MoMLSimpleApplication@76caae7f
----------------- Done invoking toplevel() on ptolemy.moml.MoMLSimpleApplication@76caae7f
reloadAllAccessors: .MultirateSDF

===========================================================================================
----------------- testing Sun Jun 09 04:37:42 UTC 2019 /home/travis/build/icyphy/ptII/ptolemy/domains/sdf/test/auto/MultirateSDFwithTransientStates.xml
----------------- Instantiating /home/travis/build/icyphy/ptII/ptolemy/domains/sdf/test/auto/MultirateSDFwithTransientStates.xml
28 ms. Memory: 872960K Free: 741103K (85%)
----------------- Invoking toplevel() on ptolemy.moml.MoMLSimpleApplication@1d2f1c35
----------------- Done invoking toplevel() on ptolemy.moml.MoMLSimpleApplication@1d2f1c35
reloadAllAccessors: .MultirateSDFwithTransientStates

===========================================================================================
----------------- testing Sun Jun 09 04:37:42 UTC 2019 /home/travis/build/icyphy/ptII/ptolemy/domains/sdf/test/auto/NoisySinewave.xml
----------------- Instantiating /home/travis/build/icyphy/ptII/ptolemy/domains/sdf/test/auto/NoisySinewave.xml
15 ms. Memory: 872960K Free: 720186K (82%)
----------------- Invoking toplevel() on ptolemy.moml.MoMLSimpleApplication@51757ed9
----------------- Done invoking toplevel() on ptolemy.moml.MoMLSimpleApplication@51757ed9
reloadAllAccessors: .NoisySinewave

===========================================================================================
----------------- testing Sun Jun 09 04:37:42 UTC 2019 /home/travis/build/icyphy/ptII/ptolemy/domains/sdf/test/auto/Objects.xml
----------------- Instantiating /home/travis/build/icyphy/ptII/ptolemy/domains/sdf/test/auto/Objects.xml
5 ms. Memory: 872960K Free: 704498K (81%)
----------------- Invoking toplevel() on ptolemy.moml.MoMLSimpleApplication@26b5cf5
----------------- Done invoking toplevel() on ptolemy.moml.MoMLSimpleApplication@26b5cf5
reloadAllAccessors: .Objects

===========================================================================================
----------------- testing Sun Jun 09 04:37:42 UTC 2019 /home/travis/build/icyphy/ptII/ptolemy/domains/sdf/test/auto/OrthogonalCom.xml
----------------- Instantiating /home/travis/build/icyphy/ptII/ptolemy/domains/sdf/test/auto/OrthogonalCom.xml
5 ms. Memory: 872960K Free: 688810K (79%)
----------------- Invoking toplevel() on ptolemy.moml.MoMLSimpleApplication@6f675a34
----------------- Done invoking toplevel() on ptolemy.moml.MoMLSimpleApplication@6f675a34
reloadAllAccessors: .OrthogonalCom

===========================================================================================
----------------- testing Sun Jun 09 04:37:42 UTC 2019 /home/travis/build/icyphy/ptII/ptolemy/domains/sdf/test/auto/RijndaelEncryption.xml
----------------- Instantiating /home/travis/build/icyphy/ptII/ptolemy/domains/sdf/test/auto/RijndaelEncryption.xml
298 ms. Memory: 872960K Free: 526703K (60%)
----------------- Invoking toplevel() on ptolemy.moml.MoMLSimpleApplication@41a06cdb
----------------- Done invoking toplevel() on ptolemy.moml.MoMLSimpleApplication@41a06cdb
reloadAllAccessors: .RijndaelEncryption

===========================================================================================
----------------- testing Sun Jun 09 04:37:43 UTC 2019 /home/travis/build/icyphy/ptII/ptolemy/domains/sdf/test/auto/SDFEmptyIterations.xml
----------------- Instantiating /home/travis/build/icyphy/ptII/ptolemy/domains/sdf/test/auto/SDFEmptyIterations.xml
6 ms. Memory: 872960K Free: 516245K (59%)
----------------- Invoking toplevel() on ptolemy.moml.MoMLSimpleApplication@33548234
----------------- Done invoking toplevel() on ptolemy.moml.MoMLSimpleApplication@33548234
reloadAllAccessors: .SDFEmptyIterations

===========================================================================================
----------------- testing Sun Jun 09 04:37:43 UTC 2019 /home/travis/build/icyphy/ptII/ptolemy/domains/sdf/test/auto/Spectrum.xml
----------------- Instantiating /home/travis/build/icyphy/ptII/ptolemy/domains/sdf/test/auto/Spectrum.xml
27 ms. Memory: 872960K Free: 492398K (56%)
----------------- Invoking toplevel() on ptolemy.moml.MoMLSimpleApplication@5774322b
----------------- Done invoking toplevel() on ptolemy.moml.MoMLSimpleApplication@5774322b
reloadAllAccessors: .Spectrum

===========================================================================================
----------------- testing Sun Jun 09 04:37:43 UTC 2019 /home/travis/build/icyphy/ptII/ptolemy/domains/sdf/test/auto/de_inside_sdf.xml
----------------- Instantiating /home/travis/build/icyphy/ptII/ptolemy/domains/sdf/test/auto/de_inside_sdf.xml
8 ms. Memory: 872960K Free: 481940K (55%)
----------------- Invoking toplevel() on ptolemy.moml.MoMLSimpleApplication@6d567b02
----------------- Done invoking toplevel() on ptolemy.moml.MoMLSimpleApplication@6d567b02
reloadAllAccessors: .de_inside_sdf

===========================================================================================
----------------- testing Sun Jun 09 04:37:43 UTC 2019 /home/travis/build/icyphy/ptII/ptolemy/domains/sdf/test/auto/disconnectedHierarchicalSDF.xml
----------------- Instantiating /home/travis/build/icyphy/ptII/ptolemy/domains/sdf/test/auto/disconnectedHierarchicalSDF.xml
7 ms. Memory: 872960K Free: 471481K (54%)
----------------- Invoking toplevel() on ptolemy.moml.MoMLSimpleApplication@5f072ebd
----------------- Done invoking toplevel() on ptolemy.moml.MoMLSimpleApplication@5f072ebd
reloadAllAccessors: .disconnectedHierarchicalSDF

===========================================================================================
----------------- testing Sun Jun 09 04:37:43 UTC 2019 /home/travis/build/icyphy/ptII/ptolemy/domains/sdf/test/auto/disconnectedSDF.xml
----------------- Instantiating /home/travis/build/icyphy/ptII/ptolemy/domains/sdf/test/auto/disconnectedSDF.xml
2 ms. Memory: 872960K Free: 461023K (53%)
----------------- Invoking toplevel() on ptolemy.moml.MoMLSimpleApplication@4c60c9a2
----------------- Done invoking toplevel() on ptolemy.moml.MoMLSimpleApplication@4c60c9a2
reloadAllAccessors: .disconnectedSDF

===========================================================================================
----------------- testing Sun Jun 09 04:37:43 UTC 2019 /home/travis/build/icyphy/ptII/ptolemy/domains/sdf/test/auto/emptyRefinement.xml
----------------- Instantiating /home/travis/build/icyphy/ptII/ptolemy/domains/sdf/test/auto/emptyRefinement.xml
7 ms. Memory: 872960K Free: 450565K (52%)
----------------- Invoking toplevel() on ptolemy.moml.MoMLSimpleApplication@32749e17
----------------- Done invoking toplevel() on ptolemy.moml.MoMLSimpleApplication@32749e17
reloadAllAccessors: .emptyRefinement

===========================================================================================
----------------- testing Sun Jun 09 04:37:43 UTC 2019 /home/travis/build/icyphy/ptII/ptolemy/domains/sdf/test/auto/filePortParameter.xml
----------------- Instantiating /home/travis/build/icyphy/ptII/ptolemy/domains/sdf/test/auto/filePortParameter.xml
17 ms. Memory: 872960K Free: 434877K (50%)
----------------- Invoking toplevel() on ptolemy.moml.MoMLSimpleApplication@314000c4
----------------- Done invoking toplevel() on ptolemy.moml.MoMLSimpleApplication@314000c4
reloadAllAccessors: .filePortParameter

===========================================================================================
----------------- testing Sun Jun 09 04:37:43 UTC 2019 /home/travis/build/icyphy/ptII/ptolemy/domains/sdf/test/auto/inferRelationWidth1.xml
----------------- Instantiating /home/travis/build/icyphy/ptII/ptolemy/domains/sdf/test/auto/inferRelationWidth1.xml
2 ms. Memory: 872960K Free: 424418K (49%)
----------------- Invoking toplevel() on ptolemy.moml.MoMLSimpleApplication@41ab2998
----------------- Done invoking toplevel() on ptolemy.moml.MoMLSimpleApplication@41ab2998
reloadAllAccessors: .inferRelationWidth1

===========================================================================================
----------------- testing Sun Jun 09 04:37:43 UTC 2019 /home/travis/build/icyphy/ptII/ptolemy/domains/sdf/test/auto/initProductionInference.xml
----------------- Instantiating /home/travis/build/icyphy/ptII/ptolemy/domains/sdf/test/auto/initProductionInference.xml
8 ms. Memory: 872960K Free: 413960K (47%)
----------------- Invoking toplevel() on ptolemy.moml.MoMLSimpleApplication@4f2cc7a4
----------------- Done invoking toplevel() on ptolemy.moml.MoMLSimpleApplication@4f2cc7a4
reloadAllAccessors: .initProductionInference

===========================================================================================
----------------- testing Sun Jun 09 04:37:43 UTC 2019 /home/travis/build/icyphy/ptII/ptolemy/domains/sdf/test/auto/relationGroup.xml
----------------- Instantiating /home/travis/build/icyphy/ptII/ptolemy/domains/sdf/test/auto/relationGroup.xml
2 ms. Memory: 872960K Free: 403501K (46%)
----------------- Invoking toplevel() on ptolemy.moml.MoMLSimpleApplication@87120c1
----------------- Done invoking toplevel() on ptolemy.moml.MoMLSimpleApplication@87120c1
reloadAllAccessors: .relationGroup

===========================================================================================
----------------- testing Sun Jun 09 04:37:43 UTC 2019 /home/travis/build/icyphy/ptII/ptolemy/domains/sdf/test/auto/relationGroup10.xml
----------------- Instantiating /home/travis/build/icyphy/ptII/ptolemy/domains/sdf/test/auto/relationGroup10.xml
2 ms. Memory: 872960K Free: 390122K (45%)
----------------- Invoking toplevel() on ptolemy.moml.MoMLSimpleApplication@2219f700
----------------- Done invoking toplevel() on ptolemy.moml.MoMLSimpleApplication@2219f700
reloadAllAccessors: .relationGroup10

===========================================================================================
----------------- testing Sun Jun 09 04:37:43 UTC 2019 /home/travis/build/icyphy/ptII/ptolemy/domains/sdf/test/auto/relationGroup11.xml
----------------- Instantiating /home/travis/build/icyphy/ptII/ptolemy/domains/sdf/test/auto/relationGroup11.xml
2 ms. Memory: 872960K Free: 379663K (43%)
----------------- Invoking toplevel() on ptolemy.moml.MoMLSimpleApplication@e393a96
----------------- Done invoking toplevel() on ptolemy.moml.MoMLSimpleApplication@e393a96
reloadAllAccessors: .relationGroup11

===========================================================================================
----------------- testing Sun Jun 09 04:37:43 UTC 2019 /home/travis/build/icyphy/ptII/ptolemy/domains/sdf/test/auto/relationGroup12.xml
----------------- Instantiating /home/travis/build/icyphy/ptII/ptolemy/domains/sdf/test/auto/relationGroup12.xml
3 ms. Memory: 872960K Free: 369205K (42%)
----------------- Invoking toplevel() on ptolemy.moml.MoMLSimpleApplication@6b2407ae
----------------- Done invoking toplevel() on ptolemy.moml.MoMLSimpleApplication@6b2407ae
reloadAllAccessors: .relationGroup12

===========================================================================================
----------------- testing Sun Jun 09 04:37:43 UTC 2019 /home/travis/build/icyphy/ptII/ptolemy/domains/sdf/test/auto/relationGroup13.xml
----------------- Instantiating /home/travis/build/icyphy/ptII/ptolemy/domains/sdf/test/auto/relationGroup13.xml
11 ms. Memory: 872960K Free: 358746K (41%)
----------------- Invoking toplevel() on ptolemy.moml.MoMLSimpleApplication@3756d7eb
----------------- Done invoking toplevel() on ptolemy.moml.MoMLSimpleApplication@3756d7eb
reloadAllAccessors: .relationGroup13

===========================================================================================
----------------- testing Sun Jun 09 04:37:43 UTC 2019 /home/travis/build/icyphy/ptII/ptolemy/domains/sdf/test/auto/relationGroup14.xml
----------------- Instantiating /home/travis/build/icyphy/ptII/ptolemy/domains/sdf/test/auto/relationGroup14.xml
3 ms. Memory: 872960K Free: 348288K (40%)
----------------- Invoking toplevel() on ptolemy.moml.MoMLSimpleApplication@6ad68b24
----------------- Done invoking toplevel() on ptolemy.moml.MoMLSimpleApplication@6ad68b24
reloadAllAccessors: .relationGroup14

===========================================================================================
----------------- testing Sun Jun 09 04:37:43 UTC 2019 /home/travis/build/icyphy/ptII/ptolemy/domains/sdf/test/auto/relationGroup15.xml
----------------- Instantiating /home/travis/build/icyphy/ptII/ptolemy/domains/sdf/test/auto/relationGroup15.xml
2 ms. Memory: 872960K Free: 337829K (39%)
----------------- Invoking toplevel() on ptolemy.moml.MoMLSimpleApplication@2464bdb5
----------------- Done invoking toplevel() on ptolemy.moml.MoMLSimpleApplication@2464bdb5
reloadAllAccessors: .relationGroup15

===========================================================================================
----------------- testing Sun Jun 09 04:37:43 UTC 2019 /home/travis/build/icyphy/ptII/ptolemy/domains/sdf/test/auto/relationGroup2.xml
----------------- Instantiating /home/travis/build/icyphy/ptII/ptolemy/domains/sdf/test/auto/relationGroup2.xml
1 ms. Memory: 872960K Free: 327371K (38%)
----------------- Invoking toplevel() on ptolemy.moml.MoMLSimpleApplication@57f9f0bb
----------------- Done invoking toplevel() on ptolemy.moml.MoMLSimpleApplication@57f9f0bb
reloadAllAccessors: .relationGroup2

===========================================================================================
----------------- testing Sun Jun 09 04:37:43 UTC 2019 /home/travis/build/icyphy/ptII/ptolemy/domains/sdf/test/auto/relationGroup3.xml
----------------- Instantiating /home/travis/build/icyphy/ptII/ptolemy/domains/sdf/test/auto/relationGroup3.xml
2 ms. Memory: 872960K Free: 316912K (36%)
----------------- Invoking toplevel() on ptolemy.moml.MoMLSimpleApplication@4944b103
----------------- Done invoking toplevel() on ptolemy.moml.MoMLSimpleApplication@4944b103
reloadAllAccessors: .relationGroup3

===========================================================================================
----------------- testing Sun Jun 09 04:37:43 UTC 2019 /home/travis/build/icyphy/ptII/ptolemy/domains/sdf/test/auto/relationGroup4.xml
----------------- Instantiating /home/travis/build/icyphy/ptII/ptolemy/domains/sdf/test/auto/relationGroup4.xml
7 ms. Memory: 872960K Free: 306454K (35%)
----------------- Invoking toplevel() on ptolemy.moml.MoMLSimpleApplication@3f214195
----------------- Done invoking toplevel() on ptolemy.moml.MoMLSimpleApplication@3f214195
reloadAllAccessors: .relationGroup4

===========================================================================================
----------------- testing Sun Jun 09 04:37:43 UTC 2019 /home/travis/build/icyphy/ptII/ptolemy/domains/sdf/test/auto/relationGroup5.xml
----------------- Instantiating /home/travis/build/icyphy/ptII/ptolemy/domains/sdf/test/auto/relationGroup5.xml
4 ms. Memory: 872960K Free: 293074K (34%)
----------------- Invoking toplevel() on ptolemy.moml.MoMLSimpleApplication@405dfe4b
----------------- Done invoking toplevel() on ptolemy.moml.MoMLSimpleApplication@405dfe4b
reloadAllAccessors: .relationGroup5

===========================================================================================
----------------- testing Sun Jun 09 04:37:43 UTC 2019 /home/travis/build/icyphy/ptII/ptolemy/domains/sdf/test/auto/relationGroup6.xml
----------------- Instantiating /home/travis/build/icyphy/ptII/ptolemy/domains/sdf/test/auto/relationGroup6.xml
4 ms. Memory: 872960K Free: 282615K (32%)
----------------- Invoking toplevel() on ptolemy.moml.MoMLSimpleApplication@15c1b428
----------------- Done invoking toplevel() on ptolemy.moml.MoMLSimpleApplication@15c1b428
reloadAllAccessors: .relationGroup6

===========================================================================================
----------------- testing Sun Jun 09 04:37:43 UTC 2019 /home/travis/build/icyphy/ptII/ptolemy/domains/sdf/test/auto/relationGroup7.xml
----------------- Instantiating /home/travis/build/icyphy/ptII/ptolemy/domains/sdf/test/auto/relationGroup7.xml
2 ms. Memory: 872960K Free: 272157K (31%)
----------------- Invoking toplevel() on ptolemy.moml.MoMLSimpleApplication@6dbe1937
----------------- Done invoking toplevel() on ptolemy.moml.MoMLSimpleApplication@6dbe1937
reloadAllAccessors: .relationGroup7

===========================================================================================
----------------- testing Sun Jun 09 04:37:43 UTC 2019 /home/travis/build/icyphy/ptII/ptolemy/domains/sdf/test/auto/relationGroup8.xml
----------------- Instantiating /home/travis/build/icyphy/ptII/ptolemy/domains/sdf/test/auto/relationGroup8.xml
1 ms. Memory: 872960K Free: 261699K (30%)
----------------- Invoking toplevel() on ptolemy.moml.MoMLSimpleApplication@547cb311
----------------- Done invoking toplevel() on ptolemy.moml.MoMLSimpleApplication@547cb311
reloadAllAccessors: .relationGroup8

===========================================================================================
----------------- testing Sun Jun 09 04:37:43 UTC 2019 /home/travis/build/icyphy/ptII/ptolemy/domains/sdf/test/auto/relationGroup9.xml
----------------- Instantiating /home/travis/build/icyphy/ptII/ptolemy/domains/sdf/test/auto/relationGroup9.xml
3 ms. Memory: 872960K Free: 251240K (29%)
----------------- Invoking toplevel() on ptolemy.moml.MoMLSimpleApplication@6a6436e
----------------- Done invoking toplevel() on ptolemy.moml.MoMLSimpleApplication@6a6436e
reloadAllAccessors: .relationGroup9

===========================================================================================
----------------- testing Sun Jun 09 04:37:43 UTC 2019 /home/travis/build/icyphy/ptII/ptolemy/domains/sdf/test/auto/sdf_inside_de.xml
----------------- Instantiating /home/travis/build/icyphy/ptII/ptolemy/domains/sdf/test/auto/sdf_inside_de.xml
18 ms. Memory: 872960K Free: 235552K (27%)
----------------- Invoking toplevel() on ptolemy.moml.MoMLSimpleApplication@22c05616
----------------- Done invoking toplevel() on ptolemy.moml.MoMLSimpleApplication@22c05616
reloadAllAccessors: .sdf_inside_de

===========================================================================================
----------------- testing Sun Jun 09 04:37:43 UTC 2019 /home/travis/build/icyphy/ptII/ptolemy/domains/sdf/test/auto/sdf_inside_pn.xml
----------------- Instantiating /home/travis/build/icyphy/ptII/ptolemy/domains/sdf/test/auto/sdf_inside_pn.xml
45 ms. Memory: 872960K Free: 198948K (23%)
----------------- Invoking toplevel() on ptolemy.moml.MoMLSimpleApplication@103ba8d9
----------------- Done invoking toplevel() on ptolemy.moml.MoMLSimpleApplication@103ba8d9
reloadAllAccessors: .sdf_inside_pn

===========================================================================================
----------------- testing Sun Jun 09 04:37:43 UTC 2019 /home/travis/build/icyphy/ptII/ptolemy/domains/sdf/test/auto/sdf_sdf1.xml
----------------- Instantiating /home/travis/build/icyphy/ptII/ptolemy/domains/sdf/test/auto/sdf_sdf1.xml
4 ms. Memory: 872960K Free: 188489K (22%)
----------------- Invoking toplevel() on ptolemy.moml.MoMLSimpleApplication@283bc2f
----------------- Done invoking toplevel() on ptolemy.moml.MoMLSimpleApplication@283bc2f
reloadAllAccessors: .sdf_sdf1

===========================================================================================
----------------- testing Sun Jun 09 04:37:43 UTC 2019 /home/travis/build/icyphy/ptII/ptolemy/domains/sdf/test/auto/test1.xml
----------------- Instantiating /home/travis/build/icyphy/ptII/ptolemy/domains/sdf/test/auto/test1.xml
2 ms. Memory: 872960K Free: 175109K (20%)
----------------- Invoking toplevel() on ptolemy.moml.MoMLSimpleApplication@59c283a3
----------------- Done invoking toplevel() on ptolemy.moml.MoMLSimpleApplication@59c283a3
reloadAllAccessors: .test1

===========================================================================================
----------------- testing Sun Jun 09 04:37:43 UTC 2019 /home/travis/build/icyphy/ptII/ptolemy/domains/sdf/test/auto/time1.xml
----------------- Instantiating /home/travis/build/icyphy/ptII/ptolemy/domains/sdf/test/auto/time1.xml
2 ms. Memory: 872960K Free: 164651K (19%)
----------------- Invoking toplevel() on ptolemy.moml.MoMLSimpleApplication@30a31bb3
----------------- Done invoking toplevel() on ptolemy.moml.MoMLSimpleApplication@30a31bb3
reloadAllAccessors: .time1

===========================================================================================
----------------- testing Sun Jun 09 04:37:43 UTC 2019 /home/travis/build/icyphy/ptII/ptolemy/domains/sdf/test/auto/time2.xml
----------------- Instantiating /home/travis/build/icyphy/ptII/ptolemy/domains/sdf/test/auto/time2.xml
3 ms. Memory: 872960K Free: 154192K (18%)
----------------- Invoking toplevel() on ptolemy.moml.MoMLSimpleApplication@39f66d77
----------------- Done invoking toplevel() on ptolemy.moml.MoMLSimpleApplication@39f66d77
reloadAllAccessors: .time2

===========================================================================================
----------------- testing Sun Jun 09 04:37:43 UTC 2019 /home/travis/build/icyphy/ptII/ptolemy/domains/sdf/test/auto/time3.xml
----------------- Instantiating /home/travis/build/icyphy/ptII/ptolemy/domains/sdf/test/auto/time3.xml
8 ms. Memory: 872960K Free: 143734K (16%)
----------------- Invoking toplevel() on ptolemy.moml.MoMLSimpleApplication@49d8fe4b
----------------- Done invoking toplevel() on ptolemy.moml.MoMLSimpleApplication@49d8fe4b
reloadAllAccessors: .time3

===========================================================================================
----------------- testing Sun Jun 09 04:37:43 UTC 2019 /home/travis/build/icyphy/ptII/ptolemy/domains/sdf/test/auto/time4.xml
----------------- Instantiating /home/travis/build/icyphy/ptII/ptolemy/domains/sdf/test/auto/time4.xml
6 ms. Memory: 872960K Free: 133275K (15%)
----------------- Invoking toplevel() on ptolemy.moml.MoMLSimpleApplication@7698eaa8
----------------- Done invoking toplevel() on ptolemy.moml.MoMLSimpleApplication@7698eaa8
reloadAllAccessors: .time4

===========================================================================================
----------------- testing Sun Jun 09 04:37:43 UTC 2019 /home/travis/build/icyphy/ptII/ptolemy/domains/sdf/test/auto/time5.xml
----------------- Instantiating /home/travis/build/icyphy/ptII/ptolemy/domains/sdf/test/auto/time5.xml
4003 ms. Memory: 872960K Free: 122817K (14%)
----------------- Invoking toplevel() on ptolemy.moml.MoMLSimpleApplication@72e95870
----------------- Done invoking toplevel() on ptolemy.moml.MoMLSimpleApplication@72e95870
reloadAllAccessors: .time5

===========================================================================================
----------------- testing Sun Jun 09 04:37:47 UTC 2019 /home/travis/build/icyphy/ptII/ptolemy/domains/sdf/test/auto/typeSystem_Const_Integer_smallest_Type.xml
----------------- Instantiating /home/travis/build/icyphy/ptII/ptolemy/domains/sdf/test/auto/typeSystem_Const_Integer_smallest_Type.xml
6 ms. Memory: 872960K Free: 112358K (13%)
----------------- Invoking toplevel() on ptolemy.moml.MoMLSimpleApplication@1282c57
----------------- Done invoking toplevel() on ptolemy.moml.MoMLSimpleApplication@1282c57
reloadAllAccessors: .typeSystem_Const_Integer_smallest_Type

===========================================================================================
----------------- testing Sun Jun 09 04:37:47 UTC 2019 /home/travis/build/icyphy/ptII/ptolemy/domains/sdf/test/auto/typeSystem_declared_Inports_OutportTypeException.xml
----------------- Instantiating /home/travis/build/icyphy/ptII/ptolemy/domains/sdf/test/auto/typeSystem_declared_Inports_OutportTypeException.xml
.typeSystem_declared_Inports_OutportTypeException.TestExceptionAttribute: initialize() was not invoked, but wrapup() was.  This is unusual, but not always a problem.  For example, exporting JNLP will do this.
3 ms. Memory: 872960K Free: 101900K (12%)
----------------- Invoking toplevel() on ptolemy.moml.MoMLSimpleApplication@2465740e
----------------- Done invoking toplevel() on ptolemy.moml.MoMLSimpleApplication@2465740e
reloadAllAccessors: .typeSystem_declared_Inports_OutportTypeException

===========================================================================================
----------------- testing Sun Jun 09 04:37:48 UTC 2019 /home/travis/build/icyphy/ptII/ptolemy/domains/sdf/test/auto/typeSystem_oneDeclaredInportType_wrongTypeOutport.xml
----------------- Instantiating /home/travis/build/icyphy/ptII/ptolemy/domains/sdf/test/auto/typeSystem_oneDeclaredInportType_wrongTypeOutport.xml
5 ms. Memory: 872960K Free: 88520K (10%)
----------------- Invoking toplevel() on ptolemy.moml.MoMLSimpleApplication@4435543d
----------------- Done invoking toplevel() on ptolemy.moml.MoMLSimpleApplication@4435543d
reloadAllAccessors: .typeSystem_oneDeclaredInportType_wrongTypeOutport

===========================================================================================
----------------- testing Sun Jun 09 04:37:48 UTC 2019 /home/travis/build/icyphy/ptII/ptolemy/domains/sdf/test/auto/width.xml
----------------- Instantiating /home/travis/build/icyphy/ptII/ptolemy/domains/sdf/test/auto/width.xml
3 ms. Memory: 872960K Free: 78062K (9%)
----------------- Invoking toplevel() on ptolemy.moml.MoMLSimpleApplication@43537e9f
----------------- Done invoking toplevel() on ptolemy.moml.MoMLSimpleApplication@43537e9f
reloadAllAccessors: .width

===========================================================================================
----------------- testing Sun Jun 09 04:37:48 UTC 2019 /home/travis/build/icyphy/ptII/ptolemy/domains/sdf/test/auto/width2.xml
----------------- Instantiating /home/travis/build/icyphy/ptII/ptolemy/domains/sdf/test/auto/width2.xml
34 ms. Memory: 829440K Free: 809923K (98%)
----------------- Invoking toplevel() on ptolemy.moml.MoMLSimpleApplication@59c23f23
----------------- Done invoking toplevel() on ptolemy.moml.MoMLSimpleApplication@59c23f23
reloadAllAccessors: .width2

===========================================================================================
----------------- testing Sun Jun 09 04:37:48 UTC 2019 /home/travis/build/icyphy/ptII/ptolemy/domains/sdf/test/auto/width3.xml
----------------- Instantiating /home/travis/build/icyphy/ptII/ptolemy/domains/sdf/test/auto/width3.xml
22 ms. Memory: 829440K Free: 798042K (96%)
----------------- Invoking toplevel() on ptolemy.moml.MoMLSimpleApplication@105f707b
----------------- Done invoking toplevel() on ptolemy.moml.MoMLSimpleApplication@105f707b
reloadAllAccessors: .width3
AutoTests.java: About to close Vertx.
AutoTests.java: Vertx closed.
]]></system-out>
  <system-err><![CDATA[java.lang.RuntimeException: Execution failed
	at ptolemy.moml.MoMLSimpleApplication$UnloadThread.run(MoMLSimpleApplication.java:402)
Caused by: ptolemy.actor.sched.NotSchedulableException: No solution exists for the balance equations.
Graph is not consistent under the SDF domain detected on external port .rateConsistency.actor.port2
  in .rateConsistency.SDF Director.Scheduler
	at ptolemy.domains.sdf.kernel.SDFScheduler._propagatePort(SDFScheduler.java:1425)
	at ptolemy.domains.sdf.kernel.SDFScheduler._solveBalanceEquations(SDFScheduler.java:710)
	at ptolemy.domains.sdf.kernel.SDFScheduler._getSchedule(SDFScheduler.java:566)
	at ptolemy.actor.sched.Scheduler.getSchedule(Scheduler.java:189)
	at ptolemy.domains.sdf.kernel.SDFDirector.createSchedule(SDFDirector.java:408)
	at ptolemy.domains.sdf.kernel.SDFDirector.preinitialize(SDFDirector.java:764)
	at ptolemy.actor.CompositeActor.preinitialize(CompositeActor.java:1828)
	at ptolemy.actor.Manager.preinitializeAndResolveTypes(Manager.java:1040)
	at ptolemy.actor.Manager.initialize(Manager.java:710)
	at ptolemy.actor.Manager.execute(Manager.java:356)
	at ptolemy.actor.Manager.run(Manager.java:1263)
	at ptolemy.actor.Manager$PtolemyRunThread.run(Manager.java:1915)
java.lang.RuntimeException: Execution failed
	at ptolemy.moml.MoMLSimpleApplication$UnloadThread.run(MoMLSimpleApplication.java:402)
Caused by: ptolemy.kernel.util.IllegalActionException: Failed to compute schedule:
  in .badRateChanges.typed composite actor.SDF Director
Because:
The SDF rate parameter may change. This is not allowed in SDF models that will be run through the code generator.  If you don't care about code generation, then you might consider setting the allowRateChanges parameter of the SDF director to false.
  in .badRateChanges.typed composite actor.Repeat.output.tokenProductionRate
	at ptolemy.domains.sdf.kernel.SDFDirector.createSchedule(SDFDirector.java:418)
	at ptolemy.domains.sdf.kernel.SDFDirector.preinitialize(SDFDirector.java:764)
	at ptolemy.actor.CompositeActor.preinitialize(CompositeActor.java:1828)
	at ptolemy.actor.Director.preinitialize(Director.java:1302)
	at ptolemy.actor.Director.preinitialize(Director.java:1257)
	at ptolemy.domains.sdf.kernel.SDFDirector.preinitialize(SDFDirector.java:763)
	at ptolemy.actor.CompositeActor.preinitialize(CompositeActor.java:1828)
	at ptolemy.actor.Manager.preinitializeAndResolveTypes(Manager.java:1040)
	at ptolemy.actor.Manager.initialize(Manager.java:710)
	at ptolemy.actor.Manager.execute(Manager.java:356)
	at ptolemy.actor.Manager.run(Manager.java:1263)
	at ptolemy.actor.Manager$PtolemyRunThread.run(Manager.java:1915)
Caused by: ptolemy.kernel.util.IllegalActionException: The SDF rate parameter may change. This is not allowed in SDF models that will be run through the code generator.  If you don't care about code generation, then you might consider setting the allowRateChanges parameter of the SDF director to false.
  in .badRateChanges.typed composite actor.Repeat.output.tokenProductionRate
	at ptolemy.domains.sdf.kernel.SDFScheduler._assertDynamicRateVariable(SDFScheduler.java:931)
	at ptolemy.domains.sdf.kernel.SDFScheduler._checkDynamicRateVariables(SDFScheduler.java:339)
	at ptolemy.domains.sdf.kernel.SDFScheduler._getSchedule(SDFScheduler.java:527)
	at ptolemy.actor.sched.Scheduler.getSchedule(Scheduler.java:189)
	at ptolemy.domains.sdf.kernel.SDFDirector.createSchedule(SDFDirector.java:408)
	... 11 more
java.lang.RuntimeException: Execution failed
	at ptolemy.moml.MoMLSimpleApplication$UnloadThread.run(MoMLSimpleApplication.java:402)
Caused by: ptolemy.kernel.util.IllegalActionException: Failed to compute schedule:
  in .badRateChanges2.typed composite actor.SDF Director
Because:
The SDF rate parameter may change. This is not allowed in SDF models that will be run through the code generator.  If you don't care about code generation, then you might consider setting the allowRateChanges parameter of the SDF director to false.
  in .badRateChanges2.typed composite actor.Repeat.output.tokenProductionRate
	at ptolemy.domains.sdf.kernel.SDFDirector.createSchedule(SDFDirector.java:418)
	at ptolemy.domains.sdf.kernel.SDFDirector.preinitialize(SDFDirector.java:764)
	at ptolemy.actor.CompositeActor.preinitialize(CompositeActor.java:1828)
	at ptolemy.actor.Director.preinitialize(Director.java:1302)
	at ptolemy.actor.Director.preinitialize(Director.java:1257)
	at ptolemy.domains.sdf.kernel.SDFDirector.preinitialize(SDFDirector.java:763)
	at ptolemy.actor.CompositeActor.preinitialize(CompositeActor.java:1828)
	at ptolemy.actor.Manager.preinitializeAndResolveTypes(Manager.java:1040)
	at ptolemy.actor.Manager.initialize(Manager.java:710)
	at ptolemy.actor.Manager.execute(Manager.java:356)
	at ptolemy.actor.Manager.run(Manager.java:1263)
	at ptolemy.actor.Manager$PtolemyRunThread.run(Manager.java:1915)
Caused by: ptolemy.kernel.util.IllegalActionException: The SDF rate parameter may change. This is not allowed in SDF models that will be run through the code generator.  If you don't care about code generation, then you might consider setting the allowRateChanges parameter of the SDF director to false.
  in .badRateChanges2.typed composite actor.Repeat.output.tokenProductionRate
	at ptolemy.domains.sdf.kernel.SDFScheduler._assertDynamicRateVariable(SDFScheduler.java:931)
	at ptolemy.domains.sdf.kernel.SDFScheduler._checkDynamicRateVariables(SDFScheduler.java:339)
	at ptolemy.domains.sdf.kernel.SDFScheduler._getSchedule(SDFScheduler.java:527)
	at ptolemy.actor.sched.Scheduler.getSchedule(Scheduler.java:189)
	at ptolemy.domains.sdf.kernel.SDFDirector.createSchedule(SDFDirector.java:408)
	... 11 more
java.lang.RuntimeException: Execution failed
	at ptolemy.moml.MoMLSimpleApplication$UnloadThread.run(MoMLSimpleApplication.java:402)
Caused by: ptolemy.actor.sched.NotSchedulableException: Actors remain that cannot be scheduled!

There are several possible reasons:
* SDF Graphs with feedback loops should have an actor with a delay in the loop, such as a SampleDelay.
* The SDF director has an "allowDisconnectedGraphs"parameter, which, when true, permits disconnected SDF graphs.
* The token consumption rate and production rates might be mismatched.
Usually, actors produce one token or consume one token on a port.  To produce or consume multiple tokens per firing, add a "tokenConsumptionRate" or "tokenProductionRate" parameter to the appropriate port.
Unscheduled actors:
.partiallyConnected.Const2 
Scheduled actors:
.partiallyConnected.Const 
  in .partiallyConnected.SDF Director.Scheduler
	at ptolemy.domains.sdf.kernel.SDFScheduler._scheduleConnectedActors(SDFScheduler.java:1828)
	at ptolemy.domains.sdf.kernel.SDFScheduler._getSchedule(SDFScheduler.java:587)
	at ptolemy.actor.sched.Scheduler.getSchedule(Scheduler.java:189)
	at ptolemy.domains.sdf.kernel.SDFDirector.createSchedule(SDFDirector.java:408)
	at ptolemy.domains.sdf.kernel.SDFDirector.preinitialize(SDFDirector.java:764)
	at ptolemy.actor.CompositeActor.preinitialize(CompositeActor.java:1828)
	at ptolemy.actor.Manager.preinitializeAndResolveTypes(Manager.java:1040)
	at ptolemy.actor.Manager.initialize(Manager.java:710)
	at ptolemy.actor.Manager.execute(Manager.java:356)
	at ptolemy.actor.Manager.run(Manager.java:1263)
	at ptolemy.actor.Manager$PtolemyRunThread.run(Manager.java:1915)
]]></system-err>
</testsuite>
