<?xml version="1.0" encoding="UTF-8" ?>
<testsuite errors="0" failures="0" hostname="travis-job-64391d01-13bb-4396-bb20-8b885949e747" name="ptolemy.actor.lib.hoc.test.junit.JUnitTclTest" skipped="0" tests="58" time="32.877" timestamp="2019-10-29T06:11:00">
  <properties>
[...]
</properties>
  <testcase classname="ptolemy.util.test.junit.TclTests" name="[0] /home/travis/build/icyphy/ptII/ptolemy/actor/lib/hoc/test/IterateOverArray.tcl (RunTclFile)" time="0.281" />
  <testcase classname="ptolemy.util.test.junit.AutoKnownFailedTests" name="[0] /home/travis/build/icyphy/ptII/ptolemy/actor/lib/hoc/test/auto/knownFailedTests/PreinitializeMustBeInvokedRunComposite.xml (RunModel)" time="0.416" />
  <testcase classname="ptolemy.util.test.junit.AutoNameArchTests" name="[0] ThereAreNoAutoArchTests (RunModel)" time="0.007" />
  <testcase classname="ptolemy.util.test.junit.AutoTests" name="[0] /home/travis/build/icyphy/ptII/ptolemy/actor/lib/hoc/test/auto/AllToAllMultiInstanceComposite.xml (RunModel)" time="0.387" />
  <testcase classname="ptolemy.util.test.junit.AutoTests" name="[1] /home/travis/build/icyphy/ptII/ptolemy/actor/lib/hoc/test/auto/ApplyFFTTest.xml (RunModel)" time="0.436" />
  <testcase classname="ptolemy.util.test.junit.AutoTests" name="[2] /home/travis/build/icyphy/ptII/ptolemy/actor/lib/hoc/test/auto/ApplyFunction.xml (RunModel)" time="0.059" />
  <testcase classname="ptolemy.util.test.junit.AutoTests" name="[3] /home/travis/build/icyphy/ptII/ptolemy/actor/lib/hoc/test/auto/BackgroundExecution.xml (RunModel)" time="0.749" />
  <testcase classname="ptolemy.util.test.junit.AutoTests" name="[4] /home/travis/build/icyphy/ptII/ptolemy/actor/lib/hoc/test/auto/Case.xml (RunModel)" time="0.073" />
  <testcase classname="ptolemy.util.test.junit.AutoTests" name="[5] /home/travis/build/icyphy/ptII/ptolemy/actor/lib/hoc/test/auto/Case1.xml (RunModel)" time="0.063" />
  <testcase classname="ptolemy.util.test.junit.AutoTests" name="[6] /home/travis/build/icyphy/ptII/ptolemy/actor/lib/hoc/test/auto/Case2.xml (RunModel)" time="0.137" />
  <testcase classname="ptolemy.util.test.junit.AutoTests" name="[7] /home/travis/build/icyphy/ptII/ptolemy/actor/lib/hoc/test/auto/Case3.xml (RunModel)" time="0.085" />
  <testcase classname="ptolemy.util.test.junit.AutoTests" name="[8] /home/travis/build/icyphy/ptII/ptolemy/actor/lib/hoc/test/auto/Case4.xml (RunModel)" time="0.048" />
  <testcase classname="ptolemy.util.test.junit.AutoTests" name="[9] /home/travis/build/icyphy/ptII/ptolemy/actor/lib/hoc/test/auto/Case5.xml (RunModel)" time="0.058" />
  <testcase classname="ptolemy.util.test.junit.AutoTests" name="[10] /home/travis/build/icyphy/ptII/ptolemy/actor/lib/hoc/test/auto/Case6.xml (RunModel)" time="0.108" />
  <testcase classname="ptolemy.util.test.junit.AutoTests" name="[11] /home/travis/build/icyphy/ptII/ptolemy/actor/lib/hoc/test/auto/CaseString2.xml (RunModel)" time="0.067" />
  <testcase classname="ptolemy.util.test.junit.AutoTests" name="[12] /home/travis/build/icyphy/ptII/ptolemy/actor/lib/hoc/test/auto/CatchUpComposite1.xml (RunModel)" time="0.104" />
  <testcase classname="ptolemy.util.test.junit.AutoTests" name="[13] /home/travis/build/icyphy/ptII/ptolemy/actor/lib/hoc/test/auto/CatchUpComposite2.xml (RunModel)" time="0.077" />
  <testcase classname="ptolemy.util.test.junit.AutoTests" name="[14] /home/travis/build/icyphy/ptII/ptolemy/actor/lib/hoc/test/auto/CatchUpComposite3.xml (RunModel)" time="0.067" />
  <testcase classname="ptolemy.util.test.junit.AutoTests" name="[15] /home/travis/build/icyphy/ptII/ptolemy/actor/lib/hoc/test/auto/CatchUpComposite4.xml (RunModel)" time="0.057" />
  <testcase classname="ptolemy.util.test.junit.AutoTests" name="[16] /home/travis/build/icyphy/ptII/ptolemy/actor/lib/hoc/test/auto/CatchUpComposite5.xml (RunModel)" time="0.034" />
  <testcase classname="ptolemy.util.test.junit.AutoTests" name="[17] /home/travis/build/icyphy/ptII/ptolemy/actor/lib/hoc/test/auto/CatchUpComposite6.xml (RunModel)" time="0.183" />
  <testcase classname="ptolemy.util.test.junit.AutoTests" name="[18] /home/travis/build/icyphy/ptII/ptolemy/actor/lib/hoc/test/auto/CatchUpComposite7.xml (RunModel)" time="0.104" />
  <testcase classname="ptolemy.util.test.junit.AutoTests" name="[19] /home/travis/build/icyphy/ptII/ptolemy/actor/lib/hoc/test/auto/ConcurrentExecutionTimeSDF.xml (RunModel)" time="1.131" />
  <testcase classname="ptolemy.util.test.junit.AutoTests" name="[20] /home/travis/build/icyphy/ptII/ptolemy/actor/lib/hoc/test/auto/ConcurrentSleep.xml (RunModel)" time="0.77" />
  <testcase classname="ptolemy.util.test.junit.AutoTests" name="[21] /home/travis/build/icyphy/ptII/ptolemy/actor/lib/hoc/test/auto/DEInPNInRunCompositeActor.xml (RunModel)" time="0.036" />
  <testcase classname="ptolemy.util.test.junit.AutoTests" name="[22] /home/travis/build/icyphy/ptII/ptolemy/actor/lib/hoc/test/auto/DFTSubSetTest.xml (RunModel)" time="0.275" />
  <testcase classname="ptolemy.util.test.junit.AutoTests" name="[23] /home/travis/build/icyphy/ptII/ptolemy/actor/lib/hoc/test/auto/HocDE.xml (RunModel)" time="0.165" />
  <testcase classname="ptolemy.util.test.junit.AutoTests" name="[24] /home/travis/build/icyphy/ptII/ptolemy/actor/lib/hoc/test/auto/IterateOverArray.xml (RunModel)" time="0.027" />
  <testcase classname="ptolemy.util.test.junit.AutoTests" name="[25] /home/travis/build/icyphy/ptII/ptolemy/actor/lib/hoc/test/auto/IterateOverArray10.xml (RunModel)" time="0.031" />
  <testcase classname="ptolemy.util.test.junit.AutoTests" name="[26] /home/travis/build/icyphy/ptII/ptolemy/actor/lib/hoc/test/auto/IterateOverArray11.xml (RunModel)" time="0.027" />
  <testcase classname="ptolemy.util.test.junit.AutoTests" name="[27] /home/travis/build/icyphy/ptII/ptolemy/actor/lib/hoc/test/auto/IterateOverArray12.xml (RunModel)" time="0.039" />
  <testcase classname="ptolemy.util.test.junit.AutoTests" name="[28] /home/travis/build/icyphy/ptII/ptolemy/actor/lib/hoc/test/auto/IterateOverArray13.xml (RunModel)" time="0.155" />
  <testcase classname="ptolemy.util.test.junit.AutoTests" name="[29] /home/travis/build/icyphy/ptII/ptolemy/actor/lib/hoc/test/auto/IterateOverArray14.xml (RunModel)" time="0.139" />
  <testcase classname="ptolemy.util.test.junit.AutoTests" name="[30] /home/travis/build/icyphy/ptII/ptolemy/actor/lib/hoc/test/auto/IterateOverArray2.xml (RunModel)" time="0.029" />
  <testcase classname="ptolemy.util.test.junit.AutoTests" name="[31] /home/travis/build/icyphy/ptII/ptolemy/actor/lib/hoc/test/auto/IterateOverArray3.xml (RunModel)" time="0.049" />
  <testcase classname="ptolemy.util.test.junit.AutoTests" name="[32] /home/travis/build/icyphy/ptII/ptolemy/actor/lib/hoc/test/auto/IterateOverArray4.xml (RunModel)" time="0.021" />
  <testcase classname="ptolemy.util.test.junit.AutoTests" name="[33] /home/travis/build/icyphy/ptII/ptolemy/actor/lib/hoc/test/auto/IterateOverArray5.xml (RunModel)" time="0.018" />
  <testcase classname="ptolemy.util.test.junit.AutoTests" name="[34] /home/travis/build/icyphy/ptII/ptolemy/actor/lib/hoc/test/auto/IterateOverArray6.xml (RunModel)" time="0.022" />
  <testcase classname="ptolemy.util.test.junit.AutoTests" name="[35] /home/travis/build/icyphy/ptII/ptolemy/actor/lib/hoc/test/auto/IterateOverArray7.xml (RunModel)" time="0.025" />
  <testcase classname="ptolemy.util.test.junit.AutoTests" name="[36] /home/travis/build/icyphy/ptII/ptolemy/actor/lib/hoc/test/auto/IterateOverArray8.xml (RunModel)" time="0.023" />
  <testcase classname="ptolemy.util.test.junit.AutoTests" name="[37] /home/travis/build/icyphy/ptII/ptolemy/actor/lib/hoc/test/auto/IterateOverArray9.xml (RunModel)" time="0.025" />
  <testcase classname="ptolemy.util.test.junit.AutoTests" name="[38] /home/travis/build/icyphy/ptII/ptolemy/actor/lib/hoc/test/auto/IterateOverArrayCoercedOutputType.xml (RunModel)" time="0.046" />
  <testcase classname="ptolemy.util.test.junit.AutoTests" name="[39] /home/travis/build/icyphy/ptII/ptolemy/actor/lib/hoc/test/auto/IterateOverArrayInferredOutputType.xml (RunModel)" time="0.033" />
  <testcase classname="ptolemy.util.test.junit.AutoTests" name="[40] /home/travis/build/icyphy/ptII/ptolemy/actor/lib/hoc/test/auto/MobileFunctionTest.xml (RunModel)" time="0.024" />
  <testcase classname="ptolemy.util.test.junit.AutoTests" name="[41] /home/travis/build/icyphy/ptII/ptolemy/actor/lib/hoc/test/auto/MobileModelTest.xml (RunModel)" time="0.155" />
  <testcase classname="ptolemy.util.test.junit.AutoTests" name="[42] /home/travis/build/icyphy/ptII/ptolemy/actor/lib/hoc/test/auto/ModelReference.xml (RunModel)" time="0.057" />
  <testcase classname="ptolemy.util.test.junit.AutoTests" name="[43] /home/travis/build/icyphy/ptII/ptolemy/actor/lib/hoc/test/auto/ModelReference3.xml (RunModel)" time="0.041" />
  <testcase classname="ptolemy.util.test.junit.AutoTests" name="[44] /home/travis/build/icyphy/ptII/ptolemy/actor/lib/hoc/test/auto/ModelReference4.xml (RunModel)" time="10.031" />
  <testcase classname="ptolemy.util.test.junit.AutoTests" name="[45] /home/travis/build/icyphy/ptII/ptolemy/actor/lib/hoc/test/auto/MultiInstanceComposite.xml (RunModel)" time="0.062" />
  <testcase classname="ptolemy.util.test.junit.AutoTests" name="[46] /home/travis/build/icyphy/ptII/ptolemy/actor/lib/hoc/test/auto/MultiInstanceComposite2.xml (RunModel)" time="0.046" />
  <testcase classname="ptolemy.util.test.junit.AutoTests" name="[47] /home/travis/build/icyphy/ptII/ptolemy/actor/lib/hoc/test/auto/MulticoreExecution.xml (RunModel)" time="1.197" />
  <testcase classname="ptolemy.util.test.junit.AutoTests" name="[48] /home/travis/build/icyphy/ptII/ptolemy/actor/lib/hoc/test/auto/ParallelExecution.xml (RunModel)" time="0.934" />
  <testcase classname="ptolemy.util.test.junit.AutoTests" name="[49] /home/travis/build/icyphy/ptII/ptolemy/actor/lib/hoc/test/auto/RunCompositeActor.xml (RunModel)" time="0.021" />
  <testcase classname="ptolemy.util.test.junit.AutoTests" name="[50] /home/travis/build/icyphy/ptII/ptolemy/actor/lib/hoc/test/auto/RunCompositeActor2.xml (RunModel)" time="0.023" />
  <testcase classname="ptolemy.util.test.junit.AutoTests" name="[51] /home/travis/build/icyphy/ptII/ptolemy/actor/lib/hoc/test/auto/RunCompositeActor3.xml (RunModel)" time="0.022" />
  <testcase classname="ptolemy.util.test.junit.AutoTests" name="[52] /home/travis/build/icyphy/ptII/ptolemy/actor/lib/hoc/test/auto/RunCompositeActor4.xml (RunModel)" time="0.025" />
  <testcase classname="ptolemy.util.test.junit.AutoTests" name="[53] /home/travis/build/icyphy/ptII/ptolemy/actor/lib/hoc/test/auto/RunCompositeIterateOverArray.xml (RunModel)" time="0.022" />
  <testcase classname="ptolemy.util.test.junit.AutoTests" name="[54] /home/travis/build/icyphy/ptII/ptolemy/actor/lib/hoc/test/auto/ThreadedJS.xml (RunModel)" time="12.896" />
  <system-out><![CDATA[/home/travis/build/icyphy/ptII/ptolemy/actor/lib/hoc/test/IterateOverArray.tcl
testDefs.tcl: setting time out to 9000 seconds at Tue Oct 29 06:11:00 UTC 2019
10/29/19 06:11:00
Failed: 0  Total Tests: 2  ((Passed: 2, Newly Passed: 0)  Known Failed: 0) /home/travis/build/icyphy/ptII/ptolemy/actor/lib/hoc/test
----------------- testing (KnownFailure) /home/travis/build/icyphy/ptII/ptolemy/actor/lib/hoc/test/auto/knownFailedTests/PreinitializeMustBeInvokedRunComposite.xml
86 ms. Memory: 120832K Free: 79810K (66%)
Known Failure: java.lang.reflect.InvocationTargetException
No auto/linux-amd64/*.xml tests in /home/travis/build/icyphy/ptII/ptolemy/actor/lib/hoc/test
AutoTests.java: About to close Vertx.
AutoTests.java: Vertx closed.

===========================================================================================
----------------- testing Tue Oct 29 06:11:01 UTC 2019 /home/travis/build/icyphy/ptII/ptolemy/actor/lib/hoc/test/auto/AllToAllMultiInstanceComposite.xml
----------------- Instantiating /home/travis/build/icyphy/ptII/ptolemy/actor/lib/hoc/test/auto/AllToAllMultiInstanceComposite.xml
197 ms. Memory: 120832K Free: 97043K (80%)
----------------- Invoking toplevel() on ptolemy.moml.MoMLSimpleApplication@5bce5998
----------------- Done invoking toplevel() on ptolemy.moml.MoMLSimpleApplication@5bce5998
reloadAllAccessors: .AllToAllMultiInstanceComposite

===========================================================================================
----------------- testing Tue Oct 29 06:11:02 UTC 2019 /home/travis/build/icyphy/ptII/ptolemy/actor/lib/hoc/test/auto/ApplyFFTTest.xml
----------------- Instantiating /home/travis/build/icyphy/ptII/ptolemy/actor/lib/hoc/test/auto/ApplyFFTTest.xml
161 ms. Memory: 120832K Free: 105234K (87%)
----------------- Invoking toplevel() on ptolemy.moml.MoMLSimpleApplication@3fbd5061
----------------- Done invoking toplevel() on ptolemy.moml.MoMLSimpleApplication@3fbd5061
reloadAllAccessors: .ApplyFFTTest

===========================================================================================
----------------- testing Tue Oct 29 06:11:02 UTC 2019 /home/travis/build/icyphy/ptII/ptolemy/actor/lib/hoc/test/auto/ApplyFunction.xml
----------------- Instantiating /home/travis/build/icyphy/ptII/ptolemy/actor/lib/hoc/test/auto/ApplyFunction.xml
6 ms. Memory: 120832K Free: 101670K (84%)
----------------- Invoking toplevel() on ptolemy.moml.MoMLSimpleApplication@783f8314
----------------- Done invoking toplevel() on ptolemy.moml.MoMLSimpleApplication@783f8314
reloadAllAccessors: .ApplyFunction

===========================================================================================
----------------- testing Tue Oct 29 06:11:02 UTC 2019 /home/travis/build/icyphy/ptII/ptolemy/actor/lib/hoc/test/auto/BackgroundExecution.xml
----------------- Instantiating /home/travis/build/icyphy/ptII/ptolemy/actor/lib/hoc/test/auto/BackgroundExecution.xml
636 ms. Memory: 120832K Free: 94278K (78%)
----------------- Invoking toplevel() on ptolemy.moml.MoMLSimpleApplication@29e48d5c
----------------- Done invoking toplevel() on ptolemy.moml.MoMLSimpleApplication@29e48d5c
reloadAllAccessors: .BackgroundExecution

===========================================================================================
----------------- testing Tue Oct 29 06:11:03 UTC 2019 /home/travis/build/icyphy/ptII/ptolemy/actor/lib/hoc/test/auto/Case.xml
----------------- Instantiating /home/travis/build/icyphy/ptII/ptolemy/actor/lib/hoc/test/auto/Case.xml
16 ms. Memory: 120832K Free: 87422K (72%)
----------------- Invoking toplevel() on ptolemy.moml.MoMLSimpleApplication@47070320
----------------- Done invoking toplevel() on ptolemy.moml.MoMLSimpleApplication@47070320
reloadAllAccessors: .Case

===========================================================================================
----------------- testing Tue Oct 29 06:11:03 UTC 2019 /home/travis/build/icyphy/ptII/ptolemy/actor/lib/hoc/test/auto/Case1.xml
----------------- Instantiating /home/travis/build/icyphy/ptII/ptolemy/actor/lib/hoc/test/auto/Case1.xml
19 ms. Memory: 120832K Free: 81142K (67%)
----------------- Invoking toplevel() on ptolemy.moml.MoMLSimpleApplication@3ac405ba
----------------- Done invoking toplevel() on ptolemy.moml.MoMLSimpleApplication@3ac405ba
reloadAllAccessors: .Case1

===========================================================================================
----------------- testing Tue Oct 29 06:11:03 UTC 2019 /home/travis/build/icyphy/ptII/ptolemy/actor/lib/hoc/test/auto/Case2.xml
----------------- Instantiating /home/travis/build/icyphy/ptII/ptolemy/actor/lib/hoc/test/auto/Case2.xml
58 ms. Memory: 150528K Free: 134537K (89%)
----------------- Invoking toplevel() on ptolemy.moml.MoMLSimpleApplication@237e3ad6
----------------- Done invoking toplevel() on ptolemy.moml.MoMLSimpleApplication@237e3ad6
reloadAllAccessors: .Case2

===========================================================================================
----------------- testing Tue Oct 29 06:11:03 UTC 2019 /home/travis/build/icyphy/ptII/ptolemy/actor/lib/hoc/test/auto/Case3.xml
----------------- Instantiating /home/travis/build/icyphy/ptII/ptolemy/actor/lib/hoc/test/auto/Case3.xml
20 ms. Memory: 150528K Free: 128160K (85%)
----------------- Invoking toplevel() on ptolemy.moml.MoMLSimpleApplication@396d802d
----------------- Done invoking toplevel() on ptolemy.moml.MoMLSimpleApplication@396d802d
reloadAllAccessors: .Case3

===========================================================================================
----------------- testing Tue Oct 29 06:11:03 UTC 2019 /home/travis/build/icyphy/ptII/ptolemy/actor/lib/hoc/test/auto/Case4.xml
----------------- Instantiating /home/travis/build/icyphy/ptII/ptolemy/actor/lib/hoc/test/auto/Case4.xml
12 ms. Memory: 150528K Free: 120477K (80%)
----------------- Invoking toplevel() on ptolemy.moml.MoMLSimpleApplication@6516d698
----------------- Done invoking toplevel() on ptolemy.moml.MoMLSimpleApplication@6516d698
reloadAllAccessors: .Case4

===========================================================================================
----------------- testing Tue Oct 29 06:11:03 UTC 2019 /home/travis/build/icyphy/ptII/ptolemy/actor/lib/hoc/test/auto/Case5.xml
----------------- Instantiating /home/travis/build/icyphy/ptII/ptolemy/actor/lib/hoc/test/auto/Case5.xml
32 ms. Memory: 150528K Free: 114349K (76%)
----------------- Invoking toplevel() on ptolemy.moml.MoMLSimpleApplication@1cce9edb
----------------- Done invoking toplevel() on ptolemy.moml.MoMLSimpleApplication@1cce9edb
reloadAllAccessors: .junk

===========================================================================================
----------------- testing Tue Oct 29 06:11:03 UTC 2019 /home/travis/build/icyphy/ptII/ptolemy/actor/lib/hoc/test/auto/Case6.xml
----------------- Instantiating /home/travis/build/icyphy/ptII/ptolemy/actor/lib/hoc/test/auto/Case6.xml
59 ms. Memory: 150528K Free: 102913K (68%)
----------------- Invoking toplevel() on ptolemy.moml.MoMLSimpleApplication@62118976
----------------- Done invoking toplevel() on ptolemy.moml.MoMLSimpleApplication@62118976
reloadAllAccessors: .Case6

===========================================================================================
----------------- testing Tue Oct 29 06:11:03 UTC 2019 /home/travis/build/icyphy/ptII/ptolemy/actor/lib/hoc/test/auto/CaseString2.xml
----------------- Instantiating /home/travis/build/icyphy/ptII/ptolemy/actor/lib/hoc/test/auto/CaseString2.xml
26 ms. Memory: 150528K Free: 95397K (63%)
----------------- Invoking toplevel() on ptolemy.moml.MoMLSimpleApplication@58da15eb
----------------- Done invoking toplevel() on ptolemy.moml.MoMLSimpleApplication@58da15eb
reloadAllAccessors: .CaseString2

===========================================================================================
----------------- testing Tue Oct 29 06:11:04 UTC 2019 /home/travis/build/icyphy/ptII/ptolemy/actor/lib/hoc/test/auto/CatchUpComposite1.xml
----------------- Instantiating /home/travis/build/icyphy/ptII/ptolemy/actor/lib/hoc/test/auto/CatchUpComposite1.xml
40 ms. Memory: 150528K Free: 131674K (87%)
----------------- Invoking toplevel() on ptolemy.moml.MoMLSimpleApplication@4f561a5f
----------------- Done invoking toplevel() on ptolemy.moml.MoMLSimpleApplication@4f561a5f
reloadAllAccessors: .CatchUpComposite1

===========================================================================================
----------------- testing Tue Oct 29 06:11:04 UTC 2019 /home/travis/build/icyphy/ptII/ptolemy/actor/lib/hoc/test/auto/CatchUpComposite2.xml
----------------- Instantiating /home/travis/build/icyphy/ptII/ptolemy/actor/lib/hoc/test/auto/CatchUpComposite2.xml
18 ms. Memory: 150528K Free: 123321K (82%)
----------------- Invoking toplevel() on ptolemy.moml.MoMLSimpleApplication@28ebacff
----------------- Done invoking toplevel() on ptolemy.moml.MoMLSimpleApplication@28ebacff
reloadAllAccessors: .CatchUpComposite2

===========================================================================================
----------------- testing Tue Oct 29 06:11:04 UTC 2019 /home/travis/build/icyphy/ptII/ptolemy/actor/lib/hoc/test/auto/CatchUpComposite3.xml
----------------- Instantiating /home/travis/build/icyphy/ptII/ptolemy/actor/lib/hoc/test/auto/CatchUpComposite3.xml
24 ms. Memory: 150528K Free: 115129K (76%)
----------------- Invoking toplevel() on ptolemy.moml.MoMLSimpleApplication@58e898bc
----------------- Done invoking toplevel() on ptolemy.moml.MoMLSimpleApplication@58e898bc
reloadAllAccessors: .CatchUpComposite3

===========================================================================================
----------------- testing Tue Oct 29 06:11:04 UTC 2019 /home/travis/build/icyphy/ptII/ptolemy/actor/lib/hoc/test/auto/CatchUpComposite4.xml
----------------- Instantiating /home/travis/build/icyphy/ptII/ptolemy/actor/lib/hoc/test/auto/CatchUpComposite4.xml
13 ms. Memory: 150528K Free: 107639K (72%)
----------------- Invoking toplevel() on ptolemy.moml.MoMLSimpleApplication@3907339b
----------------- Done invoking toplevel() on ptolemy.moml.MoMLSimpleApplication@3907339b
reloadAllAccessors: .CatchUpComposite4

===========================================================================================
----------------- testing Tue Oct 29 06:11:04 UTC 2019 /home/travis/build/icyphy/ptII/ptolemy/actor/lib/hoc/test/auto/CatchUpComposite5.xml
----------------- Instantiating /home/travis/build/icyphy/ptII/ptolemy/actor/lib/hoc/test/auto/CatchUpComposite5.xml
7 ms. Memory: 150528K Free: 99876K (66%)
----------------- Invoking toplevel() on ptolemy.moml.MoMLSimpleApplication@4ab5a674
----------------- Done invoking toplevel() on ptolemy.moml.MoMLSimpleApplication@4ab5a674
reloadAllAccessors: .CatchUpComposite5

===========================================================================================
----------------- testing Tue Oct 29 06:11:04 UTC 2019 /home/travis/build/icyphy/ptII/ptolemy/actor/lib/hoc/test/auto/CatchUpComposite6.xml
----------------- Instantiating /home/travis/build/icyphy/ptII/ptolemy/actor/lib/hoc/test/auto/CatchUpComposite6.xml
WARNING: The execution aspects in this model can influence the timing of actors by delaying the 
execution, potentially changing the behavior. There is no guarantee that actors fire at the 
time they request to be fired. 
Use Ptides for deterministic DE behavior that is not influenced by execution aspects. 

100 ms. Memory: 150528K Free: 85610K (57%)
----------------- Invoking toplevel() on ptolemy.moml.MoMLSimpleApplication@3c93ff27
----------------- Done invoking toplevel() on ptolemy.moml.MoMLSimpleApplication@3c93ff27
reloadAllAccessors: .CatchUpComposite6

===========================================================================================
----------------- testing Tue Oct 29 06:11:04 UTC 2019 /home/travis/build/icyphy/ptII/ptolemy/actor/lib/hoc/test/auto/CatchUpComposite7.xml
----------------- Instantiating /home/travis/build/icyphy/ptII/ptolemy/actor/lib/hoc/test/auto/CatchUpComposite7.xml
WARNING: The execution aspects in this model can influence the timing of actors by delaying the 
execution, potentially changing the behavior. There is no guarantee that actors fire at the 
time they request to be fired. 
Use Ptides for deterministic DE behavior that is not influenced by execution aspects. 

39 ms. Memory: 150528K Free: 128201K (85%)
----------------- Invoking toplevel() on ptolemy.moml.MoMLSimpleApplication@57597f35
----------------- Done invoking toplevel() on ptolemy.moml.MoMLSimpleApplication@57597f35
reloadAllAccessors: .CatchUpComposite7

===========================================================================================
----------------- testing Tue Oct 29 06:11:04 UTC 2019 /home/travis/build/icyphy/ptII/ptolemy/actor/lib/hoc/test/auto/ConcurrentExecutionTimeSDF.xml
----------------- Instantiating /home/travis/build/icyphy/ptII/ptolemy/actor/lib/hoc/test/auto/ConcurrentExecutionTimeSDF.xml
Fired ExecutionTime: 40400000
Fired ExecutionTime: 40400000
Fired ExecutionTime: 40400000
Fired ExecutionTime: 40400000
Fired ExecutionTime: 40400000
Fired ExecutionTime: 40400000
Fired ExecutionTime: 40400000
Fired ExecutionTime: 40400000
Fired ExecutionTime: 40400000
Fired ExecutionTime: 40400000
Fired ExecutionTime: 40400000
Fired ExecutionTime: 40400000
Fired ExecutionTime: 40400000
Fired ExecutionTime: 40400000
Fired ExecutionTime: 40400000
Fired ExecutionTime: 40400000
Fired ExecutionTime: 40400000
Fired ExecutionTime: 40400000
Fired ExecutionTime: 40400000
Fired ExecutionTime: 40400000
1106 ms. Memory: 150528K Free: 121577K (81%)
----------------- Invoking toplevel() on ptolemy.moml.MoMLSimpleApplication@15cfaae9
----------------- Done invoking toplevel() on ptolemy.moml.MoMLSimpleApplication@15cfaae9
reloadAllAccessors: .ConcurrentExecutionTimeSDF

===========================================================================================
----------------- testing Tue Oct 29 06:11:05 UTC 2019 /home/travis/build/icyphy/ptII/ptolemy/actor/lib/hoc/test/auto/ConcurrentSleep.xml
----------------- Instantiating /home/travis/build/icyphy/ptII/ptolemy/actor/lib/hoc/test/auto/ConcurrentSleep.xml
740 ms. Memory: 150528K Free: 110859K (74%)
----------------- Invoking toplevel() on ptolemy.moml.MoMLSimpleApplication@1ddb1bd2
----------------- Done invoking toplevel() on ptolemy.moml.MoMLSimpleApplication@1ddb1bd2
reloadAllAccessors: .ConcurrentSleep

===========================================================================================
----------------- testing Tue Oct 29 06:11:06 UTC 2019 /home/travis/build/icyphy/ptII/ptolemy/actor/lib/hoc/test/auto/DEInPNInRunCompositeActor.xml
----------------- Instantiating /home/travis/build/icyphy/ptII/ptolemy/actor/lib/hoc/test/auto/DEInPNInRunCompositeActor.xml
17 ms. Memory: 150528K Free: 105673K (70%)
----------------- Invoking toplevel() on ptolemy.moml.MoMLSimpleApplication@44f4f5b4
----------------- Done invoking toplevel() on ptolemy.moml.MoMLSimpleApplication@44f4f5b4
reloadAllAccessors: .DEInPNInRunCompositeActor

===========================================================================================
----------------- testing Tue Oct 29 06:11:06 UTC 2019 /home/travis/build/icyphy/ptII/ptolemy/actor/lib/hoc/test/auto/DFTSubSetTest.xml
----------------- Instantiating /home/travis/build/icyphy/ptII/ptolemy/actor/lib/hoc/test/auto/DFTSubSetTest.xml
182 ms. Memory: 150528K Free: 133132K (88%)
----------------- Invoking toplevel() on ptolemy.moml.MoMLSimpleApplication@68ac8306
----------------- Done invoking toplevel() on ptolemy.moml.MoMLSimpleApplication@68ac8306
reloadAllAccessors: .DFTSubSetTest

===========================================================================================
----------------- testing Tue Oct 29 06:11:06 UTC 2019 /home/travis/build/icyphy/ptII/ptolemy/actor/lib/hoc/test/auto/HocDE.xml
----------------- Instantiating /home/travis/build/icyphy/ptII/ptolemy/actor/lib/hoc/test/auto/HocDE.xml
119 ms. Memory: 150528K Free: 107532K (71%)
----------------- Invoking toplevel() on ptolemy.moml.MoMLSimpleApplication@5367bb52
----------------- Done invoking toplevel() on ptolemy.moml.MoMLSimpleApplication@5367bb52
reloadAllAccessors: .HocDE

===========================================================================================
----------------- testing Tue Oct 29 06:11:07 UTC 2019 /home/travis/build/icyphy/ptII/ptolemy/actor/lib/hoc/test/auto/IterateOverArray.xml
----------------- Instantiating /home/travis/build/icyphy/ptII/ptolemy/actor/lib/hoc/test/auto/IterateOverArray.xml
6 ms. Memory: 150528K Free: 103436K (69%)
----------------- Invoking toplevel() on ptolemy.moml.MoMLSimpleApplication@588123cd
----------------- Done invoking toplevel() on ptolemy.moml.MoMLSimpleApplication@588123cd
reloadAllAccessors: .IterateOverArray

===========================================================================================
----------------- testing Tue Oct 29 06:11:07 UTC 2019 /home/travis/build/icyphy/ptII/ptolemy/actor/lib/hoc/test/auto/IterateOverArray10.xml
----------------- Instantiating /home/travis/build/icyphy/ptII/ptolemy/actor/lib/hoc/test/auto/IterateOverArray10.xml
3 ms. Memory: 150528K Free: 99967K (66%)
----------------- Invoking toplevel() on ptolemy.moml.MoMLSimpleApplication@176096a3
----------------- Done invoking toplevel() on ptolemy.moml.MoMLSimpleApplication@176096a3
reloadAllAccessors: .IterateOverArray10

===========================================================================================
----------------- testing Tue Oct 29 06:11:07 UTC 2019 /home/travis/build/icyphy/ptII/ptolemy/actor/lib/hoc/test/auto/IterateOverArray11.xml
----------------- Instantiating /home/travis/build/icyphy/ptII/ptolemy/actor/lib/hoc/test/auto/IterateOverArray11.xml
5 ms. Memory: 150528K Free: 95871K (64%)
----------------- Invoking toplevel() on ptolemy.moml.MoMLSimpleApplication@68f0ea47
----------------- Done invoking toplevel() on ptolemy.moml.MoMLSimpleApplication@68f0ea47
reloadAllAccessors: .IterateOverArray11

===========================================================================================
----------------- testing Tue Oct 29 06:11:07 UTC 2019 /home/travis/build/icyphy/ptII/ptolemy/actor/lib/hoc/test/auto/IterateOverArray12.xml
----------------- Instantiating /home/travis/build/icyphy/ptII/ptolemy/actor/lib/hoc/test/auto/IterateOverArray12.xml
17 ms. Memory: 150528K Free: 90327K (60%)
----------------- Invoking toplevel() on ptolemy.moml.MoMLSimpleApplication@94bdfaa
----------------- Done invoking toplevel() on ptolemy.moml.MoMLSimpleApplication@94bdfaa
reloadAllAccessors: .IterateOverArray12

===========================================================================================
----------------- testing Tue Oct 29 06:11:07 UTC 2019 /home/travis/build/icyphy/ptII/ptolemy/actor/lib/hoc/test/auto/IterateOverArray13.xml
----------------- Instantiating /home/travis/build/icyphy/ptII/ptolemy/actor/lib/hoc/test/auto/IterateOverArray13.xml
95 ms. Memory: 150528K Free: 64757K (43%)
----------------- Invoking toplevel() on ptolemy.moml.MoMLSimpleApplication@7c3aab90
----------------- Done invoking toplevel() on ptolemy.moml.MoMLSimpleApplication@7c3aab90
reloadAllAccessors: .IterateOverArray13

===========================================================================================
----------------- testing Tue Oct 29 06:11:07 UTC 2019 /home/travis/build/icyphy/ptII/ptolemy/actor/lib/hoc/test/auto/IterateOverArray14.xml
----------------- Instantiating /home/travis/build/icyphy/ptII/ptolemy/actor/lib/hoc/test/auto/IterateOverArray14.xml
56 ms. Memory: 150528K Free: 109286K (73%)
----------------- Invoking toplevel() on ptolemy.moml.MoMLSimpleApplication@1948165e
----------------- Done invoking toplevel() on ptolemy.moml.MoMLSimpleApplication@1948165e
reloadAllAccessors: .IterateOverArray14

===========================================================================================
----------------- testing Tue Oct 29 06:11:07 UTC 2019 /home/travis/build/icyphy/ptII/ptolemy/actor/lib/hoc/test/auto/IterateOverArray2.xml
----------------- Instantiating /home/travis/build/icyphy/ptII/ptolemy/actor/lib/hoc/test/auto/IterateOverArray2.xml
10 ms. Memory: 150528K Free: 104680K (70%)
----------------- Invoking toplevel() on ptolemy.moml.MoMLSimpleApplication@13625807
----------------- Done invoking toplevel() on ptolemy.moml.MoMLSimpleApplication@13625807
reloadAllAccessors: .IterateOverArray2

===========================================================================================
----------------- testing Tue Oct 29 06:11:07 UTC 2019 /home/travis/build/icyphy/ptII/ptolemy/actor/lib/hoc/test/auto/IterateOverArray3.xml
----------------- Instantiating /home/travis/build/icyphy/ptII/ptolemy/actor/lib/hoc/test/auto/IterateOverArray3.xml
25 ms. Memory: 150528K Free: 98536K (65%)
----------------- Invoking toplevel() on ptolemy.moml.MoMLSimpleApplication@22710bd1
----------------- Done invoking toplevel() on ptolemy.moml.MoMLSimpleApplication@22710bd1
reloadAllAccessors: .IterateOverArray3

===========================================================================================
----------------- testing Tue Oct 29 06:11:07 UTC 2019 /home/travis/build/icyphy/ptII/ptolemy/actor/lib/hoc/test/auto/IterateOverArray4.xml
----------------- Instantiating /home/travis/build/icyphy/ptII/ptolemy/actor/lib/hoc/test/auto/IterateOverArray4.xml
5 ms. Memory: 150528K Free: 94440K (63%)
----------------- Invoking toplevel() on ptolemy.moml.MoMLSimpleApplication@487792fa
----------------- Done invoking toplevel() on ptolemy.moml.MoMLSimpleApplication@487792fa
reloadAllAccessors: .IterateOverArray4

===========================================================================================
----------------- testing Tue Oct 29 06:11:07 UTC 2019 /home/travis/build/icyphy/ptII/ptolemy/actor/lib/hoc/test/auto/IterateOverArray5.xml
----------------- Instantiating /home/travis/build/icyphy/ptII/ptolemy/actor/lib/hoc/test/auto/IterateOverArray5.xml
3 ms. Memory: 150528K Free: 90344K (60%)
----------------- Invoking toplevel() on ptolemy.moml.MoMLSimpleApplication@1d934d69
----------------- Done invoking toplevel() on ptolemy.moml.MoMLSimpleApplication@1d934d69
reloadAllAccessors: .IterateOverArray5

===========================================================================================
----------------- testing Tue Oct 29 06:11:07 UTC 2019 /home/travis/build/icyphy/ptII/ptolemy/actor/lib/hoc/test/auto/IterateOverArray6.xml
----------------- Instantiating /home/travis/build/icyphy/ptII/ptolemy/actor/lib/hoc/test/auto/IterateOverArray6.xml
7 ms. Memory: 150528K Free: 86758K (58%)
----------------- Invoking toplevel() on ptolemy.moml.MoMLSimpleApplication@6c7bb1ad
----------------- Done invoking toplevel() on ptolemy.moml.MoMLSimpleApplication@6c7bb1ad
reloadAllAccessors: .IterateOverArray6

===========================================================================================
----------------- testing Tue Oct 29 06:11:07 UTC 2019 /home/travis/build/icyphy/ptII/ptolemy/actor/lib/hoc/test/auto/IterateOverArray7.xml
----------------- Instantiating /home/travis/build/icyphy/ptII/ptolemy/actor/lib/hoc/test/auto/IterateOverArray7.xml
4 ms. Memory: 150528K Free: 82152K (55%)
----------------- Invoking toplevel() on ptolemy.moml.MoMLSimpleApplication@8bac50b
----------------- Done invoking toplevel() on ptolemy.moml.MoMLSimpleApplication@8bac50b
reloadAllAccessors: .IterateOverArray7

===========================================================================================
----------------- testing Tue Oct 29 06:11:07 UTC 2019 /home/travis/build/icyphy/ptII/ptolemy/actor/lib/hoc/test/auto/IterateOverArray8.xml
----------------- Instantiating /home/travis/build/icyphy/ptII/ptolemy/actor/lib/hoc/test/auto/IterateOverArray8.xml
4 ms. Memory: 150528K Free: 78056K (52%)
----------------- Invoking toplevel() on ptolemy.moml.MoMLSimpleApplication@493603cb
----------------- Done invoking toplevel() on ptolemy.moml.MoMLSimpleApplication@493603cb
reloadAllAccessors: .IterateOverArray8

===========================================================================================
----------------- testing Tue Oct 29 06:11:07 UTC 2019 /home/travis/build/icyphy/ptII/ptolemy/actor/lib/hoc/test/auto/IterateOverArray9.xml
----------------- Instantiating /home/travis/build/icyphy/ptII/ptolemy/actor/lib/hoc/test/auto/IterateOverArray9.xml
6 ms. Memory: 150528K Free: 73960K (49%)
----------------- Invoking toplevel() on ptolemy.moml.MoMLSimpleApplication@149a1852
----------------- Done invoking toplevel() on ptolemy.moml.MoMLSimpleApplication@149a1852
reloadAllAccessors: .IterateOverArray9

===========================================================================================
----------------- testing Tue Oct 29 06:11:07 UTC 2019 /home/travis/build/icyphy/ptII/ptolemy/actor/lib/hoc/test/auto/IterateOverArrayCoercedOutputType.xml
----------------- Instantiating /home/travis/build/icyphy/ptII/ptolemy/actor/lib/hoc/test/auto/IterateOverArrayCoercedOutputType.xml
13 ms. Memory: 150528K Free: 68840K (46%)
----------------- Invoking toplevel() on ptolemy.moml.MoMLSimpleApplication@42117a5b
----------------- Done invoking toplevel() on ptolemy.moml.MoMLSimpleApplication@42117a5b
reloadAllAccessors: .IterateOverArrayCoercedOutputType

===========================================================================================
----------------- testing Tue Oct 29 06:11:07 UTC 2019 /home/travis/build/icyphy/ptII/ptolemy/actor/lib/hoc/test/auto/IterateOverArrayInferredOutputType.xml
----------------- Instantiating /home/travis/build/icyphy/ptII/ptolemy/actor/lib/hoc/test/auto/IterateOverArrayInferredOutputType.xml
12 ms. Memory: 150528K Free: 64230K (43%)
----------------- Invoking toplevel() on ptolemy.moml.MoMLSimpleApplication@456a7ffe
----------------- Done invoking toplevel() on ptolemy.moml.MoMLSimpleApplication@456a7ffe
reloadAllAccessors: .IterateOverArrayInferredOutputType

===========================================================================================
----------------- testing Tue Oct 29 06:11:07 UTC 2019 /home/travis/build/icyphy/ptII/ptolemy/actor/lib/hoc/test/auto/MobileFunctionTest.xml
----------------- Instantiating /home/travis/build/icyphy/ptII/ptolemy/actor/lib/hoc/test/auto/MobileFunctionTest.xml
5 ms. Memory: 150528K Free: 60120K (40%)
----------------- Invoking toplevel() on ptolemy.moml.MoMLSimpleApplication@370ab3f3
----------------- Done invoking toplevel() on ptolemy.moml.MoMLSimpleApplication@370ab3f3
reloadAllAccessors: .MobileFunctionTest

===========================================================================================
----------------- testing Tue Oct 29 06:11:07 UTC 2019 /home/travis/build/icyphy/ptII/ptolemy/actor/lib/hoc/test/auto/MobileModelTest.xml
----------------- Instantiating /home/travis/build/icyphy/ptII/ptolemy/actor/lib/hoc/test/auto/MobileModelTest.xml
122 ms. Memory: 150528K Free: 124620K (83%)
----------------- Invoking toplevel() on ptolemy.moml.MoMLSimpleApplication@4b40ea75
----------------- Done invoking toplevel() on ptolemy.moml.MoMLSimpleApplication@4b40ea75
reloadAllAccessors: .MobileModelTest

===========================================================================================
----------------- testing Tue Oct 29 06:11:07 UTC 2019 /home/travis/build/icyphy/ptII/ptolemy/actor/lib/hoc/test/auto/ModelReference.xml
----------------- Instantiating /home/travis/build/icyphy/ptII/ptolemy/actor/lib/hoc/test/auto/ModelReference.xml
4 ms. Memory: 150528K Free: 117987K (78%)
2 ms. Memory: 150528K Free: 117415K (78%)
1 ms. Memory: 150528K Free: 116496K (77%)
2 ms. Memory: 150528K Free: 115480K (77%)
1 ms. Memory: 150528K Free: 114907K (76%)
7 ms. Memory: 150528K Free: 113891K (76%)
1 ms. Memory: 150528K Free: 113319K (75%)
3 ms. Memory: 150528K Free: 112400K (75%)
2 ms. Memory: 150528K Free: 111384K (74%)
3 ms. Memory: 150528K Free: 110811K (74%)
35 ms. Memory: 150528K Free: 110811K (74%)
----------------- Invoking toplevel() on ptolemy.moml.MoMLSimpleApplication@528db657
----------------- Done invoking toplevel() on ptolemy.moml.MoMLSimpleApplication@528db657
reloadAllAccessors: .ModelReference

===========================================================================================
----------------- testing Tue Oct 29 06:11:08 UTC 2019 /home/travis/build/icyphy/ptII/ptolemy/actor/lib/hoc/test/auto/ModelReference3.xml
----------------- Instantiating /home/travis/build/icyphy/ptII/ptolemy/actor/lib/hoc/test/auto/ModelReference3.xml
2 ms. Memory: 150528K Free: 106286K (71%)
5 ms. Memory: 150528K Free: 105713K (70%)
1 ms. Memory: 150528K Free: 104689K (70%)
3 ms. Memory: 150528K Free: 104103K (69%)
1 ms. Memory: 150528K Free: 103176K (69%)
1 ms. Memory: 150528K Free: 102176K (68%)
3 ms. Memory: 150528K Free: 101617K (68%)
1 ms. Memory: 150528K Free: 100593K (67%)
2 ms. Memory: 150528K Free: 100007K (66%)
1 ms. Memory: 150528K Free: 99080K (66%)
28 ms. Memory: 150528K Free: 99080K (66%)
----------------- Invoking toplevel() on ptolemy.moml.MoMLSimpleApplication@1fda509a
----------------- Done invoking toplevel() on ptolemy.moml.MoMLSimpleApplication@1fda509a
reloadAllAccessors: .ModelReference3

===========================================================================================
----------------- testing Tue Oct 29 06:11:08 UTC 2019 /home/travis/build/icyphy/ptII/ptolemy/actor/lib/hoc/test/auto/ModelReference4.xml
----------------- Instantiating /home/travis/build/icyphy/ptII/ptolemy/actor/lib/hoc/test/auto/ModelReference4.xml
5 ms. Memory: 150528K Free: 94435K (63%)
5 ms. Memory: 150528K Free: 93363K (62%)
2 ms. Memory: 150528K Free: 92379K (61%)
2 ms. Memory: 150528K Free: 90904K (60%)
2 ms. Memory: 150528K Free: 89880K (60%)
3 ms. Memory: 150528K Free: 88894K (59%)
4 ms. Memory: 150528K Free: 87281K (58%)
3 ms. Memory: 150528K Free: 86257K (57%)
2 ms. Memory: 150528K Free: 85203K (57%)
2 ms. Memory: 150528K Free: 84163K (56%)
10018 ms. Memory: 150528K Free: 84163K (56%)
----------------- Invoking toplevel() on ptolemy.moml.MoMLSimpleApplication@75b510f6
----------------- Done invoking toplevel() on ptolemy.moml.MoMLSimpleApplication@75b510f6
reloadAllAccessors: .ModelReference4

===========================================================================================
----------------- testing Tue Oct 29 06:11:18 UTC 2019 /home/travis/build/icyphy/ptII/ptolemy/actor/lib/hoc/test/auto/MultiInstanceComposite.xml
----------------- Instantiating /home/travis/build/icyphy/ptII/ptolemy/actor/lib/hoc/test/auto/MultiInstanceComposite.xml
27 ms. Memory: 150528K Free: 65312K (43%)
----------------- Invoking toplevel() on ptolemy.moml.MoMLSimpleApplication@cab438a
----------------- Done invoking toplevel() on ptolemy.moml.MoMLSimpleApplication@cab438a
reloadAllAccessors: .MultiInstanceComposite

===========================================================================================
----------------- testing Tue Oct 29 06:11:18 UTC 2019 /home/travis/build/icyphy/ptII/ptolemy/actor/lib/hoc/test/auto/MultiInstanceComposite2.xml
----------------- Instantiating /home/travis/build/icyphy/ptII/ptolemy/actor/lib/hoc/test/auto/MultiInstanceComposite2.xml
25 ms. Memory: 150528K Free: 54048K (36%)
----------------- Invoking toplevel() on ptolemy.moml.MoMLSimpleApplication@28ba64e1
----------------- Done invoking toplevel() on ptolemy.moml.MoMLSimpleApplication@28ba64e1
reloadAllAccessors: .MultiInstanceComposite2

===========================================================================================
----------------- testing Tue Oct 29 06:11:18 UTC 2019 /home/travis/build/icyphy/ptII/ptolemy/actor/lib/hoc/test/auto/MulticoreExecution.xml
----------------- Instantiating /home/travis/build/icyphy/ptII/ptolemy/actor/lib/hoc/test/auto/MulticoreExecution.xml
Fired ExecutionTime: 3200000
Fired ExecutionTime: 2400000
Fired ExecutionTime: 2400000
Fired ExecutionTime: 2400000
Fired ExecutionTime: 2000000
Fired ExecutionTime: 3600000
Fired ExecutionTime: 2000000
Fired ExecutionTime: 3200000
Fired ExecutionTime: 2400000
Fired ExecutionTime: 3200000
Fired ExecutionTime: 3600000
Fired ExecutionTime: 2400000
Fired ExecutionTime: 2000000
Fired ExecutionTime: 4000000
Fired ExecutionTime: 2800000
Fired ExecutionTime: 2800000
Fired ExecutionTime: 3200000
Fired ExecutionTime: 2400000
Fired ExecutionTime: 4000000
Fired ExecutionTime: 2000000
1166 ms. Memory: 150528K Free: 131619K (87%)
----------------- Invoking toplevel() on ptolemy.moml.MoMLSimpleApplication@43eec5da
----------------- Done invoking toplevel() on ptolemy.moml.MoMLSimpleApplication@43eec5da
reloadAllAccessors: .MulticoreExecution

===========================================================================================
----------------- testing Tue Oct 29 06:11:19 UTC 2019 /home/travis/build/icyphy/ptII/ptolemy/actor/lib/hoc/test/auto/ParallelExecution.xml
----------------- Instantiating /home/travis/build/icyphy/ptII/ptolemy/actor/lib/hoc/test/auto/ParallelExecution.xml
915 ms. Memory: 150528K Free: 123937K (82%)
----------------- Invoking toplevel() on ptolemy.moml.MoMLSimpleApplication@7fa1418a
----------------- Done invoking toplevel() on ptolemy.moml.MoMLSimpleApplication@7fa1418a
reloadAllAccessors: .ParallelExecution

===========================================================================================
----------------- testing Tue Oct 29 06:11:20 UTC 2019 /home/travis/build/icyphy/ptII/ptolemy/actor/lib/hoc/test/auto/RunCompositeActor.xml
----------------- Instantiating /home/travis/build/icyphy/ptII/ptolemy/actor/lib/hoc/test/auto/RunCompositeActor.xml
8 ms. Memory: 150528K Free: 116763K (78%)
----------------- Invoking toplevel() on ptolemy.moml.MoMLSimpleApplication@babbb44
----------------- Done invoking toplevel() on ptolemy.moml.MoMLSimpleApplication@babbb44
reloadAllAccessors: .RunCompositeActor

===========================================================================================
----------------- testing Tue Oct 29 06:11:20 UTC 2019 /home/travis/build/icyphy/ptII/ptolemy/actor/lib/hoc/test/auto/RunCompositeActor2.xml
----------------- Instantiating /home/travis/build/icyphy/ptII/ptolemy/actor/lib/hoc/test/auto/RunCompositeActor2.xml
8 ms. Memory: 150528K Free: 110611K (73%)
----------------- Invoking toplevel() on ptolemy.moml.MoMLSimpleApplication@1a5328a9
----------------- Done invoking toplevel() on ptolemy.moml.MoMLSimpleApplication@1a5328a9
reloadAllAccessors: .RunCompositeActor2

===========================================================================================
----------------- testing Tue Oct 29 06:11:20 UTC 2019 /home/travis/build/icyphy/ptII/ptolemy/actor/lib/hoc/test/auto/RunCompositeActor3.xml
----------------- Instantiating /home/travis/build/icyphy/ptII/ptolemy/actor/lib/hoc/test/auto/RunCompositeActor3.xml
4 ms. Memory: 150528K Free: 104995K (70%)
----------------- Invoking toplevel() on ptolemy.moml.MoMLSimpleApplication@6f146ff0
----------------- Done invoking toplevel() on ptolemy.moml.MoMLSimpleApplication@6f146ff0
reloadAllAccessors: .RunCompositeActor3

===========================================================================================
----------------- testing Tue Oct 29 06:11:20 UTC 2019 /home/travis/build/icyphy/ptII/ptolemy/actor/lib/hoc/test/auto/RunCompositeActor4.xml
----------------- Instantiating /home/travis/build/icyphy/ptII/ptolemy/actor/lib/hoc/test/auto/RunCompositeActor4.xml
12 ms. Memory: 150528K Free: 96803K (64%)
----------------- Invoking toplevel() on ptolemy.moml.MoMLSimpleApplication@1d7a0586
----------------- Done invoking toplevel() on ptolemy.moml.MoMLSimpleApplication@1d7a0586
reloadAllAccessors: .RunCompositeActor4

===========================================================================================
----------------- testing Tue Oct 29 06:11:20 UTC 2019 /home/travis/build/icyphy/ptII/ptolemy/actor/lib/hoc/test/auto/RunCompositeIterateOverArray.xml
----------------- Instantiating /home/travis/build/icyphy/ptII/ptolemy/actor/lib/hoc/test/auto/RunCompositeIterateOverArray.xml
6 ms. Memory: 150528K Free: 90659K (60%)
----------------- Invoking toplevel() on ptolemy.moml.MoMLSimpleApplication@4f59de80
----------------- Done invoking toplevel() on ptolemy.moml.MoMLSimpleApplication@4f59de80
reloadAllAccessors: .RunCompositeIterateOverArray

===========================================================================================
----------------- testing Tue Oct 29 06:11:20 UTC 2019 /home/travis/build/icyphy/ptII/ptolemy/actor/lib/hoc/test/auto/ThreadedJS.xml
----------------- Instantiating /home/travis/build/icyphy/ptII/ptolemy/actor/lib/hoc/test/auto/ThreadedJS.xml
5989 ms. Memory: 218112K Free: 71378K (33%)
----------------- Invoking toplevel() on ptolemy.moml.MoMLSimpleApplication@1a678005
----------------- Done invoking toplevel() on ptolemy.moml.MoMLSimpleApplication@1a678005
reloadAllAccessors: .ThreadedJS
AutoTests.java: About to close Vertx.
AutoTests.java: Vertx closed.
]]></system-out>
  <system-err><![CDATA[java.lang.RuntimeException: Execution failed
	at ptolemy.moml.MoMLSimpleApplication$UnloadThread.run(MoMLSimpleApplication.java:402)
Caused by: ptolemy.kernel.util.IllegalActionException: initialize() was called after wrapup() was called but preinitialize() was not called after wrapup().
	at ptolemy.actor.lib.hoc.test.PreinitializeMustBeInvoked.initialize(PreinitializeMustBeInvoked.java:78)
	at ptolemy.actor.Director.initialize(Director.java:938)
	at ptolemy.actor.Director.initialize(Director.java:907)
	at ptolemy.actor.sched.StaticSchedulingDirector.initialize(StaticSchedulingDirector.java:159)
	at ptolemy.domains.sdf.kernel.SDFDirector.initialize(SDFDirector.java:544)
	at ptolemy.actor.CompositeActor.initialize(CompositeActor.java:935)
	at ptolemy.actor.lib.hoc.LifeCycleManager._executeInsideModel(LifeCycleManager.java:339)
	at ptolemy.actor.lib.hoc.RunCompositeActor.fire(RunCompositeActor.java:205)
	at ptolemy.actor.CompositeActor.iterate(CompositeActor.java:1146)
	at ptolemy.actor.sched.StaticSchedulingDirector.fire(StaticSchedulingDirector.java:216)
	at ptolemy.domains.sdf.kernel.SDFDirector.fire(SDFDirector.java:500)
	at ptolemy.actor.CompositeActor.fire(CompositeActor.java:455)
	at ptolemy.actor.Manager.iterate(Manager.java:851)
	at ptolemy.actor.Manager.execute(Manager.java:369)
	at ptolemy.actor.Manager.run(Manager.java:1263)
	at ptolemy.actor.Manager$PtolemyRunThread.run(Manager.java:1933)
java.lang.reflect.InvocationTargetException
	at java.base/jdk.internal.reflect.NativeConstructorAccessorImpl.newInstance0(Native Method)
	at java.base/jdk.internal.reflect.NativeConstructorAccessorImpl.newInstance(NativeConstructorAccessorImpl.java:62)
	at java.base/jdk.internal.reflect.DelegatingConstructorAccessorImpl.newInstance(DelegatingConstructorAccessorImpl.java:45)
	at java.base/java.lang.reflect.Constructor.newInstance(Constructor.java:490)
	at ptolemy.util.test.junit.AutoKnownFailedTests.RunModel(AutoKnownFailedTests.java:105)
	at java.base/jdk.internal.reflect.NativeMethodAccessorImpl.invoke0(Native Method)
	at java.base/jdk.internal.reflect.NativeMethodAccessorImpl.invoke(NativeMethodAccessorImpl.java:62)
	at java.base/jdk.internal.reflect.DelegatingMethodAccessorImpl.invoke(DelegatingMethodAccessorImpl.java:43)
	at java.base/java.lang.reflect.Method.invoke(Method.java:566)
	at org.junit.runners.model.FrameworkMethod$1.runReflectiveCall(FrameworkMethod.java:44)
	at org.junit.internal.runners.model.ReflectiveCallable.run(ReflectiveCallable.java:15)
	at org.junit.runners.model.FrameworkMethod.invokeExplosively(FrameworkMethod.java:41)
	at junitparams.internal.InvokeParameterisedMethod.evaluate(InvokeParameterisedMethod.java:102)
	at org.junit.internal.runners.statements.FailOnTimeout$1.run(FailOnTimeout.java:28)
Caused by: ptolemy.kernel.util.IllegalActionException: initialize() was called after wrapup() was called but preinitialize() was not called after wrapup().
	at ptolemy.actor.lib.hoc.test.PreinitializeMustBeInvoked.initialize(PreinitializeMustBeInvoked.java:78)
	at ptolemy.actor.Director.initialize(Director.java:938)
	at ptolemy.actor.Director.initialize(Director.java:907)
	at ptolemy.actor.sched.StaticSchedulingDirector.initialize(StaticSchedulingDirector.java:159)
	at ptolemy.domains.sdf.kernel.SDFDirector.initialize(SDFDirector.java:544)
	at ptolemy.actor.CompositeActor.initialize(CompositeActor.java:935)
	at ptolemy.actor.lib.hoc.LifeCycleManager._executeInsideModel(LifeCycleManager.java:339)
	at ptolemy.actor.lib.hoc.RunCompositeActor.fire(RunCompositeActor.java:205)
	at ptolemy.actor.CompositeActor.iterate(CompositeActor.java:1146)
	at ptolemy.actor.sched.StaticSchedulingDirector.fire(StaticSchedulingDirector.java:216)
	at ptolemy.domains.sdf.kernel.SDFDirector.fire(SDFDirector.java:500)
	at ptolemy.actor.CompositeActor.fire(CompositeActor.java:455)
	at ptolemy.actor.Manager.iterate(Manager.java:851)
	at ptolemy.actor.Manager.execute(Manager.java:369)
	at ptolemy.actor.Manager.run(Manager.java:1263)
	at ptolemy.actor.Manager$PtolemyRunThread.run(Manager.java:1933)
Warning: Nashorn engine is planned to be removed from a future JDK release
Warning: Nashorn engine is planned to be removed from a future JDK release
Warning: Nashorn engine is planned to be removed from a future JDK release
Warning: Nashorn engine is planned to be removed from a future JDK release
Warning: Nashorn engine is planned to be removed from a future JDK release
Warning: Nashorn engine is planned to be removed from a future JDK release
Warning: Nashorn engine is planned to be removed from a future JDK release
Warning: Nashorn engine is planned to be removed from a future JDK release
]]></system-err>
</testsuite>
