<?xml version="1.0" encoding="UTF-8" ?>
<testsuite errors="0" failures="0" hostname="travis-job-d6340515-9e83-420b-87f9-e75a18097c0d" name="ptolemy.domains.modal.test.junit.JUnitTclTest" skipped="0" tests="148" time="9.988" timestamp="2019-01-19T03:22:21">
  <properties>
[...]
</properties>
  <testcase classname="ptolemy.util.test.junit.TclTests" name="[0] /home/travis/build/icyphy/ptII/ptolemy/domains/modal/test/SystemLevelType.tcl (RunTclFile)" time="1.84" />
  <testcase classname="ptolemy.util.test.junit.AutoKnownFailedTests" name="[0] /home/travis/build/icyphy/ptII/ptolemy/domains/modal/test/auto/knownFailedTests/CannotAnalysisWithPreemption.xml (RunModel)" time="0.114" />
  <testcase classname="ptolemy.util.test.junit.AutoNameArchTests" name="[0] ThereAreNoAutoArchTests (RunModel)" time="0.0" />
  <testcase classname="ptolemy.util.test.junit.AutoTests" name="[0] /home/travis/build/icyphy/ptII/ptolemy/domains/modal/test/auto/ABPTest.xml (RunModel)" time="0.765" />
  <testcase classname="ptolemy.util.test.junit.AutoTests" name="[1] /home/travis/build/icyphy/ptII/ptolemy/domains/modal/test/auto/ABROFlat.xml (RunModel)" time="0.071" />
  <testcase classname="ptolemy.util.test.junit.AutoTests" name="[2] /home/travis/build/icyphy/ptII/ptolemy/domains/modal/test/auto/ABROFlat2.xml (RunModel)" time="0.073" />
  <testcase classname="ptolemy.util.test.junit.AutoTests" name="[3] /home/travis/build/icyphy/ptII/ptolemy/domains/modal/test/auto/ABRO_present_hmm.xml (RunModel)" time="0.132" />
  <testcase classname="ptolemy.util.test.junit.AutoTests" name="[4] /home/travis/build/icyphy/ptII/ptolemy/domains/modal/test/auto/AMICoderExample.xml (RunModel)" time="0.064" />
  <testcase classname="ptolemy.util.test.junit.AutoTests" name="[5] /home/travis/build/icyphy/ptII/ptolemy/domains/modal/test/auto/AbsentToPresent.xml (RunModel)" time="0.021" />
  <testcase classname="ptolemy.util.test.junit.AutoTests" name="[6] /home/travis/build/icyphy/ptII/ptolemy/domains/modal/test/auto/Blending.xml (RunModel)" time="0.223" />
  <testcase classname="ptolemy.util.test.junit.AutoTests" name="[7] /home/travis/build/icyphy/ptII/ptolemy/domains/modal/test/auto/Broadcast.xml (RunModel)" time="0.064" />
  <testcase classname="ptolemy.util.test.junit.AutoTests" name="[8] /home/travis/build/icyphy/ptII/ptolemy/domains/modal/test/auto/BroadcastHierarchy.xml (RunModel)" time="0.075" />
  <testcase classname="ptolemy.util.test.junit.AutoTests" name="[9] /home/travis/build/icyphy/ptII/ptolemy/domains/modal/test/auto/BroadcastHierarchy2.xml (RunModel)" time="0.13" />
  <testcase classname="ptolemy.util.test.junit.AutoTests" name="[10] /home/travis/build/icyphy/ptII/ptolemy/domains/modal/test/auto/BroadcastHierarchy3.xml (RunModel)" time="0.141" />
  <testcase classname="ptolemy.util.test.junit.AutoTests" name="[11] /home/travis/build/icyphy/ptII/ptolemy/domains/modal/test/auto/BroadcastHierarchy4.xml (RunModel)" time="0.106" />
  <testcase classname="ptolemy.util.test.junit.AutoTests" name="[12] /home/travis/build/icyphy/ptII/ptolemy/domains/modal/test/auto/CannotAnalysisWithPreemption2.xml (RunModel)" time="0.033" />
  <testcase classname="ptolemy.util.test.junit.AutoTests" name="[13] /home/travis/build/icyphy/ptII/ptolemy/domains/modal/test/auto/CannotAnalysisWithPreemption3.xml (RunModel)" time="0.047" />
  <testcase classname="ptolemy.util.test.junit.AutoTests" name="[14] /home/travis/build/icyphy/ptII/ptolemy/domains/modal/test/auto/CannotProduce.xml (RunModel)" time="0.034" />
  <testcase classname="ptolemy.util.test.junit.AutoTests" name="[15] /home/travis/build/icyphy/ptII/ptolemy/domains/modal/test/auto/CannotProduceModal.xml (RunModel)" time="0.032" />
  <testcase classname="ptolemy.util.test.junit.AutoTests" name="[16] /home/travis/build/icyphy/ptII/ptolemy/domains/modal/test/auto/Case.xml (RunModel)" time="0.07" />
  <testcase classname="ptolemy.util.test.junit.AutoTests" name="[17] /home/travis/build/icyphy/ptII/ptolemy/domains/modal/test/auto/Case1.xml (RunModel)" time="0.039" />
  <testcase classname="ptolemy.util.test.junit.AutoTests" name="[18] /home/travis/build/icyphy/ptII/ptolemy/domains/modal/test/auto/Case2.xml (RunModel)" time="0.051" />
  <testcase classname="ptolemy.util.test.junit.AutoTests" name="[19] /home/travis/build/icyphy/ptII/ptolemy/domains/modal/test/auto/CausalityInterface1.xml (RunModel)" time="0.036" />
  <testcase classname="ptolemy.util.test.junit.AutoTests" name="[20] /home/travis/build/icyphy/ptII/ptolemy/domains/modal/test/auto/CausalityInterface10.xml (RunModel)" time="0.075" />
  <testcase classname="ptolemy.util.test.junit.AutoTests" name="[21] /home/travis/build/icyphy/ptII/ptolemy/domains/modal/test/auto/CausalityInterface11.xml (RunModel)" time="0.055" />
  <testcase classname="ptolemy.util.test.junit.AutoTests" name="[22] /home/travis/build/icyphy/ptII/ptolemy/domains/modal/test/auto/CausalityInterface12.xml (RunModel)" time="0.048" />
  <testcase classname="ptolemy.util.test.junit.AutoTests" name="[23] /home/travis/build/icyphy/ptII/ptolemy/domains/modal/test/auto/CausalityInterface13.xml (RunModel)" time="0.06" />
  <testcase classname="ptolemy.util.test.junit.AutoTests" name="[24] /home/travis/build/icyphy/ptII/ptolemy/domains/modal/test/auto/CausalityInterface14.xml (RunModel)" time="0.052" />
  <testcase classname="ptolemy.util.test.junit.AutoTests" name="[25] /home/travis/build/icyphy/ptII/ptolemy/domains/modal/test/auto/CausalityInterface2.xml (RunModel)" time="0.034" />
  <testcase classname="ptolemy.util.test.junit.AutoTests" name="[26] /home/travis/build/icyphy/ptII/ptolemy/domains/modal/test/auto/CausalityInterface3.xml (RunModel)" time="0.03" />
  <testcase classname="ptolemy.util.test.junit.AutoTests" name="[27] /home/travis/build/icyphy/ptII/ptolemy/domains/modal/test/auto/CausalityInterface4.xml (RunModel)" time="0.045" />
  <testcase classname="ptolemy.util.test.junit.AutoTests" name="[28] /home/travis/build/icyphy/ptII/ptolemy/domains/modal/test/auto/CausalityInterface5.xml (RunModel)" time="0.031" />
  <testcase classname="ptolemy.util.test.junit.AutoTests" name="[29] /home/travis/build/icyphy/ptII/ptolemy/domains/modal/test/auto/CausalityInterface6.xml (RunModel)" time="0.05" />
  <testcase classname="ptolemy.util.test.junit.AutoTests" name="[30] /home/travis/build/icyphy/ptII/ptolemy/domains/modal/test/auto/CausalityInterface7.xml (RunModel)" time="0.038" />
  <testcase classname="ptolemy.util.test.junit.AutoTests" name="[31] /home/travis/build/icyphy/ptII/ptolemy/domains/modal/test/auto/CausalityInterface8.xml (RunModel)" time="0.043" />
  <testcase classname="ptolemy.util.test.junit.AutoTests" name="[32] /home/travis/build/icyphy/ptII/ptolemy/domains/modal/test/auto/CausalityInterface9.xml (RunModel)" time="0.039" />
  <testcase classname="ptolemy.util.test.junit.AutoTests" name="[33] /home/travis/build/icyphy/ptII/ptolemy/domains/modal/test/auto/ChainedTransitions.xml (RunModel)" time="0.155" />
  <testcase classname="ptolemy.util.test.junit.AutoTests" name="[34] /home/travis/build/icyphy/ptII/ptolemy/domains/modal/test/auto/CycleOfImmediateTransitionsFSM.xml (RunModel)" time="0.028" />
  <testcase classname="ptolemy.util.test.junit.AutoTests" name="[35] /home/travis/build/icyphy/ptII/ptolemy/domains/modal/test/auto/CycleOfImmediateTransitionsModal.xml (RunModel)" time="0.028" />
  <testcase classname="ptolemy.util.test.junit.AutoTests" name="[36] /home/travis/build/icyphy/ptII/ptolemy/domains/modal/test/auto/CycleOfImmediateTransitionsModal2.xml (RunModel)" time="0.035" />
  <testcase classname="ptolemy.util.test.junit.AutoTests" name="[37] /home/travis/build/icyphy/ptII/ptolemy/domains/modal/test/auto/CycleOfImmediateTransitionsModal3.xml (RunModel)" time="0.076" />
  <testcase classname="ptolemy.util.test.junit.AutoTests" name="[38] /home/travis/build/icyphy/ptII/ptolemy/domains/modal/test/auto/DeepModal1.xml (RunModel)" time="0.049" />
  <testcase classname="ptolemy.util.test.junit.AutoTests" name="[39] /home/travis/build/icyphy/ptII/ptolemy/domains/modal/test/auto/DeepModal2.xml (RunModel)" time="0.082" />
  <testcase classname="ptolemy.util.test.junit.AutoTests" name="[40] /home/travis/build/icyphy/ptII/ptolemy/domains/modal/test/auto/DeepModal3.xml (RunModel)" time="0.076" />
  <testcase classname="ptolemy.util.test.junit.AutoTests" name="[41] /home/travis/build/icyphy/ptII/ptolemy/domains/modal/test/auto/DeepModal4.xml (RunModel)" time="0.07" />
  <testcase classname="ptolemy.util.test.junit.AutoTests" name="[42] /home/travis/build/icyphy/ptII/ptolemy/domains/modal/test/auto/Default1.xml (RunModel)" time="0.016" />
  <testcase classname="ptolemy.util.test.junit.AutoTests" name="[43] /home/travis/build/icyphy/ptII/ptolemy/domains/modal/test/auto/Default2.xml (RunModel)" time="0.017" />
  <testcase classname="ptolemy.util.test.junit.AutoTests" name="[44] /home/travis/build/icyphy/ptII/ptolemy/domains/modal/test/auto/Default3.xml (RunModel)" time="0.017" />
  <testcase classname="ptolemy.util.test.junit.AutoTests" name="[45] /home/travis/build/icyphy/ptII/ptolemy/domains/modal/test/auto/Default4.xml (RunModel)" time="0.015" />
  <testcase classname="ptolemy.util.test.junit.AutoTests" name="[46] /home/travis/build/icyphy/ptII/ptolemy/domains/modal/test/auto/Default5.xml (RunModel)" time="0.029" />
  <testcase classname="ptolemy.util.test.junit.AutoTests" name="[47] /home/travis/build/icyphy/ptII/ptolemy/domains/modal/test/auto/EmptyGuard.xml (RunModel)" time="0.034" />
  <testcase classname="ptolemy.util.test.junit.AutoTests" name="[48] /home/travis/build/icyphy/ptII/ptolemy/domains/modal/test/auto/ErrorTransition1.xml (RunModel)" time="0.034" />
  <testcase classname="ptolemy.util.test.junit.AutoTests" name="[49] /home/travis/build/icyphy/ptII/ptolemy/domains/modal/test/auto/ErrorTransition10.xml (RunModel)" time="0.041" />
  <testcase classname="ptolemy.util.test.junit.AutoTests" name="[50] /home/travis/build/icyphy/ptII/ptolemy/domains/modal/test/auto/ErrorTransition11.xml (RunModel)" time="0.036" />
  <testcase classname="ptolemy.util.test.junit.AutoTests" name="[51] /home/travis/build/icyphy/ptII/ptolemy/domains/modal/test/auto/ErrorTransition2.xml (RunModel)" time="0.024" />
  <testcase classname="ptolemy.util.test.junit.AutoTests" name="[52] /home/travis/build/icyphy/ptII/ptolemy/domains/modal/test/auto/ErrorTransition3.xml (RunModel)" time="0.032" />
  <testcase classname="ptolemy.util.test.junit.AutoTests" name="[53] /home/travis/build/icyphy/ptII/ptolemy/domains/modal/test/auto/ErrorTransition4.xml (RunModel)" time="0.034" />
  <testcase classname="ptolemy.util.test.junit.AutoTests" name="[54] /home/travis/build/icyphy/ptII/ptolemy/domains/modal/test/auto/ErrorTransition5.xml (RunModel)" time="0.028" />
  <testcase classname="ptolemy.util.test.junit.AutoTests" name="[55] /home/travis/build/icyphy/ptII/ptolemy/domains/modal/test/auto/ErrorTransition6.xml (RunModel)" time="0.03" />
  <testcase classname="ptolemy.util.test.junit.AutoTests" name="[56] /home/travis/build/icyphy/ptII/ptolemy/domains/modal/test/auto/ErrorTransition7.xml (RunModel)" time="0.039" />
  <testcase classname="ptolemy.util.test.junit.AutoTests" name="[57] /home/travis/build/icyphy/ptII/ptolemy/domains/modal/test/auto/ErrorTransition8.xml (RunModel)" time="0.068" />
  <testcase classname="ptolemy.util.test.junit.AutoTests" name="[58] /home/travis/build/icyphy/ptII/ptolemy/domains/modal/test/auto/ErrorTransition9.xml (RunModel)" time="0.062" />
  <testcase classname="ptolemy.util.test.junit.AutoTests" name="[59] /home/travis/build/icyphy/ptII/ptolemy/domains/modal/test/auto/ExtendedFSM.xml (RunModel)" time="0.019" />
  <testcase classname="ptolemy.util.test.junit.AutoTests" name="[60] /home/travis/build/icyphy/ptII/ptolemy/domains/modal/test/auto/FinalStates.xml (RunModel)" time="0.024" />
  <testcase classname="ptolemy.util.test.junit.AutoTests" name="[61] /home/travis/build/icyphy/ptII/ptolemy/domains/modal/test/auto/FixedPointFSM.xml (RunModel)" time="0.043" />
  <testcase classname="ptolemy.util.test.junit.AutoTests" name="[62] /home/travis/build/icyphy/ptII/ptolemy/domains/modal/test/auto/FixedPointIterationFSMActor.xml (RunModel)" time="0.03" />
  <testcase classname="ptolemy.util.test.junit.AutoTests" name="[63] /home/travis/build/icyphy/ptII/ptolemy/domains/modal/test/auto/FixedPointIterationFSMActor2.xml (RunModel)" time="0.041" />
  <testcase classname="ptolemy.util.test.junit.AutoTests" name="[64] /home/travis/build/icyphy/ptII/ptolemy/domains/modal/test/auto/ForbiddenInstantanousLoop.xml (RunModel)" time="0.036" />
  <testcase classname="ptolemy.util.test.junit.AutoTests" name="[65] /home/travis/build/icyphy/ptII/ptolemy/domains/modal/test/auto/FunctionDependencyOfFSMActorTest.xml (RunModel)" time="0.032" />
  <testcase classname="ptolemy.util.test.junit.AutoTests" name="[66] /home/travis/build/icyphy/ptII/ptolemy/domains/modal/test/auto/GuardExpression.xml (RunModel)" time="0.016" />
  <testcase classname="ptolemy.util.test.junit.AutoTests" name="[67] /home/travis/build/icyphy/ptII/ptolemy/domains/modal/test/auto/GuardNotEvaluated.xml (RunModel)" time="0.025" />
  <testcase classname="ptolemy.util.test.junit.AutoTests" name="[68] /home/travis/build/icyphy/ptII/ptolemy/domains/modal/test/auto/GuardNotEvaluated2.xml (RunModel)" time="0.023" />
  <testcase classname="ptolemy.util.test.junit.AutoTests" name="[69] /home/travis/build/icyphy/ptII/ptolemy/domains/modal/test/auto/GuardOnAbsent.xml (RunModel)" time="0.023" />
  <testcase classname="ptolemy.util.test.junit.AutoTests" name="[70] /home/travis/build/icyphy/ptII/ptolemy/domains/modal/test/auto/HierarchicalFSMTypeInference.xml (RunModel)" time="0.025" />
  <testcase classname="ptolemy.util.test.junit.AutoTests" name="[71] /home/travis/build/icyphy/ptII/ptolemy/domains/modal/test/auto/Hysteresis.xml (RunModel)" time="0.037" />
  <testcase classname="ptolemy.util.test.junit.AutoTests" name="[72] /home/travis/build/icyphy/ptII/ptolemy/domains/modal/test/auto/HysteresisWithDefault.xml (RunModel)" time="0.056" />
  <testcase classname="ptolemy.util.test.junit.AutoTests" name="[73] /home/travis/build/icyphy/ptII/ptolemy/domains/modal/test/auto/HysteresisWithDefault2.xml (RunModel)" time="0.059" />
  <testcase classname="ptolemy.util.test.junit.AutoTests" name="[74] /home/travis/build/icyphy/ptII/ptolemy/domains/modal/test/auto/ImmediateNonConstructiveness.xml (RunModel)" time="0.015" />
  <testcase classname="ptolemy.util.test.junit.AutoTests" name="[75] /home/travis/build/icyphy/ptII/ptolemy/domains/modal/test/auto/ImmediateNonConstructiveness2.xml (RunModel)" time="0.015" />
  <testcase classname="ptolemy.util.test.junit.AutoTests" name="[76] /home/travis/build/icyphy/ptII/ptolemy/domains/modal/test/auto/ImmediateTransitionReset.xml (RunModel)" time="0.031" />
  <testcase classname="ptolemy.util.test.junit.AutoTests" name="[77] /home/travis/build/icyphy/ptII/ptolemy/domains/modal/test/auto/ImmediateTransitions1.xml (RunModel)" time="0.012" />
  <testcase classname="ptolemy.util.test.junit.AutoTests" name="[78] /home/travis/build/icyphy/ptII/ptolemy/domains/modal/test/auto/ImmediateTransitionsInstantaneousCommunication.xml (RunModel)" time="0.036" />
  <testcase classname="ptolemy.util.test.junit.AutoTests" name="[79] /home/travis/build/icyphy/ptII/ptolemy/domains/modal/test/auto/InitialImmediateTransition.xml (RunModel)" time="0.015" />
  <testcase classname="ptolemy.util.test.junit.AutoTests" name="[80] /home/travis/build/icyphy/ptII/ptolemy/domains/modal/test/auto/InitialOutputs.xml (RunModel)" time="0.014" />
  <testcase classname="ptolemy.util.test.junit.AutoTests" name="[81] /home/travis/build/icyphy/ptII/ptolemy/domains/modal/test/auto/InitialStateTransition1.xml (RunModel)" time="0.018" />
  <testcase classname="ptolemy.util.test.junit.AutoTests" name="[82] /home/travis/build/icyphy/ptII/ptolemy/domains/modal/test/auto/InitialStateTransition2.xml (RunModel)" time="0.018" />
  <testcase classname="ptolemy.util.test.junit.AutoTests" name="[83] /home/travis/build/icyphy/ptII/ptolemy/domains/modal/test/auto/InitialStateTransition3.xml (RunModel)" time="0.021" />
  <testcase classname="ptolemy.util.test.junit.AutoTests" name="[84] /home/travis/build/icyphy/ptII/ptolemy/domains/modal/test/auto/InitialStateTransition4.xml (RunModel)" time="0.029" />
  <testcase classname="ptolemy.util.test.junit.AutoTests" name="[85] /home/travis/build/icyphy/ptII/ptolemy/domains/modal/test/auto/MalformedGuardExpressionNotCaught.xml (RunModel)" time="0.015" />
  <testcase classname="ptolemy.util.test.junit.AutoTests" name="[86] /home/travis/build/icyphy/ptII/ptolemy/domains/modal/test/auto/ModalBSC.xml (RunModel)" time="0.085" />
  <testcase classname="ptolemy.util.test.junit.AutoTests" name="[87] /home/travis/build/icyphy/ptII/ptolemy/domains/modal/test/auto/ModalClocks.xml (RunModel)" time="0.062" />
  <testcase classname="ptolemy.util.test.junit.AutoTests" name="[88] /home/travis/build/icyphy/ptII/ptolemy/domains/modal/test/auto/ModalDelay.xml (RunModel)" time="0.035" />
  <testcase classname="ptolemy.util.test.junit.AutoTests" name="[89] /home/travis/build/icyphy/ptII/ptolemy/domains/modal/test/auto/ModalDelay2.xml (RunModel)" time="0.034" />
  <testcase classname="ptolemy.util.test.junit.AutoTests" name="[90] /home/travis/build/icyphy/ptII/ptolemy/domains/modal/test/auto/ModalModelFromMemo.xml (RunModel)" time="0.053" />
  <testcase classname="ptolemy.util.test.junit.AutoTests" name="[91] /home/travis/build/icyphy/ptII/ptolemy/domains/modal/test/auto/ModalModelWithMultirateTransient.xml (RunModel)" time="0.049" />
  <testcase classname="ptolemy.util.test.junit.AutoTests" name="[92] /home/travis/build/icyphy/ptII/ptolemy/domains/modal/test/auto/ModalModelWithReset.xml (RunModel)" time="0.053" />
  <testcase classname="ptolemy.util.test.junit.AutoTests" name="[93] /home/travis/build/icyphy/ptII/ptolemy/domains/modal/test/auto/MouseClickFSM.xml (RunModel)" time="0.036" />
  <testcase classname="ptolemy.util.test.junit.AutoTests" name="[94] /home/travis/build/icyphy/ptII/ptolemy/domains/modal/test/auto/MouseClickFSMModal.xml (RunModel)" time="0.037" />
  <testcase classname="ptolemy.util.test.junit.AutoTests" name="[95] /home/travis/build/icyphy/ptII/ptolemy/domains/modal/test/auto/NonStrictFSM_FeedbackLoop.xml (RunModel)" time="0.048" />
  <testcase classname="ptolemy.util.test.junit.AutoTests" name="[96] /home/travis/build/icyphy/ptII/ptolemy/domains/modal/test/auto/NonStrictFSM_FeedbackLoop_Refinement.xml (RunModel)" time="0.057" />
  <testcase classname="ptolemy.util.test.junit.AutoTests" name="[97] /home/travis/build/icyphy/ptII/ptolemy/domains/modal/test/auto/NonStrictFSM_FeedbackLoop_preemptive.xml (RunModel)" time="0.045" />
  <testcase classname="ptolemy.util.test.junit.AutoTests" name="[98] /home/travis/build/icyphy/ptII/ptolemy/domains/modal/test/auto/NormalTermination.xml (RunModel)" time="0.041" />
  <testcase classname="ptolemy.util.test.junit.AutoTests" name="[99] /home/travis/build/icyphy/ptII/ptolemy/domains/modal/test/auto/Pong.xml (RunModel)" time="0.083" />
  <testcase classname="ptolemy.util.test.junit.AutoTests" name="[100] /home/travis/build/icyphy/ptII/ptolemy/domains/modal/test/auto/Pong_test.xml (RunModel)" time="0.11" />
  <testcase classname="ptolemy.util.test.junit.AutoTests" name="[101] /home/travis/build/icyphy/ptII/ptolemy/domains/modal/test/auto/PreemptionHierarchy.xml (RunModel)" time="0.029" />
  <testcase classname="ptolemy.util.test.junit.AutoTests" name="[102] /home/travis/build/icyphy/ptII/ptolemy/domains/modal/test/auto/PreemptionHierarchy2.xml (RunModel)" time="0.03" />
  <testcase classname="ptolemy.util.test.junit.AutoTests" name="[103] /home/travis/build/icyphy/ptII/ptolemy/domains/modal/test/auto/PreemptiveTransition.xml (RunModel)" time="0.021" />
  <testcase classname="ptolemy.util.test.junit.AutoTests" name="[104] /home/travis/build/icyphy/ptII/ptolemy/domains/modal/test/auto/Priorities.xml (RunModel)" time="0.084" />
  <testcase classname="ptolemy.util.test.junit.AutoTests" name="[105] /home/travis/build/icyphy/ptII/ptolemy/domains/modal/test/auto/ResetFinal.xml (RunModel)" time="0.044" />
  <testcase classname="ptolemy.util.test.junit.AutoTests" name="[106] /home/travis/build/icyphy/ptII/ptolemy/domains/modal/test/auto/ResetFinal2.xml (RunModel)" time="0.026" />
  <testcase classname="ptolemy.util.test.junit.AutoTests" name="[107] /home/travis/build/icyphy/ptII/ptolemy/domains/modal/test/auto/ResetTransitionWithStartTime.xml (RunModel)" time="0.033" />
  <testcase classname="ptolemy.util.test.junit.AutoTests" name="[108] /home/travis/build/icyphy/ptII/ptolemy/domains/modal/test/auto/SDF-FSMComposite.xml (RunModel)" time="0.021" />
  <testcase classname="ptolemy.util.test.junit.AutoTests" name="[109] /home/travis/build/icyphy/ptII/ptolemy/domains/modal/test/auto/SeeminglyNondeterminate.xml (RunModel)" time="0.069" />
  <testcase classname="ptolemy.util.test.junit.AutoTests" name="[110] /home/travis/build/icyphy/ptII/ptolemy/domains/modal/test/auto/SeeminglyNondeterminate2.xml (RunModel)" time="0.073" />
  <testcase classname="ptolemy.util.test.junit.AutoTests" name="[111] /home/travis/build/icyphy/ptII/ptolemy/domains/modal/test/auto/SpontaneousFSM.xml (RunModel)" time="0.05" />
  <testcase classname="ptolemy.util.test.junit.AutoTests" name="[112] /home/travis/build/icyphy/ptII/ptolemy/domains/modal/test/auto/SpontaneousFSM2.xml (RunModel)" time="0.038" />
  <testcase classname="ptolemy.util.test.junit.AutoTests" name="[113] /home/travis/build/icyphy/ptII/ptolemy/domains/modal/test/auto/SpontaneousFSM3.xml (RunModel)" time="0.044" />
  <testcase classname="ptolemy.util.test.junit.AutoTests" name="[114] /home/travis/build/icyphy/ptII/ptolemy/domains/modal/test/auto/SpontaneousFSM4.xml (RunModel)" time="0.042" />
  <testcase classname="ptolemy.util.test.junit.AutoTests" name="[115] /home/travis/build/icyphy/ptII/ptolemy/domains/modal/test/auto/StateTrackerTest.xml (RunModel)" time="0.064" />
  <testcase classname="ptolemy.util.test.junit.AutoTests" name="[116] /home/travis/build/icyphy/ptII/ptolemy/domains/modal/test/auto/StrongImmediateTransition.xml (RunModel)" time="0.026" />
  <testcase classname="ptolemy.util.test.junit.AutoTests" name="[117] /home/travis/build/icyphy/ptII/ptolemy/domains/modal/test/auto/SustainHierarchy.xml (RunModel)" time="0.033" />
  <testcase classname="ptolemy.util.test.junit.AutoTests" name="[118] /home/travis/build/icyphy/ptII/ptolemy/domains/modal/test/auto/TerminationTransition1.xml (RunModel)" time="0.022" />
  <testcase classname="ptolemy.util.test.junit.AutoTests" name="[119] /home/travis/build/icyphy/ptII/ptolemy/domains/modal/test/auto/TerminationTransition2.xml (RunModel)" time="0.026" />
  <testcase classname="ptolemy.util.test.junit.AutoTests" name="[120] /home/travis/build/icyphy/ptII/ptolemy/domains/modal/test/auto/TerminationTransition3.xml (RunModel)" time="0.028" />
  <testcase classname="ptolemy.util.test.junit.AutoTests" name="[121] /home/travis/build/icyphy/ptII/ptolemy/domains/modal/test/auto/TerminationTransition4.xml (RunModel)" time="0.045" />
  <testcase classname="ptolemy.util.test.junit.AutoTests" name="[122] /home/travis/build/icyphy/ptII/ptolemy/domains/modal/test/auto/TerminationTransition5.xml (RunModel)" time="0.031" />
  <testcase classname="ptolemy.util.test.junit.AutoTests" name="[123] /home/travis/build/icyphy/ptII/ptolemy/domains/modal/test/auto/TerminationTransition6.xml (RunModel)" time="0.024" />
  <testcase classname="ptolemy.util.test.junit.AutoTests" name="[124] /home/travis/build/icyphy/ptII/ptolemy/domains/modal/test/auto/TerminationTransition7.xml (RunModel)" time="0.019" />
  <testcase classname="ptolemy.util.test.junit.AutoTests" name="[125] /home/travis/build/icyphy/ptII/ptolemy/domains/modal/test/auto/TerminationTransition8.xml (RunModel)" time="0.022" />
  <testcase classname="ptolemy.util.test.junit.AutoTests" name="[126] /home/travis/build/icyphy/ptII/ptolemy/domains/modal/test/auto/Thermostat_NoHysteresis.xml (RunModel)" time="0.05" />
  <testcase classname="ptolemy.util.test.junit.AutoTests" name="[127] /home/travis/build/icyphy/ptII/ptolemy/domains/modal/test/auto/TimedFSM.xml (RunModel)" time="0.032" />
  <testcase classname="ptolemy.util.test.junit.AutoTests" name="[128] /home/travis/build/icyphy/ptII/ptolemy/domains/modal/test/auto/Timeout1.xml (RunModel)" time="0.013" />
  <testcase classname="ptolemy.util.test.junit.AutoTests" name="[129] /home/travis/build/icyphy/ptII/ptolemy/domains/modal/test/auto/Timeout2.xml (RunModel)" time="0.019" />
  <testcase classname="ptolemy.util.test.junit.AutoTests" name="[130] /home/travis/build/icyphy/ptII/ptolemy/domains/modal/test/auto/Timeout3.xml (RunModel)" time="0.01" />
  <testcase classname="ptolemy.util.test.junit.AutoTests" name="[131] /home/travis/build/icyphy/ptII/ptolemy/domains/modal/test/auto/Timeout4.xml (RunModel)" time="0.012" />
  <testcase classname="ptolemy.util.test.junit.AutoTests" name="[132] /home/travis/build/icyphy/ptII/ptolemy/domains/modal/test/auto/TransientstateModelAdvanced.xml (RunModel)" time="0.029" />
  <testcase classname="ptolemy.util.test.junit.AutoTests" name="[133] /home/travis/build/icyphy/ptII/ptolemy/domains/modal/test/auto/TransientstateModelAdvanced2.xml (RunModel)" time="0.03" />
  <testcase classname="ptolemy.util.test.junit.AutoTests" name="[134] /home/travis/build/icyphy/ptII/ptolemy/domains/modal/test/auto/TransitionRefinements.xml (RunModel)" time="0.028" />
  <testcase classname="ptolemy.util.test.junit.AutoTests" name="[135] /home/travis/build/icyphy/ptII/ptolemy/domains/modal/test/auto/TwoRefinements1.xml (RunModel)" time="0.023" />
  <testcase classname="ptolemy.util.test.junit.AutoTests" name="[136] /home/travis/build/icyphy/ptII/ptolemy/domains/modal/test/auto/TwoRefinements2.xml (RunModel)" time="0.027" />
  <testcase classname="ptolemy.util.test.junit.AutoTests" name="[137] /home/travis/build/icyphy/ptII/ptolemy/domains/modal/test/auto/WeakImmediateTransition.xml (RunModel)" time="0.027" />
  <testcase classname="ptolemy.util.test.junit.AutoTests" name="[138] /home/travis/build/icyphy/ptII/ptolemy/domains/modal/test/auto/booleanSelect.xml (RunModel)" time="0.079" />
  <testcase classname="ptolemy.util.test.junit.AutoTests" name="[139] /home/travis/build/icyphy/ptII/ptolemy/domains/modal/test/auto/modalChangingParams.xml (RunModel)" time="0.215" />
  <testcase classname="ptolemy.util.test.junit.AutoTests" name="[140] /home/travis/build/icyphy/ptII/ptolemy/domains/modal/test/auto/modalModel.xml (RunModel)" time="0.019" />
  <testcase classname="ptolemy.util.test.junit.AutoTests" name="[141] /home/travis/build/icyphy/ptII/ptolemy/domains/modal/test/auto/modalModel2.xml (RunModel)" time="0.026" />
  <testcase classname="ptolemy.util.test.junit.AutoTests" name="[142] /home/travis/build/icyphy/ptII/ptolemy/domains/modal/test/auto/modalModel3.xml (RunModel)" time="0.041" />
  <testcase classname="ptolemy.util.test.junit.AutoTests" name="[143] /home/travis/build/icyphy/ptII/ptolemy/domains/modal/test/auto/model1.xml (RunModel)" time="0.019" />
  <testcase classname="ptolemy.util.test.junit.AutoTests" name="[144] /home/travis/build/icyphy/ptII/ptolemy/domains/modal/test/auto/test-direct-in-out.xml (RunModel)" time="0.017" />
  <system-out><![CDATA[/home/travis/build/icyphy/ptII/ptolemy/domains/modal/test/SystemLevelType.tcl
testDefs.tcl: setting time out to 9000 seconds at Sat Jan 19 03:22:21 UTC 2019
01/19/19 03:22:23
Failed: 0  Total Tests: 1  ((Passed: 1, Newly Passed: 0)  Known Failed: 0) /home/travis/build/icyphy/ptII/ptolemy/domains/modal/test
----------------- testing (KnownFailure) /home/travis/build/icyphy/ptII/ptolemy/domains/modal/test/auto/knownFailedTests/CannotAnalysisWithPreemption.xml
51 ms. Memory: 208384K Free: 185792K (89%)
Known Failure: java.lang.reflect.InvocationTargetException
No auto/linux-amd64/*.xml tests in /home/travis/build/icyphy/ptII/ptolemy/domains/modal/test
AutoTests.java: About to close Vertx.
AutoTests.java: Vertx closed.

===========================================================================================
----------------- testing Sat Jan 19 03:22:23 UTC 2019 /home/travis/build/icyphy/ptII/ptolemy/domains/modal/test/auto/ABPTest.xml
----------------- Instantiating /home/travis/build/icyphy/ptII/ptolemy/domains/modal/test/auto/ABPTest.xml
382 ms. Memory: 331776K Free: 293172K (88%)
----------------- Invoking toplevel() on ptolemy.moml.MoMLSimpleApplication@487dadc8
----------------- Done invoking toplevel() on ptolemy.moml.MoMLSimpleApplication@487dadc8
reloadAllAccessors: .ABPTest

===========================================================================================
----------------- testing Sat Jan 19 03:22:24 UTC 2019 /home/travis/build/icyphy/ptII/ptolemy/domains/modal/test/auto/ABROFlat.xml
----------------- Instantiating /home/travis/build/icyphy/ptII/ptolemy/domains/modal/test/auto/ABROFlat.xml
22 ms. Memory: 331776K Free: 271075K (82%)
----------------- Invoking toplevel() on ptolemy.moml.MoMLSimpleApplication@476d43b2
----------------- Done invoking toplevel() on ptolemy.moml.MoMLSimpleApplication@476d43b2
reloadAllAccessors: .ABROFlat

===========================================================================================
----------------- testing Sat Jan 19 03:22:24 UTC 2019 /home/travis/build/icyphy/ptII/ptolemy/domains/modal/test/auto/ABROFlat2.xml
----------------- Instantiating /home/travis/build/icyphy/ptII/ptolemy/domains/modal/test/auto/ABROFlat2.xml
19 ms. Memory: 331776K Free: 253106K (76%)
----------------- Invoking toplevel() on ptolemy.moml.MoMLSimpleApplication@15b879bb
----------------- Done invoking toplevel() on ptolemy.moml.MoMLSimpleApplication@15b879bb
reloadAllAccessors: .ABROFlat2

===========================================================================================
----------------- testing Sat Jan 19 03:22:24 UTC 2019 /home/travis/build/icyphy/ptII/ptolemy/domains/modal/test/auto/ABRO_present_hmm.xml
----------------- Instantiating /home/travis/build/icyphy/ptII/ptolemy/domains/modal/test/auto/ABRO_present_hmm.xml
36 ms. Memory: 331776K Free: 222107K (67%)
----------------- Invoking toplevel() on ptolemy.moml.MoMLSimpleApplication@7743b794
----------------- Done invoking toplevel() on ptolemy.moml.MoMLSimpleApplication@7743b794
reloadAllAccessors: .ABRO_present_hmm

===========================================================================================
----------------- testing Sat Jan 19 03:22:25 UTC 2019 /home/travis/build/icyphy/ptII/ptolemy/domains/modal/test/auto/AMICoderExample.xml
----------------- Instantiating /home/travis/build/icyphy/ptII/ptolemy/domains/modal/test/auto/AMICoderExample.xml
23 ms. Memory: 331776K Free: 210694K (64%)
----------------- Invoking toplevel() on ptolemy.moml.MoMLSimpleApplication@446dc0e9
----------------- Done invoking toplevel() on ptolemy.moml.MoMLSimpleApplication@446dc0e9
reloadAllAccessors: .AMICoderExample

===========================================================================================
----------------- testing Sat Jan 19 03:22:25 UTC 2019 /home/travis/build/icyphy/ptII/ptolemy/domains/modal/test/auto/AbsentToPresent.xml
----------------- Instantiating /home/travis/build/icyphy/ptII/ptolemy/domains/modal/test/auto/AbsentToPresent.xml
7 ms. Memory: 331776K Free: 202384K (61%)
----------------- Invoking toplevel() on ptolemy.moml.MoMLSimpleApplication@a695aa9
----------------- Done invoking toplevel() on ptolemy.moml.MoMLSimpleApplication@a695aa9
reloadAllAccessors: .AbsentToPresent

===========================================================================================
----------------- testing Sat Jan 19 03:22:25 UTC 2019 /home/travis/build/icyphy/ptII/ptolemy/domains/modal/test/auto/Blending.xml
----------------- Instantiating /home/travis/build/icyphy/ptII/ptolemy/domains/modal/test/auto/Blending.xml
124 ms. Memory: 331776K Free: 151808K (46%)
----------------- Invoking toplevel() on ptolemy.moml.MoMLSimpleApplication@44e16698
----------------- Done invoking toplevel() on ptolemy.moml.MoMLSimpleApplication@44e16698
reloadAllAccessors: .Blending

===========================================================================================
----------------- testing Sat Jan 19 03:22:25 UTC 2019 /home/travis/build/icyphy/ptII/ptolemy/domains/modal/test/auto/Broadcast.xml
----------------- Instantiating /home/travis/build/icyphy/ptII/ptolemy/domains/modal/test/auto/Broadcast.xml
12 ms. Memory: 331776K Free: 138762K (42%)
----------------- Invoking toplevel() on ptolemy.moml.MoMLSimpleApplication@e42a8e1
----------------- Done invoking toplevel() on ptolemy.moml.MoMLSimpleApplication@e42a8e1
reloadAllAccessors: .Broadcast

===========================================================================================
----------------- testing Sat Jan 19 03:22:25 UTC 2019 /home/travis/build/icyphy/ptII/ptolemy/domains/modal/test/auto/BroadcastHierarchy.xml
----------------- Instantiating /home/travis/build/icyphy/ptII/ptolemy/domains/modal/test/auto/BroadcastHierarchy.xml
19 ms. Memory: 331776K Free: 120856K (36%)
----------------- Invoking toplevel() on ptolemy.moml.MoMLSimpleApplication@54db8d8c
----------------- Done invoking toplevel() on ptolemy.moml.MoMLSimpleApplication@54db8d8c
reloadAllAccessors: .BroadcastHierarchy

===========================================================================================
----------------- testing Sat Jan 19 03:22:25 UTC 2019 /home/travis/build/icyphy/ptII/ptolemy/domains/modal/test/auto/BroadcastHierarchy2.xml
----------------- Instantiating /home/travis/build/icyphy/ptII/ptolemy/domains/modal/test/auto/BroadcastHierarchy2.xml
27 ms. Memory: 331776K Free: 84958K (26%)
----------------- Invoking toplevel() on ptolemy.moml.MoMLSimpleApplication@5102beba
----------------- Done invoking toplevel() on ptolemy.moml.MoMLSimpleApplication@5102beba
reloadAllAccessors: .BroadcastHierarchy2

===========================================================================================
----------------- testing Sat Jan 19 03:22:25 UTC 2019 /home/travis/build/icyphy/ptII/ptolemy/domains/modal/test/auto/BroadcastHierarchy3.xml
----------------- Instantiating /home/travis/build/icyphy/ptII/ptolemy/domains/modal/test/auto/BroadcastHierarchy3.xml
26 ms. Memory: 333824K Free: 302462K (91%)
----------------- Invoking toplevel() on ptolemy.moml.MoMLSimpleApplication@5e5a0aa3
----------------- Done invoking toplevel() on ptolemy.moml.MoMLSimpleApplication@5e5a0aa3
reloadAllAccessors: .BroadcastHierarchy3

===========================================================================================
----------------- testing Sat Jan 19 03:22:25 UTC 2019 /home/travis/build/icyphy/ptII/ptolemy/domains/modal/test/auto/BroadcastHierarchy4.xml
----------------- Instantiating /home/travis/build/icyphy/ptII/ptolemy/domains/modal/test/auto/BroadcastHierarchy4.xml
17 ms. Memory: 333824K Free: 267569K (80%)
----------------- Invoking toplevel() on ptolemy.moml.MoMLSimpleApplication@1b43773d
----------------- Done invoking toplevel() on ptolemy.moml.MoMLSimpleApplication@1b43773d
reloadAllAccessors: .BroadcastHierarchy4

===========================================================================================
----------------- testing Sat Jan 19 03:22:25 UTC 2019 /home/travis/build/icyphy/ptII/ptolemy/domains/modal/test/auto/CannotAnalysisWithPreemption2.xml
----------------- Instantiating /home/travis/build/icyphy/ptII/ptolemy/domains/modal/test/auto/CannotAnalysisWithPreemption2.xml
5 ms. Memory: 333824K Free: 257796K (77%)
----------------- Invoking toplevel() on ptolemy.moml.MoMLSimpleApplication@2e3c05f0
----------------- Done invoking toplevel() on ptolemy.moml.MoMLSimpleApplication@2e3c05f0
reloadAllAccessors: .CannotAnalysisWithPreemption2

===========================================================================================
----------------- testing Sat Jan 19 03:22:25 UTC 2019 /home/travis/build/icyphy/ptII/ptolemy/domains/modal/test/auto/CannotAnalysisWithPreemption3.xml
----------------- Instantiating /home/travis/build/icyphy/ptII/ptolemy/domains/modal/test/auto/CannotAnalysisWithPreemption3.xml
5 ms. Memory: 333824K Free: 244758K (73%)
----------------- Invoking toplevel() on ptolemy.moml.MoMLSimpleApplication@5771f284
----------------- Done invoking toplevel() on ptolemy.moml.MoMLSimpleApplication@5771f284
reloadAllAccessors: .CannotAnalysisWithPreemption3

===========================================================================================
----------------- testing Sat Jan 19 03:22:25 UTC 2019 /home/travis/build/icyphy/ptII/ptolemy/domains/modal/test/auto/CannotProduce.xml
----------------- Instantiating /home/travis/build/icyphy/ptII/ptolemy/domains/modal/test/auto/CannotProduce.xml
10 ms. Memory: 333824K Free: 235950K (71%)
----------------- Invoking toplevel() on ptolemy.moml.MoMLSimpleApplication@49141b19
----------------- Done invoking toplevel() on ptolemy.moml.MoMLSimpleApplication@49141b19
reloadAllAccessors: .CannotProduce

===========================================================================================
----------------- testing Sat Jan 19 03:22:25 UTC 2019 /home/travis/build/icyphy/ptII/ptolemy/domains/modal/test/auto/CannotProduceModal.xml
----------------- Instantiating /home/travis/build/icyphy/ptII/ptolemy/domains/modal/test/auto/CannotProduceModal.xml
7 ms. Memory: 333824K Free: 227794K (68%)
----------------- Invoking toplevel() on ptolemy.moml.MoMLSimpleApplication@4da33a91
----------------- Done invoking toplevel() on ptolemy.moml.MoMLSimpleApplication@4da33a91
reloadAllAccessors: .CannotProduceModal

===========================================================================================
----------------- testing Sat Jan 19 03:22:26 UTC 2019 /home/travis/build/icyphy/ptII/ptolemy/domains/modal/test/auto/Case.xml
----------------- Instantiating /home/travis/build/icyphy/ptII/ptolemy/domains/modal/test/auto/Case.xml
27 ms. Memory: 333824K Free: 214748K (64%)
----------------- Invoking toplevel() on ptolemy.moml.MoMLSimpleApplication@e71ec21
----------------- Done invoking toplevel() on ptolemy.moml.MoMLSimpleApplication@e71ec21
reloadAllAccessors: .Case

===========================================================================================
----------------- testing Sat Jan 19 03:22:26 UTC 2019 /home/travis/build/icyphy/ptII/ptolemy/domains/modal/test/auto/Case1.xml
----------------- Instantiating /home/travis/build/icyphy/ptII/ptolemy/domains/modal/test/auto/Case1.xml
6 ms. Memory: 333824K Free: 204308K (61%)
----------------- Invoking toplevel() on ptolemy.moml.MoMLSimpleApplication@61a1334b
----------------- Done invoking toplevel() on ptolemy.moml.MoMLSimpleApplication@61a1334b
reloadAllAccessors: .Case1

===========================================================================================
----------------- testing Sat Jan 19 03:22:26 UTC 2019 /home/travis/build/icyphy/ptII/ptolemy/domains/modal/test/auto/Case2.xml
----------------- Instantiating /home/travis/build/icyphy/ptII/ptolemy/domains/modal/test/auto/Case2.xml
28 ms. Memory: 333824K Free: 192894K (58%)
----------------- Invoking toplevel() on ptolemy.moml.MoMLSimpleApplication@7e4967e0
----------------- Done invoking toplevel() on ptolemy.moml.MoMLSimpleApplication@7e4967e0
reloadAllAccessors: .Case2

===========================================================================================
----------------- testing Sat Jan 19 03:22:26 UTC 2019 /home/travis/build/icyphy/ptII/ptolemy/domains/modal/test/auto/CausalityInterface1.xml
----------------- Instantiating /home/travis/build/icyphy/ptII/ptolemy/domains/modal/test/auto/CausalityInterface1.xml
4 ms. Memory: 333824K Free: 186387K (56%)
----------------- Invoking toplevel() on ptolemy.moml.MoMLSimpleApplication@73f3f9c3
----------------- Done invoking toplevel() on ptolemy.moml.MoMLSimpleApplication@73f3f9c3
reloadAllAccessors: .CausalityInterface1

===========================================================================================
----------------- testing Sat Jan 19 03:22:26 UTC 2019 /home/travis/build/icyphy/ptII/ptolemy/domains/modal/test/auto/CausalityInterface10.xml
----------------- Instantiating /home/travis/build/icyphy/ptII/ptolemy/domains/modal/test/auto/CausalityInterface10.xml
10 ms. Memory: 333824K Free: 167822K (50%)
----------------- Invoking toplevel() on ptolemy.moml.MoMLSimpleApplication@17dda8fb
----------------- Done invoking toplevel() on ptolemy.moml.MoMLSimpleApplication@17dda8fb
reloadAllAccessors: .CausalityInterface10

===========================================================================================
----------------- testing Sat Jan 19 03:22:26 UTC 2019 /home/travis/build/icyphy/ptII/ptolemy/domains/modal/test/auto/CausalityInterface11.xml
----------------- Instantiating /home/travis/build/icyphy/ptII/ptolemy/domains/modal/test/auto/CausalityInterface11.xml
9 ms. Memory: 333824K Free: 151494K (45%)
----------------- Invoking toplevel() on ptolemy.moml.MoMLSimpleApplication@5aca5e87
----------------- Done invoking toplevel() on ptolemy.moml.MoMLSimpleApplication@5aca5e87
reloadAllAccessors: .CausalityInterface11

===========================================================================================
----------------- testing Sat Jan 19 03:22:26 UTC 2019 /home/travis/build/icyphy/ptII/ptolemy/domains/modal/test/auto/CausalityInterface12.xml
----------------- Instantiating /home/travis/build/icyphy/ptII/ptolemy/domains/modal/test/auto/CausalityInterface12.xml
8 ms. Memory: 333824K Free: 135167K (40%)
----------------- Invoking toplevel() on ptolemy.moml.MoMLSimpleApplication@2afba3ee
----------------- Done invoking toplevel() on ptolemy.moml.MoMLSimpleApplication@2afba3ee
reloadAllAccessors: .CausalityInterface12

===========================================================================================
----------------- testing Sat Jan 19 03:22:26 UTC 2019 /home/travis/build/icyphy/ptII/ptolemy/domains/modal/test/auto/CausalityInterface13.xml
----------------- Instantiating /home/travis/build/icyphy/ptII/ptolemy/domains/modal/test/auto/CausalityInterface13.xml
9 ms. Memory: 333824K Free: 116593K (35%)
----------------- Invoking toplevel() on ptolemy.moml.MoMLSimpleApplication@68ef7450
----------------- Done invoking toplevel() on ptolemy.moml.MoMLSimpleApplication@68ef7450
reloadAllAccessors: .CausalityInterface13

===========================================================================================
----------------- testing Sat Jan 19 03:22:26 UTC 2019 /home/travis/build/icyphy/ptII/ptolemy/domains/modal/test/auto/CausalityInterface14.xml
----------------- Instantiating /home/travis/build/icyphy/ptII/ptolemy/domains/modal/test/auto/CausalityInterface14.xml
11 ms. Memory: 333824K Free: 100321K (30%)
----------------- Invoking toplevel() on ptolemy.moml.MoMLSimpleApplication@7799430d
----------------- Done invoking toplevel() on ptolemy.moml.MoMLSimpleApplication@7799430d
reloadAllAccessors: .CausalityInterface14

===========================================================================================
----------------- testing Sat Jan 19 03:22:26 UTC 2019 /home/travis/build/icyphy/ptII/ptolemy/domains/modal/test/auto/CausalityInterface2.xml
----------------- Instantiating /home/travis/build/icyphy/ptII/ptolemy/domains/modal/test/auto/CausalityInterface2.xml
9 ms. Memory: 333824K Free: 92173K (28%)
----------------- Invoking toplevel() on ptolemy.moml.MoMLSimpleApplication@6b4019c7
----------------- Done invoking toplevel() on ptolemy.moml.MoMLSimpleApplication@6b4019c7
reloadAllAccessors: .CausalityInterface2

===========================================================================================
----------------- testing Sat Jan 19 03:22:26 UTC 2019 /home/travis/build/icyphy/ptII/ptolemy/domains/modal/test/auto/CausalityInterface3.xml
----------------- Instantiating /home/travis/build/icyphy/ptII/ptolemy/domains/modal/test/auto/CausalityInterface3.xml
4 ms. Memory: 333824K Free: 81741K (24%)
----------------- Invoking toplevel() on ptolemy.moml.MoMLSimpleApplication@74dbf984
----------------- Done invoking toplevel() on ptolemy.moml.MoMLSimpleApplication@74dbf984
reloadAllAccessors: .CausalityInterface3

===========================================================================================
----------------- testing Sat Jan 19 03:22:26 UTC 2019 /home/travis/build/icyphy/ptII/ptolemy/domains/modal/test/auto/CausalityInterface4.xml
----------------- Instantiating /home/travis/build/icyphy/ptII/ptolemy/domains/modal/test/auto/CausalityInterface4.xml
3 ms. Memory: 577024K Free: 558152K (97%)
----------------- Invoking toplevel() on ptolemy.moml.MoMLSimpleApplication@eb464c2
----------------- Done invoking toplevel() on ptolemy.moml.MoMLSimpleApplication@eb464c2
reloadAllAccessors: .CausalityInterface4

===========================================================================================
----------------- testing Sat Jan 19 03:22:26 UTC 2019 /home/travis/build/icyphy/ptII/ptolemy/domains/modal/test/auto/CausalityInterface5.xml
----------------- Instantiating /home/travis/build/icyphy/ptII/ptolemy/domains/modal/test/auto/CausalityInterface5.xml
5 ms. Memory: 577024K Free: 542003K (94%)
----------------- Invoking toplevel() on ptolemy.moml.MoMLSimpleApplication@315ec749
----------------- Done invoking toplevel() on ptolemy.moml.MoMLSimpleApplication@315ec749
reloadAllAccessors: .CausalityInterface5

===========================================================================================
----------------- testing Sat Jan 19 03:22:26 UTC 2019 /home/travis/build/icyphy/ptII/ptolemy/domains/modal/test/auto/CausalityInterface6.xml
----------------- Instantiating /home/travis/build/icyphy/ptII/ptolemy/domains/modal/test/auto/CausalityInterface6.xml
8 ms. Memory: 577024K Free: 529004K (92%)
----------------- Invoking toplevel() on ptolemy.moml.MoMLSimpleApplication@33211c7c
----------------- Done invoking toplevel() on ptolemy.moml.MoMLSimpleApplication@33211c7c
reloadAllAccessors: .CausalityInterface6

===========================================================================================
----------------- testing Sat Jan 19 03:22:26 UTC 2019 /home/travis/build/icyphy/ptII/ptolemy/domains/modal/test/auto/CausalityInterface7.xml
----------------- Instantiating /home/travis/build/icyphy/ptII/ptolemy/domains/modal/test/auto/CausalityInterface7.xml
6 ms. Memory: 577024K Free: 515759K (89%)
----------------- Invoking toplevel() on ptolemy.moml.MoMLSimpleApplication@2dc9fb5f
----------------- Done invoking toplevel() on ptolemy.moml.MoMLSimpleApplication@2dc9fb5f
reloadAllAccessors: .CausalityInterface7

===========================================================================================
----------------- testing Sat Jan 19 03:22:26 UTC 2019 /home/travis/build/icyphy/ptII/ptolemy/domains/modal/test/auto/CausalityInterface8.xml
----------------- Instantiating /home/travis/build/icyphy/ptII/ptolemy/domains/modal/test/auto/CausalityInterface8.xml
5 ms. Memory: 577024K Free: 502745K (87%)
----------------- Invoking toplevel() on ptolemy.moml.MoMLSimpleApplication@1e80ad6
----------------- Done invoking toplevel() on ptolemy.moml.MoMLSimpleApplication@1e80ad6
reloadAllAccessors: .CausalityInterface8

===========================================================================================
----------------- testing Sat Jan 19 03:22:26 UTC 2019 /home/travis/build/icyphy/ptII/ptolemy/domains/modal/test/auto/CausalityInterface9.xml
----------------- Instantiating /home/travis/build/icyphy/ptII/ptolemy/domains/modal/test/auto/CausalityInterface9.xml
9 ms. Memory: 577024K Free: 486587K (84%)
----------------- Invoking toplevel() on ptolemy.moml.MoMLSimpleApplication@3a34d5c1
----------------- Done invoking toplevel() on ptolemy.moml.MoMLSimpleApplication@3a34d5c1
reloadAllAccessors: .CausalityInterface9

===========================================================================================
----------------- testing Sat Jan 19 03:22:26 UTC 2019 /home/travis/build/icyphy/ptII/ptolemy/domains/modal/test/auto/ChainedTransitions.xml
----------------- Instantiating /home/travis/build/icyphy/ptII/ptolemy/domains/modal/test/auto/ChainedTransitions.xml
101 ms. Memory: 577024K Free: 457261K (79%)
----------------- Invoking toplevel() on ptolemy.moml.MoMLSimpleApplication@4f5ec78
----------------- Done invoking toplevel() on ptolemy.moml.MoMLSimpleApplication@4f5ec78
reloadAllAccessors: .ChainedTransitions

===========================================================================================
----------------- testing Sat Jan 19 03:22:27 UTC 2019 /home/travis/build/icyphy/ptII/ptolemy/domains/modal/test/auto/CycleOfImmediateTransitionsFSM.xml
----------------- Instantiating /home/travis/build/icyphy/ptII/ptolemy/domains/modal/test/auto/CycleOfImmediateTransitionsFSM.xml
6 ms. Memory: 577024K Free: 447496K (78%)
----------------- Invoking toplevel() on ptolemy.moml.MoMLSimpleApplication@92fd247
----------------- Done invoking toplevel() on ptolemy.moml.MoMLSimpleApplication@92fd247
reloadAllAccessors: .CycleOfImmediateTransitionsFSM

===========================================================================================
----------------- testing Sat Jan 19 03:22:27 UTC 2019 /home/travis/build/icyphy/ptII/ptolemy/domains/modal/test/auto/CycleOfImmediateTransitionsModal.xml
----------------- Instantiating /home/travis/build/icyphy/ptII/ptolemy/domains/modal/test/auto/CycleOfImmediateTransitionsModal.xml
4 ms. Memory: 577024K Free: 437732K (76%)
----------------- Invoking toplevel() on ptolemy.moml.MoMLSimpleApplication@431a66a3
----------------- Done invoking toplevel() on ptolemy.moml.MoMLSimpleApplication@431a66a3
reloadAllAccessors: .CycleOfImmediateTransitionsModal

===========================================================================================
----------------- testing Sat Jan 19 03:22:27 UTC 2019 /home/travis/build/icyphy/ptII/ptolemy/domains/modal/test/auto/CycleOfImmediateTransitionsModal2.xml
----------------- Instantiating /home/travis/build/icyphy/ptII/ptolemy/domains/modal/test/auto/CycleOfImmediateTransitionsModal2.xml
7 ms. Memory: 577024K Free: 424824K (74%)
----------------- Invoking toplevel() on ptolemy.moml.MoMLSimpleApplication@23bfbd4b
----------------- Done invoking toplevel() on ptolemy.moml.MoMLSimpleApplication@23bfbd4b
reloadAllAccessors: .CycleOfImmediateTransitionsModal2

===========================================================================================
----------------- testing Sat Jan 19 03:22:27 UTC 2019 /home/travis/build/icyphy/ptII/ptolemy/domains/modal/test/auto/CycleOfImmediateTransitionsModal3.xml
----------------- Instantiating /home/travis/build/icyphy/ptII/ptolemy/domains/modal/test/auto/CycleOfImmediateTransitionsModal3.xml
13 ms. Memory: 577024K Free: 395522K (69%)
----------------- Invoking toplevel() on ptolemy.moml.MoMLSimpleApplication@1c280fc6
----------------- Done invoking toplevel() on ptolemy.moml.MoMLSimpleApplication@1c280fc6
reloadAllAccessors: .CycleOfImmediateTransitionsModal3

===========================================================================================
----------------- testing Sat Jan 19 03:22:27 UTC 2019 /home/travis/build/icyphy/ptII/ptolemy/domains/modal/test/auto/DeepModal1.xml
----------------- Instantiating /home/travis/build/icyphy/ptII/ptolemy/domains/modal/test/auto/DeepModal1.xml
24 ms. Memory: 577024K Free: 375977K (65%)
----------------- Invoking toplevel() on ptolemy.moml.MoMLSimpleApplication@622d7c86
----------------- Done invoking toplevel() on ptolemy.moml.MoMLSimpleApplication@622d7c86
reloadAllAccessors: .DeepModal1

===========================================================================================
----------------- testing Sat Jan 19 03:22:27 UTC 2019 /home/travis/build/icyphy/ptII/ptolemy/domains/modal/test/auto/DeepModal2.xml
----------------- Instantiating /home/travis/build/icyphy/ptII/ptolemy/domains/modal/test/auto/DeepModal2.xml
25 ms. Memory: 577024K Free: 353182K (61%)
----------------- Invoking toplevel() on ptolemy.moml.MoMLSimpleApplication@7ef352ac
----------------- Done invoking toplevel() on ptolemy.moml.MoMLSimpleApplication@7ef352ac
reloadAllAccessors: .DeepModal2

===========================================================================================
----------------- testing Sat Jan 19 03:22:27 UTC 2019 /home/travis/build/icyphy/ptII/ptolemy/domains/modal/test/auto/DeepModal3.xml
----------------- Instantiating /home/travis/build/icyphy/ptII/ptolemy/domains/modal/test/auto/DeepModal3.xml
27 ms. Memory: 577024K Free: 327252K (57%)
----------------- Invoking toplevel() on ptolemy.moml.MoMLSimpleApplication@56dad83e
----------------- Done invoking toplevel() on ptolemy.moml.MoMLSimpleApplication@56dad83e
reloadAllAccessors: .DeepModal3

===========================================================================================
----------------- testing Sat Jan 19 03:22:27 UTC 2019 /home/travis/build/icyphy/ptII/ptolemy/domains/modal/test/auto/DeepModal4.xml
----------------- Instantiating /home/travis/build/icyphy/ptII/ptolemy/domains/modal/test/auto/DeepModal4.xml
19 ms. Memory: 577024K Free: 304473K (53%)
----------------- Invoking toplevel() on ptolemy.moml.MoMLSimpleApplication@2fed7912
----------------- Done invoking toplevel() on ptolemy.moml.MoMLSimpleApplication@2fed7912
reloadAllAccessors: .DeepModal4

===========================================================================================
----------------- testing Sat Jan 19 03:22:27 UTC 2019 /home/travis/build/icyphy/ptII/ptolemy/domains/modal/test/auto/Default1.xml
----------------- Instantiating /home/travis/build/icyphy/ptII/ptolemy/domains/modal/test/auto/Default1.xml
2 ms. Memory: 577024K Free: 294709K (51%)
----------------- Invoking toplevel() on ptolemy.moml.MoMLSimpleApplication@6c31ab07
----------------- Done invoking toplevel() on ptolemy.moml.MoMLSimpleApplication@6c31ab07
reloadAllAccessors: .Default1

===========================================================================================
----------------- testing Sat Jan 19 03:22:27 UTC 2019 /home/travis/build/icyphy/ptII/ptolemy/domains/modal/test/auto/Default2.xml
----------------- Instantiating /home/travis/build/icyphy/ptII/ptolemy/domains/modal/test/auto/Default2.xml
2 ms. Memory: 577024K Free: 284952K (49%)
----------------- Invoking toplevel() on ptolemy.moml.MoMLSimpleApplication@12fb214f
----------------- Done invoking toplevel() on ptolemy.moml.MoMLSimpleApplication@12fb214f
reloadAllAccessors: .Default2

===========================================================================================
----------------- testing Sat Jan 19 03:22:27 UTC 2019 /home/travis/build/icyphy/ptII/ptolemy/domains/modal/test/auto/Default3.xml
----------------- Instantiating /home/travis/build/icyphy/ptII/ptolemy/domains/modal/test/auto/Default3.xml
3 ms. Memory: 577024K Free: 272044K (47%)
----------------- Invoking toplevel() on ptolemy.moml.MoMLSimpleApplication@75c62f13
----------------- Done invoking toplevel() on ptolemy.moml.MoMLSimpleApplication@75c62f13
reloadAllAccessors: .Default3

===========================================================================================
----------------- testing Sat Jan 19 03:22:27 UTC 2019 /home/travis/build/icyphy/ptII/ptolemy/domains/modal/test/auto/Default4.xml
----------------- Instantiating /home/travis/build/icyphy/ptII/ptolemy/domains/modal/test/auto/Default4.xml
2 ms. Memory: 577024K Free: 262279K (45%)
----------------- Invoking toplevel() on ptolemy.moml.MoMLSimpleApplication@62da9fe3
----------------- Done invoking toplevel() on ptolemy.moml.MoMLSimpleApplication@62da9fe3
reloadAllAccessors: .Default4

===========================================================================================
----------------- testing Sat Jan 19 03:22:27 UTC 2019 /home/travis/build/icyphy/ptII/ptolemy/domains/modal/test/auto/Default5.xml
----------------- Instantiating /home/travis/build/icyphy/ptII/ptolemy/domains/modal/test/auto/Default5.xml
10 ms. Memory: 577024K Free: 249265K (43%)
----------------- Invoking toplevel() on ptolemy.moml.MoMLSimpleApplication@674b846b
----------------- Done invoking toplevel() on ptolemy.moml.MoMLSimpleApplication@674b846b
reloadAllAccessors: .Default5

===========================================================================================
----------------- testing Sat Jan 19 03:22:27 UTC 2019 /home/travis/build/icyphy/ptII/ptolemy/domains/modal/test/auto/EmptyGuard.xml
----------------- Instantiating /home/travis/build/icyphy/ptII/ptolemy/domains/modal/test/auto/EmptyGuard.xml
11 ms. Memory: 577024K Free: 236235K (41%)
----------------- Invoking toplevel() on ptolemy.moml.MoMLSimpleApplication@7b1105ae
----------------- Done invoking toplevel() on ptolemy.moml.MoMLSimpleApplication@7b1105ae
reloadAllAccessors: .EmptyGuard

===========================================================================================
----------------- testing Sat Jan 19 03:22:27 UTC 2019 /home/travis/build/icyphy/ptII/ptolemy/domains/modal/test/auto/ErrorTransition1.xml
----------------- Instantiating /home/travis/build/icyphy/ptII/ptolemy/domains/modal/test/auto/ErrorTransition1.xml
7 ms. Memory: 577024K Free: 220078K (38%)
----------------- Invoking toplevel() on ptolemy.moml.MoMLSimpleApplication@74691b62
----------------- Done invoking toplevel() on ptolemy.moml.MoMLSimpleApplication@74691b62
reloadAllAccessors: .ErrorTransition1

===========================================================================================
----------------- testing Sat Jan 19 03:22:27 UTC 2019 /home/travis/build/icyphy/ptII/ptolemy/domains/modal/test/auto/ErrorTransition10.xml
----------------- Instantiating /home/travis/build/icyphy/ptII/ptolemy/domains/modal/test/auto/ErrorTransition10.xml
11 ms. Memory: 577024K Free: 203798K (35%)
----------------- Invoking toplevel() on ptolemy.moml.MoMLSimpleApplication@4bcccdd4
----------------- Done invoking toplevel() on ptolemy.moml.MoMLSimpleApplication@4bcccdd4
reloadAllAccessors: .ErrorTransition10

===========================================================================================
----------------- testing Sat Jan 19 03:22:27 UTC 2019 /home/travis/build/icyphy/ptII/ptolemy/domains/modal/test/auto/ErrorTransition11.xml
----------------- Instantiating /home/travis/build/icyphy/ptII/ptolemy/domains/modal/test/auto/ErrorTransition11.xml
4 ms. Memory: 577024K Free: 187518K (32%)
----------------- Invoking toplevel() on ptolemy.moml.MoMLSimpleApplication@48da431c
----------------- Done invoking toplevel() on ptolemy.moml.MoMLSimpleApplication@48da431c
reloadAllAccessors: .ErrorTransition11

===========================================================================================
----------------- testing Sat Jan 19 03:22:27 UTC 2019 /home/travis/build/icyphy/ptII/ptolemy/domains/modal/test/auto/ErrorTransition2.xml
----------------- Instantiating /home/travis/build/icyphy/ptII/ptolemy/domains/modal/test/auto/ErrorTransition2.xml
6 ms. Memory: 577024K Free: 174520K (30%)
----------------- Invoking toplevel() on ptolemy.moml.MoMLSimpleApplication@32f9d38f
----------------- Done invoking toplevel() on ptolemy.moml.MoMLSimpleApplication@32f9d38f
reloadAllAccessors: .ErrorTransition2

===========================================================================================
----------------- testing Sat Jan 19 03:22:27 UTC 2019 /home/travis/build/icyphy/ptII/ptolemy/domains/modal/test/auto/ErrorTransition3.xml
----------------- Instantiating /home/travis/build/icyphy/ptII/ptolemy/domains/modal/test/auto/ErrorTransition3.xml
9 ms. Memory: 577024K Free: 161506K (28%)
----------------- Invoking toplevel() on ptolemy.moml.MoMLSimpleApplication@7b2b3b90
----------------- Done invoking toplevel() on ptolemy.moml.MoMLSimpleApplication@7b2b3b90
reloadAllAccessors: .ErrorTransition3

===========================================================================================
----------------- testing Sat Jan 19 03:22:27 UTC 2019 /home/travis/build/icyphy/ptII/ptolemy/domains/modal/test/auto/ErrorTransition4.xml
----------------- Instantiating /home/travis/build/icyphy/ptII/ptolemy/domains/modal/test/auto/ErrorTransition4.xml
7 ms. Memory: 577024K Free: 145348K (25%)
----------------- Invoking toplevel() on ptolemy.moml.MoMLSimpleApplication@13919844
----------------- Done invoking toplevel() on ptolemy.moml.MoMLSimpleApplication@13919844
reloadAllAccessors: .ErrorTransition4

===========================================================================================
----------------- testing Sat Jan 19 03:22:27 UTC 2019 /home/travis/build/icyphy/ptII/ptolemy/domains/modal/test/auto/ErrorTransition5.xml
----------------- Instantiating /home/travis/build/icyphy/ptII/ptolemy/domains/modal/test/auto/ErrorTransition5.xml
8 ms. Memory: 577024K Free: 132334K (23%)
----------------- Invoking toplevel() on ptolemy.moml.MoMLSimpleApplication@737a014d
----------------- Done invoking toplevel() on ptolemy.moml.MoMLSimpleApplication@737a014d
reloadAllAccessors: .ErrorTransition5

===========================================================================================
----------------- testing Sat Jan 19 03:22:27 UTC 2019 /home/travis/build/icyphy/ptII/ptolemy/domains/modal/test/auto/ErrorTransition6.xml
----------------- Instantiating /home/travis/build/icyphy/ptII/ptolemy/domains/modal/test/auto/ErrorTransition6.xml
8 ms. Memory: 577024K Free: 119336K (21%)
----------------- Invoking toplevel() on ptolemy.moml.MoMLSimpleApplication@2101d535
----------------- Done invoking toplevel() on ptolemy.moml.MoMLSimpleApplication@2101d535
reloadAllAccessors: .ErrorTransition6

===========================================================================================
----------------- testing Sat Jan 19 03:22:27 UTC 2019 /home/travis/build/icyphy/ptII/ptolemy/domains/modal/test/auto/ErrorTransition7.xml
----------------- Instantiating /home/travis/build/icyphy/ptII/ptolemy/domains/modal/test/auto/ErrorTransition7.xml
13 ms. Memory: 577024K Free: 103080K (18%)
----------------- Invoking toplevel() on ptolemy.moml.MoMLSimpleApplication@4ea37c87
----------------- Done invoking toplevel() on ptolemy.moml.MoMLSimpleApplication@4ea37c87
reloadAllAccessors: .ErrorTransition7

===========================================================================================
----------------- testing Sat Jan 19 03:22:27 UTC 2019 /home/travis/build/icyphy/ptII/ptolemy/domains/modal/test/auto/ErrorTransition8.xml
----------------- Instantiating /home/travis/build/icyphy/ptII/ptolemy/domains/modal/test/auto/ErrorTransition8.xml
34 ms. Memory: 577024K Free: 83657K (14%)
----------------- Invoking toplevel() on ptolemy.moml.MoMLSimpleApplication@3cebc9ca
----------------- Done invoking toplevel() on ptolemy.moml.MoMLSimpleApplication@3cebc9ca
reloadAllAccessors: .ErrorTransition8

===========================================================================================
----------------- testing Sat Jan 19 03:22:28 UTC 2019 /home/travis/build/icyphy/ptII/ptolemy/domains/modal/test/auto/ErrorTransition9.xml
----------------- Instantiating /home/travis/build/icyphy/ptII/ptolemy/domains/modal/test/auto/ErrorTransition9.xml
13 ms. Memory: 577024K Free: 555663K (96%)
----------------- Invoking toplevel() on ptolemy.moml.MoMLSimpleApplication@455bca6c
----------------- Done invoking toplevel() on ptolemy.moml.MoMLSimpleApplication@455bca6c
reloadAllAccessors: .ErrorTransition9

===========================================================================================
----------------- testing Sat Jan 19 03:22:28 UTC 2019 /home/travis/build/icyphy/ptII/ptolemy/domains/modal/test/auto/ExtendedFSM.xml
----------------- Instantiating /home/travis/build/icyphy/ptII/ptolemy/domains/modal/test/auto/ExtendedFSM.xml
4 ms. Memory: 577024K Free: 543712K (94%)
----------------- Invoking toplevel() on ptolemy.moml.MoMLSimpleApplication@299cffa8
----------------- Done invoking toplevel() on ptolemy.moml.MoMLSimpleApplication@299cffa8
reloadAllAccessors: .ExtendedFSM

===========================================================================================
----------------- testing Sat Jan 19 03:22:28 UTC 2019 /home/travis/build/icyphy/ptII/ptolemy/domains/modal/test/auto/FinalStates.xml
----------------- Instantiating /home/travis/build/icyphy/ptII/ptolemy/domains/modal/test/auto/FinalStates.xml
9 ms. Memory: 577024K Free: 533947K (93%)
----------------- Invoking toplevel() on ptolemy.moml.MoMLSimpleApplication@78c32921
----------------- Done invoking toplevel() on ptolemy.moml.MoMLSimpleApplication@78c32921
reloadAllAccessors: .FinalStates

===========================================================================================
----------------- testing Sat Jan 19 03:22:28 UTC 2019 /home/travis/build/icyphy/ptII/ptolemy/domains/modal/test/auto/FixedPointFSM.xml
----------------- Instantiating /home/travis/build/icyphy/ptII/ptolemy/domains/modal/test/auto/FixedPointFSM.xml
18 ms. Memory: 577024K Free: 512222K (89%)
----------------- Invoking toplevel() on ptolemy.moml.MoMLSimpleApplication@187e447a
----------------- Done invoking toplevel() on ptolemy.moml.MoMLSimpleApplication@187e447a
reloadAllAccessors: .FixedPointFSM

===========================================================================================
----------------- testing Sat Jan 19 03:22:28 UTC 2019 /home/travis/build/icyphy/ptII/ptolemy/domains/modal/test/auto/FixedPointIterationFSMActor.xml
----------------- Instantiating /home/travis/build/icyphy/ptII/ptolemy/domains/modal/test/auto/FixedPointIterationFSMActor.xml
6 ms. Memory: 577024K Free: 499208K (87%)
----------------- Invoking toplevel() on ptolemy.moml.MoMLSimpleApplication@3bb78180
----------------- Done invoking toplevel() on ptolemy.moml.MoMLSimpleApplication@3bb78180
reloadAllAccessors: .FixedPointIterationFSMActor

===========================================================================================
----------------- testing Sat Jan 19 03:22:28 UTC 2019 /home/travis/build/icyphy/ptII/ptolemy/domains/modal/test/auto/FixedPointIterationFSMActor2.xml
----------------- Instantiating /home/travis/build/icyphy/ptII/ptolemy/domains/modal/test/auto/FixedPointIterationFSMActor2.xml
15 ms. Memory: 577024K Free: 482961K (84%)
----------------- Invoking toplevel() on ptolemy.moml.MoMLSimpleApplication@5a91a7e9
----------------- Done invoking toplevel() on ptolemy.moml.MoMLSimpleApplication@5a91a7e9
reloadAllAccessors: .FixedPointIterationFSMActor2

===========================================================================================
----------------- testing Sat Jan 19 03:22:28 UTC 2019 /home/travis/build/icyphy/ptII/ptolemy/domains/modal/test/auto/ForbiddenInstantanousLoop.xml
----------------- Instantiating /home/travis/build/icyphy/ptII/ptolemy/domains/modal/test/auto/ForbiddenInstantanousLoop.xml
5 ms. Memory: 577024K Free: 464486K (80%)
----------------- Invoking toplevel() on ptolemy.moml.MoMLSimpleApplication@79e78158
----------------- Done invoking toplevel() on ptolemy.moml.MoMLSimpleApplication@79e78158
reloadAllAccessors: .ForbiddenInstantanousLoop

===========================================================================================
----------------- testing Sat Jan 19 03:22:28 UTC 2019 /home/travis/build/icyphy/ptII/ptolemy/domains/modal/test/auto/FunctionDependencyOfFSMActorTest.xml
----------------- Instantiating /home/travis/build/icyphy/ptII/ptolemy/domains/modal/test/auto/FunctionDependencyOfFSMActorTest.xml
16 ms. Memory: 577024K Free: 454721K (79%)
----------------- Invoking toplevel() on ptolemy.moml.MoMLSimpleApplication@43c693a9
----------------- Done invoking toplevel() on ptolemy.moml.MoMLSimpleApplication@43c693a9
reloadAllAccessors: .FunctionDependencyOfFSMActorTest

===========================================================================================
----------------- testing Sat Jan 19 03:22:28 UTC 2019 /home/travis/build/icyphy/ptII/ptolemy/domains/modal/test/auto/GuardExpression.xml
----------------- Instantiating /home/travis/build/icyphy/ptII/ptolemy/domains/modal/test/auto/GuardExpression.xml
1 ms. Memory: 577024K Free: 444965K (77%)
----------------- Invoking toplevel() on ptolemy.moml.MoMLSimpleApplication@412c2065
----------------- Done invoking toplevel() on ptolemy.moml.MoMLSimpleApplication@412c2065
reloadAllAccessors: .GuardExpression

===========================================================================================
----------------- testing Sat Jan 19 03:22:28 UTC 2019 /home/travis/build/icyphy/ptII/ptolemy/domains/modal/test/auto/GuardNotEvaluated.xml
----------------- Instantiating /home/travis/build/icyphy/ptII/ptolemy/domains/modal/test/auto/GuardNotEvaluated.xml
3 ms. Memory: 577024K Free: 429763K (74%)
----------------- Invoking toplevel() on ptolemy.moml.MoMLSimpleApplication@5037239b
----------------- Done invoking toplevel() on ptolemy.moml.MoMLSimpleApplication@5037239b
reloadAllAccessors: .GuardNotEvaluated

===========================================================================================
----------------- testing Sat Jan 19 03:22:28 UTC 2019 /home/travis/build/icyphy/ptII/ptolemy/domains/modal/test/auto/GuardNotEvaluated2.xml
----------------- Instantiating /home/travis/build/icyphy/ptII/ptolemy/domains/modal/test/auto/GuardNotEvaluated2.xml
8 ms. Memory: 577024K Free: 416765K (72%)
----------------- Invoking toplevel() on ptolemy.moml.MoMLSimpleApplication@64a9083c
----------------- Done invoking toplevel() on ptolemy.moml.MoMLSimpleApplication@64a9083c
reloadAllAccessors: .GuardNotEvaluated2

===========================================================================================
----------------- testing Sat Jan 19 03:22:28 UTC 2019 /home/travis/build/icyphy/ptII/ptolemy/domains/modal/test/auto/GuardOnAbsent.xml
----------------- Instantiating /home/travis/build/icyphy/ptII/ptolemy/domains/modal/test/auto/GuardOnAbsent.xml
7 ms. Memory: 577024K Free: 407009K (71%)
----------------- Invoking toplevel() on ptolemy.moml.MoMLSimpleApplication@249307d5
----------------- Done invoking toplevel() on ptolemy.moml.MoMLSimpleApplication@249307d5
reloadAllAccessors: .GuardOnAbsent

===========================================================================================
----------------- testing Sat Jan 19 03:22:28 UTC 2019 /home/travis/build/icyphy/ptII/ptolemy/domains/modal/test/auto/HierarchicalFSMTypeInference.xml
----------------- Instantiating /home/travis/build/icyphy/ptII/ptolemy/domains/modal/test/auto/HierarchicalFSMTypeInference.xml
3 ms. Memory: 577024K Free: 388541K (67%)
----------------- Invoking toplevel() on ptolemy.moml.MoMLSimpleApplication@64effd48
----------------- Done invoking toplevel() on ptolemy.moml.MoMLSimpleApplication@64effd48
reloadAllAccessors: .HierarchicalFSMTypeInference

===========================================================================================
----------------- testing Sat Jan 19 03:22:28 UTC 2019 /home/travis/build/icyphy/ptII/ptolemy/domains/modal/test/auto/Hysteresis.xml
----------------- Instantiating /home/travis/build/icyphy/ptII/ptolemy/domains/modal/test/auto/Hysteresis.xml
8 ms. Memory: 577024K Free: 368996K (64%)
----------------- Invoking toplevel() on ptolemy.moml.MoMLSimpleApplication@2dc9bfd9
----------------- Done invoking toplevel() on ptolemy.moml.MoMLSimpleApplication@2dc9bfd9
reloadAllAccessors: .Hysteresis

===========================================================================================
----------------- testing Sat Jan 19 03:22:28 UTC 2019 /home/travis/build/icyphy/ptII/ptolemy/domains/modal/test/auto/HysteresisWithDefault.xml
----------------- Instantiating /home/travis/build/icyphy/ptII/ptolemy/domains/modal/test/auto/HysteresisWithDefault.xml
27 ms. Memory: 577024K Free: 340732K (59%)
----------------- Invoking toplevel() on ptolemy.moml.MoMLSimpleApplication@25ad98bf
----------------- Done invoking toplevel() on ptolemy.moml.MoMLSimpleApplication@25ad98bf
reloadAllAccessors: .HysteresisWithDefault

===========================================================================================
----------------- testing Sat Jan 19 03:22:28 UTC 2019 /home/travis/build/icyphy/ptII/ptolemy/domains/modal/test/auto/HysteresisWithDefault2.xml
----------------- Instantiating /home/travis/build/icyphy/ptII/ptolemy/domains/modal/test/auto/HysteresisWithDefault2.xml
32 ms. Memory: 577024K Free: 308173K (53%)
----------------- Invoking toplevel() on ptolemy.moml.MoMLSimpleApplication@7cd3329d
----------------- Done invoking toplevel() on ptolemy.moml.MoMLSimpleApplication@7cd3329d
reloadAllAccessors: .HysteresisWithDefault2

===========================================================================================
----------------- testing Sat Jan 19 03:22:28 UTC 2019 /home/travis/build/icyphy/ptII/ptolemy/domains/modal/test/auto/ImmediateNonConstructiveness.xml
----------------- Instantiating /home/travis/build/icyphy/ptII/ptolemy/domains/modal/test/auto/ImmediateNonConstructiveness.xml
2 ms. Memory: 577024K Free: 298408K (52%)
----------------- Invoking toplevel() on ptolemy.moml.MoMLSimpleApplication@6ca7ae2a
----------------- Done invoking toplevel() on ptolemy.moml.MoMLSimpleApplication@6ca7ae2a
reloadAllAccessors: .ImmediateNonConstructiveness

===========================================================================================
----------------- testing Sat Jan 19 03:22:28 UTC 2019 /home/travis/build/icyphy/ptII/ptolemy/domains/modal/test/auto/ImmediateNonConstructiveness2.xml
----------------- Instantiating /home/travis/build/icyphy/ptII/ptolemy/domains/modal/test/auto/ImmediateNonConstructiveness2.xml
2 ms. Memory: 577024K Free: 286440K (50%)
----------------- Invoking toplevel() on ptolemy.moml.MoMLSimpleApplication@285c80c6
----------------- Done invoking toplevel() on ptolemy.moml.MoMLSimpleApplication@285c80c6
reloadAllAccessors: .ImmediateNonConstructiveness2

===========================================================================================
----------------- testing Sat Jan 19 03:22:28 UTC 2019 /home/travis/build/icyphy/ptII/ptolemy/domains/modal/test/auto/ImmediateTransitionReset.xml
----------------- Instantiating /home/travis/build/icyphy/ptII/ptolemy/domains/modal/test/auto/ImmediateTransitionReset.xml
3 ms. Memory: 577024K Free: 270161K (47%)
----------------- Invoking toplevel() on ptolemy.moml.MoMLSimpleApplication@23379a5e
----------------- Done invoking toplevel() on ptolemy.moml.MoMLSimpleApplication@23379a5e
reloadAllAccessors: .ImmediateTransitionReset

===========================================================================================
----------------- testing Sat Jan 19 03:22:28 UTC 2019 /home/travis/build/icyphy/ptII/ptolemy/domains/modal/test/auto/ImmediateTransitions1.xml
----------------- Instantiating /home/travis/build/icyphy/ptII/ptolemy/domains/modal/test/auto/ImmediateTransitions1.xml
2 ms. Memory: 577024K Free: 260396K (45%)
----------------- Invoking toplevel() on ptolemy.moml.MoMLSimpleApplication@69f90910
----------------- Done invoking toplevel() on ptolemy.moml.MoMLSimpleApplication@69f90910
reloadAllAccessors: .ImmediateTransitions1

===========================================================================================
----------------- testing Sat Jan 19 03:22:28 UTC 2019 /home/travis/build/icyphy/ptII/ptolemy/domains/modal/test/auto/ImmediateTransitionsInstantaneousCommunication.xml
----------------- Instantiating /home/travis/build/icyphy/ptII/ptolemy/domains/modal/test/auto/ImmediateTransitionsInstantaneousCommunication.xml
4 ms. Memory: 577024K Free: 241921K (42%)
----------------- Invoking toplevel() on ptolemy.moml.MoMLSimpleApplication@5fb9193
----------------- Done invoking toplevel() on ptolemy.moml.MoMLSimpleApplication@5fb9193
reloadAllAccessors: .ImmediateTransitionsInstantaneousCommunication

===========================================================================================
----------------- testing Sat Jan 19 03:22:28 UTC 2019 /home/travis/build/icyphy/ptII/ptolemy/domains/modal/test/auto/InitialImmediateTransition.xml
----------------- Instantiating /home/travis/build/icyphy/ptII/ptolemy/domains/modal/test/auto/InitialImmediateTransition.xml
3 ms. Memory: 577024K Free: 232172K (40%)
----------------- Invoking toplevel() on ptolemy.moml.MoMLSimpleApplication@2468ba24
----------------- Done invoking toplevel() on ptolemy.moml.MoMLSimpleApplication@2468ba24
reloadAllAccessors: .InitialImmediateTransition

===========================================================================================
----------------- testing Sat Jan 19 03:22:28 UTC 2019 /home/travis/build/icyphy/ptII/ptolemy/domains/modal/test/auto/InitialOutputs.xml
----------------- Instantiating /home/travis/build/icyphy/ptII/ptolemy/domains/modal/test/auto/InitialOutputs.xml
2 ms. Memory: 577024K Free: 222424K (39%)
----------------- Invoking toplevel() on ptolemy.moml.MoMLSimpleApplication@529fb043
----------------- Done invoking toplevel() on ptolemy.moml.MoMLSimpleApplication@529fb043
reloadAllAccessors: .InitialOutputs

===========================================================================================
----------------- testing Sat Jan 19 03:22:28 UTC 2019 /home/travis/build/icyphy/ptII/ptolemy/domains/modal/test/auto/InitialStateTransition1.xml
----------------- Instantiating /home/travis/build/icyphy/ptII/ptolemy/domains/modal/test/auto/InitialStateTransition1.xml
3 ms. Memory: 577024K Free: 207222K (36%)
----------------- Invoking toplevel() on ptolemy.moml.MoMLSimpleApplication@3e427a
----------------- Done invoking toplevel() on ptolemy.moml.MoMLSimpleApplication@3e427a
reloadAllAccessors: .InitialStateTransition1

===========================================================================================
----------------- testing Sat Jan 19 03:22:28 UTC 2019 /home/travis/build/icyphy/ptII/ptolemy/domains/modal/test/auto/InitialStateTransition2.xml
----------------- Instantiating /home/travis/build/icyphy/ptII/ptolemy/domains/modal/test/auto/InitialStateTransition2.xml
.InitialStateTransition2.TestExceptionAttributeNonConstructive: initialize() was not invoked, but wrapup() was.  This is unusual, but not always a problem.  For example, exporting JNLP will do this.
0 ms. Memory: 577024K Free: 194208K (34%)
----------------- Invoking toplevel() on ptolemy.moml.MoMLSimpleApplication@64a210dd
----------------- Done invoking toplevel() on ptolemy.moml.MoMLSimpleApplication@64a210dd
reloadAllAccessors: .InitialStateTransition2

===========================================================================================
----------------- testing Sat Jan 19 03:22:28 UTC 2019 /home/travis/build/icyphy/ptII/ptolemy/domains/modal/test/auto/InitialStateTransition3.xml
----------------- Instantiating /home/travis/build/icyphy/ptII/ptolemy/domains/modal/test/auto/InitialStateTransition3.xml
2 ms. Memory: 577024K Free: 178990K (31%)
----------------- Invoking toplevel() on ptolemy.moml.MoMLSimpleApplication@70a83fa2
----------------- Done invoking toplevel() on ptolemy.moml.MoMLSimpleApplication@70a83fa2
reloadAllAccessors: .InitialStateTransition3

===========================================================================================
----------------- testing Sat Jan 19 03:22:28 UTC 2019 /home/travis/build/icyphy/ptII/ptolemy/domains/modal/test/auto/InitialStateTransition4.xml
----------------- Instantiating /home/travis/build/icyphy/ptII/ptolemy/domains/modal/test/auto/InitialStateTransition4.xml
3 ms. Memory: 577024K Free: 165976K (29%)
----------------- Invoking toplevel() on ptolemy.moml.MoMLSimpleApplication@348166c
----------------- Done invoking toplevel() on ptolemy.moml.MoMLSimpleApplication@348166c
[...]
----------------- Done invoking toplevel() on ptolemy.moml.MoMLSimpleApplication@580c838
reloadAllAccessors: .TerminationTransition3

===========================================================================================
----------------- testing Sat Jan 19 03:22:30 UTC 2019 /home/travis/build/icyphy/ptII/ptolemy/domains/modal/test/auto/TerminationTransition4.xml
----------------- Instantiating /home/travis/build/icyphy/ptII/ptolemy/domains/modal/test/auto/TerminationTransition4.xml
4 ms. Memory: 870400K Free: 845263K (97%)
----------------- Invoking toplevel() on ptolemy.moml.MoMLSimpleApplication@72be4c19
----------------- Done invoking toplevel() on ptolemy.moml.MoMLSimpleApplication@72be4c19
reloadAllAccessors: .TerminationTransition4

===========================================================================================
----------------- testing Sat Jan 19 03:22:30 UTC 2019 /home/travis/build/icyphy/ptII/ptolemy/domains/modal/test/auto/TerminationTransition5.xml
----------------- Instantiating /home/travis/build/icyphy/ptII/ptolemy/domains/modal/test/auto/TerminationTransition5.xml
2 ms. Memory: 870400K Free: 822563K (95%)
----------------- Invoking toplevel() on ptolemy.moml.MoMLSimpleApplication@4e93a8ae
----------------- Done invoking toplevel() on ptolemy.moml.MoMLSimpleApplication@4e93a8ae
reloadAllAccessors: .TerminationTransition5

===========================================================================================
----------------- testing Sat Jan 19 03:22:30 UTC 2019 /home/travis/build/icyphy/ptII/ptolemy/domains/modal/test/auto/TerminationTransition6.xml
----------------- Instantiating /home/travis/build/icyphy/ptII/ptolemy/domains/modal/test/auto/TerminationTransition6.xml
1 ms. Memory: 870400K Free: 806941K (93%)
----------------- Invoking toplevel() on ptolemy.moml.MoMLSimpleApplication@36936187
----------------- Done invoking toplevel() on ptolemy.moml.MoMLSimpleApplication@36936187
reloadAllAccessors: .TerminationTransition6

===========================================================================================
----------------- testing Sat Jan 19 03:22:30 UTC 2019 /home/travis/build/icyphy/ptII/ptolemy/domains/modal/test/auto/TerminationTransition7.xml
----------------- Instantiating /home/travis/build/icyphy/ptII/ptolemy/domains/modal/test/auto/TerminationTransition7.xml
1 ms. Memory: 870400K Free: 789338K (91%)
----------------- Invoking toplevel() on ptolemy.moml.MoMLSimpleApplication@273f4cbc
----------------- Done invoking toplevel() on ptolemy.moml.MoMLSimpleApplication@273f4cbc
reloadAllAccessors: .TerminationTransition7

===========================================================================================
----------------- testing Sat Jan 19 03:22:30 UTC 2019 /home/travis/build/icyphy/ptII/ptolemy/domains/modal/test/auto/TerminationTransition8.xml
----------------- Instantiating /home/travis/build/icyphy/ptII/ptolemy/domains/modal/test/auto/TerminationTransition8.xml
2 ms. Memory: 870400K Free: 773716K (89%)
----------------- Invoking toplevel() on ptolemy.moml.MoMLSimpleApplication@2fd2008b
----------------- Done invoking toplevel() on ptolemy.moml.MoMLSimpleApplication@2fd2008b
reloadAllAccessors: .TerminationTransition8

===========================================================================================
----------------- testing Sat Jan 19 03:22:30 UTC 2019 /home/travis/build/icyphy/ptII/ptolemy/domains/modal/test/auto/Thermostat_NoHysteresis.xml
----------------- Instantiating /home/travis/build/icyphy/ptII/ptolemy/domains/modal/test/auto/Thermostat_NoHysteresis.xml
20 ms. Memory: 870400K Free: 740605K (85%)
----------------- Invoking toplevel() on ptolemy.moml.MoMLSimpleApplication@79ec4e8
----------------- Done invoking toplevel() on ptolemy.moml.MoMLSimpleApplication@79ec4e8
reloadAllAccessors: .Thermostat_NoHysteresis

===========================================================================================
----------------- testing Sat Jan 19 03:22:30 UTC 2019 /home/travis/build/icyphy/ptII/ptolemy/domains/modal/test/auto/TimedFSM.xml
----------------- Instantiating /home/travis/build/icyphy/ptII/ptolemy/domains/modal/test/auto/TimedFSM.xml
6 ms. Memory: 870400K Free: 724983K (83%)
----------------- Invoking toplevel() on ptolemy.moml.MoMLSimpleApplication@4028fb9d
----------------- Done invoking toplevel() on ptolemy.moml.MoMLSimpleApplication@4028fb9d
reloadAllAccessors: .TimedFSM

===========================================================================================
----------------- testing Sat Jan 19 03:22:30 UTC 2019 /home/travis/build/icyphy/ptII/ptolemy/domains/modal/test/auto/Timeout1.xml
----------------- Instantiating /home/travis/build/icyphy/ptII/ptolemy/domains/modal/test/auto/Timeout1.xml
2 ms. Memory: 870400K Free: 712704K (82%)
----------------- Invoking toplevel() on ptolemy.moml.MoMLSimpleApplication@7e7315c5
----------------- Done invoking toplevel() on ptolemy.moml.MoMLSimpleApplication@7e7315c5
reloadAllAccessors: .Timeout1

===========================================================================================
----------------- testing Sat Jan 19 03:22:30 UTC 2019 /home/travis/build/icyphy/ptII/ptolemy/domains/modal/test/auto/Timeout2.xml
----------------- Instantiating /home/travis/build/icyphy/ptII/ptolemy/domains/modal/test/auto/Timeout2.xml
4 ms. Memory: 870400K Free: 697082K (80%)
----------------- Invoking toplevel() on ptolemy.moml.MoMLSimpleApplication@2528a0ca
----------------- Done invoking toplevel() on ptolemy.moml.MoMLSimpleApplication@2528a0ca
reloadAllAccessors: .Timeout2

===========================================================================================
----------------- testing Sat Jan 19 03:22:30 UTC 2019 /home/travis/build/icyphy/ptII/ptolemy/domains/modal/test/auto/Timeout3.xml
----------------- Instantiating /home/travis/build/icyphy/ptII/ptolemy/domains/modal/test/auto/Timeout3.xml
2 ms. Memory: 870400K Free: 684802K (79%)
----------------- Invoking toplevel() on ptolemy.moml.MoMLSimpleApplication@1a59225c
----------------- Done invoking toplevel() on ptolemy.moml.MoMLSimpleApplication@1a59225c
reloadAllAccessors: .Timeout3

===========================================================================================
----------------- testing Sat Jan 19 03:22:30 UTC 2019 /home/travis/build/icyphy/ptII/ptolemy/domains/modal/test/auto/Timeout4.xml
----------------- Instantiating /home/travis/build/icyphy/ptII/ptolemy/domains/modal/test/auto/Timeout4.xml
2 ms. Memory: 870400K Free: 674398K (77%)
----------------- Invoking toplevel() on ptolemy.moml.MoMLSimpleApplication@67f7e21
----------------- Done invoking toplevel() on ptolemy.moml.MoMLSimpleApplication@67f7e21
reloadAllAccessors: .Timeout4

===========================================================================================
----------------- testing Sat Jan 19 03:22:30 UTC 2019 /home/travis/build/icyphy/ptII/ptolemy/domains/modal/test/auto/TransientstateModelAdvanced.xml
----------------- Instantiating /home/travis/build/icyphy/ptII/ptolemy/domains/modal/test/auto/TransientstateModelAdvanced.xml
3 ms. Memory: 870400K Free: 651699K (75%)
----------------- Invoking toplevel() on ptolemy.moml.MoMLSimpleApplication@1460e706
----------------- Done invoking toplevel() on ptolemy.moml.MoMLSimpleApplication@1460e706
reloadAllAccessors: .TransientstateModelAdvanced

===========================================================================================
----------------- testing Sat Jan 19 03:22:30 UTC 2019 /home/travis/build/icyphy/ptII/ptolemy/domains/modal/test/auto/TransientstateModelAdvanced2.xml
----------------- Instantiating /home/travis/build/icyphy/ptII/ptolemy/domains/modal/test/auto/TransientstateModelAdvanced2.xml
3 ms. Memory: 870400K Free: 630875K (72%)
----------------- Invoking toplevel() on ptolemy.moml.MoMLSimpleApplication@39f6f382
----------------- Done invoking toplevel() on ptolemy.moml.MoMLSimpleApplication@39f6f382
reloadAllAccessors: .transientstatemodelAdvanced

===========================================================================================
----------------- testing Sat Jan 19 03:22:30 UTC 2019 /home/travis/build/icyphy/ptII/ptolemy/domains/modal/test/auto/TransitionRefinements.xml
----------------- Instantiating /home/travis/build/icyphy/ptII/ptolemy/domains/modal/test/auto/TransitionRefinements.xml
9 ms. Memory: 870400K Free: 613377K (70%)
----------------- Invoking toplevel() on ptolemy.moml.MoMLSimpleApplication@5a4522d6
----------------- Done invoking toplevel() on ptolemy.moml.MoMLSimpleApplication@5a4522d6
reloadAllAccessors: .TransitionRefinements

===========================================================================================
----------------- testing Sat Jan 19 03:22:31 UTC 2019 /home/travis/build/icyphy/ptII/ptolemy/domains/modal/test/auto/TwoRefinements1.xml
----------------- Instantiating /home/travis/build/icyphy/ptII/ptolemy/domains/modal/test/auto/TwoRefinements1.xml
3 ms. Memory: 870400K Free: 597755K (69%)
----------------- Invoking toplevel() on ptolemy.moml.MoMLSimpleApplication@58c0a42
----------------- Done invoking toplevel() on ptolemy.moml.MoMLSimpleApplication@58c0a42
reloadAllAccessors: .TwoRefinements1

===========================================================================================
----------------- testing Sat Jan 19 03:22:31 UTC 2019 /home/travis/build/icyphy/ptII/ptolemy/domains/modal/test/auto/TwoRefinements2.xml
----------------- Instantiating /home/travis/build/icyphy/ptII/ptolemy/domains/modal/test/auto/TwoRefinements2.xml
2 ms. Memory: 870400K Free: 582134K (67%)
----------------- Invoking toplevel() on ptolemy.moml.MoMLSimpleApplication@1a28f779
----------------- Done invoking toplevel() on ptolemy.moml.MoMLSimpleApplication@1a28f779
reloadAllAccessors: .TwoRefinements2

===========================================================================================
----------------- testing Sat Jan 19 03:22:31 UTC 2019 /home/travis/build/icyphy/ptII/ptolemy/domains/modal/test/auto/WeakImmediateTransition.xml
----------------- Instantiating /home/travis/build/icyphy/ptII/ptolemy/domains/modal/test/auto/WeakImmediateTransition.xml
3 ms. Memory: 870400K Free: 564636K (65%)
----------------- Invoking toplevel() on ptolemy.moml.MoMLSimpleApplication@2ae89701
----------------- Done invoking toplevel() on ptolemy.moml.MoMLSimpleApplication@2ae89701
reloadAllAccessors: .WeakImmediateTransition

===========================================================================================
----------------- testing Sat Jan 19 03:22:31 UTC 2019 /home/travis/build/icyphy/ptII/ptolemy/domains/modal/test/auto/booleanSelect.xml
----------------- Instantiating /home/travis/build/icyphy/ptII/ptolemy/domains/modal/test/auto/booleanSelect.xml
39 ms. Memory: 870400K Free: 538578K (62%)
----------------- Invoking toplevel() on ptolemy.moml.MoMLSimpleApplication@1e0dad3f
----------------- Done invoking toplevel() on ptolemy.moml.MoMLSimpleApplication@1e0dad3f
reloadAllAccessors: .booleanSelect

===========================================================================================
----------------- testing Sat Jan 19 03:22:31 UTC 2019 /home/travis/build/icyphy/ptII/ptolemy/domains/modal/test/auto/modalChangingParams.xml
----------------- Instantiating /home/travis/build/icyphy/ptII/ptolemy/domains/modal/test/auto/modalChangingParams.xml
0
1
0
2
4
6
8
7
0
2
4
6
8
13
0
2
4
6
8
19
0
2
4
6
8
25
0
2
4
6
8
31
0
2
4
6
8
37
0
2
4
6
8
43
0
2
4
6
8
49
0
2
4
6
8
55
0
2
4
6
8
61
0
2
4
6
8
67
0
2
4
6
8
73
0
2
4
6
8
79
0
2
4
6
8
85
0
2
4
6
8
91
0
2
4
6
8
97
0
2
4
6
8
103
0
2
4
6
8
109
0
2
4
6
8
115
0
2
4
6
8
121
0
2
4
6
8
127
0
2
4
6
8
133
0
2
4
6
8
139
0
2
4
6
8
145
0
2
4
6
8
151
0
2
4
6
8
157
0
2
4
6
8
163
0
2
4
6
8
169
0
2
4
6
8
175
0
2
4
6
8
181
0
2
4
6
8
187
0
2
4
6
8
193
0
2
4
6
8
199
0
2
4
6
8
205
0
2
4
6
8
211
0
2
4
6
8
217
0
2
4
6
8
223
0
2
4
6
8
229
0
2
4
6
8
235
0
2
4
6
8
241
0
2
4
6
8
247
0
2
4
6
8
253
0
2
4
6
8
259
0
2
4
6
8
265
0
2
4
6
8
271
0
2
4
6
8
277
0
2
4
6
8
283
0
2
4
6
8
289
0
2
4
6
8
295
0
2
4
6
8
301
0
2
4
6
8
307
0
2
4
6
8
313
0
2
4
6
8
319
0
2
4
6
8
325
0
2
4
6
8
331
0
2
4
6
8
337
0
2
4
6
8
343
0
2
4
6
8
349
0
2
4
6
8
355
0
2
4
6
8
361
0
2
4
6
8
367
0
2
4
6
8
373
0
2
4
6
8
379
0
2
4
6
8
385
0
2
4
6
8
391
0
2
4
6
8
397
0
2
4
6
8
403
0
2
4
6
8
409
0
2
4
6
8
415
0
2
4
6
8
421
0
2
4
6
8
427
0
2
4
6
8
433
0
2
4
6
8
439
0
2
4
6
8
445
0
2
4
6
8
451
0
2
4
6
8
457
0
2
4
6
8
463
0
2
4
6
8
469
0
2
4
6
8
475
0
2
4
6
8
481
0
2
4
6
8
487
0
2
4
6
8
493
0
2
4
6
8
499
0
2
4
6
8
505
0
2
4
6
8
511
0
2
4
6
8
517
0
2
4
6
8
523
0
2
4
6
8
529
0
2
4
6
8
535
0
2
4
6
8
541
0
2
4
6
8
547
0
2
4
6
8
553
0
2
4
6
8
559
0
2
4
6
8
565
0
2
4
6
8
571
0
2
4
6
8
577
0
2
4
6
8
583
0
2
4
6
8
589
0
2
4
6
8
595
0
2
4
6
8
601
0
2
4
6
8
607
0
2
4
6
8
613
0
2
4
6
8
619
0
2
4
6
8
625
0
2
4
6
8
631
0
2
4
6
8
637
0
2
4
6
8
643
0
2
4
6
8
649
0
2
4
6
8
655
0
2
4
6
8
661
0
2
4
6
8
667
0
2
4
6
8
673
0
2
4
6
8
679
0
2
4
6
8
685
0
2
4
6
8
691
0
2
4
6
8
697
0
2
4
6
8
703
0
2
4
6
8
709
0
2
4
6
8
715
0
2
4
6
8
721
0
2
4
6
8
727
0
2
4
6
8
733
0
2
4
6
8
739
0
2
4
6
8
745
0
2
4
6
8
751
0
2
4
6
8
757
0
2
4
6
8
763
0
2
4
6
8
769
0
2
4
6
8
775
0
2
4
6
8
781
0
2
4
6
8
787
0
2
4
6
8
793
0
2
4
6
8
799
0
2
4
6
8
805
0
2
4
6
8
811
0
2
4
6
8
817
0
2
4
6
8
823
0
2
4
6
8
829
0
2
4
6
8
835
0
2
4
6
8
841
0
2
4
6
8
847
0
2
4
6
8
853
0
2
4
6
8
859
0
2
4
6
8
865
0
2
4
6
8
871
0
2
4
6
8
877
0
2
4
6
8
883
0
2
4
6
8
889
0
2
4
6
8
895
0
2
4
6
8
901
0
2
4
6
8
907
0
2
4
6
8
913
0
2
4
6
8
919
0
2
4
6
8
925
0
2
4
6
8
931
0
2
4
6
8
937
0
2
4
6
8
943
0
2
4
6
8
949
0
2
4
6
8
955
0
2
4
6
8
961
0
2
4
6
8
967
0
2
4
6
8
973
0
2
4
6
8
979
0
2
4
6
8
985
0
2
4
6
8
991
0
2
4
6
8
997
0
2
190 ms. Memory: 870400K Free: 416890K (48%)
----------------- Invoking toplevel() on ptolemy.moml.MoMLSimpleApplication@6a57f5ff
----------------- Done invoking toplevel() on ptolemy.moml.MoMLSimpleApplication@6a57f5ff
reloadAllAccessors: .modalChangingParams

===========================================================================================
----------------- testing Sat Jan 19 03:22:31 UTC 2019 /home/travis/build/icyphy/ptII/ptolemy/domains/modal/test/auto/modalModel.xml
----------------- Instantiating /home/travis/build/icyphy/ptII/ptolemy/domains/modal/test/auto/modalModel.xml
4 ms. Memory: 870400K Free: 401268K (46%)
----------------- Invoking toplevel() on ptolemy.moml.MoMLSimpleApplication@1c810a74
----------------- Done invoking toplevel() on ptolemy.moml.MoMLSimpleApplication@1c810a74
reloadAllAccessors: .modalModel

===========================================================================================
----------------- testing Sat Jan 19 03:22:31 UTC 2019 /home/travis/build/icyphy/ptII/ptolemy/domains/modal/test/auto/modalModel2.xml
----------------- Instantiating /home/travis/build/icyphy/ptII/ptolemy/domains/modal/test/auto/modalModel2.xml
6 ms. Memory: 870400K Free: 383770K (44%)
----------------- Invoking toplevel() on ptolemy.moml.MoMLSimpleApplication@23ec1ba5
----------------- Done invoking toplevel() on ptolemy.moml.MoMLSimpleApplication@23ec1ba5
reloadAllAccessors: .modalModel2

===========================================================================================
----------------- testing Sat Jan 19 03:22:31 UTC 2019 /home/travis/build/icyphy/ptII/ptolemy/domains/modal/test/auto/modalModel3.xml
----------------- Instantiating /home/travis/build/icyphy/ptII/ptolemy/domains/modal/test/auto/modalModel3.xml
0	0	0
3	2	1
6	4	2
9	6	3
4	0	4
7	2	5
10	4	6
13	6	7
8	0	8
11	2	9
14	4	10
17	6	11
12	0	12
15	2	13
18	4	14
13 ms. Memory: 870400K Free: 362954K (42%)
----------------- Invoking toplevel() on ptolemy.moml.MoMLSimpleApplication@1bf01681
----------------- Done invoking toplevel() on ptolemy.moml.MoMLSimpleApplication@1bf01681
reloadAllAccessors: .modalModel3

===========================================================================================
----------------- testing Sat Jan 19 03:22:31 UTC 2019 /home/travis/build/icyphy/ptII/ptolemy/domains/modal/test/auto/model1.xml
----------------- Instantiating /home/travis/build/icyphy/ptII/ptolemy/domains/modal/test/auto/model1.xml
10 ms. Memory: 870400K Free: 350675K (40%)
----------------- Invoking toplevel() on ptolemy.moml.MoMLSimpleApplication@7b51e029
----------------- Done invoking toplevel() on ptolemy.moml.MoMLSimpleApplication@7b51e029
reloadAllAccessors: .model1

===========================================================================================
----------------- testing Sat Jan 19 03:22:31 UTC 2019 /home/travis/build/icyphy/ptII/ptolemy/domains/modal/test/auto/test-direct-in-out.xml
----------------- Instantiating /home/travis/build/icyphy/ptII/ptolemy/domains/modal/test/auto/test-direct-in-out.xml
4 ms. Memory: 870400K Free: 335053K (38%)
----------------- Invoking toplevel() on ptolemy.moml.MoMLSimpleApplication@56f5fc0c
----------------- Done invoking toplevel() on ptolemy.moml.MoMLSimpleApplication@56f5fc0c
reloadAllAccessors: .test-direct-in-out
AutoTests.java: About to close Vertx.
AutoTests.java: Vertx closed.
]]></system-out>
  <system-err><![CDATA[java.lang.RuntimeException: Execution failed
	at ptolemy.moml.MoMLSimpleApplication$UnloadThread.run(MoMLSimpleApplication.java:402)
Caused by: ptolemy.kernel.util.IllegalActionException: Unknown inputs remain. Possible causality loop:
L_model_1893289564i

  in .CannotAnalysisWithPreemption.model_1893289564_region_1 and .CannotAnalysisWithPreemption.model_1893289564_region_1.L_model_1893289564i
	at ptolemy.actor.sched.FixedPointDirector.postfire(FixedPointDirector.java:515)
	at ptolemy.domains.sr.kernel.SRDirector.postfire(SRDirector.java:417)
	at ptolemy.actor.CompositeActor.postfire(CompositeActor.java:1668)
	at ptolemy.actor.Manager.iterate(Manager.java:852)
	at ptolemy.actor.Manager.execute(Manager.java:369)
	at ptolemy.actor.Manager.run(Manager.java:1263)
	at ptolemy.actor.Manager$PtolemyRunThread.run(Manager.java:1915)
java.lang.reflect.InvocationTargetException
	at sun.reflect.NativeConstructorAccessorImpl.newInstance0(Native Method)
	at sun.reflect.NativeConstructorAccessorImpl.newInstance(NativeConstructorAccessorImpl.java:62)
	at sun.reflect.DelegatingConstructorAccessorImpl.newInstance(DelegatingConstructorAccessorImpl.java:45)
	at java.lang.reflect.Constructor.newInstance(Constructor.java:423)
	at ptolemy.util.test.junit.AutoKnownFailedTests.RunModel(AutoKnownFailedTests.java:105)
	at sun.reflect.NativeMethodAccessorImpl.invoke0(Native Method)
	at sun.reflect.NativeMethodAccessorImpl.invoke(NativeMethodAccessorImpl.java:62)
	at sun.reflect.DelegatingMethodAccessorImpl.invoke(DelegatingMethodAccessorImpl.java:43)
	at java.lang.reflect.Method.invoke(Method.java:498)
	at org.junit.runners.model.FrameworkMethod$1.runReflectiveCall(FrameworkMethod.java:44)
	at org.junit.internal.runners.model.ReflectiveCallable.run(ReflectiveCallable.java:15)
	at org.junit.runners.model.FrameworkMethod.invokeExplosively(FrameworkMethod.java:41)
	at junitparams.internal.InvokeParameterisedMethod.evaluate(InvokeParameterisedMethod.java:102)
	at org.junit.internal.runners.statements.FailOnTimeout$1.run(FailOnTimeout.java:28)
Caused by: ptolemy.kernel.util.IllegalActionException: Unknown inputs remain. Possible causality loop:
L_model_1893289564i

  in .CannotAnalysisWithPreemption.model_1893289564_region_1 and .CannotAnalysisWithPreemption.model_1893289564_region_1.L_model_1893289564i
	at ptolemy.actor.sched.FixedPointDirector.postfire(FixedPointDirector.java:515)
	at ptolemy.domains.sr.kernel.SRDirector.postfire(SRDirector.java:417)
	at ptolemy.actor.CompositeActor.postfire(CompositeActor.java:1668)
	at ptolemy.actor.Manager.iterate(Manager.java:852)
	at ptolemy.actor.Manager.execute(Manager.java:369)
	at ptolemy.actor.Manager.run(Manager.java:1263)
	at ptolemy.actor.Manager$PtolemyRunThread.run(Manager.java:1915)
]]></system-err>
</testsuite>
