<?xml version="1.0" encoding="UTF-8" ?>
<testsuite errors="0" failures="0" hostname="travis-job-1672530d-b0f1-455b-9cfe-3d5d9b6b5ee6" name="ptolemy.actor.lib.security.test.junit.JUnitTclTest" skipped="0" tests="9" time="13.155" timestamp="2019-10-16T06:03:21">
  <properties>
[...]
</properties>
  <testcase classname="ptolemy.util.test.junit.TclTests" name="[0] /home/travis/build/icyphy/ptII/ptolemy/actor/lib/security/test/KeyReader.tcl (RunTclFile)" time="3.696" />
  <testcase classname="ptolemy.util.test.junit.TclTests" name="[1] /home/travis/build/icyphy/ptII/ptolemy/actor/lib/security/test/KeyToken.tcl (RunTclFile)" time="0.098" />
  <testcase classname="ptolemy.util.test.junit.TclTests" name="[2] /home/travis/build/icyphy/ptII/ptolemy/actor/lib/security/test/info.tcl (RunTclFile)" time="0.001" />
  <testcase classname="ptolemy.util.test.junit.AutoKnownFailedTests" name="[0] ThereAreNoKnowFailedTests (RunModel)" time="0.008" />
  <testcase classname="ptolemy.util.test.junit.AutoNameArchTests" name="[0] ThereAreNoAutoArchTests (RunModel)" time="0.005" />
  <testcase classname="ptolemy.util.test.junit.AutoTests" name="[0] /home/travis/build/icyphy/ptII/ptolemy/actor/lib/security/test/auto/KeyReader.xml (RunModel)" time="2.279" />
  <testcase classname="ptolemy.util.test.junit.AutoTests" name="[1] /home/travis/build/icyphy/ptII/ptolemy/actor/lib/security/test/auto/KeyWriter.xml (RunModel)" time="0.246" />
  <testcase classname="ptolemy.util.test.junit.AutoTests" name="[2] /home/travis/build/icyphy/ptII/ptolemy/actor/lib/security/test/auto/Signature.xml (RunModel)" time="4.798" />
  <testcase classname="ptolemy.util.test.junit.AutoTests" name="[3] /home/travis/build/icyphy/ptII/ptolemy/actor/lib/security/test/auto/Symmetric.xml (RunModel)" time="1.451" />
  <system-out><![CDATA[/home/travis/build/icyphy/ptII/ptolemy/actor/lib/security/test/KeyReader.tcl
testDefs.tcl: setting time out to 9000 seconds at Wed Oct 16 06:03:22 UTC 2019
Creating keystore foo.keystore
Keystore Command: /usr/local/lib/jvm/openjdk11/bin/keytool -genkey -dname "CN=ClaudiusPtolemaus, OU=YourProject, O=YourUniversity, L=YourTown, ST=YourState, C=US" -keystore foo.keystore -storetype JCEKS -alias $aliasName -storepass "this.is.the.storeAndKeyPassword,change.it" -keypass "this.is.the.storeAndKeyPassword,change.it"
Keystore Command: /usr/local/lib/jvm/openjdk11/bin/keytool -selfcert -keystore foo.keystore -storetype JCEKS -alias $aliasName -storepass "this.is.the.storeAndKeyPassword,change.it" -keypass "this.is.the.storeAndKeyPassword,change.it"
Keystore Command: /usr/local/lib/jvm/openjdk11/bin/keytool -list -v -keystore foo.keystore -storetype JCEKS -alias $aliasName -storepass "this.is.the.storeAndKeyPassword,change.it" -keypass "this.is.the.storeAndKeyPassword,change.it"
Alias name: $aliasName
Creation date: Oct 16, 2019
Entry type: PrivateKeyEntry
Certificate chain length: 1
Certificate[1]:
Owner: CN=ClaudiusPtolemaus, OU=YourProject, O=YourUniversity, L=YourTown, ST=YourState, C=US
Issuer: CN=ClaudiusPtolemaus, OU=YourProject, O=YourUniversity, L=YourTown, ST=YourState, C=US
Serial number: 373acc0d
Valid from: Wed Oct 16 06:03:24 UTC 2019 until: Tue Jan 14 06:03:24 UTC 2020
Certificate fingerprints:
	 SHA1: AC:B6:E8:61:2E:4C:E5:9C:A0:86:C7:75:85:DE:E8:61:36:AF:F8:27
	 SHA256: 70:38:51:4E:9B:52:59:FF:F8:48:A3:36:54:5E:0E:6E:50:99:A2:66:15:8D:9F:82:FC:FE:46:06:42:97:73:40
Signature algorithm name: SHA256withDSA
Subject Public Key Algorithm: 2048-bit DSA key
Version: 3

Extensions: 

#1: ObjectId: 2.5.29.14 Criticality=false
SubjectKeyIdentifier [
KeyIdentifier [
0000: 36 C5 8B 58 3A EE 2D A3   2E B4 AD B6 F1 51 94 8A  6..X:.-......Q..
0010: EF E4 5E 71                                        ..^q
]
]

3011 ms. Memory: 120832K Free: 62917K (52%)
/home/travis/build/icyphy/ptII/ptolemy/actor/lib/security/test/KeyToken.tcl
Available Ciphers: PBEWITHHMACSHA384ANDAES_128 AES_256/GCM/NOPADDING AES_192/GCM/NOPADDING PBEWITHHMACSHA512ANDAES_128 AES_256/CBC/NOPADDING AES_256/ECB/NOPADDING CHACHA20 PBEWITHHMACSHA224ANDAES_256 AES_128/CBC/NOPADDING AESWRAP AESWRAP_192 PBEWITHMD5ANDDES AES_192/CBC/NOPADDING PBEWITHHMACSHA256ANDAES_256 PBEWITHHMACSHA1ANDAES_128 PBEWITHSHA1ANDRC4_128 AES_192/OFB/NOPADDING DESEDEWRAP AES_128/ECB/NOPADDING AESWRAP_256 RC2 AESWRAP_128 PBEWITHSHA1ANDRC4_40 RSA PBEWITHHMACSHA512ANDAES_256 CHACHA20-POLY1305 AES_192/CFB/NOPADDING AES_128/CFB/NOPADDING DESEDE AES_192/ECB/NOPADDING BLOWFISH ARCFOUR AES_256/CFB/NOPADDING AES AES_128/OFB/NOPADDING AES_128/GCM/NOPADDING PBEWITHHMACSHA256ANDAES_128 DES PBEWITHSHA1ANDDESEDE PBEWITHSHA1ANDRC2_40 PBEWITHSHA1ANDRC2_128 PBEWITHHMACSHA384ANDAES_256 AES_256/OFB/NOPADDING PBEWITHMD5ANDTRIPLEDES PBEWITHHMACSHA1ANDAES_256 PBEWITHHMACSHA224ANDAES_128
Using BLOWFISH
/home/travis/build/icyphy/ptII/ptolemy/actor/lib/security/test/info.tcl
10/16/19 06:03:25
Failed: 0  Total Tests: 15  ((Passed: 15, Newly Passed: 0)  Known Failed: 0) /home/travis/build/icyphy/ptII/ptolemy/actor/lib/security/test
No auto/knownFailedTests/*.xml tests in /home/travis/build/icyphy/ptII/ptolemy/actor/lib/security/test
No auto/linux-amd64/*.xml tests in /home/travis/build/icyphy/ptII/ptolemy/actor/lib/security/test
AutoTests.java: About to close Vertx.
AutoTests.java: Vertx closed.

===========================================================================================
----------------- testing Wed Oct 16 06:03:26 UTC 2019 /home/travis/build/icyphy/ptII/ptolemy/actor/lib/security/test/auto/KeyReader.xml
----------------- Instantiating /home/travis/build/icyphy/ptII/ptolemy/actor/lib/security/test/auto/KeyReader.xml
Creating keystore foo.keystore
Keystore Command: /usr/local/lib/jvm/openjdk11/bin/keytool -genkey -dname "CN=ClaudiusPtolemaus, OU=YourProject, O=YourUniversity, L=YourTown, ST=YourState, C=US" -keystore foo.keystore -storetype JCEKS -alias $aliasName -storepass "this.is.the.storeAndKeyPassword,change.it" -keypass "this.is.the.storeAndKeyPassword,change.it"
keytool error: java.lang.Exception: Key pair not generated, alias <$aliasName> already exists
Keystore Command: /usr/local/lib/jvm/openjdk11/bin/keytool -selfcert -keystore foo.keystore -storetype JCEKS -alias $aliasName -storepass "this.is.the.storeAndKeyPassword,change.it" -keypass "this.is.the.storeAndKeyPassword,change.it"
keytool error: java.lang.ClassCastException: class javax.crypto.spec.SecretKeySpec cannot be cast to class java.security.PrivateKey (javax.crypto.spec.SecretKeySpec and java.security.PrivateKey are in module java.base of loader 'bootstrap')
Keystore Command: /usr/local/lib/jvm/openjdk11/bin/keytool -list -v -keystore foo.keystore -storetype JCEKS -alias $aliasName -storepass "this.is.the.storeAndKeyPassword,change.it" -keypass "this.is.the.storeAndKeyPassword,change.it"
Alias name: $aliasName
Creation date: Oct 16, 2019
Entry type: SecretKeyEntry
2108 ms. Memory: 120832K Free: 101480K (84%)
----------------- Invoking toplevel() on ptolemy.moml.MoMLSimpleApplication@4f98e424
----------------- Done invoking toplevel() on ptolemy.moml.MoMLSimpleApplication@4f98e424
reloadAllAccessors: .KeyReader

===========================================================================================
----------------- testing Wed Oct 16 06:03:28 UTC 2019 /home/travis/build/icyphy/ptII/ptolemy/actor/lib/security/test/auto/KeyWriter.xml
----------------- Instantiating /home/travis/build/icyphy/ptII/ptolemy/actor/lib/security/test/auto/KeyWriter.xml
219 ms. Memory: 120832K Free: 85754K (71%)
----------------- Invoking toplevel() on ptolemy.moml.MoMLSimpleApplication@2587e6bf
----------------- Done invoking toplevel() on ptolemy.moml.MoMLSimpleApplication@2587e6bf
reloadAllAccessors: .KeyWriter

===========================================================================================
----------------- testing Wed Oct 16 06:03:28 UTC 2019 /home/travis/build/icyphy/ptII/ptolemy/actor/lib/security/test/auto/Signature.xml
----------------- Instantiating /home/travis/build/icyphy/ptII/ptolemy/actor/lib/security/test/auto/Signature.xml
Creating keystore /home/travis/build/icyphy/ptII/ptKeystore
Keystore Command: /usr/local/lib/jvm/openjdk11/bin/keytool -genkey -dname "CN=ClaudiusPtolemaus, OU=YourProject, O=YourUniversity, L=YourTown, ST=YourState, C=US" -keystore /home/travis/build/icyphy/ptII/ptKeystore -storetype pkcs12 -alias ptolemy -storepass "this.is.the.storeAndKeyPassword,change.it" -keypass "this.is.the.storeAndKeyPassword,change.it"
Keystore Command: /usr/local/lib/jvm/openjdk11/bin/keytool -selfcert -keystore /home/travis/build/icyphy/ptII/ptKeystore -storetype pkcs12 -alias ptolemy -storepass "this.is.the.storeAndKeyPassword,change.it" -keypass "this.is.the.storeAndKeyPassword,change.it"
Keystore Command: /usr/local/lib/jvm/openjdk11/bin/keytool -list -v -keystore /home/travis/build/icyphy/ptII/ptKeystore -storetype pkcs12 -alias ptolemy -storepass "this.is.the.storeAndKeyPassword,change.it" -keypass "this.is.the.storeAndKeyPassword,change.it"
Alias name: ptolemy
Creation date: Oct 16, 2019
Entry type: PrivateKeyEntry
Certificate chain length: 1
Certificate[1]:
Owner: CN=ClaudiusPtolemaus, OU=YourProject, O=YourUniversity, L=YourTown, ST=YourState, C=US
Issuer: CN=ClaudiusPtolemaus, OU=YourProject, O=YourUniversity, L=YourTown, ST=YourState, C=US
Serial number: 4a3ec276
Valid from: Wed Oct 16 06:03:30 UTC 2019 until: Tue Jan 14 06:03:30 UTC 2020
Certificate fingerprints:
	 SHA1: 95:BF:F5:01:1F:4B:C6:BF:96:88:A4:6D:EE:B7:D0:8A:E6:F0:59:E9
	 SHA256: DA:24:22:B3:B0:B6:F2:FA:E9:D0:EC:03:B3:17:01:9C:2C:48:5A:FA:8A:4D:F2:1B:72:ED:34:0E:BD:19:5E:F3
Signature algorithm name: SHA256withDSA
Subject Public Key Algorithm: 2048-bit DSA key
Version: 3

Extensions: 

#1: ObjectId: 2.5.29.14 Criticality=false
SubjectKeyIdentifier [
KeyIdentifier [
0000: EA F4 58 E2 00 3D 92 13   1A 11 15 99 D8 38 15 62  ..X..=.......8.b
0010: 17 77 23 05                                        .w#.
]
]

4686 ms. Memory: 120832K Free: 72415K (60%)
----------------- Invoking toplevel() on ptolemy.moml.MoMLSimpleApplication@470f04ae
----------------- Done invoking toplevel() on ptolemy.moml.MoMLSimpleApplication@470f04ae
reloadAllAccessors: .Signature

===========================================================================================
----------------- testing Wed Oct 16 06:03:33 UTC 2019 /home/travis/build/icyphy/ptII/ptolemy/actor/lib/security/test/auto/Symmetric.xml
----------------- Instantiating /home/travis/build/icyphy/ptII/ptolemy/actor/lib/security/test/auto/Symmetric.xml
1398 ms. Memory: 120832K Free: 100563K (83%)
----------------- Invoking toplevel() on ptolemy.moml.MoMLSimpleApplication@58090255
----------------- Done invoking toplevel() on ptolemy.moml.MoMLSimpleApplication@58090255
reloadAllAccessors: .Symmetric
AutoTests.java: About to close Vertx.
AutoTests.java: Vertx closed.
]]></system-out>
  <system-err><![CDATA[
Warning:
The JCEKS keystore uses a proprietary format. It is recommended to migrate to PKCS12 which is an industry standard format using "keytool -importkeystore -srckeystore foo.keystore -destkeystore foo.keystore -deststoretype pkcs12".
]]></system-err>
</testsuite>
