<?xml version="1.0" encoding="UTF-8" ?>
<testsuite errors="0" failures="0" hostname="travis-job-87a5d062-d087-4a25-bb30-f56c965fcfd6" name="ptolemy.domains.modal.test.junit.JUnitTclTest" skipped="0" tests="148" time="11.352" timestamp="2018-08-05T01:53:26">
  <properties>
[...]
</properties>
  <testcase classname="ptolemy.util.test.junit.TclTests" name="[0] /home/travis/build/icyphy/ptII/ptolemy/domains/modal/test/SystemLevelType.tcl (RunTclFile)" time="2.17" />
  <testcase classname="ptolemy.util.test.junit.AutoKnownFailedTests" name="[0] /home/travis/build/icyphy/ptII/ptolemy/domains/modal/test/auto/knownFailedTests/CannotAnalysisWithPreemption.xml (RunModel)" time="0.139" />
  <testcase classname="ptolemy.util.test.junit.AutoNameArchTests" name="[0] ThereAreNoAutoArchTests (RunModel)" time="0.014" />
  <testcase classname="ptolemy.util.test.junit.AutoTests" name="[0] /home/travis/build/icyphy/ptII/ptolemy/domains/modal/test/auto/ABPTest.xml (RunModel)" time="0.839" />
  <testcase classname="ptolemy.util.test.junit.AutoTests" name="[1] /home/travis/build/icyphy/ptII/ptolemy/domains/modal/test/auto/ABROFlat.xml (RunModel)" time="0.098" />
  <testcase classname="ptolemy.util.test.junit.AutoTests" name="[2] /home/travis/build/icyphy/ptII/ptolemy/domains/modal/test/auto/ABROFlat2.xml (RunModel)" time="0.065" />
  <testcase classname="ptolemy.util.test.junit.AutoTests" name="[3] /home/travis/build/icyphy/ptII/ptolemy/domains/modal/test/auto/ABRO_present_hmm.xml (RunModel)" time="0.168" />
  <testcase classname="ptolemy.util.test.junit.AutoTests" name="[4] /home/travis/build/icyphy/ptII/ptolemy/domains/modal/test/auto/AMICoderExample.xml (RunModel)" time="0.056" />
  <testcase classname="ptolemy.util.test.junit.AutoTests" name="[5] /home/travis/build/icyphy/ptII/ptolemy/domains/modal/test/auto/AbsentToPresent.xml (RunModel)" time="0.033" />
  <testcase classname="ptolemy.util.test.junit.AutoTests" name="[6] /home/travis/build/icyphy/ptII/ptolemy/domains/modal/test/auto/Blending.xml (RunModel)" time="0.276" />
  <testcase classname="ptolemy.util.test.junit.AutoTests" name="[7] /home/travis/build/icyphy/ptII/ptolemy/domains/modal/test/auto/Broadcast.xml (RunModel)" time="0.06" />
  <testcase classname="ptolemy.util.test.junit.AutoTests" name="[8] /home/travis/build/icyphy/ptII/ptolemy/domains/modal/test/auto/BroadcastHierarchy.xml (RunModel)" time="0.074" />
  <testcase classname="ptolemy.util.test.junit.AutoTests" name="[9] /home/travis/build/icyphy/ptII/ptolemy/domains/modal/test/auto/BroadcastHierarchy2.xml (RunModel)" time="0.158" />
  <testcase classname="ptolemy.util.test.junit.AutoTests" name="[10] /home/travis/build/icyphy/ptII/ptolemy/domains/modal/test/auto/BroadcastHierarchy3.xml (RunModel)" time="0.127" />
  <testcase classname="ptolemy.util.test.junit.AutoTests" name="[11] /home/travis/build/icyphy/ptII/ptolemy/domains/modal/test/auto/BroadcastHierarchy4.xml (RunModel)" time="0.122" />
  <testcase classname="ptolemy.util.test.junit.AutoTests" name="[12] /home/travis/build/icyphy/ptII/ptolemy/domains/modal/test/auto/CannotAnalysisWithPreemption2.xml (RunModel)" time="0.038" />
  <testcase classname="ptolemy.util.test.junit.AutoTests" name="[13] /home/travis/build/icyphy/ptII/ptolemy/domains/modal/test/auto/CannotAnalysisWithPreemption3.xml (RunModel)" time="0.048" />
  <testcase classname="ptolemy.util.test.junit.AutoTests" name="[14] /home/travis/build/icyphy/ptII/ptolemy/domains/modal/test/auto/CannotProduce.xml (RunModel)" time="0.042" />
  <testcase classname="ptolemy.util.test.junit.AutoTests" name="[15] /home/travis/build/icyphy/ptII/ptolemy/domains/modal/test/auto/CannotProduceModal.xml (RunModel)" time="0.027" />
  <testcase classname="ptolemy.util.test.junit.AutoTests" name="[16] /home/travis/build/icyphy/ptII/ptolemy/domains/modal/test/auto/Case.xml (RunModel)" time="0.076" />
  <testcase classname="ptolemy.util.test.junit.AutoTests" name="[17] /home/travis/build/icyphy/ptII/ptolemy/domains/modal/test/auto/Case1.xml (RunModel)" time="0.06" />
  <testcase classname="ptolemy.util.test.junit.AutoTests" name="[18] /home/travis/build/icyphy/ptII/ptolemy/domains/modal/test/auto/Case2.xml (RunModel)" time="0.085" />
  <testcase classname="ptolemy.util.test.junit.AutoTests" name="[19] /home/travis/build/icyphy/ptII/ptolemy/domains/modal/test/auto/CausalityInterface1.xml (RunModel)" time="0.029" />
  <testcase classname="ptolemy.util.test.junit.AutoTests" name="[20] /home/travis/build/icyphy/ptII/ptolemy/domains/modal/test/auto/CausalityInterface10.xml (RunModel)" time="0.078" />
  <testcase classname="ptolemy.util.test.junit.AutoTests" name="[21] /home/travis/build/icyphy/ptII/ptolemy/domains/modal/test/auto/CausalityInterface11.xml (RunModel)" time="0.061" />
  <testcase classname="ptolemy.util.test.junit.AutoTests" name="[22] /home/travis/build/icyphy/ptII/ptolemy/domains/modal/test/auto/CausalityInterface12.xml (RunModel)" time="0.058" />
  <testcase classname="ptolemy.util.test.junit.AutoTests" name="[23] /home/travis/build/icyphy/ptII/ptolemy/domains/modal/test/auto/CausalityInterface13.xml (RunModel)" time="0.07" />
  <testcase classname="ptolemy.util.test.junit.AutoTests" name="[24] /home/travis/build/icyphy/ptII/ptolemy/domains/modal/test/auto/CausalityInterface14.xml (RunModel)" time="0.058" />
  <testcase classname="ptolemy.util.test.junit.AutoTests" name="[25] /home/travis/build/icyphy/ptII/ptolemy/domains/modal/test/auto/CausalityInterface2.xml (RunModel)" time="0.036" />
  <testcase classname="ptolemy.util.test.junit.AutoTests" name="[26] /home/travis/build/icyphy/ptII/ptolemy/domains/modal/test/auto/CausalityInterface3.xml (RunModel)" time="0.037" />
  <testcase classname="ptolemy.util.test.junit.AutoTests" name="[27] /home/travis/build/icyphy/ptII/ptolemy/domains/modal/test/auto/CausalityInterface4.xml (RunModel)" time="0.025" />
  <testcase classname="ptolemy.util.test.junit.AutoTests" name="[28] /home/travis/build/icyphy/ptII/ptolemy/domains/modal/test/auto/CausalityInterface5.xml (RunModel)" time="0.046" />
  <testcase classname="ptolemy.util.test.junit.AutoTests" name="[29] /home/travis/build/icyphy/ptII/ptolemy/domains/modal/test/auto/CausalityInterface6.xml (RunModel)" time="0.038" />
  <testcase classname="ptolemy.util.test.junit.AutoTests" name="[30] /home/travis/build/icyphy/ptII/ptolemy/domains/modal/test/auto/CausalityInterface7.xml (RunModel)" time="0.05" />
  <testcase classname="ptolemy.util.test.junit.AutoTests" name="[31] /home/travis/build/icyphy/ptII/ptolemy/domains/modal/test/auto/CausalityInterface8.xml (RunModel)" time="0.044" />
  <testcase classname="ptolemy.util.test.junit.AutoTests" name="[32] /home/travis/build/icyphy/ptII/ptolemy/domains/modal/test/auto/CausalityInterface9.xml (RunModel)" time="0.04" />
  <testcase classname="ptolemy.util.test.junit.AutoTests" name="[33] /home/travis/build/icyphy/ptII/ptolemy/domains/modal/test/auto/ChainedTransitions.xml (RunModel)" time="0.127" />
  <testcase classname="ptolemy.util.test.junit.AutoTests" name="[34] /home/travis/build/icyphy/ptII/ptolemy/domains/modal/test/auto/CycleOfImmediateTransitionsFSM.xml (RunModel)" time="0.021" />
  <testcase classname="ptolemy.util.test.junit.AutoTests" name="[35] /home/travis/build/icyphy/ptII/ptolemy/domains/modal/test/auto/CycleOfImmediateTransitionsModal.xml (RunModel)" time="0.018" />
  <testcase classname="ptolemy.util.test.junit.AutoTests" name="[36] /home/travis/build/icyphy/ptII/ptolemy/domains/modal/test/auto/CycleOfImmediateTransitionsModal2.xml (RunModel)" time="0.019" />
  <testcase classname="ptolemy.util.test.junit.AutoTests" name="[37] /home/travis/build/icyphy/ptII/ptolemy/domains/modal/test/auto/CycleOfImmediateTransitionsModal3.xml (RunModel)" time="0.088" />
  <testcase classname="ptolemy.util.test.junit.AutoTests" name="[38] /home/travis/build/icyphy/ptII/ptolemy/domains/modal/test/auto/DeepModal1.xml (RunModel)" time="0.051" />
  <testcase classname="ptolemy.util.test.junit.AutoTests" name="[39] /home/travis/build/icyphy/ptII/ptolemy/domains/modal/test/auto/DeepModal2.xml (RunModel)" time="0.065" />
  <testcase classname="ptolemy.util.test.junit.AutoTests" name="[40] /home/travis/build/icyphy/ptII/ptolemy/domains/modal/test/auto/DeepModal3.xml (RunModel)" time="0.057" />
  <testcase classname="ptolemy.util.test.junit.AutoTests" name="[41] /home/travis/build/icyphy/ptII/ptolemy/domains/modal/test/auto/DeepModal4.xml (RunModel)" time="0.074" />
  <testcase classname="ptolemy.util.test.junit.AutoTests" name="[42] /home/travis/build/icyphy/ptII/ptolemy/domains/modal/test/auto/Default1.xml (RunModel)" time="0.019" />
  <testcase classname="ptolemy.util.test.junit.AutoTests" name="[43] /home/travis/build/icyphy/ptII/ptolemy/domains/modal/test/auto/Default2.xml (RunModel)" time="0.016" />
  <testcase classname="ptolemy.util.test.junit.AutoTests" name="[44] /home/travis/build/icyphy/ptII/ptolemy/domains/modal/test/auto/Default3.xml (RunModel)" time="0.021" />
  <testcase classname="ptolemy.util.test.junit.AutoTests" name="[45] /home/travis/build/icyphy/ptII/ptolemy/domains/modal/test/auto/Default4.xml (RunModel)" time="0.021" />
  <testcase classname="ptolemy.util.test.junit.AutoTests" name="[46] /home/travis/build/icyphy/ptII/ptolemy/domains/modal/test/auto/Default5.xml (RunModel)" time="0.029" />
  <testcase classname="ptolemy.util.test.junit.AutoTests" name="[47] /home/travis/build/icyphy/ptII/ptolemy/domains/modal/test/auto/EmptyGuard.xml (RunModel)" time="0.033" />
  <testcase classname="ptolemy.util.test.junit.AutoTests" name="[48] /home/travis/build/icyphy/ptII/ptolemy/domains/modal/test/auto/ErrorTransition1.xml (RunModel)" time="0.043" />
  <testcase classname="ptolemy.util.test.junit.AutoTests" name="[49] /home/travis/build/icyphy/ptII/ptolemy/domains/modal/test/auto/ErrorTransition10.xml (RunModel)" time="0.048" />
  <testcase classname="ptolemy.util.test.junit.AutoTests" name="[50] /home/travis/build/icyphy/ptII/ptolemy/domains/modal/test/auto/ErrorTransition11.xml (RunModel)" time="0.04" />
  <testcase classname="ptolemy.util.test.junit.AutoTests" name="[51] /home/travis/build/icyphy/ptII/ptolemy/domains/modal/test/auto/ErrorTransition2.xml (RunModel)" time="0.029" />
  <testcase classname="ptolemy.util.test.junit.AutoTests" name="[52] /home/travis/build/icyphy/ptII/ptolemy/domains/modal/test/auto/ErrorTransition3.xml (RunModel)" time="0.035" />
  <testcase classname="ptolemy.util.test.junit.AutoTests" name="[53] /home/travis/build/icyphy/ptII/ptolemy/domains/modal/test/auto/ErrorTransition4.xml (RunModel)" time="0.037" />
  <testcase classname="ptolemy.util.test.junit.AutoTests" name="[54] /home/travis/build/icyphy/ptII/ptolemy/domains/modal/test/auto/ErrorTransition5.xml (RunModel)" time="0.035" />
  <testcase classname="ptolemy.util.test.junit.AutoTests" name="[55] /home/travis/build/icyphy/ptII/ptolemy/domains/modal/test/auto/ErrorTransition6.xml (RunModel)" time="0.04" />
  <testcase classname="ptolemy.util.test.junit.AutoTests" name="[56] /home/travis/build/icyphy/ptII/ptolemy/domains/modal/test/auto/ErrorTransition7.xml (RunModel)" time="0.049" />
  <testcase classname="ptolemy.util.test.junit.AutoTests" name="[57] /home/travis/build/icyphy/ptII/ptolemy/domains/modal/test/auto/ErrorTransition8.xml (RunModel)" time="0.07" />
  <testcase classname="ptolemy.util.test.junit.AutoTests" name="[58] /home/travis/build/icyphy/ptII/ptolemy/domains/modal/test/auto/ErrorTransition9.xml (RunModel)" time="0.063" />
  <testcase classname="ptolemy.util.test.junit.AutoTests" name="[59] /home/travis/build/icyphy/ptII/ptolemy/domains/modal/test/auto/ExtendedFSM.xml (RunModel)" time="0.037" />
  <testcase classname="ptolemy.util.test.junit.AutoTests" name="[60] /home/travis/build/icyphy/ptII/ptolemy/domains/modal/test/auto/FinalStates.xml (RunModel)" time="0.025" />
  <testcase classname="ptolemy.util.test.junit.AutoTests" name="[61] /home/travis/build/icyphy/ptII/ptolemy/domains/modal/test/auto/FixedPointFSM.xml (RunModel)" time="0.057" />
  <testcase classname="ptolemy.util.test.junit.AutoTests" name="[62] /home/travis/build/icyphy/ptII/ptolemy/domains/modal/test/auto/FixedPointIterationFSMActor.xml (RunModel)" time="0.043" />
  <testcase classname="ptolemy.util.test.junit.AutoTests" name="[63] /home/travis/build/icyphy/ptII/ptolemy/domains/modal/test/auto/FixedPointIterationFSMActor2.xml (RunModel)" time="0.04" />
  <testcase classname="ptolemy.util.test.junit.AutoTests" name="[64] /home/travis/build/icyphy/ptII/ptolemy/domains/modal/test/auto/ForbiddenInstantanousLoop.xml (RunModel)" time="0.037" />
  <testcase classname="ptolemy.util.test.junit.AutoTests" name="[65] /home/travis/build/icyphy/ptII/ptolemy/domains/modal/test/auto/FunctionDependencyOfFSMActorTest.xml (RunModel)" time="0.034" />
  <testcase classname="ptolemy.util.test.junit.AutoTests" name="[66] /home/travis/build/icyphy/ptII/ptolemy/domains/modal/test/auto/GuardExpression.xml (RunModel)" time="0.016" />
  <testcase classname="ptolemy.util.test.junit.AutoTests" name="[67] /home/travis/build/icyphy/ptII/ptolemy/domains/modal/test/auto/GuardNotEvaluated.xml (RunModel)" time="0.029" />
  <testcase classname="ptolemy.util.test.junit.AutoTests" name="[68] /home/travis/build/icyphy/ptII/ptolemy/domains/modal/test/auto/GuardNotEvaluated2.xml (RunModel)" time="0.033" />
  <testcase classname="ptolemy.util.test.junit.AutoTests" name="[69] /home/travis/build/icyphy/ptII/ptolemy/domains/modal/test/auto/GuardOnAbsent.xml (RunModel)" time="0.028" />
  <testcase classname="ptolemy.util.test.junit.AutoTests" name="[70] /home/travis/build/icyphy/ptII/ptolemy/domains/modal/test/auto/HierarchicalFSMTypeInference.xml (RunModel)" time="0.029" />
  <testcase classname="ptolemy.util.test.junit.AutoTests" name="[71] /home/travis/build/icyphy/ptII/ptolemy/domains/modal/test/auto/Hysteresis.xml (RunModel)" time="0.055" />
  <testcase classname="ptolemy.util.test.junit.AutoTests" name="[72] /home/travis/build/icyphy/ptII/ptolemy/domains/modal/test/auto/HysteresisWithDefault.xml (RunModel)" time="0.081" />
  <testcase classname="ptolemy.util.test.junit.AutoTests" name="[73] /home/travis/build/icyphy/ptII/ptolemy/domains/modal/test/auto/HysteresisWithDefault2.xml (RunModel)" time="0.083" />
  <testcase classname="ptolemy.util.test.junit.AutoTests" name="[74] /home/travis/build/icyphy/ptII/ptolemy/domains/modal/test/auto/ImmediateNonConstructiveness.xml (RunModel)" time="0.019" />
  <testcase classname="ptolemy.util.test.junit.AutoTests" name="[75] /home/travis/build/icyphy/ptII/ptolemy/domains/modal/test/auto/ImmediateNonConstructiveness2.xml (RunModel)" time="0.017" />
  <testcase classname="ptolemy.util.test.junit.AutoTests" name="[76] /home/travis/build/icyphy/ptII/ptolemy/domains/modal/test/auto/ImmediateTransitionReset.xml (RunModel)" time="0.036" />
  <testcase classname="ptolemy.util.test.junit.AutoTests" name="[77] /home/travis/build/icyphy/ptII/ptolemy/domains/modal/test/auto/ImmediateTransitions1.xml (RunModel)" time="0.014" />
  <testcase classname="ptolemy.util.test.junit.AutoTests" name="[78] /home/travis/build/icyphy/ptII/ptolemy/domains/modal/test/auto/ImmediateTransitionsInstantaneousCommunication.xml (RunModel)" time="0.042" />
  <testcase classname="ptolemy.util.test.junit.AutoTests" name="[79] /home/travis/build/icyphy/ptII/ptolemy/domains/modal/test/auto/InitialImmediateTransition.xml (RunModel)" time="0.018" />
  <testcase classname="ptolemy.util.test.junit.AutoTests" name="[80] /home/travis/build/icyphy/ptII/ptolemy/domains/modal/test/auto/InitialOutputs.xml (RunModel)" time="0.016" />
  <testcase classname="ptolemy.util.test.junit.AutoTests" name="[81] /home/travis/build/icyphy/ptII/ptolemy/domains/modal/test/auto/InitialStateTransition1.xml (RunModel)" time="0.021" />
  <testcase classname="ptolemy.util.test.junit.AutoTests" name="[82] /home/travis/build/icyphy/ptII/ptolemy/domains/modal/test/auto/InitialStateTransition2.xml (RunModel)" time="0.021" />
  <testcase classname="ptolemy.util.test.junit.AutoTests" name="[83] /home/travis/build/icyphy/ptII/ptolemy/domains/modal/test/auto/InitialStateTransition3.xml (RunModel)" time="0.024" />
  <testcase classname="ptolemy.util.test.junit.AutoTests" name="[84] /home/travis/build/icyphy/ptII/ptolemy/domains/modal/test/auto/InitialStateTransition4.xml (RunModel)" time="0.028" />
  <testcase classname="ptolemy.util.test.junit.AutoTests" name="[85] /home/travis/build/icyphy/ptII/ptolemy/domains/modal/test/auto/MalformedGuardExpressionNotCaught.xml (RunModel)" time="0.019" />
  <testcase classname="ptolemy.util.test.junit.AutoTests" name="[86] /home/travis/build/icyphy/ptII/ptolemy/domains/modal/test/auto/ModalBSC.xml (RunModel)" time="0.086" />
  <testcase classname="ptolemy.util.test.junit.AutoTests" name="[87] /home/travis/build/icyphy/ptII/ptolemy/domains/modal/test/auto/ModalClocks.xml (RunModel)" time="0.073" />
  <testcase classname="ptolemy.util.test.junit.AutoTests" name="[88] /home/travis/build/icyphy/ptII/ptolemy/domains/modal/test/auto/ModalDelay.xml (RunModel)" time="0.044" />
  <testcase classname="ptolemy.util.test.junit.AutoTests" name="[89] /home/travis/build/icyphy/ptII/ptolemy/domains/modal/test/auto/ModalDelay2.xml (RunModel)" time="0.048" />
  <testcase classname="ptolemy.util.test.junit.AutoTests" name="[90] /home/travis/build/icyphy/ptII/ptolemy/domains/modal/test/auto/ModalModelFromMemo.xml (RunModel)" time="0.058" />
  <testcase classname="ptolemy.util.test.junit.AutoTests" name="[91] /home/travis/build/icyphy/ptII/ptolemy/domains/modal/test/auto/ModalModelWithMultirateTransient.xml (RunModel)" time="0.047" />
  <testcase classname="ptolemy.util.test.junit.AutoTests" name="[92] /home/travis/build/icyphy/ptII/ptolemy/domains/modal/test/auto/ModalModelWithReset.xml (RunModel)" time="0.041" />
  <testcase classname="ptolemy.util.test.junit.AutoTests" name="[93] /home/travis/build/icyphy/ptII/ptolemy/domains/modal/test/auto/MouseClickFSM.xml (RunModel)" time="0.049" />
  <testcase classname="ptolemy.util.test.junit.AutoTests" name="[94] /home/travis/build/icyphy/ptII/ptolemy/domains/modal/test/auto/MouseClickFSMModal.xml (RunModel)" time="0.038" />
  <testcase classname="ptolemy.util.test.junit.AutoTests" name="[95] /home/travis/build/icyphy/ptII/ptolemy/domains/modal/test/auto/NonStrictFSM_FeedbackLoop.xml (RunModel)" time="0.057" />
  <testcase classname="ptolemy.util.test.junit.AutoTests" name="[96] /home/travis/build/icyphy/ptII/ptolemy/domains/modal/test/auto/NonStrictFSM_FeedbackLoop_Refinement.xml (RunModel)" time="0.075" />
  <testcase classname="ptolemy.util.test.junit.AutoTests" name="[97] /home/travis/build/icyphy/ptII/ptolemy/domains/modal/test/auto/NonStrictFSM_FeedbackLoop_preemptive.xml (RunModel)" time="0.051" />
  <testcase classname="ptolemy.util.test.junit.AutoTests" name="[98] /home/travis/build/icyphy/ptII/ptolemy/domains/modal/test/auto/NormalTermination.xml (RunModel)" time="0.056" />
  <testcase classname="ptolemy.util.test.junit.AutoTests" name="[99] /home/travis/build/icyphy/ptII/ptolemy/domains/modal/test/auto/Pong.xml (RunModel)" time="0.086" />
  <testcase classname="ptolemy.util.test.junit.AutoTests" name="[100] /home/travis/build/icyphy/ptII/ptolemy/domains/modal/test/auto/Pong_test.xml (RunModel)" time="0.11" />
  <testcase classname="ptolemy.util.test.junit.AutoTests" name="[101] /home/travis/build/icyphy/ptII/ptolemy/domains/modal/test/auto/PreemptionHierarchy.xml (RunModel)" time="0.027" />
  <testcase classname="ptolemy.util.test.junit.AutoTests" name="[102] /home/travis/build/icyphy/ptII/ptolemy/domains/modal/test/auto/PreemptionHierarchy2.xml (RunModel)" time="0.036" />
  <testcase classname="ptolemy.util.test.junit.AutoTests" name="[103] /home/travis/build/icyphy/ptII/ptolemy/domains/modal/test/auto/PreemptiveTransition.xml (RunModel)" time="0.023" />
  <testcase classname="ptolemy.util.test.junit.AutoTests" name="[104] /home/travis/build/icyphy/ptII/ptolemy/domains/modal/test/auto/Priorities.xml (RunModel)" time="0.093" />
  <testcase classname="ptolemy.util.test.junit.AutoTests" name="[105] /home/travis/build/icyphy/ptII/ptolemy/domains/modal/test/auto/ResetFinal.xml (RunModel)" time="0.058" />
  <testcase classname="ptolemy.util.test.junit.AutoTests" name="[106] /home/travis/build/icyphy/ptII/ptolemy/domains/modal/test/auto/ResetFinal2.xml (RunModel)" time="0.037" />
  <testcase classname="ptolemy.util.test.junit.AutoTests" name="[107] /home/travis/build/icyphy/ptII/ptolemy/domains/modal/test/auto/ResetTransitionWithStartTime.xml (RunModel)" time="0.037" />
  <testcase classname="ptolemy.util.test.junit.AutoTests" name="[108] /home/travis/build/icyphy/ptII/ptolemy/domains/modal/test/auto/SDF-FSMComposite.xml (RunModel)" time="0.024" />
  <testcase classname="ptolemy.util.test.junit.AutoTests" name="[109] /home/travis/build/icyphy/ptII/ptolemy/domains/modal/test/auto/SeeminglyNondeterminate.xml (RunModel)" time="0.078" />
  <testcase classname="ptolemy.util.test.junit.AutoTests" name="[110] /home/travis/build/icyphy/ptII/ptolemy/domains/modal/test/auto/SeeminglyNondeterminate2.xml (RunModel)" time="0.08" />
  <testcase classname="ptolemy.util.test.junit.AutoTests" name="[111] /home/travis/build/icyphy/ptII/ptolemy/domains/modal/test/auto/SpontaneousFSM.xml (RunModel)" time="0.045" />
  <testcase classname="ptolemy.util.test.junit.AutoTests" name="[112] /home/travis/build/icyphy/ptII/ptolemy/domains/modal/test/auto/SpontaneousFSM2.xml (RunModel)" time="0.034" />
  <testcase classname="ptolemy.util.test.junit.AutoTests" name="[113] /home/travis/build/icyphy/ptII/ptolemy/domains/modal/test/auto/SpontaneousFSM3.xml (RunModel)" time="0.055" />
  <testcase classname="ptolemy.util.test.junit.AutoTests" name="[114] /home/travis/build/icyphy/ptII/ptolemy/domains/modal/test/auto/SpontaneousFSM4.xml (RunModel)" time="0.054" />
  <testcase classname="ptolemy.util.test.junit.AutoTests" name="[115] /home/travis/build/icyphy/ptII/ptolemy/domains/modal/test/auto/StateTrackerTest.xml (RunModel)" time="0.073" />
  <testcase classname="ptolemy.util.test.junit.AutoTests" name="[116] /home/travis/build/icyphy/ptII/ptolemy/domains/modal/test/auto/StrongImmediateTransition.xml (RunModel)" time="0.025" />
  <testcase classname="ptolemy.util.test.junit.AutoTests" name="[117] /home/travis/build/icyphy/ptII/ptolemy/domains/modal/test/auto/SustainHierarchy.xml (RunModel)" time="0.039" />
  <testcase classname="ptolemy.util.test.junit.AutoTests" name="[118] /home/travis/build/icyphy/ptII/ptolemy/domains/modal/test/auto/TerminationTransition1.xml (RunModel)" time="0.023" />
  <testcase classname="ptolemy.util.test.junit.AutoTests" name="[119] /home/travis/build/icyphy/ptII/ptolemy/domains/modal/test/auto/TerminationTransition2.xml (RunModel)" time="0.028" />
  <testcase classname="ptolemy.util.test.junit.AutoTests" name="[120] /home/travis/build/icyphy/ptII/ptolemy/domains/modal/test/auto/TerminationTransition3.xml (RunModel)" time="0.027" />
  <testcase classname="ptolemy.util.test.junit.AutoTests" name="[121] /home/travis/build/icyphy/ptII/ptolemy/domains/modal/test/auto/TerminationTransition4.xml (RunModel)" time="0.041" />
  <testcase classname="ptolemy.util.test.junit.AutoTests" name="[122] /home/travis/build/icyphy/ptII/ptolemy/domains/modal/test/auto/TerminationTransition5.xml (RunModel)" time="0.041" />
  <testcase classname="ptolemy.util.test.junit.AutoTests" name="[123] /home/travis/build/icyphy/ptII/ptolemy/domains/modal/test/auto/TerminationTransition6.xml (RunModel)" time="0.023" />
  <testcase classname="ptolemy.util.test.junit.AutoTests" name="[124] /home/travis/build/icyphy/ptII/ptolemy/domains/modal/test/auto/TerminationTransition7.xml (RunModel)" time="0.023" />
  <testcase classname="ptolemy.util.test.junit.AutoTests" name="[125] /home/travis/build/icyphy/ptII/ptolemy/domains/modal/test/auto/TerminationTransition8.xml (RunModel)" time="0.024" />
  <testcase classname="ptolemy.util.test.junit.AutoTests" name="[126] /home/travis/build/icyphy/ptII/ptolemy/domains/modal/test/auto/Thermostat_NoHysteresis.xml (RunModel)" time="0.079" />
  <testcase classname="ptolemy.util.test.junit.AutoTests" name="[127] /home/travis/build/icyphy/ptII/ptolemy/domains/modal/test/auto/TimedFSM.xml (RunModel)" time="0.036" />
  <testcase classname="ptolemy.util.test.junit.AutoTests" name="[128] /home/travis/build/icyphy/ptII/ptolemy/domains/modal/test/auto/Timeout1.xml (RunModel)" time="0.013" />
  <testcase classname="ptolemy.util.test.junit.AutoTests" name="[129] /home/travis/build/icyphy/ptII/ptolemy/domains/modal/test/auto/Timeout2.xml (RunModel)" time="0.021" />
  <testcase classname="ptolemy.util.test.junit.AutoTests" name="[130] /home/travis/build/icyphy/ptII/ptolemy/domains/modal/test/auto/Timeout3.xml (RunModel)" time="0.013" />
  <testcase classname="ptolemy.util.test.junit.AutoTests" name="[131] /home/travis/build/icyphy/ptII/ptolemy/domains/modal/test/auto/Timeout4.xml (RunModel)" time="0.014" />
  <testcase classname="ptolemy.util.test.junit.AutoTests" name="[132] /home/travis/build/icyphy/ptII/ptolemy/domains/modal/test/auto/TransientstateModelAdvanced.xml (RunModel)" time="0.033" />
  <testcase classname="ptolemy.util.test.junit.AutoTests" name="[133] /home/travis/build/icyphy/ptII/ptolemy/domains/modal/test/auto/TransientstateModelAdvanced2.xml (RunModel)" time="0.036" />
  <testcase classname="ptolemy.util.test.junit.AutoTests" name="[134] /home/travis/build/icyphy/ptII/ptolemy/domains/modal/test/auto/TransitionRefinements.xml (RunModel)" time="0.031" />
  <testcase classname="ptolemy.util.test.junit.AutoTests" name="[135] /home/travis/build/icyphy/ptII/ptolemy/domains/modal/test/auto/TwoRefinements1.xml (RunModel)" time="0.028" />
  <testcase classname="ptolemy.util.test.junit.AutoTests" name="[136] /home/travis/build/icyphy/ptII/ptolemy/domains/modal/test/auto/TwoRefinements2.xml (RunModel)" time="0.027" />
  <testcase classname="ptolemy.util.test.junit.AutoTests" name="[137] /home/travis/build/icyphy/ptII/ptolemy/domains/modal/test/auto/WeakImmediateTransition.xml (RunModel)" time="0.024" />
  <testcase classname="ptolemy.util.test.junit.AutoTests" name="[138] /home/travis/build/icyphy/ptII/ptolemy/domains/modal/test/auto/booleanSelect.xml (RunModel)" time="0.06" />
  <testcase classname="ptolemy.util.test.junit.AutoTests" name="[139] /home/travis/build/icyphy/ptII/ptolemy/domains/modal/test/auto/modalChangingParams.xml (RunModel)" time="0.306" />
  <testcase classname="ptolemy.util.test.junit.AutoTests" name="[140] /home/travis/build/icyphy/ptII/ptolemy/domains/modal/test/auto/modalModel.xml (RunModel)" time="0.024" />
  <testcase classname="ptolemy.util.test.junit.AutoTests" name="[141] /home/travis/build/icyphy/ptII/ptolemy/domains/modal/test/auto/modalModel2.xml (RunModel)" time="0.032" />
  <testcase classname="ptolemy.util.test.junit.AutoTests" name="[142] /home/travis/build/icyphy/ptII/ptolemy/domains/modal/test/auto/modalModel3.xml (RunModel)" time="0.039" />
  <testcase classname="ptolemy.util.test.junit.AutoTests" name="[143] /home/travis/build/icyphy/ptII/ptolemy/domains/modal/test/auto/model1.xml (RunModel)" time="0.02" />
  <testcase classname="ptolemy.util.test.junit.AutoTests" name="[144] /home/travis/build/icyphy/ptII/ptolemy/domains/modal/test/auto/test-direct-in-out.xml (RunModel)" time="0.022" />
  <system-out><![CDATA[/home/travis/build/icyphy/ptII/ptolemy/domains/modal/test/SystemLevelType.tcl
testDefs.tcl: setting time out to 9000 seconds at Sun Aug 05 01:53:26 UTC 2018
08/05/18 01:53:28
Failed: 0  Total Tests: 1  ((Passed: 1, Newly Passed: 0)  Known Failed: 0) /home/travis/build/icyphy/ptII/ptolemy/domains/modal/test
----------------- testing (KnownFailure) /home/travis/build/icyphy/ptII/ptolemy/domains/modal/test/auto/knownFailedTests/CannotAnalysisWithPreemption.xml
31 ms. Memory: 208384K Free: 185882K (89%)
Known Failure: java.lang.reflect.InvocationTargetException
No auto/linux-amd64/*.xml tests in /home/travis/build/icyphy/ptII/ptolemy/domains/modal/test
AutoTests.java: About to close Vertx.
AutoTests.java: Vertx closed.

===========================================================================================
----------------- testing Sun Aug 05 01:53:29 UTC 2018 /home/travis/build/icyphy/ptII/ptolemy/domains/modal/test/auto/ABPTest.xml
----------------- Instantiating /home/travis/build/icyphy/ptII/ptolemy/domains/modal/test/auto/ABPTest.xml
374 ms. Memory: 332288K Free: 293868K (88%)
----------------- Invoking toplevel() on ptolemy.moml.MoMLSimpleApplication@46722b34
----------------- Done invoking toplevel() on ptolemy.moml.MoMLSimpleApplication@46722b34
reloadAllAccessors: .ABPTest

===========================================================================================
----------------- testing Sun Aug 05 01:53:29 UTC 2018 /home/travis/build/icyphy/ptII/ptolemy/domains/modal/test/auto/ABROFlat.xml
----------------- Instantiating /home/travis/build/icyphy/ptII/ptolemy/domains/modal/test/auto/ABROFlat.xml
24 ms. Memory: 332288K Free: 271639K (82%)
----------------- Invoking toplevel() on ptolemy.moml.MoMLSimpleApplication@4f02e9b6
----------------- Done invoking toplevel() on ptolemy.moml.MoMLSimpleApplication@4f02e9b6
reloadAllAccessors: .ABROFlat

===========================================================================================
----------------- testing Sun Aug 05 01:53:29 UTC 2018 /home/travis/build/icyphy/ptII/ptolemy/domains/modal/test/auto/ABROFlat2.xml
----------------- Instantiating /home/travis/build/icyphy/ptII/ptolemy/domains/modal/test/auto/ABROFlat2.xml
14 ms. Memory: 332288K Free: 253648K (76%)
----------------- Invoking toplevel() on ptolemy.moml.MoMLSimpleApplication@68ae183b
----------------- Done invoking toplevel() on ptolemy.moml.MoMLSimpleApplication@68ae183b
reloadAllAccessors: .ABROFlat2

===========================================================================================
----------------- testing Sun Aug 05 01:53:30 UTC 2018 /home/travis/build/icyphy/ptII/ptolemy/domains/modal/test/auto/ABRO_present_hmm.xml
----------------- Instantiating /home/travis/build/icyphy/ptII/ptolemy/domains/modal/test/auto/ABRO_present_hmm.xml
34 ms. Memory: 332288K Free: 220940K (66%)
----------------- Invoking toplevel() on ptolemy.moml.MoMLSimpleApplication@244babce
----------------- Done invoking toplevel() on ptolemy.moml.MoMLSimpleApplication@244babce
reloadAllAccessors: .ABRO_present_hmm

===========================================================================================
----------------- testing Sun Aug 05 01:53:30 UTC 2018 /home/travis/build/icyphy/ptII/ptolemy/domains/modal/test/auto/AMICoderExample.xml
----------------- Instantiating /home/travis/build/icyphy/ptII/ptolemy/domains/modal/test/auto/AMICoderExample.xml
16 ms. Memory: 332288K Free: 209535K (63%)
----------------- Invoking toplevel() on ptolemy.moml.MoMLSimpleApplication@4903b251
----------------- Done invoking toplevel() on ptolemy.moml.MoMLSimpleApplication@4903b251
reloadAllAccessors: .AMICoderExample

===========================================================================================
----------------- testing Sun Aug 05 01:53:30 UTC 2018 /home/travis/build/icyphy/ptII/ptolemy/domains/modal/test/auto/AbsentToPresent.xml
----------------- Instantiating /home/travis/build/icyphy/ptII/ptolemy/domains/modal/test/auto/AbsentToPresent.xml
7 ms. Memory: 332288K Free: 199558K (60%)
----------------- Invoking toplevel() on ptolemy.moml.MoMLSimpleApplication@13134a8e
----------------- Done invoking toplevel() on ptolemy.moml.MoMLSimpleApplication@13134a8e
reloadAllAccessors: .AbsentToPresent

===========================================================================================
----------------- testing Sun Aug 05 01:53:30 UTC 2018 /home/travis/build/icyphy/ptII/ptolemy/domains/modal/test/auto/Blending.xml
----------------- Instantiating /home/travis/build/icyphy/ptII/ptolemy/domains/modal/test/auto/Blending.xml
125 ms. Memory: 332288K Free: 148796K (45%)
----------------- Invoking toplevel() on ptolemy.moml.MoMLSimpleApplication@315d0ae4
----------------- Done invoking toplevel() on ptolemy.moml.MoMLSimpleApplication@315d0ae4
reloadAllAccessors: .Blending

===========================================================================================
----------------- testing Sun Aug 05 01:53:30 UTC 2018 /home/travis/build/icyphy/ptII/ptolemy/domains/modal/test/auto/Broadcast.xml
----------------- Instantiating /home/travis/build/icyphy/ptII/ptolemy/domains/modal/test/auto/Broadcast.xml
10 ms. Memory: 332288K Free: 130838K (39%)
----------------- Invoking toplevel() on ptolemy.moml.MoMLSimpleApplication@2c1b95fc
----------------- Done invoking toplevel() on ptolemy.moml.MoMLSimpleApplication@2c1b95fc
reloadAllAccessors: .Broadcast

===========================================================================================
----------------- testing Sun Aug 05 01:53:30 UTC 2018 /home/travis/build/icyphy/ptII/ptolemy/domains/modal/test/auto/BroadcastHierarchy.xml
----------------- Instantiating /home/travis/build/icyphy/ptII/ptolemy/domains/modal/test/auto/BroadcastHierarchy.xml
13 ms. Memory: 332288K Free: 112872K (34%)
----------------- Invoking toplevel() on ptolemy.moml.MoMLSimpleApplication@63a21e2c
----------------- Done invoking toplevel() on ptolemy.moml.MoMLSimpleApplication@63a21e2c
reloadAllAccessors: .BroadcastHierarchy

===========================================================================================
----------------- testing Sun Aug 05 01:53:30 UTC 2018 /home/travis/build/icyphy/ptII/ptolemy/domains/modal/test/auto/BroadcastHierarchy2.xml
----------------- Instantiating /home/travis/build/icyphy/ptII/ptolemy/domains/modal/test/auto/BroadcastHierarchy2.xml
35 ms. Memory: 332288K Free: 76939K (23%)
----------------- Invoking toplevel() on ptolemy.moml.MoMLSimpleApplication@2a65b0d2
----------------- Done invoking toplevel() on ptolemy.moml.MoMLSimpleApplication@2a65b0d2
reloadAllAccessors: .BroadcastHierarchy2

===========================================================================================
----------------- testing Sun Aug 05 01:53:30 UTC 2018 /home/travis/build/icyphy/ptII/ptolemy/domains/modal/test/auto/BroadcastHierarchy3.xml
----------------- Instantiating /home/travis/build/icyphy/ptII/ptolemy/domains/modal/test/auto/BroadcastHierarchy3.xml
21 ms. Memory: 333824K Free: 297826K (89%)
----------------- Invoking toplevel() on ptolemy.moml.MoMLSimpleApplication@47d1c68d
----------------- Done invoking toplevel() on ptolemy.moml.MoMLSimpleApplication@47d1c68d
reloadAllAccessors: .BroadcastHierarchy3

===========================================================================================
----------------- testing Sun Aug 05 01:53:31 UTC 2018 /home/travis/build/icyphy/ptII/ptolemy/domains/modal/test/auto/BroadcastHierarchy4.xml
----------------- Instantiating /home/travis/build/icyphy/ptII/ptolemy/domains/modal/test/auto/BroadcastHierarchy4.xml
18 ms. Memory: 333824K Free: 262866K (79%)
----------------- Invoking toplevel() on ptolemy.moml.MoMLSimpleApplication@7533b31
----------------- Done invoking toplevel() on ptolemy.moml.MoMLSimpleApplication@7533b31
reloadAllAccessors: .BroadcastHierarchy4

===========================================================================================
----------------- testing Sun Aug 05 01:53:31 UTC 2018 /home/travis/build/icyphy/ptII/ptolemy/domains/modal/test/auto/CannotAnalysisWithPreemption2.xml
----------------- Instantiating /home/travis/build/icyphy/ptII/ptolemy/domains/modal/test/auto/CannotAnalysisWithPreemption2.xml
5 ms. Memory: 333824K Free: 253089K (76%)
----------------- Invoking toplevel() on ptolemy.moml.MoMLSimpleApplication@20aa6aaf
----------------- Done invoking toplevel() on ptolemy.moml.MoMLSimpleApplication@20aa6aaf
reloadAllAccessors: .CannotAnalysisWithPreemption2

===========================================================================================
----------------- testing Sun Aug 05 01:53:31 UTC 2018 /home/travis/build/icyphy/ptII/ptolemy/domains/modal/test/auto/CannotAnalysisWithPreemption3.xml
----------------- Instantiating /home/travis/build/icyphy/ptII/ptolemy/domains/modal/test/auto/CannotAnalysisWithPreemption3.xml
5 ms. Memory: 333824K Free: 240031K (72%)
----------------- Invoking toplevel() on ptolemy.moml.MoMLSimpleApplication@4ce5a509
----------------- Done invoking toplevel() on ptolemy.moml.MoMLSimpleApplication@4ce5a509
reloadAllAccessors: .CannotAnalysisWithPreemption3

===========================================================================================
----------------- testing Sun Aug 05 01:53:31 UTC 2018 /home/travis/build/icyphy/ptII/ptolemy/domains/modal/test/auto/CannotProduce.xml
----------------- Instantiating /home/travis/build/icyphy/ptII/ptolemy/domains/modal/test/auto/CannotProduce.xml
11 ms. Memory: 333824K Free: 231178K (69%)
----------------- Invoking toplevel() on ptolemy.moml.MoMLSimpleApplication@2848fddd
----------------- Done invoking toplevel() on ptolemy.moml.MoMLSimpleApplication@2848fddd
reloadAllAccessors: .CannotProduce

===========================================================================================
----------------- testing Sun Aug 05 01:53:31 UTC 2018 /home/travis/build/icyphy/ptII/ptolemy/domains/modal/test/auto/CannotProduceModal.xml
----------------- Instantiating /home/travis/build/icyphy/ptII/ptolemy/domains/modal/test/auto/CannotProduceModal.xml
5 ms. Memory: 333824K Free: 222997K (67%)
----------------- Invoking toplevel() on ptolemy.moml.MoMLSimpleApplication@24033da
----------------- Done invoking toplevel() on ptolemy.moml.MoMLSimpleApplication@24033da
reloadAllAccessors: .CannotProduceModal

===========================================================================================
----------------- testing Sun Aug 05 01:53:31 UTC 2018 /home/travis/build/icyphy/ptII/ptolemy/domains/modal/test/auto/Case.xml
----------------- Instantiating /home/travis/build/icyphy/ptII/ptolemy/domains/modal/test/auto/Case.xml
34 ms. Memory: 333824K Free: 209908K (63%)
----------------- Invoking toplevel() on ptolemy.moml.MoMLSimpleApplication@122a5c4e
----------------- Done invoking toplevel() on ptolemy.moml.MoMLSimpleApplication@122a5c4e
reloadAllAccessors: .Case

===========================================================================================
----------------- testing Sun Aug 05 01:53:31 UTC 2018 /home/travis/build/icyphy/ptII/ptolemy/domains/modal/test/auto/Case1.xml
----------------- Instantiating /home/travis/build/icyphy/ptII/ptolemy/domains/modal/test/auto/Case1.xml
10 ms. Memory: 333824K Free: 199435K (60%)
----------------- Invoking toplevel() on ptolemy.moml.MoMLSimpleApplication@62d1d340
----------------- Done invoking toplevel() on ptolemy.moml.MoMLSimpleApplication@62d1d340
reloadAllAccessors: .Case1

===========================================================================================
----------------- testing Sun Aug 05 01:53:31 UTC 2018 /home/travis/build/icyphy/ptII/ptolemy/domains/modal/test/auto/Case2.xml
----------------- Instantiating /home/travis/build/icyphy/ptII/ptolemy/domains/modal/test/auto/Case2.xml
28 ms. Memory: 333824K Free: 188006K (56%)
----------------- Invoking toplevel() on ptolemy.moml.MoMLSimpleApplication@68780eb7
----------------- Done invoking toplevel() on ptolemy.moml.MoMLSimpleApplication@68780eb7
reloadAllAccessors: .Case2

===========================================================================================
----------------- testing Sun Aug 05 01:53:31 UTC 2018 /home/travis/build/icyphy/ptII/ptolemy/domains/modal/test/auto/CausalityInterface1.xml
----------------- Instantiating /home/travis/build/icyphy/ptII/ptolemy/domains/modal/test/auto/CausalityInterface1.xml
5 ms. Memory: 333824K Free: 181477K (54%)
----------------- Invoking toplevel() on ptolemy.moml.MoMLSimpleApplication@35f90da5
----------------- Done invoking toplevel() on ptolemy.moml.MoMLSimpleApplication@35f90da5
reloadAllAccessors: .CausalityInterface1

===========================================================================================
----------------- testing Sun Aug 05 01:53:31 UTC 2018 /home/travis/build/icyphy/ptII/ptolemy/domains/modal/test/auto/CausalityInterface10.xml
----------------- Instantiating /home/travis/build/icyphy/ptII/ptolemy/domains/modal/test/auto/CausalityInterface10.xml
16 ms. Memory: 333824K Free: 162807K (49%)
----------------- Invoking toplevel() on ptolemy.moml.MoMLSimpleApplication@117ddd58
----------------- Done invoking toplevel() on ptolemy.moml.MoMLSimpleApplication@117ddd58
reloadAllAccessors: .CausalityInterface10

===========================================================================================
----------------- testing Sun Aug 05 01:53:31 UTC 2018 /home/travis/build/icyphy/ptII/ptolemy/domains/modal/test/auto/CausalityInterface11.xml
----------------- Instantiating /home/travis/build/icyphy/ptII/ptolemy/domains/modal/test/auto/CausalityInterface11.xml
7 ms. Memory: 333824K Free: 146461K (44%)
----------------- Invoking toplevel() on ptolemy.moml.MoMLSimpleApplication@8c38baa
----------------- Done invoking toplevel() on ptolemy.moml.MoMLSimpleApplication@8c38baa
reloadAllAccessors: .CausalityInterface11

===========================================================================================
----------------- testing Sun Aug 05 01:53:31 UTC 2018 /home/travis/build/icyphy/ptII/ptolemy/domains/modal/test/auto/CausalityInterface12.xml
----------------- Instantiating /home/travis/build/icyphy/ptII/ptolemy/domains/modal/test/auto/CausalityInterface12.xml
7 ms. Memory: 333824K Free: 130116K (39%)
----------------- Invoking toplevel() on ptolemy.moml.MoMLSimpleApplication@4fac7bc4
----------------- Done invoking toplevel() on ptolemy.moml.MoMLSimpleApplication@4fac7bc4
reloadAllAccessors: .CausalityInterface12

===========================================================================================
----------------- testing Sun Aug 05 01:53:31 UTC 2018 /home/travis/build/icyphy/ptII/ptolemy/domains/modal/test/auto/CausalityInterface13.xml
----------------- Instantiating /home/travis/build/icyphy/ptII/ptolemy/domains/modal/test/auto/CausalityInterface13.xml
7 ms. Memory: 333824K Free: 111486K (33%)
----------------- Invoking toplevel() on ptolemy.moml.MoMLSimpleApplication@29a4e15d
----------------- Done invoking toplevel() on ptolemy.moml.MoMLSimpleApplication@29a4e15d
reloadAllAccessors: .CausalityInterface13

===========================================================================================
----------------- testing Sun Aug 05 01:53:31 UTC 2018 /home/travis/build/icyphy/ptII/ptolemy/domains/modal/test/auto/CausalityInterface14.xml
----------------- Instantiating /home/travis/build/icyphy/ptII/ptolemy/domains/modal/test/auto/CausalityInterface14.xml
11 ms. Memory: 333824K Free: 95188K (29%)
----------------- Invoking toplevel() on ptolemy.moml.MoMLSimpleApplication@4407c774
----------------- Done invoking toplevel() on ptolemy.moml.MoMLSimpleApplication@4407c774
reloadAllAccessors: .CausalityInterface14

===========================================================================================
----------------- testing Sun Aug 05 01:53:31 UTC 2018 /home/travis/build/icyphy/ptII/ptolemy/domains/modal/test/auto/CausalityInterface2.xml
----------------- Instantiating /home/travis/build/icyphy/ptII/ptolemy/domains/modal/test/auto/CausalityInterface2.xml
9 ms. Memory: 333824K Free: 87023K (26%)
----------------- Invoking toplevel() on ptolemy.moml.MoMLSimpleApplication@4ba15fba
----------------- Done invoking toplevel() on ptolemy.moml.MoMLSimpleApplication@4ba15fba
reloadAllAccessors: .CausalityInterface2

===========================================================================================
----------------- testing Sun Aug 05 01:53:31 UTC 2018 /home/travis/build/icyphy/ptII/ptolemy/domains/modal/test/auto/CausalityInterface3.xml
----------------- Instantiating /home/travis/build/icyphy/ptII/ptolemy/domains/modal/test/auto/CausalityInterface3.xml
17 ms. Memory: 578560K Free: 566886K (98%)
----------------- Invoking toplevel() on ptolemy.moml.MoMLSimpleApplication@77498cd2
----------------- Done invoking toplevel() on ptolemy.moml.MoMLSimpleApplication@77498cd2
reloadAllAccessors: .CausalityInterface3

===========================================================================================
----------------- testing Sun Aug 05 01:53:31 UTC 2018 /home/travis/build/icyphy/ptII/ptolemy/domains/modal/test/auto/CausalityInterface4.xml
----------------- Instantiating /home/travis/build/icyphy/ptII/ptolemy/domains/modal/test/auto/CausalityInterface4.xml
3 ms. Memory: 578560K Free: 551981K (95%)
----------------- Invoking toplevel() on ptolemy.moml.MoMLSimpleApplication@78189adb
----------------- Done invoking toplevel() on ptolemy.moml.MoMLSimpleApplication@78189adb
reloadAllAccessors: .CausalityInterface4

===========================================================================================
----------------- testing Sun Aug 05 01:53:32 UTC 2018 /home/travis/build/icyphy/ptII/ptolemy/domains/modal/test/auto/CausalityInterface5.xml
----------------- Instantiating /home/travis/build/icyphy/ptII/ptolemy/domains/modal/test/auto/CausalityInterface5.xml
5 ms. Memory: 578560K Free: 539754K (93%)
----------------- Invoking toplevel() on ptolemy.moml.MoMLSimpleApplication@d3be603
----------------- Done invoking toplevel() on ptolemy.moml.MoMLSimpleApplication@d3be603
reloadAllAccessors: .CausalityInterface5

===========================================================================================
----------------- testing Sun Aug 05 01:53:32 UTC 2018 /home/travis/build/icyphy/ptII/ptolemy/domains/modal/test/auto/CausalityInterface6.xml
----------------- Instantiating /home/travis/build/icyphy/ptII/ptolemy/domains/modal/test/auto/CausalityInterface6.xml
5 ms. Memory: 578560K Free: 527519K (91%)
----------------- Invoking toplevel() on ptolemy.moml.MoMLSimpleApplication@6213bca3
----------------- Done invoking toplevel() on ptolemy.moml.MoMLSimpleApplication@6213bca3
reloadAllAccessors: .CausalityInterface6

===========================================================================================
----------------- testing Sun Aug 05 01:53:32 UTC 2018 /home/travis/build/icyphy/ptII/ptolemy/domains/modal/test/auto/CausalityInterface7.xml
----------------- Instantiating /home/travis/build/icyphy/ptII/ptolemy/domains/modal/test/auto/CausalityInterface7.xml
4 ms. Memory: 578560K Free: 515275K (89%)
----------------- Invoking toplevel() on ptolemy.moml.MoMLSimpleApplication@68d7d6
----------------- Done invoking toplevel() on ptolemy.moml.MoMLSimpleApplication@68d7d6
reloadAllAccessors: .CausalityInterface7

===========================================================================================
----------------- testing Sun Aug 05 01:53:32 UTC 2018 /home/travis/build/icyphy/ptII/ptolemy/domains/modal/test/auto/CausalityInterface8.xml
----------------- Instantiating /home/travis/build/icyphy/ptII/ptolemy/domains/modal/test/auto/CausalityInterface8.xml
5 ms. Memory: 578560K Free: 499887K (86%)
----------------- Invoking toplevel() on ptolemy.moml.MoMLSimpleApplication@3ef08225
----------------- Done invoking toplevel() on ptolemy.moml.MoMLSimpleApplication@3ef08225
reloadAllAccessors: .CausalityInterface8

===========================================================================================
----------------- testing Sun Aug 05 01:53:32 UTC 2018 /home/travis/build/icyphy/ptII/ptolemy/domains/modal/test/auto/CausalityInterface9.xml
----------------- Instantiating /home/travis/build/icyphy/ptII/ptolemy/domains/modal/test/auto/CausalityInterface9.xml
8 ms. Memory: 578560K Free: 487643K (84%)
----------------- Invoking toplevel() on ptolemy.moml.MoMLSimpleApplication@2e7b4ea8
----------------- Done invoking toplevel() on ptolemy.moml.MoMLSimpleApplication@2e7b4ea8
reloadAllAccessors: .CausalityInterface9

===========================================================================================
----------------- testing Sun Aug 05 01:53:32 UTC 2018 /home/travis/build/icyphy/ptII/ptolemy/domains/modal/test/auto/ChainedTransitions.xml
----------------- Instantiating /home/travis/build/icyphy/ptII/ptolemy/domains/modal/test/auto/ChainedTransitions.xml
68 ms. Memory: 578560K Free: 458248K (79%)
----------------- Invoking toplevel() on ptolemy.moml.MoMLSimpleApplication@62a8d791
----------------- Done invoking toplevel() on ptolemy.moml.MoMLSimpleApplication@62a8d791
reloadAllAccessors: .ChainedTransitions

===========================================================================================
----------------- testing Sun Aug 05 01:53:32 UTC 2018 /home/travis/build/icyphy/ptII/ptolemy/domains/modal/test/auto/CycleOfImmediateTransitionsFSM.xml
----------------- Instantiating /home/travis/build/icyphy/ptII/ptolemy/domains/modal/test/auto/CycleOfImmediateTransitionsFSM.xml
2 ms. Memory: 578560K Free: 448471K (78%)
----------------- Invoking toplevel() on ptolemy.moml.MoMLSimpleApplication@7f98d864
----------------- Done invoking toplevel() on ptolemy.moml.MoMLSimpleApplication@7f98d864
reloadAllAccessors: .CycleOfImmediateTransitionsFSM

===========================================================================================
----------------- testing Sun Aug 05 01:53:32 UTC 2018 /home/travis/build/icyphy/ptII/ptolemy/domains/modal/test/auto/CycleOfImmediateTransitionsModal.xml
----------------- Instantiating /home/travis/build/icyphy/ptII/ptolemy/domains/modal/test/auto/CycleOfImmediateTransitionsModal.xml
1 ms. Memory: 578560K Free: 435533K (75%)
----------------- Invoking toplevel() on ptolemy.moml.MoMLSimpleApplication@761089ad
----------------- Done invoking toplevel() on ptolemy.moml.MoMLSimpleApplication@761089ad
reloadAllAccessors: .CycleOfImmediateTransitionsModal

===========================================================================================
----------------- testing Sun Aug 05 01:53:32 UTC 2018 /home/travis/build/icyphy/ptII/ptolemy/domains/modal/test/auto/CycleOfImmediateTransitionsModal2.xml
----------------- Instantiating /home/travis/build/icyphy/ptII/ptolemy/domains/modal/test/auto/CycleOfImmediateTransitionsModal2.xml
2 ms. Memory: 578560K Free: 425756K (74%)
----------------- Invoking toplevel() on ptolemy.moml.MoMLSimpleApplication@5e4c28ca
----------------- Done invoking toplevel() on ptolemy.moml.MoMLSimpleApplication@5e4c28ca
reloadAllAccessors: .CycleOfImmediateTransitionsModal2

===========================================================================================
----------------- testing Sun Aug 05 01:53:32 UTC 2018 /home/travis/build/icyphy/ptII/ptolemy/domains/modal/test/auto/CycleOfImmediateTransitionsModal3.xml
----------------- Instantiating /home/travis/build/icyphy/ptII/ptolemy/domains/modal/test/auto/CycleOfImmediateTransitionsModal3.xml
11 ms. Memory: 578560K Free: 396376K (69%)
----------------- Invoking toplevel() on ptolemy.moml.MoMLSimpleApplication@2414105d
----------------- Done invoking toplevel() on ptolemy.moml.MoMLSimpleApplication@2414105d
reloadAllAccessors: .CycleOfImmediateTransitionsModal3

===========================================================================================
----------------- testing Sun Aug 05 01:53:32 UTC 2018 /home/travis/build/icyphy/ptII/ptolemy/domains/modal/test/auto/DeepModal1.xml
----------------- Instantiating /home/travis/build/icyphy/ptII/ptolemy/domains/modal/test/auto/DeepModal1.xml
25 ms. Memory: 578560K Free: 379225K (66%)
----------------- Invoking toplevel() on ptolemy.moml.MoMLSimpleApplication@18ea9f79
----------------- Done invoking toplevel() on ptolemy.moml.MoMLSimpleApplication@18ea9f79
reloadAllAccessors: .DeepModal1

===========================================================================================
----------------- testing Sun Aug 05 01:53:32 UTC 2018 /home/travis/build/icyphy/ptII/ptolemy/domains/modal/test/auto/DeepModal2.xml
----------------- Instantiating /home/travis/build/icyphy/ptII/ptolemy/domains/modal/test/auto/DeepModal2.xml
15 ms. Memory: 578560K Free: 354059K (61%)
----------------- Invoking toplevel() on ptolemy.moml.MoMLSimpleApplication@60dfa743
----------------- Done invoking toplevel() on ptolemy.moml.MoMLSimpleApplication@60dfa743
reloadAllAccessors: .DeepModal2

===========================================================================================
----------------- testing Sun Aug 05 01:53:32 UTC 2018 /home/travis/build/icyphy/ptII/ptolemy/domains/modal/test/auto/DeepModal3.xml
----------------- Instantiating /home/travis/build/icyphy/ptII/ptolemy/domains/modal/test/auto/DeepModal3.xml
19 ms. Memory: 578560K Free: 332030K (57%)
----------------- Invoking toplevel() on ptolemy.moml.MoMLSimpleApplication@42e69f53
----------------- Done invoking toplevel() on ptolemy.moml.MoMLSimpleApplication@42e69f53
reloadAllAccessors: .DeepModal3

===========================================================================================
----------------- testing Sun Aug 05 01:53:32 UTC 2018 /home/travis/build/icyphy/ptII/ptolemy/domains/modal/test/auto/DeepModal4.xml
----------------- Instantiating /home/travis/build/icyphy/ptII/ptolemy/domains/modal/test/auto/DeepModal4.xml
30 ms. Memory: 578560K Free: 307528K (53%)
----------------- Invoking toplevel() on ptolemy.moml.MoMLSimpleApplication@1229552a
----------------- Done invoking toplevel() on ptolemy.moml.MoMLSimpleApplication@1229552a
reloadAllAccessors: .DeepModal4

===========================================================================================
----------------- testing Sun Aug 05 01:53:32 UTC 2018 /home/travis/build/icyphy/ptII/ptolemy/domains/modal/test/auto/Default1.xml
----------------- Instantiating /home/travis/build/icyphy/ptII/ptolemy/domains/modal/test/auto/Default1.xml
2 ms. Memory: 578560K Free: 297727K (51%)
----------------- Invoking toplevel() on ptolemy.moml.MoMLSimpleApplication@7b184065
----------------- Done invoking toplevel() on ptolemy.moml.MoMLSimpleApplication@7b184065
reloadAllAccessors: .Default1

===========================================================================================
----------------- testing Sun Aug 05 01:53:32 UTC 2018 /home/travis/build/icyphy/ptII/ptolemy/domains/modal/test/auto/Default2.xml
----------------- Instantiating /home/travis/build/icyphy/ptII/ptolemy/domains/modal/test/auto/Default2.xml
2 ms. Memory: 578560K Free: 284772K (49%)
----------------- Invoking toplevel() on ptolemy.moml.MoMLSimpleApplication@270afd1c
----------------- Done invoking toplevel() on ptolemy.moml.MoMLSimpleApplication@270afd1c
reloadAllAccessors: .Default2

===========================================================================================
----------------- testing Sun Aug 05 01:53:32 UTC 2018 /home/travis/build/icyphy/ptII/ptolemy/domains/modal/test/auto/Default3.xml
----------------- Instantiating /home/travis/build/icyphy/ptII/ptolemy/domains/modal/test/auto/Default3.xml
4 ms. Memory: 578560K Free: 274979K (48%)
----------------- Invoking toplevel() on ptolemy.moml.MoMLSimpleApplication@33100e9a
----------------- Done invoking toplevel() on ptolemy.moml.MoMLSimpleApplication@33100e9a
reloadAllAccessors: .Default3

===========================================================================================
----------------- testing Sun Aug 05 01:53:32 UTC 2018 /home/travis/build/icyphy/ptII/ptolemy/domains/modal/test/auto/Default4.xml
----------------- Instantiating /home/travis/build/icyphy/ptII/ptolemy/domains/modal/test/auto/Default4.xml
3 ms. Memory: 578560K Free: 265178K (46%)
----------------- Invoking toplevel() on ptolemy.moml.MoMLSimpleApplication@16f3cd56
----------------- Done invoking toplevel() on ptolemy.moml.MoMLSimpleApplication@16f3cd56
reloadAllAccessors: .Default4

===========================================================================================
----------------- testing Sun Aug 05 01:53:32 UTC 2018 /home/travis/build/icyphy/ptII/ptolemy/domains/modal/test/auto/Default5.xml
----------------- Instantiating /home/travis/build/icyphy/ptII/ptolemy/domains/modal/test/auto/Default5.xml
7 ms. Memory: 578560K Free: 255401K (44%)
----------------- Invoking toplevel() on ptolemy.moml.MoMLSimpleApplication@3977ec67
----------------- Done invoking toplevel() on ptolemy.moml.MoMLSimpleApplication@3977ec67
reloadAllAccessors: .Default5

===========================================================================================
----------------- testing Sun Aug 05 01:53:32 UTC 2018 /home/travis/build/icyphy/ptII/ptolemy/domains/modal/test/auto/EmptyGuard.xml
----------------- Instantiating /home/travis/build/icyphy/ptII/ptolemy/domains/modal/test/auto/EmptyGuard.xml
13 ms. Memory: 578560K Free: 245616K (42%)
----------------- Invoking toplevel() on ptolemy.moml.MoMLSimpleApplication@5fbe57cf
----------------- Done invoking toplevel() on ptolemy.moml.MoMLSimpleApplication@5fbe57cf
reloadAllAccessors: .EmptyGuard

===========================================================================================
----------------- testing Sun Aug 05 01:53:32 UTC 2018 /home/travis/build/icyphy/ptII/ptolemy/domains/modal/test/auto/ErrorTransition1.xml
----------------- Instantiating /home/travis/build/icyphy/ptII/ptolemy/domains/modal/test/auto/ErrorTransition1.xml
9 ms. Memory: 578560K Free: 230227K (40%)
----------------- Invoking toplevel() on ptolemy.moml.MoMLSimpleApplication@1f6438ce
----------------- Done invoking toplevel() on ptolemy.moml.MoMLSimpleApplication@1f6438ce
reloadAllAccessors: .ErrorTransition1

===========================================================================================
----------------- testing Sun Aug 05 01:53:33 UTC 2018 /home/travis/build/icyphy/ptII/ptolemy/domains/modal/test/auto/ErrorTransition10.xml
----------------- Instantiating /home/travis/build/icyphy/ptII/ptolemy/domains/modal/test/auto/ErrorTransition10.xml
11 ms. Memory: 578560K Free: 213107K (37%)
----------------- Invoking toplevel() on ptolemy.moml.MoMLSimpleApplication@3c9b462c
----------------- Done invoking toplevel() on ptolemy.moml.MoMLSimpleApplication@3c9b462c
reloadAllAccessors: .ErrorTransition10

===========================================================================================
----------------- testing Sun Aug 05 01:53:33 UTC 2018 /home/travis/build/icyphy/ptII/ptolemy/domains/modal/test/auto/ErrorTransition11.xml
----------------- Instantiating /home/travis/build/icyphy/ptII/ptolemy/domains/modal/test/auto/ErrorTransition11.xml
5 ms. Memory: 578560K Free: 198422K (34%)
----------------- Invoking toplevel() on ptolemy.moml.MoMLSimpleApplication@1f733b63
----------------- Done invoking toplevel() on ptolemy.moml.MoMLSimpleApplication@1f733b63
reloadAllAccessors: .ErrorTransition11

===========================================================================================
----------------- testing Sun Aug 05 01:53:33 UTC 2018 /home/travis/build/icyphy/ptII/ptolemy/domains/modal/test/auto/ErrorTransition2.xml
----------------- Instantiating /home/travis/build/icyphy/ptII/ptolemy/domains/modal/test/auto/ErrorTransition2.xml
6 ms. Memory: 578560K Free: 186178K (32%)
----------------- Invoking toplevel() on ptolemy.moml.MoMLSimpleApplication@4cee8a03
----------------- Done invoking toplevel() on ptolemy.moml.MoMLSimpleApplication@4cee8a03
reloadAllAccessors: .ErrorTransition2

===========================================================================================
----------------- testing Sun Aug 05 01:53:33 UTC 2018 /home/travis/build/icyphy/ptII/ptolemy/domains/modal/test/auto/ErrorTransition3.xml
----------------- Instantiating /home/travis/build/icyphy/ptII/ptolemy/domains/modal/test/auto/ErrorTransition3.xml
10 ms. Memory: 578560K Free: 170797K (30%)
----------------- Invoking toplevel() on ptolemy.moml.MoMLSimpleApplication@2b880eae
----------------- Done invoking toplevel() on ptolemy.moml.MoMLSimpleApplication@2b880eae
reloadAllAccessors: .ErrorTransition3

===========================================================================================
----------------- testing Sun Aug 05 01:53:33 UTC 2018 /home/travis/build/icyphy/ptII/ptolemy/domains/modal/test/auto/ErrorTransition4.xml
----------------- Instantiating /home/travis/build/icyphy/ptII/ptolemy/domains/modal/test/auto/ErrorTransition4.xml
7 ms. Memory: 578560K Free: 158578K (27%)
----------------- Invoking toplevel() on ptolemy.moml.MoMLSimpleApplication@70dccb90
----------------- Done invoking toplevel() on ptolemy.moml.MoMLSimpleApplication@70dccb90
reloadAllAccessors: .ErrorTransition4

===========================================================================================
----------------- testing Sun Aug 05 01:53:33 UTC 2018 /home/travis/build/icyphy/ptII/ptolemy/domains/modal/test/auto/ErrorTransition5.xml
----------------- Instantiating /home/travis/build/icyphy/ptII/ptolemy/domains/modal/test/auto/ErrorTransition5.xml
9 ms. Memory: 578560K Free: 146335K (25%)
----------------- Invoking toplevel() on ptolemy.moml.MoMLSimpleApplication@647a12db
----------------- Done invoking toplevel() on ptolemy.moml.MoMLSimpleApplication@647a12db
reloadAllAccessors: .ErrorTransition5

===========================================================================================
----------------- testing Sun Aug 05 01:53:33 UTC 2018 /home/travis/build/icyphy/ptII/ptolemy/domains/modal/test/auto/ErrorTransition6.xml
----------------- Instantiating /home/travis/build/icyphy/ptII/ptolemy/domains/modal/test/auto/ErrorTransition6.xml
8 ms. Memory: 578560K Free: 134091K (23%)
----------------- Invoking toplevel() on ptolemy.moml.MoMLSimpleApplication@50d982f
----------------- Done invoking toplevel() on ptolemy.moml.MoMLSimpleApplication@50d982f
reloadAllAccessors: .ErrorTransition6

===========================================================================================
----------------- testing Sun Aug 05 01:53:33 UTC 2018 /home/travis/build/icyphy/ptII/ptolemy/domains/modal/test/auto/ErrorTransition7.xml
----------------- Instantiating /home/travis/build/icyphy/ptII/ptolemy/domains/modal/test/auto/ErrorTransition7.xml
15 ms. Memory: 578560K Free: 113809K (20%)
----------------- Invoking toplevel() on ptolemy.moml.MoMLSimpleApplication@3c21605
----------------- Done invoking toplevel() on ptolemy.moml.MoMLSimpleApplication@3c21605
reloadAllAccessors: .ErrorTransition7

===========================================================================================
----------------- testing Sun Aug 05 01:53:33 UTC 2018 /home/travis/build/icyphy/ptII/ptolemy/domains/modal/test/auto/ErrorTransition8.xml
----------------- Instantiating /home/travis/build/icyphy/ptII/ptolemy/domains/modal/test/auto/ErrorTransition8.xml
36 ms. Memory: 578560K Free: 96681K (17%)
----------------- Invoking toplevel() on ptolemy.moml.MoMLSimpleApplication@67edec8a
----------------- Done invoking toplevel() on ptolemy.moml.MoMLSimpleApplication@67edec8a
reloadAllAccessors: .ErrorTransition8

===========================================================================================
----------------- testing Sun Aug 05 01:53:33 UTC 2018 /home/travis/build/icyphy/ptII/ptolemy/domains/modal/test/auto/ErrorTransition9.xml
----------------- Instantiating /home/travis/build/icyphy/ptII/ptolemy/domains/modal/test/auto/ErrorTransition9.xml
14 ms. Memory: 578560K Free: 80109K (14%)
----------------- Invoking toplevel() on ptolemy.moml.MoMLSimpleApplication@6cf3e002
----------------- Done invoking toplevel() on ptolemy.moml.MoMLSimpleApplication@6cf3e002
reloadAllAccessors: .ErrorTransition9

===========================================================================================
----------------- testing Sun Aug 05 01:53:33 UTC 2018 /home/travis/build/icyphy/ptII/ptolemy/domains/modal/test/auto/ExtendedFSM.xml
----------------- Instantiating /home/travis/build/icyphy/ptII/ptolemy/domains/modal/test/auto/ExtendedFSM.xml
5 ms. Memory: 578560K Free: 557583K (96%)
----------------- Invoking toplevel() on ptolemy.moml.MoMLSimpleApplication@1687e1ef
----------------- Done invoking toplevel() on ptolemy.moml.MoMLSimpleApplication@1687e1ef
reloadAllAccessors: .ExtendedFSM

===========================================================================================
----------------- testing Sun Aug 05 01:53:33 UTC 2018 /home/travis/build/icyphy/ptII/ptolemy/domains/modal/test/auto/FinalStates.xml
----------------- Instantiating /home/travis/build/icyphy/ptII/ptolemy/domains/modal/test/auto/FinalStates.xml
7 ms. Memory: 578560K Free: 545586K (94%)
----------------- Invoking toplevel() on ptolemy.moml.MoMLSimpleApplication@6a7e1e30
----------------- Done invoking toplevel() on ptolemy.moml.MoMLSimpleApplication@6a7e1e30
reloadAllAccessors: .FinalStates

===========================================================================================
----------------- testing Sun Aug 05 01:53:33 UTC 2018 /home/travis/build/icyphy/ptII/ptolemy/domains/modal/test/auto/FixedPointFSM.xml
----------------- Instantiating /home/travis/build/icyphy/ptII/ptolemy/domains/modal/test/auto/FixedPointFSM.xml
24 ms. Memory: 578560K Free: 526000K (91%)
----------------- Invoking toplevel() on ptolemy.moml.MoMLSimpleApplication@1849f713
----------------- Done invoking toplevel() on ptolemy.moml.MoMLSimpleApplication@1849f713
reloadAllAccessors: .FixedPointFSM

===========================================================================================
----------------- testing Sun Aug 05 01:53:33 UTC 2018 /home/travis/build/icyphy/ptII/ptolemy/domains/modal/test/auto/FixedPointIterationFSMActor.xml
----------------- Instantiating /home/travis/build/icyphy/ptII/ptolemy/domains/modal/test/auto/FixedPointIterationFSMActor.xml
13 ms. Memory: 578560K Free: 510738K (88%)
----------------- Invoking toplevel() on ptolemy.moml.MoMLSimpleApplication@76181885
----------------- Done invoking toplevel() on ptolemy.moml.MoMLSimpleApplication@76181885
reloadAllAccessors: .FixedPointIterationFSMActor

===========================================================================================
----------------- testing Sun Aug 05 01:53:33 UTC 2018 /home/travis/build/icyphy/ptII/ptolemy/domains/modal/test/auto/FixedPointIterationFSMActor2.xml
----------------- Instantiating /home/travis/build/icyphy/ptII/ptolemy/domains/modal/test/auto/FixedPointIterationFSMActor2.xml
14 ms. Memory: 578560K Free: 494285K (85%)
----------------- Invoking toplevel() on ptolemy.moml.MoMLSimpleApplication@563c348c
----------------- Done invoking toplevel() on ptolemy.moml.MoMLSimpleApplication@563c348c
reloadAllAccessors: .FixedPointIterationFSMActor2

===========================================================================================
----------------- testing Sun Aug 05 01:53:33 UTC 2018 /home/travis/build/icyphy/ptII/ptolemy/domains/modal/test/auto/ForbiddenInstantanousLoop.xml
----------------- Instantiating /home/travis/build/icyphy/ptII/ptolemy/domains/modal/test/auto/ForbiddenInstantanousLoop.xml
6 ms. Memory: 578560K Free: 477987K (83%)
----------------- Invoking toplevel() on ptolemy.moml.MoMLSimpleApplication@49c2bdbe
----------------- Done invoking toplevel() on ptolemy.moml.MoMLSimpleApplication@49c2bdbe
reloadAllAccessors: .ForbiddenInstantanousLoop

===========================================================================================
----------------- testing Sun Aug 05 01:53:33 UTC 2018 /home/travis/build/icyphy/ptII/ptolemy/domains/modal/test/auto/FunctionDependencyOfFSMActorTest.xml
----------------- Instantiating /home/travis/build/icyphy/ptII/ptolemy/domains/modal/test/auto/FunctionDependencyOfFSMActorTest.xml
15 ms. Memory: 578560K Free: 465982K (81%)
----------------- Invoking toplevel() on ptolemy.moml.MoMLSimpleApplication@4dddecde
----------------- Done invoking toplevel() on ptolemy.moml.MoMLSimpleApplication@4dddecde
reloadAllAccessors: .FunctionDependencyOfFSMActorTest

===========================================================================================
----------------- testing Sun Aug 05 01:53:33 UTC 2018 /home/travis/build/icyphy/ptII/ptolemy/domains/modal/test/auto/GuardExpression.xml
----------------- Instantiating /home/travis/build/icyphy/ptII/ptolemy/domains/modal/test/auto/GuardExpression.xml
2 ms. Memory: 578560K Free: 456205K (79%)
----------------- Invoking toplevel() on ptolemy.moml.MoMLSimpleApplication@31bdcd00
----------------- Done invoking toplevel() on ptolemy.moml.MoMLSimpleApplication@31bdcd00
reloadAllAccessors: .GuardExpression

===========================================================================================
----------------- testing Sun Aug 05 01:53:33 UTC 2018 /home/travis/build/icyphy/ptII/ptolemy/domains/modal/test/auto/GuardNotEvaluated.xml
----------------- Instantiating /home/travis/build/icyphy/ptII/ptolemy/domains/modal/test/auto/GuardNotEvaluated.xml
5 ms. Memory: 578560K Free: 443164K (77%)
----------------- Invoking toplevel() on ptolemy.moml.MoMLSimpleApplication@3ff0faf9
----------------- Done invoking toplevel() on ptolemy.moml.MoMLSimpleApplication@3ff0faf9
reloadAllAccessors: .GuardNotEvaluated

===========================================================================================
----------------- testing Sun Aug 05 01:53:33 UTC 2018 /home/travis/build/icyphy/ptII/ptolemy/domains/modal/test/auto/GuardNotEvaluated2.xml
----------------- Instantiating /home/travis/build/icyphy/ptII/ptolemy/domains/modal/test/auto/GuardNotEvaluated2.xml
9 ms. Memory: 578560K Free: 427902K (74%)
----------------- Invoking toplevel() on ptolemy.moml.MoMLSimpleApplication@5b3466a4
----------------- Done invoking toplevel() on ptolemy.moml.MoMLSimpleApplication@5b3466a4
reloadAllAccessors: .GuardNotEvaluated2

===========================================================================================
----------------- testing Sun Aug 05 01:53:33 UTC 2018 /home/travis/build/icyphy/ptII/ptolemy/domains/modal/test/auto/GuardOnAbsent.xml
----------------- Instantiating /home/travis/build/icyphy/ptII/ptolemy/domains/modal/test/auto/GuardOnAbsent.xml
10 ms. Memory: 578560K Free: 418117K (72%)
----------------- Invoking toplevel() on ptolemy.moml.MoMLSimpleApplication@5f99d21a
----------------- Done invoking toplevel() on ptolemy.moml.MoMLSimpleApplication@5f99d21a
reloadAllAccessors: .GuardOnAbsent

===========================================================================================
----------------- testing Sun Aug 05 01:53:33 UTC 2018 /home/travis/build/icyphy/ptII/ptolemy/domains/modal/test/auto/HierarchicalFSMTypeInference.xml
----------------- Instantiating /home/travis/build/icyphy/ptII/ptolemy/domains/modal/test/auto/HierarchicalFSMTypeInference.xml
2 ms. Memory: 578560K Free: 401803K (69%)
----------------- Invoking toplevel() on ptolemy.moml.MoMLSimpleApplication@ce4d
----------------- Done invoking toplevel() on ptolemy.moml.MoMLSimpleApplication@ce4d
reloadAllAccessors: .HierarchicalFSMTypeInference

===========================================================================================
----------------- testing Sun Aug 05 01:53:33 UTC 2018 /home/travis/build/icyphy/ptII/ptolemy/domains/modal/test/auto/Hysteresis.xml
----------------- Instantiating /home/travis/build/icyphy/ptII/ptolemy/domains/modal/test/auto/Hysteresis.xml
20 ms. Memory: 578560K Free: 379996K (66%)
----------------- Invoking toplevel() on ptolemy.moml.MoMLSimpleApplication@5f048e0f
----------------- Done invoking toplevel() on ptolemy.moml.MoMLSimpleApplication@5f048e0f
reloadAllAccessors: .Hysteresis

===========================================================================================
----------------- testing Sun Aug 05 01:53:34 UTC 2018 /home/travis/build/icyphy/ptII/ptolemy/domains/modal/test/auto/HysteresisWithDefault.xml
----------------- Instantiating /home/travis/build/icyphy/ptII/ptolemy/domains/modal/test/auto/HysteresisWithDefault.xml
44 ms. Memory: 578560K Free: 353914K (61%)
----------------- Invoking toplevel() on ptolemy.moml.MoMLSimpleApplication@4754394e
----------------- Done invoking toplevel() on ptolemy.moml.MoMLSimpleApplication@4754394e
reloadAllAccessors: .HysteresisWithDefault

===========================================================================================
----------------- testing Sun Aug 05 01:53:34 UTC 2018 /home/travis/build/icyphy/ptII/ptolemy/domains/modal/test/auto/HysteresisWithDefault2.xml
----------------- Instantiating /home/travis/build/icyphy/ptII/ptolemy/domains/modal/test/auto/HysteresisWithDefault2.xml
50 ms. Memory: 578560K Free: 321270K (56%)
----------------- Invoking toplevel() on ptolemy.moml.MoMLSimpleApplication@166381a8
----------------- Done invoking toplevel() on ptolemy.moml.MoMLSimpleApplication@166381a8
reloadAllAccessors: .HysteresisWithDefault2

===========================================================================================
----------------- testing Sun Aug 05 01:53:34 UTC 2018 /home/travis/build/icyphy/ptII/ptolemy/domains/modal/test/auto/ImmediateNonConstructiveness.xml
----------------- Instantiating /home/travis/build/icyphy/ptII/ptolemy/domains/modal/test/auto/ImmediateNonConstructiveness.xml
3 ms. Memory: 578560K Free: 309265K (53%)
----------------- Invoking toplevel() on ptolemy.moml.MoMLSimpleApplication@41670db2
----------------- Done invoking toplevel() on ptolemy.moml.MoMLSimpleApplication@41670db2
reloadAllAccessors: .ImmediateNonConstructiveness

===========================================================================================
----------------- testing Sun Aug 05 01:53:34 UTC 2018 /home/travis/build/icyphy/ptII/ptolemy/domains/modal/test/auto/ImmediateNonConstructiveness2.xml
----------------- Instantiating /home/travis/build/icyphy/ptII/ptolemy/domains/modal/test/auto/ImmediateNonConstructiveness2.xml
2 ms. Memory: 578560K Free: 299480K (52%)
----------------- Invoking toplevel() on ptolemy.moml.MoMLSimpleApplication@244111eb
----------------- Done invoking toplevel() on ptolemy.moml.MoMLSimpleApplication@244111eb
reloadAllAccessors: .ImmediateNonConstructiveness2

===========================================================================================
----------------- testing Sun Aug 05 01:53:34 UTC 2018 /home/travis/build/icyphy/ptII/ptolemy/domains/modal/test/auto/ImmediateTransitionReset.xml
----------------- Instantiating /home/travis/build/icyphy/ptII/ptolemy/domains/modal/test/auto/ImmediateTransitionReset.xml
5 ms. Memory: 578560K Free: 280961K (49%)
----------------- Invoking toplevel() on ptolemy.moml.MoMLSimpleApplication@45905e30
----------------- Done invoking toplevel() on ptolemy.moml.MoMLSimpleApplication@45905e30
reloadAllAccessors: .ImmediateTransitionReset

===========================================================================================
----------------- testing Sun Aug 05 01:53:34 UTC 2018 /home/travis/build/icyphy/ptII/ptolemy/domains/modal/test/auto/ImmediateTransitions1.xml
----------------- Instantiating /home/travis/build/icyphy/ptII/ptolemy/domains/modal/test/auto/ImmediateTransitions1.xml
2 ms. Memory: 578560K Free: 271192K (47%)
----------------- Invoking toplevel() on ptolemy.moml.MoMLSimpleApplication@46222d9
----------------- Done invoking toplevel() on ptolemy.moml.MoMLSimpleApplication@46222d9
reloadAllAccessors: .ImmediateTransitions1

===========================================================================================
----------------- testing Sun Aug 05 01:53:34 UTC 2018 /home/travis/build/icyphy/ptII/ptolemy/domains/modal/test/auto/ImmediateTransitionsInstantaneousCommunication.xml
----------------- Instantiating /home/travis/build/icyphy/ptII/ptolemy/domains/modal/test/auto/ImmediateTransitionsInstantaneousCommunication.xml
6 ms. Memory: 578560K Free: 254887K (44%)
----------------- Invoking toplevel() on ptolemy.moml.MoMLSimpleApplication@1b9af2dd
----------------- Done invoking toplevel() on ptolemy.moml.MoMLSimpleApplication@1b9af2dd
reloadAllAccessors: .ImmediateTransitionsInstantaneousCommunication

===========================================================================================
----------------- testing Sun Aug 05 01:53:34 UTC 2018 /home/travis/build/icyphy/ptII/ptolemy/domains/modal/test/auto/InitialImmediateTransition.xml
----------------- Instantiating /home/travis/build/icyphy/ptII/ptolemy/domains/modal/test/auto/InitialImmediateTransition.xml
4 ms. Memory: 578560K Free: 242889K (42%)
----------------- Invoking toplevel() on ptolemy.moml.MoMLSimpleApplication@4991b3fc
----------------- Done invoking toplevel() on ptolemy.moml.MoMLSimpleApplication@4991b3fc
reloadAllAccessors: .InitialImmediateTransition

===========================================================================================
----------------- testing Sun Aug 05 01:53:34 UTC 2018 /home/travis/build/icyphy/ptII/ptolemy/domains/modal/test/auto/InitialOutputs.xml
----------------- Instantiating /home/travis/build/icyphy/ptII/ptolemy/domains/modal/test/auto/InitialOutputs.xml
3 ms. Memory: 578560K Free: 233120K (40%)
----------------- Invoking toplevel() on ptolemy.moml.MoMLSimpleApplication@54bf3549
----------------- Done invoking toplevel() on ptolemy.moml.MoMLSimpleApplication@54bf3549
reloadAllAccessors: .InitialOutputs

===========================================================================================
----------------- testing Sun Aug 05 01:53:34 UTC 2018 /home/travis/build/icyphy/ptII/ptolemy/domains/modal/test/auto/InitialStateTransition1.xml
----------------- Instantiating /home/travis/build/icyphy/ptII/ptolemy/domains/modal/test/auto/InitialStateTransition1.xml
2 ms. Memory: 578560K Free: 220087K (38%)
----------------- Invoking toplevel() on ptolemy.moml.MoMLSimpleApplication@6b7b6bf0
----------------- Done invoking toplevel() on ptolemy.moml.MoMLSimpleApplication@6b7b6bf0
reloadAllAccessors: .InitialStateTransition1

===========================================================================================
----------------- testing Sun Aug 05 01:53:34 UTC 2018 /home/travis/build/icyphy/ptII/ptolemy/domains/modal/test/auto/InitialStateTransition2.xml
----------------- Instantiating /home/travis/build/icyphy/ptII/ptolemy/domains/modal/test/auto/InitialStateTransition2.xml
.InitialStateTransition2.TestExceptionAttributeNonConstructive: initialize() was not invoked, but wrapup() was.  This is unusual, but not always a problem.  For example, exporting JNLP will do this.
1 ms. Memory: 578560K Free: 204825K (35%)
----------------- Invoking toplevel() on ptolemy.moml.MoMLSimpleApplication@5eade090
----------------- Done invoking toplevel() on ptolemy.moml.MoMLSimpleApplication@5eade090
reloadAllAccessors: .InitialStateTransition2

===========================================================================================
----------------- testing Sun Aug 05 01:53:34 UTC 2018 /home/travis/build/icyphy/ptII/ptolemy/domains/modal/test/auto/InitialStateTransition3.xml
----------------- Instantiating /home/travis/build/icyphy/ptII/ptolemy/domains/modal/test/auto/InitialStateTransition3.xml
3 ms. Memory: 578560K Free: 191799K (33%)
----------------- Invoking toplevel() on ptolemy.moml.MoMLSimpleApplication@550784ac
----------------- Done invoking toplevel() on ptolemy.moml.MoMLSimpleApplication@550784ac
reloadAllAccessors: .InitialStateTransition3

===========================================================================================
----------------- testing Sun Aug 05 01:53:34 UTC 2018 /home/travis/build/icyphy/ptII/ptolemy/domains/modal/test/auto/InitialStateTransition4.xml
----------------- Instantiating /home/travis/build/icyphy/ptII/ptolemy/domains/modal/test/auto/InitialStateTransition4.xml
3 ms. Memory: 578560K Free: 178765K (31%)
----------------- Invoking toplevel() on ptolemy.moml.MoMLSimpleApplication@20d9d83b
----------------- Done invoking toplevel() on ptolemy.moml.MoMLSimpleApplication@20d9d83b
[...]
----------------- Done invoking toplevel() on ptolemy.moml.MoMLSimpleApplication@777b95f
reloadAllAccessors: .TerminationTransition3

===========================================================================================
----------------- testing Sun Aug 05 01:53:36 UTC 2018 /home/travis/build/icyphy/ptII/ptolemy/domains/modal/test/auto/TerminationTransition4.xml
----------------- Instantiating /home/travis/build/icyphy/ptII/ptolemy/domains/modal/test/auto/TerminationTransition4.xml
6 ms. Memory: 872448K Free: 79760K (9%)
----------------- Invoking toplevel() on ptolemy.moml.MoMLSimpleApplication@692371cf
----------------- Done invoking toplevel() on ptolemy.moml.MoMLSimpleApplication@692371cf
reloadAllAccessors: .TerminationTransition4

===========================================================================================
----------------- testing Sun Aug 05 01:53:36 UTC 2018 /home/travis/build/icyphy/ptII/ptolemy/domains/modal/test/auto/TerminationTransition5.xml
----------------- Instantiating /home/travis/build/icyphy/ptII/ptolemy/domains/modal/test/auto/TerminationTransition5.xml
3 ms. Memory: 872448K Free: 840453K (96%)
----------------- Invoking toplevel() on ptolemy.moml.MoMLSimpleApplication@3728de0d
----------------- Done invoking toplevel() on ptolemy.moml.MoMLSimpleApplication@3728de0d
reloadAllAccessors: .TerminationTransition5

===========================================================================================
----------------- testing Sun Aug 05 01:53:36 UTC 2018 /home/travis/build/icyphy/ptII/ptolemy/domains/modal/test/auto/TerminationTransition6.xml
----------------- Instantiating /home/travis/build/icyphy/ptII/ptolemy/domains/modal/test/auto/TerminationTransition6.xml
1 ms. Memory: 872448K Free: 822931K (94%)
----------------- Invoking toplevel() on ptolemy.moml.MoMLSimpleApplication@2aeccf01
----------------- Done invoking toplevel() on ptolemy.moml.MoMLSimpleApplication@2aeccf01
reloadAllAccessors: .TerminationTransition6

===========================================================================================
----------------- testing Sun Aug 05 01:53:36 UTC 2018 /home/travis/build/icyphy/ptII/ptolemy/domains/modal/test/auto/TerminationTransition7.xml
----------------- Instantiating /home/travis/build/icyphy/ptII/ptolemy/domains/modal/test/auto/TerminationTransition7.xml
4 ms. Memory: 872448K Free: 807172K (93%)
----------------- Invoking toplevel() on ptolemy.moml.MoMLSimpleApplication@1578a912
----------------- Done invoking toplevel() on ptolemy.moml.MoMLSimpleApplication@1578a912
reloadAllAccessors: .TerminationTransition7

===========================================================================================
----------------- testing Sun Aug 05 01:53:36 UTC 2018 /home/travis/build/icyphy/ptII/ptolemy/domains/modal/test/auto/TerminationTransition8.xml
----------------- Instantiating /home/travis/build/icyphy/ptII/ptolemy/domains/modal/test/auto/TerminationTransition8.xml
2 ms. Memory: 872448K Free: 789641K (91%)
----------------- Invoking toplevel() on ptolemy.moml.MoMLSimpleApplication@1387076e
----------------- Done invoking toplevel() on ptolemy.moml.MoMLSimpleApplication@1387076e
reloadAllAccessors: .TerminationTransition8

===========================================================================================
----------------- testing Sun Aug 05 01:53:36 UTC 2018 /home/travis/build/icyphy/ptII/ptolemy/domains/modal/test/auto/Thermostat_NoHysteresis.xml
----------------- Instantiating /home/travis/build/icyphy/ptII/ptolemy/domains/modal/test/auto/Thermostat_NoHysteresis.xml
35 ms. Memory: 872448K Free: 758344K (87%)
----------------- Invoking toplevel() on ptolemy.moml.MoMLSimpleApplication@64d415fa
----------------- Done invoking toplevel() on ptolemy.moml.MoMLSimpleApplication@64d415fa
reloadAllAccessors: .Thermostat_NoHysteresis

===========================================================================================
----------------- testing Sun Aug 05 01:53:36 UTC 2018 /home/travis/build/icyphy/ptII/ptolemy/domains/modal/test/auto/TimedFSM.xml
----------------- Instantiating /home/travis/build/icyphy/ptII/ptolemy/domains/modal/test/auto/TimedFSM.xml
8 ms. Memory: 872448K Free: 740830K (85%)
----------------- Invoking toplevel() on ptolemy.moml.MoMLSimpleApplication@3a13ec14
----------------- Done invoking toplevel() on ptolemy.moml.MoMLSimpleApplication@3a13ec14
reloadAllAccessors: .TimedFSM

===========================================================================================
----------------- testing Sun Aug 05 01:53:36 UTC 2018 /home/travis/build/icyphy/ptII/ptolemy/domains/modal/test/auto/Timeout1.xml
----------------- Instantiating /home/travis/build/icyphy/ptII/ptolemy/domains/modal/test/auto/Timeout1.xml
3 ms. Memory: 872448K Free: 730405K (84%)
----------------- Invoking toplevel() on ptolemy.moml.MoMLSimpleApplication@7e2a87d8
----------------- Done invoking toplevel() on ptolemy.moml.MoMLSimpleApplication@7e2a87d8
reloadAllAccessors: .Timeout1

===========================================================================================
----------------- testing Sun Aug 05 01:53:36 UTC 2018 /home/travis/build/icyphy/ptII/ptolemy/domains/modal/test/auto/Timeout2.xml
----------------- Instantiating /home/travis/build/icyphy/ptII/ptolemy/domains/modal/test/auto/Timeout2.xml
6 ms. Memory: 872448K Free: 712875K (82%)
----------------- Invoking toplevel() on ptolemy.moml.MoMLSimpleApplication@198bb2ed
----------------- Done invoking toplevel() on ptolemy.moml.MoMLSimpleApplication@198bb2ed
reloadAllAccessors: .Timeout2

===========================================================================================
----------------- testing Sun Aug 05 01:53:36 UTC 2018 /home/travis/build/icyphy/ptII/ptolemy/domains/modal/test/auto/Timeout3.xml
----------------- Instantiating /home/travis/build/icyphy/ptII/ptolemy/domains/modal/test/auto/Timeout3.xml
3 ms. Memory: 872448K Free: 702451K (81%)
----------------- Invoking toplevel() on ptolemy.moml.MoMLSimpleApplication@29d68284
----------------- Done invoking toplevel() on ptolemy.moml.MoMLSimpleApplication@29d68284
reloadAllAccessors: .Timeout3

===========================================================================================
----------------- testing Sun Aug 05 01:53:36 UTC 2018 /home/travis/build/icyphy/ptII/ptolemy/domains/modal/test/auto/Timeout4.xml
----------------- Instantiating /home/travis/build/icyphy/ptII/ptolemy/domains/modal/test/auto/Timeout4.xml
2 ms. Memory: 872448K Free: 690148K (79%)
----------------- Invoking toplevel() on ptolemy.moml.MoMLSimpleApplication@16cccc9e
----------------- Done invoking toplevel() on ptolemy.moml.MoMLSimpleApplication@16cccc9e
reloadAllAccessors: .Timeout4

===========================================================================================
----------------- testing Sun Aug 05 01:53:36 UTC 2018 /home/travis/build/icyphy/ptII/ptolemy/domains/modal/test/auto/TransientstateModelAdvanced.xml
----------------- Instantiating /home/travis/build/icyphy/ptII/ptolemy/domains/modal/test/auto/TransientstateModelAdvanced.xml
3 ms. Memory: 872448K Free: 669283K (77%)
----------------- Invoking toplevel() on ptolemy.moml.MoMLSimpleApplication@7a1cea5
----------------- Done invoking toplevel() on ptolemy.moml.MoMLSimpleApplication@7a1cea5
reloadAllAccessors: .TransientstateModelAdvanced

===========================================================================================
----------------- testing Sun Aug 05 01:53:36 UTC 2018 /home/travis/build/icyphy/ptII/ptolemy/domains/modal/test/auto/TransientstateModelAdvanced2.xml
----------------- Instantiating /home/travis/build/icyphy/ptII/ptolemy/domains/modal/test/auto/TransientstateModelAdvanced2.xml
3 ms. Memory: 872448K Free: 646540K (74%)
----------------- Invoking toplevel() on ptolemy.moml.MoMLSimpleApplication@59aac53f
----------------- Done invoking toplevel() on ptolemy.moml.MoMLSimpleApplication@59aac53f
reloadAllAccessors: .transientstatemodelAdvanced

===========================================================================================
----------------- testing Sun Aug 05 01:53:36 UTC 2018 /home/travis/build/icyphy/ptII/ptolemy/domains/modal/test/auto/TransitionRefinements.xml
----------------- Instantiating /home/travis/build/icyphy/ptII/ptolemy/domains/modal/test/auto/TransitionRefinements.xml
10 ms. Memory: 872448K Free: 630903K (72%)
----------------- Invoking toplevel() on ptolemy.moml.MoMLSimpleApplication@7c8e817d
----------------- Done invoking toplevel() on ptolemy.moml.MoMLSimpleApplication@7c8e817d
reloadAllAccessors: .TransitionRefinements

===========================================================================================
----------------- testing Sun Aug 05 01:53:36 UTC 2018 /home/travis/build/icyphy/ptII/ptolemy/domains/modal/test/auto/TwoRefinements1.xml
----------------- Instantiating /home/travis/build/icyphy/ptII/ptolemy/domains/modal/test/auto/TwoRefinements1.xml
2 ms. Memory: 872448K Free: 613373K (70%)
----------------- Invoking toplevel() on ptolemy.moml.MoMLSimpleApplication@13faeea
----------------- Done invoking toplevel() on ptolemy.moml.MoMLSimpleApplication@13faeea
reloadAllAccessors: .TwoRefinements1

===========================================================================================
----------------- testing Sun Aug 05 01:53:36 UTC 2018 /home/travis/build/icyphy/ptII/ptolemy/domains/modal/test/auto/TwoRefinements2.xml
----------------- Instantiating /home/travis/build/icyphy/ptII/ptolemy/domains/modal/test/auto/TwoRefinements2.xml
2 ms. Memory: 872448K Free: 597736K (69%)
----------------- Invoking toplevel() on ptolemy.moml.MoMLSimpleApplication@12d99c02
----------------- Done invoking toplevel() on ptolemy.moml.MoMLSimpleApplication@12d99c02
reloadAllAccessors: .TwoRefinements2

===========================================================================================
----------------- testing Sun Aug 05 01:53:36 UTC 2018 /home/travis/build/icyphy/ptII/ptolemy/domains/modal/test/auto/WeakImmediateTransition.xml
----------------- Instantiating /home/travis/build/icyphy/ptII/ptolemy/domains/modal/test/auto/WeakImmediateTransition.xml
2 ms. Memory: 872448K Free: 582092K (67%)
----------------- Invoking toplevel() on ptolemy.moml.MoMLSimpleApplication@49aa5da2
----------------- Done invoking toplevel() on ptolemy.moml.MoMLSimpleApplication@49aa5da2
reloadAllAccessors: .WeakImmediateTransition

===========================================================================================
----------------- testing Sun Aug 05 01:53:37 UTC 2018 /home/travis/build/icyphy/ptII/ptolemy/domains/modal/test/auto/booleanSelect.xml
----------------- Instantiating /home/travis/build/icyphy/ptII/ptolemy/domains/modal/test/auto/booleanSelect.xml
33 ms. Memory: 872448K Free: 554136K (64%)
----------------- Invoking toplevel() on ptolemy.moml.MoMLSimpleApplication@4d88d1a6
----------------- Done invoking toplevel() on ptolemy.moml.MoMLSimpleApplication@4d88d1a6
reloadAllAccessors: .booleanSelect

===========================================================================================
----------------- testing Sun Aug 05 01:53:37 UTC 2018 /home/travis/build/icyphy/ptII/ptolemy/domains/modal/test/auto/modalChangingParams.xml
----------------- Instantiating /home/travis/build/icyphy/ptII/ptolemy/domains/modal/test/auto/modalChangingParams.xml
0
1
0
2
4
6
8
7
0
2
4
6
8
13
0
2
4
6
8
19
0
2
4
6
8
25
0
2
4
6
8
31
0
2
4
6
8
37
0
2
4
6
8
43
0
2
4
6
8
49
0
2
4
6
8
55
0
2
4
6
8
61
0
2
4
6
8
67
0
2
4
6
8
73
0
2
4
6
8
79
0
2
4
6
8
85
0
2
4
6
8
91
0
2
4
6
8
97
0
2
4
6
8
103
0
2
4
6
8
109
0
2
4
6
8
115
0
2
4
6
8
121
0
2
4
6
8
127
0
2
4
6
8
133
0
2
4
6
8
139
0
2
4
6
8
145
0
2
4
6
8
151
0
2
4
6
8
157
0
2
4
6
8
163
0
2
4
6
8
169
0
2
4
6
8
175
0
2
4
6
8
181
0
2
4
6
8
187
0
2
4
6
8
193
0
2
4
6
8
199
0
2
4
6
8
205
0
2
4
6
8
211
0
2
4
6
8
217
0
2
4
6
8
223
0
2
4
6
8
229
0
2
4
6
8
235
0
2
4
6
8
241
0
2
4
6
8
247
0
2
4
6
8
253
0
2
4
6
8
259
0
2
4
6
8
265
0
2
4
6
8
271
0
2
4
6
8
277
0
2
4
6
8
283
0
2
4
6
8
289
0
2
4
6
8
295
0
2
4
6
8
301
0
2
4
6
8
307
0
2
4
6
8
313
0
2
4
6
8
319
0
2
4
6
8
325
0
2
4
6
8
331
0
2
4
6
8
337
0
2
4
6
8
343
0
2
4
6
8
349
0
2
4
6
8
355
0
2
4
6
8
361
0
2
4
6
8
367
0
2
4
6
8
373
0
2
4
6
8
379
0
2
4
6
8
385
0
2
4
6
8
391
0
2
4
6
8
397
0
2
4
6
8
403
0
2
4
6
8
409
0
2
4
6
8
415
0
2
4
6
8
421
0
2
4
6
8
427
0
2
4
6
8
433
0
2
4
6
8
439
0
2
4
6
8
445
0
2
4
6
8
451
0
2
4
6
8
457
0
2
4
6
8
463
0
2
4
6
8
469
0
2
4
6
8
475
0
2
4
6
8
481
0
2
4
6
8
487
0
2
4
6
8
493
0
2
4
6
8
499
0
2
4
6
8
505
0
2
4
6
8
511
0
2
4
6
8
517
0
2
4
6
8
523
0
2
4
6
8
529
0
2
4
6
8
535
0
2
4
6
8
541
0
2
4
6
8
547
0
2
4
6
8
553
0
2
4
6
8
559
0
2
4
6
8
565
0
2
4
6
8
571
0
2
4
6
8
577
0
2
4
6
8
583
0
2
4
6
8
589
0
2
4
6
8
595
0
2
4
6
8
601
0
2
4
6
8
607
0
2
4
6
8
613
0
2
4
6
8
619
0
2
4
6
8
625
0
2
4
6
8
631
0
2
4
6
8
637
0
2
4
6
8
643
0
2
4
6
8
649
0
2
4
6
8
655
0
2
4
6
8
661
0
2
4
6
8
667
0
2
4
6
8
673
0
2
4
6
8
679
0
2
4
6
8
685
0
2
4
6
8
691
0
2
4
6
8
697
0
2
4
6
8
703
0
2
4
6
8
709
0
2
4
6
8
715
0
2
4
6
8
721
0
2
4
6
8
727
0
2
4
6
8
733
0
2
4
6
8
739
0
2
4
6
8
745
0
2
4
6
8
751
0
2
4
6
8
757
0
2
4
6
8
763
0
2
4
6
8
769
0
2
4
6
8
775
0
2
4
6
8
781
0
2
4
6
8
787
0
2
4
6
8
793
0
2
4
6
8
799
0
2
4
6
8
805
0
2
4
6
8
811
0
2
4
6
8
817
0
2
4
6
8
823
0
2
4
6
8
829
0
2
4
6
8
835
0
2
4
6
8
841
0
2
4
6
8
847
0
2
4
6
8
853
0
2
4
6
8
859
0
2
4
6
8
865
0
2
4
6
8
871
0
2
4
6
8
877
0
2
4
6
8
883
0
2
4
6
8
889
0
2
4
6
8
895
0
2
4
6
8
901
0
2
4
6
8
907
0
2
4
6
8
913
0
2
4
6
8
919
0
2
4
6
8
925
0
2
4
6
8
931
0
2
4
6
8
937
0
2
4
6
8
943
0
2
4
6
8
949
0
2
4
6
8
955
0
2
4
6
8
961
0
2
4
6
8
967
0
2
4
6
8
973
0
2
4
6
8
979
0
2
4
6
8
985
0
2
4
6
8
991
0
2
4
6
8
997
0
2
272 ms. Memory: 872448K Free: 439284K (50%)
----------------- Invoking toplevel() on ptolemy.moml.MoMLSimpleApplication@4d631941
----------------- Done invoking toplevel() on ptolemy.moml.MoMLSimpleApplication@4d631941
reloadAllAccessors: .modalChangingParams

===========================================================================================
----------------- testing Sun Aug 05 01:53:37 UTC 2018 /home/travis/build/icyphy/ptII/ptolemy/domains/modal/test/auto/modalModel.xml
----------------- Instantiating /home/travis/build/icyphy/ptII/ptolemy/domains/modal/test/auto/modalModel.xml
6 ms. Memory: 872448K Free: 421754K (48%)
----------------- Invoking toplevel() on ptolemy.moml.MoMLSimpleApplication@4115f1e2
----------------- Done invoking toplevel() on ptolemy.moml.MoMLSimpleApplication@4115f1e2
reloadAllAccessors: .modalModel

===========================================================================================
----------------- testing Sun Aug 05 01:53:37 UTC 2018 /home/travis/build/icyphy/ptII/ptolemy/domains/modal/test/auto/modalModel2.xml
----------------- Instantiating /home/travis/build/icyphy/ptII/ptolemy/domains/modal/test/auto/modalModel2.xml
7 ms. Memory: 872448K Free: 406101K (47%)
----------------- Invoking toplevel() on ptolemy.moml.MoMLSimpleApplication@76c0c66d
----------------- Done invoking toplevel() on ptolemy.moml.MoMLSimpleApplication@76c0c66d
reloadAllAccessors: .modalModel2

===========================================================================================
----------------- testing Sun Aug 05 01:53:37 UTC 2018 /home/travis/build/icyphy/ptII/ptolemy/domains/modal/test/auto/modalModel3.xml
----------------- Instantiating /home/travis/build/icyphy/ptII/ptolemy/domains/modal/test/auto/modalModel3.xml
0	0	0
3	2	1
6	4	2
9	6	3
4	0	4
7	2	5
10	4	6
13	6	7
8	0	8
11	2	9
14	4	10
17	6	11
12	0	12
15	2	13
18	4	14
12 ms. Memory: 872448K Free: 383358K (44%)
----------------- Invoking toplevel() on ptolemy.moml.MoMLSimpleApplication@73eea335
----------------- Done invoking toplevel() on ptolemy.moml.MoMLSimpleApplication@73eea335
reloadAllAccessors: .modalModel3

===========================================================================================
----------------- testing Sun Aug 05 01:53:37 UTC 2018 /home/travis/build/icyphy/ptII/ptolemy/domains/modal/test/auto/model1.xml
----------------- Instantiating /home/travis/build/icyphy/ptII/ptolemy/domains/modal/test/auto/model1.xml
10 ms. Memory: 872448K Free: 372934K (43%)
----------------- Invoking toplevel() on ptolemy.moml.MoMLSimpleApplication@29826d8b
----------------- Done invoking toplevel() on ptolemy.moml.MoMLSimpleApplication@29826d8b
reloadAllAccessors: .model1

===========================================================================================
----------------- testing Sun Aug 05 01:53:37 UTC 2018 /home/travis/build/icyphy/ptII/ptolemy/domains/modal/test/auto/test-direct-in-out.xml
----------------- Instantiating /home/travis/build/icyphy/ptII/ptolemy/domains/modal/test/auto/test-direct-in-out.xml
4 ms. Memory: 872448K Free: 355419K (41%)
----------------- Invoking toplevel() on ptolemy.moml.MoMLSimpleApplication@49b8c3d
----------------- Done invoking toplevel() on ptolemy.moml.MoMLSimpleApplication@49b8c3d
reloadAllAccessors: .test-direct-in-out
AutoTests.java: About to close Vertx.
AutoTests.java: Vertx closed.
]]></system-out>
  <system-err><![CDATA[java.lang.RuntimeException: Execution failed
	at ptolemy.moml.MoMLSimpleApplication$UnloadThread.run(MoMLSimpleApplication.java:402)
Caused by: ptolemy.kernel.util.IllegalActionException: Unknown inputs remain. Possible causality loop:
L_model_1893289564i

  in .CannotAnalysisWithPreemption.model_1893289564_region_1 and .CannotAnalysisWithPreemption.model_1893289564_region_1.L_model_1893289564i
	at ptolemy.actor.sched.FixedPointDirector.postfire(FixedPointDirector.java:515)
	at ptolemy.domains.sr.kernel.SRDirector.postfire(SRDirector.java:417)
	at ptolemy.actor.CompositeActor.postfire(CompositeActor.java:1668)
	at ptolemy.actor.Manager.iterate(Manager.java:852)
	at ptolemy.actor.Manager.execute(Manager.java:369)
	at ptolemy.actor.Manager.run(Manager.java:1263)
	at ptolemy.actor.Manager$PtolemyRunThread.run(Manager.java:1915)
java.lang.reflect.InvocationTargetException
	at sun.reflect.NativeConstructorAccessorImpl.newInstance0(Native Method)
	at sun.reflect.NativeConstructorAccessorImpl.newInstance(NativeConstructorAccessorImpl.java:62)
	at sun.reflect.DelegatingConstructorAccessorImpl.newInstance(DelegatingConstructorAccessorImpl.java:45)
	at java.lang.reflect.Constructor.newInstance(Constructor.java:423)
	at ptolemy.util.test.junit.AutoKnownFailedTests.RunModel(AutoKnownFailedTests.java:107)
	at sun.reflect.NativeMethodAccessorImpl.invoke0(Native Method)
	at sun.reflect.NativeMethodAccessorImpl.invoke(NativeMethodAccessorImpl.java:62)
	at sun.reflect.DelegatingMethodAccessorImpl.invoke(DelegatingMethodAccessorImpl.java:43)
	at java.lang.reflect.Method.invoke(Method.java:498)
	at org.junit.runners.model.FrameworkMethod$1.runReflectiveCall(FrameworkMethod.java:44)
	at org.junit.internal.runners.model.ReflectiveCallable.run(ReflectiveCallable.java:15)
	at org.junit.runners.model.FrameworkMethod.invokeExplosively(FrameworkMethod.java:41)
	at junitparams.internal.InvokeParameterisedMethod.evaluate(InvokeParameterisedMethod.java:102)
	at org.junit.internal.runners.statements.FailOnTimeout$1.run(FailOnTimeout.java:28)
Caused by: ptolemy.kernel.util.IllegalActionException: Unknown inputs remain. Possible causality loop:
L_model_1893289564i

  in .CannotAnalysisWithPreemption.model_1893289564_region_1 and .CannotAnalysisWithPreemption.model_1893289564_region_1.L_model_1893289564i
	at ptolemy.actor.sched.FixedPointDirector.postfire(FixedPointDirector.java:515)
	at ptolemy.domains.sr.kernel.SRDirector.postfire(SRDirector.java:417)
	at ptolemy.actor.CompositeActor.postfire(CompositeActor.java:1668)
	at ptolemy.actor.Manager.iterate(Manager.java:852)
	at ptolemy.actor.Manager.execute(Manager.java:369)
	at ptolemy.actor.Manager.run(Manager.java:1263)
	at ptolemy.actor.Manager$PtolemyRunThread.run(Manager.java:1915)
]]></system-err>
</testsuite>
