<?xml version="1.0" encoding="UTF-8" ?>
<testsuite errors="0" failures="0" hostname="travis-job-5075c23e-97f0-41ba-bf59-0bff4afc6741" name="ptolemy.domains.de.test.junit.JUnitTclTest" skipped="0" tests="101" time="132.124" timestamp="2019-10-03T05:47:11">
  <properties>
[...]
</properties>
  <testcase classname="ptolemy.util.test.junit.TclTests" name="[0] /home/travis/build/icyphy/ptII/ptolemy/domains/de/test/DependencyLoop.tcl (RunTclFile)" time="0.906" />
  <testcase classname="ptolemy.util.test.junit.TclTests" name="[1] /home/travis/build/icyphy/ptII/ptolemy/domains/de/test/RunDETestsAsQSS.tcl (RunTclFile)" time="89.579" />
  <testcase classname="ptolemy.util.test.junit.AutoKnownFailedTests" name="[0] /home/travis/build/icyphy/ptII/ptolemy/domains/de/test/auto/knownFailedTests/DESDFClockTest.xml (RunModel)" time="2.038" />
  <testcase classname="ptolemy.util.test.junit.AutoKnownFailedTests" name="[1] /home/travis/build/icyphy/ptII/ptolemy/domains/de/test/auto/knownFailedTests/DirectFeedback.xml (RunModel)" time="0.012" />
  <testcase classname="ptolemy.util.test.junit.AutoKnownFailedTests" name="[2] /home/travis/build/icyphy/ptII/ptolemy/domains/de/test/auto/knownFailedTests/FSMSource.xml (RunModel)" time="0.036" />
  <testcase classname="ptolemy.util.test.junit.AutoKnownFailedTests" name="[3] /home/travis/build/icyphy/ptII/ptolemy/domains/de/test/auto/knownFailedTests/HierarchicalModel.xml (RunModel)" time="0.05" />
  <testcase classname="ptolemy.util.test.junit.AutoKnownFailedTests" name="[4] /home/travis/build/icyphy/ptII/ptolemy/domains/de/test/auto/knownFailedTests/dependencyLoop.xml (RunModel)" time="0.061" />
  <testcase classname="ptolemy.util.test.junit.AutoKnownFailedTests" name="[5] /home/travis/build/icyphy/ptII/ptolemy/domains/de/test/auto/knownFailedTests/dependencyLoop2.xml (RunModel)" time="0.045" />
  <testcase classname="ptolemy.util.test.junit.AutoNameArchTests" name="[0] ThereAreNoAutoArchTests (RunModel)" time="0.005" />
  <testcase classname="ptolemy.util.test.junit.AutoTests" name="[0] /home/travis/build/icyphy/ptII/ptolemy/domains/de/test/auto/ActorDepthCalculation_actorWithoutPorts.xml (RunModel)" time="0.016" />
  <testcase classname="ptolemy.util.test.junit.AutoTests" name="[1] /home/travis/build/icyphy/ptII/ptolemy/domains/de/test/auto/AssemblyLine.xml (RunModel)" time="0.029" />
  <testcase classname="ptolemy.util.test.junit.AutoTests" name="[2] /home/travis/build/icyphy/ptII/ptolemy/domains/de/test/auto/CQBug1.xml (RunModel)" time="0.013" />
  <testcase classname="ptolemy.util.test.junit.AutoTests" name="[3] /home/travis/build/icyphy/ptII/ptolemy/domains/de/test/auto/CancelFireAt.xml (RunModel)" time="0.009" />
  <testcase classname="ptolemy.util.test.junit.AutoTests" name="[4] /home/travis/build/icyphy/ptII/ptolemy/domains/de/test/auto/CausalityAndComposabilityAnalysis.xml (RunModel)" time="0.024" />
  <testcase classname="ptolemy.util.test.junit.AutoTests" name="[5] /home/travis/build/icyphy/ptII/ptolemy/domains/de/test/auto/CausalityInterface1.xml (RunModel)" time="0.035" />
  <testcase classname="ptolemy.util.test.junit.AutoTests" name="[6] /home/travis/build/icyphy/ptII/ptolemy/domains/de/test/auto/CausalityInterface15.xml (RunModel)" time="0.023" />
  <testcase classname="ptolemy.util.test.junit.AutoTests" name="[7] /home/travis/build/icyphy/ptII/ptolemy/domains/de/test/auto/CausalityInterface2.xml (RunModel)" time="0.018" />
  <testcase classname="ptolemy.util.test.junit.AutoTests" name="[8] /home/travis/build/icyphy/ptII/ptolemy/domains/de/test/auto/CausalityInterface3.xml (RunModel)" time="0.023" />
  <testcase classname="ptolemy.util.test.junit.AutoTests" name="[9] /home/travis/build/icyphy/ptII/ptolemy/domains/de/test/auto/ClockDrift.xml (RunModel)" time="0.043" />
  <testcase classname="ptolemy.util.test.junit.AutoTests" name="[10] /home/travis/build/icyphy/ptII/ptolemy/domains/de/test/auto/ClockDriftAndValueChange.xml (RunModel)" time="0.045" />
  <testcase classname="ptolemy.util.test.junit.AutoTests" name="[11] /home/travis/build/icyphy/ptII/ptolemy/domains/de/test/auto/ClockDriftChange.xml (RunModel)" time="0.043" />
  <testcase classname="ptolemy.util.test.junit.AutoTests" name="[12] /home/travis/build/icyphy/ptII/ptolemy/domains/de/test/auto/ComposableCausalityAnalysis.xml (RunModel)" time="0.016" />
  <testcase classname="ptolemy.util.test.junit.AutoTests" name="[13] /home/travis/build/icyphy/ptII/ptolemy/domains/de/test/auto/DEFixedPointLimitation.xml (RunModel)" time="0.01" />
  <testcase classname="ptolemy.util.test.junit.AutoTests" name="[14] /home/travis/build/icyphy/ptII/ptolemy/domains/de/test/auto/DEScheduleTest.xml (RunModel)" time="0.017" />
  <testcase classname="ptolemy.util.test.junit.AutoTests" name="[15] /home/travis/build/icyphy/ptII/ptolemy/domains/de/test/auto/DEinDEwithStartTimes.xml (RunModel)" time="0.023" />
  <testcase classname="ptolemy.util.test.junit.AutoTests" name="[16] /home/travis/build/icyphy/ptII/ptolemy/domains/de/test/auto/DEinDEwithStartTimes2.xml (RunModel)" time="0.024" />
  <testcase classname="ptolemy.util.test.junit.AutoTests" name="[17] /home/travis/build/icyphy/ptII/ptolemy/domains/de/test/auto/DateDemo.xml (RunModel)" time="0.029" />
  <testcase classname="ptolemy.util.test.junit.AutoTests" name="[18] /home/travis/build/icyphy/ptII/ptolemy/domains/de/test/auto/DateToEvent.xml (RunModel)" time="2.043" />
  <testcase classname="ptolemy.util.test.junit.AutoTests" name="[19] /home/travis/build/icyphy/ptII/ptolemy/domains/de/test/auto/DepthTest1.xml (RunModel)" time="0.013" />
  <testcase classname="ptolemy.util.test.junit.AutoTests" name="[20] /home/travis/build/icyphy/ptII/ptolemy/domains/de/test/auto/DepthTest2.xml (RunModel)" time="0.024" />
  <testcase classname="ptolemy.util.test.junit.AutoTests" name="[21] /home/travis/build/icyphy/ptII/ptolemy/domains/de/test/auto/DepthTest3.xml (RunModel)" time="0.012" />
  <testcase classname="ptolemy.util.test.junit.AutoTests" name="[22] /home/travis/build/icyphy/ptII/ptolemy/domains/de/test/auto/DepthTest4.xml (RunModel)" time="0.036" />
  <testcase classname="ptolemy.util.test.junit.AutoTests" name="[23] /home/travis/build/icyphy/ptII/ptolemy/domains/de/test/auto/DepthTest5.xml (RunModel)" time="0.018" />
  <testcase classname="ptolemy.util.test.junit.AutoTests" name="[24] /home/travis/build/icyphy/ptII/ptolemy/domains/de/test/auto/DepthTest6.xml (RunModel)" time="0.014" />
  <testcase classname="ptolemy.util.test.junit.AutoTests" name="[25] /home/travis/build/icyphy/ptII/ptolemy/domains/de/test/auto/DepthTest7.xml (RunModel)" time="0.013" />
  <testcase classname="ptolemy.util.test.junit.AutoTests" name="[26] /home/travis/build/icyphy/ptII/ptolemy/domains/de/test/auto/EventToDate.xml (RunModel)" time="3.063" />
  <testcase classname="ptolemy.util.test.junit.AutoTests" name="[27] /home/travis/build/icyphy/ptII/ptolemy/domains/de/test/auto/FSM1.xml (RunModel)" time="0.055" />
  <testcase classname="ptolemy.util.test.junit.AutoTests" name="[28] /home/travis/build/icyphy/ptII/ptolemy/domains/de/test/auto/FSM7.xml (RunModel)" time="0.051" />
  <testcase classname="ptolemy.util.test.junit.AutoTests" name="[29] /home/travis/build/icyphy/ptII/ptolemy/domains/de/test/auto/Inspection.xml (RunModel)" time="0.05" />
  <testcase classname="ptolemy.util.test.junit.AutoTests" name="[30] /home/travis/build/icyphy/ptII/ptolemy/domains/de/test/auto/Iteration.xml (RunModel)" time="0.028" />
  <testcase classname="ptolemy.util.test.junit.AutoTests" name="[31] /home/travis/build/icyphy/ptII/ptolemy/domains/de/test/auto/LineFault.xml (RunModel)" time="0.66" />
  <testcase classname="ptolemy.util.test.junit.AutoTests" name="[32] /home/travis/build/icyphy/ptII/ptolemy/domains/de/test/auto/MergeModel1Add.xml (RunModel)" time="0.057" />
  <testcase classname="ptolemy.util.test.junit.AutoTests" name="[33] /home/travis/build/icyphy/ptII/ptolemy/domains/de/test/auto/MergeModel2Add.xml (RunModel)" time="0.034" />
  <testcase classname="ptolemy.util.test.junit.AutoTests" name="[34] /home/travis/build/icyphy/ptII/ptolemy/domains/de/test/auto/MergeModel3Add.xml (RunModel)" time="0.053" />
  <testcase classname="ptolemy.util.test.junit.AutoTests" name="[35] /home/travis/build/icyphy/ptII/ptolemy/domains/de/test/auto/MergeWithoutDiscard.xml (RunModel)" time="0.019" />
  <testcase classname="ptolemy.util.test.junit.AutoTests" name="[36] /home/travis/build/icyphy/ptII/ptolemy/domains/de/test/auto/Modal1.xml (RunModel)" time="0.031" />
  <testcase classname="ptolemy.util.test.junit.AutoTests" name="[37] /home/travis/build/icyphy/ptII/ptolemy/domains/de/test/auto/Modal2.xml (RunModel)" time="0.039" />
  <testcase classname="ptolemy.util.test.junit.AutoTests" name="[38] /home/travis/build/icyphy/ptII/ptolemy/domains/de/test/auto/Modal3.xml (RunModel)" time="0.024" />
  <testcase classname="ptolemy.util.test.junit.AutoTests" name="[39] /home/travis/build/icyphy/ptII/ptolemy/domains/de/test/auto/Modal4.xml (RunModel)" time="0.044" />
  <testcase classname="ptolemy.util.test.junit.AutoTests" name="[40] /home/travis/build/icyphy/ptII/ptolemy/domains/de/test/auto/Modal5.xml (RunModel)" time="0.033" />
  <testcase classname="ptolemy.util.test.junit.AutoTests" name="[41] /home/travis/build/icyphy/ptII/ptolemy/domains/de/test/auto/Modal6.xml (RunModel)" time="0.029" />
  <testcase classname="ptolemy.util.test.junit.AutoTests" name="[42] /home/travis/build/icyphy/ptII/ptolemy/domains/de/test/auto/Modal7.xml (RunModel)" time="0.034" />
  <testcase classname="ptolemy.util.test.junit.AutoTests" name="[43] /home/travis/build/icyphy/ptII/ptolemy/domains/de/test/auto/ModalModel.xml (RunModel)" time="0.171" />
  <testcase classname="ptolemy.util.test.junit.AutoTests" name="[44] /home/travis/build/icyphy/ptII/ptolemy/domains/de/test/auto/ModalSource.xml (RunModel)" time="0.022" />
  <testcase classname="ptolemy.util.test.junit.AutoTests" name="[45] /home/travis/build/icyphy/ptII/ptolemy/domains/de/test/auto/NonInterruptibleTimerZeroDelay.xml (RunModel)" time="0.008" />
  <testcase classname="ptolemy.util.test.junit.AutoTests" name="[46] /home/travis/build/icyphy/ptII/ptolemy/domains/de/test/auto/OpenQueueingNetwork.xml (RunModel)" time="2.28" />
  <testcase classname="ptolemy.util.test.junit.AutoTests" name="[47] /home/travis/build/icyphy/ptII/ptolemy/domains/de/test/auto/OpenQueuingNetwork.xml (RunModel)" time="0.41" />
  <testcase classname="ptolemy.util.test.junit.AutoTests" name="[48] /home/travis/build/icyphy/ptII/ptolemy/domains/de/test/auto/PeriodicSampler.xml (RunModel)" time="0.041" />
  <testcase classname="ptolemy.util.test.junit.AutoTests" name="[49] /home/travis/build/icyphy/ptII/ptolemy/domains/de/test/auto/PersistentIO.xml (RunModel)" time="0.025" />
  <testcase classname="ptolemy.util.test.junit.AutoTests" name="[50] /home/travis/build/icyphy/ptII/ptolemy/domains/de/test/auto/PortParameterResetOnInitialize.xml (RunModel)" time="0.01" />
  <testcase classname="ptolemy.util.test.junit.AutoTests" name="[51] /home/travis/build/icyphy/ptII/ptolemy/domains/de/test/auto/PortParameterUpdates.xml (RunModel)" time="0.015" />
  <testcase classname="ptolemy.util.test.junit.AutoTests" name="[52] /home/travis/build/icyphy/ptII/ptolemy/domains/de/test/auto/QueueAndServer.xml (RunModel)" time="0.02" />
  <testcase classname="ptolemy.util.test.junit.AutoTests" name="[53] /home/travis/build/icyphy/ptII/ptolemy/domains/de/test/auto/Records.xml (RunModel)" time="0.02" />
  <testcase classname="ptolemy.util.test.junit.AutoTests" name="[54] /home/travis/build/icyphy/ptII/ptolemy/domains/de/test/auto/ResetTransitionWithStartTime1.xml (RunModel)" time="0.016" />
  <testcase classname="ptolemy.util.test.junit.AutoTests" name="[55] /home/travis/build/icyphy/ptII/ptolemy/domains/de/test/auto/ResetTransitionWithStartTime2.xml (RunModel)" time="0.02" />
  <testcase classname="ptolemy.util.test.junit.AutoTests" name="[56] /home/travis/build/icyphy/ptII/ptolemy/domains/de/test/auto/ResetTransitionWithStartTime3.xml (RunModel)" time="0.018" />
  <testcase classname="ptolemy.util.test.junit.AutoTests" name="[57] /home/travis/build/icyphy/ptII/ptolemy/domains/de/test/auto/ResetTransitionWithStartTime4.xml (RunModel)" time="0.016" />
  <testcase classname="ptolemy.util.test.junit.AutoTests" name="[58] /home/travis/build/icyphy/ptII/ptolemy/domains/de/test/auto/ResettableTimer1.xml (RunModel)" time="0.009" />
  <testcase classname="ptolemy.util.test.junit.AutoTests" name="[59] /home/travis/build/icyphy/ptII/ptolemy/domains/de/test/auto/ResettableTimer2.xml (RunModel)" time="0.009" />
  <testcase classname="ptolemy.util.test.junit.AutoTests" name="[60] /home/travis/build/icyphy/ptII/ptolemy/domains/de/test/auto/ResettableTimer3.xml (RunModel)" time="0.009" />
  <testcase classname="ptolemy.util.test.junit.AutoTests" name="[61] /home/travis/build/icyphy/ptII/ptolemy/domains/de/test/auto/ResettableTimer4.xml (RunModel)" time="0.01" />
  <testcase classname="ptolemy.util.test.junit.AutoTests" name="[62] /home/travis/build/icyphy/ptII/ptolemy/domains/de/test/auto/ResettableTimer5.xml (RunModel)" time="0.011" />
  <testcase classname="ptolemy.util.test.junit.AutoTests" name="[63] /home/travis/build/icyphy/ptII/ptolemy/domains/de/test/auto/ResettableTimer6.xml (RunModel)" time="0.017" />
  <testcase classname="ptolemy.util.test.junit.AutoTests" name="[64] /home/travis/build/icyphy/ptII/ptolemy/domains/de/test/auto/ServerZeroDelay.xml (RunModel)" time="0.009" />
  <testcase classname="ptolemy.util.test.junit.AutoTests" name="[65] /home/travis/build/icyphy/ptII/ptolemy/domains/de/test/auto/SmartSender.xml (RunModel)" time="3.01" />
  <testcase classname="ptolemy.util.test.junit.AutoTests" name="[66] /home/travis/build/icyphy/ptII/ptolemy/domains/de/test/auto/ThreadedComposite.xml (RunModel)" time="0.119" />
  <testcase classname="ptolemy.util.test.junit.AutoTests" name="[67] /home/travis/build/icyphy/ptII/ptolemy/domains/de/test/auto/Time.xml (RunModel)" time="0.458" />
  <testcase classname="ptolemy.util.test.junit.AutoTests" name="[68] /home/travis/build/icyphy/ptII/ptolemy/domains/de/test/auto/TimeDelayZeroDelay.xml (RunModel)" time="0.012" />
  <testcase classname="ptolemy.util.test.junit.AutoTests" name="[69] /home/travis/build/icyphy/ptII/ptolemy/domains/de/test/auto/TimerZeroDelay.xml (RunModel)" time="0.008" />
  <testcase classname="ptolemy.util.test.junit.AutoTests" name="[70] /home/travis/build/icyphy/ptII/ptolemy/domains/de/test/auto/TimingParadox.xml (RunModel)" time="0.363" />
  <testcase classname="ptolemy.util.test.junit.AutoTests" name="[71] /home/travis/build/icyphy/ptII/ptolemy/domains/de/test/auto/TransferInputs.xml (RunModel)" time="0.014" />
  <testcase classname="ptolemy.util.test.junit.AutoTests" name="[72] /home/travis/build/icyphy/ptII/ptolemy/domains/de/test/auto/TransferOutputs2.xml (RunModel)" time="0.013" />
  <testcase classname="ptolemy.util.test.junit.AutoTests" name="[73] /home/travis/build/icyphy/ptII/ptolemy/domains/de/test/auto/Trilateration.xml (RunModel)" time="12.385" />
  <testcase classname="ptolemy.util.test.junit.AutoTests" name="[74] /home/travis/build/icyphy/ptII/ptolemy/domains/de/test/auto/TwoSigmaDelta.xml (RunModel)" time="2.293" />
  <testcase classname="ptolemy.util.test.junit.AutoTests" name="[75] /home/travis/build/icyphy/ptII/ptolemy/domains/de/test/auto/VariableDelay.xml (RunModel)" time="0.031" />
  <testcase classname="ptolemy.util.test.junit.AutoTests" name="[76] /home/travis/build/icyphy/ptII/ptolemy/domains/de/test/auto/VariableDelay2.xml (RunModel)" time="0.007" />
  <testcase classname="ptolemy.util.test.junit.AutoTests" name="[77] /home/travis/build/icyphy/ptII/ptolemy/domains/de/test/auto/VariableDelayZeroDelay.xml (RunModel)" time="0.01" />
  <testcase classname="ptolemy.util.test.junit.AutoTests" name="[78] /home/travis/build/icyphy/ptII/ptolemy/domains/de/test/auto/VariableDelayZeroDelay2.xml (RunModel)" time="0.011" />
  <testcase classname="ptolemy.util.test.junit.AutoTests" name="[79] /home/travis/build/icyphy/ptII/ptolemy/domains/de/test/auto/deInCt.xml (RunModel)" time="0.014" />
  <testcase classname="ptolemy.util.test.junit.AutoTests" name="[80] /home/travis/build/icyphy/ptII/ptolemy/domains/de/test/auto/deInCt2.xml (RunModel)" time="0.02" />
  <testcase classname="ptolemy.util.test.junit.AutoTests" name="[81] /home/travis/build/icyphy/ptII/ptolemy/domains/de/test/auto/dynamicCausalityInterface1.xml (RunModel)" time="0.019" />
  <testcase classname="ptolemy.util.test.junit.AutoTests" name="[82] /home/travis/build/icyphy/ptII/ptolemy/domains/de/test/auto/fsm_de_test.xml (RunModel)" time="0.018" />
  <testcase classname="ptolemy.util.test.junit.AutoTests" name="[83] /home/travis/build/icyphy/ptII/ptolemy/domains/de/test/auto/functionDependencyReconstruction.xml (RunModel)" time="0.027" />
  <testcase classname="ptolemy.util.test.junit.AutoTests" name="[84] /home/travis/build/icyphy/ptII/ptolemy/domains/de/test/auto/multirate.xml (RunModel)" time="0.013" />
  <testcase classname="ptolemy.util.test.junit.AutoTests" name="[85] /home/travis/build/icyphy/ptII/ptolemy/domains/de/test/auto/multirate2.xml (RunModel)" time="0.013" />
  <testcase classname="ptolemy.util.test.junit.AutoTests" name="[86] /home/travis/build/icyphy/ptII/ptolemy/domains/de/test/auto/realtime.xml (RunModel)" time="10.009" />
  <testcase classname="ptolemy.util.test.junit.AutoTests" name="[87] /home/travis/build/icyphy/ptII/ptolemy/domains/de/test/auto/relationGroup.xml (RunModel)" time="0.009" />
  <testcase classname="ptolemy.util.test.junit.AutoTests" name="[88] /home/travis/build/icyphy/ptII/ptolemy/domains/de/test/auto/relationGroup2.xml (RunModel)" time="0.009" />
  <testcase classname="ptolemy.util.test.junit.AutoTests" name="[89] /home/travis/build/icyphy/ptII/ptolemy/domains/de/test/auto/sortWithOpaquePorts.xml (RunModel)" time="0.008" />
  <testcase classname="ptolemy.util.test.junit.AutoTests" name="[90] /home/travis/build/icyphy/ptII/ptolemy/domains/de/test/auto/transferInputsandOutputs.xml (RunModel)" time="0.013" />
  <testcase classname="ptolemy.util.test.junit.AutoTests" name="[91] /home/travis/build/icyphy/ptII/ptolemy/domains/de/test/auto/triggerType.xml (RunModel)" time="0.009" />
  <system-out><![CDATA[/home/travis/build/icyphy/ptII/ptolemy/domains/de/test/DependencyLoop.tcl
testDefs.tcl: setting time out to 9000 seconds at Thu Oct 03 05:47:11 UTC 2019
68 ms. Memory: 120832K Free: 72128K (60%)
26 ms. Memory: 120832K Free: 54714K (45%)
/home/travis/build/icyphy/ptII/ptolemy/domains/de/test/RunDETestsAsQSS.tcl
Run the DE tests using ptolemy.domains.qss.test.QSSDirectorTest, which extends QSSDirector and prints a message in the constructors.
------------------ testing $PTII/ptolemy/domains/de/test/auto/knownFailedTests/DirectFeedback.xml (Known Failure) 
68 ms. Memory: 120832K Free: 49090K (41%)


==== $PTIIhome/travis/build/icyphy/ptII/ptolemy/domains/de/test/../../../../: Auto Automatic test in file $PTII/ptolemy/domains/de/test/auto/knownFailedTests/DirectFeedback.xml
==== Contents of test case:

	    # FIXME: we should use $relativeFilename here, but it
	    # might have backslashes under Windows, which causes no end
	    # of trouble.
	    createAndExecute $file
	    list {}
	
.... Test generated KNOWN error:
    while executing
ptolemy.kernel.util.IllegalActionException: Test fails in iteration 1.
Value was: 1.0. Should have been: 2.0
  in .DirectFeedback.Test
	at ptolemy.actor.lib.Test.fire(Test.java:268)
	at ptolemy.domains.de.kernel.DEDirector._fire(DEDirector.java:1949)
	at ptolemy.domains.de.kernel.DEDirector.fire(DEDirector.java:502)
	at ptolemy.actor.CompositeActor.fire(CompositeActor.java:455)
	at ptolemy.actor.Manager.iterate(Manager.java:851)
	at ptolemy.actor.Manager.execute(Manager.java:369)
	at ptolemy.actor.Manager.run(Manager.java:1263)
	at ptolemy.actor.Manager$PtolemyRunThread.run(Manager.java:1933)

    while executing
ptolemy.kernel.util.IllegalActionException: Test fails in iteration 1.
Value was: 1.0. Should have been: 2.0
  in .DirectFeedback.Test
    while executing
"java::new ptolemy.moml.MoMLSimpleApplication $file
"
    (procedure "createAndExecute" line 2)
    invoked from within
"createAndExecute $file"
    ("uplevel" body line 5)
    invoked from within
"uplevel $contents_of_test"
------------------ testing $PTII/ptolemy/domains/de/test/auto/knownFailedTests/dependencyLoop.xml (Known Failure) 
18 ms. Memory: 120832K Free: 46018K (38%)


==== $PTIIhome/travis/build/icyphy/ptII/ptolemy/domains/de/test/../../../../: Auto Automatic test in file $PTII/ptolemy/domains/de/test/auto/knownFailedTests/dependencyLoop.xml
==== Contents of test case:

	    # FIXME: we should use $relativeFilename here, but it
	    # might have backslashes under Windows, which causes no end
	    # of trouble.
	    createAndExecute $file
	    list {}
	
.... Test generated KNOWN error:
    while executing
ptolemy.kernel.util.IllegalActionException: Found a zero delay loop containing .dependencyLoop.original
  in .dependencyLoop and .dependencyLoop.original
	at ptolemy.actor.util.CausalityInterfaceForComposites._computeOutputPortDepth(CausalityInterfaceForComposites.java:759)
	at ptolemy.actor.util.CausalityInterfaceForComposites._computeInputDepth(CausalityInterfaceForComposites.java:696)
	at ptolemy.actor.util.CausalityInterfaceForComposites._computeOutputPortDepth(CausalityInterfaceForComposites.java:765)
	at ptolemy.actor.util.CausalityInterfaceForComposites._computeInputDepth(CausalityInterfaceForComposites.java:696)
	at ptolemy.actor.util.CausalityInterfaceForComposites._computeOutputPortDepth(CausalityInterfaceForComposites.java:765)
	at ptolemy.actor.util.CausalityInterfaceForComposites._computeInputDepth(CausalityInterfaceForComposites.java:696)
	at ptolemy.actor.util.CausalityInterfaceForComposites._computeActorDepth(CausalityInterfaceForComposites.java:532)
	at ptolemy.actor.util.CausalityInterfaceForComposites.checkForCycles(CausalityInterfaceForComposites.java:96)
	at ptolemy.domains.de.kernel.DEDirector.preinitialize(DEDirector.java:1338)
	at ptolemy.actor.CompositeActor.preinitialize(CompositeActor.java:1828)
	at ptolemy.actor.Manager.preinitializeAndResolveTypes(Manager.java:1040)
	at ptolemy.actor.Manager.initialize(Manager.java:710)
	at ptolemy.actor.Manager.execute(Manager.java:356)
	at ptolemy.actor.Manager.run(Manager.java:1263)
	at ptolemy.actor.Manager$PtolemyRunThread.run(Manager.java:1933)

    while executing
ptolemy.kernel.util.IllegalActionException: Found a zero delay loop containing .dependencyLoop.original
  in .dependencyLoop and .dependencyLoop.original
    while executing
"java::new ptolemy.moml.MoMLSimpleApplication $file
"
    (procedure "createAndExecute" line 2)
    invoked from within
"createAndExecute $file"
    ("uplevel" body line 5)
    invoked from within
"uplevel $contents_of_test"
------------------ testing $PTII/ptolemy/domains/de/test/auto/knownFailedTests/FSMSource.xml (Known Failure) 
70 ms. Memory: 120832K Free: 99478K (82%)
!!!! Auto was marked as failing, but now passes
------------------ testing $PTII/ptolemy/domains/de/test/auto/knownFailedTests/HierarchicalModel.xml (Known Failure) 
6 ms. Memory: 120832K Free: 82300K (68%)


==== $PTIIhome/travis/build/icyphy/ptII/ptolemy/domains/de/test/../../../../: Auto Automatic test in file $PTII/ptolemy/domains/de/test/auto/knownFailedTests/HierarchicalModel.xml
==== Contents of test case:

	    # FIXME: we should use $relativeFilename here, but it
	    # might have backslashes under Windows, which causes no end
	    # of trouble.
	    createAndExecute $file
	    list {}
	
.... Test generated KNOWN error:
    while executing
ptolemy.kernel.util.IllegalActionException: Found a zero delay loop containing .HierarchicalModel.A
  in .HierarchicalModel and .HierarchicalModel.A
	at ptolemy.actor.util.CausalityInterfaceForComposites._computeOutputPortDepth(CausalityInterfaceForComposites.java:759)
	at ptolemy.actor.util.CausalityInterfaceForComposites._computeInputDepth(CausalityInterfaceForComposites.java:696)
	at ptolemy.actor.util.CausalityInterfaceForComposites._computeOutputPortDepth(CausalityInterfaceForComposites.java:765)
	at ptolemy.actor.util.CausalityInterfaceForComposites._computeInputDepth(CausalityInterfaceForComposites.java:696)
	at ptolemy.actor.util.CausalityInterfaceForComposites._computeOutputPortDepth(CausalityInterfaceForComposites.java:765)
	at ptolemy.actor.util.CausalityInterfaceForComposites._computeInputDepth(CausalityInterfaceForComposites.java:696)
	at ptolemy.actor.util.CausalityInterfaceForComposites._computeActorDepth(CausalityInterfaceForComposites.java:532)
	at ptolemy.actor.util.CausalityInterfaceForComposites.checkForCycles(CausalityInterfaceForComposites.java:96)
	at ptolemy.domains.de.kernel.DEDirector.preinitialize(DEDirector.java:1338)
	at ptolemy.actor.CompositeActor.preinitialize(CompositeActor.java:1828)
	at ptolemy.actor.Manager.preinitializeAndResolveTypes(Manager.java:1040)
	at ptolemy.actor.Manager.initialize(Manager.java:710)
	at ptolemy.actor.Manager.execute(Manager.java:356)
	at ptolemy.actor.Manager.run(Manager.java:1263)
	at ptolemy.actor.Manager$PtolemyRunThread.run(Manager.java:1933)

    while executing
ptolemy.kernel.util.IllegalActionException: Found a zero delay loop containing .HierarchicalModel.A
  in .HierarchicalModel and .HierarchicalModel.A
    while executing
"java::new ptolemy.moml.MoMLSimpleApplication $file
"
    (procedure "createAndExecute" line 2)
    invoked from within
"createAndExecute $file"
    ("uplevel" body line 5)
    invoked from within
"uplevel $contents_of_test"
------------------ testing $PTII/ptolemy/domains/de/test/auto/knownFailedTests/dependencyLoop2.xml (Known Failure) 
5 ms. Memory: 120832K Free: 66724K (55%)


==== $PTIIhome/travis/build/icyphy/ptII/ptolemy/domains/de/test/../../../../: Auto Automatic test in file $PTII/ptolemy/domains/de/test/auto/knownFailedTests/dependencyLoop2.xml
==== Contents of test case:

	    # FIXME: we should use $relativeFilename here, but it
	    # might have backslashes under Windows, which causes no end
	    # of trouble.
	    createAndExecute $file
	    list {}
	
.... Test generated KNOWN error:
    while executing
ptolemy.kernel.util.IllegalActionException: Found a zero delay loop containing .dependencyLoop2.original
  in .dependencyLoop2 and .dependencyLoop2.original
	at ptolemy.actor.util.CausalityInterfaceForComposites._computeOutputPortDepth(CausalityInterfaceForComposites.java:759)
	at ptolemy.actor.util.CausalityInterfaceForComposites._computeInputDepth(CausalityInterfaceForComposites.java:696)
	at ptolemy.actor.util.CausalityInterfaceForComposites._computeOutputPortDepth(CausalityInterfaceForComposites.java:765)
	at ptolemy.actor.util.CausalityInterfaceForComposites._computeInputDepth(CausalityInterfaceForComposites.java:696)
	at ptolemy.actor.util.CausalityInterfaceForComposites._computeOutputPortDepth(CausalityInterfaceForComposites.java:765)
	at ptolemy.actor.util.CausalityInterfaceForComposites._computeInputDepth(CausalityInterfaceForComposites.java:696)
	at ptolemy.actor.util.CausalityInterfaceForComposites._computeActorDepth(CausalityInterfaceForComposites.java:532)
	at ptolemy.actor.util.CausalityInterfaceForComposites.checkForCycles(CausalityInterfaceForComposites.java:96)
	at ptolemy.domains.de.kernel.DEDirector.preinitialize(DEDirector.java:1338)
	at ptolemy.actor.CompositeActor.preinitialize(CompositeActor.java:1828)
	at ptolemy.actor.Manager.preinitializeAndResolveTypes(Manager.java:1040)
	at ptolemy.actor.Manager.initialize(Manager.java:710)
	at ptolemy.actor.Manager.execute(Manager.java:356)
	at ptolemy.actor.Manager.run(Manager.java:1263)
	at ptolemy.actor.Manager$PtolemyRunThread.run(Manager.java:1933)

    while executing
ptolemy.kernel.util.IllegalActionException: Found a zero delay loop containing .dependencyLoop2.original
  in .dependencyLoop2 and .dependencyLoop2.original
    while executing
"java::new ptolemy.moml.MoMLSimpleApplication $file
"
    (procedure "createAndExecute" line 2)
    invoked from within
"createAndExecute $file"
    ("uplevel" body line 5)
    invoked from within
"uplevel $contents_of_test"
------------------ testing $PTII/ptolemy/domains/de/test/auto/knownFailedTests/DESDFClockTest.xml (Known Failure) 
2060 ms. Memory: 120832K Free: 95832K (79%)


==== $PTIIhome/travis/build/icyphy/ptII/ptolemy/domains/de/test/../../../../: Auto Automatic test in file $PTII/ptolemy/domains/de/test/auto/knownFailedTests/DESDFClockTest.xml
==== Contents of test case:

	    # FIXME: we should use $relativeFilename here, but it
	    # might have backslashes under Windows, which causes no end
	    # of trouble.
	    createAndExecute $file
	    list {}
	
.... Test generated KNOWN error:
    while executing
ptolemy.kernel.util.IllegalActionException: Actor is not ready to fire.  Perhaps UpSample.prefire() returned false? Try debugging the actor by selecting "Listen to Actor".  Also, for SDF check moml for tokenConsumptionRate on input.
  in .DESDFClockTest.Play Bell.Copy1:SDF Director and .DESDFClockTest.Play Bell.UpSample
	at ptolemy.actor.sched.StaticSchedulingDirector.fire(StaticSchedulingDirector.java:227)
	at ptolemy.domains.sdf.kernel.SDFDirector.fire(SDFDirector.java:500)
	at ptolemy.actor.CompositeActor.fire(CompositeActor.java:455)
	at ptolemy.domains.de.kernel.DEDirector._fire(DEDirector.java:1949)
	at ptolemy.domains.de.kernel.DEDirector.fire(DEDirector.java:502)
	at ptolemy.actor.CompositeActor.fire(CompositeActor.java:455)
	at ptolemy.actor.Manager.iterate(Manager.java:851)
	at ptolemy.actor.Manager.execute(Manager.java:369)
	at ptolemy.actor.Manager.run(Manager.java:1263)
	at ptolemy.actor.Manager$PtolemyRunThread.run(Manager.java:1933)

    while executing
ptolemy.kernel.util.IllegalActionException: Actor is not ready to fire.  Perhaps UpSample.prefire() returned false? Try debugging the actor by selecting "Listen to Actor".  Also, for SDF check moml for tokenConsumptionRate on input.
  in .DESDFClockTest.Play Bell.Copy1:SDF Director and .DESDFClockTest.Play Bell.UpSample
    while executing
"java::new ptolemy.moml.MoMLSimpleApplication $file
"
    (procedure "createAndExecute" line 2)
    invoked from within
"createAndExecute $file"
    ("uplevel" body line 5)
    invoked from within
"uplevel $contents_of_test"
------------------ testing $PTII/ptolemy/domains/de/test/auto/ActorDepthCalculation_actorWithoutPorts.xml
auto.tcl: Setting watchdog for 200 seconds at Thu Oct 03 05:47:14 UTC 2019
5 ms. Memory: 120832K Free: 88626K (73%)
ptolemy.util.test.WatchDog.cancel(): canceling Thu Oct 03 05:47:14 UTC 2019
auto.tcl: Setting watchdog for 200 seconds at Thu Oct 03 05:47:14 UTC 2019
4 ms. Memory: 120832K Free: 87369K (72%)
ptolemy.util.test.WatchDog.cancel(): canceling Thu Oct 03 05:47:14 UTC 2019
------------------ testing $PTII/ptolemy/domains/de/test/auto/AssemblyLine.xml
auto.tcl: Setting watchdog for 200 seconds at Thu Oct 03 05:47:15 UTC 2019
12 ms. Memory: 48128K Free: 26014K (54%)
ptolemy.util.test.WatchDog.cancel(): canceling Thu Oct 03 05:47:15 UTC 2019
auto.tcl: Setting watchdog for 200 seconds at Thu Oct 03 05:47:15 UTC 2019
10 ms. Memory: 48128K Free: 25321K (53%)
ptolemy.util.test.WatchDog.cancel(): canceling Thu Oct 03 05:47:15 UTC 2019
------------------ testing $PTII/ptolemy/domains/de/test/auto/CQBug1.xml
auto.tcl: Setting watchdog for 200 seconds at Thu Oct 03 05:47:15 UTC 2019
3 ms. Memory: 48128K Free: 31473K (65%)
ptolemy.util.test.WatchDog.cancel(): canceling Thu Oct 03 05:47:15 UTC 2019
auto.tcl: Setting watchdog for 200 seconds at Thu Oct 03 05:47:15 UTC 2019
2 ms. Memory: 48128K Free: 31040K (64%)
ptolemy.util.test.WatchDog.cancel(): canceling Thu Oct 03 05:47:15 UTC 2019
------------------ testing $PTII/ptolemy/domains/de/test/auto/CancelFireAt.xml
auto.tcl: Setting watchdog for 200 seconds at Thu Oct 03 05:47:15 UTC 2019
3 ms. Memory: 45056K Free: 29480K (65%)
ptolemy.util.test.WatchDog.cancel(): canceling Thu Oct 03 05:47:15 UTC 2019
auto.tcl: Setting watchdog for 200 seconds at Thu Oct 03 05:47:15 UTC 2019
5 ms. Memory: 45056K Free: 29075K (65%)
ptolemy.util.test.WatchDog.cancel(): canceling Thu Oct 03 05:47:15 UTC 2019
------------------ testing $PTII/ptolemy/domains/de/test/auto/CausalityAndComposabilityAnalysis.xml
auto.tcl: Setting watchdog for 200 seconds at Thu Oct 03 05:47:15 UTC 2019
9 ms. Memory: 45056K Free: 27462K (61%)
ptolemy.util.test.WatchDog.cancel(): canceling Thu Oct 03 05:47:15 UTC 2019
auto.tcl: Setting watchdog for 200 seconds at Thu Oct 03 05:47:15 UTC 2019
6 ms. Memory: 45056K Free: 27065K (60%)
ptolemy.util.test.WatchDog.cancel(): canceling Thu Oct 03 05:47:15 UTC 2019
------------------ testing $PTII/ptolemy/domains/de/test/auto/CausalityInterface1.xml
auto.tcl: Setting watchdog for 200 seconds at Thu Oct 03 05:47:15 UTC 2019
41 ms. Memory: 45056K Free: 26337K (58%)
ptolemy.util.test.WatchDog.cancel(): canceling Thu Oct 03 05:47:15 UTC 2019
auto.tcl: Setting watchdog for 200 seconds at Thu Oct 03 05:47:15 UTC 2019
4 ms. Memory: 45056K Free: 25384K (56%)
ptolemy.util.test.WatchDog.cancel(): canceling Thu Oct 03 05:47:15 UTC 2019
------------------ testing $PTII/ptolemy/domains/de/test/auto/CausalityInterface15.xml
auto.tcl: Setting watchdog for 200 seconds at Thu Oct 03 05:47:16 UTC 2019
13 ms. Memory: 45056K Free: 26082K (58%)
ptolemy.util.test.WatchDog.cancel(): canceling Thu Oct 03 05:47:16 UTC 2019
auto.tcl: Setting watchdog for 200 seconds at Thu Oct 03 05:47:16 UTC 2019
3 ms. Memory: 45056K Free: 25323K (56%)
ptolemy.util.test.WatchDog.cancel(): canceling Thu Oct 03 05:47:16 UTC 2019
------------------ testing $PTII/ptolemy/domains/de/test/auto/CausalityInterface2.xml
auto.tcl: Setting watchdog for 200 seconds at Thu Oct 03 05:47:16 UTC 2019
5 ms. Memory: 45056K Free: 27085K (60%)
ptolemy.util.test.WatchDog.cancel(): canceling Thu Oct 03 05:47:16 UTC 2019
auto.tcl: Setting watchdog for 200 seconds at Thu Oct 03 05:47:16 UTC 2019
4 ms. Memory: 45056K Free: 26334K (58%)
ptolemy.util.test.WatchDog.cancel(): canceling Thu Oct 03 05:47:16 UTC 2019
------------------ testing $PTII/ptolemy/domains/de/test/auto/CausalityInterface3.xml
auto.tcl: Setting watchdog for 200 seconds at Thu Oct 03 05:47:16 UTC 2019
3 ms. Memory: 45056K Free: 26546K (59%)
ptolemy.util.test.WatchDog.cancel(): canceling Thu Oct 03 05:47:16 UTC 2019
auto.tcl: Setting watchdog for 200 seconds at Thu Oct 03 05:47:16 UTC 2019
12 ms. Memory: 45056K Free: 25750K (57%)
ptolemy.util.test.WatchDog.cancel(): canceling Thu Oct 03 05:47:16 UTC 2019
------------------ testing $PTII/ptolemy/domains/de/test/auto/ClockDrift.xml
auto.tcl: Setting watchdog for 200 seconds at Thu Oct 03 05:47:16 UTC 2019
80 ms. Memory: 45056K Free: 19142K (42%)
ptolemy.util.test.WatchDog.cancel(): canceling Thu Oct 03 05:47:16 UTC 2019
auto.tcl: Setting watchdog for 200 seconds at Thu Oct 03 05:47:16 UTC 2019
50 ms. Memory: 45056K Free: 16123K (36%)
ptolemy.util.test.WatchDog.cancel(): canceling Thu Oct 03 05:47:16 UTC 2019
------------------ testing $PTII/ptolemy/domains/de/test/auto/ClockDriftAndValueChange.xml
auto.tcl: Setting watchdog for 200 seconds at Thu Oct 03 05:47:16 UTC 2019
22 ms. Memory: 45056K Free: 19215K (43%)
ptolemy.util.test.WatchDog.cancel(): canceling Thu Oct 03 05:47:16 UTC 2019
auto.tcl: Setting watchdog for 200 seconds at Thu Oct 03 05:47:16 UTC 2019
19 ms. Memory: 45056K Free: 16370K (36%)
ptolemy.util.test.WatchDog.cancel(): canceling Thu Oct 03 05:47:16 UTC 2019
------------------ testing $PTII/ptolemy/domains/de/test/auto/ClockDriftChange.xml
auto.tcl: Setting watchdog for 200 seconds at Thu Oct 03 05:47:16 UTC 2019
22 ms. Memory: 45056K Free: 21264K (47%)
ptolemy.util.test.WatchDog.cancel(): canceling Thu Oct 03 05:47:16 UTC 2019
auto.tcl: Setting watchdog for 200 seconds at Thu Oct 03 05:47:16 UTC 2019
17 ms. Memory: 45056K Free: 18709K (42%)
ptolemy.util.test.WatchDog.cancel(): canceling Thu Oct 03 05:47:16 UTC 2019
------------------ testing $PTII/ptolemy/domains/de/test/auto/ComposableCausalityAnalysis.xml
auto.tcl: Setting watchdog for 200 seconds at Thu Oct 03 05:47:16 UTC 2019
2 ms. Memory: 45056K Free: 25910K (58%)
ptolemy.util.test.WatchDog.cancel(): canceling Thu Oct 03 05:47:16 UTC 2019
auto.tcl: Setting watchdog for 200 seconds at Thu Oct 03 05:47:16 UTC 2019
5 ms. Memory: 45056K Free: 24875K (55%)
ptolemy.util.test.WatchDog.cancel(): canceling Thu Oct 03 05:47:16 UTC 2019
------------------ testing $PTII/ptolemy/domains/de/test/auto/DEFixedPointLimitation.xml
auto.tcl: Setting watchdog for 200 seconds at Thu Oct 03 05:47:16 UTC 2019
3 ms. Memory: 45056K Free: 27271K (61%)
ptolemy.util.test.WatchDog.cancel(): canceling Thu Oct 03 05:47:16 UTC 2019
auto.tcl: Setting watchdog for 200 seconds at Thu Oct 03 05:47:16 UTC 2019
1 ms. Memory: 45056K Free: 26350K (58%)
ptolemy.util.test.WatchDog.cancel(): canceling Thu Oct 03 05:47:16 UTC 2019
------------------ testing $PTII/ptolemy/domains/de/test/auto/DEScheduleTest.xml
auto.tcl: Setting watchdog for 200 seconds at Thu Oct 03 05:47:16 UTC 2019
3 ms. Memory: 45056K Free: 27539K (61%)
ptolemy.util.test.WatchDog.cancel(): canceling Thu Oct 03 05:47:16 UTC 2019
auto.tcl: Setting watchdog for 200 seconds at Thu Oct 03 05:47:16 UTC 2019
3 ms. Memory: 45056K Free: 26782K (59%)
ptolemy.util.test.WatchDog.cancel(): canceling Thu Oct 03 05:47:16 UTC 2019
------------------ testing $PTII/ptolemy/domains/de/test/auto/DEinDEwithStartTimes.xml
auto.tcl: Setting watchdog for 200 seconds at Thu Oct 03 05:47:16 UTC 2019
12 ms. Memory: 45056K Free: 25691K (57%)
ptolemy.util.test.WatchDog.cancel(): canceling Thu Oct 03 05:47:16 UTC 2019
auto.tcl: Setting watchdog for 200 seconds at Thu Oct 03 05:47:16 UTC 2019
3 ms. Memory: 45056K Free: 24667K (55%)
ptolemy.util.test.WatchDog.cancel(): canceling Thu Oct 03 05:47:17 UTC 2019
------------------ testing $PTII/ptolemy/domains/de/test/auto/DEinDEwithStartTimes2.xml
auto.tcl: Setting watchdog for 200 seconds at Thu Oct 03 05:47:17 UTC 2019
4 ms. Memory: 45056K Free: 24928K (55%)
ptolemy.util.test.WatchDog.cancel(): canceling Thu Oct 03 05:47:17 UTC 2019
auto.tcl: Setting watchdog for 200 seconds at Thu Oct 03 05:47:17 UTC 2019
4 ms. Memory: 45056K Free: 23623K (52%)
ptolemy.util.test.WatchDog.cancel(): canceling Thu Oct 03 05:47:17 UTC 2019
------------------ testing $PTII/ptolemy/domains/de/test/auto/DateDemo.xml
auto.tcl: Setting watchdog for 200 seconds at Thu Oct 03 05:47:17 UTC 2019
14 ms. Memory: 45056K Free: 19275K (43%)
ptolemy.util.test.WatchDog.cancel(): canceling Thu Oct 03 05:47:17 UTC 2019
auto.tcl: Setting watchdog for 200 seconds at Thu Oct 03 05:47:17 UTC 2019
5 ms. Memory: 45056K Free: 17721K (39%)
ptolemy.util.test.WatchDog.cancel(): canceling Thu Oct 03 05:47:17 UTC 2019
------------------ testing $PTII/ptolemy/domains/de/test/auto/DateToEvent.xml
auto.tcl: Setting watchdog for 200 seconds at Thu Oct 03 05:47:17 UTC 2019
2021 ms. Memory: 45056K Free: 15184K (34%)
ptolemy.util.test.WatchDog.cancel(): canceling Thu Oct 03 05:47:19 UTC 2019
auto.tcl: Setting watchdog for 200 seconds at Thu Oct 03 05:47:19 UTC 2019
2006 ms. Memory: 45056K Free: 14441K (32%)
ptolemy.util.test.WatchDog.cancel(): canceling Thu Oct 03 05:47:21 UTC 2019
------------------ testing $PTII/ptolemy/domains/de/test/auto/DepthTest1.xml
auto.tcl: Setting watchdog for 200 seconds at Thu Oct 03 05:47:21 UTC 2019
4 ms. Memory: 45056K Free: 28472K (63%)
ptolemy.util.test.WatchDog.cancel(): canceling Thu Oct 03 05:47:21 UTC 2019
auto.tcl: Setting watchdog for 200 seconds at Thu Oct 03 05:47:21 UTC 2019
1 ms. Memory: 45056K Free: 27965K (62%)
ptolemy.util.test.WatchDog.cancel(): canceling Thu Oct 03 05:47:21 UTC 2019
------------------ testing $PTII/ptolemy/domains/de/test/auto/DepthTest2.xml
auto.tcl: Setting watchdog for 200 seconds at Thu Oct 03 05:47:21 UTC 2019
4 ms. Memory: 45056K Free: 25160K (56%)
ptolemy.util.test.WatchDog.cancel(): canceling Thu Oct 03 05:47:21 UTC 2019
auto.tcl: Setting watchdog for 200 seconds at Thu Oct 03 05:47:21 UTC 2019
3 ms. Memory: 45056K Free: 24778K (55%)
ptolemy.util.test.WatchDog.cancel(): canceling Thu Oct 03 05:47:21 UTC 2019
------------------ testing $PTII/ptolemy/domains/de/test/auto/DepthTest3.xml
auto.tcl: Setting watchdog for 200 seconds at Thu Oct 03 05:47:21 UTC 2019
3 ms. Memory: 45056K Free: 28816K (64%)
ptolemy.util.test.WatchDog.cancel(): canceling Thu Oct 03 05:47:21 UTC 2019
auto.tcl: Setting watchdog for 200 seconds at Thu Oct 03 05:47:21 UTC 2019
2 ms. Memory: 45056K Free: 28256K (63%)
ptolemy.util.test.WatchDog.cancel(): canceling Thu Oct 03 05:47:21 UTC 2019
------------------ testing $PTII/ptolemy/domains/de/test/auto/DepthTest4.xml
auto.tcl: Setting watchdog for 200 seconds at Thu Oct 03 05:47:21 UTC 2019
3 ms. Memory: 45056K Free: 27018K (60%)
ptolemy.util.test.WatchDog.cancel(): canceling Thu Oct 03 05:47:21 UTC 2019
auto.tcl: Setting watchdog for 200 seconds at Thu Oct 03 05:47:21 UTC 2019
3 ms. Memory: 45056K Free: 26282K (58%)
ptolemy.util.test.WatchDog.cancel(): canceling Thu Oct 03 05:47:21 UTC 2019
------------------ testing $PTII/ptolemy/domains/de/test/auto/DepthTest5.xml
auto.tcl: Setting watchdog for 200 seconds at Thu Oct 03 05:47:21 UTC 2019
5 ms. Memory: 45056K Free: 26419K (59%)
ptolemy.util.test.WatchDog.cancel(): canceling Thu Oct 03 05:47:21 UTC 2019
auto.tcl: Setting watchdog for 200 seconds at Thu Oct 03 05:47:21 UTC 2019
3 ms. Memory: 45056K Free: 25623K (57%)
ptolemy.util.test.WatchDog.cancel(): canceling Thu Oct 03 05:47:21 UTC 2019
------------------ testing $PTII/ptolemy/domains/de/test/auto/DepthTest6.xml
auto.tcl: Setting watchdog for 200 seconds at Thu Oct 03 05:47:21 UTC 2019
4 ms. Memory: 45056K Free: 26150K (58%)
ptolemy.util.test.WatchDog.cancel(): canceling Thu Oct 03 05:47:21 UTC 2019
auto.tcl: Setting watchdog for 200 seconds at Thu Oct 03 05:47:21 UTC 2019
3 ms. Memory: 45056K Free: 25600K (57%)
ptolemy.util.test.WatchDog.cancel(): canceling Thu Oct 03 05:47:21 UTC 2019
------------------ testing $PTII/ptolemy/domains/de/test/auto/DepthTest7.xml
auto.tcl: Setting watchdog for 200 seconds at Thu Oct 03 05:47:21 UTC 2019
3 ms. Memory: 45056K Free: 26943K (60%)
ptolemy.util.test.WatchDog.cancel(): canceling Thu Oct 03 05:47:21 UTC 2019
auto.tcl: Setting watchdog for 200 seconds at Thu Oct 03 05:47:21 UTC 2019
2 ms. Memory: 45056K Free: 26199K (58%)
ptolemy.util.test.WatchDog.cancel(): canceling Thu Oct 03 05:47:21 UTC 2019
------------------ testing $PTII/ptolemy/domains/de/test/auto/EventToDate.xml
auto.tcl: Setting watchdog for 200 seconds at Thu Oct 03 05:47:22 UTC 2019
3009 ms. Memory: 45056K Free: 17765K (39%)
ptolemy.util.test.WatchDog.cancel(): canceling Thu Oct 03 05:47:25 UTC 2019
auto.tcl: Setting watchdog for 200 seconds at Thu Oct 03 05:47:25 UTC 2019
3005 ms. Memory: 45056K Free: 17060K (38%)
ptolemy.util.test.WatchDog.cancel(): canceling Thu Oct 03 05:47:28 UTC 2019
------------------ testing $PTII/ptolemy/domains/de/test/auto/FSM1.xml
auto.tcl: Setting watchdog for 200 seconds at Thu Oct 03 05:47:28 UTC 2019
57 ms. Memory: 45056K Free: 18440K (41%)
ptolemy.util.test.WatchDog.cancel(): canceling Thu Oct 03 05:47:28 UTC 2019
auto.tcl: Setting watchdog for 200 seconds at Thu Oct 03 05:47:28 UTC 2019
29 ms. Memory: 45056K Free: 15316K (34%)
ptolemy.util.test.WatchDog.cancel(): canceling Thu Oct 03 05:47:28 UTC 2019
------------------ testing $PTII/ptolemy/domains/de/test/auto/FSM7.xml
auto.tcl: Setting watchdog for 200 seconds at Thu Oct 03 05:47:28 UTC 2019
22 ms. Memory: 45056K Free: 18672K (41%)
ptolemy.util.test.WatchDog.cancel(): canceling Thu Oct 03 05:47:28 UTC 2019
auto.tcl: Setting watchdog for 200 seconds at Thu Oct 03 05:47:28 UTC 2019
24 ms. Memory: 45056K Free: 15548K (35%)
ptolemy.util.test.WatchDog.cancel(): canceling Thu Oct 03 05:47:28 UTC 2019
------------------ testing $PTII/ptolemy/domains/de/test/auto/Inspection.xml
auto.tcl: Setting watchdog for 200 seconds at Thu Oct 03 05:47:28 UTC 2019
34 ms. Memory: 45056K Free: 18676K (41%)
ptolemy.util.test.WatchDog.cancel(): canceling Thu Oct 03 05:47:28 UTC 2019
auto.tcl: Setting watchdog for 200 seconds at Thu Oct 03 05:47:28 UTC 2019
30 ms. Memory: 45056K Free: 16938K (38%)
ptolemy.util.test.WatchDog.cancel(): canceling Thu Oct 03 05:47:28 UTC 2019
------------------ testing $PTII/ptolemy/domains/de/test/auto/Iteration.xml
auto.tcl: Setting watchdog for 200 seconds at Thu Oct 03 05:47:28 UTC 2019
8 ms. Memory: 45056K Free: 24392K (54%)
ptolemy.util.test.WatchDog.cancel(): canceling Thu Oct 03 05:47:28 UTC 2019
auto.tcl: Setting watchdog for 200 seconds at Thu Oct 03 05:47:28 UTC 2019
6 ms. Memory: 45056K Free: 22994K (51%)
ptolemy.util.test.WatchDog.cancel(): canceling Thu Oct 03 05:47:28 UTC 2019
------------------ testing $PTII/ptolemy/domains/de/test/auto/LineFault.xml
auto.tcl: Setting watchdog for 200 seconds at Thu Oct 03 05:47:28 UTC 2019
731 ms. Memory: 54272K Free: 34917K (64%)
ptolemy.util.test.WatchDog.cancel(): canceling Thu Oct 03 05:47:29 UTC 2019
auto.tcl: Setting watchdog for 200 seconds at Thu Oct 03 05:47:29 UTC 2019
578 ms. Memory: 54272K Free: 29297K (54%)
ptolemy.util.test.WatchDog.cancel(): canceling Thu Oct 03 05:47:30 UTC 2019
------------------ testing $PTII/ptolemy/domains/de/test/auto/MergeModel1Add.xml
auto.tcl: Setting watchdog for 200 seconds at Thu Oct 03 05:47:30 UTC 2019
20 ms. Memory: 51200K Free: 16517K (32%)
ptolemy.util.test.WatchDog.cancel(): canceling Thu Oct 03 05:47:30 UTC 2019
auto.tcl: Setting watchdog for 200 seconds at Thu Oct 03 05:47:30 UTC 2019
12 ms. Memory: 51200K Free: 14806K (29%)
ptolemy.util.test.WatchDog.cancel(): canceling Thu Oct 03 05:47:30 UTC 2019
------------------ testing $PTII/ptolemy/domains/de/test/auto/MergeModel2Add.xml
auto.tcl: Setting watchdog for 200 seconds at Thu Oct 03 05:47:30 UTC 2019
10 ms. Memory: 51200K Free: 18541K (36%)
ptolemy.util.test.WatchDog.cancel(): canceling Thu Oct 03 05:47:30 UTC 2019
auto.tcl: Setting watchdog for 200 seconds at Thu Oct 03 05:47:30 UTC 2019
7 ms. Memory: 51200K Free: 17045K (33%)
ptolemy.util.test.WatchDog.cancel(): canceling Thu Oct 03 05:47:30 UTC 2019
------------------ testing $PTII/ptolemy/domains/de/test/auto/MergeModel3Add.xml
auto.tcl: Setting watchdog for 200 seconds at Thu Oct 03 05:47:30 UTC 2019
8 ms. Memory: 51200K Free: 18550K (36%)
ptolemy.util.test.WatchDog.cancel(): canceling Thu Oct 03 05:47:30 UTC 2019
auto.tcl: Setting watchdog for 200 seconds at Thu Oct 03 05:47:30 UTC 2019
7 ms. Memory: 51200K Free: 17106K (33%)
ptolemy.util.test.WatchDog.cancel(): canceling Thu Oct 03 05:47:30 UTC 2019
------------------ testing $PTII/ptolemy/domains/de/test/auto/MergeWithoutDiscard.xml
auto.tcl: Setting watchdog for 200 seconds at Thu Oct 03 05:47:30 UTC 2019
2 ms. Memory: 48128K Free: 29840K (62%)
ptolemy.util.test.WatchDog.cancel(): canceling Thu Oct 03 05:47:30 UTC 2019
auto.tcl: Setting watchdog for 200 seconds at Thu Oct 03 05:47:30 UTC 2019
1 ms. Memory: 48128K Free: 29399K (61%)
ptolemy.util.test.WatchDog.cancel(): canceling Thu Oct 03 05:47:30 UTC 2019
------------------ testing $PTII/ptolemy/domains/de/test/auto/Modal1.xml
auto.tcl: Setting watchdog for 200 seconds at Thu Oct 03 05:47:30 UTC 2019
16 ms. Memory: 48128K Free: 22234K (46%)
ptolemy.util.test.WatchDog.cancel(): canceling Thu Oct 03 05:47:30 UTC 2019
auto.tcl: Setting watchdog for 200 seconds at Thu Oct 03 05:47:30 UTC 2019
25 ms. Memory: 48128K Free: 18945K (39%)
ptolemy.util.test.WatchDog.cancel(): canceling Thu Oct 03 05:47:30 UTC 2019
------------------ testing $PTII/ptolemy/domains/de/test/auto/Modal2.xml
auto.tcl: Setting watchdog for 200 seconds at Thu Oct 03 05:47:30 UTC 2019
11 ms. Memory: 48128K Free: 22359K (46%)
ptolemy.util.test.WatchDog.cancel(): canceling Thu Oct 03 05:47:31 UTC 2019
auto.tcl: Setting watchdog for 200 seconds at Thu Oct 03 05:47:31 UTC 2019
11 ms. Memory: 48128K Free: 18852K (39%)
ptolemy.util.test.WatchDog.cancel(): canceling Thu Oct 03 05:47:31 UTC 2019
------------------ testing $PTII/ptolemy/domains/de/test/auto/Modal3.xml
auto.tcl: Setting watchdog for 200 seconds at Thu Oct 03 05:47:31 UTC 2019
10 ms. Memory: 48128K Free: 21618K (45%)
ptolemy.util.test.WatchDog.cancel(): canceling Thu Oct 03 05:47:31 UTC 2019
auto.tcl: Setting watchdog for 200 seconds at Thu Oct 03 05:47:31 UTC 2019
11 ms. Memory: 48128K Free: 18455K (38%)
ptolemy.util.test.WatchDog.cancel(): canceling Thu Oct 03 05:47:31 UTC 2019
------------------ testing $PTII/ptolemy/domains/de/test/auto/Modal4.xml
auto.tcl: Setting watchdog for 200 seconds at Thu Oct 03 05:47:31 UTC 2019
29 ms. Memory: 48128K Free: 21069K (44%)
ptolemy.util.test.WatchDog.cancel(): canceling Thu Oct 03 05:47:31 UTC 2019
auto.tcl: Setting watchdog for 200 seconds at Thu Oct 03 05:47:31 UTC 2019
18 ms. Memory: 48128K Free: 17235K (36%)
ptolemy.util.test.WatchDog.cancel(): canceling Thu Oct 03 05:47:31 UTC 2019
------------------ testing $PTII/ptolemy/domains/de/test/auto/Modal5.xml
auto.tcl: Setting watchdog for 200 seconds at Thu Oct 03 05:47:31 UTC 2019
12 ms. Memory: 48128K Free: 21069K (44%)
ptolemy.util.test.WatchDog.cancel(): canceling Thu Oct 03 05:47:31 UTC 2019
auto.tcl: Setting watchdog for 200 seconds at Thu Oct 03 05:47:31 UTC 2019
17 ms. Memory: 48128K Free: 17221K (36%)
ptolemy.util.test.WatchDog.cancel(): canceling Thu Oct 03 05:47:31 UTC 2019
------------------ testing $PTII/ptolemy/domains/de/test/auto/Modal6.xml
auto.tcl: Setting watchdog for 200 seconds at Thu Oct 03 05:47:31 UTC 2019
17 ms. Memory: 48128K Free: 21832K (45%)
ptolemy.util.test.WatchDog.cancel(): canceling Thu Oct 03 05:47:31 UTC 2019
auto.tcl: Setting watchdog for 200 seconds at Thu Oct 03 05:47:31 UTC 2019
17 ms. Memory: 48128K Free: 17848K (37%)
ptolemy.util.test.WatchDog.cancel(): canceling Thu Oct 03 05:47:31 UTC 2019
------------------ testing $PTII/ptolemy/domains/de/test/auto/Modal7.xml
auto.tcl: Setting watchdog for 200 seconds at Thu Oct 03 05:47:31 UTC 2019
10 ms. Memory: 48128K Free: 20801K (43%)
ptolemy.util.test.WatchDog.cancel(): canceling Thu Oct 03 05:47:31 UTC 2019
auto.tcl: Setting watchdog for 200 seconds at Thu Oct 03 05:47:31 UTC 2019
10 ms. Memory: 48128K Free: 17452K (36%)
ptolemy.util.test.WatchDog.cancel(): canceling Thu Oct 03 05:47:31 UTC 2019
------------------ testing $PTII/ptolemy/domains/de/test/auto/ModalModel.xml
auto.tcl: Setting watchdog for 200 seconds at Thu Oct 03 05:47:31 UTC 2019
198 ms. Memory: 62464K Free: 26594K (43%)
ptolemy.util.test.WatchDog.cancel(): canceling Thu Oct 03 05:47:31 UTC 2019
auto.tcl: Setting watchdog for 200 seconds at Thu Oct 03 05:47:31 UTC 2019
212 ms. Memory: 62464K Free: 27181K (44%)
ptolemy.util.test.WatchDog.cancel(): canceling Thu Oct 03 05:47:32 UTC 2019
------------------ testing $PTII/ptolemy/domains/de/test/auto/ModalSource.xml
auto.tcl: Setting watchdog for 200 seconds at Thu Oct 03 05:47:32 UTC 2019
6 ms. Memory: 51200K Free: 28967K (57%)
ptolemy.util.test.WatchDog.cancel(): canceling Thu Oct 03 05:47:32 UTC 2019
auto.tcl: Setting watchdog for 200 seconds at Thu Oct 03 05:47:32 UTC 2019
7 ms. Memory: 51200K Free: 26919K (53%)
ptolemy.util.test.WatchDog.cancel(): canceling Thu Oct 03 05:47:32 UTC 2019
------------------ testing $PTII/ptolemy/domains/de/test/auto/NonInterruptibleTimerZeroDelay.xml
auto.tcl: Setting watchdog for 200 seconds at Thu Oct 03 05:47:32 UTC 2019
3 ms. Memory: 51200K Free: 33856K (66%)
ptolemy.util.test.WatchDog.cancel(): canceling Thu Oct 03 05:47:32 UTC 2019
auto.tcl: Setting watchdog for 200 seconds at Thu Oct 03 05:47:32 UTC 2019
3 ms. Memory: 51200K Free: 33252K (65%)
ptolemy.util.test.WatchDog.cancel(): canceling Thu Oct 03 05:47:32 UTC 2019
------------------ testing $PTII/ptolemy/domains/de/test/auto/OpenQueueingNetwork.xml
auto.tcl: Setting watchdog for 200 seconds at Thu Oct 03 05:47:32 UTC 2019
2912 ms. Memory: 131072K Free: 79683K (61%)
ptolemy.util.test.WatchDog.cancel(): canceling Thu Oct 03 05:47:35 UTC 2019
auto.tcl: Setting watchdog for 200 seconds at Thu Oct 03 05:47:35 UTC 2019
2576 ms. Memory: 157696K Free: 124113K (79%)
ptolemy.util.test.WatchDog.cancel(): canceling Thu Oct 03 05:47:37 UTC 2019
------------------ testing $PTII/ptolemy/domains/de/test/auto/OpenQueuingNetwork.xml
auto.tcl: Setting watchdog for 200 seconds at Thu Oct 03 05:47:37 UTC 2019
247 ms. Memory: 66560K Free: 45338K (68%)
ptolemy.util.test.WatchDog.cancel(): canceling Thu Oct 03 05:47:38 UTC 2019
auto.tcl: Setting watchdog for 200 seconds at Thu Oct 03 05:47:38 UTC 2019
229 ms. Memory: 66560K Free: 33455K (50%)
ptolemy.util.test.WatchDog.cancel(): canceling Thu Oct 03 05:47:38 UTC 2019
------------------ testing $PTII/ptolemy/domains/de/test/auto/PeriodicSampler.xml
auto.tcl: Setting watchdog for 200 seconds at Thu Oct 03 05:47:38 UTC 2019
2 ms. Memory: 48128K Free: 30026K (62%)
ptolemy.util.test.WatchDog.cancel(): canceling Thu Oct 03 05:47:38 UTC 2019
auto.tcl: Setting watchdog for 200 seconds at Thu Oct 03 05:47:38 UTC 2019
1 ms. Memory: 48128K Free: 29536K (61%)
ptolemy.util.test.WatchDog.cancel(): canceling Thu Oct 03 05:47:38 UTC 2019
------------------ testing $PTII/ptolemy/domains/de/test/auto/PersistentIO.xml
auto.tcl: Setting watchdog for 200 seconds at Thu Oct 03 05:47:38 UTC 2019
5 ms. Memory: 48128K Free: 24950K (52%)
ptolemy.util.test.WatchDog.cancel(): canceling Thu Oct 03 05:47:38 UTC 2019
auto.tcl: Setting watchdog for 200 seconds at Thu Oct 03 05:47:38 UTC 2019
4 ms. Memory: 48128K Free: 23458K (49%)
ptolemy.util.test.WatchDog.cancel(): canceling Thu Oct 03 05:47:38 UTC 2019
------------------ testing $PTII/ptolemy/domains/de/test/auto/PortParameterResetOnInitialize.xml
auto.tcl: Setting watchdog for 200 seconds at Thu Oct 03 05:47:38 UTC 2019
8 ms. Memory: 48128K Free: 29918K (62%)
ptolemy.util.test.WatchDog.cancel(): canceling Thu Oct 03 05:47:38 UTC 2019
auto.tcl: Setting watchdog for 200 seconds at Thu Oct 03 05:47:38 UTC 2019
2 ms. Memory: 48128K Free: 29448K (61%)
ptolemy.util.test.WatchDog.cancel(): canceling Thu Oct 03 05:47:38 UTC 2019
------------------ testing $PTII/ptolemy/domains/de/test/auto/PortParameterUpdates.xml
auto.tcl: Setting watchdog for 200 seconds at Thu Oct 03 05:47:38 UTC 2019
5 ms. Memory: 48128K Free: 28248K (59%)
ptolemy.util.test.WatchDog.cancel(): canceling Thu Oct 03 05:47:38 UTC 2019
auto.tcl: Setting watchdog for 200 seconds at Thu Oct 03 05:47:38 UTC 2019
3 ms. Memory: 48128K Free: 27011K (56%)
ptolemy.util.test.WatchDog.cancel(): canceling Thu Oct 03 05:47:38 UTC 2019
------------------ testing $PTII/ptolemy/domains/de/test/auto/QueueAndServer.xml
auto.tcl: Setting watchdog for 200 seconds at Thu Oct 03 05:47:38 UTC 2019
8 ms. Memory: 48128K Free: 26932K (56%)
ptolemy.util.test.WatchDog.cancel(): canceling Thu Oct 03 05:47:38 UTC 2019
auto.tcl: Setting watchdog for 200 seconds at Thu Oct 03 05:47:38 UTC 2019
6 ms. Memory: 48128K Free: 25439K (53%)
ptolemy.util.test.WatchDog.cancel(): canceling Thu Oct 03 05:47:38 UTC 2019
------------------ testing $PTII/ptolemy/domains/de/test/auto/Records.xml
auto.tcl: Setting watchdog for 200 seconds at Thu Oct 03 05:47:38 UTC 2019
5 ms. Memory: 48128K Free: 29476K (61%)
ptolemy.util.test.WatchDog.cancel(): canceling Thu Oct 03 05:47:38 UTC 2019
auto.tcl: Setting watchdog for 200 seconds at Thu Oct 03 05:47:38 UTC 2019
2 ms. Memory: 48128K Free: 28980K (60%)
ptolemy.util.test.WatchDog.cancel(): canceling Thu Oct 03 05:47:38 UTC 2019
------------------ testing $PTII/ptolemy/domains/de/test/auto/ResetTransitionWithStartTime1.xml
auto.tcl: Setting watchdog for 200 seconds at Thu Oct 03 05:47:39 UTC 2019
10 ms. Memory: 48128K Free: 26434K (55%)
ptolemy.util.test.WatchDog.cancel(): canceling Thu Oct 03 05:47:39 UTC 2019
auto.tcl: Setting watchdog for 200 seconds at Thu Oct 03 05:47:39 UTC 2019
5 ms. Memory: 48128K Free: 23896K (50%)
ptolemy.util.test.WatchDog.cancel(): canceling Thu Oct 03 05:47:39 UTC 2019
------------------ testing $PTII/ptolemy/domains/de/test/auto/ResetTransitionWithStartTime2.xml
auto.tcl: Setting watchdog for 200 seconds at Thu Oct 03 05:47:39 UTC 2019
6 ms. Memory: 48128K Free: 26390K (55%)
ptolemy.util.test.WatchDog.cancel(): canceling Thu Oct 03 05:47:39 UTC 2019
auto.tcl: Setting watchdog for 200 seconds at Thu Oct 03 05:47:39 UTC 2019
5 ms. Memory: 48128K Free: 24357K (51%)
ptolemy.util.test.WatchDog.cancel(): canceling Thu Oct 03 05:47:39 UTC 2019
------------------ testing $PTII/ptolemy/domains/de/test/auto/ResetTransitionWithStartTime3.xml
auto.tcl: Setting watchdog for 200 seconds at Thu Oct 03 05:47:39 UTC 2019
7 ms. Memory: 48128K Free: 26389K (55%)
ptolemy.util.test.WatchDog.cancel(): canceling Thu Oct 03 05:47:39 UTC 2019
auto.tcl: Setting watchdog for 200 seconds at Thu Oct 03 05:47:39 UTC 2019
7 ms. Memory: 48128K Free: 24372K (51%)
ptolemy.util.test.WatchDog.cancel(): canceling Thu Oct 03 05:47:39 UTC 2019
------------------ testing $PTII/ptolemy/domains/de/test/auto/ResetTransitionWithStartTime4.xml
auto.tcl: Setting watchdog for 200 seconds at Thu Oct 03 05:47:39 UTC 2019
10 ms. Memory: 48128K Free: 26826K (56%)
ptolemy.util.test.WatchDog.cancel(): canceling Thu Oct 03 05:47:39 UTC 2019
auto.tcl: Setting watchdog for 200 seconds at Thu Oct 03 05:47:39 UTC 2019
5 ms. Memory: 48128K Free: 25363K (53%)
ptolemy.util.test.WatchDog.cancel(): canceling Thu Oct 03 05:47:39 UTC 2019
------------------ testing $PTII/ptolemy/domains/de/test/auto/ResettableTimer1.xml
auto.tcl: Setting watchdog for 200 seconds at Thu Oct 03 05:47:39 UTC 2019
3 ms. Memory: 48128K Free: 30466K (63%)
ptolemy.util.test.WatchDog.cancel(): canceling Thu Oct 03 05:47:39 UTC 2019
auto.tcl: Setting watchdog for 200 seconds at Thu Oct 03 05:47:39 UTC 2019
4 ms. Memory: 48128K Free: 29447K (61%)
ptolemy.util.test.WatchDog.cancel(): canceling Thu Oct 03 05:47:39 UTC 2019
------------------ testing $PTII/ptolemy/domains/de/test/auto/ResettableTimer2.xml
auto.tcl: Setting watchdog for 200 seconds at Thu Oct 03 05:47:39 UTC 2019
3 ms. Memory: 48128K Free: 30522K (63%)
ptolemy.util.test.WatchDog.cancel(): canceling Thu Oct 03 05:47:39 UTC 2019
auto.tcl: Setting watchdog for 200 seconds at Thu Oct 03 05:47:39 UTC 2019
3 ms. Memory: 48128K Free: 29498K (61%)
ptolemy.util.test.WatchDog.cancel(): canceling Thu Oct 03 05:47:39 UTC 2019
------------------ testing $PTII/ptolemy/domains/de/test/auto/ResettableTimer3.xml
auto.tcl: Setting watchdog for 200 seconds at Thu Oct 03 05:47:39 UTC 2019
1 ms. Memory: 48128K Free: 31017K (64%)
ptolemy.util.test.WatchDog.cancel(): canceling Thu Oct 03 05:47:39 UTC 2019
auto.tcl: Setting watchdog for 200 seconds at Thu Oct 03 05:47:39 UTC 2019
1 ms. Memory: 48128K Free: 30528K (63%)
ptolemy.util.test.WatchDog.cancel(): canceling Thu Oct 03 05:47:39 UTC 2019
------------------ testing $PTII/ptolemy/domains/de/test/auto/ResettableTimer4.xml
auto.tcl: Setting watchdog for 200 seconds at Thu Oct 03 05:47:39 UTC 2019
1 ms. Memory: 48128K Free: 30560K (63%)
ptolemy.util.test.WatchDog.cancel(): canceling Thu Oct 03 05:47:39 UTC 2019
auto.tcl: Setting watchdog for 200 seconds at Thu Oct 03 05:47:39 UTC 2019
1 ms. Memory: 48128K Free: 30062K (62%)
ptolemy.util.test.WatchDog.cancel(): canceling Thu Oct 03 05:47:39 UTC 2019
------------------ testing $PTII/ptolemy/domains/de/test/auto/ResettableTimer5.xml
auto.tcl: Setting watchdog for 200 seconds at Thu Oct 03 05:47:39 UTC 2019
2 ms. Memory: 48128K Free: 30005K (62%)
ptolemy.util.test.WatchDog.cancel(): canceling Thu Oct 03 05:47:39 UTC 2019
auto.tcl: Setting watchdog for 200 seconds at Thu Oct 03 05:47:39 UTC 2019
1 ms. Memory: 48128K Free: 29518K (61%)
ptolemy.util.test.WatchDog.cancel(): canceling Thu Oct 03 05:47:39 UTC 2019
------------------ testing $PTII/ptolemy/domains/de/test/auto/ResettableTimer6.xml
auto.tcl: Setting watchdog for 200 seconds at Thu Oct 03 05:47:39 UTC 2019
2 ms. Memory: 48128K Free: 29995K (62%)
ptolemy.util.test.WatchDog.cancel(): canceling Thu Oct 03 05:47:39 UTC 2019
auto.tcl: Setting watchdog for 200 seconds at Thu Oct 03 05:47:39 UTC 2019
2 ms. Memory: 48128K Free: 29499K (61%)
ptolemy.util.test.WatchDog.cancel(): canceling Thu Oct 03 05:47:39 UTC 2019
------------------ testing $PTII/ptolemy/domains/de/test/auto/ServerZeroDelay.xml
auto.tcl: Setting watchdog for 200 seconds at Thu Oct 03 05:47:39 UTC 2019
3 ms. Memory: 48128K Free: 30514K (63%)
ptolemy.util.test.WatchDog.cancel(): canceling Thu Oct 03 05:47:39 UTC 2019
auto.tcl: Setting watchdog for 200 seconds at Thu Oct 03 05:47:39 UTC 2019
2 ms. Memory: 48128K Free: 29564K (61%)
ptolemy.util.test.WatchDog.cancel(): canceling Thu Oct 03 05:47:39 UTC 2019
------------------ testing $PTII/ptolemy/domains/de/test/auto/SmartSender.xml
auto.tcl: Setting watchdog for 200 seconds at Thu Oct 03 05:47:39 UTC 2019
3002 ms. Memory: 48128K Free: 30509K (63%)
ptolemy.util.test.WatchDog.cancel(): canceling Thu Oct 03 05:47:42 UTC 2019
auto.tcl: Setting watchdog for 200 seconds at Thu Oct 03 05:47:42 UTC 2019
3003 ms. Memory: 48128K Free: 30023K (62%)
ptolemy.util.test.WatchDog.cancel(): canceling Thu Oct 03 05:47:45 UTC 2019
------------------ testing $PTII/ptolemy/domains/de/test/auto/ThreadedComposite.xml
auto.tcl: Setting watchdog for 200 seconds at Thu Oct 03 05:47:45 UTC 2019
229 ms. Memory: 48128K Free: 11577K (24%)
ptolemy.util.test.WatchDog.cancel(): canceling Thu Oct 03 05:47:46 UTC 2019
auto.tcl: Setting watchdog for 200 seconds at Thu Oct 03 05:47:46 UTC 2019
148 ms. Memory: 48128K Free: 24736K (51%)
ptolemy.util.test.WatchDog.cancel(): canceling Thu Oct 03 05:47:46 UTC 2019
------------------ testing $PTII/ptolemy/domains/de/test/auto/Time.xml
auto.tcl: Setting watchdog for 200 seconds at Thu Oct 03 05:47:46 UTC 2019
723 ms. Memory: 58368K Free: 12783K (22%)
ptolemy.util.test.WatchDog.cancel(): canceling Thu Oct 03 05:47:46 UTC 2019
auto.tcl: Setting watchdog for 200 seconds at Thu Oct 03 05:47:46 UTC 2019
558 ms. Memory: 58368K Free: 26216K (45%)
ptolemy.util.test.WatchDog.cancel(): canceling Thu Oct 03 05:47:47 UTC 2019
------------------ testing $PTII/ptolemy/domains/de/test/auto/TimeDelayZeroDelay.xml
auto.tcl: Setting watchdog for 200 seconds at Thu Oct 03 05:47:47 UTC 2019
2 ms. Memory: 51200K Free: 33512K (65%)
ptolemy.util.test.WatchDog.cancel(): canceling Thu Oct 03 05:47:47 UTC 2019
auto.tcl: Setting watchdog for 200 seconds at Thu Oct 03 05:47:47 UTC 2019
2 ms. Memory: 51200K Free: 32629K (64%)
ptolemy.util.test.WatchDog.cancel(): canceling Thu Oct 03 05:47:47 UTC 2019
------------------ testing $PTII/ptolemy/domains/de/test/auto/TimerZeroDelay.xml
auto.tcl: Setting watchdog for 200 seconds at Thu Oct 03 05:47:47 UTC 2019
3 ms. Memory: 48128K Free: 30913K (64%)
ptolemy.util.test.WatchDog.cancel(): canceling Thu Oct 03 05:47:47 UTC 2019
auto.tcl: Setting watchdog for 200 seconds at Thu Oct 03 05:47:47 UTC 2019
2 ms. Memory: 48128K Free: 30081K (63%)
ptolemy.util.test.WatchDog.cancel(): canceling Thu Oct 03 05:47:47 UTC 2019
------------------ testing $PTII/ptolemy/domains/de/test/auto/TimingParadox.xml
auto.tcl: Setting watchdog for 200 seconds at Thu Oct 03 05:47:47 UTC 2019
378 ms. Memory: 48128K Free: 15571K (32%)
ptolemy.util.test.WatchDog.cancel(): canceling Thu Oct 03 05:47:48 UTC 2019
auto.tcl: Setting watchdog for 200 seconds at Thu Oct 03 05:47:48 UTC 2019
365 ms. Memory: 48128K Free: 29270K (61%)
ptolemy.util.test.WatchDog.cancel(): canceling Thu Oct 03 05:47:48 UTC 2019
------------------ testing $PTII/ptolemy/domains/de/test/auto/TransferInputs.xml
auto.tcl: Setting watchdog for 200 seconds at Thu Oct 03 05:47:48 UTC 2019
2 ms. Memory: 48128K Free: 28958K (60%)
ptolemy.util.test.WatchDog.cancel(): canceling Thu Oct 03 05:47:48 UTC 2019
auto.tcl: Setting watchdog for 200 seconds at Thu Oct 03 05:47:48 UTC 2019
2 ms. Memory: 48128K Free: 28063K (58%)
ptolemy.util.test.WatchDog.cancel(): canceling Thu Oct 03 05:47:48 UTC 2019
------------------ testing $PTII/ptolemy/domains/de/test/auto/TransferOutputs2.xml
auto.tcl: Setting watchdog for 200 seconds at Thu Oct 03 05:47:48 UTC 2019
2 ms. Memory: 48128K Free: 26393K (55%)
ptolemy.util.test.WatchDog.cancel(): canceling Thu Oct 03 05:47:48 UTC 2019
auto.tcl: Setting watchdog for 200 seconds at Thu Oct 03 05:47:48 UTC 2019
3 ms. Memory: 48128K Free: 24993K (52%)
ptolemy.util.test.WatchDog.cancel(): canceling Thu Oct 03 05:47:48 UTC 2019
------------------ testing $PTII/ptolemy/domains/de/test/auto/Trilateration.xml
auto.tcl: Setting watchdog for 200 seconds at Thu Oct 03 05:47:48 UTC 2019
14383 ms. Memory: 342016K Free: 145577K (43%)
ptolemy.util.test.WatchDog.cancel(): canceling Thu Oct 03 05:48:04 UTC 2019
auto.tcl: Setting watchdog for 200 seconds at Thu Oct 03 05:48:04 UTC 2019
10885 ms. Memory: 342016K Free: 150926K (44%)
ptolemy.util.test.WatchDog.cancel(): canceling Thu Oct 03 05:48:15 UTC 2019
------------------ testing $PTII/ptolemy/domains/de/test/auto/TwoSigmaDelta.xml
auto.tcl: Setting watchdog for 200 seconds at Thu Oct 03 05:48:15 UTC 2019
2781 ms. Memory: 86016K Free: 13251K (15%)
ptolemy.util.test.WatchDog.cancel(): canceling Thu Oct 03 05:48:18 UTC 2019
auto.tcl: Setting watchdog for 200 seconds at Thu Oct 03 05:48:18 UTC 2019
2180 ms. Memory: 86016K Free: 51718K (60%)
ptolemy.util.test.WatchDog.cancel(): canceling Thu Oct 03 05:48:20 UTC 2019
------------------ testing $PTII/ptolemy/domains/de/test/auto/VariableDelay.xml
auto.tcl: Setting watchdog for 200 seconds at Thu Oct 03 05:48:20 UTC 2019
2 ms. Memory: 51200K Free: 32502K (63%)
ptolemy.util.test.WatchDog.cancel(): canceling Thu Oct 03 05:48:20 UTC 2019
auto.tcl: Setting watchdog for 200 seconds at Thu Oct 03 05:48:20 UTC 2019
1 ms. Memory: 51200K Free: 31508K (62%)
ptolemy.util.test.WatchDog.cancel(): canceling Thu Oct 03 05:48:20 UTC 2019
------------------ testing $PTII/ptolemy/domains/de/test/auto/VariableDelay2.xml
auto.tcl: Setting watchdog for 200 seconds at Thu Oct 03 05:48:20 UTC 2019
7 ms. Memory: 51200K Free: 32916K (64%)
ptolemy.util.test.WatchDog.cancel(): canceling Thu Oct 03 05:48:20 UTC 2019
auto.tcl: Setting watchdog for 200 seconds at Thu Oct 03 05:48:20 UTC 2019
1 ms. Memory: 51200K Free: 32420K (63%)
ptolemy.util.test.WatchDog.cancel(): canceling Thu Oct 03 05:48:20 UTC 2019
------------------ testing $PTII/ptolemy/domains/de/test/auto/VariableDelayZeroDelay.xml
auto.tcl: Setting watchdog for 200 seconds at Thu Oct 03 05:48:20 UTC 2019
2 ms. Memory: 51200K Free: 33444K (65%)
ptolemy.util.test.WatchDog.cancel(): canceling Thu Oct 03 05:48:20 UTC 2019
auto.tcl: Setting watchdog for 200 seconds at Thu Oct 03 05:48:20 UTC 2019
2 ms. Memory: 51200K Free: 32900K (64%)
ptolemy.util.test.WatchDog.cancel(): canceling Thu Oct 03 05:48:20 UTC 2019
------------------ testing $PTII/ptolemy/domains/de/test/auto/VariableDelayZeroDelay2.xml
auto.tcl: Setting watchdog for 200 seconds at Thu Oct 03 05:48:20 UTC 2019
2 ms. Memory: 51200K Free: 33442K (65%)
ptolemy.util.test.WatchDog.cancel(): canceling Thu Oct 03 05:48:20 UTC 2019
auto.tcl: Setting watchdog for 200 seconds at Thu Oct 03 05:48:20 UTC 2019
2 ms. Memory: 51200K Free: 32418K (63%)
ptolemy.util.test.WatchDog.cancel(): canceling Thu Oct 03 05:48:20 UTC 2019
------------------ testing $PTII/ptolemy/domains/de/test/auto/deInCt.xml
auto.tcl: Setting watchdog for 200 seconds at Thu Oct 03 05:48:20 UTC 2019
0
1
1
1
0
0
0
1
1
1
1
1
0
0
1
1
1
0
0
0
0
0
0
0
1
1
0
0
0
1
1
1
0
0
0
1
1
1
1
8 ms. Memory: 51200K Free: 32416K (63%)
ptolemy.util.test.WatchDog.cancel(): canceling Thu Oct 03 05:48:20 UTC 2019
auto.tcl: Setting watchdog for 200 seconds at Thu Oct 03 05:48:20 UTC 2019
0
1
1
1
0
0
0
1
1
1
1
1
0
0
0
1
1
1
0
0
0
1
1
1
0
0
0
1
1
1
0
0
0
1
1
0
0
0
1
1
1
0
0
0
1
1
1
0
0
0
1
1
1
1
1
1
11 ms. Memory: 51200K Free: 30878K (60%)
ptolemy.util.test.WatchDog.cancel(): canceling Thu Oct 03 05:48:20 UTC 2019
------------------ testing $PTII/ptolemy/domains/de/test/auto/deInCt2.xml
auto.tcl: Setting watchdog for 200 seconds at Thu Oct 03 05:48:20 UTC 2019
0
1
1
1
0
0
1
1
1
0
0
1
1
1
0
0
1
1
1
0
0
1
1
1
0
0
1
1
1
0
0
1
1
1
0
0
1
1
1
0
0
0
10 ms. Memory: 51200K Free: 32418K (63%)
ptolemy.util.test.WatchDog.cancel(): canceling Thu Oct 03 05:48:20 UTC 2019
auto.tcl: Setting watchdog for 200 seconds at Thu Oct 03 05:48:20 UTC 2019
0
1
1
1
0
0
1
1
1
0
0
1
1
1
0
0
1
1
1
0
0
1
1
1
0
0
1
1
1
0
0
1
1
1
0
0
1
1
1
0
0
0
6 ms. Memory: 51200K Free: 30866K (60%)
ptolemy.util.test.WatchDog.cancel(): canceling Thu Oct 03 05:48:20 UTC 2019
------------------ testing $PTII/ptolemy/domains/de/test/auto/dynamicCausalityInterface1.xml
auto.tcl: Setting watchdog for 200 seconds at Thu Oct 03 05:48:20 UTC 2019
2 ms. Memory: 48128K Free: 24643K (51%)
ptolemy.util.test.WatchDog.cancel(): canceling Thu Oct 03 05:48:20 UTC 2019
auto.tcl: Setting watchdog for 200 seconds at Thu Oct 03 05:48:20 UTC 2019
1 ms. Memory: 48128K Free: 24221K (50%)
ptolemy.util.test.WatchDog.cancel(): canceling Thu Oct 03 05:48:20 UTC 2019
------------------ testing $PTII/ptolemy/domains/de/test/auto/fsm_de_test.xml
auto.tcl: Setting watchdog for 200 seconds at Thu Oct 03 05:48:20 UTC 2019
12 ms. Memory: 48128K Free: 25143K (52%)
ptolemy.util.test.WatchDog.cancel(): canceling Thu Oct 03 05:48:20 UTC 2019
auto.tcl: Setting watchdog for 200 seconds at Thu Oct 03 05:48:20 UTC 2019
7 ms. Memory: 48128K Free: 23146K (48%)
ptolemy.util.test.WatchDog.cancel(): canceling Thu Oct 03 05:48:20 UTC 2019
------------------ testing $PTII/ptolemy/domains/de/test/auto/functionDependencyReconstruction.xml
auto.tcl: Setting watchdog for 200 seconds at Thu Oct 03 05:48:20 UTC 2019
3 ms. Memory: 48128K Free: 18989K (39%)
ptolemy.util.test.WatchDog.cancel(): canceling Thu Oct 03 05:48:21 UTC 2019
auto.tcl: Setting watchdog for 200 seconds at Thu Oct 03 05:48:21 UTC 2019
3 ms. Memory: 48128K Free: 17006K (35%)
ptolemy.util.test.WatchDog.cancel(): canceling Thu Oct 03 05:48:21 UTC 2019
------------------ testing $PTII/ptolemy/domains/de/test/auto/multirate.xml
auto.tcl: Setting watchdog for 200 seconds at Thu Oct 03 05:48:21 UTC 2019
3 ms. Memory: 48128K Free: 27224K (57%)
ptolemy.util.test.WatchDog.cancel(): canceling Thu Oct 03 05:48:21 UTC 2019
auto.tcl: Setting watchdog for 200 seconds at Thu Oct 03 05:48:21 UTC 2019
3 ms. Memory: 48128K Free: 26122K (54%)
ptolemy.util.test.WatchDog.cancel(): canceling Thu Oct 03 05:48:21 UTC 2019
------------------ testing $PTII/ptolemy/domains/de/test/auto/multirate2.xml
auto.tcl: Setting watchdog for 200 seconds at Thu Oct 03 05:48:21 UTC 2019
3 ms. Memory: 48128K Free: 27740K (58%)
ptolemy.util.test.WatchDog.cancel(): canceling Thu Oct 03 05:48:21 UTC 2019
auto.tcl: Setting watchdog for 200 seconds at Thu Oct 03 05:48:21 UTC 2019
3 ms. Memory: 48128K Free: 26287K (55%)
ptolemy.util.test.WatchDog.cancel(): canceling Thu Oct 03 05:48:21 UTC 2019
------------------ testing $PTII/ptolemy/domains/de/test/auto/realtime.xml
auto.tcl: Setting watchdog for 200 seconds at Thu Oct 03 05:48:21 UTC 2019
10001 ms. Memory: 48128K Free: 30032K (62%)
ptolemy.util.test.WatchDog.cancel(): canceling Thu Oct 03 05:48:31 UTC 2019
auto.tcl: Setting watchdog for 200 seconds at Thu Oct 03 05:48:31 UTC 2019
10003 ms. Memory: 48128K Free: 29290K (61%)
ptolemy.util.test.WatchDog.cancel(): canceling Thu Oct 03 05:48:41 UTC 2019
------------------ testing $PTII/ptolemy/domains/de/test/auto/relationGroup.xml
auto.tcl: Setting watchdog for 200 seconds at Thu Oct 03 05:48:41 UTC 2019
6 ms. Memory: 48128K Free: 31081K (65%)
ptolemy.util.test.WatchDog.cancel(): canceling Thu Oct 03 05:48:41 UTC 2019
auto.tcl: Setting watchdog for 200 seconds at Thu Oct 03 05:48:41 UTC 2019
6 ms. Memory: 48128K Free: 30371K (63%)
ptolemy.util.test.WatchDog.cancel(): canceling Thu Oct 03 05:48:41 UTC 2019
------------------ testing $PTII/ptolemy/domains/de/test/auto/relationGroup2.xml
auto.tcl: Setting watchdog for 200 seconds at Thu Oct 03 05:48:41 UTC 2019
1 ms. Memory: 48128K Free: 30902K (64%)
ptolemy.util.test.WatchDog.cancel(): canceling Thu Oct 03 05:48:41 UTC 2019
auto.tcl: Setting watchdog for 200 seconds at Thu Oct 03 05:48:41 UTC 2019
2 ms. Memory: 48128K Free: 30399K (63%)
ptolemy.util.test.WatchDog.cancel(): canceling Thu Oct 03 05:48:41 UTC 2019
------------------ testing $PTII/ptolemy/domains/de/test/auto/sortWithOpaquePorts.xml
auto.tcl: Setting watchdog for 200 seconds at Thu Oct 03 05:48:41 UTC 2019
1 ms. Memory: 48128K Free: 29884K (62%)
ptolemy.util.test.WatchDog.cancel(): canceling Thu Oct 03 05:48:41 UTC 2019
auto.tcl: Setting watchdog for 200 seconds at Thu Oct 03 05:48:41 UTC 2019
2 ms. Memory: 48128K Free: 28401K (59%)
ptolemy.util.test.WatchDog.cancel(): canceling Thu Oct 03 05:48:41 UTC 2019
------------------ testing $PTII/ptolemy/domains/de/test/auto/transferInputsandOutputs.xml
auto.tcl: Setting watchdog for 200 seconds at Thu Oct 03 05:48:41 UTC 2019
2 ms. Memory: 48128K Free: 27314K (57%)
ptolemy.util.test.WatchDog.cancel(): canceling Thu Oct 03 05:48:41 UTC 2019
auto.tcl: Setting watchdog for 200 seconds at Thu Oct 03 05:48:41 UTC 2019
2 ms. Memory: 48128K Free: 26290K (55%)
ptolemy.util.test.WatchDog.cancel(): canceling Thu Oct 03 05:48:41 UTC 2019
------------------ testing $PTII/ptolemy/domains/de/test/auto/triggerType.xml
auto.tcl: Setting watchdog for 200 seconds at Thu Oct 03 05:48:41 UTC 2019
2 ms. Memory: 48128K Free: 30339K (63%)
ptolemy.util.test.WatchDog.cancel(): canceling Thu Oct 03 05:48:41 UTC 2019
auto.tcl: Setting watchdog for 200 seconds at Thu Oct 03 05:48:41 UTC 2019
2 ms. Memory: 48128K Free: 29374K (61%)
ptolemy.util.test.WatchDog.cancel(): canceling Thu Oct 03 05:48:41 UTC 2019
10/03/19 05:48:41
Failed: 0  Total Tests: 192  ((Passed: 187, Newly Passed: 1)  Known Failed: 5) /home/travis/build/icyphy/ptII/ptolemy/domains/de/test
10/03/19 05:48:41
Failed: 0  Total Tests: 192  ((Passed: 187, Newly Passed: 1)  Known Failed: 5) /home/travis/build/icyphy/ptII/ptolemy/domains/de/test
----------------- testing (KnownFailure) /home/travis/build/icyphy/ptII/ptolemy/domains/de/test/auto/knownFailedTests/DESDFClockTest.xml
2010 ms. Memory: 48128K Free: 23734K (49%)
Known Failure: java.lang.reflect.InvocationTargetException
----------------- testing (KnownFailure) /home/travis/build/icyphy/ptII/ptolemy/domains/de/test/auto/knownFailedTests/DirectFeedback.xml
1 ms. Memory: 48128K Free: 20152K (42%)
Known Failure: java.lang.reflect.InvocationTargetException
----------------- testing (KnownFailure) /home/travis/build/icyphy/ptII/ptolemy/domains/de/test/auto/knownFailedTests/FSMSource.xml
15 ms. Memory: 48128K Free: 12984K (27%)
----------------- testing (KnownFailure) /home/travis/build/icyphy/ptII/ptolemy/domains/de/test/auto/knownFailedTests/HierarchicalModel.xml
3 ms. Memory: 48128K Free: 24185K (50%)
Known Failure: java.lang.reflect.InvocationTargetException
----------------- testing (KnownFailure) /home/travis/build/icyphy/ptII/ptolemy/domains/de/test/auto/knownFailedTests/dependencyLoop.xml
13 ms. Memory: 48128K Free: 8826K (18%)
Known Failure: java.lang.reflect.InvocationTargetException
----------------- testing (KnownFailure) /home/travis/build/icyphy/ptII/ptolemy/domains/de/test/auto/knownFailedTests/dependencyLoop2.xml
3 ms. Memory: 48128K Free: 20857K (43%)
Known Failure: java.lang.reflect.InvocationTargetException
No auto/linux-amd64/*.xml tests in /home/travis/build/icyphy/ptII/ptolemy/domains/de/test
AutoTests.java: About to close Vertx.
AutoTests.java: Vertx closed.

===========================================================================================
----------------- testing Thu Oct 03 05:48:43 UTC 2019 /home/travis/build/icyphy/ptII/ptolemy/domains/de/test/auto/ActorDepthCalculation_actorWithoutPorts.xml
----------------- Instantiating /home/travis/build/icyphy/ptII/ptolemy/domains/de/test/auto/ActorDepthCalculation_actorWithoutPorts.xml
3 ms. Memory: 48128K Free: 14109K (29%)
----------------- Invoking toplevel() on ptolemy.moml.MoMLSimpleApplication@5b9e9027
----------------- Done invoking toplevel() on ptolemy.moml.MoMLSimpleApplication@5b9e9027
reloadAllAccessors: .ActorDepthCalculation_actorWithoutPorts

===========================================================================================
----------------- testing Thu Oct 03 05:48:43 UTC 2019 /home/travis/build/icyphy/ptII/ptolemy/domains/de/test/auto/AssemblyLine.xml
----------------- Instantiating /home/travis/build/icyphy/ptII/ptolemy/domains/de/test/auto/AssemblyLine.xml
8 ms. Memory: 48128K Free: 33930K (70%)
----------------- Invoking toplevel() on ptolemy.moml.MoMLSimpleApplication@57955c10
----------------- Done invoking toplevel() on ptolemy.moml.MoMLSimpleApplication@57955c10
reloadAllAccessors: .AssemblyLine

===========================================================================================
----------------- testing Thu Oct 03 05:48:43 UTC 2019 /home/travis/build/icyphy/ptII/ptolemy/domains/de/test/auto/CQBug1.xml
----------------- Instantiating /home/travis/build/icyphy/ptII/ptolemy/domains/de/test/auto/CQBug1.xml
1 ms. Memory: 48128K Free: 30917K (64%)
----------------- Invoking toplevel() on ptolemy.moml.MoMLSimpleApplication@2184d331
----------------- Done invoking toplevel() on ptolemy.moml.MoMLSimpleApplication@2184d331
reloadAllAccessors: .CQBug1

===========================================================================================
----------------- testing Thu Oct 03 05:48:43 UTC 2019 /home/travis/build/icyphy/ptII/ptolemy/domains/de/test/auto/CancelFireAt.xml
----------------- Instantiating /home/travis/build/icyphy/ptII/ptolemy/domains/de/test/auto/CancelFireAt.xml
1 ms. Memory: 48128K Free: 28528K (59%)
----------------- Invoking toplevel() on ptolemy.moml.MoMLSimpleApplication@29ad9557
----------------- Done invoking toplevel() on ptolemy.moml.MoMLSimpleApplication@29ad9557
reloadAllAccessors: .CancelFireAt

===========================================================================================
----------------- testing Thu Oct 03 05:48:43 UTC 2019 /home/travis/build/icyphy/ptII/ptolemy/domains/de/test/auto/CausalityAndComposabilityAnalysis.xml
----------------- Instantiating /home/travis/build/icyphy/ptII/ptolemy/domains/de/test/auto/CausalityAndComposabilityAnalysis.xml
2 ms. Memory: 48128K Free: 24432K (51%)
----------------- Invoking toplevel() on ptolemy.moml.MoMLSimpleApplication@d7a7080
----------------- Done invoking toplevel() on ptolemy.moml.MoMLSimpleApplication@d7a7080
reloadAllAccessors: .CausalityAndComposabilityAnalysis

===========================================================================================
----------------- testing Thu Oct 03 05:48:44 UTC 2019 /home/travis/build/icyphy/ptII/ptolemy/domains/de/test/auto/CausalityInterface1.xml
----------------- Instantiating /home/travis/build/icyphy/ptII/ptolemy/domains/de/test/auto/CausalityInterface1.xml
7 ms. Memory: 48128K Free: 19514K (41%)
----------------- Invoking toplevel() on ptolemy.moml.MoMLSimpleApplication@14e9b61f
----------------- Done invoking toplevel() on ptolemy.moml.MoMLSimpleApplication@14e9b61f
reloadAllAccessors: .CausalityInterface1

===========================================================================================
----------------- testing Thu Oct 03 05:48:44 UTC 2019 /home/travis/build/icyphy/ptII/ptolemy/domains/de/test/auto/CausalityInterface15.xml
----------------- Instantiating /home/travis/build/icyphy/ptII/ptolemy/domains/de/test/auto/CausalityInterface15.xml
4 ms. Memory: 48128K Free: 14162K (29%)
----------------- Invoking toplevel() on ptolemy.moml.MoMLSimpleApplication@b325873
----------------- Done invoking toplevel() on ptolemy.moml.MoMLSimpleApplication@b325873
reloadAllAccessors: .CausalityInterface15

===========================================================================================
----------------- testing Thu Oct 03 05:48:44 UTC 2019 /home/travis/build/icyphy/ptII/ptolemy/domains/de/test/auto/CausalityInterface2.xml
----------------- Instantiating /home/travis/build/icyphy/ptII/ptolemy/domains/de/test/auto/CausalityInterface2.xml
2 ms. Memory: 48128K Free: 9452K (20%)
[...]
	at ptolemy.actor.Manager.run(Manager.java:1263)
	at ptolemy.actor.Manager$PtolemyRunThread.run(Manager.java:1933)
java.lang.RuntimeException: Execution failed
	at ptolemy.moml.MoMLSimpleApplication$UnloadThread.run(MoMLSimpleApplication.java:402)
Caused by: ptolemy.kernel.util.IllegalActionException: Actor is not ready to fire.  Perhaps UpSample.prefire() returned false? Try debugging the actor by selecting "Listen to Actor".  Also, for SDF check moml for tokenConsumptionRate on input.
  in .DESDFClockTest.Play Bell.Copy1:SDF Director and .DESDFClockTest.Play Bell.UpSample
	at ptolemy.actor.sched.StaticSchedulingDirector.fire(StaticSchedulingDirector.java:227)
	at ptolemy.domains.sdf.kernel.SDFDirector.fire(SDFDirector.java:500)
	at ptolemy.actor.CompositeActor.fire(CompositeActor.java:455)
	at ptolemy.domains.de.kernel.DEDirector._fire(DEDirector.java:1949)
	at ptolemy.domains.de.kernel.DEDirector.fire(DEDirector.java:502)
	at ptolemy.actor.CompositeActor.fire(CompositeActor.java:455)
	at ptolemy.actor.Manager.iterate(Manager.java:851)
	at ptolemy.actor.Manager.execute(Manager.java:369)
	at ptolemy.actor.Manager.run(Manager.java:1263)
	at ptolemy.actor.Manager$PtolemyRunThread.run(Manager.java:1933)
java.lang.reflect.InvocationTargetException
	at java.base/jdk.internal.reflect.NativeConstructorAccessorImpl.newInstance0(Native Method)
	at java.base/jdk.internal.reflect.NativeConstructorAccessorImpl.newInstance(NativeConstructorAccessorImpl.java:62)
	at java.base/jdk.internal.reflect.DelegatingConstructorAccessorImpl.newInstance(DelegatingConstructorAccessorImpl.java:45)
	at java.base/java.lang.reflect.Constructor.newInstance(Constructor.java:490)
	at ptolemy.util.test.junit.AutoKnownFailedTests.RunModel(AutoKnownFailedTests.java:105)
	at java.base/jdk.internal.reflect.NativeMethodAccessorImpl.invoke0(Native Method)
	at java.base/jdk.internal.reflect.NativeMethodAccessorImpl.invoke(NativeMethodAccessorImpl.java:62)
	at java.base/jdk.internal.reflect.DelegatingMethodAccessorImpl.invoke(DelegatingMethodAccessorImpl.java:43)
	at java.base/java.lang.reflect.Method.invoke(Method.java:566)
	at org.junit.runners.model.FrameworkMethod$1.runReflectiveCall(FrameworkMethod.java:44)
	at org.junit.internal.runners.model.ReflectiveCallable.run(ReflectiveCallable.java:15)
	at org.junit.runners.model.FrameworkMethod.invokeExplosively(FrameworkMethod.java:41)
	at junitparams.internal.InvokeParameterisedMethod.evaluate(InvokeParameterisedMethod.java:102)
	at org.junit.internal.runners.statements.FailOnTimeout$1.run(FailOnTimeout.java:28)
Caused by: ptolemy.kernel.util.IllegalActionException: Actor is not ready to fire.  Perhaps UpSample.prefire() returned false? Try debugging the actor by selecting "Listen to Actor".  Also, for SDF check moml for tokenConsumptionRate on input.
  in .DESDFClockTest.Play Bell.Copy1:SDF Director and .DESDFClockTest.Play Bell.UpSample
	at ptolemy.actor.sched.StaticSchedulingDirector.fire(StaticSchedulingDirector.java:227)
	at ptolemy.domains.sdf.kernel.SDFDirector.fire(SDFDirector.java:500)
	at ptolemy.actor.CompositeActor.fire(CompositeActor.java:455)
	at ptolemy.domains.de.kernel.DEDirector._fire(DEDirector.java:1949)
	at ptolemy.domains.de.kernel.DEDirector.fire(DEDirector.java:502)
	at ptolemy.actor.CompositeActor.fire(CompositeActor.java:455)
	at ptolemy.actor.Manager.iterate(Manager.java:851)
	at ptolemy.actor.Manager.execute(Manager.java:369)
	at ptolemy.actor.Manager.run(Manager.java:1263)
	at ptolemy.actor.Manager$PtolemyRunThread.run(Manager.java:1933)
java.lang.RuntimeException: Execution failed
	at ptolemy.moml.MoMLSimpleApplication$UnloadThread.run(MoMLSimpleApplication.java:402)
Caused by: ptolemy.kernel.util.IllegalActionException: Test fails in iteration 1.
Value was: 1.0. Should have been: 2.0
  in .DirectFeedback.Test
	at ptolemy.actor.lib.Test.fire(Test.java:268)
	at ptolemy.domains.de.kernel.DEDirector._fire(DEDirector.java:1949)
	at ptolemy.domains.de.kernel.DEDirector.fire(DEDirector.java:502)
	at ptolemy.actor.CompositeActor.fire(CompositeActor.java:455)
	at ptolemy.actor.Manager.iterate(Manager.java:851)
	at ptolemy.actor.Manager.execute(Manager.java:369)
	at ptolemy.actor.Manager.run(Manager.java:1263)
	at ptolemy.actor.Manager$PtolemyRunThread.run(Manager.java:1933)
java.lang.reflect.InvocationTargetException
	at java.base/jdk.internal.reflect.NativeConstructorAccessorImpl.newInstance0(Native Method)
	at java.base/jdk.internal.reflect.NativeConstructorAccessorImpl.newInstance(NativeConstructorAccessorImpl.java:62)
	at java.base/jdk.internal.reflect.DelegatingConstructorAccessorImpl.newInstance(DelegatingConstructorAccessorImpl.java:45)
	at java.base/java.lang.reflect.Constructor.newInstance(Constructor.java:490)
	at ptolemy.util.test.junit.AutoKnownFailedTests.RunModel(AutoKnownFailedTests.java:105)
	at java.base/jdk.internal.reflect.NativeMethodAccessorImpl.invoke0(Native Method)
	at java.base/jdk.internal.reflect.NativeMethodAccessorImpl.invoke(NativeMethodAccessorImpl.java:62)
	at java.base/jdk.internal.reflect.DelegatingMethodAccessorImpl.invoke(DelegatingMethodAccessorImpl.java:43)
	at java.base/java.lang.reflect.Method.invoke(Method.java:566)
	at org.junit.runners.model.FrameworkMethod$1.runReflectiveCall(FrameworkMethod.java:44)
	at org.junit.internal.runners.model.ReflectiveCallable.run(ReflectiveCallable.java:15)
	at org.junit.runners.model.FrameworkMethod.invokeExplosively(FrameworkMethod.java:41)
	at junitparams.internal.InvokeParameterisedMethod.evaluate(InvokeParameterisedMethod.java:102)
	at org.junit.internal.runners.statements.FailOnTimeout$1.run(FailOnTimeout.java:28)
Caused by: ptolemy.kernel.util.IllegalActionException: Test fails in iteration 1.
Value was: 1.0. Should have been: 2.0
  in .DirectFeedback.Test
	at ptolemy.actor.lib.Test.fire(Test.java:268)
	at ptolemy.domains.de.kernel.DEDirector._fire(DEDirector.java:1949)
	at ptolemy.domains.de.kernel.DEDirector.fire(DEDirector.java:502)
	at ptolemy.actor.CompositeActor.fire(CompositeActor.java:455)
	at ptolemy.actor.Manager.iterate(Manager.java:851)
	at ptolemy.actor.Manager.execute(Manager.java:369)
	at ptolemy.actor.Manager.run(Manager.java:1263)
	at ptolemy.actor.Manager$PtolemyRunThread.run(Manager.java:1933)
java.lang.RuntimeException: Execution failed
	at ptolemy.moml.MoMLSimpleApplication$UnloadThread.run(MoMLSimpleApplication.java:402)
Caused by: ptolemy.kernel.util.IllegalActionException: Found a zero delay loop containing .HierarchicalModel.A
  in .HierarchicalModel and .HierarchicalModel.A
	at ptolemy.actor.util.CausalityInterfaceForComposites._computeOutputPortDepth(CausalityInterfaceForComposites.java:759)
	at ptolemy.actor.util.CausalityInterfaceForComposites._computeInputDepth(CausalityInterfaceForComposites.java:696)
	at ptolemy.actor.util.CausalityInterfaceForComposites._computeOutputPortDepth(CausalityInterfaceForComposites.java:765)
	at ptolemy.actor.util.CausalityInterfaceForComposites._computeInputDepth(CausalityInterfaceForComposites.java:696)
	at ptolemy.actor.util.CausalityInterfaceForComposites._computeOutputPortDepth(CausalityInterfaceForComposites.java:765)
	at ptolemy.actor.util.CausalityInterfaceForComposites._computeInputDepth(CausalityInterfaceForComposites.java:696)
	at ptolemy.actor.util.CausalityInterfaceForComposites._computeActorDepth(CausalityInterfaceForComposites.java:532)
	at ptolemy.actor.util.CausalityInterfaceForComposites.checkForCycles(CausalityInterfaceForComposites.java:96)
	at ptolemy.domains.de.kernel.DEDirector.preinitialize(DEDirector.java:1338)
	at ptolemy.actor.CompositeActor.preinitialize(CompositeActor.java:1828)
	at ptolemy.actor.Manager.preinitializeAndResolveTypes(Manager.java:1040)
	at ptolemy.actor.Manager.initialize(Manager.java:710)
	at ptolemy.actor.Manager.execute(Manager.java:356)
	at ptolemy.actor.Manager.run(Manager.java:1263)
	at ptolemy.actor.Manager$PtolemyRunThread.run(Manager.java:1933)
java.lang.reflect.InvocationTargetException
	at java.base/jdk.internal.reflect.NativeConstructorAccessorImpl.newInstance0(Native Method)
	at java.base/jdk.internal.reflect.NativeConstructorAccessorImpl.newInstance(NativeConstructorAccessorImpl.java:62)
	at java.base/jdk.internal.reflect.DelegatingConstructorAccessorImpl.newInstance(DelegatingConstructorAccessorImpl.java:45)
	at java.base/java.lang.reflect.Constructor.newInstance(Constructor.java:490)
	at ptolemy.util.test.junit.AutoKnownFailedTests.RunModel(AutoKnownFailedTests.java:105)
	at java.base/jdk.internal.reflect.NativeMethodAccessorImpl.invoke0(Native Method)
	at java.base/jdk.internal.reflect.NativeMethodAccessorImpl.invoke(NativeMethodAccessorImpl.java:62)
	at java.base/jdk.internal.reflect.DelegatingMethodAccessorImpl.invoke(DelegatingMethodAccessorImpl.java:43)
	at java.base/java.lang.reflect.Method.invoke(Method.java:566)
	at org.junit.runners.model.FrameworkMethod$1.runReflectiveCall(FrameworkMethod.java:44)
	at org.junit.internal.runners.model.ReflectiveCallable.run(ReflectiveCallable.java:15)
	at org.junit.runners.model.FrameworkMethod.invokeExplosively(FrameworkMethod.java:41)
	at junitparams.internal.InvokeParameterisedMethod.evaluate(InvokeParameterisedMethod.java:102)
	at org.junit.internal.runners.statements.FailOnTimeout$1.run(FailOnTimeout.java:28)
Caused by: ptolemy.kernel.util.IllegalActionException: Found a zero delay loop containing .HierarchicalModel.A
  in .HierarchicalModel and .HierarchicalModel.A
	at ptolemy.actor.util.CausalityInterfaceForComposites._computeOutputPortDepth(CausalityInterfaceForComposites.java:759)
	at ptolemy.actor.util.CausalityInterfaceForComposites._computeInputDepth(CausalityInterfaceForComposites.java:696)
	at ptolemy.actor.util.CausalityInterfaceForComposites._computeOutputPortDepth(CausalityInterfaceForComposites.java:765)
	at ptolemy.actor.util.CausalityInterfaceForComposites._computeInputDepth(CausalityInterfaceForComposites.java:696)
	at ptolemy.actor.util.CausalityInterfaceForComposites._computeOutputPortDepth(CausalityInterfaceForComposites.java:765)
	at ptolemy.actor.util.CausalityInterfaceForComposites._computeInputDepth(CausalityInterfaceForComposites.java:696)
	at ptolemy.actor.util.CausalityInterfaceForComposites._computeActorDepth(CausalityInterfaceForComposites.java:532)
	at ptolemy.actor.util.CausalityInterfaceForComposites.checkForCycles(CausalityInterfaceForComposites.java:96)
	at ptolemy.domains.de.kernel.DEDirector.preinitialize(DEDirector.java:1338)
	at ptolemy.actor.CompositeActor.preinitialize(CompositeActor.java:1828)
	at ptolemy.actor.Manager.preinitializeAndResolveTypes(Manager.java:1040)
	at ptolemy.actor.Manager.initialize(Manager.java:710)
	at ptolemy.actor.Manager.execute(Manager.java:356)
	at ptolemy.actor.Manager.run(Manager.java:1263)
	at ptolemy.actor.Manager$PtolemyRunThread.run(Manager.java:1933)
java.lang.RuntimeException: Execution failed
	at ptolemy.moml.MoMLSimpleApplication$UnloadThread.run(MoMLSimpleApplication.java:402)
Caused by: ptolemy.kernel.util.IllegalActionException: Found a zero delay loop containing .dependencyLoop.original
  in .dependencyLoop and .dependencyLoop.original
	at ptolemy.actor.util.CausalityInterfaceForComposites._computeOutputPortDepth(CausalityInterfaceForComposites.java:759)
	at ptolemy.actor.util.CausalityInterfaceForComposites._computeInputDepth(CausalityInterfaceForComposites.java:696)
	at ptolemy.actor.util.CausalityInterfaceForComposites._computeOutputPortDepth(CausalityInterfaceForComposites.java:765)
	at ptolemy.actor.util.CausalityInterfaceForComposites._computeInputDepth(CausalityInterfaceForComposites.java:696)
	at ptolemy.actor.util.CausalityInterfaceForComposites._computeOutputPortDepth(CausalityInterfaceForComposites.java:765)
	at ptolemy.actor.util.CausalityInterfaceForComposites._computeInputDepth(CausalityInterfaceForComposites.java:696)
	at ptolemy.actor.util.CausalityInterfaceForComposites._computeActorDepth(CausalityInterfaceForComposites.java:532)
	at ptolemy.actor.util.CausalityInterfaceForComposites.checkForCycles(CausalityInterfaceForComposites.java:96)
	at ptolemy.domains.de.kernel.DEDirector.preinitialize(DEDirector.java:1338)
	at ptolemy.actor.CompositeActor.preinitialize(CompositeActor.java:1828)
	at ptolemy.actor.Manager.preinitializeAndResolveTypes(Manager.java:1040)
	at ptolemy.actor.Manager.initialize(Manager.java:710)
	at ptolemy.actor.Manager.execute(Manager.java:356)
	at ptolemy.actor.Manager.run(Manager.java:1263)
	at ptolemy.actor.Manager$PtolemyRunThread.run(Manager.java:1933)
java.lang.reflect.InvocationTargetException
	at java.base/jdk.internal.reflect.NativeConstructorAccessorImpl.newInstance0(Native Method)
	at java.base/jdk.internal.reflect.NativeConstructorAccessorImpl.newInstance(NativeConstructorAccessorImpl.java:62)
	at java.base/jdk.internal.reflect.DelegatingConstructorAccessorImpl.newInstance(DelegatingConstructorAccessorImpl.java:45)
	at java.base/java.lang.reflect.Constructor.newInstance(Constructor.java:490)
	at ptolemy.util.test.junit.AutoKnownFailedTests.RunModel(AutoKnownFailedTests.java:105)
	at java.base/jdk.internal.reflect.NativeMethodAccessorImpl.invoke0(Native Method)
	at java.base/jdk.internal.reflect.NativeMethodAccessorImpl.invoke(NativeMethodAccessorImpl.java:62)
	at java.base/jdk.internal.reflect.DelegatingMethodAccessorImpl.invoke(DelegatingMethodAccessorImpl.java:43)
	at java.base/java.lang.reflect.Method.invoke(Method.java:566)
	at org.junit.runners.model.FrameworkMethod$1.runReflectiveCall(FrameworkMethod.java:44)
	at org.junit.internal.runners.model.ReflectiveCallable.run(ReflectiveCallable.java:15)
	at org.junit.runners.model.FrameworkMethod.invokeExplosively(FrameworkMethod.java:41)
	at junitparams.internal.InvokeParameterisedMethod.evaluate(InvokeParameterisedMethod.java:102)
	at org.junit.internal.runners.statements.FailOnTimeout$1.run(FailOnTimeout.java:28)
Caused by: ptolemy.kernel.util.IllegalActionException: Found a zero delay loop containing .dependencyLoop.original
  in .dependencyLoop and .dependencyLoop.original
	at ptolemy.actor.util.CausalityInterfaceForComposites._computeOutputPortDepth(CausalityInterfaceForComposites.java:759)
	at ptolemy.actor.util.CausalityInterfaceForComposites._computeInputDepth(CausalityInterfaceForComposites.java:696)
	at ptolemy.actor.util.CausalityInterfaceForComposites._computeOutputPortDepth(CausalityInterfaceForComposites.java:765)
	at ptolemy.actor.util.CausalityInterfaceForComposites._computeInputDepth(CausalityInterfaceForComposites.java:696)
	at ptolemy.actor.util.CausalityInterfaceForComposites._computeOutputPortDepth(CausalityInterfaceForComposites.java:765)
	at ptolemy.actor.util.CausalityInterfaceForComposites._computeInputDepth(CausalityInterfaceForComposites.java:696)
	at ptolemy.actor.util.CausalityInterfaceForComposites._computeActorDepth(CausalityInterfaceForComposites.java:532)
	at ptolemy.actor.util.CausalityInterfaceForComposites.checkForCycles(CausalityInterfaceForComposites.java:96)
	at ptolemy.domains.de.kernel.DEDirector.preinitialize(DEDirector.java:1338)
	at ptolemy.actor.CompositeActor.preinitialize(CompositeActor.java:1828)
	at ptolemy.actor.Manager.preinitializeAndResolveTypes(Manager.java:1040)
	at ptolemy.actor.Manager.initialize(Manager.java:710)
	at ptolemy.actor.Manager.execute(Manager.java:356)
	at ptolemy.actor.Manager.run(Manager.java:1263)
	at ptolemy.actor.Manager$PtolemyRunThread.run(Manager.java:1933)
java.lang.RuntimeException: Execution failed
	at ptolemy.moml.MoMLSimpleApplication$UnloadThread.run(MoMLSimpleApplication.java:402)
Caused by: ptolemy.kernel.util.IllegalActionException: Found a zero delay loop containing .dependencyLoop2.original
  in .dependencyLoop2 and .dependencyLoop2.original
	at ptolemy.actor.util.CausalityInterfaceForComposites._computeOutputPortDepth(CausalityInterfaceForComposites.java:759)
	at ptolemy.actor.util.CausalityInterfaceForComposites._computeInputDepth(CausalityInterfaceForComposites.java:696)
	at ptolemy.actor.util.CausalityInterfaceForComposites._computeOutputPortDepth(CausalityInterfaceForComposites.java:765)
	at ptolemy.actor.util.CausalityInterfaceForComposites._computeInputDepth(CausalityInterfaceForComposites.java:696)
	at ptolemy.actor.util.CausalityInterfaceForComposites._computeOutputPortDepth(CausalityInterfaceForComposites.java:765)
	at ptolemy.actor.util.CausalityInterfaceForComposites._computeInputDepth(CausalityInterfaceForComposites.java:696)
	at ptolemy.actor.util.CausalityInterfaceForComposites._computeActorDepth(CausalityInterfaceForComposites.java:532)
	at ptolemy.actor.util.CausalityInterfaceForComposites.checkForCycles(CausalityInterfaceForComposites.java:96)
	at ptolemy.domains.de.kernel.DEDirector.preinitialize(DEDirector.java:1338)
	at ptolemy.actor.CompositeActor.preinitialize(CompositeActor.java:1828)
	at ptolemy.actor.Manager.preinitializeAndResolveTypes(Manager.java:1040)
	at ptolemy.actor.Manager.initialize(Manager.java:710)
	at ptolemy.actor.Manager.execute(Manager.java:356)
	at ptolemy.actor.Manager.run(Manager.java:1263)
	at ptolemy.actor.Manager$PtolemyRunThread.run(Manager.java:1933)
java.lang.reflect.InvocationTargetException
	at java.base/jdk.internal.reflect.NativeConstructorAccessorImpl.newInstance0(Native Method)
	at java.base/jdk.internal.reflect.NativeConstructorAccessorImpl.newInstance(NativeConstructorAccessorImpl.java:62)
	at java.base/jdk.internal.reflect.DelegatingConstructorAccessorImpl.newInstance(DelegatingConstructorAccessorImpl.java:45)
	at java.base/java.lang.reflect.Constructor.newInstance(Constructor.java:490)
	at ptolemy.util.test.junit.AutoKnownFailedTests.RunModel(AutoKnownFailedTests.java:105)
	at java.base/jdk.internal.reflect.NativeMethodAccessorImpl.invoke0(Native Method)
	at java.base/jdk.internal.reflect.NativeMethodAccessorImpl.invoke(NativeMethodAccessorImpl.java:62)
	at java.base/jdk.internal.reflect.DelegatingMethodAccessorImpl.invoke(DelegatingMethodAccessorImpl.java:43)
	at java.base/java.lang.reflect.Method.invoke(Method.java:566)
	at org.junit.runners.model.FrameworkMethod$1.runReflectiveCall(FrameworkMethod.java:44)
	at org.junit.internal.runners.model.ReflectiveCallable.run(ReflectiveCallable.java:15)
	at org.junit.runners.model.FrameworkMethod.invokeExplosively(FrameworkMethod.java:41)
	at junitparams.internal.InvokeParameterisedMethod.evaluate(InvokeParameterisedMethod.java:102)
	at org.junit.internal.runners.statements.FailOnTimeout$1.run(FailOnTimeout.java:28)
Caused by: ptolemy.kernel.util.IllegalActionException: Found a zero delay loop containing .dependencyLoop2.original
  in .dependencyLoop2 and .dependencyLoop2.original
	at ptolemy.actor.util.CausalityInterfaceForComposites._computeOutputPortDepth(CausalityInterfaceForComposites.java:759)
	at ptolemy.actor.util.CausalityInterfaceForComposites._computeInputDepth(CausalityInterfaceForComposites.java:696)
	at ptolemy.actor.util.CausalityInterfaceForComposites._computeOutputPortDepth(CausalityInterfaceForComposites.java:765)
	at ptolemy.actor.util.CausalityInterfaceForComposites._computeInputDepth(CausalityInterfaceForComposites.java:696)
	at ptolemy.actor.util.CausalityInterfaceForComposites._computeOutputPortDepth(CausalityInterfaceForComposites.java:765)
	at ptolemy.actor.util.CausalityInterfaceForComposites._computeInputDepth(CausalityInterfaceForComposites.java:696)
	at ptolemy.actor.util.CausalityInterfaceForComposites._computeActorDepth(CausalityInterfaceForComposites.java:532)
	at ptolemy.actor.util.CausalityInterfaceForComposites.checkForCycles(CausalityInterfaceForComposites.java:96)
	at ptolemy.domains.de.kernel.DEDirector.preinitialize(DEDirector.java:1338)
	at ptolemy.actor.CompositeActor.preinitialize(CompositeActor.java:1828)
	at ptolemy.actor.Manager.preinitializeAndResolveTypes(Manager.java:1040)
	at ptolemy.actor.Manager.initialize(Manager.java:710)
	at ptolemy.actor.Manager.execute(Manager.java:356)
	at ptolemy.actor.Manager.run(Manager.java:1263)
	at ptolemy.actor.Manager$PtolemyRunThread.run(Manager.java:1933)
]]></system-err>
</testsuite>
