<?xml version="1.0" encoding="UTF-8" ?>
<testsuite errors="0" failures="0" hostname="travis-job-9c0c4ec9-5f20-4bfb-b9c1-9a6dd122586b" name="ptolemy.domains.de.test.junit.JUnitTclTest" skipped="0" tests="101" time="134.543" timestamp="2019-07-04T04:42:32">
  <properties>
[...]
</properties>
  <testcase classname="ptolemy.util.test.junit.TclTests" name="[0] /home/travis/build/icyphy/ptII/ptolemy/domains/de/test/DependencyLoop.tcl (RunTclFile)" time="1.007" />
  <testcase classname="ptolemy.util.test.junit.TclTests" name="[1] /home/travis/build/icyphy/ptII/ptolemy/domains/de/test/RunDETestsAsQSS.tcl (RunTclFile)" time="91.32" />
  <testcase classname="ptolemy.util.test.junit.AutoKnownFailedTests" name="[0] /home/travis/build/icyphy/ptII/ptolemy/domains/de/test/auto/knownFailedTests/DESDFClockTest.xml (RunModel)" time="2.038" />
  <testcase classname="ptolemy.util.test.junit.AutoKnownFailedTests" name="[1] /home/travis/build/icyphy/ptII/ptolemy/domains/de/test/auto/knownFailedTests/DirectFeedback.xml (RunModel)" time="0.014" />
  <testcase classname="ptolemy.util.test.junit.AutoKnownFailedTests" name="[2] /home/travis/build/icyphy/ptII/ptolemy/domains/de/test/auto/knownFailedTests/FSMSource.xml (RunModel)" time="0.03" />
  <testcase classname="ptolemy.util.test.junit.AutoKnownFailedTests" name="[3] /home/travis/build/icyphy/ptII/ptolemy/domains/de/test/auto/knownFailedTests/HierarchicalModel.xml (RunModel)" time="0.047" />
  <testcase classname="ptolemy.util.test.junit.AutoKnownFailedTests" name="[4] /home/travis/build/icyphy/ptII/ptolemy/domains/de/test/auto/knownFailedTests/dependencyLoop.xml (RunModel)" time="0.04" />
  <testcase classname="ptolemy.util.test.junit.AutoKnownFailedTests" name="[5] /home/travis/build/icyphy/ptII/ptolemy/domains/de/test/auto/knownFailedTests/dependencyLoop2.xml (RunModel)" time="0.044" />
  <testcase classname="ptolemy.util.test.junit.AutoNameArchTests" name="[0] ThereAreNoAutoArchTests (RunModel)" time="0.001" />
  <testcase classname="ptolemy.util.test.junit.AutoTests" name="[0] /home/travis/build/icyphy/ptII/ptolemy/domains/de/test/auto/ActorDepthCalculation_actorWithoutPorts.xml (RunModel)" time="0.029" />
  <testcase classname="ptolemy.util.test.junit.AutoTests" name="[1] /home/travis/build/icyphy/ptII/ptolemy/domains/de/test/auto/AssemblyLine.xml (RunModel)" time="0.022" />
  <testcase classname="ptolemy.util.test.junit.AutoTests" name="[2] /home/travis/build/icyphy/ptII/ptolemy/domains/de/test/auto/CQBug1.xml (RunModel)" time="0.009" />
  <testcase classname="ptolemy.util.test.junit.AutoTests" name="[3] /home/travis/build/icyphy/ptII/ptolemy/domains/de/test/auto/CancelFireAt.xml (RunModel)" time="0.012" />
  <testcase classname="ptolemy.util.test.junit.AutoTests" name="[4] /home/travis/build/icyphy/ptII/ptolemy/domains/de/test/auto/CausalityAndComposabilityAnalysis.xml (RunModel)" time="0.021" />
  <testcase classname="ptolemy.util.test.junit.AutoTests" name="[5] /home/travis/build/icyphy/ptII/ptolemy/domains/de/test/auto/CausalityInterface1.xml (RunModel)" time="0.02" />
  <testcase classname="ptolemy.util.test.junit.AutoTests" name="[6] /home/travis/build/icyphy/ptII/ptolemy/domains/de/test/auto/CausalityInterface15.xml (RunModel)" time="0.019" />
  <testcase classname="ptolemy.util.test.junit.AutoTests" name="[7] /home/travis/build/icyphy/ptII/ptolemy/domains/de/test/auto/CausalityInterface2.xml (RunModel)" time="0.013" />
  <testcase classname="ptolemy.util.test.junit.AutoTests" name="[8] /home/travis/build/icyphy/ptII/ptolemy/domains/de/test/auto/CausalityInterface3.xml (RunModel)" time="0.012" />
  <testcase classname="ptolemy.util.test.junit.AutoTests" name="[9] /home/travis/build/icyphy/ptII/ptolemy/domains/de/test/auto/ClockDrift.xml (RunModel)" time="0.041" />
  <testcase classname="ptolemy.util.test.junit.AutoTests" name="[10] /home/travis/build/icyphy/ptII/ptolemy/domains/de/test/auto/ClockDriftAndValueChange.xml (RunModel)" time="0.035" />
  <testcase classname="ptolemy.util.test.junit.AutoTests" name="[11] /home/travis/build/icyphy/ptII/ptolemy/domains/de/test/auto/ClockDriftChange.xml (RunModel)" time="0.039" />
  <testcase classname="ptolemy.util.test.junit.AutoTests" name="[12] /home/travis/build/icyphy/ptII/ptolemy/domains/de/test/auto/ComposableCausalityAnalysis.xml (RunModel)" time="0.015" />
  <testcase classname="ptolemy.util.test.junit.AutoTests" name="[13] /home/travis/build/icyphy/ptII/ptolemy/domains/de/test/auto/DEFixedPointLimitation.xml (RunModel)" time="0.009" />
  <testcase classname="ptolemy.util.test.junit.AutoTests" name="[14] /home/travis/build/icyphy/ptII/ptolemy/domains/de/test/auto/DEScheduleTest.xml (RunModel)" time="0.015" />
  <testcase classname="ptolemy.util.test.junit.AutoTests" name="[15] /home/travis/build/icyphy/ptII/ptolemy/domains/de/test/auto/DEinDEwithStartTimes.xml (RunModel)" time="0.022" />
  <testcase classname="ptolemy.util.test.junit.AutoTests" name="[16] /home/travis/build/icyphy/ptII/ptolemy/domains/de/test/auto/DEinDEwithStartTimes2.xml (RunModel)" time="0.013" />
  <testcase classname="ptolemy.util.test.junit.AutoTests" name="[17] /home/travis/build/icyphy/ptII/ptolemy/domains/de/test/auto/DateDemo.xml (RunModel)" time="0.035" />
  <testcase classname="ptolemy.util.test.junit.AutoTests" name="[18] /home/travis/build/icyphy/ptII/ptolemy/domains/de/test/auto/DateToEvent.xml (RunModel)" time="2.055" />
  <testcase classname="ptolemy.util.test.junit.AutoTests" name="[19] /home/travis/build/icyphy/ptII/ptolemy/domains/de/test/auto/DepthTest1.xml (RunModel)" time="0.007" />
  <testcase classname="ptolemy.util.test.junit.AutoTests" name="[20] /home/travis/build/icyphy/ptII/ptolemy/domains/de/test/auto/DepthTest2.xml (RunModel)" time="0.021" />
  <testcase classname="ptolemy.util.test.junit.AutoTests" name="[21] /home/travis/build/icyphy/ptII/ptolemy/domains/de/test/auto/DepthTest3.xml (RunModel)" time="0.014" />
  <testcase classname="ptolemy.util.test.junit.AutoTests" name="[22] /home/travis/build/icyphy/ptII/ptolemy/domains/de/test/auto/DepthTest4.xml (RunModel)" time="0.034" />
  <testcase classname="ptolemy.util.test.junit.AutoTests" name="[23] /home/travis/build/icyphy/ptII/ptolemy/domains/de/test/auto/DepthTest5.xml (RunModel)" time="0.015" />
  <testcase classname="ptolemy.util.test.junit.AutoTests" name="[24] /home/travis/build/icyphy/ptII/ptolemy/domains/de/test/auto/DepthTest6.xml (RunModel)" time="0.014" />
  <testcase classname="ptolemy.util.test.junit.AutoTests" name="[25] /home/travis/build/icyphy/ptII/ptolemy/domains/de/test/auto/DepthTest7.xml (RunModel)" time="0.013" />
  <testcase classname="ptolemy.util.test.junit.AutoTests" name="[26] /home/travis/build/icyphy/ptII/ptolemy/domains/de/test/auto/EventToDate.xml (RunModel)" time="3.046" />
  <testcase classname="ptolemy.util.test.junit.AutoTests" name="[27] /home/travis/build/icyphy/ptII/ptolemy/domains/de/test/auto/FSM1.xml (RunModel)" time="0.046" />
  <testcase classname="ptolemy.util.test.junit.AutoTests" name="[28] /home/travis/build/icyphy/ptII/ptolemy/domains/de/test/auto/FSM7.xml (RunModel)" time="0.041" />
  <testcase classname="ptolemy.util.test.junit.AutoTests" name="[29] /home/travis/build/icyphy/ptII/ptolemy/domains/de/test/auto/Inspection.xml (RunModel)" time="0.064" />
  <testcase classname="ptolemy.util.test.junit.AutoTests" name="[30] /home/travis/build/icyphy/ptII/ptolemy/domains/de/test/auto/Iteration.xml (RunModel)" time="0.024" />
  <testcase classname="ptolemy.util.test.junit.AutoTests" name="[31] /home/travis/build/icyphy/ptII/ptolemy/domains/de/test/auto/LineFault.xml (RunModel)" time="0.627" />
  <testcase classname="ptolemy.util.test.junit.AutoTests" name="[32] /home/travis/build/icyphy/ptII/ptolemy/domains/de/test/auto/MergeModel1Add.xml (RunModel)" time="0.06" />
  <testcase classname="ptolemy.util.test.junit.AutoTests" name="[33] /home/travis/build/icyphy/ptII/ptolemy/domains/de/test/auto/MergeModel2Add.xml (RunModel)" time="0.044" />
  <testcase classname="ptolemy.util.test.junit.AutoTests" name="[34] /home/travis/build/icyphy/ptII/ptolemy/domains/de/test/auto/MergeModel3Add.xml (RunModel)" time="0.049" />
  <testcase classname="ptolemy.util.test.junit.AutoTests" name="[35] /home/travis/build/icyphy/ptII/ptolemy/domains/de/test/auto/MergeWithoutDiscard.xml (RunModel)" time="0.015" />
  <testcase classname="ptolemy.util.test.junit.AutoTests" name="[36] /home/travis/build/icyphy/ptII/ptolemy/domains/de/test/auto/Modal1.xml (RunModel)" time="0.042" />
  <testcase classname="ptolemy.util.test.junit.AutoTests" name="[37] /home/travis/build/icyphy/ptII/ptolemy/domains/de/test/auto/Modal2.xml (RunModel)" time="0.036" />
  <testcase classname="ptolemy.util.test.junit.AutoTests" name="[38] /home/travis/build/icyphy/ptII/ptolemy/domains/de/test/auto/Modal3.xml (RunModel)" time="0.031" />
  <testcase classname="ptolemy.util.test.junit.AutoTests" name="[39] /home/travis/build/icyphy/ptII/ptolemy/domains/de/test/auto/Modal4.xml (RunModel)" time="0.041" />
  <testcase classname="ptolemy.util.test.junit.AutoTests" name="[40] /home/travis/build/icyphy/ptII/ptolemy/domains/de/test/auto/Modal5.xml (RunModel)" time="0.037" />
  <testcase classname="ptolemy.util.test.junit.AutoTests" name="[41] /home/travis/build/icyphy/ptII/ptolemy/domains/de/test/auto/Modal6.xml (RunModel)" time="0.031" />
  <testcase classname="ptolemy.util.test.junit.AutoTests" name="[42] /home/travis/build/icyphy/ptII/ptolemy/domains/de/test/auto/Modal7.xml (RunModel)" time="0.034" />
  <testcase classname="ptolemy.util.test.junit.AutoTests" name="[43] /home/travis/build/icyphy/ptII/ptolemy/domains/de/test/auto/ModalModel.xml (RunModel)" time="0.186" />
  <testcase classname="ptolemy.util.test.junit.AutoTests" name="[44] /home/travis/build/icyphy/ptII/ptolemy/domains/de/test/auto/ModalSource.xml (RunModel)" time="0.023" />
  <testcase classname="ptolemy.util.test.junit.AutoTests" name="[45] /home/travis/build/icyphy/ptII/ptolemy/domains/de/test/auto/NonInterruptibleTimerZeroDelay.xml (RunModel)" time="0.01" />
  <testcase classname="ptolemy.util.test.junit.AutoTests" name="[46] /home/travis/build/icyphy/ptII/ptolemy/domains/de/test/auto/OpenQueueingNetwork.xml (RunModel)" time="2.63" />
  <testcase classname="ptolemy.util.test.junit.AutoTests" name="[47] /home/travis/build/icyphy/ptII/ptolemy/domains/de/test/auto/OpenQueuingNetwork.xml (RunModel)" time="0.285" />
  <testcase classname="ptolemy.util.test.junit.AutoTests" name="[48] /home/travis/build/icyphy/ptII/ptolemy/domains/de/test/auto/PeriodicSampler.xml (RunModel)" time="0.011" />
  <testcase classname="ptolemy.util.test.junit.AutoTests" name="[49] /home/travis/build/icyphy/ptII/ptolemy/domains/de/test/auto/PersistentIO.xml (RunModel)" time="0.025" />
  <testcase classname="ptolemy.util.test.junit.AutoTests" name="[50] /home/travis/build/icyphy/ptII/ptolemy/domains/de/test/auto/PortParameterResetOnInitialize.xml (RunModel)" time="0.009" />
  <testcase classname="ptolemy.util.test.junit.AutoTests" name="[51] /home/travis/build/icyphy/ptII/ptolemy/domains/de/test/auto/PortParameterUpdates.xml (RunModel)" time="0.013" />
  <testcase classname="ptolemy.util.test.junit.AutoTests" name="[52] /home/travis/build/icyphy/ptII/ptolemy/domains/de/test/auto/QueueAndServer.xml (RunModel)" time="0.026" />
  <testcase classname="ptolemy.util.test.junit.AutoTests" name="[53] /home/travis/build/icyphy/ptII/ptolemy/domains/de/test/auto/Records.xml (RunModel)" time="0.014" />
  <testcase classname="ptolemy.util.test.junit.AutoTests" name="[54] /home/travis/build/icyphy/ptII/ptolemy/domains/de/test/auto/ResetTransitionWithStartTime1.xml (RunModel)" time="0.017" />
  <testcase classname="ptolemy.util.test.junit.AutoTests" name="[55] /home/travis/build/icyphy/ptII/ptolemy/domains/de/test/auto/ResetTransitionWithStartTime2.xml (RunModel)" time="0.018" />
  <testcase classname="ptolemy.util.test.junit.AutoTests" name="[56] /home/travis/build/icyphy/ptII/ptolemy/domains/de/test/auto/ResetTransitionWithStartTime3.xml (RunModel)" time="0.018" />
  <testcase classname="ptolemy.util.test.junit.AutoTests" name="[57] /home/travis/build/icyphy/ptII/ptolemy/domains/de/test/auto/ResetTransitionWithStartTime4.xml (RunModel)" time="0.017" />
  <testcase classname="ptolemy.util.test.junit.AutoTests" name="[58] /home/travis/build/icyphy/ptII/ptolemy/domains/de/test/auto/ResettableTimer1.xml (RunModel)" time="0.011" />
  <testcase classname="ptolemy.util.test.junit.AutoTests" name="[59] /home/travis/build/icyphy/ptII/ptolemy/domains/de/test/auto/ResettableTimer2.xml (RunModel)" time="0.01" />
  <testcase classname="ptolemy.util.test.junit.AutoTests" name="[60] /home/travis/build/icyphy/ptII/ptolemy/domains/de/test/auto/ResettableTimer3.xml (RunModel)" time="0.008" />
  <testcase classname="ptolemy.util.test.junit.AutoTests" name="[61] /home/travis/build/icyphy/ptII/ptolemy/domains/de/test/auto/ResettableTimer4.xml (RunModel)" time="0.009" />
  <testcase classname="ptolemy.util.test.junit.AutoTests" name="[62] /home/travis/build/icyphy/ptII/ptolemy/domains/de/test/auto/ResettableTimer5.xml (RunModel)" time="0.009" />
  <testcase classname="ptolemy.util.test.junit.AutoTests" name="[63] /home/travis/build/icyphy/ptII/ptolemy/domains/de/test/auto/ResettableTimer6.xml (RunModel)" time="0.018" />
  <testcase classname="ptolemy.util.test.junit.AutoTests" name="[64] /home/travis/build/icyphy/ptII/ptolemy/domains/de/test/auto/ServerZeroDelay.xml (RunModel)" time="0.012" />
  <testcase classname="ptolemy.util.test.junit.AutoTests" name="[65] /home/travis/build/icyphy/ptII/ptolemy/domains/de/test/auto/SmartSender.xml (RunModel)" time="3.01" />
  <testcase classname="ptolemy.util.test.junit.AutoTests" name="[66] /home/travis/build/icyphy/ptII/ptolemy/domains/de/test/auto/ThreadedComposite.xml (RunModel)" time="0.136" />
  <testcase classname="ptolemy.util.test.junit.AutoTests" name="[67] /home/travis/build/icyphy/ptII/ptolemy/domains/de/test/auto/Time.xml (RunModel)" time="0.474" />
  <testcase classname="ptolemy.util.test.junit.AutoTests" name="[68] /home/travis/build/icyphy/ptII/ptolemy/domains/de/test/auto/TimeDelayZeroDelay.xml (RunModel)" time="0.012" />
  <testcase classname="ptolemy.util.test.junit.AutoTests" name="[69] /home/travis/build/icyphy/ptII/ptolemy/domains/de/test/auto/TimerZeroDelay.xml (RunModel)" time="0.009" />
  <testcase classname="ptolemy.util.test.junit.AutoTests" name="[70] /home/travis/build/icyphy/ptII/ptolemy/domains/de/test/auto/TimingParadox.xml (RunModel)" time="0.382" />
  <testcase classname="ptolemy.util.test.junit.AutoTests" name="[71] /home/travis/build/icyphy/ptII/ptolemy/domains/de/test/auto/TransferInputs.xml (RunModel)" time="0.014" />
  <testcase classname="ptolemy.util.test.junit.AutoTests" name="[72] /home/travis/build/icyphy/ptII/ptolemy/domains/de/test/auto/TransferOutputs2.xml (RunModel)" time="0.013" />
  <testcase classname="ptolemy.util.test.junit.AutoTests" name="[73] /home/travis/build/icyphy/ptII/ptolemy/domains/de/test/auto/Trilateration.xml (RunModel)" time="12.766" />
  <testcase classname="ptolemy.util.test.junit.AutoTests" name="[74] /home/travis/build/icyphy/ptII/ptolemy/domains/de/test/auto/TwoSigmaDelta.xml (RunModel)" time="2.319" />
  <testcase classname="ptolemy.util.test.junit.AutoTests" name="[75] /home/travis/build/icyphy/ptII/ptolemy/domains/de/test/auto/VariableDelay.xml (RunModel)" time="0.024" />
  <testcase classname="ptolemy.util.test.junit.AutoTests" name="[76] /home/travis/build/icyphy/ptII/ptolemy/domains/de/test/auto/VariableDelay2.xml (RunModel)" time="0.014" />
  <testcase classname="ptolemy.util.test.junit.AutoTests" name="[77] /home/travis/build/icyphy/ptII/ptolemy/domains/de/test/auto/VariableDelayZeroDelay.xml (RunModel)" time="0.032" />
  <testcase classname="ptolemy.util.test.junit.AutoTests" name="[78] /home/travis/build/icyphy/ptII/ptolemy/domains/de/test/auto/VariableDelayZeroDelay2.xml (RunModel)" time="0.016" />
  <testcase classname="ptolemy.util.test.junit.AutoTests" name="[79] /home/travis/build/icyphy/ptII/ptolemy/domains/de/test/auto/deInCt.xml (RunModel)" time="0.017" />
  <testcase classname="ptolemy.util.test.junit.AutoTests" name="[80] /home/travis/build/icyphy/ptII/ptolemy/domains/de/test/auto/deInCt2.xml (RunModel)" time="0.02" />
  <testcase classname="ptolemy.util.test.junit.AutoTests" name="[81] /home/travis/build/icyphy/ptII/ptolemy/domains/de/test/auto/dynamicCausalityInterface1.xml (RunModel)" time="0.017" />
  <testcase classname="ptolemy.util.test.junit.AutoTests" name="[82] /home/travis/build/icyphy/ptII/ptolemy/domains/de/test/auto/fsm_de_test.xml (RunModel)" time="0.02" />
  <testcase classname="ptolemy.util.test.junit.AutoTests" name="[83] /home/travis/build/icyphy/ptII/ptolemy/domains/de/test/auto/functionDependencyReconstruction.xml (RunModel)" time="0.032" />
  <testcase classname="ptolemy.util.test.junit.AutoTests" name="[84] /home/travis/build/icyphy/ptII/ptolemy/domains/de/test/auto/multirate.xml (RunModel)" time="0.015" />
  <testcase classname="ptolemy.util.test.junit.AutoTests" name="[85] /home/travis/build/icyphy/ptII/ptolemy/domains/de/test/auto/multirate2.xml (RunModel)" time="0.021" />
  <testcase classname="ptolemy.util.test.junit.AutoTests" name="[86] /home/travis/build/icyphy/ptII/ptolemy/domains/de/test/auto/realtime.xml (RunModel)" time="10.01" />
  <testcase classname="ptolemy.util.test.junit.AutoTests" name="[87] /home/travis/build/icyphy/ptII/ptolemy/domains/de/test/auto/relationGroup.xml (RunModel)" time="0.018" />
  <testcase classname="ptolemy.util.test.junit.AutoTests" name="[88] /home/travis/build/icyphy/ptII/ptolemy/domains/de/test/auto/relationGroup2.xml (RunModel)" time="0.012" />
  <testcase classname="ptolemy.util.test.junit.AutoTests" name="[89] /home/travis/build/icyphy/ptII/ptolemy/domains/de/test/auto/sortWithOpaquePorts.xml (RunModel)" time="0.022" />
  <testcase classname="ptolemy.util.test.junit.AutoTests" name="[90] /home/travis/build/icyphy/ptII/ptolemy/domains/de/test/auto/transferInputsandOutputs.xml (RunModel)" time="0.023" />
  <testcase classname="ptolemy.util.test.junit.AutoTests" name="[91] /home/travis/build/icyphy/ptII/ptolemy/domains/de/test/auto/triggerType.xml (RunModel)" time="0.009" />
  <system-out><![CDATA[/home/travis/build/icyphy/ptII/ptolemy/domains/de/test/DependencyLoop.tcl
testDefs.tcl: setting time out to 9000 seconds at Thu Jul 04 04:42:32 UTC 2019
66 ms. Memory: 120832K Free: 100152K (83%)
26 ms. Memory: 159744K Free: 142723K (89%)
/home/travis/build/icyphy/ptII/ptolemy/domains/de/test/RunDETestsAsQSS.tcl
Run the DE tests using ptolemy.domains.qss.test.QSSDirectorTest, which extends QSSDirector and prints a message in the constructors.
------------------ testing $PTII/ptolemy/domains/de/test/auto/knownFailedTests/DirectFeedback.xml (Known Failure) 
65 ms. Memory: 159744K Free: 137673K (86%)


==== $PTIIhome/travis/build/icyphy/ptII/ptolemy/domains/de/test/../../../../: Auto Automatic test in file $PTII/ptolemy/domains/de/test/auto/knownFailedTests/DirectFeedback.xml
==== Contents of test case:

	    # FIXME: we should use $relativeFilename here, but it
	    # might have backslashes under Windows, which causes no end
	    # of trouble.
	    createAndExecute $file
	    list {}
	
.... Test generated KNOWN error:
    while executing
ptolemy.kernel.util.IllegalActionException: Test fails in iteration 1.
Value was: 1.0. Should have been: 2.0
  in .DirectFeedback.Test
	at ptolemy.actor.lib.Test.fire(Test.java:268)
	at ptolemy.domains.de.kernel.DEDirector._fire(DEDirector.java:1949)
	at ptolemy.domains.de.kernel.DEDirector.fire(DEDirector.java:502)
	at ptolemy.actor.CompositeActor.fire(CompositeActor.java:455)
	at ptolemy.actor.Manager.iterate(Manager.java:851)
	at ptolemy.actor.Manager.execute(Manager.java:369)
	at ptolemy.actor.Manager.run(Manager.java:1263)
	at ptolemy.actor.Manager$PtolemyRunThread.run(Manager.java:1915)

    while executing
ptolemy.kernel.util.IllegalActionException: Test fails in iteration 1.
Value was: 1.0. Should have been: 2.0
  in .DirectFeedback.Test
    while executing
"java::new ptolemy.moml.MoMLSimpleApplication $file
"
    (procedure "createAndExecute" line 2)
    invoked from within
"createAndExecute $file"
    ("uplevel" body line 5)
    invoked from within
"uplevel $contents_of_test"
------------------ testing $PTII/ptolemy/domains/de/test/auto/knownFailedTests/dependencyLoop.xml (Known Failure) 
9 ms. Memory: 159744K Free: 134856K (84%)


==== $PTIIhome/travis/build/icyphy/ptII/ptolemy/domains/de/test/../../../../: Auto Automatic test in file $PTII/ptolemy/domains/de/test/auto/knownFailedTests/dependencyLoop.xml
==== Contents of test case:

	    # FIXME: we should use $relativeFilename here, but it
	    # might have backslashes under Windows, which causes no end
	    # of trouble.
	    createAndExecute $file
	    list {}
	
.... Test generated KNOWN error:
    while executing
ptolemy.kernel.util.IllegalActionException: Found a zero delay loop containing .dependencyLoop.original
  in .dependencyLoop and .dependencyLoop.original
	at ptolemy.actor.util.CausalityInterfaceForComposites._computeOutputPortDepth(CausalityInterfaceForComposites.java:759)
	at ptolemy.actor.util.CausalityInterfaceForComposites._computeInputDepth(CausalityInterfaceForComposites.java:696)
	at ptolemy.actor.util.CausalityInterfaceForComposites._computeOutputPortDepth(CausalityInterfaceForComposites.java:765)
	at ptolemy.actor.util.CausalityInterfaceForComposites._computeInputDepth(CausalityInterfaceForComposites.java:696)
	at ptolemy.actor.util.CausalityInterfaceForComposites._computeOutputPortDepth(CausalityInterfaceForComposites.java:765)
	at ptolemy.actor.util.CausalityInterfaceForComposites._computeInputDepth(CausalityInterfaceForComposites.java:696)
	at ptolemy.actor.util.CausalityInterfaceForComposites._computeActorDepth(CausalityInterfaceForComposites.java:532)
	at ptolemy.actor.util.CausalityInterfaceForComposites.checkForCycles(CausalityInterfaceForComposites.java:96)
	at ptolemy.domains.de.kernel.DEDirector.preinitialize(DEDirector.java:1338)
	at ptolemy.actor.CompositeActor.preinitialize(CompositeActor.java:1828)
	at ptolemy.actor.Manager.preinitializeAndResolveTypes(Manager.java:1040)
	at ptolemy.actor.Manager.initialize(Manager.java:710)
	at ptolemy.actor.Manager.execute(Manager.java:356)
	at ptolemy.actor.Manager.run(Manager.java:1263)
	at ptolemy.actor.Manager$PtolemyRunThread.run(Manager.java:1915)

    while executing
ptolemy.kernel.util.IllegalActionException: Found a zero delay loop containing .dependencyLoop.original
  in .dependencyLoop and .dependencyLoop.original
    while executing
"java::new ptolemy.moml.MoMLSimpleApplication $file
"
    (procedure "createAndExecute" line 2)
    invoked from within
"createAndExecute $file"
    ("uplevel" body line 5)
    invoked from within
"uplevel $contents_of_test"
------------------ testing $PTII/ptolemy/domains/de/test/auto/knownFailedTests/FSMSource.xml (Known Failure) 
83 ms. Memory: 159744K Free: 126409K (79%)
!!!! Auto was marked as failing, but now passes
------------------ testing $PTII/ptolemy/domains/de/test/auto/knownFailedTests/HierarchicalModel.xml (Known Failure) 
6 ms. Memory: 159744K Free: 140306K (88%)


==== $PTIIhome/travis/build/icyphy/ptII/ptolemy/domains/de/test/../../../../: Auto Automatic test in file $PTII/ptolemy/domains/de/test/auto/knownFailedTests/HierarchicalModel.xml
==== Contents of test case:

	    # FIXME: we should use $relativeFilename here, but it
	    # might have backslashes under Windows, which causes no end
	    # of trouble.
	    createAndExecute $file
	    list {}
	
.... Test generated KNOWN error:
    while executing
ptolemy.kernel.util.IllegalActionException: Found a zero delay loop containing .HierarchicalModel.A
  in .HierarchicalModel and .HierarchicalModel.A
	at ptolemy.actor.util.CausalityInterfaceForComposites._computeOutputPortDepth(CausalityInterfaceForComposites.java:759)
	at ptolemy.actor.util.CausalityInterfaceForComposites._computeInputDepth(CausalityInterfaceForComposites.java:696)
	at ptolemy.actor.util.CausalityInterfaceForComposites._computeOutputPortDepth(CausalityInterfaceForComposites.java:765)
	at ptolemy.actor.util.CausalityInterfaceForComposites._computeInputDepth(CausalityInterfaceForComposites.java:696)
	at ptolemy.actor.util.CausalityInterfaceForComposites._computeOutputPortDepth(CausalityInterfaceForComposites.java:765)
	at ptolemy.actor.util.CausalityInterfaceForComposites._computeInputDepth(CausalityInterfaceForComposites.java:696)
	at ptolemy.actor.util.CausalityInterfaceForComposites._computeActorDepth(CausalityInterfaceForComposites.java:532)
	at ptolemy.actor.util.CausalityInterfaceForComposites.checkForCycles(CausalityInterfaceForComposites.java:96)
	at ptolemy.domains.de.kernel.DEDirector.preinitialize(DEDirector.java:1338)
	at ptolemy.actor.CompositeActor.preinitialize(CompositeActor.java:1828)
	at ptolemy.actor.Manager.preinitializeAndResolveTypes(Manager.java:1040)
	at ptolemy.actor.Manager.initialize(Manager.java:710)
	at ptolemy.actor.Manager.execute(Manager.java:356)
	at ptolemy.actor.Manager.run(Manager.java:1263)
	at ptolemy.actor.Manager$PtolemyRunThread.run(Manager.java:1915)

    while executing
ptolemy.kernel.util.IllegalActionException: Found a zero delay loop containing .HierarchicalModel.A
  in .HierarchicalModel and .HierarchicalModel.A
    while executing
"java::new ptolemy.moml.MoMLSimpleApplication $file
"
    (procedure "createAndExecute" line 2)
    invoked from within
"createAndExecute $file"
    ("uplevel" body line 5)
    invoked from within
"uplevel $contents_of_test"
------------------ testing $PTII/ptolemy/domains/de/test/auto/knownFailedTests/dependencyLoop2.xml (Known Failure) 
6 ms. Memory: 159744K Free: 123922K (78%)


==== $PTIIhome/travis/build/icyphy/ptII/ptolemy/domains/de/test/../../../../: Auto Automatic test in file $PTII/ptolemy/domains/de/test/auto/knownFailedTests/dependencyLoop2.xml
==== Contents of test case:

	    # FIXME: we should use $relativeFilename here, but it
	    # might have backslashes under Windows, which causes no end
	    # of trouble.
	    createAndExecute $file
	    list {}
	
.... Test generated KNOWN error:
    while executing
ptolemy.kernel.util.IllegalActionException: Found a zero delay loop containing .dependencyLoop2.original
  in .dependencyLoop2 and .dependencyLoop2.original
	at ptolemy.actor.util.CausalityInterfaceForComposites._computeOutputPortDepth(CausalityInterfaceForComposites.java:759)
	at ptolemy.actor.util.CausalityInterfaceForComposites._computeInputDepth(CausalityInterfaceForComposites.java:696)
	at ptolemy.actor.util.CausalityInterfaceForComposites._computeOutputPortDepth(CausalityInterfaceForComposites.java:765)
	at ptolemy.actor.util.CausalityInterfaceForComposites._computeInputDepth(CausalityInterfaceForComposites.java:696)
	at ptolemy.actor.util.CausalityInterfaceForComposites._computeOutputPortDepth(CausalityInterfaceForComposites.java:765)
	at ptolemy.actor.util.CausalityInterfaceForComposites._computeInputDepth(CausalityInterfaceForComposites.java:696)
	at ptolemy.actor.util.CausalityInterfaceForComposites._computeActorDepth(CausalityInterfaceForComposites.java:532)
	at ptolemy.actor.util.CausalityInterfaceForComposites.checkForCycles(CausalityInterfaceForComposites.java:96)
	at ptolemy.domains.de.kernel.DEDirector.preinitialize(DEDirector.java:1338)
	at ptolemy.actor.CompositeActor.preinitialize(CompositeActor.java:1828)
	at ptolemy.actor.Manager.preinitializeAndResolveTypes(Manager.java:1040)
	at ptolemy.actor.Manager.initialize(Manager.java:710)
	at ptolemy.actor.Manager.execute(Manager.java:356)
	at ptolemy.actor.Manager.run(Manager.java:1263)
	at ptolemy.actor.Manager$PtolemyRunThread.run(Manager.java:1915)

    while executing
ptolemy.kernel.util.IllegalActionException: Found a zero delay loop containing .dependencyLoop2.original
  in .dependencyLoop2 and .dependencyLoop2.original
    while executing
"java::new ptolemy.moml.MoMLSimpleApplication $file
"
    (procedure "createAndExecute" line 2)
    invoked from within
"createAndExecute $file"
    ("uplevel" body line 5)
    invoked from within
"uplevel $contents_of_test"
------------------ testing $PTII/ptolemy/domains/de/test/auto/knownFailedTests/DESDFClockTest.xml (Known Failure) 
2078 ms. Memory: 159744K Free: 111634K (70%)


==== $PTIIhome/travis/build/icyphy/ptII/ptolemy/domains/de/test/../../../../: Auto Automatic test in file $PTII/ptolemy/domains/de/test/auto/knownFailedTests/DESDFClockTest.xml
==== Contents of test case:

	    # FIXME: we should use $relativeFilename here, but it
	    # might have backslashes under Windows, which causes no end
	    # of trouble.
	    createAndExecute $file
	    list {}
	
.... Test generated KNOWN error:
    while executing
ptolemy.kernel.util.IllegalActionException: Actor is not ready to fire.  Perhaps UpSample.prefire() returned false? Try debugging the actor by selecting "Listen to Actor".  Also, for SDF check moml for tokenConsumptionRate on input.
  in .DESDFClockTest.Play Bell.Copy1:SDF Director and .DESDFClockTest.Play Bell.UpSample
	at ptolemy.actor.sched.StaticSchedulingDirector.fire(StaticSchedulingDirector.java:227)
	at ptolemy.domains.sdf.kernel.SDFDirector.fire(SDFDirector.java:500)
	at ptolemy.actor.CompositeActor.fire(CompositeActor.java:455)
	at ptolemy.domains.de.kernel.DEDirector._fire(DEDirector.java:1949)
	at ptolemy.domains.de.kernel.DEDirector.fire(DEDirector.java:502)
	at ptolemy.actor.CompositeActor.fire(CompositeActor.java:455)
	at ptolemy.actor.Manager.iterate(Manager.java:851)
	at ptolemy.actor.Manager.execute(Manager.java:369)
	at ptolemy.actor.Manager.run(Manager.java:1263)
	at ptolemy.actor.Manager$PtolemyRunThread.run(Manager.java:1915)

    while executing
ptolemy.kernel.util.IllegalActionException: Actor is not ready to fire.  Perhaps UpSample.prefire() returned false? Try debugging the actor by selecting "Listen to Actor".  Also, for SDF check moml for tokenConsumptionRate on input.
  in .DESDFClockTest.Play Bell.Copy1:SDF Director and .DESDFClockTest.Play Bell.UpSample
    while executing
"java::new ptolemy.moml.MoMLSimpleApplication $file
"
    (procedure "createAndExecute" line 2)
    invoked from within
"createAndExecute $file"
    ("uplevel" body line 5)
    invoked from within
"uplevel $contents_of_test"
------------------ testing $PTII/ptolemy/domains/de/test/auto/ActorDepthCalculation_actorWithoutPorts.xml
auto.tcl: Setting watchdog for 200 seconds at Thu Jul 04 04:42:36 UTC 2019
11 ms. Memory: 159744K Free: 104466K (65%)
ptolemy.util.test.WatchDog.cancel(): canceling Thu Jul 04 04:42:36 UTC 2019
auto.tcl: Setting watchdog for 200 seconds at Thu Jul 04 04:42:36 UTC 2019
5 ms. Memory: 159744K Free: 102913K (64%)
ptolemy.util.test.WatchDog.cancel(): canceling Thu Jul 04 04:42:36 UTC 2019
------------------ testing $PTII/ptolemy/domains/de/test/auto/AssemblyLine.xml
auto.tcl: Setting watchdog for 200 seconds at Thu Jul 04 04:42:37 UTC 2019
17 ms. Memory: 45056K Free: 23393K (52%)
ptolemy.util.test.WatchDog.cancel(): canceling Thu Jul 04 04:42:37 UTC 2019
auto.tcl: Setting watchdog for 200 seconds at Thu Jul 04 04:42:37 UTC 2019
9 ms. Memory: 45056K Free: 22851K (51%)
ptolemy.util.test.WatchDog.cancel(): canceling Thu Jul 04 04:42:37 UTC 2019
------------------ testing $PTII/ptolemy/domains/de/test/auto/CQBug1.xml
auto.tcl: Setting watchdog for 200 seconds at Thu Jul 04 04:42:37 UTC 2019
3 ms. Memory: 45056K Free: 29048K (64%)
ptolemy.util.test.WatchDog.cancel(): canceling Thu Jul 04 04:42:37 UTC 2019
auto.tcl: Setting watchdog for 200 seconds at Thu Jul 04 04:42:37 UTC 2019
4 ms. Memory: 45056K Free: 28448K (63%)
ptolemy.util.test.WatchDog.cancel(): canceling Thu Jul 04 04:42:37 UTC 2019
------------------ testing $PTII/ptolemy/domains/de/test/auto/CancelFireAt.xml
auto.tcl: Setting watchdog for 200 seconds at Thu Jul 04 04:42:37 UTC 2019
4 ms. Memory: 45056K Free: 30025K (67%)
ptolemy.util.test.WatchDog.cancel(): canceling Thu Jul 04 04:42:37 UTC 2019
auto.tcl: Setting watchdog for 200 seconds at Thu Jul 04 04:42:37 UTC 2019
2 ms. Memory: 45056K Free: 29709K (66%)
ptolemy.util.test.WatchDog.cancel(): canceling Thu Jul 04 04:42:37 UTC 2019
------------------ testing $PTII/ptolemy/domains/de/test/auto/CausalityAndComposabilityAnalysis.xml
auto.tcl: Setting watchdog for 200 seconds at Thu Jul 04 04:42:37 UTC 2019
19 ms. Memory: 45056K Free: 28208K (63%)
ptolemy.util.test.WatchDog.cancel(): canceling Thu Jul 04 04:42:37 UTC 2019
auto.tcl: Setting watchdog for 200 seconds at Thu Jul 04 04:42:37 UTC 2019
9 ms. Memory: 45056K Free: 27592K (61%)
ptolemy.util.test.WatchDog.cancel(): canceling Thu Jul 04 04:42:37 UTC 2019
------------------ testing $PTII/ptolemy/domains/de/test/auto/CausalityInterface1.xml
auto.tcl: Setting watchdog for 200 seconds at Thu Jul 04 04:42:37 UTC 2019
30 ms. Memory: 45056K Free: 26702K (59%)
ptolemy.util.test.WatchDog.cancel(): canceling Thu Jul 04 04:42:37 UTC 2019
auto.tcl: Setting watchdog for 200 seconds at Thu Jul 04 04:42:37 UTC 2019
5 ms. Memory: 45056K Free: 25994K (58%)
ptolemy.util.test.WatchDog.cancel(): canceling Thu Jul 04 04:42:38 UTC 2019
------------------ testing $PTII/ptolemy/domains/de/test/auto/CausalityInterface15.xml
auto.tcl: Setting watchdog for 200 seconds at Thu Jul 04 04:42:38 UTC 2019
5 ms. Memory: 45056K Free: 27083K (60%)
ptolemy.util.test.WatchDog.cancel(): canceling Thu Jul 04 04:42:38 UTC 2019
auto.tcl: Setting watchdog for 200 seconds at Thu Jul 04 04:42:38 UTC 2019
7 ms. Memory: 45056K Free: 25959K (58%)
ptolemy.util.test.WatchDog.cancel(): canceling Thu Jul 04 04:42:38 UTC 2019
------------------ testing $PTII/ptolemy/domains/de/test/auto/CausalityInterface2.xml
auto.tcl: Setting watchdog for 200 seconds at Thu Jul 04 04:42:38 UTC 2019
5 ms. Memory: 45056K Free: 27568K (61%)
ptolemy.util.test.WatchDog.cancel(): canceling Thu Jul 04 04:42:38 UTC 2019
auto.tcl: Setting watchdog for 200 seconds at Thu Jul 04 04:42:38 UTC 2019
3 ms. Memory: 45056K Free: 26847K (60%)
ptolemy.util.test.WatchDog.cancel(): canceling Thu Jul 04 04:42:38 UTC 2019
------------------ testing $PTII/ptolemy/domains/de/test/auto/CausalityInterface3.xml
auto.tcl: Setting watchdog for 200 seconds at Thu Jul 04 04:42:38 UTC 2019
5 ms. Memory: 45056K Free: 27165K (60%)
ptolemy.util.test.WatchDog.cancel(): canceling Thu Jul 04 04:42:38 UTC 2019
auto.tcl: Setting watchdog for 200 seconds at Thu Jul 04 04:42:38 UTC 2019
4 ms. Memory: 45056K Free: 26533K (59%)
ptolemy.util.test.WatchDog.cancel(): canceling Thu Jul 04 04:42:38 UTC 2019
------------------ testing $PTII/ptolemy/domains/de/test/auto/ClockDrift.xml
auto.tcl: Setting watchdog for 200 seconds at Thu Jul 04 04:42:38 UTC 2019
80 ms. Memory: 45056K Free: 19614K (44%)
ptolemy.util.test.WatchDog.cancel(): canceling Thu Jul 04 04:42:38 UTC 2019
auto.tcl: Setting watchdog for 200 seconds at Thu Jul 04 04:42:38 UTC 2019
64 ms. Memory: 45056K Free: 16627K (37%)
ptolemy.util.test.WatchDog.cancel(): canceling Thu Jul 04 04:42:38 UTC 2019
------------------ testing $PTII/ptolemy/domains/de/test/auto/ClockDriftAndValueChange.xml
auto.tcl: Setting watchdog for 200 seconds at Thu Jul 04 04:42:38 UTC 2019
28 ms. Memory: 45056K Free: 19931K (44%)
ptolemy.util.test.WatchDog.cancel(): canceling Thu Jul 04 04:42:38 UTC 2019
auto.tcl: Setting watchdog for 200 seconds at Thu Jul 04 04:42:38 UTC 2019
26 ms. Memory: 45056K Free: 16930K (38%)
ptolemy.util.test.WatchDog.cancel(): canceling Thu Jul 04 04:42:38 UTC 2019
------------------ testing $PTII/ptolemy/domains/de/test/auto/ClockDriftChange.xml
auto.tcl: Setting watchdog for 200 seconds at Thu Jul 04 04:42:38 UTC 2019
27 ms. Memory: 45056K Free: 21683K (48%)
ptolemy.util.test.WatchDog.cancel(): canceling Thu Jul 04 04:42:38 UTC 2019
auto.tcl: Setting watchdog for 200 seconds at Thu Jul 04 04:42:38 UTC 2019
27 ms. Memory: 45056K Free: 18924K (42%)
ptolemy.util.test.WatchDog.cancel(): canceling Thu Jul 04 04:42:38 UTC 2019
------------------ testing $PTII/ptolemy/domains/de/test/auto/ComposableCausalityAnalysis.xml
auto.tcl: Setting watchdog for 200 seconds at Thu Jul 04 04:42:38 UTC 2019
2 ms. Memory: 45056K Free: 26148K (58%)
ptolemy.util.test.WatchDog.cancel(): canceling Thu Jul 04 04:42:38 UTC 2019
auto.tcl: Setting watchdog for 200 seconds at Thu Jul 04 04:42:38 UTC 2019
5 ms. Memory: 45056K Free: 25091K (56%)
ptolemy.util.test.WatchDog.cancel(): canceling Thu Jul 04 04:42:38 UTC 2019
------------------ testing $PTII/ptolemy/domains/de/test/auto/DEFixedPointLimitation.xml
auto.tcl: Setting watchdog for 200 seconds at Thu Jul 04 04:42:38 UTC 2019
2 ms. Memory: 45056K Free: 27709K (61%)
ptolemy.util.test.WatchDog.cancel(): canceling Thu Jul 04 04:42:38 UTC 2019
auto.tcl: Setting watchdog for 200 seconds at Thu Jul 04 04:42:38 UTC 2019
1 ms. Memory: 45056K Free: 26808K (59%)
ptolemy.util.test.WatchDog.cancel(): canceling Thu Jul 04 04:42:38 UTC 2019
------------------ testing $PTII/ptolemy/domains/de/test/auto/DEScheduleTest.xml
auto.tcl: Setting watchdog for 200 seconds at Thu Jul 04 04:42:38 UTC 2019
4 ms. Memory: 45056K Free: 27942K (62%)
ptolemy.util.test.WatchDog.cancel(): canceling Thu Jul 04 04:42:39 UTC 2019
auto.tcl: Setting watchdog for 200 seconds at Thu Jul 04 04:42:39 UTC 2019
3 ms. Memory: 45056K Free: 27153K (60%)
ptolemy.util.test.WatchDog.cancel(): canceling Thu Jul 04 04:42:39 UTC 2019
------------------ testing $PTII/ptolemy/domains/de/test/auto/DEinDEwithStartTimes.xml
auto.tcl: Setting watchdog for 200 seconds at Thu Jul 04 04:42:39 UTC 2019
6 ms. Memory: 45056K Free: 26275K (58%)
ptolemy.util.test.WatchDog.cancel(): canceling Thu Jul 04 04:42:39 UTC 2019
auto.tcl: Setting watchdog for 200 seconds at Thu Jul 04 04:42:39 UTC 2019
3 ms. Memory: 45056K Free: 25156K (56%)
ptolemy.util.test.WatchDog.cancel(): canceling Thu Jul 04 04:42:39 UTC 2019
------------------ testing $PTII/ptolemy/domains/de/test/auto/DEinDEwithStartTimes2.xml
auto.tcl: Setting watchdog for 200 seconds at Thu Jul 04 04:42:39 UTC 2019
4 ms. Memory: 45056K Free: 25440K (56%)
ptolemy.util.test.WatchDog.cancel(): canceling Thu Jul 04 04:42:39 UTC 2019
auto.tcl: Setting watchdog for 200 seconds at Thu Jul 04 04:42:39 UTC 2019
4 ms. Memory: 45056K Free: 24080K (53%)
ptolemy.util.test.WatchDog.cancel(): canceling Thu Jul 04 04:42:39 UTC 2019
------------------ testing $PTII/ptolemy/domains/de/test/auto/DateDemo.xml
auto.tcl: Setting watchdog for 200 seconds at Thu Jul 04 04:42:39 UTC 2019
21 ms. Memory: 45056K Free: 20063K (45%)
ptolemy.util.test.WatchDog.cancel(): canceling Thu Jul 04 04:42:39 UTC 2019
auto.tcl: Setting watchdog for 200 seconds at Thu Jul 04 04:42:39 UTC 2019
11 ms. Memory: 45056K Free: 18215K (40%)
ptolemy.util.test.WatchDog.cancel(): canceling Thu Jul 04 04:42:39 UTC 2019
------------------ testing $PTII/ptolemy/domains/de/test/auto/DateToEvent.xml
auto.tcl: Setting watchdog for 200 seconds at Thu Jul 04 04:42:39 UTC 2019
2014 ms. Memory: 45056K Free: 15592K (35%)
ptolemy.util.test.WatchDog.cancel(): canceling Thu Jul 04 04:42:41 UTC 2019
auto.tcl: Setting watchdog for 200 seconds at Thu Jul 04 04:42:41 UTC 2019
2006 ms. Memory: 45056K Free: 14909K (33%)
ptolemy.util.test.WatchDog.cancel(): canceling Thu Jul 04 04:42:43 UTC 2019
------------------ testing $PTII/ptolemy/domains/de/test/auto/DepthTest1.xml
auto.tcl: Setting watchdog for 200 seconds at Thu Jul 04 04:42:43 UTC 2019
2 ms. Memory: 45056K Free: 28779K (64%)
ptolemy.util.test.WatchDog.cancel(): canceling Thu Jul 04 04:42:43 UTC 2019
auto.tcl: Setting watchdog for 200 seconds at Thu Jul 04 04:42:43 UTC 2019
2 ms. Memory: 45056K Free: 28388K (63%)
ptolemy.util.test.WatchDog.cancel(): canceling Thu Jul 04 04:42:43 UTC 2019
------------------ testing $PTII/ptolemy/domains/de/test/auto/DepthTest2.xml
auto.tcl: Setting watchdog for 200 seconds at Thu Jul 04 04:42:43 UTC 2019
5 ms. Memory: 45056K Free: 25703K (57%)
ptolemy.util.test.WatchDog.cancel(): canceling Thu Jul 04 04:42:43 UTC 2019
auto.tcl: Setting watchdog for 200 seconds at Thu Jul 04 04:42:43 UTC 2019
3 ms. Memory: 45056K Free: 25057K (56%)
ptolemy.util.test.WatchDog.cancel(): canceling Thu Jul 04 04:42:43 UTC 2019
------------------ testing $PTII/ptolemy/domains/de/test/auto/DepthTest3.xml
auto.tcl: Setting watchdog for 200 seconds at Thu Jul 04 04:42:43 UTC 2019
2 ms. Memory: 45056K Free: 29144K (65%)
ptolemy.util.test.WatchDog.cancel(): canceling Thu Jul 04 04:42:43 UTC 2019
auto.tcl: Setting watchdog for 200 seconds at Thu Jul 04 04:42:43 UTC 2019
1 ms. Memory: 45056K Free: 28382K (63%)
ptolemy.util.test.WatchDog.cancel(): canceling Thu Jul 04 04:42:43 UTC 2019
------------------ testing $PTII/ptolemy/domains/de/test/auto/DepthTest4.xml
auto.tcl: Setting watchdog for 200 seconds at Thu Jul 04 04:42:43 UTC 2019
11 ms. Memory: 45056K Free: 27306K (61%)
ptolemy.util.test.WatchDog.cancel(): canceling Thu Jul 04 04:42:43 UTC 2019
auto.tcl: Setting watchdog for 200 seconds at Thu Jul 04 04:42:43 UTC 2019
3 ms. Memory: 45056K Free: 26429K (59%)
ptolemy.util.test.WatchDog.cancel(): canceling Thu Jul 04 04:42:43 UTC 2019
------------------ testing $PTII/ptolemy/domains/de/test/auto/DepthTest5.xml
auto.tcl: Setting watchdog for 200 seconds at Thu Jul 04 04:42:43 UTC 2019
4 ms. Memory: 45056K Free: 27037K (60%)
ptolemy.util.test.WatchDog.cancel(): canceling Thu Jul 04 04:42:43 UTC 2019
auto.tcl: Setting watchdog for 200 seconds at Thu Jul 04 04:42:43 UTC 2019
3 ms. Memory: 45056K Free: 26075K (58%)
ptolemy.util.test.WatchDog.cancel(): canceling Thu Jul 04 04:42:43 UTC 2019
------------------ testing $PTII/ptolemy/domains/de/test/auto/DepthTest6.xml
auto.tcl: Setting watchdog for 200 seconds at Thu Jul 04 04:42:43 UTC 2019
4 ms. Memory: 45056K Free: 26570K (59%)
ptolemy.util.test.WatchDog.cancel(): canceling Thu Jul 04 04:42:43 UTC 2019
auto.tcl: Setting watchdog for 200 seconds at Thu Jul 04 04:42:43 UTC 2019
2 ms. Memory: 45056K Free: 25991K (58%)
ptolemy.util.test.WatchDog.cancel(): canceling Thu Jul 04 04:42:43 UTC 2019
------------------ testing $PTII/ptolemy/domains/de/test/auto/DepthTest7.xml
auto.tcl: Setting watchdog for 200 seconds at Thu Jul 04 04:42:43 UTC 2019
3 ms. Memory: 45056K Free: 27266K (61%)
ptolemy.util.test.WatchDog.cancel(): canceling Thu Jul 04 04:42:44 UTC 2019
auto.tcl: Setting watchdog for 200 seconds at Thu Jul 04 04:42:44 UTC 2019
8 ms. Memory: 45056K Free: 26380K (59%)
ptolemy.util.test.WatchDog.cancel(): canceling Thu Jul 04 04:42:44 UTC 2019
------------------ testing $PTII/ptolemy/domains/de/test/auto/EventToDate.xml
auto.tcl: Setting watchdog for 200 seconds at Thu Jul 04 04:42:44 UTC 2019
3009 ms. Memory: 45056K Free: 18285K (41%)
ptolemy.util.test.WatchDog.cancel(): canceling Thu Jul 04 04:42:47 UTC 2019
auto.tcl: Setting watchdog for 200 seconds at Thu Jul 04 04:42:47 UTC 2019
3004 ms. Memory: 45056K Free: 17478K (39%)
ptolemy.util.test.WatchDog.cancel(): canceling Thu Jul 04 04:42:50 UTC 2019
------------------ testing $PTII/ptolemy/domains/de/test/auto/FSM1.xml
auto.tcl: Setting watchdog for 200 seconds at Thu Jul 04 04:42:50 UTC 2019
23 ms. Memory: 45056K Free: 19369K (43%)
ptolemy.util.test.WatchDog.cancel(): canceling Thu Jul 04 04:42:50 UTC 2019
auto.tcl: Setting watchdog for 200 seconds at Thu Jul 04 04:42:50 UTC 2019
20 ms. Memory: 45056K Free: 16165K (36%)
ptolemy.util.test.WatchDog.cancel(): canceling Thu Jul 04 04:42:50 UTC 2019
------------------ testing $PTII/ptolemy/domains/de/test/auto/FSM7.xml
auto.tcl: Setting watchdog for 200 seconds at Thu Jul 04 04:42:50 UTC 2019
29 ms. Memory: 45056K Free: 19172K (43%)
ptolemy.util.test.WatchDog.cancel(): canceling Thu Jul 04 04:42:50 UTC 2019
auto.tcl: Setting watchdog for 200 seconds at Thu Jul 04 04:42:50 UTC 2019
25 ms. Memory: 45056K Free: 16034K (36%)
ptolemy.util.test.WatchDog.cancel(): canceling Thu Jul 04 04:42:50 UTC 2019
------------------ testing $PTII/ptolemy/domains/de/test/auto/Inspection.xml
auto.tcl: Setting watchdog for 200 seconds at Thu Jul 04 04:42:50 UTC 2019
33 ms. Memory: 45056K Free: 19188K (43%)
ptolemy.util.test.WatchDog.cancel(): canceling Thu Jul 04 04:42:50 UTC 2019
auto.tcl: Setting watchdog for 200 seconds at Thu Jul 04 04:42:50 UTC 2019
31 ms. Memory: 45056K Free: 17396K (39%)
ptolemy.util.test.WatchDog.cancel(): canceling Thu Jul 04 04:42:50 UTC 2019
------------------ testing $PTII/ptolemy/domains/de/test/auto/Iteration.xml
auto.tcl: Setting watchdog for 200 seconds at Thu Jul 04 04:42:50 UTC 2019
9 ms. Memory: 45056K Free: 24967K (55%)
ptolemy.util.test.WatchDog.cancel(): canceling Thu Jul 04 04:42:50 UTC 2019
auto.tcl: Setting watchdog for 200 seconds at Thu Jul 04 04:42:50 UTC 2019
7 ms. Memory: 45056K Free: 23787K (53%)
ptolemy.util.test.WatchDog.cancel(): canceling Thu Jul 04 04:42:50 UTC 2019
------------------ testing $PTII/ptolemy/domains/de/test/auto/LineFault.xml
auto.tcl: Setting watchdog for 200 seconds at Thu Jul 04 04:42:50 UTC 2019
653 ms. Memory: 54272K Free: 27188K (50%)
ptolemy.util.test.WatchDog.cancel(): canceling Thu Jul 04 04:42:51 UTC 2019
auto.tcl: Setting watchdog for 200 seconds at Thu Jul 04 04:42:51 UTC 2019
657 ms. Memory: 54272K Free: 19201K (35%)
ptolemy.util.test.WatchDog.cancel(): canceling Thu Jul 04 04:42:52 UTC 2019
------------------ testing $PTII/ptolemy/domains/de/test/auto/MergeModel1Add.xml
auto.tcl: Setting watchdog for 200 seconds at Thu Jul 04 04:42:52 UTC 2019
36 ms. Memory: 51200K Free: 16919K (33%)
ptolemy.util.test.WatchDog.cancel(): canceling Thu Jul 04 04:42:52 UTC 2019
auto.tcl: Setting watchdog for 200 seconds at Thu Jul 04 04:42:52 UTC 2019
11 ms. Memory: 51200K Free: 15347K (30%)
ptolemy.util.test.WatchDog.cancel(): canceling Thu Jul 04 04:42:52 UTC 2019
------------------ testing $PTII/ptolemy/domains/de/test/auto/MergeModel2Add.xml
auto.tcl: Setting watchdog for 200 seconds at Thu Jul 04 04:42:52 UTC 2019
11 ms. Memory: 45056K Free: 13341K (30%)
ptolemy.util.test.WatchDog.cancel(): canceling Thu Jul 04 04:42:52 UTC 2019
auto.tcl: Setting watchdog for 200 seconds at Thu Jul 04 04:42:52 UTC 2019
10 ms. Memory: 45056K Free: 11525K (26%)
ptolemy.util.test.WatchDog.cancel(): canceling Thu Jul 04 04:42:52 UTC 2019
------------------ testing $PTII/ptolemy/domains/de/test/auto/MergeModel3Add.xml
auto.tcl: Setting watchdog for 200 seconds at Thu Jul 04 04:42:52 UTC 2019
8 ms. Memory: 45056K Free: 12325K (27%)
ptolemy.util.test.WatchDog.cancel(): canceling Thu Jul 04 04:42:52 UTC 2019
auto.tcl: Setting watchdog for 200 seconds at Thu Jul 04 04:42:52 UTC 2019
8 ms. Memory: 45056K Free: 10912K (24%)
ptolemy.util.test.WatchDog.cancel(): canceling Thu Jul 04 04:42:52 UTC 2019
------------------ testing $PTII/ptolemy/domains/de/test/auto/MergeWithoutDiscard.xml
auto.tcl: Setting watchdog for 200 seconds at Thu Jul 04 04:42:52 UTC 2019
2 ms. Memory: 45056K Free: 27434K (61%)
ptolemy.util.test.WatchDog.cancel(): canceling Thu Jul 04 04:42:52 UTC 2019
auto.tcl: Setting watchdog for 200 seconds at Thu Jul 04 04:42:52 UTC 2019
2 ms. Memory: 45056K Free: 27024K (60%)
ptolemy.util.test.WatchDog.cancel(): canceling Thu Jul 04 04:42:52 UTC 2019
------------------ testing $PTII/ptolemy/domains/de/test/auto/Modal1.xml
auto.tcl: Setting watchdog for 200 seconds at Thu Jul 04 04:42:52 UTC 2019
16 ms. Memory: 45056K Free: 19844K (44%)
ptolemy.util.test.WatchDog.cancel(): canceling Thu Jul 04 04:42:52 UTC 2019
auto.tcl: Setting watchdog for 200 seconds at Thu Jul 04 04:42:52 UTC 2019
24 ms. Memory: 45056K Free: 16302K (36%)
ptolemy.util.test.WatchDog.cancel(): canceling Thu Jul 04 04:42:52 UTC 2019
------------------ testing $PTII/ptolemy/domains/de/test/auto/Modal2.xml
auto.tcl: Setting watchdog for 200 seconds at Thu Jul 04 04:42:53 UTC 2019
10 ms. Memory: 45056K Free: 19437K (43%)
ptolemy.util.test.WatchDog.cancel(): canceling Thu Jul 04 04:42:53 UTC 2019
auto.tcl: Setting watchdog for 200 seconds at Thu Jul 04 04:42:53 UTC 2019
12 ms. Memory: 45056K Free: 16214K (36%)
ptolemy.util.test.WatchDog.cancel(): canceling Thu Jul 04 04:42:53 UTC 2019
------------------ testing $PTII/ptolemy/domains/de/test/auto/Modal3.xml
auto.tcl: Setting watchdog for 200 seconds at Thu Jul 04 04:42:53 UTC 2019
14 ms. Memory: 45056K Free: 19436K (43%)
ptolemy.util.test.WatchDog.cancel(): canceling Thu Jul 04 04:42:53 UTC 2019
auto.tcl: Setting watchdog for 200 seconds at Thu Jul 04 04:42:53 UTC 2019
20 ms. Memory: 45056K Free: 15863K (35%)
ptolemy.util.test.WatchDog.cancel(): canceling Thu Jul 04 04:42:53 UTC 2019
------------------ testing $PTII/ptolemy/domains/de/test/auto/Modal4.xml
auto.tcl: Setting watchdog for 200 seconds at Thu Jul 04 04:42:53 UTC 2019
19 ms. Memory: 45056K Free: 18423K (41%)
ptolemy.util.test.WatchDog.cancel(): canceling Thu Jul 04 04:42:53 UTC 2019
auto.tcl: Setting watchdog for 200 seconds at Thu Jul 04 04:42:53 UTC 2019
18 ms. Memory: 45056K Free: 14806K (33%)
ptolemy.util.test.WatchDog.cancel(): canceling Thu Jul 04 04:42:53 UTC 2019
------------------ testing $PTII/ptolemy/domains/de/test/auto/Modal5.xml
auto.tcl: Setting watchdog for 200 seconds at Thu Jul 04 04:42:53 UTC 2019
13 ms. Memory: 45056K Free: 18379K (41%)
ptolemy.util.test.WatchDog.cancel(): canceling Thu Jul 04 04:42:53 UTC 2019
auto.tcl: Setting watchdog for 200 seconds at Thu Jul 04 04:42:53 UTC 2019
15 ms. Memory: 45056K Free: 14541K (32%)
ptolemy.util.test.WatchDog.cancel(): canceling Thu Jul 04 04:42:53 UTC 2019
------------------ testing $PTII/ptolemy/domains/de/test/auto/Modal6.xml
auto.tcl: Setting watchdog for 200 seconds at Thu Jul 04 04:42:53 UTC 2019
18 ms. Memory: 45056K Free: 19160K (43%)
ptolemy.util.test.WatchDog.cancel(): canceling Thu Jul 04 04:42:53 UTC 2019
auto.tcl: Setting watchdog for 200 seconds at Thu Jul 04 04:42:53 UTC 2019
19 ms. Memory: 45056K Free: 15561K (35%)
ptolemy.util.test.WatchDog.cancel(): canceling Thu Jul 04 04:42:53 UTC 2019
------------------ testing $PTII/ptolemy/domains/de/test/auto/Modal7.xml
auto.tcl: Setting watchdog for 200 seconds at Thu Jul 04 04:42:53 UTC 2019
18 ms. Memory: 45056K Free: 18175K (40%)
ptolemy.util.test.WatchDog.cancel(): canceling Thu Jul 04 04:42:53 UTC 2019
auto.tcl: Setting watchdog for 200 seconds at Thu Jul 04 04:42:53 UTC 2019
12 ms. Memory: 45056K Free: 14840K (33%)
ptolemy.util.test.WatchDog.cancel(): canceling Thu Jul 04 04:42:53 UTC 2019
------------------ testing $PTII/ptolemy/domains/de/test/auto/ModalModel.xml
auto.tcl: Setting watchdog for 200 seconds at Thu Jul 04 04:42:53 UTC 2019
248 ms. Memory: 61440K Free: 21855K (36%)
ptolemy.util.test.WatchDog.cancel(): canceling Thu Jul 04 04:42:54 UTC 2019
auto.tcl: Setting watchdog for 200 seconds at Thu Jul 04 04:42:54 UTC 2019
215 ms. Memory: 61440K Free: 20361K (33%)
ptolemy.util.test.WatchDog.cancel(): canceling Thu Jul 04 04:42:54 UTC 2019
------------------ testing $PTII/ptolemy/domains/de/test/auto/ModalSource.xml
auto.tcl: Setting watchdog for 200 seconds at Thu Jul 04 04:42:54 UTC 2019
10 ms. Memory: 48128K Free: 26286K (55%)
ptolemy.util.test.WatchDog.cancel(): canceling Thu Jul 04 04:42:54 UTC 2019
auto.tcl: Setting watchdog for 200 seconds at Thu Jul 04 04:42:54 UTC 2019
6 ms. Memory: 48128K Free: 24238K (50%)
ptolemy.util.test.WatchDog.cancel(): canceling Thu Jul 04 04:42:54 UTC 2019
------------------ testing $PTII/ptolemy/domains/de/test/auto/NonInterruptibleTimerZeroDelay.xml
auto.tcl: Setting watchdog for 200 seconds at Thu Jul 04 04:42:54 UTC 2019
3 ms. Memory: 45056K Free: 28443K (63%)
ptolemy.util.test.WatchDog.cancel(): canceling Thu Jul 04 04:42:54 UTC 2019
auto.tcl: Setting watchdog for 200 seconds at Thu Jul 04 04:42:54 UTC 2019
2 ms. Memory: 45056K Free: 27542K (61%)
ptolemy.util.test.WatchDog.cancel(): canceling Thu Jul 04 04:42:54 UTC 2019
------------------ testing $PTII/ptolemy/domains/de/test/auto/OpenQueueingNetwork.xml
auto.tcl: Setting watchdog for 200 seconds at Thu Jul 04 04:42:54 UTC 2019
3228 ms. Memory: 113664K Free: 82085K (72%)
ptolemy.util.test.WatchDog.cancel(): canceling Thu Jul 04 04:42:57 UTC 2019
auto.tcl: Setting watchdog for 200 seconds at Thu Jul 04 04:42:57 UTC 2019
2710 ms. Memory: 113664K Free: 65632K (58%)
ptolemy.util.test.WatchDog.cancel(): canceling Thu Jul 04 04:43:00 UTC 2019
------------------ testing $PTII/ptolemy/domains/de/test/auto/OpenQueuingNetwork.xml
auto.tcl: Setting watchdog for 200 seconds at Thu Jul 04 04:43:00 UTC 2019
255 ms. Memory: 51200K Free: 17556K (34%)
ptolemy.util.test.WatchDog.cancel(): canceling Thu Jul 04 04:43:01 UTC 2019
auto.tcl: Setting watchdog for 200 seconds at Thu Jul 04 04:43:01 UTC 2019
255 ms. Memory: 67584K Free: 39014K (58%)
ptolemy.util.test.WatchDog.cancel(): canceling Thu Jul 04 04:43:01 UTC 2019
------------------ testing $PTII/ptolemy/domains/de/test/auto/PeriodicSampler.xml
auto.tcl: Setting watchdog for 200 seconds at Thu Jul 04 04:43:01 UTC 2019
10 ms. Memory: 48128K Free: 30420K (63%)
ptolemy.util.test.WatchDog.cancel(): canceling Thu Jul 04 04:43:01 UTC 2019
auto.tcl: Setting watchdog for 200 seconds at Thu Jul 04 04:43:01 UTC 2019
2 ms. Memory: 48128K Free: 29510K (61%)
ptolemy.util.test.WatchDog.cancel(): canceling Thu Jul 04 04:43:01 UTC 2019
------------------ testing $PTII/ptolemy/domains/de/test/auto/PersistentIO.xml
auto.tcl: Setting watchdog for 200 seconds at Thu Jul 04 04:43:01 UTC 2019
4 ms. Memory: 48128K Free: 25345K (53%)
ptolemy.util.test.WatchDog.cancel(): canceling Thu Jul 04 04:43:01 UTC 2019
auto.tcl: Setting watchdog for 200 seconds at Thu Jul 04 04:43:01 UTC 2019
3 ms. Memory: 48128K Free: 23923K (50%)
ptolemy.util.test.WatchDog.cancel(): canceling Thu Jul 04 04:43:01 UTC 2019
------------------ testing $PTII/ptolemy/domains/de/test/auto/PortParameterResetOnInitialize.xml
auto.tcl: Setting watchdog for 200 seconds at Thu Jul 04 04:43:01 UTC 2019
2 ms. Memory: 48128K Free: 30325K (63%)
ptolemy.util.test.WatchDog.cancel(): canceling Thu Jul 04 04:43:01 UTC 2019
auto.tcl: Setting watchdog for 200 seconds at Thu Jul 04 04:43:01 UTC 2019
2 ms. Memory: 48128K Free: 29878K (62%)
ptolemy.util.test.WatchDog.cancel(): canceling Thu Jul 04 04:43:01 UTC 2019
------------------ testing $PTII/ptolemy/domains/de/test/auto/PortParameterUpdates.xml
auto.tcl: Setting watchdog for 200 seconds at Thu Jul 04 04:43:01 UTC 2019
5 ms. Memory: 45056K Free: 25353K (56%)
ptolemy.util.test.WatchDog.cancel(): canceling Thu Jul 04 04:43:01 UTC 2019
auto.tcl: Setting watchdog for 200 seconds at Thu Jul 04 04:43:01 UTC 2019
5 ms. Memory: 45056K Free: 23964K (53%)
ptolemy.util.test.WatchDog.cancel(): canceling Thu Jul 04 04:43:01 UTC 2019
------------------ testing $PTII/ptolemy/domains/de/test/auto/QueueAndServer.xml
auto.tcl: Setting watchdog for 200 seconds at Thu Jul 04 04:43:01 UTC 2019
14 ms. Memory: 45056K Free: 24293K (54%)
ptolemy.util.test.WatchDog.cancel(): canceling Thu Jul 04 04:43:01 UTC 2019
auto.tcl: Setting watchdog for 200 seconds at Thu Jul 04 04:43:01 UTC 2019
8 ms. Memory: 45056K Free: 22883K (51%)
ptolemy.util.test.WatchDog.cancel(): canceling Thu Jul 04 04:43:01 UTC 2019
------------------ testing $PTII/ptolemy/domains/de/test/auto/Records.xml
auto.tcl: Setting watchdog for 200 seconds at Thu Jul 04 04:43:01 UTC 2019
7 ms. Memory: 45056K Free: 26797K (59%)
ptolemy.util.test.WatchDog.cancel(): canceling Thu Jul 04 04:43:01 UTC 2019
auto.tcl: Setting watchdog for 200 seconds at Thu Jul 04 04:43:01 UTC 2019
3 ms. Memory: 45056K Free: 26352K (58%)
ptolemy.util.test.WatchDog.cancel(): canceling Thu Jul 04 04:43:01 UTC 2019
------------------ testing $PTII/ptolemy/domains/de/test/auto/ResetTransitionWithStartTime1.xml
auto.tcl: Setting watchdog for 200 seconds at Thu Jul 04 04:43:01 UTC 2019
6 ms. Memory: 45056K Free: 23755K (53%)
ptolemy.util.test.WatchDog.cancel(): canceling Thu Jul 04 04:43:01 UTC 2019
auto.tcl: Setting watchdog for 200 seconds at Thu Jul 04 04:43:01 UTC 2019
7 ms. Memory: 45056K Free: 21282K (47%)
ptolemy.util.test.WatchDog.cancel(): canceling Thu Jul 04 04:43:01 UTC 2019
------------------ testing $PTII/ptolemy/domains/de/test/auto/ResetTransitionWithStartTime2.xml
auto.tcl: Setting watchdog for 200 seconds at Thu Jul 04 04:43:01 UTC 2019
7 ms. Memory: 45056K Free: 23901K (53%)
ptolemy.util.test.WatchDog.cancel(): canceling Thu Jul 04 04:43:01 UTC 2019
auto.tcl: Setting watchdog for 200 seconds at Thu Jul 04 04:43:01 UTC 2019
6 ms. Memory: 45056K Free: 21663K (48%)
ptolemy.util.test.WatchDog.cancel(): canceling Thu Jul 04 04:43:01 UTC 2019
------------------ testing $PTII/ptolemy/domains/de/test/auto/ResetTransitionWithStartTime3.xml
auto.tcl: Setting watchdog for 200 seconds at Thu Jul 04 04:43:01 UTC 2019
5 ms. Memory: 45056K Free: 23707K (53%)
ptolemy.util.test.WatchDog.cancel(): canceling Thu Jul 04 04:43:02 UTC 2019
auto.tcl: Setting watchdog for 200 seconds at Thu Jul 04 04:43:02 UTC 2019
6 ms. Memory: 45056K Free: 21659K (48%)
ptolemy.util.test.WatchDog.cancel(): canceling Thu Jul 04 04:43:02 UTC 2019
------------------ testing $PTII/ptolemy/domains/de/test/auto/ResetTransitionWithStartTime4.xml
auto.tcl: Setting watchdog for 200 seconds at Thu Jul 04 04:43:02 UTC 2019
8 ms. Memory: 45056K Free: 24228K (54%)
ptolemy.util.test.WatchDog.cancel(): canceling Thu Jul 04 04:43:02 UTC 2019
auto.tcl: Setting watchdog for 200 seconds at Thu Jul 04 04:43:02 UTC 2019
4 ms. Memory: 45056K Free: 22832K (51%)
ptolemy.util.test.WatchDog.cancel(): canceling Thu Jul 04 04:43:02 UTC 2019
------------------ testing $PTII/ptolemy/domains/de/test/auto/ResettableTimer1.xml
auto.tcl: Setting watchdog for 200 seconds at Thu Jul 04 04:43:02 UTC 2019
2 ms. Memory: 45056K Free: 28016K (62%)
ptolemy.util.test.WatchDog.cancel(): canceling Thu Jul 04 04:43:02 UTC 2019
auto.tcl: Setting watchdog for 200 seconds at Thu Jul 04 04:43:02 UTC 2019
2 ms. Memory: 45056K Free: 26937K (60%)
ptolemy.util.test.WatchDog.cancel(): canceling Thu Jul 04 04:43:02 UTC 2019
------------------ testing $PTII/ptolemy/domains/de/test/auto/ResettableTimer2.xml
auto.tcl: Setting watchdog for 200 seconds at Thu Jul 04 04:43:02 UTC 2019
2 ms. Memory: 45056K Free: 28046K (62%)
ptolemy.util.test.WatchDog.cancel(): canceling Thu Jul 04 04:43:02 UTC 2019
auto.tcl: Setting watchdog for 200 seconds at Thu Jul 04 04:43:02 UTC 2019
1 ms. Memory: 45056K Free: 27402K (61%)
ptolemy.util.test.WatchDog.cancel(): canceling Thu Jul 04 04:43:02 UTC 2019
------------------ testing $PTII/ptolemy/domains/de/test/auto/ResettableTimer3.xml
auto.tcl: Setting watchdog for 200 seconds at Thu Jul 04 04:43:02 UTC 2019
2 ms. Memory: 45056K Free: 28350K (63%)
ptolemy.util.test.WatchDog.cancel(): canceling Thu Jul 04 04:43:02 UTC 2019
auto.tcl: Setting watchdog for 200 seconds at Thu Jul 04 04:43:02 UTC 2019
1 ms. Memory: 45056K Free: 27928K (62%)
ptolemy.util.test.WatchDog.cancel(): canceling Thu Jul 04 04:43:02 UTC 2019
------------------ testing $PTII/ptolemy/domains/de/test/auto/ResettableTimer4.xml
auto.tcl: Setting watchdog for 200 seconds at Thu Jul 04 04:43:02 UTC 2019
1 ms. Memory: 45056K Free: 27879K (62%)
ptolemy.util.test.WatchDog.cancel(): canceling Thu Jul 04 04:43:02 UTC 2019
auto.tcl: Setting watchdog for 200 seconds at Thu Jul 04 04:43:02 UTC 2019
1 ms. Memory: 45056K Free: 27415K (61%)
ptolemy.util.test.WatchDog.cancel(): canceling Thu Jul 04 04:43:02 UTC 2019
------------------ testing $PTII/ptolemy/domains/de/test/auto/ResettableTimer5.xml
auto.tcl: Setting watchdog for 200 seconds at Thu Jul 04 04:43:02 UTC 2019
1 ms. Memory: 45056K Free: 27976K (62%)
ptolemy.util.test.WatchDog.cancel(): canceling Thu Jul 04 04:43:02 UTC 2019
auto.tcl: Setting watchdog for 200 seconds at Thu Jul 04 04:43:02 UTC 2019
2 ms. Memory: 45056K Free: 27422K (61%)
ptolemy.util.test.WatchDog.cancel(): canceling Thu Jul 04 04:43:02 UTC 2019
------------------ testing $PTII/ptolemy/domains/de/test/auto/ResettableTimer6.xml
auto.tcl: Setting watchdog for 200 seconds at Thu Jul 04 04:43:02 UTC 2019
1 ms. Memory: 45056K Free: 27327K (61%)
ptolemy.util.test.WatchDog.cancel(): canceling Thu Jul 04 04:43:02 UTC 2019
auto.tcl: Setting watchdog for 200 seconds at Thu Jul 04 04:43:02 UTC 2019
1 ms. Memory: 45056K Free: 26818K (60%)
ptolemy.util.test.WatchDog.cancel(): canceling Thu Jul 04 04:43:02 UTC 2019
------------------ testing $PTII/ptolemy/domains/de/test/auto/ServerZeroDelay.xml
auto.tcl: Setting watchdog for 200 seconds at Thu Jul 04 04:43:02 UTC 2019
4 ms. Memory: 45056K Free: 27999K (62%)
ptolemy.util.test.WatchDog.cancel(): canceling Thu Jul 04 04:43:02 UTC 2019
auto.tcl: Setting watchdog for 200 seconds at Thu Jul 04 04:43:02 UTC 2019
2 ms. Memory: 45056K Free: 26941K (60%)
ptolemy.util.test.WatchDog.cancel(): canceling Thu Jul 04 04:43:02 UTC 2019
------------------ testing $PTII/ptolemy/domains/de/test/auto/SmartSender.xml
auto.tcl: Setting watchdog for 200 seconds at Thu Jul 04 04:43:02 UTC 2019
3001 ms. Memory: 45056K Free: 27913K (62%)
ptolemy.util.test.WatchDog.cancel(): canceling Thu Jul 04 04:43:05 UTC 2019
auto.tcl: Setting watchdog for 200 seconds at Thu Jul 04 04:43:05 UTC 2019
3001 ms. Memory: 45056K Free: 27399K (61%)
ptolemy.util.test.WatchDog.cancel(): canceling Thu Jul 04 04:43:08 UTC 2019
------------------ testing $PTII/ptolemy/domains/de/test/auto/ThreadedComposite.xml
auto.tcl: Setting watchdog for 200 seconds at Thu Jul 04 04:43:08 UTC 2019
207 ms. Memory: 45056K Free: 9940K (22%)
ptolemy.util.test.WatchDog.cancel(): canceling Thu Jul 04 04:43:08 UTC 2019
auto.tcl: Setting watchdog for 200 seconds at Thu Jul 04 04:43:08 UTC 2019
152 ms. Memory: 45056K Free: 21050K (47%)
ptolemy.util.test.WatchDog.cancel(): canceling Thu Jul 04 04:43:09 UTC 2019
------------------ testing $PTII/ptolemy/domains/de/test/auto/Time.xml
auto.tcl: Setting watchdog for 200 seconds at Thu Jul 04 04:43:09 UTC 2019
495 ms. Memory: 45056K Free: 23583K (52%)
ptolemy.util.test.WatchDog.cancel(): canceling Thu Jul 04 04:43:09 UTC 2019
auto.tcl: Setting watchdog for 200 seconds at Thu Jul 04 04:43:09 UTC 2019
456 ms. Memory: 45056K Free: 18199K (40%)
ptolemy.util.test.WatchDog.cancel(): canceling Thu Jul 04 04:43:10 UTC 2019
------------------ testing $PTII/ptolemy/domains/de/test/auto/TimeDelayZeroDelay.xml
auto.tcl: Setting watchdog for 200 seconds at Thu Jul 04 04:43:10 UTC 2019
1 ms. Memory: 45056K Free: 28250K (63%)
ptolemy.util.test.WatchDog.cancel(): canceling Thu Jul 04 04:43:10 UTC 2019
auto.tcl: Setting watchdog for 200 seconds at Thu Jul 04 04:43:10 UTC 2019
2 ms. Memory: 45056K Free: 27359K (61%)
ptolemy.util.test.WatchDog.cancel(): canceling Thu Jul 04 04:43:10 UTC 2019
------------------ testing $PTII/ptolemy/domains/de/test/auto/TimerZeroDelay.xml
auto.tcl: Setting watchdog for 200 seconds at Thu Jul 04 04:43:10 UTC 2019
3 ms. Memory: 45056K Free: 28200K (63%)
ptolemy.util.test.WatchDog.cancel(): canceling Thu Jul 04 04:43:10 UTC 2019
auto.tcl: Setting watchdog for 200 seconds at Thu Jul 04 04:43:10 UTC 2019
3 ms. Memory: 45056K Free: 27385K (61%)
ptolemy.util.test.WatchDog.cancel(): canceling Thu Jul 04 04:43:10 UTC 2019
------------------ testing $PTII/ptolemy/domains/de/test/auto/TimingParadox.xml
auto.tcl: Setting watchdog for 200 seconds at Thu Jul 04 04:43:10 UTC 2019
325 ms. Memory: 45056K Free: 9890K (22%)
ptolemy.util.test.WatchDog.cancel(): canceling Thu Jul 04 04:43:10 UTC 2019
auto.tcl: Setting watchdog for 200 seconds at Thu Jul 04 04:43:10 UTC 2019
336 ms. Memory: 54272K Free: 28956K (53%)
ptolemy.util.test.WatchDog.cancel(): canceling Thu Jul 04 04:43:11 UTC 2019
------------------ testing $PTII/ptolemy/domains/de/test/auto/TransferInputs.xml
auto.tcl: Setting watchdog for 200 seconds at Thu Jul 04 04:43:11 UTC 2019
1 ms. Memory: 51200K Free: 32396K (63%)
ptolemy.util.test.WatchDog.cancel(): canceling Thu Jul 04 04:43:11 UTC 2019
auto.tcl: Setting watchdog for 200 seconds at Thu Jul 04 04:43:11 UTC 2019
1 ms. Memory: 51200K Free: 31536K (62%)
ptolemy.util.test.WatchDog.cancel(): canceling Thu Jul 04 04:43:11 UTC 2019
------------------ testing $PTII/ptolemy/domains/de/test/auto/TransferOutputs2.xml
auto.tcl: Setting watchdog for 200 seconds at Thu Jul 04 04:43:11 UTC 2019
10 ms. Memory: 48128K Free: 26783K (56%)
ptolemy.util.test.WatchDog.cancel(): canceling Thu Jul 04 04:43:11 UTC 2019
auto.tcl: Setting watchdog for 200 seconds at Thu Jul 04 04:43:11 UTC 2019
2 ms. Memory: 48128K Free: 25376K (53%)
ptolemy.util.test.WatchDog.cancel(): canceling Thu Jul 04 04:43:11 UTC 2019
------------------ testing $PTII/ptolemy/domains/de/test/auto/Trilateration.xml
auto.tcl: Setting watchdog for 200 seconds at Thu Jul 04 04:43:11 UTC 2019
15206 ms. Memory: 546816K Free: 269552K (49%)
ptolemy.util.test.WatchDog.cancel(): canceling Thu Jul 04 04:43:27 UTC 2019
auto.tcl: Setting watchdog for 200 seconds at Thu Jul 04 04:43:27 UTC 2019
11243 ms. Memory: 546816K Free: 228119K (42%)
ptolemy.util.test.WatchDog.cancel(): canceling Thu Jul 04 04:43:38 UTC 2019
------------------ testing $PTII/ptolemy/domains/de/test/auto/TwoSigmaDelta.xml
auto.tcl: Setting watchdog for 200 seconds at Thu Jul 04 04:43:38 UTC 2019
2726 ms. Memory: 103424K Free: 51018K (49%)
ptolemy.util.test.WatchDog.cancel(): canceling Thu Jul 04 04:43:41 UTC 2019
auto.tcl: Setting watchdog for 200 seconds at Thu Jul 04 04:43:41 UTC 2019
2072 ms. Memory: 103424K Free: 76595K (74%)
ptolemy.util.test.WatchDog.cancel(): canceling Thu Jul 04 04:43:43 UTC 2019
------------------ testing $PTII/ptolemy/domains/de/test/auto/VariableDelay.xml
auto.tcl: Setting watchdog for 200 seconds at Thu Jul 04 04:43:43 UTC 2019
3 ms. Memory: 48128K Free: 29836K (62%)
ptolemy.util.test.WatchDog.cancel(): canceling Thu Jul 04 04:43:43 UTC 2019
auto.tcl: Setting watchdog for 200 seconds at Thu Jul 04 04:43:43 UTC 2019
2 ms. Memory: 48128K Free: 28843K (60%)
ptolemy.util.test.WatchDog.cancel(): canceling Thu Jul 04 04:43:43 UTC 2019
------------------ testing $PTII/ptolemy/domains/de/test/auto/VariableDelay2.xml
auto.tcl: Setting watchdog for 200 seconds at Thu Jul 04 04:43:43 UTC 2019
2 ms. Memory: 48128K Free: 30235K (63%)
ptolemy.util.test.WatchDog.cancel(): canceling Thu Jul 04 04:43:44 UTC 2019
auto.tcl: Setting watchdog for 200 seconds at Thu Jul 04 04:43:44 UTC 2019
1 ms. Memory: 48128K Free: 29755K (62%)
ptolemy.util.test.WatchDog.cancel(): canceling Thu Jul 04 04:43:44 UTC 2019
------------------ testing $PTII/ptolemy/domains/de/test/auto/VariableDelayZeroDelay.xml
auto.tcl: Setting watchdog for 200 seconds at Thu Jul 04 04:43:44 UTC 2019
2 ms. Memory: 48128K Free: 30762K (64%)
ptolemy.util.test.WatchDog.cancel(): canceling Thu Jul 04 04:43:44 UTC 2019
auto.tcl: Setting watchdog for 200 seconds at Thu Jul 04 04:43:44 UTC 2019
2 ms. Memory: 48128K Free: 30265K (63%)
ptolemy.util.test.WatchDog.cancel(): canceling Thu Jul 04 04:43:44 UTC 2019
------------------ testing $PTII/ptolemy/domains/de/test/auto/VariableDelayZeroDelay2.xml
auto.tcl: Setting watchdog for 200 seconds at Thu Jul 04 04:43:44 UTC 2019
4 ms. Memory: 48128K Free: 30761K (64%)
ptolemy.util.test.WatchDog.cancel(): canceling Thu Jul 04 04:43:44 UTC 2019
auto.tcl: Setting watchdog for 200 seconds at Thu Jul 04 04:43:44 UTC 2019
2 ms. Memory: 48128K Free: 29767K (62%)
ptolemy.util.test.WatchDog.cancel(): canceling Thu Jul 04 04:43:44 UTC 2019
------------------ testing $PTII/ptolemy/domains/de/test/auto/deInCt.xml
auto.tcl: Setting watchdog for 200 seconds at Thu Jul 04 04:43:44 UTC 2019
0
1
1
1
0
0
0
1
1
1
0
0
0
1
1
1
0
0
0
0
1
1
1
0
0
0
1
1
1
0
0
0
1
1
0
0
0
1
1
1
1
0
0
0
1
1
1
0
0
0
1
1
1
1
21 ms. Memory: 48128K Free: 29735K (62%)
ptolemy.util.test.WatchDog.cancel(): canceling Thu Jul 04 04:43:44 UTC 2019
auto.tcl: Setting watchdog for 200 seconds at Thu Jul 04 04:43:44 UTC 2019
0
1
1
1
1
0
0
0
1
1
1
0
0
0
1
1
1
0
0
0
0
1
1
1
0
0
0
0
1
1
1
0
0
0
0
1
1
1
0
0
1
1
1
1
10 ms. Memory: 48128K Free: 28228K (59%)
ptolemy.util.test.WatchDog.cancel(): canceling Thu Jul 04 04:43:44 UTC 2019
------------------ testing $PTII/ptolemy/domains/de/test/auto/deInCt2.xml
auto.tcl: Setting watchdog for 200 seconds at Thu Jul 04 04:43:44 UTC 2019
0
1
1
1
0
0
1
1
1
0
0
1
1
1
0
0
1
1
1
0
0
1
1
1
0
0
1
1
1
0
0
1
1
1
0
0
1
1
1
0
0
0
10 ms. Memory: 48128K Free: 29744K (62%)
ptolemy.util.test.WatchDog.cancel(): canceling Thu Jul 04 04:43:44 UTC 2019
auto.tcl: Setting watchdog for 200 seconds at Thu Jul 04 04:43:44 UTC 2019
0
1
1
1
0
0
1
1
1
0
0
1
1
1
0
0
1
1
1
0
0
1
1
1
0
0
1
1
1
0
0
1
1
1
0
0
1
1
1
0
0
0
9 ms. Memory: 48128K Free: 28200K (59%)
ptolemy.util.test.WatchDog.cancel(): canceling Thu Jul 04 04:43:44 UTC 2019
------------------ testing $PTII/ptolemy/domains/de/test/auto/dynamicCausalityInterface1.xml
auto.tcl: Setting watchdog for 200 seconds at Thu Jul 04 04:43:44 UTC 2019
2 ms. Memory: 48128K Free: 25635K (53%)
ptolemy.util.test.WatchDog.cancel(): canceling Thu Jul 04 04:43:44 UTC 2019
auto.tcl: Setting watchdog for 200 seconds at Thu Jul 04 04:43:44 UTC 2019
1 ms. Memory: 48128K Free: 25152K (52%)
ptolemy.util.test.WatchDog.cancel(): canceling Thu Jul 04 04:43:44 UTC 2019
------------------ testing $PTII/ptolemy/domains/de/test/auto/fsm_de_test.xml
auto.tcl: Setting watchdog for 200 seconds at Thu Jul 04 04:43:44 UTC 2019
11 ms. Memory: 48128K Free: 25533K (53%)
ptolemy.util.test.WatchDog.cancel(): canceling Thu Jul 04 04:43:44 UTC 2019
auto.tcl: Setting watchdog for 200 seconds at Thu Jul 04 04:43:44 UTC 2019
6 ms. Memory: 48128K Free: 23546K (49%)
ptolemy.util.test.WatchDog.cancel(): canceling Thu Jul 04 04:43:44 UTC 2019
------------------ testing $PTII/ptolemy/domains/de/test/auto/functionDependencyReconstruction.xml
auto.tcl: Setting watchdog for 200 seconds at Thu Jul 04 04:43:44 UTC 2019
3 ms. Memory: 48128K Free: 19524K (41%)
ptolemy.util.test.WatchDog.cancel(): canceling Thu Jul 04 04:43:44 UTC 2019
auto.tcl: Setting watchdog for 200 seconds at Thu Jul 04 04:43:44 UTC 2019
3 ms. Memory: 48128K Free: 17411K (36%)
ptolemy.util.test.WatchDog.cancel(): canceling Thu Jul 04 04:43:44 UTC 2019
------------------ testing $PTII/ptolemy/domains/de/test/auto/multirate.xml
auto.tcl: Setting watchdog for 200 seconds at Thu Jul 04 04:43:44 UTC 2019
4 ms. Memory: 48128K Free: 28195K (59%)
ptolemy.util.test.WatchDog.cancel(): canceling Thu Jul 04 04:43:44 UTC 2019
auto.tcl: Setting watchdog for 200 seconds at Thu Jul 04 04:43:44 UTC 2019
7 ms. Memory: 48128K Free: 26518K (55%)
ptolemy.util.test.WatchDog.cancel(): canceling Thu Jul 04 04:43:44 UTC 2019
------------------ testing $PTII/ptolemy/domains/de/test/auto/multirate2.xml
auto.tcl: Setting watchdog for 200 seconds at Thu Jul 04 04:43:44 UTC 2019
5 ms. Memory: 48128K Free: 28357K (59%)
ptolemy.util.test.WatchDog.cancel(): canceling Thu Jul 04 04:43:44 UTC 2019
auto.tcl: Setting watchdog for 200 seconds at Thu Jul 04 04:43:44 UTC 2019
2 ms. Memory: 48128K Free: 27125K (56%)
ptolemy.util.test.WatchDog.cancel(): canceling Thu Jul 04 04:43:44 UTC 2019
------------------ testing $PTII/ptolemy/domains/de/test/auto/realtime.xml
auto.tcl: Setting watchdog for 200 seconds at Thu Jul 04 04:43:44 UTC 2019
10001 ms. Memory: 48128K Free: 30396K (63%)
ptolemy.util.test.WatchDog.cancel(): canceling Thu Jul 04 04:43:54 UTC 2019
auto.tcl: Setting watchdog for 200 seconds at Thu Jul 04 04:43:54 UTC 2019
10001 ms. Memory: 48128K Free: 29680K (62%)
ptolemy.util.test.WatchDog.cancel(): canceling Thu Jul 04 04:44:04 UTC 2019
------------------ testing $PTII/ptolemy/domains/de/test/auto/relationGroup.xml
auto.tcl: Setting watchdog for 200 seconds at Thu Jul 04 04:44:04 UTC 2019
2 ms. Memory: 48128K Free: 31476K (65%)
ptolemy.util.test.WatchDog.cancel(): canceling Thu Jul 04 04:44:04 UTC 2019
auto.tcl: Setting watchdog for 200 seconds at Thu Jul 04 04:44:04 UTC 2019
2 ms. Memory: 48128K Free: 30731K (64%)
ptolemy.util.test.WatchDog.cancel(): canceling Thu Jul 04 04:44:04 UTC 2019
------------------ testing $PTII/ptolemy/domains/de/test/auto/relationGroup2.xml
auto.tcl: Setting watchdog for 200 seconds at Thu Jul 04 04:44:04 UTC 2019
1 ms. Memory: 45056K Free: 28421K (63%)
ptolemy.util.test.WatchDog.cancel(): canceling Thu Jul 04 04:44:04 UTC 2019
auto.tcl: Setting watchdog for 200 seconds at Thu Jul 04 04:44:04 UTC 2019
1 ms. Memory: 45056K Free: 27685K (61%)
ptolemy.util.test.WatchDog.cancel(): canceling Thu Jul 04 04:44:04 UTC 2019
------------------ testing $PTII/ptolemy/domains/de/test/auto/sortWithOpaquePorts.xml
auto.tcl: Setting watchdog for 200 seconds at Thu Jul 04 04:44:05 UTC 2019
2 ms. Memory: 45056K Free: 27201K (60%)
ptolemy.util.test.WatchDog.cancel(): canceling Thu Jul 04 04:44:05 UTC 2019
auto.tcl: Setting watchdog for 200 seconds at Thu Jul 04 04:44:05 UTC 2019
3 ms. Memory: 45056K Free: 26236K (58%)
ptolemy.util.test.WatchDog.cancel(): canceling Thu Jul 04 04:44:05 UTC 2019
------------------ testing $PTII/ptolemy/domains/de/test/auto/transferInputsandOutputs.xml
auto.tcl: Setting watchdog for 200 seconds at Thu Jul 04 04:44:05 UTC 2019
3 ms. Memory: 45056K Free: 24631K (55%)
ptolemy.util.test.WatchDog.cancel(): canceling Thu Jul 04 04:44:05 UTC 2019
auto.tcl: Setting watchdog for 200 seconds at Thu Jul 04 04:44:05 UTC 2019
2 ms. Memory: 45056K Free: 23715K (53%)
ptolemy.util.test.WatchDog.cancel(): canceling Thu Jul 04 04:44:05 UTC 2019
------------------ testing $PTII/ptolemy/domains/de/test/auto/triggerType.xml
auto.tcl: Setting watchdog for 200 seconds at Thu Jul 04 04:44:05 UTC 2019
1 ms. Memory: 45056K Free: 27656K (61%)
ptolemy.util.test.WatchDog.cancel(): canceling Thu Jul 04 04:44:05 UTC 2019
auto.tcl: Setting watchdog for 200 seconds at Thu Jul 04 04:44:05 UTC 2019
2 ms. Memory: 45056K Free: 26768K (59%)
ptolemy.util.test.WatchDog.cancel(): canceling Thu Jul 04 04:44:05 UTC 2019
07/04/19 04:44:05
Failed: 0  Total Tests: 192  ((Passed: 187, Newly Passed: 1)  Known Failed: 5) /home/travis/build/icyphy/ptII/ptolemy/domains/de/test
07/04/19 04:44:05
Failed: 0  Total Tests: 192  ((Passed: 187, Newly Passed: 1)  Known Failed: 5) /home/travis/build/icyphy/ptII/ptolemy/domains/de/test
----------------- testing (KnownFailure) /home/travis/build/icyphy/ptII/ptolemy/domains/de/test/auto/knownFailedTests/DESDFClockTest.xml
2011 ms. Memory: 45056K Free: 21071K (47%)
Known Failure: java.lang.reflect.InvocationTargetException
----------------- testing (KnownFailure) /home/travis/build/icyphy/ptII/ptolemy/domains/de/test/auto/knownFailedTests/DirectFeedback.xml
2 ms. Memory: 45056K Free: 17470K (39%)
Known Failure: java.lang.reflect.InvocationTargetException
----------------- testing (KnownFailure) /home/travis/build/icyphy/ptII/ptolemy/domains/de/test/auto/knownFailedTests/FSMSource.xml
15 ms. Memory: 45056K Free: 10302K (23%)
----------------- testing (KnownFailure) /home/travis/build/icyphy/ptII/ptolemy/domains/de/test/auto/knownFailedTests/HierarchicalModel.xml
2 ms. Memory: 45056K Free: 18547K (41%)
Known Failure: java.lang.reflect.InvocationTargetException
----------------- testing (KnownFailure) /home/travis/build/icyphy/ptII/ptolemy/domains/de/test/auto/knownFailedTests/dependencyLoop.xml
2 ms. Memory: 45056K Free: 27414K (61%)
Known Failure: java.lang.reflect.InvocationTargetException
----------------- testing (KnownFailure) /home/travis/build/icyphy/ptII/ptolemy/domains/de/test/auto/knownFailedTests/dependencyLoop2.xml
2 ms. Memory: 45056K Free: 12354K (27%)
Known Failure: java.lang.reflect.InvocationTargetException
No auto/linux-amd64/*.xml tests in /home/travis/build/icyphy/ptII/ptolemy/domains/de/test
AutoTests.java: About to close Vertx.
AutoTests.java: Vertx closed.

===========================================================================================
----------------- testing Thu Jul 04 04:44:07 UTC 2019 /home/travis/build/icyphy/ptII/ptolemy/domains/de/test/auto/ActorDepthCalculation_actorWithoutPorts.xml
----------------- Instantiating /home/travis/build/icyphy/ptII/ptolemy/domains/de/test/auto/ActorDepthCalculation_actorWithoutPorts.xml
1 ms. Memory: 45056K Free: 29888K (66%)
----------------- Invoking toplevel() on ptolemy.moml.MoMLSimpleApplication@681750ef
----------------- Done invoking toplevel() on ptolemy.moml.MoMLSimpleApplication@681750ef
reloadAllAccessors: .ActorDepthCalculation_actorWithoutPorts

===========================================================================================
----------------- testing Thu Jul 04 04:44:07 UTC 2019 /home/travis/build/icyphy/ptII/ptolemy/domains/de/test/auto/AssemblyLine.xml
----------------- Instantiating /home/travis/build/icyphy/ptII/ptolemy/domains/de/test/auto/AssemblyLine.xml
4 ms. Memory: 45056K Free: 22790K (51%)
----------------- Invoking toplevel() on ptolemy.moml.MoMLSimpleApplication@59cae13c
----------------- Done invoking toplevel() on ptolemy.moml.MoMLSimpleApplication@59cae13c
reloadAllAccessors: .AssemblyLine

===========================================================================================
----------------- testing Thu Jul 04 04:44:07 UTC 2019 /home/travis/build/icyphy/ptII/ptolemy/domains/de/test/auto/CQBug1.xml
----------------- Instantiating /home/travis/build/icyphy/ptII/ptolemy/domains/de/test/auto/CQBug1.xml
0 ms. Memory: 45056K Free: 19883K (44%)
----------------- Invoking toplevel() on ptolemy.moml.MoMLSimpleApplication@40743039
----------------- Done invoking toplevel() on ptolemy.moml.MoMLSimpleApplication@40743039
reloadAllAccessors: .CQBug1

===========================================================================================
----------------- testing Thu Jul 04 04:44:07 UTC 2019 /home/travis/build/icyphy/ptII/ptolemy/domains/de/test/auto/CancelFireAt.xml
----------------- Instantiating /home/travis/build/icyphy/ptII/ptolemy/domains/de/test/auto/CancelFireAt.xml
1 ms. Memory: 45056K Free: 17404K (39%)
----------------- Invoking toplevel() on ptolemy.moml.MoMLSimpleApplication@4140724
----------------- Done invoking toplevel() on ptolemy.moml.MoMLSimpleApplication@4140724
reloadAllAccessors: .CancelFireAt

===========================================================================================
----------------- testing Thu Jul 04 04:44:07 UTC 2019 /home/travis/build/icyphy/ptII/ptolemy/domains/de/test/auto/CausalityAndComposabilityAnalysis.xml
----------------- Instantiating /home/travis/build/icyphy/ptII/ptolemy/domains/de/test/auto/CausalityAndComposabilityAnalysis.xml
10 ms. Memory: 45056K Free: 13033K (29%)
----------------- Invoking toplevel() on ptolemy.moml.MoMLSimpleApplication@1365ff7c
----------------- Done invoking toplevel() on ptolemy.moml.MoMLSimpleApplication@1365ff7c
reloadAllAccessors: .CausalityAndComposabilityAnalysis

===========================================================================================
----------------- testing Thu Jul 04 04:44:07 UTC 2019 /home/travis/build/icyphy/ptII/ptolemy/domains/de/test/auto/CausalityInterface1.xml
----------------- Instantiating /home/travis/build/icyphy/ptII/ptolemy/domains/de/test/auto/CausalityInterface1.xml
4 ms. Memory: 45056K Free: 7913K (18%)
----------------- Invoking toplevel() on ptolemy.moml.MoMLSimpleApplication@39527d3c
----------------- Done invoking toplevel() on ptolemy.moml.MoMLSimpleApplication@39527d3c
reloadAllAccessors: .CausalityInterface1

===========================================================================================
----------------- testing Thu Jul 04 04:44:07 UTC 2019 /home/travis/build/icyphy/ptII/ptolemy/domains/de/test/auto/CausalityInterface15.xml
----------------- Instantiating /home/travis/build/icyphy/ptII/ptolemy/domains/de/test/auto/CausalityInterface15.xml
2 ms. Memory: 45056K Free: 26285K (58%)
----------------- Invoking toplevel() on ptolemy.moml.MoMLSimpleApplication@2fbd8c10
----------------- Done invoking toplevel() on ptolemy.moml.MoMLSimpleApplication@2fbd8c10
reloadAllAccessors: .CausalityInterface15

===========================================================================================
----------------- testing Thu Jul 04 04:44:07 UTC 2019 /home/travis/build/icyphy/ptII/ptolemy/domains/de/test/auto/CausalityInterface2.xml
----------------- Instantiating /home/travis/build/icyphy/ptII/ptolemy/domains/de/test/auto/CausalityInterface2.xml
[...]
	at ptolemy.actor.Manager.run(Manager.java:1263)
	at ptolemy.actor.Manager$PtolemyRunThread.run(Manager.java:1915)
java.lang.RuntimeException: Execution failed
	at ptolemy.moml.MoMLSimpleApplication$UnloadThread.run(MoMLSimpleApplication.java:402)
Caused by: ptolemy.kernel.util.IllegalActionException: Actor is not ready to fire.  Perhaps UpSample.prefire() returned false? Try debugging the actor by selecting "Listen to Actor".  Also, for SDF check moml for tokenConsumptionRate on input.
  in .DESDFClockTest.Play Bell.Copy1:SDF Director and .DESDFClockTest.Play Bell.UpSample
	at ptolemy.actor.sched.StaticSchedulingDirector.fire(StaticSchedulingDirector.java:227)
	at ptolemy.domains.sdf.kernel.SDFDirector.fire(SDFDirector.java:500)
	at ptolemy.actor.CompositeActor.fire(CompositeActor.java:455)
	at ptolemy.domains.de.kernel.DEDirector._fire(DEDirector.java:1949)
	at ptolemy.domains.de.kernel.DEDirector.fire(DEDirector.java:502)
	at ptolemy.actor.CompositeActor.fire(CompositeActor.java:455)
	at ptolemy.actor.Manager.iterate(Manager.java:851)
	at ptolemy.actor.Manager.execute(Manager.java:369)
	at ptolemy.actor.Manager.run(Manager.java:1263)
	at ptolemy.actor.Manager$PtolemyRunThread.run(Manager.java:1915)
java.lang.reflect.InvocationTargetException
	at java.base/jdk.internal.reflect.NativeConstructorAccessorImpl.newInstance0(Native Method)
	at java.base/jdk.internal.reflect.NativeConstructorAccessorImpl.newInstance(NativeConstructorAccessorImpl.java:62)
	at java.base/jdk.internal.reflect.DelegatingConstructorAccessorImpl.newInstance(DelegatingConstructorAccessorImpl.java:45)
	at java.base/java.lang.reflect.Constructor.newInstance(Constructor.java:490)
	at ptolemy.util.test.junit.AutoKnownFailedTests.RunModel(AutoKnownFailedTests.java:105)
	at java.base/jdk.internal.reflect.NativeMethodAccessorImpl.invoke0(Native Method)
	at java.base/jdk.internal.reflect.NativeMethodAccessorImpl.invoke(NativeMethodAccessorImpl.java:62)
	at java.base/jdk.internal.reflect.DelegatingMethodAccessorImpl.invoke(DelegatingMethodAccessorImpl.java:43)
	at java.base/java.lang.reflect.Method.invoke(Method.java:566)
	at org.junit.runners.model.FrameworkMethod$1.runReflectiveCall(FrameworkMethod.java:44)
	at org.junit.internal.runners.model.ReflectiveCallable.run(ReflectiveCallable.java:15)
	at org.junit.runners.model.FrameworkMethod.invokeExplosively(FrameworkMethod.java:41)
	at junitparams.internal.InvokeParameterisedMethod.evaluate(InvokeParameterisedMethod.java:102)
	at org.junit.internal.runners.statements.FailOnTimeout$1.run(FailOnTimeout.java:28)
Caused by: ptolemy.kernel.util.IllegalActionException: Actor is not ready to fire.  Perhaps UpSample.prefire() returned false? Try debugging the actor by selecting "Listen to Actor".  Also, for SDF check moml for tokenConsumptionRate on input.
  in .DESDFClockTest.Play Bell.Copy1:SDF Director and .DESDFClockTest.Play Bell.UpSample
	at ptolemy.actor.sched.StaticSchedulingDirector.fire(StaticSchedulingDirector.java:227)
	at ptolemy.domains.sdf.kernel.SDFDirector.fire(SDFDirector.java:500)
	at ptolemy.actor.CompositeActor.fire(CompositeActor.java:455)
	at ptolemy.domains.de.kernel.DEDirector._fire(DEDirector.java:1949)
	at ptolemy.domains.de.kernel.DEDirector.fire(DEDirector.java:502)
	at ptolemy.actor.CompositeActor.fire(CompositeActor.java:455)
	at ptolemy.actor.Manager.iterate(Manager.java:851)
	at ptolemy.actor.Manager.execute(Manager.java:369)
	at ptolemy.actor.Manager.run(Manager.java:1263)
	at ptolemy.actor.Manager$PtolemyRunThread.run(Manager.java:1915)
java.lang.RuntimeException: Execution failed
	at ptolemy.moml.MoMLSimpleApplication$UnloadThread.run(MoMLSimpleApplication.java:402)
Caused by: ptolemy.kernel.util.IllegalActionException: Test fails in iteration 1.
Value was: 1.0. Should have been: 2.0
  in .DirectFeedback.Test
	at ptolemy.actor.lib.Test.fire(Test.java:268)
	at ptolemy.domains.de.kernel.DEDirector._fire(DEDirector.java:1949)
	at ptolemy.domains.de.kernel.DEDirector.fire(DEDirector.java:502)
	at ptolemy.actor.CompositeActor.fire(CompositeActor.java:455)
	at ptolemy.actor.Manager.iterate(Manager.java:851)
	at ptolemy.actor.Manager.execute(Manager.java:369)
	at ptolemy.actor.Manager.run(Manager.java:1263)
	at ptolemy.actor.Manager$PtolemyRunThread.run(Manager.java:1915)
java.lang.reflect.InvocationTargetException
	at java.base/jdk.internal.reflect.NativeConstructorAccessorImpl.newInstance0(Native Method)
	at java.base/jdk.internal.reflect.NativeConstructorAccessorImpl.newInstance(NativeConstructorAccessorImpl.java:62)
	at java.base/jdk.internal.reflect.DelegatingConstructorAccessorImpl.newInstance(DelegatingConstructorAccessorImpl.java:45)
	at java.base/java.lang.reflect.Constructor.newInstance(Constructor.java:490)
	at ptolemy.util.test.junit.AutoKnownFailedTests.RunModel(AutoKnownFailedTests.java:105)
	at java.base/jdk.internal.reflect.NativeMethodAccessorImpl.invoke0(Native Method)
	at java.base/jdk.internal.reflect.NativeMethodAccessorImpl.invoke(NativeMethodAccessorImpl.java:62)
	at java.base/jdk.internal.reflect.DelegatingMethodAccessorImpl.invoke(DelegatingMethodAccessorImpl.java:43)
	at java.base/java.lang.reflect.Method.invoke(Method.java:566)
	at org.junit.runners.model.FrameworkMethod$1.runReflectiveCall(FrameworkMethod.java:44)
	at org.junit.internal.runners.model.ReflectiveCallable.run(ReflectiveCallable.java:15)
	at org.junit.runners.model.FrameworkMethod.invokeExplosively(FrameworkMethod.java:41)
	at junitparams.internal.InvokeParameterisedMethod.evaluate(InvokeParameterisedMethod.java:102)
	at org.junit.internal.runners.statements.FailOnTimeout$1.run(FailOnTimeout.java:28)
Caused by: ptolemy.kernel.util.IllegalActionException: Test fails in iteration 1.
Value was: 1.0. Should have been: 2.0
  in .DirectFeedback.Test
	at ptolemy.actor.lib.Test.fire(Test.java:268)
	at ptolemy.domains.de.kernel.DEDirector._fire(DEDirector.java:1949)
	at ptolemy.domains.de.kernel.DEDirector.fire(DEDirector.java:502)
	at ptolemy.actor.CompositeActor.fire(CompositeActor.java:455)
	at ptolemy.actor.Manager.iterate(Manager.java:851)
	at ptolemy.actor.Manager.execute(Manager.java:369)
	at ptolemy.actor.Manager.run(Manager.java:1263)
	at ptolemy.actor.Manager$PtolemyRunThread.run(Manager.java:1915)
java.lang.RuntimeException: Execution failed
	at ptolemy.moml.MoMLSimpleApplication$UnloadThread.run(MoMLSimpleApplication.java:402)
Caused by: ptolemy.kernel.util.IllegalActionException: Found a zero delay loop containing .HierarchicalModel.A
  in .HierarchicalModel and .HierarchicalModel.A
	at ptolemy.actor.util.CausalityInterfaceForComposites._computeOutputPortDepth(CausalityInterfaceForComposites.java:759)
	at ptolemy.actor.util.CausalityInterfaceForComposites._computeInputDepth(CausalityInterfaceForComposites.java:696)
	at ptolemy.actor.util.CausalityInterfaceForComposites._computeOutputPortDepth(CausalityInterfaceForComposites.java:765)
	at ptolemy.actor.util.CausalityInterfaceForComposites._computeInputDepth(CausalityInterfaceForComposites.java:696)
	at ptolemy.actor.util.CausalityInterfaceForComposites._computeOutputPortDepth(CausalityInterfaceForComposites.java:765)
	at ptolemy.actor.util.CausalityInterfaceForComposites._computeInputDepth(CausalityInterfaceForComposites.java:696)
	at ptolemy.actor.util.CausalityInterfaceForComposites._computeActorDepth(CausalityInterfaceForComposites.java:532)
	at ptolemy.actor.util.CausalityInterfaceForComposites.checkForCycles(CausalityInterfaceForComposites.java:96)
	at ptolemy.domains.de.kernel.DEDirector.preinitialize(DEDirector.java:1338)
	at ptolemy.actor.CompositeActor.preinitialize(CompositeActor.java:1828)
	at ptolemy.actor.Manager.preinitializeAndResolveTypes(Manager.java:1040)
	at ptolemy.actor.Manager.initialize(Manager.java:710)
	at ptolemy.actor.Manager.execute(Manager.java:356)
	at ptolemy.actor.Manager.run(Manager.java:1263)
	at ptolemy.actor.Manager$PtolemyRunThread.run(Manager.java:1915)
java.lang.reflect.InvocationTargetException
	at java.base/jdk.internal.reflect.NativeConstructorAccessorImpl.newInstance0(Native Method)
	at java.base/jdk.internal.reflect.NativeConstructorAccessorImpl.newInstance(NativeConstructorAccessorImpl.java:62)
	at java.base/jdk.internal.reflect.DelegatingConstructorAccessorImpl.newInstance(DelegatingConstructorAccessorImpl.java:45)
	at java.base/java.lang.reflect.Constructor.newInstance(Constructor.java:490)
	at ptolemy.util.test.junit.AutoKnownFailedTests.RunModel(AutoKnownFailedTests.java:105)
	at java.base/jdk.internal.reflect.NativeMethodAccessorImpl.invoke0(Native Method)
	at java.base/jdk.internal.reflect.NativeMethodAccessorImpl.invoke(NativeMethodAccessorImpl.java:62)
	at java.base/jdk.internal.reflect.DelegatingMethodAccessorImpl.invoke(DelegatingMethodAccessorImpl.java:43)
	at java.base/java.lang.reflect.Method.invoke(Method.java:566)
	at org.junit.runners.model.FrameworkMethod$1.runReflectiveCall(FrameworkMethod.java:44)
	at org.junit.internal.runners.model.ReflectiveCallable.run(ReflectiveCallable.java:15)
	at org.junit.runners.model.FrameworkMethod.invokeExplosively(FrameworkMethod.java:41)
	at junitparams.internal.InvokeParameterisedMethod.evaluate(InvokeParameterisedMethod.java:102)
	at org.junit.internal.runners.statements.FailOnTimeout$1.run(FailOnTimeout.java:28)
Caused by: ptolemy.kernel.util.IllegalActionException: Found a zero delay loop containing .HierarchicalModel.A
  in .HierarchicalModel and .HierarchicalModel.A
	at ptolemy.actor.util.CausalityInterfaceForComposites._computeOutputPortDepth(CausalityInterfaceForComposites.java:759)
	at ptolemy.actor.util.CausalityInterfaceForComposites._computeInputDepth(CausalityInterfaceForComposites.java:696)
	at ptolemy.actor.util.CausalityInterfaceForComposites._computeOutputPortDepth(CausalityInterfaceForComposites.java:765)
	at ptolemy.actor.util.CausalityInterfaceForComposites._computeInputDepth(CausalityInterfaceForComposites.java:696)
	at ptolemy.actor.util.CausalityInterfaceForComposites._computeOutputPortDepth(CausalityInterfaceForComposites.java:765)
	at ptolemy.actor.util.CausalityInterfaceForComposites._computeInputDepth(CausalityInterfaceForComposites.java:696)
	at ptolemy.actor.util.CausalityInterfaceForComposites._computeActorDepth(CausalityInterfaceForComposites.java:532)
	at ptolemy.actor.util.CausalityInterfaceForComposites.checkForCycles(CausalityInterfaceForComposites.java:96)
	at ptolemy.domains.de.kernel.DEDirector.preinitialize(DEDirector.java:1338)
	at ptolemy.actor.CompositeActor.preinitialize(CompositeActor.java:1828)
	at ptolemy.actor.Manager.preinitializeAndResolveTypes(Manager.java:1040)
	at ptolemy.actor.Manager.initialize(Manager.java:710)
	at ptolemy.actor.Manager.execute(Manager.java:356)
	at ptolemy.actor.Manager.run(Manager.java:1263)
	at ptolemy.actor.Manager$PtolemyRunThread.run(Manager.java:1915)
java.lang.RuntimeException: Execution failed
	at ptolemy.moml.MoMLSimpleApplication$UnloadThread.run(MoMLSimpleApplication.java:402)
Caused by: ptolemy.kernel.util.IllegalActionException: Found a zero delay loop containing .dependencyLoop.original
  in .dependencyLoop and .dependencyLoop.original
	at ptolemy.actor.util.CausalityInterfaceForComposites._computeOutputPortDepth(CausalityInterfaceForComposites.java:759)
	at ptolemy.actor.util.CausalityInterfaceForComposites._computeInputDepth(CausalityInterfaceForComposites.java:696)
	at ptolemy.actor.util.CausalityInterfaceForComposites._computeOutputPortDepth(CausalityInterfaceForComposites.java:765)
	at ptolemy.actor.util.CausalityInterfaceForComposites._computeInputDepth(CausalityInterfaceForComposites.java:696)
	at ptolemy.actor.util.CausalityInterfaceForComposites._computeOutputPortDepth(CausalityInterfaceForComposites.java:765)
	at ptolemy.actor.util.CausalityInterfaceForComposites._computeInputDepth(CausalityInterfaceForComposites.java:696)
	at ptolemy.actor.util.CausalityInterfaceForComposites._computeActorDepth(CausalityInterfaceForComposites.java:532)
	at ptolemy.actor.util.CausalityInterfaceForComposites.checkForCycles(CausalityInterfaceForComposites.java:96)
	at ptolemy.domains.de.kernel.DEDirector.preinitialize(DEDirector.java:1338)
	at ptolemy.actor.CompositeActor.preinitialize(CompositeActor.java:1828)
	at ptolemy.actor.Manager.preinitializeAndResolveTypes(Manager.java:1040)
	at ptolemy.actor.Manager.initialize(Manager.java:710)
	at ptolemy.actor.Manager.execute(Manager.java:356)
	at ptolemy.actor.Manager.run(Manager.java:1263)
	at ptolemy.actor.Manager$PtolemyRunThread.run(Manager.java:1915)
java.lang.reflect.InvocationTargetException
	at java.base/jdk.internal.reflect.NativeConstructorAccessorImpl.newInstance0(Native Method)
	at java.base/jdk.internal.reflect.NativeConstructorAccessorImpl.newInstance(NativeConstructorAccessorImpl.java:62)
	at java.base/jdk.internal.reflect.DelegatingConstructorAccessorImpl.newInstance(DelegatingConstructorAccessorImpl.java:45)
	at java.base/java.lang.reflect.Constructor.newInstance(Constructor.java:490)
	at ptolemy.util.test.junit.AutoKnownFailedTests.RunModel(AutoKnownFailedTests.java:105)
	at java.base/jdk.internal.reflect.NativeMethodAccessorImpl.invoke0(Native Method)
	at java.base/jdk.internal.reflect.NativeMethodAccessorImpl.invoke(NativeMethodAccessorImpl.java:62)
	at java.base/jdk.internal.reflect.DelegatingMethodAccessorImpl.invoke(DelegatingMethodAccessorImpl.java:43)
	at java.base/java.lang.reflect.Method.invoke(Method.java:566)
	at org.junit.runners.model.FrameworkMethod$1.runReflectiveCall(FrameworkMethod.java:44)
	at org.junit.internal.runners.model.ReflectiveCallable.run(ReflectiveCallable.java:15)
	at org.junit.runners.model.FrameworkMethod.invokeExplosively(FrameworkMethod.java:41)
	at junitparams.internal.InvokeParameterisedMethod.evaluate(InvokeParameterisedMethod.java:102)
	at org.junit.internal.runners.statements.FailOnTimeout$1.run(FailOnTimeout.java:28)
Caused by: ptolemy.kernel.util.IllegalActionException: Found a zero delay loop containing .dependencyLoop.original
  in .dependencyLoop and .dependencyLoop.original
	at ptolemy.actor.util.CausalityInterfaceForComposites._computeOutputPortDepth(CausalityInterfaceForComposites.java:759)
	at ptolemy.actor.util.CausalityInterfaceForComposites._computeInputDepth(CausalityInterfaceForComposites.java:696)
	at ptolemy.actor.util.CausalityInterfaceForComposites._computeOutputPortDepth(CausalityInterfaceForComposites.java:765)
	at ptolemy.actor.util.CausalityInterfaceForComposites._computeInputDepth(CausalityInterfaceForComposites.java:696)
	at ptolemy.actor.util.CausalityInterfaceForComposites._computeOutputPortDepth(CausalityInterfaceForComposites.java:765)
	at ptolemy.actor.util.CausalityInterfaceForComposites._computeInputDepth(CausalityInterfaceForComposites.java:696)
	at ptolemy.actor.util.CausalityInterfaceForComposites._computeActorDepth(CausalityInterfaceForComposites.java:532)
	at ptolemy.actor.util.CausalityInterfaceForComposites.checkForCycles(CausalityInterfaceForComposites.java:96)
	at ptolemy.domains.de.kernel.DEDirector.preinitialize(DEDirector.java:1338)
	at ptolemy.actor.CompositeActor.preinitialize(CompositeActor.java:1828)
	at ptolemy.actor.Manager.preinitializeAndResolveTypes(Manager.java:1040)
	at ptolemy.actor.Manager.initialize(Manager.java:710)
	at ptolemy.actor.Manager.execute(Manager.java:356)
	at ptolemy.actor.Manager.run(Manager.java:1263)
	at ptolemy.actor.Manager$PtolemyRunThread.run(Manager.java:1915)
java.lang.RuntimeException: Execution failed
	at ptolemy.moml.MoMLSimpleApplication$UnloadThread.run(MoMLSimpleApplication.java:402)
Caused by: ptolemy.kernel.util.IllegalActionException: Found a zero delay loop containing .dependencyLoop2.original
  in .dependencyLoop2 and .dependencyLoop2.original
	at ptolemy.actor.util.CausalityInterfaceForComposites._computeOutputPortDepth(CausalityInterfaceForComposites.java:759)
	at ptolemy.actor.util.CausalityInterfaceForComposites._computeInputDepth(CausalityInterfaceForComposites.java:696)
	at ptolemy.actor.util.CausalityInterfaceForComposites._computeOutputPortDepth(CausalityInterfaceForComposites.java:765)
	at ptolemy.actor.util.CausalityInterfaceForComposites._computeInputDepth(CausalityInterfaceForComposites.java:696)
	at ptolemy.actor.util.CausalityInterfaceForComposites._computeOutputPortDepth(CausalityInterfaceForComposites.java:765)
	at ptolemy.actor.util.CausalityInterfaceForComposites._computeInputDepth(CausalityInterfaceForComposites.java:696)
	at ptolemy.actor.util.CausalityInterfaceForComposites._computeActorDepth(CausalityInterfaceForComposites.java:532)
	at ptolemy.actor.util.CausalityInterfaceForComposites.checkForCycles(CausalityInterfaceForComposites.java:96)
	at ptolemy.domains.de.kernel.DEDirector.preinitialize(DEDirector.java:1338)
	at ptolemy.actor.CompositeActor.preinitialize(CompositeActor.java:1828)
	at ptolemy.actor.Manager.preinitializeAndResolveTypes(Manager.java:1040)
	at ptolemy.actor.Manager.initialize(Manager.java:710)
	at ptolemy.actor.Manager.execute(Manager.java:356)
	at ptolemy.actor.Manager.run(Manager.java:1263)
	at ptolemy.actor.Manager$PtolemyRunThread.run(Manager.java:1915)
java.lang.reflect.InvocationTargetException
	at java.base/jdk.internal.reflect.NativeConstructorAccessorImpl.newInstance0(Native Method)
	at java.base/jdk.internal.reflect.NativeConstructorAccessorImpl.newInstance(NativeConstructorAccessorImpl.java:62)
	at java.base/jdk.internal.reflect.DelegatingConstructorAccessorImpl.newInstance(DelegatingConstructorAccessorImpl.java:45)
	at java.base/java.lang.reflect.Constructor.newInstance(Constructor.java:490)
	at ptolemy.util.test.junit.AutoKnownFailedTests.RunModel(AutoKnownFailedTests.java:105)
	at java.base/jdk.internal.reflect.NativeMethodAccessorImpl.invoke0(Native Method)
	at java.base/jdk.internal.reflect.NativeMethodAccessorImpl.invoke(NativeMethodAccessorImpl.java:62)
	at java.base/jdk.internal.reflect.DelegatingMethodAccessorImpl.invoke(DelegatingMethodAccessorImpl.java:43)
	at java.base/java.lang.reflect.Method.invoke(Method.java:566)
	at org.junit.runners.model.FrameworkMethod$1.runReflectiveCall(FrameworkMethod.java:44)
	at org.junit.internal.runners.model.ReflectiveCallable.run(ReflectiveCallable.java:15)
	at org.junit.runners.model.FrameworkMethod.invokeExplosively(FrameworkMethod.java:41)
	at junitparams.internal.InvokeParameterisedMethod.evaluate(InvokeParameterisedMethod.java:102)
	at org.junit.internal.runners.statements.FailOnTimeout$1.run(FailOnTimeout.java:28)
Caused by: ptolemy.kernel.util.IllegalActionException: Found a zero delay loop containing .dependencyLoop2.original
  in .dependencyLoop2 and .dependencyLoop2.original
	at ptolemy.actor.util.CausalityInterfaceForComposites._computeOutputPortDepth(CausalityInterfaceForComposites.java:759)
	at ptolemy.actor.util.CausalityInterfaceForComposites._computeInputDepth(CausalityInterfaceForComposites.java:696)
	at ptolemy.actor.util.CausalityInterfaceForComposites._computeOutputPortDepth(CausalityInterfaceForComposites.java:765)
	at ptolemy.actor.util.CausalityInterfaceForComposites._computeInputDepth(CausalityInterfaceForComposites.java:696)
	at ptolemy.actor.util.CausalityInterfaceForComposites._computeOutputPortDepth(CausalityInterfaceForComposites.java:765)
	at ptolemy.actor.util.CausalityInterfaceForComposites._computeInputDepth(CausalityInterfaceForComposites.java:696)
	at ptolemy.actor.util.CausalityInterfaceForComposites._computeActorDepth(CausalityInterfaceForComposites.java:532)
	at ptolemy.actor.util.CausalityInterfaceForComposites.checkForCycles(CausalityInterfaceForComposites.java:96)
	at ptolemy.domains.de.kernel.DEDirector.preinitialize(DEDirector.java:1338)
	at ptolemy.actor.CompositeActor.preinitialize(CompositeActor.java:1828)
	at ptolemy.actor.Manager.preinitializeAndResolveTypes(Manager.java:1040)
	at ptolemy.actor.Manager.initialize(Manager.java:710)
	at ptolemy.actor.Manager.execute(Manager.java:356)
	at ptolemy.actor.Manager.run(Manager.java:1263)
	at ptolemy.actor.Manager$PtolemyRunThread.run(Manager.java:1915)
]]></system-err>
</testsuite>
