<?xml version="1.0" encoding="UTF-8" ?>
<testsuite errors="0" failures="0" hostname="travis-job-1171c0ec-78fc-4211-aec9-b56e85b14c81" name="ptolemy.domains.modal.test.junit.JUnitTclTest" skipped="0" tests="148" time="11.748" timestamp="2019-06-28T18:00:11">
  <properties>
[...]
</properties>
  <testcase classname="ptolemy.util.test.junit.TclTests" name="[0] /home/travis/build/icyphy/ptII/ptolemy/domains/modal/test/SystemLevelType.tcl (RunTclFile)" time="2.102" />
  <testcase classname="ptolemy.util.test.junit.AutoKnownFailedTests" name="[0] /home/travis/build/icyphy/ptII/ptolemy/domains/modal/test/auto/knownFailedTests/CannotAnalysisWithPreemption.xml (RunModel)" time="0.367" />
  <testcase classname="ptolemy.util.test.junit.AutoNameArchTests" name="[0] ThereAreNoAutoArchTests (RunModel)" time="0.002" />
  <testcase classname="ptolemy.util.test.junit.AutoTests" name="[0] /home/travis/build/icyphy/ptII/ptolemy/domains/modal/test/auto/ABPTest.xml (RunModel)" time="0.763" />
  <testcase classname="ptolemy.util.test.junit.AutoTests" name="[1] /home/travis/build/icyphy/ptII/ptolemy/domains/modal/test/auto/ABROFlat.xml (RunModel)" time="0.13" />
  <testcase classname="ptolemy.util.test.junit.AutoTests" name="[2] /home/travis/build/icyphy/ptII/ptolemy/domains/modal/test/auto/ABROFlat2.xml (RunModel)" time="0.114" />
  <testcase classname="ptolemy.util.test.junit.AutoTests" name="[3] /home/travis/build/icyphy/ptII/ptolemy/domains/modal/test/auto/ABRO_present_hmm.xml (RunModel)" time="0.176" />
  <testcase classname="ptolemy.util.test.junit.AutoTests" name="[4] /home/travis/build/icyphy/ptII/ptolemy/domains/modal/test/auto/AMICoderExample.xml (RunModel)" time="0.065" />
  <testcase classname="ptolemy.util.test.junit.AutoTests" name="[5] /home/travis/build/icyphy/ptII/ptolemy/domains/modal/test/auto/AbsentToPresent.xml (RunModel)" time="0.024" />
  <testcase classname="ptolemy.util.test.junit.AutoTests" name="[6] /home/travis/build/icyphy/ptII/ptolemy/domains/modal/test/auto/Blending.xml (RunModel)" time="0.277" />
  <testcase classname="ptolemy.util.test.junit.AutoTests" name="[7] /home/travis/build/icyphy/ptII/ptolemy/domains/modal/test/auto/Broadcast.xml (RunModel)" time="0.055" />
  <testcase classname="ptolemy.util.test.junit.AutoTests" name="[8] /home/travis/build/icyphy/ptII/ptolemy/domains/modal/test/auto/BroadcastHierarchy.xml (RunModel)" time="0.089" />
  <testcase classname="ptolemy.util.test.junit.AutoTests" name="[9] /home/travis/build/icyphy/ptII/ptolemy/domains/modal/test/auto/BroadcastHierarchy2.xml (RunModel)" time="0.1" />
  <testcase classname="ptolemy.util.test.junit.AutoTests" name="[10] /home/travis/build/icyphy/ptII/ptolemy/domains/modal/test/auto/BroadcastHierarchy3.xml (RunModel)" time="0.068" />
  <testcase classname="ptolemy.util.test.junit.AutoTests" name="[11] /home/travis/build/icyphy/ptII/ptolemy/domains/modal/test/auto/BroadcastHierarchy4.xml (RunModel)" time="0.085" />
  <testcase classname="ptolemy.util.test.junit.AutoTests" name="[12] /home/travis/build/icyphy/ptII/ptolemy/domains/modal/test/auto/CannotAnalysisWithPreemption2.xml (RunModel)" time="0.034" />
  <testcase classname="ptolemy.util.test.junit.AutoTests" name="[13] /home/travis/build/icyphy/ptII/ptolemy/domains/modal/test/auto/CannotAnalysisWithPreemption3.xml (RunModel)" time="0.047" />
  <testcase classname="ptolemy.util.test.junit.AutoTests" name="[14] /home/travis/build/icyphy/ptII/ptolemy/domains/modal/test/auto/CannotProduce.xml (RunModel)" time="0.048" />
  <testcase classname="ptolemy.util.test.junit.AutoTests" name="[15] /home/travis/build/icyphy/ptII/ptolemy/domains/modal/test/auto/CannotProduceModal.xml (RunModel)" time="0.029" />
  <testcase classname="ptolemy.util.test.junit.AutoTests" name="[16] /home/travis/build/icyphy/ptII/ptolemy/domains/modal/test/auto/Case.xml (RunModel)" time="0.101" />
  <testcase classname="ptolemy.util.test.junit.AutoTests" name="[17] /home/travis/build/icyphy/ptII/ptolemy/domains/modal/test/auto/Case1.xml (RunModel)" time="0.041" />
  <testcase classname="ptolemy.util.test.junit.AutoTests" name="[18] /home/travis/build/icyphy/ptII/ptolemy/domains/modal/test/auto/Case2.xml (RunModel)" time="0.054" />
  <testcase classname="ptolemy.util.test.junit.AutoTests" name="[19] /home/travis/build/icyphy/ptII/ptolemy/domains/modal/test/auto/CausalityInterface1.xml (RunModel)" time="0.032" />
  <testcase classname="ptolemy.util.test.junit.AutoTests" name="[20] /home/travis/build/icyphy/ptII/ptolemy/domains/modal/test/auto/CausalityInterface10.xml (RunModel)" time="0.068" />
  <testcase classname="ptolemy.util.test.junit.AutoTests" name="[21] /home/travis/build/icyphy/ptII/ptolemy/domains/modal/test/auto/CausalityInterface11.xml (RunModel)" time="0.069" />
  <testcase classname="ptolemy.util.test.junit.AutoTests" name="[22] /home/travis/build/icyphy/ptII/ptolemy/domains/modal/test/auto/CausalityInterface12.xml (RunModel)" time="0.058" />
  <testcase classname="ptolemy.util.test.junit.AutoTests" name="[23] /home/travis/build/icyphy/ptII/ptolemy/domains/modal/test/auto/CausalityInterface13.xml (RunModel)" time="0.065" />
  <testcase classname="ptolemy.util.test.junit.AutoTests" name="[24] /home/travis/build/icyphy/ptII/ptolemy/domains/modal/test/auto/CausalityInterface14.xml (RunModel)" time="0.068" />
  <testcase classname="ptolemy.util.test.junit.AutoTests" name="[25] /home/travis/build/icyphy/ptII/ptolemy/domains/modal/test/auto/CausalityInterface2.xml (RunModel)" time="0.028" />
  <testcase classname="ptolemy.util.test.junit.AutoTests" name="[26] /home/travis/build/icyphy/ptII/ptolemy/domains/modal/test/auto/CausalityInterface3.xml (RunModel)" time="0.027" />
  <testcase classname="ptolemy.util.test.junit.AutoTests" name="[27] /home/travis/build/icyphy/ptII/ptolemy/domains/modal/test/auto/CausalityInterface4.xml (RunModel)" time="0.051" />
  <testcase classname="ptolemy.util.test.junit.AutoTests" name="[28] /home/travis/build/icyphy/ptII/ptolemy/domains/modal/test/auto/CausalityInterface5.xml (RunModel)" time="0.052" />
  <testcase classname="ptolemy.util.test.junit.AutoTests" name="[29] /home/travis/build/icyphy/ptII/ptolemy/domains/modal/test/auto/CausalityInterface6.xml (RunModel)" time="0.042" />
  <testcase classname="ptolemy.util.test.junit.AutoTests" name="[30] /home/travis/build/icyphy/ptII/ptolemy/domains/modal/test/auto/CausalityInterface7.xml (RunModel)" time="0.047" />
  <testcase classname="ptolemy.util.test.junit.AutoTests" name="[31] /home/travis/build/icyphy/ptII/ptolemy/domains/modal/test/auto/CausalityInterface8.xml (RunModel)" time="0.043" />
  <testcase classname="ptolemy.util.test.junit.AutoTests" name="[32] /home/travis/build/icyphy/ptII/ptolemy/domains/modal/test/auto/CausalityInterface9.xml (RunModel)" time="0.063" />
  <testcase classname="ptolemy.util.test.junit.AutoTests" name="[33] /home/travis/build/icyphy/ptII/ptolemy/domains/modal/test/auto/ChainedTransitions.xml (RunModel)" time="0.216" />
  <testcase classname="ptolemy.util.test.junit.AutoTests" name="[34] /home/travis/build/icyphy/ptII/ptolemy/domains/modal/test/auto/CycleOfImmediateTransitionsFSM.xml (RunModel)" time="0.035" />
  <testcase classname="ptolemy.util.test.junit.AutoTests" name="[35] /home/travis/build/icyphy/ptII/ptolemy/domains/modal/test/auto/CycleOfImmediateTransitionsModal.xml (RunModel)" time="0.03" />
  <testcase classname="ptolemy.util.test.junit.AutoTests" name="[36] /home/travis/build/icyphy/ptII/ptolemy/domains/modal/test/auto/CycleOfImmediateTransitionsModal2.xml (RunModel)" time="0.034" />
  <testcase classname="ptolemy.util.test.junit.AutoTests" name="[37] /home/travis/build/icyphy/ptII/ptolemy/domains/modal/test/auto/CycleOfImmediateTransitionsModal3.xml (RunModel)" time="0.067" />
  <testcase classname="ptolemy.util.test.junit.AutoTests" name="[38] /home/travis/build/icyphy/ptII/ptolemy/domains/modal/test/auto/DeepModal1.xml (RunModel)" time="0.048" />
  <testcase classname="ptolemy.util.test.junit.AutoTests" name="[39] /home/travis/build/icyphy/ptII/ptolemy/domains/modal/test/auto/DeepModal2.xml (RunModel)" time="0.067" />
  <testcase classname="ptolemy.util.test.junit.AutoTests" name="[40] /home/travis/build/icyphy/ptII/ptolemy/domains/modal/test/auto/DeepModal3.xml (RunModel)" time="0.074" />
  <testcase classname="ptolemy.util.test.junit.AutoTests" name="[41] /home/travis/build/icyphy/ptII/ptolemy/domains/modal/test/auto/DeepModal4.xml (RunModel)" time="0.106" />
  <testcase classname="ptolemy.util.test.junit.AutoTests" name="[42] /home/travis/build/icyphy/ptII/ptolemy/domains/modal/test/auto/Default1.xml (RunModel)" time="0.021" />
  <testcase classname="ptolemy.util.test.junit.AutoTests" name="[43] /home/travis/build/icyphy/ptII/ptolemy/domains/modal/test/auto/Default2.xml (RunModel)" time="0.025" />
  <testcase classname="ptolemy.util.test.junit.AutoTests" name="[44] /home/travis/build/icyphy/ptII/ptolemy/domains/modal/test/auto/Default3.xml (RunModel)" time="0.028" />
  <testcase classname="ptolemy.util.test.junit.AutoTests" name="[45] /home/travis/build/icyphy/ptII/ptolemy/domains/modal/test/auto/Default4.xml (RunModel)" time="0.016" />
  <testcase classname="ptolemy.util.test.junit.AutoTests" name="[46] /home/travis/build/icyphy/ptII/ptolemy/domains/modal/test/auto/Default5.xml (RunModel)" time="0.033" />
  <testcase classname="ptolemy.util.test.junit.AutoTests" name="[47] /home/travis/build/icyphy/ptII/ptolemy/domains/modal/test/auto/EmptyGuard.xml (RunModel)" time="0.034" />
  <testcase classname="ptolemy.util.test.junit.AutoTests" name="[48] /home/travis/build/icyphy/ptII/ptolemy/domains/modal/test/auto/ErrorTransition1.xml (RunModel)" time="0.029" />
  <testcase classname="ptolemy.util.test.junit.AutoTests" name="[49] /home/travis/build/icyphy/ptII/ptolemy/domains/modal/test/auto/ErrorTransition10.xml (RunModel)" time="0.045" />
  <testcase classname="ptolemy.util.test.junit.AutoTests" name="[50] /home/travis/build/icyphy/ptII/ptolemy/domains/modal/test/auto/ErrorTransition11.xml (RunModel)" time="0.042" />
  <testcase classname="ptolemy.util.test.junit.AutoTests" name="[51] /home/travis/build/icyphy/ptII/ptolemy/domains/modal/test/auto/ErrorTransition2.xml (RunModel)" time="0.029" />
  <testcase classname="ptolemy.util.test.junit.AutoTests" name="[52] /home/travis/build/icyphy/ptII/ptolemy/domains/modal/test/auto/ErrorTransition3.xml (RunModel)" time="0.041" />
  <testcase classname="ptolemy.util.test.junit.AutoTests" name="[53] /home/travis/build/icyphy/ptII/ptolemy/domains/modal/test/auto/ErrorTransition4.xml (RunModel)" time="0.055" />
  <testcase classname="ptolemy.util.test.junit.AutoTests" name="[54] /home/travis/build/icyphy/ptII/ptolemy/domains/modal/test/auto/ErrorTransition5.xml (RunModel)" time="0.026" />
  <testcase classname="ptolemy.util.test.junit.AutoTests" name="[55] /home/travis/build/icyphy/ptII/ptolemy/domains/modal/test/auto/ErrorTransition6.xml (RunModel)" time="0.036" />
  <testcase classname="ptolemy.util.test.junit.AutoTests" name="[56] /home/travis/build/icyphy/ptII/ptolemy/domains/modal/test/auto/ErrorTransition7.xml (RunModel)" time="0.052" />
  <testcase classname="ptolemy.util.test.junit.AutoTests" name="[57] /home/travis/build/icyphy/ptII/ptolemy/domains/modal/test/auto/ErrorTransition8.xml (RunModel)" time="0.046" />
  <testcase classname="ptolemy.util.test.junit.AutoTests" name="[58] /home/travis/build/icyphy/ptII/ptolemy/domains/modal/test/auto/ErrorTransition9.xml (RunModel)" time="0.084" />
  <testcase classname="ptolemy.util.test.junit.AutoTests" name="[59] /home/travis/build/icyphy/ptII/ptolemy/domains/modal/test/auto/ExtendedFSM.xml (RunModel)" time="0.022" />
  <testcase classname="ptolemy.util.test.junit.AutoTests" name="[60] /home/travis/build/icyphy/ptII/ptolemy/domains/modal/test/auto/FinalStates.xml (RunModel)" time="0.024" />
  <testcase classname="ptolemy.util.test.junit.AutoTests" name="[61] /home/travis/build/icyphy/ptII/ptolemy/domains/modal/test/auto/FixedPointFSM.xml (RunModel)" time="0.051" />
  <testcase classname="ptolemy.util.test.junit.AutoTests" name="[62] /home/travis/build/icyphy/ptII/ptolemy/domains/modal/test/auto/FixedPointIterationFSMActor.xml (RunModel)" time="0.033" />
  <testcase classname="ptolemy.util.test.junit.AutoTests" name="[63] /home/travis/build/icyphy/ptII/ptolemy/domains/modal/test/auto/FixedPointIterationFSMActor2.xml (RunModel)" time="0.033" />
  <testcase classname="ptolemy.util.test.junit.AutoTests" name="[64] /home/travis/build/icyphy/ptII/ptolemy/domains/modal/test/auto/ForbiddenInstantanousLoop.xml (RunModel)" time="0.038" />
  <testcase classname="ptolemy.util.test.junit.AutoTests" name="[65] /home/travis/build/icyphy/ptII/ptolemy/domains/modal/test/auto/FunctionDependencyOfFSMActorTest.xml (RunModel)" time="0.03" />
  <testcase classname="ptolemy.util.test.junit.AutoTests" name="[66] /home/travis/build/icyphy/ptII/ptolemy/domains/modal/test/auto/GuardExpression.xml (RunModel)" time="0.022" />
  <testcase classname="ptolemy.util.test.junit.AutoTests" name="[67] /home/travis/build/icyphy/ptII/ptolemy/domains/modal/test/auto/GuardNotEvaluated.xml (RunModel)" time="0.036" />
  <testcase classname="ptolemy.util.test.junit.AutoTests" name="[68] /home/travis/build/icyphy/ptII/ptolemy/domains/modal/test/auto/GuardNotEvaluated2.xml (RunModel)" time="0.027" />
  <testcase classname="ptolemy.util.test.junit.AutoTests" name="[69] /home/travis/build/icyphy/ptII/ptolemy/domains/modal/test/auto/GuardOnAbsent.xml (RunModel)" time="0.03" />
  <testcase classname="ptolemy.util.test.junit.AutoTests" name="[70] /home/travis/build/icyphy/ptII/ptolemy/domains/modal/test/auto/HierarchicalFSMTypeInference.xml (RunModel)" time="0.058" />
  <testcase classname="ptolemy.util.test.junit.AutoTests" name="[71] /home/travis/build/icyphy/ptII/ptolemy/domains/modal/test/auto/Hysteresis.xml (RunModel)" time="0.046" />
  <testcase classname="ptolemy.util.test.junit.AutoTests" name="[72] /home/travis/build/icyphy/ptII/ptolemy/domains/modal/test/auto/HysteresisWithDefault.xml (RunModel)" time="0.084" />
  <testcase classname="ptolemy.util.test.junit.AutoTests" name="[73] /home/travis/build/icyphy/ptII/ptolemy/domains/modal/test/auto/HysteresisWithDefault2.xml (RunModel)" time="0.102" />
  <testcase classname="ptolemy.util.test.junit.AutoTests" name="[74] /home/travis/build/icyphy/ptII/ptolemy/domains/modal/test/auto/ImmediateNonConstructiveness.xml (RunModel)" time="0.019" />
  <testcase classname="ptolemy.util.test.junit.AutoTests" name="[75] /home/travis/build/icyphy/ptII/ptolemy/domains/modal/test/auto/ImmediateNonConstructiveness2.xml (RunModel)" time="0.019" />
  <testcase classname="ptolemy.util.test.junit.AutoTests" name="[76] /home/travis/build/icyphy/ptII/ptolemy/domains/modal/test/auto/ImmediateTransitionReset.xml (RunModel)" time="0.039" />
  <testcase classname="ptolemy.util.test.junit.AutoTests" name="[77] /home/travis/build/icyphy/ptII/ptolemy/domains/modal/test/auto/ImmediateTransitions1.xml (RunModel)" time="0.016" />
  <testcase classname="ptolemy.util.test.junit.AutoTests" name="[78] /home/travis/build/icyphy/ptII/ptolemy/domains/modal/test/auto/ImmediateTransitionsInstantaneousCommunication.xml (RunModel)" time="0.039" />
  <testcase classname="ptolemy.util.test.junit.AutoTests" name="[79] /home/travis/build/icyphy/ptII/ptolemy/domains/modal/test/auto/InitialImmediateTransition.xml (RunModel)" time="0.017" />
  <testcase classname="ptolemy.util.test.junit.AutoTests" name="[80] /home/travis/build/icyphy/ptII/ptolemy/domains/modal/test/auto/InitialOutputs.xml (RunModel)" time="0.017" />
  <testcase classname="ptolemy.util.test.junit.AutoTests" name="[81] /home/travis/build/icyphy/ptII/ptolemy/domains/modal/test/auto/InitialStateTransition1.xml (RunModel)" time="0.023" />
  <testcase classname="ptolemy.util.test.junit.AutoTests" name="[82] /home/travis/build/icyphy/ptII/ptolemy/domains/modal/test/auto/InitialStateTransition2.xml (RunModel)" time="0.026" />
  <testcase classname="ptolemy.util.test.junit.AutoTests" name="[83] /home/travis/build/icyphy/ptII/ptolemy/domains/modal/test/auto/InitialStateTransition3.xml (RunModel)" time="0.026" />
  <testcase classname="ptolemy.util.test.junit.AutoTests" name="[84] /home/travis/build/icyphy/ptII/ptolemy/domains/modal/test/auto/InitialStateTransition4.xml (RunModel)" time="0.028" />
  <testcase classname="ptolemy.util.test.junit.AutoTests" name="[85] /home/travis/build/icyphy/ptII/ptolemy/domains/modal/test/auto/MalformedGuardExpressionNotCaught.xml (RunModel)" time="0.028" />
  <testcase classname="ptolemy.util.test.junit.AutoTests" name="[86] /home/travis/build/icyphy/ptII/ptolemy/domains/modal/test/auto/ModalBSC.xml (RunModel)" time="0.1" />
  <testcase classname="ptolemy.util.test.junit.AutoTests" name="[87] /home/travis/build/icyphy/ptII/ptolemy/domains/modal/test/auto/ModalClocks.xml (RunModel)" time="0.081" />
  <testcase classname="ptolemy.util.test.junit.AutoTests" name="[88] /home/travis/build/icyphy/ptII/ptolemy/domains/modal/test/auto/ModalDelay.xml (RunModel)" time="0.081" />
  <testcase classname="ptolemy.util.test.junit.AutoTests" name="[89] /home/travis/build/icyphy/ptII/ptolemy/domains/modal/test/auto/ModalDelay2.xml (RunModel)" time="0.053" />
  <testcase classname="ptolemy.util.test.junit.AutoTests" name="[90] /home/travis/build/icyphy/ptII/ptolemy/domains/modal/test/auto/ModalModelFromMemo.xml (RunModel)" time="0.07" />
  <testcase classname="ptolemy.util.test.junit.AutoTests" name="[91] /home/travis/build/icyphy/ptII/ptolemy/domains/modal/test/auto/ModalModelWithMultirateTransient.xml (RunModel)" time="0.066" />
  <testcase classname="ptolemy.util.test.junit.AutoTests" name="[92] /home/travis/build/icyphy/ptII/ptolemy/domains/modal/test/auto/ModalModelWithReset.xml (RunModel)" time="0.07" />
  <testcase classname="ptolemy.util.test.junit.AutoTests" name="[93] /home/travis/build/icyphy/ptII/ptolemy/domains/modal/test/auto/MouseClickFSM.xml (RunModel)" time="0.058" />
  <testcase classname="ptolemy.util.test.junit.AutoTests" name="[94] /home/travis/build/icyphy/ptII/ptolemy/domains/modal/test/auto/MouseClickFSMModal.xml (RunModel)" time="0.037" />
  <testcase classname="ptolemy.util.test.junit.AutoTests" name="[95] /home/travis/build/icyphy/ptII/ptolemy/domains/modal/test/auto/NonStrictFSM_FeedbackLoop.xml (RunModel)" time="0.047" />
  <testcase classname="ptolemy.util.test.junit.AutoTests" name="[96] /home/travis/build/icyphy/ptII/ptolemy/domains/modal/test/auto/NonStrictFSM_FeedbackLoop_Refinement.xml (RunModel)" time="0.093" />
  <testcase classname="ptolemy.util.test.junit.AutoTests" name="[97] /home/travis/build/icyphy/ptII/ptolemy/domains/modal/test/auto/NonStrictFSM_FeedbackLoop_preemptive.xml (RunModel)" time="0.054" />
  <testcase classname="ptolemy.util.test.junit.AutoTests" name="[98] /home/travis/build/icyphy/ptII/ptolemy/domains/modal/test/auto/NormalTermination.xml (RunModel)" time="0.05" />
  <testcase classname="ptolemy.util.test.junit.AutoTests" name="[99] /home/travis/build/icyphy/ptII/ptolemy/domains/modal/test/auto/Pong.xml (RunModel)" time="0.079" />
  <testcase classname="ptolemy.util.test.junit.AutoTests" name="[100] /home/travis/build/icyphy/ptII/ptolemy/domains/modal/test/auto/Pong_test.xml (RunModel)" time="0.106" />
  <testcase classname="ptolemy.util.test.junit.AutoTests" name="[101] /home/travis/build/icyphy/ptII/ptolemy/domains/modal/test/auto/PreemptionHierarchy.xml (RunModel)" time="0.026" />
  <testcase classname="ptolemy.util.test.junit.AutoTests" name="[102] /home/travis/build/icyphy/ptII/ptolemy/domains/modal/test/auto/PreemptionHierarchy2.xml (RunModel)" time="0.062" />
  <testcase classname="ptolemy.util.test.junit.AutoTests" name="[103] /home/travis/build/icyphy/ptII/ptolemy/domains/modal/test/auto/PreemptiveTransition.xml (RunModel)" time="0.026" />
  <testcase classname="ptolemy.util.test.junit.AutoTests" name="[104] /home/travis/build/icyphy/ptII/ptolemy/domains/modal/test/auto/Priorities.xml (RunModel)" time="0.09" />
  <testcase classname="ptolemy.util.test.junit.AutoTests" name="[105] /home/travis/build/icyphy/ptII/ptolemy/domains/modal/test/auto/ResetFinal.xml (RunModel)" time="0.048" />
  <testcase classname="ptolemy.util.test.junit.AutoTests" name="[106] /home/travis/build/icyphy/ptII/ptolemy/domains/modal/test/auto/ResetFinal2.xml (RunModel)" time="0.034" />
  <testcase classname="ptolemy.util.test.junit.AutoTests" name="[107] /home/travis/build/icyphy/ptII/ptolemy/domains/modal/test/auto/ResetTransitionWithStartTime.xml (RunModel)" time="0.036" />
  <testcase classname="ptolemy.util.test.junit.AutoTests" name="[108] /home/travis/build/icyphy/ptII/ptolemy/domains/modal/test/auto/SDF-FSMComposite.xml (RunModel)" time="0.024" />
  <testcase classname="ptolemy.util.test.junit.AutoTests" name="[109] /home/travis/build/icyphy/ptII/ptolemy/domains/modal/test/auto/SeeminglyNondeterminate.xml (RunModel)" time="0.073" />
  <testcase classname="ptolemy.util.test.junit.AutoTests" name="[110] /home/travis/build/icyphy/ptII/ptolemy/domains/modal/test/auto/SeeminglyNondeterminate2.xml (RunModel)" time="0.087" />
  <testcase classname="ptolemy.util.test.junit.AutoTests" name="[111] /home/travis/build/icyphy/ptII/ptolemy/domains/modal/test/auto/SpontaneousFSM.xml (RunModel)" time="0.04" />
  <testcase classname="ptolemy.util.test.junit.AutoTests" name="[112] /home/travis/build/icyphy/ptII/ptolemy/domains/modal/test/auto/SpontaneousFSM2.xml (RunModel)" time="0.032" />
  <testcase classname="ptolemy.util.test.junit.AutoTests" name="[113] /home/travis/build/icyphy/ptII/ptolemy/domains/modal/test/auto/SpontaneousFSM3.xml (RunModel)" time="0.042" />
  <testcase classname="ptolemy.util.test.junit.AutoTests" name="[114] /home/travis/build/icyphy/ptII/ptolemy/domains/modal/test/auto/SpontaneousFSM4.xml (RunModel)" time="0.049" />
  <testcase classname="ptolemy.util.test.junit.AutoTests" name="[115] /home/travis/build/icyphy/ptII/ptolemy/domains/modal/test/auto/StateTrackerTest.xml (RunModel)" time="0.086" />
  <testcase classname="ptolemy.util.test.junit.AutoTests" name="[116] /home/travis/build/icyphy/ptII/ptolemy/domains/modal/test/auto/StrongImmediateTransition.xml (RunModel)" time="0.026" />
  <testcase classname="ptolemy.util.test.junit.AutoTests" name="[117] /home/travis/build/icyphy/ptII/ptolemy/domains/modal/test/auto/SustainHierarchy.xml (RunModel)" time="0.033" />
  <testcase classname="ptolemy.util.test.junit.AutoTests" name="[118] /home/travis/build/icyphy/ptII/ptolemy/domains/modal/test/auto/TerminationTransition1.xml (RunModel)" time="0.022" />
  <testcase classname="ptolemy.util.test.junit.AutoTests" name="[119] /home/travis/build/icyphy/ptII/ptolemy/domains/modal/test/auto/TerminationTransition2.xml (RunModel)" time="0.027" />
  <testcase classname="ptolemy.util.test.junit.AutoTests" name="[120] /home/travis/build/icyphy/ptII/ptolemy/domains/modal/test/auto/TerminationTransition3.xml (RunModel)" time="0.023" />
  <testcase classname="ptolemy.util.test.junit.AutoTests" name="[121] /home/travis/build/icyphy/ptII/ptolemy/domains/modal/test/auto/TerminationTransition4.xml (RunModel)" time="0.035" />
  <testcase classname="ptolemy.util.test.junit.AutoTests" name="[122] /home/travis/build/icyphy/ptII/ptolemy/domains/modal/test/auto/TerminationTransition5.xml (RunModel)" time="0.03" />
  <testcase classname="ptolemy.util.test.junit.AutoTests" name="[123] /home/travis/build/icyphy/ptII/ptolemy/domains/modal/test/auto/TerminationTransition6.xml (RunModel)" time="0.022" />
  <testcase classname="ptolemy.util.test.junit.AutoTests" name="[124] /home/travis/build/icyphy/ptII/ptolemy/domains/modal/test/auto/TerminationTransition7.xml (RunModel)" time="0.021" />
  <testcase classname="ptolemy.util.test.junit.AutoTests" name="[125] /home/travis/build/icyphy/ptII/ptolemy/domains/modal/test/auto/TerminationTransition8.xml (RunModel)" time="0.023" />
  <testcase classname="ptolemy.util.test.junit.AutoTests" name="[126] /home/travis/build/icyphy/ptII/ptolemy/domains/modal/test/auto/Thermostat_NoHysteresis.xml (RunModel)" time="0.081" />
  <testcase classname="ptolemy.util.test.junit.AutoTests" name="[127] /home/travis/build/icyphy/ptII/ptolemy/domains/modal/test/auto/TimedFSM.xml (RunModel)" time="0.032" />
  <testcase classname="ptolemy.util.test.junit.AutoTests" name="[128] /home/travis/build/icyphy/ptII/ptolemy/domains/modal/test/auto/Timeout1.xml (RunModel)" time="0.016" />
  <testcase classname="ptolemy.util.test.junit.AutoTests" name="[129] /home/travis/build/icyphy/ptII/ptolemy/domains/modal/test/auto/Timeout2.xml (RunModel)" time="0.022" />
  <testcase classname="ptolemy.util.test.junit.AutoTests" name="[130] /home/travis/build/icyphy/ptII/ptolemy/domains/modal/test/auto/Timeout3.xml (RunModel)" time="0.012" />
  <testcase classname="ptolemy.util.test.junit.AutoTests" name="[131] /home/travis/build/icyphy/ptII/ptolemy/domains/modal/test/auto/Timeout4.xml (RunModel)" time="0.015" />
  <testcase classname="ptolemy.util.test.junit.AutoTests" name="[132] /home/travis/build/icyphy/ptII/ptolemy/domains/modal/test/auto/TransientstateModelAdvanced.xml (RunModel)" time="0.029" />
  <testcase classname="ptolemy.util.test.junit.AutoTests" name="[133] /home/travis/build/icyphy/ptII/ptolemy/domains/modal/test/auto/TransientstateModelAdvanced2.xml (RunModel)" time="0.031" />
  <testcase classname="ptolemy.util.test.junit.AutoTests" name="[134] /home/travis/build/icyphy/ptII/ptolemy/domains/modal/test/auto/TransitionRefinements.xml (RunModel)" time="0.028" />
  <testcase classname="ptolemy.util.test.junit.AutoTests" name="[135] /home/travis/build/icyphy/ptII/ptolemy/domains/modal/test/auto/TwoRefinements1.xml (RunModel)" time="0.032" />
  <testcase classname="ptolemy.util.test.junit.AutoTests" name="[136] /home/travis/build/icyphy/ptII/ptolemy/domains/modal/test/auto/TwoRefinements2.xml (RunModel)" time="0.043" />
  <testcase classname="ptolemy.util.test.junit.AutoTests" name="[137] /home/travis/build/icyphy/ptII/ptolemy/domains/modal/test/auto/WeakImmediateTransition.xml (RunModel)" time="0.028" />
  <testcase classname="ptolemy.util.test.junit.AutoTests" name="[138] /home/travis/build/icyphy/ptII/ptolemy/domains/modal/test/auto/booleanSelect.xml (RunModel)" time="0.061" />
  <testcase classname="ptolemy.util.test.junit.AutoTests" name="[139] /home/travis/build/icyphy/ptII/ptolemy/domains/modal/test/auto/modalChangingParams.xml (RunModel)" time="0.31" />
  <testcase classname="ptolemy.util.test.junit.AutoTests" name="[140] /home/travis/build/icyphy/ptII/ptolemy/domains/modal/test/auto/modalModel.xml (RunModel)" time="0.022" />
  <testcase classname="ptolemy.util.test.junit.AutoTests" name="[141] /home/travis/build/icyphy/ptII/ptolemy/domains/modal/test/auto/modalModel2.xml (RunModel)" time="0.027" />
  <testcase classname="ptolemy.util.test.junit.AutoTests" name="[142] /home/travis/build/icyphy/ptII/ptolemy/domains/modal/test/auto/modalModel3.xml (RunModel)" time="0.041" />
  <testcase classname="ptolemy.util.test.junit.AutoTests" name="[143] /home/travis/build/icyphy/ptII/ptolemy/domains/modal/test/auto/model1.xml (RunModel)" time="0.025" />
  <testcase classname="ptolemy.util.test.junit.AutoTests" name="[144] /home/travis/build/icyphy/ptII/ptolemy/domains/modal/test/auto/test-direct-in-out.xml (RunModel)" time="0.025" />
  <system-out><![CDATA[/home/travis/build/icyphy/ptII/ptolemy/domains/modal/test/SystemLevelType.tcl
testDefs.tcl: setting time out to 9000 seconds at Fri Jun 28 18:00:11 UTC 2019
06/28/19 06:00:14
Failed: 0  Total Tests: 1  ((Passed: 1, Newly Passed: 0)  Known Failed: 0) /home/travis/build/icyphy/ptII/ptolemy/domains/modal/test
----------------- testing (KnownFailure) /home/travis/build/icyphy/ptII/ptolemy/domains/modal/test/auto/knownFailedTests/CannotAnalysisWithPreemption.xml
172 ms. Memory: 159744K Free: 124691K (78%)
Known Failure: java.lang.reflect.InvocationTargetException
No auto/linux-amd64/*.xml tests in /home/travis/build/icyphy/ptII/ptolemy/domains/modal/test
AutoTests.java: About to close Vertx.
AutoTests.java: Vertx closed.

===========================================================================================
----------------- testing Fri Jun 28 18:00:14 UTC 2019 /home/travis/build/icyphy/ptII/ptolemy/domains/modal/test/auto/ABPTest.xml
----------------- Instantiating /home/travis/build/icyphy/ptII/ptolemy/domains/modal/test/auto/ABPTest.xml
312 ms. Memory: 206848K Free: 88693K (43%)
----------------- Invoking toplevel() on ptolemy.moml.MoMLSimpleApplication@125cd0f
----------------- Done invoking toplevel() on ptolemy.moml.MoMLSimpleApplication@125cd0f
reloadAllAccessors: .ABPTest

===========================================================================================
----------------- testing Fri Jun 28 18:00:15 UTC 2019 /home/travis/build/icyphy/ptII/ptolemy/domains/modal/test/auto/ABROFlat.xml
----------------- Instantiating /home/travis/build/icyphy/ptII/ptolemy/domains/modal/test/auto/ABROFlat.xml
65 ms. Memory: 206848K Free: 188670K (91%)
----------------- Invoking toplevel() on ptolemy.moml.MoMLSimpleApplication@2c2615d2
----------------- Done invoking toplevel() on ptolemy.moml.MoMLSimpleApplication@2c2615d2
reloadAllAccessors: .ABROFlat

===========================================================================================
----------------- testing Fri Jun 28 18:00:15 UTC 2019 /home/travis/build/icyphy/ptII/ptolemy/domains/modal/test/auto/ABROFlat2.xml
----------------- Instantiating /home/travis/build/icyphy/ptII/ptolemy/domains/modal/test/auto/ABROFlat2.xml
26 ms. Memory: 206848K Free: 171072K (83%)
----------------- Invoking toplevel() on ptolemy.moml.MoMLSimpleApplication@7b6f654b
----------------- Done invoking toplevel() on ptolemy.moml.MoMLSimpleApplication@7b6f654b
reloadAllAccessors: .ABROFlat2

===========================================================================================
----------------- testing Fri Jun 28 18:00:15 UTC 2019 /home/travis/build/icyphy/ptII/ptolemy/domains/modal/test/auto/ABRO_present_hmm.xml
----------------- Instantiating /home/travis/build/icyphy/ptII/ptolemy/domains/modal/test/auto/ABRO_present_hmm.xml
43 ms. Memory: 206848K Free: 144441K (70%)
----------------- Invoking toplevel() on ptolemy.moml.MoMLSimpleApplication@10275f2a
----------------- Done invoking toplevel() on ptolemy.moml.MoMLSimpleApplication@10275f2a
reloadAllAccessors: .ABRO_present_hmm

===========================================================================================
----------------- testing Fri Jun 28 18:00:16 UTC 2019 /home/travis/build/icyphy/ptII/ptolemy/domains/modal/test/auto/AMICoderExample.xml
----------------- Instantiating /home/travis/build/icyphy/ptII/ptolemy/domains/modal/test/auto/AMICoderExample.xml
31 ms. Memory: 206848K Free: 134208K (65%)
----------------- Invoking toplevel() on ptolemy.moml.MoMLSimpleApplication@7da36747
----------------- Done invoking toplevel() on ptolemy.moml.MoMLSimpleApplication@7da36747
reloadAllAccessors: .AMICoderExample

===========================================================================================
----------------- testing Fri Jun 28 18:00:16 UTC 2019 /home/travis/build/icyphy/ptII/ptolemy/domains/modal/test/auto/AbsentToPresent.xml
----------------- Instantiating /home/travis/build/icyphy/ptII/ptolemy/domains/modal/test/auto/AbsentToPresent.xml
6 ms. Memory: 206848K Free: 129602K (63%)
----------------- Invoking toplevel() on ptolemy.moml.MoMLSimpleApplication@3f22c07a
----------------- Done invoking toplevel() on ptolemy.moml.MoMLSimpleApplication@3f22c07a
reloadAllAccessors: .AbsentToPresent

===========================================================================================
----------------- testing Fri Jun 28 18:00:16 UTC 2019 /home/travis/build/icyphy/ptII/ptolemy/domains/modal/test/auto/Blending.xml
----------------- Instantiating /home/travis/build/icyphy/ptII/ptolemy/domains/modal/test/auto/Blending.xml
154 ms. Memory: 206848K Free: 85570K (41%)
----------------- Invoking toplevel() on ptolemy.moml.MoMLSimpleApplication@18abdeb1
----------------- Done invoking toplevel() on ptolemy.moml.MoMLSimpleApplication@18abdeb1
reloadAllAccessors: .Blending

===========================================================================================
----------------- testing Fri Jun 28 18:00:16 UTC 2019 /home/travis/build/icyphy/ptII/ptolemy/domains/modal/test/auto/Broadcast.xml
----------------- Instantiating /home/travis/build/icyphy/ptII/ptolemy/domains/modal/test/auto/Broadcast.xml
12 ms. Memory: 206848K Free: 75840K (37%)
----------------- Invoking toplevel() on ptolemy.moml.MoMLSimpleApplication@40e3977f
----------------- Done invoking toplevel() on ptolemy.moml.MoMLSimpleApplication@40e3977f
reloadAllAccessors: .Broadcast

===========================================================================================
----------------- testing Fri Jun 28 18:00:16 UTC 2019 /home/travis/build/icyphy/ptII/ptolemy/domains/modal/test/auto/BroadcastHierarchy.xml
----------------- Instantiating /home/travis/build/icyphy/ptII/ptolemy/domains/modal/test/auto/BroadcastHierarchy.xml
24 ms. Memory: 206848K Free: 178242K (86%)
----------------- Invoking toplevel() on ptolemy.moml.MoMLSimpleApplication@434350e0
----------------- Done invoking toplevel() on ptolemy.moml.MoMLSimpleApplication@434350e0
reloadAllAccessors: .BroadcastHierarchy

===========================================================================================
----------------- testing Fri Jun 28 18:00:16 UTC 2019 /home/travis/build/icyphy/ptII/ptolemy/domains/modal/test/auto/BroadcastHierarchy2.xml
----------------- Instantiating /home/travis/build/icyphy/ptII/ptolemy/domains/modal/test/auto/BroadcastHierarchy2.xml
15 ms. Memory: 206848K Free: 151618K (73%)
----------------- Invoking toplevel() on ptolemy.moml.MoMLSimpleApplication@65154e26
----------------- Done invoking toplevel() on ptolemy.moml.MoMLSimpleApplication@65154e26
reloadAllAccessors: .BroadcastHierarchy2

===========================================================================================
----------------- testing Fri Jun 28 18:00:16 UTC 2019 /home/travis/build/icyphy/ptII/ptolemy/domains/modal/test/auto/BroadcastHierarchy3.xml
----------------- Instantiating /home/travis/build/icyphy/ptII/ptolemy/domains/modal/test/auto/BroadcastHierarchy3.xml
13 ms. Memory: 206848K Free: 131648K (64%)
----------------- Invoking toplevel() on ptolemy.moml.MoMLSimpleApplication@31954b1f
----------------- Done invoking toplevel() on ptolemy.moml.MoMLSimpleApplication@31954b1f
reloadAllAccessors: .BroadcastHierarchy3

===========================================================================================
----------------- testing Fri Jun 28 18:00:16 UTC 2019 /home/travis/build/icyphy/ptII/ptolemy/domains/modal/test/auto/BroadcastHierarchy4.xml
----------------- Instantiating /home/travis/build/icyphy/ptII/ptolemy/domains/modal/test/auto/BroadcastHierarchy4.xml
13 ms. Memory: 206848K Free: 107586K (52%)
----------------- Invoking toplevel() on ptolemy.moml.MoMLSimpleApplication@554f852d
----------------- Done invoking toplevel() on ptolemy.moml.MoMLSimpleApplication@554f852d
reloadAllAccessors: .BroadcastHierarchy4

===========================================================================================
----------------- testing Fri Jun 28 18:00:16 UTC 2019 /home/travis/build/icyphy/ptII/ptolemy/domains/modal/test/auto/CannotAnalysisWithPreemption2.xml
----------------- Instantiating /home/travis/build/icyphy/ptII/ptolemy/domains/modal/test/auto/CannotAnalysisWithPreemption2.xml
6 ms. Memory: 206848K Free: 100418K (49%)
----------------- Invoking toplevel() on ptolemy.moml.MoMLSimpleApplication@46b321f6
----------------- Done invoking toplevel() on ptolemy.moml.MoMLSimpleApplication@46b321f6
reloadAllAccessors: .CannotAnalysisWithPreemption2

===========================================================================================
----------------- testing Fri Jun 28 18:00:16 UTC 2019 /home/travis/build/icyphy/ptII/ptolemy/domains/modal/test/auto/CannotAnalysisWithPreemption3.xml
----------------- Instantiating /home/travis/build/icyphy/ptII/ptolemy/domains/modal/test/auto/CannotAnalysisWithPreemption3.xml
7 ms. Memory: 206848K Free: 90688K (44%)
----------------- Invoking toplevel() on ptolemy.moml.MoMLSimpleApplication@6694b167
----------------- Done invoking toplevel() on ptolemy.moml.MoMLSimpleApplication@6694b167
reloadAllAccessors: .CannotAnalysisWithPreemption3

===========================================================================================
----------------- testing Fri Jun 28 18:00:16 UTC 2019 /home/travis/build/icyphy/ptII/ptolemy/domains/modal/test/auto/CannotProduce.xml
----------------- Instantiating /home/travis/build/icyphy/ptII/ptolemy/domains/modal/test/auto/CannotProduce.xml
22 ms. Memory: 206848K Free: 84544K (41%)
----------------- Invoking toplevel() on ptolemy.moml.MoMLSimpleApplication@52a1049b
----------------- Done invoking toplevel() on ptolemy.moml.MoMLSimpleApplication@52a1049b
reloadAllAccessors: .CannotProduce

===========================================================================================
----------------- testing Fri Jun 28 18:00:17 UTC 2019 /home/travis/build/icyphy/ptII/ptolemy/domains/modal/test/auto/CannotProduceModal.xml
----------------- Instantiating /home/travis/build/icyphy/ptII/ptolemy/domains/modal/test/auto/CannotProduceModal.xml
6 ms. Memory: 206848K Free: 77890K (38%)
----------------- Invoking toplevel() on ptolemy.moml.MoMLSimpleApplication@7ec9035d
----------------- Done invoking toplevel() on ptolemy.moml.MoMLSimpleApplication@7ec9035d
reloadAllAccessors: .CannotProduceModal

===========================================================================================
----------------- testing Fri Jun 28 18:00:17 UTC 2019 /home/travis/build/icyphy/ptII/ptolemy/domains/modal/test/auto/Case.xml
----------------- Instantiating /home/travis/build/icyphy/ptII/ptolemy/domains/modal/test/auto/Case.xml
39 ms. Memory: 206848K Free: 182336K (88%)
----------------- Invoking toplevel() on ptolemy.moml.MoMLSimpleApplication@48b12624
----------------- Done invoking toplevel() on ptolemy.moml.MoMLSimpleApplication@48b12624
reloadAllAccessors: .Case

===========================================================================================
----------------- testing Fri Jun 28 18:00:17 UTC 2019 /home/travis/build/icyphy/ptII/ptolemy/domains/modal/test/auto/Case1.xml
----------------- Instantiating /home/travis/build/icyphy/ptII/ptolemy/domains/modal/test/auto/Case1.xml
14 ms. Memory: 206848K Free: 174658K (84%)
----------------- Invoking toplevel() on ptolemy.moml.MoMLSimpleApplication@12bedb59
----------------- Done invoking toplevel() on ptolemy.moml.MoMLSimpleApplication@12bedb59
reloadAllAccessors: .Case1

===========================================================================================
----------------- testing Fri Jun 28 18:00:17 UTC 2019 /home/travis/build/icyphy/ptII/ptolemy/domains/modal/test/auto/Case2.xml
----------------- Instantiating /home/travis/build/icyphy/ptII/ptolemy/domains/modal/test/auto/Case2.xml
20 ms. Memory: 206848K Free: 163904K (79%)
----------------- Invoking toplevel() on ptolemy.moml.MoMLSimpleApplication@a619a32
----------------- Done invoking toplevel() on ptolemy.moml.MoMLSimpleApplication@a619a32
reloadAllAccessors: .Case2

===========================================================================================
----------------- testing Fri Jun 28 18:00:17 UTC 2019 /home/travis/build/icyphy/ptII/ptolemy/domains/modal/test/auto/CausalityInterface1.xml
----------------- Instantiating /home/travis/build/icyphy/ptII/ptolemy/domains/modal/test/auto/CausalityInterface1.xml
4 ms. Memory: 206848K Free: 158784K (77%)
----------------- Invoking toplevel() on ptolemy.moml.MoMLSimpleApplication@49d3ced
----------------- Done invoking toplevel() on ptolemy.moml.MoMLSimpleApplication@49d3ced
reloadAllAccessors: .CausalityInterface1

===========================================================================================
----------------- testing Fri Jun 28 18:00:17 UTC 2019 /home/travis/build/icyphy/ptII/ptolemy/domains/modal/test/auto/CausalityInterface10.xml
----------------- Instantiating /home/travis/build/icyphy/ptII/ptolemy/domains/modal/test/auto/CausalityInterface10.xml
6 ms. Memory: 206848K Free: 145472K (70%)
----------------- Invoking toplevel() on ptolemy.moml.MoMLSimpleApplication@64c1490e
----------------- Done invoking toplevel() on ptolemy.moml.MoMLSimpleApplication@64c1490e
reloadAllAccessors: .CausalityInterface10

===========================================================================================
----------------- testing Fri Jun 28 18:00:17 UTC 2019 /home/travis/build/icyphy/ptII/ptolemy/domains/modal/test/auto/CausalityInterface11.xml
----------------- Instantiating /home/travis/build/icyphy/ptII/ptolemy/domains/modal/test/auto/CausalityInterface11.xml
10 ms. Memory: 206848K Free: 132129K (64%)
----------------- Invoking toplevel() on ptolemy.moml.MoMLSimpleApplication@4a88624b
----------------- Done invoking toplevel() on ptolemy.moml.MoMLSimpleApplication@4a88624b
reloadAllAccessors: .CausalityInterface11

===========================================================================================
----------------- testing Fri Jun 28 18:00:17 UTC 2019 /home/travis/build/icyphy/ptII/ptolemy/domains/modal/test/auto/CausalityInterface12.xml
----------------- Instantiating /home/travis/build/icyphy/ptII/ptolemy/domains/modal/test/auto/CausalityInterface12.xml
10 ms. Memory: 206848K Free: 119362K (58%)
----------------- Invoking toplevel() on ptolemy.moml.MoMLSimpleApplication@701a44a1
----------------- Done invoking toplevel() on ptolemy.moml.MoMLSimpleApplication@701a44a1
reloadAllAccessors: .CausalityInterface12

===========================================================================================
----------------- testing Fri Jun 28 18:00:17 UTC 2019 /home/travis/build/icyphy/ptII/ptolemy/domains/modal/test/auto/CausalityInterface13.xml
----------------- Instantiating /home/travis/build/icyphy/ptII/ptolemy/domains/modal/test/auto/CausalityInterface13.xml
11 ms. Memory: 206848K Free: 105521K (51%)
----------------- Invoking toplevel() on ptolemy.moml.MoMLSimpleApplication@3800f39f
----------------- Done invoking toplevel() on ptolemy.moml.MoMLSimpleApplication@3800f39f
reloadAllAccessors: .CausalityInterface13

===========================================================================================
----------------- testing Fri Jun 28 18:00:17 UTC 2019 /home/travis/build/icyphy/ptII/ptolemy/domains/modal/test/auto/CausalityInterface14.xml
----------------- Instantiating /home/travis/build/icyphy/ptII/ptolemy/domains/modal/test/auto/CausalityInterface14.xml
10 ms. Memory: 206848K Free: 91714K (44%)
----------------- Invoking toplevel() on ptolemy.moml.MoMLSimpleApplication@76a258c5
----------------- Done invoking toplevel() on ptolemy.moml.MoMLSimpleApplication@76a258c5
reloadAllAccessors: .CausalityInterface14

===========================================================================================
----------------- testing Fri Jun 28 18:00:17 UTC 2019 /home/travis/build/icyphy/ptII/ptolemy/domains/modal/test/auto/CausalityInterface2.xml
----------------- Instantiating /home/travis/build/icyphy/ptII/ptolemy/domains/modal/test/auto/CausalityInterface2.xml
4 ms. Memory: 206848K Free: 85568K (41%)
----------------- Invoking toplevel() on ptolemy.moml.MoMLSimpleApplication@4b1aa6fa
----------------- Done invoking toplevel() on ptolemy.moml.MoMLSimpleApplication@4b1aa6fa
reloadAllAccessors: .CausalityInterface2

===========================================================================================
----------------- testing Fri Jun 28 18:00:17 UTC 2019 /home/travis/build/icyphy/ptII/ptolemy/domains/modal/test/auto/CausalityInterface3.xml
----------------- Instantiating /home/travis/build/icyphy/ptII/ptolemy/domains/modal/test/auto/CausalityInterface3.xml
3 ms. Memory: 206848K Free: 78402K (38%)
----------------- Invoking toplevel() on ptolemy.moml.MoMLSimpleApplication@31624491
----------------- Done invoking toplevel() on ptolemy.moml.MoMLSimpleApplication@31624491
reloadAllAccessors: .CausalityInterface3

===========================================================================================
----------------- testing Fri Jun 28 18:00:17 UTC 2019 /home/travis/build/icyphy/ptII/ptolemy/domains/modal/test/auto/CausalityInterface4.xml
----------------- Instantiating /home/travis/build/icyphy/ptII/ptolemy/domains/modal/test/auto/CausalityInterface4.xml
4 ms. Memory: 293888K Free: 275008K (94%)
----------------- Invoking toplevel() on ptolemy.moml.MoMLSimpleApplication@42e26f11
----------------- Done invoking toplevel() on ptolemy.moml.MoMLSimpleApplication@42e26f11
reloadAllAccessors: .CausalityInterface4

===========================================================================================
----------------- testing Fri Jun 28 18:00:17 UTC 2019 /home/travis/build/icyphy/ptII/ptolemy/domains/modal/test/auto/CausalityInterface5.xml
----------------- Instantiating /home/travis/build/icyphy/ptII/ptolemy/domains/modal/test/auto/CausalityInterface5.xml
11 ms. Memory: 293888K Free: 266801K (91%)
----------------- Invoking toplevel() on ptolemy.moml.MoMLSimpleApplication@a69b1b6
----------------- Done invoking toplevel() on ptolemy.moml.MoMLSimpleApplication@a69b1b6
reloadAllAccessors: .CausalityInterface5

===========================================================================================
----------------- testing Fri Jun 28 18:00:17 UTC 2019 /home/travis/build/icyphy/ptII/ptolemy/domains/modal/test/auto/CausalityInterface6.xml
----------------- Instantiating /home/travis/build/icyphy/ptII/ptolemy/domains/modal/test/auto/CausalityInterface6.xml
10 ms. Memory: 293888K Free: 258609K (88%)
----------------- Invoking toplevel() on ptolemy.moml.MoMLSimpleApplication@5f952870
----------------- Done invoking toplevel() on ptolemy.moml.MoMLSimpleApplication@5f952870
reloadAllAccessors: .CausalityInterface6

===========================================================================================
----------------- testing Fri Jun 28 18:00:17 UTC 2019 /home/travis/build/icyphy/ptII/ptolemy/domains/modal/test/auto/CausalityInterface7.xml
----------------- Instantiating /home/travis/build/icyphy/ptII/ptolemy/domains/modal/test/auto/CausalityInterface7.xml
11 ms. Memory: 293888K Free: 250401K (85%)
----------------- Invoking toplevel() on ptolemy.moml.MoMLSimpleApplication@5cd00f68
----------------- Done invoking toplevel() on ptolemy.moml.MoMLSimpleApplication@5cd00f68
reloadAllAccessors: .CausalityInterface7

===========================================================================================
----------------- testing Fri Jun 28 18:00:17 UTC 2019 /home/travis/build/icyphy/ptII/ptolemy/domains/modal/test/auto/CausalityInterface8.xml
----------------- Instantiating /home/travis/build/icyphy/ptII/ptolemy/domains/modal/test/auto/CausalityInterface8.xml
7 ms. Memory: 293888K Free: 241730K (82%)
----------------- Invoking toplevel() on ptolemy.moml.MoMLSimpleApplication@7345a7f2
----------------- Done invoking toplevel() on ptolemy.moml.MoMLSimpleApplication@7345a7f2
reloadAllAccessors: .CausalityInterface8

===========================================================================================
----------------- testing Fri Jun 28 18:00:17 UTC 2019 /home/travis/build/icyphy/ptII/ptolemy/domains/modal/test/auto/CausalityInterface9.xml
----------------- Instantiating /home/travis/build/icyphy/ptII/ptolemy/domains/modal/test/auto/CausalityInterface9.xml
10 ms. Memory: 293888K Free: 232514K (79%)
----------------- Invoking toplevel() on ptolemy.moml.MoMLSimpleApplication@5debc343
----------------- Done invoking toplevel() on ptolemy.moml.MoMLSimpleApplication@5debc343
reloadAllAccessors: .CausalityInterface9

===========================================================================================
----------------- testing Fri Jun 28 18:00:17 UTC 2019 /home/travis/build/icyphy/ptII/ptolemy/domains/modal/test/auto/ChainedTransitions.xml
----------------- Instantiating /home/travis/build/icyphy/ptII/ptolemy/domains/modal/test/auto/ChainedTransitions.xml
121 ms. Memory: 293888K Free: 207938K (71%)
----------------- Invoking toplevel() on ptolemy.moml.MoMLSimpleApplication@2940615c
----------------- Done invoking toplevel() on ptolemy.moml.MoMLSimpleApplication@2940615c
reloadAllAccessors: .ChainedTransitions

===========================================================================================
----------------- testing Fri Jun 28 18:00:18 UTC 2019 /home/travis/build/icyphy/ptII/ptolemy/domains/modal/test/auto/CycleOfImmediateTransitionsFSM.xml
----------------- Instantiating /home/travis/build/icyphy/ptII/ptolemy/domains/modal/test/auto/CycleOfImmediateTransitionsFSM.xml
4 ms. Memory: 293888K Free: 202289K (69%)
----------------- Invoking toplevel() on ptolemy.moml.MoMLSimpleApplication@10c16c6b
----------------- Done invoking toplevel() on ptolemy.moml.MoMLSimpleApplication@10c16c6b
reloadAllAccessors: .CycleOfImmediateTransitionsFSM

===========================================================================================
----------------- testing Fri Jun 28 18:00:18 UTC 2019 /home/travis/build/icyphy/ptII/ptolemy/domains/modal/test/auto/CycleOfImmediateTransitionsModal.xml
----------------- Instantiating /home/travis/build/icyphy/ptII/ptolemy/domains/modal/test/auto/CycleOfImmediateTransitionsModal.xml
5 ms. Memory: 293888K Free: 196160K (67%)
----------------- Invoking toplevel() on ptolemy.moml.MoMLSimpleApplication@8d76482
----------------- Done invoking toplevel() on ptolemy.moml.MoMLSimpleApplication@8d76482
reloadAllAccessors: .CycleOfImmediateTransitionsModal

===========================================================================================
----------------- testing Fri Jun 28 18:00:18 UTC 2019 /home/travis/build/icyphy/ptII/ptolemy/domains/modal/test/auto/CycleOfImmediateTransitionsModal2.xml
----------------- Instantiating /home/travis/build/icyphy/ptII/ptolemy/domains/modal/test/auto/CycleOfImmediateTransitionsModal2.xml
3 ms. Memory: 293888K Free: 190016K (65%)
----------------- Invoking toplevel() on ptolemy.moml.MoMLSimpleApplication@3dce0e96
----------------- Done invoking toplevel() on ptolemy.moml.MoMLSimpleApplication@3dce0e96
reloadAllAccessors: .CycleOfImmediateTransitionsModal2

===========================================================================================
----------------- testing Fri Jun 28 18:00:18 UTC 2019 /home/travis/build/icyphy/ptII/ptolemy/domains/modal/test/auto/CycleOfImmediateTransitionsModal3.xml
----------------- Instantiating /home/travis/build/icyphy/ptII/ptolemy/domains/modal/test/auto/CycleOfImmediateTransitionsModal3.xml
8 ms. Memory: 293888K Free: 167473K (57%)
----------------- Invoking toplevel() on ptolemy.moml.MoMLSimpleApplication@1a938316
----------------- Done invoking toplevel() on ptolemy.moml.MoMLSimpleApplication@1a938316
reloadAllAccessors: .CycleOfImmediateTransitionsModal3

===========================================================================================
----------------- testing Fri Jun 28 18:00:18 UTC 2019 /home/travis/build/icyphy/ptII/ptolemy/domains/modal/test/auto/DeepModal1.xml
----------------- Instantiating /home/travis/build/icyphy/ptII/ptolemy/domains/modal/test/auto/DeepModal1.xml
24 ms. Memory: 293888K Free: 153666K (52%)
----------------- Invoking toplevel() on ptolemy.moml.MoMLSimpleApplication@4a97aa1c
----------------- Done invoking toplevel() on ptolemy.moml.MoMLSimpleApplication@4a97aa1c
reloadAllAccessors: .DeepModal1

===========================================================================================
----------------- testing Fri Jun 28 18:00:18 UTC 2019 /home/travis/build/icyphy/ptII/ptolemy/domains/modal/test/auto/DeepModal2.xml
----------------- Instantiating /home/travis/build/icyphy/ptII/ptolemy/domains/modal/test/auto/DeepModal2.xml
31 ms. Memory: 293888K Free: 135234K (46%)
----------------- Invoking toplevel() on ptolemy.moml.MoMLSimpleApplication@74b876ee
----------------- Done invoking toplevel() on ptolemy.moml.MoMLSimpleApplication@74b876ee
reloadAllAccessors: .DeepModal2

===========================================================================================
----------------- testing Fri Jun 28 18:00:18 UTC 2019 /home/travis/build/icyphy/ptII/ptolemy/domains/modal/test/auto/DeepModal3.xml
----------------- Instantiating /home/travis/build/icyphy/ptII/ptolemy/domains/modal/test/auto/DeepModal3.xml
32 ms. Memory: 293888K Free: 115264K (39%)
----------------- Invoking toplevel() on ptolemy.moml.MoMLSimpleApplication@16acac45
----------------- Done invoking toplevel() on ptolemy.moml.MoMLSimpleApplication@16acac45
reloadAllAccessors: .DeepModal3

===========================================================================================
----------------- testing Fri Jun 28 18:00:18 UTC 2019 /home/travis/build/icyphy/ptII/ptolemy/domains/modal/test/auto/DeepModal4.xml
----------------- Instantiating /home/travis/build/icyphy/ptII/ptolemy/domains/modal/test/auto/DeepModal4.xml
36 ms. Memory: 293888K Free: 264770K (90%)
----------------- Invoking toplevel() on ptolemy.moml.MoMLSimpleApplication@2d02fd33
----------------- Done invoking toplevel() on ptolemy.moml.MoMLSimpleApplication@2d02fd33
reloadAllAccessors: .DeepModal4

===========================================================================================
----------------- testing Fri Jun 28 18:00:18 UTC 2019 /home/travis/build/icyphy/ptII/ptolemy/domains/modal/test/auto/Default1.xml
----------------- Instantiating /home/travis/build/icyphy/ptII/ptolemy/domains/modal/test/auto/Default1.xml
2 ms. Memory: 293888K Free: 258626K (88%)
----------------- Invoking toplevel() on ptolemy.moml.MoMLSimpleApplication@7904de8b
----------------- Done invoking toplevel() on ptolemy.moml.MoMLSimpleApplication@7904de8b
reloadAllAccessors: .Default1

===========================================================================================
----------------- testing Fri Jun 28 18:00:18 UTC 2019 /home/travis/build/icyphy/ptII/ptolemy/domains/modal/test/auto/Default2.xml
----------------- Instantiating /home/travis/build/icyphy/ptII/ptolemy/domains/modal/test/auto/Default2.xml
10 ms. Memory: 293888K Free: 252992K (86%)
----------------- Invoking toplevel() on ptolemy.moml.MoMLSimpleApplication@566376a8
----------------- Done invoking toplevel() on ptolemy.moml.MoMLSimpleApplication@566376a8
reloadAllAccessors: .Default2

===========================================================================================
----------------- testing Fri Jun 28 18:00:18 UTC 2019 /home/travis/build/icyphy/ptII/ptolemy/domains/modal/test/auto/Default3.xml
----------------- Instantiating /home/travis/build/icyphy/ptII/ptolemy/domains/modal/test/auto/Default3.xml
4 ms. Memory: 293888K Free: 246848K (84%)
----------------- Invoking toplevel() on ptolemy.moml.MoMLSimpleApplication@b7d8b1c
----------------- Done invoking toplevel() on ptolemy.moml.MoMLSimpleApplication@b7d8b1c
reloadAllAccessors: .Default3

===========================================================================================
----------------- testing Fri Jun 28 18:00:18 UTC 2019 /home/travis/build/icyphy/ptII/ptolemy/domains/modal/test/auto/Default4.xml
----------------- Instantiating /home/travis/build/icyphy/ptII/ptolemy/domains/modal/test/auto/Default4.xml
2 ms. Memory: 293888K Free: 240704K (82%)
----------------- Invoking toplevel() on ptolemy.moml.MoMLSimpleApplication@45516640
----------------- Done invoking toplevel() on ptolemy.moml.MoMLSimpleApplication@45516640
reloadAllAccessors: .Default4

===========================================================================================
----------------- testing Fri Jun 28 18:00:18 UTC 2019 /home/travis/build/icyphy/ptII/ptolemy/domains/modal/test/auto/Default5.xml
----------------- Instantiating /home/travis/build/icyphy/ptII/ptolemy/domains/modal/test/auto/Default5.xml
8 ms. Memory: 293888K Free: 232512K (79%)
----------------- Invoking toplevel() on ptolemy.moml.MoMLSimpleApplication@402928d8
----------------- Done invoking toplevel() on ptolemy.moml.MoMLSimpleApplication@402928d8
reloadAllAccessors: .Default5

===========================================================================================
----------------- testing Fri Jun 28 18:00:18 UTC 2019 /home/travis/build/icyphy/ptII/ptolemy/domains/modal/test/auto/EmptyGuard.xml
----------------- Instantiating /home/travis/build/icyphy/ptII/ptolemy/domains/modal/test/auto/EmptyGuard.xml
15 ms. Memory: 293888K Free: 224834K (77%)
----------------- Invoking toplevel() on ptolemy.moml.MoMLSimpleApplication@695668bd
----------------- Done invoking toplevel() on ptolemy.moml.MoMLSimpleApplication@695668bd
reloadAllAccessors: .EmptyGuard

===========================================================================================
----------------- testing Fri Jun 28 18:00:18 UTC 2019 /home/travis/build/icyphy/ptII/ptolemy/domains/modal/test/auto/ErrorTransition1.xml
----------------- Instantiating /home/travis/build/icyphy/ptII/ptolemy/domains/modal/test/auto/ErrorTransition1.xml
7 ms. Memory: 293888K Free: 216128K (74%)
----------------- Invoking toplevel() on ptolemy.moml.MoMLSimpleApplication@526ac7c5
----------------- Done invoking toplevel() on ptolemy.moml.MoMLSimpleApplication@526ac7c5
reloadAllAccessors: .ErrorTransition1

===========================================================================================
----------------- testing Fri Jun 28 18:00:18 UTC 2019 /home/travis/build/icyphy/ptII/ptolemy/domains/modal/test/auto/ErrorTransition10.xml
----------------- Instantiating /home/travis/build/icyphy/ptII/ptolemy/domains/modal/test/auto/ErrorTransition10.xml
18 ms. Memory: 293888K Free: 202306K (69%)
----------------- Invoking toplevel() on ptolemy.moml.MoMLSimpleApplication@35d1a5c3
----------------- Done invoking toplevel() on ptolemy.moml.MoMLSimpleApplication@35d1a5c3
reloadAllAccessors: .ErrorTransition10

===========================================================================================
----------------- testing Fri Jun 28 18:00:18 UTC 2019 /home/travis/build/icyphy/ptII/ptolemy/domains/modal/test/auto/ErrorTransition11.xml
----------------- Instantiating /home/travis/build/icyphy/ptII/ptolemy/domains/modal/test/auto/ErrorTransition11.xml
4 ms. Memory: 293888K Free: 191042K (65%)
----------------- Invoking toplevel() on ptolemy.moml.MoMLSimpleApplication@46d504ec
----------------- Done invoking toplevel() on ptolemy.moml.MoMLSimpleApplication@46d504ec
reloadAllAccessors: .ErrorTransition11

===========================================================================================
----------------- testing Fri Jun 28 18:00:18 UTC 2019 /home/travis/build/icyphy/ptII/ptolemy/domains/modal/test/auto/ErrorTransition2.xml
----------------- Instantiating /home/travis/build/icyphy/ptII/ptolemy/domains/modal/test/auto/ErrorTransition2.xml
7 ms. Memory: 293888K Free: 182336K (62%)
----------------- Invoking toplevel() on ptolemy.moml.MoMLSimpleApplication@2055b64b
----------------- Done invoking toplevel() on ptolemy.moml.MoMLSimpleApplication@2055b64b
reloadAllAccessors: .ErrorTransition2

===========================================================================================
----------------- testing Fri Jun 28 18:00:19 UTC 2019 /home/travis/build/icyphy/ptII/ptolemy/domains/modal/test/auto/ErrorTransition3.xml
----------------- Instantiating /home/travis/build/icyphy/ptII/ptolemy/domains/modal/test/auto/ErrorTransition3.xml
20 ms. Memory: 293888K Free: 172610K (59%)
----------------- Invoking toplevel() on ptolemy.moml.MoMLSimpleApplication@1096dbfe
----------------- Done invoking toplevel() on ptolemy.moml.MoMLSimpleApplication@1096dbfe
reloadAllAccessors: .ErrorTransition3

===========================================================================================
----------------- testing Fri Jun 28 18:00:19 UTC 2019 /home/travis/build/icyphy/ptII/ptolemy/domains/modal/test/auto/ErrorTransition4.xml
----------------- Instantiating /home/travis/build/icyphy/ptII/ptolemy/domains/modal/test/auto/ErrorTransition4.xml
14 ms. Memory: 293888K Free: 161346K (55%)
----------------- Invoking toplevel() on ptolemy.moml.MoMLSimpleApplication@191aa157
----------------- Done invoking toplevel() on ptolemy.moml.MoMLSimpleApplication@191aa157
reloadAllAccessors: .ErrorTransition4

===========================================================================================
----------------- testing Fri Jun 28 18:00:19 UTC 2019 /home/travis/build/icyphy/ptII/ptolemy/domains/modal/test/auto/ErrorTransition5.xml
----------------- Instantiating /home/travis/build/icyphy/ptII/ptolemy/domains/modal/test/auto/ErrorTransition5.xml
6 ms. Memory: 293888K Free: 151106K (51%)
----------------- Invoking toplevel() on ptolemy.moml.MoMLSimpleApplication@167a21b1
----------------- Done invoking toplevel() on ptolemy.moml.MoMLSimpleApplication@167a21b1
reloadAllAccessors: .ErrorTransition5

===========================================================================================
----------------- testing Fri Jun 28 18:00:19 UTC 2019 /home/travis/build/icyphy/ptII/ptolemy/domains/modal/test/auto/ErrorTransition6.xml
----------------- Instantiating /home/travis/build/icyphy/ptII/ptolemy/domains/modal/test/auto/ErrorTransition6.xml
11 ms. Memory: 293888K Free: 140352K (48%)
----------------- Invoking toplevel() on ptolemy.moml.MoMLSimpleApplication@2974d42e
----------------- Done invoking toplevel() on ptolemy.moml.MoMLSimpleApplication@2974d42e
reloadAllAccessors: .ErrorTransition6

===========================================================================================
----------------- testing Fri Jun 28 18:00:19 UTC 2019 /home/travis/build/icyphy/ptII/ptolemy/domains/modal/test/auto/ErrorTransition7.xml
----------------- Instantiating /home/travis/build/icyphy/ptII/ptolemy/domains/modal/test/auto/ErrorTransition7.xml
12 ms. Memory: 293888K Free: 127554K (43%)
----------------- Invoking toplevel() on ptolemy.moml.MoMLSimpleApplication@15c7cb60
----------------- Done invoking toplevel() on ptolemy.moml.MoMLSimpleApplication@15c7cb60
reloadAllAccessors: .ErrorTransition7

===========================================================================================
----------------- testing Fri Jun 28 18:00:19 UTC 2019 /home/travis/build/icyphy/ptII/ptolemy/domains/modal/test/auto/ErrorTransition8.xml
----------------- Instantiating /home/travis/build/icyphy/ptII/ptolemy/domains/modal/test/auto/ErrorTransition8.xml
17 ms. Memory: 293888K Free: 114242K (39%)
----------------- Invoking toplevel() on ptolemy.moml.MoMLSimpleApplication@f28b799
----------------- Done invoking toplevel() on ptolemy.moml.MoMLSimpleApplication@f28b799
reloadAllAccessors: .ErrorTransition8

===========================================================================================
----------------- testing Fri Jun 28 18:00:19 UTC 2019 /home/travis/build/icyphy/ptII/ptolemy/domains/modal/test/auto/ErrorTransition9.xml
----------------- Instantiating /home/travis/build/icyphy/ptII/ptolemy/domains/modal/test/auto/ErrorTransition9.xml
11 ms. Memory: 293888K Free: 268354K (91%)
----------------- Invoking toplevel() on ptolemy.moml.MoMLSimpleApplication@660cbf2f
----------------- Done invoking toplevel() on ptolemy.moml.MoMLSimpleApplication@660cbf2f
reloadAllAccessors: .ErrorTransition9

===========================================================================================
----------------- testing Fri Jun 28 18:00:19 UTC 2019 /home/travis/build/icyphy/ptII/ptolemy/domains/modal/test/auto/ExtendedFSM.xml
----------------- Instantiating /home/travis/build/icyphy/ptII/ptolemy/domains/modal/test/auto/ExtendedFSM.xml
7 ms. Memory: 293888K Free: 259633K (88%)
----------------- Invoking toplevel() on ptolemy.moml.MoMLSimpleApplication@720bb36d
----------------- Done invoking toplevel() on ptolemy.moml.MoMLSimpleApplication@720bb36d
reloadAllAccessors: .ExtendedFSM

===========================================================================================
----------------- testing Fri Jun 28 18:00:19 UTC 2019 /home/travis/build/icyphy/ptII/ptolemy/domains/modal/test/auto/FinalStates.xml
----------------- Instantiating /home/travis/build/icyphy/ptII/ptolemy/domains/modal/test/auto/FinalStates.xml
8 ms. Memory: 293888K Free: 251425K (86%)
----------------- Invoking toplevel() on ptolemy.moml.MoMLSimpleApplication@635b02fd
----------------- Done invoking toplevel() on ptolemy.moml.MoMLSimpleApplication@635b02fd
reloadAllAccessors: .FinalStates

===========================================================================================
----------------- testing Fri Jun 28 18:00:19 UTC 2019 /home/travis/build/icyphy/ptII/ptolemy/domains/modal/test/auto/FixedPointFSM.xml
----------------- Instantiating /home/travis/build/icyphy/ptII/ptolemy/domains/modal/test/auto/FixedPointFSM.xml
24 ms. Memory: 293888K Free: 236610K (81%)
----------------- Invoking toplevel() on ptolemy.moml.MoMLSimpleApplication@13b3c0e
----------------- Done invoking toplevel() on ptolemy.moml.MoMLSimpleApplication@13b3c0e
reloadAllAccessors: .FixedPointFSM

===========================================================================================
----------------- testing Fri Jun 28 18:00:19 UTC 2019 /home/travis/build/icyphy/ptII/ptolemy/domains/modal/test/auto/FixedPointIterationFSMActor.xml
----------------- Instantiating /home/travis/build/icyphy/ptII/ptolemy/domains/modal/test/auto/FixedPointIterationFSMActor.xml
7 ms. Memory: 293888K Free: 225849K (77%)
----------------- Invoking toplevel() on ptolemy.moml.MoMLSimpleApplication@58e4c3e3
----------------- Done invoking toplevel() on ptolemy.moml.MoMLSimpleApplication@58e4c3e3
reloadAllAccessors: .FixedPointIterationFSMActor

===========================================================================================
----------------- testing Fri Jun 28 18:00:19 UTC 2019 /home/travis/build/icyphy/ptII/ptolemy/domains/modal/test/auto/FixedPointIterationFSMActor2.xml
----------------- Instantiating /home/travis/build/icyphy/ptII/ptolemy/domains/modal/test/auto/FixedPointIterationFSMActor2.xml
12 ms. Memory: 293888K Free: 214082K (73%)
----------------- Invoking toplevel() on ptolemy.moml.MoMLSimpleApplication@65cd3aee
----------------- Done invoking toplevel() on ptolemy.moml.MoMLSimpleApplication@65cd3aee
reloadAllAccessors: .FixedPointIterationFSMActor2

===========================================================================================
----------------- testing Fri Jun 28 18:00:19 UTC 2019 /home/travis/build/icyphy/ptII/ptolemy/domains/modal/test/auto/ForbiddenInstantanousLoop.xml
----------------- Instantiating /home/travis/build/icyphy/ptII/ptolemy/domains/modal/test/auto/ForbiddenInstantanousLoop.xml
10 ms. Memory: 293888K Free: 201794K (69%)
----------------- Invoking toplevel() on ptolemy.moml.MoMLSimpleApplication@2114f0ff
----------------- Done invoking toplevel() on ptolemy.moml.MoMLSimpleApplication@2114f0ff
reloadAllAccessors: .ForbiddenInstantanousLoop

===========================================================================================
----------------- testing Fri Jun 28 18:00:19 UTC 2019 /home/travis/build/icyphy/ptII/ptolemy/domains/modal/test/auto/FunctionDependencyOfFSMActorTest.xml
----------------- Instantiating /home/travis/build/icyphy/ptII/ptolemy/domains/modal/test/auto/FunctionDependencyOfFSMActorTest.xml
14 ms. Memory: 293888K Free: 195105K (66%)
----------------- Invoking toplevel() on ptolemy.moml.MoMLSimpleApplication@7c888cc8
----------------- Done invoking toplevel() on ptolemy.moml.MoMLSimpleApplication@7c888cc8
reloadAllAccessors: .FunctionDependencyOfFSMActorTest

===========================================================================================
----------------- testing Fri Jun 28 18:00:19 UTC 2019 /home/travis/build/icyphy/ptII/ptolemy/domains/modal/test/auto/GuardExpression.xml
----------------- Instantiating /home/travis/build/icyphy/ptII/ptolemy/domains/modal/test/auto/GuardExpression.xml
2 ms. Memory: 293888K Free: 190016K (65%)
----------------- Invoking toplevel() on ptolemy.moml.MoMLSimpleApplication@55b0d23b
----------------- Done invoking toplevel() on ptolemy.moml.MoMLSimpleApplication@55b0d23b
reloadAllAccessors: .GuardExpression

===========================================================================================
----------------- testing Fri Jun 28 18:00:19 UTC 2019 /home/travis/build/icyphy/ptII/ptolemy/domains/modal/test/auto/GuardNotEvaluated.xml
----------------- Instantiating /home/travis/build/icyphy/ptII/ptolemy/domains/modal/test/auto/GuardNotEvaluated.xml
8 ms. Memory: 293888K Free: 180800K (62%)
----------------- Invoking toplevel() on ptolemy.moml.MoMLSimpleApplication@f02b1dc
----------------- Done invoking toplevel() on ptolemy.moml.MoMLSimpleApplication@f02b1dc
reloadAllAccessors: .GuardNotEvaluated

===========================================================================================
----------------- testing Fri Jun 28 18:00:19 UTC 2019 /home/travis/build/icyphy/ptII/ptolemy/domains/modal/test/auto/GuardNotEvaluated2.xml
----------------- Instantiating /home/travis/build/icyphy/ptII/ptolemy/domains/modal/test/auto/GuardNotEvaluated2.xml
10 ms. Memory: 293888K Free: 171074K (58%)
----------------- Invoking toplevel() on ptolemy.moml.MoMLSimpleApplication@59637466
----------------- Done invoking toplevel() on ptolemy.moml.MoMLSimpleApplication@59637466
reloadAllAccessors: .GuardNotEvaluated2

===========================================================================================
----------------- testing Fri Jun 28 18:00:19 UTC 2019 /home/travis/build/icyphy/ptII/ptolemy/domains/modal/test/auto/GuardOnAbsent.xml
----------------- Instantiating /home/travis/build/icyphy/ptII/ptolemy/domains/modal/test/auto/GuardOnAbsent.xml
10 ms. Memory: 293888K Free: 163385K (56%)
----------------- Invoking toplevel() on ptolemy.moml.MoMLSimpleApplication@1d0ef0c5
----------------- Done invoking toplevel() on ptolemy.moml.MoMLSimpleApplication@1d0ef0c5
reloadAllAccessors: .GuardOnAbsent

===========================================================================================
----------------- testing Fri Jun 28 18:00:19 UTC 2019 /home/travis/build/icyphy/ptII/ptolemy/domains/modal/test/auto/HierarchicalFSMTypeInference.xml
----------------- Instantiating /home/travis/build/icyphy/ptII/ptolemy/domains/modal/test/auto/HierarchicalFSMTypeInference.xml
6 ms. Memory: 293888K Free: 153152K (52%)
----------------- Invoking toplevel() on ptolemy.moml.MoMLSimpleApplication@5bd5d300
----------------- Done invoking toplevel() on ptolemy.moml.MoMLSimpleApplication@5bd5d300
reloadAllAccessors: .HierarchicalFSMTypeInference

===========================================================================================
----------------- testing Fri Jun 28 18:00:19 UTC 2019 /home/travis/build/icyphy/ptII/ptolemy/domains/modal/test/auto/Hysteresis.xml
----------------- Instantiating /home/travis/build/icyphy/ptII/ptolemy/domains/modal/test/auto/Hysteresis.xml
15 ms. Memory: 293888K Free: 139825K (48%)
----------------- Invoking toplevel() on ptolemy.moml.MoMLSimpleApplication@1d9beec7
----------------- Done invoking toplevel() on ptolemy.moml.MoMLSimpleApplication@1d9beec7
reloadAllAccessors: .Hysteresis

===========================================================================================
----------------- testing Fri Jun 28 18:00:19 UTC 2019 /home/travis/build/icyphy/ptII/ptolemy/domains/modal/test/auto/HysteresisWithDefault.xml
----------------- Instantiating /home/travis/build/icyphy/ptII/ptolemy/domains/modal/test/auto/HysteresisWithDefault.xml
44 ms. Memory: 293888K Free: 116802K (40%)
----------------- Invoking toplevel() on ptolemy.moml.MoMLSimpleApplication@1af9d164
----------------- Done invoking toplevel() on ptolemy.moml.MoMLSimpleApplication@1af9d164
reloadAllAccessors: .HysteresisWithDefault

===========================================================================================
----------------- testing Fri Jun 28 18:00:19 UTC 2019 /home/travis/build/icyphy/ptII/ptolemy/domains/modal/test/auto/HysteresisWithDefault2.xml
----------------- Instantiating /home/travis/build/icyphy/ptII/ptolemy/domains/modal/test/auto/HysteresisWithDefault2.xml
47 ms. Memory: 293888K Free: 255040K (87%)
----------------- Invoking toplevel() on ptolemy.moml.MoMLSimpleApplication@6c35b7fc
----------------- Done invoking toplevel() on ptolemy.moml.MoMLSimpleApplication@6c35b7fc
reloadAllAccessors: .HysteresisWithDefault2

===========================================================================================
----------------- testing Fri Jun 28 18:00:20 UTC 2019 /home/travis/build/icyphy/ptII/ptolemy/domains/modal/test/auto/ImmediateNonConstructiveness.xml
----------------- Instantiating /home/travis/build/icyphy/ptII/ptolemy/domains/modal/test/auto/ImmediateNonConstructiveness.xml
4 ms. Memory: 293888K Free: 247874K (84%)
----------------- Invoking toplevel() on ptolemy.moml.MoMLSimpleApplication@63fd4099
----------------- Done invoking toplevel() on ptolemy.moml.MoMLSimpleApplication@63fd4099
reloadAllAccessors: .ImmediateNonConstructiveness

===========================================================================================
----------------- testing Fri Jun 28 18:00:20 UTC 2019 /home/travis/build/icyphy/ptII/ptolemy/domains/modal/test/auto/ImmediateNonConstructiveness2.xml
----------------- Instantiating /home/travis/build/icyphy/ptII/ptolemy/domains/modal/test/auto/ImmediateNonConstructiveness2.xml
3 ms. Memory: 293888K Free: 241216K (82%)
----------------- Invoking toplevel() on ptolemy.moml.MoMLSimpleApplication@41d13458
----------------- Done invoking toplevel() on ptolemy.moml.MoMLSimpleApplication@41d13458
reloadAllAccessors: .ImmediateNonConstructiveness2

===========================================================================================
----------------- testing Fri Jun 28 18:00:20 UTC 2019 /home/travis/build/icyphy/ptII/ptolemy/domains/modal/test/auto/ImmediateTransitionReset.xml
----------------- Instantiating /home/travis/build/icyphy/ptII/ptolemy/domains/modal/test/auto/ImmediateTransitionReset.xml
11 ms. Memory: 293888K Free: 229442K (78%)
----------------- Invoking toplevel() on ptolemy.moml.MoMLSimpleApplication@7d5ef9ff
----------------- Done invoking toplevel() on ptolemy.moml.MoMLSimpleApplication@7d5ef9ff
reloadAllAccessors: .ImmediateTransitionReset

===========================================================================================
----------------- testing Fri Jun 28 18:00:20 UTC 2019 /home/travis/build/icyphy/ptII/ptolemy/domains/modal/test/auto/ImmediateTransitions1.xml
----------------- Instantiating /home/travis/build/icyphy/ptII/ptolemy/domains/modal/test/auto/ImmediateTransitions1.xml
1 ms. Memory: 293888K Free: 224322K (76%)
----------------- Invoking toplevel() on ptolemy.moml.MoMLSimpleApplication@6d54ef33
----------------- Done invoking toplevel() on ptolemy.moml.MoMLSimpleApplication@6d54ef33
reloadAllAccessors: .ImmediateTransitions1

===========================================================================================
----------------- testing Fri Jun 28 18:00:20 UTC 2019 /home/travis/build/icyphy/ptII/ptolemy/domains/modal/test/auto/ImmediateTransitionsInstantaneousCommunication.xml
----------------- Instantiating /home/travis/build/icyphy/ptII/ptolemy/domains/modal/test/auto/ImmediateTransitionsInstantaneousCommunication.xml
5 ms. Memory: 293888K Free: 212544K (72%)
----------------- Invoking toplevel() on ptolemy.moml.MoMLSimpleApplication@10e31c08
----------------- Done invoking toplevel() on ptolemy.moml.MoMLSimpleApplication@10e31c08
reloadAllAccessors: .ImmediateTransitionsInstantaneousCommunication

===========================================================================================
----------------- testing Fri Jun 28 18:00:20 UTC 2019 /home/travis/build/icyphy/ptII/ptolemy/domains/modal/test/auto/InitialImmediateTransition.xml
----------------- Instantiating /home/travis/build/icyphy/ptII/ptolemy/domains/modal/test/auto/InitialImmediateTransition.xml
3 ms. Memory: 293888K Free: 205369K (70%)
----------------- Invoking toplevel() on ptolemy.moml.MoMLSimpleApplication@546a963f
----------------- Done invoking toplevel() on ptolemy.moml.MoMLSimpleApplication@546a963f
reloadAllAccessors: .InitialImmediateTransition

===========================================================================================
----------------- testing Fri Jun 28 18:00:20 UTC 2019 /home/travis/build/icyphy/ptII/ptolemy/domains/modal/test/auto/InitialOutputs.xml
----------------- Instantiating /home/travis/build/icyphy/ptII/ptolemy/domains/modal/test/auto/InitialOutputs.xml
3 ms. Memory: 293888K Free: 199232K (68%)
----------------- Invoking toplevel() on ptolemy.moml.MoMLSimpleApplication@148a4076
----------------- Done invoking toplevel() on ptolemy.moml.MoMLSimpleApplication@148a4076
reloadAllAccessors: .InitialOutputs

===========================================================================================
----------------- testing Fri Jun 28 18:00:20 UTC 2019 /home/travis/build/icyphy/ptII/ptolemy/domains/modal/test/auto/InitialStateTransition1.xml
----------------- Instantiating /home/travis/build/icyphy/ptII/ptolemy/domains/modal/test/auto/InitialStateTransition1.xml
4 ms. Memory: 293888K Free: 192064K (65%)
----------------- Invoking toplevel() on ptolemy.moml.MoMLSimpleApplication@2bbdc54b
----------------- Done invoking toplevel() on ptolemy.moml.MoMLSimpleApplication@2bbdc54b
reloadAllAccessors: .InitialStateTransition1

===========================================================================================
----------------- testing Fri Jun 28 18:00:20 UTC 2019 /home/travis/build/icyphy/ptII/ptolemy/domains/modal/test/auto/InitialStateTransition2.xml
----------------- Instantiating /home/travis/build/icyphy/ptII/ptolemy/domains/modal/test/auto/InitialStateTransition2.xml
.InitialStateTransition2.TestExceptionAttributeNonConstructive: initialize() was not invoked, but wrapup() was.  This is unusual, but not always a problem.  For example, exporting JNLP will do this.
4 ms. Memory: 293888K Free: 184896K (63%)
----------------- Invoking toplevel() on ptolemy.moml.MoMLSimpleApplication@2a8e8763
----------------- Done invoking toplevel() on ptolemy.moml.MoMLSimpleApplication@2a8e8763
reloadAllAccessors: .InitialStateTransition2

===========================================================================================
----------------- testing Fri Jun 28 18:00:20 UTC 2019 /home/travis/build/icyphy/ptII/ptolemy/domains/modal/test/auto/InitialStateTransition3.xml
----------------- Instantiating /home/travis/build/icyphy/ptII/ptolemy/domains/modal/test/auto/InitialStateTransition3.xml
3 ms. Memory: 293888K Free: 176704K (60%)
----------------- Invoking toplevel() on ptolemy.moml.MoMLSimpleApplication@6e4a1386
----------------- Done invoking toplevel() on ptolemy.moml.MoMLSimpleApplication@6e4a1386
reloadAllAccessors: .InitialStateTransition3

===========================================================================================
----------------- testing Fri Jun 28 18:00:20 UTC 2019 /home/travis/build/icyphy/ptII/ptolemy/domains/modal/test/auto/InitialStateTransition4.xml
----------------- Instantiating /home/travis/build/icyphy/ptII/ptolemy/domains/modal/test/auto/InitialStateTransition4.xml
3 ms. Memory: 293888K Free: 166978K (57%)
----------------- Invoking toplevel() on ptolemy.moml.MoMLSimpleApplication@5fd51193
----------------- Done invoking toplevel() on ptolemy.moml.MoMLSimpleApplication@5fd51193
[...]
reloadAllAccessors: .TerminationTransition3

===========================================================================================
----------------- testing Fri Jun 28 18:00:22 UTC 2019 /home/travis/build/icyphy/ptII/ptolemy/domains/modal/test/auto/TerminationTransition4.xml
----------------- Instantiating /home/travis/build/icyphy/ptII/ptolemy/domains/modal/test/auto/TerminationTransition4.xml
6 ms. Memory: 388096K Free: 296301K (76%)
----------------- Invoking toplevel() on ptolemy.moml.MoMLSimpleApplication@670bef29
----------------- Done invoking toplevel() on ptolemy.moml.MoMLSimpleApplication@670bef29
reloadAllAccessors: .TerminationTransition4

===========================================================================================
----------------- testing Fri Jun 28 18:00:22 UTC 2019 /home/travis/build/icyphy/ptII/ptolemy/domains/modal/test/auto/TerminationTransition5.xml
----------------- Instantiating /home/travis/build/icyphy/ptII/ptolemy/domains/modal/test/auto/TerminationTransition5.xml
2 ms. Memory: 388096K Free: 282479K (73%)
----------------- Invoking toplevel() on ptolemy.moml.MoMLSimpleApplication@4241a0c8
----------------- Done invoking toplevel() on ptolemy.moml.MoMLSimpleApplication@4241a0c8
reloadAllAccessors: .TerminationTransition5

===========================================================================================
----------------- testing Fri Jun 28 18:00:22 UTC 2019 /home/travis/build/icyphy/ptII/ptolemy/domains/modal/test/auto/TerminationTransition6.xml
----------------- Instantiating /home/travis/build/icyphy/ptII/ptolemy/domains/modal/test/auto/TerminationTransition6.xml
2 ms. Memory: 388096K Free: 273773K (71%)
----------------- Invoking toplevel() on ptolemy.moml.MoMLSimpleApplication@296ec049
----------------- Done invoking toplevel() on ptolemy.moml.MoMLSimpleApplication@296ec049
reloadAllAccessors: .TerminationTransition6

===========================================================================================
----------------- testing Fri Jun 28 18:00:22 UTC 2019 /home/travis/build/icyphy/ptII/ptolemy/domains/modal/test/auto/TerminationTransition7.xml
----------------- Instantiating /home/travis/build/icyphy/ptII/ptolemy/domains/modal/test/auto/TerminationTransition7.xml
2 ms. Memory: 388096K Free: 264557K (68%)
----------------- Invoking toplevel() on ptolemy.moml.MoMLSimpleApplication@29b1d826
----------------- Done invoking toplevel() on ptolemy.moml.MoMLSimpleApplication@29b1d826
reloadAllAccessors: .TerminationTransition7

===========================================================================================
----------------- testing Fri Jun 28 18:00:22 UTC 2019 /home/travis/build/icyphy/ptII/ptolemy/domains/modal/test/auto/TerminationTransition8.xml
----------------- Instantiating /home/travis/build/icyphy/ptII/ptolemy/domains/modal/test/auto/TerminationTransition8.xml
2 ms. Memory: 388096K Free: 255341K (66%)
----------------- Invoking toplevel() on ptolemy.moml.MoMLSimpleApplication@3992ce52
----------------- Done invoking toplevel() on ptolemy.moml.MoMLSimpleApplication@3992ce52
reloadAllAccessors: .TerminationTransition8

===========================================================================================
----------------- testing Fri Jun 28 18:00:22 UTC 2019 /home/travis/build/icyphy/ptII/ptolemy/domains/modal/test/auto/Thermostat_NoHysteresis.xml
----------------- Instantiating /home/travis/build/icyphy/ptII/ptolemy/domains/modal/test/auto/Thermostat_NoHysteresis.xml
39 ms. Memory: 388096K Free: 230765K (59%)
----------------- Invoking toplevel() on ptolemy.moml.MoMLSimpleApplication@42107798
----------------- Done invoking toplevel() on ptolemy.moml.MoMLSimpleApplication@42107798
reloadAllAccessors: .Thermostat_NoHysteresis

===========================================================================================
----------------- testing Fri Jun 28 18:00:22 UTC 2019 /home/travis/build/icyphy/ptII/ptolemy/domains/modal/test/auto/TimedFSM.xml
----------------- Instantiating /home/travis/build/icyphy/ptII/ptolemy/domains/modal/test/auto/TimedFSM.xml
8 ms. Memory: 388096K Free: 218991K (56%)
----------------- Invoking toplevel() on ptolemy.moml.MoMLSimpleApplication@27eb6edd
----------------- Done invoking toplevel() on ptolemy.moml.MoMLSimpleApplication@27eb6edd
reloadAllAccessors: .TimedFSM

===========================================================================================
----------------- testing Fri Jun 28 18:00:22 UTC 2019 /home/travis/build/icyphy/ptII/ptolemy/domains/modal/test/auto/Timeout1.xml
----------------- Instantiating /home/travis/build/icyphy/ptII/ptolemy/domains/modal/test/auto/Timeout1.xml
3 ms. Memory: 388096K Free: 213343K (55%)
----------------- Invoking toplevel() on ptolemy.moml.MoMLSimpleApplication@d561237
----------------- Done invoking toplevel() on ptolemy.moml.MoMLSimpleApplication@d561237
reloadAllAccessors: .Timeout1

===========================================================================================
----------------- testing Fri Jun 28 18:00:22 UTC 2019 /home/travis/build/icyphy/ptII/ptolemy/domains/modal/test/auto/Timeout2.xml
----------------- Instantiating /home/travis/build/icyphy/ptII/ptolemy/domains/modal/test/auto/Timeout2.xml
8 ms. Memory: 388096K Free: 204655K (53%)
----------------- Invoking toplevel() on ptolemy.moml.MoMLSimpleApplication@1278b06d
----------------- Done invoking toplevel() on ptolemy.moml.MoMLSimpleApplication@1278b06d
reloadAllAccessors: .Timeout2

===========================================================================================
----------------- testing Fri Jun 28 18:00:22 UTC 2019 /home/travis/build/icyphy/ptII/ptolemy/domains/modal/test/auto/Timeout3.xml
----------------- Instantiating /home/travis/build/icyphy/ptII/ptolemy/domains/modal/test/auto/Timeout3.xml
2 ms. Memory: 388096K Free: 199535K (51%)
----------------- Invoking toplevel() on ptolemy.moml.MoMLSimpleApplication@6e131b01
----------------- Done invoking toplevel() on ptolemy.moml.MoMLSimpleApplication@6e131b01
reloadAllAccessors: .Timeout3

===========================================================================================
----------------- testing Fri Jun 28 18:00:22 UTC 2019 /home/travis/build/icyphy/ptII/ptolemy/domains/modal/test/auto/Timeout4.xml
----------------- Instantiating /home/travis/build/icyphy/ptII/ptolemy/domains/modal/test/auto/Timeout4.xml
1 ms. Memory: 388096K Free: 194415K (50%)
----------------- Invoking toplevel() on ptolemy.moml.MoMLSimpleApplication@9b1032c
----------------- Done invoking toplevel() on ptolemy.moml.MoMLSimpleApplication@9b1032c
reloadAllAccessors: .Timeout4

===========================================================================================
----------------- testing Fri Jun 28 18:00:22 UTC 2019 /home/travis/build/icyphy/ptII/ptolemy/domains/modal/test/auto/TransientstateModelAdvanced.xml
----------------- Instantiating /home/travis/build/icyphy/ptII/ptolemy/domains/modal/test/auto/TransientstateModelAdvanced.xml
3 ms. Memory: 388096K Free: 182127K (47%)
----------------- Invoking toplevel() on ptolemy.moml.MoMLSimpleApplication@598fa134
----------------- Done invoking toplevel() on ptolemy.moml.MoMLSimpleApplication@598fa134
reloadAllAccessors: .TransientstateModelAdvanced

===========================================================================================
----------------- testing Fri Jun 28 18:00:22 UTC 2019 /home/travis/build/icyphy/ptII/ptolemy/domains/modal/test/auto/TransientstateModelAdvanced2.xml
----------------- Instantiating /home/travis/build/icyphy/ptII/ptolemy/domains/modal/test/auto/TransientstateModelAdvanced2.xml
3 ms. Memory: 388096K Free: 167791K (43%)
----------------- Invoking toplevel() on ptolemy.moml.MoMLSimpleApplication@ec1ad9c
----------------- Done invoking toplevel() on ptolemy.moml.MoMLSimpleApplication@ec1ad9c
reloadAllAccessors: .transientstatemodelAdvanced

===========================================================================================
----------------- testing Fri Jun 28 18:00:22 UTC 2019 /home/travis/build/icyphy/ptII/ptolemy/domains/modal/test/auto/TransitionRefinements.xml
----------------- Instantiating /home/travis/build/icyphy/ptII/ptolemy/domains/modal/test/auto/TransitionRefinements.xml
8 ms. Memory: 388096K Free: 158047K (41%)
----------------- Invoking toplevel() on ptolemy.moml.MoMLSimpleApplication@6b60e62b
----------------- Done invoking toplevel() on ptolemy.moml.MoMLSimpleApplication@6b60e62b
reloadAllAccessors: .TransitionRefinements

===========================================================================================
----------------- testing Fri Jun 28 18:00:22 UTC 2019 /home/travis/build/icyphy/ptII/ptolemy/domains/modal/test/auto/TwoRefinements1.xml
----------------- Instantiating /home/travis/build/icyphy/ptII/ptolemy/domains/modal/test/auto/TwoRefinements1.xml
4 ms. Memory: 388096K Free: 148335K (38%)
----------------- Invoking toplevel() on ptolemy.moml.MoMLSimpleApplication@6d710159
----------------- Done invoking toplevel() on ptolemy.moml.MoMLSimpleApplication@6d710159
reloadAllAccessors: .TwoRefinements1

===========================================================================================
----------------- testing Fri Jun 28 18:00:22 UTC 2019 /home/travis/build/icyphy/ptII/ptolemy/domains/modal/test/auto/TwoRefinements2.xml
----------------- Instantiating /home/travis/build/icyphy/ptII/ptolemy/domains/modal/test/auto/TwoRefinements2.xml
3 ms. Memory: 388096K Free: 362672K (93%)
----------------- Invoking toplevel() on ptolemy.moml.MoMLSimpleApplication@269a0c15
----------------- Done invoking toplevel() on ptolemy.moml.MoMLSimpleApplication@269a0c15
reloadAllAccessors: .TwoRefinements2

===========================================================================================
----------------- testing Fri Jun 28 18:00:22 UTC 2019 /home/travis/build/icyphy/ptII/ptolemy/domains/modal/test/auto/WeakImmediateTransition.xml
----------------- Instantiating /home/travis/build/icyphy/ptII/ptolemy/domains/modal/test/auto/WeakImmediateTransition.xml
4 ms. Memory: 388096K Free: 353738K (91%)
----------------- Invoking toplevel() on ptolemy.moml.MoMLSimpleApplication@65e7ad82
----------------- Done invoking toplevel() on ptolemy.moml.MoMLSimpleApplication@65e7ad82
reloadAllAccessors: .WeakImmediateTransition

===========================================================================================
----------------- testing Fri Jun 28 18:00:22 UTC 2019 /home/travis/build/icyphy/ptII/ptolemy/domains/modal/test/auto/booleanSelect.xml
----------------- Instantiating /home/travis/build/icyphy/ptII/ptolemy/domains/modal/test/auto/booleanSelect.xml
28 ms. Memory: 388096K Free: 335820K (87%)
----------------- Invoking toplevel() on ptolemy.moml.MoMLSimpleApplication@4e597843
----------------- Done invoking toplevel() on ptolemy.moml.MoMLSimpleApplication@4e597843
reloadAllAccessors: .booleanSelect

===========================================================================================
----------------- testing Fri Jun 28 18:00:23 UTC 2019 /home/travis/build/icyphy/ptII/ptolemy/domains/modal/test/auto/modalChangingParams.xml
----------------- Instantiating /home/travis/build/icyphy/ptII/ptolemy/domains/modal/test/auto/modalChangingParams.xml
0
1
0
2
4
6
8
7
0
2
4
6
8
13
0
2
4
6
8
19
0
2
4
6
8
25
0
2
4
6
8
31
0
2
4
6
8
37
0
2
4
6
8
43
0
2
4
6
8
49
0
2
4
6
8
55
0
2
4
6
8
61
0
2
4
6
8
67
0
2
4
6
8
73
0
2
4
6
8
79
0
2
4
6
8
85
0
2
4
6
8
91
0
2
4
6
8
97
0
2
4
6
8
103
0
2
4
6
8
109
0
2
4
6
8
115
0
2
4
6
8
121
0
2
4
6
8
127
0
2
4
6
8
133
0
2
4
6
8
139
0
2
4
6
8
145
0
2
4
6
8
151
0
2
4
6
8
157
0
2
4
6
8
163
0
2
4
6
8
169
0
2
4
6
8
175
0
2
4
6
8
181
0
2
4
6
8
187
0
2
4
6
8
193
0
2
4
6
8
199
0
2
4
6
8
205
0
2
4
6
8
211
0
2
4
6
8
217
0
2
4
6
8
223
0
2
4
6
8
229
0
2
4
6
8
235
0
2
4
6
8
241
0
2
4
6
8
247
0
2
4
6
8
253
0
2
4
6
8
259
0
2
4
6
8
265
0
2
4
6
8
271
0
2
4
6
8
277
0
2
4
6
8
283
0
2
4
6
8
289
0
2
4
6
8
295
0
2
4
6
8
301
0
2
4
6
8
307
0
2
4
6
8
313
0
2
4
6
8
319
0
2
4
6
8
325
0
2
4
6
8
331
0
2
4
6
8
337
0
2
4
6
8
343
0
2
4
6
8
349
0
2
4
6
8
355
0
2
4
6
8
361
0
2
4
6
8
367
0
2
4
6
8
373
0
2
4
6
8
379
0
2
4
6
8
385
0
2
4
6
8
391
0
2
4
6
8
397
0
2
4
6
8
403
0
2
4
6
8
409
0
2
4
6
8
415
0
2
4
6
8
421
0
2
4
6
8
427
0
2
4
6
8
433
0
2
4
6
8
439
0
2
4
6
8
445
0
2
4
6
8
451
0
2
4
6
8
457
0
2
4
6
8
463
0
2
4
6
8
469
0
2
4
6
8
475
0
2
4
6
8
481
0
2
4
6
8
487
0
2
4
6
8
493
0
2
4
6
8
499
0
2
4
6
8
505
0
2
4
6
8
511
0
2
4
6
8
517
0
2
4
6
8
523
0
2
4
6
8
529
0
2
4
6
8
535
0
2
4
6
8
541
0
2
4
6
8
547
0
2
4
6
8
553
0
2
4
6
8
559
0
2
4
6
8
565
0
2
4
6
8
571
0
2
4
6
8
577
0
2
4
6
8
583
0
2
4
6
8
589
0
2
4
6
8
595
0
2
4
6
8
601
0
2
4
6
8
607
0
2
4
6
8
613
0
2
4
6
8
619
0
2
4
6
8
625
0
2
4
6
8
631
0
2
4
6
8
637
0
2
4
6
8
643
0
2
4
6
8
649
0
2
4
6
8
655
0
2
4
6
8
661
0
2
4
6
8
667
0
2
4
6
8
673
0
2
4
6
8
679
0
2
4
6
8
685
0
2
4
6
8
691
0
2
4
6
8
697
0
2
4
6
8
703
0
2
4
6
8
709
0
2
4
6
8
715
0
2
4
6
8
721
0
2
4
6
8
727
0
2
4
6
8
733
0
2
4
6
8
739
0
2
4
6
8
745
0
2
4
6
8
751
0
2
4
6
8
757
0
2
4
6
8
763
0
2
4
6
8
769
0
2
4
6
8
775
0
2
4
6
8
781
0
2
4
6
8
787
0
2
4
6
8
793
0
2
4
6
8
799
0
2
4
6
8
805
0
2
4
6
8
811
0
2
4
6
8
817
0
2
4
6
8
823
0
2
4
6
8
829
0
2
4
6
8
835
0
2
4
6
8
841
0
2
4
6
8
847
0
2
4
6
8
853
0
2
4
6
8
859
0
2
4
6
8
865
0
2
4
6
8
871
0
2
4
6
8
877
0
2
4
6
8
883
0
2
4
6
8
889
0
2
4
6
8
895
0
2
4
6
8
901
0
2
4
6
8
907
0
2
4
6
8
913
0
2
4
6
8
919
0
2
4
6
8
925
0
2
4
6
8
931
0
2
4
6
8
937
0
2
4
6
8
943
0
2
4
6
8
949
0
2
4
6
8
955
0
2
4
6
8
961
0
2
4
6
8
967
0
2
4
6
8
973
0
2
4
6
8
979
0
2
4
6
8
985
0
2
4
6
8
991
0
2
4
6
8
997
0
2
265 ms. Memory: 388096K Free: 221132K (57%)
----------------- Invoking toplevel() on ptolemy.moml.MoMLSimpleApplication@3cf5ff0a
----------------- Done invoking toplevel() on ptolemy.moml.MoMLSimpleApplication@3cf5ff0a
reloadAllAccessors: .modalChangingParams

===========================================================================================
----------------- testing Fri Jun 28 18:00:23 UTC 2019 /home/travis/build/icyphy/ptII/ptolemy/domains/modal/test/auto/modalModel.xml
----------------- Instantiating /home/travis/build/icyphy/ptII/ptolemy/domains/modal/test/auto/modalModel.xml
5 ms. Memory: 388096K Free: 212426K (55%)
----------------- Invoking toplevel() on ptolemy.moml.MoMLSimpleApplication@753335d9
----------------- Done invoking toplevel() on ptolemy.moml.MoMLSimpleApplication@753335d9
reloadAllAccessors: .modalModel

===========================================================================================
----------------- testing Fri Jun 28 18:00:23 UTC 2019 /home/travis/build/icyphy/ptII/ptolemy/domains/modal/test/auto/modalModel2.xml
----------------- Instantiating /home/travis/build/icyphy/ptII/ptolemy/domains/modal/test/auto/modalModel2.xml
7 ms. Memory: 388096K Free: 202171K (52%)
----------------- Invoking toplevel() on ptolemy.moml.MoMLSimpleApplication@39cc822f
----------------- Done invoking toplevel() on ptolemy.moml.MoMLSimpleApplication@39cc822f
reloadAllAccessors: .modalModel2

===========================================================================================
----------------- testing Fri Jun 28 18:00:23 UTC 2019 /home/travis/build/icyphy/ptII/ptolemy/domains/modal/test/auto/modalModel3.xml
----------------- Instantiating /home/travis/build/icyphy/ptII/ptolemy/domains/modal/test/auto/modalModel3.xml
0	0	0
3	2	1
6	4	2
9	6	3
4	0	4
7	2	5
10	4	6
13	6	7
8	0	8
11	2	9
14	4	10
17	6	11
12	0	12
15	2	13
18	4	14
17 ms. Memory: 388096K Free: 187340K (48%)
----------------- Invoking toplevel() on ptolemy.moml.MoMLSimpleApplication@6137b711
----------------- Done invoking toplevel() on ptolemy.moml.MoMLSimpleApplication@6137b711
reloadAllAccessors: .modalModel3

===========================================================================================
----------------- testing Fri Jun 28 18:00:23 UTC 2019 /home/travis/build/icyphy/ptII/ptolemy/domains/modal/test/auto/model1.xml
----------------- Instantiating /home/travis/build/icyphy/ptII/ptolemy/domains/modal/test/auto/model1.xml
13 ms. Memory: 388096K Free: 181706K (47%)
----------------- Invoking toplevel() on ptolemy.moml.MoMLSimpleApplication@3125a140
----------------- Done invoking toplevel() on ptolemy.moml.MoMLSimpleApplication@3125a140
reloadAllAccessors: .model1

===========================================================================================
----------------- testing Fri Jun 28 18:00:23 UTC 2019 /home/travis/build/icyphy/ptII/ptolemy/domains/modal/test/auto/test-direct-in-out.xml
----------------- Instantiating /home/travis/build/icyphy/ptII/ptolemy/domains/modal/test/auto/test-direct-in-out.xml
4 ms. Memory: 388096K Free: 174028K (45%)
----------------- Invoking toplevel() on ptolemy.moml.MoMLSimpleApplication@4d69d54c
----------------- Done invoking toplevel() on ptolemy.moml.MoMLSimpleApplication@4d69d54c
reloadAllAccessors: .test-direct-in-out
AutoTests.java: About to close Vertx.
AutoTests.java: Vertx closed.
]]></system-out>
  <system-err><![CDATA[java.lang.RuntimeException: Execution failed
	at ptolemy.moml.MoMLSimpleApplication$UnloadThread.run(MoMLSimpleApplication.java:402)
Caused by: ptolemy.kernel.util.IllegalActionException: Unknown inputs remain. Possible causality loop:
L_model_1893289564i

  in .CannotAnalysisWithPreemption.model_1893289564_region_1 and .CannotAnalysisWithPreemption.model_1893289564_region_1.L_model_1893289564i
	at ptolemy.actor.sched.FixedPointDirector.postfire(FixedPointDirector.java:515)
	at ptolemy.domains.sr.kernel.SRDirector.postfire(SRDirector.java:417)
	at ptolemy.actor.CompositeActor.postfire(CompositeActor.java:1668)
	at ptolemy.actor.Manager.iterate(Manager.java:852)
	at ptolemy.actor.Manager.execute(Manager.java:369)
	at ptolemy.actor.Manager.run(Manager.java:1263)
	at ptolemy.actor.Manager$PtolemyRunThread.run(Manager.java:1915)
java.lang.reflect.InvocationTargetException
	at java.base/jdk.internal.reflect.NativeConstructorAccessorImpl.newInstance0(Native Method)
	at java.base/jdk.internal.reflect.NativeConstructorAccessorImpl.newInstance(NativeConstructorAccessorImpl.java:62)
	at java.base/jdk.internal.reflect.DelegatingConstructorAccessorImpl.newInstance(DelegatingConstructorAccessorImpl.java:45)
	at java.base/java.lang.reflect.Constructor.newInstance(Constructor.java:490)
	at ptolemy.util.test.junit.AutoKnownFailedTests.RunModel(AutoKnownFailedTests.java:105)
	at java.base/jdk.internal.reflect.NativeMethodAccessorImpl.invoke0(Native Method)
	at java.base/jdk.internal.reflect.NativeMethodAccessorImpl.invoke(NativeMethodAccessorImpl.java:62)
	at java.base/jdk.internal.reflect.DelegatingMethodAccessorImpl.invoke(DelegatingMethodAccessorImpl.java:43)
	at java.base/java.lang.reflect.Method.invoke(Method.java:566)
	at org.junit.runners.model.FrameworkMethod$1.runReflectiveCall(FrameworkMethod.java:44)
	at org.junit.internal.runners.model.ReflectiveCallable.run(ReflectiveCallable.java:15)
	at org.junit.runners.model.FrameworkMethod.invokeExplosively(FrameworkMethod.java:41)
	at junitparams.internal.InvokeParameterisedMethod.evaluate(InvokeParameterisedMethod.java:102)
	at org.junit.internal.runners.statements.FailOnTimeout$1.run(FailOnTimeout.java:28)
Caused by: ptolemy.kernel.util.IllegalActionException: Unknown inputs remain. Possible causality loop:
L_model_1893289564i

  in .CannotAnalysisWithPreemption.model_1893289564_region_1 and .CannotAnalysisWithPreemption.model_1893289564_region_1.L_model_1893289564i
	at ptolemy.actor.sched.FixedPointDirector.postfire(FixedPointDirector.java:515)
	at ptolemy.domains.sr.kernel.SRDirector.postfire(SRDirector.java:417)
	at ptolemy.actor.CompositeActor.postfire(CompositeActor.java:1668)
	at ptolemy.actor.Manager.iterate(Manager.java:852)
	at ptolemy.actor.Manager.execute(Manager.java:369)
	at ptolemy.actor.Manager.run(Manager.java:1263)
	at ptolemy.actor.Manager$PtolemyRunThread.run(Manager.java:1915)
]]></system-err>
</testsuite>
