<?xml version="1.0" encoding="UTF-8" ?>
<testsuite errors="0" failures="0" hostname="travis-job-d5e9b2eb-9f42-4c63-af99-d7f2cfb95817" name="ptolemy.domains.continuous.test.junit.JUnitTclTest" skipped="0" tests="156" time="70.893" timestamp="2020-07-20T15:07:12">
  <properties>
[...]
</properties>
  <testcase classname="ptolemy.util.test.junit.TclTests" name="[0] ThereAreNoTclTests (RunTclFile)" time="0.01" />
  <testcase classname="ptolemy.util.test.junit.AutoKnownFailedTests" name="[0] ThereAreNoKnowFailedTests (RunModel)" time="0.002" />
  <testcase classname="ptolemy.util.test.junit.AutoNameArchTests" name="[0] ThereAreNoAutoArchTests (RunModel)" time="0.027" />
  <testcase classname="ptolemy.util.test.junit.AutoTests" name="[0] /home/travis/build/icyphy/ptII/ptolemy/domains/continuous/test/auto/BouncingBall.xml (RunModel)" time="3.076" />
  <testcase classname="ptolemy.util.test.junit.AutoTests" name="[1] /home/travis/build/icyphy/ptII/ptolemy/domains/continuous/test/auto/BouncingBallWithoutGR.xml (RunModel)" time="0.945" />
  <testcase classname="ptolemy.util.test.junit.AutoTests" name="[2] /home/travis/build/icyphy/ptII/ptolemy/domains/continuous/test/auto/Brownian.xml (RunModel)" time="0.1" />
  <testcase classname="ptolemy.util.test.junit.AutoTests" name="[3] /home/travis/build/icyphy/ptII/ptolemy/domains/continuous/test/auto/CarTracking.xml (RunModel)" time="3.814" />
  <testcase classname="ptolemy.util.test.junit.AutoTests" name="[4] /home/travis/build/icyphy/ptII/ptolemy/domains/continuous/test/auto/CartPendulum.xml (RunModel)" time="0.544" />
  <testcase classname="ptolemy.util.test.junit.AutoTests" name="[5] /home/travis/build/icyphy/ptII/ptolemy/domains/continuous/test/auto/CausalityInterface10.xml (RunModel)" time="0.04" />
  <testcase classname="ptolemy.util.test.junit.AutoTests" name="[6] /home/travis/build/icyphy/ptII/ptolemy/domains/continuous/test/auto/CausalityInterface11.xml (RunModel)" time="0.038" />
  <testcase classname="ptolemy.util.test.junit.AutoTests" name="[7] /home/travis/build/icyphy/ptII/ptolemy/domains/continuous/test/auto/CausalityInterface12.xml (RunModel)" time="0.05" />
  <testcase classname="ptolemy.util.test.junit.AutoTests" name="[8] /home/travis/build/icyphy/ptII/ptolemy/domains/continuous/test/auto/CausalityInterface13.xml (RunModel)" time="0.037" />
  <testcase classname="ptolemy.util.test.junit.AutoTests" name="[9] /home/travis/build/icyphy/ptII/ptolemy/domains/continuous/test/auto/CausalityInterface14.xml (RunModel)" time="0.038" />
  <testcase classname="ptolemy.util.test.junit.AutoTests" name="[10] /home/travis/build/icyphy/ptII/ptolemy/domains/continuous/test/auto/CausalityInterface4.xml (RunModel)" time="0.03" />
  <testcase classname="ptolemy.util.test.junit.AutoTests" name="[11] /home/travis/build/icyphy/ptII/ptolemy/domains/continuous/test/auto/CausalityInterface5.xml (RunModel)" time="0.024" />
  <testcase classname="ptolemy.util.test.junit.AutoTests" name="[12] /home/travis/build/icyphy/ptII/ptolemy/domains/continuous/test/auto/CausalityInterface6.xml (RunModel)" time="0.028" />
  <testcase classname="ptolemy.util.test.junit.AutoTests" name="[13] /home/travis/build/icyphy/ptII/ptolemy/domains/continuous/test/auto/CausalityInterface7.xml (RunModel)" time="0.038" />
  <testcase classname="ptolemy.util.test.junit.AutoTests" name="[14] /home/travis/build/icyphy/ptII/ptolemy/domains/continuous/test/auto/CausalityInterface8.xml (RunModel)" time="0.037" />
  <testcase classname="ptolemy.util.test.junit.AutoTests" name="[15] /home/travis/build/icyphy/ptII/ptolemy/domains/continuous/test/auto/CausalityInterface9.xml (RunModel)" time="0.049" />
  <testcase classname="ptolemy.util.test.junit.AutoTests" name="[16] /home/travis/build/icyphy/ptII/ptolemy/domains/continuous/test/auto/CausalityInterfaceFeedback1.xml (RunModel)" time="0.033" />
  <testcase classname="ptolemy.util.test.junit.AutoTests" name="[17] /home/travis/build/icyphy/ptII/ptolemy/domains/continuous/test/auto/CausalityInterfaceFeedback2.xml (RunModel)" time="0.062" />
  <testcase classname="ptolemy.util.test.junit.AutoTests" name="[18] /home/travis/build/icyphy/ptII/ptolemy/domains/continuous/test/auto/CompareWithCurrentTime.xml (RunModel)" time="0.03" />
  <testcase classname="ptolemy.util.test.junit.AutoTests" name="[19] /home/travis/build/icyphy/ptII/ptolemy/domains/continuous/test/auto/ComparedClocks.xml (RunModel)" time="0.075" />
  <testcase classname="ptolemy.util.test.junit.AutoTests" name="[20] /home/travis/build/icyphy/ptII/ptolemy/domains/continuous/test/auto/ContinuousAOCClone.xml (RunModel)" time="2.452" />
  <testcase classname="ptolemy.util.test.junit.AutoTests" name="[21] /home/travis/build/icyphy/ptII/ptolemy/domains/continuous/test/auto/ContinuousClock.xml (RunModel)" time="0.091" />
  <testcase classname="ptolemy.util.test.junit.AutoTests" name="[22] /home/travis/build/icyphy/ptII/ptolemy/domains/continuous/test/auto/ContinuousInContinuous.xml (RunModel)" time="0.078" />
  <testcase classname="ptolemy.util.test.junit.AutoTests" name="[23] /home/travis/build/icyphy/ptII/ptolemy/domains/continuous/test/auto/ContinuousInContinuousInContinuous.xml (RunModel)" time="0.024" />
  <testcase classname="ptolemy.util.test.junit.AutoTests" name="[24] /home/travis/build/icyphy/ptII/ptolemy/domains/continuous/test/auto/ContinuousInDE.xml (RunModel)" time="0.11" />
  <testcase classname="ptolemy.util.test.junit.AutoTests" name="[25] /home/travis/build/icyphy/ptII/ptolemy/domains/continuous/test/auto/ContinuousInDE2.xml (RunModel)" time="0.046" />
  <testcase classname="ptolemy.util.test.junit.AutoTests" name="[26] /home/travis/build/icyphy/ptII/ptolemy/domains/continuous/test/auto/ContinuousInDE3.xml (RunModel)" time="0.044" />
  <testcase classname="ptolemy.util.test.junit.AutoTests" name="[27] /home/travis/build/icyphy/ptII/ptolemy/domains/continuous/test/auto/ContinuousInDE4.xml (RunModel)" time="0.025" />
  <testcase classname="ptolemy.util.test.junit.AutoTests" name="[28] /home/travis/build/icyphy/ptII/ptolemy/domains/continuous/test/auto/ContinuousInDEDifferentRefinements.xml (RunModel)" time="0.095" />
  <testcase classname="ptolemy.util.test.junit.AutoTests" name="[29] /home/travis/build/icyphy/ptII/ptolemy/domains/continuous/test/auto/ContinuousInDEDifferentRefinementsPreemptive.xml (RunModel)" time="0.107" />
  <testcase classname="ptolemy.util.test.junit.AutoTests" name="[30] /home/travis/build/icyphy/ptII/ptolemy/domains/continuous/test/auto/ContinuousInDEInContinuous2.xml (RunModel)" time="0.064" />
  <testcase classname="ptolemy.util.test.junit.AutoTests" name="[31] /home/travis/build/icyphy/ptII/ptolemy/domains/continuous/test/auto/ContinuousInDEInContinuous3.xml (RunModel)" time="0.063" />
  <testcase classname="ptolemy.util.test.junit.AutoTests" name="[32] /home/travis/build/icyphy/ptII/ptolemy/domains/continuous/test/auto/ContinuousInDEInput.xml (RunModel)" time="0.03" />
  <testcase classname="ptolemy.util.test.junit.AutoTests" name="[33] /home/travis/build/icyphy/ptII/ptolemy/domains/continuous/test/auto/ContinuousInDEInput2.xml (RunModel)" time="0.038" />
  <testcase classname="ptolemy.util.test.junit.AutoTests" name="[34] /home/travis/build/icyphy/ptII/ptolemy/domains/continuous/test/auto/ContinuousInDEInput3.xml (RunModel)" time="0.03" />
  <testcase classname="ptolemy.util.test.junit.AutoTests" name="[35] /home/travis/build/icyphy/ptII/ptolemy/domains/continuous/test/auto/ContinuousInDESharingRefinement.xml (RunModel)" time="0.186" />
  <testcase classname="ptolemy.util.test.junit.AutoTests" name="[36] /home/travis/build/icyphy/ptII/ptolemy/domains/continuous/test/auto/ContinuousInDEwithNoPorts.xml (RunModel)" time="0.019" />
  <testcase classname="ptolemy.util.test.junit.AutoTests" name="[37] /home/travis/build/icyphy/ptII/ptolemy/domains/continuous/test/auto/ContinuousInsideDE.xml (RunModel)" time="0.081" />
  <testcase classname="ptolemy.util.test.junit.AutoTests" name="[38] /home/travis/build/icyphy/ptII/ptolemy/domains/continuous/test/auto/ContinuousMerge1.xml (RunModel)" time="0.015" />
  <testcase classname="ptolemy.util.test.junit.AutoTests" name="[39] /home/travis/build/icyphy/ptII/ptolemy/domains/continuous/test/auto/ContinuousMerge2.xml (RunModel)" time="0.047" />
  <testcase classname="ptolemy.util.test.junit.AutoTests" name="[40] /home/travis/build/icyphy/ptII/ptolemy/domains/continuous/test/auto/ContinuousMerge3.xml (RunModel)" time="0.072" />
  <testcase classname="ptolemy.util.test.junit.AutoTests" name="[41] /home/travis/build/icyphy/ptII/ptolemy/domains/continuous/test/auto/ContinuousWithinContinuous.xml (RunModel)" time="0.053" />
  <testcase classname="ptolemy.util.test.junit.AutoTests" name="[42] /home/travis/build/icyphy/ptII/ptolemy/domains/continuous/test/auto/ContinuousWithinContinuous2.xml (RunModel)" time="0.068" />
  <testcase classname="ptolemy.util.test.junit.AutoTests" name="[43] /home/travis/build/icyphy/ptII/ptolemy/domains/continuous/test/auto/ContinuousWithinContinuous3.xml (RunModel)" time="0.029" />
  <testcase classname="ptolemy.util.test.junit.AutoTests" name="[44] /home/travis/build/icyphy/ptII/ptolemy/domains/continuous/test/auto/ContinuousWithinContinuous4.xml (RunModel)" time="0.085" />
  <testcase classname="ptolemy.util.test.junit.AutoTests" name="[45] /home/travis/build/icyphy/ptII/ptolemy/domains/continuous/test/auto/ContinuousWithinContinuous5.xml (RunModel)" time="0.027" />
  <testcase classname="ptolemy.util.test.junit.AutoTests" name="[46] /home/travis/build/icyphy/ptII/ptolemy/domains/continuous/test/auto/ContinuousWithinContinuous6.xml (RunModel)" time="0.03" />
  <testcase classname="ptolemy.util.test.junit.AutoTests" name="[47] /home/travis/build/icyphy/ptII/ptolemy/domains/continuous/test/auto/ContinuousWithinContinuous7.xml (RunModel)" time="0.068" />
  <testcase classname="ptolemy.util.test.junit.AutoTests" name="[48] /home/travis/build/icyphy/ptII/ptolemy/domains/continuous/test/auto/DCMotor.xml (RunModel)" time="13.407" />
  <testcase classname="ptolemy.util.test.junit.AutoTests" name="[49] /home/travis/build/icyphy/ptII/ptolemy/domains/continuous/test/auto/DEInContinuous.xml (RunModel)" time="0.027" />
  <testcase classname="ptolemy.util.test.junit.AutoTests" name="[50] /home/travis/build/icyphy/ptII/ptolemy/domains/continuous/test/auto/DEinContinuous2.xml (RunModel)" time="0.03" />
  <testcase classname="ptolemy.util.test.junit.AutoTests" name="[51] /home/travis/build/icyphy/ptII/ptolemy/domains/continuous/test/auto/Derivative.xml (RunModel)" time="0.183" />
  <testcase classname="ptolemy.util.test.junit.AutoTests" name="[52] /home/travis/build/icyphy/ptII/ptolemy/domains/continuous/test/auto/Derivative1.xml (RunModel)" time="0.038" />
  <testcase classname="ptolemy.util.test.junit.AutoTests" name="[53] /home/travis/build/icyphy/ptII/ptolemy/domains/continuous/test/auto/DiscreteClock.xml (RunModel)" time="0.012" />
  <testcase classname="ptolemy.util.test.junit.AutoTests" name="[54] /home/travis/build/icyphy/ptII/ptolemy/domains/continuous/test/auto/EfficiencyCurve.xml (RunModel)" time="0.064" />
  <testcase classname="ptolemy.util.test.junit.AutoTests" name="[55] /home/travis/build/icyphy/ptII/ptolemy/domains/continuous/test/auto/ExponentialResponse.xml (RunModel)" time="0.118" />
  <testcase classname="ptolemy.util.test.junit.AutoTests" name="[56] /home/travis/build/icyphy/ptII/ptolemy/domains/continuous/test/auto/ExponentialResponseRK45.xml (RunModel)" time="0.033" />
  <testcase classname="ptolemy.util.test.junit.AutoTests" name="[57] /home/travis/build/icyphy/ptII/ptolemy/domains/continuous/test/auto/Friction.xml (RunModel)" time="1.615" />
  <testcase classname="ptolemy.util.test.junit.AutoTests" name="[58] /home/travis/build/icyphy/ptII/ptolemy/domains/continuous/test/auto/FurutaPendulum.xml (RunModel)" time="3.348" />
  <testcase classname="ptolemy.util.test.junit.AutoTests" name="[59] /home/travis/build/icyphy/ptII/ptolemy/domains/continuous/test/auto/HierarchicalExecution.xml (RunModel)" time="2.136" />
  <testcase classname="ptolemy.util.test.junit.AutoTests" name="[60] /home/travis/build/icyphy/ptII/ptolemy/domains/continuous/test/auto/HybridPlant.xml (RunModel)" time="0.628" />
  <testcase classname="ptolemy.util.test.junit.AutoTests" name="[61] /home/travis/build/icyphy/ptII/ptolemy/domains/continuous/test/auto/Hysteresis.xml (RunModel)" time="0.203" />
  <testcase classname="ptolemy.util.test.junit.AutoTests" name="[62] /home/travis/build/icyphy/ptII/ptolemy/domains/continuous/test/auto/HysteresisWithRandomDelay.xml (RunModel)" time="0.235" />
  <testcase classname="ptolemy.util.test.junit.AutoTests" name="[63] /home/travis/build/icyphy/ptII/ptolemy/domains/continuous/test/auto/HysteresisWithRandomLosses.xml (RunModel)" time="2.409" />
  <testcase classname="ptolemy.util.test.junit.AutoTests" name="[64] /home/travis/build/icyphy/ptII/ptolemy/domains/continuous/test/auto/ImmediateTransitions.xml (RunModel)" time="0.024" />
  <testcase classname="ptolemy.util.test.junit.AutoTests" name="[65] /home/travis/build/icyphy/ptII/ptolemy/domains/continuous/test/auto/ImpulseFeedback.xml (RunModel)" time="0.022" />
  <testcase classname="ptolemy.util.test.junit.AutoTests" name="[66] /home/travis/build/icyphy/ptII/ptolemy/domains/continuous/test/auto/ImpulseFeedback2.xml (RunModel)" time="0.018" />
  <testcase classname="ptolemy.util.test.junit.AutoTests" name="[67] /home/travis/build/icyphy/ptII/ptolemy/domains/continuous/test/auto/IncreasingRatePoisson.xml (RunModel)" time="0.731" />
  <testcase classname="ptolemy.util.test.junit.AutoTests" name="[68] /home/travis/build/icyphy/ptII/ptolemy/domains/continuous/test/auto/InitialStateFeedback.xml (RunModel)" time="0.021" />
  <testcase classname="ptolemy.util.test.junit.AutoTests" name="[69] /home/travis/build/icyphy/ptII/ptolemy/domains/continuous/test/auto/Integration.xml (RunModel)" time="0.016" />
  <testcase classname="ptolemy.util.test.junit.AutoTests" name="[70] /home/travis/build/icyphy/ptII/ptolemy/domains/continuous/test/auto/Integration2.xml (RunModel)" time="0.082" />
  <testcase classname="ptolemy.util.test.junit.AutoTests" name="[71] /home/travis/build/icyphy/ptII/ptolemy/domains/continuous/test/auto/Integration3.xml (RunModel)" time="0.014" />
  <testcase classname="ptolemy.util.test.junit.AutoTests" name="[72] /home/travis/build/icyphy/ptII/ptolemy/domains/continuous/test/auto/Integration5.xml (RunModel)" time="0.023" />
  <testcase classname="ptolemy.util.test.junit.AutoTests" name="[73] /home/travis/build/icyphy/ptII/ptolemy/domains/continuous/test/auto/IntegratorImpulse.xml (RunModel)" time="0.015" />
  <testcase classname="ptolemy.util.test.junit.AutoTests" name="[74] /home/travis/build/icyphy/ptII/ptolemy/domains/continuous/test/auto/IntegratorImpulse2.xml (RunModel)" time="0.015" />
  <testcase classname="ptolemy.util.test.junit.AutoTests" name="[75] /home/travis/build/icyphy/ptII/ptolemy/domains/continuous/test/auto/LevelCrossing1.xml (RunModel)" time="0.012" />
  <testcase classname="ptolemy.util.test.junit.AutoTests" name="[76] /home/travis/build/icyphy/ptII/ptolemy/domains/continuous/test/auto/LevelCrossing2.xml (RunModel)" time="0.014" />
  <testcase classname="ptolemy.util.test.junit.AutoTests" name="[77] /home/travis/build/icyphy/ptII/ptolemy/domains/continuous/test/auto/LevelCrossing3.xml (RunModel)" time="0.011" />
  <testcase classname="ptolemy.util.test.junit.AutoTests" name="[78] /home/travis/build/icyphy/ptII/ptolemy/domains/continuous/test/auto/LevelCrossing4.xml (RunModel)" time="0.015" />
  <testcase classname="ptolemy.util.test.junit.AutoTests" name="[79] /home/travis/build/icyphy/ptII/ptolemy/domains/continuous/test/auto/LevelCrossing5.xml (RunModel)" time="0.014" />
  <testcase classname="ptolemy.util.test.junit.AutoTests" name="[80] /home/travis/build/icyphy/ptII/ptolemy/domains/continuous/test/auto/LevelCrossing6.xml (RunModel)" time="0.013" />
  <testcase classname="ptolemy.util.test.junit.AutoTests" name="[81] /home/travis/build/icyphy/ptII/ptolemy/domains/continuous/test/auto/LevelCrossingDetector.xml (RunModel)" time="0.032" />
  <testcase classname="ptolemy.util.test.junit.AutoTests" name="[82] /home/travis/build/icyphy/ptII/ptolemy/domains/continuous/test/auto/LevelCrossingDetectorDetectingDirections.xml (RunModel)" time="0.085" />
  <testcase classname="ptolemy.util.test.junit.AutoTests" name="[83] /home/travis/build/icyphy/ptII/ptolemy/domains/continuous/test/auto/LevelCrossingDetectorDetectsGlitches.xml (RunModel)" time="0.063" />
  <testcase classname="ptolemy.util.test.junit.AutoTests" name="[84] /home/travis/build/icyphy/ptII/ptolemy/domains/continuous/test/auto/LevelCrossingNoInitialOuput.xml (RunModel)" time="0.014" />
  <testcase classname="ptolemy.util.test.junit.AutoTests" name="[85] /home/travis/build/icyphy/ptII/ptolemy/domains/continuous/test/auto/LinearStateSpaceExample.xml (RunModel)" time="0.071" />
  <testcase classname="ptolemy.util.test.junit.AutoTests" name="[86] /home/travis/build/icyphy/ptII/ptolemy/domains/continuous/test/auto/Lorenz.xml (RunModel)" time="3.266" />
  <testcase classname="ptolemy.util.test.junit.AutoTests" name="[87] /home/travis/build/icyphy/ptII/ptolemy/domains/continuous/test/auto/LorenzDifferentialSystem.xml (RunModel)" time="0.938" />
  <testcase classname="ptolemy.util.test.junit.AutoTests" name="[88] /home/travis/build/icyphy/ptII/ptolemy/domains/continuous/test/auto/LorenzDifferentialSystemWithInput.xml (RunModel)" time="1.142" />
  <testcase classname="ptolemy.util.test.junit.AutoTests" name="[89] /home/travis/build/icyphy/ptII/ptolemy/domains/continuous/test/auto/LorenzDifferentialSystemWithTime.xml (RunModel)" time="0.661" />
  <testcase classname="ptolemy.util.test.junit.AutoTests" name="[90] /home/travis/build/icyphy/ptII/ptolemy/domains/continuous/test/auto/Microsteps.xml (RunModel)" time="0.016" />
  <testcase classname="ptolemy.util.test.junit.AutoTests" name="[91] /home/travis/build/icyphy/ptII/ptolemy/domains/continuous/test/auto/Modal1.xml (RunModel)" time="0.049" />
  <testcase classname="ptolemy.util.test.junit.AutoTests" name="[92] /home/travis/build/icyphy/ptII/ptolemy/domains/continuous/test/auto/Modal2.xml (RunModel)" time="0.045" />
  <testcase classname="ptolemy.util.test.junit.AutoTests" name="[93] /home/travis/build/icyphy/ptII/ptolemy/domains/continuous/test/auto/ModalTransitionGuardWithReset.xml (RunModel)" time="0.025" />
  <testcase classname="ptolemy.util.test.junit.AutoTests" name="[94] /home/travis/build/icyphy/ptII/ptolemy/domains/continuous/test/auto/ModalTransitionGuardWithResetUsingPreemptiveTransition.xml (RunModel)" time="0.032" />
  <testcase classname="ptolemy.util.test.junit.AutoTests" name="[95] /home/travis/build/icyphy/ptII/ptolemy/domains/continuous/test/auto/ModalTransitionGuardWithResetUsingPreemptiveTransition2.xml (RunModel)" time="0.03" />
  <testcase classname="ptolemy.util.test.junit.AutoTests" name="[96] /home/travis/build/icyphy/ptII/ptolemy/domains/continuous/test/auto/ModalTransitionGuardWithResetUsingPreemptiveTransition3.xml (RunModel)" time="0.027" />
  <testcase classname="ptolemy.util.test.junit.AutoTests" name="[97] /home/travis/build/icyphy/ptII/ptolemy/domains/continuous/test/auto/NewtonsCradle.xml (RunModel)" time="0.828" />
  <testcase classname="ptolemy.util.test.junit.AutoTests" name="[98] /home/travis/build/icyphy/ptII/ptolemy/domains/continuous/test/auto/NewtonsCradleAnimated.xml (RunModel)" time="1.252" />
  <testcase classname="ptolemy.util.test.junit.AutoTests" name="[99] /home/travis/build/icyphy/ptII/ptolemy/domains/continuous/test/auto/NewtonsCradleComplicated.xml (RunModel)" time="0.789" />
  <testcase classname="ptolemy.util.test.junit.AutoTests" name="[100] /home/travis/build/icyphy/ptII/ptolemy/domains/continuous/test/auto/NewtonsCradleNondeterministic.xml (RunModel)" time="0.645" />
  <testcase classname="ptolemy.util.test.junit.AutoTests" name="[101] /home/travis/build/icyphy/ptII/ptolemy/domains/continuous/test/auto/NewtonsCradlePerfectlyInelastic1.xml (RunModel)" time="1.26" />
  <testcase classname="ptolemy.util.test.junit.AutoTests" name="[102] /home/travis/build/icyphy/ptII/ptolemy/domains/continuous/test/auto/Noise.xml (RunModel)" time="0.207" />
  <testcase classname="ptolemy.util.test.junit.AutoTests" name="[103] /home/travis/build/icyphy/ptII/ptolemy/domains/continuous/test/auto/NoiseSpectrum.xml (RunModel)" time="0.665" />
  <testcase classname="ptolemy.util.test.junit.AutoTests" name="[104] /home/travis/build/icyphy/ptII/ptolemy/domains/continuous/test/auto/ParameterizedNewtonsCradleAnimated.xml (RunModel)" time="0.352" />
  <testcase classname="ptolemy.util.test.junit.AutoTests" name="[105] /home/travis/build/icyphy/ptII/ptolemy/domains/continuous/test/auto/ParameterizedNewtonsCradleAnimatedNondeterministic.xml (RunModel)" time="1.143" />
  <testcase classname="ptolemy.util.test.junit.AutoTests" name="[106] /home/travis/build/icyphy/ptII/ptolemy/domains/continuous/test/auto/Pendulum3D.xml (RunModel)" time="0.162" />
  <testcase classname="ptolemy.util.test.junit.AutoTests" name="[107] /home/travis/build/icyphy/ptII/ptolemy/domains/continuous/test/auto/PeriodicSampler.xml (RunModel)" time="0.01" />
  <testcase classname="ptolemy.util.test.junit.AutoTests" name="[108] /home/travis/build/icyphy/ptII/ptolemy/domains/continuous/test/auto/PeriodicSampler1.xml (RunModel)" time="0.039" />
  <testcase classname="ptolemy.util.test.junit.AutoTests" name="[109] /home/travis/build/icyphy/ptII/ptolemy/domains/continuous/test/auto/PeriodicSampler2.xml (RunModel)" time="0.076" />
  <testcase classname="ptolemy.util.test.junit.AutoTests" name="[110] /home/travis/build/icyphy/ptII/ptolemy/domains/continuous/test/auto/Poisson.xml (RunModel)" time="0.498" />
  <testcase classname="ptolemy.util.test.junit.AutoTests" name="[111] /home/travis/build/icyphy/ptII/ptolemy/domains/continuous/test/auto/PoissonClock.xml (RunModel)" time="0.012" />
  <testcase classname="ptolemy.util.test.junit.AutoTests" name="[112] /home/travis/build/icyphy/ptII/ptolemy/domains/continuous/test/auto/PoissonClock2.xml (RunModel)" time="0.014" />
  <testcase classname="ptolemy.util.test.junit.AutoTests" name="[113] /home/travis/build/icyphy/ptII/ptolemy/domains/continuous/test/auto/PortParameterHierarchy.xml (RunModel)" time="0.032" />
  <testcase classname="ptolemy.util.test.junit.AutoTests" name="[114] /home/travis/build/icyphy/ptII/ptolemy/domains/continuous/test/auto/RandomHybridPlant.xml (RunModel)" time="0.541" />
  <testcase classname="ptolemy.util.test.junit.AutoTests" name="[115] /home/travis/build/icyphy/ptII/ptolemy/domains/continuous/test/auto/ResetTransitionWithStartTime1.xml (RunModel)" time="0.029" />
  <testcase classname="ptolemy.util.test.junit.AutoTests" name="[116] /home/travis/build/icyphy/ptII/ptolemy/domains/continuous/test/auto/ResetTransitionWithStartTime2.xml (RunModel)" time="0.037" />
  <testcase classname="ptolemy.util.test.junit.AutoTests" name="[117] /home/travis/build/icyphy/ptII/ptolemy/domains/continuous/test/auto/ResetTransitionWithStartTime3.xml (RunModel)" time="0.039" />
  <testcase classname="ptolemy.util.test.junit.AutoTests" name="[118] /home/travis/build/icyphy/ptII/ptolemy/domains/continuous/test/auto/ResetTransitionWithStartTime4.xml (RunModel)" time="0.032" />
  <testcase classname="ptolemy.util.test.junit.AutoTests" name="[119] /home/travis/build/icyphy/ptII/ptolemy/domains/continuous/test/auto/ResetTransitionWithStartTime5.xml (RunModel)" time="0.032" />
  <testcase classname="ptolemy.util.test.junit.AutoTests" name="[120] /home/travis/build/icyphy/ptII/ptolemy/domains/continuous/test/auto/ResetTransitionWithStartTime6.xml (RunModel)" time="0.024" />
  <testcase classname="ptolemy.util.test.junit.AutoTests" name="[121] /home/travis/build/icyphy/ptII/ptolemy/domains/continuous/test/auto/SRinContinuous.xml (RunModel)" time="0.028" />
  <testcase classname="ptolemy.util.test.junit.AutoTests" name="[122] /home/travis/build/icyphy/ptII/ptolemy/domains/continuous/test/auto/SampledClocks.xml (RunModel)" time="0.035" />
  <testcase classname="ptolemy.util.test.junit.AutoTests" name="[123] /home/travis/build/icyphy/ptII/ptolemy/domains/continuous/test/auto/Satellite.xml (RunModel)" time="0.736" />
  <testcase classname="ptolemy.util.test.junit.AutoTests" name="[124] /home/travis/build/icyphy/ptII/ptolemy/domains/continuous/test/auto/SigmaDelta.xml (RunModel)" time="1.941" />
  <testcase classname="ptolemy.util.test.junit.AutoTests" name="[125] /home/travis/build/icyphy/ptII/ptolemy/domains/continuous/test/auto/SingleRefinement.xml (RunModel)" time="0.451" />
  <testcase classname="ptolemy.util.test.junit.AutoTests" name="[126] /home/travis/build/icyphy/ptII/ptolemy/domains/continuous/test/auto/SinuBouncingBall.xml (RunModel)" time="0.807" />
  <testcase classname="ptolemy.util.test.junit.AutoTests" name="[127] /home/travis/build/icyphy/ptII/ptolemy/domains/continuous/test/auto/Sinusoid.xml (RunModel)" time="0.019" />
  <testcase classname="ptolemy.util.test.junit.AutoTests" name="[128] /home/travis/build/icyphy/ptII/ptolemy/domains/continuous/test/auto/SinusoidInNoise.xml (RunModel)" time="0.837" />
  <testcase classname="ptolemy.util.test.junit.AutoTests" name="[129] /home/travis/build/icyphy/ptII/ptolemy/domains/continuous/test/auto/SinusoidRK45.xml (RunModel)" time="0.011" />
  <testcase classname="ptolemy.util.test.junit.AutoTests" name="[130] /home/travis/build/icyphy/ptII/ptolemy/domains/continuous/test/auto/SinusoidWithMultipleImpulses.xml (RunModel)" time="0.018" />
  <testcase classname="ptolemy.util.test.junit.AutoTests" name="[131] /home/travis/build/icyphy/ptII/ptolemy/domains/continuous/test/auto/SquareWave.xml (RunModel)" time="0.17" />
  <testcase classname="ptolemy.util.test.junit.AutoTests" name="[132] /home/travis/build/icyphy/ptII/ptolemy/domains/continuous/test/auto/Starmac.xml (RunModel)" time="3.405" />
  <testcase classname="ptolemy.util.test.junit.AutoTests" name="[133] /home/travis/build/icyphy/ptII/ptolemy/domains/continuous/test/auto/StaticUnits.xml (RunModel)" time="2.461" />
  <testcase classname="ptolemy.util.test.junit.AutoTests" name="[134] /home/travis/build/icyphy/ptII/ptolemy/domains/continuous/test/auto/StickyMasses.xml (RunModel)" time="0.174" />
  <testcase classname="ptolemy.util.test.junit.AutoTests" name="[135] /home/travis/build/icyphy/ptII/ptolemy/domains/continuous/test/auto/StopTime.xml (RunModel)" time="0.056" />
  <testcase classname="ptolemy.util.test.junit.AutoTests" name="[136] /home/travis/build/icyphy/ptII/ptolemy/domains/continuous/test/auto/StopTime2.xml (RunModel)" time="0.064" />
  <testcase classname="ptolemy.util.test.junit.AutoTests" name="[137] /home/travis/build/icyphy/ptII/ptolemy/domains/continuous/test/auto/Switch.xml (RunModel)" time="0.058" />
  <testcase classname="ptolemy.util.test.junit.AutoTests" name="[138] /home/travis/build/icyphy/ptII/ptolemy/domains/continuous/test/auto/Thermostat.xml (RunModel)" time="0.191" />
  <testcase classname="ptolemy.util.test.junit.AutoTests" name="[139] /home/travis/build/icyphy/ptII/ptolemy/domains/continuous/test/auto/TimeDelay.xml (RunModel)" time="0.012" />
  <testcase classname="ptolemy.util.test.junit.AutoTests" name="[140] /home/travis/build/icyphy/ptII/ptolemy/domains/continuous/test/auto/TimeDelay2.xml (RunModel)" time="0.022" />
  <testcase classname="ptolemy.util.test.junit.AutoTests" name="[141] /home/travis/build/icyphy/ptII/ptolemy/domains/continuous/test/auto/TimeDelay3.xml (RunModel)" time="0.009" />
  <testcase classname="ptolemy.util.test.junit.AutoTests" name="[142] /home/travis/build/icyphy/ptII/ptolemy/domains/continuous/test/auto/TransferAbsentToInside.xml (RunModel)" time="0.133" />
  <testcase classname="ptolemy.util.test.junit.AutoTests" name="[143] /home/travis/build/icyphy/ptII/ptolemy/domains/continuous/test/auto/Transmission.xml (RunModel)" time="0.738" />
  <testcase classname="ptolemy.util.test.junit.AutoTests" name="[144] /home/travis/build/icyphy/ptII/ptolemy/domains/continuous/test/auto/TriggeredContinuousClock.xml (RunModel)" time="0.061" />
  <testcase classname="ptolemy.util.test.junit.AutoTests" name="[145] /home/travis/build/icyphy/ptII/ptolemy/domains/continuous/test/auto/TwoMachineInfiniteBusControl.xml (RunModel)" time="2.468" />
  <testcase classname="ptolemy.util.test.junit.AutoTests" name="[146] /home/travis/build/icyphy/ptII/ptolemy/domains/continuous/test/auto/V2V.xml (RunModel)" time="0.837" />
  <testcase classname="ptolemy.util.test.junit.AutoTests" name="[147] /home/travis/build/icyphy/ptII/ptolemy/domains/continuous/test/auto/hierarchicalModalModel.xml (RunModel)" time="0.029" />
  <testcase classname="ptolemy.util.test.junit.AutoTests" name="[148] /home/travis/build/icyphy/ptII/ptolemy/domains/continuous/test/auto/hierarchicalModalModel1.xml (RunModel)" time="0.032" />
  <testcase classname="ptolemy.util.test.junit.AutoTests" name="[149] /home/travis/build/icyphy/ptII/ptolemy/domains/continuous/test/auto/hierarchicalModalModel2.xml (RunModel)" time="0.036" />
  <testcase classname="ptolemy.util.test.junit.AutoTests" name="[150] /home/travis/build/icyphy/ptII/ptolemy/domains/continuous/test/auto/hierarchicalModalModel3.xml (RunModel)" time="0.023" />
  <testcase classname="ptolemy.util.test.junit.AutoTests" name="[151] /home/travis/build/icyphy/ptII/ptolemy/domains/continuous/test/auto/hierarchicalModalModel4.xml (RunModel)" time="0.026" />
  <testcase classname="ptolemy.util.test.junit.AutoTests" name="[152] /home/travis/build/icyphy/ptII/ptolemy/domains/continuous/test/auto/junk.xml (RunModel)" time="0.129" />
  <system-out><![CDATA[No tcl tests in /home/travis/build/icyphy/ptII/ptolemy/domains/continuous/test
No auto/knownFailedTests/*.xml tests in /home/travis/build/icyphy/ptII/ptolemy/domains/continuous/test
No auto/linux-amd64/*.xml tests in /home/travis/build/icyphy/ptII/ptolemy/domains/continuous/test
AutoTests.java: About to close Vertx.
AutoTests.java: Vertx closed.

===========================================================================================
----------------- testing Mon Jul 20 15:07:13 UTC 2020 /home/travis/build/icyphy/ptII/ptolemy/domains/continuous/test/auto/BouncingBall.xml
----------------- Instantiating /home/travis/build/icyphy/ptII/ptolemy/domains/continuous/test/auto/BouncingBall.xml
2396 ms. Memory: 159744K Free: 106277K (67%)
----------------- Invoking toplevel() on ptolemy.moml.MoMLSimpleApplication@4244b7f
----------------- Done invoking toplevel() on ptolemy.moml.MoMLSimpleApplication@4244b7f
reloadAllAccessors: .BouncingBall

===========================================================================================
----------------- testing Mon Jul 20 15:07:16 UTC 2020 /home/travis/build/icyphy/ptII/ptolemy/domains/continuous/test/auto/BouncingBallWithoutGR.xml
----------------- Instantiating /home/travis/build/icyphy/ptII/ptolemy/domains/continuous/test/auto/BouncingBallWithoutGR.xml
765 ms. Memory: 159744K Free: 110763K (69%)
----------------- Invoking toplevel() on ptolemy.moml.MoMLSimpleApplication@5dffb010
----------------- Done invoking toplevel() on ptolemy.moml.MoMLSimpleApplication@5dffb010
reloadAllAccessors: .BouncingBallWithoutGR

===========================================================================================
----------------- testing Mon Jul 20 15:07:17 UTC 2020 /home/travis/build/icyphy/ptII/ptolemy/domains/continuous/test/auto/Brownian.xml
----------------- Instantiating /home/travis/build/icyphy/ptII/ptolemy/domains/continuous/test/auto/Brownian.xml
17 ms. Memory: 159744K Free: 101547K (64%)
----------------- Invoking toplevel() on ptolemy.moml.MoMLSimpleApplication@69ba31a3
----------------- Done invoking toplevel() on ptolemy.moml.MoMLSimpleApplication@69ba31a3
reloadAllAccessors: .Brownian

===========================================================================================
----------------- testing Mon Jul 20 15:07:17 UTC 2020 /home/travis/build/icyphy/ptII/ptolemy/domains/continuous/test/auto/CarTracking.xml
----------------- Instantiating /home/travis/build/icyphy/ptII/ptolemy/domains/continuous/test/auto/CarTracking.xml
3291 ms. Memory: 192512K Free: 106757K (55%)
----------------- Invoking toplevel() on ptolemy.moml.MoMLSimpleApplication@192d51ce
----------------- Done invoking toplevel() on ptolemy.moml.MoMLSimpleApplication@192d51ce
reloadAllAccessors: .CarTracking

===========================================================================================
----------------- testing Mon Jul 20 15:07:21 UTC 2020 /home/travis/build/icyphy/ptII/ptolemy/domains/continuous/test/auto/CartPendulum.xml
----------------- Instantiating /home/travis/build/icyphy/ptII/ptolemy/domains/continuous/test/auto/CartPendulum.xml
448 ms. Memory: 231424K Free: 163838K (71%)
----------------- Invoking toplevel() on ptolemy.moml.MoMLSimpleApplication@28e2ec20
----------------- Done invoking toplevel() on ptolemy.moml.MoMLSimpleApplication@28e2ec20
reloadAllAccessors: .CartPendulum

===========================================================================================
----------------- testing Mon Jul 20 15:07:21 UTC 2020 /home/travis/build/icyphy/ptII/ptolemy/domains/continuous/test/auto/CausalityInterface10.xml
----------------- Instantiating /home/travis/build/icyphy/ptII/ptolemy/domains/continuous/test/auto/CausalityInterface10.xml
7 ms. Memory: 231424K Free: 153084K (66%)
----------------- Invoking toplevel() on ptolemy.moml.MoMLSimpleApplication@7ecd7054
----------------- Done invoking toplevel() on ptolemy.moml.MoMLSimpleApplication@7ecd7054
reloadAllAccessors: .CausalityInterface10

===========================================================================================
----------------- testing Mon Jul 20 15:07:22 UTC 2020 /home/travis/build/icyphy/ptII/ptolemy/domains/continuous/test/auto/CausalityInterface11.xml
----------------- Instantiating /home/travis/build/icyphy/ptII/ptolemy/domains/continuous/test/auto/CausalityInterface11.xml
9 ms. Memory: 231424K Free: 146926K (63%)
----------------- Invoking toplevel() on ptolemy.moml.MoMLSimpleApplication@239d03e0
----------------- Done invoking toplevel() on ptolemy.moml.MoMLSimpleApplication@239d03e0
reloadAllAccessors: .CausalityInterface11

===========================================================================================
----------------- testing Mon Jul 20 15:07:22 UTC 2020 /home/travis/build/icyphy/ptII/ptolemy/domains/continuous/test/auto/CausalityInterface12.xml
----------------- Instantiating /home/travis/build/icyphy/ptII/ptolemy/domains/continuous/test/auto/CausalityInterface12.xml
10 ms. Memory: 231424K Free: 140782K (61%)
----------------- Invoking toplevel() on ptolemy.moml.MoMLSimpleApplication@7fe0f88b
----------------- Done invoking toplevel() on ptolemy.moml.MoMLSimpleApplication@7fe0f88b
reloadAllAccessors: .CausalityInterface12

===========================================================================================
----------------- testing Mon Jul 20 15:07:22 UTC 2020 /home/travis/build/icyphy/ptII/ptolemy/domains/continuous/test/auto/CausalityInterface13.xml
----------------- Instantiating /home/travis/build/icyphy/ptII/ptolemy/domains/continuous/test/auto/CausalityInterface13.xml
9 ms. Memory: 231424K Free: 134638K (58%)
----------------- Invoking toplevel() on ptolemy.moml.MoMLSimpleApplication@6b4b2a39
----------------- Done invoking toplevel() on ptolemy.moml.MoMLSimpleApplication@6b4b2a39
reloadAllAccessors: .CausalityInterface13

===========================================================================================
----------------- testing Mon Jul 20 15:07:22 UTC 2020 /home/travis/build/icyphy/ptII/ptolemy/domains/continuous/test/auto/CausalityInterface14.xml
----------------- Instantiating /home/travis/build/icyphy/ptII/ptolemy/domains/continuous/test/auto/CausalityInterface14.xml
10 ms. Memory: 231424K Free: 129022K (56%)
----------------- Invoking toplevel() on ptolemy.moml.MoMLSimpleApplication@7b76b72a
----------------- Done invoking toplevel() on ptolemy.moml.MoMLSimpleApplication@7b76b72a
reloadAllAccessors: .CausalityInterface14

===========================================================================================
----------------- testing Mon Jul 20 15:07:22 UTC 2020 /home/travis/build/icyphy/ptII/ptolemy/domains/continuous/test/auto/CausalityInterface4.xml
----------------- Instantiating /home/travis/build/icyphy/ptII/ptolemy/domains/continuous/test/auto/CausalityInterface4.xml
6 ms. Memory: 231424K Free: 122364K (53%)
----------------- Invoking toplevel() on ptolemy.moml.MoMLSimpleApplication@5d2da686
----------------- Done invoking toplevel() on ptolemy.moml.MoMLSimpleApplication@5d2da686
reloadAllAccessors: .CausalityInterface4

===========================================================================================
----------------- testing Mon Jul 20 15:07:22 UTC 2020 /home/travis/build/icyphy/ptII/ptolemy/domains/continuous/test/auto/CausalityInterface5.xml
----------------- Instantiating /home/travis/build/icyphy/ptII/ptolemy/domains/continuous/test/auto/CausalityInterface5.xml
4 ms. Memory: 231424K Free: 114172K (49%)
----------------- Invoking toplevel() on ptolemy.moml.MoMLSimpleApplication@5a49c7a2
----------------- Done invoking toplevel() on ptolemy.moml.MoMLSimpleApplication@5a49c7a2
reloadAllAccessors: .CausalityInterface5

===========================================================================================
----------------- testing Mon Jul 20 15:07:22 UTC 2020 /home/travis/build/icyphy/ptII/ptolemy/domains/continuous/test/auto/CausalityInterface6.xml
----------------- Instantiating /home/travis/build/icyphy/ptII/ptolemy/domains/continuous/test/auto/CausalityInterface6.xml
6 ms. Memory: 231424K Free: 108542K (47%)
----------------- Invoking toplevel() on ptolemy.moml.MoMLSimpleApplication@5ebd6ce
----------------- Done invoking toplevel() on ptolemy.moml.MoMLSimpleApplication@5ebd6ce
reloadAllAccessors: .CausalityInterface6

===========================================================================================
----------------- testing Mon Jul 20 15:07:22 UTC 2020 /home/travis/build/icyphy/ptII/ptolemy/domains/continuous/test/auto/CausalityInterface7.xml
----------------- Instantiating /home/travis/build/icyphy/ptII/ptolemy/domains/continuous/test/auto/CausalityInterface7.xml
7 ms. Memory: 231424K Free: 100350K (43%)
----------------- Invoking toplevel() on ptolemy.moml.MoMLSimpleApplication@6fd1088b
----------------- Done invoking toplevel() on ptolemy.moml.MoMLSimpleApplication@6fd1088b
reloadAllAccessors: .CausalityInterface7

===========================================================================================
----------------- testing Mon Jul 20 15:07:22 UTC 2020 /home/travis/build/icyphy/ptII/ptolemy/domains/continuous/test/auto/CausalityInterface8.xml
----------------- Instantiating /home/travis/build/icyphy/ptII/ptolemy/domains/continuous/test/auto/CausalityInterface8.xml
9 ms. Memory: 231424K Free: 90620K (39%)
----------------- Invoking toplevel() on ptolemy.moml.MoMLSimpleApplication@4a3bc895
----------------- Done invoking toplevel() on ptolemy.moml.MoMLSimpleApplication@4a3bc895
reloadAllAccessors: .CausalityInterface8

===========================================================================================
----------------- testing Mon Jul 20 15:07:22 UTC 2020 /home/travis/build/icyphy/ptII/ptolemy/domains/continuous/test/auto/CausalityInterface9.xml
----------------- Instantiating /home/travis/build/icyphy/ptII/ptolemy/domains/continuous/test/auto/CausalityInterface9.xml
11 ms. Memory: 231424K Free: 216297K (93%)
----------------- Invoking toplevel() on ptolemy.moml.MoMLSimpleApplication@577b17ae
----------------- Done invoking toplevel() on ptolemy.moml.MoMLSimpleApplication@577b17ae
reloadAllAccessors: .CausalityInterface9

===========================================================================================
----------------- testing Mon Jul 20 15:07:22 UTC 2020 /home/travis/build/icyphy/ptII/ptolemy/domains/continuous/test/auto/CausalityInterfaceFeedback1.xml
----------------- Instantiating /home/travis/build/icyphy/ptII/ptolemy/domains/continuous/test/auto/CausalityInterfaceFeedback1.xml
5 ms. Memory: 231424K Free: 208871K (90%)
----------------- Invoking toplevel() on ptolemy.moml.MoMLSimpleApplication@4f65d355
----------------- Done invoking toplevel() on ptolemy.moml.MoMLSimpleApplication@4f65d355
reloadAllAccessors: .CausalityInterfaceFeedback1

===========================================================================================
----------------- testing Mon Jul 20 15:07:22 UTC 2020 /home/travis/build/icyphy/ptII/ptolemy/domains/continuous/test/auto/CausalityInterfaceFeedback2.xml
----------------- Instantiating /home/travis/build/icyphy/ptII/ptolemy/domains/continuous/test/auto/CausalityInterfaceFeedback2.xml
4 ms. Memory: 231424K Free: 202231K (87%)
----------------- Invoking toplevel() on ptolemy.moml.MoMLSimpleApplication@184a7c20
----------------- Done invoking toplevel() on ptolemy.moml.MoMLSimpleApplication@184a7c20
reloadAllAccessors: .CausalityInterfaceFeedback2

===========================================================================================
----------------- testing Mon Jul 20 15:07:22 UTC 2020 /home/travis/build/icyphy/ptII/ptolemy/domains/continuous/test/auto/CompareWithCurrentTime.xml
----------------- Instantiating /home/travis/build/icyphy/ptII/ptolemy/domains/continuous/test/auto/CompareWithCurrentTime.xml
4 ms. Memory: 231424K Free: 198645K (86%)
----------------- Invoking toplevel() on ptolemy.moml.MoMLSimpleApplication@55d9e9c4
----------------- Done invoking toplevel() on ptolemy.moml.MoMLSimpleApplication@55d9e9c4
reloadAllAccessors: .CompareWithCurrentTime

===========================================================================================
----------------- testing Mon Jul 20 15:07:22 UTC 2020 /home/travis/build/icyphy/ptII/ptolemy/domains/continuous/test/auto/ComparedClocks.xml
----------------- Instantiating /home/travis/build/icyphy/ptII/ptolemy/domains/continuous/test/auto/ComparedClocks.xml
6 ms. Memory: 231424K Free: 183271K (79%)
----------------- Invoking toplevel() on ptolemy.moml.MoMLSimpleApplication@18293e9d
----------------- Done invoking toplevel() on ptolemy.moml.MoMLSimpleApplication@18293e9d
reloadAllAccessors: .ComparedClocks

===========================================================================================
----------------- testing Mon Jul 20 15:07:22 UTC 2020 /home/travis/build/icyphy/ptII/ptolemy/domains/continuous/test/auto/ContinuousAOCClone.xml
----------------- Instantiating /home/travis/build/icyphy/ptII/ptolemy/domains/continuous/test/auto/ContinuousAOCClone.xml
2307 ms. Memory: 231424K Free: 196757K (85%)
----------------- Invoking toplevel() on ptolemy.moml.MoMLSimpleApplication@1ea4644d
----------------- Done invoking toplevel() on ptolemy.moml.MoMLSimpleApplication@1ea4644d
reloadAllAccessors: .ContinuousAOCClone

===========================================================================================
----------------- testing Mon Jul 20 15:07:25 UTC 2020 /home/travis/build/icyphy/ptII/ptolemy/domains/continuous/test/auto/ContinuousClock.xml
----------------- Instantiating /home/travis/build/icyphy/ptII/ptolemy/domains/continuous/test/auto/ContinuousClock.xml
34 ms. Memory: 231424K Free: 174725K (75%)
----------------- Invoking toplevel() on ptolemy.moml.MoMLSimpleApplication@5f5f27e3
----------------- Done invoking toplevel() on ptolemy.moml.MoMLSimpleApplication@5f5f27e3
reloadAllAccessors: .ContinuousClock

===========================================================================================
----------------- testing Mon Jul 20 15:07:25 UTC 2020 /home/travis/build/icyphy/ptII/ptolemy/domains/continuous/test/auto/ContinuousInContinuous.xml
----------------- Instantiating /home/travis/build/icyphy/ptII/ptolemy/domains/continuous/test/auto/ContinuousInContinuous.xml
40 ms. Memory: 231424K Free: 151181K (65%)
----------------- Invoking toplevel() on ptolemy.moml.MoMLSimpleApplication@5bf9357e
----------------- Done invoking toplevel() on ptolemy.moml.MoMLSimpleApplication@5bf9357e
reloadAllAccessors: .ContinuousInContinuous

===========================================================================================
----------------- testing Mon Jul 20 15:07:25 UTC 2020 /home/travis/build/icyphy/ptII/ptolemy/domains/continuous/test/auto/ContinuousInContinuousInContinuous.xml
----------------- Instantiating /home/travis/build/icyphy/ptII/ptolemy/domains/continuous/test/auto/ContinuousInContinuousInContinuous.xml
10 ms. Memory: 231424K Free: 143509K (62%)
----------------- Invoking toplevel() on ptolemy.moml.MoMLSimpleApplication@793445bb
----------------- Done invoking toplevel() on ptolemy.moml.MoMLSimpleApplication@793445bb
reloadAllAccessors: .ContinuousInContinuousInContinuous

===========================================================================================
----------------- testing Mon Jul 20 15:07:25 UTC 2020 /home/travis/build/icyphy/ptII/ptolemy/domains/continuous/test/auto/ContinuousInDE.xml
----------------- Instantiating /home/travis/build/icyphy/ptII/ptolemy/domains/continuous/test/auto/ContinuousInDE.xml
85 ms. Memory: 231424K Free: 132755K (57%)
----------------- Invoking toplevel() on ptolemy.moml.MoMLSimpleApplication@351c9937
----------------- Done invoking toplevel() on ptolemy.moml.MoMLSimpleApplication@351c9937
reloadAllAccessors: .ContinuousInDE

===========================================================================================
----------------- testing Mon Jul 20 15:07:25 UTC 2020 /home/travis/build/icyphy/ptII/ptolemy/domains/continuous/test/auto/ContinuousInDE2.xml
----------------- Instantiating /home/travis/build/icyphy/ptII/ptolemy/domains/continuous/test/auto/ContinuousInDE2.xml
33 ms. Memory: 231424K Free: 123029K (53%)
----------------- Invoking toplevel() on ptolemy.moml.MoMLSimpleApplication@2164571b
----------------- Done invoking toplevel() on ptolemy.moml.MoMLSimpleApplication@2164571b
reloadAllAccessors: .ContinuousInDE2

===========================================================================================
----------------- testing Mon Jul 20 15:07:25 UTC 2020 /home/travis/build/icyphy/ptII/ptolemy/domains/continuous/test/auto/ContinuousInDE3.xml
----------------- Instantiating /home/travis/build/icyphy/ptII/ptolemy/domains/continuous/test/auto/ContinuousInDE3.xml
32 ms. Memory: 231424K Free: 113299K (49%)
----------------- Invoking toplevel() on ptolemy.moml.MoMLSimpleApplication@260fe24
----------------- Done invoking toplevel() on ptolemy.moml.MoMLSimpleApplication@260fe24
reloadAllAccessors: .ContinuousInDE3

===========================================================================================
----------------- testing Mon Jul 20 15:07:25 UTC 2020 /home/travis/build/icyphy/ptII/ptolemy/domains/continuous/test/auto/ContinuousInDE4.xml
----------------- Instantiating /home/travis/build/icyphy/ptII/ptolemy/domains/continuous/test/auto/ContinuousInDE4.xml
10 ms. Memory: 231424K Free: 107155K (46%)
----------------- Invoking toplevel() on ptolemy.moml.MoMLSimpleApplication@2cb4152
----------------- Done invoking toplevel() on ptolemy.moml.MoMLSimpleApplication@2cb4152
reloadAllAccessors: .ContinuousInDE4

===========================================================================================
----------------- testing Mon Jul 20 15:07:25 UTC 2020 /home/travis/build/icyphy/ptII/ptolemy/domains/continuous/test/auto/ContinuousInDEDifferentRefinements.xml
----------------- Instantiating /home/travis/build/icyphy/ptII/ptolemy/domains/continuous/test/auto/ContinuousInDEDifferentRefinements.xml
60 ms. Memory: 278528K Free: 260153K (93%)
----------------- Invoking toplevel() on ptolemy.moml.MoMLSimpleApplication@1732592f
----------------- Done invoking toplevel() on ptolemy.moml.MoMLSimpleApplication@1732592f
reloadAllAccessors: .ContinuousInDEDifferentRefinements

===========================================================================================
----------------- testing Mon Jul 20 15:07:25 UTC 2020 /home/travis/build/icyphy/ptII/ptolemy/domains/continuous/test/auto/ContinuousInDEDifferentRefinementsPreemptive.xml
----------------- Instantiating /home/travis/build/icyphy/ptII/ptolemy/domains/continuous/test/auto/ContinuousInDEDifferentRefinementsPreemptive.xml
65 ms. Memory: 278528K Free: 229424K (82%)
----------------- Invoking toplevel() on ptolemy.moml.MoMLSimpleApplication@25b44589
----------------- Done invoking toplevel() on ptolemy.moml.MoMLSimpleApplication@25b44589
reloadAllAccessors: .ContinuousInDEDifferentRefinementsPreemptive

===========================================================================================
----------------- testing Mon Jul 20 15:07:25 UTC 2020 /home/travis/build/icyphy/ptII/ptolemy/domains/continuous/test/auto/ContinuousInDEInContinuous2.xml
----------------- Instantiating /home/travis/build/icyphy/ptII/ptolemy/domains/continuous/test/auto/ContinuousInDEInContinuous2.xml
42 ms. Memory: 278528K Free: 218160K (78%)
----------------- Invoking toplevel() on ptolemy.moml.MoMLSimpleApplication@862ed5e
----------------- Done invoking toplevel() on ptolemy.moml.MoMLSimpleApplication@862ed5e
reloadAllAccessors: .ContinuousInDEInContinuous2

===========================================================================================
----------------- testing Mon Jul 20 15:07:25 UTC 2020 /home/travis/build/icyphy/ptII/ptolemy/domains/continuous/test/auto/ContinuousInDEInContinuous3.xml
----------------- Instantiating /home/travis/build/icyphy/ptII/ptolemy/domains/continuous/test/auto/ContinuousInDEInContinuous3.xml
35 ms. Memory: 278528K Free: 206382K (74%)
----------------- Invoking toplevel() on ptolemy.moml.MoMLSimpleApplication@33e50153
----------------- Done invoking toplevel() on ptolemy.moml.MoMLSimpleApplication@33e50153
reloadAllAccessors: .ContinuousInDEInContinuous3

===========================================================================================
----------------- testing Mon Jul 20 15:07:25 UTC 2020 /home/travis/build/icyphy/ptII/ptolemy/domains/continuous/test/auto/ContinuousInDEInput.xml
----------------- Instantiating /home/travis/build/icyphy/ptII/ptolemy/domains/continuous/test/auto/ContinuousInDEInput.xml
13 ms. Memory: 278528K Free: 199214K (72%)
----------------- Invoking toplevel() on ptolemy.moml.MoMLSimpleApplication@61c45119
----------------- Done invoking toplevel() on ptolemy.moml.MoMLSimpleApplication@61c45119
reloadAllAccessors: .ContinuousInDEInput

===========================================================================================
----------------- testing Mon Jul 20 15:07:25 UTC 2020 /home/travis/build/icyphy/ptII/ptolemy/domains/continuous/test/auto/ContinuousInDEInput2.xml
----------------- Instantiating /home/travis/build/icyphy/ptII/ptolemy/domains/continuous/test/auto/ContinuousInDEInput2.xml
17 ms. Memory: 278528K Free: 192046K (69%)
----------------- Invoking toplevel() on ptolemy.moml.MoMLSimpleApplication@191a45af
----------------- Done invoking toplevel() on ptolemy.moml.MoMLSimpleApplication@191a45af
reloadAllAccessors: .ContinuousInDEInput2

===========================================================================================
----------------- testing Mon Jul 20 15:07:25 UTC 2020 /home/travis/build/icyphy/ptII/ptolemy/domains/continuous/test/auto/ContinuousInDEInput3.xml
----------------- Instantiating /home/travis/build/icyphy/ptII/ptolemy/domains/continuous/test/auto/ContinuousInDEInput3.xml
13 ms. Memory: 278528K Free: 184878K (66%)
----------------- Invoking toplevel() on ptolemy.moml.MoMLSimpleApplication@1d6c08a8
----------------- Done invoking toplevel() on ptolemy.moml.MoMLSimpleApplication@1d6c08a8
reloadAllAccessors: .ContinuousInDEInput3

===========================================================================================
----------------- testing Mon Jul 20 15:07:25 UTC 2020 /home/travis/build/icyphy/ptII/ptolemy/domains/continuous/test/auto/ContinuousInDESharingRefinement.xml
----------------- Instantiating /home/travis/build/icyphy/ptII/ptolemy/domains/continuous/test/auto/ContinuousInDESharingRefinement.xml
159 ms. Memory: 278528K Free: 256625K (92%)
----------------- Invoking toplevel() on ptolemy.moml.MoMLSimpleApplication@1f7801e6
----------------- Done invoking toplevel() on ptolemy.moml.MoMLSimpleApplication@1f7801e6
reloadAllAccessors: .ContinuousInDESharingRefinement

===========================================================================================
----------------- testing Mon Jul 20 15:07:26 UTC 2020 /home/travis/build/icyphy/ptII/ptolemy/domains/continuous/test/auto/ContinuousInDEwithNoPorts.xml
----------------- Instantiating /home/travis/build/icyphy/ptII/ptolemy/domains/continuous/test/auto/ContinuousInDEwithNoPorts.xml
2 ms. Memory: 278528K Free: 252033K (90%)
----------------- Invoking toplevel() on ptolemy.moml.MoMLSimpleApplication@14551da3
----------------- Done invoking toplevel() on ptolemy.moml.MoMLSimpleApplication@14551da3
reloadAllAccessors: .ContinuousInDEwithNoPorts

===========================================================================================
----------------- testing Mon Jul 20 15:07:26 UTC 2020 /home/travis/build/icyphy/ptII/ptolemy/domains/continuous/test/auto/ContinuousInsideDE.xml
----------------- Instantiating /home/travis/build/icyphy/ptII/ptolemy/domains/continuous/test/auto/ContinuousInsideDE.xml
33 ms. Memory: 278528K Free: 240769K (86%)
----------------- Invoking toplevel() on ptolemy.moml.MoMLSimpleApplication@5c9d12c7
----------------- Done invoking toplevel() on ptolemy.moml.MoMLSimpleApplication@5c9d12c7
reloadAllAccessors: .ContinuousInsideDE

===========================================================================================
----------------- testing Mon Jul 20 15:07:26 UTC 2020 /home/travis/build/icyphy/ptII/ptolemy/domains/continuous/test/auto/ContinuousMerge1.xml
----------------- Instantiating /home/travis/build/icyphy/ptII/ptolemy/domains/continuous/test/auto/ContinuousMerge1.xml
3 ms. Memory: 278528K Free: 236129K (85%)
----------------- Invoking toplevel() on ptolemy.moml.MoMLSimpleApplication@2f164f58
----------------- Done invoking toplevel() on ptolemy.moml.MoMLSimpleApplication@2f164f58
reloadAllAccessors: .ContinuousMerge1

===========================================================================================
----------------- testing Mon Jul 20 15:07:26 UTC 2020 /home/travis/build/icyphy/ptII/ptolemy/domains/continuous/test/auto/ContinuousMerge2.xml
----------------- Instantiating /home/travis/build/icyphy/ptII/ptolemy/domains/continuous/test/auto/ContinuousMerge2.xml
14 ms. Memory: 278528K Free: 225919K (81%)
----------------- Invoking toplevel() on ptolemy.moml.MoMLSimpleApplication@d71c263
----------------- Done invoking toplevel() on ptolemy.moml.MoMLSimpleApplication@d71c263
reloadAllAccessors: .ContinuousMerge2

===========================================================================================
----------------- testing Mon Jul 20 15:07:26 UTC 2020 /home/travis/build/icyphy/ptII/ptolemy/domains/continuous/test/auto/ContinuousMerge3.xml
----------------- Instantiating /home/travis/build/icyphy/ptII/ptolemy/domains/continuous/test/auto/ContinuousMerge3.xml
39 ms. Memory: 278528K Free: 215169K (77%)
----------------- Invoking toplevel() on ptolemy.moml.MoMLSimpleApplication@6a719cf0
----------------- Done invoking toplevel() on ptolemy.moml.MoMLSimpleApplication@6a719cf0
reloadAllAccessors: .ContinuousMerge3

===========================================================================================
----------------- testing Mon Jul 20 15:07:26 UTC 2020 /home/travis/build/icyphy/ptII/ptolemy/domains/continuous/test/auto/ContinuousWithinContinuous.xml
----------------- Instantiating /home/travis/build/icyphy/ptII/ptolemy/domains/continuous/test/auto/ContinuousWithinContinuous.xml
36 ms. Memory: 278528K Free: 205439K (74%)
----------------- Invoking toplevel() on ptolemy.moml.MoMLSimpleApplication@2a335fa1
----------------- Done invoking toplevel() on ptolemy.moml.MoMLSimpleApplication@2a335fa1
reloadAllAccessors: .ContinuousWithinContinuous

===========================================================================================
----------------- testing Mon Jul 20 15:07:26 UTC 2020 /home/travis/build/icyphy/ptII/ptolemy/domains/continuous/test/auto/ContinuousWithinContinuous2.xml
----------------- Instantiating /home/travis/build/icyphy/ptII/ptolemy/domains/continuous/test/auto/ContinuousWithinContinuous2.xml
57 ms. Memory: 278528K Free: 194689K (70%)
----------------- Invoking toplevel() on ptolemy.moml.MoMLSimpleApplication@7d64cc6b
----------------- Done invoking toplevel() on ptolemy.moml.MoMLSimpleApplication@7d64cc6b
reloadAllAccessors: .ContinuousWithinContinuous2

===========================================================================================
----------------- testing Mon Jul 20 15:07:26 UTC 2020 /home/travis/build/icyphy/ptII/ptolemy/domains/continuous/test/auto/ContinuousWithinContinuous3.xml
----------------- Instantiating /home/travis/build/icyphy/ptII/ptolemy/domains/continuous/test/auto/ContinuousWithinContinuous3.xml
15 ms. Memory: 278528K Free: 187521K (67%)
----------------- Invoking toplevel() on ptolemy.moml.MoMLSimpleApplication@43780bc2
----------------- Done invoking toplevel() on ptolemy.moml.MoMLSimpleApplication@43780bc2
reloadAllAccessors: .ContinuousWithinContinuous3

===========================================================================================
----------------- testing Mon Jul 20 15:07:26 UTC 2020 /home/travis/build/icyphy/ptII/ptolemy/domains/continuous/test/auto/ContinuousWithinContinuous4.xml
----------------- Instantiating /home/travis/build/icyphy/ptII/ptolemy/domains/continuous/test/auto/ContinuousWithinContinuous4.xml
61 ms. Memory: 278528K Free: 174719K (63%)
----------------- Invoking toplevel() on ptolemy.moml.MoMLSimpleApplication@40e1195d
----------------- Done invoking toplevel() on ptolemy.moml.MoMLSimpleApplication@40e1195d
reloadAllAccessors: .ContinuousWithinContinuous4

===========================================================================================
----------------- testing Mon Jul 20 15:07:26 UTC 2020 /home/travis/build/icyphy/ptII/ptolemy/domains/continuous/test/auto/ContinuousWithinContinuous5.xml
----------------- Instantiating /home/travis/build/icyphy/ptII/ptolemy/domains/continuous/test/auto/ContinuousWithinContinuous5.xml
11 ms. Memory: 278528K Free: 167551K (60%)
----------------- Invoking toplevel() on ptolemy.moml.MoMLSimpleApplication@75de4b6f
----------------- Done invoking toplevel() on ptolemy.moml.MoMLSimpleApplication@75de4b6f
reloadAllAccessors: .ContinuousWithinContinuous5

===========================================================================================
----------------- testing Mon Jul 20 15:07:26 UTC 2020 /home/travis/build/icyphy/ptII/ptolemy/domains/continuous/test/auto/ContinuousWithinContinuous6.xml
----------------- Instantiating /home/travis/build/icyphy/ptII/ptolemy/domains/continuous/test/auto/ContinuousWithinContinuous6.xml
10 ms. Memory: 278528K Free: 160383K (58%)
----------------- Invoking toplevel() on ptolemy.moml.MoMLSimpleApplication@25b99adf
----------------- Done invoking toplevel() on ptolemy.moml.MoMLSimpleApplication@25b99adf
reloadAllAccessors: .ContinuousWithinContinuous6

===========================================================================================
----------------- testing Mon Jul 20 15:07:26 UTC 2020 /home/travis/build/icyphy/ptII/ptolemy/domains/continuous/test/auto/ContinuousWithinContinuous7.xml
----------------- Instantiating /home/travis/build/icyphy/ptII/ptolemy/domains/continuous/test/auto/ContinuousWithinContinuous7.xml
55 ms. Memory: 278528K Free: 149119K (54%)
----------------- Invoking toplevel() on ptolemy.moml.MoMLSimpleApplication@3532a965
----------------- Done invoking toplevel() on ptolemy.moml.MoMLSimpleApplication@3532a965
reloadAllAccessors: .ContinuousWithinContinuous7

===========================================================================================
----------------- testing Mon Jul 20 15:07:26 UTC 2020 /home/travis/build/icyphy/ptII/ptolemy/domains/continuous/test/auto/DCMotor.xml
----------------- Instantiating /home/travis/build/icyphy/ptII/ptolemy/domains/continuous/test/auto/DCMotor.xml
13319 ms. Memory: 278528K Free: 190711K (68%)
----------------- Invoking toplevel() on ptolemy.moml.MoMLSimpleApplication@7a918e22
----------------- Done invoking toplevel() on ptolemy.moml.MoMLSimpleApplication@7a918e22
reloadAllAccessors: .DCMotor

===========================================================================================
----------------- testing Mon Jul 20 15:07:40 UTC 2020 /home/travis/build/icyphy/ptII/ptolemy/domains/continuous/test/auto/DEInContinuous.xml
----------------- Instantiating /home/travis/build/icyphy/ptII/ptolemy/domains/continuous/test/auto/DEInContinuous.xml
8 ms. Memory: 278528K Free: 184581K (66%)
----------------- Invoking toplevel() on ptolemy.moml.MoMLSimpleApplication@70645060
----------------- Done invoking toplevel() on ptolemy.moml.MoMLSimpleApplication@70645060
reloadAllAccessors: .DEInContinuous

===========================================================================================
----------------- testing Mon Jul 20 15:07:40 UTC 2020 /home/travis/build/icyphy/ptII/ptolemy/domains/continuous/test/auto/DEinContinuous2.xml
----------------- Instantiating /home/travis/build/icyphy/ptII/ptolemy/domains/continuous/test/auto/DEinContinuous2.xml
9 ms. Memory: 278528K Free: 176375K (63%)
----------------- Invoking toplevel() on ptolemy.moml.MoMLSimpleApplication@55beb2d9
----------------- Done invoking toplevel() on ptolemy.moml.MoMLSimpleApplication@55beb2d9
reloadAllAccessors: .DEinContinuous2

===========================================================================================
----------------- testing Mon Jul 20 15:07:40 UTC 2020 /home/travis/build/icyphy/ptII/ptolemy/domains/continuous/test/auto/Derivative.xml
----------------- Instantiating /home/travis/build/icyphy/ptII/ptolemy/domains/continuous/test/auto/Derivative.xml
137 ms. Memory: 278528K Free: 147207K (53%)
----------------- Invoking toplevel() on ptolemy.moml.MoMLSimpleApplication@6b0530b9
----------------- Done invoking toplevel() on ptolemy.moml.MoMLSimpleApplication@6b0530b9
reloadAllAccessors: .Derivative2

===========================================================================================
----------------- testing Mon Jul 20 15:07:40 UTC 2020 /home/travis/build/icyphy/ptII/ptolemy/domains/continuous/test/auto/Derivative1.xml
----------------- Instantiating /home/travis/build/icyphy/ptII/ptolemy/domains/continuous/test/auto/Derivative1.xml
16 ms. Memory: 278528K Free: 132871K (48%)
----------------- Invoking toplevel() on ptolemy.moml.MoMLSimpleApplication@508e5c8c
----------------- Done invoking toplevel() on ptolemy.moml.MoMLSimpleApplication@508e5c8c
reloadAllAccessors: .Derivative1

===========================================================================================
----------------- testing Mon Jul 20 15:07:40 UTC 2020 /home/travis/build/icyphy/ptII/ptolemy/domains/continuous/test/auto/DiscreteClock.xml
----------------- Instantiating /home/travis/build/icyphy/ptII/ptolemy/domains/continuous/test/auto/DiscreteClock.xml
3 ms. Memory: 278528K Free: 127751K (46%)
----------------- Invoking toplevel() on ptolemy.moml.MoMLSimpleApplication@7786925b
----------------- Done invoking toplevel() on ptolemy.moml.MoMLSimpleApplication@7786925b
reloadAllAccessors: .DiscreteClock

===========================================================================================
----------------- testing Mon Jul 20 15:07:40 UTC 2020 /home/travis/build/icyphy/ptII/ptolemy/domains/continuous/test/auto/EfficiencyCurve.xml
----------------- Instantiating /home/travis/build/icyphy/ptII/ptolemy/domains/continuous/test/auto/EfficiencyCurve.xml
42 ms. Memory: 278528K Free: 118535K (43%)
----------------- Invoking toplevel() on ptolemy.moml.MoMLSimpleApplication@7c75d2fe
----------------- Done invoking toplevel() on ptolemy.moml.MoMLSimpleApplication@7c75d2fe
reloadAllAccessors: .EfficiencyCurve

===========================================================================================
----------------- testing Mon Jul 20 15:07:40 UTC 2020 /home/travis/build/icyphy/ptII/ptolemy/domains/continuous/test/auto/ExponentialResponse.xml
----------------- Instantiating /home/travis/build/icyphy/ptII/ptolemy/domains/continuous/test/auto/ExponentialResponse.xml
110 ms. Memory: 278528K Free: 102661K (37%)
----------------- Invoking toplevel() on ptolemy.moml.MoMLSimpleApplication@6154075b
----------------- Done invoking toplevel() on ptolemy.moml.MoMLSimpleApplication@6154075b
reloadAllAccessors: .ExponentialResponse

===========================================================================================
----------------- testing Mon Jul 20 15:07:40 UTC 2020 /home/travis/build/icyphy/ptII/ptolemy/domains/continuous/test/auto/ExponentialResponseRK45.xml
----------------- Instantiating /home/travis/build/icyphy/ptII/ptolemy/domains/continuous/test/auto/ExponentialResponseRK45.xml
25 ms. Memory: 278528K Free: 261171K (94%)
----------------- Invoking toplevel() on ptolemy.moml.MoMLSimpleApplication@4e3d6b10
----------------- Done invoking toplevel() on ptolemy.moml.MoMLSimpleApplication@4e3d6b10
reloadAllAccessors: .ExponentialResponseRK45

===========================================================================================
----------------- testing Mon Jul 20 15:07:40 UTC 2020 /home/travis/build/icyphy/ptII/ptolemy/domains/continuous/test/auto/Friction.xml
----------------- Instantiating /home/travis/build/icyphy/ptII/ptolemy/domains/continuous/test/auto/Friction.xml
1477 ms. Memory: 278528K Free: 160275K (58%)
----------------- Invoking toplevel() on ptolemy.moml.MoMLSimpleApplication@41f7dd0c
----------------- Done invoking toplevel() on ptolemy.moml.MoMLSimpleApplication@41f7dd0c
reloadAllAccessors: .Friction

===========================================================================================
----------------- testing Mon Jul 20 15:07:42 UTC 2020 /home/travis/build/icyphy/ptII/ptolemy/domains/continuous/test/auto/FurutaPendulum.xml
----------------- Instantiating /home/travis/build/icyphy/ptII/ptolemy/domains/continuous/test/auto/FurutaPendulum.xml
3200 ms. Memory: 278528K Free: 142513K (51%)
----------------- Invoking toplevel() on ptolemy.moml.MoMLSimpleApplication@129846be
----------------- Done invoking toplevel() on ptolemy.moml.MoMLSimpleApplication@129846be
reloadAllAccessors: .FurutaPendulum

===========================================================================================
----------------- testing Mon Jul 20 15:07:45 UTC 2020 /home/travis/build/icyphy/ptII/ptolemy/domains/continuous/test/auto/HierarchicalExecution.xml
----------------- Instantiating /home/travis/build/icyphy/ptII/ptolemy/domains/continuous/test/auto/HierarchicalExecution.xml
1614 ms. Memory: 278528K Free: 180147K (65%)
----------------- Invoking toplevel() on ptolemy.moml.MoMLSimpleApplication@15d87041
----------------- Done invoking toplevel() on ptolemy.moml.MoMLSimpleApplication@15d87041
reloadAllAccessors: .HierarchicalExecution

===========================================================================================
----------------- testing Mon Jul 20 15:07:47 UTC 2020 /home/travis/build/icyphy/ptII/ptolemy/domains/continuous/test/auto/HybridPlant.xml
----------------- Instantiating /home/travis/build/icyphy/ptII/ptolemy/domains/continuous/test/auto/HybridPlant.xml
561 ms. Memory: 334848K Free: 136978K (41%)
----------------- Invoking toplevel() on ptolemy.moml.MoMLSimpleApplication@51d3b79e
----------------- Done invoking toplevel() on ptolemy.moml.MoMLSimpleApplication@51d3b79e
reloadAllAccessors: .HybridPlant

===========================================================================================
----------------- testing Mon Jul 20 15:07:48 UTC 2020 /home/travis/build/icyphy/ptII/ptolemy/domains/continuous/test/auto/Hysteresis.xml
----------------- Instantiating /home/travis/build/icyphy/ptII/ptolemy/domains/continuous/test/auto/Hysteresis.xml
165 ms. Memory: 334848K Free: 273187K (82%)
----------------- Invoking toplevel() on ptolemy.moml.MoMLSimpleApplication@2215f820
----------------- Done invoking toplevel() on ptolemy.moml.MoMLSimpleApplication@2215f820
reloadAllAccessors: .Hysteresis

===========================================================================================
----------------- testing Mon Jul 20 15:07:48 UTC 2020 /home/travis/build/icyphy/ptII/ptolemy/domains/continuous/test/auto/HysteresisWithRandomDelay.xml
----------------- Instantiating /home/travis/build/icyphy/ptII/ptolemy/domains/continuous/test/auto/HysteresisWithRandomDelay.xml
184 ms. Memory: 334848K Free: 201507K (60%)
----------------- Invoking toplevel() on ptolemy.moml.MoMLSimpleApplication@105f3d98
----------------- Done invoking toplevel() on ptolemy.moml.MoMLSimpleApplication@105f3d98
reloadAllAccessors: .HysteresisWithRandomDelay

===========================================================================================
----------------- testing Mon Jul 20 15:07:48 UTC 2020 /home/travis/build/icyphy/ptII/ptolemy/domains/continuous/test/auto/HysteresisWithRandomLosses.xml
----------------- Instantiating /home/travis/build/icyphy/ptII/ptolemy/domains/continuous/test/auto/HysteresisWithRandomLosses.xml
2333 ms. Memory: 334848K Free: 244894K (73%)
----------------- Invoking toplevel() on ptolemy.moml.MoMLSimpleApplication@2583ee2a
----------------- Done invoking toplevel() on ptolemy.moml.MoMLSimpleApplication@2583ee2a
reloadAllAccessors: .HysteresisWithRandomLosses

===========================================================================================
----------------- testing Mon Jul 20 15:07:51 UTC 2020 /home/travis/build/icyphy/ptII/ptolemy/domains/continuous/test/auto/ImmediateTransitions.xml
----------------- Instantiating /home/travis/build/icyphy/ptII/ptolemy/domains/continuous/test/auto/ImmediateTransitions.xml
9 ms. Memory: 334848K Free: 233630K (70%)
----------------- Invoking toplevel() on ptolemy.moml.MoMLSimpleApplication@35e47321
----------------- Done invoking toplevel() on ptolemy.moml.MoMLSimpleApplication@35e47321
reloadAllAccessors: .ImmediateTransitions

===========================================================================================
----------------- testing Mon Jul 20 15:07:51 UTC 2020 /home/travis/build/icyphy/ptII/ptolemy/domains/continuous/test/auto/ImpulseFeedback.xml
----------------- Instantiating /home/travis/build/icyphy/ptII/ptolemy/domains/continuous/test/auto/ImpulseFeedback.xml
8 ms. Memory: 334848K Free: 227996K (68%)
----------------- Invoking toplevel() on ptolemy.moml.MoMLSimpleApplication@306319db
----------------- Done invoking toplevel() on ptolemy.moml.MoMLSimpleApplication@306319db
reloadAllAccessors: .ImpulseFeedback

===========================================================================================
----------------- testing Mon Jul 20 15:07:51 UTC 2020 /home/travis/build/icyphy/ptII/ptolemy/domains/continuous/test/auto/ImpulseFeedback2.xml
----------------- Instantiating /home/travis/build/icyphy/ptII/ptolemy/domains/continuous/test/auto/ImpulseFeedback2.xml
6 ms. Memory: 334848K Free: 222366K (66%)
----------------- Invoking toplevel() on ptolemy.moml.MoMLSimpleApplication@6ed22d13
----------------- Done invoking toplevel() on ptolemy.moml.MoMLSimpleApplication@6ed22d13
reloadAllAccessors: .ImpulseFeedback2

===========================================================================================
----------------- testing Mon Jul 20 15:07:51 UTC 2020 /home/travis/build/icyphy/ptII/ptolemy/domains/continuous/test/auto/IncreasingRatePoisson.xml
----------------- Instantiating /home/travis/build/icyphy/ptII/ptolemy/domains/continuous/test/auto/IncreasingRatePoisson.xml
708 ms. Memory: 334848K Free: 304160K (91%)
----------------- Invoking toplevel() on ptolemy.moml.MoMLSimpleApplication@3e3e8765
----------------- Done invoking toplevel() on ptolemy.moml.MoMLSimpleApplication@3e3e8765
reloadAllAccessors: .IncreasingRatePoisson

===========================================================================================
----------------- testing Mon Jul 20 15:07:52 UTC 2020 /home/travis/build/icyphy/ptII/ptolemy/domains/continuous/test/auto/InitialStateFeedback.xml
----------------- Instantiating /home/travis/build/icyphy/ptII/ptolemy/domains/continuous/test/auto/InitialStateFeedback.xml
6 ms. Memory: 334848K Free: 299550K (89%)
----------------- Invoking toplevel() on ptolemy.moml.MoMLSimpleApplication@49e74ff7
----------------- Done invoking toplevel() on ptolemy.moml.MoMLSimpleApplication@49e74ff7
reloadAllAccessors: .InitialStateFeedback

===========================================================================================
----------------- testing Mon Jul 20 15:07:52 UTC 2020 /home/travis/build/icyphy/ptII/ptolemy/domains/continuous/test/auto/Integration.xml
----------------- Instantiating /home/travis/build/icyphy/ptII/ptolemy/domains/continuous/test/auto/Integration.xml
3 ms. Memory: 334848K Free: 295454K (88%)
----------------- Invoking toplevel() on ptolemy.moml.MoMLSimpleApplication@6b6c1aba
----------------- Done invoking toplevel() on ptolemy.moml.MoMLSimpleApplication@6b6c1aba
reloadAllAccessors: .Integration

===========================================================================================
----------------- testing Mon Jul 20 15:07:52 UTC 2020 /home/travis/build/icyphy/ptII/ptolemy/domains/continuous/test/auto/Integration2.xml
----------------- Instantiating /home/travis/build/icyphy/ptII/ptolemy/domains/continuous/test/auto/Integration2.xml
68 ms. Memory: 334848K Free: 281118K (84%)
----------------- Invoking toplevel() on ptolemy.moml.MoMLSimpleApplication@fd555e2
----------------- Done invoking toplevel() on ptolemy.moml.MoMLSimpleApplication@fd555e2
reloadAllAccessors: .Integration2

===========================================================================================
----------------- testing Mon Jul 20 15:07:52 UTC 2020 /home/travis/build/icyphy/ptII/ptolemy/domains/continuous/test/auto/Integration3.xml
----------------- Instantiating /home/travis/build/icyphy/ptII/ptolemy/domains/continuous/test/auto/Integration3.xml
2 ms. Memory: 334848K Free: 276512K (83%)
----------------- Invoking toplevel() on ptolemy.moml.MoMLSimpleApplication@11b95f69
----------------- Done invoking toplevel() on ptolemy.moml.MoMLSimpleApplication@11b95f69
reloadAllAccessors: .Integration3

===========================================================================================
----------------- testing Mon Jul 20 15:07:52 UTC 2020 /home/travis/build/icyphy/ptII/ptolemy/domains/continuous/test/auto/Integration5.xml
----------------- Instantiating /home/travis/build/icyphy/ptII/ptolemy/domains/continuous/test/auto/Integration5.xml
3 ms. Memory: 334848K Free: 272416K (81%)
----------------- Invoking toplevel() on ptolemy.moml.MoMLSimpleApplication@497d5db2
----------------- Done invoking toplevel() on ptolemy.moml.MoMLSimpleApplication@497d5db2
reloadAllAccessors: .Integration5

===========================================================================================
----------------- testing Mon Jul 20 15:07:52 UTC 2020 /home/travis/build/icyphy/ptII/ptolemy/domains/continuous/test/auto/IntegratorImpulse.xml
----------------- Instantiating /home/travis/build/icyphy/ptII/ptolemy/domains/continuous/test/auto/IntegratorImpulse.xml
2 ms. Memory: 334848K Free: 268320K (80%)
----------------- Invoking toplevel() on ptolemy.moml.MoMLSimpleApplication@54014caa
----------------- Done invoking toplevel() on ptolemy.moml.MoMLSimpleApplication@54014caa
reloadAllAccessors: .IntegratorImpulse

===========================================================================================
----------------- testing Mon Jul 20 15:07:52 UTC 2020 /home/travis/build/icyphy/ptII/ptolemy/domains/continuous/test/auto/IntegratorImpulse2.xml
----------------- Instantiating /home/travis/build/icyphy/ptII/ptolemy/domains/continuous/test/auto/IntegratorImpulse2.xml
7 ms. Memory: 334848K Free: 263696K (79%)
----------------- Invoking toplevel() on ptolemy.moml.MoMLSimpleApplication@45f0922f
----------------- Done invoking toplevel() on ptolemy.moml.MoMLSimpleApplication@45f0922f
reloadAllAccessors: .IntegratorImpulse2

===========================================================================================
----------------- testing Mon Jul 20 15:07:52 UTC 2020 /home/travis/build/icyphy/ptII/ptolemy/domains/continuous/test/auto/LevelCrossing1.xml
----------------- Instantiating /home/travis/build/icyphy/ptII/ptolemy/domains/continuous/test/auto/LevelCrossing1.xml
2 ms. Memory: 334848K Free: 258584K (77%)
----------------- Invoking toplevel() on ptolemy.moml.MoMLSimpleApplication@1e637bc1
----------------- Done invoking toplevel() on ptolemy.moml.MoMLSimpleApplication@1e637bc1
reloadAllAccessors: .LevelCrossing1

===========================================================================================
----------------- testing Mon Jul 20 15:07:52 UTC 2020 /home/travis/build/icyphy/ptII/ptolemy/domains/continuous/test/auto/LevelCrossing2.xml
----------------- Instantiating /home/travis/build/icyphy/ptII/ptolemy/domains/continuous/test/auto/LevelCrossing2.xml
3 ms. Memory: 334848K Free: 253470K (76%)
----------------- Invoking toplevel() on ptolemy.moml.MoMLSimpleApplication@21539cbd
----------------- Done invoking toplevel() on ptolemy.moml.MoMLSimpleApplication@21539cbd
reloadAllAccessors: .LevelCrossing2

===========================================================================================
----------------- testing Mon Jul 20 15:07:52 UTC 2020 /home/travis/build/icyphy/ptII/ptolemy/domains/continuous/test/auto/LevelCrossing3.xml
----------------- Instantiating /home/travis/build/icyphy/ptII/ptolemy/domains/continuous/test/auto/LevelCrossing3.xml
2 ms. Memory: 334848K Free: 248336K (74%)
----------------- Invoking toplevel() on ptolemy.moml.MoMLSimpleApplication@19b19772
----------------- Done invoking toplevel() on ptolemy.moml.MoMLSimpleApplication@19b19772
reloadAllAccessors: .LevelCrossing3

===========================================================================================
----------------- testing Mon Jul 20 15:07:52 UTC 2020 /home/travis/build/icyphy/ptII/ptolemy/domains/continuous/test/auto/LevelCrossing4.xml
----------------- Instantiating /home/travis/build/icyphy/ptII/ptolemy/domains/continuous/test/auto/LevelCrossing4.xml
3 ms. Memory: 334848K Free: 243224K (73%)
----------------- Invoking toplevel() on ptolemy.moml.MoMLSimpleApplication@7516d0
----------------- Done invoking toplevel() on ptolemy.moml.MoMLSimpleApplication@7516d0
reloadAllAccessors: .LevelCrossing4

===========================================================================================
----------------- testing Mon Jul 20 15:07:52 UTC 2020 /home/travis/build/icyphy/ptII/ptolemy/domains/continuous/test/auto/LevelCrossing5.xml
----------------- Instantiating /home/travis/build/icyphy/ptII/ptolemy/domains/continuous/test/auto/LevelCrossing5.xml
4 ms. Memory: 334848K Free: 238096K (71%)
----------------- Invoking toplevel() on ptolemy.moml.MoMLSimpleApplication@13bc5532
----------------- Done invoking toplevel() on ptolemy.moml.MoMLSimpleApplication@13bc5532
reloadAllAccessors: .LevelCrossing5

===========================================================================================
[...]
----------------- testing Mon Jul 20 15:08:07 UTC 2020 /home/travis/build/icyphy/ptII/ptolemy/domains/continuous/test/auto/SRinContinuous.xml
----------------- Instantiating /home/travis/build/icyphy/ptII/ptolemy/domains/continuous/test/auto/SRinContinuous.xml
8 ms. Memory: 334848K Free: 282828K (84%)
----------------- Invoking toplevel() on ptolemy.moml.MoMLSimpleApplication@309f5dd
----------------- Done invoking toplevel() on ptolemy.moml.MoMLSimpleApplication@309f5dd
reloadAllAccessors: .SRinContinuous

===========================================================================================
----------------- testing Mon Jul 20 15:08:07 UTC 2020 /home/travis/build/icyphy/ptII/ptolemy/domains/continuous/test/auto/SampledClocks.xml
----------------- Instantiating /home/travis/build/icyphy/ptII/ptolemy/domains/continuous/test/auto/SampledClocks.xml
11 ms. Memory: 334848K Free: 270030K (81%)
----------------- Invoking toplevel() on ptolemy.moml.MoMLSimpleApplication@2ae43b11
----------------- Done invoking toplevel() on ptolemy.moml.MoMLSimpleApplication@2ae43b11
reloadAllAccessors: .SampledClocks

===========================================================================================
----------------- testing Mon Jul 20 15:08:07 UTC 2020 /home/travis/build/icyphy/ptII/ptolemy/domains/continuous/test/auto/Satellite.xml
----------------- Instantiating /home/travis/build/icyphy/ptII/ptolemy/domains/continuous/test/auto/Satellite.xml
712 ms. Memory: 334848K Free: 267775K (80%)
----------------- Invoking toplevel() on ptolemy.moml.MoMLSimpleApplication@6f10ac82
----------------- Done invoking toplevel() on ptolemy.moml.MoMLSimpleApplication@6f10ac82
reloadAllAccessors: .Satellite

===========================================================================================
----------------- testing Mon Jul 20 15:08:08 UTC 2020 /home/travis/build/icyphy/ptII/ptolemy/domains/continuous/test/auto/SigmaDelta.xml
----------------- Instantiating /home/travis/build/icyphy/ptII/ptolemy/domains/continuous/test/auto/SigmaDelta.xml
1848 ms. Memory: 334848K Free: 200551K (60%)
----------------- Invoking toplevel() on ptolemy.moml.MoMLSimpleApplication@6944774b
----------------- Done invoking toplevel() on ptolemy.moml.MoMLSimpleApplication@6944774b
reloadAllAccessors: .SigmaDelta

===========================================================================================
----------------- testing Mon Jul 20 15:08:10 UTC 2020 /home/travis/build/icyphy/ptII/ptolemy/domains/continuous/test/auto/SingleRefinement.xml
----------------- Instantiating /home/travis/build/icyphy/ptII/ptolemy/domains/continuous/test/auto/SingleRefinement.xml
329 ms. Memory: 334848K Free: 213169K (64%)
----------------- Invoking toplevel() on ptolemy.moml.MoMLSimpleApplication@151e0470
----------------- Done invoking toplevel() on ptolemy.moml.MoMLSimpleApplication@151e0470
reloadAllAccessors: .SingleRefinement

===========================================================================================
----------------- testing Mon Jul 20 15:08:10 UTC 2020 /home/travis/build/icyphy/ptII/ptolemy/domains/continuous/test/auto/SinuBouncingBall.xml
----------------- Instantiating /home/travis/build/icyphy/ptII/ptolemy/domains/continuous/test/auto/SinuBouncingBall.xml
738 ms. Memory: 334848K Free: 193493K (58%)
----------------- Invoking toplevel() on ptolemy.moml.MoMLSimpleApplication@2dbced02
----------------- Done invoking toplevel() on ptolemy.moml.MoMLSimpleApplication@2dbced02
reloadAllAccessors: .SinuBouncingBall

===========================================================================================
----------------- testing Mon Jul 20 15:08:11 UTC 2020 /home/travis/build/icyphy/ptII/ptolemy/domains/continuous/test/auto/Sinusoid.xml
----------------- Instantiating /home/travis/build/icyphy/ptII/ptolemy/domains/continuous/test/auto/Sinusoid.xml
4 ms. Memory: 334848K Free: 188887K (56%)
----------------- Invoking toplevel() on ptolemy.moml.MoMLSimpleApplication@7848862d
----------------- Done invoking toplevel() on ptolemy.moml.MoMLSimpleApplication@7848862d
reloadAllAccessors: .Sinusoid

===========================================================================================
----------------- testing Mon Jul 20 15:08:11 UTC 2020 /home/travis/build/icyphy/ptII/ptolemy/domains/continuous/test/auto/SinusoidInNoise.xml
----------------- Instantiating /home/travis/build/icyphy/ptII/ptolemy/domains/continuous/test/auto/SinusoidInNoise.xml
798 ms. Memory: 334848K Free: 249298K (74%)
----------------- Invoking toplevel() on ptolemy.moml.MoMLSimpleApplication@586d4c4e
----------------- Done invoking toplevel() on ptolemy.moml.MoMLSimpleApplication@586d4c4e
reloadAllAccessors: .SinusoidInNoise

===========================================================================================
----------------- testing Mon Jul 20 15:08:12 UTC 2020 /home/travis/build/icyphy/ptII/ptolemy/domains/continuous/test/auto/SinusoidRK45.xml
----------------- Instantiating /home/travis/build/icyphy/ptII/ptolemy/domains/continuous/test/auto/SinusoidRK45.xml
3 ms. Memory: 334848K Free: 244692K (73%)
----------------- Invoking toplevel() on ptolemy.moml.MoMLSimpleApplication@6b065443
----------------- Done invoking toplevel() on ptolemy.moml.MoMLSimpleApplication@6b065443
reloadAllAccessors: .SinusoidRK45

===========================================================================================
----------------- testing Mon Jul 20 15:08:12 UTC 2020 /home/travis/build/icyphy/ptII/ptolemy/domains/continuous/test/auto/SinusoidWithMultipleImpulses.xml
----------------- Instantiating /home/travis/build/icyphy/ptII/ptolemy/domains/continuous/test/auto/SinusoidWithMultipleImpulses.xml
10 ms. Memory: 334848K Free: 240082K (72%)
----------------- Invoking toplevel() on ptolemy.moml.MoMLSimpleApplication@6ea4b4e2
----------------- Done invoking toplevel() on ptolemy.moml.MoMLSimpleApplication@6ea4b4e2
reloadAllAccessors: .SinusoidWithMultipleImpulses

===========================================================================================
----------------- testing Mon Jul 20 15:08:12 UTC 2020 /home/travis/build/icyphy/ptII/ptolemy/domains/continuous/test/auto/SquareWave.xml
----------------- Instantiating /home/travis/build/icyphy/ptII/ptolemy/domains/continuous/test/auto/SquareWave.xml
140 ms. Memory: 334848K Free: 212434K (63%)
----------------- Invoking toplevel() on ptolemy.moml.MoMLSimpleApplication@32042278
----------------- Done invoking toplevel() on ptolemy.moml.MoMLSimpleApplication@32042278
reloadAllAccessors: .SquareWave

===========================================================================================
----------------- testing Mon Jul 20 15:08:12 UTC 2020 /home/travis/build/icyphy/ptII/ptolemy/domains/continuous/test/auto/Starmac.xml
----------------- Instantiating /home/travis/build/icyphy/ptII/ptolemy/domains/continuous/test/auto/Starmac.xml
3057 ms. Memory: 334848K Free: 289381K (86%)
----------------- Invoking toplevel() on ptolemy.moml.MoMLSimpleApplication@d4c104f
----------------- Done invoking toplevel() on ptolemy.moml.MoMLSimpleApplication@d4c104f
reloadAllAccessors: .Starmac

===========================================================================================
----------------- testing Mon Jul 20 15:08:16 UTC 2020 /home/travis/build/icyphy/ptII/ptolemy/domains/continuous/test/auto/StaticUnits.xml
----------------- Instantiating /home/travis/build/icyphy/ptII/ptolemy/domains/continuous/test/auto/StaticUnits.xml
1998 ms. Memory: 334848K Free: 205740K (61%)
----------------- Invoking toplevel() on ptolemy.moml.MoMLSimpleApplication@55aaa59d
----------------- Done invoking toplevel() on ptolemy.moml.MoMLSimpleApplication@55aaa59d
reloadAllAccessors: .StaticUnits

===========================================================================================
----------------- testing Mon Jul 20 15:08:18 UTC 2020 /home/travis/build/icyphy/ptII/ptolemy/domains/continuous/test/auto/StickyMasses.xml
----------------- Instantiating /home/travis/build/icyphy/ptII/ptolemy/domains/continuous/test/auto/StickyMasses.xml
129 ms. Memory: 334848K Free: 155550K (46%)
----------------- Invoking toplevel() on ptolemy.moml.MoMLSimpleApplication@3950f426
----------------- Done invoking toplevel() on ptolemy.moml.MoMLSimpleApplication@3950f426
reloadAllAccessors: .StickyMasses

===========================================================================================
----------------- testing Mon Jul 20 15:08:18 UTC 2020 /home/travis/build/icyphy/ptII/ptolemy/domains/continuous/test/auto/StopTime.xml
----------------- Instantiating /home/travis/build/icyphy/ptII/ptolemy/domains/continuous/test/auto/StopTime.xml
36 ms. Memory: 334848K Free: 129934K (39%)
----------------- Invoking toplevel() on ptolemy.moml.MoMLSimpleApplication@652fcb25
----------------- Done invoking toplevel() on ptolemy.moml.MoMLSimpleApplication@652fcb25
reloadAllAccessors: .StopTime

===========================================================================================
----------------- testing Mon Jul 20 15:08:18 UTC 2020 /home/travis/build/icyphy/ptII/ptolemy/domains/continuous/test/auto/StopTime2.xml
----------------- Instantiating /home/travis/build/icyphy/ptII/ptolemy/domains/continuous/test/auto/StopTime2.xml
40 ms. Memory: 334848K Free: 303747K (91%)
----------------- Invoking toplevel() on ptolemy.moml.MoMLSimpleApplication@8709103
----------------- Done invoking toplevel() on ptolemy.moml.MoMLSimpleApplication@8709103
reloadAllAccessors: .StopTime2

===========================================================================================
----------------- testing Mon Jul 20 15:08:18 UTC 2020 /home/travis/build/icyphy/ptII/ptolemy/domains/continuous/test/auto/Switch.xml
----------------- Instantiating /home/travis/build/icyphy/ptII/ptolemy/domains/continuous/test/auto/Switch.xml
37 ms. Memory: 334848K Free: 278030K (83%)
----------------- Invoking toplevel() on ptolemy.moml.MoMLSimpleApplication@45b20d22
----------------- Done invoking toplevel() on ptolemy.moml.MoMLSimpleApplication@45b20d22
reloadAllAccessors: .Switch

===========================================================================================
----------------- testing Mon Jul 20 15:08:18 UTC 2020 /home/travis/build/icyphy/ptII/ptolemy/domains/continuous/test/auto/Thermostat.xml
----------------- Instantiating /home/travis/build/icyphy/ptII/ptolemy/domains/continuous/test/auto/Thermostat.xml
168 ms. Memory: 334848K Free: 204805K (61%)
----------------- Invoking toplevel() on ptolemy.moml.MoMLSimpleApplication@555ef772
----------------- Done invoking toplevel() on ptolemy.moml.MoMLSimpleApplication@555ef772
reloadAllAccessors: .Thermostat

===========================================================================================
----------------- testing Mon Jul 20 15:08:19 UTC 2020 /home/travis/build/icyphy/ptII/ptolemy/domains/continuous/test/auto/TimeDelay.xml
----------------- Instantiating /home/travis/build/icyphy/ptII/ptolemy/domains/continuous/test/auto/TimeDelay.xml
4 ms. Memory: 334848K Free: 200206K (60%)
----------------- Invoking toplevel() on ptolemy.moml.MoMLSimpleApplication@60e91e12
----------------- Done invoking toplevel() on ptolemy.moml.MoMLSimpleApplication@60e91e12
reloadAllAccessors: .TimeDelay

===========================================================================================
----------------- testing Mon Jul 20 15:08:19 UTC 2020 /home/travis/build/icyphy/ptII/ptolemy/domains/continuous/test/auto/TimeDelay2.xml
----------------- Instantiating /home/travis/build/icyphy/ptII/ptolemy/domains/continuous/test/auto/TimeDelay2.xml
7 ms. Memory: 334848K Free: 190476K (57%)
----------------- Invoking toplevel() on ptolemy.moml.MoMLSimpleApplication@1e6c3ae4
----------------- Done invoking toplevel() on ptolemy.moml.MoMLSimpleApplication@1e6c3ae4
reloadAllAccessors: .TimeDelay2

===========================================================================================
----------------- testing Mon Jul 20 15:08:19 UTC 2020 /home/travis/build/icyphy/ptII/ptolemy/domains/continuous/test/auto/TimeDelay3.xml
----------------- Instantiating /home/travis/build/icyphy/ptII/ptolemy/domains/continuous/test/auto/TimeDelay3.xml
2 ms. Memory: 334848K Free: 185870K (56%)
----------------- Invoking toplevel() on ptolemy.moml.MoMLSimpleApplication@47658538
----------------- Done invoking toplevel() on ptolemy.moml.MoMLSimpleApplication@47658538
reloadAllAccessors: .TimeDelay3

===========================================================================================
----------------- testing Mon Jul 20 15:08:19 UTC 2020 /home/travis/build/icyphy/ptII/ptolemy/domains/continuous/test/auto/TransferAbsentToInside.xml
----------------- Instantiating /home/travis/build/icyphy/ptII/ptolemy/domains/continuous/test/auto/TransferAbsentToInside.xml
26 ms. Memory: 334848K Free: 132622K (40%)
----------------- Invoking toplevel() on ptolemy.moml.MoMLSimpleApplication@5894c546
----------------- Done invoking toplevel() on ptolemy.moml.MoMLSimpleApplication@5894c546
reloadAllAccessors: .TransferAbsentToInside

===========================================================================================
----------------- testing Mon Jul 20 15:08:19 UTC 2020 /home/travis/build/icyphy/ptII/ptolemy/domains/continuous/test/auto/Transmission.xml
----------------- Instantiating /home/travis/build/icyphy/ptII/ptolemy/domains/continuous/test/auto/Transmission.xml
711 ms. Memory: 334848K Free: 286717K (86%)
----------------- Invoking toplevel() on ptolemy.moml.MoMLSimpleApplication@6c0d604a
----------------- Done invoking toplevel() on ptolemy.moml.MoMLSimpleApplication@6c0d604a
reloadAllAccessors: .Transmission

===========================================================================================
----------------- testing Mon Jul 20 15:08:20 UTC 2020 /home/travis/build/icyphy/ptII/ptolemy/domains/continuous/test/auto/TriggeredContinuousClock.xml
----------------- Instantiating /home/travis/build/icyphy/ptII/ptolemy/domains/continuous/test/auto/TriggeredContinuousClock.xml
33 ms. Memory: 334848K Free: 257021K (77%)
----------------- Invoking toplevel() on ptolemy.moml.MoMLSimpleApplication@ece2cdd
----------------- Done invoking toplevel() on ptolemy.moml.MoMLSimpleApplication@ece2cdd
reloadAllAccessors: .TriggeredContinuousClock

===========================================================================================
----------------- testing Mon Jul 20 15:08:20 UTC 2020 /home/travis/build/icyphy/ptII/ptolemy/domains/continuous/test/auto/TwoMachineInfiniteBusControl.xml
----------------- Instantiating /home/travis/build/icyphy/ptII/ptolemy/domains/continuous/test/auto/TwoMachineInfiniteBusControl.xml
2349 ms. Memory: 334848K Free: 246217K (74%)
----------------- Invoking toplevel() on ptolemy.moml.MoMLSimpleApplication@4d869ecf
----------------- Done invoking toplevel() on ptolemy.moml.MoMLSimpleApplication@4d869ecf
reloadAllAccessors: .TwoMachineInfiniteBusControl

===========================================================================================
----------------- testing Mon Jul 20 15:08:22 UTC 2020 /home/travis/build/icyphy/ptII/ptolemy/domains/continuous/test/auto/V2V.xml
----------------- Instantiating /home/travis/build/icyphy/ptII/ptolemy/domains/continuous/test/auto/V2V.xml
764 ms. Memory: 334848K Free: 249795K (75%)
----------------- Invoking toplevel() on ptolemy.moml.MoMLSimpleApplication@60813f00
----------------- Done invoking toplevel() on ptolemy.moml.MoMLSimpleApplication@60813f00
reloadAllAccessors: .V2V

===========================================================================================
----------------- testing Mon Jul 20 15:08:23 UTC 2020 /home/travis/build/icyphy/ptII/ptolemy/domains/continuous/test/auto/hierarchicalModalModel.xml
----------------- Instantiating /home/travis/build/icyphy/ptII/ptolemy/domains/continuous/test/auto/hierarchicalModalModel.xml
7 ms. Memory: 334848K Free: 235459K (70%)
----------------- Invoking toplevel() on ptolemy.moml.MoMLSimpleApplication@e5ff15f
----------------- Done invoking toplevel() on ptolemy.moml.MoMLSimpleApplication@e5ff15f
reloadAllAccessors: .hierarchicalModalModel

===========================================================================================
----------------- testing Mon Jul 20 15:08:23 UTC 2020 /home/travis/build/icyphy/ptII/ptolemy/domains/continuous/test/auto/hierarchicalModalModel1.xml
----------------- Instantiating /home/travis/build/icyphy/ptII/ptolemy/domains/continuous/test/auto/hierarchicalModalModel1.xml
10 ms. Memory: 334848K Free: 221123K (66%)
----------------- Invoking toplevel() on ptolemy.moml.MoMLSimpleApplication@6356a98
----------------- Done invoking toplevel() on ptolemy.moml.MoMLSimpleApplication@6356a98
reloadAllAccessors: .hierarchicalModalModel1

===========================================================================================
----------------- testing Mon Jul 20 15:08:23 UTC 2020 /home/travis/build/icyphy/ptII/ptolemy/domains/continuous/test/auto/hierarchicalModalModel2.xml
----------------- Instantiating /home/travis/build/icyphy/ptII/ptolemy/domains/continuous/test/auto/hierarchicalModalModel2.xml
6 ms. Memory: 334848K Free: 208805K (62%)
----------------- Invoking toplevel() on ptolemy.moml.MoMLSimpleApplication@4779e67
----------------- Done invoking toplevel() on ptolemy.moml.MoMLSimpleApplication@4779e67
reloadAllAccessors: .hierarchicalModalModel2

===========================================================================================
----------------- testing Mon Jul 20 15:08:23 UTC 2020 /home/travis/build/icyphy/ptII/ptolemy/domains/continuous/test/auto/hierarchicalModalModel3.xml
----------------- Instantiating /home/travis/build/icyphy/ptII/ptolemy/domains/continuous/test/auto/hierarchicalModalModel3.xml
5 ms. Memory: 334848K Free: 198085K (59%)
----------------- Invoking toplevel() on ptolemy.moml.MoMLSimpleApplication@24c1ceb3
----------------- Done invoking toplevel() on ptolemy.moml.MoMLSimpleApplication@24c1ceb3
reloadAllAccessors: .hierarchicalModalModel3

===========================================================================================
----------------- testing Mon Jul 20 15:08:23 UTC 2020 /home/travis/build/icyphy/ptII/ptolemy/domains/continuous/test/auto/hierarchicalModalModel4.xml
----------------- Instantiating /home/travis/build/icyphy/ptII/ptolemy/domains/continuous/test/auto/hierarchicalModalModel4.xml
5 ms. Memory: 334848K Free: 186307K (56%)
----------------- Invoking toplevel() on ptolemy.moml.MoMLSimpleApplication@f2a21e6
----------------- Done invoking toplevel() on ptolemy.moml.MoMLSimpleApplication@f2a21e6
reloadAllAccessors: .hierarchicalModalModel4

===========================================================================================
----------------- testing Mon Jul 20 15:08:23 UTC 2020 /home/travis/build/icyphy/ptII/ptolemy/domains/continuous/test/auto/junk.xml
----------------- Instantiating /home/travis/build/icyphy/ptII/ptolemy/domains/continuous/test/auto/junk.xml
114 ms. Memory: 334848K Free: 160197K (48%)
----------------- Invoking toplevel() on ptolemy.moml.MoMLSimpleApplication@12c8ff1b
----------------- Done invoking toplevel() on ptolemy.moml.MoMLSimpleApplication@12c8ff1b
reloadAllAccessors: .junk
AutoTests.java: About to close Vertx.
AutoTests.java: Vertx closed.
]]></system-out>
  <system-err><![CDATA[Warning: '.HysteresisWithRandomDelay.NonStrictTest' The test produced only 221 tokens, yet the correctValues parameter was expecting 222 tokens.
Warning: '.HysteresisWithRandomDelay.NonStrictTest2' The test produced only 220 tokens, yet the correctValues parameter was expecting 221 tokens.
Warning: '.HysteresisWithRandomDelay.NonStrictTest3' The test produced only 18 tokens, yet the correctValues parameter was expecting 30 tokens.
]]></system-err>
</testsuite>
