<?xml version="1.0" encoding="UTF-8" ?>
<testsuite errors="0" failures="0" hostname="travis-job-598a0a21-92ed-4d78-aaf0-4f6ba1d79f87" name="ptolemy.domains.hdf.kernel.test.junit.JUnitTclTest" skipped="0" tests="39" time="6.023" timestamp="2020-08-31T15:37:34">
  <properties>
[...]
</properties>
  <testcase classname="ptolemy.util.test.junit.TclTests" name="[0] /home/travis/build/icyphy/ptII/ptolemy/domains/hdf/kernel/test/RateErrorChecking.tcl (RunTclFile)" time="0.178" />
  <testcase classname="ptolemy.util.test.junit.AutoKnownFailedTests" name="[0] /home/travis/build/icyphy/ptII/ptolemy/domains/hdf/kernel/test/auto/knownFailedTests/badFSMRateChanges.xml (RunModel)" time="0.658" />
  <testcase classname="ptolemy.util.test.junit.AutoNameArchTests" name="[0] ThereAreNoAutoArchTests (RunModel)" time="0.009" />
  <testcase classname="ptolemy.util.test.junit.AutoTests" name="[0] /home/travis/build/icyphy/ptII/ptolemy/domains/hdf/kernel/test/auto/ConstVariableRateTest.xml (RunModel)" time="0.268" />
  <testcase classname="ptolemy.util.test.junit.AutoTests" name="[1] /home/travis/build/icyphy/ptII/ptolemy/domains/hdf/kernel/test/auto/DifferentRefinedRates.xml (RunModel)" time="0.213" />
  <testcase classname="ptolemy.util.test.junit.AutoTests" name="[2] /home/travis/build/icyphy/ptII/ptolemy/domains/hdf/kernel/test/auto/DifferentRefinedRates2.xml (RunModel)" time="0.146" />
  <testcase classname="ptolemy.util.test.junit.AutoTests" name="[3] /home/travis/build/icyphy/ptII/ptolemy/domains/hdf/kernel/test/auto/DifferentRefinedRates3.xml (RunModel)" time="0.136" />
  <testcase classname="ptolemy.util.test.junit.AutoTests" name="[4] /home/travis/build/icyphy/ptII/ptolemy/domains/hdf/kernel/test/auto/DifferentRefinedRates4.xml (RunModel)" time="0.173" />
  <testcase classname="ptolemy.util.test.junit.AutoTests" name="[5] /home/travis/build/icyphy/ptII/ptolemy/domains/hdf/kernel/test/auto/DifferentRefinedRates5.xml (RunModel)" time="0.102" />
  <testcase classname="ptolemy.util.test.junit.AutoTests" name="[6] /home/travis/build/icyphy/ptII/ptolemy/domains/hdf/kernel/test/auto/DifferentRefinedRates6.xml (RunModel)" time="0.089" />
  <testcase classname="ptolemy.util.test.junit.AutoTests" name="[7] /home/travis/build/icyphy/ptII/ptolemy/domains/hdf/kernel/test/auto/DownSample_PowerOfTwo.xml (RunModel)" time="0.219" />
  <testcase classname="ptolemy.util.test.junit.AutoTests" name="[8] /home/travis/build/icyphy/ptII/ptolemy/domains/hdf/kernel/test/auto/FibonacciWithNullInitial.xml (RunModel)" time="0.187" />
  <testcase classname="ptolemy.util.test.junit.AutoTests" name="[9] /home/travis/build/icyphy/ptII/ptolemy/domains/hdf/kernel/test/auto/FibonacciWithNullInitial1.xml (RunModel)" time="0.19" />
  <testcase classname="ptolemy.util.test.junit.AutoTests" name="[10] /home/travis/build/icyphy/ptII/ptolemy/domains/hdf/kernel/test/auto/FibonacciWithTransientStates.xml (RunModel)" time="0.157" />
  <testcase classname="ptolemy.util.test.junit.AutoTests" name="[11] /home/travis/build/icyphy/ptII/ptolemy/domains/hdf/kernel/test/auto/FibonacciWithTransientStates2.xml (RunModel)" time="0.085" />
  <testcase classname="ptolemy.util.test.junit.AutoTests" name="[12] /home/travis/build/icyphy/ptII/ptolemy/domains/hdf/kernel/test/auto/FibonacciWithoutHistoryInitial.xml (RunModel)" time="0.15" />
  <testcase classname="ptolemy.util.test.junit.AutoTests" name="[13] /home/travis/build/icyphy/ptII/ptolemy/domains/hdf/kernel/test/auto/GuardUsingPastTokens.xml (RunModel)" time="0.071" />
  <testcase classname="ptolemy.util.test.junit.AutoTests" name="[14] /home/travis/build/icyphy/ptII/ptolemy/domains/hdf/kernel/test/auto/GuardWithResets.xml (RunModel)" time="0.09" />
  <testcase classname="ptolemy.util.test.junit.AutoTests" name="[15] /home/travis/build/icyphy/ptII/ptolemy/domains/hdf/kernel/test/auto/Hierarchy_2Level_Test1.xml (RunModel)" time="0.085" />
  <testcase classname="ptolemy.util.test.junit.AutoTests" name="[16] /home/travis/build/icyphy/ptII/ptolemy/domains/hdf/kernel/test/auto/Hierarchy_2Level_Test2.xml (RunModel)" time="0.082" />
  <testcase classname="ptolemy.util.test.junit.AutoTests" name="[17] /home/travis/build/icyphy/ptII/ptolemy/domains/hdf/kernel/test/auto/Hysteresis.xml (RunModel)" time="0.054" />
  <testcase classname="ptolemy.util.test.junit.AutoTests" name="[18] /home/travis/build/icyphy/ptII/ptolemy/domains/hdf/kernel/test/auto/InitTransient.xml (RunModel)" time="0.088" />
  <testcase classname="ptolemy.util.test.junit.AutoTests" name="[19] /home/travis/build/icyphy/ptII/ptolemy/domains/hdf/kernel/test/auto/Merge.xml (RunModel)" time="0.083" />
  <testcase classname="ptolemy.util.test.junit.AutoTests" name="[20] /home/travis/build/icyphy/ptII/ptolemy/domains/hdf/kernel/test/auto/ModalModelBooleanSwitch.xml (RunModel)" time="0.101" />
  <testcase classname="ptolemy.util.test.junit.AutoTests" name="[21] /home/travis/build/icyphy/ptII/ptolemy/domains/hdf/kernel/test/auto/SameRates.xml (RunModel)" time="0.051" />
  <testcase classname="ptolemy.util.test.junit.AutoTests" name="[22] /home/travis/build/icyphy/ptII/ptolemy/domains/hdf/kernel/test/auto/SameRefinedRates.xml (RunModel)" time="0.065" />
  <testcase classname="ptolemy.util.test.junit.AutoTests" name="[23] /home/travis/build/icyphy/ptII/ptolemy/domains/hdf/kernel/test/auto/SameRefinedRates2.xml (RunModel)" time="0.059" />
  <testcase classname="ptolemy.util.test.junit.AutoTests" name="[24] /home/travis/build/icyphy/ptII/ptolemy/domains/hdf/kernel/test/auto/TransientStates.xml (RunModel)" time="0.098" />
  <testcase classname="ptolemy.util.test.junit.AutoTests" name="[25] /home/travis/build/icyphy/ptII/ptolemy/domains/hdf/kernel/test/auto/TwoHammingCodec.xml (RunModel)" time="0.11" />
  <testcase classname="ptolemy.util.test.junit.AutoTests" name="[26] /home/travis/build/icyphy/ptII/ptolemy/domains/hdf/kernel/test/auto/TwoHammingCodec1.xml (RunModel)" time="0.089" />
  <testcase classname="ptolemy.util.test.junit.AutoTests" name="[27] /home/travis/build/icyphy/ptII/ptolemy/domains/hdf/kernel/test/auto/TwoLevelHierarchy.xml (RunModel)" time="0.162" />
  <testcase classname="ptolemy.util.test.junit.AutoTests" name="[28] /home/travis/build/icyphy/ptII/ptolemy/domains/hdf/kernel/test/auto/TwoLevelHierarchy1.xml (RunModel)" time="0.151" />
  <testcase classname="ptolemy.util.test.junit.AutoTests" name="[29] /home/travis/build/icyphy/ptII/ptolemy/domains/hdf/kernel/test/auto/TwoLevelHierarchy2.xml (RunModel)" time="0.148" />
  <testcase classname="ptolemy.util.test.junit.AutoTests" name="[30] /home/travis/build/icyphy/ptII/ptolemy/domains/hdf/kernel/test/auto/TwoLevelHierarchyNullStates.xml (RunModel)" time="0.181" />
  <testcase classname="ptolemy.util.test.junit.AutoTests" name="[31] /home/travis/build/icyphy/ptII/ptolemy/domains/hdf/kernel/test/auto/TwoLevelHierarchyWithResets.xml (RunModel)" time="0.173" />
  <testcase classname="ptolemy.util.test.junit.AutoTests" name="[32] /home/travis/build/icyphy/ptII/ptolemy/domains/hdf/kernel/test/auto/TwoLevelHierarchyWithResetsNullStates.xml (RunModel)" time="0.187" />
  <testcase classname="ptolemy.util.test.junit.AutoTests" name="[33] /home/travis/build/icyphy/ptII/ptolemy/domains/hdf/kernel/test/auto/WaterTank_HDF.xml (RunModel)" time="0.11" />
  <testcase classname="ptolemy.util.test.junit.AutoTests" name="[34] /home/travis/build/icyphy/ptII/ptolemy/domains/hdf/kernel/test/auto/WaterTank_HDF2.xml (RunModel)" time="0.16" />
  <testcase classname="ptolemy.util.test.junit.AutoTests" name="[35] /home/travis/build/icyphy/ptII/ptolemy/domains/hdf/kernel/test/auto/badFSMRateChanges.xml (RunModel)" time="0.052" />
  <system-out><![CDATA[/home/travis/build/icyphy/ptII/ptolemy/domains/hdf/kernel/test/RateErrorChecking.tcl
testDefs.tcl: setting time out to 9000 seconds at Mon Aug 31 15:37:34 UTC 2020


==== $PTII/ptolemy/domains/hdf/kernel/test/RateErrorChecking.tcl: RateErrorChecking-1.0 
==== Contents of test case:

    catch {createAndExecute "badFSMRateChanges.xml"} foo
    list $foo

==== Result was:
{java.io.FileNotFoundException: /home/travis/build/icyphy/ptII/ptolemy/domains/hdf/kernel/test/badFSMRateChanges.xml (No such file or directory)}
---- KNOWN Failure, Result should have been:
{ptolemy.kernel.util.IllegalActionException: Failed to compute schedule:
  in .badFSMRateChanges.SDF Director
Because:
The SDF rate parameter may change. This is not allowed in SDF models that will be run through the code generator.  If you don't care about code generation, then you might consider setting the allowRateChanges parameter of the SDF director to false.
    in .badFSMRateChanges.typed composite actor.output.tokenProductionRate}
---- RateErrorChecking-1.0 Failed, but this is a KNOWN failure
08/31/20 03:37:34
Failed: 0  Total Tests: 1  ((Passed: 0, Newly Passed: 0)  Known Failed: 1) /home/travis/build/icyphy/ptII/ptolemy/domains/hdf/kernel/test
----------------- testing (KnownFailure) /home/travis/build/icyphy/ptII/ptolemy/domains/hdf/kernel/test/auto/knownFailedTests/badFSMRateChanges.xml
271 ms. Memory: 129024K Free: 76230K (59%)
No auto/linux-amd64/*.xml tests in /home/travis/build/icyphy/ptII/ptolemy/domains/hdf/kernel/test
AutoTests.java: About to close Vertx.
AutoTests.java: Vertx closed.

===========================================================================================
----------------- testing Mon Aug 31 15:37:35 UTC 2020 /home/travis/build/icyphy/ptII/ptolemy/domains/hdf/kernel/test/auto/ConstVariableRateTest.xml
----------------- Instantiating /home/travis/build/icyphy/ptII/ptolemy/domains/hdf/kernel/test/auto/ConstVariableRateTest.xml
68 ms. Memory: 129024K Free: 107069K (83%)
----------------- Invoking toplevel() on ptolemy.moml.MoMLSimpleApplication@4d1ba5bc
----------------- Done invoking toplevel() on ptolemy.moml.MoMLSimpleApplication@4d1ba5bc
reloadAllAccessors: .ConstVariableRateTest

===========================================================================================
----------------- testing Mon Aug 31 15:37:35 UTC 2020 /home/travis/build/icyphy/ptII/ptolemy/domains/hdf/kernel/test/auto/DifferentRefinedRates.xml
----------------- Instantiating /home/travis/build/icyphy/ptII/ptolemy/domains/hdf/kernel/test/auto/DifferentRefinedRates.xml
83 ms. Memory: 129024K Free: 93478K (72%)
----------------- Invoking toplevel() on ptolemy.moml.MoMLSimpleApplication@39146dfd
----------------- Done invoking toplevel() on ptolemy.moml.MoMLSimpleApplication@39146dfd
reloadAllAccessors: .DifferentRefinedRates

===========================================================================================
----------------- testing Mon Aug 31 15:37:35 UTC 2020 /home/travis/build/icyphy/ptII/ptolemy/domains/hdf/kernel/test/auto/DifferentRefinedRates2.xml
----------------- Instantiating /home/travis/build/icyphy/ptII/ptolemy/domains/hdf/kernel/test/auto/DifferentRefinedRates2.xml
49 ms. Memory: 129024K Free: 79894K (62%)
----------------- Invoking toplevel() on ptolemy.moml.MoMLSimpleApplication@352a1582
----------------- Done invoking toplevel() on ptolemy.moml.MoMLSimpleApplication@352a1582
reloadAllAccessors: .DifferentRefinedRates2

===========================================================================================
----------------- testing Mon Aug 31 15:37:36 UTC 2020 /home/travis/build/icyphy/ptII/ptolemy/domains/hdf/kernel/test/auto/DifferentRefinedRates3.xml
----------------- Instantiating /home/travis/build/icyphy/ptII/ptolemy/domains/hdf/kernel/test/auto/DifferentRefinedRates3.xml
49 ms. Memory: 129024K Free: 105101K (81%)
----------------- Invoking toplevel() on ptolemy.moml.MoMLSimpleApplication@528c9ff6
----------------- Done invoking toplevel() on ptolemy.moml.MoMLSimpleApplication@528c9ff6
reloadAllAccessors: .DifferentRefinedRates3

===========================================================================================
----------------- testing Mon Aug 31 15:37:36 UTC 2020 /home/travis/build/icyphy/ptII/ptolemy/domains/hdf/kernel/test/auto/DifferentRefinedRates4.xml
----------------- Instantiating /home/travis/build/icyphy/ptII/ptolemy/domains/hdf/kernel/test/auto/DifferentRefinedRates4.xml
65 ms. Memory: 129024K Free: 88994K (69%)
----------------- Invoking toplevel() on ptolemy.moml.MoMLSimpleApplication@51af0207
----------------- Done invoking toplevel() on ptolemy.moml.MoMLSimpleApplication@51af0207
reloadAllAccessors: .NewHDFtest1

===========================================================================================
----------------- testing Mon Aug 31 15:37:36 UTC 2020 /home/travis/build/icyphy/ptII/ptolemy/domains/hdf/kernel/test/auto/DifferentRefinedRates5.xml
----------------- Instantiating /home/travis/build/icyphy/ptII/ptolemy/domains/hdf/kernel/test/auto/DifferentRefinedRates5.xml
41 ms. Memory: 129024K Free: 73971K (57%)
----------------- Invoking toplevel() on ptolemy.moml.MoMLSimpleApplication@6d79280
----------------- Done invoking toplevel() on ptolemy.moml.MoMLSimpleApplication@6d79280
reloadAllAccessors: .NewHDFtest2

===========================================================================================
----------------- testing Mon Aug 31 15:37:36 UTC 2020 /home/travis/build/icyphy/ptII/ptolemy/domains/hdf/kernel/test/auto/DifferentRefinedRates6.xml
----------------- Instantiating /home/travis/build/icyphy/ptII/ptolemy/domains/hdf/kernel/test/auto/DifferentRefinedRates6.xml
39 ms. Memory: 129024K Free: 107214K (83%)
----------------- Invoking toplevel() on ptolemy.moml.MoMLSimpleApplication@3e3d1404
----------------- Done invoking toplevel() on ptolemy.moml.MoMLSimpleApplication@3e3d1404
reloadAllAccessors: .DifferentRefinedRates6

===========================================================================================
----------------- testing Mon Aug 31 15:37:36 UTC 2020 /home/travis/build/icyphy/ptII/ptolemy/domains/hdf/kernel/test/auto/DownSample_PowerOfTwo.xml
----------------- Instantiating /home/travis/build/icyphy/ptII/ptolemy/domains/hdf/kernel/test/auto/DownSample_PowerOfTwo.xml
173 ms. Memory: 129024K Free: 81105K (63%)
----------------- Invoking toplevel() on ptolemy.moml.MoMLSimpleApplication@3b050b12
----------------- Done invoking toplevel() on ptolemy.moml.MoMLSimpleApplication@3b050b12
reloadAllAccessors: .SDFDownSample

===========================================================================================
----------------- testing Mon Aug 31 15:37:36 UTC 2020 /home/travis/build/icyphy/ptII/ptolemy/domains/hdf/kernel/test/auto/FibonacciWithNullInitial.xml
----------------- Instantiating /home/travis/build/icyphy/ptII/ptolemy/domains/hdf/kernel/test/auto/FibonacciWithNullInitial.xml
138 ms. Memory: 129024K Free: 114043K (88%)
----------------- Invoking toplevel() on ptolemy.moml.MoMLSimpleApplication@d137d54
----------------- Done invoking toplevel() on ptolemy.moml.MoMLSimpleApplication@d137d54
reloadAllAccessors: .FibonacciWithNullInitial

===========================================================================================
----------------- testing Mon Aug 31 15:37:37 UTC 2020 /home/travis/build/icyphy/ptII/ptolemy/domains/hdf/kernel/test/auto/FibonacciWithNullInitial1.xml
----------------- Instantiating /home/travis/build/icyphy/ptII/ptolemy/domains/hdf/kernel/test/auto/FibonacciWithNullInitial1.xml
141 ms. Memory: 129024K Free: 89864K (70%)
----------------- Invoking toplevel() on ptolemy.moml.MoMLSimpleApplication@6fa026af
----------------- Done invoking toplevel() on ptolemy.moml.MoMLSimpleApplication@6fa026af
reloadAllAccessors: .FibonacciWithNullInitial1

===========================================================================================
----------------- testing Mon Aug 31 15:37:37 UTC 2020 /home/travis/build/icyphy/ptII/ptolemy/domains/hdf/kernel/test/auto/FibonacciWithTransientStates.xml
----------------- Instantiating /home/travis/build/icyphy/ptII/ptolemy/domains/hdf/kernel/test/auto/FibonacciWithTransientStates.xml
119 ms. Memory: 129024K Free: 61209K (47%)
----------------- Invoking toplevel() on ptolemy.moml.MoMLSimpleApplication@2e5d4832
----------------- Done invoking toplevel() on ptolemy.moml.MoMLSimpleApplication@2e5d4832
reloadAllAccessors: .FibonacciWithTransientStates

===========================================================================================
----------------- testing Mon Aug 31 15:37:37 UTC 2020 /home/travis/build/icyphy/ptII/ptolemy/domains/hdf/kernel/test/auto/FibonacciWithTransientStates2.xml
----------------- Instantiating /home/travis/build/icyphy/ptII/ptolemy/domains/hdf/kernel/test/auto/FibonacciWithTransientStates2.xml
36 ms. Memory: 129024K Free: 101865K (79%)
----------------- Invoking toplevel() on ptolemy.moml.MoMLSimpleApplication@78f7a962
----------------- Done invoking toplevel() on ptolemy.moml.MoMLSimpleApplication@78f7a962
reloadAllAccessors: .FibonacciWithTransientStates2

===========================================================================================
----------------- testing Mon Aug 31 15:37:37 UTC 2020 /home/travis/build/icyphy/ptII/ptolemy/domains/hdf/kernel/test/auto/FibonacciWithoutHistoryInitial.xml
----------------- Instantiating /home/travis/build/icyphy/ptII/ptolemy/domains/hdf/kernel/test/auto/FibonacciWithoutHistoryInitial.xml
107 ms. Memory: 129024K Free: 79818K (62%)
----------------- Invoking toplevel() on ptolemy.moml.MoMLSimpleApplication@506aa20b
----------------- Done invoking toplevel() on ptolemy.moml.MoMLSimpleApplication@506aa20b
reloadAllAccessors: .FibonacciWithoutHistoryInitial

===========================================================================================
----------------- testing Mon Aug 31 15:37:37 UTC 2020 /home/travis/build/icyphy/ptII/ptolemy/domains/hdf/kernel/test/auto/GuardUsingPastTokens.xml
----------------- Instantiating /home/travis/build/icyphy/ptII/ptolemy/domains/hdf/kernel/test/auto/GuardUsingPastTokens.xml
25 ms. Memory: 129024K Free: 64979K (50%)
----------------- Invoking toplevel() on ptolemy.moml.MoMLSimpleApplication@29698f53
----------------- Done invoking toplevel() on ptolemy.moml.MoMLSimpleApplication@29698f53
reloadAllAccessors: .GuardUsingPastTokens

===========================================================================================
----------------- testing Mon Aug 31 15:37:37 UTC 2020 /home/travis/build/icyphy/ptII/ptolemy/domains/hdf/kernel/test/auto/GuardWithResets.xml
----------------- Instantiating /home/travis/build/icyphy/ptII/ptolemy/domains/hdf/kernel/test/auto/GuardWithResets.xml
37 ms. Memory: 129024K Free: 48044K (37%)
----------------- Invoking toplevel() on ptolemy.moml.MoMLSimpleApplication@36e4c8f4
----------------- Done invoking toplevel() on ptolemy.moml.MoMLSimpleApplication@36e4c8f4
reloadAllAccessors: .GuardWithResets

===========================================================================================
----------------- testing Mon Aug 31 15:37:37 UTC 2020 /home/travis/build/icyphy/ptII/ptolemy/domains/hdf/kernel/test/auto/Hierarchy_2Level_Test1.xml
----------------- Instantiating /home/travis/build/icyphy/ptII/ptolemy/domains/hdf/kernel/test/auto/Hierarchy_2Level_Test1.xml
31 ms. Memory: 129024K Free: 100034K (78%)
----------------- Invoking toplevel() on ptolemy.moml.MoMLSimpleApplication@5e21c312
----------------- Done invoking toplevel() on ptolemy.moml.MoMLSimpleApplication@5e21c312
reloadAllAccessors: .Hierarchy_2Level_Test1

===========================================================================================
----------------- testing Mon Aug 31 15:37:37 UTC 2020 /home/travis/build/icyphy/ptII/ptolemy/domains/hdf/kernel/test/auto/Hierarchy_2Level_Test2.xml
----------------- Instantiating /home/travis/build/icyphy/ptII/ptolemy/domains/hdf/kernel/test/auto/Hierarchy_2Level_Test2.xml
27 ms. Memory: 129024K Free: 81608K (63%)
----------------- Invoking toplevel() on ptolemy.moml.MoMLSimpleApplication@58b0abc0
----------------- Done invoking toplevel() on ptolemy.moml.MoMLSimpleApplication@58b0abc0
reloadAllAccessors: .Hierarchy_4Level_Test2

===========================================================================================
----------------- testing Mon Aug 31 15:37:37 UTC 2020 /home/travis/build/icyphy/ptII/ptolemy/domains/hdf/kernel/test/auto/Hysteresis.xml
----------------- Instantiating /home/travis/build/icyphy/ptII/ptolemy/domains/hdf/kernel/test/auto/Hysteresis.xml
25 ms. Memory: 129024K Free: 70352K (55%)
----------------- Invoking toplevel() on ptolemy.moml.MoMLSimpleApplication@3c90c629
----------------- Done invoking toplevel() on ptolemy.moml.MoMLSimpleApplication@3c90c629
reloadAllAccessors: .Hysteresis

===========================================================================================
----------------- testing Mon Aug 31 15:37:38 UTC 2020 /home/travis/build/icyphy/ptII/ptolemy/domains/hdf/kernel/test/auto/InitTransient.xml
----------------- Instantiating /home/travis/build/icyphy/ptII/ptolemy/domains/hdf/kernel/test/auto/InitTransient.xml
25 ms. Memory: 129024K Free: 50882K (39%)
----------------- Invoking toplevel() on ptolemy.moml.MoMLSimpleApplication@11618318
----------------- Done invoking toplevel() on ptolemy.moml.MoMLSimpleApplication@11618318
reloadAllAccessors: .InitTransient

===========================================================================================
----------------- testing Mon Aug 31 15:37:38 UTC 2020 /home/travis/build/icyphy/ptII/ptolemy/domains/hdf/kernel/test/auto/Merge.xml
----------------- Instantiating /home/travis/build/icyphy/ptII/ptolemy/domains/hdf/kernel/test/auto/Merge.xml
35 ms. Memory: 129024K Free: 108347K (84%)
----------------- Invoking toplevel() on ptolemy.moml.MoMLSimpleApplication@5d88226e
----------------- Done invoking toplevel() on ptolemy.moml.MoMLSimpleApplication@5d88226e
reloadAllAccessors: .Merge

===========================================================================================
----------------- testing Mon Aug 31 15:37:38 UTC 2020 /home/travis/build/icyphy/ptII/ptolemy/domains/hdf/kernel/test/auto/ModalModelBooleanSwitch.xml
----------------- Instantiating /home/travis/build/icyphy/ptII/ptolemy/domains/hdf/kernel/test/auto/ModalModelBooleanSwitch.xml
30 ms. Memory: 129024K Free: 88891K (69%)
----------------- Invoking toplevel() on ptolemy.moml.MoMLSimpleApplication@1e2460d0
----------------- Done invoking toplevel() on ptolemy.moml.MoMLSimpleApplication@1e2460d0
reloadAllAccessors: .BooleanSwitchWithModel

===========================================================================================
----------------- testing Mon Aug 31 15:37:38 UTC 2020 /home/travis/build/icyphy/ptII/ptolemy/domains/hdf/kernel/test/auto/SameRates.xml
----------------- Instantiating /home/travis/build/icyphy/ptII/ptolemy/domains/hdf/kernel/test/auto/SameRates.xml
16 ms. Memory: 129024K Free: 76080K (59%)
----------------- Invoking toplevel() on ptolemy.moml.MoMLSimpleApplication@889b927
----------------- Done invoking toplevel() on ptolemy.moml.MoMLSimpleApplication@889b927
reloadAllAccessors: .SameRates

===========================================================================================
----------------- testing Mon Aug 31 15:37:38 UTC 2020 /home/travis/build/icyphy/ptII/ptolemy/domains/hdf/kernel/test/auto/SameRefinedRates.xml
----------------- Instantiating /home/travis/build/icyphy/ptII/ptolemy/domains/hdf/kernel/test/auto/SameRefinedRates.xml
23 ms. Memory: 129024K Free: 62767K (49%)
----------------- Invoking toplevel() on ptolemy.moml.MoMLSimpleApplication@421a37a6
----------------- Done invoking toplevel() on ptolemy.moml.MoMLSimpleApplication@421a37a6
reloadAllAccessors: .SameRefinedRates

===========================================================================================
----------------- testing Mon Aug 31 15:37:38 UTC 2020 /home/travis/build/icyphy/ptII/ptolemy/domains/hdf/kernel/test/auto/SameRefinedRates2.xml
----------------- Instantiating /home/travis/build/icyphy/ptII/ptolemy/domains/hdf/kernel/test/auto/SameRefinedRates2.xml
20 ms. Memory: 129024K Free: 48431K (38%)
----------------- Invoking toplevel() on ptolemy.moml.MoMLSimpleApplication@6e8aa993
----------------- Done invoking toplevel() on ptolemy.moml.MoMLSimpleApplication@6e8aa993
reloadAllAccessors: .SameRefinedRates2

===========================================================================================
----------------- testing Mon Aug 31 15:37:38 UTC 2020 /home/travis/build/icyphy/ptII/ptolemy/domains/hdf/kernel/test/auto/TransientStates.xml
----------------- Instantiating /home/travis/build/icyphy/ptII/ptolemy/domains/hdf/kernel/test/auto/TransientStates.xml
36 ms. Memory: 163840K Free: 138445K (85%)
----------------- Invoking toplevel() on ptolemy.moml.MoMLSimpleApplication@7034a68a
----------------- Done invoking toplevel() on ptolemy.moml.MoMLSimpleApplication@7034a68a
reloadAllAccessors: .TransientStates

===========================================================================================
----------------- testing Mon Aug 31 15:37:38 UTC 2020 /home/travis/build/icyphy/ptII/ptolemy/domains/hdf/kernel/test/auto/TwoHammingCodec.xml
----------------- Instantiating /home/travis/build/icyphy/ptII/ptolemy/domains/hdf/kernel/test/auto/TwoHammingCodec.xml
43 ms. Memory: 163840K Free: 117965K (72%)
----------------- Invoking toplevel() on ptolemy.moml.MoMLSimpleApplication@64a053df
----------------- Done invoking toplevel() on ptolemy.moml.MoMLSimpleApplication@64a053df
reloadAllAccessors: .TwoHammingCodec

===========================================================================================
----------------- testing Mon Aug 31 15:37:38 UTC 2020 /home/travis/build/icyphy/ptII/ptolemy/domains/hdf/kernel/test/auto/TwoHammingCodec1.xml
----------------- Instantiating /home/travis/build/icyphy/ptII/ptolemy/domains/hdf/kernel/test/auto/TwoHammingCodec1.xml
40 ms. Memory: 163840K Free: 94413K (58%)
----------------- Invoking toplevel() on ptolemy.moml.MoMLSimpleApplication@3e4107e0
----------------- Done invoking toplevel() on ptolemy.moml.MoMLSimpleApplication@3e4107e0
reloadAllAccessors: .twoHammingCodec1

===========================================================================================
----------------- testing Mon Aug 31 15:37:38 UTC 2020 /home/travis/build/icyphy/ptII/ptolemy/domains/hdf/kernel/test/auto/TwoLevelHierarchy.xml
----------------- Instantiating /home/travis/build/icyphy/ptII/ptolemy/domains/hdf/kernel/test/auto/TwoLevelHierarchy.xml
56 ms. Memory: 163840K Free: 147260K (90%)
----------------- Invoking toplevel() on ptolemy.moml.MoMLSimpleApplication@5e621000
----------------- Done invoking toplevel() on ptolemy.moml.MoMLSimpleApplication@5e621000
reloadAllAccessors: .TwoLevelHierarchy

===========================================================================================
----------------- testing Mon Aug 31 15:37:38 UTC 2020 /home/travis/build/icyphy/ptII/ptolemy/domains/hdf/kernel/test/auto/TwoLevelHierarchy1.xml
----------------- Instantiating /home/travis/build/icyphy/ptII/ptolemy/domains/hdf/kernel/test/auto/TwoLevelHierarchy1.xml
61 ms. Memory: 163840K Free: 104510K (64%)
----------------- Invoking toplevel() on ptolemy.moml.MoMLSimpleApplication@7230707b
----------------- Done invoking toplevel() on ptolemy.moml.MoMLSimpleApplication@7230707b
reloadAllAccessors: .TwoLevelHierarchy1

===========================================================================================
----------------- testing Mon Aug 31 15:37:39 UTC 2020 /home/travis/build/icyphy/ptII/ptolemy/domains/hdf/kernel/test/auto/TwoLevelHierarchy2.xml
----------------- Instantiating /home/travis/build/icyphy/ptII/ptolemy/domains/hdf/kernel/test/auto/TwoLevelHierarchy2.xml
59 ms. Memory: 163840K Free: 70237K (43%)
----------------- Invoking toplevel() on ptolemy.moml.MoMLSimpleApplication@19e65207
----------------- Done invoking toplevel() on ptolemy.moml.MoMLSimpleApplication@19e65207
reloadAllAccessors: .TwoLevelHierarchy2

===========================================================================================
----------------- testing Mon Aug 31 15:37:39 UTC 2020 /home/travis/build/icyphy/ptII/ptolemy/domains/hdf/kernel/test/auto/TwoLevelHierarchyNullStates.xml
----------------- Instantiating /home/travis/build/icyphy/ptII/ptolemy/domains/hdf/kernel/test/auto/TwoLevelHierarchyNullStates.xml
62 ms. Memory: 163840K Free: 117451K (72%)
----------------- Invoking toplevel() on ptolemy.moml.MoMLSimpleApplication@ba7f52
----------------- Done invoking toplevel() on ptolemy.moml.MoMLSimpleApplication@ba7f52
reloadAllAccessors: .TwoLevelHierarchyNullStates

===========================================================================================
----------------- testing Mon Aug 31 15:37:39 UTC 2020 /home/travis/build/icyphy/ptII/ptolemy/domains/hdf/kernel/test/auto/TwoLevelHierarchyWithResets.xml
----------------- Instantiating /home/travis/build/icyphy/ptII/ptolemy/domains/hdf/kernel/test/auto/TwoLevelHierarchyWithResets.xml
72 ms. Memory: 163840K Free: 72875K (44%)
----------------- Invoking toplevel() on ptolemy.moml.MoMLSimpleApplication@44a1562a
----------------- Done invoking toplevel() on ptolemy.moml.MoMLSimpleApplication@44a1562a
reloadAllAccessors: .TwoLevelHierarchy1

===========================================================================================
----------------- testing Mon Aug 31 15:37:39 UTC 2020 /home/travis/build/icyphy/ptII/ptolemy/domains/hdf/kernel/test/auto/TwoLevelHierarchyWithResetsNullStates.xml
----------------- Instantiating /home/travis/build/icyphy/ptII/ptolemy/domains/hdf/kernel/test/auto/TwoLevelHierarchyWithResetsNullStates.xml
68 ms. Memory: 163840K Free: 109588K (67%)
----------------- Invoking toplevel() on ptolemy.moml.MoMLSimpleApplication@1868f265
----------------- Done invoking toplevel() on ptolemy.moml.MoMLSimpleApplication@1868f265
reloadAllAccessors: .TwoLevelHierarchyWithResetsNullStates

===========================================================================================
----------------- testing Mon Aug 31 15:37:39 UTC 2020 /home/travis/build/icyphy/ptII/ptolemy/domains/hdf/kernel/test/auto/WaterTank_HDF.xml
----------------- Instantiating /home/travis/build/icyphy/ptII/ptolemy/domains/hdf/kernel/test/auto/WaterTank_HDF.xml
54 ms. Memory: 163840K Free: 80931K (49%)
----------------- Invoking toplevel() on ptolemy.moml.MoMLSimpleApplication@77e00795
----------------- Done invoking toplevel() on ptolemy.moml.MoMLSimpleApplication@77e00795
reloadAllAccessors: .WaterTank_HDF

===========================================================================================
----------------- testing Mon Aug 31 15:37:39 UTC 2020 /home/travis/build/icyphy/ptII/ptolemy/domains/hdf/kernel/test/auto/WaterTank_HDF2.xml
----------------- Instantiating /home/travis/build/icyphy/ptII/ptolemy/domains/hdf/kernel/test/auto/WaterTank_HDF2.xml
67 ms. Memory: 163840K Free: 145257K (89%)
----------------- Invoking toplevel() on ptolemy.moml.MoMLSimpleApplication@5127c3bf
----------------- Done invoking toplevel() on ptolemy.moml.MoMLSimpleApplication@5127c3bf
reloadAllAccessors: .WaterTank_HDF2

===========================================================================================
----------------- testing Mon Aug 31 15:37:40 UTC 2020 /home/travis/build/icyphy/ptII/ptolemy/domains/hdf/kernel/test/auto/badFSMRateChanges.xml
----------------- Instantiating /home/travis/build/icyphy/ptII/ptolemy/domains/hdf/kernel/test/auto/badFSMRateChanges.xml
15 ms. Memory: 163840K Free: 130917K (80%)
----------------- Invoking toplevel() on ptolemy.moml.MoMLSimpleApplication@133fc20b
----------------- Done invoking toplevel() on ptolemy.moml.MoMLSimpleApplication@133fc20b
reloadAllAccessors: .badFSMRateChanges
AutoTests.java: About to close Vertx.
AutoTests.java: Vertx closed.
]]></system-out>
  <system-err><![CDATA[]]></system-err>
</testsuite>
