<?xml version="1.0" encoding="UTF-8" ?>
<testsuite errors="0" failures="0" hostname="travis-job-b561fc8e-6e65-441e-8f2d-98f18ab5299f" name="ptolemy.domains.sdf.test.junit.JUnitTclTest" skipped="0" tests="66" time="21.597" timestamp="2019-08-15T05:57:28">
  <properties>
[...]
</properties>
  <testcase classname="ptolemy.util.test.junit.TclTests" name="[0] /home/travis/build/icyphy/ptII/ptolemy/domains/sdf/test/SDFSchedulerErrors.tcl (RunTclFile)" time="1.009" />
  <testcase classname="ptolemy.util.test.junit.TclTests" name="[1] /home/travis/build/icyphy/ptII/ptolemy/domains/sdf/test/composition.tcl (RunTclFile)" time="0.222" />
  <testcase classname="ptolemy.util.test.junit.TclTests" name="[2] /home/travis/build/icyphy/ptII/ptolemy/domains/sdf/test/cycle.tcl (RunTclFile)" time="0.095" />
  <testcase classname="ptolemy.util.test.junit.AutoKnownFailedTests" name="[0] ThereAreNoKnowFailedTests (RunModel)" time="0.007" />
  <testcase classname="ptolemy.util.test.junit.AutoNameArchTests" name="[0] ThereAreNoAutoArchTests (RunModel)" time="0.003" />
  <testcase classname="ptolemy.util.test.junit.AutoTests" name="[0] /home/travis/build/icyphy/ptII/ptolemy/domains/sdf/test/auto/Array.xml (RunModel)" time="0.296" />
  <testcase classname="ptolemy.util.test.junit.AutoTests" name="[1] /home/travis/build/icyphy/ptII/ptolemy/domains/sdf/test/auto/Butterfly.xml (RunModel)" time="0.232" />
  <testcase classname="ptolemy.util.test.junit.AutoTests" name="[2] /home/travis/build/icyphy/ptII/ptolemy/domains/sdf/test/auto/Expression.xml (RunModel)" time="0.112" />
  <testcase classname="ptolemy.util.test.junit.AutoTests" name="[3] /home/travis/build/icyphy/ptII/ptolemy/domains/sdf/test/auto/Eye.xml (RunModel)" time="0.235" />
  <testcase classname="ptolemy.util.test.junit.AutoTests" name="[4] /home/travis/build/icyphy/ptII/ptolemy/domains/sdf/test/auto/FixFIR.xml (RunModel)" time="0.317" />
  <testcase classname="ptolemy.util.test.junit.AutoTests" name="[5] /home/travis/build/icyphy/ptII/ptolemy/domains/sdf/test/auto/FixPoint.xml (RunModel)" time="0.035" />
  <testcase classname="ptolemy.util.test.junit.AutoTests" name="[6] /home/travis/build/icyphy/ptII/ptolemy/domains/sdf/test/auto/Gravitation.xml (RunModel)" time="3.371" />
  <testcase classname="ptolemy.util.test.junit.AutoTests" name="[7] /home/travis/build/icyphy/ptII/ptolemy/domains/sdf/test/auto/GravitationWithCollisionDetection.xml (RunModel)" time="6.902" />
  <testcase classname="ptolemy.util.test.junit.AutoTests" name="[8] /home/travis/build/icyphy/ptII/ptolemy/domains/sdf/test/auto/HDF.xml (RunModel)" time="0.129" />
  <testcase classname="ptolemy.util.test.junit.AutoTests" name="[9] /home/travis/build/icyphy/ptII/ptolemy/domains/sdf/test/auto/HDFwithTransientStates.xml (RunModel)" time="0.107" />
  <testcase classname="ptolemy.util.test.junit.AutoTests" name="[10] /home/travis/build/icyphy/ptII/ptolemy/domains/sdf/test/auto/HTVQ.xml (RunModel)" time="0.947" />
  <testcase classname="ptolemy.util.test.junit.AutoTests" name="[11] /home/travis/build/icyphy/ptII/ptolemy/domains/sdf/test/auto/InferInitProduction.xml (RunModel)" time="0.045" />
  <testcase classname="ptolemy.util.test.junit.AutoTests" name="[12] /home/travis/build/icyphy/ptII/ptolemy/domains/sdf/test/auto/InferInitProductionDeeper.xml (RunModel)" time="0.024" />
  <testcase classname="ptolemy.util.test.junit.AutoTests" name="[13] /home/travis/build/icyphy/ptII/ptolemy/domains/sdf/test/auto/LMSAdaptive.xml (RunModel)" time="0.082" />
  <testcase classname="ptolemy.util.test.junit.AutoTests" name="[14] /home/travis/build/icyphy/ptII/ptolemy/domains/sdf/test/auto/LogisticMap.xml (RunModel)" time="0.486" />
  <testcase classname="ptolemy.util.test.junit.AutoTests" name="[15] /home/travis/build/icyphy/ptII/ptolemy/domains/sdf/test/auto/MaximumEntropySpectrum.xml (RunModel)" time="0.297" />
  <testcase classname="ptolemy.util.test.junit.AutoTests" name="[16] /home/travis/build/icyphy/ptII/ptolemy/domains/sdf/test/auto/MultirateSDF.xml (RunModel)" time="0.068" />
  <testcase classname="ptolemy.util.test.junit.AutoTests" name="[17] /home/travis/build/icyphy/ptII/ptolemy/domains/sdf/test/auto/MultirateSDFwithTransientStates.xml (RunModel)" time="0.087" />
  <testcase classname="ptolemy.util.test.junit.AutoTests" name="[18] /home/travis/build/icyphy/ptII/ptolemy/domains/sdf/test/auto/NoisySinewave.xml (RunModel)" time="0.08" />
  <testcase classname="ptolemy.util.test.junit.AutoTests" name="[19] /home/travis/build/icyphy/ptII/ptolemy/domains/sdf/test/auto/Objects.xml (RunModel)" time="0.049" />
  <testcase classname="ptolemy.util.test.junit.AutoTests" name="[20] /home/travis/build/icyphy/ptII/ptolemy/domains/sdf/test/auto/OrthogonalCom.xml (RunModel)" time="0.047" />
  <testcase classname="ptolemy.util.test.junit.AutoTests" name="[21] /home/travis/build/icyphy/ptII/ptolemy/domains/sdf/test/auto/RijndaelEncryption.xml (RunModel)" time="0.605" />
  <testcase classname="ptolemy.util.test.junit.AutoTests" name="[22] /home/travis/build/icyphy/ptII/ptolemy/domains/sdf/test/auto/SDFEmptyIterations.xml (RunModel)" time="0.022" />
  <testcase classname="ptolemy.util.test.junit.AutoTests" name="[23] /home/travis/build/icyphy/ptII/ptolemy/domains/sdf/test/auto/Spectrum.xml (RunModel)" time="0.113" />
  <testcase classname="ptolemy.util.test.junit.AutoTests" name="[24] /home/travis/build/icyphy/ptII/ptolemy/domains/sdf/test/auto/de_inside_sdf.xml (RunModel)" time="0.025" />
  <testcase classname="ptolemy.util.test.junit.AutoTests" name="[25] /home/travis/build/icyphy/ptII/ptolemy/domains/sdf/test/auto/disconnectedHierarchicalSDF.xml (RunModel)" time="0.026" />
  <testcase classname="ptolemy.util.test.junit.AutoTests" name="[26] /home/travis/build/icyphy/ptII/ptolemy/domains/sdf/test/auto/disconnectedSDF.xml (RunModel)" time="0.018" />
  <testcase classname="ptolemy.util.test.junit.AutoTests" name="[27] /home/travis/build/icyphy/ptII/ptolemy/domains/sdf/test/auto/emptyRefinement.xml (RunModel)" time="0.022" />
  <testcase classname="ptolemy.util.test.junit.AutoTests" name="[28] /home/travis/build/icyphy/ptII/ptolemy/domains/sdf/test/auto/filePortParameter.xml (RunModel)" time="0.044" />
  <testcase classname="ptolemy.util.test.junit.AutoTests" name="[29] /home/travis/build/icyphy/ptII/ptolemy/domains/sdf/test/auto/inferRelationWidth1.xml (RunModel)" time="0.014" />
  <testcase classname="ptolemy.util.test.junit.AutoTests" name="[30] /home/travis/build/icyphy/ptII/ptolemy/domains/sdf/test/auto/initProductionInference.xml (RunModel)" time="0.028" />
  <testcase classname="ptolemy.util.test.junit.AutoTests" name="[31] /home/travis/build/icyphy/ptII/ptolemy/domains/sdf/test/auto/relationGroup.xml (RunModel)" time="0.023" />
  <testcase classname="ptolemy.util.test.junit.AutoTests" name="[32] /home/travis/build/icyphy/ptII/ptolemy/domains/sdf/test/auto/relationGroup10.xml (RunModel)" time="0.024" />
  <testcase classname="ptolemy.util.test.junit.AutoTests" name="[33] /home/travis/build/icyphy/ptII/ptolemy/domains/sdf/test/auto/relationGroup11.xml (RunModel)" time="0.02" />
  <testcase classname="ptolemy.util.test.junit.AutoTests" name="[34] /home/travis/build/icyphy/ptII/ptolemy/domains/sdf/test/auto/relationGroup12.xml (RunModel)" time="0.014" />
  <testcase classname="ptolemy.util.test.junit.AutoTests" name="[35] /home/travis/build/icyphy/ptII/ptolemy/domains/sdf/test/auto/relationGroup13.xml (RunModel)" time="0.018" />
  <testcase classname="ptolemy.util.test.junit.AutoTests" name="[36] /home/travis/build/icyphy/ptII/ptolemy/domains/sdf/test/auto/relationGroup14.xml (RunModel)" time="0.014" />
  <testcase classname="ptolemy.util.test.junit.AutoTests" name="[37] /home/travis/build/icyphy/ptII/ptolemy/domains/sdf/test/auto/relationGroup15.xml (RunModel)" time="0.014" />
  <testcase classname="ptolemy.util.test.junit.AutoTests" name="[38] /home/travis/build/icyphy/ptII/ptolemy/domains/sdf/test/auto/relationGroup2.xml (RunModel)" time="0.01" />
  <testcase classname="ptolemy.util.test.junit.AutoTests" name="[39] /home/travis/build/icyphy/ptII/ptolemy/domains/sdf/test/auto/relationGroup3.xml (RunModel)" time="0.014" />
  <testcase classname="ptolemy.util.test.junit.AutoTests" name="[40] /home/travis/build/icyphy/ptII/ptolemy/domains/sdf/test/auto/relationGroup4.xml (RunModel)" time="0.015" />
  <testcase classname="ptolemy.util.test.junit.AutoTests" name="[41] /home/travis/build/icyphy/ptII/ptolemy/domains/sdf/test/auto/relationGroup5.xml (RunModel)" time="0.018" />
  <testcase classname="ptolemy.util.test.junit.AutoTests" name="[42] /home/travis/build/icyphy/ptII/ptolemy/domains/sdf/test/auto/relationGroup6.xml (RunModel)" time="0.012" />
  <testcase classname="ptolemy.util.test.junit.AutoTests" name="[43] /home/travis/build/icyphy/ptII/ptolemy/domains/sdf/test/auto/relationGroup7.xml (RunModel)" time="0.014" />
  <testcase classname="ptolemy.util.test.junit.AutoTests" name="[44] /home/travis/build/icyphy/ptII/ptolemy/domains/sdf/test/auto/relationGroup8.xml (RunModel)" time="0.016" />
  <testcase classname="ptolemy.util.test.junit.AutoTests" name="[45] /home/travis/build/icyphy/ptII/ptolemy/domains/sdf/test/auto/relationGroup9.xml (RunModel)" time="0.014" />
  <testcase classname="ptolemy.util.test.junit.AutoTests" name="[46] /home/travis/build/icyphy/ptII/ptolemy/domains/sdf/test/auto/sdf_inside_de.xml (RunModel)" time="0.037" />
  <testcase classname="ptolemy.util.test.junit.AutoTests" name="[47] /home/travis/build/icyphy/ptII/ptolemy/domains/sdf/test/auto/sdf_inside_pn.xml (RunModel)" time="0.072" />
  <testcase classname="ptolemy.util.test.junit.AutoTests" name="[48] /home/travis/build/icyphy/ptII/ptolemy/domains/sdf/test/auto/sdf_sdf1.xml (RunModel)" time="0.023" />
  <testcase classname="ptolemy.util.test.junit.AutoTests" name="[49] /home/travis/build/icyphy/ptII/ptolemy/domains/sdf/test/auto/test1.xml (RunModel)" time="0.016" />
  <testcase classname="ptolemy.util.test.junit.AutoTests" name="[50] /home/travis/build/icyphy/ptII/ptolemy/domains/sdf/test/auto/time1.xml (RunModel)" time="0.01" />
  <testcase classname="ptolemy.util.test.junit.AutoTests" name="[51] /home/travis/build/icyphy/ptII/ptolemy/domains/sdf/test/auto/time2.xml (RunModel)" time="0.01" />
  <testcase classname="ptolemy.util.test.junit.AutoTests" name="[52] /home/travis/build/icyphy/ptII/ptolemy/domains/sdf/test/auto/time3.xml (RunModel)" time="0.024" />
  <testcase classname="ptolemy.util.test.junit.AutoTests" name="[53] /home/travis/build/icyphy/ptII/ptolemy/domains/sdf/test/auto/time4.xml (RunModel)" time="0.018" />
  <testcase classname="ptolemy.util.test.junit.AutoTests" name="[54] /home/travis/build/icyphy/ptII/ptolemy/domains/sdf/test/auto/time5.xml (RunModel)" time="4.009" />
  <testcase classname="ptolemy.util.test.junit.AutoTests" name="[55] /home/travis/build/icyphy/ptII/ptolemy/domains/sdf/test/auto/typeSystem_Const_Integer_smallest_Type.xml (RunModel)" time="0.028" />
  <testcase classname="ptolemy.util.test.junit.AutoTests" name="[56] /home/travis/build/icyphy/ptII/ptolemy/domains/sdf/test/auto/typeSystem_declared_Inports_OutportTypeException.xml (RunModel)" time="0.021" />
  <testcase classname="ptolemy.util.test.junit.AutoTests" name="[57] /home/travis/build/icyphy/ptII/ptolemy/domains/sdf/test/auto/typeSystem_oneDeclaredInportType_wrongTypeOutport.xml (RunModel)" time="0.021" />
  <testcase classname="ptolemy.util.test.junit.AutoTests" name="[58] /home/travis/build/icyphy/ptII/ptolemy/domains/sdf/test/auto/width.xml (RunModel)" time="0.011" />
  <testcase classname="ptolemy.util.test.junit.AutoTests" name="[59] /home/travis/build/icyphy/ptII/ptolemy/domains/sdf/test/auto/width2.xml (RunModel)" time="0.041" />
  <testcase classname="ptolemy.util.test.junit.AutoTests" name="[60] /home/travis/build/icyphy/ptII/ptolemy/domains/sdf/test/auto/width3.xml (RunModel)" time="0.042" />
  <system-out><![CDATA[/home/travis/build/icyphy/ptII/ptolemy/domains/sdf/test/SDFSchedulerErrors.tcl
testDefs.tcl: setting time out to 9000 seconds at Thu Aug 15 05:57:28 UTC 2019
78 ms. Memory: 120832K Free: 82370K (68%)
12 ms. Memory: 120832K Free: 74692K (62%)
9 ms. Memory: 120832K Free: 68548K (57%)
13 ms. Memory: 120832K Free: 65476K (54%)
/home/travis/build/icyphy/ptII/ptolemy/domains/sdf/test/composition.tcl
67 ms. Memory: 120832K Free: 61380K (51%)
26 ms. Memory: 120832K Free: 59332K (49%)
/home/travis/build/icyphy/ptII/ptolemy/domains/sdf/test/cycle.tcl
.Toplevel.Director Preinitializing ...
Invoking preinitialize():  .Toplevel.Actor1
Invoking preinitialize():  .Toplevel.Actor2
Invoking preinitialize():  .Toplevel.Delay
.Toplevel.Director Finished preinitialize().
### Schedule:
Execute Schedule{
Fire Actor ptolemy.domains.sdf.kernel.test.SDFTestDelay {.Toplevel.Actor1}
Fire Actor ptolemy.domains.sdf.kernel.test.SDFTestDelay {.Toplevel.Actor2}
Fire Actor ptolemy.domains.sdf.lib.SampleDelay {.Toplevel.Delay}
}
### End schedule
Called initialize().
Invoking initialize():  .Toplevel.Actor1
Initializing actor: .Toplevel.Actor1.
Invoking initialize():  .Toplevel.Actor2
Initializing actor: .Toplevel.Actor2.
Invoking initialize():  .Toplevel.Delay
Initializing actor: .Toplevel.Delay.
Director: Called prefire().
-- Setting current time to 0.0
Director prefire returns true.
The actor .Toplevel.Actor1 will be iterated.
The actor .Toplevel.Actor1 was iterated.
The actor .Toplevel.Actor2 will be iterated.
The actor .Toplevel.Actor2 was iterated.
The actor .Toplevel.Delay will be iterated.
The actor .Toplevel.Delay was iterated.
Director: Called postfire().
Postfire returns: true
Director: Called prefire().
-- Setting current time to 0.0
Director prefire returns true.
The actor .Toplevel.Actor1 will be iterated.
The actor .Toplevel.Actor1 was iterated.
The actor .Toplevel.Actor2 will be iterated.
The actor .Toplevel.Actor2 was iterated.
The actor .Toplevel.Delay will be iterated.
The actor .Toplevel.Delay was iterated.
Director: Called postfire().
Postfire returns: true
Director: Called prefire().
-- Setting current time to 0.0
Director prefire returns true.
The actor .Toplevel.Actor1 will be iterated.
The actor .Toplevel.Actor1 was iterated.
The actor .Toplevel.Actor2 will be iterated.
The actor .Toplevel.Actor2 was iterated.
The actor .Toplevel.Delay will be iterated.
The actor .Toplevel.Delay was iterated.
Director: Called postfire().
Postfire returns: true
Director: Called prefire().
-- Setting current time to 0.0
Director prefire returns true.
The actor .Toplevel.Actor1 will be iterated.
The actor .Toplevel.Actor1 was iterated.
The actor .Toplevel.Actor2 will be iterated.
The actor .Toplevel.Actor2 was iterated.
The actor .Toplevel.Delay will be iterated.
The actor .Toplevel.Delay was iterated.
Director: Called postfire().
Postfire returns: true
Director: Called prefire().
-- Setting current time to 0.0
Director prefire returns true.
The actor .Toplevel.Actor1 will be iterated.
The actor .Toplevel.Actor1 was iterated.
The actor .Toplevel.Actor2 will be iterated.
The actor .Toplevel.Actor2 was iterated.
The actor .Toplevel.Delay will be iterated.
The actor .Toplevel.Delay was iterated.
Director: Called postfire().
Postfire returns: true
Director: Called prefire().
-- Setting current time to 0.0
Director prefire returns true.
The actor .Toplevel.Actor1 will be iterated.
The actor .Toplevel.Actor1 was iterated.
The actor .Toplevel.Actor2 will be iterated.
The actor .Toplevel.Actor2 was iterated.
The actor .Toplevel.Delay will be iterated.
The actor .Toplevel.Delay was iterated.
Reached specified number of iterations: 6
Director: Called wrapup().
49 ms. Memory: 120832K Free: 56770K (47%)
08/15/19 05:57:29
Failed: 0  Total Tests: 8  ((Passed: 8, Newly Passed: 0)  Known Failed: 0) /home/travis/build/icyphy/ptII/ptolemy/domains/sdf/test
No auto/knownFailedTests/*.xml tests in /home/travis/build/icyphy/ptII/ptolemy/domains/sdf/test
No auto/linux-amd64/*.xml tests in /home/travis/build/icyphy/ptII/ptolemy/domains/sdf/test
AutoTests.java: About to close Vertx.
AutoTests.java: Vertx closed.

===========================================================================================
----------------- testing Thu Aug 15 05:57:30 UTC 2019 /home/travis/build/icyphy/ptII/ptolemy/domains/sdf/test/auto/Array.xml
----------------- Instantiating /home/travis/build/icyphy/ptII/ptolemy/domains/sdf/test/auto/Array.xml
65 ms. Memory: 120832K Free: 96057K (79%)
----------------- Invoking toplevel() on ptolemy.moml.MoMLSimpleApplication@3bf57b9
----------------- Done invoking toplevel() on ptolemy.moml.MoMLSimpleApplication@3bf57b9
reloadAllAccessors: .Array

===========================================================================================
----------------- testing Thu Aug 15 05:57:30 UTC 2019 /home/travis/build/icyphy/ptII/ptolemy/domains/sdf/test/auto/Butterfly.xml
----------------- Instantiating /home/travis/build/icyphy/ptII/ptolemy/domains/sdf/test/auto/Butterfly.xml
150 ms. Memory: 120832K Free: 90534K (75%)
----------------- Invoking toplevel() on ptolemy.moml.MoMLSimpleApplication@7388008e
----------------- Done invoking toplevel() on ptolemy.moml.MoMLSimpleApplication@7388008e
reloadAllAccessors: .Butterfly

===========================================================================================
----------------- testing Thu Aug 15 05:57:30 UTC 2019 /home/travis/build/icyphy/ptII/ptolemy/domains/sdf/test/auto/Expression.xml
----------------- Instantiating /home/travis/build/icyphy/ptII/ptolemy/domains/sdf/test/auto/Expression.xml
79 ms. Memory: 120832K Free: 106328K (88%)
----------------- Invoking toplevel() on ptolemy.moml.MoMLSimpleApplication@678ddf8c
----------------- Done invoking toplevel() on ptolemy.moml.MoMLSimpleApplication@678ddf8c
reloadAllAccessors: .Expression

===========================================================================================
----------------- testing Thu Aug 15 05:57:30 UTC 2019 /home/travis/build/icyphy/ptII/ptolemy/domains/sdf/test/auto/Eye.xml
----------------- Instantiating /home/travis/build/icyphy/ptII/ptolemy/domains/sdf/test/auto/Eye.xml
142 ms. Memory: 120832K Free: 81243K (67%)
----------------- Invoking toplevel() on ptolemy.moml.MoMLSimpleApplication@2f478a4a
----------------- Done invoking toplevel() on ptolemy.moml.MoMLSimpleApplication@2f478a4a
reloadAllAccessors: .Eye

===========================================================================================
----------------- testing Thu Aug 15 05:57:31 UTC 2019 /home/travis/build/icyphy/ptII/ptolemy/domains/sdf/test/auto/FixFIR.xml
----------------- Instantiating /home/travis/build/icyphy/ptII/ptolemy/domains/sdf/test/auto/FixFIR.xml
156 ms. Memory: 120832K Free: 81650K (68%)
----------------- Invoking toplevel() on ptolemy.moml.MoMLSimpleApplication@4e140738
----------------- Done invoking toplevel() on ptolemy.moml.MoMLSimpleApplication@4e140738
reloadAllAccessors: .FixFIR

===========================================================================================
----------------- testing Thu Aug 15 05:57:31 UTC 2019 /home/travis/build/icyphy/ptII/ptolemy/domains/sdf/test/auto/FixPoint.xml
----------------- Instantiating /home/travis/build/icyphy/ptII/ptolemy/domains/sdf/test/auto/FixPoint.xml
9 ms. Memory: 120832K Free: 77655K (64%)
----------------- Invoking toplevel() on ptolemy.moml.MoMLSimpleApplication@4a711f7a
----------------- Done invoking toplevel() on ptolemy.moml.MoMLSimpleApplication@4a711f7a
reloadAllAccessors: .FixPoint

===========================================================================================
----------------- testing Thu Aug 15 05:57:31 UTC 2019 /home/travis/build/icyphy/ptII/ptolemy/domains/sdf/test/auto/Gravitation.xml
----------------- Instantiating /home/travis/build/icyphy/ptII/ptolemy/domains/sdf/test/auto/Gravitation.xml
3239 ms. Memory: 145408K Free: 94426K (65%)
----------------- Invoking toplevel() on ptolemy.moml.MoMLSimpleApplication@23a751db
----------------- Done invoking toplevel() on ptolemy.moml.MoMLSimpleApplication@23a751db
reloadAllAccessors: .Gravitation

===========================================================================================
----------------- testing Thu Aug 15 05:57:34 UTC 2019 /home/travis/build/icyphy/ptII/ptolemy/domains/sdf/test/auto/GravitationWithCollisionDetection.xml
----------------- Instantiating /home/travis/build/icyphy/ptII/ptolemy/domains/sdf/test/auto/GravitationWithCollisionDetection.xml
6665 ms. Memory: 342016K Free: 323425K (95%)
----------------- Invoking toplevel() on ptolemy.moml.MoMLSimpleApplication@5f62cdfa
----------------- Done invoking toplevel() on ptolemy.moml.MoMLSimpleApplication@5f62cdfa
reloadAllAccessors: .GravitationWithCollisionDetection

===========================================================================================
----------------- testing Thu Aug 15 05:57:41 UTC 2019 /home/travis/build/icyphy/ptII/ptolemy/domains/sdf/test/auto/HDF.xml
----------------- Instantiating /home/travis/build/icyphy/ptII/ptolemy/domains/sdf/test/auto/HDF.xml
67 ms. Memory: 342016K Free: 307569K (90%)
----------------- Invoking toplevel() on ptolemy.moml.MoMLSimpleApplication@32822a61
----------------- Done invoking toplevel() on ptolemy.moml.MoMLSimpleApplication@32822a61
reloadAllAccessors: .HDF

===========================================================================================
----------------- testing Thu Aug 15 05:57:41 UTC 2019 /home/travis/build/icyphy/ptII/ptolemy/domains/sdf/test/auto/HDFwithTransientStates.xml
----------------- Instantiating /home/travis/build/icyphy/ptII/ptolemy/domains/sdf/test/auto/HDFwithTransientStates.xml
24 ms. Memory: 342016K Free: 288623K (84%)
----------------- Invoking toplevel() on ptolemy.moml.MoMLSimpleApplication@72dd5c8a
----------------- Done invoking toplevel() on ptolemy.moml.MoMLSimpleApplication@72dd5c8a
reloadAllAccessors: .HDFwithTransientStates

===========================================================================================
----------------- testing Thu Aug 15 05:57:42 UTC 2019 /home/travis/build/icyphy/ptII/ptolemy/domains/sdf/test/auto/HTVQ.xml
----------------- Instantiating /home/travis/build/icyphy/ptII/ptolemy/domains/sdf/test/auto/HTVQ.xml
900 ms. Memory: 342016K Free: 127756K (37%)
----------------- Invoking toplevel() on ptolemy.moml.MoMLSimpleApplication@5a62bf34
----------------- Done invoking toplevel() on ptolemy.moml.MoMLSimpleApplication@5a62bf34
reloadAllAccessors: .HTVQ

===========================================================================================
----------------- testing Thu Aug 15 05:57:43 UTC 2019 /home/travis/build/icyphy/ptII/ptolemy/domains/sdf/test/auto/InferInitProduction.xml
----------------- Instantiating /home/travis/build/icyphy/ptII/ptolemy/domains/sdf/test/auto/InferInitProduction.xml
22 ms. Memory: 342016K Free: 324148K (95%)
----------------- Invoking toplevel() on ptolemy.moml.MoMLSimpleApplication@1eabf470
----------------- Done invoking toplevel() on ptolemy.moml.MoMLSimpleApplication@1eabf470
reloadAllAccessors: .InferInitProduction

===========================================================================================
----------------- testing Thu Aug 15 05:57:43 UTC 2019 /home/travis/build/icyphy/ptII/ptolemy/domains/sdf/test/auto/InferInitProductionDeeper.xml
----------------- Instantiating /home/travis/build/icyphy/ptII/ptolemy/domains/sdf/test/auto/InferInitProductionDeeper.xml
5 ms. Memory: 342016K Free: 317755K (93%)
----------------- Invoking toplevel() on ptolemy.moml.MoMLSimpleApplication@6a4c30d1
----------------- Done invoking toplevel() on ptolemy.moml.MoMLSimpleApplication@6a4c30d1
reloadAllAccessors: .InferInitProductionDeeper

===========================================================================================
----------------- testing Thu Aug 15 05:57:43 UTC 2019 /home/travis/build/icyphy/ptII/ptolemy/domains/sdf/test/auto/LMSAdaptive.xml
----------------- Instantiating /home/travis/build/icyphy/ptII/ptolemy/domains/sdf/test/auto/LMSAdaptive.xml
16 ms. Memory: 342016K Free: 308553K (90%)
----------------- Invoking toplevel() on ptolemy.moml.MoMLSimpleApplication@734aad18
----------------- Done invoking toplevel() on ptolemy.moml.MoMLSimpleApplication@734aad18
reloadAllAccessors: .LMSAdaptive

===========================================================================================
----------------- testing Thu Aug 15 05:57:43 UTC 2019 /home/travis/build/icyphy/ptII/ptolemy/domains/sdf/test/auto/LogisticMap.xml
----------------- Instantiating /home/travis/build/icyphy/ptII/ptolemy/domains/sdf/test/auto/LogisticMap.xml
456 ms. Memory: 342016K Free: 302409K (88%)
----------------- Invoking toplevel() on ptolemy.moml.MoMLSimpleApplication@cd12710
----------------- Done invoking toplevel() on ptolemy.moml.MoMLSimpleApplication@cd12710
reloadAllAccessors: .LogisticMap

===========================================================================================
----------------- testing Thu Aug 15 05:57:43 UTC 2019 /home/travis/build/icyphy/ptII/ptolemy/domains/sdf/test/auto/MaximumEntropySpectrum.xml
----------------- Instantiating /home/travis/build/icyphy/ptII/ptolemy/domains/sdf/test/auto/MaximumEntropySpectrum.xml
75 ms. Memory: 342016K Free: 240969K (70%)
----------------- Invoking toplevel() on ptolemy.moml.MoMLSimpleApplication@2c9c1d21
----------------- Done invoking toplevel() on ptolemy.moml.MoMLSimpleApplication@2c9c1d21
reloadAllAccessors: .MaximumEntropySpectrum

===========================================================================================
----------------- testing Thu Aug 15 05:57:43 UTC 2019 /home/travis/build/icyphy/ptII/ptolemy/domains/sdf/test/auto/MultirateSDF.xml
----------------- Instantiating /home/travis/build/icyphy/ptII/ptolemy/domains/sdf/test/auto/MultirateSDF.xml
24 ms. Memory: 342016K Free: 226123K (66%)
----------------- Invoking toplevel() on ptolemy.moml.MoMLSimpleApplication@3f9e5602
----------------- Done invoking toplevel() on ptolemy.moml.MoMLSimpleApplication@3f9e5602
reloadAllAccessors: .MultirateSDF

===========================================================================================
----------------- testing Thu Aug 15 05:57:44 UTC 2019 /home/travis/build/icyphy/ptII/ptolemy/domains/sdf/test/auto/MultirateSDFwithTransientStates.xml
----------------- Instantiating /home/travis/build/icyphy/ptII/ptolemy/domains/sdf/test/auto/MultirateSDFwithTransientStates.xml
23 ms. Memory: 342016K Free: 207177K (61%)
----------------- Invoking toplevel() on ptolemy.moml.MoMLSimpleApplication@78c5b43f
----------------- Done invoking toplevel() on ptolemy.moml.MoMLSimpleApplication@78c5b43f
reloadAllAccessors: .MultirateSDFwithTransientStates

===========================================================================================
----------------- testing Thu Aug 15 05:57:44 UTC 2019 /home/travis/build/icyphy/ptII/ptolemy/domains/sdf/test/auto/NoisySinewave.xml
----------------- Instantiating /home/travis/build/icyphy/ptII/ptolemy/domains/sdf/test/auto/NoisySinewave.xml
17 ms. Memory: 342016K Free: 190283K (56%)
----------------- Invoking toplevel() on ptolemy.moml.MoMLSimpleApplication@603d3814
----------------- Done invoking toplevel() on ptolemy.moml.MoMLSimpleApplication@603d3814
reloadAllAccessors: .NoisySinewave

===========================================================================================
----------------- testing Thu Aug 15 05:57:44 UTC 2019 /home/travis/build/icyphy/ptII/ptolemy/domains/sdf/test/auto/Objects.xml
----------------- Instantiating /home/travis/build/icyphy/ptII/ptolemy/domains/sdf/test/auto/Objects.xml
5 ms. Memory: 342016K Free: 182601K (53%)
----------------- Invoking toplevel() on ptolemy.moml.MoMLSimpleApplication@284ba999
----------------- Done invoking toplevel() on ptolemy.moml.MoMLSimpleApplication@284ba999
reloadAllAccessors: .Objects

===========================================================================================
----------------- testing Thu Aug 15 05:57:44 UTC 2019 /home/travis/build/icyphy/ptII/ptolemy/domains/sdf/test/auto/OrthogonalCom.xml
----------------- Instantiating /home/travis/build/icyphy/ptII/ptolemy/domains/sdf/test/auto/OrthogonalCom.xml
6 ms. Memory: 342016K Free: 175433K (51%)
----------------- Invoking toplevel() on ptolemy.moml.MoMLSimpleApplication@530d24d9
----------------- Done invoking toplevel() on ptolemy.moml.MoMLSimpleApplication@530d24d9
reloadAllAccessors: .OrthogonalCom

===========================================================================================
----------------- testing Thu Aug 15 05:57:44 UTC 2019 /home/travis/build/icyphy/ptII/ptolemy/domains/sdf/test/auto/RijndaelEncryption.xml
----------------- Instantiating /home/travis/build/icyphy/ptII/ptolemy/domains/sdf/test/auto/RijndaelEncryption.xml
282 ms. Memory: 342016K Free: 231387K (68%)
----------------- Invoking toplevel() on ptolemy.moml.MoMLSimpleApplication@623b6a83
----------------- Done invoking toplevel() on ptolemy.moml.MoMLSimpleApplication@623b6a83
reloadAllAccessors: .RijndaelEncryption

===========================================================================================
----------------- testing Thu Aug 15 05:57:44 UTC 2019 /home/travis/build/icyphy/ptII/ptolemy/domains/sdf/test/auto/SDFEmptyIterations.xml
----------------- Instantiating /home/travis/build/icyphy/ptII/ptolemy/domains/sdf/test/auto/SDFEmptyIterations.xml
8 ms. Memory: 342016K Free: 226763K (66%)
----------------- Invoking toplevel() on ptolemy.moml.MoMLSimpleApplication@43be76e3
----------------- Done invoking toplevel() on ptolemy.moml.MoMLSimpleApplication@43be76e3
reloadAllAccessors: .SDFEmptyIterations

===========================================================================================
----------------- testing Thu Aug 15 05:57:44 UTC 2019 /home/travis/build/icyphy/ptII/ptolemy/domains/sdf/test/auto/Spectrum.xml
----------------- Instantiating /home/travis/build/icyphy/ptII/ptolemy/domains/sdf/test/auto/Spectrum.xml
42 ms. Memory: 342016K Free: 202201K (59%)
----------------- Invoking toplevel() on ptolemy.moml.MoMLSimpleApplication@7e52b041
----------------- Done invoking toplevel() on ptolemy.moml.MoMLSimpleApplication@7e52b041
reloadAllAccessors: .Spectrum

===========================================================================================
----------------- testing Thu Aug 15 05:57:45 UTC 2019 /home/travis/build/icyphy/ptII/ptolemy/domains/sdf/test/auto/de_inside_sdf.xml
----------------- Instantiating /home/travis/build/icyphy/ptII/ptolemy/domains/sdf/test/auto/de_inside_sdf.xml
8 ms. Memory: 342016K Free: 197051K (58%)
----------------- Invoking toplevel() on ptolemy.moml.MoMLSimpleApplication@1809cc89
----------------- Done invoking toplevel() on ptolemy.moml.MoMLSimpleApplication@1809cc89
reloadAllAccessors: .de_inside_sdf

===========================================================================================
----------------- testing Thu Aug 15 05:57:45 UTC 2019 /home/travis/build/icyphy/ptII/ptolemy/domains/sdf/test/auto/disconnectedHierarchicalSDF.xml
----------------- Instantiating /home/travis/build/icyphy/ptII/ptolemy/domains/sdf/test/auto/disconnectedHierarchicalSDF.xml
5 ms. Memory: 342016K Free: 190923K (56%)
----------------- Invoking toplevel() on ptolemy.moml.MoMLSimpleApplication@60492f4a
----------------- Done invoking toplevel() on ptolemy.moml.MoMLSimpleApplication@60492f4a
reloadAllAccessors: .disconnectedHierarchicalSDF

===========================================================================================
----------------- testing Thu Aug 15 05:57:45 UTC 2019 /home/travis/build/icyphy/ptII/ptolemy/domains/sdf/test/auto/disconnectedSDF.xml
----------------- Instantiating /home/travis/build/icyphy/ptII/ptolemy/domains/sdf/test/auto/disconnectedSDF.xml
3 ms. Memory: 342016K Free: 186841K (55%)
----------------- Invoking toplevel() on ptolemy.moml.MoMLSimpleApplication@26156bc
----------------- Done invoking toplevel() on ptolemy.moml.MoMLSimpleApplication@26156bc
reloadAllAccessors: .disconnectedSDF

===========================================================================================
----------------- testing Thu Aug 15 05:57:45 UTC 2019 /home/travis/build/icyphy/ptII/ptolemy/domains/sdf/test/auto/emptyRefinement.xml
----------------- Instantiating /home/travis/build/icyphy/ptII/ptolemy/domains/sdf/test/auto/emptyRefinement.xml
6 ms. Memory: 342016K Free: 182235K (53%)
----------------- Invoking toplevel() on ptolemy.moml.MoMLSimpleApplication@3e0172ac
----------------- Done invoking toplevel() on ptolemy.moml.MoMLSimpleApplication@3e0172ac
reloadAllAccessors: .emptyRefinement

===========================================================================================
----------------- testing Thu Aug 15 05:57:45 UTC 2019 /home/travis/build/icyphy/ptII/ptolemy/domains/sdf/test/auto/filePortParameter.xml
----------------- Instantiating /home/travis/build/icyphy/ptII/ptolemy/domains/sdf/test/auto/filePortParameter.xml
15 ms. Memory: 342016K Free: 175067K (51%)
----------------- Invoking toplevel() on ptolemy.moml.MoMLSimpleApplication@56132c36
----------------- Done invoking toplevel() on ptolemy.moml.MoMLSimpleApplication@56132c36
reloadAllAccessors: .filePortParameter

===========================================================================================
----------------- testing Thu Aug 15 05:57:45 UTC 2019 /home/travis/build/icyphy/ptII/ptolemy/domains/sdf/test/auto/inferRelationWidth1.xml
----------------- Instantiating /home/travis/build/icyphy/ptII/ptolemy/domains/sdf/test/auto/inferRelationWidth1.xml
2 ms. Memory: 342016K Free: 171995K (50%)
----------------- Invoking toplevel() on ptolemy.moml.MoMLSimpleApplication@76d4065a
----------------- Done invoking toplevel() on ptolemy.moml.MoMLSimpleApplication@76d4065a
reloadAllAccessors: .inferRelationWidth1

===========================================================================================
----------------- testing Thu Aug 15 05:57:45 UTC 2019 /home/travis/build/icyphy/ptII/ptolemy/domains/sdf/test/auto/initProductionInference.xml
----------------- Instantiating /home/travis/build/icyphy/ptII/ptolemy/domains/sdf/test/auto/initProductionInference.xml
12 ms. Memory: 342016K Free: 167899K (49%)
----------------- Invoking toplevel() on ptolemy.moml.MoMLSimpleApplication@21118274
----------------- Done invoking toplevel() on ptolemy.moml.MoMLSimpleApplication@21118274
reloadAllAccessors: .initProductionInference

===========================================================================================
----------------- testing Thu Aug 15 05:57:45 UTC 2019 /home/travis/build/icyphy/ptII/ptolemy/domains/sdf/test/auto/relationGroup.xml
----------------- Instantiating /home/travis/build/icyphy/ptII/ptolemy/domains/sdf/test/auto/relationGroup.xml
3 ms. Memory: 342016K Free: 164827K (48%)
----------------- Invoking toplevel() on ptolemy.moml.MoMLSimpleApplication@4580187f
----------------- Done invoking toplevel() on ptolemy.moml.MoMLSimpleApplication@4580187f
reloadAllAccessors: .relationGroup

===========================================================================================
----------------- testing Thu Aug 15 05:57:45 UTC 2019 /home/travis/build/icyphy/ptII/ptolemy/domains/sdf/test/auto/relationGroup10.xml
----------------- Instantiating /home/travis/build/icyphy/ptII/ptolemy/domains/sdf/test/auto/relationGroup10.xml
3 ms. Memory: 342016K Free: 161241K (47%)
----------------- Invoking toplevel() on ptolemy.moml.MoMLSimpleApplication@20502c4e
----------------- Done invoking toplevel() on ptolemy.moml.MoMLSimpleApplication@20502c4e
reloadAllAccessors: .relationGroup10

===========================================================================================
----------------- testing Thu Aug 15 05:57:45 UTC 2019 /home/travis/build/icyphy/ptII/ptolemy/domains/sdf/test/auto/relationGroup11.xml
----------------- Instantiating /home/travis/build/icyphy/ptII/ptolemy/domains/sdf/test/auto/relationGroup11.xml
6 ms. Memory: 342016K Free: 157659K (46%)
----------------- Invoking toplevel() on ptolemy.moml.MoMLSimpleApplication@36c6c7e0
----------------- Done invoking toplevel() on ptolemy.moml.MoMLSimpleApplication@36c6c7e0
reloadAllAccessors: .relationGroup11

===========================================================================================
----------------- testing Thu Aug 15 05:57:45 UTC 2019 /home/travis/build/icyphy/ptII/ptolemy/domains/sdf/test/auto/relationGroup12.xml
----------------- Instantiating /home/travis/build/icyphy/ptII/ptolemy/domains/sdf/test/auto/relationGroup12.xml
2 ms. Memory: 342016K Free: 154073K (45%)
----------------- Invoking toplevel() on ptolemy.moml.MoMLSimpleApplication@162ca11f
----------------- Done invoking toplevel() on ptolemy.moml.MoMLSimpleApplication@162ca11f
reloadAllAccessors: .relationGroup12

===========================================================================================
----------------- testing Thu Aug 15 05:57:45 UTC 2019 /home/travis/build/icyphy/ptII/ptolemy/domains/sdf/test/auto/relationGroup13.xml
----------------- Instantiating /home/travis/build/icyphy/ptII/ptolemy/domains/sdf/test/auto/relationGroup13.xml
9 ms. Memory: 342016K Free: 149467K (44%)
----------------- Invoking toplevel() on ptolemy.moml.MoMLSimpleApplication@3a601c2b
----------------- Done invoking toplevel() on ptolemy.moml.MoMLSimpleApplication@3a601c2b
reloadAllAccessors: .relationGroup13

===========================================================================================
----------------- testing Thu Aug 15 05:57:45 UTC 2019 /home/travis/build/icyphy/ptII/ptolemy/domains/sdf/test/auto/relationGroup14.xml
----------------- Instantiating /home/travis/build/icyphy/ptII/ptolemy/domains/sdf/test/auto/relationGroup14.xml
3 ms. Memory: 342016K Free: 144857K (42%)
----------------- Invoking toplevel() on ptolemy.moml.MoMLSimpleApplication@989c46
----------------- Done invoking toplevel() on ptolemy.moml.MoMLSimpleApplication@989c46
reloadAllAccessors: .relationGroup14

===========================================================================================
----------------- testing Thu Aug 15 05:57:45 UTC 2019 /home/travis/build/icyphy/ptII/ptolemy/domains/sdf/test/auto/relationGroup15.xml
----------------- Instantiating /home/travis/build/icyphy/ptII/ptolemy/domains/sdf/test/auto/relationGroup15.xml
1 ms. Memory: 342016K Free: 141275K (41%)
----------------- Invoking toplevel() on ptolemy.moml.MoMLSimpleApplication@670cc6df
----------------- Done invoking toplevel() on ptolemy.moml.MoMLSimpleApplication@670cc6df
reloadAllAccessors: .relationGroup15

===========================================================================================
----------------- testing Thu Aug 15 05:57:45 UTC 2019 /home/travis/build/icyphy/ptII/ptolemy/domains/sdf/test/auto/relationGroup2.xml
----------------- Instantiating /home/travis/build/icyphy/ptII/ptolemy/domains/sdf/test/auto/relationGroup2.xml
1 ms. Memory: 342016K Free: 138203K (40%)
----------------- Invoking toplevel() on ptolemy.moml.MoMLSimpleApplication@1fa1983f
----------------- Done invoking toplevel() on ptolemy.moml.MoMLSimpleApplication@1fa1983f
reloadAllAccessors: .relationGroup2

===========================================================================================
----------------- testing Thu Aug 15 05:57:45 UTC 2019 /home/travis/build/icyphy/ptII/ptolemy/domains/sdf/test/auto/relationGroup3.xml
----------------- Instantiating /home/travis/build/icyphy/ptII/ptolemy/domains/sdf/test/auto/relationGroup3.xml
1 ms. Memory: 342016K Free: 135131K (40%)
----------------- Invoking toplevel() on ptolemy.moml.MoMLSimpleApplication@5b975554
----------------- Done invoking toplevel() on ptolemy.moml.MoMLSimpleApplication@5b975554
reloadAllAccessors: .relationGroup3

===========================================================================================
----------------- testing Thu Aug 15 05:57:45 UTC 2019 /home/travis/build/icyphy/ptII/ptolemy/domains/sdf/test/auto/relationGroup4.xml
----------------- Instantiating /home/travis/build/icyphy/ptII/ptolemy/domains/sdf/test/auto/relationGroup4.xml
5 ms. Memory: 342016K Free: 130521K (38%)
----------------- Invoking toplevel() on ptolemy.moml.MoMLSimpleApplication@58c908d1
----------------- Done invoking toplevel() on ptolemy.moml.MoMLSimpleApplication@58c908d1
reloadAllAccessors: .relationGroup4

===========================================================================================
----------------- testing Thu Aug 15 05:57:45 UTC 2019 /home/travis/build/icyphy/ptII/ptolemy/domains/sdf/test/auto/relationGroup5.xml
----------------- Instantiating /home/travis/build/icyphy/ptII/ptolemy/domains/sdf/test/auto/relationGroup5.xml
5 ms. Memory: 342016K Free: 126395K (37%)
----------------- Invoking toplevel() on ptolemy.moml.MoMLSimpleApplication@39d4b8c0
----------------- Done invoking toplevel() on ptolemy.moml.MoMLSimpleApplication@39d4b8c0
reloadAllAccessors: .relationGroup5

===========================================================================================
----------------- testing Thu Aug 15 05:57:45 UTC 2019 /home/travis/build/icyphy/ptII/ptolemy/domains/sdf/test/auto/relationGroup6.xml
----------------- Instantiating /home/travis/build/icyphy/ptII/ptolemy/domains/sdf/test/auto/relationGroup6.xml
4 ms. Memory: 342016K Free: 121819K (36%)
----------------- Invoking toplevel() on ptolemy.moml.MoMLSimpleApplication@5a103578
----------------- Done invoking toplevel() on ptolemy.moml.MoMLSimpleApplication@5a103578
reloadAllAccessors: .relationGroup6

===========================================================================================
----------------- testing Thu Aug 15 05:57:45 UTC 2019 /home/travis/build/icyphy/ptII/ptolemy/domains/sdf/test/auto/relationGroup7.xml
----------------- Instantiating /home/travis/build/icyphy/ptII/ptolemy/domains/sdf/test/auto/relationGroup7.xml
2 ms. Memory: 342016K Free: 322002K (94%)
----------------- Invoking toplevel() on ptolemy.moml.MoMLSimpleApplication@f393791
----------------- Done invoking toplevel() on ptolemy.moml.MoMLSimpleApplication@f393791
reloadAllAccessors: .relationGroup7

===========================================================================================
----------------- testing Thu Aug 15 05:57:45 UTC 2019 /home/travis/build/icyphy/ptII/ptolemy/domains/sdf/test/auto/relationGroup8.xml
----------------- Instantiating /home/travis/build/icyphy/ptII/ptolemy/domains/sdf/test/auto/relationGroup8.xml
2 ms. Memory: 342016K Free: 318944K (93%)
----------------- Invoking toplevel() on ptolemy.moml.MoMLSimpleApplication@4c140d0d
----------------- Done invoking toplevel() on ptolemy.moml.MoMLSimpleApplication@4c140d0d
reloadAllAccessors: .relationGroup8

===========================================================================================
----------------- testing Thu Aug 15 05:57:45 UTC 2019 /home/travis/build/icyphy/ptII/ptolemy/domains/sdf/test/auto/relationGroup9.xml
----------------- Instantiating /home/travis/build/icyphy/ptII/ptolemy/domains/sdf/test/auto/relationGroup9.xml
2 ms. Memory: 342016K Free: 314338K (92%)
----------------- Invoking toplevel() on ptolemy.moml.MoMLSimpleApplication@47927170
----------------- Done invoking toplevel() on ptolemy.moml.MoMLSimpleApplication@47927170
reloadAllAccessors: .relationGroup9

===========================================================================================
----------------- testing Thu Aug 15 05:57:45 UTC 2019 /home/travis/build/icyphy/ptII/ptolemy/domains/sdf/test/auto/sdf_inside_de.xml
----------------- Instantiating /home/travis/build/icyphy/ptII/ptolemy/domains/sdf/test/auto/sdf_inside_de.xml
10 ms. Memory: 342016K Free: 305632K (89%)
----------------- Invoking toplevel() on ptolemy.moml.MoMLSimpleApplication@62309276
----------------- Done invoking toplevel() on ptolemy.moml.MoMLSimpleApplication@62309276
reloadAllAccessors: .sdf_inside_de

===========================================================================================
----------------- testing Thu Aug 15 05:57:45 UTC 2019 /home/travis/build/icyphy/ptII/ptolemy/domains/sdf/test/auto/sdf_inside_pn.xml
----------------- Instantiating /home/travis/build/icyphy/ptII/ptolemy/domains/sdf/test/auto/sdf_inside_pn.xml
47 ms. Memory: 342016K Free: 296416K (87%)
----------------- Invoking toplevel() on ptolemy.moml.MoMLSimpleApplication@19ae9abf
----------------- Done invoking toplevel() on ptolemy.moml.MoMLSimpleApplication@19ae9abf
reloadAllAccessors: .sdf_inside_pn

===========================================================================================
----------------- testing Thu Aug 15 05:57:45 UTC 2019 /home/travis/build/icyphy/ptII/ptolemy/domains/sdf/test/auto/sdf_sdf1.xml
----------------- Instantiating /home/travis/build/icyphy/ptII/ptolemy/domains/sdf/test/auto/sdf_sdf1.xml
6 ms. Memory: 342016K Free: 290786K (85%)
----------------- Invoking toplevel() on ptolemy.moml.MoMLSimpleApplication@28556633
----------------- Done invoking toplevel() on ptolemy.moml.MoMLSimpleApplication@28556633
reloadAllAccessors: .sdf_sdf1

===========================================================================================
----------------- testing Thu Aug 15 05:57:45 UTC 2019 /home/travis/build/icyphy/ptII/ptolemy/domains/sdf/test/auto/test1.xml
----------------- Instantiating /home/travis/build/icyphy/ptII/ptolemy/domains/sdf/test/auto/test1.xml
3 ms. Memory: 342016K Free: 285666K (84%)
----------------- Invoking toplevel() on ptolemy.moml.MoMLSimpleApplication@161a473
----------------- Done invoking toplevel() on ptolemy.moml.MoMLSimpleApplication@161a473
reloadAllAccessors: .test1

===========================================================================================
----------------- testing Thu Aug 15 05:57:45 UTC 2019 /home/travis/build/icyphy/ptII/ptolemy/domains/sdf/test/auto/time1.xml
----------------- Instantiating /home/travis/build/icyphy/ptII/ptolemy/domains/sdf/test/auto/time1.xml
2 ms. Memory: 342016K Free: 282080K (82%)
----------------- Invoking toplevel() on ptolemy.moml.MoMLSimpleApplication@716cf2d1
----------------- Done invoking toplevel() on ptolemy.moml.MoMLSimpleApplication@716cf2d1
reloadAllAccessors: .time1

===========================================================================================
----------------- testing Thu Aug 15 05:57:45 UTC 2019 /home/travis/build/icyphy/ptII/ptolemy/domains/sdf/test/auto/time2.xml
----------------- Instantiating /home/travis/build/icyphy/ptII/ptolemy/domains/sdf/test/auto/time2.xml
2 ms. Memory: 342016K Free: 278498K (81%)
----------------- Invoking toplevel() on ptolemy.moml.MoMLSimpleApplication@3a017e43
----------------- Done invoking toplevel() on ptolemy.moml.MoMLSimpleApplication@3a017e43
reloadAllAccessors: .time2

===========================================================================================
----------------- testing Thu Aug 15 05:57:45 UTC 2019 /home/travis/build/icyphy/ptII/ptolemy/domains/sdf/test/auto/time3.xml
----------------- Instantiating /home/travis/build/icyphy/ptII/ptolemy/domains/sdf/test/auto/time3.xml
6 ms. Memory: 342016K Free: 273378K (80%)
----------------- Invoking toplevel() on ptolemy.moml.MoMLSimpleApplication@1069cf38
----------------- Done invoking toplevel() on ptolemy.moml.MoMLSimpleApplication@1069cf38
reloadAllAccessors: .time3

===========================================================================================
----------------- testing Thu Aug 15 05:57:45 UTC 2019 /home/travis/build/icyphy/ptII/ptolemy/domains/sdf/test/auto/time4.xml
----------------- Instantiating /home/travis/build/icyphy/ptII/ptolemy/domains/sdf/test/auto/time4.xml
8 ms. Memory: 342016K Free: 267730K (78%)
----------------- Invoking toplevel() on ptolemy.moml.MoMLSimpleApplication@3a008207
----------------- Done invoking toplevel() on ptolemy.moml.MoMLSimpleApplication@3a008207
reloadAllAccessors: .time4

===========================================================================================
----------------- testing Thu Aug 15 05:57:45 UTC 2019 /home/travis/build/icyphy/ptII/ptolemy/domains/sdf/test/auto/time5.xml
----------------- Instantiating /home/travis/build/icyphy/ptII/ptolemy/domains/sdf/test/auto/time5.xml
4001 ms. Memory: 342016K Free: 264162K (77%)
----------------- Invoking toplevel() on ptolemy.moml.MoMLSimpleApplication@14315885
----------------- Done invoking toplevel() on ptolemy.moml.MoMLSimpleApplication@14315885
reloadAllAccessors: .time5

===========================================================================================
----------------- testing Thu Aug 15 05:57:49 UTC 2019 /home/travis/build/icyphy/ptII/ptolemy/domains/sdf/test/auto/typeSystem_Const_Integer_smallest_Type.xml
----------------- Instantiating /home/travis/build/icyphy/ptII/ptolemy/domains/sdf/test/auto/typeSystem_Const_Integer_smallest_Type.xml
7 ms. Memory: 342016K Free: 259552K (76%)
----------------- Invoking toplevel() on ptolemy.moml.MoMLSimpleApplication@41f2ec3f
----------------- Done invoking toplevel() on ptolemy.moml.MoMLSimpleApplication@41f2ec3f
reloadAllAccessors: .typeSystem_Const_Integer_smallest_Type

===========================================================================================
----------------- testing Thu Aug 15 05:57:49 UTC 2019 /home/travis/build/icyphy/ptII/ptolemy/domains/sdf/test/auto/typeSystem_declared_Inports_OutportTypeException.xml
----------------- Instantiating /home/travis/build/icyphy/ptII/ptolemy/domains/sdf/test/auto/typeSystem_declared_Inports_OutportTypeException.xml
.typeSystem_declared_Inports_OutportTypeException.TestExceptionAttribute: initialize() was not invoked, but wrapup() was.  This is unusual, but not always a problem.  For example, exporting JNLP will do this.
6 ms. Memory: 342016K Free: 255456K (75%)
----------------- Invoking toplevel() on ptolemy.moml.MoMLSimpleApplication@608dc6f2
----------------- Done invoking toplevel() on ptolemy.moml.MoMLSimpleApplication@608dc6f2
reloadAllAccessors: .typeSystem_declared_Inports_OutportTypeException

===========================================================================================
----------------- testing Thu Aug 15 05:57:49 UTC 2019 /home/travis/build/icyphy/ptII/ptolemy/domains/sdf/test/auto/typeSystem_oneDeclaredInportType_wrongTypeOutport.xml
----------------- Instantiating /home/travis/build/icyphy/ptII/ptolemy/domains/sdf/test/auto/typeSystem_oneDeclaredInportType_wrongTypeOutport.xml
4 ms. Memory: 342016K Free: 251360K (73%)
----------------- Invoking toplevel() on ptolemy.moml.MoMLSimpleApplication@320b9537
----------------- Done invoking toplevel() on ptolemy.moml.MoMLSimpleApplication@320b9537
reloadAllAccessors: .typeSystem_oneDeclaredInportType_wrongTypeOutport

===========================================================================================
----------------- testing Thu Aug 15 05:57:49 UTC 2019 /home/travis/build/icyphy/ptII/ptolemy/domains/sdf/test/auto/width.xml
----------------- Instantiating /home/travis/build/icyphy/ptII/ptolemy/domains/sdf/test/auto/width.xml
2 ms. Memory: 342016K Free: 247778K (72%)
----------------- Invoking toplevel() on ptolemy.moml.MoMLSimpleApplication@38f4a85c
----------------- Done invoking toplevel() on ptolemy.moml.MoMLSimpleApplication@38f4a85c
reloadAllAccessors: .width

===========================================================================================
----------------- testing Thu Aug 15 05:57:49 UTC 2019 /home/travis/build/icyphy/ptII/ptolemy/domains/sdf/test/auto/width2.xml
----------------- Instantiating /home/travis/build/icyphy/ptII/ptolemy/domains/sdf/test/auto/width2.xml
32 ms. Memory: 342016K Free: 243168K (71%)
----------------- Invoking toplevel() on ptolemy.moml.MoMLSimpleApplication@945011c
----------------- Done invoking toplevel() on ptolemy.moml.MoMLSimpleApplication@945011c
reloadAllAccessors: .width2

===========================================================================================
----------------- testing Thu Aug 15 05:57:49 UTC 2019 /home/travis/build/icyphy/ptII/ptolemy/domains/sdf/test/auto/width3.xml
----------------- Instantiating /home/travis/build/icyphy/ptII/ptolemy/domains/sdf/test/auto/width3.xml
29 ms. Memory: 342016K Free: 238048K (70%)
----------------- Invoking toplevel() on ptolemy.moml.MoMLSimpleApplication@7134c24b
----------------- Done invoking toplevel() on ptolemy.moml.MoMLSimpleApplication@7134c24b
reloadAllAccessors: .width3
AutoTests.java: About to close Vertx.
AutoTests.java: Vertx closed.
]]></system-out>
  <system-err><![CDATA[java.lang.RuntimeException: Execution failed
	at ptolemy.moml.MoMLSimpleApplication$UnloadThread.run(MoMLSimpleApplication.java:402)
Caused by: ptolemy.actor.sched.NotSchedulableException: No solution exists for the balance equations.
Graph is not consistent under the SDF domain detected on external port .rateConsistency.actor.port2
  in .rateConsistency.SDF Director.Scheduler
	at ptolemy.domains.sdf.kernel.SDFScheduler._propagatePort(SDFScheduler.java:1425)
	at ptolemy.domains.sdf.kernel.SDFScheduler._solveBalanceEquations(SDFScheduler.java:710)
	at ptolemy.domains.sdf.kernel.SDFScheduler._getSchedule(SDFScheduler.java:566)
	at ptolemy.actor.sched.Scheduler.getSchedule(Scheduler.java:189)
	at ptolemy.domains.sdf.kernel.SDFDirector.createSchedule(SDFDirector.java:408)
	at ptolemy.domains.sdf.kernel.SDFDirector.preinitialize(SDFDirector.java:764)
	at ptolemy.actor.CompositeActor.preinitialize(CompositeActor.java:1828)
	at ptolemy.actor.Manager.preinitializeAndResolveTypes(Manager.java:1040)
	at ptolemy.actor.Manager.initialize(Manager.java:710)
	at ptolemy.actor.Manager.execute(Manager.java:356)
	at ptolemy.actor.Manager.run(Manager.java:1263)
	at ptolemy.actor.Manager$PtolemyRunThread.run(Manager.java:1933)
java.lang.RuntimeException: Execution failed
	at ptolemy.moml.MoMLSimpleApplication$UnloadThread.run(MoMLSimpleApplication.java:402)
Caused by: ptolemy.kernel.util.IllegalActionException: Failed to compute schedule:
  in .badRateChanges.typed composite actor.SDF Director
Because:
The SDF rate parameter may change. This is not allowed in SDF models that will be run through the code generator.  If you don't care about code generation, then you might consider setting the allowRateChanges parameter of the SDF director to false.
  in .badRateChanges.typed composite actor.Repeat.output.tokenProductionRate
	at ptolemy.domains.sdf.kernel.SDFDirector.createSchedule(SDFDirector.java:418)
	at ptolemy.domains.sdf.kernel.SDFDirector.preinitialize(SDFDirector.java:764)
	at ptolemy.actor.CompositeActor.preinitialize(CompositeActor.java:1828)
	at ptolemy.actor.Director.preinitialize(Director.java:1302)
	at ptolemy.actor.Director.preinitialize(Director.java:1257)
	at ptolemy.domains.sdf.kernel.SDFDirector.preinitialize(SDFDirector.java:763)
	at ptolemy.actor.CompositeActor.preinitialize(CompositeActor.java:1828)
	at ptolemy.actor.Manager.preinitializeAndResolveTypes(Manager.java:1040)
	at ptolemy.actor.Manager.initialize(Manager.java:710)
	at ptolemy.actor.Manager.execute(Manager.java:356)
	at ptolemy.actor.Manager.run(Manager.java:1263)
	at ptolemy.actor.Manager$PtolemyRunThread.run(Manager.java:1933)
Caused by: ptolemy.kernel.util.IllegalActionException: The SDF rate parameter may change. This is not allowed in SDF models that will be run through the code generator.  If you don't care about code generation, then you might consider setting the allowRateChanges parameter of the SDF director to false.
  in .badRateChanges.typed composite actor.Repeat.output.tokenProductionRate
	at ptolemy.domains.sdf.kernel.SDFScheduler._assertDynamicRateVariable(SDFScheduler.java:931)
	at ptolemy.domains.sdf.kernel.SDFScheduler._checkDynamicRateVariables(SDFScheduler.java:339)
	at ptolemy.domains.sdf.kernel.SDFScheduler._getSchedule(SDFScheduler.java:527)
	at ptolemy.actor.sched.Scheduler.getSchedule(Scheduler.java:189)
	at ptolemy.domains.sdf.kernel.SDFDirector.createSchedule(SDFDirector.java:408)
	... 11 more
java.lang.RuntimeException: Execution failed
	at ptolemy.moml.MoMLSimpleApplication$UnloadThread.run(MoMLSimpleApplication.java:402)
Caused by: ptolemy.kernel.util.IllegalActionException: Failed to compute schedule:
  in .badRateChanges2.typed composite actor.SDF Director
Because:
The SDF rate parameter may change. This is not allowed in SDF models that will be run through the code generator.  If you don't care about code generation, then you might consider setting the allowRateChanges parameter of the SDF director to false.
  in .badRateChanges2.typed composite actor.Repeat.output.tokenProductionRate
	at ptolemy.domains.sdf.kernel.SDFDirector.createSchedule(SDFDirector.java:418)
	at ptolemy.domains.sdf.kernel.SDFDirector.preinitialize(SDFDirector.java:764)
	at ptolemy.actor.CompositeActor.preinitialize(CompositeActor.java:1828)
	at ptolemy.actor.Director.preinitialize(Director.java:1302)
	at ptolemy.actor.Director.preinitialize(Director.java:1257)
	at ptolemy.domains.sdf.kernel.SDFDirector.preinitialize(SDFDirector.java:763)
	at ptolemy.actor.CompositeActor.preinitialize(CompositeActor.java:1828)
	at ptolemy.actor.Manager.preinitializeAndResolveTypes(Manager.java:1040)
	at ptolemy.actor.Manager.initialize(Manager.java:710)
	at ptolemy.actor.Manager.execute(Manager.java:356)
	at ptolemy.actor.Manager.run(Manager.java:1263)
	at ptolemy.actor.Manager$PtolemyRunThread.run(Manager.java:1933)
Caused by: ptolemy.kernel.util.IllegalActionException: The SDF rate parameter may change. This is not allowed in SDF models that will be run through the code generator.  If you don't care about code generation, then you might consider setting the allowRateChanges parameter of the SDF director to false.
  in .badRateChanges2.typed composite actor.Repeat.output.tokenProductionRate
	at ptolemy.domains.sdf.kernel.SDFScheduler._assertDynamicRateVariable(SDFScheduler.java:931)
	at ptolemy.domains.sdf.kernel.SDFScheduler._checkDynamicRateVariables(SDFScheduler.java:339)
	at ptolemy.domains.sdf.kernel.SDFScheduler._getSchedule(SDFScheduler.java:527)
	at ptolemy.actor.sched.Scheduler.getSchedule(Scheduler.java:189)
	at ptolemy.domains.sdf.kernel.SDFDirector.createSchedule(SDFDirector.java:408)
	... 11 more
java.lang.RuntimeException: Execution failed
	at ptolemy.moml.MoMLSimpleApplication$UnloadThread.run(MoMLSimpleApplication.java:402)
Caused by: ptolemy.actor.sched.NotSchedulableException: Actors remain that cannot be scheduled!

There are several possible reasons:
* SDF Graphs with feedback loops should have an actor with a delay in the loop, such as a SampleDelay.
* The SDF director has an "allowDisconnectedGraphs"parameter, which, when true, permits disconnected SDF graphs.
* The token consumption rate and production rates might be mismatched.
Usually, actors produce one token or consume one token on a port.  To produce or consume multiple tokens per firing, add a "tokenConsumptionRate" or "tokenProductionRate" parameter to the appropriate port.
Unscheduled actors:
.partiallyConnected.Const2 
Scheduled actors:
.partiallyConnected.Const 
  in .partiallyConnected.SDF Director.Scheduler
	at ptolemy.domains.sdf.kernel.SDFScheduler._scheduleConnectedActors(SDFScheduler.java:1828)
	at ptolemy.domains.sdf.kernel.SDFScheduler._getSchedule(SDFScheduler.java:587)
	at ptolemy.actor.sched.Scheduler.getSchedule(Scheduler.java:189)
	at ptolemy.domains.sdf.kernel.SDFDirector.createSchedule(SDFDirector.java:408)
	at ptolemy.domains.sdf.kernel.SDFDirector.preinitialize(SDFDirector.java:764)
	at ptolemy.actor.CompositeActor.preinitialize(CompositeActor.java:1828)
	at ptolemy.actor.Manager.preinitializeAndResolveTypes(Manager.java:1040)
	at ptolemy.actor.Manager.initialize(Manager.java:710)
	at ptolemy.actor.Manager.execute(Manager.java:356)
	at ptolemy.actor.Manager.run(Manager.java:1263)
	at ptolemy.actor.Manager$PtolemyRunThread.run(Manager.java:1933)
]]></system-err>
</testsuite>
