<?xml version="1.0" encoding="UTF-8" ?>
<testsuite errors="0" failures="0" hostname="travis-job-63ba56ed-5ee4-44c0-a696-fd70e86f52f1" name="ptolemy.actor.lib.hoc.test.junit.JUnitTclTest" skipped="0" tests="58" time="29.934" timestamp="2020-01-09T06:41:09">
  <properties>
[...]
</properties>
  <testcase classname="ptolemy.util.test.junit.TclTests" name="[0] /home/travis/build/icyphy/ptII/ptolemy/actor/lib/hoc/test/IterateOverArray.tcl (RunTclFile)" time="0.293" />
  <testcase classname="ptolemy.util.test.junit.AutoKnownFailedTests" name="[0] /home/travis/build/icyphy/ptII/ptolemy/actor/lib/hoc/test/auto/knownFailedTests/PreinitializeMustBeInvokedRunComposite.xml (RunModel)" time="0.402" />
  <testcase classname="ptolemy.util.test.junit.AutoNameArchTests" name="[0] ThereAreNoAutoArchTests (RunModel)" time="0.005" />
  <testcase classname="ptolemy.util.test.junit.AutoTests" name="[0] /home/travis/build/icyphy/ptII/ptolemy/actor/lib/hoc/test/auto/AllToAllMultiInstanceComposite.xml (RunModel)" time="0.356" />
  <testcase classname="ptolemy.util.test.junit.AutoTests" name="[1] /home/travis/build/icyphy/ptII/ptolemy/actor/lib/hoc/test/auto/ApplyFFTTest.xml (RunModel)" time="0.428" />
  <testcase classname="ptolemy.util.test.junit.AutoTests" name="[2] /home/travis/build/icyphy/ptII/ptolemy/actor/lib/hoc/test/auto/ApplyFunction.xml (RunModel)" time="0.061" />
  <testcase classname="ptolemy.util.test.junit.AutoTests" name="[3] /home/travis/build/icyphy/ptII/ptolemy/actor/lib/hoc/test/auto/BackgroundExecution.xml (RunModel)" time="0.73" />
  <testcase classname="ptolemy.util.test.junit.AutoTests" name="[4] /home/travis/build/icyphy/ptII/ptolemy/actor/lib/hoc/test/auto/Case.xml (RunModel)" time="0.074" />
  <testcase classname="ptolemy.util.test.junit.AutoTests" name="[5] /home/travis/build/icyphy/ptII/ptolemy/actor/lib/hoc/test/auto/Case1.xml (RunModel)" time="0.062" />
  <testcase classname="ptolemy.util.test.junit.AutoTests" name="[6] /home/travis/build/icyphy/ptII/ptolemy/actor/lib/hoc/test/auto/Case2.xml (RunModel)" time="0.082" />
  <testcase classname="ptolemy.util.test.junit.AutoTests" name="[7] /home/travis/build/icyphy/ptII/ptolemy/actor/lib/hoc/test/auto/Case3.xml (RunModel)" time="0.026" />
  <testcase classname="ptolemy.util.test.junit.AutoTests" name="[8] /home/travis/build/icyphy/ptII/ptolemy/actor/lib/hoc/test/auto/Case4.xml (RunModel)" time="0.044" />
  <testcase classname="ptolemy.util.test.junit.AutoTests" name="[9] /home/travis/build/icyphy/ptII/ptolemy/actor/lib/hoc/test/auto/Case5.xml (RunModel)" time="0.086" />
  <testcase classname="ptolemy.util.test.junit.AutoTests" name="[10] /home/travis/build/icyphy/ptII/ptolemy/actor/lib/hoc/test/auto/Case6.xml (RunModel)" time="0.064" />
  <testcase classname="ptolemy.util.test.junit.AutoTests" name="[11] /home/travis/build/icyphy/ptII/ptolemy/actor/lib/hoc/test/auto/CaseString2.xml (RunModel)" time="0.049" />
  <testcase classname="ptolemy.util.test.junit.AutoTests" name="[12] /home/travis/build/icyphy/ptII/ptolemy/actor/lib/hoc/test/auto/CatchUpComposite1.xml (RunModel)" time="0.079" />
  <testcase classname="ptolemy.util.test.junit.AutoTests" name="[13] /home/travis/build/icyphy/ptII/ptolemy/actor/lib/hoc/test/auto/CatchUpComposite2.xml (RunModel)" time="0.059" />
  <testcase classname="ptolemy.util.test.junit.AutoTests" name="[14] /home/travis/build/icyphy/ptII/ptolemy/actor/lib/hoc/test/auto/CatchUpComposite3.xml (RunModel)" time="0.045" />
  <testcase classname="ptolemy.util.test.junit.AutoTests" name="[15] /home/travis/build/icyphy/ptII/ptolemy/actor/lib/hoc/test/auto/CatchUpComposite4.xml (RunModel)" time="0.062" />
  <testcase classname="ptolemy.util.test.junit.AutoTests" name="[16] /home/travis/build/icyphy/ptII/ptolemy/actor/lib/hoc/test/auto/CatchUpComposite5.xml (RunModel)" time="0.04" />
  <testcase classname="ptolemy.util.test.junit.AutoTests" name="[17] /home/travis/build/icyphy/ptII/ptolemy/actor/lib/hoc/test/auto/CatchUpComposite6.xml (RunModel)" time="0.158" />
  <testcase classname="ptolemy.util.test.junit.AutoTests" name="[18] /home/travis/build/icyphy/ptII/ptolemy/actor/lib/hoc/test/auto/CatchUpComposite7.xml (RunModel)" time="0.085" />
  <testcase classname="ptolemy.util.test.junit.AutoTests" name="[19] /home/travis/build/icyphy/ptII/ptolemy/actor/lib/hoc/test/auto/ConcurrentExecutionTimeSDF.xml (RunModel)" time="1.271" />
  <testcase classname="ptolemy.util.test.junit.AutoTests" name="[20] /home/travis/build/icyphy/ptII/ptolemy/actor/lib/hoc/test/auto/ConcurrentSleep.xml (RunModel)" time="0.755" />
  <testcase classname="ptolemy.util.test.junit.AutoTests" name="[21] /home/travis/build/icyphy/ptII/ptolemy/actor/lib/hoc/test/auto/DEInPNInRunCompositeActor.xml (RunModel)" time="0.031" />
  <testcase classname="ptolemy.util.test.junit.AutoTests" name="[22] /home/travis/build/icyphy/ptII/ptolemy/actor/lib/hoc/test/auto/DFTSubSetTest.xml (RunModel)" time="0.212" />
  <testcase classname="ptolemy.util.test.junit.AutoTests" name="[23] /home/travis/build/icyphy/ptII/ptolemy/actor/lib/hoc/test/auto/HocDE.xml (RunModel)" time="0.155" />
  <testcase classname="ptolemy.util.test.junit.AutoTests" name="[24] /home/travis/build/icyphy/ptII/ptolemy/actor/lib/hoc/test/auto/IterateOverArray.xml (RunModel)" time="0.017" />
  <testcase classname="ptolemy.util.test.junit.AutoTests" name="[25] /home/travis/build/icyphy/ptII/ptolemy/actor/lib/hoc/test/auto/IterateOverArray10.xml (RunModel)" time="0.012" />
  <testcase classname="ptolemy.util.test.junit.AutoTests" name="[26] /home/travis/build/icyphy/ptII/ptolemy/actor/lib/hoc/test/auto/IterateOverArray11.xml (RunModel)" time="0.016" />
  <testcase classname="ptolemy.util.test.junit.AutoTests" name="[27] /home/travis/build/icyphy/ptII/ptolemy/actor/lib/hoc/test/auto/IterateOverArray12.xml (RunModel)" time="0.024" />
  <testcase classname="ptolemy.util.test.junit.AutoTests" name="[28] /home/travis/build/icyphy/ptII/ptolemy/actor/lib/hoc/test/auto/IterateOverArray13.xml (RunModel)" time="0.134" />
  <testcase classname="ptolemy.util.test.junit.AutoTests" name="[29] /home/travis/build/icyphy/ptII/ptolemy/actor/lib/hoc/test/auto/IterateOverArray14.xml (RunModel)" time="0.128" />
  <testcase classname="ptolemy.util.test.junit.AutoTests" name="[30] /home/travis/build/icyphy/ptII/ptolemy/actor/lib/hoc/test/auto/IterateOverArray2.xml (RunModel)" time="0.026" />
  <testcase classname="ptolemy.util.test.junit.AutoTests" name="[31] /home/travis/build/icyphy/ptII/ptolemy/actor/lib/hoc/test/auto/IterateOverArray3.xml (RunModel)" time="0.043" />
  <testcase classname="ptolemy.util.test.junit.AutoTests" name="[32] /home/travis/build/icyphy/ptII/ptolemy/actor/lib/hoc/test/auto/IterateOverArray4.xml (RunModel)" time="0.017" />
  <testcase classname="ptolemy.util.test.junit.AutoTests" name="[33] /home/travis/build/icyphy/ptII/ptolemy/actor/lib/hoc/test/auto/IterateOverArray5.xml (RunModel)" time="0.019" />
  <testcase classname="ptolemy.util.test.junit.AutoTests" name="[34] /home/travis/build/icyphy/ptII/ptolemy/actor/lib/hoc/test/auto/IterateOverArray6.xml (RunModel)" time="0.013" />
  <testcase classname="ptolemy.util.test.junit.AutoTests" name="[35] /home/travis/build/icyphy/ptII/ptolemy/actor/lib/hoc/test/auto/IterateOverArray7.xml (RunModel)" time="0.015" />
  <testcase classname="ptolemy.util.test.junit.AutoTests" name="[36] /home/travis/build/icyphy/ptII/ptolemy/actor/lib/hoc/test/auto/IterateOverArray8.xml (RunModel)" time="0.017" />
  <testcase classname="ptolemy.util.test.junit.AutoTests" name="[37] /home/travis/build/icyphy/ptII/ptolemy/actor/lib/hoc/test/auto/IterateOverArray9.xml (RunModel)" time="0.022" />
  <testcase classname="ptolemy.util.test.junit.AutoTests" name="[38] /home/travis/build/icyphy/ptII/ptolemy/actor/lib/hoc/test/auto/IterateOverArrayCoercedOutputType.xml (RunModel)" time="0.029" />
  <testcase classname="ptolemy.util.test.junit.AutoTests" name="[39] /home/travis/build/icyphy/ptII/ptolemy/actor/lib/hoc/test/auto/IterateOverArrayInferredOutputType.xml (RunModel)" time="0.034" />
  <testcase classname="ptolemy.util.test.junit.AutoTests" name="[40] /home/travis/build/icyphy/ptII/ptolemy/actor/lib/hoc/test/auto/MobileFunctionTest.xml (RunModel)" time="0.023" />
  <testcase classname="ptolemy.util.test.junit.AutoTests" name="[41] /home/travis/build/icyphy/ptII/ptolemy/actor/lib/hoc/test/auto/MobileModelTest.xml (RunModel)" time="0.145" />
  <testcase classname="ptolemy.util.test.junit.AutoTests" name="[42] /home/travis/build/icyphy/ptII/ptolemy/actor/lib/hoc/test/auto/ModelReference.xml (RunModel)" time="0.055" />
  <testcase classname="ptolemy.util.test.junit.AutoTests" name="[43] /home/travis/build/icyphy/ptII/ptolemy/actor/lib/hoc/test/auto/ModelReference3.xml (RunModel)" time="0.056" />
  <testcase classname="ptolemy.util.test.junit.AutoTests" name="[44] /home/travis/build/icyphy/ptII/ptolemy/actor/lib/hoc/test/auto/ModelReference4.xml (RunModel)" time="10.025" />
  <testcase classname="ptolemy.util.test.junit.AutoTests" name="[45] /home/travis/build/icyphy/ptII/ptolemy/actor/lib/hoc/test/auto/MultiInstanceComposite.xml (RunModel)" time="0.047" />
  <testcase classname="ptolemy.util.test.junit.AutoTests" name="[46] /home/travis/build/icyphy/ptII/ptolemy/actor/lib/hoc/test/auto/MultiInstanceComposite2.xml (RunModel)" time="0.04" />
  <testcase classname="ptolemy.util.test.junit.AutoTests" name="[47] /home/travis/build/icyphy/ptII/ptolemy/actor/lib/hoc/test/auto/MulticoreExecution.xml (RunModel)" time="1.133" />
  <testcase classname="ptolemy.util.test.junit.AutoTests" name="[48] /home/travis/build/icyphy/ptII/ptolemy/actor/lib/hoc/test/auto/ParallelExecution.xml (RunModel)" time="0.954" />
  <testcase classname="ptolemy.util.test.junit.AutoTests" name="[49] /home/travis/build/icyphy/ptII/ptolemy/actor/lib/hoc/test/auto/RunCompositeActor.xml (RunModel)" time="0.024" />
  <testcase classname="ptolemy.util.test.junit.AutoTests" name="[50] /home/travis/build/icyphy/ptII/ptolemy/actor/lib/hoc/test/auto/RunCompositeActor2.xml (RunModel)" time="0.019" />
  <testcase classname="ptolemy.util.test.junit.AutoTests" name="[51] /home/travis/build/icyphy/ptII/ptolemy/actor/lib/hoc/test/auto/RunCompositeActor3.xml (RunModel)" time="0.017" />
  <testcase classname="ptolemy.util.test.junit.AutoTests" name="[52] /home/travis/build/icyphy/ptII/ptolemy/actor/lib/hoc/test/auto/RunCompositeActor4.xml (RunModel)" time="0.021" />
  <testcase classname="ptolemy.util.test.junit.AutoTests" name="[53] /home/travis/build/icyphy/ptII/ptolemy/actor/lib/hoc/test/auto/RunCompositeIterateOverArray.xml (RunModel)" time="0.019" />
  <testcase classname="ptolemy.util.test.junit.AutoTests" name="[54] /home/travis/build/icyphy/ptII/ptolemy/actor/lib/hoc/test/auto/ThreadedJS.xml (RunModel)" time="10.485" />
  <system-out><![CDATA[/home/travis/build/icyphy/ptII/ptolemy/actor/lib/hoc/test/IterateOverArray.tcl
testDefs.tcl: setting time out to 9000 seconds at Thu Jan 09 06:41:10 UTC 2020
01/09/20 06:41:10
Failed: 0  Total Tests: 2  ((Passed: 2, Newly Passed: 0)  Known Failed: 0) /home/travis/build/icyphy/ptII/ptolemy/actor/lib/hoc/test
----------------- testing (KnownFailure) /home/travis/build/icyphy/ptII/ptolemy/actor/lib/hoc/test/auto/knownFailedTests/PreinitializeMustBeInvokedRunComposite.xml
113 ms. Memory: 129024K Free: 86470K (67%)
Known Failure: java.lang.reflect.InvocationTargetException
No auto/linux-amd64/*.xml tests in /home/travis/build/icyphy/ptII/ptolemy/actor/lib/hoc/test
AutoTests.java: About to close Vertx.
AutoTests.java: Vertx closed.

===========================================================================================
----------------- testing Thu Jan 09 06:41:11 UTC 2020 /home/travis/build/icyphy/ptII/ptolemy/actor/lib/hoc/test/auto/AllToAllMultiInstanceComposite.xml
----------------- Instantiating /home/travis/build/icyphy/ptII/ptolemy/actor/lib/hoc/test/auto/AllToAllMultiInstanceComposite.xml
177 ms. Memory: 129024K Free: 108821K (84%)
----------------- Invoking toplevel() on ptolemy.moml.MoMLSimpleApplication@923b5bd
----------------- Done invoking toplevel() on ptolemy.moml.MoMLSimpleApplication@923b5bd
reloadAllAccessors: .AllToAllMultiInstanceComposite

===========================================================================================
----------------- testing Thu Jan 09 06:41:11 UTC 2020 /home/travis/build/icyphy/ptII/ptolemy/actor/lib/hoc/test/auto/ApplyFFTTest.xml
----------------- Instantiating /home/travis/build/icyphy/ptII/ptolemy/actor/lib/hoc/test/auto/ApplyFFTTest.xml
152 ms. Memory: 129024K Free: 90207K (70%)
----------------- Invoking toplevel() on ptolemy.moml.MoMLSimpleApplication@2fc98076
----------------- Done invoking toplevel() on ptolemy.moml.MoMLSimpleApplication@2fc98076
reloadAllAccessors: .ApplyFFTTest

===========================================================================================
----------------- testing Thu Jan 09 06:41:11 UTC 2020 /home/travis/build/icyphy/ptII/ptolemy/actor/lib/hoc/test/auto/ApplyFunction.xml
----------------- Instantiating /home/travis/build/icyphy/ptII/ptolemy/actor/lib/hoc/test/auto/ApplyFunction.xml
9 ms. Memory: 129024K Free: 87135K (68%)
----------------- Invoking toplevel() on ptolemy.moml.MoMLSimpleApplication@6fc990da
----------------- Done invoking toplevel() on ptolemy.moml.MoMLSimpleApplication@6fc990da
reloadAllAccessors: .ApplyFunction

===========================================================================================
----------------- testing Thu Jan 09 06:41:11 UTC 2020 /home/travis/build/icyphy/ptII/ptolemy/actor/lib/hoc/test/auto/BackgroundExecution.xml
----------------- Instantiating /home/travis/build/icyphy/ptII/ptolemy/actor/lib/hoc/test/auto/BackgroundExecution.xml
627 ms. Memory: 129024K Free: 111070K (86%)
----------------- Invoking toplevel() on ptolemy.moml.MoMLSimpleApplication@75c58d9d
----------------- Done invoking toplevel() on ptolemy.moml.MoMLSimpleApplication@75c58d9d
reloadAllAccessors: .BackgroundExecution

===========================================================================================
----------------- testing Thu Jan 09 06:41:12 UTC 2020 /home/travis/build/icyphy/ptII/ptolemy/actor/lib/hoc/test/auto/Case.xml
----------------- Instantiating /home/travis/build/icyphy/ptII/ptolemy/actor/lib/hoc/test/auto/Case.xml
19 ms. Memory: 129024K Free: 103832K (80%)
----------------- Invoking toplevel() on ptolemy.moml.MoMLSimpleApplication@71a866a7
----------------- Done invoking toplevel() on ptolemy.moml.MoMLSimpleApplication@71a866a7
reloadAllAccessors: .Case

===========================================================================================
----------------- testing Thu Jan 09 06:41:12 UTC 2020 /home/travis/build/icyphy/ptII/ptolemy/actor/lib/hoc/test/auto/Case1.xml
----------------- Instantiating /home/travis/build/icyphy/ptII/ptolemy/actor/lib/hoc/test/auto/Case1.xml
20 ms. Memory: 129024K Free: 97492K (76%)
----------------- Invoking toplevel() on ptolemy.moml.MoMLSimpleApplication@3546e35
----------------- Done invoking toplevel() on ptolemy.moml.MoMLSimpleApplication@3546e35
reloadAllAccessors: .Case1

===========================================================================================
----------------- testing Thu Jan 09 06:41:12 UTC 2020 /home/travis/build/icyphy/ptII/ptolemy/actor/lib/hoc/test/auto/Case2.xml
----------------- Instantiating /home/travis/build/icyphy/ptII/ptolemy/actor/lib/hoc/test/auto/Case2.xml
20 ms. Memory: 129024K Free: 87126K (68%)
----------------- Invoking toplevel() on ptolemy.moml.MoMLSimpleApplication@397b1450
----------------- Done invoking toplevel() on ptolemy.moml.MoMLSimpleApplication@397b1450
reloadAllAccessors: .Case2

===========================================================================================
----------------- testing Thu Jan 09 06:41:12 UTC 2020 /home/travis/build/icyphy/ptII/ptolemy/actor/lib/hoc/test/auto/Case3.xml
----------------- Instantiating /home/travis/build/icyphy/ptII/ptolemy/actor/lib/hoc/test/auto/Case3.xml
6 ms. Memory: 129024K Free: 81317K (63%)
----------------- Invoking toplevel() on ptolemy.moml.MoMLSimpleApplication@69a3217
----------------- Done invoking toplevel() on ptolemy.moml.MoMLSimpleApplication@69a3217
reloadAllAccessors: .Case3

===========================================================================================
----------------- testing Thu Jan 09 06:41:12 UTC 2020 /home/travis/build/icyphy/ptII/ptolemy/actor/lib/hoc/test/auto/Case4.xml
----------------- Instantiating /home/travis/build/icyphy/ptII/ptolemy/actor/lib/hoc/test/auto/Case4.xml
7 ms. Memory: 129024K Free: 73954K (57%)
----------------- Invoking toplevel() on ptolemy.moml.MoMLSimpleApplication@64cd186
----------------- Done invoking toplevel() on ptolemy.moml.MoMLSimpleApplication@64cd186
reloadAllAccessors: .Case4

===========================================================================================
----------------- testing Thu Jan 09 06:41:12 UTC 2020 /home/travis/build/icyphy/ptII/ptolemy/actor/lib/hoc/test/auto/Case5.xml
----------------- Instantiating /home/travis/build/icyphy/ptII/ptolemy/actor/lib/hoc/test/auto/Case5.xml
47 ms. Memory: 159744K Free: 138780K (87%)
----------------- Invoking toplevel() on ptolemy.moml.MoMLSimpleApplication@7c11cb3a
----------------- Done invoking toplevel() on ptolemy.moml.MoMLSimpleApplication@7c11cb3a
reloadAllAccessors: .junk

===========================================================================================
----------------- testing Thu Jan 09 06:41:13 UTC 2020 /home/travis/build/icyphy/ptII/ptolemy/actor/lib/hoc/test/auto/Case6.xml
----------------- Instantiating /home/travis/build/icyphy/ptII/ptolemy/actor/lib/hoc/test/auto/Case6.xml
22 ms. Memory: 159744K Free: 127530K (80%)
----------------- Invoking toplevel() on ptolemy.moml.MoMLSimpleApplication@3e230707
----------------- Done invoking toplevel() on ptolemy.moml.MoMLSimpleApplication@3e230707
reloadAllAccessors: .Case6

===========================================================================================
----------------- testing Thu Jan 09 06:41:13 UTC 2020 /home/travis/build/icyphy/ptII/ptolemy/actor/lib/hoc/test/auto/CaseString2.xml
----------------- Instantiating /home/travis/build/icyphy/ptII/ptolemy/actor/lib/hoc/test/auto/CaseString2.xml
17 ms. Memory: 159744K Free: 119678K (75%)
----------------- Invoking toplevel() on ptolemy.moml.MoMLSimpleApplication@4654498f
----------------- Done invoking toplevel() on ptolemy.moml.MoMLSimpleApplication@4654498f
reloadAllAccessors: .CaseString2

===========================================================================================
----------------- testing Thu Jan 09 06:41:13 UTC 2020 /home/travis/build/icyphy/ptII/ptolemy/actor/lib/hoc/test/auto/CatchUpComposite1.xml
----------------- Instantiating /home/travis/build/icyphy/ptII/ptolemy/actor/lib/hoc/test/auto/CatchUpComposite1.xml
28 ms. Memory: 159744K Free: 110848K (69%)
----------------- Invoking toplevel() on ptolemy.moml.MoMLSimpleApplication@19b4d4ce
----------------- Done invoking toplevel() on ptolemy.moml.MoMLSimpleApplication@19b4d4ce
reloadAllAccessors: .CatchUpComposite1

===========================================================================================
----------------- testing Thu Jan 09 06:41:13 UTC 2020 /home/travis/build/icyphy/ptII/ptolemy/actor/lib/hoc/test/auto/CatchUpComposite2.xml
----------------- Instantiating /home/travis/build/icyphy/ptII/ptolemy/actor/lib/hoc/test/auto/CatchUpComposite2.xml
8 ms. Memory: 159744K Free: 102656K (64%)
----------------- Invoking toplevel() on ptolemy.moml.MoMLSimpleApplication@a4f1365
----------------- Done invoking toplevel() on ptolemy.moml.MoMLSimpleApplication@a4f1365
reloadAllAccessors: .CatchUpComposite2

===========================================================================================
----------------- testing Thu Jan 09 06:41:13 UTC 2020 /home/travis/build/icyphy/ptII/ptolemy/actor/lib/hoc/test/auto/CatchUpComposite3.xml
----------------- Instantiating /home/travis/build/icyphy/ptII/ptolemy/actor/lib/hoc/test/auto/CatchUpComposite3.xml
21 ms. Memory: 159744K Free: 94100K (59%)
----------------- Invoking toplevel() on ptolemy.moml.MoMLSimpleApplication@7df969d8
----------------- Done invoking toplevel() on ptolemy.moml.MoMLSimpleApplication@7df969d8
reloadAllAccessors: .CatchUpComposite3

===========================================================================================
----------------- testing Thu Jan 09 06:41:13 UTC 2020 /home/travis/build/icyphy/ptII/ptolemy/actor/lib/hoc/test/auto/CatchUpComposite4.xml
----------------- Instantiating /home/travis/build/icyphy/ptII/ptolemy/actor/lib/hoc/test/auto/CatchUpComposite4.xml
10 ms. Memory: 159744K Free: 140308K (88%)
----------------- Invoking toplevel() on ptolemy.moml.MoMLSimpleApplication@35f38db1
----------------- Done invoking toplevel() on ptolemy.moml.MoMLSimpleApplication@35f38db1
reloadAllAccessors: .CatchUpComposite4

===========================================================================================
----------------- testing Thu Jan 09 06:41:13 UTC 2020 /home/travis/build/icyphy/ptII/ptolemy/actor/lib/hoc/test/auto/CatchUpComposite5.xml
----------------- Instantiating /home/travis/build/icyphy/ptII/ptolemy/actor/lib/hoc/test/auto/CatchUpComposite5.xml
10 ms. Memory: 159744K Free: 132568K (83%)
----------------- Invoking toplevel() on ptolemy.moml.MoMLSimpleApplication@2d66619b
----------------- Done invoking toplevel() on ptolemy.moml.MoMLSimpleApplication@2d66619b
reloadAllAccessors: .CatchUpComposite5

===========================================================================================
----------------- testing Thu Jan 09 06:41:13 UTC 2020 /home/travis/build/icyphy/ptII/ptolemy/actor/lib/hoc/test/auto/CatchUpComposite6.xml
----------------- Instantiating /home/travis/build/icyphy/ptII/ptolemy/actor/lib/hoc/test/auto/CatchUpComposite6.xml
WARNING: The execution aspects in this model can influence the timing of actors by delaying the 
execution, potentially changing the behavior. There is no guarantee that actors fire at the 
time they request to be fired. 
Use Ptides for deterministic DE behavior that is not influenced by execution aspects. 

88 ms. Memory: 159744K Free: 117802K (74%)
----------------- Invoking toplevel() on ptolemy.moml.MoMLSimpleApplication@2f903269
----------------- Done invoking toplevel() on ptolemy.moml.MoMLSimpleApplication@2f903269
reloadAllAccessors: .CatchUpComposite6

===========================================================================================
----------------- testing Thu Jan 09 06:41:13 UTC 2020 /home/travis/build/icyphy/ptII/ptolemy/actor/lib/hoc/test/auto/CatchUpComposite7.xml
----------------- Instantiating /home/travis/build/icyphy/ptII/ptolemy/actor/lib/hoc/test/auto/CatchUpComposite7.xml
WARNING: The execution aspects in this model can influence the timing of actors by delaying the 
execution, potentially changing the behavior. There is no guarantee that actors fire at the 
time they request to be fired. 
Use Ptides for deterministic DE behavior that is not influenced by execution aspects. 

31 ms. Memory: 159744K Free: 103896K (65%)
----------------- Invoking toplevel() on ptolemy.moml.MoMLSimpleApplication@21eb3a6c
----------------- Done invoking toplevel() on ptolemy.moml.MoMLSimpleApplication@21eb3a6c
reloadAllAccessors: .CatchUpComposite7

===========================================================================================
----------------- testing Thu Jan 09 06:41:13 UTC 2020 /home/travis/build/icyphy/ptII/ptolemy/actor/lib/hoc/test/auto/ConcurrentExecutionTimeSDF.xml
----------------- Instantiating /home/travis/build/icyphy/ptII/ptolemy/actor/lib/hoc/test/auto/ConcurrentExecutionTimeSDF.xml
Fired ExecutionTime: 40400000
Fired ExecutionTime: 40400000
Fired ExecutionTime: 40400000
Fired ExecutionTime: 40400000
Fired ExecutionTime: 40400000
Fired ExecutionTime: 40400000
Fired ExecutionTime: 40400000
Fired ExecutionTime: 40400000
Fired ExecutionTime: 40400000
Fired ExecutionTime: 40400000
Fired ExecutionTime: 40400000
Fired ExecutionTime: 40400000
Fired ExecutionTime: 40400000
Fired ExecutionTime: 40400000
Fired ExecutionTime: 40400000
Fired ExecutionTime: 40400000
Fired ExecutionTime: 40400000
Fired ExecutionTime: 40400000
Fired ExecutionTime: 40400000
Fired ExecutionTime: 40400000
1248 ms. Memory: 159744K Free: 97160K (61%)
----------------- Invoking toplevel() on ptolemy.moml.MoMLSimpleApplication@d6a1763
----------------- Done invoking toplevel() on ptolemy.moml.MoMLSimpleApplication@d6a1763
reloadAllAccessors: .ConcurrentExecutionTimeSDF

===========================================================================================
----------------- testing Thu Jan 09 06:41:14 UTC 2020 /home/travis/build/icyphy/ptII/ptolemy/actor/lib/hoc/test/auto/ConcurrentSleep.xml
----------------- Instantiating /home/travis/build/icyphy/ptII/ptolemy/actor/lib/hoc/test/auto/ConcurrentSleep.xml
722 ms. Memory: 159744K Free: 86920K (54%)
----------------- Invoking toplevel() on ptolemy.moml.MoMLSimpleApplication@16eadc88
----------------- Done invoking toplevel() on ptolemy.moml.MoMLSimpleApplication@16eadc88
reloadAllAccessors: .ConcurrentSleep

===========================================================================================
----------------- testing Thu Jan 09 06:41:15 UTC 2020 /home/travis/build/icyphy/ptII/ptolemy/actor/lib/hoc/test/auto/DEInPNInRunCompositeActor.xml
----------------- Instantiating /home/travis/build/icyphy/ptII/ptolemy/actor/lib/hoc/test/auto/DEInPNInRunCompositeActor.xml
14 ms. Memory: 159744K Free: 81800K (51%)
----------------- Invoking toplevel() on ptolemy.moml.MoMLSimpleApplication@4a91410f
----------------- Done invoking toplevel() on ptolemy.moml.MoMLSimpleApplication@4a91410f
reloadAllAccessors: .DEInPNInRunCompositeActor

===========================================================================================
----------------- testing Thu Jan 09 06:41:15 UTC 2020 /home/travis/build/icyphy/ptII/ptolemy/actor/lib/hoc/test/auto/DFTSubSetTest.xml
----------------- Instantiating /home/travis/build/icyphy/ptII/ptolemy/actor/lib/hoc/test/auto/DFTSubSetTest.xml
154 ms. Memory: 159744K Free: 102417K (64%)
----------------- Invoking toplevel() on ptolemy.moml.MoMLSimpleApplication@26d0ea6
----------------- Done invoking toplevel() on ptolemy.moml.MoMLSimpleApplication@26d0ea6
reloadAllAccessors: .DFTSubSetTest

===========================================================================================
----------------- testing Thu Jan 09 06:41:15 UTC 2020 /home/travis/build/icyphy/ptII/ptolemy/actor/lib/hoc/test/auto/HocDE.xml
----------------- Instantiating /home/travis/build/icyphy/ptII/ptolemy/actor/lib/hoc/test/auto/HocDE.xml
109 ms. Memory: 159744K Free: 77839K (49%)
----------------- Invoking toplevel() on ptolemy.moml.MoMLSimpleApplication@1d36c31
----------------- Done invoking toplevel() on ptolemy.moml.MoMLSimpleApplication@1d36c31
reloadAllAccessors: .HocDE

===========================================================================================
----------------- testing Thu Jan 09 06:41:16 UTC 2020 /home/travis/build/icyphy/ptII/ptolemy/actor/lib/hoc/test/auto/IterateOverArray.xml
----------------- Instantiating /home/travis/build/icyphy/ptII/ptolemy/actor/lib/hoc/test/auto/IterateOverArray.xml
5 ms. Memory: 159744K Free: 73231K (46%)
----------------- Invoking toplevel() on ptolemy.moml.MoMLSimpleApplication@69210b99
----------------- Done invoking toplevel() on ptolemy.moml.MoMLSimpleApplication@69210b99
reloadAllAccessors: .IterateOverArray

===========================================================================================
----------------- testing Thu Jan 09 06:41:16 UTC 2020 /home/travis/build/icyphy/ptII/ptolemy/actor/lib/hoc/test/auto/IterateOverArray10.xml
----------------- Instantiating /home/travis/build/icyphy/ptII/ptolemy/actor/lib/hoc/test/auto/IterateOverArray10.xml
2 ms. Memory: 159744K Free: 70159K (44%)
----------------- Invoking toplevel() on ptolemy.moml.MoMLSimpleApplication@5e4685b2
----------------- Done invoking toplevel() on ptolemy.moml.MoMLSimpleApplication@5e4685b2
reloadAllAccessors: .IterateOverArray10

===========================================================================================
----------------- testing Thu Jan 09 06:41:16 UTC 2020 /home/travis/build/icyphy/ptII/ptolemy/actor/lib/hoc/test/auto/IterateOverArray11.xml
----------------- Instantiating /home/travis/build/icyphy/ptII/ptolemy/actor/lib/hoc/test/auto/IterateOverArray11.xml
5 ms. Memory: 159744K Free: 66063K (41%)
----------------- Invoking toplevel() on ptolemy.moml.MoMLSimpleApplication@4aa4e667
----------------- Done invoking toplevel() on ptolemy.moml.MoMLSimpleApplication@4aa4e667
reloadAllAccessors: .IterateOverArray11

===========================================================================================
----------------- testing Thu Jan 09 06:41:16 UTC 2020 /home/travis/build/icyphy/ptII/ptolemy/actor/lib/hoc/test/auto/IterateOverArray12.xml
----------------- Instantiating /home/travis/build/icyphy/ptII/ptolemy/actor/lib/hoc/test/auto/IterateOverArray12.xml
8 ms. Memory: 159744K Free: 59919K (38%)
----------------- Invoking toplevel() on ptolemy.moml.MoMLSimpleApplication@50912428
----------------- Done invoking toplevel() on ptolemy.moml.MoMLSimpleApplication@50912428
reloadAllAccessors: .IterateOverArray12

===========================================================================================
----------------- testing Thu Jan 09 06:41:16 UTC 2020 /home/travis/build/icyphy/ptII/ptolemy/actor/lib/hoc/test/auto/IterateOverArray13.xml
----------------- Instantiating /home/travis/build/icyphy/ptII/ptolemy/actor/lib/hoc/test/auto/IterateOverArray13.xml
58 ms. Memory: 159744K Free: 125347K (78%)
----------------- Invoking toplevel() on ptolemy.moml.MoMLSimpleApplication@329f9481
----------------- Done invoking toplevel() on ptolemy.moml.MoMLSimpleApplication@329f9481
reloadAllAccessors: .IterateOverArray13

===========================================================================================
----------------- testing Thu Jan 09 06:41:16 UTC 2020 /home/travis/build/icyphy/ptII/ptolemy/actor/lib/hoc/test/auto/IterateOverArray14.xml
----------------- Instantiating /home/travis/build/icyphy/ptII/ptolemy/actor/lib/hoc/test/auto/IterateOverArray14.xml
56 ms. Memory: 159744K Free: 93603K (59%)
----------------- Invoking toplevel() on ptolemy.moml.MoMLSimpleApplication@56e96b69
----------------- Done invoking toplevel() on ptolemy.moml.MoMLSimpleApplication@56e96b69
reloadAllAccessors: .IterateOverArray14

===========================================================================================
----------------- testing Thu Jan 09 06:41:16 UTC 2020 /home/travis/build/icyphy/ptII/ptolemy/actor/lib/hoc/test/auto/IterateOverArray2.xml
----------------- Instantiating /home/travis/build/icyphy/ptII/ptolemy/actor/lib/hoc/test/auto/IterateOverArray2.xml
7 ms. Memory: 159744K Free: 88997K (56%)
----------------- Invoking toplevel() on ptolemy.moml.MoMLSimpleApplication@38af4bb4
----------------- Done invoking toplevel() on ptolemy.moml.MoMLSimpleApplication@38af4bb4
reloadAllAccessors: .IterateOverArray2

===========================================================================================
----------------- testing Thu Jan 09 06:41:16 UTC 2020 /home/travis/build/icyphy/ptII/ptolemy/actor/lib/hoc/test/auto/IterateOverArray3.xml
----------------- Instantiating /home/travis/build/icyphy/ptII/ptolemy/actor/lib/hoc/test/auto/IterateOverArray3.xml
20 ms. Memory: 159744K Free: 82853K (52%)
----------------- Invoking toplevel() on ptolemy.moml.MoMLSimpleApplication@6f32e962
----------------- Done invoking toplevel() on ptolemy.moml.MoMLSimpleApplication@6f32e962
reloadAllAccessors: .IterateOverArray3

===========================================================================================
----------------- testing Thu Jan 09 06:41:16 UTC 2020 /home/travis/build/icyphy/ptII/ptolemy/actor/lib/hoc/test/auto/IterateOverArray4.xml
----------------- Instantiating /home/travis/build/icyphy/ptII/ptolemy/actor/lib/hoc/test/auto/IterateOverArray4.xml
6 ms. Memory: 159744K Free: 78757K (49%)
----------------- Invoking toplevel() on ptolemy.moml.MoMLSimpleApplication@3a5b52b3
----------------- Done invoking toplevel() on ptolemy.moml.MoMLSimpleApplication@3a5b52b3
reloadAllAccessors: .IterateOverArray4

===========================================================================================
----------------- testing Thu Jan 09 06:41:16 UTC 2020 /home/travis/build/icyphy/ptII/ptolemy/actor/lib/hoc/test/auto/IterateOverArray5.xml
----------------- Instantiating /home/travis/build/icyphy/ptII/ptolemy/actor/lib/hoc/test/auto/IterateOverArray5.xml
2 ms. Memory: 159744K Free: 74661K (47%)
----------------- Invoking toplevel() on ptolemy.moml.MoMLSimpleApplication@785bedf5
----------------- Done invoking toplevel() on ptolemy.moml.MoMLSimpleApplication@785bedf5
reloadAllAccessors: .IterateOverArray5

===========================================================================================
----------------- testing Thu Jan 09 06:41:16 UTC 2020 /home/travis/build/icyphy/ptII/ptolemy/actor/lib/hoc/test/auto/IterateOverArray6.xml
----------------- Instantiating /home/travis/build/icyphy/ptII/ptolemy/actor/lib/hoc/test/auto/IterateOverArray6.xml
2 ms. Memory: 159744K Free: 71075K (44%)
----------------- Invoking toplevel() on ptolemy.moml.MoMLSimpleApplication@158ee523
----------------- Done invoking toplevel() on ptolemy.moml.MoMLSimpleApplication@158ee523
reloadAllAccessors: .IterateOverArray6

===========================================================================================
----------------- testing Thu Jan 09 06:41:16 UTC 2020 /home/travis/build/icyphy/ptII/ptolemy/actor/lib/hoc/test/auto/IterateOverArray7.xml
----------------- Instantiating /home/travis/build/icyphy/ptII/ptolemy/actor/lib/hoc/test/auto/IterateOverArray7.xml
3 ms. Memory: 159744K Free: 66469K (42%)
----------------- Invoking toplevel() on ptolemy.moml.MoMLSimpleApplication@5287f819
----------------- Done invoking toplevel() on ptolemy.moml.MoMLSimpleApplication@5287f819
reloadAllAccessors: .IterateOverArray7

===========================================================================================
----------------- testing Thu Jan 09 06:41:16 UTC 2020 /home/travis/build/icyphy/ptII/ptolemy/actor/lib/hoc/test/auto/IterateOverArray8.xml
----------------- Instantiating /home/travis/build/icyphy/ptII/ptolemy/actor/lib/hoc/test/auto/IterateOverArray8.xml
3 ms. Memory: 159744K Free: 62373K (39%)
----------------- Invoking toplevel() on ptolemy.moml.MoMLSimpleApplication@445c5013
----------------- Done invoking toplevel() on ptolemy.moml.MoMLSimpleApplication@445c5013
reloadAllAccessors: .IterateOverArray8

===========================================================================================
----------------- testing Thu Jan 09 06:41:16 UTC 2020 /home/travis/build/icyphy/ptII/ptolemy/actor/lib/hoc/test/auto/IterateOverArray9.xml
----------------- Instantiating /home/travis/build/icyphy/ptII/ptolemy/actor/lib/hoc/test/auto/IterateOverArray9.xml
5 ms. Memory: 159744K Free: 58277K (36%)
----------------- Invoking toplevel() on ptolemy.moml.MoMLSimpleApplication@7c7f6ce2
----------------- Done invoking toplevel() on ptolemy.moml.MoMLSimpleApplication@7c7f6ce2
reloadAllAccessors: .IterateOverArray9

===========================================================================================
----------------- testing Thu Jan 09 06:41:16 UTC 2020 /home/travis/build/icyphy/ptII/ptolemy/actor/lib/hoc/test/auto/IterateOverArrayCoercedOutputType.xml
----------------- Instantiating /home/travis/build/icyphy/ptII/ptolemy/actor/lib/hoc/test/auto/IterateOverArrayCoercedOutputType.xml
6 ms. Memory: 159744K Free: 53157K (33%)
----------------- Invoking toplevel() on ptolemy.moml.MoMLSimpleApplication@c26ff02
----------------- Done invoking toplevel() on ptolemy.moml.MoMLSimpleApplication@c26ff02
reloadAllAccessors: .IterateOverArrayCoercedOutputType

===========================================================================================
----------------- testing Thu Jan 09 06:41:16 UTC 2020 /home/travis/build/icyphy/ptII/ptolemy/actor/lib/hoc/test/auto/IterateOverArrayInferredOutputType.xml
----------------- Instantiating /home/travis/build/icyphy/ptII/ptolemy/actor/lib/hoc/test/auto/IterateOverArrayInferredOutputType.xml
6 ms. Memory: 159744K Free: 141529K (89%)
----------------- Invoking toplevel() on ptolemy.moml.MoMLSimpleApplication@6cff65cf
----------------- Done invoking toplevel() on ptolemy.moml.MoMLSimpleApplication@6cff65cf
reloadAllAccessors: .IterateOverArrayInferredOutputType

===========================================================================================
----------------- testing Thu Jan 09 06:41:16 UTC 2020 /home/travis/build/icyphy/ptII/ptolemy/actor/lib/hoc/test/auto/MobileFunctionTest.xml
----------------- Instantiating /home/travis/build/icyphy/ptII/ptolemy/actor/lib/hoc/test/auto/MobileFunctionTest.xml
3 ms. Memory: 159744K Free: 136937K (86%)
----------------- Invoking toplevel() on ptolemy.moml.MoMLSimpleApplication@22950d00
----------------- Done invoking toplevel() on ptolemy.moml.MoMLSimpleApplication@22950d00
reloadAllAccessors: .MobileFunctionTest

===========================================================================================
----------------- testing Thu Jan 09 06:41:16 UTC 2020 /home/travis/build/icyphy/ptII/ptolemy/actor/lib/hoc/test/auto/MobileModelTest.xml
----------------- Instantiating /home/travis/build/icyphy/ptII/ptolemy/actor/lib/hoc/test/auto/MobileModelTest.xml
120 ms. Memory: 159744K Free: 115943K (73%)
----------------- Invoking toplevel() on ptolemy.moml.MoMLSimpleApplication@3ca44b89
----------------- Done invoking toplevel() on ptolemy.moml.MoMLSimpleApplication@3ca44b89
reloadAllAccessors: .MobileModelTest

===========================================================================================
----------------- testing Thu Jan 09 06:41:16 UTC 2020 /home/travis/build/icyphy/ptII/ptolemy/actor/lib/hoc/test/auto/ModelReference.xml
----------------- Instantiating /home/travis/build/icyphy/ptII/ptolemy/actor/lib/hoc/test/auto/ModelReference.xml
1 ms. Memory: 159744K Free: 109289K (68%)
5 ms. Memory: 159744K Free: 108745K (68%)
1 ms. Memory: 159744K Free: 107737K (67%)
1 ms. Memory: 159744K Free: 106713K (67%)
1 ms. Memory: 159744K Free: 106217K (66%)
1 ms. Memory: 159744K Free: 105193K (66%)
2 ms. Memory: 159744K Free: 104665K (66%)
1 ms. Memory: 159744K Free: 103641K (65%)
2 ms. Memory: 159744K Free: 102617K (64%)
1 ms. Memory: 159744K Free: 102121K (64%)
23 ms. Memory: 159744K Free: 102121K (64%)
----------------- Invoking toplevel() on ptolemy.moml.MoMLSimpleApplication@4ed46350
----------------- Done invoking toplevel() on ptolemy.moml.MoMLSimpleApplication@4ed46350
reloadAllAccessors: .ModelReference

===========================================================================================
----------------- testing Thu Jan 09 06:41:16 UTC 2020 /home/travis/build/icyphy/ptII/ptolemy/actor/lib/hoc/test/auto/ModelReference3.xml
----------------- Instantiating /home/travis/build/icyphy/ptII/ptolemy/actor/lib/hoc/test/auto/ModelReference3.xml
1 ms. Memory: 159744K Free: 97481K (61%)
3 ms. Memory: 159744K Free: 97001K (61%)
2 ms. Memory: 159744K Free: 95977K (60%)
3 ms. Memory: 159744K Free: 95433K (60%)
2 ms. Memory: 159744K Free: 94425K (59%)
1 ms. Memory: 159744K Free: 93401K (58%)
2 ms. Memory: 159744K Free: 92905K (58%)
2 ms. Memory: 159744K Free: 91881K (58%)
1 ms. Memory: 159744K Free: 91353K (57%)
1 ms. Memory: 159744K Free: 90329K (57%)
29 ms. Memory: 159744K Free: 90329K (57%)
----------------- Invoking toplevel() on ptolemy.moml.MoMLSimpleApplication@1202e2d9
----------------- Done invoking toplevel() on ptolemy.moml.MoMLSimpleApplication@1202e2d9
reloadAllAccessors: .ModelReference3

===========================================================================================
----------------- testing Thu Jan 09 06:41:17 UTC 2020 /home/travis/build/icyphy/ptII/ptolemy/actor/lib/hoc/test/auto/ModelReference4.xml
----------------- Instantiating /home/travis/build/icyphy/ptII/ptolemy/actor/lib/hoc/test/auto/ModelReference4.xml
2 ms. Memory: 159744K Free: 85737K (54%)
6 ms. Memory: 159744K Free: 84193K (53%)
2 ms. Memory: 159744K Free: 83161K (52%)
2 ms. Memory: 159744K Free: 82151K (51%)
2 ms. Memory: 159744K Free: 80617K (50%)
4 ms. Memory: 159744K Free: 79593K (50%)
2 ms. Memory: 159744K Free: 78049K (49%)
5 ms. Memory: 159744K Free: 77017K (48%)
3 ms. Memory: 159744K Free: 75497K (47%)
6 ms. Memory: 159744K Free: 74473K (47%)
10015 ms. Memory: 159744K Free: 74473K (47%)
----------------- Invoking toplevel() on ptolemy.moml.MoMLSimpleApplication@f62847d
----------------- Done invoking toplevel() on ptolemy.moml.MoMLSimpleApplication@f62847d
reloadAllAccessors: .ModelReference4

===========================================================================================
----------------- testing Thu Jan 09 06:41:27 UTC 2020 /home/travis/build/icyphy/ptII/ptolemy/actor/lib/hoc/test/auto/MultiInstanceComposite.xml
----------------- Instantiating /home/travis/build/icyphy/ptII/ptolemy/actor/lib/hoc/test/auto/MultiInstanceComposite.xml
24 ms. Memory: 159744K Free: 55527K (35%)
----------------- Invoking toplevel() on ptolemy.moml.MoMLSimpleApplication@66ba4bba
----------------- Done invoking toplevel() on ptolemy.moml.MoMLSimpleApplication@66ba4bba
reloadAllAccessors: .MultiInstanceComposite

===========================================================================================
----------------- testing Thu Jan 09 06:41:27 UTC 2020 /home/travis/build/icyphy/ptII/ptolemy/actor/lib/hoc/test/auto/MultiInstanceComposite2.xml
----------------- Instantiating /home/travis/build/icyphy/ptII/ptolemy/actor/lib/hoc/test/auto/MultiInstanceComposite2.xml
15 ms. Memory: 159744K Free: 137089K (86%)
----------------- Invoking toplevel() on ptolemy.moml.MoMLSimpleApplication@668809fd
----------------- Done invoking toplevel() on ptolemy.moml.MoMLSimpleApplication@668809fd
reloadAllAccessors: .MultiInstanceComposite2

===========================================================================================
----------------- testing Thu Jan 09 06:41:27 UTC 2020 /home/travis/build/icyphy/ptII/ptolemy/actor/lib/hoc/test/auto/MulticoreExecution.xml
----------------- Instantiating /home/travis/build/icyphy/ptII/ptolemy/actor/lib/hoc/test/auto/MulticoreExecution.xml
Fired ExecutionTime: 3200000
Fired ExecutionTime: 2400000
Fired ExecutionTime: 3600000
Fired ExecutionTime: 3200000
Fired ExecutionTime: 4800000
Fired ExecutionTime: 2400000
Fired ExecutionTime: 4800000
Fired ExecutionTime: 2400000
Fired ExecutionTime: 2800000
Fired ExecutionTime: 4000000
Fired ExecutionTime: 4000000
Fired ExecutionTime: 3200000
Fired ExecutionTime: 2800000
Fired ExecutionTime: 2800000
Fired ExecutionTime: 3200000
Fired ExecutionTime: 2400000
Fired ExecutionTime: 2400000
Fired ExecutionTime: 3200000
Fired ExecutionTime: 104000000
Fired ExecutionTime: 108000000
1114 ms. Memory: 159744K Free: 127887K (80%)
----------------- Invoking toplevel() on ptolemy.moml.MoMLSimpleApplication@795d0587
----------------- Done invoking toplevel() on ptolemy.moml.MoMLSimpleApplication@795d0587
reloadAllAccessors: .MulticoreExecution

===========================================================================================
----------------- testing Thu Jan 09 06:41:28 UTC 2020 /home/travis/build/icyphy/ptII/ptolemy/actor/lib/hoc/test/auto/ParallelExecution.xml
----------------- Instantiating /home/travis/build/icyphy/ptII/ptolemy/actor/lib/hoc/test/auto/ParallelExecution.xml
915 ms. Memory: 159744K Free: 119695K (75%)
----------------- Invoking toplevel() on ptolemy.moml.MoMLSimpleApplication@6410ac48
----------------- Done invoking toplevel() on ptolemy.moml.MoMLSimpleApplication@6410ac48
reloadAllAccessors: .ParallelExecution

===========================================================================================
----------------- testing Thu Jan 09 06:41:29 UTC 2020 /home/travis/build/icyphy/ptII/ptolemy/actor/lib/hoc/test/auto/RunCompositeActor.xml
----------------- Instantiating /home/travis/build/icyphy/ptII/ptolemy/actor/lib/hoc/test/auto/RunCompositeActor.xml
10 ms. Memory: 159744K Free: 112521K (70%)
----------------- Invoking toplevel() on ptolemy.moml.MoMLSimpleApplication@ca48fa2
----------------- Done invoking toplevel() on ptolemy.moml.MoMLSimpleApplication@ca48fa2
reloadAllAccessors: .RunCompositeActor

===========================================================================================
----------------- testing Thu Jan 09 06:41:29 UTC 2020 /home/travis/build/icyphy/ptII/ptolemy/actor/lib/hoc/test/auto/RunCompositeActor2.xml
----------------- Instantiating /home/travis/build/icyphy/ptII/ptolemy/actor/lib/hoc/test/auto/RunCompositeActor2.xml
6 ms. Memory: 159744K Free: 106377K (67%)
----------------- Invoking toplevel() on ptolemy.moml.MoMLSimpleApplication@70080f88
----------------- Done invoking toplevel() on ptolemy.moml.MoMLSimpleApplication@70080f88
reloadAllAccessors: .RunCompositeActor2

===========================================================================================
----------------- testing Thu Jan 09 06:41:29 UTC 2020 /home/travis/build/icyphy/ptII/ptolemy/actor/lib/hoc/test/auto/RunCompositeActor3.xml
----------------- Instantiating /home/travis/build/icyphy/ptII/ptolemy/actor/lib/hoc/test/auto/RunCompositeActor3.xml
3 ms. Memory: 159744K Free: 100753K (63%)
----------------- Invoking toplevel() on ptolemy.moml.MoMLSimpleApplication@74a2b117
----------------- Done invoking toplevel() on ptolemy.moml.MoMLSimpleApplication@74a2b117
reloadAllAccessors: .RunCompositeActor3

===========================================================================================
----------------- testing Thu Jan 09 06:41:29 UTC 2020 /home/travis/build/icyphy/ptII/ptolemy/actor/lib/hoc/test/auto/RunCompositeActor4.xml
----------------- Instantiating /home/travis/build/icyphy/ptII/ptolemy/actor/lib/hoc/test/auto/RunCompositeActor4.xml
11 ms. Memory: 159744K Free: 92561K (58%)
----------------- Invoking toplevel() on ptolemy.moml.MoMLSimpleApplication@113334b3
----------------- Done invoking toplevel() on ptolemy.moml.MoMLSimpleApplication@113334b3
reloadAllAccessors: .RunCompositeActor4

===========================================================================================
----------------- testing Thu Jan 09 06:41:29 UTC 2020 /home/travis/build/icyphy/ptII/ptolemy/actor/lib/hoc/test/auto/RunCompositeIterateOverArray.xml
----------------- Instantiating /home/travis/build/icyphy/ptII/ptolemy/actor/lib/hoc/test/auto/RunCompositeIterateOverArray.xml
4 ms. Memory: 159744K Free: 86417K (54%)
----------------- Invoking toplevel() on ptolemy.moml.MoMLSimpleApplication@6d4da87c
----------------- Done invoking toplevel() on ptolemy.moml.MoMLSimpleApplication@6d4da87c
reloadAllAccessors: .RunCompositeIterateOverArray

===========================================================================================
----------------- testing Thu Jan 09 06:41:29 UTC 2020 /home/travis/build/icyphy/ptII/ptolemy/actor/lib/hoc/test/auto/ThreadedJS.xml
----------------- Instantiating /home/travis/build/icyphy/ptII/ptolemy/actor/lib/hoc/test/auto/ThreadedJS.xml
5003 ms. Memory: 192512K Free: 69230K (36%)
----------------- Invoking toplevel() on ptolemy.moml.MoMLSimpleApplication@6ffc0b4a
----------------- Done invoking toplevel() on ptolemy.moml.MoMLSimpleApplication@6ffc0b4a
reloadAllAccessors: .ThreadedJS
AutoTests.java: About to close Vertx.
AutoTests.java: Vertx closed.
]]></system-out>
  <system-err><![CDATA[java.lang.RuntimeException: Execution failed
	at ptolemy.moml.MoMLSimpleApplication$UnloadThread.run(MoMLSimpleApplication.java:402)
Caused by: ptolemy.kernel.util.IllegalActionException: initialize() was called after wrapup() was called but preinitialize() was not called after wrapup().
	at ptolemy.actor.lib.hoc.test.PreinitializeMustBeInvoked.initialize(PreinitializeMustBeInvoked.java:78)
	at ptolemy.actor.Director.initialize(Director.java:938)
	at ptolemy.actor.Director.initialize(Director.java:907)
	at ptolemy.actor.sched.StaticSchedulingDirector.initialize(StaticSchedulingDirector.java:159)
	at ptolemy.domains.sdf.kernel.SDFDirector.initialize(SDFDirector.java:544)
	at ptolemy.actor.CompositeActor.initialize(CompositeActor.java:935)
	at ptolemy.actor.lib.hoc.LifeCycleManager._executeInsideModel(LifeCycleManager.java:339)
	at ptolemy.actor.lib.hoc.RunCompositeActor.fire(RunCompositeActor.java:205)
	at ptolemy.actor.CompositeActor.iterate(CompositeActor.java:1146)
	at ptolemy.actor.sched.StaticSchedulingDirector.fire(StaticSchedulingDirector.java:216)
	at ptolemy.domains.sdf.kernel.SDFDirector.fire(SDFDirector.java:500)
	at ptolemy.actor.CompositeActor.fire(CompositeActor.java:455)
	at ptolemy.actor.Manager.iterate(Manager.java:851)
	at ptolemy.actor.Manager.execute(Manager.java:369)
	at ptolemy.actor.Manager.run(Manager.java:1263)
	at ptolemy.actor.Manager$PtolemyRunThread.run(Manager.java:1933)
java.lang.reflect.InvocationTargetException
	at java.base/jdk.internal.reflect.NativeConstructorAccessorImpl.newInstance0(Native Method)
	at java.base/jdk.internal.reflect.NativeConstructorAccessorImpl.newInstance(NativeConstructorAccessorImpl.java:62)
	at java.base/jdk.internal.reflect.DelegatingConstructorAccessorImpl.newInstance(DelegatingConstructorAccessorImpl.java:45)
	at java.base/java.lang.reflect.Constructor.newInstance(Constructor.java:490)
	at ptolemy.util.test.junit.AutoKnownFailedTests.RunModel(AutoKnownFailedTests.java:105)
	at java.base/jdk.internal.reflect.NativeMethodAccessorImpl.invoke0(Native Method)
	at java.base/jdk.internal.reflect.NativeMethodAccessorImpl.invoke(NativeMethodAccessorImpl.java:62)
	at java.base/jdk.internal.reflect.DelegatingMethodAccessorImpl.invoke(DelegatingMethodAccessorImpl.java:43)
	at java.base/java.lang.reflect.Method.invoke(Method.java:566)
	at org.junit.runners.model.FrameworkMethod$1.runReflectiveCall(FrameworkMethod.java:44)
	at org.junit.internal.runners.model.ReflectiveCallable.run(ReflectiveCallable.java:15)
	at org.junit.runners.model.FrameworkMethod.invokeExplosively(FrameworkMethod.java:41)
	at junitparams.internal.InvokeParameterisedMethod.evaluate(InvokeParameterisedMethod.java:102)
	at org.junit.internal.runners.statements.FailOnTimeout$1.run(FailOnTimeout.java:28)
Caused by: ptolemy.kernel.util.IllegalActionException: initialize() was called after wrapup() was called but preinitialize() was not called after wrapup().
	at ptolemy.actor.lib.hoc.test.PreinitializeMustBeInvoked.initialize(PreinitializeMustBeInvoked.java:78)
	at ptolemy.actor.Director.initialize(Director.java:938)
	at ptolemy.actor.Director.initialize(Director.java:907)
	at ptolemy.actor.sched.StaticSchedulingDirector.initialize(StaticSchedulingDirector.java:159)
	at ptolemy.domains.sdf.kernel.SDFDirector.initialize(SDFDirector.java:544)
	at ptolemy.actor.CompositeActor.initialize(CompositeActor.java:935)
	at ptolemy.actor.lib.hoc.LifeCycleManager._executeInsideModel(LifeCycleManager.java:339)
	at ptolemy.actor.lib.hoc.RunCompositeActor.fire(RunCompositeActor.java:205)
	at ptolemy.actor.CompositeActor.iterate(CompositeActor.java:1146)
	at ptolemy.actor.sched.StaticSchedulingDirector.fire(StaticSchedulingDirector.java:216)
	at ptolemy.domains.sdf.kernel.SDFDirector.fire(SDFDirector.java:500)
	at ptolemy.actor.CompositeActor.fire(CompositeActor.java:455)
	at ptolemy.actor.Manager.iterate(Manager.java:851)
	at ptolemy.actor.Manager.execute(Manager.java:369)
	at ptolemy.actor.Manager.run(Manager.java:1263)
	at ptolemy.actor.Manager$PtolemyRunThread.run(Manager.java:1933)
Warning: Nashorn engine is planned to be removed from a future JDK release
Warning: Nashorn engine is planned to be removed from a future JDK release
Warning: Nashorn engine is planned to be removed from a future JDK release
Warning: Nashorn engine is planned to be removed from a future JDK release
Warning: Nashorn engine is planned to be removed from a future JDK release
Warning: Nashorn engine is planned to be removed from a future JDK release
Warning: Nashorn engine is planned to be removed from a future JDK release
Warning: Nashorn engine is planned to be removed from a future JDK release
]]></system-err>
</testsuite>
