<?xml version="1.0" encoding="UTF-8" ?>
<testsuite errors="0" failures="0" hostname="travis-job-aaf80e0e-e882-4e60-b55d-7bf133c6be5a" name="ptolemy.domains.modal.test.junit.JUnitTclTest" skipped="0" tests="148" time="11.87" timestamp="2019-06-26T04:41:37">
  <properties>
[...]
</properties>
  <testcase classname="ptolemy.util.test.junit.TclTests" name="[0] /home/travis/build/icyphy/ptII/ptolemy/domains/modal/test/SystemLevelType.tcl (RunTclFile)" time="2.278" />
  <testcase classname="ptolemy.util.test.junit.AutoKnownFailedTests" name="[0] /home/travis/build/icyphy/ptII/ptolemy/domains/modal/test/auto/knownFailedTests/CannotAnalysisWithPreemption.xml (RunModel)" time="0.364" />
  <testcase classname="ptolemy.util.test.junit.AutoNameArchTests" name="[0] ThereAreNoAutoArchTests (RunModel)" time="0.001" />
  <testcase classname="ptolemy.util.test.junit.AutoTests" name="[0] /home/travis/build/icyphy/ptII/ptolemy/domains/modal/test/auto/ABPTest.xml (RunModel)" time="0.916" />
  <testcase classname="ptolemy.util.test.junit.AutoTests" name="[1] /home/travis/build/icyphy/ptII/ptolemy/domains/modal/test/auto/ABROFlat.xml (RunModel)" time="0.098" />
  <testcase classname="ptolemy.util.test.junit.AutoTests" name="[2] /home/travis/build/icyphy/ptII/ptolemy/domains/modal/test/auto/ABROFlat2.xml (RunModel)" time="0.123" />
  <testcase classname="ptolemy.util.test.junit.AutoTests" name="[3] /home/travis/build/icyphy/ptII/ptolemy/domains/modal/test/auto/ABRO_present_hmm.xml (RunModel)" time="0.164" />
  <testcase classname="ptolemy.util.test.junit.AutoTests" name="[4] /home/travis/build/icyphy/ptII/ptolemy/domains/modal/test/auto/AMICoderExample.xml (RunModel)" time="0.099" />
  <testcase classname="ptolemy.util.test.junit.AutoTests" name="[5] /home/travis/build/icyphy/ptII/ptolemy/domains/modal/test/auto/AbsentToPresent.xml (RunModel)" time="0.024" />
  <testcase classname="ptolemy.util.test.junit.AutoTests" name="[6] /home/travis/build/icyphy/ptII/ptolemy/domains/modal/test/auto/Blending.xml (RunModel)" time="0.266" />
  <testcase classname="ptolemy.util.test.junit.AutoTests" name="[7] /home/travis/build/icyphy/ptII/ptolemy/domains/modal/test/auto/Broadcast.xml (RunModel)" time="0.05" />
  <testcase classname="ptolemy.util.test.junit.AutoTests" name="[8] /home/travis/build/icyphy/ptII/ptolemy/domains/modal/test/auto/BroadcastHierarchy.xml (RunModel)" time="0.081" />
  <testcase classname="ptolemy.util.test.junit.AutoTests" name="[9] /home/travis/build/icyphy/ptII/ptolemy/domains/modal/test/auto/BroadcastHierarchy2.xml (RunModel)" time="0.094" />
  <testcase classname="ptolemy.util.test.junit.AutoTests" name="[10] /home/travis/build/icyphy/ptII/ptolemy/domains/modal/test/auto/BroadcastHierarchy3.xml (RunModel)" time="0.094" />
  <testcase classname="ptolemy.util.test.junit.AutoTests" name="[11] /home/travis/build/icyphy/ptII/ptolemy/domains/modal/test/auto/BroadcastHierarchy4.xml (RunModel)" time="0.089" />
  <testcase classname="ptolemy.util.test.junit.AutoTests" name="[12] /home/travis/build/icyphy/ptII/ptolemy/domains/modal/test/auto/CannotAnalysisWithPreemption2.xml (RunModel)" time="0.037" />
  <testcase classname="ptolemy.util.test.junit.AutoTests" name="[13] /home/travis/build/icyphy/ptII/ptolemy/domains/modal/test/auto/CannotAnalysisWithPreemption3.xml (RunModel)" time="0.067" />
  <testcase classname="ptolemy.util.test.junit.AutoTests" name="[14] /home/travis/build/icyphy/ptII/ptolemy/domains/modal/test/auto/CannotProduce.xml (RunModel)" time="0.037" />
  <testcase classname="ptolemy.util.test.junit.AutoTests" name="[15] /home/travis/build/icyphy/ptII/ptolemy/domains/modal/test/auto/CannotProduceModal.xml (RunModel)" time="0.025" />
  <testcase classname="ptolemy.util.test.junit.AutoTests" name="[16] /home/travis/build/icyphy/ptII/ptolemy/domains/modal/test/auto/Case.xml (RunModel)" time="0.073" />
  <testcase classname="ptolemy.util.test.junit.AutoTests" name="[17] /home/travis/build/icyphy/ptII/ptolemy/domains/modal/test/auto/Case1.xml (RunModel)" time="0.037" />
  <testcase classname="ptolemy.util.test.junit.AutoTests" name="[18] /home/travis/build/icyphy/ptII/ptolemy/domains/modal/test/auto/Case2.xml (RunModel)" time="0.067" />
  <testcase classname="ptolemy.util.test.junit.AutoTests" name="[19] /home/travis/build/icyphy/ptII/ptolemy/domains/modal/test/auto/CausalityInterface1.xml (RunModel)" time="0.041" />
  <testcase classname="ptolemy.util.test.junit.AutoTests" name="[20] /home/travis/build/icyphy/ptII/ptolemy/domains/modal/test/auto/CausalityInterface10.xml (RunModel)" time="0.052" />
  <testcase classname="ptolemy.util.test.junit.AutoTests" name="[21] /home/travis/build/icyphy/ptII/ptolemy/domains/modal/test/auto/CausalityInterface11.xml (RunModel)" time="0.056" />
  <testcase classname="ptolemy.util.test.junit.AutoTests" name="[22] /home/travis/build/icyphy/ptII/ptolemy/domains/modal/test/auto/CausalityInterface12.xml (RunModel)" time="0.065" />
  <testcase classname="ptolemy.util.test.junit.AutoTests" name="[23] /home/travis/build/icyphy/ptII/ptolemy/domains/modal/test/auto/CausalityInterface13.xml (RunModel)" time="0.07" />
  <testcase classname="ptolemy.util.test.junit.AutoTests" name="[24] /home/travis/build/icyphy/ptII/ptolemy/domains/modal/test/auto/CausalityInterface14.xml (RunModel)" time="0.055" />
  <testcase classname="ptolemy.util.test.junit.AutoTests" name="[25] /home/travis/build/icyphy/ptII/ptolemy/domains/modal/test/auto/CausalityInterface2.xml (RunModel)" time="0.02" />
  <testcase classname="ptolemy.util.test.junit.AutoTests" name="[26] /home/travis/build/icyphy/ptII/ptolemy/domains/modal/test/auto/CausalityInterface3.xml (RunModel)" time="0.02" />
  <testcase classname="ptolemy.util.test.junit.AutoTests" name="[27] /home/travis/build/icyphy/ptII/ptolemy/domains/modal/test/auto/CausalityInterface4.xml (RunModel)" time="0.02" />
  <testcase classname="ptolemy.util.test.junit.AutoTests" name="[28] /home/travis/build/icyphy/ptII/ptolemy/domains/modal/test/auto/CausalityInterface5.xml (RunModel)" time="0.059" />
  <testcase classname="ptolemy.util.test.junit.AutoTests" name="[29] /home/travis/build/icyphy/ptII/ptolemy/domains/modal/test/auto/CausalityInterface6.xml (RunModel)" time="0.033" />
  <testcase classname="ptolemy.util.test.junit.AutoTests" name="[30] /home/travis/build/icyphy/ptII/ptolemy/domains/modal/test/auto/CausalityInterface7.xml (RunModel)" time="0.044" />
  <testcase classname="ptolemy.util.test.junit.AutoTests" name="[31] /home/travis/build/icyphy/ptII/ptolemy/domains/modal/test/auto/CausalityInterface8.xml (RunModel)" time="0.04" />
  <testcase classname="ptolemy.util.test.junit.AutoTests" name="[32] /home/travis/build/icyphy/ptII/ptolemy/domains/modal/test/auto/CausalityInterface9.xml (RunModel)" time="0.053" />
  <testcase classname="ptolemy.util.test.junit.AutoTests" name="[33] /home/travis/build/icyphy/ptII/ptolemy/domains/modal/test/auto/ChainedTransitions.xml (RunModel)" time="0.201" />
  <testcase classname="ptolemy.util.test.junit.AutoTests" name="[34] /home/travis/build/icyphy/ptII/ptolemy/domains/modal/test/auto/CycleOfImmediateTransitionsFSM.xml (RunModel)" time="0.028" />
  <testcase classname="ptolemy.util.test.junit.AutoTests" name="[35] /home/travis/build/icyphy/ptII/ptolemy/domains/modal/test/auto/CycleOfImmediateTransitionsModal.xml (RunModel)" time="0.031" />
  <testcase classname="ptolemy.util.test.junit.AutoTests" name="[36] /home/travis/build/icyphy/ptII/ptolemy/domains/modal/test/auto/CycleOfImmediateTransitionsModal2.xml (RunModel)" time="0.023" />
  <testcase classname="ptolemy.util.test.junit.AutoTests" name="[37] /home/travis/build/icyphy/ptII/ptolemy/domains/modal/test/auto/CycleOfImmediateTransitionsModal3.xml (RunModel)" time="0.078" />
  <testcase classname="ptolemy.util.test.junit.AutoTests" name="[38] /home/travis/build/icyphy/ptII/ptolemy/domains/modal/test/auto/DeepModal1.xml (RunModel)" time="0.046" />
  <testcase classname="ptolemy.util.test.junit.AutoTests" name="[39] /home/travis/build/icyphy/ptII/ptolemy/domains/modal/test/auto/DeepModal2.xml (RunModel)" time="0.064" />
  <testcase classname="ptolemy.util.test.junit.AutoTests" name="[40] /home/travis/build/icyphy/ptII/ptolemy/domains/modal/test/auto/DeepModal3.xml (RunModel)" time="0.087" />
  <testcase classname="ptolemy.util.test.junit.AutoTests" name="[41] /home/travis/build/icyphy/ptII/ptolemy/domains/modal/test/auto/DeepModal4.xml (RunModel)" time="0.079" />
  <testcase classname="ptolemy.util.test.junit.AutoTests" name="[42] /home/travis/build/icyphy/ptII/ptolemy/domains/modal/test/auto/Default1.xml (RunModel)" time="0.016" />
  <testcase classname="ptolemy.util.test.junit.AutoTests" name="[43] /home/travis/build/icyphy/ptII/ptolemy/domains/modal/test/auto/Default2.xml (RunModel)" time="0.021" />
  <testcase classname="ptolemy.util.test.junit.AutoTests" name="[44] /home/travis/build/icyphy/ptII/ptolemy/domains/modal/test/auto/Default3.xml (RunModel)" time="0.02" />
  <testcase classname="ptolemy.util.test.junit.AutoTests" name="[45] /home/travis/build/icyphy/ptII/ptolemy/domains/modal/test/auto/Default4.xml (RunModel)" time="0.017" />
  <testcase classname="ptolemy.util.test.junit.AutoTests" name="[46] /home/travis/build/icyphy/ptII/ptolemy/domains/modal/test/auto/Default5.xml (RunModel)" time="0.031" />
  <testcase classname="ptolemy.util.test.junit.AutoTests" name="[47] /home/travis/build/icyphy/ptII/ptolemy/domains/modal/test/auto/EmptyGuard.xml (RunModel)" time="0.033" />
  <testcase classname="ptolemy.util.test.junit.AutoTests" name="[48] /home/travis/build/icyphy/ptII/ptolemy/domains/modal/test/auto/ErrorTransition1.xml (RunModel)" time="0.034" />
  <testcase classname="ptolemy.util.test.junit.AutoTests" name="[49] /home/travis/build/icyphy/ptII/ptolemy/domains/modal/test/auto/ErrorTransition10.xml (RunModel)" time="0.044" />
  <testcase classname="ptolemy.util.test.junit.AutoTests" name="[50] /home/travis/build/icyphy/ptII/ptolemy/domains/modal/test/auto/ErrorTransition11.xml (RunModel)" time="0.036" />
  <testcase classname="ptolemy.util.test.junit.AutoTests" name="[51] /home/travis/build/icyphy/ptII/ptolemy/domains/modal/test/auto/ErrorTransition2.xml (RunModel)" time="0.029" />
  <testcase classname="ptolemy.util.test.junit.AutoTests" name="[52] /home/travis/build/icyphy/ptII/ptolemy/domains/modal/test/auto/ErrorTransition3.xml (RunModel)" time="0.044" />
  <testcase classname="ptolemy.util.test.junit.AutoTests" name="[53] /home/travis/build/icyphy/ptII/ptolemy/domains/modal/test/auto/ErrorTransition4.xml (RunModel)" time="0.041" />
  <testcase classname="ptolemy.util.test.junit.AutoTests" name="[54] /home/travis/build/icyphy/ptII/ptolemy/domains/modal/test/auto/ErrorTransition5.xml (RunModel)" time="0.028" />
  <testcase classname="ptolemy.util.test.junit.AutoTests" name="[55] /home/travis/build/icyphy/ptII/ptolemy/domains/modal/test/auto/ErrorTransition6.xml (RunModel)" time="0.035" />
  <testcase classname="ptolemy.util.test.junit.AutoTests" name="[56] /home/travis/build/icyphy/ptII/ptolemy/domains/modal/test/auto/ErrorTransition7.xml (RunModel)" time="0.066" />
  <testcase classname="ptolemy.util.test.junit.AutoTests" name="[57] /home/travis/build/icyphy/ptII/ptolemy/domains/modal/test/auto/ErrorTransition8.xml (RunModel)" time="0.067" />
  <testcase classname="ptolemy.util.test.junit.AutoTests" name="[58] /home/travis/build/icyphy/ptII/ptolemy/domains/modal/test/auto/ErrorTransition9.xml (RunModel)" time="0.057" />
  <testcase classname="ptolemy.util.test.junit.AutoTests" name="[59] /home/travis/build/icyphy/ptII/ptolemy/domains/modal/test/auto/ExtendedFSM.xml (RunModel)" time="0.03" />
  <testcase classname="ptolemy.util.test.junit.AutoTests" name="[60] /home/travis/build/icyphy/ptII/ptolemy/domains/modal/test/auto/FinalStates.xml (RunModel)" time="0.027" />
  <testcase classname="ptolemy.util.test.junit.AutoTests" name="[61] /home/travis/build/icyphy/ptII/ptolemy/domains/modal/test/auto/FixedPointFSM.xml (RunModel)" time="0.049" />
  <testcase classname="ptolemy.util.test.junit.AutoTests" name="[62] /home/travis/build/icyphy/ptII/ptolemy/domains/modal/test/auto/FixedPointIterationFSMActor.xml (RunModel)" time="0.035" />
  <testcase classname="ptolemy.util.test.junit.AutoTests" name="[63] /home/travis/build/icyphy/ptII/ptolemy/domains/modal/test/auto/FixedPointIterationFSMActor2.xml (RunModel)" time="0.039" />
  <testcase classname="ptolemy.util.test.junit.AutoTests" name="[64] /home/travis/build/icyphy/ptII/ptolemy/domains/modal/test/auto/ForbiddenInstantanousLoop.xml (RunModel)" time="0.037" />
  <testcase classname="ptolemy.util.test.junit.AutoTests" name="[65] /home/travis/build/icyphy/ptII/ptolemy/domains/modal/test/auto/FunctionDependencyOfFSMActorTest.xml (RunModel)" time="0.036" />
  <testcase classname="ptolemy.util.test.junit.AutoTests" name="[66] /home/travis/build/icyphy/ptII/ptolemy/domains/modal/test/auto/GuardExpression.xml (RunModel)" time="0.019" />
  <testcase classname="ptolemy.util.test.junit.AutoTests" name="[67] /home/travis/build/icyphy/ptII/ptolemy/domains/modal/test/auto/GuardNotEvaluated.xml (RunModel)" time="0.031" />
  <testcase classname="ptolemy.util.test.junit.AutoTests" name="[68] /home/travis/build/icyphy/ptII/ptolemy/domains/modal/test/auto/GuardNotEvaluated2.xml (RunModel)" time="0.028" />
  <testcase classname="ptolemy.util.test.junit.AutoTests" name="[69] /home/travis/build/icyphy/ptII/ptolemy/domains/modal/test/auto/GuardOnAbsent.xml (RunModel)" time="0.025" />
  <testcase classname="ptolemy.util.test.junit.AutoTests" name="[70] /home/travis/build/icyphy/ptII/ptolemy/domains/modal/test/auto/HierarchicalFSMTypeInference.xml (RunModel)" time="0.029" />
  <testcase classname="ptolemy.util.test.junit.AutoTests" name="[71] /home/travis/build/icyphy/ptII/ptolemy/domains/modal/test/auto/Hysteresis.xml (RunModel)" time="0.045" />
  <testcase classname="ptolemy.util.test.junit.AutoTests" name="[72] /home/travis/build/icyphy/ptII/ptolemy/domains/modal/test/auto/HysteresisWithDefault.xml (RunModel)" time="0.099" />
  <testcase classname="ptolemy.util.test.junit.AutoTests" name="[73] /home/travis/build/icyphy/ptII/ptolemy/domains/modal/test/auto/HysteresisWithDefault2.xml (RunModel)" time="0.078" />
  <testcase classname="ptolemy.util.test.junit.AutoTests" name="[74] /home/travis/build/icyphy/ptII/ptolemy/domains/modal/test/auto/ImmediateNonConstructiveness.xml (RunModel)" time="0.02" />
  <testcase classname="ptolemy.util.test.junit.AutoTests" name="[75] /home/travis/build/icyphy/ptII/ptolemy/domains/modal/test/auto/ImmediateNonConstructiveness2.xml (RunModel)" time="0.019" />
  <testcase classname="ptolemy.util.test.junit.AutoTests" name="[76] /home/travis/build/icyphy/ptII/ptolemy/domains/modal/test/auto/ImmediateTransitionReset.xml (RunModel)" time="0.04" />
  <testcase classname="ptolemy.util.test.junit.AutoTests" name="[77] /home/travis/build/icyphy/ptII/ptolemy/domains/modal/test/auto/ImmediateTransitions1.xml (RunModel)" time="0.016" />
  <testcase classname="ptolemy.util.test.junit.AutoTests" name="[78] /home/travis/build/icyphy/ptII/ptolemy/domains/modal/test/auto/ImmediateTransitionsInstantaneousCommunication.xml (RunModel)" time="0.036" />
  <testcase classname="ptolemy.util.test.junit.AutoTests" name="[79] /home/travis/build/icyphy/ptII/ptolemy/domains/modal/test/auto/InitialImmediateTransition.xml (RunModel)" time="0.016" />
  <testcase classname="ptolemy.util.test.junit.AutoTests" name="[80] /home/travis/build/icyphy/ptII/ptolemy/domains/modal/test/auto/InitialOutputs.xml (RunModel)" time="0.015" />
  <testcase classname="ptolemy.util.test.junit.AutoTests" name="[81] /home/travis/build/icyphy/ptII/ptolemy/domains/modal/test/auto/InitialStateTransition1.xml (RunModel)" time="0.023" />
  <testcase classname="ptolemy.util.test.junit.AutoTests" name="[82] /home/travis/build/icyphy/ptII/ptolemy/domains/modal/test/auto/InitialStateTransition2.xml (RunModel)" time="0.025" />
  <testcase classname="ptolemy.util.test.junit.AutoTests" name="[83] /home/travis/build/icyphy/ptII/ptolemy/domains/modal/test/auto/InitialStateTransition3.xml (RunModel)" time="0.024" />
  <testcase classname="ptolemy.util.test.junit.AutoTests" name="[84] /home/travis/build/icyphy/ptII/ptolemy/domains/modal/test/auto/InitialStateTransition4.xml (RunModel)" time="0.026" />
  <testcase classname="ptolemy.util.test.junit.AutoTests" name="[85] /home/travis/build/icyphy/ptII/ptolemy/domains/modal/test/auto/MalformedGuardExpressionNotCaught.xml (RunModel)" time="0.026" />
  <testcase classname="ptolemy.util.test.junit.AutoTests" name="[86] /home/travis/build/icyphy/ptII/ptolemy/domains/modal/test/auto/ModalBSC.xml (RunModel)" time="0.115" />
  <testcase classname="ptolemy.util.test.junit.AutoTests" name="[87] /home/travis/build/icyphy/ptII/ptolemy/domains/modal/test/auto/ModalClocks.xml (RunModel)" time="0.108" />
  <testcase classname="ptolemy.util.test.junit.AutoTests" name="[88] /home/travis/build/icyphy/ptII/ptolemy/domains/modal/test/auto/ModalDelay.xml (RunModel)" time="0.066" />
  <testcase classname="ptolemy.util.test.junit.AutoTests" name="[89] /home/travis/build/icyphy/ptII/ptolemy/domains/modal/test/auto/ModalDelay2.xml (RunModel)" time="0.05" />
  <testcase classname="ptolemy.util.test.junit.AutoTests" name="[90] /home/travis/build/icyphy/ptII/ptolemy/domains/modal/test/auto/ModalModelFromMemo.xml (RunModel)" time="0.071" />
  <testcase classname="ptolemy.util.test.junit.AutoTests" name="[91] /home/travis/build/icyphy/ptII/ptolemy/domains/modal/test/auto/ModalModelWithMultirateTransient.xml (RunModel)" time="0.06" />
  <testcase classname="ptolemy.util.test.junit.AutoTests" name="[92] /home/travis/build/icyphy/ptII/ptolemy/domains/modal/test/auto/ModalModelWithReset.xml (RunModel)" time="0.059" />
  <testcase classname="ptolemy.util.test.junit.AutoTests" name="[93] /home/travis/build/icyphy/ptII/ptolemy/domains/modal/test/auto/MouseClickFSM.xml (RunModel)" time="0.052" />
  <testcase classname="ptolemy.util.test.junit.AutoTests" name="[94] /home/travis/build/icyphy/ptII/ptolemy/domains/modal/test/auto/MouseClickFSMModal.xml (RunModel)" time="0.037" />
  <testcase classname="ptolemy.util.test.junit.AutoTests" name="[95] /home/travis/build/icyphy/ptII/ptolemy/domains/modal/test/auto/NonStrictFSM_FeedbackLoop.xml (RunModel)" time="0.046" />
  <testcase classname="ptolemy.util.test.junit.AutoTests" name="[96] /home/travis/build/icyphy/ptII/ptolemy/domains/modal/test/auto/NonStrictFSM_FeedbackLoop_Refinement.xml (RunModel)" time="0.088" />
  <testcase classname="ptolemy.util.test.junit.AutoTests" name="[97] /home/travis/build/icyphy/ptII/ptolemy/domains/modal/test/auto/NonStrictFSM_FeedbackLoop_preemptive.xml (RunModel)" time="0.052" />
  <testcase classname="ptolemy.util.test.junit.AutoTests" name="[98] /home/travis/build/icyphy/ptII/ptolemy/domains/modal/test/auto/NormalTermination.xml (RunModel)" time="0.047" />
  <testcase classname="ptolemy.util.test.junit.AutoTests" name="[99] /home/travis/build/icyphy/ptII/ptolemy/domains/modal/test/auto/Pong.xml (RunModel)" time="0.102" />
  <testcase classname="ptolemy.util.test.junit.AutoTests" name="[100] /home/travis/build/icyphy/ptII/ptolemy/domains/modal/test/auto/Pong_test.xml (RunModel)" time="0.139" />
  <testcase classname="ptolemy.util.test.junit.AutoTests" name="[101] /home/travis/build/icyphy/ptII/ptolemy/domains/modal/test/auto/PreemptionHierarchy.xml (RunModel)" time="0.033" />
  <testcase classname="ptolemy.util.test.junit.AutoTests" name="[102] /home/travis/build/icyphy/ptII/ptolemy/domains/modal/test/auto/PreemptionHierarchy2.xml (RunModel)" time="0.034" />
  <testcase classname="ptolemy.util.test.junit.AutoTests" name="[103] /home/travis/build/icyphy/ptII/ptolemy/domains/modal/test/auto/PreemptiveTransition.xml (RunModel)" time="0.028" />
  <testcase classname="ptolemy.util.test.junit.AutoTests" name="[104] /home/travis/build/icyphy/ptII/ptolemy/domains/modal/test/auto/Priorities.xml (RunModel)" time="0.08" />
  <testcase classname="ptolemy.util.test.junit.AutoTests" name="[105] /home/travis/build/icyphy/ptII/ptolemy/domains/modal/test/auto/ResetFinal.xml (RunModel)" time="0.046" />
  <testcase classname="ptolemy.util.test.junit.AutoTests" name="[106] /home/travis/build/icyphy/ptII/ptolemy/domains/modal/test/auto/ResetFinal2.xml (RunModel)" time="0.033" />
  <testcase classname="ptolemy.util.test.junit.AutoTests" name="[107] /home/travis/build/icyphy/ptII/ptolemy/domains/modal/test/auto/ResetTransitionWithStartTime.xml (RunModel)" time="0.034" />
  <testcase classname="ptolemy.util.test.junit.AutoTests" name="[108] /home/travis/build/icyphy/ptII/ptolemy/domains/modal/test/auto/SDF-FSMComposite.xml (RunModel)" time="0.027" />
  <testcase classname="ptolemy.util.test.junit.AutoTests" name="[109] /home/travis/build/icyphy/ptII/ptolemy/domains/modal/test/auto/SeeminglyNondeterminate.xml (RunModel)" time="0.071" />
  <testcase classname="ptolemy.util.test.junit.AutoTests" name="[110] /home/travis/build/icyphy/ptII/ptolemy/domains/modal/test/auto/SeeminglyNondeterminate2.xml (RunModel)" time="0.109" />
  <testcase classname="ptolemy.util.test.junit.AutoTests" name="[111] /home/travis/build/icyphy/ptII/ptolemy/domains/modal/test/auto/SpontaneousFSM.xml (RunModel)" time="0.047" />
  <testcase classname="ptolemy.util.test.junit.AutoTests" name="[112] /home/travis/build/icyphy/ptII/ptolemy/domains/modal/test/auto/SpontaneousFSM2.xml (RunModel)" time="0.033" />
  <testcase classname="ptolemy.util.test.junit.AutoTests" name="[113] /home/travis/build/icyphy/ptII/ptolemy/domains/modal/test/auto/SpontaneousFSM3.xml (RunModel)" time="0.043" />
  <testcase classname="ptolemy.util.test.junit.AutoTests" name="[114] /home/travis/build/icyphy/ptII/ptolemy/domains/modal/test/auto/SpontaneousFSM4.xml (RunModel)" time="0.049" />
  <testcase classname="ptolemy.util.test.junit.AutoTests" name="[115] /home/travis/build/icyphy/ptII/ptolemy/domains/modal/test/auto/StateTrackerTest.xml (RunModel)" time="0.073" />
  <testcase classname="ptolemy.util.test.junit.AutoTests" name="[116] /home/travis/build/icyphy/ptII/ptolemy/domains/modal/test/auto/StrongImmediateTransition.xml (RunModel)" time="0.022" />
  <testcase classname="ptolemy.util.test.junit.AutoTests" name="[117] /home/travis/build/icyphy/ptII/ptolemy/domains/modal/test/auto/SustainHierarchy.xml (RunModel)" time="0.035" />
  <testcase classname="ptolemy.util.test.junit.AutoTests" name="[118] /home/travis/build/icyphy/ptII/ptolemy/domains/modal/test/auto/TerminationTransition1.xml (RunModel)" time="0.02" />
  <testcase classname="ptolemy.util.test.junit.AutoTests" name="[119] /home/travis/build/icyphy/ptII/ptolemy/domains/modal/test/auto/TerminationTransition2.xml (RunModel)" time="0.024" />
  <testcase classname="ptolemy.util.test.junit.AutoTests" name="[120] /home/travis/build/icyphy/ptII/ptolemy/domains/modal/test/auto/TerminationTransition3.xml (RunModel)" time="0.024" />
  <testcase classname="ptolemy.util.test.junit.AutoTests" name="[121] /home/travis/build/icyphy/ptII/ptolemy/domains/modal/test/auto/TerminationTransition4.xml (RunModel)" time="0.035" />
  <testcase classname="ptolemy.util.test.junit.AutoTests" name="[122] /home/travis/build/icyphy/ptII/ptolemy/domains/modal/test/auto/TerminationTransition5.xml (RunModel)" time="0.034" />
  <testcase classname="ptolemy.util.test.junit.AutoTests" name="[123] /home/travis/build/icyphy/ptII/ptolemy/domains/modal/test/auto/TerminationTransition6.xml (RunModel)" time="0.023" />
  <testcase classname="ptolemy.util.test.junit.AutoTests" name="[124] /home/travis/build/icyphy/ptII/ptolemy/domains/modal/test/auto/TerminationTransition7.xml (RunModel)" time="0.024" />
  <testcase classname="ptolemy.util.test.junit.AutoTests" name="[125] /home/travis/build/icyphy/ptII/ptolemy/domains/modal/test/auto/TerminationTransition8.xml (RunModel)" time="0.024" />
  <testcase classname="ptolemy.util.test.junit.AutoTests" name="[126] /home/travis/build/icyphy/ptII/ptolemy/domains/modal/test/auto/Thermostat_NoHysteresis.xml (RunModel)" time="0.061" />
  <testcase classname="ptolemy.util.test.junit.AutoTests" name="[127] /home/travis/build/icyphy/ptII/ptolemy/domains/modal/test/auto/TimedFSM.xml (RunModel)" time="0.05" />
  <testcase classname="ptolemy.util.test.junit.AutoTests" name="[128] /home/travis/build/icyphy/ptII/ptolemy/domains/modal/test/auto/Timeout1.xml (RunModel)" time="0.019" />
  <testcase classname="ptolemy.util.test.junit.AutoTests" name="[129] /home/travis/build/icyphy/ptII/ptolemy/domains/modal/test/auto/Timeout2.xml (RunModel)" time="0.024" />
  <testcase classname="ptolemy.util.test.junit.AutoTests" name="[130] /home/travis/build/icyphy/ptII/ptolemy/domains/modal/test/auto/Timeout3.xml (RunModel)" time="0.012" />
  <testcase classname="ptolemy.util.test.junit.AutoTests" name="[131] /home/travis/build/icyphy/ptII/ptolemy/domains/modal/test/auto/Timeout4.xml (RunModel)" time="0.012" />
  <testcase classname="ptolemy.util.test.junit.AutoTests" name="[132] /home/travis/build/icyphy/ptII/ptolemy/domains/modal/test/auto/TransientstateModelAdvanced.xml (RunModel)" time="0.029" />
  <testcase classname="ptolemy.util.test.junit.AutoTests" name="[133] /home/travis/build/icyphy/ptII/ptolemy/domains/modal/test/auto/TransientstateModelAdvanced2.xml (RunModel)" time="0.031" />
  <testcase classname="ptolemy.util.test.junit.AutoTests" name="[134] /home/travis/build/icyphy/ptII/ptolemy/domains/modal/test/auto/TransitionRefinements.xml (RunModel)" time="0.024" />
  <testcase classname="ptolemy.util.test.junit.AutoTests" name="[135] /home/travis/build/icyphy/ptII/ptolemy/domains/modal/test/auto/TwoRefinements1.xml (RunModel)" time="0.025" />
  <testcase classname="ptolemy.util.test.junit.AutoTests" name="[136] /home/travis/build/icyphy/ptII/ptolemy/domains/modal/test/auto/TwoRefinements2.xml (RunModel)" time="0.025" />
  <testcase classname="ptolemy.util.test.junit.AutoTests" name="[137] /home/travis/build/icyphy/ptII/ptolemy/domains/modal/test/auto/WeakImmediateTransition.xml (RunModel)" time="0.026" />
  <testcase classname="ptolemy.util.test.junit.AutoTests" name="[138] /home/travis/build/icyphy/ptII/ptolemy/domains/modal/test/auto/booleanSelect.xml (RunModel)" time="0.068" />
  <testcase classname="ptolemy.util.test.junit.AutoTests" name="[139] /home/travis/build/icyphy/ptII/ptolemy/domains/modal/test/auto/modalChangingParams.xml (RunModel)" time="0.332" />
  <testcase classname="ptolemy.util.test.junit.AutoTests" name="[140] /home/travis/build/icyphy/ptII/ptolemy/domains/modal/test/auto/modalModel.xml (RunModel)" time="0.045" />
  <testcase classname="ptolemy.util.test.junit.AutoTests" name="[141] /home/travis/build/icyphy/ptII/ptolemy/domains/modal/test/auto/modalModel2.xml (RunModel)" time="0.032" />
  <testcase classname="ptolemy.util.test.junit.AutoTests" name="[142] /home/travis/build/icyphy/ptII/ptolemy/domains/modal/test/auto/modalModel3.xml (RunModel)" time="0.054" />
  <testcase classname="ptolemy.util.test.junit.AutoTests" name="[143] /home/travis/build/icyphy/ptII/ptolemy/domains/modal/test/auto/model1.xml (RunModel)" time="0.024" />
  <testcase classname="ptolemy.util.test.junit.AutoTests" name="[144] /home/travis/build/icyphy/ptII/ptolemy/domains/modal/test/auto/test-direct-in-out.xml (RunModel)" time="0.029" />
  <system-out><![CDATA[/home/travis/build/icyphy/ptII/ptolemy/domains/modal/test/SystemLevelType.tcl
testDefs.tcl: setting time out to 9000 seconds at Wed Jun 26 04:41:38 UTC 2019
06/26/19 04:41:40
Failed: 0  Total Tests: 1  ((Passed: 1, Newly Passed: 0)  Known Failed: 0) /home/travis/build/icyphy/ptII/ptolemy/domains/modal/test
----------------- testing (KnownFailure) /home/travis/build/icyphy/ptII/ptolemy/domains/modal/test/auto/knownFailedTests/CannotAnalysisWithPreemption.xml
165 ms. Memory: 154624K Free: 111475K (72%)
Known Failure: java.lang.reflect.InvocationTargetException
No auto/linux-amd64/*.xml tests in /home/travis/build/icyphy/ptII/ptolemy/domains/modal/test
AutoTests.java: About to close Vertx.
AutoTests.java: Vertx closed.

===========================================================================================
----------------- testing Wed Jun 26 04:41:41 UTC 2019 /home/travis/build/icyphy/ptII/ptolemy/domains/modal/test/auto/ABPTest.xml
----------------- Instantiating /home/travis/build/icyphy/ptII/ptolemy/domains/modal/test/auto/ABPTest.xml
413 ms. Memory: 207872K Free: 90274K (43%)
----------------- Invoking toplevel() on ptolemy.moml.MoMLSimpleApplication@3a017f5
----------------- Done invoking toplevel() on ptolemy.moml.MoMLSimpleApplication@3a017f5
reloadAllAccessors: .ABPTest

===========================================================================================
----------------- testing Wed Jun 26 04:41:41 UTC 2019 /home/travis/build/icyphy/ptII/ptolemy/domains/modal/test/auto/ABROFlat.xml
----------------- Instantiating /home/travis/build/icyphy/ptII/ptolemy/domains/modal/test/auto/ABROFlat.xml
30 ms. Memory: 207872K Free: 75393K (36%)
----------------- Invoking toplevel() on ptolemy.moml.MoMLSimpleApplication@7eba5e89
----------------- Done invoking toplevel() on ptolemy.moml.MoMLSimpleApplication@7eba5e89
reloadAllAccessors: .ABROFlat

===========================================================================================
----------------- testing Wed Jun 26 04:41:42 UTC 2019 /home/travis/build/icyphy/ptII/ptolemy/domains/modal/test/auto/ABROFlat2.xml
----------------- Instantiating /home/travis/build/icyphy/ptII/ptolemy/domains/modal/test/auto/ABROFlat2.xml
25 ms. Memory: 207872K Free: 175266K (84%)
----------------- Invoking toplevel() on ptolemy.moml.MoMLSimpleApplication@52eaa957
----------------- Done invoking toplevel() on ptolemy.moml.MoMLSimpleApplication@52eaa957
reloadAllAccessors: .ABROFlat2

===========================================================================================
----------------- testing Wed Jun 26 04:41:42 UTC 2019 /home/travis/build/icyphy/ptII/ptolemy/domains/modal/test/auto/ABRO_present_hmm.xml
----------------- Instantiating /home/travis/build/icyphy/ptII/ptolemy/domains/modal/test/auto/ABRO_present_hmm.xml
41 ms. Memory: 207872K Free: 148642K (72%)
----------------- Invoking toplevel() on ptolemy.moml.MoMLSimpleApplication@1e7a175e
----------------- Done invoking toplevel() on ptolemy.moml.MoMLSimpleApplication@1e7a175e
reloadAllAccessors: .ABRO_present_hmm

===========================================================================================
----------------- testing Wed Jun 26 04:41:42 UTC 2019 /home/travis/build/icyphy/ptII/ptolemy/domains/modal/test/auto/AMICoderExample.xml
----------------- Instantiating /home/travis/build/icyphy/ptII/ptolemy/domains/modal/test/auto/AMICoderExample.xml
54 ms. Memory: 207872K Free: 138402K (67%)
----------------- Invoking toplevel() on ptolemy.moml.MoMLSimpleApplication@314155a2
----------------- Done invoking toplevel() on ptolemy.moml.MoMLSimpleApplication@314155a2
reloadAllAccessors: .AMICoderExample

===========================================================================================
----------------- testing Wed Jun 26 04:41:42 UTC 2019 /home/travis/build/icyphy/ptII/ptolemy/domains/modal/test/auto/AbsentToPresent.xml
----------------- Instantiating /home/travis/build/icyphy/ptII/ptolemy/domains/modal/test/auto/AbsentToPresent.xml
5 ms. Memory: 207872K Free: 133777K (64%)
----------------- Invoking toplevel() on ptolemy.moml.MoMLSimpleApplication@247b9763
----------------- Done invoking toplevel() on ptolemy.moml.MoMLSimpleApplication@247b9763
reloadAllAccessors: .AbsentToPresent

===========================================================================================
----------------- testing Wed Jun 26 04:41:42 UTC 2019 /home/travis/build/icyphy/ptII/ptolemy/domains/modal/test/auto/Blending.xml
----------------- Instantiating /home/travis/build/icyphy/ptII/ptolemy/domains/modal/test/auto/Blending.xml
134 ms. Memory: 207872K Free: 89250K (43%)
----------------- Invoking toplevel() on ptolemy.moml.MoMLSimpleApplication@4385723b
----------------- Done invoking toplevel() on ptolemy.moml.MoMLSimpleApplication@4385723b
reloadAllAccessors: .Blending

===========================================================================================
----------------- testing Wed Jun 26 04:41:42 UTC 2019 /home/travis/build/icyphy/ptII/ptolemy/domains/modal/test/auto/Broadcast.xml
----------------- Instantiating /home/travis/build/icyphy/ptII/ptolemy/domains/modal/test/auto/Broadcast.xml
11 ms. Memory: 207872K Free: 80034K (39%)
----------------- Invoking toplevel() on ptolemy.moml.MoMLSimpleApplication@2d337e3c
----------------- Done invoking toplevel() on ptolemy.moml.MoMLSimpleApplication@2d337e3c
reloadAllAccessors: .Broadcast

===========================================================================================
----------------- testing Wed Jun 26 04:41:42 UTC 2019 /home/travis/build/icyphy/ptII/ptolemy/domains/modal/test/auto/BroadcastHierarchy.xml
----------------- Instantiating /home/travis/build/icyphy/ptII/ptolemy/domains/modal/test/auto/BroadcastHierarchy.xml
8 ms. Memory: 207872K Free: 182432K (88%)
----------------- Invoking toplevel() on ptolemy.moml.MoMLSimpleApplication@5e4498ce
----------------- Done invoking toplevel() on ptolemy.moml.MoMLSimpleApplication@5e4498ce
reloadAllAccessors: .BroadcastHierarchy

===========================================================================================
----------------- testing Wed Jun 26 04:41:42 UTC 2019 /home/travis/build/icyphy/ptII/ptolemy/domains/modal/test/auto/BroadcastHierarchy2.xml
----------------- Instantiating /home/travis/build/icyphy/ptII/ptolemy/domains/modal/test/auto/BroadcastHierarchy2.xml
16 ms. Memory: 207872K Free: 155793K (75%)
----------------- Invoking toplevel() on ptolemy.moml.MoMLSimpleApplication@34f3bb5b
----------------- Done invoking toplevel() on ptolemy.moml.MoMLSimpleApplication@34f3bb5b
reloadAllAccessors: .BroadcastHierarchy2

===========================================================================================
----------------- testing Wed Jun 26 04:41:43 UTC 2019 /home/travis/build/icyphy/ptII/ptolemy/domains/modal/test/auto/BroadcastHierarchy3.xml
----------------- Instantiating /home/travis/build/icyphy/ptII/ptolemy/domains/modal/test/auto/BroadcastHierarchy3.xml
28 ms. Memory: 207872K Free: 135842K (65%)
----------------- Invoking toplevel() on ptolemy.moml.MoMLSimpleApplication@70df384d
----------------- Done invoking toplevel() on ptolemy.moml.MoMLSimpleApplication@70df384d
reloadAllAccessors: .BroadcastHierarchy3

===========================================================================================
----------------- testing Wed Jun 26 04:41:43 UTC 2019 /home/travis/build/icyphy/ptII/ptolemy/domains/modal/test/auto/BroadcastHierarchy4.xml
----------------- Instantiating /home/travis/build/icyphy/ptII/ptolemy/domains/modal/test/auto/BroadcastHierarchy4.xml
14 ms. Memory: 207872K Free: 111776K (54%)
----------------- Invoking toplevel() on ptolemy.moml.MoMLSimpleApplication@25f3cd01
----------------- Done invoking toplevel() on ptolemy.moml.MoMLSimpleApplication@25f3cd01
reloadAllAccessors: .BroadcastHierarchy4

===========================================================================================
----------------- testing Wed Jun 26 04:41:43 UTC 2019 /home/travis/build/icyphy/ptII/ptolemy/domains/modal/test/auto/CannotAnalysisWithPreemption2.xml
----------------- Instantiating /home/travis/build/icyphy/ptII/ptolemy/domains/modal/test/auto/CannotAnalysisWithPreemption2.xml
6 ms. Memory: 207872K Free: 104608K (50%)
----------------- Invoking toplevel() on ptolemy.moml.MoMLSimpleApplication@347b4dad
----------------- Done invoking toplevel() on ptolemy.moml.MoMLSimpleApplication@347b4dad
reloadAllAccessors: .CannotAnalysisWithPreemption2

===========================================================================================
----------------- testing Wed Jun 26 04:41:43 UTC 2019 /home/travis/build/icyphy/ptII/ptolemy/domains/modal/test/auto/CannotAnalysisWithPreemption3.xml
----------------- Instantiating /home/travis/build/icyphy/ptII/ptolemy/domains/modal/test/auto/CannotAnalysisWithPreemption3.xml
7 ms. Memory: 207872K Free: 94353K (45%)
----------------- Invoking toplevel() on ptolemy.moml.MoMLSimpleApplication@35c5f74e
----------------- Done invoking toplevel() on ptolemy.moml.MoMLSimpleApplication@35c5f74e
reloadAllAccessors: .CannotAnalysisWithPreemption3

===========================================================================================
----------------- testing Wed Jun 26 04:41:43 UTC 2019 /home/travis/build/icyphy/ptII/ptolemy/domains/modal/test/auto/CannotProduce.xml
----------------- Instantiating /home/travis/build/icyphy/ptII/ptolemy/domains/modal/test/auto/CannotProduce.xml
19 ms. Memory: 207872K Free: 88224K (42%)
----------------- Invoking toplevel() on ptolemy.moml.MoMLSimpleApplication@793fa2b2
----------------- Done invoking toplevel() on ptolemy.moml.MoMLSimpleApplication@793fa2b2
reloadAllAccessors: .CannotProduce

===========================================================================================
----------------- testing Wed Jun 26 04:41:43 UTC 2019 /home/travis/build/icyphy/ptII/ptolemy/domains/modal/test/auto/CannotProduceModal.xml
----------------- Instantiating /home/travis/build/icyphy/ptII/ptolemy/domains/modal/test/auto/CannotProduceModal.xml
5 ms. Memory: 207872K Free: 81049K (39%)
----------------- Invoking toplevel() on ptolemy.moml.MoMLSimpleApplication@19ae1e
----------------- Done invoking toplevel() on ptolemy.moml.MoMLSimpleApplication@19ae1e
reloadAllAccessors: .CannotProduceModal

===========================================================================================
----------------- testing Wed Jun 26 04:41:43 UTC 2019 /home/travis/build/icyphy/ptII/ptolemy/domains/modal/test/auto/Case.xml
----------------- Instantiating /home/travis/build/icyphy/ptII/ptolemy/domains/modal/test/auto/Case.xml
24 ms. Memory: 207872K Free: 186016K (89%)
----------------- Invoking toplevel() on ptolemy.moml.MoMLSimpleApplication@521a58d3
----------------- Done invoking toplevel() on ptolemy.moml.MoMLSimpleApplication@521a58d3
reloadAllAccessors: .Case

===========================================================================================
----------------- testing Wed Jun 26 04:41:43 UTC 2019 /home/travis/build/icyphy/ptII/ptolemy/domains/modal/test/auto/Case1.xml
----------------- Instantiating /home/travis/build/icyphy/ptII/ptolemy/domains/modal/test/auto/Case1.xml
8 ms. Memory: 207872K Free: 178848K (86%)
----------------- Invoking toplevel() on ptolemy.moml.MoMLSimpleApplication@5ce32513
----------------- Done invoking toplevel() on ptolemy.moml.MoMLSimpleApplication@5ce32513
reloadAllAccessors: .Case1

===========================================================================================
----------------- testing Wed Jun 26 04:41:43 UTC 2019 /home/travis/build/icyphy/ptII/ptolemy/domains/modal/test/auto/Case2.xml
----------------- Instantiating /home/travis/build/icyphy/ptII/ptolemy/domains/modal/test/auto/Case2.xml
38 ms. Memory: 207872K Free: 168098K (81%)
----------------- Invoking toplevel() on ptolemy.moml.MoMLSimpleApplication@4083d992
----------------- Done invoking toplevel() on ptolemy.moml.MoMLSimpleApplication@4083d992
reloadAllAccessors: .Case2

===========================================================================================
----------------- testing Wed Jun 26 04:41:43 UTC 2019 /home/travis/build/icyphy/ptII/ptolemy/domains/modal/test/auto/CausalityInterface1.xml
----------------- Instantiating /home/travis/build/icyphy/ptII/ptolemy/domains/modal/test/auto/CausalityInterface1.xml
6 ms. Memory: 207872K Free: 162978K (78%)
----------------- Invoking toplevel() on ptolemy.moml.MoMLSimpleApplication@1957d76
----------------- Done invoking toplevel() on ptolemy.moml.MoMLSimpleApplication@1957d76
reloadAllAccessors: .CausalityInterface1

===========================================================================================
----------------- testing Wed Jun 26 04:41:43 UTC 2019 /home/travis/build/icyphy/ptII/ptolemy/domains/modal/test/auto/CausalityInterface10.xml
----------------- Instantiating /home/travis/build/icyphy/ptII/ptolemy/domains/modal/test/auto/CausalityInterface10.xml
7 ms. Memory: 207872K Free: 149666K (72%)
----------------- Invoking toplevel() on ptolemy.moml.MoMLSimpleApplication@1e38053b
----------------- Done invoking toplevel() on ptolemy.moml.MoMLSimpleApplication@1e38053b
reloadAllAccessors: .CausalityInterface10

===========================================================================================
----------------- testing Wed Jun 26 04:41:43 UTC 2019 /home/travis/build/icyphy/ptII/ptolemy/domains/modal/test/auto/CausalityInterface11.xml
----------------- Instantiating /home/travis/build/icyphy/ptII/ptolemy/domains/modal/test/auto/CausalityInterface11.xml
8 ms. Memory: 207872K Free: 136354K (66%)
----------------- Invoking toplevel() on ptolemy.moml.MoMLSimpleApplication@5ddf715
----------------- Done invoking toplevel() on ptolemy.moml.MoMLSimpleApplication@5ddf715
reloadAllAccessors: .CausalityInterface11

===========================================================================================
----------------- testing Wed Jun 26 04:41:43 UTC 2019 /home/travis/build/icyphy/ptII/ptolemy/domains/modal/test/auto/CausalityInterface12.xml
----------------- Instantiating /home/travis/build/icyphy/ptII/ptolemy/domains/modal/test/auto/CausalityInterface12.xml
12 ms. Memory: 207872K Free: 123521K (59%)
----------------- Invoking toplevel() on ptolemy.moml.MoMLSimpleApplication@66cb43c
----------------- Done invoking toplevel() on ptolemy.moml.MoMLSimpleApplication@66cb43c
reloadAllAccessors: .CausalityInterface12

===========================================================================================
----------------- testing Wed Jun 26 04:41:43 UTC 2019 /home/travis/build/icyphy/ptII/ptolemy/domains/modal/test/auto/CausalityInterface13.xml
----------------- Instantiating /home/travis/build/icyphy/ptII/ptolemy/domains/modal/test/auto/CausalityInterface13.xml
6 ms. Memory: 207872K Free: 109730K (53%)
----------------- Invoking toplevel() on ptolemy.moml.MoMLSimpleApplication@6db7d36
----------------- Done invoking toplevel() on ptolemy.moml.MoMLSimpleApplication@6db7d36
reloadAllAccessors: .CausalityInterface13

===========================================================================================
----------------- testing Wed Jun 26 04:41:43 UTC 2019 /home/travis/build/icyphy/ptII/ptolemy/domains/modal/test/auto/CausalityInterface14.xml
----------------- Instantiating /home/travis/build/icyphy/ptII/ptolemy/domains/modal/test/auto/CausalityInterface14.xml
5 ms. Memory: 207872K Free: 95889K (46%)
----------------- Invoking toplevel() on ptolemy.moml.MoMLSimpleApplication@487c679e
----------------- Done invoking toplevel() on ptolemy.moml.MoMLSimpleApplication@487c679e
reloadAllAccessors: .CausalityInterface14

===========================================================================================
----------------- testing Wed Jun 26 04:41:43 UTC 2019 /home/travis/build/icyphy/ptII/ptolemy/domains/modal/test/auto/CausalityInterface2.xml
----------------- Instantiating /home/travis/build/icyphy/ptII/ptolemy/domains/modal/test/auto/CausalityInterface2.xml
4 ms. Memory: 207872K Free: 89250K (43%)
----------------- Invoking toplevel() on ptolemy.moml.MoMLSimpleApplication@6f7d4838
----------------- Done invoking toplevel() on ptolemy.moml.MoMLSimpleApplication@6f7d4838
reloadAllAccessors: .CausalityInterface2

===========================================================================================
----------------- testing Wed Jun 26 04:41:43 UTC 2019 /home/travis/build/icyphy/ptII/ptolemy/domains/modal/test/auto/CausalityInterface3.xml
----------------- Instantiating /home/travis/build/icyphy/ptII/ptolemy/domains/modal/test/auto/CausalityInterface3.xml
3 ms. Memory: 207872K Free: 82577K (40%)
----------------- Invoking toplevel() on ptolemy.moml.MoMLSimpleApplication@15e2b39d
----------------- Done invoking toplevel() on ptolemy.moml.MoMLSimpleApplication@15e2b39d
reloadAllAccessors: .CausalityInterface3

===========================================================================================
----------------- testing Wed Jun 26 04:41:43 UTC 2019 /home/travis/build/icyphy/ptII/ptolemy/domains/modal/test/auto/CausalityInterface4.xml
----------------- Instantiating /home/travis/build/icyphy/ptII/ptolemy/domains/modal/test/auto/CausalityInterface4.xml
3 ms. Memory: 207872K Free: 75938K (37%)
----------------- Invoking toplevel() on ptolemy.moml.MoMLSimpleApplication@3ecc4a34
----------------- Done invoking toplevel() on ptolemy.moml.MoMLSimpleApplication@3ecc4a34
reloadAllAccessors: .CausalityInterface4

===========================================================================================
----------------- testing Wed Jun 26 04:41:43 UTC 2019 /home/travis/build/icyphy/ptII/ptolemy/domains/modal/test/auto/CausalityInterface5.xml
----------------- Instantiating /home/travis/build/icyphy/ptII/ptolemy/domains/modal/test/auto/CausalityInterface5.xml
4 ms. Memory: 278528K Free: 254626K (91%)
----------------- Invoking toplevel() on ptolemy.moml.MoMLSimpleApplication@52583700
----------------- Done invoking toplevel() on ptolemy.moml.MoMLSimpleApplication@52583700
reloadAllAccessors: .CausalityInterface5

===========================================================================================
----------------- testing Wed Jun 26 04:41:44 UTC 2019 /home/travis/build/icyphy/ptII/ptolemy/domains/modal/test/auto/CausalityInterface6.xml
----------------- Instantiating /home/travis/build/icyphy/ptII/ptolemy/domains/modal/test/auto/CausalityInterface6.xml
5 ms. Memory: 278528K Free: 246434K (88%)
----------------- Invoking toplevel() on ptolemy.moml.MoMLSimpleApplication@62f70eea
----------------- Done invoking toplevel() on ptolemy.moml.MoMLSimpleApplication@62f70eea
reloadAllAccessors: .CausalityInterface6

===========================================================================================
----------------- testing Wed Jun 26 04:41:44 UTC 2019 /home/travis/build/icyphy/ptII/ptolemy/domains/modal/test/auto/CausalityInterface7.xml
----------------- Instantiating /home/travis/build/icyphy/ptII/ptolemy/domains/modal/test/auto/CausalityInterface7.xml
4 ms. Memory: 278528K Free: 238242K (86%)
----------------- Invoking toplevel() on ptolemy.moml.MoMLSimpleApplication@2a8cf31b
----------------- Done invoking toplevel() on ptolemy.moml.MoMLSimpleApplication@2a8cf31b
reloadAllAccessors: .CausalityInterface7

===========================================================================================
----------------- testing Wed Jun 26 04:41:44 UTC 2019 /home/travis/build/icyphy/ptII/ptolemy/domains/modal/test/auto/CausalityInterface8.xml
----------------- Instantiating /home/travis/build/icyphy/ptII/ptolemy/domains/modal/test/auto/CausalityInterface8.xml
8 ms. Memory: 278528K Free: 229529K (82%)
----------------- Invoking toplevel() on ptolemy.moml.MoMLSimpleApplication@7c3f3f22
----------------- Done invoking toplevel() on ptolemy.moml.MoMLSimpleApplication@7c3f3f22
reloadAllAccessors: .CausalityInterface8

===========================================================================================
----------------- testing Wed Jun 26 04:41:44 UTC 2019 /home/travis/build/icyphy/ptII/ptolemy/domains/modal/test/auto/CausalityInterface9.xml
----------------- Instantiating /home/travis/build/icyphy/ptII/ptolemy/domains/modal/test/auto/CausalityInterface9.xml
5 ms. Memory: 278528K Free: 220320K (79%)
----------------- Invoking toplevel() on ptolemy.moml.MoMLSimpleApplication@405a370a
----------------- Done invoking toplevel() on ptolemy.moml.MoMLSimpleApplication@405a370a
reloadAllAccessors: .CausalityInterface9

===========================================================================================
----------------- testing Wed Jun 26 04:41:44 UTC 2019 /home/travis/build/icyphy/ptII/ptolemy/domains/modal/test/auto/ChainedTransitions.xml
----------------- Instantiating /home/travis/build/icyphy/ptII/ptolemy/domains/modal/test/auto/ChainedTransitions.xml
126 ms. Memory: 278528K Free: 195729K (70%)
----------------- Invoking toplevel() on ptolemy.moml.MoMLSimpleApplication@12898f56
----------------- Done invoking toplevel() on ptolemy.moml.MoMLSimpleApplication@12898f56
reloadAllAccessors: .ChainedTransitions

===========================================================================================
----------------- testing Wed Jun 26 04:41:44 UTC 2019 /home/travis/build/icyphy/ptII/ptolemy/domains/modal/test/auto/CycleOfImmediateTransitionsFSM.xml
----------------- Instantiating /home/travis/build/icyphy/ptII/ptolemy/domains/modal/test/auto/CycleOfImmediateTransitionsFSM.xml
3 ms. Memory: 278528K Free: 190114K (68%)
----------------- Invoking toplevel() on ptolemy.moml.MoMLSimpleApplication@1132b12c
----------------- Done invoking toplevel() on ptolemy.moml.MoMLSimpleApplication@1132b12c
reloadAllAccessors: .CycleOfImmediateTransitionsFSM

===========================================================================================
----------------- testing Wed Jun 26 04:41:44 UTC 2019 /home/travis/build/icyphy/ptII/ptolemy/domains/modal/test/auto/CycleOfImmediateTransitionsModal.xml
----------------- Instantiating /home/travis/build/icyphy/ptII/ptolemy/domains/modal/test/auto/CycleOfImmediateTransitionsModal.xml
8 ms. Memory: 278528K Free: 183970K (66%)
----------------- Invoking toplevel() on ptolemy.moml.MoMLSimpleApplication@2f15694
----------------- Done invoking toplevel() on ptolemy.moml.MoMLSimpleApplication@2f15694
reloadAllAccessors: .CycleOfImmediateTransitionsModal

===========================================================================================
----------------- testing Wed Jun 26 04:41:44 UTC 2019 /home/travis/build/icyphy/ptII/ptolemy/domains/modal/test/auto/CycleOfImmediateTransitionsModal2.xml
----------------- Instantiating /home/travis/build/icyphy/ptII/ptolemy/domains/modal/test/auto/CycleOfImmediateTransitionsModal2.xml
2 ms. Memory: 278528K Free: 177826K (64%)
----------------- Invoking toplevel() on ptolemy.moml.MoMLSimpleApplication@434c2fe2
----------------- Done invoking toplevel() on ptolemy.moml.MoMLSimpleApplication@434c2fe2
reloadAllAccessors: .CycleOfImmediateTransitionsModal2

===========================================================================================
----------------- testing Wed Jun 26 04:41:44 UTC 2019 /home/travis/build/icyphy/ptII/ptolemy/domains/modal/test/auto/CycleOfImmediateTransitionsModal3.xml
----------------- Instantiating /home/travis/build/icyphy/ptII/ptolemy/domains/modal/test/auto/CycleOfImmediateTransitionsModal3.xml
10 ms. Memory: 278528K Free: 155298K (56%)
----------------- Invoking toplevel() on ptolemy.moml.MoMLSimpleApplication@2711d5e7
----------------- Done invoking toplevel() on ptolemy.moml.MoMLSimpleApplication@2711d5e7
reloadAllAccessors: .CycleOfImmediateTransitionsModal3

===========================================================================================
----------------- testing Wed Jun 26 04:41:44 UTC 2019 /home/travis/build/icyphy/ptII/ptolemy/domains/modal/test/auto/DeepModal1.xml
----------------- Instantiating /home/travis/build/icyphy/ptII/ptolemy/domains/modal/test/auto/DeepModal1.xml
20 ms. Memory: 278528K Free: 140962K (51%)
----------------- Invoking toplevel() on ptolemy.moml.MoMLSimpleApplication@496780ee
----------------- Done invoking toplevel() on ptolemy.moml.MoMLSimpleApplication@496780ee
reloadAllAccessors: .DeepModal1

===========================================================================================
----------------- testing Wed Jun 26 04:41:44 UTC 2019 /home/travis/build/icyphy/ptII/ptolemy/domains/modal/test/auto/DeepModal2.xml
----------------- Instantiating /home/travis/build/icyphy/ptII/ptolemy/domains/modal/test/auto/DeepModal2.xml
27 ms. Memory: 278528K Free: 122530K (44%)
----------------- Invoking toplevel() on ptolemy.moml.MoMLSimpleApplication@1b7beb2c
----------------- Done invoking toplevel() on ptolemy.moml.MoMLSimpleApplication@1b7beb2c
reloadAllAccessors: .DeepModal2

===========================================================================================
----------------- testing Wed Jun 26 04:41:44 UTC 2019 /home/travis/build/icyphy/ptII/ptolemy/domains/modal/test/auto/DeepModal3.xml
----------------- Instantiating /home/travis/build/icyphy/ptII/ptolemy/domains/modal/test/auto/DeepModal3.xml
48 ms. Memory: 278528K Free: 257828K (93%)
----------------- Invoking toplevel() on ptolemy.moml.MoMLSimpleApplication@6e631266
----------------- Done invoking toplevel() on ptolemy.moml.MoMLSimpleApplication@6e631266
reloadAllAccessors: .DeepModal3

===========================================================================================
----------------- testing Wed Jun 26 04:41:44 UTC 2019 /home/travis/build/icyphy/ptII/ptolemy/domains/modal/test/auto/DeepModal4.xml
----------------- Instantiating /home/travis/build/icyphy/ptII/ptolemy/domains/modal/test/auto/DeepModal4.xml
37 ms. Memory: 278528K Free: 238242K (86%)
----------------- Invoking toplevel() on ptolemy.moml.MoMLSimpleApplication@188247cb
----------------- Done invoking toplevel() on ptolemy.moml.MoMLSimpleApplication@188247cb
reloadAllAccessors: .DeepModal4

===========================================================================================
----------------- testing Wed Jun 26 04:41:44 UTC 2019 /home/travis/build/icyphy/ptII/ptolemy/domains/modal/test/auto/Default1.xml
----------------- Instantiating /home/travis/build/icyphy/ptII/ptolemy/domains/modal/test/auto/Default1.xml
2 ms. Memory: 278528K Free: 232098K (83%)
----------------- Invoking toplevel() on ptolemy.moml.MoMLSimpleApplication@10bf11b5
----------------- Done invoking toplevel() on ptolemy.moml.MoMLSimpleApplication@10bf11b5
reloadAllAccessors: .Default1

===========================================================================================
----------------- testing Wed Jun 26 04:41:44 UTC 2019 /home/travis/build/icyphy/ptII/ptolemy/domains/modal/test/auto/Default2.xml
----------------- Instantiating /home/travis/build/icyphy/ptII/ptolemy/domains/modal/test/auto/Default2.xml
7 ms. Memory: 278528K Free: 226464K (81%)
----------------- Invoking toplevel() on ptolemy.moml.MoMLSimpleApplication@e936fbc
----------------- Done invoking toplevel() on ptolemy.moml.MoMLSimpleApplication@e936fbc
reloadAllAccessors: .Default2

===========================================================================================
----------------- testing Wed Jun 26 04:41:44 UTC 2019 /home/travis/build/icyphy/ptII/ptolemy/domains/modal/test/auto/Default3.xml
----------------- Instantiating /home/travis/build/icyphy/ptII/ptolemy/domains/modal/test/auto/Default3.xml
3 ms. Memory: 278528K Free: 220320K (79%)
----------------- Invoking toplevel() on ptolemy.moml.MoMLSimpleApplication@14b5bddf
----------------- Done invoking toplevel() on ptolemy.moml.MoMLSimpleApplication@14b5bddf
reloadAllAccessors: .Default3

===========================================================================================
----------------- testing Wed Jun 26 04:41:44 UTC 2019 /home/travis/build/icyphy/ptII/ptolemy/domains/modal/test/auto/Default4.xml
----------------- Instantiating /home/travis/build/icyphy/ptII/ptolemy/domains/modal/test/auto/Default4.xml
2 ms. Memory: 278528K Free: 214176K (77%)
----------------- Invoking toplevel() on ptolemy.moml.MoMLSimpleApplication@22d3b5fe
----------------- Done invoking toplevel() on ptolemy.moml.MoMLSimpleApplication@22d3b5fe
reloadAllAccessors: .Default4

===========================================================================================
----------------- testing Wed Jun 26 04:41:44 UTC 2019 /home/travis/build/icyphy/ptII/ptolemy/domains/modal/test/auto/Default5.xml
----------------- Instantiating /home/travis/build/icyphy/ptII/ptolemy/domains/modal/test/auto/Default5.xml
11 ms. Memory: 278528K Free: 205969K (74%)
----------------- Invoking toplevel() on ptolemy.moml.MoMLSimpleApplication@1dd130c9
----------------- Done invoking toplevel() on ptolemy.moml.MoMLSimpleApplication@1dd130c9
reloadAllAccessors: .Default5

===========================================================================================
----------------- testing Wed Jun 26 04:41:44 UTC 2019 /home/travis/build/icyphy/ptII/ptolemy/domains/modal/test/auto/EmptyGuard.xml
----------------- Instantiating /home/travis/build/icyphy/ptII/ptolemy/domains/modal/test/auto/EmptyGuard.xml
16 ms. Memory: 278528K Free: 198306K (71%)
----------------- Invoking toplevel() on ptolemy.moml.MoMLSimpleApplication@633e8ef0
----------------- Done invoking toplevel() on ptolemy.moml.MoMLSimpleApplication@633e8ef0
reloadAllAccessors: .EmptyGuard

===========================================================================================
----------------- testing Wed Jun 26 04:41:45 UTC 2019 /home/travis/build/icyphy/ptII/ptolemy/domains/modal/test/auto/ErrorTransition1.xml
----------------- Instantiating /home/travis/build/icyphy/ptII/ptolemy/domains/modal/test/auto/ErrorTransition1.xml
10 ms. Memory: 278528K Free: 189600K (68%)
----------------- Invoking toplevel() on ptolemy.moml.MoMLSimpleApplication@7434d0d1
----------------- Done invoking toplevel() on ptolemy.moml.MoMLSimpleApplication@7434d0d1
reloadAllAccessors: .ErrorTransition1

===========================================================================================
----------------- testing Wed Jun 26 04:41:45 UTC 2019 /home/travis/build/icyphy/ptII/ptolemy/domains/modal/test/auto/ErrorTransition10.xml
----------------- Instantiating /home/travis/build/icyphy/ptII/ptolemy/domains/modal/test/auto/ErrorTransition10.xml
16 ms. Memory: 278528K Free: 176273K (63%)
----------------- Invoking toplevel() on ptolemy.moml.MoMLSimpleApplication@46d504ec
----------------- Done invoking toplevel() on ptolemy.moml.MoMLSimpleApplication@46d504ec
reloadAllAccessors: .ErrorTransition10

===========================================================================================
----------------- testing Wed Jun 26 04:41:45 UTC 2019 /home/travis/build/icyphy/ptII/ptolemy/domains/modal/test/auto/ErrorTransition11.xml
----------------- Instantiating /home/travis/build/icyphy/ptII/ptolemy/domains/modal/test/auto/ErrorTransition11.xml
4 ms. Memory: 278528K Free: 165024K (59%)
----------------- Invoking toplevel() on ptolemy.moml.MoMLSimpleApplication@7a1fb23a
----------------- Done invoking toplevel() on ptolemy.moml.MoMLSimpleApplication@7a1fb23a
reloadAllAccessors: .ErrorTransition11

===========================================================================================
----------------- testing Wed Jun 26 04:41:45 UTC 2019 /home/travis/build/icyphy/ptII/ptolemy/domains/modal/test/auto/ErrorTransition2.xml
----------------- Instantiating /home/travis/build/icyphy/ptII/ptolemy/domains/modal/test/auto/ErrorTransition2.xml
9 ms. Memory: 278528K Free: 155808K (56%)
----------------- Invoking toplevel() on ptolemy.moml.MoMLSimpleApplication@138ea85b
----------------- Done invoking toplevel() on ptolemy.moml.MoMLSimpleApplication@138ea85b
reloadAllAccessors: .ErrorTransition2

===========================================================================================
----------------- testing Wed Jun 26 04:41:45 UTC 2019 /home/travis/build/icyphy/ptII/ptolemy/domains/modal/test/auto/ErrorTransition3.xml
----------------- Instantiating /home/travis/build/icyphy/ptII/ptolemy/domains/modal/test/auto/ErrorTransition3.xml
22 ms. Memory: 278528K Free: 146082K (52%)
----------------- Invoking toplevel() on ptolemy.moml.MoMLSimpleApplication@65e870f0
----------------- Done invoking toplevel() on ptolemy.moml.MoMLSimpleApplication@65e870f0
reloadAllAccessors: .ErrorTransition3

===========================================================================================
----------------- testing Wed Jun 26 04:41:45 UTC 2019 /home/travis/build/icyphy/ptII/ptolemy/domains/modal/test/auto/ErrorTransition4.xml
----------------- Instantiating /home/travis/build/icyphy/ptII/ptolemy/domains/modal/test/auto/ErrorTransition4.xml
16 ms. Memory: 278528K Free: 134818K (48%)
----------------- Invoking toplevel() on ptolemy.moml.MoMLSimpleApplication@1d90c52e
----------------- Done invoking toplevel() on ptolemy.moml.MoMLSimpleApplication@1d90c52e
reloadAllAccessors: .ErrorTransition4

===========================================================================================
----------------- testing Wed Jun 26 04:41:45 UTC 2019 /home/travis/build/icyphy/ptII/ptolemy/domains/modal/test/auto/ErrorTransition5.xml
----------------- Instantiating /home/travis/build/icyphy/ptII/ptolemy/domains/modal/test/auto/ErrorTransition5.xml
8 ms. Memory: 278528K Free: 124578K (45%)
----------------- Invoking toplevel() on ptolemy.moml.MoMLSimpleApplication@673a6d7e
----------------- Done invoking toplevel() on ptolemy.moml.MoMLSimpleApplication@673a6d7e
reloadAllAccessors: .ErrorTransition5

===========================================================================================
----------------- testing Wed Jun 26 04:41:45 UTC 2019 /home/travis/build/icyphy/ptII/ptolemy/domains/modal/test/auto/ErrorTransition6.xml
----------------- Instantiating /home/travis/build/icyphy/ptII/ptolemy/domains/modal/test/auto/ErrorTransition6.xml
11 ms. Memory: 278528K Free: 113824K (41%)
----------------- Invoking toplevel() on ptolemy.moml.MoMLSimpleApplication@78dca0ec
----------------- Done invoking toplevel() on ptolemy.moml.MoMLSimpleApplication@78dca0ec
reloadAllAccessors: .ErrorTransition6

===========================================================================================
----------------- testing Wed Jun 26 04:41:45 UTC 2019 /home/travis/build/icyphy/ptII/ptolemy/domains/modal/test/auto/ErrorTransition7.xml
----------------- Instantiating /home/travis/build/icyphy/ptII/ptolemy/domains/modal/test/auto/ErrorTransition7.xml
32 ms. Memory: 278528K Free: 259746K (93%)
----------------- Invoking toplevel() on ptolemy.moml.MoMLSimpleApplication@7c2bd64e
----------------- Done invoking toplevel() on ptolemy.moml.MoMLSimpleApplication@7c2bd64e
reloadAllAccessors: .ErrorTransition7

===========================================================================================
----------------- testing Wed Jun 26 04:41:45 UTC 2019 /home/travis/build/icyphy/ptII/ptolemy/domains/modal/test/auto/ErrorTransition8.xml
----------------- Instantiating /home/travis/build/icyphy/ptII/ptolemy/domains/modal/test/auto/ErrorTransition8.xml
34 ms. Memory: 278528K Free: 245410K (88%)
----------------- Invoking toplevel() on ptolemy.moml.MoMLSimpleApplication@52a940d8
----------------- Done invoking toplevel() on ptolemy.moml.MoMLSimpleApplication@52a940d8
reloadAllAccessors: .ErrorTransition8

===========================================================================================
----------------- testing Wed Jun 26 04:41:45 UTC 2019 /home/travis/build/icyphy/ptII/ptolemy/domains/modal/test/auto/ErrorTransition9.xml
----------------- Instantiating /home/travis/build/icyphy/ptII/ptolemy/domains/modal/test/auto/ErrorTransition9.xml
18 ms. Memory: 278528K Free: 232098K (83%)
----------------- Invoking toplevel() on ptolemy.moml.MoMLSimpleApplication@3f6ed40b
----------------- Done invoking toplevel() on ptolemy.moml.MoMLSimpleApplication@3f6ed40b
reloadAllAccessors: .ErrorTransition9

===========================================================================================
----------------- testing Wed Jun 26 04:41:45 UTC 2019 /home/travis/build/icyphy/ptII/ptolemy/domains/modal/test/auto/ExtendedFSM.xml
----------------- Instantiating /home/travis/build/icyphy/ptII/ptolemy/domains/modal/test/auto/ExtendedFSM.xml
11 ms. Memory: 278528K Free: 223377K (80%)
----------------- Invoking toplevel() on ptolemy.moml.MoMLSimpleApplication@55881fe9
----------------- Done invoking toplevel() on ptolemy.moml.MoMLSimpleApplication@55881fe9
reloadAllAccessors: .ExtendedFSM

===========================================================================================
----------------- testing Wed Jun 26 04:41:45 UTC 2019 /home/travis/build/icyphy/ptII/ptolemy/domains/modal/test/auto/FinalStates.xml
----------------- Instantiating /home/travis/build/icyphy/ptII/ptolemy/domains/modal/test/auto/FinalStates.xml
8 ms. Memory: 278528K Free: 215714K (77%)
----------------- Invoking toplevel() on ptolemy.moml.MoMLSimpleApplication@1452d9c6
----------------- Done invoking toplevel() on ptolemy.moml.MoMLSimpleApplication@1452d9c6
reloadAllAccessors: .FinalStates

===========================================================================================
----------------- testing Wed Jun 26 04:41:45 UTC 2019 /home/travis/build/icyphy/ptII/ptolemy/domains/modal/test/auto/FixedPointFSM.xml
----------------- Instantiating /home/travis/build/icyphy/ptII/ptolemy/domains/modal/test/auto/FixedPointFSM.xml
23 ms. Memory: 278528K Free: 200857K (72%)
----------------- Invoking toplevel() on ptolemy.moml.MoMLSimpleApplication@c36bb8a
----------------- Done invoking toplevel() on ptolemy.moml.MoMLSimpleApplication@c36bb8a
reloadAllAccessors: .FixedPointFSM

===========================================================================================
----------------- testing Wed Jun 26 04:41:45 UTC 2019 /home/travis/build/icyphy/ptII/ptolemy/domains/modal/test/auto/FixedPointIterationFSMActor.xml
----------------- Instantiating /home/travis/build/icyphy/ptII/ptolemy/domains/modal/test/auto/FixedPointIterationFSMActor.xml
8 ms. Memory: 278528K Free: 190114K (68%)
----------------- Invoking toplevel() on ptolemy.moml.MoMLSimpleApplication@75c400fb
----------------- Done invoking toplevel() on ptolemy.moml.MoMLSimpleApplication@75c400fb
reloadAllAccessors: .FixedPointIterationFSMActor

===========================================================================================
----------------- testing Wed Jun 26 04:41:45 UTC 2019 /home/travis/build/icyphy/ptII/ptolemy/domains/modal/test/auto/FixedPointIterationFSMActor2.xml
----------------- Instantiating /home/travis/build/icyphy/ptII/ptolemy/domains/modal/test/auto/FixedPointIterationFSMActor2.xml
12 ms. Memory: 278528K Free: 177826K (64%)
----------------- Invoking toplevel() on ptolemy.moml.MoMLSimpleApplication@417793a1
----------------- Done invoking toplevel() on ptolemy.moml.MoMLSimpleApplication@417793a1
reloadAllAccessors: .FixedPointIterationFSMActor2

===========================================================================================
----------------- testing Wed Jun 26 04:41:45 UTC 2019 /home/travis/build/icyphy/ptII/ptolemy/domains/modal/test/auto/ForbiddenInstantanousLoop.xml
----------------- Instantiating /home/travis/build/icyphy/ptII/ptolemy/domains/modal/test/auto/ForbiddenInstantanousLoop.xml
5 ms. Memory: 278528K Free: 166041K (60%)
----------------- Invoking toplevel() on ptolemy.moml.MoMLSimpleApplication@48d23b2
----------------- Done invoking toplevel() on ptolemy.moml.MoMLSimpleApplication@48d23b2
reloadAllAccessors: .ForbiddenInstantanousLoop

===========================================================================================
----------------- testing Wed Jun 26 04:41:45 UTC 2019 /home/travis/build/icyphy/ptII/ptolemy/domains/modal/test/auto/FunctionDependencyOfFSMActorTest.xml
----------------- Instantiating /home/travis/build/icyphy/ptII/ptolemy/domains/modal/test/auto/FunctionDependencyOfFSMActorTest.xml
15 ms. Memory: 278528K Free: 159394K (57%)
----------------- Invoking toplevel() on ptolemy.moml.MoMLSimpleApplication@4ddd6b9f
----------------- Done invoking toplevel() on ptolemy.moml.MoMLSimpleApplication@4ddd6b9f
reloadAllAccessors: .FunctionDependencyOfFSMActorTest

===========================================================================================
----------------- testing Wed Jun 26 04:41:45 UTC 2019 /home/travis/build/icyphy/ptII/ptolemy/domains/modal/test/auto/GuardExpression.xml
----------------- Instantiating /home/travis/build/icyphy/ptII/ptolemy/domains/modal/test/auto/GuardExpression.xml
2 ms. Memory: 278528K Free: 154274K (55%)
----------------- Invoking toplevel() on ptolemy.moml.MoMLSimpleApplication@70be6b6e
----------------- Done invoking toplevel() on ptolemy.moml.MoMLSimpleApplication@70be6b6e
reloadAllAccessors: .GuardExpression

===========================================================================================
----------------- testing Wed Jun 26 04:41:45 UTC 2019 /home/travis/build/icyphy/ptII/ptolemy/domains/modal/test/auto/GuardNotEvaluated.xml
----------------- Instantiating /home/travis/build/icyphy/ptII/ptolemy/domains/modal/test/auto/GuardNotEvaluated.xml
7 ms. Memory: 278528K Free: 145561K (52%)
----------------- Invoking toplevel() on ptolemy.moml.MoMLSimpleApplication@34df1c01
----------------- Done invoking toplevel() on ptolemy.moml.MoMLSimpleApplication@34df1c01
reloadAllAccessors: .GuardNotEvaluated

===========================================================================================
----------------- testing Wed Jun 26 04:41:45 UTC 2019 /home/travis/build/icyphy/ptII/ptolemy/domains/modal/test/auto/GuardNotEvaluated2.xml
----------------- Instantiating /home/travis/build/icyphy/ptII/ptolemy/domains/modal/test/auto/GuardNotEvaluated2.xml
10 ms. Memory: 278528K Free: 135842K (49%)
----------------- Invoking toplevel() on ptolemy.moml.MoMLSimpleApplication@2cd948c8
----------------- Done invoking toplevel() on ptolemy.moml.MoMLSimpleApplication@2cd948c8
reloadAllAccessors: .GuardNotEvaluated2

===========================================================================================
----------------- testing Wed Jun 26 04:41:45 UTC 2019 /home/travis/build/icyphy/ptII/ptolemy/domains/modal/test/auto/GuardOnAbsent.xml
----------------- Instantiating /home/travis/build/icyphy/ptII/ptolemy/domains/modal/test/auto/GuardOnAbsent.xml
10 ms. Memory: 278528K Free: 128153K (46%)
----------------- Invoking toplevel() on ptolemy.moml.MoMLSimpleApplication@759541bc
----------------- Done invoking toplevel() on ptolemy.moml.MoMLSimpleApplication@759541bc
reloadAllAccessors: .GuardOnAbsent

===========================================================================================
----------------- testing Wed Jun 26 04:41:45 UTC 2019 /home/travis/build/icyphy/ptII/ptolemy/domains/modal/test/auto/HierarchicalFSMTypeInference.xml
----------------- Instantiating /home/travis/build/icyphy/ptII/ptolemy/domains/modal/test/auto/HierarchicalFSMTypeInference.xml
5 ms. Memory: 278528K Free: 117920K (42%)
----------------- Invoking toplevel() on ptolemy.moml.MoMLSimpleApplication@375657be
----------------- Done invoking toplevel() on ptolemy.moml.MoMLSimpleApplication@375657be
reloadAllAccessors: .HierarchicalFSMTypeInference

===========================================================================================
----------------- testing Wed Jun 26 04:41:45 UTC 2019 /home/travis/build/icyphy/ptII/ptolemy/domains/modal/test/auto/Hysteresis.xml
----------------- Instantiating /home/travis/build/icyphy/ptII/ptolemy/domains/modal/test/auto/Hysteresis.xml
14 ms. Memory: 278528K Free: 104593K (38%)
----------------- Invoking toplevel() on ptolemy.moml.MoMLSimpleApplication@67c40ab5
----------------- Done invoking toplevel() on ptolemy.moml.MoMLSimpleApplication@67c40ab5
reloadAllAccessors: .Hysteresis

===========================================================================================
----------------- testing Wed Jun 26 04:41:46 UTC 2019 /home/travis/build/icyphy/ptII/ptolemy/domains/modal/test/auto/HysteresisWithDefault.xml
----------------- Instantiating /home/travis/build/icyphy/ptII/ptolemy/domains/modal/test/auto/HysteresisWithDefault.xml
40 ms. Memory: 278528K Free: 239778K (86%)
----------------- Invoking toplevel() on ptolemy.moml.MoMLSimpleApplication@36d6aa64
----------------- Done invoking toplevel() on ptolemy.moml.MoMLSimpleApplication@36d6aa64
reloadAllAccessors: .HysteresisWithDefault

===========================================================================================
----------------- testing Wed Jun 26 04:41:46 UTC 2019 /home/travis/build/icyphy/ptII/ptolemy/domains/modal/test/auto/HysteresisWithDefault2.xml
----------------- Instantiating /home/travis/build/icyphy/ptII/ptolemy/domains/modal/test/auto/HysteresisWithDefault2.xml
48 ms. Memory: 278528K Free: 210588K (76%)
----------------- Invoking toplevel() on ptolemy.moml.MoMLSimpleApplication@14d6bfea
----------------- Done invoking toplevel() on ptolemy.moml.MoMLSimpleApplication@14d6bfea
reloadAllAccessors: .HysteresisWithDefault2

===========================================================================================
----------------- testing Wed Jun 26 04:41:46 UTC 2019 /home/travis/build/icyphy/ptII/ptolemy/domains/modal/test/auto/ImmediateNonConstructiveness.xml
----------------- Instantiating /home/travis/build/icyphy/ptII/ptolemy/domains/modal/test/auto/ImmediateNonConstructiveness.xml
3 ms. Memory: 278528K Free: 203424K (73%)
----------------- Invoking toplevel() on ptolemy.moml.MoMLSimpleApplication@296c2f13
----------------- Done invoking toplevel() on ptolemy.moml.MoMLSimpleApplication@296c2f13
reloadAllAccessors: .ImmediateNonConstructiveness

===========================================================================================
----------------- testing Wed Jun 26 04:41:46 UTC 2019 /home/travis/build/icyphy/ptII/ptolemy/domains/modal/test/auto/ImmediateNonConstructiveness2.xml
----------------- Instantiating /home/travis/build/icyphy/ptII/ptolemy/domains/modal/test/auto/ImmediateNonConstructiveness2.xml
3 ms. Memory: 278528K Free: 197265K (71%)
----------------- Invoking toplevel() on ptolemy.moml.MoMLSimpleApplication@408b10c1
----------------- Done invoking toplevel() on ptolemy.moml.MoMLSimpleApplication@408b10c1
reloadAllAccessors: .ImmediateNonConstructiveness2

===========================================================================================
----------------- testing Wed Jun 26 04:41:46 UTC 2019 /home/travis/build/icyphy/ptII/ptolemy/domains/modal/test/auto/ImmediateTransitionReset.xml
----------------- Instantiating /home/travis/build/icyphy/ptII/ptolemy/domains/modal/test/auto/ImmediateTransitionReset.xml
7 ms. Memory: 278528K Free: 185506K (67%)
----------------- Invoking toplevel() on ptolemy.moml.MoMLSimpleApplication@4c06b63b
----------------- Done invoking toplevel() on ptolemy.moml.MoMLSimpleApplication@4c06b63b
reloadAllAccessors: .ImmediateTransitionReset

===========================================================================================
----------------- testing Wed Jun 26 04:41:46 UTC 2019 /home/travis/build/icyphy/ptII/ptolemy/domains/modal/test/auto/ImmediateTransitions1.xml
----------------- Instantiating /home/travis/build/icyphy/ptII/ptolemy/domains/modal/test/auto/ImmediateTransitions1.xml
2 ms. Memory: 278528K Free: 180386K (65%)
----------------- Invoking toplevel() on ptolemy.moml.MoMLSimpleApplication@7b660a4e
----------------- Done invoking toplevel() on ptolemy.moml.MoMLSimpleApplication@7b660a4e
reloadAllAccessors: .ImmediateTransitions1

===========================================================================================
----------------- testing Wed Jun 26 04:41:46 UTC 2019 /home/travis/build/icyphy/ptII/ptolemy/domains/modal/test/auto/ImmediateTransitionsInstantaneousCommunication.xml
----------------- Instantiating /home/travis/build/icyphy/ptII/ptolemy/domains/modal/test/auto/ImmediateTransitionsInstantaneousCommunication.xml
5 ms. Memory: 278528K Free: 168098K (60%)
----------------- Invoking toplevel() on ptolemy.moml.MoMLSimpleApplication@713aa455
----------------- Done invoking toplevel() on ptolemy.moml.MoMLSimpleApplication@713aa455
reloadAllAccessors: .ImmediateTransitionsInstantaneousCommunication

===========================================================================================
----------------- testing Wed Jun 26 04:41:46 UTC 2019 /home/travis/build/icyphy/ptII/ptolemy/domains/modal/test/auto/InitialImmediateTransition.xml
----------------- Instantiating /home/travis/build/icyphy/ptII/ptolemy/domains/modal/test/auto/InitialImmediateTransition.xml
3 ms. Memory: 278528K Free: 160930K (58%)
----------------- Invoking toplevel() on ptolemy.moml.MoMLSimpleApplication@6578dade
----------------- Done invoking toplevel() on ptolemy.moml.MoMLSimpleApplication@6578dade
reloadAllAccessors: .InitialImmediateTransition

===========================================================================================
----------------- testing Wed Jun 26 04:41:46 UTC 2019 /home/travis/build/icyphy/ptII/ptolemy/domains/modal/test/auto/InitialOutputs.xml
----------------- Instantiating /home/travis/build/icyphy/ptII/ptolemy/domains/modal/test/auto/InitialOutputs.xml
2 ms. Memory: 278528K Free: 154786K (56%)
----------------- Invoking toplevel() on ptolemy.moml.MoMLSimpleApplication@253aa1bf
----------------- Done invoking toplevel() on ptolemy.moml.MoMLSimpleApplication@253aa1bf
reloadAllAccessors: .InitialOutputs

===========================================================================================
----------------- testing Wed Jun 26 04:41:46 UTC 2019 /home/travis/build/icyphy/ptII/ptolemy/domains/modal/test/auto/InitialStateTransition1.xml
----------------- Instantiating /home/travis/build/icyphy/ptII/ptolemy/domains/modal/test/auto/InitialStateTransition1.xml
4 ms. Memory: 278528K Free: 147618K (53%)
----------------- Invoking toplevel() on ptolemy.moml.MoMLSimpleApplication@71f1d6f9
----------------- Done invoking toplevel() on ptolemy.moml.MoMLSimpleApplication@71f1d6f9
reloadAllAccessors: .InitialStateTransition1

===========================================================================================
----------------- testing Wed Jun 26 04:41:46 UTC 2019 /home/travis/build/icyphy/ptII/ptolemy/domains/modal/test/auto/InitialStateTransition2.xml
----------------- Instantiating /home/travis/build/icyphy/ptII/ptolemy/domains/modal/test/auto/InitialStateTransition2.xml
.InitialStateTransition2.TestExceptionAttributeNonConstructive: initialize() was not invoked, but wrapup() was.  This is unusual, but not always a problem.  For example, exporting JNLP will do this.
4 ms. Memory: 278528K Free: 140450K (50%)
----------------- Invoking toplevel() on ptolemy.moml.MoMLSimpleApplication@24de4524
----------------- Done invoking toplevel() on ptolemy.moml.MoMLSimpleApplication@24de4524
reloadAllAccessors: .InitialStateTransition2

===========================================================================================
----------------- testing Wed Jun 26 04:41:46 UTC 2019 /home/travis/build/icyphy/ptII/ptolemy/domains/modal/test/auto/InitialStateTransition3.xml
----------------- Instantiating /home/travis/build/icyphy/ptII/ptolemy/domains/modal/test/auto/InitialStateTransition3.xml
4 ms. Memory: 278528K Free: 132256K (47%)
----------------- Invoking toplevel() on ptolemy.moml.MoMLSimpleApplication@6ec62a6
----------------- Done invoking toplevel() on ptolemy.moml.MoMLSimpleApplication@6ec62a6
reloadAllAccessors: .InitialStateTransition3

===========================================================================================
----------------- testing Wed Jun 26 04:41:46 UTC 2019 /home/travis/build/icyphy/ptII/ptolemy/domains/modal/test/auto/InitialStateTransition4.xml
----------------- Instantiating /home/travis/build/icyphy/ptII/ptolemy/domains/modal/test/auto/InitialStateTransition4.xml
3 ms. Memory: 278528K Free: 123042K (44%)
----------------- Invoking toplevel() on ptolemy.moml.MoMLSimpleApplication@553a4a9e
----------------- Done invoking toplevel() on ptolemy.moml.MoMLSimpleApplication@553a4a9e
[...]
reloadAllAccessors: .TerminationTransition3

===========================================================================================
----------------- testing Wed Jun 26 04:41:48 UTC 2019 /home/travis/build/icyphy/ptII/ptolemy/domains/modal/test/auto/TerminationTransition4.xml
----------------- Instantiating /home/travis/build/icyphy/ptII/ptolemy/domains/modal/test/auto/TerminationTransition4.xml
6 ms. Memory: 369664K Free: 214478K (58%)
----------------- Invoking toplevel() on ptolemy.moml.MoMLSimpleApplication@35cd45be
----------------- Done invoking toplevel() on ptolemy.moml.MoMLSimpleApplication@35cd45be
reloadAllAccessors: .TerminationTransition4

===========================================================================================
----------------- testing Wed Jun 26 04:41:48 UTC 2019 /home/travis/build/icyphy/ptII/ptolemy/domains/modal/test/auto/TerminationTransition5.xml
----------------- Instantiating /home/travis/build/icyphy/ptII/ptolemy/domains/modal/test/auto/TerminationTransition5.xml
2 ms. Memory: 369664K Free: 200652K (54%)
----------------- Invoking toplevel() on ptolemy.moml.MoMLSimpleApplication@59478af8
----------------- Done invoking toplevel() on ptolemy.moml.MoMLSimpleApplication@59478af8
reloadAllAccessors: .TerminationTransition5

===========================================================================================
----------------- testing Wed Jun 26 04:41:48 UTC 2019 /home/travis/build/icyphy/ptII/ptolemy/domains/modal/test/auto/TerminationTransition6.xml
----------------- Instantiating /home/travis/build/icyphy/ptII/ptolemy/domains/modal/test/auto/TerminationTransition6.xml
2 ms. Memory: 369664K Free: 191950K (52%)
----------------- Invoking toplevel() on ptolemy.moml.MoMLSimpleApplication@6ce67dc0
----------------- Done invoking toplevel() on ptolemy.moml.MoMLSimpleApplication@6ce67dc0
reloadAllAccessors: .TerminationTransition6

===========================================================================================
----------------- testing Wed Jun 26 04:41:48 UTC 2019 /home/travis/build/icyphy/ptII/ptolemy/domains/modal/test/auto/TerminationTransition7.xml
----------------- Instantiating /home/travis/build/icyphy/ptII/ptolemy/domains/modal/test/auto/TerminationTransition7.xml
2 ms. Memory: 369664K Free: 182220K (49%)
----------------- Invoking toplevel() on ptolemy.moml.MoMLSimpleApplication@45820705
----------------- Done invoking toplevel() on ptolemy.moml.MoMLSimpleApplication@45820705
reloadAllAccessors: .TerminationTransition7

===========================================================================================
----------------- testing Wed Jun 26 04:41:48 UTC 2019 /home/travis/build/icyphy/ptII/ptolemy/domains/modal/test/auto/TerminationTransition8.xml
----------------- Instantiating /home/travis/build/icyphy/ptII/ptolemy/domains/modal/test/auto/TerminationTransition8.xml
2 ms. Memory: 369664K Free: 173004K (47%)
----------------- Invoking toplevel() on ptolemy.moml.MoMLSimpleApplication@239e8b42
----------------- Done invoking toplevel() on ptolemy.moml.MoMLSimpleApplication@239e8b42
reloadAllAccessors: .TerminationTransition8

===========================================================================================
----------------- testing Wed Jun 26 04:41:48 UTC 2019 /home/travis/build/icyphy/ptII/ptolemy/domains/modal/test/auto/Thermostat_NoHysteresis.xml
----------------- Instantiating /home/travis/build/icyphy/ptII/ptolemy/domains/modal/test/auto/Thermostat_NoHysteresis.xml
29 ms. Memory: 369664K Free: 148428K (40%)
----------------- Invoking toplevel() on ptolemy.moml.MoMLSimpleApplication@67ed2d1b
----------------- Done invoking toplevel() on ptolemy.moml.MoMLSimpleApplication@67ed2d1b
reloadAllAccessors: .Thermostat_NoHysteresis

===========================================================================================
----------------- testing Wed Jun 26 04:41:48 UTC 2019 /home/travis/build/icyphy/ptII/ptolemy/domains/modal/test/auto/TimedFSM.xml
----------------- Instantiating /home/travis/build/icyphy/ptII/ptolemy/domains/modal/test/auto/TimedFSM.xml
26 ms. Memory: 369664K Free: 349924K (95%)
----------------- Invoking toplevel() on ptolemy.moml.MoMLSimpleApplication@2dd55c0
----------------- Done invoking toplevel() on ptolemy.moml.MoMLSimpleApplication@2dd55c0
reloadAllAccessors: .TimedFSM

===========================================================================================
----------------- testing Wed Jun 26 04:41:48 UTC 2019 /home/travis/build/icyphy/ptII/ptolemy/domains/modal/test/auto/Timeout1.xml
----------------- Instantiating /home/travis/build/icyphy/ptII/ptolemy/domains/modal/test/auto/Timeout1.xml
3 ms. Memory: 369664K Free: 344097K (93%)
----------------- Invoking toplevel() on ptolemy.moml.MoMLSimpleApplication@bb6abe6
----------------- Done invoking toplevel() on ptolemy.moml.MoMLSimpleApplication@bb6abe6
reloadAllAccessors: .Timeout1

===========================================================================================
----------------- testing Wed Jun 26 04:41:48 UTC 2019 /home/travis/build/icyphy/ptII/ptolemy/domains/modal/test/auto/Timeout2.xml
----------------- Instantiating /home/travis/build/icyphy/ptII/ptolemy/domains/modal/test/auto/Timeout2.xml
11 ms. Memory: 369664K Free: 335409K (91%)
----------------- Invoking toplevel() on ptolemy.moml.MoMLSimpleApplication@642c094d
----------------- Done invoking toplevel() on ptolemy.moml.MoMLSimpleApplication@642c094d
reloadAllAccessors: .Timeout2

===========================================================================================
----------------- testing Wed Jun 26 04:41:48 UTC 2019 /home/travis/build/icyphy/ptII/ptolemy/domains/modal/test/auto/Timeout3.xml
----------------- Instantiating /home/travis/build/icyphy/ptII/ptolemy/domains/modal/test/auto/Timeout3.xml
2 ms. Memory: 369664K Free: 330289K (89%)
----------------- Invoking toplevel() on ptolemy.moml.MoMLSimpleApplication@4348c0be
----------------- Done invoking toplevel() on ptolemy.moml.MoMLSimpleApplication@4348c0be
reloadAllAccessors: .Timeout3

===========================================================================================
----------------- testing Wed Jun 26 04:41:48 UTC 2019 /home/travis/build/icyphy/ptII/ptolemy/domains/modal/test/auto/Timeout4.xml
----------------- Instantiating /home/travis/build/icyphy/ptII/ptolemy/domains/modal/test/auto/Timeout4.xml
2 ms. Memory: 369664K Free: 325169K (88%)
----------------- Invoking toplevel() on ptolemy.moml.MoMLSimpleApplication@5f69aa76
----------------- Done invoking toplevel() on ptolemy.moml.MoMLSimpleApplication@5f69aa76
reloadAllAccessors: .Timeout4

===========================================================================================
----------------- testing Wed Jun 26 04:41:48 UTC 2019 /home/travis/build/icyphy/ptII/ptolemy/domains/modal/test/auto/TransientstateModelAdvanced.xml
----------------- Instantiating /home/travis/build/icyphy/ptII/ptolemy/domains/modal/test/auto/TransientstateModelAdvanced.xml
4 ms. Memory: 369664K Free: 312881K (85%)
----------------- Invoking toplevel() on ptolemy.moml.MoMLSimpleApplication@1982865e
----------------- Done invoking toplevel() on ptolemy.moml.MoMLSimpleApplication@1982865e
reloadAllAccessors: .TransientstateModelAdvanced

===========================================================================================
----------------- testing Wed Jun 26 04:41:48 UTC 2019 /home/travis/build/icyphy/ptII/ptolemy/domains/modal/test/auto/TransientstateModelAdvanced2.xml
----------------- Instantiating /home/travis/build/icyphy/ptII/ptolemy/domains/modal/test/auto/TransientstateModelAdvanced2.xml
3 ms. Memory: 369664K Free: 299041K (81%)
----------------- Invoking toplevel() on ptolemy.moml.MoMLSimpleApplication@22cbaa7c
----------------- Done invoking toplevel() on ptolemy.moml.MoMLSimpleApplication@22cbaa7c
reloadAllAccessors: .transientstatemodelAdvanced

===========================================================================================
----------------- testing Wed Jun 26 04:41:48 UTC 2019 /home/travis/build/icyphy/ptII/ptolemy/domains/modal/test/auto/TransitionRefinements.xml
----------------- Instantiating /home/travis/build/icyphy/ptII/ptolemy/domains/modal/test/auto/TransitionRefinements.xml
6 ms. Memory: 369664K Free: 288801K (78%)
----------------- Invoking toplevel() on ptolemy.moml.MoMLSimpleApplication@ebf6a4
----------------- Done invoking toplevel() on ptolemy.moml.MoMLSimpleApplication@ebf6a4
reloadAllAccessors: .TransitionRefinements

===========================================================================================
----------------- testing Wed Jun 26 04:41:49 UTC 2019 /home/travis/build/icyphy/ptII/ptolemy/domains/modal/test/auto/TwoRefinements1.xml
----------------- Instantiating /home/travis/build/icyphy/ptII/ptolemy/domains/modal/test/auto/TwoRefinements1.xml
2 ms. Memory: 369664K Free: 279089K (75%)
----------------- Invoking toplevel() on ptolemy.moml.MoMLSimpleApplication@7aa8a2f2
----------------- Done invoking toplevel() on ptolemy.moml.MoMLSimpleApplication@7aa8a2f2
reloadAllAccessors: .TwoRefinements1

===========================================================================================
----------------- testing Wed Jun 26 04:41:49 UTC 2019 /home/travis/build/icyphy/ptII/ptolemy/domains/modal/test/auto/TwoRefinements2.xml
----------------- Instantiating /home/travis/build/icyphy/ptII/ptolemy/domains/modal/test/auto/TwoRefinements2.xml
3 ms. Memory: 369664K Free: 269359K (73%)
----------------- Invoking toplevel() on ptolemy.moml.MoMLSimpleApplication@fa6ee53
----------------- Done invoking toplevel() on ptolemy.moml.MoMLSimpleApplication@fa6ee53
reloadAllAccessors: .TwoRefinements2

===========================================================================================
----------------- testing Wed Jun 26 04:41:49 UTC 2019 /home/travis/build/icyphy/ptII/ptolemy/domains/modal/test/auto/WeakImmediateTransition.xml
----------------- Instantiating /home/travis/build/icyphy/ptII/ptolemy/domains/modal/test/auto/WeakImmediateTransition.xml
4 ms. Memory: 369664K Free: 260657K (71%)
----------------- Invoking toplevel() on ptolemy.moml.MoMLSimpleApplication@595b7bc1
----------------- Done invoking toplevel() on ptolemy.moml.MoMLSimpleApplication@595b7bc1
reloadAllAccessors: .WeakImmediateTransition

===========================================================================================
----------------- testing Wed Jun 26 04:41:49 UTC 2019 /home/travis/build/icyphy/ptII/ptolemy/domains/modal/test/auto/booleanSelect.xml
----------------- Instantiating /home/travis/build/icyphy/ptII/ptolemy/domains/modal/test/auto/booleanSelect.xml
41 ms. Memory: 369664K Free: 242721K (66%)
----------------- Invoking toplevel() on ptolemy.moml.MoMLSimpleApplication@32d5eb93
----------------- Done invoking toplevel() on ptolemy.moml.MoMLSimpleApplication@32d5eb93
reloadAllAccessors: .booleanSelect

===========================================================================================
----------------- testing Wed Jun 26 04:41:49 UTC 2019 /home/travis/build/icyphy/ptII/ptolemy/domains/modal/test/auto/modalChangingParams.xml
----------------- Instantiating /home/travis/build/icyphy/ptII/ptolemy/domains/modal/test/auto/modalChangingParams.xml
0
1
0
2
4
6
8
7
0
2
4
6
8
13
0
2
4
6
8
19
0
2
4
6
8
25
0
2
4
6
8
31
0
2
4
6
8
37
0
2
4
6
8
43
0
2
4
6
8
49
0
2
4
6
8
55
0
2
4
6
8
61
0
2
4
6
8
67
0
2
4
6
8
73
0
2
4
6
8
79
0
2
4
6
8
85
0
2
4
6
8
91
0
2
4
6
8
97
0
2
4
6
8
103
0
2
4
6
8
109
0
2
4
6
8
115
0
2
4
6
8
121
0
2
4
6
8
127
0
2
4
6
8
133
0
2
4
6
8
139
0
2
4
6
8
145
0
2
4
6
8
151
0
2
4
6
8
157
0
2
4
6
8
163
0
2
4
6
8
169
0
2
4
6
8
175
0
2
4
6
8
181
0
2
4
6
8
187
0
2
4
6
8
193
0
2
4
6
8
199
0
2
4
6
8
205
0
2
4
6
8
211
0
2
4
6
8
217
0
2
4
6
8
223
0
2
4
6
8
229
0
2
4
6
8
235
0
2
4
6
8
241
0
2
4
6
8
247
0
2
4
6
8
253
0
2
4
6
8
259
0
2
4
6
8
265
0
2
4
6
8
271
0
2
4
6
8
277
0
2
4
6
8
283
0
2
4
6
8
289
0
2
4
6
8
295
0
2
4
6
8
301
0
2
4
6
8
307
0
2
4
6
8
313
0
2
4
6
8
319
0
2
4
6
8
325
0
2
4
6
8
331
0
2
4
6
8
337
0
2
4
6
8
343
0
2
4
6
8
349
0
2
4
6
8
355
0
2
4
6
8
361
0
2
4
6
8
367
0
2
4
6
8
373
0
2
4
6
8
379
0
2
4
6
8
385
0
2
4
6
8
391
0
2
4
6
8
397
0
2
4
6
8
403
0
2
4
6
8
409
0
2
4
6
8
415
0
2
4
6
8
421
0
2
4
6
8
427
0
2
4
6
8
433
0
2
4
6
8
439
0
2
4
6
8
445
0
2
4
6
8
451
0
2
4
6
8
457
0
2
4
6
8
463
0
2
4
6
8
469
0
2
4
6
8
475
0
2
4
6
8
481
0
2
4
6
8
487
0
2
4
6
8
493
0
2
4
6
8
499
0
2
4
6
8
505
0
2
4
6
8
511
0
2
4
6
8
517
0
2
4
6
8
523
0
2
4
6
8
529
0
2
4
6
8
535
0
2
4
6
8
541
0
2
4
6
8
547
0
2
4
6
8
553
0
2
4
6
8
559
0
2
4
6
8
565
0
2
4
6
8
571
0
2
4
6
8
577
0
2
4
6
8
583
0
2
4
6
8
589
0
2
4
6
8
595
0
2
4
6
8
601
0
2
4
6
8
607
0
2
4
6
8
613
0
2
4
6
8
619
0
2
4
6
8
625
0
2
4
6
8
631
0
2
4
6
8
637
0
2
4
6
8
643
0
2
4
6
8
649
0
2
4
6
8
655
0
2
4
6
8
661
0
2
4
6
8
667
0
2
4
6
8
673
0
2
4
6
8
679
0
2
4
6
8
685
0
2
4
6
8
691
0
2
4
6
8
697
0
2
4
6
8
703
0
2
4
6
8
709
0
2
4
6
8
715
0
2
4
6
8
721
0
2
4
6
8
727
0
2
4
6
8
733
0
2
4
6
8
739
0
2
4
6
8
745
0
2
4
6
8
751
0
2
4
6
8
757
0
2
4
6
8
763
0
2
4
6
8
769
0
2
4
6
8
775
0
2
4
6
8
781
0
2
4
6
8
787
0
2
4
6
8
793
0
2
4
6
8
799
0
2
4
6
8
805
0
2
4
6
8
811
0
2
4
6
8
817
0
2
4
6
8
823
0
2
4
6
8
829
0
2
4
6
8
835
0
2
4
6
8
841
0
2
4
6
8
847
0
2
4
6
8
853
0
2
4
6
8
859
0
2
4
6
8
865
0
2
4
6
8
871
0
2
4
6
8
877
0
2
4
6
8
883
0
2
4
6
8
889
0
2
4
6
8
895
0
2
4
6
8
901
0
2
4
6
8
907
0
2
4
6
8
913
0
2
4
6
8
919
0
2
4
6
8
925
0
2
4
6
8
931
0
2
4
6
8
937
0
2
4
6
8
943
0
2
4
6
8
949
0
2
4
6
8
955
0
2
4
6
8
961
0
2
4
6
8
967
0
2
4
6
8
973
0
2
4
6
8
979
0
2
4
6
8
985
0
2
4
6
8
991
0
2
4
6
8
997
0
2
284 ms. Memory: 444416K Free: 416171K (94%)
----------------- Invoking toplevel() on ptolemy.moml.MoMLSimpleApplication@1a878baa
----------------- Done invoking toplevel() on ptolemy.moml.MoMLSimpleApplication@1a878baa
reloadAllAccessors: .modalChangingParams

===========================================================================================
----------------- testing Wed Jun 26 04:41:49 UTC 2019 /home/travis/build/icyphy/ptII/ptolemy/domains/modal/test/auto/modalModel.xml
----------------- Instantiating /home/travis/build/icyphy/ptII/ptolemy/domains/modal/test/auto/modalModel.xml
15 ms. Memory: 444416K Free: 406940K (92%)
----------------- Invoking toplevel() on ptolemy.moml.MoMLSimpleApplication@23dd4852
----------------- Done invoking toplevel() on ptolemy.moml.MoMLSimpleApplication@23dd4852
reloadAllAccessors: .modalModel

===========================================================================================
----------------- testing Wed Jun 26 04:41:49 UTC 2019 /home/travis/build/icyphy/ptII/ptolemy/domains/modal/test/auto/modalModel2.xml
----------------- Instantiating /home/travis/build/icyphy/ptII/ptolemy/domains/modal/test/auto/modalModel2.xml
9 ms. Memory: 444416K Free: 396700K (89%)
----------------- Invoking toplevel() on ptolemy.moml.MoMLSimpleApplication@2ec75cd3
----------------- Done invoking toplevel() on ptolemy.moml.MoMLSimpleApplication@2ec75cd3
reloadAllAccessors: .modalModel2

===========================================================================================
----------------- testing Wed Jun 26 04:41:49 UTC 2019 /home/travis/build/icyphy/ptII/ptolemy/domains/modal/test/auto/modalModel3.xml
----------------- Instantiating /home/travis/build/icyphy/ptII/ptolemy/domains/modal/test/auto/modalModel3.xml
0	0	0
1	0	1
4	2	2
7	4	3
10	6	4
5	0	5
8	2	6
11	4	7
14	6	8
9	0	9
12	2	10
15	4	11
18	6	12
13	0	13
16	2	14
21 ms. Memory: 444416K Free: 381869K (86%)
----------------- Invoking toplevel() on ptolemy.moml.MoMLSimpleApplication@4198140b
----------------- Done invoking toplevel() on ptolemy.moml.MoMLSimpleApplication@4198140b
reloadAllAccessors: .modalModel3

===========================================================================================
----------------- testing Wed Jun 26 04:41:49 UTC 2019 /home/travis/build/icyphy/ptII/ptolemy/domains/modal/test/auto/model1.xml
----------------- Instantiating /home/travis/build/icyphy/ptII/ptolemy/domains/modal/test/auto/model1.xml
14 ms. Memory: 444416K Free: 376220K (85%)
----------------- Invoking toplevel() on ptolemy.moml.MoMLSimpleApplication@7b8c7841
----------------- Done invoking toplevel() on ptolemy.moml.MoMLSimpleApplication@7b8c7841
reloadAllAccessors: .model1

===========================================================================================
----------------- testing Wed Jun 26 04:41:49 UTC 2019 /home/travis/build/icyphy/ptII/ptolemy/domains/modal/test/auto/test-direct-in-out.xml
----------------- Instantiating /home/travis/build/icyphy/ptII/ptolemy/domains/modal/test/auto/test-direct-in-out.xml
6 ms. Memory: 444416K Free: 368557K (83%)
----------------- Invoking toplevel() on ptolemy.moml.MoMLSimpleApplication@3133c3f6
----------------- Done invoking toplevel() on ptolemy.moml.MoMLSimpleApplication@3133c3f6
reloadAllAccessors: .test-direct-in-out
AutoTests.java: About to close Vertx.
AutoTests.java: Vertx closed.
]]></system-out>
  <system-err><![CDATA[java.lang.RuntimeException: Execution failed
	at ptolemy.moml.MoMLSimpleApplication$UnloadThread.run(MoMLSimpleApplication.java:402)
Caused by: ptolemy.kernel.util.IllegalActionException: Unknown inputs remain. Possible causality loop:
L_model_1893289564i

  in .CannotAnalysisWithPreemption.model_1893289564_region_1 and .CannotAnalysisWithPreemption.model_1893289564_region_1.L_model_1893289564i
	at ptolemy.actor.sched.FixedPointDirector.postfire(FixedPointDirector.java:515)
	at ptolemy.domains.sr.kernel.SRDirector.postfire(SRDirector.java:417)
	at ptolemy.actor.CompositeActor.postfire(CompositeActor.java:1668)
	at ptolemy.actor.Manager.iterate(Manager.java:852)
	at ptolemy.actor.Manager.execute(Manager.java:369)
	at ptolemy.actor.Manager.run(Manager.java:1263)
	at ptolemy.actor.Manager$PtolemyRunThread.run(Manager.java:1915)
java.lang.reflect.InvocationTargetException
	at java.base/jdk.internal.reflect.NativeConstructorAccessorImpl.newInstance0(Native Method)
	at java.base/jdk.internal.reflect.NativeConstructorAccessorImpl.newInstance(NativeConstructorAccessorImpl.java:62)
	at java.base/jdk.internal.reflect.DelegatingConstructorAccessorImpl.newInstance(DelegatingConstructorAccessorImpl.java:45)
	at java.base/java.lang.reflect.Constructor.newInstance(Constructor.java:490)
	at ptolemy.util.test.junit.AutoKnownFailedTests.RunModel(AutoKnownFailedTests.java:105)
	at java.base/jdk.internal.reflect.NativeMethodAccessorImpl.invoke0(Native Method)
	at java.base/jdk.internal.reflect.NativeMethodAccessorImpl.invoke(NativeMethodAccessorImpl.java:62)
	at java.base/jdk.internal.reflect.DelegatingMethodAccessorImpl.invoke(DelegatingMethodAccessorImpl.java:43)
	at java.base/java.lang.reflect.Method.invoke(Method.java:566)
	at org.junit.runners.model.FrameworkMethod$1.runReflectiveCall(FrameworkMethod.java:44)
	at org.junit.internal.runners.model.ReflectiveCallable.run(ReflectiveCallable.java:15)
	at org.junit.runners.model.FrameworkMethod.invokeExplosively(FrameworkMethod.java:41)
	at junitparams.internal.InvokeParameterisedMethod.evaluate(InvokeParameterisedMethod.java:102)
	at org.junit.internal.runners.statements.FailOnTimeout$1.run(FailOnTimeout.java:28)
Caused by: ptolemy.kernel.util.IllegalActionException: Unknown inputs remain. Possible causality loop:
L_model_1893289564i

  in .CannotAnalysisWithPreemption.model_1893289564_region_1 and .CannotAnalysisWithPreemption.model_1893289564_region_1.L_model_1893289564i
	at ptolemy.actor.sched.FixedPointDirector.postfire(FixedPointDirector.java:515)
	at ptolemy.domains.sr.kernel.SRDirector.postfire(SRDirector.java:417)
	at ptolemy.actor.CompositeActor.postfire(CompositeActor.java:1668)
	at ptolemy.actor.Manager.iterate(Manager.java:852)
	at ptolemy.actor.Manager.execute(Manager.java:369)
	at ptolemy.actor.Manager.run(Manager.java:1263)
	at ptolemy.actor.Manager$PtolemyRunThread.run(Manager.java:1915)
]]></system-err>
</testsuite>
