<?xml version="1.0" encoding="UTF-8" ?>
<testsuite errors="0" failures="0" hostname="travis-job-a261ec60-2092-46be-8819-74add5b0fddb" name="ptolemy.vergil.basic.export.test.junit.ExportModelJUnitTestBatch2" skipped="0" tests="50" time="1226.951" timestamp="2018-12-19T03:19:12">
  <properties>
[...]
</properties>
  <testcase classname="ptolemy.vergil.basic.export.test.junit.ExportModelJUnitTestBatch2" name="[0] ptolemy/actor/lib/jai/demo/AdaptiveMedian/AdaptiveMedian.xml (RunExportModel)" time="8.413" />
  <testcase classname="ptolemy.vergil.basic.export.test.junit.ExportModelJUnitTestBatch2" name="[1] ptolemy/actor/lib/jai/demo/ImageReconstruction/ImageReconstruction.xml (RunExportModel)" time="4.652" />
  <testcase classname="ptolemy.vergil.basic.export.test.junit.ExportModelJUnitTestBatch2" name="[2] ptolemy/actor/lib/jai/demo/VQSequenceDisplay/VQSequenceDisplay.xml (RunExportModel)" time="5.078" />
  <testcase classname="ptolemy.vergil.basic.export.test.junit.ExportModelJUnitTestBatch2" name="[3] ptolemy/actor/lib/javasound/demo/KarplusStrong/KarplusStrong.xml (RunExportModel)" time="3.414" />
  <testcase classname="ptolemy.vergil.basic.export.test.junit.ExportModelJUnitTestBatch2" name="[4] ptolemy/actor/lib/jjs/demo/Factorial/Factorial.xml (RunExportModel)" time="14.258" />
  <testcase classname="ptolemy.vergil.basic.export.test.junit.ExportModelJUnitTestBatch2" name="[5] ptolemy/actor/lib/jjs/demo/JavaScriptShell/JavaScriptShell.xml (RunExportModel)" time="9.019" />
  <testcase classname="ptolemy.vergil.basic.export.test.junit.ExportModelJUnitTestBatch2" name="[6] ptolemy/actor/lib/jjs/demo/ModelBuilder/ModelBuilder.xml (RunExportModel)" time="13.454" />
  <testcase classname="ptolemy.vergil.basic.export.test.junit.ExportModelJUnitTestBatch2" name="[7] ptolemy/actor/lib/jjs/modules/aprilTags/demo/AprilTags/AprilTags.xml (RunExportModel)" time="43.898" />
  <testcase classname="ptolemy.vergil.basic.export.test.junit.ExportModelJUnitTestBatch2" name="[8] ptolemy/actor/lib/jjs/modules/aprilTags/demo/Kubi/Kubi.xml (RunExportModel)" time="44.496" />
  <testcase classname="ptolemy.vergil.basic.export.test.junit.ExportModelJUnitTestBatch2" name="[9] ptolemy/actor/lib/jjs/modules/audio/demo/Audio/Audio.xml (RunExportModel)" time="8.294" />
  <testcase classname="ptolemy.vergil.basic.export.test.junit.ExportModelJUnitTestBatch2" name="[10] ptolemy/actor/lib/jjs/modules/audio/demo/Audio/AudioCapture.xml (RunExportModel)" time="9.48" />
  <testcase classname="ptolemy.vergil.basic.export.test.junit.ExportModelJUnitTestBatch2" name="[11] ptolemy/actor/lib/jjs/modules/audio/demo/Audio/AudioClipPlayer.xml (RunExportModel)" time="9.0" />
  <testcase classname="ptolemy.vergil.basic.export.test.junit.ExportModelJUnitTestBatch2" name="[12] ptolemy/actor/lib/jjs/modules/audio/demo/Audio/AudioRecorder.xml (RunExportModel)" time="10.165" />
  <testcase classname="ptolemy.vergil.basic.export.test.junit.ExportModelJUnitTestBatch2" name="[13] ptolemy/actor/lib/jjs/modules/audio/demo/Audio/AudioSynthesis.xml (RunExportModel)" time="9.494" />
  <testcase classname="ptolemy.vergil.basic.export.test.junit.ExportModelJUnitTestBatch2" name="[14] ptolemy/actor/lib/jjs/modules/audio/demo/Audio/SpeechSynthesis.xml (RunExportModel)" time="42.469" />
  <testcase classname="ptolemy.vergil.basic.export.test.junit.ExportModelJUnitTestBatch2" name="[15] ptolemy/actor/lib/jjs/modules/cameras/demo/Camera/Camera.xml (RunExportModel)" time="35.268" />
  <testcase classname="ptolemy.vergil.basic.export.test.junit.ExportModelJUnitTestBatch2" name="[16] ptolemy/actor/lib/jjs/modules/cameras/demo/Camera/CaptureOpenLoop.xml (RunExportModel)" time="32.28" />
  <testcase classname="ptolemy.vergil.basic.export.test.junit.ExportModelJUnitTestBatch2" name="[17] ptolemy/actor/lib/jjs/modules/cameras/demo/CameraWebSocket/CameraWebSocket.xml (RunExportModel)" time="38.225" />
  <testcase classname="ptolemy.vergil.basic.export.test.junit.ExportModelJUnitTestBatch2" name="[18] ptolemy/actor/lib/jjs/modules/cameras/demo/Foscam/Foscam.xml (RunExportModel)" time="39.957" />
  <testcase classname="ptolemy.vergil.basic.export.test.junit.ExportModelJUnitTestBatch2" name="[19] ptolemy/actor/lib/jjs/modules/computerVision/demo/ComputerVision/ComputerVision.xml (RunExportModel)" time="35.498" />
  <testcase classname="ptolemy.vergil.basic.export.test.junit.ExportModelJUnitTestBatch2" name="[20] ptolemy/actor/lib/jjs/modules/contextAware/demo/ContextAware/ContextAware.xml (RunExportModel)" time="8.94" />
  <testcase classname="ptolemy.vergil.basic.export.test.junit.ExportModelJUnitTestBatch2" name="[21] ptolemy/actor/lib/jjs/modules/crypto/demo/AsymmetricEncrypt/AsymmetricEncrypt.xml (RunExportModel)" time="28.159" />
  <testcase classname="ptolemy.vergil.basic.export.test.junit.ExportModelJUnitTestBatch2" name="[22] ptolemy/actor/lib/jjs/modules/crypto/demo/MessageDigest/MessageDigest.xml (RunExportModel)" time="21.504" />
  <testcase classname="ptolemy.vergil.basic.export.test.junit.ExportModelJUnitTestBatch2" name="[23] ptolemy/actor/lib/jjs/modules/crypto/demo/RandomBytes/RandomBytes.xml (RunExportModel)" time="13.974" />
  <testcase classname="ptolemy.vergil.basic.export.test.junit.ExportModelJUnitTestBatch2" name="[24] ptolemy/actor/lib/jjs/modules/crypto/demo/SymmetricEncrypt/SymmetricEncrypt.xml (RunExportModel)" time="16.985" />
  <testcase classname="ptolemy.vergil.basic.export.test.junit.ExportModelJUnitTestBatch2" name="[25] ptolemy/actor/lib/jjs/modules/discovery/demo/Discovery/Discovery.xml (RunExportModel)" time="8.209" />
  <testcase classname="ptolemy.vergil.basic.export.test.junit.ExportModelJUnitTestBatch2" name="[26] ptolemy/actor/lib/jjs/modules/discovery/demo/Discovery/DiscoveryJS.xml (RunExportModel)" time="16.762" />
  <testcase classname="ptolemy.vergil.basic.export.test.junit.ExportModelJUnitTestBatch2" name="[27] ptolemy/actor/lib/jjs/modules/discovery/demo/Discovery/PopulateSwarmboxMap.xml (RunExportModel)" time="37.706" />
  <testcase classname="ptolemy.vergil.basic.export.test.junit.ExportModelJUnitTestBatch2" name="[28] ptolemy/actor/lib/jjs/modules/discovery/demo/Discovery/PostSwarmboxDevices.xml (RunExportModel)" time="41.277" />
  <testcase classname="ptolemy.vergil.basic.export.test.junit.ExportModelJUnitTestBatch2" name="[29] ptolemy/actor/lib/jjs/modules/discovery/demo/Heartbeat/Heartbeat.xml (RunExportModel)" time="23.958" />
  <testcase classname="ptolemy.vergil.basic.export.test.junit.ExportModelJUnitTestBatch2" name="[30] ptolemy/actor/lib/jjs/modules/dsp/demo/AudioFFT/AudioFFT.xml (RunExportModel)" time="9.892" />
  <testcase classname="ptolemy.vergil.basic.export.test.junit.ExportModelJUnitTestBatch2" name="[31] ptolemy/actor/lib/jjs/modules/dsp/demo/AudioFFT/SinusoidFFT.xml (RunExportModel)" time="13.329" />
  <testcase classname="ptolemy.vergil.basic.export.test.junit.ExportModelJUnitTestBatch2" name="[32] ptolemy/actor/lib/jjs/modules/eventbus/demo/VertxBus/VertxBus.xml (RunExportModel)" time="22.58" />
  <testcase classname="ptolemy.vergil.basic.export.test.junit.ExportModelJUnitTestBatch2" name="[33] ptolemy/actor/lib/jjs/modules/eventbus/demo/VertxChat/VertxChat.xml (RunExportModel)" time="10.34" />
  <testcase classname="ptolemy.vergil.basic.export.test.junit.ExportModelJUnitTestBatch2" name="[34] ptolemy/actor/lib/jjs/modules/faceDetector/demo/FaceDetector/FaceDetector.xml (RunExportModel)" time="11.207" />
  <testcase classname="ptolemy.vergil.basic.export.test.junit.ExportModelJUnitTestBatch2" name="[35] ptolemy/actor/lib/jjs/modules/faceDetector/demo/FaceDetectorCamera/FaceDetectorCamera.xml (RunExportModel)" time="40.647" />
  <testcase classname="ptolemy.vergil.basic.export.test.junit.ExportModelJUnitTestBatch2" name="[36] ptolemy/actor/lib/jjs/modules/faceDetector/demo/OccupancyCount/OccupancyCount.xml (RunExportModel)" time="41.109" />
  <testcase classname="ptolemy.vergil.basic.export.test.junit.ExportModelJUnitTestBatch2" name="[37] ptolemy/actor/lib/jjs/modules/httpClient/demo/REST/REST.xml (RunExportModel)" time="8.282" />
  <testcase classname="ptolemy.vergil.basic.export.test.junit.ExportModelJUnitTestBatch2" name="[38] ptolemy/actor/lib/jjs/modules/httpClient/demo/REST/RESTSimple.xml (RunExportModel)" time="11.859" />
  <testcase classname="ptolemy.vergil.basic.export.test.junit.ExportModelJUnitTestBatch2" name="[39] ptolemy/actor/lib/jjs/modules/httpClient/demo/REST/Weather.xml (RunExportModel)" time="10.008" />
  <testcase classname="ptolemy.vergil.basic.export.test.junit.ExportModelJUnitTestBatch2" name="[40] ptolemy/actor/lib/jjs/modules/httpServer/demo/HttpServer/HttpServer.xml (RunExportModel)" time="39.829" />
  <testcase classname="ptolemy.vergil.basic.export.test.junit.ExportModelJUnitTestBatch2" name="[41] ptolemy/actor/lib/jjs/modules/httpServer/demo/KeyValueStoreClient/KeyValueStoreClient.xml (RunExportModel)" time="40.941" />
  <testcase classname="ptolemy.vergil.basic.export.test.junit.ExportModelJUnitTestBatch2" name="[42] ptolemy/actor/lib/jjs/modules/httpServer/demo/KeyValueStoreClient/KeyValueStoreServer.xml (RunExportModel)" time="43.456" />
  <testcase classname="ptolemy.vergil.basic.export.test.junit.ExportModelJUnitTestBatch2" name="[43] ptolemy/actor/lib/jjs/modules/httpServer/demo/KeyValueStoreClient/KeyValueStoreServerTerra.xml (RunExportModel)" time="43.394" />
  <testcase classname="ptolemy.vergil.basic.export.test.junit.ExportModelJUnitTestBatch2" name="[44] ptolemy/actor/lib/jjs/modules/httpServer/demo/WebServer/WebServer.xml (RunExportModel)" time="37.401" />
  <testcase classname="ptolemy.vergil.basic.export.test.junit.ExportModelJUnitTestBatch2" name="[45] ptolemy/actor/lib/jjs/modules/imageFilters/demo/ImageAnnotate/ImageAnnotate.xml (RunExportModel)" time="41.563" />
  <testcase classname="ptolemy.vergil.basic.export.test.junit.ExportModelJUnitTestBatch2" name="[46] ptolemy/actor/lib/jjs/modules/imageFilters/demo/ImageFilters/Annotate.xml (RunExportModel)" time="42.045" />
  <testcase classname="ptolemy.vergil.basic.export.test.junit.ExportModelJUnitTestBatch2" name="[47] ptolemy/actor/lib/jjs/modules/imageFilters/demo/ImageFilters/Average.xml (RunExportModel)" time="41.342" />
  <testcase classname="ptolemy.vergil.basic.export.test.junit.ExportModelJUnitTestBatch2" name="[48] ptolemy/actor/lib/jjs/modules/imageFilters/demo/ImageFilters/BicubicScale.xml (RunExportModel)" time="41.116" />
  <testcase classname="ptolemy.vergil.basic.export.test.junit.ExportModelJUnitTestBatch2" name="[49] ptolemy/actor/lib/jjs/modules/imageFilters/demo/ImageFilters/Block.xml (RunExportModel)" time="42.132" />
  <system-out><![CDATA[ExportModeJUnitTestBatch: There are 756 demos. Exporting demos: 151 to 200.
####### 1 Wed Dec 19 03:19:12 UTC 2018 $PTII/bin/ptinvoke ptolemy.vergil.basic.export.ExportModel -force htm -run -openComposites -timeOut 30000 -whiteBackground ptolemy/actor/lib/jai/demo/AdaptiveMedian/AdaptiveMedian.xml $PTII/ptolemy/actor/lib/jai/demo/AdaptiveMedian/AdaptiveMedian
Running .AdaptiveMedian
964 ms. Memory: 151552K Free: 58960K (39%)
Exported /home/travis/build/icyphy/ptII/ptolemy/actor/lib/jai/demo/AdaptiveMedian/AdaptiveMedian/index.html
8406 ms. Memory: 177664K Free: 143758K (81%)
####### 2 Wed Dec 19 03:19:20 UTC 2018 $PTII/bin/ptinvoke ptolemy.vergil.basic.export.ExportModel -force htm -run -openComposites -timeOut 30000 -whiteBackground ptolemy/actor/lib/jai/demo/ImageReconstruction/ImageReconstruction.xml $PTII/ptolemy/actor/lib/jai/demo/ImageReconstruction/ImageReconstruction
Running .ImageReconstruction
80 ms. Memory: 202240K Free: 168114K (83%)
Exported /home/travis/build/icyphy/ptII/ptolemy/actor/lib/jai/demo/ImageReconstruction/ImageReconstruction/index.html
4652 ms. Memory: 202240K Free: 130236K (64%)
####### 3 Wed Dec 19 03:19:25 UTC 2018 $PTII/bin/ptinvoke ptolemy.vergil.basic.export.ExportModel -force htm -run -openComposites -timeOut 30000 -whiteBackground ptolemy/actor/lib/jai/demo/VQSequenceDisplay/VQSequenceDisplay.xml $PTII/ptolemy/actor/lib/jai/demo/VQSequenceDisplay/VQSequenceDisplay
Running .VQSequenceDisplay
683 ms. Memory: 202752K Free: 104337K (51%)
Exported /home/travis/build/icyphy/ptII/ptolemy/actor/lib/jai/demo/VQSequenceDisplay/VQSequenceDisplay/index.html
5077 ms. Memory: 202752K Free: 69104K (34%)
####### 4 Wed Dec 19 03:19:30 UTC 2018 $PTII/bin/ptinvoke ptolemy.vergil.basic.export.ExportModel -force htm  -openComposites -timeOut 30000 -whiteBackground ptolemy/actor/lib/javasound/demo/KarplusStrong/KarplusStrong.xml $PTII/ptolemy/actor/lib/javasound/demo/KarplusStrong/KarplusStrong
Warning: not running ptolemy/actor/lib/javasound/demo/KarplusStrong/KarplusStrong.xml. See ptolemy/vergil/basic/export/test/junit/ExportModelJUnitTest.java
Exported /home/travis/build/icyphy/ptII/ptolemy/actor/lib/javasound/demo/KarplusStrong/KarplusStrong/index.html
3414 ms. Memory: 236032K Free: 93216K (39%)
####### 5 Wed Dec 19 03:19:33 UTC 2018 $PTII/bin/ptinvoke ptolemy.vergil.basic.export.ExportModel -force htm -run -openComposites -timeOut 30000 -whiteBackground ptolemy/actor/lib/jjs/demo/Factorial/Factorial.xml $PTII/ptolemy/actor/lib/jjs/demo/Factorial/Factorial
----------------- Wed Dec 19 03:19:33 UTC 2018 About to sleep for 5.0 seconds before running or rerunning.  Test is: /home/travis/build/icyphy/ptII/ptolemy/actor/lib/jjs/demo/Factorial/Factorial.xml
Done sleeping
Running .Factorial
1748 ms. Memory: 325632K Free: 103380K (32%)
Exported /home/travis/build/icyphy/ptII/ptolemy/actor/lib/jjs/demo/Factorial/Factorial/index.html
9257 ms. Memory: 325632K Free: 73668K (23%)
####### 6 Wed Dec 19 03:19:48 UTC 2018 $PTII/bin/ptinvoke ptolemy.vergil.basic.export.ExportModel -force htm -run -openComposites -timeOut 30000 -whiteBackground ptolemy/actor/lib/jjs/demo/JavaScriptShell/JavaScriptShell.xml $PTII/ptolemy/actor/lib/jjs/demo/JavaScriptShell/JavaScriptShell
----------------- Wed Dec 19 03:19:48 UTC 2018 About to sleep for 5.0 seconds before running or rerunning.  Test is: /home/travis/build/icyphy/ptII/ptolemy/actor/lib/jjs/demo/JavaScriptShell/JavaScriptShell.xml
Done sleeping
.JavaScriptShell.InteractiveShell invoked SwingUtilities.invokeAndWait()
Model ".JavaScriptShell" contains actors such cannot be run  as part of the export process from ExportModel or it has a WebExportParameters value that runBeforeExport set to false. To export run this model and export it, use vergil.
Exported /home/travis/build/icyphy/ptII/ptolemy/actor/lib/jjs/demo/JavaScriptShell/JavaScriptShell/index.html
4018 ms. Memory: 395264K Free: 94989K (24%)
####### 7 Wed Dec 19 03:19:57 UTC 2018 $PTII/bin/ptinvoke ptolemy.vergil.basic.export.ExportModel -force htm -run -openComposites -timeOut 30000 -whiteBackground ptolemy/actor/lib/jjs/demo/ModelBuilder/ModelBuilder.xml $PTII/ptolemy/actor/lib/jjs/demo/ModelBuilder/ModelBuilder
----------------- Wed Dec 19 03:19:57 UTC 2018 About to sleep for 5.0 seconds before running or rerunning.  Test is: /home/travis/build/icyphy/ptII/ptolemy/actor/lib/jjs/demo/ModelBuilder/ModelBuilder.xml
Done sleeping
Running .ModelBuilder
0
1
2
3
4
5
6
7
8
9
10
11
12
13
14
15
16
17
18
19
20
21
22
23
24
25
26
27
28
29
30
31
32
33
34
35
36
37
38
39
40
41
42
43
44
45
46
47
48
49
50
51
52
53
54
55
56
57
58
59
60
61
62
63
64
65
66
67
68
69
70
71
72
73
74
75
76
77
78
79
80
81
82
83
84
85
86
87
88
89
90
91
92
93
94
95
96
97
98
99
25 ms. Memory: 508416K Free: 384394K (76%)
2579 ms. Memory: 508416K Free: 379832K (75%)
Exported /home/travis/build/icyphy/ptII/ptolemy/actor/lib/jjs/demo/ModelBuilder/ModelBuilder/index.html
8453 ms. Memory: 508416K Free: 323741K (64%)
####### 8 Wed Dec 19 03:20:10 UTC 2018 $PTII/bin/ptinvoke ptolemy.vergil.basic.export.ExportModel -force htm -run -openComposites -timeOut 30000 -whiteBackground ptolemy/actor/lib/jjs/modules/aprilTags/demo/AprilTags/AprilTags.xml $PTII/ptolemy/actor/lib/jjs/modules/aprilTags/demo/AprilTags/AprilTags
----------------- Wed Dec 19 03:20:10 UTC 2018 About to sleep for 5.0 seconds before running or rerunning.  Test is: /home/travis/build/icyphy/ptII/ptolemy/actor/lib/jjs/modules/aprilTags/demo/AprilTags/AprilTags.xml
Done sleeping
JSAccessor: PT_NO_NET environment variable is set, so git pull and ptdoc are not being run.
No physical cameras found, using WebcamDummyDriver.
Running .AprilTags
ExportHTMLTimer went off after 30000 ms., calling getDirector().finish and getDirector().stopFire()
30034 ms. Memory: 1819136K Free: 1228704K (68%)
Exported /home/travis/build/icyphy/ptII/ptolemy/actor/lib/jjs/modules/aprilTags/demo/AprilTags/AprilTags/index.html
38897 ms. Memory: 1819136K Free: 1200714K (66%)
####### 9 Wed Dec 19 03:20:54 UTC 2018 $PTII/bin/ptinvoke ptolemy.vergil.basic.export.ExportModel -force htm -run -openComposites -timeOut 30000 -whiteBackground ptolemy/actor/lib/jjs/modules/aprilTags/demo/Kubi/Kubi.xml $PTII/ptolemy/actor/lib/jjs/modules/aprilTags/demo/Kubi/Kubi
----------------- Wed Dec 19 03:20:54 UTC 2018 About to sleep for 5.0 seconds before running or rerunning.  Test is: /home/travis/build/icyphy/ptII/ptolemy/actor/lib/jjs/modules/aprilTags/demo/Kubi/Kubi.xml
Done sleeping
Running .Kubi
Kubi: Kubi.js: Initializing... (Thread[AWT-EventQueue-0,6,main])
Kubi: Kubi.js: Handler added (Thread[AWT-EventQueue-0,6,main])
Kubi: Kubi.js: Connecting... (Thread[AWT-EventQueue-0,6,main])
Kubi2: Kubi.js: Initializing... (Thread[AWT-EventQueue-0,6,main])
Kubi2: Kubi.js: Handler added (Thread[AWT-EventQueue-0,6,main])
Kubi2: Kubi.js: Connecting... (Thread[AWT-EventQueue-0,6,main])
ExportHTMLTimer went off after 30000 ms., calling getDirector().finish and getDirector().stopFire()
30099 ms. Memory: 1819136K Free: 837940K (46%)
Exported /home/travis/build/icyphy/ptII/ptolemy/actor/lib/jjs/modules/aprilTags/demo/Kubi/Kubi/index.html
39495 ms. Memory: 1819136K Free: 796699K (44%)
####### 10 Wed Dec 19 03:21:38 UTC 2018 $PTII/bin/ptinvoke ptolemy.vergil.basic.export.ExportModel -force htm  -openComposites -timeOut 30000 -whiteBackground ptolemy/actor/lib/jjs/modules/audio/demo/Audio/Audio.xml $PTII/ptolemy/actor/lib/jjs/modules/audio/demo/Audio/Audio
Warning: not running ptolemy/actor/lib/jjs/modules/audio/demo/Audio/Audio.xml. See ptolemy/vergil/basic/export/test/junit/ExportModelJUnitTest.java
----------------- Wed Dec 19 03:21:38 UTC 2018 About to sleep for 5.0 seconds before running or rerunning.  Test is: /home/travis/build/icyphy/ptII/ptolemy/actor/lib/jjs/modules/audio/demo/Audio/Audio.xml
Done sleeping
Exported /home/travis/build/icyphy/ptII/ptolemy/actor/lib/jjs/modules/audio/demo/Audio/Audio/index.html
3292 ms. Memory: 1819136K Free: 664422K (37%)
####### 11 Wed Dec 19 03:21:47 UTC 2018 $PTII/bin/ptinvoke ptolemy.vergil.basic.export.ExportModel -force htm  -openComposites -timeOut 30000 -whiteBackground ptolemy/actor/lib/jjs/modules/audio/demo/Audio/AudioCapture.xml $PTII/ptolemy/actor/lib/jjs/modules/audio/demo/Audio/AudioCapture
Warning: not running ptolemy/actor/lib/jjs/modules/audio/demo/Audio/AudioCapture.xml. See ptolemy/vergil/basic/export/test/junit/ExportModelJUnitTest.java
----------------- Wed Dec 19 03:21:47 UTC 2018 About to sleep for 5.0 seconds before running or rerunning.  Test is: /home/travis/build/icyphy/ptII/ptolemy/actor/lib/jjs/modules/audio/demo/Audio/AudioCapture.xml
Done sleeping
Exported /home/travis/build/icyphy/ptII/ptolemy/actor/lib/jjs/modules/audio/demo/Audio/AudioCapture/index.html
4480 ms. Memory: 1872896K Free: 1729058K (92%)
####### 12 Wed Dec 19 03:21:56 UTC 2018 $PTII/bin/ptinvoke ptolemy.vergil.basic.export.ExportModel -force htm  -openComposites -timeOut 30000 -whiteBackground ptolemy/actor/lib/jjs/modules/audio/demo/Audio/AudioClipPlayer.xml $PTII/ptolemy/actor/lib/jjs/modules/audio/demo/Audio/AudioClipPlayer
Warning: not running ptolemy/actor/lib/jjs/modules/audio/demo/Audio/AudioClipPlayer.xml. See ptolemy/vergil/basic/export/test/junit/ExportModelJUnitTest.java
----------------- Wed Dec 19 03:21:56 UTC 2018 About to sleep for 5.0 seconds before running or rerunning.  Test is: /home/travis/build/icyphy/ptII/ptolemy/actor/lib/jjs/modules/audio/demo/Audio/AudioClipPlayer.xml
Done sleeping
Exported /home/travis/build/icyphy/ptII/ptolemy/actor/lib/jjs/modules/audio/demo/Audio/AudioClipPlayer/index.html
3999 ms. Memory: 1872896K Free: 1438462K (77%)
####### 13 Wed Dec 19 03:22:05 UTC 2018 $PTII/bin/ptinvoke ptolemy.vergil.basic.export.ExportModel -force htm  -openComposites -timeOut 30000 -whiteBackground ptolemy/actor/lib/jjs/modules/audio/demo/Audio/AudioRecorder.xml $PTII/ptolemy/actor/lib/jjs/modules/audio/demo/Audio/AudioRecorder
Warning: not running ptolemy/actor/lib/jjs/modules/audio/demo/Audio/AudioRecorder.xml. See ptolemy/vergil/basic/export/test/junit/ExportModelJUnitTest.java
----------------- Wed Dec 19 03:22:05 UTC 2018 About to sleep for 5.0 seconds before running or rerunning.  Test is: /home/travis/build/icyphy/ptII/ptolemy/actor/lib/jjs/modules/audio/demo/Audio/AudioRecorder.xml
Done sleeping
Exported /home/travis/build/icyphy/ptII/ptolemy/actor/lib/jjs/modules/audio/demo/Audio/AudioRecorder/index.html
5165 ms. Memory: 1872896K Free: 919900K (49%)
####### 14 Wed Dec 19 03:22:15 UTC 2018 $PTII/bin/ptinvoke ptolemy.vergil.basic.export.ExportModel -force htm  -openComposites -timeOut 30000 -whiteBackground ptolemy/actor/lib/jjs/modules/audio/demo/Audio/AudioSynthesis.xml $PTII/ptolemy/actor/lib/jjs/modules/audio/demo/Audio/AudioSynthesis
Warning: not running ptolemy/actor/lib/jjs/modules/audio/demo/Audio/AudioSynthesis.xml. See ptolemy/vergil/basic/export/test/junit/ExportModelJUnitTest.java
----------------- Wed Dec 19 03:22:15 UTC 2018 About to sleep for 5.0 seconds before running or rerunning.  Test is: /home/travis/build/icyphy/ptII/ptolemy/actor/lib/jjs/modules/audio/demo/Audio/AudioSynthesis.xml
Done sleeping
Exported /home/travis/build/icyphy/ptII/ptolemy/actor/lib/jjs/modules/audio/demo/Audio/AudioSynthesis/index.html
4494 ms. Memory: 1872896K Free: 539009K (29%)
####### 15 Wed Dec 19 03:22:25 UTC 2018 $PTII/bin/ptinvoke ptolemy.vergil.basic.export.ExportModel -force htm -run -openComposites -timeOut 30000 -whiteBackground ptolemy/actor/lib/jjs/modules/audio/demo/Audio/SpeechSynthesis.xml $PTII/ptolemy/actor/lib/jjs/modules/audio/demo/Audio/SpeechSynthesis
----------------- Wed Dec 19 03:22:25 UTC 2018 About to sleep for 5.0 seconds before running or rerunning.  Test is: /home/travis/build/icyphy/ptII/ptolemy/actor/lib/jjs/modules/audio/demo/Audio/SpeechSynthesis.xml
Done sleeping
Running .SpeechSynthesis
ExportHTMLTimer went off after 30000 ms., calling getDirector().finish and getDirector().stopFire()
30036 ms. Memory: 1801216K Free: 1080862K (60%)
Exported /home/travis/build/icyphy/ptII/ptolemy/actor/lib/jjs/modules/audio/demo/Audio/SpeechSynthesis/index.html
37468 ms. Memory: 1801216K Free: 1052056K (58%)
####### 16 Wed Dec 19 03:23:07 UTC 2018 $PTII/bin/ptinvoke ptolemy.vergil.basic.export.ExportModel -force htm -run -openComposites -timeOut 30000 -whiteBackground ptolemy/actor/lib/jjs/modules/cameras/demo/Camera/Camera.xml $PTII/ptolemy/actor/lib/jjs/modules/cameras/demo/Camera/Camera
----------------- Wed Dec 19 03:23:07 UTC 2018 About to sleep for 5.0 seconds before running or rerunning.  Test is: /home/travis/build/icyphy/ptII/ptolemy/actor/lib/jjs/modules/cameras/demo/Camera/Camera.xml
Done sleeping
Running .Camera
23876 ms. Memory: 1957888K Free: 779566K (40%)
Exported /home/travis/build/icyphy/ptII/ptolemy/actor/lib/jjs/modules/cameras/demo/Camera/Camera/index.html
30266 ms. Memory: 1957888K Free: 742063K (38%)
####### 17 Wed Dec 19 03:23:43 UTC 2018 $PTII/bin/ptinvoke ptolemy.vergil.basic.export.ExportModel -force htm -run -openComposites -timeOut 30000 -whiteBackground ptolemy/actor/lib/jjs/modules/cameras/demo/Camera/CaptureOpenLoop.xml $PTII/ptolemy/actor/lib/jjs/modules/cameras/demo/Camera/CaptureOpenLoop
----------------- Wed Dec 19 03:23:43 UTC 2018 About to sleep for 5.0 seconds before running or rerunning.  Test is: /home/travis/build/icyphy/ptII/ptolemy/actor/lib/jjs/modules/cameras/demo/Camera/CaptureOpenLoop.xml
Done sleeping
Running .CaptureOpenLoop
21985 ms. Memory: 1938944K Free: 453182K (23%)
Exported /home/travis/build/icyphy/ptII/ptolemy/actor/lib/jjs/modules/cameras/demo/Camera/CaptureOpenLoop/index.html
27279 ms. Memory: 1938944K Free: 426404K (22%)
####### 18 Wed Dec 19 03:24:15 UTC 2018 $PTII/bin/ptinvoke ptolemy.vergil.basic.export.ExportModel -force htm -run -openComposites -timeOut 30000 -whiteBackground ptolemy/actor/lib/jjs/modules/cameras/demo/CameraWebSocket/CameraWebSocket.xml $PTII/ptolemy/actor/lib/jjs/modules/cameras/demo/CameraWebSocket/CameraWebSocket
----------------- Wed Dec 19 03:24:15 UTC 2018 About to sleep for 5.0 seconds before running or rerunning.  Test is: /home/travis/build/icyphy/ptII/ptolemy/actor/lib/jjs/modules/cameras/demo/CameraWebSocket/CameraWebSocket.xml
Done sleeping
Running .CameraWebSocket
WebSocketClient: Connection failed. Will try again: Connection refused: localhost/127.0.0.1:8071
Connection refused (Thread[vert.x-eventloop-thread-0,6,main])
WebSocketServer: WebSocketServer message(): {type="class ptolemy.data.AWTImageToken", width="176", height="144"}, typeof message: object (Thread[AWT-EventQueue-0,6,main])
WebSocketServer: WebSocketServer message(): {type="class ptolemy.data.AWTImageToken", width="176", height="144"}, typeof message: object (Thread[AWT-EventQueue-0,6,main])
WebSocketServer: WebSocketServer message(): {type="class ptolemy.data.AWTImageToken", width="176", height="144"}, typeof message: object (Thread[AWT-EventQueue-0,6,main])
WebSocketServer: WebSocketServer message(): {type="class ptolemy.data.AWTImageToken", width="176", height="144"}, typeof message: object (Thread[AWT-EventQueue-0,6,main])
WebSocketServer: WebSocketServer message(): {type="class ptolemy.data.AWTImageToken", width="176", height="144"}, typeof message: object (Thread[AWT-EventQueue-0,6,main])
WebSocketServer: WebSocketServer message(): {type="class ptolemy.data.AWTImageToken", width="176", height="144"}, typeof message: object (Thread[AWT-EventQueue-0,6,main])
WebSocketServer: WebSocketServer message(): {type="class ptolemy.data.AWTImageToken", width="176", height="144"}, typeof message: object (Thread[AWT-EventQueue-0,6,main])
WebSocketServer: WebSocketServer message(): {type="class ptolemy.data.AWTImageToken", width="176", height="144"}, typeof message: object (Thread[AWT-EventQueue-0,6,main])
WebSocketServer: WebSocketServer message(): {type="class ptolemy.data.AWTImageToken", width="176", height="144"}, typeof message: object (Thread[AWT-EventQueue-0,6,main])
WebSocketServer: WebSocketServer message(): {type="class ptolemy.data.AWTImageToken", width="176", height="144"}, typeof message: object (Thread[AWT-EventQueue-0,6,main])
WebSocketServer: WebSocketServer message(): {type="class ptolemy.data.AWTImageToken", width="176", height="144"}, typeof message: object (Thread[AWT-EventQueue-0,6,main])
WebSocketClient: Connection closed because model is no longer running. (Thread[AWT-EventQueue-0,6,main])
26395 ms. Memory: 1939968K Free: 1306009K (67%)
Exported /home/travis/build/icyphy/ptII/ptolemy/actor/lib/jjs/modules/cameras/demo/CameraWebSocket/CameraWebSocket/index.html
33224 ms. Memory: 1939968K Free: 1268572K (65%)
####### 19 Wed Dec 19 03:24:53 UTC 2018 $PTII/bin/ptinvoke ptolemy.vergil.basic.export.ExportModel -force htm -run -openComposites -timeOut 30000 -whiteBackground ptolemy/actor/lib/jjs/modules/cameras/demo/Foscam/Foscam.xml $PTII/ptolemy/actor/lib/jjs/modules/cameras/demo/Foscam/Foscam
----------------- Wed Dec 19 03:24:53 UTC 2018 About to sleep for 5.0 seconds before running or rerunning.  Test is: /home/travis/build/icyphy/ptII/ptolemy/actor/lib/jjs/modules/cameras/demo/Foscam/Foscam.xml
Done sleeping
Running .Foscam
Foscam2: snapshot.cgi?user=admin&pwd=&undefined= (Thread[AWT-EventQueue-0,6,main])
Foscam2: Making an HTTP request. (Thread[AWT-EventQueue-0,6,main])
ExportHTMLTimer went off after 30000 ms., calling getDirector().finish and getDirector().stopFire()
Foscam2: undefined.cgi?user=admin&pwd=&undefined= (Thread[AWT-EventQueue-0,6,main])
Foscam2: Making an HTTP request. (Thread[AWT-EventQueue-0,6,main])
30015 ms. Memory: 1939968K Free: 729590K (38%)
Exported /home/travis/build/icyphy/ptII/ptolemy/actor/lib/jjs/modules/cameras/demo/Foscam/Foscam/index.html
34956 ms. Memory: 1939968K Free: 692167K (36%)
####### 20 Wed Dec 19 03:25:33 UTC 2018 $PTII/bin/ptinvoke ptolemy.vergil.basic.export.ExportModel -force htm -run -openComposites -timeOut 30000 -whiteBackground ptolemy/actor/lib/jjs/modules/computerVision/demo/ComputerVision/ComputerVision.xml $PTII/ptolemy/actor/lib/jjs/modules/computerVision/demo/ComputerVision/ComputerVision
----------------- Wed Dec 19 03:25:33 UTC 2018 About to sleep for 5.0 seconds before running or rerunning.  Test is: /home/travis/build/icyphy/ptII/ptolemy/actor/lib/jjs/modules/computerVision/demo/ComputerVision/ComputerVision.xml
Done sleeping
Running .ComputerVision
Manager.initialize() finished: 14540 ms. Memory: 2098688K Free: 476268K (23%)
17103 ms. Memory: 2072576K Free: 1388909K (67%)
Exported /home/travis/build/icyphy/ptII/ptolemy/actor/lib/jjs/modules/computerVision/demo/ComputerVision/ComputerVision/index.html
30498 ms. Memory: 2072576K Free: 1332088K (64%)
####### 21 Wed Dec 19 03:26:09 UTC 2018 $PTII/bin/ptinvoke ptolemy.vergil.basic.export.ExportModel -force htm  -openComposites -timeOut 30000 -whiteBackground ptolemy/actor/lib/jjs/modules/contextAware/demo/ContextAware/ContextAware.xml $PTII/ptolemy/actor/lib/jjs/modules/contextAware/demo/ContextAware/ContextAware
Warning: not running ptolemy/actor/lib/jjs/modules/contextAware/demo/ContextAware/ContextAware.xml. See ptolemy/vergil/basic/export/test/junit/ExportModelJUnitTest.java
----------------- Wed Dec 19 03:26:09 UTC 2018 About to sleep for 5.0 seconds before running or rerunning.  Test is: /home/travis/build/icyphy/ptII/ptolemy/actor/lib/jjs/modules/contextAware/demo/ContextAware/ContextAware.xml
Done sleeping
Exported /home/travis/build/icyphy/ptII/ptolemy/actor/lib/jjs/modules/contextAware/demo/ContextAware/ContextAware/index.html
3940 ms. Memory: 2072576K Free: 1007766K (49%)
####### 22 Wed Dec 19 03:26:18 UTC 2018 $PTII/bin/ptinvoke ptolemy.vergil.basic.export.ExportModel -force htm -run -openComposites -timeOut 30000 -whiteBackground ptolemy/actor/lib/jjs/modules/crypto/demo/AsymmetricEncrypt/AsymmetricEncrypt.xml $PTII/ptolemy/actor/lib/jjs/modules/crypto/demo/AsymmetricEncrypt/AsymmetricEncrypt
----------------- Wed Dec 19 03:26:18 UTC 2018 About to sleep for 5.0 seconds before running or rerunning.  Test is: /home/travis/build/icyphy/ptII/ptolemy/actor/lib/jjs/modules/crypto/demo/AsymmetricEncrypt/AsymmetricEncrypt.xml
Done sleeping
Running .AsymmetricEncrypt
RandomBytes: [ 114 ] (Thread[AWT-EventQueue-0,6,main])
EncryptWithHash: ### it is a string: hello world! (Thread[AWT-EventQueue-0,6,main])
RandomBytes: [ -76, -81 ] (Thread[AWT-EventQueue-0,6,main])
EncryptWithHash: ### it is a string: bye world! (Thread[AWT-EventQueue-0,6,main])
RandomBytes: [ -52, -23, 109 ] (Thread[AWT-EventQueue-0,6,main])
RandomBytes: [ -45, 8, -121, -5 ] (Thread[AWT-EventQueue-0,6,main])
12231 ms. Memory: 2123776K Free: 499987K (24%)
Exported /home/travis/build/icyphy/ptII/ptolemy/actor/lib/jjs/modules/crypto/demo/AsymmetricEncrypt/AsymmetricEncrypt/index.html
23158 ms. Memory: 2135040K Free: 1613762K (76%)
####### 23 Wed Dec 19 03:26:46 UTC 2018 $PTII/bin/ptinvoke ptolemy.vergil.basic.export.ExportModel -force htm -run -openComposites -timeOut 30000 -whiteBackground ptolemy/actor/lib/jjs/modules/crypto/demo/MessageDigest/MessageDigest.xml $PTII/ptolemy/actor/lib/jjs/modules/crypto/demo/MessageDigest/MessageDigest
----------------- Wed Dec 19 03:26:46 UTC 2018 About to sleep for 5.0 seconds before running or rerunning.  Test is: /home/travis/build/icyphy/ptII/ptolemy/actor/lib/jjs/modules/crypto/demo/MessageDigest/MessageDigest.xml
Done sleeping
Running .MessageDigest
RandomBytes: [ -85 ] (Thread[AWT-EventQueue-0,6,main])
EncryptWithHash: ### it is a string: hello world! (Thread[AWT-EventQueue-0,6,main])
EncryptWithHash: [ 104,
  101,
  108,
  108,
  111,
  32,
  119,
  111,
  114,
  108,
  100,
  33,
  117,
  9,
  -27,
  -67,
  -96,
  -57,
  98,
  -46,
  -70,
  -57,
  -7,
  13,
  117,
  -117,
  91,
  34,
  99,
  -6,
  1,
  -52,
  -68,
  84,
  42,
  -75,
  -29,
  -33,
  22,
  59,
  -32,
  -114,
  108,
  -87 ] (Thread[AWT-EventQueue-0,6,main])
DecryptWithHash: [ 104, 101, 108, 108, 111, 32, 119, 111, 114, 108, 100, 33 ] (Thread[AWT-EventQueue-0,6,main])
DecryptWithHash: [ 117,
  9,
  -27,
  -67,
  -96,
  -57,
  98,
  -46,
  -70,
  -57,
  -7,
  13,
  117,
  -117,
  91,
  34,
  99,
  -6,
  1,
  -52,
  -68,
  84,
  42,
  -75,
  -29,
  -33,
  22,
  59,
  -32,
  -114,
  108,
  -87 ] (Thread[AWT-EventQueue-0,6,main])
DecryptWithHash: [ 117,
  9,
  -27,
  -67,
  -96,
  -57,
  98,
  -46,
  -70,
  -57,
  -7,
  13,
  117,
  -117,
  91,
  34,
  99,
  -6,
  1,
  -52,
  -68,
  84,
  42,
  -75,
  -29,
  -33,
  22,
  59,
  -32,
  -114,
  108,
  -87 ] (Thread[AWT-EventQueue-0,6,main])
RandomBytes: [ -128, 3 ] (Thread[AWT-EventQueue-0,6,main])
EncryptWithHash: ### it is a string: bye world! (Thread[AWT-EventQueue-0,6,main])
EncryptWithHash: [ 98,
  121,
  101,
  32,
  119,
  111,
  114,
  108,
  100,
  33,
  87,
  -40,
  61,
  -97,
  47,
  -93,
  111,
  -126,
  41,
  -41,
  5,
  71,
  -116,
  -126,
  88,
  -110,
  -25,
  18,
  9,
  123,
  68,
  24,
  11,
  -64,
  -67,
  36,
  -65,
  21,
  -14,
  -69,
  -122,
  53 ] (Thread[AWT-EventQueue-0,6,main])
DecryptWithHash: [ 98, 121, 101, 32, 119, 111, 114, 108, 100, 33 ] (Thread[AWT-EventQueue-0,6,main])
DecryptWithHash: [ 87,
  -40,
  61,
  -97,
  47,
  -93,
  111,
  -126,
  41,
  -41,
  5,
  71,
  -116,
  -126,
  88,
  -110,
  -25,
  18,
  9,
  123,
  68,
  24,
  11,
  -64,
  -67,
  36,
  -65,
  21,
  -14,
  -69,
  -122,
  53 ] (Thread[AWT-EventQueue-0,6,main])
DecryptWithHash: [ 87,
  -40,
  61,
  -97,
  47,
  -93,
  111,
  -126,
  41,
  -41,
  5,
  71,
  -116,
  -126,
  88,
  -110,
  -25,
  18,
  9,
  123,
  68,
  24,
  11,
  -64,
  -67,
  36,
  -65,
  21,
  -14,
  -69,
  -122,
  53 ] (Thread[AWT-EventQueue-0,6,main])
RandomBytes: [ -52, 107, -124 ] (Thread[AWT-EventQueue-0,6,main])
RandomBytes: [ 93, 40, 90, 105 ] (Thread[AWT-EventQueue-0,6,main])
9225 ms. Memory: 2148352K Free: 1291564K (60%)
Exported /home/travis/build/icyphy/ptII/ptolemy/actor/lib/jjs/modules/crypto/demo/MessageDigest/MessageDigest/index.html
16502 ms. Memory: 2148352K Free: 1234525K (57%)
####### 24 Wed Dec 19 03:27:07 UTC 2018 $PTII/bin/ptinvoke ptolemy.vergil.basic.export.ExportModel -force htm -run -openComposites -timeOut 30000 -whiteBackground ptolemy/actor/lib/jjs/modules/crypto/demo/RandomBytes/RandomBytes.xml $PTII/ptolemy/actor/lib/jjs/modules/crypto/demo/RandomBytes/RandomBytes
----------------- Wed Dec 19 03:27:07 UTC 2018 About to sleep for 5.0 seconds before running or rerunning.  Test is: /home/travis/build/icyphy/ptII/ptolemy/actor/lib/jjs/modules/crypto/demo/RandomBytes/RandomBytes.xml
Done sleeping
Running .RandomBytes
RandomBytes: [ 61 ] (Thread[AWT-EventQueue-0,6,main])
RandomBytes: [ -85, -38 ] (Thread[AWT-EventQueue-0,6,main])
RandomBytes: [ -63, -21, -94 ] (Thread[AWT-EventQueue-0,6,main])
RandomBytes: [ -46, -85, 71, 106 ] (Thread[AWT-EventQueue-0,6,main])
4136 ms. Memory: 2148352K Free: 769287K (36%)
Exported /home/travis/build/icyphy/ptII/ptolemy/actor/lib/jjs/modules/crypto/demo/RandomBytes/RandomBytes/index.html
8973 ms. Memory: 2148352K Free: 739100K (34%)
####### 25 Wed Dec 19 03:27:21 UTC 2018 $PTII/bin/ptinvoke ptolemy.vergil.basic.export.ExportModel -force htm -run -openComposites -timeOut 30000 -whiteBackground ptolemy/actor/lib/jjs/modules/crypto/demo/SymmetricEncrypt/SymmetricEncrypt.xml $PTII/ptolemy/actor/lib/jjs/modules/crypto/demo/SymmetricEncrypt/SymmetricEncrypt
----------------- Wed Dec 19 03:27:21 UTC 2018 About to sleep for 5.0 seconds before running or rerunning.  Test is: /home/travis/build/icyphy/ptII/ptolemy/actor/lib/jjs/modules/crypto/demo/SymmetricEncrypt/SymmetricEncrypt.xml
Done sleeping
Running .SymmetricEncrypt
RandomBytes: [ 88 ] (Thread[AWT-EventQueue-0,6,main])
RandomBytes: [ 5, -18 ] (Thread[AWT-EventQueue-0,6,main])
RandomBytes: [ 88, -62, -12 ] (Thread[AWT-EventQueue-0,6,main])
RandomBytes: [ -65, -118, -100, -95 ] (Thread[AWT-EventQueue-0,6,main])
6012 ms. Memory: 2156032K Free: 877310K (41%)
Exported /home/travis/build/icyphy/ptII/ptolemy/actor/lib/jjs/modules/crypto/demo/SymmetricEncrypt/SymmetricEncrypt/index.html
11983 ms. Memory: 2156032K Free: 846971K (39%)
####### 26 Wed Dec 19 03:27:38 UTC 2018 $PTII/bin/ptinvoke ptolemy.vergil.basic.export.ExportModel -force htm  -openComposites -timeOut 30000 -whiteBackground ptolemy/actor/lib/jjs/modules/discovery/demo/Discovery/Discovery.xml $PTII/ptolemy/actor/lib/jjs/modules/discovery/demo/Discovery/Discovery
Warning: not running ptolemy/actor/lib/jjs/modules/discovery/demo/Discovery/Discovery.xml. See ptolemy/vergil/basic/export/test/junit/ExportModelJUnitTest.java
----------------- Wed Dec 19 03:27:38 UTC 2018 About to sleep for 5.0 seconds before running or rerunning.  Test is: /home/travis/build/icyphy/ptII/ptolemy/actor/lib/jjs/modules/discovery/demo/Discovery/Discovery.xml
Done sleeping
Exported /home/travis/build/icyphy/ptII/ptolemy/actor/lib/jjs/modules/discovery/demo/Discovery/Discovery/index.html
3209 ms. Memory: 2156032K Free: 678652K (31%)
####### 27 Wed Dec 19 03:27:46 UTC 2018 $PTII/bin/ptinvoke ptolemy.vergil.basic.export.ExportModel -force htm -run -openComposites -timeOut 30000 -whiteBackground ptolemy/actor/lib/jjs/modules/discovery/demo/Discovery/DiscoveryJS.xml $PTII/ptolemy/actor/lib/jjs/modules/discovery/demo/Discovery/DiscoveryJS
----------------- Wed Dec 19 03:27:46 UTC 2018 About to sleep for 5.0 seconds before running or rerunning.  Test is: /home/travis/build/icyphy/ptII/ptolemy/actor/lib/jjs/modules/discovery/demo/Discovery/DiscoveryJS.xml
Done sleeping
Running .DiscoveryJS
6277 ms. Memory: 2164224K Free: 1627034K (75%)
Exported /home/travis/build/icyphy/ptII/ptolemy/actor/lib/jjs/modules/discovery/demo/Discovery/DiscoveryJS/index.html
11762 ms. Memory: 2164224K Free: 1605319K (74%)
####### 28 Wed Dec 19 03:28:03 UTC 2018 $PTII/bin/ptinvoke ptolemy.vergil.basic.export.ExportModel -force htm -run -openComposites -timeOut 30000 -whiteBackground ptolemy/actor/lib/jjs/modules/discovery/demo/Discovery/PopulateSwarmboxMap.xml $PTII/ptolemy/actor/lib/jjs/modules/discovery/demo/Discovery/PopulateSwarmboxMap
----------------- Wed Dec 19 03:28:03 UTC 2018 About to sleep for 5.0 seconds before running or rerunning.  Test is: /home/travis/build/icyphy/ptII/ptolemy/actor/lib/jjs/modules/discovery/demo/Discovery/PopulateSwarmboxMap.xml
Done sleeping
Running .PopulateSwarmboxMap
Manager.initialize() finished: 11959 ms. Memory: 2190848K Free: 888600K (41%)
REST: Making an HTTP request. (Thread[AWT-EventQueue-0,6,main])
22048 ms. Memory: 2190848K Free: 861451K (39%)
Exported /home/travis/build/icyphy/ptII/ptolemy/actor/lib/jjs/modules/discovery/demo/Discovery/PopulateSwarmboxMap/index.html
32705 ms. Memory: 2190848K Free: 736778K (34%)
####### 29 Wed Dec 19 03:28:41 UTC 2018 $PTII/bin/ptinvoke ptolemy.vergil.basic.export.ExportModel -force htm -run -openComposites -timeOut 30000 -whiteBackground ptolemy/actor/lib/jjs/modules/discovery/demo/Discovery/PostSwarmboxDevices.xml $PTII/ptolemy/actor/lib/jjs/modules/discovery/demo/Discovery/PostSwarmboxDevices
----------------- Wed Dec 19 03:28:41 UTC 2018 About to sleep for 5.0 seconds before running or rerunning.  Test is: /home/travis/build/icyphy/ptII/ptolemy/actor/lib/jjs/modules/discovery/demo/Discovery/PostSwarmboxDevices.xml
Done sleeping
Running .PostSwarmboxDevices
REST: Making an HTTP request. (Thread[AWT-EventQueue-0,6,main])
ExportHTMLTimer went off after 30000 ms., calling getDirector().finish and getDirector().stopFire()
30019 ms. Memory: 2158080K Free: 1626536K (75%)
Exported /home/travis/build/icyphy/ptII/ptolemy/actor/lib/jjs/modules/discovery/demo/Discovery/PostSwarmboxDevices/index.html
36277 ms. Memory: 2158080K Free: 1576927K (73%)
####### 30 Wed Dec 19 03:29:22 UTC 2018 $PTII/bin/ptinvoke ptolemy.vergil.basic.export.ExportModel -force htm -run -openComposites -timeOut 30000 -whiteBackground ptolemy/actor/lib/jjs/modules/discovery/demo/Heartbeat/Heartbeat.xml $PTII/ptolemy/actor/lib/jjs/modules/discovery/demo/Heartbeat/Heartbeat
----------------- Wed Dec 19 03:29:22 UTC 2018 About to sleep for 5.0 seconds before running or rerunning.  Test is: /home/travis/build/icyphy/ptII/ptolemy/actor/lib/jjs/modules/discovery/demo/Heartbeat/Heartbeat.xml
Done sleeping
Running .Heartbeat
Heartbeat: HeartBeat: pingMothership (Thread[AWT-EventQueue-0,6,main])
Heartbeat: Making an HTTP request. (Thread[AWT-EventQueue-0,6,main])
Heartbeat: Request problem: Unable to check in with server: Error: Search domain query failed. Original hostname: 'terra.eecs.berkeley.edu' failed to resolve 'terra.eecs.berkeley.edu.google.internal' after 2 queries  (Thread[AWT-EventQueue-0,6,main])
Heartbeat: HeartBeat: pingMothership (Thread[AWT-EventQueue-0,6,main])
Heartbeat: Making an HTTP request. (Thread[AWT-EventQueue-0,6,main])
Heartbeat: Request problem: Unable to check in with server: Error: Search domain query failed. Original hostname: 'terra.eecs.berkeley.edu' failed to resolve 'terra.eecs.berkeley.edu.google.internal' after 2 queries  (Thread[AWT-EventQueue-0,6,main])
Heartbeat: HeartBeat: pingMothership (Thread[AWT-EventQueue-0,6,main])
Heartbeat: Making an HTTP request. (Thread[AWT-EventQueue-0,6,main])
Heartbeat: Request problem: Unable to check in with server: Error: Search domain query failed. Original hostname: 'terra.eecs.berkeley.edu' failed to resolve 'terra.eecs.berkeley.edu.google.internal' after 2 queries  (Thread[AWT-EventQueue-0,6,main])
Heartbeat: HeartBeat: pingMothership (Thread[AWT-EventQueue-0,6,main])
Heartbeat: Making an HTTP request. (Thread[AWT-EventQueue-0,6,main])
Heartbeat: Request problem: Unable to check in with server: Error: Search domain query failed. Original hostname: 'terra.eecs.berkeley.edu' failed to resolve 'terra.eecs.berkeley.edu.google.internal' after 2 queries  (Thread[AWT-EventQueue-0,6,main])
Heartbeat: HeartBeat: pingMothership (Thread[AWT-EventQueue-0,6,main])
Heartbeat: Making an HTTP request. (Thread[AWT-EventQueue-0,6,main])
Heartbeat: Request problem: Unable to check in with server: Error: Search domain query failed. Original hostname: 'terra.eecs.berkeley.edu' failed to resolve 'terra.eecs.berkeley.edu.google.internal' after 2 queries  (Thread[AWT-EventQueue-0,6,main])
Heartbeat: HeartBeat: pingMothership (Thread[AWT-EventQueue-0,6,main])
Heartbeat: Making an HTTP request. (Thread[AWT-EventQueue-0,6,main])
Heartbeat: Request problem: Unable to check in with server: Error: Search domain query failed. Original hostname: 'terra.eecs.berkeley.edu' failed to resolve 'terra.eecs.berkeley.edu.google.internal' after 2 queries  (Thread[AWT-EventQueue-0,6,main])
Heartbeat: HeartBeat: pingMothership (Thread[AWT-EventQueue-0,6,main])
Heartbeat: Making an HTTP request. (Thread[AWT-EventQueue-0,6,main])
Heartbeat: Request problem: Unable to check in with server: Error: Search domain query failed. Original hostname: 'terra.eecs.berkeley.edu' failed to resolve 'terra.eecs.berkeley.edu.google.internal' after 2 queries  (Thread[AWT-EventQueue-0,6,main])
Heartbeat: HeartBeat: pingMothership (Thread[AWT-EventQueue-0,6,main])
Heartbeat: Making an HTTP request. (Thread[AWT-EventQueue-0,6,main])
Heartbeat: Request problem: Unable to check in with server: Error: Search domain query failed. Original hostname: 'terra.eecs.berkeley.edu' failed to resolve 'terra.eecs.berkeley.edu.google.internal' after 2 queries  (Thread[AWT-EventQueue-0,6,main])
Heartbeat: HeartBeat: pingMothership (Thread[AWT-EventQueue-0,6,main])
Heartbeat: Making an HTTP request. (Thread[AWT-EventQueue-0,6,main])
Heartbeat: Request problem: Unable to check in with server: Error: Search domain query failed. Original hostname: 'terra.eecs.berkeley.edu' failed to resolve 'terra.eecs.berkeley.edu.google.internal' after 2 queries  (Thread[AWT-EventQueue-0,6,main])
Heartbeat: HeartBeat: pingMothership (Thread[AWT-EventQueue-0,6,main])
Heartbeat: Making an HTTP request. (Thread[AWT-EventQueue-0,6,main])
13048 ms. Memory: 2143744K Free: 1590114K (74%)
Exported /home/travis/build/icyphy/ptII/ptolemy/actor/lib/jjs/modules/discovery/demo/Heartbeat/Heartbeat/index.html
18957 ms. Memory: 2143744K Free: 1540894K (72%)
####### 31 Wed Dec 19 03:29:46 UTC 2018 $PTII/bin/ptinvoke ptolemy.vergil.basic.export.ExportModel -force htm  -openComposites -timeOut 30000 -whiteBackground ptolemy/actor/lib/jjs/modules/dsp/demo/AudioFFT/AudioFFT.xml $PTII/ptolemy/actor/lib/jjs/modules/dsp/demo/AudioFFT/AudioFFT
Warning: not running ptolemy/actor/lib/jjs/modules/dsp/demo/AudioFFT/AudioFFT.xml. See ptolemy/vergil/basic/export/test/junit/ExportModelJUnitTest.java
----------------- Wed Dec 19 03:29:46 UTC 2018 About to sleep for 5.0 seconds before running or rerunning.  Test is: /home/travis/build/icyphy/ptII/ptolemy/actor/lib/jjs/modules/dsp/demo/AudioFFT/AudioFFT.xml
Done sleeping
Exported /home/travis/build/icyphy/ptII/ptolemy/actor/lib/jjs/modules/dsp/demo/AudioFFT/AudioFFT/index.html
4892 ms. Memory: 2143744K Free: 1037998K (48%)
####### 32 Wed Dec 19 03:29:56 UTC 2018 $PTII/bin/ptinvoke ptolemy.vergil.basic.export.ExportModel -force htm -run -openComposites -timeOut 30000 -whiteBackground ptolemy/actor/lib/jjs/modules/dsp/demo/AudioFFT/SinusoidFFT.xml $PTII/ptolemy/actor/lib/jjs/modules/dsp/demo/AudioFFT/SinusoidFFT
----------------- Wed Dec 19 03:29:56 UTC 2018 About to sleep for 5.0 seconds before running or rerunning.  Test is: /home/travis/build/icyphy/ptII/ptolemy/actor/lib/jjs/modules/dsp/demo/AudioFFT/SinusoidFFT.xml
Done sleeping
Running .SinusoidFFT
3007 ms. Memory: 2176000K Free: 1863416K (86%)
Exported /home/travis/build/icyphy/ptII/ptolemy/actor/lib/jjs/modules/dsp/demo/AudioFFT/SinusoidFFT/index.html
8329 ms. Memory: 2176000K Free: 1765346K (81%)
####### 33 Wed Dec 19 03:30:09 UTC 2018 $PTII/bin/ptinvoke ptolemy.vergil.basic.export.ExportModel -force htm -run -openComposites -timeOut 30000 -whiteBackground ptolemy/actor/lib/jjs/modules/eventbus/demo/VertxBus/VertxBus.xml $PTII/ptolemy/actor/lib/jjs/modules/eventbus/demo/VertxBus/VertxBus
----------------- Wed Dec 19 03:30:09 UTC 2018 About to sleep for 5.0 seconds before running or rerunning.  Test is: /home/travis/build/icyphy/ptII/ptolemy/actor/lib/jjs/modules/eventbus/demo/VertxBus/VertxBus.xml
Done sleeping
Running .VertxBus
12161 ms. Memory: 2176000K Free: 955048K (44%)
Exported /home/travis/build/icyphy/ptII/ptolemy/actor/lib/jjs/modules/eventbus/demo/VertxBus/VertxBus/index.html
17580 ms. Memory: 2176000K Free: 930185K (43%)
####### 34 Wed Dec 19 03:30:32 UTC 2018 $PTII/bin/ptinvoke ptolemy.vergil.basic.export.ExportModel -force htm -run -openComposites -timeOut 30000 -whiteBackground ptolemy/actor/lib/jjs/modules/eventbus/demo/VertxChat/VertxChat.xml $PTII/ptolemy/actor/lib/jjs/modules/eventbus/demo/VertxChat/VertxChat
----------------- Wed Dec 19 03:30:32 UTC 2018 About to sleep for 5.0 seconds before running or rerunning.  Test is: /home/travis/build/icyphy/ptII/ptolemy/actor/lib/jjs/modules/eventbus/demo/VertxChat/VertxChat.xml
Done sleeping
.VertxChat.ThreadedComposite.InteractiveShell invoked SwingUtilities.invokeAndWait()
Model ".VertxChat" contains actors such cannot be run  as part of the export process from ExportModel or it has a WebExportParameters value that runBeforeExport set to false. To export run this model and export it, use vergil.
Exported /home/travis/build/icyphy/ptII/ptolemy/actor/lib/jjs/modules/eventbus/demo/VertxChat/VertxChat/index.html
5339 ms. Memory: 2175488K Free: 1625222K (75%)
####### 35 Wed Dec 19 03:30:42 UTC 2018 $PTII/bin/ptinvoke ptolemy.vergil.basic.export.ExportModel -force htm -run -openComposites -timeOut 30000 -whiteBackground ptolemy/actor/lib/jjs/modules/faceDetector/demo/FaceDetector/FaceDetector.xml $PTII/ptolemy/actor/lib/jjs/modules/faceDetector/demo/FaceDetector/FaceDetector
----------------- Wed Dec 19 03:30:42 UTC 2018 About to sleep for 5.0 seconds before running or rerunning.  Test is: /home/travis/build/icyphy/ptII/ptolemy/actor/lib/jjs/modules/faceDetector/demo/FaceDetector/FaceDetector.xml
Done sleeping
Running .FaceDetector
1367 ms. Memory: 2175488K Free: 1164539K (54%)
Exported /home/travis/build/icyphy/ptII/ptolemy/actor/lib/jjs/modules/faceDetector/demo/FaceDetector/FaceDetector/index.html
6207 ms. Memory: 2175488K Free: 1138446K (52%)
####### 36 Wed Dec 19 03:30:53 UTC 2018 $PTII/bin/ptinvoke ptolemy.vergil.basic.export.ExportModel -force htm -run -openComposites -timeOut 30000 -whiteBackground ptolemy/actor/lib/jjs/modules/faceDetector/demo/FaceDetectorCamera/FaceDetectorCamera.xml $PTII/ptolemy/actor/lib/jjs/modules/faceDetector/demo/FaceDetectorCamera/FaceDetectorCamera
----------------- Wed Dec 19 03:30:53 UTC 2018 About to sleep for 5.0 seconds before running or rerunning.  Test is: /home/travis/build/icyphy/ptII/ptolemy/actor/lib/jjs/modules/faceDetector/demo/FaceDetectorCamera/FaceDetectorCamera.xml
Done sleeping
Running .FaceDetectorCamera
ExportHTMLTimer went off after 30000 ms., calling getDirector().finish and getDirector().stopFire()
30171 ms. Memory: 2466816K Free: 857990K (35%)
Exported /home/travis/build/icyphy/ptII/ptolemy/actor/lib/jjs/modules/faceDetector/demo/FaceDetectorCamera/FaceDetectorCamera/index.html
35647 ms. Memory: 2466816K Free: 811169K (33%)
####### 37 Wed Dec 19 03:31:34 UTC 2018 $PTII/bin/ptinvoke ptolemy.vergil.basic.export.ExportModel -force htm -run -openComposites -timeOut 30000 -whiteBackground ptolemy/actor/lib/jjs/modules/faceDetector/demo/OccupancyCount/OccupancyCount.xml $PTII/ptolemy/actor/lib/jjs/modules/faceDetector/demo/OccupancyCount/OccupancyCount
----------------- Wed Dec 19 03:31:34 UTC 2018 About to sleep for 5.0 seconds before running or rerunning.  Test is: /home/travis/build/icyphy/ptII/ptolemy/actor/lib/jjs/modules/faceDetector/demo/OccupancyCount/OccupancyCount.xml
Done sleeping
Running .OccupancyCount
ExportHTMLTimer went off after 30000 ms., calling getDirector().finish and getDirector().stopFire()
30599 ms. Memory: 2451456K Free: 490598K (20%)
Exported /home/travis/build/icyphy/ptII/ptolemy/actor/lib/jjs/modules/faceDetector/demo/OccupancyCount/OccupancyCount/index.html
36108 ms. Memory: 2451456K Free: 467271K (19%)
####### 38 Wed Dec 19 03:32:15 UTC 2018 $PTII/bin/ptinvoke ptolemy.vergil.basic.export.ExportModel -force htm  -openComposites -timeOut 30000 -whiteBackground ptolemy/actor/lib/jjs/modules/httpClient/demo/REST/REST.xml $PTII/ptolemy/actor/lib/jjs/modules/httpClient/demo/REST/REST
Warning: not running ptolemy/actor/lib/jjs/modules/httpClient/demo/REST/REST.xml. See ptolemy/vergil/basic/export/test/junit/ExportModelJUnitTest.java
----------------- Wed Dec 19 03:32:15 UTC 2018 About to sleep for 5.0 seconds before running or rerunning.  Test is: /home/travis/build/icyphy/ptII/ptolemy/actor/lib/jjs/modules/httpClient/demo/REST/REST.xml
Done sleeping
Exported /home/travis/build/icyphy/ptII/ptolemy/actor/lib/jjs/modules/httpClient/demo/REST/REST/index.html
3281 ms. Memory: 2452992K Free: 1661102K (68%)
####### 39 Wed Dec 19 03:32:24 UTC 2018 $PTII/bin/ptinvoke ptolemy.vergil.basic.export.ExportModel -force htm -run -openComposites -timeOut 30000 -whiteBackground ptolemy/actor/lib/jjs/modules/httpClient/demo/REST/RESTSimple.xml $PTII/ptolemy/actor/lib/jjs/modules/httpClient/demo/REST/RESTSimple
----------------- Wed Dec 19 03:32:24 UTC 2018 About to sleep for 5.0 seconds before running or rerunning.  Test is: /home/travis/build/icyphy/ptII/ptolemy/actor/lib/jjs/modules/httpClient/demo/REST/RESTSimple.xml
Done sleeping
Running .RESTSimple
REST: Making an HTTP request. (Thread[AWT-EventQueue-0,6,main])
REST: Making an HTTP request. (Thread[AWT-EventQueue-0,6,main])
true
1939 ms. Memory: 2452992K Free: 1149322K (47%)
Exported /home/travis/build/icyphy/ptII/ptolemy/actor/lib/jjs/modules/httpClient/demo/REST/RESTSimple/index.html
6859 ms. Memory: 2452992K Free: 1128618K (46%)
####### 40 Wed Dec 19 03:32:35 UTC 2018 $PTII/bin/ptinvoke ptolemy.vergil.basic.export.ExportModel -force htm  -openComposites -timeOut 30000 -whiteBackground ptolemy/actor/lib/jjs/modules/httpClient/demo/REST/Weather.xml $PTII/ptolemy/actor/lib/jjs/modules/httpClient/demo/REST/Weather
Warning: not running ptolemy/actor/lib/jjs/modules/httpClient/demo/REST/Weather.xml. See ptolemy/vergil/basic/export/test/junit/ExportModelJUnitTest.java
----------------- Wed Dec 19 03:32:35 UTC 2018 About to sleep for 5.0 seconds before running or rerunning.  Test is: /home/travis/build/icyphy/ptII/ptolemy/actor/lib/jjs/modules/httpClient/demo/REST/Weather.xml
Done sleeping
Exported /home/travis/build/icyphy/ptII/ptolemy/actor/lib/jjs/modules/httpClient/demo/REST/Weather/index.html
5008 ms. Memory: 2452992K Free: 659585K (27%)
####### 41 Wed Dec 19 03:32:45 UTC 2018 $PTII/bin/ptinvoke ptolemy.vergil.basic.export.ExportModel -force htm -run -openComposites -timeOut 30000 -whiteBackground ptolemy/actor/lib/jjs/modules/httpServer/demo/HttpServer/HttpServer.xml $PTII/ptolemy/actor/lib/jjs/modules/httpServer/demo/HttpServer/HttpServer
----------------- Wed Dec 19 03:32:45 UTC 2018 About to sleep for 5.0 seconds before running or rerunning.  Test is: /home/travis/build/icyphy/ptII/ptolemy/actor/lib/jjs/modules/httpServer/demo/HttpServer/HttpServer.xml
Done sleeping
Running .HttpServer
JavaScript: Server is listening. (Thread[vert.x-eventloop-thread-1,6,main])
ExportHTMLTimer went off after 30000 ms., calling getDirector().finish and getDirector().stopFire()
30015 ms. Memory: 2467328K Free: 1507972K (61%)
Exported /home/travis/build/icyphy/ptII/ptolemy/actor/lib/jjs/modules/httpServer/demo/HttpServer/HttpServer/index.html
34828 ms. Memory: 2467328K Free: 1463304K (59%)
####### 42 Wed Dec 19 03:33:25 UTC 2018 $PTII/bin/ptinvoke ptolemy.vergil.basic.export.ExportModel -force htm -run -openComposites -timeOut 30000 -whiteBackground ptolemy/actor/lib/jjs/modules/httpServer/demo/KeyValueStoreClient/KeyValueStoreClient.xml $PTII/ptolemy/actor/lib/jjs/modules/httpServer/demo/KeyValueStoreClient/KeyValueStoreClient
----------------- Wed Dec 19 03:33:25 UTC 2018 About to sleep for 5.0 seconds before running or rerunning.  Test is: /home/travis/build/icyphy/ptII/ptolemy/actor/lib/jjs/modules/httpServer/demo/KeyValueStoreClient/KeyValueStoreClient.xml
Done sleeping
Running .KeyValueStoreClient
KeyValueStore: Making an HTTP request. (Thread[AWT-EventQueue-0,6,main])
KeyValueStore: Making an HTTP request. (Thread[AWT-EventQueue-0,6,main])
KeyValueStore: Making an HTTP request. (Thread[AWT-EventQueue-0,6,main])
KeyValueStore: Making an HTTP request. (Thread[AWT-EventQueue-0,6,main])
KeyValueStore: Making an HTTP request. (Thread[AWT-EventQueue-0,6,main])
KeyValueStore: Making an HTTP request. (Thread[AWT-EventQueue-0,6,main])
KeyValueStore: Making an HTTP request. (Thread[AWT-EventQueue-0,6,main])
KeyValueStore: Making an HTTP request. (Thread[AWT-EventQueue-0,6,main])
KeyValueStore: Making an HTTP request. (Thread[AWT-EventQueue-0,6,main])
KeyValueStore: Making an HTTP request. (Thread[AWT-EventQueue-0,6,main])
KeyValueStore: Making an HTTP request. (Thread[AWT-EventQueue-0,6,main])
KeyValueStore: Making an HTTP request. (Thread[AWT-EventQueue-0,6,main])
KeyValueStore: Making an HTTP request. (Thread[AWT-EventQueue-0,6,main])
KeyValueStore: Making an HTTP request. (Thread[AWT-EventQueue-0,6,main])
ExportHTMLTimer went off after 30000 ms., calling getDirector().finish and getDirector().stopFire()
30033 ms. Memory: 2433536K Free: 1494324K (61%)
Exported /home/travis/build/icyphy/ptII/ptolemy/actor/lib/jjs/modules/httpServer/demo/KeyValueStoreClient/KeyValueStoreClient/index.html
35941 ms. Memory: 2433536K Free: 1469088K (60%)
####### 43 Wed Dec 19 03:34:06 UTC 2018 $PTII/bin/ptinvoke ptolemy.vergil.basic.export.ExportModel -force htm -run -openComposites -timeOut 30000 -whiteBackground ptolemy/actor/lib/jjs/modules/httpServer/demo/KeyValueStoreClient/KeyValueStoreServer.xml $PTII/ptolemy/actor/lib/jjs/modules/httpServer/demo/KeyValueStoreClient/KeyValueStoreServer
----------------- Wed Dec 19 03:34:06 UTC 2018 About to sleep for 5.0 seconds before running or rerunning.  Test is: /home/travis/build/icyphy/ptII/ptolemy/actor/lib/jjs/modules/httpServer/demo/KeyValueStoreClient/KeyValueStoreServer.xml
Done sleeping
Running .KeyValueStoreServer
WebServer: WebServer: Creating new server. (Thread[AWT-EventQueue-0,6,main])
WebServer: WebServer: Listening for requests. (Thread[vert.x-eventloop-thread-0,6,main])
ExportHTMLTimer went off after 30000 ms., calling getDirector().finish and getDirector().stopFire()
WebServer: WebServer: Stopping the server. (Thread[AWT-EventQueue-0,6,main])
30074 ms. Memory: 2373120K Free: 279624K (12%)
Exported /home/travis/build/icyphy/ptII/ptolemy/actor/lib/jjs/modules/httpServer/demo/KeyValueStoreClient/KeyValueStoreServer/index.html
38455 ms. Memory: 2398720K Free: 1378910K (57%)
####### 44 Wed Dec 19 03:34:50 UTC 2018 $PTII/bin/ptinvoke ptolemy.vergil.basic.export.ExportModel -force htm -run -openComposites -timeOut 30000 -whiteBackground ptolemy/actor/lib/jjs/modules/httpServer/demo/KeyValueStoreClient/KeyValueStoreServerTerra.xml $PTII/ptolemy/actor/lib/jjs/modules/httpServer/demo/KeyValueStoreClient/KeyValueStoreServerTerra
----------------- Wed Dec 19 03:34:50 UTC 2018 About to sleep for 5.0 seconds before running or rerunning.  Test is: /home/travis/build/icyphy/ptII/ptolemy/actor/lib/jjs/modules/httpServer/demo/KeyValueStoreClient/KeyValueStoreServerTerra.xml
Done sleeping
Running .KeyValueStoreServerTerra
WebServer: WebServer: Creating new server. (Thread[AWT-EventQueue-0,6,main])
WebServer: WebServer: Listening for requests. (Thread[vert.x-eventloop-thread-1,6,main])
ExportHTMLTimer went off after 30000 ms., calling getDirector().finish and getDirector().stopFire()
WebServer: WebServer: Stopping the server. (Thread[AWT-EventQueue-0,6,main])
30074 ms. Memory: 2280960K Free: 1590324K (70%)
Exported /home/travis/build/icyphy/ptII/ptolemy/actor/lib/jjs/modules/httpServer/demo/KeyValueStoreClient/KeyValueStoreServerTerra/index.html
38394 ms. Memory: 2280960K Free: 1546737K (68%)
####### 45 Wed Dec 19 03:35:33 UTC 2018 $PTII/bin/ptinvoke ptolemy.vergil.basic.export.ExportModel -force htm -run -openComposites -timeOut 30000 -whiteBackground ptolemy/actor/lib/jjs/modules/httpServer/demo/WebServer/WebServer.xml $PTII/ptolemy/actor/lib/jjs/modules/httpServer/demo/WebServer/WebServer
----------------- Wed Dec 19 03:35:33 UTC 2018 About to sleep for 5.0 seconds before running or rerunning.  Test is: /home/travis/build/icyphy/ptII/ptolemy/actor/lib/jjs/modules/httpServer/demo/WebServer/WebServer.xml
Done sleeping
Running .WebServer
WebServer: WebServer: Creating new server. (Thread[AWT-EventQueue-0,6,main])
REST: Making an HTTP request. (Thread[AWT-EventQueue-0,6,main])
REST: Making an HTTP request. (Thread[AWT-EventQueue-0,6,main])
REST: Making an HTTP request. (Thread[AWT-EventQueue-0,6,main])
REST: Making an HTTP request. (Thread[AWT-EventQueue-0,6,main])
REST: Making an HTTP request. (Thread[AWT-EventQueue-0,6,main])
REST: Making an HTTP request. (Thread[AWT-EventQueue-0,6,main])
WebServer: WebServer: Stopping the server. (Thread[AWT-EventQueue-0,6,main])
25469 ms. Memory: 2396160K Free: 1142879K (48%)
Exported /home/travis/build/icyphy/ptII/ptolemy/actor/lib/jjs/modules/httpServer/demo/WebServer/WebServer/index.html
32401 ms. Memory: 2396160K Free: 1099277K (46%)
####### 46 Wed Dec 19 03:36:10 UTC 2018 $PTII/bin/ptinvoke ptolemy.vergil.basic.export.ExportModel -force htm -run -openComposites -timeOut 30000 -whiteBackground ptolemy/actor/lib/jjs/modules/imageFilters/demo/ImageAnnotate/ImageAnnotate.xml $PTII/ptolemy/actor/lib/jjs/modules/imageFilters/demo/ImageAnnotate/ImageAnnotate
----------------- Wed Dec 19 03:36:10 UTC 2018 About to sleep for 5.0 seconds before running or rerunning.  Test is: /home/travis/build/icyphy/ptII/ptolemy/actor/lib/jjs/modules/imageFilters/demo/ImageAnnotate/ImageAnnotate.xml
Done sleeping
Running .ImageAnnotate
ExportHTMLTimer went off after 30000 ms., calling getDirector().finish and getDirector().stopFire()
30085 ms. Memory: 2384384K Free: 576991K (24%)
Exported /home/travis/build/icyphy/ptII/ptolemy/actor/lib/jjs/modules/imageFilters/demo/ImageAnnotate/ImageAnnotate/index.html
36562 ms. Memory: 2384384K Free: 540219K (23%)
####### 47 Wed Dec 19 03:36:52 UTC 2018 $PTII/bin/ptinvoke ptolemy.vergil.basic.export.ExportModel -force htm -run -openComposites -timeOut 30000 -whiteBackground ptolemy/actor/lib/jjs/modules/imageFilters/demo/ImageFilters/Annotate.xml $PTII/ptolemy/actor/lib/jjs/modules/imageFilters/demo/ImageFilters/Annotate
----------------- Wed Dec 19 03:36:52 UTC 2018 About to sleep for 5.0 seconds before running or rerunning.  Test is: /home/travis/build/icyphy/ptII/ptolemy/actor/lib/jjs/modules/imageFilters/demo/ImageFilters/Annotate.xml
Done sleeping
Running .Annotate
ExportHTMLTimer went off after 30000 ms., calling getDirector().finish and getDirector().stopFire()
30054 ms. Memory: 2501632K Free: 906528K (36%)
Exported /home/travis/build/icyphy/ptII/ptolemy/actor/lib/jjs/modules/imageFilters/demo/ImageFilters/Annotate/index.html
37044 ms. Memory: 2501632K Free: 870640K (35%)
####### 48 Wed Dec 19 03:37:34 UTC 2018 $PTII/bin/ptinvoke ptolemy.vergil.basic.export.ExportModel -force htm -run -openComposites -timeOut 30000 -whiteBackground ptolemy/actor/lib/jjs/modules/imageFilters/demo/ImageFilters/Average.xml $PTII/ptolemy/actor/lib/jjs/modules/imageFilters/demo/ImageFilters/Average
----------------- Wed Dec 19 03:37:34 UTC 2018 About to sleep for 5.0 seconds before running or rerunning.  Test is: /home/travis/build/icyphy/ptII/ptolemy/actor/lib/jjs/modules/imageFilters/demo/ImageFilters/Average.xml
Done sleeping
Running .Average
ExportHTMLTimer went off after 30000 ms., calling getDirector().finish and getDirector().stopFire()
30057 ms. Memory: 2529792K Free: 1258017K (50%)
Exported /home/travis/build/icyphy/ptII/ptolemy/actor/lib/jjs/modules/imageFilters/demo/ImageFilters/Average/index.html
36340 ms. Memory: 2529792K Free: 1242222K (49%)
####### 49 Wed Dec 19 03:38:15 UTC 2018 $PTII/bin/ptinvoke ptolemy.vergil.basic.export.ExportModel -force htm -run -openComposites -timeOut 30000 -whiteBackground ptolemy/actor/lib/jjs/modules/imageFilters/demo/ImageFilters/BicubicScale.xml $PTII/ptolemy/actor/lib/jjs/modules/imageFilters/demo/ImageFilters/BicubicScale
----------------- Wed Dec 19 03:38:15 UTC 2018 About to sleep for 5.0 seconds before running or rerunning.  Test is: /home/travis/build/icyphy/ptII/ptolemy/actor/lib/jjs/modules/imageFilters/demo/ImageFilters/BicubicScale.xml
Done sleeping
Running .BicubicScale
ExportHTMLTimer went off after 30000 ms., calling getDirector().finish and getDirector().stopFire()
30050 ms. Memory: 2539008K Free: 387579K (15%)
Exported /home/travis/build/icyphy/ptII/ptolemy/actor/lib/jjs/modules/imageFilters/demo/ImageFilters/BicubicScale/index.html
36116 ms. Memory: 2539008K Free: 354766K (14%)
####### 50 Wed Dec 19 03:38:56 UTC 2018 $PTII/bin/ptinvoke ptolemy.vergil.basic.export.ExportModel -force htm -run -openComposites -timeOut 30000 -whiteBackground ptolemy/actor/lib/jjs/modules/imageFilters/demo/ImageFilters/Block.xml $PTII/ptolemy/actor/lib/jjs/modules/imageFilters/demo/ImageFilters/Block
----------------- Wed Dec 19 03:38:56 UTC 2018 About to sleep for 5.0 seconds before running or rerunning.  Test is: /home/travis/build/icyphy/ptII/ptolemy/actor/lib/jjs/modules/imageFilters/demo/ImageFilters/Block.xml
Done sleeping
Running .Block
ExportHTMLTimer went off after 30000 ms., calling getDirector().finish and getDirector().stopFire()
30812 ms. Memory: 2778112K Free: 1700211K (61%)
Exported /home/travis/build/icyphy/ptII/ptolemy/actor/lib/jjs/modules/imageFilters/demo/ImageFilters/Block/index.html
37131 ms. Memory: 2778112K Free: 1676014K (60%)
]]></system-out>
  <system-err><![CDATA[Could not find mediaLib accelerator wrapper classes. Continuing in pure Java mode.
Counted to 99
[AWT-EventQueue-0] INFO com.github.sarxos.webcam.Webcam - WebcamDefaultDriver capture driver will be used
[atomic-processor-1] INFO com.github.sarxos.webcam.ds.cgt.WebcamOpenTask - Opening webcam Dummy Webcam 0
[atomic-processor-1] INFO com.github.sarxos.webcam.ds.cgt.WebcamCloseTask - Closing Dummy Webcam 0
[atomic-processor-1] INFO com.github.sarxos.webcam.ds.cgt.WebcamOpenTask - Opening webcam Dummy Webcam 0
WARNING: Invoking send() too late (probably in a callback), so Camera is not able to send the token {type="class ptolemy.data.AWTImageToken", width="176", height="144"} to the output image. Token is discarded.
[atomic-processor-1] INFO com.github.sarxos.webcam.ds.cgt.WebcamCloseTask - Closing Dummy Webcam 0
[atomic-processor-1] INFO com.github.sarxos.webcam.ds.cgt.WebcamOpenTask - Opening webcam Dummy Webcam 0
[atomic-processor-1] INFO com.github.sarxos.webcam.ds.cgt.WebcamCloseTask - Closing Dummy Webcam 0
WARNING: TestSpontaneous: Model stopped before executing actions (e.g. producing outputs) scheduled for execution at times [20.1]
[atomic-processor-1] INFO com.github.sarxos.webcam.ds.cgt.WebcamOpenTask - Opening webcam Dummy Webcam 0
[atomic-processor-1] INFO com.github.sarxos.webcam.ds.cgt.WebcamCloseTask - Closing Dummy Webcam 0
[atomic-processor-1] INFO com.github.sarxos.webcam.ds.cgt.WebcamOpenTask - Opening webcam Dummy Webcam 0
WARNING: Invoking send() too late (probably in a callback), so WebSocketServer is not able to send the token {socketID = 0, status = "closed"} to the output connection. Token is discarded.
WARNING: Invoking send() too late (probably in a callback), so WebSocketServer is not able to send the token {socketID = 0, status = "closed"} to the output connection. Token is discarded.
[atomic-processor-1] INFO com.github.sarxos.webcam.ds.cgt.WebcamCloseTask - Closing Dummy Webcam 0
Foscam2: The timeout period of 5000ms has been exceeded.
HttpClientHelper.java: Received an error for request 0: io.netty.channel.ConnectTimeoutException: connection timed out: /10.0.0.46:80
io.netty.channel.ConnectTimeoutException: connection timed out: /10.0.0.46:80
	at io.netty.channel.nio.AbstractNioChannel$AbstractNioUnsafe$1.run(AbstractNioChannel.java:267)
	at io.netty.util.concurrent.PromiseTask$RunnableAdapter.call(PromiseTask.java:38)
	at io.netty.util.concurrent.ScheduledFutureTask.run(ScheduledFutureTask.java:125)
	at io.netty.util.concurrent.AbstractEventExecutor.safeExecute(AbstractEventExecutor.java:163)
	at io.netty.util.concurrent.SingleThreadEventExecutor.runAllTasks(SingleThreadEventExecutor.java:404)
	at io.netty.channel.nio.NioEventLoop.run(NioEventLoop.java:463)
	at io.netty.util.concurrent.SingleThreadEventExecutor$5.run(SingleThreadEventExecutor.java:886)
	at io.netty.util.concurrent.FastThreadLocalRunnable.run(FastThreadLocalRunnable.java:30)
	at java.lang.Thread.run(Thread.java:748)
Foscam2: Error: connection timed out: /10.0.0.46:80
WARNING: Foscam2: Model stopped before executing actions (e.g. producing outputs) scheduled for execution at times [10.0]
HttpClientHelper.java: Received an error for request 0: io.netty.channel.ConnectTimeoutException: connection timed out: /10.0.0.46:80
io.netty.channel.ConnectTimeoutException: connection timed out: /10.0.0.46:80
	at io.netty.channel.nio.AbstractNioChannel$AbstractNioUnsafe$1.run(AbstractNioChannel.java:267)
	at io.netty.util.concurrent.PromiseTask$RunnableAdapter.call(PromiseTask.java:38)
	at io.netty.util.concurrent.ScheduledFutureTask.run(ScheduledFutureTask.java:125)
	at io.netty.util.concurrent.AbstractEventExecutor.safeExecute(AbstractEventExecutor.java:163)
	at io.netty.util.concurrent.SingleThreadEventExecutor.runAllTasks(SingleThreadEventExecutor.java:404)
	at io.netty.channel.nio.NioEventLoop.run(NioEventLoop.java:463)
	at io.netty.util.concurrent.SingleThreadEventExecutor$5.run(SingleThreadEventExecutor.java:886)
	at io.netty.util.concurrent.FastThreadLocalRunnable.run(FastThreadLocalRunnable.java:30)
	at java.lang.Thread.run(Thread.java:748)
REST: The timeout period of 5000ms has been exceeded.
REST: The timeout period of 5000ms has been exceeded.
HttpClientHelper.java: Received an error for request 0: io.netty.resolver.dns.DnsNameResolverContext$SearchDomainUnknownHostException: Search domain query failed. Original hostname: 'terra.eecs.berkeley.edu' failed to resolve 'terra.eecs.berkeley.edu.google.internal' after 2 queries 
io.netty.resolver.dns.DnsNameResolverContext$SearchDomainUnknownHostException: Search domain query failed. Original hostname: 'terra.eecs.berkeley.edu' failed to resolve 'terra.eecs.berkeley.edu.google.internal' after 2 queries 
	at io.netty.resolver.dns.DnsNameResolverContext.finishResolve(DnsNameResolverContext.java:721)
	at io.netty.resolver.dns.DnsNameResolverContext.tryToFinishResolve(DnsNameResolverContext.java:663)
	at io.netty.resolver.dns.DnsNameResolverContext.query(DnsNameResolverContext.java:306)
	at io.netty.resolver.dns.DnsNameResolverContext.query(DnsNameResolverContext.java:295)
	at io.netty.resolver.dns.DnsNameResolverContext.tryToFinishResolve(DnsNameResolverContext.java:636)
	at io.netty.resolver.dns.DnsNameResolverContext$3.operationComplete(DnsNameResolverContext.java:342)
	at io.netty.util.concurrent.DefaultPromise.notifyListener0(DefaultPromise.java:507)
	at io.netty.util.concurrent.DefaultPromise.notifyListenersNow(DefaultPromise.java:481)
	at io.netty.util.concurrent.DefaultPromise.notifyListeners(DefaultPromise.java:420)
	at io.netty.util.concurrent.DefaultPromise.trySuccess(DefaultPromise.java:104)
	at io.netty.resolver.dns.DnsQueryContext.setSuccess(DnsQueryContext.java:197)
	at io.netty.resolver.dns.DnsQueryContext.finish(DnsQueryContext.java:180)
	at io.netty.resolver.dns.DnsNameResolver$DnsResponseHandler.channelRead(DnsNameResolver.java:965)
	at io.netty.channel.AbstractChannelHandlerContext.invokeChannelRead(AbstractChannelHandlerContext.java:362)
	at io.netty.channel.AbstractChannelHandlerContext.invokeChannelRead(AbstractChannelHandlerContext.java:348)
	at io.netty.channel.AbstractChannelHandlerContext.fireChannelRead(AbstractChannelHandlerContext.java:340)
	at io.netty.handler.codec.MessageToMessageDecoder.channelRead(MessageToMessageDecoder.java:102)
	at io.netty.channel.AbstractChannelHandlerContext.invokeChannelRead(AbstractChannelHandlerContext.java:362)
	at io.netty.channel.AbstractChannelHandlerContext.invokeChannelRead(AbstractChannelHandlerContext.java:348)
	at io.netty.channel.AbstractChannelHandlerContext.fireChannelRead(AbstractChannelHandlerContext.java:340)
	at io.netty.channel.DefaultChannelPipeline$HeadContext.channelRead(DefaultChannelPipeline.java:1359)
	at io.netty.channel.AbstractChannelHandlerContext.invokeChannelRead(AbstractChannelHandlerContext.java:362)
	at io.netty.channel.AbstractChannelHandlerContext.invokeChannelRead(AbstractChannelHandlerContext.java:348)
	at io.netty.channel.DefaultChannelPipeline.fireChannelRead(DefaultChannelPipeline.java:935)
	at io.netty.channel.nio.AbstractNioMessageChannel$NioMessageUnsafe.read(AbstractNioMessageChannel.java:93)
	at io.netty.channel.nio.NioEventLoop.processSelectedKey(NioEventLoop.java:645)
	at io.netty.channel.nio.NioEventLoop.processSelectedKeysOptimized(NioEventLoop.java:580)
	at io.netty.channel.nio.NioEventLoop.processSelectedKeys(NioEventLoop.java:497)
	at io.netty.channel.nio.NioEventLoop.run(NioEventLoop.java:459)
	at io.netty.util.concurrent.SingleThreadEventExecutor$5.run(SingleThreadEventExecutor.java:886)
	at io.netty.util.concurrent.FastThreadLocalRunnable.run(FastThreadLocalRunnable.java:30)
	at java.lang.Thread.run(Thread.java:748)
REST: Error: Search domain query failed. Original hostname: 'terra.eecs.berkeley.edu' failed to resolve 'terra.eecs.berkeley.edu.google.internal' after 2 queries 
HttpClientHelper.java: Received an error for request 0: io.netty.resolver.dns.DnsNameResolverContext$SearchDomainUnknownHostException: Search domain query failed. Original hostname: 'terra.eecs.berkeley.edu' failed to resolve 'terra.eecs.berkeley.edu.google.internal' after 2 queries 
io.netty.resolver.dns.DnsNameResolverContext$SearchDomainUnknownHostException: Search domain query failed. Original hostname: 'terra.eecs.berkeley.edu' failed to resolve 'terra.eecs.berkeley.edu.google.internal' after 2 queries 
	at io.netty.resolver.dns.DnsNameResolverContext.finishResolve(DnsNameResolverContext.java:721)
	at io.netty.resolver.dns.DnsNameResolverContext.tryToFinishResolve(DnsNameResolverContext.java:663)
	at io.netty.resolver.dns.DnsNameResolverContext.query(DnsNameResolverContext.java:306)
	at io.netty.resolver.dns.DnsNameResolverContext.query(DnsNameResolverContext.java:295)
	at io.netty.resolver.dns.DnsNameResolverContext.tryToFinishResolve(DnsNameResolverContext.java:636)
	at io.netty.resolver.dns.DnsNameResolverContext$3.operationComplete(DnsNameResolverContext.java:342)
	at io.netty.util.concurrent.DefaultPromise.notifyListener0(DefaultPromise.java:507)
	at io.netty.util.concurrent.DefaultPromise.notifyListenersNow(DefaultPromise.java:481)
	at io.netty.util.concurrent.DefaultPromise.notifyListeners(DefaultPromise.java:420)
	at io.netty.util.concurrent.DefaultPromise.trySuccess(DefaultPromise.java:104)
	at io.netty.resolver.dns.DnsQueryContext.setSuccess(DnsQueryContext.java:197)
	at io.netty.resolver.dns.DnsQueryContext.finish(DnsQueryContext.java:180)
	at io.netty.resolver.dns.DnsNameResolver$DnsResponseHandler.channelRead(DnsNameResolver.java:965)
	at io.netty.channel.AbstractChannelHandlerContext.invokeChannelRead(AbstractChannelHandlerContext.java:362)
	at io.netty.channel.AbstractChannelHandlerContext.invokeChannelRead(AbstractChannelHandlerContext.java:348)
	at io.netty.channel.AbstractChannelHandlerContext.fireChannelRead(AbstractChannelHandlerContext.java:340)
	at io.netty.handler.codec.MessageToMessageDecoder.channelRead(MessageToMessageDecoder.java:102)
	at io.netty.channel.AbstractChannelHandlerContext.invokeChannelRead(AbstractChannelHandlerContext.java:362)
	at io.netty.channel.AbstractChannelHandlerContext.invokeChannelRead(AbstractChannelHandlerContext.java:348)
	at io.netty.channel.AbstractChannelHandlerContext.fireChannelRead(AbstractChannelHandlerContext.java:340)
	at io.netty.channel.DefaultChannelPipeline$HeadContext.channelRead(DefaultChannelPipeline.java:1359)
	at io.netty.channel.AbstractChannelHandlerContext.invokeChannelRead(AbstractChannelHandlerContext.java:362)
	at io.netty.channel.AbstractChannelHandlerContext.invokeChannelRead(AbstractChannelHandlerContext.java:348)
	at io.netty.channel.DefaultChannelPipeline.fireChannelRead(DefaultChannelPipeline.java:935)
	at io.netty.channel.nio.AbstractNioMessageChannel$NioMessageUnsafe.read(AbstractNioMessageChannel.java:93)
	at io.netty.channel.nio.NioEventLoop.processSelectedKey(NioEventLoop.java:645)
	at io.netty.channel.nio.NioEventLoop.processSelectedKeysOptimized(NioEventLoop.java:580)
	at io.netty.channel.nio.NioEventLoop.processSelectedKeys(NioEventLoop.java:497)
	at io.netty.channel.nio.NioEventLoop.run(NioEventLoop.java:459)
	at io.netty.util.concurrent.SingleThreadEventExecutor$5.run(SingleThreadEventExecutor.java:886)
	at io.netty.util.concurrent.FastThreadLocalRunnable.run(FastThreadLocalRunnable.java:30)
	at java.lang.Thread.run(Thread.java:748)
HttpClientHelper.java: Received an error for request 1: io.netty.resolver.dns.DnsNameResolverContext$SearchDomainUnknownHostException: Search domain query failed. Original hostname: 'terra.eecs.berkeley.edu' failed to resolve 'terra.eecs.berkeley.edu.google.internal' after 2 queries 
io.netty.resolver.dns.DnsNameResolverContext$SearchDomainUnknownHostException: Search domain query failed. Original hostname: 'terra.eecs.berkeley.edu' failed to resolve 'terra.eecs.berkeley.edu.google.internal' after 2 queries 
	at io.netty.resolver.dns.DnsNameResolverContext.finishResolve(DnsNameResolverContext.java:721)
	at io.netty.resolver.dns.DnsNameResolverContext.tryToFinishResolve(DnsNameResolverContext.java:663)
	at io.netty.resolver.dns.DnsNameResolverContext.query(DnsNameResolverContext.java:306)
	at io.netty.resolver.dns.DnsNameResolverContext.query(DnsNameResolverContext.java:295)
	at io.netty.resolver.dns.DnsNameResolverContext.tryToFinishResolve(DnsNameResolverContext.java:636)
	at io.netty.resolver.dns.DnsNameResolverContext$3.operationComplete(DnsNameResolverContext.java:342)
	at io.netty.util.concurrent.DefaultPromise.notifyListener0(DefaultPromise.java:507)
	at io.netty.util.concurrent.DefaultPromise.notifyListenersNow(DefaultPromise.java:481)
	at io.netty.util.concurrent.DefaultPromise.notifyListeners(DefaultPromise.java:420)
	at io.netty.util.concurrent.DefaultPromise.trySuccess(DefaultPromise.java:104)
	at io.netty.resolver.dns.DnsQueryContext.setSuccess(DnsQueryContext.java:197)
	at io.netty.resolver.dns.DnsQueryContext.finish(DnsQueryContext.java:180)
	at io.netty.resolver.dns.DnsNameResolver$DnsResponseHandler.channelRead(DnsNameResolver.java:965)
	at io.netty.channel.AbstractChannelHandlerContext.invokeChannelRead(AbstractChannelHandlerContext.java:362)
	at io.netty.channel.AbstractChannelHandlerContext.invokeChannelRead(AbstractChannelHandlerContext.java:348)
	at io.netty.channel.AbstractChannelHandlerContext.fireChannelRead(AbstractChannelHandlerContext.java:340)
	at io.netty.handler.codec.MessageToMessageDecoder.channelRead(MessageToMessageDecoder.java:102)
	at io.netty.channel.AbstractChannelHandlerContext.invokeChannelRead(AbstractChannelHandlerContext.java:362)
	at io.netty.channel.AbstractChannelHandlerContext.invokeChannelRead(AbstractChannelHandlerContext.java:348)
	at io.netty.channel.AbstractChannelHandlerContext.fireChannelRead(AbstractChannelHandlerContext.java:340)
	at io.netty.channel.DefaultChannelPipeline$HeadContext.channelRead(DefaultChannelPipeline.java:1359)
	at io.netty.channel.AbstractChannelHandlerContext.invokeChannelRead(AbstractChannelHandlerContext.java:362)
	at io.netty.channel.AbstractChannelHandlerContext.invokeChannelRead(AbstractChannelHandlerContext.java:348)
	at io.netty.channel.DefaultChannelPipeline.fireChannelRead(DefaultChannelPipeline.java:935)
	at io.netty.channel.nio.AbstractNioMessageChannel$NioMessageUnsafe.read(AbstractNioMessageChannel.java:93)
	at io.netty.channel.nio.NioEventLoop.processSelectedKey(NioEventLoop.java:645)
	at io.netty.channel.nio.NioEventLoop.processSelectedKeysOptimized(NioEventLoop.java:580)
	at io.netty.channel.nio.NioEventLoop.processSelectedKeys(NioEventLoop.java:497)
	at io.netty.channel.nio.NioEventLoop.run(NioEventLoop.java:459)
	at io.netty.util.concurrent.SingleThreadEventExecutor$5.run(SingleThreadEventExecutor.java:886)
	at io.netty.util.concurrent.FastThreadLocalRunnable.run(FastThreadLocalRunnable.java:30)
	at java.lang.Thread.run(Thread.java:748)
HttpClientHelper.java: Received an error for request 2: io.netty.resolver.dns.DnsNameResolverContext$SearchDomainUnknownHostException: Search domain query failed. Original hostname: 'terra.eecs.berkeley.edu' failed to resolve 'terra.eecs.berkeley.edu.google.internal' after 2 queries 
io.netty.resolver.dns.DnsNameResolverContext$SearchDomainUnknownHostException: Search domain query failed. Original hostname: 'terra.eecs.berkeley.edu' failed to resolve 'terra.eecs.berkeley.edu.google.internal' after 2 queries 
	at io.netty.resolver.dns.DnsNameResolverContext.finishResolve(DnsNameResolverContext.java:721)
	at io.netty.resolver.dns.DnsNameResolverContext.tryToFinishResolve(DnsNameResolverContext.java:663)
	at io.netty.resolver.dns.DnsNameResolverContext.query(DnsNameResolverContext.java:306)
[...]
	at java.lang.Thread.run(Thread.java:748)
Caused by: java.net.ConnectException: Connection refused
	... 11 more
HttpClientHelper.java: Received an error for request 5: io.netty.channel.AbstractChannel$AnnotatedConnectException: Connection refused: localhost/127.0.0.1:8077
io.netty.channel.AbstractChannel$AnnotatedConnectException: Connection refused: localhost/127.0.0.1:8077
	at sun.nio.ch.SocketChannelImpl.checkConnect(Native Method)
	at sun.nio.ch.SocketChannelImpl.finishConnect(SocketChannelImpl.java:717)
	at io.netty.channel.socket.nio.NioSocketChannel.doFinishConnect(NioSocketChannel.java:325)
	at io.netty.channel.nio.AbstractNioChannel$AbstractNioUnsafe.finishConnect(AbstractNioChannel.java:340)
	at io.netty.channel.nio.NioEventLoop.processSelectedKey(NioEventLoop.java:633)
	at io.netty.channel.nio.NioEventLoop.processSelectedKeysOptimized(NioEventLoop.java:580)
	at io.netty.channel.nio.NioEventLoop.processSelectedKeys(NioEventLoop.java:497)
	at io.netty.channel.nio.NioEventLoop.run(NioEventLoop.java:459)
	at io.netty.util.concurrent.SingleThreadEventExecutor$5.run(SingleThreadEventExecutor.java:886)
	at io.netty.util.concurrent.FastThreadLocalRunnable.run(FastThreadLocalRunnable.java:30)
	at java.lang.Thread.run(Thread.java:748)
Caused by: java.net.ConnectException: Connection refused
	... 11 more
HttpClientHelper.java: Received an error for request 6: io.netty.channel.AbstractChannel$AnnotatedConnectException: Connection refused: localhost/127.0.0.1:8077
io.netty.channel.AbstractChannel$AnnotatedConnectException: Connection refused: localhost/127.0.0.1:8077
	at sun.nio.ch.SocketChannelImpl.checkConnect(Native Method)
	at sun.nio.ch.SocketChannelImpl.finishConnect(SocketChannelImpl.java:717)
	at io.netty.channel.socket.nio.NioSocketChannel.doFinishConnect(NioSocketChannel.java:325)
	at io.netty.channel.nio.AbstractNioChannel$AbstractNioUnsafe.finishConnect(AbstractNioChannel.java:340)
	at io.netty.channel.nio.NioEventLoop.processSelectedKey(NioEventLoop.java:633)
	at io.netty.channel.nio.NioEventLoop.processSelectedKeysOptimized(NioEventLoop.java:580)
	at io.netty.channel.nio.NioEventLoop.processSelectedKeys(NioEventLoop.java:497)
	at io.netty.channel.nio.NioEventLoop.run(NioEventLoop.java:459)
	at io.netty.util.concurrent.SingleThreadEventExecutor$5.run(SingleThreadEventExecutor.java:886)
	at io.netty.util.concurrent.FastThreadLocalRunnable.run(FastThreadLocalRunnable.java:30)
	at java.lang.Thread.run(Thread.java:748)
Caused by: java.net.ConnectException: Connection refused
	... 11 more
HttpClientHelper.java: Received an error for request 7: io.netty.channel.AbstractChannel$AnnotatedConnectException: Connection refused: localhost/127.0.0.1:8077
io.netty.channel.AbstractChannel$AnnotatedConnectException: Connection refused: localhost/127.0.0.1:8077
	at sun.nio.ch.SocketChannelImpl.checkConnect(Native Method)
	at sun.nio.ch.SocketChannelImpl.finishConnect(SocketChannelImpl.java:717)
	at io.netty.channel.socket.nio.NioSocketChannel.doFinishConnect(NioSocketChannel.java:325)
	at io.netty.channel.nio.AbstractNioChannel$AbstractNioUnsafe.finishConnect(AbstractNioChannel.java:340)
	at io.netty.channel.nio.NioEventLoop.processSelectedKey(NioEventLoop.java:633)
	at io.netty.channel.nio.NioEventLoop.processSelectedKeysOptimized(NioEventLoop.java:580)
	at io.netty.channel.nio.NioEventLoop.processSelectedKeys(NioEventLoop.java:497)
	at io.netty.channel.nio.NioEventLoop.run(NioEventLoop.java:459)
	at io.netty.util.concurrent.SingleThreadEventExecutor$5.run(SingleThreadEventExecutor.java:886)
	at io.netty.util.concurrent.FastThreadLocalRunnable.run(FastThreadLocalRunnable.java:30)
	at java.lang.Thread.run(Thread.java:748)
Caused by: java.net.ConnectException: Connection refused
	... 11 more
HttpClientHelper.java: Received an error for request 8: io.netty.channel.AbstractChannel$AnnotatedConnectException: Connection refused: localhost/127.0.0.1:8077
io.netty.channel.AbstractChannel$AnnotatedConnectException: Connection refused: localhost/127.0.0.1:8077
	at sun.nio.ch.SocketChannelImpl.checkConnect(Native Method)
	at sun.nio.ch.SocketChannelImpl.finishConnect(SocketChannelImpl.java:717)
	at io.netty.channel.socket.nio.NioSocketChannel.doFinishConnect(NioSocketChannel.java:325)
	at io.netty.channel.nio.AbstractNioChannel$AbstractNioUnsafe.finishConnect(AbstractNioChannel.java:340)
	at io.netty.channel.nio.NioEventLoop.processSelectedKey(NioEventLoop.java:633)
	at io.netty.channel.nio.NioEventLoop.processSelectedKeysOptimized(NioEventLoop.java:580)
	at io.netty.channel.nio.NioEventLoop.processSelectedKeys(NioEventLoop.java:497)
	at io.netty.channel.nio.NioEventLoop.run(NioEventLoop.java:459)
	at io.netty.util.concurrent.SingleThreadEventExecutor$5.run(SingleThreadEventExecutor.java:886)
	at io.netty.util.concurrent.FastThreadLocalRunnable.run(FastThreadLocalRunnable.java:30)
	at java.lang.Thread.run(Thread.java:748)
Caused by: java.net.ConnectException: Connection refused
	... 11 more
HttpClientHelper.java: Received an error for request 9: io.netty.channel.AbstractChannel$AnnotatedConnectException: Connection refused: localhost/127.0.0.1:8077
io.netty.channel.AbstractChannel$AnnotatedConnectException: Connection refused: localhost/127.0.0.1:8077
	at sun.nio.ch.SocketChannelImpl.checkConnect(Native Method)
	at sun.nio.ch.SocketChannelImpl.finishConnect(SocketChannelImpl.java:717)
	at io.netty.channel.socket.nio.NioSocketChannel.doFinishConnect(NioSocketChannel.java:325)
	at io.netty.channel.nio.AbstractNioChannel$AbstractNioUnsafe.finishConnect(AbstractNioChannel.java:340)
	at io.netty.channel.nio.NioEventLoop.processSelectedKey(NioEventLoop.java:633)
	at io.netty.channel.nio.NioEventLoop.processSelectedKeysOptimized(NioEventLoop.java:580)
	at io.netty.channel.nio.NioEventLoop.processSelectedKeys(NioEventLoop.java:497)
	at io.netty.channel.nio.NioEventLoop.run(NioEventLoop.java:459)
	at io.netty.util.concurrent.SingleThreadEventExecutor$5.run(SingleThreadEventExecutor.java:886)
	at io.netty.util.concurrent.FastThreadLocalRunnable.run(FastThreadLocalRunnable.java:30)
	at java.lang.Thread.run(Thread.java:748)
Caused by: java.net.ConnectException: Connection refused
	... 11 more
HttpClientHelper.java: Received an error for request 10: io.netty.channel.AbstractChannel$AnnotatedConnectException: Connection refused: localhost/127.0.0.1:8077
io.netty.channel.AbstractChannel$AnnotatedConnectException: Connection refused: localhost/127.0.0.1:8077
	at sun.nio.ch.SocketChannelImpl.checkConnect(Native Method)
	at sun.nio.ch.SocketChannelImpl.finishConnect(SocketChannelImpl.java:717)
	at io.netty.channel.socket.nio.NioSocketChannel.doFinishConnect(NioSocketChannel.java:325)
	at io.netty.channel.nio.AbstractNioChannel$AbstractNioUnsafe.finishConnect(AbstractNioChannel.java:340)
	at io.netty.channel.nio.NioEventLoop.processSelectedKey(NioEventLoop.java:633)
	at io.netty.channel.nio.NioEventLoop.processSelectedKeysOptimized(NioEventLoop.java:580)
	at io.netty.channel.nio.NioEventLoop.processSelectedKeys(NioEventLoop.java:497)
	at io.netty.channel.nio.NioEventLoop.run(NioEventLoop.java:459)
	at io.netty.util.concurrent.SingleThreadEventExecutor$5.run(SingleThreadEventExecutor.java:886)
	at io.netty.util.concurrent.FastThreadLocalRunnable.run(FastThreadLocalRunnable.java:30)
	at java.lang.Thread.run(Thread.java:748)
Caused by: java.net.ConnectException: Connection refused
	... 11 more
HttpClientHelper.java: Received an error for request 11: io.netty.channel.AbstractChannel$AnnotatedConnectException: Connection refused: localhost/127.0.0.1:8077
io.netty.channel.AbstractChannel$AnnotatedConnectException: Connection refused: localhost/127.0.0.1:8077
	at sun.nio.ch.SocketChannelImpl.checkConnect(Native Method)
	at sun.nio.ch.SocketChannelImpl.finishConnect(SocketChannelImpl.java:717)
	at io.netty.channel.socket.nio.NioSocketChannel.doFinishConnect(NioSocketChannel.java:325)
	at io.netty.channel.nio.AbstractNioChannel$AbstractNioUnsafe.finishConnect(AbstractNioChannel.java:340)
	at io.netty.channel.nio.NioEventLoop.processSelectedKey(NioEventLoop.java:633)
	at io.netty.channel.nio.NioEventLoop.processSelectedKeysOptimized(NioEventLoop.java:580)
	at io.netty.channel.nio.NioEventLoop.processSelectedKeys(NioEventLoop.java:497)
	at io.netty.channel.nio.NioEventLoop.run(NioEventLoop.java:459)
	at io.netty.util.concurrent.SingleThreadEventExecutor$5.run(SingleThreadEventExecutor.java:886)
	at io.netty.util.concurrent.FastThreadLocalRunnable.run(FastThreadLocalRunnable.java:30)
	at java.lang.Thread.run(Thread.java:748)
Caused by: java.net.ConnectException: Connection refused
	... 11 more
HttpClientHelper.java: Received an error for request 12: io.netty.channel.AbstractChannel$AnnotatedConnectException: Connection refused: localhost/127.0.0.1:8077
io.netty.channel.AbstractChannel$AnnotatedConnectException: Connection refused: localhost/127.0.0.1:8077
	at sun.nio.ch.SocketChannelImpl.checkConnect(Native Method)
	at sun.nio.ch.SocketChannelImpl.finishConnect(SocketChannelImpl.java:717)
	at io.netty.channel.socket.nio.NioSocketChannel.doFinishConnect(NioSocketChannel.java:325)
	at io.netty.channel.nio.AbstractNioChannel$AbstractNioUnsafe.finishConnect(AbstractNioChannel.java:340)
	at io.netty.channel.nio.NioEventLoop.processSelectedKey(NioEventLoop.java:633)
	at io.netty.channel.nio.NioEventLoop.processSelectedKeysOptimized(NioEventLoop.java:580)
	at io.netty.channel.nio.NioEventLoop.processSelectedKeys(NioEventLoop.java:497)
	at io.netty.channel.nio.NioEventLoop.run(NioEventLoop.java:459)
	at io.netty.util.concurrent.SingleThreadEventExecutor$5.run(SingleThreadEventExecutor.java:886)
	at io.netty.util.concurrent.FastThreadLocalRunnable.run(FastThreadLocalRunnable.java:30)
	at java.lang.Thread.run(Thread.java:748)
Caused by: java.net.ConnectException: Connection refused
	... 11 more
HttpClientHelper.java: Received an error for request 13: io.netty.channel.AbstractChannel$AnnotatedConnectException: Connection refused: localhost/127.0.0.1:8077
io.netty.channel.AbstractChannel$AnnotatedConnectException: Connection refused: localhost/127.0.0.1:8077
	at sun.nio.ch.SocketChannelImpl.checkConnect(Native Method)
	at sun.nio.ch.SocketChannelImpl.finishConnect(SocketChannelImpl.java:717)
	at io.netty.channel.socket.nio.NioSocketChannel.doFinishConnect(NioSocketChannel.java:325)
	at io.netty.channel.nio.AbstractNioChannel$AbstractNioUnsafe.finishConnect(AbstractNioChannel.java:340)
	at io.netty.channel.nio.NioEventLoop.processSelectedKey(NioEventLoop.java:633)
	at io.netty.channel.nio.NioEventLoop.processSelectedKeysOptimized(NioEventLoop.java:580)
	at io.netty.channel.nio.NioEventLoop.processSelectedKeys(NioEventLoop.java:497)
	at io.netty.channel.nio.NioEventLoop.run(NioEventLoop.java:459)
	at io.netty.util.concurrent.SingleThreadEventExecutor$5.run(SingleThreadEventExecutor.java:886)
	at io.netty.util.concurrent.FastThreadLocalRunnable.run(FastThreadLocalRunnable.java:30)
	at java.lang.Thread.run(Thread.java:748)
Caused by: java.net.ConnectException: Connection refused
	... 11 more
WARNING: Clock: Model stopped before executing actions (e.g. producing outputs) scheduled for execution at times [28.0]
HttpClientHelper.java: Received an error for request 0: io.netty.channel.AbstractChannel$AnnotatedConnectException: Connection refused: localhost/127.0.0.1:8180
io.netty.channel.AbstractChannel$AnnotatedConnectException: Connection refused: localhost/127.0.0.1:8180
	at sun.nio.ch.SocketChannelImpl.checkConnect(Native Method)
	at sun.nio.ch.SocketChannelImpl.finishConnect(SocketChannelImpl.java:717)
	at io.netty.channel.socket.nio.NioSocketChannel.doFinishConnect(NioSocketChannel.java:325)
	at io.netty.channel.nio.AbstractNioChannel$AbstractNioUnsafe.finishConnect(AbstractNioChannel.java:340)
	at io.netty.channel.nio.NioEventLoop.processSelectedKey(NioEventLoop.java:633)
	at io.netty.channel.nio.NioEventLoop.processSelectedKeysOptimized(NioEventLoop.java:580)
	at io.netty.channel.nio.NioEventLoop.processSelectedKeys(NioEventLoop.java:497)
	at io.netty.channel.nio.NioEventLoop.run(NioEventLoop.java:459)
	at io.netty.util.concurrent.SingleThreadEventExecutor$5.run(SingleThreadEventExecutor.java:886)
	at io.netty.util.concurrent.FastThreadLocalRunnable.run(FastThreadLocalRunnable.java:30)
	at java.lang.Thread.run(Thread.java:748)
Caused by: java.net.ConnectException: Connection refused
	... 11 more
HttpClientHelper.java: Received an error for request 1: io.netty.channel.AbstractChannel$AnnotatedConnectException: Connection refused: localhost/127.0.0.1:8180
io.netty.channel.AbstractChannel$AnnotatedConnectException: Connection refused: localhost/127.0.0.1:8180
	at sun.nio.ch.SocketChannelImpl.checkConnect(Native Method)
	at sun.nio.ch.SocketChannelImpl.finishConnect(SocketChannelImpl.java:717)
	at io.netty.channel.socket.nio.NioSocketChannel.doFinishConnect(NioSocketChannel.java:325)
	at io.netty.channel.nio.AbstractNioChannel$AbstractNioUnsafe.finishConnect(AbstractNioChannel.java:340)
	at io.netty.channel.nio.NioEventLoop.processSelectedKey(NioEventLoop.java:633)
	at io.netty.channel.nio.NioEventLoop.processSelectedKeysOptimized(NioEventLoop.java:580)
	at io.netty.channel.nio.NioEventLoop.processSelectedKeys(NioEventLoop.java:497)
	at io.netty.channel.nio.NioEventLoop.run(NioEventLoop.java:459)
	at io.netty.util.concurrent.SingleThreadEventExecutor$5.run(SingleThreadEventExecutor.java:886)
	at io.netty.util.concurrent.FastThreadLocalRunnable.run(FastThreadLocalRunnable.java:30)
	at java.lang.Thread.run(Thread.java:748)
Caused by: java.net.ConnectException: Connection refused
	... 11 more
HttpClientHelper.java: Received an error for request 2: io.netty.channel.AbstractChannel$AnnotatedConnectException: Connection refused: localhost/127.0.0.1:8180
io.netty.channel.AbstractChannel$AnnotatedConnectException: Connection refused: localhost/127.0.0.1:8180
	at sun.nio.ch.SocketChannelImpl.checkConnect(Native Method)
	at sun.nio.ch.SocketChannelImpl.finishConnect(SocketChannelImpl.java:717)
	at io.netty.channel.socket.nio.NioSocketChannel.doFinishConnect(NioSocketChannel.java:325)
	at io.netty.channel.nio.AbstractNioChannel$AbstractNioUnsafe.finishConnect(AbstractNioChannel.java:340)
	at io.netty.channel.nio.NioEventLoop.processSelectedKey(NioEventLoop.java:633)
	at io.netty.channel.nio.NioEventLoop.processSelectedKeysOptimized(NioEventLoop.java:580)
	at io.netty.channel.nio.NioEventLoop.processSelectedKeys(NioEventLoop.java:497)
	at io.netty.channel.nio.NioEventLoop.run(NioEventLoop.java:459)
	at io.netty.util.concurrent.SingleThreadEventExecutor$5.run(SingleThreadEventExecutor.java:886)
	at io.netty.util.concurrent.FastThreadLocalRunnable.run(FastThreadLocalRunnable.java:30)
	at java.lang.Thread.run(Thread.java:748)
Caused by: java.net.ConnectException: Connection refused
	... 11 more
HttpClientHelper.java: Received an error for request 3: io.netty.channel.AbstractChannel$AnnotatedConnectException: Connection refused: localhost/127.0.0.1:8180
io.netty.channel.AbstractChannel$AnnotatedConnectException: Connection refused: localhost/127.0.0.1:8180
	at sun.nio.ch.SocketChannelImpl.checkConnect(Native Method)
	at sun.nio.ch.SocketChannelImpl.finishConnect(SocketChannelImpl.java:717)
	at io.netty.channel.socket.nio.NioSocketChannel.doFinishConnect(NioSocketChannel.java:325)
	at io.netty.channel.nio.AbstractNioChannel$AbstractNioUnsafe.finishConnect(AbstractNioChannel.java:340)
	at io.netty.channel.nio.NioEventLoop.processSelectedKey(NioEventLoop.java:633)
	at io.netty.channel.nio.NioEventLoop.processSelectedKeysOptimized(NioEventLoop.java:580)
	at io.netty.channel.nio.NioEventLoop.processSelectedKeys(NioEventLoop.java:497)
	at io.netty.channel.nio.NioEventLoop.run(NioEventLoop.java:459)
	at io.netty.util.concurrent.SingleThreadEventExecutor$5.run(SingleThreadEventExecutor.java:886)
	at io.netty.util.concurrent.FastThreadLocalRunnable.run(FastThreadLocalRunnable.java:30)
	at java.lang.Thread.run(Thread.java:748)
Caused by: java.net.ConnectException: Connection refused
	... 11 more
HttpClientHelper.java: Received an error for request 4: io.netty.channel.AbstractChannel$AnnotatedConnectException: Connection refused: localhost/127.0.0.1:8180
io.netty.channel.AbstractChannel$AnnotatedConnectException: Connection refused: localhost/127.0.0.1:8180
	at sun.nio.ch.SocketChannelImpl.checkConnect(Native Method)
	at sun.nio.ch.SocketChannelImpl.finishConnect(SocketChannelImpl.java:717)
	at io.netty.channel.socket.nio.NioSocketChannel.doFinishConnect(NioSocketChannel.java:325)
	at io.netty.channel.nio.AbstractNioChannel$AbstractNioUnsafe.finishConnect(AbstractNioChannel.java:340)
	at io.netty.channel.nio.NioEventLoop.processSelectedKey(NioEventLoop.java:633)
	at io.netty.channel.nio.NioEventLoop.processSelectedKeysOptimized(NioEventLoop.java:580)
	at io.netty.channel.nio.NioEventLoop.processSelectedKeys(NioEventLoop.java:497)
	at io.netty.channel.nio.NioEventLoop.run(NioEventLoop.java:459)
	at io.netty.util.concurrent.SingleThreadEventExecutor$5.run(SingleThreadEventExecutor.java:886)
	at io.netty.util.concurrent.FastThreadLocalRunnable.run(FastThreadLocalRunnable.java:30)
	at java.lang.Thread.run(Thread.java:748)
Caused by: java.net.ConnectException: Connection refused
	... 11 more
HttpClientHelper.java: Received an error for request 5: io.netty.channel.AbstractChannel$AnnotatedConnectException: Connection refused: localhost/127.0.0.1:8180
io.netty.channel.AbstractChannel$AnnotatedConnectException: Connection refused: localhost/127.0.0.1:8180
	at sun.nio.ch.SocketChannelImpl.checkConnect(Native Method)
	at sun.nio.ch.SocketChannelImpl.finishConnect(SocketChannelImpl.java:717)
	at io.netty.channel.socket.nio.NioSocketChannel.doFinishConnect(NioSocketChannel.java:325)
	at io.netty.channel.nio.AbstractNioChannel$AbstractNioUnsafe.finishConnect(AbstractNioChannel.java:340)
	at io.netty.channel.nio.NioEventLoop.processSelectedKey(NioEventLoop.java:633)
	at io.netty.channel.nio.NioEventLoop.processSelectedKeysOptimized(NioEventLoop.java:580)
	at io.netty.channel.nio.NioEventLoop.processSelectedKeys(NioEventLoop.java:497)
	at io.netty.channel.nio.NioEventLoop.run(NioEventLoop.java:459)
	at io.netty.util.concurrent.SingleThreadEventExecutor$5.run(SingleThreadEventExecutor.java:886)
	at io.netty.util.concurrent.FastThreadLocalRunnable.run(FastThreadLocalRunnable.java:30)
	at java.lang.Thread.run(Thread.java:748)
Caused by: java.net.ConnectException: Connection refused
	... 11 more
WARNING: REST: Model stopped before executing actions (e.g. producing outputs) scheduled for execution at times [23.0]
WARNING: TestSpontaneous: Model stopped before executing actions (e.g. producing outputs) scheduled for execution at times [21.0]
[atomic-processor-1] INFO com.github.sarxos.webcam.ds.cgt.WebcamOpenTask - Opening webcam Dummy Webcam 0
[atomic-processor-1] INFO com.github.sarxos.webcam.ds.cgt.WebcamCloseTask - Closing Dummy Webcam 0
[atomic-processor-1] INFO com.github.sarxos.webcam.ds.cgt.WebcamOpenTask - Opening webcam Dummy Webcam 0
[atomic-processor-1] INFO com.github.sarxos.webcam.ds.cgt.WebcamCloseTask - Closing Dummy Webcam 0
[atomic-processor-1] INFO com.github.sarxos.webcam.ds.cgt.WebcamOpenTask - Opening webcam Dummy Webcam 0
[atomic-processor-1] INFO com.github.sarxos.webcam.ds.cgt.WebcamCloseTask - Closing Dummy Webcam 0
[atomic-processor-1] INFO com.github.sarxos.webcam.ds.cgt.WebcamOpenTask - Opening webcam Dummy Webcam 0
[atomic-processor-1] INFO com.github.sarxos.webcam.ds.cgt.WebcamCloseTask - Closing Dummy Webcam 0
[atomic-processor-1] INFO com.github.sarxos.webcam.ds.cgt.WebcamOpenTask - Opening webcam Dummy Webcam 0
WARNING: Invoking send() too late (probably in a callback), so Camera is not able to send the token {type="class ptolemy.data.AWTImageToken", width="640", height="480"} to the output image. Token is discarded.
[atomic-processor-1] INFO com.github.sarxos.webcam.ds.cgt.WebcamCloseTask - Closing Dummy Webcam 0
]]></system-err>
</testsuite>
