<?xml version="1.0" encoding="UTF-8" ?>
<testsuite errors="0" failures="0" hostname="travis-job-3388108e-839d-4a0f-bf93-a79683e20918" name="ptolemy.domains.de.test.junit.JUnitTclTest" skipped="0" tests="101" time="131.684" timestamp="2019-11-25T06:17:50">
  <properties>
[...]
</properties>
  <testcase classname="ptolemy.util.test.junit.TclTests" name="[0] /home/travis/build/icyphy/ptII/ptolemy/domains/de/test/DependencyLoop.tcl (RunTclFile)" time="1.137" />
  <testcase classname="ptolemy.util.test.junit.TclTests" name="[1] /home/travis/build/icyphy/ptII/ptolemy/domains/de/test/RunDETestsAsQSS.tcl (RunTclFile)" time="89.196" />
  <testcase classname="ptolemy.util.test.junit.AutoKnownFailedTests" name="[0] /home/travis/build/icyphy/ptII/ptolemy/domains/de/test/auto/knownFailedTests/DESDFClockTest.xml (RunModel)" time="2.058" />
  <testcase classname="ptolemy.util.test.junit.AutoKnownFailedTests" name="[1] /home/travis/build/icyphy/ptII/ptolemy/domains/de/test/auto/knownFailedTests/DirectFeedback.xml (RunModel)" time="0.012" />
  <testcase classname="ptolemy.util.test.junit.AutoKnownFailedTests" name="[2] /home/travis/build/icyphy/ptII/ptolemy/domains/de/test/auto/knownFailedTests/FSMSource.xml (RunModel)" time="0.028" />
  <testcase classname="ptolemy.util.test.junit.AutoKnownFailedTests" name="[3] /home/travis/build/icyphy/ptII/ptolemy/domains/de/test/auto/knownFailedTests/HierarchicalModel.xml (RunModel)" time="0.055" />
  <testcase classname="ptolemy.util.test.junit.AutoKnownFailedTests" name="[4] /home/travis/build/icyphy/ptII/ptolemy/domains/de/test/auto/knownFailedTests/dependencyLoop.xml (RunModel)" time="0.045" />
  <testcase classname="ptolemy.util.test.junit.AutoKnownFailedTests" name="[5] /home/travis/build/icyphy/ptII/ptolemy/domains/de/test/auto/knownFailedTests/dependencyLoop2.xml (RunModel)" time="0.046" />
  <testcase classname="ptolemy.util.test.junit.AutoNameArchTests" name="[0] ThereAreNoAutoArchTests (RunModel)" time="0.001" />
  <testcase classname="ptolemy.util.test.junit.AutoTests" name="[0] /home/travis/build/icyphy/ptII/ptolemy/domains/de/test/auto/ActorDepthCalculation_actorWithoutPorts.xml (RunModel)" time="0.021" />
  <testcase classname="ptolemy.util.test.junit.AutoTests" name="[1] /home/travis/build/icyphy/ptII/ptolemy/domains/de/test/auto/AssemblyLine.xml (RunModel)" time="0.029" />
  <testcase classname="ptolemy.util.test.junit.AutoTests" name="[2] /home/travis/build/icyphy/ptII/ptolemy/domains/de/test/auto/CQBug1.xml (RunModel)" time="0.016" />
  <testcase classname="ptolemy.util.test.junit.AutoTests" name="[3] /home/travis/build/icyphy/ptII/ptolemy/domains/de/test/auto/CancelFireAt.xml (RunModel)" time="0.019" />
  <testcase classname="ptolemy.util.test.junit.AutoTests" name="[4] /home/travis/build/icyphy/ptII/ptolemy/domains/de/test/auto/CausalityAndComposabilityAnalysis.xml (RunModel)" time="0.011" />
  <testcase classname="ptolemy.util.test.junit.AutoTests" name="[5] /home/travis/build/icyphy/ptII/ptolemy/domains/de/test/auto/CausalityInterface1.xml (RunModel)" time="0.012" />
  <testcase classname="ptolemy.util.test.junit.AutoTests" name="[6] /home/travis/build/icyphy/ptII/ptolemy/domains/de/test/auto/CausalityInterface15.xml (RunModel)" time="0.013" />
  <testcase classname="ptolemy.util.test.junit.AutoTests" name="[7] /home/travis/build/icyphy/ptII/ptolemy/domains/de/test/auto/CausalityInterface2.xml (RunModel)" time="0.014" />
  <testcase classname="ptolemy.util.test.junit.AutoTests" name="[8] /home/travis/build/icyphy/ptII/ptolemy/domains/de/test/auto/CausalityInterface3.xml (RunModel)" time="0.014" />
  <testcase classname="ptolemy.util.test.junit.AutoTests" name="[9] /home/travis/build/icyphy/ptII/ptolemy/domains/de/test/auto/ClockDrift.xml (RunModel)" time="0.036" />
  <testcase classname="ptolemy.util.test.junit.AutoTests" name="[10] /home/travis/build/icyphy/ptII/ptolemy/domains/de/test/auto/ClockDriftAndValueChange.xml (RunModel)" time="0.034" />
  <testcase classname="ptolemy.util.test.junit.AutoTests" name="[11] /home/travis/build/icyphy/ptII/ptolemy/domains/de/test/auto/ClockDriftChange.xml (RunModel)" time="0.032" />
  <testcase classname="ptolemy.util.test.junit.AutoTests" name="[12] /home/travis/build/icyphy/ptII/ptolemy/domains/de/test/auto/ComposableCausalityAnalysis.xml (RunModel)" time="0.017" />
  <testcase classname="ptolemy.util.test.junit.AutoTests" name="[13] /home/travis/build/icyphy/ptII/ptolemy/domains/de/test/auto/DEFixedPointLimitation.xml (RunModel)" time="0.011" />
  <testcase classname="ptolemy.util.test.junit.AutoTests" name="[14] /home/travis/build/icyphy/ptII/ptolemy/domains/de/test/auto/DEScheduleTest.xml (RunModel)" time="0.012" />
  <testcase classname="ptolemy.util.test.junit.AutoTests" name="[15] /home/travis/build/icyphy/ptII/ptolemy/domains/de/test/auto/DEinDEwithStartTimes.xml (RunModel)" time="0.016" />
  <testcase classname="ptolemy.util.test.junit.AutoTests" name="[16] /home/travis/build/icyphy/ptII/ptolemy/domains/de/test/auto/DEinDEwithStartTimes2.xml (RunModel)" time="0.016" />
  <testcase classname="ptolemy.util.test.junit.AutoTests" name="[17] /home/travis/build/icyphy/ptII/ptolemy/domains/de/test/auto/DateDemo.xml (RunModel)" time="0.032" />
  <testcase classname="ptolemy.util.test.junit.AutoTests" name="[18] /home/travis/build/icyphy/ptII/ptolemy/domains/de/test/auto/DateToEvent.xml (RunModel)" time="2.042" />
  <testcase classname="ptolemy.util.test.junit.AutoTests" name="[19] /home/travis/build/icyphy/ptII/ptolemy/domains/de/test/auto/DepthTest1.xml (RunModel)" time="0.007" />
  <testcase classname="ptolemy.util.test.junit.AutoTests" name="[20] /home/travis/build/icyphy/ptII/ptolemy/domains/de/test/auto/DepthTest2.xml (RunModel)" time="0.02" />
  <testcase classname="ptolemy.util.test.junit.AutoTests" name="[21] /home/travis/build/icyphy/ptII/ptolemy/domains/de/test/auto/DepthTest3.xml (RunModel)" time="0.009" />
  <testcase classname="ptolemy.util.test.junit.AutoTests" name="[22] /home/travis/build/icyphy/ptII/ptolemy/domains/de/test/auto/DepthTest4.xml (RunModel)" time="0.03" />
  <testcase classname="ptolemy.util.test.junit.AutoTests" name="[23] /home/travis/build/icyphy/ptII/ptolemy/domains/de/test/auto/DepthTest5.xml (RunModel)" time="0.022" />
  <testcase classname="ptolemy.util.test.junit.AutoTests" name="[24] /home/travis/build/icyphy/ptII/ptolemy/domains/de/test/auto/DepthTest6.xml (RunModel)" time="0.012" />
  <testcase classname="ptolemy.util.test.junit.AutoTests" name="[25] /home/travis/build/icyphy/ptII/ptolemy/domains/de/test/auto/DepthTest7.xml (RunModel)" time="0.015" />
  <testcase classname="ptolemy.util.test.junit.AutoTests" name="[26] /home/travis/build/icyphy/ptII/ptolemy/domains/de/test/auto/EventToDate.xml (RunModel)" time="3.048" />
  <testcase classname="ptolemy.util.test.junit.AutoTests" name="[27] /home/travis/build/icyphy/ptII/ptolemy/domains/de/test/auto/FSM1.xml (RunModel)" time="0.055" />
  <testcase classname="ptolemy.util.test.junit.AutoTests" name="[28] /home/travis/build/icyphy/ptII/ptolemy/domains/de/test/auto/FSM7.xml (RunModel)" time="0.045" />
  <testcase classname="ptolemy.util.test.junit.AutoTests" name="[29] /home/travis/build/icyphy/ptII/ptolemy/domains/de/test/auto/Inspection.xml (RunModel)" time="0.046" />
  <testcase classname="ptolemy.util.test.junit.AutoTests" name="[30] /home/travis/build/icyphy/ptII/ptolemy/domains/de/test/auto/Iteration.xml (RunModel)" time="0.034" />
  <testcase classname="ptolemy.util.test.junit.AutoTests" name="[31] /home/travis/build/icyphy/ptII/ptolemy/domains/de/test/auto/LineFault.xml (RunModel)" time="0.626" />
  <testcase classname="ptolemy.util.test.junit.AutoTests" name="[32] /home/travis/build/icyphy/ptII/ptolemy/domains/de/test/auto/MergeModel1Add.xml (RunModel)" time="0.056" />
  <testcase classname="ptolemy.util.test.junit.AutoTests" name="[33] /home/travis/build/icyphy/ptII/ptolemy/domains/de/test/auto/MergeModel2Add.xml (RunModel)" time="0.037" />
  <testcase classname="ptolemy.util.test.junit.AutoTests" name="[34] /home/travis/build/icyphy/ptII/ptolemy/domains/de/test/auto/MergeModel3Add.xml (RunModel)" time="0.039" />
  <testcase classname="ptolemy.util.test.junit.AutoTests" name="[35] /home/travis/build/icyphy/ptII/ptolemy/domains/de/test/auto/MergeWithoutDiscard.xml (RunModel)" time="0.014" />
  <testcase classname="ptolemy.util.test.junit.AutoTests" name="[36] /home/travis/build/icyphy/ptII/ptolemy/domains/de/test/auto/Modal1.xml (RunModel)" time="0.031" />
  <testcase classname="ptolemy.util.test.junit.AutoTests" name="[37] /home/travis/build/icyphy/ptII/ptolemy/domains/de/test/auto/Modal2.xml (RunModel)" time="0.039" />
  <testcase classname="ptolemy.util.test.junit.AutoTests" name="[38] /home/travis/build/icyphy/ptII/ptolemy/domains/de/test/auto/Modal3.xml (RunModel)" time="0.026" />
  <testcase classname="ptolemy.util.test.junit.AutoTests" name="[39] /home/travis/build/icyphy/ptII/ptolemy/domains/de/test/auto/Modal4.xml (RunModel)" time="0.04" />
  <testcase classname="ptolemy.util.test.junit.AutoTests" name="[40] /home/travis/build/icyphy/ptII/ptolemy/domains/de/test/auto/Modal5.xml (RunModel)" time="0.034" />
  <testcase classname="ptolemy.util.test.junit.AutoTests" name="[41] /home/travis/build/icyphy/ptII/ptolemy/domains/de/test/auto/Modal6.xml (RunModel)" time="0.034" />
  <testcase classname="ptolemy.util.test.junit.AutoTests" name="[42] /home/travis/build/icyphy/ptII/ptolemy/domains/de/test/auto/Modal7.xml (RunModel)" time="0.032" />
  <testcase classname="ptolemy.util.test.junit.AutoTests" name="[43] /home/travis/build/icyphy/ptII/ptolemy/domains/de/test/auto/ModalModel.xml (RunModel)" time="0.179" />
  <testcase classname="ptolemy.util.test.junit.AutoTests" name="[44] /home/travis/build/icyphy/ptII/ptolemy/domains/de/test/auto/ModalSource.xml (RunModel)" time="0.027" />
  <testcase classname="ptolemy.util.test.junit.AutoTests" name="[45] /home/travis/build/icyphy/ptII/ptolemy/domains/de/test/auto/NonInterruptibleTimerZeroDelay.xml (RunModel)" time="0.009" />
  <testcase classname="ptolemy.util.test.junit.AutoTests" name="[46] /home/travis/build/icyphy/ptII/ptolemy/domains/de/test/auto/OpenQueueingNetwork.xml (RunModel)" time="2.507" />
  <testcase classname="ptolemy.util.test.junit.AutoTests" name="[47] /home/travis/build/icyphy/ptII/ptolemy/domains/de/test/auto/OpenQueuingNetwork.xml (RunModel)" time="0.301" />
  <testcase classname="ptolemy.util.test.junit.AutoTests" name="[48] /home/travis/build/icyphy/ptII/ptolemy/domains/de/test/auto/PeriodicSampler.xml (RunModel)" time="0.02" />
  <testcase classname="ptolemy.util.test.junit.AutoTests" name="[49] /home/travis/build/icyphy/ptII/ptolemy/domains/de/test/auto/PersistentIO.xml (RunModel)" time="0.04" />
  <testcase classname="ptolemy.util.test.junit.AutoTests" name="[50] /home/travis/build/icyphy/ptII/ptolemy/domains/de/test/auto/PortParameterResetOnInitialize.xml (RunModel)" time="0.008" />
  <testcase classname="ptolemy.util.test.junit.AutoTests" name="[51] /home/travis/build/icyphy/ptII/ptolemy/domains/de/test/auto/PortParameterUpdates.xml (RunModel)" time="0.015" />
  <testcase classname="ptolemy.util.test.junit.AutoTests" name="[52] /home/travis/build/icyphy/ptII/ptolemy/domains/de/test/auto/QueueAndServer.xml (RunModel)" time="0.024" />
  <testcase classname="ptolemy.util.test.junit.AutoTests" name="[53] /home/travis/build/icyphy/ptII/ptolemy/domains/de/test/auto/Records.xml (RunModel)" time="0.02" />
  <testcase classname="ptolemy.util.test.junit.AutoTests" name="[54] /home/travis/build/icyphy/ptII/ptolemy/domains/de/test/auto/ResetTransitionWithStartTime1.xml (RunModel)" time="0.021" />
  <testcase classname="ptolemy.util.test.junit.AutoTests" name="[55] /home/travis/build/icyphy/ptII/ptolemy/domains/de/test/auto/ResetTransitionWithStartTime2.xml (RunModel)" time="0.027" />
  <testcase classname="ptolemy.util.test.junit.AutoTests" name="[56] /home/travis/build/icyphy/ptII/ptolemy/domains/de/test/auto/ResetTransitionWithStartTime3.xml (RunModel)" time="0.029" />
  <testcase classname="ptolemy.util.test.junit.AutoTests" name="[57] /home/travis/build/icyphy/ptII/ptolemy/domains/de/test/auto/ResetTransitionWithStartTime4.xml (RunModel)" time="0.026" />
  <testcase classname="ptolemy.util.test.junit.AutoTests" name="[58] /home/travis/build/icyphy/ptII/ptolemy/domains/de/test/auto/ResettableTimer1.xml (RunModel)" time="0.013" />
  <testcase classname="ptolemy.util.test.junit.AutoTests" name="[59] /home/travis/build/icyphy/ptII/ptolemy/domains/de/test/auto/ResettableTimer2.xml (RunModel)" time="0.011" />
  <testcase classname="ptolemy.util.test.junit.AutoTests" name="[60] /home/travis/build/icyphy/ptII/ptolemy/domains/de/test/auto/ResettableTimer3.xml (RunModel)" time="0.011" />
  <testcase classname="ptolemy.util.test.junit.AutoTests" name="[61] /home/travis/build/icyphy/ptII/ptolemy/domains/de/test/auto/ResettableTimer4.xml (RunModel)" time="0.012" />
  <testcase classname="ptolemy.util.test.junit.AutoTests" name="[62] /home/travis/build/icyphy/ptII/ptolemy/domains/de/test/auto/ResettableTimer5.xml (RunModel)" time="0.012" />
  <testcase classname="ptolemy.util.test.junit.AutoTests" name="[63] /home/travis/build/icyphy/ptII/ptolemy/domains/de/test/auto/ResettableTimer6.xml (RunModel)" time="0.017" />
  <testcase classname="ptolemy.util.test.junit.AutoTests" name="[64] /home/travis/build/icyphy/ptII/ptolemy/domains/de/test/auto/ServerZeroDelay.xml (RunModel)" time="0.01" />
  <testcase classname="ptolemy.util.test.junit.AutoTests" name="[65] /home/travis/build/icyphy/ptII/ptolemy/domains/de/test/auto/SmartSender.xml (RunModel)" time="3.007" />
  <testcase classname="ptolemy.util.test.junit.AutoTests" name="[66] /home/travis/build/icyphy/ptII/ptolemy/domains/de/test/auto/ThreadedComposite.xml (RunModel)" time="0.158" />
  <testcase classname="ptolemy.util.test.junit.AutoTests" name="[67] /home/travis/build/icyphy/ptII/ptolemy/domains/de/test/auto/Time.xml (RunModel)" time="0.46" />
  <testcase classname="ptolemy.util.test.junit.AutoTests" name="[68] /home/travis/build/icyphy/ptII/ptolemy/domains/de/test/auto/TimeDelayZeroDelay.xml (RunModel)" time="0.011" />
  <testcase classname="ptolemy.util.test.junit.AutoTests" name="[69] /home/travis/build/icyphy/ptII/ptolemy/domains/de/test/auto/TimerZeroDelay.xml (RunModel)" time="0.009" />
  <testcase classname="ptolemy.util.test.junit.AutoTests" name="[70] /home/travis/build/icyphy/ptII/ptolemy/domains/de/test/auto/TimingParadox.xml (RunModel)" time="0.37" />
  <testcase classname="ptolemy.util.test.junit.AutoTests" name="[71] /home/travis/build/icyphy/ptII/ptolemy/domains/de/test/auto/TransferInputs.xml (RunModel)" time="0.011" />
  <testcase classname="ptolemy.util.test.junit.AutoTests" name="[72] /home/travis/build/icyphy/ptII/ptolemy/domains/de/test/auto/TransferOutputs2.xml (RunModel)" time="0.018" />
  <testcase classname="ptolemy.util.test.junit.AutoTests" name="[73] /home/travis/build/icyphy/ptII/ptolemy/domains/de/test/auto/Trilateration.xml (RunModel)" time="12.354" />
  <testcase classname="ptolemy.util.test.junit.AutoTests" name="[74] /home/travis/build/icyphy/ptII/ptolemy/domains/de/test/auto/TwoSigmaDelta.xml (RunModel)" time="1.991" />
  <testcase classname="ptolemy.util.test.junit.AutoTests" name="[75] /home/travis/build/icyphy/ptII/ptolemy/domains/de/test/auto/VariableDelay.xml (RunModel)" time="0.009" />
  <testcase classname="ptolemy.util.test.junit.AutoTests" name="[76] /home/travis/build/icyphy/ptII/ptolemy/domains/de/test/auto/VariableDelay2.xml (RunModel)" time="0.007" />
  <testcase classname="ptolemy.util.test.junit.AutoTests" name="[77] /home/travis/build/icyphy/ptII/ptolemy/domains/de/test/auto/VariableDelayZeroDelay.xml (RunModel)" time="0.017" />
  <testcase classname="ptolemy.util.test.junit.AutoTests" name="[78] /home/travis/build/icyphy/ptII/ptolemy/domains/de/test/auto/VariableDelayZeroDelay2.xml (RunModel)" time="0.013" />
  <testcase classname="ptolemy.util.test.junit.AutoTests" name="[79] /home/travis/build/icyphy/ptII/ptolemy/domains/de/test/auto/deInCt.xml (RunModel)" time="0.01" />
  <testcase classname="ptolemy.util.test.junit.AutoTests" name="[80] /home/travis/build/icyphy/ptII/ptolemy/domains/de/test/auto/deInCt2.xml (RunModel)" time="0.017" />
  <testcase classname="ptolemy.util.test.junit.AutoTests" name="[81] /home/travis/build/icyphy/ptII/ptolemy/domains/de/test/auto/dynamicCausalityInterface1.xml (RunModel)" time="0.028" />
  <testcase classname="ptolemy.util.test.junit.AutoTests" name="[82] /home/travis/build/icyphy/ptII/ptolemy/domains/de/test/auto/fsm_de_test.xml (RunModel)" time="0.027" />
  <testcase classname="ptolemy.util.test.junit.AutoTests" name="[83] /home/travis/build/icyphy/ptII/ptolemy/domains/de/test/auto/functionDependencyReconstruction.xml (RunModel)" time="0.032" />
  <testcase classname="ptolemy.util.test.junit.AutoTests" name="[84] /home/travis/build/icyphy/ptII/ptolemy/domains/de/test/auto/multirate.xml (RunModel)" time="0.014" />
  <testcase classname="ptolemy.util.test.junit.AutoTests" name="[85] /home/travis/build/icyphy/ptII/ptolemy/domains/de/test/auto/multirate2.xml (RunModel)" time="0.017" />
  <testcase classname="ptolemy.util.test.junit.AutoTests" name="[86] /home/travis/build/icyphy/ptII/ptolemy/domains/de/test/auto/realtime.xml (RunModel)" time="10.009" />
  <testcase classname="ptolemy.util.test.junit.AutoTests" name="[87] /home/travis/build/icyphy/ptII/ptolemy/domains/de/test/auto/relationGroup.xml (RunModel)" time="0.014" />
  <testcase classname="ptolemy.util.test.junit.AutoTests" name="[88] /home/travis/build/icyphy/ptII/ptolemy/domains/de/test/auto/relationGroup2.xml (RunModel)" time="0.007" />
  <testcase classname="ptolemy.util.test.junit.AutoTests" name="[89] /home/travis/build/icyphy/ptII/ptolemy/domains/de/test/auto/sortWithOpaquePorts.xml (RunModel)" time="0.013" />
  <testcase classname="ptolemy.util.test.junit.AutoTests" name="[90] /home/travis/build/icyphy/ptII/ptolemy/domains/de/test/auto/transferInputsandOutputs.xml (RunModel)" time="0.018" />
  <testcase classname="ptolemy.util.test.junit.AutoTests" name="[91] /home/travis/build/icyphy/ptII/ptolemy/domains/de/test/auto/triggerType.xml (RunModel)" time="0.014" />
  <system-out><![CDATA[/home/travis/build/icyphy/ptII/ptolemy/domains/de/test/DependencyLoop.tcl
testDefs.tcl: setting time out to 9000 seconds at Mon Nov 25 06:17:50 UTC 2019
83 ms. Memory: 120832K Free: 72133K (60%)
22 ms. Memory: 120832K Free: 54711K (45%)
/home/travis/build/icyphy/ptII/ptolemy/domains/de/test/RunDETestsAsQSS.tcl
Run the DE tests using ptolemy.domains.qss.test.QSSDirectorTest, which extends QSSDirector and prints a message in the constructors.
------------------ testing $PTII/ptolemy/domains/de/test/auto/knownFailedTests/DirectFeedback.xml (Known Failure) 
45 ms. Memory: 120832K Free: 48581K (40%)


==== $PTIIhome/travis/build/icyphy/ptII/ptolemy/domains/de/test/../../../../: Auto Automatic test in file $PTII/ptolemy/domains/de/test/auto/knownFailedTests/DirectFeedback.xml
==== Contents of test case:

	    # FIXME: we should use $relativeFilename here, but it
	    # might have backslashes under Windows, which causes no end
	    # of trouble.
	    createAndExecute $file
	    list {}
	
.... Test generated KNOWN error:
    while executing
ptolemy.kernel.util.IllegalActionException: Test fails in iteration 1.
Value was: 1.0. Should have been: 2.0
  in .DirectFeedback.Test
	at ptolemy.actor.lib.Test.fire(Test.java:268)
	at ptolemy.domains.de.kernel.DEDirector._fire(DEDirector.java:1949)
	at ptolemy.domains.de.kernel.DEDirector.fire(DEDirector.java:502)
	at ptolemy.actor.CompositeActor.fire(CompositeActor.java:455)
	at ptolemy.actor.Manager.iterate(Manager.java:851)
	at ptolemy.actor.Manager.execute(Manager.java:369)
	at ptolemy.actor.Manager.run(Manager.java:1263)
	at ptolemy.actor.Manager$PtolemyRunThread.run(Manager.java:1933)

    while executing
ptolemy.kernel.util.IllegalActionException: Test fails in iteration 1.
Value was: 1.0. Should have been: 2.0
  in .DirectFeedback.Test
    while executing
"java::new ptolemy.moml.MoMLSimpleApplication $file
"
    (procedure "createAndExecute" line 2)
    invoked from within
"createAndExecute $file"
    ("uplevel" body line 5)
    invoked from within
"uplevel $contents_of_test"
------------------ testing $PTII/ptolemy/domains/de/test/auto/knownFailedTests/dependencyLoop.xml (Known Failure) 
37 ms. Memory: 120832K Free: 108116K (89%)


==== $PTIIhome/travis/build/icyphy/ptII/ptolemy/domains/de/test/../../../../: Auto Automatic test in file $PTII/ptolemy/domains/de/test/auto/knownFailedTests/dependencyLoop.xml
==== Contents of test case:

	    # FIXME: we should use $relativeFilename here, but it
	    # might have backslashes under Windows, which causes no end
	    # of trouble.
	    createAndExecute $file
	    list {}
	
.... Test generated KNOWN error:
    while executing
ptolemy.kernel.util.IllegalActionException: Found a zero delay loop containing .dependencyLoop.original
  in .dependencyLoop and .dependencyLoop.original
	at ptolemy.actor.util.CausalityInterfaceForComposites._computeOutputPortDepth(CausalityInterfaceForComposites.java:759)
	at ptolemy.actor.util.CausalityInterfaceForComposites._computeInputDepth(CausalityInterfaceForComposites.java:696)
	at ptolemy.actor.util.CausalityInterfaceForComposites._computeOutputPortDepth(CausalityInterfaceForComposites.java:765)
	at ptolemy.actor.util.CausalityInterfaceForComposites._computeInputDepth(CausalityInterfaceForComposites.java:696)
	at ptolemy.actor.util.CausalityInterfaceForComposites._computeOutputPortDepth(CausalityInterfaceForComposites.java:765)
	at ptolemy.actor.util.CausalityInterfaceForComposites._computeInputDepth(CausalityInterfaceForComposites.java:696)
	at ptolemy.actor.util.CausalityInterfaceForComposites._computeActorDepth(CausalityInterfaceForComposites.java:532)
	at ptolemy.actor.util.CausalityInterfaceForComposites.checkForCycles(CausalityInterfaceForComposites.java:96)
	at ptolemy.domains.de.kernel.DEDirector.preinitialize(DEDirector.java:1338)
	at ptolemy.actor.CompositeActor.preinitialize(CompositeActor.java:1828)
	at ptolemy.actor.Manager.preinitializeAndResolveTypes(Manager.java:1040)
	at ptolemy.actor.Manager.initialize(Manager.java:710)
	at ptolemy.actor.Manager.execute(Manager.java:356)
	at ptolemy.actor.Manager.run(Manager.java:1263)
	at ptolemy.actor.Manager$PtolemyRunThread.run(Manager.java:1933)

    while executing
ptolemy.kernel.util.IllegalActionException: Found a zero delay loop containing .dependencyLoop.original
  in .dependencyLoop and .dependencyLoop.original
    while executing
"java::new ptolemy.moml.MoMLSimpleApplication $file
"
    (procedure "createAndExecute" line 2)
    invoked from within
"createAndExecute $file"
    ("uplevel" body line 5)
    invoked from within
"uplevel $contents_of_test"
------------------ testing $PTII/ptolemy/domains/de/test/auto/knownFailedTests/FSMSource.xml (Known Failure) 
69 ms. Memory: 120832K Free: 99247K (82%)
!!!! Auto was marked as failing, but now passes
------------------ testing $PTII/ptolemy/domains/de/test/auto/knownFailedTests/HierarchicalModel.xml (Known Failure) 
7 ms. Memory: 120832K Free: 81801K (68%)


==== $PTIIhome/travis/build/icyphy/ptII/ptolemy/domains/de/test/../../../../: Auto Automatic test in file $PTII/ptolemy/domains/de/test/auto/knownFailedTests/HierarchicalModel.xml
==== Contents of test case:

	    # FIXME: we should use $relativeFilename here, but it
	    # might have backslashes under Windows, which causes no end
	    # of trouble.
	    createAndExecute $file
	    list {}
	
.... Test generated KNOWN error:
    while executing
ptolemy.kernel.util.IllegalActionException: Found a zero delay loop containing .HierarchicalModel.A
  in .HierarchicalModel and .HierarchicalModel.A
	at ptolemy.actor.util.CausalityInterfaceForComposites._computeOutputPortDepth(CausalityInterfaceForComposites.java:759)
	at ptolemy.actor.util.CausalityInterfaceForComposites._computeInputDepth(CausalityInterfaceForComposites.java:696)
	at ptolemy.actor.util.CausalityInterfaceForComposites._computeOutputPortDepth(CausalityInterfaceForComposites.java:765)
	at ptolemy.actor.util.CausalityInterfaceForComposites._computeInputDepth(CausalityInterfaceForComposites.java:696)
	at ptolemy.actor.util.CausalityInterfaceForComposites._computeOutputPortDepth(CausalityInterfaceForComposites.java:765)
	at ptolemy.actor.util.CausalityInterfaceForComposites._computeInputDepth(CausalityInterfaceForComposites.java:696)
	at ptolemy.actor.util.CausalityInterfaceForComposites._computeActorDepth(CausalityInterfaceForComposites.java:532)
	at ptolemy.actor.util.CausalityInterfaceForComposites.checkForCycles(CausalityInterfaceForComposites.java:96)
	at ptolemy.domains.de.kernel.DEDirector.preinitialize(DEDirector.java:1338)
	at ptolemy.actor.CompositeActor.preinitialize(CompositeActor.java:1828)
	at ptolemy.actor.Manager.preinitializeAndResolveTypes(Manager.java:1040)
	at ptolemy.actor.Manager.initialize(Manager.java:710)
	at ptolemy.actor.Manager.execute(Manager.java:356)
	at ptolemy.actor.Manager.run(Manager.java:1263)
	at ptolemy.actor.Manager$PtolemyRunThread.run(Manager.java:1933)

    while executing
ptolemy.kernel.util.IllegalActionException: Found a zero delay loop containing .HierarchicalModel.A
  in .HierarchicalModel and .HierarchicalModel.A
    while executing
"java::new ptolemy.moml.MoMLSimpleApplication $file
"
    (procedure "createAndExecute" line 2)
    invoked from within
"createAndExecute $file"
    ("uplevel" body line 5)
    invoked from within
"uplevel $contents_of_test"
------------------ testing $PTII/ptolemy/domains/de/test/auto/knownFailedTests/dependencyLoop2.xml (Known Failure) 
4 ms. Memory: 120832K Free: 65859K (55%)


==== $PTIIhome/travis/build/icyphy/ptII/ptolemy/domains/de/test/../../../../: Auto Automatic test in file $PTII/ptolemy/domains/de/test/auto/knownFailedTests/dependencyLoop2.xml
==== Contents of test case:

	    # FIXME: we should use $relativeFilename here, but it
	    # might have backslashes under Windows, which causes no end
	    # of trouble.
	    createAndExecute $file
	    list {}
	
.... Test generated KNOWN error:
    while executing
ptolemy.kernel.util.IllegalActionException: Found a zero delay loop containing .dependencyLoop2.original
  in .dependencyLoop2 and .dependencyLoop2.original
	at ptolemy.actor.util.CausalityInterfaceForComposites._computeOutputPortDepth(CausalityInterfaceForComposites.java:759)
	at ptolemy.actor.util.CausalityInterfaceForComposites._computeInputDepth(CausalityInterfaceForComposites.java:696)
	at ptolemy.actor.util.CausalityInterfaceForComposites._computeOutputPortDepth(CausalityInterfaceForComposites.java:765)
	at ptolemy.actor.util.CausalityInterfaceForComposites._computeInputDepth(CausalityInterfaceForComposites.java:696)
	at ptolemy.actor.util.CausalityInterfaceForComposites._computeOutputPortDepth(CausalityInterfaceForComposites.java:765)
	at ptolemy.actor.util.CausalityInterfaceForComposites._computeInputDepth(CausalityInterfaceForComposites.java:696)
	at ptolemy.actor.util.CausalityInterfaceForComposites._computeActorDepth(CausalityInterfaceForComposites.java:532)
	at ptolemy.actor.util.CausalityInterfaceForComposites.checkForCycles(CausalityInterfaceForComposites.java:96)
	at ptolemy.domains.de.kernel.DEDirector.preinitialize(DEDirector.java:1338)
	at ptolemy.actor.CompositeActor.preinitialize(CompositeActor.java:1828)
	at ptolemy.actor.Manager.preinitializeAndResolveTypes(Manager.java:1040)
	at ptolemy.actor.Manager.initialize(Manager.java:710)
	at ptolemy.actor.Manager.execute(Manager.java:356)
	at ptolemy.actor.Manager.run(Manager.java:1263)
	at ptolemy.actor.Manager$PtolemyRunThread.run(Manager.java:1933)

    while executing
ptolemy.kernel.util.IllegalActionException: Found a zero delay loop containing .dependencyLoop2.original
  in .dependencyLoop2 and .dependencyLoop2.original
    while executing
"java::new ptolemy.moml.MoMLSimpleApplication $file
"
    (procedure "createAndExecute" line 2)
    invoked from within
"createAndExecute $file"
    ("uplevel" body line 5)
    invoked from within
"uplevel $contents_of_test"
------------------ testing $PTII/ptolemy/domains/de/test/auto/knownFailedTests/DESDFClockTest.xml (Known Failure) 
2069 ms. Memory: 120832K Free: 95566K (79%)


==== $PTIIhome/travis/build/icyphy/ptII/ptolemy/domains/de/test/../../../../: Auto Automatic test in file $PTII/ptolemy/domains/de/test/auto/knownFailedTests/DESDFClockTest.xml
==== Contents of test case:

	    # FIXME: we should use $relativeFilename here, but it
	    # might have backslashes under Windows, which causes no end
	    # of trouble.
	    createAndExecute $file
	    list {}
	
.... Test generated KNOWN error:
    while executing
ptolemy.kernel.util.IllegalActionException: Actor is not ready to fire.  Perhaps UpSample.prefire() returned false? Try debugging the actor by selecting "Listen to Actor".  Also, for SDF check moml for tokenConsumptionRate on input.
  in .DESDFClockTest.Play Bell.Copy1:SDF Director and .DESDFClockTest.Play Bell.UpSample
	at ptolemy.actor.sched.StaticSchedulingDirector.fire(StaticSchedulingDirector.java:227)
	at ptolemy.domains.sdf.kernel.SDFDirector.fire(SDFDirector.java:500)
	at ptolemy.actor.CompositeActor.fire(CompositeActor.java:455)
	at ptolemy.domains.de.kernel.DEDirector._fire(DEDirector.java:1949)
	at ptolemy.domains.de.kernel.DEDirector.fire(DEDirector.java:502)
	at ptolemy.actor.CompositeActor.fire(CompositeActor.java:455)
	at ptolemy.actor.Manager.iterate(Manager.java:851)
	at ptolemy.actor.Manager.execute(Manager.java:369)
	at ptolemy.actor.Manager.run(Manager.java:1263)
	at ptolemy.actor.Manager$PtolemyRunThread.run(Manager.java:1933)

    while executing
ptolemy.kernel.util.IllegalActionException: Actor is not ready to fire.  Perhaps UpSample.prefire() returned false? Try debugging the actor by selecting "Listen to Actor".  Also, for SDF check moml for tokenConsumptionRate on input.
  in .DESDFClockTest.Play Bell.Copy1:SDF Director and .DESDFClockTest.Play Bell.UpSample
    while executing
"java::new ptolemy.moml.MoMLSimpleApplication $file
"
    (procedure "createAndExecute" line 2)
    invoked from within
"createAndExecute $file"
    ("uplevel" body line 5)
    invoked from within
"uplevel $contents_of_test"
------------------ testing $PTII/ptolemy/domains/de/test/auto/ActorDepthCalculation_actorWithoutPorts.xml
auto.tcl: Setting watchdog for 200 seconds at Mon Nov 25 06:17:54 UTC 2019
6 ms. Memory: 120832K Free: 87869K (73%)
ptolemy.util.test.WatchDog.cancel(): canceling Mon Nov 25 06:17:54 UTC 2019
auto.tcl: Setting watchdog for 200 seconds at Mon Nov 25 06:17:54 UTC 2019
4 ms. Memory: 120832K Free: 86350K (71%)
ptolemy.util.test.WatchDog.cancel(): canceling Mon Nov 25 06:17:54 UTC 2019
------------------ testing $PTII/ptolemy/domains/de/test/auto/AssemblyLine.xml
auto.tcl: Setting watchdog for 200 seconds at Mon Nov 25 06:17:55 UTC 2019
10 ms. Memory: 48128K Free: 26025K (54%)
ptolemy.util.test.WatchDog.cancel(): canceling Mon Nov 25 06:17:55 UTC 2019
auto.tcl: Setting watchdog for 200 seconds at Mon Nov 25 06:17:55 UTC 2019
6 ms. Memory: 48128K Free: 25324K (53%)
ptolemy.util.test.WatchDog.cancel(): canceling Mon Nov 25 06:17:55 UTC 2019
------------------ testing $PTII/ptolemy/domains/de/test/auto/CQBug1.xml
auto.tcl: Setting watchdog for 200 seconds at Mon Nov 25 06:17:55 UTC 2019
3 ms. Memory: 48128K Free: 31488K (65%)
ptolemy.util.test.WatchDog.cancel(): canceling Mon Nov 25 06:17:55 UTC 2019
auto.tcl: Setting watchdog for 200 seconds at Mon Nov 25 06:17:55 UTC 2019
2 ms. Memory: 48128K Free: 31058K (65%)
ptolemy.util.test.WatchDog.cancel(): canceling Mon Nov 25 06:17:55 UTC 2019
------------------ testing $PTII/ptolemy/domains/de/test/auto/CancelFireAt.xml
auto.tcl: Setting watchdog for 200 seconds at Mon Nov 25 06:17:55 UTC 2019
3 ms. Memory: 45056K Free: 29727K (66%)
ptolemy.util.test.WatchDog.cancel(): canceling Mon Nov 25 06:17:55 UTC 2019
auto.tcl: Setting watchdog for 200 seconds at Mon Nov 25 06:17:55 UTC 2019
2 ms. Memory: 45056K Free: 29325K (65%)
ptolemy.util.test.WatchDog.cancel(): canceling Mon Nov 25 06:17:55 UTC 2019
------------------ testing $PTII/ptolemy/domains/de/test/auto/CausalityAndComposabilityAnalysis.xml
auto.tcl: Setting watchdog for 200 seconds at Mon Nov 25 06:17:55 UTC 2019
13 ms. Memory: 45056K Free: 27926K (62%)
ptolemy.util.test.WatchDog.cancel(): canceling Mon Nov 25 06:17:55 UTC 2019
auto.tcl: Setting watchdog for 200 seconds at Mon Nov 25 06:17:55 UTC 2019
6 ms. Memory: 45056K Free: 27105K (60%)
ptolemy.util.test.WatchDog.cancel(): canceling Mon Nov 25 06:17:55 UTC 2019
------------------ testing $PTII/ptolemy/domains/de/test/auto/CausalityInterface1.xml
auto.tcl: Setting watchdog for 200 seconds at Mon Nov 25 06:17:55 UTC 2019
22 ms. Memory: 45056K Free: 26350K (58%)
ptolemy.util.test.WatchDog.cancel(): canceling Mon Nov 25 06:17:55 UTC 2019
auto.tcl: Setting watchdog for 200 seconds at Mon Nov 25 06:17:55 UTC 2019
5 ms. Memory: 45056K Free: 25393K (56%)
ptolemy.util.test.WatchDog.cancel(): canceling Mon Nov 25 06:17:55 UTC 2019
------------------ testing $PTII/ptolemy/domains/de/test/auto/CausalityInterface15.xml
auto.tcl: Setting watchdog for 200 seconds at Mon Nov 25 06:17:55 UTC 2019
9 ms. Memory: 45056K Free: 26060K (58%)
ptolemy.util.test.WatchDog.cancel(): canceling Mon Nov 25 06:17:55 UTC 2019
auto.tcl: Setting watchdog for 200 seconds at Mon Nov 25 06:17:55 UTC 2019
7 ms. Memory: 45056K Free: 25350K (56%)
ptolemy.util.test.WatchDog.cancel(): canceling Mon Nov 25 06:17:55 UTC 2019
------------------ testing $PTII/ptolemy/domains/de/test/auto/CausalityInterface2.xml
auto.tcl: Setting watchdog for 200 seconds at Mon Nov 25 06:17:55 UTC 2019
3 ms. Memory: 45056K Free: 27099K (60%)
ptolemy.util.test.WatchDog.cancel(): canceling Mon Nov 25 06:17:55 UTC 2019
auto.tcl: Setting watchdog for 200 seconds at Mon Nov 25 06:17:55 UTC 2019
3 ms. Memory: 45056K Free: 26343K (58%)
ptolemy.util.test.WatchDog.cancel(): canceling Mon Nov 25 06:17:55 UTC 2019
------------------ testing $PTII/ptolemy/domains/de/test/auto/CausalityInterface3.xml
auto.tcl: Setting watchdog for 200 seconds at Mon Nov 25 06:17:55 UTC 2019
4 ms. Memory: 45056K Free: 26561K (59%)
ptolemy.util.test.WatchDog.cancel(): canceling Mon Nov 25 06:17:55 UTC 2019
auto.tcl: Setting watchdog for 200 seconds at Mon Nov 25 06:17:55 UTC 2019
3 ms. Memory: 45056K Free: 25764K (57%)
ptolemy.util.test.WatchDog.cancel(): canceling Mon Nov 25 06:17:55 UTC 2019
------------------ testing $PTII/ptolemy/domains/de/test/auto/ClockDrift.xml
auto.tcl: Setting watchdog for 200 seconds at Mon Nov 25 06:17:56 UTC 2019
99 ms. Memory: 45056K Free: 19155K (43%)
ptolemy.util.test.WatchDog.cancel(): canceling Mon Nov 25 06:17:56 UTC 2019
auto.tcl: Setting watchdog for 200 seconds at Mon Nov 25 06:17:56 UTC 2019
64 ms. Memory: 45056K Free: 16140K (36%)
ptolemy.util.test.WatchDog.cancel(): canceling Mon Nov 25 06:17:56 UTC 2019
------------------ testing $PTII/ptolemy/domains/de/test/auto/ClockDriftAndValueChange.xml
auto.tcl: Setting watchdog for 200 seconds at Mon Nov 25 06:17:56 UTC 2019
48 ms. Memory: 45056K Free: 19223K (43%)
ptolemy.util.test.WatchDog.cancel(): canceling Mon Nov 25 06:17:56 UTC 2019
auto.tcl: Setting watchdog for 200 seconds at Mon Nov 25 06:17:56 UTC 2019
28 ms. Memory: 45056K Free: 16378K (36%)
ptolemy.util.test.WatchDog.cancel(): canceling Mon Nov 25 06:17:56 UTC 2019
------------------ testing $PTII/ptolemy/domains/de/test/auto/ClockDriftChange.xml
auto.tcl: Setting watchdog for 200 seconds at Mon Nov 25 06:17:56 UTC 2019
21 ms. Memory: 45056K Free: 21021K (47%)
ptolemy.util.test.WatchDog.cancel(): canceling Mon Nov 25 06:17:56 UTC 2019
auto.tcl: Setting watchdog for 200 seconds at Mon Nov 25 06:17:56 UTC 2019
21 ms. Memory: 45056K Free: 18465K (41%)
ptolemy.util.test.WatchDog.cancel(): canceling Mon Nov 25 06:17:56 UTC 2019
------------------ testing $PTII/ptolemy/domains/de/test/auto/ComposableCausalityAnalysis.xml
auto.tcl: Setting watchdog for 200 seconds at Mon Nov 25 06:17:56 UTC 2019
2 ms. Memory: 45056K Free: 25713K (57%)
ptolemy.util.test.WatchDog.cancel(): canceling Mon Nov 25 06:17:56 UTC 2019
auto.tcl: Setting watchdog for 200 seconds at Mon Nov 25 06:17:56 UTC 2019
5 ms. Memory: 45056K Free: 24625K (55%)
ptolemy.util.test.WatchDog.cancel(): canceling Mon Nov 25 06:17:56 UTC 2019
------------------ testing $PTII/ptolemy/domains/de/test/auto/DEFixedPointLimitation.xml
auto.tcl: Setting watchdog for 200 seconds at Mon Nov 25 06:17:56 UTC 2019
4 ms. Memory: 45056K Free: 27003K (60%)
ptolemy.util.test.WatchDog.cancel(): canceling Mon Nov 25 06:17:56 UTC 2019
auto.tcl: Setting watchdog for 200 seconds at Mon Nov 25 06:17:56 UTC 2019
2 ms. Memory: 45056K Free: 26090K (58%)
ptolemy.util.test.WatchDog.cancel(): canceling Mon Nov 25 06:17:56 UTC 2019
------------------ testing $PTII/ptolemy/domains/de/test/auto/DEScheduleTest.xml
auto.tcl: Setting watchdog for 200 seconds at Mon Nov 25 06:17:56 UTC 2019
6 ms. Memory: 45056K Free: 27295K (61%)
ptolemy.util.test.WatchDog.cancel(): canceling Mon Nov 25 06:17:56 UTC 2019
auto.tcl: Setting watchdog for 200 seconds at Mon Nov 25 06:17:56 UTC 2019
2 ms. Memory: 45056K Free: 26537K (59%)
ptolemy.util.test.WatchDog.cancel(): canceling Mon Nov 25 06:17:56 UTC 2019
------------------ testing $PTII/ptolemy/domains/de/test/auto/DEinDEwithStartTimes.xml
auto.tcl: Setting watchdog for 200 seconds at Mon Nov 25 06:17:56 UTC 2019
3 ms. Memory: 45056K Free: 25447K (56%)
ptolemy.util.test.WatchDog.cancel(): canceling Mon Nov 25 06:17:56 UTC 2019
auto.tcl: Setting watchdog for 200 seconds at Mon Nov 25 06:17:56 UTC 2019
3 ms. Memory: 45056K Free: 24423K (54%)
ptolemy.util.test.WatchDog.cancel(): canceling Mon Nov 25 06:17:56 UTC 2019
------------------ testing $PTII/ptolemy/domains/de/test/auto/DEinDEwithStartTimes2.xml
auto.tcl: Setting watchdog for 200 seconds at Mon Nov 25 06:17:56 UTC 2019
7 ms. Memory: 45056K Free: 24757K (55%)
ptolemy.util.test.WatchDog.cancel(): canceling Mon Nov 25 06:17:57 UTC 2019
auto.tcl: Setting watchdog for 200 seconds at Mon Nov 25 06:17:57 UTC 2019
4 ms. Memory: 45056K Free: 23379K (52%)
ptolemy.util.test.WatchDog.cancel(): canceling Mon Nov 25 06:17:57 UTC 2019
------------------ testing $PTII/ptolemy/domains/de/test/auto/DateDemo.xml
auto.tcl: Setting watchdog for 200 seconds at Mon Nov 25 06:17:57 UTC 2019
21 ms. Memory: 45056K Free: 19041K (42%)
ptolemy.util.test.WatchDog.cancel(): canceling Mon Nov 25 06:17:57 UTC 2019
auto.tcl: Setting watchdog for 200 seconds at Mon Nov 25 06:17:57 UTC 2019
8 ms. Memory: 45056K Free: 17522K (39%)
ptolemy.util.test.WatchDog.cancel(): canceling Mon Nov 25 06:17:57 UTC 2019
------------------ testing $PTII/ptolemy/domains/de/test/auto/DateToEvent.xml
auto.tcl: Setting watchdog for 200 seconds at Mon Nov 25 06:17:57 UTC 2019
2009 ms. Memory: 45056K Free: 14941K (33%)
ptolemy.util.test.WatchDog.cancel(): canceling Mon Nov 25 06:17:59 UTC 2019
auto.tcl: Setting watchdog for 200 seconds at Mon Nov 25 06:17:59 UTC 2019
2004 ms. Memory: 45056K Free: 14217K (32%)
ptolemy.util.test.WatchDog.cancel(): canceling Mon Nov 25 06:18:01 UTC 2019
------------------ testing $PTII/ptolemy/domains/de/test/auto/DepthTest1.xml
auto.tcl: Setting watchdog for 200 seconds at Mon Nov 25 06:18:01 UTC 2019
3 ms. Memory: 45056K Free: 27904K (62%)
ptolemy.util.test.WatchDog.cancel(): canceling Mon Nov 25 06:18:01 UTC 2019
auto.tcl: Setting watchdog for 200 seconds at Mon Nov 25 06:18:01 UTC 2019
2 ms. Memory: 45056K Free: 27396K (61%)
ptolemy.util.test.WatchDog.cancel(): canceling Mon Nov 25 06:18:01 UTC 2019
------------------ testing $PTII/ptolemy/domains/de/test/auto/DepthTest2.xml
auto.tcl: Setting watchdog for 200 seconds at Mon Nov 25 06:18:01 UTC 2019
3 ms. Memory: 45056K Free: 24616K (55%)
ptolemy.util.test.WatchDog.cancel(): canceling Mon Nov 25 06:18:01 UTC 2019
auto.tcl: Setting watchdog for 200 seconds at Mon Nov 25 06:18:01 UTC 2019
3 ms. Memory: 45056K Free: 24246K (54%)
ptolemy.util.test.WatchDog.cancel(): canceling Mon Nov 25 06:18:01 UTC 2019
------------------ testing $PTII/ptolemy/domains/de/test/auto/DepthTest3.xml
auto.tcl: Setting watchdog for 200 seconds at Mon Nov 25 06:18:01 UTC 2019
5 ms. Memory: 45056K Free: 28235K (63%)
ptolemy.util.test.WatchDog.cancel(): canceling Mon Nov 25 06:18:01 UTC 2019
auto.tcl: Setting watchdog for 200 seconds at Mon Nov 25 06:18:01 UTC 2019
2 ms. Memory: 45056K Free: 27694K (61%)
ptolemy.util.test.WatchDog.cancel(): canceling Mon Nov 25 06:18:01 UTC 2019
------------------ testing $PTII/ptolemy/domains/de/test/auto/DepthTest4.xml
auto.tcl: Setting watchdog for 200 seconds at Mon Nov 25 06:18:01 UTC 2019
3 ms. Memory: 45056K Free: 26459K (59%)
ptolemy.util.test.WatchDog.cancel(): canceling Mon Nov 25 06:18:01 UTC 2019
auto.tcl: Setting watchdog for 200 seconds at Mon Nov 25 06:18:01 UTC 2019
3 ms. Memory: 45056K Free: 25745K (57%)
ptolemy.util.test.WatchDog.cancel(): canceling Mon Nov 25 06:18:01 UTC 2019
------------------ testing $PTII/ptolemy/domains/de/test/auto/DepthTest5.xml
auto.tcl: Setting watchdog for 200 seconds at Mon Nov 25 06:18:01 UTC 2019
6 ms. Memory: 45056K Free: 25569K (57%)
ptolemy.util.test.WatchDog.cancel(): canceling Mon Nov 25 06:18:01 UTC 2019
auto.tcl: Setting watchdog for 200 seconds at Mon Nov 25 06:18:01 UTC 2019
3 ms. Memory: 45056K Free: 25199K (56%)
ptolemy.util.test.WatchDog.cancel(): canceling Mon Nov 25 06:18:01 UTC 2019
------------------ testing $PTII/ptolemy/domains/de/test/auto/DepthTest6.xml
auto.tcl: Setting watchdog for 200 seconds at Mon Nov 25 06:18:01 UTC 2019
4 ms. Memory: 45056K Free: 25582K (57%)
ptolemy.util.test.WatchDog.cancel(): canceling Mon Nov 25 06:18:01 UTC 2019
auto.tcl: Setting watchdog for 200 seconds at Mon Nov 25 06:18:01 UTC 2019
3 ms. Memory: 45056K Free: 25033K (56%)
ptolemy.util.test.WatchDog.cancel(): canceling Mon Nov 25 06:18:01 UTC 2019
------------------ testing $PTII/ptolemy/domains/de/test/auto/DepthTest7.xml
auto.tcl: Setting watchdog for 200 seconds at Mon Nov 25 06:18:01 UTC 2019
3 ms. Memory: 45056K Free: 26383K (59%)
ptolemy.util.test.WatchDog.cancel(): canceling Mon Nov 25 06:18:01 UTC 2019
auto.tcl: Setting watchdog for 200 seconds at Mon Nov 25 06:18:01 UTC 2019
2 ms. Memory: 45056K Free: 25652K (57%)
ptolemy.util.test.WatchDog.cancel(): canceling Mon Nov 25 06:18:01 UTC 2019
------------------ testing $PTII/ptolemy/domains/de/test/auto/EventToDate.xml
auto.tcl: Setting watchdog for 200 seconds at Mon Nov 25 06:18:01 UTC 2019
3009 ms. Memory: 45056K Free: 17189K (38%)
ptolemy.util.test.WatchDog.cancel(): canceling Mon Nov 25 06:18:04 UTC 2019
auto.tcl: Setting watchdog for 200 seconds at Mon Nov 25 06:18:04 UTC 2019
3004 ms. Memory: 45056K Free: 16487K (37%)
ptolemy.util.test.WatchDog.cancel(): canceling Mon Nov 25 06:18:07 UTC 2019
------------------ testing $PTII/ptolemy/domains/de/test/auto/FSM1.xml
auto.tcl: Setting watchdog for 200 seconds at Mon Nov 25 06:18:07 UTC 2019
28 ms. Memory: 45056K Free: 17912K (40%)
ptolemy.util.test.WatchDog.cancel(): canceling Mon Nov 25 06:18:07 UTC 2019
auto.tcl: Setting watchdog for 200 seconds at Mon Nov 25 06:18:07 UTC 2019
15 ms. Memory: 45056K Free: 14744K (33%)
ptolemy.util.test.WatchDog.cancel(): canceling Mon Nov 25 06:18:07 UTC 2019
------------------ testing $PTII/ptolemy/domains/de/test/auto/FSM7.xml
auto.tcl: Setting watchdog for 200 seconds at Mon Nov 25 06:18:08 UTC 2019
28 ms. Memory: 45056K Free: 18061K (40%)
ptolemy.util.test.WatchDog.cancel(): canceling Mon Nov 25 06:18:08 UTC 2019
auto.tcl: Setting watchdog for 200 seconds at Mon Nov 25 06:18:08 UTC 2019
18 ms. Memory: 45056K Free: 14945K (33%)
ptolemy.util.test.WatchDog.cancel(): canceling Mon Nov 25 06:18:08 UTC 2019
------------------ testing $PTII/ptolemy/domains/de/test/auto/Inspection.xml
auto.tcl: Setting watchdog for 200 seconds at Mon Nov 25 06:18:08 UTC 2019
27 ms. Memory: 45056K Free: 18140K (40%)
ptolemy.util.test.WatchDog.cancel(): canceling Mon Nov 25 06:18:08 UTC 2019
auto.tcl: Setting watchdog for 200 seconds at Mon Nov 25 06:18:08 UTC 2019
34 ms. Memory: 45056K Free: 16387K (36%)
ptolemy.util.test.WatchDog.cancel(): canceling Mon Nov 25 06:18:08 UTC 2019
------------------ testing $PTII/ptolemy/domains/de/test/auto/Iteration.xml
auto.tcl: Setting watchdog for 200 seconds at Mon Nov 25 06:18:08 UTC 2019
7 ms. Memory: 45056K Free: 23873K (53%)
ptolemy.util.test.WatchDog.cancel(): canceling Mon Nov 25 06:18:08 UTC 2019
auto.tcl: Setting watchdog for 200 seconds at Mon Nov 25 06:18:08 UTC 2019
5 ms. Memory: 45056K Free: 22427K (50%)
ptolemy.util.test.WatchDog.cancel(): canceling Mon Nov 25 06:18:08 UTC 2019
------------------ testing $PTII/ptolemy/domains/de/test/auto/LineFault.xml
auto.tcl: Setting watchdog for 200 seconds at Mon Nov 25 06:18:08 UTC 2019
619 ms. Memory: 45056K Free: 11837K (26%)
ptolemy.util.test.WatchDog.cancel(): canceling Mon Nov 25 06:18:09 UTC 2019
auto.tcl: Setting watchdog for 200 seconds at Mon Nov 25 06:18:09 UTC 2019
598 ms. Memory: 54272K Free: 26442K (49%)
ptolemy.util.test.WatchDog.cancel(): canceling Mon Nov 25 06:18:09 UTC 2019
------------------ testing $PTII/ptolemy/domains/de/test/auto/MergeModel1Add.xml
auto.tcl: Setting watchdog for 200 seconds at Mon Nov 25 06:18:09 UTC 2019
18 ms. Memory: 54272K Free: 19044K (35%)
ptolemy.util.test.WatchDog.cancel(): canceling Mon Nov 25 06:18:10 UTC 2019
auto.tcl: Setting watchdog for 200 seconds at Mon Nov 25 06:18:10 UTC 2019
11 ms. Memory: 54272K Free: 17426K (32%)
ptolemy.util.test.WatchDog.cancel(): canceling Mon Nov 25 06:18:10 UTC 2019
------------------ testing $PTII/ptolemy/domains/de/test/auto/MergeModel2Add.xml
auto.tcl: Setting watchdog for 200 seconds at Mon Nov 25 06:18:10 UTC 2019
12 ms. Memory: 51200K Free: 17811K (35%)
ptolemy.util.test.WatchDog.cancel(): canceling Mon Nov 25 06:18:10 UTC 2019
auto.tcl: Setting watchdog for 200 seconds at Mon Nov 25 06:18:10 UTC 2019
10 ms. Memory: 51200K Free: 16059K (31%)
ptolemy.util.test.WatchDog.cancel(): canceling Mon Nov 25 06:18:10 UTC 2019
------------------ testing $PTII/ptolemy/domains/de/test/auto/MergeModel3Add.xml
auto.tcl: Setting watchdog for 200 seconds at Mon Nov 25 06:18:10 UTC 2019
8 ms. Memory: 51200K Free: 18026K (35%)
ptolemy.util.test.WatchDog.cancel(): canceling Mon Nov 25 06:18:10 UTC 2019
auto.tcl: Setting watchdog for 200 seconds at Mon Nov 25 06:18:10 UTC 2019
8 ms. Memory: 51200K Free: 16489K (32%)
ptolemy.util.test.WatchDog.cancel(): canceling Mon Nov 25 06:18:10 UTC 2019
------------------ testing $PTII/ptolemy/domains/de/test/auto/MergeWithoutDiscard.xml
auto.tcl: Setting watchdog for 200 seconds at Mon Nov 25 06:18:10 UTC 2019
3 ms. Memory: 51200K Free: 32398K (63%)
ptolemy.util.test.WatchDog.cancel(): canceling Mon Nov 25 06:18:10 UTC 2019
auto.tcl: Setting watchdog for 200 seconds at Mon Nov 25 06:18:10 UTC 2019
2 ms. Memory: 51200K Free: 31966K (62%)
ptolemy.util.test.WatchDog.cancel(): canceling Mon Nov 25 06:18:10 UTC 2019
------------------ testing $PTII/ptolemy/domains/de/test/auto/Modal1.xml
auto.tcl: Setting watchdog for 200 seconds at Mon Nov 25 06:18:10 UTC 2019
18 ms. Memory: 48128K Free: 21450K (45%)
ptolemy.util.test.WatchDog.cancel(): canceling Mon Nov 25 06:18:10 UTC 2019
auto.tcl: Setting watchdog for 200 seconds at Mon Nov 25 06:18:10 UTC 2019
26 ms. Memory: 48128K Free: 18032K (37%)
ptolemy.util.test.WatchDog.cancel(): canceling Mon Nov 25 06:18:10 UTC 2019
------------------ testing $PTII/ptolemy/domains/de/test/auto/Modal2.xml
auto.tcl: Setting watchdog for 200 seconds at Mon Nov 25 06:18:10 UTC 2019
12 ms. Memory: 48128K Free: 21553K (45%)
ptolemy.util.test.WatchDog.cancel(): canceling Mon Nov 25 06:18:10 UTC 2019
auto.tcl: Setting watchdog for 200 seconds at Mon Nov 25 06:18:10 UTC 2019
14 ms. Memory: 48128K Free: 18320K (38%)
ptolemy.util.test.WatchDog.cancel(): canceling Mon Nov 25 06:18:10 UTC 2019
------------------ testing $PTII/ptolemy/domains/de/test/auto/Modal3.xml
auto.tcl: Setting watchdog for 200 seconds at Mon Nov 25 06:18:10 UTC 2019
17 ms. Memory: 48128K Free: 21107K (44%)
ptolemy.util.test.WatchDog.cancel(): canceling Mon Nov 25 06:18:10 UTC 2019
auto.tcl: Setting watchdog for 200 seconds at Mon Nov 25 06:18:10 UTC 2019
17 ms. Memory: 48128K Free: 17951K (37%)
ptolemy.util.test.WatchDog.cancel(): canceling Mon Nov 25 06:18:10 UTC 2019
------------------ testing $PTII/ptolemy/domains/de/test/auto/Modal4.xml
auto.tcl: Setting watchdog for 200 seconds at Mon Nov 25 06:18:10 UTC 2019
29 ms. Memory: 48128K Free: 20516K (43%)
ptolemy.util.test.WatchDog.cancel(): canceling Mon Nov 25 06:18:10 UTC 2019
auto.tcl: Setting watchdog for 200 seconds at Mon Nov 25 06:18:10 UTC 2019
22 ms. Memory: 48128K Free: 16669K (35%)
ptolemy.util.test.WatchDog.cancel(): canceling Mon Nov 25 06:18:10 UTC 2019
------------------ testing $PTII/ptolemy/domains/de/test/auto/Modal5.xml
auto.tcl: Setting watchdog for 200 seconds at Mon Nov 25 06:18:10 UTC 2019
18 ms. Memory: 48128K Free: 20487K (43%)
ptolemy.util.test.WatchDog.cancel(): canceling Mon Nov 25 06:18:11 UTC 2019
auto.tcl: Setting watchdog for 200 seconds at Mon Nov 25 06:18:11 UTC 2019
22 ms. Memory: 48128K Free: 16656K (35%)
ptolemy.util.test.WatchDog.cancel(): canceling Mon Nov 25 06:18:11 UTC 2019
------------------ testing $PTII/ptolemy/domains/de/test/auto/Modal6.xml
auto.tcl: Setting watchdog for 200 seconds at Mon Nov 25 06:18:11 UTC 2019
17 ms. Memory: 48128K Free: 21291K (44%)
ptolemy.util.test.WatchDog.cancel(): canceling Mon Nov 25 06:18:11 UTC 2019
auto.tcl: Setting watchdog for 200 seconds at Mon Nov 25 06:18:11 UTC 2019
19 ms. Memory: 48128K Free: 17302K (36%)
ptolemy.util.test.WatchDog.cancel(): canceling Mon Nov 25 06:18:11 UTC 2019
------------------ testing $PTII/ptolemy/domains/de/test/auto/Modal7.xml
auto.tcl: Setting watchdog for 200 seconds at Mon Nov 25 06:18:11 UTC 2019
19 ms. Memory: 48128K Free: 20299K (42%)
ptolemy.util.test.WatchDog.cancel(): canceling Mon Nov 25 06:18:11 UTC 2019
auto.tcl: Setting watchdog for 200 seconds at Mon Nov 25 06:18:11 UTC 2019
13 ms. Memory: 48128K Free: 16655K (35%)
ptolemy.util.test.WatchDog.cancel(): canceling Mon Nov 25 06:18:11 UTC 2019
------------------ testing $PTII/ptolemy/domains/de/test/auto/ModalModel.xml
auto.tcl: Setting watchdog for 200 seconds at Mon Nov 25 06:18:11 UTC 2019
222 ms. Memory: 58368K Free: 40946K (70%)
ptolemy.util.test.WatchDog.cancel(): canceling Mon Nov 25 06:18:11 UTC 2019
auto.tcl: Setting watchdog for 200 seconds at Mon Nov 25 06:18:11 UTC 2019
212 ms. Memory: 58368K Free: 36747K (63%)
ptolemy.util.test.WatchDog.cancel(): canceling Mon Nov 25 06:18:11 UTC 2019
------------------ testing $PTII/ptolemy/domains/de/test/auto/ModalSource.xml
auto.tcl: Setting watchdog for 200 seconds at Mon Nov 25 06:18:11 UTC 2019
6 ms. Memory: 51200K Free: 27874K (54%)
ptolemy.util.test.WatchDog.cancel(): canceling Mon Nov 25 06:18:11 UTC 2019
auto.tcl: Setting watchdog for 200 seconds at Mon Nov 25 06:18:11 UTC 2019
7 ms. Memory: 51200K Free: 25903K (51%)
ptolemy.util.test.WatchDog.cancel(): canceling Mon Nov 25 06:18:11 UTC 2019
------------------ testing $PTII/ptolemy/domains/de/test/auto/NonInterruptibleTimerZeroDelay.xml
auto.tcl: Setting watchdog for 200 seconds at Mon Nov 25 06:18:11 UTC 2019
4 ms. Memory: 51200K Free: 33298K (65%)
ptolemy.util.test.WatchDog.cancel(): canceling Mon Nov 25 06:18:11 UTC 2019
auto.tcl: Setting watchdog for 200 seconds at Mon Nov 25 06:18:11 UTC 2019
2 ms. Memory: 51200K Free: 32663K (64%)
ptolemy.util.test.WatchDog.cancel(): canceling Mon Nov 25 06:18:11 UTC 2019
------------------ testing $PTII/ptolemy/domains/de/test/auto/OpenQueueingNetwork.xml
auto.tcl: Setting watchdog for 200 seconds at Mon Nov 25 06:18:12 UTC 2019
2955 ms. Memory: 110592K Free: 64148K (58%)
ptolemy.util.test.WatchDog.cancel(): canceling Mon Nov 25 06:18:15 UTC 2019
auto.tcl: Setting watchdog for 200 seconds at Mon Nov 25 06:18:15 UTC 2019
2794 ms. Memory: 138240K Free: 103574K (75%)
ptolemy.util.test.WatchDog.cancel(): canceling Mon Nov 25 06:18:17 UTC 2019
------------------ testing $PTII/ptolemy/domains/de/test/auto/OpenQueuingNetwork.xml
auto.tcl: Setting watchdog for 200 seconds at Mon Nov 25 06:18:17 UTC 2019
243 ms. Memory: 55296K Free: 25014K (45%)
ptolemy.util.test.WatchDog.cancel(): canceling Mon Nov 25 06:18:18 UTC 2019
auto.tcl: Setting watchdog for 200 seconds at Mon Nov 25 06:18:18 UTC 2019
253 ms. Memory: 55296K Free: 33980K (61%)
ptolemy.util.test.WatchDog.cancel(): canceling Mon Nov 25 06:18:18 UTC 2019
------------------ testing $PTII/ptolemy/domains/de/test/auto/PeriodicSampler.xml
auto.tcl: Setting watchdog for 200 seconds at Mon Nov 25 06:18:18 UTC 2019
3 ms. Memory: 51200K Free: 32536K (64%)
ptolemy.util.test.WatchDog.cancel(): canceling Mon Nov 25 06:18:18 UTC 2019
auto.tcl: Setting watchdog for 200 seconds at Mon Nov 25 06:18:18 UTC 2019
2 ms. Memory: 51200K Free: 32044K (63%)
ptolemy.util.test.WatchDog.cancel(): canceling Mon Nov 25 06:18:18 UTC 2019
------------------ testing $PTII/ptolemy/domains/de/test/auto/PersistentIO.xml
auto.tcl: Setting watchdog for 200 seconds at Mon Nov 25 06:18:18 UTC 2019
19 ms. Memory: 51200K Free: 27444K (54%)
ptolemy.util.test.WatchDog.cancel(): canceling Mon Nov 25 06:18:18 UTC 2019
auto.tcl: Setting watchdog for 200 seconds at Mon Nov 25 06:18:18 UTC 2019
5 ms. Memory: 51200K Free: 25960K (51%)
ptolemy.util.test.WatchDog.cancel(): canceling Mon Nov 25 06:18:18 UTC 2019
------------------ testing $PTII/ptolemy/domains/de/test/auto/PortParameterResetOnInitialize.xml
auto.tcl: Setting watchdog for 200 seconds at Mon Nov 25 06:18:18 UTC 2019
2 ms. Memory: 48128K Free: 29380K (61%)
ptolemy.util.test.WatchDog.cancel(): canceling Mon Nov 25 06:18:18 UTC 2019
auto.tcl: Setting watchdog for 200 seconds at Mon Nov 25 06:18:18 UTC 2019
2 ms. Memory: 48128K Free: 28893K (60%)
ptolemy.util.test.WatchDog.cancel(): canceling Mon Nov 25 06:18:18 UTC 2019
------------------ testing $PTII/ptolemy/domains/de/test/auto/PortParameterUpdates.xml
auto.tcl: Setting watchdog for 200 seconds at Mon Nov 25 06:18:18 UTC 2019
9 ms. Memory: 48128K Free: 27471K (57%)
ptolemy.util.test.WatchDog.cancel(): canceling Mon Nov 25 06:18:18 UTC 2019
auto.tcl: Setting watchdog for 200 seconds at Mon Nov 25 06:18:18 UTC 2019
4 ms. Memory: 48128K Free: 26020K (54%)
ptolemy.util.test.WatchDog.cancel(): canceling Mon Nov 25 06:18:18 UTC 2019
------------------ testing $PTII/ptolemy/domains/de/test/auto/QueueAndServer.xml
auto.tcl: Setting watchdog for 200 seconds at Mon Nov 25 06:18:18 UTC 2019
9 ms. Memory: 48128K Free: 26390K (55%)
ptolemy.util.test.WatchDog.cancel(): canceling Mon Nov 25 06:18:18 UTC 2019
auto.tcl: Setting watchdog for 200 seconds at Mon Nov 25 06:18:18 UTC 2019
6 ms. Memory: 48128K Free: 24968K (52%)
ptolemy.util.test.WatchDog.cancel(): canceling Mon Nov 25 06:18:18 UTC 2019
------------------ testing $PTII/ptolemy/domains/de/test/auto/Records.xml
auto.tcl: Setting watchdog for 200 seconds at Mon Nov 25 06:18:19 UTC 2019
9 ms. Memory: 48128K Free: 28932K (60%)
ptolemy.util.test.WatchDog.cancel(): canceling Mon Nov 25 06:18:19 UTC 2019
auto.tcl: Setting watchdog for 200 seconds at Mon Nov 25 06:18:19 UTC 2019
2 ms. Memory: 48128K Free: 28435K (59%)
ptolemy.util.test.WatchDog.cancel(): canceling Mon Nov 25 06:18:19 UTC 2019
------------------ testing $PTII/ptolemy/domains/de/test/auto/ResetTransitionWithStartTime1.xml
auto.tcl: Setting watchdog for 200 seconds at Mon Nov 25 06:18:19 UTC 2019
6 ms. Memory: 48128K Free: 25869K (54%)
ptolemy.util.test.WatchDog.cancel(): canceling Mon Nov 25 06:18:19 UTC 2019
auto.tcl: Setting watchdog for 200 seconds at Mon Nov 25 06:18:19 UTC 2019
5 ms. Memory: 48128K Free: 23789K (49%)
ptolemy.util.test.WatchDog.cancel(): canceling Mon Nov 25 06:18:19 UTC 2019
------------------ testing $PTII/ptolemy/domains/de/test/auto/ResetTransitionWithStartTime2.xml
auto.tcl: Setting watchdog for 200 seconds at Mon Nov 25 06:18:19 UTC 2019
5 ms. Memory: 48128K Free: 25825K (54%)
ptolemy.util.test.WatchDog.cancel(): canceling Mon Nov 25 06:18:19 UTC 2019
auto.tcl: Setting watchdog for 200 seconds at Mon Nov 25 06:18:19 UTC 2019
6 ms. Memory: 48128K Free: 23273K (48%)
ptolemy.util.test.WatchDog.cancel(): canceling Mon Nov 25 06:18:19 UTC 2019
------------------ testing $PTII/ptolemy/domains/de/test/auto/ResetTransitionWithStartTime3.xml
auto.tcl: Setting watchdog for 200 seconds at Mon Nov 25 06:18:19 UTC 2019
9 ms. Memory: 48128K Free: 25824K (54%)
ptolemy.util.test.WatchDog.cancel(): canceling Mon Nov 25 06:18:19 UTC 2019
auto.tcl: Setting watchdog for 200 seconds at Mon Nov 25 06:18:19 UTC 2019
6 ms. Memory: 48128K Free: 23297K (48%)
ptolemy.util.test.WatchDog.cancel(): canceling Mon Nov 25 06:18:19 UTC 2019
------------------ testing $PTII/ptolemy/domains/de/test/auto/ResetTransitionWithStartTime4.xml
auto.tcl: Setting watchdog for 200 seconds at Mon Nov 25 06:18:19 UTC 2019
6 ms. Memory: 48128K Free: 26271K (55%)
ptolemy.util.test.WatchDog.cancel(): canceling Mon Nov 25 06:18:19 UTC 2019
auto.tcl: Setting watchdog for 200 seconds at Mon Nov 25 06:18:19 UTC 2019
4 ms. Memory: 48128K Free: 24865K (52%)
ptolemy.util.test.WatchDog.cancel(): canceling Mon Nov 25 06:18:19 UTC 2019
------------------ testing $PTII/ptolemy/domains/de/test/auto/ResettableTimer1.xml
auto.tcl: Setting watchdog for 200 seconds at Mon Nov 25 06:18:19 UTC 2019
2 ms. Memory: 48128K Free: 30320K (63%)
ptolemy.util.test.WatchDog.cancel(): canceling Mon Nov 25 06:18:19 UTC 2019
auto.tcl: Setting watchdog for 200 seconds at Mon Nov 25 06:18:19 UTC 2019
2 ms. Memory: 48128K Free: 29422K (61%)
ptolemy.util.test.WatchDog.cancel(): canceling Mon Nov 25 06:18:19 UTC 2019
------------------ testing $PTII/ptolemy/domains/de/test/auto/ResettableTimer2.xml
auto.tcl: Setting watchdog for 200 seconds at Mon Nov 25 06:18:19 UTC 2019
2 ms. Memory: 48128K Free: 30376K (63%)
ptolemy.util.test.WatchDog.cancel(): canceling Mon Nov 25 06:18:19 UTC 2019
auto.tcl: Setting watchdog for 200 seconds at Mon Nov 25 06:18:19 UTC 2019
2 ms. Memory: 48128K Free: 29462K (61%)
ptolemy.util.test.WatchDog.cancel(): canceling Mon Nov 25 06:18:19 UTC 2019
------------------ testing $PTII/ptolemy/domains/de/test/auto/ResettableTimer3.xml
auto.tcl: Setting watchdog for 200 seconds at Mon Nov 25 06:18:19 UTC 2019
1 ms. Memory: 48128K Free: 30436K (63%)
ptolemy.util.test.WatchDog.cancel(): canceling Mon Nov 25 06:18:19 UTC 2019
auto.tcl: Setting watchdog for 200 seconds at Mon Nov 25 06:18:19 UTC 2019
2 ms. Memory: 48128K Free: 29956K (62%)
ptolemy.util.test.WatchDog.cancel(): canceling Mon Nov 25 06:18:19 UTC 2019
------------------ testing $PTII/ptolemy/domains/de/test/auto/ResettableTimer4.xml
auto.tcl: Setting watchdog for 200 seconds at Mon Nov 25 06:18:19 UTC 2019
1 ms. Memory: 48128K Free: 29993K (62%)
ptolemy.util.test.WatchDog.cancel(): canceling Mon Nov 25 06:18:19 UTC 2019
auto.tcl: Setting watchdog for 200 seconds at Mon Nov 25 06:18:19 UTC 2019
1 ms. Memory: 48128K Free: 29495K (61%)
ptolemy.util.test.WatchDog.cancel(): canceling Mon Nov 25 06:18:19 UTC 2019
------------------ testing $PTII/ptolemy/domains/de/test/auto/ResettableTimer5.xml
auto.tcl: Setting watchdog for 200 seconds at Mon Nov 25 06:18:19 UTC 2019
5 ms. Memory: 48128K Free: 29439K (61%)
ptolemy.util.test.WatchDog.cancel(): canceling Mon Nov 25 06:18:19 UTC 2019
auto.tcl: Setting watchdog for 200 seconds at Mon Nov 25 06:18:19 UTC 2019
1 ms. Memory: 48128K Free: 28951K (60%)
ptolemy.util.test.WatchDog.cancel(): canceling Mon Nov 25 06:18:19 UTC 2019
------------------ testing $PTII/ptolemy/domains/de/test/auto/ResettableTimer6.xml
auto.tcl: Setting watchdog for 200 seconds at Mon Nov 25 06:18:19 UTC 2019
2 ms. Memory: 48128K Free: 29444K (61%)
ptolemy.util.test.WatchDog.cancel(): canceling Mon Nov 25 06:18:19 UTC 2019
auto.tcl: Setting watchdog for 200 seconds at Mon Nov 25 06:18:19 UTC 2019
1 ms. Memory: 48128K Free: 28958K (60%)
ptolemy.util.test.WatchDog.cancel(): canceling Mon Nov 25 06:18:19 UTC 2019
------------------ testing $PTII/ptolemy/domains/de/test/auto/ServerZeroDelay.xml
auto.tcl: Setting watchdog for 200 seconds at Mon Nov 25 06:18:19 UTC 2019
4 ms. Memory: 48128K Free: 29949K (62%)
ptolemy.util.test.WatchDog.cancel(): canceling Mon Nov 25 06:18:19 UTC 2019
auto.tcl: Setting watchdog for 200 seconds at Mon Nov 25 06:18:19 UTC 2019
2 ms. Memory: 48128K Free: 28984K (60%)
ptolemy.util.test.WatchDog.cancel(): canceling Mon Nov 25 06:18:19 UTC 2019
------------------ testing $PTII/ptolemy/domains/de/test/auto/SmartSender.xml
auto.tcl: Setting watchdog for 200 seconds at Mon Nov 25 06:18:19 UTC 2019
3001 ms. Memory: 48128K Free: 29968K (62%)
ptolemy.util.test.WatchDog.cancel(): canceling Mon Nov 25 06:18:22 UTC 2019
auto.tcl: Setting watchdog for 200 seconds at Mon Nov 25 06:18:22 UTC 2019
3001 ms. Memory: 48128K Free: 29469K (61%)
ptolemy.util.test.WatchDog.cancel(): canceling Mon Nov 25 06:18:25 UTC 2019
------------------ testing $PTII/ptolemy/domains/de/test/auto/ThreadedComposite.xml
auto.tcl: Setting watchdog for 200 seconds at Mon Nov 25 06:18:25 UTC 2019
209 ms. Memory: 48128K Free: 10502K (22%)
ptolemy.util.test.WatchDog.cancel(): canceling Mon Nov 25 06:18:26 UTC 2019
auto.tcl: Setting watchdog for 200 seconds at Mon Nov 25 06:18:26 UTC 2019
125 ms. Memory: 48128K Free: 23843K (50%)
ptolemy.util.test.WatchDog.cancel(): canceling Mon Nov 25 06:18:26 UTC 2019
------------------ testing $PTII/ptolemy/domains/de/test/auto/Time.xml
auto.tcl: Setting watchdog for 200 seconds at Mon Nov 25 06:18:26 UTC 2019
557 ms. Memory: 48128K Free: 28511K (59%)
ptolemy.util.test.WatchDog.cancel(): canceling Mon Nov 25 06:18:26 UTC 2019
auto.tcl: Setting watchdog for 200 seconds at Mon Nov 25 06:18:26 UTC 2019
575 ms. Memory: 48128K Free: 26075K (54%)
ptolemy.util.test.WatchDog.cancel(): canceling Mon Nov 25 06:18:27 UTC 2019
------------------ testing $PTII/ptolemy/domains/de/test/auto/TimeDelayZeroDelay.xml
auto.tcl: Setting watchdog for 200 seconds at Mon Nov 25 06:18:27 UTC 2019
2 ms. Memory: 48128K Free: 30370K (63%)
ptolemy.util.test.WatchDog.cancel(): canceling Mon Nov 25 06:18:27 UTC 2019
auto.tcl: Setting watchdog for 200 seconds at Mon Nov 25 06:18:27 UTC 2019
2 ms. Memory: 48128K Free: 29473K (61%)
ptolemy.util.test.WatchDog.cancel(): canceling Mon Nov 25 06:18:27 UTC 2019
------------------ testing $PTII/ptolemy/domains/de/test/auto/TimerZeroDelay.xml
auto.tcl: Setting watchdog for 200 seconds at Mon Nov 25 06:18:27 UTC 2019
2 ms. Memory: 48128K Free: 29917K (62%)
ptolemy.util.test.WatchDog.cancel(): canceling Mon Nov 25 06:18:27 UTC 2019
auto.tcl: Setting watchdog for 200 seconds at Mon Nov 25 06:18:27 UTC 2019
2 ms. Memory: 48128K Free: 29085K (60%)
ptolemy.util.test.WatchDog.cancel(): canceling Mon Nov 25 06:18:27 UTC 2019
------------------ testing $PTII/ptolemy/domains/de/test/auto/TimingParadox.xml
auto.tcl: Setting watchdog for 200 seconds at Mon Nov 25 06:18:27 UTC 2019
417 ms. Memory: 58368K Free: 23109K (40%)
ptolemy.util.test.WatchDog.cancel(): canceling Mon Nov 25 06:18:28 UTC 2019
auto.tcl: Setting watchdog for 200 seconds at Mon Nov 25 06:18:28 UTC 2019
370 ms. Memory: 58368K Free: 18093K (31%)
ptolemy.util.test.WatchDog.cancel(): canceling Mon Nov 25 06:18:28 UTC 2019
------------------ testing $PTII/ptolemy/domains/de/test/auto/TransferInputs.xml
auto.tcl: Setting watchdog for 200 seconds at Mon Nov 25 06:18:28 UTC 2019
10 ms. Memory: 51200K Free: 31456K (61%)
ptolemy.util.test.WatchDog.cancel(): canceling Mon Nov 25 06:18:28 UTC 2019
auto.tcl: Setting watchdog for 200 seconds at Mon Nov 25 06:18:28 UTC 2019
2 ms. Memory: 51200K Free: 30544K (60%)
ptolemy.util.test.WatchDog.cancel(): canceling Mon Nov 25 06:18:28 UTC 2019
------------------ testing $PTII/ptolemy/domains/de/test/auto/TransferOutputs2.xml
auto.tcl: Setting watchdog for 200 seconds at Mon Nov 25 06:18:28 UTC 2019
3 ms. Memory: 48128K Free: 25915K (54%)
ptolemy.util.test.WatchDog.cancel(): canceling Mon Nov 25 06:18:28 UTC 2019
auto.tcl: Setting watchdog for 200 seconds at Mon Nov 25 06:18:28 UTC 2019
3 ms. Memory: 48128K Free: 24414K (51%)
ptolemy.util.test.WatchDog.cancel(): canceling Mon Nov 25 06:18:28 UTC 2019
------------------ testing $PTII/ptolemy/domains/de/test/auto/Trilateration.xml
auto.tcl: Setting watchdog for 200 seconds at Mon Nov 25 06:18:28 UTC 2019
13463 ms. Memory: 389120K Free: 168486K (43%)
ptolemy.util.test.WatchDog.cancel(): canceling Mon Nov 25 06:18:43 UTC 2019
auto.tcl: Setting watchdog for 200 seconds at Mon Nov 25 06:18:43 UTC 2019
10885 ms. Memory: 389120K Free: 294881K (76%)
ptolemy.util.test.WatchDog.cancel(): canceling Mon Nov 25 06:18:54 UTC 2019
------------------ testing $PTII/ptolemy/domains/de/test/auto/TwoSigmaDelta.xml
auto.tcl: Setting watchdog for 200 seconds at Mon Nov 25 06:18:54 UTC 2019
3003 ms. Memory: 89088K Free: 60333K (68%)
ptolemy.util.test.WatchDog.cancel(): canceling Mon Nov 25 06:18:57 UTC 2019
auto.tcl: Setting watchdog for 200 seconds at Mon Nov 25 06:18:57 UTC 2019
2098 ms. Memory: 89088K Free: 51628K (58%)
ptolemy.util.test.WatchDog.cancel(): canceling Mon Nov 25 06:18:59 UTC 2019
------------------ testing $PTII/ptolemy/domains/de/test/auto/VariableDelay.xml
auto.tcl: Setting watchdog for 200 seconds at Mon Nov 25 06:18:59 UTC 2019
2 ms. Memory: 51200K Free: 31949K (62%)
ptolemy.util.test.WatchDog.cancel(): canceling Mon Nov 25 06:18:59 UTC 2019
auto.tcl: Setting watchdog for 200 seconds at Mon Nov 25 06:18:59 UTC 2019
2 ms. Memory: 51200K Free: 30933K (60%)
ptolemy.util.test.WatchDog.cancel(): canceling Mon Nov 25 06:18:59 UTC 2019
------------------ testing $PTII/ptolemy/domains/de/test/auto/VariableDelay2.xml
auto.tcl: Setting watchdog for 200 seconds at Mon Nov 25 06:18:59 UTC 2019
2 ms. Memory: 51200K Free: 32355K (63%)
ptolemy.util.test.WatchDog.cancel(): canceling Mon Nov 25 06:18:59 UTC 2019
auto.tcl: Setting watchdog for 200 seconds at Mon Nov 25 06:18:59 UTC 2019
1 ms. Memory: 51200K Free: 31851K (62%)
ptolemy.util.test.WatchDog.cancel(): canceling Mon Nov 25 06:18:59 UTC 2019
------------------ testing $PTII/ptolemy/domains/de/test/auto/VariableDelayZeroDelay.xml
auto.tcl: Setting watchdog for 200 seconds at Mon Nov 25 06:18:59 UTC 2019
1 ms. Memory: 51200K Free: 32874K (64%)
ptolemy.util.test.WatchDog.cancel(): canceling Mon Nov 25 06:18:59 UTC 2019
auto.tcl: Setting watchdog for 200 seconds at Mon Nov 25 06:18:59 UTC 2019
2 ms. Memory: 51200K Free: 32346K (63%)
ptolemy.util.test.WatchDog.cancel(): canceling Mon Nov 25 06:18:59 UTC 2019
------------------ testing $PTII/ptolemy/domains/de/test/auto/VariableDelayZeroDelay2.xml
auto.tcl: Setting watchdog for 200 seconds at Mon Nov 25 06:18:59 UTC 2019
1 ms. Memory: 51200K Free: 32873K (64%)
ptolemy.util.test.WatchDog.cancel(): canceling Mon Nov 25 06:18:59 UTC 2019
auto.tcl: Setting watchdog for 200 seconds at Mon Nov 25 06:18:59 UTC 2019
2 ms. Memory: 51200K Free: 31849K (62%)
ptolemy.util.test.WatchDog.cancel(): canceling Mon Nov 25 06:18:59 UTC 2019
------------------ testing $PTII/ptolemy/domains/de/test/auto/deInCt.xml
auto.tcl: Setting watchdog for 200 seconds at Mon Nov 25 06:18:59 UTC 2019
0
1
1
1
1
0
0
0
0
1
1
1
0
0
0
0
1
1
1
0
0
0
1
1
1
0
0
0
0
1
1
1
0
0
0
1
1
1
0
0
0
0
0
15 ms. Memory: 48128K Free: 28775K (60%)
ptolemy.util.test.WatchDog.cancel(): canceling Mon Nov 25 06:18:59 UTC 2019
auto.tcl: Setting watchdog for 200 seconds at Mon Nov 25 06:18:59 UTC 2019
0
1
1
1
1
1
0
0
0
0
1
1
0
0
0
0
1
1
1
1
0
0
0
1
1
1
0
0
0
0
9 ms. Memory: 48128K Free: 27237K (57%)
ptolemy.util.test.WatchDog.cancel(): canceling Mon Nov 25 06:19:00 UTC 2019
------------------ testing $PTII/ptolemy/domains/de/test/auto/deInCt2.xml
auto.tcl: Setting watchdog for 200 seconds at Mon Nov 25 06:19:00 UTC 2019
0
1
1
1
0
0
1
1
1
0
0
1
1
1
0
0
1
1
1
0
0
1
1
1
0
0
1
1
1
0
0
1
1
1
0
0
1
1
1
0
0
0
5 ms. Memory: 48128K Free: 28777K (60%)
ptolemy.util.test.WatchDog.cancel(): canceling Mon Nov 25 06:19:00 UTC 2019
auto.tcl: Setting watchdog for 200 seconds at Mon Nov 25 06:19:00 UTC 2019
0
1
1
1
0
0
1
1
1
0
0
1
1
1
0
0
1
1
1
0
0
1
1
1
0
0
1
1
1
0
0
1
1
1
0
0
1
1
1
0
0
0
7 ms. Memory: 48128K Free: 27226K (57%)
ptolemy.util.test.WatchDog.cancel(): canceling Mon Nov 25 06:19:00 UTC 2019
------------------ testing $PTII/ptolemy/domains/de/test/auto/dynamicCausalityInterface1.xml
auto.tcl: Setting watchdog for 200 seconds at Mon Nov 25 06:19:00 UTC 2019
1 ms. Memory: 48128K Free: 24675K (51%)
ptolemy.util.test.WatchDog.cancel(): canceling Mon Nov 25 06:19:00 UTC 2019
auto.tcl: Setting watchdog for 200 seconds at Mon Nov 25 06:19:00 UTC 2019
0 ms. Memory: 48128K Free: 24179K (50%)
ptolemy.util.test.WatchDog.cancel(): canceling Mon Nov 25 06:19:00 UTC 2019
------------------ testing $PTII/ptolemy/domains/de/test/auto/fsm_de_test.xml
auto.tcl: Setting watchdog for 200 seconds at Mon Nov 25 06:19:00 UTC 2019
7 ms. Memory: 48128K Free: 24574K (51%)
ptolemy.util.test.WatchDog.cancel(): canceling Mon Nov 25 06:19:00 UTC 2019
auto.tcl: Setting watchdog for 200 seconds at Mon Nov 25 06:19:00 UTC 2019
5 ms. Memory: 48128K Free: 22526K (47%)
ptolemy.util.test.WatchDog.cancel(): canceling Mon Nov 25 06:19:00 UTC 2019
------------------ testing $PTII/ptolemy/domains/de/test/auto/functionDependencyReconstruction.xml
auto.tcl: Setting watchdog for 200 seconds at Mon Nov 25 06:19:00 UTC 2019
3 ms. Memory: 48128K Free: 18571K (39%)
ptolemy.util.test.WatchDog.cancel(): canceling Mon Nov 25 06:19:00 UTC 2019
auto.tcl: Setting watchdog for 200 seconds at Mon Nov 25 06:19:00 UTC 2019
3 ms. Memory: 48128K Free: 16374K (34%)
ptolemy.util.test.WatchDog.cancel(): canceling Mon Nov 25 06:19:00 UTC 2019
------------------ testing $PTII/ptolemy/domains/de/test/auto/multirate.xml
auto.tcl: Setting watchdog for 200 seconds at Mon Nov 25 06:19:00 UTC 2019
4 ms. Memory: 48128K Free: 27227K (57%)
ptolemy.util.test.WatchDog.cancel(): canceling Mon Nov 25 06:19:00 UTC 2019
auto.tcl: Setting watchdog for 200 seconds at Mon Nov 25 06:19:00 UTC 2019
3 ms. Memory: 48128K Free: 25506K (53%)
ptolemy.util.test.WatchDog.cancel(): canceling Mon Nov 25 06:19:00 UTC 2019
------------------ testing $PTII/ptolemy/domains/de/test/auto/multirate2.xml
auto.tcl: Setting watchdog for 200 seconds at Mon Nov 25 06:19:00 UTC 2019
5 ms. Memory: 48128K Free: 27171K (56%)
ptolemy.util.test.WatchDog.cancel(): canceling Mon Nov 25 06:19:00 UTC 2019
auto.tcl: Setting watchdog for 200 seconds at Mon Nov 25 06:19:00 UTC 2019
3 ms. Memory: 48128K Free: 25664K (53%)
ptolemy.util.test.WatchDog.cancel(): canceling Mon Nov 25 06:19:00 UTC 2019
------------------ testing $PTII/ptolemy/domains/de/test/auto/realtime.xml
auto.tcl: Setting watchdog for 200 seconds at Mon Nov 25 06:19:00 UTC 2019
10001 ms. Memory: 48128K Free: 29463K (61%)
ptolemy.util.test.WatchDog.cancel(): canceling Mon Nov 25 06:19:10 UTC 2019
auto.tcl: Setting watchdog for 200 seconds at Mon Nov 25 06:19:10 UTC 2019
10001 ms. Memory: 48128K Free: 28721K (60%)
ptolemy.util.test.WatchDog.cancel(): canceling Mon Nov 25 06:19:20 UTC 2019
------------------ testing $PTII/ptolemy/domains/de/test/auto/relationGroup.xml
auto.tcl: Setting watchdog for 200 seconds at Mon Nov 25 06:19:20 UTC 2019
2 ms. Memory: 48128K Free: 30558K (63%)
ptolemy.util.test.WatchDog.cancel(): canceling Mon Nov 25 06:19:20 UTC 2019
auto.tcl: Setting watchdog for 200 seconds at Mon Nov 25 06:19:20 UTC 2019
2 ms. Memory: 48128K Free: 30036K (62%)
ptolemy.util.test.WatchDog.cancel(): canceling Mon Nov 25 06:19:20 UTC 2019
------------------ testing $PTII/ptolemy/domains/de/test/auto/relationGroup2.xml
auto.tcl: Setting watchdog for 200 seconds at Mon Nov 25 06:19:20 UTC 2019
1 ms. Memory: 48128K Free: 30584K (64%)
ptolemy.util.test.WatchDog.cancel(): canceling Mon Nov 25 06:19:20 UTC 2019
auto.tcl: Setting watchdog for 200 seconds at Mon Nov 25 06:19:20 UTC 2019
2 ms. Memory: 48128K Free: 30102K (63%)
ptolemy.util.test.WatchDog.cancel(): canceling Mon Nov 25 06:19:20 UTC 2019
------------------ testing $PTII/ptolemy/domains/de/test/auto/sortWithOpaquePorts.xml
auto.tcl: Setting watchdog for 200 seconds at Mon Nov 25 06:19:20 UTC 2019
1 ms. Memory: 48128K Free: 29301K (61%)
ptolemy.util.test.WatchDog.cancel(): canceling Mon Nov 25 06:19:20 UTC 2019
auto.tcl: Setting watchdog for 200 seconds at Mon Nov 25 06:19:20 UTC 2019
3 ms. Memory: 48128K Free: 28283K (59%)
ptolemy.util.test.WatchDog.cancel(): canceling Mon Nov 25 06:19:20 UTC 2019
------------------ testing $PTII/ptolemy/domains/de/test/auto/transferInputsandOutputs.xml
auto.tcl: Setting watchdog for 200 seconds at Mon Nov 25 06:19:20 UTC 2019
2 ms. Memory: 48128K Free: 26745K (56%)
ptolemy.util.test.WatchDog.cancel(): canceling Mon Nov 25 06:19:20 UTC 2019
auto.tcl: Setting watchdog for 200 seconds at Mon Nov 25 06:19:20 UTC 2019
3 ms. Memory: 48128K Free: 25765K (54%)
ptolemy.util.test.WatchDog.cancel(): canceling Mon Nov 25 06:19:20 UTC 2019
------------------ testing $PTII/ptolemy/domains/de/test/auto/triggerType.xml
auto.tcl: Setting watchdog for 200 seconds at Mon Nov 25 06:19:20 UTC 2019
1 ms. Memory: 48128K Free: 29770K (62%)
ptolemy.util.test.WatchDog.cancel(): canceling Mon Nov 25 06:19:20 UTC 2019
auto.tcl: Setting watchdog for 200 seconds at Mon Nov 25 06:19:20 UTC 2019
1 ms. Memory: 48128K Free: 28746K (60%)
ptolemy.util.test.WatchDog.cancel(): canceling Mon Nov 25 06:19:20 UTC 2019
11/25/19 06:19:20
Failed: 0  Total Tests: 192  ((Passed: 187, Newly Passed: 1)  Known Failed: 5) /home/travis/build/icyphy/ptII/ptolemy/domains/de/test
11/25/19 06:19:20
Failed: 0  Total Tests: 192  ((Passed: 187, Newly Passed: 1)  Known Failed: 5) /home/travis/build/icyphy/ptII/ptolemy/domains/de/test
----------------- testing (KnownFailure) /home/travis/build/icyphy/ptII/ptolemy/domains/de/test/auto/knownFailedTests/DESDFClockTest.xml
2012 ms. Memory: 48128K Free: 23164K (48%)
Known Failure: java.lang.reflect.InvocationTargetException
----------------- testing (KnownFailure) /home/travis/build/icyphy/ptII/ptolemy/domains/de/test/auto/knownFailedTests/DirectFeedback.xml
1 ms. Memory: 48128K Free: 19068K (40%)
Known Failure: java.lang.reflect.InvocationTargetException
----------------- testing (KnownFailure) /home/travis/build/icyphy/ptII/ptolemy/domains/de/test/auto/knownFailedTests/FSMSource.xml
8 ms. Memory: 48128K Free: 11390K (24%)
----------------- testing (KnownFailure) /home/travis/build/icyphy/ptII/ptolemy/domains/de/test/auto/knownFailedTests/HierarchicalModel.xml
3 ms. Memory: 48128K Free: 21487K (45%)
Known Failure: java.lang.reflect.InvocationTargetException
----------------- testing (KnownFailure) /home/travis/build/icyphy/ptII/ptolemy/domains/de/test/auto/knownFailedTests/dependencyLoop.xml
9 ms. Memory: 48128K Free: 31878K (66%)
Known Failure: java.lang.reflect.InvocationTargetException
----------------- testing (KnownFailure) /home/travis/build/icyphy/ptII/ptolemy/domains/de/test/auto/knownFailedTests/dependencyLoop2.xml
10 ms. Memory: 48128K Free: 16755K (35%)
Known Failure: java.lang.reflect.InvocationTargetException
No auto/linux-amd64/*.xml tests in /home/travis/build/icyphy/ptII/ptolemy/domains/de/test
AutoTests.java: About to close Vertx.
AutoTests.java: Vertx closed.

===========================================================================================
----------------- testing Mon Nov 25 06:19:23 UTC 2019 /home/travis/build/icyphy/ptII/ptolemy/domains/de/test/auto/ActorDepthCalculation_actorWithoutPorts.xml
----------------- Instantiating /home/travis/build/icyphy/ptII/ptolemy/domains/de/test/auto/ActorDepthCalculation_actorWithoutPorts.xml
2 ms. Memory: 48128K Free: 10547K (22%)
----------------- Invoking toplevel() on ptolemy.moml.MoMLSimpleApplication@7eedf969
----------------- Done invoking toplevel() on ptolemy.moml.MoMLSimpleApplication@7eedf969
reloadAllAccessors: .ActorDepthCalculation_actorWithoutPorts

===========================================================================================
----------------- testing Mon Nov 25 06:19:23 UTC 2019 /home/travis/build/icyphy/ptII/ptolemy/domains/de/test/auto/AssemblyLine.xml
----------------- Instantiating /home/travis/build/icyphy/ptII/ptolemy/domains/de/test/auto/AssemblyLine.xml
3 ms. Memory: 48128K Free: 28986K (60%)
----------------- Invoking toplevel() on ptolemy.moml.MoMLSimpleApplication@4abceec6
----------------- Done invoking toplevel() on ptolemy.moml.MoMLSimpleApplication@4abceec6
reloadAllAccessors: .AssemblyLine

===========================================================================================
----------------- testing Mon Nov 25 06:19:23 UTC 2019 /home/travis/build/icyphy/ptII/ptolemy/domains/de/test/auto/CQBug1.xml
----------------- Instantiating /home/travis/build/icyphy/ptII/ptolemy/domains/de/test/auto/CQBug1.xml
1 ms. Memory: 48128K Free: 25930K (54%)
----------------- Invoking toplevel() on ptolemy.moml.MoMLSimpleApplication@6a7129c1
----------------- Done invoking toplevel() on ptolemy.moml.MoMLSimpleApplication@6a7129c1
reloadAllAccessors: .CQBug1

===========================================================================================
----------------- testing Mon Nov 25 06:19:23 UTC 2019 /home/travis/build/icyphy/ptII/ptolemy/domains/de/test/auto/CancelFireAt.xml
----------------- Instantiating /home/travis/build/icyphy/ptII/ptolemy/domains/de/test/auto/CancelFireAt.xml
8 ms. Memory: 48128K Free: 23679K (49%)
----------------- Invoking toplevel() on ptolemy.moml.MoMLSimpleApplication@753b8cf5
----------------- Done invoking toplevel() on ptolemy.moml.MoMLSimpleApplication@753b8cf5
reloadAllAccessors: .CancelFireAt

===========================================================================================
----------------- testing Mon Nov 25 06:19:23 UTC 2019 /home/travis/build/icyphy/ptII/ptolemy/domains/de/test/auto/CausalityAndComposabilityAnalysis.xml
----------------- Instantiating /home/travis/build/icyphy/ptII/ptolemy/domains/de/test/auto/CausalityAndComposabilityAnalysis.xml
1 ms. Memory: 48128K Free: 19581K (41%)
----------------- Invoking toplevel() on ptolemy.moml.MoMLSimpleApplication@1189c274
----------------- Done invoking toplevel() on ptolemy.moml.MoMLSimpleApplication@1189c274
reloadAllAccessors: .CausalityAndComposabilityAnalysis

===========================================================================================
----------------- testing Mon Nov 25 06:19:23 UTC 2019 /home/travis/build/icyphy/ptII/ptolemy/domains/de/test/auto/CausalityInterface1.xml
----------------- Instantiating /home/travis/build/icyphy/ptII/ptolemy/domains/de/test/auto/CausalityInterface1.xml
4 ms. Memory: 48128K Free: 14680K (31%)
----------------- Invoking toplevel() on ptolemy.moml.MoMLSimpleApplication@3c5abe86
----------------- Done invoking toplevel() on ptolemy.moml.MoMLSimpleApplication@3c5abe86
reloadAllAccessors: .CausalityInterface1

===========================================================================================
----------------- testing Mon Nov 25 06:19:23 UTC 2019 /home/travis/build/icyphy/ptII/ptolemy/domains/de/test/auto/CausalityInterface15.xml
----------------- Instantiating /home/travis/build/icyphy/ptII/ptolemy/domains/de/test/auto/CausalityInterface15.xml
2 ms. Memory: 48128K Free: 9319K (19%)
----------------- Invoking toplevel() on ptolemy.moml.MoMLSimpleApplication@7ed13b54
----------------- Done invoking toplevel() on ptolemy.moml.MoMLSimpleApplication@7ed13b54
reloadAllAccessors: .CausalityInterface15

===========================================================================================
----------------- testing Mon Nov 25 06:19:23 UTC 2019 /home/travis/build/icyphy/ptII/ptolemy/domains/de/test/auto/CausalityInterface2.xml
----------------- Instantiating /home/travis/build/icyphy/ptII/ptolemy/domains/de/test/auto/CausalityInterface2.xml
1 ms. Memory: 48128K Free: 30440K (63%)
[...]
	at ptolemy.actor.Manager.run(Manager.java:1263)
	at ptolemy.actor.Manager$PtolemyRunThread.run(Manager.java:1933)
java.lang.RuntimeException: Execution failed
	at ptolemy.moml.MoMLSimpleApplication$UnloadThread.run(MoMLSimpleApplication.java:402)
Caused by: ptolemy.kernel.util.IllegalActionException: Actor is not ready to fire.  Perhaps UpSample.prefire() returned false? Try debugging the actor by selecting "Listen to Actor".  Also, for SDF check moml for tokenConsumptionRate on input.
  in .DESDFClockTest.Play Bell.Copy1:SDF Director and .DESDFClockTest.Play Bell.UpSample
	at ptolemy.actor.sched.StaticSchedulingDirector.fire(StaticSchedulingDirector.java:227)
	at ptolemy.domains.sdf.kernel.SDFDirector.fire(SDFDirector.java:500)
	at ptolemy.actor.CompositeActor.fire(CompositeActor.java:455)
	at ptolemy.domains.de.kernel.DEDirector._fire(DEDirector.java:1949)
	at ptolemy.domains.de.kernel.DEDirector.fire(DEDirector.java:502)
	at ptolemy.actor.CompositeActor.fire(CompositeActor.java:455)
	at ptolemy.actor.Manager.iterate(Manager.java:851)
	at ptolemy.actor.Manager.execute(Manager.java:369)
	at ptolemy.actor.Manager.run(Manager.java:1263)
	at ptolemy.actor.Manager$PtolemyRunThread.run(Manager.java:1933)
java.lang.reflect.InvocationTargetException
	at java.base/jdk.internal.reflect.NativeConstructorAccessorImpl.newInstance0(Native Method)
	at java.base/jdk.internal.reflect.NativeConstructorAccessorImpl.newInstance(NativeConstructorAccessorImpl.java:62)
	at java.base/jdk.internal.reflect.DelegatingConstructorAccessorImpl.newInstance(DelegatingConstructorAccessorImpl.java:45)
	at java.base/java.lang.reflect.Constructor.newInstance(Constructor.java:490)
	at ptolemy.util.test.junit.AutoKnownFailedTests.RunModel(AutoKnownFailedTests.java:105)
	at java.base/jdk.internal.reflect.NativeMethodAccessorImpl.invoke0(Native Method)
	at java.base/jdk.internal.reflect.NativeMethodAccessorImpl.invoke(NativeMethodAccessorImpl.java:62)
	at java.base/jdk.internal.reflect.DelegatingMethodAccessorImpl.invoke(DelegatingMethodAccessorImpl.java:43)
	at java.base/java.lang.reflect.Method.invoke(Method.java:566)
	at org.junit.runners.model.FrameworkMethod$1.runReflectiveCall(FrameworkMethod.java:44)
	at org.junit.internal.runners.model.ReflectiveCallable.run(ReflectiveCallable.java:15)
	at org.junit.runners.model.FrameworkMethod.invokeExplosively(FrameworkMethod.java:41)
	at junitparams.internal.InvokeParameterisedMethod.evaluate(InvokeParameterisedMethod.java:102)
	at org.junit.internal.runners.statements.FailOnTimeout$1.run(FailOnTimeout.java:28)
Caused by: ptolemy.kernel.util.IllegalActionException: Actor is not ready to fire.  Perhaps UpSample.prefire() returned false? Try debugging the actor by selecting "Listen to Actor".  Also, for SDF check moml for tokenConsumptionRate on input.
  in .DESDFClockTest.Play Bell.Copy1:SDF Director and .DESDFClockTest.Play Bell.UpSample
	at ptolemy.actor.sched.StaticSchedulingDirector.fire(StaticSchedulingDirector.java:227)
	at ptolemy.domains.sdf.kernel.SDFDirector.fire(SDFDirector.java:500)
	at ptolemy.actor.CompositeActor.fire(CompositeActor.java:455)
	at ptolemy.domains.de.kernel.DEDirector._fire(DEDirector.java:1949)
	at ptolemy.domains.de.kernel.DEDirector.fire(DEDirector.java:502)
	at ptolemy.actor.CompositeActor.fire(CompositeActor.java:455)
	at ptolemy.actor.Manager.iterate(Manager.java:851)
	at ptolemy.actor.Manager.execute(Manager.java:369)
	at ptolemy.actor.Manager.run(Manager.java:1263)
	at ptolemy.actor.Manager$PtolemyRunThread.run(Manager.java:1933)
java.lang.RuntimeException: Execution failed
	at ptolemy.moml.MoMLSimpleApplication$UnloadThread.run(MoMLSimpleApplication.java:402)
Caused by: ptolemy.kernel.util.IllegalActionException: Test fails in iteration 1.
Value was: 1.0. Should have been: 2.0
  in .DirectFeedback.Test
	at ptolemy.actor.lib.Test.fire(Test.java:268)
	at ptolemy.domains.de.kernel.DEDirector._fire(DEDirector.java:1949)
	at ptolemy.domains.de.kernel.DEDirector.fire(DEDirector.java:502)
	at ptolemy.actor.CompositeActor.fire(CompositeActor.java:455)
	at ptolemy.actor.Manager.iterate(Manager.java:851)
	at ptolemy.actor.Manager.execute(Manager.java:369)
	at ptolemy.actor.Manager.run(Manager.java:1263)
	at ptolemy.actor.Manager$PtolemyRunThread.run(Manager.java:1933)
java.lang.reflect.InvocationTargetException
	at java.base/jdk.internal.reflect.NativeConstructorAccessorImpl.newInstance0(Native Method)
	at java.base/jdk.internal.reflect.NativeConstructorAccessorImpl.newInstance(NativeConstructorAccessorImpl.java:62)
	at java.base/jdk.internal.reflect.DelegatingConstructorAccessorImpl.newInstance(DelegatingConstructorAccessorImpl.java:45)
	at java.base/java.lang.reflect.Constructor.newInstance(Constructor.java:490)
	at ptolemy.util.test.junit.AutoKnownFailedTests.RunModel(AutoKnownFailedTests.java:105)
	at java.base/jdk.internal.reflect.NativeMethodAccessorImpl.invoke0(Native Method)
	at java.base/jdk.internal.reflect.NativeMethodAccessorImpl.invoke(NativeMethodAccessorImpl.java:62)
	at java.base/jdk.internal.reflect.DelegatingMethodAccessorImpl.invoke(DelegatingMethodAccessorImpl.java:43)
	at java.base/java.lang.reflect.Method.invoke(Method.java:566)
	at org.junit.runners.model.FrameworkMethod$1.runReflectiveCall(FrameworkMethod.java:44)
	at org.junit.internal.runners.model.ReflectiveCallable.run(ReflectiveCallable.java:15)
	at org.junit.runners.model.FrameworkMethod.invokeExplosively(FrameworkMethod.java:41)
	at junitparams.internal.InvokeParameterisedMethod.evaluate(InvokeParameterisedMethod.java:102)
	at org.junit.internal.runners.statements.FailOnTimeout$1.run(FailOnTimeout.java:28)
Caused by: ptolemy.kernel.util.IllegalActionException: Test fails in iteration 1.
Value was: 1.0. Should have been: 2.0
  in .DirectFeedback.Test
	at ptolemy.actor.lib.Test.fire(Test.java:268)
	at ptolemy.domains.de.kernel.DEDirector._fire(DEDirector.java:1949)
	at ptolemy.domains.de.kernel.DEDirector.fire(DEDirector.java:502)
	at ptolemy.actor.CompositeActor.fire(CompositeActor.java:455)
	at ptolemy.actor.Manager.iterate(Manager.java:851)
	at ptolemy.actor.Manager.execute(Manager.java:369)
	at ptolemy.actor.Manager.run(Manager.java:1263)
	at ptolemy.actor.Manager$PtolemyRunThread.run(Manager.java:1933)
java.lang.RuntimeException: Execution failed
	at ptolemy.moml.MoMLSimpleApplication$UnloadThread.run(MoMLSimpleApplication.java:402)
Caused by: ptolemy.kernel.util.IllegalActionException: Found a zero delay loop containing .HierarchicalModel.A
  in .HierarchicalModel and .HierarchicalModel.A
	at ptolemy.actor.util.CausalityInterfaceForComposites._computeOutputPortDepth(CausalityInterfaceForComposites.java:759)
	at ptolemy.actor.util.CausalityInterfaceForComposites._computeInputDepth(CausalityInterfaceForComposites.java:696)
	at ptolemy.actor.util.CausalityInterfaceForComposites._computeOutputPortDepth(CausalityInterfaceForComposites.java:765)
	at ptolemy.actor.util.CausalityInterfaceForComposites._computeInputDepth(CausalityInterfaceForComposites.java:696)
	at ptolemy.actor.util.CausalityInterfaceForComposites._computeOutputPortDepth(CausalityInterfaceForComposites.java:765)
	at ptolemy.actor.util.CausalityInterfaceForComposites._computeInputDepth(CausalityInterfaceForComposites.java:696)
	at ptolemy.actor.util.CausalityInterfaceForComposites._computeActorDepth(CausalityInterfaceForComposites.java:532)
	at ptolemy.actor.util.CausalityInterfaceForComposites.checkForCycles(CausalityInterfaceForComposites.java:96)
	at ptolemy.domains.de.kernel.DEDirector.preinitialize(DEDirector.java:1338)
	at ptolemy.actor.CompositeActor.preinitialize(CompositeActor.java:1828)
	at ptolemy.actor.Manager.preinitializeAndResolveTypes(Manager.java:1040)
	at ptolemy.actor.Manager.initialize(Manager.java:710)
	at ptolemy.actor.Manager.execute(Manager.java:356)
	at ptolemy.actor.Manager.run(Manager.java:1263)
	at ptolemy.actor.Manager$PtolemyRunThread.run(Manager.java:1933)
java.lang.reflect.InvocationTargetException
	at java.base/jdk.internal.reflect.NativeConstructorAccessorImpl.newInstance0(Native Method)
	at java.base/jdk.internal.reflect.NativeConstructorAccessorImpl.newInstance(NativeConstructorAccessorImpl.java:62)
	at java.base/jdk.internal.reflect.DelegatingConstructorAccessorImpl.newInstance(DelegatingConstructorAccessorImpl.java:45)
	at java.base/java.lang.reflect.Constructor.newInstance(Constructor.java:490)
	at ptolemy.util.test.junit.AutoKnownFailedTests.RunModel(AutoKnownFailedTests.java:105)
	at java.base/jdk.internal.reflect.NativeMethodAccessorImpl.invoke0(Native Method)
	at java.base/jdk.internal.reflect.NativeMethodAccessorImpl.invoke(NativeMethodAccessorImpl.java:62)
	at java.base/jdk.internal.reflect.DelegatingMethodAccessorImpl.invoke(DelegatingMethodAccessorImpl.java:43)
	at java.base/java.lang.reflect.Method.invoke(Method.java:566)
	at org.junit.runners.model.FrameworkMethod$1.runReflectiveCall(FrameworkMethod.java:44)
	at org.junit.internal.runners.model.ReflectiveCallable.run(ReflectiveCallable.java:15)
	at org.junit.runners.model.FrameworkMethod.invokeExplosively(FrameworkMethod.java:41)
	at junitparams.internal.InvokeParameterisedMethod.evaluate(InvokeParameterisedMethod.java:102)
	at org.junit.internal.runners.statements.FailOnTimeout$1.run(FailOnTimeout.java:28)
Caused by: ptolemy.kernel.util.IllegalActionException: Found a zero delay loop containing .HierarchicalModel.A
  in .HierarchicalModel and .HierarchicalModel.A
	at ptolemy.actor.util.CausalityInterfaceForComposites._computeOutputPortDepth(CausalityInterfaceForComposites.java:759)
	at ptolemy.actor.util.CausalityInterfaceForComposites._computeInputDepth(CausalityInterfaceForComposites.java:696)
	at ptolemy.actor.util.CausalityInterfaceForComposites._computeOutputPortDepth(CausalityInterfaceForComposites.java:765)
	at ptolemy.actor.util.CausalityInterfaceForComposites._computeInputDepth(CausalityInterfaceForComposites.java:696)
	at ptolemy.actor.util.CausalityInterfaceForComposites._computeOutputPortDepth(CausalityInterfaceForComposites.java:765)
	at ptolemy.actor.util.CausalityInterfaceForComposites._computeInputDepth(CausalityInterfaceForComposites.java:696)
	at ptolemy.actor.util.CausalityInterfaceForComposites._computeActorDepth(CausalityInterfaceForComposites.java:532)
	at ptolemy.actor.util.CausalityInterfaceForComposites.checkForCycles(CausalityInterfaceForComposites.java:96)
	at ptolemy.domains.de.kernel.DEDirector.preinitialize(DEDirector.java:1338)
	at ptolemy.actor.CompositeActor.preinitialize(CompositeActor.java:1828)
	at ptolemy.actor.Manager.preinitializeAndResolveTypes(Manager.java:1040)
	at ptolemy.actor.Manager.initialize(Manager.java:710)
	at ptolemy.actor.Manager.execute(Manager.java:356)
	at ptolemy.actor.Manager.run(Manager.java:1263)
	at ptolemy.actor.Manager$PtolemyRunThread.run(Manager.java:1933)
java.lang.RuntimeException: Execution failed
	at ptolemy.moml.MoMLSimpleApplication$UnloadThread.run(MoMLSimpleApplication.java:402)
Caused by: ptolemy.kernel.util.IllegalActionException: Found a zero delay loop containing .dependencyLoop.original
  in .dependencyLoop and .dependencyLoop.original
	at ptolemy.actor.util.CausalityInterfaceForComposites._computeOutputPortDepth(CausalityInterfaceForComposites.java:759)
	at ptolemy.actor.util.CausalityInterfaceForComposites._computeInputDepth(CausalityInterfaceForComposites.java:696)
	at ptolemy.actor.util.CausalityInterfaceForComposites._computeOutputPortDepth(CausalityInterfaceForComposites.java:765)
	at ptolemy.actor.util.CausalityInterfaceForComposites._computeInputDepth(CausalityInterfaceForComposites.java:696)
	at ptolemy.actor.util.CausalityInterfaceForComposites._computeOutputPortDepth(CausalityInterfaceForComposites.java:765)
	at ptolemy.actor.util.CausalityInterfaceForComposites._computeInputDepth(CausalityInterfaceForComposites.java:696)
	at ptolemy.actor.util.CausalityInterfaceForComposites._computeActorDepth(CausalityInterfaceForComposites.java:532)
	at ptolemy.actor.util.CausalityInterfaceForComposites.checkForCycles(CausalityInterfaceForComposites.java:96)
	at ptolemy.domains.de.kernel.DEDirector.preinitialize(DEDirector.java:1338)
	at ptolemy.actor.CompositeActor.preinitialize(CompositeActor.java:1828)
	at ptolemy.actor.Manager.preinitializeAndResolveTypes(Manager.java:1040)
	at ptolemy.actor.Manager.initialize(Manager.java:710)
	at ptolemy.actor.Manager.execute(Manager.java:356)
	at ptolemy.actor.Manager.run(Manager.java:1263)
	at ptolemy.actor.Manager$PtolemyRunThread.run(Manager.java:1933)
java.lang.reflect.InvocationTargetException
	at java.base/jdk.internal.reflect.NativeConstructorAccessorImpl.newInstance0(Native Method)
	at java.base/jdk.internal.reflect.NativeConstructorAccessorImpl.newInstance(NativeConstructorAccessorImpl.java:62)
	at java.base/jdk.internal.reflect.DelegatingConstructorAccessorImpl.newInstance(DelegatingConstructorAccessorImpl.java:45)
	at java.base/java.lang.reflect.Constructor.newInstance(Constructor.java:490)
	at ptolemy.util.test.junit.AutoKnownFailedTests.RunModel(AutoKnownFailedTests.java:105)
	at java.base/jdk.internal.reflect.NativeMethodAccessorImpl.invoke0(Native Method)
	at java.base/jdk.internal.reflect.NativeMethodAccessorImpl.invoke(NativeMethodAccessorImpl.java:62)
	at java.base/jdk.internal.reflect.DelegatingMethodAccessorImpl.invoke(DelegatingMethodAccessorImpl.java:43)
	at java.base/java.lang.reflect.Method.invoke(Method.java:566)
	at org.junit.runners.model.FrameworkMethod$1.runReflectiveCall(FrameworkMethod.java:44)
	at org.junit.internal.runners.model.ReflectiveCallable.run(ReflectiveCallable.java:15)
	at org.junit.runners.model.FrameworkMethod.invokeExplosively(FrameworkMethod.java:41)
	at junitparams.internal.InvokeParameterisedMethod.evaluate(InvokeParameterisedMethod.java:102)
	at org.junit.internal.runners.statements.FailOnTimeout$1.run(FailOnTimeout.java:28)
Caused by: ptolemy.kernel.util.IllegalActionException: Found a zero delay loop containing .dependencyLoop.original
  in .dependencyLoop and .dependencyLoop.original
	at ptolemy.actor.util.CausalityInterfaceForComposites._computeOutputPortDepth(CausalityInterfaceForComposites.java:759)
	at ptolemy.actor.util.CausalityInterfaceForComposites._computeInputDepth(CausalityInterfaceForComposites.java:696)
	at ptolemy.actor.util.CausalityInterfaceForComposites._computeOutputPortDepth(CausalityInterfaceForComposites.java:765)
	at ptolemy.actor.util.CausalityInterfaceForComposites._computeInputDepth(CausalityInterfaceForComposites.java:696)
	at ptolemy.actor.util.CausalityInterfaceForComposites._computeOutputPortDepth(CausalityInterfaceForComposites.java:765)
	at ptolemy.actor.util.CausalityInterfaceForComposites._computeInputDepth(CausalityInterfaceForComposites.java:696)
	at ptolemy.actor.util.CausalityInterfaceForComposites._computeActorDepth(CausalityInterfaceForComposites.java:532)
	at ptolemy.actor.util.CausalityInterfaceForComposites.checkForCycles(CausalityInterfaceForComposites.java:96)
	at ptolemy.domains.de.kernel.DEDirector.preinitialize(DEDirector.java:1338)
	at ptolemy.actor.CompositeActor.preinitialize(CompositeActor.java:1828)
	at ptolemy.actor.Manager.preinitializeAndResolveTypes(Manager.java:1040)
	at ptolemy.actor.Manager.initialize(Manager.java:710)
	at ptolemy.actor.Manager.execute(Manager.java:356)
	at ptolemy.actor.Manager.run(Manager.java:1263)
	at ptolemy.actor.Manager$PtolemyRunThread.run(Manager.java:1933)
java.lang.RuntimeException: Execution failed
	at ptolemy.moml.MoMLSimpleApplication$UnloadThread.run(MoMLSimpleApplication.java:402)
Caused by: ptolemy.kernel.util.IllegalActionException: Found a zero delay loop containing .dependencyLoop2.original
  in .dependencyLoop2 and .dependencyLoop2.original
	at ptolemy.actor.util.CausalityInterfaceForComposites._computeOutputPortDepth(CausalityInterfaceForComposites.java:759)
	at ptolemy.actor.util.CausalityInterfaceForComposites._computeInputDepth(CausalityInterfaceForComposites.java:696)
	at ptolemy.actor.util.CausalityInterfaceForComposites._computeOutputPortDepth(CausalityInterfaceForComposites.java:765)
	at ptolemy.actor.util.CausalityInterfaceForComposites._computeInputDepth(CausalityInterfaceForComposites.java:696)
	at ptolemy.actor.util.CausalityInterfaceForComposites._computeOutputPortDepth(CausalityInterfaceForComposites.java:765)
	at ptolemy.actor.util.CausalityInterfaceForComposites._computeInputDepth(CausalityInterfaceForComposites.java:696)
	at ptolemy.actor.util.CausalityInterfaceForComposites._computeActorDepth(CausalityInterfaceForComposites.java:532)
	at ptolemy.actor.util.CausalityInterfaceForComposites.checkForCycles(CausalityInterfaceForComposites.java:96)
	at ptolemy.domains.de.kernel.DEDirector.preinitialize(DEDirector.java:1338)
	at ptolemy.actor.CompositeActor.preinitialize(CompositeActor.java:1828)
	at ptolemy.actor.Manager.preinitializeAndResolveTypes(Manager.java:1040)
	at ptolemy.actor.Manager.initialize(Manager.java:710)
	at ptolemy.actor.Manager.execute(Manager.java:356)
	at ptolemy.actor.Manager.run(Manager.java:1263)
	at ptolemy.actor.Manager$PtolemyRunThread.run(Manager.java:1933)
java.lang.reflect.InvocationTargetException
	at java.base/jdk.internal.reflect.NativeConstructorAccessorImpl.newInstance0(Native Method)
	at java.base/jdk.internal.reflect.NativeConstructorAccessorImpl.newInstance(NativeConstructorAccessorImpl.java:62)
	at java.base/jdk.internal.reflect.DelegatingConstructorAccessorImpl.newInstance(DelegatingConstructorAccessorImpl.java:45)
	at java.base/java.lang.reflect.Constructor.newInstance(Constructor.java:490)
	at ptolemy.util.test.junit.AutoKnownFailedTests.RunModel(AutoKnownFailedTests.java:105)
	at java.base/jdk.internal.reflect.NativeMethodAccessorImpl.invoke0(Native Method)
	at java.base/jdk.internal.reflect.NativeMethodAccessorImpl.invoke(NativeMethodAccessorImpl.java:62)
	at java.base/jdk.internal.reflect.DelegatingMethodAccessorImpl.invoke(DelegatingMethodAccessorImpl.java:43)
	at java.base/java.lang.reflect.Method.invoke(Method.java:566)
	at org.junit.runners.model.FrameworkMethod$1.runReflectiveCall(FrameworkMethod.java:44)
	at org.junit.internal.runners.model.ReflectiveCallable.run(ReflectiveCallable.java:15)
	at org.junit.runners.model.FrameworkMethod.invokeExplosively(FrameworkMethod.java:41)
	at junitparams.internal.InvokeParameterisedMethod.evaluate(InvokeParameterisedMethod.java:102)
	at org.junit.internal.runners.statements.FailOnTimeout$1.run(FailOnTimeout.java:28)
Caused by: ptolemy.kernel.util.IllegalActionException: Found a zero delay loop containing .dependencyLoop2.original
  in .dependencyLoop2 and .dependencyLoop2.original
	at ptolemy.actor.util.CausalityInterfaceForComposites._computeOutputPortDepth(CausalityInterfaceForComposites.java:759)
	at ptolemy.actor.util.CausalityInterfaceForComposites._computeInputDepth(CausalityInterfaceForComposites.java:696)
	at ptolemy.actor.util.CausalityInterfaceForComposites._computeOutputPortDepth(CausalityInterfaceForComposites.java:765)
	at ptolemy.actor.util.CausalityInterfaceForComposites._computeInputDepth(CausalityInterfaceForComposites.java:696)
	at ptolemy.actor.util.CausalityInterfaceForComposites._computeOutputPortDepth(CausalityInterfaceForComposites.java:765)
	at ptolemy.actor.util.CausalityInterfaceForComposites._computeInputDepth(CausalityInterfaceForComposites.java:696)
	at ptolemy.actor.util.CausalityInterfaceForComposites._computeActorDepth(CausalityInterfaceForComposites.java:532)
	at ptolemy.actor.util.CausalityInterfaceForComposites.checkForCycles(CausalityInterfaceForComposites.java:96)
	at ptolemy.domains.de.kernel.DEDirector.preinitialize(DEDirector.java:1338)
	at ptolemy.actor.CompositeActor.preinitialize(CompositeActor.java:1828)
	at ptolemy.actor.Manager.preinitializeAndResolveTypes(Manager.java:1040)
	at ptolemy.actor.Manager.initialize(Manager.java:710)
	at ptolemy.actor.Manager.execute(Manager.java:356)
	at ptolemy.actor.Manager.run(Manager.java:1263)
	at ptolemy.actor.Manager$PtolemyRunThread.run(Manager.java:1933)
]]></system-err>
</testsuite>
