<?xml version="1.0" encoding="UTF-8" ?>
<testsuite errors="0" failures="0" hostname="travis-job-cc4cbf90-af97-4f86-8759-a369f192dcc3" name="ptolemy.actor.lib.hoc.test.junit.JUnitTclTest" skipped="0" tests="58" time="31.638" timestamp="2020-10-05T15:42:22">
  <properties>
[...]
</properties>
  <testcase classname="ptolemy.util.test.junit.TclTests" name="[0] /home/travis/build/icyphy/ptII/ptolemy/actor/lib/hoc/test/IterateOverArray.tcl (RunTclFile)" time="0.298" />
  <testcase classname="ptolemy.util.test.junit.AutoKnownFailedTests" name="[0] /home/travis/build/icyphy/ptII/ptolemy/actor/lib/hoc/test/auto/knownFailedTests/PreinitializeMustBeInvokedRunComposite.xml (RunModel)" time="0.476" />
  <testcase classname="ptolemy.util.test.junit.AutoNameArchTests" name="[0] ThereAreNoAutoArchTests (RunModel)" time="0.01" />
  <testcase classname="ptolemy.util.test.junit.AutoTests" name="[0] /home/travis/build/icyphy/ptII/ptolemy/actor/lib/hoc/test/auto/AllToAllMultiInstanceComposite.xml (RunModel)" time="0.458" />
  <testcase classname="ptolemy.util.test.junit.AutoTests" name="[1] /home/travis/build/icyphy/ptII/ptolemy/actor/lib/hoc/test/auto/ApplyFFTTest.xml (RunModel)" time="0.357" />
  <testcase classname="ptolemy.util.test.junit.AutoTests" name="[2] /home/travis/build/icyphy/ptII/ptolemy/actor/lib/hoc/test/auto/ApplyFunction.xml (RunModel)" time="0.064" />
  <testcase classname="ptolemy.util.test.junit.AutoTests" name="[3] /home/travis/build/icyphy/ptII/ptolemy/actor/lib/hoc/test/auto/BackgroundExecution.xml (RunModel)" time="0.768" />
  <testcase classname="ptolemy.util.test.junit.AutoTests" name="[4] /home/travis/build/icyphy/ptII/ptolemy/actor/lib/hoc/test/auto/Case.xml (RunModel)" time="0.085" />
  <testcase classname="ptolemy.util.test.junit.AutoTests" name="[5] /home/travis/build/icyphy/ptII/ptolemy/actor/lib/hoc/test/auto/Case1.xml (RunModel)" time="0.05" />
  <testcase classname="ptolemy.util.test.junit.AutoTests" name="[6] /home/travis/build/icyphy/ptII/ptolemy/actor/lib/hoc/test/auto/Case2.xml (RunModel)" time="0.081" />
  <testcase classname="ptolemy.util.test.junit.AutoTests" name="[7] /home/travis/build/icyphy/ptII/ptolemy/actor/lib/hoc/test/auto/Case3.xml (RunModel)" time="0.059" />
  <testcase classname="ptolemy.util.test.junit.AutoTests" name="[8] /home/travis/build/icyphy/ptII/ptolemy/actor/lib/hoc/test/auto/Case4.xml (RunModel)" time="0.079" />
  <testcase classname="ptolemy.util.test.junit.AutoTests" name="[9] /home/travis/build/icyphy/ptII/ptolemy/actor/lib/hoc/test/auto/Case5.xml (RunModel)" time="0.082" />
  <testcase classname="ptolemy.util.test.junit.AutoTests" name="[10] /home/travis/build/icyphy/ptII/ptolemy/actor/lib/hoc/test/auto/Case6.xml (RunModel)" time="0.13" />
  <testcase classname="ptolemy.util.test.junit.AutoTests" name="[11] /home/travis/build/icyphy/ptII/ptolemy/actor/lib/hoc/test/auto/CaseString2.xml (RunModel)" time="0.058" />
  <testcase classname="ptolemy.util.test.junit.AutoTests" name="[12] /home/travis/build/icyphy/ptII/ptolemy/actor/lib/hoc/test/auto/CatchUpComposite1.xml (RunModel)" time="0.1" />
  <testcase classname="ptolemy.util.test.junit.AutoTests" name="[13] /home/travis/build/icyphy/ptII/ptolemy/actor/lib/hoc/test/auto/CatchUpComposite2.xml (RunModel)" time="0.052" />
  <testcase classname="ptolemy.util.test.junit.AutoTests" name="[14] /home/travis/build/icyphy/ptII/ptolemy/actor/lib/hoc/test/auto/CatchUpComposite3.xml (RunModel)" time="0.051" />
  <testcase classname="ptolemy.util.test.junit.AutoTests" name="[15] /home/travis/build/icyphy/ptII/ptolemy/actor/lib/hoc/test/auto/CatchUpComposite4.xml (RunModel)" time="0.062" />
  <testcase classname="ptolemy.util.test.junit.AutoTests" name="[16] /home/travis/build/icyphy/ptII/ptolemy/actor/lib/hoc/test/auto/CatchUpComposite5.xml (RunModel)" time="0.036" />
  <testcase classname="ptolemy.util.test.junit.AutoTests" name="[17] /home/travis/build/icyphy/ptII/ptolemy/actor/lib/hoc/test/auto/CatchUpComposite6.xml (RunModel)" time="0.167" />
  <testcase classname="ptolemy.util.test.junit.AutoTests" name="[18] /home/travis/build/icyphy/ptII/ptolemy/actor/lib/hoc/test/auto/CatchUpComposite7.xml (RunModel)" time="0.096" />
  <testcase classname="ptolemy.util.test.junit.AutoTests" name="[19] /home/travis/build/icyphy/ptII/ptolemy/actor/lib/hoc/test/auto/ConcurrentExecutionTimeSDF.xml (RunModel)" time="0.782" />
  <testcase classname="ptolemy.util.test.junit.AutoTests" name="[20] /home/travis/build/icyphy/ptII/ptolemy/actor/lib/hoc/test/auto/ConcurrentSleep.xml (RunModel)" time="0.78" />
  <testcase classname="ptolemy.util.test.junit.AutoTests" name="[21] /home/travis/build/icyphy/ptII/ptolemy/actor/lib/hoc/test/auto/DEInPNInRunCompositeActor.xml (RunModel)" time="0.032" />
  <testcase classname="ptolemy.util.test.junit.AutoTests" name="[22] /home/travis/build/icyphy/ptII/ptolemy/actor/lib/hoc/test/auto/DFTSubSetTest.xml (RunModel)" time="0.245" />
  <testcase classname="ptolemy.util.test.junit.AutoTests" name="[23] /home/travis/build/icyphy/ptII/ptolemy/actor/lib/hoc/test/auto/HocDE.xml (RunModel)" time="0.192" />
  <testcase classname="ptolemy.util.test.junit.AutoTests" name="[24] /home/travis/build/icyphy/ptII/ptolemy/actor/lib/hoc/test/auto/IterateOverArray.xml (RunModel)" time="0.04" />
  <testcase classname="ptolemy.util.test.junit.AutoTests" name="[25] /home/travis/build/icyphy/ptII/ptolemy/actor/lib/hoc/test/auto/IterateOverArray10.xml (RunModel)" time="0.017" />
  <testcase classname="ptolemy.util.test.junit.AutoTests" name="[26] /home/travis/build/icyphy/ptII/ptolemy/actor/lib/hoc/test/auto/IterateOverArray11.xml (RunModel)" time="0.029" />
  <testcase classname="ptolemy.util.test.junit.AutoTests" name="[27] /home/travis/build/icyphy/ptII/ptolemy/actor/lib/hoc/test/auto/IterateOverArray12.xml (RunModel)" time="0.037" />
  <testcase classname="ptolemy.util.test.junit.AutoTests" name="[28] /home/travis/build/icyphy/ptII/ptolemy/actor/lib/hoc/test/auto/IterateOverArray13.xml (RunModel)" time="0.169" />
  <testcase classname="ptolemy.util.test.junit.AutoTests" name="[29] /home/travis/build/icyphy/ptII/ptolemy/actor/lib/hoc/test/auto/IterateOverArray14.xml (RunModel)" time="0.162" />
  <testcase classname="ptolemy.util.test.junit.AutoTests" name="[30] /home/travis/build/icyphy/ptII/ptolemy/actor/lib/hoc/test/auto/IterateOverArray2.xml (RunModel)" time="0.017" />
  <testcase classname="ptolemy.util.test.junit.AutoTests" name="[31] /home/travis/build/icyphy/ptII/ptolemy/actor/lib/hoc/test/auto/IterateOverArray3.xml (RunModel)" time="0.029" />
  <testcase classname="ptolemy.util.test.junit.AutoTests" name="[32] /home/travis/build/icyphy/ptII/ptolemy/actor/lib/hoc/test/auto/IterateOverArray4.xml (RunModel)" time="0.025" />
  <testcase classname="ptolemy.util.test.junit.AutoTests" name="[33] /home/travis/build/icyphy/ptII/ptolemy/actor/lib/hoc/test/auto/IterateOverArray5.xml (RunModel)" time="0.025" />
  <testcase classname="ptolemy.util.test.junit.AutoTests" name="[34] /home/travis/build/icyphy/ptII/ptolemy/actor/lib/hoc/test/auto/IterateOverArray6.xml (RunModel)" time="0.013" />
  <testcase classname="ptolemy.util.test.junit.AutoTests" name="[35] /home/travis/build/icyphy/ptII/ptolemy/actor/lib/hoc/test/auto/IterateOverArray7.xml (RunModel)" time="0.024" />
  <testcase classname="ptolemy.util.test.junit.AutoTests" name="[36] /home/travis/build/icyphy/ptII/ptolemy/actor/lib/hoc/test/auto/IterateOverArray8.xml (RunModel)" time="0.018" />
  <testcase classname="ptolemy.util.test.junit.AutoTests" name="[37] /home/travis/build/icyphy/ptII/ptolemy/actor/lib/hoc/test/auto/IterateOverArray9.xml (RunModel)" time="0.036" />
  <testcase classname="ptolemy.util.test.junit.AutoTests" name="[38] /home/travis/build/icyphy/ptII/ptolemy/actor/lib/hoc/test/auto/IterateOverArrayCoercedOutputType.xml (RunModel)" time="0.044" />
  <testcase classname="ptolemy.util.test.junit.AutoTests" name="[39] /home/travis/build/icyphy/ptII/ptolemy/actor/lib/hoc/test/auto/IterateOverArrayInferredOutputType.xml (RunModel)" time="0.025" />
  <testcase classname="ptolemy.util.test.junit.AutoTests" name="[40] /home/travis/build/icyphy/ptII/ptolemy/actor/lib/hoc/test/auto/MobileFunctionTest.xml (RunModel)" time="0.021" />
  <testcase classname="ptolemy.util.test.junit.AutoTests" name="[41] /home/travis/build/icyphy/ptII/ptolemy/actor/lib/hoc/test/auto/MobileModelTest.xml (RunModel)" time="0.17" />
  <testcase classname="ptolemy.util.test.junit.AutoTests" name="[42] /home/travis/build/icyphy/ptII/ptolemy/actor/lib/hoc/test/auto/ModelReference.xml (RunModel)" time="0.089" />
  <testcase classname="ptolemy.util.test.junit.AutoTests" name="[43] /home/travis/build/icyphy/ptII/ptolemy/actor/lib/hoc/test/auto/ModelReference3.xml (RunModel)" time="0.052" />
  <testcase classname="ptolemy.util.test.junit.AutoTests" name="[44] /home/travis/build/icyphy/ptII/ptolemy/actor/lib/hoc/test/auto/ModelReference4.xml (RunModel)" time="10.037" />
  <testcase classname="ptolemy.util.test.junit.AutoTests" name="[45] /home/travis/build/icyphy/ptII/ptolemy/actor/lib/hoc/test/auto/MultiInstanceComposite.xml (RunModel)" time="0.049" />
  <testcase classname="ptolemy.util.test.junit.AutoTests" name="[46] /home/travis/build/icyphy/ptII/ptolemy/actor/lib/hoc/test/auto/MultiInstanceComposite2.xml (RunModel)" time="0.039" />
  <testcase classname="ptolemy.util.test.junit.AutoTests" name="[47] /home/travis/build/icyphy/ptII/ptolemy/actor/lib/hoc/test/auto/MulticoreExecution.xml (RunModel)" time="1.072" />
  <testcase classname="ptolemy.util.test.junit.AutoTests" name="[48] /home/travis/build/icyphy/ptII/ptolemy/actor/lib/hoc/test/auto/ParallelExecution.xml (RunModel)" time="0.942" />
  <testcase classname="ptolemy.util.test.junit.AutoTests" name="[49] /home/travis/build/icyphy/ptII/ptolemy/actor/lib/hoc/test/auto/RunCompositeActor.xml (RunModel)" time="0.041" />
  <testcase classname="ptolemy.util.test.junit.AutoTests" name="[50] /home/travis/build/icyphy/ptII/ptolemy/actor/lib/hoc/test/auto/RunCompositeActor2.xml (RunModel)" time="0.022" />
  <testcase classname="ptolemy.util.test.junit.AutoTests" name="[51] /home/travis/build/icyphy/ptII/ptolemy/actor/lib/hoc/test/auto/RunCompositeActor3.xml (RunModel)" time="0.02" />
  <testcase classname="ptolemy.util.test.junit.AutoTests" name="[52] /home/travis/build/icyphy/ptII/ptolemy/actor/lib/hoc/test/auto/RunCompositeActor4.xml (RunModel)" time="0.025" />
  <testcase classname="ptolemy.util.test.junit.AutoTests" name="[53] /home/travis/build/icyphy/ptII/ptolemy/actor/lib/hoc/test/auto/RunCompositeIterateOverArray.xml (RunModel)" time="0.024" />
  <testcase classname="ptolemy.util.test.junit.AutoTests" name="[54] /home/travis/build/icyphy/ptII/ptolemy/actor/lib/hoc/test/auto/ThreadedJS.xml (RunModel)" time="12.033" />
  <system-out><![CDATA[/home/travis/build/icyphy/ptII/ptolemy/actor/lib/hoc/test/IterateOverArray.tcl
testDefs.tcl: setting time out to 9000 seconds at Mon Oct 05 15:42:22 UTC 2020
10/05/20 03:42:22
Failed: 0  Total Tests: 2  ((Passed: 2, Newly Passed: 0)  Known Failed: 0) /home/travis/build/icyphy/ptII/ptolemy/actor/lib/hoc/test
----------------- testing (KnownFailure) /home/travis/build/icyphy/ptII/ptolemy/actor/lib/hoc/test/auto/knownFailedTests/PreinitializeMustBeInvokedRunComposite.xml
74 ms. Memory: 129024K Free: 87422K (68%)
Known Failure: java.lang.reflect.InvocationTargetException
No auto/linux-amd64/*.xml tests in /home/travis/build/icyphy/ptII/ptolemy/actor/lib/hoc/test
AutoTests.java: About to close Vertx.
AutoTests.java: Vertx closed.

===========================================================================================
----------------- testing Mon Oct 05 15:42:23 UTC 2020 /home/travis/build/icyphy/ptII/ptolemy/actor/lib/hoc/test/auto/AllToAllMultiInstanceComposite.xml
----------------- Instantiating /home/travis/build/icyphy/ptII/ptolemy/actor/lib/hoc/test/auto/AllToAllMultiInstanceComposite.xml
249 ms. Memory: 129024K Free: 108282K (84%)
----------------- Invoking toplevel() on ptolemy.moml.MoMLSimpleApplication@1e4e0feb
----------------- Done invoking toplevel() on ptolemy.moml.MoMLSimpleApplication@1e4e0feb
reloadAllAccessors: .AllToAllMultiInstanceComposite

===========================================================================================
----------------- testing Mon Oct 05 15:42:23 UTC 2020 /home/travis/build/icyphy/ptII/ptolemy/actor/lib/hoc/test/auto/ApplyFFTTest.xml
----------------- Instantiating /home/travis/build/icyphy/ptII/ptolemy/actor/lib/hoc/test/auto/ApplyFFTTest.xml
93 ms. Memory: 129024K Free: 89309K (69%)
----------------- Invoking toplevel() on ptolemy.moml.MoMLSimpleApplication@294bc84e
----------------- Done invoking toplevel() on ptolemy.moml.MoMLSimpleApplication@294bc84e
reloadAllAccessors: .ApplyFFTTest

===========================================================================================
----------------- testing Mon Oct 05 15:42:24 UTC 2020 /home/travis/build/icyphy/ptII/ptolemy/actor/lib/hoc/test/auto/ApplyFunction.xml
----------------- Instantiating /home/travis/build/icyphy/ptII/ptolemy/actor/lib/hoc/test/auto/ApplyFunction.xml
18 ms. Memory: 129024K Free: 86299K (67%)
----------------- Invoking toplevel() on ptolemy.moml.MoMLSimpleApplication@307a3eb8
----------------- Done invoking toplevel() on ptolemy.moml.MoMLSimpleApplication@307a3eb8
reloadAllAccessors: .ApplyFunction

===========================================================================================
----------------- testing Mon Oct 05 15:42:24 UTC 2020 /home/travis/build/icyphy/ptII/ptolemy/actor/lib/hoc/test/auto/BackgroundExecution.xml
----------------- Instantiating /home/travis/build/icyphy/ptII/ptolemy/actor/lib/hoc/test/auto/BackgroundExecution.xml
642 ms. Memory: 129024K Free: 111594K (86%)
----------------- Invoking toplevel() on ptolemy.moml.MoMLSimpleApplication@33db6374
----------------- Done invoking toplevel() on ptolemy.moml.MoMLSimpleApplication@33db6374
reloadAllAccessors: .BackgroundExecution

===========================================================================================
----------------- testing Mon Oct 05 15:42:25 UTC 2020 /home/travis/build/icyphy/ptII/ptolemy/actor/lib/hoc/test/auto/Case.xml
----------------- Instantiating /home/travis/build/icyphy/ptII/ptolemy/actor/lib/hoc/test/auto/Case.xml
30 ms. Memory: 129024K Free: 104024K (81%)
----------------- Invoking toplevel() on ptolemy.moml.MoMLSimpleApplication@4184f022
----------------- Done invoking toplevel() on ptolemy.moml.MoMLSimpleApplication@4184f022
reloadAllAccessors: .Case

===========================================================================================
----------------- testing Mon Oct 05 15:42:25 UTC 2020 /home/travis/build/icyphy/ptII/ptolemy/actor/lib/hoc/test/auto/Case1.xml
----------------- Instantiating /home/travis/build/icyphy/ptII/ptolemy/actor/lib/hoc/test/auto/Case1.xml
22 ms. Memory: 129024K Free: 97609K (76%)
----------------- Invoking toplevel() on ptolemy.moml.MoMLSimpleApplication@7dbd0bf0
----------------- Done invoking toplevel() on ptolemy.moml.MoMLSimpleApplication@7dbd0bf0
reloadAllAccessors: .Case1

===========================================================================================
----------------- testing Mon Oct 05 15:42:25 UTC 2020 /home/travis/build/icyphy/ptII/ptolemy/actor/lib/hoc/test/auto/Case2.xml
----------------- Instantiating /home/travis/build/icyphy/ptII/ptolemy/actor/lib/hoc/test/auto/Case2.xml
46 ms. Memory: 129024K Free: 87424K (68%)
----------------- Invoking toplevel() on ptolemy.moml.MoMLSimpleApplication@5269f323
----------------- Done invoking toplevel() on ptolemy.moml.MoMLSimpleApplication@5269f323
reloadAllAccessors: .Case2

===========================================================================================
----------------- testing Mon Oct 05 15:42:25 UTC 2020 /home/travis/build/icyphy/ptII/ptolemy/actor/lib/hoc/test/auto/Case3.xml
----------------- Instantiating /home/travis/build/icyphy/ptII/ptolemy/actor/lib/hoc/test/auto/Case3.xml
15 ms. Memory: 129024K Free: 81566K (63%)
----------------- Invoking toplevel() on ptolemy.moml.MoMLSimpleApplication@4c2b3c3f
----------------- Done invoking toplevel() on ptolemy.moml.MoMLSimpleApplication@4c2b3c3f
reloadAllAccessors: .Case3

===========================================================================================
----------------- testing Mon Oct 05 15:42:25 UTC 2020 /home/travis/build/icyphy/ptII/ptolemy/actor/lib/hoc/test/auto/Case4.xml
----------------- Instantiating /home/travis/build/icyphy/ptII/ptolemy/actor/lib/hoc/test/auto/Case4.xml
12 ms. Memory: 129024K Free: 73811K (57%)
----------------- Invoking toplevel() on ptolemy.moml.MoMLSimpleApplication@6691ce66
----------------- Done invoking toplevel() on ptolemy.moml.MoMLSimpleApplication@6691ce66
reloadAllAccessors: .Case4

===========================================================================================
----------------- testing Mon Oct 05 15:42:25 UTC 2020 /home/travis/build/icyphy/ptII/ptolemy/actor/lib/hoc/test/auto/Case5.xml
----------------- Instantiating /home/travis/build/icyphy/ptII/ptolemy/actor/lib/hoc/test/auto/Case5.xml
37 ms. Memory: 129024K Free: 110696K (86%)
----------------- Invoking toplevel() on ptolemy.moml.MoMLSimpleApplication@30eb0cc
----------------- Done invoking toplevel() on ptolemy.moml.MoMLSimpleApplication@30eb0cc
reloadAllAccessors: .junk

===========================================================================================
----------------- testing Mon Oct 05 15:42:25 UTC 2020 /home/travis/build/icyphy/ptII/ptolemy/actor/lib/hoc/test/auto/Case6.xml
----------------- Instantiating /home/travis/build/icyphy/ptII/ptolemy/actor/lib/hoc/test/auto/Case6.xml
52 ms. Memory: 129024K Free: 98692K (76%)
----------------- Invoking toplevel() on ptolemy.moml.MoMLSimpleApplication@5b00234d
----------------- Done invoking toplevel() on ptolemy.moml.MoMLSimpleApplication@5b00234d
reloadAllAccessors: .Case6

===========================================================================================
----------------- testing Mon Oct 05 15:42:25 UTC 2020 /home/travis/build/icyphy/ptII/ptolemy/actor/lib/hoc/test/auto/CaseString2.xml
----------------- Instantiating /home/travis/build/icyphy/ptII/ptolemy/actor/lib/hoc/test/auto/CaseString2.xml
17 ms. Memory: 129024K Free: 90847K (70%)
----------------- Invoking toplevel() on ptolemy.moml.MoMLSimpleApplication@6b9c5338
----------------- Done invoking toplevel() on ptolemy.moml.MoMLSimpleApplication@6b9c5338
reloadAllAccessors: .CaseString2

===========================================================================================
----------------- testing Mon Oct 05 15:42:25 UTC 2020 /home/travis/build/icyphy/ptII/ptolemy/actor/lib/hoc/test/auto/CatchUpComposite1.xml
----------------- Instantiating /home/travis/build/icyphy/ptII/ptolemy/actor/lib/hoc/test/auto/CatchUpComposite1.xml
47 ms. Memory: 129024K Free: 82024K (64%)
----------------- Invoking toplevel() on ptolemy.moml.MoMLSimpleApplication@38a7bdc9
----------------- Done invoking toplevel() on ptolemy.moml.MoMLSimpleApplication@38a7bdc9
reloadAllAccessors: .CatchUpComposite1

===========================================================================================
----------------- testing Mon Oct 05 15:42:25 UTC 2020 /home/travis/build/icyphy/ptII/ptolemy/actor/lib/hoc/test/auto/CatchUpComposite2.xml
----------------- Instantiating /home/travis/build/icyphy/ptII/ptolemy/actor/lib/hoc/test/auto/CatchUpComposite2.xml
18 ms. Memory: 129024K Free: 73832K (57%)
----------------- Invoking toplevel() on ptolemy.moml.MoMLSimpleApplication@5e9f4e1
----------------- Done invoking toplevel() on ptolemy.moml.MoMLSimpleApplication@5e9f4e1
reloadAllAccessors: .CatchUpComposite2

===========================================================================================
----------------- testing Mon Oct 05 15:42:25 UTC 2020 /home/travis/build/icyphy/ptII/ptolemy/actor/lib/hoc/test/auto/CatchUpComposite3.xml
----------------- Instantiating /home/travis/build/icyphy/ptII/ptolemy/actor/lib/hoc/test/auto/CatchUpComposite3.xml
16 ms. Memory: 129024K Free: 65268K (51%)
----------------- Invoking toplevel() on ptolemy.moml.MoMLSimpleApplication@5fe0ed87
----------------- Done invoking toplevel() on ptolemy.moml.MoMLSimpleApplication@5fe0ed87
reloadAllAccessors: .CatchUpComposite3

===========================================================================================
----------------- testing Mon Oct 05 15:42:26 UTC 2020 /home/travis/build/icyphy/ptII/ptolemy/actor/lib/hoc/test/auto/CatchUpComposite4.xml
----------------- Instantiating /home/travis/build/icyphy/ptII/ptolemy/actor/lib/hoc/test/auto/CatchUpComposite4.xml
11 ms. Memory: 129024K Free: 112531K (87%)
----------------- Invoking toplevel() on ptolemy.moml.MoMLSimpleApplication@5875903f
----------------- Done invoking toplevel() on ptolemy.moml.MoMLSimpleApplication@5875903f
reloadAllAccessors: .CatchUpComposite4

===========================================================================================
----------------- testing Mon Oct 05 15:42:26 UTC 2020 /home/travis/build/icyphy/ptII/ptolemy/actor/lib/hoc/test/auto/CatchUpComposite5.xml
----------------- Instantiating /home/travis/build/icyphy/ptII/ptolemy/actor/lib/hoc/test/auto/CatchUpComposite5.xml
8 ms. Memory: 129024K Free: 104858K (81%)
----------------- Invoking toplevel() on ptolemy.moml.MoMLSimpleApplication@2dda8342
----------------- Done invoking toplevel() on ptolemy.moml.MoMLSimpleApplication@2dda8342
reloadAllAccessors: .CatchUpComposite5

===========================================================================================
----------------- testing Mon Oct 05 15:42:26 UTC 2020 /home/travis/build/icyphy/ptII/ptolemy/actor/lib/hoc/test/auto/CatchUpComposite6.xml
----------------- Instantiating /home/travis/build/icyphy/ptII/ptolemy/actor/lib/hoc/test/auto/CatchUpComposite6.xml
WARNING: The execution aspects in this model can influence the timing of actors by delaying the 
execution, potentially changing the behavior. There is no guarantee that actors fire at the 
time they request to be fired. 
Use Ptides for deterministic DE behavior that is not influenced by execution aspects. 

93 ms. Memory: 129024K Free: 90120K (70%)
----------------- Invoking toplevel() on ptolemy.moml.MoMLSimpleApplication@47ce1f61
----------------- Done invoking toplevel() on ptolemy.moml.MoMLSimpleApplication@47ce1f61
reloadAllAccessors: .CatchUpComposite6

===========================================================================================
----------------- testing Mon Oct 05 15:42:26 UTC 2020 /home/travis/build/icyphy/ptII/ptolemy/actor/lib/hoc/test/auto/CatchUpComposite7.xml
----------------- Instantiating /home/travis/build/icyphy/ptII/ptolemy/actor/lib/hoc/test/auto/CatchUpComposite7.xml
WARNING: The execution aspects in this model can influence the timing of actors by delaying the 
execution, potentially changing the behavior. There is no guarantee that actors fire at the 
time they request to be fired. 
Use Ptides for deterministic DE behavior that is not influenced by execution aspects. 

39 ms. Memory: 129024K Free: 76808K (60%)
----------------- Invoking toplevel() on ptolemy.moml.MoMLSimpleApplication@2275790f
----------------- Done invoking toplevel() on ptolemy.moml.MoMLSimpleApplication@2275790f
reloadAllAccessors: .CatchUpComposite7

===========================================================================================
----------------- testing Mon Oct 05 15:42:26 UTC 2020 /home/travis/build/icyphy/ptII/ptolemy/actor/lib/hoc/test/auto/ConcurrentExecutionTimeSDF.xml
----------------- Instantiating /home/travis/build/icyphy/ptII/ptolemy/actor/lib/hoc/test/auto/ConcurrentExecutionTimeSDF.xml
Fired ExecutionTime: 40400000
Fired ExecutionTime: 40400000
Fired ExecutionTime: 40400000
Fired ExecutionTime: 40400000
Fired ExecutionTime: 40400000
Fired ExecutionTime: 40400000
Fired ExecutionTime: 40400000
Fired ExecutionTime: 40400000
Fired ExecutionTime: 40400000
Fired ExecutionTime: 40400000
Fired ExecutionTime: 40400000
Fired ExecutionTime: 40400000
Fired ExecutionTime: 40400000
Fired ExecutionTime: 40400000
Fired ExecutionTime: 40400000
Fired ExecutionTime: 40400000
Fired ExecutionTime: 40400000
Fired ExecutionTime: 40400000
Fired ExecutionTime: 40400000
Fired ExecutionTime: 40400000
761 ms. Memory: 129024K Free: 70050K (54%)
----------------- Invoking toplevel() on ptolemy.moml.MoMLSimpleApplication@637fbfba
----------------- Done invoking toplevel() on ptolemy.moml.MoMLSimpleApplication@637fbfba
reloadAllAccessors: .ConcurrentExecutionTimeSDF

===========================================================================================
----------------- testing Mon Oct 05 15:42:27 UTC 2020 /home/travis/build/icyphy/ptII/ptolemy/actor/lib/hoc/test/auto/ConcurrentSleep.xml
----------------- Instantiating /home/travis/build/icyphy/ptII/ptolemy/actor/lib/hoc/test/auto/ConcurrentSleep.xml
740 ms. Memory: 129024K Free: 59400K (46%)
----------------- Invoking toplevel() on ptolemy.moml.MoMLSimpleApplication@9026d07
----------------- Done invoking toplevel() on ptolemy.moml.MoMLSimpleApplication@9026d07
reloadAllAccessors: .ConcurrentSleep

===========================================================================================
----------------- testing Mon Oct 05 15:42:27 UTC 2020 /home/travis/build/icyphy/ptII/ptolemy/actor/lib/hoc/test/auto/DEInPNInRunCompositeActor.xml
----------------- Instantiating /home/travis/build/icyphy/ptII/ptolemy/actor/lib/hoc/test/auto/DEInPNInRunCompositeActor.xml
15 ms. Memory: 129024K Free: 54078K (42%)
----------------- Invoking toplevel() on ptolemy.moml.MoMLSimpleApplication@5a42aa79
----------------- Done invoking toplevel() on ptolemy.moml.MoMLSimpleApplication@5a42aa79
reloadAllAccessors: .DEInPNInRunCompositeActor

===========================================================================================
----------------- testing Mon Oct 05 15:42:27 UTC 2020 /home/travis/build/icyphy/ptII/ptolemy/actor/lib/hoc/test/auto/DFTSubSetTest.xml
----------------- Instantiating /home/travis/build/icyphy/ptII/ptolemy/actor/lib/hoc/test/auto/DFTSubSetTest.xml
123 ms. Memory: 129024K Free: 72545K (56%)
----------------- Invoking toplevel() on ptolemy.moml.MoMLSimpleApplication@3805801e
----------------- Done invoking toplevel() on ptolemy.moml.MoMLSimpleApplication@3805801e
reloadAllAccessors: .DFTSubSetTest

===========================================================================================
----------------- testing Mon Oct 05 15:42:28 UTC 2020 /home/travis/build/icyphy/ptII/ptolemy/actor/lib/hoc/test/auto/HocDE.xml
----------------- Instantiating /home/travis/build/icyphy/ptII/ptolemy/actor/lib/hoc/test/auto/HocDE.xml
128 ms. Memory: 129024K Free: 47889K (37%)
----------------- Invoking toplevel() on ptolemy.moml.MoMLSimpleApplication@5a59c037
----------------- Done invoking toplevel() on ptolemy.moml.MoMLSimpleApplication@5a59c037
reloadAllAccessors: .HocDE

===========================================================================================
----------------- testing Mon Oct 05 15:42:28 UTC 2020 /home/travis/build/icyphy/ptII/ptolemy/actor/lib/hoc/test/auto/IterateOverArray.xml
----------------- Instantiating /home/travis/build/icyphy/ptII/ptolemy/actor/lib/hoc/test/auto/IterateOverArray.xml
13 ms. Memory: 129024K Free: 113523K (88%)
----------------- Invoking toplevel() on ptolemy.moml.MoMLSimpleApplication@23f1fbe
----------------- Done invoking toplevel() on ptolemy.moml.MoMLSimpleApplication@23f1fbe
reloadAllAccessors: .IterateOverArray

===========================================================================================
----------------- testing Mon Oct 05 15:42:28 UTC 2020 /home/travis/build/icyphy/ptII/ptolemy/actor/lib/hoc/test/auto/IterateOverArray10.xml
----------------- Instantiating /home/travis/build/icyphy/ptII/ptolemy/actor/lib/hoc/test/auto/IterateOverArray10.xml
3 ms. Memory: 129024K Free: 109951K (85%)
----------------- Invoking toplevel() on ptolemy.moml.MoMLSimpleApplication@73c40c2b
----------------- Done invoking toplevel() on ptolemy.moml.MoMLSimpleApplication@73c40c2b
reloadAllAccessors: .IterateOverArray10

===========================================================================================
----------------- testing Mon Oct 05 15:42:28 UTC 2020 /home/travis/build/icyphy/ptII/ptolemy/actor/lib/hoc/test/auto/IterateOverArray11.xml
----------------- Instantiating /home/travis/build/icyphy/ptII/ptolemy/actor/lib/hoc/test/auto/IterateOverArray11.xml
4 ms. Memory: 129024K Free: 105855K (82%)
----------------- Invoking toplevel() on ptolemy.moml.MoMLSimpleApplication@8aff1cf
----------------- Done invoking toplevel() on ptolemy.moml.MoMLSimpleApplication@8aff1cf
reloadAllAccessors: .IterateOverArray11

===========================================================================================
----------------- testing Mon Oct 05 15:42:28 UTC 2020 /home/travis/build/icyphy/ptII/ptolemy/actor/lib/hoc/test/auto/IterateOverArray12.xml
----------------- Instantiating /home/travis/build/icyphy/ptII/ptolemy/actor/lib/hoc/test/auto/IterateOverArray12.xml
16 ms. Memory: 129024K Free: 99711K (77%)
----------------- Invoking toplevel() on ptolemy.moml.MoMLSimpleApplication@155a488f
----------------- Done invoking toplevel() on ptolemy.moml.MoMLSimpleApplication@155a488f
reloadAllAccessors: .IterateOverArray12

===========================================================================================
----------------- testing Mon Oct 05 15:42:28 UTC 2020 /home/travis/build/icyphy/ptII/ptolemy/actor/lib/hoc/test/auto/IterateOverArray13.xml
----------------- Instantiating /home/travis/build/icyphy/ptII/ptolemy/actor/lib/hoc/test/auto/IterateOverArray13.xml
73 ms. Memory: 129024K Free: 71039K (55%)
----------------- Invoking toplevel() on ptolemy.moml.MoMLSimpleApplication@61b77798
----------------- Done invoking toplevel() on ptolemy.moml.MoMLSimpleApplication@61b77798
reloadAllAccessors: .IterateOverArray13

===========================================================================================
----------------- testing Mon Oct 05 15:42:28 UTC 2020 /home/travis/build/icyphy/ptII/ptolemy/actor/lib/hoc/test/auto/IterateOverArray14.xml
----------------- Instantiating /home/travis/build/icyphy/ptII/ptolemy/actor/lib/hoc/test/auto/IterateOverArray14.xml
72 ms. Memory: 129024K Free: 112069K (87%)
----------------- Invoking toplevel() on ptolemy.moml.MoMLSimpleApplication@a3ebf48
----------------- Done invoking toplevel() on ptolemy.moml.MoMLSimpleApplication@a3ebf48
reloadAllAccessors: .IterateOverArray14

===========================================================================================
----------------- testing Mon Oct 05 15:42:28 UTC 2020 /home/travis/build/icyphy/ptII/ptolemy/actor/lib/hoc/test/auto/IterateOverArray2.xml
----------------- Instantiating /home/travis/build/icyphy/ptII/ptolemy/actor/lib/hoc/test/auto/IterateOverArray2.xml
4 ms. Memory: 129024K Free: 107128K (83%)
----------------- Invoking toplevel() on ptolemy.moml.MoMLSimpleApplication@38af4bb4
----------------- Done invoking toplevel() on ptolemy.moml.MoMLSimpleApplication@38af4bb4
reloadAllAccessors: .IterateOverArray2

===========================================================================================
----------------- testing Mon Oct 05 15:42:28 UTC 2020 /home/travis/build/icyphy/ptII/ptolemy/actor/lib/hoc/test/auto/IterateOverArray3.xml
----------------- Instantiating /home/travis/build/icyphy/ptII/ptolemy/actor/lib/hoc/test/auto/IterateOverArray3.xml
7 ms. Memory: 129024K Free: 101023K (78%)
----------------- Invoking toplevel() on ptolemy.moml.MoMLSimpleApplication@2fa93b02
----------------- Done invoking toplevel() on ptolemy.moml.MoMLSimpleApplication@2fa93b02
reloadAllAccessors: .IterateOverArray3

===========================================================================================
----------------- testing Mon Oct 05 15:42:28 UTC 2020 /home/travis/build/icyphy/ptII/ptolemy/actor/lib/hoc/test/auto/IterateOverArray4.xml
----------------- Instantiating /home/travis/build/icyphy/ptII/ptolemy/actor/lib/hoc/test/auto/IterateOverArray4.xml
5 ms. Memory: 129024K Free: 97297K (75%)
----------------- Invoking toplevel() on ptolemy.moml.MoMLSimpleApplication@7e4de0ff
----------------- Done invoking toplevel() on ptolemy.moml.MoMLSimpleApplication@7e4de0ff
reloadAllAccessors: .IterateOverArray4

===========================================================================================
----------------- testing Mon Oct 05 15:42:28 UTC 2020 /home/travis/build/icyphy/ptII/ptolemy/actor/lib/hoc/test/auto/IterateOverArray5.xml
----------------- Instantiating /home/travis/build/icyphy/ptII/ptolemy/actor/lib/hoc/test/auto/IterateOverArray5.xml
4 ms. Memory: 129024K Free: 93593K (73%)
----------------- Invoking toplevel() on ptolemy.moml.MoMLSimpleApplication@100da41d
----------------- Done invoking toplevel() on ptolemy.moml.MoMLSimpleApplication@100da41d
reloadAllAccessors: .IterateOverArray5

===========================================================================================
----------------- testing Mon Oct 05 15:42:28 UTC 2020 /home/travis/build/icyphy/ptII/ptolemy/actor/lib/hoc/test/auto/IterateOverArray6.xml
----------------- Instantiating /home/travis/build/icyphy/ptII/ptolemy/actor/lib/hoc/test/auto/IterateOverArray6.xml
3 ms. Memory: 129024K Free: 90137K (70%)
----------------- Invoking toplevel() on ptolemy.moml.MoMLSimpleApplication@27acf888
----------------- Done invoking toplevel() on ptolemy.moml.MoMLSimpleApplication@27acf888
reloadAllAccessors: .IterateOverArray6

===========================================================================================
----------------- testing Mon Oct 05 15:42:29 UTC 2020 /home/travis/build/icyphy/ptII/ptolemy/actor/lib/hoc/test/auto/IterateOverArray7.xml
----------------- Instantiating /home/travis/build/icyphy/ptII/ptolemy/actor/lib/hoc/test/auto/IterateOverArray7.xml
5 ms. Memory: 129024K Free: 85686K (66%)
----------------- Invoking toplevel() on ptolemy.moml.MoMLSimpleApplication@5b9c5195
----------------- Done invoking toplevel() on ptolemy.moml.MoMLSimpleApplication@5b9c5195
reloadAllAccessors: .IterateOverArray7

===========================================================================================
----------------- testing Mon Oct 05 15:42:29 UTC 2020 /home/travis/build/icyphy/ptII/ptolemy/actor/lib/hoc/test/auto/IterateOverArray8.xml
----------------- Instantiating /home/travis/build/icyphy/ptII/ptolemy/actor/lib/hoc/test/auto/IterateOverArray8.xml
4 ms. Memory: 129024K Free: 81945K (64%)
----------------- Invoking toplevel() on ptolemy.moml.MoMLSimpleApplication@b292aa1
----------------- Done invoking toplevel() on ptolemy.moml.MoMLSimpleApplication@b292aa1
reloadAllAccessors: .IterateOverArray8

===========================================================================================
----------------- testing Mon Oct 05 15:42:29 UTC 2020 /home/travis/build/icyphy/ptII/ptolemy/actor/lib/hoc/test/auto/IterateOverArray9.xml
----------------- Instantiating /home/travis/build/icyphy/ptII/ptolemy/actor/lib/hoc/test/auto/IterateOverArray9.xml
6 ms. Memory: 129024K Free: 77863K (60%)
----------------- Invoking toplevel() on ptolemy.moml.MoMLSimpleApplication@487d38fd
----------------- Done invoking toplevel() on ptolemy.moml.MoMLSimpleApplication@487d38fd
reloadAllAccessors: .IterateOverArray9

===========================================================================================
----------------- testing Mon Oct 05 15:42:29 UTC 2020 /home/travis/build/icyphy/ptII/ptolemy/actor/lib/hoc/test/auto/IterateOverArrayCoercedOutputType.xml
----------------- Instantiating /home/travis/build/icyphy/ptII/ptolemy/actor/lib/hoc/test/auto/IterateOverArrayCoercedOutputType.xml
7 ms. Memory: 129024K Free: 72743K (56%)
----------------- Invoking toplevel() on ptolemy.moml.MoMLSimpleApplication@14014644
----------------- Done invoking toplevel() on ptolemy.moml.MoMLSimpleApplication@14014644
reloadAllAccessors: .IterateOverArrayCoercedOutputType

===========================================================================================
----------------- testing Mon Oct 05 15:42:29 UTC 2020 /home/travis/build/icyphy/ptII/ptolemy/actor/lib/hoc/test/auto/IterateOverArrayInferredOutputType.xml
----------------- Instantiating /home/travis/build/icyphy/ptII/ptolemy/actor/lib/hoc/test/auto/IterateOverArrayInferredOutputType.xml
10 ms. Memory: 129024K Free: 68278K (53%)
----------------- Invoking toplevel() on ptolemy.moml.MoMLSimpleApplication@339505fa
----------------- Done invoking toplevel() on ptolemy.moml.MoMLSimpleApplication@339505fa
reloadAllAccessors: .IterateOverArrayInferredOutputType

===========================================================================================
----------------- testing Mon Oct 05 15:42:29 UTC 2020 /home/travis/build/icyphy/ptII/ptolemy/actor/lib/hoc/test/auto/MobileFunctionTest.xml
----------------- Instantiating /home/travis/build/icyphy/ptII/ptolemy/actor/lib/hoc/test/auto/MobileFunctionTest.xml
5 ms. Memory: 129024K Free: 63897K (50%)
----------------- Invoking toplevel() on ptolemy.moml.MoMLSimpleApplication@1bd0ae87
----------------- Done invoking toplevel() on ptolemy.moml.MoMLSimpleApplication@1bd0ae87
reloadAllAccessors: .MobileFunctionTest

===========================================================================================
----------------- testing Mon Oct 05 15:42:29 UTC 2020 /home/travis/build/icyphy/ptII/ptolemy/actor/lib/hoc/test/auto/MobileModelTest.xml
----------------- Instantiating /home/travis/build/icyphy/ptII/ptolemy/actor/lib/hoc/test/auto/MobileModelTest.xml
144 ms. Memory: 129024K Free: 43016K (33%)
----------------- Invoking toplevel() on ptolemy.moml.MoMLSimpleApplication@30e9da64
----------------- Done invoking toplevel() on ptolemy.moml.MoMLSimpleApplication@30e9da64
reloadAllAccessors: .MobileModelTest

===========================================================================================
----------------- testing Mon Oct 05 15:42:29 UTC 2020 /home/travis/build/icyphy/ptII/ptolemy/actor/lib/hoc/test/auto/ModelReference.xml
----------------- Instantiating /home/travis/build/icyphy/ptII/ptolemy/actor/lib/hoc/test/auto/ModelReference.xml
2 ms. Memory: 155648K Free: 137424K (88%)
2 ms. Memory: 155648K Free: 136904K (88%)
3 ms. Memory: 155648K Free: 135880K (87%)
2 ms. Memory: 155648K Free: 135376K (87%)
2 ms. Memory: 155648K Free: 134352K (86%)
2 ms. Memory: 155648K Free: 133824K (86%)
2 ms. Memory: 155648K Free: 132808K (85%)
1 ms. Memory: 155648K Free: 131784K (85%)
5 ms. Memory: 155648K Free: 131280K (84%)
2 ms. Memory: 155648K Free: 130256K (84%)
35 ms. Memory: 155648K Free: 130256K (84%)
----------------- Invoking toplevel() on ptolemy.moml.MoMLSimpleApplication@49fd79f8
----------------- Done invoking toplevel() on ptolemy.moml.MoMLSimpleApplication@49fd79f8
reloadAllAccessors: .ModelReference

===========================================================================================
----------------- testing Mon Oct 05 15:42:29 UTC 2020 /home/travis/build/icyphy/ptII/ptolemy/actor/lib/hoc/test/auto/ModelReference3.xml
----------------- Instantiating /home/travis/build/icyphy/ptII/ptolemy/actor/lib/hoc/test/auto/ModelReference3.xml
2 ms. Memory: 155648K Free: 125136K (80%)
4 ms. Memory: 155648K Free: 124573K (80%)
2 ms. Memory: 155648K Free: 123598K (79%)
4 ms. Memory: 155648K Free: 123088K (79%)
2 ms. Memory: 155648K Free: 122064K (78%)
1 ms. Memory: 155648K Free: 121040K (78%)
4 ms. Memory: 155648K Free: 120520K (77%)
4 ms. Memory: 155648K Free: 119502K (77%)
2 ms. Memory: 155648K Free: 118992K (76%)
2 ms. Memory: 155648K Free: 117968K (76%)
38 ms. Memory: 155648K Free: 117968K (76%)
----------------- Invoking toplevel() on ptolemy.moml.MoMLSimpleApplication@7c1fdf65
----------------- Done invoking toplevel() on ptolemy.moml.MoMLSimpleApplication@7c1fdf65
reloadAllAccessors: .ModelReference3

===========================================================================================
----------------- testing Mon Oct 05 15:42:29 UTC 2020 /home/travis/build/icyphy/ptII/ptolemy/actor/lib/hoc/test/auto/ModelReference4.xml
----------------- Instantiating /home/travis/build/icyphy/ptII/ptolemy/actor/lib/hoc/test/auto/ModelReference4.xml
3 ms. Memory: 155648K Free: 113344K (73%)
2 ms. Memory: 155648K Free: 111824K (72%)
2 ms. Memory: 155648K Free: 110800K (71%)
2 ms. Memory: 155648K Free: 109256K (70%)
4 ms. Memory: 155648K Free: 108224K (70%)
2 ms. Memory: 155648K Free: 107208K (69%)
2 ms. Memory: 155648K Free: 105160K (68%)
2 ms. Memory: 155648K Free: 104128K (67%)
2 ms. Memory: 155648K Free: 102608K (66%)
2 ms. Memory: 155648K Free: 101584K (65%)
10022 ms. Memory: 155648K Free: 101584K (65%)
----------------- Invoking toplevel() on ptolemy.moml.MoMLSimpleApplication@7b9266fa
----------------- Done invoking toplevel() on ptolemy.moml.MoMLSimpleApplication@7b9266fa
reloadAllAccessors: .ModelReference4

===========================================================================================
----------------- testing Mon Oct 05 15:42:39 UTC 2020 /home/travis/build/icyphy/ptII/ptolemy/actor/lib/hoc/test/auto/MultiInstanceComposite.xml
----------------- Instantiating /home/travis/build/icyphy/ptII/ptolemy/actor/lib/hoc/test/auto/MultiInstanceComposite.xml
25 ms. Memory: 155648K Free: 82638K (53%)
----------------- Invoking toplevel() on ptolemy.moml.MoMLSimpleApplication@46648988
----------------- Done invoking toplevel() on ptolemy.moml.MoMLSimpleApplication@46648988
reloadAllAccessors: .MultiInstanceComposite

===========================================================================================
----------------- testing Mon Oct 05 15:42:39 UTC 2020 /home/travis/build/icyphy/ptII/ptolemy/actor/lib/hoc/test/auto/MultiInstanceComposite2.xml
----------------- Instantiating /home/travis/build/icyphy/ptII/ptolemy/actor/lib/hoc/test/auto/MultiInstanceComposite2.xml
23 ms. Memory: 155648K Free: 71374K (46%)
----------------- Invoking toplevel() on ptolemy.moml.MoMLSimpleApplication@48d44d84
----------------- Done invoking toplevel() on ptolemy.moml.MoMLSimpleApplication@48d44d84
reloadAllAccessors: .MultiInstanceComposite2

===========================================================================================
----------------- testing Mon Oct 05 15:42:39 UTC 2020 /home/travis/build/icyphy/ptII/ptolemy/actor/lib/hoc/test/auto/MulticoreExecution.xml
----------------- Instantiating /home/travis/build/icyphy/ptII/ptolemy/actor/lib/hoc/test/auto/MulticoreExecution.xml
Fired ExecutionTime: 2400000
Fired ExecutionTime: 2800000
Fired ExecutionTime: 103600000
Fired ExecutionTime: 118000000
Fired ExecutionTime: 106800000
Fired ExecutionTime: 109200000
Fired ExecutionTime: 108000000
Fired ExecutionTime: 109200000
Fired ExecutionTime: 109200000
Fired ExecutionTime: 108400000
Fired ExecutionTime: 108000000
Fired ExecutionTime: 108800000
Fired ExecutionTime: 107600000
Fired ExecutionTime: 97600000
Fired ExecutionTime: 112400000
Fired ExecutionTime: 108800000
Fired ExecutionTime: 103200000
Fired ExecutionTime: 102000000
Fired ExecutionTime: 105200000
Fired ExecutionTime: 96800000
1055 ms. Memory: 155648K Free: 62158K (40%)
----------------- Invoking toplevel() on ptolemy.moml.MoMLSimpleApplication@fd8cc42
----------------- Done invoking toplevel() on ptolemy.moml.MoMLSimpleApplication@fd8cc42
reloadAllAccessors: .MulticoreExecution

===========================================================================================
----------------- testing Mon Oct 05 15:42:40 UTC 2020 /home/travis/build/icyphy/ptII/ptolemy/actor/lib/hoc/test/auto/ParallelExecution.xml
----------------- Instantiating /home/travis/build/icyphy/ptII/ptolemy/actor/lib/hoc/test/auto/ParallelExecution.xml
920 ms. Memory: 155648K Free: 54480K (35%)
----------------- Invoking toplevel() on ptolemy.moml.MoMLSimpleApplication@2fa70619
----------------- Done invoking toplevel() on ptolemy.moml.MoMLSimpleApplication@2fa70619
reloadAllAccessors: .ParallelExecution

===========================================================================================
----------------- testing Mon Oct 05 15:42:41 UTC 2020 /home/travis/build/icyphy/ptII/ptolemy/actor/lib/hoc/test/auto/RunCompositeActor.xml
----------------- Instantiating /home/travis/build/icyphy/ptII/ptolemy/actor/lib/hoc/test/auto/RunCompositeActor.xml
19 ms. Memory: 155648K Free: 138763K (89%)
----------------- Invoking toplevel() on ptolemy.moml.MoMLSimpleApplication@5447d80c
----------------- Done invoking toplevel() on ptolemy.moml.MoMLSimpleApplication@5447d80c
reloadAllAccessors: .RunCompositeActor

===========================================================================================
----------------- testing Mon Oct 05 15:42:41 UTC 2020 /home/travis/build/icyphy/ptII/ptolemy/actor/lib/hoc/test/auto/RunCompositeActor2.xml
----------------- Instantiating /home/travis/build/icyphy/ptII/ptolemy/actor/lib/hoc/test/auto/RunCompositeActor2.xml
7 ms. Memory: 155648K Free: 132554K (85%)
----------------- Invoking toplevel() on ptolemy.moml.MoMLSimpleApplication@5692615b
----------------- Done invoking toplevel() on ptolemy.moml.MoMLSimpleApplication@5692615b
reloadAllAccessors: .RunCompositeActor2

===========================================================================================
----------------- testing Mon Oct 05 15:42:41 UTC 2020 /home/travis/build/icyphy/ptII/ptolemy/actor/lib/hoc/test/auto/RunCompositeActor3.xml
----------------- Instantiating /home/travis/build/icyphy/ptII/ptolemy/actor/lib/hoc/test/auto/RunCompositeActor3.xml
5 ms. Memory: 155648K Free: 127370K (82%)
----------------- Invoking toplevel() on ptolemy.moml.MoMLSimpleApplication@261aa59f
----------------- Done invoking toplevel() on ptolemy.moml.MoMLSimpleApplication@261aa59f
reloadAllAccessors: .RunCompositeActor3

===========================================================================================
----------------- testing Mon Oct 05 15:42:41 UTC 2020 /home/travis/build/icyphy/ptII/ptolemy/actor/lib/hoc/test/auto/RunCompositeActor4.xml
----------------- Instantiating /home/travis/build/icyphy/ptII/ptolemy/actor/lib/hoc/test/auto/RunCompositeActor4.xml
12 ms. Memory: 155648K Free: 119186K (77%)
----------------- Invoking toplevel() on ptolemy.moml.MoMLSimpleApplication@783df4f8
----------------- Done invoking toplevel() on ptolemy.moml.MoMLSimpleApplication@783df4f8
reloadAllAccessors: .RunCompositeActor4

===========================================================================================
----------------- testing Mon Oct 05 15:42:41 UTC 2020 /home/travis/build/icyphy/ptII/ptolemy/actor/lib/hoc/test/auto/RunCompositeIterateOverArray.xml
----------------- Instantiating /home/travis/build/icyphy/ptII/ptolemy/actor/lib/hoc/test/auto/RunCompositeIterateOverArray.xml
4 ms. Memory: 155648K Free: 113570K (73%)
----------------- Invoking toplevel() on ptolemy.moml.MoMLSimpleApplication@741d8c31
----------------- Done invoking toplevel() on ptolemy.moml.MoMLSimpleApplication@741d8c31
reloadAllAccessors: .RunCompositeIterateOverArray

===========================================================================================
----------------- testing Mon Oct 05 15:42:41 UTC 2020 /home/travis/build/icyphy/ptII/ptolemy/actor/lib/hoc/test/auto/ThreadedJS.xml
----------------- Instantiating /home/travis/build/icyphy/ptII/ptolemy/actor/lib/hoc/test/auto/ThreadedJS.xml
5475 ms. Memory: 225280K Free: 96032K (43%)
----------------- Invoking toplevel() on ptolemy.moml.MoMLSimpleApplication@4bb4ffb3
----------------- Done invoking toplevel() on ptolemy.moml.MoMLSimpleApplication@4bb4ffb3
reloadAllAccessors: .ThreadedJS
AutoTests.java: About to close Vertx.
AutoTests.java: Vertx closed.
]]></system-out>
  <system-err><![CDATA[java.lang.RuntimeException: Execution failed
	at ptolemy.moml.MoMLSimpleApplication$UnloadThread.run(MoMLSimpleApplication.java:402)
Caused by: ptolemy.kernel.util.IllegalActionException: initialize() was called after wrapup() was called but preinitialize() was not called after wrapup().
	at ptolemy.actor.lib.hoc.test.PreinitializeMustBeInvoked.initialize(PreinitializeMustBeInvoked.java:78)
	at ptolemy.actor.Director.initialize(Director.java:938)
	at ptolemy.actor.Director.initialize(Director.java:907)
	at ptolemy.actor.sched.StaticSchedulingDirector.initialize(StaticSchedulingDirector.java:159)
	at ptolemy.domains.sdf.kernel.SDFDirector.initialize(SDFDirector.java:544)
	at ptolemy.actor.CompositeActor.initialize(CompositeActor.java:935)
	at ptolemy.actor.lib.hoc.LifeCycleManager._executeInsideModel(LifeCycleManager.java:339)
	at ptolemy.actor.lib.hoc.RunCompositeActor.fire(RunCompositeActor.java:205)
	at ptolemy.actor.CompositeActor.iterate(CompositeActor.java:1146)
	at ptolemy.actor.sched.StaticSchedulingDirector.fire(StaticSchedulingDirector.java:216)
	at ptolemy.domains.sdf.kernel.SDFDirector.fire(SDFDirector.java:500)
	at ptolemy.actor.CompositeActor.fire(CompositeActor.java:455)
	at ptolemy.actor.Manager.iterate(Manager.java:851)
	at ptolemy.actor.Manager.execute(Manager.java:369)
	at ptolemy.actor.Manager.run(Manager.java:1263)
	at ptolemy.actor.Manager$PtolemyRunThread.run(Manager.java:1933)
java.lang.reflect.InvocationTargetException
	at java.base/jdk.internal.reflect.NativeConstructorAccessorImpl.newInstance0(Native Method)
	at java.base/jdk.internal.reflect.NativeConstructorAccessorImpl.newInstance(NativeConstructorAccessorImpl.java:62)
	at java.base/jdk.internal.reflect.DelegatingConstructorAccessorImpl.newInstance(DelegatingConstructorAccessorImpl.java:45)
	at java.base/java.lang.reflect.Constructor.newInstance(Constructor.java:490)
	at ptolemy.util.test.junit.AutoKnownFailedTests.RunModel(AutoKnownFailedTests.java:105)
	at java.base/jdk.internal.reflect.NativeMethodAccessorImpl.invoke0(Native Method)
	at java.base/jdk.internal.reflect.NativeMethodAccessorImpl.invoke(NativeMethodAccessorImpl.java:62)
	at java.base/jdk.internal.reflect.DelegatingMethodAccessorImpl.invoke(DelegatingMethodAccessorImpl.java:43)
	at java.base/java.lang.reflect.Method.invoke(Method.java:566)
	at org.junit.runners.model.FrameworkMethod$1.runReflectiveCall(FrameworkMethod.java:44)
	at org.junit.internal.runners.model.ReflectiveCallable.run(ReflectiveCallable.java:15)
	at org.junit.runners.model.FrameworkMethod.invokeExplosively(FrameworkMethod.java:41)
	at junitparams.internal.InvokeParameterisedMethod.evaluate(InvokeParameterisedMethod.java:102)
	at org.junit.internal.runners.statements.FailOnTimeout$1.run(FailOnTimeout.java:28)
Caused by: ptolemy.kernel.util.IllegalActionException: initialize() was called after wrapup() was called but preinitialize() was not called after wrapup().
	at ptolemy.actor.lib.hoc.test.PreinitializeMustBeInvoked.initialize(PreinitializeMustBeInvoked.java:78)
	at ptolemy.actor.Director.initialize(Director.java:938)
	at ptolemy.actor.Director.initialize(Director.java:907)
	at ptolemy.actor.sched.StaticSchedulingDirector.initialize(StaticSchedulingDirector.java:159)
	at ptolemy.domains.sdf.kernel.SDFDirector.initialize(SDFDirector.java:544)
	at ptolemy.actor.CompositeActor.initialize(CompositeActor.java:935)
	at ptolemy.actor.lib.hoc.LifeCycleManager._executeInsideModel(LifeCycleManager.java:339)
	at ptolemy.actor.lib.hoc.RunCompositeActor.fire(RunCompositeActor.java:205)
	at ptolemy.actor.CompositeActor.iterate(CompositeActor.java:1146)
	at ptolemy.actor.sched.StaticSchedulingDirector.fire(StaticSchedulingDirector.java:216)
	at ptolemy.domains.sdf.kernel.SDFDirector.fire(SDFDirector.java:500)
	at ptolemy.actor.CompositeActor.fire(CompositeActor.java:455)
	at ptolemy.actor.Manager.iterate(Manager.java:851)
	at ptolemy.actor.Manager.execute(Manager.java:369)
	at ptolemy.actor.Manager.run(Manager.java:1263)
	at ptolemy.actor.Manager$PtolemyRunThread.run(Manager.java:1933)
Warning: Nashorn engine is planned to be removed from a future JDK release
Warning: Nashorn engine is planned to be removed from a future JDK release
Warning: Nashorn engine is planned to be removed from a future JDK release
Warning: Nashorn engine is planned to be removed from a future JDK release
Warning: Nashorn engine is planned to be removed from a future JDK release
Warning: Nashorn engine is planned to be removed from a future JDK release
Warning: Nashorn engine is planned to be removed from a future JDK release
Warning: Nashorn engine is planned to be removed from a future JDK release
]]></system-err>
</testsuite>
