<?xml version="1.0" encoding="UTF-8" ?>
<testsuite errors="0" failures="0" hostname="travis-job-a668ef61-9c02-44fa-bc3d-e4687ffed7e8" name="ptolemy.actor.lib.security.test.junit.JUnitTclTest" skipped="0" tests="9" time="12.29" timestamp="2019-10-12T05:59:50">
  <properties>
[...]
</properties>
  <testcase classname="ptolemy.util.test.junit.TclTests" name="[0] /home/travis/build/icyphy/ptII/ptolemy/actor/lib/security/test/KeyReader.tcl (RunTclFile)" time="3.408" />
  <testcase classname="ptolemy.util.test.junit.TclTests" name="[1] /home/travis/build/icyphy/ptII/ptolemy/actor/lib/security/test/KeyToken.tcl (RunTclFile)" time="0.04" />
  <testcase classname="ptolemy.util.test.junit.TclTests" name="[2] /home/travis/build/icyphy/ptII/ptolemy/actor/lib/security/test/info.tcl (RunTclFile)" time="0.001" />
  <testcase classname="ptolemy.util.test.junit.AutoKnownFailedTests" name="[0] ThereAreNoKnowFailedTests (RunModel)" time="0.001" />
  <testcase classname="ptolemy.util.test.junit.AutoNameArchTests" name="[0] ThereAreNoAutoArchTests (RunModel)" time="0.001" />
  <testcase classname="ptolemy.util.test.junit.AutoTests" name="[0] /home/travis/build/icyphy/ptII/ptolemy/actor/lib/security/test/auto/KeyReader.xml (RunModel)" time="2.181" />
  <testcase classname="ptolemy.util.test.junit.AutoTests" name="[1] /home/travis/build/icyphy/ptII/ptolemy/actor/lib/security/test/auto/KeyWriter.xml (RunModel)" time="0.267" />
  <testcase classname="ptolemy.util.test.junit.AutoTests" name="[2] /home/travis/build/icyphy/ptII/ptolemy/actor/lib/security/test/auto/Signature.xml (RunModel)" time="4.532" />
  <testcase classname="ptolemy.util.test.junit.AutoTests" name="[3] /home/travis/build/icyphy/ptII/ptolemy/actor/lib/security/test/auto/Symmetric.xml (RunModel)" time="1.347" />
  <system-out><![CDATA[/home/travis/build/icyphy/ptII/ptolemy/actor/lib/security/test/KeyReader.tcl
testDefs.tcl: setting time out to 9000 seconds at Sat Oct 12 05:59:50 UTC 2019
Creating keystore foo.keystore
Keystore Command: /usr/local/lib/jvm/openjdk11/bin/keytool -genkey -dname "CN=ClaudiusPtolemaus, OU=YourProject, O=YourUniversity, L=YourTown, ST=YourState, C=US" -keystore foo.keystore -storetype JCEKS -alias $aliasName -storepass "this.is.the.storeAndKeyPassword,change.it" -keypass "this.is.the.storeAndKeyPassword,change.it"
Keystore Command: /usr/local/lib/jvm/openjdk11/bin/keytool -selfcert -keystore foo.keystore -storetype JCEKS -alias $aliasName -storepass "this.is.the.storeAndKeyPassword,change.it" -keypass "this.is.the.storeAndKeyPassword,change.it"
Keystore Command: /usr/local/lib/jvm/openjdk11/bin/keytool -list -v -keystore foo.keystore -storetype JCEKS -alias $aliasName -storepass "this.is.the.storeAndKeyPassword,change.it" -keypass "this.is.the.storeAndKeyPassword,change.it"
Alias name: $aliasName
Creation date: Oct 12, 2019
Entry type: PrivateKeyEntry
Certificate chain length: 1
Certificate[1]:
Owner: CN=ClaudiusPtolemaus, OU=YourProject, O=YourUniversity, L=YourTown, ST=YourState, C=US
Issuer: CN=ClaudiusPtolemaus, OU=YourProject, O=YourUniversity, L=YourTown, ST=YourState, C=US
Serial number: 26131941
Valid from: Sat Oct 12 05:59:53 UTC 2019 until: Fri Jan 10 05:59:53 UTC 2020
Certificate fingerprints:
	 SHA1: FA:54:92:5D:D0:FB:90:E3:46:2D:69:37:B2:B4:25:AC:88:6A:2E:40
	 SHA256: 9C:5C:DA:6B:8A:9E:C8:CF:9A:D6:0A:0A:3B:36:A4:0F:37:5D:C7:E7:5F:57:50:F0:E6:7A:49:41:8E:10:61:65
Signature algorithm name: SHA256withDSA
Subject Public Key Algorithm: 2048-bit DSA key
Version: 3

Extensions: 

#1: ObjectId: 2.5.29.14 Criticality=false
SubjectKeyIdentifier [
KeyIdentifier [
0000: 79 21 FA D0 4A F4 1B F9   CF 61 92 7A 08 AD 6F 65  y!..J....a.z..oe
0010: 9C EC 88 3F                                        ...?
]
]

2750 ms. Memory: 120832K Free: 62918K (52%)
/home/travis/build/icyphy/ptII/ptolemy/actor/lib/security/test/KeyToken.tcl
Available Ciphers: PBEWITHHMACSHA384ANDAES_128 AES_256/GCM/NOPADDING AES_192/GCM/NOPADDING PBEWITHHMACSHA512ANDAES_128 AES_256/CBC/NOPADDING AES_256/ECB/NOPADDING CHACHA20 PBEWITHHMACSHA224ANDAES_256 AES_128/CBC/NOPADDING AESWRAP AESWRAP_192 PBEWITHMD5ANDDES AES_192/CBC/NOPADDING PBEWITHHMACSHA256ANDAES_256 PBEWITHHMACSHA1ANDAES_128 PBEWITHSHA1ANDRC4_128 AES_192/OFB/NOPADDING DESEDEWRAP AES_128/ECB/NOPADDING AESWRAP_256 RC2 AESWRAP_128 PBEWITHSHA1ANDRC4_40 RSA PBEWITHHMACSHA512ANDAES_256 CHACHA20-POLY1305 AES_192/CFB/NOPADDING AES_128/CFB/NOPADDING DESEDE AES_192/ECB/NOPADDING BLOWFISH ARCFOUR AES_256/CFB/NOPADDING AES AES_128/OFB/NOPADDING AES_128/GCM/NOPADDING PBEWITHHMACSHA256ANDAES_128 DES PBEWITHSHA1ANDDESEDE PBEWITHSHA1ANDRC2_40 PBEWITHSHA1ANDRC2_128 PBEWITHHMACSHA384ANDAES_256 AES_256/OFB/NOPADDING PBEWITHMD5ANDTRIPLEDES PBEWITHHMACSHA1ANDAES_256 PBEWITHHMACSHA224ANDAES_128
Using BLOWFISH
/home/travis/build/icyphy/ptII/ptolemy/actor/lib/security/test/info.tcl
10/12/19 05:59:54
Failed: 0  Total Tests: 15  ((Passed: 15, Newly Passed: 0)  Known Failed: 0) /home/travis/build/icyphy/ptII/ptolemy/actor/lib/security/test
No auto/knownFailedTests/*.xml tests in /home/travis/build/icyphy/ptII/ptolemy/actor/lib/security/test
No auto/linux-amd64/*.xml tests in /home/travis/build/icyphy/ptII/ptolemy/actor/lib/security/test
AutoTests.java: About to close Vertx.
AutoTests.java: Vertx closed.

===========================================================================================
----------------- testing Sat Oct 12 05:59:54 UTC 2019 /home/travis/build/icyphy/ptII/ptolemy/actor/lib/security/test/auto/KeyReader.xml
----------------- Instantiating /home/travis/build/icyphy/ptII/ptolemy/actor/lib/security/test/auto/KeyReader.xml
Creating keystore foo.keystore
Keystore Command: /usr/local/lib/jvm/openjdk11/bin/keytool -genkey -dname "CN=ClaudiusPtolemaus, OU=YourProject, O=YourUniversity, L=YourTown, ST=YourState, C=US" -keystore foo.keystore -storetype JCEKS -alias $aliasName -storepass "this.is.the.storeAndKeyPassword,change.it" -keypass "this.is.the.storeAndKeyPassword,change.it"
keytool error: java.lang.Exception: Key pair not generated, alias <$aliasName> already exists
Keystore Command: /usr/local/lib/jvm/openjdk11/bin/keytool -selfcert -keystore foo.keystore -storetype JCEKS -alias $aliasName -storepass "this.is.the.storeAndKeyPassword,change.it" -keypass "this.is.the.storeAndKeyPassword,change.it"
keytool error: java.lang.ClassCastException: class javax.crypto.spec.SecretKeySpec cannot be cast to class java.security.PrivateKey (javax.crypto.spec.SecretKeySpec and java.security.PrivateKey are in module java.base of loader 'bootstrap')
Keystore Command: /usr/local/lib/jvm/openjdk11/bin/keytool -list -v -keystore foo.keystore -storetype JCEKS -alias $aliasName -storepass "this.is.the.storeAndKeyPassword,change.it" -keypass "this.is.the.storeAndKeyPassword,change.it"
Alias name: $aliasName
Creation date: Oct 12, 2019
Entry type: SecretKeyEntry
2027 ms. Memory: 120832K Free: 85942K (71%)
----------------- Invoking toplevel() on ptolemy.moml.MoMLSimpleApplication@39b42413
----------------- Done invoking toplevel() on ptolemy.moml.MoMLSimpleApplication@39b42413
reloadAllAccessors: .KeyReader

===========================================================================================
----------------- testing Sat Oct 12 05:59:56 UTC 2019 /home/travis/build/icyphy/ptII/ptolemy/actor/lib/security/test/auto/KeyWriter.xml
----------------- Instantiating /home/travis/build/icyphy/ptII/ptolemy/actor/lib/security/test/auto/KeyWriter.xml
218 ms. Memory: 120832K Free: 105722K (87%)
----------------- Invoking toplevel() on ptolemy.moml.MoMLSimpleApplication@3b72b6d2
----------------- Done invoking toplevel() on ptolemy.moml.MoMLSimpleApplication@3b72b6d2
reloadAllAccessors: .KeyWriter

===========================================================================================
----------------- testing Sat Oct 12 05:59:57 UTC 2019 /home/travis/build/icyphy/ptII/ptolemy/actor/lib/security/test/auto/Signature.xml
----------------- Instantiating /home/travis/build/icyphy/ptII/ptolemy/actor/lib/security/test/auto/Signature.xml
Creating keystore /home/travis/build/icyphy/ptII/ptKeystore
Keystore Command: /usr/local/lib/jvm/openjdk11/bin/keytool -genkey -dname "CN=ClaudiusPtolemaus, OU=YourProject, O=YourUniversity, L=YourTown, ST=YourState, C=US" -keystore /home/travis/build/icyphy/ptII/ptKeystore -storetype pkcs12 -alias ptolemy -storepass "this.is.the.storeAndKeyPassword,change.it" -keypass "this.is.the.storeAndKeyPassword,change.it"
Keystore Command: /usr/local/lib/jvm/openjdk11/bin/keytool -selfcert -keystore /home/travis/build/icyphy/ptII/ptKeystore -storetype pkcs12 -alias ptolemy -storepass "this.is.the.storeAndKeyPassword,change.it" -keypass "this.is.the.storeAndKeyPassword,change.it"
Keystore Command: /usr/local/lib/jvm/openjdk11/bin/keytool -list -v -keystore /home/travis/build/icyphy/ptII/ptKeystore -storetype pkcs12 -alias ptolemy -storepass "this.is.the.storeAndKeyPassword,change.it" -keypass "this.is.the.storeAndKeyPassword,change.it"
Alias name: ptolemy
Creation date: Oct 12, 2019
Entry type: PrivateKeyEntry
Certificate chain length: 1
Certificate[1]:
Owner: CN=ClaudiusPtolemaus, OU=YourProject, O=YourUniversity, L=YourTown, ST=YourState, C=US
Issuer: CN=ClaudiusPtolemaus, OU=YourProject, O=YourUniversity, L=YourTown, ST=YourState, C=US
Serial number: 1edec5b4
Valid from: Sat Oct 12 05:59:59 UTC 2019 until: Fri Jan 10 05:59:59 UTC 2020
Certificate fingerprints:
	 SHA1: F1:92:54:A0:5C:8D:D6:5C:4E:AC:A4:65:2D:CE:11:95:C5:39:C9:94
	 SHA256: C2:E4:13:BC:A3:D3:3A:85:1B:E2:68:6B:F5:AE:4A:8A:7B:E9:F6:52:30:B1:CE:20:CF:5B:A4:59:7A:72:30:08
Signature algorithm name: SHA256withDSA
Subject Public Key Algorithm: 2048-bit DSA key
Version: 3

Extensions: 

#1: ObjectId: 2.5.29.14 Criticality=false
SubjectKeyIdentifier [
KeyIdentifier [
0000: 8F C7 A6 42 7F AD 89 9A   91 10 68 53 7D 30 4A 97  ...B......hS.0J.
0010: FC 6B D1 EC                                        .k..
]
]

4458 ms. Memory: 120832K Free: 57174K (47%)
----------------- Invoking toplevel() on ptolemy.moml.MoMLSimpleApplication@7bd291b3
----------------- Done invoking toplevel() on ptolemy.moml.MoMLSimpleApplication@7bd291b3
reloadAllAccessors: .Signature

===========================================================================================
----------------- testing Sat Oct 12 06:00:01 UTC 2019 /home/travis/build/icyphy/ptII/ptolemy/actor/lib/security/test/auto/Symmetric.xml
----------------- Instantiating /home/travis/build/icyphy/ptII/ptolemy/actor/lib/security/test/auto/Symmetric.xml
1293 ms. Memory: 120832K Free: 87884K (73%)
----------------- Invoking toplevel() on ptolemy.moml.MoMLSimpleApplication@37c7f4a3
----------------- Done invoking toplevel() on ptolemy.moml.MoMLSimpleApplication@37c7f4a3
reloadAllAccessors: .Symmetric
AutoTests.java: About to close Vertx.
AutoTests.java: Vertx closed.
]]></system-out>
  <system-err><![CDATA[
Warning:
The JCEKS keystore uses a proprietary format. It is recommended to migrate to PKCS12 which is an industry standard format using "keytool -importkeystore -srckeystore foo.keystore -destkeystore foo.keystore -deststoretype pkcs12".
]]></system-err>
</testsuite>
